<?xml version="1.0" encoding="UTF-8"?>
<testsuite name="de.uka.ilkd.key.proof.runallproofs.RunAllProofsFunctional" tests="34" skipped="0" failures="0" errors="0" timestamp="2023-05-23T13:20:02" hostname="fv-az400-830" time="5305.27">
  <properties/>
  <testcase name="newBook" classname="de.uka.ilkd.key.proof.runallproofs.RunAllProofsFunctional" time="62.62"/>
  <testcase name="oldBook" classname="de.uka.ilkd.key.proof.runallproofs.RunAllProofsFunctional" time="17.053"/>
  <testcase name="comprehensions" classname="de.uka.ilkd.key.proof.runallproofs.RunAllProofsFunctional" time="66.066"/>
  <testcase name="performance" classname="de.uka.ilkd.key.proof.runallproofs.RunAllProofsFunctional" time="221.076"/>
  <testcase name="performancePOConstruction" classname="de.uka.ilkd.key.proof.runallproofs.RunAllProofsFunctional" time="72.526"/>
  <testcase name="applicationRestrictions" classname="de.uka.ilkd.key.proof.runallproofs.RunAllProofsFunctional" time="49.992"/>
  <testcase name="blockContracts" classname="de.uka.ilkd.key.proof.runallproofs.RunAllProofsFunctional" time="137.105"/>
  <testcase name="jmlAsserts" classname="de.uka.ilkd.key.proof.runallproofs.RunAllProofsFunctional" time="92.705"/>
  <testcase name="javaCard" classname="de.uka.ilkd.key.proof.runallproofs.RunAllProofsFunctional" time="132.084"/>
  <testcase name="list" classname="de.uka.ilkd.key.proof.runallproofs.RunAllProofsFunctional" time="272.423"/>
  <testcase name="list_ghost" classname="de.uka.ilkd.key.proof.runallproofs.RunAllProofsFunctional" time="66.165"/>
  <testcase name="list_recursive" classname="de.uka.ilkd.key.proof.runallproofs.RunAllProofsFunctional" time="21.737"/>
  <testcase name="list_seq" classname="de.uka.ilkd.key.proof.runallproofs.RunAllProofsFunctional" time="182.928"/>
  <testcase name="observer" classname="de.uka.ilkd.key.proof.runallproofs.RunAllProofsFunctional" time="99.12"/>
  <testcase name="removeDups" classname="de.uka.ilkd.key.proof.runallproofs.RunAllProofsFunctional" time="148.377"/>
  <testcase name="quicksort" classname="de.uka.ilkd.key.proof.runallproofs.RunAllProofsFunctional" time="111.659"/>
  <testcase name="simpleTests" classname="de.uka.ilkd.key.proof.runallproofs.RunAllProofsFunctional" time="166.283"/>
  <testcase name="SmansEtAl" classname="de.uka.ilkd.key.proof.runallproofs.RunAllProofsFunctional" time="198.37"/>
  <testcase name="VACID0" classname="de.uka.ilkd.key.proof.runallproofs.RunAllProofsFunctional" time="79.606"/>
  <testcase name="VSTTE10" classname="de.uka.ilkd.key.proof.runallproofs.RunAllProofsFunctional" time="180.978"/>
  <testcase name="WeideEtAl" classname="de.uka.ilkd.key.proof.runallproofs.RunAllProofsFunctional" time="28.005"/>
  <testcase name="arithmetic" classname="de.uka.ilkd.key.proof.runallproofs.RunAllProofsFunctional" time="487.424"/>
  <testcase name="arrays" classname="de.uka.ilkd.key.proof.runallproofs.RunAllProofsFunctional" time="56.172"/>
  <testcase name="javadl" classname="de.uka.ilkd.key.proof.runallproofs.RunAllProofsFunctional" time="625.459"/>
  <testcase name="FOL" classname="de.uka.ilkd.key.proof.runallproofs.RunAllProofsFunctional" time="281.315"/>
  <testcase name="strings" classname="de.uka.ilkd.key.proof.runallproofs.RunAllProofsFunctional" time="146.768"/>
  <testcase name="simple_info_flow" classname="de.uka.ilkd.key.proof.runallproofs.RunAllProofsFunctional" time="13.445"/>
  <testcase name="modelMethods" classname="de.uka.ilkd.key.proof.runallproofs.RunAllProofsFunctional" time="179.436"/>
  <testcase name="permissionHeap" classname="de.uka.ilkd.key.proof.runallproofs.RunAllProofsFunctional" time="808.099"/>
  <testcase name="completionScopes" classname="de.uka.ilkd.key.proof.runallproofs.RunAllProofsFunctional" time="48.439"/>
  <testcase name="reload_examples" classname="de.uka.ilkd.key.proof.runallproofs.RunAllProofsFunctional" time="44.179"/>
  <testcase name="proofLoadRepair" classname="de.uka.ilkd.key.proof.runallproofs.RunAllProofsFunctional" time="17.975"/>
  <testcase name="switch" classname="de.uka.ilkd.key.proof.runallproofs.RunAllProofsFunctional" time="60.514"/>
  <testcase name="redux" classname="de.uka.ilkd.key.proof.runallproofs.RunAllProofsFunctional" time="129.163"/>
  <system-out><![CDATA[199        INFO  Test worker     d.u.i.k.p.r.RunAllProofsTestUnit Running test newBook 
352        INFO  Timeout watchdog d.u.i.k.p.r.p.ForkedTestFileRunner Timeout watcher launched (2000 secs.) 
355        WARN  main            d.u.i.k.s.ProofSettings   No proof-settings could be loaded, using defaults java.io.FileNotFoundException: /home/runner/.key/proof-settings.props (No such file or directory)
	at java.base/java.io.FileInputStream.open0(Native Method)

394        INFO  main            d.u.i.k.p.r.p.TestFile    Now processing file /home/runner/work/key/key/key.core/../key.ui/examples/newBook/09.list_modelfield/ArrayList.add.key 
526        INFO  main            d.u.i.k.p.i.AbstractProblemLoader Loading environment from /home/runner/work/key/key/key.core/../key.ui/examples/newBook/09.list_modelfield/ArrayList.add.key 
542        DEBUG main            d.u.i.k.p.i.AbstractProblemLoader Environment load took 2.09ms 
757        INFO  main            d.u.i.k.p.i.AbstractProblemLoader Creating init config 
1705       DEBUG main            d.u.i.k.j.TypeConverter   No LDT found for Meta 
1705       DEBUG main            d.u.i.k.j.TypeConverter   No LDT found for Meta 
1708       DEBUG main            d.u.i.k.j.TypeConverter   No LDT found for Meta 
1709       DEBUG main            d.u.i.k.j.TypeConverter   No LDT found for Meta 
2976       DEBUG main            d.u.i.k.j.TypeConverter   No LDT found for JavaBigintExpression 
8218       DEBUG main            d.u.i.k.p.i.AbstractProblemLoader Init config took 7.46s 
8395       INFO  main            d.u.i.k.p.i.AbstractProblemLoader Replaying proof ArrayList[List::add(int)].JML normal_behavior operation contract.0 
8438       DEBUG main            d.u.i.k.p.i.IntermediateProofReplayer Proof replay took 30ns 
26771      INFO  main            d.u.i.k.p.r.p.TestFile    ... finished proof: closed. 
27041      INFO  main            d.u.i.k.p.i.AbstractProblemLoader Loading environment from /home/runner/work/key/key/key.core/../key.ui/examples/newBook/09.list_modelfield/ArrayList.add.key.proof 
27041      DEBUG main            d.u.i.k.p.i.AbstractProblemLoader Environment load took 146.8ns 
27051      INFO  main            d.u.i.k.p.i.AbstractProblemLoader Creating init config 
29983      DEBUG main            d.u.i.k.p.i.AbstractProblemLoader Init config took 2.93s 
30046      INFO  main            d.u.i.k.p.i.AbstractProblemLoader Replaying proof ArrayList[List::add(int)].JML normal_behavior operation contract.0 
31432      DEBUG main            d.u.i.k.p.i.IntermediateProofReplayer Proof replay took 1.31s 
31444      DEBUG main            d.u.i.k.p.r.p.TestFile    ... success: reloaded. 
31445      INFO  main            d.u.i.k.p.r.p.TestFile    Now processing file /home/runner/work/key/key/key.core/../key.ui/examples/newBook/09.list_modelfield/ArrayList.remFirst.key 
31445      INFO  main            d.u.i.k.p.i.AbstractProblemLoader Loading environment from /home/runner/work/key/key/key.core/../key.ui/examples/newBook/09.list_modelfield/ArrayList.remFirst.key 
31446      DEBUG main            d.u.i.k.p.i.AbstractProblemLoader Environment load took 296.6ns 
31448      INFO  main            d.u.i.k.p.i.AbstractProblemLoader Creating init config 
34374      DEBUG main            d.u.i.k.p.i.AbstractProblemLoader Init config took 2.93s 
34432      INFO  main            d.u.i.k.p.i.AbstractProblemLoader Replaying proof ArrayList[List::remFirst()].JML normal_behavior operation contract.0 
34434      DEBUG main            d.u.i.k.p.i.IntermediateProofReplayer Proof replay took 12.5ns 
38746      INFO  main            d.u.i.k.p.r.p.TestFile    ... finished proof: closed. 
38969      INFO  main            d.u.i.k.p.i.AbstractProblemLoader Loading environment from /home/runner/work/key/key/key.core/../key.ui/examples/newBook/09.list_modelfield/ArrayList.remFirst.key.proof 
38969      DEBUG main            d.u.i.k.p.i.AbstractProblemLoader Environment load took 137ns 
38971      INFO  main            d.u.i.k.p.i.AbstractProblemLoader Creating init config 
41710      DEBUG main            d.u.i.k.p.i.AbstractProblemLoader Init config took 2.74s 
41763      INFO  main            d.u.i.k.p.i.AbstractProblemLoader Replaying proof ArrayList[List::remFirst()].JML normal_behavior operation contract.0 
42379      DEBUG main            d.u.i.k.p.i.IntermediateProofReplayer Proof replay took 597.09ms 
42381      DEBUG main            d.u.i.k.p.r.p.TestFile    ... success: reloaded. 
42383      INFO  main            d.u.i.k.p.r.p.TestFile    Now processing file /home/runner/work/key/key/key.core/../key.ui/examples/newBook/09.list_modelfield/ArrayList.empty.key 
42383      INFO  main            d.u.i.k.p.i.AbstractProblemLoader Loading environment from /home/runner/work/key/key/key.core/../key.ui/examples/newBook/09.list_modelfield/ArrayList.empty.key 
42384      DEBUG main            d.u.i.k.p.i.AbstractProblemLoader Environment load took 431.61ns 
42385      INFO  main            d.u.i.k.p.i.AbstractProblemLoader Creating init config 
45187      DEBUG main            d.u.i.k.p.i.AbstractProblemLoader Init config took 2.8s 
45236      INFO  main            d.u.i.k.p.i.AbstractProblemLoader Replaying proof ArrayList[List::empty()].JML normal_behavior operation contract.0 
45238      DEBUG main            d.u.i.k.p.i.IntermediateProofReplayer Proof replay took 5.3ns 
46244      INFO  main            d.u.i.k.p.r.p.TestFile    ... finished proof: closed. 
46404      INFO  main            d.u.i.k.p.i.AbstractProblemLoader Loading environment from /home/runner/work/key/key/key.core/../key.ui/examples/newBook/09.list_modelfield/ArrayList.empty.key.proof 
46407      DEBUG main            d.u.i.k.p.i.AbstractProblemLoader Environment load took 3.29ms 
46409      INFO  main            d.u.i.k.p.i.AbstractProblemLoader Creating init config 
49089      DEBUG main            d.u.i.k.p.i.AbstractProblemLoader Init config took 2.68s 
49139      INFO  main            d.u.i.k.p.i.AbstractProblemLoader Replaying proof ArrayList[List::empty()].JML normal_behavior operation contract.0 
49269      DEBUG main            d.u.i.k.p.i.IntermediateProofReplayer Proof replay took 123.76ms 
49271      DEBUG main            d.u.i.k.p.r.p.TestFile    ... success: reloaded. 
49272      INFO  main            d.u.i.k.p.r.p.TestFile    Now processing file /home/runner/work/key/key/key.core/../key.ui/examples/newBook/09.list_modelfield/ArrayList.size.key 
49273      INFO  main            d.u.i.k.p.i.AbstractProblemLoader Loading environment from /home/runner/work/key/key/key.core/../key.ui/examples/newBook/09.list_modelfield/ArrayList.size.key 
49274      DEBUG main            d.u.i.k.p.i.AbstractProblemLoader Environment load took 507.21ns 
49275      INFO  main            d.u.i.k.p.i.AbstractProblemLoader Creating init config 
52008      DEBUG main            d.u.i.k.p.i.AbstractProblemLoader Init config took 2.73s 
52056      INFO  main            d.u.i.k.p.i.AbstractProblemLoader Replaying proof ArrayList[List::size()].JML normal_behavior operation contract.0 
52057      DEBUG main            d.u.i.k.p.i.IntermediateProofReplayer Proof replay took 5.1ns 
52562      INFO  main            d.u.i.k.p.r.p.TestFile    ... finished proof: closed. 
52706      INFO  main            d.u.i.k.p.i.AbstractProblemLoader Loading environment from /home/runner/work/key/key/key.core/../key.ui/examples/newBook/09.list_modelfield/ArrayList.size.key.proof 
52707      DEBUG main            d.u.i.k.p.i.AbstractProblemLoader Environment load took 645.61ns 
52708      INFO  main            d.u.i.k.p.i.AbstractProblemLoader Creating init config 
55427      DEBUG main            d.u.i.k.p.i.AbstractProblemLoader Init config took 2.72s 
55474      INFO  main            d.u.i.k.p.i.AbstractProblemLoader Replaying proof ArrayList[List::size()].JML normal_behavior operation contract.0 
55531      DEBUG main            d.u.i.k.p.i.IntermediateProofReplayer Proof replay took 52.63ms 
55532      DEBUG main            d.u.i.k.p.r.p.TestFile    ... success: reloaded. 
55534      INFO  main            d.u.i.k.p.r.p.TestFile    Now processing file /home/runner/work/key/key/key.core/../key.ui/examples/newBook/09.list_modelfield/ArrayList.get.key 
55534      INFO  main            d.u.i.k.p.i.AbstractProblemLoader Loading environment from /home/runner/work/key/key/key.core/../key.ui/examples/newBook/09.list_modelfield/ArrayList.get.key 
55535      DEBUG main            d.u.i.k.p.i.AbstractProblemLoader Environment load took 711.21ns 
55536      INFO  main            d.u.i.k.p.i.AbstractProblemLoader Creating init config 
58362      DEBUG main            d.u.i.k.p.i.AbstractProblemLoader Init config took 2.83s 
58408      INFO  main            d.u.i.k.p.i.AbstractProblemLoader Replaying proof ArrayList[List::get(int)].JML normal_behavior operation contract.0 
58410      DEBUG main            d.u.i.k.p.i.IntermediateProofReplayer Proof replay took 5.6ns 
59415      INFO  main            d.u.i.k.p.r.p.TestFile    ... finished proof: closed. 
59586      INFO  main            d.u.i.k.p.i.AbstractProblemLoader Loading environment from /home/runner/work/key/key/key.core/../key.ui/examples/newBook/09.list_modelfield/ArrayList.get.key.proof 
59589      DEBUG main            d.u.i.k.p.i.AbstractProblemLoader Environment load took 2.68ms 
59590      INFO  main            d.u.i.k.p.i.AbstractProblemLoader Creating init config 
62257      DEBUG main            d.u.i.k.p.i.AbstractProblemLoader Init config took 2.67s 
62303      INFO  main            d.u.i.k.p.i.AbstractProblemLoader Replaying proof ArrayList[List::get(int)].JML normal_behavior operation contract.0 
62409      DEBUG main            d.u.i.k.p.i.IntermediateProofReplayer Proof replay took 100.86ms 
62410      DEBUG main            d.u.i.k.p.r.p.TestFile    ... success: reloaded. 
62812      INFO  Test worker     d.u.i.k.p.r.RunAllProofsTestUnit Returning from test newBook 
62817      INFO  Test worker     d.u.i.k.p.r.RunAllProofsTestUnit Running test oldBook 
321        INFO  Timeout watchdog d.u.i.k.p.r.p.ForkedTestFileRunner Timeout watcher launched (2000 secs.) 
341        WARN  main            d.u.i.k.s.ProofSettings   The settings in /home/runner/.key/proof-settings.props are *not* read. 
386        INFO  main            d.u.i.k.p.r.p.TestFile    Now processing file /home/runner/work/key/key/key.core/../key.ui/examples/standard_key/BookExamples/02FirstOrderLogic/Ex2.58.key 
523        INFO  main            d.u.i.k.p.i.AbstractProblemLoader Loading environment from /home/runner/work/key/key/key.core/../key.ui/examples/standard_key/BookExamples/02FirstOrderLogic/Ex2.58.key 
546        DEBUG main            d.u.i.k.p.i.AbstractProblemLoader Environment load took 1.94ms 
803        INFO  main            d.u.i.k.p.i.AbstractProblemLoader Creating init config 
1833       DEBUG main            d.u.i.k.j.TypeConverter   No LDT found for Meta 
1834       DEBUG main            d.u.i.k.j.TypeConverter   No LDT found for Meta 
1837       DEBUG main            d.u.i.k.j.TypeConverter   No LDT found for Meta 
1837       DEBUG main            d.u.i.k.j.TypeConverter   No LDT found for Meta 
3397       DEBUG main            d.u.i.k.j.TypeConverter   No LDT found for JavaBigintExpression 
8062       DEBUG main            d.u.i.k.p.i.AbstractProblemLoader Init config took 7.26s 
8124       INFO  main            d.u.i.k.p.i.AbstractProblemLoader Replaying proof Ex2.58.key 
8157       DEBUG main            d.u.i.k.p.i.IntermediateProofReplayer Proof replay took 32.4ns 
8337       INFO  main            d.u.i.k.p.r.p.TestFile    ... finished proof: closed. 
8435       INFO  main            d.u.i.k.p.i.AbstractProblemLoader Loading environment from /home/runner/work/key/key/key.core/../key.ui/examples/standard_key/BookExamples/02FirstOrderLogic/Ex2.58.key.proof 
8435       DEBUG main            d.u.i.k.p.i.AbstractProblemLoader Environment load took 146.4ns 
8441       INFO  main            d.u.i.k.p.i.AbstractProblemLoader Creating init config 
11043      DEBUG main            d.u.i.k.p.i.AbstractProblemLoader Init config took 2.6s 
11089      INFO  main            d.u.i.k.p.i.AbstractProblemLoader Replaying proof Ex2.58.key.proof 
11097      DEBUG main            d.u.i.k.p.i.IntermediateProofReplayer Proof replay took 3.4ms 
11108      DEBUG main            d.u.i.k.p.r.p.TestFile    ... success: reloaded. 
11109      INFO  main            d.u.i.k.p.r.p.TestFile    Now processing file /home/runner/work/key/key/key.core/../key.ui/examples/standard_key/BookExamples/03DynamicLogic/Sect3.3.1.key 
11110      INFO  main            d.u.i.k.p.i.AbstractProblemLoader Loading environment from /home/runner/work/key/key/key.core/../key.ui/examples/standard_key/BookExamples/03DynamicLogic/Sect3.3.1.key 
11110      DEBUG main            d.u.i.k.p.i.AbstractProblemLoader Environment load took 407.1ns 
11112      INFO  main            d.u.i.k.p.i.AbstractProblemLoader Creating init config 
13608      DEBUG main            d.u.i.k.p.i.AbstractProblemLoader Init config took 2.5s 
13640      INFO  main            d.u.i.k.p.i.AbstractProblemLoader Replaying proof Sect3.3.1.key 
13644      DEBUG main            d.u.i.k.p.i.IntermediateProofReplayer Proof replay took 6.3ns 
14055      INFO  main            d.u.i.k.p.r.p.TestFile    ... finished proof: closed. 
14188      INFO  main            d.u.i.k.p.i.AbstractProblemLoader Loading environment from /home/runner/work/key/key/key.core/../key.ui/examples/standard_key/BookExamples/03DynamicLogic/Sect3.3.1.key.proof 
14188      DEBUG main            d.u.i.k.p.i.AbstractProblemLoader Environment load took 134.4ns 
14193      INFO  main            d.u.i.k.p.i.AbstractProblemLoader Creating init config 
16725      DEBUG main            d.u.i.k.p.i.AbstractProblemLoader Init config took 2.53s 
16766      INFO  main            d.u.i.k.p.i.AbstractProblemLoader Replaying proof Sect3.3.1.key.proof 
16878      DEBUG main            d.u.i.k.p.i.IntermediateProofReplayer Proof replay took 102.02ms 
16880      DEBUG main            d.u.i.k.p.r.p.TestFile    ... success: reloaded. 
79870      INFO  Test worker     d.u.i.k.p.r.RunAllProofsTestUnit Returning from test oldBook 
79871      INFO  Test worker     d.u.i.k.p.r.RunAllProofsTestUnit Running test comprehensions 
321        INFO  Timeout watchdog d.u.i.k.p.r.p.ForkedTestFileRunner Timeout watcher launched (2000 secs.) 
326        WARN  main            d.u.i.k.s.ProofSettings   The settings in /home/runner/.key/proof-settings.props are *not* read. 
353        INFO  main            d.u.i.k.p.r.p.TestFile    Now processing file /home/runner/work/key/key/key.core/../key.ui/examples/heap/comprehensions/general_sum.key 
461        INFO  main            d.u.i.k.p.i.AbstractProblemLoader Loading environment from /home/runner/work/key/key/key.core/../key.ui/examples/heap/comprehensions/general_sum.key 
483        DEBUG main            d.u.i.k.p.i.AbstractProblemLoader Environment load took 1.87ms 
706        INFO  main            d.u.i.k.p.i.AbstractProblemLoader Creating init config 
1624       DEBUG main            d.u.i.k.j.TypeConverter   No LDT found for Meta 
1625       DEBUG main            d.u.i.k.j.TypeConverter   No LDT found for Meta 
1630       DEBUG main            d.u.i.k.j.TypeConverter   No LDT found for Meta 
1630       DEBUG main            d.u.i.k.j.TypeConverter   No LDT found for Meta 
3058       DEBUG main            d.u.i.k.j.TypeConverter   No LDT found for JavaBigintExpression 
8034       DEBUG main            d.u.i.k.p.i.AbstractProblemLoader Init config took 7.33s 
8163       INFO  main            d.u.i.k.p.i.AbstractProblemLoader Replaying proof GSum[GSum::doNothing()].JML operation contract.0 
8196       DEBUG main            d.u.i.k.p.i.IntermediateProofReplayer Proof replay took 37.6ns 
8622       INFO  main            d.u.i.k.p.r.p.TestFile    ... finished proof: closed. 
8719       INFO  main            d.u.i.k.p.i.AbstractProblemLoader Loading environment from /home/runner/work/key/key/key.core/../key.ui/examples/heap/comprehensions/general_sum.key.proof 
8722       DEBUG main            d.u.i.k.p.i.AbstractProblemLoader Environment load took 3.17ms 
8725       INFO  main            d.u.i.k.p.i.AbstractProblemLoader Creating init config 
11558      DEBUG main            d.u.i.k.p.i.AbstractProblemLoader Init config took 2.83s 
11631      INFO  main            d.u.i.k.p.i.AbstractProblemLoader Replaying proof GSum[GSum::doNothing()].JML operation contract.0 
11652      DEBUG main            d.u.i.k.p.i.IntermediateProofReplayer Proof replay took 15.73ms 
11658      DEBUG main            d.u.i.k.p.r.p.TestFile    ... success: reloaded. 
11659      INFO  main            d.u.i.k.p.r.p.TestFile    Now processing file /home/runner/work/key/key/key.core/../key.ui/examples/heap/comprehensions/sum0.key 
11660      INFO  main            d.u.i.k.p.i.AbstractProblemLoader Loading environment from /home/runner/work/key/key/key.core/../key.ui/examples/heap/comprehensions/sum0.key 
11660      DEBUG main            d.u.i.k.p.i.AbstractProblemLoader Environment load took 347.7ns 
11662      INFO  main            d.u.i.k.p.i.AbstractProblemLoader Creating init config 
14467      DEBUG main            d.u.i.k.p.i.AbstractProblemLoader Init config took 2.81s 
14526      INFO  main            d.u.i.k.p.i.AbstractProblemLoader Replaying proof Sum[Sum::sum0([I)].JML normal_behavior operation contract.0 
14529      DEBUG main            d.u.i.k.p.i.IntermediateProofReplayer Proof replay took 5.9ns 
14627      DEBUG Thread-4        d.u.i.k.l.l.OriginTermLabel commonFileName is null! 
14627      DEBUG Thread-4        d.u.i.k.l.l.OriginTermLabel commonFileName is null! 
14797      DEBUG Thread-4        d.u.i.k.l.l.OriginTermLabel commonFileName is null! 
14798      DEBUG Thread-4        d.u.i.k.l.l.OriginTermLabel commonFileName is null! 
14988      DEBUG Thread-4        d.u.i.k.l.l.OriginTermLabel commonFileName is null! 
15240      INFO  main            d.u.i.k.p.r.p.TestFile    ... finished proof: closed. 
15388      INFO  main            d.u.i.k.p.i.AbstractProblemLoader Loading environment from /home/runner/work/key/key/key.core/../key.ui/examples/heap/comprehensions/sum0.key.proof 
15389      DEBUG main            d.u.i.k.p.i.AbstractProblemLoader Environment load took 141.7ns 
15390      INFO  main            d.u.i.k.p.i.AbstractProblemLoader Creating init config 
18065      DEBUG main            d.u.i.k.p.i.AbstractProblemLoader Init config took 2.68s 
18116      INFO  main            d.u.i.k.p.i.AbstractProblemLoader Replaying proof Sum[Sum::sum0([I)].JML normal_behavior operation contract.0 
18164      DEBUG main            d.u.i.k.l.l.OriginTermLabel commonFileName is null! 
18165      DEBUG main            d.u.i.k.l.l.OriginTermLabel commonFileName is null! 
18236      DEBUG main            d.u.i.k.l.l.OriginTermLabel commonFileName is null! 
18284      DEBUG main            d.u.i.k.l.l.OriginTermLabel commonFileName is null! 
18285      DEBUG main            d.u.i.k.l.l.OriginTermLabel commonFileName is null! 
18288      DEBUG main            d.u.i.k.p.i.IntermediateProofReplayer Proof replay took 160.59ms 
18290      DEBUG main            d.u.i.k.p.r.p.TestFile    ... success: reloaded. 
18291      INFO  main            d.u.i.k.p.r.p.TestFile    Now processing file /home/runner/work/key/key/key.core/../key.ui/examples/heap/comprehensions/sum1.key 
18292      INFO  main            d.u.i.k.p.i.AbstractProblemLoader Loading environment from /home/runner/work/key/key/key.core/../key.ui/examples/heap/comprehensions/sum1.key 
18292      DEBUG main            d.u.i.k.p.i.AbstractProblemLoader Environment load took 478.31ns 
18294      INFO  main            d.u.i.k.p.i.AbstractProblemLoader Creating init config 
21050      DEBUG main            d.u.i.k.p.i.AbstractProblemLoader Init config took 2.76s 
21096      INFO  main            d.u.i.k.p.i.AbstractProblemLoader Replaying proof Sum[Sum::sum1([I)].JML normal_behavior operation contract.0 
21098      DEBUG main            d.u.i.k.p.i.IntermediateProofReplayer Proof replay took 5.7ns 
21176      DEBUG Thread-7        d.u.i.k.l.l.OriginTermLabel commonFileName is null! 
21176      DEBUG Thread-7        d.u.i.k.l.l.OriginTermLabel commonFileName is null! 
21314      DEBUG Thread-7        d.u.i.k.l.l.OriginTermLabel commonFileName is null! 
21315      DEBUG Thread-7        d.u.i.k.l.l.OriginTermLabel commonFileName is null! 
21432      DEBUG Thread-7        d.u.i.k.l.l.OriginTermLabel commonFileName is null! 
21605      INFO  main            d.u.i.k.p.r.p.TestFile    ... finished proof: closed. 
21747      INFO  main            d.u.i.k.p.i.AbstractProblemLoader Loading environment from /home/runner/work/key/key/key.core/../key.ui/examples/heap/comprehensions/sum1.key.proof 
21749      DEBUG main            d.u.i.k.p.i.AbstractProblemLoader Environment load took 1.1ms 
21750      INFO  main            d.u.i.k.p.i.AbstractProblemLoader Creating init config 
24340      DEBUG main            d.u.i.k.p.i.AbstractProblemLoader Init config took 2.59s 
24401      INFO  main            d.u.i.k.p.i.AbstractProblemLoader Replaying proof Sum[Sum::sum1([I)].JML normal_behavior operation contract.0 
24430      DEBUG main            d.u.i.k.l.l.OriginTermLabel commonFileName is null! 
24430      DEBUG main            d.u.i.k.l.l.OriginTermLabel commonFileName is null! 
24478      DEBUG main            d.u.i.k.l.l.OriginTermLabel commonFileName is null! 
24513      DEBUG main            d.u.i.k.l.l.OriginTermLabel commonFileName is null! 
24513      DEBUG main            d.u.i.k.l.l.OriginTermLabel commonFileName is null! 
24515      DEBUG main            d.u.i.k.p.i.IntermediateProofReplayer Proof replay took 110.44ms 
24516      DEBUG main            d.u.i.k.p.r.p.TestFile    ... success: reloaded. 
24517      INFO  main            d.u.i.k.p.r.p.TestFile    Now processing file /home/runner/work/key/key/key.core/../key.ui/examples/heap/comprehensions/sum2.key 
24517      INFO  main            d.u.i.k.p.i.AbstractProblemLoader Loading environment from /home/runner/work/key/key/key.core/../key.ui/examples/heap/comprehensions/sum2.key 
24517      DEBUG main            d.u.i.k.p.i.AbstractProblemLoader Environment load took 66.2ns 
24519      INFO  main            d.u.i.k.p.i.AbstractProblemLoader Creating init config 
27149      DEBUG main            d.u.i.k.p.i.AbstractProblemLoader Init config took 2.63s 
27214      INFO  main            d.u.i.k.p.i.AbstractProblemLoader Replaying proof Sum[Sum::sum2([I)].JML normal_behavior operation contract.0 
27215      DEBUG main            d.u.i.k.p.i.IntermediateProofReplayer Proof replay took 6.8ns 
27260      DEBUG Thread-10       d.u.i.k.l.l.OriginTermLabel commonFileName is null! 
27260      DEBUG Thread-10       d.u.i.k.l.l.OriginTermLabel commonFileName is null! 
27373      DEBUG Thread-10       d.u.i.k.l.l.OriginTermLabel commonFileName is null! 
27373      DEBUG Thread-10       d.u.i.k.l.l.OriginTermLabel commonFileName is null! 
27453      DEBUG Thread-10       d.u.i.k.l.l.OriginTermLabel commonFileName is null! 
27619      INFO  main            d.u.i.k.p.r.p.TestFile    ... finished proof: closed. 
27774      INFO  main            d.u.i.k.p.i.AbstractProblemLoader Loading environment from /home/runner/work/key/key/key.core/../key.ui/examples/heap/comprehensions/sum2.key.proof 
27775      DEBUG main            d.u.i.k.p.i.AbstractProblemLoader Environment load took 1.07ms 
27777      INFO  main            d.u.i.k.p.i.AbstractProblemLoader Creating init config 
30348      DEBUG main            d.u.i.k.p.i.AbstractProblemLoader Init config took 2.57s 
30391      INFO  main            d.u.i.k.p.i.AbstractProblemLoader Replaying proof Sum[Sum::sum2([I)].JML normal_behavior operation contract.0 
30415      DEBUG main            d.u.i.k.l.l.OriginTermLabel commonFileName is null! 
30415      DEBUG main            d.u.i.k.l.l.OriginTermLabel commonFileName is null! 
30450      DEBUG main            d.u.i.k.l.l.OriginTermLabel commonFileName is null! 
30476      DEBUG main            d.u.i.k.l.l.OriginTermLabel commonFileName is null! 
30477      DEBUG main            d.u.i.k.l.l.OriginTermLabel commonFileName is null! 
30479      DEBUG main            d.u.i.k.p.i.IntermediateProofReplayer Proof replay took 84.42ms 
30480      DEBUG main            d.u.i.k.p.r.p.TestFile    ... success: reloaded. 
30481      INFO  main            d.u.i.k.p.r.p.TestFile    Now processing file /home/runner/work/key/key/key.core/../key.ui/examples/heap/comprehensions/sum3.key 
30482      INFO  main            d.u.i.k.p.i.AbstractProblemLoader Loading environment from /home/runner/work/key/key/key.core/../key.ui/examples/heap/comprehensions/sum3.key 
30482      DEBUG main            d.u.i.k.p.i.AbstractProblemLoader Environment load took 353ns 
30484      INFO  main            d.u.i.k.p.i.AbstractProblemLoader Creating init config 
33113      DEBUG main            d.u.i.k.p.i.AbstractProblemLoader Init config took 2.63s 
33156      INFO  main            d.u.i.k.p.i.AbstractProblemLoader Replaying proof Sum[Sum::sum3([I)].JML normal_behavior operation contract.0 
33157      DEBUG main            d.u.i.k.p.i.IntermediateProofReplayer Proof replay took 6.4ns 
33217      DEBUG Thread-13       d.u.i.k.l.l.OriginTermLabel commonFileName is null! 
33217      DEBUG Thread-13       d.u.i.k.l.l.OriginTermLabel commonFileName is null! 
33379      DEBUG Thread-13       d.u.i.k.l.l.OriginTermLabel commonFileName is null! 
33379      DEBUG Thread-13       d.u.i.k.l.l.OriginTermLabel commonFileName is null! 
33497      DEBUG Thread-13       d.u.i.k.l.l.OriginTermLabel commonFileName is null! 
33662      INFO  main            d.u.i.k.p.r.p.TestFile    ... finished proof: closed. 
33814      INFO  main            d.u.i.k.p.i.AbstractProblemLoader Loading environment from /home/runner/work/key/key/key.core/../key.ui/examples/heap/comprehensions/sum3.key.proof 
33814      DEBUG main            d.u.i.k.p.i.AbstractProblemLoader Environment load took 125.5ns 
33815      INFO  main            d.u.i.k.p.i.AbstractProblemLoader Creating init config 
36418      DEBUG main            d.u.i.k.p.i.AbstractProblemLoader Init config took 2.6s 
36461      INFO  main            d.u.i.k.p.i.AbstractProblemLoader Replaying proof Sum[Sum::sum3([I)].JML normal_behavior operation contract.0 
36489      DEBUG main            d.u.i.k.l.l.OriginTermLabel commonFileName is null! 
36491      DEBUG main            d.u.i.k.l.l.OriginTermLabel commonFileName is null! 
36546      DEBUG main            d.u.i.k.l.l.OriginTermLabel commonFileName is null! 
36573      DEBUG main            d.u.i.k.l.l.OriginTermLabel commonFileName is null! 
36575      DEBUG main            d.u.i.k.l.l.OriginTermLabel commonFileName is null! 
36579      DEBUG main            d.u.i.k.p.i.IntermediateProofReplayer Proof replay took 113.09ms 
36581      DEBUG main            d.u.i.k.p.r.p.TestFile    ... success: reloaded. 
36583      INFO  main            d.u.i.k.p.r.p.TestFile    Now processing file /home/runner/work/key/key/key.core/../key.ui/examples/heap/comprehensions/segsum.key 
36584      INFO  main            d.u.i.k.p.i.AbstractProblemLoader Loading environment from /home/runner/work/key/key/key.core/../key.ui/examples/heap/comprehensions/segsum.key 
36584      DEBUG main            d.u.i.k.p.i.AbstractProblemLoader Environment load took 938.81ns 
36587      INFO  main            d.u.i.k.p.i.AbstractProblemLoader Creating init config 
39211      DEBUG main            d.u.i.k.p.i.AbstractProblemLoader Init config took 2.62s 
39253      INFO  main            d.u.i.k.p.i.AbstractProblemLoader Replaying proof SegSum[SegSum::segSum([I,int,int)].JML normal_behavior operation contract.0 
39255      DEBUG main            d.u.i.k.p.i.IntermediateProofReplayer Proof replay took 7.5ns 
39760      INFO  main            d.u.i.k.p.r.p.TestFile    ... finished proof: closed. 
39951      INFO  main            d.u.i.k.p.i.AbstractProblemLoader Loading environment from /home/runner/work/key/key/key.core/../key.ui/examples/heap/comprehensions/segsum.key.proof 
39952      DEBUG main            d.u.i.k.p.i.AbstractProblemLoader Environment load took 755.71ns 
39953      INFO  main            d.u.i.k.p.i.AbstractProblemLoader Creating init config 
42498      DEBUG main            d.u.i.k.p.i.AbstractProblemLoader Init config took 2.54s 
42538      INFO  main            d.u.i.k.p.i.AbstractProblemLoader Replaying proof SegSum[SegSum::segSum([I,int,int)].JML normal_behavior operation contract.0 
42646      DEBUG main            d.u.i.k.p.i.IntermediateProofReplayer Proof replay took 103.96ms 
42647      DEBUG main            d.u.i.k.p.r.p.TestFile    ... success: reloaded. 
42648      INFO  main            d.u.i.k.p.r.p.TestFile    Now processing file /home/runner/work/key/key/key.core/../key.ui/examples/heap/comprehensions/bsum_negative.key 
42648      INFO  main            d.u.i.k.p.i.AbstractProblemLoader Loading environment from /home/runner/work/key/key/key.core/../key.ui/examples/heap/comprehensions/bsum_negative.key 
42648      DEBUG main            d.u.i.k.p.i.AbstractProblemLoader Environment load took 74.7ns 
42650      INFO  main            d.u.i.k.p.i.AbstractProblemLoader Creating init config 
45095      DEBUG main            d.u.i.k.p.i.AbstractProblemLoader Init config took 2.45s 
45112      INFO  main            d.u.i.k.p.i.AbstractProblemLoader Replaying proof bsum_negative.key 
45113      DEBUG main            d.u.i.k.p.i.IntermediateProofReplayer Proof replay took 6.9ns 
45219      INFO  main            d.u.i.k.p.r.p.TestFile    ... finished proof: closed. 
45407      INFO  main            d.u.i.k.p.i.AbstractProblemLoader Loading environment from /home/runner/work/key/key/key.core/../key.ui/examples/heap/comprehensions/bsum_negative.key.proof 
45408      DEBUG main            d.u.i.k.p.i.AbstractProblemLoader Environment load took 125.1ns 
45409      INFO  main            d.u.i.k.p.i.AbstractProblemLoader Creating init config 
47784      DEBUG main            d.u.i.k.p.i.AbstractProblemLoader Init config took 2.38s 
47800      INFO  main            d.u.i.k.p.i.AbstractProblemLoader Replaying proof bsum_negative.key.proof 
47804      DEBUG main            d.u.i.k.p.i.IntermediateProofReplayer Proof replay took 1.5ms 
47805      DEBUG main            d.u.i.k.p.r.p.TestFile    ... success: reloaded. 
47806      INFO  main            d.u.i.k.p.r.p.TestFile    Now processing file /home/runner/work/key/key/key.core/../key.ui/examples/heap/comprehensions/bsum_neg2.key 
47806      INFO  main            d.u.i.k.p.i.AbstractProblemLoader Loading environment from /home/runner/work/key/key/key.core/../key.ui/examples/heap/comprehensions/bsum_neg2.key 
47807      DEBUG main            d.u.i.k.p.i.AbstractProblemLoader Environment load took 302.1ns 
47808      INFO  main            d.u.i.k.p.i.AbstractProblemLoader Creating init config 
50225      DEBUG main            d.u.i.k.p.i.AbstractProblemLoader Init config took 2.42s 
50241      INFO  main            d.u.i.k.p.i.AbstractProblemLoader Replaying proof bsum_neg2.key 
50242      DEBUG main            d.u.i.k.p.i.IntermediateProofReplayer Proof replay took 7.9ns 
50344      INFO  main            d.u.i.k.p.r.p.TestFile    ... finished proof: closed. 
50513      INFO  main            d.u.i.k.p.i.AbstractProblemLoader Loading environment from /home/runner/work/key/key/key.core/../key.ui/examples/heap/comprehensions/bsum_neg2.key.proof 
50514      DEBUG main            d.u.i.k.p.i.AbstractProblemLoader Environment load took 126.2ns 
50515      INFO  main            d.u.i.k.p.i.AbstractProblemLoader Creating init config 
52877      DEBUG main            d.u.i.k.p.i.AbstractProblemLoader Init config took 2.36s 
52892      INFO  main            d.u.i.k.p.i.AbstractProblemLoader Replaying proof bsum_neg2.key.proof 
52895      DEBUG main            d.u.i.k.p.i.IntermediateProofReplayer Proof replay took 938ns 
52896      DEBUG main            d.u.i.k.p.r.p.TestFile    ... success: reloaded. 
52896      INFO  main            d.u.i.k.p.r.p.TestFile    Now processing file /home/runner/work/key/key/key.core/../key.ui/examples/heap/comprehensions/bsumSplit.key 
52896      INFO  main            d.u.i.k.p.i.AbstractProblemLoader Loading environment from /home/runner/work/key/key/key.core/../key.ui/examples/heap/comprehensions/bsumSplit.key 
52897      DEBUG main            d.u.i.k.p.i.AbstractProblemLoader Environment load took 110.7ns 
52898      INFO  main            d.u.i.k.p.i.AbstractProblemLoader Creating init config 
55311      DEBUG main            d.u.i.k.p.i.AbstractProblemLoader Init config took 2.41s 
55326      INFO  main            d.u.i.k.p.i.AbstractProblemLoader Replaying proof bsumSplit.key 
55328      DEBUG main            d.u.i.k.p.i.IntermediateProofReplayer Proof replay took 7.5ns 
55432      INFO  main            d.u.i.k.p.r.p.TestFile    ... finished proof: closed. 
55647      INFO  main            d.u.i.k.p.i.AbstractProblemLoader Loading environment from /home/runner/work/key/key/key.core/../key.ui/examples/heap/comprehensions/bsumSplit.key.proof 
55647      DEBUG main            d.u.i.k.p.i.AbstractProblemLoader Environment load took 120.3ns 
55648      INFO  main            d.u.i.k.p.i.AbstractProblemLoader Creating init config 
58040      DEBUG main            d.u.i.k.p.i.AbstractProblemLoader Init config took 2.39s 
58055      INFO  main            d.u.i.k.p.i.AbstractProblemLoader Replaying proof bsumSplit.key.proof 
58061      DEBUG main            d.u.i.k.p.i.IntermediateProofReplayer Proof replay took 3.73ms 
58061      DEBUG main            d.u.i.k.p.r.p.TestFile    ... success: reloaded. 
58062      INFO  main            d.u.i.k.p.r.p.TestFile    Now processing file /home/runner/work/key/key/key.core/../key.ui/examples/heap/comprehensions/bprodSplit.key 
58062      INFO  main            d.u.i.k.p.i.AbstractProblemLoader Loading environment from /home/runner/work/key/key/key.core/../key.ui/examples/heap/comprehensions/bprodSplit.key 
58062      DEBUG main            d.u.i.k.p.i.AbstractProblemLoader Environment load took 140ns 
58063      INFO  main            d.u.i.k.p.i.AbstractProblemLoader Creating init config 
60463      DEBUG main            d.u.i.k.p.i.AbstractProblemLoader Init config took 2.4s 
60477      INFO  main            d.u.i.k.p.i.AbstractProblemLoader Replaying proof bprodSplit.key 
60478      DEBUG main            d.u.i.k.p.i.IntermediateProofReplayer Proof replay took 6.7ns 
60583      INFO  main            d.u.i.k.p.r.p.TestFile    ... finished proof: closed. 
60763      INFO  main            d.u.i.k.p.i.AbstractProblemLoader Loading environment from /home/runner/work/key/key/key.core/../key.ui/examples/heap/comprehensions/bprodSplit.key.proof 
60763      DEBUG main            d.u.i.k.p.i.AbstractProblemLoader Environment load took 115.4ns 
60764      INFO  main            d.u.i.k.p.i.AbstractProblemLoader Creating init config 
63130      DEBUG main            d.u.i.k.p.i.AbstractProblemLoader Init config took 2.37s 
63147      INFO  main            d.u.i.k.p.i.AbstractProblemLoader Replaying proof bprodSplit.key.proof 
63153      DEBUG main            d.u.i.k.p.i.IntermediateProofReplayer Proof replay took 2.72ms 
63153      DEBUG main            d.u.i.k.p.r.p.TestFile    ... success: reloaded. 
63154      INFO  main            d.u.i.k.p.r.p.TestFile    Now processing file /home/runner/work/key/key/key.core/../key.ui/examples/heap/comprehensions/bsumSplitInvalid.key 
63154      INFO  main            d.u.i.k.p.i.AbstractProblemLoader Loading environment from /home/runner/work/key/key/key.core/../key.ui/examples/heap/comprehensions/bsumSplitInvalid.key 
63154      DEBUG main            d.u.i.k.p.i.AbstractProblemLoader Environment load took 56.8ns 
63155      INFO  main            d.u.i.k.p.i.AbstractProblemLoader Creating init config 
65595      DEBUG main            d.u.i.k.p.i.AbstractProblemLoader Init config took 2.44s 
65610      INFO  main            d.u.i.k.p.i.AbstractProblemLoader Replaying proof bsumSplitInvalid.key 
65611      DEBUG main            d.u.i.k.p.i.IntermediateProofReplayer Proof replay took 7ns 
65716      INFO  main            d.u.i.k.p.r.p.TestFile    ... finished proof: open goal(s) 
145931     INFO  Test worker     d.u.i.k.p.r.RunAllProofsTestUnit Returning from test comprehensions 
145937     INFO  Test worker     d.u.i.k.p.r.RunAllProofsTestUnit Running test performance 
340        INFO  Timeout watchdog d.u.i.k.p.r.p.ForkedTestFileRunner Timeout watcher launched (2000 secs.) 
343        WARN  main            d.u.i.k.s.ProofSettings   The settings in /home/runner/.key/proof-settings.props are *not* read. 
369        INFO  main            d.u.i.k.p.r.p.TestFile    Now processing file /home/runner/work/key/key/key.core/../key.ui/examples/performance-test/Disjoint(Disjoint__disjoint_08()).JML_operation_contract.0.key 
485        INFO  main            d.u.i.k.p.i.AbstractProblemLoader Loading environment from /home/runner/work/key/key/key.core/../key.ui/examples/performance-test/Disjoint(Disjoint__disjoint_08()).JML_operation_contract.0.key 
512        DEBUG main            d.u.i.k.p.i.AbstractProblemLoader Environment load took 2.74ms 
732        INFO  main            d.u.i.k.p.i.AbstractProblemLoader Creating init config 
1517       DEBUG main            d.u.i.k.j.TypeConverter   No LDT found for Meta 
1518       DEBUG main            d.u.i.k.j.TypeConverter   No LDT found for Meta 
1519       DEBUG main            d.u.i.k.j.TypeConverter   No LDT found for Meta 
1519       DEBUG main            d.u.i.k.j.TypeConverter   No LDT found for Meta 
2947       DEBUG main            d.u.i.k.j.TypeConverter   No LDT found for JavaBigintExpression 
8599       DEBUG main            d.u.i.k.j.r.ClassPreparationMethodBuilder clPrepBuilder: Inner Class detected. Reject building class initialisation methods. 
16494      DEBUG main            d.u.i.k.p.i.AbstractProblemLoader Init config took 15.76s 
16750      INFO  main            d.u.i.k.p.i.AbstractProblemLoader Replaying proof Disjoint[Disjoint::disjoint_8()].JML operation contract.0 
16817      DEBUG main            d.u.i.k.p.i.IntermediateProofReplayer Proof replay took 343.2ns 
19262      INFO  main            d.u.i.k.p.r.p.TestFile    ... finished proof: closed. 
19484      INFO  main            d.u.i.k.p.i.AbstractProblemLoader Loading environment from /home/runner/work/key/key/key.core/../key.ui/examples/performance-test/Disjoint(Disjoint__disjoint_08()).JML_operation_contract.0.key.proof 
19484      DEBUG main            d.u.i.k.p.i.AbstractProblemLoader Environment load took 186.5ns 
19486      INFO  main            d.u.i.k.p.i.AbstractProblemLoader Creating init config 
22597      DEBUG main            d.u.i.k.j.r.ClassPreparationMethodBuilder clPrepBuilder: Inner Class detected. Reject building class initialisation methods. 
29678      DEBUG main            d.u.i.k.p.i.AbstractProblemLoader Init config took 10.19s 
29785      INFO  main            d.u.i.k.p.i.AbstractProblemLoader Replaying proof Disjoint[Disjoint::disjoint_8()].JML operation contract.0 
30218      DEBUG main            d.u.i.k.p.i.IntermediateProofReplayer Proof replay took 421.87ms 
30231      DEBUG main            d.u.i.k.p.r.p.TestFile    ... success: reloaded. 
30233      INFO  main            d.u.i.k.p.r.p.TestFile    Now processing file /home/runner/work/key/key/key.core/../key.ui/examples/performance-test/Disjoint(Disjoint__disjoint2_08()).JML_operation_contract.0.key 
30234      INFO  main            d.u.i.k.p.i.AbstractProblemLoader Loading environment from /home/runner/work/key/key/key.core/../key.ui/examples/performance-test/Disjoint(Disjoint__disjoint2_08()).JML_operation_contract.0.key 
30234      DEBUG main            d.u.i.k.p.i.AbstractProblemLoader Environment load took 344.4ns 
30236      INFO  main            d.u.i.k.p.i.AbstractProblemLoader Creating init config 
33287      DEBUG main            d.u.i.k.j.r.ClassPreparationMethodBuilder clPrepBuilder: Inner Class detected. Reject building class initialisation methods. 
40220      DEBUG main            d.u.i.k.p.i.AbstractProblemLoader Init config took 9.98s 
40338      INFO  main            d.u.i.k.p.i.AbstractProblemLoader Replaying proof Disjoint[Disjoint::disjoint2_8()].JML operation contract.0 
40342      DEBUG main            d.u.i.k.p.i.IntermediateProofReplayer Proof replay took 25.1ns 
41448      INFO  main            d.u.i.k.p.r.p.TestFile    ... finished proof: closed. 
41731      INFO  main            d.u.i.k.p.i.AbstractProblemLoader Loading environment from /home/runner/work/key/key/key.core/../key.ui/examples/performance-test/Disjoint(Disjoint__disjoint2_08()).JML_operation_contract.0.key.proof 
41732      DEBUG main            d.u.i.k.p.i.AbstractProblemLoader Environment load took 689.01ns 
41734      INFO  main            d.u.i.k.p.i.AbstractProblemLoader Creating init config 
44677      DEBUG main            d.u.i.k.j.r.ClassPreparationMethodBuilder clPrepBuilder: Inner Class detected. Reject building class initialisation methods. 
51587      DEBUG main            d.u.i.k.p.i.AbstractProblemLoader Init config took 9.85s 
51685      INFO  main            d.u.i.k.p.i.AbstractProblemLoader Replaying proof Disjoint[Disjoint::disjoint2_8()].JML operation contract.0 
51778      DEBUG main            d.u.i.k.p.i.IntermediateProofReplayer Proof replay took 88.47ms 
51779      DEBUG main            d.u.i.k.p.r.p.TestFile    ... success: reloaded. 
51781      INFO  main            d.u.i.k.p.r.p.TestFile    Now processing file /home/runner/work/key/key/key.core/../key.ui/examples/performance-test/AccessChain1(AccessChain1__foo_08()).JML_operation_contract.0.key 
51781      INFO  main            d.u.i.k.p.i.AbstractProblemLoader Loading environment from /home/runner/work/key/key/key.core/../key.ui/examples/performance-test/AccessChain1(AccessChain1__foo_08()).JML_operation_contract.0.key 
51781      DEBUG main            d.u.i.k.p.i.AbstractProblemLoader Environment load took 64ns 
51782      INFO  main            d.u.i.k.p.i.AbstractProblemLoader Creating init config 
54733      DEBUG main            d.u.i.k.j.r.ClassPreparationMethodBuilder clPrepBuilder: Inner Class detected. Reject building class initialisation methods. 
61553      DEBUG main            d.u.i.k.p.i.AbstractProblemLoader Init config took 9.77s 
61670      INFO  main            d.u.i.k.p.i.AbstractProblemLoader Replaying proof AccessChain1[AccessChain1::foo_8()].JML operation contract.0 
61673      DEBUG main            d.u.i.k.p.i.IntermediateProofReplayer Proof replay took 11.9ns 
64297      INFO  main            d.u.i.k.p.r.p.TestFile    ... finished proof: closed. 
64643      INFO  main            d.u.i.k.p.i.AbstractProblemLoader Loading environment from /home/runner/work/key/key/key.core/../key.ui/examples/performance-test/AccessChain1(AccessChain1__foo_08()).JML_operation_contract.0.key.proof 
64644      DEBUG main            d.u.i.k.p.i.AbstractProblemLoader Environment load took 285.8ns 
64645      INFO  main            d.u.i.k.p.i.AbstractProblemLoader Creating init config 
67523      DEBUG main            d.u.i.k.j.r.ClassPreparationMethodBuilder clPrepBuilder: Inner Class detected. Reject building class initialisation methods. 
74272      DEBUG main            d.u.i.k.p.i.AbstractProblemLoader Init config took 9.63s 
74390      INFO  main            d.u.i.k.p.i.AbstractProblemLoader Replaying proof AccessChain1[AccessChain1::foo_8()].JML operation contract.0 
74989      DEBUG main            d.u.i.k.p.i.IntermediateProofReplayer Proof replay took 580.86ms 
74994      DEBUG main            d.u.i.k.p.r.p.TestFile    ... success: reloaded. 
74996      INFO  main            d.u.i.k.p.r.p.TestFile    Now processing file /home/runner/work/key/key/key.core/../key.ui/examples/performance-test/AccessChain4(AccessChain4__foo_08()).JML_operation_contract.0.key 
74996      INFO  main            d.u.i.k.p.i.AbstractProblemLoader Loading environment from /home/runner/work/key/key/key.core/../key.ui/examples/performance-test/AccessChain4(AccessChain4__foo_08()).JML_operation_contract.0.key 
74996      DEBUG main            d.u.i.k.p.i.AbstractProblemLoader Environment load took 221.5ns 
74998      INFO  main            d.u.i.k.p.i.AbstractProblemLoader Creating init config 
77993      DEBUG main            d.u.i.k.j.r.ClassPreparationMethodBuilder clPrepBuilder: Inner Class detected. Reject building class initialisation methods. 
84831      DEBUG main            d.u.i.k.p.i.AbstractProblemLoader Init config took 9.83s 
84922      INFO  main            d.u.i.k.p.i.AbstractProblemLoader Replaying proof AccessChain4[AccessChain4::foo_8()].JML operation contract.0 
84924      DEBUG main            d.u.i.k.p.i.IntermediateProofReplayer Proof replay took 23.5ns 
91692      INFO  main            d.u.i.k.p.r.p.TestFile    ... finished proof: closed. 
92054      INFO  main            d.u.i.k.p.i.AbstractProblemLoader Loading environment from /home/runner/work/key/key/key.core/../key.ui/examples/performance-test/AccessChain4(AccessChain4__foo_08()).JML_operation_contract.0.key.proof 
92062      DEBUG main            d.u.i.k.p.i.AbstractProblemLoader Environment load took 7.93ms 
92068      INFO  main            d.u.i.k.p.i.AbstractProblemLoader Creating init config 
94919      DEBUG main            d.u.i.k.j.r.ClassPreparationMethodBuilder clPrepBuilder: Inner Class detected. Reject building class initialisation methods. 
101729     DEBUG main            d.u.i.k.p.i.AbstractProblemLoader Init config took 9.66s 
101818     INFO  main            d.u.i.k.p.i.AbstractProblemLoader Replaying proof AccessChain4[AccessChain4::foo_8()].JML operation contract.0 
102869     DEBUG main            d.u.i.k.p.i.IntermediateProofReplayer Proof replay took 1.02s 
102872     DEBUG main            d.u.i.k.p.r.p.TestFile    ... success: reloaded. 
102875     INFO  main            d.u.i.k.p.r.p.TestFile    Now processing file /home/runner/work/key/key/key.core/../key.ui/examples/performance-test/Disjoint(Disjoint__xZero_08()).JML_operation_contract.0.key 
102875     INFO  main            d.u.i.k.p.i.AbstractProblemLoader Loading environment from /home/runner/work/key/key/key.core/../key.ui/examples/performance-test/Disjoint(Disjoint__xZero_08()).JML_operation_contract.0.key 
102876     DEBUG main            d.u.i.k.p.i.AbstractProblemLoader Environment load took 633.01ns 
102877     INFO  main            d.u.i.k.p.i.AbstractProblemLoader Creating init config 
105837     DEBUG main            d.u.i.k.j.r.ClassPreparationMethodBuilder clPrepBuilder: Inner Class detected. Reject building class initialisation methods. 
112591     DEBUG main            d.u.i.k.p.i.AbstractProblemLoader Init config took 9.71s 
112676     INFO  main            d.u.i.k.p.i.AbstractProblemLoader Replaying proof Disjoint[Disjoint::xZero_8()].JML operation contract.0 
112678     DEBUG main            d.u.i.k.p.i.IntermediateProofReplayer Proof replay took 12.6ns 
113784     INFO  main            d.u.i.k.p.r.p.TestFile    ... finished proof: closed. 
114133     INFO  main            d.u.i.k.p.i.AbstractProblemLoader Loading environment from /home/runner/work/key/key/key.core/../key.ui/examples/performance-test/Disjoint(Disjoint__xZero_08()).JML_operation_contract.0.key.proof 
114133     DEBUG main            d.u.i.k.p.i.AbstractProblemLoader Environment load took 225.4ns 
114134     INFO  main            d.u.i.k.p.i.AbstractProblemLoader Creating init config 
116986     DEBUG main            d.u.i.k.j.r.ClassPreparationMethodBuilder clPrepBuilder: Inner Class detected. Reject building class initialisation methods. 
123755     DEBUG main            d.u.i.k.p.i.AbstractProblemLoader Init config took 9.62s 
123838     INFO  main            d.u.i.k.p.i.AbstractProblemLoader Replaying proof Disjoint[Disjoint::xZero_8()].JML operation contract.0 
124044     DEBUG main            d.u.i.k.p.i.IntermediateProofReplayer Proof replay took 198.8ms 
124046     DEBUG main            d.u.i.k.p.r.p.TestFile    ... success: reloaded. 
124047     INFO  main            d.u.i.k.p.r.p.TestFile    Now processing file /home/runner/work/key/key/key.core/../key.ui/examples/performance-test/Dynamic(Dynamic__foo_08()).JML_operation_contract.0.key 
124048     INFO  main            d.u.i.k.p.i.AbstractProblemLoader Loading environment from /home/runner/work/key/key/key.core/../key.ui/examples/performance-test/Dynamic(Dynamic__foo_08()).JML_operation_contract.0.key 
124048     DEBUG main            d.u.i.k.p.i.AbstractProblemLoader Environment load took 242.6ns 
124049     INFO  main            d.u.i.k.p.i.AbstractProblemLoader Creating init config 
126957     DEBUG main            d.u.i.k.j.r.ClassPreparationMethodBuilder clPrepBuilder: Inner Class detected. Reject building class initialisation methods. 
133700     DEBUG main            d.u.i.k.p.i.AbstractProblemLoader Init config took 9.65s 
133820     INFO  main            d.u.i.k.p.i.AbstractProblemLoader Replaying proof Dynamic[Dynamic::foo_8()].JML operation contract.0 
133824     DEBUG main            d.u.i.k.p.i.IntermediateProofReplayer Proof replay took 12.4ns 
139568     INFO  main            d.u.i.k.p.r.p.TestFile    ... finished proof: closed. 
139962     INFO  main            d.u.i.k.p.i.AbstractProblemLoader Loading environment from /home/runner/work/key/key/key.core/../key.ui/examples/performance-test/Dynamic(Dynamic__foo_08()).JML_operation_contract.0.key.proof 
139962     DEBUG main            d.u.i.k.p.i.AbstractProblemLoader Environment load took 568.31ns 
139964     INFO  main            d.u.i.k.p.i.AbstractProblemLoader Creating init config 
142756     DEBUG main            d.u.i.k.j.r.ClassPreparationMethodBuilder clPrepBuilder: Inner Class detected. Reject building class initialisation methods. 
149490     DEBUG main            d.u.i.k.p.i.AbstractProblemLoader Init config took 9.53s 
149574     INFO  main            d.u.i.k.p.i.AbstractProblemLoader Replaying proof Dynamic[Dynamic::foo_8()].JML operation contract.0 
150151     DEBUG main            d.u.i.k.p.i.IntermediateProofReplayer Proof replay took 556.02ms 
150153     DEBUG main            d.u.i.k.p.r.p.TestFile    ... success: reloaded. 
150154     INFO  main            d.u.i.k.p.r.p.TestFile    Now processing file /home/runner/work/key/key/key.core/../key.ui/examples/performance-test/DynamicGhost(DynamicGhost__dynamicGhost_08()).JML_normal_behavior_operation_contract.0.key 
150154     INFO  main            d.u.i.k.p.i.AbstractProblemLoader Loading environment from /home/runner/work/key/key/key.core/../key.ui/examples/performance-test/DynamicGhost(DynamicGhost__dynamicGhost_08()).JML_normal_behavior_operation_contract.0.key 
150155     DEBUG main            d.u.i.k.p.i.AbstractProblemLoader Environment load took 111.9ns 
150155     INFO  main            d.u.i.k.p.i.AbstractProblemLoader Creating init config 
153083     DEBUG main            d.u.i.k.j.r.ClassPreparationMethodBuilder clPrepBuilder: Inner Class detected. Reject building class initialisation methods. 
159894     DEBUG main            d.u.i.k.p.i.AbstractProblemLoader Init config took 9.74s 
159981     INFO  main            d.u.i.k.p.i.AbstractProblemLoader Replaying proof DynamicGhost[DynamicGhost::dynamicGhost_8()].JML normal_behavior operation contract.0 
159983     DEBUG main            d.u.i.k.p.i.IntermediateProofReplayer Proof replay took 11ns 
164601     INFO  main            d.u.i.k.p.r.p.TestFile    ... finished proof: closed. 
165018     INFO  main            d.u.i.k.p.i.AbstractProblemLoader Loading environment from /home/runner/work/key/key/key.core/../key.ui/examples/performance-test/DynamicGhost(DynamicGhost__dynamicGhost_08()).JML_normal_behavior_operation_contract.0.key.proof 
165018     DEBUG main            d.u.i.k.p.i.AbstractProblemLoader Environment load took 595.41ns 
165021     INFO  main            d.u.i.k.p.i.AbstractProblemLoader Creating init config 
167811     DEBUG main            d.u.i.k.j.r.ClassPreparationMethodBuilder clPrepBuilder: Inner Class detected. Reject building class initialisation methods. 
174565     DEBUG main            d.u.i.k.p.i.AbstractProblemLoader Init config took 9.54s 
174650     INFO  main            d.u.i.k.p.i.AbstractProblemLoader Replaying proof DynamicGhost[DynamicGhost::dynamicGhost_8()].JML normal_behavior operation contract.0 
175267     DEBUG main            d.u.i.k.p.i.IntermediateProofReplayer Proof replay took 599.13ms 
175270     DEBUG main            d.u.i.k.p.r.p.TestFile    ... success: reloaded. 
175272     INFO  main            d.u.i.k.p.r.p.TestFile    Now processing file /home/runner/work/key/key/key.core/../key.ui/examples/performance-test/GhostFrame(GhostFrame__foo_08()).JML_operation_contract.0.key 
175273     INFO  main            d.u.i.k.p.i.AbstractProblemLoader Loading environment from /home/runner/work/key/key/key.core/../key.ui/examples/performance-test/GhostFrame(GhostFrame__foo_08()).JML_operation_contract.0.key 
175275     DEBUG main            d.u.i.k.p.i.AbstractProblemLoader Environment load took 2.24ms 
175277     INFO  main            d.u.i.k.p.i.AbstractProblemLoader Creating init config 
178202     DEBUG main            d.u.i.k.j.r.ClassPreparationMethodBuilder clPrepBuilder: Inner Class detected. Reject building class initialisation methods. 
184955     DEBUG main            d.u.i.k.p.i.AbstractProblemLoader Init config took 9.68s 
185063     INFO  main            d.u.i.k.p.i.AbstractProblemLoader Replaying proof GhostFrame[GhostFrame::foo_8()].JML operation contract.0 
185065     DEBUG main            d.u.i.k.p.i.IntermediateProofReplayer Proof replay took 24.7ns 
187172     INFO  main            d.u.i.k.p.r.p.TestFile    ... finished proof: closed. 
187581     INFO  main            d.u.i.k.p.i.AbstractProblemLoader Loading environment from /home/runner/work/key/key/key.core/../key.ui/examples/performance-test/GhostFrame(GhostFrame__foo_08()).JML_operation_contract.0.key.proof 
187582     DEBUG main            d.u.i.k.p.i.AbstractProblemLoader Environment load took 765.31ns 
187583     INFO  main            d.u.i.k.p.i.AbstractProblemLoader Creating init config 
190366     DEBUG main            d.u.i.k.j.r.ClassPreparationMethodBuilder clPrepBuilder: Inner Class detected. Reject building class initialisation methods. 
197063     DEBUG main            d.u.i.k.p.i.AbstractProblemLoader Init config took 9.48s 
197145     INFO  main            d.u.i.k.p.i.AbstractProblemLoader Replaying proof GhostFrame[GhostFrame::foo_8()].JML operation contract.0 
197514     DEBUG main            d.u.i.k.p.i.IntermediateProofReplayer Proof replay took 361.88ms 
197516     DEBUG main            d.u.i.k.p.r.p.TestFile    ... success: reloaded. 
197517     INFO  main            d.u.i.k.p.r.p.TestFile    Now processing file /home/runner/work/key/key/key.core/../key.ui/examples/performance-test/Modelfield(Modelfield__foo_08()).JML_operation_contract.0.key 
197518     INFO  main            d.u.i.k.p.i.AbstractProblemLoader Loading environment from /home/runner/work/key/key/key.core/../key.ui/examples/performance-test/Modelfield(Modelfield__foo_08()).JML_operation_contract.0.key 
197518     DEBUG main            d.u.i.k.p.i.AbstractProblemLoader Environment load took 130.3ns 
197519     INFO  main            d.u.i.k.p.i.AbstractProblemLoader Creating init config 
200365     DEBUG main            d.u.i.k.j.r.ClassPreparationMethodBuilder clPrepBuilder: Inner Class detected. Reject building class initialisation methods. 
207131     DEBUG main            d.u.i.k.p.i.AbstractProblemLoader Init config took 9.61s 
207238     INFO  main            d.u.i.k.p.i.AbstractProblemLoader Replaying proof Modelfield[Modelfield::foo_8()].JML operation contract.0 
207240     DEBUG main            d.u.i.k.p.i.IntermediateProofReplayer Proof replay took 6.1ns 
210495     INFO  main            d.u.i.k.p.r.p.TestFile    ... finished proof: closed. 
210930     INFO  main            d.u.i.k.p.i.AbstractProblemLoader Loading environment from /home/runner/work/key/key/key.core/../key.ui/examples/performance-test/Modelfield(Modelfield__foo_08()).JML_operation_contract.0.key.proof 
210931     DEBUG main            d.u.i.k.p.i.AbstractProblemLoader Environment load took 556.51ns 
210932     INFO  main            d.u.i.k.p.i.AbstractProblemLoader Creating init config 
213701     DEBUG main            d.u.i.k.j.r.ClassPreparationMethodBuilder clPrepBuilder: Inner Class detected. Reject building class initialisation methods. 
220428     DEBUG main            d.u.i.k.p.i.AbstractProblemLoader Init config took 9.5s 
220510     INFO  main            d.u.i.k.p.i.AbstractProblemLoader Replaying proof Modelfield[Modelfield::foo_8()].JML operation contract.0 
220912     DEBUG main            d.u.i.k.p.i.IntermediateProofReplayer Proof replay took 390.91ms 
220914     DEBUG main            d.u.i.k.p.r.p.TestFile    ... success: reloaded. 
367011     INFO  Test worker     d.u.i.k.p.r.RunAllProofsTestUnit Returning from test performance 
367013     INFO  Test worker     d.u.i.k.p.r.RunAllProofsTestUnit Running test performancePOConstruction 
337        INFO  Timeout watchdog d.u.i.k.p.r.p.ForkedTestFileRunner Timeout watcher launched (2000 secs.) 
352        WARN  main            d.u.i.k.s.ProofSettings   The settings in /home/runner/.key/proof-settings.props are *not* read. 
395        INFO  main            d.u.i.k.p.r.p.TestFile    Now processing file /home/runner/work/key/key/key.core/../key.ui/examples/performance-test/Test(Test__a0(int)).JML_normal_behavior_operation_contract.0.key 
528        INFO  main            d.u.i.k.p.i.AbstractProblemLoader Loading environment from /home/runner/work/key/key/key.core/../key.ui/examples/performance-test/Test(Test__a0(int)).JML_normal_behavior_operation_contract.0.key 
558        DEBUG main            d.u.i.k.p.i.AbstractProblemLoader Environment load took 2.39ms 
790        INFO  main            d.u.i.k.p.i.AbstractProblemLoader Creating init config 
1554       DEBUG main            d.u.i.k.j.TypeConverter   No LDT found for Meta 
1559       DEBUG main            d.u.i.k.j.TypeConverter   No LDT found for Meta 
1561       DEBUG main            d.u.i.k.j.TypeConverter   No LDT found for Meta 
1563       DEBUG main            d.u.i.k.j.TypeConverter   No LDT found for Meta 
3073       DEBUG main            d.u.i.k.j.TypeConverter   No LDT found for JavaBigintExpression 
8383       DEBUG main            d.u.i.k.j.r.ClassPreparationMethodBuilder clPrepBuilder: Inner Class detected. Reject building class initialisation methods. 
16222      DEBUG main            d.u.i.k.p.i.AbstractProblemLoader Init config took 15.43s 
17279      INFO  main            d.u.i.k.p.i.AbstractProblemLoader Replaying proof Test[Test::a0(int)].JML normal_behavior operation contract.0 
17335      DEBUG main            d.u.i.k.p.i.IntermediateProofReplayer Proof replay took 32.1ns 
17666      INFO  main            d.u.i.k.p.r.p.TestFile    ... finished proof: closed. 
17821      INFO  main            d.u.i.k.p.i.AbstractProblemLoader Loading environment from /home/runner/work/key/key/key.core/../key.ui/examples/performance-test/Test(Test__a0(int)).JML_normal_behavior_operation_contract.0.key.proof 
17827      DEBUG main            d.u.i.k.p.i.AbstractProblemLoader Environment load took 6.79ms 
17830      INFO  main            d.u.i.k.p.i.AbstractProblemLoader Creating init config 
20866      DEBUG main            d.u.i.k.j.r.ClassPreparationMethodBuilder clPrepBuilder: Inner Class detected. Reject building class initialisation methods. 
27928      DEBUG main            d.u.i.k.p.i.AbstractProblemLoader Init config took 10.1s 
28779      INFO  main            d.u.i.k.p.i.AbstractProblemLoader Replaying proof Test[Test::a0(int)].JML normal_behavior operation contract.0 
28806      DEBUG main            d.u.i.k.p.i.IntermediateProofReplayer Proof replay took 22.06ms 
28815      DEBUG main            d.u.i.k.p.r.p.TestFile    ... success: reloaded. 
28818      INFO  main            d.u.i.k.p.r.p.TestFile    Now processing file /home/runner/work/key/key/key.core/../key.ui/examples/performance-test/Test(Test__a1(int)).JML_normal_behavior_operation_contract.0.key 
28819      INFO  main            d.u.i.k.p.i.AbstractProblemLoader Loading environment from /home/runner/work/key/key/key.core/../key.ui/examples/performance-test/Test(Test__a1(int)).JML_normal_behavior_operation_contract.0.key 
28820      DEBUG main            d.u.i.k.p.i.AbstractProblemLoader Environment load took 157.2ns 
28821      INFO  main            d.u.i.k.p.i.AbstractProblemLoader Creating init config 
31726      DEBUG main            d.u.i.k.j.r.ClassPreparationMethodBuilder clPrepBuilder: Inner Class detected. Reject building class initialisation methods. 
38568      DEBUG main            d.u.i.k.p.i.AbstractProblemLoader Init config took 9.75s 
39435      INFO  main            d.u.i.k.p.i.AbstractProblemLoader Replaying proof Test[Test::a1(int)].JML normal_behavior operation contract.0 
39437      DEBUG main            d.u.i.k.p.i.IntermediateProofReplayer Proof replay took 6ns 
39744      INFO  main            d.u.i.k.p.r.p.TestFile    ... finished proof: closed. 
39988      INFO  main            d.u.i.k.p.i.AbstractProblemLoader Loading environment from /home/runner/work/key/key/key.core/../key.ui/examples/performance-test/Test(Test__a1(int)).JML_normal_behavior_operation_contract.0.key.proof 
39994      DEBUG main            d.u.i.k.p.i.AbstractProblemLoader Environment load took 5.52ms 
39995      INFO  main            d.u.i.k.p.i.AbstractProblemLoader Creating init config 
42863      DEBUG main            d.u.i.k.j.r.ClassPreparationMethodBuilder clPrepBuilder: Inner Class detected. Reject building class initialisation methods. 
49706      DEBUG main            d.u.i.k.p.i.AbstractProblemLoader Init config took 9.71s 
50555      INFO  main            d.u.i.k.p.i.AbstractProblemLoader Replaying proof Test[Test::a1(int)].JML normal_behavior operation contract.0 
50622      DEBUG main            d.u.i.k.p.i.IntermediateProofReplayer Proof replay took 63.16ms 
50625      DEBUG main            d.u.i.k.p.r.p.TestFile    ... success: reloaded. 
50626      INFO  main            d.u.i.k.p.r.p.TestFile    Now processing file /home/runner/work/key/key/key.core/../key.ui/examples/performance-test/Test(Test__f1(int)).JML_normal_behavior_operation_contract.0.key 
50629      INFO  main            d.u.i.k.p.i.AbstractProblemLoader Loading environment from /home/runner/work/key/key/key.core/../key.ui/examples/performance-test/Test(Test__f1(int)).JML_normal_behavior_operation_contract.0.key 
50629      DEBUG main            d.u.i.k.p.i.AbstractProblemLoader Environment load took 304.4ns 
50630      INFO  main            d.u.i.k.p.i.AbstractProblemLoader Creating init config 
53506      DEBUG main            d.u.i.k.j.r.ClassPreparationMethodBuilder clPrepBuilder: Inner Class detected. Reject building class initialisation methods. 
60268      DEBUG main            d.u.i.k.p.i.AbstractProblemLoader Init config took 9.64s 
61120      INFO  main            d.u.i.k.p.i.AbstractProblemLoader Replaying proof Test[Test::f1(int)].JML normal_behavior operation contract.0 
61122      DEBUG main            d.u.i.k.p.i.IntermediateProofReplayer Proof replay took 5.9ns 
61426      INFO  main            d.u.i.k.p.r.p.TestFile    ... finished proof: closed. 
61828      INFO  main            d.u.i.k.p.i.AbstractProblemLoader Loading environment from /home/runner/work/key/key/key.core/../key.ui/examples/performance-test/Test(Test__f1(int)).JML_normal_behavior_operation_contract.0.key.proof 
61829      DEBUG main            d.u.i.k.p.i.AbstractProblemLoader Environment load took 890.31ns 
61830      INFO  main            d.u.i.k.p.i.AbstractProblemLoader Creating init config 
64706      DEBUG main            d.u.i.k.j.r.ClassPreparationMethodBuilder clPrepBuilder: Inner Class detected. Reject building class initialisation methods. 
71413      DEBUG main            d.u.i.k.p.i.AbstractProblemLoader Init config took 9.58s 
72280      INFO  main            d.u.i.k.p.i.AbstractProblemLoader Replaying proof Test[Test::f1(int)].JML normal_behavior operation contract.0 
72356      DEBUG main            d.u.i.k.p.i.IntermediateProofReplayer Proof replay took 70.34ms 
72358      DEBUG main            d.u.i.k.p.r.p.TestFile    ... success: reloaded. 
439537     INFO  Test worker     d.u.i.k.p.r.RunAllProofsTestUnit Returning from test performancePOConstruction 
439540     INFO  Test worker     d.u.i.k.p.r.RunAllProofsTestUnit Running test applicationRestrictions 
327        INFO  Timeout watchdog d.u.i.k.p.r.p.ForkedTestFileRunner Timeout watcher launched (2000 secs.) 
342        WARN  main            d.u.i.k.s.ProofSettings   The settings in /home/runner/.key/proof-settings.props are *not* read. 
373        INFO  main            d.u.i.k.p.r.p.TestFile    Now processing file /home/runner/work/key/key/key.core/../key.ui/examples/heap/polarity_tests/wellformed1.key 
515        INFO  main            d.u.i.k.p.i.AbstractProblemLoader Loading environment from /home/runner/work/key/key/key.core/../key.ui/examples/heap/polarity_tests/wellformed1.key 
533        DEBUG main            d.u.i.k.p.i.AbstractProblemLoader Environment load took 1.81ms 
805        INFO  main            d.u.i.k.p.i.AbstractProblemLoader Creating init config 
1724       DEBUG main            d.u.i.k.j.TypeConverter   No LDT found for Meta 
1733       DEBUG main            d.u.i.k.j.TypeConverter   No LDT found for Meta 
1739       DEBUG main            d.u.i.k.j.TypeConverter   No LDT found for Meta 
1739       DEBUG main            d.u.i.k.j.TypeConverter   No LDT found for Meta 
2936       DEBUG main            d.u.i.k.j.TypeConverter   No LDT found for JavaBigintExpression 
7870       DEBUG main            d.u.i.k.p.i.AbstractProblemLoader Init config took 7.06s 
7928       INFO  main            d.u.i.k.p.i.AbstractProblemLoader Replaying proof wellformed1.key 
7959       DEBUG main            d.u.i.k.p.i.IntermediateProofReplayer Proof replay took 33.6ns 
8126       INFO  main            d.u.i.k.p.r.p.TestFile    ... finished proof: closed. 
8243       INFO  main            d.u.i.k.p.i.AbstractProblemLoader Loading environment from /home/runner/work/key/key/key.core/../key.ui/examples/heap/polarity_tests/wellformed1.key.proof 
8243       DEBUG main            d.u.i.k.p.i.AbstractProblemLoader Environment load took 137.2ns 
8258       INFO  main            d.u.i.k.p.i.AbstractProblemLoader Creating init config 
11054      DEBUG main            d.u.i.k.p.i.AbstractProblemLoader Init config took 2.8s 
11086      INFO  main            d.u.i.k.p.i.AbstractProblemLoader Replaying proof wellformed1.key.proof 
11092      DEBUG main            d.u.i.k.p.i.IntermediateProofReplayer Proof replay took 2.36ms 
11103      DEBUG main            d.u.i.k.p.r.p.TestFile    ... success: reloaded. 
11104      INFO  main            d.u.i.k.p.r.p.TestFile    Now processing file /home/runner/work/key/key/key.core/../key.ui/examples/heap/polarity_tests/wellformed2.key 
11105      INFO  main            d.u.i.k.p.i.AbstractProblemLoader Loading environment from /home/runner/work/key/key/key.core/../key.ui/examples/heap/polarity_tests/wellformed2.key 
11105      DEBUG main            d.u.i.k.p.i.AbstractProblemLoader Environment load took 263.1ns 
11107      INFO  main            d.u.i.k.p.i.AbstractProblemLoader Creating init config 
13809      DEBUG main            d.u.i.k.p.i.AbstractProblemLoader Init config took 2.7s 
13838      INFO  main            d.u.i.k.p.i.AbstractProblemLoader Replaying proof wellformed2.key 
13840      DEBUG main            d.u.i.k.p.i.IntermediateProofReplayer Proof replay took 6.5ns 
13943      INFO  main            d.u.i.k.p.r.p.TestFile    ... finished proof: open goal(s) 
14071      INFO  main            d.u.i.k.p.r.p.TestFile    Now processing file /home/runner/work/key/key/key.core/../key.ui/examples/heap/polarity_tests/wellformed3.key 
14071      INFO  main            d.u.i.k.p.i.AbstractProblemLoader Loading environment from /home/runner/work/key/key/key.core/../key.ui/examples/heap/polarity_tests/wellformed3.key 
14071      DEBUG main            d.u.i.k.p.i.AbstractProblemLoader Environment load took 77ns 
14072      INFO  main            d.u.i.k.p.i.AbstractProblemLoader Creating init config 
16741      DEBUG main            d.u.i.k.p.i.AbstractProblemLoader Init config took 2.67s 
16765      INFO  main            d.u.i.k.p.i.AbstractProblemLoader Replaying proof wellformed3.key 
16767      DEBUG main            d.u.i.k.p.i.IntermediateProofReplayer Proof replay took 7.1ns 
16870      INFO  main            d.u.i.k.p.r.p.TestFile    ... finished proof: closed. 
17018      INFO  main            d.u.i.k.p.i.AbstractProblemLoader Loading environment from /home/runner/work/key/key/key.core/../key.ui/examples/heap/polarity_tests/wellformed3.key.proof 
17019      DEBUG main            d.u.i.k.p.i.AbstractProblemLoader Environment load took 135.1ns 
17020      INFO  main            d.u.i.k.p.i.AbstractProblemLoader Creating init config 
19654      DEBUG main            d.u.i.k.p.i.AbstractProblemLoader Init config took 2.63s 
19676      INFO  main            d.u.i.k.p.i.AbstractProblemLoader Replaying proof wellformed3.key.proof 
19681      DEBUG main            d.u.i.k.p.i.IntermediateProofReplayer Proof replay took 2.35ms 
19683      DEBUG main            d.u.i.k.p.r.p.TestFile    ... success: reloaded. 
19684      INFO  main            d.u.i.k.p.r.p.TestFile    Now processing file /home/runner/work/key/key/key.core/../key.ui/examples/heap/polarity_tests/wellformed4.key 
19684      INFO  main            d.u.i.k.p.i.AbstractProblemLoader Loading environment from /home/runner/work/key/key/key.core/../key.ui/examples/heap/polarity_tests/wellformed4.key 
19685      DEBUG main            d.u.i.k.p.i.AbstractProblemLoader Environment load took 754.01ns 
19686      INFO  main            d.u.i.k.p.i.AbstractProblemLoader Creating init config 
22244      DEBUG main            d.u.i.k.p.i.AbstractProblemLoader Init config took 2.56s 
22266      INFO  main            d.u.i.k.p.i.AbstractProblemLoader Replaying proof wellformed4.key 
22267      DEBUG main            d.u.i.k.p.i.IntermediateProofReplayer Proof replay took 5.8ns 
22370      INFO  main            d.u.i.k.p.r.p.TestFile    ... finished proof: open goal(s) 
22499      INFO  main            d.u.i.k.p.r.p.TestFile    Now processing file /home/runner/work/key/key/key.core/../key.ui/examples/heap/polarity_tests/wellformed5.key 
22500      INFO  main            d.u.i.k.p.i.AbstractProblemLoader Loading environment from /home/runner/work/key/key/key.core/../key.ui/examples/heap/polarity_tests/wellformed5.key 
22500      DEBUG main            d.u.i.k.p.i.AbstractProblemLoader Environment load took 76.8ns 
22501      INFO  main            d.u.i.k.p.i.AbstractProblemLoader Creating init config 
25056      DEBUG main            d.u.i.k.p.i.AbstractProblemLoader Init config took 2.56s 
25077      INFO  main            d.u.i.k.p.i.AbstractProblemLoader Replaying proof wellformed5.key 
25079      DEBUG main            d.u.i.k.p.i.IntermediateProofReplayer Proof replay took 6.8ns 
25182      INFO  main            d.u.i.k.p.r.p.TestFile    ... finished proof: closed. 
25303      INFO  main            d.u.i.k.p.i.AbstractProblemLoader Loading environment from /home/runner/work/key/key/key.core/../key.ui/examples/heap/polarity_tests/wellformed5.key.proof 
25303      DEBUG main            d.u.i.k.p.i.AbstractProblemLoader Environment load took 121.7ns 
25305      INFO  main            d.u.i.k.p.i.AbstractProblemLoader Creating init config 
27840      DEBUG main            d.u.i.k.p.i.AbstractProblemLoader Init config took 2.54s 
27860      INFO  main            d.u.i.k.p.i.AbstractProblemLoader Replaying proof wellformed5.key.proof 
27863      DEBUG main            d.u.i.k.p.i.IntermediateProofReplayer Proof replay took 1.18ms 
27863      DEBUG main            d.u.i.k.p.r.p.TestFile    ... success: reloaded. 
27864      INFO  main            d.u.i.k.p.r.p.TestFile    Now processing file /home/runner/work/key/key/key.core/../key.ui/examples/heap/polarity_tests/wellformed6.key 
27864      INFO  main            d.u.i.k.p.i.AbstractProblemLoader Loading environment from /home/runner/work/key/key/key.core/../key.ui/examples/heap/polarity_tests/wellformed6.key 
27865      DEBUG main            d.u.i.k.p.i.AbstractProblemLoader Environment load took 101.8ns 
27866      INFO  main            d.u.i.k.p.i.AbstractProblemLoader Creating init config 
30414      DEBUG main            d.u.i.k.p.i.AbstractProblemLoader Init config took 2.55s 
30433      INFO  main            d.u.i.k.p.i.AbstractProblemLoader Replaying proof wellformed6.key 
30435      DEBUG main            d.u.i.k.p.i.IntermediateProofReplayer Proof replay took 6.6ns 
30539      INFO  main            d.u.i.k.p.r.p.TestFile    ... finished proof: open goal(s) 
30675      INFO  main            d.u.i.k.p.r.p.TestFile    Now processing file /home/runner/work/key/key/key.core/../key.ui/examples/heap/polarity_tests/wellformed7.key 
30675      INFO  main            d.u.i.k.p.i.AbstractProblemLoader Loading environment from /home/runner/work/key/key/key.core/../key.ui/examples/heap/polarity_tests/wellformed7.key 
30675      DEBUG main            d.u.i.k.p.i.AbstractProblemLoader Environment load took 74.5ns 
30676      INFO  main            d.u.i.k.p.i.AbstractProblemLoader Creating init config 
33201      DEBUG main            d.u.i.k.p.i.AbstractProblemLoader Init config took 2.52s 
33220      INFO  main            d.u.i.k.p.i.AbstractProblemLoader Replaying proof wellformed7.key 
33222      DEBUG main            d.u.i.k.p.i.IntermediateProofReplayer Proof replay took 6.5ns 
33324      INFO  main            d.u.i.k.p.r.p.TestFile    ... finished proof: closed. 
33466      INFO  main            d.u.i.k.p.i.AbstractProblemLoader Loading environment from /home/runner/work/key/key/key.core/../key.ui/examples/heap/polarity_tests/wellformed7.key.proof 
33466      DEBUG main            d.u.i.k.p.i.AbstractProblemLoader Environment load took 115.7ns 
33468      INFO  main            d.u.i.k.p.i.AbstractProblemLoader Creating init config 
36004      DEBUG main            d.u.i.k.p.i.AbstractProblemLoader Init config took 2.54s 
36024      INFO  main            d.u.i.k.p.i.AbstractProblemLoader Replaying proof wellformed7.key.proof 
36027      DEBUG main            d.u.i.k.p.i.IntermediateProofReplayer Proof replay took 1.72ms 
36028      DEBUG main            d.u.i.k.p.r.p.TestFile    ... success: reloaded. 
36029      INFO  main            d.u.i.k.p.r.p.TestFile    Now processing file /home/runner/work/key/key/key.core/../key.ui/examples/heap/polarity_tests/wellformed8.key 
36031      INFO  main            d.u.i.k.p.i.AbstractProblemLoader Loading environment from /home/runner/work/key/key/key.core/../key.ui/examples/heap/polarity_tests/wellformed8.key 
36031      DEBUG main            d.u.i.k.p.i.AbstractProblemLoader Environment load took 283.6ns 
36035      INFO  main            d.u.i.k.p.i.AbstractProblemLoader Creating init config 
38579      DEBUG main            d.u.i.k.p.i.AbstractProblemLoader Init config took 2.54s 
38597      INFO  main            d.u.i.k.p.i.AbstractProblemLoader Replaying proof wellformed8.key 
38598      DEBUG main            d.u.i.k.p.i.IntermediateProofReplayer Proof replay took 7.8ns 
38701      INFO  main            d.u.i.k.p.r.p.TestFile    ... finished proof: open goal(s) 
38846      INFO  main            d.u.i.k.p.r.p.TestFile    Now processing file /home/runner/work/key/key/key.core/../key.ui/examples/heap/polarity_tests/wellformed9.key 
38847      INFO  main            d.u.i.k.p.i.AbstractProblemLoader Loading environment from /home/runner/work/key/key/key.core/../key.ui/examples/heap/polarity_tests/wellformed9.key 
38847      DEBUG main            d.u.i.k.p.i.AbstractProblemLoader Environment load took 79.2ns 
38848      INFO  main            d.u.i.k.p.i.AbstractProblemLoader Creating init config 
41398      DEBUG main            d.u.i.k.p.i.AbstractProblemLoader Init config took 2.55s 
41415      INFO  main            d.u.i.k.p.i.AbstractProblemLoader Replaying proof wellformed9.key 
41417      DEBUG main            d.u.i.k.p.i.IntermediateProofReplayer Proof replay took 6.9ns 
41519      INFO  main            d.u.i.k.p.r.p.TestFile    ... finished proof: closed. 
41654      INFO  main            d.u.i.k.p.i.AbstractProblemLoader Loading environment from /home/runner/work/key/key/key.core/../key.ui/examples/heap/polarity_tests/wellformed9.key.proof 
41654      DEBUG main            d.u.i.k.p.i.AbstractProblemLoader Environment load took 122.5ns 
41655      INFO  main            d.u.i.k.p.i.AbstractProblemLoader Creating init config 
44153      DEBUG main            d.u.i.k.p.i.AbstractProblemLoader Init config took 2.5s 
44172      INFO  main            d.u.i.k.p.i.AbstractProblemLoader Replaying proof wellformed9.key.proof 
44175      DEBUG main            d.u.i.k.p.i.IntermediateProofReplayer Proof replay took 1.46ms 
44176      DEBUG main            d.u.i.k.p.r.p.TestFile    ... success: reloaded. 
44177      INFO  main            d.u.i.k.p.r.p.TestFile    Now processing file /home/runner/work/key/key/key.core/../key.ui/examples/heap/polarity_tests/wellformed10.key 
44177      INFO  main            d.u.i.k.p.i.AbstractProblemLoader Loading environment from /home/runner/work/key/key/key.core/../key.ui/examples/heap/polarity_tests/wellformed10.key 
44177      DEBUG main            d.u.i.k.p.i.AbstractProblemLoader Environment load took 250.8ns 
44178      INFO  main            d.u.i.k.p.i.AbstractProblemLoader Creating init config 
46736      DEBUG main            d.u.i.k.p.i.AbstractProblemLoader Init config took 2.56s 
46766      INFO  main            d.u.i.k.p.i.AbstractProblemLoader Replaying proof wellformed10.key 
46768      DEBUG main            d.u.i.k.p.i.IntermediateProofReplayer Proof replay took 8.3ns 
46873      INFO  main            d.u.i.k.p.r.p.TestFile    ... finished proof: open goal(s) 
47024      INFO  main            d.u.i.k.p.r.p.TestFile    Now processing file /home/runner/work/key/key/key.core/../key.ui/examples/heap/polarity_tests/wellformed11.key 
47024      INFO  main            d.u.i.k.p.i.AbstractProblemLoader Loading environment from /home/runner/work/key/key/key.core/../key.ui/examples/heap/polarity_tests/wellformed11.key 
47024      DEBUG main            d.u.i.k.p.i.AbstractProblemLoader Environment load took 121.1ns 
47025      INFO  main            d.u.i.k.p.i.AbstractProblemLoader Creating init config 
49566      DEBUG main            d.u.i.k.p.i.AbstractProblemLoader Init config took 2.54s 
49583      INFO  main            d.u.i.k.p.i.AbstractProblemLoader Replaying proof wellformed11.key 
49584      DEBUG main            d.u.i.k.p.i.IntermediateProofReplayer Proof replay took 7.3ns 
49687      INFO  main            d.u.i.k.p.r.p.TestFile    ... finished proof: open goal(s) 
489531     INFO  Test worker     d.u.i.k.p.r.RunAllProofsTestUnit Returning from test applicationRestrictions 
489532     INFO  Test worker     d.u.i.k.p.r.RunAllProofsTestUnit Running test blockContracts 
415        WARN  main            d.u.i.k.s.ProofSettings   The settings in /home/runner/.key/proof-settings.props are *not* read. 
420        INFO  Timeout watchdog d.u.i.k.p.r.p.ForkedTestFileRunner Timeout watcher launched (2000 secs.) 
461        INFO  main            d.u.i.k.p.r.p.TestFile    Now processing file /home/runner/work/key/key/key.core/../key.ui/examples/heap/block_contracts/Simple__add.key 
602        INFO  main            d.u.i.k.p.i.AbstractProblemLoader Loading environment from /home/runner/work/key/key/key.core/../key.ui/examples/heap/block_contracts/Simple__add.key 
619        DEBUG main            d.u.i.k.p.i.AbstractProblemLoader Environment load took 2.27ms 
833        INFO  main            d.u.i.k.p.i.AbstractProblemLoader Creating init config 
1674       DEBUG main            d.u.i.k.j.TypeConverter   No LDT found for Meta 
1674       DEBUG main            d.u.i.k.j.TypeConverter   No LDT found for Meta 
1675       DEBUG main            d.u.i.k.j.TypeConverter   No LDT found for Meta 
1675       DEBUG main            d.u.i.k.j.TypeConverter   No LDT found for Meta 
3121       DEBUG main            d.u.i.k.j.TypeConverter   No LDT found for JavaBigintExpression 
8578       DEBUG main            d.u.i.k.p.i.AbstractProblemLoader Init config took 7.74s 
8718       INFO  main            d.u.i.k.p.i.AbstractProblemLoader Replaying proof Simple[Simple::add(int,int)].JML operation contract.0 
8809       DEBUG main            d.u.i.k.p.i.IntermediateProofReplayer Proof replay took 353.11ns 
9542       INFO  main            d.u.i.k.p.r.p.TestFile    ... finished proof: closed. 
9664       INFO  main            d.u.i.k.p.i.AbstractProblemLoader Loading environment from /home/runner/work/key/key/key.core/../key.ui/examples/heap/block_contracts/Simple__add.key.proof 
9666       DEBUG main            d.u.i.k.p.i.AbstractProblemLoader Environment load took 1ms 
9669       INFO  main            d.u.i.k.p.i.AbstractProblemLoader Creating init config 
12973      DEBUG main            d.u.i.k.p.i.AbstractProblemLoader Init config took 3.3s 
13037      INFO  main            d.u.i.k.p.i.AbstractProblemLoader Replaying proof Simple[Simple::add(int,int)].JML operation contract.0 
13124      DEBUG main            d.u.i.k.p.i.IntermediateProofReplayer Proof replay took 83.24ms 
13132      DEBUG main            d.u.i.k.p.r.p.TestFile    ... success: reloaded. 
13133      INFO  main            d.u.i.k.p.r.p.TestFile    Now processing file /home/runner/work/key/key/key.core/../key.ui/examples/heap/block_contracts/Simple__addAbsoluteValues.key 
13134      INFO  main            d.u.i.k.p.i.AbstractProblemLoader Loading environment from /home/runner/work/key/key/key.core/../key.ui/examples/heap/block_contracts/Simple__addAbsoluteValues.key 
13135      DEBUG main            d.u.i.k.p.i.AbstractProblemLoader Environment load took 934.31ns 
13136      INFO  main            d.u.i.k.p.i.AbstractProblemLoader Creating init config 
16292      DEBUG main            d.u.i.k.p.i.AbstractProblemLoader Init config took 3.16s 
16371      INFO  main            d.u.i.k.p.i.AbstractProblemLoader Replaying proof Simple[Simple::addAbsoluteValues(int,int)].JML normal_behavior operation contract.0 
16377      DEBUG main            d.u.i.k.p.i.IntermediateProofReplayer Proof replay took 14.9ns 
17590      INFO  main            d.u.i.k.p.r.p.TestFile    ... finished proof: closed. 
17795      INFO  main            d.u.i.k.p.i.AbstractProblemLoader Loading environment from /home/runner/work/key/key/key.core/../key.ui/examples/heap/block_contracts/Simple__addAbsoluteValues.key.proof 
17796      DEBUG main            d.u.i.k.p.i.AbstractProblemLoader Environment load took 1.39ms 
17798      INFO  main            d.u.i.k.p.i.AbstractProblemLoader Creating init config 
20936      DEBUG main            d.u.i.k.p.i.AbstractProblemLoader Init config took 3.14s 
20997      INFO  main            d.u.i.k.p.i.AbstractProblemLoader Replaying proof Simple[Simple::addAbsoluteValues(int,int)].JML normal_behavior operation contract.0 
21201      DEBUG main            d.u.i.k.p.i.IntermediateProofReplayer Proof replay took 196.01ms 
21202      DEBUG main            d.u.i.k.p.r.p.TestFile    ... success: reloaded. 
21203      INFO  main            d.u.i.k.p.r.p.TestFile    Now processing file /home/runner/work/key/key/key.core/../key.ui/examples/heap/block_contracts/Simple__addWithJump.key 
21203      INFO  main            d.u.i.k.p.i.AbstractProblemLoader Loading environment from /home/runner/work/key/key/key.core/../key.ui/examples/heap/block_contracts/Simple__addWithJump.key 
21203      DEBUG main            d.u.i.k.p.i.AbstractProblemLoader Environment load took 74.4ns 
21204      INFO  main            d.u.i.k.p.i.AbstractProblemLoader Creating init config 
24330      DEBUG main            d.u.i.k.p.i.AbstractProblemLoader Init config took 3.13s 
24382      INFO  main            d.u.i.k.p.i.AbstractProblemLoader Replaying proof Simple[Simple::addWithJump(int,int,int)].JML operation contract.0 
24388      DEBUG main            d.u.i.k.p.i.IntermediateProofReplayer Proof replay took 11.1ns 
24590      INFO  main            d.u.i.k.p.r.p.TestFile    ... finished proof: closed. 
24771      INFO  main            d.u.i.k.p.i.AbstractProblemLoader Loading environment from /home/runner/work/key/key/key.core/../key.ui/examples/heap/block_contracts/Simple__addWithJump.key.proof 
24771      DEBUG main            d.u.i.k.p.i.AbstractProblemLoader Environment load took 141.1ns 
24774      INFO  main            d.u.i.k.p.i.AbstractProblemLoader Creating init config 
27790      DEBUG main            d.u.i.k.p.i.AbstractProblemLoader Init config took 3.02s 
27841      INFO  main            d.u.i.k.p.i.AbstractProblemLoader Replaying proof Simple[Simple::addWithJump(int,int,int)].JML operation contract.0 
27892      DEBUG main            d.u.i.k.p.i.IntermediateProofReplayer Proof replay took 47.25ms 
27894      DEBUG main            d.u.i.k.p.r.p.TestFile    ... success: reloaded. 
27895      INFO  main            d.u.i.k.p.r.p.TestFile    Now processing file /home/runner/work/key/key/key.core/../key.ui/examples/heap/block_contracts/Simple__addWithTwoBlockContracts.key 
27896      INFO  main            d.u.i.k.p.i.AbstractProblemLoader Loading environment from /home/runner/work/key/key/key.core/../key.ui/examples/heap/block_contracts/Simple__addWithTwoBlockContracts.key 
27896      DEBUG main            d.u.i.k.p.i.AbstractProblemLoader Environment load took 633.21ns 
27897      INFO  main            d.u.i.k.p.i.AbstractProblemLoader Creating init config 
30918      DEBUG main            d.u.i.k.p.i.AbstractProblemLoader Init config took 3.02s 
30983      INFO  main            d.u.i.k.p.i.AbstractProblemLoader Replaying proof Simple[Simple::addWithTwoBlockContracts(int,int,int)].JML operation contract.0 
30985      DEBUG main            d.u.i.k.p.i.IntermediateProofReplayer Proof replay took 12.1ns 
31188      INFO  main            d.u.i.k.p.r.p.TestFile    ... finished proof: closed. 
31380      INFO  main            d.u.i.k.p.i.AbstractProblemLoader Loading environment from /home/runner/work/key/key/key.core/../key.ui/examples/heap/block_contracts/Simple__addWithTwoBlockContracts.key.proof 
31381      DEBUG main            d.u.i.k.p.i.AbstractProblemLoader Environment load took 121.5ns 
31382      INFO  main            d.u.i.k.p.i.AbstractProblemLoader Creating init config 
34398      DEBUG main            d.u.i.k.p.i.AbstractProblemLoader Init config took 3.02s 
34441      INFO  main            d.u.i.k.p.i.AbstractProblemLoader Replaying proof Simple[Simple::addWithTwoBlockContracts(int,int,int)].JML operation contract.0 
34501      DEBUG main            d.u.i.k.p.i.IntermediateProofReplayer Proof replay took 57.23ms 
34502      DEBUG main            d.u.i.k.p.r.p.TestFile    ... success: reloaded. 
34503      INFO  main            d.u.i.k.p.r.p.TestFile    Now processing file /home/runner/work/key/key/key.core/../key.ui/examples/heap/block_contracts/Simple__generateByteArray.key 
34503      INFO  main            d.u.i.k.p.i.AbstractProblemLoader Loading environment from /home/runner/work/key/key/key.core/../key.ui/examples/heap/block_contracts/Simple__generateByteArray.key 
34503      DEBUG main            d.u.i.k.p.i.AbstractProblemLoader Environment load took 176.9ns 
34504      INFO  main            d.u.i.k.p.i.AbstractProblemLoader Creating init config 
37515      DEBUG main            d.u.i.k.p.i.AbstractProblemLoader Init config took 3.01s 
37570      INFO  main            d.u.i.k.p.i.AbstractProblemLoader Replaying proof Simple[Simple::generateByteArray()].JML normal_behavior operation contract.0 
37573      DEBUG main            d.u.i.k.p.i.IntermediateProofReplayer Proof replay took 12.1ns 
39884      INFO  main            d.u.i.k.p.r.p.TestFile    ... finished proof: closed. 
40104      INFO  main            d.u.i.k.p.i.AbstractProblemLoader Loading environment from /home/runner/work/key/key/key.core/../key.ui/examples/heap/block_contracts/Simple__generateByteArray.key.proof 
40104      DEBUG main            d.u.i.k.p.i.AbstractProblemLoader Environment load took 144.1ns 
40105      INFO  main            d.u.i.k.p.i.AbstractProblemLoader Creating init config 
43052      DEBUG main            d.u.i.k.p.i.AbstractProblemLoader Init config took 2.95s 
43100      INFO  main            d.u.i.k.p.i.AbstractProblemLoader Replaying proof Simple[Simple::generateByteArray()].JML normal_behavior operation contract.0 
43420      DEBUG main            d.u.i.k.p.i.IntermediateProofReplayer Proof replay took 303.26ms 
43421      DEBUG main            d.u.i.k.p.r.p.TestFile    ... success: reloaded. 
43422      INFO  main            d.u.i.k.p.r.p.TestFile    Now processing file /home/runner/work/key/key/key.core/../key.ui/examples/heap/block_contracts/Simple__getLength.key 
43423      INFO  main            d.u.i.k.p.i.AbstractProblemLoader Loading environment from /home/runner/work/key/key/key.core/../key.ui/examples/heap/block_contracts/Simple__getLength.key 
43423      DEBUG main            d.u.i.k.p.i.AbstractProblemLoader Environment load took 151.6ns 
43424      INFO  main            d.u.i.k.p.i.AbstractProblemLoader Creating init config 
46482      DEBUG main            d.u.i.k.p.i.AbstractProblemLoader Init config took 3.06s 
46524      INFO  main            d.u.i.k.p.i.AbstractProblemLoader Replaying proof Simple[Simple::getLength()].JML normal_behavior operation contract.0 
46526      DEBUG main            d.u.i.k.p.i.IntermediateProofReplayer Proof replay took 11.2ns 
46629      INFO  main            d.u.i.k.p.r.p.TestFile    ... finished proof: closed. 
46826      INFO  main            d.u.i.k.p.i.AbstractProblemLoader Loading environment from /home/runner/work/key/key/key.core/../key.ui/examples/heap/block_contracts/Simple__getLength.key.proof 
46826      DEBUG main            d.u.i.k.p.i.AbstractProblemLoader Environment load took 127.3ns 
46827      INFO  main            d.u.i.k.p.i.AbstractProblemLoader Creating init config 
49799      DEBUG main            d.u.i.k.p.i.AbstractProblemLoader Init config took 2.97s 
49841      INFO  main            d.u.i.k.p.i.AbstractProblemLoader Replaying proof Simple[Simple::getLength()].JML normal_behavior operation contract.0 
49850      DEBUG main            d.u.i.k.p.i.IntermediateProofReplayer Proof replay took 7.16ms 
49851      DEBUG main            d.u.i.k.p.r.p.TestFile    ... success: reloaded. 
49852      INFO  main            d.u.i.k.p.r.p.TestFile    Now processing file /home/runner/work/key/key/key.core/../key.ui/examples/heap/block_contracts/Simple__square.key 
49852      INFO  main            d.u.i.k.p.i.AbstractProblemLoader Loading environment from /home/runner/work/key/key/key.core/../key.ui/examples/heap/block_contracts/Simple__square.key 
49852      DEBUG main            d.u.i.k.p.i.AbstractProblemLoader Environment load took 242.6ns 
49853      INFO  main            d.u.i.k.p.i.AbstractProblemLoader Creating init config 
52887      DEBUG main            d.u.i.k.p.i.AbstractProblemLoader Init config took 3.03s 
52928      INFO  main            d.u.i.k.p.i.AbstractProblemLoader Replaying proof Simple[Simple::square(int)].JML operation contract.0 
52930      DEBUG main            d.u.i.k.p.i.IntermediateProofReplayer Proof replay took 10.6ns 
53333      INFO  main            d.u.i.k.p.r.p.TestFile    ... finished proof: closed. 
53500      INFO  main            d.u.i.k.p.i.AbstractProblemLoader Loading environment from /home/runner/work/key/key/key.core/../key.ui/examples/heap/block_contracts/Simple__square.key.proof 
53500      DEBUG main            d.u.i.k.p.i.AbstractProblemLoader Environment load took 508.21ns 
53501      INFO  main            d.u.i.k.p.i.AbstractProblemLoader Creating init config 
56452      DEBUG main            d.u.i.k.p.i.AbstractProblemLoader Init config took 2.95s 
56492      INFO  main            d.u.i.k.p.i.AbstractProblemLoader Replaying proof Simple[Simple::square(int)].JML operation contract.0 
56605      DEBUG main            d.u.i.k.p.i.IntermediateProofReplayer Proof replay took 109.95ms 
56607      DEBUG main            d.u.i.k.p.r.p.TestFile    ... success: reloaded. 
56608      INFO  main            d.u.i.k.p.r.p.TestFile    Now processing file /home/runner/work/key/key/key.core/../key.ui/examples/heap/block_contracts/Simple__unnecessaryBlockContract.key 
56608      INFO  main            d.u.i.k.p.i.AbstractProblemLoader Loading environment from /home/runner/work/key/key/key.core/../key.ui/examples/heap/block_contracts/Simple__unnecessaryBlockContract.key 
56609      DEBUG main            d.u.i.k.p.i.AbstractProblemLoader Environment load took 231.5ns 
56610      INFO  main            d.u.i.k.p.i.AbstractProblemLoader Creating init config 
59580      DEBUG main            d.u.i.k.p.i.AbstractProblemLoader Init config took 2.97s 
59619      INFO  main            d.u.i.k.p.i.AbstractProblemLoader Replaying proof Simple[Simple::unnecessaryBlockContract()].JML operation contract.0 
59620      DEBUG main            d.u.i.k.p.i.IntermediateProofReplayer Proof replay took 21.2ns 
59724      INFO  main            d.u.i.k.p.r.p.TestFile    ... finished proof: closed. 
59929      INFO  main            d.u.i.k.p.i.AbstractProblemLoader Loading environment from /home/runner/work/key/key/key.core/../key.ui/examples/heap/block_contracts/Simple__unnecessaryBlockContract.key.proof 
59929      DEBUG main            d.u.i.k.p.i.AbstractProblemLoader Environment load took 134.5ns 
59930      INFO  main            d.u.i.k.p.i.AbstractProblemLoader Creating init config 
62872      DEBUG main            d.u.i.k.p.i.AbstractProblemLoader Init config took 2.94s 
62911      INFO  main            d.u.i.k.p.i.AbstractProblemLoader Replaying proof Simple[Simple::unnecessaryBlockContract()].JML operation contract.0 
62934      DEBUG main            d.u.i.k.p.i.IntermediateProofReplayer Proof replay took 21.62ms 
62935      DEBUG main            d.u.i.k.p.r.p.TestFile    ... success: reloaded. 
62936      INFO  main            d.u.i.k.p.r.p.TestFile    Now processing file /home/runner/work/key/key/key.core/../key.ui/examples/heap/block_contracts/Simple__unnecessaryLoopInvariant.key 
62936      INFO  main            d.u.i.k.p.i.AbstractProblemLoader Loading environment from /home/runner/work/key/key/key.core/../key.ui/examples/heap/block_contracts/Simple__unnecessaryLoopInvariant.key 
62937      DEBUG main            d.u.i.k.p.i.AbstractProblemLoader Environment load took 111.5ns 
62937      INFO  main            d.u.i.k.p.i.AbstractProblemLoader Creating init config 
65847      DEBUG main            d.u.i.k.p.i.AbstractProblemLoader Init config took 2.91s 
65893      INFO  main            d.u.i.k.p.i.AbstractProblemLoader Replaying proof Simple[Simple::unnecessaryLoopInvariant()].JML operation contract.0 
65894      DEBUG main            d.u.i.k.p.i.IntermediateProofReplayer Proof replay took 11.8ns 
65996      INFO  main            d.u.i.k.p.r.p.TestFile    ... finished proof: closed. 
66187      INFO  main            d.u.i.k.p.i.AbstractProblemLoader Loading environment from /home/runner/work/key/key/key.core/../key.ui/examples/heap/block_contracts/Simple__unnecessaryLoopInvariant.key.proof 
66187      DEBUG main            d.u.i.k.p.i.AbstractProblemLoader Environment load took 123.2ns 
66188      INFO  main            d.u.i.k.p.i.AbstractProblemLoader Creating init config 
69064      DEBUG main            d.u.i.k.p.i.AbstractProblemLoader Init config took 2.88s 
69101      INFO  main            d.u.i.k.p.i.AbstractProblemLoader Replaying proof Simple[Simple::unnecessaryLoopInvariant()].JML operation contract.0 
69114      DEBUG main            d.u.i.k.p.i.IntermediateProofReplayer Proof replay took 10.99ms 
69114      DEBUG main            d.u.i.k.p.r.p.TestFile    ... success: reloaded. 
69116      INFO  main            d.u.i.k.p.r.p.TestFile    Now processing file /home/runner/work/key/key/key.core/../key.ui/examples/standard_key/java_dl/jml-assert/assert.key 
69116      INFO  main            d.u.i.k.p.i.AbstractProblemLoader Loading environment from /home/runner/work/key/key/key.core/../key.ui/examples/standard_key/java_dl/jml-assert/assert.key 
69116      DEBUG main            d.u.i.k.p.i.AbstractProblemLoader Environment load took 105.7ns 
69117      INFO  main            d.u.i.k.p.i.AbstractProblemLoader Creating init config 
71699      DEBUG main            d.u.i.k.p.i.AbstractProblemLoader Init config took 2.58s 
71738      INFO  main            d.u.i.k.p.i.AbstractProblemLoader Replaying proof Assert[Assert::createArray(int)].JML normal_behavior operation contract.0 
71740      DEBUG main            d.u.i.k.p.i.IntermediateProofReplayer Proof replay took 6.2ns 
71942      INFO  main            d.u.i.k.p.r.p.TestFile    ... finished proof: closed. 
72140      INFO  main            d.u.i.k.p.i.AbstractProblemLoader Loading environment from /home/runner/work/key/key/key.core/../key.ui/examples/standard_key/java_dl/jml-assert/assert.key.proof 
72140      DEBUG main            d.u.i.k.p.i.AbstractProblemLoader Environment load took 124ns 
72141      INFO  main            d.u.i.k.p.i.AbstractProblemLoader Creating init config 
74674      DEBUG main            d.u.i.k.p.i.AbstractProblemLoader Init config took 2.53s 
74711      INFO  main            d.u.i.k.p.i.AbstractProblemLoader Replaying proof Assert[Assert::createArray(int)].JML normal_behavior operation contract.0 
74758      DEBUG main            d.u.i.k.p.i.IntermediateProofReplayer Proof replay took 44.29ms 
74759      DEBUG main            d.u.i.k.p.r.p.TestFile    ... success: reloaded. 
74760      INFO  main            d.u.i.k.p.r.p.TestFile    Now processing file /home/runner/work/key/key/key.core/../key.ui/examples/standard_key/java_dl/jml-assert/assert_assume_order.key 
74761      INFO  main            d.u.i.k.p.i.AbstractProblemLoader Loading environment from /home/runner/work/key/key/key.core/../key.ui/examples/standard_key/java_dl/jml-assert/assert_assume_order.key 
74761      DEBUG main            d.u.i.k.p.i.AbstractProblemLoader Environment load took 106.8ns 
74762      INFO  main            d.u.i.k.p.i.AbstractProblemLoader Creating init config 
77380      DEBUG main            d.u.i.k.p.i.AbstractProblemLoader Init config took 2.62s 
77415      INFO  main            d.u.i.k.p.i.AbstractProblemLoader Replaying proof AssertAssume[AssertAssume::singleAssumeAssert(int)].JML normal_behavior operation contract.0 
77417      DEBUG main            d.u.i.k.p.i.IntermediateProofReplayer Proof replay took 6.3ns 
77520      INFO  main            d.u.i.k.p.r.p.TestFile    ... finished proof: closed. 
77712      INFO  main            d.u.i.k.p.i.AbstractProblemLoader Loading environment from /home/runner/work/key/key/key.core/../key.ui/examples/standard_key/java_dl/jml-assert/assert_assume_order.key.proof 
77712      DEBUG main            d.u.i.k.p.i.AbstractProblemLoader Environment load took 121.9ns 
77713      INFO  main            d.u.i.k.p.i.AbstractProblemLoader Creating init config 
80239      DEBUG main            d.u.i.k.p.i.AbstractProblemLoader Init config took 2.53s 
80274      INFO  main            d.u.i.k.p.i.AbstractProblemLoader Replaying proof AssertAssume[AssertAssume::singleAssumeAssert(int)].JML normal_behavior operation contract.0 
80287      DEBUG main            d.u.i.k.p.i.IntermediateProofReplayer Proof replay took 8.73ms 
80289      DEBUG main            d.u.i.k.p.r.p.TestFile    ... success: reloaded. 
80291      INFO  main            d.u.i.k.p.r.p.TestFile    Now processing file /home/runner/work/key/key/key.core/../key.ui/examples/heap/block_loop_contracts/SimpleVariants/sum_onBlock_external.key 
80291      INFO  main            d.u.i.k.p.i.AbstractProblemLoader Loading environment from /home/runner/work/key/key/key.core/../key.ui/examples/heap/block_loop_contracts/SimpleVariants/sum_onBlock_external.key 
80294      DEBUG main            d.u.i.k.p.i.AbstractProblemLoader Environment load took 3.05ms 
80296      INFO  main            d.u.i.k.p.i.AbstractProblemLoader Creating init config 
83164      DEBUG main            d.u.i.k.p.i.AbstractProblemLoader Init config took 2.87s 
83201      INFO  main            d.u.i.k.p.i.AbstractProblemLoader Replaying proof LoopContractExamplesAll[LoopContractExamplesAll::sum_loopContract_onBlock([I)].JML normal_behavior operation contract.0 
83203      DEBUG main            d.u.i.k.p.i.IntermediateProofReplayer Proof replay took 10.5ns 
83308      INFO  main            d.u.i.k.p.r.p.TestFile    ... finished proof: closed. 
83528      INFO  main            d.u.i.k.p.i.AbstractProblemLoader Loading environment from /home/runner/work/key/key/key.core/../key.ui/examples/heap/block_loop_contracts/SimpleVariants/sum_onBlock_external.key.proof 
83528      DEBUG main            d.u.i.k.p.i.AbstractProblemLoader Environment load took 127.4ns 
83529      INFO  main            d.u.i.k.p.i.AbstractProblemLoader Creating init config 
86241      DEBUG main            d.u.i.k.p.i.AbstractProblemLoader Init config took 2.71s 
86292      INFO  main            d.u.i.k.p.i.AbstractProblemLoader Replaying proof LoopContractExamplesAll[LoopContractExamplesAll::sum_loopContract_onBlock([I)].JML normal_behavior operation contract.0 
86332      DEBUG main            d.u.i.k.p.i.IntermediateProofReplayer Proof replay took 36.17ms 
86333      DEBUG main            d.u.i.k.p.r.p.TestFile    ... success: reloaded. 
86334      INFO  main            d.u.i.k.p.r.p.TestFile    Now processing file /home/runner/work/key/key/key.core/../key.ui/examples/heap/block_loop_contracts/SimpleVariants/sum_onBlock_internal.key 
86335      INFO  main            d.u.i.k.p.i.AbstractProblemLoader Loading environment from /home/runner/work/key/key/key.core/../key.ui/examples/heap/block_loop_contracts/SimpleVariants/sum_onBlock_internal.key 
86335      DEBUG main            d.u.i.k.p.i.AbstractProblemLoader Environment load took 242ns 
86336      INFO  main            d.u.i.k.p.i.AbstractProblemLoader Creating init config 
89124      DEBUG main            d.u.i.k.p.i.AbstractProblemLoader Init config took 2.79s 
89157      INFO  main            d.u.i.k.p.i.AbstractProblemLoader Replaying proof LoopContractExamplesAll[LoopContractExamplesAll::sum_loopContract_onBlock([I)].JML normal_behavior operation contract.0 
89158      DEBUG main            d.u.i.k.p.i.IntermediateProofReplayer Proof replay took 12ns 
89866      INFO  main            d.u.i.k.p.r.p.TestFile    ... finished proof: closed. 
90118      INFO  main            d.u.i.k.p.i.AbstractProblemLoader Loading environment from /home/runner/work/key/key/key.core/../key.ui/examples/heap/block_loop_contracts/SimpleVariants/sum_onBlock_internal.key.proof 
90118      DEBUG main            d.u.i.k.p.i.AbstractProblemLoader Environment load took 126.3ns 
90120      INFO  main            d.u.i.k.p.i.AbstractProblemLoader Creating init config 
92824      DEBUG main            d.u.i.k.p.i.AbstractProblemLoader Init config took 2.7s 
92857      INFO  main            d.u.i.k.p.i.AbstractProblemLoader Replaying proof LoopContractExamplesAll[LoopContractExamplesAll::sum_loopContract_onBlock([I)].JML normal_behavior operation contract.0 
93108      DEBUG main            d.u.i.k.p.i.IntermediateProofReplayer Proof replay took 247.65ms 
93110      DEBUG main            d.u.i.k.p.r.p.TestFile    ... success: reloaded. 
93111      INFO  main            d.u.i.k.p.r.p.TestFile    Now processing file /home/runner/work/key/key/key.core/../key.ui/examples/heap/block_loop_contracts/SimpleVariants/sum_onBlock_loop.key 
93111      INFO  main            d.u.i.k.p.i.AbstractProblemLoader Loading environment from /home/runner/work/key/key/key.core/../key.ui/examples/heap/block_loop_contracts/SimpleVariants/sum_onBlock_loop.key 
93111      DEBUG main            d.u.i.k.p.i.AbstractProblemLoader Environment load took 55.9ns 
93112      INFO  main            d.u.i.k.p.i.AbstractProblemLoader Creating init config 
95898      DEBUG main            d.u.i.k.p.i.AbstractProblemLoader Init config took 2.79s 
95935      INFO  main            d.u.i.k.p.i.AbstractProblemLoader Replaying proof LoopContractExamplesAll[LoopContractExamplesAll::sum_loopContract_onBlock([I)].JML normal_behavior loop contract.0 
95936      DEBUG main            d.u.i.k.p.i.IntermediateProofReplayer Proof replay took 23.5ns 
96741      INFO  main            d.u.i.k.p.r.p.TestFile    ... finished proof: closed. 
97013      INFO  main            d.u.i.k.p.i.AbstractProblemLoader Loading environment from /home/runner/work/key/key/key.core/../key.ui/examples/heap/block_loop_contracts/SimpleVariants/sum_onBlock_loop.key.proof 
97014      DEBUG main            d.u.i.k.p.i.AbstractProblemLoader Environment load took 489.71ns 
97015      INFO  main            d.u.i.k.p.i.AbstractProblemLoader Creating init config 
99747      DEBUG main            d.u.i.k.p.i.AbstractProblemLoader Init config took 2.73s 
99791      INFO  main            d.u.i.k.p.i.AbstractProblemLoader Replaying proof LoopContractExamplesAll[LoopContractExamplesAll::sum_loopContract_onBlock([I)].JML normal_behavior loop contract.0 
100035     DEBUG main            d.u.i.k.p.i.IntermediateProofReplayer Proof replay took 240.14ms 
100035     DEBUG main            d.u.i.k.p.r.p.TestFile    ... success: reloaded. 
100037     INFO  main            d.u.i.k.p.r.p.TestFile    Now processing file /home/runner/work/key/key/key.core/../key.ui/examples/heap/block_loop_contracts/SimpleVariants/sum_onLoop_external.key 
100037     INFO  main            d.u.i.k.p.i.AbstractProblemLoader Loading environment from /home/runner/work/key/key/key.core/../key.ui/examples/heap/block_loop_contracts/SimpleVariants/sum_onLoop_external.key 
100037     DEBUG main            d.u.i.k.p.i.AbstractProblemLoader Environment load took 208.1ns 
100038     INFO  main            d.u.i.k.p.i.AbstractProblemLoader Creating init config 
102804     DEBUG main            d.u.i.k.p.i.AbstractProblemLoader Init config took 2.77s 
102837     INFO  main            d.u.i.k.p.i.AbstractProblemLoader Replaying proof LoopContractExamplesAll[LoopContractExamplesAll::sum_loopContract_onLoop([I)].JML normal_behavior operation contract.0 
102838     DEBUG main            d.u.i.k.p.i.IntermediateProofReplayer Proof replay took 11.7ns 
102940     INFO  main            d.u.i.k.p.r.p.TestFile    ... finished proof: closed. 
103237     INFO  main            d.u.i.k.p.i.AbstractProblemLoader Loading environment from /home/runner/work/key/key/key.core/../key.ui/examples/heap/block_loop_contracts/SimpleVariants/sum_onLoop_external.key.proof 
103237     DEBUG main            d.u.i.k.p.i.AbstractProblemLoader Environment load took 118.7ns 
103238     INFO  main            d.u.i.k.p.i.AbstractProblemLoader Creating init config 
105989     DEBUG main            d.u.i.k.p.i.AbstractProblemLoader Init config took 2.75s 
106022     INFO  main            d.u.i.k.p.i.AbstractProblemLoader Replaying proof LoopContractExamplesAll[LoopContractExamplesAll::sum_loopContract_onLoop([I)].JML normal_behavior operation contract.0 
106051     DEBUG main            d.u.i.k.p.i.IntermediateProofReplayer Proof replay took 26.98ms 
106051     DEBUG main            d.u.i.k.p.r.p.TestFile    ... success: reloaded. 
106052     INFO  main            d.u.i.k.p.r.p.TestFile    Now processing file /home/runner/work/key/key/key.core/../key.ui/examples/heap/block_loop_contracts/SimpleVariants/sum_onLoop_internal.key 
106053     INFO  main            d.u.i.k.p.i.AbstractProblemLoader Loading environment from /home/runner/work/key/key/key.core/../key.ui/examples/heap/block_loop_contracts/SimpleVariants/sum_onLoop_internal.key 
106053     DEBUG main            d.u.i.k.p.i.AbstractProblemLoader Environment load took 92.6ns 
106054     INFO  main            d.u.i.k.p.i.AbstractProblemLoader Creating init config 
108772     DEBUG main            d.u.i.k.p.i.AbstractProblemLoader Init config took 2.72s 
108805     INFO  main            d.u.i.k.p.i.AbstractProblemLoader Replaying proof LoopContractExamplesAll[LoopContractExamplesAll::sum_loopContract_onLoop([I)].JML normal_behavior operation contract.0 
108806     DEBUG main            d.u.i.k.p.i.IntermediateProofReplayer Proof replay took 11ns 
109440     INFO  main            d.u.i.k.p.r.p.TestFile    ... finished proof: closed. 
109692     INFO  main            d.u.i.k.p.i.AbstractProblemLoader Loading environment from /home/runner/work/key/key/key.core/../key.ui/examples/heap/block_loop_contracts/SimpleVariants/sum_onLoop_internal.key.proof 
109692     DEBUG main            d.u.i.k.p.i.AbstractProblemLoader Environment load took 123.7ns 
109694     INFO  main            d.u.i.k.p.i.AbstractProblemLoader Creating init config 
112392     DEBUG main            d.u.i.k.p.i.AbstractProblemLoader Init config took 2.7s 
112425     INFO  main            d.u.i.k.p.i.AbstractProblemLoader Replaying proof LoopContractExamplesAll[LoopContractExamplesAll::sum_loopContract_onLoop([I)].JML normal_behavior operation contract.0 
112650     DEBUG main            d.u.i.k.p.i.IntermediateProofReplayer Proof replay took 221.23ms 
112651     DEBUG main            d.u.i.k.p.r.p.TestFile    ... success: reloaded. 
112652     INFO  main            d.u.i.k.p.r.p.TestFile    Now processing file /home/runner/work/key/key/key.core/../key.ui/examples/heap/block_loop_contracts/SimpleVariants/sum_onLoop_loop.key 
112652     INFO  main            d.u.i.k.p.i.AbstractProblemLoader Loading environment from /home/runner/work/key/key/key.core/../key.ui/examples/heap/block_loop_contracts/SimpleVariants/sum_onLoop_loop.key 
112653     DEBUG main            d.u.i.k.p.i.AbstractProblemLoader Environment load took 233.4ns 
112654     INFO  main            d.u.i.k.p.i.AbstractProblemLoader Creating init config 
115453     DEBUG main            d.u.i.k.p.i.AbstractProblemLoader Init config took 2.8s 
115509     INFO  main            d.u.i.k.p.i.AbstractProblemLoader Replaying proof LoopContractExamplesAll[LoopContractExamplesAll::sum_loopContract_onLoop([I)].JML normal_behavior loop contract.0 
115511     DEBUG main            d.u.i.k.p.i.IntermediateProofReplayer Proof replay took 11.1ns 
116214     INFO  main            d.u.i.k.p.r.p.TestFile    ... finished proof: closed. 
116540     INFO  main            d.u.i.k.p.i.AbstractProblemLoader Loading environment from /home/runner/work/key/key/key.core/../key.ui/examples/heap/block_loop_contracts/SimpleVariants/sum_onLoop_loop.key.proof 
116542     DEBUG main            d.u.i.k.p.i.AbstractProblemLoader Environment load took 1.95ms 
116544     INFO  main            d.u.i.k.p.i.AbstractProblemLoader Creating init config 
119242     DEBUG main            d.u.i.k.p.i.AbstractProblemLoader Init config took 2.7s 
119285     INFO  main            d.u.i.k.p.i.AbstractProblemLoader Replaying proof LoopContractExamplesAll[LoopContractExamplesAll::sum_loopContract_onLoop([I)].JML normal_behavior loop contract.0 
119558     DEBUG main            d.u.i.k.p.i.IntermediateProofReplayer Proof replay took 266.96ms 
119559     DEBUG main            d.u.i.k.p.r.p.TestFile    ... success: reloaded. 
119560     INFO  main            d.u.i.k.p.r.p.TestFile    Now processing file /home/runner/work/key/key/key.core/../key.ui/examples/heap/block_loop_contracts/Free/blockContracts0.key 
119560     INFO  main            d.u.i.k.p.i.AbstractProblemLoader Loading environment from /home/runner/work/key/key/key.core/../key.ui/examples/heap/block_loop_contracts/Free/blockContracts0.key 
119561     DEBUG main            d.u.i.k.p.i.AbstractProblemLoader Environment load took 636.11ns 
119562     INFO  main            d.u.i.k.p.i.AbstractProblemLoader Creating init config 
122017     DEBUG main            d.u.i.k.p.i.AbstractProblemLoader Init config took 2.46s 
122050     INFO  main            d.u.i.k.p.i.AbstractProblemLoader Replaying proof FreeConditions[FreeConditions::blockContract0()].JML normal_behavior operation contract.0 
122051     DEBUG main            d.u.i.k.p.i.IntermediateProofReplayer Proof replay took 11.2ns 
122153     INFO  main            d.u.i.k.p.r.p.TestFile    ... finished proof: closed. 
122432     INFO  main            d.u.i.k.p.i.AbstractProblemLoader Loading environment from /home/runner/work/key/key/key.core/../key.ui/examples/heap/block_loop_contracts/Free/blockContracts0.key.proof 
122432     DEBUG main            d.u.i.k.p.i.AbstractProblemLoader Environment load took 112ns 
122433     INFO  main            d.u.i.k.p.i.AbstractProblemLoader Creating init config 
124792     DEBUG main            d.u.i.k.p.i.AbstractProblemLoader Init config took 2.36s 
124825     INFO  main            d.u.i.k.p.i.AbstractProblemLoader Replaying proof FreeConditions[FreeConditions::blockContract0()].JML normal_behavior operation contract.0 
124845     DEBUG main            d.u.i.k.p.i.IntermediateProofReplayer Proof replay took 19.11ms 
124846     DEBUG main            d.u.i.k.p.r.p.TestFile    ... success: reloaded. 
124847     INFO  main            d.u.i.k.p.r.p.TestFile    Now processing file /home/runner/work/key/key/key.core/../key.ui/examples/heap/block_loop_contracts/Free/blockContracts1.key 
124847     INFO  main            d.u.i.k.p.i.AbstractProblemLoader Loading environment from /home/runner/work/key/key/key.core/../key.ui/examples/heap/block_loop_contracts/Free/blockContracts1.key 
124847     DEBUG main            d.u.i.k.p.i.AbstractProblemLoader Environment load took 91.1ns 
124848     INFO  main            d.u.i.k.p.i.AbstractProblemLoader Creating init config 
127268     DEBUG main            d.u.i.k.p.i.AbstractProblemLoader Init config took 2.42s 
127300     INFO  main            d.u.i.k.p.i.AbstractProblemLoader Replaying proof FreeConditions[FreeConditions::blockContract1()].JML normal_behavior operation contract.0 
127302     DEBUG main            d.u.i.k.p.i.IntermediateProofReplayer Proof replay took 12.4ns 
127405     INFO  main            d.u.i.k.p.r.p.TestFile    ... finished proof: closed. 
127667     INFO  main            d.u.i.k.p.i.AbstractProblemLoader Loading environment from /home/runner/work/key/key/key.core/../key.ui/examples/heap/block_loop_contracts/Free/blockContracts1.key.proof 
127667     DEBUG main            d.u.i.k.p.i.AbstractProblemLoader Environment load took 116.9ns 
127668     INFO  main            d.u.i.k.p.i.AbstractProblemLoader Creating init config 
130040     DEBUG main            d.u.i.k.p.i.AbstractProblemLoader Init config took 2.37s 
130072     INFO  main            d.u.i.k.p.i.AbstractProblemLoader Replaying proof FreeConditions[FreeConditions::blockContract1()].JML normal_behavior operation contract.0 
130090     DEBUG main            d.u.i.k.p.i.IntermediateProofReplayer Proof replay took 16.08ms 
130091     DEBUG main            d.u.i.k.p.r.p.TestFile    ... success: reloaded. 
130092     INFO  main            d.u.i.k.p.r.p.TestFile    Now processing file /home/runner/work/key/key/key.core/../key.ui/examples/heap/block_loop_contracts/Finally/block_finally.key 
130092     INFO  main            d.u.i.k.p.i.AbstractProblemLoader Loading environment from /home/runner/work/key/key/key.core/../key.ui/examples/heap/block_loop_contracts/Finally/block_finally.key 
130092     DEBUG main            d.u.i.k.p.i.AbstractProblemLoader Environment load took 94.7ns 
130093     INFO  main            d.u.i.k.p.i.AbstractProblemLoader Creating init config 
132542     DEBUG main            d.u.i.k.p.i.AbstractProblemLoader Init config took 2.45s 
132576     INFO  main            d.u.i.k.p.i.AbstractProblemLoader Replaying proof AuxiliaryContractsFinally[AuxiliaryContractsFinally::breakThrowContinueBlockContract(java.lang.Exception)].JML block contract.0 
132578     DEBUG main            d.u.i.k.p.i.IntermediateProofReplayer Proof replay took 12.7ns 
133182     INFO  main            d.u.i.k.p.r.p.TestFile    ... finished proof: open goal(s) 
133441     INFO  main            d.u.i.k.p.r.p.TestFile    Now processing file /home/runner/work/key/key/key.core/../key.ui/examples/heap/block_loop_contracts/Finally/loop_finally.key 
133441     INFO  main            d.u.i.k.p.i.AbstractProblemLoader Loading environment from /home/runner/work/key/key/key.core/../key.ui/examples/heap/block_loop_contracts/Finally/loop_finally.key 
133441     DEBUG main            d.u.i.k.p.i.AbstractProblemLoader Environment load took 55.5ns 
133442     INFO  main            d.u.i.k.p.i.AbstractProblemLoader Creating init config 
135849     DEBUG main            d.u.i.k.p.i.AbstractProblemLoader Init config took 2.41s 
135887     INFO  main            d.u.i.k.p.i.AbstractProblemLoader Replaying proof AuxiliaryContractsFinally[AuxiliaryContractsFinally::breakThrowContinueLoopContract(java.lang.Exception)].JML normal_behavior loop contract.0 
135890     DEBUG main            d.u.i.k.p.i.IntermediateProofReplayer Proof replay took 12.9ns 
136603     INFO  main            d.u.i.k.p.r.p.TestFile    ... finished proof: open goal(s) 
626636     INFO  Test worker     d.u.i.k.p.r.RunAllProofsTestUnit Returning from test blockContracts 
626637     INFO  Test worker     d.u.i.k.p.r.RunAllProofsTestUnit Running test jmlAsserts 
346        INFO  Timeout watchdog d.u.i.k.p.r.p.ForkedTestFileRunner Timeout watcher launched (2000 secs.) 
384        WARN  main            d.u.i.k.s.ProofSettings   The settings in /home/runner/.key/proof-settings.props are *not* read. 
413        INFO  main            d.u.i.k.p.r.p.TestFile    Now processing file /home/runner/work/key/key/key.core/../key.ui/examples/standard_key/java_dl/jml-assert/assert.key 
519        INFO  main            d.u.i.k.p.i.AbstractProblemLoader Loading environment from /home/runner/work/key/key/key.core/../key.ui/examples/standard_key/java_dl/jml-assert/assert.key 
535        DEBUG main            d.u.i.k.p.i.AbstractProblemLoader Environment load took 1.85ms 
776        INFO  main            d.u.i.k.p.i.AbstractProblemLoader Creating init config 
1631       DEBUG main            d.u.i.k.j.TypeConverter   No LDT found for Meta 
1639       DEBUG main            d.u.i.k.j.TypeConverter   No LDT found for Meta 
1641       DEBUG main            d.u.i.k.j.TypeConverter   No LDT found for Meta 
1641       DEBUG main            d.u.i.k.j.TypeConverter   No LDT found for Meta 
2779       DEBUG main            d.u.i.k.j.TypeConverter   No LDT found for JavaBigintExpression 
8011       DEBUG main            d.u.i.k.p.i.AbstractProblemLoader Init config took 7.24s 
8145       INFO  main            d.u.i.k.p.i.AbstractProblemLoader Replaying proof Assert[Assert::createArray(int)].JML normal_behavior operation contract.0 
8178       DEBUG main            d.u.i.k.p.i.IntermediateProofReplayer Proof replay took 32.1ns 
9108       INFO  main            d.u.i.k.p.r.p.TestFile    ... finished proof: closed. 
9229       INFO  main            d.u.i.k.p.i.AbstractProblemLoader Loading environment from /home/runner/work/key/key/key.core/../key.ui/examples/standard_key/java_dl/jml-assert/assert.key.proof 
9230       DEBUG main            d.u.i.k.p.i.AbstractProblemLoader Environment load took 1.11ms 
9235       INFO  main            d.u.i.k.p.i.AbstractProblemLoader Creating init config 
12182      DEBUG main            d.u.i.k.p.i.AbstractProblemLoader Init config took 2.95s 
12252      INFO  main            d.u.i.k.p.i.AbstractProblemLoader Replaying proof Assert[Assert::createArray(int)].JML normal_behavior operation contract.0 
12341      DEBUG main            d.u.i.k.p.i.IntermediateProofReplayer Proof replay took 83.02ms 
12347      DEBUG main            d.u.i.k.p.r.p.TestFile    ... success: reloaded. 
12349      INFO  main            d.u.i.k.p.r.p.TestFile    Now processing file /home/runner/work/key/key/key.core/../key.ui/examples/heap/block_loop_contracts/Free/assertions0.key 
12350      INFO  main            d.u.i.k.p.i.AbstractProblemLoader Loading environment from /home/runner/work/key/key/key.core/../key.ui/examples/heap/block_loop_contracts/Free/assertions0.key 
12350      DEBUG main            d.u.i.k.p.i.AbstractProblemLoader Environment load took 250.4ns 
12352      INFO  main            d.u.i.k.p.i.AbstractProblemLoader Creating init config 
15167      DEBUG main            d.u.i.k.p.i.AbstractProblemLoader Init config took 2.82s 
15230      INFO  main            d.u.i.k.p.i.AbstractProblemLoader Replaying proof FreeConditions[FreeConditions::assertions0()].JML normal_behavior operation contract.0 
15234      DEBUG main            d.u.i.k.p.i.IntermediateProofReplayer Proof replay took 14.2ns 
15336      INFO  main            d.u.i.k.p.r.p.TestFile    ... finished proof: closed. 
15463      INFO  main            d.u.i.k.p.i.AbstractProblemLoader Loading environment from /home/runner/work/key/key/key.core/../key.ui/examples/heap/block_loop_contracts/Free/assertions0.key.proof 
15463      DEBUG main            d.u.i.k.p.i.AbstractProblemLoader Environment load took 139.4ns 
15464      INFO  main            d.u.i.k.p.i.AbstractProblemLoader Creating init config 
18114      DEBUG main            d.u.i.k.p.i.AbstractProblemLoader Init config took 2.65s 
18164      INFO  main            d.u.i.k.p.i.AbstractProblemLoader Replaying proof FreeConditions[FreeConditions::assertions0()].JML normal_behavior operation contract.0 
18189      DEBUG main            d.u.i.k.p.i.IntermediateProofReplayer Proof replay took 22.43ms 
18190      DEBUG main            d.u.i.k.p.r.p.TestFile    ... success: reloaded. 
18192      INFO  main            d.u.i.k.p.r.p.TestFile    Now processing file /home/runner/work/key/key/key.core/../key.ui/examples/heap/block_loop_contracts/Free/assertions1.key 
18192      INFO  main            d.u.i.k.p.i.AbstractProblemLoader Loading environment from /home/runner/work/key/key/key.core/../key.ui/examples/heap/block_loop_contracts/Free/assertions1.key 
18192      DEBUG main            d.u.i.k.p.i.AbstractProblemLoader Environment load took 266ns 
18194      INFO  main            d.u.i.k.p.i.AbstractProblemLoader Creating init config 
20900      DEBUG main            d.u.i.k.p.i.AbstractProblemLoader Init config took 2.71s 
20949      INFO  main            d.u.i.k.p.i.AbstractProblemLoader Replaying proof FreeConditions[FreeConditions::assertions1()].JML normal_behavior operation contract.0 
20951      DEBUG main            d.u.i.k.p.i.IntermediateProofReplayer Proof replay took 12.2ns 
21053      INFO  main            d.u.i.k.p.r.p.TestFile    ... finished proof: closed. 
21225      INFO  main            d.u.i.k.p.i.AbstractProblemLoader Loading environment from /home/runner/work/key/key/key.core/../key.ui/examples/heap/block_loop_contracts/Free/assertions1.key.proof 
21225      DEBUG main            d.u.i.k.p.i.AbstractProblemLoader Environment load took 137.7ns 
21229      INFO  main            d.u.i.k.p.i.AbstractProblemLoader Creating init config 
23863      DEBUG main            d.u.i.k.p.i.AbstractProblemLoader Init config took 2.63s 
23907      INFO  main            d.u.i.k.p.i.AbstractProblemLoader Replaying proof FreeConditions[FreeConditions::assertions1()].JML normal_behavior operation contract.0 
23915      DEBUG main            d.u.i.k.p.i.IntermediateProofReplayer Proof replay took 5.43ms 
23916      DEBUG main            d.u.i.k.p.r.p.TestFile    ... success: reloaded. 
23917      INFO  main            d.u.i.k.p.r.p.TestFile    Now processing file /home/runner/work/key/key/key.core/../key.ui/examples/standard_key/java_dl/jml-assert/recursion-assert.key 
23918      INFO  main            d.u.i.k.p.i.AbstractProblemLoader Loading environment from /home/runner/work/key/key/key.core/../key.ui/examples/standard_key/java_dl/jml-assert/recursion-assert.key 
23918      DEBUG main            d.u.i.k.p.i.AbstractProblemLoader Environment load took 260ns 
23919      INFO  main            d.u.i.k.p.i.AbstractProblemLoader Creating init config 
26708      DEBUG main            d.u.i.k.p.i.AbstractProblemLoader Init config took 2.79s 
26771      INFO  main            d.u.i.k.p.i.AbstractProblemLoader Replaying proof RecursiveMethod[RecursiveMethod::fac1(int)].JML normal_behavior operation contract.0 
26774      DEBUG main            d.u.i.k.p.i.IntermediateProofReplayer Proof replay took 6.9ns 
27077      INFO  main            d.u.i.k.p.r.p.TestFile    ... finished proof: closed. 
27245      INFO  main            d.u.i.k.p.i.AbstractProblemLoader Loading environment from /home/runner/work/key/key/key.core/../key.ui/examples/standard_key/java_dl/jml-assert/recursion-assert.key.proof 
27245      DEBUG main            d.u.i.k.p.i.AbstractProblemLoader Environment load took 537.51ns 
27246      INFO  main            d.u.i.k.p.i.AbstractProblemLoader Creating init config 
29979      DEBUG main            d.u.i.k.p.i.AbstractProblemLoader Init config took 2.73s 
30025      INFO  main            d.u.i.k.p.i.AbstractProblemLoader Replaying proof RecursiveMethod[RecursiveMethod::fac1(int)].JML normal_behavior operation contract.0 
30069      DEBUG main            d.u.i.k.p.i.IntermediateProofReplayer Proof replay took 40.85ms 
30070      DEBUG main            d.u.i.k.p.r.p.TestFile    ... success: reloaded. 
30072      INFO  main            d.u.i.k.p.r.p.TestFile    Now processing file /home/runner/work/key/key/key.core/../key.ui/examples/standard_key/java_dl/jml-assert/recursion-assume.key 
30072      INFO  main            d.u.i.k.p.i.AbstractProblemLoader Loading environment from /home/runner/work/key/key/key.core/../key.ui/examples/standard_key/java_dl/jml-assert/recursion-assume.key 
30072      DEBUG main            d.u.i.k.p.i.AbstractProblemLoader Environment load took 238.1ns 
30073      INFO  main            d.u.i.k.p.i.AbstractProblemLoader Creating init config 
32814      DEBUG main            d.u.i.k.p.i.AbstractProblemLoader Init config took 2.74s 
32858      INFO  main            d.u.i.k.p.i.AbstractProblemLoader Replaying proof RecursiveMethod[RecursiveMethod::fac2(int)].JML normal_behavior operation contract.0 
32860      DEBUG main            d.u.i.k.p.i.IntermediateProofReplayer Proof replay took 6ns 
33064      INFO  main            d.u.i.k.p.r.p.TestFile    ... finished proof: closed. 
33238      INFO  main            d.u.i.k.p.i.AbstractProblemLoader Loading environment from /home/runner/work/key/key/key.core/../key.ui/examples/standard_key/java_dl/jml-assert/recursion-assume.key.proof 
33238      DEBUG main            d.u.i.k.p.i.AbstractProblemLoader Environment load took 140.7ns 
33239      INFO  main            d.u.i.k.p.i.AbstractProblemLoader Creating init config 
35961      DEBUG main            d.u.i.k.p.i.AbstractProblemLoader Init config took 2.72s 
36005      INFO  main            d.u.i.k.p.i.AbstractProblemLoader Replaying proof RecursiveMethod[RecursiveMethod::fac2(int)].JML normal_behavior operation contract.0 
36043      DEBUG main            d.u.i.k.p.i.IntermediateProofReplayer Proof replay took 35.33ms 
36044      DEBUG main            d.u.i.k.p.r.p.TestFile    ... success: reloaded. 
36045      INFO  main            d.u.i.k.p.r.p.TestFile    Now processing file /home/runner/work/key/key/key.core/../key.ui/examples/standard_key/java_dl/jml-assert/quantor-assert.key 
36045      INFO  main            d.u.i.k.p.i.AbstractProblemLoader Loading environment from /home/runner/work/key/key/key.core/../key.ui/examples/standard_key/java_dl/jml-assert/quantor-assert.key 
36045      DEBUG main            d.u.i.k.p.i.AbstractProblemLoader Environment load took 88.9ns 
36046      INFO  main            d.u.i.k.p.i.AbstractProblemLoader Creating init config 
38770      DEBUG main            d.u.i.k.p.i.AbstractProblemLoader Init config took 2.72s 
38813      INFO  main            d.u.i.k.p.i.AbstractProblemLoader Replaying proof Quantor[Quantor::square1(int)].JML normal_behavior operation contract.0 
38817      DEBUG main            d.u.i.k.p.i.IntermediateProofReplayer Proof replay took 7.9ns 
38920      INFO  main            d.u.i.k.p.r.p.TestFile    ... finished proof: closed. 
39108      INFO  main            d.u.i.k.p.i.AbstractProblemLoader Loading environment from /home/runner/work/key/key/key.core/../key.ui/examples/standard_key/java_dl/jml-assert/quantor-assert.key.proof 
39108      DEBUG main            d.u.i.k.p.i.AbstractProblemLoader Environment load took 138.9ns 
39109      INFO  main            d.u.i.k.p.i.AbstractProblemLoader Creating init config 
41749      DEBUG main            d.u.i.k.p.i.AbstractProblemLoader Init config took 2.64s 
41791      INFO  main            d.u.i.k.p.i.AbstractProblemLoader Replaying proof Quantor[Quantor::square1(int)].JML normal_behavior operation contract.0 
41809      DEBUG main            d.u.i.k.p.i.IntermediateProofReplayer Proof replay took 15.69ms 
41810      DEBUG main            d.u.i.k.p.r.p.TestFile    ... success: reloaded. 
41811      INFO  main            d.u.i.k.p.r.p.TestFile    Now processing file /home/runner/work/key/key/key.core/../key.ui/examples/standard_key/java_dl/jml-assert/quantor-assume.key 
41811      INFO  main            d.u.i.k.p.i.AbstractProblemLoader Loading environment from /home/runner/work/key/key/key.core/../key.ui/examples/standard_key/java_dl/jml-assert/quantor-assume.key 
41811      DEBUG main            d.u.i.k.p.i.AbstractProblemLoader Environment load took 104.7ns 
41812      INFO  main            d.u.i.k.p.i.AbstractProblemLoader Creating init config 
44515      DEBUG main            d.u.i.k.p.i.AbstractProblemLoader Init config took 2.7s 
44564      INFO  main            d.u.i.k.p.i.AbstractProblemLoader Replaying proof Quantor[Quantor::square2(int)].JML normal_behavior operation contract.0 
44567      DEBUG main            d.u.i.k.p.i.IntermediateProofReplayer Proof replay took 7.2ns 
44669      INFO  main            d.u.i.k.p.r.p.TestFile    ... finished proof: closed. 
44855      INFO  main            d.u.i.k.p.i.AbstractProblemLoader Loading environment from /home/runner/work/key/key/key.core/../key.ui/examples/standard_key/java_dl/jml-assert/quantor-assume.key.proof 
44855      DEBUG main            d.u.i.k.p.i.AbstractProblemLoader Environment load took 135ns 
44856      INFO  main            d.u.i.k.p.i.AbstractProblemLoader Creating init config 
47476      DEBUG main            d.u.i.k.p.i.AbstractProblemLoader Init config took 2.62s 
47516      INFO  main            d.u.i.k.p.i.AbstractProblemLoader Replaying proof Quantor[Quantor::square2(int)].JML normal_behavior operation contract.0 
47531      DEBUG main            d.u.i.k.p.i.IntermediateProofReplayer Proof replay took 13.76ms 
47532      DEBUG main            d.u.i.k.p.r.p.TestFile    ... success: reloaded. 
47533      INFO  main            d.u.i.k.p.r.p.TestFile    Now processing file /home/runner/work/key/key/key.core/../key.ui/examples/standard_key/java_dl/jml-assert/model-methods-static-static.key 
47534      INFO  main            d.u.i.k.p.i.AbstractProblemLoader Loading environment from /home/runner/work/key/key/key.core/../key.ui/examples/standard_key/java_dl/jml-assert/model-methods-static-static.key 
47534      DEBUG main            d.u.i.k.p.i.AbstractProblemLoader Environment load took 101.8ns 
47535      INFO  main            d.u.i.k.p.i.AbstractProblemLoader Creating init config 
50269      DEBUG main            d.u.i.k.p.i.AbstractProblemLoader Init config took 2.73s 
50307      INFO  main            d.u.i.k.p.i.AbstractProblemLoader Replaying proof ModelMethods[ModelMethods::test1()].JML normal_behavior operation contract.0 
50308      DEBUG main            d.u.i.k.p.i.IntermediateProofReplayer Proof replay took 6ns 
50412      INFO  main            d.u.i.k.p.r.p.TestFile    ... finished proof: closed. 
50602      INFO  main            d.u.i.k.p.i.AbstractProblemLoader Loading environment from /home/runner/work/key/key/key.core/../key.ui/examples/standard_key/java_dl/jml-assert/model-methods-static-static.key.proof 
50602      DEBUG main            d.u.i.k.p.i.AbstractProblemLoader Environment load took 131.5ns 
50605      INFO  main            d.u.i.k.p.i.AbstractProblemLoader Creating init config 
53272      DEBUG main            d.u.i.k.p.i.AbstractProblemLoader Init config took 2.67s 
53310      INFO  main            d.u.i.k.p.i.AbstractProblemLoader Replaying proof ModelMethods[ModelMethods::test1()].JML normal_behavior operation contract.0 
53317      DEBUG main            d.u.i.k.p.i.IntermediateProofReplayer Proof replay took 5.79ms 
53318      DEBUG main            d.u.i.k.p.r.p.TestFile    ... success: reloaded. 
53319      INFO  main            d.u.i.k.p.r.p.TestFile    Now processing file /home/runner/work/key/key/key.core/../key.ui/examples/standard_key/java_dl/jml-assert/model-methods-instance-static.key 
53320      INFO  main            d.u.i.k.p.i.AbstractProblemLoader Loading environment from /home/runner/work/key/key/key.core/../key.ui/examples/standard_key/java_dl/jml-assert/model-methods-instance-static.key 
53320      DEBUG main            d.u.i.k.p.i.AbstractProblemLoader Environment load took 87.4ns 
53320      INFO  main            d.u.i.k.p.i.AbstractProblemLoader Creating init config 
56024      DEBUG main            d.u.i.k.p.i.AbstractProblemLoader Init config took 2.7s 
56061      INFO  main            d.u.i.k.p.i.AbstractProblemLoader Replaying proof ModelMethods[ModelMethods::test2()].JML normal_behavior operation contract.0 
56062      DEBUG main            d.u.i.k.p.i.IntermediateProofReplayer Proof replay took 6.4ns 
56168      INFO  main            d.u.i.k.p.r.p.TestFile    ... finished proof: closed. 
56358      INFO  main            d.u.i.k.p.i.AbstractProblemLoader Loading environment from /home/runner/work/key/key/key.core/../key.ui/examples/standard_key/java_dl/jml-assert/model-methods-instance-static.key.proof 
56358      DEBUG main            d.u.i.k.p.i.AbstractProblemLoader Environment load took 138.6ns 
56359      INFO  main            d.u.i.k.p.i.AbstractProblemLoader Creating init config 
59000      DEBUG main            d.u.i.k.p.i.AbstractProblemLoader Init config took 2.64s 
59036      INFO  main            d.u.i.k.p.i.AbstractProblemLoader Replaying proof ModelMethods[ModelMethods::test2()].JML normal_behavior operation contract.0 
59046      DEBUG main            d.u.i.k.p.i.IntermediateProofReplayer Proof replay took 8.08ms 
59047      DEBUG main            d.u.i.k.p.r.p.TestFile    ... success: reloaded. 
59048      INFO  main            d.u.i.k.p.r.p.TestFile    Now processing file /home/runner/work/key/key/key.core/../key.ui/examples/standard_key/java_dl/jml-assert/model-methods-instance-instance.key 
59048      INFO  main            d.u.i.k.p.i.AbstractProblemLoader Loading environment from /home/runner/work/key/key/key.core/../key.ui/examples/standard_key/java_dl/jml-assert/model-methods-instance-instance.key 
59048      DEBUG main            d.u.i.k.p.i.AbstractProblemLoader Environment load took 129.2ns 
59049      INFO  main            d.u.i.k.p.i.AbstractProblemLoader Creating init config 
61714      DEBUG main            d.u.i.k.p.i.AbstractProblemLoader Init config took 2.67s 
61751      INFO  main            d.u.i.k.p.i.AbstractProblemLoader Replaying proof ModelMethods[ModelMethods::test3()].JML normal_behavior operation contract.0 
61752      DEBUG main            d.u.i.k.p.i.IntermediateProofReplayer Proof replay took 6.3ns 
61855      INFO  main            d.u.i.k.p.r.p.TestFile    ... finished proof: closed. 
62087      INFO  main            d.u.i.k.p.i.AbstractProblemLoader Loading environment from /home/runner/work/key/key/key.core/../key.ui/examples/standard_key/java_dl/jml-assert/model-methods-instance-instance.key.proof 
62087      DEBUG main            d.u.i.k.p.i.AbstractProblemLoader Environment load took 129.9ns 
62088      INFO  main            d.u.i.k.p.i.AbstractProblemLoader Creating init config 
64676      DEBUG main            d.u.i.k.p.i.AbstractProblemLoader Init config took 2.59s 
64712      INFO  main            d.u.i.k.p.i.AbstractProblemLoader Replaying proof ModelMethods[ModelMethods::test3()].JML normal_behavior operation contract.0 
64724      DEBUG main            d.u.i.k.p.i.IntermediateProofReplayer Proof replay took 9.73ms 
64725      DEBUG main            d.u.i.k.p.r.p.TestFile    ... success: reloaded. 
64726      INFO  main            d.u.i.k.p.r.p.TestFile    Now processing file /home/runner/work/key/key/key.core/../key.ui/examples/standard_key/java_dl/jml-assert/model-methods-static-instance.key 
64726      INFO  main            d.u.i.k.p.i.AbstractProblemLoader Loading environment from /home/runner/work/key/key/key.core/../key.ui/examples/standard_key/java_dl/jml-assert/model-methods-static-instance.key 
64727      DEBUG main            d.u.i.k.p.i.AbstractProblemLoader Environment load took 259ns 
64727      INFO  main            d.u.i.k.p.i.AbstractProblemLoader Creating init config 
67406      DEBUG main            d.u.i.k.p.i.AbstractProblemLoader Init config took 2.68s 
67443      INFO  main            d.u.i.k.p.i.AbstractProblemLoader Replaying proof ModelMethods[ModelMethods::test4()].JML normal_behavior operation contract.0 
67445      DEBUG main            d.u.i.k.p.i.IntermediateProofReplayer Proof replay took 7.1ns 
67546      INFO  main            d.u.i.k.p.r.p.TestFile    ... finished proof: closed. 
67749      INFO  main            d.u.i.k.p.i.AbstractProblemLoader Loading environment from /home/runner/work/key/key/key.core/../key.ui/examples/standard_key/java_dl/jml-assert/model-methods-static-instance.key.proof 
67749      DEBUG main            d.u.i.k.p.i.AbstractProblemLoader Environment load took 172.8ns 
67750      INFO  main            d.u.i.k.p.i.AbstractProblemLoader Creating init config 
70393      DEBUG main            d.u.i.k.p.i.AbstractProblemLoader Init config took 2.64s 
70448      INFO  main            d.u.i.k.p.i.AbstractProblemLoader Replaying proof ModelMethods[ModelMethods::test4()].JML normal_behavior operation contract.0 
70487      DEBUG main            d.u.i.k.p.i.IntermediateProofReplayer Proof replay took 37.09ms 
70490      DEBUG main            d.u.i.k.p.r.p.TestFile    ... success: reloaded. 
70491      INFO  main            d.u.i.k.p.r.p.TestFile    Now processing file /home/runner/work/key/key/key.core/../key.ui/examples/standard_key/java_dl/jml-assert/assert-old/inc-field.key 
70492      INFO  main            d.u.i.k.p.i.AbstractProblemLoader Loading environment from /home/runner/work/key/key/key.core/../key.ui/examples/standard_key/java_dl/jml-assert/assert-old/inc-field.key 
70492      DEBUG main            d.u.i.k.p.i.AbstractProblemLoader Environment load took 243.7ns 
70493      INFO  main            d.u.i.k.p.i.AbstractProblemLoader Creating init config 
73026      DEBUG main            d.u.i.k.p.i.AbstractProblemLoader Init config took 2.53s 
73062      INFO  main            d.u.i.k.p.i.AbstractProblemLoader Replaying proof Inc[Inc::inc_field()].JML normal_behavior operation contract.0 
73063      DEBUG main            d.u.i.k.p.i.IntermediateProofReplayer Proof replay took 7.2ns 
73168      INFO  main            d.u.i.k.p.r.p.TestFile    ... finished proof: closed. 
73385      INFO  main            d.u.i.k.p.i.AbstractProblemLoader Loading environment from /home/runner/work/key/key/key.core/../key.ui/examples/standard_key/java_dl/jml-assert/assert-old/inc-field.key.proof 
73385      DEBUG main            d.u.i.k.p.i.AbstractProblemLoader Environment load took 134.2ns 
73386      INFO  main            d.u.i.k.p.i.AbstractProblemLoader Creating init config 
75872      DEBUG main            d.u.i.k.p.i.AbstractProblemLoader Init config took 2.49s 
75907      INFO  main            d.u.i.k.p.i.AbstractProblemLoader Replaying proof Inc[Inc::inc_field()].JML normal_behavior operation contract.0 
75934      DEBUG main            d.u.i.k.p.i.IntermediateProofReplayer Proof replay took 25.22ms 
75935      DEBUG main            d.u.i.k.p.r.p.TestFile    ... success: reloaded. 
75935      INFO  main            d.u.i.k.p.r.p.TestFile    Now processing file /home/runner/work/key/key/key.core/../key.ui/examples/standard_key/java_dl/jml-assert/assert-old/inc-parameter.key 
75936      INFO  main            d.u.i.k.p.i.AbstractProblemLoader Loading environment from /home/runner/work/key/key/key.core/../key.ui/examples/standard_key/java_dl/jml-assert/assert-old/inc-parameter.key 
75936      DEBUG main            d.u.i.k.p.i.AbstractProblemLoader Environment load took 99.7ns 
75936      INFO  main            d.u.i.k.p.i.AbstractProblemLoader Creating init config 
78546      DEBUG main            d.u.i.k.p.i.AbstractProblemLoader Init config took 2.61s 
78583      INFO  main            d.u.i.k.p.i.AbstractProblemLoader Replaying proof Inc[Inc::inc_parameter(int)].JML normal_behavior operation contract.0 
78584      DEBUG main            d.u.i.k.p.i.IntermediateProofReplayer Proof replay took 7ns 
78685      INFO  main            d.u.i.k.p.r.p.TestFile    ... finished proof: closed. 
78912      INFO  main            d.u.i.k.p.i.AbstractProblemLoader Loading environment from /home/runner/work/key/key/key.core/../key.ui/examples/standard_key/java_dl/jml-assert/assert-old/inc-parameter.key.proof 
78912      DEBUG main            d.u.i.k.p.i.AbstractProblemLoader Environment load took 121.4ns 
78913      INFO  main            d.u.i.k.p.i.AbstractProblemLoader Creating init config 
81401      DEBUG main            d.u.i.k.p.i.AbstractProblemLoader Init config took 2.49s 
81435      INFO  main            d.u.i.k.p.i.AbstractProblemLoader Replaying proof Inc[Inc::inc_parameter(int)].JML normal_behavior operation contract.0 
81449      DEBUG main            d.u.i.k.p.i.IntermediateProofReplayer Proof replay took 12.49ms 
81450      DEBUG main            d.u.i.k.p.r.p.TestFile    ... success: reloaded. 
81451      INFO  main            d.u.i.k.p.r.p.TestFile    Now processing file /home/runner/work/key/key/key.core/../key.ui/examples/standard_key/java_dl/jml-assert/assert-old/inc-parameter-field.key 
81451      INFO  main            d.u.i.k.p.i.AbstractProblemLoader Loading environment from /home/runner/work/key/key/key.core/../key.ui/examples/standard_key/java_dl/jml-assert/assert-old/inc-parameter-field.key 
81452      DEBUG main            d.u.i.k.p.i.AbstractProblemLoader Environment load took 226.1ns 
81453      INFO  main            d.u.i.k.p.i.AbstractProblemLoader Creating init config 
84040      DEBUG main            d.u.i.k.p.i.AbstractProblemLoader Init config took 2.59s 
84074      INFO  main            d.u.i.k.p.i.AbstractProblemLoader Replaying proof Inc[Inc::inc_parameter_field(Inc)].JML normal_behavior operation contract.0 
84075      DEBUG main            d.u.i.k.p.i.IntermediateProofReplayer Proof replay took 6ns 
84180      INFO  main            d.u.i.k.p.r.p.TestFile    ... finished proof: closed. 
84403      INFO  main            d.u.i.k.p.i.AbstractProblemLoader Loading environment from /home/runner/work/key/key/key.core/../key.ui/examples/standard_key/java_dl/jml-assert/assert-old/inc-parameter-field.key.proof 
84403      DEBUG main            d.u.i.k.p.i.AbstractProblemLoader Environment load took 121.5ns 
84404      INFO  main            d.u.i.k.p.i.AbstractProblemLoader Creating init config 
86888      DEBUG main            d.u.i.k.p.i.AbstractProblemLoader Init config took 2.48s 
86923      INFO  main            d.u.i.k.p.i.AbstractProblemLoader Replaying proof Inc[Inc::inc_parameter_field(Inc)].JML normal_behavior operation contract.0 
86976      DEBUG main            d.u.i.k.p.i.IntermediateProofReplayer Proof replay took 51.81ms 
86977      DEBUG main            d.u.i.k.p.r.p.TestFile    ... success: reloaded. 
86979      INFO  main            d.u.i.k.p.r.p.TestFile    Now processing file /home/runner/work/key/key/key.core/../key.ui/examples/standard_key/java_dl/jml-assert/assert-old/inc-ghost-field.key 
86979      INFO  main            d.u.i.k.p.i.AbstractProblemLoader Loading environment from /home/runner/work/key/key/key.core/../key.ui/examples/standard_key/java_dl/jml-assert/assert-old/inc-ghost-field.key 
86987      DEBUG main            d.u.i.k.p.i.AbstractProblemLoader Environment load took 7.58ms 
86988      INFO  main            d.u.i.k.p.i.AbstractProblemLoader Creating init config 
89568      DEBUG main            d.u.i.k.p.i.AbstractProblemLoader Init config took 2.58s 
89602      INFO  main            d.u.i.k.p.i.AbstractProblemLoader Replaying proof Inc[Inc::inc_ghost_field()].JML normal_behavior operation contract.0 
89603      DEBUG main            d.u.i.k.p.i.IntermediateProofReplayer Proof replay took 6.7ns 
89709      INFO  main            d.u.i.k.p.r.p.TestFile    ... finished proof: closed. 
89945      INFO  main            d.u.i.k.p.i.AbstractProblemLoader Loading environment from /home/runner/work/key/key/key.core/../key.ui/examples/standard_key/java_dl/jml-assert/assert-old/inc-ghost-field.key.proof 
89945      DEBUG main            d.u.i.k.p.i.AbstractProblemLoader Environment load took 119.2ns 
89946      INFO  main            d.u.i.k.p.i.AbstractProblemLoader Creating init config 
92437      DEBUG main            d.u.i.k.p.i.AbstractProblemLoader Init config took 2.49s 
92491      INFO  main            d.u.i.k.p.i.AbstractProblemLoader Replaying proof Inc[Inc::inc_ghost_field()].JML normal_behavior operation contract.0 
92524      DEBUG main            d.u.i.k.p.i.IntermediateProofReplayer Proof replay took 29.08ms 
92526      DEBUG main            d.u.i.k.p.r.p.TestFile    ... success: reloaded. 
719340     INFO  Test worker     d.u.i.k.p.r.RunAllProofsTestUnit Returning from test jmlAsserts 
719341     INFO  Test worker     d.u.i.k.p.r.RunAllProofsTestUnit Running test javaCard 
324        INFO  Timeout watchdog d.u.i.k.p.r.p.ForkedTestFileRunner Timeout watcher launched (2000 secs.) 
326        WARN  main            d.u.i.k.s.ProofSettings   The settings in /home/runner/.key/proof-settings.props are *not* read. 
353        INFO  main            d.u.i.k.p.r.p.TestFile    Now processing file /home/runner/work/key/key/key.core/../key.ui/examples/heap/javacard/updateBalance0.key 
463        INFO  main            d.u.i.k.p.i.AbstractProblemLoader Loading environment from /home/runner/work/key/key/key.core/../key.ui/examples/heap/javacard/updateBalance0.key 
479        DEBUG main            d.u.i.k.p.i.AbstractProblemLoader Environment load took 2.08ms 
701        INFO  main            d.u.i.k.p.i.AbstractProblemLoader Creating init config 
1644       DEBUG main            d.u.i.k.j.TypeConverter   No LDT found for Meta 
1644       DEBUG main            d.u.i.k.j.TypeConverter   No LDT found for Meta 
1645       DEBUG main            d.u.i.k.j.TypeConverter   No LDT found for Meta 
1645       DEBUG main            d.u.i.k.j.TypeConverter   No LDT found for Meta 
3223       DEBUG main            d.u.i.k.j.TypeConverter   No LDT found for JavaBigintExpression 
6508       DEBUG main            d.u.i.k.p.i.AbstractProblemLoader Init config took 5.81s 
6629       INFO  main            d.u.i.k.p.i.AbstractProblemLoader Replaying proof Examples[Examples::updateBalance(short)].JML normal_behavior operation contract.0 
6670       DEBUG main            d.u.i.k.p.i.IntermediateProofReplayer Proof replay took 34.5ns 
8100       INFO  main            d.u.i.k.p.r.p.TestFile    ... finished proof: closed. 
8214       INFO  main            d.u.i.k.p.i.AbstractProblemLoader Loading environment from /home/runner/work/key/key/key.core/../key.ui/examples/heap/javacard/updateBalance0.key.proof 
8214       DEBUG main            d.u.i.k.p.i.AbstractProblemLoader Environment load took 532.21ns 
8221       INFO  main            d.u.i.k.p.i.AbstractProblemLoader Creating init config 
10050      DEBUG main            d.u.i.k.p.i.AbstractProblemLoader Init config took 1.83s 
10125      INFO  main            d.u.i.k.p.i.AbstractProblemLoader Replaying proof Examples[Examples::updateBalance(short)].JML normal_behavior operation contract.0 
10322      DEBUG main            d.u.i.k.p.i.IntermediateProofReplayer Proof replay took 188.06ms 
10332      DEBUG main            d.u.i.k.p.r.p.TestFile    ... success: reloaded. 
10335      INFO  main            d.u.i.k.p.r.p.TestFile    Now processing file /home/runner/work/key/key/key.core/../key.ui/examples/heap/javacard/updateBalance1.key 
10335      INFO  main            d.u.i.k.p.i.AbstractProblemLoader Loading environment from /home/runner/work/key/key/key.core/../key.ui/examples/heap/javacard/updateBalance1.key 
10335      DEBUG main            d.u.i.k.p.i.AbstractProblemLoader Environment load took 268.1ns 
10337      INFO  main            d.u.i.k.p.i.AbstractProblemLoader Creating init config 
11932      DEBUG main            d.u.i.k.p.i.AbstractProblemLoader Init config took 1.6s 
11992      INFO  main            d.u.i.k.p.i.AbstractProblemLoader Replaying proof Examples[Examples::updateBalance(short)].JML normal_behavior operation contract.1 
11995      DEBUG main            d.u.i.k.p.i.IntermediateProofReplayer Proof replay took 6.1ns 
12600      INFO  main            d.u.i.k.p.r.p.TestFile    ... finished proof: closed. 
12734      INFO  main            d.u.i.k.p.i.AbstractProblemLoader Loading environment from /home/runner/work/key/key/key.core/../key.ui/examples/heap/javacard/updateBalance1.key.proof 
12736      DEBUG main            d.u.i.k.p.i.AbstractProblemLoader Environment load took 1.42ms 
12738      INFO  main            d.u.i.k.p.i.AbstractProblemLoader Creating init config 
14282      DEBUG main            d.u.i.k.p.i.AbstractProblemLoader Init config took 1.54s 
14326      INFO  main            d.u.i.k.p.i.AbstractProblemLoader Replaying proof Examples[Examples::updateBalance(short)].JML normal_behavior operation contract.1 
14483      DEBUG main            d.u.i.k.p.i.IntermediateProofReplayer Proof replay took 151.27ms 
14485      DEBUG main            d.u.i.k.p.r.p.TestFile    ... success: reloaded. 
14488      INFO  main            d.u.i.k.p.r.p.TestFile    Now processing file /home/runner/work/key/key/key.core/../key.ui/examples/heap/javacard/setArray1.key 
14488      INFO  main            d.u.i.k.p.i.AbstractProblemLoader Loading environment from /home/runner/work/key/key/key.core/../key.ui/examples/heap/javacard/setArray1.key 
14488      DEBUG main            d.u.i.k.p.i.AbstractProblemLoader Environment load took 305.6ns 
14490      INFO  main            d.u.i.k.p.i.AbstractProblemLoader Creating init config 
16029      DEBUG main            d.u.i.k.p.i.AbstractProblemLoader Init config took 1.54s 
16071      INFO  main            d.u.i.k.p.i.AbstractProblemLoader Replaying proof Examples[Examples::setArray1([B)].JML normal_behavior operation contract.0 
16073      DEBUG main            d.u.i.k.p.i.IntermediateProofReplayer Proof replay took 7ns 
17200      INFO  main            d.u.i.k.p.r.p.TestFile    ... finished proof: closed. 
17330      INFO  main            d.u.i.k.p.i.AbstractProblemLoader Loading environment from /home/runner/work/key/key/key.core/../key.ui/examples/heap/javacard/setArray1.key.proof 
17333      DEBUG main            d.u.i.k.p.i.AbstractProblemLoader Environment load took 3.15ms 
17336      INFO  main            d.u.i.k.p.i.AbstractProblemLoader Creating init config 
18854      DEBUG main            d.u.i.k.p.i.AbstractProblemLoader Init config took 1.52s 
18894      INFO  main            d.u.i.k.p.i.AbstractProblemLoader Replaying proof Examples[Examples::setArray1([B)].JML normal_behavior operation contract.0 
19106      DEBUG main            d.u.i.k.p.i.IntermediateProofReplayer Proof replay took 206.67ms 
19109      DEBUG main            d.u.i.k.p.r.p.TestFile    ... success: reloaded. 
19111      INFO  main            d.u.i.k.p.r.p.TestFile    Now processing file /home/runner/work/key/key/key.core/../key.ui/examples/heap/javacard/setArray2.key 
19112      INFO  main            d.u.i.k.p.i.AbstractProblemLoader Loading environment from /home/runner/work/key/key/key.core/../key.ui/examples/heap/javacard/setArray2.key 
19112      DEBUG main            d.u.i.k.p.i.AbstractProblemLoader Environment load took 248.6ns 
19113      INFO  main            d.u.i.k.p.i.AbstractProblemLoader Creating init config 
20700      DEBUG main            d.u.i.k.p.i.AbstractProblemLoader Init config took 1.59s 
20743      INFO  main            d.u.i.k.p.i.AbstractProblemLoader Replaying proof Examples[Examples::setArray2([B)].JML normal_behavior operation contract.0 
20745      DEBUG main            d.u.i.k.p.i.IntermediateProofReplayer Proof replay took 6.6ns 
21850      INFO  main            d.u.i.k.p.r.p.TestFile    ... finished proof: closed. 
21976      INFO  main            d.u.i.k.p.i.AbstractProblemLoader Loading environment from /home/runner/work/key/key/key.core/../key.ui/examples/heap/javacard/setArray2.key.proof 
21979      DEBUG main            d.u.i.k.p.i.AbstractProblemLoader Environment load took 2.59ms 
21980      INFO  main            d.u.i.k.p.i.AbstractProblemLoader Creating init config 
23483      DEBUG main            d.u.i.k.p.i.AbstractProblemLoader Init config took 1.5s 
23523      INFO  main            d.u.i.k.p.i.AbstractProblemLoader Replaying proof Examples[Examples::setArray2([B)].JML normal_behavior operation contract.0 
23735      DEBUG main            d.u.i.k.p.i.IntermediateProofReplayer Proof replay took 206.1ms 
23738      DEBUG main            d.u.i.k.p.r.p.TestFile    ... success: reloaded. 
23740      INFO  main            d.u.i.k.p.r.p.TestFile    Now processing file /home/runner/work/key/key/key.core/../key.ui/examples/heap/javacard/arrayFillNonAtomic.key 
23740      INFO  main            d.u.i.k.p.i.AbstractProblemLoader Loading environment from /home/runner/work/key/key/key.core/../key.ui/examples/heap/javacard/arrayFillNonAtomic.key 
23741      DEBUG main            d.u.i.k.p.i.AbstractProblemLoader Environment load took 248ns 
23742      INFO  main            d.u.i.k.p.i.AbstractProblemLoader Creating init config 
25257      DEBUG main            d.u.i.k.p.i.AbstractProblemLoader Init config took 1.51s 
25319      INFO  main            d.u.i.k.p.i.AbstractProblemLoader Replaying proof javacard.framework.Util[javacard.framework.Util::arrayFillNonAtomic([B,short,short,byte)].JML behavior operation contract.0.transaction_inactive 
25321      DEBUG main            d.u.i.k.p.i.IntermediateProofReplayer Proof replay took 6.8ns 
26254      DEBUG Thread-13       d.u.i.k.l.o.ProgramSV     Match failed: Former match of  SchemaVariable incompatible with  the current match. 
26255      DEBUG Thread-13       d.u.i.k.l.o.ProgramSV     Match failed: Former match of  SchemaVariable incompatible with  the current match. 
27658      DEBUG Thread-13       d.u.i.k.l.o.ProgramSV     Match failed: Former match of  SchemaVariable incompatible with  the current match. 
27658      DEBUG Thread-13       d.u.i.k.l.o.ProgramSV     Match failed: Former match of  SchemaVariable incompatible with  the current match. 
29193      INFO  main            d.u.i.k.p.r.p.TestFile    ... finished proof: closed. 
29371      INFO  main            d.u.i.k.p.i.AbstractProblemLoader Loading environment from /home/runner/work/key/key/key.core/../key.ui/examples/heap/javacard/arrayFillNonAtomic.key.proof 
29373      DEBUG main            d.u.i.k.p.i.AbstractProblemLoader Environment load took 1.46ms 
29377      INFO  main            d.u.i.k.p.i.AbstractProblemLoader Creating init config 
30855      DEBUG main            d.u.i.k.p.i.AbstractProblemLoader Init config took 1.48s 
30907      INFO  main            d.u.i.k.p.i.AbstractProblemLoader Replaying proof javacard.framework.Util[javacard.framework.Util::arrayFillNonAtomic([B,short,short,byte)].JML behavior operation contract.0.transaction_inactive 
31936      DEBUG main            d.u.i.k.p.i.IntermediateProofReplayer Proof replay took 1.01s 
31938      DEBUG main            d.u.i.k.p.r.p.TestFile    ... success: reloaded. 
31939      INFO  main            d.u.i.k.p.r.p.TestFile    Now processing file /home/runner/work/key/key/key.core/../key.ui/examples/heap/coincidence_count/project.key 
31939      INFO  main            d.u.i.k.p.i.AbstractProblemLoader Loading environment from /home/runner/work/key/key/key.core/../key.ui/examples/heap/coincidence_count/project.key 
31940      DEBUG main            d.u.i.k.p.i.AbstractProblemLoader Environment load took 258ns 
31941      INFO  main            d.u.i.k.p.i.AbstractProblemLoader Creating init config 
35251      DEBUG main            d.u.i.k.p.i.AbstractProblemLoader Init config took 3.31s 
35295      INFO  main            d.u.i.k.p.i.AbstractProblemLoader Replaying proof CC[CC::calcCoinIndex([I,[I)].JML normal_behavior operation contract.0 
35302      DEBUG main            d.u.i.k.p.i.IntermediateProofReplayer Proof replay took 9.4ns 
54377      INFO  main            d.u.i.k.p.r.p.TestFile    ... finished proof: closed. 
54675      INFO  main            d.u.i.k.p.i.AbstractProblemLoader Loading environment from /home/runner/work/key/key/key.core/../key.ui/examples/heap/coincidence_count/project.key.proof 
54676      DEBUG main            d.u.i.k.p.i.AbstractProblemLoader Environment load took 984.91ns 
54681      INFO  main            d.u.i.k.p.i.AbstractProblemLoader Creating init config 
57208      DEBUG main            d.u.i.k.p.i.AbstractProblemLoader Init config took 2.53s 
57256      INFO  main            d.u.i.k.p.i.AbstractProblemLoader Replaying proof CC[CC::calcCoinIndex([I,[I)].JML normal_behavior operation contract.0 
58264      DEBUG main            d.u.i.k.p.i.IntermediateProofReplayer Proof replay took 947.4ms 
58268      DEBUG main            d.u.i.k.p.r.p.TestFile    ... success: reloaded. 
58270      INFO  main            d.u.i.k.p.r.p.TestFile    Now processing file /home/runner/work/key/key/key.core/../key.ui/examples/heap/verifyThis11_1_Maximum/project.key 
58270      INFO  main            d.u.i.k.p.i.AbstractProblemLoader Loading environment from /home/runner/work/key/key/key.core/../key.ui/examples/heap/verifyThis11_1_Maximum/project.key 
58271      DEBUG main            d.u.i.k.p.i.AbstractProblemLoader Environment load took 266.3ns 
58272      INFO  main            d.u.i.k.p.i.AbstractProblemLoader Creating init config 
60865      DEBUG main            d.u.i.k.p.i.AbstractProblemLoader Init config took 2.59s 
60906      INFO  main            d.u.i.k.p.i.AbstractProblemLoader Replaying proof Maximum[Maximum::maxIndex([I)].JML normal_behavior operation contract.0 
60907      DEBUG main            d.u.i.k.p.i.IntermediateProofReplayer Proof replay took 7.4ns 
61917      INFO  main            d.u.i.k.p.r.p.TestFile    ... finished proof: closed. 
62166      INFO  main            d.u.i.k.p.i.AbstractProblemLoader Loading environment from /home/runner/work/key/key/key.core/../key.ui/examples/heap/verifyThis11_1_Maximum/project.key.proof 
62167      DEBUG main            d.u.i.k.p.i.AbstractProblemLoader Environment load took 527.71ns 
62168      INFO  main            d.u.i.k.p.i.AbstractProblemLoader Creating init config 
64578      DEBUG main            d.u.i.k.p.i.AbstractProblemLoader Init config took 2.41s 
64617      INFO  main            d.u.i.k.p.i.AbstractProblemLoader Replaying proof Maximum[Maximum::maxIndex([I)].JML normal_behavior operation contract.0 
64810      DEBUG main            d.u.i.k.p.i.IntermediateProofReplayer Proof replay took 186.51ms 
64811      DEBUG main            d.u.i.k.p.r.p.TestFile    ... success: reloaded. 
64812      INFO  main            d.u.i.k.p.r.p.TestFile    Now processing file /home/runner/work/key/key/key.core/../key.ui/examples/heap/fm12_01_LRS/lcp.key 
64813      INFO  main            d.u.i.k.p.i.AbstractProblemLoader Loading environment from /home/runner/work/key/key/key.core/../key.ui/examples/heap/fm12_01_LRS/lcp.key 
64813      DEBUG main            d.u.i.k.p.i.AbstractProblemLoader Environment load took 236.7ns 
64814      INFO  main            d.u.i.k.p.i.AbstractProblemLoader Creating init config 
67953      DEBUG main            d.u.i.k.p.i.AbstractProblemLoader Init config took 3.14s 
68009      INFO  main            d.u.i.k.p.i.AbstractProblemLoader Replaying proof LCP[LCP::lcp([I,int,int)].JML normal_behavior operation contract.0 
68011      DEBUG main            d.u.i.k.p.i.IntermediateProofReplayer Proof replay took 6.4ns 
69040      INFO  main            d.u.i.k.p.r.p.TestFile    ... finished proof: closed. 
69298      INFO  main            d.u.i.k.p.i.AbstractProblemLoader Loading environment from /home/runner/work/key/key/key.core/../key.ui/examples/heap/fm12_01_LRS/lcp.key.proof 
69298      DEBUG main            d.u.i.k.p.i.AbstractProblemLoader Environment load took 507.41ns 
69300      INFO  main            d.u.i.k.p.i.AbstractProblemLoader Creating init config 
72178      DEBUG main            d.u.i.k.p.i.AbstractProblemLoader Init config took 2.88s 
72265      INFO  main            d.u.i.k.p.i.AbstractProblemLoader Replaying proof LCP[LCP::lcp([I,int,int)].JML normal_behavior operation contract.0 
72510      DEBUG main            d.u.i.k.p.i.IntermediateProofReplayer Proof replay took 238.25ms 
72514      DEBUG main            d.u.i.k.p.r.p.TestFile    ... success: reloaded. 
72516      INFO  main            d.u.i.k.p.r.p.TestFile    Now processing file /home/runner/work/key/key/key.core/../key.ui/examples/heap/SemanticSlicing/project.key 
72516      INFO  main            d.u.i.k.p.i.AbstractProblemLoader Loading environment from /home/runner/work/key/key/key.core/../key.ui/examples/heap/SemanticSlicing/project.key 
72520      DEBUG main            d.u.i.k.p.i.AbstractProblemLoader Environment load took 3.9ms 
72522      INFO  main            d.u.i.k.p.i.AbstractProblemLoader Creating init config 
75134      DEBUG main            d.u.i.k.p.i.AbstractProblemLoader Init config took 2.61s 
75184      INFO  main            d.u.i.k.p.i.AbstractProblemLoader Replaying proof unsatcore_after.competition.postcond5.scope333.LRS[unsatcore_after.competition.postcond5.scope333.LRS::doLRS()].JML operation contract.0 
75186      DEBUG main            d.u.i.k.p.i.IntermediateProofReplayer Proof replay took 5.7ns 
79308      INFO  main            d.u.i.k.p.r.p.TestFile    ... finished proof: closed. 
79589      INFO  main            d.u.i.k.p.i.AbstractProblemLoader Loading environment from /home/runner/work/key/key/key.core/../key.ui/examples/heap/SemanticSlicing/project.key.proof 
79589      DEBUG main            d.u.i.k.p.i.AbstractProblemLoader Environment load took 142.1ns 
79592      INFO  main            d.u.i.k.p.i.AbstractProblemLoader Creating init config 
82131      DEBUG main            d.u.i.k.p.i.AbstractProblemLoader Init config took 2.54s 
82182      INFO  main            d.u.i.k.p.i.AbstractProblemLoader Replaying proof unsatcore_after.competition.postcond5.scope333.LRS[unsatcore_after.competition.postcond5.scope333.LRS::doLRS()].JML operation contract.0 
83024      DEBUG main            d.u.i.k.p.i.IntermediateProofReplayer Proof replay took 829.42ms 
83025      DEBUG main            d.u.i.k.p.r.p.TestFile    ... success: reloaded. 
83026      INFO  main            d.u.i.k.p.r.p.TestFile    Now processing file /home/runner/work/key/key/key.core/../key.ui/examples/heap/information_flow/ArrayList_contains.key 
83027      INFO  main            d.u.i.k.p.i.AbstractProblemLoader Loading environment from /home/runner/work/key/key/key.core/../key.ui/examples/heap/information_flow/ArrayList_contains.key 
83027      DEBUG main            d.u.i.k.p.i.AbstractProblemLoader Environment load took 96.3ns 
83028      INFO  main            d.u.i.k.p.i.AbstractProblemLoader Creating init config 
85852      DEBUG main            d.u.i.k.p.i.AbstractProblemLoader Init config took 2.82s 
85891      INFO  main            d.u.i.k.p.i.AbstractProblemLoader Replaying proof ArrayList[ArrayList::get(int)].JML normal_behavior operation contract.0 
85892      DEBUG main            d.u.i.k.p.i.IntermediateProofReplayer Proof replay took 6.6ns 
86195      INFO  main            d.u.i.k.p.r.p.TestFile    ... finished proof: closed. 
86436      INFO  main            d.u.i.k.p.i.AbstractProblemLoader Loading environment from /home/runner/work/key/key/key.core/../key.ui/examples/heap/information_flow/ArrayList_contains.key.proof 
86436      DEBUG main            d.u.i.k.p.i.AbstractProblemLoader Environment load took 129.8ns 
86437      INFO  main            d.u.i.k.p.i.AbstractProblemLoader Creating init config 
89043      DEBUG main            d.u.i.k.p.i.AbstractProblemLoader Init config took 2.61s 
89082      INFO  main            d.u.i.k.p.i.AbstractProblemLoader Replaying proof ArrayList[ArrayList::get(int)].JML normal_behavior operation contract.0 
89138      DEBUG main            d.u.i.k.p.i.IntermediateProofReplayer Proof replay took 52.45ms 
89139      DEBUG main            d.u.i.k.p.r.p.TestFile    ... success: reloaded. 
89140      INFO  main            d.u.i.k.p.r.p.TestFile    Now processing file /home/runner/work/key/key/key.core/../key.ui/examples/heap/information_flow/ArrayList_get.key 
89140      INFO  main            d.u.i.k.p.i.AbstractProblemLoader Loading environment from /home/runner/work/key/key/key.core/../key.ui/examples/heap/information_flow/ArrayList_get.key 
89141      DEBUG main            d.u.i.k.p.i.AbstractProblemLoader Environment load took 259.6ns 
89142      INFO  main            d.u.i.k.p.i.AbstractProblemLoader Creating init config 
91845      DEBUG main            d.u.i.k.p.i.AbstractProblemLoader Init config took 2.7s 
91882      INFO  main            d.u.i.k.p.i.AbstractProblemLoader Replaying proof ArrayList[ArrayList::contains(java.lang.Object)].JML normal_behavior operation contract.0 
91883      DEBUG main            d.u.i.k.p.i.IntermediateProofReplayer Proof replay took 5.8ns 
92805      INFO  main            d.u.i.k.p.r.p.TestFile    ... finished proof: closed. 
93074      INFO  main            d.u.i.k.p.i.AbstractProblemLoader Loading environment from /home/runner/work/key/key/key.core/../key.ui/examples/heap/information_flow/ArrayList_get.key.proof 
93075      DEBUG main            d.u.i.k.p.i.AbstractProblemLoader Environment load took 510.9ns 
93076      INFO  main            d.u.i.k.p.i.AbstractProblemLoader Creating init config 
95705      DEBUG main            d.u.i.k.p.i.AbstractProblemLoader Init config took 2.63s 
95751      INFO  main            d.u.i.k.p.i.AbstractProblemLoader Replaying proof ArrayList[ArrayList::contains(java.lang.Object)].JML normal_behavior operation contract.0 
95914      DEBUG main            d.u.i.k.p.i.IntermediateProofReplayer Proof replay took 158.65ms 
95916      DEBUG main            d.u.i.k.p.r.p.TestFile    ... success: reloaded. 
95917      INFO  main            d.u.i.k.p.r.p.TestFile    Now processing file /home/runner/work/key/key/key.core/../key.ui/examples/heap/information_flow/ArrayList_size.key 
95917      INFO  main            d.u.i.k.p.i.AbstractProblemLoader Loading environment from /home/runner/work/key/key/key.core/../key.ui/examples/heap/information_flow/ArrayList_size.key 
95917      DEBUG main            d.u.i.k.p.i.AbstractProblemLoader Environment load took 247.3ns 
95918      INFO  main            d.u.i.k.p.i.AbstractProblemLoader Creating init config 
98619      DEBUG main            d.u.i.k.p.i.AbstractProblemLoader Init config took 2.7s 
98655      INFO  main            d.u.i.k.p.i.AbstractProblemLoader Replaying proof ArrayList[ArrayList::size()].JML normal_behavior operation contract.0 
98657      DEBUG main            d.u.i.k.p.i.IntermediateProofReplayer Proof replay took 5.3ns 
98764      INFO  main            d.u.i.k.p.r.p.TestFile    ... finished proof: closed. 
99025      INFO  main            d.u.i.k.p.i.AbstractProblemLoader Loading environment from /home/runner/work/key/key/key.core/../key.ui/examples/heap/information_flow/ArrayList_size.key.proof 
99025      DEBUG main            d.u.i.k.p.i.AbstractProblemLoader Environment load took 123ns 
99026      INFO  main            d.u.i.k.p.i.AbstractProblemLoader Creating init config 
101603     DEBUG main            d.u.i.k.p.i.AbstractProblemLoader Init config took 2.58s 
101639     INFO  main            d.u.i.k.p.i.AbstractProblemLoader Replaying proof ArrayList[ArrayList::size()].JML normal_behavior operation contract.0 
101654     DEBUG main            d.u.i.k.p.i.IntermediateProofReplayer Proof replay took 13.07ms 
101655     DEBUG main            d.u.i.k.p.r.p.TestFile    ... success: reloaded. 
101656     INFO  main            d.u.i.k.p.r.p.TestFile    Now processing file /home/runner/work/key/key/key.core/../key.ui/examples/heap/information_flow/UpdateAbstraction_ex7_3_secure.key 
101656     INFO  main            d.u.i.k.p.i.AbstractProblemLoader Loading environment from /home/runner/work/key/key/key.core/../key.ui/examples/heap/information_flow/UpdateAbstraction_ex7_3_secure.key 
101656     DEBUG main            d.u.i.k.p.i.AbstractProblemLoader Environment load took 87.4ns 
101657     INFO  main            d.u.i.k.p.i.AbstractProblemLoader Creating init config 
104324     DEBUG main            d.u.i.k.p.i.AbstractProblemLoader Init config took 2.67s 
104359     INFO  main            d.u.i.k.p.i.AbstractProblemLoader Replaying proof UpdateAbstraction[UpdateAbstraction::ex7_3_secure()].JML operation contract.0 
104360     DEBUG main            d.u.i.k.p.i.IntermediateProofReplayer Proof replay took 6ns 
104564     INFO  main            d.u.i.k.p.r.p.TestFile    ... finished proof: closed. 
104830     INFO  main            d.u.i.k.p.i.AbstractProblemLoader Loading environment from /home/runner/work/key/key/key.core/../key.ui/examples/heap/information_flow/UpdateAbstraction_ex7_3_secure.key.proof 
104830     DEBUG main            d.u.i.k.p.i.AbstractProblemLoader Environment load took 123.7ns 
104831     INFO  main            d.u.i.k.p.i.AbstractProblemLoader Creating init config 
107423     DEBUG main            d.u.i.k.p.i.AbstractProblemLoader Init config took 2.59s 
107457     INFO  main            d.u.i.k.p.i.AbstractProblemLoader Replaying proof UpdateAbstraction[UpdateAbstraction::ex7_3_secure()].JML operation contract.0 
107488     DEBUG main            d.u.i.k.p.i.IntermediateProofReplayer Proof replay took 29.26ms 
107489     DEBUG main            d.u.i.k.p.r.p.TestFile    ... success: reloaded. 
107490     INFO  main            d.u.i.k.p.r.p.TestFile    Now processing file /home/runner/work/key/key/key.core/../key.ui/examples/heap/information_flow/UpdateAbstraction_ex7_4_secure.key 
107490     INFO  main            d.u.i.k.p.i.AbstractProblemLoader Loading environment from /home/runner/work/key/key/key.core/../key.ui/examples/heap/information_flow/UpdateAbstraction_ex7_4_secure.key 
107490     DEBUG main            d.u.i.k.p.i.AbstractProblemLoader Environment load took 95ns 
107491     INFO  main            d.u.i.k.p.i.AbstractProblemLoader Creating init config 
110155     DEBUG main            d.u.i.k.p.i.AbstractProblemLoader Init config took 2.66s 
110207     INFO  main            d.u.i.k.p.i.AbstractProblemLoader Replaying proof UpdateAbstraction[UpdateAbstraction::ex7_4_secure()].JML operation contract.0 
110216     DEBUG main            d.u.i.k.p.i.IntermediateProofReplayer Proof replay took 6.1ns 
110420     INFO  main            d.u.i.k.p.r.p.TestFile    ... finished proof: closed. 
110692     INFO  main            d.u.i.k.p.i.AbstractProblemLoader Loading environment from /home/runner/work/key/key/key.core/../key.ui/examples/heap/information_flow/UpdateAbstraction_ex7_4_secure.key.proof 
110692     DEBUG main            d.u.i.k.p.i.AbstractProblemLoader Environment load took 121.3ns 
110693     INFO  main            d.u.i.k.p.i.AbstractProblemLoader Creating init config 
113266     DEBUG main            d.u.i.k.p.i.AbstractProblemLoader Init config took 2.57s 
113300     INFO  main            d.u.i.k.p.i.AbstractProblemLoader Replaying proof UpdateAbstraction[UpdateAbstraction::ex7_4_secure()].JML operation contract.0 
113345     DEBUG main            d.u.i.k.p.i.IntermediateProofReplayer Proof replay took 43.23ms 
113346     DEBUG main            d.u.i.k.p.r.p.TestFile    ... success: reloaded. 
113347     INFO  main            d.u.i.k.p.r.p.TestFile    Now processing file /home/runner/work/key/key/key.core/../key.ui/examples/heap/information_flow/UpdateAbstraction_ex7_5_secure.key 
113347     INFO  main            d.u.i.k.p.i.AbstractProblemLoader Loading environment from /home/runner/work/key/key/key.core/../key.ui/examples/heap/information_flow/UpdateAbstraction_ex7_5_secure.key 
113347     DEBUG main            d.u.i.k.p.i.AbstractProblemLoader Environment load took 106.8ns 
113348     INFO  main            d.u.i.k.p.i.AbstractProblemLoader Creating init config 
115994     DEBUG main            d.u.i.k.p.i.AbstractProblemLoader Init config took 2.65s 
116029     INFO  main            d.u.i.k.p.i.AbstractProblemLoader Replaying proof UpdateAbstraction[UpdateAbstraction::ex7_5_secure()].JML operation contract.0 
116031     DEBUG main            d.u.i.k.p.i.IntermediateProofReplayer Proof replay took 6.3ns 
116133     INFO  main            d.u.i.k.p.r.p.TestFile    ... finished proof: closed. 
116470     INFO  main            d.u.i.k.p.i.AbstractProblemLoader Loading environment from /home/runner/work/key/key/key.core/../key.ui/examples/heap/information_flow/UpdateAbstraction_ex7_5_secure.key.proof 
116471     DEBUG main            d.u.i.k.p.i.AbstractProblemLoader Environment load took 157.5ns 
116472     INFO  main            d.u.i.k.p.i.AbstractProblemLoader Creating init config 
119038     DEBUG main            d.u.i.k.p.i.AbstractProblemLoader Init config took 2.57s 
119072     INFO  main            d.u.i.k.p.i.AbstractProblemLoader Replaying proof UpdateAbstraction[UpdateAbstraction::ex7_5_secure()].JML operation contract.0 
119091     DEBUG main            d.u.i.k.p.i.IntermediateProofReplayer Proof replay took 17.8ms 
119092     DEBUG main            d.u.i.k.p.r.p.TestFile    ... success: reloaded. 
119093     INFO  main            d.u.i.k.p.r.p.TestFile    Now processing file /home/runner/work/key/key/key.core/../key.ui/examples/heap/information_flow/UpdateAbstraction_ex7_6_secure.key 
119093     INFO  main            d.u.i.k.p.i.AbstractProblemLoader Loading environment from /home/runner/work/key/key/key.core/../key.ui/examples/heap/information_flow/UpdateAbstraction_ex7_6_secure.key 
119093     DEBUG main            d.u.i.k.p.i.AbstractProblemLoader Environment load took 103ns 
119094     INFO  main            d.u.i.k.p.i.AbstractProblemLoader Creating init config 
121738     DEBUG main            d.u.i.k.p.i.AbstractProblemLoader Init config took 2.64s 
121789     INFO  main            d.u.i.k.p.i.AbstractProblemLoader Replaying proof UpdateAbstraction[UpdateAbstraction::ex7_6_secure()].JML operation contract.0 
121790     DEBUG main            d.u.i.k.p.i.IntermediateProofReplayer Proof replay took 6.3ns 
122092     INFO  main            d.u.i.k.p.r.p.TestFile    ... finished proof: closed. 
122381     INFO  main            d.u.i.k.p.i.AbstractProblemLoader Loading environment from /home/runner/work/key/key/key.core/../key.ui/examples/heap/information_flow/UpdateAbstraction_ex7_6_secure.key.proof 
122381     DEBUG main            d.u.i.k.p.i.AbstractProblemLoader Environment load took 126.4ns 
122382     INFO  main            d.u.i.k.p.i.AbstractProblemLoader Creating init config 
124958     DEBUG main            d.u.i.k.p.i.AbstractProblemLoader Init config took 2.58s 
124992     INFO  main            d.u.i.k.p.i.AbstractProblemLoader Replaying proof UpdateAbstraction[UpdateAbstraction::ex7_6_secure()].JML operation contract.0 
125067     DEBUG main            d.u.i.k.p.i.IntermediateProofReplayer Proof replay took 72.34ms 
125068     DEBUG main            d.u.i.k.p.r.p.TestFile    ... success: reloaded. 
125068     INFO  main            d.u.i.k.p.r.p.TestFile    Now processing file /home/runner/work/key/key/key.core/../key.ui/examples/heap/information_flow/UpdateAbstraction_ex9_secure.key 
125070     INFO  main            d.u.i.k.p.i.AbstractProblemLoader Loading environment from /home/runner/work/key/key/key.core/../key.ui/examples/heap/information_flow/UpdateAbstraction_ex9_secure.key 
125070     DEBUG main            d.u.i.k.p.i.AbstractProblemLoader Environment load took 532.71ns 
125072     INFO  main            d.u.i.k.p.i.AbstractProblemLoader Creating init config 
127725     DEBUG main            d.u.i.k.p.i.AbstractProblemLoader Init config took 2.65s 
127759     INFO  main            d.u.i.k.p.i.AbstractProblemLoader Replaying proof UpdateAbstraction[UpdateAbstraction::ex9_secure()].JML operation contract.0 
127760     DEBUG main            d.u.i.k.p.i.IntermediateProofReplayer Proof replay took 6.6ns 
128769     INFO  main            d.u.i.k.p.r.p.TestFile    ... finished proof: closed. 
129082     INFO  main            d.u.i.k.p.i.AbstractProblemLoader Loading environment from /home/runner/work/key/key/key.core/../key.ui/examples/heap/information_flow/UpdateAbstraction_ex9_secure.key.proof 
129083     DEBUG main            d.u.i.k.p.i.AbstractProblemLoader Environment load took 163.4ns 
129084     INFO  main            d.u.i.k.p.i.AbstractProblemLoader Creating init config 
131671     DEBUG main            d.u.i.k.p.i.AbstractProblemLoader Init config took 2.59s 
131710     INFO  main            d.u.i.k.p.i.AbstractProblemLoader Replaying proof UpdateAbstraction[UpdateAbstraction::ex9_secure()].JML operation contract.0 
131911     DEBUG main            d.u.i.k.p.i.IntermediateProofReplayer Proof replay took 194.96ms 
131913     DEBUG main            d.u.i.k.p.r.p.TestFile    ... success: reloaded. 
851425     INFO  Test worker     d.u.i.k.p.r.RunAllProofsTestUnit Returning from test javaCard 
851427     INFO  Test worker     d.u.i.k.p.r.RunAllProofsTestUnit Running test list 
391        INFO  Timeout watchdog d.u.i.k.p.r.p.ForkedTestFileRunner Timeout watcher launched (2000 secs.) 
396        WARN  main            d.u.i.k.s.ProofSettings   The settings in /home/runner/.key/proof-settings.props are *not* read. 
445        INFO  main            d.u.i.k.p.r.p.TestFile    Now processing file /home/runner/work/key/key/key.core/../key.ui/examples/heap/list/ArrayList_add.key 
596        INFO  main            d.u.i.k.p.i.AbstractProblemLoader Loading environment from /home/runner/work/key/key/key.core/../key.ui/examples/heap/list/ArrayList_add.key 
618        DEBUG main            d.u.i.k.p.i.AbstractProblemLoader Environment load took 2.38ms 
833        INFO  main            d.u.i.k.p.i.AbstractProblemLoader Creating init config 
1727       DEBUG main            d.u.i.k.j.TypeConverter   No LDT found for Meta 
1728       DEBUG main            d.u.i.k.j.TypeConverter   No LDT found for Meta 
1730       DEBUG main            d.u.i.k.j.TypeConverter   No LDT found for Meta 
1730       DEBUG main            d.u.i.k.j.TypeConverter   No LDT found for Meta 
3039       DEBUG main            d.u.i.k.j.TypeConverter   No LDT found for JavaBigintExpression 
6196       DEBUG main            d.u.i.k.j.r.ClassPreparationMethodBuilder clPrepBuilder: Inner Class detected. Reject building class initialisation methods. 
9023       DEBUG main            d.u.i.k.p.i.AbstractProblemLoader Init config took 8.19s 
9204       INFO  main            d.u.i.k.p.i.AbstractProblemLoader Replaying proof ArrayList[List::add(java.lang.Object)].JML normal_behavior operation contract.0 
9239       DEBUG main            d.u.i.k.p.i.IntermediateProofReplayer Proof replay took 37ns 
14889      INFO  main            d.u.i.k.p.r.p.TestFile    ... finished proof: closed. 
15091      INFO  main            d.u.i.k.p.i.AbstractProblemLoader Loading environment from /home/runner/work/key/key/key.core/../key.ui/examples/heap/list/ArrayList_add.key.proof 
15092      DEBUG main            d.u.i.k.p.i.AbstractProblemLoader Environment load took 531.31ns 
15095      INFO  main            d.u.i.k.p.i.AbstractProblemLoader Creating init config 
16360      DEBUG main            d.u.i.k.j.r.ClassPreparationMethodBuilder clPrepBuilder: Inner Class detected. Reject building class initialisation methods. 
18650      DEBUG main            d.u.i.k.p.i.AbstractProblemLoader Init config took 3.55s 
18724      INFO  main            d.u.i.k.p.i.AbstractProblemLoader Replaying proof ArrayList[List::add(java.lang.Object)].JML normal_behavior operation contract.0 
19809      DEBUG main            d.u.i.k.p.i.IntermediateProofReplayer Proof replay took 1.06s 
19818      DEBUG main            d.u.i.k.p.r.p.TestFile    ... success: reloaded. 
19820      INFO  main            d.u.i.k.p.r.p.TestFile    Now processing file /home/runner/work/key/key/key.core/../key.ui/examples/heap/list/ArrayList_ArrayList.key 
19820      INFO  main            d.u.i.k.p.i.AbstractProblemLoader Loading environment from /home/runner/work/key/key/key.core/../key.ui/examples/heap/list/ArrayList_ArrayList.key 
19821      DEBUG main            d.u.i.k.p.i.AbstractProblemLoader Environment load took 319ns 
19822      INFO  main            d.u.i.k.p.i.AbstractProblemLoader Creating init config 
20960      DEBUG main            d.u.i.k.j.r.ClassPreparationMethodBuilder clPrepBuilder: Inner Class detected. Reject building class initialisation methods. 
23280      DEBUG main            d.u.i.k.p.i.AbstractProblemLoader Init config took 3.46s 
23379      INFO  main            d.u.i.k.p.i.AbstractProblemLoader Replaying proof ArrayList[ArrayList::ArrayList()].JML normal_behavior operation contract.0 
23385      DEBUG main            d.u.i.k.p.i.IntermediateProofReplayer Proof replay took 17.3ns 
24895      INFO  main            d.u.i.k.p.r.p.TestFile    ... finished proof: closed. 
25061      INFO  main            d.u.i.k.p.i.AbstractProblemLoader Loading environment from /home/runner/work/key/key/key.core/../key.ui/examples/heap/list/ArrayList_ArrayList.key.proof 
25061      DEBUG main            d.u.i.k.p.i.AbstractProblemLoader Environment load took 249.8ns 
25063      INFO  main            d.u.i.k.p.i.AbstractProblemLoader Creating init config 
26104      DEBUG main            d.u.i.k.j.r.ClassPreparationMethodBuilder clPrepBuilder: Inner Class detected. Reject building class initialisation methods. 
28347      DEBUG main            d.u.i.k.p.i.AbstractProblemLoader Init config took 3.28s 
28403      INFO  main            d.u.i.k.p.i.AbstractProblemLoader Replaying proof ArrayList[ArrayList::ArrayList()].JML normal_behavior operation contract.0 
28616      DEBUG main            d.u.i.k.p.i.IntermediateProofReplayer Proof replay took 204.73ms 
28618      DEBUG main            d.u.i.k.p.r.p.TestFile    ... success: reloaded. 
28620      INFO  main            d.u.i.k.p.r.p.TestFile    Now processing file /home/runner/work/key/key/key.core/../key.ui/examples/heap/list/ArrayList_concatenate.key 
28620      INFO  main            d.u.i.k.p.i.AbstractProblemLoader Loading environment from /home/runner/work/key/key/key.core/../key.ui/examples/heap/list/ArrayList_concatenate.key 
28621      DEBUG main            d.u.i.k.p.i.AbstractProblemLoader Environment load took 252ns 
28622      INFO  main            d.u.i.k.p.i.AbstractProblemLoader Creating init config 
29723      DEBUG main            d.u.i.k.j.r.ClassPreparationMethodBuilder clPrepBuilder: Inner Class detected. Reject building class initialisation methods. 
31962      DEBUG main            d.u.i.k.p.i.AbstractProblemLoader Init config took 3.34s 
32018      INFO  main            d.u.i.k.p.i.AbstractProblemLoader Replaying proof ArrayList[List::concatenate(List)].JML normal_behavior operation contract.0 
32020      DEBUG main            d.u.i.k.p.i.IntermediateProofReplayer Proof replay took 7.1ns 
57164      INFO  main            d.u.i.k.p.r.p.TestFile    ... finished proof: closed. 
57413      INFO  main            d.u.i.k.p.i.AbstractProblemLoader Loading environment from /home/runner/work/key/key/key.core/../key.ui/examples/heap/list/ArrayList_concatenate.key.proof 
57414      DEBUG main            d.u.i.k.p.i.AbstractProblemLoader Environment load took 802.71ns 
57421      INFO  main            d.u.i.k.p.i.AbstractProblemLoader Creating init config 
58506      DEBUG main            d.u.i.k.j.r.ClassPreparationMethodBuilder clPrepBuilder: Inner Class detected. Reject building class initialisation methods. 
60739      DEBUG main            d.u.i.k.p.i.AbstractProblemLoader Init config took 3.32s 
60809      INFO  main            d.u.i.k.p.i.AbstractProblemLoader Replaying proof ArrayList[List::concatenate(List)].JML normal_behavior operation contract.0 
63078      DEBUG main            d.u.i.k.p.i.IntermediateProofReplayer Proof replay took 2.2s 
63083      DEBUG main            d.u.i.k.p.r.p.TestFile    ... success: reloaded. 
63084      INFO  main            d.u.i.k.p.r.p.TestFile    Now processing file /home/runner/work/key/key/key.core/../key.ui/examples/heap/list/ArrayList_contains_dep.key 
63085      INFO  main            d.u.i.k.p.i.AbstractProblemLoader Loading environment from /home/runner/work/key/key/key.core/../key.ui/examples/heap/list/ArrayList_contains_dep.key 
63085      DEBUG main            d.u.i.k.p.i.AbstractProblemLoader Environment load took 274.5ns 
63086      INFO  main            d.u.i.k.p.i.AbstractProblemLoader Creating init config 
64196      DEBUG main            d.u.i.k.j.r.ClassPreparationMethodBuilder clPrepBuilder: Inner Class detected. Reject building class initialisation methods. 
66448      DEBUG main            d.u.i.k.p.i.AbstractProblemLoader Init config took 3.36s 
66503      INFO  main            d.u.i.k.p.i.AbstractProblemLoader Replaying proof ArrayList[List::contains(java.lang.Object)].JML accessible clause.0 
66505      DEBUG main            d.u.i.k.p.i.IntermediateProofReplayer Proof replay took 6.5ns 
69329      INFO  main            d.u.i.k.p.r.p.TestFile    ... finished proof: closed. 
69589      INFO  main            d.u.i.k.p.i.AbstractProblemLoader Loading environment from /home/runner/work/key/key/key.core/../key.ui/examples/heap/list/ArrayList_contains_dep.key.proof 
69589      DEBUG main            d.u.i.k.p.i.AbstractProblemLoader Environment load took 428.7ns 
69591      INFO  main            d.u.i.k.p.i.AbstractProblemLoader Creating init config 
70618      DEBUG main            d.u.i.k.j.r.ClassPreparationMethodBuilder clPrepBuilder: Inner Class detected. Reject building class initialisation methods. 
72904      DEBUG main            d.u.i.k.p.i.AbstractProblemLoader Init config took 3.31s 
72956      INFO  main            d.u.i.k.p.i.AbstractProblemLoader Replaying proof ArrayList[List::contains(java.lang.Object)].JML accessible clause.0 
73424      DEBUG main            d.u.i.k.p.i.IntermediateProofReplayer Proof replay took 457.59ms 
73426      DEBUG main            d.u.i.k.p.r.p.TestFile    ... success: reloaded. 
73427      INFO  main            d.u.i.k.p.r.p.TestFile    Now processing file /home/runner/work/key/key/key.core/../key.ui/examples/heap/list/ArrayList_enlarge.key 
73428      INFO  main            d.u.i.k.p.i.AbstractProblemLoader Loading environment from /home/runner/work/key/key/key.core/../key.ui/examples/heap/list/ArrayList_enlarge.key 
73428      DEBUG main            d.u.i.k.p.i.AbstractProblemLoader Environment load took 244.7ns 
73429      INFO  main            d.u.i.k.p.i.AbstractProblemLoader Creating init config 
74468      DEBUG main            d.u.i.k.j.r.ClassPreparationMethodBuilder clPrepBuilder: Inner Class detected. Reject building class initialisation methods. 
76684      DEBUG main            d.u.i.k.p.i.AbstractProblemLoader Init config took 3.25s 
76749      INFO  main            d.u.i.k.p.i.AbstractProblemLoader Replaying proof ArrayList[ArrayList::enlarge()].JML normal_behavior operation contract.0 
76752      DEBUG main            d.u.i.k.p.i.IntermediateProofReplayer Proof replay took 5.7ns 
79077      INFO  main            d.u.i.k.p.r.p.TestFile    ... finished proof: closed. 
79352      INFO  main            d.u.i.k.p.i.AbstractProblemLoader Loading environment from /home/runner/work/key/key/key.core/../key.ui/examples/heap/list/ArrayList_enlarge.key.proof 
79353      DEBUG main            d.u.i.k.p.i.AbstractProblemLoader Environment load took 581.61ns 
79354      INFO  main            d.u.i.k.p.i.AbstractProblemLoader Creating init config 
80392      DEBUG main            d.u.i.k.j.r.ClassPreparationMethodBuilder clPrepBuilder: Inner Class detected. Reject building class initialisation methods. 
82548      DEBUG main            d.u.i.k.p.i.AbstractProblemLoader Init config took 3.19s 
82598      INFO  main            d.u.i.k.p.i.AbstractProblemLoader Replaying proof ArrayList[ArrayList::enlarge()].JML normal_behavior operation contract.0 
83015      DEBUG main            d.u.i.k.p.i.IntermediateProofReplayer Proof replay took 408.16ms 
83017      DEBUG main            d.u.i.k.p.r.p.TestFile    ... success: reloaded. 
83018      INFO  main            d.u.i.k.p.r.p.TestFile    Now processing file /home/runner/work/key/key/key.core/../key.ui/examples/heap/list/ArrayList_footprint.key 
83019      INFO  main            d.u.i.k.p.i.AbstractProblemLoader Loading environment from /home/runner/work/key/key/key.core/../key.ui/examples/heap/list/ArrayList_footprint.key 
83019      DEBUG main            d.u.i.k.p.i.AbstractProblemLoader Environment load took 254.8ns 
83020      INFO  main            d.u.i.k.p.i.AbstractProblemLoader Creating init config 
84086      DEBUG main            d.u.i.k.j.r.ClassPreparationMethodBuilder clPrepBuilder: Inner Class detected. Reject building class initialisation methods. 
86346      DEBUG main            d.u.i.k.p.i.AbstractProblemLoader Init config took 3.33s 
86391      INFO  main            d.u.i.k.p.i.AbstractProblemLoader Replaying proof List[List::$footprint()].JML accessible clause.0 
86393      DEBUG main            d.u.i.k.p.i.IntermediateProofReplayer Proof replay took 7.3ns 
86495      INFO  main            d.u.i.k.p.r.p.TestFile    ... finished proof: closed. 
86686      INFO  main            d.u.i.k.p.i.AbstractProblemLoader Loading environment from /home/runner/work/key/key/key.core/../key.ui/examples/heap/list/ArrayList_footprint.key.proof 
86686      DEBUG main            d.u.i.k.p.i.AbstractProblemLoader Environment load took 132.4ns 
86687      INFO  main            d.u.i.k.p.i.AbstractProblemLoader Creating init config 
87694      DEBUG main            d.u.i.k.j.r.ClassPreparationMethodBuilder clPrepBuilder: Inner Class detected. Reject building class initialisation methods. 
89869      DEBUG main            d.u.i.k.p.i.AbstractProblemLoader Init config took 3.18s 
89914      INFO  main            d.u.i.k.p.i.AbstractProblemLoader Replaying proof List[List::$footprint()].JML accessible clause.0 
89917      DEBUG main            d.u.i.k.p.i.IntermediateProofReplayer Proof replay took 1.12ms 
89918      DEBUG main            d.u.i.k.p.r.p.TestFile    ... success: reloaded. 
89920      INFO  main            d.u.i.k.p.r.p.TestFile    Now processing file /home/runner/work/key/key/key.core/../key.ui/examples/heap/list/ArrayList_get_dep.key 
89920      INFO  main            d.u.i.k.p.i.AbstractProblemLoader Loading environment from /home/runner/work/key/key/key.core/../key.ui/examples/heap/list/ArrayList_get_dep.key 
89920      DEBUG main            d.u.i.k.p.i.AbstractProblemLoader Environment load took 244.6ns 
89921      INFO  main            d.u.i.k.p.i.AbstractProblemLoader Creating init config 
90958      DEBUG main            d.u.i.k.j.r.ClassPreparationMethodBuilder clPrepBuilder: Inner Class detected. Reject building class initialisation methods. 
93166      DEBUG main            d.u.i.k.p.i.AbstractProblemLoader Init config took 3.24s 
93213      INFO  main            d.u.i.k.p.i.AbstractProblemLoader Replaying proof ArrayList[List::get(int)].JML accessible clause.0 
93219      DEBUG main            d.u.i.k.p.i.IntermediateProofReplayer Proof replay took 6ns 
93627      INFO  main            d.u.i.k.p.r.p.TestFile    ... finished proof: closed. 
93813      INFO  main            d.u.i.k.p.i.AbstractProblemLoader Loading environment from /home/runner/work/key/key/key.core/../key.ui/examples/heap/list/ArrayList_get_dep.key.proof 
93814      DEBUG main            d.u.i.k.p.i.AbstractProblemLoader Environment load took 501.31ns 
93817      INFO  main            d.u.i.k.p.i.AbstractProblemLoader Creating init config 
94810      DEBUG main            d.u.i.k.j.r.ClassPreparationMethodBuilder clPrepBuilder: Inner Class detected. Reject building class initialisation methods. 
96966      DEBUG main            d.u.i.k.p.i.AbstractProblemLoader Init config took 3.15s 
97024      INFO  main            d.u.i.k.p.i.AbstractProblemLoader Replaying proof ArrayList[List::get(int)].JML accessible clause.0 
97102      DEBUG main            d.u.i.k.p.i.IntermediateProofReplayer Proof replay took 74.87ms 
97106      DEBUG main            d.u.i.k.p.r.p.TestFile    ... success: reloaded. 
97108      INFO  main            d.u.i.k.p.r.p.TestFile    Now processing file /home/runner/work/key/key/key.core/../key.ui/examples/heap/list/ArrayList_get_exceptional.key 
97108      INFO  main            d.u.i.k.p.i.AbstractProblemLoader Loading environment from /home/runner/work/key/key/key.core/../key.ui/examples/heap/list/ArrayList_get_exceptional.key 
97108      DEBUG main            d.u.i.k.p.i.AbstractProblemLoader Environment load took 126.5ns 
97109      INFO  main            d.u.i.k.p.i.AbstractProblemLoader Creating init config 
98161      DEBUG main            d.u.i.k.j.r.ClassPreparationMethodBuilder clPrepBuilder: Inner Class detected. Reject building class initialisation methods. 
100342     DEBUG main            d.u.i.k.p.i.AbstractProblemLoader Init config took 3.23s 
100389     INFO  main            d.u.i.k.p.i.AbstractProblemLoader Replaying proof ArrayList[List::get(int)].JML exceptional_behavior operation contract.0 
100390     DEBUG main            d.u.i.k.p.i.IntermediateProofReplayer Proof replay took 6.3ns 
101597     INFO  main            d.u.i.k.p.r.p.TestFile    ... finished proof: closed. 
101814     INFO  main            d.u.i.k.p.i.AbstractProblemLoader Loading environment from /home/runner/work/key/key/key.core/../key.ui/examples/heap/list/ArrayList_get_exceptional.key.proof 
101821     DEBUG main            d.u.i.k.p.i.AbstractProblemLoader Environment load took 6.8ms 
101822     INFO  main            d.u.i.k.p.i.AbstractProblemLoader Creating init config 
102830     DEBUG main            d.u.i.k.j.r.ClassPreparationMethodBuilder clPrepBuilder: Inner Class detected. Reject building class initialisation methods. 
105035     DEBUG main            d.u.i.k.p.i.AbstractProblemLoader Init config took 3.21s 
105082     INFO  main            d.u.i.k.p.i.AbstractProblemLoader Replaying proof ArrayList[List::get(int)].JML exceptional_behavior operation contract.0 
105295     DEBUG main            d.u.i.k.p.i.IntermediateProofReplayer Proof replay took 205.72ms 
105296     DEBUG main            d.u.i.k.p.r.p.TestFile    ... success: reloaded. 
105298     INFO  main            d.u.i.k.p.r.p.TestFile    Now processing file /home/runner/work/key/key/key.core/../key.ui/examples/heap/list/ArrayList_get_normal.key 
105298     INFO  main            d.u.i.k.p.i.AbstractProblemLoader Loading environment from /home/runner/work/key/key/key.core/../key.ui/examples/heap/list/ArrayList_get_normal.key 
105298     DEBUG main            d.u.i.k.p.i.AbstractProblemLoader Environment load took 235.2ns 
105299     INFO  main            d.u.i.k.p.i.AbstractProblemLoader Creating init config 
106329     DEBUG main            d.u.i.k.j.r.ClassPreparationMethodBuilder clPrepBuilder: Inner Class detected. Reject building class initialisation methods. 
108506     DEBUG main            d.u.i.k.p.i.AbstractProblemLoader Init config took 3.21s 
108552     INFO  main            d.u.i.k.p.i.AbstractProblemLoader Replaying proof ArrayList[List::get(int)].JML normal_behavior operation contract.0 
108553     DEBUG main            d.u.i.k.p.i.IntermediateProofReplayer Proof replay took 5.5ns 
109060     INFO  main            d.u.i.k.p.r.p.TestFile    ... finished proof: closed. 
109254     INFO  main            d.u.i.k.p.i.AbstractProblemLoader Loading environment from /home/runner/work/key/key/key.core/../key.ui/examples/heap/list/ArrayList_get_normal.key.proof 
109255     DEBUG main            d.u.i.k.p.i.AbstractProblemLoader Environment load took 123.1ns 
109256     INFO  main            d.u.i.k.p.i.AbstractProblemLoader Creating init config 
110258     DEBUG main            d.u.i.k.j.r.ClassPreparationMethodBuilder clPrepBuilder: Inner Class detected. Reject building class initialisation methods. 
112433     DEBUG main            d.u.i.k.p.i.AbstractProblemLoader Init config took 3.18s 
112481     INFO  main            d.u.i.k.p.i.AbstractProblemLoader Replaying proof ArrayList[List::get(int)].JML normal_behavior operation contract.0 
112560     DEBUG main            d.u.i.k.p.i.IntermediateProofReplayer Proof replay took 75.27ms 
112561     DEBUG main            d.u.i.k.p.r.p.TestFile    ... success: reloaded. 
112562     INFO  main            d.u.i.k.p.r.p.TestFile    Now processing file /home/runner/work/key/key/key.core/../key.ui/examples/heap/list/ArrayList_inv.key 
112563     INFO  main            d.u.i.k.p.i.AbstractProblemLoader Loading environment from /home/runner/work/key/key/key.core/../key.ui/examples/heap/list/ArrayList_inv.key 
112563     DEBUG main            d.u.i.k.p.i.AbstractProblemLoader Environment load took 249ns 
112564     INFO  main            d.u.i.k.p.i.AbstractProblemLoader Creating init config 
113616     DEBUG main            d.u.i.k.j.r.ClassPreparationMethodBuilder clPrepBuilder: Inner Class detected. Reject building class initialisation methods. 
115823     DEBUG main            d.u.i.k.p.i.AbstractProblemLoader Init config took 3.26s 
115869     INFO  main            d.u.i.k.p.i.AbstractProblemLoader Replaying proof ArrayList[java.lang.Object::<inv>()].JML accessible clause.0 
115870     DEBUG main            d.u.i.k.p.i.IntermediateProofReplayer Proof replay took 7.1ns 
116274     INFO  main            d.u.i.k.p.r.p.TestFile    ... finished proof: closed. 
116500     INFO  main            d.u.i.k.p.i.AbstractProblemLoader Loading environment from /home/runner/work/key/key/key.core/../key.ui/examples/heap/list/ArrayList_inv.key.proof 
116500     DEBUG main            d.u.i.k.p.i.AbstractProblemLoader Environment load took 139.7ns 
116501     INFO  main            d.u.i.k.p.i.AbstractProblemLoader Creating init config 
117504     DEBUG main            d.u.i.k.j.r.ClassPreparationMethodBuilder clPrepBuilder: Inner Class detected. Reject building class initialisation methods. 
119685     DEBUG main            d.u.i.k.p.i.AbstractProblemLoader Init config took 3.18s 
119732     INFO  main            d.u.i.k.p.i.AbstractProblemLoader Replaying proof ArrayList[java.lang.Object::<inv>()].JML accessible clause.0 
119777     DEBUG main            d.u.i.k.p.i.IntermediateProofReplayer Proof replay took 41.72ms 
119778     DEBUG main            d.u.i.k.p.r.p.TestFile    ... success: reloaded. 
119779     INFO  main            d.u.i.k.p.r.p.TestFile    Now processing file /home/runner/work/key/key/key.core/../key.ui/examples/heap/list/ArrayList_iterator.key 
119779     INFO  main            d.u.i.k.p.i.AbstractProblemLoader Loading environment from /home/runner/work/key/key/key.core/../key.ui/examples/heap/list/ArrayList_iterator.key 
119780     DEBUG main            d.u.i.k.p.i.AbstractProblemLoader Environment load took 104.2ns 
119780     INFO  main            d.u.i.k.p.i.AbstractProblemLoader Creating init config 
120793     DEBUG main            d.u.i.k.j.r.ClassPreparationMethodBuilder clPrepBuilder: Inner Class detected. Reject building class initialisation methods. 
122963     DEBUG main            d.u.i.k.p.i.AbstractProblemLoader Init config took 3.18s 
123009     INFO  main            d.u.i.k.p.i.AbstractProblemLoader Replaying proof ArrayList[List::iterator()].JML normal_behavior operation contract.0 
123010     DEBUG main            d.u.i.k.p.i.IntermediateProofReplayer Proof replay took 7ns 
123516     INFO  main            d.u.i.k.p.r.p.TestFile    ... finished proof: closed. 
123752     INFO  main            d.u.i.k.p.i.AbstractProblemLoader Loading environment from /home/runner/work/key/key/key.core/../key.ui/examples/heap/list/ArrayList_iterator.key.proof 
123753     DEBUG main            d.u.i.k.p.i.AbstractProblemLoader Environment load took 135.8ns 
123754     INFO  main            d.u.i.k.p.i.AbstractProblemLoader Creating init config 
124758     DEBUG main            d.u.i.k.j.r.ClassPreparationMethodBuilder clPrepBuilder: Inner Class detected. Reject building class initialisation methods. 
126918     DEBUG main            d.u.i.k.p.i.AbstractProblemLoader Init config took 3.16s 
126965     INFO  main            d.u.i.k.p.i.AbstractProblemLoader Replaying proof ArrayList[List::iterator()].JML normal_behavior operation contract.0 
127052     DEBUG main            d.u.i.k.p.i.IntermediateProofReplayer Proof replay took 80.54ms 
127053     DEBUG main            d.u.i.k.p.r.p.TestFile    ... success: reloaded. 
127054     INFO  main            d.u.i.k.p.r.p.TestFile    Now processing file /home/runner/work/key/key/key.core/../key.ui/examples/heap/list/ArrayList_size_dep.key 
127055     INFO  main            d.u.i.k.p.i.AbstractProblemLoader Loading environment from /home/runner/work/key/key/key.core/../key.ui/examples/heap/list/ArrayList_size_dep.key 
127055     DEBUG main            d.u.i.k.p.i.AbstractProblemLoader Environment load took 64.5ns 
127056     INFO  main            d.u.i.k.p.i.AbstractProblemLoader Creating init config 
128096     DEBUG main            d.u.i.k.j.r.ClassPreparationMethodBuilder clPrepBuilder: Inner Class detected. Reject building class initialisation methods. 
130255     DEBUG main            d.u.i.k.p.i.AbstractProblemLoader Init config took 3.2s 
130301     INFO  main            d.u.i.k.p.i.AbstractProblemLoader Replaying proof ArrayList[List::size()].JML accessible clause.0 
130304     DEBUG main            d.u.i.k.p.i.IntermediateProofReplayer Proof replay took 5.8ns 
130506     INFO  main            d.u.i.k.p.r.p.TestFile    ... finished proof: closed. 
130732     INFO  main            d.u.i.k.p.i.AbstractProblemLoader Loading environment from /home/runner/work/key/key/key.core/../key.ui/examples/heap/list/ArrayList_size_dep.key.proof 
130732     DEBUG main            d.u.i.k.p.i.AbstractProblemLoader Environment load took 130.2ns 
130733     INFO  main            d.u.i.k.p.i.AbstractProblemLoader Creating init config 
131728     DEBUG main            d.u.i.k.j.r.ClassPreparationMethodBuilder clPrepBuilder: Inner Class detected. Reject building class initialisation methods. 
133872     DEBUG main            d.u.i.k.p.i.AbstractProblemLoader Init config took 3.14s 
133919     INFO  main            d.u.i.k.p.i.AbstractProblemLoader Replaying proof ArrayList[List::size()].JML accessible clause.0 
133949     DEBUG main            d.u.i.k.p.i.IntermediateProofReplayer Proof replay took 26.65ms 
133951     DEBUG main            d.u.i.k.p.r.p.TestFile    ... success: reloaded. 
133952     INFO  main            d.u.i.k.p.r.p.TestFile    Now processing file /home/runner/work/key/key/key.core/../key.ui/examples/heap/list/ArrayList_size.key 
133953     INFO  main            d.u.i.k.p.i.AbstractProblemLoader Loading environment from /home/runner/work/key/key/key.core/../key.ui/examples/heap/list/ArrayList_size.key 
133953     DEBUG main            d.u.i.k.p.i.AbstractProblemLoader Environment load took 227.3ns 
133955     INFO  main            d.u.i.k.p.i.AbstractProblemLoader Creating init config 
134965     DEBUG main            d.u.i.k.j.r.ClassPreparationMethodBuilder clPrepBuilder: Inner Class detected. Reject building class initialisation methods. 
137102     DEBUG main            d.u.i.k.p.i.AbstractProblemLoader Init config took 3.15s 
137166     INFO  main            d.u.i.k.p.i.AbstractProblemLoader Replaying proof ArrayList[List::size()].JML normal_behavior operation contract.0 
137168     DEBUG main            d.u.i.k.p.i.IntermediateProofReplayer Proof replay took 6.7ns 
137374     INFO  main            d.u.i.k.p.r.p.TestFile    ... finished proof: closed. 
137605     INFO  main            d.u.i.k.p.i.AbstractProblemLoader Loading environment from /home/runner/work/key/key/key.core/../key.ui/examples/heap/list/ArrayList_size.key.proof 
137605     DEBUG main            d.u.i.k.p.i.AbstractProblemLoader Environment load took 126.1ns 
137606     INFO  main            d.u.i.k.p.i.AbstractProblemLoader Creating init config 
138600     DEBUG main            d.u.i.k.j.r.ClassPreparationMethodBuilder clPrepBuilder: Inner Class detected. Reject building class initialisation methods. 
140723     DEBUG main            d.u.i.k.p.i.AbstractProblemLoader Init config took 3.12s 
140780     INFO  main            d.u.i.k.p.i.AbstractProblemLoader Replaying proof ArrayList[List::size()].JML normal_behavior operation contract.0 
140816     DEBUG main            d.u.i.k.p.i.IntermediateProofReplayer Proof replay took 33.33ms 
140817     DEBUG main            d.u.i.k.p.r.p.TestFile    ... success: reloaded. 
140818     INFO  main            d.u.i.k.p.r.p.TestFile    Now processing file /home/runner/work/key/key/key.core/../key.ui/examples/heap/list/ArrayList.ArrayListIterator_ArrayListIterator.key 
140818     INFO  main            d.u.i.k.p.i.AbstractProblemLoader Loading environment from /home/runner/work/key/key/key.core/../key.ui/examples/heap/list/ArrayList.ArrayListIterator_ArrayListIterator.key 
140818     DEBUG main            d.u.i.k.p.i.AbstractProblemLoader Environment load took 107ns 
140819     INFO  main            d.u.i.k.p.i.AbstractProblemLoader Creating init config 
141835     DEBUG main            d.u.i.k.j.r.ClassPreparationMethodBuilder clPrepBuilder: Inner Class detected. Reject building class initialisation methods. 
144037     DEBUG main            d.u.i.k.p.i.AbstractProblemLoader Init config took 3.22s 
144093     INFO  main            d.u.i.k.p.i.AbstractProblemLoader Replaying proof ArrayList.ArrayListIterator[ArrayList.ArrayListIterator::ArrayListIterator(ArrayList)].JML normal_behavior operation contract.0 
144095     DEBUG main            d.u.i.k.p.i.IntermediateProofReplayer Proof replay took 6.1ns 
144698     INFO  main            d.u.i.k.p.r.p.TestFile    ... finished proof: closed. 
144957     INFO  main            d.u.i.k.p.i.AbstractProblemLoader Loading environment from /home/runner/work/key/key/key.core/../key.ui/examples/heap/list/ArrayList.ArrayListIterator_ArrayListIterator.key.proof 
144957     DEBUG main            d.u.i.k.p.i.AbstractProblemLoader Environment load took 662.01ns 
144959     INFO  main            d.u.i.k.p.i.AbstractProblemLoader Creating init config 
145954     DEBUG main            d.u.i.k.j.r.ClassPreparationMethodBuilder clPrepBuilder: Inner Class detected. Reject building class initialisation methods. 
148064     DEBUG main            d.u.i.k.p.i.AbstractProblemLoader Init config took 3.1s 
148116     INFO  main            d.u.i.k.p.i.AbstractProblemLoader Replaying proof ArrayList.ArrayListIterator[ArrayList.ArrayListIterator::ArrayListIterator(ArrayList)].JML normal_behavior operation contract.0 
148220     DEBUG main            d.u.i.k.p.i.IntermediateProofReplayer Proof replay took 99.38ms 
148221     DEBUG main            d.u.i.k.p.r.p.TestFile    ... success: reloaded. 
148222     INFO  main            d.u.i.k.p.r.p.TestFile    Now processing file /home/runner/work/key/key/key.core/../key.ui/examples/heap/list/ArrayList.ArrayListIterator_hasNext_dep.key 
148222     INFO  main            d.u.i.k.p.i.AbstractProblemLoader Loading environment from /home/runner/work/key/key/key.core/../key.ui/examples/heap/list/ArrayList.ArrayListIterator_hasNext_dep.key 
148223     DEBUG main            d.u.i.k.p.i.AbstractProblemLoader Environment load took 101.4ns 
148223     INFO  main            d.u.i.k.p.i.AbstractProblemLoader Creating init config 
149262     DEBUG main            d.u.i.k.j.r.ClassPreparationMethodBuilder clPrepBuilder: Inner Class detected. Reject building class initialisation methods. 
151448     DEBUG main            d.u.i.k.p.i.AbstractProblemLoader Init config took 3.22s 
151498     INFO  main            d.u.i.k.p.i.AbstractProblemLoader Replaying proof ArrayList.ArrayListIterator[ListIterator::hasNext()].JML accessible clause.0 
151500     DEBUG main            d.u.i.k.p.i.IntermediateProofReplayer Proof replay took 6ns 
151804     INFO  main            d.u.i.k.p.r.p.TestFile    ... finished proof: closed. 
152047     INFO  main            d.u.i.k.p.i.AbstractProblemLoader Loading environment from /home/runner/work/key/key/key.core/../key.ui/examples/heap/list/ArrayList.ArrayListIterator_hasNext_dep.key.proof 
152047     DEBUG main            d.u.i.k.p.i.AbstractProblemLoader Environment load took 146.6ns 
152048     INFO  main            d.u.i.k.p.i.AbstractProblemLoader Creating init config 
153051     DEBUG main            d.u.i.k.j.r.ClassPreparationMethodBuilder clPrepBuilder: Inner Class detected. Reject building class initialisation methods. 
155157     DEBUG main            d.u.i.k.p.i.AbstractProblemLoader Init config took 3.11s 
155208     INFO  main            d.u.i.k.p.i.AbstractProblemLoader Replaying proof ArrayList.ArrayListIterator[ListIterator::hasNext()].JML accessible clause.0 
155261     DEBUG main            d.u.i.k.p.i.IntermediateProofReplayer Proof replay took 49.96ms 
155262     DEBUG main            d.u.i.k.p.r.p.TestFile    ... success: reloaded. 
155263     INFO  main            d.u.i.k.p.r.p.TestFile    Now processing file /home/runner/work/key/key/key.core/../key.ui/examples/heap/list/ArrayList.ArrayListIterator_hasNext.key 
155263     INFO  main            d.u.i.k.p.i.AbstractProblemLoader Loading environment from /home/runner/work/key/key/key.core/../key.ui/examples/heap/list/ArrayList.ArrayListIterator_hasNext.key 
155263     DEBUG main            d.u.i.k.p.i.AbstractProblemLoader Environment load took 213.8ns 
155264     INFO  main            d.u.i.k.p.i.AbstractProblemLoader Creating init config 
156281     DEBUG main            d.u.i.k.j.r.ClassPreparationMethodBuilder clPrepBuilder: Inner Class detected. Reject building class initialisation methods. 
158437     DEBUG main            d.u.i.k.p.i.AbstractProblemLoader Init config took 3.17s 
158489     INFO  main            d.u.i.k.p.i.AbstractProblemLoader Replaying proof ArrayList.ArrayListIterator[ListIterator::hasNext()].JML normal_behavior operation contract.0 
158490     DEBUG main            d.u.i.k.p.i.IntermediateProofReplayer Proof replay took 6.4ns 
158895     INFO  main            d.u.i.k.p.r.p.TestFile    ... finished proof: closed. 
159128     INFO  main            d.u.i.k.p.i.AbstractProblemLoader Loading environment from /home/runner/work/key/key/key.core/../key.ui/examples/heap/list/ArrayList.ArrayListIterator_hasNext.key.proof 
159128     DEBUG main            d.u.i.k.p.i.AbstractProblemLoader Environment load took 123.9ns 
159130     INFO  main            d.u.i.k.p.i.AbstractProblemLoader Creating init config 
160149     DEBUG main            d.u.i.k.j.r.ClassPreparationMethodBuilder clPrepBuilder: Inner Class detected. Reject building class initialisation methods. 
162260     DEBUG main            d.u.i.k.p.i.AbstractProblemLoader Init config took 3.13s 
162309     INFO  main            d.u.i.k.p.i.AbstractProblemLoader Replaying proof ArrayList.ArrayListIterator[ListIterator::hasNext()].JML normal_behavior operation contract.0 
162364     DEBUG main            d.u.i.k.p.i.IntermediateProofReplayer Proof replay took 52.04ms 
162365     DEBUG main            d.u.i.k.p.r.p.TestFile    ... success: reloaded. 
162366     INFO  main            d.u.i.k.p.r.p.TestFile    Now processing file /home/runner/work/key/key/key.core/../key.ui/examples/heap/list/ArrayList.ArrayListIterator_inv.key 
162366     INFO  main            d.u.i.k.p.i.AbstractProblemLoader Loading environment from /home/runner/work/key/key/key.core/../key.ui/examples/heap/list/ArrayList.ArrayListIterator_inv.key 
162367     DEBUG main            d.u.i.k.p.i.AbstractProblemLoader Environment load took 83.8ns 
162367     INFO  main            d.u.i.k.p.i.AbstractProblemLoader Creating init config 
163371     DEBUG main            d.u.i.k.j.r.ClassPreparationMethodBuilder clPrepBuilder: Inner Class detected. Reject building class initialisation methods. 
165524     DEBUG main            d.u.i.k.p.i.AbstractProblemLoader Init config took 3.16s 
165574     INFO  main            d.u.i.k.p.i.AbstractProblemLoader Replaying proof ArrayList.ArrayListIterator[java.lang.Object::<inv>()].JML accessible clause.0 
165576     DEBUG main            d.u.i.k.p.i.IntermediateProofReplayer Proof replay took 7.4ns 
166498     INFO  main            d.u.i.k.p.r.p.TestFile    ... finished proof: closed. 
166753     INFO  main            d.u.i.k.p.i.AbstractProblemLoader Loading environment from /home/runner/work/key/key/key.core/../key.ui/examples/heap/list/ArrayList.ArrayListIterator_inv.key.proof 
166754     DEBUG main            d.u.i.k.p.i.AbstractProblemLoader Environment load took 1.5ms 
166756     INFO  main            d.u.i.k.p.i.AbstractProblemLoader Creating init config 
167745     DEBUG main            d.u.i.k.j.r.ClassPreparationMethodBuilder clPrepBuilder: Inner Class detected. Reject building class initialisation methods. 
169869     DEBUG main            d.u.i.k.p.i.AbstractProblemLoader Init config took 3.11s 
169919     INFO  main            d.u.i.k.p.i.AbstractProblemLoader Replaying proof ArrayList.ArrayListIterator[java.lang.Object::<inv>()].JML accessible clause.0 
170017     DEBUG main            d.u.i.k.p.i.IntermediateProofReplayer Proof replay took 92.84ms 
170018     DEBUG main            d.u.i.k.p.r.p.TestFile    ... success: reloaded. 
170019     INFO  main            d.u.i.k.p.r.p.TestFile    Now processing file /home/runner/work/key/key/key.core/../key.ui/examples/heap/list/ArrayList.ArrayListIterator_list.key 
170019     INFO  main            d.u.i.k.p.i.AbstractProblemLoader Loading environment from /home/runner/work/key/key/key.core/../key.ui/examples/heap/list/ArrayList.ArrayListIterator_list.key 
170020     DEBUG main            d.u.i.k.p.i.AbstractProblemLoader Environment load took 233.5ns 
170022     INFO  main            d.u.i.k.p.i.AbstractProblemLoader Creating init config 
171057     DEBUG main            d.u.i.k.j.r.ClassPreparationMethodBuilder clPrepBuilder: Inner Class detected. Reject building class initialisation methods. 
173252     DEBUG main            d.u.i.k.p.i.AbstractProblemLoader Init config took 3.23s 
173290     INFO  main            d.u.i.k.p.i.AbstractProblemLoader Replaying proof ListIterator[ListIterator::$list()].JML accessible clause.0 
173292     DEBUG main            d.u.i.k.p.i.IntermediateProofReplayer Proof replay took 6.5ns 
173393     INFO  main            d.u.i.k.p.r.p.TestFile    ... finished proof: closed. 
173649     INFO  main            d.u.i.k.p.i.AbstractProblemLoader Loading environment from /home/runner/work/key/key/key.core/../key.ui/examples/heap/list/ArrayList.ArrayListIterator_list.key.proof 
173649     DEBUG main            d.u.i.k.p.i.AbstractProblemLoader Environment load took 109.3ns 
173650     INFO  main            d.u.i.k.p.i.AbstractProblemLoader Creating init config 
174635     DEBUG main            d.u.i.k.j.r.ClassPreparationMethodBuilder clPrepBuilder: Inner Class detected. Reject building class initialisation methods. 
176743     DEBUG main            d.u.i.k.p.i.AbstractProblemLoader Init config took 3.09s 
176781     INFO  main            d.u.i.k.p.i.AbstractProblemLoader Replaying proof ListIterator[ListIterator::$list()].JML accessible clause.0 
176783     DEBUG main            d.u.i.k.p.i.IntermediateProofReplayer Proof replay took 981.71ns 
176784     DEBUG main            d.u.i.k.p.r.p.TestFile    ... success: reloaded. 
176785     INFO  main            d.u.i.k.p.r.p.TestFile    Now processing file /home/runner/work/key/key/key.core/../key.ui/examples/heap/list/ArrayList.ArrayListIterator_next_exceptional.key 
176785     INFO  main            d.u.i.k.p.i.AbstractProblemLoader Loading environment from /home/runner/work/key/key/key.core/../key.ui/examples/heap/list/ArrayList.ArrayListIterator_next_exceptional.key 
176785     DEBUG main            d.u.i.k.p.i.AbstractProblemLoader Environment load took 140.2ns 
176786     INFO  main            d.u.i.k.p.i.AbstractProblemLoader Creating init config 
177850     DEBUG main            d.u.i.k.j.r.ClassPreparationMethodBuilder clPrepBuilder: Inner Class detected. Reject building class initialisation methods. 
179963     DEBUG main            d.u.i.k.p.i.AbstractProblemLoader Init config took 3.18s 
180013     INFO  main            d.u.i.k.p.i.AbstractProblemLoader Replaying proof ArrayList.ArrayListIterator[ListIterator::next()].JML exceptional_behavior operation contract.0 
180014     DEBUG main            d.u.i.k.p.i.IntermediateProofReplayer Proof replay took 6.7ns 
180821     INFO  main            d.u.i.k.p.r.p.TestFile    ... finished proof: closed. 
181099     INFO  main            d.u.i.k.p.i.AbstractProblemLoader Loading environment from /home/runner/work/key/key/key.core/../key.ui/examples/heap/list/ArrayList.ArrayListIterator_next_exceptional.key.proof 
181099     DEBUG main            d.u.i.k.p.i.AbstractProblemLoader Environment load took 121.2ns 
181100     INFO  main            d.u.i.k.p.i.AbstractProblemLoader Creating init config 
182090     DEBUG main            d.u.i.k.j.r.ClassPreparationMethodBuilder clPrepBuilder: Inner Class detected. Reject building class initialisation methods. 
184203     DEBUG main            d.u.i.k.p.i.AbstractProblemLoader Init config took 3.1s 
184253     INFO  main            d.u.i.k.p.i.AbstractProblemLoader Replaying proof ArrayList.ArrayListIterator[ListIterator::next()].JML exceptional_behavior operation contract.0 
184397     DEBUG main            d.u.i.k.p.i.IntermediateProofReplayer Proof replay took 139.72ms 
184399     DEBUG main            d.u.i.k.p.r.p.TestFile    ... success: reloaded. 
184400     INFO  main            d.u.i.k.p.r.p.TestFile    Now processing file /home/runner/work/key/key/key.core/../key.ui/examples/heap/list/ArrayList.ArrayListIterator_next_normal.key 
184400     INFO  main            d.u.i.k.p.i.AbstractProblemLoader Loading environment from /home/runner/work/key/key/key.core/../key.ui/examples/heap/list/ArrayList.ArrayListIterator_next_normal.key 
184400     DEBUG main            d.u.i.k.p.i.AbstractProblemLoader Environment load took 58.4ns 
184402     INFO  main            d.u.i.k.p.i.AbstractProblemLoader Creating init config 
185408     DEBUG main            d.u.i.k.j.r.ClassPreparationMethodBuilder clPrepBuilder: Inner Class detected. Reject building class initialisation methods. 
187579     DEBUG main            d.u.i.k.p.i.AbstractProblemLoader Init config took 3.18s 
187654     INFO  main            d.u.i.k.p.i.AbstractProblemLoader Replaying proof ArrayList.ArrayListIterator[ListIterator::next()].JML normal_behavior operation contract.0 
187657     DEBUG main            d.u.i.k.p.i.IntermediateProofReplayer Proof replay took 6.9ns 
188564     INFO  main            d.u.i.k.p.r.p.TestFile    ... finished proof: closed. 
188884     INFO  main            d.u.i.k.p.i.AbstractProblemLoader Loading environment from /home/runner/work/key/key/key.core/../key.ui/examples/heap/list/ArrayList.ArrayListIterator_next_normal.key.proof 
188885     DEBUG main            d.u.i.k.p.i.AbstractProblemLoader Environment load took 511.91ns 
188886     INFO  main            d.u.i.k.p.i.AbstractProblemLoader Creating init config 
189886     DEBUG main            d.u.i.k.j.r.ClassPreparationMethodBuilder clPrepBuilder: Inner Class detected. Reject building class initialisation methods. 
191984     DEBUG main            d.u.i.k.p.i.AbstractProblemLoader Init config took 3.1s 
192034     INFO  main            d.u.i.k.p.i.AbstractProblemLoader Replaying proof ArrayList.ArrayListIterator[ListIterator::next()].JML normal_behavior operation contract.0 
192224     DEBUG main            d.u.i.k.p.i.IntermediateProofReplayer Proof replay took 186.01ms 
192226     DEBUG main            d.u.i.k.p.r.p.TestFile    ... success: reloaded. 
192227     INFO  main            d.u.i.k.p.r.p.TestFile    Now processing file /home/runner/work/key/key/key.core/../key.ui/examples/heap/list/ArrayList.ArrayListIterator_pos.key 
192227     INFO  main            d.u.i.k.p.i.AbstractProblemLoader Loading environment from /home/runner/work/key/key/key.core/../key.ui/examples/heap/list/ArrayList.ArrayListIterator_pos.key 
192227     DEBUG main            d.u.i.k.p.i.AbstractProblemLoader Environment load took 52.6ns 
192228     INFO  main            d.u.i.k.p.i.AbstractProblemLoader Creating init config 
193234     DEBUG main            d.u.i.k.j.r.ClassPreparationMethodBuilder clPrepBuilder: Inner Class detected. Reject building class initialisation methods. 
195410     DEBUG main            d.u.i.k.p.i.AbstractProblemLoader Init config took 3.18s 
195448     INFO  main            d.u.i.k.p.i.AbstractProblemLoader Replaying proof ListIterator[ListIterator::$pos()].JML accessible clause.0 
195450     DEBUG main            d.u.i.k.p.i.IntermediateProofReplayer Proof replay took 5.8ns 
195552     INFO  main            d.u.i.k.p.r.p.TestFile    ... finished proof: closed. 
195815     INFO  main            d.u.i.k.p.i.AbstractProblemLoader Loading environment from /home/runner/work/key/key/key.core/../key.ui/examples/heap/list/ArrayList.ArrayListIterator_pos.key.proof 
195815     DEBUG main            d.u.i.k.p.i.AbstractProblemLoader Environment load took 108.2ns 
195816     INFO  main            d.u.i.k.p.i.AbstractProblemLoader Creating init config 
196805     DEBUG main            d.u.i.k.j.r.ClassPreparationMethodBuilder clPrepBuilder: Inner Class detected. Reject building class initialisation methods. 
198906     DEBUG main            d.u.i.k.p.i.AbstractProblemLoader Init config took 3.09s 
198944     INFO  main            d.u.i.k.p.i.AbstractProblemLoader Replaying proof ListIterator[ListIterator::$pos()].JML accessible clause.0 
198947     DEBUG main            d.u.i.k.p.i.IntermediateProofReplayer Proof replay took 970.91ns 
198948     DEBUG main            d.u.i.k.p.r.p.TestFile    ... success: reloaded. 
198949     INFO  main            d.u.i.k.p.r.p.TestFile    Now processing file /home/runner/work/key/key/key.core/../key.ui/examples/heap/list/Client_m.key 
198949     INFO  main            d.u.i.k.p.i.AbstractProblemLoader Loading environment from /home/runner/work/key/key/key.core/../key.ui/examples/heap/list/Client_m.key 
198949     DEBUG main            d.u.i.k.p.i.AbstractProblemLoader Environment load took 91.9ns 
198950     INFO  main            d.u.i.k.p.i.AbstractProblemLoader Creating init config 
200021     DEBUG main            d.u.i.k.j.r.ClassPreparationMethodBuilder clPrepBuilder: Inner Class detected. Reject building class initialisation methods. 
202147     DEBUG main            d.u.i.k.p.i.AbstractProblemLoader Init config took 3.2s 
202187     INFO  main            d.u.i.k.p.i.AbstractProblemLoader Replaying proof Client[Client::m(List)].JML normal_behavior operation contract.0 
202188     DEBUG main            d.u.i.k.p.i.IntermediateProofReplayer Proof replay took 6.7ns 
202492     INFO  main            d.u.i.k.p.r.p.TestFile    ... finished proof: closed. 
202788     INFO  main            d.u.i.k.p.i.AbstractProblemLoader Loading environment from /home/runner/work/key/key/key.core/../key.ui/examples/heap/list/Client_m.key.proof 
202788     DEBUG main            d.u.i.k.p.i.AbstractProblemLoader Environment load took 115.8ns 
202789     INFO  main            d.u.i.k.p.i.AbstractProblemLoader Creating init config 
203783     DEBUG main            d.u.i.k.j.r.ClassPreparationMethodBuilder clPrepBuilder: Inner Class detected. Reject building class initialisation methods. 
205890     DEBUG main            d.u.i.k.p.i.AbstractProblemLoader Init config took 3.1s 
205929     INFO  main            d.u.i.k.p.i.AbstractProblemLoader Replaying proof Client[Client::m(List)].JML normal_behavior operation contract.0 
205990     DEBUG main            d.u.i.k.p.i.IntermediateProofReplayer Proof replay took 58.13ms 
205991     DEBUG main            d.u.i.k.p.r.p.TestFile    ... success: reloaded. 
205992     INFO  main            d.u.i.k.p.r.p.TestFile    Now processing file /home/runner/work/key/key/key.core/../key.ui/examples/heap/list/Client_n.key 
205992     INFO  main            d.u.i.k.p.i.AbstractProblemLoader Loading environment from /home/runner/work/key/key/key.core/../key.ui/examples/heap/list/Client_n.key 
205992     DEBUG main            d.u.i.k.p.i.AbstractProblemLoader Environment load took 85.6ns 
205993     INFO  main            d.u.i.k.p.i.AbstractProblemLoader Creating init config 
207007     DEBUG main            d.u.i.k.j.r.ClassPreparationMethodBuilder clPrepBuilder: Inner Class detected. Reject building class initialisation methods. 
209190     DEBUG main            d.u.i.k.p.i.AbstractProblemLoader Init config took 3.2s 
209228     INFO  main            d.u.i.k.p.i.AbstractProblemLoader Replaying proof Client[Client::n(List)].JML normal_behavior operation contract.0 
209230     DEBUG main            d.u.i.k.p.i.IntermediateProofReplayer Proof replay took 6.7ns 
209332     INFO  main            d.u.i.k.p.r.p.TestFile    ... finished proof: closed. 
209626     INFO  main            d.u.i.k.p.i.AbstractProblemLoader Loading environment from /home/runner/work/key/key/key.core/../key.ui/examples/heap/list/Client_n.key.proof 
209626     DEBUG main            d.u.i.k.p.i.AbstractProblemLoader Environment load took 103.6ns 
209627     INFO  main            d.u.i.k.p.i.AbstractProblemLoader Creating init config 
210617     DEBUG main            d.u.i.k.j.r.ClassPreparationMethodBuilder clPrepBuilder: Inner Class detected. Reject building class initialisation methods. 
212713     DEBUG main            d.u.i.k.p.i.AbstractProblemLoader Init config took 3.09s 
212754     INFO  main            d.u.i.k.p.i.AbstractProblemLoader Replaying proof Client[Client::n(List)].JML normal_behavior operation contract.0 
212774     DEBUG main            d.u.i.k.p.i.IntermediateProofReplayer Proof replay took 18.28ms 
212775     DEBUG main            d.u.i.k.p.r.p.TestFile    ... success: reloaded. 
212776     INFO  main            d.u.i.k.p.r.p.TestFile    Now processing file /home/runner/work/key/key/key.core/../key.ui/examples/heap/list/LinkedList_get_exceptional.key 
212776     INFO  main            d.u.i.k.p.i.AbstractProblemLoader Loading environment from /home/runner/work/key/key/key.core/../key.ui/examples/heap/list/LinkedList_get_exceptional.key 
212776     DEBUG main            d.u.i.k.p.i.AbstractProblemLoader Environment load took 89.6ns 
212777     INFO  main            d.u.i.k.p.i.AbstractProblemLoader Creating init config 
213797     DEBUG main            d.u.i.k.j.r.ClassPreparationMethodBuilder clPrepBuilder: Inner Class detected. Reject building class initialisation methods. 
215966     DEBUG main            d.u.i.k.p.i.AbstractProblemLoader Init config took 3.19s 
216010     INFO  main            d.u.i.k.p.i.AbstractProblemLoader Replaying proof LinkedList[List::get(int)].JML exceptional_behavior operation contract.0 
216011     DEBUG main            d.u.i.k.p.i.IntermediateProofReplayer Proof replay took 6.9ns 
218118     INFO  main            d.u.i.k.p.r.p.TestFile    ... finished proof: closed. 
218434     INFO  main            d.u.i.k.p.i.AbstractProblemLoader Loading environment from /home/runner/work/key/key/key.core/../key.ui/examples/heap/list/LinkedList_get_exceptional.key.proof 
218435     DEBUG main            d.u.i.k.p.i.AbstractProblemLoader Environment load took 528.61ns 
218437     INFO  main            d.u.i.k.p.i.AbstractProblemLoader Creating init config 
219456     DEBUG main            d.u.i.k.j.r.ClassPreparationMethodBuilder clPrepBuilder: Inner Class detected. Reject building class initialisation methods. 
221541     DEBUG main            d.u.i.k.p.i.AbstractProblemLoader Init config took 3.1s 
221584     INFO  main            d.u.i.k.p.i.AbstractProblemLoader Replaying proof LinkedList[List::get(int)].JML exceptional_behavior operation contract.0 
221893     DEBUG main            d.u.i.k.p.i.IntermediateProofReplayer Proof replay took 300.74ms 
221895     DEBUG main            d.u.i.k.p.r.p.TestFile    ... success: reloaded. 
221896     INFO  main            d.u.i.k.p.r.p.TestFile    Now processing file /home/runner/work/key/key/key.core/../key.ui/examples/heap/list/LinkedList_get_normal.key 
221896     INFO  main            d.u.i.k.p.i.AbstractProblemLoader Loading environment from /home/runner/work/key/key/key.core/../key.ui/examples/heap/list/LinkedList_get_normal.key 
221896     DEBUG main            d.u.i.k.p.i.AbstractProblemLoader Environment load took 73.9ns 
221897     INFO  main            d.u.i.k.p.i.AbstractProblemLoader Creating init config 
222912     DEBUG main            d.u.i.k.j.r.ClassPreparationMethodBuilder clPrepBuilder: Inner Class detected. Reject building class initialisation methods. 
225049     DEBUG main            d.u.i.k.p.i.AbstractProblemLoader Init config took 3.15s 
225092     INFO  main            d.u.i.k.p.i.AbstractProblemLoader Replaying proof LinkedList[List::get(int)].JML normal_behavior operation contract.0 
225094     DEBUG main            d.u.i.k.p.i.IntermediateProofReplayer Proof replay took 6.8ns 
230409     INFO  main            d.u.i.k.p.r.p.TestFile    ... finished proof: closed. 
230748     INFO  main            d.u.i.k.p.i.AbstractProblemLoader Loading environment from /home/runner/work/key/key/key.core/../key.ui/examples/heap/list/LinkedList_get_normal.key.proof 
230748     DEBUG main            d.u.i.k.p.i.AbstractProblemLoader Environment load took 117.2ns 
230751     INFO  main            d.u.i.k.p.i.AbstractProblemLoader Creating init config 
231737     DEBUG main            d.u.i.k.j.r.ClassPreparationMethodBuilder clPrepBuilder: Inner Class detected. Reject building class initialisation methods. 
233813     DEBUG main            d.u.i.k.p.i.AbstractProblemLoader Init config took 3.06s 
233856     INFO  main            d.u.i.k.p.i.AbstractProblemLoader Replaying proof LinkedList[List::get(int)].JML normal_behavior operation contract.0 
234310     DEBUG main            d.u.i.k.p.i.IntermediateProofReplayer Proof replay took 433.79ms 
234312     DEBUG main            d.u.i.k.p.r.p.TestFile    ... success: reloaded. 
234313     INFO  main            d.u.i.k.p.r.p.TestFile    Now processing file /home/runner/work/key/key/key.core/../key.ui/examples/heap/list/LinkedList_LinkedList.key 
234313     INFO  main            d.u.i.k.p.i.AbstractProblemLoader Loading environment from /home/runner/work/key/key/key.core/../key.ui/examples/heap/list/LinkedList_LinkedList.key 
234313     DEBUG main            d.u.i.k.p.i.AbstractProblemLoader Environment load took 55ns 
234314     INFO  main            d.u.i.k.p.i.AbstractProblemLoader Creating init config 
235356     DEBUG main            d.u.i.k.j.r.ClassPreparationMethodBuilder clPrepBuilder: Inner Class detected. Reject building class initialisation methods. 
237480     DEBUG main            d.u.i.k.p.i.AbstractProblemLoader Init config took 3.17s 
237522     INFO  main            d.u.i.k.p.i.AbstractProblemLoader Replaying proof LinkedList[LinkedList::LinkedList()].JML normal_behavior operation contract.0 
237524     DEBUG main            d.u.i.k.p.i.IntermediateProofReplayer Proof replay took 6.7ns 
238028     INFO  main            d.u.i.k.p.r.p.TestFile    ... finished proof: closed. 
238361     INFO  main            d.u.i.k.p.i.AbstractProblemLoader Loading environment from /home/runner/work/key/key/key.core/../key.ui/examples/heap/list/LinkedList_LinkedList.key.proof 
238361     DEBUG main            d.u.i.k.p.i.AbstractProblemLoader Environment load took 131.8ns 
238362     INFO  main            d.u.i.k.p.i.AbstractProblemLoader Creating init config 
239345     DEBUG main            d.u.i.k.j.r.ClassPreparationMethodBuilder clPrepBuilder: Inner Class detected. Reject building class initialisation methods. 
241433     DEBUG main            d.u.i.k.p.i.AbstractProblemLoader Init config took 3.07s 
241476     INFO  main            d.u.i.k.p.i.AbstractProblemLoader Replaying proof LinkedList[LinkedList::LinkedList()].JML normal_behavior operation contract.0 
241573     DEBUG main            d.u.i.k.p.i.IntermediateProofReplayer Proof replay took 93.23ms 
241574     DEBUG main            d.u.i.k.p.r.p.TestFile    ... success: reloaded. 
241575     INFO  main            d.u.i.k.p.r.p.TestFile    Now processing file /home/runner/work/key/key/key.core/../key.ui/examples/heap/list/LinkedList_size_dep.key 
241575     INFO  main            d.u.i.k.p.i.AbstractProblemLoader Loading environment from /home/runner/work/key/key/key.core/../key.ui/examples/heap/list/LinkedList_size_dep.key 
241576     DEBUG main            d.u.i.k.p.i.AbstractProblemLoader Environment load took 73.9ns 
241576     INFO  main            d.u.i.k.p.i.AbstractProblemLoader Creating init config 
242592     DEBUG main            d.u.i.k.j.r.ClassPreparationMethodBuilder clPrepBuilder: Inner Class detected. Reject building class initialisation methods. 
244703     DEBUG main            d.u.i.k.p.i.AbstractProblemLoader Init config took 3.13s 
244745     INFO  main            d.u.i.k.p.i.AbstractProblemLoader Replaying proof LinkedList[List::size()].JML accessible clause.0 
244746     DEBUG main            d.u.i.k.p.i.IntermediateProofReplayer Proof replay took 6.5ns 
245262     INFO  main            d.u.i.k.p.r.p.TestFile    ... finished proof: closed. 
245569     INFO  main            d.u.i.k.p.i.AbstractProblemLoader Loading environment from /home/runner/work/key/key/key.core/../key.ui/examples/heap/list/LinkedList_size_dep.key.proof 
245569     DEBUG main            d.u.i.k.p.i.AbstractProblemLoader Environment load took 112.2ns 
245570     INFO  main            d.u.i.k.p.i.AbstractProblemLoader Creating init config 
246562     DEBUG main            d.u.i.k.j.r.ClassPreparationMethodBuilder clPrepBuilder: Inner Class detected. Reject building class initialisation methods. 
248651     DEBUG main            d.u.i.k.p.i.AbstractProblemLoader Init config took 3.08s 
248694     INFO  main            d.u.i.k.p.i.AbstractProblemLoader Replaying proof LinkedList[List::size()].JML accessible clause.0 
248743     DEBUG main            d.u.i.k.p.i.IntermediateProofReplayer Proof replay took 46.07ms 
248745     DEBUG main            d.u.i.k.p.r.p.TestFile    ... success: reloaded. 
248746     INFO  main            d.u.i.k.p.r.p.TestFile    Now processing file /home/runner/work/key/key/key.core/../key.ui/examples/heap/list/LinkedList_size.key 
248746     INFO  main            d.u.i.k.p.i.AbstractProblemLoader Loading environment from /home/runner/work/key/key/key.core/../key.ui/examples/heap/list/LinkedList_size.key 
248747     DEBUG main            d.u.i.k.p.i.AbstractProblemLoader Environment load took 219.2ns 
248748     INFO  main            d.u.i.k.p.i.AbstractProblemLoader Creating init config 
249759     DEBUG main            d.u.i.k.j.r.ClassPreparationMethodBuilder clPrepBuilder: Inner Class detected. Reject building class initialisation methods. 
251881     DEBUG main            d.u.i.k.p.i.AbstractProblemLoader Init config took 3.13s 
251923     INFO  main            d.u.i.k.p.i.AbstractProblemLoader Replaying proof LinkedList[List::size()].JML normal_behavior operation contract.0 
251925     DEBUG main            d.u.i.k.p.i.IntermediateProofReplayer Proof replay took 6.8ns 
252431     INFO  main            d.u.i.k.p.r.p.TestFile    ... finished proof: closed. 
252739     INFO  main            d.u.i.k.p.i.AbstractProblemLoader Loading environment from /home/runner/work/key/key/key.core/../key.ui/examples/heap/list/LinkedList_size.key.proof 
252739     DEBUG main            d.u.i.k.p.i.AbstractProblemLoader Environment load took 136.4ns 
252740     INFO  main            d.u.i.k.p.i.AbstractProblemLoader Creating init config 
253723     DEBUG main            d.u.i.k.j.r.ClassPreparationMethodBuilder clPrepBuilder: Inner Class detected. Reject building class initialisation methods. 
255801     DEBUG main            d.u.i.k.p.i.AbstractProblemLoader Init config took 3.06s 
255843     INFO  main            d.u.i.k.p.i.AbstractProblemLoader Replaying proof LinkedList[List::size()].JML normal_behavior operation contract.0 
255886     DEBUG main            d.u.i.k.p.i.IntermediateProofReplayer Proof replay took 39.7ms 
255887     DEBUG main            d.u.i.k.p.r.p.TestFile    ... success: reloaded. 
255888     INFO  main            d.u.i.k.p.r.p.TestFile    Now processing file /home/runner/work/key/key/key.core/../key.ui/examples/heap/list/MySet_footprint.key 
255889     INFO  main            d.u.i.k.p.i.AbstractProblemLoader Loading environment from /home/runner/work/key/key/key.core/../key.ui/examples/heap/list/MySet_footprint.key 
255889     DEBUG main            d.u.i.k.p.i.AbstractProblemLoader Environment load took 235.3ns 
255890     INFO  main            d.u.i.k.p.i.AbstractProblemLoader Creating init config 
256915     DEBUG main            d.u.i.k.j.r.ClassPreparationMethodBuilder clPrepBuilder: Inner Class detected. Reject building class initialisation methods. 
259023     DEBUG main            d.u.i.k.p.i.AbstractProblemLoader Init config took 3.13s 
259089     INFO  main            d.u.i.k.p.i.AbstractProblemLoader Replaying proof MySet[MySet::$footprint()].JML accessible clause.0 
259090     DEBUG main            d.u.i.k.p.i.IntermediateProofReplayer Proof replay took 6.5ns 
259394     INFO  main            d.u.i.k.p.r.p.TestFile    ... finished proof: closed. 
259715     INFO  main            d.u.i.k.p.i.AbstractProblemLoader Loading environment from /home/runner/work/key/key/key.core/../key.ui/examples/heap/list/MySet_footprint.key.proof 
259715     DEBUG main            d.u.i.k.p.i.AbstractProblemLoader Environment load took 104.5ns 
259717     INFO  main            d.u.i.k.p.i.AbstractProblemLoader Creating init config 
260696     DEBUG main            d.u.i.k.j.r.ClassPreparationMethodBuilder clPrepBuilder: Inner Class detected. Reject building class initialisation methods. 
262769     DEBUG main            d.u.i.k.p.i.AbstractProblemLoader Init config took 3.05s 
262827     INFO  main            d.u.i.k.p.i.AbstractProblemLoader Replaying proof MySet[MySet::$footprint()].JML accessible clause.0 
262858     DEBUG main            d.u.i.k.p.i.IntermediateProofReplayer Proof replay took 28.88ms 
262859     DEBUG main            d.u.i.k.p.r.p.TestFile    ... success: reloaded. 
262860     INFO  main            d.u.i.k.p.r.p.TestFile    Now processing file /home/runner/work/key/key/key.core/../key.ui/examples/heap/list/MySet_MySet.key 
262861     INFO  main            d.u.i.k.p.i.AbstractProblemLoader Loading environment from /home/runner/work/key/key/key.core/../key.ui/examples/heap/list/MySet_MySet.key 
262861     DEBUG main            d.u.i.k.p.i.AbstractProblemLoader Environment load took 98.7ns 
262861     INFO  main            d.u.i.k.p.i.AbstractProblemLoader Creating init config 
263863     DEBUG main            d.u.i.k.j.r.ClassPreparationMethodBuilder clPrepBuilder: Inner Class detected. Reject building class initialisation methods. 
265993     DEBUG main            d.u.i.k.p.i.AbstractProblemLoader Init config took 3.13s 
266038     INFO  main            d.u.i.k.p.i.AbstractProblemLoader Replaying proof MySet[MySet::MySet()].JML normal_behavior operation contract.0 
266040     DEBUG main            d.u.i.k.p.i.IntermediateProofReplayer Proof replay took 6.6ns 
268448     INFO  main            d.u.i.k.p.r.p.TestFile    ... finished proof: closed. 
268795     INFO  main            d.u.i.k.p.i.AbstractProblemLoader Loading environment from /home/runner/work/key/key/key.core/../key.ui/examples/heap/list/MySet_MySet.key.proof 
268795     DEBUG main            d.u.i.k.p.i.AbstractProblemLoader Environment load took 108.7ns 
268797     INFO  main            d.u.i.k.p.i.AbstractProblemLoader Creating init config 
269782     DEBUG main            d.u.i.k.j.r.ClassPreparationMethodBuilder clPrepBuilder: Inner Class detected. Reject building class initialisation methods. 
271862     DEBUG main            d.u.i.k.p.i.AbstractProblemLoader Init config took 3.07s 
271907     INFO  main            d.u.i.k.p.i.AbstractProblemLoader Replaying proof MySet[MySet::MySet()].JML normal_behavior operation contract.0 
272252     DEBUG main            d.u.i.k.p.i.IntermediateProofReplayer Proof replay took 333.19ms 
272254     DEBUG main            d.u.i.k.p.r.p.TestFile    ... success: reloaded. 
1123849    INFO  Test worker     d.u.i.k.p.r.RunAllProofsTestUnit Returning from test list 
1123850    INFO  Test worker     d.u.i.k.p.r.RunAllProofsTestUnit Running test list_ghost 
333        INFO  Timeout watchdog d.u.i.k.p.r.p.ForkedTestFileRunner Timeout watcher launched (2000 secs.) 
349        WARN  main            d.u.i.k.s.ProofSettings   The settings in /home/runner/.key/proof-settings.props are *not* read. 
401        INFO  main            d.u.i.k.p.r.p.TestFile    Now processing file /home/runner/work/key/key/key.core/../key.ui/examples/heap/list_ghost/ArrayList_add.key 
530        INFO  main            d.u.i.k.p.i.AbstractProblemLoader Loading environment from /home/runner/work/key/key/key.core/../key.ui/examples/heap/list_ghost/ArrayList_add.key 
560        DEBUG main            d.u.i.k.p.i.AbstractProblemLoader Environment load took 1.81ms 
778        INFO  main            d.u.i.k.p.i.AbstractProblemLoader Creating init config 
1722       DEBUG main            d.u.i.k.j.TypeConverter   No LDT found for Meta 
1722       DEBUG main            d.u.i.k.j.TypeConverter   No LDT found for Meta 
1725       DEBUG main            d.u.i.k.j.TypeConverter   No LDT found for Meta 
1725       DEBUG main            d.u.i.k.j.TypeConverter   No LDT found for Meta 
3025       DEBUG main            d.u.i.k.j.TypeConverter   No LDT found for JavaBigintExpression 
8059       DEBUG main            d.u.i.k.p.i.AbstractProblemLoader Init config took 7.28s 
8195       INFO  main            d.u.i.k.p.i.AbstractProblemLoader Replaying proof ArrayList[List::add(java.lang.Object)].JML normal_behavior operation contract.0 
8229       DEBUG main            d.u.i.k.p.i.IntermediateProofReplayer Proof replay took 36.8ns 
13018      INFO  main            d.u.i.k.p.r.p.TestFile    ... finished proof: closed. 
13186      INFO  main            d.u.i.k.p.i.AbstractProblemLoader Loading environment from /home/runner/work/key/key/key.core/../key.ui/examples/heap/list_ghost/ArrayList_add.key.proof 
13186      DEBUG main            d.u.i.k.p.i.AbstractProblemLoader Environment load took 535.01ns 
13189      INFO  main            d.u.i.k.p.i.AbstractProblemLoader Creating init config 
16055      DEBUG main            d.u.i.k.p.i.AbstractProblemLoader Init config took 2.87s 
16138      INFO  main            d.u.i.k.p.i.AbstractProblemLoader Replaying proof ArrayList[List::add(java.lang.Object)].JML normal_behavior operation contract.0 
16849      DEBUG main            d.u.i.k.p.i.IntermediateProofReplayer Proof replay took 687.51ms 
16858      DEBUG main            d.u.i.k.p.r.p.TestFile    ... success: reloaded. 
16859      INFO  main            d.u.i.k.p.r.p.TestFile    Now processing file /home/runner/work/key/key/key.core/../key.ui/examples/heap/list_ghost/ArrayList_ArrayList.key 
16860      INFO  main            d.u.i.k.p.i.AbstractProblemLoader Loading environment from /home/runner/work/key/key/key.core/../key.ui/examples/heap/list_ghost/ArrayList_ArrayList.key 
16860      DEBUG main            d.u.i.k.p.i.AbstractProblemLoader Environment load took 286.1ns 
16862      INFO  main            d.u.i.k.p.i.AbstractProblemLoader Creating init config 
19574      DEBUG main            d.u.i.k.p.i.AbstractProblemLoader Init config took 2.71s 
19633      INFO  main            d.u.i.k.p.i.AbstractProblemLoader Replaying proof ArrayList[ArrayList::ArrayList()].JML normal_behavior operation contract.0 
19636      DEBUG main            d.u.i.k.p.i.IntermediateProofReplayer Proof replay took 7.2ns 
20841      INFO  main            d.u.i.k.p.r.p.TestFile    ... finished proof: closed. 
20997      INFO  main            d.u.i.k.p.i.AbstractProblemLoader Loading environment from /home/runner/work/key/key/key.core/../key.ui/examples/heap/list_ghost/ArrayList_ArrayList.key.proof 
20997      DEBUG main            d.u.i.k.p.i.AbstractProblemLoader Environment load took 231ns 
20999      INFO  main            d.u.i.k.p.i.AbstractProblemLoader Creating init config 
23680      DEBUG main            d.u.i.k.p.i.AbstractProblemLoader Init config took 2.68s 
23732      INFO  main            d.u.i.k.p.i.AbstractProblemLoader Replaying proof ArrayList[ArrayList::ArrayList()].JML normal_behavior operation contract.0 
23923      DEBUG main            d.u.i.k.p.i.IntermediateProofReplayer Proof replay took 183.51ms 
23925      DEBUG main            d.u.i.k.p.r.p.TestFile    ... success: reloaded. 
23926      INFO  main            d.u.i.k.p.r.p.TestFile    Now processing file /home/runner/work/key/key/key.core/../key.ui/examples/heap/list_ghost/ArrayList_enlarge.key 
23926      INFO  main            d.u.i.k.p.i.AbstractProblemLoader Loading environment from /home/runner/work/key/key/key.core/../key.ui/examples/heap/list_ghost/ArrayList_enlarge.key 
23927      DEBUG main            d.u.i.k.p.i.AbstractProblemLoader Environment load took 249.5ns 
23928      INFO  main            d.u.i.k.p.i.AbstractProblemLoader Creating init config 
26527      DEBUG main            d.u.i.k.p.i.AbstractProblemLoader Init config took 2.6s 
26575      INFO  main            d.u.i.k.p.i.AbstractProblemLoader Replaying proof ArrayList[ArrayList::enlarge()].JML normal_behavior operation contract.0 
26577      DEBUG main            d.u.i.k.p.i.IntermediateProofReplayer Proof replay took 6.4ns 
28784      INFO  main            d.u.i.k.p.r.p.TestFile    ... finished proof: closed. 
28952      INFO  main            d.u.i.k.p.i.AbstractProblemLoader Loading environment from /home/runner/work/key/key/key.core/../key.ui/examples/heap/list_ghost/ArrayList_enlarge.key.proof 
28958      DEBUG main            d.u.i.k.p.i.AbstractProblemLoader Environment load took 5.91ms 
28960      INFO  main            d.u.i.k.p.i.AbstractProblemLoader Creating init config 
31531      DEBUG main            d.u.i.k.p.i.AbstractProblemLoader Init config took 2.57s 
31578      INFO  main            d.u.i.k.p.i.AbstractProblemLoader Replaying proof ArrayList[ArrayList::enlarge()].JML normal_behavior operation contract.0 
32013      DEBUG main            d.u.i.k.p.i.IntermediateProofReplayer Proof replay took 425.02ms 
32014      DEBUG main            d.u.i.k.p.r.p.TestFile    ... success: reloaded. 
32016      INFO  main            d.u.i.k.p.r.p.TestFile    Now processing file /home/runner/work/key/key/key.core/../key.ui/examples/heap/list_ghost/ArrayList_get_dep.key 
32016      INFO  main            d.u.i.k.p.i.AbstractProblemLoader Loading environment from /home/runner/work/key/key/key.core/../key.ui/examples/heap/list_ghost/ArrayList_get_dep.key 
32016      DEBUG main            d.u.i.k.p.i.AbstractProblemLoader Environment load took 245.71ns 
32017      INFO  main            d.u.i.k.p.i.AbstractProblemLoader Creating init config 
34588      DEBUG main            d.u.i.k.p.i.AbstractProblemLoader Init config took 2.57s 
34636      INFO  main            d.u.i.k.p.i.AbstractProblemLoader Replaying proof ArrayList[List::get(int)].JML accessible clause.0 
34638      DEBUG main            d.u.i.k.p.i.IntermediateProofReplayer Proof replay took 6.7ns 
35046      INFO  main            d.u.i.k.p.r.p.TestFile    ... finished proof: closed. 
35237      INFO  main            d.u.i.k.p.i.AbstractProblemLoader Loading environment from /home/runner/work/key/key/key.core/../key.ui/examples/heap/list_ghost/ArrayList_get_dep.key.proof 
35237      DEBUG main            d.u.i.k.p.i.AbstractProblemLoader Environment load took 123.1ns 
35239      INFO  main            d.u.i.k.p.i.AbstractProblemLoader Creating init config 
37752      DEBUG main            d.u.i.k.p.i.AbstractProblemLoader Init config took 2.51s 
37795      INFO  main            d.u.i.k.p.i.AbstractProblemLoader Replaying proof ArrayList[List::get(int)].JML accessible clause.0 
37865      DEBUG main            d.u.i.k.p.i.IntermediateProofReplayer Proof replay took 66.65ms 
37867      DEBUG main            d.u.i.k.p.r.p.TestFile    ... success: reloaded. 
37868      INFO  main            d.u.i.k.p.r.p.TestFile    Now processing file /home/runner/work/key/key/key.core/../key.ui/examples/heap/list_ghost/ArrayList_get_exceptional.key 
37868      INFO  main            d.u.i.k.p.i.AbstractProblemLoader Loading environment from /home/runner/work/key/key/key.core/../key.ui/examples/heap/list_ghost/ArrayList_get_exceptional.key 
37869      DEBUG main            d.u.i.k.p.i.AbstractProblemLoader Environment load took 266.2ns 
37870      INFO  main            d.u.i.k.p.i.AbstractProblemLoader Creating init config 
40447      DEBUG main            d.u.i.k.p.i.AbstractProblemLoader Init config took 2.58s 
40510      INFO  main            d.u.i.k.p.i.AbstractProblemLoader Replaying proof ArrayList[List::get(int)].JML exceptional_behavior operation contract.0 
40515      DEBUG main            d.u.i.k.p.i.IntermediateProofReplayer Proof replay took 6.8ns 
41321      INFO  main            d.u.i.k.p.r.p.TestFile    ... finished proof: closed. 
41489      INFO  main            d.u.i.k.p.i.AbstractProblemLoader Loading environment from /home/runner/work/key/key/key.core/../key.ui/examples/heap/list_ghost/ArrayList_get_exceptional.key.proof 
41489      DEBUG main            d.u.i.k.p.i.AbstractProblemLoader Environment load took 490.71ns 
41490      INFO  main            d.u.i.k.p.i.AbstractProblemLoader Creating init config 
43994      DEBUG main            d.u.i.k.p.i.AbstractProblemLoader Init config took 2.5s 
44041      INFO  main            d.u.i.k.p.i.AbstractProblemLoader Replaying proof ArrayList[List::get(int)].JML exceptional_behavior operation contract.0 
44215      DEBUG main            d.u.i.k.p.i.IntermediateProofReplayer Proof replay took 167.21ms 
44216      DEBUG main            d.u.i.k.p.r.p.TestFile    ... success: reloaded. 
44218      INFO  main            d.u.i.k.p.r.p.TestFile    Now processing file /home/runner/work/key/key/key.core/../key.ui/examples/heap/list_ghost/ArrayList_get_normal.key 
44218      INFO  main            d.u.i.k.p.i.AbstractProblemLoader Loading environment from /home/runner/work/key/key/key.core/../key.ui/examples/heap/list_ghost/ArrayList_get_normal.key 
44219      DEBUG main            d.u.i.k.p.i.AbstractProblemLoader Environment load took 259.1ns 
44220      INFO  main            d.u.i.k.p.i.AbstractProblemLoader Creating init config 
46753      DEBUG main            d.u.i.k.p.i.AbstractProblemLoader Init config took 2.53s 
46813      INFO  main            d.u.i.k.p.i.AbstractProblemLoader Replaying proof ArrayList[List::get(int)].JML normal_behavior operation contract.0 
46815      DEBUG main            d.u.i.k.p.i.IntermediateProofReplayer Proof replay took 6.5ns 
47118      INFO  main            d.u.i.k.p.r.p.TestFile    ... finished proof: closed. 
47292      INFO  main            d.u.i.k.p.i.AbstractProblemLoader Loading environment from /home/runner/work/key/key/key.core/../key.ui/examples/heap/list_ghost/ArrayList_get_normal.key.proof 
47292      DEBUG main            d.u.i.k.p.i.AbstractProblemLoader Environment load took 126.4ns 
47293      INFO  main            d.u.i.k.p.i.AbstractProblemLoader Creating init config 
49762      DEBUG main            d.u.i.k.p.i.AbstractProblemLoader Init config took 2.47s 
49808      INFO  main            d.u.i.k.p.i.AbstractProblemLoader Replaying proof ArrayList[List::get(int)].JML normal_behavior operation contract.0 
49869      DEBUG main            d.u.i.k.p.i.IntermediateProofReplayer Proof replay took 56.37ms 
49870      DEBUG main            d.u.i.k.p.r.p.TestFile    ... success: reloaded. 
49872      INFO  main            d.u.i.k.p.r.p.TestFile    Now processing file /home/runner/work/key/key/key.core/../key.ui/examples/heap/list_ghost/ArrayList_inv.key 
49872      INFO  main            d.u.i.k.p.i.AbstractProblemLoader Loading environment from /home/runner/work/key/key/key.core/../key.ui/examples/heap/list_ghost/ArrayList_inv.key 
49873      DEBUG main            d.u.i.k.p.i.AbstractProblemLoader Environment load took 234.9ns 
49874      INFO  main            d.u.i.k.p.i.AbstractProblemLoader Creating init config 
52425      DEBUG main            d.u.i.k.p.i.AbstractProblemLoader Init config took 2.55s 
52467      INFO  main            d.u.i.k.p.i.AbstractProblemLoader Replaying proof ArrayList[java.lang.Object::<inv>()].JML accessible clause.0 
52468      DEBUG main            d.u.i.k.p.i.IntermediateProofReplayer Proof replay took 6.2ns 
52571      INFO  main            d.u.i.k.p.r.p.TestFile    ... finished proof: closed. 
52745      INFO  main            d.u.i.k.p.i.AbstractProblemLoader Loading environment from /home/runner/work/key/key/key.core/../key.ui/examples/heap/list_ghost/ArrayList_inv.key.proof 
52745      DEBUG main            d.u.i.k.p.i.AbstractProblemLoader Environment load took 127ns 
52748      INFO  main            d.u.i.k.p.i.AbstractProblemLoader Creating init config 
55219      DEBUG main            d.u.i.k.p.i.AbstractProblemLoader Init config took 2.47s 
55263      INFO  main            d.u.i.k.p.i.AbstractProblemLoader Replaying proof ArrayList[java.lang.Object::<inv>()].JML accessible clause.0 
55276      DEBUG main            d.u.i.k.p.i.IntermediateProofReplayer Proof replay took 9.87ms 
55277      DEBUG main            d.u.i.k.p.r.p.TestFile    ... success: reloaded. 
55278      INFO  main            d.u.i.k.p.r.p.TestFile    Now processing file /home/runner/work/key/key/key.core/../key.ui/examples/heap/list_ghost/ArrayList_size_dep.key 
55278      INFO  main            d.u.i.k.p.i.AbstractProblemLoader Loading environment from /home/runner/work/key/key/key.core/../key.ui/examples/heap/list_ghost/ArrayList_size_dep.key 
55279      DEBUG main            d.u.i.k.p.i.AbstractProblemLoader Environment load took 184.2ns 
55280      INFO  main            d.u.i.k.p.i.AbstractProblemLoader Creating init config 
57808      DEBUG main            d.u.i.k.p.i.AbstractProblemLoader Init config took 2.53s 
57847      INFO  main            d.u.i.k.p.i.AbstractProblemLoader Replaying proof ArrayList[List::size()].JML accessible clause.0 
57848      DEBUG main            d.u.i.k.p.i.IntermediateProofReplayer Proof replay took 5.9ns 
57951      INFO  main            d.u.i.k.p.r.p.TestFile    ... finished proof: closed. 
58128      INFO  main            d.u.i.k.p.i.AbstractProblemLoader Loading environment from /home/runner/work/key/key/key.core/../key.ui/examples/heap/list_ghost/ArrayList_size_dep.key.proof 
58129      DEBUG main            d.u.i.k.p.i.AbstractProblemLoader Environment load took 132.1ns 
58130      INFO  main            d.u.i.k.p.i.AbstractProblemLoader Creating init config 
60583      DEBUG main            d.u.i.k.p.i.AbstractProblemLoader Init config took 2.45s 
60622      INFO  main            d.u.i.k.p.i.AbstractProblemLoader Replaying proof ArrayList[List::size()].JML accessible clause.0 
60637      DEBUG main            d.u.i.k.p.i.IntermediateProofReplayer Proof replay took 12.99ms 
60638      DEBUG main            d.u.i.k.p.r.p.TestFile    ... success: reloaded. 
60640      INFO  main            d.u.i.k.p.r.p.TestFile    Now processing file /home/runner/work/key/key/key.core/../key.ui/examples/heap/list_ghost/ArrayList_size.key 
60640      INFO  main            d.u.i.k.p.i.AbstractProblemLoader Loading environment from /home/runner/work/key/key/key.core/../key.ui/examples/heap/list_ghost/ArrayList_size.key 
60640      DEBUG main            d.u.i.k.p.i.AbstractProblemLoader Environment load took 275.3ns 
60641      INFO  main            d.u.i.k.p.i.AbstractProblemLoader Creating init config 
63159      DEBUG main            d.u.i.k.p.i.AbstractProblemLoader Init config took 2.52s 
63198      INFO  main            d.u.i.k.p.i.AbstractProblemLoader Replaying proof ArrayList[List::size()].JML normal_behavior operation contract.0 
63199      DEBUG main            d.u.i.k.p.i.IntermediateProofReplayer Proof replay took 6.4ns 
63303      INFO  main            d.u.i.k.p.r.p.TestFile    ... finished proof: closed. 
63480      INFO  main            d.u.i.k.p.i.AbstractProblemLoader Loading environment from /home/runner/work/key/key/key.core/../key.ui/examples/heap/list_ghost/ArrayList_size.key.proof 
63480      DEBUG main            d.u.i.k.p.i.AbstractProblemLoader Environment load took 120ns 
63485      INFO  main            d.u.i.k.p.i.AbstractProblemLoader Creating init config 
65933      DEBUG main            d.u.i.k.p.i.AbstractProblemLoader Init config took 2.45s 
65971      INFO  main            d.u.i.k.p.i.AbstractProblemLoader Replaying proof ArrayList[List::size()].JML normal_behavior operation contract.0 
65988      DEBUG main            d.u.i.k.p.i.IntermediateProofReplayer Proof replay took 14.41ms 
65989      DEBUG main            d.u.i.k.p.r.p.TestFile    ... success: reloaded. 
1190014    INFO  Test worker     d.u.i.k.p.r.RunAllProofsTestUnit Returning from test list_ghost 
1190015    INFO  Test worker     d.u.i.k.p.r.RunAllProofsTestUnit Running test list_recursive 
332        INFO  Timeout watchdog d.u.i.k.p.r.p.ForkedTestFileRunner Timeout watcher launched (2000 secs.) 
337        WARN  main            d.u.i.k.s.ProofSettings   The settings in /home/runner/.key/proof-settings.props are *not* read. 
367        INFO  main            d.u.i.k.p.r.p.TestFile    Now processing file /home/runner/work/key/key/key.core/../key.ui/examples/heap/list_recursiveSpec/ListOperationsNonNull_getNextNN_normal_behavior.key 
474        INFO  main            d.u.i.k.p.i.AbstractProblemLoader Loading environment from /home/runner/work/key/key/key.core/../key.ui/examples/heap/list_recursiveSpec/ListOperationsNonNull_getNextNN_normal_behavior.key 
498        DEBUG main            d.u.i.k.p.i.AbstractProblemLoader Environment load took 2.28ms 
726        INFO  main            d.u.i.k.p.i.AbstractProblemLoader Creating init config 
1700       DEBUG main            d.u.i.k.j.TypeConverter   No LDT found for Meta 
1701       DEBUG main            d.u.i.k.j.TypeConverter   No LDT found for Meta 
1703       DEBUG main            d.u.i.k.j.TypeConverter   No LDT found for Meta 
1707       DEBUG main            d.u.i.k.j.TypeConverter   No LDT found for Meta 
3058       DEBUG main            d.u.i.k.j.TypeConverter   No LDT found for JavaBigintExpression 
8064       DEBUG main            d.u.i.k.p.i.AbstractProblemLoader Init config took 7.34s 
8225       INFO  main            d.u.i.k.p.i.AbstractProblemLoader Replaying proof ListOperationsNonNull[ListOperationsNonNull::getNextNN(ListNN,int)].JML normal_behavior operation contract.0 
8257       DEBUG main            d.u.i.k.p.i.IntermediateProofReplayer Proof replay took 33.1ns 
9641       INFO  main            d.u.i.k.p.r.p.TestFile    ... finished proof: closed. 
9775       INFO  main            d.u.i.k.p.i.AbstractProblemLoader Loading environment from /home/runner/work/key/key/key.core/../key.ui/examples/heap/list_recursiveSpec/ListOperationsNonNull_getNextNN_normal_behavior.key.proof 
9781       DEBUG main            d.u.i.k.p.i.AbstractProblemLoader Environment load took 5.42ms 
9783       INFO  main            d.u.i.k.p.i.AbstractProblemLoader Creating init config 
12757      DEBUG main            d.u.i.k.p.i.AbstractProblemLoader Init config took 2.97s 
12829      INFO  main            d.u.i.k.p.i.AbstractProblemLoader Replaying proof ListOperationsNonNull[ListOperationsNonNull::getNextNN(ListNN,int)].JML normal_behavior operation contract.0 
13037      DEBUG main            d.u.i.k.p.i.IntermediateProofReplayer Proof replay took 189.91ms 
13044      DEBUG main            d.u.i.k.p.r.p.TestFile    ... success: reloaded. 
13046      INFO  main            d.u.i.k.p.r.p.TestFile    Now processing file /home/runner/work/key/key/key.core/../key.ui/examples/heap/list_recursiveSpec/ListOperationsNonNull_setValueAt_normal_behavior.key 
13047      INFO  main            d.u.i.k.p.i.AbstractProblemLoader Loading environment from /home/runner/work/key/key/key.core/../key.ui/examples/heap/list_recursiveSpec/ListOperationsNonNull_setValueAt_normal_behavior.key 
13047      DEBUG main            d.u.i.k.p.i.AbstractProblemLoader Environment load took 297.2ns 
13049      INFO  main            d.u.i.k.p.i.AbstractProblemLoader Creating init config 
15978      DEBUG main            d.u.i.k.p.i.AbstractProblemLoader Init config took 2.93s 
16045      INFO  main            d.u.i.k.p.i.AbstractProblemLoader Replaying proof ListOperationsNonNull[ListOperationsNonNull::setValueAt_NN(ListNN,int,int)].JML normal_behavior operation contract.0 
16048      DEBUG main            d.u.i.k.p.i.IntermediateProofReplayer Proof replay took 7.7ns 
16074      DEBUG main            d.u.i.k.m.s.ProofScriptEngine 1: 'macro autopilot' 
18365      DEBUG main            d.u.i.k.m.s.ProofScriptEngine 2: 'macro simp-upd' 
18371      DEBUG main            d.u.i.k.m.s.ProofScriptEngine 3: 'rule observerDependencyEQ' 
18387      DEBUG main            d.u.i.k.m.s.ProofScriptEngine 4: 'tryclose' 
18414      INFO  main            d.u.i.k.p.r.p.TestFile    ... finished proof: closed. 
18573      INFO  main            d.u.i.k.p.i.AbstractProblemLoader Loading environment from /home/runner/work/key/key/key.core/../key.ui/examples/heap/list_recursiveSpec/ListOperationsNonNull_setValueAt_normal_behavior.key.proof 
18573      DEBUG main            d.u.i.k.p.i.AbstractProblemLoader Environment load took 459.5ns 
18575      INFO  main            d.u.i.k.p.i.AbstractProblemLoader Creating init config 
21366      DEBUG main            d.u.i.k.p.i.AbstractProblemLoader Init config took 2.79s 
21422      INFO  main            d.u.i.k.p.i.AbstractProblemLoader Replaying proof ListOperationsNonNull[ListOperationsNonNull::setValueAt_NN(ListNN,int,int)].JML normal_behavior operation contract.0 
21548      DEBUG main            d.u.i.k.p.i.IntermediateProofReplayer Proof replay took 120.9ms 
21550      DEBUG main            d.u.i.k.p.r.p.TestFile    ... success: reloaded. 
1211750    INFO  Test worker     d.u.i.k.p.r.RunAllProofsTestUnit Returning from test list_recursive 
1211752    INFO  Test worker     d.u.i.k.p.r.RunAllProofsTestUnit Running test list_seq 
382        INFO  Timeout watchdog d.u.i.k.p.r.p.ForkedTestFileRunner Timeout watcher launched (2000 secs.) 
398        WARN  main            d.u.i.k.s.ProofSettings   The settings in /home/runner/.key/proof-settings.props are *not* read. 
443        INFO  main            d.u.i.k.p.r.p.TestFile    Now processing file /home/runner/work/key/key/key.core/../key.ui/examples/heap/list_seq/SimplifiedLinkedList.remove.key 
608        INFO  main            d.u.i.k.p.i.AbstractProblemLoader Loading environment from /home/runner/work/key/key/key.core/../key.ui/examples/heap/list_seq/SimplifiedLinkedList.remove.key 
629        DEBUG main            d.u.i.k.p.i.AbstractProblemLoader Environment load took 2.36ms 
858        INFO  main            d.u.i.k.p.i.AbstractProblemLoader Creating init config 
1813       DEBUG main            d.u.i.k.j.TypeConverter   No LDT found for Meta 
1814       DEBUG main            d.u.i.k.j.TypeConverter   No LDT found for Meta 
1816       DEBUG main            d.u.i.k.j.TypeConverter   No LDT found for Meta 
1816       DEBUG main            d.u.i.k.j.TypeConverter   No LDT found for Meta 
3359       DEBUG main            d.u.i.k.j.TypeConverter   No LDT found for JavaBigintExpression 
9289       DEBUG main            d.u.i.k.p.i.AbstractProblemLoader Init config took 8.43s 
9512       INFO  main            d.u.i.k.p.i.AbstractProblemLoader Replaying proof SimplifiedLinkedList[SimplifiedLinkedList::remove(int)].JML normal_behavior operation contract.0 
9590       DEBUG main            d.u.i.k.p.i.IntermediateProofReplayer Proof replay took 38.7ns 
97061      INFO  main            d.u.i.k.p.r.p.TestFile    ... finished proof: closed. 
97503      INFO  main            d.u.i.k.p.i.AbstractProblemLoader Loading environment from /home/runner/work/key/key/key.core/../key.ui/examples/heap/list_seq/SimplifiedLinkedList.remove.key.proof 
97504      DEBUG main            d.u.i.k.p.i.AbstractProblemLoader Environment load took 563.41ns 
97522      INFO  main            d.u.i.k.p.i.AbstractProblemLoader Creating init config 
100733     DEBUG main            d.u.i.k.p.i.AbstractProblemLoader Init config took 3.21s 
100852     INFO  main            d.u.i.k.p.i.AbstractProblemLoader Replaying proof SimplifiedLinkedList[SimplifiedLinkedList::remove(int)].JML normal_behavior operation contract.0 
104852     DEBUG main            d.u.i.k.p.i.IntermediateProofReplayer Proof replay took 3.77s 
104873     DEBUG main            d.u.i.k.p.r.p.TestFile    ... success: reloaded. 
104876     INFO  main            d.u.i.k.p.r.p.TestFile    Now processing file /home/runner/work/key/key/key.core/../key.ui/examples/heap/list_seq/ArrayList.ArrayList.key 
104876     INFO  main            d.u.i.k.p.i.AbstractProblemLoader Loading environment from /home/runner/work/key/key/key.core/../key.ui/examples/heap/list_seq/ArrayList.ArrayList.key 
104876     DEBUG main            d.u.i.k.p.i.AbstractProblemLoader Environment load took 264.5ns 
104878     INFO  main            d.u.i.k.p.i.AbstractProblemLoader Creating init config 
108106     DEBUG main            d.u.i.k.p.i.AbstractProblemLoader Init config took 3.23s 
108199     INFO  main            d.u.i.k.p.i.AbstractProblemLoader Replaying proof ArrayList[ArrayList::ArrayList()].JML normal_behavior operation contract.0 
108203     DEBUG main            d.u.i.k.p.i.IntermediateProofReplayer Proof replay took 6.6ns 
109108     INFO  main            d.u.i.k.p.r.p.TestFile    ... finished proof: closed. 
109386     INFO  main            d.u.i.k.p.i.AbstractProblemLoader Loading environment from /home/runner/work/key/key/key.core/../key.ui/examples/heap/list_seq/ArrayList.ArrayList.key.proof 
109387     DEBUG main            d.u.i.k.p.i.AbstractProblemLoader Environment load took 562.91ns 
109391     INFO  main            d.u.i.k.p.i.AbstractProblemLoader Creating init config 
112542     DEBUG main            d.u.i.k.p.i.AbstractProblemLoader Init config took 3.15s 
112660     INFO  main            d.u.i.k.p.i.AbstractProblemLoader Replaying proof ArrayList[ArrayList::ArrayList()].JML normal_behavior operation contract.0 
112809     DEBUG main            d.u.i.k.p.i.IntermediateProofReplayer Proof replay took 143.66ms 
112810     DEBUG main            d.u.i.k.p.r.p.TestFile    ... success: reloaded. 
112812     INFO  main            d.u.i.k.p.r.p.TestFile    Now processing file /home/runner/work/key/key/key.core/../key.ui/examples/heap/list_seq/ArrayList.add.key 
112812     INFO  main            d.u.i.k.p.i.AbstractProblemLoader Loading environment from /home/runner/work/key/key/key.core/../key.ui/examples/heap/list_seq/ArrayList.add.key 
112813     DEBUG main            d.u.i.k.p.i.AbstractProblemLoader Environment load took 127.8ns 
112815     INFO  main            d.u.i.k.p.i.AbstractProblemLoader Creating init config 
115996     DEBUG main            d.u.i.k.p.i.AbstractProblemLoader Init config took 3.18s 
116105     INFO  main            d.u.i.k.p.i.AbstractProblemLoader Replaying proof ArrayList[List::add(java.lang.Object)].JML normal_behavior operation contract.0 
116107     DEBUG main            d.u.i.k.p.i.IntermediateProofReplayer Proof replay took 5.4ns 
119550     INFO  main            d.u.i.k.p.r.p.TestFile    ... finished proof: closed. 
119759     INFO  main            d.u.i.k.p.i.AbstractProblemLoader Loading environment from /home/runner/work/key/key/key.core/../key.ui/examples/heap/list_seq/ArrayList.add.key.proof 
119759     DEBUG main            d.u.i.k.p.i.AbstractProblemLoader Environment load took 509.91ns 
119762     INFO  main            d.u.i.k.p.i.AbstractProblemLoader Creating init config 
122870     DEBUG main            d.u.i.k.p.i.AbstractProblemLoader Init config took 3.11s 
122960     INFO  main            d.u.i.k.p.i.AbstractProblemLoader Replaying proof ArrayList[List::add(java.lang.Object)].JML normal_behavior operation contract.0 
123414     DEBUG main            d.u.i.k.p.i.IntermediateProofReplayer Proof replay took 442.51ms 
123415     DEBUG main            d.u.i.k.p.r.p.TestFile    ... success: reloaded. 
123416     INFO  main            d.u.i.k.p.r.p.TestFile    Now processing file /home/runner/work/key/key/key.core/../key.ui/examples/heap/list_seq/ArrayList.contains.key 
123417     INFO  main            d.u.i.k.p.i.AbstractProblemLoader Loading environment from /home/runner/work/key/key/key.core/../key.ui/examples/heap/list_seq/ArrayList.contains.key 
123417     DEBUG main            d.u.i.k.p.i.AbstractProblemLoader Environment load took 232.5ns 
123418     INFO  main            d.u.i.k.p.i.AbstractProblemLoader Creating init config 
126576     DEBUG main            d.u.i.k.p.i.AbstractProblemLoader Init config took 3.16s 
126665     INFO  main            d.u.i.k.p.i.AbstractProblemLoader Replaying proof ArrayList[List::contains(java.lang.Object)].JML normal_behavior operation contract.0 
126668     DEBUG main            d.u.i.k.p.i.IntermediateProofReplayer Proof replay took 6.2ns 
128283     INFO  main            d.u.i.k.p.r.p.TestFile    ... finished proof: closed. 
128482     INFO  main            d.u.i.k.p.i.AbstractProblemLoader Loading environment from /home/runner/work/key/key/key.core/../key.ui/examples/heap/list_seq/ArrayList.contains.key.proof 
128483     DEBUG main            d.u.i.k.p.i.AbstractProblemLoader Environment load took 482.41ns 
128484     INFO  main            d.u.i.k.p.i.AbstractProblemLoader Creating init config 
131547     DEBUG main            d.u.i.k.p.i.AbstractProblemLoader Init config took 3.06s 
131620     INFO  main            d.u.i.k.p.i.AbstractProblemLoader Replaying proof ArrayList[List::contains(java.lang.Object)].JML normal_behavior operation contract.0 
131888     DEBUG main            d.u.i.k.p.i.IntermediateProofReplayer Proof replay took 261.56ms 
131889     DEBUG main            d.u.i.k.p.r.p.TestFile    ... success: reloaded. 
131890     INFO  main            d.u.i.k.p.r.p.TestFile    Now processing file /home/runner/work/key/key/key.core/../key.ui/examples/heap/list_seq/ArrayList.enlarge.key 
131891     INFO  main            d.u.i.k.p.i.AbstractProblemLoader Loading environment from /home/runner/work/key/key/key.core/../key.ui/examples/heap/list_seq/ArrayList.enlarge.key 
131891     DEBUG main            d.u.i.k.p.i.AbstractProblemLoader Environment load took 232.4ns 
131893     INFO  main            d.u.i.k.p.i.AbstractProblemLoader Creating init config 
135063     DEBUG main            d.u.i.k.p.i.AbstractProblemLoader Init config took 3.17s 
135136     INFO  main            d.u.i.k.p.i.AbstractProblemLoader Replaying proof ArrayList[ArrayList::enlarge()].JML normal_behavior operation contract.0 
135138     DEBUG main            d.u.i.k.p.i.IntermediateProofReplayer Proof replay took 7.1ns 
137264     INFO  main            d.u.i.k.p.r.p.TestFile    ... finished proof: closed. 
137472     INFO  main            d.u.i.k.p.i.AbstractProblemLoader Loading environment from /home/runner/work/key/key/key.core/../key.ui/examples/heap/list_seq/ArrayList.enlarge.key.proof 
137473     DEBUG main            d.u.i.k.p.i.AbstractProblemLoader Environment load took 481.41ns 
137474     INFO  main            d.u.i.k.p.i.AbstractProblemLoader Creating init config 
140499     DEBUG main            d.u.i.k.p.i.AbstractProblemLoader Init config took 3.03s 
140573     INFO  main            d.u.i.k.p.i.AbstractProblemLoader Replaying proof ArrayList[ArrayList::enlarge()].JML normal_behavior operation contract.0 
140906     DEBUG main            d.u.i.k.p.i.IntermediateProofReplayer Proof replay took 325.45ms 
140907     DEBUG main            d.u.i.k.p.r.p.TestFile    ... success: reloaded. 
140909     INFO  main            d.u.i.k.p.r.p.TestFile    Now processing file /home/runner/work/key/key/key.core/../key.ui/examples/heap/list_seq/ArrayList.get.key 
140909     INFO  main            d.u.i.k.p.i.AbstractProblemLoader Loading environment from /home/runner/work/key/key/key.core/../key.ui/examples/heap/list_seq/ArrayList.get.key 
140909     DEBUG main            d.u.i.k.p.i.AbstractProblemLoader Environment load took 251.7ns 
140910     INFO  main            d.u.i.k.p.i.AbstractProblemLoader Creating init config 
144054     DEBUG main            d.u.i.k.p.i.AbstractProblemLoader Init config took 3.14s 
144127     INFO  main            d.u.i.k.p.i.AbstractProblemLoader Replaying proof ArrayList[List::get(int)].JML normal_behavior operation contract.0 
144128     DEBUG main            d.u.i.k.p.i.IntermediateProofReplayer Proof replay took 7ns 
144631     INFO  main            d.u.i.k.p.r.p.TestFile    ... finished proof: closed. 
144809     INFO  main            d.u.i.k.p.i.AbstractProblemLoader Loading environment from /home/runner/work/key/key/key.core/../key.ui/examples/heap/list_seq/ArrayList.get.key.proof 
144810     DEBUG main            d.u.i.k.p.i.AbstractProblemLoader Environment load took 944.61ns 
144811     INFO  main            d.u.i.k.p.i.AbstractProblemLoader Creating init config 
147881     DEBUG main            d.u.i.k.p.i.AbstractProblemLoader Init config took 3.07s 
147952     INFO  main            d.u.i.k.p.i.AbstractProblemLoader Replaying proof ArrayList[List::get(int)].JML normal_behavior operation contract.0 
148016     DEBUG main            d.u.i.k.p.i.IntermediateProofReplayer Proof replay took 60.78ms 
148017     DEBUG main            d.u.i.k.p.r.p.TestFile    ... success: reloaded. 
148018     INFO  main            d.u.i.k.p.r.p.TestFile    Now processing file /home/runner/work/key/key/key.core/../key.ui/examples/heap/list_seq/ArrayList.newArray.key 
148018     INFO  main            d.u.i.k.p.i.AbstractProblemLoader Loading environment from /home/runner/work/key/key/key.core/../key.ui/examples/heap/list_seq/ArrayList.newArray.key 
148018     DEBUG main            d.u.i.k.p.i.AbstractProblemLoader Environment load took 260.3ns 
148019     INFO  main            d.u.i.k.p.i.AbstractProblemLoader Creating init config 
151024     DEBUG main            d.u.i.k.p.i.AbstractProblemLoader Init config took 3s 
151096     INFO  main            d.u.i.k.p.i.AbstractProblemLoader Replaying proof ArrayList[ArrayList::newArray(int)].JML normal_behavior operation contract.0 
151098     DEBUG main            d.u.i.k.p.i.IntermediateProofReplayer Proof replay took 6.9ns 
151400     INFO  main            d.u.i.k.p.r.p.TestFile    ... finished proof: closed. 
151594     INFO  main            d.u.i.k.p.i.AbstractProblemLoader Loading environment from /home/runner/work/key/key/key.core/../key.ui/examples/heap/list_seq/ArrayList.newArray.key.proof 
151594     DEBUG main            d.u.i.k.p.i.AbstractProblemLoader Environment load took 132.9ns 
151595     INFO  main            d.u.i.k.p.i.AbstractProblemLoader Creating init config 
154589     DEBUG main            d.u.i.k.p.i.AbstractProblemLoader Init config took 2.99s 
154673     INFO  main            d.u.i.k.p.i.AbstractProblemLoader Replaying proof ArrayList[ArrayList::newArray(int)].JML normal_behavior operation contract.0 
154725     DEBUG main            d.u.i.k.p.i.IntermediateProofReplayer Proof replay took 49.22ms 
154726     DEBUG main            d.u.i.k.p.r.p.TestFile    ... success: reloaded. 
154727     INFO  main            d.u.i.k.p.r.p.TestFile    Now processing file /home/runner/work/key/key/key.core/../key.ui/examples/heap/list_seq/ArrayList.remove.0.key 
154727     INFO  main            d.u.i.k.p.i.AbstractProblemLoader Loading environment from /home/runner/work/key/key/key.core/../key.ui/examples/heap/list_seq/ArrayList.remove.0.key 
154727     DEBUG main            d.u.i.k.p.i.AbstractProblemLoader Environment load took 233.9ns 
154728     INFO  main            d.u.i.k.p.i.AbstractProblemLoader Creating init config 
157760     DEBUG main            d.u.i.k.p.i.AbstractProblemLoader Init config took 3.03s 
157829     INFO  main            d.u.i.k.p.i.AbstractProblemLoader Replaying proof ArrayList[List::remove(java.lang.Object)].JML normal_behavior operation contract.0 
157830     DEBUG main            d.u.i.k.p.i.IntermediateProofReplayer Proof replay took 6.1ns 
159836     INFO  main            d.u.i.k.p.r.p.TestFile    ... finished proof: closed. 
160052     INFO  main            d.u.i.k.p.i.AbstractProblemLoader Loading environment from /home/runner/work/key/key/key.core/../key.ui/examples/heap/list_seq/ArrayList.remove.0.key.proof 
160053     DEBUG main            d.u.i.k.p.i.AbstractProblemLoader Environment load took 514.91ns 
160054     INFO  main            d.u.i.k.p.i.AbstractProblemLoader Creating init config 
163048     DEBUG main            d.u.i.k.p.i.AbstractProblemLoader Init config took 2.99s 
163128     INFO  main            d.u.i.k.p.i.AbstractProblemLoader Replaying proof ArrayList[List::remove(java.lang.Object)].JML normal_behavior operation contract.0 
163617     DEBUG main            d.u.i.k.p.i.IntermediateProofReplayer Proof replay took 483.07ms 
163619     DEBUG main            d.u.i.k.p.r.p.TestFile    ... success: reloaded. 
163619     INFO  main            d.u.i.k.p.r.p.TestFile    Now processing file /home/runner/work/key/key/key.core/../key.ui/examples/heap/list_seq/ArrayList.remove.1.key 
163620     INFO  main            d.u.i.k.p.i.AbstractProblemLoader Loading environment from /home/runner/work/key/key/key.core/../key.ui/examples/heap/list_seq/ArrayList.remove.1.key 
163620     DEBUG main            d.u.i.k.p.i.AbstractProblemLoader Environment load took 108.1ns 
163621     INFO  main            d.u.i.k.p.i.AbstractProblemLoader Creating init config 
166632     DEBUG main            d.u.i.k.p.i.AbstractProblemLoader Init config took 3.01s 
166702     INFO  main            d.u.i.k.p.i.AbstractProblemLoader Replaying proof ArrayList[List::remove(java.lang.Object)].JML normal_behavior operation contract.1 
166704     DEBUG main            d.u.i.k.p.i.IntermediateProofReplayer Proof replay took 7.1ns 
178076     INFO  main            d.u.i.k.p.r.p.TestFile    ... finished proof: closed. 
178326     INFO  main            d.u.i.k.p.i.AbstractProblemLoader Loading environment from /home/runner/work/key/key/key.core/../key.ui/examples/heap/list_seq/ArrayList.remove.1.key.proof 
178327     DEBUG main            d.u.i.k.p.i.AbstractProblemLoader Environment load took 491.91ns 
178329     INFO  main            d.u.i.k.p.i.AbstractProblemLoader Creating init config 
181285     DEBUG main            d.u.i.k.p.i.AbstractProblemLoader Init config took 2.96s 
181365     INFO  main            d.u.i.k.p.i.AbstractProblemLoader Replaying proof ArrayList[List::remove(java.lang.Object)].JML normal_behavior operation contract.1 
182742     DEBUG main            d.u.i.k.p.i.IntermediateProofReplayer Proof replay took 1.35s 
182745     DEBUG main            d.u.i.k.p.r.p.TestFile    ... success: reloaded. 
1394679    INFO  Test worker     d.u.i.k.p.r.RunAllProofsTestUnit Returning from test list_seq 
1394680    INFO  Test worker     d.u.i.k.p.r.RunAllProofsTestUnit Running test observer 
391        INFO  Timeout watchdog d.u.i.k.p.r.p.ForkedTestFileRunner Timeout watcher launched (2000 secs.) 
404        WARN  main            d.u.i.k.s.ProofSettings   The settings in /home/runner/.key/proof-settings.props are *not* read. 
434        INFO  main            d.u.i.k.p.r.p.TestFile    Now processing file /home/runner/work/key/key/key.core/../key.ui/examples/heap/observer/ExampleObserver_ExampleObserver.key 
541        INFO  main            d.u.i.k.p.i.AbstractProblemLoader Loading environment from /home/runner/work/key/key/key.core/../key.ui/examples/heap/observer/ExampleObserver_ExampleObserver.key 
568        DEBUG main            d.u.i.k.p.i.AbstractProblemLoader Environment load took 2.24ms 
791        INFO  main            d.u.i.k.p.i.AbstractProblemLoader Creating init config 
1797       DEBUG main            d.u.i.k.j.TypeConverter   No LDT found for Meta 
1798       DEBUG main            d.u.i.k.j.TypeConverter   No LDT found for Meta 
1801       DEBUG main            d.u.i.k.j.TypeConverter   No LDT found for Meta 
1801       DEBUG main            d.u.i.k.j.TypeConverter   No LDT found for Meta 
3181       DEBUG main            d.u.i.k.j.TypeConverter   No LDT found for JavaBigintExpression 
9114       DEBUG main            d.u.i.k.p.i.AbstractProblemLoader Init config took 8.32s 
9270       INFO  main            d.u.i.k.p.i.AbstractProblemLoader Replaying proof ExampleObserver[ExampleObserver::ExampleObserver(ExampleSubject)].JML normal_behavior operation contract.0 
9308       DEBUG main            d.u.i.k.p.i.IntermediateProofReplayer Proof replay took 33.4ns 
10374      INFO  main            d.u.i.k.p.r.p.TestFile    ... finished proof: closed. 
10501      INFO  main            d.u.i.k.p.i.AbstractProblemLoader Loading environment from /home/runner/work/key/key/key.core/../key.ui/examples/heap/observer/ExampleObserver_ExampleObserver.key.proof 
10501      DEBUG main            d.u.i.k.p.i.AbstractProblemLoader Environment load took 159.7ns 
10505      INFO  main            d.u.i.k.p.i.AbstractProblemLoader Creating init config 
13438      DEBUG main            d.u.i.k.p.i.AbstractProblemLoader Init config took 2.93s 
13505      INFO  main            d.u.i.k.p.i.AbstractProblemLoader Replaying proof ExampleObserver[ExampleObserver::ExampleObserver(ExampleSubject)].JML normal_behavior operation contract.0 
13674      DEBUG main            d.u.i.k.p.i.IntermediateProofReplayer Proof replay took 162.63ms 
13690      DEBUG main            d.u.i.k.p.r.p.TestFile    ... success: reloaded. 
13695      INFO  main            d.u.i.k.p.r.p.TestFile    Now processing file /home/runner/work/key/key/key.core/../key.ui/examples/heap/observer/ExampleObserver_inv.key 
13698      INFO  main            d.u.i.k.p.i.AbstractProblemLoader Loading environment from /home/runner/work/key/key/key.core/../key.ui/examples/heap/observer/ExampleObserver_inv.key 
13698      DEBUG main            d.u.i.k.p.i.AbstractProblemLoader Environment load took 285.6ns 
13699      INFO  main            d.u.i.k.p.i.AbstractProblemLoader Creating init config 
16656      DEBUG main            d.u.i.k.p.i.AbstractProblemLoader Init config took 2.96s 
16740      INFO  main            d.u.i.k.p.i.AbstractProblemLoader Replaying proof ExampleObserver[java.lang.Object::<inv>()].JML accessible clause.0 
16744      DEBUG main            d.u.i.k.p.i.IntermediateProofReplayer Proof replay took 7.4ns 
16846      INFO  main            d.u.i.k.p.r.p.TestFile    ... finished proof: closed. 
16994      INFO  main            d.u.i.k.p.i.AbstractProblemLoader Loading environment from /home/runner/work/key/key/key.core/../key.ui/examples/heap/observer/ExampleObserver_inv.key.proof 
16995      DEBUG main            d.u.i.k.p.i.AbstractProblemLoader Environment load took 141.5ns 
16997      INFO  main            d.u.i.k.p.i.AbstractProblemLoader Creating init config 
19828      DEBUG main            d.u.i.k.p.i.AbstractProblemLoader Init config took 2.83s 
19885      INFO  main            d.u.i.k.p.i.AbstractProblemLoader Replaying proof ExampleObserver[java.lang.Object::<inv>()].JML accessible clause.0 
19913      DEBUG main            d.u.i.k.p.i.IntermediateProofReplayer Proof replay took 22.93ms 
19915      DEBUG main            d.u.i.k.p.r.p.TestFile    ... success: reloaded. 
19917      INFO  main            d.u.i.k.p.r.p.TestFile    Now processing file /home/runner/work/key/key/key.core/../key.ui/examples/heap/observer/ExampleObserver_subject.key 
19917      INFO  main            d.u.i.k.p.i.AbstractProblemLoader Loading environment from /home/runner/work/key/key/key.core/../key.ui/examples/heap/observer/ExampleObserver_subject.key 
19918      DEBUG main            d.u.i.k.p.i.AbstractProblemLoader Environment load took 136.6ns 
19920      INFO  main            d.u.i.k.p.i.AbstractProblemLoader Creating init config 
22743      DEBUG main            d.u.i.k.p.i.AbstractProblemLoader Init config took 2.82s 
22793      INFO  main            d.u.i.k.p.i.AbstractProblemLoader Replaying proof Observer[Observer::$subject()].JML accessible clause.0 
22796      DEBUG main            d.u.i.k.p.i.IntermediateProofReplayer Proof replay took 6.5ns 
22899      INFO  main            d.u.i.k.p.r.p.TestFile    ... finished proof: closed. 
23043      INFO  main            d.u.i.k.p.i.AbstractProblemLoader Loading environment from /home/runner/work/key/key/key.core/../key.ui/examples/heap/observer/ExampleObserver_subject.key.proof 
23044      DEBUG main            d.u.i.k.p.i.AbstractProblemLoader Environment load took 124ns 
23045      INFO  main            d.u.i.k.p.i.AbstractProblemLoader Creating init config 
25847      DEBUG main            d.u.i.k.p.i.AbstractProblemLoader Init config took 2.8s 
25896      INFO  main            d.u.i.k.p.i.AbstractProblemLoader Replaying proof Observer[Observer::$subject()].JML accessible clause.0 
25900      DEBUG main            d.u.i.k.p.i.IntermediateProofReplayer Proof replay took 2.07ms 
25901      DEBUG main            d.u.i.k.p.r.p.TestFile    ... success: reloaded. 
25903      INFO  main            d.u.i.k.p.r.p.TestFile    Now processing file /home/runner/work/key/key/key.core/../key.ui/examples/heap/observer/ExampleObserver_update.key 
25903      INFO  main            d.u.i.k.p.i.AbstractProblemLoader Loading environment from /home/runner/work/key/key/key.core/../key.ui/examples/heap/observer/ExampleObserver_update.key 
25903      DEBUG main            d.u.i.k.p.i.AbstractProblemLoader Environment load took 101.2ns 
25904      INFO  main            d.u.i.k.p.i.AbstractProblemLoader Creating init config 
28679      DEBUG main            d.u.i.k.p.i.AbstractProblemLoader Init config took 2.77s 
28728      INFO  main            d.u.i.k.p.i.AbstractProblemLoader Replaying proof ExampleObserver[Observer::update()].JML normal_behavior operation contract.0 
28730      DEBUG main            d.u.i.k.p.i.IntermediateProofReplayer Proof replay took 7.7ns 
29034      INFO  main            d.u.i.k.p.r.p.TestFile    ... finished proof: closed. 
29214      INFO  main            d.u.i.k.p.i.AbstractProblemLoader Loading environment from /home/runner/work/key/key/key.core/../key.ui/examples/heap/observer/ExampleObserver_update.key.proof 
29216      DEBUG main            d.u.i.k.p.i.AbstractProblemLoader Environment load took 1.44ms 
29217      INFO  main            d.u.i.k.p.i.AbstractProblemLoader Creating init config 
31965      DEBUG main            d.u.i.k.p.i.AbstractProblemLoader Init config took 2.75s 
32040      INFO  main            d.u.i.k.p.i.AbstractProblemLoader Replaying proof ExampleObserver[Observer::update()].JML normal_behavior operation contract.0 
32108      DEBUG main            d.u.i.k.p.i.IntermediateProofReplayer Proof replay took 64.61ms 
32109      DEBUG main            d.u.i.k.p.r.p.TestFile    ... success: reloaded. 
32110      INFO  main            d.u.i.k.p.r.p.TestFile    Now processing file /home/runner/work/key/key/key.core/../key.ui/examples/heap/observer/ExampleObserver_upToDate.key 
32111      INFO  main            d.u.i.k.p.i.AbstractProblemLoader Loading environment from /home/runner/work/key/key/key.core/../key.ui/examples/heap/observer/ExampleObserver_upToDate.key 
32111      DEBUG main            d.u.i.k.p.i.AbstractProblemLoader Environment load took 225.7ns 
32112      INFO  main            d.u.i.k.p.i.AbstractProblemLoader Creating init config 
34894      DEBUG main            d.u.i.k.p.i.AbstractProblemLoader Init config took 2.78s 
34941      INFO  main            d.u.i.k.p.i.AbstractProblemLoader Replaying proof ExampleObserver[Observer::$upToDate()].JML accessible clause.0 
34944      DEBUG main            d.u.i.k.p.i.IntermediateProofReplayer Proof replay took 7.3ns 
35046      INFO  main            d.u.i.k.p.r.p.TestFile    ... finished proof: closed. 
35212      INFO  main            d.u.i.k.p.i.AbstractProblemLoader Loading environment from /home/runner/work/key/key/key.core/../key.ui/examples/heap/observer/ExampleObserver_upToDate.key.proof 
35212      DEBUG main            d.u.i.k.p.i.AbstractProblemLoader Environment load took 125.3ns 
35213      INFO  main            d.u.i.k.p.i.AbstractProblemLoader Creating init config 
37895      DEBUG main            d.u.i.k.p.i.AbstractProblemLoader Init config took 2.68s 
37942      INFO  main            d.u.i.k.p.i.AbstractProblemLoader Replaying proof ExampleObserver[Observer::$upToDate()].JML accessible clause.0 
37963      DEBUG main            d.u.i.k.p.i.IntermediateProofReplayer Proof replay took 18.05ms 
37964      DEBUG main            d.u.i.k.p.r.p.TestFile    ... success: reloaded. 
37966      INFO  main            d.u.i.k.p.r.p.TestFile    Now processing file /home/runner/work/key/key/key.core/../key.ui/examples/heap/observer/ExampleObserver_value.key 
37966      INFO  main            d.u.i.k.p.i.AbstractProblemLoader Loading environment from /home/runner/work/key/key/key.core/../key.ui/examples/heap/observer/ExampleObserver_value.key 
37966      DEBUG main            d.u.i.k.p.i.AbstractProblemLoader Environment load took 251ns 
37967      INFO  main            d.u.i.k.p.i.AbstractProblemLoader Creating init config 
40701      DEBUG main            d.u.i.k.p.i.AbstractProblemLoader Init config took 2.73s 
40748      INFO  main            d.u.i.k.p.i.AbstractProblemLoader Replaying proof ExampleObserver[ExampleObserver::value()].JML normal_behavior operation contract.0 
40750      DEBUG main            d.u.i.k.p.i.IntermediateProofReplayer Proof replay took 7.6ns 
40855      INFO  main            d.u.i.k.p.r.p.TestFile    ... finished proof: closed. 
41018      INFO  main            d.u.i.k.p.i.AbstractProblemLoader Loading environment from /home/runner/work/key/key/key.core/../key.ui/examples/heap/observer/ExampleObserver_value.key.proof 
41018      DEBUG main            d.u.i.k.p.i.AbstractProblemLoader Environment load took 137.3ns 
41019      INFO  main            d.u.i.k.p.i.AbstractProblemLoader Creating init config 
43681      DEBUG main            d.u.i.k.p.i.AbstractProblemLoader Init config took 2.66s 
43737      INFO  main            d.u.i.k.p.i.AbstractProblemLoader Replaying proof ExampleObserver[ExampleObserver::value()].JML normal_behavior operation contract.0 
43758      DEBUG main            d.u.i.k.p.i.IntermediateProofReplayer Proof replay took 18.81ms 
43764      DEBUG main            d.u.i.k.p.r.p.TestFile    ... success: reloaded. 
43766      INFO  main            d.u.i.k.p.r.p.TestFile    Now processing file /home/runner/work/key/key/key.core/../key.ui/examples/heap/observer/ExampleSubject_addObserver.key 
43766      INFO  main            d.u.i.k.p.i.AbstractProblemLoader Loading environment from /home/runner/work/key/key/key.core/../key.ui/examples/heap/observer/ExampleSubject_addObserver.key 
43767      DEBUG main            d.u.i.k.p.i.AbstractProblemLoader Environment load took 227.8ns 
43768      INFO  main            d.u.i.k.p.i.AbstractProblemLoader Creating init config 
46490      DEBUG main            d.u.i.k.p.i.AbstractProblemLoader Init config took 2.72s 
46565      INFO  main            d.u.i.k.p.i.AbstractProblemLoader Replaying proof ExampleSubject[Subject::addObserver(Observer)].JML normal_behavior operation contract.0 
46567      DEBUG main            d.u.i.k.p.i.IntermediateProofReplayer Proof replay took 8.1ns 
52191      INFO  main            d.u.i.k.p.r.p.TestFile    ... finished proof: closed. 
52418      INFO  main            d.u.i.k.p.i.AbstractProblemLoader Loading environment from /home/runner/work/key/key/key.core/../key.ui/examples/heap/observer/ExampleSubject_addObserver.key.proof 
52419      DEBUG main            d.u.i.k.p.i.AbstractProblemLoader Environment load took 509.81ns 
52421      INFO  main            d.u.i.k.p.i.AbstractProblemLoader Creating init config 
55085      DEBUG main            d.u.i.k.p.i.AbstractProblemLoader Init config took 2.66s 
55135      INFO  main            d.u.i.k.p.i.AbstractProblemLoader Replaying proof ExampleSubject[Subject::addObserver(Observer)].JML normal_behavior operation contract.0 
55874      DEBUG main            d.u.i.k.p.i.IntermediateProofReplayer Proof replay took 717.39ms 
55876      DEBUG main            d.u.i.k.p.r.p.TestFile    ... success: reloaded. 
55877      INFO  main            d.u.i.k.p.r.p.TestFile    Now processing file /home/runner/work/key/key/key.core/../key.ui/examples/heap/observer/ExampleSubject_change.key 
55880      INFO  main            d.u.i.k.p.i.AbstractProblemLoader Loading environment from /home/runner/work/key/key/key.core/../key.ui/examples/heap/observer/ExampleSubject_change.key 
55880      DEBUG main            d.u.i.k.p.i.AbstractProblemLoader Environment load took 254ns 
55881      INFO  main            d.u.i.k.p.i.AbstractProblemLoader Creating init config 
58597      DEBUG main            d.u.i.k.p.i.AbstractProblemLoader Init config took 2.72s 
58669      INFO  main            d.u.i.k.p.i.AbstractProblemLoader Replaying proof ExampleSubject[ExampleSubject::change()].JML normal_behavior operation contract.0 
58671      DEBUG main            d.u.i.k.p.i.IntermediateProofReplayer Proof replay took 7.4ns 
59175      INFO  main            d.u.i.k.p.r.p.TestFile    ... finished proof: closed. 
59440      INFO  main            d.u.i.k.p.i.AbstractProblemLoader Loading environment from /home/runner/work/key/key/key.core/../key.ui/examples/heap/observer/ExampleSubject_change.key.proof 
59440      DEBUG main            d.u.i.k.p.i.AbstractProblemLoader Environment load took 619.51ns 
59444      INFO  main            d.u.i.k.p.i.AbstractProblemLoader Creating init config 
62068      DEBUG main            d.u.i.k.p.i.AbstractProblemLoader Init config took 2.62s 
62116      INFO  main            d.u.i.k.p.i.AbstractProblemLoader Replaying proof ExampleSubject[ExampleSubject::change()].JML normal_behavior operation contract.0 
62201      DEBUG main            d.u.i.k.p.i.IntermediateProofReplayer Proof replay took 79.52ms 
62202      DEBUG main            d.u.i.k.p.r.p.TestFile    ... success: reloaded. 
62203      INFO  main            d.u.i.k.p.r.p.TestFile    Now processing file /home/runner/work/key/key/key.core/../key.ui/examples/heap/observer/ExampleSubject_ExampleSubject.key 
62204      INFO  main            d.u.i.k.p.i.AbstractProblemLoader Loading environment from /home/runner/work/key/key/key.core/../key.ui/examples/heap/observer/ExampleSubject_ExampleSubject.key 
62204      DEBUG main            d.u.i.k.p.i.AbstractProblemLoader Environment load took 227.5ns 
62205      INFO  main            d.u.i.k.p.i.AbstractProblemLoader Creating init config 
64889      DEBUG main            d.u.i.k.p.i.AbstractProblemLoader Init config took 2.68s 
64936      INFO  main            d.u.i.k.p.i.AbstractProblemLoader Replaying proof ExampleSubject[ExampleSubject::ExampleSubject()].JML normal_behavior operation contract.0 
64937      DEBUG main            d.u.i.k.p.i.IntermediateProofReplayer Proof replay took 8ns 
65947      INFO  main            d.u.i.k.p.r.p.TestFile    ... finished proof: closed. 
66162      INFO  main            d.u.i.k.p.i.AbstractProblemLoader Loading environment from /home/runner/work/key/key/key.core/../key.ui/examples/heap/observer/ExampleSubject_ExampleSubject.key.proof 
66162      DEBUG main            d.u.i.k.p.i.AbstractProblemLoader Environment load took 133.4ns 
66170      INFO  main            d.u.i.k.p.i.AbstractProblemLoader Creating init config 
68805      DEBUG main            d.u.i.k.p.i.AbstractProblemLoader Init config took 2.64s 
68852      INFO  main            d.u.i.k.p.i.AbstractProblemLoader Replaying proof ExampleSubject[ExampleSubject::ExampleSubject()].JML normal_behavior operation contract.0 
69059      DEBUG main            d.u.i.k.p.i.IntermediateProofReplayer Proof replay took 199.38ms 
69060      DEBUG main            d.u.i.k.p.r.p.TestFile    ... success: reloaded. 
69062      INFO  main            d.u.i.k.p.r.p.TestFile    Now processing file /home/runner/work/key/key/key.core/../key.ui/examples/heap/observer/ExampleSubject_footprint.key 
69062      INFO  main            d.u.i.k.p.i.AbstractProblemLoader Loading environment from /home/runner/work/key/key/key.core/../key.ui/examples/heap/observer/ExampleSubject_footprint.key 
69062      DEBUG main            d.u.i.k.p.i.AbstractProblemLoader Environment load took 226.9ns 
69063      INFO  main            d.u.i.k.p.i.AbstractProblemLoader Creating init config 
71735      DEBUG main            d.u.i.k.p.i.AbstractProblemLoader Init config took 2.67s 
71803      INFO  main            d.u.i.k.p.i.AbstractProblemLoader Replaying proof ExampleSubject[Subject::$footprint()].JML accessible clause.0 
71805      DEBUG main            d.u.i.k.p.i.IntermediateProofReplayer Proof replay took 6.6ns 
71908      INFO  main            d.u.i.k.p.r.p.TestFile    ... finished proof: closed. 
72148      INFO  main            d.u.i.k.p.i.AbstractProblemLoader Loading environment from /home/runner/work/key/key/key.core/../key.ui/examples/heap/observer/ExampleSubject_footprint.key.proof 
72148      DEBUG main            d.u.i.k.p.i.AbstractProblemLoader Environment load took 123.7ns 
72149      INFO  main            d.u.i.k.p.i.AbstractProblemLoader Creating init config 
74775      DEBUG main            d.u.i.k.p.i.AbstractProblemLoader Init config took 2.63s 
74818      INFO  main            d.u.i.k.p.i.AbstractProblemLoader Replaying proof ExampleSubject[Subject::$footprint()].JML accessible clause.0 
74836      DEBUG main            d.u.i.k.p.i.IntermediateProofReplayer Proof replay took 15.23ms 
74837      DEBUG main            d.u.i.k.p.r.p.TestFile    ... success: reloaded. 
74838      INFO  main            d.u.i.k.p.r.p.TestFile    Now processing file /home/runner/work/key/key/key.core/../key.ui/examples/heap/observer/ExampleSubject_inv.key 
74838      INFO  main            d.u.i.k.p.i.AbstractProblemLoader Loading environment from /home/runner/work/key/key/key.core/../key.ui/examples/heap/observer/ExampleSubject_inv.key 
74838      DEBUG main            d.u.i.k.p.i.AbstractProblemLoader Environment load took 101.1ns 
74839      INFO  main            d.u.i.k.p.i.AbstractProblemLoader Creating init config 
77552      DEBUG main            d.u.i.k.p.i.AbstractProblemLoader Init config took 2.71s 
77596      INFO  main            d.u.i.k.p.i.AbstractProblemLoader Replaying proof ExampleSubject[java.lang.Object::<inv>()].JML accessible clause.0 
77597      DEBUG main            d.u.i.k.p.i.IntermediateProofReplayer Proof replay took 6.8ns 
78802      INFO  main            d.u.i.k.p.r.p.TestFile    ... finished proof: closed. 
79005      INFO  main            d.u.i.k.p.i.AbstractProblemLoader Loading environment from /home/runner/work/key/key/key.core/../key.ui/examples/heap/observer/ExampleSubject_inv.key.proof 
79006      DEBUG main            d.u.i.k.p.i.AbstractProblemLoader Environment load took 450.11ns 
79007      INFO  main            d.u.i.k.p.i.AbstractProblemLoader Creating init config 
81617      DEBUG main            d.u.i.k.p.i.AbstractProblemLoader Init config took 2.61s 
81676      INFO  main            d.u.i.k.p.i.AbstractProblemLoader Replaying proof ExampleSubject[java.lang.Object::<inv>()].JML accessible clause.0 
81807      DEBUG main            d.u.i.k.p.i.IntermediateProofReplayer Proof replay took 124.29ms 
81809      DEBUG main            d.u.i.k.p.r.p.TestFile    ... success: reloaded. 
81810      INFO  main            d.u.i.k.p.r.p.TestFile    Now processing file /home/runner/work/key/key/key.core/../key.ui/examples/heap/observer/ExampleSubject_notifyObservers.key 
81810      INFO  main            d.u.i.k.p.i.AbstractProblemLoader Loading environment from /home/runner/work/key/key/key.core/../key.ui/examples/heap/observer/ExampleSubject_notifyObservers.key 
81811      DEBUG main            d.u.i.k.p.i.AbstractProblemLoader Environment load took 221.3ns 
81812      INFO  main            d.u.i.k.p.i.AbstractProblemLoader Creating init config 
84483      DEBUG main            d.u.i.k.p.i.AbstractProblemLoader Init config took 2.67s 
84527      INFO  main            d.u.i.k.p.i.AbstractProblemLoader Replaying proof Subject[Subject::notifyObservers()].JML normal_behavior operation contract.0 
84528      DEBUG main            d.u.i.k.p.i.IntermediateProofReplayer Proof replay took 8ns 
84631      INFO  main            d.u.i.k.p.r.p.TestFile    ... finished proof: closed. 
84831      INFO  main            d.u.i.k.p.i.AbstractProblemLoader Loading environment from /home/runner/work/key/key/key.core/../key.ui/examples/heap/observer/ExampleSubject_notifyObservers.key.proof 
84831      DEBUG main            d.u.i.k.p.i.AbstractProblemLoader Environment load took 127.5ns 
84832      INFO  main            d.u.i.k.p.i.AbstractProblemLoader Creating init config 
87453      DEBUG main            d.u.i.k.p.i.AbstractProblemLoader Init config took 2.62s 
87498      INFO  main            d.u.i.k.p.i.AbstractProblemLoader Replaying proof Subject[Subject::notifyObservers()].JML normal_behavior operation contract.0 
87502      DEBUG main            d.u.i.k.p.i.IntermediateProofReplayer Proof replay took 2.81ms 
87503      DEBUG main            d.u.i.k.p.r.p.TestFile    ... success: reloaded. 
87504      INFO  main            d.u.i.k.p.r.p.TestFile    Now processing file /home/runner/work/key/key/key.core/../key.ui/examples/heap/observer/ExampleSubject_value_dep.key 
87504      INFO  main            d.u.i.k.p.i.AbstractProblemLoader Loading environment from /home/runner/work/key/key/key.core/../key.ui/examples/heap/observer/ExampleSubject_value_dep.key 
87504      DEBUG main            d.u.i.k.p.i.AbstractProblemLoader Environment load took 100.4ns 
87506      INFO  main            d.u.i.k.p.i.AbstractProblemLoader Creating init config 
90171      DEBUG main            d.u.i.k.p.i.AbstractProblemLoader Init config took 2.66s 
90218      INFO  main            d.u.i.k.p.i.AbstractProblemLoader Replaying proof ExampleSubject[ExampleSubject::value()].JML accessible clause.0 
90220      DEBUG main            d.u.i.k.p.i.IntermediateProofReplayer Proof replay took 6.9ns 
90322      INFO  main            d.u.i.k.p.r.p.TestFile    ... finished proof: closed. 
90566      INFO  main            d.u.i.k.p.i.AbstractProblemLoader Loading environment from /home/runner/work/key/key/key.core/../key.ui/examples/heap/observer/ExampleSubject_value_dep.key.proof 
90566      DEBUG main            d.u.i.k.p.i.AbstractProblemLoader Environment load took 123.3ns 
90567      INFO  main            d.u.i.k.p.i.AbstractProblemLoader Creating init config 
93164      DEBUG main            d.u.i.k.p.i.AbstractProblemLoader Init config took 2.6s 
93206      INFO  main            d.u.i.k.p.i.AbstractProblemLoader Replaying proof ExampleSubject[ExampleSubject::value()].JML accessible clause.0 
93220      DEBUG main            d.u.i.k.p.i.IntermediateProofReplayer Proof replay took 12.36ms 
93221      DEBUG main            d.u.i.k.p.r.p.TestFile    ... success: reloaded. 
93222      INFO  main            d.u.i.k.p.r.p.TestFile    Now processing file /home/runner/work/key/key/key.core/../key.ui/examples/heap/observer/ExampleSubject_value.key 
93222      INFO  main            d.u.i.k.p.i.AbstractProblemLoader Loading environment from /home/runner/work/key/key/key.core/../key.ui/examples/heap/observer/ExampleSubject_value.key 
93222      DEBUG main            d.u.i.k.p.i.AbstractProblemLoader Environment load took 81.9ns 
93223      INFO  main            d.u.i.k.p.i.AbstractProblemLoader Creating init config 
95902      DEBUG main            d.u.i.k.p.i.AbstractProblemLoader Init config took 2.68s 
95944      INFO  main            d.u.i.k.p.i.AbstractProblemLoader Replaying proof ExampleSubject[ExampleSubject::value()].JML normal_behavior operation contract.0 
95946      DEBUG main            d.u.i.k.p.i.IntermediateProofReplayer Proof replay took 7.2ns 
96047      INFO  main            d.u.i.k.p.r.p.TestFile    ... finished proof: closed. 
96272      INFO  main            d.u.i.k.p.i.AbstractProblemLoader Loading environment from /home/runner/work/key/key/key.core/../key.ui/examples/heap/observer/ExampleSubject_value.key.proof 
96273      DEBUG main            d.u.i.k.p.i.AbstractProblemLoader Environment load took 118.4ns 
96274      INFO  main            d.u.i.k.p.i.AbstractProblemLoader Creating init config 
98878      DEBUG main            d.u.i.k.p.i.AbstractProblemLoader Init config took 2.6s 
98934      INFO  main            d.u.i.k.p.i.AbstractProblemLoader Replaying proof ExampleSubject[ExampleSubject::value()].JML normal_behavior operation contract.0 
98946      DEBUG main            d.u.i.k.p.i.IntermediateProofReplayer Proof replay took 10.95ms 
98947      DEBUG main            d.u.i.k.p.r.p.TestFile    ... success: reloaded. 
1493798    INFO  Test worker     d.u.i.k.p.r.RunAllProofsTestUnit Returning from test observer 
1493800    INFO  Test worker     d.u.i.k.p.r.RunAllProofsTestUnit Running test removeDups 
366        INFO  Timeout watchdog d.u.i.k.p.r.p.ForkedTestFileRunner Timeout watcher launched (2000 secs.) 
394        WARN  main            d.u.i.k.s.ProofSettings   The settings in /home/runner/.key/proof-settings.props are *not* read. 
421        INFO  main            d.u.i.k.p.r.p.TestFile    Now processing file /home/runner/work/key/key/key.core/../key.ui/examples/heap/removeDups/arrayPart.key 
528        INFO  main            d.u.i.k.p.i.AbstractProblemLoader Loading environment from /home/runner/work/key/key/key.core/../key.ui/examples/heap/removeDups/arrayPart.key 
548        DEBUG main            d.u.i.k.p.i.AbstractProblemLoader Environment load took 1.89ms 
767        INFO  main            d.u.i.k.p.i.AbstractProblemLoader Creating init config 
1547       DEBUG main            d.u.i.k.j.TypeConverter   No LDT found for Meta 
1548       DEBUG main            d.u.i.k.j.TypeConverter   No LDT found for Meta 
1550       DEBUG main            d.u.i.k.j.TypeConverter   No LDT found for Meta 
1550       DEBUG main            d.u.i.k.j.TypeConverter   No LDT found for Meta 
3153       DEBUG main            d.u.i.k.j.TypeConverter   No LDT found for JavaBigintExpression 
8115       DEBUG main            d.u.i.k.p.i.AbstractProblemLoader Init config took 7.35s 
8237       INFO  main            d.u.i.k.p.i.AbstractProblemLoader Replaying proof RemoveDup[RemoveDup::arrayPart([I,int)].JML normal_behavior operation contract.0 
8270       DEBUG main            d.u.i.k.p.i.IntermediateProofReplayer Proof replay took 35ns 
10959      INFO  main            d.u.i.k.p.r.p.TestFile    ... finished proof: closed. 
11106      INFO  main            d.u.i.k.p.i.AbstractProblemLoader Loading environment from /home/runner/work/key/key/key.core/../key.ui/examples/heap/removeDups/arrayPart.key.proof 
11107      DEBUG main            d.u.i.k.p.i.AbstractProblemLoader Environment load took 541.91ns 
11109      INFO  main            d.u.i.k.p.i.AbstractProblemLoader Creating init config 
13919      DEBUG main            d.u.i.k.p.i.AbstractProblemLoader Init config took 2.81s 
14005      INFO  main            d.u.i.k.p.i.AbstractProblemLoader Replaying proof RemoveDup[RemoveDup::arrayPart([I,int)].JML normal_behavior operation contract.0 
14421      DEBUG main            d.u.i.k.p.i.IntermediateProofReplayer Proof replay took 392.97ms 
14429      DEBUG main            d.u.i.k.p.r.p.TestFile    ... success: reloaded. 
14433      INFO  main            d.u.i.k.p.r.p.TestFile    Now processing file /home/runner/work/key/key/key.core/../key.ui/examples/heap/removeDups/contains.key 
14433      INFO  main            d.u.i.k.p.i.AbstractProblemLoader Loading environment from /home/runner/work/key/key/key.core/../key.ui/examples/heap/removeDups/contains.key 
14433      DEBUG main            d.u.i.k.p.i.AbstractProblemLoader Environment load took 122.6ns 
14437      INFO  main            d.u.i.k.p.i.AbstractProblemLoader Creating init config 
17137      DEBUG main            d.u.i.k.p.i.AbstractProblemLoader Init config took 2.7s 
17217      INFO  main            d.u.i.k.p.i.AbstractProblemLoader Replaying proof RemoveDup[RemoveDup::contains([I,int,int)].JML normal_behavior operation contract.0 
17220      DEBUG main            d.u.i.k.p.i.IntermediateProofReplayer Proof replay took 6.7ns 
17825      INFO  main            d.u.i.k.p.r.p.TestFile    ... finished proof: closed. 
17974      INFO  main            d.u.i.k.p.i.AbstractProblemLoader Loading environment from /home/runner/work/key/key/key.core/../key.ui/examples/heap/removeDups/contains.key.proof 
17976      DEBUG main            d.u.i.k.p.i.AbstractProblemLoader Environment load took 1.68ms 
17979      INFO  main            d.u.i.k.p.i.AbstractProblemLoader Creating init config 
20540      DEBUG main            d.u.i.k.p.i.AbstractProblemLoader Init config took 2.56s 
20588      INFO  main            d.u.i.k.p.i.AbstractProblemLoader Replaying proof RemoveDup[RemoveDup::contains([I,int,int)].JML normal_behavior operation contract.0 
20701      DEBUG main            d.u.i.k.p.i.IntermediateProofReplayer Proof replay took 107.84ms 
20702      DEBUG main            d.u.i.k.p.r.p.TestFile    ... success: reloaded. 
20703      INFO  main            d.u.i.k.p.r.p.TestFile    Now processing file /home/runner/work/key/key/key.core/../key.ui/examples/heap/removeDups/removeDup.key 
20704      INFO  main            d.u.i.k.p.i.AbstractProblemLoader Loading environment from /home/runner/work/key/key/key.core/../key.ui/examples/heap/removeDups/removeDup.key 
20704      DEBUG main            d.u.i.k.p.i.AbstractProblemLoader Environment load took 228.9ns 
20705      INFO  main            d.u.i.k.p.i.AbstractProblemLoader Creating init config 
23259      DEBUG main            d.u.i.k.p.i.AbstractProblemLoader Init config took 2.55s 
23324      INFO  main            d.u.i.k.p.i.AbstractProblemLoader Replaying proof RemoveDup[RemoveDup::removeDup([I)].JML normal_behavior operation contract.0 
23326      DEBUG main            d.u.i.k.p.i.IntermediateProofReplayer Proof replay took 6.5ns 
28349      DEBUG Thread-7        d.u.i.k.j.d.VariableSpecification Program match. Variables have different dimension (template #v0 = #vi;, source a#11[] = var;) 
50250      INFO  main            d.u.i.k.p.r.p.TestFile    ... finished proof: closed. 
50512      INFO  main            d.u.i.k.p.i.AbstractProblemLoader Loading environment from /home/runner/work/key/key/key.core/../key.ui/examples/heap/removeDups/removeDup.key.proof 
50512      DEBUG main            d.u.i.k.p.i.AbstractProblemLoader Environment load took 479.21ns 
50522      INFO  main            d.u.i.k.p.i.AbstractProblemLoader Creating init config 
53013      DEBUG main            d.u.i.k.p.i.AbstractProblemLoader Init config took 2.49s 
53112      INFO  main            d.u.i.k.p.i.AbstractProblemLoader Replaying proof RemoveDup[RemoveDup::removeDup([I)].JML normal_behavior operation contract.0 
55163      DEBUG main            d.u.i.k.p.i.IntermediateProofReplayer Proof replay took 1.97s 
55168      DEBUG main            d.u.i.k.p.r.p.TestFile    ... success: reloaded. 
55169      INFO  main            d.u.i.k.p.r.p.TestFile    Now processing file /home/runner/work/key/key/key.core/../key.ui/examples/heap/saddleback_search/Saddleback_search.key 
55171      INFO  main            d.u.i.k.p.i.AbstractProblemLoader Loading environment from /home/runner/work/key/key/key.core/../key.ui/examples/heap/saddleback_search/Saddleback_search.key 
55172      DEBUG main            d.u.i.k.p.i.AbstractProblemLoader Environment load took 295ns 
55173      INFO  main            d.u.i.k.p.i.AbstractProblemLoader Creating init config 
57885      DEBUG main            d.u.i.k.p.i.AbstractProblemLoader Init config took 2.71s 
57926      INFO  main            d.u.i.k.p.i.AbstractProblemLoader Replaying proof Saddleback[Saddleback::search([[I,int)].JML normal_behavior operation contract.0 
57934      DEBUG main            d.u.i.k.p.i.IntermediateProofReplayer Proof replay took 6.4ns 
142663     INFO  main            d.u.i.k.p.r.p.TestFile    ... finished proof: closed. 
143032     INFO  main            d.u.i.k.p.i.AbstractProblemLoader Loading environment from /home/runner/work/key/key/key.core/../key.ui/examples/heap/saddleback_search/Saddleback_search.key.proof 
143032     DEBUG main            d.u.i.k.p.i.AbstractProblemLoader Environment load took 471.21ns 
143042     INFO  main            d.u.i.k.p.i.AbstractProblemLoader Creating init config 
145430     DEBUG main            d.u.i.k.p.i.AbstractProblemLoader Init config took 2.39s 
145467     INFO  main            d.u.i.k.p.i.AbstractProblemLoader Replaying proof Saddleback[Saddleback::search([[I,int)].JML normal_behavior operation contract.0 
148199     DEBUG main            d.u.i.k.p.i.IntermediateProofReplayer Proof replay took 2.55s 
148209     DEBUG main            d.u.i.k.p.r.p.TestFile    ... success: reloaded. 
1642175    INFO  Test worker     d.u.i.k.p.r.RunAllProofsTestUnit Returning from test removeDups 
1642176    INFO  Test worker     d.u.i.k.p.r.RunAllProofsTestUnit Running test quicksort 
371        INFO  Timeout watchdog d.u.i.k.p.r.p.ForkedTestFileRunner Timeout watcher launched (2000 secs.) 
394        WARN  main            d.u.i.k.s.ProofSettings   The settings in /home/runner/.key/proof-settings.props are *not* read. 
443        INFO  main            d.u.i.k.p.r.p.TestFile    Now processing file /home/runner/work/key/key/key.core/../key.ui/examples/heap/quicksort/toplevel.key 
558        INFO  main            d.u.i.k.p.i.AbstractProblemLoader Loading environment from /home/runner/work/key/key/key.core/../key.ui/examples/heap/quicksort/toplevel.key 
581        DEBUG main            d.u.i.k.p.i.AbstractProblemLoader Environment load took 2.18ms 
798        INFO  main            d.u.i.k.p.i.AbstractProblemLoader Creating init config 
1743       DEBUG main            d.u.i.k.j.TypeConverter   No LDT found for Meta 
1743       DEBUG main            d.u.i.k.j.TypeConverter   No LDT found for Meta 
1745       DEBUG main            d.u.i.k.j.TypeConverter   No LDT found for Meta 
1745       DEBUG main            d.u.i.k.j.TypeConverter   No LDT found for Meta 
3195       DEBUG main            d.u.i.k.j.TypeConverter   No LDT found for JavaBigintExpression 
8307       DEBUG main            d.u.i.k.p.i.AbstractProblemLoader Init config took 7.51s 
8497       INFO  main            d.u.i.k.p.i.AbstractProblemLoader Replaying proof Quicksort[Quicksort::sort([I)].JML normal_behavior operation contract.0 
8534       DEBUG main            d.u.i.k.p.i.IntermediateProofReplayer Proof replay took 34.8ns 
9771       INFO  main            d.u.i.k.p.r.p.TestFile    ... finished proof: closed. 
9935       INFO  main            d.u.i.k.p.i.AbstractProblemLoader Loading environment from /home/runner/work/key/key/key.core/../key.ui/examples/heap/quicksort/toplevel.key.proof 
9944       DEBUG main            d.u.i.k.p.i.AbstractProblemLoader Environment load took 8.55ms 
9947       INFO  main            d.u.i.k.p.i.AbstractProblemLoader Creating init config 
12902      DEBUG main            d.u.i.k.p.i.AbstractProblemLoader Init config took 2.95s 
12975      INFO  main            d.u.i.k.p.i.AbstractProblemLoader Replaying proof Quicksort[Quicksort::sort([I)].JML normal_behavior operation contract.0 
13189      DEBUG main            d.u.i.k.p.i.IntermediateProofReplayer Proof replay took 205.52ms 
13198      DEBUG main            d.u.i.k.p.r.p.TestFile    ... success: reloaded. 
13206      INFO  main            d.u.i.k.p.r.p.TestFile    Now processing file /home/runner/work/key/key/key.core/../key.ui/examples/heap/quicksort/sort.key 
13207      INFO  main            d.u.i.k.p.i.AbstractProblemLoader Loading environment from /home/runner/work/key/key/key.core/../key.ui/examples/heap/quicksort/sort.key 
13207      DEBUG main            d.u.i.k.p.i.AbstractProblemLoader Environment load took 291.71ns 
13210      INFO  main            d.u.i.k.p.i.AbstractProblemLoader Creating init config 
16001      DEBUG main            d.u.i.k.p.i.AbstractProblemLoader Init config took 2.79s 
16096      INFO  main            d.u.i.k.p.i.AbstractProblemLoader Replaying proof Quicksort[Quicksort::sort([I,int,int)].JML normal_behavior operation contract.0 
16103      DEBUG main            d.u.i.k.p.i.IntermediateProofReplayer Proof replay took 9ns 
16134      DEBUG main            d.u.i.k.m.s.ProofScriptEngine 1: 'script 'sort.script'' 
16142      INFO  main            d.u.i.k.m.s.ProofScriptCommand Included script /home/runner/work/key/key/key.core/../key.ui/examples/heap/quicksort/sort.script 
16143      DEBUG main            d.u.i.k.m.s.ProofScriptEngine 1: 'macro autopilot-prep' 
17369      DEBUG main            d.u.i.k.m.s.ProofScriptEngine 2: 'select formula="{heapAtPre:=heap || exc:=null || heap:=heapAfter_sort_0}
   seq ...' 
17373      DEBUG main            d.u.i.k.m.s.ProofScriptEngine 3: 'macro simp-upd' 
17383      DEBUG main            d.u.i.k.m.s.ProofScriptEngine 4: 'let   @seqPre="seqDef{int u;}(0, array.length, array[u])"
    @seqSplit="seqDef ...' 
17385      DEBUG main            d.u.i.k.m.s.ProofScriptEngine 5: 'rule seqPermSym 
  formula="seqPerm(@seqSplit, @seqPre)"' 
17398      DEBUG main            d.u.i.k.m.s.ProofScriptEngine 6: 'rule seqPermSym
  formula="seqPerm(@seqSort, @seqSplit)"' 
17400      DEBUG main            d.u.i.k.m.s.ProofScriptEngine 7: 'rule seqPermSym
  formula="seqPerm(@seqSort0, @seqSort)"' 
17401      DEBUG main            d.u.i.k.m.s.ProofScriptEngine 8: 'rule seqPermTrans
  formula="seqPerm(@seqPre, @seqSplit)"' 
17402      DEBUG main            d.u.i.k.m.s.ProofScriptEngine 9: 'rule seqPermTrans
  formula="seqPerm(@seqPre, @seqSort)"' 
17403      DEBUG main            d.u.i.k.m.s.ProofScriptEngine 10: 'rule seqPermSym
  formula="seqPerm(@seqPre, @seqSort0)"' 
17404      DEBUG main            d.u.i.k.m.s.ProofScriptEngine 11: 'tryclose' 
44181      INFO  main            d.u.i.k.p.r.p.TestFile    ... finished proof: closed. 
44470      INFO  main            d.u.i.k.p.i.AbstractProblemLoader Loading environment from /home/runner/work/key/key/key.core/../key.ui/examples/heap/quicksort/sort.key.proof 
44471      DEBUG main            d.u.i.k.p.i.AbstractProblemLoader Environment load took 501.21ns 
44478      INFO  main            d.u.i.k.p.i.AbstractProblemLoader Creating init config 
47134      DEBUG main            d.u.i.k.p.i.AbstractProblemLoader Init config took 2.66s 
47182      INFO  main            d.u.i.k.p.i.AbstractProblemLoader Replaying proof Quicksort[Quicksort::sort([I,int,int)].JML normal_behavior operation contract.0 
49186      DEBUG main            d.u.i.k.p.i.IntermediateProofReplayer Proof replay took 1.89s 
49203      DEBUG main            d.u.i.k.p.r.p.TestFile    ... success: reloaded. 
49209      INFO  main            d.u.i.k.p.r.p.TestFile    Now processing file /home/runner/work/key/key/key.core/../key.ui/examples/heap/quicksort/split.key 
49216      INFO  main            d.u.i.k.p.i.AbstractProblemLoader Loading environment from /home/runner/work/key/key/key.core/../key.ui/examples/heap/quicksort/split.key 
49216      DEBUG main            d.u.i.k.p.i.AbstractProblemLoader Environment load took 466.81ns 
49218      INFO  main            d.u.i.k.p.i.AbstractProblemLoader Creating init config 
51891      DEBUG main            d.u.i.k.p.i.AbstractProblemLoader Init config took 2.67s 
51948      INFO  main            d.u.i.k.p.i.AbstractProblemLoader Replaying proof Quicksort[Quicksort::split([I,int,int)].JML normal_behavior operation contract.0 
51954      DEBUG main            d.u.i.k.p.i.IntermediateProofReplayer Proof replay took 6.1ns 
51954      DEBUG main            d.u.i.k.m.s.ProofScriptEngine 1: 'macro autopilot-prep' 
53301      DEBUG main            d.u.i.k.m.s.ProofScriptEngine 2: 'tryclose' 
92341      DEBUG main            d.u.i.k.m.s.ProofScriptEngine 3: 'macro simp-upd' 
92447      DEBUG main            d.u.i.k.m.s.ProofScriptEngine 4: 'rule seqPermFromSwap' 
92463      DEBUG main            d.u.i.k.m.s.ProofScriptEngine 5: 'rule andRight' 
92465      DEBUG main            d.u.i.k.m.s.ProofScriptEngine 6: 'auto' 
92493      DEBUG main            d.u.i.k.m.s.ProofScriptEngine 7: 'instantiate hide var=iv with=i_0' 
92497      DEBUG main            d.u.i.k.m.s.ProofScriptEngine 8: 'instantiate hide var=jv with=j_0' 
92499      DEBUG main            d.u.i.k.m.s.ProofScriptEngine 9: 'auto' 
99552      DEBUG main            d.u.i.k.m.s.ProofScriptEngine 10: 'macro simp-upd' 
99667      DEBUG main            d.u.i.k.m.s.ProofScriptEngine 11: 'rule seqPermFromSwap' 
99671      DEBUG main            d.u.i.k.m.s.ProofScriptEngine 12: 'rule andRight' 
99673      DEBUG main            d.u.i.k.m.s.ProofScriptEngine 13: 'auto' 
99692      DEBUG main            d.u.i.k.m.s.ProofScriptEngine 14: 'instantiate hide var=iv with=i_0' 
99696      DEBUG main            d.u.i.k.m.s.ProofScriptEngine 15: 'instantiate hide var=jv with=to' 
99698      DEBUG main            d.u.i.k.m.s.ProofScriptEngine 16: 'auto' 
104998     INFO  main            d.u.i.k.p.r.p.TestFile    ... finished proof: closed. 
105355     INFO  main            d.u.i.k.p.i.AbstractProblemLoader Loading environment from /home/runner/work/key/key/key.core/../key.ui/examples/heap/quicksort/split.key.proof 
105355     DEBUG main            d.u.i.k.p.i.AbstractProblemLoader Environment load took 452.01ns 
105367     INFO  main            d.u.i.k.p.i.AbstractProblemLoader Creating init config 
107876     DEBUG main            d.u.i.k.p.i.AbstractProblemLoader Init config took 2.51s 
107922     INFO  main            d.u.i.k.p.i.AbstractProblemLoader Replaying proof Quicksort[Quicksort::split([I,int,int)].JML normal_behavior operation contract.0 
111478     DEBUG main            d.u.i.k.p.i.IntermediateProofReplayer Proof replay took 3.38s 
111490     DEBUG main            d.u.i.k.p.r.p.TestFile    ... success: reloaded. 
1753834    INFO  Test worker     d.u.i.k.p.r.RunAllProofsTestUnit Returning from test quicksort 
1753836    INFO  Test worker     d.u.i.k.p.r.RunAllProofsTestUnit Running test simpleTests 
335        INFO  Timeout watchdog d.u.i.k.p.r.p.ForkedTestFileRunner Timeout watcher launched (2000 secs.) 
355        WARN  main            d.u.i.k.s.ProofSettings   The settings in /home/runner/.key/proof-settings.props are *not* read. 
405        INFO  main            d.u.i.k.p.r.p.TestFile    Now processing file /home/runner/work/key/key/key.core/../key.ui/examples/heap/simple/anonymise_datagroup.key 
573        INFO  main            d.u.i.k.p.i.AbstractProblemLoader Loading environment from /home/runner/work/key/key/key.core/../key.ui/examples/heap/simple/anonymise_datagroup.key 
589        DEBUG main            d.u.i.k.p.i.AbstractProblemLoader Environment load took 2.27ms 
865        INFO  main            d.u.i.k.p.i.AbstractProblemLoader Creating init config 
1739       DEBUG main            d.u.i.k.j.TypeConverter   No LDT found for Meta 
1744       DEBUG main            d.u.i.k.j.TypeConverter   No LDT found for Meta 
1748       DEBUG main            d.u.i.k.j.TypeConverter   No LDT found for Meta 
1748       DEBUG main            d.u.i.k.j.TypeConverter   No LDT found for Meta 
3525       DEBUG main            d.u.i.k.j.TypeConverter   No LDT found for JavaBigintExpression 
8792       DEBUG main            d.u.i.k.p.i.AbstractProblemLoader Init config took 7.93s 
8851       INFO  main            d.u.i.k.p.i.AbstractProblemLoader Replaying proof anonymise_datagroup.key 
8890       DEBUG main            d.u.i.k.p.i.IntermediateProofReplayer Proof replay took 38.6ns 
9166       INFO  main            d.u.i.k.p.r.p.TestFile    ... finished proof: closed. 
9267       INFO  main            d.u.i.k.p.i.AbstractProblemLoader Loading environment from /home/runner/work/key/key/key.core/../key.ui/examples/heap/simple/anonymise_datagroup.key.proof 
9268       DEBUG main            d.u.i.k.p.i.AbstractProblemLoader Environment load took 164.5ns 
9272       INFO  main            d.u.i.k.p.i.AbstractProblemLoader Creating init config 
12079      DEBUG main            d.u.i.k.p.i.AbstractProblemLoader Init config took 2.81s 
12135      INFO  main            d.u.i.k.p.i.AbstractProblemLoader Replaying proof anonymise_datagroup.key.proof 
12154      DEBUG main            d.u.i.k.p.i.IntermediateProofReplayer Proof replay took 13.66ms 
12174      DEBUG main            d.u.i.k.p.r.p.TestFile    ... success: reloaded. 
12176      INFO  main            d.u.i.k.p.r.p.TestFile    Now processing file /home/runner/work/key/key/key.core/../key.ui/examples/heap/simple/array_creation.key 
12176      INFO  main            d.u.i.k.p.i.AbstractProblemLoader Loading environment from /home/runner/work/key/key/key.core/../key.ui/examples/heap/simple/array_creation.key 
12176      DEBUG main            d.u.i.k.p.i.AbstractProblemLoader Environment load took 127.7ns 
12180      INFO  main            d.u.i.k.p.i.AbstractProblemLoader Creating init config 
14972      DEBUG main            d.u.i.k.p.i.AbstractProblemLoader Init config took 2.79s 
15010      INFO  main            d.u.i.k.p.i.AbstractProblemLoader Replaying proof array_creation.key 
15014      DEBUG main            d.u.i.k.p.i.IntermediateProofReplayer Proof replay took 7.3ns 
15825      INFO  main            d.u.i.k.p.r.p.TestFile    ... finished proof: closed. 
15972      INFO  main            d.u.i.k.p.i.AbstractProblemLoader Loading environment from /home/runner/work/key/key/key.core/../key.ui/examples/heap/simple/array_creation.key.proof 
15975      DEBUG main            d.u.i.k.p.i.AbstractProblemLoader Environment load took 2.39ms 
15978      INFO  main            d.u.i.k.p.i.AbstractProblemLoader Creating init config 
18662      DEBUG main            d.u.i.k.p.i.AbstractProblemLoader Init config took 2.68s 
18699      INFO  main            d.u.i.k.p.i.AbstractProblemLoader Replaying proof array_creation.key.proof 
18809      DEBUG main            d.u.i.k.p.i.IntermediateProofReplayer Proof replay took 105.64ms 
18811      DEBUG main            d.u.i.k.p.r.p.TestFile    ... success: reloaded. 
18817      INFO  main            d.u.i.k.p.r.p.TestFile    Now processing file /home/runner/work/key/key/key.core/../key.ui/examples/heap/simple/arrays_with_disjoint_sorts.key 
18817      INFO  main            d.u.i.k.p.i.AbstractProblemLoader Loading environment from /home/runner/work/key/key/key.core/../key.ui/examples/heap/simple/arrays_with_disjoint_sorts.key 
18817      DEBUG main            d.u.i.k.p.i.AbstractProblemLoader Environment load took 249.3ns 
18820      INFO  main            d.u.i.k.p.i.AbstractProblemLoader Creating init config 
21513      DEBUG main            d.u.i.k.p.i.AbstractProblemLoader Init config took 2.69s 
21536      INFO  main            d.u.i.k.p.i.AbstractProblemLoader Replaying proof arrays_with_disjoint_sorts.key 
21538      DEBUG main            d.u.i.k.p.i.IntermediateProofReplayer Proof replay took 6.7ns 
21742      INFO  main            d.u.i.k.p.r.p.TestFile    ... finished proof: closed. 
21957      INFO  main            d.u.i.k.p.i.AbstractProblemLoader Loading environment from /home/runner/work/key/key/key.core/../key.ui/examples/heap/simple/arrays_with_disjoint_sorts.key.proof 
21957      DEBUG main            d.u.i.k.p.i.AbstractProblemLoader Environment load took 232.8ns 
21959      INFO  main            d.u.i.k.p.i.AbstractProblemLoader Creating init config 
24579      DEBUG main            d.u.i.k.p.i.AbstractProblemLoader Init config took 2.62s 
24602      INFO  main            d.u.i.k.p.i.AbstractProblemLoader Replaying proof arrays_with_disjoint_sorts.key.proof 
24648      DEBUG main            d.u.i.k.p.i.IntermediateProofReplayer Proof replay took 38.05ms 
24649      DEBUG main            d.u.i.k.p.r.p.TestFile    ... success: reloaded. 
24650      INFO  main            d.u.i.k.p.r.p.TestFile    Now processing file /home/runner/work/key/key/key.core/../key.ui/examples/heap/simple/arrays.key 
24650      INFO  main            d.u.i.k.p.i.AbstractProblemLoader Loading environment from /home/runner/work/key/key/key.core/../key.ui/examples/heap/simple/arrays.key 
24650      DEBUG main            d.u.i.k.p.i.AbstractProblemLoader Environment load took 102.6ns 
24652      INFO  main            d.u.i.k.p.i.AbstractProblemLoader Creating init config 
27272      DEBUG main            d.u.i.k.p.i.AbstractProblemLoader Init config took 2.62s 
27293      INFO  main            d.u.i.k.p.i.AbstractProblemLoader Replaying proof arrays.key 
27296      DEBUG main            d.u.i.k.p.i.IntermediateProofReplayer Proof replay took 6.7ns 
27403      INFO  main            d.u.i.k.p.r.p.TestFile    ... finished proof: closed. 
27561      INFO  main            d.u.i.k.p.i.AbstractProblemLoader Loading environment from /home/runner/work/key/key/key.core/../key.ui/examples/heap/simple/arrays.key.proof 
27562      DEBUG main            d.u.i.k.p.i.AbstractProblemLoader Environment load took 621.71ns 
27563      INFO  main            d.u.i.k.p.i.AbstractProblemLoader Creating init config 
30107      DEBUG main            d.u.i.k.p.i.AbstractProblemLoader Init config took 2.54s 
30139      INFO  main            d.u.i.k.p.i.AbstractProblemLoader Replaying proof arrays.key.proof 
30160      DEBUG main            d.u.i.k.p.i.IntermediateProofReplayer Proof replay took 17.72ms 
30162      DEBUG main            d.u.i.k.p.r.p.TestFile    ... success: reloaded. 
30163      INFO  main            d.u.i.k.p.r.p.TestFile    Now processing file /home/runner/work/key/key/key.core/../key.ui/examples/heap/simple/attributes.key 
30163      INFO  main            d.u.i.k.p.i.AbstractProblemLoader Loading environment from /home/runner/work/key/key/key.core/../key.ui/examples/heap/simple/attributes.key 
30163      DEBUG main            d.u.i.k.p.i.AbstractProblemLoader Environment load took 214.6ns 
30164      INFO  main            d.u.i.k.p.i.AbstractProblemLoader Creating init config 
32732      DEBUG main            d.u.i.k.p.i.AbstractProblemLoader Init config took 2.57s 
32765      INFO  main            d.u.i.k.p.i.AbstractProblemLoader Replaying proof attributes.key 
32767      DEBUG main            d.u.i.k.p.i.IntermediateProofReplayer Proof replay took 8.1ns 
32870      INFO  main            d.u.i.k.p.r.p.TestFile    ... finished proof: closed. 
33024      INFO  main            d.u.i.k.p.i.AbstractProblemLoader Loading environment from /home/runner/work/key/key/key.core/../key.ui/examples/heap/simple/attributes.key.proof 
33024      DEBUG main            d.u.i.k.p.i.AbstractProblemLoader Environment load took 128.4ns 
33029      INFO  main            d.u.i.k.p.i.AbstractProblemLoader Creating init config 
35588      DEBUG main            d.u.i.k.p.i.AbstractProblemLoader Init config took 2.56s 
35610      INFO  main            d.u.i.k.p.i.AbstractProblemLoader Replaying proof attributes.key.proof 
35617      DEBUG main            d.u.i.k.p.i.IntermediateProofReplayer Proof replay took 2.87ms 
35618      DEBUG main            d.u.i.k.p.r.p.TestFile    ... success: reloaded. 
35619      INFO  main            d.u.i.k.p.r.p.TestFile    Now processing file /home/runner/work/key/key/key.core/../key.ui/examples/heap/simple/constructor_contracts.key 
35620      INFO  main            d.u.i.k.p.i.AbstractProblemLoader Loading environment from /home/runner/work/key/key/key.core/../key.ui/examples/heap/simple/constructor_contracts.key 
35620      DEBUG main            d.u.i.k.p.i.AbstractProblemLoader Environment load took 225.7ns 
35622      INFO  main            d.u.i.k.p.i.AbstractProblemLoader Creating init config 
38589      DEBUG main            d.u.i.k.p.i.AbstractProblemLoader Init config took 2.97s 
38631      INFO  main            d.u.i.k.p.i.AbstractProblemLoader Replaying proof constructor_contracts.key 
38634      DEBUG main            d.u.i.k.p.i.IntermediateProofReplayer Proof replay took 7ns 
39242      INFO  main            d.u.i.k.p.r.p.TestFile    ... finished proof: closed. 
39437      INFO  main            d.u.i.k.p.i.AbstractProblemLoader Loading environment from /home/runner/work/key/key/key.core/../key.ui/examples/heap/simple/constructor_contracts.key.proof 
39437      DEBUG main            d.u.i.k.p.i.AbstractProblemLoader Environment load took 137.2ns 
39439      INFO  main            d.u.i.k.p.i.AbstractProblemLoader Creating init config 
42314      DEBUG main            d.u.i.k.p.i.AbstractProblemLoader Init config took 2.87s 
42337      INFO  main            d.u.i.k.p.i.AbstractProblemLoader Replaying proof constructor_contracts.key.proof 
42458      DEBUG main            d.u.i.k.p.i.IntermediateProofReplayer Proof replay took 115.4ms 
42460      DEBUG main            d.u.i.k.p.r.p.TestFile    ... success: reloaded. 
42462      INFO  main            d.u.i.k.p.r.p.TestFile    Now processing file /home/runner/work/key/key/key.core/../key.ui/examples/heap/simple/dependencies.key 
42462      INFO  main            d.u.i.k.p.i.AbstractProblemLoader Loading environment from /home/runner/work/key/key/key.core/../key.ui/examples/heap/simple/dependencies.key 
42462      DEBUG main            d.u.i.k.p.i.AbstractProblemLoader Environment load took 213.3ns 
42464      INFO  main            d.u.i.k.p.i.AbstractProblemLoader Creating init config 
45050      DEBUG main            d.u.i.k.p.i.AbstractProblemLoader Init config took 2.59s 
45070      INFO  main            d.u.i.k.p.i.AbstractProblemLoader Replaying proof dependencies.key 
45071      DEBUG main            d.u.i.k.p.i.IntermediateProofReplayer Proof replay took 7.4ns 
45174      INFO  main            d.u.i.k.p.r.p.TestFile    ... finished proof: closed. 
45347      INFO  main            d.u.i.k.p.i.AbstractProblemLoader Loading environment from /home/runner/work/key/key/key.core/../key.ui/examples/heap/simple/dependencies.key.proof 
45348      DEBUG main            d.u.i.k.p.i.AbstractProblemLoader Environment load took 122.2ns 
45350      INFO  main            d.u.i.k.p.i.AbstractProblemLoader Creating init config 
47839      DEBUG main            d.u.i.k.p.i.AbstractProblemLoader Init config took 2.49s 
47858      INFO  main            d.u.i.k.p.i.AbstractProblemLoader Replaying proof dependencies.key.proof 
47869      DEBUG main            d.u.i.k.p.i.IntermediateProofReplayer Proof replay took 8.57ms 
47870      DEBUG main            d.u.i.k.p.r.p.TestFile    ... success: reloaded. 
47870      INFO  main            d.u.i.k.p.r.p.TestFile    Now processing file /home/runner/work/key/key/key.core/../key.ui/examples/heap/simple/dependency_contracts.key 
47871      INFO  main            d.u.i.k.p.i.AbstractProblemLoader Loading environment from /home/runner/work/key/key/key.core/../key.ui/examples/heap/simple/dependency_contracts.key 
47871      DEBUG main            d.u.i.k.p.i.AbstractProblemLoader Environment load took 234.1ns 
47873      INFO  main            d.u.i.k.p.i.AbstractProblemLoader Creating init config 
50634      DEBUG main            d.u.i.k.p.i.AbstractProblemLoader Init config took 2.76s 
50655      INFO  main            d.u.i.k.p.i.AbstractProblemLoader Replaying proof dependency_contracts.key 
50657      DEBUG main            d.u.i.k.p.i.IntermediateProofReplayer Proof replay took 6.8ns 
51966      INFO  main            d.u.i.k.p.r.p.TestFile    ... finished proof: closed. 
52195      INFO  main            d.u.i.k.p.i.AbstractProblemLoader Loading environment from /home/runner/work/key/key/key.core/../key.ui/examples/heap/simple/dependency_contracts.key.proof 
52195      DEBUG main            d.u.i.k.p.i.AbstractProblemLoader Environment load took 268.1ns 
52197      INFO  main            d.u.i.k.p.i.AbstractProblemLoader Creating init config 
54935      DEBUG main            d.u.i.k.p.i.AbstractProblemLoader Init config took 2.74s 
54957      INFO  main            d.u.i.k.p.i.AbstractProblemLoader Replaying proof dependency_contracts.key.proof 
55182      DEBUG main            d.u.i.k.p.i.IntermediateProofReplayer Proof replay took 215.08ms 
55185      DEBUG main            d.u.i.k.p.r.p.TestFile    ... success: reloaded. 
55187      INFO  main            d.u.i.k.p.r.p.TestFile    Now processing file /home/runner/work/key/key/key.core/../key.ui/examples/heap/simple/invariant_preservation.key 
55189      INFO  main            d.u.i.k.p.i.AbstractProblemLoader Loading environment from /home/runner/work/key/key/key.core/../key.ui/examples/heap/simple/invariant_preservation.key 
55189      DEBUG main            d.u.i.k.p.i.AbstractProblemLoader Environment load took 258.5ns 
55192      INFO  main            d.u.i.k.p.i.AbstractProblemLoader Creating init config 
57986      DEBUG main            d.u.i.k.p.i.AbstractProblemLoader Init config took 2.79s 
58006      INFO  main            d.u.i.k.p.i.AbstractProblemLoader Replaying proof invariant_preservation.key 
58007      DEBUG main            d.u.i.k.p.i.IntermediateProofReplayer Proof replay took 8.1ns 
58211      INFO  main            d.u.i.k.p.r.p.TestFile    ... finished proof: closed. 
58422      INFO  main            d.u.i.k.p.i.AbstractProblemLoader Loading environment from /home/runner/work/key/key/key.core/../key.ui/examples/heap/simple/invariant_preservation.key.proof 
58422      DEBUG main            d.u.i.k.p.i.AbstractProblemLoader Environment load took 132.4ns 
58424      INFO  main            d.u.i.k.p.i.AbstractProblemLoader Creating init config 
61215      DEBUG main            d.u.i.k.p.i.AbstractProblemLoader Init config took 2.79s 
61236      INFO  main            d.u.i.k.p.i.AbstractProblemLoader Replaying proof invariant_preservation.key.proof 
61267      DEBUG main            d.u.i.k.p.i.IntermediateProofReplayer Proof replay took 28.52ms 
61269      DEBUG main            d.u.i.k.p.r.p.TestFile    ... success: reloaded. 
61270      INFO  main            d.u.i.k.p.r.p.TestFile    Now processing file /home/runner/work/key/key/key.core/../key.ui/examples/heap/simple/locsets.key 
61271      INFO  main            d.u.i.k.p.i.AbstractProblemLoader Loading environment from /home/runner/work/key/key/key.core/../key.ui/examples/heap/simple/locsets.key 
61271      DEBUG main            d.u.i.k.p.i.AbstractProblemLoader Environment load took 243ns 
61272      INFO  main            d.u.i.k.p.i.AbstractProblemLoader Creating init config 
63756      DEBUG main            d.u.i.k.p.i.AbstractProblemLoader Init config took 2.48s 
63776      INFO  main            d.u.i.k.p.i.AbstractProblemLoader Replaying proof locsets.key 
63778      DEBUG main            d.u.i.k.p.i.IntermediateProofReplayer Proof replay took 7.6ns 
63880      INFO  main            d.u.i.k.p.r.p.TestFile    ... finished proof: closed. 
64066      INFO  main            d.u.i.k.p.i.AbstractProblemLoader Loading environment from /home/runner/work/key/key/key.core/../key.ui/examples/heap/simple/locsets.key.proof 
64066      DEBUG main            d.u.i.k.p.i.AbstractProblemLoader Environment load took 119.5ns 
64067      INFO  main            d.u.i.k.p.i.AbstractProblemLoader Creating init config 
66502      DEBUG main            d.u.i.k.p.i.AbstractProblemLoader Init config took 2.43s 
66518      INFO  main            d.u.i.k.p.i.AbstractProblemLoader Replaying proof locsets.key.proof 
66522      DEBUG main            d.u.i.k.p.i.IntermediateProofReplayer Proof replay took 1.67ms 
66523      DEBUG main            d.u.i.k.p.r.p.TestFile    ... success: reloaded. 
66524      INFO  main            d.u.i.k.p.r.p.TestFile    Now processing file /home/runner/work/key/key/key.core/../key.ui/examples/heap/simple/loop1.key 
66524      INFO  main            d.u.i.k.p.i.AbstractProblemLoader Loading environment from /home/runner/work/key/key/key.core/../key.ui/examples/heap/simple/loop1.key 
66524      DEBUG main            d.u.i.k.p.i.AbstractProblemLoader Environment load took 258.8ns 
66526      INFO  main            d.u.i.k.p.i.AbstractProblemLoader Creating init config 
69313      DEBUG main            d.u.i.k.p.i.AbstractProblemLoader Init config took 2.79s 
69330      INFO  main            d.u.i.k.p.i.AbstractProblemLoader Replaying proof loop1.key 
69331      DEBUG main            d.u.i.k.p.i.IntermediateProofReplayer Proof replay took 7.4ns 
69534      INFO  main            d.u.i.k.p.r.p.TestFile    ... finished proof: closed. 
69722      INFO  main            d.u.i.k.p.i.AbstractProblemLoader Loading environment from /home/runner/work/key/key/key.core/../key.ui/examples/heap/simple/loop1.key.proof 
69722      DEBUG main            d.u.i.k.p.i.AbstractProblemLoader Environment load took 117.5ns 
69724      INFO  main            d.u.i.k.p.i.AbstractProblemLoader Creating init config 
72398      DEBUG main            d.u.i.k.p.i.AbstractProblemLoader Init config took 2.67s 
72415      INFO  main            d.u.i.k.p.i.AbstractProblemLoader Replaying proof loop1.key.proof 
72493      DEBUG main            d.u.i.k.p.i.IntermediateProofReplayer Proof replay took 75.35ms 
72495      DEBUG main            d.u.i.k.p.r.p.TestFile    ... success: reloaded. 
72496      INFO  main            d.u.i.k.p.r.p.TestFile    Now processing file /home/runner/work/key/key/key.core/../key.ui/examples/heap/simple/loop2.key 
72496      INFO  main            d.u.i.k.p.i.AbstractProblemLoader Loading environment from /home/runner/work/key/key/key.core/../key.ui/examples/heap/simple/loop2.key 
72496      DEBUG main            d.u.i.k.p.i.AbstractProblemLoader Environment load took 232.8ns 
72498      INFO  main            d.u.i.k.p.i.AbstractProblemLoader Creating init config 
75282      DEBUG main            d.u.i.k.p.i.AbstractProblemLoader Init config took 2.78s 
75302      INFO  main            d.u.i.k.p.i.AbstractProblemLoader Replaying proof loop2.key 
75304      DEBUG main            d.u.i.k.p.i.IntermediateProofReplayer Proof replay took 14.9ns 
75910      INFO  main            d.u.i.k.p.r.p.TestFile    ... finished proof: closed. 
76143      INFO  main            d.u.i.k.p.i.AbstractProblemLoader Loading environment from /home/runner/work/key/key/key.core/../key.ui/examples/heap/simple/loop2.key.proof 
76144      DEBUG main            d.u.i.k.p.i.AbstractProblemLoader Environment load took 560.91ns 
76145      INFO  main            d.u.i.k.p.i.AbstractProblemLoader Creating init config 
78889      DEBUG main            d.u.i.k.p.i.AbstractProblemLoader Init config took 2.74s 
78910      INFO  main            d.u.i.k.p.i.AbstractProblemLoader Replaying proof loop2.key.proof 
79065      DEBUG main            d.u.i.k.p.i.IntermediateProofReplayer Proof replay took 145.87ms 
79067      DEBUG main            d.u.i.k.p.r.p.TestFile    ... success: reloaded. 
79068      INFO  main            d.u.i.k.p.r.p.TestFile    Now processing file /home/runner/work/key/key/key.core/../key.ui/examples/heap/simple/modifies_datagroup.key 
79068      INFO  main            d.u.i.k.p.i.AbstractProblemLoader Loading environment from /home/runner/work/key/key/key.core/../key.ui/examples/heap/simple/modifies_datagroup.key 
79069      DEBUG main            d.u.i.k.p.i.AbstractProblemLoader Environment load took 296.4ns 
79070      INFO  main            d.u.i.k.p.i.AbstractProblemLoader Creating init config 
81566      DEBUG main            d.u.i.k.p.i.AbstractProblemLoader Init config took 2.5s 
81581      INFO  main            d.u.i.k.p.i.AbstractProblemLoader Replaying proof modifies_datagroup.key 
81583      DEBUG main            d.u.i.k.p.i.IntermediateProofReplayer Proof replay took 8ns 
81685      INFO  main            d.u.i.k.p.r.p.TestFile    ... finished proof: closed. 
81905      INFO  main            d.u.i.k.p.i.AbstractProblemLoader Loading environment from /home/runner/work/key/key/key.core/../key.ui/examples/heap/simple/modifies_datagroup.key.proof 
81905      DEBUG main            d.u.i.k.p.i.AbstractProblemLoader Environment load took 161.3ns 
81906      INFO  main            d.u.i.k.p.i.AbstractProblemLoader Creating init config 
84386      DEBUG main            d.u.i.k.p.i.AbstractProblemLoader Init config took 2.48s 
84404      INFO  main            d.u.i.k.p.i.AbstractProblemLoader Replaying proof modifies_datagroup.key.proof 
84409      DEBUG main            d.u.i.k.p.i.IntermediateProofReplayer Proof replay took 3.95ms 
84410      DEBUG main            d.u.i.k.p.r.p.TestFile    ... success: reloaded. 
84411      INFO  main            d.u.i.k.p.r.p.TestFile    Now processing file /home/runner/work/key/key/key.core/../key.ui/examples/heap/simple/modifies.key 
84411      INFO  main            d.u.i.k.p.i.AbstractProblemLoader Loading environment from /home/runner/work/key/key/key.core/../key.ui/examples/heap/simple/modifies.key 
84411      DEBUG main            d.u.i.k.p.i.AbstractProblemLoader Environment load took 101.3ns 
84413      INFO  main            d.u.i.k.p.i.AbstractProblemLoader Creating init config 
86883      DEBUG main            d.u.i.k.p.i.AbstractProblemLoader Init config took 2.47s 
86899      INFO  main            d.u.i.k.p.i.AbstractProblemLoader Replaying proof modifies.key 
86900      DEBUG main            d.u.i.k.p.i.IntermediateProofReplayer Proof replay took 7.2ns 
87002      INFO  main            d.u.i.k.p.r.p.TestFile    ... finished proof: closed. 
87216      INFO  main            d.u.i.k.p.i.AbstractProblemLoader Loading environment from /home/runner/work/key/key/key.core/../key.ui/examples/heap/simple/modifies.key.proof 
87216      DEBUG main            d.u.i.k.p.i.AbstractProblemLoader Environment load took 119ns 
87218      INFO  main            d.u.i.k.p.i.AbstractProblemLoader Creating init config 
89653      DEBUG main            d.u.i.k.p.i.AbstractProblemLoader Init config took 2.43s 
89668      INFO  main            d.u.i.k.p.i.AbstractProblemLoader Replaying proof modifies.key.proof 
89680      DEBUG main            d.u.i.k.p.i.IntermediateProofReplayer Proof replay took 10.89ms 
89681      DEBUG main            d.u.i.k.p.r.p.TestFile    ... success: reloaded. 
89685      INFO  main            d.u.i.k.p.r.p.TestFile    Now processing file /home/runner/work/key/key/key.core/../key.ui/examples/heap/simple/object_creation.key 
89685      INFO  main            d.u.i.k.p.i.AbstractProblemLoader Loading environment from /home/runner/work/key/key/key.core/../key.ui/examples/heap/simple/object_creation.key 
89685      DEBUG main            d.u.i.k.p.i.AbstractProblemLoader Environment load took 108.1ns 
89687      INFO  main            d.u.i.k.p.i.AbstractProblemLoader Creating init config 
92228      DEBUG main            d.u.i.k.p.i.AbstractProblemLoader Init config took 2.54s 
92244      INFO  main            d.u.i.k.p.i.AbstractProblemLoader Replaying proof object_creation.key 
92245      DEBUG main            d.u.i.k.p.i.IntermediateProofReplayer Proof replay took 6.8ns 
92455      INFO  main            d.u.i.k.p.r.p.TestFile    ... finished proof: closed. 
92674      INFO  main            d.u.i.k.p.i.AbstractProblemLoader Loading environment from /home/runner/work/key/key/key.core/../key.ui/examples/heap/simple/object_creation.key.proof 
92674      DEBUG main            d.u.i.k.p.i.AbstractProblemLoader Environment load took 124.5ns 
92675      INFO  main            d.u.i.k.p.i.AbstractProblemLoader Creating init config 
95112      DEBUG main            d.u.i.k.p.i.AbstractProblemLoader Init config took 2.44s 
95127      INFO  main            d.u.i.k.p.i.AbstractProblemLoader Replaying proof object_creation.key.proof 
95177      DEBUG main            d.u.i.k.p.i.IntermediateProofReplayer Proof replay took 46.62ms 
95178      DEBUG main            d.u.i.k.p.r.p.TestFile    ... success: reloaded. 
95179      INFO  main            d.u.i.k.p.r.p.TestFile    Now processing file /home/runner/work/key/key/key.core/../key.ui/examples/heap/simple/operation_contracts.key 
95180      INFO  main            d.u.i.k.p.i.AbstractProblemLoader Loading environment from /home/runner/work/key/key/key.core/../key.ui/examples/heap/simple/operation_contracts.key 
95180      DEBUG main            d.u.i.k.p.i.AbstractProblemLoader Environment load took 203ns 
95181      INFO  main            d.u.i.k.p.i.AbstractProblemLoader Creating init config 
97936      DEBUG main            d.u.i.k.p.i.AbstractProblemLoader Init config took 2.75s 
97952      INFO  main            d.u.i.k.p.i.AbstractProblemLoader Replaying proof operation_contracts.key 
97954      DEBUG main            d.u.i.k.p.i.IntermediateProofReplayer Proof replay took 7.1ns 
98761      INFO  main            d.u.i.k.p.r.p.TestFile    ... finished proof: closed. 
99046      INFO  main            d.u.i.k.p.i.AbstractProblemLoader Loading environment from /home/runner/work/key/key/key.core/../key.ui/examples/heap/simple/operation_contracts.key.proof 
99046      DEBUG main            d.u.i.k.p.i.AbstractProblemLoader Environment load took 847.51ns 
99049      INFO  main            d.u.i.k.p.i.AbstractProblemLoader Creating init config 
101761     DEBUG main            d.u.i.k.p.i.AbstractProblemLoader Init config took 2.71s 
101778     INFO  main            d.u.i.k.p.i.AbstractProblemLoader Replaying proof operation_contracts.key.proof 
101902     DEBUG main            d.u.i.k.p.i.IntermediateProofReplayer Proof replay took 113.36ms 
101904     DEBUG main            d.u.i.k.p.r.p.TestFile    ... success: reloaded. 
101906     INFO  main            d.u.i.k.p.r.p.TestFile    Now processing file /home/runner/work/key/key/key.core/../key.ui/examples/heap/simple/select_store.key 
101906     INFO  main            d.u.i.k.p.i.AbstractProblemLoader Loading environment from /home/runner/work/key/key/key.core/../key.ui/examples/heap/simple/select_store.key 
101906     DEBUG main            d.u.i.k.p.i.AbstractProblemLoader Environment load took 232.7ns 
101908     INFO  main            d.u.i.k.p.i.AbstractProblemLoader Creating init config 
104395     DEBUG main            d.u.i.k.p.i.AbstractProblemLoader Init config took 2.49s 
104410     INFO  main            d.u.i.k.p.i.AbstractProblemLoader Replaying proof select_store.key 
104411     DEBUG main            d.u.i.k.p.i.IntermediateProofReplayer Proof replay took 8.1ns 
104513     INFO  main            d.u.i.k.p.r.p.TestFile    ... finished proof: closed. 
104757     INFO  main            d.u.i.k.p.i.AbstractProblemLoader Loading environment from /home/runner/work/key/key/key.core/../key.ui/examples/heap/simple/select_store.key.proof 
104757     DEBUG main            d.u.i.k.p.i.AbstractProblemLoader Environment load took 140.5ns 
104758     INFO  main            d.u.i.k.p.i.AbstractProblemLoader Creating init config 
107202     DEBUG main            d.u.i.k.p.i.AbstractProblemLoader Init config took 2.44s 
107216     INFO  main            d.u.i.k.p.i.AbstractProblemLoader Replaying proof select_store.key.proof 
107219     DEBUG main            d.u.i.k.p.i.IntermediateProofReplayer Proof replay took 1.97ms 
107220     DEBUG main            d.u.i.k.p.r.p.TestFile    ... success: reloaded. 
107221     INFO  main            d.u.i.k.p.r.p.TestFile    Now processing file /home/runner/work/key/key/key.core/../key.ui/examples/heap/simple/selection_sort.key 
107221     INFO  main            d.u.i.k.p.i.AbstractProblemLoader Loading environment from /home/runner/work/key/key/key.core/../key.ui/examples/heap/simple/selection_sort.key 
107221     DEBUG main            d.u.i.k.p.i.AbstractProblemLoader Environment load took 77.1ns 
107223     INFO  main            d.u.i.k.p.i.AbstractProblemLoader Creating init config 
109970     DEBUG main            d.u.i.k.p.i.AbstractProblemLoader Init config took 2.75s 
109986     INFO  main            d.u.i.k.p.i.AbstractProblemLoader Replaying proof selection_sort.key 
109990     DEBUG main            d.u.i.k.p.i.IntermediateProofReplayer Proof replay took 7.8ns 
113764     INFO  main            d.u.i.k.p.r.p.TestFile    ... finished proof: closed. 
114053     INFO  main            d.u.i.k.p.i.AbstractProblemLoader Loading environment from /home/runner/work/key/key/key.core/../key.ui/examples/heap/simple/selection_sort.key.proof 
114054     DEBUG main            d.u.i.k.p.i.AbstractProblemLoader Environment load took 446ns 
114056     INFO  main            d.u.i.k.p.i.AbstractProblemLoader Creating init config 
116712     DEBUG main            d.u.i.k.p.i.AbstractProblemLoader Init config took 2.66s 
116727     INFO  main            d.u.i.k.p.i.AbstractProblemLoader Replaying proof selection_sort.key.proof 
117425     DEBUG main            d.u.i.k.p.i.IntermediateProofReplayer Proof replay took 666.32ms 
117427     DEBUG main            d.u.i.k.p.r.p.TestFile    ... success: reloaded. 
117429     INFO  main            d.u.i.k.p.r.p.TestFile    Now processing file /home/runner/work/key/key/key.core/../key.ui/examples/heap/simple/seq.key 
117429     INFO  main            d.u.i.k.p.i.AbstractProblemLoader Loading environment from /home/runner/work/key/key/key.core/../key.ui/examples/heap/simple/seq.key 
117429     DEBUG main            d.u.i.k.p.i.AbstractProblemLoader Environment load took 206.3ns 
117431     INFO  main            d.u.i.k.p.i.AbstractProblemLoader Creating init config 
119970     DEBUG main            d.u.i.k.p.i.AbstractProblemLoader Init config took 2.54s 
119985     INFO  main            d.u.i.k.p.i.AbstractProblemLoader Replaying proof seq.key 
119986     DEBUG main            d.u.i.k.p.i.IntermediateProofReplayer Proof replay took 6.1ns 
120389     INFO  main            d.u.i.k.p.r.p.TestFile    ... finished proof: closed. 
120694     INFO  main            d.u.i.k.p.i.AbstractProblemLoader Loading environment from /home/runner/work/key/key/key.core/../key.ui/examples/heap/simple/seq.key.proof 
120695     DEBUG main            d.u.i.k.p.i.AbstractProblemLoader Environment load took 447.21ns 
120697     INFO  main            d.u.i.k.p.i.AbstractProblemLoader Creating init config 
123102     DEBUG main            d.u.i.k.p.i.AbstractProblemLoader Init config took 2.41s 
123117     INFO  main            d.u.i.k.p.i.AbstractProblemLoader Replaying proof seq.key.proof 
123172     DEBUG main            d.u.i.k.p.i.IntermediateProofReplayer Proof replay took 49.17ms 
123173     DEBUG main            d.u.i.k.p.r.p.TestFile    ... success: reloaded. 
123175     INFO  main            d.u.i.k.p.r.p.TestFile    Now processing file /home/runner/work/key/key/key.core/../key.ui/examples/heap/simple/oldForParams.key 
123175     INFO  main            d.u.i.k.p.i.AbstractProblemLoader Loading environment from /home/runner/work/key/key/key.core/../key.ui/examples/heap/simple/oldForParams.key 
123175     DEBUG main            d.u.i.k.p.i.AbstractProblemLoader Environment load took 94.7ns 
123176     INFO  main            d.u.i.k.p.i.AbstractProblemLoader Creating init config 
125873     DEBUG main            d.u.i.k.p.i.AbstractProblemLoader Init config took 2.7s 
125941     INFO  main            d.u.i.k.p.i.AbstractProblemLoader Replaying proof OldForParameters[OldForParameters::method(int)].JML operation contract.0 
125943     DEBUG main            d.u.i.k.p.i.IntermediateProofReplayer Proof replay took 7.3ns 
126147     INFO  main            d.u.i.k.p.r.p.TestFile    ... finished proof: closed. 
126412     INFO  main            d.u.i.k.p.i.AbstractProblemLoader Loading environment from /home/runner/work/key/key/key.core/../key.ui/examples/heap/simple/oldForParams.key.proof 
126412     DEBUG main            d.u.i.k.p.i.AbstractProblemLoader Environment load took 109.9ns 
126414     INFO  main            d.u.i.k.p.i.AbstractProblemLoader Creating init config 
129063     DEBUG main            d.u.i.k.p.i.AbstractProblemLoader Init config took 2.65s 
129103     INFO  main            d.u.i.k.p.i.AbstractProblemLoader Replaying proof OldForParameters[OldForParameters::method(int)].JML operation contract.0 
129150     DEBUG main            d.u.i.k.p.i.IntermediateProofReplayer Proof replay took 44.1ms 
129151     DEBUG main            d.u.i.k.p.r.p.TestFile    ... success: reloaded. 
129152     INFO  main            d.u.i.k.p.r.p.TestFile    Now processing file /home/runner/work/key/key/key.core/../key.ui/examples/heap/simple/parse_lmtd.key 
129152     INFO  main            d.u.i.k.p.i.AbstractProblemLoader Loading environment from /home/runner/work/key/key/key.core/../key.ui/examples/heap/simple/parse_lmtd.key 
129152     DEBUG main            d.u.i.k.p.i.AbstractProblemLoader Environment load took 94.6ns 
129153     INFO  main            d.u.i.k.p.i.AbstractProblemLoader Creating init config 
131873     DEBUG main            d.u.i.k.p.i.AbstractProblemLoader Init config took 2.72s 
131913     INFO  main            d.u.i.k.p.i.AbstractProblemLoader Replaying proof ParseLmtd[ParseLmtd::simple(int)].JML normal_behavior operation contract.0 
131914     DEBUG main            d.u.i.k.p.i.IntermediateProofReplayer Proof replay took 6.3ns 
132118     INFO  main            d.u.i.k.p.r.p.TestFile    ... finished proof: closed. 
132417     INFO  main            d.u.i.k.p.i.AbstractProblemLoader Loading environment from /home/runner/work/key/key/key.core/../key.ui/examples/heap/simple/parse_lmtd.key.proof 
132417     DEBUG main            d.u.i.k.p.i.AbstractProblemLoader Environment load took 111.3ns 
132418     INFO  main            d.u.i.k.p.i.AbstractProblemLoader Creating init config 
135050     DEBUG main            d.u.i.k.p.i.AbstractProblemLoader Init config took 2.63s 
135092     INFO  main            d.u.i.k.p.i.AbstractProblemLoader Replaying proof ParseLmtd[ParseLmtd::simple(int)].JML normal_behavior operation contract.0 
135118     DEBUG main            d.u.i.k.p.i.IntermediateProofReplayer Proof replay took 23.2ms 
135119     DEBUG main            d.u.i.k.p.r.p.TestFile    ... success: reloaded. 
135120     INFO  main            d.u.i.k.p.r.p.TestFile    Now processing file /home/runner/work/key/key/key.core/../key.ui/examples/heap/strictly_pure/strictlyPureMethod.key 
135120     INFO  main            d.u.i.k.p.i.AbstractProblemLoader Loading environment from /home/runner/work/key/key/key.core/../key.ui/examples/heap/strictly_pure/strictlyPureMethod.key 
135120     DEBUG main            d.u.i.k.p.i.AbstractProblemLoader Environment load took 202.6ns 
135121     INFO  main            d.u.i.k.p.i.AbstractProblemLoader Creating init config 
137703     DEBUG main            d.u.i.k.p.i.AbstractProblemLoader Init config took 2.58s 
137741     INFO  main            d.u.i.k.p.i.AbstractProblemLoader Replaying proof StrictlyPure[StrictlyPure::strictlyPureMethod()].JML operation contract.0 
137748     DEBUG main            d.u.i.k.p.i.IntermediateProofReplayer Proof replay took 6ns 
137954     INFO  main            d.u.i.k.p.r.p.TestFile    ... finished proof: closed. 
138221     INFO  main            d.u.i.k.p.i.AbstractProblemLoader Loading environment from /home/runner/work/key/key/key.core/../key.ui/examples/heap/strictly_pure/strictlyPureMethod.key.proof 
138221     DEBUG main            d.u.i.k.p.i.AbstractProblemLoader Environment load took 107.7ns 
138222     INFO  main            d.u.i.k.p.i.AbstractProblemLoader Creating init config 
140703     DEBUG main            d.u.i.k.p.i.AbstractProblemLoader Init config took 2.48s 
140740     INFO  main            d.u.i.k.p.i.AbstractProblemLoader Replaying proof StrictlyPure[StrictlyPure::strictlyPureMethod()].JML operation contract.0 
140791     DEBUG main            d.u.i.k.p.i.IntermediateProofReplayer Proof replay took 48.61ms 
140793     DEBUG main            d.u.i.k.p.r.p.TestFile    ... success: reloaded. 
140794     INFO  main            d.u.i.k.p.r.p.TestFile    Now processing file /home/runner/work/key/key/key.core/../key.ui/examples/heap/strictly_pure/useStrictlyPureMethod.key 
140794     INFO  main            d.u.i.k.p.i.AbstractProblemLoader Loading environment from /home/runner/work/key/key/key.core/../key.ui/examples/heap/strictly_pure/useStrictlyPureMethod.key 
140795     DEBUG main            d.u.i.k.p.i.AbstractProblemLoader Environment load took 202.5ns 
140796     INFO  main            d.u.i.k.p.i.AbstractProblemLoader Creating init config 
143359     DEBUG main            d.u.i.k.p.i.AbstractProblemLoader Init config took 2.56s 
143394     INFO  main            d.u.i.k.p.i.AbstractProblemLoader Replaying proof StrictlyPure[StrictlyPure::useStrictlyPureMethod(StrictlyPureClass)].JML operation contract.0 
143395     DEBUG main            d.u.i.k.p.i.IntermediateProofReplayer Proof replay took 6.9ns 
143598     INFO  main            d.u.i.k.p.r.p.TestFile    ... finished proof: closed. 
143863     INFO  main            d.u.i.k.p.i.AbstractProblemLoader Loading environment from /home/runner/work/key/key/key.core/../key.ui/examples/heap/strictly_pure/useStrictlyPureMethod.key.proof 
143863     DEBUG main            d.u.i.k.p.i.AbstractProblemLoader Environment load took 119.1ns 
143864     INFO  main            d.u.i.k.p.i.AbstractProblemLoader Creating init config 
146352     DEBUG main            d.u.i.k.p.i.AbstractProblemLoader Init config took 2.49s 
146395     INFO  main            d.u.i.k.p.i.AbstractProblemLoader Replaying proof StrictlyPure[StrictlyPure::useStrictlyPureMethod(StrictlyPureClass)].JML operation contract.0 
146454     DEBUG main            d.u.i.k.p.i.IntermediateProofReplayer Proof replay took 56.15ms 
146455     DEBUG main            d.u.i.k.p.r.p.TestFile    ... success: reloaded. 
146456     INFO  main            d.u.i.k.p.r.p.TestFile    Now processing file /home/runner/work/key/key/key.core/../key.ui/examples/heap/Wellfounded/ackermann.key 
146457     INFO  main            d.u.i.k.p.i.AbstractProblemLoader Loading environment from /home/runner/work/key/key/key.core/../key.ui/examples/heap/Wellfounded/ackermann.key 
146457     DEBUG main            d.u.i.k.p.i.AbstractProblemLoader Environment load took 116.3ns 
146457     INFO  main            d.u.i.k.p.i.AbstractProblemLoader Creating init config 
149057     DEBUG main            d.u.i.k.p.i.AbstractProblemLoader Init config took 2.6s 
149093     INFO  main            d.u.i.k.p.i.AbstractProblemLoader Replaying proof Ackermann[Ackermann::a(int,int)].JML normal_behavior operation contract.0 
149096     DEBUG main            d.u.i.k.p.i.IntermediateProofReplayer Proof replay took 7.5ns 
149399     INFO  main            d.u.i.k.p.r.p.TestFile    ... finished proof: closed. 
149695     INFO  main            d.u.i.k.p.i.AbstractProblemLoader Loading environment from /home/runner/work/key/key/key.core/../key.ui/examples/heap/Wellfounded/ackermann.key.proof 
149695     DEBUG main            d.u.i.k.p.i.AbstractProblemLoader Environment load took 112.9ns 
149696     INFO  main            d.u.i.k.p.i.AbstractProblemLoader Creating init config 
152228     DEBUG main            d.u.i.k.p.i.AbstractProblemLoader Init config took 2.53s 
152263     INFO  main            d.u.i.k.p.i.AbstractProblemLoader Replaying proof Ackermann[Ackermann::a(int,int)].JML normal_behavior operation contract.0 
152330     DEBUG main            d.u.i.k.p.i.IntermediateProofReplayer Proof replay took 63.46ms 
152331     DEBUG main            d.u.i.k.p.r.p.TestFile    ... success: reloaded. 
152332     INFO  main            d.u.i.k.p.r.p.TestFile    Now processing file /home/runner/work/key/key/key.core/../key.ui/examples/standard_key/unicode_test.key 
152332     INFO  main            d.u.i.k.p.i.AbstractProblemLoader Loading environment from /home/runner/work/key/key/key.core/../key.ui/examples/standard_key/unicode_test.key 
152332     DEBUG main            d.u.i.k.p.i.AbstractProblemLoader Environment load took 97.9ns 
152334     INFO  main            d.u.i.k.p.i.AbstractProblemLoader Creating init config 
154867     DEBUG main            d.u.i.k.p.i.AbstractProblemLoader Init config took 2.53s 
154882     INFO  main            d.u.i.k.p.i.AbstractProblemLoader Replaying proof unicode_test.key 
154883     DEBUG main            d.u.i.k.p.i.IntermediateProofReplayer Proof replay took 6.9ns 
154985     INFO  main            d.u.i.k.p.r.p.TestFile    ... finished proof: closed. 
155255     INFO  main            d.u.i.k.p.i.AbstractProblemLoader Loading environment from /home/runner/work/key/key/key.core/../key.ui/examples/standard_key/unicode_test.key.proof 
155255     DEBUG main            d.u.i.k.p.i.AbstractProblemLoader Environment load took 110.2ns 
155261     INFO  main            d.u.i.k.p.i.AbstractProblemLoader Creating init config 
157669     DEBUG main            d.u.i.k.p.i.AbstractProblemLoader Init config took 2.41s 
157684     INFO  main            d.u.i.k.p.i.AbstractProblemLoader Replaying proof unicode_test.key.proof 
157686     DEBUG main            d.u.i.k.p.i.IntermediateProofReplayer Proof replay took 465.7ns 
157687     DEBUG main            d.u.i.k.p.r.p.TestFile    ... success: reloaded. 
157688     INFO  main            d.u.i.k.p.r.p.TestFile    Now processing file /home/runner/work/key/key/key.core/../key.ui/examples/heap/strictlyModular/mayExpand.key 
157688     INFO  main            d.u.i.k.p.i.AbstractProblemLoader Loading environment from /home/runner/work/key/key/key.core/../key.ui/examples/heap/strictlyModular/mayExpand.key 
157688     DEBUG main            d.u.i.k.p.i.AbstractProblemLoader Environment load took 316ns 
157689     INFO  main            d.u.i.k.p.i.AbstractProblemLoader Creating init config 
160213     DEBUG main            d.u.i.k.p.i.AbstractProblemLoader Init config took 2.52s 
160248     INFO  main            d.u.i.k.p.i.AbstractProblemLoader Replaying proof Modular[Modular::m()].JML operation contract.0 
160249     DEBUG main            d.u.i.k.p.i.IntermediateProofReplayer Proof replay took 6.2ns 
160354     INFO  main            d.u.i.k.p.r.p.TestFile    ... finished proof: closed. 
160630     INFO  main            d.u.i.k.p.i.AbstractProblemLoader Loading environment from /home/runner/work/key/key/key.core/../key.ui/examples/heap/strictlyModular/mayExpand.key.proof 
160630     DEBUG main            d.u.i.k.p.i.AbstractProblemLoader Environment load took 112.9ns 
160631     INFO  main            d.u.i.k.p.i.AbstractProblemLoader Creating init config 
163109     DEBUG main            d.u.i.k.p.i.AbstractProblemLoader Init config took 2.48s 
163145     INFO  main            d.u.i.k.p.i.AbstractProblemLoader Replaying proof Modular[Modular::m()].JML operation contract.0 
163162     DEBUG main            d.u.i.k.p.i.IntermediateProofReplayer Proof replay took 15.09ms 
163163     DEBUG main            d.u.i.k.p.r.p.TestFile    ... success: reloaded. 
163163     INFO  main            d.u.i.k.p.r.p.TestFile    Now processing file /home/runner/work/key/key/key.core/../key.ui/examples/heap/strictlyModular/modularOnly.key 
163164     INFO  main            d.u.i.k.p.i.AbstractProblemLoader Loading environment from /home/runner/work/key/key/key.core/../key.ui/examples/heap/strictlyModular/modularOnly.key 
163164     DEBUG main            d.u.i.k.p.i.AbstractProblemLoader Environment load took 90.3ns 
163165     INFO  main            d.u.i.k.p.i.AbstractProblemLoader Creating init config 
165681     DEBUG main            d.u.i.k.p.i.AbstractProblemLoader Init config took 2.52s 
165716     INFO  main            d.u.i.k.p.i.AbstractProblemLoader Replaying proof Modular[Modular::m()].JML operation contract.0 
165717     DEBUG main            d.u.i.k.p.i.IntermediateProofReplayer Proof replay took 7.2ns 
165820     INFO  main            d.u.i.k.p.r.p.TestFile    ... finished proof: open goal(s) 
1920118    INFO  Test worker     d.u.i.k.p.r.RunAllProofsTestUnit Returning from test simpleTests 
1920119    INFO  Test worker     d.u.i.k.p.r.RunAllProofsTestUnit Running test SmansEtAl 
330        INFO  Timeout watchdog d.u.i.k.p.r.p.ForkedTestFileRunner Timeout watcher launched (2000 secs.) 
342        WARN  main            d.u.i.k.s.ProofSettings   The settings in /home/runner/.key/proof-settings.props are *not* read. 
383        INFO  main            d.u.i.k.p.r.p.TestFile    Now processing file /home/runner/work/key/key/key.core/../key.ui/examples/heap/SmansEtAl/ArrayList_add.key 
493        INFO  main            d.u.i.k.p.i.AbstractProblemLoader Loading environment from /home/runner/work/key/key/key.core/../key.ui/examples/heap/SmansEtAl/ArrayList_add.key 
521        DEBUG main            d.u.i.k.p.i.AbstractProblemLoader Environment load took 2.4ms 
748        INFO  main            d.u.i.k.p.i.AbstractProblemLoader Creating init config 
1671       DEBUG main            d.u.i.k.j.TypeConverter   No LDT found for Meta 
1675       DEBUG main            d.u.i.k.j.TypeConverter   No LDT found for Meta 
1678       DEBUG main            d.u.i.k.j.TypeConverter   No LDT found for Meta 
1678       DEBUG main            d.u.i.k.j.TypeConverter   No LDT found for Meta 
3181       DEBUG main            d.u.i.k.j.TypeConverter   No LDT found for JavaBigintExpression 
8267       DEBUG main            d.u.i.k.p.i.AbstractProblemLoader Init config took 7.52s 
8446       INFO  main            d.u.i.k.p.i.AbstractProblemLoader Replaying proof ArrayList[ArrayList::add(java.lang.Object)].JML normal_behavior operation contract.0 
8483       DEBUG main            d.u.i.k.p.i.IntermediateProofReplayer Proof replay took 32.7ns 
15953      INFO  main            d.u.i.k.p.r.p.TestFile    ... finished proof: closed. 
16220      INFO  main            d.u.i.k.p.i.AbstractProblemLoader Loading environment from /home/runner/work/key/key/key.core/../key.ui/examples/heap/SmansEtAl/ArrayList_add.key.proof 
16221      DEBUG main            d.u.i.k.p.i.AbstractProblemLoader Environment load took 866.31ns 
16229      INFO  main            d.u.i.k.p.i.AbstractProblemLoader Creating init config 
19270      DEBUG main            d.u.i.k.p.i.AbstractProblemLoader Init config took 3.04s 
19330      INFO  main            d.u.i.k.p.i.AbstractProblemLoader Replaying proof ArrayList[ArrayList::add(java.lang.Object)].JML normal_behavior operation contract.0 
20524      DEBUG main            d.u.i.k.p.i.IntermediateProofReplayer Proof replay took 1.16s 
20537      DEBUG main            d.u.i.k.p.r.p.TestFile    ... success: reloaded. 
20542      INFO  main            d.u.i.k.p.r.p.TestFile    Now processing file /home/runner/work/key/key/key.core/../key.ui/examples/heap/SmansEtAl/ArrayList_ArrayList.key 
20542      INFO  main            d.u.i.k.p.i.AbstractProblemLoader Loading environment from /home/runner/work/key/key/key.core/../key.ui/examples/heap/SmansEtAl/ArrayList_ArrayList.key 
20542      DEBUG main            d.u.i.k.p.i.AbstractProblemLoader Environment load took 247.3ns 
20546      INFO  main            d.u.i.k.p.i.AbstractProblemLoader Creating init config 
23434      DEBUG main            d.u.i.k.p.i.AbstractProblemLoader Init config took 2.89s 
23508      INFO  main            d.u.i.k.p.i.AbstractProblemLoader Replaying proof ArrayList[ArrayList::ArrayList()].JML normal_behavior operation contract.0 
23511      DEBUG main            d.u.i.k.p.i.IntermediateProofReplayer Proof replay took 6.5ns 
24418      INFO  main            d.u.i.k.p.r.p.TestFile    ... finished proof: closed. 
24596      INFO  main            d.u.i.k.p.i.AbstractProblemLoader Loading environment from /home/runner/work/key/key/key.core/../key.ui/examples/heap/SmansEtAl/ArrayList_ArrayList.key.proof 
24596      DEBUG main            d.u.i.k.p.i.AbstractProblemLoader Environment load took 454.41ns 
24601      INFO  main            d.u.i.k.p.i.AbstractProblemLoader Creating init config 
27437      DEBUG main            d.u.i.k.p.i.AbstractProblemLoader Init config took 2.84s 
27512      INFO  main            d.u.i.k.p.i.AbstractProblemLoader Replaying proof ArrayList[ArrayList::ArrayList()].JML normal_behavior operation contract.0 
27685      DEBUG main            d.u.i.k.p.i.IntermediateProofReplayer Proof replay took 158.74ms 
27687      DEBUG main            d.u.i.k.p.r.p.TestFile    ... success: reloaded. 
27690      INFO  main            d.u.i.k.p.r.p.TestFile    Now processing file /home/runner/work/key/key/key.core/../key.ui/examples/heap/SmansEtAl/ArrayList_footprint.key 
27690      INFO  main            d.u.i.k.p.i.AbstractProblemLoader Loading environment from /home/runner/work/key/key/key.core/../key.ui/examples/heap/SmansEtAl/ArrayList_footprint.key 
27690      DEBUG main            d.u.i.k.p.i.AbstractProblemLoader Environment load took 120ns 
27692      INFO  main            d.u.i.k.p.i.AbstractProblemLoader Creating init config 
30591      DEBUG main            d.u.i.k.p.i.AbstractProblemLoader Init config took 2.9s 
30640      INFO  main            d.u.i.k.p.i.AbstractProblemLoader Replaying proof ArrayList[ArrayList::$footprint()].JML accessible clause.0 
30642      DEBUG main            d.u.i.k.p.i.IntermediateProofReplayer Proof replay took 6.7ns 
30746      INFO  main            d.u.i.k.p.r.p.TestFile    ... finished proof: closed. 
30893      INFO  main            d.u.i.k.p.i.AbstractProblemLoader Loading environment from /home/runner/work/key/key/key.core/../key.ui/examples/heap/SmansEtAl/ArrayList_footprint.key.proof 
30893      DEBUG main            d.u.i.k.p.i.AbstractProblemLoader Environment load took 135.3ns 
30894      INFO  main            d.u.i.k.p.i.AbstractProblemLoader Creating init config 
33632      DEBUG main            d.u.i.k.p.i.AbstractProblemLoader Init config took 2.74s 
33683      INFO  main            d.u.i.k.p.i.AbstractProblemLoader Replaying proof ArrayList[ArrayList::$footprint()].JML accessible clause.0 
33695      DEBUG main            d.u.i.k.p.i.IntermediateProofReplayer Proof replay took 9.48ms 
33696      DEBUG main            d.u.i.k.p.r.p.TestFile    ... success: reloaded. 
33698      INFO  main            d.u.i.k.p.r.p.TestFile    Now processing file /home/runner/work/key/key/key.core/../key.ui/examples/heap/SmansEtAl/ArrayList_get_dep.key 
33698      INFO  main            d.u.i.k.p.i.AbstractProblemLoader Loading environment from /home/runner/work/key/key/key.core/../key.ui/examples/heap/SmansEtAl/ArrayList_get_dep.key 
33698      DEBUG main            d.u.i.k.p.i.AbstractProblemLoader Environment load took 281.8ns 
33699      INFO  main            d.u.i.k.p.i.AbstractProblemLoader Creating init config 
36582      DEBUG main            d.u.i.k.p.i.AbstractProblemLoader Init config took 2.88s 
36633      INFO  main            d.u.i.k.p.i.AbstractProblemLoader Replaying proof ArrayList[ArrayList::get(int)].JML accessible clause.0 
36636      DEBUG main            d.u.i.k.p.i.IntermediateProofReplayer Proof replay took 7.6ns 
36939      INFO  main            d.u.i.k.p.r.p.TestFile    ... finished proof: closed. 
37115      INFO  main            d.u.i.k.p.i.AbstractProblemLoader Loading environment from /home/runner/work/key/key/key.core/../key.ui/examples/heap/SmansEtAl/ArrayList_get_dep.key.proof 
37116      DEBUG main            d.u.i.k.p.i.AbstractProblemLoader Environment load took 552.61ns 
37117      INFO  main            d.u.i.k.p.i.AbstractProblemLoader Creating init config 
39863      DEBUG main            d.u.i.k.p.i.AbstractProblemLoader Init config took 2.75s 
39907      INFO  main            d.u.i.k.p.i.AbstractProblemLoader Replaying proof ArrayList[ArrayList::get(int)].JML accessible clause.0 
39965      DEBUG main            d.u.i.k.p.i.IntermediateProofReplayer Proof replay took 54.08ms 
39966      DEBUG main            d.u.i.k.p.r.p.TestFile    ... success: reloaded. 
39968      INFO  main            d.u.i.k.p.r.p.TestFile    Now processing file /home/runner/work/key/key/key.core/../key.ui/examples/heap/SmansEtAl/ArrayList_get.key 
39968      INFO  main            d.u.i.k.p.i.AbstractProblemLoader Loading environment from /home/runner/work/key/key/key.core/../key.ui/examples/heap/SmansEtAl/ArrayList_get.key 
39968      DEBUG main            d.u.i.k.p.i.AbstractProblemLoader Environment load took 224.4ns 
39969      INFO  main            d.u.i.k.p.i.AbstractProblemLoader Creating init config 
42770      DEBUG main            d.u.i.k.p.i.AbstractProblemLoader Init config took 2.8s 
42813      INFO  main            d.u.i.k.p.i.AbstractProblemLoader Replaying proof ArrayList[ArrayList::get(int)].JML normal_behavior operation contract.0 
42815      DEBUG main            d.u.i.k.p.i.IntermediateProofReplayer Proof replay took 5.8ns 
43017      INFO  main            d.u.i.k.p.r.p.TestFile    ... finished proof: closed. 
43232      INFO  main            d.u.i.k.p.i.AbstractProblemLoader Loading environment from /home/runner/work/key/key/key.core/../key.ui/examples/heap/SmansEtAl/ArrayList_get.key.proof 
43232      DEBUG main            d.u.i.k.p.i.AbstractProblemLoader Environment load took 131ns 
43233      INFO  main            d.u.i.k.p.i.AbstractProblemLoader Creating init config 
45947      DEBUG main            d.u.i.k.p.i.AbstractProblemLoader Init config took 2.71s 
45997      INFO  main            d.u.i.k.p.i.AbstractProblemLoader Replaying proof ArrayList[ArrayList::get(int)].JML normal_behavior operation contract.0 
46030      DEBUG main            d.u.i.k.p.i.IntermediateProofReplayer Proof replay took 29.95ms 
46032      DEBUG main            d.u.i.k.p.r.p.TestFile    ... success: reloaded. 
46033      INFO  main            d.u.i.k.p.r.p.TestFile    Now processing file /home/runner/work/key/key/key.core/../key.ui/examples/heap/SmansEtAl/ArrayList_inv.key 
46033      INFO  main            d.u.i.k.p.i.AbstractProblemLoader Loading environment from /home/runner/work/key/key/key.core/../key.ui/examples/heap/SmansEtAl/ArrayList_inv.key 
46034      DEBUG main            d.u.i.k.p.i.AbstractProblemLoader Environment load took 227.9ns 
46035      INFO  main            d.u.i.k.p.i.AbstractProblemLoader Creating init config 
48801      DEBUG main            d.u.i.k.p.i.AbstractProblemLoader Init config took 2.77s 
48843      INFO  main            d.u.i.k.p.i.AbstractProblemLoader Replaying proof ArrayList[java.lang.Object::<inv>()].JML accessible clause.0 
48845      DEBUG main            d.u.i.k.p.i.IntermediateProofReplayer Proof replay took 7.1ns 
48950      INFO  main            d.u.i.k.p.r.p.TestFile    ... finished proof: closed. 
49124      INFO  main            d.u.i.k.p.i.AbstractProblemLoader Loading environment from /home/runner/work/key/key/key.core/../key.ui/examples/heap/SmansEtAl/ArrayList_inv.key.proof 
49124      DEBUG main            d.u.i.k.p.i.AbstractProblemLoader Environment load took 126.6ns 
49126      INFO  main            d.u.i.k.p.i.AbstractProblemLoader Creating init config 
51856      DEBUG main            d.u.i.k.p.i.AbstractProblemLoader Init config took 2.73s 
51904      INFO  main            d.u.i.k.p.i.AbstractProblemLoader Replaying proof ArrayList[java.lang.Object::<inv>()].JML accessible clause.0 
51918      DEBUG main            d.u.i.k.p.i.IntermediateProofReplayer Proof replay took 10.02ms 
51919      DEBUG main            d.u.i.k.p.r.p.TestFile    ... success: reloaded. 
51920      INFO  main            d.u.i.k.p.r.p.TestFile    Now processing file /home/runner/work/key/key/key.core/../key.ui/examples/heap/SmansEtAl/ArrayList_size_dep.key 
51921      INFO  main            d.u.i.k.p.i.AbstractProblemLoader Loading environment from /home/runner/work/key/key/key.core/../key.ui/examples/heap/SmansEtAl/ArrayList_size_dep.key 
51921      DEBUG main            d.u.i.k.p.i.AbstractProblemLoader Environment load took 110.1ns 
51922      INFO  main            d.u.i.k.p.i.AbstractProblemLoader Creating init config 
54676      DEBUG main            d.u.i.k.p.i.AbstractProblemLoader Init config took 2.75s 
54733      INFO  main            d.u.i.k.p.i.AbstractProblemLoader Replaying proof ArrayList[ArrayList::size()].JML accessible clause.0 
54735      DEBUG main            d.u.i.k.p.i.IntermediateProofReplayer Proof replay took 6.9ns 
54837      INFO  main            d.u.i.k.p.r.p.TestFile    ... finished proof: closed. 
55018      INFO  main            d.u.i.k.p.i.AbstractProblemLoader Loading environment from /home/runner/work/key/key/key.core/../key.ui/examples/heap/SmansEtAl/ArrayList_size_dep.key.proof 
55018      DEBUG main            d.u.i.k.p.i.AbstractProblemLoader Environment load took 152.5ns 
55019      INFO  main            d.u.i.k.p.i.AbstractProblemLoader Creating init config 
57735      DEBUG main            d.u.i.k.p.i.AbstractProblemLoader Init config took 2.72s 
57780      INFO  main            d.u.i.k.p.i.AbstractProblemLoader Replaying proof ArrayList[ArrayList::size()].JML accessible clause.0 
57799      DEBUG main            d.u.i.k.p.i.IntermediateProofReplayer Proof replay took 15.3ms 
57800      DEBUG main            d.u.i.k.p.r.p.TestFile    ... success: reloaded. 
57801      INFO  main            d.u.i.k.p.r.p.TestFile    Now processing file /home/runner/work/key/key/key.core/../key.ui/examples/heap/SmansEtAl/ArrayList_size.key 
57802      INFO  main            d.u.i.k.p.i.AbstractProblemLoader Loading environment from /home/runner/work/key/key/key.core/../key.ui/examples/heap/SmansEtAl/ArrayList_size.key 
57802      DEBUG main            d.u.i.k.p.i.AbstractProblemLoader Environment load took 239.6ns 
57803      INFO  main            d.u.i.k.p.i.AbstractProblemLoader Creating init config 
60558      DEBUG main            d.u.i.k.p.i.AbstractProblemLoader Init config took 2.76s 
60597      INFO  main            d.u.i.k.p.i.AbstractProblemLoader Replaying proof ArrayList[ArrayList::size()].JML normal_behavior operation contract.0 
60599      DEBUG main            d.u.i.k.p.i.IntermediateProofReplayer Proof replay took 6.5ns 
60703      INFO  main            d.u.i.k.p.r.p.TestFile    ... finished proof: closed. 
60882      INFO  main            d.u.i.k.p.i.AbstractProblemLoader Loading environment from /home/runner/work/key/key/key.core/../key.ui/examples/heap/SmansEtAl/ArrayList_size.key.proof 
60882      DEBUG main            d.u.i.k.p.i.AbstractProblemLoader Environment load took 125.3ns 
60883      INFO  main            d.u.i.k.p.i.AbstractProblemLoader Creating init config 
63581      DEBUG main            d.u.i.k.p.i.AbstractProblemLoader Init config took 2.7s 
63623      INFO  main            d.u.i.k.p.i.AbstractProblemLoader Replaying proof ArrayList[ArrayList::size()].JML normal_behavior operation contract.0 
63639      DEBUG main            d.u.i.k.p.i.IntermediateProofReplayer Proof replay took 13.44ms 
63640      DEBUG main            d.u.i.k.p.r.p.TestFile    ... success: reloaded. 
63641      INFO  main            d.u.i.k.p.r.p.TestFile    Now processing file /home/runner/work/key/key/key.core/../key.ui/examples/heap/SmansEtAl/Cell_Cell.key 
63641      INFO  main            d.u.i.k.p.i.AbstractProblemLoader Loading environment from /home/runner/work/key/key/key.core/../key.ui/examples/heap/SmansEtAl/Cell_Cell.key 
63641      DEBUG main            d.u.i.k.p.i.AbstractProblemLoader Environment load took 82.7ns 
63642      INFO  main            d.u.i.k.p.i.AbstractProblemLoader Creating init config 
66408      DEBUG main            d.u.i.k.p.i.AbstractProblemLoader Init config took 2.77s 
66445      INFO  main            d.u.i.k.p.i.AbstractProblemLoader Replaying proof Cell[Cell::Cell()].JML normal_behavior operation contract.0 
66447      DEBUG main            d.u.i.k.p.i.IntermediateProofReplayer Proof replay took 6.8ns 
66650      INFO  main            d.u.i.k.p.r.p.TestFile    ... finished proof: closed. 
66881      INFO  main            d.u.i.k.p.i.AbstractProblemLoader Loading environment from /home/runner/work/key/key/key.core/../key.ui/examples/heap/SmansEtAl/Cell_Cell.key.proof 
66881      DEBUG main            d.u.i.k.p.i.AbstractProblemLoader Environment load took 131ns 
66882      INFO  main            d.u.i.k.p.i.AbstractProblemLoader Creating init config 
69572      DEBUG main            d.u.i.k.p.i.AbstractProblemLoader Init config took 2.69s 
69609      INFO  main            d.u.i.k.p.i.AbstractProblemLoader Replaying proof Cell[Cell::Cell()].JML normal_behavior operation contract.0 
69651      DEBUG main            d.u.i.k.p.i.IntermediateProofReplayer Proof replay took 39ms 
69652      DEBUG main            d.u.i.k.p.r.p.TestFile    ... success: reloaded. 
69653      INFO  main            d.u.i.k.p.r.p.TestFile    Now processing file /home/runner/work/key/key/key.core/../key.ui/examples/heap/SmansEtAl/Cell_footprint.key 
69653      INFO  main            d.u.i.k.p.i.AbstractProblemLoader Loading environment from /home/runner/work/key/key/key.core/../key.ui/examples/heap/SmansEtAl/Cell_footprint.key 
69653      DEBUG main            d.u.i.k.p.i.AbstractProblemLoader Environment load took 104.3ns 
69654      INFO  main            d.u.i.k.p.i.AbstractProblemLoader Creating init config 
72428      DEBUG main            d.u.i.k.p.i.AbstractProblemLoader Init config took 2.77s 
72464      INFO  main            d.u.i.k.p.i.AbstractProblemLoader Replaying proof Cell[Cell::$footprint()].JML accessible clause.0 
72466      DEBUG main            d.u.i.k.p.i.IntermediateProofReplayer Proof replay took 7.2ns 
72568      INFO  main            d.u.i.k.p.r.p.TestFile    ... finished proof: closed. 
72760      INFO  main            d.u.i.k.p.i.AbstractProblemLoader Loading environment from /home/runner/work/key/key/key.core/../key.ui/examples/heap/SmansEtAl/Cell_footprint.key.proof 
72760      DEBUG main            d.u.i.k.p.i.AbstractProblemLoader Environment load took 135.7ns 
72761      INFO  main            d.u.i.k.p.i.AbstractProblemLoader Creating init config 
75432      DEBUG main            d.u.i.k.p.i.AbstractProblemLoader Init config took 2.67s 
75468      INFO  main            d.u.i.k.p.i.AbstractProblemLoader Replaying proof Cell[Cell::$footprint()].JML accessible clause.0 
75474      DEBUG main            d.u.i.k.p.i.IntermediateProofReplayer Proof replay took 3.8ms 
75475      DEBUG main            d.u.i.k.p.r.p.TestFile    ... success: reloaded. 
75476      INFO  main            d.u.i.k.p.r.p.TestFile    Now processing file /home/runner/work/key/key/key.core/../key.ui/examples/heap/SmansEtAl/Cell_getX_dep.key 
75476      INFO  main            d.u.i.k.p.i.AbstractProblemLoader Loading environment from /home/runner/work/key/key/key.core/../key.ui/examples/heap/SmansEtAl/Cell_getX_dep.key 
75476      DEBUG main            d.u.i.k.p.i.AbstractProblemLoader Environment load took 126ns 
75477      INFO  main            d.u.i.k.p.i.AbstractProblemLoader Creating init config 
78274      DEBUG main            d.u.i.k.p.i.AbstractProblemLoader Init config took 2.8s 
78310      INFO  main            d.u.i.k.p.i.AbstractProblemLoader Replaying proof Cell[Cell::getX()].JML accessible clause.0 
78311      DEBUG main            d.u.i.k.p.i.IntermediateProofReplayer Proof replay took 6.9ns 
78414      INFO  main            d.u.i.k.p.r.p.TestFile    ... finished proof: closed. 
78595      INFO  main            d.u.i.k.p.i.AbstractProblemLoader Loading environment from /home/runner/work/key/key/key.core/../key.ui/examples/heap/SmansEtAl/Cell_getX_dep.key.proof 
78596      DEBUG main            d.u.i.k.p.i.AbstractProblemLoader Environment load took 129.3ns 
78597      INFO  main            d.u.i.k.p.i.AbstractProblemLoader Creating init config 
81286      DEBUG main            d.u.i.k.p.i.AbstractProblemLoader Init config took 2.69s 
81322      INFO  main            d.u.i.k.p.i.AbstractProblemLoader Replaying proof Cell[Cell::getX()].JML accessible clause.0 
81336      DEBUG main            d.u.i.k.p.i.IntermediateProofReplayer Proof replay took 11.89ms 
81337      DEBUG main            d.u.i.k.p.r.p.TestFile    ... success: reloaded. 
81339      INFO  main            d.u.i.k.p.r.p.TestFile    Now processing file /home/runner/work/key/key/key.core/../key.ui/examples/heap/SmansEtAl/Cell_getX.key 
81339      INFO  main            d.u.i.k.p.i.AbstractProblemLoader Loading environment from /home/runner/work/key/key/key.core/../key.ui/examples/heap/SmansEtAl/Cell_getX.key 
81339      DEBUG main            d.u.i.k.p.i.AbstractProblemLoader Environment load took 234.6ns 
81340      INFO  main            d.u.i.k.p.i.AbstractProblemLoader Creating init config 
84068      DEBUG main            d.u.i.k.p.i.AbstractProblemLoader Init config took 2.73s 
84103      INFO  main            d.u.i.k.p.i.AbstractProblemLoader Replaying proof Cell[Cell::getX()].JML normal_behavior operation contract.0 
84104      DEBUG main            d.u.i.k.p.i.IntermediateProofReplayer Proof replay took 6.4ns 
84206      INFO  main            d.u.i.k.p.r.p.TestFile    ... finished proof: closed. 
84405      INFO  main            d.u.i.k.p.i.AbstractProblemLoader Loading environment from /home/runner/work/key/key/key.core/../key.ui/examples/heap/SmansEtAl/Cell_getX.key.proof 
84405      DEBUG main            d.u.i.k.p.i.AbstractProblemLoader Environment load took 127.8ns 
84406      INFO  main            d.u.i.k.p.i.AbstractProblemLoader Creating init config 
87007      DEBUG main            d.u.i.k.p.i.AbstractProblemLoader Init config took 2.6s 
87042      INFO  main            d.u.i.k.p.i.AbstractProblemLoader Replaying proof Cell[Cell::getX()].JML normal_behavior operation contract.0 
87055      DEBUG main            d.u.i.k.p.i.IntermediateProofReplayer Proof replay took 11.17ms 
87056      DEBUG main            d.u.i.k.p.r.p.TestFile    ... success: reloaded. 
87058      INFO  main            d.u.i.k.p.r.p.TestFile    Now processing file /home/runner/work/key/key/key.core/../key.ui/examples/heap/SmansEtAl/Cell_inv.key 
87058      INFO  main            d.u.i.k.p.i.AbstractProblemLoader Loading environment from /home/runner/work/key/key/key.core/../key.ui/examples/heap/SmansEtAl/Cell_inv.key 
87058      DEBUG main            d.u.i.k.p.i.AbstractProblemLoader Environment load took 196.6ns 
87059      INFO  main            d.u.i.k.p.i.AbstractProblemLoader Creating init config 
89777      DEBUG main            d.u.i.k.p.i.AbstractProblemLoader Init config took 2.72s 
89818      INFO  main            d.u.i.k.p.i.AbstractProblemLoader Replaying proof Cell[java.lang.Object::<inv>()].JML accessible clause.0 
89821      DEBUG main            d.u.i.k.p.i.IntermediateProofReplayer Proof replay took 7.2ns 
89923      INFO  main            d.u.i.k.p.r.p.TestFile    ... finished proof: closed. 
90132      INFO  main            d.u.i.k.p.i.AbstractProblemLoader Loading environment from /home/runner/work/key/key/key.core/../key.ui/examples/heap/SmansEtAl/Cell_inv.key.proof 
90132      DEBUG main            d.u.i.k.p.i.AbstractProblemLoader Environment load took 114.9ns 
90133      INFO  main            d.u.i.k.p.i.AbstractProblemLoader Creating init config 
92791      DEBUG main            d.u.i.k.p.i.AbstractProblemLoader Init config took 2.66s 
92828      INFO  main            d.u.i.k.p.i.AbstractProblemLoader Replaying proof Cell[java.lang.Object::<inv>()].JML accessible clause.0 
92831      DEBUG main            d.u.i.k.p.i.IntermediateProofReplayer Proof replay took 1.65ms 
92831      DEBUG main            d.u.i.k.p.r.p.TestFile    ... success: reloaded. 
92832      INFO  main            d.u.i.k.p.r.p.TestFile    Now processing file /home/runner/work/key/key/key.core/../key.ui/examples/heap/SmansEtAl/Cell_setX.key 
92832      INFO  main            d.u.i.k.p.i.AbstractProblemLoader Loading environment from /home/runner/work/key/key/key.core/../key.ui/examples/heap/SmansEtAl/Cell_setX.key 
92832      DEBUG main            d.u.i.k.p.i.AbstractProblemLoader Environment load took 61ns 
92833      INFO  main            d.u.i.k.p.i.AbstractProblemLoader Creating init config 
95480      DEBUG main            d.u.i.k.p.i.AbstractProblemLoader Init config took 2.65s 
95514      INFO  main            d.u.i.k.p.i.AbstractProblemLoader Replaying proof Cell[Cell::setX(int)].JML normal_behavior operation contract.0 
95516      DEBUG main            d.u.i.k.p.i.IntermediateProofReplayer Proof replay took 5.8ns 
95618      INFO  main            d.u.i.k.p.r.p.TestFile    ... finished proof: closed. 
95822      INFO  main            d.u.i.k.p.i.AbstractProblemLoader Loading environment from /home/runner/work/key/key/key.core/../key.ui/examples/heap/SmansEtAl/Cell_setX.key.proof 
95822      DEBUG main            d.u.i.k.p.i.AbstractProblemLoader Environment load took 123.5ns 
95823      INFO  main            d.u.i.k.p.i.AbstractProblemLoader Creating init config 
98499      DEBUG main            d.u.i.k.p.i.AbstractProblemLoader Init config took 2.68s 
98534      INFO  main            d.u.i.k.p.i.AbstractProblemLoader Replaying proof Cell[Cell::setX(int)].JML normal_behavior operation contract.0 
98557      DEBUG main            d.u.i.k.p.i.IntermediateProofReplayer Proof replay took 21.18ms 
98558      DEBUG main            d.u.i.k.p.r.p.TestFile    ... success: reloaded. 
98560      INFO  main            d.u.i.k.p.r.p.TestFile    Now processing file /home/runner/work/key/key/key.core/../key.ui/examples/heap/SmansEtAl/CellClient_m.key 
98560      INFO  main            d.u.i.k.p.i.AbstractProblemLoader Loading environment from /home/runner/work/key/key/key.core/../key.ui/examples/heap/SmansEtAl/CellClient_m.key 
98560      DEBUG main            d.u.i.k.p.i.AbstractProblemLoader Environment load took 209.4ns 
98561      INFO  main            d.u.i.k.p.i.AbstractProblemLoader Creating init config 
101200     DEBUG main            d.u.i.k.p.i.AbstractProblemLoader Init config took 2.64s 
101237     INFO  main            d.u.i.k.p.i.AbstractProblemLoader Replaying proof CellClient[CellClient::m()].JML operation contract.0 
101240     DEBUG main            d.u.i.k.p.i.IntermediateProofReplayer Proof replay took 6.9ns 
101743     INFO  main            d.u.i.k.p.r.p.TestFile    ... finished proof: closed. 
101995     INFO  main            d.u.i.k.p.i.AbstractProblemLoader Loading environment from /home/runner/work/key/key/key.core/../key.ui/examples/heap/SmansEtAl/CellClient_m.key.proof 
101996     DEBUG main            d.u.i.k.p.i.AbstractProblemLoader Environment load took 453.31ns 
101997     INFO  main            d.u.i.k.p.i.AbstractProblemLoader Creating init config 
104608     DEBUG main            d.u.i.k.p.i.AbstractProblemLoader Init config took 2.61s 
104645     INFO  main            d.u.i.k.p.i.AbstractProblemLoader Replaying proof CellClient[CellClient::m()].JML operation contract.0 
104743     DEBUG main            d.u.i.k.p.i.IntermediateProofReplayer Proof replay took 94.03ms 
104745     DEBUG main            d.u.i.k.p.r.p.TestFile    ... success: reloaded. 
104746     INFO  main            d.u.i.k.p.r.p.TestFile    Now processing file /home/runner/work/key/key/key.core/../key.ui/examples/heap/SmansEtAl/Iterator_footprint.key 
104746     INFO  main            d.u.i.k.p.i.AbstractProblemLoader Loading environment from /home/runner/work/key/key/key.core/../key.ui/examples/heap/SmansEtAl/Iterator_footprint.key 
104747     DEBUG main            d.u.i.k.p.i.AbstractProblemLoader Environment load took 209.9ns 
104748     INFO  main            d.u.i.k.p.i.AbstractProblemLoader Creating init config 
107445     DEBUG main            d.u.i.k.p.i.AbstractProblemLoader Init config took 2.7s 
107500     INFO  main            d.u.i.k.p.i.AbstractProblemLoader Replaying proof Iterator[Iterator::$footprint()].JML accessible clause.0 
107502     DEBUG main            d.u.i.k.p.i.IntermediateProofReplayer Proof replay took 6.2ns 
107606     INFO  main            d.u.i.k.p.r.p.TestFile    ... finished proof: closed. 
107831     INFO  main            d.u.i.k.p.i.AbstractProblemLoader Loading environment from /home/runner/work/key/key/key.core/../key.ui/examples/heap/SmansEtAl/Iterator_footprint.key.proof 
107831     DEBUG main            d.u.i.k.p.i.AbstractProblemLoader Environment load took 120.9ns 
107832     INFO  main            d.u.i.k.p.i.AbstractProblemLoader Creating init config 
110437     DEBUG main            d.u.i.k.p.i.AbstractProblemLoader Init config took 2.6s 
110474     INFO  main            d.u.i.k.p.i.AbstractProblemLoader Replaying proof Iterator[Iterator::$footprint()].JML accessible clause.0 
110484     DEBUG main            d.u.i.k.p.i.IntermediateProofReplayer Proof replay took 8.65ms 
110485     DEBUG main            d.u.i.k.p.r.p.TestFile    ... success: reloaded. 
110487     INFO  main            d.u.i.k.p.r.p.TestFile    Now processing file /home/runner/work/key/key/key.core/../key.ui/examples/heap/SmansEtAl/Iterator_hasNext_dep.key 
110487     INFO  main            d.u.i.k.p.i.AbstractProblemLoader Loading environment from /home/runner/work/key/key/key.core/../key.ui/examples/heap/SmansEtAl/Iterator_hasNext_dep.key 
110487     DEBUG main            d.u.i.k.p.i.AbstractProblemLoader Environment load took 241.9ns 
110488     INFO  main            d.u.i.k.p.i.AbstractProblemLoader Creating init config 
113198     DEBUG main            d.u.i.k.p.i.AbstractProblemLoader Init config took 2.71s 
113234     INFO  main            d.u.i.k.p.i.AbstractProblemLoader Replaying proof Iterator[Iterator::hasNext()].JML accessible clause.0 
113236     DEBUG main            d.u.i.k.p.i.IntermediateProofReplayer Proof replay took 6.8ns 
113839     INFO  main            d.u.i.k.p.r.p.TestFile    ... finished proof: closed. 
114069     INFO  main            d.u.i.k.p.i.AbstractProblemLoader Loading environment from /home/runner/work/key/key/key.core/../key.ui/examples/heap/SmansEtAl/Iterator_hasNext_dep.key.proof 
114070     DEBUG main            d.u.i.k.p.i.AbstractProblemLoader Environment load took 449.7ns 
114071     INFO  main            d.u.i.k.p.i.AbstractProblemLoader Creating init config 
116662     DEBUG main            d.u.i.k.p.i.AbstractProblemLoader Init config took 2.59s 
116698     INFO  main            d.u.i.k.p.i.AbstractProblemLoader Replaying proof Iterator[Iterator::hasNext()].JML accessible clause.0 
116787     DEBUG main            d.u.i.k.p.i.IntermediateProofReplayer Proof replay took 82.73ms 
116788     DEBUG main            d.u.i.k.p.r.p.TestFile    ... success: reloaded. 
116789     INFO  main            d.u.i.k.p.r.p.TestFile    Now processing file /home/runner/work/key/key/key.core/../key.ui/examples/heap/SmansEtAl/Iterator_hasNext.key 
116789     INFO  main            d.u.i.k.p.i.AbstractProblemLoader Loading environment from /home/runner/work/key/key/key.core/../key.ui/examples/heap/SmansEtAl/Iterator_hasNext.key 
116789     DEBUG main            d.u.i.k.p.i.AbstractProblemLoader Environment load took 252.3ns 
116790     INFO  main            d.u.i.k.p.i.AbstractProblemLoader Creating init config 
119494     DEBUG main            d.u.i.k.p.i.AbstractProblemLoader Init config took 2.7s 
119532     INFO  main            d.u.i.k.p.i.AbstractProblemLoader Replaying proof Iterator[Iterator::hasNext()].JML normal_behavior operation contract.0 
119534     DEBUG main            d.u.i.k.p.i.IntermediateProofReplayer Proof replay took 7.6ns 
120140     INFO  main            d.u.i.k.p.r.p.TestFile    ... finished proof: closed. 
120373     INFO  main            d.u.i.k.p.i.AbstractProblemLoader Loading environment from /home/runner/work/key/key/key.core/../key.ui/examples/heap/SmansEtAl/Iterator_hasNext.key.proof 
120374     DEBUG main            d.u.i.k.p.i.AbstractProblemLoader Environment load took 419.9ns 
120375     INFO  main            d.u.i.k.p.i.AbstractProblemLoader Creating init config 
122966     DEBUG main            d.u.i.k.p.i.AbstractProblemLoader Init config took 2.59s 
123019     INFO  main            d.u.i.k.p.i.AbstractProblemLoader Replaying proof Iterator[Iterator::hasNext()].JML normal_behavior operation contract.0 
123111     DEBUG main            d.u.i.k.p.i.IntermediateProofReplayer Proof replay took 84.83ms 
123112     DEBUG main            d.u.i.k.p.r.p.TestFile    ... success: reloaded. 
123113     INFO  main            d.u.i.k.p.r.p.TestFile    Now processing file /home/runner/work/key/key/key.core/../key.ui/examples/heap/SmansEtAl/Iterator_inv.key 
123114     INFO  main            d.u.i.k.p.i.AbstractProblemLoader Loading environment from /home/runner/work/key/key/key.core/../key.ui/examples/heap/SmansEtAl/Iterator_inv.key 
123114     DEBUG main            d.u.i.k.p.i.AbstractProblemLoader Environment load took 98.4ns 
123115     INFO  main            d.u.i.k.p.i.AbstractProblemLoader Creating init config 
125814     DEBUG main            d.u.i.k.p.i.AbstractProblemLoader Init config took 2.7s 
125856     INFO  main            d.u.i.k.p.i.AbstractProblemLoader Replaying proof Iterator[java.lang.Object::<inv>()].JML accessible clause.0 
125858     DEBUG main            d.u.i.k.p.i.IntermediateProofReplayer Proof replay took 8.6ns 
126060     INFO  main            d.u.i.k.p.r.p.TestFile    ... finished proof: closed. 
126309     INFO  main            d.u.i.k.p.i.AbstractProblemLoader Loading environment from /home/runner/work/key/key/key.core/../key.ui/examples/heap/SmansEtAl/Iterator_inv.key.proof 
126310     DEBUG main            d.u.i.k.p.i.AbstractProblemLoader Environment load took 114.7ns 
126311     INFO  main            d.u.i.k.p.i.AbstractProblemLoader Creating init config 
128898     DEBUG main            d.u.i.k.p.i.AbstractProblemLoader Init config took 2.59s 
128935     INFO  main            d.u.i.k.p.i.AbstractProblemLoader Replaying proof Iterator[java.lang.Object::<inv>()].JML accessible clause.0 
128967     DEBUG main            d.u.i.k.p.i.IntermediateProofReplayer Proof replay took 29.3ms 
128972     DEBUG main            d.u.i.k.p.r.p.TestFile    ... success: reloaded. 
128973     INFO  main            d.u.i.k.p.r.p.TestFile    Now processing file /home/runner/work/key/key/key.core/../key.ui/examples/heap/SmansEtAl/Iterator_Iterator.key 
128973     INFO  main            d.u.i.k.p.i.AbstractProblemLoader Loading environment from /home/runner/work/key/key/key.core/../key.ui/examples/heap/SmansEtAl/Iterator_Iterator.key 
128974     DEBUG main            d.u.i.k.p.i.AbstractProblemLoader Environment load took 104.1ns 
128974     INFO  main            d.u.i.k.p.i.AbstractProblemLoader Creating init config 
131665     DEBUG main            d.u.i.k.p.i.AbstractProblemLoader Init config took 2.69s 
131703     INFO  main            d.u.i.k.p.i.AbstractProblemLoader Replaying proof Iterator[Iterator::Iterator(ArrayList)].JML normal_behavior operation contract.0 
131705     DEBUG main            d.u.i.k.p.i.IntermediateProofReplayer Proof replay took 6.6ns 
133114     INFO  main            d.u.i.k.p.r.p.TestFile    ... finished proof: closed. 
133388     INFO  main            d.u.i.k.p.i.AbstractProblemLoader Loading environment from /home/runner/work/key/key/key.core/../key.ui/examples/heap/SmansEtAl/Iterator_Iterator.key.proof 
133388     DEBUG main            d.u.i.k.p.i.AbstractProblemLoader Environment load took 477.01ns 
133390     INFO  main            d.u.i.k.p.i.AbstractProblemLoader Creating init config 
135979     DEBUG main            d.u.i.k.p.i.AbstractProblemLoader Init config took 2.59s 
136016     INFO  main            d.u.i.k.p.i.AbstractProblemLoader Replaying proof Iterator[Iterator::Iterator(ArrayList)].JML normal_behavior operation contract.0 
136200     DEBUG main            d.u.i.k.p.i.IntermediateProofReplayer Proof replay took 171.57ms 
136202     DEBUG main            d.u.i.k.p.r.p.TestFile    ... success: reloaded. 
136203     INFO  main            d.u.i.k.p.r.p.TestFile    Now processing file /home/runner/work/key/key/key.core/../key.ui/examples/heap/SmansEtAl/Iterator_list_dep.key 
136203     INFO  main            d.u.i.k.p.i.AbstractProblemLoader Loading environment from /home/runner/work/key/key/key.core/../key.ui/examples/heap/SmansEtAl/Iterator_list_dep.key 
136203     DEBUG main            d.u.i.k.p.i.AbstractProblemLoader Environment load took 58.4ns 
136204     INFO  main            d.u.i.k.p.i.AbstractProblemLoader Creating init config 
138898     DEBUG main            d.u.i.k.p.i.AbstractProblemLoader Init config took 2.69s 
138933     INFO  main            d.u.i.k.p.i.AbstractProblemLoader Replaying proof Iterator[Iterator::list()].JML accessible clause.0 
138934     DEBUG main            d.u.i.k.p.i.IntermediateProofReplayer Proof replay took 5.9ns 
139036     INFO  main            d.u.i.k.p.r.p.TestFile    ... finished proof: closed. 
139303     INFO  main            d.u.i.k.p.i.AbstractProblemLoader Loading environment from /home/runner/work/key/key/key.core/../key.ui/examples/heap/SmansEtAl/Iterator_list_dep.key.proof 
139303     DEBUG main            d.u.i.k.p.i.AbstractProblemLoader Environment load took 111.2ns 
139307     INFO  main            d.u.i.k.p.i.AbstractProblemLoader Creating init config 
141894     DEBUG main            d.u.i.k.p.i.AbstractProblemLoader Init config took 2.59s 
141936     INFO  main            d.u.i.k.p.i.AbstractProblemLoader Replaying proof Iterator[Iterator::list()].JML accessible clause.0 
141957     DEBUG main            d.u.i.k.p.i.IntermediateProofReplayer Proof replay took 18.46ms 
141959     DEBUG main            d.u.i.k.p.r.p.TestFile    ... success: reloaded. 
141960     INFO  main            d.u.i.k.p.r.p.TestFile    Now processing file /home/runner/work/key/key/key.core/../key.ui/examples/heap/SmansEtAl/Iterator_list.key 
141961     INFO  main            d.u.i.k.p.i.AbstractProblemLoader Loading environment from /home/runner/work/key/key/key.core/../key.ui/examples/heap/SmansEtAl/Iterator_list.key 
141961     DEBUG main            d.u.i.k.p.i.AbstractProblemLoader Environment load took 219.9ns 
141962     INFO  main            d.u.i.k.p.i.AbstractProblemLoader Creating init config 
144610     DEBUG main            d.u.i.k.p.i.AbstractProblemLoader Init config took 2.65s 
144648     INFO  main            d.u.i.k.p.i.AbstractProblemLoader Replaying proof Iterator[Iterator::list()].JML normal_behavior operation contract.0 
144649     DEBUG main            d.u.i.k.p.i.IntermediateProofReplayer Proof replay took 7.4ns 
144751     INFO  main            d.u.i.k.p.r.p.TestFile    ... finished proof: closed. 
145021     INFO  main            d.u.i.k.p.i.AbstractProblemLoader Loading environment from /home/runner/work/key/key/key.core/../key.ui/examples/heap/SmansEtAl/Iterator_list.key.proof 
145022     DEBUG main            d.u.i.k.p.i.AbstractProblemLoader Environment load took 116.9ns 
145022     INFO  main            d.u.i.k.p.i.AbstractProblemLoader Creating init config 
147595     DEBUG main            d.u.i.k.p.i.AbstractProblemLoader Init config took 2.57s 
147632     INFO  main            d.u.i.k.p.i.AbstractProblemLoader Replaying proof Iterator[Iterator::list()].JML normal_behavior operation contract.0 
147647     DEBUG main            d.u.i.k.p.i.IntermediateProofReplayer Proof replay took 13.33ms 
147648     DEBUG main            d.u.i.k.p.r.p.TestFile    ... success: reloaded. 
147649     INFO  main            d.u.i.k.p.r.p.TestFile    Now processing file /home/runner/work/key/key/key.core/../key.ui/examples/heap/SmansEtAl/Iterator_next.key 
147649     INFO  main            d.u.i.k.p.i.AbstractProblemLoader Loading environment from /home/runner/work/key/key/key.core/../key.ui/examples/heap/SmansEtAl/Iterator_next.key 
147649     DEBUG main            d.u.i.k.p.i.AbstractProblemLoader Environment load took 93.3ns 
147650     INFO  main            d.u.i.k.p.i.AbstractProblemLoader Creating init config 
150319     DEBUG main            d.u.i.k.p.i.AbstractProblemLoader Init config took 2.67s 
150355     INFO  main            d.u.i.k.p.i.AbstractProblemLoader Replaying proof Iterator[Iterator::next()].JML normal_behavior operation contract.0 
150356     DEBUG main            d.u.i.k.p.i.IntermediateProofReplayer Proof replay took 6.6ns 
153267     INFO  main            d.u.i.k.p.r.p.TestFile    ... finished proof: closed. 
153564     INFO  main            d.u.i.k.p.i.AbstractProblemLoader Loading environment from /home/runner/work/key/key/key.core/../key.ui/examples/heap/SmansEtAl/Iterator_next.key.proof 
153565     DEBUG main            d.u.i.k.p.i.AbstractProblemLoader Environment load took 469.21ns 
153570     INFO  main            d.u.i.k.p.i.AbstractProblemLoader Creating init config 
156171     DEBUG main            d.u.i.k.p.i.AbstractProblemLoader Init config took 2.6s 
156207     INFO  main            d.u.i.k.p.i.AbstractProblemLoader Replaying proof Iterator[Iterator::next()].JML normal_behavior operation contract.0 
156520     DEBUG main            d.u.i.k.p.i.IntermediateProofReplayer Proof replay took 294.36ms 
156522     DEBUG main            d.u.i.k.p.r.p.TestFile    ... success: reloaded. 
156523     INFO  main            d.u.i.k.p.r.p.TestFile    Now processing file /home/runner/work/key/key/key.core/../key.ui/examples/heap/SmansEtAl/Stack_footprint.key 
156523     INFO  main            d.u.i.k.p.i.AbstractProblemLoader Loading environment from /home/runner/work/key/key/key.core/../key.ui/examples/heap/SmansEtAl/Stack_footprint.key 
156523     DEBUG main            d.u.i.k.p.i.AbstractProblemLoader Environment load took 109.1ns 
156524     INFO  main            d.u.i.k.p.i.AbstractProblemLoader Creating init config 
159174     DEBUG main            d.u.i.k.p.i.AbstractProblemLoader Init config took 2.65s 
159230     INFO  main            d.u.i.k.p.i.AbstractProblemLoader Replaying proof Stack[Stack::$footprint()].JML accessible clause.0 
159231     DEBUG main            d.u.i.k.p.i.IntermediateProofReplayer Proof replay took 7.3ns 
159434     INFO  main            d.u.i.k.p.r.p.TestFile    ... finished proof: closed. 
159701     INFO  main            d.u.i.k.p.i.AbstractProblemLoader Loading environment from /home/runner/work/key/key/key.core/../key.ui/examples/heap/SmansEtAl/Stack_footprint.key.proof 
159701     DEBUG main            d.u.i.k.p.i.AbstractProblemLoader Environment load took 119.6ns 
159702     INFO  main            d.u.i.k.p.i.AbstractProblemLoader Creating init config 
162284     DEBUG main            d.u.i.k.p.i.AbstractProblemLoader Init config took 2.58s 
162319     INFO  main            d.u.i.k.p.i.AbstractProblemLoader Replaying proof Stack[Stack::$footprint()].JML accessible clause.0 
162344     DEBUG main            d.u.i.k.p.i.IntermediateProofReplayer Proof replay took 22.99ms 
162346     DEBUG main            d.u.i.k.p.r.p.TestFile    ... success: reloaded. 
162347     INFO  main            d.u.i.k.p.r.p.TestFile    Now processing file /home/runner/work/key/key/key.core/../key.ui/examples/heap/SmansEtAl/Stack_inv.key 
162347     INFO  main            d.u.i.k.p.i.AbstractProblemLoader Loading environment from /home/runner/work/key/key/key.core/../key.ui/examples/heap/SmansEtAl/Stack_inv.key 
162347     DEBUG main            d.u.i.k.p.i.AbstractProblemLoader Environment load took 202.6ns 
162348     INFO  main            d.u.i.k.p.i.AbstractProblemLoader Creating init config 
165005     DEBUG main            d.u.i.k.p.i.AbstractProblemLoader Init config took 2.66s 
165039     INFO  main            d.u.i.k.p.i.AbstractProblemLoader Replaying proof Stack[java.lang.Object::<inv>()].JML accessible clause.0 
165040     DEBUG main            d.u.i.k.p.i.IntermediateProofReplayer Proof replay took 6.6ns 
165142     INFO  main            d.u.i.k.p.r.p.TestFile    ... finished proof: closed. 
165429     INFO  main            d.u.i.k.p.i.AbstractProblemLoader Loading environment from /home/runner/work/key/key/key.core/../key.ui/examples/heap/SmansEtAl/Stack_inv.key.proof 
165429     DEBUG main            d.u.i.k.p.i.AbstractProblemLoader Environment load took 119.1ns 
165430     INFO  main            d.u.i.k.p.i.AbstractProblemLoader Creating init config 
168007     DEBUG main            d.u.i.k.p.i.AbstractProblemLoader Init config took 2.58s 
168041     INFO  main            d.u.i.k.p.i.AbstractProblemLoader Replaying proof Stack[java.lang.Object::<inv>()].JML accessible clause.0 
168063     DEBUG main            d.u.i.k.p.i.IntermediateProofReplayer Proof replay took 16.81ms 
168068     DEBUG main            d.u.i.k.p.r.p.TestFile    ... success: reloaded. 
168069     INFO  main            d.u.i.k.p.r.p.TestFile    Now processing file /home/runner/work/key/key/key.core/../key.ui/examples/heap/SmansEtAl/Stack_push.key 
168070     INFO  main            d.u.i.k.p.i.AbstractProblemLoader Loading environment from /home/runner/work/key/key/key.core/../key.ui/examples/heap/SmansEtAl/Stack_push.key 
168070     DEBUG main            d.u.i.k.p.i.AbstractProblemLoader Environment load took 191.1ns 
168071     INFO  main            d.u.i.k.p.i.AbstractProblemLoader Creating init config 
170762     DEBUG main            d.u.i.k.p.i.AbstractProblemLoader Init config took 2.69s 
170798     INFO  main            d.u.i.k.p.i.AbstractProblemLoader Replaying proof Stack[Stack::push(java.lang.Object)].JML normal_behavior operation contract.0 
170800     DEBUG main            d.u.i.k.p.i.IntermediateProofReplayer Proof replay took 7.6ns 
171504     INFO  main            d.u.i.k.p.r.p.TestFile    ... finished proof: closed. 
171815     INFO  main            d.u.i.k.p.i.AbstractProblemLoader Loading environment from /home/runner/work/key/key/key.core/../key.ui/examples/heap/SmansEtAl/Stack_push.key.proof 
171816     DEBUG main            d.u.i.k.p.i.AbstractProblemLoader Environment load took 541.81ns 
171817     INFO  main            d.u.i.k.p.i.AbstractProblemLoader Creating init config 
174431     DEBUG main            d.u.i.k.p.i.AbstractProblemLoader Init config took 2.61s 
174466     INFO  main            d.u.i.k.p.i.AbstractProblemLoader Replaying proof Stack[Stack::push(java.lang.Object)].JML normal_behavior operation contract.0 
174577     DEBUG main            d.u.i.k.p.i.IntermediateProofReplayer Proof replay took 106.35ms 
174578     DEBUG main            d.u.i.k.p.r.p.TestFile    ... success: reloaded. 
174580     INFO  main            d.u.i.k.p.r.p.TestFile    Now processing file /home/runner/work/key/key/key.core/../key.ui/examples/heap/SmansEtAl/Stack_size.key 
174580     INFO  main            d.u.i.k.p.i.AbstractProblemLoader Loading environment from /home/runner/work/key/key/key.core/../key.ui/examples/heap/SmansEtAl/Stack_size.key 
174580     DEBUG main            d.u.i.k.p.i.AbstractProblemLoader Environment load took 233.9ns 
174581     INFO  main            d.u.i.k.p.i.AbstractProblemLoader Creating init config 
177264     DEBUG main            d.u.i.k.p.i.AbstractProblemLoader Init config took 2.68s 
177298     INFO  main            d.u.i.k.p.i.AbstractProblemLoader Replaying proof Stack[Stack::size()].JML accessible clause.0 
177300     DEBUG main            d.u.i.k.p.i.IntermediateProofReplayer Proof replay took 7.3ns 
177502     INFO  main            d.u.i.k.p.r.p.TestFile    ... finished proof: closed. 
177812     INFO  main            d.u.i.k.p.i.AbstractProblemLoader Loading environment from /home/runner/work/key/key/key.core/../key.ui/examples/heap/SmansEtAl/Stack_size.key.proof 
177813     DEBUG main            d.u.i.k.p.i.AbstractProblemLoader Environment load took 109.1ns 
177814     INFO  main            d.u.i.k.p.i.AbstractProblemLoader Creating init config 
180374     DEBUG main            d.u.i.k.p.i.AbstractProblemLoader Init config took 2.56s 
180407     INFO  main            d.u.i.k.p.i.AbstractProblemLoader Replaying proof Stack[Stack::size()].JML accessible clause.0 
180447     DEBUG main            d.u.i.k.p.i.IntermediateProofReplayer Proof replay took 37.07ms 
180448     DEBUG main            d.u.i.k.p.r.p.TestFile    ... success: reloaded. 
180449     INFO  main            d.u.i.k.p.r.p.TestFile    Now processing file /home/runner/work/key/key/key.core/../key.ui/examples/heap/SmansEtAl/Stack_Stack.key 
180449     INFO  main            d.u.i.k.p.i.AbstractProblemLoader Loading environment from /home/runner/work/key/key/key.core/../key.ui/examples/heap/SmansEtAl/Stack_Stack.key 
180450     DEBUG main            d.u.i.k.p.i.AbstractProblemLoader Environment load took 203.7ns 
180451     INFO  main            d.u.i.k.p.i.AbstractProblemLoader Creating init config 
183058     DEBUG main            d.u.i.k.p.i.AbstractProblemLoader Init config took 2.61s 
183092     INFO  main            d.u.i.k.p.i.AbstractProblemLoader Replaying proof Stack[Stack::Stack()].JML normal_behavior operation contract.0 
183093     DEBUG main            d.u.i.k.p.i.IntermediateProofReplayer Proof replay took 6.7ns 
184201     INFO  main            d.u.i.k.p.r.p.TestFile    ... finished proof: closed. 
184528     INFO  main            d.u.i.k.p.i.AbstractProblemLoader Loading environment from /home/runner/work/key/key/key.core/../key.ui/examples/heap/SmansEtAl/Stack_Stack.key.proof 
184528     DEBUG main            d.u.i.k.p.i.AbstractProblemLoader Environment load took 396.4ns 
184530     INFO  main            d.u.i.k.p.i.AbstractProblemLoader Creating init config 
187109     DEBUG main            d.u.i.k.p.i.AbstractProblemLoader Init config took 2.58s 
187144     INFO  main            d.u.i.k.p.i.AbstractProblemLoader Replaying proof Stack[Stack::Stack()].JML normal_behavior operation contract.0 
187330     DEBUG main            d.u.i.k.p.i.IntermediateProofReplayer Proof replay took 178.94ms 
187332     DEBUG main            d.u.i.k.p.r.p.TestFile    ... success: reloaded. 
187333     INFO  main            d.u.i.k.p.r.p.TestFile    Now processing file /home/runner/work/key/key/key.core/../key.ui/examples/heap/SmansEtAl/Stack_switchContents.key 
187334     INFO  main            d.u.i.k.p.i.AbstractProblemLoader Loading environment from /home/runner/work/key/key/key.core/../key.ui/examples/heap/SmansEtAl/Stack_switchContents.key 
187334     DEBUG main            d.u.i.k.p.i.AbstractProblemLoader Environment load took 94.2ns 
187335     INFO  main            d.u.i.k.p.i.AbstractProblemLoader Creating init config 
189963     DEBUG main            d.u.i.k.p.i.AbstractProblemLoader Init config took 2.63s 
189999     INFO  main            d.u.i.k.p.i.AbstractProblemLoader Replaying proof Stack[Stack::switchContents(Stack)].JML normal_behavior operation contract.0 
190001     DEBUG main            d.u.i.k.p.i.IntermediateProofReplayer Proof replay took 6.6ns 
194717     INFO  main            d.u.i.k.p.r.p.TestFile    ... finished proof: closed. 
195051     INFO  main            d.u.i.k.p.i.AbstractProblemLoader Loading environment from /home/runner/work/key/key/key.core/../key.ui/examples/heap/SmansEtAl/Stack_switchContents.key.proof 
195051     DEBUG main            d.u.i.k.p.i.AbstractProblemLoader Environment load took 272.4ns 
195053     INFO  main            d.u.i.k.p.i.AbstractProblemLoader Creating init config 
197641     DEBUG main            d.u.i.k.p.i.AbstractProblemLoader Init config took 2.59s 
197678     INFO  main            d.u.i.k.p.i.AbstractProblemLoader Replaying proof Stack[Stack::switchContents(Stack)].JML normal_behavior operation contract.0 
198181     DEBUG main            d.u.i.k.p.i.IntermediateProofReplayer Proof replay took 483.48ms 
198183     DEBUG main            d.u.i.k.p.r.p.TestFile    ... success: reloaded. 
2118487    INFO  Test worker     d.u.i.k.p.r.RunAllProofsTestUnit Returning from test SmansEtAl 
2118489    INFO  Test worker     d.u.i.k.p.r.RunAllProofsTestUnit Running test VACID0 
338        INFO  Timeout watchdog d.u.i.k.p.r.p.ForkedTestFileRunner Timeout watcher launched (2000 secs.) 
350        WARN  main            d.u.i.k.s.ProofSettings   The settings in /home/runner/.key/proof-settings.props are *not* read. 
387        INFO  main            d.u.i.k.p.r.p.TestFile    Now processing file /home/runner/work/key/key/key.core/../key.ui/examples/heap/vacid0_01_SparseArray/Harness_sparseArrayTestHarness1.key 
509        INFO  main            d.u.i.k.p.i.AbstractProblemLoader Loading environment from /home/runner/work/key/key/key.core/../key.ui/examples/heap/vacid0_01_SparseArray/Harness_sparseArrayTestHarness1.key 
537        DEBUG main            d.u.i.k.p.i.AbstractProblemLoader Environment load took 1.92ms 
753        INFO  main            d.u.i.k.p.i.AbstractProblemLoader Creating init config 
1694       DEBUG main            d.u.i.k.j.TypeConverter   No LDT found for Meta 
1695       DEBUG main            d.u.i.k.j.TypeConverter   No LDT found for Meta 
1698       DEBUG main            d.u.i.k.j.TypeConverter   No LDT found for Meta 
1698       DEBUG main            d.u.i.k.j.TypeConverter   No LDT found for Meta 
3052       DEBUG main            d.u.i.k.j.TypeConverter   No LDT found for JavaBigintExpression 
8696       DEBUG main            d.u.i.k.p.i.AbstractProblemLoader Init config took 7.94s 
8817       INFO  main            d.u.i.k.p.i.AbstractProblemLoader Replaying proof Harness[Harness::sparseArrayTestHarness1()].JML normal_behavior operation contract.0 
8850       DEBUG main            d.u.i.k.p.i.IntermediateProofReplayer Proof replay took 34.1ns 
10282      INFO  main            d.u.i.k.p.r.p.TestFile    ... finished proof: closed. 
10446      INFO  main            d.u.i.k.p.i.AbstractProblemLoader Loading environment from /home/runner/work/key/key/key.core/../key.ui/examples/heap/vacid0_01_SparseArray/Harness_sparseArrayTestHarness1.key.proof 
10447      DEBUG main            d.u.i.k.p.i.AbstractProblemLoader Environment load took 485.31ns 
10449      INFO  main            d.u.i.k.p.i.AbstractProblemLoader Creating init config 
13473      DEBUG main            d.u.i.k.p.i.AbstractProblemLoader Init config took 3.02s 
13531      INFO  main            d.u.i.k.p.i.AbstractProblemLoader Replaying proof Harness[Harness::sparseArrayTestHarness1()].JML normal_behavior operation contract.0 
13712      DEBUG main            d.u.i.k.p.i.IntermediateProofReplayer Proof replay took 172.73ms 
13720      DEBUG main            d.u.i.k.p.r.p.TestFile    ... success: reloaded. 
13722      INFO  main            d.u.i.k.p.r.p.TestFile    Now processing file /home/runner/work/key/key/key.core/../key.ui/examples/heap/vacid0_01_SparseArray/Harness_sparseArrayTestHarness2.key 
13723      INFO  main            d.u.i.k.p.i.AbstractProblemLoader Loading environment from /home/runner/work/key/key/key.core/../key.ui/examples/heap/vacid0_01_SparseArray/Harness_sparseArrayTestHarness2.key 
13723      DEBUG main            d.u.i.k.p.i.AbstractProblemLoader Environment load took 264.3ns 
13725      INFO  main            d.u.i.k.p.i.AbstractProblemLoader Creating init config 
16685      DEBUG main            d.u.i.k.p.i.AbstractProblemLoader Init config took 2.96s 
16741      INFO  main            d.u.i.k.p.i.AbstractProblemLoader Replaying proof Harness[Harness::sparseArrayTestHarness2()].JML normal_behavior operation contract.0 
16744      DEBUG main            d.u.i.k.p.i.IntermediateProofReplayer Proof replay took 6ns 
26786      INFO  main            d.u.i.k.p.r.p.TestFile    ... finished proof: closed. 
26993      INFO  main            d.u.i.k.p.i.AbstractProblemLoader Loading environment from /home/runner/work/key/key/key.core/../key.ui/examples/heap/vacid0_01_SparseArray/Harness_sparseArrayTestHarness2.key.proof 
26994      DEBUG main            d.u.i.k.p.i.AbstractProblemLoader Environment load took 468.11ns 
27004      INFO  main            d.u.i.k.p.i.AbstractProblemLoader Creating init config 
29818      DEBUG main            d.u.i.k.p.i.AbstractProblemLoader Init config took 2.81s 
29867      INFO  main            d.u.i.k.p.i.AbstractProblemLoader Replaying proof Harness[Harness::sparseArrayTestHarness2()].JML normal_behavior operation contract.0 
30981      DEBUG main            d.u.i.k.p.i.IntermediateProofReplayer Proof replay took 1.07s 
30984      DEBUG main            d.u.i.k.p.r.p.TestFile    ... success: reloaded. 
30986      INFO  main            d.u.i.k.p.r.p.TestFile    Now processing file /home/runner/work/key/key/key.core/../key.ui/examples/heap/vacid0_01_SparseArray/MemoryAllocator_alloc_unsigned.key 
30986      INFO  main            d.u.i.k.p.i.AbstractProblemLoader Loading environment from /home/runner/work/key/key/key.core/../key.ui/examples/heap/vacid0_01_SparseArray/MemoryAllocator_alloc_unsigned.key 
30986      DEBUG main            d.u.i.k.p.i.AbstractProblemLoader Environment load took 74.8ns 
30987      INFO  main            d.u.i.k.p.i.AbstractProblemLoader Creating init config 
33863      DEBUG main            d.u.i.k.p.i.AbstractProblemLoader Init config took 2.88s 
33907      INFO  main            d.u.i.k.p.i.AbstractProblemLoader Replaying proof MemoryAllocator[MemoryAllocator::alloc_unsigned(int)].JML normal_behavior operation contract.0 
33909      DEBUG main            d.u.i.k.p.i.IntermediateProofReplayer Proof replay took 5.6ns 
34817      INFO  main            d.u.i.k.p.r.p.TestFile    ... finished proof: closed. 
35052      INFO  main            d.u.i.k.p.i.AbstractProblemLoader Loading environment from /home/runner/work/key/key/key.core/../key.ui/examples/heap/vacid0_01_SparseArray/MemoryAllocator_alloc_unsigned.key.proof 
35052      DEBUG main            d.u.i.k.p.i.AbstractProblemLoader Environment load took 452.2ns 
35054      INFO  main            d.u.i.k.p.i.AbstractProblemLoader Creating init config 
37805      DEBUG main            d.u.i.k.p.i.AbstractProblemLoader Init config took 2.75s 
37858      INFO  main            d.u.i.k.p.i.AbstractProblemLoader Replaying proof MemoryAllocator[MemoryAllocator::alloc_unsigned(int)].JML normal_behavior operation contract.0 
38100      DEBUG main            d.u.i.k.p.i.IntermediateProofReplayer Proof replay took 234.08ms 
38102      DEBUG main            d.u.i.k.p.r.p.TestFile    ... success: reloaded. 
38103      INFO  main            d.u.i.k.p.r.p.TestFile    Now processing file /home/runner/work/key/key/key.core/../key.ui/examples/heap/vacid0_01_SparseArray/MemoryAllocator_alloc.key 
38104      INFO  main            d.u.i.k.p.i.AbstractProblemLoader Loading environment from /home/runner/work/key/key/key.core/../key.ui/examples/heap/vacid0_01_SparseArray/MemoryAllocator_alloc.key 
38104      DEBUG main            d.u.i.k.p.i.AbstractProblemLoader Environment load took 207.3ns 
38105      INFO  main            d.u.i.k.p.i.AbstractProblemLoader Creating init config 
40941      DEBUG main            d.u.i.k.p.i.AbstractProblemLoader Init config took 2.84s 
40982      INFO  main            d.u.i.k.p.i.AbstractProblemLoader Replaying proof MemoryAllocator[MemoryAllocator::alloc(int)].JML normal_behavior operation contract.0 
40984      DEBUG main            d.u.i.k.p.i.IntermediateProofReplayer Proof replay took 5.9ns 
41592      INFO  main            d.u.i.k.p.r.p.TestFile    ... finished proof: closed. 
41759      INFO  main            d.u.i.k.p.i.AbstractProblemLoader Loading environment from /home/runner/work/key/key/key.core/../key.ui/examples/heap/vacid0_01_SparseArray/MemoryAllocator_alloc.key.proof 
41759      DEBUG main            d.u.i.k.p.i.AbstractProblemLoader Environment load took 594.31ns 
41761      INFO  main            d.u.i.k.p.i.AbstractProblemLoader Creating init config 
44520      DEBUG main            d.u.i.k.p.i.AbstractProblemLoader Init config took 2.76s 
44560      INFO  main            d.u.i.k.p.i.AbstractProblemLoader Replaying proof MemoryAllocator[MemoryAllocator::alloc(int)].JML normal_behavior operation contract.0 
44694      DEBUG main            d.u.i.k.p.i.IntermediateProofReplayer Proof replay took 128.88ms 
44695      DEBUG main            d.u.i.k.p.r.p.TestFile    ... success: reloaded. 
44696      INFO  main            d.u.i.k.p.r.p.TestFile    Now processing file /home/runner/work/key/key/key.core/../key.ui/examples/heap/vacid0_01_SparseArray/SparseArray_get_dep.key 
44697      INFO  main            d.u.i.k.p.i.AbstractProblemLoader Loading environment from /home/runner/work/key/key/key.core/../key.ui/examples/heap/vacid0_01_SparseArray/SparseArray_get_dep.key 
44697      DEBUG main            d.u.i.k.p.i.AbstractProblemLoader Environment load took 226.4ns 
44698      INFO  main            d.u.i.k.p.i.AbstractProblemLoader Creating init config 
47491      DEBUG main            d.u.i.k.p.i.AbstractProblemLoader Init config took 2.79s 
47551      INFO  main            d.u.i.k.p.i.AbstractProblemLoader Replaying proof SparseArray[SparseArray::get(int)].JML accessible clause.0 
47553      DEBUG main            d.u.i.k.p.i.IntermediateProofReplayer Proof replay took 6.3ns 
50620      INFO  main            d.u.i.k.p.r.p.TestFile    ... finished proof: closed. 
50897      INFO  main            d.u.i.k.p.i.AbstractProblemLoader Loading environment from /home/runner/work/key/key/key.core/../key.ui/examples/heap/vacid0_01_SparseArray/SparseArray_get_dep.key.proof 
50897      DEBUG main            d.u.i.k.p.i.AbstractProblemLoader Environment load took 485.91ns 
50899      INFO  main            d.u.i.k.p.i.AbstractProblemLoader Creating init config 
53598      DEBUG main            d.u.i.k.p.i.AbstractProblemLoader Init config took 2.7s 
53656      INFO  main            d.u.i.k.p.i.AbstractProblemLoader Replaying proof SparseArray[SparseArray::get(int)].JML accessible clause.0 
53983      DEBUG main            d.u.i.k.p.i.IntermediateProofReplayer Proof replay took 315ms 
53985      DEBUG main            d.u.i.k.p.r.p.TestFile    ... success: reloaded. 
53986      INFO  main            d.u.i.k.p.r.p.TestFile    Now processing file /home/runner/work/key/key/key.core/../key.ui/examples/heap/vacid0_01_SparseArray/SparseArray_get.key 
53987      INFO  main            d.u.i.k.p.i.AbstractProblemLoader Loading environment from /home/runner/work/key/key/key.core/../key.ui/examples/heap/vacid0_01_SparseArray/SparseArray_get.key 
53987      DEBUG main            d.u.i.k.p.i.AbstractProblemLoader Environment load took 222.2ns 
53988      INFO  main            d.u.i.k.p.i.AbstractProblemLoader Creating init config 
56725      DEBUG main            d.u.i.k.p.i.AbstractProblemLoader Init config took 2.74s 
56779      INFO  main            d.u.i.k.p.i.AbstractProblemLoader Replaying proof SparseArray[SparseArray::get(int)].JML normal_behavior operation contract.0 
56780      DEBUG main            d.u.i.k.p.i.IntermediateProofReplayer Proof replay took 6.4ns 
58988      INFO  main            d.u.i.k.p.r.p.TestFile    ... finished proof: closed. 
59192      INFO  main            d.u.i.k.p.i.AbstractProblemLoader Loading environment from /home/runner/work/key/key/key.core/../key.ui/examples/heap/vacid0_01_SparseArray/SparseArray_get.key.proof 
59193      DEBUG main            d.u.i.k.p.i.AbstractProblemLoader Environment load took 457.51ns 
59194      INFO  main            d.u.i.k.p.i.AbstractProblemLoader Creating init config 
61878      DEBUG main            d.u.i.k.p.i.AbstractProblemLoader Init config took 2.68s 
61939      INFO  main            d.u.i.k.p.i.AbstractProblemLoader Replaying proof SparseArray[SparseArray::get(int)].JML normal_behavior operation contract.0 
62197      DEBUG main            d.u.i.k.p.i.IntermediateProofReplayer Proof replay took 247.42ms 
62221      DEBUG main            d.u.i.k.p.r.p.TestFile    ... success: reloaded. 
62222      INFO  main            d.u.i.k.p.r.p.TestFile    Now processing file /home/runner/work/key/key/key.core/../key.ui/examples/heap/vacid0_01_SparseArray/SparseArray_inv.key 
62222      INFO  main            d.u.i.k.p.i.AbstractProblemLoader Loading environment from /home/runner/work/key/key/key.core/../key.ui/examples/heap/vacid0_01_SparseArray/SparseArray_inv.key 
62223      DEBUG main            d.u.i.k.p.i.AbstractProblemLoader Environment load took 56.4ns 
62223      INFO  main            d.u.i.k.p.i.AbstractProblemLoader Creating init config 
64928      DEBUG main            d.u.i.k.p.i.AbstractProblemLoader Init config took 2.7s 
64980      INFO  main            d.u.i.k.p.i.AbstractProblemLoader Replaying proof SparseArray[java.lang.Object::<inv>()].JML accessible clause.0 
64982      DEBUG main            d.u.i.k.p.i.IntermediateProofReplayer Proof replay took 6.3ns 
66797      INFO  main            d.u.i.k.p.r.p.TestFile    ... finished proof: closed. 
66987      INFO  main            d.u.i.k.p.i.AbstractProblemLoader Loading environment from /home/runner/work/key/key/key.core/../key.ui/examples/heap/vacid0_01_SparseArray/SparseArray_inv.key.proof 
66987      DEBUG main            d.u.i.k.p.i.AbstractProblemLoader Environment load took 136.1ns 
66988      INFO  main            d.u.i.k.p.i.AbstractProblemLoader Creating init config 
69649      DEBUG main            d.u.i.k.p.i.AbstractProblemLoader Init config took 2.66s 
69709      INFO  main            d.u.i.k.p.i.AbstractProblemLoader Replaying proof SparseArray[java.lang.Object::<inv>()].JML accessible clause.0 
69860      DEBUG main            d.u.i.k.p.i.IntermediateProofReplayer Proof replay took 145.6ms 
69861      DEBUG main            d.u.i.k.p.r.p.TestFile    ... success: reloaded. 
69863      INFO  main            d.u.i.k.p.r.p.TestFile    Now processing file /home/runner/work/key/key/key.core/../key.ui/examples/heap/vacid0_01_SparseArray/SparseArray_SparseArray.key 
69863      INFO  main            d.u.i.k.p.i.AbstractProblemLoader Loading environment from /home/runner/work/key/key/key.core/../key.ui/examples/heap/vacid0_01_SparseArray/SparseArray_SparseArray.key 
69863      DEBUG main            d.u.i.k.p.i.AbstractProblemLoader Environment load took 213.8ns 
69864      INFO  main            d.u.i.k.p.i.AbstractProblemLoader Creating init config 
72523      DEBUG main            d.u.i.k.p.i.AbstractProblemLoader Init config took 2.66s 
72576      INFO  main            d.u.i.k.p.i.AbstractProblemLoader Replaying proof SparseArray[SparseArray::SparseArray(int)].JML normal_behavior operation contract.0 
72578      DEBUG main            d.u.i.k.p.i.IntermediateProofReplayer Proof replay took 5.8ns 
75989      INFO  main            d.u.i.k.p.r.p.TestFile    ... finished proof: closed. 
76201      INFO  main            d.u.i.k.p.i.AbstractProblemLoader Loading environment from /home/runner/work/key/key/key.core/../key.ui/examples/heap/vacid0_01_SparseArray/SparseArray_SparseArray.key.proof 
76202      DEBUG main            d.u.i.k.p.i.AbstractProblemLoader Environment load took 491.11ns 
76203      INFO  main            d.u.i.k.p.i.AbstractProblemLoader Creating init config 
78875      DEBUG main            d.u.i.k.p.i.AbstractProblemLoader Init config took 2.67s 
78938      INFO  main            d.u.i.k.p.i.AbstractProblemLoader Replaying proof SparseArray[SparseArray::SparseArray(int)].JML normal_behavior operation contract.0 
79411      DEBUG main            d.u.i.k.p.i.IntermediateProofReplayer Proof replay took 461.84ms 
79412      DEBUG main            d.u.i.k.p.r.p.TestFile    ... success: reloaded. 
2198094    INFO  Test worker     d.u.i.k.p.r.RunAllProofsTestUnit Returning from test VACID0 
2198095    INFO  Test worker     d.u.i.k.p.r.RunAllProofsTestUnit Running test VSTTE10 
391        INFO  Timeout watchdog d.u.i.k.p.r.p.ForkedTestFileRunner Timeout watcher launched (2000 secs.) 
405        WARN  main            d.u.i.k.s.ProofSettings   The settings in /home/runner/.key/proof-settings.props are *not* read. 
450        INFO  main            d.u.i.k.p.r.p.TestFile    Now processing file /home/runner/work/key/key/key.core/../key.ui/examples/heap/vstte10_01_SumAndMax/SumAndMax_sumAndMax.key 
574        INFO  main            d.u.i.k.p.i.AbstractProblemLoader Loading environment from /home/runner/work/key/key/key.core/../key.ui/examples/heap/vstte10_01_SumAndMax/SumAndMax_sumAndMax.key 
601        DEBUG main            d.u.i.k.p.i.AbstractProblemLoader Environment load took 13.93ms 
807        INFO  main            d.u.i.k.p.i.AbstractProblemLoader Creating init config 
1626       DEBUG main            d.u.i.k.j.TypeConverter   No LDT found for Meta 
1627       DEBUG main            d.u.i.k.j.TypeConverter   No LDT found for Meta 
1628       DEBUG main            d.u.i.k.j.TypeConverter   No LDT found for Meta 
1629       DEBUG main            d.u.i.k.j.TypeConverter   No LDT found for Meta 
2940       DEBUG main            d.u.i.k.j.TypeConverter   No LDT found for JavaBigintExpression 
8237       DEBUG main            d.u.i.k.p.i.AbstractProblemLoader Init config took 7.43s 
8370       INFO  main            d.u.i.k.p.i.AbstractProblemLoader Replaying proof SumAndMax[SumAndMax::sumAndMax([I)].JML normal_behavior operation contract.0 
8404       DEBUG main            d.u.i.k.p.i.IntermediateProofReplayer Proof replay took 31.7ns 
13419      INFO  main            d.u.i.k.p.r.p.TestFile    ... finished proof: closed. 
13584      INFO  main            d.u.i.k.p.i.AbstractProblemLoader Loading environment from /home/runner/work/key/key/key.core/../key.ui/examples/heap/vstte10_01_SumAndMax/SumAndMax_sumAndMax.key.proof 
13584      DEBUG main            d.u.i.k.p.i.AbstractProblemLoader Environment load took 145.1ns 
13588      INFO  main            d.u.i.k.p.i.AbstractProblemLoader Creating init config 
16463      DEBUG main            d.u.i.k.p.i.AbstractProblemLoader Init config took 2.87s 
16535      INFO  main            d.u.i.k.p.i.AbstractProblemLoader Replaying proof SumAndMax[SumAndMax::sumAndMax([I)].JML normal_behavior operation contract.0 
17213      DEBUG main            d.u.i.k.p.i.IntermediateProofReplayer Proof replay took 645.47ms 
17221      DEBUG main            d.u.i.k.p.r.p.TestFile    ... success: reloaded. 
17223      INFO  main            d.u.i.k.p.r.p.TestFile    Now processing file /home/runner/work/key/key/key.core/../key.ui/examples/heap/vstte10_03_LinkedList/Node_cons.key 
17223      INFO  main            d.u.i.k.p.i.AbstractProblemLoader Loading environment from /home/runner/work/key/key/key.core/../key.ui/examples/heap/vstte10_03_LinkedList/Node_cons.key 
17224      DEBUG main            d.u.i.k.p.i.AbstractProblemLoader Environment load took 231.5ns 
17225      INFO  main            d.u.i.k.p.i.AbstractProblemLoader Creating init config 
20051      DEBUG main            d.u.i.k.p.i.AbstractProblemLoader Init config took 2.83s 
20110      INFO  main            d.u.i.k.p.i.AbstractProblemLoader Replaying proof Node[Node::cons(int,Node)].JML normal_behavior operation contract.0 
20112      DEBUG main            d.u.i.k.p.i.IntermediateProofReplayer Proof replay took 13.7ns 
21624      INFO  main            d.u.i.k.p.r.p.TestFile    ... finished proof: closed. 
21800      INFO  main            d.u.i.k.p.i.AbstractProblemLoader Loading environment from /home/runner/work/key/key/key.core/../key.ui/examples/heap/vstte10_03_LinkedList/Node_cons.key.proof 
21800      DEBUG main            d.u.i.k.p.i.AbstractProblemLoader Environment load took 439.71ns 
21803      INFO  main            d.u.i.k.p.i.AbstractProblemLoader Creating init config 
24492      DEBUG main            d.u.i.k.p.i.AbstractProblemLoader Init config took 2.69s 
24544      INFO  main            d.u.i.k.p.i.AbstractProblemLoader Replaying proof Node[Node::cons(int,Node)].JML normal_behavior operation contract.0 
24850      DEBUG main            d.u.i.k.p.i.IntermediateProofReplayer Proof replay took 292.83ms 
24851      DEBUG main            d.u.i.k.p.r.p.TestFile    ... success: reloaded. 
24853      INFO  main            d.u.i.k.p.r.p.TestFile    Now processing file /home/runner/work/key/key/key.core/../key.ui/examples/heap/vstte10_03_LinkedList/Node_inv.key 
24853      INFO  main            d.u.i.k.p.i.AbstractProblemLoader Loading environment from /home/runner/work/key/key/key.core/../key.ui/examples/heap/vstte10_03_LinkedList/Node_inv.key 
24853      DEBUG main            d.u.i.k.p.i.AbstractProblemLoader Environment load took 215.1ns 
24855      INFO  main            d.u.i.k.p.i.AbstractProblemLoader Creating init config 
27551      DEBUG main            d.u.i.k.p.i.AbstractProblemLoader Init config took 2.7s 
27603      INFO  main            d.u.i.k.p.i.AbstractProblemLoader Replaying proof Node[java.lang.Object::<inv>()].JML accessible clause.0 
27604      DEBUG main            d.u.i.k.p.i.IntermediateProofReplayer Proof replay took 6.2ns 
27909      INFO  main            d.u.i.k.p.r.p.TestFile    ... finished proof: closed. 
28059      INFO  main            d.u.i.k.p.i.AbstractProblemLoader Loading environment from /home/runner/work/key/key/key.core/../key.ui/examples/heap/vstte10_03_LinkedList/Node_inv.key.proof 
28059      DEBUG main            d.u.i.k.p.i.AbstractProblemLoader Environment load took 471.31ns 
28061      INFO  main            d.u.i.k.p.i.AbstractProblemLoader Creating init config 
30666      DEBUG main            d.u.i.k.p.i.AbstractProblemLoader Init config took 2.6s 
30715      INFO  main            d.u.i.k.p.i.AbstractProblemLoader Replaying proof Node[java.lang.Object::<inv>()].JML accessible clause.0 
30753      DEBUG main            d.u.i.k.p.i.IntermediateProofReplayer Proof replay took 34.34ms 
30754      DEBUG main            d.u.i.k.p.r.p.TestFile    ... success: reloaded. 
30755      INFO  main            d.u.i.k.p.r.p.TestFile    Now processing file /home/runner/work/key/key/key.core/../key.ui/examples/heap/vstte10_03_LinkedList/Node_search.key 
30755      INFO  main            d.u.i.k.p.i.AbstractProblemLoader Loading environment from /home/runner/work/key/key/key.core/../key.ui/examples/heap/vstte10_03_LinkedList/Node_search.key 
30756      DEBUG main            d.u.i.k.p.i.AbstractProblemLoader Environment load took 209.9ns 
30757      INFO  main            d.u.i.k.p.i.AbstractProblemLoader Creating init config 
33412      DEBUG main            d.u.i.k.p.i.AbstractProblemLoader Init config took 2.65s 
33468      INFO  main            d.u.i.k.p.i.AbstractProblemLoader Replaying proof Node[Node::search()].JML normal_behavior operation contract.0 
33470      DEBUG main            d.u.i.k.p.i.IntermediateProofReplayer Proof replay took 6.1ns 
39694      INFO  main            d.u.i.k.p.r.p.TestFile    ... finished proof: closed. 
39885      INFO  main            d.u.i.k.p.i.AbstractProblemLoader Loading environment from /home/runner/work/key/key/key.core/../key.ui/examples/heap/vstte10_03_LinkedList/Node_search.key.proof 
39886      DEBUG main            d.u.i.k.p.i.AbstractProblemLoader Environment load took 444.31ns 
39888      INFO  main            d.u.i.k.p.i.AbstractProblemLoader Creating init config 
42504      DEBUG main            d.u.i.k.p.i.AbstractProblemLoader Init config took 2.62s 
42551      INFO  main            d.u.i.k.p.i.AbstractProblemLoader Replaying proof Node[Node::search()].JML normal_behavior operation contract.0 
43198      DEBUG main            d.u.i.k.p.i.IntermediateProofReplayer Proof replay took 601.35ms 
43201      DEBUG main            d.u.i.k.p.r.p.TestFile    ... success: reloaded. 
43202      INFO  main            d.u.i.k.p.r.p.TestFile    Now processing file /home/runner/work/key/key/key.core/../key.ui/examples/heap/vstte10_04_Queens/Queens_isConsistent.key 
43202      INFO  main            d.u.i.k.p.i.AbstractProblemLoader Loading environment from /home/runner/work/key/key/key.core/../key.ui/examples/heap/vstte10_04_Queens/Queens_isConsistent.key 
43202      DEBUG main            d.u.i.k.p.i.AbstractProblemLoader Environment load took 104.3ns 
43203      INFO  main            d.u.i.k.p.i.AbstractProblemLoader Creating init config 
46250      DEBUG main            d.u.i.k.p.i.AbstractProblemLoader Init config took 3.05s 
46289      INFO  main            d.u.i.k.p.i.AbstractProblemLoader Replaying proof Queens[Queens::isConsistent([I,int)].JML normal_behavior operation contract.0 
46291      DEBUG main            d.u.i.k.p.i.IntermediateProofReplayer Proof replay took 6.4ns 
47998      INFO  main            d.u.i.k.p.r.p.TestFile    ... finished proof: closed. 
48214      INFO  main            d.u.i.k.p.i.AbstractProblemLoader Loading environment from /home/runner/work/key/key/key.core/../key.ui/examples/heap/vstte10_04_Queens/Queens_isConsistent.key.proof 
48215      DEBUG main            d.u.i.k.p.i.AbstractProblemLoader Environment load took 471.11ns 
48216      INFO  main            d.u.i.k.p.i.AbstractProblemLoader Creating init config 
50959      DEBUG main            d.u.i.k.p.i.AbstractProblemLoader Init config took 2.74s 
50997      INFO  main            d.u.i.k.p.i.AbstractProblemLoader Replaying proof Queens[Queens::isConsistent([I,int)].JML normal_behavior operation contract.0 
51395      DEBUG main            d.u.i.k.p.i.IntermediateProofReplayer Proof replay took 388.98ms 
51397      DEBUG main            d.u.i.k.p.r.p.TestFile    ... success: reloaded. 
51399      INFO  main            d.u.i.k.p.r.p.TestFile    Now processing file /home/runner/work/key/key/key.core/../key.ui/examples/heap/vstte10_04_Queens/Queens_nQueens.key 
51399      INFO  main            d.u.i.k.p.i.AbstractProblemLoader Loading environment from /home/runner/work/key/key/key.core/../key.ui/examples/heap/vstte10_04_Queens/Queens_nQueens.key 
51400      DEBUG main            d.u.i.k.p.i.AbstractProblemLoader Environment load took 267.5ns 
51400      INFO  main            d.u.i.k.p.i.AbstractProblemLoader Creating init config 
54092      DEBUG main            d.u.i.k.p.i.AbstractProblemLoader Init config took 2.69s 
54132      INFO  main            d.u.i.k.p.i.AbstractProblemLoader Replaying proof Queens[Queens::nQueens(int)].JML normal_behavior operation contract.0 
54134      DEBUG main            d.u.i.k.p.i.IntermediateProofReplayer Proof replay took 5.7ns 
66348      INFO  main            d.u.i.k.p.r.p.TestFile    ... finished proof: closed. 
66582      INFO  main            d.u.i.k.p.i.AbstractProblemLoader Loading environment from /home/runner/work/key/key/key.core/../key.ui/examples/heap/vstte10_04_Queens/Queens_nQueens.key.proof 
66582      DEBUG main            d.u.i.k.p.i.AbstractProblemLoader Environment load took 137ns 
66584      INFO  main            d.u.i.k.p.i.AbstractProblemLoader Creating init config 
69255      DEBUG main            d.u.i.k.p.i.AbstractProblemLoader Init config took 2.67s 
69295      INFO  main            d.u.i.k.p.i.AbstractProblemLoader Replaying proof Queens[Queens::nQueens(int)].JML normal_behavior operation contract.0 
70284      DEBUG main            d.u.i.k.p.i.IntermediateProofReplayer Proof replay took 970.09ms 
70286      DEBUG main            d.u.i.k.p.r.p.TestFile    ... success: reloaded. 
70287      INFO  main            d.u.i.k.p.r.p.TestFile    Now processing file /home/runner/work/key/key/key.core/../key.ui/examples/heap/vstte10_05_Queue/AmortizedQueue_AmortizedQueue.key 
70287      INFO  main            d.u.i.k.p.i.AbstractProblemLoader Loading environment from /home/runner/work/key/key/key.core/../key.ui/examples/heap/vstte10_05_Queue/AmortizedQueue_AmortizedQueue.key 
70288      DEBUG main            d.u.i.k.p.i.AbstractProblemLoader Environment load took 103.6ns 
70288      INFO  main            d.u.i.k.p.i.AbstractProblemLoader Creating init config 
73080      DEBUG main            d.u.i.k.p.i.AbstractProblemLoader Init config took 2.79s 
73122      INFO  main            d.u.i.k.p.i.AbstractProblemLoader Replaying proof AmortizedQueue[AmortizedQueue::AmortizedQueue()].JML normal_behavior operation contract.0 
73123      DEBUG main            d.u.i.k.p.i.IntermediateProofReplayer Proof replay took 6.3ns 
74457      INFO  main            d.u.i.k.p.r.p.TestFile    ... finished proof: closed. 
74685      INFO  main            d.u.i.k.p.i.AbstractProblemLoader Loading environment from /home/runner/work/key/key/key.core/../key.ui/examples/heap/vstte10_05_Queue/AmortizedQueue_AmortizedQueue.key.proof 
74686      DEBUG main            d.u.i.k.p.i.AbstractProblemLoader Environment load took 1.17ms 
74688      INFO  main            d.u.i.k.p.i.AbstractProblemLoader Creating init config 
77347      DEBUG main            d.u.i.k.p.i.AbstractProblemLoader Init config took 2.66s 
77397      INFO  main            d.u.i.k.p.i.AbstractProblemLoader Replaying proof AmortizedQueue[AmortizedQueue::AmortizedQueue()].JML normal_behavior operation contract.0 
77657      DEBUG main            d.u.i.k.p.i.IntermediateProofReplayer Proof replay took 251.55ms 
77659      DEBUG main            d.u.i.k.p.r.p.TestFile    ... success: reloaded. 
77660      INFO  main            d.u.i.k.p.r.p.TestFile    Now processing file /home/runner/work/key/key/key.core/../key.ui/examples/heap/vstte10_05_Queue/AmortizedQueue_front.key 
77660      INFO  main            d.u.i.k.p.i.AbstractProblemLoader Loading environment from /home/runner/work/key/key/key.core/../key.ui/examples/heap/vstte10_05_Queue/AmortizedQueue_front.key 
77661      DEBUG main            d.u.i.k.p.i.AbstractProblemLoader Environment load took 222.2ns 
77662      INFO  main            d.u.i.k.p.i.AbstractProblemLoader Creating init config 
80400      DEBUG main            d.u.i.k.p.i.AbstractProblemLoader Init config took 2.74s 
80441      INFO  main            d.u.i.k.p.i.AbstractProblemLoader Replaying proof AmortizedQueue[AmortizedQueue::front()].JML normal_behavior operation contract.0 
80442      DEBUG main            d.u.i.k.p.i.IntermediateProofReplayer Proof replay took 6.7ns 
80949      INFO  main            d.u.i.k.p.r.p.TestFile    ... finished proof: closed. 
81144      INFO  main            d.u.i.k.p.i.AbstractProblemLoader Loading environment from /home/runner/work/key/key/key.core/../key.ui/examples/heap/vstte10_05_Queue/AmortizedQueue_front.key.proof 
81144      DEBUG main            d.u.i.k.p.i.AbstractProblemLoader Environment load took 127.3ns 
81147      INFO  main            d.u.i.k.p.i.AbstractProblemLoader Creating init config 
83832      DEBUG main            d.u.i.k.p.i.AbstractProblemLoader Init config took 2.69s 
83873      INFO  main            d.u.i.k.p.i.AbstractProblemLoader Replaying proof AmortizedQueue[AmortizedQueue::front()].JML normal_behavior operation contract.0 
83927      DEBUG main            d.u.i.k.p.i.IntermediateProofReplayer Proof replay took 51.11ms 
83928      DEBUG main            d.u.i.k.p.r.p.TestFile    ... success: reloaded. 
83929      INFO  main            d.u.i.k.p.r.p.TestFile    Now processing file /home/runner/work/key/key/key.core/../key.ui/examples/heap/vstte10_05_Queue/LinkedList_concat.key 
83929      INFO  main            d.u.i.k.p.i.AbstractProblemLoader Loading environment from /home/runner/work/key/key/key.core/../key.ui/examples/heap/vstte10_05_Queue/LinkedList_concat.key 
83930      DEBUG main            d.u.i.k.p.i.AbstractProblemLoader Environment load took 214.6ns 
83931      INFO  main            d.u.i.k.p.i.AbstractProblemLoader Creating init config 
86659      DEBUG main            d.u.i.k.p.i.AbstractProblemLoader Init config took 2.73s 
86718      INFO  main            d.u.i.k.p.i.AbstractProblemLoader Replaying proof LinkedList[LinkedList::concat(LinkedList)].JML normal_behavior operation contract.0 
86720      DEBUG main            d.u.i.k.p.i.IntermediateProofReplayer Proof replay took 6.7ns 
95250      INFO  main            d.u.i.k.p.r.p.TestFile    ... finished proof: closed. 
95497      INFO  main            d.u.i.k.p.i.AbstractProblemLoader Loading environment from /home/runner/work/key/key/key.core/../key.ui/examples/heap/vstte10_05_Queue/LinkedList_concat.key.proof 
95497      DEBUG main            d.u.i.k.p.i.AbstractProblemLoader Environment load took 456.01ns 
95500      INFO  main            d.u.i.k.p.i.AbstractProblemLoader Creating init config 
98139      DEBUG main            d.u.i.k.p.i.AbstractProblemLoader Init config took 2.64s 
98182      INFO  main            d.u.i.k.p.i.AbstractProblemLoader Replaying proof LinkedList[LinkedList::concat(LinkedList)].JML normal_behavior operation contract.0 
98962      DEBUG main            d.u.i.k.p.i.IntermediateProofReplayer Proof replay took 747.02ms 
98964      DEBUG main            d.u.i.k.p.r.p.TestFile    ... success: reloaded. 
98965      INFO  main            d.u.i.k.p.r.p.TestFile    Now processing file /home/runner/work/key/key/key.core/../key.ui/examples/heap/vstte10_05_Queue/LinkedList_cons.key 
98966      INFO  main            d.u.i.k.p.i.AbstractProblemLoader Loading environment from /home/runner/work/key/key/key.core/../key.ui/examples/heap/vstte10_05_Queue/LinkedList_cons.key 
98966      DEBUG main            d.u.i.k.p.i.AbstractProblemLoader Environment load took 98.9ns 
98967      INFO  main            d.u.i.k.p.i.AbstractProblemLoader Creating init config 
101684     DEBUG main            d.u.i.k.p.i.AbstractProblemLoader Init config took 2.72s 
101728     INFO  main            d.u.i.k.p.i.AbstractProblemLoader Replaying proof LinkedList[LinkedList::cons(int)].JML normal_behavior operation contract.0 
101730     DEBUG main            d.u.i.k.p.i.IntermediateProofReplayer Proof replay took 6.2ns 
104037     INFO  main            d.u.i.k.p.r.p.TestFile    ... finished proof: closed. 
104273     INFO  main            d.u.i.k.p.i.AbstractProblemLoader Loading environment from /home/runner/work/key/key/key.core/../key.ui/examples/heap/vstte10_05_Queue/LinkedList_cons.key.proof 
104274     DEBUG main            d.u.i.k.p.i.AbstractProblemLoader Environment load took 437.41ns 
104275     INFO  main            d.u.i.k.p.i.AbstractProblemLoader Creating init config 
106892     DEBUG main            d.u.i.k.p.i.AbstractProblemLoader Init config took 2.62s 
106933     INFO  main            d.u.i.k.p.i.AbstractProblemLoader Replaying proof LinkedList[LinkedList::cons(int)].JML normal_behavior operation contract.0 
107220     DEBUG main            d.u.i.k.p.i.IntermediateProofReplayer Proof replay took 276.27ms 
107221     DEBUG main            d.u.i.k.p.r.p.TestFile    ... success: reloaded. 
107222     INFO  main            d.u.i.k.p.r.p.TestFile    Now processing file /home/runner/work/key/key/key.core/../key.ui/examples/heap/vstte10_05_Queue/LinkedList_head.key 
107222     INFO  main            d.u.i.k.p.i.AbstractProblemLoader Loading environment from /home/runner/work/key/key/key.core/../key.ui/examples/heap/vstte10_05_Queue/LinkedList_head.key 
107223     DEBUG main            d.u.i.k.p.i.AbstractProblemLoader Environment load took 103.6ns 
107223     INFO  main            d.u.i.k.p.i.AbstractProblemLoader Creating init config 
109897     DEBUG main            d.u.i.k.p.i.AbstractProblemLoader Init config took 2.67s 
109939     INFO  main            d.u.i.k.p.i.AbstractProblemLoader Replaying proof LinkedList[LinkedList::head()].JML normal_behavior operation contract.0 
109941     DEBUG main            d.u.i.k.p.i.IntermediateProofReplayer Proof replay took 6.8ns 
110043     INFO  main            d.u.i.k.p.r.p.TestFile    ... finished proof: closed. 
110278     INFO  main            d.u.i.k.p.i.AbstractProblemLoader Loading environment from /home/runner/work/key/key/key.core/../key.ui/examples/heap/vstte10_05_Queue/LinkedList_head.key.proof 
110278     DEBUG main            d.u.i.k.p.i.AbstractProblemLoader Environment load took 130.3ns 
110280     INFO  main            d.u.i.k.p.i.AbstractProblemLoader Creating init config 
112896     DEBUG main            d.u.i.k.p.i.AbstractProblemLoader Init config took 2.62s 
112947     INFO  main            d.u.i.k.p.i.AbstractProblemLoader Replaying proof LinkedList[LinkedList::head()].JML normal_behavior operation contract.0 
112965     DEBUG main            d.u.i.k.p.i.IntermediateProofReplayer Proof replay took 12.49ms 
112967     DEBUG main            d.u.i.k.p.r.p.TestFile    ... success: reloaded. 
112968     INFO  main            d.u.i.k.p.r.p.TestFile    Now processing file /home/runner/work/key/key/key.core/../key.ui/examples/heap/vstte10_05_Queue/LinkedList_inv.key 
112968     INFO  main            d.u.i.k.p.i.AbstractProblemLoader Loading environment from /home/runner/work/key/key/key.core/../key.ui/examples/heap/vstte10_05_Queue/LinkedList_inv.key 
112968     DEBUG main            d.u.i.k.p.i.AbstractProblemLoader Environment load took 99.8ns 
112969     INFO  main            d.u.i.k.p.i.AbstractProblemLoader Creating init config 
115667     DEBUG main            d.u.i.k.p.i.AbstractProblemLoader Init config took 2.7s 
115708     INFO  main            d.u.i.k.p.i.AbstractProblemLoader Replaying proof LinkedList[java.lang.Object::<inv>()].JML accessible clause.0 
115709     DEBUG main            d.u.i.k.p.i.IntermediateProofReplayer Proof replay took 6.5ns 
116012     INFO  main            d.u.i.k.p.r.p.TestFile    ... finished proof: closed. 
116216     INFO  main            d.u.i.k.p.i.AbstractProblemLoader Loading environment from /home/runner/work/key/key/key.core/../key.ui/examples/heap/vstte10_05_Queue/LinkedList_inv.key.proof 
116216     DEBUG main            d.u.i.k.p.i.AbstractProblemLoader Environment load took 125.2ns 
116217     INFO  main            d.u.i.k.p.i.AbstractProblemLoader Creating init config 
118824     DEBUG main            d.u.i.k.p.i.AbstractProblemLoader Init config took 2.61s 
118865     INFO  main            d.u.i.k.p.i.AbstractProblemLoader Replaying proof LinkedList[java.lang.Object::<inv>()].JML accessible clause.0 
118895     DEBUG main            d.u.i.k.p.i.IntermediateProofReplayer Proof replay took 26.97ms 
118896     DEBUG main            d.u.i.k.p.r.p.TestFile    ... success: reloaded. 
118898     INFO  main            d.u.i.k.p.r.p.TestFile    Now processing file /home/runner/work/key/key/key.core/../key.ui/examples/heap/vstte10_05_Queue/LinkedList_length.key 
118898     INFO  main            d.u.i.k.p.i.AbstractProblemLoader Loading environment from /home/runner/work/key/key/key.core/../key.ui/examples/heap/vstte10_05_Queue/LinkedList_length.key 
118898     DEBUG main            d.u.i.k.p.i.AbstractProblemLoader Environment load took 166.8ns 
118902     INFO  main            d.u.i.k.p.i.AbstractProblemLoader Creating init config 
121601     DEBUG main            d.u.i.k.p.i.AbstractProblemLoader Init config took 2.7s 
121642     INFO  main            d.u.i.k.p.i.AbstractProblemLoader Replaying proof LinkedList[LinkedList::length()].JML normal_behavior operation contract.0 
121643     DEBUG main            d.u.i.k.p.i.IntermediateProofReplayer Proof replay took 6ns 
121748     INFO  main            d.u.i.k.p.r.p.TestFile    ... finished proof: closed. 
121945     INFO  main            d.u.i.k.p.i.AbstractProblemLoader Loading environment from /home/runner/work/key/key/key.core/../key.ui/examples/heap/vstte10_05_Queue/LinkedList_length.key.proof 
121945     DEBUG main            d.u.i.k.p.i.AbstractProblemLoader Environment load took 121.7ns 
121946     INFO  main            d.u.i.k.p.i.AbstractProblemLoader Creating init config 
124592     DEBUG main            d.u.i.k.p.i.AbstractProblemLoader Init config took 2.65s 
124631     INFO  main            d.u.i.k.p.i.AbstractProblemLoader Replaying proof LinkedList[LinkedList::length()].JML normal_behavior operation contract.0 
124645     DEBUG main            d.u.i.k.p.i.IntermediateProofReplayer Proof replay took 11.75ms 
124646     DEBUG main            d.u.i.k.p.r.p.TestFile    ... success: reloaded. 
124646     INFO  main            d.u.i.k.p.r.p.TestFile    Now processing file /home/runner/work/key/key/key.core/../key.ui/examples/heap/vstte10_05_Queue/LinkedList_LinkedList1.key 
124647     INFO  main            d.u.i.k.p.i.AbstractProblemLoader Loading environment from /home/runner/work/key/key/key.core/../key.ui/examples/heap/vstte10_05_Queue/LinkedList_LinkedList1.key 
124647     DEBUG main            d.u.i.k.p.i.AbstractProblemLoader Environment load took 81.1ns 
124648     INFO  main            d.u.i.k.p.i.AbstractProblemLoader Creating init config 
127266     DEBUG main            d.u.i.k.p.i.AbstractProblemLoader Init config took 2.62s 
127306     INFO  main            d.u.i.k.p.i.AbstractProblemLoader Replaying proof LinkedList[LinkedList::LinkedList(int,LinkedList)].JML normal_behavior operation contract.0 
127308     DEBUG main            d.u.i.k.p.i.IntermediateProofReplayer Proof replay took 6.6ns 
129048     INFO  main            d.u.i.k.p.r.p.TestFile    ... finished proof: closed. 
129286     INFO  main            d.u.i.k.p.i.AbstractProblemLoader Loading environment from /home/runner/work/key/key/key.core/../key.ui/examples/heap/vstte10_05_Queue/LinkedList_LinkedList1.key.proof 
129287     DEBUG main            d.u.i.k.p.i.AbstractProblemLoader Environment load took 536.71ns 
129288     INFO  main            d.u.i.k.p.i.AbstractProblemLoader Creating init config 
131869     DEBUG main            d.u.i.k.p.i.AbstractProblemLoader Init config took 2.58s 
131909     INFO  main            d.u.i.k.p.i.AbstractProblemLoader Replaying proof LinkedList[LinkedList::LinkedList(int,LinkedList)].JML normal_behavior operation contract.0 
132155     DEBUG main            d.u.i.k.p.i.IntermediateProofReplayer Proof replay took 238.57ms 
132156     DEBUG main            d.u.i.k.p.r.p.TestFile    ... success: reloaded. 
132158     INFO  main            d.u.i.k.p.r.p.TestFile    Now processing file /home/runner/work/key/key/key.core/../key.ui/examples/heap/vstte10_05_Queue/LinkedList_LinkedList2.key 
132158     INFO  main            d.u.i.k.p.i.AbstractProblemLoader Loading environment from /home/runner/work/key/key/key.core/../key.ui/examples/heap/vstte10_05_Queue/LinkedList_LinkedList2.key 
132158     DEBUG main            d.u.i.k.p.i.AbstractProblemLoader Environment load took 96.7ns 
132159     INFO  main            d.u.i.k.p.i.AbstractProblemLoader Creating init config 
134860     DEBUG main            d.u.i.k.p.i.AbstractProblemLoader Init config took 2.7s 
134902     INFO  main            d.u.i.k.p.i.AbstractProblemLoader Replaying proof LinkedList[LinkedList::LinkedList(int,LinkedList)].JML normal_behavior operation contract.0 
134903     DEBUG main            d.u.i.k.p.i.IntermediateProofReplayer Proof replay took 6.2ns 
136731     INFO  main            d.u.i.k.p.r.p.TestFile    ... finished proof: closed. 
136984     INFO  main            d.u.i.k.p.i.AbstractProblemLoader Loading environment from /home/runner/work/key/key/key.core/../key.ui/examples/heap/vstte10_05_Queue/LinkedList_LinkedList2.key.proof 
136984     DEBUG main            d.u.i.k.p.i.AbstractProblemLoader Environment load took 129.3ns 
136985     INFO  main            d.u.i.k.p.i.AbstractProblemLoader Creating init config 
139560     DEBUG main            d.u.i.k.p.i.AbstractProblemLoader Init config took 2.57s 
139601     INFO  main            d.u.i.k.p.i.AbstractProblemLoader Replaying proof LinkedList[LinkedList::LinkedList(int,LinkedList)].JML normal_behavior operation contract.0 
139856     DEBUG main            d.u.i.k.p.i.IntermediateProofReplayer Proof replay took 247.62ms 
139857     DEBUG main            d.u.i.k.p.r.p.TestFile    ... success: reloaded. 
139858     INFO  main            d.u.i.k.p.r.p.TestFile    Now processing file /home/runner/work/key/key/key.core/../key.ui/examples/heap/vstte10_05_Queue/LinkedList_LinkedList3.key 
139858     INFO  main            d.u.i.k.p.i.AbstractProblemLoader Loading environment from /home/runner/work/key/key/key.core/../key.ui/examples/heap/vstte10_05_Queue/LinkedList_LinkedList3.key 
139858     DEBUG main            d.u.i.k.p.i.AbstractProblemLoader Environment load took 65.3ns 
139859     INFO  main            d.u.i.k.p.i.AbstractProblemLoader Creating init config 
142531     DEBUG main            d.u.i.k.p.i.AbstractProblemLoader Init config took 2.67s 
142571     INFO  main            d.u.i.k.p.i.AbstractProblemLoader Replaying proof LinkedList[LinkedList::LinkedList(int,LinkedList)].JML normal_behavior operation contract.0 
142572     DEBUG main            d.u.i.k.p.i.IntermediateProofReplayer Proof replay took 5.7ns 
155233     INFO  main            d.u.i.k.p.r.p.TestFile    ... finished proof: closed. 
155560     INFO  main            d.u.i.k.p.i.AbstractProblemLoader Loading environment from /home/runner/work/key/key/key.core/../key.ui/examples/heap/vstte10_05_Queue/LinkedList_LinkedList3.key.proof 
155560     DEBUG main            d.u.i.k.p.i.AbstractProblemLoader Environment load took 452.4ns 
155568     INFO  main            d.u.i.k.p.i.AbstractProblemLoader Creating init config 
158160     DEBUG main            d.u.i.k.p.i.AbstractProblemLoader Init config took 2.59s 
158218     INFO  main            d.u.i.k.p.i.AbstractProblemLoader Replaying proof LinkedList[LinkedList::LinkedList(int,LinkedList)].JML normal_behavior operation contract.0 
159346     DEBUG main            d.u.i.k.p.i.IntermediateProofReplayer Proof replay took 1.03s 
159352     DEBUG main            d.u.i.k.p.r.p.TestFile    ... success: reloaded. 
159353     INFO  main            d.u.i.k.p.r.p.TestFile    Now processing file /home/runner/work/key/key/key.core/../key.ui/examples/heap/vstte10_05_Queue/LinkedList_reverse.key 
159354     INFO  main            d.u.i.k.p.i.AbstractProblemLoader Loading environment from /home/runner/work/key/key/key.core/../key.ui/examples/heap/vstte10_05_Queue/LinkedList_reverse.key 
159354     DEBUG main            d.u.i.k.p.i.AbstractProblemLoader Environment load took 62.6ns 
159355     INFO  main            d.u.i.k.p.i.AbstractProblemLoader Creating init config 
162043     DEBUG main            d.u.i.k.p.i.AbstractProblemLoader Init config took 2.69s 
162085     INFO  main            d.u.i.k.p.i.AbstractProblemLoader Replaying proof LinkedList[LinkedList::reverse()].JML normal_behavior operation contract.0 
162087     DEBUG main            d.u.i.k.p.i.IntermediateProofReplayer Proof replay took 5.9ns 
170921     INFO  main            d.u.i.k.p.r.p.TestFile    ... finished proof: closed. 
171233     INFO  main            d.u.i.k.p.i.AbstractProblemLoader Loading environment from /home/runner/work/key/key/key.core/../key.ui/examples/heap/vstte10_05_Queue/LinkedList_reverse.key.proof 
171234     DEBUG main            d.u.i.k.p.i.AbstractProblemLoader Environment load took 539.51ns 
171236     INFO  main            d.u.i.k.p.i.AbstractProblemLoader Creating init config 
173814     DEBUG main            d.u.i.k.p.i.AbstractProblemLoader Init config took 2.58s 
173854     INFO  main            d.u.i.k.p.i.AbstractProblemLoader Replaying proof LinkedList[LinkedList::reverse()].JML normal_behavior operation contract.0 
174596     DEBUG main            d.u.i.k.p.i.IntermediateProofReplayer Proof replay took 710.68ms 
174598     DEBUG main            d.u.i.k.p.r.p.TestFile    ... success: reloaded. 
174599     INFO  main            d.u.i.k.p.r.p.TestFile    Now processing file /home/runner/work/key/key/key.core/../key.ui/examples/heap/vstte10_05_Queue/LinkedList_tail.key 
174600     INFO  main            d.u.i.k.p.i.AbstractProblemLoader Loading environment from /home/runner/work/key/key/key.core/../key.ui/examples/heap/vstte10_05_Queue/LinkedList_tail.key 
174600     DEBUG main            d.u.i.k.p.i.AbstractProblemLoader Environment load took 87.1ns 
174601     INFO  main            d.u.i.k.p.i.AbstractProblemLoader Creating init config 
177258     DEBUG main            d.u.i.k.p.i.AbstractProblemLoader Init config took 2.66s 
177298     INFO  main            d.u.i.k.p.i.AbstractProblemLoader Replaying proof LinkedList[LinkedList::tail()].JML normal_behavior operation contract.0 
177299     DEBUG main            d.u.i.k.p.i.IntermediateProofReplayer Proof replay took 42.8ns 
177805     INFO  main            d.u.i.k.p.r.p.TestFile    ... finished proof: closed. 
178058     INFO  main            d.u.i.k.p.i.AbstractProblemLoader Loading environment from /home/runner/work/key/key/key.core/../key.ui/examples/heap/vstte10_05_Queue/LinkedList_tail.key.proof 
178058     DEBUG main            d.u.i.k.p.i.AbstractProblemLoader Environment load took 549.41ns 
178060     INFO  main            d.u.i.k.p.i.AbstractProblemLoader Creating init config 
180676     DEBUG main            d.u.i.k.p.i.AbstractProblemLoader Init config took 2.62s 
180717     INFO  main            d.u.i.k.p.i.AbstractProblemLoader Replaying proof LinkedList[LinkedList::tail()].JML normal_behavior operation contract.0 
180813     DEBUG main            d.u.i.k.p.i.IntermediateProofReplayer Proof replay took 93.51ms 
180814     DEBUG main            d.u.i.k.p.r.p.TestFile    ... success: reloaded. 
2379072    INFO  Test worker     d.u.i.k.p.r.RunAllProofsTestUnit Returning from test VSTTE10 
2379073    INFO  Test worker     d.u.i.k.p.r.RunAllProofsTestUnit Running test WeideEtAl 
394        INFO  Timeout watchdog d.u.i.k.p.r.p.ForkedTestFileRunner Timeout watcher launched (2000 secs.) 
414        WARN  main            d.u.i.k.s.ProofSettings   The settings in /home/runner/.key/proof-settings.props are *not* read. 
462        INFO  main            d.u.i.k.p.r.p.TestFile    Now processing file /home/runner/work/key/key/key.core/../key.ui/examples/heap/WeideEtAl_01_AddAndMultiply/AddAndMultiply_add.key 
577        INFO  main            d.u.i.k.p.i.AbstractProblemLoader Loading environment from /home/runner/work/key/key/key.core/../key.ui/examples/heap/WeideEtAl_01_AddAndMultiply/AddAndMultiply_add.key 
598        DEBUG main            d.u.i.k.p.i.AbstractProblemLoader Environment load took 2.19ms 
824        INFO  main            d.u.i.k.p.i.AbstractProblemLoader Creating init config 
1728       DEBUG main            d.u.i.k.j.TypeConverter   No LDT found for Meta 
1729       DEBUG main            d.u.i.k.j.TypeConverter   No LDT found for Meta 
1730       DEBUG main            d.u.i.k.j.TypeConverter   No LDT found for Meta 
1730       DEBUG main            d.u.i.k.j.TypeConverter   No LDT found for Meta 
2991       DEBUG main            d.u.i.k.j.TypeConverter   No LDT found for JavaBigintExpression 
7728       DEBUG main            d.u.i.k.p.i.AbstractProblemLoader Init config took 6.9s 
7938       INFO  main            d.u.i.k.p.i.AbstractProblemLoader Replaying proof AddAndMultiply[AddAndMultiply::add(int,int)].JML normal_behavior operation contract.0 
7975       DEBUG main            d.u.i.k.p.i.IntermediateProofReplayer Proof replay took 33.7ns 
9455       INFO  main            d.u.i.k.p.r.p.TestFile    ... finished proof: closed. 
9650       INFO  main            d.u.i.k.p.i.AbstractProblemLoader Loading environment from /home/runner/work/key/key/key.core/../key.ui/examples/heap/WeideEtAl_01_AddAndMultiply/AddAndMultiply_add.key.proof 
9650       DEBUG main            d.u.i.k.p.i.AbstractProblemLoader Environment load took 450.2ns 
9652       INFO  main            d.u.i.k.p.i.AbstractProblemLoader Creating init config 
12378      DEBUG main            d.u.i.k.p.i.AbstractProblemLoader Init config took 2.73s 
12452      INFO  main            d.u.i.k.p.i.AbstractProblemLoader Replaying proof AddAndMultiply[AddAndMultiply::add(int,int)].JML normal_behavior operation contract.0 
12685      DEBUG main            d.u.i.k.p.i.IntermediateProofReplayer Proof replay took 224.38ms 
12692      DEBUG main            d.u.i.k.p.r.p.TestFile    ... success: reloaded. 
12694      INFO  main            d.u.i.k.p.r.p.TestFile    Now processing file /home/runner/work/key/key/key.core/../key.ui/examples/heap/WeideEtAl_01_AddAndMultiply/AddAndMultiply_mul.key 
12694      INFO  main            d.u.i.k.p.i.AbstractProblemLoader Loading environment from /home/runner/work/key/key/key.core/../key.ui/examples/heap/WeideEtAl_01_AddAndMultiply/AddAndMultiply_mul.key 
12695      DEBUG main            d.u.i.k.p.i.AbstractProblemLoader Environment load took 271.4ns 
12696      INFO  main            d.u.i.k.p.i.AbstractProblemLoader Creating init config 
15348      DEBUG main            d.u.i.k.p.i.AbstractProblemLoader Init config took 2.65s 
15403      INFO  main            d.u.i.k.p.i.AbstractProblemLoader Replaying proof AddAndMultiply[AddAndMultiply::mul(int,int)].JML normal_behavior operation contract.0 
15405      DEBUG main            d.u.i.k.p.i.IntermediateProofReplayer Proof replay took 5.7ns 
15910      INFO  main            d.u.i.k.p.r.p.TestFile    ... finished proof: closed. 
16049      INFO  main            d.u.i.k.p.i.AbstractProblemLoader Loading environment from /home/runner/work/key/key/key.core/../key.ui/examples/heap/WeideEtAl_01_AddAndMultiply/AddAndMultiply_mul.key.proof 
16050      DEBUG main            d.u.i.k.p.i.AbstractProblemLoader Environment load took 601.31ns 
16052      INFO  main            d.u.i.k.p.i.AbstractProblemLoader Creating init config 
18589      DEBUG main            d.u.i.k.p.i.AbstractProblemLoader Init config took 2.54s 
18649      INFO  main            d.u.i.k.p.i.AbstractProblemLoader Replaying proof AddAndMultiply[AddAndMultiply::mul(int,int)].JML normal_behavior operation contract.0 
18763      DEBUG main            d.u.i.k.p.i.IntermediateProofReplayer Proof replay took 109.41ms 
18764      DEBUG main            d.u.i.k.p.r.p.TestFile    ... success: reloaded. 
18766      INFO  main            d.u.i.k.p.r.p.TestFile    Now processing file /home/runner/work/key/key/key.core/../key.ui/examples/heap/WeideEtAl_02_BinarySearch/BinarySearch_search.key 
18766      INFO  main            d.u.i.k.p.i.AbstractProblemLoader Loading environment from /home/runner/work/key/key/key.core/../key.ui/examples/heap/WeideEtAl_02_BinarySearch/BinarySearch_search.key 
18766      DEBUG main            d.u.i.k.p.i.AbstractProblemLoader Environment load took 218.5ns 
18768      INFO  main            d.u.i.k.p.i.AbstractProblemLoader Creating init config 
21349      DEBUG main            d.u.i.k.p.i.AbstractProblemLoader Init config took 2.58s 
21394      INFO  main            d.u.i.k.p.i.AbstractProblemLoader Replaying proof BinarySearch[BinarySearch::search([I,int)].JML normal_behavior operation contract.0 
21398      DEBUG main            d.u.i.k.p.i.IntermediateProofReplayer Proof replay took 5.4ns 
24471      INFO  main            d.u.i.k.p.r.p.TestFile    ... finished proof: closed. 
24663      INFO  main            d.u.i.k.p.i.AbstractProblemLoader Loading environment from /home/runner/work/key/key/key.core/../key.ui/examples/heap/WeideEtAl_02_BinarySearch/BinarySearch_search.key.proof 
24667      DEBUG main            d.u.i.k.p.i.AbstractProblemLoader Environment load took 3.41ms 
24669      INFO  main            d.u.i.k.p.i.AbstractProblemLoader Creating init config 
27209      DEBUG main            d.u.i.k.p.i.AbstractProblemLoader Init config took 2.54s 
27253      INFO  main            d.u.i.k.p.i.AbstractProblemLoader Replaying proof BinarySearch[BinarySearch::search([I,int)].JML normal_behavior operation contract.0 
27832      DEBUG main            d.u.i.k.p.i.IntermediateProofReplayer Proof replay took 559.83ms 
27836      DEBUG main            d.u.i.k.p.r.p.TestFile    ... success: reloaded. 
2407076    INFO  Test worker     d.u.i.k.p.r.RunAllProofsTestUnit Returning from test WeideEtAl 
2407077    INFO  Test worker     d.u.i.k.p.r.RunAllProofsTestUnit Running test arithmetic 
349        INFO  Timeout watchdog d.u.i.k.p.r.p.ForkedTestFileRunner Timeout watcher launched (2000 secs.) 
362        WARN  main            d.u.i.k.s.ProofSettings   The settings in /home/runner/.key/proof-settings.props are *not* read. 
390        INFO  main            d.u.i.k.p.r.p.TestFile    Now processing file /home/runner/work/key/key/key.core/../key.ui/examples/standard_key/arith/binomial1.key 
509        INFO  main            d.u.i.k.p.i.AbstractProblemLoader Loading environment from /home/runner/work/key/key/key.core/../key.ui/examples/standard_key/arith/binomial1.key 
525        DEBUG main            d.u.i.k.p.i.AbstractProblemLoader Environment load took 2.22ms 
755        INFO  main            d.u.i.k.p.i.AbstractProblemLoader Creating init config 
1652       DEBUG main            d.u.i.k.j.TypeConverter   No LDT found for Meta 
1653       DEBUG main            d.u.i.k.j.TypeConverter   No LDT found for Meta 
1656       DEBUG main            d.u.i.k.j.TypeConverter   No LDT found for Meta 
1657       DEBUG main            d.u.i.k.j.TypeConverter   No LDT found for Meta 
3166       DEBUG main            d.u.i.k.j.TypeConverter   No LDT found for JavaBigintExpression 
7654       DEBUG main            d.u.i.k.p.i.AbstractProblemLoader Init config took 6.9s 
7711       INFO  main            d.u.i.k.p.i.AbstractProblemLoader Replaying proof binomial1.key 
7743       DEBUG main            d.u.i.k.p.i.IntermediateProofReplayer Proof replay took 33.7ns 
7999       INFO  main            d.u.i.k.p.r.p.TestFile    ... finished proof: closed. 
8096       INFO  main            d.u.i.k.p.i.AbstractProblemLoader Loading environment from /home/runner/work/key/key/key.core/../key.ui/examples/standard_key/arith/binomial1.key.proof 
8097       DEBUG main            d.u.i.k.p.i.AbstractProblemLoader Environment load took 154.1ns 
8100       INFO  main            d.u.i.k.p.i.AbstractProblemLoader Creating init config 
10737      DEBUG main            d.u.i.k.p.i.AbstractProblemLoader Init config took 2.64s 
10766      INFO  main            d.u.i.k.p.i.AbstractProblemLoader Replaying proof binomial1.key.proof 
10783      DEBUG main            d.u.i.k.p.i.IntermediateProofReplayer Proof replay took 12.7ms 
10793      DEBUG main            d.u.i.k.p.r.p.TestFile    ... success: reloaded. 
10794      INFO  main            d.u.i.k.p.r.p.TestFile    Now processing file /home/runner/work/key/key/key.core/../key.ui/examples/standard_key/arith/binomial2.key 
10794      INFO  main            d.u.i.k.p.i.AbstractProblemLoader Loading environment from /home/runner/work/key/key/key.core/../key.ui/examples/standard_key/arith/binomial2.key 
10794      DEBUG main            d.u.i.k.p.i.AbstractProblemLoader Environment load took 184.9ns 
10796      INFO  main            d.u.i.k.p.i.AbstractProblemLoader Creating init config 
13372      DEBUG main            d.u.i.k.p.i.AbstractProblemLoader Init config took 2.58s 
13400      INFO  main            d.u.i.k.p.i.AbstractProblemLoader Replaying proof binomial2.key 
13403      DEBUG main            d.u.i.k.p.i.IntermediateProofReplayer Proof replay took 6.6ns 
13506      INFO  main            d.u.i.k.p.r.p.TestFile    ... finished proof: closed. 
13629      INFO  main            d.u.i.k.p.i.AbstractProblemLoader Loading environment from /home/runner/work/key/key/key.core/../key.ui/examples/standard_key/arith/binomial2.key.proof 
13629      DEBUG main            d.u.i.k.p.i.AbstractProblemLoader Environment load took 164.9ns 
13630      INFO  main            d.u.i.k.p.i.AbstractProblemLoader Creating init config 
16159      DEBUG main            d.u.i.k.p.i.AbstractProblemLoader Init config took 2.53s 
16182      INFO  main            d.u.i.k.p.i.AbstractProblemLoader Replaying proof binomial2.key.proof 
16195      DEBUG main            d.u.i.k.p.i.IntermediateProofReplayer Proof replay took 10.09ms 
16196      DEBUG main            d.u.i.k.p.r.p.TestFile    ... success: reloaded. 
16197      INFO  main            d.u.i.k.p.r.p.TestFile    Now processing file /home/runner/work/key/key/key.core/../key.ui/examples/standard_key/arith/check_jdiv.key 
16198      INFO  main            d.u.i.k.p.i.AbstractProblemLoader Loading environment from /home/runner/work/key/key/key.core/../key.ui/examples/standard_key/arith/check_jdiv.key 
16198      DEBUG main            d.u.i.k.p.i.AbstractProblemLoader Environment load took 216.6ns 
16200      INFO  main            d.u.i.k.p.i.AbstractProblemLoader Creating init config 
18680      DEBUG main            d.u.i.k.p.i.AbstractProblemLoader Init config took 2.48s 
18702      INFO  main            d.u.i.k.p.i.AbstractProblemLoader Replaying proof check_jdiv.key 
18706      DEBUG main            d.u.i.k.p.i.IntermediateProofReplayer Proof replay took 7ns 
23773      INFO  main            d.u.i.k.p.r.p.TestFile    ... finished proof: closed. 
23988      INFO  main            d.u.i.k.p.i.AbstractProblemLoader Loading environment from /home/runner/work/key/key/key.core/../key.ui/examples/standard_key/arith/check_jdiv.key.proof 
23988      DEBUG main            d.u.i.k.p.i.AbstractProblemLoader Environment load took 627.21ns 
23995      INFO  main            d.u.i.k.p.i.AbstractProblemLoader Creating init config 
26479      DEBUG main            d.u.i.k.p.i.AbstractProblemLoader Init config took 2.48s 
26500      INFO  main            d.u.i.k.p.i.AbstractProblemLoader Replaying proof check_jdiv.key.proof 
26912      DEBUG main            d.u.i.k.p.i.IntermediateProofReplayer Proof replay took 369.6ms 
26914      DEBUG main            d.u.i.k.p.r.p.TestFile    ... success: reloaded. 
26915      INFO  main            d.u.i.k.p.r.p.TestFile    Now processing file /home/runner/work/key/key/key.core/../key.ui/examples/standard_key/arith/check_jdiv_concrete.key 
26916      INFO  main            d.u.i.k.p.i.AbstractProblemLoader Loading environment from /home/runner/work/key/key/key.core/../key.ui/examples/standard_key/arith/check_jdiv_concrete.key 
26916      DEBUG main            d.u.i.k.p.i.AbstractProblemLoader Environment load took 120.3ns 
26918      INFO  main            d.u.i.k.p.i.AbstractProblemLoader Creating init config 
29378      DEBUG main            d.u.i.k.p.i.AbstractProblemLoader Init config took 2.46s 
29398      INFO  main            d.u.i.k.p.i.AbstractProblemLoader Replaying proof check_jdiv_concrete.key 
29400      DEBUG main            d.u.i.k.p.i.IntermediateProofReplayer Proof replay took 6.4ns 
29505      INFO  main            d.u.i.k.p.r.p.TestFile    ... finished proof: closed. 
29711      INFO  main            d.u.i.k.p.i.AbstractProblemLoader Loading environment from /home/runner/work/key/key/key.core/../key.ui/examples/standard_key/arith/check_jdiv_concrete.key.proof 
29711      DEBUG main            d.u.i.k.p.i.AbstractProblemLoader Environment load took 130.1ns 
29713      INFO  main            d.u.i.k.p.i.AbstractProblemLoader Creating init config 
32092      DEBUG main            d.u.i.k.p.i.AbstractProblemLoader Init config took 2.38s 
32112      INFO  main            d.u.i.k.p.i.AbstractProblemLoader Replaying proof check_jdiv_concrete.key.proof 
32118      DEBUG main            d.u.i.k.p.i.IntermediateProofReplayer Proof replay took 3.66ms 
32119      DEBUG main            d.u.i.k.p.r.p.TestFile    ... success: reloaded. 
32120      INFO  main            d.u.i.k.p.r.p.TestFile    Now processing file /home/runner/work/key/key/key.core/../key.ui/examples/standard_key/arith/check_jdiv_instantiated.key 
32120      INFO  main            d.u.i.k.p.i.AbstractProblemLoader Loading environment from /home/runner/work/key/key/key.core/../key.ui/examples/standard_key/arith/check_jdiv_instantiated.key 
32120      DEBUG main            d.u.i.k.p.i.AbstractProblemLoader Environment load took 155.8ns 
32122      INFO  main            d.u.i.k.p.i.AbstractProblemLoader Creating init config 
34541      DEBUG main            d.u.i.k.p.i.AbstractProblemLoader Init config took 2.42s 
34562      INFO  main            d.u.i.k.p.i.AbstractProblemLoader Replaying proof check_jdiv_instantiated.key 
34564      DEBUG main            d.u.i.k.p.i.IntermediateProofReplayer Proof replay took 7.1ns 
37885      INFO  main            d.u.i.k.p.r.p.TestFile    ... finished proof: closed. 
38084      INFO  main            d.u.i.k.p.i.AbstractProblemLoader Loading environment from /home/runner/work/key/key/key.core/../key.ui/examples/standard_key/arith/check_jdiv_instantiated.key.proof 
38084      DEBUG main            d.u.i.k.p.i.AbstractProblemLoader Environment load took 439ns 
38087      INFO  main            d.u.i.k.p.i.AbstractProblemLoader Creating init config 
40483      DEBUG main            d.u.i.k.p.i.AbstractProblemLoader Init config took 2.4s 
40506      INFO  main            d.u.i.k.p.i.AbstractProblemLoader Replaying proof check_jdiv_instantiated.key.proof 
40710      DEBUG main            d.u.i.k.p.i.IntermediateProofReplayer Proof replay took 176.82ms 
40713      DEBUG main            d.u.i.k.p.r.p.TestFile    ... success: reloaded. 
40714      INFO  main            d.u.i.k.p.r.p.TestFile    Now processing file /home/runner/work/key/key/key.core/../key.ui/examples/standard_key/arith/check_jmod.key 
40715      INFO  main            d.u.i.k.p.i.AbstractProblemLoader Loading environment from /home/runner/work/key/key/key.core/../key.ui/examples/standard_key/arith/check_jmod.key 
40715      DEBUG main            d.u.i.k.p.i.AbstractProblemLoader Environment load took 268.2ns 
40716      INFO  main            d.u.i.k.p.i.AbstractProblemLoader Creating init config 
43180      DEBUG main            d.u.i.k.p.i.AbstractProblemLoader Init config took 2.46s 
43199      INFO  main            d.u.i.k.p.i.AbstractProblemLoader Replaying proof check_jmod.key 
43204      DEBUG main            d.u.i.k.p.i.IntermediateProofReplayer Proof replay took 6.8ns 
43808      INFO  main            d.u.i.k.p.r.p.TestFile    ... finished proof: closed. 
44033      INFO  main            d.u.i.k.p.i.AbstractProblemLoader Loading environment from /home/runner/work/key/key/key.core/../key.ui/examples/standard_key/arith/check_jmod.key.proof 
44034      DEBUG main            d.u.i.k.p.i.AbstractProblemLoader Environment load took 431.61ns 
44035      INFO  main            d.u.i.k.p.i.AbstractProblemLoader Creating init config 
46402      DEBUG main            d.u.i.k.p.i.AbstractProblemLoader Init config took 2.37s 
46442      INFO  main            d.u.i.k.p.i.AbstractProblemLoader Replaying proof check_jmod.key.proof 
46486      DEBUG main            d.u.i.k.p.i.IntermediateProofReplayer Proof replay took 38.32ms 
46488      DEBUG main            d.u.i.k.p.r.p.TestFile    ... success: reloaded. 
46489      INFO  main            d.u.i.k.p.r.p.TestFile    Now processing file /home/runner/work/key/key/key.core/../key.ui/examples/standard_key/arith/complexExpressions.key 
46489      INFO  main            d.u.i.k.p.i.AbstractProblemLoader Loading environment from /home/runner/work/key/key/key.core/../key.ui/examples/standard_key/arith/complexExpressions.key 
46490      DEBUG main            d.u.i.k.p.i.AbstractProblemLoader Environment load took 220.6ns 
46491      INFO  main            d.u.i.k.p.i.AbstractProblemLoader Creating init config 
48933      DEBUG main            d.u.i.k.p.i.AbstractProblemLoader Init config took 2.44s 
48952      INFO  main            d.u.i.k.p.i.AbstractProblemLoader Replaying proof complexExpressions.key 
48954      DEBUG main            d.u.i.k.p.i.IntermediateProofReplayer Proof replay took 6.4ns 
49060      INFO  main            d.u.i.k.p.r.p.TestFile    ... finished proof: closed. 
49249      INFO  main            d.u.i.k.p.i.AbstractProblemLoader Loading environment from /home/runner/work/key/key/key.core/../key.ui/examples/standard_key/arith/complexExpressions.key.proof 
49250      DEBUG main            d.u.i.k.p.i.AbstractProblemLoader Environment load took 131.8ns 
49251      INFO  main            d.u.i.k.p.i.AbstractProblemLoader Creating init config 
51611      DEBUG main            d.u.i.k.p.i.AbstractProblemLoader Init config took 2.36s 
51628      INFO  main            d.u.i.k.p.i.AbstractProblemLoader Replaying proof complexExpressions.key.proof 
51639      DEBUG main            d.u.i.k.p.i.IntermediateProofReplayer Proof replay took 8.63ms 
51640      DEBUG main            d.u.i.k.p.r.p.TestFile    ... success: reloaded. 
51641      INFO  main            d.u.i.k.p.r.p.TestFile    Now processing file /home/runner/work/key/key/key.core/../key.ui/examples/standard_key/arith/compound_unaryMinus.key 
51641      INFO  main            d.u.i.k.p.i.AbstractProblemLoader Loading environment from /home/runner/work/key/key/key.core/../key.ui/examples/standard_key/arith/compound_unaryMinus.key 
51641      DEBUG main            d.u.i.k.p.i.AbstractProblemLoader Environment load took 101.9ns 
51642      INFO  main            d.u.i.k.p.i.AbstractProblemLoader Creating init config 
54017      DEBUG main            d.u.i.k.p.i.AbstractProblemLoader Init config took 2.37s 
54034      INFO  main            d.u.i.k.p.i.AbstractProblemLoader Replaying proof compound_unaryMinus.key 
54035      DEBUG main            d.u.i.k.p.i.IntermediateProofReplayer Proof replay took 6.5ns 
54141      INFO  main            d.u.i.k.p.r.p.TestFile    ... finished proof: closed. 
54306      INFO  main            d.u.i.k.p.i.AbstractProblemLoader Loading environment from /home/runner/work/key/key/key.core/../key.ui/examples/standard_key/arith/compound_unaryMinus.key.proof 
54306      DEBUG main            d.u.i.k.p.i.AbstractProblemLoader Environment load took 133.8ns 
54307      INFO  main            d.u.i.k.p.i.AbstractProblemLoader Creating init config 
56656      DEBUG main            d.u.i.k.p.i.AbstractProblemLoader Init config took 2.35s 
56672      INFO  main            d.u.i.k.p.i.AbstractProblemLoader Replaying proof compound_unaryMinus.key.proof 
56678      DEBUG main            d.u.i.k.p.i.IntermediateProofReplayer Proof replay took 3.67ms 
56678      DEBUG main            d.u.i.k.p.r.p.TestFile    ... success: reloaded. 
56679      INFO  main            d.u.i.k.p.r.p.TestFile    Now processing file /home/runner/work/key/key/key.core/../key.ui/examples/standard_key/arith/computation.key 
56679      INFO  main            d.u.i.k.p.i.AbstractProblemLoader Loading environment from /home/runner/work/key/key/key.core/../key.ui/examples/standard_key/arith/computation.key 
56679      DEBUG main            d.u.i.k.p.i.AbstractProblemLoader Environment load took 84.8ns 
56680      INFO  main            d.u.i.k.p.i.AbstractProblemLoader Creating init config 
59096      DEBUG main            d.u.i.k.p.i.AbstractProblemLoader Init config took 2.42s 
59114      INFO  main            d.u.i.k.p.i.AbstractProblemLoader Replaying proof computation.key 
59116      DEBUG main            d.u.i.k.p.i.IntermediateProofReplayer Proof replay took 7.2ns 
60538      INFO  main            d.u.i.k.p.r.p.TestFile    ... finished proof: closed. 
60781      INFO  main            d.u.i.k.p.i.AbstractProblemLoader Loading environment from /home/runner/work/key/key/key.core/../key.ui/examples/standard_key/arith/computation.key.proof 
60781      DEBUG main            d.u.i.k.p.i.AbstractProblemLoader Environment load took 210.9ns 
60782      INFO  main            d.u.i.k.p.i.AbstractProblemLoader Creating init config 
63146      DEBUG main            d.u.i.k.p.i.AbstractProblemLoader Init config took 2.36s 
63163      INFO  main            d.u.i.k.p.i.AbstractProblemLoader Replaying proof computation.key.proof 
63296      DEBUG main            d.u.i.k.p.i.IntermediateProofReplayer Proof replay took 128.19ms 
63297      DEBUG main            d.u.i.k.p.r.p.TestFile    ... success: reloaded. 
63298      INFO  main            d.u.i.k.p.r.p.TestFile    Now processing file /home/runner/work/key/key/key.core/../key.ui/examples/standard_key/arith/cubicSum.key 
63299      INFO  main            d.u.i.k.p.i.AbstractProblemLoader Loading environment from /home/runner/work/key/key/key.core/../key.ui/examples/standard_key/arith/cubicSum.key 
63299      DEBUG main            d.u.i.k.p.i.AbstractProblemLoader Environment load took 103.3ns 
63300      INFO  main            d.u.i.k.p.i.AbstractProblemLoader Creating init config 
65741      DEBUG main            d.u.i.k.p.i.AbstractProblemLoader Init config took 2.44s 
65759      INFO  main            d.u.i.k.p.i.AbstractProblemLoader Replaying proof cubicSum.key 
65761      DEBUG main            d.u.i.k.p.i.IntermediateProofReplayer Proof replay took 7.6ns 
66871      INFO  main            d.u.i.k.p.r.p.TestFile    ... finished proof: closed. 
67234      INFO  main            d.u.i.k.p.i.AbstractProblemLoader Loading environment from /home/runner/work/key/key/key.core/../key.ui/examples/standard_key/arith/cubicSum.key.proof 
67236      DEBUG main            d.u.i.k.p.i.AbstractProblemLoader Environment load took 1.28ms 
67237      INFO  main            d.u.i.k.p.i.AbstractProblemLoader Creating init config 
69661      DEBUG main            d.u.i.k.p.i.AbstractProblemLoader Init config took 2.42s 
69679      INFO  main            d.u.i.k.p.i.AbstractProblemLoader Replaying proof cubicSum.key.proof 
69806      DEBUG main            d.u.i.k.p.i.IntermediateProofReplayer Proof replay took 123.2ms 
69807      DEBUG main            d.u.i.k.p.r.p.TestFile    ... success: reloaded. 
69809      INFO  main            d.u.i.k.p.r.p.TestFile    Now processing file /home/runner/work/key/key/key.core/../key.ui/examples/standard_key/arith/divByZero.key 
69809      INFO  main            d.u.i.k.p.i.AbstractProblemLoader Loading environment from /home/runner/work/key/key/key.core/../key.ui/examples/standard_key/arith/divByZero.key 
69810      DEBUG main            d.u.i.k.p.i.AbstractProblemLoader Environment load took 211.2ns 
69811      INFO  main            d.u.i.k.p.i.AbstractProblemLoader Creating init config 
72298      DEBUG main            d.u.i.k.p.i.AbstractProblemLoader Init config took 2.49s 
72328      INFO  main            d.u.i.k.p.i.AbstractProblemLoader Replaying proof divByZero.key 
72331      DEBUG main            d.u.i.k.p.i.IntermediateProofReplayer Proof replay took 7.1ns 
72533      INFO  main            d.u.i.k.p.r.p.TestFile    ... finished proof: closed. 
72798      INFO  main            d.u.i.k.p.i.AbstractProblemLoader Loading environment from /home/runner/work/key/key/key.core/../key.ui/examples/standard_key/arith/divByZero.key.proof 
72799      DEBUG main            d.u.i.k.p.i.AbstractProblemLoader Environment load took 127.9ns 
72800      INFO  main            d.u.i.k.p.i.AbstractProblemLoader Creating init config 
75121      DEBUG main            d.u.i.k.p.i.AbstractProblemLoader Init config took 2.32s 
75136      INFO  main            d.u.i.k.p.i.AbstractProblemLoader Replaying proof divByZero.key.proof 
75171      DEBUG main            d.u.i.k.p.i.IntermediateProofReplayer Proof replay took 32.72ms 
75172      DEBUG main            d.u.i.k.p.r.p.TestFile    ... success: reloaded. 
75173      INFO  main            d.u.i.k.p.r.p.TestFile    Now processing file /home/runner/work/key/key/key.core/../key.ui/examples/standard_key/arith/divisionAssoc.key 
75174      INFO  main            d.u.i.k.p.i.AbstractProblemLoader Loading environment from /home/runner/work/key/key/key.core/../key.ui/examples/standard_key/arith/divisionAssoc.key 
75174      DEBUG main            d.u.i.k.p.i.AbstractProblemLoader Environment load took 114.7ns 
75175      INFO  main            d.u.i.k.p.i.AbstractProblemLoader Creating init config 
77558      DEBUG main            d.u.i.k.p.i.AbstractProblemLoader Init config took 2.38s 
77572      INFO  main            d.u.i.k.p.i.AbstractProblemLoader Replaying proof divisionAssoc.key 
77574      DEBUG main            d.u.i.k.p.i.IntermediateProofReplayer Proof replay took 6.9ns 
78378      INFO  main            d.u.i.k.p.r.p.TestFile    ... finished proof: closed. 
78592      INFO  main            d.u.i.k.p.i.AbstractProblemLoader Loading environment from /home/runner/work/key/key/key.core/../key.ui/examples/standard_key/arith/divisionAssoc.key.proof 
78593      DEBUG main            d.u.i.k.p.i.AbstractProblemLoader Environment load took 434.4ns 
78594      INFO  main            d.u.i.k.p.i.AbstractProblemLoader Creating init config 
80912      DEBUG main            d.u.i.k.p.i.AbstractProblemLoader Init config took 2.32s 
80926      INFO  main            d.u.i.k.p.i.AbstractProblemLoader Replaying proof divisionAssoc.key.proof 
80970      DEBUG main            d.u.i.k.p.i.IntermediateProofReplayer Proof replay took 38.4ms 
80971      DEBUG main            d.u.i.k.p.r.p.TestFile    ... success: reloaded. 
80972      INFO  main            d.u.i.k.p.r.p.TestFile    Now processing file /home/runner/work/key/key/key.core/../key.ui/examples/standard_key/arith/divisionBy2.key 
80973      INFO  main            d.u.i.k.p.i.AbstractProblemLoader Loading environment from /home/runner/work/key/key/key.core/../key.ui/examples/standard_key/arith/divisionBy2.key 
80973      DEBUG main            d.u.i.k.p.i.AbstractProblemLoader Environment load took 206.2ns 
80974      INFO  main            d.u.i.k.p.i.AbstractProblemLoader Creating init config 
83343      DEBUG main            d.u.i.k.p.i.AbstractProblemLoader Init config took 2.37s 
83374      INFO  main            d.u.i.k.p.i.AbstractProblemLoader Replaying proof divisionBy2.key 
83375      DEBUG main            d.u.i.k.p.i.IntermediateProofReplayer Proof replay took 7.5ns 
83478      INFO  main            d.u.i.k.p.r.p.TestFile    ... finished proof: closed. 
83721      INFO  main            d.u.i.k.p.i.AbstractProblemLoader Loading environment from /home/runner/work/key/key/key.core/../key.ui/examples/standard_key/arith/divisionBy2.key.proof 
83721      DEBUG main            d.u.i.k.p.i.AbstractProblemLoader Environment load took 120.3ns 
83722      INFO  main            d.u.i.k.p.i.AbstractProblemLoader Creating init config 
86044      DEBUG main            d.u.i.k.p.i.AbstractProblemLoader Init config took 2.32s 
86059      INFO  main            d.u.i.k.p.i.AbstractProblemLoader Replaying proof divisionBy2.key.proof 
86071      DEBUG main            d.u.i.k.p.i.IntermediateProofReplayer Proof replay took 7.34ms 
86072      DEBUG main            d.u.i.k.p.r.p.TestFile    ... success: reloaded. 
86073      INFO  main            d.u.i.k.p.r.p.TestFile    Now processing file /home/runner/work/key/key/key.core/../key.ui/examples/standard_key/arith/euclidean/gcdHelp-post.key 
86073      INFO  main            d.u.i.k.p.i.AbstractProblemLoader Loading environment from /home/runner/work/key/key/key.core/../key.ui/examples/standard_key/arith/euclidean/gcdHelp-post.key 
86073      DEBUG main            d.u.i.k.p.i.AbstractProblemLoader Environment load took 93.6ns 
86074      INFO  main            d.u.i.k.p.i.AbstractProblemLoader Creating init config 
88549      DEBUG main            d.u.i.k.p.i.AbstractProblemLoader Init config took 2.47s 
88564      INFO  main            d.u.i.k.p.i.AbstractProblemLoader Replaying proof gcdHelp-post.key 
88566      DEBUG main            d.u.i.k.p.i.IntermediateProofReplayer Proof replay took 7ns 
91735      INFO  main            d.u.i.k.p.r.p.TestFile    ... finished proof: closed. 
91960      INFO  main            d.u.i.k.p.i.AbstractProblemLoader Loading environment from /home/runner/work/key/key/key.core/../key.ui/examples/standard_key/arith/euclidean/gcdHelp-post.key.proof 
91961      DEBUG main            d.u.i.k.p.i.AbstractProblemLoader Environment load took 474.91ns 
91963      INFO  main            d.u.i.k.p.i.AbstractProblemLoader Creating init config 
94374      DEBUG main            d.u.i.k.p.i.AbstractProblemLoader Init config took 2.41s 
94390      INFO  main            d.u.i.k.p.i.AbstractProblemLoader Replaying proof gcdHelp-post.key.proof 
94614      DEBUG main            d.u.i.k.p.i.IntermediateProofReplayer Proof replay took 214.47ms 
94616      DEBUG main            d.u.i.k.p.r.p.TestFile    ... success: reloaded. 
94617      INFO  main            d.u.i.k.p.r.p.TestFile    Now processing file /home/runner/work/key/key/key.core/../key.ui/examples/standard_key/arith/gemplusDecimal/add.key 
94618      INFO  main            d.u.i.k.p.i.AbstractProblemLoader Loading environment from /home/runner/work/key/key/key.core/../key.ui/examples/standard_key/arith/gemplusDecimal/add.key 
94618      DEBUG main            d.u.i.k.p.i.AbstractProblemLoader Environment load took 223.8ns 
94620      INFO  main            d.u.i.k.p.i.AbstractProblemLoader Creating init config 
97015      DEBUG main            d.u.i.k.p.i.AbstractProblemLoader Init config took 2.39s 
97032      INFO  main            d.u.i.k.p.i.AbstractProblemLoader Replaying proof add.key 
97034      DEBUG main            d.u.i.k.p.i.IntermediateProofReplayer Proof replay took 6.4ns 
137905     INFO  main            d.u.i.k.p.r.p.TestFile    ... finished proof: closed. 
138271     INFO  main            d.u.i.k.p.i.AbstractProblemLoader Loading environment from /home/runner/work/key/key/key.core/../key.ui/examples/standard_key/arith/gemplusDecimal/add.key.proof 
138272     DEBUG main            d.u.i.k.p.i.AbstractProblemLoader Environment load took 469.81ns 
138280     INFO  main            d.u.i.k.p.i.AbstractProblemLoader Creating init config 
140636     DEBUG main            d.u.i.k.p.i.AbstractProblemLoader Init config took 2.36s 
140653     INFO  main            d.u.i.k.p.i.AbstractProblemLoader Replaying proof add.key.proof 
144432     DEBUG main            d.u.i.k.p.i.IntermediateProofReplayer Proof replay took 3.64s 
144440     DEBUG main            d.u.i.k.p.r.p.TestFile    ... success: reloaded. 
144441     INFO  main            d.u.i.k.p.r.p.TestFile    Now processing file /home/runner/work/key/key/key.core/../key.ui/examples/standard_key/arith/jdivevenodd.key 
144442     INFO  main            d.u.i.k.p.i.AbstractProblemLoader Loading environment from /home/runner/work/key/key/key.core/../key.ui/examples/standard_key/arith/jdivevenodd.key 
144442     DEBUG main            d.u.i.k.p.i.AbstractProblemLoader Environment load took 207.5ns 
144443     INFO  main            d.u.i.k.p.i.AbstractProblemLoader Creating init config 
146883     DEBUG main            d.u.i.k.p.i.AbstractProblemLoader Init config took 2.44s 
146897     INFO  main            d.u.i.k.p.i.AbstractProblemLoader Replaying proof jdivevenodd.key 
146898     DEBUG main            d.u.i.k.p.i.IntermediateProofReplayer Proof replay took 5.5ns 
147101     INFO  main            d.u.i.k.p.r.p.TestFile    ... finished proof: closed. 
147445     INFO  main            d.u.i.k.p.i.AbstractProblemLoader Loading environment from /home/runner/work/key/key/key.core/../key.ui/examples/standard_key/arith/jdivevenodd.key.proof 
147445     DEBUG main            d.u.i.k.p.i.AbstractProblemLoader Environment load took 125.2ns 
147447     INFO  main            d.u.i.k.p.i.AbstractProblemLoader Creating init config 
149744     DEBUG main            d.u.i.k.p.i.AbstractProblemLoader Init config took 2.3s 
149762     INFO  main            d.u.i.k.p.i.AbstractProblemLoader Replaying proof jdivevenodd.key.proof 
149778     DEBUG main            d.u.i.k.p.i.IntermediateProofReplayer Proof replay took 13.57ms 
149779     DEBUG main            d.u.i.k.p.r.p.TestFile    ... success: reloaded. 
149780     INFO  main            d.u.i.k.p.r.p.TestFile    Now processing file /home/runner/work/key/key/key.core/../key.ui/examples/standard_key/arith/median.key 
149780     INFO  main            d.u.i.k.p.i.AbstractProblemLoader Loading environment from /home/runner/work/key/key/key.core/../key.ui/examples/standard_key/arith/median.key 
149780     DEBUG main            d.u.i.k.p.i.AbstractProblemLoader Environment load took 102ns 
149781     INFO  main            d.u.i.k.p.i.AbstractProblemLoader Creating init config 
152149     DEBUG main            d.u.i.k.p.i.AbstractProblemLoader Init config took 2.37s 
152164     INFO  main            d.u.i.k.p.i.AbstractProblemLoader Replaying proof median.key 
152166     DEBUG main            d.u.i.k.p.i.IntermediateProofReplayer Proof replay took 6.3ns 
167220     INFO  main            d.u.i.k.p.r.p.TestFile    ... finished proof: closed. 
167539     INFO  main            d.u.i.k.p.i.AbstractProblemLoader Loading environment from /home/runner/work/key/key/key.core/../key.ui/examples/standard_key/arith/median.key.proof 
167539     DEBUG main            d.u.i.k.p.i.AbstractProblemLoader Environment load took 568.51ns 
167543     INFO  main            d.u.i.k.p.i.AbstractProblemLoader Creating init config 
169820     DEBUG main            d.u.i.k.p.i.AbstractProblemLoader Init config took 2.28s 
169846     INFO  main            d.u.i.k.p.i.AbstractProblemLoader Replaying proof median.key.proof 
170944     DEBUG main            d.u.i.k.p.i.IntermediateProofReplayer Proof replay took 1.05s 
170947     DEBUG main            d.u.i.k.p.r.p.TestFile    ... success: reloaded. 
170948     INFO  main            d.u.i.k.p.r.p.TestFile    Now processing file /home/runner/work/key/key/key.core/../key.ui/examples/standard_key/arith/mod1.key 
170948     INFO  main            d.u.i.k.p.i.AbstractProblemLoader Loading environment from /home/runner/work/key/key/key.core/../key.ui/examples/standard_key/arith/mod1.key 
170948     DEBUG main            d.u.i.k.p.i.AbstractProblemLoader Environment load took 114ns 
170949     INFO  main            d.u.i.k.p.i.AbstractProblemLoader Creating init config 
173286     DEBUG main            d.u.i.k.p.i.AbstractProblemLoader Init config took 2.34s 
173300     INFO  main            d.u.i.k.p.i.AbstractProblemLoader Replaying proof mod1.key 
173301     DEBUG main            d.u.i.k.p.i.IntermediateProofReplayer Proof replay took 6ns 
173403     INFO  main            d.u.i.k.p.r.p.TestFile    ... finished proof: closed. 
173706     INFO  main            d.u.i.k.p.i.AbstractProblemLoader Loading environment from /home/runner/work/key/key/key.core/../key.ui/examples/standard_key/arith/mod1.key.proof 
173706     DEBUG main            d.u.i.k.p.i.AbstractProblemLoader Environment load took 115.3ns 
173707     INFO  main            d.u.i.k.p.i.AbstractProblemLoader Creating init config 
175970     DEBUG main            d.u.i.k.p.i.AbstractProblemLoader Init config took 2.26s 
175984     INFO  main            d.u.i.k.p.i.AbstractProblemLoader Replaying proof mod1.key.proof 
175989     DEBUG main            d.u.i.k.p.i.IntermediateProofReplayer Proof replay took 2.19ms 
175989     DEBUG main            d.u.i.k.p.r.p.TestFile    ... success: reloaded. 
175990     INFO  main            d.u.i.k.p.r.p.TestFile    Now processing file /home/runner/work/key/key/key.core/../key.ui/examples/standard_key/arith/mod2.key 
175990     INFO  main            d.u.i.k.p.i.AbstractProblemLoader Loading environment from /home/runner/work/key/key/key.core/../key.ui/examples/standard_key/arith/mod2.key 
175990     DEBUG main            d.u.i.k.p.i.AbstractProblemLoader Environment load took 58.5ns 
175991     INFO  main            d.u.i.k.p.i.AbstractProblemLoader Creating init config 
178300     DEBUG main            d.u.i.k.p.i.AbstractProblemLoader Init config took 2.31s 
178315     INFO  main            d.u.i.k.p.i.AbstractProblemLoader Replaying proof mod2.key 
178317     DEBUG main            d.u.i.k.p.i.IntermediateProofReplayer Proof replay took 6.4ns 
178420     INFO  main            d.u.i.k.p.r.p.TestFile    ... finished proof: closed. 
178649     INFO  main            d.u.i.k.p.i.AbstractProblemLoader Loading environment from /home/runner/work/key/key/key.core/../key.ui/examples/standard_key/arith/mod2.key.proof 
178650     DEBUG main            d.u.i.k.p.i.AbstractProblemLoader Environment load took 114.6ns 
178651     INFO  main            d.u.i.k.p.i.AbstractProblemLoader Creating init config 
180929     DEBUG main            d.u.i.k.p.i.AbstractProblemLoader Init config took 2.28s 
180942     INFO  main            d.u.i.k.p.i.AbstractProblemLoader Replaying proof mod2.key.proof 
180945     DEBUG main            d.u.i.k.p.i.IntermediateProofReplayer Proof replay took 1.54ms 
180946     DEBUG main            d.u.i.k.p.r.p.TestFile    ... success: reloaded. 
180947     INFO  main            d.u.i.k.p.r.p.TestFile    Now processing file /home/runner/work/key/key/key.core/../key.ui/examples/standard_key/arith/mod7.key 
180947     INFO  main            d.u.i.k.p.i.AbstractProblemLoader Loading environment from /home/runner/work/key/key/key.core/../key.ui/examples/standard_key/arith/mod7.key 
180947     DEBUG main            d.u.i.k.p.i.AbstractProblemLoader Environment load took 73.8ns 
180948     INFO  main            d.u.i.k.p.i.AbstractProblemLoader Creating init config 
183287     DEBUG main            d.u.i.k.p.i.AbstractProblemLoader Init config took 2.34s 
183300     INFO  main            d.u.i.k.p.i.AbstractProblemLoader Replaying proof mod7.key 
183301     DEBUG main            d.u.i.k.p.i.IntermediateProofReplayer Proof replay took 5.4ns 
183405     INFO  main            d.u.i.k.p.r.p.TestFile    ... finished proof: closed. 
183640     INFO  main            d.u.i.k.p.i.AbstractProblemLoader Loading environment from /home/runner/work/key/key/key.core/../key.ui/examples/standard_key/arith/mod7.key.proof 
183640     DEBUG main            d.u.i.k.p.i.AbstractProblemLoader Environment load took 118.9ns 
183641     INFO  main            d.u.i.k.p.i.AbstractProblemLoader Creating init config 
185913     DEBUG main            d.u.i.k.p.i.AbstractProblemLoader Init config took 2.27s 
185928     INFO  main            d.u.i.k.p.i.AbstractProblemLoader Replaying proof mod7.key.proof 
185936     DEBUG main            d.u.i.k.p.i.IntermediateProofReplayer Proof replay took 5.27ms 
185937     DEBUG main            d.u.i.k.p.r.p.TestFile    ... success: reloaded. 
185938     INFO  main            d.u.i.k.p.r.p.TestFile    Now processing file /home/runner/work/key/key/key.core/../key.ui/examples/standard_key/arith/overflow_hija.key 
185938     INFO  main            d.u.i.k.p.i.AbstractProblemLoader Loading environment from /home/runner/work/key/key/key.core/../key.ui/examples/standard_key/arith/overflow_hija.key 
185938     DEBUG main            d.u.i.k.p.i.AbstractProblemLoader Environment load took 195.9ns 
185940     INFO  main            d.u.i.k.p.i.AbstractProblemLoader Creating init config 
188274     DEBUG main            d.u.i.k.p.i.AbstractProblemLoader Init config took 2.33s 
188291     INFO  main            d.u.i.k.p.i.AbstractProblemLoader Replaying proof overflow_hija.key 
188292     DEBUG main            d.u.i.k.p.i.IntermediateProofReplayer Proof replay took 5.6ns 
192631     INFO  main            d.u.i.k.p.r.p.TestFile    ... finished proof: closed. 
192915     INFO  main            d.u.i.k.p.i.AbstractProblemLoader Loading environment from /home/runner/work/key/key/key.core/../key.ui/examples/standard_key/arith/overflow_hija.key.proof 
192916     DEBUG main            d.u.i.k.p.i.AbstractProblemLoader Environment load took 138ns 
192918     INFO  main            d.u.i.k.p.i.AbstractProblemLoader Creating init config 
195195     DEBUG main            d.u.i.k.p.i.AbstractProblemLoader Init config took 2.28s 
195212     INFO  main            d.u.i.k.p.i.AbstractProblemLoader Replaying proof overflow_hija.key.proof 
195558     DEBUG main            d.u.i.k.p.i.IntermediateProofReplayer Proof replay took 337.25ms 
195560     DEBUG main            d.u.i.k.p.r.p.TestFile    ... success: reloaded. 
195561     INFO  main            d.u.i.k.p.r.p.TestFile    Now processing file /home/runner/work/key/key/key.core/../key.ui/examples/standard_key/arith/poly_division0.key 
195562     INFO  main            d.u.i.k.p.i.AbstractProblemLoader Loading environment from /home/runner/work/key/key/key.core/../key.ui/examples/standard_key/arith/poly_division0.key 
195562     DEBUG main            d.u.i.k.p.i.AbstractProblemLoader Environment load took 99.2ns 
195563     INFO  main            d.u.i.k.p.i.AbstractProblemLoader Creating init config 
197955     DEBUG main            d.u.i.k.p.i.AbstractProblemLoader Init config took 2.39s 
197968     INFO  main            d.u.i.k.p.i.AbstractProblemLoader Replaying proof poly_division0.key 
197969     DEBUG main            d.u.i.k.p.i.IntermediateProofReplayer Proof replay took 5.5ns 
198076     INFO  main            d.u.i.k.p.r.p.TestFile    ... finished proof: closed. 
198378     INFO  main            d.u.i.k.p.i.AbstractProblemLoader Loading environment from /home/runner/work/key/key/key.core/../key.ui/examples/standard_key/arith/poly_division0.key.proof 
198378     DEBUG main            d.u.i.k.p.i.AbstractProblemLoader Environment load took 118.5ns 
198379     INFO  main            d.u.i.k.p.i.AbstractProblemLoader Creating init config 
200628     DEBUG main            d.u.i.k.p.i.AbstractProblemLoader Init config took 2.25s 
200641     INFO  main            d.u.i.k.p.i.AbstractProblemLoader Replaying proof poly_division0.key.proof 
200650     DEBUG main            d.u.i.k.p.i.IntermediateProofReplayer Proof replay took 7.32ms 
200651     DEBUG main            d.u.i.k.p.r.p.TestFile    ... success: reloaded. 
200652     INFO  main            d.u.i.k.p.r.p.TestFile    Now processing file /home/runner/work/key/key/key.core/../key.ui/examples/standard_key/arith/poly_division1.key 
200652     INFO  main            d.u.i.k.p.i.AbstractProblemLoader Loading environment from /home/runner/work/key/key/key.core/../key.ui/examples/standard_key/arith/poly_division1.key 
200652     DEBUG main            d.u.i.k.p.i.AbstractProblemLoader Environment load took 82.4ns 
200653     INFO  main            d.u.i.k.p.i.AbstractProblemLoader Creating init config 
202945     DEBUG main            d.u.i.k.p.i.AbstractProblemLoader Init config took 2.29s 
202961     INFO  main            d.u.i.k.p.i.AbstractProblemLoader Replaying proof poly_division1.key 
202962     DEBUG main            d.u.i.k.p.i.IntermediateProofReplayer Proof replay took 6.4ns 
203064     INFO  main            d.u.i.k.p.r.p.TestFile    ... finished proof: closed. 
203318     INFO  main            d.u.i.k.p.i.AbstractProblemLoader Loading environment from /home/runner/work/key/key/key.core/../key.ui/examples/standard_key/arith/poly_division1.key.proof 
203318     DEBUG main            d.u.i.k.p.i.AbstractProblemLoader Environment load took 129.4ns 
203319     INFO  main            d.u.i.k.p.i.AbstractProblemLoader Creating init config 
205592     DEBUG main            d.u.i.k.p.i.AbstractProblemLoader Init config took 2.27s 
205605     INFO  main            d.u.i.k.p.i.AbstractProblemLoader Replaying proof poly_division1.key.proof 
205612     DEBUG main            d.u.i.k.p.i.IntermediateProofReplayer Proof replay took 5.51ms 
205613     DEBUG main            d.u.i.k.p.r.p.TestFile    ... success: reloaded. 
205614     INFO  main            d.u.i.k.p.r.p.TestFile    Now processing file /home/runner/work/key/key/key.core/../key.ui/examples/standard_key/inEqSimp/division.key 
205614     INFO  main            d.u.i.k.p.i.AbstractProblemLoader Loading environment from /home/runner/work/key/key/key.core/../key.ui/examples/standard_key/inEqSimp/division.key 
205614     DEBUG main            d.u.i.k.p.i.AbstractProblemLoader Environment load took 99.1ns 
205615     INFO  main            d.u.i.k.p.i.AbstractProblemLoader Creating init config 
207919     DEBUG main            d.u.i.k.p.i.AbstractProblemLoader Init config took 2.3s 
207932     INFO  main            d.u.i.k.p.i.AbstractProblemLoader Replaying proof division.key 
207933     DEBUG main            d.u.i.k.p.i.IntermediateProofReplayer Proof replay took 5.8ns 
209839     INFO  main            d.u.i.k.p.r.p.TestFile    ... finished proof: closed. 
210112     INFO  main            d.u.i.k.p.i.AbstractProblemLoader Loading environment from /home/runner/work/key/key/key.core/../key.ui/examples/standard_key/inEqSimp/division.key.proof 
210112     DEBUG main            d.u.i.k.p.i.AbstractProblemLoader Environment load took 432.61ns 
210114     INFO  main            d.u.i.k.p.i.AbstractProblemLoader Creating init config 
212371     DEBUG main            d.u.i.k.p.i.AbstractProblemLoader Init config took 2.26s 
212384     INFO  main            d.u.i.k.p.i.AbstractProblemLoader Replaying proof division.key.proof 
212453     DEBUG main            d.u.i.k.p.i.IntermediateProofReplayer Proof replay took 61.86ms 
212455     DEBUG main            d.u.i.k.p.r.p.TestFile    ... success: reloaded. 
212456     INFO  main            d.u.i.k.p.r.p.TestFile    Now processing file /home/runner/work/key/key/key.core/../key.ui/examples/standard_key/inEqSimp/inequations0.key 
212456     INFO  main            d.u.i.k.p.i.AbstractProblemLoader Loading environment from /home/runner/work/key/key/key.core/../key.ui/examples/standard_key/inEqSimp/inequations0.key 
212456     DEBUG main            d.u.i.k.p.i.AbstractProblemLoader Environment load took 232ns 
212457     INFO  main            d.u.i.k.p.i.AbstractProblemLoader Creating init config 
214815     DEBUG main            d.u.i.k.p.i.AbstractProblemLoader Init config took 2.36s 
214829     INFO  main            d.u.i.k.p.i.AbstractProblemLoader Replaying proof inequations0.key 
214830     DEBUG main            d.u.i.k.p.i.IntermediateProofReplayer Proof replay took 32.7ns 
214932     INFO  main            d.u.i.k.p.r.p.TestFile    ... finished proof: closed. 
215224     INFO  main            d.u.i.k.p.i.AbstractProblemLoader Loading environment from /home/runner/work/key/key/key.core/../key.ui/examples/standard_key/inEqSimp/inequations0.key.proof 
215224     DEBUG main            d.u.i.k.p.i.AbstractProblemLoader Environment load took 114.5ns 
215225     INFO  main            d.u.i.k.p.i.AbstractProblemLoader Creating init config 
217479     DEBUG main            d.u.i.k.p.i.AbstractProblemLoader Init config took 2.25s 
217493     INFO  main            d.u.i.k.p.i.AbstractProblemLoader Replaying proof inequations0.key.proof 
217497     DEBUG main            d.u.i.k.p.i.IntermediateProofReplayer Proof replay took 2.08ms 
217498     DEBUG main            d.u.i.k.p.r.p.TestFile    ... success: reloaded. 
217499     INFO  main            d.u.i.k.p.r.p.TestFile    Now processing file /home/runner/work/key/key/key.core/../key.ui/examples/standard_key/inEqSimp/inequations1.key 
217499     INFO  main            d.u.i.k.p.i.AbstractProblemLoader Loading environment from /home/runner/work/key/key/key.core/../key.ui/examples/standard_key/inEqSimp/inequations1.key 
217499     DEBUG main            d.u.i.k.p.i.AbstractProblemLoader Environment load took 183.3ns 
217500     INFO  main            d.u.i.k.p.i.AbstractProblemLoader Creating init config 
219806     DEBUG main            d.u.i.k.p.i.AbstractProblemLoader Init config took 2.31s 
219818     INFO  main            d.u.i.k.p.i.AbstractProblemLoader Replaying proof inequations1.key 
219820     DEBUG main            d.u.i.k.p.i.IntermediateProofReplayer Proof replay took 2.7ns 
219923     INFO  main            d.u.i.k.p.r.p.TestFile    ... finished proof: closed. 
220193     INFO  main            d.u.i.k.p.i.AbstractProblemLoader Loading environment from /home/runner/work/key/key/key.core/../key.ui/examples/standard_key/inEqSimp/inequations1.key.proof 
220193     DEBUG main            d.u.i.k.p.i.AbstractProblemLoader Environment load took 108.9ns 
220194     INFO  main            d.u.i.k.p.i.AbstractProblemLoader Creating init config 
222451     DEBUG main            d.u.i.k.p.i.AbstractProblemLoader Init config took 2.26s 
222464     INFO  main            d.u.i.k.p.i.AbstractProblemLoader Replaying proof inequations1.key.proof 
222466     DEBUG main            d.u.i.k.p.i.IntermediateProofReplayer Proof replay took 1.18ms 
222467     DEBUG main            d.u.i.k.p.r.p.TestFile    ... success: reloaded. 
222468     INFO  main            d.u.i.k.p.r.p.TestFile    Now processing file /home/runner/work/key/key/key.core/../key.ui/examples/standard_key/inEqSimp/inequations2.key 
222468     INFO  main            d.u.i.k.p.i.AbstractProblemLoader Loading environment from /home/runner/work/key/key/key.core/../key.ui/examples/standard_key/inEqSimp/inequations2.key 
222468     DEBUG main            d.u.i.k.p.i.AbstractProblemLoader Environment load took 84.8ns 
222469     INFO  main            d.u.i.k.p.i.AbstractProblemLoader Creating init config 
224767     DEBUG main            d.u.i.k.p.i.AbstractProblemLoader Init config took 2.3s 
224780     INFO  main            d.u.i.k.p.i.AbstractProblemLoader Replaying proof inequations2.key 
224781     DEBUG main            d.u.i.k.p.i.IntermediateProofReplayer Proof replay took 2.4ns 
224882     INFO  main            d.u.i.k.p.r.p.TestFile    ... finished proof: closed. 
225147     INFO  main            d.u.i.k.p.i.AbstractProblemLoader Loading environment from /home/runner/work/key/key/key.core/../key.ui/examples/standard_key/inEqSimp/inequations2.key.proof 
225147     DEBUG main            d.u.i.k.p.i.AbstractProblemLoader Environment load took 106.8ns 
225148     INFO  main            d.u.i.k.p.i.AbstractProblemLoader Creating init config 
227429     DEBUG main            d.u.i.k.p.i.AbstractProblemLoader Init config took 2.28s 
227442     INFO  main            d.u.i.k.p.i.AbstractProblemLoader Replaying proof inequations2.key.proof 
227445     DEBUG main            d.u.i.k.p.i.IntermediateProofReplayer Proof replay took 1.37ms 
227446     DEBUG main            d.u.i.k.p.r.p.TestFile    ... success: reloaded. 
227446     INFO  main            d.u.i.k.p.r.p.TestFile    Now processing file /home/runner/work/key/key/key.core/../key.ui/examples/standard_key/inEqSimp/linApprox.key 
227446     INFO  main            d.u.i.k.p.i.AbstractProblemLoader Loading environment from /home/runner/work/key/key/key.core/../key.ui/examples/standard_key/inEqSimp/linApprox.key 
227447     DEBUG main            d.u.i.k.p.i.AbstractProblemLoader Environment load took 84.8ns 
227447     INFO  main            d.u.i.k.p.i.AbstractProblemLoader Creating init config 
229769     DEBUG main            d.u.i.k.p.i.AbstractProblemLoader Init config took 2.32s 
229782     INFO  main            d.u.i.k.p.i.AbstractProblemLoader Replaying proof linApprox.key 
229783     DEBUG main            d.u.i.k.p.i.IntermediateProofReplayer Proof replay took 3.4ns 
229885     INFO  main            d.u.i.k.p.r.p.TestFile    ... finished proof: closed. 
230159     INFO  main            d.u.i.k.p.i.AbstractProblemLoader Loading environment from /home/runner/work/key/key/key.core/../key.ui/examples/standard_key/inEqSimp/linApprox.key.proof 
230159     DEBUG main            d.u.i.k.p.i.AbstractProblemLoader Environment load took 108ns 
230161     INFO  main            d.u.i.k.p.i.AbstractProblemLoader Creating init config 
232416     DEBUG main            d.u.i.k.p.i.AbstractProblemLoader Init config took 2.26s 
232429     INFO  main            d.u.i.k.p.i.AbstractProblemLoader Replaying proof linApprox.key.proof 
232433     DEBUG main            d.u.i.k.p.i.IntermediateProofReplayer Proof replay took 2.42ms 
232434     DEBUG main            d.u.i.k.p.r.p.TestFile    ... success: reloaded. 
232434     INFO  main            d.u.i.k.p.r.p.TestFile    Now processing file /home/runner/work/key/key/key.core/../key.ui/examples/standard_key/inEqSimp/nonLinInEqExample0.key 
232435     INFO  main            d.u.i.k.p.i.AbstractProblemLoader Loading environment from /home/runner/work/key/key/key.core/../key.ui/examples/standard_key/inEqSimp/nonLinInEqExample0.key 
232435     DEBUG main            d.u.i.k.p.i.AbstractProblemLoader Environment load took 81ns 
232435     INFO  main            d.u.i.k.p.i.AbstractProblemLoader Creating init config 
234736     DEBUG main            d.u.i.k.p.i.AbstractProblemLoader Init config took 2.3s 
234749     INFO  main            d.u.i.k.p.i.AbstractProblemLoader Replaying proof nonLinInEqExample0.key 
234750     DEBUG main            d.u.i.k.p.i.IntermediateProofReplayer Proof replay took 2.8ns 
234851     INFO  main            d.u.i.k.p.r.p.TestFile    ... finished proof: closed. 
235130     INFO  main            d.u.i.k.p.i.AbstractProblemLoader Loading environment from /home/runner/work/key/key/key.core/../key.ui/examples/standard_key/inEqSimp/nonLinInEqExample0.key.proof 
235130     DEBUG main            d.u.i.k.p.i.AbstractProblemLoader Environment load took 102.8ns 
235131     INFO  main            d.u.i.k.p.i.AbstractProblemLoader Creating init config 
237397     DEBUG main            d.u.i.k.p.i.AbstractProblemLoader Init config took 2.27s 
237410     INFO  main            d.u.i.k.p.i.AbstractProblemLoader Replaying proof nonLinInEqExample0.key.proof 
237412     DEBUG main            d.u.i.k.p.i.IntermediateProofReplayer Proof replay took 919.91ns 
237413     DEBUG main            d.u.i.k.p.r.p.TestFile    ... success: reloaded. 
237414     INFO  main            d.u.i.k.p.r.p.TestFile    Now processing file /home/runner/work/key/key/key.core/../key.ui/examples/standard_key/inEqSimp/nonLinInEqExample2.key 
237414     INFO  main            d.u.i.k.p.i.AbstractProblemLoader Loading environment from /home/runner/work/key/key/key.core/../key.ui/examples/standard_key/inEqSimp/nonLinInEqExample2.key 
237414     DEBUG main            d.u.i.k.p.i.AbstractProblemLoader Environment load took 62.3ns 
237415     INFO  main            d.u.i.k.p.i.AbstractProblemLoader Creating init config 
239733     DEBUG main            d.u.i.k.p.i.AbstractProblemLoader Init config took 2.32s 
239746     INFO  main            d.u.i.k.p.i.AbstractProblemLoader Replaying proof nonLinInEqExample2.key 
239747     DEBUG main            d.u.i.k.p.i.IntermediateProofReplayer Proof replay took 2.6ns 
240050     INFO  main            d.u.i.k.p.r.p.TestFile    ... finished proof: closed. 
240341     INFO  main            d.u.i.k.p.i.AbstractProblemLoader Loading environment from /home/runner/work/key/key/key.core/../key.ui/examples/standard_key/inEqSimp/nonLinInEqExample2.key.proof 
240341     DEBUG main            d.u.i.k.p.i.AbstractProblemLoader Environment load took 114.8ns 
240342     INFO  main            d.u.i.k.p.i.AbstractProblemLoader Creating init config 
242595     DEBUG main            d.u.i.k.p.i.AbstractProblemLoader Init config took 2.25s 
242608     INFO  main            d.u.i.k.p.i.AbstractProblemLoader Replaying proof nonLinInEqExample2.key.proof 
242635     DEBUG main            d.u.i.k.p.i.IntermediateProofReplayer Proof replay took 23.77ms 
242636     DEBUG main            d.u.i.k.p.r.p.TestFile    ... success: reloaded. 
242636     INFO  main            d.u.i.k.p.r.p.TestFile    Now processing file /home/runner/work/key/key/key.core/../key.ui/examples/standard_key/inEqSimp/nonLinInEqExample3.key 
242637     INFO  main            d.u.i.k.p.i.AbstractProblemLoader Loading environment from /home/runner/work/key/key/key.core/../key.ui/examples/standard_key/inEqSimp/nonLinInEqExample3.key 
242637     DEBUG main            d.u.i.k.p.i.AbstractProblemLoader Environment load took 93ns 
242638     INFO  main            d.u.i.k.p.i.AbstractProblemLoader Creating init config 
244958     DEBUG main            d.u.i.k.p.i.AbstractProblemLoader Init config took 2.32s 
244971     INFO  main            d.u.i.k.p.i.AbstractProblemLoader Replaying proof nonLinInEqExample3.key 
244973     DEBUG main            d.u.i.k.p.i.IntermediateProofReplayer Proof replay took 2.7ns 
245177     INFO  main            d.u.i.k.p.r.p.TestFile    ... finished proof: closed. 
245481     INFO  main            d.u.i.k.p.i.AbstractProblemLoader Loading environment from /home/runner/work/key/key/key.core/../key.ui/examples/standard_key/inEqSimp/nonLinInEqExample3.key.proof 
245481     DEBUG main            d.u.i.k.p.i.AbstractProblemLoader Environment load took 105.9ns 
245482     INFO  main            d.u.i.k.p.i.AbstractProblemLoader Creating init config 
247739     DEBUG main            d.u.i.k.p.i.AbstractProblemLoader Init config took 2.26s 
247753     INFO  main            d.u.i.k.p.i.AbstractProblemLoader Replaying proof nonLinInEqExample3.key.proof 
247770     DEBUG main            d.u.i.k.p.i.IntermediateProofReplayer Proof replay took 15.23ms 
247771     DEBUG main            d.u.i.k.p.r.p.TestFile    ... success: reloaded. 
247771     INFO  main            d.u.i.k.p.r.p.TestFile    Now processing file /home/runner/work/key/key/key.core/../key.ui/examples/standard_key/inEqSimp/nonLinInEqExample4.key 
247772     INFO  main            d.u.i.k.p.i.AbstractProblemLoader Loading environment from /home/runner/work/key/key/key.core/../key.ui/examples/standard_key/inEqSimp/nonLinInEqExample4.key 
247772     DEBUG main            d.u.i.k.p.i.AbstractProblemLoader Environment load took 55.6ns 
247773     INFO  main            d.u.i.k.p.i.AbstractProblemLoader Creating init config 
250125     DEBUG main            d.u.i.k.p.i.AbstractProblemLoader Init config took 2.35s 
250138     INFO  main            d.u.i.k.p.i.AbstractProblemLoader Replaying proof nonLinInEqExample4.key 
250140     DEBUG main            d.u.i.k.p.i.IntermediateProofReplayer Proof replay took 3ns 
250249     INFO  main            d.u.i.k.p.r.p.TestFile    ... finished proof: closed. 
250562     INFO  main            d.u.i.k.p.i.AbstractProblemLoader Loading environment from /home/runner/work/key/key/key.core/../key.ui/examples/standard_key/inEqSimp/nonLinInEqExample4.key.proof 
250562     DEBUG main            d.u.i.k.p.i.AbstractProblemLoader Environment load took 108.7ns 
250563     INFO  main            d.u.i.k.p.i.AbstractProblemLoader Creating init config 
252807     DEBUG main            d.u.i.k.p.i.AbstractProblemLoader Init config took 2.24s 
252820     INFO  main            d.u.i.k.p.i.AbstractProblemLoader Replaying proof nonLinInEqExample4.key.proof 
252825     DEBUG main            d.u.i.k.p.i.IntermediateProofReplayer Proof replay took 3.26ms 
252825     DEBUG main            d.u.i.k.p.r.p.TestFile    ... success: reloaded. 
252826     INFO  main            d.u.i.k.p.r.p.TestFile    Now processing file /home/runner/work/key/key/key.core/../key.ui/examples/standard_key/inEqSimp/quadraticInEq.key 
252826     INFO  main            d.u.i.k.p.i.AbstractProblemLoader Loading environment from /home/runner/work/key/key/key.core/../key.ui/examples/standard_key/inEqSimp/quadraticInEq.key 
252826     DEBUG main            d.u.i.k.p.i.AbstractProblemLoader Environment load took 48.3ns 
252827     INFO  main            d.u.i.k.p.i.AbstractProblemLoader Creating init config 
255117     DEBUG main            d.u.i.k.p.i.AbstractProblemLoader Init config took 2.29s 
255130     INFO  main            d.u.i.k.p.i.AbstractProblemLoader Replaying proof quadraticInEq.key 
255131     DEBUG main            d.u.i.k.p.i.IntermediateProofReplayer Proof replay took 3.4ns 
255435     INFO  main            d.u.i.k.p.r.p.TestFile    ... finished proof: closed. 
255745     INFO  main            d.u.i.k.p.i.AbstractProblemLoader Loading environment from /home/runner/work/key/key/key.core/../key.ui/examples/standard_key/inEqSimp/quadraticInEq.key.proof 
255745     DEBUG main            d.u.i.k.p.i.AbstractProblemLoader Environment load took 181.9ns 
255747     INFO  main            d.u.i.k.p.i.AbstractProblemLoader Creating init config 
257994     DEBUG main            d.u.i.k.p.i.AbstractProblemLoader Init config took 2.25s 
258008     INFO  main            d.u.i.k.p.i.AbstractProblemLoader Replaying proof quadraticInEq.key.proof 
258045     DEBUG main            d.u.i.k.p.i.IntermediateProofReplayer Proof replay took 32.83ms 
258046     DEBUG main            d.u.i.k.p.r.p.TestFile    ... success: reloaded. 
258047     INFO  main            d.u.i.k.p.r.p.TestFile    Now processing file /home/runner/work/key/key/key.core/../key.ui/examples/standard_key/inEqSimp/quadraticInEq10.key 
258047     INFO  main            d.u.i.k.p.i.AbstractProblemLoader Loading environment from /home/runner/work/key/key/key.core/../key.ui/examples/standard_key/inEqSimp/quadraticInEq10.key 
258047     DEBUG main            d.u.i.k.p.i.AbstractProblemLoader Environment load took 53.4ns 
258048     INFO  main            d.u.i.k.p.i.AbstractProblemLoader Creating init config 
260319     DEBUG main            d.u.i.k.p.i.AbstractProblemLoader Init config took 2.27s 
260332     INFO  main            d.u.i.k.p.i.AbstractProblemLoader Replaying proof quadraticInEq10.key 
260333     DEBUG main            d.u.i.k.p.i.IntermediateProofReplayer Proof replay took 3.2ns 
260537     INFO  main            d.u.i.k.p.r.p.TestFile    ... finished proof: closed. 
260853     INFO  main            d.u.i.k.p.i.AbstractProblemLoader Loading environment from /home/runner/work/key/key/key.core/../key.ui/examples/standard_key/inEqSimp/quadraticInEq10.key.proof 
260853     DEBUG main            d.u.i.k.p.i.AbstractProblemLoader Environment load took 114.4ns 
260854     INFO  main            d.u.i.k.p.i.AbstractProblemLoader Creating init config 
263097     DEBUG main            d.u.i.k.p.i.AbstractProblemLoader Init config took 2.24s 
263111     INFO  main            d.u.i.k.p.i.AbstractProblemLoader Replaying proof quadraticInEq10.key.proof 
263124     DEBUG main            d.u.i.k.p.i.IntermediateProofReplayer Proof replay took 11.42ms 
263125     DEBUG main            d.u.i.k.p.r.p.TestFile    ... success: reloaded. 
263126     INFO  main            d.u.i.k.p.r.p.TestFile    Now processing file /home/runner/work/key/key/key.core/../key.ui/examples/standard_key/inEqSimp/quadraticInEq13.key 
263126     INFO  main            d.u.i.k.p.i.AbstractProblemLoader Loading environment from /home/runner/work/key/key/key.core/../key.ui/examples/standard_key/inEqSimp/quadraticInEq13.key 
263126     DEBUG main            d.u.i.k.p.i.AbstractProblemLoader Environment load took 51.2ns 
263127     INFO  main            d.u.i.k.p.i.AbstractProblemLoader Creating init config 
265405     DEBUG main            d.u.i.k.p.i.AbstractProblemLoader Init config took 2.28s 
265418     INFO  main            d.u.i.k.p.i.AbstractProblemLoader Replaying proof quadraticInEq13.key 
265419     DEBUG main            d.u.i.k.p.i.IntermediateProofReplayer Proof replay took 3.1ns 
265622     INFO  main            d.u.i.k.p.r.p.TestFile    ... finished proof: closed. 
265937     INFO  main            d.u.i.k.p.i.AbstractProblemLoader Loading environment from /home/runner/work/key/key/key.core/../key.ui/examples/standard_key/inEqSimp/quadraticInEq13.key.proof 
265937     DEBUG main            d.u.i.k.p.i.AbstractProblemLoader Environment load took 97.7ns 
265938     INFO  main            d.u.i.k.p.i.AbstractProblemLoader Creating init config 
268178     DEBUG main            d.u.i.k.p.i.AbstractProblemLoader Init config took 2.24s 
268191     INFO  main            d.u.i.k.p.i.AbstractProblemLoader Replaying proof quadraticInEq13.key.proof 
268208     DEBUG main            d.u.i.k.p.i.IntermediateProofReplayer Proof replay took 14.59ms 
268209     DEBUG main            d.u.i.k.p.r.p.TestFile    ... success: reloaded. 
268210     INFO  main            d.u.i.k.p.r.p.TestFile    Now processing file /home/runner/work/key/key/key.core/../key.ui/examples/standard_key/inEqSimp/quadraticInEq14.key 
268210     INFO  main            d.u.i.k.p.i.AbstractProblemLoader Loading environment from /home/runner/work/key/key/key.core/../key.ui/examples/standard_key/inEqSimp/quadraticInEq14.key 
268210     DEBUG main            d.u.i.k.p.i.AbstractProblemLoader Environment load took 51.1ns 
268211     INFO  main            d.u.i.k.p.i.AbstractProblemLoader Creating init config 
270498     DEBUG main            d.u.i.k.p.i.AbstractProblemLoader Init config took 2.29s 
270511     INFO  main            d.u.i.k.p.i.AbstractProblemLoader Replaying proof quadraticInEq14.key 
270513     DEBUG main            d.u.i.k.p.i.IntermediateProofReplayer Proof replay took 2.7ns 
270816     INFO  main            d.u.i.k.p.r.p.TestFile    ... finished proof: closed. 
271165     INFO  main            d.u.i.k.p.i.AbstractProblemLoader Loading environment from /home/runner/work/key/key/key.core/../key.ui/examples/standard_key/inEqSimp/quadraticInEq14.key.proof 
271165     DEBUG main            d.u.i.k.p.i.AbstractProblemLoader Environment load took 103.1ns 
271166     INFO  main            d.u.i.k.p.i.AbstractProblemLoader Creating init config 
273407     DEBUG main            d.u.i.k.p.i.AbstractProblemLoader Init config took 2.24s 
273420     INFO  main            d.u.i.k.p.i.AbstractProblemLoader Replaying proof quadraticInEq14.key.proof 
273440     DEBUG main            d.u.i.k.p.i.IntermediateProofReplayer Proof replay took 17.37ms 
273441     DEBUG main            d.u.i.k.p.r.p.TestFile    ... success: reloaded. 
273442     INFO  main            d.u.i.k.p.r.p.TestFile    Now processing file /home/runner/work/key/key/key.core/../key.ui/examples/standard_key/inEqSimp/quadraticInEq2.key 
273442     INFO  main            d.u.i.k.p.i.AbstractProblemLoader Loading environment from /home/runner/work/key/key/key.core/../key.ui/examples/standard_key/inEqSimp/quadraticInEq2.key 
273442     DEBUG main            d.u.i.k.p.i.AbstractProblemLoader Environment load took 72ns 
273443     INFO  main            d.u.i.k.p.i.AbstractProblemLoader Creating init config 
275737     DEBUG main            d.u.i.k.p.i.AbstractProblemLoader Init config took 2.29s 
275750     INFO  main            d.u.i.k.p.i.AbstractProblemLoader Replaying proof quadraticInEq2.key 
275752     DEBUG main            d.u.i.k.p.i.IntermediateProofReplayer Proof replay took 2.7ns 
275856     INFO  main            d.u.i.k.p.r.p.TestFile    ... finished proof: closed. 
276189     INFO  main            d.u.i.k.p.i.AbstractProblemLoader Loading environment from /home/runner/work/key/key/key.core/../key.ui/examples/standard_key/inEqSimp/quadraticInEq2.key.proof 
276189     DEBUG main            d.u.i.k.p.i.AbstractProblemLoader Environment load took 98.6ns 
276190     INFO  main            d.u.i.k.p.i.AbstractProblemLoader Creating init config 
278435     DEBUG main            d.u.i.k.p.i.AbstractProblemLoader Init config took 2.25s 
278448     INFO  main            d.u.i.k.p.i.AbstractProblemLoader Replaying proof quadraticInEq2.key.proof 
278452     DEBUG main            d.u.i.k.p.i.IntermediateProofReplayer Proof replay took 2.02ms 
278452     DEBUG main            d.u.i.k.p.r.p.TestFile    ... success: reloaded. 
278453     INFO  main            d.u.i.k.p.r.p.TestFile    Now processing file /home/runner/work/key/key/key.core/../key.ui/examples/standard_key/inEqSimp/quadraticInEq3.key 
278453     INFO  main            d.u.i.k.p.i.AbstractProblemLoader Loading environment from /home/runner/work/key/key/key.core/../key.ui/examples/standard_key/inEqSimp/quadraticInEq3.key 
278453     DEBUG main            d.u.i.k.p.i.AbstractProblemLoader Environment load took 49.3ns 
278454     INFO  main            d.u.i.k.p.i.AbstractProblemLoader Creating init config 
280748     DEBUG main            d.u.i.k.p.i.AbstractProblemLoader Init config took 2.29s 
280761     INFO  main            d.u.i.k.p.i.AbstractProblemLoader Replaying proof quadraticInEq3.key 
280763     DEBUG main            d.u.i.k.p.i.IntermediateProofReplayer Proof replay took 3.1ns 
280865     INFO  main            d.u.i.k.p.r.p.TestFile    ... finished proof: closed. 
281188     INFO  main            d.u.i.k.p.i.AbstractProblemLoader Loading environment from /home/runner/work/key/key/key.core/../key.ui/examples/standard_key/inEqSimp/quadraticInEq3.key.proof 
281188     DEBUG main            d.u.i.k.p.i.AbstractProblemLoader Environment load took 94.8ns 
281189     INFO  main            d.u.i.k.p.i.AbstractProblemLoader Creating init config 
283434     DEBUG main            d.u.i.k.p.i.AbstractProblemLoader Init config took 2.24s 
283447     INFO  main            d.u.i.k.p.i.AbstractProblemLoader Replaying proof quadraticInEq3.key.proof 
283453     DEBUG main            d.u.i.k.p.i.IntermediateProofReplayer Proof replay took 4.92ms 
283454     DEBUG main            d.u.i.k.p.r.p.TestFile    ... success: reloaded. 
283455     INFO  main            d.u.i.k.p.r.p.TestFile    Now processing file /home/runner/work/key/key/key.core/../key.ui/examples/standard_key/inEqSimp/quadraticInEq4.key 
283455     INFO  main            d.u.i.k.p.i.AbstractProblemLoader Loading environment from /home/runner/work/key/key/key.core/../key.ui/examples/standard_key/inEqSimp/quadraticInEq4.key 
283455     DEBUG main            d.u.i.k.p.i.AbstractProblemLoader Environment load took 186.3ns 
283456     INFO  main            d.u.i.k.p.i.AbstractProblemLoader Creating init config 
285748     DEBUG main            d.u.i.k.p.i.AbstractProblemLoader Init config took 2.29s 
285762     INFO  main            d.u.i.k.p.i.AbstractProblemLoader Replaying proof quadraticInEq4.key 
285763     DEBUG main            d.u.i.k.p.i.IntermediateProofReplayer Proof replay took 3ns 
285865     INFO  main            d.u.i.k.p.r.p.TestFile    ... finished proof: closed. 
286199     INFO  main            d.u.i.k.p.i.AbstractProblemLoader Loading environment from /home/runner/work/key/key/key.core/../key.ui/examples/standard_key/inEqSimp/quadraticInEq4.key.proof 
286199     DEBUG main            d.u.i.k.p.i.AbstractProblemLoader Environment load took 95.7ns 
286200     INFO  main            d.u.i.k.p.i.AbstractProblemLoader Creating init config 
288442     DEBUG main            d.u.i.k.p.i.AbstractProblemLoader Init config took 2.24s 
288455     INFO  main            d.u.i.k.p.i.AbstractProblemLoader Replaying proof quadraticInEq4.key.proof 
288460     DEBUG main            d.u.i.k.p.i.IntermediateProofReplayer Proof replay took 3.88ms 
288461     DEBUG main            d.u.i.k.p.r.p.TestFile    ... success: reloaded. 
288462     INFO  main            d.u.i.k.p.r.p.TestFile    Now processing file /home/runner/work/key/key/key.core/../key.ui/examples/standard_key/inEqSimp/quadraticInEq5.key 
288462     INFO  main            d.u.i.k.p.i.AbstractProblemLoader Loading environment from /home/runner/work/key/key/key.core/../key.ui/examples/standard_key/inEqSimp/quadraticInEq5.key 
288462     DEBUG main            d.u.i.k.p.i.AbstractProblemLoader Environment load took 89.4ns 
288463     INFO  main            d.u.i.k.p.i.AbstractProblemLoader Creating init config 
290746     DEBUG main            d.u.i.k.p.i.AbstractProblemLoader Init config took 2.28s 
290759     INFO  main            d.u.i.k.p.i.AbstractProblemLoader Replaying proof quadraticInEq5.key 
290762     DEBUG main            d.u.i.k.p.i.IntermediateProofReplayer Proof replay took 2.7ns 
290864     INFO  main            d.u.i.k.p.r.p.TestFile    ... finished proof: closed. 
291206     INFO  main            d.u.i.k.p.i.AbstractProblemLoader Loading environment from /home/runner/work/key/key/key.core/../key.ui/examples/standard_key/inEqSimp/quadraticInEq5.key.proof 
291206     DEBUG main            d.u.i.k.p.i.AbstractProblemLoader Environment load took 100ns 
291207     INFO  main            d.u.i.k.p.i.AbstractProblemLoader Creating init config 
293446     DEBUG main            d.u.i.k.p.i.AbstractProblemLoader Init config took 2.24s 
293459     INFO  main            d.u.i.k.p.i.AbstractProblemLoader Replaying proof quadraticInEq5.key.proof 
293464     DEBUG main            d.u.i.k.p.i.IntermediateProofReplayer Proof replay took 3.84ms 
293465     DEBUG main            d.u.i.k.p.r.p.TestFile    ... success: reloaded. 
293465     INFO  main            d.u.i.k.p.r.p.TestFile    Now processing file /home/runner/work/key/key/key.core/../key.ui/examples/standard_key/inEqSimp/quadraticInEq6.key 
293466     INFO  main            d.u.i.k.p.i.AbstractProblemLoader Loading environment from /home/runner/work/key/key/key.core/../key.ui/examples/standard_key/inEqSimp/quadraticInEq6.key 
293466     DEBUG main            d.u.i.k.p.i.AbstractProblemLoader Environment load took 49.3ns 
293467     INFO  main            d.u.i.k.p.i.AbstractProblemLoader Creating init config 
295750     DEBUG main            d.u.i.k.p.i.AbstractProblemLoader Init config took 2.28s 
295762     INFO  main            d.u.i.k.p.i.AbstractProblemLoader Replaying proof quadraticInEq6.key 
295764     DEBUG main            d.u.i.k.p.i.IntermediateProofReplayer Proof replay took 3.4ns 
295869     INFO  main            d.u.i.k.p.r.p.TestFile    ... finished proof: closed. 
296209     INFO  main            d.u.i.k.p.i.AbstractProblemLoader Loading environment from /home/runner/work/key/key/key.core/../key.ui/examples/standard_key/inEqSimp/quadraticInEq6.key.proof 
296209     DEBUG main            d.u.i.k.p.i.AbstractProblemLoader Environment load took 103.6ns 
296210     INFO  main            d.u.i.k.p.i.AbstractProblemLoader Creating init config 
298452     DEBUG main            d.u.i.k.p.i.AbstractProblemLoader Init config took 2.24s 
298465     INFO  main            d.u.i.k.p.i.AbstractProblemLoader Replaying proof quadraticInEq6.key.proof 
298470     DEBUG main            d.u.i.k.p.i.IntermediateProofReplayer Proof replay took 3.67ms 
298471     DEBUG main            d.u.i.k.p.r.p.TestFile    ... success: reloaded. 
298472     INFO  main            d.u.i.k.p.r.p.TestFile    Now processing file /home/runner/work/key/key/key.core/../key.ui/examples/standard_key/inEqSimp/quadraticInEq7.key 
298472     INFO  main            d.u.i.k.p.i.AbstractProblemLoader Loading environment from /home/runner/work/key/key/key.core/../key.ui/examples/standard_key/inEqSimp/quadraticInEq7.key 
298472     DEBUG main            d.u.i.k.p.i.AbstractProblemLoader Environment load took 50.3ns 
298473     INFO  main            d.u.i.k.p.i.AbstractProblemLoader Creating init config 
300757     DEBUG main            d.u.i.k.p.i.AbstractProblemLoader Init config took 2.28s 
300770     INFO  main            d.u.i.k.p.i.AbstractProblemLoader Replaying proof quadraticInEq7.key 
300772     DEBUG main            d.u.i.k.p.i.IntermediateProofReplayer Proof replay took 2.9ns 
300874     INFO  main            d.u.i.k.p.r.p.TestFile    ... finished proof: closed. 
301227     INFO  main            d.u.i.k.p.i.AbstractProblemLoader Loading environment from /home/runner/work/key/key/key.core/../key.ui/examples/standard_key/inEqSimp/quadraticInEq7.key.proof 
301227     DEBUG main            d.u.i.k.p.i.AbstractProblemLoader Environment load took 98.6ns 
301228     INFO  main            d.u.i.k.p.i.AbstractProblemLoader Creating init config 
303465     DEBUG main            d.u.i.k.p.i.AbstractProblemLoader Init config took 2.24s 
303478     INFO  main            d.u.i.k.p.i.AbstractProblemLoader Replaying proof quadraticInEq7.key.proof 
303481     DEBUG main            d.u.i.k.p.i.IntermediateProofReplayer Proof replay took 1.99ms 
303482     DEBUG main            d.u.i.k.p.r.p.TestFile    ... success: reloaded. 
303483     INFO  main            d.u.i.k.p.r.p.TestFile    Now processing file /home/runner/work/key/key/key.core/../key.ui/examples/standard_key/inEqSimp/quadraticInEq8.key 
303483     INFO  main            d.u.i.k.p.i.AbstractProblemLoader Loading environment from /home/runner/work/key/key/key.core/../key.ui/examples/standard_key/inEqSimp/quadraticInEq8.key 
303483     DEBUG main            d.u.i.k.p.i.AbstractProblemLoader Environment load took 41.3ns 
303484     INFO  main            d.u.i.k.p.i.AbstractProblemLoader Creating init config 
305769     DEBUG main            d.u.i.k.p.i.AbstractProblemLoader Init config took 2.28s 
305781     INFO  main            d.u.i.k.p.i.AbstractProblemLoader Replaying proof quadraticInEq8.key 
305783     DEBUG main            d.u.i.k.p.i.IntermediateProofReplayer Proof replay took 3.5ns 
305885     INFO  main            d.u.i.k.p.r.p.TestFile    ... finished proof: closed. 
306250     INFO  main            d.u.i.k.p.i.AbstractProblemLoader Loading environment from /home/runner/work/key/key/key.core/../key.ui/examples/standard_key/inEqSimp/quadraticInEq8.key.proof 
306250     DEBUG main            d.u.i.k.p.i.AbstractProblemLoader Environment load took 86.9ns 
306251     INFO  main            d.u.i.k.p.i.AbstractProblemLoader Creating init config 
308496     DEBUG main            d.u.i.k.p.i.AbstractProblemLoader Init config took 2.24s 
308508     INFO  main            d.u.i.k.p.i.AbstractProblemLoader Replaying proof quadraticInEq8.key.proof 
308516     DEBUG main            d.u.i.k.p.i.IntermediateProofReplayer Proof replay took 6.27ms 
308517     DEBUG main            d.u.i.k.p.r.p.TestFile    ... success: reloaded. 
308518     INFO  main            d.u.i.k.p.r.p.TestFile    Now processing file /home/runner/work/key/key/key.core/../key.ui/examples/standard_key/inEqSimp/simplify0.key 
308518     INFO  main            d.u.i.k.p.i.AbstractProblemLoader Loading environment from /home/runner/work/key/key/key.core/../key.ui/examples/standard_key/inEqSimp/simplify0.key 
308518     DEBUG main            d.u.i.k.p.i.AbstractProblemLoader Environment load took 47.4ns 
308519     INFO  main            d.u.i.k.p.i.AbstractProblemLoader Creating init config 
310822     DEBUG main            d.u.i.k.p.i.AbstractProblemLoader Init config took 2.3s 
310835     INFO  main            d.u.i.k.p.i.AbstractProblemLoader Replaying proof simplify0.key 
310836     DEBUG main            d.u.i.k.p.i.IntermediateProofReplayer Proof replay took 3.2ns 
310941     INFO  main            d.u.i.k.p.r.p.TestFile    ... finished proof: closed. 
311305     INFO  main            d.u.i.k.p.i.AbstractProblemLoader Loading environment from /home/runner/work/key/key/key.core/../key.ui/examples/standard_key/inEqSimp/simplify0.key.proof 
311305     DEBUG main            d.u.i.k.p.i.AbstractProblemLoader Environment load took 101.5ns 
311306     INFO  main            d.u.i.k.p.i.AbstractProblemLoader Creating init config 
313549     DEBUG main            d.u.i.k.p.i.AbstractProblemLoader Init config took 2.24s 
313563     INFO  main            d.u.i.k.p.i.AbstractProblemLoader Replaying proof simplify0.key.proof 
313566     DEBUG main            d.u.i.k.p.i.IntermediateProofReplayer Proof replay took 2.1ms 
313567     DEBUG main            d.u.i.k.p.r.p.TestFile    ... success: reloaded. 
313567     INFO  main            d.u.i.k.p.r.p.TestFile    Now processing file /home/runner/work/key/key/key.core/../key.ui/examples/standard_key/inEqSimp/simplify1.key 
313568     INFO  main            d.u.i.k.p.i.AbstractProblemLoader Loading environment from /home/runner/work/key/key/key.core/../key.ui/examples/standard_key/inEqSimp/simplify1.key 
313568     DEBUG main            d.u.i.k.p.i.AbstractProblemLoader Environment load took 85.2ns 
313568     INFO  main            d.u.i.k.p.i.AbstractProblemLoader Creating init config 
315866     DEBUG main            d.u.i.k.p.i.AbstractProblemLoader Init config took 2.3s 
315879     INFO  main            d.u.i.k.p.i.AbstractProblemLoader Replaying proof simplify1.key 
315885     DEBUG main            d.u.i.k.p.i.IntermediateProofReplayer Proof replay took 2.9ns 
315987     INFO  main            d.u.i.k.p.r.p.TestFile    ... finished proof: closed. 
316353     INFO  main            d.u.i.k.p.i.AbstractProblemLoader Loading environment from /home/runner/work/key/key/key.core/../key.ui/examples/standard_key/inEqSimp/simplify1.key.proof 
316353     DEBUG main            d.u.i.k.p.i.AbstractProblemLoader Environment load took 85.3ns 
316354     INFO  main            d.u.i.k.p.i.AbstractProblemLoader Creating init config 
318607     DEBUG main            d.u.i.k.p.i.AbstractProblemLoader Init config took 2.25s 
318620     INFO  main            d.u.i.k.p.i.AbstractProblemLoader Replaying proof simplify1.key.proof 
318624     DEBUG main            d.u.i.k.p.i.IntermediateProofReplayer Proof replay took 3.39ms 
318626     DEBUG main            d.u.i.k.p.r.p.TestFile    ... success: reloaded. 
318627     INFO  main            d.u.i.k.p.r.p.TestFile    Now processing file /home/runner/work/key/key/key.core/../key.ui/examples/standard_key/inEqSimp/simplify2.key 
318627     INFO  main            d.u.i.k.p.i.AbstractProblemLoader Loading environment from /home/runner/work/key/key/key.core/../key.ui/examples/standard_key/inEqSimp/simplify2.key 
318627     DEBUG main            d.u.i.k.p.i.AbstractProblemLoader Environment load took 187.7ns 
318628     INFO  main            d.u.i.k.p.i.AbstractProblemLoader Creating init config 
320924     DEBUG main            d.u.i.k.p.i.AbstractProblemLoader Init config took 2.3s 
320936     INFO  main            d.u.i.k.p.i.AbstractProblemLoader Replaying proof simplify2.key 
320937     DEBUG main            d.u.i.k.p.i.IntermediateProofReplayer Proof replay took 3.4ns 
321039     INFO  main            d.u.i.k.p.r.p.TestFile    ... finished proof: closed. 
321416     INFO  main            d.u.i.k.p.i.AbstractProblemLoader Loading environment from /home/runner/work/key/key/key.core/../key.ui/examples/standard_key/inEqSimp/simplify2.key.proof 
321416     DEBUG main            d.u.i.k.p.i.AbstractProblemLoader Environment load took 89.4ns 
321417     INFO  main            d.u.i.k.p.i.AbstractProblemLoader Creating init config 
323668     DEBUG main            d.u.i.k.p.i.AbstractProblemLoader Init config took 2.25s 
323681     INFO  main            d.u.i.k.p.i.AbstractProblemLoader Replaying proof simplify2.key.proof 
323693     DEBUG main            d.u.i.k.p.i.IntermediateProofReplayer Proof replay took 9.66ms 
323694     DEBUG main            d.u.i.k.p.r.p.TestFile    ... success: reloaded. 
323694     INFO  main            d.u.i.k.p.r.p.TestFile    Now processing file /home/runner/work/key/key/key.core/../key.ui/examples/standard_key/inEqSimp/simplify3.key 
323694     INFO  main            d.u.i.k.p.i.AbstractProblemLoader Loading environment from /home/runner/work/key/key/key.core/../key.ui/examples/standard_key/inEqSimp/simplify3.key 
323694     DEBUG main            d.u.i.k.p.i.AbstractProblemLoader Environment load took 47.1ns 
323695     INFO  main            d.u.i.k.p.i.AbstractProblemLoader Creating init config 
325992     DEBUG main            d.u.i.k.p.i.AbstractProblemLoader Init config took 2.3s 
326005     INFO  main            d.u.i.k.p.i.AbstractProblemLoader Replaying proof simplify3.key 
326006     DEBUG main            d.u.i.k.p.i.IntermediateProofReplayer Proof replay took 3.5ns 
326108     INFO  main            d.u.i.k.p.r.p.TestFile    ... finished proof: closed. 
326488     INFO  main            d.u.i.k.p.i.AbstractProblemLoader Loading environment from /home/runner/work/key/key/key.core/../key.ui/examples/standard_key/inEqSimp/simplify3.key.proof 
326488     DEBUG main            d.u.i.k.p.i.AbstractProblemLoader Environment load took 91.6ns 
326489     INFO  main            d.u.i.k.p.i.AbstractProblemLoader Creating init config 
328746     DEBUG main            d.u.i.k.p.i.AbstractProblemLoader Init config took 2.26s 
328759     INFO  main            d.u.i.k.p.i.AbstractProblemLoader Replaying proof simplify3.key.proof 
328763     DEBUG main            d.u.i.k.p.i.IntermediateProofReplayer Proof replay took 1.68ms 
328763     DEBUG main            d.u.i.k.p.r.p.TestFile    ... success: reloaded. 
328764     INFO  main            d.u.i.k.p.r.p.TestFile    Now processing file /home/runner/work/key/key/key.core/../key.ui/examples/standard_key/inEqSimp/simplify4.key 
328764     INFO  main            d.u.i.k.p.i.AbstractProblemLoader Loading environment from /home/runner/work/key/key/key.core/../key.ui/examples/standard_key/inEqSimp/simplify4.key 
328764     DEBUG main            d.u.i.k.p.i.AbstractProblemLoader Environment load took 45.3ns 
328765     INFO  main            d.u.i.k.p.i.AbstractProblemLoader Creating init config 
331059     DEBUG main            d.u.i.k.p.i.AbstractProblemLoader Init config took 2.29s 
331072     INFO  main            d.u.i.k.p.i.AbstractProblemLoader Replaying proof simplify4.key 
331073     DEBUG main            d.u.i.k.p.i.IntermediateProofReplayer Proof replay took 2.5ns 
331175     INFO  main            d.u.i.k.p.r.p.TestFile    ... finished proof: closed. 
331564     INFO  main            d.u.i.k.p.i.AbstractProblemLoader Loading environment from /home/runner/work/key/key/key.core/../key.ui/examples/standard_key/inEqSimp/simplify4.key.proof 
331564     DEBUG main            d.u.i.k.p.i.AbstractProblemLoader Environment load took 275.2ns 
331565     INFO  main            d.u.i.k.p.i.AbstractProblemLoader Creating init config 
333828     DEBUG main            d.u.i.k.p.i.AbstractProblemLoader Init config took 2.26s 
333842     INFO  main            d.u.i.k.p.i.AbstractProblemLoader Replaying proof simplify4.key.proof 
333860     DEBUG main            d.u.i.k.p.i.IntermediateProofReplayer Proof replay took 11.74ms 
333860     DEBUG main            d.u.i.k.p.r.p.TestFile    ... success: reloaded. 
333861     INFO  main            d.u.i.k.p.r.p.TestFile    Now processing file /home/runner/work/key/key/key.core/../key.ui/examples/standard_key/inEqSimp/simplify5.key 
333861     INFO  main            d.u.i.k.p.i.AbstractProblemLoader Loading environment from /home/runner/work/key/key/key.core/../key.ui/examples/standard_key/inEqSimp/simplify5.key 
333861     DEBUG main            d.u.i.k.p.i.AbstractProblemLoader Environment load took 82.8ns 
333862     INFO  main            d.u.i.k.p.i.AbstractProblemLoader Creating init config 
336156     DEBUG main            d.u.i.k.p.i.AbstractProblemLoader Init config took 2.29s 
336170     INFO  main            d.u.i.k.p.i.AbstractProblemLoader Replaying proof simplify5.key 
336171     DEBUG main            d.u.i.k.p.i.IntermediateProofReplayer Proof replay took 3.2ns 
336675     INFO  main            d.u.i.k.p.r.p.TestFile    ... finished proof: closed. 
337082     INFO  main            d.u.i.k.p.i.AbstractProblemLoader Loading environment from /home/runner/work/key/key/key.core/../key.ui/examples/standard_key/inEqSimp/simplify5.key.proof 
337082     DEBUG main            d.u.i.k.p.i.AbstractProblemLoader Environment load took 95.7ns 
337084     INFO  main            d.u.i.k.p.i.AbstractProblemLoader Creating init config 
339356     DEBUG main            d.u.i.k.p.i.AbstractProblemLoader Init config took 2.27s 
339369     INFO  main            d.u.i.k.p.i.AbstractProblemLoader Replaying proof simplify5.key.proof 
339429     DEBUG main            d.u.i.k.p.i.IntermediateProofReplayer Proof replay took 54.68ms 
339430     DEBUG main            d.u.i.k.p.r.p.TestFile    ... success: reloaded. 
339436     INFO  main            d.u.i.k.p.r.p.TestFile    Now processing file /home/runner/work/key/key/key.core/../key.ui/examples/standard_key/inEqSimp/subsumptionExample.key 
339437     INFO  main            d.u.i.k.p.i.AbstractProblemLoader Loading environment from /home/runner/work/key/key/key.core/../key.ui/examples/standard_key/inEqSimp/subsumptionExample.key 
339437     DEBUG main            d.u.i.k.p.i.AbstractProblemLoader Environment load took 218.3ns 
339438     INFO  main            d.u.i.k.p.i.AbstractProblemLoader Creating init config 
341754     DEBUG main            d.u.i.k.p.i.AbstractProblemLoader Init config took 2.32s 
341766     INFO  main            d.u.i.k.p.i.AbstractProblemLoader Replaying proof subsumptionExample.key 
341768     DEBUG main            d.u.i.k.p.i.IntermediateProofReplayer Proof replay took 3.4ns 
341870     INFO  main            d.u.i.k.p.r.p.TestFile    ... finished proof: closed. 
342273     INFO  main            d.u.i.k.p.i.AbstractProblemLoader Loading environment from /home/runner/work/key/key/key.core/../key.ui/examples/standard_key/inEqSimp/subsumptionExample.key.proof 
342273     DEBUG main            d.u.i.k.p.i.AbstractProblemLoader Environment load took 85.8ns 
342274     INFO  main            d.u.i.k.p.i.AbstractProblemLoader Creating init config 
344522     DEBUG main            d.u.i.k.p.i.AbstractProblemLoader Init config took 2.25s 
344535     INFO  main            d.u.i.k.p.i.AbstractProblemLoader Replaying proof subsumptionExample.key.proof 
344537     DEBUG main            d.u.i.k.p.i.IntermediateProofReplayer Proof replay took 830.41ns 
344538     DEBUG main            d.u.i.k.p.r.p.TestFile    ... success: reloaded. 
344538     INFO  main            d.u.i.k.p.r.p.TestFile    Now processing file /home/runner/work/key/key/key.core/../key.ui/examples/standard_key/polySimp/simplify0.key 
344538     INFO  main            d.u.i.k.p.i.AbstractProblemLoader Loading environment from /home/runner/work/key/key/key.core/../key.ui/examples/standard_key/polySimp/simplify0.key 
344539     DEBUG main            d.u.i.k.p.i.AbstractProblemLoader Environment load took 47ns 
344540     INFO  main            d.u.i.k.p.i.AbstractProblemLoader Creating init config 
346846     DEBUG main            d.u.i.k.p.i.AbstractProblemLoader Init config took 2.31s 
346860     INFO  main            d.u.i.k.p.i.AbstractProblemLoader Replaying proof simplify0.key 
346860     DEBUG main            d.u.i.k.p.i.IntermediateProofReplayer Proof replay took 3.1ns 
347063     INFO  main            d.u.i.k.p.r.p.TestFile    ... finished proof: closed. 
347473     INFO  main            d.u.i.k.p.i.AbstractProblemLoader Loading environment from /home/runner/work/key/key/key.core/../key.ui/examples/standard_key/polySimp/simplify0.key.proof 
347473     DEBUG main            d.u.i.k.p.i.AbstractProblemLoader Environment load took 90.3ns 
347474     INFO  main            d.u.i.k.p.i.AbstractProblemLoader Creating init config 
349731     DEBUG main            d.u.i.k.p.i.AbstractProblemLoader Init config took 2.26s 
349745     INFO  main            d.u.i.k.p.i.AbstractProblemLoader Replaying proof simplify0.key.proof 
349763     DEBUG main            d.u.i.k.p.i.IntermediateProofReplayer Proof replay took 13.92ms 
349764     DEBUG main            d.u.i.k.p.r.p.TestFile    ... success: reloaded. 
349765     INFO  main            d.u.i.k.p.r.p.TestFile    Now processing file /home/runner/work/key/key/key.core/../key.ui/examples/standard_key/polySimp/simplify1.key 
349765     INFO  main            d.u.i.k.p.i.AbstractProblemLoader Loading environment from /home/runner/work/key/key/key.core/../key.ui/examples/standard_key/polySimp/simplify1.key 
349765     DEBUG main            d.u.i.k.p.i.AbstractProblemLoader Environment load took 91ns 
349766     INFO  main            d.u.i.k.p.i.AbstractProblemLoader Creating init config 
352075     DEBUG main            d.u.i.k.p.i.AbstractProblemLoader Init config took 2.31s 
352088     INFO  main            d.u.i.k.p.i.AbstractProblemLoader Replaying proof simplify1.key 
352089     DEBUG main            d.u.i.k.p.i.IntermediateProofReplayer Proof replay took 2.5ns 
352400     INFO  main            d.u.i.k.p.r.p.TestFile    ... finished proof: closed. 
352816     INFO  main            d.u.i.k.p.i.AbstractProblemLoader Loading environment from /home/runner/work/key/key/key.core/../key.ui/examples/standard_key/polySimp/simplify1.key.proof 
352817     DEBUG main            d.u.i.k.p.i.AbstractProblemLoader Environment load took 88.5ns 
352818     INFO  main            d.u.i.k.p.i.AbstractProblemLoader Creating init config 
355068     DEBUG main            d.u.i.k.p.i.AbstractProblemLoader Init config took 2.25s 
355082     INFO  main            d.u.i.k.p.i.AbstractProblemLoader Replaying proof simplify1.key.proof 
355103     DEBUG main            d.u.i.k.p.i.IntermediateProofReplayer Proof replay took 19.2ms 
355104     DEBUG main            d.u.i.k.p.r.p.TestFile    ... success: reloaded. 
355104     INFO  main            d.u.i.k.p.r.p.TestFile    Now processing file /home/runner/work/key/key/key.core/../key.ui/examples/standard_key/polySimp/simplify10.key 
355105     INFO  main            d.u.i.k.p.i.AbstractProblemLoader Loading environment from /home/runner/work/key/key/key.core/../key.ui/examples/standard_key/polySimp/simplify10.key 
355105     DEBUG main            d.u.i.k.p.i.AbstractProblemLoader Environment load took 46.6ns 
355106     INFO  main            d.u.i.k.p.i.AbstractProblemLoader Creating init config 
357416     DEBUG main            d.u.i.k.p.i.AbstractProblemLoader Init config took 2.31s 
357430     INFO  main            d.u.i.k.p.i.AbstractProblemLoader Replaying proof simplify10.key 
357431     DEBUG main            d.u.i.k.p.i.IntermediateProofReplayer Proof replay took 3.1ns 
357744     INFO  main            d.u.i.k.p.r.p.TestFile    ... finished proof: closed. 
358170     INFO  main            d.u.i.k.p.i.AbstractProblemLoader Loading environment from /home/runner/work/key/key/key.core/../key.ui/examples/standard_key/polySimp/simplify10.key.proof 
358170     DEBUG main            d.u.i.k.p.i.AbstractProblemLoader Environment load took 81.2ns 
358171     INFO  main            d.u.i.k.p.i.AbstractProblemLoader Creating init config 
360427     DEBUG main            d.u.i.k.p.i.AbstractProblemLoader Init config took 2.26s 
360442     INFO  main            d.u.i.k.p.i.AbstractProblemLoader Replaying proof simplify10.key.proof 
360483     DEBUG main            d.u.i.k.p.i.IntermediateProofReplayer Proof replay took 38.56ms 
360484     DEBUG main            d.u.i.k.p.r.p.TestFile    ... success: reloaded. 
360485     INFO  main            d.u.i.k.p.r.p.TestFile    Now processing file /home/runner/work/key/key/key.core/../key.ui/examples/standard_key/polySimp/simplify11.key 
360485     INFO  main            d.u.i.k.p.i.AbstractProblemLoader Loading environment from /home/runner/work/key/key/key.core/../key.ui/examples/standard_key/polySimp/simplify11.key 
360485     DEBUG main            d.u.i.k.p.i.AbstractProblemLoader Environment load took 83ns 
360486     INFO  main            d.u.i.k.p.i.AbstractProblemLoader Creating init config 
362809     DEBUG main            d.u.i.k.p.i.AbstractProblemLoader Init config took 2.32s 
362822     INFO  main            d.u.i.k.p.i.AbstractProblemLoader Replaying proof simplify11.key 
362822     DEBUG main            d.u.i.k.p.i.IntermediateProofReplayer Proof replay took 2.7ns 
363025     INFO  main            d.u.i.k.p.r.p.TestFile    ... finished proof: closed. 
363459     INFO  main            d.u.i.k.p.i.AbstractProblemLoader Loading environment from /home/runner/work/key/key/key.core/../key.ui/examples/standard_key/polySimp/simplify11.key.proof 
363459     DEBUG main            d.u.i.k.p.i.AbstractProblemLoader Environment load took 78.9ns 
363460     INFO  main            d.u.i.k.p.i.AbstractProblemLoader Creating init config 
365779     DEBUG main            d.u.i.k.p.i.AbstractProblemLoader Init config took 2.32s 
365793     INFO  main            d.u.i.k.p.i.AbstractProblemLoader Replaying proof simplify11.key.proof 
365812     DEBUG main            d.u.i.k.p.i.IntermediateProofReplayer Proof replay took 16.81ms 
365813     DEBUG main            d.u.i.k.p.r.p.TestFile    ... success: reloaded. 
365813     INFO  main            d.u.i.k.p.r.p.TestFile    Now processing file /home/runner/work/key/key/key.core/../key.ui/examples/standard_key/polySimp/simplify12.key 
365814     INFO  main            d.u.i.k.p.i.AbstractProblemLoader Loading environment from /home/runner/work/key/key/key.core/../key.ui/examples/standard_key/polySimp/simplify12.key 
365814     DEBUG main            d.u.i.k.p.i.AbstractProblemLoader Environment load took 67.6ns 
365815     INFO  main            d.u.i.k.p.i.AbstractProblemLoader Creating init config 
368121     DEBUG main            d.u.i.k.p.i.AbstractProblemLoader Init config took 2.31s 
368134     INFO  main            d.u.i.k.p.i.AbstractProblemLoader Replaying proof simplify12.key 
368135     DEBUG main            d.u.i.k.p.i.IntermediateProofReplayer Proof replay took 2.9ns 
368236     INFO  main            d.u.i.k.p.r.p.TestFile    ... finished proof: closed. 
368668     INFO  main            d.u.i.k.p.i.AbstractProblemLoader Loading environment from /home/runner/work/key/key/key.core/../key.ui/examples/standard_key/polySimp/simplify12.key.proof 
368668     DEBUG main            d.u.i.k.p.i.AbstractProblemLoader Environment load took 77.3ns 
368669     INFO  main            d.u.i.k.p.i.AbstractProblemLoader Creating init config 
371106     DEBUG main            d.u.i.k.p.i.AbstractProblemLoader Init config took 2.44s 
371120     INFO  main            d.u.i.k.p.i.AbstractProblemLoader Replaying proof simplify12.key.proof 
371130     DEBUG main            d.u.i.k.p.i.IntermediateProofReplayer Proof replay took 8.05ms 
371130     DEBUG main            d.u.i.k.p.r.p.TestFile    ... success: reloaded. 
371131     INFO  main            d.u.i.k.p.r.p.TestFile    Now processing file /home/runner/work/key/key/key.core/../key.ui/examples/standard_key/polySimp/simplify13.key 
371132     INFO  main            d.u.i.k.p.i.AbstractProblemLoader Loading environment from /home/runner/work/key/key/key.core/../key.ui/examples/standard_key/polySimp/simplify13.key 
371132     DEBUG main            d.u.i.k.p.i.AbstractProblemLoader Environment load took 197.2ns 
371133     INFO  main            d.u.i.k.p.i.AbstractProblemLoader Creating init config 
373588     DEBUG main            d.u.i.k.p.i.AbstractProblemLoader Init config took 2.46s 
373603     INFO  main            d.u.i.k.p.i.AbstractProblemLoader Replaying proof simplify13.key 
373604     DEBUG main            d.u.i.k.p.i.IntermediateProofReplayer Proof replay took 3.3ns 
373706     INFO  main            d.u.i.k.p.r.p.TestFile    ... finished proof: closed. 
374140     INFO  main            d.u.i.k.p.i.AbstractProblemLoader Loading environment from /home/runner/work/key/key/key.core/../key.ui/examples/standard_key/polySimp/simplify13.key.proof 
374140     DEBUG main            d.u.i.k.p.i.AbstractProblemLoader Environment load took 88.1ns 
374141     INFO  main            d.u.i.k.p.i.AbstractProblemLoader Creating init config 
376400     DEBUG main            d.u.i.k.p.i.AbstractProblemLoader Init config took 2.26s 
376415     INFO  main            d.u.i.k.p.i.AbstractProblemLoader Replaying proof simplify13.key.proof 
376421     DEBUG main            d.u.i.k.p.i.IntermediateProofReplayer Proof replay took 4.58ms 
376422     DEBUG main            d.u.i.k.p.r.p.TestFile    ... success: reloaded. 
376423     INFO  main            d.u.i.k.p.r.p.TestFile    Now processing file /home/runner/work/key/key/key.core/../key.ui/examples/standard_key/polySimp/simplify14.key 
376423     INFO  main            d.u.i.k.p.i.AbstractProblemLoader Loading environment from /home/runner/work/key/key/key.core/../key.ui/examples/standard_key/polySimp/simplify14.key 
376423     DEBUG main            d.u.i.k.p.i.AbstractProblemLoader Environment load took 46.3ns 
376424     INFO  main            d.u.i.k.p.i.AbstractProblemLoader Creating init config 
378761     DEBUG main            d.u.i.k.p.i.AbstractProblemLoader Init config took 2.34s 
378779     INFO  main            d.u.i.k.p.i.AbstractProblemLoader Replaying proof simplify14.key 
378780     DEBUG main            d.u.i.k.p.i.IntermediateProofReplayer Proof replay took 2.5ns 
378882     INFO  main            d.u.i.k.p.r.p.TestFile    ... finished proof: closed. 
379325     INFO  main            d.u.i.k.p.i.AbstractProblemLoader Loading environment from /home/runner/work/key/key/key.core/../key.ui/examples/standard_key/polySimp/simplify14.key.proof 
379325     DEBUG main            d.u.i.k.p.i.AbstractProblemLoader Environment load took 80.6ns 
379326     INFO  main            d.u.i.k.p.i.AbstractProblemLoader Creating init config 
381569     DEBUG main            d.u.i.k.p.i.AbstractProblemLoader Init config took 2.24s 
381583     INFO  main            d.u.i.k.p.i.AbstractProblemLoader Replaying proof simplify14.key.proof 
381585     DEBUG main            d.u.i.k.p.i.IntermediateProofReplayer Proof replay took 1.26ms 
381586     DEBUG main            d.u.i.k.p.r.p.TestFile    ... success: reloaded. 
381587     INFO  main            d.u.i.k.p.r.p.TestFile    Now processing file /home/runner/work/key/key/key.core/../key.ui/examples/standard_key/polySimp/simplify15.key 
381587     INFO  main            d.u.i.k.p.i.AbstractProblemLoader Loading environment from /home/runner/work/key/key/key.core/../key.ui/examples/standard_key/polySimp/simplify15.key 
381587     DEBUG main            d.u.i.k.p.i.AbstractProblemLoader Environment load took 44.2ns 
381587     INFO  main            d.u.i.k.p.i.AbstractProblemLoader Creating init config 
383862     DEBUG main            d.u.i.k.p.i.AbstractProblemLoader Init config took 2.27s 
383874     INFO  main            d.u.i.k.p.i.AbstractProblemLoader Replaying proof simplify15.key 
383875     DEBUG main            d.u.i.k.p.i.IntermediateProofReplayer Proof replay took 3.1ns 
383977     INFO  main            d.u.i.k.p.r.p.TestFile    ... finished proof: closed. 
384413     INFO  main            d.u.i.k.p.i.AbstractProblemLoader Loading environment from /home/runner/work/key/key/key.core/../key.ui/examples/standard_key/polySimp/simplify15.key.proof 
384413     DEBUG main            d.u.i.k.p.i.AbstractProblemLoader Environment load took 80.2ns 
384414     INFO  main            d.u.i.k.p.i.AbstractProblemLoader Creating init config 
386648     DEBUG main            d.u.i.k.p.i.AbstractProblemLoader Init config took 2.23s 
386661     INFO  main            d.u.i.k.p.i.AbstractProblemLoader Replaying proof simplify15.key.proof 
386663     DEBUG main            d.u.i.k.p.i.IntermediateProofReplayer Proof replay took 625.01ns 
386663     DEBUG main            d.u.i.k.p.r.p.TestFile    ... success: reloaded. 
386664     INFO  main            d.u.i.k.p.r.p.TestFile    Now processing file /home/runner/work/key/key/key.core/../key.ui/examples/standard_key/polySimp/simplify16.key 
386664     INFO  main            d.u.i.k.p.i.AbstractProblemLoader Loading environment from /home/runner/work/key/key/key.core/../key.ui/examples/standard_key/polySimp/simplify16.key 
386664     DEBUG main            d.u.i.k.p.i.AbstractProblemLoader Environment load took 68.1ns 
386665     INFO  main            d.u.i.k.p.i.AbstractProblemLoader Creating init config 
388927     DEBUG main            d.u.i.k.p.i.AbstractProblemLoader Init config took 2.26s 
388940     INFO  main            d.u.i.k.p.i.AbstractProblemLoader Replaying proof simplify16.key 
388941     DEBUG main            d.u.i.k.p.i.IntermediateProofReplayer Proof replay took 2.9ns 
389042     INFO  main            d.u.i.k.p.r.p.TestFile    ... finished proof: closed. 
389486     INFO  main            d.u.i.k.p.i.AbstractProblemLoader Loading environment from /home/runner/work/key/key/key.core/../key.ui/examples/standard_key/polySimp/simplify16.key.proof 
389486     DEBUG main            d.u.i.k.p.i.AbstractProblemLoader Environment load took 81.5ns 
389487     INFO  main            d.u.i.k.p.i.AbstractProblemLoader Creating init config 
391722     DEBUG main            d.u.i.k.p.i.AbstractProblemLoader Init config took 2.24s 
391735     INFO  main            d.u.i.k.p.i.AbstractProblemLoader Replaying proof simplify16.key.proof 
391737     DEBUG main            d.u.i.k.p.i.IntermediateProofReplayer Proof replay took 453.81ns 
391738     DEBUG main            d.u.i.k.p.r.p.TestFile    ... success: reloaded. 
391738     INFO  main            d.u.i.k.p.r.p.TestFile    Now processing file /home/runner/work/key/key/key.core/../key.ui/examples/standard_key/polySimp/simplify17.key 
391738     INFO  main            d.u.i.k.p.i.AbstractProblemLoader Loading environment from /home/runner/work/key/key/key.core/../key.ui/examples/standard_key/polySimp/simplify17.key 
391738     DEBUG main            d.u.i.k.p.i.AbstractProblemLoader Environment load took 46.3ns 
391739     INFO  main            d.u.i.k.p.i.AbstractProblemLoader Creating init config 
394000     DEBUG main            d.u.i.k.p.i.AbstractProblemLoader Init config took 2.26s 
394012     INFO  main            d.u.i.k.p.i.AbstractProblemLoader Replaying proof simplify17.key 
394014     DEBUG main            d.u.i.k.p.i.IntermediateProofReplayer Proof replay took 2.7ns 
394115     INFO  main            d.u.i.k.p.r.p.TestFile    ... finished proof: closed. 
394571     INFO  main            d.u.i.k.p.i.AbstractProblemLoader Loading environment from /home/runner/work/key/key/key.core/../key.ui/examples/standard_key/polySimp/simplify17.key.proof 
394571     DEBUG main            d.u.i.k.p.i.AbstractProblemLoader Environment load took 80.4ns 
394572     INFO  main            d.u.i.k.p.i.AbstractProblemLoader Creating init config 
396802     DEBUG main            d.u.i.k.p.i.AbstractProblemLoader Init config took 2.23s 
396814     INFO  main            d.u.i.k.p.i.AbstractProblemLoader Replaying proof simplify17.key.proof 
396821     DEBUG main            d.u.i.k.p.i.IntermediateProofReplayer Proof replay took 4.92ms 
396821     DEBUG main            d.u.i.k.p.r.p.TestFile    ... success: reloaded. 
396822     INFO  main            d.u.i.k.p.r.p.TestFile    Now processing file /home/runner/work/key/key/key.core/../key.ui/examples/standard_key/polySimp/simplify18.key 
396822     INFO  main            d.u.i.k.p.i.AbstractProblemLoader Loading environment from /home/runner/work/key/key/key.core/../key.ui/examples/standard_key/polySimp/simplify18.key 
396822     DEBUG main            d.u.i.k.p.i.AbstractProblemLoader Environment load took 52.8ns 
396823     INFO  main            d.u.i.k.p.i.AbstractProblemLoader Creating init config 
399108     DEBUG main            d.u.i.k.p.i.AbstractProblemLoader Init config took 2.28s 
399121     INFO  main            d.u.i.k.p.i.AbstractProblemLoader Replaying proof simplify18.key 
399122     DEBUG main            d.u.i.k.p.i.IntermediateProofReplayer Proof replay took 2.3ns 
399324     INFO  main            d.u.i.k.p.r.p.TestFile    ... finished proof: closed. 
399787     INFO  main            d.u.i.k.p.i.AbstractProblemLoader Loading environment from /home/runner/work/key/key/key.core/../key.ui/examples/standard_key/polySimp/simplify18.key.proof 
399787     DEBUG main            d.u.i.k.p.i.AbstractProblemLoader Environment load took 84.9ns 
399788     INFO  main            d.u.i.k.p.i.AbstractProblemLoader Creating init config 
402018     DEBUG main            d.u.i.k.p.i.AbstractProblemLoader Init config took 2.23s 
402031     INFO  main            d.u.i.k.p.i.AbstractProblemLoader Replaying proof simplify18.key.proof 
402046     DEBUG main            d.u.i.k.p.i.IntermediateProofReplayer Proof replay took 12.76ms 
402047     DEBUG main            d.u.i.k.p.r.p.TestFile    ... success: reloaded. 
402047     INFO  main            d.u.i.k.p.r.p.TestFile    Now processing file /home/runner/work/key/key/key.core/../key.ui/examples/standard_key/polySimp/simplify19.key 
402047     INFO  main            d.u.i.k.p.i.AbstractProblemLoader Loading environment from /home/runner/work/key/key/key.core/../key.ui/examples/standard_key/polySimp/simplify19.key 
402047     DEBUG main            d.u.i.k.p.i.AbstractProblemLoader Environment load took 71.7ns 
402048     INFO  main            d.u.i.k.p.i.AbstractProblemLoader Creating init config 
404306     DEBUG main            d.u.i.k.p.i.AbstractProblemLoader Init config took 2.26s 
404319     INFO  main            d.u.i.k.p.i.AbstractProblemLoader Replaying proof simplify19.key 
404320     DEBUG main            d.u.i.k.p.i.IntermediateProofReplayer Proof replay took 2.9ns 
407189     INFO  main            d.u.i.k.p.r.p.TestFile    ... finished proof: closed. 
407691     INFO  main            d.u.i.k.p.i.AbstractProblemLoader Loading environment from /home/runner/work/key/key/key.core/../key.ui/examples/standard_key/polySimp/simplify19.key.proof 
407691     DEBUG main            d.u.i.k.p.i.AbstractProblemLoader Environment load took 86.6ns 
407693     INFO  main            d.u.i.k.p.i.AbstractProblemLoader Creating init config 
409923     DEBUG main            d.u.i.k.p.i.AbstractProblemLoader Init config took 2.23s 
409936     INFO  main            d.u.i.k.p.i.AbstractProblemLoader Replaying proof simplify19.key.proof 
410158     DEBUG main            d.u.i.k.p.i.IntermediateProofReplayer Proof replay took 210.89ms 
410159     DEBUG main            d.u.i.k.p.r.p.TestFile    ... success: reloaded. 
410160     INFO  main            d.u.i.k.p.r.p.TestFile    Now processing file /home/runner/work/key/key/key.core/../key.ui/examples/standard_key/polySimp/simplify2.key 
410160     INFO  main            d.u.i.k.p.i.AbstractProblemLoader Loading environment from /home/runner/work/key/key/key.core/../key.ui/examples/standard_key/polySimp/simplify2.key 
410160     DEBUG main            d.u.i.k.p.i.AbstractProblemLoader Environment load took 63.8ns 
410161     INFO  main            d.u.i.k.p.i.AbstractProblemLoader Creating init config 
412456     DEBUG main            d.u.i.k.p.i.AbstractProblemLoader Init config took 2.3s 
412468     INFO  main            d.u.i.k.p.i.AbstractProblemLoader Replaying proof simplify2.key 
412469     DEBUG main            d.u.i.k.p.i.IntermediateProofReplayer Proof replay took 3.3ns 
412570     INFO  main            d.u.i.k.p.r.p.TestFile    ... finished proof: closed. 
413075     INFO  main            d.u.i.k.p.i.AbstractProblemLoader Loading environment from /home/runner/work/key/key/key.core/../key.ui/examples/standard_key/polySimp/simplify2.key.proof 
413075     DEBUG main            d.u.i.k.p.i.AbstractProblemLoader Environment load took 82.3ns 
413076     INFO  main            d.u.i.k.p.i.AbstractProblemLoader Creating init config 
415304     DEBUG main            d.u.i.k.p.i.AbstractProblemLoader Init config took 2.23s 
415316     INFO  main            d.u.i.k.p.i.AbstractProblemLoader Replaying proof simplify2.key.proof 
415318     DEBUG main            d.u.i.k.p.i.IntermediateProofReplayer Proof replay took 752.91ns 
415319     DEBUG main            d.u.i.k.p.r.p.TestFile    ... success: reloaded. 
415319     INFO  main            d.u.i.k.p.r.p.TestFile    Now processing file /home/runner/work/key/key/key.core/../key.ui/examples/standard_key/polySimp/simplify20.key 
415319     INFO  main            d.u.i.k.p.i.AbstractProblemLoader Loading environment from /home/runner/work/key/key/key.core/../key.ui/examples/standard_key/polySimp/simplify20.key 
415319     DEBUG main            d.u.i.k.p.i.AbstractProblemLoader Environment load took 44.4ns 
415320     INFO  main            d.u.i.k.p.i.AbstractProblemLoader Creating init config 
417588     DEBUG main            d.u.i.k.p.i.AbstractProblemLoader Init config took 2.27s 
417601     INFO  main            d.u.i.k.p.i.AbstractProblemLoader Replaying proof simplify20.key 
417602     DEBUG main            d.u.i.k.p.i.IntermediateProofReplayer Proof replay took 2.5ns 
418206     INFO  main            d.u.i.k.p.r.p.TestFile    ... finished proof: closed. 
418708     INFO  main            d.u.i.k.p.i.AbstractProblemLoader Loading environment from /home/runner/work/key/key/key.core/../key.ui/examples/standard_key/polySimp/simplify20.key.proof 
418709     DEBUG main            d.u.i.k.p.i.AbstractProblemLoader Environment load took 373.7ns 
418710     INFO  main            d.u.i.k.p.i.AbstractProblemLoader Creating init config 
420950     DEBUG main            d.u.i.k.p.i.AbstractProblemLoader Init config took 2.24s 
420964     INFO  main            d.u.i.k.p.i.AbstractProblemLoader Replaying proof simplify20.key.proof 
421022     DEBUG main            d.u.i.k.p.i.IntermediateProofReplayer Proof replay took 54.43ms 
421024     DEBUG main            d.u.i.k.p.r.p.TestFile    ... success: reloaded. 
421024     INFO  main            d.u.i.k.p.r.p.TestFile    Now processing file /home/runner/work/key/key/key.core/../key.ui/examples/standard_key/polySimp/simplify21.key 
421024     INFO  main            d.u.i.k.p.i.AbstractProblemLoader Loading environment from /home/runner/work/key/key/key.core/../key.ui/examples/standard_key/polySimp/simplify21.key 
421024     DEBUG main            d.u.i.k.p.i.AbstractProblemLoader Environment load took 77.1ns 
421027     INFO  main            d.u.i.k.p.i.AbstractProblemLoader Creating init config 
423299     DEBUG main            d.u.i.k.p.i.AbstractProblemLoader Init config took 2.27s 
423331     INFO  main            d.u.i.k.p.i.AbstractProblemLoader Replaying proof simplify21.key 
423332     DEBUG main            d.u.i.k.p.i.IntermediateProofReplayer Proof replay took 3.3ns 
423839     INFO  main            d.u.i.k.p.r.p.TestFile    ... finished proof: closed. 
424378     INFO  main            d.u.i.k.p.i.AbstractProblemLoader Loading environment from /home/runner/work/key/key/key.core/../key.ui/examples/standard_key/polySimp/simplify21.key.proof 
424378     DEBUG main            d.u.i.k.p.i.AbstractProblemLoader Environment load took 165.2ns 
424380     INFO  main            d.u.i.k.p.i.AbstractProblemLoader Creating init config 
426625     DEBUG main            d.u.i.k.p.i.AbstractProblemLoader Init config took 2.24s 
426641     INFO  main            d.u.i.k.p.i.AbstractProblemLoader Replaying proof simplify21.key.proof 
426687     DEBUG main            d.u.i.k.p.i.IntermediateProofReplayer Proof replay took 42.82ms 
426689     DEBUG main            d.u.i.k.p.r.p.TestFile    ... success: reloaded. 
426689     INFO  main            d.u.i.k.p.r.p.TestFile    Now processing file /home/runner/work/key/key/key.core/../key.ui/examples/standard_key/polySimp/simplify22.key 
426690     INFO  main            d.u.i.k.p.i.AbstractProblemLoader Loading environment from /home/runner/work/key/key/key.core/../key.ui/examples/standard_key/polySimp/simplify22.key 
426690     DEBUG main            d.u.i.k.p.i.AbstractProblemLoader Environment load took 79.1ns 
426690     INFO  main            d.u.i.k.p.i.AbstractProblemLoader Creating init config 
428974     DEBUG main            d.u.i.k.p.i.AbstractProblemLoader Init config took 2.28s 
428987     INFO  main            d.u.i.k.p.i.AbstractProblemLoader Replaying proof simplify22.key 
428988     DEBUG main            d.u.i.k.p.i.IntermediateProofReplayer Proof replay took 2.4ns 
429090     INFO  main            d.u.i.k.p.r.p.TestFile    ... finished proof: closed. 
429593     INFO  main            d.u.i.k.p.i.AbstractProblemLoader Loading environment from /home/runner/work/key/key/key.core/../key.ui/examples/standard_key/polySimp/simplify22.key.proof 
429594     DEBUG main            d.u.i.k.p.i.AbstractProblemLoader Environment load took 75.9ns 
429594     INFO  main            d.u.i.k.p.i.AbstractProblemLoader Creating init config 
431824     DEBUG main            d.u.i.k.p.i.AbstractProblemLoader Init config took 2.23s 
431836     INFO  main            d.u.i.k.p.i.AbstractProblemLoader Replaying proof simplify22.key.proof 
431840     DEBUG main            d.u.i.k.p.i.IntermediateProofReplayer Proof replay took 2.25ms 
431841     DEBUG main            d.u.i.k.p.r.p.TestFile    ... success: reloaded. 
431841     INFO  main            d.u.i.k.p.r.p.TestFile    Now processing file /home/runner/work/key/key/key.core/../key.ui/examples/standard_key/polySimp/simplify23.key 
431841     INFO  main            d.u.i.k.p.i.AbstractProblemLoader Loading environment from /home/runner/work/key/key/key.core/../key.ui/examples/standard_key/polySimp/simplify23.key 
431841     DEBUG main            d.u.i.k.p.i.AbstractProblemLoader Environment load took 74ns 
431842     INFO  main            d.u.i.k.p.i.AbstractProblemLoader Creating init config 
434107     DEBUG main            d.u.i.k.p.i.AbstractProblemLoader Init config took 2.26s 
434119     INFO  main            d.u.i.k.p.i.AbstractProblemLoader Replaying proof simplify23.key 
434121     DEBUG main            d.u.i.k.p.i.IntermediateProofReplayer Proof replay took 3ns 
434223     INFO  main            d.u.i.k.p.r.p.TestFile    ... finished proof: closed. 
434713     INFO  main            d.u.i.k.p.i.AbstractProblemLoader Loading environment from /home/runner/work/key/key/key.core/../key.ui/examples/standard_key/polySimp/simplify23.key.proof 
434713     DEBUG main            d.u.i.k.p.i.AbstractProblemLoader Environment load took 88ns 
434714     INFO  main            d.u.i.k.p.i.AbstractProblemLoader Creating init config 
436951     DEBUG main            d.u.i.k.p.i.AbstractProblemLoader Init config took 2.24s 
436964     INFO  main            d.u.i.k.p.i.AbstractProblemLoader Replaying proof simplify23.key.proof 
436976     DEBUG main            d.u.i.k.p.i.IntermediateProofReplayer Proof replay took 10.5ms 
436977     DEBUG main            d.u.i.k.p.r.p.TestFile    ... success: reloaded. 
436978     INFO  main            d.u.i.k.p.r.p.TestFile    Now processing file /home/runner/work/key/key/key.core/../key.ui/examples/standard_key/polySimp/simplify24.key 
436978     INFO  main            d.u.i.k.p.i.AbstractProblemLoader Loading environment from /home/runner/work/key/key/key.core/../key.ui/examples/standard_key/polySimp/simplify24.key 
436978     DEBUG main            d.u.i.k.p.i.AbstractProblemLoader Environment load took 48ns 
436979     INFO  main            d.u.i.k.p.i.AbstractProblemLoader Creating init config 
439234     DEBUG main            d.u.i.k.p.i.AbstractProblemLoader Init config took 2.26s 
439247     INFO  main            d.u.i.k.p.i.AbstractProblemLoader Replaying proof simplify24.key 
439248     DEBUG main            d.u.i.k.p.i.IntermediateProofReplayer Proof replay took 2.9ns 
439350     INFO  main            d.u.i.k.p.r.p.TestFile    ... finished proof: closed. 
439850     INFO  main            d.u.i.k.p.i.AbstractProblemLoader Loading environment from /home/runner/work/key/key/key.core/../key.ui/examples/standard_key/polySimp/simplify24.key.proof 
439850     DEBUG main            d.u.i.k.p.i.AbstractProblemLoader Environment load took 77.8ns 
439851     INFO  main            d.u.i.k.p.i.AbstractProblemLoader Creating init config 
442075     DEBUG main            d.u.i.k.p.i.AbstractProblemLoader Init config took 2.22s 
442088     INFO  main            d.u.i.k.p.i.AbstractProblemLoader Replaying proof simplify24.key.proof 
442092     DEBUG main            d.u.i.k.p.i.IntermediateProofReplayer Proof replay took 2.26ms 
442092     DEBUG main            d.u.i.k.p.r.p.TestFile    ... success: reloaded. 
442093     INFO  main            d.u.i.k.p.r.p.TestFile    Now processing file /home/runner/work/key/key/key.core/../key.ui/examples/standard_key/polySimp/simplify25.key 
442093     INFO  main            d.u.i.k.p.i.AbstractProblemLoader Loading environment from /home/runner/work/key/key/key.core/../key.ui/examples/standard_key/polySimp/simplify25.key 
442093     DEBUG main            d.u.i.k.p.i.AbstractProblemLoader Environment load took 61.3ns 
442094     INFO  main            d.u.i.k.p.i.AbstractProblemLoader Creating init config 
444346     DEBUG main            d.u.i.k.p.i.AbstractProblemLoader Init config took 2.25s 
444359     INFO  main            d.u.i.k.p.i.AbstractProblemLoader Replaying proof simplify25.key 
444359     DEBUG main            d.u.i.k.p.i.IntermediateProofReplayer Proof replay took 4ns 
444461     INFO  main            d.u.i.k.p.r.p.TestFile    ... finished proof: closed. 
444944     INFO  main            d.u.i.k.p.i.AbstractProblemLoader Loading environment from /home/runner/work/key/key/key.core/../key.ui/examples/standard_key/polySimp/simplify25.key.proof 
444944     DEBUG main            d.u.i.k.p.i.AbstractProblemLoader Environment load took 79.7ns 
444945     INFO  main            d.u.i.k.p.i.AbstractProblemLoader Creating init config 
447169     DEBUG main            d.u.i.k.p.i.AbstractProblemLoader Init config took 2.22s 
447182     INFO  main            d.u.i.k.p.i.AbstractProblemLoader Replaying proof simplify25.key.proof 
447185     DEBUG main            d.u.i.k.p.i.IntermediateProofReplayer Proof replay took 2.3ms 
447186     DEBUG main            d.u.i.k.p.r.p.TestFile    ... success: reloaded. 
447186     INFO  main            d.u.i.k.p.r.p.TestFile    Now processing file /home/runner/work/key/key/key.core/../key.ui/examples/standard_key/polySimp/simplify3.key 
447187     INFO  main            d.u.i.k.p.i.AbstractProblemLoader Loading environment from /home/runner/work/key/key/key.core/../key.ui/examples/standard_key/polySimp/simplify3.key 
447187     DEBUG main            d.u.i.k.p.i.AbstractProblemLoader Environment load took 40.9ns 
447187     INFO  main            d.u.i.k.p.i.AbstractProblemLoader Creating init config 
449442     DEBUG main            d.u.i.k.p.i.AbstractProblemLoader Init config took 2.25s 
449455     INFO  main            d.u.i.k.p.i.AbstractProblemLoader Replaying proof simplify3.key 
449455     DEBUG main            d.u.i.k.p.i.IntermediateProofReplayer Proof replay took 3ns 
449557     INFO  main            d.u.i.k.p.r.p.TestFile    ... finished proof: closed. 
450053     INFO  main            d.u.i.k.p.i.AbstractProblemLoader Loading environment from /home/runner/work/key/key/key.core/../key.ui/examples/standard_key/polySimp/simplify3.key.proof 
450053     DEBUG main            d.u.i.k.p.i.AbstractProblemLoader Environment load took 79.8ns 
450054     INFO  main            d.u.i.k.p.i.AbstractProblemLoader Creating init config 
452281     DEBUG main            d.u.i.k.p.i.AbstractProblemLoader Init config took 2.23s 
452293     INFO  main            d.u.i.k.p.i.AbstractProblemLoader Replaying proof simplify3.key.proof 
452295     DEBUG main            d.u.i.k.p.i.IntermediateProofReplayer Proof replay took 784.21ns 
452296     DEBUG main            d.u.i.k.p.r.p.TestFile    ... success: reloaded. 
452296     INFO  main            d.u.i.k.p.r.p.TestFile    Now processing file /home/runner/work/key/key/key.core/../key.ui/examples/standard_key/polySimp/simplify4.key 
452296     INFO  main            d.u.i.k.p.i.AbstractProblemLoader Loading environment from /home/runner/work/key/key/key.core/../key.ui/examples/standard_key/polySimp/simplify4.key 
452296     DEBUG main            d.u.i.k.p.i.AbstractProblemLoader Environment load took 43.5ns 
452297     INFO  main            d.u.i.k.p.i.AbstractProblemLoader Creating init config 
454567     DEBUG main            d.u.i.k.p.i.AbstractProblemLoader Init config took 2.27s 
454579     INFO  main            d.u.i.k.p.i.AbstractProblemLoader Replaying proof simplify4.key 
454580     DEBUG main            d.u.i.k.p.i.IntermediateProofReplayer Proof replay took 3.1ns 
454682     INFO  main            d.u.i.k.p.r.p.TestFile    ... finished proof: closed. 
455178     INFO  main            d.u.i.k.p.i.AbstractProblemLoader Loading environment from /home/runner/work/key/key/key.core/../key.ui/examples/standard_key/polySimp/simplify4.key.proof 
455178     DEBUG main            d.u.i.k.p.i.AbstractProblemLoader Environment load took 81.8ns 
455179     INFO  main            d.u.i.k.p.i.AbstractProblemLoader Creating init config 
457404     DEBUG main            d.u.i.k.p.i.AbstractProblemLoader Init config took 2.22s 
457417     INFO  main            d.u.i.k.p.i.AbstractProblemLoader Replaying proof simplify4.key.proof 
457419     DEBUG main            d.u.i.k.p.i.IntermediateProofReplayer Proof replay took 1.02ms 
457420     DEBUG main            d.u.i.k.p.r.p.TestFile    ... success: reloaded. 
457420     INFO  main            d.u.i.k.p.r.p.TestFile    Now processing file /home/runner/work/key/key/key.core/../key.ui/examples/standard_key/polySimp/simplify5.key 
457420     INFO  main            d.u.i.k.p.i.AbstractProblemLoader Loading environment from /home/runner/work/key/key/key.core/../key.ui/examples/standard_key/polySimp/simplify5.key 
457420     DEBUG main            d.u.i.k.p.i.AbstractProblemLoader Environment load took 60.6ns 
457421     INFO  main            d.u.i.k.p.i.AbstractProblemLoader Creating init config 
459704     DEBUG main            d.u.i.k.p.i.AbstractProblemLoader Init config took 2.28s 
459717     INFO  main            d.u.i.k.p.i.AbstractProblemLoader Replaying proof simplify5.key 
459718     DEBUG main            d.u.i.k.p.i.IntermediateProofReplayer Proof replay took 2.6ns 
459821     INFO  main            d.u.i.k.p.r.p.TestFile    ... finished proof: closed. 
460337     INFO  main            d.u.i.k.p.i.AbstractProblemLoader Loading environment from /home/runner/work/key/key/key.core/../key.ui/examples/standard_key/polySimp/simplify5.key.proof 
460337     DEBUG main            d.u.i.k.p.i.AbstractProblemLoader Environment load took 77.1ns 
460338     INFO  main            d.u.i.k.p.i.AbstractProblemLoader Creating init config 
462570     DEBUG main            d.u.i.k.p.i.AbstractProblemLoader Init config took 2.23s 
462583     INFO  main            d.u.i.k.p.i.AbstractProblemLoader Replaying proof simplify5.key.proof 
462590     DEBUG main            d.u.i.k.p.i.IntermediateProofReplayer Proof replay took 5.51ms 
462591     DEBUG main            d.u.i.k.p.r.p.TestFile    ... success: reloaded. 
462591     INFO  main            d.u.i.k.p.r.p.TestFile    Now processing file /home/runner/work/key/key/key.core/../key.ui/examples/standard_key/polySimp/simplify6.key 
462591     INFO  main            d.u.i.k.p.i.AbstractProblemLoader Loading environment from /home/runner/work/key/key/key.core/../key.ui/examples/standard_key/polySimp/simplify6.key 
462591     DEBUG main            d.u.i.k.p.i.AbstractProblemLoader Environment load took 42.6ns 
462592     INFO  main            d.u.i.k.p.i.AbstractProblemLoader Creating init config 
464864     DEBUG main            d.u.i.k.p.i.AbstractProblemLoader Init config took 2.27s 
464878     INFO  main            d.u.i.k.p.i.AbstractProblemLoader Replaying proof simplify6.key 
464879     DEBUG main            d.u.i.k.p.i.IntermediateProofReplayer Proof replay took 2.5ns 
464980     INFO  main            d.u.i.k.p.r.p.TestFile    ... finished proof: closed. 
465490     INFO  main            d.u.i.k.p.i.AbstractProblemLoader Loading environment from /home/runner/work/key/key/key.core/../key.ui/examples/standard_key/polySimp/simplify6.key.proof 
465490     DEBUG main            d.u.i.k.p.i.AbstractProblemLoader Environment load took 79.7ns 
465491     INFO  main            d.u.i.k.p.i.AbstractProblemLoader Creating init config 
467721     DEBUG main            d.u.i.k.p.i.AbstractProblemLoader Init config took 2.23s 
467734     INFO  main            d.u.i.k.p.i.AbstractProblemLoader Replaying proof simplify6.key.proof 
467736     DEBUG main            d.u.i.k.p.i.IntermediateProofReplayer Proof replay took 347.3ns 
467736     DEBUG main            d.u.i.k.p.r.p.TestFile    ... success: reloaded. 
467737     INFO  main            d.u.i.k.p.r.p.TestFile    Now processing file /home/runner/work/key/key/key.core/../key.ui/examples/standard_key/polySimp/simplify7.key 
467737     INFO  main            d.u.i.k.p.i.AbstractProblemLoader Loading environment from /home/runner/work/key/key/key.core/../key.ui/examples/standard_key/polySimp/simplify7.key 
467737     DEBUG main            d.u.i.k.p.i.AbstractProblemLoader Environment load took 42.4ns 
467737     INFO  main            d.u.i.k.p.i.AbstractProblemLoader Creating init config 
469997     DEBUG main            d.u.i.k.p.i.AbstractProblemLoader Init config took 2.26s 
470010     INFO  main            d.u.i.k.p.i.AbstractProblemLoader Replaying proof simplify7.key 
470011     DEBUG main            d.u.i.k.p.i.IntermediateProofReplayer Proof replay took 2.6ns 
470113     INFO  main            d.u.i.k.p.r.p.TestFile    ... finished proof: closed. 
470625     INFO  main            d.u.i.k.p.i.AbstractProblemLoader Loading environment from /home/runner/work/key/key/key.core/../key.ui/examples/standard_key/polySimp/simplify7.key.proof 
470625     DEBUG main            d.u.i.k.p.i.AbstractProblemLoader Environment load took 80.2ns 
470626     INFO  main            d.u.i.k.p.i.AbstractProblemLoader Creating init config 
472849     DEBUG main            d.u.i.k.p.i.AbstractProblemLoader Init config took 2.22s 
472862     INFO  main            d.u.i.k.p.i.AbstractProblemLoader Replaying proof simplify7.key.proof 
472864     DEBUG main            d.u.i.k.p.i.IntermediateProofReplayer Proof replay took 588.91ns 
472864     DEBUG main            d.u.i.k.p.r.p.TestFile    ... success: reloaded. 
472865     INFO  main            d.u.i.k.p.r.p.TestFile    Now processing file /home/runner/work/key/key/key.core/../key.ui/examples/standard_key/polySimp/simplify8.key 
472865     INFO  main            d.u.i.k.p.i.AbstractProblemLoader Loading environment from /home/runner/work/key/key/key.core/../key.ui/examples/standard_key/polySimp/simplify8.key 
472865     DEBUG main            d.u.i.k.p.i.AbstractProblemLoader Environment load took 41.9ns 
472868     INFO  main            d.u.i.k.p.i.AbstractProblemLoader Creating init config 
475134     DEBUG main            d.u.i.k.p.i.AbstractProblemLoader Init config took 2.27s 
475148     INFO  main            d.u.i.k.p.i.AbstractProblemLoader Replaying proof simplify8.key 
475149     DEBUG main            d.u.i.k.p.i.IntermediateProofReplayer Proof replay took 3.5ns 
478858     INFO  main            d.u.i.k.p.r.p.TestFile    ... finished proof: closed. 
479409     INFO  main            d.u.i.k.p.i.AbstractProblemLoader Loading environment from /home/runner/work/key/key/key.core/../key.ui/examples/standard_key/polySimp/simplify8.key.proof 
479409     DEBUG main            d.u.i.k.p.i.AbstractProblemLoader Environment load took 82.1ns 
479411     INFO  main            d.u.i.k.p.i.AbstractProblemLoader Creating init config 
481658     DEBUG main            d.u.i.k.p.i.AbstractProblemLoader Init config took 2.25s 
481673     INFO  main            d.u.i.k.p.i.AbstractProblemLoader Replaying proof simplify8.key.proof 
481840     DEBUG main            d.u.i.k.p.i.IntermediateProofReplayer Proof replay took 162.79ms 
481842     DEBUG main            d.u.i.k.p.r.p.TestFile    ... success: reloaded. 
481843     INFO  main            d.u.i.k.p.r.p.TestFile    Now processing file /home/runner/work/key/key/key.core/../key.ui/examples/standard_key/polySimp/simplify9.key 
481843     INFO  main            d.u.i.k.p.i.AbstractProblemLoader Loading environment from /home/runner/work/key/key/key.core/../key.ui/examples/standard_key/polySimp/simplify9.key 
481843     DEBUG main            d.u.i.k.p.i.AbstractProblemLoader Environment load took 46.6ns 
481844     INFO  main            d.u.i.k.p.i.AbstractProblemLoader Creating init config 
484168     DEBUG main            d.u.i.k.p.i.AbstractProblemLoader Init config took 2.32s 
484181     INFO  main            d.u.i.k.p.i.AbstractProblemLoader Replaying proof simplify9.key 
484182     DEBUG main            d.u.i.k.p.i.IntermediateProofReplayer Proof replay took 3.2ns 
484384     INFO  main            d.u.i.k.p.r.p.TestFile    ... finished proof: closed. 
484966     INFO  main            d.u.i.k.p.i.AbstractProblemLoader Loading environment from /home/runner/work/key/key/key.core/../key.ui/examples/standard_key/polySimp/simplify9.key.proof 
484966     DEBUG main            d.u.i.k.p.i.AbstractProblemLoader Environment load took 76.8ns 
484968     INFO  main            d.u.i.k.p.i.AbstractProblemLoader Creating init config 
487201     DEBUG main            d.u.i.k.p.i.AbstractProblemLoader Init config took 2.23s 
487215     INFO  main            d.u.i.k.p.i.AbstractProblemLoader Replaying proof simplify9.key.proof 
487225     DEBUG main            d.u.i.k.p.i.IntermediateProofReplayer Proof replay took 8.74ms 
487226     DEBUG main            d.u.i.k.p.r.p.TestFile    ... success: reloaded. 
2894501    INFO  Test worker     d.u.i.k.p.r.RunAllProofsTestUnit Returning from test arithmetic 
2894502    INFO  Test worker     d.u.i.k.p.r.RunAllProofsTestUnit Running test arrays 
327        INFO  Timeout watchdog d.u.i.k.p.r.p.ForkedTestFileRunner Timeout watcher launched (2000 secs.) 
339        WARN  main            d.u.i.k.s.ProofSettings   The settings in /home/runner/.key/proof-settings.props are *not* read. 
365        INFO  main            d.u.i.k.p.r.p.TestFile    Now processing file /home/runner/work/key/key/key.core/../key.ui/examples/standard_key/arrays/arrayStoreException/array2DimPrim.key 
483        INFO  main            d.u.i.k.p.i.AbstractProblemLoader Loading environment from /home/runner/work/key/key/key.core/../key.ui/examples/standard_key/arrays/arrayStoreException/array2DimPrim.key 
507        DEBUG main            d.u.i.k.p.i.AbstractProblemLoader Environment load took 1.7ms 
792        INFO  main            d.u.i.k.p.i.AbstractProblemLoader Creating init config 
1836       DEBUG main            d.u.i.k.j.TypeConverter   No LDT found for Meta 
1837       DEBUG main            d.u.i.k.j.TypeConverter   No LDT found for Meta 
1839       DEBUG main            d.u.i.k.j.TypeConverter   No LDT found for Meta 
1839       DEBUG main            d.u.i.k.j.TypeConverter   No LDT found for Meta 
3399       DEBUG main            d.u.i.k.j.TypeConverter   No LDT found for JavaBigintExpression 
8143       DEBUG main            d.u.i.k.p.i.AbstractProblemLoader Init config took 7.35s 
8206       INFO  main            d.u.i.k.p.i.AbstractProblemLoader Replaying proof array2DimPrim.key 
8239       DEBUG main            d.u.i.k.p.i.IntermediateProofReplayer Proof replay took 35.1ns 
12005      INFO  main            d.u.i.k.p.r.p.TestFile    ... finished proof: closed. 
12186      INFO  main            d.u.i.k.p.i.AbstractProblemLoader Loading environment from /home/runner/work/key/key/key.core/../key.ui/examples/standard_key/arrays/arrayStoreException/array2DimPrim.key.proof 
12188      DEBUG main            d.u.i.k.p.i.AbstractProblemLoader Environment load took 2.03ms 
12195      INFO  main            d.u.i.k.p.i.AbstractProblemLoader Creating init config 
14888      DEBUG main            d.u.i.k.p.i.AbstractProblemLoader Init config took 2.69s 
14958      INFO  main            d.u.i.k.p.i.AbstractProblemLoader Replaying proof array2DimPrim.key.proof 
15567      DEBUG main            d.u.i.k.p.i.IntermediateProofReplayer Proof replay took 584.23ms 
15580      DEBUG main            d.u.i.k.p.r.p.TestFile    ... success: reloaded. 
15582      INFO  main            d.u.i.k.p.r.p.TestFile    Now processing file /home/runner/work/key/key/key.core/../key.ui/examples/standard_key/arrays/arrayStoreException/arrayStoreKnownDynType.key 
15582      INFO  main            d.u.i.k.p.i.AbstractProblemLoader Loading environment from /home/runner/work/key/key/key.core/../key.ui/examples/standard_key/arrays/arrayStoreException/arrayStoreKnownDynType.key 
15582      DEBUG main            d.u.i.k.p.i.AbstractProblemLoader Environment load took 115.1ns 
15584      INFO  main            d.u.i.k.p.i.AbstractProblemLoader Creating init config 
18124      DEBUG main            d.u.i.k.p.i.AbstractProblemLoader Init config took 2.54s 
18154      INFO  main            d.u.i.k.p.i.AbstractProblemLoader Replaying proof arrayStoreKnownDynType.key 
18156      DEBUG main            d.u.i.k.p.i.IntermediateProofReplayer Proof replay took 6.2ns 
18359      INFO  main            d.u.i.k.p.r.p.TestFile    ... finished proof: closed. 
18595      INFO  main            d.u.i.k.p.i.AbstractProblemLoader Loading environment from /home/runner/work/key/key/key.core/../key.ui/examples/standard_key/arrays/arrayStoreException/arrayStoreKnownDynType.key.proof 
18595      DEBUG main            d.u.i.k.p.i.AbstractProblemLoader Environment load took 129.7ns 
18596      INFO  main            d.u.i.k.p.i.AbstractProblemLoader Creating init config 
21029      DEBUG main            d.u.i.k.p.i.AbstractProblemLoader Init config took 2.43s 
21054      INFO  main            d.u.i.k.p.i.AbstractProblemLoader Replaying proof arrayStoreKnownDynType.key.proof 
21109      DEBUG main            d.u.i.k.p.i.IntermediateProofReplayer Proof replay took 51.06ms 
21110      DEBUG main            d.u.i.k.p.r.p.TestFile    ... success: reloaded. 
21111      INFO  main            d.u.i.k.p.r.p.TestFile    Now processing file /home/runner/work/key/key/key.core/../key.ui/examples/standard_key/arrays/arrayStoreException/reverseArray.key 
21112      INFO  main            d.u.i.k.p.i.AbstractProblemLoader Loading environment from /home/runner/work/key/key/key.core/../key.ui/examples/standard_key/arrays/arrayStoreException/reverseArray.key 
21112      DEBUG main            d.u.i.k.p.i.AbstractProblemLoader Environment load took 227.9ns 
21113      INFO  main            d.u.i.k.p.i.AbstractProblemLoader Creating init config 
23554      DEBUG main            d.u.i.k.p.i.AbstractProblemLoader Init config took 2.44s 
23577      INFO  main            d.u.i.k.p.i.AbstractProblemLoader Replaying proof reverseArray.key 
23580      DEBUG main            d.u.i.k.p.i.IntermediateProofReplayer Proof replay took 6.3ns 
24302      INFO  main            d.u.i.k.p.r.p.TestFile    ... finished proof: closed. 
24478      INFO  main            d.u.i.k.p.i.AbstractProblemLoader Loading environment from /home/runner/work/key/key/key.core/../key.ui/examples/standard_key/arrays/arrayStoreException/reverseArray.key.proof 
24478      DEBUG main            d.u.i.k.p.i.AbstractProblemLoader Environment load took 479.2ns 
24480      INFO  main            d.u.i.k.p.i.AbstractProblemLoader Creating init config 
26915      DEBUG main            d.u.i.k.p.i.AbstractProblemLoader Init config took 2.43s 
26938      INFO  main            d.u.i.k.p.i.AbstractProblemLoader Replaying proof reverseArray.key.proof 
27090      DEBUG main            d.u.i.k.p.i.IntermediateProofReplayer Proof replay took 144.95ms 
27092      DEBUG main            d.u.i.k.p.r.p.TestFile    ... success: reloaded. 
27093      INFO  main            d.u.i.k.p.r.p.TestFile    Now processing file /home/runner/work/key/key/key.core/../key.ui/examples/standard_key/arrays/arrayStoreException/throwArrayStoreException.key 
27094      INFO  main            d.u.i.k.p.i.AbstractProblemLoader Loading environment from /home/runner/work/key/key/key.core/../key.ui/examples/standard_key/arrays/arrayStoreException/throwArrayStoreException.key 
27094      DEBUG main            d.u.i.k.p.i.AbstractProblemLoader Environment load took 201.6ns 
27095      INFO  main            d.u.i.k.p.i.AbstractProblemLoader Creating init config 
29568      DEBUG main            d.u.i.k.p.i.AbstractProblemLoader Init config took 2.47s 
29590      INFO  main            d.u.i.k.p.i.AbstractProblemLoader Replaying proof throwArrayStoreException.key 
29591      DEBUG main            d.u.i.k.p.i.IntermediateProofReplayer Proof replay took 5.9ns 
29995      INFO  main            d.u.i.k.p.r.p.TestFile    ... finished proof: closed. 
30183      INFO  main            d.u.i.k.p.i.AbstractProblemLoader Loading environment from /home/runner/work/key/key/key.core/../key.ui/examples/standard_key/arrays/arrayStoreException/throwArrayStoreException.key.proof 
30184      DEBUG main            d.u.i.k.p.i.AbstractProblemLoader Environment load took 536.71ns 
30185      INFO  main            d.u.i.k.p.i.AbstractProblemLoader Creating init config 
32571      DEBUG main            d.u.i.k.p.i.AbstractProblemLoader Init config took 2.39s 
32592      INFO  main            d.u.i.k.p.i.AbstractProblemLoader Replaying proof throwArrayStoreException.key.proof 
32679      DEBUG main            d.u.i.k.p.i.IntermediateProofReplayer Proof replay took 83.12ms 
32680      DEBUG main            d.u.i.k.p.r.p.TestFile    ... success: reloaded. 
32681      INFO  main            d.u.i.k.p.r.p.TestFile    Now processing file /home/runner/work/key/key/key.core/../key.ui/examples/standard_key/arrays/creation/arrayCreation1.key 
32682      INFO  main            d.u.i.k.p.i.AbstractProblemLoader Loading environment from /home/runner/work/key/key/key.core/../key.ui/examples/standard_key/arrays/creation/arrayCreation1.key 
32682      DEBUG main            d.u.i.k.p.i.AbstractProblemLoader Environment load took 98.2ns 
32683      INFO  main            d.u.i.k.p.i.AbstractProblemLoader Creating init config 
35097      DEBUG main            d.u.i.k.p.i.AbstractProblemLoader Init config took 2.41s 
35123      INFO  main            d.u.i.k.p.i.AbstractProblemLoader Replaying proof arrayCreation1.key 
35125      DEBUG main            d.u.i.k.p.i.IntermediateProofReplayer Proof replay took 6.3ns 
35328      INFO  main            d.u.i.k.p.r.p.TestFile    ... finished proof: closed. 
35504      INFO  main            d.u.i.k.p.i.AbstractProblemLoader Loading environment from /home/runner/work/key/key/key.core/../key.ui/examples/standard_key/arrays/creation/arrayCreation1.key.proof 
35504      DEBUG main            d.u.i.k.p.i.AbstractProblemLoader Environment load took 127ns 
35505      INFO  main            d.u.i.k.p.i.AbstractProblemLoader Creating init config 
37857      DEBUG main            d.u.i.k.p.i.AbstractProblemLoader Init config took 2.35s 
37878      INFO  main            d.u.i.k.p.i.AbstractProblemLoader Replaying proof arrayCreation1.key.proof 
37903      DEBUG main            d.u.i.k.p.i.IntermediateProofReplayer Proof replay took 23.01ms 
37904      DEBUG main            d.u.i.k.p.r.p.TestFile    ... success: reloaded. 
37905      INFO  main            d.u.i.k.p.r.p.TestFile    Now processing file /home/runner/work/key/key/key.core/../key.ui/examples/standard_key/arrays/arrayStoreException/array2Dim.key 
37905      INFO  main            d.u.i.k.p.i.AbstractProblemLoader Loading environment from /home/runner/work/key/key/key.core/../key.ui/examples/standard_key/arrays/arrayStoreException/array2Dim.key 
37906      DEBUG main            d.u.i.k.p.i.AbstractProblemLoader Environment load took 229.1ns 
37907      INFO  main            d.u.i.k.p.i.AbstractProblemLoader Creating init config 
40343      DEBUG main            d.u.i.k.p.i.AbstractProblemLoader Init config took 2.44s 
40365      INFO  main            d.u.i.k.p.i.AbstractProblemLoader Replaying proof array2Dim.key 
40367      DEBUG main            d.u.i.k.p.i.IntermediateProofReplayer Proof replay took 6.1ns 
43666      INFO  main            d.u.i.k.p.r.p.TestFile    ... finished proof: open goal(s) 
44027      INFO  main            d.u.i.k.p.r.p.TestFile    Now processing file /home/runner/work/key/key/key.core/../key.ui/examples/standard_key/arrays/arrayStoreException/array2DimClose.key 
44027      INFO  main            d.u.i.k.p.i.AbstractProblemLoader Loading environment from /home/runner/work/key/key/key.core/../key.ui/examples/standard_key/arrays/arrayStoreException/array2DimClose.key 
44027      DEBUG main            d.u.i.k.p.i.AbstractProblemLoader Environment load took 67.6ns 
44032      INFO  main            d.u.i.k.p.i.AbstractProblemLoader Creating init config 
46410      DEBUG main            d.u.i.k.p.i.AbstractProblemLoader Init config took 2.38s 
46432      INFO  main            d.u.i.k.p.i.AbstractProblemLoader Replaying proof array2DimClose.key 
46434      DEBUG main            d.u.i.k.p.i.IntermediateProofReplayer Proof replay took 7ns 
48675      INFO  main            d.u.i.k.p.r.p.TestFile    ... finished proof: open goal(s) 
49038      INFO  main            d.u.i.k.p.r.p.TestFile    Now processing file /home/runner/work/key/key/key.core/../key.ui/examples/standard_key/arrays/arrayStoreException/throwASEForPrim.key 
49039      INFO  main            d.u.i.k.p.i.AbstractProblemLoader Loading environment from /home/runner/work/key/key/key.core/../key.ui/examples/standard_key/arrays/arrayStoreException/throwASEForPrim.key 
49039      DEBUG main            d.u.i.k.p.i.AbstractProblemLoader Environment load took 101.1ns 
49040      INFO  main            d.u.i.k.p.i.AbstractProblemLoader Creating init config 
51360      DEBUG main            d.u.i.k.p.i.AbstractProblemLoader Init config took 2.32s 
51380      INFO  main            d.u.i.k.p.i.AbstractProblemLoader Replaying proof throwASEForPrim.key 
51382      DEBUG main            d.u.i.k.p.i.IntermediateProofReplayer Proof replay took 6.3ns 
55700      INFO  main            d.u.i.k.p.r.p.TestFile    ... finished proof: open goal(s) 
2950673    INFO  Test worker     d.u.i.k.p.r.RunAllProofsTestUnit Returning from test arrays 
2950674    INFO  Test worker     d.u.i.k.p.r.RunAllProofsTestUnit Running test javadl 
351        INFO  Timeout watchdog d.u.i.k.p.r.p.ForkedTestFileRunner Timeout watcher launched (2000 secs.) 
372        WARN  main            d.u.i.k.s.ProofSettings   The settings in /home/runner/.key/proof-settings.props are *not* read. 
419        INFO  main            d.u.i.k.p.r.p.TestFile    Now processing file /home/runner/work/key/key/key.core/../key.ui/examples/standard_key/instanceCreation/instanceCreation1.key 
551        INFO  main            d.u.i.k.p.i.AbstractProblemLoader Loading environment from /home/runner/work/key/key/key.core/../key.ui/examples/standard_key/instanceCreation/instanceCreation1.key 
567        DEBUG main            d.u.i.k.p.i.AbstractProblemLoader Environment load took 1.85ms 
814        INFO  main            d.u.i.k.p.i.AbstractProblemLoader Creating init config 
1570       DEBUG main            d.u.i.k.j.TypeConverter   No LDT found for Meta 
1570       DEBUG main            d.u.i.k.j.TypeConverter   No LDT found for Meta 
1571       DEBUG main            d.u.i.k.j.TypeConverter   No LDT found for Meta 
1572       DEBUG main            d.u.i.k.j.TypeConverter   No LDT found for Meta 
2948       DEBUG main            d.u.i.k.j.TypeConverter   No LDT found for JavaBigintExpression 
7806       DEBUG main            d.u.i.k.p.i.AbstractProblemLoader Init config took 6.99s 
7889       INFO  main            d.u.i.k.p.i.AbstractProblemLoader Replaying proof instanceCreation1.key 
7925       DEBUG main            d.u.i.k.p.i.IntermediateProofReplayer Proof replay took 34.6ns 
8965       INFO  main            d.u.i.k.p.r.p.TestFile    ... finished proof: closed. 
9085       INFO  main            d.u.i.k.p.i.AbstractProblemLoader Loading environment from /home/runner/work/key/key/key.core/../key.ui/examples/standard_key/instanceCreation/instanceCreation1.key.proof 
9086       DEBUG main            d.u.i.k.p.i.AbstractProblemLoader Environment load took 1.24ms 
9092       INFO  main            d.u.i.k.p.i.AbstractProblemLoader Creating init config 
11835      DEBUG main            d.u.i.k.p.i.AbstractProblemLoader Init config took 2.74s 
11872      INFO  main            d.u.i.k.p.i.AbstractProblemLoader Replaying proof instanceCreation1.key.proof 
11973      DEBUG main            d.u.i.k.p.i.IntermediateProofReplayer Proof replay took 94.52ms 
11987      DEBUG main            d.u.i.k.p.r.p.TestFile    ... success: reloaded. 
11995      INFO  main            d.u.i.k.p.r.p.TestFile    Now processing file /home/runner/work/key/key/key.core/../key.ui/examples/standard_key/instanceCreation/instanceCreation2.key 
12009      INFO  main            d.u.i.k.p.i.AbstractProblemLoader Loading environment from /home/runner/work/key/key/key.core/../key.ui/examples/standard_key/instanceCreation/instanceCreation2.key 
12009      DEBUG main            d.u.i.k.p.i.AbstractProblemLoader Environment load took 370.4ns 
12011      INFO  main            d.u.i.k.p.i.AbstractProblemLoader Creating init config 
14629      DEBUG main            d.u.i.k.p.i.AbstractProblemLoader Init config took 2.62s 
14679      INFO  main            d.u.i.k.p.i.AbstractProblemLoader Replaying proof instanceCreation2.key 
14682      DEBUG main            d.u.i.k.p.i.IntermediateProofReplayer Proof replay took 7ns 
15288      INFO  main            d.u.i.k.p.r.p.TestFile    ... finished proof: closed. 
15453      INFO  main            d.u.i.k.p.i.AbstractProblemLoader Loading environment from /home/runner/work/key/key/key.core/../key.ui/examples/standard_key/instanceCreation/instanceCreation2.key.proof 
15453      DEBUG main            d.u.i.k.p.i.AbstractProblemLoader Environment load took 466.01ns 
15456      INFO  main            d.u.i.k.p.i.AbstractProblemLoader Creating init config 
17985      DEBUG main            d.u.i.k.p.i.AbstractProblemLoader Init config took 2.53s 
18022      INFO  main            d.u.i.k.p.i.AbstractProblemLoader Replaying proof instanceCreation2.key.proof 
18154      DEBUG main            d.u.i.k.p.i.IntermediateProofReplayer Proof replay took 123.32ms 
18156      DEBUG main            d.u.i.k.p.r.p.TestFile    ... success: reloaded. 
18158      INFO  main            d.u.i.k.p.r.p.TestFile    Now processing file /home/runner/work/key/key/key.core/../key.ui/examples/standard_key/instanceCreation/interfacesAndAbstractClassesHaveNoInstances.key 
18158      INFO  main            d.u.i.k.p.i.AbstractProblemLoader Loading environment from /home/runner/work/key/key/key.core/../key.ui/examples/standard_key/instanceCreation/interfacesAndAbstractClassesHaveNoInstances.key 
18158      DEBUG main            d.u.i.k.p.i.AbstractProblemLoader Environment load took 113.9ns 
18170      INFO  main            d.u.i.k.p.i.AbstractProblemLoader Creating init config 
20708      DEBUG main            d.u.i.k.p.i.AbstractProblemLoader Init config took 2.54s 
20728      INFO  main            d.u.i.k.p.i.AbstractProblemLoader Replaying proof interfacesAndAbstractClassesHaveNoInstances.key 
20730      DEBUG main            d.u.i.k.p.i.IntermediateProofReplayer Proof replay took 7.2ns 
20832      INFO  main            d.u.i.k.p.r.p.TestFile    ... finished proof: closed. 
21015      INFO  main            d.u.i.k.p.i.AbstractProblemLoader Loading environment from /home/runner/work/key/key/key.core/../key.ui/examples/standard_key/instanceCreation/interfacesAndAbstractClassesHaveNoInstances.key.proof 
21015      DEBUG main            d.u.i.k.p.i.AbstractProblemLoader Environment load took 127.3ns 
21016      INFO  main            d.u.i.k.p.i.AbstractProblemLoader Creating init config 
23475      DEBUG main            d.u.i.k.p.i.AbstractProblemLoader Init config took 2.46s 
23495      INFO  main            d.u.i.k.p.i.AbstractProblemLoader Replaying proof interfacesAndAbstractClassesHaveNoInstances.key.proof 
23498      DEBUG main            d.u.i.k.p.i.IntermediateProofReplayer Proof replay took 1.24ms 
23500      DEBUG main            d.u.i.k.p.r.p.TestFile    ... success: reloaded. 
23501      INFO  main            d.u.i.k.p.r.p.TestFile    Now processing file /home/runner/work/key/key/key.core/../key.ui/examples/standard_key/instanceCreation/successiveCreatedObjectsAreDistinct.key 
23501      INFO  main            d.u.i.k.p.i.AbstractProblemLoader Loading environment from /home/runner/work/key/key/key.core/../key.ui/examples/standard_key/instanceCreation/successiveCreatedObjectsAreDistinct.key 
23501      DEBUG main            d.u.i.k.p.i.AbstractProblemLoader Environment load took 211ns 
23502      INFO  main            d.u.i.k.p.i.AbstractProblemLoader Creating init config 
25988      DEBUG main            d.u.i.k.p.i.AbstractProblemLoader Init config took 2.48s 
26008      INFO  main            d.u.i.k.p.i.AbstractProblemLoader Replaying proof successiveCreatedObjectsAreDistinct.key 
26010      DEBUG main            d.u.i.k.p.i.IntermediateProofReplayer Proof replay took 6.4ns 
26440      INFO  main            d.u.i.k.p.r.p.TestFile    ... finished proof: closed. 
26663      INFO  main            d.u.i.k.p.i.AbstractProblemLoader Loading environment from /home/runner/work/key/key/key.core/../key.ui/examples/standard_key/instanceCreation/successiveCreatedObjectsAreDistinct.key.proof 
26663      DEBUG main            d.u.i.k.p.i.AbstractProblemLoader Environment load took 121.5ns 
26666      INFO  main            d.u.i.k.p.i.AbstractProblemLoader Creating init config 
29169      DEBUG main            d.u.i.k.p.i.AbstractProblemLoader Init config took 2.5s 
29190      INFO  main            d.u.i.k.p.i.AbstractProblemLoader Replaying proof successiveCreatedObjectsAreDistinct.key.proof 
29253      DEBUG main            d.u.i.k.p.i.IntermediateProofReplayer Proof replay took 59.93ms 
29254      DEBUG main            d.u.i.k.p.r.p.TestFile    ... success: reloaded. 
29255      INFO  main            d.u.i.k.p.r.p.TestFile    Now processing file /home/runner/work/key/key/key.core/../key.ui/examples/standard_key/instanceCreation/testOverloadingConstructors.key 
29255      INFO  main            d.u.i.k.p.i.AbstractProblemLoader Loading environment from /home/runner/work/key/key/key.core/../key.ui/examples/standard_key/instanceCreation/testOverloadingConstructors.key 
29255      DEBUG main            d.u.i.k.p.i.AbstractProblemLoader Environment load took 95.9ns 
29256      INFO  main            d.u.i.k.p.i.AbstractProblemLoader Creating init config 
31729      DEBUG main            d.u.i.k.p.i.AbstractProblemLoader Init config took 2.47s 
31760      INFO  main            d.u.i.k.p.i.AbstractProblemLoader Replaying proof testOverloadingConstructors.key 
31763      DEBUG main            d.u.i.k.p.i.IntermediateProofReplayer Proof replay took 7.3ns 
32066      INFO  main            d.u.i.k.p.r.p.TestFile    ... finished proof: closed. 
32232      INFO  main            d.u.i.k.p.i.AbstractProblemLoader Loading environment from /home/runner/work/key/key/key.core/../key.ui/examples/standard_key/instanceCreation/testOverloadingConstructors.key.proof 
32232      DEBUG main            d.u.i.k.p.i.AbstractProblemLoader Environment load took 138.7ns 
32237      INFO  main            d.u.i.k.p.i.AbstractProblemLoader Creating init config 
34662      DEBUG main            d.u.i.k.p.i.AbstractProblemLoader Init config took 2.42s 
34683      INFO  main            d.u.i.k.p.i.AbstractProblemLoader Replaying proof testOverloadingConstructors.key.proof 
34740      DEBUG main            d.u.i.k.p.i.IntermediateProofReplayer Proof replay took 54.38ms 
34742      DEBUG main            d.u.i.k.p.r.p.TestFile    ... success: reloaded. 
34743      INFO  main            d.u.i.k.p.r.p.TestFile    Now processing file /home/runner/work/key/key/key.core/../key.ui/examples/standard_key/java_dl/SimpleAttributes.key 
34743      INFO  main            d.u.i.k.p.i.AbstractProblemLoader Loading environment from /home/runner/work/key/key/key.core/../key.ui/examples/standard_key/java_dl/SimpleAttributes.key 
34743      DEBUG main            d.u.i.k.p.i.AbstractProblemLoader Environment load took 242ns 
34744      INFO  main            d.u.i.k.p.i.AbstractProblemLoader Creating init config 
37172      DEBUG main            d.u.i.k.p.i.AbstractProblemLoader Init config took 2.43s 
37194      INFO  main            d.u.i.k.p.i.AbstractProblemLoader Replaying proof SimpleAttributes.key 
37195      DEBUG main            d.u.i.k.p.i.IntermediateProofReplayer Proof replay took 7.5ns 
37298      INFO  main            d.u.i.k.p.r.p.TestFile    ... finished proof: closed. 
37460      INFO  main            d.u.i.k.p.i.AbstractProblemLoader Loading environment from /home/runner/work/key/key/key.core/../key.ui/examples/standard_key/java_dl/SimpleAttributes.key.proof 
37461      DEBUG main            d.u.i.k.p.i.AbstractProblemLoader Environment load took 338.8ns 
37462      INFO  main            d.u.i.k.p.i.AbstractProblemLoader Creating init config 
39817      DEBUG main            d.u.i.k.p.i.AbstractProblemLoader Init config took 2.36s 
39838      INFO  main            d.u.i.k.p.i.AbstractProblemLoader Replaying proof SimpleAttributes.key.proof 
39863      DEBUG main            d.u.i.k.p.i.IntermediateProofReplayer Proof replay took 22.09ms 
39864      DEBUG main            d.u.i.k.p.r.p.TestFile    ... success: reloaded. 
39864      INFO  main            d.u.i.k.p.r.p.TestFile    Now processing file /home/runner/work/key/key/key.core/../key.ui/examples/standard_key/java_dl/arrayMax.key 
39865      INFO  main            d.u.i.k.p.i.AbstractProblemLoader Loading environment from /home/runner/work/key/key/key.core/../key.ui/examples/standard_key/java_dl/arrayMax.key 
39865      DEBUG main            d.u.i.k.p.i.AbstractProblemLoader Environment load took 83.2ns 
39867      INFO  main            d.u.i.k.p.i.AbstractProblemLoader Creating init config 
42336      DEBUG main            d.u.i.k.p.i.AbstractProblemLoader Init config took 2.47s 
42356      INFO  main            d.u.i.k.p.i.AbstractProblemLoader Replaying proof arrayMax.key 
42359      DEBUG main            d.u.i.k.p.i.IntermediateProofReplayer Proof replay took 6.9ns 
43867      INFO  main            d.u.i.k.p.r.p.TestFile    ... finished proof: closed. 
44141      INFO  main            d.u.i.k.p.i.AbstractProblemLoader Loading environment from /home/runner/work/key/key/key.core/../key.ui/examples/standard_key/java_dl/arrayMax.key.proof 
44141      DEBUG main            d.u.i.k.p.i.AbstractProblemLoader Environment load took 426.81ns 
44143      INFO  main            d.u.i.k.p.i.AbstractProblemLoader Creating init config 
46589      DEBUG main            d.u.i.k.p.i.AbstractProblemLoader Init config took 2.45s 
46610      INFO  main            d.u.i.k.p.i.AbstractProblemLoader Replaying proof arrayMax.key.proof 
46868      DEBUG main            d.u.i.k.p.i.IntermediateProofReplayer Proof replay took 248.34ms 
46870      DEBUG main            d.u.i.k.p.r.p.TestFile    ... success: reloaded. 
46871      INFO  main            d.u.i.k.p.r.p.TestFile    Now processing file /home/runner/work/key/key/key.core/../key.ui/examples/standard_key/java_dl/arrayUpdateSimp.key 
46872      INFO  main            d.u.i.k.p.i.AbstractProblemLoader Loading environment from /home/runner/work/key/key/key.core/../key.ui/examples/standard_key/java_dl/arrayUpdateSimp.key 
46872      DEBUG main            d.u.i.k.p.i.AbstractProblemLoader Environment load took 213.1ns 
46875      INFO  main            d.u.i.k.p.i.AbstractProblemLoader Creating init config 
46901      WARN  main            d.u.i.k.j.r.KeYCrossReferenceNameInfo Datatype java.io.InputStream declared twice: Once in FILE:/home/runner/work/key/key/key.core/../key.ui/examples/standard_key/java_dl/./classpath/InputStream.java and once in URL:file:/home/runner/work/key/key/key.core/build/resources/main/de/uka/ilkd/key/java/JavaRedux/java/io/InputStream.java, Keeping one from URL:file:/home/runner/work/key/key/key.core/build/resources/main/de/uka/ilkd/key/java/JavaRedux/java/io/InputStream.java 
46901      WARN  main            d.u.i.k.j.r.KeYCrossReferenceNameInfo Datatype java.lang.System declared twice: Once in FILE:/home/runner/work/key/key/key.core/../key.ui/examples/standard_key/java_dl/./classpath/System.java and once in URL:file:/home/runner/work/key/key/key.core/build/resources/main/de/uka/ilkd/key/java/JavaRedux/java/lang/System.java, Keeping one from URL:file:/home/runner/work/key/key/key.core/build/resources/main/de/uka/ilkd/key/java/JavaRedux/java/lang/System.java 
46901      WARN  main            d.u.i.k.j.r.KeYCrossReferenceNameInfo Datatype java.io.PrintStream declared twice: Once in FILE:/home/runner/work/key/key/key.core/../key.ui/examples/standard_key/java_dl/./classpath/PrintStream.java and once in URL:file:/home/runner/work/key/key/key.core/build/resources/main/de/uka/ilkd/key/java/JavaRedux/java/io/PrintStream.java, Keeping one from URL:file:/home/runner/work/key/key/key.core/build/resources/main/de/uka/ilkd/key/java/JavaRedux/java/io/PrintStream.java 
46907      DEBUG main            d.u.i.k.j.r.ClassFileDeclarationBuilder Parsing: package java.io; public class Closeable { } 
46907      DEBUG main            r.s.KeYCrossReferenceSourceInfo Dynamically created class: java.io.Closeable 
49385      DEBUG main            d.u.i.k.p.i.AbstractProblemLoader Init config took 2.51s 
49405      INFO  main            d.u.i.k.p.i.AbstractProblemLoader Replaying proof arrayUpdateSimp.key 
49407      DEBUG main            d.u.i.k.p.i.IntermediateProofReplayer Proof replay took 7.5ns 
49511      INFO  main            d.u.i.k.p.r.p.TestFile    ... finished proof: closed. 
49753      INFO  main            d.u.i.k.p.i.AbstractProblemLoader Loading environment from /home/runner/work/key/key/key.core/../key.ui/examples/standard_key/java_dl/arrayUpdateSimp.key.proof 
49753      DEBUG main            d.u.i.k.p.i.AbstractProblemLoader Environment load took 141.3ns 
49758      INFO  main            d.u.i.k.p.i.AbstractProblemLoader Creating init config 
49781      WARN  main            d.u.i.k.j.r.KeYCrossReferenceNameInfo Datatype java.io.InputStream declared twice: Once in FILE:/home/runner/work/key/key/key.core/../key.ui/examples/standard_key/java_dl/classpath/InputStream.java and once in URL:file:/home/runner/work/key/key/key.core/build/resources/main/de/uka/ilkd/key/java/JavaRedux/java/io/InputStream.java, Keeping one from URL:file:/home/runner/work/key/key/key.core/build/resources/main/de/uka/ilkd/key/java/JavaRedux/java/io/InputStream.java 
49781      WARN  main            d.u.i.k.j.r.KeYCrossReferenceNameInfo Datatype java.lang.System declared twice: Once in FILE:/home/runner/work/key/key/key.core/../key.ui/examples/standard_key/java_dl/classpath/System.java and once in URL:file:/home/runner/work/key/key/key.core/build/resources/main/de/uka/ilkd/key/java/JavaRedux/java/lang/System.java, Keeping one from URL:file:/home/runner/work/key/key/key.core/build/resources/main/de/uka/ilkd/key/java/JavaRedux/java/lang/System.java 
49781      WARN  main            d.u.i.k.j.r.KeYCrossReferenceNameInfo Datatype java.io.PrintStream declared twice: Once in FILE:/home/runner/work/key/key/key.core/../key.ui/examples/standard_key/java_dl/classpath/PrintStream.java and once in URL:file:/home/runner/work/key/key/key.core/build/resources/main/de/uka/ilkd/key/java/JavaRedux/java/io/PrintStream.java, Keeping one from URL:file:/home/runner/work/key/key/key.core/build/resources/main/de/uka/ilkd/key/java/JavaRedux/java/io/PrintStream.java 
49784      DEBUG main            d.u.i.k.j.r.ClassFileDeclarationBuilder Parsing: package java.io; public class Closeable { } 
49785      DEBUG main            r.s.KeYCrossReferenceSourceInfo Dynamically created class: java.io.Closeable 
52206      DEBUG main            d.u.i.k.p.i.AbstractProblemLoader Init config took 2.45s 
52227      INFO  main            d.u.i.k.p.i.AbstractProblemLoader Replaying proof arrayUpdateSimp.key.proof 
52229      DEBUG main            d.u.i.k.p.i.IntermediateProofReplayer Proof replay took 614.61ns 
52230      DEBUG main            d.u.i.k.p.r.p.TestFile    ... success: reloaded. 
52232      INFO  main            d.u.i.k.p.r.p.TestFile    Now processing file /home/runner/work/key/key/key.core/../key.ui/examples/standard_key/java_dl/attributes.key 
52232      INFO  main            d.u.i.k.p.i.AbstractProblemLoader Loading environment from /home/runner/work/key/key/key.core/../key.ui/examples/standard_key/java_dl/attributes.key 
52232      DEBUG main            d.u.i.k.p.i.AbstractProblemLoader Environment load took 219.7ns 
52233      INFO  main            d.u.i.k.p.i.AbstractProblemLoader Creating init config 
54642      DEBUG main            d.u.i.k.p.i.AbstractProblemLoader Init config took 2.41s 
54659      INFO  main            d.u.i.k.p.i.AbstractProblemLoader Replaying proof attributes.key 
54661      DEBUG main            d.u.i.k.p.i.IntermediateProofReplayer Proof replay took 7.2ns 
54866      INFO  main            d.u.i.k.p.r.p.TestFile    ... finished proof: closed. 
55054      INFO  main            d.u.i.k.p.i.AbstractProblemLoader Loading environment from /home/runner/work/key/key/key.core/../key.ui/examples/standard_key/java_dl/attributes.key.proof 
55054      DEBUG main            d.u.i.k.p.i.AbstractProblemLoader Environment load took 125.3ns 
55055      INFO  main            d.u.i.k.p.i.AbstractProblemLoader Creating init config 
57414      DEBUG main            d.u.i.k.p.i.AbstractProblemLoader Init config took 2.36s 
57431      INFO  main            d.u.i.k.p.i.AbstractProblemLoader Replaying proof attributes.key.proof 
57481      DEBUG main            d.u.i.k.p.i.IntermediateProofReplayer Proof replay took 47.4ms 
57482      DEBUG main            d.u.i.k.p.r.p.TestFile    ... success: reloaded. 
57482      INFO  main            d.u.i.k.p.r.p.TestFile    Now processing file /home/runner/work/key/key/key.core/../key.ui/examples/standard_key/java_dl/break.key 
57483      INFO  main            d.u.i.k.p.i.AbstractProblemLoader Loading environment from /home/runner/work/key/key/key.core/../key.ui/examples/standard_key/java_dl/break.key 
57483      DEBUG main            d.u.i.k.p.i.AbstractProblemLoader Environment load took 88.3ns 
57484      INFO  main            d.u.i.k.p.i.AbstractProblemLoader Creating init config 
57505      WARN  main            d.u.i.k.j.r.KeYCrossReferenceNameInfo Datatype java.io.InputStream declared twice: Once in FILE:/home/runner/work/key/key/key.core/../key.ui/examples/standard_key/java_dl/classpath/InputStream.java and once in URL:file:/home/runner/work/key/key/key.core/build/resources/main/de/uka/ilkd/key/java/JavaRedux/java/io/InputStream.java, Keeping one from URL:file:/home/runner/work/key/key/key.core/build/resources/main/de/uka/ilkd/key/java/JavaRedux/java/io/InputStream.java 
57506      WARN  main            d.u.i.k.j.r.KeYCrossReferenceNameInfo Datatype java.lang.System declared twice: Once in FILE:/home/runner/work/key/key/key.core/../key.ui/examples/standard_key/java_dl/classpath/System.java and once in URL:file:/home/runner/work/key/key/key.core/build/resources/main/de/uka/ilkd/key/java/JavaRedux/java/lang/System.java, Keeping one from URL:file:/home/runner/work/key/key/key.core/build/resources/main/de/uka/ilkd/key/java/JavaRedux/java/lang/System.java 
57513      WARN  main            d.u.i.k.j.r.KeYCrossReferenceNameInfo Datatype java.io.PrintStream declared twice: Once in FILE:/home/runner/work/key/key/key.core/../key.ui/examples/standard_key/java_dl/classpath/PrintStream.java and once in URL:file:/home/runner/work/key/key/key.core/build/resources/main/de/uka/ilkd/key/java/JavaRedux/java/io/PrintStream.java, Keeping one from URL:file:/home/runner/work/key/key/key.core/build/resources/main/de/uka/ilkd/key/java/JavaRedux/java/io/PrintStream.java 
57516      DEBUG main            d.u.i.k.j.r.ClassFileDeclarationBuilder Parsing: package java.io; public class Closeable { } 
57525      DEBUG main            r.s.KeYCrossReferenceSourceInfo Dynamically created class: java.io.Closeable 
59870      DEBUG main            d.u.i.k.p.i.AbstractProblemLoader Init config took 2.39s 
59887      INFO  main            d.u.i.k.p.i.AbstractProblemLoader Replaying proof break.key 
59889      DEBUG main            d.u.i.k.p.i.IntermediateProofReplayer Proof replay took 6.9ns 
59991      INFO  main            d.u.i.k.p.r.p.TestFile    ... finished proof: closed. 
60182      INFO  main            d.u.i.k.p.i.AbstractProblemLoader Loading environment from /home/runner/work/key/key/key.core/../key.ui/examples/standard_key/java_dl/break.key.proof 
60182      DEBUG main            d.u.i.k.p.i.AbstractProblemLoader Environment load took 119.8ns 
60183      INFO  main            d.u.i.k.p.i.AbstractProblemLoader Creating init config 
60205      WARN  main            d.u.i.k.j.r.KeYCrossReferenceNameInfo Datatype java.io.InputStream declared twice: Once in FILE:/home/runner/work/key/key/key.core/../key.ui/examples/standard_key/java_dl/classpath/InputStream.java and once in URL:file:/home/runner/work/key/key/key.core/build/resources/main/de/uka/ilkd/key/java/JavaRedux/java/io/InputStream.java, Keeping one from URL:file:/home/runner/work/key/key/key.core/build/resources/main/de/uka/ilkd/key/java/JavaRedux/java/io/InputStream.java 
60206      WARN  main            d.u.i.k.j.r.KeYCrossReferenceNameInfo Datatype java.lang.System declared twice: Once in FILE:/home/runner/work/key/key/key.core/../key.ui/examples/standard_key/java_dl/classpath/System.java and once in URL:file:/home/runner/work/key/key/key.core/build/resources/main/de/uka/ilkd/key/java/JavaRedux/java/lang/System.java, Keeping one from URL:file:/home/runner/work/key/key/key.core/build/resources/main/de/uka/ilkd/key/java/JavaRedux/java/lang/System.java 
60206      WARN  main            d.u.i.k.j.r.KeYCrossReferenceNameInfo Datatype java.io.PrintStream declared twice: Once in FILE:/home/runner/work/key/key/key.core/../key.ui/examples/standard_key/java_dl/classpath/PrintStream.java and once in URL:file:/home/runner/work/key/key/key.core/build/resources/main/de/uka/ilkd/key/java/JavaRedux/java/io/PrintStream.java, Keeping one from URL:file:/home/runner/work/key/key/key.core/build/resources/main/de/uka/ilkd/key/java/JavaRedux/java/io/PrintStream.java 
60209      DEBUG main            d.u.i.k.j.r.ClassFileDeclarationBuilder Parsing: package java.io; public class Closeable { } 
60209      DEBUG main            r.s.KeYCrossReferenceSourceInfo Dynamically created class: java.io.Closeable 
62532      DEBUG main            d.u.i.k.p.i.AbstractProblemLoader Init config took 2.35s 
62550      INFO  main            d.u.i.k.p.i.AbstractProblemLoader Replaying proof break.key.proof 
62571      DEBUG main            d.u.i.k.p.i.IntermediateProofReplayer Proof replay took 19.01ms 
62572      DEBUG main            d.u.i.k.p.r.p.TestFile    ... success: reloaded. 
62573      INFO  main            d.u.i.k.p.r.p.TestFile    Now processing file /home/runner/work/key/key/key.core/../key.ui/examples/standard_key/java_dl/char.key 
62574      INFO  main            d.u.i.k.p.i.AbstractProblemLoader Loading environment from /home/runner/work/key/key/key.core/../key.ui/examples/standard_key/java_dl/char.key 
62574      DEBUG main            d.u.i.k.p.i.AbstractProblemLoader Environment load took 168.5ns 
62575      INFO  main            d.u.i.k.p.i.AbstractProblemLoader Creating init config 
64908      DEBUG main            d.u.i.k.p.i.AbstractProblemLoader Init config took 2.33s 
64924      INFO  main            d.u.i.k.p.i.AbstractProblemLoader Replaying proof char.key 
64925      DEBUG main            d.u.i.k.p.i.IntermediateProofReplayer Proof replay took 6.8ns 
65037      INFO  main            d.u.i.k.p.r.p.TestFile    ... finished proof: closed. 
65230      INFO  main            d.u.i.k.p.i.AbstractProblemLoader Loading environment from /home/runner/work/key/key/key.core/../key.ui/examples/standard_key/java_dl/char.key.proof 
65230      DEBUG main            d.u.i.k.p.i.AbstractProblemLoader Environment load took 118.2ns 
65231      INFO  main            d.u.i.k.p.i.AbstractProblemLoader Creating init config 
67517      DEBUG main            d.u.i.k.p.i.AbstractProblemLoader Init config took 2.29s 
67534      INFO  main            d.u.i.k.p.i.AbstractProblemLoader Replaying proof char.key.proof 
67552      DEBUG main            d.u.i.k.p.i.IntermediateProofReplayer Proof replay took 2.95ms 
67554      DEBUG main            d.u.i.k.p.r.p.TestFile    ... success: reloaded. 
67554      INFO  main            d.u.i.k.p.r.p.TestFile    Now processing file /home/runner/work/key/key/key.core/../key.ui/examples/standard_key/java_dl/compileTimeConstants.key 
67555      INFO  main            d.u.i.k.p.i.AbstractProblemLoader Loading environment from /home/runner/work/key/key/key.core/../key.ui/examples/standard_key/java_dl/compileTimeConstants.key 
67565      DEBUG main            d.u.i.k.p.i.AbstractProblemLoader Environment load took 10.05ms 
67566      INFO  main            d.u.i.k.p.i.AbstractProblemLoader Creating init config 
69965      DEBUG main            d.u.i.k.p.i.AbstractProblemLoader Init config took 2.4s 
69982      INFO  main            d.u.i.k.p.i.AbstractProblemLoader Replaying proof compileTimeConstants.key 
69983      DEBUG main            d.u.i.k.p.i.IntermediateProofReplayer Proof replay took 6.9ns 
70085      INFO  main            d.u.i.k.p.r.p.TestFile    ... finished proof: closed. 
70284      INFO  main            d.u.i.k.p.i.AbstractProblemLoader Loading environment from /home/runner/work/key/key/key.core/../key.ui/examples/standard_key/java_dl/compileTimeConstants.key.proof 
70284      DEBUG main            d.u.i.k.p.i.AbstractProblemLoader Environment load took 118.8ns 
70286      INFO  main            d.u.i.k.p.i.AbstractProblemLoader Creating init config 
72607      DEBUG main            d.u.i.k.p.i.AbstractProblemLoader Init config took 2.32s 
72622      INFO  main            d.u.i.k.p.i.AbstractProblemLoader Replaying proof compileTimeConstants.key.proof 
72636      DEBUG main            d.u.i.k.p.i.IntermediateProofReplayer Proof replay took 11.38ms 
72637      DEBUG main            d.u.i.k.p.r.p.TestFile    ... success: reloaded. 
72638      INFO  main            d.u.i.k.p.r.p.TestFile    Now processing file /home/runner/work/key/key/key.core/../key.ui/examples/standard_key/java_dl/constructorException/test.key 
72638      INFO  main            d.u.i.k.p.i.AbstractProblemLoader Loading environment from /home/runner/work/key/key/key.core/../key.ui/examples/standard_key/java_dl/constructorException/test.key 
72638      DEBUG main            d.u.i.k.p.i.AbstractProblemLoader Environment load took 75ns 
72639      INFO  main            d.u.i.k.p.i.AbstractProblemLoader Creating init config 
75071      DEBUG main            d.u.i.k.p.i.AbstractProblemLoader Init config took 2.43s 
75136      INFO  main            d.u.i.k.p.i.AbstractProblemLoader Replaying proof Test[Test::Test(int)].JML operation contract.0 
75137      DEBUG main            d.u.i.k.p.i.IntermediateProofReplayer Proof replay took 7ns 
75343      INFO  main            d.u.i.k.p.r.p.TestFile    ... finished proof: closed. 
75556      INFO  main            d.u.i.k.p.i.AbstractProblemLoader Loading environment from /home/runner/work/key/key/key.core/../key.ui/examples/standard_key/java_dl/constructorException/test.key.proof 
75556      DEBUG main            d.u.i.k.p.i.AbstractProblemLoader Environment load took 119.7ns 
75558      INFO  main            d.u.i.k.p.i.AbstractProblemLoader Creating init config 
77890      DEBUG main            d.u.i.k.p.i.AbstractProblemLoader Init config took 2.33s 
77932      INFO  main            d.u.i.k.p.i.AbstractProblemLoader Replaying proof Test[Test::Test(int)].JML operation contract.0 
77986      DEBUG main            d.u.i.k.p.i.IntermediateProofReplayer Proof replay took 51.84ms 
77988      DEBUG main            d.u.i.k.p.r.p.TestFile    ... success: reloaded. 
77989      INFO  main            d.u.i.k.p.r.p.TestFile    Now processing file /home/runner/work/key/key/key.core/../key.ui/examples/standard_key/java_dl/constructorException/regressionTestBug1333.key 
77989      INFO  main            d.u.i.k.p.i.AbstractProblemLoader Loading environment from /home/runner/work/key/key/key.core/../key.ui/examples/standard_key/java_dl/constructorException/regressionTestBug1333.key 
77989      DEBUG main            d.u.i.k.p.i.AbstractProblemLoader Environment load took 227ns 
77990      INFO  main            d.u.i.k.p.i.AbstractProblemLoader Creating init config 
80412      DEBUG main            d.u.i.k.p.i.AbstractProblemLoader Init config took 2.42s 
80451      INFO  main            d.u.i.k.p.i.AbstractProblemLoader Replaying proof False[False::False()].JML normal_behavior operation contract.0 
80454      DEBUG main            d.u.i.k.p.i.IntermediateProofReplayer Proof replay took 6.9ns 
80559      INFO  main            d.u.i.k.p.r.p.TestFile    ... finished proof: open goal(s) 
80776      INFO  main            d.u.i.k.p.r.p.TestFile    Now processing file /home/runner/work/key/key/key.core/../key.ui/examples/standard_key/java_dl/continue1.key 
80776      INFO  main            d.u.i.k.p.i.AbstractProblemLoader Loading environment from /home/runner/work/key/key/key.core/../key.ui/examples/standard_key/java_dl/continue1.key 
80777      DEBUG main            d.u.i.k.p.i.AbstractProblemLoader Environment load took 531.81ns 
80778      INFO  main            d.u.i.k.p.i.AbstractProblemLoader Creating init config 
80799      WARN  main            d.u.i.k.j.r.KeYCrossReferenceNameInfo Datatype java.io.InputStream declared twice: Once in FILE:/home/runner/work/key/key/key.core/../key.ui/examples/standard_key/java_dl/classpath/InputStream.java and once in URL:file:/home/runner/work/key/key/key.core/build/resources/main/de/uka/ilkd/key/java/JavaRedux/java/io/InputStream.java, Keeping one from URL:file:/home/runner/work/key/key/key.core/build/resources/main/de/uka/ilkd/key/java/JavaRedux/java/io/InputStream.java 
80799      WARN  main            d.u.i.k.j.r.KeYCrossReferenceNameInfo Datatype java.lang.System declared twice: Once in FILE:/home/runner/work/key/key/key.core/../key.ui/examples/standard_key/java_dl/classpath/System.java and once in URL:file:/home/runner/work/key/key/key.core/build/resources/main/de/uka/ilkd/key/java/JavaRedux/java/lang/System.java, Keeping one from URL:file:/home/runner/work/key/key/key.core/build/resources/main/de/uka/ilkd/key/java/JavaRedux/java/lang/System.java 
80800      WARN  main            d.u.i.k.j.r.KeYCrossReferenceNameInfo Datatype java.io.PrintStream declared twice: Once in FILE:/home/runner/work/key/key/key.core/../key.ui/examples/standard_key/java_dl/classpath/PrintStream.java and once in URL:file:/home/runner/work/key/key/key.core/build/resources/main/de/uka/ilkd/key/java/JavaRedux/java/io/PrintStream.java, Keeping one from URL:file:/home/runner/work/key/key/key.core/build/resources/main/de/uka/ilkd/key/java/JavaRedux/java/io/PrintStream.java 
80803      DEBUG main            d.u.i.k.j.r.ClassFileDeclarationBuilder Parsing: package java.io; public class Closeable { } 
80803      DEBUG main            r.s.KeYCrossReferenceSourceInfo Dynamically created class: java.io.Closeable 
83154      DEBUG main            d.u.i.k.p.i.AbstractProblemLoader Init config took 2.38s 
83169      INFO  main            d.u.i.k.p.i.AbstractProblemLoader Replaying proof continue1.key 
83171      DEBUG main            d.u.i.k.p.i.IntermediateProofReplayer Proof replay took 6.5ns 
83274      INFO  main            d.u.i.k.p.r.p.TestFile    ... finished proof: closed. 
83485      INFO  main            d.u.i.k.p.i.AbstractProblemLoader Loading environment from /home/runner/work/key/key/key.core/../key.ui/examples/standard_key/java_dl/continue1.key.proof 
83485      DEBUG main            d.u.i.k.p.i.AbstractProblemLoader Environment load took 124.2ns 
83486      INFO  main            d.u.i.k.p.i.AbstractProblemLoader Creating init config 
83508      WARN  main            d.u.i.k.j.r.KeYCrossReferenceNameInfo Datatype java.io.InputStream declared twice: Once in FILE:/home/runner/work/key/key/key.core/../key.ui/examples/standard_key/java_dl/classpath/InputStream.java and once in URL:file:/home/runner/work/key/key/key.core/build/resources/main/de/uka/ilkd/key/java/JavaRedux/java/io/InputStream.java, Keeping one from URL:file:/home/runner/work/key/key/key.core/build/resources/main/de/uka/ilkd/key/java/JavaRedux/java/io/InputStream.java 
83509      WARN  main            d.u.i.k.j.r.KeYCrossReferenceNameInfo Datatype java.lang.System declared twice: Once in FILE:/home/runner/work/key/key/key.core/../key.ui/examples/standard_key/java_dl/classpath/System.java and once in URL:file:/home/runner/work/key/key/key.core/build/resources/main/de/uka/ilkd/key/java/JavaRedux/java/lang/System.java, Keeping one from URL:file:/home/runner/work/key/key/key.core/build/resources/main/de/uka/ilkd/key/java/JavaRedux/java/lang/System.java 
83509      WARN  main            d.u.i.k.j.r.KeYCrossReferenceNameInfo Datatype java.io.PrintStream declared twice: Once in FILE:/home/runner/work/key/key/key.core/../key.ui/examples/standard_key/java_dl/classpath/PrintStream.java and once in URL:file:/home/runner/work/key/key/key.core/build/resources/main/de/uka/ilkd/key/java/JavaRedux/java/io/PrintStream.java, Keeping one from URL:file:/home/runner/work/key/key/key.core/build/resources/main/de/uka/ilkd/key/java/JavaRedux/java/io/PrintStream.java 
83512      DEBUG main            d.u.i.k.j.r.ClassFileDeclarationBuilder Parsing: package java.io; public class Closeable { } 
83512      DEBUG main            r.s.KeYCrossReferenceSourceInfo Dynamically created class: java.io.Closeable 
85824      DEBUG main            d.u.i.k.p.i.AbstractProblemLoader Init config took 2.34s 
85840      INFO  main            d.u.i.k.p.i.AbstractProblemLoader Replaying proof continue1.key.proof 
85860      DEBUG main            d.u.i.k.p.i.IntermediateProofReplayer Proof replay took 18.37ms 
85862      DEBUG main            d.u.i.k.p.r.p.TestFile    ... success: reloaded. 
85863      INFO  main            d.u.i.k.p.r.p.TestFile    Now processing file /home/runner/work/key/key/key.core/../key.ui/examples/standard_key/java_dl/continue2.key 
85864      INFO  main            d.u.i.k.p.i.AbstractProblemLoader Loading environment from /home/runner/work/key/key/key.core/../key.ui/examples/standard_key/java_dl/continue2.key 
85864      DEBUG main            d.u.i.k.p.i.AbstractProblemLoader Environment load took 181.7ns 
85865      INFO  main            d.u.i.k.p.i.AbstractProblemLoader Creating init config 
85886      WARN  main            d.u.i.k.j.r.KeYCrossReferenceNameInfo Datatype java.io.InputStream declared twice: Once in FILE:/home/runner/work/key/key/key.core/../key.ui/examples/standard_key/java_dl/classpath/InputStream.java and once in URL:file:/home/runner/work/key/key/key.core/build/resources/main/de/uka/ilkd/key/java/JavaRedux/java/io/InputStream.java, Keeping one from URL:file:/home/runner/work/key/key/key.core/build/resources/main/de/uka/ilkd/key/java/JavaRedux/java/io/InputStream.java 
85886      WARN  main            d.u.i.k.j.r.KeYCrossReferenceNameInfo Datatype java.lang.System declared twice: Once in FILE:/home/runner/work/key/key/key.core/../key.ui/examples/standard_key/java_dl/classpath/System.java and once in URL:file:/home/runner/work/key/key/key.core/build/resources/main/de/uka/ilkd/key/java/JavaRedux/java/lang/System.java, Keeping one from URL:file:/home/runner/work/key/key/key.core/build/resources/main/de/uka/ilkd/key/java/JavaRedux/java/lang/System.java 
85887      WARN  main            d.u.i.k.j.r.KeYCrossReferenceNameInfo Datatype java.io.PrintStream declared twice: Once in FILE:/home/runner/work/key/key/key.core/../key.ui/examples/standard_key/java_dl/classpath/PrintStream.java and once in URL:file:/home/runner/work/key/key/key.core/build/resources/main/de/uka/ilkd/key/java/JavaRedux/java/io/PrintStream.java, Keeping one from URL:file:/home/runner/work/key/key/key.core/build/resources/main/de/uka/ilkd/key/java/JavaRedux/java/io/PrintStream.java 
85889      DEBUG main            d.u.i.k.j.r.ClassFileDeclarationBuilder Parsing: package java.io; public class Closeable { } 
85890      DEBUG main            r.s.KeYCrossReferenceSourceInfo Dynamically created class: java.io.Closeable 
88180      DEBUG main            d.u.i.k.p.i.AbstractProblemLoader Init config took 2.31s 
88195      INFO  main            d.u.i.k.p.i.AbstractProblemLoader Replaying proof continue2.key 
88197      DEBUG main            d.u.i.k.p.i.IntermediateProofReplayer Proof replay took 38.4ns 
88502      INFO  main            d.u.i.k.p.r.p.TestFile    ... finished proof: closed. 
88722      INFO  main            d.u.i.k.p.i.AbstractProblemLoader Loading environment from /home/runner/work/key/key/key.core/../key.ui/examples/standard_key/java_dl/continue2.key.proof 
88722      DEBUG main            d.u.i.k.p.i.AbstractProblemLoader Environment load took 113.3ns 
88723      INFO  main            d.u.i.k.p.i.AbstractProblemLoader Creating init config 
88744      WARN  main            d.u.i.k.j.r.KeYCrossReferenceNameInfo Datatype java.io.InputStream declared twice: Once in FILE:/home/runner/work/key/key/key.core/../key.ui/examples/standard_key/java_dl/classpath/InputStream.java and once in URL:file:/home/runner/work/key/key/key.core/build/resources/main/de/uka/ilkd/key/java/JavaRedux/java/io/InputStream.java, Keeping one from URL:file:/home/runner/work/key/key/key.core/build/resources/main/de/uka/ilkd/key/java/JavaRedux/java/io/InputStream.java 
88745      WARN  main            d.u.i.k.j.r.KeYCrossReferenceNameInfo Datatype java.lang.System declared twice: Once in FILE:/home/runner/work/key/key/key.core/../key.ui/examples/standard_key/java_dl/classpath/System.java and once in URL:file:/home/runner/work/key/key/key.core/build/resources/main/de/uka/ilkd/key/java/JavaRedux/java/lang/System.java, Keeping one from URL:file:/home/runner/work/key/key/key.core/build/resources/main/de/uka/ilkd/key/java/JavaRedux/java/lang/System.java 
88745      WARN  main            d.u.i.k.j.r.KeYCrossReferenceNameInfo Datatype java.io.PrintStream declared twice: Once in FILE:/home/runner/work/key/key/key.core/../key.ui/examples/standard_key/java_dl/classpath/PrintStream.java and once in URL:file:/home/runner/work/key/key/key.core/build/resources/main/de/uka/ilkd/key/java/JavaRedux/java/io/PrintStream.java, Keeping one from URL:file:/home/runner/work/key/key/key.core/build/resources/main/de/uka/ilkd/key/java/JavaRedux/java/io/PrintStream.java 
88748      DEBUG main            d.u.i.k.j.r.ClassFileDeclarationBuilder Parsing: package java.io; public class Closeable { } 
88748      DEBUG main            r.s.KeYCrossReferenceSourceInfo Dynamically created class: java.io.Closeable 
91003      DEBUG main            d.u.i.k.p.i.AbstractProblemLoader Init config took 2.28s 
91017      INFO  main            d.u.i.k.p.i.AbstractProblemLoader Replaying proof continue2.key.proof 
91091      DEBUG main            d.u.i.k.p.i.IntermediateProofReplayer Proof replay took 70.93ms 
91097      DEBUG main            d.u.i.k.p.r.p.TestFile    ... success: reloaded. 
91099      INFO  main            d.u.i.k.p.r.p.TestFile    Now processing file /home/runner/work/key/key/key.core/../key.ui/examples/standard_key/java_dl/complexAssignment.key 
91099      INFO  main            d.u.i.k.p.i.AbstractProblemLoader Loading environment from /home/runner/work/key/key/key.core/../key.ui/examples/standard_key/java_dl/complexAssignment.key 
91100      DEBUG main            d.u.i.k.p.i.AbstractProblemLoader Environment load took 189.6ns 
91110      INFO  main            d.u.i.k.p.i.AbstractProblemLoader Creating init config 
93466      DEBUG main            d.u.i.k.p.i.AbstractProblemLoader Init config took 2.36s 
93481      INFO  main            d.u.i.k.p.i.AbstractProblemLoader Replaying proof complexAssignment.key 
93482      DEBUG main            d.u.i.k.p.i.IntermediateProofReplayer Proof replay took 7ns 
93586      INFO  main            d.u.i.k.p.r.p.TestFile    ... finished proof: closed. 
93813      INFO  main            d.u.i.k.p.i.AbstractProblemLoader Loading environment from /home/runner/work/key/key/key.core/../key.ui/examples/standard_key/java_dl/complexAssignment.key.proof 
93813      DEBUG main            d.u.i.k.p.i.AbstractProblemLoader Environment load took 104.6ns 
93814      INFO  main            d.u.i.k.p.i.AbstractProblemLoader Creating init config 
96067      DEBUG main            d.u.i.k.p.i.AbstractProblemLoader Init config took 2.25s 
96081      INFO  main            d.u.i.k.p.i.AbstractProblemLoader Replaying proof complexAssignment.key.proof 
96090      DEBUG main            d.u.i.k.p.i.IntermediateProofReplayer Proof replay took 6.47ms 
96091      DEBUG main            d.u.i.k.p.r.p.TestFile    ... success: reloaded. 
96091      INFO  main            d.u.i.k.p.r.p.TestFile    Now processing file /home/runner/work/key/key/key.core/../key.ui/examples/standard_key/java_dl/danglingElseSolution1.key 
96091      INFO  main            d.u.i.k.p.i.AbstractProblemLoader Loading environment from /home/runner/work/key/key/key.core/../key.ui/examples/standard_key/java_dl/danglingElseSolution1.key 
96091      DEBUG main            d.u.i.k.p.i.AbstractProblemLoader Environment load took 91.6ns 
96092      INFO  main            d.u.i.k.p.i.AbstractProblemLoader Creating init config 
98422      DEBUG main            d.u.i.k.p.i.AbstractProblemLoader Init config took 2.33s 
98437      INFO  main            d.u.i.k.p.i.AbstractProblemLoader Replaying proof danglingElseSolution1.key 
98438      DEBUG main            d.u.i.k.p.i.IntermediateProofReplayer Proof replay took 6.6ns 
98540      INFO  main            d.u.i.k.p.r.p.TestFile    ... finished proof: closed. 
98772      INFO  main            d.u.i.k.p.i.AbstractProblemLoader Loading environment from /home/runner/work/key/key/key.core/../key.ui/examples/standard_key/java_dl/danglingElseSolution1.key.proof 
98772      DEBUG main            d.u.i.k.p.i.AbstractProblemLoader Environment load took 120.2ns 
98777      INFO  main            d.u.i.k.p.i.AbstractProblemLoader Creating init config 
101037     DEBUG main            d.u.i.k.p.i.AbstractProblemLoader Init config took 2.26s 
101052     INFO  main            d.u.i.k.p.i.AbstractProblemLoader Replaying proof danglingElseSolution1.key.proof 
101062     DEBUG main            d.u.i.k.p.i.IntermediateProofReplayer Proof replay took 8.23ms 
101063     DEBUG main            d.u.i.k.p.r.p.TestFile    ... success: reloaded. 
101063     INFO  main            d.u.i.k.p.r.p.TestFile    Now processing file /home/runner/work/key/key/key.core/../key.ui/examples/standard_key/java_dl/danglingElseSolution2.key 
101064     INFO  main            d.u.i.k.p.i.AbstractProblemLoader Loading environment from /home/runner/work/key/key/key.core/../key.ui/examples/standard_key/java_dl/danglingElseSolution2.key 
101064     DEBUG main            d.u.i.k.p.i.AbstractProblemLoader Environment load took 121.4ns 
101065     INFO  main            d.u.i.k.p.i.AbstractProblemLoader Creating init config 
103377     DEBUG main            d.u.i.k.p.i.AbstractProblemLoader Init config took 2.31s 
103398     INFO  main            d.u.i.k.p.i.AbstractProblemLoader Replaying proof danglingElseSolution2.key 
103401     DEBUG main            d.u.i.k.p.i.IntermediateProofReplayer Proof replay took 6.6ns 
103504     INFO  main            d.u.i.k.p.r.p.TestFile    ... finished proof: closed. 
103742     INFO  main            d.u.i.k.p.i.AbstractProblemLoader Loading environment from /home/runner/work/key/key/key.core/../key.ui/examples/standard_key/java_dl/danglingElseSolution2.key.proof 
103743     DEBUG main            d.u.i.k.p.i.AbstractProblemLoader Environment load took 112.5ns 
103744     INFO  main            d.u.i.k.p.i.AbstractProblemLoader Creating init config 
105988     DEBUG main            d.u.i.k.p.i.AbstractProblemLoader Init config took 2.24s 
106003     INFO  main            d.u.i.k.p.i.AbstractProblemLoader Replaying proof danglingElseSolution2.key.proof 
106014     DEBUG main            d.u.i.k.p.i.IntermediateProofReplayer Proof replay took 8.68ms 
106015     DEBUG main            d.u.i.k.p.r.p.TestFile    ... success: reloaded. 
106016     INFO  main            d.u.i.k.p.r.p.TestFile    Now processing file /home/runner/work/key/key/key.core/../key.ui/examples/standard_key/java_dl/deepNonNull/deepNonNull0.key 
106016     INFO  main            d.u.i.k.p.i.AbstractProblemLoader Loading environment from /home/runner/work/key/key/key.core/../key.ui/examples/standard_key/java_dl/deepNonNull/deepNonNull0.key 
106016     DEBUG main            d.u.i.k.p.i.AbstractProblemLoader Environment load took 173ns 
106017     INFO  main            d.u.i.k.p.i.AbstractProblemLoader Creating init config 
108382     DEBUG main            d.u.i.k.p.i.AbstractProblemLoader Init config took 2.36s 
108419     INFO  main            d.u.i.k.p.i.AbstractProblemLoader Replaying proof Arrays[Arrays::get()].JML operation contract.0 
108421     DEBUG main            d.u.i.k.p.i.IntermediateProofReplayer Proof replay took 6.7ns 
108623     INFO  main            d.u.i.k.p.r.p.TestFile    ... finished proof: closed. 
108885     INFO  main            d.u.i.k.p.i.AbstractProblemLoader Loading environment from /home/runner/work/key/key/key.core/../key.ui/examples/standard_key/java_dl/deepNonNull/deepNonNull0.key.proof 
108885     DEBUG main            d.u.i.k.p.i.AbstractProblemLoader Environment load took 127.3ns 
108886     INFO  main            d.u.i.k.p.i.AbstractProblemLoader Creating init config 
111227     DEBUG main            d.u.i.k.p.i.AbstractProblemLoader Init config took 2.34s 
111265     INFO  main            d.u.i.k.p.i.AbstractProblemLoader Replaying proof Arrays[Arrays::get()].JML operation contract.0 
111294     DEBUG main            d.u.i.k.p.i.IntermediateProofReplayer Proof replay took 26.4ms 
111295     DEBUG main            d.u.i.k.p.r.p.TestFile    ... success: reloaded. 
111295     INFO  main            d.u.i.k.p.r.p.TestFile    Now processing file /home/runner/work/key/key/key.core/../key.ui/examples/standard_key/java_dl/deepNonNull/deepNonNull1.key 
111296     INFO  main            d.u.i.k.p.i.AbstractProblemLoader Loading environment from /home/runner/work/key/key/key.core/../key.ui/examples/standard_key/java_dl/deepNonNull/deepNonNull1.key 
111296     DEBUG main            d.u.i.k.p.i.AbstractProblemLoader Environment load took 84.1ns 
111297     INFO  main            d.u.i.k.p.i.AbstractProblemLoader Creating init config 
113630     DEBUG main            d.u.i.k.p.i.AbstractProblemLoader Init config took 2.33s 
113688     INFO  main            d.u.i.k.p.i.AbstractProblemLoader Replaying proof Arrays[Arrays::head()].JML operation contract.0 
113690     DEBUG main            d.u.i.k.p.i.IntermediateProofReplayer Proof replay took 6.4ns 
113894     INFO  main            d.u.i.k.p.r.p.TestFile    ... finished proof: closed. 
114144     INFO  main            d.u.i.k.p.i.AbstractProblemLoader Loading environment from /home/runner/work/key/key/key.core/../key.ui/examples/standard_key/java_dl/deepNonNull/deepNonNull1.key.proof 
114144     DEBUG main            d.u.i.k.p.i.AbstractProblemLoader Environment load took 110.1ns 
114145     INFO  main            d.u.i.k.p.i.AbstractProblemLoader Creating init config 
116450     DEBUG main            d.u.i.k.p.i.AbstractProblemLoader Init config took 2.3s 
116486     INFO  main            d.u.i.k.p.i.AbstractProblemLoader Replaying proof Arrays[Arrays::head()].JML operation contract.0 
116521     DEBUG main            d.u.i.k.p.i.IntermediateProofReplayer Proof replay took 32.83ms 
116523     DEBUG main            d.u.i.k.p.r.p.TestFile    ... success: reloaded. 
116523     INFO  main            d.u.i.k.p.r.p.TestFile    Now processing file /home/runner/work/key/key/key.core/../key.ui/examples/standard_key/java_dl/deepNonNull/deepNonNull2.key 
116524     INFO  main            d.u.i.k.p.i.AbstractProblemLoader Loading environment from /home/runner/work/key/key/key.core/../key.ui/examples/standard_key/java_dl/deepNonNull/deepNonNull2.key 
116524     DEBUG main            d.u.i.k.p.i.AbstractProblemLoader Environment load took 192.4ns 
116525     INFO  main            d.u.i.k.p.i.AbstractProblemLoader Creating init config 
118882     DEBUG main            d.u.i.k.p.i.AbstractProblemLoader Init config took 2.36s 
118918     INFO  main            d.u.i.k.p.i.AbstractProblemLoader Replaying proof Arrays[Arrays::unprovable(java.lang.Object)].JML operation contract.0 
118919     DEBUG main            d.u.i.k.p.i.IntermediateProofReplayer Proof replay took 6.1ns 
119037     INFO  main            d.u.i.k.p.r.p.TestFile    ... finished proof: open goal(s) 
119280     INFO  main            d.u.i.k.p.r.p.TestFile    Now processing file /home/runner/work/key/key/key.core/../key.ui/examples/standard_key/java_dl/deepNonNull/deepNonNull3.key 
119280     INFO  main            d.u.i.k.p.i.AbstractProblemLoader Loading environment from /home/runner/work/key/key/key.core/../key.ui/examples/standard_key/java_dl/deepNonNull/deepNonNull3.key 
119280     DEBUG main            d.u.i.k.p.i.AbstractProblemLoader Environment load took 73.1ns 
119281     INFO  main            d.u.i.k.p.i.AbstractProblemLoader Creating init config 
121586     DEBUG main            d.u.i.k.p.i.AbstractProblemLoader Init config took 2.31s 
121623     INFO  main            d.u.i.k.p.i.AbstractProblemLoader Replaying proof Arrays[Arrays::head([[[[Ljava.lang.Object)].JML operation contract.0 
121624     DEBUG main            d.u.i.k.p.i.IntermediateProofReplayer Proof replay took 6ns 
122532     INFO  main            d.u.i.k.p.r.p.TestFile    ... finished proof: closed. 
122807     INFO  main            d.u.i.k.p.i.AbstractProblemLoader Loading environment from /home/runner/work/key/key/key.core/../key.ui/examples/standard_key/java_dl/deepNonNull/deepNonNull3.key.proof 
122809     DEBUG main            d.u.i.k.p.i.AbstractProblemLoader Environment load took 1.48ms 
122811     INFO  main            d.u.i.k.p.i.AbstractProblemLoader Creating init config 
125132     DEBUG main            d.u.i.k.p.i.AbstractProblemLoader Init config took 2.32s 
125168     INFO  main            d.u.i.k.p.i.AbstractProblemLoader Replaying proof Arrays[Arrays::head([[[[Ljava.lang.Object)].JML operation contract.0 
125271     DEBUG main            d.u.i.k.p.i.IntermediateProofReplayer Proof replay took 96.9ms 
125272     DEBUG main            d.u.i.k.p.r.p.TestFile    ... success: reloaded. 
125273     INFO  main            d.u.i.k.p.r.p.TestFile    Now processing file /home/runner/work/key/key/key.core/../key.ui/examples/standard_key/java_dl/exceptions.key 
125273     INFO  main            d.u.i.k.p.i.AbstractProblemLoader Loading environment from /home/runner/work/key/key/key.core/../key.ui/examples/standard_key/java_dl/exceptions.key 
125274     DEBUG main            d.u.i.k.p.i.AbstractProblemLoader Environment load took 201.6ns 
125275     INFO  main            d.u.i.k.p.i.AbstractProblemLoader Creating init config 
125295     WARN  main            d.u.i.k.j.r.KeYCrossReferenceNameInfo Datatype java.io.InputStream declared twice: Once in FILE:/home/runner/work/key/key/key.core/../key.ui/examples/standard_key/java_dl/classpath/InputStream.java and once in URL:file:/home/runner/work/key/key/key.core/build/resources/main/de/uka/ilkd/key/java/JavaRedux/java/io/InputStream.java, Keeping one from URL:file:/home/runner/work/key/key/key.core/build/resources/main/de/uka/ilkd/key/java/JavaRedux/java/io/InputStream.java 
125296     WARN  main            d.u.i.k.j.r.KeYCrossReferenceNameInfo Datatype java.lang.System declared twice: Once in FILE:/home/runner/work/key/key/key.core/../key.ui/examples/standard_key/java_dl/classpath/System.java and once in URL:file:/home/runner/work/key/key/key.core/build/resources/main/de/uka/ilkd/key/java/JavaRedux/java/lang/System.java, Keeping one from URL:file:/home/runner/work/key/key/key.core/build/resources/main/de/uka/ilkd/key/java/JavaRedux/java/lang/System.java 
125296     WARN  main            d.u.i.k.j.r.KeYCrossReferenceNameInfo Datatype java.io.PrintStream declared twice: Once in FILE:/home/runner/work/key/key/key.core/../key.ui/examples/standard_key/java_dl/classpath/PrintStream.java and once in URL:file:/home/runner/work/key/key/key.core/build/resources/main/de/uka/ilkd/key/java/JavaRedux/java/io/PrintStream.java, Keeping one from URL:file:/home/runner/work/key/key/key.core/build/resources/main/de/uka/ilkd/key/java/JavaRedux/java/io/PrintStream.java 
125299     DEBUG main            d.u.i.k.j.r.ClassFileDeclarationBuilder Parsing: package java.io; public class Closeable { } 
125299     DEBUG main            r.s.KeYCrossReferenceSourceInfo Dynamically created class: java.io.Closeable 
127616     DEBUG main            d.u.i.k.p.i.AbstractProblemLoader Init config took 2.34s 
127630     INFO  main            d.u.i.k.p.i.AbstractProblemLoader Replaying proof exceptions.key 
127632     DEBUG main            d.u.i.k.p.i.IntermediateProofReplayer Proof replay took 8ns 
127838     INFO  main            d.u.i.k.p.r.p.TestFile    ... finished proof: closed. 
128094     INFO  main            d.u.i.k.p.i.AbstractProblemLoader Loading environment from /home/runner/work/key/key/key.core/../key.ui/examples/standard_key/java_dl/exceptions.key.proof 
128095     DEBUG main            d.u.i.k.p.i.AbstractProblemLoader Environment load took 96.8ns 
128096     INFO  main            d.u.i.k.p.i.AbstractProblemLoader Creating init config 
128121     WARN  main            d.u.i.k.j.r.KeYCrossReferenceNameInfo Datatype java.io.InputStream declared twice: Once in FILE:/home/runner/work/key/key/key.core/../key.ui/examples/standard_key/java_dl/classpath/InputStream.java and once in URL:file:/home/runner/work/key/key/key.core/build/resources/main/de/uka/ilkd/key/java/JavaRedux/java/io/InputStream.java, Keeping one from URL:file:/home/runner/work/key/key/key.core/build/resources/main/de/uka/ilkd/key/java/JavaRedux/java/io/InputStream.java 
128121     WARN  main            d.u.i.k.j.r.KeYCrossReferenceNameInfo Datatype java.lang.System declared twice: Once in FILE:/home/runner/work/key/key/key.core/../key.ui/examples/standard_key/java_dl/classpath/System.java and once in URL:file:/home/runner/work/key/key/key.core/build/resources/main/de/uka/ilkd/key/java/JavaRedux/java/lang/System.java, Keeping one from URL:file:/home/runner/work/key/key/key.core/build/resources/main/de/uka/ilkd/key/java/JavaRedux/java/lang/System.java 
128121     WARN  main            d.u.i.k.j.r.KeYCrossReferenceNameInfo Datatype java.io.PrintStream declared twice: Once in FILE:/home/runner/work/key/key/key.core/../key.ui/examples/standard_key/java_dl/classpath/PrintStream.java and once in URL:file:/home/runner/work/key/key/key.core/build/resources/main/de/uka/ilkd/key/java/JavaRedux/java/io/PrintStream.java, Keeping one from URL:file:/home/runner/work/key/key/key.core/build/resources/main/de/uka/ilkd/key/java/JavaRedux/java/io/PrintStream.java 
128124     DEBUG main            d.u.i.k.j.r.ClassFileDeclarationBuilder Parsing: package java.io; public class Closeable { } 
128124     DEBUG main            r.s.KeYCrossReferenceSourceInfo Dynamically created class: java.io.Closeable 
130370     DEBUG main            d.u.i.k.p.i.AbstractProblemLoader Init config took 2.27s 
130387     INFO  main            d.u.i.k.p.i.AbstractProblemLoader Replaying proof exceptions.key.proof 
130436     DEBUG main            d.u.i.k.p.i.IntermediateProofReplayer Proof replay took 45.79ms 
130437     DEBUG main            d.u.i.k.p.r.p.TestFile    ... success: reloaded. 
130438     INFO  main            d.u.i.k.p.r.p.TestFile    Now processing file /home/runner/work/key/key/key.core/../key.ui/examples/standard_key/java_dl/exceptions1.key 
130438     INFO  main            d.u.i.k.p.i.AbstractProblemLoader Loading environment from /home/runner/work/key/key/key.core/../key.ui/examples/standard_key/java_dl/exceptions1.key 
130438     DEBUG main            d.u.i.k.p.i.AbstractProblemLoader Environment load took 79.3ns 
130439     INFO  main            d.u.i.k.p.i.AbstractProblemLoader Creating init config 
132726     DEBUG main            d.u.i.k.p.i.AbstractProblemLoader Init config took 2.29s 
132740     INFO  main            d.u.i.k.p.i.AbstractProblemLoader Replaying proof exceptions1.key 
132743     DEBUG main            d.u.i.k.p.i.IntermediateProofReplayer Proof replay took 7.1ns 
132952     INFO  main            d.u.i.k.p.r.p.TestFile    ... finished proof: closed. 
133211     INFO  main            d.u.i.k.p.i.AbstractProblemLoader Loading environment from /home/runner/work/key/key/key.core/../key.ui/examples/standard_key/java_dl/exceptions1.key.proof 
133211     DEBUG main            d.u.i.k.p.i.AbstractProblemLoader Environment load took 98.8ns 
133212     INFO  main            d.u.i.k.p.i.AbstractProblemLoader Creating init config 
135440     DEBUG main            d.u.i.k.p.i.AbstractProblemLoader Init config took 2.23s 
135456     INFO  main            d.u.i.k.p.i.AbstractProblemLoader Replaying proof exceptions1.key.proof 
135495     DEBUG main            d.u.i.k.p.i.IntermediateProofReplayer Proof replay took 36.11ms 
135496     DEBUG main            d.u.i.k.p.r.p.TestFile    ... success: reloaded. 
135498     INFO  main            d.u.i.k.p.r.p.TestFile    Now processing file /home/runner/work/key/key/key.core/../key.ui/examples/standard_key/java_dl/exceptions2.key 
135498     INFO  main            d.u.i.k.p.i.AbstractProblemLoader Loading environment from /home/runner/work/key/key/key.core/../key.ui/examples/standard_key/java_dl/exceptions2.key 
135498     DEBUG main            d.u.i.k.p.i.AbstractProblemLoader Environment load took 165.8ns 
135499     INFO  main            d.u.i.k.p.i.AbstractProblemLoader Creating init config 
137799     DEBUG main            d.u.i.k.p.i.AbstractProblemLoader Init config took 2.3s 
137813     INFO  main            d.u.i.k.p.i.AbstractProblemLoader Replaying proof exceptions2.key 
137816     DEBUG main            d.u.i.k.p.i.IntermediateProofReplayer Proof replay took 7.5ns 
137918     INFO  main            d.u.i.k.p.r.p.TestFile    ... finished proof: closed. 
138183     INFO  main            d.u.i.k.p.i.AbstractProblemLoader Loading environment from /home/runner/work/key/key/key.core/../key.ui/examples/standard_key/java_dl/exceptions2.key.proof 
138183     DEBUG main            d.u.i.k.p.i.AbstractProblemLoader Environment load took 99.7ns 
138184     INFO  main            d.u.i.k.p.i.AbstractProblemLoader Creating init config 
140412     DEBUG main            d.u.i.k.p.i.AbstractProblemLoader Init config took 2.23s 
140427     INFO  main            d.u.i.k.p.i.AbstractProblemLoader Replaying proof exceptions2.key.proof 
140458     DEBUG main            d.u.i.k.p.i.IntermediateProofReplayer Proof replay took 28.9ms 
140459     DEBUG main            d.u.i.k.p.r.p.TestFile    ... success: reloaded. 
140460     INFO  main            d.u.i.k.p.r.p.TestFile    Now processing file /home/runner/work/key/key/key.core/../key.ui/examples/standard_key/java_dl/exceptions3.key 
140461     INFO  main            d.u.i.k.p.i.AbstractProblemLoader Loading environment from /home/runner/work/key/key/key.core/../key.ui/examples/standard_key/java_dl/exceptions3.key 
140462     DEBUG main            d.u.i.k.p.i.AbstractProblemLoader Environment load took 905.41ns 
140463     INFO  main            d.u.i.k.p.i.AbstractProblemLoader Creating init config 
140487     WARN  main            d.u.i.k.j.r.KeYCrossReferenceNameInfo Datatype java.io.InputStream declared twice: Once in FILE:/home/runner/work/key/key/key.core/../key.ui/examples/standard_key/java_dl/classpath/InputStream.java and once in URL:file:/home/runner/work/key/key/key.core/build/resources/main/de/uka/ilkd/key/java/JavaRedux/java/io/InputStream.java, Keeping one from URL:file:/home/runner/work/key/key/key.core/build/resources/main/de/uka/ilkd/key/java/JavaRedux/java/io/InputStream.java 
140487     WARN  main            d.u.i.k.j.r.KeYCrossReferenceNameInfo Datatype java.lang.System declared twice: Once in FILE:/home/runner/work/key/key/key.core/../key.ui/examples/standard_key/java_dl/classpath/System.java and once in URL:file:/home/runner/work/key/key/key.core/build/resources/main/de/uka/ilkd/key/java/JavaRedux/java/lang/System.java, Keeping one from URL:file:/home/runner/work/key/key/key.core/build/resources/main/de/uka/ilkd/key/java/JavaRedux/java/lang/System.java 
140487     WARN  main            d.u.i.k.j.r.KeYCrossReferenceNameInfo Datatype java.io.PrintStream declared twice: Once in FILE:/home/runner/work/key/key/key.core/../key.ui/examples/standard_key/java_dl/classpath/PrintStream.java and once in URL:file:/home/runner/work/key/key/key.core/build/resources/main/de/uka/ilkd/key/java/JavaRedux/java/io/PrintStream.java, Keeping one from URL:file:/home/runner/work/key/key/key.core/build/resources/main/de/uka/ilkd/key/java/JavaRedux/java/io/PrintStream.java 
140490     DEBUG main            d.u.i.k.j.r.ClassFileDeclarationBuilder Parsing: package java.io; public class Closeable { } 
140490     DEBUG main            r.s.KeYCrossReferenceSourceInfo Dynamically created class: java.io.Closeable 
142780     DEBUG main            d.u.i.k.p.i.AbstractProblemLoader Init config took 2.32s 
142811     INFO  main            d.u.i.k.p.i.AbstractProblemLoader Replaying proof exceptions3.key 
142813     DEBUG main            d.u.i.k.p.i.IntermediateProofReplayer Proof replay took 7.9ns 
142916     INFO  main            d.u.i.k.p.r.p.TestFile    ... finished proof: closed. 
143187     INFO  main            d.u.i.k.p.i.AbstractProblemLoader Loading environment from /home/runner/work/key/key/key.core/../key.ui/examples/standard_key/java_dl/exceptions3.key.proof 
143187     DEBUG main            d.u.i.k.p.i.AbstractProblemLoader Environment load took 97.9ns 
143188     INFO  main            d.u.i.k.p.i.AbstractProblemLoader Creating init config 
143210     WARN  main            d.u.i.k.j.r.KeYCrossReferenceNameInfo Datatype java.io.InputStream declared twice: Once in FILE:/home/runner/work/key/key/key.core/../key.ui/examples/standard_key/java_dl/classpath/InputStream.java and once in URL:file:/home/runner/work/key/key/key.core/build/resources/main/de/uka/ilkd/key/java/JavaRedux/java/io/InputStream.java, Keeping one from URL:file:/home/runner/work/key/key/key.core/build/resources/main/de/uka/ilkd/key/java/JavaRedux/java/io/InputStream.java 
143210     WARN  main            d.u.i.k.j.r.KeYCrossReferenceNameInfo Datatype java.lang.System declared twice: Once in FILE:/home/runner/work/key/key/key.core/../key.ui/examples/standard_key/java_dl/classpath/System.java and once in URL:file:/home/runner/work/key/key/key.core/build/resources/main/de/uka/ilkd/key/java/JavaRedux/java/lang/System.java, Keeping one from URL:file:/home/runner/work/key/key/key.core/build/resources/main/de/uka/ilkd/key/java/JavaRedux/java/lang/System.java 
143210     WARN  main            d.u.i.k.j.r.KeYCrossReferenceNameInfo Datatype java.io.PrintStream declared twice: Once in FILE:/home/runner/work/key/key/key.core/../key.ui/examples/standard_key/java_dl/classpath/PrintStream.java and once in URL:file:/home/runner/work/key/key/key.core/build/resources/main/de/uka/ilkd/key/java/JavaRedux/java/io/PrintStream.java, Keeping one from URL:file:/home/runner/work/key/key/key.core/build/resources/main/de/uka/ilkd/key/java/JavaRedux/java/io/PrintStream.java 
143213     DEBUG main            d.u.i.k.j.r.ClassFileDeclarationBuilder Parsing: package java.io; public class Closeable { } 
143213     DEBUG main            r.s.KeYCrossReferenceSourceInfo Dynamically created class: java.io.Closeable 
145465     DEBUG main            d.u.i.k.p.i.AbstractProblemLoader Init config took 2.28s 
145479     INFO  main            d.u.i.k.p.i.AbstractProblemLoader Replaying proof exceptions3.key.proof 
145484     DEBUG main            d.u.i.k.p.i.IntermediateProofReplayer Proof replay took 3.65ms 
145485     DEBUG main            d.u.i.k.p.r.p.TestFile    ... success: reloaded. 
145486     INFO  main            d.u.i.k.p.r.p.TestFile    Now processing file /home/runner/work/key/key/key.core/../key.ui/examples/standard_key/java_dl/exchange.key 
145486     INFO  main            d.u.i.k.p.i.AbstractProblemLoader Loading environment from /home/runner/work/key/key/key.core/../key.ui/examples/standard_key/java_dl/exchange.key 
145486     DEBUG main            d.u.i.k.p.i.AbstractProblemLoader Environment load took 64.6ns 
145487     INFO  main            d.u.i.k.p.i.AbstractProblemLoader Creating init config 
147758     DEBUG main            d.u.i.k.p.i.AbstractProblemLoader Init config took 2.27s 
147772     INFO  main            d.u.i.k.p.i.AbstractProblemLoader Replaying proof exchange.key 
147774     DEBUG main            d.u.i.k.p.i.IntermediateProofReplayer Proof replay took 7.1ns 
147875     INFO  main            d.u.i.k.p.r.p.TestFile    ... finished proof: closed. 
148153     INFO  main            d.u.i.k.p.i.AbstractProblemLoader Loading environment from /home/runner/work/key/key/key.core/../key.ui/examples/standard_key/java_dl/exchange.key.proof 
148153     DEBUG main            d.u.i.k.p.i.AbstractProblemLoader Environment load took 94.3ns 
148154     INFO  main            d.u.i.k.p.i.AbstractProblemLoader Creating init config 
150383     DEBUG main            d.u.i.k.p.i.AbstractProblemLoader Init config took 2.23s 
150398     INFO  main            d.u.i.k.p.i.AbstractProblemLoader Replaying proof exchange.key.proof 
150406     DEBUG main            d.u.i.k.p.i.IntermediateProofReplayer Proof replay took 4.99ms 
150407     DEBUG main            d.u.i.k.p.r.p.TestFile    ... success: reloaded. 
150408     INFO  main            d.u.i.k.p.r.p.TestFile    Now processing file /home/runner/work/key/key/key.core/../key.ui/examples/standard_key/java_dl/if.key 
150408     INFO  main            d.u.i.k.p.i.AbstractProblemLoader Loading environment from /home/runner/work/key/key/key.core/../key.ui/examples/standard_key/java_dl/if.key 
150408     DEBUG main            d.u.i.k.p.i.AbstractProblemLoader Environment load took 82.9ns 
150409     INFO  main            d.u.i.k.p.i.AbstractProblemLoader Creating init config 
152694     DEBUG main            d.u.i.k.p.i.AbstractProblemLoader Init config took 2.29s 
152708     INFO  main            d.u.i.k.p.i.AbstractProblemLoader Replaying proof if.key 
152709     DEBUG main            d.u.i.k.p.i.IntermediateProofReplayer Proof replay took 7.2ns 
152811     INFO  main            d.u.i.k.p.r.p.TestFile    ... finished proof: closed. 
153094     INFO  main            d.u.i.k.p.i.AbstractProblemLoader Loading environment from /home/runner/work/key/key/key.core/../key.ui/examples/standard_key/java_dl/if.key.proof 
153094     DEBUG main            d.u.i.k.p.i.AbstractProblemLoader Environment load took 98.8ns 
153095     INFO  main            d.u.i.k.p.i.AbstractProblemLoader Creating init config 
155308     DEBUG main            d.u.i.k.p.i.AbstractProblemLoader Init config took 2.21s 
155322     INFO  main            d.u.i.k.p.i.AbstractProblemLoader Replaying proof if.key.proof 
155327     DEBUG main            d.u.i.k.p.i.IntermediateProofReplayer Proof replay took 2.87ms 
155327     DEBUG main            d.u.i.k.p.r.p.TestFile    ... success: reloaded. 
155328     INFO  main            d.u.i.k.p.r.p.TestFile    Now processing file /home/runner/work/key/key/key.core/../key.ui/examples/standard_key/java_dl/incrementcounter.key 
155328     INFO  main            d.u.i.k.p.i.AbstractProblemLoader Loading environment from /home/runner/work/key/key/key.core/../key.ui/examples/standard_key/java_dl/incrementcounter.key 
155328     DEBUG main            d.u.i.k.p.i.AbstractProblemLoader Environment load took 89ns 
155329     INFO  main            d.u.i.k.p.i.AbstractProblemLoader Creating init config 
157600     DEBUG main            d.u.i.k.p.i.AbstractProblemLoader Init config took 2.27s 
157614     INFO  main            d.u.i.k.p.i.AbstractProblemLoader Replaying proof incrementcounter.key 
157615     DEBUG main            d.u.i.k.p.i.IntermediateProofReplayer Proof replay took 6.8ns 
157717     INFO  main            d.u.i.k.p.r.p.TestFile    ... finished proof: closed. 
158006     INFO  main            d.u.i.k.p.i.AbstractProblemLoader Loading environment from /home/runner/work/key/key/key.core/../key.ui/examples/standard_key/java_dl/incrementcounter.key.proof 
158006     DEBUG main            d.u.i.k.p.i.AbstractProblemLoader Environment load took 98.5ns 
158007     INFO  main            d.u.i.k.p.i.AbstractProblemLoader Creating init config 
160222     DEBUG main            d.u.i.k.p.i.AbstractProblemLoader Init config took 2.22s 
160236     INFO  main            d.u.i.k.p.i.AbstractProblemLoader Replaying proof incrementcounter.key.proof 
160239     DEBUG main            d.u.i.k.p.i.IntermediateProofReplayer Proof replay took 1.83ms 
160240     DEBUG main            d.u.i.k.p.r.p.TestFile    ... success: reloaded. 
160240     INFO  main            d.u.i.k.p.r.p.TestFile    Now processing file /home/runner/work/key/key/key.core/../key.ui/examples/standard_key/java_dl/danglingElse.key 
160241     INFO  main            d.u.i.k.p.i.AbstractProblemLoader Loading environment from /home/runner/work/key/key/key.core/../key.ui/examples/standard_key/java_dl/danglingElse.key 
160241     DEBUG main            d.u.i.k.p.i.AbstractProblemLoader Environment load took 53.6ns 
160242     INFO  main            d.u.i.k.p.i.AbstractProblemLoader Creating init config 
162515     DEBUG main            d.u.i.k.p.i.AbstractProblemLoader Init config took 2.27s 
162529     INFO  main            d.u.i.k.p.i.AbstractProblemLoader Replaying proof danglingElse.key 
162531     DEBUG main            d.u.i.k.p.i.IntermediateProofReplayer Proof replay took 7.3ns 
162633     INFO  main            d.u.i.k.p.r.p.TestFile    ... finished proof: open goal(s) 
162935     INFO  main            d.u.i.k.p.r.p.TestFile    Now processing file /home/runner/work/key/key/key.core/../key.ui/examples/standard_key/java_dl/iteratedAssignment.key 
162935     INFO  main            d.u.i.k.p.i.AbstractProblemLoader Loading environment from /home/runner/work/key/key/key.core/../key.ui/examples/standard_key/java_dl/iteratedAssignment.key 
162935     DEBUG main            d.u.i.k.p.i.AbstractProblemLoader Environment load took 61ns 
162936     INFO  main            d.u.i.k.p.i.AbstractProblemLoader Creating init config 
165144     DEBUG main            d.u.i.k.p.i.AbstractProblemLoader Init config took 2.21s 
165159     INFO  main            d.u.i.k.p.i.AbstractProblemLoader Replaying proof iteratedAssignment.key 
165162     DEBUG main            d.u.i.k.p.i.IntermediateProofReplayer Proof replay took 6.7ns 
165466     INFO  main            d.u.i.k.p.r.p.TestFile    ... finished proof: closed. 
165773     INFO  main            d.u.i.k.p.i.AbstractProblemLoader Loading environment from /home/runner/work/key/key/key.core/../key.ui/examples/standard_key/java_dl/iteratedAssignment.key.proof 
165773     DEBUG main            d.u.i.k.p.i.AbstractProblemLoader Environment load took 97.8ns 
165774     INFO  main            d.u.i.k.p.i.AbstractProblemLoader Creating init config 
167981     DEBUG main            d.u.i.k.p.i.AbstractProblemLoader Init config took 2.21s 
167996     INFO  main            d.u.i.k.p.i.AbstractProblemLoader Replaying proof iteratedAssignment.key.proof 
168074     DEBUG main            d.u.i.k.p.i.IntermediateProofReplayer Proof replay took 74.84ms 
168075     DEBUG main            d.u.i.k.p.r.p.TestFile    ... success: reloaded. 
168076     INFO  main            d.u.i.k.p.r.p.TestFile    Now processing file /home/runner/work/key/key/key.core/../key.ui/examples/standard_key/java_dl/assert/assert1.key 
168076     INFO  main            d.u.i.k.p.i.AbstractProblemLoader Loading environment from /home/runner/work/key/key/key.core/../key.ui/examples/standard_key/java_dl/assert/assert1.key 
168077     DEBUG main            d.u.i.k.p.i.AbstractProblemLoader Environment load took 80.4ns 
168077     INFO  main            d.u.i.k.p.i.AbstractProblemLoader Creating init config 
170374     DEBUG main            d.u.i.k.p.i.AbstractProblemLoader Init config took 2.3s 
170408     INFO  main            d.u.i.k.p.i.AbstractProblemLoader Replaying proof C[C::foo()].JML normal_behavior operation contract.0 
170410     DEBUG main            d.u.i.k.p.i.IntermediateProofReplayer Proof replay took 7.3ns 
170614     INFO  main            d.u.i.k.p.r.p.TestFile    ... finished proof: open goal(s) 
170941     INFO  main            d.u.i.k.p.r.p.TestFile    Now processing file /home/runner/work/key/key/key.core/../key.ui/examples/standard_key/java_dl/assert/assert2.key 
170941     INFO  main            d.u.i.k.p.i.AbstractProblemLoader Loading environment from /home/runner/work/key/key/key.core/../key.ui/examples/standard_key/java_dl/assert/assert2.key 
170941     DEBUG main            d.u.i.k.p.i.AbstractProblemLoader Environment load took 77.8ns 
170942     INFO  main            d.u.i.k.p.i.AbstractProblemLoader Creating init config 
173201     DEBUG main            d.u.i.k.p.i.AbstractProblemLoader Init config took 2.26s 
173235     INFO  main            d.u.i.k.p.i.AbstractProblemLoader Replaying proof C[C::bar()].JML exceptional_behavior operation contract.0 
173237     DEBUG main            d.u.i.k.p.i.IntermediateProofReplayer Proof replay took 6.4ns 
173439     INFO  main            d.u.i.k.p.r.p.TestFile    ... finished proof: closed. 
173746     INFO  main            d.u.i.k.p.i.AbstractProblemLoader Loading environment from /home/runner/work/key/key/key.core/../key.ui/examples/standard_key/java_dl/assert/assert2.key.proof 
173746     DEBUG main            d.u.i.k.p.i.AbstractProblemLoader Environment load took 98.9ns 
173747     INFO  main            d.u.i.k.p.i.AbstractProblemLoader Creating init config 
176009     DEBUG main            d.u.i.k.p.i.AbstractProblemLoader Init config took 2.26s 
176042     INFO  main            d.u.i.k.p.i.AbstractProblemLoader Replaying proof C[C::bar()].JML exceptional_behavior operation contract.0 
176083     DEBUG main            d.u.i.k.p.i.IntermediateProofReplayer Proof replay took 38.82ms 
176084     DEBUG main            d.u.i.k.p.r.p.TestFile    ... success: reloaded. 
176084     INFO  main            d.u.i.k.p.r.p.TestFile    Now processing file /home/runner/work/key/key/key.core/../key.ui/examples/standard_key/java_dl/assert/assert3.key 
176085     INFO  main            d.u.i.k.p.i.AbstractProblemLoader Loading environment from /home/runner/work/key/key/key.core/../key.ui/examples/standard_key/java_dl/assert/assert3.key 
176085     DEBUG main            d.u.i.k.p.i.AbstractProblemLoader Environment load took 78.5ns 
176086     INFO  main            d.u.i.k.p.i.AbstractProblemLoader Creating init config 
178385     DEBUG main            d.u.i.k.p.i.AbstractProblemLoader Init config took 2.3s 
178418     INFO  main            d.u.i.k.p.i.AbstractProblemLoader Replaying proof C[C::foo()].JML normal_behavior operation contract.0 
178421     DEBUG main            d.u.i.k.p.i.IntermediateProofReplayer Proof replay took 6.8ns 
178523     INFO  main            d.u.i.k.p.r.p.TestFile    ... finished proof: open goal(s) 
178841     INFO  main            d.u.i.k.p.r.p.TestFile    Now processing file /home/runner/work/key/key/key.core/../key.ui/examples/standard_key/java_dl/java5/vararg.key 
178841     INFO  main            d.u.i.k.p.i.AbstractProblemLoader Loading environment from /home/runner/work/key/key/key.core/../key.ui/examples/standard_key/java_dl/java5/vararg.key 
178841     DEBUG main            d.u.i.k.p.i.AbstractProblemLoader Environment load took 78.9ns 
178842     INFO  main            d.u.i.k.p.i.AbstractProblemLoader Creating init config 
179656     DEBUG main            d.u.i.k.j.r.ClassPreparationMethodBuilder clPrepBuilder: Inner Class detected. Reject building class initialisation methods. 
181428     DEBUG main            d.u.i.k.p.i.AbstractProblemLoader Init config took 2.59s 
181453     INFO  main            d.u.i.k.p.i.AbstractProblemLoader Replaying proof vararg.key 
181455     DEBUG main            d.u.i.k.p.i.IntermediateProofReplayer Proof replay took 8ns 
181718     DEBUG Thread-101      d.u.i.k.j.d.VariableSpecification Program match. Variables have different dimension (template #v0 = #vi;, source var#17[] = new java.lang.Object[]{d1, d2};) 
181865     DEBUG Thread-101      d.u.i.k.j.d.VariableSpecification Program match. Variables have different dimension (template #v0 = #vi;, source var#24[] = new java.lang.Object[]{d1, d2};) 
182040     DEBUG Thread-101      d.u.i.k.j.d.VariableSpecification Program match. Variables have different dimension (template #v0 = #vi;, source var#33[] = new java.lang.Object[]{var_1};) 
182041     DEBUG Thread-101      d.u.i.k.j.d.VariableSpecification Program match. Variables have different dimension (template #v0 = #vi;, source var#33[] = new java.lang.Object[]{var_1};) 
182155     DEBUG Thread-101      d.u.i.k.j.d.VariableSpecification Program match. Variables have different dimension (template #v0 = #vi;, source var#39[] = new java.lang.Object[]{null, null};) 
182296     DEBUG Thread-101      d.u.i.k.j.d.VariableSpecification Program match. Variables have different dimension (template #v0 = #vi;, source var#46[] = new java.lang.Object[]{};) 
182669     INFO  main            d.u.i.k.p.r.p.TestFile    ... finished proof: closed. 
183042     INFO  main            d.u.i.k.p.i.AbstractProblemLoader Loading environment from /home/runner/work/key/key/key.core/../key.ui/examples/standard_key/java_dl/java5/vararg.key.proof 
183042     DEBUG main            d.u.i.k.p.i.AbstractProblemLoader Environment load took 330.5ns 
183044     INFO  main            d.u.i.k.p.i.AbstractProblemLoader Creating init config 
183853     DEBUG main            d.u.i.k.j.r.ClassPreparationMethodBuilder clPrepBuilder: Inner Class detected. Reject building class initialisation methods. 
185524     DEBUG main            d.u.i.k.p.i.AbstractProblemLoader Init config took 2.48s 
185558     INFO  main            d.u.i.k.p.i.AbstractProblemLoader Replaying proof vararg.key.proof 
185876     DEBUG main            d.u.i.k.p.i.IntermediateProofReplayer Proof replay took 304.94ms 
185877     DEBUG main            d.u.i.k.p.r.p.TestFile    ... success: reloaded. 
185878     INFO  main            d.u.i.k.p.r.p.TestFile    Now processing file /home/runner/work/key/key/key.core/../key.ui/examples/standard_key/java_dl/java5/for_Array.key 
185878     INFO  main            d.u.i.k.p.i.AbstractProblemLoader Loading environment from /home/runner/work/key/key/key.core/../key.ui/examples/standard_key/java_dl/java5/for_Array.key 
185879     DEBUG main            d.u.i.k.p.i.AbstractProblemLoader Environment load took 171.3ns 
185879     INFO  main            d.u.i.k.p.i.AbstractProblemLoader Creating init config 
186675     DEBUG main            d.u.i.k.j.r.ClassPreparationMethodBuilder clPrepBuilder: Inner Class detected. Reject building class initialisation methods. 
188395     DEBUG main            d.u.i.k.p.i.AbstractProblemLoader Init config took 2.52s 
188446     INFO  main            d.u.i.k.p.i.AbstractProblemLoader Replaying proof For[For::sum([I)].JML operation contract.0 
188447     DEBUG main            d.u.i.k.p.i.IntermediateProofReplayer Proof replay took 9.2ns 
188850     INFO  main            d.u.i.k.p.r.p.TestFile    ... finished proof: closed. 
189232     INFO  main            d.u.i.k.p.i.AbstractProblemLoader Loading environment from /home/runner/work/key/key/key.core/../key.ui/examples/standard_key/java_dl/java5/for_Array.key.proof 
189233     DEBUG main            d.u.i.k.p.i.AbstractProblemLoader Environment load took 491.41ns 
189234     INFO  main            d.u.i.k.p.i.AbstractProblemLoader Creating init config 
190003     DEBUG main            d.u.i.k.j.r.ClassPreparationMethodBuilder clPrepBuilder: Inner Class detected. Reject building class initialisation methods. 
191689     DEBUG main            d.u.i.k.p.i.AbstractProblemLoader Init config took 2.45s 
191748     INFO  main            d.u.i.k.p.i.AbstractProblemLoader Replaying proof For[For::sum([I)].JML operation contract.0 
191846     DEBUG main            d.u.i.k.p.i.IntermediateProofReplayer Proof replay took 95.01ms 
191848     DEBUG main            d.u.i.k.p.r.p.TestFile    ... success: reloaded. 
191848     INFO  main            d.u.i.k.p.r.p.TestFile    Now processing file /home/runner/work/key/key/key.core/../key.ui/examples/standard_key/java_dl/java5/for_Iterable.key 
191849     INFO  main            d.u.i.k.p.i.AbstractProblemLoader Loading environment from /home/runner/work/key/key/key.core/../key.ui/examples/standard_key/java_dl/java5/for_Iterable.key 
191849     DEBUG main            d.u.i.k.p.i.AbstractProblemLoader Environment load took 83.2ns 
191850     INFO  main            d.u.i.k.p.i.AbstractProblemLoader Creating init config 
192634     DEBUG main            d.u.i.k.j.r.ClassPreparationMethodBuilder clPrepBuilder: Inner Class detected. Reject building class initialisation methods. 
194311     DEBUG main            d.u.i.k.p.i.AbstractProblemLoader Init config took 2.46s 
194358     INFO  main            d.u.i.k.p.i.AbstractProblemLoader Replaying proof For[For::infiniteLoop(For)].JML operation contract.0 
194359     DEBUG main            d.u.i.k.p.i.IntermediateProofReplayer Proof replay took 7.3ns 
194562     INFO  main            d.u.i.k.p.r.p.TestFile    ... finished proof: closed. 
194901     INFO  main            d.u.i.k.p.i.AbstractProblemLoader Loading environment from /home/runner/work/key/key/key.core/../key.ui/examples/standard_key/java_dl/java5/for_Iterable.key.proof 
194901     DEBUG main            d.u.i.k.p.i.AbstractProblemLoader Environment load took 87.5ns 
194902     INFO  main            d.u.i.k.p.i.AbstractProblemLoader Creating init config 
195660     DEBUG main            d.u.i.k.j.r.ClassPreparationMethodBuilder clPrepBuilder: Inner Class detected. Reject building class initialisation methods. 
197296     DEBUG main            d.u.i.k.p.i.AbstractProblemLoader Init config took 2.39s 
197345     INFO  main            d.u.i.k.p.i.AbstractProblemLoader Replaying proof For[For::infiniteLoop(For)].JML operation contract.0 
197397     DEBUG main            d.u.i.k.p.i.IntermediateProofReplayer Proof replay took 49.88ms 
197398     DEBUG main            d.u.i.k.p.r.p.TestFile    ... success: reloaded. 
197399     INFO  main            d.u.i.k.p.r.p.TestFile    Now processing file /home/runner/work/key/key/key.core/../key.ui/examples/standard_key/java_dl/java5/for_ReferenceArray.key 
197399     INFO  main            d.u.i.k.p.i.AbstractProblemLoader Loading environment from /home/runner/work/key/key/key.core/../key.ui/examples/standard_key/java_dl/java5/for_ReferenceArray.key 
197399     DEBUG main            d.u.i.k.p.i.AbstractProblemLoader Environment load took 153.4ns 
197400     INFO  main            d.u.i.k.p.i.AbstractProblemLoader Creating init config 
198178     DEBUG main            d.u.i.k.j.r.ClassPreparationMethodBuilder clPrepBuilder: Inner Class detected. Reject building class initialisation methods. 
199852     DEBUG main            d.u.i.k.p.i.AbstractProblemLoader Init config took 2.45s 
199900     INFO  main            d.u.i.k.p.i.AbstractProblemLoader Replaying proof ForReferenceArray[ForReferenceArray::foo([Ljava.lang.Object)].JML operation contract.0 
199901     DEBUG main            d.u.i.k.p.i.IntermediateProofReplayer Proof replay took 6.9ns 
200204     INFO  main            d.u.i.k.p.r.p.TestFile    ... finished proof: closed. 
200558     INFO  main            d.u.i.k.p.i.AbstractProblemLoader Loading environment from /home/runner/work/key/key/key.core/../key.ui/examples/standard_key/java_dl/java5/for_ReferenceArray.key.proof 
200558     DEBUG main            d.u.i.k.p.i.AbstractProblemLoader Environment load took 103.8ns 
200559     INFO  main            d.u.i.k.p.i.AbstractProblemLoader Creating init config 
201314     DEBUG main            d.u.i.k.j.r.ClassPreparationMethodBuilder clPrepBuilder: Inner Class detected. Reject building class initialisation methods. 
202939     DEBUG main            d.u.i.k.p.i.AbstractProblemLoader Init config took 2.38s 
202998     INFO  main            d.u.i.k.p.i.AbstractProblemLoader Replaying proof ForReferenceArray[ForReferenceArray::foo([Ljava.lang.Object)].JML operation contract.0 
203053     DEBUG main            d.u.i.k.p.i.IntermediateProofReplayer Proof replay took 52.76ms 
203054     DEBUG main            d.u.i.k.p.r.p.TestFile    ... success: reloaded. 
203055     INFO  main            d.u.i.k.p.r.p.TestFile    Now processing file /home/runner/work/key/key/key.core/../key.ui/examples/standard_key/java_dl/jml-bigint/cast.key 
203055     INFO  main            d.u.i.k.p.i.AbstractProblemLoader Loading environment from /home/runner/work/key/key/key.core/../key.ui/examples/standard_key/java_dl/jml-bigint/cast.key 
203055     DEBUG main            d.u.i.k.p.i.AbstractProblemLoader Environment load took 78.3ns 
203056     INFO  main            d.u.i.k.p.i.AbstractProblemLoader Creating init config 
205452     DEBUG main            d.u.i.k.p.i.AbstractProblemLoader Init config took 2.4s 
205485     INFO  main            d.u.i.k.p.i.AbstractProblemLoader Replaying proof Mult[Mult::cast()].JML operation contract.0 
205489     DEBUG main            d.u.i.k.p.i.IntermediateProofReplayer Proof replay took 7.4ns 
205594     INFO  main            d.u.i.k.p.r.p.TestFile    ... finished proof: closed. 
205960     INFO  main            d.u.i.k.p.i.AbstractProblemLoader Loading environment from /home/runner/work/key/key/key.core/../key.ui/examples/standard_key/java_dl/jml-bigint/cast.key.proof 
205960     DEBUG main            d.u.i.k.p.i.AbstractProblemLoader Environment load took 108.7ns 
205961     INFO  main            d.u.i.k.p.i.AbstractProblemLoader Creating init config 
208260     DEBUG main            d.u.i.k.p.i.AbstractProblemLoader Init config took 2.3s 
208294     INFO  main            d.u.i.k.p.i.AbstractProblemLoader Replaying proof Mult[Mult::cast()].JML operation contract.0 
208307     DEBUG main            d.u.i.k.p.i.IntermediateProofReplayer Proof replay took 11.76ms 
208308     DEBUG main            d.u.i.k.p.r.p.TestFile    ... success: reloaded. 
208308     INFO  main            d.u.i.k.p.r.p.TestFile    Now processing file /home/runner/work/key/key/key.core/../key.ui/examples/standard_key/java_dl/jml-free/loopInvFree.key 
208309     INFO  main            d.u.i.k.p.i.AbstractProblemLoader Loading environment from /home/runner/work/key/key/key.core/../key.ui/examples/standard_key/java_dl/jml-free/loopInvFree.key 
208309     DEBUG main            d.u.i.k.p.i.AbstractProblemLoader Environment load took 50ns 
208310     INFO  main            d.u.i.k.p.i.AbstractProblemLoader Creating init config 
210589     DEBUG main            d.u.i.k.p.i.AbstractProblemLoader Init config took 2.28s 
210621     INFO  main            d.u.i.k.p.i.AbstractProblemLoader Replaying proof LoopInvFree[LoopInvFree::test()].JML operation contract.0 
210622     DEBUG main            d.u.i.k.p.i.IntermediateProofReplayer Proof replay took 7.2ns 
210824     INFO  main            d.u.i.k.p.r.p.TestFile    ... finished proof: closed. 
211179     INFO  main            d.u.i.k.p.i.AbstractProblemLoader Loading environment from /home/runner/work/key/key/key.core/../key.ui/examples/standard_key/java_dl/jml-free/loopInvFree.key.proof 
211179     DEBUG main            d.u.i.k.p.i.AbstractProblemLoader Environment load took 99.9ns 
211180     INFO  main            d.u.i.k.p.i.AbstractProblemLoader Creating init config 
213423     DEBUG main            d.u.i.k.p.i.AbstractProblemLoader Init config took 2.24s 
213456     INFO  main            d.u.i.k.p.i.AbstractProblemLoader Replaying proof LoopInvFree[LoopInvFree::test()].JML operation contract.0 
213497     DEBUG main            d.u.i.k.p.i.IntermediateProofReplayer Proof replay took 38.69ms 
213498     DEBUG main            d.u.i.k.p.r.p.TestFile    ... success: reloaded. 
213499     INFO  main            d.u.i.k.p.r.p.TestFile    Now processing file /home/runner/work/key/key/key.core/../key.ui/examples/standard_key/java_dl/jml-free/ensuresFree.key 
213499     INFO  main            d.u.i.k.p.i.AbstractProblemLoader Loading environment from /home/runner/work/key/key/key.core/../key.ui/examples/standard_key/java_dl/jml-free/ensuresFree.key 
213499     DEBUG main            d.u.i.k.p.i.AbstractProblemLoader Environment load took 77.7ns 
213500     INFO  main            d.u.i.k.p.i.AbstractProblemLoader Creating init config 
215791     DEBUG main            d.u.i.k.p.i.AbstractProblemLoader Init config took 2.29s 
215823     INFO  main            d.u.i.k.p.i.AbstractProblemLoader Replaying proof EnsuresFree[EnsuresFree::test()].JML operation contract.0 
215824     DEBUG main            d.u.i.k.p.i.IntermediateProofReplayer Proof replay took 7.2ns 
215926     INFO  main            d.u.i.k.p.r.p.TestFile    ... finished proof: closed. 
216280     INFO  main            d.u.i.k.p.i.AbstractProblemLoader Loading environment from /home/runner/work/key/key/key.core/../key.ui/examples/standard_key/java_dl/jml-free/ensuresFree.key.proof 
216280     DEBUG main            d.u.i.k.p.i.AbstractProblemLoader Environment load took 90.9ns 
216281     INFO  main            d.u.i.k.p.i.AbstractProblemLoader Creating init config 
218545     DEBUG main            d.u.i.k.p.i.AbstractProblemLoader Init config took 2.26s 
218578     INFO  main            d.u.i.k.p.i.AbstractProblemLoader Replaying proof EnsuresFree[EnsuresFree::test()].JML operation contract.0 
218595     DEBUG main            d.u.i.k.p.i.IntermediateProofReplayer Proof replay took 15.36ms 
218596     DEBUG main            d.u.i.k.p.r.p.TestFile    ... success: reloaded. 
218596     INFO  main            d.u.i.k.p.r.p.TestFile    Now processing file /home/runner/work/key/key/key.core/../key.ui/examples/standard_key/java_dl/jml-information-flow.key 
218597     INFO  main            d.u.i.k.p.i.AbstractProblemLoader Loading environment from /home/runner/work/key/key/key.core/../key.ui/examples/standard_key/java_dl/jml-information-flow.key 
218597     DEBUG main            d.u.i.k.p.i.AbstractProblemLoader Environment load took 79.4ns 
218602     INFO  main            d.u.i.k.p.i.AbstractProblemLoader Creating init config 
221107     DEBUG main            d.u.i.k.p.i.AbstractProblemLoader Init config took 2.51s 
221125     INFO  main            d.u.i.k.p.i.AbstractProblemLoader Replaying proof jml-information-flow.key 
221126     DEBUG main            d.u.i.k.p.i.IntermediateProofReplayer Proof replay took 6.7ns 
341693     INFO  main            d.u.i.k.p.r.p.TestFile    ... finished proof: closed. 
342249     INFO  main            d.u.i.k.p.i.AbstractProblemLoader Loading environment from /home/runner/work/key/key/key.core/../key.ui/examples/standard_key/java_dl/jml-information-flow.key.proof 
342250     DEBUG main            d.u.i.k.p.i.AbstractProblemLoader Environment load took 331.3ns 
342258     INFO  main            d.u.i.k.p.i.AbstractProblemLoader Creating init config 
344619     DEBUG main            d.u.i.k.p.i.AbstractProblemLoader Init config took 2.36s 
344637     INFO  main            d.u.i.k.p.i.AbstractProblemLoader Replaying proof jml-information-flow.key.proof 
348285     DEBUG main            d.u.i.k.p.i.IntermediateProofReplayer Proof replay took 3.54s 
348293     DEBUG main            d.u.i.k.p.r.p.TestFile    ... success: reloaded. 
348294     INFO  main            d.u.i.k.p.r.p.TestFile    Now processing file /home/runner/work/key/key/key.core/../key.ui/examples/standard_key/java_dl/jml-min/min-unprovable1.key 
348294     INFO  main            d.u.i.k.p.i.AbstractProblemLoader Loading environment from /home/runner/work/key/key/key.core/../key.ui/examples/standard_key/java_dl/jml-min/min-unprovable1.key 
348294     DEBUG main            d.u.i.k.p.i.AbstractProblemLoader Environment load took 87.6ns 
348295     INFO  main            d.u.i.k.p.i.AbstractProblemLoader Creating init config 
350748     DEBUG main            d.u.i.k.p.i.AbstractProblemLoader Init config took 2.45s 
350780     INFO  main            d.u.i.k.p.i.AbstractProblemLoader Replaying proof Min[Min::foo()].JML operation contract.0 
350781     DEBUG main            d.u.i.k.p.i.IntermediateProofReplayer Proof replay took 6.9ns 
350883     INFO  main            d.u.i.k.p.r.p.TestFile    ... finished proof: open goal(s) 
351412     INFO  main            d.u.i.k.p.r.p.TestFile    Now processing file /home/runner/work/key/key/key.core/../key.ui/examples/standard_key/java_dl/jml-min/min-unprovable2.key 
351413     INFO  main            d.u.i.k.p.i.AbstractProblemLoader Loading environment from /home/runner/work/key/key/key.core/../key.ui/examples/standard_key/java_dl/jml-min/min-unprovable2.key 
351413     DEBUG main            d.u.i.k.p.i.AbstractProblemLoader Environment load took 54.1ns 
351414     INFO  main            d.u.i.k.p.i.AbstractProblemLoader Creating init config 
353657     DEBUG main            d.u.i.k.p.i.AbstractProblemLoader Init config took 2.24s 
353690     INFO  main            d.u.i.k.p.i.AbstractProblemLoader Replaying proof Min[Min::foo2()].JML operation contract.0 
353691     DEBUG main            d.u.i.k.p.i.IntermediateProofReplayer Proof replay took 6.7ns 
353792     INFO  main            d.u.i.k.p.r.p.TestFile    ... finished proof: open goal(s) 
354165     INFO  main            d.u.i.k.p.r.p.TestFile    Now processing file /home/runner/work/key/key/key.core/../key.ui/examples/standard_key/java_dl/methodCall.key 
354165     INFO  main            d.u.i.k.p.i.AbstractProblemLoader Loading environment from /home/runner/work/key/key/key.core/../key.ui/examples/standard_key/java_dl/methodCall.key 
354166     DEBUG main            d.u.i.k.p.i.AbstractProblemLoader Environment load took 48.9ns 
354166     INFO  main            d.u.i.k.p.i.AbstractProblemLoader Creating init config 
356412     DEBUG main            d.u.i.k.p.i.AbstractProblemLoader Init config took 2.25s 
356427     INFO  main            d.u.i.k.p.i.AbstractProblemLoader Replaying proof methodCall.key 
356428     DEBUG main            d.u.i.k.p.i.IntermediateProofReplayer Proof replay took 6.2ns 
356529     INFO  main            d.u.i.k.p.r.p.TestFile    ... finished proof: closed. 
356901     INFO  main            d.u.i.k.p.i.AbstractProblemLoader Loading environment from /home/runner/work/key/key/key.core/../key.ui/examples/standard_key/java_dl/methodCall.key.proof 
356901     DEBUG main            d.u.i.k.p.i.AbstractProblemLoader Environment load took 95.3ns 
356902     INFO  main            d.u.i.k.p.i.AbstractProblemLoader Creating init config 
359177     DEBUG main            d.u.i.k.p.i.AbstractProblemLoader Init config took 2.28s 
359191     INFO  main            d.u.i.k.p.i.AbstractProblemLoader Replaying proof methodCall.key.proof 
359195     DEBUG main            d.u.i.k.p.i.IntermediateProofReplayer Proof replay took 1.8ms 
359195     DEBUG main            d.u.i.k.p.r.p.TestFile    ... success: reloaded. 
359196     INFO  main            d.u.i.k.p.r.p.TestFile    Now processing file /home/runner/work/key/key/key.core/../key.ui/examples/standard_key/java_dl/methodCall1.key 
359196     INFO  main            d.u.i.k.p.i.AbstractProblemLoader Loading environment from /home/runner/work/key/key/key.core/../key.ui/examples/standard_key/java_dl/methodCall1.key 
359196     DEBUG main            d.u.i.k.p.i.AbstractProblemLoader Environment load took 48.2ns 
359197     INFO  main            d.u.i.k.p.i.AbstractProblemLoader Creating init config 
361469     DEBUG main            d.u.i.k.p.i.AbstractProblemLoader Init config took 2.27s 
361483     INFO  main            d.u.i.k.p.i.AbstractProblemLoader Replaying proof methodCall1.key 
361484     DEBUG main            d.u.i.k.p.i.IntermediateProofReplayer Proof replay took 6.2ns 
361587     INFO  main            d.u.i.k.p.r.p.TestFile    ... finished proof: closed. 
361978     INFO  main            d.u.i.k.p.i.AbstractProblemLoader Loading environment from /home/runner/work/key/key/key.core/../key.ui/examples/standard_key/java_dl/methodCall1.key.proof 
361978     DEBUG main            d.u.i.k.p.i.AbstractProblemLoader Environment load took 90.7ns 
361979     INFO  main            d.u.i.k.p.i.AbstractProblemLoader Creating init config 
364222     DEBUG main            d.u.i.k.p.i.AbstractProblemLoader Init config took 2.24s 
364236     INFO  main            d.u.i.k.p.i.AbstractProblemLoader Replaying proof methodCall1.key.proof 
364251     DEBUG main            d.u.i.k.p.i.IntermediateProofReplayer Proof replay took 12.71ms 
364252     DEBUG main            d.u.i.k.p.r.p.TestFile    ... success: reloaded. 
364253     INFO  main            d.u.i.k.p.r.p.TestFile    Now processing file /home/runner/work/key/key/key.core/../key.ui/examples/standard_key/java_dl/methodCall1box.key 
364253     INFO  main            d.u.i.k.p.i.AbstractProblemLoader Loading environment from /home/runner/work/key/key/key.core/../key.ui/examples/standard_key/java_dl/methodCall1box.key 
364254     DEBUG main            d.u.i.k.p.i.AbstractProblemLoader Environment load took 192.5ns 
364255     INFO  main            d.u.i.k.p.i.AbstractProblemLoader Creating init config 
366533     DEBUG main            d.u.i.k.p.i.AbstractProblemLoader Init config took 2.28s 
366547     INFO  main            d.u.i.k.p.i.AbstractProblemLoader Replaying proof methodCall1box.key 
366549     DEBUG main            d.u.i.k.p.i.IntermediateProofReplayer Proof replay took 8.6ns 
366650     INFO  main            d.u.i.k.p.r.p.TestFile    ... finished proof: closed. 
367042     INFO  main            d.u.i.k.p.i.AbstractProblemLoader Loading environment from /home/runner/work/key/key/key.core/../key.ui/examples/standard_key/java_dl/methodCall1box.key.proof 
367042     DEBUG main            d.u.i.k.p.i.AbstractProblemLoader Environment load took 92.8ns 
367043     INFO  main            d.u.i.k.p.i.AbstractProblemLoader Creating init config 
369279     DEBUG main            d.u.i.k.p.i.AbstractProblemLoader Init config took 2.24s 
369292     INFO  main            d.u.i.k.p.i.AbstractProblemLoader Replaying proof methodCall1box.key.proof 
369306     DEBUG main            d.u.i.k.p.i.IntermediateProofReplayer Proof replay took 12.25ms 
369307     DEBUG main            d.u.i.k.p.r.p.TestFile    ... success: reloaded. 
369308     INFO  main            d.u.i.k.p.r.p.TestFile    Now processing file /home/runner/work/key/key/key.core/../key.ui/examples/standard_key/java_dl/methodCall3.key 
369308     INFO  main            d.u.i.k.p.i.AbstractProblemLoader Loading environment from /home/runner/work/key/key/key.core/../key.ui/examples/standard_key/java_dl/methodCall3.key 
369308     DEBUG main            d.u.i.k.p.i.AbstractProblemLoader Environment load took 47.3ns 
369309     INFO  main            d.u.i.k.p.i.AbstractProblemLoader Creating init config 
371591     DEBUG main            d.u.i.k.p.i.AbstractProblemLoader Init config took 2.28s 
371605     INFO  main            d.u.i.k.p.i.AbstractProblemLoader Replaying proof methodCall3.key 
371607     DEBUG main            d.u.i.k.p.i.IntermediateProofReplayer Proof replay took 6.9ns 
371708     INFO  main            d.u.i.k.p.r.p.TestFile    ... finished proof: closed. 
372100     INFO  main            d.u.i.k.p.i.AbstractProblemLoader Loading environment from /home/runner/work/key/key/key.core/../key.ui/examples/standard_key/java_dl/methodCall3.key.proof 
372100     DEBUG main            d.u.i.k.p.i.AbstractProblemLoader Environment load took 91.5ns 
372101     INFO  main            d.u.i.k.p.i.AbstractProblemLoader Creating init config 
374345     DEBUG main            d.u.i.k.p.i.AbstractProblemLoader Init config took 2.24s 
374359     INFO  main            d.u.i.k.p.i.AbstractProblemLoader Replaying proof methodCall3.key.proof 
374368     DEBUG main            d.u.i.k.p.i.IntermediateProofReplayer Proof replay took 8.02ms 
374369     DEBUG main            d.u.i.k.p.r.p.TestFile    ... success: reloaded. 
374373     INFO  main            d.u.i.k.p.r.p.TestFile    Now processing file /home/runner/work/key/key/key.core/../key.ui/examples/standard_key/java_dl/polishFlagSort.key 
374375     INFO  main            d.u.i.k.p.i.AbstractProblemLoader Loading environment from /home/runner/work/key/key/key.core/../key.ui/examples/standard_key/java_dl/polishFlagSort.key 
374375     DEBUG main            d.u.i.k.p.i.AbstractProblemLoader Environment load took 198ns 
374377     INFO  main            d.u.i.k.p.i.AbstractProblemLoader Creating init config 
376684     DEBUG main            d.u.i.k.p.i.AbstractProblemLoader Init config took 2.31s 
376699     INFO  main            d.u.i.k.p.i.AbstractProblemLoader Replaying proof polishFlagSort.key 
376700     DEBUG main            d.u.i.k.p.i.IntermediateProofReplayer Proof replay took 6.9ns 
378808     INFO  main            d.u.i.k.p.r.p.TestFile    ... finished proof: closed. 
379252     INFO  main            d.u.i.k.p.i.AbstractProblemLoader Loading environment from /home/runner/work/key/key/key.core/../key.ui/examples/standard_key/java_dl/polishFlagSort.key.proof 
379253     DEBUG main            d.u.i.k.p.i.AbstractProblemLoader Environment load took 352.7ns 
379255     INFO  main            d.u.i.k.p.i.AbstractProblemLoader Creating init config 
381533     DEBUG main            d.u.i.k.p.i.AbstractProblemLoader Init config took 2.28s 
381549     INFO  main            d.u.i.k.p.i.AbstractProblemLoader Replaying proof polishFlagSort.key.proof 
381914     DEBUG main            d.u.i.k.p.i.IntermediateProofReplayer Proof replay took 353.35ms 
381916     DEBUG main            d.u.i.k.p.r.p.TestFile    ... success: reloaded. 
381917     INFO  main            d.u.i.k.p.r.p.TestFile    Now processing file /home/runner/work/key/key/key.core/../key.ui/examples/standard_key/java_dl/postConditionTaclets1.key 
381917     INFO  main            d.u.i.k.p.i.AbstractProblemLoader Loading environment from /home/runner/work/key/key/key.core/../key.ui/examples/standard_key/java_dl/postConditionTaclets1.key 
381917     DEBUG main            d.u.i.k.p.i.AbstractProblemLoader Environment load took 186.8ns 
381918     INFO  main            d.u.i.k.p.i.AbstractProblemLoader Creating init config 
384158     DEBUG main            d.u.i.k.p.i.AbstractProblemLoader Init config took 2.24s 
384172     INFO  main            d.u.i.k.p.i.AbstractProblemLoader Replaying proof postConditionTaclets1.key 
384174     DEBUG main            d.u.i.k.p.i.IntermediateProofReplayer Proof replay took 6.9ns 
384278     INFO  main            d.u.i.k.p.r.p.TestFile    ... finished proof: closed. 
384741     INFO  main            d.u.i.k.p.i.AbstractProblemLoader Loading environment from /home/runner/work/key/key/key.core/../key.ui/examples/standard_key/java_dl/postConditionTaclets1.key.proof 
384741     DEBUG main            d.u.i.k.p.i.AbstractProblemLoader Environment load took 194.5ns 
384742     INFO  main            d.u.i.k.p.i.AbstractProblemLoader Creating init config 
386933     DEBUG main            d.u.i.k.p.i.AbstractProblemLoader Init config took 2.19s 
386947     INFO  main            d.u.i.k.p.i.AbstractProblemLoader Replaying proof postConditionTaclets1.key.proof 
386949     DEBUG main            d.u.i.k.p.i.IntermediateProofReplayer Proof replay took 462.51ns 
386950     DEBUG main            d.u.i.k.p.r.p.TestFile    ... success: reloaded. 
386951     INFO  main            d.u.i.k.p.r.p.TestFile    Now processing file /home/runner/work/key/key/key.core/../key.ui/examples/standard_key/java_dl/postConditionTaclets2.key 
386951     INFO  main            d.u.i.k.p.i.AbstractProblemLoader Loading environment from /home/runner/work/key/key/key.core/../key.ui/examples/standard_key/java_dl/postConditionTaclets2.key 
386951     DEBUG main            d.u.i.k.p.i.AbstractProblemLoader Environment load took 177.4ns 
386952     INFO  main            d.u.i.k.p.i.AbstractProblemLoader Creating init config 
389181     DEBUG main            d.u.i.k.p.i.AbstractProblemLoader Init config took 2.23s 
389195     INFO  main            d.u.i.k.p.i.AbstractProblemLoader Replaying proof postConditionTaclets2.key 
389197     DEBUG main            d.u.i.k.p.i.IntermediateProofReplayer Proof replay took 6.9ns 
389298     INFO  main            d.u.i.k.p.r.p.TestFile    ... finished proof: closed. 
389705     INFO  main            d.u.i.k.p.i.AbstractProblemLoader Loading environment from /home/runner/work/key/key/key.core/../key.ui/examples/standard_key/java_dl/postConditionTaclets2.key.proof 
389705     DEBUG main            d.u.i.k.p.i.AbstractProblemLoader Environment load took 92.5ns 
389706     INFO  main            d.u.i.k.p.i.AbstractProblemLoader Creating init config 
391919     DEBUG main            d.u.i.k.p.i.AbstractProblemLoader Init config took 2.21s 
391933     INFO  main            d.u.i.k.p.i.AbstractProblemLoader Replaying proof postConditionTaclets2.key.proof 
391935     DEBUG main            d.u.i.k.p.i.IntermediateProofReplayer Proof replay took 607.11ns 
391936     DEBUG main            d.u.i.k.p.r.p.TestFile    ... success: reloaded. 
391937     INFO  main            d.u.i.k.p.r.p.TestFile    Now processing file /home/runner/work/key/key/key.core/../key.ui/examples/standard_key/java_dl/quantifiedQuery.key 
391937     INFO  main            d.u.i.k.p.i.AbstractProblemLoader Loading environment from /home/runner/work/key/key/key.core/../key.ui/examples/standard_key/java_dl/quantifiedQuery.key 
391937     DEBUG main            d.u.i.k.p.i.AbstractProblemLoader Environment load took 151.7ns 
391939     INFO  main            d.u.i.k.p.i.AbstractProblemLoader Creating init config 
394226     DEBUG main            d.u.i.k.p.i.AbstractProblemLoader Init config took 2.29s 
394240     INFO  main            d.u.i.k.p.i.AbstractProblemLoader Replaying proof quantifiedQuery.key 
394242     DEBUG main            d.u.i.k.p.i.IntermediateProofReplayer Proof replay took 7.2ns 
394344     INFO  main            d.u.i.k.p.r.p.TestFile    ... finished proof: closed. 
394763     INFO  main            d.u.i.k.p.i.AbstractProblemLoader Loading environment from /home/runner/work/key/key/key.core/../key.ui/examples/standard_key/java_dl/quantifiedQuery.key.proof 
394763     DEBUG main            d.u.i.k.p.i.AbstractProblemLoader Environment load took 85.8ns 
394764     INFO  main            d.u.i.k.p.i.AbstractProblemLoader Creating init config 
397011     DEBUG main            d.u.i.k.p.i.AbstractProblemLoader Init config took 2.25s 
397026     INFO  main            d.u.i.k.p.i.AbstractProblemLoader Replaying proof quantifiedQuery.key.proof 
397036     DEBUG main            d.u.i.k.p.i.IntermediateProofReplayer Proof replay took 9.06ms 
397037     DEBUG main            d.u.i.k.p.r.p.TestFile    ... success: reloaded. 
397038     INFO  main            d.u.i.k.p.r.p.TestFile    Now processing file /home/runner/work/key/key/key.core/../key.ui/examples/standard_key/java_dl/recursion/triangular.key 
397038     INFO  main            d.u.i.k.p.i.AbstractProblemLoader Loading environment from /home/runner/work/key/key/key.core/../key.ui/examples/standard_key/java_dl/recursion/triangular.key 
397038     DEBUG main            d.u.i.k.p.i.AbstractProblemLoader Environment load took 57.3ns 
397039     INFO  main            d.u.i.k.p.i.AbstractProblemLoader Creating init config 
399297     DEBUG main            d.u.i.k.p.i.AbstractProblemLoader Init config took 2.26s 
399346     INFO  main            d.u.i.k.p.i.AbstractProblemLoader Replaying proof Triangular[Triangular::tria(int)].JML normal_behavior operation contract.0 
399347     DEBUG main            d.u.i.k.p.i.IntermediateProofReplayer Proof replay took 7.1ns 
399549     INFO  main            d.u.i.k.p.r.p.TestFile    ... finished proof: closed. 
399977     INFO  main            d.u.i.k.p.i.AbstractProblemLoader Loading environment from /home/runner/work/key/key/key.core/../key.ui/examples/standard_key/java_dl/recursion/triangular.key.proof 
399977     DEBUG main            d.u.i.k.p.i.AbstractProblemLoader Environment load took 84.3ns 
399978     INFO  main            d.u.i.k.p.i.AbstractProblemLoader Creating init config 
402223     DEBUG main            d.u.i.k.p.i.AbstractProblemLoader Init config took 2.24s 
402256     INFO  main            d.u.i.k.p.i.AbstractProblemLoader Replaying proof Triangular[Triangular::tria(int)].JML normal_behavior operation contract.0 
402288     DEBUG main            d.u.i.k.p.i.IntermediateProofReplayer Proof replay took 29.41ms 
402288     DEBUG main            d.u.i.k.p.r.p.TestFile    ... success: reloaded. 
402289     INFO  main            d.u.i.k.p.r.p.TestFile    Now processing file /home/runner/work/key/key/key.core/../key.ui/examples/standard_key/java_dl/reverseArray.key 
402289     INFO  main            d.u.i.k.p.i.AbstractProblemLoader Loading environment from /home/runner/work/key/key/key.core/../key.ui/examples/standard_key/java_dl/reverseArray.key 
402289     DEBUG main            d.u.i.k.p.i.AbstractProblemLoader Environment load took 59.8ns 
402291     INFO  main            d.u.i.k.p.i.AbstractProblemLoader Creating init config 
402310     WARN  main            d.u.i.k.j.r.KeYCrossReferenceNameInfo Datatype java.io.InputStream declared twice: Once in FILE:/home/runner/work/key/key/key.core/../key.ui/examples/standard_key/java_dl/./classpath/InputStream.java and once in URL:file:/home/runner/work/key/key/key.core/build/resources/main/de/uka/ilkd/key/java/JavaRedux/java/io/InputStream.java, Keeping one from URL:file:/home/runner/work/key/key/key.core/build/resources/main/de/uka/ilkd/key/java/JavaRedux/java/io/InputStream.java 
402310     WARN  main            d.u.i.k.j.r.KeYCrossReferenceNameInfo Datatype java.lang.System declared twice: Once in FILE:/home/runner/work/key/key/key.core/../key.ui/examples/standard_key/java_dl/./classpath/System.java and once in URL:file:/home/runner/work/key/key/key.core/build/resources/main/de/uka/ilkd/key/java/JavaRedux/java/lang/System.java, Keeping one from URL:file:/home/runner/work/key/key/key.core/build/resources/main/de/uka/ilkd/key/java/JavaRedux/java/lang/System.java 
402310     WARN  main            d.u.i.k.j.r.KeYCrossReferenceNameInfo Datatype java.io.PrintStream declared twice: Once in FILE:/home/runner/work/key/key/key.core/../key.ui/examples/standard_key/java_dl/./classpath/PrintStream.java and once in URL:file:/home/runner/work/key/key/key.core/build/resources/main/de/uka/ilkd/key/java/JavaRedux/java/io/PrintStream.java, Keeping one from URL:file:/home/runner/work/key/key/key.core/build/resources/main/de/uka/ilkd/key/java/JavaRedux/java/io/PrintStream.java 
402313     DEBUG main            d.u.i.k.j.r.ClassFileDeclarationBuilder Parsing: package java.io; public class Closeable { } 
402313     DEBUG main            r.s.KeYCrossReferenceSourceInfo Dynamically created class: java.io.Closeable 
404674     DEBUG main            d.u.i.k.p.i.AbstractProblemLoader Init config took 2.38s 
404689     INFO  main            d.u.i.k.p.i.AbstractProblemLoader Replaying proof reverseArray.key 
404691     DEBUG main            d.u.i.k.p.i.IntermediateProofReplayer Proof replay took 7.6ns 
409016     INFO  main            d.u.i.k.p.r.p.TestFile    ... finished proof: closed. 
409486     INFO  main            d.u.i.k.p.i.AbstractProblemLoader Loading environment from /home/runner/work/key/key/key.core/../key.ui/examples/standard_key/java_dl/reverseArray.key.proof 
409486     DEBUG main            d.u.i.k.p.i.AbstractProblemLoader Environment load took 314.7ns 
409488     INFO  main            d.u.i.k.p.i.AbstractProblemLoader Creating init config 
409513     WARN  main            d.u.i.k.j.r.KeYCrossReferenceNameInfo Datatype java.io.InputStream declared twice: Once in FILE:/home/runner/work/key/key/key.core/../key.ui/examples/standard_key/java_dl/classpath/InputStream.java and once in URL:file:/home/runner/work/key/key/key.core/build/resources/main/de/uka/ilkd/key/java/JavaRedux/java/io/InputStream.java, Keeping one from URL:file:/home/runner/work/key/key/key.core/build/resources/main/de/uka/ilkd/key/java/JavaRedux/java/io/InputStream.java 
409513     WARN  main            d.u.i.k.j.r.KeYCrossReferenceNameInfo Datatype java.lang.System declared twice: Once in FILE:/home/runner/work/key/key/key.core/../key.ui/examples/standard_key/java_dl/classpath/System.java and once in URL:file:/home/runner/work/key/key/key.core/build/resources/main/de/uka/ilkd/key/java/JavaRedux/java/lang/System.java, Keeping one from URL:file:/home/runner/work/key/key/key.core/build/resources/main/de/uka/ilkd/key/java/JavaRedux/java/lang/System.java 
409513     WARN  main            d.u.i.k.j.r.KeYCrossReferenceNameInfo Datatype java.io.PrintStream declared twice: Once in FILE:/home/runner/work/key/key/key.core/../key.ui/examples/standard_key/java_dl/classpath/PrintStream.java and once in URL:file:/home/runner/work/key/key/key.core/build/resources/main/de/uka/ilkd/key/java/JavaRedux/java/io/PrintStream.java, Keeping one from URL:file:/home/runner/work/key/key/key.core/build/resources/main/de/uka/ilkd/key/java/JavaRedux/java/io/PrintStream.java 
409516     DEBUG main            d.u.i.k.j.r.ClassFileDeclarationBuilder Parsing: package java.io; public class Closeable { } 
409516     DEBUG main            r.s.KeYCrossReferenceSourceInfo Dynamically created class: java.io.Closeable 
411789     DEBUG main            d.u.i.k.p.i.AbstractProblemLoader Init config took 2.3s 
411808     INFO  main            d.u.i.k.p.i.AbstractProblemLoader Replaying proof reverseArray.key.proof 
412457     DEBUG main            d.u.i.k.p.i.IntermediateProofReplayer Proof replay took 637.16ms 
412466     DEBUG main            d.u.i.k.p.r.p.TestFile    ... success: reloaded. 
412467     INFO  main            d.u.i.k.p.r.p.TestFile    Now processing file /home/runner/work/key/key/key.core/../key.ui/examples/standard_key/java_dl/reverseArray2.key 
412468     INFO  main            d.u.i.k.p.i.AbstractProblemLoader Loading environment from /home/runner/work/key/key/key.core/../key.ui/examples/standard_key/java_dl/reverseArray2.key 
412468     DEBUG main            d.u.i.k.p.i.AbstractProblemLoader Environment load took 46.2ns 
412470     INFO  main            d.u.i.k.p.i.AbstractProblemLoader Creating init config 
412489     WARN  main            d.u.i.k.j.r.KeYCrossReferenceNameInfo Datatype java.io.InputStream declared twice: Once in FILE:/home/runner/work/key/key/key.core/../key.ui/examples/standard_key/java_dl/classpath/InputStream.java and once in URL:file:/home/runner/work/key/key/key.core/build/resources/main/de/uka/ilkd/key/java/JavaRedux/java/io/InputStream.java, Keeping one from URL:file:/home/runner/work/key/key/key.core/build/resources/main/de/uka/ilkd/key/java/JavaRedux/java/io/InputStream.java 
412489     WARN  main            d.u.i.k.j.r.KeYCrossReferenceNameInfo Datatype java.lang.System declared twice: Once in FILE:/home/runner/work/key/key/key.core/../key.ui/examples/standard_key/java_dl/classpath/System.java and once in URL:file:/home/runner/work/key/key/key.core/build/resources/main/de/uka/ilkd/key/java/JavaRedux/java/lang/System.java, Keeping one from URL:file:/home/runner/work/key/key/key.core/build/resources/main/de/uka/ilkd/key/java/JavaRedux/java/lang/System.java 
412489     WARN  main            d.u.i.k.j.r.KeYCrossReferenceNameInfo Datatype java.io.PrintStream declared twice: Once in FILE:/home/runner/work/key/key/key.core/../key.ui/examples/standard_key/java_dl/classpath/PrintStream.java and once in URL:file:/home/runner/work/key/key/key.core/build/resources/main/de/uka/ilkd/key/java/JavaRedux/java/io/PrintStream.java, Keeping one from URL:file:/home/runner/work/key/key/key.core/build/resources/main/de/uka/ilkd/key/java/JavaRedux/java/io/PrintStream.java 
412492     DEBUG main            d.u.i.k.j.r.ClassFileDeclarationBuilder Parsing: package java.io; public class Closeable { } 
412492     DEBUG main            r.s.KeYCrossReferenceSourceInfo Dynamically created class: java.io.Closeable 
414959     DEBUG main            d.u.i.k.p.i.AbstractProblemLoader Init config took 2.49s 
414974     INFO  main            d.u.i.k.p.i.AbstractProblemLoader Replaying proof reverseArray2.key 
414976     DEBUG main            d.u.i.k.p.i.IntermediateProofReplayer Proof replay took 32.3ns 
416381     INFO  main            d.u.i.k.p.r.p.TestFile    ... finished proof: closed. 
416915     INFO  main            d.u.i.k.p.i.AbstractProblemLoader Loading environment from /home/runner/work/key/key/key.core/../key.ui/examples/standard_key/java_dl/reverseArray2.key.proof 
416915     DEBUG main            d.u.i.k.p.i.AbstractProblemLoader Environment load took 87.8ns 
416917     INFO  main            d.u.i.k.p.i.AbstractProblemLoader Creating init config 
416939     WARN  main            d.u.i.k.j.r.KeYCrossReferenceNameInfo Datatype java.io.InputStream declared twice: Once in FILE:/home/runner/work/key/key/key.core/../key.ui/examples/standard_key/java_dl/classpath/InputStream.java and once in URL:file:/home/runner/work/key/key/key.core/build/resources/main/de/uka/ilkd/key/java/JavaRedux/java/io/InputStream.java, Keeping one from URL:file:/home/runner/work/key/key/key.core/build/resources/main/de/uka/ilkd/key/java/JavaRedux/java/io/InputStream.java 
416939     WARN  main            d.u.i.k.j.r.KeYCrossReferenceNameInfo Datatype java.lang.System declared twice: Once in FILE:/home/runner/work/key/key/key.core/../key.ui/examples/standard_key/java_dl/classpath/System.java and once in URL:file:/home/runner/work/key/key/key.core/build/resources/main/de/uka/ilkd/key/java/JavaRedux/java/lang/System.java, Keeping one from URL:file:/home/runner/work/key/key/key.core/build/resources/main/de/uka/ilkd/key/java/JavaRedux/java/lang/System.java 
416939     WARN  main            d.u.i.k.j.r.KeYCrossReferenceNameInfo Datatype java.io.PrintStream declared twice: Once in FILE:/home/runner/work/key/key/key.core/../key.ui/examples/standard_key/java_dl/classpath/PrintStream.java and once in URL:file:/home/runner/work/key/key/key.core/build/resources/main/de/uka/ilkd/key/java/JavaRedux/java/io/PrintStream.java, Keeping one from URL:file:/home/runner/work/key/key/key.core/build/resources/main/de/uka/ilkd/key/java/JavaRedux/java/io/PrintStream.java 
416942     DEBUG main            d.u.i.k.j.r.ClassFileDeclarationBuilder Parsing: package java.io; public class Closeable { } 
416942     DEBUG main            r.s.KeYCrossReferenceSourceInfo Dynamically created class: java.io.Closeable 
419215     DEBUG main            d.u.i.k.p.i.AbstractProblemLoader Init config took 2.3s 
419231     INFO  main            d.u.i.k.p.i.AbstractProblemLoader Replaying proof reverseArray2.key.proof 
419449     DEBUG main            d.u.i.k.p.i.IntermediateProofReplayer Proof replay took 212.66ms 
419450     DEBUG main            d.u.i.k.p.r.p.TestFile    ... success: reloaded. 
419451     INFO  main            d.u.i.k.p.r.p.TestFile    Now processing file /home/runner/work/key/key/key.core/../key.ui/examples/standard_key/java_dl/simpleAssignment.key 
419452     INFO  main            d.u.i.k.p.i.AbstractProblemLoader Loading environment from /home/runner/work/key/key/key.core/../key.ui/examples/standard_key/java_dl/simpleAssignment.key 
419452     DEBUG main            d.u.i.k.p.i.AbstractProblemLoader Environment load took 160.9ns 
419453     INFO  main            d.u.i.k.p.i.AbstractProblemLoader Creating init config 
421691     DEBUG main            d.u.i.k.p.i.AbstractProblemLoader Init config took 2.24s 
421705     INFO  main            d.u.i.k.p.i.AbstractProblemLoader Replaying proof simpleAssignment.key 
421706     DEBUG main            d.u.i.k.p.i.IntermediateProofReplayer Proof replay took 2.6ns 
421808     INFO  main            d.u.i.k.p.r.p.TestFile    ... finished proof: closed. 
422301     INFO  main            d.u.i.k.p.i.AbstractProblemLoader Loading environment from /home/runner/work/key/key/key.core/../key.ui/examples/standard_key/java_dl/simpleAssignment.key.proof 
422301     DEBUG main            d.u.i.k.p.i.AbstractProblemLoader Environment load took 79.9ns 
422302     INFO  main            d.u.i.k.p.i.AbstractProblemLoader Creating init config 
424484     DEBUG main            d.u.i.k.p.i.AbstractProblemLoader Init config took 2.18s 
424507     INFO  main            d.u.i.k.p.i.AbstractProblemLoader Replaying proof simpleAssignment.key.proof 
424510     DEBUG main            d.u.i.k.p.i.IntermediateProofReplayer Proof replay took 673.31ns 
424510     DEBUG main            d.u.i.k.p.r.p.TestFile    ... success: reloaded. 
424510     INFO  main            d.u.i.k.p.r.p.TestFile    Now processing file /home/runner/work/key/key/key.core/../key.ui/examples/standard_key/java_dl/simpleAssignment2.key 
424511     INFO  main            d.u.i.k.p.i.AbstractProblemLoader Loading environment from /home/runner/work/key/key/key.core/../key.ui/examples/standard_key/java_dl/simpleAssignment2.key 
424511     DEBUG main            d.u.i.k.p.i.AbstractProblemLoader Environment load took 45.9ns 
424511     INFO  main            d.u.i.k.p.i.AbstractProblemLoader Creating init config 
426733     DEBUG main            d.u.i.k.p.i.AbstractProblemLoader Init config took 2.22s 
426747     INFO  main            d.u.i.k.p.i.AbstractProblemLoader Replaying proof simpleAssignment2.key 
426748     DEBUG main            d.u.i.k.p.i.IntermediateProofReplayer Proof replay took 2.7ns 
426854     INFO  main            d.u.i.k.p.r.p.TestFile    ... finished proof: closed. 
427305     INFO  main            d.u.i.k.p.i.AbstractProblemLoader Loading environment from /home/runner/work/key/key/key.core/../key.ui/examples/standard_key/java_dl/simpleAssignment2.key.proof 
427306     DEBUG main            d.u.i.k.p.i.AbstractProblemLoader Environment load took 92.1ns 
427306     INFO  main            d.u.i.k.p.i.AbstractProblemLoader Creating init config 
429494     DEBUG main            d.u.i.k.p.i.AbstractProblemLoader Init config took 2.19s 
429507     INFO  main            d.u.i.k.p.i.AbstractProblemLoader Replaying proof simpleAssignment2.key.proof 
429509     DEBUG main            d.u.i.k.p.i.IntermediateProofReplayer Proof replay took 384.9ns 
429510     DEBUG main            d.u.i.k.p.r.p.TestFile    ... success: reloaded. 
429510     INFO  main            d.u.i.k.p.r.p.TestFile    Now processing file /home/runner/work/key/key/key.core/../key.ui/examples/standard_key/java_dl/splittingWithQueries.key 
429510     INFO  main            d.u.i.k.p.i.AbstractProblemLoader Loading environment from /home/runner/work/key/key/key.core/../key.ui/examples/standard_key/java_dl/splittingWithQueries.key 
429510     DEBUG main            d.u.i.k.p.i.AbstractProblemLoader Environment load took 56.9ns 
429511     INFO  main            d.u.i.k.p.i.AbstractProblemLoader Creating init config 
431800     DEBUG main            d.u.i.k.p.i.AbstractProblemLoader Init config took 2.29s 
431813     INFO  main            d.u.i.k.p.i.AbstractProblemLoader Replaying proof splittingWithQueries.key 
431814     DEBUG main            d.u.i.k.p.i.IntermediateProofReplayer Proof replay took 2.8ns 
431916     INFO  main            d.u.i.k.p.r.p.TestFile    ... finished proof: closed. 
432378     INFO  main            d.u.i.k.p.i.AbstractProblemLoader Loading environment from /home/runner/work/key/key/key.core/../key.ui/examples/standard_key/java_dl/splittingWithQueries.key.proof 
432378     DEBUG main            d.u.i.k.p.i.AbstractProblemLoader Environment load took 87.1ns 
432379     INFO  main            d.u.i.k.p.i.AbstractProblemLoader Creating init config 
434627     DEBUG main            d.u.i.k.p.i.AbstractProblemLoader Init config took 2.25s 
434640     INFO  main            d.u.i.k.p.i.AbstractProblemLoader Replaying proof splittingWithQueries.key.proof 
434643     DEBUG main            d.u.i.k.p.i.IntermediateProofReplayer Proof replay took 1.63ms 
434644     DEBUG main            d.u.i.k.p.r.p.TestFile    ... success: reloaded. 
434645     INFO  main            d.u.i.k.p.r.p.TestFile    Now processing file /home/runner/work/key/key/key.core/../key.ui/examples/standard_key/java_dl/strassen/strassen.key 
434645     INFO  main            d.u.i.k.p.i.AbstractProblemLoader Loading environment from /home/runner/work/key/key/key.core/../key.ui/examples/standard_key/java_dl/strassen/strassen.key 
434645     DEBUG main            d.u.i.k.p.i.AbstractProblemLoader Environment load took 49.9ns 
434646     INFO  main            d.u.i.k.p.i.AbstractProblemLoader Creating init config 
437004     DEBUG main            d.u.i.k.p.i.AbstractProblemLoader Init config took 2.36s 
437038     INFO  main            d.u.i.k.p.i.AbstractProblemLoader Replaying proof Matrix22[Matrix22::strassen(Matrix22,Matrix22)].JML normal_behavior operation contract.0 
437039     DEBUG main            d.u.i.k.p.i.IntermediateProofReplayer Proof replay took 2.8ns 
442166     INFO  main            d.u.i.k.p.r.p.TestFile    ... finished proof: closed. 
442765     INFO  main            d.u.i.k.p.i.AbstractProblemLoader Loading environment from /home/runner/work/key/key/key.core/../key.ui/examples/standard_key/java_dl/strassen/strassen.key.proof 
442766     DEBUG main            d.u.i.k.p.i.AbstractProblemLoader Environment load took 309.9ns 
442767     INFO  main            d.u.i.k.p.i.AbstractProblemLoader Creating init config 
445090     DEBUG main            d.u.i.k.p.i.AbstractProblemLoader Init config took 2.32s 
445125     INFO  main            d.u.i.k.p.i.AbstractProblemLoader Replaying proof Matrix22[Matrix22::strassen(Matrix22,Matrix22)].JML normal_behavior operation contract.0 
445854     DEBUG main            d.u.i.k.p.i.IntermediateProofReplayer Proof replay took 719.24ms 
445855     DEBUG main            d.u.i.k.p.r.p.TestFile    ... success: reloaded. 
445856     INFO  main            d.u.i.k.p.r.p.TestFile    Now processing file /home/runner/work/key/key/key.core/../key.ui/examples/standard_key/java_dl/symmArray.key 
445856     INFO  main            d.u.i.k.p.i.AbstractProblemLoader Loading environment from /home/runner/work/key/key/key.core/../key.ui/examples/standard_key/java_dl/symmArray.key 
445856     DEBUG main            d.u.i.k.p.i.AbstractProblemLoader Environment load took 57.2ns 
445859     INFO  main            d.u.i.k.p.i.AbstractProblemLoader Creating init config 
448245     DEBUG main            d.u.i.k.p.i.AbstractProblemLoader Init config took 2.39s 
448261     INFO  main            d.u.i.k.p.i.AbstractProblemLoader Replaying proof symmArray.key 
448262     DEBUG main            d.u.i.k.p.i.IntermediateProofReplayer Proof replay took 2.7ns 
545882     INFO  main            d.u.i.k.p.r.p.TestFile    ... finished proof: closed. 
546459     INFO  main            d.u.i.k.p.i.AbstractProblemLoader Loading environment from /home/runner/work/key/key/key.core/../key.ui/examples/standard_key/java_dl/symmArray.key.proof 
546460     DEBUG main            d.u.i.k.p.i.AbstractProblemLoader Environment load took 339.51ns 
546466     INFO  main            d.u.i.k.p.i.AbstractProblemLoader Creating init config 
548756     DEBUG main            d.u.i.k.p.i.AbstractProblemLoader Init config took 2.29s 
548773     INFO  main            d.u.i.k.p.i.AbstractProblemLoader Replaying proof symmArray.key.proof 
549837     DEBUG main            d.u.i.k.p.i.IntermediateProofReplayer Proof replay took 1.01s 
549843     DEBUG main            d.u.i.k.p.r.p.TestFile    ... success: reloaded. 
549844     INFO  main            d.u.i.k.p.r.p.TestFile    Now processing file /home/runner/work/key/key/key.core/../key.ui/examples/standard_key/java_dl/testcontext.key 
549844     INFO  main            d.u.i.k.p.i.AbstractProblemLoader Loading environment from /home/runner/work/key/key/key.core/../key.ui/examples/standard_key/java_dl/testcontext.key 
549844     DEBUG main            d.u.i.k.p.i.AbstractProblemLoader Environment load took 153.6ns 
549845     INFO  main            d.u.i.k.p.i.AbstractProblemLoader Creating init config 
549864     WARN  main            d.u.i.k.j.r.KeYCrossReferenceNameInfo Datatype java.io.InputStream declared twice: Once in FILE:/home/runner/work/key/key/key.core/../key.ui/examples/standard_key/java_dl/classpath/InputStream.java and once in URL:file:/home/runner/work/key/key/key.core/build/resources/main/de/uka/ilkd/key/java/JavaRedux/java/io/InputStream.java, Keeping one from URL:file:/home/runner/work/key/key/key.core/build/resources/main/de/uka/ilkd/key/java/JavaRedux/java/io/InputStream.java 
549864     WARN  main            d.u.i.k.j.r.KeYCrossReferenceNameInfo Datatype java.lang.System declared twice: Once in FILE:/home/runner/work/key/key/key.core/../key.ui/examples/standard_key/java_dl/classpath/System.java and once in URL:file:/home/runner/work/key/key/key.core/build/resources/main/de/uka/ilkd/key/java/JavaRedux/java/lang/System.java, Keeping one from URL:file:/home/runner/work/key/key/key.core/build/resources/main/de/uka/ilkd/key/java/JavaRedux/java/lang/System.java 
549865     WARN  main            d.u.i.k.j.r.KeYCrossReferenceNameInfo Datatype java.io.PrintStream declared twice: Once in FILE:/home/runner/work/key/key/key.core/../key.ui/examples/standard_key/java_dl/classpath/PrintStream.java and once in URL:file:/home/runner/work/key/key/key.core/build/resources/main/de/uka/ilkd/key/java/JavaRedux/java/io/PrintStream.java, Keeping one from URL:file:/home/runner/work/key/key/key.core/build/resources/main/de/uka/ilkd/key/java/JavaRedux/java/io/PrintStream.java 
549867     DEBUG main            d.u.i.k.j.r.ClassFileDeclarationBuilder Parsing: package java.io; public class Closeable { } 
549868     DEBUG main            r.s.KeYCrossReferenceSourceInfo Dynamically created class: java.io.Closeable 
552209     DEBUG main            d.u.i.k.p.i.AbstractProblemLoader Init config took 2.36s 
552223     INFO  main            d.u.i.k.p.i.AbstractProblemLoader Replaying proof testcontext.key 
552225     DEBUG main            d.u.i.k.p.i.IntermediateProofReplayer Proof replay took 2.7ns 
552527     INFO  main            d.u.i.k.p.r.p.TestFile    ... finished proof: closed. 
553124     INFO  main            d.u.i.k.p.i.AbstractProblemLoader Loading environment from /home/runner/work/key/key/key.core/../key.ui/examples/standard_key/java_dl/testcontext.key.proof 
553124     DEBUG main            d.u.i.k.p.i.AbstractProblemLoader Environment load took 89.2ns 
553125     INFO  main            d.u.i.k.p.i.AbstractProblemLoader Creating init config 
553145     WARN  main            d.u.i.k.j.r.KeYCrossReferenceNameInfo Datatype java.io.InputStream declared twice: Once in FILE:/home/runner/work/key/key/key.core/../key.ui/examples/standard_key/java_dl/classpath/InputStream.java and once in URL:file:/home/runner/work/key/key/key.core/build/resources/main/de/uka/ilkd/key/java/JavaRedux/java/io/InputStream.java, Keeping one from URL:file:/home/runner/work/key/key/key.core/build/resources/main/de/uka/ilkd/key/java/JavaRedux/java/io/InputStream.java 
553145     WARN  main            d.u.i.k.j.r.KeYCrossReferenceNameInfo Datatype java.lang.System declared twice: Once in FILE:/home/runner/work/key/key/key.core/../key.ui/examples/standard_key/java_dl/classpath/System.java and once in URL:file:/home/runner/work/key/key/key.core/build/resources/main/de/uka/ilkd/key/java/JavaRedux/java/lang/System.java, Keeping one from URL:file:/home/runner/work/key/key/key.core/build/resources/main/de/uka/ilkd/key/java/JavaRedux/java/lang/System.java 
553145     WARN  main            d.u.i.k.j.r.KeYCrossReferenceNameInfo Datatype java.io.PrintStream declared twice: Once in FILE:/home/runner/work/key/key/key.core/../key.ui/examples/standard_key/java_dl/classpath/PrintStream.java and once in URL:file:/home/runner/work/key/key/key.core/build/resources/main/de/uka/ilkd/key/java/JavaRedux/java/io/PrintStream.java, Keeping one from URL:file:/home/runner/work/key/key/key.core/build/resources/main/de/uka/ilkd/key/java/JavaRedux/java/io/PrintStream.java 
553148     DEBUG main            d.u.i.k.j.r.ClassFileDeclarationBuilder Parsing: package java.io; public class Closeable { } 
553149     DEBUG main            r.s.KeYCrossReferenceSourceInfo Dynamically created class: java.io.Closeable 
555355     DEBUG main            d.u.i.k.p.i.AbstractProblemLoader Init config took 2.23s 
555369     INFO  main            d.u.i.k.p.i.AbstractProblemLoader Replaying proof testcontext.key.proof 
555423     DEBUG main            d.u.i.k.p.i.IntermediateProofReplayer Proof replay took 51.1ms 
555424     DEBUG main            d.u.i.k.p.r.p.TestFile    ... success: reloaded. 
555424     INFO  main            d.u.i.k.p.r.p.TestFile    Now processing file /home/runner/work/key/key/key.core/../key.ui/examples/standard_key/staticInitialisation/cascadeStaticInitialisation.key 
555425     INFO  main            d.u.i.k.p.i.AbstractProblemLoader Loading environment from /home/runner/work/key/key/key.core/../key.ui/examples/standard_key/staticInitialisation/cascadeStaticInitialisation.key 
555425     DEBUG main            d.u.i.k.p.i.AbstractProblemLoader Environment load took 67.6ns 
555427     INFO  main            d.u.i.k.p.i.AbstractProblemLoader Creating init config 
555445     WARN  main            d.u.i.k.j.r.KeYCrossReferenceNameInfo Datatype java.lang.System declared twice: Once in FILE:/home/runner/work/key/key/key.core/../key.ui/examples/standard_key/staticInitialisation/classpath/System.java and once in URL:file:/home/runner/work/key/key/key.core/build/resources/main/de/uka/ilkd/key/java/JavaRedux/java/lang/System.java, Keeping one from URL:file:/home/runner/work/key/key/key.core/build/resources/main/de/uka/ilkd/key/java/JavaRedux/java/lang/System.java 
555445     WARN  main            d.u.i.k.j.r.KeYCrossReferenceNameInfo Datatype java.io.PrintStream declared twice: Once in FILE:/home/runner/work/key/key/key.core/../key.ui/examples/standard_key/staticInitialisation/classpath/PrintStream.java and once in URL:file:/home/runner/work/key/key/key.core/build/resources/main/de/uka/ilkd/key/java/JavaRedux/java/io/PrintStream.java, Keeping one from URL:file:/home/runner/work/key/key/key.core/build/resources/main/de/uka/ilkd/key/java/JavaRedux/java/io/PrintStream.java 
557705     DEBUG main            d.u.i.k.p.i.AbstractProblemLoader Init config took 2.28s 
557720     INFO  main            d.u.i.k.p.i.AbstractProblemLoader Replaying proof cascadeStaticInitialisation.key 
557721     DEBUG main            d.u.i.k.p.i.IntermediateProofReplayer Proof replay took 3.1ns 
558425     INFO  main            d.u.i.k.p.r.p.TestFile    ... finished proof: closed. 
558965     INFO  main            d.u.i.k.p.i.AbstractProblemLoader Loading environment from /home/runner/work/key/key/key.core/../key.ui/examples/standard_key/staticInitialisation/cascadeStaticInitialisation.key.proof 
558966     DEBUG main            d.u.i.k.p.i.AbstractProblemLoader Environment load took 87ns 
558967     INFO  main            d.u.i.k.p.i.AbstractProblemLoader Creating init config 
558987     WARN  main            d.u.i.k.j.r.KeYCrossReferenceNameInfo Datatype java.lang.System declared twice: Once in FILE:/home/runner/work/key/key/key.core/../key.ui/examples/standard_key/staticInitialisation/classpath/System.java and once in URL:file:/home/runner/work/key/key/key.core/build/resources/main/de/uka/ilkd/key/java/JavaRedux/java/lang/System.java, Keeping one from URL:file:/home/runner/work/key/key/key.core/build/resources/main/de/uka/ilkd/key/java/JavaRedux/java/lang/System.java 
558987     WARN  main            d.u.i.k.j.r.KeYCrossReferenceNameInfo Datatype java.io.PrintStream declared twice: Once in FILE:/home/runner/work/key/key/key.core/../key.ui/examples/standard_key/staticInitialisation/classpath/PrintStream.java and once in URL:file:/home/runner/work/key/key/key.core/build/resources/main/de/uka/ilkd/key/java/JavaRedux/java/io/PrintStream.java, Keeping one from URL:file:/home/runner/work/key/key/key.core/build/resources/main/de/uka/ilkd/key/java/JavaRedux/java/io/PrintStream.java 
561195     DEBUG main            d.u.i.k.p.i.AbstractProblemLoader Init config took 2.23s 
561209     INFO  main            d.u.i.k.p.i.AbstractProblemLoader Replaying proof cascadeStaticInitialisation.key.proof 
561349     DEBUG main            d.u.i.k.p.i.IntermediateProofReplayer Proof replay took 137.02ms 
561350     DEBUG main            d.u.i.k.p.r.p.TestFile    ... success: reloaded. 
561351     INFO  main            d.u.i.k.p.r.p.TestFile    Now processing file /home/runner/work/key/key/key.core/../key.ui/examples/standard_key/staticInitialisation/erroneousClassImpliesErroneousSubclass.key 
561351     INFO  main            d.u.i.k.p.i.AbstractProblemLoader Loading environment from /home/runner/work/key/key/key.core/../key.ui/examples/standard_key/staticInitialisation/erroneousClassImpliesErroneousSubclass.key 
561351     DEBUG main            d.u.i.k.p.i.AbstractProblemLoader Environment load took 45.6ns 
561352     INFO  main            d.u.i.k.p.i.AbstractProblemLoader Creating init config 
561370     WARN  main            d.u.i.k.j.r.KeYCrossReferenceNameInfo Datatype java.lang.System declared twice: Once in FILE:/home/runner/work/key/key/key.core/../key.ui/examples/standard_key/staticInitialisation/classpath/System.java and once in URL:file:/home/runner/work/key/key/key.core/build/resources/main/de/uka/ilkd/key/java/JavaRedux/java/lang/System.java, Keeping one from URL:file:/home/runner/work/key/key/key.core/build/resources/main/de/uka/ilkd/key/java/JavaRedux/java/lang/System.java 
561370     WARN  main            d.u.i.k.j.r.KeYCrossReferenceNameInfo Datatype java.io.PrintStream declared twice: Once in FILE:/home/runner/work/key/key/key.core/../key.ui/examples/standard_key/staticInitialisation/classpath/PrintStream.java and once in URL:file:/home/runner/work/key/key/key.core/build/resources/main/de/uka/ilkd/key/java/JavaRedux/java/io/PrintStream.java, Keeping one from URL:file:/home/runner/work/key/key/key.core/build/resources/main/de/uka/ilkd/key/java/JavaRedux/java/io/PrintStream.java 
563699     DEBUG main            d.u.i.k.p.i.AbstractProblemLoader Init config took 2.35s 
563712     INFO  main            d.u.i.k.p.i.AbstractProblemLoader Replaying proof erroneousClassImpliesErroneousSubclass.key 
563713     DEBUG main            d.u.i.k.p.i.IntermediateProofReplayer Proof replay took 3.4ns 
563815     INFO  main            d.u.i.k.p.r.p.TestFile    ... finished proof: closed. 
564337     INFO  main            d.u.i.k.p.i.AbstractProblemLoader Loading environment from /home/runner/work/key/key/key.core/../key.ui/examples/standard_key/staticInitialisation/erroneousClassImpliesErroneousSubclass.key.proof 
564337     DEBUG main            d.u.i.k.p.i.AbstractProblemLoader Environment load took 83.6ns 
564338     INFO  main            d.u.i.k.p.i.AbstractProblemLoader Creating init config 
564359     WARN  main            d.u.i.k.j.r.KeYCrossReferenceNameInfo Datatype java.lang.System declared twice: Once in FILE:/home/runner/work/key/key/key.core/../key.ui/examples/standard_key/staticInitialisation/classpath/System.java and once in URL:file:/home/runner/work/key/key/key.core/build/resources/main/de/uka/ilkd/key/java/JavaRedux/java/lang/System.java, Keeping one from URL:file:/home/runner/work/key/key/key.core/build/resources/main/de/uka/ilkd/key/java/JavaRedux/java/lang/System.java 
564359     WARN  main            d.u.i.k.j.r.KeYCrossReferenceNameInfo Datatype java.io.PrintStream declared twice: Once in FILE:/home/runner/work/key/key/key.core/../key.ui/examples/standard_key/staticInitialisation/classpath/PrintStream.java and once in URL:file:/home/runner/work/key/key/key.core/build/resources/main/de/uka/ilkd/key/java/JavaRedux/java/io/PrintStream.java, Keeping one from URL:file:/home/runner/work/key/key/key.core/build/resources/main/de/uka/ilkd/key/java/JavaRedux/java/io/PrintStream.java 
566567     DEBUG main            d.u.i.k.p.i.AbstractProblemLoader Init config took 2.23s 
566580     INFO  main            d.u.i.k.p.i.AbstractProblemLoader Replaying proof erroneousClassImpliesErroneousSubclass.key.proof 
566582     DEBUG main            d.u.i.k.p.i.IntermediateProofReplayer Proof replay took 461.11ns 
566583     DEBUG main            d.u.i.k.p.r.p.TestFile    ... success: reloaded. 
566583     INFO  main            d.u.i.k.p.r.p.TestFile    Now processing file /home/runner/work/key/key/key.core/../key.ui/examples/standard_key/staticInitialisation/initializedSubclassImpliesInitializedSuperclass.key 
566583     INFO  main            d.u.i.k.p.i.AbstractProblemLoader Loading environment from /home/runner/work/key/key/key.core/../key.ui/examples/standard_key/staticInitialisation/initializedSubclassImpliesInitializedSuperclass.key 
566584     DEBUG main            d.u.i.k.p.i.AbstractProblemLoader Environment load took 55.6ns 
566584     INFO  main            d.u.i.k.p.i.AbstractProblemLoader Creating init config 
566602     WARN  main            d.u.i.k.j.r.KeYCrossReferenceNameInfo Datatype java.lang.System declared twice: Once in FILE:/home/runner/work/key/key/key.core/../key.ui/examples/standard_key/staticInitialisation/classpath/System.java and once in URL:file:/home/runner/work/key/key/key.core/build/resources/main/de/uka/ilkd/key/java/JavaRedux/java/lang/System.java, Keeping one from URL:file:/home/runner/work/key/key/key.core/build/resources/main/de/uka/ilkd/key/java/JavaRedux/java/lang/System.java 
566602     WARN  main            d.u.i.k.j.r.KeYCrossReferenceNameInfo Datatype java.io.PrintStream declared twice: Once in FILE:/home/runner/work/key/key/key.core/../key.ui/examples/standard_key/staticInitialisation/classpath/PrintStream.java and once in URL:file:/home/runner/work/key/key/key.core/build/resources/main/de/uka/ilkd/key/java/JavaRedux/java/io/PrintStream.java, Keeping one from URL:file:/home/runner/work/key/key/key.core/build/resources/main/de/uka/ilkd/key/java/JavaRedux/java/io/PrintStream.java 
568831     DEBUG main            d.u.i.k.p.i.AbstractProblemLoader Init config took 2.25s 
568844     INFO  main            d.u.i.k.p.i.AbstractProblemLoader Replaying proof initializedSubclassImpliesInitializedSuperclass.key 
568845     DEBUG main            d.u.i.k.p.i.IntermediateProofReplayer Proof replay took 2.5ns 
568946     INFO  main            d.u.i.k.p.r.p.TestFile    ... finished proof: closed. 
569443     INFO  main            d.u.i.k.p.i.AbstractProblemLoader Loading environment from /home/runner/work/key/key/key.core/../key.ui/examples/standard_key/staticInitialisation/initializedSubclassImpliesInitializedSuperclass.key.proof 
569443     DEBUG main            d.u.i.k.p.i.AbstractProblemLoader Environment load took 86.4ns 
569444     INFO  main            d.u.i.k.p.i.AbstractProblemLoader Creating init config 
569462     WARN  main            d.u.i.k.j.r.KeYCrossReferenceNameInfo Datatype java.lang.System declared twice: Once in FILE:/home/runner/work/key/key/key.core/../key.ui/examples/standard_key/staticInitialisation/classpath/System.java and once in URL:file:/home/runner/work/key/key/key.core/build/resources/main/de/uka/ilkd/key/java/JavaRedux/java/lang/System.java, Keeping one from URL:file:/home/runner/work/key/key/key.core/build/resources/main/de/uka/ilkd/key/java/JavaRedux/java/lang/System.java 
569462     WARN  main            d.u.i.k.j.r.KeYCrossReferenceNameInfo Datatype java.io.PrintStream declared twice: Once in FILE:/home/runner/work/key/key/key.core/../key.ui/examples/standard_key/staticInitialisation/classpath/PrintStream.java and once in URL:file:/home/runner/work/key/key/key.core/build/resources/main/de/uka/ilkd/key/java/JavaRedux/java/io/PrintStream.java, Keeping one from URL:file:/home/runner/work/key/key/key.core/build/resources/main/de/uka/ilkd/key/java/JavaRedux/java/io/PrintStream.java 
571662     DEBUG main            d.u.i.k.p.i.AbstractProblemLoader Init config took 2.22s 
571675     INFO  main            d.u.i.k.p.i.AbstractProblemLoader Replaying proof initializedSubclassImpliesInitializedSuperclass.key.proof 
571678     DEBUG main            d.u.i.k.p.i.IntermediateProofReplayer Proof replay took 409.81ns 
571682     DEBUG main            d.u.i.k.p.r.p.TestFile    ... success: reloaded. 
571682     INFO  main            d.u.i.k.p.r.p.TestFile    Now processing file /home/runner/work/key/key/key.core/../key.ui/examples/standard_key/staticInitialisation/localDeclared.key 
571682     INFO  main            d.u.i.k.p.i.AbstractProblemLoader Loading environment from /home/runner/work/key/key/key.core/../key.ui/examples/standard_key/staticInitialisation/localDeclared.key 
571682     DEBUG main            d.u.i.k.p.i.AbstractProblemLoader Environment load took 72.5ns 
571684     INFO  main            d.u.i.k.p.i.AbstractProblemLoader Creating init config 
571704     WARN  main            d.u.i.k.j.r.KeYCrossReferenceNameInfo Datatype java.lang.System declared twice: Once in FILE:/home/runner/work/key/key/key.core/../key.ui/examples/standard_key/staticInitialisation/classpath/System.java and once in URL:file:/home/runner/work/key/key/key.core/build/resources/main/de/uka/ilkd/key/java/JavaRedux/java/lang/System.java, Keeping one from URL:file:/home/runner/work/key/key/key.core/build/resources/main/de/uka/ilkd/key/java/JavaRedux/java/lang/System.java 
571705     WARN  main            d.u.i.k.j.r.KeYCrossReferenceNameInfo Datatype java.io.PrintStream declared twice: Once in FILE:/home/runner/work/key/key/key.core/../key.ui/examples/standard_key/staticInitialisation/classpath/PrintStream.java and once in URL:file:/home/runner/work/key/key/key.core/build/resources/main/de/uka/ilkd/key/java/JavaRedux/java/io/PrintStream.java, Keeping one from URL:file:/home/runner/work/key/key/key.core/build/resources/main/de/uka/ilkd/key/java/JavaRedux/java/io/PrintStream.java 
573931     DEBUG main            d.u.i.k.p.i.AbstractProblemLoader Init config took 2.25s 
573946     INFO  main            d.u.i.k.p.i.AbstractProblemLoader Replaying proof localDeclared.key 
573947     DEBUG main            d.u.i.k.p.i.IntermediateProofReplayer Proof replay took 2.8ns 
574251     INFO  main            d.u.i.k.p.r.p.TestFile    ... finished proof: closed. 
574743     INFO  main            d.u.i.k.p.i.AbstractProblemLoader Loading environment from /home/runner/work/key/key/key.core/../key.ui/examples/standard_key/staticInitialisation/localDeclared.key.proof 
574743     DEBUG main            d.u.i.k.p.i.AbstractProblemLoader Environment load took 85.5ns 
574744     INFO  main            d.u.i.k.p.i.AbstractProblemLoader Creating init config 
574763     WARN  main            d.u.i.k.j.r.KeYCrossReferenceNameInfo Datatype java.lang.System declared twice: Once in FILE:/home/runner/work/key/key/key.core/../key.ui/examples/standard_key/staticInitialisation/classpath/System.java and once in URL:file:/home/runner/work/key/key/key.core/build/resources/main/de/uka/ilkd/key/java/JavaRedux/java/lang/System.java, Keeping one from URL:file:/home/runner/work/key/key/key.core/build/resources/main/de/uka/ilkd/key/java/JavaRedux/java/lang/System.java 
574763     WARN  main            d.u.i.k.j.r.KeYCrossReferenceNameInfo Datatype java.io.PrintStream declared twice: Once in FILE:/home/runner/work/key/key/key.core/../key.ui/examples/standard_key/staticInitialisation/classpath/PrintStream.java and once in URL:file:/home/runner/work/key/key/key.core/build/resources/main/de/uka/ilkd/key/java/JavaRedux/java/io/PrintStream.java, Keeping one from URL:file:/home/runner/work/key/key/key.core/build/resources/main/de/uka/ilkd/key/java/JavaRedux/java/io/PrintStream.java 
577043     DEBUG main            d.u.i.k.p.i.AbstractProblemLoader Init config took 2.3s 
577057     INFO  main            d.u.i.k.p.i.AbstractProblemLoader Replaying proof localDeclared.key.proof 
577111     DEBUG main            d.u.i.k.p.i.IntermediateProofReplayer Proof replay took 52.95ms 
577113     DEBUG main            d.u.i.k.p.r.p.TestFile    ... success: reloaded. 
577113     INFO  main            d.u.i.k.p.r.p.TestFile    Now processing file /home/runner/work/key/key/key.core/../key.ui/examples/standard_key/staticInitialisation/localDeclaredMethod.key 
577113     INFO  main            d.u.i.k.p.i.AbstractProblemLoader Loading environment from /home/runner/work/key/key/key.core/../key.ui/examples/standard_key/staticInitialisation/localDeclaredMethod.key 
577114     DEBUG main            d.u.i.k.p.i.AbstractProblemLoader Environment load took 92.9ns 
577115     INFO  main            d.u.i.k.p.i.AbstractProblemLoader Creating init config 
577132     WARN  main            d.u.i.k.j.r.KeYCrossReferenceNameInfo Datatype java.lang.System declared twice: Once in FILE:/home/runner/work/key/key/key.core/../key.ui/examples/standard_key/staticInitialisation/classpath/System.java and once in URL:file:/home/runner/work/key/key/key.core/build/resources/main/de/uka/ilkd/key/java/JavaRedux/java/lang/System.java, Keeping one from URL:file:/home/runner/work/key/key/key.core/build/resources/main/de/uka/ilkd/key/java/JavaRedux/java/lang/System.java 
577132     WARN  main            d.u.i.k.j.r.KeYCrossReferenceNameInfo Datatype java.io.PrintStream declared twice: Once in FILE:/home/runner/work/key/key/key.core/../key.ui/examples/standard_key/staticInitialisation/classpath/PrintStream.java and once in URL:file:/home/runner/work/key/key/key.core/build/resources/main/de/uka/ilkd/key/java/JavaRedux/java/io/PrintStream.java, Keeping one from URL:file:/home/runner/work/key/key/key.core/build/resources/main/de/uka/ilkd/key/java/JavaRedux/java/io/PrintStream.java 
579382     DEBUG main            d.u.i.k.p.i.AbstractProblemLoader Init config took 2.27s 
579398     INFO  main            d.u.i.k.p.i.AbstractProblemLoader Replaying proof localDeclaredMethod.key 
579399     DEBUG main            d.u.i.k.p.i.IntermediateProofReplayer Proof replay took 3.1ns 
579705     INFO  main            d.u.i.k.p.r.p.TestFile    ... finished proof: closed. 
580220     INFO  main            d.u.i.k.p.i.AbstractProblemLoader Loading environment from /home/runner/work/key/key/key.core/../key.ui/examples/standard_key/staticInitialisation/localDeclaredMethod.key.proof 
580220     DEBUG main            d.u.i.k.p.i.AbstractProblemLoader Environment load took 83.8ns 
580221     INFO  main            d.u.i.k.p.i.AbstractProblemLoader Creating init config 
580239     WARN  main            d.u.i.k.j.r.KeYCrossReferenceNameInfo Datatype java.lang.System declared twice: Once in FILE:/home/runner/work/key/key/key.core/../key.ui/examples/standard_key/staticInitialisation/classpath/System.java and once in URL:file:/home/runner/work/key/key/key.core/build/resources/main/de/uka/ilkd/key/java/JavaRedux/java/lang/System.java, Keeping one from URL:file:/home/runner/work/key/key/key.core/build/resources/main/de/uka/ilkd/key/java/JavaRedux/java/lang/System.java 
580239     WARN  main            d.u.i.k.j.r.KeYCrossReferenceNameInfo Datatype java.io.PrintStream declared twice: Once in FILE:/home/runner/work/key/key/key.core/../key.ui/examples/standard_key/staticInitialisation/classpath/PrintStream.java and once in URL:file:/home/runner/work/key/key/key.core/build/resources/main/de/uka/ilkd/key/java/JavaRedux/java/io/PrintStream.java, Keeping one from URL:file:/home/runner/work/key/key/key.core/build/resources/main/de/uka/ilkd/key/java/JavaRedux/java/io/PrintStream.java 
582446     DEBUG main            d.u.i.k.p.i.AbstractProblemLoader Init config took 2.22s 
582460     INFO  main            d.u.i.k.p.i.AbstractProblemLoader Replaying proof localDeclaredMethod.key.proof 
582511     DEBUG main            d.u.i.k.p.i.IntermediateProofReplayer Proof replay took 49.15ms 
582512     DEBUG main            d.u.i.k.p.r.p.TestFile    ... success: reloaded. 
582512     INFO  main            d.u.i.k.p.r.p.TestFile    Now processing file /home/runner/work/key/key/key.core/../key.ui/examples/standard_key/staticInitialisation/objectOfErroneousClass.key 
582513     INFO  main            d.u.i.k.p.i.AbstractProblemLoader Loading environment from /home/runner/work/key/key/key.core/../key.ui/examples/standard_key/staticInitialisation/objectOfErroneousClass.key 
582513     DEBUG main            d.u.i.k.p.i.AbstractProblemLoader Environment load took 86.6ns 
582514     INFO  main            d.u.i.k.p.i.AbstractProblemLoader Creating init config 
582532     WARN  main            d.u.i.k.j.r.KeYCrossReferenceNameInfo Datatype java.lang.System declared twice: Once in FILE:/home/runner/work/key/key/key.core/../key.ui/examples/standard_key/staticInitialisation/classpath/System.java and once in URL:file:/home/runner/work/key/key/key.core/build/resources/main/de/uka/ilkd/key/java/JavaRedux/java/lang/System.java, Keeping one from URL:file:/home/runner/work/key/key/key.core/build/resources/main/de/uka/ilkd/key/java/JavaRedux/java/lang/System.java 
582532     WARN  main            d.u.i.k.j.r.KeYCrossReferenceNameInfo Datatype java.io.PrintStream declared twice: Once in FILE:/home/runner/work/key/key/key.core/../key.ui/examples/standard_key/staticInitialisation/classpath/PrintStream.java and once in URL:file:/home/runner/work/key/key/key.core/build/resources/main/de/uka/ilkd/key/java/JavaRedux/java/io/PrintStream.java, Keeping one from URL:file:/home/runner/work/key/key/key.core/build/resources/main/de/uka/ilkd/key/java/JavaRedux/java/io/PrintStream.java 
584788     DEBUG main            d.u.i.k.p.i.AbstractProblemLoader Init config took 2.27s 
584803     INFO  main            d.u.i.k.p.i.AbstractProblemLoader Replaying proof objectOfErroneousClass.key 
584805     DEBUG main            d.u.i.k.p.i.IntermediateProofReplayer Proof replay took 2.5ns 
598302     INFO  main            d.u.i.k.p.r.p.TestFile    ... finished proof: closed. 
598894     INFO  main            d.u.i.k.p.i.AbstractProblemLoader Loading environment from /home/runner/work/key/key/key.core/../key.ui/examples/standard_key/staticInitialisation/objectOfErroneousClass.key.proof 
598894     DEBUG main            d.u.i.k.p.i.AbstractProblemLoader Environment load took 150ns 
598898     INFO  main            d.u.i.k.p.i.AbstractProblemLoader Creating init config 
598917     WARN  main            d.u.i.k.j.r.KeYCrossReferenceNameInfo Datatype java.lang.System declared twice: Once in FILE:/home/runner/work/key/key/key.core/../key.ui/examples/standard_key/staticInitialisation/classpath/System.java and once in URL:file:/home/runner/work/key/key/key.core/build/resources/main/de/uka/ilkd/key/java/JavaRedux/java/lang/System.java, Keeping one from URL:file:/home/runner/work/key/key/key.core/build/resources/main/de/uka/ilkd/key/java/JavaRedux/java/lang/System.java 
598917     WARN  main            d.u.i.k.j.r.KeYCrossReferenceNameInfo Datatype java.io.PrintStream declared twice: Once in FILE:/home/runner/work/key/key/key.core/../key.ui/examples/standard_key/staticInitialisation/classpath/PrintStream.java and once in URL:file:/home/runner/work/key/key/key.core/build/resources/main/de/uka/ilkd/key/java/JavaRedux/java/io/PrintStream.java, Keeping one from URL:file:/home/runner/work/key/key/key.core/build/resources/main/de/uka/ilkd/key/java/JavaRedux/java/io/PrintStream.java 
601130     DEBUG main            d.u.i.k.p.i.AbstractProblemLoader Init config took 2.23s 
601145     INFO  main            d.u.i.k.p.i.AbstractProblemLoader Replaying proof objectOfErroneousClass.key.proof 
603203     DEBUG main            d.u.i.k.p.i.IntermediateProofReplayer Proof replay took 2.03s 
603253     DEBUG main            d.u.i.k.p.r.p.TestFile    ... success: reloaded. 
603254     INFO  main            d.u.i.k.p.r.p.TestFile    Now processing file /home/runner/work/key/key/key.core/../key.ui/examples/standard_key/staticInitialisation/staticInitialisersAreNonSimple.key 
603254     INFO  main            d.u.i.k.p.i.AbstractProblemLoader Loading environment from /home/runner/work/key/key/key.core/../key.ui/examples/standard_key/staticInitialisation/staticInitialisersAreNonSimple.key 
603254     DEBUG main            d.u.i.k.p.i.AbstractProblemLoader Environment load took 42ns 
603256     INFO  main            d.u.i.k.p.i.AbstractProblemLoader Creating init config 
603273     WARN  main            d.u.i.k.j.r.KeYCrossReferenceNameInfo Datatype java.lang.System declared twice: Once in FILE:/home/runner/work/key/key/key.core/../key.ui/examples/standard_key/staticInitialisation/classpath/System.java and once in URL:file:/home/runner/work/key/key/key.core/build/resources/main/de/uka/ilkd/key/java/JavaRedux/java/lang/System.java, Keeping one from URL:file:/home/runner/work/key/key/key.core/build/resources/main/de/uka/ilkd/key/java/JavaRedux/java/lang/System.java 
603274     WARN  main            d.u.i.k.j.r.KeYCrossReferenceNameInfo Datatype java.io.PrintStream declared twice: Once in FILE:/home/runner/work/key/key/key.core/../key.ui/examples/standard_key/staticInitialisation/classpath/PrintStream.java and once in URL:file:/home/runner/work/key/key/key.core/build/resources/main/de/uka/ilkd/key/java/JavaRedux/java/io/PrintStream.java, Keeping one from URL:file:/home/runner/work/key/key/key.core/build/resources/main/de/uka/ilkd/key/java/JavaRedux/java/io/PrintStream.java 
605558     DEBUG main            d.u.i.k.p.i.AbstractProblemLoader Init config took 2.3s 
605573     INFO  main            d.u.i.k.p.i.AbstractProblemLoader Replaying proof staticInitialisersAreNonSimple.key 
605574     DEBUG main            d.u.i.k.p.i.IntermediateProofReplayer Proof replay took 2.3ns 
605878     INFO  main            d.u.i.k.p.r.p.TestFile    ... finished proof: closed. 
606491     INFO  main            d.u.i.k.p.i.AbstractProblemLoader Loading environment from /home/runner/work/key/key/key.core/../key.ui/examples/standard_key/staticInitialisation/staticInitialisersAreNonSimple.key.proof 
606492     DEBUG main            d.u.i.k.p.i.AbstractProblemLoader Environment load took 80.5ns 
606493     INFO  main            d.u.i.k.p.i.AbstractProblemLoader Creating init config 
606512     WARN  main            d.u.i.k.j.r.KeYCrossReferenceNameInfo Datatype java.lang.System declared twice: Once in FILE:/home/runner/work/key/key/key.core/../key.ui/examples/standard_key/staticInitialisation/classpath/System.java and once in URL:file:/home/runner/work/key/key/key.core/build/resources/main/de/uka/ilkd/key/java/JavaRedux/java/lang/System.java, Keeping one from URL:file:/home/runner/work/key/key/key.core/build/resources/main/de/uka/ilkd/key/java/JavaRedux/java/lang/System.java 
606512     WARN  main            d.u.i.k.j.r.KeYCrossReferenceNameInfo Datatype java.io.PrintStream declared twice: Once in FILE:/home/runner/work/key/key/key.core/../key.ui/examples/standard_key/staticInitialisation/classpath/PrintStream.java and once in URL:file:/home/runner/work/key/key/key.core/build/resources/main/de/uka/ilkd/key/java/JavaRedux/java/io/PrintStream.java, Keeping one from URL:file:/home/runner/work/key/key/key.core/build/resources/main/de/uka/ilkd/key/java/JavaRedux/java/io/PrintStream.java 
608803     DEBUG main            d.u.i.k.p.i.AbstractProblemLoader Init config took 2.31s 
608817     INFO  main            d.u.i.k.p.i.AbstractProblemLoader Replaying proof staticInitialisersAreNonSimple.key.proof 
608903     DEBUG main            d.u.i.k.p.i.IntermediateProofReplayer Proof replay took 83.47ms 
608904     DEBUG main            d.u.i.k.p.r.p.TestFile    ... success: reloaded. 
608905     INFO  main            d.u.i.k.p.r.p.TestFile    Now processing file /home/runner/work/key/key/key.core/../key.ui/examples/standard_key/types/disjoint.key 
608905     INFO  main            d.u.i.k.p.i.AbstractProblemLoader Loading environment from /home/runner/work/key/key/key.core/../key.ui/examples/standard_key/types/disjoint.key 
608905     DEBUG main            d.u.i.k.p.i.AbstractProblemLoader Environment load took 74.7ns 
608906     INFO  main            d.u.i.k.p.i.AbstractProblemLoader Creating init config 
611102     DEBUG main            d.u.i.k.p.i.AbstractProblemLoader Init config took 2.2s 
611136     INFO  main            d.u.i.k.p.i.AbstractProblemLoader Replaying proof disjoint.key 
611137     DEBUG main            d.u.i.k.p.i.IntermediateProofReplayer Proof replay took 3.7ns 
611239     INFO  main            d.u.i.k.p.r.p.TestFile    ... finished proof: closed. 
611786     INFO  main            d.u.i.k.p.i.AbstractProblemLoader Loading environment from /home/runner/work/key/key/key.core/../key.ui/examples/standard_key/types/disjoint.key.proof 
611786     DEBUG main            d.u.i.k.p.i.AbstractProblemLoader Environment load took 85.9ns 
611787     INFO  main            d.u.i.k.p.i.AbstractProblemLoader Creating init config 
613957     DEBUG main            d.u.i.k.p.i.AbstractProblemLoader Init config took 2.17s 
613970     INFO  main            d.u.i.k.p.i.AbstractProblemLoader Replaying proof disjoint.key.proof 
613972     DEBUG main            d.u.i.k.p.i.IntermediateProofReplayer Proof replay took 436.21ns 
613973     DEBUG main            d.u.i.k.p.r.p.TestFile    ... success: reloaded. 
613973     INFO  main            d.u.i.k.p.r.p.TestFile    Now processing file /home/runner/work/key/key/key.core/../key.ui/examples/../../key.core/src/test/resources/testcase/classpath/classpath.key 
613973     INFO  main            d.u.i.k.p.i.AbstractProblemLoader Loading environment from /home/runner/work/key/key/key.core/../key.ui/examples/../../key.core/src/test/resources/testcase/classpath/classpath.key 
613974     DEBUG main            d.u.i.k.p.i.AbstractProblemLoader Environment load took 193.6ns 
613974     INFO  main            d.u.i.k.p.i.AbstractProblemLoader Creating init config 
613994     WARN  main            d.u.i.k.j.r.KeYCrossReferenceNameInfo Datatype cp.C declared twice: Once in FILE:/home/runner/work/key/key/key.core/../key.ui/examples/../../key.core/src/test/resources/testcase/classpath/classpath/C.class and once in FILE:/home/runner/work/key/key/key.core/../key.ui/examples/../../key.core/src/test/resources/testcase/classpath/classpath/C.jml, Keeping one from FILE:/home/runner/work/key/key/key.core/../key.ui/examples/../../key.core/src/test/resources/testcase/classpath/classpath/C.jml 
613997     DEBUG main            d.u.i.k.j.r.ClassFileDeclarationBuilder Parsing: package cp; public class Unresolved1 { } 
613998     DEBUG main            r.s.KeYCrossReferenceSourceInfo Dynamically created class: cp.Unresolved1 
613998     DEBUG main            d.u.i.k.j.r.ClassFileDeclarationBuilder Parsing: package cp; public class Unresolved2 { } 
613998     DEBUG main            r.s.KeYCrossReferenceSourceInfo Dynamically created class: cp.Unresolved2 
616358     DEBUG main            d.u.i.k.p.i.AbstractProblemLoader Init config took 2.38s 
616372     INFO  main            d.u.i.k.p.i.AbstractProblemLoader Replaying proof classpath.key 
616374     DEBUG main            d.u.i.k.p.i.IntermediateProofReplayer Proof replay took 2.6ns 
616475     INFO  main            d.u.i.k.p.r.p.TestFile    ... finished proof: closed. 
617016     INFO  main            d.u.i.k.p.i.AbstractProblemLoader Loading environment from /home/runner/work/key/key/key.core/../key.ui/examples/../../key.core/src/test/resources/testcase/classpath/classpath.key.proof 
617016     DEBUG main            d.u.i.k.p.i.AbstractProblemLoader Environment load took 85ns 
617017     INFO  main            d.u.i.k.p.i.AbstractProblemLoader Creating init config 
617039     WARN  main            d.u.i.k.j.r.KeYCrossReferenceNameInfo Datatype cp.C declared twice: Once in FILE:/home/runner/work/key/key/key.core/../key.ui/examples/../../key.core/src/test/resources/testcase/classpath/classpath/C.class and once in FILE:/home/runner/work/key/key/key.core/../key.ui/examples/../../key.core/src/test/resources/testcase/classpath/classpath/C.jml, Keeping one from FILE:/home/runner/work/key/key/key.core/../key.ui/examples/../../key.core/src/test/resources/testcase/classpath/classpath/C.jml 
617043     DEBUG main            d.u.i.k.j.r.ClassFileDeclarationBuilder Parsing: package cp; public class Unresolved1 { } 
617043     DEBUG main            r.s.KeYCrossReferenceSourceInfo Dynamically created class: cp.Unresolved1 
617043     DEBUG main            d.u.i.k.j.r.ClassFileDeclarationBuilder Parsing: package cp; public class Unresolved2 { } 
617043     DEBUG main            r.s.KeYCrossReferenceSourceInfo Dynamically created class: cp.Unresolved2 
619333     DEBUG main            d.u.i.k.p.i.AbstractProblemLoader Init config took 2.32s 
619347     INFO  main            d.u.i.k.p.i.AbstractProblemLoader Replaying proof classpath.key.proof 
619349     DEBUG main            d.u.i.k.p.i.IntermediateProofReplayer Proof replay took 531.01ns 
619350     DEBUG main            d.u.i.k.p.r.p.TestFile    ... success: reloaded. 
619350     INFO  main            d.u.i.k.p.r.p.TestFile    Now processing file /home/runner/work/key/key/key.core/../key.ui/examples/heap/inconsistent_represents/MyClass_m.key 
619351     INFO  main            d.u.i.k.p.i.AbstractProblemLoader Loading environment from /home/runner/work/key/key/key.core/../key.ui/examples/heap/inconsistent_represents/MyClass_m.key 
619351     DEBUG main            d.u.i.k.p.i.AbstractProblemLoader Environment load took 43.6ns 
619351     INFO  main            d.u.i.k.p.i.AbstractProblemLoader Creating init config 
621657     DEBUG main            d.u.i.k.p.i.AbstractProblemLoader Init config took 2.31s 
621692     INFO  main            d.u.i.k.p.i.AbstractProblemLoader Replaying proof MyClass[MyClass::m()].JML operation contract.0 
621694     DEBUG main            d.u.i.k.p.i.IntermediateProofReplayer Proof replay took 2.7ns 
621795     INFO  main            d.u.i.k.p.r.p.TestFile    ... finished proof: open goal(s) 
622332     INFO  main            d.u.i.k.p.r.p.TestFile    Now processing file /home/runner/work/key/key/key.core/../key.ui/examples/heap/inconsistent_represents/MyClass_n.key 
622332     INFO  main            d.u.i.k.p.i.AbstractProblemLoader Loading environment from /home/runner/work/key/key/key.core/../key.ui/examples/heap/inconsistent_represents/MyClass_n.key 
622332     DEBUG main            d.u.i.k.p.i.AbstractProblemLoader Environment load took 122.7ns 
622333     INFO  main            d.u.i.k.p.i.AbstractProblemLoader Creating init config 
624577     DEBUG main            d.u.i.k.p.i.AbstractProblemLoader Init config took 2.24s 
624609     INFO  main            d.u.i.k.p.i.AbstractProblemLoader Replaying proof MyClass[MyClass::n()].JML operation contract.0 
624611     DEBUG main            d.u.i.k.p.i.IntermediateProofReplayer Proof replay took 2.7ns 
624714     INFO  main            d.u.i.k.p.r.p.TestFile    ... finished proof: open goal(s) 
3576132    INFO  Test worker     d.u.i.k.p.r.RunAllProofsTestUnit Returning from test javadl 
3576133    INFO  Test worker     d.u.i.k.p.r.RunAllProofsTestUnit Running test FOL 
335        INFO  Timeout watchdog d.u.i.k.p.r.p.ForkedTestFileRunner Timeout watcher launched (2000 secs.) 
355        WARN  main            d.u.i.k.s.ProofSettings   The settings in /home/runner/.key/proof-settings.props are *not* read. 
382        INFO  main            d.u.i.k.p.r.p.TestFile    Now processing file /home/runner/work/key/key/key.core/../key.ui/examples/standard_key/pred_log/count.key 
489        INFO  main            d.u.i.k.p.i.AbstractProblemLoader Loading environment from /home/runner/work/key/key/key.core/../key.ui/examples/standard_key/pred_log/count.key 
505        DEBUG main            d.u.i.k.p.i.AbstractProblemLoader Environment load took 2.05ms 
731        INFO  main            d.u.i.k.p.i.AbstractProblemLoader Creating init config 
1615       DEBUG main            d.u.i.k.j.TypeConverter   No LDT found for Meta 
1616       DEBUG main            d.u.i.k.j.TypeConverter   No LDT found for Meta 
1619       DEBUG main            d.u.i.k.j.TypeConverter   No LDT found for Meta 
1619       DEBUG main            d.u.i.k.j.TypeConverter   No LDT found for Meta 
2998       DEBUG main            d.u.i.k.j.TypeConverter   No LDT found for JavaBigintExpression 
7674       DEBUG main            d.u.i.k.p.i.AbstractProblemLoader Init config took 6.94s 
7730       INFO  main            d.u.i.k.p.i.AbstractProblemLoader Replaying proof count.key 
7762       DEBUG main            d.u.i.k.p.i.IntermediateProofReplayer Proof replay took 36.4ns 
7931       INFO  main            d.u.i.k.p.r.p.TestFile    ... finished proof: closed. 
8025       INFO  main            d.u.i.k.p.i.AbstractProblemLoader Loading environment from /home/runner/work/key/key/key.core/../key.ui/examples/standard_key/pred_log/count.key.proof 
8026       DEBUG main            d.u.i.k.p.i.AbstractProblemLoader Environment load took 443.11ns 
8030       INFO  main            d.u.i.k.p.i.AbstractProblemLoader Creating init config 
10670      DEBUG main            d.u.i.k.p.i.AbstractProblemLoader Init config took 2.64s 
10700      INFO  main            d.u.i.k.p.i.AbstractProblemLoader Replaying proof count.key.proof 
10711      DEBUG main            d.u.i.k.p.i.IntermediateProofReplayer Proof replay took 7.28ms 
10723      DEBUG main            d.u.i.k.p.r.p.TestFile    ... success: reloaded. 
10724      INFO  main            d.u.i.k.p.r.p.TestFile    Now processing file /home/runner/work/key/key/key.core/../key.ui/examples/standard_key/pred_log/count2.key 
10724      INFO  main            d.u.i.k.p.i.AbstractProblemLoader Loading environment from /home/runner/work/key/key/key.core/../key.ui/examples/standard_key/pred_log/count2.key 
10725      DEBUG main            d.u.i.k.p.i.AbstractProblemLoader Environment load took 199.7ns 
10726      INFO  main            d.u.i.k.p.i.AbstractProblemLoader Creating init config 
13320      DEBUG main            d.u.i.k.p.i.AbstractProblemLoader Init config took 2.59s 
13349      INFO  main            d.u.i.k.p.i.AbstractProblemLoader Replaying proof count2.key 
13351      DEBUG main            d.u.i.k.p.i.IntermediateProofReplayer Proof replay took 5.7ns 
13453      INFO  main            d.u.i.k.p.r.p.TestFile    ... finished proof: closed. 
13587      INFO  main            d.u.i.k.p.i.AbstractProblemLoader Loading environment from /home/runner/work/key/key/key.core/../key.ui/examples/standard_key/pred_log/count2.key.proof 
13587      DEBUG main            d.u.i.k.p.i.AbstractProblemLoader Environment load took 131ns 
13590      INFO  main            d.u.i.k.p.i.AbstractProblemLoader Creating init config 
16177      DEBUG main            d.u.i.k.p.i.AbstractProblemLoader Init config took 2.59s 
16200      INFO  main            d.u.i.k.p.i.AbstractProblemLoader Replaying proof count2.key.proof 
16206      DEBUG main            d.u.i.k.p.i.IntermediateProofReplayer Proof replay took 3.81ms 
16207      DEBUG main            d.u.i.k.p.r.p.TestFile    ... success: reloaded. 
16208      INFO  main            d.u.i.k.p.r.p.TestFile    Now processing file /home/runner/work/key/key/key.core/../key.ui/examples/standard_key/pred_log/count3.key 
16208      INFO  main            d.u.i.k.p.i.AbstractProblemLoader Loading environment from /home/runner/work/key/key/key.core/../key.ui/examples/standard_key/pred_log/count3.key 
16209      DEBUG main            d.u.i.k.p.i.AbstractProblemLoader Environment load took 176.4ns 
16210      INFO  main            d.u.i.k.p.i.AbstractProblemLoader Creating init config 
18752      DEBUG main            d.u.i.k.p.i.AbstractProblemLoader Init config took 2.54s 
18774      INFO  main            d.u.i.k.p.i.AbstractProblemLoader Replaying proof count3.key 
18782      DEBUG main            d.u.i.k.p.i.IntermediateProofReplayer Proof replay took 6.7ns 
18885      INFO  main            d.u.i.k.p.r.p.TestFile    ... finished proof: closed. 
19036      INFO  main            d.u.i.k.p.i.AbstractProblemLoader Loading environment from /home/runner/work/key/key/key.core/../key.ui/examples/standard_key/pred_log/count3.key.proof 
19037      DEBUG main            d.u.i.k.p.i.AbstractProblemLoader Environment load took 127.9ns 
19039      INFO  main            d.u.i.k.p.i.AbstractProblemLoader Creating init config 
21518      DEBUG main            d.u.i.k.p.i.AbstractProblemLoader Init config took 2.48s 
21539      INFO  main            d.u.i.k.p.i.AbstractProblemLoader Replaying proof count3.key.proof 
21544      DEBUG main            d.u.i.k.p.i.IntermediateProofReplayer Proof replay took 2.82ms 
21545      DEBUG main            d.u.i.k.p.r.p.TestFile    ... success: reloaded. 
21545      INFO  main            d.u.i.k.p.r.p.TestFile    Now processing file /home/runner/work/key/key/key.core/../key.ui/examples/standard_key/pred_log/equalities.key 
21546      INFO  main            d.u.i.k.p.i.AbstractProblemLoader Loading environment from /home/runner/work/key/key/key.core/../key.ui/examples/standard_key/pred_log/equalities.key 
21546      DEBUG main            d.u.i.k.p.i.AbstractProblemLoader Environment load took 177.3ns 
21547      INFO  main            d.u.i.k.p.i.AbstractProblemLoader Creating init config 
24035      DEBUG main            d.u.i.k.p.i.AbstractProblemLoader Init config took 2.49s 
24058      INFO  main            d.u.i.k.p.i.AbstractProblemLoader Replaying proof equalities.key 
24061      DEBUG main            d.u.i.k.p.i.IntermediateProofReplayer Proof replay took 7.4ns 
24164      INFO  main            d.u.i.k.p.r.p.TestFile    ... finished proof: closed. 
24298      INFO  main            d.u.i.k.p.i.AbstractProblemLoader Loading environment from /home/runner/work/key/key/key.core/../key.ui/examples/standard_key/pred_log/equalities.key.proof 
24298      DEBUG main            d.u.i.k.p.i.AbstractProblemLoader Environment load took 121.7ns 
24299      INFO  main            d.u.i.k.p.i.AbstractProblemLoader Creating init config 
26748      DEBUG main            d.u.i.k.p.i.AbstractProblemLoader Init config took 2.45s 
26768      INFO  main            d.u.i.k.p.i.AbstractProblemLoader Replaying proof equalities.key.proof 
26771      DEBUG main            d.u.i.k.p.i.IntermediateProofReplayer Proof replay took 1.52ms 
26772      DEBUG main            d.u.i.k.p.r.p.TestFile    ... success: reloaded. 
26773      INFO  main            d.u.i.k.p.r.p.TestFile    Now processing file /home/runner/work/key/key/key.core/../key.ui/examples/standard_key/pred_log/equalities2.key 
26773      INFO  main            d.u.i.k.p.i.AbstractProblemLoader Loading environment from /home/runner/work/key/key/key.core/../key.ui/examples/standard_key/pred_log/equalities2.key 
26773      DEBUG main            d.u.i.k.p.i.AbstractProblemLoader Environment load took 96.1ns 
26774      INFO  main            d.u.i.k.p.i.AbstractProblemLoader Creating init config 
29208      DEBUG main            d.u.i.k.p.i.AbstractProblemLoader Init config took 2.43s 
29228      INFO  main            d.u.i.k.p.i.AbstractProblemLoader Replaying proof equalities2.key 
29229      DEBUG main            d.u.i.k.p.i.IntermediateProofReplayer Proof replay took 6.8ns 
29334      INFO  main            d.u.i.k.p.r.p.TestFile    ... finished proof: closed. 
29490      INFO  main            d.u.i.k.p.i.AbstractProblemLoader Loading environment from /home/runner/work/key/key/key.core/../key.ui/examples/standard_key/pred_log/equalities2.key.proof 
29490      DEBUG main            d.u.i.k.p.i.AbstractProblemLoader Environment load took 125.2ns 
29491      INFO  main            d.u.i.k.p.i.AbstractProblemLoader Creating init config 
31894      DEBUG main            d.u.i.k.p.i.AbstractProblemLoader Init config took 2.4s 
31914      INFO  main            d.u.i.k.p.i.AbstractProblemLoader Replaying proof equalities2.key.proof 
31920      DEBUG main            d.u.i.k.p.i.IntermediateProofReplayer Proof replay took 4.07ms 
31921      DEBUG main            d.u.i.k.p.r.p.TestFile    ... success: reloaded. 
31922      INFO  main            d.u.i.k.p.r.p.TestFile    Now processing file /home/runner/work/key/key/key.core/../key.ui/examples/standard_key/pred_log/equalities3.key 
31922      INFO  main            d.u.i.k.p.i.AbstractProblemLoader Loading environment from /home/runner/work/key/key/key.core/../key.ui/examples/standard_key/pred_log/equalities3.key 
31922      DEBUG main            d.u.i.k.p.i.AbstractProblemLoader Environment load took 179.3ns 
31923      INFO  main            d.u.i.k.p.i.AbstractProblemLoader Creating init config 
34390      DEBUG main            d.u.i.k.p.i.AbstractProblemLoader Init config took 2.47s 
34411      INFO  main            d.u.i.k.p.i.AbstractProblemLoader Replaying proof equalities3.key 
34412      DEBUG main            d.u.i.k.p.i.IntermediateProofReplayer Proof replay took 6.7ns 
34519      INFO  main            d.u.i.k.p.r.p.TestFile    ... finished proof: closed. 
34675      INFO  main            d.u.i.k.p.i.AbstractProblemLoader Loading environment from /home/runner/work/key/key/key.core/../key.ui/examples/standard_key/pred_log/equalities3.key.proof 
34675      DEBUG main            d.u.i.k.p.i.AbstractProblemLoader Environment load took 119.8ns 
34676      INFO  main            d.u.i.k.p.i.AbstractProblemLoader Creating init config 
37065      DEBUG main            d.u.i.k.p.i.AbstractProblemLoader Init config took 2.39s 
37082      INFO  main            d.u.i.k.p.i.AbstractProblemLoader Replaying proof equalities3.key.proof 
37100      DEBUG main            d.u.i.k.p.i.IntermediateProofReplayer Proof replay took 15.77ms 
37101      DEBUG main            d.u.i.k.p.r.p.TestFile    ... success: reloaded. 
37102      INFO  main            d.u.i.k.p.r.p.TestFile    Now processing file /home/runner/work/key/key/key.core/../key.ui/examples/standard_key/pred_log/functions.key 
37103      INFO  main            d.u.i.k.p.i.AbstractProblemLoader Loading environment from /home/runner/work/key/key/key.core/../key.ui/examples/standard_key/pred_log/functions.key 
37103      DEBUG main            d.u.i.k.p.i.AbstractProblemLoader Environment load took 175.4ns 
37104      INFO  main            d.u.i.k.p.i.AbstractProblemLoader Creating init config 
39548      DEBUG main            d.u.i.k.p.i.AbstractProblemLoader Init config took 2.44s 
39565      INFO  main            d.u.i.k.p.i.AbstractProblemLoader Replaying proof functions.key 
39566      DEBUG main            d.u.i.k.p.i.IntermediateProofReplayer Proof replay took 5.6ns 
39671      INFO  main            d.u.i.k.p.r.p.TestFile    ... finished proof: closed. 
39824      INFO  main            d.u.i.k.p.i.AbstractProblemLoader Loading environment from /home/runner/work/key/key/key.core/../key.ui/examples/standard_key/pred_log/functions.key.proof 
39824      DEBUG main            d.u.i.k.p.i.AbstractProblemLoader Environment load took 122.8ns 
39827      INFO  main            d.u.i.k.p.i.AbstractProblemLoader Creating init config 
42203      DEBUG main            d.u.i.k.p.i.AbstractProblemLoader Init config took 2.38s 
42220      INFO  main            d.u.i.k.p.i.AbstractProblemLoader Replaying proof functions.key.proof 
42224      DEBUG main            d.u.i.k.p.i.IntermediateProofReplayer Proof replay took 2.36ms 
42225      DEBUG main            d.u.i.k.p.r.p.TestFile    ... success: reloaded. 
42225      INFO  main            d.u.i.k.p.r.p.TestFile    Now processing file /home/runner/work/key/key/key.core/../key.ui/examples/standard_key/pred_log/mv1.key 
42226      INFO  main            d.u.i.k.p.i.AbstractProblemLoader Loading environment from /home/runner/work/key/key/key.core/../key.ui/examples/standard_key/pred_log/mv1.key 
42226      DEBUG main            d.u.i.k.p.i.AbstractProblemLoader Environment load took 187.7ns 
42227      INFO  main            d.u.i.k.p.i.AbstractProblemLoader Creating init config 
44636      DEBUG main            d.u.i.k.p.i.AbstractProblemLoader Init config took 2.41s 
44653      INFO  main            d.u.i.k.p.i.AbstractProblemLoader Replaying proof mv1.key 
44654      DEBUG main            d.u.i.k.p.i.IntermediateProofReplayer Proof replay took 20.5ns 
44759      INFO  main            d.u.i.k.p.r.p.TestFile    ... finished proof: closed. 
44930      INFO  main            d.u.i.k.p.i.AbstractProblemLoader Loading environment from /home/runner/work/key/key/key.core/../key.ui/examples/standard_key/pred_log/mv1.key.proof 
44930      DEBUG main            d.u.i.k.p.i.AbstractProblemLoader Environment load took 126.8ns 
44931      INFO  main            d.u.i.k.p.i.AbstractProblemLoader Creating init config 
47287      DEBUG main            d.u.i.k.p.i.AbstractProblemLoader Init config took 2.36s 
47303      INFO  main            d.u.i.k.p.i.AbstractProblemLoader Replaying proof mv1.key.proof 
47306      DEBUG main            d.u.i.k.p.i.IntermediateProofReplayer Proof replay took 1.01ms 
47306      DEBUG main            d.u.i.k.p.r.p.TestFile    ... success: reloaded. 
47307      INFO  main            d.u.i.k.p.r.p.TestFile    Now processing file /home/runner/work/key/key/key.core/../key.ui/examples/standard_key/pred_log/mv2.key 
47307      INFO  main            d.u.i.k.p.i.AbstractProblemLoader Loading environment from /home/runner/work/key/key/key.core/../key.ui/examples/standard_key/pred_log/mv2.key 
47307      DEBUG main            d.u.i.k.p.i.AbstractProblemLoader Environment load took 77.5ns 
47308      INFO  main            d.u.i.k.p.i.AbstractProblemLoader Creating init config 
49710      DEBUG main            d.u.i.k.p.i.AbstractProblemLoader Init config took 2.4s 
49726      INFO  main            d.u.i.k.p.i.AbstractProblemLoader Replaying proof mv2.key 
49727      DEBUG main            d.u.i.k.p.i.IntermediateProofReplayer Proof replay took 6.2ns 
49830      INFO  main            d.u.i.k.p.r.p.TestFile    ... finished proof: closed. 
50044      INFO  main            d.u.i.k.p.i.AbstractProblemLoader Loading environment from /home/runner/work/key/key/key.core/../key.ui/examples/standard_key/pred_log/mv2.key.proof 
50044      DEBUG main            d.u.i.k.p.i.AbstractProblemLoader Environment load took 129.8ns 
50045      INFO  main            d.u.i.k.p.i.AbstractProblemLoader Creating init config 
52393      DEBUG main            d.u.i.k.p.i.AbstractProblemLoader Init config took 2.35s 
52415      INFO  main            d.u.i.k.p.i.AbstractProblemLoader Replaying proof mv2.key.proof 
52422      DEBUG main            d.u.i.k.p.i.IntermediateProofReplayer Proof replay took 3.26ms 
52423      DEBUG main            d.u.i.k.p.r.p.TestFile    ... success: reloaded. 
52423      INFO  main            d.u.i.k.p.r.p.TestFile    Now processing file /home/runner/work/key/key/key.core/../key.ui/examples/standard_key/pred_log/quantifiers.key 
52423      INFO  main            d.u.i.k.p.i.AbstractProblemLoader Loading environment from /home/runner/work/key/key/key.core/../key.ui/examples/standard_key/pred_log/quantifiers.key 
52424      DEBUG main            d.u.i.k.p.i.AbstractProblemLoader Environment load took 88.9ns 
52424      INFO  main            d.u.i.k.p.i.AbstractProblemLoader Creating init config 
54864      DEBUG main            d.u.i.k.p.i.AbstractProblemLoader Init config took 2.44s 
54880      INFO  main            d.u.i.k.p.i.AbstractProblemLoader Replaying proof quantifiers.key 
54881      DEBUG main            d.u.i.k.p.i.IntermediateProofReplayer Proof replay took 6.4ns 
54983      INFO  main            d.u.i.k.p.r.p.TestFile    ... finished proof: closed. 
55153      INFO  main            d.u.i.k.p.i.AbstractProblemLoader Loading environment from /home/runner/work/key/key/key.core/../key.ui/examples/standard_key/pred_log/quantifiers.key.proof 
55153      DEBUG main            d.u.i.k.p.i.AbstractProblemLoader Environment load took 115.6ns 
55154      INFO  main            d.u.i.k.p.i.AbstractProblemLoader Creating init config 
57524      DEBUG main            d.u.i.k.p.i.AbstractProblemLoader Init config took 2.37s 
57542      INFO  main            d.u.i.k.p.i.AbstractProblemLoader Replaying proof quantifiers.key.proof 
57550      DEBUG main            d.u.i.k.p.i.IntermediateProofReplayer Proof replay took 6.15ms 
57551      DEBUG main            d.u.i.k.p.r.p.TestFile    ... success: reloaded. 
57552      INFO  main            d.u.i.k.p.r.p.TestFile    Now processing file /home/runner/work/key/key/key.core/../key.ui/examples/standard_key/pred_log/simpleEps.key 
57552      INFO  main            d.u.i.k.p.i.AbstractProblemLoader Loading environment from /home/runner/work/key/key/key.core/../key.ui/examples/standard_key/pred_log/simpleEps.key 
57552      DEBUG main            d.u.i.k.p.i.AbstractProblemLoader Environment load took 92.5ns 
57554      INFO  main            d.u.i.k.p.i.AbstractProblemLoader Creating init config 
59970      DEBUG main            d.u.i.k.p.i.AbstractProblemLoader Init config took 2.42s 
59985      INFO  main            d.u.i.k.p.i.AbstractProblemLoader Replaying proof simpleEps.key 
59986      DEBUG main            d.u.i.k.p.i.IntermediateProofReplayer Proof replay took 6.5ns 
60090      INFO  main            d.u.i.k.p.r.p.TestFile    ... finished proof: closed. 
60266      INFO  main            d.u.i.k.p.i.AbstractProblemLoader Loading environment from /home/runner/work/key/key/key.core/../key.ui/examples/standard_key/pred_log/simpleEps.key.proof 
60266      DEBUG main            d.u.i.k.p.i.AbstractProblemLoader Environment load took 116.7ns 
60267      INFO  main            d.u.i.k.p.i.AbstractProblemLoader Creating init config 
62625      DEBUG main            d.u.i.k.p.i.AbstractProblemLoader Init config took 2.36s 
62641      INFO  main            d.u.i.k.p.i.AbstractProblemLoader Replaying proof simpleEps.key.proof 
62645      DEBUG main            d.u.i.k.p.i.IntermediateProofReplayer Proof replay took 1.7ms 
62646      DEBUG main            d.u.i.k.p.r.p.TestFile    ... success: reloaded. 
62646      INFO  main            d.u.i.k.p.r.p.TestFile    Now processing file /home/runner/work/key/key/key.core/../key.ui/examples/standard_key/pred_log/steam1.key 
62647      INFO  main            d.u.i.k.p.i.AbstractProblemLoader Loading environment from /home/runner/work/key/key/key.core/../key.ui/examples/standard_key/pred_log/steam1.key 
62647      DEBUG main            d.u.i.k.p.i.AbstractProblemLoader Environment load took 666.31ns 
62649      INFO  main            d.u.i.k.p.i.AbstractProblemLoader Creating init config 
65059      DEBUG main            d.u.i.k.p.i.AbstractProblemLoader Init config took 2.41s 
65079      INFO  main            d.u.i.k.p.i.AbstractProblemLoader Replaying proof steam1.key 
65080      DEBUG main            d.u.i.k.p.i.IntermediateProofReplayer Proof replay took 6.8ns 
65396      INFO  main            d.u.i.k.p.r.p.TestFile    ... finished proof: closed. 
65586      INFO  main            d.u.i.k.p.i.AbstractProblemLoader Loading environment from /home/runner/work/key/key/key.core/../key.ui/examples/standard_key/pred_log/steam1.key.proof 
65586      DEBUG main            d.u.i.k.p.i.AbstractProblemLoader Environment load took 131.7ns 
65588      INFO  main            d.u.i.k.p.i.AbstractProblemLoader Creating init config 
67959      DEBUG main            d.u.i.k.p.i.AbstractProblemLoader Init config took 2.37s 
67981      INFO  main            d.u.i.k.p.i.AbstractProblemLoader Replaying proof steam1.key.proof 
68003      DEBUG main            d.u.i.k.p.i.IntermediateProofReplayer Proof replay took 17.34ms 
68005      DEBUG main            d.u.i.k.p.r.p.TestFile    ... success: reloaded. 
68006      INFO  main            d.u.i.k.p.r.p.TestFile    Now processing file /home/runner/work/key/key/key.core/../key.ui/examples/standard_key/pred_log/tptp/PUZ/PUZ001p1.key 
68006      INFO  main            d.u.i.k.p.i.AbstractProblemLoader Loading environment from /home/runner/work/key/key/key.core/../key.ui/examples/standard_key/pred_log/tptp/PUZ/PUZ001p1.key 
68006      DEBUG main            d.u.i.k.p.i.AbstractProblemLoader Environment load took 189.2ns 
68008      INFO  main            d.u.i.k.p.i.AbstractProblemLoader Creating init config 
70425      DEBUG main            d.u.i.k.p.i.AbstractProblemLoader Init config took 2.42s 
70444      INFO  main            d.u.i.k.p.i.AbstractProblemLoader Replaying proof PUZ001p1.key 
70445      DEBUG main            d.u.i.k.p.i.IntermediateProofReplayer Proof replay took 6.5ns 
73589      INFO  main            d.u.i.k.p.r.p.TestFile    ... finished proof: closed. 
73803      INFO  main            d.u.i.k.p.i.AbstractProblemLoader Loading environment from /home/runner/work/key/key/key.core/../key.ui/examples/standard_key/pred_log/tptp/PUZ/PUZ001p1.key.proof 
73804      DEBUG main            d.u.i.k.p.i.AbstractProblemLoader Environment load took 340.5ns 
73806      INFO  main            d.u.i.k.p.i.AbstractProblemLoader Creating init config 
76153      DEBUG main            d.u.i.k.p.i.AbstractProblemLoader Init config took 2.35s 
76171      INFO  main            d.u.i.k.p.i.AbstractProblemLoader Replaying proof PUZ001p1.key.proof 
76346      DEBUG main            d.u.i.k.p.i.IntermediateProofReplayer Proof replay took 159.27ms 
76348      DEBUG main            d.u.i.k.p.r.p.TestFile    ... success: reloaded. 
76349      INFO  main            d.u.i.k.p.r.p.TestFile    Now processing file /home/runner/work/key/key/key.core/../key.ui/examples/standard_key/pred_log/tptp/PUZ/PUZ001p1-eq.key 
76349      INFO  main            d.u.i.k.p.i.AbstractProblemLoader Loading environment from /home/runner/work/key/key/key.core/../key.ui/examples/standard_key/pred_log/tptp/PUZ/PUZ001p1-eq.key 
76349      DEBUG main            d.u.i.k.p.i.AbstractProblemLoader Environment load took 93.4ns 
76350      INFO  main            d.u.i.k.p.i.AbstractProblemLoader Creating init config 
78740      DEBUG main            d.u.i.k.p.i.AbstractProblemLoader Init config took 2.39s 
78757      INFO  main            d.u.i.k.p.i.AbstractProblemLoader Replaying proof PUZ001p1-eq.key 
78759      DEBUG main            d.u.i.k.p.i.IntermediateProofReplayer Proof replay took 6.5ns 
78862      INFO  main            d.u.i.k.p.r.p.TestFile    ... finished proof: closed. 
79084      INFO  main            d.u.i.k.p.i.AbstractProblemLoader Loading environment from /home/runner/work/key/key/key.core/../key.ui/examples/standard_key/pred_log/tptp/PUZ/PUZ001p1-eq.key.proof 
79084      DEBUG main            d.u.i.k.p.i.AbstractProblemLoader Environment load took 389.5ns 
79086      INFO  main            d.u.i.k.p.i.AbstractProblemLoader Creating init config 
81404      DEBUG main            d.u.i.k.p.i.AbstractProblemLoader Init config took 2.32s 
81418      INFO  main            d.u.i.k.p.i.AbstractProblemLoader Replaying proof PUZ001p1-eq.key.proof 
81432      DEBUG main            d.u.i.k.p.i.IntermediateProofReplayer Proof replay took 10.87ms 
81433      DEBUG main            d.u.i.k.p.r.p.TestFile    ... success: reloaded. 
81433      INFO  main            d.u.i.k.p.r.p.TestFile    Now processing file /home/runner/work/key/key/key.core/../key.ui/examples/standard_key/pred_log/tptp/PUZ/PUZ031p1.key 
81434      INFO  main            d.u.i.k.p.i.AbstractProblemLoader Loading environment from /home/runner/work/key/key/key.core/../key.ui/examples/standard_key/pred_log/tptp/PUZ/PUZ031p1.key 
81434      DEBUG main            d.u.i.k.p.i.AbstractProblemLoader Environment load took 180.4ns 
81435      INFO  main            d.u.i.k.p.i.AbstractProblemLoader Creating init config 
83778      DEBUG main            d.u.i.k.p.i.AbstractProblemLoader Init config took 2.34s 
83793      INFO  main            d.u.i.k.p.i.AbstractProblemLoader Replaying proof PUZ031p1.key 
83795      DEBUG main            d.u.i.k.p.i.IntermediateProofReplayer Proof replay took 6.9ns 
91888      INFO  main            d.u.i.k.p.r.p.TestFile    ... finished proof: closed. 
92091      INFO  main            d.u.i.k.p.i.AbstractProblemLoader Loading environment from /home/runner/work/key/key/key.core/../key.ui/examples/standard_key/pred_log/tptp/PUZ/PUZ031p1.key.proof 
92091      DEBUG main            d.u.i.k.p.i.AbstractProblemLoader Environment load took 142.8ns 
92095      INFO  main            d.u.i.k.p.i.AbstractProblemLoader Creating init config 
94399      DEBUG main            d.u.i.k.p.i.AbstractProblemLoader Init config took 2.3s 
94414      INFO  main            d.u.i.k.p.i.AbstractProblemLoader Replaying proof PUZ031p1.key.proof 
94473      DEBUG main            d.u.i.k.p.i.IntermediateProofReplayer Proof replay took 53.8ms 
94475      DEBUG main            d.u.i.k.p.r.p.TestFile    ... success: reloaded. 
94476      INFO  main            d.u.i.k.p.r.p.TestFile    Now processing file /home/runner/work/key/key/key.core/../key.ui/examples/standard_key/pred_log/tptp/SET/SET027p3.key 
94476      INFO  main            d.u.i.k.p.i.AbstractProblemLoader Loading environment from /home/runner/work/key/key/key.core/../key.ui/examples/standard_key/pred_log/tptp/SET/SET027p3.key 
94476      DEBUG main            d.u.i.k.p.i.AbstractProblemLoader Environment load took 172.4ns 
94477      INFO  main            d.u.i.k.p.i.AbstractProblemLoader Creating init config 
96886      DEBUG main            d.u.i.k.p.i.AbstractProblemLoader Init config took 2.41s 
96900      INFO  main            d.u.i.k.p.i.AbstractProblemLoader Replaying proof SET027p3.key 
96901      DEBUG main            d.u.i.k.p.i.IntermediateProofReplayer Proof replay took 7.1ns 
97003      INFO  main            d.u.i.k.p.r.p.TestFile    ... finished proof: closed. 
97218      INFO  main            d.u.i.k.p.i.AbstractProblemLoader Loading environment from /home/runner/work/key/key/key.core/../key.ui/examples/standard_key/pred_log/tptp/SET/SET027p3.key.proof 
97218      DEBUG main            d.u.i.k.p.i.AbstractProblemLoader Environment load took 121.5ns 
97220      INFO  main            d.u.i.k.p.i.AbstractProblemLoader Creating init config 
99528      DEBUG main            d.u.i.k.p.i.AbstractProblemLoader Init config took 2.31s 
99543      INFO  main            d.u.i.k.p.i.AbstractProblemLoader Replaying proof SET027p3.key.proof 
99554      DEBUG main            d.u.i.k.p.i.IntermediateProofReplayer Proof replay took 6.78ms 
99555      DEBUG main            d.u.i.k.p.r.p.TestFile    ... success: reloaded. 
99556      INFO  main            d.u.i.k.p.r.p.TestFile    Now processing file /home/runner/work/key/key/key.core/../key.ui/examples/standard_key/pred_log/tptp/SET/SET043p1.key 
99556      INFO  main            d.u.i.k.p.i.AbstractProblemLoader Loading environment from /home/runner/work/key/key/key.core/../key.ui/examples/standard_key/pred_log/tptp/SET/SET043p1.key 
99557      DEBUG main            d.u.i.k.p.i.AbstractProblemLoader Environment load took 198.2ns 
99557      INFO  main            d.u.i.k.p.i.AbstractProblemLoader Creating init config 
101900     DEBUG main            d.u.i.k.p.i.AbstractProblemLoader Init config took 2.34s 
101914     INFO  main            d.u.i.k.p.i.AbstractProblemLoader Replaying proof SET043p1.key 
101915     DEBUG main            d.u.i.k.p.i.IntermediateProofReplayer Proof replay took 8.1ns 
102017     INFO  main            d.u.i.k.p.r.p.TestFile    ... finished proof: closed. 
102228     INFO  main            d.u.i.k.p.i.AbstractProblemLoader Loading environment from /home/runner/work/key/key/key.core/../key.ui/examples/standard_key/pred_log/tptp/SET/SET043p1.key.proof 
102228     DEBUG main            d.u.i.k.p.i.AbstractProblemLoader Environment load took 170.1ns 
102229     INFO  main            d.u.i.k.p.i.AbstractProblemLoader Creating init config 
104538     DEBUG main            d.u.i.k.p.i.AbstractProblemLoader Init config took 2.31s 
104552     INFO  main            d.u.i.k.p.i.AbstractProblemLoader Replaying proof SET043p1.key.proof 
104558     DEBUG main            d.u.i.k.p.i.IntermediateProofReplayer Proof replay took 1.83ms 
104560     DEBUG main            d.u.i.k.p.r.p.TestFile    ... success: reloaded. 
104561     INFO  main            d.u.i.k.p.r.p.TestFile    Now processing file /home/runner/work/key/key/key.core/../key.ui/examples/standard_key/pred_log/tptp/SET/SET045p1.key 
104561     INFO  main            d.u.i.k.p.i.AbstractProblemLoader Loading environment from /home/runner/work/key/key/key.core/../key.ui/examples/standard_key/pred_log/tptp/SET/SET045p1.key 
104561     DEBUG main            d.u.i.k.p.i.AbstractProblemLoader Environment load took 92.3ns 
104562     INFO  main            d.u.i.k.p.i.AbstractProblemLoader Creating init config 
106946     DEBUG main            d.u.i.k.p.i.AbstractProblemLoader Init config took 2.38s 
106960     INFO  main            d.u.i.k.p.i.AbstractProblemLoader Replaying proof SET045p1.key 
106961     DEBUG main            d.u.i.k.p.i.IntermediateProofReplayer Proof replay took 7.4ns 
107063     INFO  main            d.u.i.k.p.r.p.TestFile    ... finished proof: closed. 
107273     INFO  main            d.u.i.k.p.i.AbstractProblemLoader Loading environment from /home/runner/work/key/key/key.core/../key.ui/examples/standard_key/pred_log/tptp/SET/SET045p1.key.proof 
107274     DEBUG main            d.u.i.k.p.i.AbstractProblemLoader Environment load took 111.4ns 
107275     INFO  main            d.u.i.k.p.i.AbstractProblemLoader Creating init config 
109601     DEBUG main            d.u.i.k.p.i.AbstractProblemLoader Init config took 2.33s 
109615     INFO  main            d.u.i.k.p.i.AbstractProblemLoader Replaying proof SET045p1.key.proof 
109621     DEBUG main            d.u.i.k.p.i.IntermediateProofReplayer Proof replay took 4.19ms 
109622     DEBUG main            d.u.i.k.p.r.p.TestFile    ... success: reloaded. 
109622     INFO  main            d.u.i.k.p.r.p.TestFile    Now processing file /home/runner/work/key/key/key.core/../key.ui/examples/standard_key/pred_log/tptp/SET/SET062p3.key 
109623     INFO  main            d.u.i.k.p.i.AbstractProblemLoader Loading environment from /home/runner/work/key/key/key.core/../key.ui/examples/standard_key/pred_log/tptp/SET/SET062p3.key 
109623     DEBUG main            d.u.i.k.p.i.AbstractProblemLoader Environment load took 95.7ns 
109624     INFO  main            d.u.i.k.p.i.AbstractProblemLoader Creating init config 
112019     DEBUG main            d.u.i.k.p.i.AbstractProblemLoader Init config took 2.4s 
112033     INFO  main            d.u.i.k.p.i.AbstractProblemLoader Replaying proof SET062p3.key 
112034     DEBUG main            d.u.i.k.p.i.IntermediateProofReplayer Proof replay took 8.2ns 
112138     INFO  main            d.u.i.k.p.r.p.TestFile    ... finished proof: closed. 
112354     INFO  main            d.u.i.k.p.i.AbstractProblemLoader Loading environment from /home/runner/work/key/key/key.core/../key.ui/examples/standard_key/pred_log/tptp/SET/SET062p3.key.proof 
112354     DEBUG main            d.u.i.k.p.i.AbstractProblemLoader Environment load took 109.3ns 
112355     INFO  main            d.u.i.k.p.i.AbstractProblemLoader Creating init config 
114651     DEBUG main            d.u.i.k.p.i.AbstractProblemLoader Init config took 2.3s 
114665     INFO  main            d.u.i.k.p.i.AbstractProblemLoader Replaying proof SET062p3.key.proof 
114674     DEBUG main            d.u.i.k.p.i.IntermediateProofReplayer Proof replay took 7.81ms 
114675     DEBUG main            d.u.i.k.p.r.p.TestFile    ... success: reloaded. 
114676     INFO  main            d.u.i.k.p.r.p.TestFile    Now processing file /home/runner/work/key/key/key.core/../key.ui/examples/standard_key/pred_log/tptp/SET/SET063p3.key 
114677     INFO  main            d.u.i.k.p.i.AbstractProblemLoader Loading environment from /home/runner/work/key/key/key.core/../key.ui/examples/standard_key/pred_log/tptp/SET/SET063p3.key 
114678     DEBUG main            d.u.i.k.p.i.AbstractProblemLoader Environment load took 1.03ms 
114679     INFO  main            d.u.i.k.p.i.AbstractProblemLoader Creating init config 
117052     DEBUG main            d.u.i.k.p.i.AbstractProblemLoader Init config took 2.37s 
117066     INFO  main            d.u.i.k.p.i.AbstractProblemLoader Replaying proof SET063p3.key 
117068     DEBUG main            d.u.i.k.p.i.IntermediateProofReplayer Proof replay took 20.2ns 
117170     INFO  main            d.u.i.k.p.r.p.TestFile    ... finished proof: closed. 
117408     INFO  main            d.u.i.k.p.i.AbstractProblemLoader Loading environment from /home/runner/work/key/key/key.core/../key.ui/examples/standard_key/pred_log/tptp/SET/SET063p3.key.proof 
117408     DEBUG main            d.u.i.k.p.i.AbstractProblemLoader Environment load took 125.5ns 
117409     INFO  main            d.u.i.k.p.i.AbstractProblemLoader Creating init config 
119707     DEBUG main            d.u.i.k.p.i.AbstractProblemLoader Init config took 2.3s 
119721     INFO  main            d.u.i.k.p.i.AbstractProblemLoader Replaying proof SET063p3.key.proof 
119727     DEBUG main            d.u.i.k.p.i.IntermediateProofReplayer Proof replay took 4.95ms 
119728     DEBUG main            d.u.i.k.p.r.p.TestFile    ... success: reloaded. 
119729     INFO  main            d.u.i.k.p.r.p.TestFile    Now processing file /home/runner/work/key/key/key.core/../key.ui/examples/standard_key/pred_log/tptp/SYN/SYN036p2.key 
119729     INFO  main            d.u.i.k.p.i.AbstractProblemLoader Loading environment from /home/runner/work/key/key/key.core/../key.ui/examples/standard_key/pred_log/tptp/SYN/SYN036p2.key 
119729     DEBUG main            d.u.i.k.p.i.AbstractProblemLoader Environment load took 73.5ns 
119730     INFO  main            d.u.i.k.p.i.AbstractProblemLoader Creating init config 
122079     DEBUG main            d.u.i.k.p.i.AbstractProblemLoader Init config took 2.35s 
122095     INFO  main            d.u.i.k.p.i.AbstractProblemLoader Replaying proof SYN036p2.key 
122096     DEBUG main            d.u.i.k.p.i.IntermediateProofReplayer Proof replay took 6.8ns 
122401     INFO  main            d.u.i.k.p.r.p.TestFile    ... finished proof: closed. 
122645     INFO  main            d.u.i.k.p.i.AbstractProblemLoader Loading environment from /home/runner/work/key/key/key.core/../key.ui/examples/standard_key/pred_log/tptp/SYN/SYN036p2.key.proof 
122645     DEBUG main            d.u.i.k.p.i.AbstractProblemLoader Environment load took 347.81ns 
122647     INFO  main            d.u.i.k.p.i.AbstractProblemLoader Creating init config 
124930     DEBUG main            d.u.i.k.p.i.AbstractProblemLoader Init config took 2.28s 
124944     INFO  main            d.u.i.k.p.i.AbstractProblemLoader Replaying proof SYN036p2.key.proof 
125012     DEBUG main            d.u.i.k.p.i.IntermediateProofReplayer Proof replay took 59.53ms 
125013     DEBUG main            d.u.i.k.p.r.p.TestFile    ... success: reloaded. 
125014     INFO  main            d.u.i.k.p.r.p.TestFile    Now processing file /home/runner/work/key/key/key.core/../key.ui/examples/standard_key/pred_log/tptp/SYN/SYN550p1.key 
125014     INFO  main            d.u.i.k.p.i.AbstractProblemLoader Loading environment from /home/runner/work/key/key/key.core/../key.ui/examples/standard_key/pred_log/tptp/SYN/SYN550p1.key 
125014     DEBUG main            d.u.i.k.p.i.AbstractProblemLoader Environment load took 74.8ns 
125015     INFO  main            d.u.i.k.p.i.AbstractProblemLoader Creating init config 
127373     DEBUG main            d.u.i.k.p.i.AbstractProblemLoader Init config took 2.36s 
127387     INFO  main            d.u.i.k.p.i.AbstractProblemLoader Replaying proof SYN550p1.key 
127388     DEBUG main            d.u.i.k.p.i.IntermediateProofReplayer Proof replay took 6.8ns 
130195     INFO  main            d.u.i.k.p.r.p.TestFile    ... finished proof: closed. 
130443     INFO  main            d.u.i.k.p.i.AbstractProblemLoader Loading environment from /home/runner/work/key/key/key.core/../key.ui/examples/standard_key/pred_log/tptp/SYN/SYN550p1.key.proof 
130443     DEBUG main            d.u.i.k.p.i.AbstractProblemLoader Environment load took 346.7ns 
130445     INFO  main            d.u.i.k.p.i.AbstractProblemLoader Creating init config 
132729     DEBUG main            d.u.i.k.p.i.AbstractProblemLoader Init config took 2.28s 
132742     INFO  main            d.u.i.k.p.i.AbstractProblemLoader Replaying proof SYN550p1.key.proof 
132812     DEBUG main            d.u.i.k.p.i.IntermediateProofReplayer Proof replay took 62.7ms 
132813     DEBUG main            d.u.i.k.p.r.p.TestFile    ... success: reloaded. 
132814     INFO  main            d.u.i.k.p.r.p.TestFile    Now processing file /home/runner/work/key/key/key.core/../key.ui/examples/standard_key/prop_log/reallySimple.key 
132814     INFO  main            d.u.i.k.p.i.AbstractProblemLoader Loading environment from /home/runner/work/key/key/key.core/../key.ui/examples/standard_key/prop_log/reallySimple.key 
132814     DEBUG main            d.u.i.k.p.i.AbstractProblemLoader Environment load took 73.5ns 
132815     INFO  main            d.u.i.k.p.i.AbstractProblemLoader Creating init config 
135176     DEBUG main            d.u.i.k.p.i.AbstractProblemLoader Init config took 2.36s 
135195     INFO  main            d.u.i.k.p.i.AbstractProblemLoader Replaying proof reallySimple.key 
135197     DEBUG main            d.u.i.k.p.i.IntermediateProofReplayer Proof replay took 6.4ns 
135305     INFO  main            d.u.i.k.p.r.p.TestFile    ... finished proof: open goal(s) 
135562     INFO  main            d.u.i.k.p.r.p.TestFile    Now processing file /home/runner/work/key/key/key.core/../key.ui/examples/standard_key/pred_log/sameName1.key 
135562     INFO  main            d.u.i.k.p.i.AbstractProblemLoader Loading environment from /home/runner/work/key/key/key.core/../key.ui/examples/standard_key/pred_log/sameName1.key 
135562     DEBUG main            d.u.i.k.p.i.AbstractProblemLoader Environment load took 60.9ns 
135563     INFO  main            d.u.i.k.p.i.AbstractProblemLoader Creating init config 
137841     DEBUG main            d.u.i.k.p.i.AbstractProblemLoader Init config took 2.28s 
137855     INFO  main            d.u.i.k.p.i.AbstractProblemLoader Replaying proof sameName1.key 
137856     DEBUG main            d.u.i.k.p.i.IntermediateProofReplayer Proof replay took 5.9ns 
137958     INFO  main            d.u.i.k.p.r.p.TestFile    ... finished proof: open goal(s) 
138194     INFO  main            d.u.i.k.p.r.p.TestFile    Now processing file /home/runner/work/key/key/key.core/../key.ui/examples/standard_key/pred_log/jbyteIfEx.key 
138195     INFO  main            d.u.i.k.p.i.AbstractProblemLoader Loading environment from /home/runner/work/key/key/key.core/../key.ui/examples/standard_key/pred_log/jbyteIfEx.key 
138195     DEBUG main            d.u.i.k.p.i.AbstractProblemLoader Environment load took 64.8ns 
138196     INFO  main            d.u.i.k.p.i.AbstractProblemLoader Creating init config 
140478     DEBUG main            d.u.i.k.p.i.AbstractProblemLoader Init config took 2.28s 
140491     INFO  main            d.u.i.k.p.i.AbstractProblemLoader Replaying proof jbyteIfEx.key 
140492     DEBUG main            d.u.i.k.p.i.IntermediateProofReplayer Proof replay took 6.6ns 
140598     INFO  main            d.u.i.k.p.r.p.TestFile    ... finished proof: closed. 
140897     INFO  main            d.u.i.k.p.i.AbstractProblemLoader Loading environment from /home/runner/work/key/key/key.core/../key.ui/examples/standard_key/pred_log/jbyteIfEx.key.proof 
140897     DEBUG main            d.u.i.k.p.i.AbstractProblemLoader Environment load took 112.1ns 
140898     INFO  main            d.u.i.k.p.i.AbstractProblemLoader Creating init config 
143179     DEBUG main            d.u.i.k.p.i.AbstractProblemLoader Init config took 2.28s 
143193     INFO  main            d.u.i.k.p.i.AbstractProblemLoader Replaying proof jbyteIfEx.key.proof 
143202     DEBUG main            d.u.i.k.p.i.IntermediateProofReplayer Proof replay took 7.48ms 
143203     DEBUG main            d.u.i.k.p.r.p.TestFile    ... success: reloaded. 
143203     INFO  main            d.u.i.k.p.r.p.TestFile    Now processing file /home/runner/work/key/key/key.core/../key.ui/examples/standard_key/prop_log/allClausesLength4.key 
143203     INFO  main            d.u.i.k.p.i.AbstractProblemLoader Loading environment from /home/runner/work/key/key/key.core/../key.ui/examples/standard_key/prop_log/allClausesLength4.key 
143203     DEBUG main            d.u.i.k.p.i.AbstractProblemLoader Environment load took 85.9ns 
143204     INFO  main            d.u.i.k.p.i.AbstractProblemLoader Creating init config 
145589     DEBUG main            d.u.i.k.p.i.AbstractProblemLoader Init config took 2.38s 
145604     INFO  main            d.u.i.k.p.i.AbstractProblemLoader Replaying proof allClausesLength4.key 
145605     DEBUG main            d.u.i.k.p.i.IntermediateProofReplayer Proof replay took 6.4ns 
145707     INFO  main            d.u.i.k.p.r.p.TestFile    ... finished proof: closed. 
145952     INFO  main            d.u.i.k.p.i.AbstractProblemLoader Loading environment from /home/runner/work/key/key/key.core/../key.ui/examples/standard_key/prop_log/allClausesLength4.key.proof 
145952     DEBUG main            d.u.i.k.p.i.AbstractProblemLoader Environment load took 111.3ns 
145953     INFO  main            d.u.i.k.p.i.AbstractProblemLoader Creating init config 
148231     DEBUG main            d.u.i.k.p.i.AbstractProblemLoader Init config took 2.28s 
148245     INFO  main            d.u.i.k.p.i.AbstractProblemLoader Replaying proof allClausesLength4.key.proof 
148257     DEBUG main            d.u.i.k.p.i.IntermediateProofReplayer Proof replay took 10.21ms 
148258     DEBUG main            d.u.i.k.p.r.p.TestFile    ... success: reloaded. 
148259     INFO  main            d.u.i.k.p.r.p.TestFile    Now processing file /home/runner/work/key/key/key.core/../key.ui/examples/standard_key/prop_log/allClausesLength5.key 
148259     INFO  main            d.u.i.k.p.i.AbstractProblemLoader Loading environment from /home/runner/work/key/key/key.core/../key.ui/examples/standard_key/prop_log/allClausesLength5.key 
148259     DEBUG main            d.u.i.k.p.i.AbstractProblemLoader Environment load took 79.8ns 
148261     INFO  main            d.u.i.k.p.i.AbstractProblemLoader Creating init config 
150636     DEBUG main            d.u.i.k.p.i.AbstractProblemLoader Init config took 2.37s 
150650     INFO  main            d.u.i.k.p.i.AbstractProblemLoader Replaying proof allClausesLength5.key 
150651     DEBUG main            d.u.i.k.p.i.IntermediateProofReplayer Proof replay took 6.5ns 
150955     INFO  main            d.u.i.k.p.r.p.TestFile    ... finished proof: closed. 
151223     INFO  main            d.u.i.k.p.i.AbstractProblemLoader Loading environment from /home/runner/work/key/key/key.core/../key.ui/examples/standard_key/prop_log/allClausesLength5.key.proof 
151224     DEBUG main            d.u.i.k.p.i.AbstractProblemLoader Environment load took 1.17ms 
151226     INFO  main            d.u.i.k.p.i.AbstractProblemLoader Creating init config 
153512     DEBUG main            d.u.i.k.p.i.AbstractProblemLoader Init config took 2.29s 
153526     INFO  main            d.u.i.k.p.i.AbstractProblemLoader Replaying proof allClausesLength5.key.proof 
153565     DEBUG main            d.u.i.k.p.i.IntermediateProofReplayer Proof replay took 34.24ms 
153567     DEBUG main            d.u.i.k.p.r.p.TestFile    ... success: reloaded. 
153568     INFO  main            d.u.i.k.p.r.p.TestFile    Now processing file /home/runner/work/key/key/key.core/../key.ui/examples/standard_key/prop_log/doubleNeg.key 
153568     INFO  main            d.u.i.k.p.i.AbstractProblemLoader Loading environment from /home/runner/work/key/key/key.core/../key.ui/examples/standard_key/prop_log/doubleNeg.key 
153568     DEBUG main            d.u.i.k.p.i.AbstractProblemLoader Environment load took 161.2ns 
153569     INFO  main            d.u.i.k.p.i.AbstractProblemLoader Creating init config 
155890     DEBUG main            d.u.i.k.p.i.AbstractProblemLoader Init config took 2.32s 
155903     INFO  main            d.u.i.k.p.i.AbstractProblemLoader Replaying proof doubleNeg.key 
155904     DEBUG main            d.u.i.k.p.i.IntermediateProofReplayer Proof replay took 6.6ns 
156006     INFO  main            d.u.i.k.p.r.p.TestFile    ... finished proof: closed. 
156268     INFO  main            d.u.i.k.p.i.AbstractProblemLoader Loading environment from /home/runner/work/key/key/key.core/../key.ui/examples/standard_key/prop_log/doubleNeg.key.proof 
156268     DEBUG main            d.u.i.k.p.i.AbstractProblemLoader Environment load took 96.6ns 
156269     INFO  main            d.u.i.k.p.i.AbstractProblemLoader Creating init config 
158549     DEBUG main            d.u.i.k.p.i.AbstractProblemLoader Init config took 2.28s 
158563     INFO  main            d.u.i.k.p.i.AbstractProblemLoader Replaying proof doubleNeg.key.proof 
158564     DEBUG main            d.u.i.k.p.i.IntermediateProofReplayer Proof replay took 333.3ns 
158565     DEBUG main            d.u.i.k.p.r.p.TestFile    ... success: reloaded. 
158566     INFO  main            d.u.i.k.p.r.p.TestFile    Now processing file /home/runner/work/key/key/key.core/../key.ui/examples/standard_key/prop_log/liarsville.key 
158566     INFO  main            d.u.i.k.p.i.AbstractProblemLoader Loading environment from /home/runner/work/key/key/key.core/../key.ui/examples/standard_key/prop_log/liarsville.key 
158566     DEBUG main            d.u.i.k.p.i.AbstractProblemLoader Environment load took 112.9ns 
158567     INFO  main            d.u.i.k.p.i.AbstractProblemLoader Creating init config 
160886     DEBUG main            d.u.i.k.p.i.AbstractProblemLoader Init config took 2.32s 
160900     INFO  main            d.u.i.k.p.i.AbstractProblemLoader Replaying proof liarsville.key 
160901     DEBUG main            d.u.i.k.p.i.IntermediateProofReplayer Proof replay took 6.3ns 
161002     INFO  main            d.u.i.k.p.r.p.TestFile    ... finished proof: closed. 
161260     INFO  main            d.u.i.k.p.i.AbstractProblemLoader Loading environment from /home/runner/work/key/key/key.core/../key.ui/examples/standard_key/prop_log/liarsville.key.proof 
161260     DEBUG main            d.u.i.k.p.i.AbstractProblemLoader Environment load took 107.8ns 
161261     INFO  main            d.u.i.k.p.i.AbstractProblemLoader Creating init config 
163544     DEBUG main            d.u.i.k.p.i.AbstractProblemLoader Init config took 2.28s 
163560     INFO  main            d.u.i.k.p.i.AbstractProblemLoader Replaying proof liarsville.key.proof 
163562     DEBUG main            d.u.i.k.p.i.IntermediateProofReplayer Proof replay took 915.91ns 
163563     DEBUG main            d.u.i.k.p.r.p.TestFile    ... success: reloaded. 
163563     INFO  main            d.u.i.k.p.r.p.TestFile    Now processing file /home/runner/work/key/key/key.core/../key.ui/examples/standard_key/prop_log/simplest.key 
163564     INFO  main            d.u.i.k.p.i.AbstractProblemLoader Loading environment from /home/runner/work/key/key/key.core/../key.ui/examples/standard_key/prop_log/simplest.key 
163564     DEBUG main            d.u.i.k.p.i.AbstractProblemLoader Environment load took 155.4ns 
163565     INFO  main            d.u.i.k.p.i.AbstractProblemLoader Creating init config 
165886     DEBUG main            d.u.i.k.p.i.AbstractProblemLoader Init config took 2.32s 
165899     INFO  main            d.u.i.k.p.i.AbstractProblemLoader Replaying proof simplest.key 
165900     DEBUG main            d.u.i.k.p.i.IntermediateProofReplayer Proof replay took 6.6ns 
166002     INFO  main            d.u.i.k.p.r.p.TestFile    ... finished proof: closed. 
166273     INFO  main            d.u.i.k.p.i.AbstractProblemLoader Loading environment from /home/runner/work/key/key/key.core/../key.ui/examples/standard_key/prop_log/simplest.key.proof 
166274     DEBUG main            d.u.i.k.p.i.AbstractProblemLoader Environment load took 98.4ns 
166274     INFO  main            d.u.i.k.p.i.AbstractProblemLoader Creating init config 
168561     DEBUG main            d.u.i.k.p.i.AbstractProblemLoader Init config took 2.29s 
168574     INFO  main            d.u.i.k.p.i.AbstractProblemLoader Replaying proof simplest.key.proof 
168575     DEBUG main            d.u.i.k.p.i.IntermediateProofReplayer Proof replay took 78.8ns 
168576     DEBUG main            d.u.i.k.p.r.p.TestFile    ... success: reloaded. 
168576     INFO  main            d.u.i.k.p.r.p.TestFile    Now processing file /home/runner/work/key/key/key.core/../key.ui/examples/standard_key/prop_log/contraposition.key 
168576     INFO  main            d.u.i.k.p.i.AbstractProblemLoader Loading environment from /home/runner/work/key/key/key.core/../key.ui/examples/standard_key/prop_log/contraposition.key 
168576     DEBUG main            d.u.i.k.p.i.AbstractProblemLoader Environment load took 74.8ns 
168577     INFO  main            d.u.i.k.p.i.AbstractProblemLoader Creating init config 
170894     DEBUG main            d.u.i.k.p.i.AbstractProblemLoader Init config took 2.32s 
170925     INFO  main            d.u.i.k.p.i.AbstractProblemLoader Replaying proof contraposition.key 
170926     DEBUG main            d.u.i.k.p.i.IntermediateProofReplayer Proof replay took 6.7ns 
171030     INFO  main            d.u.i.k.p.r.p.TestFile    ... finished proof: closed. 
171298     INFO  main            d.u.i.k.p.i.AbstractProblemLoader Loading environment from /home/runner/work/key/key/key.core/../key.ui/examples/standard_key/prop_log/contraposition.key.proof 
171299     DEBUG main            d.u.i.k.p.i.AbstractProblemLoader Environment load took 97.2ns 
171299     INFO  main            d.u.i.k.p.i.AbstractProblemLoader Creating init config 
173583     DEBUG main            d.u.i.k.p.i.AbstractProblemLoader Init config took 2.28s 
173596     INFO  main            d.u.i.k.p.i.AbstractProblemLoader Replaying proof contraposition.key.proof 
173597     DEBUG main            d.u.i.k.p.i.IntermediateProofReplayer Proof replay took 431.81ns 
173598     DEBUG main            d.u.i.k.p.r.p.TestFile    ... success: reloaded. 
173598     INFO  main            d.u.i.k.p.r.p.TestFile    Now processing file /home/runner/work/key/key/key.core/../key.ui/examples/standard_key/quantifiers/elimination0.key 
173599     INFO  main            d.u.i.k.p.i.AbstractProblemLoader Loading environment from /home/runner/work/key/key/key.core/../key.ui/examples/standard_key/quantifiers/elimination0.key 
173599     DEBUG main            d.u.i.k.p.i.AbstractProblemLoader Environment load took 78.6ns 
173600     INFO  main            d.u.i.k.p.i.AbstractProblemLoader Creating init config 
175929     DEBUG main            d.u.i.k.p.i.AbstractProblemLoader Init config took 2.33s 
175942     INFO  main            d.u.i.k.p.i.AbstractProblemLoader Replaying proof elimination0.key 
175944     DEBUG main            d.u.i.k.p.i.IntermediateProofReplayer Proof replay took 6.4ns 
176045     INFO  main            d.u.i.k.p.r.p.TestFile    ... finished proof: closed. 
176364     INFO  main            d.u.i.k.p.i.AbstractProblemLoader Loading environment from /home/runner/work/key/key/key.core/../key.ui/examples/standard_key/quantifiers/elimination0.key.proof 
176364     DEBUG main            d.u.i.k.p.i.AbstractProblemLoader Environment load took 97.3ns 
176365     INFO  main            d.u.i.k.p.i.AbstractProblemLoader Creating init config 
178650     DEBUG main            d.u.i.k.p.i.AbstractProblemLoader Init config took 2.28s 
178665     INFO  main            d.u.i.k.p.i.AbstractProblemLoader Replaying proof elimination0.key.proof 
178668     DEBUG main            d.u.i.k.p.i.IntermediateProofReplayer Proof replay took 1.16ms 
178668     DEBUG main            d.u.i.k.p.r.p.TestFile    ... success: reloaded. 
178669     INFO  main            d.u.i.k.p.r.p.TestFile    Now processing file /home/runner/work/key/key/key.core/../key.ui/examples/standard_key/quantifiers/heuristic_PUZ001p1-eq.key 
178669     INFO  main            d.u.i.k.p.i.AbstractProblemLoader Loading environment from /home/runner/work/key/key/key.core/../key.ui/examples/standard_key/quantifiers/heuristic_PUZ001p1-eq.key 
178669     DEBUG main            d.u.i.k.p.i.AbstractProblemLoader Environment load took 114.6ns 
178671     INFO  main            d.u.i.k.p.i.AbstractProblemLoader Creating init config 
181011     DEBUG main            d.u.i.k.p.i.AbstractProblemLoader Init config took 2.34s 
181025     INFO  main            d.u.i.k.p.i.AbstractProblemLoader Replaying proof heuristic_PUZ001p1-eq.key 
181026     DEBUG main            d.u.i.k.p.i.IntermediateProofReplayer Proof replay took 6.7ns 
181128     INFO  main            d.u.i.k.p.r.p.TestFile    ... finished proof: closed. 
181422     INFO  main            d.u.i.k.p.i.AbstractProblemLoader Loading environment from /home/runner/work/key/key/key.core/../key.ui/examples/standard_key/quantifiers/heuristic_PUZ001p1-eq.key.proof 
181422     DEBUG main            d.u.i.k.p.i.AbstractProblemLoader Environment load took 102.2ns 
181423     INFO  main            d.u.i.k.p.i.AbstractProblemLoader Creating init config 
183704     DEBUG main            d.u.i.k.p.i.AbstractProblemLoader Init config took 2.28s 
183717     INFO  main            d.u.i.k.p.i.AbstractProblemLoader Replaying proof heuristic_PUZ001p1-eq.key.proof 
183734     DEBUG main            d.u.i.k.p.i.IntermediateProofReplayer Proof replay took 14.87ms 
183736     DEBUG main            d.u.i.k.p.r.p.TestFile    ... success: reloaded. 
183738     INFO  main            d.u.i.k.p.r.p.TestFile    Now processing file /home/runner/work/key/key/key.core/../key.ui/examples/standard_key/quantifiers/heuristic_PUZ001p1.key 
183738     INFO  main            d.u.i.k.p.i.AbstractProblemLoader Loading environment from /home/runner/work/key/key/key.core/../key.ui/examples/standard_key/quantifiers/heuristic_PUZ001p1.key 
183738     DEBUG main            d.u.i.k.p.i.AbstractProblemLoader Environment load took 53.2ns 
183740     INFO  main            d.u.i.k.p.i.AbstractProblemLoader Creating init config 
186087     DEBUG main            d.u.i.k.p.i.AbstractProblemLoader Init config took 2.35s 
186101     INFO  main            d.u.i.k.p.i.AbstractProblemLoader Replaying proof heuristic_PUZ001p1.key 
186103     DEBUG main            d.u.i.k.p.i.IntermediateProofReplayer Proof replay took 6.2ns 
187508     INFO  main            d.u.i.k.p.r.p.TestFile    ... finished proof: closed. 
187833     INFO  main            d.u.i.k.p.i.AbstractProblemLoader Loading environment from /home/runner/work/key/key/key.core/../key.ui/examples/standard_key/quantifiers/heuristic_PUZ001p1.key.proof 
187833     DEBUG main            d.u.i.k.p.i.AbstractProblemLoader Environment load took 385.7ns 
187835     INFO  main            d.u.i.k.p.i.AbstractProblemLoader Creating init config 
190116     DEBUG main            d.u.i.k.p.i.AbstractProblemLoader Init config took 2.28s 
190131     INFO  main            d.u.i.k.p.i.AbstractProblemLoader Replaying proof heuristic_PUZ001p1.key.proof 
190175     DEBUG main            d.u.i.k.p.i.IntermediateProofReplayer Proof replay took 40.09ms 
190176     DEBUG main            d.u.i.k.p.r.p.TestFile    ... success: reloaded. 
190177     INFO  main            d.u.i.k.p.r.p.TestFile    Now processing file /home/runner/work/key/key/key.core/../key.ui/examples/standard_key/quantifiers/heuristic_PUZ031p1.key 
190177     INFO  main            d.u.i.k.p.i.AbstractProblemLoader Loading environment from /home/runner/work/key/key/key.core/../key.ui/examples/standard_key/quantifiers/heuristic_PUZ031p1.key 
190177     DEBUG main            d.u.i.k.p.i.AbstractProblemLoader Environment load took 76.6ns 
190179     INFO  main            d.u.i.k.p.i.AbstractProblemLoader Creating init config 
192544     DEBUG main            d.u.i.k.p.i.AbstractProblemLoader Init config took 2.37s 
192558     INFO  main            d.u.i.k.p.i.AbstractProblemLoader Replaying proof heuristic_PUZ031p1.key 
192559     DEBUG main            d.u.i.k.p.i.IntermediateProofReplayer Proof replay took 6.5ns 
197171     INFO  main            d.u.i.k.p.r.p.TestFile    ... finished proof: closed. 
197495     INFO  main            d.u.i.k.p.i.AbstractProblemLoader Loading environment from /home/runner/work/key/key/key.core/../key.ui/examples/standard_key/quantifiers/heuristic_PUZ031p1.key.proof 
197497     DEBUG main            d.u.i.k.p.i.AbstractProblemLoader Environment load took 2.49ms 
197500     INFO  main            d.u.i.k.p.i.AbstractProblemLoader Creating init config 
199778     DEBUG main            d.u.i.k.p.i.AbstractProblemLoader Init config took 2.28s 
199792     INFO  main            d.u.i.k.p.i.AbstractProblemLoader Replaying proof heuristic_PUZ031p1.key.proof 
199842     DEBUG main            d.u.i.k.p.i.IntermediateProofReplayer Proof replay took 46.25ms 
199844     DEBUG main            d.u.i.k.p.r.p.TestFile    ... success: reloaded. 
199844     INFO  main            d.u.i.k.p.r.p.TestFile    Now processing file /home/runner/work/key/key/key.core/../key.ui/examples/standard_key/quantifiers/heuristic_SYN036p2.key 
199845     INFO  main            d.u.i.k.p.i.AbstractProblemLoader Loading environment from /home/runner/work/key/key/key.core/../key.ui/examples/standard_key/quantifiers/heuristic_SYN036p2.key 
199845     DEBUG main            d.u.i.k.p.i.AbstractProblemLoader Environment load took 84.7ns 
199846     INFO  main            d.u.i.k.p.i.AbstractProblemLoader Creating init config 
202166     DEBUG main            d.u.i.k.p.i.AbstractProblemLoader Init config took 2.32s 
202179     INFO  main            d.u.i.k.p.i.AbstractProblemLoader Replaying proof heuristic_SYN036p2.key 
202181     DEBUG main            d.u.i.k.p.i.IntermediateProofReplayer Proof replay took 7ns 
202385     INFO  main            d.u.i.k.p.r.p.TestFile    ... finished proof: closed. 
202787     INFO  main            d.u.i.k.p.i.AbstractProblemLoader Loading environment from /home/runner/work/key/key/key.core/../key.ui/examples/standard_key/quantifiers/heuristic_SYN036p2.key.proof 
202787     DEBUG main            d.u.i.k.p.i.AbstractProblemLoader Environment load took 333.4ns 
202788     INFO  main            d.u.i.k.p.i.AbstractProblemLoader Creating init config 
205049     DEBUG main            d.u.i.k.p.i.AbstractProblemLoader Init config took 2.26s 
205062     INFO  main            d.u.i.k.p.i.AbstractProblemLoader Replaying proof heuristic_SYN036p2.key.proof 
205133     DEBUG main            d.u.i.k.p.i.IntermediateProofReplayer Proof replay took 62.39ms 
205134     DEBUG main            d.u.i.k.p.r.p.TestFile    ... success: reloaded. 
205134     INFO  main            d.u.i.k.p.r.p.TestFile    Now processing file /home/runner/work/key/key/key.core/../key.ui/examples/standard_key/quantifiers/injectivity.key 
205135     INFO  main            d.u.i.k.p.i.AbstractProblemLoader Loading environment from /home/runner/work/key/key/key.core/../key.ui/examples/standard_key/quantifiers/injectivity.key 
205135     DEBUG main            d.u.i.k.p.i.AbstractProblemLoader Environment load took 83ns 
205136     INFO  main            d.u.i.k.p.i.AbstractProblemLoader Creating init config 
207435     DEBUG main            d.u.i.k.p.i.AbstractProblemLoader Init config took 2.3s 
207448     INFO  main            d.u.i.k.p.i.AbstractProblemLoader Replaying proof injectivity.key 
207449     DEBUG main            d.u.i.k.p.i.IntermediateProofReplayer Proof replay took 7.2ns 
207551     INFO  main            d.u.i.k.p.r.p.TestFile    ... finished proof: closed. 
207855     INFO  main            d.u.i.k.p.i.AbstractProblemLoader Loading environment from /home/runner/work/key/key/key.core/../key.ui/examples/standard_key/quantifiers/injectivity.key.proof 
207855     DEBUG main            d.u.i.k.p.i.AbstractProblemLoader Environment load took 87.6ns 
207857     INFO  main            d.u.i.k.p.i.AbstractProblemLoader Creating init config 
210117     DEBUG main            d.u.i.k.p.i.AbstractProblemLoader Init config took 2.26s 
210131     INFO  main            d.u.i.k.p.i.AbstractProblemLoader Replaying proof injectivity.key.proof 
210133     DEBUG main            d.u.i.k.p.i.IntermediateProofReplayer Proof replay took 1.67ms 
210134     DEBUG main            d.u.i.k.p.r.p.TestFile    ... success: reloaded. 
210135     INFO  main            d.u.i.k.p.r.p.TestFile    Now processing file /home/runner/work/key/key/key.core/../key.ui/examples/standard_key/quantifiers/normalisation0.key 
210135     INFO  main            d.u.i.k.p.i.AbstractProblemLoader Loading environment from /home/runner/work/key/key/key.core/../key.ui/examples/standard_key/quantifiers/normalisation0.key 
210135     DEBUG main            d.u.i.k.p.i.AbstractProblemLoader Environment load took 77.6ns 
210137     INFO  main            d.u.i.k.p.i.AbstractProblemLoader Creating init config 
212430     DEBUG main            d.u.i.k.p.i.AbstractProblemLoader Init config took 2.29s 
212444     INFO  main            d.u.i.k.p.i.AbstractProblemLoader Replaying proof normalisation0.key 
212445     DEBUG main            d.u.i.k.p.i.IntermediateProofReplayer Proof replay took 7.6ns 
212550     INFO  main            d.u.i.k.p.r.p.TestFile    ... finished proof: closed. 
212859     INFO  main            d.u.i.k.p.i.AbstractProblemLoader Loading environment from /home/runner/work/key/key/key.core/../key.ui/examples/standard_key/quantifiers/normalisation0.key.proof 
212859     DEBUG main            d.u.i.k.p.i.AbstractProblemLoader Environment load took 94.6ns 
212860     INFO  main            d.u.i.k.p.i.AbstractProblemLoader Creating init config 
215138     DEBUG main            d.u.i.k.p.i.AbstractProblemLoader Init config took 2.28s 
215162     INFO  main            d.u.i.k.p.i.AbstractProblemLoader Replaying proof normalisation0.key.proof 
215166     DEBUG main            d.u.i.k.p.i.IntermediateProofReplayer Proof replay took 2.1ms 
215166     DEBUG main            d.u.i.k.p.r.p.TestFile    ... success: reloaded. 
215167     INFO  main            d.u.i.k.p.r.p.TestFile    Now processing file /home/runner/work/key/key/key.core/../key.ui/examples/standard_key/quantifiers/normalisation1.key 
215167     INFO  main            d.u.i.k.p.i.AbstractProblemLoader Loading environment from /home/runner/work/key/key/key.core/../key.ui/examples/standard_key/quantifiers/normalisation1.key 
215167     DEBUG main            d.u.i.k.p.i.AbstractProblemLoader Environment load took 77ns 
215168     INFO  main            d.u.i.k.p.i.AbstractProblemLoader Creating init config 
217481     DEBUG main            d.u.i.k.p.i.AbstractProblemLoader Init config took 2.31s 
217496     INFO  main            d.u.i.k.p.i.AbstractProblemLoader Replaying proof normalisation1.key 
217498     DEBUG main            d.u.i.k.p.i.IntermediateProofReplayer Proof replay took 6.6ns 
217602     INFO  main            d.u.i.k.p.r.p.TestFile    ... finished proof: closed. 
217926     INFO  main            d.u.i.k.p.i.AbstractProblemLoader Loading environment from /home/runner/work/key/key/key.core/../key.ui/examples/standard_key/quantifiers/normalisation1.key.proof 
217926     DEBUG main            d.u.i.k.p.i.AbstractProblemLoader Environment load took 86.9ns 
217927     INFO  main            d.u.i.k.p.i.AbstractProblemLoader Creating init config 
220203     DEBUG main            d.u.i.k.p.i.AbstractProblemLoader Init config took 2.28s 
220217     INFO  main            d.u.i.k.p.i.AbstractProblemLoader Replaying proof normalisation1.key.proof 
220221     DEBUG main            d.u.i.k.p.i.IntermediateProofReplayer Proof replay took 2.52ms 
220221     DEBUG main            d.u.i.k.p.r.p.TestFile    ... success: reloaded. 
220222     INFO  main            d.u.i.k.p.r.p.TestFile    Now processing file /home/runner/work/key/key/key.core/../key.ui/examples/standard_key/quantifiers/normalisation2.key 
220222     INFO  main            d.u.i.k.p.i.AbstractProblemLoader Loading environment from /home/runner/work/key/key/key.core/../key.ui/examples/standard_key/quantifiers/normalisation2.key 
220222     DEBUG main            d.u.i.k.p.i.AbstractProblemLoader Environment load took 97.1ns 
220223     INFO  main            d.u.i.k.p.i.AbstractProblemLoader Creating init config 
222524     DEBUG main            d.u.i.k.p.i.AbstractProblemLoader Init config took 2.3s 
222537     INFO  main            d.u.i.k.p.i.AbstractProblemLoader Replaying proof normalisation2.key 
222542     DEBUG main            d.u.i.k.p.i.IntermediateProofReplayer Proof replay took 7.1ns 
222643     INFO  main            d.u.i.k.p.r.p.TestFile    ... finished proof: closed. 
222983     INFO  main            d.u.i.k.p.i.AbstractProblemLoader Loading environment from /home/runner/work/key/key/key.core/../key.ui/examples/standard_key/quantifiers/normalisation2.key.proof 
222983     DEBUG main            d.u.i.k.p.i.AbstractProblemLoader Environment load took 85.3ns 
222984     INFO  main            d.u.i.k.p.i.AbstractProblemLoader Creating init config 
225256     DEBUG main            d.u.i.k.p.i.AbstractProblemLoader Init config took 2.27s 
225270     INFO  main            d.u.i.k.p.i.AbstractProblemLoader Replaying proof normalisation2.key.proof 
225275     DEBUG main            d.u.i.k.p.i.IntermediateProofReplayer Proof replay took 2.28ms 
225276     DEBUG main            d.u.i.k.p.r.p.TestFile    ... success: reloaded. 
225277     INFO  main            d.u.i.k.p.r.p.TestFile    Now processing file /home/runner/work/key/key/key.core/../key.ui/examples/standard_key/quantifiers/normalisation3.key 
225277     INFO  main            d.u.i.k.p.i.AbstractProblemLoader Loading environment from /home/runner/work/key/key/key.core/../key.ui/examples/standard_key/quantifiers/normalisation3.key 
225277     DEBUG main            d.u.i.k.p.i.AbstractProblemLoader Environment load took 52.9ns 
225278     INFO  main            d.u.i.k.p.i.AbstractProblemLoader Creating init config 
227584     DEBUG main            d.u.i.k.p.i.AbstractProblemLoader Init config took 2.31s 
227597     INFO  main            d.u.i.k.p.i.AbstractProblemLoader Replaying proof normalisation3.key 
227598     DEBUG main            d.u.i.k.p.i.IntermediateProofReplayer Proof replay took 6.6ns 
227699     INFO  main            d.u.i.k.p.r.p.TestFile    ... finished proof: closed. 
228027     INFO  main            d.u.i.k.p.i.AbstractProblemLoader Loading environment from /home/runner/work/key/key/key.core/../key.ui/examples/standard_key/quantifiers/normalisation3.key.proof 
228027     DEBUG main            d.u.i.k.p.i.AbstractProblemLoader Environment load took 90.7ns 
228028     INFO  main            d.u.i.k.p.i.AbstractProblemLoader Creating init config 
230300     DEBUG main            d.u.i.k.p.i.AbstractProblemLoader Init config took 2.27s 
230313     INFO  main            d.u.i.k.p.i.AbstractProblemLoader Replaying proof normalisation3.key.proof 
230316     DEBUG main            d.u.i.k.p.i.IntermediateProofReplayer Proof replay took 2.25ms 
230317     DEBUG main            d.u.i.k.p.r.p.TestFile    ... success: reloaded. 
230318     INFO  main            d.u.i.k.p.r.p.TestFile    Now processing file /home/runner/work/key/key/key.core/../key.ui/examples/standard_key/quantifiers/normalisation4.key 
230318     INFO  main            d.u.i.k.p.i.AbstractProblemLoader Loading environment from /home/runner/work/key/key/key.core/../key.ui/examples/standard_key/quantifiers/normalisation4.key 
230318     DEBUG main            d.u.i.k.p.i.AbstractProblemLoader Environment load took 73.6ns 
230319     INFO  main            d.u.i.k.p.i.AbstractProblemLoader Creating init config 
232618     DEBUG main            d.u.i.k.p.i.AbstractProblemLoader Init config took 2.3s 
232631     INFO  main            d.u.i.k.p.i.AbstractProblemLoader Replaying proof normalisation4.key 
232633     DEBUG main            d.u.i.k.p.i.IntermediateProofReplayer Proof replay took 6.7ns 
232735     INFO  main            d.u.i.k.p.r.p.TestFile    ... finished proof: closed. 
233070     INFO  main            d.u.i.k.p.i.AbstractProblemLoader Loading environment from /home/runner/work/key/key/key.core/../key.ui/examples/standard_key/quantifiers/normalisation4.key.proof 
233071     DEBUG main            d.u.i.k.p.i.AbstractProblemLoader Environment load took 93ns 
233072     INFO  main            d.u.i.k.p.i.AbstractProblemLoader Creating init config 
235364     DEBUG main            d.u.i.k.p.i.AbstractProblemLoader Init config took 2.29s 
235378     INFO  main            d.u.i.k.p.i.AbstractProblemLoader Replaying proof normalisation4.key.proof 
235383     DEBUG main            d.u.i.k.p.i.IntermediateProofReplayer Proof replay took 4.25ms 
235384     DEBUG main            d.u.i.k.p.r.p.TestFile    ... success: reloaded. 
235385     INFO  main            d.u.i.k.p.r.p.TestFile    Now processing file /home/runner/work/key/key/key.core/../key.ui/examples/standard_key/quantifiers/normalisation5.key 
235385     INFO  main            d.u.i.k.p.i.AbstractProblemLoader Loading environment from /home/runner/work/key/key/key.core/../key.ui/examples/standard_key/quantifiers/normalisation5.key 
235385     DEBUG main            d.u.i.k.p.i.AbstractProblemLoader Environment load took 80.3ns 
235386     INFO  main            d.u.i.k.p.i.AbstractProblemLoader Creating init config 
237686     DEBUG main            d.u.i.k.p.i.AbstractProblemLoader Init config took 2.3s 
237699     INFO  main            d.u.i.k.p.i.AbstractProblemLoader Replaying proof normalisation5.key 
237700     DEBUG main            d.u.i.k.p.i.IntermediateProofReplayer Proof replay took 7.1ns 
237802     INFO  main            d.u.i.k.p.r.p.TestFile    ... finished proof: closed. 
238147     INFO  main            d.u.i.k.p.i.AbstractProblemLoader Loading environment from /home/runner/work/key/key/key.core/../key.ui/examples/standard_key/quantifiers/normalisation5.key.proof 
238147     DEBUG main            d.u.i.k.p.i.AbstractProblemLoader Environment load took 90.8ns 
238148     INFO  main            d.u.i.k.p.i.AbstractProblemLoader Creating init config 
240425     DEBUG main            d.u.i.k.p.i.AbstractProblemLoader Init config took 2.28s 
240438     INFO  main            d.u.i.k.p.i.AbstractProblemLoader Replaying proof normalisation5.key.proof 
240443     DEBUG main            d.u.i.k.p.i.IntermediateProofReplayer Proof replay took 3.13ms 
240444     DEBUG main            d.u.i.k.p.r.p.TestFile    ... success: reloaded. 
240444     INFO  main            d.u.i.k.p.r.p.TestFile    Now processing file /home/runner/work/key/key/key.core/../key.ui/examples/standard_key/quantifiers/normalisation6.key 
240445     INFO  main            d.u.i.k.p.i.AbstractProblemLoader Loading environment from /home/runner/work/key/key/key.core/../key.ui/examples/standard_key/quantifiers/normalisation6.key 
240445     DEBUG main            d.u.i.k.p.i.AbstractProblemLoader Environment load took 168.3ns 
240446     INFO  main            d.u.i.k.p.i.AbstractProblemLoader Creating init config 
242749     DEBUG main            d.u.i.k.p.i.AbstractProblemLoader Init config took 2.3s 
242762     INFO  main            d.u.i.k.p.i.AbstractProblemLoader Replaying proof normalisation6.key 
242764     DEBUG main            d.u.i.k.p.i.IntermediateProofReplayer Proof replay took 8ns 
242865     INFO  main            d.u.i.k.p.r.p.TestFile    ... finished proof: closed. 
243215     INFO  main            d.u.i.k.p.i.AbstractProblemLoader Loading environment from /home/runner/work/key/key/key.core/../key.ui/examples/standard_key/quantifiers/normalisation6.key.proof 
243215     DEBUG main            d.u.i.k.p.i.AbstractProblemLoader Environment load took 79.8ns 
243216     INFO  main            d.u.i.k.p.i.AbstractProblemLoader Creating init config 
245491     DEBUG main            d.u.i.k.p.i.AbstractProblemLoader Init config took 2.27s 
245504     INFO  main            d.u.i.k.p.i.AbstractProblemLoader Replaying proof normalisation6.key.proof 
245507     DEBUG main            d.u.i.k.p.i.IntermediateProofReplayer Proof replay took 1.91ms 
245508     DEBUG main            d.u.i.k.p.r.p.TestFile    ... success: reloaded. 
245508     INFO  main            d.u.i.k.p.r.p.TestFile    Now processing file /home/runner/work/key/key/key.core/../key.ui/examples/standard_key/quantifiers/normalisation7.key 
245509     INFO  main            d.u.i.k.p.i.AbstractProblemLoader Loading environment from /home/runner/work/key/key/key.core/../key.ui/examples/standard_key/quantifiers/normalisation7.key 
245509     DEBUG main            d.u.i.k.p.i.AbstractProblemLoader Environment load took 91.1ns 
245510     INFO  main            d.u.i.k.p.i.AbstractProblemLoader Creating init config 
247803     DEBUG main            d.u.i.k.p.i.AbstractProblemLoader Init config took 2.29s 
247817     INFO  main            d.u.i.k.p.i.AbstractProblemLoader Replaying proof normalisation7.key 
247819     DEBUG main            d.u.i.k.p.i.IntermediateProofReplayer Proof replay took 6.6ns 
247921     INFO  main            d.u.i.k.p.r.p.TestFile    ... finished proof: closed. 
248272     INFO  main            d.u.i.k.p.i.AbstractProblemLoader Loading environment from /home/runner/work/key/key/key.core/../key.ui/examples/standard_key/quantifiers/normalisation7.key.proof 
248272     DEBUG main            d.u.i.k.p.i.AbstractProblemLoader Environment load took 115.1ns 
248273     INFO  main            d.u.i.k.p.i.AbstractProblemLoader Creating init config 
250542     DEBUG main            d.u.i.k.p.i.AbstractProblemLoader Init config took 2.27s 
250556     INFO  main            d.u.i.k.p.i.AbstractProblemLoader Replaying proof normalisation7.key.proof 
250559     DEBUG main            d.u.i.k.p.i.IntermediateProofReplayer Proof replay took 1.78ms 
250560     DEBUG main            d.u.i.k.p.r.p.TestFile    ... success: reloaded. 
250561     INFO  main            d.u.i.k.p.r.p.TestFile    Now processing file /home/runner/work/key/key/key.core/../key.ui/examples/standard_key/quantifiers/normalisation8.key 
250561     INFO  main            d.u.i.k.p.i.AbstractProblemLoader Loading environment from /home/runner/work/key/key/key.core/../key.ui/examples/standard_key/quantifiers/normalisation8.key 
250561     DEBUG main            d.u.i.k.p.i.AbstractProblemLoader Environment load took 70.9ns 
250562     INFO  main            d.u.i.k.p.i.AbstractProblemLoader Creating init config 
252875     DEBUG main            d.u.i.k.p.i.AbstractProblemLoader Init config took 2.31s 
252889     INFO  main            d.u.i.k.p.i.AbstractProblemLoader Replaying proof normalisation8.key 
252891     DEBUG main            d.u.i.k.p.i.IntermediateProofReplayer Proof replay took 7.6ns 
252992     INFO  main            d.u.i.k.p.r.p.TestFile    ... finished proof: closed. 
253341     INFO  main            d.u.i.k.p.i.AbstractProblemLoader Loading environment from /home/runner/work/key/key/key.core/../key.ui/examples/standard_key/quantifiers/normalisation8.key.proof 
253341     DEBUG main            d.u.i.k.p.i.AbstractProblemLoader Environment load took 80ns 
253342     INFO  main            d.u.i.k.p.i.AbstractProblemLoader Creating init config 
255613     DEBUG main            d.u.i.k.p.i.AbstractProblemLoader Init config took 2.27s 
255626     INFO  main            d.u.i.k.p.i.AbstractProblemLoader Replaying proof normalisation8.key.proof 
255632     DEBUG main            d.u.i.k.p.i.IntermediateProofReplayer Proof replay took 4.49ms 
255633     DEBUG main            d.u.i.k.p.r.p.TestFile    ... success: reloaded. 
255633     INFO  main            d.u.i.k.p.r.p.TestFile    Now processing file /home/runner/work/key/key/key.core/../key.ui/examples/standard_key/quantifiers/normalisation9.key 
255634     INFO  main            d.u.i.k.p.i.AbstractProblemLoader Loading environment from /home/runner/work/key/key/key.core/../key.ui/examples/standard_key/quantifiers/normalisation9.key 
255634     DEBUG main            d.u.i.k.p.i.AbstractProblemLoader Environment load took 79.1ns 
255635     INFO  main            d.u.i.k.p.i.AbstractProblemLoader Creating init config 
257944     DEBUG main            d.u.i.k.p.i.AbstractProblemLoader Init config took 2.31s 
257957     INFO  main            d.u.i.k.p.i.AbstractProblemLoader Replaying proof normalisation9.key 
257958     DEBUG main            d.u.i.k.p.i.IntermediateProofReplayer Proof replay took 7.4ns 
258062     INFO  main            d.u.i.k.p.r.p.TestFile    ... finished proof: closed. 
258426     INFO  main            d.u.i.k.p.i.AbstractProblemLoader Loading environment from /home/runner/work/key/key/key.core/../key.ui/examples/standard_key/quantifiers/normalisation9.key.proof 
258426     DEBUG main            d.u.i.k.p.i.AbstractProblemLoader Environment load took 90.5ns 
258428     INFO  main            d.u.i.k.p.i.AbstractProblemLoader Creating init config 
260700     DEBUG main            d.u.i.k.p.i.AbstractProblemLoader Init config took 2.27s 
260713     INFO  main            d.u.i.k.p.i.AbstractProblemLoader Replaying proof normalisation9.key.proof 
260720     DEBUG main            d.u.i.k.p.i.IntermediateProofReplayer Proof replay took 5.49ms 
260721     DEBUG main            d.u.i.k.p.r.p.TestFile    ... success: reloaded. 
260722     INFO  main            d.u.i.k.p.r.p.TestFile    Now processing file /home/runner/work/key/key/key.core/../key.ui/examples/standard_key/quantifiers/normalisation10.key 
260722     INFO  main            d.u.i.k.p.i.AbstractProblemLoader Loading environment from /home/runner/work/key/key/key.core/../key.ui/examples/standard_key/quantifiers/normalisation10.key 
260722     DEBUG main            d.u.i.k.p.i.AbstractProblemLoader Environment load took 71.6ns 
260723     INFO  main            d.u.i.k.p.i.AbstractProblemLoader Creating init config 
263034     DEBUG main            d.u.i.k.p.i.AbstractProblemLoader Init config took 2.31s 
263047     INFO  main            d.u.i.k.p.i.AbstractProblemLoader Replaying proof normalisation10.key 
263049     DEBUG main            d.u.i.k.p.i.IntermediateProofReplayer Proof replay took 7.5ns 
263151     INFO  main            d.u.i.k.p.r.p.TestFile    ... finished proof: closed. 
263520     INFO  main            d.u.i.k.p.i.AbstractProblemLoader Loading environment from /home/runner/work/key/key/key.core/../key.ui/examples/standard_key/quantifiers/normalisation10.key.proof 
263520     DEBUG main            d.u.i.k.p.i.AbstractProblemLoader Environment load took 82.7ns 
263521     INFO  main            d.u.i.k.p.i.AbstractProblemLoader Creating init config 
265797     DEBUG main            d.u.i.k.p.i.AbstractProblemLoader Init config took 2.28s 
265811     INFO  main            d.u.i.k.p.i.AbstractProblemLoader Replaying proof normalisation10.key.proof 
265817     DEBUG main            d.u.i.k.p.i.IntermediateProofReplayer Proof replay took 4.23ms 
265817     DEBUG main            d.u.i.k.p.r.p.TestFile    ... success: reloaded. 
265818     INFO  main            d.u.i.k.p.r.p.TestFile    Now processing file /home/runner/work/key/key/key.core/../key.ui/examples/standard_key/quantifiers/normalisation12.key 
265818     INFO  main            d.u.i.k.p.i.AbstractProblemLoader Loading environment from /home/runner/work/key/key/key.core/../key.ui/examples/standard_key/quantifiers/normalisation12.key 
265818     DEBUG main            d.u.i.k.p.i.AbstractProblemLoader Environment load took 87.3ns 
265819     INFO  main            d.u.i.k.p.i.AbstractProblemLoader Creating init config 
268132     DEBUG main            d.u.i.k.p.i.AbstractProblemLoader Init config took 2.31s 
268146     INFO  main            d.u.i.k.p.i.AbstractProblemLoader Replaying proof normalisation12.key 
268148     DEBUG main            d.u.i.k.p.i.IntermediateProofReplayer Proof replay took 6.9ns 
268250     INFO  main            d.u.i.k.p.r.p.TestFile    ... finished proof: closed. 
268618     INFO  main            d.u.i.k.p.i.AbstractProblemLoader Loading environment from /home/runner/work/key/key/key.core/../key.ui/examples/standard_key/quantifiers/normalisation12.key.proof 
268618     DEBUG main            d.u.i.k.p.i.AbstractProblemLoader Environment load took 84ns 
268619     INFO  main            d.u.i.k.p.i.AbstractProblemLoader Creating init config 
270893     DEBUG main            d.u.i.k.p.i.AbstractProblemLoader Init config took 2.27s 
270906     INFO  main            d.u.i.k.p.i.AbstractProblemLoader Replaying proof normalisation12.key.proof 
270908     DEBUG main            d.u.i.k.p.i.IntermediateProofReplayer Proof replay took 1ms 
270909     DEBUG main            d.u.i.k.p.r.p.TestFile    ... success: reloaded. 
270910     INFO  main            d.u.i.k.p.r.p.TestFile    Now processing file /home/runner/work/key/key/key.core/../key.ui/examples/standard_key/quantifiers/normalisation13.key 
270910     INFO  main            d.u.i.k.p.i.AbstractProblemLoader Loading environment from /home/runner/work/key/key/key.core/../key.ui/examples/standard_key/quantifiers/normalisation13.key 
270910     DEBUG main            d.u.i.k.p.i.AbstractProblemLoader Environment load took 44.7ns 
270911     INFO  main            d.u.i.k.p.i.AbstractProblemLoader Creating init config 
273222     DEBUG main            d.u.i.k.p.i.AbstractProblemLoader Init config took 2.31s 
273235     INFO  main            d.u.i.k.p.i.AbstractProblemLoader Replaying proof normalisation13.key 
273237     DEBUG main            d.u.i.k.p.i.IntermediateProofReplayer Proof replay took 7.5ns 
273341     INFO  main            d.u.i.k.p.r.p.TestFile    ... finished proof: closed. 
273723     INFO  main            d.u.i.k.p.i.AbstractProblemLoader Loading environment from /home/runner/work/key/key/key.core/../key.ui/examples/standard_key/quantifiers/normalisation13.key.proof 
273723     DEBUG main            d.u.i.k.p.i.AbstractProblemLoader Environment load took 82.4ns 
273724     INFO  main            d.u.i.k.p.i.AbstractProblemLoader Creating init config 
275995     DEBUG main            d.u.i.k.p.i.AbstractProblemLoader Init config took 2.27s 
276008     INFO  main            d.u.i.k.p.i.AbstractProblemLoader Replaying proof normalisation13.key.proof 
276010     DEBUG main            d.u.i.k.p.i.IntermediateProofReplayer Proof replay took 513.91ns 
276011     DEBUG main            d.u.i.k.p.r.p.TestFile    ... success: reloaded. 
276011     INFO  main            d.u.i.k.p.r.p.TestFile    Now processing file /home/runner/work/key/key/key.core/../key.ui/examples/standard_key/quantifiers/triggers0.key 
276012     INFO  main            d.u.i.k.p.i.AbstractProblemLoader Loading environment from /home/runner/work/key/key/key.core/../key.ui/examples/standard_key/quantifiers/triggers0.key 
276012     DEBUG main            d.u.i.k.p.i.AbstractProblemLoader Environment load took 47.4ns 
276012     INFO  main            d.u.i.k.p.i.AbstractProblemLoader Creating init config 
278323     DEBUG main            d.u.i.k.p.i.AbstractProblemLoader Init config took 2.31s 
278336     INFO  main            d.u.i.k.p.i.AbstractProblemLoader Replaying proof triggers0.key 
278337     DEBUG main            d.u.i.k.p.i.IntermediateProofReplayer Proof replay took 8.3ns 
278439     INFO  main            d.u.i.k.p.r.p.TestFile    ... finished proof: closed. 
278821     INFO  main            d.u.i.k.p.i.AbstractProblemLoader Loading environment from /home/runner/work/key/key/key.core/../key.ui/examples/standard_key/quantifiers/triggers0.key.proof 
278821     DEBUG main            d.u.i.k.p.i.AbstractProblemLoader Environment load took 83.8ns 
278823     INFO  main            d.u.i.k.p.i.AbstractProblemLoader Creating init config 
281123     DEBUG main            d.u.i.k.p.i.AbstractProblemLoader Init config took 2.3s 
281136     INFO  main            d.u.i.k.p.i.AbstractProblemLoader Replaying proof triggers0.key.proof 
281139     DEBUG main            d.u.i.k.p.i.IntermediateProofReplayer Proof replay took 1.29ms 
281139     DEBUG main            d.u.i.k.p.r.p.TestFile    ... success: reloaded. 
3857447    INFO  Test worker     d.u.i.k.p.r.RunAllProofsTestUnit Returning from test FOL 
3857448    INFO  Test worker     d.u.i.k.p.r.RunAllProofsTestUnit Running test strings 
333        INFO  Timeout watchdog d.u.i.k.p.r.p.ForkedTestFileRunner Timeout watcher launched (2000 secs.) 
336        WARN  main            d.u.i.k.s.ProofSettings   The settings in /home/runner/.key/proof-settings.props are *not* read. 
362        INFO  main            d.u.i.k.p.r.p.TestFile    Now processing file /home/runner/work/key/key/key.core/../key.ui/examples/standard_key/strings/charAt0.key 
469        INFO  main            d.u.i.k.p.i.AbstractProblemLoader Loading environment from /home/runner/work/key/key/key.core/../key.ui/examples/standard_key/strings/charAt0.key 
491        DEBUG main            d.u.i.k.p.i.AbstractProblemLoader Environment load took 2.16ms 
738        INFO  main            d.u.i.k.p.i.AbstractProblemLoader Creating init config 
1570       DEBUG main            d.u.i.k.j.TypeConverter   No LDT found for Meta 
1571       DEBUG main            d.u.i.k.j.TypeConverter   No LDT found for Meta 
1572       DEBUG main            d.u.i.k.j.TypeConverter   No LDT found for Meta 
1572       DEBUG main            d.u.i.k.j.TypeConverter   No LDT found for Meta 
3278       DEBUG main            d.u.i.k.j.TypeConverter   No LDT found for JavaBigintExpression 
7728       DEBUG main            d.u.i.k.p.i.AbstractProblemLoader Init config took 6.99s 
7786       INFO  main            d.u.i.k.p.i.AbstractProblemLoader Replaying proof charAt0.key 
7819       DEBUG main            d.u.i.k.p.i.IntermediateProofReplayer Proof replay took 35ns 
8182       INFO  main            d.u.i.k.p.r.p.TestFile    ... finished proof: closed. 
8277       INFO  main            d.u.i.k.p.i.AbstractProblemLoader Loading environment from /home/runner/work/key/key/key.core/../key.ui/examples/standard_key/strings/charAt0.key.proof 
8280       DEBUG main            d.u.i.k.p.i.AbstractProblemLoader Environment load took 3.42ms 
8285       INFO  main            d.u.i.k.p.i.AbstractProblemLoader Creating init config 
11009      DEBUG main            d.u.i.k.p.i.AbstractProblemLoader Init config took 2.72s 
11039      INFO  main            d.u.i.k.p.i.AbstractProblemLoader Replaying proof charAt0.key.proof 
11059      DEBUG main            d.u.i.k.p.i.IntermediateProofReplayer Proof replay took 15.81ms 
11070      DEBUG main            d.u.i.k.p.r.p.TestFile    ... success: reloaded. 
11071      INFO  main            d.u.i.k.p.r.p.TestFile    Now processing file /home/runner/work/key/key/key.core/../key.ui/examples/standard_key/strings/charAt1.key 
11071      INFO  main            d.u.i.k.p.i.AbstractProblemLoader Loading environment from /home/runner/work/key/key/key.core/../key.ui/examples/standard_key/strings/charAt1.key 
11071      DEBUG main            d.u.i.k.p.i.AbstractProblemLoader Environment load took 200.4ns 
11073      INFO  main            d.u.i.k.p.i.AbstractProblemLoader Creating init config 
13554      DEBUG main            d.u.i.k.p.i.AbstractProblemLoader Init config took 2.48s 
13581      INFO  main            d.u.i.k.p.i.AbstractProblemLoader Replaying proof charAt1.key 
13582      DEBUG main            d.u.i.k.p.i.IntermediateProofReplayer Proof replay took 5.4ns 
13789      INFO  main            d.u.i.k.p.r.p.TestFile    ... finished proof: closed. 
13934      INFO  main            d.u.i.k.p.i.AbstractProblemLoader Loading environment from /home/runner/work/key/key/key.core/../key.ui/examples/standard_key/strings/charAt1.key.proof 
13934      DEBUG main            d.u.i.k.p.i.AbstractProblemLoader Environment load took 597.41ns 
13937      INFO  main            d.u.i.k.p.i.AbstractProblemLoader Creating init config 
16408      DEBUG main            d.u.i.k.p.i.AbstractProblemLoader Init config took 2.47s 
16434      INFO  main            d.u.i.k.p.i.AbstractProblemLoader Replaying proof charAt1.key.proof 
16451      DEBUG main            d.u.i.k.p.i.IntermediateProofReplayer Proof replay took 14ms 
16452      DEBUG main            d.u.i.k.p.r.p.TestFile    ... success: reloaded. 
16453      INFO  main            d.u.i.k.p.r.p.TestFile    Now processing file /home/runner/work/key/key/key.core/../key.ui/examples/standard_key/strings/concat1.key 
16453      INFO  main            d.u.i.k.p.i.AbstractProblemLoader Loading environment from /home/runner/work/key/key/key.core/../key.ui/examples/standard_key/strings/concat1.key 
16453      DEBUG main            d.u.i.k.p.i.AbstractProblemLoader Environment load took 138.7ns 
16454      INFO  main            d.u.i.k.p.i.AbstractProblemLoader Creating init config 
18840      DEBUG main            d.u.i.k.p.i.AbstractProblemLoader Init config took 2.39s 
18871      INFO  main            d.u.i.k.p.i.AbstractProblemLoader Replaying proof concat1.key 
18873      DEBUG main            d.u.i.k.p.i.IntermediateProofReplayer Proof replay took 5.8ns 
18975      INFO  main            d.u.i.k.p.r.p.TestFile    ... finished proof: closed. 
19153      INFO  main            d.u.i.k.p.i.AbstractProblemLoader Loading environment from /home/runner/work/key/key/key.core/../key.ui/examples/standard_key/strings/concat1.key.proof 
19153      DEBUG main            d.u.i.k.p.i.AbstractProblemLoader Environment load took 132.6ns 
19154      INFO  main            d.u.i.k.p.i.AbstractProblemLoader Creating init config 
21509      DEBUG main            d.u.i.k.p.i.AbstractProblemLoader Init config took 2.36s 
21530      INFO  main            d.u.i.k.p.i.AbstractProblemLoader Replaying proof concat1.key.proof 
21536      DEBUG main            d.u.i.k.p.i.IntermediateProofReplayer Proof replay took 1.51ms 
21537      DEBUG main            d.u.i.k.p.r.p.TestFile    ... success: reloaded. 
21539      INFO  main            d.u.i.k.p.r.p.TestFile    Now processing file /home/runner/work/key/key/key.core/../key.ui/examples/standard_key/strings/concat2.key 
21539      INFO  main            d.u.i.k.p.i.AbstractProblemLoader Loading environment from /home/runner/work/key/key/key.core/../key.ui/examples/standard_key/strings/concat2.key 
21539      DEBUG main            d.u.i.k.p.i.AbstractProblemLoader Environment load took 174.9ns 
21540      INFO  main            d.u.i.k.p.i.AbstractProblemLoader Creating init config 
23929      DEBUG main            d.u.i.k.p.i.AbstractProblemLoader Init config took 2.39s 
23949      INFO  main            d.u.i.k.p.i.AbstractProblemLoader Replaying proof concat2.key 
23951      DEBUG main            d.u.i.k.p.i.IntermediateProofReplayer Proof replay took 6.3ns 
24053      INFO  main            d.u.i.k.p.r.p.TestFile    ... finished proof: closed. 
24219      INFO  main            d.u.i.k.p.i.AbstractProblemLoader Loading environment from /home/runner/work/key/key/key.core/../key.ui/examples/standard_key/strings/concat2.key.proof 
24219      DEBUG main            d.u.i.k.p.i.AbstractProblemLoader Environment load took 134.3ns 
24220      INFO  main            d.u.i.k.p.i.AbstractProblemLoader Creating init config 
26554      DEBUG main            d.u.i.k.p.i.AbstractProblemLoader Init config took 2.33s 
26574      INFO  main            d.u.i.k.p.i.AbstractProblemLoader Replaying proof concat2.key.proof 
26586      DEBUG main            d.u.i.k.p.i.IntermediateProofReplayer Proof replay took 9.48ms 
26589      DEBUG main            d.u.i.k.p.r.p.TestFile    ... success: reloaded. 
26590      INFO  main            d.u.i.k.p.r.p.TestFile    Now processing file /home/runner/work/key/key/key.core/../key.ui/examples/standard_key/strings/deriveLength1.key 
26590      INFO  main            d.u.i.k.p.i.AbstractProblemLoader Loading environment from /home/runner/work/key/key/key.core/../key.ui/examples/standard_key/strings/deriveLength1.key 
26590      DEBUG main            d.u.i.k.p.i.AbstractProblemLoader Environment load took 81.8ns 
26591      INFO  main            d.u.i.k.p.i.AbstractProblemLoader Creating init config 
28949      DEBUG main            d.u.i.k.p.i.AbstractProblemLoader Init config took 2.36s 
28967      INFO  main            d.u.i.k.p.i.AbstractProblemLoader Replaying proof deriveLength1.key 
28969      DEBUG main            d.u.i.k.p.i.IntermediateProofReplayer Proof replay took 7.8ns 
29073      INFO  main            d.u.i.k.p.r.p.TestFile    ... finished proof: closed. 
29219      INFO  main            d.u.i.k.p.i.AbstractProblemLoader Loading environment from /home/runner/work/key/key/key.core/../key.ui/examples/standard_key/strings/deriveLength1.key.proof 
29219      DEBUG main            d.u.i.k.p.i.AbstractProblemLoader Environment load took 145ns 
29220      INFO  main            d.u.i.k.p.i.AbstractProblemLoader Creating init config 
31542      DEBUG main            d.u.i.k.p.i.AbstractProblemLoader Init config took 2.32s 
31561      INFO  main            d.u.i.k.p.i.AbstractProblemLoader Replaying proof deriveLength1.key.proof 
31572      DEBUG main            d.u.i.k.p.i.IntermediateProofReplayer Proof replay took 8.64ms 
31573      DEBUG main            d.u.i.k.p.r.p.TestFile    ... success: reloaded. 
31574      INFO  main            d.u.i.k.p.r.p.TestFile    Now processing file /home/runner/work/key/key/key.core/../key.ui/examples/standard_key/strings/emptyStringLengthZero.key 
31574      INFO  main            d.u.i.k.p.i.AbstractProblemLoader Loading environment from /home/runner/work/key/key/key.core/../key.ui/examples/standard_key/strings/emptyStringLengthZero.key 
31574      DEBUG main            d.u.i.k.p.i.AbstractProblemLoader Environment load took 176ns 
31575      INFO  main            d.u.i.k.p.i.AbstractProblemLoader Creating init config 
33921      DEBUG main            d.u.i.k.p.i.AbstractProblemLoader Init config took 2.35s 
33940      INFO  main            d.u.i.k.p.i.AbstractProblemLoader Replaying proof emptyStringLengthZero.key 
33941      DEBUG main            d.u.i.k.p.i.IntermediateProofReplayer Proof replay took 6.4ns 
34044      INFO  main            d.u.i.k.p.r.p.TestFile    ... finished proof: closed. 
34197      INFO  main            d.u.i.k.p.i.AbstractProblemLoader Loading environment from /home/runner/work/key/key/key.core/../key.ui/examples/standard_key/strings/emptyStringLengthZero.key.proof 
34197      DEBUG main            d.u.i.k.p.i.AbstractProblemLoader Environment load took 134.4ns 
34199      INFO  main            d.u.i.k.p.i.AbstractProblemLoader Creating init config 
36538      DEBUG main            d.u.i.k.p.i.AbstractProblemLoader Init config took 2.34s 
36557      INFO  main            d.u.i.k.p.i.AbstractProblemLoader Replaying proof emptyStringLengthZero.key.proof 
36562      DEBUG main            d.u.i.k.p.i.IntermediateProofReplayer Proof replay took 3.26ms 
36563      DEBUG main            d.u.i.k.p.r.p.TestFile    ... success: reloaded. 
36564      INFO  main            d.u.i.k.p.r.p.TestFile    Now processing file /home/runner/work/key/key/key.core/../key.ui/examples/standard_key/strings/implicitBooleanStringConversion.key 
36564      INFO  main            d.u.i.k.p.i.AbstractProblemLoader Loading environment from /home/runner/work/key/key/key.core/../key.ui/examples/standard_key/strings/implicitBooleanStringConversion.key 
36565      DEBUG main            d.u.i.k.p.i.AbstractProblemLoader Environment load took 173.5ns 
36566      INFO  main            d.u.i.k.p.i.AbstractProblemLoader Creating init config 
38928      DEBUG main            d.u.i.k.p.i.AbstractProblemLoader Init config took 2.36s 
38948      INFO  main            d.u.i.k.p.i.AbstractProblemLoader Replaying proof implicitBooleanStringConversion.key 
38950      DEBUG main            d.u.i.k.p.i.IntermediateProofReplayer Proof replay took 6.5ns 
39867      INFO  main            d.u.i.k.p.r.p.TestFile    ... finished proof: closed. 
40081      INFO  main            d.u.i.k.p.i.AbstractProblemLoader Loading environment from /home/runner/work/key/key/key.core/../key.ui/examples/standard_key/strings/implicitBooleanStringConversion.key.proof 
40082      DEBUG main            d.u.i.k.p.i.AbstractProblemLoader Environment load took 376.11ns 
40083      INFO  main            d.u.i.k.p.i.AbstractProblemLoader Creating init config 
42446      DEBUG main            d.u.i.k.p.i.AbstractProblemLoader Init config took 2.36s 
42475      INFO  main            d.u.i.k.p.i.AbstractProblemLoader Replaying proof implicitBooleanStringConversion.key.proof 
42579      DEBUG main            d.u.i.k.p.i.IntermediateProofReplayer Proof replay took 97.36ms 
42581      DEBUG main            d.u.i.k.p.r.p.TestFile    ... success: reloaded. 
42581      INFO  main            d.u.i.k.p.r.p.TestFile    Now processing file /home/runner/work/key/key/key.core/../key.ui/examples/standard_key/strings/implicitBooleanStringConversion2.key 
42582      INFO  main            d.u.i.k.p.i.AbstractProblemLoader Loading environment from /home/runner/work/key/key/key.core/../key.ui/examples/standard_key/strings/implicitBooleanStringConversion2.key 
42582      DEBUG main            d.u.i.k.p.i.AbstractProblemLoader Environment load took 183.6ns 
42583      INFO  main            d.u.i.k.p.i.AbstractProblemLoader Creating init config 
44969      DEBUG main            d.u.i.k.p.i.AbstractProblemLoader Init config took 2.39s 
44989      INFO  main            d.u.i.k.p.i.AbstractProblemLoader Replaying proof implicitBooleanStringConversion2.key 
44991      DEBUG main            d.u.i.k.p.i.IntermediateProofReplayer Proof replay took 6.4ns 
45294      INFO  main            d.u.i.k.p.r.p.TestFile    ... finished proof: closed. 
45486      INFO  main            d.u.i.k.p.i.AbstractProblemLoader Loading environment from /home/runner/work/key/key/key.core/../key.ui/examples/standard_key/strings/implicitBooleanStringConversion2.key.proof 
45486      DEBUG main            d.u.i.k.p.i.AbstractProblemLoader Environment load took 376.7ns 
45488      INFO  main            d.u.i.k.p.i.AbstractProblemLoader Creating init config 
47783      DEBUG main            d.u.i.k.p.i.AbstractProblemLoader Init config took 2.3s 
47801      INFO  main            d.u.i.k.p.i.AbstractProblemLoader Replaying proof implicitBooleanStringConversion2.key.proof 
47836      DEBUG main            d.u.i.k.p.i.IntermediateProofReplayer Proof replay took 31.76ms 
47837      DEBUG main            d.u.i.k.p.r.p.TestFile    ... success: reloaded. 
47838      INFO  main            d.u.i.k.p.r.p.TestFile    Now processing file /home/runner/work/key/key/key.core/../key.ui/examples/standard_key/strings/implicitIntStringConversion.key 
47838      INFO  main            d.u.i.k.p.i.AbstractProblemLoader Loading environment from /home/runner/work/key/key/key.core/../key.ui/examples/standard_key/strings/implicitIntStringConversion.key 
47838      DEBUG main            d.u.i.k.p.i.AbstractProblemLoader Environment load took 180.9ns 
47840      INFO  main            d.u.i.k.p.i.AbstractProblemLoader Creating init config 
50184      DEBUG main            d.u.i.k.p.i.AbstractProblemLoader Init config took 2.34s 
50202      INFO  main            d.u.i.k.p.i.AbstractProblemLoader Replaying proof implicitIntStringConversion.key 
50203      DEBUG main            d.u.i.k.p.i.IntermediateProofReplayer Proof replay took 7ns 
50807      INFO  main            d.u.i.k.p.r.p.TestFile    ... finished proof: closed. 
51037      INFO  main            d.u.i.k.p.i.AbstractProblemLoader Loading environment from /home/runner/work/key/key/key.core/../key.ui/examples/standard_key/strings/implicitIntStringConversion.key.proof 
51039      DEBUG main            d.u.i.k.p.i.AbstractProblemLoader Environment load took 1.82ms 
51040      INFO  main            d.u.i.k.p.i.AbstractProblemLoader Creating init config 
53300      DEBUG main            d.u.i.k.p.i.AbstractProblemLoader Init config took 2.26s 
53317      INFO  main            d.u.i.k.p.i.AbstractProblemLoader Replaying proof implicitIntStringConversion.key.proof 
53380      DEBUG main            d.u.i.k.p.i.IntermediateProofReplayer Proof replay took 58.04ms 
53381      DEBUG main            d.u.i.k.p.r.p.TestFile    ... success: reloaded. 
53382      INFO  main            d.u.i.k.p.r.p.TestFile    Now processing file /home/runner/work/key/key/key.core/../key.ui/examples/standard_key/strings/implicitNullStringConversion.key 
53382      INFO  main            d.u.i.k.p.i.AbstractProblemLoader Loading environment from /home/runner/work/key/key/key.core/../key.ui/examples/standard_key/strings/implicitNullStringConversion.key 
53382      DEBUG main            d.u.i.k.p.i.AbstractProblemLoader Environment load took 103.6ns 
53383      INFO  main            d.u.i.k.p.i.AbstractProblemLoader Creating init config 
55744      DEBUG main            d.u.i.k.p.i.AbstractProblemLoader Init config took 2.36s 
55761      INFO  main            d.u.i.k.p.i.AbstractProblemLoader Replaying proof implicitNullStringConversion.key 
55762      DEBUG main            d.u.i.k.p.i.IntermediateProofReplayer Proof replay took 7.2ns 
55965      INFO  main            d.u.i.k.p.r.p.TestFile    ... finished proof: closed. 
56158      INFO  main            d.u.i.k.p.i.AbstractProblemLoader Loading environment from /home/runner/work/key/key/key.core/../key.ui/examples/standard_key/strings/implicitNullStringConversion.key.proof 
56158      DEBUG main            d.u.i.k.p.i.AbstractProblemLoader Environment load took 133ns 
56160      INFO  main            d.u.i.k.p.i.AbstractProblemLoader Creating init config 
58463      DEBUG main            d.u.i.k.p.i.AbstractProblemLoader Init config took 2.3s 
58481      INFO  main            d.u.i.k.p.i.AbstractProblemLoader Replaying proof implicitNullStringConversion.key.proof 
58513      DEBUG main            d.u.i.k.p.i.IntermediateProofReplayer Proof replay took 27.97ms 
58514      DEBUG main            d.u.i.k.p.r.p.TestFile    ... success: reloaded. 
58514      INFO  main            d.u.i.k.p.r.p.TestFile    Now processing file /home/runner/work/key/key/key.core/../key.ui/examples/standard_key/strings/implicitNullStringConversion2.key 
58514      INFO  main            d.u.i.k.p.i.AbstractProblemLoader Loading environment from /home/runner/work/key/key/key.core/../key.ui/examples/standard_key/strings/implicitNullStringConversion2.key 
58515      DEBUG main            d.u.i.k.p.i.AbstractProblemLoader Environment load took 111.3ns 
58515      INFO  main            d.u.i.k.p.i.AbstractProblemLoader Creating init config 
60817      DEBUG main            d.u.i.k.p.i.AbstractProblemLoader Init config took 2.3s 
60834      INFO  main            d.u.i.k.p.i.AbstractProblemLoader Replaying proof implicitNullStringConversion2.key 
60836      DEBUG main            d.u.i.k.p.i.IntermediateProofReplayer Proof replay took 6ns 
61040      INFO  main            d.u.i.k.p.r.p.TestFile    ... finished proof: closed. 
61236      INFO  main            d.u.i.k.p.i.AbstractProblemLoader Loading environment from /home/runner/work/key/key/key.core/../key.ui/examples/standard_key/strings/implicitNullStringConversion2.key.proof 
61236      DEBUG main            d.u.i.k.p.i.AbstractProblemLoader Environment load took 127.9ns 
61238      INFO  main            d.u.i.k.p.i.AbstractProblemLoader Creating init config 
63504      DEBUG main            d.u.i.k.p.i.AbstractProblemLoader Init config took 2.27s 
63535      INFO  main            d.u.i.k.p.i.AbstractProblemLoader Replaying proof implicitNullStringConversion2.key.proof 
63566      DEBUG main            d.u.i.k.p.i.IntermediateProofReplayer Proof replay took 27.09ms 
63567      DEBUG main            d.u.i.k.p.r.p.TestFile    ... success: reloaded. 
63568      INFO  main            d.u.i.k.p.r.p.TestFile    Now processing file /home/runner/work/key/key/key.core/../key.ui/examples/standard_key/strings/implicitObjectStringConversion.key 
63568      INFO  main            d.u.i.k.p.i.AbstractProblemLoader Loading environment from /home/runner/work/key/key/key.core/../key.ui/examples/standard_key/strings/implicitObjectStringConversion.key 
63569      DEBUG main            d.u.i.k.p.i.AbstractProblemLoader Environment load took 232.1ns 
63570      INFO  main            d.u.i.k.p.i.AbstractProblemLoader Creating init config 
66134      DEBUG main            d.u.i.k.p.i.AbstractProblemLoader Init config took 2.56s 
66151      INFO  main            d.u.i.k.p.i.AbstractProblemLoader Replaying proof implicitObjectStringConversion.key 
66153      DEBUG main            d.u.i.k.p.i.IntermediateProofReplayer Proof replay took 6.4ns 
66660      INFO  main            d.u.i.k.p.r.p.TestFile    ... finished proof: closed. 
66869      INFO  main            d.u.i.k.p.i.AbstractProblemLoader Loading environment from /home/runner/work/key/key/key.core/../key.ui/examples/standard_key/strings/implicitObjectStringConversion.key.proof 
66869      DEBUG main            d.u.i.k.p.i.AbstractProblemLoader Environment load took 474.41ns 
66870      INFO  main            d.u.i.k.p.i.AbstractProblemLoader Creating init config 
69365      DEBUG main            d.u.i.k.p.i.AbstractProblemLoader Init config took 2.49s 
69385      INFO  main            d.u.i.k.p.i.AbstractProblemLoader Replaying proof implicitObjectStringConversion.key.proof 
69439      DEBUG main            d.u.i.k.p.i.IntermediateProofReplayer Proof replay took 50.58ms 
69440      DEBUG main            d.u.i.k.p.r.p.TestFile    ... success: reloaded. 
69441      INFO  main            d.u.i.k.p.r.p.TestFile    Now processing file /home/runner/work/key/key/key.core/../key.ui/examples/standard_key/strings/literalEquality.key 
69441      INFO  main            d.u.i.k.p.i.AbstractProblemLoader Loading environment from /home/runner/work/key/key/key.core/../key.ui/examples/standard_key/strings/literalEquality.key 
69441      DEBUG main            d.u.i.k.p.i.AbstractProblemLoader Environment load took 168.7ns 
69442      INFO  main            d.u.i.k.p.i.AbstractProblemLoader Creating init config 
71742      DEBUG main            d.u.i.k.p.i.AbstractProblemLoader Init config took 2.3s 
71758      INFO  main            d.u.i.k.p.i.AbstractProblemLoader Replaying proof literalEquality.key 
71759      DEBUG main            d.u.i.k.p.i.IntermediateProofReplayer Proof replay took 7.2ns 
71864      INFO  main            d.u.i.k.p.r.p.TestFile    ... finished proof: closed. 
72058      INFO  main            d.u.i.k.p.i.AbstractProblemLoader Loading environment from /home/runner/work/key/key/key.core/../key.ui/examples/standard_key/strings/literalEquality.key.proof 
72058      DEBUG main            d.u.i.k.p.i.AbstractProblemLoader Environment load took 126.4ns 
72060      INFO  main            d.u.i.k.p.i.AbstractProblemLoader Creating init config 
74355      DEBUG main            d.u.i.k.p.i.AbstractProblemLoader Init config took 2.3s 
74374      INFO  main            d.u.i.k.p.i.AbstractProblemLoader Replaying proof literalEquality.key.proof 
74381      DEBUG main            d.u.i.k.p.i.IntermediateProofReplayer Proof replay took 2.85ms 
74382      DEBUG main            d.u.i.k.p.r.p.TestFile    ... success: reloaded. 
74383      INFO  main            d.u.i.k.p.r.p.TestFile    Now processing file /home/runner/work/key/key/key.core/../key.ui/examples/standard_key/strings/replace0.key 
74383      INFO  main            d.u.i.k.p.i.AbstractProblemLoader Loading environment from /home/runner/work/key/key/key.core/../key.ui/examples/standard_key/strings/replace0.key 
74384      DEBUG main            d.u.i.k.p.i.AbstractProblemLoader Environment load took 171ns 
74385      INFO  main            d.u.i.k.p.i.AbstractProblemLoader Creating init config 
76710      DEBUG main            d.u.i.k.p.i.AbstractProblemLoader Init config took 2.33s 
76724      INFO  main            d.u.i.k.p.i.AbstractProblemLoader Replaying proof replace0.key 
76725      DEBUG main            d.u.i.k.p.i.IntermediateProofReplayer Proof replay took 6.6ns 
76828      INFO  main            d.u.i.k.p.r.p.TestFile    ... finished proof: closed. 
77082      INFO  main            d.u.i.k.p.i.AbstractProblemLoader Loading environment from /home/runner/work/key/key/key.core/../key.ui/examples/standard_key/strings/replace0.key.proof 
77082      DEBUG main            d.u.i.k.p.i.AbstractProblemLoader Environment load took 170.3ns 
77084      INFO  main            d.u.i.k.p.i.AbstractProblemLoader Creating init config 
79343      DEBUG main            d.u.i.k.p.i.AbstractProblemLoader Init config took 2.26s 
79358      INFO  main            d.u.i.k.p.i.AbstractProblemLoader Replaying proof replace0.key.proof 
79363      DEBUG main            d.u.i.k.p.i.IntermediateProofReplayer Proof replay took 4.23ms 
79365      DEBUG main            d.u.i.k.p.r.p.TestFile    ... success: reloaded. 
79365      INFO  main            d.u.i.k.p.r.p.TestFile    Now processing file /home/runner/work/key/key/key.core/../key.ui/examples/standard_key/strings/replace1.key 
79366      INFO  main            d.u.i.k.p.i.AbstractProblemLoader Loading environment from /home/runner/work/key/key/key.core/../key.ui/examples/standard_key/strings/replace1.key 
79366      DEBUG main            d.u.i.k.p.i.AbstractProblemLoader Environment load took 170.2ns 
79367      INFO  main            d.u.i.k.p.i.AbstractProblemLoader Creating init config 
81652      DEBUG main            d.u.i.k.p.i.AbstractProblemLoader Init config took 2.29s 
81666      INFO  main            d.u.i.k.p.i.AbstractProblemLoader Replaying proof replace1.key 
81667      DEBUG main            d.u.i.k.p.i.IntermediateProofReplayer Proof replay took 6.2ns 
81770      INFO  main            d.u.i.k.p.r.p.TestFile    ... finished proof: closed. 
81974      INFO  main            d.u.i.k.p.i.AbstractProblemLoader Loading environment from /home/runner/work/key/key/key.core/../key.ui/examples/standard_key/strings/replace1.key.proof 
81975      DEBUG main            d.u.i.k.p.i.AbstractProblemLoader Environment load took 129.9ns 
81976      INFO  main            d.u.i.k.p.i.AbstractProblemLoader Creating init config 
84205      DEBUG main            d.u.i.k.p.i.AbstractProblemLoader Init config took 2.23s 
84220      INFO  main            d.u.i.k.p.i.AbstractProblemLoader Replaying proof replace1.key.proof 
84227      DEBUG main            d.u.i.k.p.i.IntermediateProofReplayer Proof replay took 5.19ms 
84227      DEBUG main            d.u.i.k.p.r.p.TestFile    ... success: reloaded. 
84228      INFO  main            d.u.i.k.p.r.p.TestFile    Now processing file /home/runner/work/key/key/key.core/../key.ui/examples/standard_key/strings/simpleAssignment.key 
84228      INFO  main            d.u.i.k.p.i.AbstractProblemLoader Loading environment from /home/runner/work/key/key/key.core/../key.ui/examples/standard_key/strings/simpleAssignment.key 
84229      DEBUG main            d.u.i.k.p.i.AbstractProblemLoader Environment load took 169.7ns 
84230      INFO  main            d.u.i.k.p.i.AbstractProblemLoader Creating init config 
86537      DEBUG main            d.u.i.k.p.i.AbstractProblemLoader Init config took 2.31s 
86552      INFO  main            d.u.i.k.p.i.AbstractProblemLoader Replaying proof simpleAssignment.key 
86553      DEBUG main            d.u.i.k.p.i.IntermediateProofReplayer Proof replay took 7ns 
86656      INFO  main            d.u.i.k.p.r.p.TestFile    ... finished proof: closed. 
86902      INFO  main            d.u.i.k.p.i.AbstractProblemLoader Loading environment from /home/runner/work/key/key/key.core/../key.ui/examples/standard_key/strings/simpleAssignment.key.proof 
86902      DEBUG main            d.u.i.k.p.i.AbstractProblemLoader Environment load took 116.9ns 
86904      INFO  main            d.u.i.k.p.i.AbstractProblemLoader Creating init config 
89155      DEBUG main            d.u.i.k.p.i.AbstractProblemLoader Init config took 2.25s 
89171      INFO  main            d.u.i.k.p.i.AbstractProblemLoader Replaying proof simpleAssignment.key.proof 
89175      DEBUG main            d.u.i.k.p.i.IntermediateProofReplayer Proof replay took 1.4ms 
89177      DEBUG main            d.u.i.k.p.r.p.TestFile    ... success: reloaded. 
89177      INFO  main            d.u.i.k.p.r.p.TestFile    Now processing file /home/runner/work/key/key/key.core/../key.ui/examples/standard_key/strings/simpleLengthComp.key 
89178      INFO  main            d.u.i.k.p.i.AbstractProblemLoader Loading environment from /home/runner/work/key/key/key.core/../key.ui/examples/standard_key/strings/simpleLengthComp.key 
89178      DEBUG main            d.u.i.k.p.i.AbstractProblemLoader Environment load took 171.8ns 
89179      INFO  main            d.u.i.k.p.i.AbstractProblemLoader Creating init config 
91494      DEBUG main            d.u.i.k.p.i.AbstractProblemLoader Init config took 2.32s 
91509      INFO  main            d.u.i.k.p.i.AbstractProblemLoader Replaying proof simpleLengthComp.key 
91512      DEBUG main            d.u.i.k.p.i.IntermediateProofReplayer Proof replay took 6.3ns 
91716      INFO  main            d.u.i.k.p.r.p.TestFile    ... finished proof: closed. 
91942      INFO  main            d.u.i.k.p.i.AbstractProblemLoader Loading environment from /home/runner/work/key/key/key.core/../key.ui/examples/standard_key/strings/simpleLengthComp.key.proof 
91942      DEBUG main            d.u.i.k.p.i.AbstractProblemLoader Environment load took 140.9ns 
91944      INFO  main            d.u.i.k.p.i.AbstractProblemLoader Creating init config 
94219      DEBUG main            d.u.i.k.p.i.AbstractProblemLoader Init config took 2.28s 
94235      INFO  main            d.u.i.k.p.i.AbstractProblemLoader Replaying proof simpleLengthComp.key.proof 
94252      DEBUG main            d.u.i.k.p.i.IntermediateProofReplayer Proof replay took 14.29ms 
94253      DEBUG main            d.u.i.k.p.r.p.TestFile    ... success: reloaded. 
94254      INFO  main            d.u.i.k.p.r.p.TestFile    Now processing file /home/runner/work/key/key/key.core/../key.ui/examples/standard_key/strings/stringCompileTimeConstant1.key 
94254      INFO  main            d.u.i.k.p.i.AbstractProblemLoader Loading environment from /home/runner/work/key/key/key.core/../key.ui/examples/standard_key/strings/stringCompileTimeConstant1.key 
94254      DEBUG main            d.u.i.k.p.i.AbstractProblemLoader Environment load took 173ns 
94255      INFO  main            d.u.i.k.p.i.AbstractProblemLoader Creating init config 
96506      DEBUG main            d.u.i.k.p.i.AbstractProblemLoader Init config took 2.25s 
96521      INFO  main            d.u.i.k.p.i.AbstractProblemLoader Replaying proof stringCompileTimeConstant1.key 
96522      DEBUG main            d.u.i.k.p.i.IntermediateProofReplayer Proof replay took 7.7ns 
96626      INFO  main            d.u.i.k.p.r.p.TestFile    ... finished proof: closed. 
96856      INFO  main            d.u.i.k.p.i.AbstractProblemLoader Loading environment from /home/runner/work/key/key/key.core/../key.ui/examples/standard_key/strings/stringCompileTimeConstant1.key.proof 
96856      DEBUG main            d.u.i.k.p.i.AbstractProblemLoader Environment load took 118.8ns 
96857      INFO  main            d.u.i.k.p.i.AbstractProblemLoader Creating init config 
99087      DEBUG main            d.u.i.k.p.i.AbstractProblemLoader Init config took 2.23s 
99102      INFO  main            d.u.i.k.p.i.AbstractProblemLoader Replaying proof stringCompileTimeConstant1.key.proof 
99109      DEBUG main            d.u.i.k.p.i.IntermediateProofReplayer Proof replay took 5.63ms 
99110      DEBUG main            d.u.i.k.p.r.p.TestFile    ... success: reloaded. 
99111      INFO  main            d.u.i.k.p.r.p.TestFile    Now processing file /home/runner/work/key/key/key.core/../key.ui/examples/standard_key/strings/stringCompileTimeConstant2.key 
99112      INFO  main            d.u.i.k.p.i.AbstractProblemLoader Loading environment from /home/runner/work/key/key/key.core/../key.ui/examples/standard_key/strings/stringCompileTimeConstant2.key 
99112      DEBUG main            d.u.i.k.p.i.AbstractProblemLoader Environment load took 110.8ns 
99113      INFO  main            d.u.i.k.p.i.AbstractProblemLoader Creating init config 
101568     DEBUG main            d.u.i.k.p.i.AbstractProblemLoader Init config took 2.46s 
101583     INFO  main            d.u.i.k.p.i.AbstractProblemLoader Replaying proof stringCompileTimeConstant2.key 
101585     DEBUG main            d.u.i.k.p.i.IntermediateProofReplayer Proof replay took 7ns 
104123     INFO  main            d.u.i.k.p.r.p.TestFile    ... finished proof: closed. 
104406     INFO  main            d.u.i.k.p.i.AbstractProblemLoader Loading environment from /home/runner/work/key/key/key.core/../key.ui/examples/standard_key/strings/stringCompileTimeConstant2.key.proof 
104407     DEBUG main            d.u.i.k.p.i.AbstractProblemLoader Environment load took 893.71ns 
104409     INFO  main            d.u.i.k.p.i.AbstractProblemLoader Creating init config 
106792     DEBUG main            d.u.i.k.p.i.AbstractProblemLoader Init config took 2.38s 
106807     INFO  main            d.u.i.k.p.i.AbstractProblemLoader Replaying proof stringCompileTimeConstant2.key.proof 
107111     DEBUG main            d.u.i.k.p.i.IntermediateProofReplayer Proof replay took 293.45ms 
107112     DEBUG main            d.u.i.k.p.r.p.TestFile    ... success: reloaded. 
107113     INFO  main            d.u.i.k.p.r.p.TestFile    Now processing file /home/runner/work/key/key/key.core/../key.ui/examples/standard_key/strings/stringEquality1.key 
107114     INFO  main            d.u.i.k.p.i.AbstractProblemLoader Loading environment from /home/runner/work/key/key/key.core/../key.ui/examples/standard_key/strings/stringEquality1.key 
107114     DEBUG main            d.u.i.k.p.i.AbstractProblemLoader Environment load took 193.8ns 
107115     INFO  main            d.u.i.k.p.i.AbstractProblemLoader Creating init config 
109408     DEBUG main            d.u.i.k.p.i.AbstractProblemLoader Init config took 2.29s 
109422     INFO  main            d.u.i.k.p.i.AbstractProblemLoader Replaying proof stringEquality1.key 
109423     DEBUG main            d.u.i.k.p.i.IntermediateProofReplayer Proof replay took 7.3ns 
109525     INFO  main            d.u.i.k.p.r.p.TestFile    ... finished proof: closed. 
109811     INFO  main            d.u.i.k.p.i.AbstractProblemLoader Loading environment from /home/runner/work/key/key/key.core/../key.ui/examples/standard_key/strings/stringEquality1.key.proof 
109811     DEBUG main            d.u.i.k.p.i.AbstractProblemLoader Environment load took 106.5ns 
109812     INFO  main            d.u.i.k.p.i.AbstractProblemLoader Creating init config 
112027     DEBUG main            d.u.i.k.p.i.AbstractProblemLoader Init config took 2.22s 
112041     INFO  main            d.u.i.k.p.i.AbstractProblemLoader Replaying proof stringEquality1.key.proof 
112049     DEBUG main            d.u.i.k.p.i.IntermediateProofReplayer Proof replay took 6.42ms 
112050     DEBUG main            d.u.i.k.p.r.p.TestFile    ... success: reloaded. 
112051     INFO  main            d.u.i.k.p.r.p.TestFile    Now processing file /home/runner/work/key/key/key.core/../key.ui/examples/standard_key/strings/stringEquality2.key 
112051     INFO  main            d.u.i.k.p.i.AbstractProblemLoader Loading environment from /home/runner/work/key/key/key.core/../key.ui/examples/standard_key/strings/stringEquality2.key 
112051     DEBUG main            d.u.i.k.p.i.AbstractProblemLoader Environment load took 85.5ns 
112052     INFO  main            d.u.i.k.p.i.AbstractProblemLoader Creating init config 
114294     DEBUG main            d.u.i.k.p.i.AbstractProblemLoader Init config took 2.24s 
114307     INFO  main            d.u.i.k.p.i.AbstractProblemLoader Replaying proof stringEquality2.key 
114308     DEBUG main            d.u.i.k.p.i.IntermediateProofReplayer Proof replay took 7.1ns 
114713     INFO  main            d.u.i.k.p.r.p.TestFile    ... finished proof: closed. 
114966     INFO  main            d.u.i.k.p.i.AbstractProblemLoader Loading environment from /home/runner/work/key/key/key.core/../key.ui/examples/standard_key/strings/stringEquality2.key.proof 
114967     DEBUG main            d.u.i.k.p.i.AbstractProblemLoader Environment load took 871.01ns 
114973     INFO  main            d.u.i.k.p.i.AbstractProblemLoader Creating init config 
117197     DEBUG main            d.u.i.k.p.i.AbstractProblemLoader Init config took 2.22s 
117211     INFO  main            d.u.i.k.p.i.AbstractProblemLoader Replaying proof stringEquality2.key.proof 
117258     DEBUG main            d.u.i.k.p.i.IntermediateProofReplayer Proof replay took 42.48ms 
117259     DEBUG main            d.u.i.k.p.r.p.TestFile    ... success: reloaded. 
117259     INFO  main            d.u.i.k.p.r.p.TestFile    Now processing file /home/runner/work/key/key/key.core/../key.ui/examples/standard_key/strings/substring0.key 
117260     INFO  main            d.u.i.k.p.i.AbstractProblemLoader Loading environment from /home/runner/work/key/key/key.core/../key.ui/examples/standard_key/strings/substring0.key 
117260     DEBUG main            d.u.i.k.p.i.AbstractProblemLoader Environment load took 114.3ns 
117261     INFO  main            d.u.i.k.p.i.AbstractProblemLoader Creating init config 
119563     DEBUG main            d.u.i.k.p.i.AbstractProblemLoader Init config took 2.3s 
119577     INFO  main            d.u.i.k.p.i.AbstractProblemLoader Replaying proof substring0.key 
119578     DEBUG main            d.u.i.k.p.i.IntermediateProofReplayer Proof replay took 6.9ns 
119684     INFO  main            d.u.i.k.p.r.p.TestFile    ... finished proof: closed. 
119936     INFO  main            d.u.i.k.p.i.AbstractProblemLoader Loading environment from /home/runner/work/key/key/key.core/../key.ui/examples/standard_key/strings/substring0.key.proof 
119936     DEBUG main            d.u.i.k.p.i.AbstractProblemLoader Environment load took 109.6ns 
119937     INFO  main            d.u.i.k.p.i.AbstractProblemLoader Creating init config 
122164     DEBUG main            d.u.i.k.p.i.AbstractProblemLoader Init config took 2.23s 
122178     INFO  main            d.u.i.k.p.i.AbstractProblemLoader Replaying proof substring0.key.proof 
122180     DEBUG main            d.u.i.k.p.i.IntermediateProofReplayer Proof replay took 417.9ns 
122181     DEBUG main            d.u.i.k.p.r.p.TestFile    ... success: reloaded. 
122182     INFO  main            d.u.i.k.p.r.p.TestFile    Now processing file /home/runner/work/key/key/key.core/../key.ui/examples/standard_key/strings/substring1.key 
122182     INFO  main            d.u.i.k.p.i.AbstractProblemLoader Loading environment from /home/runner/work/key/key/key.core/../key.ui/examples/standard_key/strings/substring1.key 
122182     DEBUG main            d.u.i.k.p.i.AbstractProblemLoader Environment load took 82.1ns 
122183     INFO  main            d.u.i.k.p.i.AbstractProblemLoader Creating init config 
124459     DEBUG main            d.u.i.k.p.i.AbstractProblemLoader Init config took 2.28s 
124472     INFO  main            d.u.i.k.p.i.AbstractProblemLoader Replaying proof substring1.key 
124473     DEBUG main            d.u.i.k.p.i.IntermediateProofReplayer Proof replay took 7.2ns 
124576     INFO  main            d.u.i.k.p.r.p.TestFile    ... finished proof: closed. 
124817     INFO  main            d.u.i.k.p.i.AbstractProblemLoader Loading environment from /home/runner/work/key/key/key.core/../key.ui/examples/standard_key/strings/substring1.key.proof 
124817     DEBUG main            d.u.i.k.p.i.AbstractProblemLoader Environment load took 115.9ns 
124818     INFO  main            d.u.i.k.p.i.AbstractProblemLoader Creating init config 
127014     DEBUG main            d.u.i.k.p.i.AbstractProblemLoader Init config took 2.2s 
127028     INFO  main            d.u.i.k.p.i.AbstractProblemLoader Replaying proof substring1.key.proof 
127029     DEBUG main            d.u.i.k.p.i.IntermediateProofReplayer Proof replay took 415.9ns 
127030     DEBUG main            d.u.i.k.p.r.p.TestFile    ... success: reloaded. 
127030     INFO  main            d.u.i.k.p.r.p.TestFile    Now processing file /home/runner/work/key/key/key.core/../key.ui/examples/standard_key/strings/substring2.key 
127031     INFO  main            d.u.i.k.p.i.AbstractProblemLoader Loading environment from /home/runner/work/key/key/key.core/../key.ui/examples/standard_key/strings/substring2.key 
127031     DEBUG main            d.u.i.k.p.i.AbstractProblemLoader Environment load took 100.8ns 
127032     INFO  main            d.u.i.k.p.i.AbstractProblemLoader Creating init config 
129282     DEBUG main            d.u.i.k.p.i.AbstractProblemLoader Init config took 2.25s 
129301     INFO  main            d.u.i.k.p.i.AbstractProblemLoader Replaying proof substring2.key 
129303     DEBUG main            d.u.i.k.p.i.IntermediateProofReplayer Proof replay took 7.3ns 
129405     INFO  main            d.u.i.k.p.r.p.TestFile    ... finished proof: closed. 
129649     INFO  main            d.u.i.k.p.i.AbstractProblemLoader Loading environment from /home/runner/work/key/key/key.core/../key.ui/examples/standard_key/strings/substring2.key.proof 
129649     DEBUG main            d.u.i.k.p.i.AbstractProblemLoader Environment load took 110.2ns 
129650     INFO  main            d.u.i.k.p.i.AbstractProblemLoader Creating init config 
131843     DEBUG main            d.u.i.k.p.i.AbstractProblemLoader Init config took 2.19s 
131856     INFO  main            d.u.i.k.p.i.AbstractProblemLoader Replaying proof substring2.key.proof 
131859     DEBUG main            d.u.i.k.p.i.IntermediateProofReplayer Proof replay took 777.71ns 
131859     DEBUG main            d.u.i.k.p.r.p.TestFile    ... success: reloaded. 
131860     INFO  main            d.u.i.k.p.r.p.TestFile    Now processing file /home/runner/work/key/key/key.core/../key.ui/examples/standard_key/strings/substring3.key 
131860     INFO  main            d.u.i.k.p.i.AbstractProblemLoader Loading environment from /home/runner/work/key/key/key.core/../key.ui/examples/standard_key/strings/substring3.key 
131860     DEBUG main            d.u.i.k.p.i.AbstractProblemLoader Environment load took 66.3ns 
131861     INFO  main            d.u.i.k.p.i.AbstractProblemLoader Creating init config 
134156     DEBUG main            d.u.i.k.p.i.AbstractProblemLoader Init config took 2.3s 
134171     INFO  main            d.u.i.k.p.i.AbstractProblemLoader Replaying proof substring3.key 
134172     DEBUG main            d.u.i.k.p.i.IntermediateProofReplayer Proof replay took 6.8ns 
134274     INFO  main            d.u.i.k.p.r.p.TestFile    ... finished proof: closed. 
134530     INFO  main            d.u.i.k.p.i.AbstractProblemLoader Loading environment from /home/runner/work/key/key/key.core/../key.ui/examples/standard_key/strings/substring3.key.proof 
134530     DEBUG main            d.u.i.k.p.i.AbstractProblemLoader Environment load took 120ns 
134532     INFO  main            d.u.i.k.p.i.AbstractProblemLoader Creating init config 
136723     DEBUG main            d.u.i.k.p.i.AbstractProblemLoader Init config took 2.19s 
136736     INFO  main            d.u.i.k.p.i.AbstractProblemLoader Replaying proof substring3.key.proof 
136740     DEBUG main            d.u.i.k.p.i.IntermediateProofReplayer Proof replay took 2.09ms 
136740     DEBUG main            d.u.i.k.p.r.p.TestFile    ... success: reloaded. 
136741     INFO  main            d.u.i.k.p.r.p.TestFile    Now processing file /home/runner/work/key/key/key.core/../key.ui/examples/standard_key/strings/substring4.key 
136741     INFO  main            d.u.i.k.p.i.AbstractProblemLoader Loading environment from /home/runner/work/key/key/key.core/../key.ui/examples/standard_key/strings/substring4.key 
136741     DEBUG main            d.u.i.k.p.i.AbstractProblemLoader Environment load took 184.2ns 
136742     INFO  main            d.u.i.k.p.i.AbstractProblemLoader Creating init config 
138992     DEBUG main            d.u.i.k.p.i.AbstractProblemLoader Init config took 2.25s 
139006     INFO  main            d.u.i.k.p.i.AbstractProblemLoader Replaying proof substring4.key 
139007     DEBUG main            d.u.i.k.p.i.IntermediateProofReplayer Proof replay took 7.9ns 
139112     INFO  main            d.u.i.k.p.r.p.TestFile    ... finished proof: closed. 
139375     INFO  main            d.u.i.k.p.i.AbstractProblemLoader Loading environment from /home/runner/work/key/key/key.core/../key.ui/examples/standard_key/strings/substring4.key.proof 
139375     DEBUG main            d.u.i.k.p.i.AbstractProblemLoader Environment load took 111.9ns 
139376     INFO  main            d.u.i.k.p.i.AbstractProblemLoader Creating init config 
141574     DEBUG main            d.u.i.k.p.i.AbstractProblemLoader Init config took 2.2s 
141589     INFO  main            d.u.i.k.p.i.AbstractProblemLoader Replaying proof substring4.key.proof 
141595     DEBUG main            d.u.i.k.p.i.IntermediateProofReplayer Proof replay took 3.1ms 
141596     DEBUG main            d.u.i.k.p.r.p.TestFile    ... success: reloaded. 
141598     INFO  main            d.u.i.k.p.r.p.TestFile    Now processing file /home/runner/work/key/key/key.core/../key.ui/examples/standard_key/strings/substring5.key 
141598     INFO  main            d.u.i.k.p.i.AbstractProblemLoader Loading environment from /home/runner/work/key/key/key.core/../key.ui/examples/standard_key/strings/substring5.key 
141598     DEBUG main            d.u.i.k.p.i.AbstractProblemLoader Environment load took 116.6ns 
141599     INFO  main            d.u.i.k.p.i.AbstractProblemLoader Creating init config 
143854     DEBUG main            d.u.i.k.p.i.AbstractProblemLoader Init config took 2.25s 
143868     INFO  main            d.u.i.k.p.i.AbstractProblemLoader Replaying proof substring5.key 
143869     DEBUG main            d.u.i.k.p.i.IntermediateProofReplayer Proof replay took 6.7ns 
144071     INFO  main            d.u.i.k.p.r.p.TestFile    ... finished proof: closed. 
144344     INFO  main            d.u.i.k.p.i.AbstractProblemLoader Loading environment from /home/runner/work/key/key/key.core/../key.ui/examples/standard_key/strings/substring5.key.proof 
144344     DEBUG main            d.u.i.k.p.i.AbstractProblemLoader Environment load took 101.3ns 
144345     INFO  main            d.u.i.k.p.i.AbstractProblemLoader Creating init config 
146555     DEBUG main            d.u.i.k.p.i.AbstractProblemLoader Init config took 2.21s 
146568     INFO  main            d.u.i.k.p.i.AbstractProblemLoader Replaying proof substring5.key.proof 
146594     DEBUG main            d.u.i.k.p.i.IntermediateProofReplayer Proof replay took 22.26ms 
146595     DEBUG main            d.u.i.k.p.r.p.TestFile    ... success: reloaded. 
4004214    INFO  Test worker     d.u.i.k.p.r.RunAllProofsTestUnit Returning from test strings 
4004216    INFO  Test worker     d.u.i.k.p.r.RunAllProofsTestUnit Running test simple_info_flow 
305        INFO  Timeout watchdog d.u.i.k.p.r.p.ForkedTestFileRunner Timeout watcher launched (2000 secs.) 
312        WARN  main            d.u.i.k.s.ProofSettings   The settings in /home/runner/.key/proof-settings.props are *not* read. 
338        INFO  main            d.u.i.k.p.r.p.TestFile    Now processing file /home/runner/work/key/key/key.core/../key.ui/examples/heap/information_flow/UpdateAbstraction_ex7_1_insecure.key 
445        INFO  main            d.u.i.k.p.i.AbstractProblemLoader Loading environment from /home/runner/work/key/key/key.core/../key.ui/examples/heap/information_flow/UpdateAbstraction_ex7_1_insecure.key 
474        DEBUG main            d.u.i.k.p.i.AbstractProblemLoader Environment load took 2.06ms 
691        INFO  main            d.u.i.k.p.i.AbstractProblemLoader Creating init config 
1663       DEBUG main            d.u.i.k.j.TypeConverter   No LDT found for Meta 
1664       DEBUG main            d.u.i.k.j.TypeConverter   No LDT found for Meta 
1667       DEBUG main            d.u.i.k.j.TypeConverter   No LDT found for Meta 
1667       DEBUG main            d.u.i.k.j.TypeConverter   No LDT found for Meta 
3041       DEBUG main            d.u.i.k.j.TypeConverter   No LDT found for JavaBigintExpression 
8500       DEBUG main            d.u.i.k.p.i.AbstractProblemLoader Init config took 7.81s 
8622       INFO  main            d.u.i.k.p.i.AbstractProblemLoader Replaying proof UpdateAbstraction[UpdateAbstraction::ex7_1_insecure()].JML operation contract.0 
8654       DEBUG main            d.u.i.k.p.i.IntermediateProofReplayer Proof replay took 34.2ns 
9321       INFO  main            d.u.i.k.p.r.p.TestFile    ... finished proof: open goal(s) 
9436       INFO  main            d.u.i.k.p.r.p.TestFile    Now processing file /home/runner/work/key/key/key.core/../key.ui/examples/heap/information_flow/UpdateAbstraction_ex7_2_insecure.key 
9436       INFO  main            d.u.i.k.p.i.AbstractProblemLoader Loading environment from /home/runner/work/key/key/key.core/../key.ui/examples/heap/information_flow/UpdateAbstraction_ex7_2_insecure.key 
9436       DEBUG main            d.u.i.k.p.i.AbstractProblemLoader Environment load took 93.2ns 
9438       INFO  main            d.u.i.k.p.i.AbstractProblemLoader Creating init config 
12641      DEBUG main            d.u.i.k.p.i.AbstractProblemLoader Init config took 3.2s 
12724      INFO  main            d.u.i.k.p.i.AbstractProblemLoader Replaying proof UpdateAbstraction[UpdateAbstraction::ex7_2_insecure()].JML operation contract.0 
12726      DEBUG main            d.u.i.k.p.i.IntermediateProofReplayer Proof replay took 7ns 
13132      INFO  main            d.u.i.k.p.r.p.TestFile    ... finished proof: open goal(s) 
4017660    INFO  Test worker     d.u.i.k.p.r.RunAllProofsTestUnit Returning from test simple_info_flow 
4017661    INFO  Test worker     d.u.i.k.p.r.RunAllProofsTestUnit Running test modelMethods 
347        INFO  Timeout watchdog d.u.i.k.p.r.p.ForkedTestFileRunner Timeout watcher launched (2000 secs.) 
358        WARN  main            d.u.i.k.s.ProofSettings   The settings in /home/runner/.key/proof-settings.props are *not* read. 
387        INFO  main            d.u.i.k.p.r.p.TestFile    Now processing file /home/runner/work/key/key/key.core/../key.ui/examples/heap/model_methods/Cell_footprint_acc.key 
503        INFO  main            d.u.i.k.p.i.AbstractProblemLoader Loading environment from /home/runner/work/key/key/key.core/../key.ui/examples/heap/model_methods/Cell_footprint_acc.key 
518        DEBUG main            d.u.i.k.p.i.AbstractProblemLoader Environment load took 1.92ms 
739        INFO  main            d.u.i.k.p.i.AbstractProblemLoader Creating init config 
1446       DEBUG main            d.u.i.k.j.TypeConverter   No LDT found for Meta 
1446       DEBUG main            d.u.i.k.j.TypeConverter   No LDT found for Meta 
1447       DEBUG main            d.u.i.k.j.TypeConverter   No LDT found for Meta 
1447       DEBUG main            d.u.i.k.j.TypeConverter   No LDT found for Meta 
2772       DEBUG main            d.u.i.k.j.TypeConverter   No LDT found for JavaBigintExpression 
8002       DEBUG main            d.u.i.k.p.i.AbstractProblemLoader Init config took 7.26s 
8124       INFO  main            d.u.i.k.p.i.AbstractProblemLoader Replaying proof Cell[Cell::footprint()].JML accessible clause.0 
8156       DEBUG main            d.u.i.k.p.i.IntermediateProofReplayer Proof replay took 31.7ns 
8641       INFO  main            d.u.i.k.p.r.p.TestFile    ... finished proof: closed. 
8745       INFO  main            d.u.i.k.p.i.AbstractProblemLoader Loading environment from /home/runner/work/key/key/key.core/../key.ui/examples/heap/model_methods/Cell_footprint_acc.key.proof 
8746       DEBUG main            d.u.i.k.p.i.AbstractProblemLoader Environment load took 911.31ns 
8750       INFO  main            d.u.i.k.p.i.AbstractProblemLoader Creating init config 
11662      DEBUG main            d.u.i.k.p.i.AbstractProblemLoader Init config took 2.91s 
11761      INFO  main            d.u.i.k.p.i.AbstractProblemLoader Replaying proof Cell[Cell::footprint()].JML accessible clause.0 
11836      DEBUG main            d.u.i.k.p.i.IntermediateProofReplayer Proof replay took 64.26ms 
11844      DEBUG main            d.u.i.k.p.r.p.TestFile    ... success: reloaded. 
11847      INFO  main            d.u.i.k.p.r.p.TestFile    Now processing file /home/runner/work/key/key/key.core/../key.ui/examples/heap/model_methods/Cell_footprint.key 
11848      INFO  main            d.u.i.k.p.i.AbstractProblemLoader Loading environment from /home/runner/work/key/key/key.core/../key.ui/examples/heap/model_methods/Cell_footprint.key 
11848      DEBUG main            d.u.i.k.p.i.AbstractProblemLoader Environment load took 195.5ns 
11851      INFO  main            d.u.i.k.p.i.AbstractProblemLoader Creating init config 
14718      DEBUG main            d.u.i.k.p.i.AbstractProblemLoader Init config took 2.87s 
14784      INFO  main            d.u.i.k.p.i.AbstractProblemLoader Replaying proof Cell[Cell::footprint()].JML model_behavior operation contract.0 
14787      DEBUG main            d.u.i.k.p.i.IntermediateProofReplayer Proof replay took 6.6ns 
14889      INFO  main            d.u.i.k.p.r.p.TestFile    ... finished proof: closed. 
15022      INFO  main            d.u.i.k.p.i.AbstractProblemLoader Loading environment from /home/runner/work/key/key/key.core/../key.ui/examples/heap/model_methods/Cell_footprint.key.proof 
15022      DEBUG main            d.u.i.k.p.i.AbstractProblemLoader Environment load took 144.7ns 
15024      INFO  main            d.u.i.k.p.i.AbstractProblemLoader Creating init config 
17724      DEBUG main            d.u.i.k.p.i.AbstractProblemLoader Init config took 2.7s 
17783      INFO  main            d.u.i.k.p.i.AbstractProblemLoader Replaying proof Cell[Cell::footprint()].JML model_behavior operation contract.0 
17792      DEBUG main            d.u.i.k.p.i.IntermediateProofReplayer Proof replay took 7.39ms 
17793      DEBUG main            d.u.i.k.p.r.p.TestFile    ... success: reloaded. 
17795      INFO  main            d.u.i.k.p.r.p.TestFile    Now processing file /home/runner/work/key/key/key.core/../key.ui/examples/heap/model_methods/Cell_get_acc.key 
17795      INFO  main            d.u.i.k.p.i.AbstractProblemLoader Loading environment from /home/runner/work/key/key/key.core/../key.ui/examples/heap/model_methods/Cell_get_acc.key 
17795      DEBUG main            d.u.i.k.p.i.AbstractProblemLoader Environment load took 173.7ns 
17796      INFO  main            d.u.i.k.p.i.AbstractProblemLoader Creating init config 
20466      DEBUG main            d.u.i.k.p.i.AbstractProblemLoader Init config took 2.67s 
20518      INFO  main            d.u.i.k.p.i.AbstractProblemLoader Replaying proof Cell[Cell::get()].JML accessible clause.0 
20520      DEBUG main            d.u.i.k.p.i.IntermediateProofReplayer Proof replay took 5.7ns 
20732      INFO  main            d.u.i.k.p.r.p.TestFile    ... finished proof: closed. 
20926      INFO  main            d.u.i.k.p.i.AbstractProblemLoader Loading environment from /home/runner/work/key/key/key.core/../key.ui/examples/heap/model_methods/Cell_get_acc.key.proof 
20928      DEBUG main            d.u.i.k.p.i.AbstractProblemLoader Environment load took 1.82ms 
20929      INFO  main            d.u.i.k.p.i.AbstractProblemLoader Creating init config 
23579      DEBUG main            d.u.i.k.p.i.AbstractProblemLoader Init config took 2.65s 
23630      INFO  main            d.u.i.k.p.i.AbstractProblemLoader Replaying proof Cell[Cell::get()].JML accessible clause.0 
23667      DEBUG main            d.u.i.k.p.i.IntermediateProofReplayer Proof replay took 33.73ms 
23668      DEBUG main            d.u.i.k.p.r.p.TestFile    ... success: reloaded. 
23670      INFO  main            d.u.i.k.p.r.p.TestFile    Now processing file /home/runner/work/key/key/key.core/../key.ui/examples/heap/model_methods/Cell_get.key 
23670      INFO  main            d.u.i.k.p.i.AbstractProblemLoader Loading environment from /home/runner/work/key/key/key.core/../key.ui/examples/heap/model_methods/Cell_get.key 
23670      DEBUG main            d.u.i.k.p.i.AbstractProblemLoader Environment load took 191.4ns 
23671      INFO  main            d.u.i.k.p.i.AbstractProblemLoader Creating init config 
26346      DEBUG main            d.u.i.k.p.i.AbstractProblemLoader Init config took 2.67s 
26396      INFO  main            d.u.i.k.p.i.AbstractProblemLoader Replaying proof Cell[Cell::get()].JML operation contract.0 
26398      DEBUG main            d.u.i.k.p.i.IntermediateProofReplayer Proof replay took 6.1ns 
26500      INFO  main            d.u.i.k.p.r.p.TestFile    ... finished proof: closed. 
26652      INFO  main            d.u.i.k.p.i.AbstractProblemLoader Loading environment from /home/runner/work/key/key/key.core/../key.ui/examples/heap/model_methods/Cell_get.key.proof 
26652      DEBUG main            d.u.i.k.p.i.AbstractProblemLoader Environment load took 120.4ns 
26653      INFO  main            d.u.i.k.p.i.AbstractProblemLoader Creating init config 
29258      DEBUG main            d.u.i.k.p.i.AbstractProblemLoader Init config took 2.6s 
29306      INFO  main            d.u.i.k.p.i.AbstractProblemLoader Replaying proof Cell[Cell::get()].JML operation contract.0 
29325      DEBUG main            d.u.i.k.p.i.IntermediateProofReplayer Proof replay took 16.99ms 
29327      DEBUG main            d.u.i.k.p.r.p.TestFile    ... success: reloaded. 
29328      INFO  main            d.u.i.k.p.r.p.TestFile    Now processing file /home/runner/work/key/key/key.core/../key.ui/examples/heap/model_methods/Cell_post_set.key 
29328      INFO  main            d.u.i.k.p.i.AbstractProblemLoader Loading environment from /home/runner/work/key/key/key.core/../key.ui/examples/heap/model_methods/Cell_post_set.key 
29329      DEBUG main            d.u.i.k.p.i.AbstractProblemLoader Environment load took 178.1ns 
29330      INFO  main            d.u.i.k.p.i.AbstractProblemLoader Creating init config 
31981      DEBUG main            d.u.i.k.p.i.AbstractProblemLoader Init config took 2.65s 
32029      INFO  main            d.u.i.k.p.i.AbstractProblemLoader Replaying proof Cell[Cell::post_set(int)].JML model_behavior operation contract.0 
32031      DEBUG main            d.u.i.k.p.i.IntermediateProofReplayer Proof replay took 6.1ns 
32136      INFO  main            d.u.i.k.p.r.p.TestFile    ... finished proof: closed. 
32284      INFO  main            d.u.i.k.p.i.AbstractProblemLoader Loading environment from /home/runner/work/key/key/key.core/../key.ui/examples/heap/model_methods/Cell_post_set.key.proof 
32284      DEBUG main            d.u.i.k.p.i.AbstractProblemLoader Environment load took 132ns 
32285      INFO  main            d.u.i.k.p.i.AbstractProblemLoader Creating init config 
34854      DEBUG main            d.u.i.k.p.i.AbstractProblemLoader Init config took 2.57s 
34901      INFO  main            d.u.i.k.p.i.AbstractProblemLoader Replaying proof Cell[Cell::post_set(int)].JML model_behavior operation contract.0 
34907      DEBUG main            d.u.i.k.p.i.IntermediateProofReplayer Proof replay took 4.62ms 
34908      DEBUG main            d.u.i.k.p.r.p.TestFile    ... success: reloaded. 
34909      INFO  main            d.u.i.k.p.r.p.TestFile    Now processing file /home/runner/work/key/key/key.core/../key.ui/examples/heap/model_methods/Cell_set.key 
34909      INFO  main            d.u.i.k.p.i.AbstractProblemLoader Loading environment from /home/runner/work/key/key/key.core/../key.ui/examples/heap/model_methods/Cell_set.key 
34910      DEBUG main            d.u.i.k.p.i.AbstractProblemLoader Environment load took 186.1ns 
34911      INFO  main            d.u.i.k.p.i.AbstractProblemLoader Creating init config 
37593      DEBUG main            d.u.i.k.p.i.AbstractProblemLoader Init config took 2.68s 
37647      INFO  main            d.u.i.k.p.i.AbstractProblemLoader Replaying proof Cell[Cell::set(int)].JML operation contract.0 
37649      DEBUG main            d.u.i.k.p.i.IntermediateProofReplayer Proof replay took 6.8ns 
44895      INFO  main            d.u.i.k.p.r.p.TestFile    ... finished proof: closed. 
45136      INFO  main            d.u.i.k.p.i.AbstractProblemLoader Loading environment from /home/runner/work/key/key/key.core/../key.ui/examples/heap/model_methods/Cell_set.key.proof 
45136      DEBUG main            d.u.i.k.p.i.AbstractProblemLoader Environment load took 360.31ns 
45138      INFO  main            d.u.i.k.p.i.AbstractProblemLoader Creating init config 
47742      DEBUG main            d.u.i.k.p.i.AbstractProblemLoader Init config took 2.6s 
47788      INFO  main            d.u.i.k.p.i.AbstractProblemLoader Replaying proof Cell[Cell::set(int)].JML operation contract.0 
48327      DEBUG main            d.u.i.k.p.i.IntermediateProofReplayer Proof replay took 520.16ms 
48329      DEBUG main            d.u.i.k.p.r.p.TestFile    ... success: reloaded. 
48330      INFO  main            d.u.i.k.p.r.p.TestFile    Now processing file /home/runner/work/key/key/key.core/../key.ui/examples/heap/model_methods/CellTest_callSet.key 
48330      INFO  main            d.u.i.k.p.i.AbstractProblemLoader Loading environment from /home/runner/work/key/key/key.core/../key.ui/examples/heap/model_methods/CellTest_callSet.key 
48331      DEBUG main            d.u.i.k.p.i.AbstractProblemLoader Environment load took 181ns 
48332      INFO  main            d.u.i.k.p.i.AbstractProblemLoader Creating init config 
50934      DEBUG main            d.u.i.k.p.i.AbstractProblemLoader Init config took 2.6s 
51007      INFO  main            d.u.i.k.p.i.AbstractProblemLoader Replaying proof CellTest[CellTest::callSet(Cell,int)].JML operation contract.0 
51009      DEBUG main            d.u.i.k.p.i.IntermediateProofReplayer Proof replay took 7.9ns 
51212      INFO  main            d.u.i.k.p.r.p.TestFile    ... finished proof: closed. 
51382      INFO  main            d.u.i.k.p.i.AbstractProblemLoader Loading environment from /home/runner/work/key/key/key.core/../key.ui/examples/heap/model_methods/CellTest_callSet.key.proof 
51382      DEBUG main            d.u.i.k.p.i.AbstractProblemLoader Environment load took 122.1ns 
51383      INFO  main            d.u.i.k.p.i.AbstractProblemLoader Creating init config 
53962      DEBUG main            d.u.i.k.p.i.AbstractProblemLoader Init config took 2.58s 
54010      INFO  main            d.u.i.k.p.i.AbstractProblemLoader Replaying proof CellTest[CellTest::callSet(Cell,int)].JML operation contract.0 
54051      DEBUG main            d.u.i.k.p.i.IntermediateProofReplayer Proof replay took 38.35ms 
54052      DEBUG main            d.u.i.k.p.r.p.TestFile    ... success: reloaded. 
54053      INFO  main            d.u.i.k.p.r.p.TestFile    Now processing file /home/runner/work/key/key/key.core/../key.ui/examples/heap/model_methods/CellTest_test2.key 
54054      INFO  main            d.u.i.k.p.i.AbstractProblemLoader Loading environment from /home/runner/work/key/key/key.core/../key.ui/examples/heap/model_methods/CellTest_test2.key 
54054      DEBUG main            d.u.i.k.p.i.AbstractProblemLoader Environment load took 206.7ns 
54055      INFO  main            d.u.i.k.p.i.AbstractProblemLoader Creating init config 
56698      DEBUG main            d.u.i.k.p.i.AbstractProblemLoader Init config took 2.64s 
56750      INFO  main            d.u.i.k.p.i.AbstractProblemLoader Replaying proof CellTest[CellTest::test2(Cell)].JML operation contract.0 
56752      DEBUG main            d.u.i.k.p.i.IntermediateProofReplayer Proof replay took 7.2ns 
57055      INFO  main            d.u.i.k.p.r.p.TestFile    ... finished proof: closed. 
57241      INFO  main            d.u.i.k.p.i.AbstractProblemLoader Loading environment from /home/runner/work/key/key/key.core/../key.ui/examples/heap/model_methods/CellTest_test2.key.proof 
57241      DEBUG main            d.u.i.k.p.i.AbstractProblemLoader Environment load took 121.9ns 
57242      INFO  main            d.u.i.k.p.i.AbstractProblemLoader Creating init config 
59805      DEBUG main            d.u.i.k.p.i.AbstractProblemLoader Init config took 2.56s 
59848      INFO  main            d.u.i.k.p.i.AbstractProblemLoader Replaying proof CellTest[CellTest::test2(Cell)].JML operation contract.0 
59921      DEBUG main            d.u.i.k.p.i.IntermediateProofReplayer Proof replay took 70.01ms 
59923      DEBUG main            d.u.i.k.p.r.p.TestFile    ... success: reloaded. 
59924      INFO  main            d.u.i.k.p.r.p.TestFile    Now processing file /home/runner/work/key/key/key.core/../key.ui/examples/heap/model_methods/CellTest_test.key 
59924      INFO  main            d.u.i.k.p.i.AbstractProblemLoader Loading environment from /home/runner/work/key/key/key.core/../key.ui/examples/heap/model_methods/CellTest_test.key 
59924      DEBUG main            d.u.i.k.p.i.AbstractProblemLoader Environment load took 175.3ns 
59925      INFO  main            d.u.i.k.p.i.AbstractProblemLoader Creating init config 
62514      DEBUG main            d.u.i.k.p.i.AbstractProblemLoader Init config took 2.59s 
62557      INFO  main            d.u.i.k.p.i.AbstractProblemLoader Replaying proof CellTest[CellTest::test(Recell)].JML operation contract.0 
62558      DEBUG main            d.u.i.k.p.i.IntermediateProofReplayer Proof replay took 8.1ns 
65074      INFO  main            d.u.i.k.p.r.p.TestFile    ... finished proof: closed. 
65305      INFO  main            d.u.i.k.p.i.AbstractProblemLoader Loading environment from /home/runner/work/key/key/key.core/../key.ui/examples/heap/model_methods/CellTest_test.key.proof 
65305      DEBUG main            d.u.i.k.p.i.AbstractProblemLoader Environment load took 347ns 
65307      INFO  main            d.u.i.k.p.i.AbstractProblemLoader Creating init config 
67814      DEBUG main            d.u.i.k.p.i.AbstractProblemLoader Init config took 2.51s 
67866      INFO  main            d.u.i.k.p.i.AbstractProblemLoader Replaying proof CellTest[CellTest::test(Recell)].JML operation contract.0 
68402      DEBUG main            d.u.i.k.p.i.IntermediateProofReplayer Proof replay took 492.65ms 
68404      DEBUG main            d.u.i.k.p.r.p.TestFile    ... success: reloaded. 
68405      INFO  main            d.u.i.k.p.r.p.TestFile    Now processing file /home/runner/work/key/key/key.core/../key.ui/examples/heap/model_methods/Coll1_add.key 
68405      INFO  main            d.u.i.k.p.i.AbstractProblemLoader Loading environment from /home/runner/work/key/key/key.core/../key.ui/examples/heap/model_methods/Coll1_add.key 
68405      DEBUG main            d.u.i.k.p.i.AbstractProblemLoader Environment load took 173.1ns 
68406      INFO  main            d.u.i.k.p.i.AbstractProblemLoader Creating init config 
70996      DEBUG main            d.u.i.k.p.i.AbstractProblemLoader Init config took 2.59s 
71037      INFO  main            d.u.i.k.p.i.AbstractProblemLoader Replaying proof Coll1[Coll::add(int)].JML operation contract.0 
71039      DEBUG main            d.u.i.k.p.i.IntermediateProofReplayer Proof replay took 7.8ns 
71144      INFO  main            d.u.i.k.p.r.p.TestFile    ... finished proof: closed. 
71325      INFO  main            d.u.i.k.p.i.AbstractProblemLoader Loading environment from /home/runner/work/key/key/key.core/../key.ui/examples/heap/model_methods/Coll1_add.key.proof 
71325      DEBUG main            d.u.i.k.p.i.AbstractProblemLoader Environment load took 121ns 
71326      INFO  main            d.u.i.k.p.i.AbstractProblemLoader Creating init config 
73846      DEBUG main            d.u.i.k.p.i.AbstractProblemLoader Init config took 2.52s 
73887      INFO  main            d.u.i.k.p.i.AbstractProblemLoader Replaying proof Coll1[Coll::add(int)].JML operation contract.0 
73896      DEBUG main            d.u.i.k.p.i.IntermediateProofReplayer Proof replay took 6.79ms 
73896      DEBUG main            d.u.i.k.p.r.p.TestFile    ... success: reloaded. 
73898      INFO  main            d.u.i.k.p.r.p.TestFile    Now processing file /home/runner/work/key/key/key.core/../key.ui/examples/heap/model_methods/Coll1_Coll1_add_pre.key 
73898      INFO  main            d.u.i.k.p.i.AbstractProblemLoader Loading environment from /home/runner/work/key/key/key.core/../key.ui/examples/heap/model_methods/Coll1_Coll1_add_pre.key 
73898      DEBUG main            d.u.i.k.p.i.AbstractProblemLoader Environment load took 94.1ns 
73899      INFO  main            d.u.i.k.p.i.AbstractProblemLoader Creating init config 
76460      DEBUG main            d.u.i.k.p.i.AbstractProblemLoader Init config took 2.56s 
76500      INFO  main            d.u.i.k.p.i.AbstractProblemLoader Replaying proof Coll1[Coll1::add_pre(int)].JML model_behavior operation contract.0 
76502      DEBUG main            d.u.i.k.p.i.IntermediateProofReplayer Proof replay took 6.6ns 
76604      INFO  main            d.u.i.k.p.r.p.TestFile    ... finished proof: closed. 
76790      INFO  main            d.u.i.k.p.i.AbstractProblemLoader Loading environment from /home/runner/work/key/key/key.core/../key.ui/examples/heap/model_methods/Coll1_Coll1_add_pre.key.proof 
76790      DEBUG main            d.u.i.k.p.i.AbstractProblemLoader Environment load took 135ns 
76791      INFO  main            d.u.i.k.p.i.AbstractProblemLoader Creating init config 
79308      DEBUG main            d.u.i.k.p.i.AbstractProblemLoader Init config took 2.52s 
79351      INFO  main            d.u.i.k.p.i.AbstractProblemLoader Replaying proof Coll1[Coll1::add_pre(int)].JML model_behavior operation contract.0 
79353      DEBUG main            d.u.i.k.p.i.IntermediateProofReplayer Proof replay took 1.32ms 
79354      DEBUG main            d.u.i.k.p.r.p.TestFile    ... success: reloaded. 
79355      INFO  main            d.u.i.k.p.r.p.TestFile    Now processing file /home/runner/work/key/key/key.core/../key.ui/examples/heap/model_methods/Coll1_Coll_add_pre.key 
79355      INFO  main            d.u.i.k.p.i.AbstractProblemLoader Loading environment from /home/runner/work/key/key/key.core/../key.ui/examples/heap/model_methods/Coll1_Coll_add_pre.key 
79356      DEBUG main            d.u.i.k.p.i.AbstractProblemLoader Environment load took 86.5ns 
79356      INFO  main            d.u.i.k.p.i.AbstractProblemLoader Creating init config 
81938      DEBUG main            d.u.i.k.p.i.AbstractProblemLoader Init config took 2.58s 
81978      INFO  main            d.u.i.k.p.i.AbstractProblemLoader Replaying proof Coll1[Coll::add_pre(int)].JML model_behavior operation contract.0 
81980      DEBUG main            d.u.i.k.p.i.IntermediateProofReplayer Proof replay took 6.9ns 
82082      INFO  main            d.u.i.k.p.r.p.TestFile    ... finished proof: closed. 
82278      INFO  main            d.u.i.k.p.i.AbstractProblemLoader Loading environment from /home/runner/work/key/key/key.core/../key.ui/examples/heap/model_methods/Coll1_Coll_add_pre.key.proof 
82278      DEBUG main            d.u.i.k.p.i.AbstractProblemLoader Environment load took 128ns 
82279      INFO  main            d.u.i.k.p.i.AbstractProblemLoader Creating init config 
84783      DEBUG main            d.u.i.k.p.i.AbstractProblemLoader Init config took 2.5s 
84823      INFO  main            d.u.i.k.p.i.AbstractProblemLoader Replaying proof Coll1[Coll::add_pre(int)].JML model_behavior operation contract.0 
84826      DEBUG main            d.u.i.k.p.i.IntermediateProofReplayer Proof replay took 2.01ms 
84827      DEBUG main            d.u.i.k.p.r.p.TestFile    ... success: reloaded. 
84828      INFO  main            d.u.i.k.p.r.p.TestFile    Now processing file /home/runner/work/key/key/key.core/../key.ui/examples/heap/model_methods/Coll2_add.key 
84828      INFO  main            d.u.i.k.p.i.AbstractProblemLoader Loading environment from /home/runner/work/key/key/key.core/../key.ui/examples/heap/model_methods/Coll2_add.key 
84829      DEBUG main            d.u.i.k.p.i.AbstractProblemLoader Environment load took 86.1ns 
84829      INFO  main            d.u.i.k.p.i.AbstractProblemLoader Creating init config 
87409      DEBUG main            d.u.i.k.p.i.AbstractProblemLoader Init config took 2.58s 
87449      INFO  main            d.u.i.k.p.i.AbstractProblemLoader Replaying proof Coll2[Coll::add(int)].JML operation contract.0 
87451      DEBUG main            d.u.i.k.p.i.IntermediateProofReplayer Proof replay took 6.7ns 
87556      INFO  main            d.u.i.k.p.r.p.TestFile    ... finished proof: closed. 
87761      INFO  main            d.u.i.k.p.i.AbstractProblemLoader Loading environment from /home/runner/work/key/key/key.core/../key.ui/examples/heap/model_methods/Coll2_add.key.proof 
87761      DEBUG main            d.u.i.k.p.i.AbstractProblemLoader Environment load took 118.4ns 
87762      INFO  main            d.u.i.k.p.i.AbstractProblemLoader Creating init config 
90297      DEBUG main            d.u.i.k.p.i.AbstractProblemLoader Init config took 2.54s 
90338      INFO  main            d.u.i.k.p.i.AbstractProblemLoader Replaying proof Coll2[Coll::add(int)].JML operation contract.0 
90346      DEBUG main            d.u.i.k.p.i.IntermediateProofReplayer Proof replay took 6.27ms 
90347      DEBUG main            d.u.i.k.p.r.p.TestFile    ... success: reloaded. 
90348      INFO  main            d.u.i.k.p.r.p.TestFile    Now processing file /home/runner/work/key/key/key.core/../key.ui/examples/heap/model_methods/Coll2_Coll2_add_pre.key 
90349      INFO  main            d.u.i.k.p.i.AbstractProblemLoader Loading environment from /home/runner/work/key/key/key.core/../key.ui/examples/heap/model_methods/Coll2_Coll2_add_pre.key 
90349      DEBUG main            d.u.i.k.p.i.AbstractProblemLoader Environment load took 143.3ns 
90350      INFO  main            d.u.i.k.p.i.AbstractProblemLoader Creating init config 
92870      DEBUG main            d.u.i.k.p.i.AbstractProblemLoader Init config took 2.52s 
92929      INFO  main            d.u.i.k.p.i.AbstractProblemLoader Replaying proof Coll2[Coll2::add_pre(int)].JML model_behavior operation contract.0 
92930      DEBUG main            d.u.i.k.p.i.IntermediateProofReplayer Proof replay took 7.5ns 
93036      INFO  main            d.u.i.k.p.r.p.TestFile    ... finished proof: closed. 
93226      INFO  main            d.u.i.k.p.i.AbstractProblemLoader Loading environment from /home/runner/work/key/key/key.core/../key.ui/examples/heap/model_methods/Coll2_Coll2_add_pre.key.proof 
93226      DEBUG main            d.u.i.k.p.i.AbstractProblemLoader Environment load took 119.2ns 
93227      INFO  main            d.u.i.k.p.i.AbstractProblemLoader Creating init config 
95788      DEBUG main            d.u.i.k.p.i.AbstractProblemLoader Init config took 2.56s 
95827      INFO  main            d.u.i.k.p.i.AbstractProblemLoader Replaying proof Coll2[Coll2::add_pre(int)].JML model_behavior operation contract.0 
95830      DEBUG main            d.u.i.k.p.i.IntermediateProofReplayer Proof replay took 1.43ms 
95831      DEBUG main            d.u.i.k.p.r.p.TestFile    ... success: reloaded. 
95832      INFO  main            d.u.i.k.p.r.p.TestFile    Now processing file /home/runner/work/key/key/key.core/../key.ui/examples/heap/model_methods/Coll2_Coll_add_pre.key 
95833      INFO  main            d.u.i.k.p.i.AbstractProblemLoader Loading environment from /home/runner/work/key/key/key.core/../key.ui/examples/heap/model_methods/Coll2_Coll_add_pre.key 
95833      DEBUG main            d.u.i.k.p.i.AbstractProblemLoader Environment load took 179.2ns 
95834      INFO  main            d.u.i.k.p.i.AbstractProblemLoader Creating init config 
98355      DEBUG main            d.u.i.k.p.i.AbstractProblemLoader Init config took 2.52s 
98411      INFO  main            d.u.i.k.p.i.AbstractProblemLoader Replaying proof Coll2[Coll::add_pre(int)].JML model_behavior operation contract.0 
98413      DEBUG main            d.u.i.k.p.i.IntermediateProofReplayer Proof replay took 6.7ns 
98514      INFO  main            d.u.i.k.p.r.p.TestFile    ... finished proof: closed. 
98733      INFO  main            d.u.i.k.p.i.AbstractProblemLoader Loading environment from /home/runner/work/key/key/key.core/../key.ui/examples/heap/model_methods/Coll2_Coll_add_pre.key.proof 
98734      DEBUG main            d.u.i.k.p.i.AbstractProblemLoader Environment load took 115ns 
98735      INFO  main            d.u.i.k.p.i.AbstractProblemLoader Creating init config 
101279     DEBUG main            d.u.i.k.p.i.AbstractProblemLoader Init config took 2.54s 
101318     INFO  main            d.u.i.k.p.i.AbstractProblemLoader Replaying proof Coll2[Coll::add_pre(int)].JML model_behavior operation contract.0 
101322     DEBUG main            d.u.i.k.p.i.IntermediateProofReplayer Proof replay took 1.94ms 
101322     DEBUG main            d.u.i.k.p.r.p.TestFile    ... success: reloaded. 
101324     INFO  main            d.u.i.k.p.r.p.TestFile    Now processing file /home/runner/work/key/key/key.core/../key.ui/examples/heap/model_methods/Coll_add.key 
101324     INFO  main            d.u.i.k.p.i.AbstractProblemLoader Loading environment from /home/runner/work/key/key/key.core/../key.ui/examples/heap/model_methods/Coll_add.key 
101324     DEBUG main            d.u.i.k.p.i.AbstractProblemLoader Environment load took 97.5ns 
101325     INFO  main            d.u.i.k.p.i.AbstractProblemLoader Creating init config 
103809     DEBUG main            d.u.i.k.p.i.AbstractProblemLoader Init config took 2.48s 
103867     INFO  main            d.u.i.k.p.i.AbstractProblemLoader Replaying proof Coll[Coll::add(int)].JML operation contract.0 
103869     DEBUG main            d.u.i.k.p.i.IntermediateProofReplayer Proof replay took 6.9ns 
103972     INFO  main            d.u.i.k.p.r.p.TestFile    ... finished proof: closed. 
104200     INFO  main            d.u.i.k.p.i.AbstractProblemLoader Loading environment from /home/runner/work/key/key/key.core/../key.ui/examples/heap/model_methods/Coll_add.key.proof 
104200     DEBUG main            d.u.i.k.p.i.AbstractProblemLoader Environment load took 135.3ns 
104201     INFO  main            d.u.i.k.p.i.AbstractProblemLoader Creating init config 
106681     DEBUG main            d.u.i.k.p.i.AbstractProblemLoader Init config took 2.48s 
106720     INFO  main            d.u.i.k.p.i.AbstractProblemLoader Replaying proof Coll[Coll::add(int)].JML operation contract.0 
106724     DEBUG main            d.u.i.k.p.i.IntermediateProofReplayer Proof replay took 2ms 
106724     DEBUG main            d.u.i.k.p.r.p.TestFile    ... success: reloaded. 
106725     INFO  main            d.u.i.k.p.r.p.TestFile    Now processing file /home/runner/work/key/key/key.core/../key.ui/examples/heap/model_methods/Coll_add_pre.key 
106726     INFO  main            d.u.i.k.p.i.AbstractProblemLoader Loading environment from /home/runner/work/key/key/key.core/../key.ui/examples/heap/model_methods/Coll_add_pre.key 
106726     DEBUG main            d.u.i.k.p.i.AbstractProblemLoader Environment load took 94.8ns 
106727     INFO  main            d.u.i.k.p.i.AbstractProblemLoader Creating init config 
109287     DEBUG main            d.u.i.k.p.i.AbstractProblemLoader Init config took 2.56s 
109325     INFO  main            d.u.i.k.p.i.AbstractProblemLoader Replaying proof Coll[Coll::add_pre(int)].JML model_behavior operation contract.0 
109327     DEBUG main            d.u.i.k.p.i.IntermediateProofReplayer Proof replay took 6.6ns 
109432     INFO  main            d.u.i.k.p.r.p.TestFile    ... finished proof: closed. 
109658     INFO  main            d.u.i.k.p.i.AbstractProblemLoader Loading environment from /home/runner/work/key/key/key.core/../key.ui/examples/heap/model_methods/Coll_add_pre.key.proof 
109658     DEBUG main            d.u.i.k.p.i.AbstractProblemLoader Environment load took 176.1ns 
109659     INFO  main            d.u.i.k.p.i.AbstractProblemLoader Creating init config 
112129     DEBUG main            d.u.i.k.p.i.AbstractProblemLoader Init config took 2.47s 
112167     INFO  main            d.u.i.k.p.i.AbstractProblemLoader Replaying proof Coll[Coll::add_pre(int)].JML model_behavior operation contract.0 
112171     DEBUG main            d.u.i.k.p.i.IntermediateProofReplayer Proof replay took 2.33ms 
112172     DEBUG main            d.u.i.k.p.r.p.TestFile    ... success: reloaded. 
112173     INFO  main            d.u.i.k.p.r.p.TestFile    Now processing file /home/runner/work/key/key/key.core/../key.ui/examples/heap/model_methods/Indirect_callAdd.key 
112173     INFO  main            d.u.i.k.p.i.AbstractProblemLoader Loading environment from /home/runner/work/key/key/key.core/../key.ui/examples/heap/model_methods/Indirect_callAdd.key 
112173     DEBUG main            d.u.i.k.p.i.AbstractProblemLoader Environment load took 87.1ns 
112174     INFO  main            d.u.i.k.p.i.AbstractProblemLoader Creating init config 
114754     DEBUG main            d.u.i.k.p.i.AbstractProblemLoader Init config took 2.58s 
114792     INFO  main            d.u.i.k.p.i.AbstractProblemLoader Replaying proof Indirect[Indirect::callAdd(Coll,int)].JML operation contract.0 
114794     DEBUG main            d.u.i.k.p.i.IntermediateProofReplayer Proof replay took 16.1ns 
114896     INFO  main            d.u.i.k.p.r.p.TestFile    ... finished proof: closed. 
115134     INFO  main            d.u.i.k.p.i.AbstractProblemLoader Loading environment from /home/runner/work/key/key/key.core/../key.ui/examples/heap/model_methods/Indirect_callAdd.key.proof 
115134     DEBUG main            d.u.i.k.p.i.AbstractProblemLoader Environment load took 110.2ns 
115135     INFO  main            d.u.i.k.p.i.AbstractProblemLoader Creating init config 
117612     DEBUG main            d.u.i.k.p.i.AbstractProblemLoader Init config took 2.48s 
117651     INFO  main            d.u.i.k.p.i.AbstractProblemLoader Replaying proof Indirect[Indirect::callAdd(Coll,int)].JML operation contract.0 
117674     DEBUG main            d.u.i.k.p.i.IntermediateProofReplayer Proof replay took 21.82ms 
117675     DEBUG main            d.u.i.k.p.r.p.TestFile    ... success: reloaded. 
117676     INFO  main            d.u.i.k.p.r.p.TestFile    Now processing file /home/runner/work/key/key/key.core/../key.ui/examples/heap/model_methods/Indirect_test.key 
117676     INFO  main            d.u.i.k.p.i.AbstractProblemLoader Loading environment from /home/runner/work/key/key/key.core/../key.ui/examples/heap/model_methods/Indirect_test.key 
117677     DEBUG main            d.u.i.k.p.i.AbstractProblemLoader Environment load took 69ns 
117677     INFO  main            d.u.i.k.p.i.AbstractProblemLoader Creating init config 
120238     DEBUG main            d.u.i.k.p.i.AbstractProblemLoader Init config took 2.56s 
120282     INFO  main            d.u.i.k.p.i.AbstractProblemLoader Replaying proof Indirect[Indirect::test(Coll1,Coll2)].JML operation contract.0 
120285     DEBUG main            d.u.i.k.p.i.IntermediateProofReplayer Proof replay took 6.9ns 
120487     INFO  main            d.u.i.k.p.r.p.TestFile    ... finished proof: closed. 
120735     INFO  main            d.u.i.k.p.i.AbstractProblemLoader Loading environment from /home/runner/work/key/key/key.core/../key.ui/examples/heap/model_methods/Indirect_test.key.proof 
120735     DEBUG main            d.u.i.k.p.i.AbstractProblemLoader Environment load took 113.8ns 
120736     INFO  main            d.u.i.k.p.i.AbstractProblemLoader Creating init config 
123203     DEBUG main            d.u.i.k.p.i.AbstractProblemLoader Init config took 2.47s 
123242     INFO  main            d.u.i.k.p.i.AbstractProblemLoader Replaying proof Indirect[Indirect::test(Coll1,Coll2)].JML operation contract.0 
123293     DEBUG main            d.u.i.k.p.i.IntermediateProofReplayer Proof replay took 47.8ms 
123294     DEBUG main            d.u.i.k.p.r.p.TestFile    ... success: reloaded. 
123295     INFO  main            d.u.i.k.p.r.p.TestFile    Now processing file /home/runner/work/key/key/key.core/../key.ui/examples/heap/model_methods/Recell_Cell_footprint.key 
123295     INFO  main            d.u.i.k.p.i.AbstractProblemLoader Loading environment from /home/runner/work/key/key/key.core/../key.ui/examples/heap/model_methods/Recell_Cell_footprint.key 
123296     DEBUG main            d.u.i.k.p.i.AbstractProblemLoader Environment load took 164.5ns 
123296     INFO  main            d.u.i.k.p.i.AbstractProblemLoader Creating init config 
125880     DEBUG main            d.u.i.k.p.i.AbstractProblemLoader Init config took 2.58s 
125918     INFO  main            d.u.i.k.p.i.AbstractProblemLoader Replaying proof Recell[Cell::footprint()].JML model_behavior operation contract.0 
125920     DEBUG main            d.u.i.k.p.i.IntermediateProofReplayer Proof replay took 7ns 
126022     INFO  main            d.u.i.k.p.r.p.TestFile    ... finished proof: closed. 
126260     INFO  main            d.u.i.k.p.i.AbstractProblemLoader Loading environment from /home/runner/work/key/key/key.core/../key.ui/examples/heap/model_methods/Recell_Cell_footprint.key.proof 
126260     DEBUG main            d.u.i.k.p.i.AbstractProblemLoader Environment load took 113.1ns 
126261     INFO  main            d.u.i.k.p.i.AbstractProblemLoader Creating init config 
128732     DEBUG main            d.u.i.k.p.i.AbstractProblemLoader Init config took 2.47s 
128769     INFO  main            d.u.i.k.p.i.AbstractProblemLoader Replaying proof Recell[Cell::footprint()].JML model_behavior operation contract.0 
128773     DEBUG main            d.u.i.k.p.i.IntermediateProofReplayer Proof replay took 2.52ms 
128774     DEBUG main            d.u.i.k.p.r.p.TestFile    ... success: reloaded. 
128774     INFO  main            d.u.i.k.p.r.p.TestFile    Now processing file /home/runner/work/key/key/key.core/../key.ui/examples/heap/model_methods/Recell_Cell_post_set.key 
128775     INFO  main            d.u.i.k.p.i.AbstractProblemLoader Loading environment from /home/runner/work/key/key/key.core/../key.ui/examples/heap/model_methods/Recell_Cell_post_set.key 
128775     DEBUG main            d.u.i.k.p.i.AbstractProblemLoader Environment load took 59.3ns 
128776     INFO  main            d.u.i.k.p.i.AbstractProblemLoader Creating init config 
131316     DEBUG main            d.u.i.k.p.i.AbstractProblemLoader Init config took 2.54s 
131353     INFO  main            d.u.i.k.p.i.AbstractProblemLoader Replaying proof Recell[Cell::post_set(int)].JML model_behavior operation contract.0 
131355     DEBUG main            d.u.i.k.p.i.IntermediateProofReplayer Proof replay took 5.5ns 
131457     INFO  main            d.u.i.k.p.r.p.TestFile    ... finished proof: closed. 
131708     INFO  main            d.u.i.k.p.i.AbstractProblemLoader Loading environment from /home/runner/work/key/key/key.core/../key.ui/examples/heap/model_methods/Recell_Cell_post_set.key.proof 
131708     DEBUG main            d.u.i.k.p.i.AbstractProblemLoader Environment load took 116ns 
131709     INFO  main            d.u.i.k.p.i.AbstractProblemLoader Creating init config 
134190     DEBUG main            d.u.i.k.p.i.AbstractProblemLoader Init config took 2.48s 
134228     INFO  main            d.u.i.k.p.i.AbstractProblemLoader Replaying proof Recell[Cell::post_set(int)].JML model_behavior operation contract.0 
134233     DEBUG main            d.u.i.k.p.i.IntermediateProofReplayer Proof replay took 3.41ms 
134234     DEBUG main            d.u.i.k.p.r.p.TestFile    ... success: reloaded. 
134235     INFO  main            d.u.i.k.p.r.p.TestFile    Now processing file /home/runner/work/key/key/key.core/../key.ui/examples/heap/model_methods/Recell_footprint_acc.key 
134235     INFO  main            d.u.i.k.p.i.AbstractProblemLoader Loading environment from /home/runner/work/key/key/key.core/../key.ui/examples/heap/model_methods/Recell_footprint_acc.key 
134235     DEBUG main            d.u.i.k.p.i.AbstractProblemLoader Environment load took 93.5ns 
134236     INFO  main            d.u.i.k.p.i.AbstractProblemLoader Creating init config 
136746     DEBUG main            d.u.i.k.p.i.AbstractProblemLoader Init config took 2.51s 
136783     INFO  main            d.u.i.k.p.i.AbstractProblemLoader Replaying proof Recell[Cell::footprint()].JML accessible clause.0 
136784     DEBUG main            d.u.i.k.p.i.IntermediateProofReplayer Proof replay took 15.5ns 
136890     INFO  main            d.u.i.k.p.r.p.TestFile    ... finished proof: closed. 
137144     INFO  main            d.u.i.k.p.i.AbstractProblemLoader Loading environment from /home/runner/work/key/key/key.core/../key.ui/examples/heap/model_methods/Recell_footprint_acc.key.proof 
137144     DEBUG main            d.u.i.k.p.i.AbstractProblemLoader Environment load took 114.4ns 
137145     INFO  main            d.u.i.k.p.i.AbstractProblemLoader Creating init config 
139618     DEBUG main            d.u.i.k.p.i.AbstractProblemLoader Init config took 2.47s 
139655     INFO  main            d.u.i.k.p.i.AbstractProblemLoader Replaying proof Recell[Cell::footprint()].JML accessible clause.0 
139675     DEBUG main            d.u.i.k.p.i.IntermediateProofReplayer Proof replay took 17.12ms 
139676     DEBUG main            d.u.i.k.p.r.p.TestFile    ... success: reloaded. 
139677     INFO  main            d.u.i.k.p.r.p.TestFile    Now processing file /home/runner/work/key/key/key.core/../key.ui/examples/heap/model_methods/Recell_get_acc.key 
139677     INFO  main            d.u.i.k.p.i.AbstractProblemLoader Loading environment from /home/runner/work/key/key/key.core/../key.ui/examples/heap/model_methods/Recell_get_acc.key 
139677     DEBUG main            d.u.i.k.p.i.AbstractProblemLoader Environment load took 82.8ns 
139678     INFO  main            d.u.i.k.p.i.AbstractProblemLoader Creating init config 
142203     DEBUG main            d.u.i.k.p.i.AbstractProblemLoader Init config took 2.53s 
142242     INFO  main            d.u.i.k.p.i.AbstractProblemLoader Replaying proof Recell[Cell::get()].JML accessible clause.0 
142243     DEBUG main            d.u.i.k.p.i.IntermediateProofReplayer Proof replay took 6.6ns 
142345     INFO  main            d.u.i.k.p.r.p.TestFile    ... finished proof: closed. 
142606     INFO  main            d.u.i.k.p.i.AbstractProblemLoader Loading environment from /home/runner/work/key/key/key.core/../key.ui/examples/heap/model_methods/Recell_get_acc.key.proof 
142607     DEBUG main            d.u.i.k.p.i.AbstractProblemLoader Environment load took 456.61ns 
142608     INFO  main            d.u.i.k.p.i.AbstractProblemLoader Creating init config 
145063     DEBUG main            d.u.i.k.p.i.AbstractProblemLoader Init config took 2.46s 
145101     INFO  main            d.u.i.k.p.i.AbstractProblemLoader Replaying proof Recell[Cell::get()].JML accessible clause.0 
145119     DEBUG main            d.u.i.k.p.i.IntermediateProofReplayer Proof replay took 16.05ms 
145120     DEBUG main            d.u.i.k.p.r.p.TestFile    ... success: reloaded. 
145121     INFO  main            d.u.i.k.p.r.p.TestFile    Now processing file /home/runner/work/key/key/key.core/../key.ui/examples/heap/model_methods/Recell_get.key 
145121     INFO  main            d.u.i.k.p.i.AbstractProblemLoader Loading environment from /home/runner/work/key/key/key.core/../key.ui/examples/heap/model_methods/Recell_get.key 
145121     DEBUG main            d.u.i.k.p.i.AbstractProblemLoader Environment load took 54.8ns 
145122     INFO  main            d.u.i.k.p.i.AbstractProblemLoader Creating init config 
147645     DEBUG main            d.u.i.k.p.i.AbstractProblemLoader Init config took 2.52s 
147683     INFO  main            d.u.i.k.p.i.AbstractProblemLoader Replaying proof Recell[Cell::get()].JML operation contract.0 
147685     DEBUG main            d.u.i.k.p.i.IntermediateProofReplayer Proof replay took 6.6ns 
147786     INFO  main            d.u.i.k.p.r.p.TestFile    ... finished proof: closed. 
148052     INFO  main            d.u.i.k.p.i.AbstractProblemLoader Loading environment from /home/runner/work/key/key/key.core/../key.ui/examples/heap/model_methods/Recell_get.key.proof 
148053     DEBUG main            d.u.i.k.p.i.AbstractProblemLoader Environment load took 108.8ns 
148053     INFO  main            d.u.i.k.p.i.AbstractProblemLoader Creating init config 
150511     DEBUG main            d.u.i.k.p.i.AbstractProblemLoader Init config took 2.46s 
150549     INFO  main            d.u.i.k.p.i.AbstractProblemLoader Replaying proof Recell[Cell::get()].JML operation contract.0 
150559     DEBUG main            d.u.i.k.p.i.IntermediateProofReplayer Proof replay took 8.03ms 
150560     DEBUG main            d.u.i.k.p.r.p.TestFile    ... success: reloaded. 
150560     INFO  main            d.u.i.k.p.r.p.TestFile    Now processing file /home/runner/work/key/key/key.core/../key.ui/examples/heap/model_methods/Recell_Recell_footprint.key 
150561     INFO  main            d.u.i.k.p.i.AbstractProblemLoader Loading environment from /home/runner/work/key/key/key.core/../key.ui/examples/heap/model_methods/Recell_Recell_footprint.key 
150561     DEBUG main            d.u.i.k.p.i.AbstractProblemLoader Environment load took 164.4ns 
150562     INFO  main            d.u.i.k.p.i.AbstractProblemLoader Creating init config 
153089     DEBUG main            d.u.i.k.p.i.AbstractProblemLoader Init config took 2.53s 
153147     INFO  main            d.u.i.k.p.i.AbstractProblemLoader Replaying proof Recell[Recell::footprint()].JML model_behavior operation contract.0 
153149     DEBUG main            d.u.i.k.p.i.IntermediateProofReplayer Proof replay took 6ns 
153252     INFO  main            d.u.i.k.p.r.p.TestFile    ... finished proof: closed. 
153538     INFO  main            d.u.i.k.p.i.AbstractProblemLoader Loading environment from /home/runner/work/key/key/key.core/../key.ui/examples/heap/model_methods/Recell_Recell_footprint.key.proof 
153538     DEBUG main            d.u.i.k.p.i.AbstractProblemLoader Environment load took 112.7ns 
153539     INFO  main            d.u.i.k.p.i.AbstractProblemLoader Creating init config 
156008     DEBUG main            d.u.i.k.p.i.AbstractProblemLoader Init config took 2.47s 
156045     INFO  main            d.u.i.k.p.i.AbstractProblemLoader Replaying proof Recell[Recell::footprint()].JML model_behavior operation contract.0 
156047     DEBUG main            d.u.i.k.p.i.IntermediateProofReplayer Proof replay took 1.35ms 
156048     DEBUG main            d.u.i.k.p.r.p.TestFile    ... success: reloaded. 
156049     INFO  main            d.u.i.k.p.r.p.TestFile    Now processing file /home/runner/work/key/key/key.core/../key.ui/examples/heap/model_methods/Recell_Recell_post_set.key 
156049     INFO  main            d.u.i.k.p.i.AbstractProblemLoader Loading environment from /home/runner/work/key/key/key.core/../key.ui/examples/heap/model_methods/Recell_Recell_post_set.key 
156049     DEBUG main            d.u.i.k.p.i.AbstractProblemLoader Environment load took 183.2ns 
156050     INFO  main            d.u.i.k.p.i.AbstractProblemLoader Creating init config 
158545     DEBUG main            d.u.i.k.p.i.AbstractProblemLoader Init config took 2.49s 
158600     INFO  main            d.u.i.k.p.i.AbstractProblemLoader Replaying proof Recell[Recell::post_set(int)].JML model_behavior operation contract.0 
158601     DEBUG main            d.u.i.k.p.i.IntermediateProofReplayer Proof replay took 6.3ns 
158703     INFO  main            d.u.i.k.p.r.p.TestFile    ... finished proof: closed. 
158975     INFO  main            d.u.i.k.p.i.AbstractProblemLoader Loading environment from /home/runner/work/key/key/key.core/../key.ui/examples/heap/model_methods/Recell_Recell_post_set.key.proof 
158976     DEBUG main            d.u.i.k.p.i.AbstractProblemLoader Environment load took 102.9ns 
158977     INFO  main            d.u.i.k.p.i.AbstractProblemLoader Creating init config 
161427     DEBUG main            d.u.i.k.p.i.AbstractProblemLoader Init config took 2.45s 
161464     INFO  main            d.u.i.k.p.i.AbstractProblemLoader Replaying proof Recell[Recell::post_set(int)].JML model_behavior operation contract.0 
161468     DEBUG main            d.u.i.k.p.i.IntermediateProofReplayer Proof replay took 2.14ms 
161468     DEBUG main            d.u.i.k.p.r.p.TestFile    ... success: reloaded. 
161469     INFO  main            d.u.i.k.p.r.p.TestFile    Now processing file /home/runner/work/key/key/key.core/../key.ui/examples/heap/model_methods/Recell_set.key 
161469     INFO  main            d.u.i.k.p.i.AbstractProblemLoader Loading environment from /home/runner/work/key/key/key.core/../key.ui/examples/heap/model_methods/Recell_set.key 
161470     DEBUG main            d.u.i.k.p.i.AbstractProblemLoader Environment load took 66.4ns 
161470     INFO  main            d.u.i.k.p.i.AbstractProblemLoader Creating init config 
163988     DEBUG main            d.u.i.k.p.i.AbstractProblemLoader Init config took 2.52s 
164028     INFO  main            d.u.i.k.p.i.AbstractProblemLoader Replaying proof Recell[Cell::set(int)].JML operation contract.0 
164030     DEBUG main            d.u.i.k.p.i.IntermediateProofReplayer Proof replay took 6.7ns 
170462     INFO  main            d.u.i.k.p.r.p.TestFile    ... finished proof: closed. 
170780     INFO  main            d.u.i.k.p.i.AbstractProblemLoader Loading environment from /home/runner/work/key/key/key.core/../key.ui/examples/heap/model_methods/Recell_set.key.proof 
170780     DEBUG main            d.u.i.k.p.i.AbstractProblemLoader Environment load took 120.3ns 
170783     INFO  main            d.u.i.k.p.i.AbstractProblemLoader Creating init config 
173236     DEBUG main            d.u.i.k.p.i.AbstractProblemLoader Init config took 2.45s 
173273     INFO  main            d.u.i.k.p.i.AbstractProblemLoader Replaying proof Recell[Cell::set(int)].JML operation contract.0 
173743     DEBUG main            d.u.i.k.p.i.IntermediateProofReplayer Proof replay took 433.56ms 
173745     DEBUG main            d.u.i.k.p.r.p.TestFile    ... success: reloaded. 
173746     INFO  main            d.u.i.k.p.r.p.TestFile    Now processing file /home/runner/work/key/key/key.core/../key.ui/examples/heap/model_methods/Recell_undo.key 
173746     INFO  main            d.u.i.k.p.i.AbstractProblemLoader Loading environment from /home/runner/work/key/key/key.core/../key.ui/examples/heap/model_methods/Recell_undo.key 
173746     DEBUG main            d.u.i.k.p.i.AbstractProblemLoader Environment load took 162.5ns 
173747     INFO  main            d.u.i.k.p.i.AbstractProblemLoader Creating init config 
176266     DEBUG main            d.u.i.k.p.i.AbstractProblemLoader Init config took 2.52s 
176303     INFO  main            d.u.i.k.p.i.AbstractProblemLoader Replaying proof Recell[Recell::undo()].JML operation contract.0 
176304     DEBUG main            d.u.i.k.p.i.IntermediateProofReplayer Proof replay took 6.6ns 
176408     INFO  main            d.u.i.k.p.r.p.TestFile    ... finished proof: closed. 
176712     INFO  main            d.u.i.k.p.i.AbstractProblemLoader Loading environment from /home/runner/work/key/key/key.core/../key.ui/examples/heap/model_methods/Recell_undo.key.proof 
176712     DEBUG main            d.u.i.k.p.i.AbstractProblemLoader Environment load took 103.1ns 
176713     INFO  main            d.u.i.k.p.i.AbstractProblemLoader Creating init config 
179168     DEBUG main            d.u.i.k.p.i.AbstractProblemLoader Init config took 2.46s 
179216     INFO  main            d.u.i.k.p.i.AbstractProblemLoader Replaying proof Recell[Recell::undo()].JML operation contract.0 
179247     DEBUG main            d.u.i.k.p.i.IntermediateProofReplayer Proof replay took 28.37ms 
179247     DEBUG main            d.u.i.k.p.r.p.TestFile    ... success: reloaded. 
4197096    INFO  Test worker     d.u.i.k.p.r.RunAllProofsTestUnit Returning from test modelMethods 
4197097    INFO  Test worker     d.u.i.k.p.r.RunAllProofsTestUnit Running test permissionHeap 
411        INFO  Timeout watchdog d.u.i.k.p.r.p.ForkedTestFileRunner Timeout watcher launched (2000 secs.) 
415        WARN  main            d.u.i.k.s.ProofSettings   The settings in /home/runner/.key/proof-settings.props are *not* read. 
459        INFO  main            d.u.i.k.p.r.p.TestFile    Now processing file /home/runner/work/key/key/key.core/../key.ui/examples/heap/permissions/permissions_method0.key 
593        INFO  main            d.u.i.k.p.i.AbstractProblemLoader Loading environment from /home/runner/work/key/key/key.core/../key.ui/examples/heap/permissions/permissions_method0.key 
609        DEBUG main            d.u.i.k.p.i.AbstractProblemLoader Environment load took 1.88ms 
817        INFO  main            d.u.i.k.p.i.AbstractProblemLoader Creating init config 
1624       DEBUG main            d.u.i.k.j.TypeConverter   No LDT found for Meta 
1625       DEBUG main            d.u.i.k.j.TypeConverter   No LDT found for Meta 
1626       DEBUG main            d.u.i.k.j.TypeConverter   No LDT found for Meta 
1626       DEBUG main            d.u.i.k.j.TypeConverter   No LDT found for Meta 
2950       DEBUG main            d.u.i.k.j.TypeConverter   No LDT found for JavaBigintExpression 
7831       DEBUG main            d.u.i.k.p.i.AbstractProblemLoader Init config took 7.01s 
7965       INFO  main            d.u.i.k.p.i.AbstractProblemLoader Replaying proof MyClass[MyClass::method0()].JML normal_behavior operation contract.0 
7998       DEBUG main            d.u.i.k.p.i.IntermediateProofReplayer Proof replay took 33.6ns 
8852       INFO  main            d.u.i.k.p.r.p.TestFile    ... finished proof: closed. 
8966       INFO  main            d.u.i.k.p.i.AbstractProblemLoader Loading environment from /home/runner/work/key/key/key.core/../key.ui/examples/heap/permissions/permissions_method0.key.proof 
8966       DEBUG main            d.u.i.k.p.i.AbstractProblemLoader Environment load took 394.7ns 
8968       INFO  main            d.u.i.k.p.i.AbstractProblemLoader Creating init config 
11874      DEBUG main            d.u.i.k.p.i.AbstractProblemLoader Init config took 2.91s 
11934      INFO  main            d.u.i.k.p.i.AbstractProblemLoader Replaying proof MyClass[MyClass::method0()].JML normal_behavior operation contract.0 
12098      DEBUG main            d.u.i.k.p.i.IntermediateProofReplayer Proof replay took 158.27ms 
12106      DEBUG main            d.u.i.k.p.r.p.TestFile    ... success: reloaded. 
12108      INFO  main            d.u.i.k.p.r.p.TestFile    Now processing file /home/runner/work/key/key/key.core/../key.ui/examples/heap/permissions/permissions_method1.key 
12109      INFO  main            d.u.i.k.p.i.AbstractProblemLoader Loading environment from /home/runner/work/key/key/key.core/../key.ui/examples/heap/permissions/permissions_method1.key 
12109      DEBUG main            d.u.i.k.p.i.AbstractProblemLoader Environment load took 115.4ns 
12111      INFO  main            d.u.i.k.p.i.AbstractProblemLoader Creating init config 
14864      DEBUG main            d.u.i.k.p.i.AbstractProblemLoader Init config took 2.75s 
14922      INFO  main            d.u.i.k.p.i.AbstractProblemLoader Replaying proof MyClass[MyClass::method1()].JML normal_behavior operation contract.0 
14925      DEBUG main            d.u.i.k.p.i.IntermediateProofReplayer Proof replay took 15.4ns 
15229      INFO  main            d.u.i.k.p.r.p.TestFile    ... finished proof: closed. 
15372      INFO  main            d.u.i.k.p.i.AbstractProblemLoader Loading environment from /home/runner/work/key/key/key.core/../key.ui/examples/heap/permissions/permissions_method1.key.proof 
15373      DEBUG main            d.u.i.k.p.i.AbstractProblemLoader Environment load took 519.01ns 
15374      INFO  main            d.u.i.k.p.i.AbstractProblemLoader Creating init config 
18008      DEBUG main            d.u.i.k.p.i.AbstractProblemLoader Init config took 2.63s 
18058      INFO  main            d.u.i.k.p.i.AbstractProblemLoader Replaying proof MyClass[MyClass::method1()].JML normal_behavior operation contract.0 
18124      DEBUG main            d.u.i.k.p.i.IntermediateProofReplayer Proof replay took 62.57ms 
18125      DEBUG main            d.u.i.k.p.r.p.TestFile    ... success: reloaded. 
18126      INFO  main            d.u.i.k.p.r.p.TestFile    Now processing file /home/runner/work/key/key/key.core/../key.ui/examples/heap/permissions/permissions_method3.key 
18127      INFO  main            d.u.i.k.p.i.AbstractProblemLoader Loading environment from /home/runner/work/key/key/key.core/../key.ui/examples/heap/permissions/permissions_method3.key 
18127      DEBUG main            d.u.i.k.p.i.AbstractProblemLoader Environment load took 180ns 
18128      INFO  main            d.u.i.k.p.i.AbstractProblemLoader Creating init config 
20736      DEBUG main            d.u.i.k.p.i.AbstractProblemLoader Init config took 2.61s 
20784      INFO  main            d.u.i.k.p.i.AbstractProblemLoader Replaying proof MyClass[MyClass::method3()].JML normal_behavior operation contract.0 
20786      DEBUG main            d.u.i.k.p.i.IntermediateProofReplayer Proof replay took 6ns 
22294      INFO  main            d.u.i.k.p.r.p.TestFile    ... finished proof: closed. 
22475      INFO  main            d.u.i.k.p.i.AbstractProblemLoader Loading environment from /home/runner/work/key/key/key.core/../key.ui/examples/heap/permissions/permissions_method3.key.proof 
22476      DEBUG main            d.u.i.k.p.i.AbstractProblemLoader Environment load took 370.9ns 
22478      INFO  main            d.u.i.k.p.i.AbstractProblemLoader Creating init config 
25033      DEBUG main            d.u.i.k.p.i.AbstractProblemLoader Init config took 2.56s 
25091      INFO  main            d.u.i.k.p.i.AbstractProblemLoader Replaying proof MyClass[MyClass::method3()].JML normal_behavior operation contract.0 
25375      DEBUG main            d.u.i.k.p.i.IntermediateProofReplayer Proof replay took 272.18ms 
25377      DEBUG main            d.u.i.k.p.r.p.TestFile    ... success: reloaded. 
25378      INFO  main            d.u.i.k.p.r.p.TestFile    Now processing file /home/runner/work/key/key/key.core/../key.ui/examples/heap/permissions/permissions_setAB.key 
25378      INFO  main            d.u.i.k.p.i.AbstractProblemLoader Loading environment from /home/runner/work/key/key/key.core/../key.ui/examples/heap/permissions/permissions_setAB.key 
25378      DEBUG main            d.u.i.k.p.i.AbstractProblemLoader Environment load took 175.5ns 
25380      INFO  main            d.u.i.k.p.i.AbstractProblemLoader Creating init config 
27920      DEBUG main            d.u.i.k.p.i.AbstractProblemLoader Init config took 2.54s 
27998      INFO  main            d.u.i.k.p.i.AbstractProblemLoader Replaying proof MyClass[MyClass::setAB()].JML normal_behavior operation contract.0 
28000      DEBUG main            d.u.i.k.p.i.IntermediateProofReplayer Proof replay took 6.2ns 
29606      INFO  main            d.u.i.k.p.r.p.TestFile    ... finished proof: closed. 
29772      INFO  main            d.u.i.k.p.i.AbstractProblemLoader Loading environment from /home/runner/work/key/key/key.core/../key.ui/examples/heap/permissions/permissions_setAB.key.proof 
29772      DEBUG main            d.u.i.k.p.i.AbstractProblemLoader Environment load took 349.81ns 
29774      INFO  main            d.u.i.k.p.i.AbstractProblemLoader Creating init config 
32253      DEBUG main            d.u.i.k.p.i.AbstractProblemLoader Init config took 2.48s 
32298      INFO  main            d.u.i.k.p.i.AbstractProblemLoader Replaying proof MyClass[MyClass::setAB()].JML normal_behavior operation contract.0 
32503      DEBUG main            d.u.i.k.p.i.IntermediateProofReplayer Proof replay took 199.61ms 
32504      DEBUG main            d.u.i.k.p.r.p.TestFile    ... success: reloaded. 
32506      INFO  main            d.u.i.k.p.r.p.TestFile    Now processing file /home/runner/work/key/key/key.core/../key.ui/examples/heap/permissions/permissionProperties.key 
32506      INFO  main            d.u.i.k.p.i.AbstractProblemLoader Loading environment from /home/runner/work/key/key/key.core/../key.ui/examples/heap/permissions/permissionProperties.key 
32507      DEBUG main            d.u.i.k.p.i.AbstractProblemLoader Environment load took 180ns 
32508      INFO  main            d.u.i.k.p.i.AbstractProblemLoader Creating init config 
32702      DEBUG main            d.u.i.k.j.TypeConverter   No LDT found for Meta 
32703      DEBUG main            d.u.i.k.j.TypeConverter   No LDT found for Meta 
32703      DEBUG main            d.u.i.k.j.TypeConverter   No LDT found for Meta 
32704      DEBUG main            d.u.i.k.j.TypeConverter   No LDT found for Meta 
33301      DEBUG main            d.u.i.k.j.TypeConverter   No LDT found for JavaBigintExpression 
35883      DEBUG main            d.u.i.k.p.i.AbstractProblemLoader Init config took 3.38s 
35904      INFO  main            d.u.i.k.p.i.AbstractProblemLoader Replaying proof permissionProperties.key 
35906      DEBUG main            d.u.i.k.p.i.IntermediateProofReplayer Proof replay took 7.2ns 
36014      INFO  main            d.u.i.k.p.r.p.TestFile    ... finished proof: closed. 
36171      INFO  main            d.u.i.k.p.i.AbstractProblemLoader Loading environment from /home/runner/work/key/key/key.core/../key.ui/examples/heap/permissions/permissionProperties.key.proof 
36172      DEBUG main            d.u.i.k.p.i.AbstractProblemLoader Environment load took 137.2ns 
36173      INFO  main            d.u.i.k.p.i.AbstractProblemLoader Creating init config 
38515      DEBUG main            d.u.i.k.p.i.AbstractProblemLoader Init config took 2.34s 
38538      INFO  main            d.u.i.k.p.i.AbstractProblemLoader Replaying proof permissionProperties.key.proof 
38557      DEBUG main            d.u.i.k.p.i.IntermediateProofReplayer Proof replay took 16.45ms 
38558      DEBUG main            d.u.i.k.p.r.p.TestFile    ... success: reloaded. 
38560      INFO  main            d.u.i.k.p.r.p.TestFile    Now processing file /home/runner/work/key/key/key.core/../key.ui/examples/heap/permissions/threads/AFilter_AFilter.key 
38560      INFO  main            d.u.i.k.p.i.AbstractProblemLoader Loading environment from /home/runner/work/key/key/key.core/../key.ui/examples/heap/permissions/threads/AFilter_AFilter.key 
38560      DEBUG main            d.u.i.k.p.i.AbstractProblemLoader Environment load took 188.1ns 
38561      INFO  main            d.u.i.k.p.i.AbstractProblemLoader Creating init config 
38676      DEBUG main            d.u.i.k.j.TypeConverter   No LDT found for Meta 
38677      DEBUG main            d.u.i.k.j.TypeConverter   No LDT found for Meta 
38677      DEBUG main            d.u.i.k.j.TypeConverter   No LDT found for Meta 
38678      DEBUG main            d.u.i.k.j.TypeConverter   No LDT found for Meta 
39293      DEBUG main            d.u.i.k.j.TypeConverter   No LDT found for JavaBigintExpression 
44289      DEBUG main            d.u.i.k.p.i.AbstractProblemLoader Init config took 5.73s 
44393      INFO  main            d.u.i.k.p.i.AbstractProblemLoader Replaying proof AFilter[AFilter::AFilter(Sampler,Buffer)].JML normal_behavior operation contract.0 
44395      DEBUG main            d.u.i.k.p.i.IntermediateProofReplayer Proof replay took 7.5ns 
45401      INFO  main            d.u.i.k.p.r.p.TestFile    ... finished proof: closed. 
45666      INFO  main            d.u.i.k.p.i.AbstractProblemLoader Loading environment from /home/runner/work/key/key/key.core/../key.ui/examples/heap/permissions/threads/AFilter_AFilter.key.proof 
45669      DEBUG main            d.u.i.k.p.i.AbstractProblemLoader Environment load took 2.09ms 
45670      INFO  main            d.u.i.k.p.i.AbstractProblemLoader Creating init config 
50106      DEBUG main            d.u.i.k.p.i.AbstractProblemLoader Init config took 4.44s 
50214      INFO  main            d.u.i.k.p.i.AbstractProblemLoader Replaying proof AFilter[AFilter::AFilter(Sampler,Buffer)].JML normal_behavior operation contract.0 
50380      DEBUG main            d.u.i.k.p.i.IntermediateProofReplayer Proof replay took 161.39ms 
50381      DEBUG main            d.u.i.k.p.r.p.TestFile    ... success: reloaded. 
50382      INFO  main            d.u.i.k.p.r.p.TestFile    Now processing file /home/runner/work/key/key/key.core/../key.ui/examples/heap/permissions/threads/AFilter_initPost_accessible.key 
50383      INFO  main            d.u.i.k.p.i.AbstractProblemLoader Loading environment from /home/runner/work/key/key/key.core/../key.ui/examples/heap/permissions/threads/AFilter_initPost_accessible.key 
50383      DEBUG main            d.u.i.k.p.i.AbstractProblemLoader Environment load took 195.2ns 
50384      INFO  main            d.u.i.k.p.i.AbstractProblemLoader Creating init config 
54868      DEBUG main            d.u.i.k.p.i.AbstractProblemLoader Init config took 4.48s 
54964      INFO  main            d.u.i.k.p.i.AbstractProblemLoader Replaying proof AFilter[ThreadSpec2::initPost()].JML accessible clause.0 
54966      DEBUG main            d.u.i.k.p.i.IntermediateProofReplayer Proof replay took 8.4ns 
55068      INFO  main            d.u.i.k.p.r.p.TestFile    ... finished proof: closed. 
55290      INFO  main            d.u.i.k.p.i.AbstractProblemLoader Loading environment from /home/runner/work/key/key/key.core/../key.ui/examples/heap/permissions/threads/AFilter_initPost_accessible.key.proof 
55291      DEBUG main            d.u.i.k.p.i.AbstractProblemLoader Environment load took 124.3ns 
55292      INFO  main            d.u.i.k.p.i.AbstractProblemLoader Creating init config 
59733      DEBUG main            d.u.i.k.p.i.AbstractProblemLoader Init config took 4.44s 
59849      INFO  main            d.u.i.k.p.i.AbstractProblemLoader Replaying proof AFilter[ThreadSpec2::initPost()].JML accessible clause.0 
59865      DEBUG main            d.u.i.k.p.i.IntermediateProofReplayer Proof replay took 13.26ms 
59866      DEBUG main            d.u.i.k.p.r.p.TestFile    ... success: reloaded. 
59868      INFO  main            d.u.i.k.p.r.p.TestFile    Now processing file /home/runner/work/key/key/key.core/../key.ui/examples/heap/permissions/threads/AFilter_inv_accessible1.key 
59868      INFO  main            d.u.i.k.p.i.AbstractProblemLoader Loading environment from /home/runner/work/key/key/key.core/../key.ui/examples/heap/permissions/threads/AFilter_inv_accessible1.key 
59868      DEBUG main            d.u.i.k.p.i.AbstractProblemLoader Environment load took 94.6ns 
59869      INFO  main            d.u.i.k.p.i.AbstractProblemLoader Creating init config 
64302      DEBUG main            d.u.i.k.p.i.AbstractProblemLoader Init config took 4.43s 
64399      INFO  main            d.u.i.k.p.i.AbstractProblemLoader Replaying proof AFilter[java.lang.Object::<inv>()].JML accessible clause.0 
64404      DEBUG main            d.u.i.k.p.i.IntermediateProofReplayer Proof replay took 9.1ns 
64505      INFO  main            d.u.i.k.p.r.p.TestFile    ... finished proof: closed. 
64718      INFO  main            d.u.i.k.p.i.AbstractProblemLoader Loading environment from /home/runner/work/key/key/key.core/../key.ui/examples/heap/permissions/threads/AFilter_inv_accessible1.key.proof 
64718      DEBUG main            d.u.i.k.p.i.AbstractProblemLoader Environment load took 149.4ns 
64719      INFO  main            d.u.i.k.p.i.AbstractProblemLoader Creating init config 
69157      DEBUG main            d.u.i.k.p.i.AbstractProblemLoader Init config took 4.44s 
69246      INFO  main            d.u.i.k.p.i.AbstractProblemLoader Replaying proof AFilter[java.lang.Object::<inv>()].JML accessible clause.0 
69250      DEBUG main            d.u.i.k.p.i.IntermediateProofReplayer Proof replay took 2.44ms 
69251      DEBUG main            d.u.i.k.p.r.p.TestFile    ... success: reloaded. 
69252      INFO  main            d.u.i.k.p.r.p.TestFile    Now processing file /home/runner/work/key/key/key.core/../key.ui/examples/heap/permissions/threads/AFilter_inv_accessible2.key 
69252      INFO  main            d.u.i.k.p.i.AbstractProblemLoader Loading environment from /home/runner/work/key/key/key.core/../key.ui/examples/heap/permissions/threads/AFilter_inv_accessible2.key 
69252      DEBUG main            d.u.i.k.p.i.AbstractProblemLoader Environment load took 88.7ns 
69253      INFO  main            d.u.i.k.p.i.AbstractProblemLoader Creating init config 
73679      DEBUG main            d.u.i.k.p.i.AbstractProblemLoader Init config took 4.43s 
73781      INFO  main            d.u.i.k.p.i.AbstractProblemLoader Replaying proof AFilter[java.lang.Object::<inv>()].JML accessible clause.1 
73783      DEBUG main            d.u.i.k.p.i.IntermediateProofReplayer Proof replay took 6.4ns 
73885      INFO  main            d.u.i.k.p.r.p.TestFile    ... finished proof: closed. 
74097      INFO  main            d.u.i.k.p.i.AbstractProblemLoader Loading environment from /home/runner/work/key/key/key.core/../key.ui/examples/heap/permissions/threads/AFilter_inv_accessible2.key.proof 
74098      DEBUG main            d.u.i.k.p.i.AbstractProblemLoader Environment load took 124.6ns 
74098      INFO  main            d.u.i.k.p.i.AbstractProblemLoader Creating init config 
78536      DEBUG main            d.u.i.k.p.i.AbstractProblemLoader Init config took 4.44s 
78624      INFO  main            d.u.i.k.p.i.AbstractProblemLoader Replaying proof AFilter[java.lang.Object::<inv>()].JML accessible clause.1 
78628      DEBUG main            d.u.i.k.p.i.IntermediateProofReplayer Proof replay took 2.24ms 
78629      DEBUG main            d.u.i.k.p.r.p.TestFile    ... success: reloaded. 
78630      INFO  main            d.u.i.k.p.r.p.TestFile    Now processing file /home/runner/work/key/key/key.core/../key.ui/examples/heap/permissions/threads/AFilter_joinTransfer_accessible.key 
78631      INFO  main            d.u.i.k.p.i.AbstractProblemLoader Loading environment from /home/runner/work/key/key/key.core/../key.ui/examples/heap/permissions/threads/AFilter_joinTransfer_accessible.key 
78631      DEBUG main            d.u.i.k.p.i.AbstractProblemLoader Environment load took 167.4ns 
78632      INFO  main            d.u.i.k.p.i.AbstractProblemLoader Creating init config 
83036      DEBUG main            d.u.i.k.p.i.AbstractProblemLoader Init config took 4.4s 
83137      INFO  main            d.u.i.k.p.i.AbstractProblemLoader Replaying proof AFilter[ThreadSpec2::joinTransfer()].JML accessible clause.0 
83139      DEBUG main            d.u.i.k.p.i.IntermediateProofReplayer Proof replay took 8ns 
84246      INFO  main            d.u.i.k.p.r.p.TestFile    ... finished proof: closed. 
84500      INFO  main            d.u.i.k.p.i.AbstractProblemLoader Loading environment from /home/runner/work/key/key/key.core/../key.ui/examples/heap/permissions/threads/AFilter_joinTransfer_accessible.key.proof 
84506      DEBUG main            d.u.i.k.p.i.AbstractProblemLoader Environment load took 5.37ms 
84507      INFO  main            d.u.i.k.p.i.AbstractProblemLoader Creating init config 
88911      DEBUG main            d.u.i.k.p.i.AbstractProblemLoader Init config took 4.4s 
88998      INFO  main            d.u.i.k.p.i.AbstractProblemLoader Replaying proof AFilter[ThreadSpec2::joinTransfer()].JML accessible clause.0 
89144      DEBUG main            d.u.i.k.p.i.IntermediateProofReplayer Proof replay took 139.75ms 
89145      DEBUG main            d.u.i.k.p.r.p.TestFile    ... success: reloaded. 
89146      INFO  main            d.u.i.k.p.r.p.TestFile    Now processing file /home/runner/work/key/key/key.core/../key.ui/examples/heap/permissions/threads/AFilter_joinTransfer_contract.key 
89147      INFO  main            d.u.i.k.p.i.AbstractProblemLoader Loading environment from /home/runner/work/key/key/key.core/../key.ui/examples/heap/permissions/threads/AFilter_joinTransfer_contract.key 
89147      DEBUG main            d.u.i.k.p.i.AbstractProblemLoader Environment load took 179.7ns 
89148      INFO  main            d.u.i.k.p.i.AbstractProblemLoader Creating init config 
93586      DEBUG main            d.u.i.k.p.i.AbstractProblemLoader Init config took 4.44s 
93689      INFO  main            d.u.i.k.p.i.AbstractProblemLoader Replaying proof AFilter[ThreadSpec2::joinTransfer()].JML model_behavior operation contract.0 
93690      DEBUG main            d.u.i.k.p.i.IntermediateProofReplayer Proof replay took 7.8ns 
93792      INFO  main            d.u.i.k.p.r.p.TestFile    ... finished proof: closed. 
94016      INFO  main            d.u.i.k.p.i.AbstractProblemLoader Loading environment from /home/runner/work/key/key/key.core/../key.ui/examples/heap/permissions/threads/AFilter_joinTransfer_contract.key.proof 
94016      DEBUG main            d.u.i.k.p.i.AbstractProblemLoader Environment load took 152.8ns 
94017      INFO  main            d.u.i.k.p.i.AbstractProblemLoader Creating init config 
98383      DEBUG main            d.u.i.k.p.i.AbstractProblemLoader Init config took 4.37s 
98482      INFO  main            d.u.i.k.p.i.AbstractProblemLoader Replaying proof AFilter[ThreadSpec2::joinTransfer()].JML model_behavior operation contract.0 
98492      DEBUG main            d.u.i.k.p.i.IntermediateProofReplayer Proof replay took 7.9ms 
98493      DEBUG main            d.u.i.k.p.r.p.TestFile    ... success: reloaded. 
98494      INFO  main            d.u.i.k.p.r.p.TestFile    Now processing file /home/runner/work/key/key/key.core/../key.ui/examples/heap/permissions/threads/AFilter_postJoin_accessible.key 
98494      INFO  main            d.u.i.k.p.i.AbstractProblemLoader Loading environment from /home/runner/work/key/key/key.core/../key.ui/examples/heap/permissions/threads/AFilter_postJoin_accessible.key 
98495      DEBUG main            d.u.i.k.p.i.AbstractProblemLoader Environment load took 86.4ns 
98495      INFO  main            d.u.i.k.p.i.AbstractProblemLoader Creating init config 
102919     DEBUG main            d.u.i.k.p.i.AbstractProblemLoader Init config took 4.42s 
103003     INFO  main            d.u.i.k.p.i.AbstractProblemLoader Replaying proof AFilter[ThreadSpec2::postJoin(java.lang.Object)].JML accessible clause.0 
103005     DEBUG main            d.u.i.k.p.i.IntermediateProofReplayer Proof replay took 6.5ns 
103107     INFO  main            d.u.i.k.p.r.p.TestFile    ... finished proof: closed. 
103340     INFO  main            d.u.i.k.p.i.AbstractProblemLoader Loading environment from /home/runner/work/key/key/key.core/../key.ui/examples/heap/permissions/threads/AFilter_postJoin_accessible.key.proof 
103340     DEBUG main            d.u.i.k.p.i.AbstractProblemLoader Environment load took 122.7ns 
103341     INFO  main            d.u.i.k.p.i.AbstractProblemLoader Creating init config 
107692     DEBUG main            d.u.i.k.p.i.AbstractProblemLoader Init config took 4.35s 
107790     INFO  main            d.u.i.k.p.i.AbstractProblemLoader Replaying proof AFilter[ThreadSpec2::postJoin(java.lang.Object)].JML accessible clause.0 
107799     DEBUG main            d.u.i.k.p.i.IntermediateProofReplayer Proof replay took 6.82ms 
107800     DEBUG main            d.u.i.k.p.r.p.TestFile    ... success: reloaded. 
107801     INFO  main            d.u.i.k.p.r.p.TestFile    Now processing file /home/runner/work/key/key/key.core/../key.ui/examples/heap/permissions/threads/AFilter_preStart_accessible.key 
107801     INFO  main            d.u.i.k.p.i.AbstractProblemLoader Loading environment from /home/runner/work/key/key/key.core/../key.ui/examples/heap/permissions/threads/AFilter_preStart_accessible.key 
107801     DEBUG main            d.u.i.k.p.i.AbstractProblemLoader Environment load took 85.9ns 
107802     INFO  main            d.u.i.k.p.i.AbstractProblemLoader Creating init config 
112166     DEBUG main            d.u.i.k.p.i.AbstractProblemLoader Init config took 4.36s 
112270     INFO  main            d.u.i.k.p.i.AbstractProblemLoader Replaying proof AFilter[ThreadSpec2::preStart(java.lang.Object)].JML accessible clause.0 
112272     DEBUG main            d.u.i.k.p.i.IntermediateProofReplayer Proof replay took 7.3ns 
112574     INFO  main            d.u.i.k.p.r.p.TestFile    ... finished proof: closed. 
112876     INFO  main            d.u.i.k.p.i.AbstractProblemLoader Loading environment from /home/runner/work/key/key/key.core/../key.ui/examples/heap/permissions/threads/AFilter_preStart_accessible.key.proof 
112876     DEBUG main            d.u.i.k.p.i.AbstractProblemLoader Environment load took 117ns 
112877     INFO  main            d.u.i.k.p.i.AbstractProblemLoader Creating init config 
117219     DEBUG main            d.u.i.k.p.i.AbstractProblemLoader Init config took 4.34s 
117303     INFO  main            d.u.i.k.p.i.AbstractProblemLoader Replaying proof AFilter[ThreadSpec2::preStart(java.lang.Object)].JML accessible clause.0 
117364     DEBUG main            d.u.i.k.p.i.IntermediateProofReplayer Proof replay took 57.54ms 
117365     DEBUG main            d.u.i.k.p.r.p.TestFile    ... success: reloaded. 
117366     INFO  main            d.u.i.k.p.r.p.TestFile    Now processing file /home/runner/work/key/key/key.core/../key.ui/examples/heap/permissions/threads/AFilter_startTransfer_accessible.key 
117366     INFO  main            d.u.i.k.p.i.AbstractProblemLoader Loading environment from /home/runner/work/key/key/key.core/../key.ui/examples/heap/permissions/threads/AFilter_startTransfer_accessible.key 
117367     DEBUG main            d.u.i.k.p.i.AbstractProblemLoader Environment load took 165.9ns 
117367     INFO  main            d.u.i.k.p.i.AbstractProblemLoader Creating init config 
121797     DEBUG main            d.u.i.k.p.i.AbstractProblemLoader Init config took 4.43s 
121880     INFO  main            d.u.i.k.p.i.AbstractProblemLoader Replaying proof AFilter[ThreadSpec2::startTransfer()].JML accessible clause.0 
121881     DEBUG main            d.u.i.k.p.i.IntermediateProofReplayer Proof replay took 7.5ns 
131623     INFO  main            d.u.i.k.p.r.p.TestFile    ... finished proof: closed. 
131895     INFO  main            d.u.i.k.p.i.AbstractProblemLoader Loading environment from /home/runner/work/key/key/key.core/../key.ui/examples/heap/permissions/threads/AFilter_startTransfer_accessible.key.proof 
131896     DEBUG main            d.u.i.k.p.i.AbstractProblemLoader Environment load took 365.81ns 
131897     INFO  main            d.u.i.k.p.i.AbstractProblemLoader Creating init config 
136219     DEBUG main            d.u.i.k.p.i.AbstractProblemLoader Init config took 4.32s 
136302     INFO  main            d.u.i.k.p.i.AbstractProblemLoader Replaying proof AFilter[ThreadSpec2::startTransfer()].JML accessible clause.0 
137099     DEBUG main            d.u.i.k.p.i.IntermediateProofReplayer Proof replay took 772.75ms 
137100     DEBUG main            d.u.i.k.p.r.p.TestFile    ... success: reloaded. 
137101     INFO  main            d.u.i.k.p.r.p.TestFile    Now processing file /home/runner/work/key/key/key.core/../key.ui/examples/heap/permissions/threads/AFilter_startTransfer_contract.key 
137102     INFO  main            d.u.i.k.p.i.AbstractProblemLoader Loading environment from /home/runner/work/key/key/key.core/../key.ui/examples/heap/permissions/threads/AFilter_startTransfer_contract.key 
137102     DEBUG main            d.u.i.k.p.i.AbstractProblemLoader Environment load took 175ns 
137103     INFO  main            d.u.i.k.p.i.AbstractProblemLoader Creating init config 
141527     DEBUG main            d.u.i.k.p.i.AbstractProblemLoader Init config took 4.42s 
141633     INFO  main            d.u.i.k.p.i.AbstractProblemLoader Replaying proof AFilter[ThreadSpec2::startTransfer()].JML model_behavior operation contract.0 
141634     DEBUG main            d.u.i.k.p.i.IntermediateProofReplayer Proof replay took 6.9ns 
142038     INFO  main            d.u.i.k.p.r.p.TestFile    ... finished proof: closed. 
142301     INFO  main            d.u.i.k.p.i.AbstractProblemLoader Loading environment from /home/runner/work/key/key/key.core/../key.ui/examples/heap/permissions/threads/AFilter_startTransfer_contract.key.proof 
142302     DEBUG main            d.u.i.k.p.i.AbstractProblemLoader Environment load took 129ns 
142303     INFO  main            d.u.i.k.p.i.AbstractProblemLoader Creating init config 
146608     DEBUG main            d.u.i.k.p.i.AbstractProblemLoader Init config took 4.31s 
146705     INFO  main            d.u.i.k.p.i.AbstractProblemLoader Replaying proof AFilter[ThreadSpec2::startTransfer()].JML model_behavior operation contract.0 
146752     DEBUG main            d.u.i.k.p.i.IntermediateProofReplayer Proof replay took 43.03ms 
146753     DEBUG main            d.u.i.k.p.r.p.TestFile    ... success: reloaded. 
146754     INFO  main            d.u.i.k.p.r.p.TestFile    Now processing file /home/runner/work/key/key/key.core/../key.ui/examples/heap/permissions/threads/AFilter_stateInv_accessible.key 
146754     INFO  main            d.u.i.k.p.i.AbstractProblemLoader Loading environment from /home/runner/work/key/key/key.core/../key.ui/examples/heap/permissions/threads/AFilter_stateInv_accessible.key 
146754     DEBUG main            d.u.i.k.p.i.AbstractProblemLoader Environment load took 102.1ns 
146755     INFO  main            d.u.i.k.p.i.AbstractProblemLoader Creating init config 
151144     DEBUG main            d.u.i.k.p.i.AbstractProblemLoader Init config took 4.39s 
151250     INFO  main            d.u.i.k.p.i.AbstractProblemLoader Replaying proof AFilter[ThreadSpec2::stateInv()].JML accessible clause.0 
151252     DEBUG main            d.u.i.k.p.i.IntermediateProofReplayer Proof replay took 7.1ns 
151555     INFO  main            d.u.i.k.p.r.p.TestFile    ... finished proof: closed. 
151819     INFO  main            d.u.i.k.p.i.AbstractProblemLoader Loading environment from /home/runner/work/key/key/key.core/../key.ui/examples/heap/permissions/threads/AFilter_stateInv_accessible.key.proof 
151819     DEBUG main            d.u.i.k.p.i.AbstractProblemLoader Environment load took 126.1ns 
151820     INFO  main            d.u.i.k.p.i.AbstractProblemLoader Creating init config 
156120     DEBUG main            d.u.i.k.p.i.AbstractProblemLoader Init config took 4.3s 
156205     INFO  main            d.u.i.k.p.i.AbstractProblemLoader Replaying proof AFilter[ThreadSpec2::stateInv()].JML accessible clause.0 
156244     DEBUG main            d.u.i.k.p.i.IntermediateProofReplayer Proof replay took 36.59ms 
156246     DEBUG main            d.u.i.k.p.r.p.TestFile    ... success: reloaded. 
156247     INFO  main            d.u.i.k.p.r.p.TestFile    Now processing file /home/runner/work/key/key/key.core/../key.ui/examples/heap/permissions/threads/AFilter_staticPermissions_accessible.key 
156247     INFO  main            d.u.i.k.p.i.AbstractProblemLoader Loading environment from /home/runner/work/key/key/key.core/../key.ui/examples/heap/permissions/threads/AFilter_staticPermissions_accessible.key 
156247     DEBUG main            d.u.i.k.p.i.AbstractProblemLoader Environment load took 178.5ns 
156248     INFO  main            d.u.i.k.p.i.AbstractProblemLoader Creating init config 
160655     DEBUG main            d.u.i.k.p.i.AbstractProblemLoader Init config took 4.41s 
160738     INFO  main            d.u.i.k.p.i.AbstractProblemLoader Replaying proof AFilter[ThreadSpec2::staticPermissions()].JML accessible clause.0 
160740     DEBUG main            d.u.i.k.p.i.IntermediateProofReplayer Proof replay took 6.9ns 
160842     INFO  main            d.u.i.k.p.r.p.TestFile    ... finished proof: closed. 
161109     INFO  main            d.u.i.k.p.i.AbstractProblemLoader Loading environment from /home/runner/work/key/key/key.core/../key.ui/examples/heap/permissions/threads/AFilter_staticPermissions_accessible.key.proof 
161109     DEBUG main            d.u.i.k.p.i.AbstractProblemLoader Environment load took 122.5ns 
161110     INFO  main            d.u.i.k.p.i.AbstractProblemLoader Creating init config 
165424     DEBUG main            d.u.i.k.p.i.AbstractProblemLoader Init config took 4.31s 
165507     INFO  main            d.u.i.k.p.i.AbstractProblemLoader Replaying proof AFilter[ThreadSpec2::staticPermissions()].JML accessible clause.0 
165518     DEBUG main            d.u.i.k.p.i.IntermediateProofReplayer Proof replay took 9.31ms 
165519     DEBUG main            d.u.i.k.p.r.p.TestFile    ... success: reloaded. 
165520     INFO  main            d.u.i.k.p.r.p.TestFile    Now processing file /home/runner/work/key/key/key.core/../key.ui/examples/heap/permissions/threads/AFilter_workingPermissions_accessible.key 
165520     INFO  main            d.u.i.k.p.i.AbstractProblemLoader Loading environment from /home/runner/work/key/key/key.core/../key.ui/examples/heap/permissions/threads/AFilter_workingPermissions_accessible.key 
165520     DEBUG main            d.u.i.k.p.i.AbstractProblemLoader Environment load took 78.5ns 
165521     INFO  main            d.u.i.k.p.i.AbstractProblemLoader Creating init config 
169910     DEBUG main            d.u.i.k.p.i.AbstractProblemLoader Init config took 4.39s 
169994     INFO  main            d.u.i.k.p.i.AbstractProblemLoader Replaying proof AFilter[ThreadSpec2::workingPermissions()].JML accessible clause.0 
169995     DEBUG main            d.u.i.k.p.i.IntermediateProofReplayer Proof replay took 6.5ns 
170097     INFO  main            d.u.i.k.p.r.p.TestFile    ... finished proof: closed. 
170363     INFO  main            d.u.i.k.p.i.AbstractProblemLoader Loading environment from /home/runner/work/key/key/key.core/../key.ui/examples/heap/permissions/threads/AFilter_workingPermissions_accessible.key.proof 
170363     DEBUG main            d.u.i.k.p.i.AbstractProblemLoader Environment load took 109.8ns 
170364     INFO  main            d.u.i.k.p.i.AbstractProblemLoader Creating init config 
174682     DEBUG main            d.u.i.k.p.i.AbstractProblemLoader Init config took 4.32s 
174764     INFO  main            d.u.i.k.p.i.AbstractProblemLoader Replaying proof AFilter[ThreadSpec2::workingPermissions()].JML accessible clause.0 
174774     DEBUG main            d.u.i.k.p.i.IntermediateProofReplayer Proof replay took 7.9ms 
174774     DEBUG main            d.u.i.k.p.r.p.TestFile    ... success: reloaded. 
174775     INFO  main            d.u.i.k.p.r.p.TestFile    Now processing file /home/runner/work/key/key/key.core/../key.ui/examples/heap/permissions/threads/BFilter_BFilter.key 
174776     INFO  main            d.u.i.k.p.i.AbstractProblemLoader Loading environment from /home/runner/work/key/key/key.core/../key.ui/examples/heap/permissions/threads/BFilter_BFilter.key 
174776     DEBUG main            d.u.i.k.p.i.AbstractProblemLoader Environment load took 73.7ns 
174777     INFO  main            d.u.i.k.p.i.AbstractProblemLoader Creating init config 
179125     DEBUG main            d.u.i.k.p.i.AbstractProblemLoader Init config took 4.35s 
179213     INFO  main            d.u.i.k.p.i.AbstractProblemLoader Replaying proof BFilter[BFilter::BFilter(Sampler,Buffer)].JML normal_behavior operation contract.0 
179214     DEBUG main            d.u.i.k.p.i.IntermediateProofReplayer Proof replay took 7.2ns 
180221     INFO  main            d.u.i.k.p.r.p.TestFile    ... finished proof: closed. 
180527     INFO  main            d.u.i.k.p.i.AbstractProblemLoader Loading environment from /home/runner/work/key/key/key.core/../key.ui/examples/heap/permissions/threads/BFilter_BFilter.key.proof 
180528     DEBUG main            d.u.i.k.p.i.AbstractProblemLoader Environment load took 355.5ns 
180529     INFO  main            d.u.i.k.p.i.AbstractProblemLoader Creating init config 
184813     DEBUG main            d.u.i.k.p.i.AbstractProblemLoader Init config took 4.28s 
184909     INFO  main            d.u.i.k.p.i.AbstractProblemLoader Replaying proof BFilter[BFilter::BFilter(Sampler,Buffer)].JML normal_behavior operation contract.0 
185053     DEBUG main            d.u.i.k.p.i.IntermediateProofReplayer Proof replay took 140.52ms 
185055     DEBUG main            d.u.i.k.p.r.p.TestFile    ... success: reloaded. 
185056     INFO  main            d.u.i.k.p.r.p.TestFile    Now processing file /home/runner/work/key/key/key.core/../key.ui/examples/heap/permissions/threads/BFilter_initPost_accessible.key 
185056     INFO  main            d.u.i.k.p.i.AbstractProblemLoader Loading environment from /home/runner/work/key/key/key.core/../key.ui/examples/heap/permissions/threads/BFilter_initPost_accessible.key 
185056     DEBUG main            d.u.i.k.p.i.AbstractProblemLoader Environment load took 115.5ns 
185057     INFO  main            d.u.i.k.p.i.AbstractProblemLoader Creating init config 
189422     DEBUG main            d.u.i.k.p.i.AbstractProblemLoader Init config took 4.37s 
189522     INFO  main            d.u.i.k.p.i.AbstractProblemLoader Replaying proof BFilter[ThreadSpec2::initPost()].JML accessible clause.0 
189524     DEBUG main            d.u.i.k.p.i.IntermediateProofReplayer Proof replay took 7.4ns 
189626     INFO  main            d.u.i.k.p.r.p.TestFile    ... finished proof: closed. 
189950     INFO  main            d.u.i.k.p.i.AbstractProblemLoader Loading environment from /home/runner/work/key/key/key.core/../key.ui/examples/heap/permissions/threads/BFilter_initPost_accessible.key.proof 
189950     DEBUG main            d.u.i.k.p.i.AbstractProblemLoader Environment load took 113.8ns 
189951     INFO  main            d.u.i.k.p.i.AbstractProblemLoader Creating init config 
194240     DEBUG main            d.u.i.k.p.i.AbstractProblemLoader Init config took 4.29s 
194323     INFO  main            d.u.i.k.p.i.AbstractProblemLoader Replaying proof BFilter[ThreadSpec2::initPost()].JML accessible clause.0 
194335     DEBUG main            d.u.i.k.p.i.IntermediateProofReplayer Proof replay took 10.26ms 
194335     DEBUG main            d.u.i.k.p.r.p.TestFile    ... success: reloaded. 
194336     INFO  main            d.u.i.k.p.r.p.TestFile    Now processing file /home/runner/work/key/key/key.core/../key.ui/examples/heap/permissions/threads/BFilter_inv_accessible1.key 
194337     INFO  main            d.u.i.k.p.i.AbstractProblemLoader Loading environment from /home/runner/work/key/key/key.core/../key.ui/examples/heap/permissions/threads/BFilter_inv_accessible1.key 
194337     DEBUG main            d.u.i.k.p.i.AbstractProblemLoader Environment load took 134ns 
194338     INFO  main            d.u.i.k.p.i.AbstractProblemLoader Creating init config 
198706     DEBUG main            d.u.i.k.p.i.AbstractProblemLoader Init config took 4.37s 
198788     INFO  main            d.u.i.k.p.i.AbstractProblemLoader Replaying proof BFilter[java.lang.Object::<inv>()].JML accessible clause.0 
198790     DEBUG main            d.u.i.k.p.i.IntermediateProofReplayer Proof replay took 6.6ns 
198891     INFO  main            d.u.i.k.p.r.p.TestFile    ... finished proof: closed. 
199178     INFO  main            d.u.i.k.p.i.AbstractProblemLoader Loading environment from /home/runner/work/key/key/key.core/../key.ui/examples/heap/permissions/threads/BFilter_inv_accessible1.key.proof 
199178     DEBUG main            d.u.i.k.p.i.AbstractProblemLoader Environment load took 109.6ns 
199179     INFO  main            d.u.i.k.p.i.AbstractProblemLoader Creating init config 
203492     DEBUG main            d.u.i.k.p.i.AbstractProblemLoader Init config took 4.31s 
203586     INFO  main            d.u.i.k.p.i.AbstractProblemLoader Replaying proof BFilter[java.lang.Object::<inv>()].JML accessible clause.0 
203589     DEBUG main            d.u.i.k.p.i.IntermediateProofReplayer Proof replay took 1.73ms 
203590     DEBUG main            d.u.i.k.p.r.p.TestFile    ... success: reloaded. 
203591     INFO  main            d.u.i.k.p.r.p.TestFile    Now processing file /home/runner/work/key/key/key.core/../key.ui/examples/heap/permissions/threads/BFilter_inv_accessible2.key 
203591     INFO  main            d.u.i.k.p.i.AbstractProblemLoader Loading environment from /home/runner/work/key/key/key.core/../key.ui/examples/heap/permissions/threads/BFilter_inv_accessible2.key 
203591     DEBUG main            d.u.i.k.p.i.AbstractProblemLoader Environment load took 72.9ns 
203592     INFO  main            d.u.i.k.p.i.AbstractProblemLoader Creating init config 
207940     DEBUG main            d.u.i.k.p.i.AbstractProblemLoader Init config took 4.35s 
208023     INFO  main            d.u.i.k.p.i.AbstractProblemLoader Replaying proof BFilter[java.lang.Object::<inv>()].JML accessible clause.1 
208024     DEBUG main            d.u.i.k.p.i.IntermediateProofReplayer Proof replay took 7.3ns 
208130     INFO  main            d.u.i.k.p.r.p.TestFile    ... finished proof: closed. 
208429     INFO  main            d.u.i.k.p.i.AbstractProblemLoader Loading environment from /home/runner/work/key/key/key.core/../key.ui/examples/heap/permissions/threads/BFilter_inv_accessible2.key.proof 
208429     DEBUG main            d.u.i.k.p.i.AbstractProblemLoader Environment load took 106.1ns 
208430     INFO  main            d.u.i.k.p.i.AbstractProblemLoader Creating init config 
212712     DEBUG main            d.u.i.k.p.i.AbstractProblemLoader Init config took 4.28s 
212794     INFO  main            d.u.i.k.p.i.AbstractProblemLoader Replaying proof BFilter[java.lang.Object::<inv>()].JML accessible clause.1 
212797     DEBUG main            d.u.i.k.p.i.IntermediateProofReplayer Proof replay took 1.72ms 
212798     DEBUG main            d.u.i.k.p.r.p.TestFile    ... success: reloaded. 
212799     INFO  main            d.u.i.k.p.r.p.TestFile    Now processing file /home/runner/work/key/key/key.core/../key.ui/examples/heap/permissions/threads/BFilter_joinTransfer_accessible.key 
212799     INFO  main            d.u.i.k.p.i.AbstractProblemLoader Loading environment from /home/runner/work/key/key/key.core/../key.ui/examples/heap/permissions/threads/BFilter_joinTransfer_accessible.key 
212799     DEBUG main            d.u.i.k.p.i.AbstractProblemLoader Environment load took 64.5ns 
212800     INFO  main            d.u.i.k.p.i.AbstractProblemLoader Creating init config 
217169     DEBUG main            d.u.i.k.p.i.AbstractProblemLoader Init config took 4.37s 
217252     INFO  main            d.u.i.k.p.i.AbstractProblemLoader Replaying proof BFilter[ThreadSpec2::joinTransfer()].JML accessible clause.0 
217254     DEBUG main            d.u.i.k.p.i.IntermediateProofReplayer Proof replay took 8ns 
218358     INFO  main            d.u.i.k.p.r.p.TestFile    ... finished proof: closed. 
218687     INFO  main            d.u.i.k.p.i.AbstractProblemLoader Loading environment from /home/runner/work/key/key/key.core/../key.ui/examples/heap/permissions/threads/BFilter_joinTransfer_accessible.key.proof 
218689     DEBUG main            d.u.i.k.p.i.AbstractProblemLoader Environment load took 1.24ms 
218690     INFO  main            d.u.i.k.p.i.AbstractProblemLoader Creating init config 
222991     DEBUG main            d.u.i.k.p.i.AbstractProblemLoader Init config took 4.3s 
223089     INFO  main            d.u.i.k.p.i.AbstractProblemLoader Replaying proof BFilter[ThreadSpec2::joinTransfer()].JML accessible clause.0 
223201     DEBUG main            d.u.i.k.p.i.IntermediateProofReplayer Proof replay took 106.89ms 
223202     DEBUG main            d.u.i.k.p.r.p.TestFile    ... success: reloaded. 
223203     INFO  main            d.u.i.k.p.r.p.TestFile    Now processing file /home/runner/work/key/key/key.core/../key.ui/examples/heap/permissions/threads/BFilter_joinTransfer_contract.key 
223203     INFO  main            d.u.i.k.p.i.AbstractProblemLoader Loading environment from /home/runner/work/key/key/key.core/../key.ui/examples/heap/permissions/threads/BFilter_joinTransfer_contract.key 
223204     DEBUG main            d.u.i.k.p.i.AbstractProblemLoader Environment load took 158.1ns 
223204     INFO  main            d.u.i.k.p.i.AbstractProblemLoader Creating init config 
227582     DEBUG main            d.u.i.k.p.i.AbstractProblemLoader Init config took 4.38s 
227666     INFO  main            d.u.i.k.p.i.AbstractProblemLoader Replaying proof BFilter[ThreadSpec2::joinTransfer()].JML model_behavior operation contract.0 
227668     DEBUG main            d.u.i.k.p.i.IntermediateProofReplayer Proof replay took 8ns 
227769     INFO  main            d.u.i.k.p.r.p.TestFile    ... finished proof: closed. 
228084     INFO  main            d.u.i.k.p.i.AbstractProblemLoader Loading environment from /home/runner/work/key/key/key.core/../key.ui/examples/heap/permissions/threads/BFilter_joinTransfer_contract.key.proof 
228084     DEBUG main            d.u.i.k.p.i.AbstractProblemLoader Environment load took 108.8ns 
228085     INFO  main            d.u.i.k.p.i.AbstractProblemLoader Creating init config 
232395     DEBUG main            d.u.i.k.p.i.AbstractProblemLoader Init config took 4.31s 
232500     INFO  main            d.u.i.k.p.i.AbstractProblemLoader Replaying proof BFilter[ThreadSpec2::joinTransfer()].JML model_behavior operation contract.0 
232509     DEBUG main            d.u.i.k.p.i.IntermediateProofReplayer Proof replay took 7.23ms 
232511     DEBUG main            d.u.i.k.p.r.p.TestFile    ... success: reloaded. 
232512     INFO  main            d.u.i.k.p.r.p.TestFile    Now processing file /home/runner/work/key/key/key.core/../key.ui/examples/heap/permissions/threads/BFilter_postJoin_accessible.key 
232512     INFO  main            d.u.i.k.p.i.AbstractProblemLoader Loading environment from /home/runner/work/key/key/key.core/../key.ui/examples/heap/permissions/threads/BFilter_postJoin_accessible.key 
232513     DEBUG main            d.u.i.k.p.i.AbstractProblemLoader Environment load took 175.6ns 
232514     INFO  main            d.u.i.k.p.i.AbstractProblemLoader Creating init config 
236958     DEBUG main            d.u.i.k.p.i.AbstractProblemLoader Init config took 4.44s 
237040     INFO  main            d.u.i.k.p.i.AbstractProblemLoader Replaying proof BFilter[ThreadSpec2::postJoin(java.lang.Object)].JML accessible clause.0 
237042     DEBUG main            d.u.i.k.p.i.IntermediateProofReplayer Proof replay took 8.6ns 
237147     INFO  main            d.u.i.k.p.r.p.TestFile    ... finished proof: closed. 
237523     INFO  main            d.u.i.k.p.i.AbstractProblemLoader Loading environment from /home/runner/work/key/key/key.core/../key.ui/examples/heap/permissions/threads/BFilter_postJoin_accessible.key.proof 
237523     DEBUG main            d.u.i.k.p.i.AbstractProblemLoader Environment load took 99.5ns 
237524     INFO  main            d.u.i.k.p.i.AbstractProblemLoader Creating init config 
241861     DEBUG main            d.u.i.k.p.i.AbstractProblemLoader Init config took 4.34s 
241943     INFO  main            d.u.i.k.p.i.AbstractProblemLoader Replaying proof BFilter[ThreadSpec2::postJoin(java.lang.Object)].JML accessible clause.0 
241951     DEBUG main            d.u.i.k.p.i.IntermediateProofReplayer Proof replay took 6.34ms 
241952     DEBUG main            d.u.i.k.p.r.p.TestFile    ... success: reloaded. 
241953     INFO  main            d.u.i.k.p.r.p.TestFile    Now processing file /home/runner/work/key/key/key.core/../key.ui/examples/heap/permissions/threads/BFilter_preStart_accessible.key 
241953     INFO  main            d.u.i.k.p.i.AbstractProblemLoader Loading environment from /home/runner/work/key/key/key.core/../key.ui/examples/heap/permissions/threads/BFilter_preStart_accessible.key 
241953     DEBUG main            d.u.i.k.p.i.AbstractProblemLoader Environment load took 82.5ns 
241955     INFO  main            d.u.i.k.p.i.AbstractProblemLoader Creating init config 
246310     DEBUG main            d.u.i.k.p.i.AbstractProblemLoader Init config took 4.35s 
246392     INFO  main            d.u.i.k.p.i.AbstractProblemLoader Replaying proof BFilter[ThreadSpec2::preStart(java.lang.Object)].JML accessible clause.0 
246393     DEBUG main            d.u.i.k.p.i.IntermediateProofReplayer Proof replay took 8.1ns 
246695     INFO  main            d.u.i.k.p.r.p.TestFile    ... finished proof: closed. 
247029     INFO  main            d.u.i.k.p.i.AbstractProblemLoader Loading environment from /home/runner/work/key/key/key.core/../key.ui/examples/heap/permissions/threads/BFilter_preStart_accessible.key.proof 
247029     DEBUG main            d.u.i.k.p.i.AbstractProblemLoader Environment load took 104.1ns 
247034     INFO  main            d.u.i.k.p.i.AbstractProblemLoader Creating init config 
251327     DEBUG main            d.u.i.k.p.i.AbstractProblemLoader Init config took 4.29s 
251409     INFO  main            d.u.i.k.p.i.AbstractProblemLoader Replaying proof BFilter[ThreadSpec2::preStart(java.lang.Object)].JML accessible clause.0 
251441     DEBUG main            d.u.i.k.p.i.IntermediateProofReplayer Proof replay took 28.82ms 
251442     DEBUG main            d.u.i.k.p.r.p.TestFile    ... success: reloaded. 
251443     INFO  main            d.u.i.k.p.r.p.TestFile    Now processing file /home/runner/work/key/key/key.core/../key.ui/examples/heap/permissions/threads/BFilter_startTransfer_accessible.key 
251443     INFO  main            d.u.i.k.p.i.AbstractProblemLoader Loading environment from /home/runner/work/key/key/key.core/../key.ui/examples/heap/permissions/threads/BFilter_startTransfer_accessible.key 
251443     DEBUG main            d.u.i.k.p.i.AbstractProblemLoader Environment load took 168.7ns 
251444     INFO  main            d.u.i.k.p.i.AbstractProblemLoader Creating init config 
255809     DEBUG main            d.u.i.k.p.i.AbstractProblemLoader Init config took 4.37s 
255892     INFO  main            d.u.i.k.p.i.AbstractProblemLoader Replaying proof BFilter[ThreadSpec2::startTransfer()].JML accessible clause.0 
255893     DEBUG main            d.u.i.k.p.i.IntermediateProofReplayer Proof replay took 8.5ns 
265977     INFO  main            d.u.i.k.p.r.p.TestFile    ... finished proof: closed. 
266342     INFO  main            d.u.i.k.p.i.AbstractProblemLoader Loading environment from /home/runner/work/key/key/key.core/../key.ui/examples/heap/permissions/threads/BFilter_startTransfer_accessible.key.proof 
266342     DEBUG main            d.u.i.k.p.i.AbstractProblemLoader Environment load took 158.6ns 
266343     INFO  main            d.u.i.k.p.i.AbstractProblemLoader Creating init config 
270635     DEBUG main            d.u.i.k.p.i.AbstractProblemLoader Init config took 4.29s 
270717     INFO  main            d.u.i.k.p.i.AbstractProblemLoader Replaying proof BFilter[ThreadSpec2::startTransfer()].JML accessible clause.0 
271533     DEBUG main            d.u.i.k.p.i.IntermediateProofReplayer Proof replay took 800.78ms 
271535     DEBUG main            d.u.i.k.p.r.p.TestFile    ... success: reloaded. 
271536     INFO  main            d.u.i.k.p.r.p.TestFile    Now processing file /home/runner/work/key/key/key.core/../key.ui/examples/heap/permissions/threads/BFilter_startTransfer_contract.key 
271537     INFO  main            d.u.i.k.p.i.AbstractProblemLoader Loading environment from /home/runner/work/key/key/key.core/../key.ui/examples/heap/permissions/threads/BFilter_startTransfer_contract.key 
271537     DEBUG main            d.u.i.k.p.i.AbstractProblemLoader Environment load took 156ns 
271538     INFO  main            d.u.i.k.p.i.AbstractProblemLoader Creating init config 
275916     DEBUG main            d.u.i.k.p.i.AbstractProblemLoader Init config took 4.38s 
275998     INFO  main            d.u.i.k.p.i.AbstractProblemLoader Replaying proof BFilter[ThreadSpec2::startTransfer()].JML model_behavior operation contract.0 
276000     DEBUG main            d.u.i.k.p.i.IntermediateProofReplayer Proof replay took 7.8ns 
277005     INFO  main            d.u.i.k.p.r.p.TestFile    ... finished proof: closed. 
277335     INFO  main            d.u.i.k.p.i.AbstractProblemLoader Loading environment from /home/runner/work/key/key/key.core/../key.ui/examples/heap/permissions/threads/BFilter_startTransfer_contract.key.proof 
277336     DEBUG main            d.u.i.k.p.i.AbstractProblemLoader Environment load took 334ns 
277337     INFO  main            d.u.i.k.p.i.AbstractProblemLoader Creating init config 
281612     DEBUG main            d.u.i.k.p.i.AbstractProblemLoader Init config took 4.28s 
281694     INFO  main            d.u.i.k.p.i.AbstractProblemLoader Replaying proof BFilter[ThreadSpec2::startTransfer()].JML model_behavior operation contract.0 
281811     DEBUG main            d.u.i.k.p.i.IntermediateProofReplayer Proof replay took 111.97ms 
281812     DEBUG main            d.u.i.k.p.r.p.TestFile    ... success: reloaded. 
281813     INFO  main            d.u.i.k.p.r.p.TestFile    Now processing file /home/runner/work/key/key/key.core/../key.ui/examples/heap/permissions/threads/BFilter_stateInv_accessible.key 
281814     INFO  main            d.u.i.k.p.i.AbstractProblemLoader Loading environment from /home/runner/work/key/key/key.core/../key.ui/examples/heap/permissions/threads/BFilter_stateInv_accessible.key 
281814     DEBUG main            d.u.i.k.p.i.AbstractProblemLoader Environment load took 157.1ns 
281815     INFO  main            d.u.i.k.p.i.AbstractProblemLoader Creating init config 
286161     DEBUG main            d.u.i.k.p.i.AbstractProblemLoader Init config took 4.35s 
286257     INFO  main            d.u.i.k.p.i.AbstractProblemLoader Replaying proof BFilter[ThreadSpec2::stateInv()].JML accessible clause.0 
286259     DEBUG main            d.u.i.k.p.i.IntermediateProofReplayer Proof replay took 8ns 
286561     INFO  main            d.u.i.k.p.r.p.TestFile    ... finished proof: closed. 
286907     INFO  main            d.u.i.k.p.i.AbstractProblemLoader Loading environment from /home/runner/work/key/key/key.core/../key.ui/examples/heap/permissions/threads/BFilter_stateInv_accessible.key.proof 
286908     DEBUG main            d.u.i.k.p.i.AbstractProblemLoader Environment load took 98.5ns 
286908     INFO  main            d.u.i.k.p.i.AbstractProblemLoader Creating init config 
291181     DEBUG main            d.u.i.k.p.i.AbstractProblemLoader Init config took 4.27s 
291278     INFO  main            d.u.i.k.p.i.AbstractProblemLoader Replaying proof BFilter[ThreadSpec2::stateInv()].JML accessible clause.0 
291316     DEBUG main            d.u.i.k.p.i.IntermediateProofReplayer Proof replay took 35.87ms 
291317     DEBUG main            d.u.i.k.p.r.p.TestFile    ... success: reloaded. 
291318     INFO  main            d.u.i.k.p.r.p.TestFile    Now processing file /home/runner/work/key/key/key.core/../key.ui/examples/heap/permissions/threads/BFilter_staticPermissions_accessible.key 
291318     INFO  main            d.u.i.k.p.i.AbstractProblemLoader Loading environment from /home/runner/work/key/key/key.core/../key.ui/examples/heap/permissions/threads/BFilter_staticPermissions_accessible.key 
291318     DEBUG main            d.u.i.k.p.i.AbstractProblemLoader Environment load took 48.7ns 
291319     INFO  main            d.u.i.k.p.i.AbstractProblemLoader Creating init config 
295674     DEBUG main            d.u.i.k.p.i.AbstractProblemLoader Init config took 4.36s 
295757     INFO  main            d.u.i.k.p.i.AbstractProblemLoader Replaying proof BFilter[ThreadSpec2::staticPermissions()].JML accessible clause.0 
295758     DEBUG main            d.u.i.k.p.i.IntermediateProofReplayer Proof replay took 7.6ns 
295863     INFO  main            d.u.i.k.p.r.p.TestFile    ... finished proof: closed. 
296211     INFO  main            d.u.i.k.p.i.AbstractProblemLoader Loading environment from /home/runner/work/key/key/key.core/../key.ui/examples/heap/permissions/threads/BFilter_staticPermissions_accessible.key.proof 
296211     DEBUG main            d.u.i.k.p.i.AbstractProblemLoader Environment load took 99.5ns 
296212     INFO  main            d.u.i.k.p.i.AbstractProblemLoader Creating init config 
300485     DEBUG main            d.u.i.k.p.i.AbstractProblemLoader Init config took 4.27s 
300579     INFO  main            d.u.i.k.p.i.AbstractProblemLoader Replaying proof BFilter[ThreadSpec2::staticPermissions()].JML accessible clause.0 
300590     DEBUG main            d.u.i.k.p.i.IntermediateProofReplayer Proof replay took 8.7ms 
300590     DEBUG main            d.u.i.k.p.r.p.TestFile    ... success: reloaded. 
300591     INFO  main            d.u.i.k.p.r.p.TestFile    Now processing file /home/runner/work/key/key/key.core/../key.ui/examples/heap/permissions/threads/BFilter_workingPermissions_accessible.key 
300592     INFO  main            d.u.i.k.p.i.AbstractProblemLoader Loading environment from /home/runner/work/key/key/key.core/../key.ui/examples/heap/permissions/threads/BFilter_workingPermissions_accessible.key 
300592     DEBUG main            d.u.i.k.p.i.AbstractProblemLoader Environment load took 83.6ns 
300592     INFO  main            d.u.i.k.p.i.AbstractProblemLoader Creating init config 
304955     DEBUG main            d.u.i.k.p.i.AbstractProblemLoader Init config took 4.36s 
305037     INFO  main            d.u.i.k.p.i.AbstractProblemLoader Replaying proof BFilter[ThreadSpec2::workingPermissions()].JML accessible clause.0 
305038     DEBUG main            d.u.i.k.p.i.IntermediateProofReplayer Proof replay took 7.1ns 
305143     INFO  main            d.u.i.k.p.r.p.TestFile    ... finished proof: closed. 
305493     INFO  main            d.u.i.k.p.i.AbstractProblemLoader Loading environment from /home/runner/work/key/key/key.core/../key.ui/examples/heap/permissions/threads/BFilter_workingPermissions_accessible.key.proof 
305493     DEBUG main            d.u.i.k.p.i.AbstractProblemLoader Environment load took 101.3ns 
305494     INFO  main            d.u.i.k.p.i.AbstractProblemLoader Creating init config 
309777     DEBUG main            d.u.i.k.p.i.AbstractProblemLoader Init config took 4.28s 
309858     INFO  main            d.u.i.k.p.i.AbstractProblemLoader Replaying proof BFilter[ThreadSpec2::workingPermissions()].JML accessible clause.0 
309867     DEBUG main            d.u.i.k.p.i.IntermediateProofReplayer Proof replay took 7.61ms 
309868     DEBUG main            d.u.i.k.p.r.p.TestFile    ... success: reloaded. 
309869     INFO  main            d.u.i.k.p.r.p.TestFile    Now processing file /home/runner/work/key/key/key.core/../key.ui/examples/heap/permissions/threads/Fib_Fib.key 
309869     INFO  main            d.u.i.k.p.i.AbstractProblemLoader Loading environment from /home/runner/work/key/key/key.core/../key.ui/examples/heap/permissions/threads/Fib_Fib.key 
309869     DEBUG main            d.u.i.k.p.i.AbstractProblemLoader Environment load took 48.8ns 
309870     INFO  main            d.u.i.k.p.i.AbstractProblemLoader Creating init config 
314218     DEBUG main            d.u.i.k.p.i.AbstractProblemLoader Init config took 4.35s 
314300     INFO  main            d.u.i.k.p.i.AbstractProblemLoader Replaying proof Fib[Fib::Fib(int)].JML normal_behavior operation contract.0 
314302     DEBUG main            d.u.i.k.p.i.IntermediateProofReplayer Proof replay took 7.5ns 
314904     INFO  main            d.u.i.k.p.r.p.TestFile    ... finished proof: closed. 
315280     INFO  main            d.u.i.k.p.i.AbstractProblemLoader Loading environment from /home/runner/work/key/key/key.core/../key.ui/examples/heap/permissions/threads/Fib_Fib.key.proof 
315280     DEBUG main            d.u.i.k.p.i.AbstractProblemLoader Environment load took 101ns 
315281     INFO  main            d.u.i.k.p.i.AbstractProblemLoader Creating init config 
319564     DEBUG main            d.u.i.k.p.i.AbstractProblemLoader Init config took 4.28s 
319645     INFO  main            d.u.i.k.p.i.AbstractProblemLoader Replaying proof Fib[Fib::Fib(int)].JML normal_behavior operation contract.0 
319738     DEBUG main            d.u.i.k.p.i.IntermediateProofReplayer Proof replay took 90.24ms 
319739     DEBUG main            d.u.i.k.p.r.p.TestFile    ... success: reloaded. 
319740     INFO  main            d.u.i.k.p.r.p.TestFile    Now processing file /home/runner/work/key/key/key.core/../key.ui/examples/heap/permissions/threads/Fib_initPost_accessible.key 
319740     INFO  main            d.u.i.k.p.i.AbstractProblemLoader Loading environment from /home/runner/work/key/key/key.core/../key.ui/examples/heap/permissions/threads/Fib_initPost_accessible.key 
319740     DEBUG main            d.u.i.k.p.i.AbstractProblemLoader Environment load took 75.2ns 
319741     INFO  main            d.u.i.k.p.i.AbstractProblemLoader Creating init config 
324106     DEBUG main            d.u.i.k.p.i.AbstractProblemLoader Init config took 4.36s 
324187     INFO  main            d.u.i.k.p.i.AbstractProblemLoader Replaying proof Fib[ThreadSpec::initPost()].JML accessible clause.0 
324189     DEBUG main            d.u.i.k.p.i.IntermediateProofReplayer Proof replay took 7.7ns 
324290     INFO  main            d.u.i.k.p.r.p.TestFile    ... finished proof: closed. 
324657     INFO  main            d.u.i.k.p.i.AbstractProblemLoader Loading environment from /home/runner/work/key/key/key.core/../key.ui/examples/heap/permissions/threads/Fib_initPost_accessible.key.proof 
324657     DEBUG main            d.u.i.k.p.i.AbstractProblemLoader Environment load took 99.4ns 
324657     INFO  main            d.u.i.k.p.i.AbstractProblemLoader Creating init config 
328931     DEBUG main            d.u.i.k.p.i.AbstractProblemLoader Init config took 4.27s 
329013     INFO  main            d.u.i.k.p.i.AbstractProblemLoader Replaying proof Fib[ThreadSpec::initPost()].JML accessible clause.0 
329019     DEBUG main            d.u.i.k.p.i.IntermediateProofReplayer Proof replay took 4.75ms 
329019     DEBUG main            d.u.i.k.p.r.p.TestFile    ... success: reloaded. 
329020     INFO  main            d.u.i.k.p.r.p.TestFile    Now processing file /home/runner/work/key/key/key.core/../key.ui/examples/heap/permissions/threads/Fib_inv1_accessible.key 
329021     INFO  main            d.u.i.k.p.i.AbstractProblemLoader Loading environment from /home/runner/work/key/key/key.core/../key.ui/examples/heap/permissions/threads/Fib_inv1_accessible.key 
329021     DEBUG main            d.u.i.k.p.i.AbstractProblemLoader Environment load took 70.9ns 
329021     INFO  main            d.u.i.k.p.i.AbstractProblemLoader Creating init config 
333372     DEBUG main            d.u.i.k.p.i.AbstractProblemLoader Init config took 4.35s 
333453     INFO  main            d.u.i.k.p.i.AbstractProblemLoader Replaying proof Fib[java.lang.Object::<inv>()].JML accessible clause.0 
333454     DEBUG main            d.u.i.k.p.i.IntermediateProofReplayer Proof replay took 7.2ns 
333556     INFO  main            d.u.i.k.p.r.p.TestFile    ... finished proof: closed. 
333927     INFO  main            d.u.i.k.p.i.AbstractProblemLoader Loading environment from /home/runner/work/key/key/key.core/../key.ui/examples/heap/permissions/threads/Fib_inv1_accessible.key.proof 
333927     DEBUG main            d.u.i.k.p.i.AbstractProblemLoader Environment load took 90.4ns 
333928     INFO  main            d.u.i.k.p.i.AbstractProblemLoader Creating init config 
338190     DEBUG main            d.u.i.k.p.i.AbstractProblemLoader Init config took 4.26s 
338271     INFO  main            d.u.i.k.p.i.AbstractProblemLoader Replaying proof Fib[java.lang.Object::<inv>()].JML accessible clause.0 
338274     DEBUG main            d.u.i.k.p.i.IntermediateProofReplayer Proof replay took 1.65ms 
338275     DEBUG main            d.u.i.k.p.r.p.TestFile    ... success: reloaded. 
338276     INFO  main            d.u.i.k.p.r.p.TestFile    Now processing file /home/runner/work/key/key/key.core/../key.ui/examples/heap/permissions/threads/Fib_inv2_accessible.key 
338276     INFO  main            d.u.i.k.p.i.AbstractProblemLoader Loading environment from /home/runner/work/key/key/key.core/../key.ui/examples/heap/permissions/threads/Fib_inv2_accessible.key 
338276     DEBUG main            d.u.i.k.p.i.AbstractProblemLoader Environment load took 48ns 
338277     INFO  main            d.u.i.k.p.i.AbstractProblemLoader Creating init config 
342630     DEBUG main            d.u.i.k.p.i.AbstractProblemLoader Init config took 4.35s 
342711     INFO  main            d.u.i.k.p.i.AbstractProblemLoader Replaying proof Fib[java.lang.Object::<inv>()].JML accessible clause.1 
342713     DEBUG main            d.u.i.k.p.i.IntermediateProofReplayer Proof replay took 7.6ns 
342814     INFO  main            d.u.i.k.p.r.p.TestFile    ... finished proof: closed. 
343193     INFO  main            d.u.i.k.p.i.AbstractProblemLoader Loading environment from /home/runner/work/key/key/key.core/../key.ui/examples/heap/permissions/threads/Fib_inv2_accessible.key.proof 
343193     DEBUG main            d.u.i.k.p.i.AbstractProblemLoader Environment load took 93.4ns 
343194     INFO  main            d.u.i.k.p.i.AbstractProblemLoader Creating init config 
347492     DEBUG main            d.u.i.k.p.i.AbstractProblemLoader Init config took 4.3s 
347573     INFO  main            d.u.i.k.p.i.AbstractProblemLoader Replaying proof Fib[java.lang.Object::<inv>()].JML accessible clause.1 
347576     DEBUG main            d.u.i.k.p.i.IntermediateProofReplayer Proof replay took 1.61ms 
347577     DEBUG main            d.u.i.k.p.r.p.TestFile    ... success: reloaded. 
347577     INFO  main            d.u.i.k.p.r.p.TestFile    Now processing file /home/runner/work/key/key/key.core/../key.ui/examples/heap/permissions/threads/Fib_joinTransfer_accessible.key 
347578     INFO  main            d.u.i.k.p.i.AbstractProblemLoader Loading environment from /home/runner/work/key/key/key.core/../key.ui/examples/heap/permissions/threads/Fib_joinTransfer_accessible.key 
347578     DEBUG main            d.u.i.k.p.i.AbstractProblemLoader Environment load took 48.9ns 
347578     INFO  main            d.u.i.k.p.i.AbstractProblemLoader Creating init config 
351923     DEBUG main            d.u.i.k.p.i.AbstractProblemLoader Init config took 4.34s 
352020     INFO  main            d.u.i.k.p.i.AbstractProblemLoader Replaying proof Fib[ThreadSpec::joinTransfer()].JML accessible clause.0 
352021     DEBUG main            d.u.i.k.p.i.IntermediateProofReplayer Proof replay took 8.2ns 
352223     INFO  main            d.u.i.k.p.r.p.TestFile    ... finished proof: closed. 
352607     INFO  main            d.u.i.k.p.i.AbstractProblemLoader Loading environment from /home/runner/work/key/key/key.core/../key.ui/examples/heap/permissions/threads/Fib_joinTransfer_accessible.key.proof 
352607     DEBUG main            d.u.i.k.p.i.AbstractProblemLoader Environment load took 93ns 
352608     INFO  main            d.u.i.k.p.i.AbstractProblemLoader Creating init config 
356894     DEBUG main            d.u.i.k.p.i.AbstractProblemLoader Init config took 4.29s 
356989     INFO  main            d.u.i.k.p.i.AbstractProblemLoader Replaying proof Fib[ThreadSpec::joinTransfer()].JML accessible clause.0 
357014     DEBUG main            d.u.i.k.p.i.IntermediateProofReplayer Proof replay took 22.68ms 
357015     DEBUG main            d.u.i.k.p.r.p.TestFile    ... success: reloaded. 
357016     INFO  main            d.u.i.k.p.r.p.TestFile    Now processing file /home/runner/work/key/key/key.core/../key.ui/examples/heap/permissions/threads/Fib_joinTransfer_contract.key 
357016     INFO  main            d.u.i.k.p.i.AbstractProblemLoader Loading environment from /home/runner/work/key/key/key.core/../key.ui/examples/heap/permissions/threads/Fib_joinTransfer_contract.key 
357016     DEBUG main            d.u.i.k.p.i.AbstractProblemLoader Environment load took 167.4ns 
357017     INFO  main            d.u.i.k.p.i.AbstractProblemLoader Creating init config 
361366     DEBUG main            d.u.i.k.p.i.AbstractProblemLoader Init config took 4.35s 
361448     INFO  main            d.u.i.k.p.i.AbstractProblemLoader Replaying proof Fib[ThreadSpec::joinTransfer()].JML model_behavior operation contract.0 
361449     DEBUG main            d.u.i.k.p.i.IntermediateProofReplayer Proof replay took 7.6ns 
361550     INFO  main            d.u.i.k.p.r.p.TestFile    ... finished proof: closed. 
361939     INFO  main            d.u.i.k.p.i.AbstractProblemLoader Loading environment from /home/runner/work/key/key/key.core/../key.ui/examples/heap/permissions/threads/Fib_joinTransfer_contract.key.proof 
361939     DEBUG main            d.u.i.k.p.i.AbstractProblemLoader Environment load took 108.9ns 
361940     INFO  main            d.u.i.k.p.i.AbstractProblemLoader Creating init config 
366226     DEBUG main            d.u.i.k.p.i.AbstractProblemLoader Init config took 4.29s 
366319     INFO  main            d.u.i.k.p.i.AbstractProblemLoader Replaying proof Fib[ThreadSpec::joinTransfer()].JML model_behavior operation contract.0 
366327     DEBUG main            d.u.i.k.p.i.IntermediateProofReplayer Proof replay took 6.42ms 
366327     DEBUG main            d.u.i.k.p.r.p.TestFile    ... success: reloaded. 
366328     INFO  main            d.u.i.k.p.r.p.TestFile    Now processing file /home/runner/work/key/key/key.core/../key.ui/examples/heap/permissions/threads/Fib_postJoin_accessible.key 
366329     INFO  main            d.u.i.k.p.i.AbstractProblemLoader Loading environment from /home/runner/work/key/key/key.core/../key.ui/examples/heap/permissions/threads/Fib_postJoin_accessible.key 
366329     DEBUG main            d.u.i.k.p.i.AbstractProblemLoader Environment load took 78.8ns 
366329     INFO  main            d.u.i.k.p.i.AbstractProblemLoader Creating init config 
370694     DEBUG main            d.u.i.k.p.i.AbstractProblemLoader Init config took 4.36s 
370775     INFO  main            d.u.i.k.p.i.AbstractProblemLoader Replaying proof Fib[ThreadSpec::postJoin(java.lang.Object)].JML accessible clause.0 
370777     DEBUG main            d.u.i.k.p.i.IntermediateProofReplayer Proof replay took 7.9ns 
370879     INFO  main            d.u.i.k.p.r.p.TestFile    ... finished proof: closed. 
371270     INFO  main            d.u.i.k.p.i.AbstractProblemLoader Loading environment from /home/runner/work/key/key/key.core/../key.ui/examples/heap/permissions/threads/Fib_postJoin_accessible.key.proof 
371270     DEBUG main            d.u.i.k.p.i.AbstractProblemLoader Environment load took 95.6ns 
371271     INFO  main            d.u.i.k.p.i.AbstractProblemLoader Creating init config 
375568     DEBUG main            d.u.i.k.p.i.AbstractProblemLoader Init config took 4.3s 
375649     INFO  main            d.u.i.k.p.i.AbstractProblemLoader Replaying proof Fib[ThreadSpec::postJoin(java.lang.Object)].JML accessible clause.0 
375655     DEBUG main            d.u.i.k.p.i.IntermediateProofReplayer Proof replay took 4.99ms 
375656     DEBUG main            d.u.i.k.p.r.p.TestFile    ... success: reloaded. 
375657     INFO  main            d.u.i.k.p.r.p.TestFile    Now processing file /home/runner/work/key/key/key.core/../key.ui/examples/heap/permissions/threads/Fib_preStart_accessible.key 
375657     INFO  main            d.u.i.k.p.i.AbstractProblemLoader Loading environment from /home/runner/work/key/key/key.core/../key.ui/examples/heap/permissions/threads/Fib_preStart_accessible.key 
375657     DEBUG main            d.u.i.k.p.i.AbstractProblemLoader Environment load took 66.2ns 
375658     INFO  main            d.u.i.k.p.i.AbstractProblemLoader Creating init config 
380015     DEBUG main            d.u.i.k.p.i.AbstractProblemLoader Init config took 4.36s 
380111     INFO  main            d.u.i.k.p.i.AbstractProblemLoader Replaying proof Fib[ThreadSpec::preStart(java.lang.Object)].JML accessible clause.0 
380113     DEBUG main            d.u.i.k.p.i.IntermediateProofReplayer Proof replay took 7.9ns 
380214     INFO  main            d.u.i.k.p.r.p.TestFile    ... finished proof: closed. 
380613     INFO  main            d.u.i.k.p.i.AbstractProblemLoader Loading environment from /home/runner/work/key/key/key.core/../key.ui/examples/heap/permissions/threads/Fib_preStart_accessible.key.proof 
380613     DEBUG main            d.u.i.k.p.i.AbstractProblemLoader Environment load took 92.2ns 
380614     INFO  main            d.u.i.k.p.i.AbstractProblemLoader Creating init config 
384917     DEBUG main            d.u.i.k.p.i.AbstractProblemLoader Init config took 4.3s 
384998     INFO  main            d.u.i.k.p.i.AbstractProblemLoader Replaying proof Fib[ThreadSpec::preStart(java.lang.Object)].JML accessible clause.0 
385004     DEBUG main            d.u.i.k.p.i.IntermediateProofReplayer Proof replay took 5.03ms 
385005     DEBUG main            d.u.i.k.p.r.p.TestFile    ... success: reloaded. 
385006     INFO  main            d.u.i.k.p.r.p.TestFile    Now processing file /home/runner/work/key/key/key.core/../key.ui/examples/heap/permissions/threads/Fib_startTransfer_accessible.key 
385006     INFO  main            d.u.i.k.p.i.AbstractProblemLoader Loading environment from /home/runner/work/key/key/key.core/../key.ui/examples/heap/permissions/threads/Fib_startTransfer_accessible.key 
385006     DEBUG main            d.u.i.k.p.i.AbstractProblemLoader Environment load took 78.9ns 
385007     INFO  main            d.u.i.k.p.i.AbstractProblemLoader Creating init config 
389373     DEBUG main            d.u.i.k.p.i.AbstractProblemLoader Init config took 4.37s 
389453     INFO  main            d.u.i.k.p.i.AbstractProblemLoader Replaying proof Fib[ThreadSpec::startTransfer()].JML accessible clause.0 
389455     DEBUG main            d.u.i.k.p.i.IntermediateProofReplayer Proof replay took 7.4ns 
389657     INFO  main            d.u.i.k.p.r.p.TestFile    ... finished proof: closed. 
390077     INFO  main            d.u.i.k.p.i.AbstractProblemLoader Loading environment from /home/runner/work/key/key/key.core/../key.ui/examples/heap/permissions/threads/Fib_startTransfer_accessible.key.proof 
390077     DEBUG main            d.u.i.k.p.i.AbstractProblemLoader Environment load took 96.2ns 
390078     INFO  main            d.u.i.k.p.i.AbstractProblemLoader Creating init config 
394354     DEBUG main            d.u.i.k.p.i.AbstractProblemLoader Init config took 4.28s 
394434     INFO  main            d.u.i.k.p.i.AbstractProblemLoader Replaying proof Fib[ThreadSpec::startTransfer()].JML accessible clause.0 
394473     DEBUG main            d.u.i.k.p.i.IntermediateProofReplayer Proof replay took 36.17ms 
394474     DEBUG main            d.u.i.k.p.r.p.TestFile    ... success: reloaded. 
394475     INFO  main            d.u.i.k.p.r.p.TestFile    Now processing file /home/runner/work/key/key/key.core/../key.ui/examples/heap/permissions/threads/Fib_startTransfer_contract.key 
394475     INFO  main            d.u.i.k.p.i.AbstractProblemLoader Loading environment from /home/runner/work/key/key/key.core/../key.ui/examples/heap/permissions/threads/Fib_startTransfer_contract.key 
394475     DEBUG main            d.u.i.k.p.i.AbstractProblemLoader Environment load took 74.7ns 
394476     INFO  main            d.u.i.k.p.i.AbstractProblemLoader Creating init config 
398843     DEBUG main            d.u.i.k.p.i.AbstractProblemLoader Init config took 4.37s 
398924     INFO  main            d.u.i.k.p.i.AbstractProblemLoader Replaying proof Fib[ThreadSpec::startTransfer()].JML model_behavior operation contract.0 
398926     DEBUG main            d.u.i.k.p.i.IntermediateProofReplayer Proof replay took 7ns 
399027     INFO  main            d.u.i.k.p.r.p.TestFile    ... finished proof: closed. 
399436     INFO  main            d.u.i.k.p.i.AbstractProblemLoader Loading environment from /home/runner/work/key/key/key.core/../key.ui/examples/heap/permissions/threads/Fib_startTransfer_contract.key.proof 
399436     DEBUG main            d.u.i.k.p.i.AbstractProblemLoader Environment load took 86.7ns 
399437     INFO  main            d.u.i.k.p.i.AbstractProblemLoader Creating init config 
403710     DEBUG main            d.u.i.k.p.i.AbstractProblemLoader Init config took 4.27s 
403790     INFO  main            d.u.i.k.p.i.AbstractProblemLoader Replaying proof Fib[ThreadSpec::startTransfer()].JML model_behavior operation contract.0 
403798     DEBUG main            d.u.i.k.p.i.IntermediateProofReplayer Proof replay took 6.35ms 
403799     DEBUG main            d.u.i.k.p.r.p.TestFile    ... success: reloaded. 
403800     INFO  main            d.u.i.k.p.r.p.TestFile    Now processing file /home/runner/work/key/key/key.core/../key.ui/examples/heap/permissions/threads/Fib_workingPermissions_accessible.key 
403800     INFO  main            d.u.i.k.p.i.AbstractProblemLoader Loading environment from /home/runner/work/key/key/key.core/../key.ui/examples/heap/permissions/threads/Fib_workingPermissions_accessible.key 
403800     DEBUG main            d.u.i.k.p.i.AbstractProblemLoader Environment load took 45.8ns 
403801     INFO  main            d.u.i.k.p.i.AbstractProblemLoader Creating init config 
408164     DEBUG main            d.u.i.k.p.i.AbstractProblemLoader Init config took 4.36s 
408259     INFO  main            d.u.i.k.p.i.AbstractProblemLoader Replaying proof Fib[ThreadSpec::workingPermissions()].JML accessible clause.0 
408260     DEBUG main            d.u.i.k.p.i.IntermediateProofReplayer Proof replay took 8.5ns 
408362     INFO  main            d.u.i.k.p.r.p.TestFile    ... finished proof: closed. 
408775     INFO  main            d.u.i.k.p.i.AbstractProblemLoader Loading environment from /home/runner/work/key/key/key.core/../key.ui/examples/heap/permissions/threads/Fib_workingPermissions_accessible.key.proof 
408775     DEBUG main            d.u.i.k.p.i.AbstractProblemLoader Environment load took 121.7ns 
408776     INFO  main            d.u.i.k.p.i.AbstractProblemLoader Creating init config 
413054     DEBUG main            d.u.i.k.p.i.AbstractProblemLoader Init config took 4.28s 
413138     INFO  main            d.u.i.k.p.i.AbstractProblemLoader Replaying proof Fib[ThreadSpec::workingPermissions()].JML accessible clause.0 
413141     DEBUG main            d.u.i.k.p.i.IntermediateProofReplayer Proof replay took 2.21ms 
413142     DEBUG main            d.u.i.k.p.r.p.TestFile    ... success: reloaded. 
413143     INFO  main            d.u.i.k.p.r.p.TestFile    Now processing file /home/runner/work/key/key/key.core/../key.ui/examples/heap/permissions/threads/Plotter_initPost_accessible.key 
413143     INFO  main            d.u.i.k.p.i.AbstractProblemLoader Loading environment from /home/runner/work/key/key/key.core/../key.ui/examples/heap/permissions/threads/Plotter_initPost_accessible.key 
413143     DEBUG main            d.u.i.k.p.i.AbstractProblemLoader Environment load took 43.4ns 
413144     INFO  main            d.u.i.k.p.i.AbstractProblemLoader Creating init config 
417529     DEBUG main            d.u.i.k.p.i.AbstractProblemLoader Init config took 4.38s 
417609     INFO  main            d.u.i.k.p.i.AbstractProblemLoader Replaying proof Plotter[ThreadSpec2::initPost()].JML accessible clause.0 
417610     DEBUG main            d.u.i.k.p.i.IntermediateProofReplayer Proof replay took 7.5ns 
417712     INFO  main            d.u.i.k.p.r.p.TestFile    ... finished proof: closed. 
418140     INFO  main            d.u.i.k.p.i.AbstractProblemLoader Loading environment from /home/runner/work/key/key/key.core/../key.ui/examples/heap/permissions/threads/Plotter_initPost_accessible.key.proof 
418140     DEBUG main            d.u.i.k.p.i.AbstractProblemLoader Environment load took 86.5ns 
418141     INFO  main            d.u.i.k.p.i.AbstractProblemLoader Creating init config 
422415     DEBUG main            d.u.i.k.p.i.AbstractProblemLoader Init config took 4.27s 
422508     INFO  main            d.u.i.k.p.i.AbstractProblemLoader Replaying proof Plotter[ThreadSpec2::initPost()].JML accessible clause.0 
422525     DEBUG main            d.u.i.k.p.i.IntermediateProofReplayer Proof replay took 13.63ms 
422526     DEBUG main            d.u.i.k.p.r.p.TestFile    ... success: reloaded. 
422527     INFO  main            d.u.i.k.p.r.p.TestFile    Now processing file /home/runner/work/key/key/key.core/../key.ui/examples/heap/permissions/threads/Plotter_inv_accessible1.key 
422527     INFO  main            d.u.i.k.p.i.AbstractProblemLoader Loading environment from /home/runner/work/key/key/key.core/../key.ui/examples/heap/permissions/threads/Plotter_inv_accessible1.key 
422527     DEBUG main            d.u.i.k.p.i.AbstractProblemLoader Environment load took 42.8ns 
422528     INFO  main            d.u.i.k.p.i.AbstractProblemLoader Creating init config 
426868     DEBUG main            d.u.i.k.p.i.AbstractProblemLoader Init config took 4.34s 
426948     INFO  main            d.u.i.k.p.i.AbstractProblemLoader Replaying proof Plotter[java.lang.Object::<inv>()].JML accessible clause.0 
426949     DEBUG main            d.u.i.k.p.i.IntermediateProofReplayer Proof replay took 7ns 
427051     INFO  main            d.u.i.k.p.r.p.TestFile    ... finished proof: closed. 
427479     INFO  main            d.u.i.k.p.i.AbstractProblemLoader Loading environment from /home/runner/work/key/key/key.core/../key.ui/examples/heap/permissions/threads/Plotter_inv_accessible1.key.proof 
427479     DEBUG main            d.u.i.k.p.i.AbstractProblemLoader Environment load took 84.8ns 
427480     INFO  main            d.u.i.k.p.i.AbstractProblemLoader Creating init config 
431755     DEBUG main            d.u.i.k.p.i.AbstractProblemLoader Init config took 4.27s 
431835     INFO  main            d.u.i.k.p.i.AbstractProblemLoader Replaying proof Plotter[java.lang.Object::<inv>()].JML accessible clause.0 
431837     DEBUG main            d.u.i.k.p.i.IntermediateProofReplayer Proof replay took 1.56ms 
431839     DEBUG main            d.u.i.k.p.r.p.TestFile    ... success: reloaded. 
431839     INFO  main            d.u.i.k.p.r.p.TestFile    Now processing file /home/runner/work/key/key/key.core/../key.ui/examples/heap/permissions/threads/Plotter_inv_accessible2.key 
431840     INFO  main            d.u.i.k.p.i.AbstractProblemLoader Loading environment from /home/runner/work/key/key/key.core/../key.ui/examples/heap/permissions/threads/Plotter_inv_accessible2.key 
431840     DEBUG main            d.u.i.k.p.i.AbstractProblemLoader Environment load took 41ns 
431840     INFO  main            d.u.i.k.p.i.AbstractProblemLoader Creating init config 
436178     DEBUG main            d.u.i.k.p.i.AbstractProblemLoader Init config took 4.34s 
436273     INFO  main            d.u.i.k.p.i.AbstractProblemLoader Replaying proof Plotter[java.lang.Object::<inv>()].JML accessible clause.1 
436276     DEBUG main            d.u.i.k.p.i.IntermediateProofReplayer Proof replay took 6.7ns 
436378     INFO  main            d.u.i.k.p.r.p.TestFile    ... finished proof: closed. 
436806     INFO  main            d.u.i.k.p.i.AbstractProblemLoader Loading environment from /home/runner/work/key/key/key.core/../key.ui/examples/heap/permissions/threads/Plotter_inv_accessible2.key.proof 
436806     DEBUG main            d.u.i.k.p.i.AbstractProblemLoader Environment load took 82ns 
436807     INFO  main            d.u.i.k.p.i.AbstractProblemLoader Creating init config 
441086     DEBUG main            d.u.i.k.p.i.AbstractProblemLoader Init config took 4.28s 
441168     INFO  main            d.u.i.k.p.i.AbstractProblemLoader Replaying proof Plotter[java.lang.Object::<inv>()].JML accessible clause.1 
441171     DEBUG main            d.u.i.k.p.i.IntermediateProofReplayer Proof replay took 1.62ms 
441172     DEBUG main            d.u.i.k.p.r.p.TestFile    ... success: reloaded. 
441172     INFO  main            d.u.i.k.p.r.p.TestFile    Now processing file /home/runner/work/key/key/key.core/../key.ui/examples/heap/permissions/threads/Plotter_joinTransfer_contract.key 
441173     INFO  main            d.u.i.k.p.i.AbstractProblemLoader Loading environment from /home/runner/work/key/key/key.core/../key.ui/examples/heap/permissions/threads/Plotter_joinTransfer_contract.key 
441173     DEBUG main            d.u.i.k.p.i.AbstractProblemLoader Environment load took 70ns 
441173     INFO  main            d.u.i.k.p.i.AbstractProblemLoader Creating init config 
445522     DEBUG main            d.u.i.k.p.i.AbstractProblemLoader Init config took 4.35s 
445604     INFO  main            d.u.i.k.p.i.AbstractProblemLoader Replaying proof Plotter[ThreadSpec2::joinTransfer()].JML model_behavior operation contract.0 
445605     DEBUG main            d.u.i.k.p.i.IntermediateProofReplayer Proof replay took 7ns 
445707     INFO  main            d.u.i.k.p.r.p.TestFile    ... finished proof: closed. 
446148     INFO  main            d.u.i.k.p.i.AbstractProblemLoader Loading environment from /home/runner/work/key/key/key.core/../key.ui/examples/heap/permissions/threads/Plotter_joinTransfer_contract.key.proof 
446148     DEBUG main            d.u.i.k.p.i.AbstractProblemLoader Environment load took 80.1ns 
446148     INFO  main            d.u.i.k.p.i.AbstractProblemLoader Creating init config 
450421     DEBUG main            d.u.i.k.p.i.AbstractProblemLoader Init config took 4.27s 
450503     INFO  main            d.u.i.k.p.i.AbstractProblemLoader Replaying proof Plotter[ThreadSpec2::joinTransfer()].JML model_behavior operation contract.0 
450511     DEBUG main            d.u.i.k.p.i.IntermediateProofReplayer Proof replay took 7.12ms 
450512     DEBUG main            d.u.i.k.p.r.p.TestFile    ... success: reloaded. 
450513     INFO  main            d.u.i.k.p.r.p.TestFile    Now processing file /home/runner/work/key/key/key.core/../key.ui/examples/heap/permissions/threads/Plotter_Plotter.key 
450513     INFO  main            d.u.i.k.p.i.AbstractProblemLoader Loading environment from /home/runner/work/key/key/key.core/../key.ui/examples/heap/permissions/threads/Plotter_Plotter.key 
450513     DEBUG main            d.u.i.k.p.i.AbstractProblemLoader Environment load took 46.4ns 
450513     INFO  main            d.u.i.k.p.i.AbstractProblemLoader Creating init config 
454871     DEBUG main            d.u.i.k.p.i.AbstractProblemLoader Init config took 4.36s 
454953     INFO  main            d.u.i.k.p.i.AbstractProblemLoader Replaying proof Plotter[Plotter::Plotter(AFilter,BFilter,Buffer)].JML normal_behavior operation contract.0 
454954     DEBUG main            d.u.i.k.p.i.IntermediateProofReplayer Proof replay took 7.9ns 
456961     INFO  main            d.u.i.k.p.r.p.TestFile    ... finished proof: closed. 
457421     INFO  main            d.u.i.k.p.i.AbstractProblemLoader Loading environment from /home/runner/work/key/key/key.core/../key.ui/examples/heap/permissions/threads/Plotter_Plotter.key.proof 
457421     DEBUG main            d.u.i.k.p.i.AbstractProblemLoader Environment load took 317ns 
457422     INFO  main            d.u.i.k.p.i.AbstractProblemLoader Creating init config 
461751     DEBUG main            d.u.i.k.p.i.AbstractProblemLoader Init config took 4.33s 
461832     INFO  main            d.u.i.k.p.i.AbstractProblemLoader Replaying proof Plotter[Plotter::Plotter(AFilter,BFilter,Buffer)].JML normal_behavior operation contract.0 
462068     DEBUG main            d.u.i.k.p.i.IntermediateProofReplayer Proof replay took 231.03ms 
462069     DEBUG main            d.u.i.k.p.r.p.TestFile    ... success: reloaded. 
462070     INFO  main            d.u.i.k.p.r.p.TestFile    Now processing file /home/runner/work/key/key/key.core/../key.ui/examples/heap/permissions/threads/Plotter_postJoin_accessible.key 
462070     INFO  main            d.u.i.k.p.i.AbstractProblemLoader Loading environment from /home/runner/work/key/key/key.core/../key.ui/examples/heap/permissions/threads/Plotter_postJoin_accessible.key 
462070     DEBUG main            d.u.i.k.p.i.AbstractProblemLoader Environment load took 43.9ns 
462071     INFO  main            d.u.i.k.p.i.AbstractProblemLoader Creating init config 
466408     DEBUG main            d.u.i.k.p.i.AbstractProblemLoader Init config took 4.34s 
466489     INFO  main            d.u.i.k.p.i.AbstractProblemLoader Replaying proof Plotter[ThreadSpec2::postJoin(java.lang.Object)].JML accessible clause.0 
466490     DEBUG main            d.u.i.k.p.i.IntermediateProofReplayer Proof replay took 8.1ns 
466592     INFO  main            d.u.i.k.p.r.p.TestFile    ... finished proof: closed. 
467051     INFO  main            d.u.i.k.p.i.AbstractProblemLoader Loading environment from /home/runner/work/key/key/key.core/../key.ui/examples/heap/permissions/threads/Plotter_postJoin_accessible.key.proof 
467051     DEBUG main            d.u.i.k.p.i.AbstractProblemLoader Environment load took 84.1ns 
467052     INFO  main            d.u.i.k.p.i.AbstractProblemLoader Creating init config 
471295     DEBUG main            d.u.i.k.p.i.AbstractProblemLoader Init config took 4.24s 
471375     INFO  main            d.u.i.k.p.i.AbstractProblemLoader Replaying proof Plotter[ThreadSpec2::postJoin(java.lang.Object)].JML accessible clause.0 
471389     DEBUG main            d.u.i.k.p.i.IntermediateProofReplayer Proof replay took 11.42ms 
471390     DEBUG main            d.u.i.k.p.r.p.TestFile    ... success: reloaded. 
471391     INFO  main            d.u.i.k.p.r.p.TestFile    Now processing file /home/runner/work/key/key/key.core/../key.ui/examples/heap/permissions/threads/Plotter_preStart_accessible.key 
471391     INFO  main            d.u.i.k.p.i.AbstractProblemLoader Loading environment from /home/runner/work/key/key/key.core/../key.ui/examples/heap/permissions/threads/Plotter_preStart_accessible.key 
471391     DEBUG main            d.u.i.k.p.i.AbstractProblemLoader Environment load took 61ns 
471392     INFO  main            d.u.i.k.p.i.AbstractProblemLoader Creating init config 
475702     DEBUG main            d.u.i.k.p.i.AbstractProblemLoader Init config took 4.31s 
475781     INFO  main            d.u.i.k.p.i.AbstractProblemLoader Replaying proof Plotter[ThreadSpec2::preStart(java.lang.Object)].JML accessible clause.0 
475783     DEBUG main            d.u.i.k.p.i.IntermediateProofReplayer Proof replay took 7.1ns 
476786     INFO  main            d.u.i.k.p.r.p.TestFile    ... finished proof: closed. 
477256     INFO  main            d.u.i.k.p.i.AbstractProblemLoader Loading environment from /home/runner/work/key/key/key.core/../key.ui/examples/heap/permissions/threads/Plotter_preStart_accessible.key.proof 
477256     DEBUG main            d.u.i.k.p.i.AbstractProblemLoader Environment load took 87.4ns 
477257     INFO  main            d.u.i.k.p.i.AbstractProblemLoader Creating init config 
481495     DEBUG main            d.u.i.k.p.i.AbstractProblemLoader Init config took 4.24s 
481578     INFO  main            d.u.i.k.p.i.AbstractProblemLoader Replaying proof Plotter[ThreadSpec2::preStart(java.lang.Object)].JML accessible clause.0 
481656     DEBUG main            d.u.i.k.p.i.IntermediateProofReplayer Proof replay took 75.72ms 
481657     DEBUG main            d.u.i.k.p.r.p.TestFile    ... success: reloaded. 
481658     INFO  main            d.u.i.k.p.r.p.TestFile    Now processing file /home/runner/work/key/key/key.core/../key.ui/examples/heap/permissions/threads/Plotter_stateInv_accessible.key 
481658     INFO  main            d.u.i.k.p.i.AbstractProblemLoader Loading environment from /home/runner/work/key/key/key.core/../key.ui/examples/heap/permissions/threads/Plotter_stateInv_accessible.key 
481658     DEBUG main            d.u.i.k.p.i.AbstractProblemLoader Environment load took 43.4ns 
481659     INFO  main            d.u.i.k.p.i.AbstractProblemLoader Creating init config 
485970     DEBUG main            d.u.i.k.p.i.AbstractProblemLoader Init config took 4.31s 
486071     INFO  main            d.u.i.k.p.i.AbstractProblemLoader Replaying proof Plotter[ThreadSpec2::stateInv()].JML accessible clause.0 
486072     DEBUG main            d.u.i.k.p.i.IntermediateProofReplayer Proof replay took 7.1ns 
493694     INFO  main            d.u.i.k.p.r.p.TestFile    ... finished proof: closed. 
494198     INFO  main            d.u.i.k.p.i.AbstractProblemLoader Loading environment from /home/runner/work/key/key/key.core/../key.ui/examples/heap/permissions/threads/Plotter_stateInv_accessible.key.proof 
494198     DEBUG main            d.u.i.k.p.i.AbstractProblemLoader Environment load took 88.2ns 
494200     INFO  main            d.u.i.k.p.i.AbstractProblemLoader Creating init config 
498435     DEBUG main            d.u.i.k.p.i.AbstractProblemLoader Init config took 4.24s 
498515     INFO  main            d.u.i.k.p.i.AbstractProblemLoader Replaying proof Plotter[ThreadSpec2::stateInv()].JML accessible clause.0 
499129     DEBUG main            d.u.i.k.p.i.IntermediateProofReplayer Proof replay took 599.64ms 
499131     DEBUG main            d.u.i.k.p.r.p.TestFile    ... success: reloaded. 
499132     INFO  main            d.u.i.k.p.r.p.TestFile    Now processing file /home/runner/work/key/key/key.core/../key.ui/examples/heap/permissions/threads/Plotter_staticPermissions_accessible.key 
499132     INFO  main            d.u.i.k.p.i.AbstractProblemLoader Loading environment from /home/runner/work/key/key/key.core/../key.ui/examples/heap/permissions/threads/Plotter_staticPermissions_accessible.key 
499132     DEBUG main            d.u.i.k.p.i.AbstractProblemLoader Environment load took 83.7ns 
499133     INFO  main            d.u.i.k.p.i.AbstractProblemLoader Creating init config 
503495     DEBUG main            d.u.i.k.p.i.AbstractProblemLoader Init config took 4.36s 
503575     INFO  main            d.u.i.k.p.i.AbstractProblemLoader Replaying proof Plotter[ThreadSpec2::staticPermissions()].JML accessible clause.0 
503577     DEBUG main            d.u.i.k.p.i.IntermediateProofReplayer Proof replay took 41.3ns 
504280     INFO  main            d.u.i.k.p.r.p.TestFile    ... finished proof: closed. 
504775     INFO  main            d.u.i.k.p.i.AbstractProblemLoader Loading environment from /home/runner/work/key/key/key.core/../key.ui/examples/heap/permissions/threads/Plotter_staticPermissions_accessible.key.proof 
504775     DEBUG main            d.u.i.k.p.i.AbstractProblemLoader Environment load took 83.5ns 
504776     INFO  main            d.u.i.k.p.i.AbstractProblemLoader Creating init config 
509028     DEBUG main            d.u.i.k.p.i.AbstractProblemLoader Init config took 4.25s 
509109     INFO  main            d.u.i.k.p.i.AbstractProblemLoader Replaying proof Plotter[ThreadSpec2::staticPermissions()].JML accessible clause.0 
509169     DEBUG main            d.u.i.k.p.i.IntermediateProofReplayer Proof replay took 56.84ms 
509170     DEBUG main            d.u.i.k.p.r.p.TestFile    ... success: reloaded. 
509171     INFO  main            d.u.i.k.p.r.p.TestFile    Now processing file /home/runner/work/key/key/key.core/../key.ui/examples/heap/permissions/threads/Plotter_workingPermissions_accessible.key 
509171     INFO  main            d.u.i.k.p.i.AbstractProblemLoader Loading environment from /home/runner/work/key/key/key.core/../key.ui/examples/heap/permissions/threads/Plotter_workingPermissions_accessible.key 
509171     DEBUG main            d.u.i.k.p.i.AbstractProblemLoader Environment load took 63.4ns 
509172     INFO  main            d.u.i.k.p.i.AbstractProblemLoader Creating init config 
513507     DEBUG main            d.u.i.k.p.i.AbstractProblemLoader Init config took 4.34s 
513595     INFO  main            d.u.i.k.p.i.AbstractProblemLoader Replaying proof Plotter[ThreadSpec2::workingPermissions()].JML accessible clause.0 
513596     DEBUG main            d.u.i.k.p.i.IntermediateProofReplayer Proof replay took 3.2ns 
513798     INFO  main            d.u.i.k.p.r.p.TestFile    ... finished proof: closed. 
514287     INFO  main            d.u.i.k.p.i.AbstractProblemLoader Loading environment from /home/runner/work/key/key/key.core/../key.ui/examples/heap/permissions/threads/Plotter_workingPermissions_accessible.key.proof 
514287     DEBUG main            d.u.i.k.p.i.AbstractProblemLoader Environment load took 79.1ns 
514288     INFO  main            d.u.i.k.p.i.AbstractProblemLoader Creating init config 
518546     DEBUG main            d.u.i.k.p.i.AbstractProblemLoader Init config took 4.26s 
518628     INFO  main            d.u.i.k.p.i.AbstractProblemLoader Replaying proof Plotter[ThreadSpec2::workingPermissions()].JML accessible clause.0 
518644     DEBUG main            d.u.i.k.p.i.IntermediateProofReplayer Proof replay took 14.65ms 
518645     DEBUG main            d.u.i.k.p.r.p.TestFile    ... success: reloaded. 
518645     INFO  main            d.u.i.k.p.r.p.TestFile    Now processing file /home/runner/work/key/key/key.core/../key.ui/examples/heap/permissions/threads/Sampler_initPost_accessible.key 
518646     INFO  main            d.u.i.k.p.i.AbstractProblemLoader Loading environment from /home/runner/work/key/key/key.core/../key.ui/examples/heap/permissions/threads/Sampler_initPost_accessible.key 
518646     DEBUG main            d.u.i.k.p.i.AbstractProblemLoader Environment load took 118ns 
518646     INFO  main            d.u.i.k.p.i.AbstractProblemLoader Creating init config 
522975     DEBUG main            d.u.i.k.p.i.AbstractProblemLoader Init config took 4.33s 
523055     INFO  main            d.u.i.k.p.i.AbstractProblemLoader Replaying proof Sampler[ThreadSpec2::initPost()].JML accessible clause.0 
523057     DEBUG main            d.u.i.k.p.i.IntermediateProofReplayer Proof replay took 3.2ns 
523158     INFO  main            d.u.i.k.p.r.p.TestFile    ... finished proof: closed. 
523646     INFO  main            d.u.i.k.p.i.AbstractProblemLoader Loading environment from /home/runner/work/key/key/key.core/../key.ui/examples/heap/permissions/threads/Sampler_initPost_accessible.key.proof 
523646     DEBUG main            d.u.i.k.p.i.AbstractProblemLoader Environment load took 75.9ns 
523647     INFO  main            d.u.i.k.p.i.AbstractProblemLoader Creating init config 
527890     DEBUG main            d.u.i.k.p.i.AbstractProblemLoader Init config took 4.24s 
527970     INFO  main            d.u.i.k.p.i.AbstractProblemLoader Replaying proof Sampler[ThreadSpec2::initPost()].JML accessible clause.0 
527977     DEBUG main            d.u.i.k.p.i.IntermediateProofReplayer Proof replay took 5.35ms 
527978     DEBUG main            d.u.i.k.p.r.p.TestFile    ... success: reloaded. 
527978     INFO  main            d.u.i.k.p.r.p.TestFile    Now processing file /home/runner/work/key/key/key.core/../key.ui/examples/heap/permissions/threads/Sampler_inv_accessible1.key 
527978     INFO  main            d.u.i.k.p.i.AbstractProblemLoader Loading environment from /home/runner/work/key/key/key.core/../key.ui/examples/heap/permissions/threads/Sampler_inv_accessible1.key 
527979     DEBUG main            d.u.i.k.p.i.AbstractProblemLoader Environment load took 41.8ns 
527979     INFO  main            d.u.i.k.p.i.AbstractProblemLoader Creating init config 
532306     DEBUG main            d.u.i.k.p.i.AbstractProblemLoader Init config took 4.33s 
532386     INFO  main            d.u.i.k.p.i.AbstractProblemLoader Replaying proof Sampler[java.lang.Object::<inv>()].JML accessible clause.0 
532387     DEBUG main            d.u.i.k.p.i.IntermediateProofReplayer Proof replay took 3ns 
532488     INFO  main            d.u.i.k.p.r.p.TestFile    ... finished proof: closed. 
532979     INFO  main            d.u.i.k.p.i.AbstractProblemLoader Loading environment from /home/runner/work/key/key/key.core/../key.ui/examples/heap/permissions/threads/Sampler_inv_accessible1.key.proof 
532979     DEBUG main            d.u.i.k.p.i.AbstractProblemLoader Environment load took 73.2ns 
532980     INFO  main            d.u.i.k.p.i.AbstractProblemLoader Creating init config 
537231     DEBUG main            d.u.i.k.p.i.AbstractProblemLoader Init config took 4.25s 
537311     INFO  main            d.u.i.k.p.i.AbstractProblemLoader Replaying proof Sampler[java.lang.Object::<inv>()].JML accessible clause.0 
537313     DEBUG main            d.u.i.k.p.i.IntermediateProofReplayer Proof replay took 1.51ms 
537314     DEBUG main            d.u.i.k.p.r.p.TestFile    ... success: reloaded. 
537315     INFO  main            d.u.i.k.p.r.p.TestFile    Now processing file /home/runner/work/key/key/key.core/../key.ui/examples/heap/permissions/threads/Sampler_inv_accessible2.key 
537315     INFO  main            d.u.i.k.p.i.AbstractProblemLoader Loading environment from /home/runner/work/key/key/key.core/../key.ui/examples/heap/permissions/threads/Sampler_inv_accessible2.key 
537315     DEBUG main            d.u.i.k.p.i.AbstractProblemLoader Environment load took 39.1ns 
537316     INFO  main            d.u.i.k.p.i.AbstractProblemLoader Creating init config 
541648     DEBUG main            d.u.i.k.p.i.AbstractProblemLoader Init config took 4.33s 
541728     INFO  main            d.u.i.k.p.i.AbstractProblemLoader Replaying proof Sampler[java.lang.Object::<inv>()].JML accessible clause.1 
541730     DEBUG main            d.u.i.k.p.i.IntermediateProofReplayer Proof replay took 2.4ns 
541831     INFO  main            d.u.i.k.p.r.p.TestFile    ... finished proof: closed. 
542328     INFO  main            d.u.i.k.p.i.AbstractProblemLoader Loading environment from /home/runner/work/key/key/key.core/../key.ui/examples/heap/permissions/threads/Sampler_inv_accessible2.key.proof 
542328     DEBUG main            d.u.i.k.p.i.AbstractProblemLoader Environment load took 76ns 
542329     INFO  main            d.u.i.k.p.i.AbstractProblemLoader Creating init config 
546576     DEBUG main            d.u.i.k.p.i.AbstractProblemLoader Init config took 4.25s 
546656     INFO  main            d.u.i.k.p.i.AbstractProblemLoader Replaying proof Sampler[java.lang.Object::<inv>()].JML accessible clause.1 
546658     DEBUG main            d.u.i.k.p.i.IntermediateProofReplayer Proof replay took 1.56ms 
546659     DEBUG main            d.u.i.k.p.r.p.TestFile    ... success: reloaded. 
546660     INFO  main            d.u.i.k.p.r.p.TestFile    Now processing file /home/runner/work/key/key/key.core/../key.ui/examples/heap/permissions/threads/Sampler_joinTransfer_accessible.key 
546660     INFO  main            d.u.i.k.p.i.AbstractProblemLoader Loading environment from /home/runner/work/key/key/key.core/../key.ui/examples/heap/permissions/threads/Sampler_joinTransfer_accessible.key 
546660     DEBUG main            d.u.i.k.p.i.AbstractProblemLoader Environment load took 52.7ns 
546661     INFO  main            d.u.i.k.p.i.AbstractProblemLoader Creating init config 
550984     DEBUG main            d.u.i.k.p.i.AbstractProblemLoader Init config took 4.32s 
551064     INFO  main            d.u.i.k.p.i.AbstractProblemLoader Replaying proof Sampler[ThreadSpec2::joinTransfer()].JML accessible clause.0 
551065     DEBUG main            d.u.i.k.p.i.IntermediateProofReplayer Proof replay took 2.3ns 
554499     INFO  main            d.u.i.k.p.r.p.TestFile    ... finished proof: closed. 
555010     INFO  main            d.u.i.k.p.i.AbstractProblemLoader Loading environment from /home/runner/work/key/key/key.core/../key.ui/examples/heap/permissions/threads/Sampler_joinTransfer_accessible.key.proof 
555011     DEBUG main            d.u.i.k.p.i.AbstractProblemLoader Environment load took 312.2ns 
555012     INFO  main            d.u.i.k.p.i.AbstractProblemLoader Creating init config 
559265     DEBUG main            d.u.i.k.p.i.AbstractProblemLoader Init config took 4.25s 
559356     INFO  main            d.u.i.k.p.i.AbstractProblemLoader Replaying proof Sampler[ThreadSpec2::joinTransfer()].JML accessible clause.0 
559946     DEBUG main            d.u.i.k.p.i.IntermediateProofReplayer Proof replay took 580.19ms 
559948     DEBUG main            d.u.i.k.p.r.p.TestFile    ... success: reloaded. 
559949     INFO  main            d.u.i.k.p.r.p.TestFile    Now processing file /home/runner/work/key/key/key.core/../key.ui/examples/heap/permissions/threads/Sampler_joinTransfer_contract.key 
559949     INFO  main            d.u.i.k.p.i.AbstractProblemLoader Loading environment from /home/runner/work/key/key/key.core/../key.ui/examples/heap/permissions/threads/Sampler_joinTransfer_contract.key 
559949     DEBUG main            d.u.i.k.p.i.AbstractProblemLoader Environment load took 72.6ns 
559950     INFO  main            d.u.i.k.p.i.AbstractProblemLoader Creating init config 
564283     DEBUG main            d.u.i.k.p.i.AbstractProblemLoader Init config took 4.33s 
564381     INFO  main            d.u.i.k.p.i.AbstractProblemLoader Replaying proof Sampler[ThreadSpec2::joinTransfer()].JML model_behavior operation contract.0 
564382     DEBUG main            d.u.i.k.p.i.IntermediateProofReplayer Proof replay took 3.4ns 
564484     INFO  main            d.u.i.k.p.r.p.TestFile    ... finished proof: closed. 
564999     INFO  main            d.u.i.k.p.i.AbstractProblemLoader Loading environment from /home/runner/work/key/key/key.core/../key.ui/examples/heap/permissions/threads/Sampler_joinTransfer_contract.key.proof 
564999     DEBUG main            d.u.i.k.p.i.AbstractProblemLoader Environment load took 72.6ns 
565000     INFO  main            d.u.i.k.p.i.AbstractProblemLoader Creating init config 
569260     DEBUG main            d.u.i.k.p.i.AbstractProblemLoader Init config took 4.26s 
569354     INFO  main            d.u.i.k.p.i.AbstractProblemLoader Replaying proof Sampler[ThreadSpec2::joinTransfer()].JML model_behavior operation contract.0 
569361     DEBUG main            d.u.i.k.p.i.IntermediateProofReplayer Proof replay took 6.56ms 
569362     DEBUG main            d.u.i.k.p.r.p.TestFile    ... success: reloaded. 
569363     INFO  main            d.u.i.k.p.r.p.TestFile    Now processing file /home/runner/work/key/key/key.core/../key.ui/examples/heap/permissions/threads/Sampler_postJoin_accessible.key 
569363     INFO  main            d.u.i.k.p.i.AbstractProblemLoader Loading environment from /home/runner/work/key/key/key.core/../key.ui/examples/heap/permissions/threads/Sampler_postJoin_accessible.key 
569363     DEBUG main            d.u.i.k.p.i.AbstractProblemLoader Environment load took 39.4ns 
569364     INFO  main            d.u.i.k.p.i.AbstractProblemLoader Creating init config 
573691     DEBUG main            d.u.i.k.p.i.AbstractProblemLoader Init config took 4.33s 
573771     INFO  main            d.u.i.k.p.i.AbstractProblemLoader Replaying proof Sampler[ThreadSpec2::postJoin(java.lang.Object)].JML accessible clause.0 
573772     DEBUG main            d.u.i.k.p.i.IntermediateProofReplayer Proof replay took 2.4ns 
573874     INFO  main            d.u.i.k.p.r.p.TestFile    ... finished proof: closed. 
574390     INFO  main            d.u.i.k.p.i.AbstractProblemLoader Loading environment from /home/runner/work/key/key/key.core/../key.ui/examples/heap/permissions/threads/Sampler_postJoin_accessible.key.proof 
574390     DEBUG main            d.u.i.k.p.i.AbstractProblemLoader Environment load took 72.4ns 
574391     INFO  main            d.u.i.k.p.i.AbstractProblemLoader Creating init config 
578639     DEBUG main            d.u.i.k.p.i.AbstractProblemLoader Init config took 4.25s 
578730     INFO  main            d.u.i.k.p.i.AbstractProblemLoader Replaying proof Sampler[ThreadSpec2::postJoin(java.lang.Object)].JML accessible clause.0 
578740     DEBUG main            d.u.i.k.p.i.IntermediateProofReplayer Proof replay took 8.17ms 
578741     DEBUG main            d.u.i.k.p.r.p.TestFile    ... success: reloaded. 
578742     INFO  main            d.u.i.k.p.r.p.TestFile    Now processing file /home/runner/work/key/key/key.core/../key.ui/examples/heap/permissions/threads/Sampler_preStart_accessible.key 
578742     INFO  main            d.u.i.k.p.i.AbstractProblemLoader Loading environment from /home/runner/work/key/key/key.core/../key.ui/examples/heap/permissions/threads/Sampler_preStart_accessible.key 
578742     DEBUG main            d.u.i.k.p.i.AbstractProblemLoader Environment load took 138.6ns 
578743     INFO  main            d.u.i.k.p.i.AbstractProblemLoader Creating init config 
583055     DEBUG main            d.u.i.k.p.i.AbstractProblemLoader Init config took 4.31s 
583134     INFO  main            d.u.i.k.p.i.AbstractProblemLoader Replaying proof Sampler[ThreadSpec2::preStart(java.lang.Object)].JML accessible clause.0 
583136     DEBUG main            d.u.i.k.p.i.IntermediateProofReplayer Proof replay took 2.2ns 
583237     INFO  main            d.u.i.k.p.r.p.TestFile    ... finished proof: closed. 
583777     INFO  main            d.u.i.k.p.i.AbstractProblemLoader Loading environment from /home/runner/work/key/key/key.core/../key.ui/examples/heap/permissions/threads/Sampler_preStart_accessible.key.proof 
583778     DEBUG main            d.u.i.k.p.i.AbstractProblemLoader Environment load took 308ns 
583779     INFO  main            d.u.i.k.p.i.AbstractProblemLoader Creating init config 
588022     DEBUG main            d.u.i.k.p.i.AbstractProblemLoader Init config took 4.24s 
588102     INFO  main            d.u.i.k.p.i.AbstractProblemLoader Replaying proof Sampler[ThreadSpec2::preStart(java.lang.Object)].JML accessible clause.0 
588111     DEBUG main            d.u.i.k.p.i.IntermediateProofReplayer Proof replay took 8.08ms 
588112     DEBUG main            d.u.i.k.p.r.p.TestFile    ... success: reloaded. 
588112     INFO  main            d.u.i.k.p.r.p.TestFile    Now processing file /home/runner/work/key/key/key.core/../key.ui/examples/heap/permissions/threads/Sampler_run.key 
588113     INFO  main            d.u.i.k.p.i.AbstractProblemLoader Loading environment from /home/runner/work/key/key/key.core/../key.ui/examples/heap/permissions/threads/Sampler_run.key 
588113     DEBUG main            d.u.i.k.p.i.AbstractProblemLoader Environment load took 84.1ns 
588113     INFO  main            d.u.i.k.p.i.AbstractProblemLoader Creating init config 
592426     DEBUG main            d.u.i.k.p.i.AbstractProblemLoader Init config took 4.31s 
592507     INFO  main            d.u.i.k.p.i.AbstractProblemLoader Replaying proof Sampler[ThreadSpec2::run()].JML normal_behavior operation contract.0 
592508     DEBUG main            d.u.i.k.p.i.IntermediateProofReplayer Proof replay took 2.1ns 
592710     INFO  main            d.u.i.k.p.r.p.TestFile    ... finished proof: closed. 
593224     INFO  main            d.u.i.k.p.i.AbstractProblemLoader Loading environment from /home/runner/work/key/key/key.core/../key.ui/examples/heap/permissions/threads/Sampler_run.key.proof 
593224     DEBUG main            d.u.i.k.p.i.AbstractProblemLoader Environment load took 88.4ns 
593225     INFO  main            d.u.i.k.p.i.AbstractProblemLoader Creating init config 
597475     DEBUG main            d.u.i.k.p.i.AbstractProblemLoader Init config took 4.25s 
597557     INFO  main            d.u.i.k.p.i.AbstractProblemLoader Replaying proof Sampler[ThreadSpec2::run()].JML normal_behavior operation contract.0 
597590     DEBUG main            d.u.i.k.p.i.IntermediateProofReplayer Proof replay took 31.82ms 
597591     DEBUG main            d.u.i.k.p.r.p.TestFile    ... success: reloaded. 
597591     INFO  main            d.u.i.k.p.r.p.TestFile    Now processing file /home/runner/work/key/key/key.core/../key.ui/examples/heap/permissions/threads/Sampler_Sampler.key 
597592     INFO  main            d.u.i.k.p.i.AbstractProblemLoader Loading environment from /home/runner/work/key/key/key.core/../key.ui/examples/heap/permissions/threads/Sampler_Sampler.key 
597592     DEBUG main            d.u.i.k.p.i.AbstractProblemLoader Environment load took 41.6ns 
597592     INFO  main            d.u.i.k.p.i.AbstractProblemLoader Creating init config 
601902     DEBUG main            d.u.i.k.p.i.AbstractProblemLoader Init config took 4.31s 
601985     INFO  main            d.u.i.k.p.i.AbstractProblemLoader Replaying proof Sampler[Sampler::Sampler(Buffer)].JML normal_behavior operation contract.0 
601987     DEBUG main            d.u.i.k.p.i.IntermediateProofReplayer Proof replay took 2.7ns 
602590     INFO  main            d.u.i.k.p.r.p.TestFile    ... finished proof: closed. 
603134     INFO  main            d.u.i.k.p.i.AbstractProblemLoader Loading environment from /home/runner/work/key/key/key.core/../key.ui/examples/heap/permissions/threads/Sampler_Sampler.key.proof 
603134     DEBUG main            d.u.i.k.p.i.AbstractProblemLoader Environment load took 73.7ns 
603135     INFO  main            d.u.i.k.p.i.AbstractProblemLoader Creating init config 
607382     DEBUG main            d.u.i.k.p.i.AbstractProblemLoader Init config took 4.25s 
607463     INFO  main            d.u.i.k.p.i.AbstractProblemLoader Replaying proof Sampler[Sampler::Sampler(Buffer)].JML normal_behavior operation contract.0 
607543     DEBUG main            d.u.i.k.p.i.IntermediateProofReplayer Proof replay took 78.13ms 
607544     DEBUG main            d.u.i.k.p.r.p.TestFile    ... success: reloaded. 
607544     INFO  main            d.u.i.k.p.r.p.TestFile    Now processing file /home/runner/work/key/key/key.core/../key.ui/examples/heap/permissions/threads/Sampler_startTransfer_accessible.key 
607545     INFO  main            d.u.i.k.p.i.AbstractProblemLoader Loading environment from /home/runner/work/key/key/key.core/../key.ui/examples/heap/permissions/threads/Sampler_startTransfer_accessible.key 
607545     DEBUG main            d.u.i.k.p.i.AbstractProblemLoader Environment load took 69.6ns 
607545     INFO  main            d.u.i.k.p.i.AbstractProblemLoader Creating init config 
611876     DEBUG main            d.u.i.k.p.i.AbstractProblemLoader Init config took 4.33s 
611956     INFO  main            d.u.i.k.p.i.AbstractProblemLoader Replaying proof Sampler[ThreadSpec2::startTransfer()].JML accessible clause.0 
611957     DEBUG main            d.u.i.k.p.i.IntermediateProofReplayer Proof replay took 2.4ns 
615980     INFO  main            d.u.i.k.p.r.p.TestFile    ... finished proof: closed. 
616532     INFO  main            d.u.i.k.p.i.AbstractProblemLoader Loading environment from /home/runner/work/key/key/key.core/../key.ui/examples/heap/permissions/threads/Sampler_startTransfer_accessible.key.proof 
616533     DEBUG main            d.u.i.k.p.i.AbstractProblemLoader Environment load took 79.3ns 
616534     INFO  main            d.u.i.k.p.i.AbstractProblemLoader Creating init config 
620774     DEBUG main            d.u.i.k.p.i.AbstractProblemLoader Init config took 4.24s 
620854     INFO  main            d.u.i.k.p.i.AbstractProblemLoader Replaying proof Sampler[ThreadSpec2::startTransfer()].JML accessible clause.0 
621441     DEBUG main            d.u.i.k.p.i.IntermediateProofReplayer Proof replay took 577.45ms 
621442     DEBUG main            d.u.i.k.p.r.p.TestFile    ... success: reloaded. 
621443     INFO  main            d.u.i.k.p.r.p.TestFile    Now processing file /home/runner/work/key/key/key.core/../key.ui/examples/heap/permissions/threads/Sampler_startTransfer_contract.key 
621443     INFO  main            d.u.i.k.p.i.AbstractProblemLoader Loading environment from /home/runner/work/key/key/key.core/../key.ui/examples/heap/permissions/threads/Sampler_startTransfer_contract.key 
621443     DEBUG main            d.u.i.k.p.i.AbstractProblemLoader Environment load took 40.8ns 
621444     INFO  main            d.u.i.k.p.i.AbstractProblemLoader Creating init config 
625779     DEBUG main            d.u.i.k.p.i.AbstractProblemLoader Init config took 4.34s 
625859     INFO  main            d.u.i.k.p.i.AbstractProblemLoader Replaying proof Sampler[ThreadSpec2::startTransfer()].JML model_behavior operation contract.0 
625860     DEBUG main            d.u.i.k.p.i.IntermediateProofReplayer Proof replay took 2ns 
625961     INFO  main            d.u.i.k.p.r.p.TestFile    ... finished proof: closed. 
626508     INFO  main            d.u.i.k.p.i.AbstractProblemLoader Loading environment from /home/runner/work/key/key/key.core/../key.ui/examples/heap/permissions/threads/Sampler_startTransfer_contract.key.proof 
626508     DEBUG main            d.u.i.k.p.i.AbstractProblemLoader Environment load took 76.5ns 
626509     INFO  main            d.u.i.k.p.i.AbstractProblemLoader Creating init config 
630748     DEBUG main            d.u.i.k.p.i.AbstractProblemLoader Init config took 4.24s 
630828     INFO  main            d.u.i.k.p.i.AbstractProblemLoader Replaying proof Sampler[ThreadSpec2::startTransfer()].JML model_behavior operation contract.0 
630836     DEBUG main            d.u.i.k.p.i.IntermediateProofReplayer Proof replay took 6.45ms 
630837     DEBUG main            d.u.i.k.p.r.p.TestFile    ... success: reloaded. 
630837     INFO  main            d.u.i.k.p.r.p.TestFile    Now processing file /home/runner/work/key/key/key.core/../key.ui/examples/heap/permissions/threads/Sampler_stateInv_accessible.key 
630837     INFO  main            d.u.i.k.p.i.AbstractProblemLoader Loading environment from /home/runner/work/key/key/key.core/../key.ui/examples/heap/permissions/threads/Sampler_stateInv_accessible.key 
630837     DEBUG main            d.u.i.k.p.i.AbstractProblemLoader Environment load took 39ns 
630838     INFO  main            d.u.i.k.p.i.AbstractProblemLoader Creating init config 
635187     DEBUG main            d.u.i.k.p.i.AbstractProblemLoader Init config took 4.35s 
635267     INFO  main            d.u.i.k.p.i.AbstractProblemLoader Replaying proof Sampler[ThreadSpec2::stateInv()].JML accessible clause.0 
635269     DEBUG main            d.u.i.k.p.i.IntermediateProofReplayer Proof replay took 2.4ns 
635370     INFO  main            d.u.i.k.p.r.p.TestFile    ... finished proof: closed. 
635923     INFO  main            d.u.i.k.p.i.AbstractProblemLoader Loading environment from /home/runner/work/key/key/key.core/../key.ui/examples/heap/permissions/threads/Sampler_stateInv_accessible.key.proof 
635923     DEBUG main            d.u.i.k.p.i.AbstractProblemLoader Environment load took 71.5ns 
635924     INFO  main            d.u.i.k.p.i.AbstractProblemLoader Creating init config 
640179     DEBUG main            d.u.i.k.p.i.AbstractProblemLoader Init config took 4.26s 
640266     INFO  main            d.u.i.k.p.i.AbstractProblemLoader Replaying proof Sampler[ThreadSpec2::stateInv()].JML accessible clause.0 
640279     DEBUG main            d.u.i.k.p.i.IntermediateProofReplayer Proof replay took 5.78ms 
640279     DEBUG main            d.u.i.k.p.r.p.TestFile    ... success: reloaded. 
640280     INFO  main            d.u.i.k.p.r.p.TestFile    Now processing file /home/runner/work/key/key/key.core/../key.ui/examples/heap/permissions/threads/Sampler_staticPermissions_accessible.key 
640280     INFO  main            d.u.i.k.p.i.AbstractProblemLoader Loading environment from /home/runner/work/key/key/key.core/../key.ui/examples/heap/permissions/threads/Sampler_staticPermissions_accessible.key 
640281     DEBUG main            d.u.i.k.p.i.AbstractProblemLoader Environment load took 67.1ns 
640281     INFO  main            d.u.i.k.p.i.AbstractProblemLoader Creating init config 
644617     DEBUG main            d.u.i.k.p.i.AbstractProblemLoader Init config took 4.34s 
644712     INFO  main            d.u.i.k.p.i.AbstractProblemLoader Replaying proof Sampler[ThreadSpec2::staticPermissions()].JML accessible clause.0 
644715     DEBUG main            d.u.i.k.p.i.IntermediateProofReplayer Proof replay took 2.8ns 
644817     INFO  main            d.u.i.k.p.r.p.TestFile    ... finished proof: closed. 
645372     INFO  main            d.u.i.k.p.i.AbstractProblemLoader Loading environment from /home/runner/work/key/key/key.core/../key.ui/examples/heap/permissions/threads/Sampler_staticPermissions_accessible.key.proof 
645372     DEBUG main            d.u.i.k.p.i.AbstractProblemLoader Environment load took 74.4ns 
645373     INFO  main            d.u.i.k.p.i.AbstractProblemLoader Creating init config 
649630     DEBUG main            d.u.i.k.p.i.AbstractProblemLoader Init config took 4.26s 
649712     INFO  main            d.u.i.k.p.i.AbstractProblemLoader Replaying proof Sampler[ThreadSpec2::staticPermissions()].JML accessible clause.0 
649717     DEBUG main            d.u.i.k.p.i.IntermediateProofReplayer Proof replay took 4.39ms 
649718     DEBUG main            d.u.i.k.p.r.p.TestFile    ... success: reloaded. 
649719     INFO  main            d.u.i.k.p.r.p.TestFile    Now processing file /home/runner/work/key/key/key.core/../key.ui/examples/heap/permissions/threads/Sampler_workingPermissions_accessible.key 
649719     INFO  main            d.u.i.k.p.i.AbstractProblemLoader Loading environment from /home/runner/work/key/key/key.core/../key.ui/examples/heap/permissions/threads/Sampler_workingPermissions_accessible.key 
649719     DEBUG main            d.u.i.k.p.i.AbstractProblemLoader Environment load took 45.1ns 
649720     INFO  main            d.u.i.k.p.i.AbstractProblemLoader Creating init config 
654090     DEBUG main            d.u.i.k.p.i.AbstractProblemLoader Init config took 4.37s 
654199     INFO  main            d.u.i.k.p.i.AbstractProblemLoader Replaying proof Sampler[ThreadSpec2::workingPermissions()].JML accessible clause.0 
654201     DEBUG main            d.u.i.k.p.i.IntermediateProofReplayer Proof replay took 2.5ns 
654302     INFO  main            d.u.i.k.p.r.p.TestFile    ... finished proof: closed. 
654882     INFO  main            d.u.i.k.p.i.AbstractProblemLoader Loading environment from /home/runner/work/key/key/key.core/../key.ui/examples/heap/permissions/threads/Sampler_workingPermissions_accessible.key.proof 
654882     DEBUG main            d.u.i.k.p.i.AbstractProblemLoader Environment load took 70.4ns 
654883     INFO  main            d.u.i.k.p.i.AbstractProblemLoader Creating init config 
659748     DEBUG main            d.u.i.k.p.i.AbstractProblemLoader Init config took 4.86s 
659844     INFO  main            d.u.i.k.p.i.AbstractProblemLoader Replaying proof Sampler[ThreadSpec2::workingPermissions()].JML accessible clause.0 
659851     DEBUG main            d.u.i.k.p.i.IntermediateProofReplayer Proof replay took 5.43ms 
659852     DEBUG main            d.u.i.k.p.r.p.TestFile    ... success: reloaded. 
659853     INFO  main            d.u.i.k.p.r.p.TestFile    Now processing file /home/runner/work/key/key/key.core/../key.ui/examples/heap/permissions/mulleretal/ReadWrite_doRead_contract.key 
659853     INFO  main            d.u.i.k.p.i.AbstractProblemLoader Loading environment from /home/runner/work/key/key/key.core/../key.ui/examples/heap/permissions/mulleretal/ReadWrite_doRead_contract.key 
659853     DEBUG main            d.u.i.k.p.i.AbstractProblemLoader Environment load took 175.7ns 
659854     INFO  main            d.u.i.k.p.i.AbstractProblemLoader Creating init config 
662581     DEBUG main            d.u.i.k.p.i.AbstractProblemLoader Init config took 2.73s 
662614     INFO  main            d.u.i.k.p.i.AbstractProblemLoader Replaying proof ReadWrite[ReadWrite::doRead()].JML normal_behavior operation contract.0 
662616     DEBUG main            d.u.i.k.p.i.IntermediateProofReplayer Proof replay took 2.2ns 
664321     INFO  main            d.u.i.k.p.r.p.TestFile    ... finished proof: closed. 
664952     INFO  main            d.u.i.k.p.i.AbstractProblemLoader Loading environment from /home/runner/work/key/key/key.core/../key.ui/examples/heap/permissions/mulleretal/ReadWrite_doRead_contract.key.proof 
664952     DEBUG main            d.u.i.k.p.i.AbstractProblemLoader Environment load took 301.5ns 
664953     INFO  main            d.u.i.k.p.i.AbstractProblemLoader Creating init config 
667542     DEBUG main            d.u.i.k.p.i.AbstractProblemLoader Init config took 2.59s 
667580     INFO  main            d.u.i.k.p.i.AbstractProblemLoader Replaying proof ReadWrite[ReadWrite::doRead()].JML normal_behavior operation contract.0 
668029     DEBUG main            d.u.i.k.p.i.IntermediateProofReplayer Proof replay took 440.32ms 
668031     DEBUG main            d.u.i.k.p.r.p.TestFile    ... success: reloaded. 
668032     INFO  main            d.u.i.k.p.r.p.TestFile    Now processing file /home/runner/work/key/key/key.core/../key.ui/examples/heap/permissions/mulleretal/ReadWrite_doWrite_contract.key 
668032     INFO  main            d.u.i.k.p.i.AbstractProblemLoader Loading environment from /home/runner/work/key/key/key.core/../key.ui/examples/heap/permissions/mulleretal/ReadWrite_doWrite_contract.key 
668032     DEBUG main            d.u.i.k.p.i.AbstractProblemLoader Environment load took 149.1ns 
668034     INFO  main            d.u.i.k.p.i.AbstractProblemLoader Creating init config 
670956     DEBUG main            d.u.i.k.p.i.AbstractProblemLoader Init config took 2.92s 
670988     INFO  main            d.u.i.k.p.i.AbstractProblemLoader Replaying proof ReadWrite[ReadWrite::doWrite()].JML normal_behavior operation contract.0 
670989     DEBUG main            d.u.i.k.p.i.IntermediateProofReplayer Proof replay took 2.2ns 
672602     INFO  main            d.u.i.k.p.r.p.TestFile    ... finished proof: closed. 
673213     INFO  main            d.u.i.k.p.i.AbstractProblemLoader Loading environment from /home/runner/work/key/key/key.core/../key.ui/examples/heap/permissions/mulleretal/ReadWrite_doWrite_contract.key.proof 
673213     DEBUG main            d.u.i.k.p.i.AbstractProblemLoader Environment load took 300.2ns 
673214     INFO  main            d.u.i.k.p.i.AbstractProblemLoader Creating init config 
675613     DEBUG main            d.u.i.k.p.i.AbstractProblemLoader Init config took 2.4s 
675646     INFO  main            d.u.i.k.p.i.AbstractProblemLoader Replaying proof ReadWrite[ReadWrite::doWrite()].JML normal_behavior operation contract.0 
676008     DEBUG main            d.u.i.k.p.i.IntermediateProofReplayer Proof replay took 356.7ms 
676009     DEBUG main            d.u.i.k.p.r.p.TestFile    ... success: reloaded. 
676009     INFO  main            d.u.i.k.p.r.p.TestFile    Now processing file /home/runner/work/key/key/key.core/../key.ui/examples/heap/permissions/mulleretal/ReadWrite_read_contract.key 
676009     INFO  main            d.u.i.k.p.i.AbstractProblemLoader Loading environment from /home/runner/work/key/key/key.core/../key.ui/examples/heap/permissions/mulleretal/ReadWrite_read_contract.key 
676009     DEBUG main            d.u.i.k.p.i.AbstractProblemLoader Environment load took 40ns 
676010     INFO  main            d.u.i.k.p.i.AbstractProblemLoader Creating init config 
678480     DEBUG main            d.u.i.k.p.i.AbstractProblemLoader Init config took 2.47s 
678513     INFO  main            d.u.i.k.p.i.AbstractProblemLoader Replaying proof ReadWrite[ReadWrite::read()].JML normal_behavior operation contract.0 
678515     DEBUG main            d.u.i.k.p.i.IntermediateProofReplayer Proof replay took 2.1ns 
678616     INFO  main            d.u.i.k.p.r.p.TestFile    ... finished proof: closed. 
679192     INFO  main            d.u.i.k.p.i.AbstractProblemLoader Loading environment from /home/runner/work/key/key/key.core/../key.ui/examples/heap/permissions/mulleretal/ReadWrite_read_contract.key.proof 
679192     DEBUG main            d.u.i.k.p.i.AbstractProblemLoader Environment load took 86.6ns 
679193     INFO  main            d.u.i.k.p.i.AbstractProblemLoader Creating init config 
681575     DEBUG main            d.u.i.k.p.i.AbstractProblemLoader Init config took 2.38s 
681607     INFO  main            d.u.i.k.p.i.AbstractProblemLoader Replaying proof ReadWrite[ReadWrite::read()].JML normal_behavior operation contract.0 
681615     DEBUG main            d.u.i.k.p.i.IntermediateProofReplayer Proof replay took 6.32ms 
681616     DEBUG main            d.u.i.k.p.r.p.TestFile    ... success: reloaded. 
681616     INFO  main            d.u.i.k.p.r.p.TestFile    Now processing file /home/runner/work/key/key/key.core/../key.ui/examples/heap/permissions/mulleretal/ReadWrite_write_contract.key 
681616     INFO  main            d.u.i.k.p.i.AbstractProblemLoader Loading environment from /home/runner/work/key/key/key.core/../key.ui/examples/heap/permissions/mulleretal/ReadWrite_write_contract.key 
681616     DEBUG main            d.u.i.k.p.i.AbstractProblemLoader Environment load took 75.9ns 
681617     INFO  main            d.u.i.k.p.i.AbstractProblemLoader Creating init config 
684031     DEBUG main            d.u.i.k.p.i.AbstractProblemLoader Init config took 2.41s 
684063     INFO  main            d.u.i.k.p.i.AbstractProblemLoader Replaying proof ReadWrite[ReadWrite::write()].JML normal_behavior operation contract.0 
684064     DEBUG main            d.u.i.k.p.i.IntermediateProofReplayer Proof replay took 2.7ns 
684166     INFO  main            d.u.i.k.p.r.p.TestFile    ... finished proof: closed. 
684752     INFO  main            d.u.i.k.p.i.AbstractProblemLoader Loading environment from /home/runner/work/key/key/key.core/../key.ui/examples/heap/permissions/mulleretal/ReadWrite_write_contract.key.proof 
684753     DEBUG main            d.u.i.k.p.i.AbstractProblemLoader Environment load took 74.8ns 
684753     INFO  main            d.u.i.k.p.i.AbstractProblemLoader Creating init config 
687138     DEBUG main            d.u.i.k.p.i.AbstractProblemLoader Init config took 2.38s 
687170     INFO  main            d.u.i.k.p.i.AbstractProblemLoader Replaying proof ReadWrite[ReadWrite::write()].JML normal_behavior operation contract.0 
687194     DEBUG main            d.u.i.k.p.i.IntermediateProofReplayer Proof replay took 22.62ms 
687195     DEBUG main            d.u.i.k.p.r.p.TestFile    ... success: reloaded. 
687196     INFO  main            d.u.i.k.p.r.p.TestFile    Now processing file /home/runner/work/key/key/key.core/../key.ui/examples/heap/permissions/mulleretal/ReadWrite_inv1_accessible.key 
687196     INFO  main            d.u.i.k.p.i.AbstractProblemLoader Loading environment from /home/runner/work/key/key/key.core/../key.ui/examples/heap/permissions/mulleretal/ReadWrite_inv1_accessible.key 
687196     DEBUG main            d.u.i.k.p.i.AbstractProblemLoader Environment load took 38.4ns 
687197     INFO  main            d.u.i.k.p.i.AbstractProblemLoader Creating init config 
689634     DEBUG main            d.u.i.k.p.i.AbstractProblemLoader Init config took 2.44s 
689665     INFO  main            d.u.i.k.p.i.AbstractProblemLoader Replaying proof ReadWrite[java.lang.Object::<inv>()].JML accessible clause.0 
689666     DEBUG main            d.u.i.k.p.i.IntermediateProofReplayer Proof replay took 2.4ns 
689768     INFO  main            d.u.i.k.p.r.p.TestFile    ... finished proof: closed. 
690358     INFO  main            d.u.i.k.p.i.AbstractProblemLoader Loading environment from /home/runner/work/key/key/key.core/../key.ui/examples/heap/permissions/mulleretal/ReadWrite_inv1_accessible.key.proof 
690358     DEBUG main            d.u.i.k.p.i.AbstractProblemLoader Environment load took 75.3ns 
690359     INFO  main            d.u.i.k.p.i.AbstractProblemLoader Creating init config 
692743     DEBUG main            d.u.i.k.p.i.AbstractProblemLoader Init config took 2.38s 
692775     INFO  main            d.u.i.k.p.i.AbstractProblemLoader Replaying proof ReadWrite[java.lang.Object::<inv>()].JML accessible clause.0 
692777     DEBUG main            d.u.i.k.p.i.IntermediateProofReplayer Proof replay took 1.49ms 
692778     DEBUG main            d.u.i.k.p.r.p.TestFile    ... success: reloaded. 
692779     INFO  main            d.u.i.k.p.r.p.TestFile    Now processing file /home/runner/work/key/key/key.core/../key.ui/examples/heap/permissions/mulleretal/ReadWrite_inv2_accessible.key 
692779     INFO  main            d.u.i.k.p.i.AbstractProblemLoader Loading environment from /home/runner/work/key/key/key.core/../key.ui/examples/heap/permissions/mulleretal/ReadWrite_inv2_accessible.key 
692779     DEBUG main            d.u.i.k.p.i.AbstractProblemLoader Environment load took 38.7ns 
692780     INFO  main            d.u.i.k.p.i.AbstractProblemLoader Creating init config 
695202     DEBUG main            d.u.i.k.p.i.AbstractProblemLoader Init config took 2.42s 
695234     INFO  main            d.u.i.k.p.i.AbstractProblemLoader Replaying proof ReadWrite[java.lang.Object::<inv>()].JML accessible clause.1 
695235     DEBUG main            d.u.i.k.p.i.IntermediateProofReplayer Proof replay took 2.3ns 
695336     INFO  main            d.u.i.k.p.r.p.TestFile    ... finished proof: closed. 
695930     INFO  main            d.u.i.k.p.i.AbstractProblemLoader Loading environment from /home/runner/work/key/key/key.core/../key.ui/examples/heap/permissions/mulleretal/ReadWrite_inv2_accessible.key.proof 
695930     DEBUG main            d.u.i.k.p.i.AbstractProblemLoader Environment load took 71.1ns 
695931     INFO  main            d.u.i.k.p.i.AbstractProblemLoader Creating init config 
698323     DEBUG main            d.u.i.k.p.i.AbstractProblemLoader Init config took 2.39s 
698354     INFO  main            d.u.i.k.p.i.AbstractProblemLoader Replaying proof ReadWrite[java.lang.Object::<inv>()].JML accessible clause.1 
698357     DEBUG main            d.u.i.k.p.i.IntermediateProofReplayer Proof replay took 1.48ms 
698358     DEBUG main            d.u.i.k.p.r.p.TestFile    ... success: reloaded. 
698358     INFO  main            d.u.i.k.p.r.p.TestFile    Now processing file /home/runner/work/key/key/key.core/../key.ui/examples/heap/permissions/lockspec/Counter_lockConsistent_contract.key 
698359     INFO  main            d.u.i.k.p.i.AbstractProblemLoader Loading environment from /home/runner/work/key/key/key.core/../key.ui/examples/heap/permissions/lockspec/Counter_lockConsistent_contract.key 
698359     DEBUG main            d.u.i.k.p.i.AbstractProblemLoader Environment load took 83.8ns 
698359     INFO  main            d.u.i.k.p.i.AbstractProblemLoader Creating init config 
701314     DEBUG main            d.u.i.k.p.i.AbstractProblemLoader Init config took 2.95s 
701367     INFO  main            d.u.i.k.p.i.AbstractProblemLoader Replaying proof Counter[LockSpec::lockConsistent()].JML model_behavior operation contract.0 
701368     DEBUG main            d.u.i.k.p.i.IntermediateProofReplayer Proof replay took 2.5ns 
702374     INFO  main            d.u.i.k.p.r.p.TestFile    ... finished proof: closed. 
703012     INFO  main            d.u.i.k.p.i.AbstractProblemLoader Loading environment from /home/runner/work/key/key/key.core/../key.ui/examples/heap/permissions/lockspec/Counter_lockConsistent_contract.key.proof 
703012     DEBUG main            d.u.i.k.p.i.AbstractProblemLoader Environment load took 77.3ns 
703013     INFO  main            d.u.i.k.p.i.AbstractProblemLoader Creating init config 
705828     DEBUG main            d.u.i.k.p.i.AbstractProblemLoader Init config took 2.81s 
705879     INFO  main            d.u.i.k.p.i.AbstractProblemLoader Replaying proof Counter[LockSpec::lockConsistent()].JML model_behavior operation contract.0 
706040     DEBUG main            d.u.i.k.p.i.IntermediateProofReplayer Proof replay took 154.16ms 
706041     DEBUG main            d.u.i.k.p.r.p.TestFile    ... success: reloaded. 
706042     INFO  main            d.u.i.k.p.r.p.TestFile    Now processing file /home/runner/work/key/key/key.core/../key.ui/examples/heap/permissions/lockspec/Counter_increase_contract.key 
706042     INFO  main            d.u.i.k.p.i.AbstractProblemLoader Loading environment from /home/runner/work/key/key/key.core/../key.ui/examples/heap/permissions/lockspec/Counter_increase_contract.key 
706043     DEBUG main            d.u.i.k.p.i.AbstractProblemLoader Environment load took 145ns 
706043     INFO  main            d.u.i.k.p.i.AbstractProblemLoader Creating init config 
708905     DEBUG main            d.u.i.k.p.i.AbstractProblemLoader Init config took 2.86s 
708953     INFO  main            d.u.i.k.p.i.AbstractProblemLoader Replaying proof Counter[Counter::increase()].JML normal_behavior operation contract.0 
708958     DEBUG main            d.u.i.k.p.i.IntermediateProofReplayer Proof replay took 2.5ns 
710466     INFO  main            d.u.i.k.p.r.p.TestFile    ... finished proof: closed. 
711095     INFO  main            d.u.i.k.p.i.AbstractProblemLoader Loading environment from /home/runner/work/key/key/key.core/../key.ui/examples/heap/permissions/lockspec/Counter_increase_contract.key.proof 
711095     DEBUG main            d.u.i.k.p.i.AbstractProblemLoader Environment load took 76.9ns 
711096     INFO  main            d.u.i.k.p.i.AbstractProblemLoader Creating init config 
713909     DEBUG main            d.u.i.k.p.i.AbstractProblemLoader Init config took 2.81s 
713957     INFO  main            d.u.i.k.p.i.AbstractProblemLoader Replaying proof Counter[Counter::increase()].JML normal_behavior operation contract.0 
714220     DEBUG main            d.u.i.k.p.i.IntermediateProofReplayer Proof replay took 250.08ms 
714223     DEBUG main            d.u.i.k.p.r.p.TestFile    ... success: reloaded. 
714223     INFO  main            d.u.i.k.p.r.p.TestFile    Now processing file /home/runner/work/key/key/key.core/../key.ui/examples/heap/permissions/lockspec/Counter_fp_accessible.key 
714224     INFO  main            d.u.i.k.p.i.AbstractProblemLoader Loading environment from /home/runner/work/key/key/key.core/../key.ui/examples/heap/permissions/lockspec/Counter_fp_accessible.key 
714224     DEBUG main            d.u.i.k.p.i.AbstractProblemLoader Environment load took 143.5ns 
714224     INFO  main            d.u.i.k.p.i.AbstractProblemLoader Creating init config 
717081     DEBUG main            d.u.i.k.p.i.AbstractProblemLoader Init config took 2.86s 
717131     INFO  main            d.u.i.k.p.i.AbstractProblemLoader Replaying proof Counter[LockSpec::fp()].JML accessible clause.0 
717132     DEBUG main            d.u.i.k.p.i.IntermediateProofReplayer Proof replay took 2.1ns 
717233     INFO  main            d.u.i.k.p.r.p.TestFile    ... finished proof: closed. 
717835     INFO  main            d.u.i.k.p.i.AbstractProblemLoader Loading environment from /home/runner/work/key/key/key.core/../key.ui/examples/heap/permissions/lockspec/Counter_fp_accessible.key.proof 
717835     DEBUG main            d.u.i.k.p.i.AbstractProblemLoader Environment load took 71.5ns 
717836     INFO  main            d.u.i.k.p.i.AbstractProblemLoader Creating init config 
720649     DEBUG main            d.u.i.k.p.i.AbstractProblemLoader Init config took 2.81s 
720700     INFO  main            d.u.i.k.p.i.AbstractProblemLoader Replaying proof Counter[LockSpec::fp()].JML accessible clause.0 
720709     DEBUG main            d.u.i.k.p.i.IntermediateProofReplayer Proof replay took 7.81ms 
720710     DEBUG main            d.u.i.k.p.r.p.TestFile    ... success: reloaded. 
720711     INFO  main            d.u.i.k.p.r.p.TestFile    Now processing file /home/runner/work/key/key/key.core/../key.ui/examples/heap/permissions/lockspec/Counter_fpLock_accessible.key 
720711     INFO  main            d.u.i.k.p.i.AbstractProblemLoader Loading environment from /home/runner/work/key/key/key.core/../key.ui/examples/heap/permissions/lockspec/Counter_fpLock_accessible.key 
720711     DEBUG main            d.u.i.k.p.i.AbstractProblemLoader Environment load took 61.2ns 
720712     INFO  main            d.u.i.k.p.i.AbstractProblemLoader Creating init config 
723585     DEBUG main            d.u.i.k.p.i.AbstractProblemLoader Init config took 2.87s 
723635     INFO  main            d.u.i.k.p.i.AbstractProblemLoader Replaying proof Counter[LockSpec::fpLock()].JML accessible clause.0 
723636     DEBUG main            d.u.i.k.p.i.IntermediateProofReplayer Proof replay took 2.4ns 
723737     INFO  main            d.u.i.k.p.r.p.TestFile    ... finished proof: closed. 
724452     INFO  main            d.u.i.k.p.i.AbstractProblemLoader Loading environment from /home/runner/work/key/key/key.core/../key.ui/examples/heap/permissions/lockspec/Counter_fpLock_accessible.key.proof 
724452     DEBUG main            d.u.i.k.p.i.AbstractProblemLoader Environment load took 70.6ns 
724453     INFO  main            d.u.i.k.p.i.AbstractProblemLoader Creating init config 
727282     DEBUG main            d.u.i.k.p.i.AbstractProblemLoader Init config took 2.83s 
727333     INFO  main            d.u.i.k.p.i.AbstractProblemLoader Replaying proof Counter[LockSpec::fpLock()].JML accessible clause.0 
727342     DEBUG main            d.u.i.k.p.i.IntermediateProofReplayer Proof replay took 7.85ms 
727342     DEBUG main            d.u.i.k.p.r.p.TestFile    ... success: reloaded. 
727343     INFO  main            d.u.i.k.p.r.p.TestFile    Now processing file /home/runner/work/key/key/key.core/../key.ui/examples/heap/permissions/lockspec/Counter_fpPerm_accessible.key 
727343     INFO  main            d.u.i.k.p.i.AbstractProblemLoader Loading environment from /home/runner/work/key/key/key.core/../key.ui/examples/heap/permissions/lockspec/Counter_fpPerm_accessible.key 
727343     DEBUG main            d.u.i.k.p.i.AbstractProblemLoader Environment load took 58.7ns 
727344     INFO  main            d.u.i.k.p.i.AbstractProblemLoader Creating init config 
730203     DEBUG main            d.u.i.k.p.i.AbstractProblemLoader Init config took 2.86s 
730254     INFO  main            d.u.i.k.p.i.AbstractProblemLoader Replaying proof Counter[LockSpec::fpPerm()].JML accessible clause.0 
730257     DEBUG main            d.u.i.k.p.i.IntermediateProofReplayer Proof replay took 2.3ns 
730361     INFO  main            d.u.i.k.p.r.p.TestFile    ... finished proof: closed. 
730984     INFO  main            d.u.i.k.p.i.AbstractProblemLoader Loading environment from /home/runner/work/key/key/key.core/../key.ui/examples/heap/permissions/lockspec/Counter_fpPerm_accessible.key.proof 
730984     DEBUG main            d.u.i.k.p.i.AbstractProblemLoader Environment load took 70.9ns 
730984     INFO  main            d.u.i.k.p.i.AbstractProblemLoader Creating init config 
733792     DEBUG main            d.u.i.k.p.i.AbstractProblemLoader Init config took 2.81s 
733842     INFO  main            d.u.i.k.p.i.AbstractProblemLoader Replaying proof Counter[LockSpec::fpPerm()].JML accessible clause.0 
733850     DEBUG main            d.u.i.k.p.i.IntermediateProofReplayer Proof replay took 6.8ms 
733851     DEBUG main            d.u.i.k.p.r.p.TestFile    ... success: reloaded. 
733852     INFO  main            d.u.i.k.p.r.p.TestFile    Now processing file /home/runner/work/key/key/key.core/../key.ui/examples/heap/permissions/lockspec/Counter_inv_accessible1.key 
733852     INFO  main            d.u.i.k.p.i.AbstractProblemLoader Loading environment from /home/runner/work/key/key/key.core/../key.ui/examples/heap/permissions/lockspec/Counter_inv_accessible1.key 
733852     DEBUG main            d.u.i.k.p.i.AbstractProblemLoader Environment load took 37.6ns 
733853     INFO  main            d.u.i.k.p.i.AbstractProblemLoader Creating init config 
736709     DEBUG main            d.u.i.k.p.i.AbstractProblemLoader Init config took 2.86s 
736759     INFO  main            d.u.i.k.p.i.AbstractProblemLoader Replaying proof Counter[java.lang.Object::<inv>()].JML accessible clause.0 
736760     DEBUG main            d.u.i.k.p.i.IntermediateProofReplayer Proof replay took 2ns 
736862     INFO  main            d.u.i.k.p.r.p.TestFile    ... finished proof: closed. 
737487     INFO  main            d.u.i.k.p.i.AbstractProblemLoader Loading environment from /home/runner/work/key/key/key.core/../key.ui/examples/heap/permissions/lockspec/Counter_inv_accessible1.key.proof 
737487     DEBUG main            d.u.i.k.p.i.AbstractProblemLoader Environment load took 74.5ns 
737487     INFO  main            d.u.i.k.p.i.AbstractProblemLoader Creating init config 
740289     DEBUG main            d.u.i.k.p.i.AbstractProblemLoader Init config took 2.8s 
740339     INFO  main            d.u.i.k.p.i.AbstractProblemLoader Replaying proof Counter[java.lang.Object::<inv>()].JML accessible clause.0 
740350     DEBUG main            d.u.i.k.p.i.IntermediateProofReplayer Proof replay took 8.95ms 
740350     DEBUG main            d.u.i.k.p.r.p.TestFile    ... success: reloaded. 
740351     INFO  main            d.u.i.k.p.r.p.TestFile    Now processing file /home/runner/work/key/key/key.core/../key.ui/examples/heap/permissions/lockspec/Counter_inv_accessible2.key 
740351     INFO  main            d.u.i.k.p.i.AbstractProblemLoader Loading environment from /home/runner/work/key/key/key.core/../key.ui/examples/heap/permissions/lockspec/Counter_inv_accessible2.key 
740351     DEBUG main            d.u.i.k.p.i.AbstractProblemLoader Environment load took 39.5ns 
740352     INFO  main            d.u.i.k.p.i.AbstractProblemLoader Creating init config 
743201     DEBUG main            d.u.i.k.p.i.AbstractProblemLoader Init config took 2.85s 
743251     INFO  main            d.u.i.k.p.i.AbstractProblemLoader Replaying proof Counter[java.lang.Object::<inv>()].JML accessible clause.1 
743252     DEBUG main            d.u.i.k.p.i.IntermediateProofReplayer Proof replay took 1.9ns 
743354     INFO  main            d.u.i.k.p.r.p.TestFile    ... finished proof: closed. 
743996     INFO  main            d.u.i.k.p.i.AbstractProblemLoader Loading environment from /home/runner/work/key/key/key.core/../key.ui/examples/heap/permissions/lockspec/Counter_inv_accessible2.key.proof 
743996     DEBUG main            d.u.i.k.p.i.AbstractProblemLoader Environment load took 77.2ns 
743996     INFO  main            d.u.i.k.p.i.AbstractProblemLoader Creating init config 
746803     DEBUG main            d.u.i.k.p.i.AbstractProblemLoader Init config took 2.81s 
746853     INFO  main            d.u.i.k.p.i.AbstractProblemLoader Replaying proof Counter[java.lang.Object::<inv>()].JML accessible clause.1 
746863     DEBUG main            d.u.i.k.p.i.IntermediateProofReplayer Proof replay took 8.62ms 
746864     DEBUG main            d.u.i.k.p.r.p.TestFile    ... success: reloaded. 
746864     INFO  main            d.u.i.k.p.r.p.TestFile    Now processing file /home/runner/work/key/key/key.core/../key.ui/examples/heap/permissions/lockspec/Counter_lockRef_accessible.key 
746864     INFO  main            d.u.i.k.p.i.AbstractProblemLoader Loading environment from /home/runner/work/key/key/key.core/../key.ui/examples/heap/permissions/lockspec/Counter_lockRef_accessible.key 
746864     DEBUG main            d.u.i.k.p.i.AbstractProblemLoader Environment load took 38.4ns 
746865     INFO  main            d.u.i.k.p.i.AbstractProblemLoader Creating init config 
749719     DEBUG main            d.u.i.k.p.i.AbstractProblemLoader Init config took 2.85s 
749769     INFO  main            d.u.i.k.p.i.AbstractProblemLoader Replaying proof Counter[LockSpec::lockRef()].JML accessible clause.0 
749770     DEBUG main            d.u.i.k.p.i.IntermediateProofReplayer Proof replay took 2.3ns 
749972     INFO  main            d.u.i.k.p.r.p.TestFile    ... finished proof: closed. 
750616     INFO  main            d.u.i.k.p.i.AbstractProblemLoader Loading environment from /home/runner/work/key/key/key.core/../key.ui/examples/heap/permissions/lockspec/Counter_lockRef_accessible.key.proof 
750616     DEBUG main            d.u.i.k.p.i.AbstractProblemLoader Environment load took 77.3ns 
750617     INFO  main            d.u.i.k.p.i.AbstractProblemLoader Creating init config 
753427     DEBUG main            d.u.i.k.p.i.AbstractProblemLoader Init config took 2.81s 
753477     INFO  main            d.u.i.k.p.i.AbstractProblemLoader Replaying proof Counter[LockSpec::lockRef()].JML accessible clause.0 
753512     DEBUG main            d.u.i.k.p.i.IntermediateProofReplayer Proof replay took 33.08ms 
753512     DEBUG main            d.u.i.k.p.r.p.TestFile    ... success: reloaded. 
753513     INFO  main            d.u.i.k.p.r.p.TestFile    Now processing file /home/runner/work/key/key/key.core/../key.ui/examples/heap/permissions/lockspec/Counter_lockRef_contract1.key 
753513     INFO  main            d.u.i.k.p.i.AbstractProblemLoader Loading environment from /home/runner/work/key/key/key.core/../key.ui/examples/heap/permissions/lockspec/Counter_lockRef_contract1.key 
753513     DEBUG main            d.u.i.k.p.i.AbstractProblemLoader Environment load took 78.5ns 
753514     INFO  main            d.u.i.k.p.i.AbstractProblemLoader Creating init config 
756362     DEBUG main            d.u.i.k.p.i.AbstractProblemLoader Init config took 2.85s 
756413     INFO  main            d.u.i.k.p.i.AbstractProblemLoader Replaying proof Counter[LockSpec::lockRef()].JML model_behavior operation contract.0 
756414     DEBUG main            d.u.i.k.p.i.IntermediateProofReplayer Proof replay took 2.5ns 
756515     INFO  main            d.u.i.k.p.r.p.TestFile    ... finished proof: closed. 
757158     INFO  main            d.u.i.k.p.i.AbstractProblemLoader Loading environment from /home/runner/work/key/key/key.core/../key.ui/examples/heap/permissions/lockspec/Counter_lockRef_contract1.key.proof 
757158     DEBUG main            d.u.i.k.p.i.AbstractProblemLoader Environment load took 76ns 
757158     INFO  main            d.u.i.k.p.i.AbstractProblemLoader Creating init config 
759966     DEBUG main            d.u.i.k.p.i.AbstractProblemLoader Init config took 2.81s 
760016     INFO  main            d.u.i.k.p.i.AbstractProblemLoader Replaying proof Counter[LockSpec::lockRef()].JML model_behavior operation contract.0 
760020     DEBUG main            d.u.i.k.p.i.IntermediateProofReplayer Proof replay took 3.21ms 
760021     DEBUG main            d.u.i.k.p.r.p.TestFile    ... success: reloaded. 
760021     INFO  main            d.u.i.k.p.r.p.TestFile    Now processing file /home/runner/work/key/key/key.core/../key.ui/examples/heap/permissions/lockspec/Counter_lockRef_contract2.key 
760021     INFO  main            d.u.i.k.p.i.AbstractProblemLoader Loading environment from /home/runner/work/key/key/key.core/../key.ui/examples/heap/permissions/lockspec/Counter_lockRef_contract2.key 
760021     DEBUG main            d.u.i.k.p.i.AbstractProblemLoader Environment load took 41.2ns 
760022     INFO  main            d.u.i.k.p.i.AbstractProblemLoader Creating init config 
762876     DEBUG main            d.u.i.k.p.i.AbstractProblemLoader Init config took 2.85s 
762926     INFO  main            d.u.i.k.p.i.AbstractProblemLoader Replaying proof Counter[Counter::lockRef()].JML model_behavior operation contract.0 
762927     DEBUG main            d.u.i.k.p.i.IntermediateProofReplayer Proof replay took 2ns 
763029     INFO  main            d.u.i.k.p.r.p.TestFile    ... finished proof: closed. 
763679     INFO  main            d.u.i.k.p.i.AbstractProblemLoader Loading environment from /home/runner/work/key/key/key.core/../key.ui/examples/heap/permissions/lockspec/Counter_lockRef_contract2.key.proof 
763679     DEBUG main            d.u.i.k.p.i.AbstractProblemLoader Environment load took 72.4ns 
763680     INFO  main            d.u.i.k.p.i.AbstractProblemLoader Creating init config 
766485     DEBUG main            d.u.i.k.p.i.AbstractProblemLoader Init config took 2.81s 
766536     INFO  main            d.u.i.k.p.i.AbstractProblemLoader Replaying proof Counter[Counter::lockRef()].JML model_behavior operation contract.0 
766540     DEBUG main            d.u.i.k.p.i.IntermediateProofReplayer Proof replay took 3.2ms 
766540     DEBUG main            d.u.i.k.p.r.p.TestFile    ... success: reloaded. 
766541     INFO  main            d.u.i.k.p.r.p.TestFile    Now processing file /home/runner/work/key/key/key.core/../key.ui/examples/heap/permissions/lockspec/Counter_lockState_accessible.key 
766541     INFO  main            d.u.i.k.p.i.AbstractProblemLoader Loading environment from /home/runner/work/key/key/key.core/../key.ui/examples/heap/permissions/lockspec/Counter_lockState_accessible.key 
766541     DEBUG main            d.u.i.k.p.i.AbstractProblemLoader Environment load took 44.7ns 
766542     INFO  main            d.u.i.k.p.i.AbstractProblemLoader Creating init config 
769389     DEBUG main            d.u.i.k.p.i.AbstractProblemLoader Init config took 2.85s 
769439     INFO  main            d.u.i.k.p.i.AbstractProblemLoader Replaying proof Counter[LockSpec::lockState(boolean)].JML accessible clause.0 
769440     DEBUG main            d.u.i.k.p.i.IntermediateProofReplayer Proof replay took 2ns 
769743     INFO  main            d.u.i.k.p.r.p.TestFile    ... finished proof: closed. 
770383     INFO  main            d.u.i.k.p.i.AbstractProblemLoader Loading environment from /home/runner/work/key/key/key.core/../key.ui/examples/heap/permissions/lockspec/Counter_lockState_accessible.key.proof 
770383     DEBUG main            d.u.i.k.p.i.AbstractProblemLoader Environment load took 78ns 
770384     INFO  main            d.u.i.k.p.i.AbstractProblemLoader Creating init config 
773192     DEBUG main            d.u.i.k.p.i.AbstractProblemLoader Init config took 2.81s 
773242     INFO  main            d.u.i.k.p.i.AbstractProblemLoader Replaying proof Counter[LockSpec::lockState(boolean)].JML accessible clause.0 
773305     DEBUG main            d.u.i.k.p.i.IntermediateProofReplayer Proof replay took 60.41ms 
773306     DEBUG main            d.u.i.k.p.r.p.TestFile    ... success: reloaded. 
773307     INFO  main            d.u.i.k.p.r.p.TestFile    Now processing file /home/runner/work/key/key/key.core/../key.ui/examples/heap/permissions/lockspec/Counter_lockStatus_accessible.key 
773307     INFO  main            d.u.i.k.p.i.AbstractProblemLoader Loading environment from /home/runner/work/key/key/key.core/../key.ui/examples/heap/permissions/lockspec/Counter_lockStatus_accessible.key 
773307     DEBUG main            d.u.i.k.p.i.AbstractProblemLoader Environment load took 71.2ns 
773308     INFO  main            d.u.i.k.p.i.AbstractProblemLoader Creating init config 
776159     DEBUG main            d.u.i.k.p.i.AbstractProblemLoader Init config took 2.85s 
776209     INFO  main            d.u.i.k.p.i.AbstractProblemLoader Replaying proof Counter[LockSpec::lockStatus(boolean)].JML accessible clause.0 
776210     DEBUG main            d.u.i.k.p.i.IntermediateProofReplayer Proof replay took 2.5ns 
776311     INFO  main            d.u.i.k.p.r.p.TestFile    ... finished proof: closed. 
776966     INFO  main            d.u.i.k.p.i.AbstractProblemLoader Loading environment from /home/runner/work/key/key/key.core/../key.ui/examples/heap/permissions/lockspec/Counter_lockStatus_accessible.key.proof 
776966     DEBUG main            d.u.i.k.p.i.AbstractProblemLoader Environment load took 70.6ns 
776967     INFO  main            d.u.i.k.p.i.AbstractProblemLoader Creating init config 
779775     DEBUG main            d.u.i.k.p.i.AbstractProblemLoader Init config took 2.81s 
779825     INFO  main            d.u.i.k.p.i.AbstractProblemLoader Replaying proof Counter[LockSpec::lockStatus(boolean)].JML accessible clause.0 
779844     DEBUG main            d.u.i.k.p.i.IntermediateProofReplayer Proof replay took 18.05ms 
779845     DEBUG main            d.u.i.k.p.r.p.TestFile    ... success: reloaded. 
779845     INFO  main            d.u.i.k.p.r.p.TestFile    Now processing file /home/runner/work/key/key/key.core/../key.ui/examples/heap/permissions/lockspec/Counter_lockTransfer_accessible.key 
779846     INFO  main            d.u.i.k.p.i.AbstractProblemLoader Loading environment from /home/runner/work/key/key/key.core/../key.ui/examples/heap/permissions/lockspec/Counter_lockTransfer_accessible.key 
779846     DEBUG main            d.u.i.k.p.i.AbstractProblemLoader Environment load took 69ns 
779846     INFO  main            d.u.i.k.p.i.AbstractProblemLoader Creating init config 
782696     DEBUG main            d.u.i.k.p.i.AbstractProblemLoader Init config took 2.85s 
782767     INFO  main            d.u.i.k.p.i.AbstractProblemLoader Replaying proof Counter[LockSpec::lockTransfer()].JML accessible clause.0 
782768     DEBUG main            d.u.i.k.p.i.IntermediateProofReplayer Proof replay took 2.4ns 
783070     INFO  main            d.u.i.k.p.r.p.TestFile    ... finished proof: closed. 
783735     INFO  main            d.u.i.k.p.i.AbstractProblemLoader Loading environment from /home/runner/work/key/key/key.core/../key.ui/examples/heap/permissions/lockspec/Counter_lockTransfer_accessible.key.proof 
783735     DEBUG main            d.u.i.k.p.i.AbstractProblemLoader Environment load took 71.6ns 
783736     INFO  main            d.u.i.k.p.i.AbstractProblemLoader Creating init config 
786542     DEBUG main            d.u.i.k.p.i.AbstractProblemLoader Init config took 2.81s 
786603     INFO  main            d.u.i.k.p.i.AbstractProblemLoader Replaying proof Counter[LockSpec::lockTransfer()].JML accessible clause.0 
786658     DEBUG main            d.u.i.k.p.i.IntermediateProofReplayer Proof replay took 52.86ms 
786659     DEBUG main            d.u.i.k.p.r.p.TestFile    ... success: reloaded. 
786659     INFO  main            d.u.i.k.p.r.p.TestFile    Now processing file /home/runner/work/key/key/key.core/../key.ui/examples/heap/permissions/lockspec/Counter_unlockTransfer_accessible.key 
786659     INFO  main            d.u.i.k.p.i.AbstractProblemLoader Loading environment from /home/runner/work/key/key/key.core/../key.ui/examples/heap/permissions/lockspec/Counter_unlockTransfer_accessible.key 
786659     DEBUG main            d.u.i.k.p.i.AbstractProblemLoader Environment load took 85.9ns 
786660     INFO  main            d.u.i.k.p.i.AbstractProblemLoader Creating init config 
789519     DEBUG main            d.u.i.k.p.i.AbstractProblemLoader Init config took 2.86s 
789569     INFO  main            d.u.i.k.p.i.AbstractProblemLoader Replaying proof Counter[LockSpec::unlockTransfer()].JML accessible clause.0 
789571     DEBUG main            d.u.i.k.p.i.IntermediateProofReplayer Proof replay took 2.7ns 
789873     INFO  main            d.u.i.k.p.r.p.TestFile    ... finished proof: closed. 
790573     INFO  main            d.u.i.k.p.i.AbstractProblemLoader Loading environment from /home/runner/work/key/key/key.core/../key.ui/examples/heap/permissions/lockspec/Counter_unlockTransfer_accessible.key.proof 
790573     DEBUG main            d.u.i.k.p.i.AbstractProblemLoader Environment load took 86.8ns 
790575     INFO  main            d.u.i.k.p.i.AbstractProblemLoader Creating init config 
793384     DEBUG main            d.u.i.k.p.i.AbstractProblemLoader Init config took 2.81s 
793445     INFO  main            d.u.i.k.p.i.AbstractProblemLoader Replaying proof Counter[LockSpec::unlockTransfer()].JML accessible clause.0 
793501     DEBUG main            d.u.i.k.p.i.IntermediateProofReplayer Proof replay took 53.23ms 
793501     DEBUG main            d.u.i.k.p.r.p.TestFile    ... success: reloaded. 
793502     INFO  main            d.u.i.k.p.r.p.TestFile    Now processing file /home/runner/work/key/key/key.core/../key.ui/examples/heap/permissions/threads/Plotter_startTransfer_contract.proof 
793502     INFO  main            d.u.i.k.p.i.AbstractProblemLoader Loading environment from /home/runner/work/key/key/key.core/../key.ui/examples/heap/permissions/threads/Plotter_startTransfer_contract.proof 
793502     DEBUG main            d.u.i.k.p.i.AbstractProblemLoader Environment load took 40.7ns 
793503     INFO  main            d.u.i.k.p.i.AbstractProblemLoader Creating init config 
797787     DEBUG main            d.u.i.k.p.i.AbstractProblemLoader Init config took 4.28s 
797888     INFO  main            d.u.i.k.p.i.AbstractProblemLoader Replaying proof Plotter[ThreadSpec2::startTransfer()].JML model_behavior operation contract.0 
797980     DEBUG main            d.u.i.k.p.i.IntermediateProofReplayer Proof replay took 85.13ms 
797981     INFO  main            d.u.i.k.p.r.p.TestFile    ... success: loaded 
797982     INFO  main            d.u.i.k.p.r.p.TestFile    Now processing file /home/runner/work/key/key/key.core/../key.ui/examples/heap/permissions/threads/Plotter_startTransfer_accessible.proof 
797982     INFO  main            d.u.i.k.p.i.AbstractProblemLoader Loading environment from /home/runner/work/key/key/key.core/../key.ui/examples/heap/permissions/threads/Plotter_startTransfer_accessible.proof 
797982     DEBUG main            d.u.i.k.p.i.AbstractProblemLoader Environment load took 152.4ns 
797983     INFO  main            d.u.i.k.p.i.AbstractProblemLoader Creating init config 
802317     DEBUG main            d.u.i.k.p.i.AbstractProblemLoader Init config took 4.33s 
802396     INFO  main            d.u.i.k.p.i.AbstractProblemLoader Replaying proof Plotter[ThreadSpec2::startTransfer()].JML accessible clause.0 
802490     DEBUG main            d.u.i.k.p.i.IntermediateProofReplayer Proof replay took 85.83ms 
802491     INFO  main            d.u.i.k.p.r.p.TestFile    ... success: loaded 
802492     INFO  main            d.u.i.k.p.r.p.TestFile    Now processing file /home/runner/work/key/key/key.core/../key.ui/examples/heap/permissions/threads/Plotter_joinTransfer_accessible.proof 
802492     INFO  main            d.u.i.k.p.i.AbstractProblemLoader Loading environment from /home/runner/work/key/key/key.core/../key.ui/examples/heap/permissions/threads/Plotter_joinTransfer_accessible.proof 
802492     DEBUG main            d.u.i.k.p.i.AbstractProblemLoader Environment load took 154.3ns 
802493     INFO  main            d.u.i.k.p.i.AbstractProblemLoader Creating init config 
806939     DEBUG main            d.u.i.k.p.i.AbstractProblemLoader Init config took 4.45s 
807028     INFO  main            d.u.i.k.p.i.AbstractProblemLoader Replaying proof Plotter[ThreadSpec2::joinTransfer()].JML accessible clause.0 
807040     WARN  main            d.u.i.k.p.i.IntermediateProofReplayer Proof contains wrong number of \assumes instatiations for Definition_axiom_for_stateInv_in_Plotter 
807043     WARN  main            d.u.i.k.p.i.IntermediateProofReplayer Proof contains wrong number of \assumes instatiations for Definition_axiom_for_stateInv_in_Plotter 
807045     WARN  main            d.u.i.k.p.i.IntermediateProofReplayer Proof contains wrong number of \assumes instatiations for Definition_axiom_for_workingPermissions_in_Plotter 
807045     WARN  main            d.u.i.k.p.i.IntermediateProofReplayer Proof contains wrong number of \assumes instatiations for Definition_axiom_for_staticPermissions_in_Plotter 
807046     WARN  main            d.u.i.k.p.i.IntermediateProofReplayer Proof contains wrong number of \assumes instatiations for Definition_axiom_for_joinTransfer_in_Plotter 
807048     WARN  main            d.u.i.k.p.i.IntermediateProofReplayer Proof contains wrong number of \assumes instatiations for Definition_axiom_for_stateInv_in_BFilter 
807050     WARN  main            d.u.i.k.p.i.IntermediateProofReplayer Proof contains wrong number of \assumes instatiations for Definition_axiom_for_stateInv_in_AFilter 
807051     WARN  main            d.u.i.k.p.i.IntermediateProofReplayer Proof contains wrong number of \assumes instatiations for Definition_axiom_for_stateInv_in_BFilter 
807057     WARN  main            d.u.i.k.p.i.IntermediateProofReplayer Proof contains wrong number of \assumes instatiations for Definition_axiom_for_stateInv_in_AFilter 
807058     WARN  main            d.u.i.k.p.i.IntermediateProofReplayer Proof contains wrong number of \assumes instatiations for Definition_axiom_for_staticPermissions_in_AFilter 
807059     WARN  main            d.u.i.k.p.i.IntermediateProofReplayer Proof contains wrong number of \assumes instatiations for Definition_axiom_for_staticPermissions_in_Plotter 
807060     WARN  main            d.u.i.k.p.i.IntermediateProofReplayer Proof contains wrong number of \assumes instatiations for Definition_axiom_for_staticPermissions_in_BFilter 
807061     WARN  main            d.u.i.k.p.i.IntermediateProofReplayer Proof contains wrong number of \assumes instatiations for Definition_axiom_for_workingPermissions_in_Plotter 
807062     WARN  main            d.u.i.k.p.i.IntermediateProofReplayer Proof contains wrong number of \assumes instatiations for Definition_axiom_for_stateInv_in_Sampler 
807062     WARN  main            d.u.i.k.p.i.IntermediateProofReplayer Proof contains wrong number of \assumes instatiations for Definition_axiom_for_stateInv_in_Sampler 
807063     WARN  main            d.u.i.k.p.i.IntermediateProofReplayer Proof contains wrong number of \assumes instatiations for Definition_axiom_for_staticPermissions_in_Sampler 
807064     WARN  main            d.u.i.k.p.i.IntermediateProofReplayer Proof contains wrong number of \assumes instatiations for Definition_axiom_for_staticPermissions_in_BFilter 
807065     WARN  main            d.u.i.k.p.i.IntermediateProofReplayer Proof contains wrong number of \assumes instatiations for Definition_axiom_for_staticPermissions_in_AFilter 
807066     WARN  main            d.u.i.k.p.i.IntermediateProofReplayer Proof contains wrong number of \assumes instatiations for Definition_axiom_for_staticPermissions_in_Sampler 
807067     WARN  main            d.u.i.k.p.i.IntermediateProofReplayer Proof contains wrong number of \assumes instatiations for Definition_axiom_for_staticPermissions_in_Sampler 
807068     WARN  main            d.u.i.k.p.i.IntermediateProofReplayer Proof contains wrong number of \assumes instatiations for Definition_axiom_for_staticPermissions_in_Sampler 
807068     WARN  main            d.u.i.k.p.i.IntermediateProofReplayer Proof contains wrong number of \assumes instatiations for Definition_axiom_for_joinTransfer_in_Plotter 
807181     DEBUG main            d.u.i.k.p.i.IntermediateProofReplayer Proof replay took 145.23ms 
807182     INFO  main            d.u.i.k.p.r.p.TestFile    ... success: loaded 
5005194    INFO  Test worker     d.u.i.k.p.r.RunAllProofsTestUnit Returning from test permissionHeap 
5005196    INFO  Test worker     d.u.i.k.p.r.RunAllProofsTestUnit Running test completionScopes 
372        INFO  Timeout watchdog d.u.i.k.p.r.p.ForkedTestFileRunner Timeout watcher launched (2000 secs.) 
373        WARN  main            d.u.i.k.s.ProofSettings   The settings in /home/runner/.key/proof-settings.props are *not* read. 
418        INFO  main            d.u.i.k.p.r.p.TestFile    Now processing file /home/runner/work/key/key/key.core/../key.ui/examples/completionscopes/testCcatchReturnVal.key 
541        INFO  main            d.u.i.k.p.i.AbstractProblemLoader Loading environment from /home/runner/work/key/key/key.core/../key.ui/examples/completionscopes/testCcatchReturnVal.key 
561        DEBUG main            d.u.i.k.p.i.AbstractProblemLoader Environment load took 2.01ms 
778        INFO  main            d.u.i.k.p.i.AbstractProblemLoader Creating init config 
1627       DEBUG main            d.u.i.k.j.TypeConverter   No LDT found for Meta 
1627       DEBUG main            d.u.i.k.j.TypeConverter   No LDT found for Meta 
1629       DEBUG main            d.u.i.k.j.TypeConverter   No LDT found for Meta 
1629       DEBUG main            d.u.i.k.j.TypeConverter   No LDT found for Meta 
2976       DEBUG main            d.u.i.k.j.TypeConverter   No LDT found for JavaBigintExpression 
7698       DEBUG main            d.u.i.k.p.i.AbstractProblemLoader Init config took 6.92s 
7841       INFO  main            d.u.i.k.p.i.AbstractProblemLoader Replaying proof CompletionScopes[CompletionScopes::testCcatchReturnVal()].JML normal_behavior operation contract.0 
7873       DEBUG main            d.u.i.k.p.i.IntermediateProofReplayer Proof replay took 32.8ns 
8405       INFO  main            d.u.i.k.p.r.p.TestFile    ... finished proof: closed. 
8500       INFO  main            d.u.i.k.p.i.AbstractProblemLoader Loading environment from /home/runner/work/key/key/key.core/../key.ui/examples/completionscopes/testCcatchReturnVal.key.proof 
8501       DEBUG main            d.u.i.k.p.i.AbstractProblemLoader Environment load took 457.2ns 
8503       INFO  main            d.u.i.k.p.i.AbstractProblemLoader Creating init config 
11148      DEBUG main            d.u.i.k.p.i.AbstractProblemLoader Init config took 2.64s 
11220      INFO  main            d.u.i.k.p.i.AbstractProblemLoader Replaying proof CompletionScopes[CompletionScopes::testCcatchReturnVal()].JML normal_behavior operation contract.0 
11257      DEBUG main            d.u.i.k.p.i.IntermediateProofReplayer Proof replay took 31.74ms 
11265      DEBUG main            d.u.i.k.p.r.p.TestFile    ... success: reloaded. 
11267      INFO  main            d.u.i.k.p.r.p.TestFile    Now processing file /home/runner/work/key/key/key.core/../key.ui/examples/completionscopes/testMultCcatchClauses.key 
11267      INFO  main            d.u.i.k.p.i.AbstractProblemLoader Loading environment from /home/runner/work/key/key/key.core/../key.ui/examples/completionscopes/testMultCcatchClauses.key 
11267      DEBUG main            d.u.i.k.p.i.AbstractProblemLoader Environment load took 200.5ns 
11269      INFO  main            d.u.i.k.p.i.AbstractProblemLoader Creating init config 
13753      DEBUG main            d.u.i.k.p.i.AbstractProblemLoader Init config took 2.48s 
13810      INFO  main            d.u.i.k.p.i.AbstractProblemLoader Replaying proof CompletionScopes[CompletionScopes::testMultCcatchClauses()].JML normal_behavior operation contract.0 
13813      DEBUG main            d.u.i.k.p.i.IntermediateProofReplayer Proof replay took 5.8ns 
14217      INFO  main            d.u.i.k.p.r.p.TestFile    ... finished proof: closed. 
14352      INFO  main            d.u.i.k.p.i.AbstractProblemLoader Loading environment from /home/runner/work/key/key/key.core/../key.ui/examples/completionscopes/testMultCcatchClauses.key.proof 
14352      DEBUG main            d.u.i.k.p.i.AbstractProblemLoader Environment load took 595.01ns 
14356      INFO  main            d.u.i.k.p.i.AbstractProblemLoader Creating init config 
16857      DEBUG main            d.u.i.k.p.i.AbstractProblemLoader Init config took 2.5s 
16917      INFO  main            d.u.i.k.p.i.AbstractProblemLoader Replaying proof CompletionScopes[CompletionScopes::testMultCcatchClauses()].JML normal_behavior operation contract.0 
17003      DEBUG main            d.u.i.k.p.i.IntermediateProofReplayer Proof replay took 83.06ms 
17004      DEBUG main            d.u.i.k.p.r.p.TestFile    ... success: reloaded. 
17006      INFO  main            d.u.i.k.p.r.p.TestFile    Now processing file /home/runner/work/key/key/key.core/../key.ui/examples/completionscopes/testNestedExec.key 
17006      INFO  main            d.u.i.k.p.i.AbstractProblemLoader Loading environment from /home/runner/work/key/key/key.core/../key.ui/examples/completionscopes/testNestedExec.key 
17006      DEBUG main            d.u.i.k.p.i.AbstractProblemLoader Environment load took 172.8ns 
17007      INFO  main            d.u.i.k.p.i.AbstractProblemLoader Creating init config 
19449      DEBUG main            d.u.i.k.p.i.AbstractProblemLoader Init config took 2.44s 
19496      INFO  main            d.u.i.k.p.i.AbstractProblemLoader Replaying proof CompletionScopes[CompletionScopes::testMultCcatchClauses()].JML normal_behavior operation contract.0 
19498      DEBUG main            d.u.i.k.p.i.IntermediateProofReplayer Proof replay took 6.1ns 
19802      INFO  main            d.u.i.k.p.r.p.TestFile    ... finished proof: closed. 
19946      INFO  main            d.u.i.k.p.i.AbstractProblemLoader Loading environment from /home/runner/work/key/key/key.core/../key.ui/examples/completionscopes/testNestedExec.key.proof 
19949      DEBUG main            d.u.i.k.p.i.AbstractProblemLoader Environment load took 2.41ms 
19950      INFO  main            d.u.i.k.p.i.AbstractProblemLoader Creating init config 
22368      DEBUG main            d.u.i.k.p.i.AbstractProblemLoader Init config took 2.42s 
22412      INFO  main            d.u.i.k.p.i.AbstractProblemLoader Replaying proof CompletionScopes[CompletionScopes::testMultCcatchClauses()].JML normal_behavior operation contract.0 
22482      DEBUG main            d.u.i.k.p.i.IntermediateProofReplayer Proof replay took 66.45ms 
22483      DEBUG main            d.u.i.k.p.r.p.TestFile    ... success: reloaded. 
22484      INFO  main            d.u.i.k.p.r.p.TestFile    Now processing file /home/runner/work/key/key/key.core/../key.ui/examples/completionscopes/testCcatchBreakLabel.key 
22484      INFO  main            d.u.i.k.p.i.AbstractProblemLoader Loading environment from /home/runner/work/key/key/key.core/../key.ui/examples/completionscopes/testCcatchBreakLabel.key 
22484      DEBUG main            d.u.i.k.p.i.AbstractProblemLoader Environment load took 180.6ns 
22486      INFO  main            d.u.i.k.p.i.AbstractProblemLoader Creating init config 
24931      DEBUG main            d.u.i.k.p.i.AbstractProblemLoader Init config took 2.44s 
24975      INFO  main            d.u.i.k.p.i.AbstractProblemLoader Replaying proof CompletionScopes[CompletionScopes::testBreakLabel()].JML normal_behavior operation contract.0 
24977      DEBUG main            d.u.i.k.p.i.IntermediateProofReplayer Proof replay took 6ns 
24992      DEBUG Thread-10       d.u.i.k.l.o.ProgramSV     Match failed: Former match of  SchemaVariable incompatible with  the current match. 
25079      INFO  main            d.u.i.k.p.r.p.TestFile    ... finished proof: closed. 
25222      INFO  main            d.u.i.k.p.i.AbstractProblemLoader Loading environment from /home/runner/work/key/key/key.core/../key.ui/examples/completionscopes/testCcatchBreakLabel.key.proof 
25222      DEBUG main            d.u.i.k.p.i.AbstractProblemLoader Environment load took 126ns 
25223      INFO  main            d.u.i.k.p.i.AbstractProblemLoader Creating init config 
27601      DEBUG main            d.u.i.k.p.i.AbstractProblemLoader Init config took 2.38s 
27645      INFO  main            d.u.i.k.p.i.AbstractProblemLoader Replaying proof CompletionScopes[CompletionScopes::testBreakLabel()].JML normal_behavior operation contract.0 
27655      DEBUG main            d.u.i.k.p.i.IntermediateProofReplayer Proof replay took 7.85ms 
27656      DEBUG main            d.u.i.k.p.r.p.TestFile    ... success: reloaded. 
27657      INFO  main            d.u.i.k.p.r.p.TestFile    Now processing file /home/runner/work/key/key/key.core/../key.ui/examples/completionscopes/testCcatchContinueLabel.key 
27657      INFO  main            d.u.i.k.p.i.AbstractProblemLoader Loading environment from /home/runner/work/key/key/key.core/../key.ui/examples/completionscopes/testCcatchContinueLabel.key 
27657      DEBUG main            d.u.i.k.p.i.AbstractProblemLoader Environment load took 177.9ns 
27658      INFO  main            d.u.i.k.p.i.AbstractProblemLoader Creating init config 
30052      DEBUG main            d.u.i.k.p.i.AbstractProblemLoader Init config took 2.39s 
30103      INFO  main            d.u.i.k.p.i.AbstractProblemLoader Replaying proof CompletionScopes[CompletionScopes::testContinueLabel()].JML normal_behavior operation contract.0 
30106      DEBUG main            d.u.i.k.p.i.IntermediateProofReplayer Proof replay took 7.3ns 
30127      DEBUG Thread-13       d.u.i.k.l.o.ProgramSV     Match failed: Former match of  SchemaVariable incompatible with  the current match. 
30209      INFO  main            d.u.i.k.p.r.p.TestFile    ... finished proof: closed. 
30399      INFO  main            d.u.i.k.p.i.AbstractProblemLoader Loading environment from /home/runner/work/key/key/key.core/../key.ui/examples/completionscopes/testCcatchContinueLabel.key.proof 
30399      DEBUG main            d.u.i.k.p.i.AbstractProblemLoader Environment load took 144.3ns 
30400      INFO  main            d.u.i.k.p.i.AbstractProblemLoader Creating init config 
32778      DEBUG main            d.u.i.k.p.i.AbstractProblemLoader Init config took 2.38s 
32840      INFO  main            d.u.i.k.p.i.AbstractProblemLoader Replaying proof CompletionScopes[CompletionScopes::testContinueLabel()].JML normal_behavior operation contract.0 
32853      DEBUG main            d.u.i.k.p.i.IntermediateProofReplayer Proof replay took 10.83ms 
32854      DEBUG main            d.u.i.k.p.r.p.TestFile    ... success: reloaded. 
32855      INFO  main            d.u.i.k.p.r.p.TestFile    Now processing file /home/runner/work/key/key/key.core/../key.ui/examples/completionscopes/testCcatchBreakLabelWildcard.key 
32855      INFO  main            d.u.i.k.p.i.AbstractProblemLoader Loading environment from /home/runner/work/key/key/key.core/../key.ui/examples/completionscopes/testCcatchBreakLabelWildcard.key 
32855      DEBUG main            d.u.i.k.p.i.AbstractProblemLoader Environment load took 182.1ns 
32856      INFO  main            d.u.i.k.p.i.AbstractProblemLoader Creating init config 
35262      DEBUG main            d.u.i.k.p.i.AbstractProblemLoader Init config took 2.41s 
35303      INFO  main            d.u.i.k.p.i.AbstractProblemLoader Replaying proof CompletionScopes[CompletionScopes::testBreakLabelWildcard()].JML normal_behavior operation contract.0 
35304      DEBUG main            d.u.i.k.p.i.IntermediateProofReplayer Proof replay took 6.7ns 
35319      DEBUG Thread-16       d.u.i.k.l.o.ProgramSV     Match failed: Former match of  SchemaVariable incompatible with  the current match. 
35320      DEBUG Thread-16       d.u.i.k.l.o.ProgramSV     Match failed: Former match of  SchemaVariable incompatible with  the current match. 
35406      INFO  main            d.u.i.k.p.r.p.TestFile    ... finished proof: closed. 
35662      INFO  main            d.u.i.k.p.i.AbstractProblemLoader Loading environment from /home/runner/work/key/key/key.core/../key.ui/examples/completionscopes/testCcatchBreakLabelWildcard.key.proof 
35662      DEBUG main            d.u.i.k.p.i.AbstractProblemLoader Environment load took 137.8ns 
35663      INFO  main            d.u.i.k.p.i.AbstractProblemLoader Creating init config 
38022      DEBUG main            d.u.i.k.p.i.AbstractProblemLoader Init config took 2.36s 
38065      INFO  main            d.u.i.k.p.i.AbstractProblemLoader Replaying proof CompletionScopes[CompletionScopes::testBreakLabelWildcard()].JML normal_behavior operation contract.0 
38074      DEBUG main            d.u.i.k.p.i.IntermediateProofReplayer Proof replay took 7.16ms 
38075      DEBUG main            d.u.i.k.p.r.p.TestFile    ... success: reloaded. 
38076      INFO  main            d.u.i.k.p.r.p.TestFile    Now processing file /home/runner/work/key/key/key.core/../key.ui/examples/completionscopes/testCcatchContinueLabelWildcard.key 
38076      INFO  main            d.u.i.k.p.i.AbstractProblemLoader Loading environment from /home/runner/work/key/key/key.core/../key.ui/examples/completionscopes/testCcatchContinueLabelWildcard.key 
38076      DEBUG main            d.u.i.k.p.i.AbstractProblemLoader Environment load took 81.2ns 
38077      INFO  main            d.u.i.k.p.i.AbstractProblemLoader Creating init config 
40482      DEBUG main            d.u.i.k.p.i.AbstractProblemLoader Init config took 2.41s 
40527      INFO  main            d.u.i.k.p.i.AbstractProblemLoader Replaying proof CompletionScopes[CompletionScopes::testContinueLabelWildcard()].JML normal_behavior operation contract.0 
40529      DEBUG main            d.u.i.k.p.i.IntermediateProofReplayer Proof replay took 6.7ns 
40547      DEBUG Thread-19       d.u.i.k.l.o.ProgramSV     Match failed: Former match of  SchemaVariable incompatible with  the current match. 
40548      DEBUG Thread-19       d.u.i.k.l.o.ProgramSV     Match failed: Former match of  SchemaVariable incompatible with  the current match. 
40631      INFO  main            d.u.i.k.p.r.p.TestFile    ... finished proof: closed. 
40818      INFO  main            d.u.i.k.p.i.AbstractProblemLoader Loading environment from /home/runner/work/key/key/key.core/../key.ui/examples/completionscopes/testCcatchContinueLabelWildcard.key.proof 
40818      DEBUG main            d.u.i.k.p.i.AbstractProblemLoader Environment load took 119.3ns 
40819      INFO  main            d.u.i.k.p.i.AbstractProblemLoader Creating init config 
43143      DEBUG main            d.u.i.k.p.i.AbstractProblemLoader Init config took 2.32s 
43193      INFO  main            d.u.i.k.p.i.AbstractProblemLoader Replaying proof CompletionScopes[CompletionScopes::testContinueLabelWildcard()].JML normal_behavior operation contract.0 
43204      DEBUG main            d.u.i.k.p.i.IntermediateProofReplayer Proof replay took 8.2ms 
43205      DEBUG main            d.u.i.k.p.r.p.TestFile    ... success: reloaded. 
43206      INFO  main            d.u.i.k.p.r.p.TestFile    Now processing file /home/runner/work/key/key/key.core/../key.ui/examples/completionscopes/testCcatchBreakLabelNonmatchingNested.key 
43207      INFO  main            d.u.i.k.p.i.AbstractProblemLoader Loading environment from /home/runner/work/key/key/key.core/../key.ui/examples/completionscopes/testCcatchBreakLabelNonmatchingNested.key 
43207      DEBUG main            d.u.i.k.p.i.AbstractProblemLoader Environment load took 89.8ns 
43208      INFO  main            d.u.i.k.p.i.AbstractProblemLoader Creating init config 
45590      DEBUG main            d.u.i.k.p.i.AbstractProblemLoader Init config took 2.38s 
45637      INFO  main            d.u.i.k.p.i.AbstractProblemLoader Replaying proof CompletionScopes[CompletionScopes::testBreakLabelNonmatchingNested()].JML normal_behavior operation contract.0 
45639      DEBUG main            d.u.i.k.p.i.IntermediateProofReplayer Proof replay took 7.2ns 
45661      DEBUG Thread-22       d.u.i.k.l.o.ProgramSV     Match failed: Former match of  SchemaVariable incompatible with  the current match. 
45662      DEBUG Thread-22       d.u.i.k.l.o.ProgramSV     Match failed: Former match of  SchemaVariable incompatible with  the current match. 
45742      INFO  main            d.u.i.k.p.r.p.TestFile    ... finished proof: closed. 
45916      INFO  main            d.u.i.k.p.i.AbstractProblemLoader Loading environment from /home/runner/work/key/key/key.core/../key.ui/examples/completionscopes/testCcatchBreakLabelNonmatchingNested.key.proof 
45916      DEBUG main            d.u.i.k.p.i.AbstractProblemLoader Environment load took 139.5ns 
45918      INFO  main            d.u.i.k.p.i.AbstractProblemLoader Creating init config 
48220      DEBUG main            d.u.i.k.p.i.AbstractProblemLoader Init config took 2.3s 
48257      INFO  main            d.u.i.k.p.i.AbstractProblemLoader Replaying proof CompletionScopes[CompletionScopes::testBreakLabelNonmatchingNested()].JML normal_behavior operation contract.0 
48267      DEBUG main            d.u.i.k.p.i.IntermediateProofReplayer Proof replay took 8.33ms 
48268      DEBUG main            d.u.i.k.p.r.p.TestFile    ... success: reloaded. 
5053633    INFO  Test worker     d.u.i.k.p.r.RunAllProofsTestUnit Returning from test completionScopes 
5053635    INFO  Test worker     d.u.i.k.p.r.RunAllProofsTestUnit Running test reload_examples 
340        INFO  Timeout watchdog d.u.i.k.p.r.p.ForkedTestFileRunner Timeout watcher launched (2000 secs.) 
342        WARN  main            d.u.i.k.s.ProofSettings   The settings in /home/runner/.key/proof-settings.props are *not* read. 
385        INFO  main            d.u.i.k.p.r.p.TestFile    Now processing file /home/runner/work/key/key/key.core/../key.ui/examples/firstTouch/05-ReverseArray/reverseArray.key 
533        INFO  main            d.u.i.k.p.i.AbstractProblemLoader Loading environment from /home/runner/work/key/key/key.core/../key.ui/examples/firstTouch/05-ReverseArray/reverseArray.key 
552        DEBUG main            d.u.i.k.p.i.AbstractProblemLoader Environment load took 2.94ms 
794        INFO  main            d.u.i.k.p.i.AbstractProblemLoader Creating init config 
1762       DEBUG main            d.u.i.k.j.TypeConverter   No LDT found for Meta 
1763       DEBUG main            d.u.i.k.j.TypeConverter   No LDT found for Meta 
1766       DEBUG main            d.u.i.k.j.TypeConverter   No LDT found for Meta 
1766       DEBUG main            d.u.i.k.j.TypeConverter   No LDT found for Meta 
3078       DEBUG main            d.u.i.k.j.TypeConverter   No LDT found for JavaBigintExpression 
8177       DEBUG main            d.u.i.k.p.i.AbstractProblemLoader Init config took 7.38s 
8281       INFO  main            d.u.i.k.p.i.AbstractProblemLoader Replaying proof ReverseArray[ReverseArray::reverse()].JML normal_behavior operation contract.0 
8335       DEBUG main            d.u.i.k.p.i.IntermediateProofReplayer Proof replay took 37.9ns 
19356      INFO  main            d.u.i.k.p.r.p.TestFile    ... finished proof: closed. 
19646      INFO  main            d.u.i.k.p.i.AbstractProblemLoader Loading environment from /home/runner/work/key/key/key.core/../key.ui/examples/firstTouch/05-ReverseArray/reverseArray.key.proof 
19646      DEBUG main            d.u.i.k.p.i.AbstractProblemLoader Environment load took 230ns 
19650      INFO  main            d.u.i.k.p.i.AbstractProblemLoader Creating init config 
22472      DEBUG main            d.u.i.k.p.i.AbstractProblemLoader Init config took 2.82s 
22531      INFO  main            d.u.i.k.p.i.AbstractProblemLoader Replaying proof ReverseArray[ReverseArray::reverse()].JML normal_behavior operation contract.0 
23766      DEBUG main            d.u.i.k.p.i.IntermediateProofReplayer Proof replay took 1.16s 
23777      DEBUG main            d.u.i.k.p.r.p.TestFile    ... success: reloaded. 
23779      INFO  main            d.u.i.k.p.r.p.TestFile    Now processing file /home/runner/work/key/key/key.core/../key.ui/examples/standard_key/arith/saveProofTest.key.proof 
23779      INFO  main            d.u.i.k.p.i.AbstractProblemLoader Loading environment from /home/runner/work/key/key/key.core/../key.ui/examples/standard_key/arith/saveProofTest.key.proof 
23779      DEBUG main            d.u.i.k.p.i.AbstractProblemLoader Environment load took 295.9ns 
23781      INFO  main            d.u.i.k.p.i.AbstractProblemLoader Creating init config 
26365      DEBUG main            d.u.i.k.p.i.AbstractProblemLoader Init config took 2.58s 
26392      INFO  main            d.u.i.k.p.i.AbstractProblemLoader Replaying proof saveProofTest.key.proof 
26399      DEBUG main            d.u.i.k.p.i.IntermediateProofReplayer Proof replay took 2.91ms 
26399      INFO  main            d.u.i.k.p.r.p.TestFile    ... success: loaded 
26401      INFO  main            d.u.i.k.p.r.p.TestFile    Now processing file /home/runner/work/key/key/key.core/../key.ui/examples/heap/permutedSum/perm.proof 
26401      INFO  main            d.u.i.k.p.i.AbstractProblemLoader Loading environment from /home/runner/work/key/key/key.core/../key.ui/examples/heap/permutedSum/perm.proof 
26401      DEBUG main            d.u.i.k.p.i.AbstractProblemLoader Environment load took 125.2ns 
26404      INFO  main            d.u.i.k.p.i.AbstractProblemLoader Creating init config 
29098      DEBUG main            d.u.i.k.p.i.AbstractProblemLoader Init config took 2.69s 
29167      INFO  main            d.u.i.k.p.i.AbstractProblemLoader Replaying proof Perm[Perm::foo()].JML normal_behavior operation contract.0 
30235      DEBUG main            d.u.i.k.p.i.IntermediateProofReplayer Proof replay took 1.02s 
30238      INFO  main            d.u.i.k.p.r.p.TestFile    ... success: loaded 
30240      INFO  main            d.u.i.k.p.r.p.TestFile    Now processing file /home/runner/work/key/key/key.core/../key.ui/examples/firstTouch/05-ReverseArray/reverseArray.proof 
30240      INFO  main            d.u.i.k.p.i.AbstractProblemLoader Loading environment from /home/runner/work/key/key/key.core/../key.ui/examples/firstTouch/05-ReverseArray/reverseArray.proof 
30240      DEBUG main            d.u.i.k.p.i.AbstractProblemLoader Environment load took 204.2ns 
30243      INFO  main            d.u.i.k.p.i.AbstractProblemLoader Creating init config 
32825      DEBUG main            d.u.i.k.p.i.AbstractProblemLoader Init config took 2.58s 
32864      INFO  main            d.u.i.k.p.i.AbstractProblemLoader Replaying proof ReverseArray[ReverseArray::reverse()].JML normal_behavior operation contract.0 
33921      DEBUG main            d.u.i.k.p.i.IntermediateProofReplayer Proof replay took 1.02s 
33925      INFO  main            d.u.i.k.p.r.p.TestFile    ... success: loaded 
33926      INFO  main            d.u.i.k.p.r.p.TestFile    Now processing file /home/runner/work/key/key/key.core/../key.ui/examples/heap/verifyThis15_1_RelaxedPrefix/relax.proof 
33926      INFO  main            d.u.i.k.p.i.AbstractProblemLoader Loading environment from /home/runner/work/key/key/key.core/../key.ui/examples/heap/verifyThis15_1_RelaxedPrefix/relax.proof 
33927      DEBUG main            d.u.i.k.p.i.AbstractProblemLoader Environment load took 189.9ns 
33929      INFO  main            d.u.i.k.p.i.AbstractProblemLoader Creating init config 
36512      DEBUG main            d.u.i.k.p.i.AbstractProblemLoader Init config took 2.58s 
36560      INFO  main            d.u.i.k.p.i.AbstractProblemLoader Replaying proof Relaxed[Relaxed::isRelaxedPrefix([I,[I)].JML operation contract.0 
37018      DEBUG main            d.u.i.k.p.i.IntermediateProofReplayer Proof replay took 442.8ms 
37019      INFO  main            d.u.i.k.p.r.p.TestFile    ... success: loaded 
37021      INFO  main            d.u.i.k.p.r.p.TestFile    Now processing file /home/runner/work/key/key/key.core/../key.ui/examples/heap/verifyThis15_3_DLL/doUndo.proof 
37021      INFO  main            d.u.i.k.p.i.AbstractProblemLoader Loading environment from /home/runner/work/key/key/key.core/../key.ui/examples/heap/verifyThis15_3_DLL/doUndo.proof 
37021      DEBUG main            d.u.i.k.p.i.AbstractProblemLoader Environment load took 178.2ns 
37023      INFO  main            d.u.i.k.p.i.AbstractProblemLoader Creating init config 
37972      DEBUG main            d.u.i.k.j.r.ClassPreparationMethodBuilder clPrepBuilder: Inner Class detected. Reject building class initialisation methods. 
39833      DEBUG main            d.u.i.k.p.i.AbstractProblemLoader Init config took 2.81s 
39911      INFO  main            d.u.i.k.p.i.AbstractProblemLoader Replaying proof DoubleLinkedList[DoubleLinkedList::doUndo(DoubleLinkedList.Node,int)].JML normal_behavior operation contract.0 
40635      DEBUG main            d.u.i.k.p.i.IntermediateProofReplayer Proof replay took 688.04ms 
40637      INFO  main            d.u.i.k.p.r.p.TestFile    ... success: loaded 
40638      INFO  main            d.u.i.k.p.r.p.TestFile    Now processing file /home/runner/work/key/key/key.core/../key.ui/examples/heap/verifyThis15_2_ParallelGcd/parallelGcd.proof 
40638      INFO  main            d.u.i.k.p.i.AbstractProblemLoader Loading environment from /home/runner/work/key/key/key.core/../key.ui/examples/heap/verifyThis15_2_ParallelGcd/parallelGcd.proof 
40639      DEBUG main            d.u.i.k.p.i.AbstractProblemLoader Environment load took 186ns 
40640      INFO  main            d.u.i.k.p.i.AbstractProblemLoader Creating init config 
43256      DEBUG main            d.u.i.k.p.i.AbstractProblemLoader Init config took 2.62s 
43302      INFO  main            d.u.i.k.p.i.AbstractProblemLoader Replaying proof ParallelGcd[ParallelGcd::parallelGcd(int,int,[Z)].JML behavior operation contract.0 
44002      DEBUG main            d.u.i.k.p.i.IntermediateProofReplayer Proof replay took 687.69ms 
44004      INFO  main            d.u.i.k.p.r.p.TestFile    ... success: loaded 
5097813    INFO  Test worker     d.u.i.k.p.r.RunAllProofsTestUnit Returning from test reload_examples 
5097814    INFO  Test worker     d.u.i.k.p.r.RunAllProofsTestUnit Running test proofLoadRepair 
322        INFO  Timeout watchdog d.u.i.k.p.r.p.ForkedTestFileRunner Timeout watcher launched (2000 secs.) 
331        WARN  main            d.u.i.k.s.ProofSettings   The settings in /home/runner/.key/proof-settings.props are *not* read. 
358        INFO  main            d.u.i.k.p.r.p.TestFile    Now processing file /home/runner/work/key/key/key.core/../key.ui/examples/proofLoadRepair/disjConj-manipulated.proof 
464        INFO  main            d.u.i.k.p.i.AbstractProblemLoader Loading environment from /home/runner/work/key/key/key.core/../key.ui/examples/proofLoadRepair/disjConj-manipulated.proof 
488        DEBUG main            d.u.i.k.p.i.AbstractProblemLoader Environment load took 2.09ms 
712        INFO  main            d.u.i.k.p.i.AbstractProblemLoader Creating init config 
1499       DEBUG main            d.u.i.k.j.TypeConverter   No LDT found for Meta 
1500       DEBUG main            d.u.i.k.j.TypeConverter   No LDT found for Meta 
1503       DEBUG main            d.u.i.k.j.TypeConverter   No LDT found for Meta 
1503       DEBUG main            d.u.i.k.j.TypeConverter   No LDT found for Meta 
2936       DEBUG main            d.u.i.k.j.TypeConverter   No LDT found for JavaBigintExpression 
7249       DEBUG main            d.u.i.k.p.i.AbstractProblemLoader Init config took 6.54s 
7332       INFO  main            d.u.i.k.p.i.AbstractProblemLoader Replaying proof disjConj-manipulated.proof 
7380       WARN  main            d.u.i.k.p.i.IntermediateProofReplayer Proof contains wrong number of \assumes instatiations for andLeft 
7381       WARN  main            d.u.i.k.p.i.IntermediateProofReplayer Proof contains wrong number of \assumes instatiations for replace_known_right 
7387       WARN  main            d.u.i.k.p.i.IntermediateProofReplayer Proof contains wrong number of \assumes instatiations for close 
7387       DEBUG main            d.u.i.k.p.i.IntermediateProofReplayer Proof replay took 18.76ms 
7392       INFO  main            d.u.i.k.p.r.p.TestFile    ... success: loaded 
7396       INFO  main            d.u.i.k.p.r.p.TestFile    Now processing file /home/runner/work/key/key/key.core/../key.ui/examples/proofLoadRepair/insufficient-manipulated.proof 
7396       INFO  main            d.u.i.k.p.i.AbstractProblemLoader Loading environment from /home/runner/work/key/key/key.core/../key.ui/examples/proofLoadRepair/insufficient-manipulated.proof 
7397       DEBUG main            d.u.i.k.p.i.AbstractProblemLoader Environment load took 234ns 
7402       INFO  main            d.u.i.k.p.i.AbstractProblemLoader Creating init config 
10106      DEBUG main            d.u.i.k.p.i.AbstractProblemLoader Init config took 2.7s 
10124      INFO  main            d.u.i.k.p.i.AbstractProblemLoader Replaying proof insufficient-manipulated.proof 
10143      WARN  main            d.u.i.k.p.i.IntermediateProofReplayer Proof contains wrong number of \assumes instatiations for applyEq 
10152      DEBUG main            d.u.i.k.p.i.IntermediateProofReplayer Proof replay took 12.27ms 
10154      INFO  main            d.u.i.k.p.r.p.TestFile    ... success: loading failed 
10156      INFO  main            d.u.i.k.p.r.p.TestFile    Now processing file /home/runner/work/key/key/key.core/../key.ui/examples/../../key.core/src/test/resources/testcase/issues/1716/incorrectPolarity.proof 
10156      INFO  main            d.u.i.k.p.i.AbstractProblemLoader Loading environment from /home/runner/work/key/key/key.core/../key.ui/examples/../../key.core/src/test/resources/testcase/issues/1716/incorrectPolarity.proof 
10156      DEBUG main            d.u.i.k.p.i.AbstractProblemLoader Environment load took 93.5ns 
10157      INFO  main            d.u.i.k.p.i.AbstractProblemLoader Creating init config 
12878      DEBUG main            d.u.i.k.p.i.AbstractProblemLoader Init config took 2.72s 
12907      INFO  main            d.u.i.k.p.i.AbstractProblemLoader Replaying proof incorrectPolarity.proof 
12909      DEBUG main            d.u.i.k.p.i.IntermediateProofReplayer Proof replay took 184.5ns 
12915      INFO  main            d.u.i.k.p.r.p.TestFile    ... success: loading failed 
12916      INFO  main            d.u.i.k.p.r.p.TestFile    Now processing file /home/runner/work/key/key/key.core/../key.ui/examples/../../key.core/src/test/resources/testcase/issues/1716/incorrectPolarity2.proof 
12917      INFO  main            d.u.i.k.p.i.AbstractProblemLoader Loading environment from /home/runner/work/key/key/key.core/../key.ui/examples/../../key.core/src/test/resources/testcase/issues/1716/incorrectPolarity2.proof 
12917      DEBUG main            d.u.i.k.p.i.AbstractProblemLoader Environment load took 101ns 
12918      INFO  main            d.u.i.k.p.i.AbstractProblemLoader Creating init config 
15336      DEBUG main            d.u.i.k.p.i.AbstractProblemLoader Init config took 2.42s 
15365      INFO  main            d.u.i.k.p.i.AbstractProblemLoader Replaying proof incorrectPolarity2.proof 
15371      DEBUG main            d.u.i.k.p.i.IntermediateProofReplayer Proof replay took 387.11ns 
15371      INFO  main            d.u.i.k.p.r.p.TestFile    ... success: loading failed 
15372      INFO  main            d.u.i.k.p.r.p.TestFile    Now processing file /home/runner/work/key/key/key.core/../key.ui/examples/../../key.core/src/test/resources/testcase/issues/1716/incorrectPolarity3.proof 
15373      INFO  main            d.u.i.k.p.i.AbstractProblemLoader Loading environment from /home/runner/work/key/key/key.core/../key.ui/examples/../../key.core/src/test/resources/testcase/issues/1716/incorrectPolarity3.proof 
15373      DEBUG main            d.u.i.k.p.i.AbstractProblemLoader Environment load took 186.9ns 
15375      INFO  main            d.u.i.k.p.i.AbstractProblemLoader Creating init config 
17775      DEBUG main            d.u.i.k.p.i.AbstractProblemLoader Init config took 2.4s 
17796      INFO  main            d.u.i.k.p.i.AbstractProblemLoader Replaying proof incorrectPolarity3.proof 
17800      DEBUG main            d.u.i.k.p.i.IntermediateProofReplayer Proof replay took 1.68ms 
17800      INFO  main            d.u.i.k.p.r.p.TestFile    ... success: loading failed 
5115788    INFO  Test worker     d.u.i.k.p.r.RunAllProofsTestUnit Returning from test proofLoadRepair 
5115788    INFO  Test worker     d.u.i.k.p.r.RunAllProofsTestUnit Running test switch 
379        INFO  Timeout watchdog d.u.i.k.p.r.p.ForkedTestFileRunner Timeout watcher launched (2000 secs.) 
387        WARN  main            d.u.i.k.s.ProofSettings   The settings in /home/runner/.key/proof-settings.props are *not* read. 
414        INFO  main            d.u.i.k.p.r.p.TestFile    Now processing file /home/runner/work/key/key/key.core/../key.ui/examples/standard_key/java_dl/switch/labeled_case.key 
516        INFO  main            d.u.i.k.p.i.AbstractProblemLoader Loading environment from /home/runner/work/key/key/key.core/../key.ui/examples/standard_key/java_dl/switch/labeled_case.key 
547        DEBUG main            d.u.i.k.p.i.AbstractProblemLoader Environment load took 1.99ms 
774        INFO  main            d.u.i.k.p.i.AbstractProblemLoader Creating init config 
1742       DEBUG main            d.u.i.k.j.TypeConverter   No LDT found for Meta 
1743       DEBUG main            d.u.i.k.j.TypeConverter   No LDT found for Meta 
1746       DEBUG main            d.u.i.k.j.TypeConverter   No LDT found for Meta 
1746       DEBUG main            d.u.i.k.j.TypeConverter   No LDT found for Meta 
2980       DEBUG main            d.u.i.k.j.TypeConverter   No LDT found for JavaBigintExpression 
7773       DEBUG main            d.u.i.k.p.i.AbstractProblemLoader Init config took 7s 
7891       INFO  main            d.u.i.k.p.i.AbstractProblemLoader Replaying proof LabeledCase[LabeledCase::m(int)].JML normal_behavior operation contract.0 
7922       DEBUG main            d.u.i.k.p.i.IntermediateProofReplayer Proof replay took 30.3ns 
8547       INFO  main            d.u.i.k.p.r.p.TestFile    ... finished proof: closed. 
8648       INFO  main            d.u.i.k.p.i.AbstractProblemLoader Loading environment from /home/runner/work/key/key/key.core/../key.ui/examples/standard_key/java_dl/switch/labeled_case.key.proof 
8649       DEBUG main            d.u.i.k.p.i.AbstractProblemLoader Environment load took 1.18ms 
8651       INFO  main            d.u.i.k.p.i.AbstractProblemLoader Creating init config 
11456      DEBUG main            d.u.i.k.p.i.AbstractProblemLoader Init config took 2.8s 
11514      INFO  main            d.u.i.k.p.i.AbstractProblemLoader Replaying proof LabeledCase[LabeledCase::m(int)].JML normal_behavior operation contract.0 
11571      DEBUG main            d.u.i.k.p.i.IntermediateProofReplayer Proof replay took 51.9ms 
11578      DEBUG main            d.u.i.k.p.r.p.TestFile    ... success: reloaded. 
11579      INFO  main            d.u.i.k.p.r.p.TestFile    Now processing file /home/runner/work/key/key/key.core/../key.ui/examples/standard_key/java_dl/switch/empty_switch.key 
11579      INFO  main            d.u.i.k.p.i.AbstractProblemLoader Loading environment from /home/runner/work/key/key/key.core/../key.ui/examples/standard_key/java_dl/switch/empty_switch.key 
11579      DEBUG main            d.u.i.k.p.i.AbstractProblemLoader Environment load took 187.3ns 
11581      INFO  main            d.u.i.k.p.i.AbstractProblemLoader Creating init config 
14084      DEBUG main            d.u.i.k.p.i.AbstractProblemLoader Init config took 2.5s 
14120      INFO  main            d.u.i.k.p.i.AbstractProblemLoader Replaying proof empty_switch.key 
14126      DEBUG main            d.u.i.k.p.i.IntermediateProofReplayer Proof replay took 89.7ns 
14232      INFO  main            d.u.i.k.p.r.p.TestFile    ... finished proof: closed. 
14360      INFO  main            d.u.i.k.p.i.AbstractProblemLoader Loading environment from /home/runner/work/key/key/key.core/../key.ui/examples/standard_key/java_dl/switch/empty_switch.key.proof 
14360      DEBUG main            d.u.i.k.p.i.AbstractProblemLoader Environment load took 140.1ns 
14361      INFO  main            d.u.i.k.p.i.AbstractProblemLoader Creating init config 
16797      DEBUG main            d.u.i.k.p.i.AbstractProblemLoader Init config took 2.44s 
16819      INFO  main            d.u.i.k.p.i.AbstractProblemLoader Replaying proof empty_switch.key.proof 
16823      DEBUG main            d.u.i.k.p.i.IntermediateProofReplayer Proof replay took 2.03ms 
16824      DEBUG main            d.u.i.k.p.r.p.TestFile    ... success: reloaded. 
16825      INFO  main            d.u.i.k.p.r.p.TestFile    Now processing file /home/runner/work/key/key/key.core/../key.ui/examples/standard_key/java_dl/switch/empty_switch_null.key 
16825      INFO  main            d.u.i.k.p.i.AbstractProblemLoader Loading environment from /home/runner/work/key/key/key.core/../key.ui/examples/standard_key/java_dl/switch/empty_switch_null.key 
16825      DEBUG main            d.u.i.k.p.i.AbstractProblemLoader Environment load took 191.5ns 
16826      INFO  main            d.u.i.k.p.i.AbstractProblemLoader Creating init config 
19246      DEBUG main            d.u.i.k.p.i.AbstractProblemLoader Init config took 2.42s 
19269      INFO  main            d.u.i.k.p.i.AbstractProblemLoader Replaying proof empty_switch_null.key 
19272      DEBUG main            d.u.i.k.p.i.IntermediateProofReplayer Proof replay took 6.2ns 
19476      INFO  main            d.u.i.k.p.r.p.TestFile    ... finished proof: closed. 
19615      INFO  main            d.u.i.k.p.i.AbstractProblemLoader Loading environment from /home/runner/work/key/key/key.core/../key.ui/examples/standard_key/java_dl/switch/empty_switch_null.key.proof 
19615      DEBUG main            d.u.i.k.p.i.AbstractProblemLoader Environment load took 135ns 
19622      INFO  main            d.u.i.k.p.i.AbstractProblemLoader Creating init config 
21999      DEBUG main            d.u.i.k.p.i.AbstractProblemLoader Init config took 2.38s 
22019      INFO  main            d.u.i.k.p.i.AbstractProblemLoader Replaying proof empty_switch_null.key.proof 
22050      DEBUG main            d.u.i.k.p.i.IntermediateProofReplayer Proof replay took 28.25ms 
22054      DEBUG main            d.u.i.k.p.r.p.TestFile    ... success: reloaded. 
22056      INFO  main            d.u.i.k.p.r.p.TestFile    Now processing file /home/runner/work/key/key/key.core/../key.ui/examples/standard_key/java_dl/switch/empty_switch_null_catch.key 
22057      INFO  main            d.u.i.k.p.i.AbstractProblemLoader Loading environment from /home/runner/work/key/key/key.core/../key.ui/examples/standard_key/java_dl/switch/empty_switch_null_catch.key 
22057      DEBUG main            d.u.i.k.p.i.AbstractProblemLoader Environment load took 176.7ns 
22058      INFO  main            d.u.i.k.p.i.AbstractProblemLoader Creating init config 
24477      DEBUG main            d.u.i.k.p.i.AbstractProblemLoader Init config took 2.42s 
24499      INFO  main            d.u.i.k.p.i.AbstractProblemLoader Replaying proof empty_switch_null_catch.key 
24500      DEBUG main            d.u.i.k.p.i.IntermediateProofReplayer Proof replay took 6.3ns 
24712      INFO  main            d.u.i.k.p.r.p.TestFile    ... finished proof: closed. 
24855      INFO  main            d.u.i.k.p.i.AbstractProblemLoader Loading environment from /home/runner/work/key/key/key.core/../key.ui/examples/standard_key/java_dl/switch/empty_switch_null_catch.key.proof 
24856      DEBUG main            d.u.i.k.p.i.AbstractProblemLoader Environment load took 358.61ns 
24857      INFO  main            d.u.i.k.p.i.AbstractProblemLoader Creating init config 
27213      DEBUG main            d.u.i.k.p.i.AbstractProblemLoader Init config took 2.36s 
27235      INFO  main            d.u.i.k.p.i.AbstractProblemLoader Replaying proof empty_switch_null_catch.key.proof 
27271      DEBUG main            d.u.i.k.p.i.IntermediateProofReplayer Proof replay took 32.73ms 
27272      DEBUG main            d.u.i.k.p.r.p.TestFile    ... success: reloaded. 
27273      INFO  main            d.u.i.k.p.r.p.TestFile    Now processing file /home/runner/work/key/key/key.core/../key.ui/examples/standard_key/java_dl/switch/empty_switch_array_out_of_bounds.key 
27273      INFO  main            d.u.i.k.p.i.AbstractProblemLoader Loading environment from /home/runner/work/key/key/key.core/../key.ui/examples/standard_key/java_dl/switch/empty_switch_array_out_of_bounds.key 
27274      DEBUG main            d.u.i.k.p.i.AbstractProblemLoader Environment load took 185.3ns 
27275      INFO  main            d.u.i.k.p.i.AbstractProblemLoader Creating init config 
29623      DEBUG main            d.u.i.k.p.i.AbstractProblemLoader Init config took 2.35s 
29643      INFO  main            d.u.i.k.p.i.AbstractProblemLoader Replaying proof empty_switch_array_out_of_bounds.key 
29646      DEBUG main            d.u.i.k.p.i.IntermediateProofReplayer Proof replay took 6.7ns 
29850      INFO  main            d.u.i.k.p.r.p.TestFile    ... finished proof: closed. 
30029      INFO  main            d.u.i.k.p.i.AbstractProblemLoader Loading environment from /home/runner/work/key/key/key.core/../key.ui/examples/standard_key/java_dl/switch/empty_switch_array_out_of_bounds.key.proof 
30029      DEBUG main            d.u.i.k.p.i.AbstractProblemLoader Environment load took 380.2ns 
30031      INFO  main            d.u.i.k.p.i.AbstractProblemLoader Creating init config 
32341      DEBUG main            d.u.i.k.p.i.AbstractProblemLoader Init config took 2.31s 
32360      INFO  main            d.u.i.k.p.i.AbstractProblemLoader Replaying proof empty_switch_array_out_of_bounds.key.proof 
32438      DEBUG main            d.u.i.k.p.i.IntermediateProofReplayer Proof replay took 74.51ms 
32439      DEBUG main            d.u.i.k.p.r.p.TestFile    ... success: reloaded. 
32441      INFO  main            d.u.i.k.p.r.p.TestFile    Now processing file /home/runner/work/key/key/key.core/../key.ui/examples/standard_key/java_dl/switch/empty_switch_array_out_of_bounds_catch.key 
32441      INFO  main            d.u.i.k.p.i.AbstractProblemLoader Loading environment from /home/runner/work/key/key/key.core/../key.ui/examples/standard_key/java_dl/switch/empty_switch_array_out_of_bounds_catch.key 
32442      DEBUG main            d.u.i.k.p.i.AbstractProblemLoader Environment load took 512.41ns 
32443      INFO  main            d.u.i.k.p.i.AbstractProblemLoader Creating init config 
34827      DEBUG main            d.u.i.k.p.i.AbstractProblemLoader Init config took 2.38s 
34847      INFO  main            d.u.i.k.p.i.AbstractProblemLoader Replaying proof empty_switch_array_out_of_bounds_catch.key 
34849      DEBUG main            d.u.i.k.p.i.IntermediateProofReplayer Proof replay took 7.2ns 
35052      INFO  main            d.u.i.k.p.r.p.TestFile    ... finished proof: closed. 
35208      INFO  main            d.u.i.k.p.i.AbstractProblemLoader Loading environment from /home/runner/work/key/key/key.core/../key.ui/examples/standard_key/java_dl/switch/empty_switch_array_out_of_bounds_catch.key.proof 
35209      DEBUG main            d.u.i.k.p.i.AbstractProblemLoader Environment load took 124.1ns 
35210      INFO  main            d.u.i.k.p.i.AbstractProblemLoader Creating init config 
37573      DEBUG main            d.u.i.k.p.i.AbstractProblemLoader Init config took 2.36s 
37593      INFO  main            d.u.i.k.p.i.AbstractProblemLoader Replaying proof empty_switch_array_out_of_bounds_catch.key.proof 
37631      DEBUG main            d.u.i.k.p.i.IntermediateProofReplayer Proof replay took 35.25ms 
37633      DEBUG main            d.u.i.k.p.r.p.TestFile    ... success: reloaded. 
37634      INFO  main            d.u.i.k.p.r.p.TestFile    Now processing file /home/runner/work/key/key/key.core/../key.ui/examples/standard_key/java_dl/switch/switch_in_switch.key 
37634      INFO  main            d.u.i.k.p.i.AbstractProblemLoader Loading environment from /home/runner/work/key/key/key.core/../key.ui/examples/standard_key/java_dl/switch/switch_in_switch.key 
37634      DEBUG main            d.u.i.k.p.i.AbstractProblemLoader Environment load took 84.9ns 
37635      INFO  main            d.u.i.k.p.i.AbstractProblemLoader Creating init config 
40061      DEBUG main            d.u.i.k.p.i.AbstractProblemLoader Init config took 2.43s 
40112      INFO  main            d.u.i.k.p.i.AbstractProblemLoader Replaying proof SwitchInSwitch[SwitchInSwitch::m(int)].JML normal_behavior operation contract.0 
40113      DEBUG main            d.u.i.k.p.i.IntermediateProofReplayer Proof replay took 6.9ns 
44311      INFO  main            d.u.i.k.p.r.p.TestFile    ... finished proof: closed. 
44552      INFO  main            d.u.i.k.p.i.AbstractProblemLoader Loading environment from /home/runner/work/key/key/key.core/../key.ui/examples/standard_key/java_dl/switch/switch_in_switch.key.proof 
44552      DEBUG main            d.u.i.k.p.i.AbstractProblemLoader Environment load took 388.2ns 
44554      INFO  main            d.u.i.k.p.i.AbstractProblemLoader Creating init config 
46962      DEBUG main            d.u.i.k.p.i.AbstractProblemLoader Init config took 2.41s 
47003      INFO  main            d.u.i.k.p.i.AbstractProblemLoader Replaying proof SwitchInSwitch[SwitchInSwitch::m(int)].JML normal_behavior operation contract.0 
47468      DEBUG main            d.u.i.k.p.i.IntermediateProofReplayer Proof replay took 437.75ms 
47470      DEBUG main            d.u.i.k.p.r.p.TestFile    ... success: reloaded. 
47471      INFO  main            d.u.i.k.p.r.p.TestFile    Now processing file /home/runner/work/key/key/key.core/../key.ui/examples/standard_key/java_dl/switch/while_and_switch.key 
47471      INFO  main            d.u.i.k.p.i.AbstractProblemLoader Loading environment from /home/runner/work/key/key/key.core/../key.ui/examples/standard_key/java_dl/switch/while_and_switch.key 
47471      DEBUG main            d.u.i.k.p.i.AbstractProblemLoader Environment load took 103ns 
47472      INFO  main            d.u.i.k.p.i.AbstractProblemLoader Creating init config 
49976      DEBUG main            d.u.i.k.p.i.AbstractProblemLoader Init config took 2.5s 
50017      INFO  main            d.u.i.k.p.i.AbstractProblemLoader Replaying proof WhileAndSwitch[WhileAndSwitch::m(int)].JML normal_behavior operation contract.0 
50019      DEBUG main            d.u.i.k.p.i.IntermediateProofReplayer Proof replay took 6.8ns 
50743      INFO  main            d.u.i.k.p.r.p.TestFile    ... finished proof: closed. 
50922      INFO  main            d.u.i.k.p.i.AbstractProblemLoader Loading environment from /home/runner/work/key/key/key.core/../key.ui/examples/standard_key/java_dl/switch/while_and_switch.key.proof 
50922      DEBUG main            d.u.i.k.p.i.AbstractProblemLoader Environment load took 355.4ns 
50923      INFO  main            d.u.i.k.p.i.AbstractProblemLoader Creating init config 
53331      DEBUG main            d.u.i.k.p.i.AbstractProblemLoader Init config took 2.41s 
53369      INFO  main            d.u.i.k.p.i.AbstractProblemLoader Replaying proof WhileAndSwitch[WhileAndSwitch::m(int)].JML normal_behavior operation contract.0 
53494      DEBUG main            d.u.i.k.p.i.IntermediateProofReplayer Proof replay took 118.9ms 
53496      DEBUG main            d.u.i.k.p.r.p.TestFile    ... success: reloaded. 
53497      INFO  main            d.u.i.k.p.r.p.TestFile    Now processing file /home/runner/work/key/key/key.core/../key.ui/examples/standard_key/java_dl/switch/large_switch.key 
53497      INFO  main            d.u.i.k.p.i.AbstractProblemLoader Loading environment from /home/runner/work/key/key/key.core/../key.ui/examples/standard_key/java_dl/switch/large_switch.key 
53498      DEBUG main            d.u.i.k.p.i.AbstractProblemLoader Environment load took 184.9ns 
53498      INFO  main            d.u.i.k.p.i.AbstractProblemLoader Creating init config 
55928      DEBUG main            d.u.i.k.p.i.AbstractProblemLoader Init config took 2.43s 
55964      INFO  main            d.u.i.k.p.i.AbstractProblemLoader Replaying proof LargeSwitch[LargeSwitch::m(int)].JML normal_behavior operation contract.0 
55965      DEBUG main            d.u.i.k.p.i.IntermediateProofReplayer Proof replay took 5.9ns 
57274      INFO  main            d.u.i.k.p.r.p.TestFile    ... finished proof: closed. 
57545      INFO  main            d.u.i.k.p.i.AbstractProblemLoader Loading environment from /home/runner/work/key/key/key.core/../key.ui/examples/standard_key/java_dl/switch/large_switch.key.proof 
57545      DEBUG main            d.u.i.k.p.i.AbstractProblemLoader Environment load took 353.5ns 
57547      INFO  main            d.u.i.k.p.i.AbstractProblemLoader Creating init config 
59939      DEBUG main            d.u.i.k.p.i.AbstractProblemLoader Init config took 2.39s 
59993      INFO  main            d.u.i.k.p.i.AbstractProblemLoader Replaying proof LargeSwitch[LargeSwitch::m(int)].JML normal_behavior operation contract.0 
60327      DEBUG main            d.u.i.k.p.i.IntermediateProofReplayer Proof replay took 316.56ms 
60329      DEBUG main            d.u.i.k.p.r.p.TestFile    ... success: reloaded. 
5176301    INFO  Test worker     d.u.i.k.p.r.RunAllProofsTestUnit Returning from test switch 
5176303    INFO  Test worker     d.u.i.k.p.r.RunAllProofsTestUnit Running test redux 
342        INFO  Timeout watchdog d.u.i.k.p.r.p.ForkedTestFileRunner Timeout watcher launched (2000 secs.) 
347        WARN  main            d.u.i.k.s.ProofSettings   The settings in /home/runner/.key/proof-settings.props are *not* read. 
371        INFO  main            d.u.i.k.p.r.p.TestFile    Now processing file /home/runner/work/key/key/key.core/../key.ui/examples/redux/arrays/Arrays.copyOf.key 
491        INFO  main            d.u.i.k.p.i.AbstractProblemLoader Loading environment from /home/runner/work/key/key/key.core/../key.ui/examples/redux/arrays/Arrays.copyOf.key 
520        DEBUG main            d.u.i.k.p.i.AbstractProblemLoader Environment load took 2.32ms 
749        INFO  main            d.u.i.k.p.i.AbstractProblemLoader Creating init config 
1703       DEBUG main            d.u.i.k.j.TypeConverter   No LDT found for Meta 
1704       DEBUG main            d.u.i.k.j.TypeConverter   No LDT found for Meta 
1707       DEBUG main            d.u.i.k.j.TypeConverter   No LDT found for Meta 
1707       DEBUG main            d.u.i.k.j.TypeConverter   No LDT found for Meta 
2968       DEBUG main            d.u.i.k.j.TypeConverter   No LDT found for JavaBigintExpression 
8537       DEBUG main            d.u.i.k.p.i.AbstractProblemLoader Init config took 7.79s 
8664       INFO  main            d.u.i.k.p.i.AbstractProblemLoader Replaying proof Arrays[Arrays::copyOf([I,int)].JML normal_behavior operation contract.0 
8695       DEBUG main            d.u.i.k.p.i.IntermediateProofReplayer Proof replay took 33.1ns 
13949      INFO  main            d.u.i.k.p.r.p.TestFile    ... finished proof: closed. 
14125      INFO  main            d.u.i.k.p.i.AbstractProblemLoader Loading environment from /home/runner/work/key/key/key.core/../key.ui/examples/redux/arrays/Arrays.copyOf.key.proof 
14125      DEBUG main            d.u.i.k.p.i.AbstractProblemLoader Environment load took 152.4ns 
14128      INFO  main            d.u.i.k.p.i.AbstractProblemLoader Creating init config 
17404      DEBUG main            d.u.i.k.p.i.AbstractProblemLoader Init config took 3.28s 
17461      INFO  main            d.u.i.k.p.i.AbstractProblemLoader Replaying proof Arrays[Arrays::copyOf([I,int)].JML normal_behavior operation contract.0 
18050      DEBUG main            d.u.i.k.p.i.IntermediateProofReplayer Proof replay took 568.01ms 
18060      DEBUG main            d.u.i.k.p.r.p.TestFile    ... success: reloaded. 
18066      INFO  main            d.u.i.k.p.r.p.TestFile    Now processing file /home/runner/work/key/key/key.core/../key.ui/examples/redux/arrays/Arrays.copyOf.float.key 
18066      INFO  main            d.u.i.k.p.i.AbstractProblemLoader Loading environment from /home/runner/work/key/key/key.core/../key.ui/examples/redux/arrays/Arrays.copyOf.float.key 
18066      DEBUG main            d.u.i.k.p.i.AbstractProblemLoader Environment load took 195.9ns 
18070      INFO  main            d.u.i.k.p.i.AbstractProblemLoader Creating init config 
21347      DEBUG main            d.u.i.k.p.i.AbstractProblemLoader Init config took 3.28s 
21424      INFO  main            d.u.i.k.p.i.AbstractProblemLoader Replaying proof Arrays[Arrays::copyOf([F,int)].JML normal_behavior operation contract.0 
21426      DEBUG main            d.u.i.k.p.i.IntermediateProofReplayer Proof replay took 5.9ns 
21451      DEBUG main            d.u.i.k.m.s.ProofScriptEngine 1: 'macro autopilot' 
25830      DEBUG main            d.u.i.k.m.s.ProofScriptEngine 2: 'smt solver=Z3' 
25920      INFO  main            d.u.i.k.m.s.SMTCommand    Finished run on goal 17 in 67ms, result is valid 
25920      DEBUG main            d.u.i.k.m.s.ProofScriptEngine 3: 'tryclose' 
27671      INFO  main            d.u.i.k.p.r.p.TestFile    ... finished proof: closed. 
27867      INFO  main            d.u.i.k.p.i.AbstractProblemLoader Loading environment from /home/runner/work/key/key/key.core/../key.ui/examples/redux/arrays/Arrays.copyOf.float.key.proof 
27867      DEBUG main            d.u.i.k.p.i.AbstractProblemLoader Environment load took 405.11ns 
27872      INFO  main            d.u.i.k.p.i.AbstractProblemLoader Creating init config 
30921      DEBUG main            d.u.i.k.p.i.AbstractProblemLoader Init config took 3.05s 
30970      INFO  main            d.u.i.k.p.i.AbstractProblemLoader Replaying proof Arrays[Arrays::copyOf([F,int)].JML normal_behavior operation contract.0 
31065      INFO  main            d.u.i.k.s.SMTFocusResults Analyzing unsat core: (L_6) 
31678      DEBUG main            d.u.i.k.p.i.IntermediateProofReplayer Proof replay took 667.65ms 
31680      DEBUG main            d.u.i.k.p.r.p.TestFile    ... success: reloaded. 
31682      INFO  main            d.u.i.k.p.r.p.TestFile    Now processing file /home/runner/work/key/key/key.core/../key.ui/examples/redux/arrays/Arrays.copyOfRange.key 
31682      INFO  main            d.u.i.k.p.i.AbstractProblemLoader Loading environment from /home/runner/work/key/key/key.core/../key.ui/examples/redux/arrays/Arrays.copyOfRange.key 
31682      DEBUG main            d.u.i.k.p.i.AbstractProblemLoader Environment load took 191.7ns 
31683      INFO  main            d.u.i.k.p.i.AbstractProblemLoader Creating init config 
34834      DEBUG main            d.u.i.k.p.i.AbstractProblemLoader Init config took 3.15s 
34893      INFO  main            d.u.i.k.p.i.AbstractProblemLoader Replaying proof Arrays[Arrays::copyOfRange([I,int,int)].JML normal_behavior operation contract.0 
34896      DEBUG main            d.u.i.k.p.i.IntermediateProofReplayer Proof replay took 6.2ns 
39508      INFO  main            d.u.i.k.p.r.p.TestFile    ... finished proof: closed. 
39744      INFO  main            d.u.i.k.p.i.AbstractProblemLoader Loading environment from /home/runner/work/key/key/key.core/../key.ui/examples/redux/arrays/Arrays.copyOfRange.key.proof 
39744      DEBUG main            d.u.i.k.p.i.AbstractProblemLoader Environment load took 372.1ns 
39746      INFO  main            d.u.i.k.p.i.AbstractProblemLoader Creating init config 
42774      DEBUG main            d.u.i.k.p.i.AbstractProblemLoader Init config took 3.03s 
42818      INFO  main            d.u.i.k.p.i.AbstractProblemLoader Replaying proof Arrays[Arrays::copyOfRange([I,int,int)].JML normal_behavior operation contract.0 
43344      DEBUG main            d.u.i.k.p.i.IntermediateProofReplayer Proof replay took 504.94ms 
43346      DEBUG main            d.u.i.k.p.r.p.TestFile    ... success: reloaded. 
43347      INFO  main            d.u.i.k.p.r.p.TestFile    Now processing file /home/runner/work/key/key/key.core/../key.ui/examples/redux/arrays/Arrays.copyOfRange.float.key 
43348      INFO  main            d.u.i.k.p.i.AbstractProblemLoader Loading environment from /home/runner/work/key/key/key.core/../key.ui/examples/redux/arrays/Arrays.copyOfRange.float.key 
43348      DEBUG main            d.u.i.k.p.i.AbstractProblemLoader Environment load took 179.7ns 
43349      INFO  main            d.u.i.k.p.i.AbstractProblemLoader Creating init config 
46436      DEBUG main            d.u.i.k.p.i.AbstractProblemLoader Init config took 3.09s 
46478      INFO  main            d.u.i.k.p.i.AbstractProblemLoader Replaying proof Arrays[Arrays::copyOfRange([F,int,int)].JML normal_behavior operation contract.0 
46479      DEBUG main            d.u.i.k.p.i.IntermediateProofReplayer Proof replay took 5.1ns 
46480      DEBUG main            d.u.i.k.m.s.ProofScriptEngine 1: 'macro autopilot' 
52537      DEBUG main            d.u.i.k.m.s.ProofScriptEngine 2: 'smt solver=Z3' 
52579      INFO  main            d.u.i.k.m.s.SMTCommand    Finished run on goal 27 in 39ms, result is valid 
52580      DEBUG main            d.u.i.k.m.s.ProofScriptEngine 3: 'tryclose' 
56176      INFO  main            d.u.i.k.p.r.p.TestFile    ... finished proof: closed. 
56381      INFO  main            d.u.i.k.p.i.AbstractProblemLoader Loading environment from /home/runner/work/key/key/key.core/../key.ui/examples/redux/arrays/Arrays.copyOfRange.float.key.proof 
56381      DEBUG main            d.u.i.k.p.i.AbstractProblemLoader Environment load took 377.5ns 
56384      INFO  main            d.u.i.k.p.i.AbstractProblemLoader Creating init config 
59413      DEBUG main            d.u.i.k.p.i.AbstractProblemLoader Init config took 3.03s 
59455      INFO  main            d.u.i.k.p.i.AbstractProblemLoader Replaying proof Arrays[Arrays::copyOfRange([F,int,int)].JML normal_behavior operation contract.0 
59529      INFO  main            d.u.i.k.s.SMTFocusResults Analyzing unsat core: (L_8) 
60411      DEBUG main            d.u.i.k.p.i.IntermediateProofReplayer Proof replay took 930.12ms 
60413      DEBUG main            d.u.i.k.p.r.p.TestFile    ... success: reloaded. 
60413      INFO  main            d.u.i.k.p.r.p.TestFile    Now processing file /home/runner/work/key/key/key.core/../key.ui/examples/redux/arrays/Arrays.equals.key 
60414      INFO  main            d.u.i.k.p.i.AbstractProblemLoader Loading environment from /home/runner/work/key/key/key.core/../key.ui/examples/redux/arrays/Arrays.equals.key 
60414      DEBUG main            d.u.i.k.p.i.AbstractProblemLoader Environment load took 95.9ns 
60415      INFO  main            d.u.i.k.p.i.AbstractProblemLoader Creating init config 
63565      DEBUG main            d.u.i.k.p.i.AbstractProblemLoader Init config took 3.15s 
63606      INFO  main            d.u.i.k.p.i.AbstractProblemLoader Replaying proof Arrays[Arrays::equals([B,[B)].JML normal_behavior operation contract.0 
63607      DEBUG main            d.u.i.k.p.i.IntermediateProofReplayer Proof replay took 6.3ns 
64112      INFO  main            d.u.i.k.p.r.p.TestFile    ... finished proof: closed. 
64350      INFO  main            d.u.i.k.p.i.AbstractProblemLoader Loading environment from /home/runner/work/key/key/key.core/../key.ui/examples/redux/arrays/Arrays.equals.key.proof 
64350      DEBUG main            d.u.i.k.p.i.AbstractProblemLoader Environment load took 372.8ns 
64351      INFO  main            d.u.i.k.p.i.AbstractProblemLoader Creating init config 
67331      DEBUG main            d.u.i.k.p.i.AbstractProblemLoader Init config took 2.98s 
67371      INFO  main            d.u.i.k.p.i.AbstractProblemLoader Replaying proof Arrays[Arrays::equals([B,[B)].JML normal_behavior operation contract.0 
67530      DEBUG main            d.u.i.k.p.i.IntermediateProofReplayer Proof replay took 155.24ms 
67531      DEBUG main            d.u.i.k.p.r.p.TestFile    ... success: reloaded. 
67531      INFO  main            d.u.i.k.p.r.p.TestFile    Now processing file /home/runner/work/key/key/key.core/../key.ui/examples/redux/arrays/Arrays.fill.key 
67532      INFO  main            d.u.i.k.p.i.AbstractProblemLoader Loading environment from /home/runner/work/key/key/key.core/../key.ui/examples/redux/arrays/Arrays.fill.key 
67532      DEBUG main            d.u.i.k.p.i.AbstractProblemLoader Environment load took 104.2ns 
67533      INFO  main            d.u.i.k.p.i.AbstractProblemLoader Creating init config 
70612      DEBUG main            d.u.i.k.p.i.AbstractProblemLoader Init config took 3.08s 
70651      INFO  main            d.u.i.k.p.i.AbstractProblemLoader Replaying proof Arrays[Arrays::fill([I,int)].JML normal_behavior operation contract.0 
70653      DEBUG main            d.u.i.k.p.i.IntermediateProofReplayer Proof replay took 6.6ns 
70856      INFO  main            d.u.i.k.p.r.p.TestFile    ... finished proof: closed. 
71037      INFO  main            d.u.i.k.p.i.AbstractProblemLoader Loading environment from /home/runner/work/key/key/key.core/../key.ui/examples/redux/arrays/Arrays.fill.key.proof 
71037      DEBUG main            d.u.i.k.p.i.AbstractProblemLoader Environment load took 134.2ns 
71039      INFO  main            d.u.i.k.p.i.AbstractProblemLoader Creating init config 
74064      DEBUG main            d.u.i.k.p.i.AbstractProblemLoader Init config took 3.03s 
74104      INFO  main            d.u.i.k.p.i.AbstractProblemLoader Replaying proof Arrays[Arrays::fill([I,int)].JML normal_behavior operation contract.0 
74136      DEBUG main            d.u.i.k.p.i.IntermediateProofReplayer Proof replay took 29.93ms 
74137      DEBUG main            d.u.i.k.p.r.p.TestFile    ... success: reloaded. 
74138      INFO  main            d.u.i.k.p.r.p.TestFile    Now processing file /home/runner/work/key/key/key.core/../key.ui/examples/redux/arrays/Arrays.fill.float.key 
74138      INFO  main            d.u.i.k.p.i.AbstractProblemLoader Loading environment from /home/runner/work/key/key/key.core/../key.ui/examples/redux/arrays/Arrays.fill.float.key 
74138      DEBUG main            d.u.i.k.p.i.AbstractProblemLoader Environment load took 106.4ns 
74139      INFO  main            d.u.i.k.p.i.AbstractProblemLoader Creating init config 
77154      DEBUG main            d.u.i.k.p.i.AbstractProblemLoader Init config took 3.01s 
77193      INFO  main            d.u.i.k.p.i.AbstractProblemLoader Replaying proof Arrays[Arrays::fill([F,float)].JML normal_behavior operation contract.0 
77194      DEBUG main            d.u.i.k.p.i.IntermediateProofReplayer Proof replay took 7.9ns 
77399      INFO  main            d.u.i.k.p.r.p.TestFile    ... finished proof: closed. 
77589      INFO  main            d.u.i.k.p.i.AbstractProblemLoader Loading environment from /home/runner/work/key/key/key.core/../key.ui/examples/redux/arrays/Arrays.fill.float.key.proof 
77590      DEBUG main            d.u.i.k.p.i.AbstractProblemLoader Environment load took 143.8ns 
77591      INFO  main            d.u.i.k.p.i.AbstractProblemLoader Creating init config 
80569      DEBUG main            d.u.i.k.p.i.AbstractProblemLoader Init config took 2.98s 
80607      INFO  main            d.u.i.k.p.i.AbstractProblemLoader Replaying proof Arrays[Arrays::fill([F,float)].JML normal_behavior operation contract.0 
80650      DEBUG main            d.u.i.k.p.i.IntermediateProofReplayer Proof replay took 40.94ms 
80651      DEBUG main            d.u.i.k.p.r.p.TestFile    ... success: reloaded. 
80652      INFO  main            d.u.i.k.p.r.p.TestFile    Now processing file /home/runner/work/key/key/key.core/../key.ui/examples/redux/arrays/Arrays.fillFromTo.key 
80652      INFO  main            d.u.i.k.p.i.AbstractProblemLoader Loading environment from /home/runner/work/key/key/key.core/../key.ui/examples/redux/arrays/Arrays.fillFromTo.key 
80653      DEBUG main            d.u.i.k.p.i.AbstractProblemLoader Environment load took 186.1ns 
80654      INFO  main            d.u.i.k.p.i.AbstractProblemLoader Creating init config 
83690      DEBUG main            d.u.i.k.p.i.AbstractProblemLoader Init config took 3.04s 
83729      INFO  main            d.u.i.k.p.i.AbstractProblemLoader Replaying proof Arrays[Arrays::fill([I,int,int,int)].JML normal_behavior operation contract.0 
83733      DEBUG main            d.u.i.k.p.i.IntermediateProofReplayer Proof replay took 6.5ns 
84336      INFO  main            d.u.i.k.p.r.p.TestFile    ... finished proof: closed. 
84552      INFO  main            d.u.i.k.p.i.AbstractProblemLoader Loading environment from /home/runner/work/key/key/key.core/../key.ui/examples/redux/arrays/Arrays.fillFromTo.key.proof 
84552      DEBUG main            d.u.i.k.p.i.AbstractProblemLoader Environment load took 150.3ns 
84553      INFO  main            d.u.i.k.p.i.AbstractProblemLoader Creating init config 
87531      DEBUG main            d.u.i.k.p.i.AbstractProblemLoader Init config took 2.98s 
87568      INFO  main            d.u.i.k.p.i.AbstractProblemLoader Replaying proof Arrays[Arrays::fill([I,int,int,int)].JML normal_behavior operation contract.0 
87708      DEBUG main            d.u.i.k.p.i.IntermediateProofReplayer Proof replay took 136.51ms 
87709      DEBUG main            d.u.i.k.p.r.p.TestFile    ... success: reloaded. 
87710      INFO  main            d.u.i.k.p.r.p.TestFile    Now processing file /home/runner/work/key/key/key.core/../key.ui/examples/redux/arrays/Arrays.fillFromTo.float.key 
87711      INFO  main            d.u.i.k.p.i.AbstractProblemLoader Loading environment from /home/runner/work/key/key/key.core/../key.ui/examples/redux/arrays/Arrays.fillFromTo.float.key 
87711      DEBUG main            d.u.i.k.p.i.AbstractProblemLoader Environment load took 185.1ns 
87712      INFO  main            d.u.i.k.p.i.AbstractProblemLoader Creating init config 
90714      DEBUG main            d.u.i.k.p.i.AbstractProblemLoader Init config took 3s 
90750      INFO  main            d.u.i.k.p.i.AbstractProblemLoader Replaying proof Arrays[Arrays::fill([F,int,int,float)].JML normal_behavior operation contract.0 
90751      DEBUG main            d.u.i.k.p.i.IntermediateProofReplayer Proof replay took 5.5ns 
91457      INFO  main            d.u.i.k.p.r.p.TestFile    ... finished proof: closed. 
91684      INFO  main            d.u.i.k.p.i.AbstractProblemLoader Loading environment from /home/runner/work/key/key/key.core/../key.ui/examples/redux/arrays/Arrays.fillFromTo.float.key.proof 
91684      DEBUG main            d.u.i.k.p.i.AbstractProblemLoader Environment load took 129.2ns 
91685      INFO  main            d.u.i.k.p.i.AbstractProblemLoader Creating init config 
94595      DEBUG main            d.u.i.k.p.i.AbstractProblemLoader Init config took 2.91s 
94631      INFO  main            d.u.i.k.p.i.AbstractProblemLoader Replaying proof Arrays[Arrays::fill([F,int,int,float)].JML normal_behavior operation contract.0 
94774      DEBUG main            d.u.i.k.p.i.IntermediateProofReplayer Proof replay took 138.73ms 
94776      DEBUG main            d.u.i.k.p.r.p.TestFile    ... success: reloaded. 
94777      INFO  main            d.u.i.k.p.r.p.TestFile    Now processing file /home/runner/work/key/key/key.core/../key.ui/examples/redux/arrays/ArrayCopy.arraycopy.normal.0.key 
94777      INFO  main            d.u.i.k.p.i.AbstractProblemLoader Loading environment from /home/runner/work/key/key/key.core/../key.ui/examples/redux/arrays/ArrayCopy.arraycopy.normal.0.key 
94777      DEBUG main            d.u.i.k.p.i.AbstractProblemLoader Environment load took 186.1ns 
94778      INFO  main            d.u.i.k.p.i.AbstractProblemLoader Creating init config 
97821      DEBUG main            d.u.i.k.p.i.AbstractProblemLoader Init config took 3.04s 
97856      INFO  main            d.u.i.k.p.i.AbstractProblemLoader Replaying proof ArrayCopy[ArrayCopy::arraycopy(java.lang.Object,int,java.lang.Object,int,int)].JML normal_behavior operation contract.0 
97857      DEBUG main            d.u.i.k.p.i.IntermediateProofReplayer Proof replay took 5.9ns 
104236     INFO  main            d.u.i.k.p.r.p.TestFile    ... finished proof: closed. 
104466     INFO  main            d.u.i.k.p.i.AbstractProblemLoader Loading environment from /home/runner/work/key/key/key.core/../key.ui/examples/redux/arrays/ArrayCopy.arraycopy.normal.0.key.proof 
104466     DEBUG main            d.u.i.k.p.i.AbstractProblemLoader Environment load took 191.1ns 
104468     INFO  main            d.u.i.k.p.i.AbstractProblemLoader Creating init config 
107384     DEBUG main            d.u.i.k.p.i.AbstractProblemLoader Init config took 2.92s 
107419     INFO  main            d.u.i.k.p.i.AbstractProblemLoader Replaying proof ArrayCopy[ArrayCopy::arraycopy(java.lang.Object,int,java.lang.Object,int,int)].JML normal_behavior operation contract.0 
108318     DEBUG main            d.u.i.k.p.i.IntermediateProofReplayer Proof replay took 881.82ms 
108320     DEBUG main            d.u.i.k.p.r.p.TestFile    ... success: reloaded. 
108321     INFO  main            d.u.i.k.p.r.p.TestFile    Now processing file /home/runner/work/key/key/key.core/../key.ui/examples/redux/arrays/ArrayCopy.arraycopy.exceptional.0.key 
108321     INFO  main            d.u.i.k.p.i.AbstractProblemLoader Loading environment from /home/runner/work/key/key/key.core/../key.ui/examples/redux/arrays/ArrayCopy.arraycopy.exceptional.0.key 
108321     DEBUG main            d.u.i.k.p.i.AbstractProblemLoader Environment load took 97.8ns 
108322     INFO  main            d.u.i.k.p.i.AbstractProblemLoader Creating init config 
111310     DEBUG main            d.u.i.k.p.i.AbstractProblemLoader Init config took 2.99s 
111371     INFO  main            d.u.i.k.p.i.AbstractProblemLoader Replaying proof ArrayCopy[ArrayCopy::arraycopy(java.lang.Object,int,java.lang.Object,int,int)].JML exceptional_behavior operation contract.0 
111372     DEBUG main            d.u.i.k.p.i.IntermediateProofReplayer Proof replay took 5.9ns 
111776     INFO  main            d.u.i.k.p.r.p.TestFile    ... finished proof: closed. 
111984     INFO  main            d.u.i.k.p.i.AbstractProblemLoader Loading environment from /home/runner/work/key/key/key.core/../key.ui/examples/redux/arrays/ArrayCopy.arraycopy.exceptional.0.key.proof 
111984     DEBUG main            d.u.i.k.p.i.AbstractProblemLoader Environment load took 137.8ns 
111985     INFO  main            d.u.i.k.p.i.AbstractProblemLoader Creating init config 
114956     DEBUG main            d.u.i.k.p.i.AbstractProblemLoader Init config took 2.97s 
114990     INFO  main            d.u.i.k.p.i.AbstractProblemLoader Replaying proof ArrayCopy[ArrayCopy::arraycopy(java.lang.Object,int,java.lang.Object,int,int)].JML exceptional_behavior operation contract.0 
115100     DEBUG main            d.u.i.k.p.i.IntermediateProofReplayer Proof replay took 107.33ms 
115101     DEBUG main            d.u.i.k.p.r.p.TestFile    ... success: reloaded. 
115102     INFO  main            d.u.i.k.p.r.p.TestFile    Now processing file /home/runner/work/key/key/key.core/../key.ui/examples/redux/arrays/ArrayCopy.arraycopy.exceptional.1.key 
115102     INFO  main            d.u.i.k.p.i.AbstractProblemLoader Loading environment from /home/runner/work/key/key/key.core/../key.ui/examples/redux/arrays/ArrayCopy.arraycopy.exceptional.1.key 
115102     DEBUG main            d.u.i.k.p.i.AbstractProblemLoader Environment load took 91.5ns 
115103     INFO  main            d.u.i.k.p.i.AbstractProblemLoader Creating init config 
118057     DEBUG main            d.u.i.k.p.i.AbstractProblemLoader Init config took 2.95s 
118091     INFO  main            d.u.i.k.p.i.AbstractProblemLoader Replaying proof ArrayCopy[ArrayCopy::arraycopy(java.lang.Object,int,java.lang.Object,int,int)].JML exceptional_behavior operation contract.1 
118093     DEBUG main            d.u.i.k.p.i.IntermediateProofReplayer Proof replay took 5.9ns 
124235     INFO  main            d.u.i.k.p.r.p.TestFile    ... finished proof: closed. 
124466     INFO  main            d.u.i.k.p.i.AbstractProblemLoader Loading environment from /home/runner/work/key/key/key.core/../key.ui/examples/redux/arrays/ArrayCopy.arraycopy.exceptional.1.key.proof 
124466     DEBUG main            d.u.i.k.p.i.AbstractProblemLoader Environment load took 134.1ns 
124468     INFO  main            d.u.i.k.p.i.AbstractProblemLoader Creating init config 
127380     DEBUG main            d.u.i.k.p.i.AbstractProblemLoader Init config took 2.91s 
127414     INFO  main            d.u.i.k.p.i.AbstractProblemLoader Replaying proof ArrayCopy[ArrayCopy::arraycopy(java.lang.Object,int,java.lang.Object,int,int)].JML exceptional_behavior operation contract.1 
128986     DEBUG main            d.u.i.k.p.i.IntermediateProofReplayer Proof replay took 1.55s 
128988     DEBUG main            d.u.i.k.p.r.p.TestFile    ... success: reloaded. 
5305464    INFO  Test worker     d.u.i.k.p.r.RunAllProofsTestUnit Returning from test redux 
]]></system-out>
  <system-err><![CDATA[]]></system-err>
</testsuite>
