<?xml version="1.0" encoding="UTF-8"?>
<testsuite name="de.uka.ilkd.key.testcase.smt.testgen.TestTestgen" tests="1" skipped="0" failures="0" errors="0" timestamp="2023-06-06T11:20:28" hostname="fv-az337-191" time="6.56">
  <properties/>
  <testcase name="testMiddle()" classname="de.uka.ilkd.key.testcase.smt.testgen.TestTestgen" time="6.56"/>
  <system-out><![CDATA[21884      WARN  Test worker     d.u.i.k.t.s.t.TestTestgen Warning: Z3_CE is not installed, tests skipped. 
21885      WARN  Test worker     d.u.i.k.t.s.t.TestTestgen Maybe use JVM system property "z3SolverPath" to define the path to the Z3 command. 
21888      INFO  Test worker     d.u.i.k.p.i.AbstractProblemLoader Loading environment from src/test/resources/testcase/smt/tg/middle.key 
21889      DEBUG Test worker     d.u.i.k.p.i.AbstractProblemLoader Environment load took 615.2ns 
21893      INFO  Test worker     d.u.i.k.p.i.AbstractProblemLoader Creating init config 
27685      DEBUG Test worker     d.u.i.k.p.i.AbstractProblemLoader Init config took 5.79s 
27777      INFO  Test worker     d.u.i.k.p.i.AbstractProblemLoader Replaying proof Middle[Middle::middle(int,int,int)].JML normal_behavior operation contract.0 
27781      DEBUG Test worker     d.u.i.k.p.i.IntermediateProofReplayer Proof replay took 17ns 
]]></system-out>
  <system-err><![CDATA[]]></system-err>
</testsuite>
