<?xml version="1.0" encoding="UTF-8"?>
<testsuite name="de.uka.ilkd.key.rule.loop.LoopScopeInvRuleTests" tests="1" skipped="0" failures="0" errors="0" timestamp="2023-04-25T07:49:55" hostname="fv-az319-386" time="5.362">
  <properties/>
  <testcase name="testDoAutomaticProofOfBenchmarkWithLabeledBreaksAndContinues()" classname="de.uka.ilkd.key.rule.loop.LoopScopeInvRuleTests" time="5.362"/>
  <system-out><![CDATA[499462     INFO  Test worker     d.u.i.k.p.i.AbstractProblemLoader Loading environment from src\test\resources\testcase\loopScopeInvRule\Test.key 
499462     DEBUG Test worker     d.u.i.k.p.i.AbstractProblemLoader Environment load took 152.4ns 
499462     INFO  Test worker     d.u.i.k.p.i.AbstractProblemLoader Creating init config 
499587     DEBUG Test worker     d.u.i.k.j.TypeConverter   No LDT found for Meta 
499587     DEBUG Test worker     d.u.i.k.j.TypeConverter   No LDT found for Meta 
499587     DEBUG Test worker     d.u.i.k.j.TypeConverter   No LDT found for Meta 
499587     DEBUG Test worker     d.u.i.k.j.TypeConverter   No LDT found for Meta 
500337     DEBUG Test worker     d.u.i.k.j.TypeConverter   No LDT found for JavaBigintExpression 
504042     DEBUG Test worker     d.u.i.k.p.i.AbstractProblemLoader Init config took 4.58s 
504105     INFO  Test worker     d.u.i.k.p.i.AbstractProblemLoader Replaying proof Test[Test::loopScopeRuleBenchmark(int,boolean)].JML normal_behavior operation contract.0 
504105     DEBUG Test worker     d.u.i.k.p.i.IntermediateProofReplayer Proof replay took 15.5ns 
]]></system-out>
  <system-err><![CDATA[]]></system-err>
</testsuite>
