<?xml version="1.0" encoding="UTF-8"?>
<testsuite name="de.uka.ilkd.key.parser.TestTermParserSorts" tests="2" skipped="0" failures="0" errors="0" timestamp="2023-04-25T07:49:23" hostname="fv-az319-386" time="3.162">
  <properties/>
  <testcase name="testParseIntegerArgs()" classname="de.uka.ilkd.key.parser.TestTermParserSorts" time="0.019"/>
  <testcase name="testParseSequencePrettySyntax()" classname="de.uka.ilkd.key.parser.TestTermParserSorts" time="0.004"/>
  <system-out><![CDATA[466927     INFO  Test worker     d.u.i.k.n.KeyIO           Parsing took 0 ms 
466927     DEBUG Test worker     d.u.i.k.n.KeyIO           Load declarations of de.uka.ilkd.key.nparser.KeyAst$File:  <unknown>:1#1 
466927     INFO  Test worker     d.u.i.k.n.KeyIO           MODE: declarations took 0 ms 
466927     DEBUG Test worker     d.u.i.k.n.KeyIO           MODE: 2nd degree decls took 0 
466927     INFO  Test worker     d.u.i.k.n.KeyIO           Parsing took 0 ms 
466927     DEBUG Test worker     d.u.i.k.n.KeyIO           Load declarations of de.uka.ilkd.key.nparser.KeyAst$File:  <unknown>:1#1 
466927     INFO  Test worker     d.u.i.k.n.KeyIO           MODE: declarations took 0 ms 
466927     DEBUG Test worker     d.u.i.k.n.KeyIO           MODE: 2nd degree decls took 0 
466927     INFO  Test worker     d.u.i.k.n.KeyIO           Parsing took 0 ms 
466927     DEBUG Test worker     d.u.i.k.n.KeyIO           Load declarations of de.uka.ilkd.key.nparser.KeyAst$File:  <unknown>:1#1 
466927     INFO  Test worker     d.u.i.k.n.KeyIO           MODE: declarations took 0 ms 
466927     DEBUG Test worker     d.u.i.k.n.KeyIO           MODE: 2nd degree decls took 0 
470085     INFO  Test worker     d.u.i.k.n.KeyIO           Parsing took 0 ms 
470085     DEBUG Test worker     d.u.i.k.n.KeyIO           Load declarations of de.uka.ilkd.key.nparser.KeyAst$File:  <unknown>:1#1 
470085     INFO  Test worker     d.u.i.k.n.KeyIO           MODE: declarations took 0 ms 
470085     DEBUG Test worker     d.u.i.k.n.KeyIO           MODE: 2nd degree decls took 0 
470085     INFO  Test worker     d.u.i.k.n.KeyIO           Parsing took 0 ms 
470085     DEBUG Test worker     d.u.i.k.n.KeyIO           Load declarations of de.uka.ilkd.key.nparser.KeyAst$File:  <unknown>:1#1 
470085     INFO  Test worker     d.u.i.k.n.KeyIO           MODE: declarations took 0 ms 
470085     DEBUG Test worker     d.u.i.k.n.KeyIO           MODE: 2nd degree decls took 0 
470085     INFO  Test worker     d.u.i.k.n.KeyIO           Parsing took 0 ms 
470085     DEBUG Test worker     d.u.i.k.n.KeyIO           Load declarations of de.uka.ilkd.key.nparser.KeyAst$File:  <unknown>:1#1 
470085     INFO  Test worker     d.u.i.k.n.KeyIO           MODE: declarations took 0 ms 
470085     DEBUG Test worker     d.u.i.k.n.KeyIO           MODE: 2nd degree decls took 0 
]]></system-out>
  <system-err><![CDATA[]]></system-err>
</testsuite>
