<?xml version="1.0" encoding="UTF-8"?>
<testsuite name="de.uka.ilkd.key.rule.merge.PredicateAbstractionLatticeTests" tests="3" skipped="0" failures="0" errors="0" timestamp="2023-04-25T07:51:32" hostname="fv-az319-386" time="6.472">
  <properties/>
  <testcase name="testToAndFromString()" classname="de.uka.ilkd.key.rule.merge.PredicateAbstractionLatticeTests" time="3.188"/>
  <testcase name="testCreateSignLatticeWithPredicates()" classname="de.uka.ilkd.key.rule.merge.PredicateAbstractionLatticeTests" time="3.284"/>
  <testcase name="testTrivialPredicatesLattice()" classname="de.uka.ilkd.key.rule.merge.PredicateAbstractionLatticeTests" time="0.0"/>
  <system-out><![CDATA[595771     INFO  Test worker     d.u.i.k.p.i.AbstractProblemLoader Loading environment from src\test\resources\testcase\merge\dummy.key 
595771     DEBUG Test worker     d.u.i.k.p.i.AbstractProblemLoader Environment load took 205.7ns 
595771     INFO  Test worker     d.u.i.k.p.i.AbstractProblemLoader Creating init config 
598945     DEBUG Test worker     d.u.i.k.p.i.AbstractProblemLoader Init config took 3.17s 
598960     INFO  Test worker     d.u.i.k.p.i.AbstractProblemLoader Replaying proof dummy.key 
598960     DEBUG Test worker     d.u.i.k.p.i.IntermediateProofReplayer Proof replay took 8.2ns 
598976     INFO  Test worker     d.u.i.k.p.i.AbstractProblemLoader Loading environment from src\test\resources\testcase\merge\dummy.key 
598976     DEBUG Test worker     d.u.i.k.p.i.AbstractProblemLoader Environment load took 353.3ns 
598976     INFO  Test worker     d.u.i.k.p.i.AbstractProblemLoader Creating init config 
602228     DEBUG Test worker     d.u.i.k.p.i.AbstractProblemLoader Init config took 3.26s 
602244     INFO  Test worker     d.u.i.k.p.i.AbstractProblemLoader Replaying proof dummy.key 
602244     DEBUG Test worker     d.u.i.k.p.i.IntermediateProofReplayer Proof replay took 7.3ns 
]]></system-out>
  <system-err><![CDATA[]]></system-err>
</testsuite>
