<?xml version="1.0" encoding="UTF-8"?>
<testsuite name="de.uka.ilkd.key.logic.TestClashFreeSubst" tests="14" skipped="2" failures="0" errors="0" timestamp="2023-04-25T07:42:18" hostname="fv-az319-386" time="54.971">
  <properties/>
  <testcase name="testMultiShareBound()" classname="de.uka.ilkd.key.logic.TestClashFreeSubst" time="1.089"/>
  <testcase name="testClash()" classname="de.uka.ilkd.key.logic.TestClashFreeSubst" time="1.044"/>
  <testcase name="testShare()" classname="de.uka.ilkd.key.logic.TestClashFreeSubst" time="1.036"/>
  <testcase name="testSubst()" classname="de.uka.ilkd.key.logic.TestClashFreeSubst" time="1.074"/>
  <testcase name="testWary0()" classname="de.uka.ilkd.key.logic.TestClashFreeSubst" time="1.035"/>
  <testcase name="testWary1()" classname="de.uka.ilkd.key.logic.TestClashFreeSubst" time="1.045"/>
  <testcase name="testWary2()" classname="de.uka.ilkd.key.logic.TestClashFreeSubst" time="1.033"/>
  <testcase name="testClashInSubstTerm()" classname="de.uka.ilkd.key.logic.TestClashFreeSubst" time="1.025"/>
  <testcase name="testShareWary()" classname="de.uka.ilkd.key.logic.TestClashFreeSubst" time="1.035"/>
  <testcase name="testMultiSubst()" classname="de.uka.ilkd.key.logic.TestClashFreeSubst" time="1.011"/>
  <testcase name="xtestMultiClash()" classname="de.uka.ilkd.key.logic.TestClashFreeSubst" time="0.0">
    <skipped/>
  </testcase>
  <testcase name="testSubstInSubstTerm()" classname="de.uka.ilkd.key.logic.TestClashFreeSubst" time="1.018"/>
  <testcase name="testSubstWary()" classname="de.uka.ilkd.key.logic.TestClashFreeSubst" time="1.007"/>
  <testcase name="xtestMultiClash1()" classname="de.uka.ilkd.key.logic.TestClashFreeSubst" time="0.0">
    <skipped/>
  </testcase>
  <system-out><![CDATA[42230      INFO  Test worker     d.u.i.k.n.KeyIO           Parsing took 0 ms 
42230      DEBUG Test worker     d.u.i.k.n.KeyIO           Load declarations of de.uka.ilkd.key.nparser.KeyAst$File:  <unknown>:1#1 
42230      INFO  Test worker     d.u.i.k.n.KeyIO           MODE: declarations took 0 ms 
42230      DEBUG Test worker     d.u.i.k.n.KeyIO           MODE: 2nd degree decls took 0 
43309      INFO  Test worker     d.u.i.k.n.KeyIO           Parsing took 0 ms 
43309      DEBUG Test worker     d.u.i.k.n.KeyIO           Load declarations of de.uka.ilkd.key.nparser.KeyAst$File:  <unknown>:1#1 
43309      INFO  Test worker     d.u.i.k.n.KeyIO           MODE: declarations took 0 ms 
43309      DEBUG Test worker     d.u.i.k.n.KeyIO           MODE: 2nd degree decls took 0 
46670      INFO  Test worker     d.u.i.k.n.KeyIO           Parsing took 0 ms 
46670      DEBUG Test worker     d.u.i.k.n.KeyIO           Load declarations of de.uka.ilkd.key.nparser.KeyAst$File:  <unknown>:1#1 
46670      INFO  Test worker     d.u.i.k.n.KeyIO           MODE: declarations took 0 ms 
46670      DEBUG Test worker     d.u.i.k.n.KeyIO           MODE: 2nd degree decls took 0 
47701      INFO  Test worker     d.u.i.k.n.KeyIO           Parsing took 0 ms 
47701      DEBUG Test worker     d.u.i.k.n.KeyIO           Load declarations of de.uka.ilkd.key.nparser.KeyAst$File:  <unknown>:1#1 
47701      INFO  Test worker     d.u.i.k.n.KeyIO           MODE: declarations took 0 ms 
47701      DEBUG Test worker     d.u.i.k.n.KeyIO           MODE: 2nd degree decls took 0 
51078      INFO  Test worker     d.u.i.k.n.KeyIO           Parsing took 0 ms 
51078      DEBUG Test worker     d.u.i.k.n.KeyIO           Load declarations of de.uka.ilkd.key.nparser.KeyAst$File:  <unknown>:1#1 
51078      INFO  Test worker     d.u.i.k.n.KeyIO           MODE: declarations took 0 ms 
51078      DEBUG Test worker     d.u.i.k.n.KeyIO           MODE: 2nd degree decls took 0 
52110      INFO  Test worker     d.u.i.k.n.KeyIO           Parsing took 0 ms 
52110      DEBUG Test worker     d.u.i.k.n.KeyIO           Load declarations of de.uka.ilkd.key.nparser.KeyAst$File:  <unknown>:1#1 
52110      INFO  Test worker     d.u.i.k.n.KeyIO           MODE: declarations took 0 ms 
52110      DEBUG Test worker     d.u.i.k.n.KeyIO           MODE: 2nd degree decls took 0 
55440      INFO  Test worker     d.u.i.k.n.KeyIO           Parsing took 0 ms 
55440      DEBUG Test worker     d.u.i.k.n.KeyIO           Load declarations of de.uka.ilkd.key.nparser.KeyAst$File:  <unknown>:1#1 
55440      INFO  Test worker     d.u.i.k.n.KeyIO           MODE: declarations took 0 ms 
55440      DEBUG Test worker     d.u.i.k.n.KeyIO           MODE: 2nd degree decls took 0 
56519      INFO  Test worker     d.u.i.k.n.KeyIO           Parsing took 0 ms 
56519      DEBUG Test worker     d.u.i.k.n.KeyIO           Load declarations of de.uka.ilkd.key.nparser.KeyAst$File:  <unknown>:1#1 
56519      INFO  Test worker     d.u.i.k.n.KeyIO           MODE: declarations took 0 ms 
56519      DEBUG Test worker     d.u.i.k.n.KeyIO           MODE: 2nd degree decls took 0 
59786      INFO  Test worker     d.u.i.k.n.KeyIO           Parsing took 0 ms 
59786      DEBUG Test worker     d.u.i.k.n.KeyIO           Load declarations of de.uka.ilkd.key.nparser.KeyAst$File:  <unknown>:1#1 
59786      INFO  Test worker     d.u.i.k.n.KeyIO           MODE: declarations took 0 ms 
59786      DEBUG Test worker     d.u.i.k.n.KeyIO           MODE: 2nd degree decls took 0 
60818      INFO  Test worker     d.u.i.k.n.KeyIO           Parsing took 0 ms 
60818      DEBUG Test worker     d.u.i.k.n.KeyIO           Load declarations of de.uka.ilkd.key.nparser.KeyAst$File:  <unknown>:1#1 
60818      INFO  Test worker     d.u.i.k.n.KeyIO           MODE: declarations took 0 ms 
60818      DEBUG Test worker     d.u.i.k.n.KeyIO           MODE: 2nd degree decls took 0 
64102      INFO  Test worker     d.u.i.k.n.KeyIO           Parsing took 0 ms 
64102      DEBUG Test worker     d.u.i.k.n.KeyIO           Load declarations of de.uka.ilkd.key.nparser.KeyAst$File:  <unknown>:1#1 
64102      INFO  Test worker     d.u.i.k.n.KeyIO           MODE: declarations took 0 ms 
64102      DEBUG Test worker     d.u.i.k.n.KeyIO           MODE: 2nd degree decls took 0 
65133      INFO  Test worker     d.u.i.k.n.KeyIO           Parsing took 0 ms 
65133      DEBUG Test worker     d.u.i.k.n.KeyIO           Load declarations of de.uka.ilkd.key.nparser.KeyAst$File:  <unknown>:1#1 
65133      INFO  Test worker     d.u.i.k.n.KeyIO           MODE: declarations took 0 ms 
65133      DEBUG Test worker     d.u.i.k.n.KeyIO           MODE: 2nd degree decls took 0 
68417      INFO  Test worker     d.u.i.k.n.KeyIO           Parsing took 0 ms 
68417      DEBUG Test worker     d.u.i.k.n.KeyIO           Load declarations of de.uka.ilkd.key.nparser.KeyAst$File:  <unknown>:1#1 
68417      INFO  Test worker     d.u.i.k.n.KeyIO           MODE: declarations took 0 ms 
68417      DEBUG Test worker     d.u.i.k.n.KeyIO           MODE: 2nd degree decls took 0 
69449      INFO  Test worker     d.u.i.k.n.KeyIO           Parsing took 0 ms 
69449      DEBUG Test worker     d.u.i.k.n.KeyIO           Load declarations of de.uka.ilkd.key.nparser.KeyAst$File:  <unknown>:1#1 
69449      INFO  Test worker     d.u.i.k.n.KeyIO           MODE: declarations took 0 ms 
69449      DEBUG Test worker     d.u.i.k.n.KeyIO           MODE: 2nd degree decls took 0 
72638      INFO  Test worker     d.u.i.k.n.KeyIO           Parsing took 0 ms 
72638      DEBUG Test worker     d.u.i.k.n.KeyIO           Load declarations of de.uka.ilkd.key.nparser.KeyAst$File:  <unknown>:1#1 
72638      INFO  Test worker     d.u.i.k.n.KeyIO           MODE: declarations took 0 ms 
72638      DEBUG Test worker     d.u.i.k.n.KeyIO           MODE: 2nd degree decls took 0 
73655      INFO  Test worker     d.u.i.k.n.KeyIO           Parsing took 0 ms 
73655      DEBUG Test worker     d.u.i.k.n.KeyIO           Load declarations of de.uka.ilkd.key.nparser.KeyAst$File:  <unknown>:1#1 
73655      INFO  Test worker     d.u.i.k.n.KeyIO           MODE: declarations took 0 ms 
73655      DEBUG Test worker     d.u.i.k.n.KeyIO           MODE: 2nd degree decls took 0 
76860      INFO  Test worker     d.u.i.k.n.KeyIO           Parsing took 0 ms 
76860      DEBUG Test worker     d.u.i.k.n.KeyIO           Load declarations of de.uka.ilkd.key.nparser.KeyAst$File:  <unknown>:1#1 
76860      INFO  Test worker     d.u.i.k.n.KeyIO           MODE: declarations took 0 ms 
76860      DEBUG Test worker     d.u.i.k.n.KeyIO           MODE: 2nd degree decls took 0 
77891      INFO  Test worker     d.u.i.k.n.KeyIO           Parsing took 0 ms 
77891      DEBUG Test worker     d.u.i.k.n.KeyIO           Load declarations of de.uka.ilkd.key.nparser.KeyAst$File:  <unknown>:1#1 
77891      INFO  Test worker     d.u.i.k.n.KeyIO           MODE: declarations took 0 ms 
77891      DEBUG Test worker     d.u.i.k.n.KeyIO           MODE: 2nd degree decls took 0 
81128      INFO  Test worker     d.u.i.k.n.KeyIO           Parsing took 0 ms 
81128      DEBUG Test worker     d.u.i.k.n.KeyIO           Load declarations of de.uka.ilkd.key.nparser.KeyAst$File:  <unknown>:1#1 
81128      INFO  Test worker     d.u.i.k.n.KeyIO           MODE: declarations took 0 ms 
81128      DEBUG Test worker     d.u.i.k.n.KeyIO           MODE: 2nd degree decls took 0 
82129      INFO  Test worker     d.u.i.k.n.KeyIO           Parsing took 0 ms 
82129      DEBUG Test worker     d.u.i.k.n.KeyIO           Load declarations of de.uka.ilkd.key.nparser.KeyAst$File:  <unknown>:1#1 
82129      INFO  Test worker     d.u.i.k.n.KeyIO           MODE: declarations took 0 ms 
82129      DEBUG Test worker     d.u.i.k.n.KeyIO           MODE: 2nd degree decls took 0 
88741      INFO  Test worker     d.u.i.k.n.KeyIO           Parsing took 0 ms 
88741      DEBUG Test worker     d.u.i.k.n.KeyIO           Load declarations of de.uka.ilkd.key.nparser.KeyAst$File:  <unknown>:1#1 
88741      INFO  Test worker     d.u.i.k.n.KeyIO           MODE: declarations took 0 ms 
88741      DEBUG Test worker     d.u.i.k.n.KeyIO           MODE: 2nd degree decls took 0 
89758      INFO  Test worker     d.u.i.k.n.KeyIO           Parsing took 0 ms 
89758      DEBUG Test worker     d.u.i.k.n.KeyIO           Load declarations of de.uka.ilkd.key.nparser.KeyAst$File:  <unknown>:1#1 
89758      INFO  Test worker     d.u.i.k.n.KeyIO           MODE: declarations took 0 ms 
89758      DEBUG Test worker     d.u.i.k.n.KeyIO           MODE: 2nd degree decls took 0 
92963      INFO  Test worker     d.u.i.k.n.KeyIO           Parsing took 0 ms 
92963      DEBUG Test worker     d.u.i.k.n.KeyIO           Load declarations of de.uka.ilkd.key.nparser.KeyAst$File:  <unknown>:1#1 
92963      INFO  Test worker     d.u.i.k.n.KeyIO           MODE: declarations took 0 ms 
92963      DEBUG Test worker     d.u.i.k.n.KeyIO           MODE: 2nd degree decls took 0 
93963      INFO  Test worker     d.u.i.k.n.KeyIO           Parsing took 0 ms 
93963      DEBUG Test worker     d.u.i.k.n.KeyIO           Load declarations of de.uka.ilkd.key.nparser.KeyAst$File:  <unknown>:1#1 
93979      INFO  Test worker     d.u.i.k.n.KeyIO           MODE: declarations took 16 ms 
93979      DEBUG Test worker     d.u.i.k.n.KeyIO           MODE: 2nd degree decls took 0 
]]></system-out>
  <system-err><![CDATA[]]></system-err>
</testsuite>
