<?xml version="1.0" encoding="UTF-8"?>
<testsuite name="de.uka.ilkd.key.parser.TestDeclParser" tests="14" skipped="2" failures="0" errors="0" timestamp="2023-04-25T07:45:31" hostname="fv-az319-386" time="12.613">
  <properties/>
  <testcase name="testGenericSortDecl1()" classname="de.uka.ilkd.key.parser.TestDeclParser" time="1.042"/>
  <testcase name="testGenericSortDecl2()" classname="de.uka.ilkd.key.parser.TestDeclParser" time="1.191"/>
  <testcase name="testGenericSortDecl3()" classname="de.uka.ilkd.key.parser.TestDeclParser" time="1.101"/>
  <testcase name="testGenericSortDecl4()" classname="de.uka.ilkd.key.parser.TestDeclParser" time="1.002"/>
  <testcase name="testGenericSortDecl5()" classname="de.uka.ilkd.key.parser.TestDeclParser" time="0.0">
    <skipped/>
  </testcase>
  <testcase name="testGenericSortDecl6()" classname="de.uka.ilkd.key.parser.TestDeclParser" time="1.071"/>
  <testcase name="testSortDecl()" classname="de.uka.ilkd.key.parser.TestDeclParser" time="0.979"/>
  <testcase name="testProxySortDecl()" classname="de.uka.ilkd.key.parser.TestDeclParser" time="1.077"/>
  <testcase name="testArrayDecl()" classname="de.uka.ilkd.key.parser.TestDeclParser" time="0.993"/>
  <testcase name="testAmbiguousDecls()" classname="de.uka.ilkd.key.parser.TestDeclParser" time="0.0">
    <skipped/>
  </testcase>
  <testcase name="testHeurDecl()" classname="de.uka.ilkd.key.parser.TestDeclParser" time="1.065"/>
  <testcase name="testFunctionDecl()" classname="de.uka.ilkd.key.parser.TestDeclParser" time="1.052"/>
  <testcase name="testPredicateDecl()" classname="de.uka.ilkd.key.parser.TestDeclParser" time="0.977"/>
  <testcase name="testSVDecl()" classname="de.uka.ilkd.key.parser.TestDeclParser" time="1.06"/>
  <system-out><![CDATA[235696     INFO  Test worker     d.u.i.k.n.KeyIO           Parsing took 0 ms 
235696     DEBUG Test worker     d.u.i.k.n.KeyIO           Load declarations of de.uka.ilkd.key.nparser.KeyAst$File:  <unknown>:1#1 
235696     INFO  Test worker     d.u.i.k.n.KeyIO           MODE: declarations took 0 ms 
235696     DEBUG Test worker     d.u.i.k.n.KeyIO           MODE: 2nd degree decls took 0 
235696     DEBUG Test worker     d.u.i.k.n.KeyIO           MODE: taclets took 0ms 
236899     INFO  Test worker     d.u.i.k.n.KeyIO           Parsing took 0 ms 
236899     DEBUG Test worker     d.u.i.k.n.KeyIO           Load declarations of de.uka.ilkd.key.nparser.KeyAst$File:  <unknown>:1#1 
236899     INFO  Test worker     d.u.i.k.n.KeyIO           MODE: declarations took 0 ms 
236899     DEBUG Test worker     d.u.i.k.n.KeyIO           MODE: 2nd degree decls took 0 
236899     DEBUG Test worker     d.u.i.k.n.KeyIO           MODE: taclets took 0ms 
238009     INFO  Test worker     d.u.i.k.n.KeyIO           Parsing took 0 ms 
238009     DEBUG Test worker     d.u.i.k.n.KeyIO           Load declarations of de.uka.ilkd.key.nparser.KeyAst$File:  <unknown>:1#1 
238009     INFO  Test worker     d.u.i.k.n.KeyIO           MODE: declarations took 0 ms 
238009     DEBUG Test worker     d.u.i.k.n.KeyIO           MODE: 2nd degree decls took 0 
238009     DEBUG Test worker     d.u.i.k.n.KeyIO           MODE: taclets took 0ms 
239011     INFO  Test worker     d.u.i.k.n.KeyIO           Parsing took 0 ms 
239011     DEBUG Test worker     d.u.i.k.n.KeyIO           Load declarations of de.uka.ilkd.key.nparser.KeyAst$File:  <unknown>:1#1 
239011     INFO  Test worker     d.u.i.k.n.KeyIO           MODE: declarations took 0 ms 
239011     DEBUG Test worker     d.u.i.k.n.KeyIO           MODE: 2nd degree decls took 0 
239011     DEBUG Test worker     d.u.i.k.n.KeyIO           MODE: taclets took 0ms 
240074     INFO  Test worker     d.u.i.k.n.KeyIO           Parsing took 0 ms 
240074     DEBUG Test worker     d.u.i.k.n.KeyIO           Load declarations of de.uka.ilkd.key.nparser.KeyAst$File:  <unknown>:1#1 
240074     INFO  Test worker     d.u.i.k.n.KeyIO           MODE: declarations took 0 ms 
240074     DEBUG Test worker     d.u.i.k.n.KeyIO           MODE: 2nd degree decls took 0 
240074     DEBUG Test worker     d.u.i.k.n.KeyIO           MODE: taclets took 0ms 
241059     INFO  Test worker     d.u.i.k.n.KeyIO           Parsing took 0 ms 
241059     DEBUG Test worker     d.u.i.k.n.KeyIO           Load declarations of de.uka.ilkd.key.nparser.KeyAst$File:  <unknown>:1#1 
241059     INFO  Test worker     d.u.i.k.n.KeyIO           MODE: declarations took 0 ms 
241059     DEBUG Test worker     d.u.i.k.n.KeyIO           MODE: 2nd degree decls took 0 
241059     DEBUG Test worker     d.u.i.k.n.KeyIO           MODE: taclets took 0ms 
242122     INFO  Test worker     d.u.i.k.n.KeyIO           Parsing took 0 ms 
242122     DEBUG Test worker     d.u.i.k.n.KeyIO           Load declarations of de.uka.ilkd.key.nparser.KeyAst$File:  <unknown>:1#1 
242138     INFO  Test worker     d.u.i.k.n.KeyIO           MODE: declarations took 16 ms 
242138     DEBUG Test worker     d.u.i.k.n.KeyIO           MODE: 2nd degree decls took 0 
242138     DEBUG Test worker     d.u.i.k.n.KeyIO           MODE: taclets took 0ms 
243123     INFO  Test worker     d.u.i.k.n.KeyIO           Parsing took 0 ms 
243123     DEBUG Test worker     d.u.i.k.n.KeyIO           Load declarations of de.uka.ilkd.key.nparser.KeyAst$File:  <unknown>:1#1 
243123     INFO  Test worker     d.u.i.k.n.KeyIO           MODE: declarations took 0 ms 
243123     DEBUG Test worker     d.u.i.k.n.KeyIO           MODE: 2nd degree decls took 0 
243123     DEBUG Test worker     d.u.i.k.n.KeyIO           MODE: taclets took 0ms 
244186     INFO  Test worker     d.u.i.k.n.KeyIO           Parsing took 0 ms 
244186     DEBUG Test worker     d.u.i.k.n.KeyIO           Load declarations of de.uka.ilkd.key.nparser.KeyAst$File:  <unknown>:1#1 
244186     INFO  Test worker     d.u.i.k.n.KeyIO           MODE: declarations took 0 ms 
244186     DEBUG Test worker     d.u.i.k.n.KeyIO           MODE: 2nd degree decls took 0 
244186     DEBUG Test worker     d.u.i.k.n.KeyIO           MODE: taclets took 0ms 
245234     INFO  Test worker     d.u.i.k.n.KeyIO           Parsing took 0 ms 
245234     DEBUG Test worker     d.u.i.k.n.KeyIO           Load declarations of de.uka.ilkd.key.nparser.KeyAst$File:  <unknown>:1#1 
245234     INFO  Test worker     d.u.i.k.n.KeyIO           MODE: declarations took 0 ms 
245234     DEBUG Test worker     d.u.i.k.n.KeyIO           MODE: 2nd degree decls took 0 
245234     DEBUG Test worker     d.u.i.k.n.KeyIO           MODE: taclets took 0ms 
246218     INFO  Test worker     d.u.i.k.n.KeyIO           Parsing took 0 ms 
246218     DEBUG Test worker     d.u.i.k.n.KeyIO           Load declarations of de.uka.ilkd.key.nparser.KeyAst$File:  <unknown>:1#1 
246218     INFO  Test worker     d.u.i.k.n.KeyIO           MODE: declarations took 0 ms 
246218     DEBUG Test worker     d.u.i.k.n.KeyIO           MODE: 2nd degree decls took 0 
246218     DEBUG Test worker     d.u.i.k.n.KeyIO           MODE: taclets took 0ms 
247282     INFO  Test worker     d.u.i.k.n.KeyIO           Parsing took 0 ms 
247282     DEBUG Test worker     d.u.i.k.n.KeyIO           Load declarations of de.uka.ilkd.key.nparser.KeyAst$File:  <unknown>:1#1 
247282     INFO  Test worker     d.u.i.k.n.KeyIO           MODE: declarations took 0 ms 
247282     DEBUG Test worker     d.u.i.k.n.KeyIO           MODE: 2nd degree decls took 0 
247282     DEBUG Test worker     d.u.i.k.n.KeyIO           MODE: taclets took 0ms 
]]></system-out>
  <system-err><![CDATA[]]></system-err>
</testsuite>
