<?xml version="1.0" encoding="UTF-8"?>
<testsuite name="de.uka.ilkd.key.logic.TestTermLabelManager" tests="21" skipped="0" failures="0" errors="0" timestamp="2023-04-25T07:43:37" hostname="fv-az319-386" time="62.467">
  <properties/>
  <testcase name="testInstantiateLabels_directChildPolicies_allRules()" classname="de.uka.ilkd.key.logic.TestTermLabelManager" time="4.617"/>
  <testcase name="testInstantiateLabels_childAndGrandchildPolicies_ruleSpecific()" classname="de.uka.ilkd.key.logic.TestTermLabelManager" time="3.285"/>
  <testcase name="testParseLabel()" classname="de.uka.ilkd.key.logic.TestTermLabelManager" time="3.299"/>
  <testcase name="testrefactorGoal_childrenAndGrandchildren_ruleSpecific()" classname="de.uka.ilkd.key.logic.TestTermLabelManager" time="3.518"/>
  <testcase name="testrefactorGoal_directChildren_allRules()" classname="de.uka.ilkd.key.logic.TestTermLabelManager" time="3.282"/>
  <testcase name="testInstantiateLabels_childAndGrandchildPolicies_allRules()" classname="de.uka.ilkd.key.logic.TestTermLabelManager" time="3.174"/>
  <testcase name="testInstantiateLabels_taclet()" classname="de.uka.ilkd.key.logic.TestTermLabelManager" time="3.188"/>
  <testcase name="testrefactorGoal_none_ruleSpecific()" classname="de.uka.ilkd.key.logic.TestTermLabelManager" time="3.175"/>
  <testcase name="testInstantiateLabels_updates_ruleSpecific()" classname="de.uka.ilkd.key.logic.TestTermLabelManager" time="3.283"/>
  <testcase name="testrefactorGoal_sequent_ruleSpecific()" classname="de.uka.ilkd.key.logic.TestTermLabelManager" time="3.174"/>
  <testcase name="testInstantiateLabels_updates_allRules()" classname="de.uka.ilkd.key.logic.TestTermLabelManager" time="3.174"/>
  <testcase name="testrefactorGoal_sequent_allRules()" classname="de.uka.ilkd.key.logic.TestTermLabelManager" time="3.173"/>
  <testcase name="testrefactorGoal_childrenAndGrandchildren_allRules()" classname="de.uka.ilkd.key.logic.TestTermLabelManager" time="3.157"/>
  <testcase name="testGetTermLabelManager()" classname="de.uka.ilkd.key.logic.TestTermLabelManager" time="0.005"/>
  <testcase name="testInstantiateLabels_applicationTermPolicies()" classname="de.uka.ilkd.key.logic.TestTermLabelManager" time="3.199"/>
  <testcase name="testInstantiateLabels_modalityTermPolicies()" classname="de.uka.ilkd.key.logic.TestTermLabelManager" time="3.141"/>
  <testcase name="testrefactorGoal_none_allRules()" classname="de.uka.ilkd.key.logic.TestTermLabelManager" time="3.159"/>
  <testcase name="testInstantiateLabels_null()" classname="de.uka.ilkd.key.logic.TestTermLabelManager" time="0.003"/>
  <testcase name="testrefactorGoal_directChildren_ruleSpecific()" classname="de.uka.ilkd.key.logic.TestTermLabelManager" time="3.138"/>
  <testcase name="testInstantiateLabels_directChildPolicies_ruleSpecific()" classname="de.uka.ilkd.key.logic.TestTermLabelManager" time="3.174"/>
  <testcase name="testGetSupportedTermLabelNames()" classname="de.uka.ilkd.key.logic.TestTermLabelManager" time="3.142"/>
  <system-out><![CDATA[121607     INFO  Test worker     d.u.i.k.p.i.AbstractProblemLoader Loading environment from src\test\resources\testcase\termLabels\flatSteps\FlatSteps.java 
121607     DEBUG Test worker     d.u.i.k.p.i.AbstractProblemLoader Environment load took 226.9ns 
121607     INFO  Test worker     d.u.i.k.p.i.AbstractProblemLoader Creating init config 
121795     DEBUG Test worker     d.u.i.k.j.TypeConverter   No LDT found for Meta 
121795     DEBUG Test worker     d.u.i.k.j.TypeConverter   No LDT found for Meta 
121795     DEBUG Test worker     d.u.i.k.j.TypeConverter   No LDT found for Meta 
121795     DEBUG Test worker     d.u.i.k.j.TypeConverter   No LDT found for Meta 
122639     DEBUG Test worker     d.u.i.k.j.TypeConverter   No LDT found for JavaBigintExpression 
126219     DEBUG Test worker     d.u.i.k.p.i.AbstractProblemLoader Init config took 4.61s 
126235     INFO  Test worker     d.u.i.k.p.i.AbstractProblemLoader Loading environment from src\test\resources\testcase\termLabels\flatSteps\FlatSteps.java 
126235     DEBUG Test worker     d.u.i.k.p.i.AbstractProblemLoader Environment load took 540.1ns 
126235     INFO  Test worker     d.u.i.k.p.i.AbstractProblemLoader Creating init config 
129488     DEBUG Test worker     d.u.i.k.p.i.AbstractProblemLoader Init config took 3.26s 
129504     INFO  Test worker     d.u.i.k.p.i.AbstractProblemLoader Loading environment from src\test\resources\testcase\termLabels\flatSteps\FlatSteps.java 
129504     DEBUG Test worker     d.u.i.k.p.i.AbstractProblemLoader Environment load took 274.7ns 
129504     INFO  Test worker     d.u.i.k.p.i.AbstractProblemLoader Creating init config 
132803     DEBUG Test worker     d.u.i.k.p.i.AbstractProblemLoader Init config took 3.3s 
132803     INFO  Test worker     d.u.i.k.p.i.AbstractProblemLoader Loading environment from src\test\resources\testcase\termLabels\flatSteps\FlatSteps.java 
132803     DEBUG Test worker     d.u.i.k.p.i.AbstractProblemLoader Environment load took 207.5ns 
132819     INFO  Test worker     d.u.i.k.p.i.AbstractProblemLoader Creating init config 
136305     DEBUG Test worker     d.u.i.k.p.i.AbstractProblemLoader Init config took 3.49s 
136321     INFO  Test worker     d.u.i.k.p.i.AbstractProblemLoader Loading environment from src\test\resources\testcase\termLabels\flatSteps\FlatSteps.java 
136321     DEBUG Test worker     d.u.i.k.p.i.AbstractProblemLoader Environment load took 181ns 
136321     INFO  Test worker     d.u.i.k.p.i.AbstractProblemLoader Creating init config 
139589     DEBUG Test worker     d.u.i.k.p.i.AbstractProblemLoader Init config took 3.26s 
139604     INFO  Test worker     d.u.i.k.p.i.AbstractProblemLoader Loading environment from src\test\resources\testcase\termLabels\flatSteps\FlatSteps.java 
139604     DEBUG Test worker     d.u.i.k.p.i.AbstractProblemLoader Environment load took 247.2ns 
139604     INFO  Test worker     d.u.i.k.p.i.AbstractProblemLoader Creating init config 
142779     DEBUG Test worker     d.u.i.k.p.i.AbstractProblemLoader Init config took 3.18s 
142794     INFO  Test worker     d.u.i.k.p.i.AbstractProblemLoader Loading environment from src\test\resources\testcase\termLabels\flatSteps\FlatSteps.java 
142794     DEBUG Test worker     d.u.i.k.p.i.AbstractProblemLoader Environment load took 520ns 
142794     INFO  Test worker     d.u.i.k.p.i.AbstractProblemLoader Creating init config 
145953     DEBUG Test worker     d.u.i.k.p.i.AbstractProblemLoader Init config took 3.16s 
145968     INFO  Test worker     d.u.i.k.p.i.AbstractProblemLoader Loading environment from src\test\resources\testcase\termLabels\flatSteps\FlatSteps.java 
145968     DEBUG Test worker     d.u.i.k.p.i.AbstractProblemLoader Environment load took 514.9ns 
145968     INFO  Test worker     d.u.i.k.p.i.AbstractProblemLoader Creating init config 
149127     DEBUG Test worker     d.u.i.k.p.i.AbstractProblemLoader Init config took 3.16s 
149143     INFO  Test worker     d.u.i.k.p.i.AbstractProblemLoader Loading environment from src\test\resources\testcase\termLabels\flatSteps\FlatSteps.java 
149143     DEBUG Test worker     d.u.i.k.p.i.AbstractProblemLoader Environment load took 229.3ns 
149143     INFO  Test worker     d.u.i.k.p.i.AbstractProblemLoader Creating init config 
152410     DEBUG Test worker     d.u.i.k.p.i.AbstractProblemLoader Init config took 3.27s 
152426     INFO  Test worker     d.u.i.k.p.i.AbstractProblemLoader Loading environment from src\test\resources\testcase\termLabels\flatSteps\FlatSteps.java 
152426     DEBUG Test worker     d.u.i.k.p.i.AbstractProblemLoader Environment load took 169.2ns 
152426     INFO  Test worker     d.u.i.k.p.i.AbstractProblemLoader Creating init config 
155600     DEBUG Test worker     d.u.i.k.p.i.AbstractProblemLoader Init config took 3.17s 
155600     INFO  Test worker     d.u.i.k.p.i.AbstractProblemLoader Loading environment from src\test\resources\testcase\termLabels\flatSteps\FlatSteps.java 
155600     DEBUG Test worker     d.u.i.k.p.i.AbstractProblemLoader Environment load took 210.5ns 
155615     INFO  Test worker     d.u.i.k.p.i.AbstractProblemLoader Creating init config 
158774     DEBUG Test worker     d.u.i.k.p.i.AbstractProblemLoader Init config took 3.16s 
158774     INFO  Test worker     d.u.i.k.p.i.AbstractProblemLoader Loading environment from src\test\resources\testcase\termLabels\flatSteps\FlatSteps.java 
158774     DEBUG Test worker     d.u.i.k.p.i.AbstractProblemLoader Environment load took 548.3ns 
158774     INFO  Test worker     d.u.i.k.p.i.AbstractProblemLoader Creating init config 
161932     DEBUG Test worker     d.u.i.k.p.i.AbstractProblemLoader Init config took 3.15s 
161947     INFO  Test worker     d.u.i.k.p.i.AbstractProblemLoader Loading environment from src\test\resources\testcase\termLabels\flatSteps\FlatSteps.java 
161947     DEBUG Test worker     d.u.i.k.p.i.AbstractProblemLoader Environment load took 232ns 
161947     INFO  Test worker     d.u.i.k.p.i.AbstractProblemLoader Creating init config 
165090     DEBUG Test worker     d.u.i.k.p.i.AbstractProblemLoader Init config took 3.14s 
165105     INFO  Test worker     d.u.i.k.p.i.AbstractProblemLoader Loading environment from src\test\resources\testcase\termLabels\flatSteps\FlatSteps.java 
165121     DEBUG Test worker     d.u.i.k.p.i.AbstractProblemLoader Environment load took 1.15ms 
165121     INFO  Test worker     d.u.i.k.p.i.AbstractProblemLoader Creating init config 
168295     DEBUG Test worker     d.u.i.k.p.i.AbstractProblemLoader Init config took 3.18s 
168310     INFO  Test worker     d.u.i.k.p.i.AbstractProblemLoader Loading environment from src\test\resources\testcase\termLabels\flatSteps\FlatSteps.java 
168310     DEBUG Test worker     d.u.i.k.p.i.AbstractProblemLoader Environment load took 796ns 
168310     INFO  Test worker     d.u.i.k.p.i.AbstractProblemLoader Creating init config 
171452     DEBUG Test worker     d.u.i.k.p.i.AbstractProblemLoader Init config took 3.14s 
171452     INFO  Test worker     d.u.i.k.p.i.AbstractProblemLoader Loading environment from src\test\resources\testcase\termLabels\flatSteps\FlatSteps.java 
171452     DEBUG Test worker     d.u.i.k.p.i.AbstractProblemLoader Environment load took 206.5ns 
171452     INFO  Test worker     d.u.i.k.p.i.AbstractProblemLoader Creating init config 
174595     DEBUG Test worker     d.u.i.k.p.i.AbstractProblemLoader Init config took 3.14s 
174611     INFO  Test worker     d.u.i.k.p.i.AbstractProblemLoader Loading environment from src\test\resources\testcase\termLabels\flatSteps\FlatSteps.java 
174611     DEBUG Test worker     d.u.i.k.p.i.AbstractProblemLoader Environment load took 171.3ns 
174611     INFO  Test worker     d.u.i.k.p.i.AbstractProblemLoader Creating init config 
177753     DEBUG Test worker     d.u.i.k.p.i.AbstractProblemLoader Init config took 3.14s 
177768     INFO  Test worker     d.u.i.k.p.i.AbstractProblemLoader Loading environment from src\test\resources\testcase\termLabels\flatSteps\FlatSteps.java 
177768     DEBUG Test worker     d.u.i.k.p.i.AbstractProblemLoader Environment load took 539.6ns 
177768     INFO  Test worker     d.u.i.k.p.i.AbstractProblemLoader Creating init config 
180927     DEBUG Test worker     d.u.i.k.p.i.AbstractProblemLoader Init config took 3.16s 
180927     INFO  Test worker     d.u.i.k.p.i.AbstractProblemLoader Loading environment from src\test\resources\testcase\termLabels\flatSteps\FlatSteps.java 
180927     DEBUG Test worker     d.u.i.k.p.i.AbstractProblemLoader Environment load took 246ns 
180942     INFO  Test worker     d.u.i.k.p.i.AbstractProblemLoader Creating init config 
184069     DEBUG Test worker     d.u.i.k.p.i.AbstractProblemLoader Init config took 3.13s 
]]></system-out>
  <system-err><![CDATA[]]></system-err>
</testsuite>
