<?xml version="1.0" encoding="UTF-8"?>
<testsuite name="de.uka.ilkd.key.proof.TestOneStepSimplifier" tests="1" skipped="0" failures="0" errors="0" timestamp="2023-04-25T07:49:26" hostname="fv-az319-386" time="4.323">
  <properties/>
  <testcase name="loadWithRestriction()" classname="de.uka.ilkd.key.proof.TestOneStepSimplifier" time="4.323"/>
  <system-out><![CDATA[470184     INFO  Test worker     d.u.i.k.p.i.AbstractProblemLoader Loading environment from src\test\resources\testcase\ossRestriction.proof 
470184     DEBUG Test worker     d.u.i.k.p.i.AbstractProblemLoader Environment load took 477.4ns 
470184     INFO  Test worker     d.u.i.k.p.i.AbstractProblemLoader Creating init config 
470305     DEBUG Test worker     d.u.i.k.j.TypeConverter   No LDT found for Meta 
470305     DEBUG Test worker     d.u.i.k.j.TypeConverter   No LDT found for Meta 
470305     DEBUG Test worker     d.u.i.k.j.TypeConverter   No LDT found for Meta 
470320     DEBUG Test worker     d.u.i.k.j.TypeConverter   No LDT found for Meta 
470868     DEBUG Test worker     d.u.i.k.j.TypeConverter   No LDT found for JavaBigintExpression 
474448     DEBUG Test worker     d.u.i.k.p.i.AbstractProblemLoader Init config took 4.27s 
474479     INFO  Test worker     d.u.i.k.p.i.AbstractProblemLoader Replaying proof ossRestriction.proof 
474479     DEBUG Test worker     d.u.i.k.p.i.IntermediateProofReplayer Proof replay took 867.6ns 
]]></system-out>
  <system-err><![CDATA[]]></system-err>
</testsuite>
