<?xml version="1.0" encoding="UTF-8"?>
<testsuite name="de.uka.ilkd.key.parser.TestParser" tests="5" skipped="1" failures="0" errors="0" timestamp="2023-04-25T07:47:04" hostname="fv-az319-386" time="5.339">
  <properties/>
  <testcase name="testConstantEvaluationError()" classname="de.uka.ilkd.key.parser.TestParser" time="1.055"/>
  <testcase name="testGenericSort()" classname="de.uka.ilkd.key.parser.TestParser" time="0.004"/>
  <testcase name="testIssue1566()" classname="de.uka.ilkd.key.parser.TestParser" time="3.288"/>
  <testcase name="testIssue39()" classname="de.uka.ilkd.key.parser.TestParser" time="0.99"/>
  <testcase name="testRelativeInclude()" classname="de.uka.ilkd.key.parser.TestParser" time="0.002">
    <skipped/>
  </testcase>
  <system-out><![CDATA[328585     INFO  Test worker     d.u.i.k.p.i.AbstractProblemLoader Loading environment from src\test\resources\testcase\parserErrorTest\AssignToArray.java 
328600     DEBUG Test worker     d.u.i.k.p.i.AbstractProblemLoader Environment load took 358ns 
328602     INFO  Test worker     d.u.i.k.p.i.AbstractProblemLoader Creating init config 
329648     INFO  Test worker     d.u.i.k.n.KeyIO           Parsing took 0 ms 
329648     DEBUG Test worker     d.u.i.k.n.KeyIO           Load declarations of de.uka.ilkd.key.nparser.KeyAst$File:  <unknown>:1#1 
329648     INFO  Test worker     d.u.i.k.n.KeyIO           MODE: declarations took 0 ms 
329648     DEBUG Test worker     d.u.i.k.n.KeyIO           MODE: 2nd degree decls took 0 
329648     DEBUG Test worker     d.u.i.k.n.KeyIO           MODE: taclets took 0ms 
329648     INFO  Test worker     d.u.i.k.p.i.AbstractProblemLoader Loading environment from src\test\resources\testcase\issues\1566\a.key 
329648     DEBUG Test worker     d.u.i.k.p.i.AbstractProblemLoader Environment load took 205.7ns 
329648     INFO  Test worker     d.u.i.k.p.i.AbstractProblemLoader Creating init config 
332916     DEBUG Test worker     d.u.i.k.p.i.AbstractProblemLoader Init config took 3.26s 
332932     INFO  Test worker     d.u.i.k.p.i.AbstractProblemLoader Replaying proof a.key 
332932     DEBUG Test worker     d.u.i.k.p.i.IntermediateProofReplayer Proof replay took 9ns 
332932     INFO  Test worker     d.u.i.k.p.i.AbstractProblemLoader Loading environment from src\test\resources\testcase\issues\39\A.java 
332932     DEBUG Test worker     d.u.i.k.p.i.AbstractProblemLoader Environment load took 155.6ns 
332947     INFO  Test worker     d.u.i.k.p.i.AbstractProblemLoader Creating init config 
]]></system-out>
  <system-err><![CDATA[]]></system-err>
</testsuite>
