<?xml version="1.0" encoding="UTF-8"?>
<testsuite name="de.uka.ilkd.key.java.TestContextStatementBlock" tests="1" skipped="0" failures="0" errors="0" timestamp="2023-04-25T07:42:02" hostname="fv-az319-386" time="1.346">
  <properties/>
  <testcase name="testContextTermInstantiation()" classname="de.uka.ilkd.key.java.TestContextStatementBlock" time="1.346"/>
  <system-out><![CDATA[27563      INFO  Test worker     d.u.i.k.n.KeyIO           Parsing took 0 ms 
27563      DEBUG Test worker     d.u.i.k.n.KeyIO           Load declarations of de.uka.ilkd.key.nparser.KeyAst$File:  D:\a\key\key\key.core\src\test\resources\testcase\testrules.key:9#1 
27563      INFO  Test worker     d.u.i.k.n.KeyIO           MODE: declarations took 0 ms 
27563      DEBUG Test worker     d.u.i.k.n.KeyIO           MODE: 2nd degree decls took 0 
27688      DEBUG Test worker     d.u.i.k.n.KeyIO           MODE: taclets took 109ms 
]]></system-out>
  <system-err><![CDATA[]]></system-err>
</testsuite>
