<?xml version="1.0" encoding="UTF-8"?>
<testsuite name="de.uka.ilkd.key.nparser.ExprTest" tests="23" skipped="0" failures="0" errors="0" timestamp="2023-04-04T00:44:48" hostname="fv-az167-563" time="2.244">
  <properties/>
  <testcase name="[1] (bprod{int y;}(1, 2, y) = 0)" classname="de.uka.ilkd.key.nparser.ExprTest" time="0.023"/>
  <testcase name="[2] 1 = 1 -&gt; 2 = 2" classname="de.uka.ilkd.key.nparser.ExprTest" time="0.024"/>
  <testcase name="[3] \&lt; { int x = 1; } \&gt; x=1" classname="de.uka.ilkd.key.nparser.ExprTest" time="0.984"/>
  <testcase name="[4] \&lt;{ int x = 1; {int s = 2;} }\&gt; x=x" classname="de.uka.ilkd.key.nparser.ExprTest" time="0.957"/>
  <testcase name="[5] true" classname="de.uka.ilkd.key.nparser.ExprTest" time="0.012"/>
  <testcase name="[6] true &amp; false" classname="de.uka.ilkd.key.nparser.ExprTest" time="0.012"/>
  <testcase name="[7] 0" classname="de.uka.ilkd.key.nparser.ExprTest" time="0.014"/>
  <testcase name="[8] 1" classname="de.uka.ilkd.key.nparser.ExprTest" time="0.013"/>
  <testcase name="[9] 42" classname="de.uka.ilkd.key.nparser.ExprTest" time="0.011"/>
  <testcase name="[10] -5" classname="de.uka.ilkd.key.nparser.ExprTest" time="0.014"/>
  <testcase name="[11] 1 + 1 = 2" classname="de.uka.ilkd.key.nparser.ExprTest" time="0.013"/>
  <testcase name="[12] \if (3=4) \then (1) \else (2)" classname="de.uka.ilkd.key.nparser.ExprTest" time="0.01"/>
  <testcase name="[13] \if (3=4 &amp; 1=1) \then (\if (3=4) \then (1) \else (2)) \else (2)" classname="de.uka.ilkd.key.nparser.ExprTest" time="0.011"/>
  <testcase name="[14] aa + bb*cc" classname="de.uka.ilkd.key.nparser.ExprTest" time="0.01"/>
  <testcase name="[15] aa%bb*cc &lt; -123" classname="de.uka.ilkd.key.nparser.ExprTest" time="0.012"/>
  <testcase name="[16] \forall int x; true" classname="de.uka.ilkd.key.nparser.ExprTest" time="0.014"/>
  <testcase name="[17] \forall numbers x; x = x" classname="de.uka.ilkd.key.nparser.ExprTest" time="0.011"/>
  <testcase name="[18] (int)3+2" classname="de.uka.ilkd.key.nparser.ExprTest" time="0.013"/>
  <testcase name="[19] 1.f + 1f = 20e-1f * (2f-1f)" classname="de.uka.ilkd.key.nparser.ExprTest" time="0.013"/>
  <testcase name="[20] 1.d + 1d &lt;= 20e+1d * .01d" classname="de.uka.ilkd.key.nparser.ExprTest" time="0.017"/>
  <testcase name="[21] 1f &lt;= 2f" classname="de.uka.ilkd.key.nparser.ExprTest" time="0.012"/>
  <testcase name="[22] 2d &gt; 1d" classname="de.uka.ilkd.key.nparser.ExprTest" time="0.013"/>
  <testcase name="[23] seqEmpty + seqEmpty" classname="de.uka.ilkd.key.nparser.ExprTest" time="0.016"/>
  <system-out><![CDATA[199238     INFO  Test worker     d.u.i.k.n.KeyIO           Parsing took 10 ms 
199241     INFO  Test worker     d.u.i.k.n.KeyIO           MODE: declarations took 2 ms 
199247     INFO  Test worker     d.u.i.k.n.ExprTest        Term: equals(bprod{y:int}(Z(1(#)),Z(2(#)),y),Z(0(#))) 
199261     INFO  Test worker     d.u.i.k.n.KeyIO           Parsing took 11 ms 
199262     INFO  Test worker     d.u.i.k.n.KeyIO           MODE: declarations took 1 ms 
199268     INFO  Test worker     d.u.i.k.n.ExprTest        Term: imp(equals(Z(1(#)),Z(1(#))),equals(Z(2(#)),Z(2(#)))) 
199286     INFO  Test worker     d.u.i.k.n.KeyIO           Parsing took 8 ms 
199287     INFO  Test worker     d.u.i.k.n.KeyIO           MODE: declarations took 1 ms 
200255     INFO  Test worker     d.u.i.k.n.ExprTest        Term: \<{
  int x = 1;
}\> (equals(x,Z(1(#)))) 
200267     INFO  Test worker     d.u.i.k.n.KeyIO           Parsing took 7 ms 
200268     INFO  Test worker     d.u.i.k.n.KeyIO           MODE: declarations took 1 ms 
201214     INFO  Test worker     d.u.i.k.n.ExprTest        Term: \<{
  int x = 1;
  {
    int s = 2;
  }
}\> (equals(x,x)) 
201224     INFO  Test worker     d.u.i.k.n.KeyIO           Parsing took 7 ms 
201226     INFO  Test worker     d.u.i.k.n.KeyIO           MODE: declarations took 1 ms 
201228     INFO  Test worker     d.u.i.k.n.ExprTest        Term: true 
201237     INFO  Test worker     d.u.i.k.n.KeyIO           Parsing took 7 ms 
201238     INFO  Test worker     d.u.i.k.n.KeyIO           MODE: declarations took 1 ms 
201240     INFO  Test worker     d.u.i.k.n.ExprTest        Term: and(true,false) 
201252     INFO  Test worker     d.u.i.k.n.KeyIO           Parsing took 9 ms 
201253     INFO  Test worker     d.u.i.k.n.KeyIO           MODE: declarations took 1 ms 
201255     INFO  Test worker     d.u.i.k.n.ExprTest        Term: Z(0(#)) 
201263     INFO  Test worker     d.u.i.k.n.KeyIO           Parsing took 6 ms 
201264     INFO  Test worker     d.u.i.k.n.KeyIO           MODE: declarations took 0 ms 
201268     INFO  Test worker     d.u.i.k.n.ExprTest        Term: Z(1(#)) 
201276     INFO  Test worker     d.u.i.k.n.KeyIO           Parsing took 6 ms 
201277     INFO  Test worker     d.u.i.k.n.KeyIO           MODE: declarations took 1 ms 
201279     INFO  Test worker     d.u.i.k.n.ExprTest        Term: Z(2(4(#))) 
201290     INFO  Test worker     d.u.i.k.n.KeyIO           Parsing took 9 ms 
201291     INFO  Test worker     d.u.i.k.n.KeyIO           MODE: declarations took 1 ms 
201293     INFO  Test worker     d.u.i.k.n.ExprTest        Term: Z(neglit(5(#))) 
201304     INFO  Test worker     d.u.i.k.n.KeyIO           Parsing took 9 ms 
201305     INFO  Test worker     d.u.i.k.n.KeyIO           MODE: declarations took 0 ms 
201307     INFO  Test worker     d.u.i.k.n.ExprTest        Term: equals(add(Z(1(#)),Z(1(#))),Z(2(#))) 
201315     INFO  Test worker     d.u.i.k.n.KeyIO           Parsing took 6 ms 
201317     INFO  Test worker     d.u.i.k.n.KeyIO           MODE: declarations took 1 ms 
201319     INFO  Test worker     d.u.i.k.n.ExprTest        Term: if-then-else(equals(Z(3(#)),Z(4(#))),Z(1(#)),Z(2(#))) 
201327     INFO  Test worker     d.u.i.k.n.KeyIO           Parsing took 6 ms 
201328     INFO  Test worker     d.u.i.k.n.KeyIO           MODE: declarations took 1 ms 
201330     INFO  Test worker     d.u.i.k.n.ExprTest        Term: if-then-else(and(equals(Z(3(#)),Z(4(#))),equals(Z(1(#)),Z(1(#)))),if-then-else(equals(Z(3(#)),Z(4(#))),Z(1(#)),Z(2(#))),Z(2(#))) 
201338     INFO  Test worker     d.u.i.k.n.KeyIO           Parsing took 6 ms 
201339     INFO  Test worker     d.u.i.k.n.KeyIO           MODE: declarations took 0 ms 
201342     INFO  Test worker     d.u.i.k.n.ExprTest        Term: add(aa,mul(bb,cc)) 
201350     INFO  Test worker     d.u.i.k.n.KeyIO           Parsing took 7 ms 
201352     INFO  Test worker     d.u.i.k.n.KeyIO           MODE: declarations took 1 ms 
201354     INFO  Test worker     d.u.i.k.n.ExprTest        Term: lt(mul(mod(aa,bb),cc),Z(neglit(3(2(1(#)))))) 
201363     INFO  Test worker     d.u.i.k.n.KeyIO           Parsing took 6 ms 
201365     INFO  Test worker     d.u.i.k.n.KeyIO           MODE: declarations took 2 ms 
201370     INFO  Test worker     d.u.i.k.n.ExprTest        Term: all{x:int}(true) 
201378     INFO  Test worker     d.u.i.k.n.KeyIO           Parsing took 6 ms 
201379     INFO  Test worker     d.u.i.k.n.KeyIO           MODE: declarations took 1 ms 
201381     INFO  Test worker     d.u.i.k.n.ExprTest        Term: all{x:numbers}(equals(x,x)) 
201390     INFO  Test worker     d.u.i.k.n.KeyIO           Parsing took 7 ms 
201390     INFO  Test worker     d.u.i.k.n.KeyIO           MODE: declarations took 0 ms 
201395     INFO  Test worker     d.u.i.k.n.ExprTest        Term: add(int::cast(Z(3(#))),Z(2(#))) 
201405     INFO  Test worker     d.u.i.k.n.KeyIO           Parsing took 8 ms 
201406     INFO  Test worker     d.u.i.k.n.KeyIO           MODE: declarations took 1 ms 
201409     INFO  Test worker     d.u.i.k.n.ExprTest        Term: equals(addFloat(FP(6(1(2(3(5(3(5(6(0(1(#))))))))))),FP(6(1(2(3(5(3(5(6(0(1(#)))))))))))),mulFloat(FP(4(2(8(1(4(7(3(7(0(1(#))))))))))),subFloat(FP(4(2(8(1(4(7(3(7(0(1(#))))))))))),FP(6(1(2(3(5(3(5(6(0(1(#)))))))))))))) 
201423     INFO  Test worker     d.u.i.k.n.KeyIO           Parsing took 6 ms 
201425     INFO  Test worker     d.u.i.k.n.KeyIO           MODE: declarations took 1 ms 
201427     INFO  Test worker     d.u.i.k.n.ExprTest        Term: leqDouble(addDouble(DFP(8(0(4(7(1(0(0(0(8(8(1(4(2(8(1(7(0(6(4(#)))))))))))))))))))),DFP(8(0(4(7(1(0(0(0(8(8(1(4(2(8(1(7(0(6(4(#))))))))))))))))))))),mulDouble(DFP(4(8(7(6(0(0(2(8(9(0(9(8(0(4(2(1(4(6(4(#)))))))))))))))))))),DFP(5(7(6(7(8(0(4(0(3(9(2(2(8(1(9(6(7(5(4(#)))))))))))))))))))))) 
201435     INFO  Test worker     d.u.i.k.n.KeyIO           Parsing took 6 ms 
201436     INFO  Test worker     d.u.i.k.n.KeyIO           MODE: declarations took 1 ms 
201440     INFO  Test worker     d.u.i.k.n.ExprTest        Term: leqFloat(FP(6(1(2(3(5(3(5(6(0(1(#))))))))))),FP(4(2(8(1(4(7(3(7(0(1(#)))))))))))) 
201448     INFO  Test worker     d.u.i.k.n.KeyIO           Parsing took 6 ms 
201449     INFO  Test worker     d.u.i.k.n.KeyIO           MODE: declarations took 1 ms 
201453     INFO  Test worker     d.u.i.k.n.ExprTest        Term: gtDouble(DFP(4(0(9(7(8(3(7(2(4(8(1(0(6(8(6(1(1(6(4(#)))))))))))))))))))),DFP(8(0(4(7(1(0(0(0(8(8(1(4(2(8(1(7(0(6(4(#))))))))))))))))))))) 
201461     INFO  Test worker     d.u.i.k.n.KeyIO           Parsing took 6 ms 
201462     INFO  Test worker     d.u.i.k.n.KeyIO           MODE: declarations took 0 ms 
201469     INFO  Test worker     d.u.i.k.n.ExprTest        Term: seqConcat(seqEmpty,seqEmpty) 
]]></system-out>
  <system-err><![CDATA[]]></system-err>
</testsuite>
