<?xml version="1.0" encoding="UTF-8"?>
<testsuite name="de.uka.ilkd.key.proof_references.testcase.TestKeYTypeUtil" tests="4" skipped="0" failures="0" errors="0" timestamp="2023-04-06T18:04:34" hostname="fv-az419-217" time="21.489">
  <properties/>
  <testcase name="testGetType()" classname="de.uka.ilkd.key.proof_references.testcase.TestKeYTypeUtil" time="10.771"/>
  <testcase name="testIsInnerType()" classname="de.uka.ilkd.key.proof_references.testcase.TestKeYTypeUtil" time="3.697"/>
  <testcase name="testGetParentName()" classname="de.uka.ilkd.key.proof_references.testcase.TestKeYTypeUtil" time="3.625"/>
  <testcase name="testIsType()" classname="de.uka.ilkd.key.proof_references.testcase.TestKeYTypeUtil" time="3.39"/>
  <system-out><![CDATA[671        WARN  Test worker     d.u.i.k.s.ProofSettings   The settings in /home/runner/.key/proof-settings.props are *not* read. 
]]></system-out>
  <system-err><![CDATA[]]></system-err>
</testsuite>
