<?xml version="1.0" encoding="UTF-8"?>
<testsuite name="de.uka.ilkd.key.logic.TestClashFreeSubst" tests="14" skipped="2" failures="0" errors="0" timestamp="2023-04-28T12:22:36" hostname="fv-az456-502" time="55.49">
  <properties/>
  <testcase name="testMultiShareBound()" classname="de.uka.ilkd.key.logic.TestClashFreeSubst" time="1.049"/>
  <testcase name="testClash()" classname="de.uka.ilkd.key.logic.TestClashFreeSubst" time="1.007"/>
  <testcase name="testShare()" classname="de.uka.ilkd.key.logic.TestClashFreeSubst" time="1.043"/>
  <testcase name="testSubst()" classname="de.uka.ilkd.key.logic.TestClashFreeSubst" time="1.052"/>
  <testcase name="testWary0()" classname="de.uka.ilkd.key.logic.TestClashFreeSubst" time="1.082"/>
  <testcase name="testWary1()" classname="de.uka.ilkd.key.logic.TestClashFreeSubst" time="1.083"/>
  <testcase name="testWary2()" classname="de.uka.ilkd.key.logic.TestClashFreeSubst" time="1.048"/>
  <testcase name="testClashInSubstTerm()" classname="de.uka.ilkd.key.logic.TestClashFreeSubst" time="1.039"/>
  <testcase name="testShareWary()" classname="de.uka.ilkd.key.logic.TestClashFreeSubst" time="1.012"/>
  <testcase name="testMultiSubst()" classname="de.uka.ilkd.key.logic.TestClashFreeSubst" time="1.011"/>
  <testcase name="xtestMultiClash()" classname="de.uka.ilkd.key.logic.TestClashFreeSubst" time="0.0">
    <skipped/>
  </testcase>
  <testcase name="testSubstInSubstTerm()" classname="de.uka.ilkd.key.logic.TestClashFreeSubst" time="1.007"/>
  <testcase name="testSubstWary()" classname="de.uka.ilkd.key.logic.TestClashFreeSubst" time="1.008"/>
  <testcase name="xtestMultiClash1()" classname="de.uka.ilkd.key.logic.TestClashFreeSubst" time="0.0">
    <skipped/>
  </testcase>
  <system-out><![CDATA[41444      INFO  Test worker     d.u.i.k.n.KeyIO           Parsing took 0 ms 
41444      DEBUG Test worker     d.u.i.k.n.KeyIO           Load declarations of de.uka.ilkd.key.nparser.KeyAst$File:  <unknown>:1#1 
41444      INFO  Test worker     d.u.i.k.n.KeyIO           MODE: declarations took 0 ms 
41444      DEBUG Test worker     d.u.i.k.n.KeyIO           MODE: 2nd degree decls took 0 
42493      INFO  Test worker     d.u.i.k.n.KeyIO           Parsing took 0 ms 
42493      DEBUG Test worker     d.u.i.k.n.KeyIO           Load declarations of de.uka.ilkd.key.nparser.KeyAst$File:  <unknown>:1#1 
42493      INFO  Test worker     d.u.i.k.n.KeyIO           MODE: declarations took 0 ms 
42493      DEBUG Test worker     d.u.i.k.n.KeyIO           MODE: 2nd degree decls took 0 
45776      INFO  Test worker     d.u.i.k.n.KeyIO           Parsing took 0 ms 
45776      DEBUG Test worker     d.u.i.k.n.KeyIO           Load declarations of de.uka.ilkd.key.nparser.KeyAst$File:  <unknown>:1#1 
45776      INFO  Test worker     d.u.i.k.n.KeyIO           MODE: declarations took 0 ms 
45792      DEBUG Test worker     d.u.i.k.n.KeyIO           MODE: 2nd degree decls took 0 
46776      INFO  Test worker     d.u.i.k.n.KeyIO           Parsing took 0 ms 
46776      DEBUG Test worker     d.u.i.k.n.KeyIO           Load declarations of de.uka.ilkd.key.nparser.KeyAst$File:  <unknown>:1#1 
46776      INFO  Test worker     d.u.i.k.n.KeyIO           MODE: declarations took 0 ms 
46776      DEBUG Test worker     d.u.i.k.n.KeyIO           MODE: 2nd degree decls took 0 
50076      INFO  Test worker     d.u.i.k.n.KeyIO           Parsing took 0 ms 
50076      DEBUG Test worker     d.u.i.k.n.KeyIO           Load declarations of de.uka.ilkd.key.nparser.KeyAst$File:  <unknown>:1#1 
50076      INFO  Test worker     d.u.i.k.n.KeyIO           MODE: declarations took 0 ms 
50076      DEBUG Test worker     d.u.i.k.n.KeyIO           MODE: 2nd degree decls took 0 
51123      INFO  Test worker     d.u.i.k.n.KeyIO           Parsing took 0 ms 
51123      DEBUG Test worker     d.u.i.k.n.KeyIO           Load declarations of de.uka.ilkd.key.nparser.KeyAst$File:  <unknown>:1#1 
51123      INFO  Test worker     d.u.i.k.n.KeyIO           MODE: declarations took 0 ms 
51123      DEBUG Test worker     d.u.i.k.n.KeyIO           MODE: 2nd degree decls took 0 
54532      INFO  Test worker     d.u.i.k.n.KeyIO           Parsing took 0 ms 
54532      DEBUG Test worker     d.u.i.k.n.KeyIO           Load declarations of de.uka.ilkd.key.nparser.KeyAst$File:  <unknown>:1#1 
54532      INFO  Test worker     d.u.i.k.n.KeyIO           MODE: declarations took 0 ms 
54532      DEBUG Test worker     d.u.i.k.n.KeyIO           MODE: 2nd degree decls took 0 
55579      INFO  Test worker     d.u.i.k.n.KeyIO           Parsing took 0 ms 
55579      DEBUG Test worker     d.u.i.k.n.KeyIO           Load declarations of de.uka.ilkd.key.nparser.KeyAst$File:  <unknown>:1#1 
55579      INFO  Test worker     d.u.i.k.n.KeyIO           MODE: declarations took 0 ms 
55579      DEBUG Test worker     d.u.i.k.n.KeyIO           MODE: 2nd degree decls took 0 
59190      INFO  Test worker     d.u.i.k.n.KeyIO           Parsing took 0 ms 
59190      DEBUG Test worker     d.u.i.k.n.KeyIO           Load declarations of de.uka.ilkd.key.nparser.KeyAst$File:  <unknown>:1#1 
59190      INFO  Test worker     d.u.i.k.n.KeyIO           MODE: declarations took 0 ms 
59190      DEBUG Test worker     d.u.i.k.n.KeyIO           MODE: 2nd degree decls took 0 
60253      INFO  Test worker     d.u.i.k.n.KeyIO           Parsing took 0 ms 
60253      DEBUG Test worker     d.u.i.k.n.KeyIO           Load declarations of de.uka.ilkd.key.nparser.KeyAst$File:  <unknown>:1#1 
60253      INFO  Test worker     d.u.i.k.n.KeyIO           MODE: declarations took 0 ms 
60253      DEBUG Test worker     d.u.i.k.n.KeyIO           MODE: 2nd degree decls took 0 
63677      INFO  Test worker     d.u.i.k.n.KeyIO           Parsing took 0 ms 
63677      DEBUG Test worker     d.u.i.k.n.KeyIO           Load declarations of de.uka.ilkd.key.nparser.KeyAst$File:  <unknown>:1#1 
63677      INFO  Test worker     d.u.i.k.n.KeyIO           MODE: declarations took 0 ms 
63677      DEBUG Test worker     d.u.i.k.n.KeyIO           MODE: 2nd degree decls took 0 
64756      INFO  Test worker     d.u.i.k.n.KeyIO           Parsing took 0 ms 
64756      DEBUG Test worker     d.u.i.k.n.KeyIO           Load declarations of de.uka.ilkd.key.nparser.KeyAst$File:  <unknown>:1#1 
64756      INFO  Test worker     d.u.i.k.n.KeyIO           MODE: declarations took 0 ms 
64756      DEBUG Test worker     d.u.i.k.n.KeyIO           MODE: 2nd degree decls took 0 
68335      INFO  Test worker     d.u.i.k.n.KeyIO           Parsing took 0 ms 
68335      DEBUG Test worker     d.u.i.k.n.KeyIO           Load declarations of de.uka.ilkd.key.nparser.KeyAst$File:  <unknown>:1#1 
68335      INFO  Test worker     d.u.i.k.n.KeyIO           MODE: declarations took 0 ms 
68335      DEBUG Test worker     d.u.i.k.n.KeyIO           MODE: 2nd degree decls took 0 
69368      INFO  Test worker     d.u.i.k.n.KeyIO           Parsing took 0 ms 
69368      DEBUG Test worker     d.u.i.k.n.KeyIO           Load declarations of de.uka.ilkd.key.nparser.KeyAst$File:  <unknown>:1#1 
69368      INFO  Test worker     d.u.i.k.n.KeyIO           MODE: declarations took 0 ms 
69368      DEBUG Test worker     d.u.i.k.n.KeyIO           MODE: 2nd degree decls took 0 
72635      INFO  Test worker     d.u.i.k.n.KeyIO           Parsing took 0 ms 
72635      DEBUG Test worker     d.u.i.k.n.KeyIO           Load declarations of de.uka.ilkd.key.nparser.KeyAst$File:  <unknown>:1#1 
72635      INFO  Test worker     d.u.i.k.n.KeyIO           MODE: declarations took 0 ms 
72635      DEBUG Test worker     d.u.i.k.n.KeyIO           MODE: 2nd degree decls took 0 
73652      INFO  Test worker     d.u.i.k.n.KeyIO           Parsing took 0 ms 
73667      DEBUG Test worker     d.u.i.k.n.KeyIO           Load declarations of de.uka.ilkd.key.nparser.KeyAst$File:  <unknown>:1#1 
73667      INFO  Test worker     d.u.i.k.n.KeyIO           MODE: declarations took 0 ms 
73667      DEBUG Test worker     d.u.i.k.n.KeyIO           MODE: 2nd degree decls took 0 
76903      INFO  Test worker     d.u.i.k.n.KeyIO           Parsing took 0 ms 
76903      DEBUG Test worker     d.u.i.k.n.KeyIO           Load declarations of de.uka.ilkd.key.nparser.KeyAst$File:  <unknown>:1#1 
76919      INFO  Test worker     d.u.i.k.n.KeyIO           MODE: declarations took 16 ms 
76919      DEBUG Test worker     d.u.i.k.n.KeyIO           MODE: 2nd degree decls took 0 
77920      INFO  Test worker     d.u.i.k.n.KeyIO           Parsing took 0 ms 
77920      DEBUG Test worker     d.u.i.k.n.KeyIO           Load declarations of de.uka.ilkd.key.nparser.KeyAst$File:  <unknown>:1#1 
77920      INFO  Test worker     d.u.i.k.n.KeyIO           MODE: declarations took 0 ms 
77920      DEBUG Test worker     d.u.i.k.n.KeyIO           MODE: 2nd degree decls took 0 
81173      INFO  Test worker     d.u.i.k.n.KeyIO           Parsing took 0 ms 
81173      DEBUG Test worker     d.u.i.k.n.KeyIO           Load declarations of de.uka.ilkd.key.nparser.KeyAst$File:  <unknown>:1#1 
81173      INFO  Test worker     d.u.i.k.n.KeyIO           MODE: declarations took 0 ms 
81173      DEBUG Test worker     d.u.i.k.n.KeyIO           MODE: 2nd degree decls took 0 
82174      INFO  Test worker     d.u.i.k.n.KeyIO           Parsing took 0 ms 
82174      DEBUG Test worker     d.u.i.k.n.KeyIO           Load declarations of de.uka.ilkd.key.nparser.KeyAst$File:  <unknown>:1#1 
82174      INFO  Test worker     d.u.i.k.n.KeyIO           MODE: declarations took 0 ms 
82174      DEBUG Test worker     d.u.i.k.n.KeyIO           MODE: 2nd degree decls took 0 
88602      INFO  Test worker     d.u.i.k.n.KeyIO           Parsing took 0 ms 
88602      DEBUG Test worker     d.u.i.k.n.KeyIO           Load declarations of de.uka.ilkd.key.nparser.KeyAst$File:  <unknown>:1#1 
88602      INFO  Test worker     d.u.i.k.n.KeyIO           MODE: declarations took 0 ms 
88602      DEBUG Test worker     d.u.i.k.n.KeyIO           MODE: 2nd degree decls took 0 
89602      INFO  Test worker     d.u.i.k.n.KeyIO           Parsing took 0 ms 
89602      DEBUG Test worker     d.u.i.k.n.KeyIO           Load declarations of de.uka.ilkd.key.nparser.KeyAst$File:  <unknown>:1#1 
89602      INFO  Test worker     d.u.i.k.n.KeyIO           MODE: declarations took 0 ms 
89602      DEBUG Test worker     d.u.i.k.n.KeyIO           MODE: 2nd degree decls took 0 
92776      INFO  Test worker     d.u.i.k.n.KeyIO           Parsing took 0 ms 
92776      DEBUG Test worker     d.u.i.k.n.KeyIO           Load declarations of de.uka.ilkd.key.nparser.KeyAst$File:  <unknown>:1#1 
92776      INFO  Test worker     d.u.i.k.n.KeyIO           MODE: declarations took 0 ms 
92776      DEBUG Test worker     d.u.i.k.n.KeyIO           MODE: 2nd degree decls took 0 
93776      INFO  Test worker     d.u.i.k.n.KeyIO           Parsing took 0 ms 
93776      DEBUG Test worker     d.u.i.k.n.KeyIO           Load declarations of de.uka.ilkd.key.nparser.KeyAst$File:  <unknown>:1#1 
93776      INFO  Test worker     d.u.i.k.n.KeyIO           MODE: declarations took 0 ms 
93776      DEBUG Test worker     d.u.i.k.n.KeyIO           MODE: 2nd degree decls took 0 
]]></system-out>
  <system-err><![CDATA[]]></system-err>
</testsuite>
