<?xml version="1.0" encoding="UTF-8"?>
<testsuite name="de.uka.ilkd.key.parser.TestTermParserSorts" tests="2" skipped="0" failures="0" errors="0" timestamp="2023-04-28T12:29:55" hostname="fv-az456-502" time="3.222">
  <properties/>
  <testcase name="testParseIntegerArgs()" classname="de.uka.ilkd.key.parser.TestTermParserSorts" time="0.018"/>
  <testcase name="testParseSequencePrettySyntax()" classname="de.uka.ilkd.key.parser.TestTermParserSorts" time="0.002"/>
  <system-out><![CDATA[480121     INFO  Test worker     d.u.i.k.n.KeyIO           Parsing took 0 ms 
480121     DEBUG Test worker     d.u.i.k.n.KeyIO           Load declarations of de.uka.ilkd.key.nparser.KeyAst$File:  <unknown>:1#1 
480121     INFO  Test worker     d.u.i.k.n.KeyIO           MODE: declarations took 0 ms 
480121     DEBUG Test worker     d.u.i.k.n.KeyIO           MODE: 2nd degree decls took 0 
480121     INFO  Test worker     d.u.i.k.n.KeyIO           Parsing took 0 ms 
480121     DEBUG Test worker     d.u.i.k.n.KeyIO           Load declarations of de.uka.ilkd.key.nparser.KeyAst$File:  <unknown>:1#1 
480121     INFO  Test worker     d.u.i.k.n.KeyIO           MODE: declarations took 0 ms 
480121     DEBUG Test worker     d.u.i.k.n.KeyIO           MODE: 2nd degree decls took 0 
480121     INFO  Test worker     d.u.i.k.n.KeyIO           Parsing took 0 ms 
480121     DEBUG Test worker     d.u.i.k.n.KeyIO           Load declarations of de.uka.ilkd.key.nparser.KeyAst$File:  <unknown>:1#1 
480121     INFO  Test worker     d.u.i.k.n.KeyIO           MODE: declarations took 0 ms 
480121     DEBUG Test worker     d.u.i.k.n.KeyIO           MODE: 2nd degree decls took 0 
483341     INFO  Test worker     d.u.i.k.n.KeyIO           Parsing took 0 ms 
483341     DEBUG Test worker     d.u.i.k.n.KeyIO           Load declarations of de.uka.ilkd.key.nparser.KeyAst$File:  <unknown>:1#1 
483341     INFO  Test worker     d.u.i.k.n.KeyIO           MODE: declarations took 0 ms 
483341     DEBUG Test worker     d.u.i.k.n.KeyIO           MODE: 2nd degree decls took 0 
483341     INFO  Test worker     d.u.i.k.n.KeyIO           Parsing took 0 ms 
483341     DEBUG Test worker     d.u.i.k.n.KeyIO           Load declarations of de.uka.ilkd.key.nparser.KeyAst$File:  <unknown>:1#1 
483341     INFO  Test worker     d.u.i.k.n.KeyIO           MODE: declarations took 0 ms 
483341     DEBUG Test worker     d.u.i.k.n.KeyIO           MODE: 2nd degree decls took 0 
483341     INFO  Test worker     d.u.i.k.n.KeyIO           Parsing took 0 ms 
483341     DEBUG Test worker     d.u.i.k.n.KeyIO           Load declarations of de.uka.ilkd.key.nparser.KeyAst$File:  <unknown>:1#1 
483341     INFO  Test worker     d.u.i.k.n.KeyIO           MODE: declarations took 0 ms 
483341     DEBUG Test worker     d.u.i.k.n.KeyIO           MODE: 2nd degree decls took 0 
]]></system-out>
  <system-err><![CDATA[]]></system-err>
</testsuite>
