<?xml version="1.0" encoding="UTF-8"?>
<testsuite name="de.uka.ilkd.key.parser.TestDeclParser" tests="14" skipped="2" failures="0" errors="0" timestamp="2023-04-28T12:25:50" hostname="fv-az456-502" time="12.719">
  <properties/>
  <testcase name="testGenericSortDecl1()" classname="de.uka.ilkd.key.parser.TestDeclParser" time="0.992"/>
  <testcase name="testGenericSortDecl2()" classname="de.uka.ilkd.key.parser.TestDeclParser" time="1.059"/>
  <testcase name="testGenericSortDecl3()" classname="de.uka.ilkd.key.parser.TestDeclParser" time="1.055"/>
  <testcase name="testGenericSortDecl4()" classname="de.uka.ilkd.key.parser.TestDeclParser" time="0.967"/>
  <testcase name="testGenericSortDecl5()" classname="de.uka.ilkd.key.parser.TestDeclParser" time="0.0">
    <skipped/>
  </testcase>
  <testcase name="testGenericSortDecl6()" classname="de.uka.ilkd.key.parser.TestDeclParser" time="1.119"/>
  <testcase name="testSortDecl()" classname="de.uka.ilkd.key.parser.TestDeclParser" time="1.009"/>
  <testcase name="testProxySortDecl()" classname="de.uka.ilkd.key.parser.TestDeclParser" time="1.087"/>
  <testcase name="testArrayDecl()" classname="de.uka.ilkd.key.parser.TestDeclParser" time="1.186"/>
  <testcase name="testAmbiguousDecls()" classname="de.uka.ilkd.key.parser.TestDeclParser" time="0.0">
    <skipped/>
  </testcase>
  <testcase name="testHeurDecl()" classname="de.uka.ilkd.key.parser.TestDeclParser" time="1.048"/>
  <testcase name="testFunctionDecl()" classname="de.uka.ilkd.key.parser.TestDeclParser" time="1.094"/>
  <testcase name="testPredicateDecl()" classname="de.uka.ilkd.key.parser.TestDeclParser" time="1.094"/>
  <testcase name="testSVDecl()" classname="de.uka.ilkd.key.parser.TestDeclParser" time="1.007"/>
  <system-out><![CDATA[236815     INFO  Test worker     d.u.i.k.n.KeyIO           Parsing took 0 ms 
236815     DEBUG Test worker     d.u.i.k.n.KeyIO           Load declarations of de.uka.ilkd.key.nparser.KeyAst$File:  <unknown>:1#1 
236815     INFO  Test worker     d.u.i.k.n.KeyIO           MODE: declarations took 0 ms 
236815     DEBUG Test worker     d.u.i.k.n.KeyIO           MODE: 2nd degree decls took 0 
236815     DEBUG Test worker     d.u.i.k.n.KeyIO           MODE: taclets took 0ms 
237878     INFO  Test worker     d.u.i.k.n.KeyIO           Parsing took 0 ms 
237878     DEBUG Test worker     d.u.i.k.n.KeyIO           Load declarations of de.uka.ilkd.key.nparser.KeyAst$File:  <unknown>:1#1 
237878     INFO  Test worker     d.u.i.k.n.KeyIO           MODE: declarations took 0 ms 
237878     DEBUG Test worker     d.u.i.k.n.KeyIO           MODE: 2nd degree decls took 0 
237878     DEBUG Test worker     d.u.i.k.n.KeyIO           MODE: taclets took 0ms 
238941     INFO  Test worker     d.u.i.k.n.KeyIO           Parsing took 0 ms 
238941     DEBUG Test worker     d.u.i.k.n.KeyIO           Load declarations of de.uka.ilkd.key.nparser.KeyAst$File:  <unknown>:1#1 
238941     INFO  Test worker     d.u.i.k.n.KeyIO           MODE: declarations took 0 ms 
238941     DEBUG Test worker     d.u.i.k.n.KeyIO           MODE: 2nd degree decls took 0 
238941     DEBUG Test worker     d.u.i.k.n.KeyIO           MODE: taclets took 0ms 
239910     INFO  Test worker     d.u.i.k.n.KeyIO           Parsing took 0 ms 
239910     DEBUG Test worker     d.u.i.k.n.KeyIO           Load declarations of de.uka.ilkd.key.nparser.KeyAst$File:  <unknown>:1#1 
239910     INFO  Test worker     d.u.i.k.n.KeyIO           MODE: declarations took 0 ms 
239910     DEBUG Test worker     d.u.i.k.n.KeyIO           MODE: 2nd degree decls took 0 
239910     DEBUG Test worker     d.u.i.k.n.KeyIO           MODE: taclets took 0ms 
241019     INFO  Test worker     d.u.i.k.n.KeyIO           Parsing took 0 ms 
241019     DEBUG Test worker     d.u.i.k.n.KeyIO           Load declarations of de.uka.ilkd.key.nparser.KeyAst$File:  <unknown>:1#1 
241019     INFO  Test worker     d.u.i.k.n.KeyIO           MODE: declarations took 0 ms 
241019     DEBUG Test worker     d.u.i.k.n.KeyIO           MODE: 2nd degree decls took 0 
241019     DEBUG Test worker     d.u.i.k.n.KeyIO           MODE: taclets took 0ms 
242020     INFO  Test worker     d.u.i.k.n.KeyIO           Parsing took 0 ms 
242020     DEBUG Test worker     d.u.i.k.n.KeyIO           Load declarations of de.uka.ilkd.key.nparser.KeyAst$File:  <unknown>:1#1 
242020     INFO  Test worker     d.u.i.k.n.KeyIO           MODE: declarations took 0 ms 
242020     DEBUG Test worker     d.u.i.k.n.KeyIO           MODE: 2nd degree decls took 0 
242020     DEBUG Test worker     d.u.i.k.n.KeyIO           MODE: taclets took 0ms 
243114     INFO  Test worker     d.u.i.k.n.KeyIO           Parsing took 0 ms 
243114     DEBUG Test worker     d.u.i.k.n.KeyIO           Load declarations of de.uka.ilkd.key.nparser.KeyAst$File:  <unknown>:1#1 
243114     INFO  Test worker     d.u.i.k.n.KeyIO           MODE: declarations took 0 ms 
243114     DEBUG Test worker     d.u.i.k.n.KeyIO           MODE: 2nd degree decls took 0 
243114     DEBUG Test worker     d.u.i.k.n.KeyIO           MODE: taclets took 0ms 
244255     INFO  Test worker     d.u.i.k.n.KeyIO           Parsing took 0 ms 
244255     DEBUG Test worker     d.u.i.k.n.KeyIO           Load declarations of de.uka.ilkd.key.nparser.KeyAst$File:  <unknown>:1#1 
244255     INFO  Test worker     d.u.i.k.n.KeyIO           MODE: declarations took 0 ms 
244255     DEBUG Test worker     d.u.i.k.n.KeyIO           MODE: 2nd degree decls took 0 
244302     DEBUG Test worker     d.u.i.k.n.KeyIO           MODE: taclets took 0ms 
245350     INFO  Test worker     d.u.i.k.n.KeyIO           Parsing took 0 ms 
245350     DEBUG Test worker     d.u.i.k.n.KeyIO           Load declarations of de.uka.ilkd.key.nparser.KeyAst$File:  <unknown>:1#1 
245350     INFO  Test worker     d.u.i.k.n.KeyIO           MODE: declarations took 0 ms 
245350     DEBUG Test worker     d.u.i.k.n.KeyIO           MODE: 2nd degree decls took 0 
245350     DEBUG Test worker     d.u.i.k.n.KeyIO           MODE: taclets took 0ms 
246444     INFO  Test worker     d.u.i.k.n.KeyIO           Parsing took 0 ms 
246444     DEBUG Test worker     d.u.i.k.n.KeyIO           Load declarations of de.uka.ilkd.key.nparser.KeyAst$File:  <unknown>:1#1 
246444     INFO  Test worker     d.u.i.k.n.KeyIO           MODE: declarations took 0 ms 
246444     DEBUG Test worker     d.u.i.k.n.KeyIO           MODE: 2nd degree decls took 0 
246444     DEBUG Test worker     d.u.i.k.n.KeyIO           MODE: taclets took 0ms 
247539     INFO  Test worker     d.u.i.k.n.KeyIO           Parsing took 0 ms 
247539     DEBUG Test worker     d.u.i.k.n.KeyIO           Load declarations of de.uka.ilkd.key.nparser.KeyAst$File:  <unknown>:1#1 
247539     INFO  Test worker     d.u.i.k.n.KeyIO           MODE: declarations took 0 ms 
247539     DEBUG Test worker     d.u.i.k.n.KeyIO           MODE: 2nd degree decls took 0 
247539     DEBUG Test worker     d.u.i.k.n.KeyIO           MODE: taclets took 0ms 
248539     INFO  Test worker     d.u.i.k.n.KeyIO           Parsing took 0 ms 
248539     DEBUG Test worker     d.u.i.k.n.KeyIO           Load declarations of de.uka.ilkd.key.nparser.KeyAst$File:  <unknown>:1#1 
248539     INFO  Test worker     d.u.i.k.n.KeyIO           MODE: declarations took 0 ms 
248539     DEBUG Test worker     d.u.i.k.n.KeyIO           MODE: 2nd degree decls took 0 
248539     DEBUG Test worker     d.u.i.k.n.KeyIO           MODE: taclets took 0ms 
]]></system-out>
  <system-err><![CDATA[]]></system-err>
</testsuite>
