<?xml version="1.0" encoding="UTF-8"?>
<testsuite name="de.uka.ilkd.key.rule.TestMatchTaclet" tests="16" skipped="0" failures="0" errors="0" timestamp="2023-04-28T12:30:24" hostname="fv-az456-502" time="3.02">
  <properties/>
  <testcase name="testProgramMatch4()" classname="de.uka.ilkd.key.rule.TestMatchTaclet" time="2.888"/>
  <testcase name="testWithSubSortsTermSV()" classname="de.uka.ilkd.key.rule.TestMatchTaclet" time="0.0"/>
  <testcase name="testWithSubSortsVariableSV()" classname="de.uka.ilkd.key.rule.TestMatchTaclet" time="0.001"/>
  <testcase name="testUpdateMatch()" classname="de.uka.ilkd.key.rule.TestMatchTaclet" time="0.001"/>
  <testcase name="testBugsThathaveBeenRemoved()" classname="de.uka.ilkd.key.rule.TestMatchTaclet" time="0.003"/>
  <testcase name="testCloseWithBoundRenaming()" classname="de.uka.ilkd.key.rule.TestMatchTaclet" time="0.077"/>
  <testcase name="testInsequentStateRestriction()" classname="de.uka.ilkd.key.rule.TestMatchTaclet" time="0.014"/>
  <testcase name="testPrefixMatching()" classname="de.uka.ilkd.key.rule.TestMatchTaclet" time="0.006"/>
  <testcase name="testNoContextMatching()" classname="de.uka.ilkd.key.rule.TestMatchTaclet" time="0.001"/>
  <testcase name="testRWVarOccursInAddAndIf()" classname="de.uka.ilkd.key.rule.TestMatchTaclet" time="0.001"/>
  <testcase name="testConflict()" classname="de.uka.ilkd.key.rule.TestMatchTaclet" time="0.0"/>
  <testcase name="testProgramMatchEmptyBlock()" classname="de.uka.ilkd.key.rule.TestMatchTaclet" time="0.003"/>
  <testcase name="testRWVarOccursFindAndIf()" classname="de.uka.ilkd.key.rule.TestMatchTaclet" time="0.001"/>
  <testcase name="testXNotFreeInYConflict()" classname="de.uka.ilkd.key.rule.TestMatchTaclet" time="0.001"/>
  <testcase name="testVarOccursInIfAndAddRule()" classname="de.uka.ilkd.key.rule.TestMatchTaclet" time="0.001"/>
  <testcase name="testVarOccursInFindAndAddRule()" classname="de.uka.ilkd.key.rule.TestMatchTaclet" time="0.003"/>
  <system-out><![CDATA[512532     INFO  Test worker     d.u.i.k.n.KeyIO           Parsing took 0 ms 
512595     DEBUG Test worker     d.u.i.k.n.KeyIO           Load declarations of de.uka.ilkd.key.nparser.KeyAst$File:  D:\a\key\key\key.core\src\test\resources\testcase\..\de\uka\ilkd\key\rule\testRuleMatch.txt:8#1 
512595     INFO  Test worker     d.u.i.k.n.KeyIO           MODE: declarations took 0 ms 
512595     DEBUG Test worker     d.u.i.k.n.KeyIO           MODE: 2nd degree decls took 0 
512657     DEBUG Test worker     d.u.i.k.n.KeyIO           MODE: taclets took 62ms 
]]></system-out>
  <system-err><![CDATA[]]></system-err>
</testsuite>
