<?xml version="1.0" encoding="UTF-8"?>
<testsuite name="de.uka.ilkd.key.parser.TestTermParserHeap" tests="39" skipped="0" failures="0" errors="0" timestamp="2023-04-28T12:27:44" hostname="fv-az456-502" time="127.831">
  <properties/>
  <testcase name="testBracketHeapUpdate()" classname="de.uka.ilkd.key.parser.TestTermParserHeap" time="0.03"/>
  <testcase name="testStore()" classname="de.uka.ilkd.key.parser.TestTermParserHeap" time="0.01"/>
  <testcase name="testUnknownConstant()" classname="de.uka.ilkd.key.parser.TestTermParserHeap" time="0.011"/>
  <testcase name="testAllFieldsSelector()" classname="de.uka.ilkd.key.parser.TestTermParserHeap" time="0.003"/>
  <testcase name="testParsePrettyPrintedSelect()" classname="de.uka.ilkd.key.parser.TestTermParserHeap" time="0.003"/>
  <testcase name="testAccessStaticMembers()" classname="de.uka.ilkd.key.parser.TestTermParserHeap" time="0.014"/>
  <testcase name="testAtOperator_1()" classname="de.uka.ilkd.key.parser.TestTermParserHeap" time="0.001"/>
  <testcase name="testAtOperator_2()" classname="de.uka.ilkd.key.parser.TestTermParserHeap" time="0.003"/>
  <testcase name="testAtOperator_3()" classname="de.uka.ilkd.key.parser.TestTermParserHeap" time="0.005"/>
  <testcase name="testAtOperator_4()" classname="de.uka.ilkd.key.parser.TestTermParserHeap" time="0.007"/>
  <testcase name="testAtOperator_5()" classname="de.uka.ilkd.key.parser.TestTermParserHeap" time="0.006"/>
  <testcase name="testAtOperator_6()" classname="de.uka.ilkd.key.parser.TestTermParserHeap" time="0.008"/>
  <testcase name="testAtOperator_7()" classname="de.uka.ilkd.key.parser.TestTermParserHeap" time="0.002"/>
  <testcase name="testAtOperator_8()" classname="de.uka.ilkd.key.parser.TestTermParserHeap" time="0.003"/>
  <testcase name="testVerifyExceptionIfAtOperatorNotPreceededBySelectTerm()" classname="de.uka.ilkd.key.parser.TestTermParserHeap" time="0.004"/>
  <testcase name="testBugResettingCounter()" classname="de.uka.ilkd.key.parser.TestTermParserHeap" time="0.004"/>
  <testcase name="testLocationSets()" classname="de.uka.ilkd.key.parser.TestTermParserHeap" time="0.006"/>
  <testcase name="testQuantifiedSelect()" classname="de.uka.ilkd.key.parser.TestTermParserHeap" time="0.006"/>
  <testcase name="testGenericObjectProperties()" classname="de.uka.ilkd.key.parser.TestTermParserHeap" time="0.004"/>
  <testcase name="testQueryInheritance_1()" classname="de.uka.ilkd.key.parser.TestTermParserHeap" time="0.003"/>
  <testcase name="testQueryInheritance_2()" classname="de.uka.ilkd.key.parser.TestTermParserHeap" time="0.002"/>
  <testcase name="testQueryInheritance_3()" classname="de.uka.ilkd.key.parser.TestTermParserHeap" time="0.007"/>
  <testcase name="testQueryInheritance_4()" classname="de.uka.ilkd.key.parser.TestTermParserHeap" time="0.004"/>
  <testcase name="testQueryInheritance_5()" classname="de.uka.ilkd.key.parser.TestTermParserHeap" time="0.004"/>
  <testcase name="testQueryInheritance_6()" classname="de.uka.ilkd.key.parser.TestTermParserHeap" time="0.003"/>
  <testcase name="testQueryInheritance_7()" classname="de.uka.ilkd.key.parser.TestTermParserHeap" time="0.004"/>
  <testcase name="testQueryInheritance_8()" classname="de.uka.ilkd.key.parser.TestTermParserHeap" time="0.006"/>
  <testcase name="testQueryInheritance_9()" classname="de.uka.ilkd.key.parser.TestTermParserHeap" time="0.003"/>
  <testcase name="testQueryBasic_10()" classname="de.uka.ilkd.key.parser.TestTermParserHeap" time="0.005"/>
  <testcase name="testQueryBasic_11()" classname="de.uka.ilkd.key.parser.TestTermParserHeap" time="0.002"/>
  <testcase name="testQueryBasic_1()" classname="de.uka.ilkd.key.parser.TestTermParserHeap" time="0.004"/>
  <testcase name="testQueryBasic_2()" classname="de.uka.ilkd.key.parser.TestTermParserHeap" time="0.004"/>
  <testcase name="testQueryBasic_3()" classname="de.uka.ilkd.key.parser.TestTermParserHeap" time="0.007"/>
  <testcase name="testQueryBasic_4()" classname="de.uka.ilkd.key.parser.TestTermParserHeap" time="0.006"/>
  <testcase name="testQueryBasic_5()" classname="de.uka.ilkd.key.parser.TestTermParserHeap" time="0.005"/>
  <testcase name="testQueryBasic_6()" classname="de.uka.ilkd.key.parser.TestTermParserHeap" time="0.003"/>
  <testcase name="testQueryBasic_7()" classname="de.uka.ilkd.key.parser.TestTermParserHeap" time="0.005"/>
  <testcase name="testQueryBasic_8()" classname="de.uka.ilkd.key.parser.TestTermParserHeap" time="0.006"/>
  <testcase name="testQueryBasic_9()" classname="de.uka.ilkd.key.parser.TestTermParserHeap" time="0.003"/>
  <system-out><![CDATA[349041     INFO  Test worker     d.u.i.k.n.KeyIO           Parsing took 0 ms 
349041     DEBUG Test worker     d.u.i.k.n.KeyIO           Load declarations of de.uka.ilkd.key.nparser.KeyAst$File:  <unknown>:1#1 
349041     INFO  Test worker     d.u.i.k.n.KeyIO           MODE: declarations took 0 ms 
349041     DEBUG Test worker     d.u.i.k.n.KeyIO           MODE: 2nd degree decls took 0 
349041     INFO  Test worker     d.u.i.k.n.KeyIO           Parsing took 0 ms 
349041     DEBUG Test worker     d.u.i.k.n.KeyIO           Load declarations of de.uka.ilkd.key.nparser.KeyAst$File:  <unknown>:1#1 
349041     INFO  Test worker     d.u.i.k.n.KeyIO           MODE: declarations took 0 ms 
349041     DEBUG Test worker     d.u.i.k.n.KeyIO           MODE: 2nd degree decls took 0 
349041     INFO  Test worker     d.u.i.k.n.KeyIO           Parsing took 0 ms 
349041     DEBUG Test worker     d.u.i.k.n.KeyIO           Load declarations of de.uka.ilkd.key.nparser.KeyAst$File:  <unknown>:1#1 
349041     INFO  Test worker     d.u.i.k.n.KeyIO           MODE: declarations took 0 ms 
349041     DEBUG Test worker     d.u.i.k.n.KeyIO           MODE: 2nd degree decls took 0 
349041     INFO  Test worker     d.u.i.k.n.KeyIO           Parsing took 0 ms 
349041     DEBUG Test worker     d.u.i.k.n.KeyIO           Load declarations of de.uka.ilkd.key.nparser.KeyAst$File:  <unknown>:1#1 
349041     INFO  Test worker     d.u.i.k.n.KeyIO           MODE: declarations took 0 ms 
349041     DEBUG Test worker     d.u.i.k.n.KeyIO           MODE: 2nd degree decls took 0 
349041     INFO  Test worker     d.u.i.k.n.KeyIO           Parsing took 0 ms 
349041     DEBUG Test worker     d.u.i.k.n.KeyIO           Load declarations of de.uka.ilkd.key.nparser.KeyAst$File:  <unknown>:1#1 
349041     INFO  Test worker     d.u.i.k.n.KeyIO           MODE: declarations took 0 ms 
349041     DEBUG Test worker     d.u.i.k.n.KeyIO           MODE: 2nd degree decls took 0 
352652     INFO  Test worker     d.u.i.k.n.KeyIO           Parsing took 0 ms 
352652     DEBUG Test worker     d.u.i.k.n.KeyIO           Load declarations of de.uka.ilkd.key.nparser.KeyAst$File:  <unknown>:1#1 
352652     INFO  Test worker     d.u.i.k.n.KeyIO           MODE: declarations took 0 ms 
352652     DEBUG Test worker     d.u.i.k.n.KeyIO           MODE: 2nd degree decls took 0 
352652     INFO  Test worker     d.u.i.k.n.KeyIO           Parsing took 0 ms 
352652     DEBUG Test worker     d.u.i.k.n.KeyIO           Load declarations of de.uka.ilkd.key.nparser.KeyAst$File:  <unknown>:1#1 
352652     INFO  Test worker     d.u.i.k.n.KeyIO           MODE: declarations took 0 ms 
352652     DEBUG Test worker     d.u.i.k.n.KeyIO           MODE: 2nd degree decls took 0 
352652     INFO  Test worker     d.u.i.k.n.KeyIO           Parsing took 0 ms 
352652     DEBUG Test worker     d.u.i.k.n.KeyIO           Load declarations of de.uka.ilkd.key.nparser.KeyAst$File:  <unknown>:1#1 
352652     INFO  Test worker     d.u.i.k.n.KeyIO           MODE: declarations took 0 ms 
352652     DEBUG Test worker     d.u.i.k.n.KeyIO           MODE: 2nd degree decls took 0 
352652     INFO  Test worker     d.u.i.k.n.KeyIO           Parsing took 0 ms 
352652     DEBUG Test worker     d.u.i.k.n.KeyIO           Load declarations of de.uka.ilkd.key.nparser.KeyAst$File:  <unknown>:1#1 
352652     INFO  Test worker     d.u.i.k.n.KeyIO           MODE: declarations took 0 ms 
352652     DEBUG Test worker     d.u.i.k.n.KeyIO           MODE: 2nd degree decls took 0 
352652     INFO  Test worker     d.u.i.k.n.KeyIO           Parsing took 0 ms 
352652     DEBUG Test worker     d.u.i.k.n.KeyIO           Load declarations of de.uka.ilkd.key.nparser.KeyAst$File:  <unknown>:1#1 
352652     INFO  Test worker     d.u.i.k.n.KeyIO           MODE: declarations took 0 ms 
352652     DEBUG Test worker     d.u.i.k.n.KeyIO           MODE: 2nd degree decls took 0 
356247     INFO  Test worker     d.u.i.k.n.KeyIO           Parsing took 0 ms 
356247     DEBUG Test worker     d.u.i.k.n.KeyIO           Load declarations of de.uka.ilkd.key.nparser.KeyAst$File:  <unknown>:1#1 
356247     INFO  Test worker     d.u.i.k.n.KeyIO           MODE: declarations took 0 ms 
356247     DEBUG Test worker     d.u.i.k.n.KeyIO           MODE: 2nd degree decls took 0 
356247     INFO  Test worker     d.u.i.k.n.KeyIO           Parsing took 0 ms 
356247     DEBUG Test worker     d.u.i.k.n.KeyIO           Load declarations of de.uka.ilkd.key.nparser.KeyAst$File:  <unknown>:1#1 
356247     INFO  Test worker     d.u.i.k.n.KeyIO           MODE: declarations took 0 ms 
356247     DEBUG Test worker     d.u.i.k.n.KeyIO           MODE: 2nd degree decls took 0 
356247     INFO  Test worker     d.u.i.k.n.KeyIO           Parsing took 0 ms 
356247     DEBUG Test worker     d.u.i.k.n.KeyIO           Load declarations of de.uka.ilkd.key.nparser.KeyAst$File:  <unknown>:1#1 
356247     INFO  Test worker     d.u.i.k.n.KeyIO           MODE: declarations took 0 ms 
356247     DEBUG Test worker     d.u.i.k.n.KeyIO           MODE: 2nd degree decls took 0 
356247     INFO  Test worker     d.u.i.k.n.KeyIO           Parsing took 0 ms 
356247     DEBUG Test worker     d.u.i.k.n.KeyIO           Load declarations of de.uka.ilkd.key.nparser.KeyAst$File:  <unknown>:1#1 
356247     INFO  Test worker     d.u.i.k.n.KeyIO           MODE: declarations took 0 ms 
356247     DEBUG Test worker     d.u.i.k.n.KeyIO           MODE: 2nd degree decls took 0 
356247     INFO  Test worker     d.u.i.k.n.KeyIO           Parsing took 0 ms 
356247     DEBUG Test worker     d.u.i.k.n.KeyIO           Load declarations of de.uka.ilkd.key.nparser.KeyAst$File:  <unknown>:1#1 
356247     INFO  Test worker     d.u.i.k.n.KeyIO           MODE: declarations took 0 ms 
356247     DEBUG Test worker     d.u.i.k.n.KeyIO           MODE: 2nd degree decls took 0 
356247     INFO  Test worker     d.u.i.k.n.KeyIO           Parsing took 0 ms 
356247     DEBUG Test worker     d.u.i.k.n.KeyIO           Load declarations of de.uka.ilkd.key.nparser.KeyAst$File:  <unknown>:1#1 
356247     INFO  Test worker     d.u.i.k.n.KeyIO           MODE: declarations took 0 ms 
356247     DEBUG Test worker     d.u.i.k.n.KeyIO           MODE: 2nd degree decls took 0 
360077     INFO  Test worker     d.u.i.k.n.KeyIO           Parsing took 0 ms 
360077     DEBUG Test worker     d.u.i.k.n.KeyIO           Load declarations of de.uka.ilkd.key.nparser.KeyAst$File:  <unknown>:1#1 
360077     INFO  Test worker     d.u.i.k.n.KeyIO           MODE: declarations took 0 ms 
360077     DEBUG Test worker     d.u.i.k.n.KeyIO           MODE: 2nd degree decls took 0 
360077     INFO  Test worker     d.u.i.k.n.KeyIO           Parsing took 0 ms 
360077     DEBUG Test worker     d.u.i.k.n.KeyIO           Load declarations of de.uka.ilkd.key.nparser.KeyAst$File:  <unknown>:1#1 
360077     INFO  Test worker     d.u.i.k.n.KeyIO           MODE: declarations took 0 ms 
360077     DEBUG Test worker     d.u.i.k.n.KeyIO           MODE: 2nd degree decls took 0 
360077     INFO  Test worker     d.u.i.k.n.KeyIO           Parsing took 0 ms 
360077     DEBUG Test worker     d.u.i.k.n.KeyIO           Load declarations of de.uka.ilkd.key.nparser.KeyAst$File:  <unknown>:1#1 
360077     INFO  Test worker     d.u.i.k.n.KeyIO           MODE: declarations took 0 ms 
360077     DEBUG Test worker     d.u.i.k.n.KeyIO           MODE: 2nd degree decls took 0 
360077     INFO  Test worker     d.u.i.k.n.KeyIO           Parsing took 0 ms 
360077     DEBUG Test worker     d.u.i.k.n.KeyIO           Load declarations of de.uka.ilkd.key.nparser.KeyAst$File:  <unknown>:1#1 
360077     INFO  Test worker     d.u.i.k.n.KeyIO           MODE: declarations took 0 ms 
360077     DEBUG Test worker     d.u.i.k.n.KeyIO           MODE: 2nd degree decls took 0 
360077     INFO  Test worker     d.u.i.k.n.KeyIO           Parsing took 0 ms 
360077     DEBUG Test worker     d.u.i.k.n.KeyIO           Load declarations of de.uka.ilkd.key.nparser.KeyAst$File:  <unknown>:1#1 
360077     INFO  Test worker     d.u.i.k.n.KeyIO           MODE: declarations took 0 ms 
360077     DEBUG Test worker     d.u.i.k.n.KeyIO           MODE: 2nd degree decls took 0 
363892     INFO  Test worker     d.u.i.k.n.KeyIO           Parsing took 0 ms 
363892     DEBUG Test worker     d.u.i.k.n.KeyIO           Load declarations of de.uka.ilkd.key.nparser.KeyAst$File:  <unknown>:1#1 
363892     INFO  Test worker     d.u.i.k.n.KeyIO           MODE: declarations took 0 ms 
363892     DEBUG Test worker     d.u.i.k.n.KeyIO           MODE: 2nd degree decls took 0 
363892     INFO  Test worker     d.u.i.k.n.KeyIO           Parsing took 0 ms 
363892     DEBUG Test worker     d.u.i.k.n.KeyIO           Load declarations of de.uka.ilkd.key.nparser.KeyAst$File:  <unknown>:1#1 
363892     INFO  Test worker     d.u.i.k.n.KeyIO           MODE: declarations took 0 ms 
363892     DEBUG Test worker     d.u.i.k.n.KeyIO           MODE: 2nd degree decls took 0 
363892     INFO  Test worker     d.u.i.k.n.KeyIO           Parsing took 0 ms 
363892     DEBUG Test worker     d.u.i.k.n.KeyIO           Load declarations of de.uka.ilkd.key.nparser.KeyAst$File:  <unknown>:1#1 
363892     INFO  Test worker     d.u.i.k.n.KeyIO           MODE: declarations took 0 ms 
363892     DEBUG Test worker     d.u.i.k.n.KeyIO           MODE: 2nd degree decls took 0 
363892     INFO  Test worker     d.u.i.k.n.KeyIO           Parsing took 0 ms 
363892     DEBUG Test worker     d.u.i.k.n.KeyIO           Load declarations of de.uka.ilkd.key.nparser.KeyAst$File:  <unknown>:1#1 
363892     INFO  Test worker     d.u.i.k.n.KeyIO           MODE: declarations took 0 ms 
363892     DEBUG Test worker     d.u.i.k.n.KeyIO           MODE: 2nd degree decls took 0 
363892     INFO  Test worker     d.u.i.k.n.KeyIO           Parsing took 0 ms 
363892     DEBUG Test worker     d.u.i.k.n.KeyIO           Load declarations of de.uka.ilkd.key.nparser.KeyAst$File:  <unknown>:1#1 
363892     INFO  Test worker     d.u.i.k.n.KeyIO           MODE: declarations took 0 ms 
363892     DEBUG Test worker     d.u.i.k.n.KeyIO           MODE: 2nd degree decls took 0 
367581     INFO  Test worker     d.u.i.k.n.KeyIO           Parsing took 0 ms 
367581     DEBUG Test worker     d.u.i.k.n.KeyIO           Load declarations of de.uka.ilkd.key.nparser.KeyAst$File:  <unknown>:1#1 
367581     INFO  Test worker     d.u.i.k.n.KeyIO           MODE: declarations took 0 ms 
367581     DEBUG Test worker     d.u.i.k.n.KeyIO           MODE: 2nd degree decls took 0 
367581     INFO  Test worker     d.u.i.k.n.KeyIO           Parsing took 0 ms 
367581     DEBUG Test worker     d.u.i.k.n.KeyIO           Load declarations of de.uka.ilkd.key.nparser.KeyAst$File:  <unknown>:1#1 
367581     INFO  Test worker     d.u.i.k.n.KeyIO           MODE: declarations took 0 ms 
367581     DEBUG Test worker     d.u.i.k.n.KeyIO           MODE: 2nd degree decls took 0 
367581     INFO  Test worker     d.u.i.k.n.KeyIO           Parsing took 0 ms 
367581     DEBUG Test worker     d.u.i.k.n.KeyIO           Load declarations of de.uka.ilkd.key.nparser.KeyAst$File:  <unknown>:1#1 
367581     INFO  Test worker     d.u.i.k.n.KeyIO           MODE: declarations took 0 ms 
367581     DEBUG Test worker     d.u.i.k.n.KeyIO           MODE: 2nd degree decls took 0 
367581     INFO  Test worker     d.u.i.k.n.KeyIO           Parsing took 0 ms 
367581     DEBUG Test worker     d.u.i.k.n.KeyIO           Load declarations of de.uka.ilkd.key.nparser.KeyAst$File:  <unknown>:1#1 
367581     INFO  Test worker     d.u.i.k.n.KeyIO           MODE: declarations took 0 ms 
367581     DEBUG Test worker     d.u.i.k.n.KeyIO           MODE: 2nd degree decls took 0 
367581     INFO  Test worker     d.u.i.k.n.KeyIO           Parsing took 0 ms 
367581     DEBUG Test worker     d.u.i.k.n.KeyIO           Load declarations of de.uka.ilkd.key.nparser.KeyAst$File:  <unknown>:1#1 
367581     INFO  Test worker     d.u.i.k.n.KeyIO           MODE: declarations took 0 ms 
367581     DEBUG Test worker     d.u.i.k.n.KeyIO           MODE: 2nd degree decls took 0 
371820     INFO  Test worker     d.u.i.k.n.KeyIO           Parsing took 0 ms 
371820     DEBUG Test worker     d.u.i.k.n.KeyIO           Load declarations of de.uka.ilkd.key.nparser.KeyAst$File:  <unknown>:1#1 
371820     INFO  Test worker     d.u.i.k.n.KeyIO           MODE: declarations took 0 ms 
371820     DEBUG Test worker     d.u.i.k.n.KeyIO           MODE: 2nd degree decls took 0 
371820     INFO  Test worker     d.u.i.k.n.KeyIO           Parsing took 0 ms 
371820     DEBUG Test worker     d.u.i.k.n.KeyIO           Load declarations of de.uka.ilkd.key.nparser.KeyAst$File:  <unknown>:1#1 
371820     INFO  Test worker     d.u.i.k.n.KeyIO           MODE: declarations took 0 ms 
371820     DEBUG Test worker     d.u.i.k.n.KeyIO           MODE: 2nd degree decls took 0 
371820     INFO  Test worker     d.u.i.k.n.KeyIO           Parsing took 0 ms 
371820     DEBUG Test worker     d.u.i.k.n.KeyIO           Load declarations of de.uka.ilkd.key.nparser.KeyAst$File:  <unknown>:1#1 
371820     INFO  Test worker     d.u.i.k.n.KeyIO           MODE: declarations took 0 ms 
371820     DEBUG Test worker     d.u.i.k.n.KeyIO           MODE: 2nd degree decls took 0 
371820     INFO  Test worker     d.u.i.k.n.KeyIO           Parsing took 0 ms 
371820     DEBUG Test worker     d.u.i.k.n.KeyIO           Load declarations of de.uka.ilkd.key.nparser.KeyAst$File:  <unknown>:1#1 
371820     INFO  Test worker     d.u.i.k.n.KeyIO           MODE: declarations took 0 ms 
371820     DEBUG Test worker     d.u.i.k.n.KeyIO           MODE: 2nd degree decls took 0 
371820     INFO  Test worker     d.u.i.k.n.KeyIO           Parsing took 0 ms 
371820     DEBUG Test worker     d.u.i.k.n.KeyIO           Load declarations of de.uka.ilkd.key.nparser.KeyAst$File:  <unknown>:1#1 
371820     INFO  Test worker     d.u.i.k.n.KeyIO           MODE: declarations took 0 ms 
371820     DEBUG Test worker     d.u.i.k.n.KeyIO           MODE: 2nd degree decls took 0 
375135     INFO  Test worker     d.u.i.k.n.KeyIO           Parsing took 0 ms 
375135     DEBUG Test worker     d.u.i.k.n.KeyIO           Load declarations of de.uka.ilkd.key.nparser.KeyAst$File:  <unknown>:1#1 
375135     INFO  Test worker     d.u.i.k.n.KeyIO           MODE: declarations took 0 ms 
375135     DEBUG Test worker     d.u.i.k.n.KeyIO           MODE: 2nd degree decls took 0 
375135     INFO  Test worker     d.u.i.k.n.KeyIO           Parsing took 0 ms 
375135     DEBUG Test worker     d.u.i.k.n.KeyIO           Load declarations of de.uka.ilkd.key.nparser.KeyAst$File:  <unknown>:1#1 
375135     INFO  Test worker     d.u.i.k.n.KeyIO           MODE: declarations took 0 ms 
375135     DEBUG Test worker     d.u.i.k.n.KeyIO           MODE: 2nd degree decls took 0 
375135     INFO  Test worker     d.u.i.k.n.KeyIO           Parsing took 0 ms 
375135     DEBUG Test worker     d.u.i.k.n.KeyIO           Load declarations of de.uka.ilkd.key.nparser.KeyAst$File:  <unknown>:1#1 
375135     INFO  Test worker     d.u.i.k.n.KeyIO           MODE: declarations took 0 ms 
375135     DEBUG Test worker     d.u.i.k.n.KeyIO           MODE: 2nd degree decls took 0 
375135     INFO  Test worker     d.u.i.k.n.KeyIO           Parsing took 0 ms 
375135     DEBUG Test worker     d.u.i.k.n.KeyIO           Load declarations of de.uka.ilkd.key.nparser.KeyAst$File:  <unknown>:1#1 
375135     INFO  Test worker     d.u.i.k.n.KeyIO           MODE: declarations took 0 ms 
375135     DEBUG Test worker     d.u.i.k.n.KeyIO           MODE: 2nd degree decls took 0 
375135     INFO  Test worker     d.u.i.k.n.KeyIO           Parsing took 0 ms 
375135     DEBUG Test worker     d.u.i.k.n.KeyIO           Load declarations of de.uka.ilkd.key.nparser.KeyAst$File:  <unknown>:1#1 
375135     INFO  Test worker     d.u.i.k.n.KeyIO           MODE: declarations took 0 ms 
375135     DEBUG Test worker     d.u.i.k.n.KeyIO           MODE: 2nd degree decls took 0 
378730     INFO  Test worker     d.u.i.k.n.KeyIO           Parsing took 0 ms 
378730     DEBUG Test worker     d.u.i.k.n.KeyIO           Load declarations of de.uka.ilkd.key.nparser.KeyAst$File:  <unknown>:1#1 
378730     INFO  Test worker     d.u.i.k.n.KeyIO           MODE: declarations took 0 ms 
378730     DEBUG Test worker     d.u.i.k.n.KeyIO           MODE: 2nd degree decls took 0 
378730     INFO  Test worker     d.u.i.k.n.KeyIO           Parsing took 0 ms 
378730     DEBUG Test worker     d.u.i.k.n.KeyIO           Load declarations of de.uka.ilkd.key.nparser.KeyAst$File:  <unknown>:1#1 
378730     INFO  Test worker     d.u.i.k.n.KeyIO           MODE: declarations took 0 ms 
378730     DEBUG Test worker     d.u.i.k.n.KeyIO           MODE: 2nd degree decls took 0 
378730     INFO  Test worker     d.u.i.k.n.KeyIO           Parsing took 0 ms 
378730     DEBUG Test worker     d.u.i.k.n.KeyIO           Load declarations of de.uka.ilkd.key.nparser.KeyAst$File:  <unknown>:1#1 
378730     INFO  Test worker     d.u.i.k.n.KeyIO           MODE: declarations took 0 ms 
378730     DEBUG Test worker     d.u.i.k.n.KeyIO           MODE: 2nd degree decls took 0 
378730     INFO  Test worker     d.u.i.k.n.KeyIO           Parsing took 0 ms 
378730     DEBUG Test worker     d.u.i.k.n.KeyIO           Load declarations of de.uka.ilkd.key.nparser.KeyAst$File:  <unknown>:1#1 
378730     INFO  Test worker     d.u.i.k.n.KeyIO           MODE: declarations took 0 ms 
378730     DEBUG Test worker     d.u.i.k.n.KeyIO           MODE: 2nd degree decls took 0 
378730     INFO  Test worker     d.u.i.k.n.KeyIO           Parsing took 0 ms 
378730     DEBUG Test worker     d.u.i.k.n.KeyIO           Load declarations of de.uka.ilkd.key.nparser.KeyAst$File:  <unknown>:1#1 
378730     INFO  Test worker     d.u.i.k.n.KeyIO           MODE: declarations took 0 ms 
378730     DEBUG Test worker     d.u.i.k.n.KeyIO           MODE: 2nd degree decls took 0 
381950     INFO  Test worker     d.u.i.k.n.KeyIO           Parsing took 0 ms 
381950     DEBUG Test worker     d.u.i.k.n.KeyIO           Load declarations of de.uka.ilkd.key.nparser.KeyAst$File:  <unknown>:1#1 
381950     INFO  Test worker     d.u.i.k.n.KeyIO           MODE: declarations took 0 ms 
381950     DEBUG Test worker     d.u.i.k.n.KeyIO           MODE: 2nd degree decls took 0 
381950     INFO  Test worker     d.u.i.k.n.KeyIO           Parsing took 0 ms 
381950     DEBUG Test worker     d.u.i.k.n.KeyIO           Load declarations of de.uka.ilkd.key.nparser.KeyAst$File:  <unknown>:1#1 
381950     INFO  Test worker     d.u.i.k.n.KeyIO           MODE: declarations took 0 ms 
381950     DEBUG Test worker     d.u.i.k.n.KeyIO           MODE: 2nd degree decls took 0 
381950     INFO  Test worker     d.u.i.k.n.KeyIO           Parsing took 0 ms 
381950     DEBUG Test worker     d.u.i.k.n.KeyIO           Load declarations of de.uka.ilkd.key.nparser.KeyAst$File:  <unknown>:1#1 
381950     INFO  Test worker     d.u.i.k.n.KeyIO           MODE: declarations took 0 ms 
381950     DEBUG Test worker     d.u.i.k.n.KeyIO           MODE: 2nd degree decls took 0 
381950     INFO  Test worker     d.u.i.k.n.KeyIO           Parsing took 0 ms 
381950     DEBUG Test worker     d.u.i.k.n.KeyIO           Load declarations of de.uka.ilkd.key.nparser.KeyAst$File:  <unknown>:1#1 
381950     INFO  Test worker     d.u.i.k.n.KeyIO           MODE: declarations took 0 ms 
381950     DEBUG Test worker     d.u.i.k.n.KeyIO           MODE: 2nd degree decls took 0 
381950     INFO  Test worker     d.u.i.k.n.KeyIO           Parsing took 0 ms 
381950     DEBUG Test worker     d.u.i.k.n.KeyIO           Load declarations of de.uka.ilkd.key.nparser.KeyAst$File:  <unknown>:1#1 
381950     INFO  Test worker     d.u.i.k.n.KeyIO           MODE: declarations took 0 ms 
381950     DEBUG Test worker     d.u.i.k.n.KeyIO           MODE: 2nd degree decls took 0 
385124     INFO  Test worker     d.u.i.k.n.KeyIO           Parsing took 0 ms 
385124     DEBUG Test worker     d.u.i.k.n.KeyIO           Load declarations of de.uka.ilkd.key.nparser.KeyAst$File:  <unknown>:1#1 
385124     INFO  Test worker     d.u.i.k.n.KeyIO           MODE: declarations took 0 ms 
385124     DEBUG Test worker     d.u.i.k.n.KeyIO           MODE: 2nd degree decls took 0 
385124     INFO  Test worker     d.u.i.k.n.KeyIO           Parsing took 0 ms 
385124     DEBUG Test worker     d.u.i.k.n.KeyIO           Load declarations of de.uka.ilkd.key.nparser.KeyAst$File:  <unknown>:1#1 
385124     INFO  Test worker     d.u.i.k.n.KeyIO           MODE: declarations took 0 ms 
385124     DEBUG Test worker     d.u.i.k.n.KeyIO           MODE: 2nd degree decls took 0 
385124     INFO  Test worker     d.u.i.k.n.KeyIO           Parsing took 0 ms 
385124     DEBUG Test worker     d.u.i.k.n.KeyIO           Load declarations of de.uka.ilkd.key.nparser.KeyAst$File:  <unknown>:1#1 
385124     INFO  Test worker     d.u.i.k.n.KeyIO           MODE: declarations took 0 ms 
385124     DEBUG Test worker     d.u.i.k.n.KeyIO           MODE: 2nd degree decls took 0 
385124     INFO  Test worker     d.u.i.k.n.KeyIO           Parsing took 0 ms 
385124     DEBUG Test worker     d.u.i.k.n.KeyIO           Load declarations of de.uka.ilkd.key.nparser.KeyAst$File:  <unknown>:1#1 
385124     INFO  Test worker     d.u.i.k.n.KeyIO           MODE: declarations took 0 ms 
385124     DEBUG Test worker     d.u.i.k.n.KeyIO           MODE: 2nd degree decls took 0 
385124     INFO  Test worker     d.u.i.k.n.KeyIO           Parsing took 0 ms 
385124     DEBUG Test worker     d.u.i.k.n.KeyIO           Load declarations of de.uka.ilkd.key.nparser.KeyAst$File:  <unknown>:1#1 
385124     INFO  Test worker     d.u.i.k.n.KeyIO           MODE: declarations took 0 ms 
385124     DEBUG Test worker     d.u.i.k.n.KeyIO           MODE: 2nd degree decls took 0 
388376     INFO  Test worker     d.u.i.k.n.KeyIO           Parsing took 0 ms 
388376     DEBUG Test worker     d.u.i.k.n.KeyIO           Load declarations of de.uka.ilkd.key.nparser.KeyAst$File:  <unknown>:1#1 
388376     INFO  Test worker     d.u.i.k.n.KeyIO           MODE: declarations took 0 ms 
388376     DEBUG Test worker     d.u.i.k.n.KeyIO           MODE: 2nd degree decls took 0 
388376     INFO  Test worker     d.u.i.k.n.KeyIO           Parsing took 0 ms 
388376     DEBUG Test worker     d.u.i.k.n.KeyIO           Load declarations of de.uka.ilkd.key.nparser.KeyAst$File:  <unknown>:1#1 
388376     INFO  Test worker     d.u.i.k.n.KeyIO           MODE: declarations took 0 ms 
388376     DEBUG Test worker     d.u.i.k.n.KeyIO           MODE: 2nd degree decls took 0 
388376     INFO  Test worker     d.u.i.k.n.KeyIO           Parsing took 0 ms 
388392     DEBUG Test worker     d.u.i.k.n.KeyIO           Load declarations of de.uka.ilkd.key.nparser.KeyAst$File:  <unknown>:1#1 
388392     INFO  Test worker     d.u.i.k.n.KeyIO           MODE: declarations took 0 ms 
388392     DEBUG Test worker     d.u.i.k.n.KeyIO           MODE: 2nd degree decls took 0 
388392     INFO  Test worker     d.u.i.k.n.KeyIO           Parsing took 0 ms 
388392     DEBUG Test worker     d.u.i.k.n.KeyIO           Load declarations of de.uka.ilkd.key.nparser.KeyAst$File:  <unknown>:1#1 
388392     INFO  Test worker     d.u.i.k.n.KeyIO           MODE: declarations took 0 ms 
388392     DEBUG Test worker     d.u.i.k.n.KeyIO           MODE: 2nd degree decls took 0 
388392     INFO  Test worker     d.u.i.k.n.KeyIO           Parsing took 0 ms 
388392     DEBUG Test worker     d.u.i.k.n.KeyIO           Load declarations of de.uka.ilkd.key.nparser.KeyAst$File:  <unknown>:1#1 
388392     INFO  Test worker     d.u.i.k.n.KeyIO           MODE: declarations took 0 ms 
388392     DEBUG Test worker     d.u.i.k.n.KeyIO           MODE: 2nd degree decls took 0 
391596     INFO  Test worker     d.u.i.k.n.KeyIO           Parsing took 0 ms 
391596     DEBUG Test worker     d.u.i.k.n.KeyIO           Load declarations of de.uka.ilkd.key.nparser.KeyAst$File:  <unknown>:1#1 
391596     INFO  Test worker     d.u.i.k.n.KeyIO           MODE: declarations took 0 ms 
391596     DEBUG Test worker     d.u.i.k.n.KeyIO           MODE: 2nd degree decls took 0 
391596     INFO  Test worker     d.u.i.k.n.KeyIO           Parsing took 0 ms 
391596     DEBUG Test worker     d.u.i.k.n.KeyIO           Load declarations of de.uka.ilkd.key.nparser.KeyAst$File:  <unknown>:1#1 
391596     INFO  Test worker     d.u.i.k.n.KeyIO           MODE: declarations took 0 ms 
391596     DEBUG Test worker     d.u.i.k.n.KeyIO           MODE: 2nd degree decls took 0 
391596     INFO  Test worker     d.u.i.k.n.KeyIO           Parsing took 0 ms 
391596     DEBUG Test worker     d.u.i.k.n.KeyIO           Load declarations of de.uka.ilkd.key.nparser.KeyAst$File:  <unknown>:1#1 
391596     INFO  Test worker     d.u.i.k.n.KeyIO           MODE: declarations took 0 ms 
391596     DEBUG Test worker     d.u.i.k.n.KeyIO           MODE: 2nd degree decls took 0 
391596     INFO  Test worker     d.u.i.k.n.KeyIO           Parsing took 0 ms 
391596     DEBUG Test worker     d.u.i.k.n.KeyIO           Load declarations of de.uka.ilkd.key.nparser.KeyAst$File:  <unknown>:1#1 
391596     INFO  Test worker     d.u.i.k.n.KeyIO           MODE: declarations took 0 ms 
391596     DEBUG Test worker     d.u.i.k.n.KeyIO           MODE: 2nd degree decls took 0 
391596     INFO  Test worker     d.u.i.k.n.KeyIO           Parsing took 0 ms 
391596     DEBUG Test worker     d.u.i.k.n.KeyIO           Load declarations of de.uka.ilkd.key.nparser.KeyAst$File:  <unknown>:1#1 
391596     INFO  Test worker     d.u.i.k.n.KeyIO           MODE: declarations took 0 ms 
391596     DEBUG Test worker     d.u.i.k.n.KeyIO           MODE: 2nd degree decls took 0 
394724     INFO  Test worker     d.u.i.k.n.KeyIO           Parsing took 0 ms 
394724     DEBUG Test worker     d.u.i.k.n.KeyIO           Load declarations of de.uka.ilkd.key.nparser.KeyAst$File:  <unknown>:1#1 
394724     INFO  Test worker     d.u.i.k.n.KeyIO           MODE: declarations took 0 ms 
394740     DEBUG Test worker     d.u.i.k.n.KeyIO           MODE: 2nd degree decls took 16 
394740     INFO  Test worker     d.u.i.k.n.KeyIO           Parsing took 0 ms 
394740     DEBUG Test worker     d.u.i.k.n.KeyIO           Load declarations of de.uka.ilkd.key.nparser.KeyAst$File:  <unknown>:1#1 
394740     INFO  Test worker     d.u.i.k.n.KeyIO           MODE: declarations took 0 ms 
394740     DEBUG Test worker     d.u.i.k.n.KeyIO           MODE: 2nd degree decls took 0 
394740     INFO  Test worker     d.u.i.k.n.KeyIO           Parsing took 0 ms 
394740     DEBUG Test worker     d.u.i.k.n.KeyIO           Load declarations of de.uka.ilkd.key.nparser.KeyAst$File:  <unknown>:1#1 
394740     INFO  Test worker     d.u.i.k.n.KeyIO           MODE: declarations took 0 ms 
394740     DEBUG Test worker     d.u.i.k.n.KeyIO           MODE: 2nd degree decls took 0 
394740     INFO  Test worker     d.u.i.k.n.KeyIO           Parsing took 0 ms 
394740     DEBUG Test worker     d.u.i.k.n.KeyIO           Load declarations of de.uka.ilkd.key.nparser.KeyAst$File:  <unknown>:1#1 
394740     INFO  Test worker     d.u.i.k.n.KeyIO           MODE: declarations took 0 ms 
394740     DEBUG Test worker     d.u.i.k.n.KeyIO           MODE: 2nd degree decls took 0 
394740     INFO  Test worker     d.u.i.k.n.KeyIO           Parsing took 0 ms 
394740     DEBUG Test worker     d.u.i.k.n.KeyIO           Load declarations of de.uka.ilkd.key.nparser.KeyAst$File:  <unknown>:1#1 
394740     INFO  Test worker     d.u.i.k.n.KeyIO           MODE: declarations took 0 ms 
394740     DEBUG Test worker     d.u.i.k.n.KeyIO           MODE: 2nd degree decls took 0 
397976     INFO  Test worker     d.u.i.k.n.KeyIO           Parsing took 0 ms 
397976     DEBUG Test worker     d.u.i.k.n.KeyIO           Load declarations of de.uka.ilkd.key.nparser.KeyAst$File:  <unknown>:1#1 
397976     INFO  Test worker     d.u.i.k.n.KeyIO           MODE: declarations took 0 ms 
397976     DEBUG Test worker     d.u.i.k.n.KeyIO           MODE: 2nd degree decls took 0 
397976     INFO  Test worker     d.u.i.k.n.KeyIO           Parsing took 0 ms 
397976     DEBUG Test worker     d.u.i.k.n.KeyIO           Load declarations of de.uka.ilkd.key.nparser.KeyAst$File:  <unknown>:1#1 
397976     INFO  Test worker     d.u.i.k.n.KeyIO           MODE: declarations took 0 ms 
397976     DEBUG Test worker     d.u.i.k.n.KeyIO           MODE: 2nd degree decls took 0 
397976     INFO  Test worker     d.u.i.k.n.KeyIO           Parsing took 0 ms 
397976     DEBUG Test worker     d.u.i.k.n.KeyIO           Load declarations of de.uka.ilkd.key.nparser.KeyAst$File:  <unknown>:1#1 
397976     INFO  Test worker     d.u.i.k.n.KeyIO           MODE: declarations took 0 ms 
397976     DEBUG Test worker     d.u.i.k.n.KeyIO           MODE: 2nd degree decls took 0 
397976     INFO  Test worker     d.u.i.k.n.KeyIO           Parsing took 0 ms 
397976     DEBUG Test worker     d.u.i.k.n.KeyIO           Load declarations of de.uka.ilkd.key.nparser.KeyAst$File:  <unknown>:1#1 
397976     INFO  Test worker     d.u.i.k.n.KeyIO           MODE: declarations took 0 ms 
397976     DEBUG Test worker     d.u.i.k.n.KeyIO           MODE: 2nd degree decls took 0 
397976     INFO  Test worker     d.u.i.k.n.KeyIO           Parsing took 0 ms 
397976     DEBUG Test worker     d.u.i.k.n.KeyIO           Load declarations of de.uka.ilkd.key.nparser.KeyAst$File:  <unknown>:1#1 
397976     INFO  Test worker     d.u.i.k.n.KeyIO           MODE: declarations took 0 ms 
397976     DEBUG Test worker     d.u.i.k.n.KeyIO           MODE: 2nd degree decls took 0 
397976     WARN  Test worker     d.u.i.k.n.KeYParser       [syntax-error] <unknown>:1:11: mismatched input '@' expecting {'/', ':=', '.', '(', ')', '{', '[', '@', PARALLEL, OR, AND, IMP, '=', NOT_EQUALS, '%', '*', '-', '+', '>', GREATEREQUAL, '<', LESSEQUAL, LGUILLEMETS, EQV} [@11,11:11='@',<153>,1:11] (termEOF) 
401211     INFO  Test worker     d.u.i.k.n.KeyIO           Parsing took 0 ms 
401211     DEBUG Test worker     d.u.i.k.n.KeyIO           Load declarations of de.uka.ilkd.key.nparser.KeyAst$File:  <unknown>:1#1 
401211     INFO  Test worker     d.u.i.k.n.KeyIO           MODE: declarations took 0 ms 
401211     DEBUG Test worker     d.u.i.k.n.KeyIO           MODE: 2nd degree decls took 0 
401211     INFO  Test worker     d.u.i.k.n.KeyIO           Parsing took 0 ms 
401211     DEBUG Test worker     d.u.i.k.n.KeyIO           Load declarations of de.uka.ilkd.key.nparser.KeyAst$File:  <unknown>:1#1 
401211     INFO  Test worker     d.u.i.k.n.KeyIO           MODE: declarations took 0 ms 
401211     DEBUG Test worker     d.u.i.k.n.KeyIO           MODE: 2nd degree decls took 0 
401211     INFO  Test worker     d.u.i.k.n.KeyIO           Parsing took 0 ms 
401211     DEBUG Test worker     d.u.i.k.n.KeyIO           Load declarations of de.uka.ilkd.key.nparser.KeyAst$File:  <unknown>:1#1 
401211     INFO  Test worker     d.u.i.k.n.KeyIO           MODE: declarations took 0 ms 
401211     DEBUG Test worker     d.u.i.k.n.KeyIO           MODE: 2nd degree decls took 0 
401211     INFO  Test worker     d.u.i.k.n.KeyIO           Parsing took 0 ms 
401211     DEBUG Test worker     d.u.i.k.n.KeyIO           Load declarations of de.uka.ilkd.key.nparser.KeyAst$File:  <unknown>:1#1 
401211     INFO  Test worker     d.u.i.k.n.KeyIO           MODE: declarations took 0 ms 
401211     DEBUG Test worker     d.u.i.k.n.KeyIO           MODE: 2nd degree decls took 0 
401211     INFO  Test worker     d.u.i.k.n.KeyIO           Parsing took 0 ms 
401211     DEBUG Test worker     d.u.i.k.n.KeyIO           Load declarations of de.uka.ilkd.key.nparser.KeyAst$File:  <unknown>:1#1 
401211     INFO  Test worker     d.u.i.k.n.KeyIO           MODE: declarations took 0 ms 
401211     DEBUG Test worker     d.u.i.k.n.KeyIO           MODE: 2nd degree decls took 0 
404419     INFO  Test worker     d.u.i.k.n.KeyIO           Parsing took 0 ms 
404419     DEBUG Test worker     d.u.i.k.n.KeyIO           Load declarations of de.uka.ilkd.key.nparser.KeyAst$File:  <unknown>:1#1 
404419     INFO  Test worker     d.u.i.k.n.KeyIO           MODE: declarations took 0 ms 
404419     DEBUG Test worker     d.u.i.k.n.KeyIO           MODE: 2nd degree decls took 0 
404419     INFO  Test worker     d.u.i.k.n.KeyIO           Parsing took 0 ms 
404419     DEBUG Test worker     d.u.i.k.n.KeyIO           Load declarations of de.uka.ilkd.key.nparser.KeyAst$File:  <unknown>:1#1 
404419     INFO  Test worker     d.u.i.k.n.KeyIO           MODE: declarations took 0 ms 
404419     DEBUG Test worker     d.u.i.k.n.KeyIO           MODE: 2nd degree decls took 0 
404419     INFO  Test worker     d.u.i.k.n.KeyIO           Parsing took 0 ms 
404419     DEBUG Test worker     d.u.i.k.n.KeyIO           Load declarations of de.uka.ilkd.key.nparser.KeyAst$File:  <unknown>:1#1 
404419     INFO  Test worker     d.u.i.k.n.KeyIO           MODE: declarations took 0 ms 
404419     DEBUG Test worker     d.u.i.k.n.KeyIO           MODE: 2nd degree decls took 0 
404419     INFO  Test worker     d.u.i.k.n.KeyIO           Parsing took 0 ms 
404419     DEBUG Test worker     d.u.i.k.n.KeyIO           Load declarations of de.uka.ilkd.key.nparser.KeyAst$File:  <unknown>:1#1 
404419     INFO  Test worker     d.u.i.k.n.KeyIO           MODE: declarations took 0 ms 
404419     DEBUG Test worker     d.u.i.k.n.KeyIO           MODE: 2nd degree decls took 0 
404419     INFO  Test worker     d.u.i.k.n.KeyIO           Parsing took 0 ms 
404419     DEBUG Test worker     d.u.i.k.n.KeyIO           Load declarations of de.uka.ilkd.key.nparser.KeyAst$File:  <unknown>:1#1 
404419     INFO  Test worker     d.u.i.k.n.KeyIO           MODE: declarations took 0 ms 
404419     DEBUG Test worker     d.u.i.k.n.KeyIO           MODE: 2nd degree decls took 0 
407734     INFO  Test worker     d.u.i.k.n.KeyIO           Parsing took 0 ms 
407734     DEBUG Test worker     d.u.i.k.n.KeyIO           Load declarations of de.uka.ilkd.key.nparser.KeyAst$File:  <unknown>:1#1 
407734     INFO  Test worker     d.u.i.k.n.KeyIO           MODE: declarations took 0 ms 
407734     DEBUG Test worker     d.u.i.k.n.KeyIO           MODE: 2nd degree decls took 0 
407734     INFO  Test worker     d.u.i.k.n.KeyIO           Parsing took 0 ms 
407734     DEBUG Test worker     d.u.i.k.n.KeyIO           Load declarations of de.uka.ilkd.key.nparser.KeyAst$File:  <unknown>:1#1 
407734     INFO  Test worker     d.u.i.k.n.KeyIO           MODE: declarations took 0 ms 
407734     DEBUG Test worker     d.u.i.k.n.KeyIO           MODE: 2nd degree decls took 0 
407734     INFO  Test worker     d.u.i.k.n.KeyIO           Parsing took 0 ms 
407734     DEBUG Test worker     d.u.i.k.n.KeyIO           Load declarations of de.uka.ilkd.key.nparser.KeyAst$File:  <unknown>:1#1 
407734     INFO  Test worker     d.u.i.k.n.KeyIO           MODE: declarations took 0 ms 
407734     DEBUG Test worker     d.u.i.k.n.KeyIO           MODE: 2nd degree decls took 0 
407734     INFO  Test worker     d.u.i.k.n.KeyIO           Parsing took 0 ms 
407734     DEBUG Test worker     d.u.i.k.n.KeyIO           Load declarations of de.uka.ilkd.key.nparser.KeyAst$File:  <unknown>:1#1 
407734     INFO  Test worker     d.u.i.k.n.KeyIO           MODE: declarations took 0 ms 
407734     DEBUG Test worker     d.u.i.k.n.KeyIO           MODE: 2nd degree decls took 0 
407734     INFO  Test worker     d.u.i.k.n.KeyIO           Parsing took 0 ms 
407734     DEBUG Test worker     d.u.i.k.n.KeyIO           Load declarations of de.uka.ilkd.key.nparser.KeyAst$File:  <unknown>:1#1 
407734     INFO  Test worker     d.u.i.k.n.KeyIO           MODE: declarations took 0 ms 
407734     DEBUG Test worker     d.u.i.k.n.KeyIO           MODE: 2nd degree decls took 0 
410923     INFO  Test worker     d.u.i.k.n.KeyIO           Parsing took 0 ms 
410923     DEBUG Test worker     d.u.i.k.n.KeyIO           Load declarations of de.uka.ilkd.key.nparser.KeyAst$File:  <unknown>:1#1 
410923     INFO  Test worker     d.u.i.k.n.KeyIO           MODE: declarations took 0 ms 
410923     DEBUG Test worker     d.u.i.k.n.KeyIO           MODE: 2nd degree decls took 0 
410923     INFO  Test worker     d.u.i.k.n.KeyIO           Parsing took 0 ms 
410923     DEBUG Test worker     d.u.i.k.n.KeyIO           Load declarations of de.uka.ilkd.key.nparser.KeyAst$File:  <unknown>:1#1 
410923     INFO  Test worker     d.u.i.k.n.KeyIO           MODE: declarations took 0 ms 
410923     DEBUG Test worker     d.u.i.k.n.KeyIO           MODE: 2nd degree decls took 0 
410923     INFO  Test worker     d.u.i.k.n.KeyIO           Parsing took 0 ms 
410923     DEBUG Test worker     d.u.i.k.n.KeyIO           Load declarations of de.uka.ilkd.key.nparser.KeyAst$File:  <unknown>:1#1 
410923     INFO  Test worker     d.u.i.k.n.KeyIO           MODE: declarations took 0 ms 
410923     DEBUG Test worker     d.u.i.k.n.KeyIO           MODE: 2nd degree decls took 0 
410923     INFO  Test worker     d.u.i.k.n.KeyIO           Parsing took 0 ms 
410923     DEBUG Test worker     d.u.i.k.n.KeyIO           Load declarations of de.uka.ilkd.key.nparser.KeyAst$File:  <unknown>:1#1 
410923     INFO  Test worker     d.u.i.k.n.KeyIO           MODE: declarations took 0 ms 
410923     DEBUG Test worker     d.u.i.k.n.KeyIO           MODE: 2nd degree decls took 0 
410923     INFO  Test worker     d.u.i.k.n.KeyIO           Parsing took 0 ms 
410923     DEBUG Test worker     d.u.i.k.n.KeyIO           Load declarations of de.uka.ilkd.key.nparser.KeyAst$File:  <unknown>:1#1 
410923     INFO  Test worker     d.u.i.k.n.KeyIO           MODE: declarations took 0 ms 
410923     DEBUG Test worker     d.u.i.k.n.KeyIO           MODE: 2nd degree decls took 0 
414159     INFO  Test worker     d.u.i.k.n.KeyIO           Parsing took 0 ms 
414159     DEBUG Test worker     d.u.i.k.n.KeyIO           Load declarations of de.uka.ilkd.key.nparser.KeyAst$File:  <unknown>:1#1 
414159     INFO  Test worker     d.u.i.k.n.KeyIO           MODE: declarations took 0 ms 
414159     DEBUG Test worker     d.u.i.k.n.KeyIO           MODE: 2nd degree decls took 0 
414159     INFO  Test worker     d.u.i.k.n.KeyIO           Parsing took 0 ms 
414159     DEBUG Test worker     d.u.i.k.n.KeyIO           Load declarations of de.uka.ilkd.key.nparser.KeyAst$File:  <unknown>:1#1 
414159     INFO  Test worker     d.u.i.k.n.KeyIO           MODE: declarations took 0 ms 
414159     DEBUG Test worker     d.u.i.k.n.KeyIO           MODE: 2nd degree decls took 0 
414159     INFO  Test worker     d.u.i.k.n.KeyIO           Parsing took 0 ms 
414159     DEBUG Test worker     d.u.i.k.n.KeyIO           Load declarations of de.uka.ilkd.key.nparser.KeyAst$File:  <unknown>:1#1 
414159     INFO  Test worker     d.u.i.k.n.KeyIO           MODE: declarations took 0 ms 
414159     DEBUG Test worker     d.u.i.k.n.KeyIO           MODE: 2nd degree decls took 0 
414159     INFO  Test worker     d.u.i.k.n.KeyIO           Parsing took 0 ms 
414159     DEBUG Test worker     d.u.i.k.n.KeyIO           Load declarations of de.uka.ilkd.key.nparser.KeyAst$File:  <unknown>:1#1 
414159     INFO  Test worker     d.u.i.k.n.KeyIO           MODE: declarations took 0 ms 
414159     DEBUG Test worker     d.u.i.k.n.KeyIO           MODE: 2nd degree decls took 0 
414159     INFO  Test worker     d.u.i.k.n.KeyIO           Parsing took 0 ms 
414159     DEBUG Test worker     d.u.i.k.n.KeyIO           Load declarations of de.uka.ilkd.key.nparser.KeyAst$File:  <unknown>:1#1 
414159     INFO  Test worker     d.u.i.k.n.KeyIO           MODE: declarations took 0 ms 
414159     DEBUG Test worker     d.u.i.k.n.KeyIO           MODE: 2nd degree decls took 0 
417520     INFO  Test worker     d.u.i.k.n.KeyIO           Parsing took 0 ms 
417520     DEBUG Test worker     d.u.i.k.n.KeyIO           Load declarations of de.uka.ilkd.key.nparser.KeyAst$File:  <unknown>:1#1 
417520     INFO  Test worker     d.u.i.k.n.KeyIO           MODE: declarations took 0 ms 
417520     DEBUG Test worker     d.u.i.k.n.KeyIO           MODE: 2nd degree decls took 0 
417520     INFO  Test worker     d.u.i.k.n.KeyIO           Parsing took 0 ms 
417520     DEBUG Test worker     d.u.i.k.n.KeyIO           Load declarations of de.uka.ilkd.key.nparser.KeyAst$File:  <unknown>:1#1 
417520     INFO  Test worker     d.u.i.k.n.KeyIO           MODE: declarations took 0 ms 
417520     DEBUG Test worker     d.u.i.k.n.KeyIO           MODE: 2nd degree decls took 0 
417520     INFO  Test worker     d.u.i.k.n.KeyIO           Parsing took 0 ms 
417520     DEBUG Test worker     d.u.i.k.n.KeyIO           Load declarations of de.uka.ilkd.key.nparser.KeyAst$File:  <unknown>:1#1 
417520     INFO  Test worker     d.u.i.k.n.KeyIO           MODE: declarations took 0 ms 
417520     DEBUG Test worker     d.u.i.k.n.KeyIO           MODE: 2nd degree decls took 0 
417520     INFO  Test worker     d.u.i.k.n.KeyIO           Parsing took 0 ms 
417520     DEBUG Test worker     d.u.i.k.n.KeyIO           Load declarations of de.uka.ilkd.key.nparser.KeyAst$File:  <unknown>:1#1 
417520     INFO  Test worker     d.u.i.k.n.KeyIO           MODE: declarations took 0 ms 
417520     DEBUG Test worker     d.u.i.k.n.KeyIO           MODE: 2nd degree decls took 0 
417520     INFO  Test worker     d.u.i.k.n.KeyIO           Parsing took 0 ms 
417520     DEBUG Test worker     d.u.i.k.n.KeyIO           Load declarations of de.uka.ilkd.key.nparser.KeyAst$File:  <unknown>:1#1 
417520     INFO  Test worker     d.u.i.k.n.KeyIO           MODE: declarations took 0 ms 
417520     DEBUG Test worker     d.u.i.k.n.KeyIO           MODE: 2nd degree decls took 0 
420788     INFO  Test worker     d.u.i.k.n.KeyIO           Parsing took 0 ms 
420788     DEBUG Test worker     d.u.i.k.n.KeyIO           Load declarations of de.uka.ilkd.key.nparser.KeyAst$File:  <unknown>:1#1 
420788     INFO  Test worker     d.u.i.k.n.KeyIO           MODE: declarations took 0 ms 
420788     DEBUG Test worker     d.u.i.k.n.KeyIO           MODE: 2nd degree decls took 0 
420788     INFO  Test worker     d.u.i.k.n.KeyIO           Parsing took 0 ms 
420788     DEBUG Test worker     d.u.i.k.n.KeyIO           Load declarations of de.uka.ilkd.key.nparser.KeyAst$File:  <unknown>:1#1 
420788     INFO  Test worker     d.u.i.k.n.KeyIO           MODE: declarations took 0 ms 
420788     DEBUG Test worker     d.u.i.k.n.KeyIO           MODE: 2nd degree decls took 0 
420788     INFO  Test worker     d.u.i.k.n.KeyIO           Parsing took 0 ms 
420788     DEBUG Test worker     d.u.i.k.n.KeyIO           Load declarations of de.uka.ilkd.key.nparser.KeyAst$File:  <unknown>:1#1 
420788     INFO  Test worker     d.u.i.k.n.KeyIO           MODE: declarations took 0 ms 
420788     DEBUG Test worker     d.u.i.k.n.KeyIO           MODE: 2nd degree decls took 0 
420788     INFO  Test worker     d.u.i.k.n.KeyIO           Parsing took 0 ms 
420788     DEBUG Test worker     d.u.i.k.n.KeyIO           Load declarations of de.uka.ilkd.key.nparser.KeyAst$File:  <unknown>:1#1 
420788     INFO  Test worker     d.u.i.k.n.KeyIO           MODE: declarations took 0 ms 
420788     DEBUG Test worker     d.u.i.k.n.KeyIO           MODE: 2nd degree decls took 0 
420788     INFO  Test worker     d.u.i.k.n.KeyIO           Parsing took 0 ms 
420788     DEBUG Test worker     d.u.i.k.n.KeyIO           Load declarations of de.uka.ilkd.key.nparser.KeyAst$File:  <unknown>:1#1 
420788     INFO  Test worker     d.u.i.k.n.KeyIO           MODE: declarations took 0 ms 
420788     DEBUG Test worker     d.u.i.k.n.KeyIO           MODE: 2nd degree decls took 0 
424243     INFO  Test worker     d.u.i.k.n.KeyIO           Parsing took 0 ms 
424243     DEBUG Test worker     d.u.i.k.n.KeyIO           Load declarations of de.uka.ilkd.key.nparser.KeyAst$File:  <unknown>:1#1 
424243     INFO  Test worker     d.u.i.k.n.KeyIO           MODE: declarations took 0 ms 
424243     DEBUG Test worker     d.u.i.k.n.KeyIO           MODE: 2nd degree decls took 0 
424243     INFO  Test worker     d.u.i.k.n.KeyIO           Parsing took 0 ms 
424243     DEBUG Test worker     d.u.i.k.n.KeyIO           Load declarations of de.uka.ilkd.key.nparser.KeyAst$File:  <unknown>:1#1 
424243     INFO  Test worker     d.u.i.k.n.KeyIO           MODE: declarations took 0 ms 
424243     DEBUG Test worker     d.u.i.k.n.KeyIO           MODE: 2nd degree decls took 0 
424243     INFO  Test worker     d.u.i.k.n.KeyIO           Parsing took 0 ms 
424243     DEBUG Test worker     d.u.i.k.n.KeyIO           Load declarations of de.uka.ilkd.key.nparser.KeyAst$File:  <unknown>:1#1 
424243     INFO  Test worker     d.u.i.k.n.KeyIO           MODE: declarations took 0 ms 
424243     DEBUG Test worker     d.u.i.k.n.KeyIO           MODE: 2nd degree decls took 0 
424243     INFO  Test worker     d.u.i.k.n.KeyIO           Parsing took 0 ms 
424243     DEBUG Test worker     d.u.i.k.n.KeyIO           Load declarations of de.uka.ilkd.key.nparser.KeyAst$File:  <unknown>:1#1 
424243     INFO  Test worker     d.u.i.k.n.KeyIO           MODE: declarations took 0 ms 
424243     DEBUG Test worker     d.u.i.k.n.KeyIO           MODE: 2nd degree decls took 0 
424243     INFO  Test worker     d.u.i.k.n.KeyIO           Parsing took 0 ms 
424243     DEBUG Test worker     d.u.i.k.n.KeyIO           Load declarations of de.uka.ilkd.key.nparser.KeyAst$File:  <unknown>:1#1 
424243     INFO  Test worker     d.u.i.k.n.KeyIO           MODE: declarations took 0 ms 
424243     DEBUG Test worker     d.u.i.k.n.KeyIO           MODE: 2nd degree decls took 0 
427588     INFO  Test worker     d.u.i.k.n.KeyIO           Parsing took 0 ms 
427588     DEBUG Test worker     d.u.i.k.n.KeyIO           Load declarations of de.uka.ilkd.key.nparser.KeyAst$File:  <unknown>:1#1 
427588     INFO  Test worker     d.u.i.k.n.KeyIO           MODE: declarations took 0 ms 
427588     DEBUG Test worker     d.u.i.k.n.KeyIO           MODE: 2nd degree decls took 0 
427588     INFO  Test worker     d.u.i.k.n.KeyIO           Parsing took 0 ms 
427588     DEBUG Test worker     d.u.i.k.n.KeyIO           Load declarations of de.uka.ilkd.key.nparser.KeyAst$File:  <unknown>:1#1 
427588     INFO  Test worker     d.u.i.k.n.KeyIO           MODE: declarations took 0 ms 
427588     DEBUG Test worker     d.u.i.k.n.KeyIO           MODE: 2nd degree decls took 0 
427588     INFO  Test worker     d.u.i.k.n.KeyIO           Parsing took 0 ms 
427588     DEBUG Test worker     d.u.i.k.n.KeyIO           Load declarations of de.uka.ilkd.key.nparser.KeyAst$File:  <unknown>:1#1 
427588     INFO  Test worker     d.u.i.k.n.KeyIO           MODE: declarations took 0 ms 
427588     DEBUG Test worker     d.u.i.k.n.KeyIO           MODE: 2nd degree decls took 0 
427588     INFO  Test worker     d.u.i.k.n.KeyIO           Parsing took 0 ms 
427588     DEBUG Test worker     d.u.i.k.n.KeyIO           Load declarations of de.uka.ilkd.key.nparser.KeyAst$File:  <unknown>:1#1 
427588     INFO  Test worker     d.u.i.k.n.KeyIO           MODE: declarations took 0 ms 
427588     DEBUG Test worker     d.u.i.k.n.KeyIO           MODE: 2nd degree decls took 0 
427588     INFO  Test worker     d.u.i.k.n.KeyIO           Parsing took 0 ms 
427588     DEBUG Test worker     d.u.i.k.n.KeyIO           Load declarations of de.uka.ilkd.key.nparser.KeyAst$File:  <unknown>:1#1 
427588     INFO  Test worker     d.u.i.k.n.KeyIO           MODE: declarations took 0 ms 
427588     DEBUG Test worker     d.u.i.k.n.KeyIO           MODE: 2nd degree decls took 0 
430965     INFO  Test worker     d.u.i.k.n.KeyIO           Parsing took 0 ms 
430965     DEBUG Test worker     d.u.i.k.n.KeyIO           Load declarations of de.uka.ilkd.key.nparser.KeyAst$File:  <unknown>:1#1 
430965     INFO  Test worker     d.u.i.k.n.KeyIO           MODE: declarations took 0 ms 
430965     DEBUG Test worker     d.u.i.k.n.KeyIO           MODE: 2nd degree decls took 0 
430965     INFO  Test worker     d.u.i.k.n.KeyIO           Parsing took 0 ms 
430965     DEBUG Test worker     d.u.i.k.n.KeyIO           Load declarations of de.uka.ilkd.key.nparser.KeyAst$File:  <unknown>:1#1 
430965     INFO  Test worker     d.u.i.k.n.KeyIO           MODE: declarations took 0 ms 
430965     DEBUG Test worker     d.u.i.k.n.KeyIO           MODE: 2nd degree decls took 0 
430965     INFO  Test worker     d.u.i.k.n.KeyIO           Parsing took 0 ms 
430965     DEBUG Test worker     d.u.i.k.n.KeyIO           Load declarations of de.uka.ilkd.key.nparser.KeyAst$File:  <unknown>:1#1 
430965     INFO  Test worker     d.u.i.k.n.KeyIO           MODE: declarations took 0 ms 
430965     DEBUG Test worker     d.u.i.k.n.KeyIO           MODE: 2nd degree decls took 0 
430965     INFO  Test worker     d.u.i.k.n.KeyIO           Parsing took 0 ms 
430965     DEBUG Test worker     d.u.i.k.n.KeyIO           Load declarations of de.uka.ilkd.key.nparser.KeyAst$File:  <unknown>:1#1 
430965     INFO  Test worker     d.u.i.k.n.KeyIO           MODE: declarations took 0 ms 
430965     DEBUG Test worker     d.u.i.k.n.KeyIO           MODE: 2nd degree decls took 0 
430965     INFO  Test worker     d.u.i.k.n.KeyIO           Parsing took 0 ms 
430965     DEBUG Test worker     d.u.i.k.n.KeyIO           Load declarations of de.uka.ilkd.key.nparser.KeyAst$File:  <unknown>:1#1 
430965     INFO  Test worker     d.u.i.k.n.KeyIO           MODE: declarations took 0 ms 
430965     DEBUG Test worker     d.u.i.k.n.KeyIO           MODE: 2nd degree decls took 0 
434266     INFO  Test worker     d.u.i.k.n.KeyIO           Parsing took 0 ms 
434266     DEBUG Test worker     d.u.i.k.n.KeyIO           Load declarations of de.uka.ilkd.key.nparser.KeyAst$File:  <unknown>:1#1 
434281     INFO  Test worker     d.u.i.k.n.KeyIO           MODE: declarations took 15 ms 
434281     DEBUG Test worker     d.u.i.k.n.KeyIO           MODE: 2nd degree decls took 0 
434281     INFO  Test worker     d.u.i.k.n.KeyIO           Parsing took 0 ms 
434281     DEBUG Test worker     d.u.i.k.n.KeyIO           Load declarations of de.uka.ilkd.key.nparser.KeyAst$File:  <unknown>:1#1 
434281     INFO  Test worker     d.u.i.k.n.KeyIO           MODE: declarations took 0 ms 
434281     DEBUG Test worker     d.u.i.k.n.KeyIO           MODE: 2nd degree decls took 0 
434281     INFO  Test worker     d.u.i.k.n.KeyIO           Parsing took 0 ms 
434281     DEBUG Test worker     d.u.i.k.n.KeyIO           Load declarations of de.uka.ilkd.key.nparser.KeyAst$File:  <unknown>:1#1 
434281     INFO  Test worker     d.u.i.k.n.KeyIO           MODE: declarations took 0 ms 
434281     DEBUG Test worker     d.u.i.k.n.KeyIO           MODE: 2nd degree decls took 0 
434281     INFO  Test worker     d.u.i.k.n.KeyIO           Parsing took 0 ms 
434281     DEBUG Test worker     d.u.i.k.n.KeyIO           Load declarations of de.uka.ilkd.key.nparser.KeyAst$File:  <unknown>:1#1 
434281     INFO  Test worker     d.u.i.k.n.KeyIO           MODE: declarations took 0 ms 
434281     DEBUG Test worker     d.u.i.k.n.KeyIO           MODE: 2nd degree decls took 0 
434281     INFO  Test worker     d.u.i.k.n.KeyIO           Parsing took 0 ms 
434281     DEBUG Test worker     d.u.i.k.n.KeyIO           Load declarations of de.uka.ilkd.key.nparser.KeyAst$File:  <unknown>:1#1 
434281     INFO  Test worker     d.u.i.k.n.KeyIO           MODE: declarations took 0 ms 
434281     DEBUG Test worker     d.u.i.k.n.KeyIO           MODE: 2nd degree decls took 0 
437579     INFO  Test worker     d.u.i.k.n.KeyIO           Parsing took 0 ms 
437579     DEBUG Test worker     d.u.i.k.n.KeyIO           Load declarations of de.uka.ilkd.key.nparser.KeyAst$File:  <unknown>:1#1 
437579     INFO  Test worker     d.u.i.k.n.KeyIO           MODE: declarations took 0 ms 
437579     DEBUG Test worker     d.u.i.k.n.KeyIO           MODE: 2nd degree decls took 0 
437579     INFO  Test worker     d.u.i.k.n.KeyIO           Parsing took 0 ms 
437579     DEBUG Test worker     d.u.i.k.n.KeyIO           Load declarations of de.uka.ilkd.key.nparser.KeyAst$File:  <unknown>:1#1 
437579     INFO  Test worker     d.u.i.k.n.KeyIO           MODE: declarations took 0 ms 
437579     DEBUG Test worker     d.u.i.k.n.KeyIO           MODE: 2nd degree decls took 0 
437579     INFO  Test worker     d.u.i.k.n.KeyIO           Parsing took 0 ms 
437579     DEBUG Test worker     d.u.i.k.n.KeyIO           Load declarations of de.uka.ilkd.key.nparser.KeyAst$File:  <unknown>:1#1 
437579     INFO  Test worker     d.u.i.k.n.KeyIO           MODE: declarations took 0 ms 
437579     DEBUG Test worker     d.u.i.k.n.KeyIO           MODE: 2nd degree decls took 0 
437579     INFO  Test worker     d.u.i.k.n.KeyIO           Parsing took 0 ms 
437579     DEBUG Test worker     d.u.i.k.n.KeyIO           Load declarations of de.uka.ilkd.key.nparser.KeyAst$File:  <unknown>:1#1 
437579     INFO  Test worker     d.u.i.k.n.KeyIO           MODE: declarations took 0 ms 
437579     DEBUG Test worker     d.u.i.k.n.KeyIO           MODE: 2nd degree decls took 0 
437579     INFO  Test worker     d.u.i.k.n.KeyIO           Parsing took 0 ms 
437579     DEBUG Test worker     d.u.i.k.n.KeyIO           Load declarations of de.uka.ilkd.key.nparser.KeyAst$File:  <unknown>:1#1 
437579     INFO  Test worker     d.u.i.k.n.KeyIO           MODE: declarations took 0 ms 
437579     DEBUG Test worker     d.u.i.k.n.KeyIO           MODE: 2nd degree decls took 0 
440847     INFO  Test worker     d.u.i.k.n.KeyIO           Parsing took 0 ms 
440847     DEBUG Test worker     d.u.i.k.n.KeyIO           Load declarations of de.uka.ilkd.key.nparser.KeyAst$File:  <unknown>:1#1 
440847     INFO  Test worker     d.u.i.k.n.KeyIO           MODE: declarations took 0 ms 
440847     DEBUG Test worker     d.u.i.k.n.KeyIO           MODE: 2nd degree decls took 0 
440847     INFO  Test worker     d.u.i.k.n.KeyIO           Parsing took 0 ms 
440847     DEBUG Test worker     d.u.i.k.n.KeyIO           Load declarations of de.uka.ilkd.key.nparser.KeyAst$File:  <unknown>:1#1 
440847     INFO  Test worker     d.u.i.k.n.KeyIO           MODE: declarations took 0 ms 
440847     DEBUG Test worker     d.u.i.k.n.KeyIO           MODE: 2nd degree decls took 0 
440847     INFO  Test worker     d.u.i.k.n.KeyIO           Parsing took 0 ms 
440847     DEBUG Test worker     d.u.i.k.n.KeyIO           Load declarations of de.uka.ilkd.key.nparser.KeyAst$File:  <unknown>:1#1 
440847     INFO  Test worker     d.u.i.k.n.KeyIO           MODE: declarations took 0 ms 
440847     DEBUG Test worker     d.u.i.k.n.KeyIO           MODE: 2nd degree decls took 0 
440847     INFO  Test worker     d.u.i.k.n.KeyIO           Parsing took 0 ms 
440847     DEBUG Test worker     d.u.i.k.n.KeyIO           Load declarations of de.uka.ilkd.key.nparser.KeyAst$File:  <unknown>:1#1 
440847     INFO  Test worker     d.u.i.k.n.KeyIO           MODE: declarations took 0 ms 
440847     DEBUG Test worker     d.u.i.k.n.KeyIO           MODE: 2nd degree decls took 0 
440847     INFO  Test worker     d.u.i.k.n.KeyIO           Parsing took 0 ms 
440847     DEBUG Test worker     d.u.i.k.n.KeyIO           Load declarations of de.uka.ilkd.key.nparser.KeyAst$File:  <unknown>:1#1 
440847     INFO  Test worker     d.u.i.k.n.KeyIO           MODE: declarations took 0 ms 
440847     DEBUG Test worker     d.u.i.k.n.KeyIO           MODE: 2nd degree decls took 0 
444192     INFO  Test worker     d.u.i.k.n.KeyIO           Parsing took 0 ms 
444192     DEBUG Test worker     d.u.i.k.n.KeyIO           Load declarations of de.uka.ilkd.key.nparser.KeyAst$File:  <unknown>:1#1 
444192     INFO  Test worker     d.u.i.k.n.KeyIO           MODE: declarations took 0 ms 
444192     DEBUG Test worker     d.u.i.k.n.KeyIO           MODE: 2nd degree decls took 0 
444192     INFO  Test worker     d.u.i.k.n.KeyIO           Parsing took 0 ms 
444192     DEBUG Test worker     d.u.i.k.n.KeyIO           Load declarations of de.uka.ilkd.key.nparser.KeyAst$File:  <unknown>:1#1 
444192     INFO  Test worker     d.u.i.k.n.KeyIO           MODE: declarations took 0 ms 
444192     DEBUG Test worker     d.u.i.k.n.KeyIO           MODE: 2nd degree decls took 0 
444192     INFO  Test worker     d.u.i.k.n.KeyIO           Parsing took 0 ms 
444192     DEBUG Test worker     d.u.i.k.n.KeyIO           Load declarations of de.uka.ilkd.key.nparser.KeyAst$File:  <unknown>:1#1 
444192     INFO  Test worker     d.u.i.k.n.KeyIO           MODE: declarations took 0 ms 
444192     DEBUG Test worker     d.u.i.k.n.KeyIO           MODE: 2nd degree decls took 0 
444192     INFO  Test worker     d.u.i.k.n.KeyIO           Parsing took 0 ms 
444192     DEBUG Test worker     d.u.i.k.n.KeyIO           Load declarations of de.uka.ilkd.key.nparser.KeyAst$File:  <unknown>:1#1 
444208     INFO  Test worker     d.u.i.k.n.KeyIO           MODE: declarations took 16 ms 
444208     DEBUG Test worker     d.u.i.k.n.KeyIO           MODE: 2nd degree decls took 0 
444208     INFO  Test worker     d.u.i.k.n.KeyIO           Parsing took 0 ms 
444208     DEBUG Test worker     d.u.i.k.n.KeyIO           Load declarations of de.uka.ilkd.key.nparser.KeyAst$File:  <unknown>:1#1 
444208     INFO  Test worker     d.u.i.k.n.KeyIO           MODE: declarations took 0 ms 
444208     DEBUG Test worker     d.u.i.k.n.KeyIO           MODE: 2nd degree decls took 0 
447476     INFO  Test worker     d.u.i.k.n.KeyIO           Parsing took 0 ms 
447476     DEBUG Test worker     d.u.i.k.n.KeyIO           Load declarations of de.uka.ilkd.key.nparser.KeyAst$File:  <unknown>:1#1 
447476     INFO  Test worker     d.u.i.k.n.KeyIO           MODE: declarations took 0 ms 
447476     DEBUG Test worker     d.u.i.k.n.KeyIO           MODE: 2nd degree decls took 0 
447476     INFO  Test worker     d.u.i.k.n.KeyIO           Parsing took 0 ms 
447476     DEBUG Test worker     d.u.i.k.n.KeyIO           Load declarations of de.uka.ilkd.key.nparser.KeyAst$File:  <unknown>:1#1 
447476     INFO  Test worker     d.u.i.k.n.KeyIO           MODE: declarations took 0 ms 
447476     DEBUG Test worker     d.u.i.k.n.KeyIO           MODE: 2nd degree decls took 0 
447476     INFO  Test worker     d.u.i.k.n.KeyIO           Parsing took 0 ms 
447476     DEBUG Test worker     d.u.i.k.n.KeyIO           Load declarations of de.uka.ilkd.key.nparser.KeyAst$File:  <unknown>:1#1 
447476     INFO  Test worker     d.u.i.k.n.KeyIO           MODE: declarations took 0 ms 
447476     DEBUG Test worker     d.u.i.k.n.KeyIO           MODE: 2nd degree decls took 0 
447476     INFO  Test worker     d.u.i.k.n.KeyIO           Parsing took 0 ms 
447476     DEBUG Test worker     d.u.i.k.n.KeyIO           Load declarations of de.uka.ilkd.key.nparser.KeyAst$File:  <unknown>:1#1 
447476     INFO  Test worker     d.u.i.k.n.KeyIO           MODE: declarations took 0 ms 
447476     DEBUG Test worker     d.u.i.k.n.KeyIO           MODE: 2nd degree decls took 0 
447476     INFO  Test worker     d.u.i.k.n.KeyIO           Parsing took 0 ms 
447476     DEBUG Test worker     d.u.i.k.n.KeyIO           Load declarations of de.uka.ilkd.key.nparser.KeyAst$File:  <unknown>:1#1 
447476     INFO  Test worker     d.u.i.k.n.KeyIO           MODE: declarations took 0 ms 
447476     DEBUG Test worker     d.u.i.k.n.KeyIO           MODE: 2nd degree decls took 0 
450744     INFO  Test worker     d.u.i.k.n.KeyIO           Parsing took 0 ms 
450744     DEBUG Test worker     d.u.i.k.n.KeyIO           Load declarations of de.uka.ilkd.key.nparser.KeyAst$File:  <unknown>:1#1 
450744     INFO  Test worker     d.u.i.k.n.KeyIO           MODE: declarations took 0 ms 
450744     DEBUG Test worker     d.u.i.k.n.KeyIO           MODE: 2nd degree decls took 0 
450744     INFO  Test worker     d.u.i.k.n.KeyIO           Parsing took 0 ms 
450744     DEBUG Test worker     d.u.i.k.n.KeyIO           Load declarations of de.uka.ilkd.key.nparser.KeyAst$File:  <unknown>:1#1 
450744     INFO  Test worker     d.u.i.k.n.KeyIO           MODE: declarations took 0 ms 
450744     DEBUG Test worker     d.u.i.k.n.KeyIO           MODE: 2nd degree decls took 0 
450744     INFO  Test worker     d.u.i.k.n.KeyIO           Parsing took 0 ms 
450744     DEBUG Test worker     d.u.i.k.n.KeyIO           Load declarations of de.uka.ilkd.key.nparser.KeyAst$File:  <unknown>:1#1 
450744     INFO  Test worker     d.u.i.k.n.KeyIO           MODE: declarations took 0 ms 
450744     DEBUG Test worker     d.u.i.k.n.KeyIO           MODE: 2nd degree decls took 0 
450744     INFO  Test worker     d.u.i.k.n.KeyIO           Parsing took 0 ms 
450744     DEBUG Test worker     d.u.i.k.n.KeyIO           Load declarations of de.uka.ilkd.key.nparser.KeyAst$File:  <unknown>:1#1 
450744     INFO  Test worker     d.u.i.k.n.KeyIO           MODE: declarations took 0 ms 
450744     DEBUG Test worker     d.u.i.k.n.KeyIO           MODE: 2nd degree decls took 0 
450744     INFO  Test worker     d.u.i.k.n.KeyIO           Parsing took 0 ms 
450744     DEBUG Test worker     d.u.i.k.n.KeyIO           Load declarations of de.uka.ilkd.key.nparser.KeyAst$File:  <unknown>:1#1 
450744     INFO  Test worker     d.u.i.k.n.KeyIO           MODE: declarations took 0 ms 
450744     DEBUG Test worker     d.u.i.k.n.KeyIO           MODE: 2nd degree decls took 0 
454011     INFO  Test worker     d.u.i.k.n.KeyIO           Parsing took 0 ms 
454011     DEBUG Test worker     d.u.i.k.n.KeyIO           Load declarations of de.uka.ilkd.key.nparser.KeyAst$File:  <unknown>:1#1 
454011     INFO  Test worker     d.u.i.k.n.KeyIO           MODE: declarations took 0 ms 
454011     DEBUG Test worker     d.u.i.k.n.KeyIO           MODE: 2nd degree decls took 0 
454011     INFO  Test worker     d.u.i.k.n.KeyIO           Parsing took 0 ms 
454011     DEBUG Test worker     d.u.i.k.n.KeyIO           Load declarations of de.uka.ilkd.key.nparser.KeyAst$File:  <unknown>:1#1 
454011     INFO  Test worker     d.u.i.k.n.KeyIO           MODE: declarations took 0 ms 
454011     DEBUG Test worker     d.u.i.k.n.KeyIO           MODE: 2nd degree decls took 0 
454011     INFO  Test worker     d.u.i.k.n.KeyIO           Parsing took 0 ms 
454011     DEBUG Test worker     d.u.i.k.n.KeyIO           Load declarations of de.uka.ilkd.key.nparser.KeyAst$File:  <unknown>:1#1 
454011     INFO  Test worker     d.u.i.k.n.KeyIO           MODE: declarations took 0 ms 
454011     DEBUG Test worker     d.u.i.k.n.KeyIO           MODE: 2nd degree decls took 0 
454011     INFO  Test worker     d.u.i.k.n.KeyIO           Parsing took 0 ms 
454011     DEBUG Test worker     d.u.i.k.n.KeyIO           Load declarations of de.uka.ilkd.key.nparser.KeyAst$File:  <unknown>:1#1 
454011     INFO  Test worker     d.u.i.k.n.KeyIO           MODE: declarations took 0 ms 
454011     DEBUG Test worker     d.u.i.k.n.KeyIO           MODE: 2nd degree decls took 0 
454011     INFO  Test worker     d.u.i.k.n.KeyIO           Parsing took 0 ms 
454011     DEBUG Test worker     d.u.i.k.n.KeyIO           Load declarations of de.uka.ilkd.key.nparser.KeyAst$File:  <unknown>:1#1 
454011     INFO  Test worker     d.u.i.k.n.KeyIO           MODE: declarations took 0 ms 
454011     DEBUG Test worker     d.u.i.k.n.KeyIO           MODE: 2nd degree decls took 0 
457247     INFO  Test worker     d.u.i.k.n.KeyIO           Parsing took 0 ms 
457247     DEBUG Test worker     d.u.i.k.n.KeyIO           Load declarations of de.uka.ilkd.key.nparser.KeyAst$File:  <unknown>:1#1 
457247     INFO  Test worker     d.u.i.k.n.KeyIO           MODE: declarations took 0 ms 
457247     DEBUG Test worker     d.u.i.k.n.KeyIO           MODE: 2nd degree decls took 0 
457247     INFO  Test worker     d.u.i.k.n.KeyIO           Parsing took 0 ms 
457247     DEBUG Test worker     d.u.i.k.n.KeyIO           Load declarations of de.uka.ilkd.key.nparser.KeyAst$File:  <unknown>:1#1 
457247     INFO  Test worker     d.u.i.k.n.KeyIO           MODE: declarations took 0 ms 
457247     DEBUG Test worker     d.u.i.k.n.KeyIO           MODE: 2nd degree decls took 0 
457247     INFO  Test worker     d.u.i.k.n.KeyIO           Parsing took 0 ms 
457247     DEBUG Test worker     d.u.i.k.n.KeyIO           Load declarations of de.uka.ilkd.key.nparser.KeyAst$File:  <unknown>:1#1 
457247     INFO  Test worker     d.u.i.k.n.KeyIO           MODE: declarations took 0 ms 
457247     DEBUG Test worker     d.u.i.k.n.KeyIO           MODE: 2nd degree decls took 0 
457247     INFO  Test worker     d.u.i.k.n.KeyIO           Parsing took 0 ms 
457247     DEBUG Test worker     d.u.i.k.n.KeyIO           Load declarations of de.uka.ilkd.key.nparser.KeyAst$File:  <unknown>:1#1 
457247     INFO  Test worker     d.u.i.k.n.KeyIO           MODE: declarations took 0 ms 
457247     DEBUG Test worker     d.u.i.k.n.KeyIO           MODE: 2nd degree decls took 0 
457247     INFO  Test worker     d.u.i.k.n.KeyIO           Parsing took 0 ms 
457247     DEBUG Test worker     d.u.i.k.n.KeyIO           Load declarations of de.uka.ilkd.key.nparser.KeyAst$File:  <unknown>:1#1 
457247     INFO  Test worker     d.u.i.k.n.KeyIO           MODE: declarations took 0 ms 
457247     DEBUG Test worker     d.u.i.k.n.KeyIO           MODE: 2nd degree decls took 0 
460468     INFO  Test worker     d.u.i.k.n.KeyIO           Parsing took 0 ms 
460468     DEBUG Test worker     d.u.i.k.n.KeyIO           Load declarations of de.uka.ilkd.key.nparser.KeyAst$File:  <unknown>:1#1 
460468     INFO  Test worker     d.u.i.k.n.KeyIO           MODE: declarations took 0 ms 
460468     DEBUG Test worker     d.u.i.k.n.KeyIO           MODE: 2nd degree decls took 0 
460468     INFO  Test worker     d.u.i.k.n.KeyIO           Parsing took 0 ms 
460468     DEBUG Test worker     d.u.i.k.n.KeyIO           Load declarations of de.uka.ilkd.key.nparser.KeyAst$File:  <unknown>:1#1 
460468     INFO  Test worker     d.u.i.k.n.KeyIO           MODE: declarations took 0 ms 
460468     DEBUG Test worker     d.u.i.k.n.KeyIO           MODE: 2nd degree decls took 0 
460468     INFO  Test worker     d.u.i.k.n.KeyIO           Parsing took 0 ms 
460468     DEBUG Test worker     d.u.i.k.n.KeyIO           Load declarations of de.uka.ilkd.key.nparser.KeyAst$File:  <unknown>:1#1 
460468     INFO  Test worker     d.u.i.k.n.KeyIO           MODE: declarations took 0 ms 
460468     DEBUG Test worker     d.u.i.k.n.KeyIO           MODE: 2nd degree decls took 0 
460468     INFO  Test worker     d.u.i.k.n.KeyIO           Parsing took 0 ms 
460468     DEBUG Test worker     d.u.i.k.n.KeyIO           Load declarations of de.uka.ilkd.key.nparser.KeyAst$File:  <unknown>:1#1 
460483     INFO  Test worker     d.u.i.k.n.KeyIO           MODE: declarations took 15 ms 
460483     DEBUG Test worker     d.u.i.k.n.KeyIO           MODE: 2nd degree decls took 0 
460483     INFO  Test worker     d.u.i.k.n.KeyIO           Parsing took 0 ms 
460483     DEBUG Test worker     d.u.i.k.n.KeyIO           Load declarations of de.uka.ilkd.key.nparser.KeyAst$File:  <unknown>:1#1 
460483     INFO  Test worker     d.u.i.k.n.KeyIO           MODE: declarations took 0 ms 
460483     DEBUG Test worker     d.u.i.k.n.KeyIO           MODE: 2nd degree decls took 0 
463830     INFO  Test worker     d.u.i.k.n.KeyIO           Parsing took 0 ms 
463830     DEBUG Test worker     d.u.i.k.n.KeyIO           Load declarations of de.uka.ilkd.key.nparser.KeyAst$File:  <unknown>:1#1 
463830     INFO  Test worker     d.u.i.k.n.KeyIO           MODE: declarations took 0 ms 
463830     DEBUG Test worker     d.u.i.k.n.KeyIO           MODE: 2nd degree decls took 0 
463830     INFO  Test worker     d.u.i.k.n.KeyIO           Parsing took 0 ms 
463830     DEBUG Test worker     d.u.i.k.n.KeyIO           Load declarations of de.uka.ilkd.key.nparser.KeyAst$File:  <unknown>:1#1 
463830     INFO  Test worker     d.u.i.k.n.KeyIO           MODE: declarations took 0 ms 
463830     DEBUG Test worker     d.u.i.k.n.KeyIO           MODE: 2nd degree decls took 0 
463830     INFO  Test worker     d.u.i.k.n.KeyIO           Parsing took 0 ms 
463830     DEBUG Test worker     d.u.i.k.n.KeyIO           Load declarations of de.uka.ilkd.key.nparser.KeyAst$File:  <unknown>:1#1 
463830     INFO  Test worker     d.u.i.k.n.KeyIO           MODE: declarations took 0 ms 
463830     DEBUG Test worker     d.u.i.k.n.KeyIO           MODE: 2nd degree decls took 0 
463830     INFO  Test worker     d.u.i.k.n.KeyIO           Parsing took 0 ms 
463830     DEBUG Test worker     d.u.i.k.n.KeyIO           Load declarations of de.uka.ilkd.key.nparser.KeyAst$File:  <unknown>:1#1 
463830     INFO  Test worker     d.u.i.k.n.KeyIO           MODE: declarations took 0 ms 
463830     DEBUG Test worker     d.u.i.k.n.KeyIO           MODE: 2nd degree decls took 0 
463830     INFO  Test worker     d.u.i.k.n.KeyIO           Parsing took 0 ms 
463830     DEBUG Test worker     d.u.i.k.n.KeyIO           Load declarations of de.uka.ilkd.key.nparser.KeyAst$File:  <unknown>:1#1 
463830     INFO  Test worker     d.u.i.k.n.KeyIO           MODE: declarations took 0 ms 
463830     DEBUG Test worker     d.u.i.k.n.KeyIO           MODE: 2nd degree decls took 0 
467098     INFO  Test worker     d.u.i.k.n.KeyIO           Parsing took 0 ms 
467098     DEBUG Test worker     d.u.i.k.n.KeyIO           Load declarations of de.uka.ilkd.key.nparser.KeyAst$File:  <unknown>:1#1 
467098     INFO  Test worker     d.u.i.k.n.KeyIO           MODE: declarations took 0 ms 
467098     DEBUG Test worker     d.u.i.k.n.KeyIO           MODE: 2nd degree decls took 0 
467098     INFO  Test worker     d.u.i.k.n.KeyIO           Parsing took 0 ms 
467098     DEBUG Test worker     d.u.i.k.n.KeyIO           Load declarations of de.uka.ilkd.key.nparser.KeyAst$File:  <unknown>:1#1 
467098     INFO  Test worker     d.u.i.k.n.KeyIO           MODE: declarations took 0 ms 
467098     DEBUG Test worker     d.u.i.k.n.KeyIO           MODE: 2nd degree decls took 0 
467098     INFO  Test worker     d.u.i.k.n.KeyIO           Parsing took 0 ms 
467098     DEBUG Test worker     d.u.i.k.n.KeyIO           Load declarations of de.uka.ilkd.key.nparser.KeyAst$File:  <unknown>:1#1 
467098     INFO  Test worker     d.u.i.k.n.KeyIO           MODE: declarations took 0 ms 
467098     DEBUG Test worker     d.u.i.k.n.KeyIO           MODE: 2nd degree decls took 0 
467098     INFO  Test worker     d.u.i.k.n.KeyIO           Parsing took 0 ms 
467098     DEBUG Test worker     d.u.i.k.n.KeyIO           Load declarations of de.uka.ilkd.key.nparser.KeyAst$File:  <unknown>:1#1 
467098     INFO  Test worker     d.u.i.k.n.KeyIO           MODE: declarations took 0 ms 
467098     DEBUG Test worker     d.u.i.k.n.KeyIO           MODE: 2nd degree decls took 0 
467098     INFO  Test worker     d.u.i.k.n.KeyIO           Parsing took 0 ms 
467098     DEBUG Test worker     d.u.i.k.n.KeyIO           Load declarations of de.uka.ilkd.key.nparser.KeyAst$File:  <unknown>:1#1 
467098     INFO  Test worker     d.u.i.k.n.KeyIO           MODE: declarations took 0 ms 
467098     DEBUG Test worker     d.u.i.k.n.KeyIO           MODE: 2nd degree decls took 0 
470349     INFO  Test worker     d.u.i.k.n.KeyIO           Parsing took 0 ms 
470349     DEBUG Test worker     d.u.i.k.n.KeyIO           Load declarations of de.uka.ilkd.key.nparser.KeyAst$File:  <unknown>:1#1 
470349     INFO  Test worker     d.u.i.k.n.KeyIO           MODE: declarations took 0 ms 
470349     DEBUG Test worker     d.u.i.k.n.KeyIO           MODE: 2nd degree decls took 0 
470349     INFO  Test worker     d.u.i.k.n.KeyIO           Parsing took 0 ms 
470349     DEBUG Test worker     d.u.i.k.n.KeyIO           Load declarations of de.uka.ilkd.key.nparser.KeyAst$File:  <unknown>:1#1 
470349     INFO  Test worker     d.u.i.k.n.KeyIO           MODE: declarations took 0 ms 
470349     DEBUG Test worker     d.u.i.k.n.KeyIO           MODE: 2nd degree decls took 0 
470349     INFO  Test worker     d.u.i.k.n.KeyIO           Parsing took 0 ms 
470349     DEBUG Test worker     d.u.i.k.n.KeyIO           Load declarations of de.uka.ilkd.key.nparser.KeyAst$File:  <unknown>:1#1 
470349     INFO  Test worker     d.u.i.k.n.KeyIO           MODE: declarations took 0 ms 
470349     DEBUG Test worker     d.u.i.k.n.KeyIO           MODE: 2nd degree decls took 0 
470349     INFO  Test worker     d.u.i.k.n.KeyIO           Parsing took 0 ms 
470349     DEBUG Test worker     d.u.i.k.n.KeyIO           Load declarations of de.uka.ilkd.key.nparser.KeyAst$File:  <unknown>:1#1 
470349     INFO  Test worker     d.u.i.k.n.KeyIO           MODE: declarations took 0 ms 
470349     DEBUG Test worker     d.u.i.k.n.KeyIO           MODE: 2nd degree decls took 0 
470349     INFO  Test worker     d.u.i.k.n.KeyIO           Parsing took 0 ms 
470349     DEBUG Test worker     d.u.i.k.n.KeyIO           Load declarations of de.uka.ilkd.key.nparser.KeyAst$File:  <unknown>:1#1 
470349     INFO  Test worker     d.u.i.k.n.KeyIO           MODE: declarations took 0 ms 
470349     DEBUG Test worker     d.u.i.k.n.KeyIO           MODE: 2nd degree decls took 0 
473618     INFO  Test worker     d.u.i.k.n.KeyIO           Parsing took 0 ms 
473618     DEBUG Test worker     d.u.i.k.n.KeyIO           Load declarations of de.uka.ilkd.key.nparser.KeyAst$File:  <unknown>:1#1 
473618     INFO  Test worker     d.u.i.k.n.KeyIO           MODE: declarations took 0 ms 
473618     DEBUG Test worker     d.u.i.k.n.KeyIO           MODE: 2nd degree decls took 0 
473618     INFO  Test worker     d.u.i.k.n.KeyIO           Parsing took 0 ms 
473618     DEBUG Test worker     d.u.i.k.n.KeyIO           Load declarations of de.uka.ilkd.key.nparser.KeyAst$File:  <unknown>:1#1 
473618     INFO  Test worker     d.u.i.k.n.KeyIO           MODE: declarations took 0 ms 
473618     DEBUG Test worker     d.u.i.k.n.KeyIO           MODE: 2nd degree decls took 0 
473618     INFO  Test worker     d.u.i.k.n.KeyIO           Parsing took 0 ms 
473618     DEBUG Test worker     d.u.i.k.n.KeyIO           Load declarations of de.uka.ilkd.key.nparser.KeyAst$File:  <unknown>:1#1 
473618     INFO  Test worker     d.u.i.k.n.KeyIO           MODE: declarations took 0 ms 
473618     DEBUG Test worker     d.u.i.k.n.KeyIO           MODE: 2nd degree decls took 0 
473618     INFO  Test worker     d.u.i.k.n.KeyIO           Parsing took 0 ms 
473618     DEBUG Test worker     d.u.i.k.n.KeyIO           Load declarations of de.uka.ilkd.key.nparser.KeyAst$File:  <unknown>:1#1 
473618     INFO  Test worker     d.u.i.k.n.KeyIO           MODE: declarations took 0 ms 
473618     DEBUG Test worker     d.u.i.k.n.KeyIO           MODE: 2nd degree decls took 0 
473618     INFO  Test worker     d.u.i.k.n.KeyIO           Parsing took 0 ms 
473618     DEBUG Test worker     d.u.i.k.n.KeyIO           Load declarations of de.uka.ilkd.key.nparser.KeyAst$File:  <unknown>:1#1 
473618     INFO  Test worker     d.u.i.k.n.KeyIO           MODE: declarations took 0 ms 
473618     DEBUG Test worker     d.u.i.k.n.KeyIO           MODE: 2nd degree decls took 0 
476869     INFO  Test worker     d.u.i.k.n.KeyIO           Parsing took 0 ms 
476869     DEBUG Test worker     d.u.i.k.n.KeyIO           Load declarations of de.uka.ilkd.key.nparser.KeyAst$File:  <unknown>:1#1 
476869     INFO  Test worker     d.u.i.k.n.KeyIO           MODE: declarations took 0 ms 
476869     DEBUG Test worker     d.u.i.k.n.KeyIO           MODE: 2nd degree decls took 0 
476869     INFO  Test worker     d.u.i.k.n.KeyIO           Parsing took 0 ms 
476869     DEBUG Test worker     d.u.i.k.n.KeyIO           Load declarations of de.uka.ilkd.key.nparser.KeyAst$File:  <unknown>:1#1 
476869     INFO  Test worker     d.u.i.k.n.KeyIO           MODE: declarations took 0 ms 
476869     DEBUG Test worker     d.u.i.k.n.KeyIO           MODE: 2nd degree decls took 0 
476869     INFO  Test worker     d.u.i.k.n.KeyIO           Parsing took 0 ms 
476869     DEBUG Test worker     d.u.i.k.n.KeyIO           Load declarations of de.uka.ilkd.key.nparser.KeyAst$File:  <unknown>:1#1 
476869     INFO  Test worker     d.u.i.k.n.KeyIO           MODE: declarations took 0 ms 
476869     DEBUG Test worker     d.u.i.k.n.KeyIO           MODE: 2nd degree decls took 0 
476869     INFO  Test worker     d.u.i.k.n.KeyIO           Parsing took 0 ms 
476869     DEBUG Test worker     d.u.i.k.n.KeyIO           Load declarations of de.uka.ilkd.key.nparser.KeyAst$File:  <unknown>:1#1 
476869     INFO  Test worker     d.u.i.k.n.KeyIO           MODE: declarations took 0 ms 
476869     DEBUG Test worker     d.u.i.k.n.KeyIO           MODE: 2nd degree decls took 0 
476869     INFO  Test worker     d.u.i.k.n.KeyIO           Parsing took 0 ms 
476869     DEBUG Test worker     d.u.i.k.n.KeyIO           Load declarations of de.uka.ilkd.key.nparser.KeyAst$File:  <unknown>:1#1 
476869     INFO  Test worker     d.u.i.k.n.KeyIO           MODE: declarations took 0 ms 
476869     DEBUG Test worker     d.u.i.k.n.KeyIO           MODE: 2nd degree decls took 0 
]]></system-out>
  <system-err><![CDATA[]]></system-err>
</testsuite>
