<?xml version="1.0" encoding="UTF-8"?>
<testsuite name="de.uka.ilkd.key.rule.tacletbuilder.TestTacletBuild" tests="5" skipped="0" failures="0" errors="0" timestamp="2023-04-28T12:32:15" hostname="fv-az456-502" time="4.633">
  <properties/>
  <testcase name="testSchemavariablesInAddrulesRespectPrefix()" classname="de.uka.ilkd.key.rule.tacletbuilder.TestTacletBuild" time="4.612"/>
  <testcase name="testUniquenessOfIfAndFindVarSVBothInIf()" classname="de.uka.ilkd.key.rule.tacletbuilder.TestTacletBuild" time="0.001"/>
  <testcase name="test0()" classname="de.uka.ilkd.key.rule.tacletbuilder.TestTacletBuild" time="0.001"/>
  <testcase name="testUniquenessOfIfAndFindVarSVsInFind()" classname="de.uka.ilkd.key.rule.tacletbuilder.TestTacletBuild" time="0.012"/>
  <testcase name="testUniquenessOfIfAndFindVarSVsInIfAndFind()" classname="de.uka.ilkd.key.rule.tacletbuilder.TestTacletBuild" time="0.001"/>
  <system-out><![CDATA[621272     INFO  Test worker     d.u.i.k.n.KeyIO           Parsing took 15 ms 
621272     DEBUG Test worker     d.u.i.k.n.KeyIO           Load declarations of de.uka.ilkd.key.nparser.KeyAst$File:  D:\a\key\key\key.core\src\test\resources\testcase\testrules.key:9#1 
621272     INFO  Test worker     d.u.i.k.n.KeyIO           MODE: declarations took 0 ms 
621272     DEBUG Test worker     d.u.i.k.n.KeyIO           MODE: 2nd degree decls took 0 
621288     DEBUG Test worker     d.u.i.k.n.KeyIO           MODE: taclets took 16ms 
]]></system-out>
  <system-err><![CDATA[]]></system-err>
</testsuite>
