<?xml version="1.0" encoding="UTF-8"?>
<testsuite name="de.uka.ilkd.key.rule.loop.LoopScopeInvRuleTests" tests="1" skipped="0" failures="0" errors="0" timestamp="2023-04-28T12:30:29" hostname="fv-az456-502" time="5.295">
  <properties/>
  <testcase name="testDoAutomaticProofOfBenchmarkWithLabeledBreaksAndContinues()" classname="de.uka.ilkd.key.rule.loop.LoopScopeInvRuleTests" time="5.295"/>
  <system-out><![CDATA[514111     INFO  Test worker     d.u.i.k.p.i.AbstractProblemLoader Loading environment from src\test\resources\testcase\loopScopeInvRule\Test.key 
514111     DEBUG Test worker     d.u.i.k.p.i.AbstractProblemLoader Environment load took 163.6ns 
514111     INFO  Test worker     d.u.i.k.p.i.AbstractProblemLoader Creating init config 
514252     DEBUG Test worker     d.u.i.k.j.TypeConverter   No LDT found for Meta 
514252     DEBUG Test worker     d.u.i.k.j.TypeConverter   No LDT found for Meta 
514252     DEBUG Test worker     d.u.i.k.j.TypeConverter   No LDT found for Meta 
514252     DEBUG Test worker     d.u.i.k.j.TypeConverter   No LDT found for Meta 
514940     DEBUG Test worker     d.u.i.k.j.TypeConverter   No LDT found for JavaBigintExpression 
518707     DEBUG Test worker     d.u.i.k.p.i.AbstractProblemLoader Init config took 4.6s 
518754     INFO  Test worker     d.u.i.k.p.i.AbstractProblemLoader Replaying proof Test[Test::loopScopeRuleBenchmark(int,boolean)].JML normal_behavior operation contract.0 
518754     DEBUG Test worker     d.u.i.k.p.i.IntermediateProofReplayer Proof replay took 16ns 
]]></system-out>
  <system-err><![CDATA[]]></system-err>
</testsuite>
