<?xml version="1.0" encoding="UTF-8"?>
<testsuite name="de.uka.ilkd.key.parser.TestParser" tests="5" skipped="1" failures="0" errors="0" timestamp="2023-04-28T12:27:28" hostname="fv-az456-502" time="6.159">
  <properties/>
  <testcase name="testConstantEvaluationError()" classname="de.uka.ilkd.key.parser.TestParser" time="1.202"/>
  <testcase name="testGenericSort()" classname="de.uka.ilkd.key.parser.TestParser" time="0.004"/>
  <testcase name="testIssue1566()" classname="de.uka.ilkd.key.parser.TestParser" time="3.751"/>
  <testcase name="testIssue39()" classname="de.uka.ilkd.key.parser.TestParser" time="1.198"/>
  <testcase name="testRelativeInclude()" classname="de.uka.ilkd.key.parser.TestParser" time="0.003">
    <skipped/>
  </testcase>
  <system-out><![CDATA[333076     INFO  Test worker     d.u.i.k.p.i.AbstractProblemLoader Loading environment from src\test\resources\testcase\parserErrorTest\AssignToArray.java 
333076     DEBUG Test worker     d.u.i.k.p.i.AbstractProblemLoader Environment load took 327ns 
333076     INFO  Test worker     d.u.i.k.p.i.AbstractProblemLoader Creating init config 
334280     INFO  Test worker     d.u.i.k.n.KeyIO           Parsing took 0 ms 
334280     DEBUG Test worker     d.u.i.k.n.KeyIO           Load declarations of de.uka.ilkd.key.nparser.KeyAst$File:  <unknown>:1#1 
334280     INFO  Test worker     d.u.i.k.n.KeyIO           MODE: declarations took 0 ms 
334280     DEBUG Test worker     d.u.i.k.n.KeyIO           MODE: 2nd degree decls took 0 
334280     DEBUG Test worker     d.u.i.k.n.KeyIO           MODE: taclets took 0ms 
334280     INFO  Test worker     d.u.i.k.p.i.AbstractProblemLoader Loading environment from src\test\resources\testcase\issues\1566\a.key 
334280     DEBUG Test worker     d.u.i.k.p.i.AbstractProblemLoader Environment load took 137.8ns 
334280     INFO  Test worker     d.u.i.k.p.i.AbstractProblemLoader Creating init config 
338002     DEBUG Test worker     d.u.i.k.p.i.AbstractProblemLoader Init config took 3.72s 
338018     INFO  Test worker     d.u.i.k.p.i.AbstractProblemLoader Replaying proof a.key 
338034     DEBUG Test worker     d.u.i.k.p.i.IntermediateProofReplayer Proof replay took 8.8ns 
338034     INFO  Test worker     d.u.i.k.p.i.AbstractProblemLoader Loading environment from src\test\resources\testcase\issues\39\A.java 
338034     DEBUG Test worker     d.u.i.k.p.i.AbstractProblemLoader Environment load took 407.1ns 
338034     INFO  Test worker     d.u.i.k.p.i.AbstractProblemLoader Creating init config 
]]></system-out>
  <system-err><![CDATA[]]></system-err>
</testsuite>
