<?xml version="1.0" encoding="UTF-8"?>
<testsuite name="de.uka.ilkd.key.proof.io.consistency.TestProofBundleIO" tests="3" skipped="0" failures="0" errors="0" timestamp="2023-04-28T12:30:11" hostname="fv-az456-502" time="10.064">
  <properties/>
  <testcase name="testSimpleFileRepo()" classname="de.uka.ilkd.key.proof.io.consistency.TestProofBundleIO" time="0.044"/>
  <testcase name="testComplexBundleGeneration()" classname="de.uka.ilkd.key.proof.io.consistency.TestProofBundleIO" time="3.235"/>
  <testcase name="testSimpleBundleGeneration()" classname="de.uka.ilkd.key.proof.io.consistency.TestProofBundleIO" time="6.785"/>
  <system-out><![CDATA[496554     INFO  Test worker     d.u.i.k.p.i.AbstractProblemLoader Loading environment from D:\a\key\key\key.core\src\test\resources\testcase\proofBundle\complexBundleGeneration\test.key 
496554     DEBUG Test worker     d.u.i.k.p.i.AbstractProblemLoader Environment load took 153ns 
496554     INFO  Test worker     d.u.i.k.p.i.AbstractProblemLoader Creating init config 
497523     DEBUG Test worker     d.u.i.k.p.i.AbstractProblemLoader Init config took 970.77ms 
497570     INFO  Test worker     d.u.i.k.p.i.AbstractProblemLoader Replaying proof Test[Test::constant()].JML normal_behavior operation contract.0 
497585     DEBUG Test worker     d.u.i.k.p.i.IntermediateProofReplayer Proof replay took 8.7ns 
499211     INFO  Test worker     d.u.i.k.p.i.AbstractProblemLoader Loading environment from D:\a\key\key\key.core\src\test\resources\testcase\proofBundle\complexBundleGeneration\test.zproof 
499258     DEBUG Test worker     d.u.i.k.p.i.AbstractProblemLoader Environment load took 49.16ms 
499258     INFO  Test worker     d.u.i.k.p.i.AbstractProblemLoader Creating init config 
499727     DEBUG Test worker     d.u.i.k.p.i.AbstractProblemLoader Init config took 467.15ms 
499758     INFO  Test worker     d.u.i.k.p.i.AbstractProblemLoader Replaying proof Test[Test::constant()].JML normal_behavior operation contract.0 
499790     DEBUG Test worker     d.u.i.k.p.i.IntermediateProofReplayer Proof replay took 22.8ms 
499790     INFO  Test worker     d.u.i.k.p.i.AbstractProblemLoader Loading environment from D:\a\key\key\key.core\src\test\resources\testcase\proofBundle\simpleBundleGeneration\test.key 
499790     DEBUG Test worker     d.u.i.k.p.i.AbstractProblemLoader Environment load took 461.3ns 
499790     INFO  Test worker     d.u.i.k.p.i.AbstractProblemLoader Creating init config 
503104     DEBUG Test worker     d.u.i.k.p.i.AbstractProblemLoader Init config took 3.31s 
503167     INFO  Test worker     d.u.i.k.p.i.AbstractProblemLoader Replaying proof Test[Test::constant()].JML normal_behavior operation contract.0 
503167     DEBUG Test worker     d.u.i.k.p.i.IntermediateProofReplayer Proof replay took 9.1ns 
503276     INFO  Test worker     d.u.i.k.p.i.AbstractProblemLoader Loading environment from D:\a\key\key\key.core\src\test\resources\testcase\proofBundle\simpleBundleGeneration\test.zproof 
503292     DEBUG Test worker     d.u.i.k.p.i.AbstractProblemLoader Environment load took 4.59ms 
503292     INFO  Test worker     d.u.i.k.p.i.AbstractProblemLoader Creating init config 
506497     DEBUG Test worker     d.u.i.k.p.i.AbstractProblemLoader Init config took 3.2s 
506544     INFO  Test worker     d.u.i.k.p.i.AbstractProblemLoader Replaying proof Test[Test::constant()].JML normal_behavior operation contract.0 
506560     DEBUG Test worker     d.u.i.k.p.i.IntermediateProofReplayer Proof replay took 10.64ms 
]]></system-out>
  <system-err><![CDATA[]]></system-err>
</testsuite>
