<?xml version="1.0" encoding="UTF-8"?>
<testsuite name="de.uka.ilkd.key.parser.TestTermParserSorts" tests="2" skipped="0" failures="0" errors="0" timestamp="2023-04-19T13:01:54" hostname="fv-az206-546" time="3.053">
  <properties/>
  <testcase name="testParseIntegerArgs()" classname="de.uka.ilkd.key.parser.TestTermParserSorts" time="0.019"/>
  <testcase name="testParseSequencePrettySyntax()" classname="de.uka.ilkd.key.parser.TestTermParserSorts" time="0.001"/>
  <system-out><![CDATA[432627     INFO  Test worker     d.u.i.k.n.KeyIO           Parsing took 0 ms 
432627     INFO  Test worker     d.u.i.k.n.KeyIO           MODE: declarations took 0 ms 
432627     INFO  Test worker     d.u.i.k.n.KeyIO           Parsing took 0 ms 
432627     INFO  Test worker     d.u.i.k.n.KeyIO           MODE: declarations took 0 ms 
432627     INFO  Test worker     d.u.i.k.n.KeyIO           Parsing took 0 ms 
432627     INFO  Test worker     d.u.i.k.n.KeyIO           MODE: declarations took 0 ms 
435676     INFO  Test worker     d.u.i.k.n.KeyIO           Parsing took 0 ms 
435676     INFO  Test worker     d.u.i.k.n.KeyIO           MODE: declarations took 0 ms 
435676     INFO  Test worker     d.u.i.k.n.KeyIO           Parsing took 0 ms 
435676     INFO  Test worker     d.u.i.k.n.KeyIO           MODE: declarations took 0 ms 
435676     INFO  Test worker     d.u.i.k.n.KeyIO           Parsing took 0 ms 
435676     INFO  Test worker     d.u.i.k.n.KeyIO           MODE: declarations took 0 ms 
]]></system-out>
  <system-err><![CDATA[]]></system-err>
</testsuite>
