<?xml version="1.0" encoding="UTF-8"?>
<testsuite name="de.uka.ilkd.key.logic.TestClashFreeSubst" tests="14" skipped="2" failures="0" errors="0" timestamp="2023-04-19T12:55:20" hostname="fv-az206-546" time="50.605">
  <properties/>
  <testcase name="testMultiShareBound()" classname="de.uka.ilkd.key.logic.TestClashFreeSubst" time="1.058"/>
  <testcase name="testClash()" classname="de.uka.ilkd.key.logic.TestClashFreeSubst" time="0.989"/>
  <testcase name="testShare()" classname="de.uka.ilkd.key.logic.TestClashFreeSubst" time="0.965"/>
  <testcase name="testSubst()" classname="de.uka.ilkd.key.logic.TestClashFreeSubst" time="0.919"/>
  <testcase name="testWary0()" classname="de.uka.ilkd.key.logic.TestClashFreeSubst" time="0.925"/>
  <testcase name="testWary1()" classname="de.uka.ilkd.key.logic.TestClashFreeSubst" time="0.924"/>
  <testcase name="testWary2()" classname="de.uka.ilkd.key.logic.TestClashFreeSubst" time="0.957"/>
  <testcase name="testClashInSubstTerm()" classname="de.uka.ilkd.key.logic.TestClashFreeSubst" time="0.969"/>
  <testcase name="testShareWary()" classname="de.uka.ilkd.key.logic.TestClashFreeSubst" time="0.896"/>
  <testcase name="testMultiSubst()" classname="de.uka.ilkd.key.logic.TestClashFreeSubst" time="0.915"/>
  <testcase name="xtestMultiClash()" classname="de.uka.ilkd.key.logic.TestClashFreeSubst" time="0.0">
    <skipped/>
  </testcase>
  <testcase name="testSubstInSubstTerm()" classname="de.uka.ilkd.key.logic.TestClashFreeSubst" time="0.908"/>
  <testcase name="testSubstWary()" classname="de.uka.ilkd.key.logic.TestClashFreeSubst" time="0.911"/>
  <testcase name="xtestMultiClash1()" classname="de.uka.ilkd.key.logic.TestClashFreeSubst" time="0.0">
    <skipped/>
  </testcase>
  <system-out><![CDATA[38769      INFO  Test worker     d.u.i.k.n.KeyIO           Parsing took 0 ms 
38769      INFO  Test worker     d.u.i.k.n.KeyIO           MODE: declarations took 0 ms 
39816      INFO  Test worker     d.u.i.k.n.KeyIO           Parsing took 0 ms 
39816      INFO  Test worker     d.u.i.k.n.KeyIO           MODE: declarations took 0 ms 
43021      INFO  Test worker     d.u.i.k.n.KeyIO           Parsing took 0 ms 
43021      INFO  Test worker     d.u.i.k.n.KeyIO           MODE: declarations took 0 ms 
44005      INFO  Test worker     d.u.i.k.n.KeyIO           Parsing took 0 ms 
44005      INFO  Test worker     d.u.i.k.n.KeyIO           MODE: declarations took 0 ms 
47085      INFO  Test worker     d.u.i.k.n.KeyIO           Parsing took 0 ms 
47085      INFO  Test worker     d.u.i.k.n.KeyIO           MODE: declarations took 0 ms 
48039      INFO  Test worker     d.u.i.k.n.KeyIO           Parsing took 0 ms 
48039      INFO  Test worker     d.u.i.k.n.KeyIO           MODE: declarations took 0 ms 
51106      INFO  Test worker     d.u.i.k.n.KeyIO           Parsing took 0 ms 
51106      INFO  Test worker     d.u.i.k.n.KeyIO           MODE: declarations took 0 ms 
52012      INFO  Test worker     d.u.i.k.n.KeyIO           Parsing took 0 ms 
52012      INFO  Test worker     d.u.i.k.n.KeyIO           MODE: declarations took 0 ms 
55044      INFO  Test worker     d.u.i.k.n.KeyIO           Parsing took 0 ms 
55044      INFO  Test worker     d.u.i.k.n.KeyIO           MODE: declarations took 0 ms 
55966      INFO  Test worker     d.u.i.k.n.KeyIO           Parsing took 0 ms 
55966      INFO  Test worker     d.u.i.k.n.KeyIO           MODE: declarations took 0 ms 
59047      INFO  Test worker     d.u.i.k.n.KeyIO           Parsing took 0 ms 
59047      INFO  Test worker     d.u.i.k.n.KeyIO           MODE: declarations took 0 ms 
59969      INFO  Test worker     d.u.i.k.n.KeyIO           Parsing took 0 ms 
59969      INFO  Test worker     d.u.i.k.n.KeyIO           MODE: declarations took 0 ms 
62970      INFO  Test worker     d.u.i.k.n.KeyIO           Parsing took 0 ms 
62970      INFO  Test worker     d.u.i.k.n.KeyIO           MODE: declarations took 0 ms 
63908      INFO  Test worker     d.u.i.k.n.KeyIO           Parsing took 0 ms 
63908      INFO  Test worker     d.u.i.k.n.KeyIO           MODE: declarations took 0 ms 
66956      INFO  Test worker     d.u.i.k.n.KeyIO           Parsing took 0 ms 
66972      INFO  Test worker     d.u.i.k.n.KeyIO           MODE: declarations took 0 ms 
67910      INFO  Test worker     d.u.i.k.n.KeyIO           Parsing took 0 ms 
67910      INFO  Test worker     d.u.i.k.n.KeyIO           MODE: declarations took 0 ms 
70896      INFO  Test worker     d.u.i.k.n.KeyIO           Parsing took 0 ms 
70896      INFO  Test worker     d.u.i.k.n.KeyIO           MODE: declarations took 0 ms 
71787      INFO  Test worker     d.u.i.k.n.KeyIO           Parsing took 0 ms 
71787      INFO  Test worker     d.u.i.k.n.KeyIO           MODE: declarations took 0 ms 
74788      INFO  Test worker     d.u.i.k.n.KeyIO           Parsing took 0 ms 
74788      INFO  Test worker     d.u.i.k.n.KeyIO           MODE: declarations took 0 ms 
75694      INFO  Test worker     d.u.i.k.n.KeyIO           Parsing took 0 ms 
75694      INFO  Test worker     d.u.i.k.n.KeyIO           MODE: declarations took 0 ms 
81667      INFO  Test worker     d.u.i.k.n.KeyIO           Parsing took 0 ms 
81667      INFO  Test worker     d.u.i.k.n.KeyIO           MODE: declarations took 0 ms 
82558      INFO  Test worker     d.u.i.k.n.KeyIO           Parsing took 0 ms 
82558      INFO  Test worker     d.u.i.k.n.KeyIO           MODE: declarations took 0 ms 
85512      INFO  Test worker     d.u.i.k.n.KeyIO           Parsing took 0 ms 
85512      INFO  Test worker     d.u.i.k.n.KeyIO           MODE: declarations took 0 ms 
86419      INFO  Test worker     d.u.i.k.n.KeyIO           Parsing took 0 ms 
86419      INFO  Test worker     d.u.i.k.n.KeyIO           MODE: declarations took 0 ms 
]]></system-out>
  <system-err><![CDATA[]]></system-err>
</testsuite>
