<?xml version="1.0" encoding="UTF-8"?>
<testsuite name="de.uka.ilkd.key.parser.TestTermParserHeap" tests="39" skipped="0" failures="0" errors="0" timestamp="2023-04-19T12:59:55" hostname="fv-az206-546" time="116.105">
  <properties/>
  <testcase name="testBracketHeapUpdate()" classname="de.uka.ilkd.key.parser.TestTermParserHeap" time="0.027"/>
  <testcase name="testStore()" classname="de.uka.ilkd.key.parser.TestTermParserHeap" time="0.019"/>
  <testcase name="testUnknownConstant()" classname="de.uka.ilkd.key.parser.TestTermParserHeap" time="0.008"/>
  <testcase name="testAllFieldsSelector()" classname="de.uka.ilkd.key.parser.TestTermParserHeap" time="0.003"/>
  <testcase name="testParsePrettyPrintedSelect()" classname="de.uka.ilkd.key.parser.TestTermParserHeap" time="0.005"/>
  <testcase name="testAccessStaticMembers()" classname="de.uka.ilkd.key.parser.TestTermParserHeap" time="0.022"/>
  <testcase name="testAtOperator_1()" classname="de.uka.ilkd.key.parser.TestTermParserHeap" time="0.002"/>
  <testcase name="testAtOperator_2()" classname="de.uka.ilkd.key.parser.TestTermParserHeap" time="0.003"/>
  <testcase name="testAtOperator_3()" classname="de.uka.ilkd.key.parser.TestTermParserHeap" time="0.003"/>
  <testcase name="testAtOperator_4()" classname="de.uka.ilkd.key.parser.TestTermParserHeap" time="0.009"/>
  <testcase name="testAtOperator_5()" classname="de.uka.ilkd.key.parser.TestTermParserHeap" time="0.003"/>
  <testcase name="testAtOperator_6()" classname="de.uka.ilkd.key.parser.TestTermParserHeap" time="0.003"/>
  <testcase name="testAtOperator_7()" classname="de.uka.ilkd.key.parser.TestTermParserHeap" time="0.003"/>
  <testcase name="testAtOperator_8()" classname="de.uka.ilkd.key.parser.TestTermParserHeap" time="0.003"/>
  <testcase name="testVerifyExceptionIfAtOperatorNotPreceededBySelectTerm()" classname="de.uka.ilkd.key.parser.TestTermParserHeap" time="0.003"/>
  <testcase name="testBugResettingCounter()" classname="de.uka.ilkd.key.parser.TestTermParserHeap" time="0.003"/>
  <testcase name="testLocationSets()" classname="de.uka.ilkd.key.parser.TestTermParserHeap" time="0.005"/>
  <testcase name="testQuantifiedSelect()" classname="de.uka.ilkd.key.parser.TestTermParserHeap" time="0.004"/>
  <testcase name="testGenericObjectProperties()" classname="de.uka.ilkd.key.parser.TestTermParserHeap" time="0.004"/>
  <testcase name="testQueryInheritance_1()" classname="de.uka.ilkd.key.parser.TestTermParserHeap" time="0.003"/>
  <testcase name="testQueryInheritance_2()" classname="de.uka.ilkd.key.parser.TestTermParserHeap" time="0.004"/>
  <testcase name="testQueryInheritance_3()" classname="de.uka.ilkd.key.parser.TestTermParserHeap" time="0.003"/>
  <testcase name="testQueryInheritance_4()" classname="de.uka.ilkd.key.parser.TestTermParserHeap" time="0.002"/>
  <testcase name="testQueryInheritance_5()" classname="de.uka.ilkd.key.parser.TestTermParserHeap" time="0.001"/>
  <testcase name="testQueryInheritance_6()" classname="de.uka.ilkd.key.parser.TestTermParserHeap" time="0.003"/>
  <testcase name="testQueryInheritance_7()" classname="de.uka.ilkd.key.parser.TestTermParserHeap" time="0.002"/>
  <testcase name="testQueryInheritance_8()" classname="de.uka.ilkd.key.parser.TestTermParserHeap" time="0.004"/>
  <testcase name="testQueryInheritance_9()" classname="de.uka.ilkd.key.parser.TestTermParserHeap" time="0.002"/>
  <testcase name="testQueryBasic_10()" classname="de.uka.ilkd.key.parser.TestTermParserHeap" time="0.003"/>
  <testcase name="testQueryBasic_11()" classname="de.uka.ilkd.key.parser.TestTermParserHeap" time="0.002"/>
  <testcase name="testQueryBasic_1()" classname="de.uka.ilkd.key.parser.TestTermParserHeap" time="0.001"/>
  <testcase name="testQueryBasic_2()" classname="de.uka.ilkd.key.parser.TestTermParserHeap" time="0.003"/>
  <testcase name="testQueryBasic_3()" classname="de.uka.ilkd.key.parser.TestTermParserHeap" time="0.006"/>
  <testcase name="testQueryBasic_4()" classname="de.uka.ilkd.key.parser.TestTermParserHeap" time="0.004"/>
  <testcase name="testQueryBasic_5()" classname="de.uka.ilkd.key.parser.TestTermParserHeap" time="0.003"/>
  <testcase name="testQueryBasic_6()" classname="de.uka.ilkd.key.parser.TestTermParserHeap" time="0.005"/>
  <testcase name="testQueryBasic_7()" classname="de.uka.ilkd.key.parser.TestTermParserHeap" time="0.004"/>
  <testcase name="testQueryBasic_8()" classname="de.uka.ilkd.key.parser.TestTermParserHeap" time="0.004"/>
  <testcase name="testQueryBasic_9()" classname="de.uka.ilkd.key.parser.TestTermParserHeap" time="0.004"/>
  <system-out><![CDATA[313587     INFO  Test worker     d.u.i.k.n.KeyIO           Parsing took 0 ms 
313587     INFO  Test worker     d.u.i.k.n.KeyIO           MODE: declarations took 0 ms 
313587     INFO  Test worker     d.u.i.k.n.KeyIO           Parsing took 0 ms 
313587     INFO  Test worker     d.u.i.k.n.KeyIO           MODE: declarations took 0 ms 
313587     INFO  Test worker     d.u.i.k.n.KeyIO           Parsing took 0 ms 
313587     INFO  Test worker     d.u.i.k.n.KeyIO           MODE: declarations took 0 ms 
313587     INFO  Test worker     d.u.i.k.n.KeyIO           Parsing took 0 ms 
313587     INFO  Test worker     d.u.i.k.n.KeyIO           MODE: declarations took 0 ms 
313587     INFO  Test worker     d.u.i.k.n.KeyIO           Parsing took 0 ms 
313587     INFO  Test worker     d.u.i.k.n.KeyIO           MODE: declarations took 0 ms 
316794     INFO  Test worker     d.u.i.k.n.KeyIO           Parsing took 0 ms 
316794     INFO  Test worker     d.u.i.k.n.KeyIO           MODE: declarations took 0 ms 
316794     INFO  Test worker     d.u.i.k.n.KeyIO           Parsing took 0 ms 
316794     INFO  Test worker     d.u.i.k.n.KeyIO           MODE: declarations took 0 ms 
316794     INFO  Test worker     d.u.i.k.n.KeyIO           Parsing took 0 ms 
316794     INFO  Test worker     d.u.i.k.n.KeyIO           MODE: declarations took 0 ms 
316794     INFO  Test worker     d.u.i.k.n.KeyIO           Parsing took 0 ms 
316794     INFO  Test worker     d.u.i.k.n.KeyIO           MODE: declarations took 0 ms 
316794     INFO  Test worker     d.u.i.k.n.KeyIO           Parsing took 0 ms 
316794     INFO  Test worker     d.u.i.k.n.KeyIO           MODE: declarations took 0 ms 
319984     INFO  Test worker     d.u.i.k.n.KeyIO           Parsing took 0 ms 
319984     INFO  Test worker     d.u.i.k.n.KeyIO           MODE: declarations took 0 ms 
319999     INFO  Test worker     d.u.i.k.n.KeyIO           Parsing took 0 ms 
319999     INFO  Test worker     d.u.i.k.n.KeyIO           MODE: declarations took 0 ms 
319999     INFO  Test worker     d.u.i.k.n.KeyIO           Parsing took 0 ms 
319999     INFO  Test worker     d.u.i.k.n.KeyIO           MODE: declarations took 0 ms 
319999     INFO  Test worker     d.u.i.k.n.KeyIO           Parsing took 0 ms 
319999     INFO  Test worker     d.u.i.k.n.KeyIO           MODE: declarations took 0 ms 
319999     INFO  Test worker     d.u.i.k.n.KeyIO           Parsing took 0 ms 
319999     INFO  Test worker     d.u.i.k.n.KeyIO           MODE: declarations took 0 ms 
319999     INFO  Test worker     d.u.i.k.n.KeyIO           Parsing took 0 ms 
319999     INFO  Test worker     d.u.i.k.n.KeyIO           MODE: declarations took 0 ms 
323173     INFO  Test worker     d.u.i.k.n.KeyIO           Parsing took 0 ms 
323173     INFO  Test worker     d.u.i.k.n.KeyIO           MODE: declarations took 0 ms 
323173     INFO  Test worker     d.u.i.k.n.KeyIO           Parsing took 0 ms 
323173     INFO  Test worker     d.u.i.k.n.KeyIO           MODE: declarations took 0 ms 
323173     INFO  Test worker     d.u.i.k.n.KeyIO           Parsing took 0 ms 
323173     INFO  Test worker     d.u.i.k.n.KeyIO           MODE: declarations took 0 ms 
323173     INFO  Test worker     d.u.i.k.n.KeyIO           Parsing took 0 ms 
323173     INFO  Test worker     d.u.i.k.n.KeyIO           MODE: declarations took 0 ms 
323173     INFO  Test worker     d.u.i.k.n.KeyIO           Parsing took 0 ms 
323173     INFO  Test worker     d.u.i.k.n.KeyIO           MODE: declarations took 0 ms 
326222     INFO  Test worker     d.u.i.k.n.KeyIO           Parsing took 0 ms 
326222     INFO  Test worker     d.u.i.k.n.KeyIO           MODE: declarations took 0 ms 
326222     INFO  Test worker     d.u.i.k.n.KeyIO           Parsing took 0 ms 
326222     INFO  Test worker     d.u.i.k.n.KeyIO           MODE: declarations took 0 ms 
326222     INFO  Test worker     d.u.i.k.n.KeyIO           Parsing took 0 ms 
326222     INFO  Test worker     d.u.i.k.n.KeyIO           MODE: declarations took 0 ms 
326222     INFO  Test worker     d.u.i.k.n.KeyIO           Parsing took 0 ms 
326222     INFO  Test worker     d.u.i.k.n.KeyIO           MODE: declarations took 0 ms 
326222     INFO  Test worker     d.u.i.k.n.KeyIO           Parsing took 0 ms 
326222     INFO  Test worker     d.u.i.k.n.KeyIO           MODE: declarations took 0 ms 
329256     INFO  Test worker     d.u.i.k.n.KeyIO           Parsing took 0 ms 
329256     INFO  Test worker     d.u.i.k.n.KeyIO           MODE: declarations took 0 ms 
329256     INFO  Test worker     d.u.i.k.n.KeyIO           Parsing took 0 ms 
329256     INFO  Test worker     d.u.i.k.n.KeyIO           MODE: declarations took 0 ms 
329256     INFO  Test worker     d.u.i.k.n.KeyIO           Parsing took 0 ms 
329256     INFO  Test worker     d.u.i.k.n.KeyIO           MODE: declarations took 0 ms 
329256     INFO  Test worker     d.u.i.k.n.KeyIO           Parsing took 0 ms 
329271     INFO  Test worker     d.u.i.k.n.KeyIO           MODE: declarations took 0 ms 
329271     INFO  Test worker     d.u.i.k.n.KeyIO           Parsing took 0 ms 
329271     INFO  Test worker     d.u.i.k.n.KeyIO           MODE: declarations took 0 ms 
332506     INFO  Test worker     d.u.i.k.n.KeyIO           Parsing took 0 ms 
332506     INFO  Test worker     d.u.i.k.n.KeyIO           MODE: declarations took 0 ms 
332506     INFO  Test worker     d.u.i.k.n.KeyIO           Parsing took 0 ms 
332506     INFO  Test worker     d.u.i.k.n.KeyIO           MODE: declarations took 0 ms 
332506     INFO  Test worker     d.u.i.k.n.KeyIO           Parsing took 0 ms 
332506     INFO  Test worker     d.u.i.k.n.KeyIO           MODE: declarations took 0 ms 
332506     INFO  Test worker     d.u.i.k.n.KeyIO           Parsing took 0 ms 
332506     INFO  Test worker     d.u.i.k.n.KeyIO           MODE: declarations took 0 ms 
332506     INFO  Test worker     d.u.i.k.n.KeyIO           Parsing took 0 ms 
332506     INFO  Test worker     d.u.i.k.n.KeyIO           MODE: declarations took 0 ms 
335601     INFO  Test worker     d.u.i.k.n.KeyIO           Parsing took 0 ms 
335601     INFO  Test worker     d.u.i.k.n.KeyIO           MODE: declarations took 0 ms 
335601     INFO  Test worker     d.u.i.k.n.KeyIO           Parsing took 0 ms 
335601     INFO  Test worker     d.u.i.k.n.KeyIO           MODE: declarations took 0 ms 
335601     INFO  Test worker     d.u.i.k.n.KeyIO           Parsing took 0 ms 
335601     INFO  Test worker     d.u.i.k.n.KeyIO           MODE: declarations took 0 ms 
335601     INFO  Test worker     d.u.i.k.n.KeyIO           Parsing took 0 ms 
335601     INFO  Test worker     d.u.i.k.n.KeyIO           MODE: declarations took 0 ms 
335601     INFO  Test worker     d.u.i.k.n.KeyIO           Parsing took 0 ms 
335601     INFO  Test worker     d.u.i.k.n.KeyIO           MODE: declarations took 0 ms 
338681     INFO  Test worker     d.u.i.k.n.KeyIO           Parsing took 0 ms 
338681     INFO  Test worker     d.u.i.k.n.KeyIO           MODE: declarations took 0 ms 
338681     INFO  Test worker     d.u.i.k.n.KeyIO           Parsing took 0 ms 
338681     INFO  Test worker     d.u.i.k.n.KeyIO           MODE: declarations took 0 ms 
338681     INFO  Test worker     d.u.i.k.n.KeyIO           Parsing took 0 ms 
338681     INFO  Test worker     d.u.i.k.n.KeyIO           MODE: declarations took 0 ms 
338681     INFO  Test worker     d.u.i.k.n.KeyIO           Parsing took 0 ms 
338681     INFO  Test worker     d.u.i.k.n.KeyIO           MODE: declarations took 0 ms 
338681     INFO  Test worker     d.u.i.k.n.KeyIO           Parsing took 0 ms 
338681     INFO  Test worker     d.u.i.k.n.KeyIO           MODE: declarations took 0 ms 
341793     INFO  Test worker     d.u.i.k.n.KeyIO           Parsing took 0 ms 
341793     INFO  Test worker     d.u.i.k.n.KeyIO           MODE: declarations took 0 ms 
341793     INFO  Test worker     d.u.i.k.n.KeyIO           Parsing took 0 ms 
341793     INFO  Test worker     d.u.i.k.n.KeyIO           MODE: declarations took 0 ms 
341793     INFO  Test worker     d.u.i.k.n.KeyIO           Parsing took 0 ms 
341793     INFO  Test worker     d.u.i.k.n.KeyIO           MODE: declarations took 0 ms 
341793     INFO  Test worker     d.u.i.k.n.KeyIO           Parsing took 0 ms 
341793     INFO  Test worker     d.u.i.k.n.KeyIO           MODE: declarations took 0 ms 
341793     INFO  Test worker     d.u.i.k.n.KeyIO           Parsing took 0 ms 
341793     INFO  Test worker     d.u.i.k.n.KeyIO           MODE: declarations took 0 ms 
344856     INFO  Test worker     d.u.i.k.n.KeyIO           Parsing took 0 ms 
344856     INFO  Test worker     d.u.i.k.n.KeyIO           MODE: declarations took 0 ms 
344856     INFO  Test worker     d.u.i.k.n.KeyIO           Parsing took 0 ms 
344856     INFO  Test worker     d.u.i.k.n.KeyIO           MODE: declarations took 0 ms 
344856     INFO  Test worker     d.u.i.k.n.KeyIO           Parsing took 0 ms 
344872     INFO  Test worker     d.u.i.k.n.KeyIO           MODE: declarations took 16 ms 
344872     INFO  Test worker     d.u.i.k.n.KeyIO           Parsing took 0 ms 
344872     INFO  Test worker     d.u.i.k.n.KeyIO           MODE: declarations took 0 ms 
344872     INFO  Test worker     d.u.i.k.n.KeyIO           Parsing took 0 ms 
344872     INFO  Test worker     d.u.i.k.n.KeyIO           MODE: declarations took 0 ms 
347921     INFO  Test worker     d.u.i.k.n.KeyIO           Parsing took 0 ms 
347921     INFO  Test worker     d.u.i.k.n.KeyIO           MODE: declarations took 0 ms 
347921     INFO  Test worker     d.u.i.k.n.KeyIO           Parsing took 0 ms 
347921     INFO  Test worker     d.u.i.k.n.KeyIO           MODE: declarations took 0 ms 
347921     INFO  Test worker     d.u.i.k.n.KeyIO           Parsing took 0 ms 
347921     INFO  Test worker     d.u.i.k.n.KeyIO           MODE: declarations took 0 ms 
347921     INFO  Test worker     d.u.i.k.n.KeyIO           Parsing took 0 ms 
347921     INFO  Test worker     d.u.i.k.n.KeyIO           MODE: declarations took 0 ms 
347936     INFO  Test worker     d.u.i.k.n.KeyIO           Parsing took 0 ms 
347937     INFO  Test worker     d.u.i.k.n.KeyIO           MODE: declarations took 0 ms 
351033     INFO  Test worker     d.u.i.k.n.KeyIO           Parsing took 0 ms 
351033     INFO  Test worker     d.u.i.k.n.KeyIO           MODE: declarations took 0 ms 
351033     INFO  Test worker     d.u.i.k.n.KeyIO           Parsing took 0 ms 
351033     INFO  Test worker     d.u.i.k.n.KeyIO           MODE: declarations took 0 ms 
351033     INFO  Test worker     d.u.i.k.n.KeyIO           Parsing took 0 ms 
351033     INFO  Test worker     d.u.i.k.n.KeyIO           MODE: declarations took 0 ms 
351033     INFO  Test worker     d.u.i.k.n.KeyIO           Parsing took 0 ms 
351033     INFO  Test worker     d.u.i.k.n.KeyIO           MODE: declarations took 0 ms 
351033     INFO  Test worker     d.u.i.k.n.KeyIO           Parsing took 0 ms 
351033     INFO  Test worker     d.u.i.k.n.KeyIO           MODE: declarations took 0 ms 
354082     INFO  Test worker     d.u.i.k.n.KeyIO           Parsing took 0 ms 
354082     INFO  Test worker     d.u.i.k.n.KeyIO           MODE: declarations took 0 ms 
354082     INFO  Test worker     d.u.i.k.n.KeyIO           Parsing took 0 ms 
354082     INFO  Test worker     d.u.i.k.n.KeyIO           MODE: declarations took 0 ms 
354082     INFO  Test worker     d.u.i.k.n.KeyIO           Parsing took 0 ms 
354082     INFO  Test worker     d.u.i.k.n.KeyIO           MODE: declarations took 0 ms 
354082     INFO  Test worker     d.u.i.k.n.KeyIO           Parsing took 0 ms 
354082     INFO  Test worker     d.u.i.k.n.KeyIO           MODE: declarations took 0 ms 
354082     INFO  Test worker     d.u.i.k.n.KeyIO           Parsing took 0 ms 
354082     INFO  Test worker     d.u.i.k.n.KeyIO           MODE: declarations took 0 ms 
357083     INFO  Test worker     d.u.i.k.n.KeyIO           Parsing took 0 ms 
357083     INFO  Test worker     d.u.i.k.n.KeyIO           MODE: declarations took 0 ms 
357083     INFO  Test worker     d.u.i.k.n.KeyIO           Parsing took 0 ms 
357083     INFO  Test worker     d.u.i.k.n.KeyIO           MODE: declarations took 0 ms 
357083     INFO  Test worker     d.u.i.k.n.KeyIO           Parsing took 0 ms 
357083     INFO  Test worker     d.u.i.k.n.KeyIO           MODE: declarations took 0 ms 
357083     INFO  Test worker     d.u.i.k.n.KeyIO           Parsing took 0 ms 
357083     INFO  Test worker     d.u.i.k.n.KeyIO           MODE: declarations took 0 ms 
357083     INFO  Test worker     d.u.i.k.n.KeyIO           Parsing took 0 ms 
357083     INFO  Test worker     d.u.i.k.n.KeyIO           MODE: declarations took 0 ms 
357083     WARN  Test worker     d.u.i.k.n.KeYParser       [syntax-error] <unknown>:1:11: mismatched input '@' expecting {'/', ':=', '.', '(', ')', '{', '[', '@', PARALLEL, OR, AND, IMP, '=', NOT_EQUALS, '%', '*', '-', '+', '>', GREATEREQUAL, '<', LESSEQUAL, LGUILLEMETS, EQV} [@11,11:11='@',<153>,1:11] (termEOF) 
360179     INFO  Test worker     d.u.i.k.n.KeyIO           Parsing took 0 ms 
360179     INFO  Test worker     d.u.i.k.n.KeyIO           MODE: declarations took 0 ms 
360179     INFO  Test worker     d.u.i.k.n.KeyIO           Parsing took 0 ms 
360179     INFO  Test worker     d.u.i.k.n.KeyIO           MODE: declarations took 0 ms 
360179     INFO  Test worker     d.u.i.k.n.KeyIO           Parsing took 0 ms 
360179     INFO  Test worker     d.u.i.k.n.KeyIO           MODE: declarations took 0 ms 
360179     INFO  Test worker     d.u.i.k.n.KeyIO           Parsing took 0 ms 
360179     INFO  Test worker     d.u.i.k.n.KeyIO           MODE: declarations took 0 ms 
360179     INFO  Test worker     d.u.i.k.n.KeyIO           Parsing took 0 ms 
360179     INFO  Test worker     d.u.i.k.n.KeyIO           MODE: declarations took 0 ms 
363196     INFO  Test worker     d.u.i.k.n.KeyIO           Parsing took 0 ms 
363196     INFO  Test worker     d.u.i.k.n.KeyIO           MODE: declarations took 0 ms 
363196     INFO  Test worker     d.u.i.k.n.KeyIO           Parsing took 0 ms 
363196     INFO  Test worker     d.u.i.k.n.KeyIO           MODE: declarations took 0 ms 
363196     INFO  Test worker     d.u.i.k.n.KeyIO           Parsing took 0 ms 
363196     INFO  Test worker     d.u.i.k.n.KeyIO           MODE: declarations took 0 ms 
363196     INFO  Test worker     d.u.i.k.n.KeyIO           Parsing took 0 ms 
363196     INFO  Test worker     d.u.i.k.n.KeyIO           MODE: declarations took 0 ms 
363212     INFO  Test worker     d.u.i.k.n.KeyIO           Parsing took 0 ms 
363212     INFO  Test worker     d.u.i.k.n.KeyIO           MODE: declarations took 0 ms 
366229     INFO  Test worker     d.u.i.k.n.KeyIO           Parsing took 0 ms 
366229     INFO  Test worker     d.u.i.k.n.KeyIO           MODE: declarations took 0 ms 
366229     INFO  Test worker     d.u.i.k.n.KeyIO           Parsing took 0 ms 
366229     INFO  Test worker     d.u.i.k.n.KeyIO           MODE: declarations took 0 ms 
366229     INFO  Test worker     d.u.i.k.n.KeyIO           Parsing took 0 ms 
366229     INFO  Test worker     d.u.i.k.n.KeyIO           MODE: declarations took 0 ms 
366229     INFO  Test worker     d.u.i.k.n.KeyIO           Parsing took 0 ms 
366229     INFO  Test worker     d.u.i.k.n.KeyIO           MODE: declarations took 0 ms 
366229     INFO  Test worker     d.u.i.k.n.KeyIO           Parsing took 0 ms 
366229     INFO  Test worker     d.u.i.k.n.KeyIO           MODE: declarations took 0 ms 
369262     INFO  Test worker     d.u.i.k.n.KeyIO           Parsing took 0 ms 
369262     INFO  Test worker     d.u.i.k.n.KeyIO           MODE: declarations took 0 ms 
369262     INFO  Test worker     d.u.i.k.n.KeyIO           Parsing took 0 ms 
369262     INFO  Test worker     d.u.i.k.n.KeyIO           MODE: declarations took 0 ms 
369262     INFO  Test worker     d.u.i.k.n.KeyIO           Parsing took 0 ms 
369262     INFO  Test worker     d.u.i.k.n.KeyIO           MODE: declarations took 0 ms 
369262     INFO  Test worker     d.u.i.k.n.KeyIO           Parsing took 0 ms 
369262     INFO  Test worker     d.u.i.k.n.KeyIO           MODE: declarations took 0 ms 
369262     INFO  Test worker     d.u.i.k.n.KeyIO           Parsing took 0 ms 
369262     INFO  Test worker     d.u.i.k.n.KeyIO           MODE: declarations took 0 ms 
372358     INFO  Test worker     d.u.i.k.n.KeyIO           Parsing took 0 ms 
372358     INFO  Test worker     d.u.i.k.n.KeyIO           MODE: declarations took 0 ms 
372358     INFO  Test worker     d.u.i.k.n.KeyIO           Parsing took 0 ms 
372358     INFO  Test worker     d.u.i.k.n.KeyIO           MODE: declarations took 0 ms 
372358     INFO  Test worker     d.u.i.k.n.KeyIO           Parsing took 0 ms 
372358     INFO  Test worker     d.u.i.k.n.KeyIO           MODE: declarations took 0 ms 
372358     INFO  Test worker     d.u.i.k.n.KeyIO           Parsing took 0 ms 
372358     INFO  Test worker     d.u.i.k.n.KeyIO           MODE: declarations took 0 ms 
372358     INFO  Test worker     d.u.i.k.n.KeyIO           Parsing took 0 ms 
372358     INFO  Test worker     d.u.i.k.n.KeyIO           MODE: declarations took 0 ms 
375328     INFO  Test worker     d.u.i.k.n.KeyIO           Parsing took 0 ms 
375328     INFO  Test worker     d.u.i.k.n.KeyIO           MODE: declarations took 0 ms 
375328     INFO  Test worker     d.u.i.k.n.KeyIO           Parsing took 0 ms 
375343     INFO  Test worker     d.u.i.k.n.KeyIO           MODE: declarations took 0 ms 
375343     INFO  Test worker     d.u.i.k.n.KeyIO           Parsing took 0 ms 
375343     INFO  Test worker     d.u.i.k.n.KeyIO           MODE: declarations took 0 ms 
375343     INFO  Test worker     d.u.i.k.n.KeyIO           Parsing took 0 ms 
375343     INFO  Test worker     d.u.i.k.n.KeyIO           MODE: declarations took 0 ms 
375343     INFO  Test worker     d.u.i.k.n.KeyIO           Parsing took 0 ms 
375343     INFO  Test worker     d.u.i.k.n.KeyIO           MODE: declarations took 0 ms 
378314     INFO  Test worker     d.u.i.k.n.KeyIO           Parsing took 0 ms 
378314     INFO  Test worker     d.u.i.k.n.KeyIO           MODE: declarations took 0 ms 
378314     INFO  Test worker     d.u.i.k.n.KeyIO           Parsing took 0 ms 
378314     INFO  Test worker     d.u.i.k.n.KeyIO           MODE: declarations took 0 ms 
378314     INFO  Test worker     d.u.i.k.n.KeyIO           Parsing took 0 ms 
378314     INFO  Test worker     d.u.i.k.n.KeyIO           MODE: declarations took 0 ms 
378314     INFO  Test worker     d.u.i.k.n.KeyIO           Parsing took 0 ms 
378314     INFO  Test worker     d.u.i.k.n.KeyIO           MODE: declarations took 0 ms 
378314     INFO  Test worker     d.u.i.k.n.KeyIO           Parsing took 0 ms 
378314     INFO  Test worker     d.u.i.k.n.KeyIO           MODE: declarations took 0 ms 
381410     INFO  Test worker     d.u.i.k.n.KeyIO           Parsing took 0 ms 
381410     INFO  Test worker     d.u.i.k.n.KeyIO           MODE: declarations took 0 ms 
381410     INFO  Test worker     d.u.i.k.n.KeyIO           Parsing took 0 ms 
381410     INFO  Test worker     d.u.i.k.n.KeyIO           MODE: declarations took 0 ms 
381410     INFO  Test worker     d.u.i.k.n.KeyIO           Parsing took 0 ms 
381410     INFO  Test worker     d.u.i.k.n.KeyIO           MODE: declarations took 0 ms 
381410     INFO  Test worker     d.u.i.k.n.KeyIO           Parsing took 0 ms 
381410     INFO  Test worker     d.u.i.k.n.KeyIO           MODE: declarations took 0 ms 
381410     INFO  Test worker     d.u.i.k.n.KeyIO           Parsing took 0 ms 
381410     INFO  Test worker     d.u.i.k.n.KeyIO           MODE: declarations took 0 ms 
384443     INFO  Test worker     d.u.i.k.n.KeyIO           Parsing took 0 ms 
384443     INFO  Test worker     d.u.i.k.n.KeyIO           MODE: declarations took 0 ms 
384443     INFO  Test worker     d.u.i.k.n.KeyIO           Parsing took 0 ms 
384443     INFO  Test worker     d.u.i.k.n.KeyIO           MODE: declarations took 0 ms 
384443     INFO  Test worker     d.u.i.k.n.KeyIO           Parsing took 0 ms 
384443     INFO  Test worker     d.u.i.k.n.KeyIO           MODE: declarations took 0 ms 
384443     INFO  Test worker     d.u.i.k.n.KeyIO           Parsing took 0 ms 
384443     INFO  Test worker     d.u.i.k.n.KeyIO           MODE: declarations took 0 ms 
384443     INFO  Test worker     d.u.i.k.n.KeyIO           Parsing took 0 ms 
384443     INFO  Test worker     d.u.i.k.n.KeyIO           MODE: declarations took 0 ms 
387444     INFO  Test worker     d.u.i.k.n.KeyIO           Parsing took 0 ms 
387444     INFO  Test worker     d.u.i.k.n.KeyIO           MODE: declarations took 0 ms 
387444     INFO  Test worker     d.u.i.k.n.KeyIO           Parsing took 0 ms 
387444     INFO  Test worker     d.u.i.k.n.KeyIO           MODE: declarations took 0 ms 
387444     INFO  Test worker     d.u.i.k.n.KeyIO           Parsing took 0 ms 
387444     INFO  Test worker     d.u.i.k.n.KeyIO           MODE: declarations took 0 ms 
387444     INFO  Test worker     d.u.i.k.n.KeyIO           Parsing took 0 ms 
387444     INFO  Test worker     d.u.i.k.n.KeyIO           MODE: declarations took 0 ms 
387444     INFO  Test worker     d.u.i.k.n.KeyIO           Parsing took 0 ms 
387444     INFO  Test worker     d.u.i.k.n.KeyIO           MODE: declarations took 0 ms 
390492     INFO  Test worker     d.u.i.k.n.KeyIO           Parsing took 0 ms 
390492     INFO  Test worker     d.u.i.k.n.KeyIO           MODE: declarations took 0 ms 
390492     INFO  Test worker     d.u.i.k.n.KeyIO           Parsing took 0 ms 
390492     INFO  Test worker     d.u.i.k.n.KeyIO           MODE: declarations took 0 ms 
390492     INFO  Test worker     d.u.i.k.n.KeyIO           Parsing took 0 ms 
390492     INFO  Test worker     d.u.i.k.n.KeyIO           MODE: declarations took 0 ms 
390492     INFO  Test worker     d.u.i.k.n.KeyIO           Parsing took 0 ms 
390492     INFO  Test worker     d.u.i.k.n.KeyIO           MODE: declarations took 0 ms 
390492     INFO  Test worker     d.u.i.k.n.KeyIO           Parsing took 0 ms 
390492     INFO  Test worker     d.u.i.k.n.KeyIO           MODE: declarations took 0 ms 
393479     INFO  Test worker     d.u.i.k.n.KeyIO           Parsing took 0 ms 
393479     INFO  Test worker     d.u.i.k.n.KeyIO           MODE: declarations took 0 ms 
393479     INFO  Test worker     d.u.i.k.n.KeyIO           Parsing took 0 ms 
393479     INFO  Test worker     d.u.i.k.n.KeyIO           MODE: declarations took 0 ms 
393479     INFO  Test worker     d.u.i.k.n.KeyIO           Parsing took 0 ms 
393479     INFO  Test worker     d.u.i.k.n.KeyIO           MODE: declarations took 0 ms 
393479     INFO  Test worker     d.u.i.k.n.KeyIO           Parsing took 0 ms 
393479     INFO  Test worker     d.u.i.k.n.KeyIO           MODE: declarations took 0 ms 
393479     INFO  Test worker     d.u.i.k.n.KeyIO           Parsing took 0 ms 
393479     INFO  Test worker     d.u.i.k.n.KeyIO           MODE: declarations took 0 ms 
396542     INFO  Test worker     d.u.i.k.n.KeyIO           Parsing took 0 ms 
396542     INFO  Test worker     d.u.i.k.n.KeyIO           MODE: declarations took 0 ms 
396542     INFO  Test worker     d.u.i.k.n.KeyIO           Parsing took 0 ms 
396542     INFO  Test worker     d.u.i.k.n.KeyIO           MODE: declarations took 0 ms 
396542     INFO  Test worker     d.u.i.k.n.KeyIO           Parsing took 0 ms 
396542     INFO  Test worker     d.u.i.k.n.KeyIO           MODE: declarations took 0 ms 
396542     INFO  Test worker     d.u.i.k.n.KeyIO           Parsing took 0 ms 
396542     INFO  Test worker     d.u.i.k.n.KeyIO           MODE: declarations took 0 ms 
396542     INFO  Test worker     d.u.i.k.n.KeyIO           Parsing took 0 ms 
396542     INFO  Test worker     d.u.i.k.n.KeyIO           MODE: declarations took 0 ms 
399545     INFO  Test worker     d.u.i.k.n.KeyIO           Parsing took 0 ms 
399545     INFO  Test worker     d.u.i.k.n.KeyIO           MODE: declarations took 0 ms 
399545     INFO  Test worker     d.u.i.k.n.KeyIO           Parsing took 0 ms 
399545     INFO  Test worker     d.u.i.k.n.KeyIO           MODE: declarations took 0 ms 
399545     INFO  Test worker     d.u.i.k.n.KeyIO           Parsing took 0 ms 
399545     INFO  Test worker     d.u.i.k.n.KeyIO           MODE: declarations took 0 ms 
399545     INFO  Test worker     d.u.i.k.n.KeyIO           Parsing took 0 ms 
399561     INFO  Test worker     d.u.i.k.n.KeyIO           MODE: declarations took 0 ms 
399561     INFO  Test worker     d.u.i.k.n.KeyIO           Parsing took 0 ms 
399561     INFO  Test worker     d.u.i.k.n.KeyIO           MODE: declarations took 0 ms 
402563     INFO  Test worker     d.u.i.k.n.KeyIO           Parsing took 0 ms 
402563     INFO  Test worker     d.u.i.k.n.KeyIO           MODE: declarations took 0 ms 
402563     INFO  Test worker     d.u.i.k.n.KeyIO           Parsing took 0 ms 
402563     INFO  Test worker     d.u.i.k.n.KeyIO           MODE: declarations took 0 ms 
402563     INFO  Test worker     d.u.i.k.n.KeyIO           Parsing took 0 ms 
402563     INFO  Test worker     d.u.i.k.n.KeyIO           MODE: declarations took 0 ms 
402563     INFO  Test worker     d.u.i.k.n.KeyIO           Parsing took 0 ms 
402563     INFO  Test worker     d.u.i.k.n.KeyIO           MODE: declarations took 0 ms 
402563     INFO  Test worker     d.u.i.k.n.KeyIO           Parsing took 0 ms 
402563     INFO  Test worker     d.u.i.k.n.KeyIO           MODE: declarations took 0 ms 
405611     INFO  Test worker     d.u.i.k.n.KeyIO           Parsing took 0 ms 
405611     INFO  Test worker     d.u.i.k.n.KeyIO           MODE: declarations took 0 ms 
405611     INFO  Test worker     d.u.i.k.n.KeyIO           Parsing took 0 ms 
405611     INFO  Test worker     d.u.i.k.n.KeyIO           MODE: declarations took 0 ms 
405611     INFO  Test worker     d.u.i.k.n.KeyIO           Parsing took 0 ms 
405611     INFO  Test worker     d.u.i.k.n.KeyIO           MODE: declarations took 0 ms 
405611     INFO  Test worker     d.u.i.k.n.KeyIO           Parsing took 0 ms 
405611     INFO  Test worker     d.u.i.k.n.KeyIO           MODE: declarations took 0 ms 
405611     INFO  Test worker     d.u.i.k.n.KeyIO           Parsing took 0 ms 
405611     INFO  Test worker     d.u.i.k.n.KeyIO           MODE: declarations took 0 ms 
408598     INFO  Test worker     d.u.i.k.n.KeyIO           Parsing took 0 ms 
408598     INFO  Test worker     d.u.i.k.n.KeyIO           MODE: declarations took 0 ms 
408598     INFO  Test worker     d.u.i.k.n.KeyIO           Parsing took 0 ms 
408598     INFO  Test worker     d.u.i.k.n.KeyIO           MODE: declarations took 0 ms 
408598     INFO  Test worker     d.u.i.k.n.KeyIO           Parsing took 0 ms 
408598     INFO  Test worker     d.u.i.k.n.KeyIO           MODE: declarations took 0 ms 
408598     INFO  Test worker     d.u.i.k.n.KeyIO           Parsing took 0 ms 
408598     INFO  Test worker     d.u.i.k.n.KeyIO           MODE: declarations took 0 ms 
408598     INFO  Test worker     d.u.i.k.n.KeyIO           Parsing took 0 ms 
408598     INFO  Test worker     d.u.i.k.n.KeyIO           MODE: declarations took 0 ms 
411600     INFO  Test worker     d.u.i.k.n.KeyIO           Parsing took 0 ms 
411600     INFO  Test worker     d.u.i.k.n.KeyIO           MODE: declarations took 0 ms 
411600     INFO  Test worker     d.u.i.k.n.KeyIO           Parsing took 0 ms 
411600     INFO  Test worker     d.u.i.k.n.KeyIO           MODE: declarations took 0 ms 
411600     INFO  Test worker     d.u.i.k.n.KeyIO           Parsing took 0 ms 
411600     INFO  Test worker     d.u.i.k.n.KeyIO           MODE: declarations took 0 ms 
411600     INFO  Test worker     d.u.i.k.n.KeyIO           Parsing took 0 ms 
411600     INFO  Test worker     d.u.i.k.n.KeyIO           MODE: declarations took 0 ms 
411600     INFO  Test worker     d.u.i.k.n.KeyIO           Parsing took 0 ms 
411600     INFO  Test worker     d.u.i.k.n.KeyIO           MODE: declarations took 0 ms 
414586     INFO  Test worker     d.u.i.k.n.KeyIO           Parsing took 0 ms 
414586     INFO  Test worker     d.u.i.k.n.KeyIO           MODE: declarations took 0 ms 
414586     INFO  Test worker     d.u.i.k.n.KeyIO           Parsing took 0 ms 
414586     INFO  Test worker     d.u.i.k.n.KeyIO           MODE: declarations took 0 ms 
414586     INFO  Test worker     d.u.i.k.n.KeyIO           Parsing took 0 ms 
414586     INFO  Test worker     d.u.i.k.n.KeyIO           MODE: declarations took 0 ms 
414586     INFO  Test worker     d.u.i.k.n.KeyIO           Parsing took 0 ms 
414586     INFO  Test worker     d.u.i.k.n.KeyIO           MODE: declarations took 0 ms 
414586     INFO  Test worker     d.u.i.k.n.KeyIO           Parsing took 0 ms 
414586     INFO  Test worker     d.u.i.k.n.KeyIO           MODE: declarations took 0 ms 
417619     INFO  Test worker     d.u.i.k.n.KeyIO           Parsing took 0 ms 
417619     INFO  Test worker     d.u.i.k.n.KeyIO           MODE: declarations took 0 ms 
417619     INFO  Test worker     d.u.i.k.n.KeyIO           Parsing took 0 ms 
417619     INFO  Test worker     d.u.i.k.n.KeyIO           MODE: declarations took 0 ms 
417619     INFO  Test worker     d.u.i.k.n.KeyIO           Parsing took 0 ms 
417619     INFO  Test worker     d.u.i.k.n.KeyIO           MODE: declarations took 0 ms 
417619     INFO  Test worker     d.u.i.k.n.KeyIO           Parsing took 0 ms 
417619     INFO  Test worker     d.u.i.k.n.KeyIO           MODE: declarations took 0 ms 
417619     INFO  Test worker     d.u.i.k.n.KeyIO           Parsing took 0 ms 
417619     INFO  Test worker     d.u.i.k.n.KeyIO           MODE: declarations took 0 ms 
420714     INFO  Test worker     d.u.i.k.n.KeyIO           Parsing took 0 ms 
420714     INFO  Test worker     d.u.i.k.n.KeyIO           MODE: declarations took 0 ms 
420714     INFO  Test worker     d.u.i.k.n.KeyIO           Parsing took 0 ms 
420714     INFO  Test worker     d.u.i.k.n.KeyIO           MODE: declarations took 0 ms 
420714     INFO  Test worker     d.u.i.k.n.KeyIO           Parsing took 0 ms 
420714     INFO  Test worker     d.u.i.k.n.KeyIO           MODE: declarations took 0 ms 
420714     INFO  Test worker     d.u.i.k.n.KeyIO           Parsing took 0 ms 
420714     INFO  Test worker     d.u.i.k.n.KeyIO           MODE: declarations took 0 ms 
420714     INFO  Test worker     d.u.i.k.n.KeyIO           Parsing took 0 ms 
420714     INFO  Test worker     d.u.i.k.n.KeyIO           MODE: declarations took 0 ms 
423763     INFO  Test worker     d.u.i.k.n.KeyIO           Parsing took 0 ms 
423763     INFO  Test worker     d.u.i.k.n.KeyIO           MODE: declarations took 0 ms 
423763     INFO  Test worker     d.u.i.k.n.KeyIO           Parsing took 0 ms 
423763     INFO  Test worker     d.u.i.k.n.KeyIO           MODE: declarations took 0 ms 
423763     INFO  Test worker     d.u.i.k.n.KeyIO           Parsing took 0 ms 
423763     INFO  Test worker     d.u.i.k.n.KeyIO           MODE: declarations took 0 ms 
423763     INFO  Test worker     d.u.i.k.n.KeyIO           Parsing took 0 ms 
423763     INFO  Test worker     d.u.i.k.n.KeyIO           MODE: declarations took 0 ms 
423763     INFO  Test worker     d.u.i.k.n.KeyIO           Parsing took 0 ms 
423763     INFO  Test worker     d.u.i.k.n.KeyIO           MODE: declarations took 0 ms 
426748     INFO  Test worker     d.u.i.k.n.KeyIO           Parsing took 0 ms 
426748     INFO  Test worker     d.u.i.k.n.KeyIO           MODE: declarations took 0 ms 
426748     INFO  Test worker     d.u.i.k.n.KeyIO           Parsing took 0 ms 
426748     INFO  Test worker     d.u.i.k.n.KeyIO           MODE: declarations took 0 ms 
426748     INFO  Test worker     d.u.i.k.n.KeyIO           Parsing took 0 ms 
426748     INFO  Test worker     d.u.i.k.n.KeyIO           MODE: declarations took 0 ms 
426748     INFO  Test worker     d.u.i.k.n.KeyIO           Parsing took 0 ms 
426748     INFO  Test worker     d.u.i.k.n.KeyIO           MODE: declarations took 0 ms 
426748     INFO  Test worker     d.u.i.k.n.KeyIO           Parsing took 0 ms 
426748     INFO  Test worker     d.u.i.k.n.KeyIO           MODE: declarations took 0 ms 
429704     INFO  Test worker     d.u.i.k.n.KeyIO           Parsing took 0 ms 
429704     INFO  Test worker     d.u.i.k.n.KeyIO           MODE: declarations took 0 ms 
429704     INFO  Test worker     d.u.i.k.n.KeyIO           Parsing took 0 ms 
429704     INFO  Test worker     d.u.i.k.n.KeyIO           MODE: declarations took 0 ms 
429704     INFO  Test worker     d.u.i.k.n.KeyIO           Parsing took 0 ms 
429704     INFO  Test worker     d.u.i.k.n.KeyIO           MODE: declarations took 0 ms 
429704     INFO  Test worker     d.u.i.k.n.KeyIO           Parsing took 0 ms 
429704     INFO  Test worker     d.u.i.k.n.KeyIO           MODE: declarations took 0 ms 
429704     INFO  Test worker     d.u.i.k.n.KeyIO           Parsing took 0 ms 
429704     INFO  Test worker     d.u.i.k.n.KeyIO           MODE: declarations took 0 ms 
]]></system-out>
  <system-err><![CDATA[]]></system-err>
</testsuite>
