<?xml version="1.0" encoding="UTF-8"?>
<testsuite name="de.uka.ilkd.key.parser.TestTermParser" tests="47" skipped="4" failures="0" errors="0" timestamp="2023-04-19T12:59:47" hostname="fv-az206-546" time="3.83">
  <properties/>
  <testcase name="testNotEqual()" classname="de.uka.ilkd.key.parser.TestTermParser" time="0.002"/>
  <testcase name="testProgramVariables()" classname="de.uka.ilkd.key.parser.TestTermParser" time="0.054"/>
  <testcase name="testAttributeWithSpecifiedSortOnObject()" classname="de.uka.ilkd.key.parser.TestTermParser" time="0.018"/>
  <testcase name="testCast()" classname="de.uka.ilkd.key.parser.TestTermParser" time="0.003"/>
  <testcase name="testJavaQueryAndAttribute_all()" classname="de.uka.ilkd.key.parser.TestTermParser" time="0.001">
    <skipped/>
  </testcase>
  <testcase name="test10()" classname="de.uka.ilkd.key.parser.TestTermParser" time="0.005"/>
  <testcase name="test11()" classname="de.uka.ilkd.key.parser.TestTermParser" time="0.003"/>
  <testcase name="test12()" classname="de.uka.ilkd.key.parser.TestTermParser" time="0.0">
    <skipped/>
  </testcase>
  <testcase name="test13()" classname="de.uka.ilkd.key.parser.TestTermParser" time="0.006"/>
  <testcase name="test14()" classname="de.uka.ilkd.key.parser.TestTermParser" time="0.008"/>
  <testcase name="test1a()" classname="de.uka.ilkd.key.parser.TestTermParser" time="0.003"/>
  <testcase name="testJavaAttributeAccess_4()" classname="de.uka.ilkd.key.parser.TestTermParser" time="0.003"/>
  <testcase name="testAttributeOnObject()" classname="de.uka.ilkd.key.parser.TestTermParser" time="0.004"/>
  <testcase name="testNegativeLiteralParsing1()" classname="de.uka.ilkd.key.parser.TestTermParser" time="0.002"/>
  <testcase name="testNegativeLiteralParsing2()" classname="de.uka.ilkd.key.parser.TestTermParser" time="0.001"/>
  <testcase name="testNegativeLiteralParsing3()" classname="de.uka.ilkd.key.parser.TestTermParser" time="0.001"/>
  <testcase name="xtestParsingArrayWithSpaces()" classname="de.uka.ilkd.key.parser.TestTermParser" time="0.0">
    <skipped/>
  </testcase>
  <testcase name="testAmbigiousFuncVarPred()" classname="de.uka.ilkd.key.parser.TestTermParser" time="0.002"/>
  <testcase name="test1()" classname="de.uka.ilkd.key.parser.TestTermParser" time="0.003"/>
  <testcase name="test2()" classname="de.uka.ilkd.key.parser.TestTermParser" time="0.002"/>
  <testcase name="test3()" classname="de.uka.ilkd.key.parser.TestTermParser" time="0.002"/>
  <testcase name="test5()" classname="de.uka.ilkd.key.parser.TestTermParser" time="0.003"/>
  <testcase name="test6()" classname="de.uka.ilkd.key.parser.TestTermParser" time="0.003"/>
  <testcase name="test7()" classname="de.uka.ilkd.key.parser.TestTermParser" time="0.001"/>
  <testcase name="test8()" classname="de.uka.ilkd.key.parser.TestTermParser" time="0.002"/>
  <testcase name="test9()" classname="de.uka.ilkd.key.parser.TestTermParser" time="0.002"/>
  <testcase name="testBindingUpdateTerm()" classname="de.uka.ilkd.key.parser.TestTermParser" time="0.003"/>
  <testcase name="testJavaStaticQuery()" classname="de.uka.ilkd.key.parser.TestTermParser" time="0.004"/>
  <testcase name="testInfix1()" classname="de.uka.ilkd.key.parser.TestTermParser" time="0.003"/>
  <testcase name="testInfix2()" classname="de.uka.ilkd.key.parser.TestTermParser" time="0.003"/>
  <testcase name="testInfix3()" classname="de.uka.ilkd.key.parser.TestTermParser" time="0.004"/>
  <testcase name="testInfix4()" classname="de.uka.ilkd.key.parser.TestTermParser" time="0.003"/>
  <testcase name="testIfThenElse()" classname="de.uka.ilkd.key.parser.TestTermParser" time="0.003"/>
  <testcase name="testJavaAttributeAccessBoth_1()" classname="de.uka.ilkd.key.parser.TestTermParser" time="0.004"/>
  <testcase name="testJavaAttributeAccessBoth_2()" classname="de.uka.ilkd.key.parser.TestTermParser" time="0.003"/>
  <testcase name="testJavaAttributeAccessBoth_3()" classname="de.uka.ilkd.key.parser.TestTermParser" time="0.004"/>
  <testcase name="testBindingUpdateTerm_1()" classname="de.uka.ilkd.key.parser.TestTermParser" time="0.002"/>
  <testcase name="testBindingUpdateTerm_3()" classname="de.uka.ilkd.key.parser.TestTermParser" time="0.03"/>
  <testcase name="testBindingUpdateTerm_4()" classname="de.uka.ilkd.key.parser.TestTermParser" time="0.011"/>
  <testcase name="testBindingUpdateTerm_5()" classname="de.uka.ilkd.key.parser.TestTermParser" time="0.004"/>
  <testcase name="testBindingUpdateTerm_6()" classname="de.uka.ilkd.key.parser.TestTermParser" time="0.003"/>
  <testcase name="testBindingUpdateTerm_7()" classname="de.uka.ilkd.key.parser.TestTermParser" time="0.116"/>
  <testcase name="testBindingUpdateTerm_8()" classname="de.uka.ilkd.key.parser.TestTermParser" time="0.003"/>
  <testcase name="testParsingArray()" classname="de.uka.ilkd.key.parser.TestTermParser" time="0.011"/>
  <testcase name="xtestBindingUpdateTermOldBindingAlternative()" classname="de.uka.ilkd.key.parser.TestTermParser" time="0.001">
    <skipped/>
  </testcase>
  <testcase name="testJavaStaticQueryWithParameter()" classname="de.uka.ilkd.key.parser.TestTermParser" time="0.024"/>
  <testcase name="testParsingArrayCombination()" classname="de.uka.ilkd.key.parser.TestTermParser" time="0.067"/>
  <system-out><![CDATA[306113     INFO  Test worker     d.u.i.k.n.KeyIO           Parsing took 0 ms 
306113     INFO  Test worker     d.u.i.k.n.KeyIO           MODE: declarations took 0 ms 
306128     WARN  Test worker     d.u.i.k.j.r.KeYCrossReferenceNameInfo Datatype T declared twice: Once in UNKNOWN:unknown and once in UNKNOWN:unknown, Keeping one from UNKNOWN:unknown 
306191     INFO  Test worker     d.u.i.k.n.KeyIO           Parsing took 0 ms 
306191     INFO  Test worker     d.u.i.k.n.KeyIO           MODE: declarations took 0 ms 
306238     WARN  Test worker     d.u.i.k.j.r.KeYCrossReferenceNameInfo Datatype T declared twice: Once in UNKNOWN:unknown and once in UNKNOWN:unknown, Keeping one from UNKNOWN:unknown 
306316     INFO  Test worker     d.u.i.k.n.KeyIO           Parsing took 0 ms 
306332     INFO  Test worker     d.u.i.k.n.KeyIO           MODE: declarations took 0 ms 
306332     WARN  Test worker     d.u.i.k.j.r.KeYCrossReferenceNameInfo Datatype T declared twice: Once in UNKNOWN:unknown and once in UNKNOWN:unknown, Keeping one from UNKNOWN:unknown 
306410     INFO  Test worker     d.u.i.k.n.KeyIO           Parsing took 0 ms 
306410     INFO  Test worker     d.u.i.k.n.KeyIO           MODE: declarations took 0 ms 
306410     WARN  Test worker     d.u.i.k.j.r.KeYCrossReferenceNameInfo Datatype T declared twice: Once in UNKNOWN:unknown and once in UNKNOWN:unknown, Keeping one from UNKNOWN:unknown 
306472     WARN  Test worker     d.u.i.k.j.r.KeYCrossReferenceNameInfo Datatype T declared twice: Once in UNKNOWN:unknown and once in UNKNOWN:unknown, Keeping one from UNKNOWN:unknown 
306550     INFO  Test worker     d.u.i.k.n.KeyIO           Parsing took 15 ms 
306550     INFO  Test worker     d.u.i.k.n.KeyIO           MODE: declarations took 0 ms 
306550     INFO  Test worker     d.u.i.k.p.TestTermParser  Out: \<{
  int x = 1;
  {
    int s = 2;
  }
}\> (equals(x,x)) 
306550     WARN  Test worker     d.u.i.k.j.r.KeYCrossReferenceNameInfo Datatype T declared twice: Once in UNKNOWN:unknown and once in UNKNOWN:unknown, Keeping one from UNKNOWN:unknown 
306628     INFO  Test worker     d.u.i.k.n.KeyIO           Parsing took 0 ms 
306628     INFO  Test worker     d.u.i.k.n.KeyIO           MODE: declarations took 0 ms 
306628     INFO  Test worker     d.u.i.k.p.TestTermParser  Out: \[{
  int x = 2;
  {
    String s = ""}";
  }
}\] (true) 
306628     WARN  Test worker     d.u.i.k.j.r.KeYCrossReferenceNameInfo Datatype T declared twice: Once in UNKNOWN:unknown and once in UNKNOWN:unknown, Keeping one from UNKNOWN:unknown 
306692     WARN  Test worker     d.u.i.k.j.r.KeYCrossReferenceNameInfo Datatype T declared twice: Once in UNKNOWN:unknown and once in UNKNOWN:unknown, Keeping one from UNKNOWN:unknown 
306785     INFO  Test worker     d.u.i.k.n.KeyIO           Parsing took 15 ms 
306785     INFO  Test worker     d.u.i.k.n.KeyIO           MODE: declarations took 0 ms 
306785     WARN  Test worker     d.u.i.k.j.r.KeYCrossReferenceNameInfo Datatype T declared twice: Once in UNKNOWN:unknown and once in UNKNOWN:unknown, Keeping one from UNKNOWN:unknown 
306863     INFO  Test worker     d.u.i.k.n.KeyIO           Parsing took 0 ms 
306863     INFO  Test worker     d.u.i.k.n.KeyIO           MODE: declarations took 0 ms 
306863     INFO  Test worker     d.u.i.k.p.TestTermParser  Out: \<{
  int[] i;
}\> (diamond(true)) 
306863     WARN  Test worker     d.u.i.k.j.r.KeYCrossReferenceNameInfo Datatype T declared twice: Once in UNKNOWN:unknown and once in UNKNOWN:unknown, Keeping one from UNKNOWN:unknown 
306957     INFO  Test worker     d.u.i.k.n.KeyIO           Parsing took 0 ms 
306957     INFO  Test worker     d.u.i.k.n.KeyIO           MODE: declarations took 0 ms 
306957     WARN  Test worker     d.u.i.k.j.r.KeYCrossReferenceNameInfo Datatype T declared twice: Once in UNKNOWN:unknown and once in UNKNOWN:unknown, Keeping one from UNKNOWN:unknown 
307035     INFO  Test worker     d.u.i.k.n.KeyIO           Parsing took 0 ms 
307035     INFO  Test worker     d.u.i.k.n.KeyIO           MODE: declarations took 0 ms 
307035     WARN  Test worker     d.u.i.k.j.r.KeYCrossReferenceNameInfo Datatype T declared twice: Once in UNKNOWN:unknown and once in UNKNOWN:unknown, Keeping one from UNKNOWN:unknown 
307098     INFO  Test worker     d.u.i.k.n.KeyIO           Parsing took 0 ms 
307098     INFO  Test worker     d.u.i.k.n.KeyIO           MODE: declarations took 0 ms 
307098     WARN  Test worker     d.u.i.k.j.r.KeYCrossReferenceNameInfo Datatype T declared twice: Once in UNKNOWN:unknown and once in UNKNOWN:unknown, Keeping one from UNKNOWN:unknown 
307176     INFO  Test worker     d.u.i.k.n.KeyIO           Parsing took 0 ms 
307176     INFO  Test worker     d.u.i.k.n.KeyIO           MODE: declarations took 0 ms 
307176     WARN  Test worker     d.u.i.k.j.r.KeYCrossReferenceNameInfo Datatype T declared twice: Once in UNKNOWN:unknown and once in UNKNOWN:unknown, Keeping one from UNKNOWN:unknown 
307239     INFO  Test worker     d.u.i.k.n.KeyIO           Parsing took 0 ms 
307239     INFO  Test worker     d.u.i.k.n.KeyIO           MODE: declarations took 0 ms 
307239     WARN  Test worker     d.u.i.k.j.r.KeYCrossReferenceNameInfo Datatype T declared twice: Once in UNKNOWN:unknown and once in UNKNOWN:unknown, Keeping one from UNKNOWN:unknown 
307332     INFO  Test worker     d.u.i.k.n.KeyIO           Parsing took 0 ms 
307332     INFO  Test worker     d.u.i.k.n.KeyIO           MODE: declarations took 0 ms 
307332     WARN  Test worker     d.u.i.k.j.r.KeYCrossReferenceNameInfo Datatype T declared twice: Once in UNKNOWN:unknown and once in UNKNOWN:unknown, Keeping one from UNKNOWN:unknown 
307395     WARN  Test worker     d.u.i.k.j.r.KeYCrossReferenceNameInfo Datatype T declared twice: Once in UNKNOWN:unknown and once in UNKNOWN:unknown, Keeping one from UNKNOWN:unknown 
307473     INFO  Test worker     d.u.i.k.n.KeyIO           Parsing took 0 ms 
307473     INFO  Test worker     d.u.i.k.n.KeyIO           MODE: declarations took 0 ms 
307473     WARN  Test worker     d.u.i.k.j.r.KeYCrossReferenceNameInfo Datatype T declared twice: Once in UNKNOWN:unknown and once in UNKNOWN:unknown, Keeping one from UNKNOWN:unknown 
307536     INFO  Test worker     d.u.i.k.n.KeyIO           Parsing took 0 ms 
307551     INFO  Test worker     d.u.i.k.n.KeyIO           MODE: declarations took 15 ms 
307551     WARN  Test worker     d.u.i.k.j.r.KeYCrossReferenceNameInfo Datatype T declared twice: Once in UNKNOWN:unknown and once in UNKNOWN:unknown, Keeping one from UNKNOWN:unknown 
307614     INFO  Test worker     d.u.i.k.n.KeyIO           Parsing took 0 ms 
307614     INFO  Test worker     d.u.i.k.n.KeyIO           MODE: declarations took 0 ms 
307614     WARN  Test worker     d.u.i.k.j.r.KeYCrossReferenceNameInfo Datatype T declared twice: Once in UNKNOWN:unknown and once in UNKNOWN:unknown, Keeping one from UNKNOWN:unknown 
307676     INFO  Test worker     d.u.i.k.n.KeyIO           Parsing took 0 ms 
307676     INFO  Test worker     d.u.i.k.n.KeyIO           MODE: declarations took 0 ms 
307676     WARN  Test worker     d.u.i.k.j.r.KeYCrossReferenceNameInfo Datatype T declared twice: Once in UNKNOWN:unknown and once in UNKNOWN:unknown, Keeping one from UNKNOWN:unknown 
307739     INFO  Test worker     d.u.i.k.n.KeyIO           Parsing took 0 ms 
307739     INFO  Test worker     d.u.i.k.n.KeyIO           MODE: declarations took 0 ms 
307754     WARN  Test worker     d.u.i.k.j.r.KeYCrossReferenceNameInfo Datatype T declared twice: Once in UNKNOWN:unknown and once in UNKNOWN:unknown, Keeping one from UNKNOWN:unknown 
307817     INFO  Test worker     d.u.i.k.n.KeyIO           Parsing took 0 ms 
307817     INFO  Test worker     d.u.i.k.n.KeyIO           MODE: declarations took 0 ms 
307817     WARN  Test worker     d.u.i.k.j.r.KeYCrossReferenceNameInfo Datatype T declared twice: Once in UNKNOWN:unknown and once in UNKNOWN:unknown, Keeping one from UNKNOWN:unknown 
307896     INFO  Test worker     d.u.i.k.n.KeyIO           Parsing took 0 ms 
307896     INFO  Test worker     d.u.i.k.n.KeyIO           MODE: declarations took 0 ms 
307896     WARN  Test worker     d.u.i.k.j.r.KeYCrossReferenceNameInfo Datatype T declared twice: Once in UNKNOWN:unknown and once in UNKNOWN:unknown, Keeping one from UNKNOWN:unknown 
307973     INFO  Test worker     d.u.i.k.n.KeyIO           Parsing took 0 ms 
307973     INFO  Test worker     d.u.i.k.n.KeyIO           MODE: declarations took 0 ms 
307973     WARN  Test worker     d.u.i.k.j.r.KeYCrossReferenceNameInfo Datatype T declared twice: Once in UNKNOWN:unknown and once in UNKNOWN:unknown, Keeping one from UNKNOWN:unknown 
308051     INFO  Test worker     d.u.i.k.n.KeyIO           Parsing took 0 ms 
308051     INFO  Test worker     d.u.i.k.n.KeyIO           MODE: declarations took 0 ms 
308051     WARN  Test worker     d.u.i.k.j.r.KeYCrossReferenceNameInfo Datatype T declared twice: Once in UNKNOWN:unknown and once in UNKNOWN:unknown, Keeping one from UNKNOWN:unknown 
308114     INFO  Test worker     d.u.i.k.n.KeyIO           Parsing took 0 ms 
308114     INFO  Test worker     d.u.i.k.n.KeyIO           MODE: declarations took 0 ms 
308114     WARN  Test worker     d.u.i.k.j.r.KeYCrossReferenceNameInfo Datatype T declared twice: Once in UNKNOWN:unknown and once in UNKNOWN:unknown, Keeping one from UNKNOWN:unknown 
308177     INFO  Test worker     d.u.i.k.n.KeyIO           Parsing took 0 ms 
308177     INFO  Test worker     d.u.i.k.n.KeyIO           MODE: declarations took 0 ms 
308192     WARN  Test worker     d.u.i.k.j.r.KeYCrossReferenceNameInfo Datatype T declared twice: Once in UNKNOWN:unknown and once in UNKNOWN:unknown, Keeping one from UNKNOWN:unknown 
308255     INFO  Test worker     d.u.i.k.n.KeyIO           Parsing took 0 ms 
308255     INFO  Test worker     d.u.i.k.n.KeyIO           MODE: declarations took 0 ms 
308255     WARN  Test worker     d.u.i.k.j.r.KeYCrossReferenceNameInfo Datatype T declared twice: Once in UNKNOWN:unknown and once in UNKNOWN:unknown, Keeping one from UNKNOWN:unknown 
308333     INFO  Test worker     d.u.i.k.n.KeyIO           Parsing took 0 ms 
308333     INFO  Test worker     d.u.i.k.n.KeyIO           MODE: declarations took 0 ms 
308333     WARN  Test worker     d.u.i.k.j.r.KeYCrossReferenceNameInfo Datatype T declared twice: Once in UNKNOWN:unknown and once in UNKNOWN:unknown, Keeping one from UNKNOWN:unknown 
308411     INFO  Test worker     d.u.i.k.n.KeyIO           Parsing took 16 ms 
308411     INFO  Test worker     d.u.i.k.n.KeyIO           MODE: declarations took 0 ms 
308411     WARN  Test worker     d.u.i.k.j.r.KeYCrossReferenceNameInfo Datatype T declared twice: Once in UNKNOWN:unknown and once in UNKNOWN:unknown, Keeping one from UNKNOWN:unknown 
308474     INFO  Test worker     d.u.i.k.n.KeyIO           Parsing took 0 ms 
308474     INFO  Test worker     d.u.i.k.n.KeyIO           MODE: declarations took 0 ms 
308474     WARN  Test worker     d.u.i.k.j.r.KeYCrossReferenceNameInfo Datatype T declared twice: Once in UNKNOWN:unknown and once in UNKNOWN:unknown, Keeping one from UNKNOWN:unknown 
308536     INFO  Test worker     d.u.i.k.n.KeyIO           Parsing took 0 ms 
308536     INFO  Test worker     d.u.i.k.n.KeyIO           MODE: declarations took 0 ms 
308536     WARN  Test worker     d.u.i.k.j.r.KeYCrossReferenceNameInfo Datatype T declared twice: Once in UNKNOWN:unknown and once in UNKNOWN:unknown, Keeping one from UNKNOWN:unknown 
308614     INFO  Test worker     d.u.i.k.n.KeyIO           Parsing took 0 ms 
308614     INFO  Test worker     d.u.i.k.n.KeyIO           MODE: declarations took 0 ms 
308614     WARN  Test worker     d.u.i.k.j.r.KeYCrossReferenceNameInfo Datatype T declared twice: Once in UNKNOWN:unknown and once in UNKNOWN:unknown, Keeping one from UNKNOWN:unknown 
308677     INFO  Test worker     d.u.i.k.n.KeyIO           Parsing took 0 ms 
308677     INFO  Test worker     d.u.i.k.n.KeyIO           MODE: declarations took 0 ms 
308677     WARN  Test worker     d.u.i.k.j.r.KeYCrossReferenceNameInfo Datatype T declared twice: Once in UNKNOWN:unknown and once in UNKNOWN:unknown, Keeping one from UNKNOWN:unknown 
308818     INFO  Test worker     d.u.i.k.n.KeyIO           Parsing took 0 ms 
308818     INFO  Test worker     d.u.i.k.n.KeyIO           MODE: declarations took 0 ms 
308818     WARN  Test worker     d.u.i.k.j.r.KeYCrossReferenceNameInfo Datatype T declared twice: Once in UNKNOWN:unknown and once in UNKNOWN:unknown, Keeping one from UNKNOWN:unknown 
308896     INFO  Test worker     d.u.i.k.n.KeyIO           Parsing took 0 ms 
308896     INFO  Test worker     d.u.i.k.n.KeyIO           MODE: declarations took 0 ms 
308896     WARN  Test worker     d.u.i.k.j.r.KeYCrossReferenceNameInfo Datatype T declared twice: Once in UNKNOWN:unknown and once in UNKNOWN:unknown, Keeping one from UNKNOWN:unknown 
308959     INFO  Test worker     d.u.i.k.n.KeyIO           Parsing took 0 ms 
308959     INFO  Test worker     d.u.i.k.n.KeyIO           MODE: declarations took 0 ms 
308990     WARN  Test worker     d.u.i.k.j.r.KeYCrossReferenceNameInfo Datatype T declared twice: Once in UNKNOWN:unknown and once in UNKNOWN:unknown, Keeping one from UNKNOWN:unknown 
309084     INFO  Test worker     d.u.i.k.n.KeyIO           Parsing took 0 ms 
309084     INFO  Test worker     d.u.i.k.n.KeyIO           MODE: declarations took 0 ms 
309084     WARN  Test worker     d.u.i.k.j.r.KeYCrossReferenceNameInfo Datatype T declared twice: Once in UNKNOWN:unknown and once in UNKNOWN:unknown, Keeping one from UNKNOWN:unknown 
309162     INFO  Test worker     d.u.i.k.n.KeyIO           Parsing took 0 ms 
309162     INFO  Test worker     d.u.i.k.n.KeyIO           MODE: declarations took 0 ms 
309162     WARN  Test worker     d.u.i.k.j.r.KeYCrossReferenceNameInfo Datatype T declared twice: Once in UNKNOWN:unknown and once in UNKNOWN:unknown, Keeping one from UNKNOWN:unknown 
309256     INFO  Test worker     d.u.i.k.n.KeyIO           Parsing took 0 ms 
309256     INFO  Test worker     d.u.i.k.n.KeyIO           MODE: declarations took 0 ms 
309256     WARN  Test worker     d.u.i.k.j.r.KeYCrossReferenceNameInfo Datatype T declared twice: Once in UNKNOWN:unknown and once in UNKNOWN:unknown, Keeping one from UNKNOWN:unknown 
309334     INFO  Test worker     d.u.i.k.n.KeyIO           Parsing took 0 ms 
309334     INFO  Test worker     d.u.i.k.n.KeyIO           MODE: declarations took 0 ms 
309445     WARN  Test worker     d.u.i.k.j.r.KeYCrossReferenceNameInfo Datatype T declared twice: Once in UNKNOWN:unknown and once in UNKNOWN:unknown, Keeping one from UNKNOWN:unknown 
309523     INFO  Test worker     d.u.i.k.n.KeyIO           Parsing took 0 ms 
309523     INFO  Test worker     d.u.i.k.n.KeyIO           MODE: declarations took 0 ms 
309523     WARN  Test worker     d.u.i.k.j.r.KeYCrossReferenceNameInfo Datatype T declared twice: Once in UNKNOWN:unknown and once in UNKNOWN:unknown, Keeping one from UNKNOWN:unknown 
309601     INFO  Test worker     d.u.i.k.n.KeyIO           Parsing took 0 ms 
309601     INFO  Test worker     d.u.i.k.n.KeyIO           MODE: declarations took 0 ms 
309601     WARN  Test worker     d.u.i.k.j.r.KeYCrossReferenceNameInfo Datatype T declared twice: Once in UNKNOWN:unknown and once in UNKNOWN:unknown, Keeping one from UNKNOWN:unknown 
309679     WARN  Test worker     d.u.i.k.j.r.KeYCrossReferenceNameInfo Datatype T declared twice: Once in UNKNOWN:unknown and once in UNKNOWN:unknown, Keeping one from UNKNOWN:unknown 
309789     INFO  Test worker     d.u.i.k.n.KeyIO           Parsing took 0 ms 
309789     INFO  Test worker     d.u.i.k.n.KeyIO           MODE: declarations took 0 ms 
309804     WARN  Test worker     d.u.i.k.j.r.KeYCrossReferenceNameInfo Datatype T declared twice: Once in UNKNOWN:unknown and once in UNKNOWN:unknown, Keeping one from UNKNOWN:unknown 
309883     INFO  Test worker     d.u.i.k.n.KeyIO           Parsing took 0 ms 
309883     INFO  Test worker     d.u.i.k.n.KeyIO           MODE: declarations took 0 ms 
]]></system-out>
  <system-err><![CDATA[]]></system-err>
</testsuite>
