<?xml version="1.0" encoding="UTF-8"?>
<testsuite name="de.uka.ilkd.key.java.TestRecoder2KeY" tests="4" skipped="1" failures="0" errors="0" timestamp="2023-04-19T12:55:16" hostname="fv-az206-546" time="0.596">
  <properties/>
  <testcase name="xtestFileInput()" classname="de.uka.ilkd.key.java.TestRecoder2KeY" time="0.001">
    <skipped/>
  </testcase>
  <testcase name="testJClasses()" classname="de.uka.ilkd.key.java.TestRecoder2KeY" time="0.552"/>
  <testcase name="testReadBlockWithContext()" classname="de.uka.ilkd.key.java.TestRecoder2KeY" time="0.002"/>
  <testcase name="testJBlocks()" classname="de.uka.ilkd.key.java.TestRecoder2KeY" time="0.04"/>
  <system-out><![CDATA[]]></system-out>
  <system-err><![CDATA[]]></system-err>
</testsuite>
