<?xml version="1.0" encoding="UTF-8"?>
<testsuite name="de.uka.ilkd.key.parser.TestDeclParser" tests="14" skipped="2" failures="0" errors="0" timestamp="2023-04-19T12:58:16" hostname="fv-az206-546" time="11.143">
  <properties/>
  <testcase name="testGenericSortDecl1()" classname="de.uka.ilkd.key.parser.TestDeclParser" time="1.084"/>
  <testcase name="testGenericSortDecl2()" classname="de.uka.ilkd.key.parser.TestDeclParser" time="0.9"/>
  <testcase name="testGenericSortDecl3()" classname="de.uka.ilkd.key.parser.TestDeclParser" time="0.952"/>
  <testcase name="testGenericSortDecl4()" classname="de.uka.ilkd.key.parser.TestDeclParser" time="0.934"/>
  <testcase name="testGenericSortDecl5()" classname="de.uka.ilkd.key.parser.TestDeclParser" time="0.001">
    <skipped/>
  </testcase>
  <testcase name="testGenericSortDecl6()" classname="de.uka.ilkd.key.parser.TestDeclParser" time="0.93"/>
  <testcase name="testSortDecl()" classname="de.uka.ilkd.key.parser.TestDeclParser" time="0.858"/>
  <testcase name="testProxySortDecl()" classname="de.uka.ilkd.key.parser.TestDeclParser" time="0.935"/>
  <testcase name="testArrayDecl()" classname="de.uka.ilkd.key.parser.TestDeclParser" time="0.936"/>
  <testcase name="testAmbiguousDecls()" classname="de.uka.ilkd.key.parser.TestDeclParser" time="0.0">
    <skipped/>
  </testcase>
  <testcase name="testHeurDecl()" classname="de.uka.ilkd.key.parser.TestDeclParser" time="0.879"/>
  <testcase name="testFunctionDecl()" classname="de.uka.ilkd.key.parser.TestDeclParser" time="0.931"/>
  <testcase name="testPredicateDecl()" classname="de.uka.ilkd.key.parser.TestDeclParser" time="0.941"/>
  <testcase name="testSVDecl()" classname="de.uka.ilkd.key.parser.TestDeclParser" time="0.858"/>
  <system-out><![CDATA[216229     INFO  Test worker     d.u.i.k.n.KeyIO           Parsing took 0 ms 
216229     INFO  Test worker     d.u.i.k.n.KeyIO           MODE: declarations took 0 ms 
217135     INFO  Test worker     d.u.i.k.n.KeyIO           Parsing took 0 ms 
217135     INFO  Test worker     d.u.i.k.n.KeyIO           MODE: declarations took 0 ms 
218090     INFO  Test worker     d.u.i.k.n.KeyIO           Parsing took 0 ms 
218090     INFO  Test worker     d.u.i.k.n.KeyIO           MODE: declarations took 0 ms 
219028     INFO  Test worker     d.u.i.k.n.KeyIO           Parsing took 0 ms 
219028     INFO  Test worker     d.u.i.k.n.KeyIO           MODE: declarations took 0 ms 
219950     INFO  Test worker     d.u.i.k.n.KeyIO           Parsing took 0 ms 
219950     INFO  Test worker     d.u.i.k.n.KeyIO           MODE: declarations took 0 ms 
220809     INFO  Test worker     d.u.i.k.n.KeyIO           Parsing took 0 ms 
220809     INFO  Test worker     d.u.i.k.n.KeyIO           MODE: declarations took 0 ms 
221748     INFO  Test worker     d.u.i.k.n.KeyIO           Parsing took 0 ms 
221748     INFO  Test worker     d.u.i.k.n.KeyIO           MODE: declarations took 0 ms 
222685     INFO  Test worker     d.u.i.k.n.KeyIO           Parsing took 0 ms 
222685     INFO  Test worker     d.u.i.k.n.KeyIO           MODE: declarations took 0 ms 
223577     INFO  Test worker     d.u.i.k.n.KeyIO           Parsing took 0 ms 
223577     INFO  Test worker     d.u.i.k.n.KeyIO           MODE: declarations took 0 ms 
224499     INFO  Test worker     d.u.i.k.n.KeyIO           Parsing took 0 ms 
224499     INFO  Test worker     d.u.i.k.n.KeyIO           MODE: declarations took 0 ms 
225437     INFO  Test worker     d.u.i.k.n.KeyIO           Parsing took 0 ms 
225437     INFO  Test worker     d.u.i.k.n.KeyIO           MODE: declarations took 0 ms 
226296     INFO  Test worker     d.u.i.k.n.KeyIO           Parsing took 0 ms 
226296     INFO  Test worker     d.u.i.k.n.KeyIO           MODE: declarations took 0 ms 
]]></system-out>
  <system-err><![CDATA[]]></system-err>
</testsuite>
