<?xml version="1.0" encoding="UTF-8"?>
<testsuite name="de.uka.ilkd.key.symbolic_execution.testcase.TestTruthValueValue" tests="6" skipped="0" failures="0" errors="0" timestamp="2023-04-10T21:29:16" hostname="fv-az210-852" time="0.006">
  <properties/>
  <testcase name="testAnd()" classname="de.uka.ilkd.key.symbolic_execution.testcase.TestTruthValueValue" time="0.0"/>
  <testcase name="testEqv()" classname="de.uka.ilkd.key.symbolic_execution.testcase.TestTruthValueValue" time="0.0"/>
  <testcase name="testImp()" classname="de.uka.ilkd.key.symbolic_execution.testcase.TestTruthValueValue" time="0.001"/>
  <testcase name="testNot()" classname="de.uka.ilkd.key.symbolic_execution.testcase.TestTruthValueValue" time="0.001"/>
  <testcase name="testOr()" classname="de.uka.ilkd.key.symbolic_execution.testcase.TestTruthValueValue" time="0.001"/>
  <testcase name="testIfThenElse()" classname="de.uka.ilkd.key.symbolic_execution.testcase.TestTruthValueValue" time="0.001"/>
  <system-out><![CDATA[]]></system-out>
  <system-err><![CDATA[]]></system-err>
</testsuite>
