<?xml version="1.0" encoding="UTF-8"?>
<testsuite name="de.uka.ilkd.key.speclang.ContractFactoryTest" tests="3" skipped="0" failures="0" errors="0" timestamp="2023-04-14T23:43:50" hostname="fv-az456-843" time="10.065">
  <properties/>
  <testcase name="testCombineDifferentAssignable()" classname="de.uka.ilkd.key.speclang.ContractFactoryTest" time="3.437"/>
  <testcase name="testCombineEmptyAssignable()" classname="de.uka.ilkd.key.speclang.ContractFactoryTest" time="3.33"/>
  <testcase name="testCombineEqualAssignable()" classname="de.uka.ilkd.key.speclang.ContractFactoryTest" time="3.298"/>
  <system-out><![CDATA[934503     DEBUG Test worker     d.u.i.k.p.i.KeYFile       Reading KeY file file:/D:/a/key/key/key.core/build/resources/main/de/uka/ilkd/key/proof/rules/ldt.key 
934503     DEBUG Test worker     d.u.i.k.p.i.KeYFile       Reading KeY file file:/D:/a/key/key/key.core/build/resources/main/de/uka/ilkd/key/proof/rules/boolean.key 
934503     DEBUG Test worker     d.u.i.k.p.i.KeYFile       Reading KeY file file:/D:/a/key/key/key.core/build/resources/main/de/uka/ilkd/key/proof/rules/ruleSetsDeclarations.key 
934518     DEBUG Test worker     d.u.i.k.p.i.KeYFile       Reading KeY file file:/D:/a/key/key/key.core/build/resources/main/de/uka/ilkd/key/proof/rules/integerHeader.key 
934518     DEBUG Test worker     d.u.i.k.p.i.KeYFile       Reading KeY file file:/D:/a/key/key/key.core/build/resources/main/de/uka/ilkd/key/proof/rules/floatHeader.key 
934518     DEBUG Test worker     d.u.i.k.p.i.KeYFile       Reading KeY file file:/D:/a/key/key/key.core/build/resources/main/de/uka/ilkd/key/proof/rules/heap.key 
934518     DEBUG Test worker     d.u.i.k.p.i.KeYFile       Reading KeY file file:/D:/a/key/key/key.core/build/resources/main/de/uka/ilkd/key/proof/rules/locSets.key 
934518     DEBUG Test worker     d.u.i.k.p.i.KeYFile       Reading KeY file file:/D:/a/key/key/key.core/build/resources/main/de/uka/ilkd/key/proof/rules/permission.key 
934518     DEBUG Test worker     d.u.i.k.p.i.KeYFile       Reading KeY file file:/D:/a/key/key/key.core/build/resources/main/de/uka/ilkd/key/proof/rules/reach.key 
934518     DEBUG Test worker     d.u.i.k.p.i.KeYFile       Reading KeY file file:/D:/a/key/key/key.core/build/resources/main/de/uka/ilkd/key/proof/rules/seq.key 
934518     DEBUG Test worker     d.u.i.k.p.i.KeYFile       Reading KeY file file:/D:/a/key/key/key.core/build/resources/main/de/uka/ilkd/key/proof/rules/map.key 
934518     DEBUG Test worker     d.u.i.k.p.i.KeYFile       Reading KeY file file:/D:/a/key/key/key.core/build/resources/main/de/uka/ilkd/key/proof/rules/freeADT.key 
934518     DEBUG Test worker     d.u.i.k.p.i.KeYFile       Reading KeY file file:/D:/a/key/key/key.core/build/resources/main/de/uka/ilkd/key/proof/rules/wellfound.key 
934518     DEBUG Test worker     d.u.i.k.p.i.KeYFile       Reading KeY file file:/D:/a/key/key/key.core/build/resources/main/de/uka/ilkd/key/proof/rules/charListHeader.key 
934518     DEBUG Test worker     d.u.i.k.p.i.KeYFile       Reading KeY file src\test\resources\testcase\speclang\testFile.key 
935723     DEBUG Test worker     d.u.i.k.j.Recoder2KeY     converting now D:\a\key\key\key.core\src\test\resources\testcase\speclang\testPackage\TestClass.java 
935738     DEBUG Test worker     d.u.i.k.p.i.KeYFile       Reading KeY file file:/D:/a/key/key/key.core/build/resources/main/de/uka/ilkd/key/java/JavaRedux/java/lang/String.key 
937942     DEBUG Test worker     d.u.i.k.p.i.KeYFile       Reading KeY file src\test\resources\testcase\speclang\testFile.key 
939053     DEBUG Test worker     d.u.i.k.j.Recoder2KeY     converting now D:\a\key\key\key.core\src\test\resources\testcase\speclang\testPackage\TestClass.java 
939068     DEBUG Test worker     d.u.i.k.p.i.KeYFile       Reading KeY file file:/D:/a/key/key/key.core/build/resources/main/de/uka/ilkd/key/java/JavaRedux/java/lang/String.key 
941288     DEBUG Test worker     d.u.i.k.p.i.KeYFile       Reading KeY file src\test\resources\testcase\speclang\testFile.key 
942398     DEBUG Test worker     d.u.i.k.j.Recoder2KeY     converting now D:\a\key\key\key.core\src\test\resources\testcase\speclang\testPackage\TestClass.java 
942398     DEBUG Test worker     d.u.i.k.p.i.KeYFile       Reading KeY file file:/D:/a/key/key/key.core/build/resources/main/de/uka/ilkd/key/java/JavaRedux/java/lang/String.key 
]]></system-out>
  <system-err><![CDATA[]]></system-err>
</testsuite>
