<?xml version="1.0" encoding="UTF-8"?>
<testsuite name="de.uka.ilkd.key.parser.TestIntLiteralParsing" tests="67" skipped="0" failures="0" errors="0" timestamp="2023-04-14T23:33:02" hostname="fv-az456-843" time="28.672">
  <properties/>
  <testcase name="0x000l" classname="de.uka.ilkd.key.parser.TestIntLiteralParsing" time="0.006"/>
  <testcase name="0x8000_0000l" classname="de.uka.ilkd.key.parser.TestIntLiteralParsing" time="0.001"/>
  <testcase name="0x7fffffffL" classname="de.uka.ilkd.key.parser.TestIntLiteralParsing" time="0.001"/>
  <testcase name="2147483647L" classname="de.uka.ilkd.key.parser.TestIntLiteralParsing" time="0.001"/>
  <testcase name="-2147483648l" classname="de.uka.ilkd.key.parser.TestIntLiteralParsing" time="0.002"/>
  <testcase name="0l" classname="de.uka.ilkd.key.parser.TestIntLiteralParsing" time="0.001"/>
  <testcase name="-0L" classname="de.uka.ilkd.key.parser.TestIntLiteralParsing" time="0.001"/>
  <testcase name="00L" classname="de.uka.ilkd.key.parser.TestIntLiteralParsing" time="0.001"/>
  <testcase name="017777777777l" classname="de.uka.ilkd.key.parser.TestIntLiteralParsing" time="0.001"/>
  <testcase name="020000000000l" classname="de.uka.ilkd.key.parser.TestIntLiteralParsing" time="0.001"/>
  <testcase name="01671003245L" classname="de.uka.ilkd.key.parser.TestIntLiteralParsing" time="0.001"/>
  <testcase name="0b0L" classname="de.uka.ilkd.key.parser.TestIntLiteralParsing" time="0.001"/>
  <testcase name="0b01111111111111111111111111111111L" classname="de.uka.ilkd.key.parser.TestIntLiteralParsing" time="0.001"/>
  <testcase name="0b1000_0000_0000_0000_0000_0000_0000_0000l" classname="de.uka.ilkd.key.parser.TestIntLiteralParsing" time="0.001"/>
  <testcase name="0b0100100100011101L" classname="de.uka.ilkd.key.parser.TestIntLiteralParsing" time="0.001"/>
  <testcase name="0xffff_ffff_ffff_ffffL" classname="de.uka.ilkd.key.parser.TestIntLiteralParsing" time="0.001"/>
  <testcase name="9223372036854775807L" classname="de.uka.ilkd.key.parser.TestIntLiteralParsing" time="0.001"/>
  <testcase name="-9223372036854775808L" classname="de.uka.ilkd.key.parser.TestIntLiteralParsing" time="0.001"/>
  <testcase name="0b1111111111_1111111111_1111111111_1111111111_1111111111_1111111111_1111L" classname="de.uka.ilkd.key.parser.TestIntLiteralParsing" time="0.001"/>
  <testcase name="0b1000000000_0000000000_0000000000_0000000000_0000000000_0000000000_0000L" classname="de.uka.ilkd.key.parser.TestIntLiteralParsing" time="0.0"/>
  <testcase name="0b0111111111_1111111111_1111111111_1111111111_1111111111_1111111111_1111L" classname="de.uka.ilkd.key.parser.TestIntLiteralParsing" time="0.001"/>
  <testcase name="'a'" classname="de.uka.ilkd.key.parser.TestIntLiteralParsing" time="0.001"/>
  <testcase name="'z'" classname="de.uka.ilkd.key.parser.TestIntLiteralParsing" time="0.001"/>
  <testcase name="'A'" classname="de.uka.ilkd.key.parser.TestIntLiteralParsing" time="0.001"/>
  <testcase name="'Z'" classname="de.uka.ilkd.key.parser.TestIntLiteralParsing" time="0.001"/>
  <testcase name="' '" classname="de.uka.ilkd.key.parser.TestIntLiteralParsing" time="0.0"/>
  <testcase name="'\b'" classname="de.uka.ilkd.key.parser.TestIntLiteralParsing" time="0.0"/>
  <testcase name="'\t'" classname="de.uka.ilkd.key.parser.TestIntLiteralParsing" time="0.001"/>
  <testcase name="'\n'" classname="de.uka.ilkd.key.parser.TestIntLiteralParsing" time="0.0"/>
  <testcase name="'\f'" classname="de.uka.ilkd.key.parser.TestIntLiteralParsing" time="0.001"/>
  <testcase name="'\r'" classname="de.uka.ilkd.key.parser.TestIntLiteralParsing" time="0.001"/>
  <testcase name="'\&quot;'" classname="de.uka.ilkd.key.parser.TestIntLiteralParsing" time="0.001"/>
  <testcase name="'\''" classname="de.uka.ilkd.key.parser.TestIntLiteralParsing" time="0.0"/>
  <testcase name="'\\'" classname="de.uka.ilkd.key.parser.TestIntLiteralParsing" time="0.0"/>
  <testcase name="'0'" classname="de.uka.ilkd.key.parser.TestIntLiteralParsing" time="0.001"/>
  <testcase name="'9'" classname="de.uka.ilkd.key.parser.TestIntLiteralParsing" time="0.001"/>
  <testcase name="'\u0000'" classname="de.uka.ilkd.key.parser.TestIntLiteralParsing" time="0.0"/>
  <testcase name="'\uffff'" classname="de.uka.ilkd.key.parser.TestIntLiteralParsing" time="0.0"/>
  <testcase name="'?'" classname="de.uka.ilkd.key.parser.TestIntLiteralParsing" time="0.0"/>
  <testcase name="'Î”'" classname="de.uka.ilkd.key.parser.TestIntLiteralParsing" time="0.002"/>
  <testcase name="'?'" classname="de.uka.ilkd.key.parser.TestIntLiteralParsing" time="0.001"/>
  <testcase name="-9_223_372_036_854_775_809L" classname="de.uka.ilkd.key.parser.TestIntLiteralParsing" time="0.002"/>
  <testcase name="9223372036854775808L" classname="de.uka.ilkd.key.parser.TestIntLiteralParsing" time="0.001"/>
  <testcase name="0x1_0000_0000_0000_0000L" classname="de.uka.ilkd.key.parser.TestIntLiteralParsing" time="0.001"/>
  <testcase name="0b10000_0000000000_0000000000_0000000000_0000000000_0000000000_0000000000L" classname="de.uka.ilkd.key.parser.TestIntLiteralParsing" time="0.001"/>
  <testcase name="020_0000_0000_0000_0000_0000L" classname="de.uka.ilkd.key.parser.TestIntLiteralParsing" time="0.001"/>
  <testcase name="-2147483649" classname="de.uka.ilkd.key.parser.TestIntLiteralParsing" time="0.002"/>
  <testcase name="2147483648" classname="de.uka.ilkd.key.parser.TestIntLiteralParsing" time="0.001"/>
  <testcase name="0x1_0000_0000" classname="de.uka.ilkd.key.parser.TestIntLiteralParsing" time="0.001"/>
  <testcase name="0b1_0000_0000_0000_0000_0000_0000_0000_0000" classname="de.uka.ilkd.key.parser.TestIntLiteralParsing" time="0.001"/>
  <testcase name="0400_0000_0000" classname="de.uka.ilkd.key.parser.TestIntLiteralParsing" time="0.001"/>
  <testcase name="0xffff_ffff" classname="de.uka.ilkd.key.parser.TestIntLiteralParsing" time="0.001"/>
  <testcase name="0x000" classname="de.uka.ilkd.key.parser.TestIntLiteralParsing" time="0.001"/>
  <testcase name="0x8000_0000" classname="de.uka.ilkd.key.parser.TestIntLiteralParsing" time="0.001"/>
  <testcase name="0x7fffffff" classname="de.uka.ilkd.key.parser.TestIntLiteralParsing" time="0.001"/>
  <testcase name="2147483647" classname="de.uka.ilkd.key.parser.TestIntLiteralParsing" time="0.001"/>
  <testcase name="-2147483648" classname="de.uka.ilkd.key.parser.TestIntLiteralParsing" time="0.001"/>
  <testcase name="0" classname="de.uka.ilkd.key.parser.TestIntLiteralParsing" time="0.0"/>
  <testcase name="-0" classname="de.uka.ilkd.key.parser.TestIntLiteralParsing" time="0.001"/>
  <testcase name="00" classname="de.uka.ilkd.key.parser.TestIntLiteralParsing" time="0.0"/>
  <testcase name="017777777777" classname="de.uka.ilkd.key.parser.TestIntLiteralParsing" time="0.001"/>
  <testcase name="020000000000" classname="de.uka.ilkd.key.parser.TestIntLiteralParsing" time="0.001"/>
  <testcase name="01671003245" classname="de.uka.ilkd.key.parser.TestIntLiteralParsing" time="0.002"/>
  <testcase name="0b0" classname="de.uka.ilkd.key.parser.TestIntLiteralParsing" time="0.001"/>
  <testcase name="0b01111111111111111111111111111111" classname="de.uka.ilkd.key.parser.TestIntLiteralParsing" time="0.001"/>
  <testcase name="0b1000_0000_0000_0000_0000_0000_0000_0000" classname="de.uka.ilkd.key.parser.TestIntLiteralParsing" time="0.001"/>
  <testcase name="0b0100100100011101" classname="de.uka.ilkd.key.parser.TestIntLiteralParsing" time="0.001"/>
  <system-out><![CDATA[279296     DEBUG Test worker     d.u.i.k.p.i.KeYFile       Reading KeY file file:/D:/a/key/key/key.core/build/resources/main/de/uka/ilkd/key/proof/rules/ldt.key 
279296     DEBUG Test worker     d.u.i.k.p.i.KeYFile       Reading KeY file file:/D:/a/key/key/key.core/build/resources/main/de/uka/ilkd/key/proof/rules/boolean.key 
279296     DEBUG Test worker     d.u.i.k.p.i.KeYFile       Reading KeY file file:/D:/a/key/key/key.core/build/resources/main/de/uka/ilkd/key/proof/rules/ruleSetsDeclarations.key 
279296     DEBUG Test worker     d.u.i.k.p.i.KeYFile       Reading KeY file file:/D:/a/key/key/key.core/build/resources/main/de/uka/ilkd/key/proof/rules/integerHeader.key 
279296     DEBUG Test worker     d.u.i.k.p.i.KeYFile       Reading KeY file file:/D:/a/key/key/key.core/build/resources/main/de/uka/ilkd/key/proof/rules/floatHeader.key 
279296     DEBUG Test worker     d.u.i.k.p.i.KeYFile       Reading KeY file file:/D:/a/key/key/key.core/build/resources/main/de/uka/ilkd/key/proof/rules/heap.key 
279296     DEBUG Test worker     d.u.i.k.p.i.KeYFile       Reading KeY file file:/D:/a/key/key/key.core/build/resources/main/de/uka/ilkd/key/proof/rules/locSets.key 
279311     DEBUG Test worker     d.u.i.k.p.i.KeYFile       Reading KeY file file:/D:/a/key/key/key.core/build/resources/main/de/uka/ilkd/key/proof/rules/permission.key 
279311     DEBUG Test worker     d.u.i.k.p.i.KeYFile       Reading KeY file file:/D:/a/key/key/key.core/build/resources/main/de/uka/ilkd/key/proof/rules/reach.key 
279311     DEBUG Test worker     d.u.i.k.p.i.KeYFile       Reading KeY file file:/D:/a/key/key/key.core/build/resources/main/de/uka/ilkd/key/proof/rules/seq.key 
279311     DEBUG Test worker     d.u.i.k.p.i.KeYFile       Reading KeY file file:/D:/a/key/key/key.core/build/resources/main/de/uka/ilkd/key/proof/rules/map.key 
279311     DEBUG Test worker     d.u.i.k.p.i.KeYFile       Reading KeY file file:/D:/a/key/key/key.core/build/resources/main/de/uka/ilkd/key/proof/rules/freeADT.key 
279311     DEBUG Test worker     d.u.i.k.p.i.KeYFile       Reading KeY file file:/D:/a/key/key/key.core/build/resources/main/de/uka/ilkd/key/proof/rules/wellfound.key 
279311     DEBUG Test worker     d.u.i.k.p.i.KeYFile       Reading KeY file file:/D:/a/key/key/key.core/build/resources/main/de/uka/ilkd/key/proof/rules/charListHeader.key 
279327     DEBUG Test worker     d.u.i.k.p.i.KeYFile       Reading KeY file src\test\resources\testcase\termParser\parserTest.key 
280532     DEBUG Test worker     d.u.i.k.j.Recoder2KeY     converting now D:\a\key\key\key.core\src\test\resources\testcase\termParser\testTermParserHeap\A.java 
280532     DEBUG Test worker     d.u.i.k.j.Recoder2KeY     converting now D:\a\key\key\key.core\src\test\resources\testcase\termParser\testTermParserSorts\IntegerMethods.java 
280547     DEBUG Test worker     d.u.i.k.p.i.KeYFile       Reading KeY file file:/D:/a/key/key/key.core/build/resources/main/de/uka/ilkd/key/java/JavaRedux/java/lang/String.key 
283017     DEBUG Test worker     d.u.i.k.p.i.KeYFile       Reading KeY file src\test\resources\testcase\termParser\parserTest.key 
284080     DEBUG Test worker     d.u.i.k.j.Recoder2KeY     converting now D:\a\key\key\key.core\src\test\resources\testcase\termParser\testTermParserHeap\A.java 
284080     DEBUG Test worker     d.u.i.k.j.Recoder2KeY     converting now D:\a\key\key\key.core\src\test\resources\testcase\termParser\testTermParserSorts\IntegerMethods.java 
284096     DEBUG Test worker     d.u.i.k.p.i.KeYFile       Reading KeY file file:/D:/a/key/key/key.core/build/resources/main/de/uka/ilkd/key/java/JavaRedux/java/lang/String.key 
286659     DEBUG Test worker     d.u.i.k.p.i.KeYFile       Reading KeY file src\test\resources\testcase\termParser\parserTest.key 
288019     DEBUG Test worker     d.u.i.k.j.Recoder2KeY     converting now D:\a\key\key\key.core\src\test\resources\testcase\termParser\testTermParserHeap\A.java 
288019     DEBUG Test worker     d.u.i.k.j.Recoder2KeY     converting now D:\a\key\key\key.core\src\test\resources\testcase\termParser\testTermParserSorts\IntegerMethods.java 
288019     DEBUG Test worker     d.u.i.k.p.i.KeYFile       Reading KeY file file:/D:/a/key/key/key.core/build/resources/main/de/uka/ilkd/key/java/JavaRedux/java/lang/String.key 
290489     DEBUG Test worker     d.u.i.k.p.i.KeYFile       Reading KeY file src\test\resources\testcase\termParser\parserTest.key 
291662     DEBUG Test worker     d.u.i.k.j.Recoder2KeY     converting now D:\a\key\key\key.core\src\test\resources\testcase\termParser\testTermParserHeap\A.java 
291678     DEBUG Test worker     d.u.i.k.j.Recoder2KeY     converting now D:\a\key\key\key.core\src\test\resources\testcase\termParser\testTermParserSorts\IntegerMethods.java 
291678     DEBUG Test worker     d.u.i.k.p.i.KeYFile       Reading KeY file file:/D:/a/key/key/key.core/build/resources/main/de/uka/ilkd/key/java/JavaRedux/java/lang/String.key 
294023     DEBUG Test worker     d.u.i.k.p.i.KeYFile       Reading KeY file src\test\resources\testcase\termParser\parserTest.key 
295180     DEBUG Test worker     d.u.i.k.j.Recoder2KeY     converting now D:\a\key\key\key.core\src\test\resources\testcase\termParser\testTermParserHeap\A.java 
295195     DEBUG Test worker     d.u.i.k.j.Recoder2KeY     converting now D:\a\key\key\key.core\src\test\resources\testcase\termParser\testTermParserSorts\IntegerMethods.java 
295195     DEBUG Test worker     d.u.i.k.p.i.KeYFile       Reading KeY file file:/D:/a/key/key/key.core/build/resources/main/de/uka/ilkd/key/java/JavaRedux/java/lang/String.key 
297619     DEBUG Test worker     d.u.i.k.p.i.KeYFile       Reading KeY file src\test\resources\testcase\termParser\parserTest.key 
298871     DEBUG Test worker     d.u.i.k.j.Recoder2KeY     converting now D:\a\key\key\key.core\src\test\resources\testcase\termParser\testTermParserHeap\A.java 
298871     DEBUG Test worker     d.u.i.k.j.Recoder2KeY     converting now D:\a\key\key\key.core\src\test\resources\testcase\termParser\testTermParserSorts\IntegerMethods.java 
298886     DEBUG Test worker     d.u.i.k.p.i.KeYFile       Reading KeY file file:/D:/a/key/key/key.core/build/resources/main/de/uka/ilkd/key/java/JavaRedux/java/lang/String.key 
301716     DEBUG Test worker     d.u.i.k.p.i.KeYFile       Reading KeY file src\test\resources\testcase\termParser\parserTest.key 
302811     DEBUG Test worker     d.u.i.k.j.Recoder2KeY     converting now D:\a\key\key\key.core\src\test\resources\testcase\termParser\testTermParserHeap\A.java 
302811     DEBUG Test worker     d.u.i.k.j.Recoder2KeY     converting now D:\a\key\key\key.core\src\test\resources\testcase\termParser\testTermParserSorts\IntegerMethods.java 
302826     DEBUG Test worker     d.u.i.k.p.i.KeYFile       Reading KeY file file:/D:/a/key/key/key.core/build/resources/main/de/uka/ilkd/key/java/JavaRedux/java/lang/String.key 
305140     DEBUG Test worker     d.u.i.k.p.i.KeYFile       Reading KeY file src\test\resources\testcase\termParser\parserTest.key 
306265     DEBUG Test worker     d.u.i.k.j.Recoder2KeY     converting now D:\a\key\key\key.core\src\test\resources\testcase\termParser\testTermParserHeap\A.java 
306265     DEBUG Test worker     d.u.i.k.j.Recoder2KeY     converting now D:\a\key\key\key.core\src\test\resources\testcase\termParser\testTermParserSorts\IntegerMethods.java 
306265     DEBUG Test worker     d.u.i.k.p.i.KeYFile       Reading KeY file file:/D:/a/key/key/key.core/build/resources/main/de/uka/ilkd/key/java/JavaRedux/java/lang/String.key 
308580     DEBUG Test worker     d.u.i.k.p.i.KeYFile       Reading KeY file src\test\resources\testcase\termParser\parserTest.key 
309737     DEBUG Test worker     d.u.i.k.j.Recoder2KeY     converting now D:\a\key\key\key.core\src\test\resources\testcase\termParser\testTermParserHeap\A.java 
309737     DEBUG Test worker     d.u.i.k.j.Recoder2KeY     converting now D:\a\key\key\key.core\src\test\resources\testcase\termParser\testTermParserSorts\IntegerMethods.java 
309753     DEBUG Test worker     d.u.i.k.p.i.KeYFile       Reading KeY file file:/D:/a/key/key/key.core/build/resources/main/de/uka/ilkd/key/java/JavaRedux/java/lang/String.key 
311957     DEBUG Test worker     d.u.i.k.p.i.KeYFile       Reading KeY file src\test\resources\testcase\termParser\parserTest.key 
313036     DEBUG Test worker     d.u.i.k.j.Recoder2KeY     converting now D:\a\key\key\key.core\src\test\resources\testcase\termParser\testTermParserHeap\A.java 
313052     DEBUG Test worker     d.u.i.k.j.Recoder2KeY     converting now D:\a\key\key\key.core\src\test\resources\testcase\termParser\testTermParserSorts\IntegerMethods.java 
313052     DEBUG Test worker     d.u.i.k.p.i.KeYFile       Reading KeY file file:/D:/a/key/key/key.core/build/resources/main/de/uka/ilkd/key/java/JavaRedux/java/lang/String.key 
]]></system-out>
  <system-err><![CDATA[]]></system-err>
</testsuite>
