<?xml version="1.0" encoding="UTF-8"?>
<testsuite name="de.uka.ilkd.key.macros.scripts.meta.RewriteTest" tests="2" skipped="0" failures="0" errors="0" timestamp="2023-04-14T23:32:09" hostname="fv-az456-843" time="8.661">
  <properties/>
  <testcase name="testLessTransitive()" classname="de.uka.ilkd.key.macros.scripts.meta.RewriteTest" time="4.065"/>
  <testcase name="testTransitive()" classname="de.uka.ilkd.key.macros.scripts.meta.RewriteTest" time="4.596"/>
  <system-out><![CDATA[233053     DEBUG Test worker     d.u.i.k.p.i.KeYFile       Reading KeY file src\test\resources\testcase\scriptCommands\less_trans.key 
234460     DEBUG Test worker     d.u.i.k.p.i.KeYFile       Reading KeY file file:/D:/a/key/key/key.core/build/resources/main/de/uka/ilkd/key/java/JavaRedux/java/lang/String.key 
237102     DEBUG Test worker     d.u.i.k.p.i.KeYFile       Reading KeY file src\test\resources\testcase\scriptCommands\less_trans.key 
237102     DEBUG Test worker     d.u.i.k.m.s.ProofScriptEngine 1: 'rewrite find="f < x" replace="x > f"' 
237305     DEBUG Test worker     d.u.i.k.p.i.KeYFile       Reading KeY file src\test\resources\testcase\scriptCommands\transitive.key 
238666     DEBUG Test worker     d.u.i.k.p.i.KeYFile       Reading KeY file file:/D:/a/key/key/key.core/build/resources/main/de/uka/ilkd/key/java/JavaRedux/java/lang/String.key 
241667     DEBUG Test worker     d.u.i.k.p.i.KeYFile       Reading KeY file src\test\resources\testcase\scriptCommands\transitive.key 
241667     DEBUG Test worker     d.u.i.k.m.s.ProofScriptEngine 1: 'rule impRight' 
241699     DEBUG Test worker     d.u.i.k.m.s.ProofScriptEngine 2: 'rule andLeft' 
241699     DEBUG Test worker     d.u.i.k.m.s.ProofScriptEngine 3: 'rewrite find="f = x" replace="x = f"' 
]]></system-out>
  <system-err><![CDATA[]]></system-err>
</testsuite>
