<?xml version="1.0" encoding="UTF-8"?>
<testsuite name="de.uka.ilkd.key.java.TestJavaCardDLJavaExtensions" tests="2" skipped="0" failures="0" errors="0" timestamp="2023-04-14T23:28:47" hostname="fv-az456-843" time="7.31">
  <properties/>
  <testcase name="testTypeNotInScopeShouldNotBeFound()" classname="de.uka.ilkd.key.java.TestJavaCardDLJavaExtensions" time="3.652"/>
  <testcase name="testMethodFrameRedirectsScope()" classname="de.uka.ilkd.key.java.TestJavaCardDLJavaExtensions" time="3.658"/>
  <system-out><![CDATA[30951      DEBUG Test worker     d.u.i.k.p.i.KeYFile       Reading KeY file file:/D:/a/key/key/key.core/build/resources/main/de/uka/ilkd/key/proof/rules/ldt.key 
30951      DEBUG Test worker     d.u.i.k.p.i.KeYFile       Reading KeY file file:/D:/a/key/key/key.core/build/resources/main/de/uka/ilkd/key/proof/rules/boolean.key 
30951      DEBUG Test worker     d.u.i.k.p.i.KeYFile       Reading KeY file file:/D:/a/key/key/key.core/build/resources/main/de/uka/ilkd/key/proof/rules/ruleSetsDeclarations.key 
30967      DEBUG Test worker     d.u.i.k.p.i.KeYFile       Reading KeY file file:/D:/a/key/key/key.core/build/resources/main/de/uka/ilkd/key/proof/rules/integerHeader.key 
30967      DEBUG Test worker     d.u.i.k.p.i.KeYFile       Reading KeY file file:/D:/a/key/key/key.core/build/resources/main/de/uka/ilkd/key/proof/rules/floatHeader.key 
30967      DEBUG Test worker     d.u.i.k.p.i.KeYFile       Reading KeY file file:/D:/a/key/key/key.core/build/resources/main/de/uka/ilkd/key/proof/rules/heap.key 
30967      DEBUG Test worker     d.u.i.k.p.i.KeYFile       Reading KeY file file:/D:/a/key/key/key.core/build/resources/main/de/uka/ilkd/key/proof/rules/locSets.key 
30967      DEBUG Test worker     d.u.i.k.p.i.KeYFile       Reading KeY file file:/D:/a/key/key/key.core/build/resources/main/de/uka/ilkd/key/proof/rules/permission.key 
30967      DEBUG Test worker     d.u.i.k.p.i.KeYFile       Reading KeY file file:/D:/a/key/key/key.core/build/resources/main/de/uka/ilkd/key/proof/rules/reach.key 
30967      DEBUG Test worker     d.u.i.k.p.i.KeYFile       Reading KeY file file:/D:/a/key/key/key.core/build/resources/main/de/uka/ilkd/key/proof/rules/seq.key 
30967      DEBUG Test worker     d.u.i.k.p.i.KeYFile       Reading KeY file file:/D:/a/key/key/key.core/build/resources/main/de/uka/ilkd/key/proof/rules/map.key 
30982      DEBUG Test worker     d.u.i.k.p.i.KeYFile       Reading KeY file file:/D:/a/key/key/key.core/build/resources/main/de/uka/ilkd/key/proof/rules/freeADT.key 
30982      DEBUG Test worker     d.u.i.k.p.i.KeYFile       Reading KeY file file:/D:/a/key/key/key.core/build/resources/main/de/uka/ilkd/key/proof/rules/wellfound.key 
30982      DEBUG Test worker     d.u.i.k.p.i.KeYFile       Reading KeY file file:/D:/a/key/key/key.core/build/resources/main/de/uka/ilkd/key/proof/rules/charListHeader.key 
31029      DEBUG Test worker     d.u.i.k.p.i.KeYFile       Reading KeY file src\test\resources\testcase\javacardDLExtensions\typeResolutionInMethodFrame.key 
32219      DEBUG Test worker     d.u.i.k.j.Recoder2KeY     converting now D:\a\key\key\key.core\src\test\resources\testcase\javacardDLExtensions\src\test\TestJavaCardDLExtensions.java 
32234      DEBUG Test worker     d.u.i.k.p.i.KeYFile       Reading KeY file file:/D:/a/key/key/key.core/build/resources/main/de/uka/ilkd/key/java/JavaRedux/java/lang/String.key 
34586      DEBUG Test worker     d.u.i.k.j.Recoder2KeYConverter recoder2key: called method public de.uka.ilkd.key.java.reference.TypeReference de.uka.ilkd.key.java.Recoder2KeYConverter.convert(recoder.java.reference.TypeReference) threw exception  de.uka.ilkd.key.util.ExceptionHandlerException: Recoder: 1 errors have occurred - aborting.
	at de.uka.ilkd.key.util.KeYRecoderExcHandler.recoderExitAction(KeYRecoderExcHandler.java:69)
Caused by: recoder.service.UnresolvedReferenceException: Could not resolve TypeReference "TestJavaCardDLExtensions" @1/3 in INTERNAL:<virtual_class_for_parsing174>(14)
	at recoder.service.DefaultSourceInfo.getType(DefaultSourceInfo.java:798)

34586      DEBUG Test worker     d.u.i.k.j.Recoder2KeYConverter recoder2key: called method public de.uka.ilkd.key.java.declaration.LocalVariableDeclaration de.uka.ilkd.key.java.Recoder2KeYConverter.convert(recoder.java.declaration.LocalVariableDeclaration) threw exception  de.uka.ilkd.key.java.PosConvertException: called method public de.uka.ilkd.key.java.reference.TypeReference de.uka.ilkd.key.java.Recoder2KeYConverter.convert(recoder.java.reference.TypeReference) threw exception.
	at de.uka.ilkd.key.java.Recoder2KeY.reportErrorWithPositionInFile(Recoder2KeY.java:1254)
Caused by: recoder.service.UnresolvedReferenceException: Could not resolve TypeReference "TestJavaCardDLExtensions" @1/3 in INTERNAL:<virtual_class_for_parsing174>(14)
	at recoder.service.DefaultSourceInfo.getType(DefaultSourceInfo.java:798)

34586      DEBUG Test worker     d.u.i.k.j.Recoder2KeYConverter recoder2key: called method public de.uka.ilkd.key.java.StatementBlock de.uka.ilkd.key.java.Recoder2KeYConverter.convert(recoder.java.StatementBlock) threw exception  de.uka.ilkd.key.java.PosConvertException: called method public de.uka.ilkd.key.java.reference.TypeReference de.uka.ilkd.key.java.Recoder2KeYConverter.convert(recoder.java.reference.TypeReference) threw exception.
	at de.uka.ilkd.key.java.Recoder2KeY.reportErrorWithPositionInFile(Recoder2KeY.java:1254)
Caused by: recoder.service.UnresolvedReferenceException: Could not resolve TypeReference "TestJavaCardDLExtensions" @1/3 in INTERNAL:<virtual_class_for_parsing174>(14)
	at recoder.service.DefaultSourceInfo.getType(DefaultSourceInfo.java:798)

34602      DEBUG Test worker     d.u.i.k.p.i.KeYFile       Reading KeY file src\test\resources\testcase\javacardDLExtensions\typeResolutionInMethodFrame2.key 
35836      DEBUG Test worker     d.u.i.k.j.Recoder2KeY     converting now D:\a\key\key\key.core\src\test\resources\testcase\javacardDLExtensions\src\test\TestJavaCardDLExtensions.java 
35852      DEBUG Test worker     d.u.i.k.p.i.KeYFile       Reading KeY file file:/D:/a/key/key/key.core/build/resources/main/de/uka/ilkd/key/java/JavaRedux/java/lang/String.key 
]]></system-out>
  <system-err><![CDATA[]]></system-err>
</testsuite>
