<?xml version="1.0" encoding="UTF-8"?>
<testsuite name="de.uka.ilkd.key.parser.TestDeclParser" tests="14" skipped="2" failures="0" errors="0" timestamp="2023-04-14T23:32:41" hostname="fv-az456-843" time="13.837">
  <properties/>
  <testcase name="testGenericSortDecl1()" classname="de.uka.ilkd.key.parser.TestDeclParser" time="1.353"/>
  <testcase name="testGenericSortDecl2()" classname="de.uka.ilkd.key.parser.TestDeclParser" time="1.197"/>
  <testcase name="testGenericSortDecl3()" classname="de.uka.ilkd.key.parser.TestDeclParser" time="1.149"/>
  <testcase name="testGenericSortDecl4()" classname="de.uka.ilkd.key.parser.TestDeclParser" time="1.141"/>
  <testcase name="testGenericSortDecl5()" classname="de.uka.ilkd.key.parser.TestDeclParser" time="0.001">
    <skipped/>
  </testcase>
  <testcase name="testGenericSortDecl6()" classname="de.uka.ilkd.key.parser.TestDeclParser" time="1.023"/>
  <testcase name="testSortDecl()" classname="de.uka.ilkd.key.parser.TestDeclParser" time="1.124"/>
  <testcase name="testProxySortDecl()" classname="de.uka.ilkd.key.parser.TestDeclParser" time="1.154"/>
  <testcase name="testArrayDecl()" classname="de.uka.ilkd.key.parser.TestDeclParser" time="1.098"/>
  <testcase name="testAmbiguousDecls()" classname="de.uka.ilkd.key.parser.TestDeclParser" time="0.0">
    <skipped/>
  </testcase>
  <testcase name="testHeurDecl()" classname="de.uka.ilkd.key.parser.TestDeclParser" time="1.211"/>
  <testcase name="testFunctionDecl()" classname="de.uka.ilkd.key.parser.TestDeclParser" time="1.14"/>
  <testcase name="testPredicateDecl()" classname="de.uka.ilkd.key.parser.TestDeclParser" time="1.167"/>
  <testcase name="testSVDecl()" classname="de.uka.ilkd.key.parser.TestDeclParser" time="1.077"/>
  <system-out><![CDATA[266788     INFO  Test worker     d.u.i.k.n.KeyIO           Parsing took 0 ms 
266788     DEBUG Test worker     d.u.i.k.n.KeyIO           Load declarations of de.uka.ilkd.key.nparser.KeyAst$File:  <unknown>:1#1 
266788     INFO  Test worker     d.u.i.k.n.KeyIO           MODE: declarations took 0 ms 
266788     DEBUG Test worker     d.u.i.k.n.KeyIO           MODE: 2nd degree decls took 0 
266788     DEBUG Test worker     d.u.i.k.n.KeyIO           MODE: taclets took 0ms 
267992     INFO  Test worker     d.u.i.k.n.KeyIO           Parsing took 0 ms 
267992     DEBUG Test worker     d.u.i.k.n.KeyIO           Load declarations of de.uka.ilkd.key.nparser.KeyAst$File:  <unknown>:1#1 
267992     INFO  Test worker     d.u.i.k.n.KeyIO           MODE: declarations took 0 ms 
267992     DEBUG Test worker     d.u.i.k.n.KeyIO           MODE: 2nd degree decls took 0 
267992     DEBUG Test worker     d.u.i.k.n.KeyIO           MODE: taclets took 0ms 
269133     INFO  Test worker     d.u.i.k.n.KeyIO           Parsing took 0 ms 
269133     DEBUG Test worker     d.u.i.k.n.KeyIO           Load declarations of de.uka.ilkd.key.nparser.KeyAst$File:  <unknown>:1#1 
269133     INFO  Test worker     d.u.i.k.n.KeyIO           MODE: declarations took 0 ms 
269133     DEBUG Test worker     d.u.i.k.n.KeyIO           MODE: 2nd degree decls took 0 
269133     DEBUG Test worker     d.u.i.k.n.KeyIO           MODE: taclets took 0ms 
270274     INFO  Test worker     d.u.i.k.n.KeyIO           Parsing took 0 ms 
270274     DEBUG Test worker     d.u.i.k.n.KeyIO           Load declarations of de.uka.ilkd.key.nparser.KeyAst$File:  <unknown>:1#1 
270274     INFO  Test worker     d.u.i.k.n.KeyIO           MODE: declarations took 0 ms 
270274     DEBUG Test worker     d.u.i.k.n.KeyIO           MODE: 2nd degree decls took 0 
270274     DEBUG Test worker     d.u.i.k.n.KeyIO           MODE: taclets took 0ms 
271306     INFO  Test worker     d.u.i.k.n.KeyIO           Parsing took 0 ms 
271306     DEBUG Test worker     d.u.i.k.n.KeyIO           Load declarations of de.uka.ilkd.key.nparser.KeyAst$File:  <unknown>:1#1 
271306     INFO  Test worker     d.u.i.k.n.KeyIO           MODE: declarations took 0 ms 
271306     DEBUG Test worker     d.u.i.k.n.KeyIO           MODE: 2nd degree decls took 0 
271306     DEBUG Test worker     d.u.i.k.n.KeyIO           MODE: taclets took 0ms 
272432     INFO  Test worker     d.u.i.k.n.KeyIO           Parsing took 0 ms 
272432     DEBUG Test worker     d.u.i.k.n.KeyIO           Load declarations of de.uka.ilkd.key.nparser.KeyAst$File:  <unknown>:1#1 
272432     INFO  Test worker     d.u.i.k.n.KeyIO           MODE: declarations took 0 ms 
272432     DEBUG Test worker     d.u.i.k.n.KeyIO           MODE: 2nd degree decls took 0 
272432     DEBUG Test worker     d.u.i.k.n.KeyIO           MODE: taclets took 0ms 
273574     INFO  Test worker     d.u.i.k.n.KeyIO           Parsing took 0 ms 
273574     DEBUG Test worker     d.u.i.k.n.KeyIO           Load declarations of de.uka.ilkd.key.nparser.KeyAst$File:  <unknown>:1#1 
273589     INFO  Test worker     d.u.i.k.n.KeyIO           MODE: declarations took 15 ms 
273589     DEBUG Test worker     d.u.i.k.n.KeyIO           MODE: 2nd degree decls took 0 
273589     DEBUG Test worker     d.u.i.k.n.KeyIO           MODE: taclets took 0ms 
274684     INFO  Test worker     d.u.i.k.n.KeyIO           Parsing took 0 ms 
274684     DEBUG Test worker     d.u.i.k.n.KeyIO           Load declarations of de.uka.ilkd.key.nparser.KeyAst$File:  <unknown>:1#1 
274684     INFO  Test worker     d.u.i.k.n.KeyIO           MODE: declarations took 0 ms 
274684     DEBUG Test worker     d.u.i.k.n.KeyIO           MODE: 2nd degree decls took 0 
274684     DEBUG Test worker     d.u.i.k.n.KeyIO           MODE: taclets took 0ms 
275888     INFO  Test worker     d.u.i.k.n.KeyIO           Parsing took 0 ms 
275888     DEBUG Test worker     d.u.i.k.n.KeyIO           Load declarations of de.uka.ilkd.key.nparser.KeyAst$File:  <unknown>:1#1 
275888     INFO  Test worker     d.u.i.k.n.KeyIO           MODE: declarations took 0 ms 
275888     DEBUG Test worker     d.u.i.k.n.KeyIO           MODE: 2nd degree decls took 0 
275888     DEBUG Test worker     d.u.i.k.n.KeyIO           MODE: taclets took 0ms 
277029     INFO  Test worker     d.u.i.k.n.KeyIO           Parsing took 0 ms 
277029     DEBUG Test worker     d.u.i.k.n.KeyIO           Load declarations of de.uka.ilkd.key.nparser.KeyAst$File:  <unknown>:1#1 
277029     INFO  Test worker     d.u.i.k.n.KeyIO           MODE: declarations took 0 ms 
277029     DEBUG Test worker     d.u.i.k.n.KeyIO           MODE: 2nd degree decls took 0 
277029     DEBUG Test worker     d.u.i.k.n.KeyIO           MODE: taclets took 0ms 
278202     INFO  Test worker     d.u.i.k.n.KeyIO           Parsing took 0 ms 
278202     DEBUG Test worker     d.u.i.k.n.KeyIO           Load declarations of de.uka.ilkd.key.nparser.KeyAst$File:  <unknown>:1#1 
278202     INFO  Test worker     d.u.i.k.n.KeyIO           MODE: declarations took 0 ms 
278202     DEBUG Test worker     d.u.i.k.n.KeyIO           MODE: 2nd degree decls took 0 
278202     DEBUG Test worker     d.u.i.k.n.KeyIO           MODE: taclets took 0ms 
279280     INFO  Test worker     d.u.i.k.n.KeyIO           Parsing took 0 ms 
279280     DEBUG Test worker     d.u.i.k.n.KeyIO           Load declarations of de.uka.ilkd.key.nparser.KeyAst$File:  <unknown>:1#1 
279280     INFO  Test worker     d.u.i.k.n.KeyIO           MODE: declarations took 0 ms 
279280     DEBUG Test worker     d.u.i.k.n.KeyIO           MODE: 2nd degree decls took 0 
279280     DEBUG Test worker     d.u.i.k.n.KeyIO           MODE: taclets took 0ms 
]]></system-out>
  <system-err><![CDATA[]]></system-err>
</testsuite>
