<?xml version="1.0" encoding="UTF-8"?>
<testsuite name="de.uka.ilkd.key.rule.merge.PredicateAbstractionLatticeTests" tests="3" skipped="0" failures="0" errors="0" timestamp="2023-06-10T23:26:33" hostname="fv-az298-859" time="9.366">
  <properties/>
  <testcase name="testToAndFromString()" classname="de.uka.ilkd.key.rule.merge.PredicateAbstractionLatticeTests" time="4.54"/>
  <testcase name="testCreateSignLatticeWithPredicates()" classname="de.uka.ilkd.key.rule.merge.PredicateAbstractionLatticeTests" time="4.826"/>
  <testcase name="testTrivialPredicatesLattice()" classname="de.uka.ilkd.key.rule.merge.PredicateAbstractionLatticeTests" time="0.0"/>
  <system-out><![CDATA[802827     INFO  Test worker     d.u.i.k.p.i.AbstractProblemLoader Loading environment from src/test/resources/testcase/merge/dummy.key 
802827     DEBUG Test worker     d.u.i.k.p.i.AbstractProblemLoader Environment load took 111.1ns 
802828     INFO  Test worker     d.u.i.k.p.i.AbstractProblemLoader Creating init config 
807346     DEBUG Test worker     d.u.i.k.p.i.AbstractProblemLoader Init config took 4.52s 
807364     INFO  Test worker     d.u.i.k.p.i.AbstractProblemLoader Replaying proof dummy.key 
807365     DEBUG Test worker     d.u.i.k.p.i.IntermediateProofReplayer Proof replay took 8.9ns 
807367     INFO  Test worker     d.u.i.k.p.i.AbstractProblemLoader Loading environment from src/test/resources/testcase/merge/dummy.key 
807367     DEBUG Test worker     d.u.i.k.p.i.AbstractProblemLoader Environment load took 73ns 
807367     INFO  Test worker     d.u.i.k.p.i.AbstractProblemLoader Creating init config 
812167     DEBUG Test worker     d.u.i.k.p.i.AbstractProblemLoader Init config took 4.8s 
812188     INFO  Test worker     d.u.i.k.p.i.AbstractProblemLoader Replaying proof dummy.key 
812190     DEBUG Test worker     d.u.i.k.p.i.IntermediateProofReplayer Proof replay took 25.8ns 
]]></system-out>
  <system-err><![CDATA[]]></system-err>
</testsuite>
