<?xml version="1.0" encoding="UTF-8"?>
<testsuite name="de.uka.ilkd.key.parser.TestTermParserSorts" tests="2" skipped="0" failures="0" errors="0" timestamp="2023-06-10T23:24:00" hostname="fv-az298-859" time="4.589">
  <properties/>
  <testcase name="testParseIntegerArgs()" classname="de.uka.ilkd.key.parser.TestTermParserSorts" time="0.016"/>
  <testcase name="testParseSequencePrettySyntax()" classname="de.uka.ilkd.key.parser.TestTermParserSorts" time="0.003"/>
  <system-out><![CDATA[650002     INFO  Test worker     d.u.i.k.n.KeyIO           Parsing took 1 ms 
650002     DEBUG Test worker     d.u.i.k.n.KeyIO           Load declarations of de.uka.ilkd.key.nparser.KeyAst$File:  <unknown>:1#1 
650002     INFO  Test worker     d.u.i.k.n.KeyIO           MODE: declarations took 0 ms 
650002     DEBUG Test worker     d.u.i.k.n.KeyIO           MODE: 2nd degree decls took 0 
650002     INFO  Test worker     d.u.i.k.n.KeyIO           Parsing took 0 ms 
650002     DEBUG Test worker     d.u.i.k.n.KeyIO           Load declarations of de.uka.ilkd.key.nparser.KeyAst$File:  <unknown>:1#1 
650002     INFO  Test worker     d.u.i.k.n.KeyIO           MODE: declarations took 0 ms 
650002     DEBUG Test worker     d.u.i.k.n.KeyIO           MODE: 2nd degree decls took 0 
650002     INFO  Test worker     d.u.i.k.n.KeyIO           Parsing took 0 ms 
650002     DEBUG Test worker     d.u.i.k.n.KeyIO           Load declarations of de.uka.ilkd.key.nparser.KeyAst$File:  <unknown>:1#1 
650002     INFO  Test worker     d.u.i.k.n.KeyIO           MODE: declarations took 0 ms 
650002     DEBUG Test worker     d.u.i.k.n.KeyIO           MODE: 2nd degree decls took 0 
654587     INFO  Test worker     d.u.i.k.n.KeyIO           Parsing took 0 ms 
654588     DEBUG Test worker     d.u.i.k.n.KeyIO           Load declarations of de.uka.ilkd.key.nparser.KeyAst$File:  <unknown>:1#1 
654588     INFO  Test worker     d.u.i.k.n.KeyIO           MODE: declarations took 0 ms 
654588     DEBUG Test worker     d.u.i.k.n.KeyIO           MODE: 2nd degree decls took 0 
654588     INFO  Test worker     d.u.i.k.n.KeyIO           Parsing took 0 ms 
654588     DEBUG Test worker     d.u.i.k.n.KeyIO           Load declarations of de.uka.ilkd.key.nparser.KeyAst$File:  <unknown>:1#1 
654588     INFO  Test worker     d.u.i.k.n.KeyIO           MODE: declarations took 0 ms 
654588     DEBUG Test worker     d.u.i.k.n.KeyIO           MODE: 2nd degree decls took 0 
654588     INFO  Test worker     d.u.i.k.n.KeyIO           Parsing took 0 ms 
654588     DEBUG Test worker     d.u.i.k.n.KeyIO           Load declarations of de.uka.ilkd.key.nparser.KeyAst$File:  <unknown>:1#1 
654589     INFO  Test worker     d.u.i.k.n.KeyIO           MODE: declarations took 1 ms 
654589     DEBUG Test worker     d.u.i.k.n.KeyIO           MODE: 2nd degree decls took 0 
]]></system-out>
  <system-err><![CDATA[]]></system-err>
</testsuite>
