<?xml version="1.0" encoding="UTF-8"?>
<testsuite name="de.uka.ilkd.key.taclettranslation.TestTacletTranslator" tests="5" skipped="0" failures="0" errors="0" timestamp="2023-06-10T23:33:42" hostname="fv-az298-859" time="0.017">
  <properties/>
  <testcase name="testPropositional1()" classname="de.uka.ilkd.key.taclettranslation.TestTacletTranslator" time="0.006"/>
  <testcase name="testPropositional2()" classname="de.uka.ilkd.key.taclettranslation.TestTacletTranslator" time="0.002"/>
  <testcase name="testNegativePolarity()" classname="de.uka.ilkd.key.taclettranslation.TestTacletTranslator" time="0.003"/>
  <testcase name="testNoPolarity()" classname="de.uka.ilkd.key.taclettranslation.TestTacletTranslator" time="0.003"/>
  <testcase name="testPositivePolarity()" classname="de.uka.ilkd.key.taclettranslation.TestTacletTranslator" time="0.002"/>
  <system-out><![CDATA[1232388    INFO  Test worker     d.u.i.k.n.KeyIO           Parsing took 0 ms 
1232389    DEBUG Test worker     d.u.i.k.n.KeyIO           Load declarations of de.uka.ilkd.key.nparser.KeyAst$File:  <unknown>:1#1 
1232389    INFO  Test worker     d.u.i.k.n.KeyIO           MODE: declarations took 0 ms 
1232389    DEBUG Test worker     d.u.i.k.n.KeyIO           MODE: 2nd degree decls took 0 
1232390    DEBUG Test worker     d.u.i.k.n.KeyIO           MODE: taclets took 0ms 
1232394    INFO  Test worker     d.u.i.k.n.KeyIO           Parsing took 0 ms 
1232394    DEBUG Test worker     d.u.i.k.n.KeyIO           Load declarations of de.uka.ilkd.key.nparser.KeyAst$File:  <unknown>:1#1 
1232395    INFO  Test worker     d.u.i.k.n.KeyIO           MODE: declarations took 1 ms 
1232395    DEBUG Test worker     d.u.i.k.n.KeyIO           MODE: 2nd degree decls took 0 
1232395    DEBUG Test worker     d.u.i.k.n.KeyIO           MODE: taclets took 0ms 
1232397    INFO  Test worker     d.u.i.k.n.KeyIO           Parsing took 0 ms 
1232397    DEBUG Test worker     d.u.i.k.n.KeyIO           Load declarations of de.uka.ilkd.key.nparser.KeyAst$File:  <unknown>:1#1 
1232398    INFO  Test worker     d.u.i.k.n.KeyIO           MODE: declarations took 1 ms 
1232398    DEBUG Test worker     d.u.i.k.n.KeyIO           MODE: 2nd degree decls took 0 
1232398    DEBUG Test worker     d.u.i.k.n.KeyIO           MODE: taclets took 0ms 
1232400    INFO  Test worker     d.u.i.k.n.KeyIO           Parsing took 0 ms 
1232400    DEBUG Test worker     d.u.i.k.n.KeyIO           Load declarations of de.uka.ilkd.key.nparser.KeyAst$File:  <unknown>:1#1 
1232401    INFO  Test worker     d.u.i.k.n.KeyIO           MODE: declarations took 1 ms 
1232401    DEBUG Test worker     d.u.i.k.n.KeyIO           MODE: 2nd degree decls took 0 
1232401    DEBUG Test worker     d.u.i.k.n.KeyIO           MODE: taclets took 0ms 
1232403    INFO  Test worker     d.u.i.k.n.KeyIO           Parsing took 0 ms 
1232403    DEBUG Test worker     d.u.i.k.n.KeyIO           Load declarations of de.uka.ilkd.key.nparser.KeyAst$File:  <unknown>:1#1 
1232403    INFO  Test worker     d.u.i.k.n.KeyIO           MODE: declarations took 0 ms 
1232404    DEBUG Test worker     d.u.i.k.n.KeyIO           MODE: 2nd degree decls took 1 
1232404    DEBUG Test worker     d.u.i.k.n.KeyIO           MODE: taclets took 0ms 
]]></system-out>
  <system-err><![CDATA[]]></system-err>
</testsuite>
