<?xml version="1.0" encoding="UTF-8"?>
<testsuite name="de.uka.ilkd.key.parser.TestDeclParser" tests="14" skipped="2" failures="0" errors="0" timestamp="2023-06-10T23:18:30" hostname="fv-az298-859" time="17.125">
  <properties/>
  <testcase name="testGenericSortDecl1()" classname="de.uka.ilkd.key.parser.TestDeclParser" time="1.466"/>
  <testcase name="testGenericSortDecl2()" classname="de.uka.ilkd.key.parser.TestDeclParser" time="1.419"/>
  <testcase name="testGenericSortDecl3()" classname="de.uka.ilkd.key.parser.TestDeclParser" time="1.376"/>
  <testcase name="testGenericSortDecl4()" classname="de.uka.ilkd.key.parser.TestDeclParser" time="1.389"/>
  <testcase name="testGenericSortDecl5()" classname="de.uka.ilkd.key.parser.TestDeclParser" time="0.001">
    <skipped/>
  </testcase>
  <testcase name="testGenericSortDecl6()" classname="de.uka.ilkd.key.parser.TestDeclParser" time="1.365"/>
  <testcase name="testSortDecl()" classname="de.uka.ilkd.key.parser.TestDeclParser" time="1.434"/>
  <testcase name="testProxySortDecl()" classname="de.uka.ilkd.key.parser.TestDeclParser" time="1.493"/>
  <testcase name="testArrayDecl()" classname="de.uka.ilkd.key.parser.TestDeclParser" time="1.429"/>
  <testcase name="testAmbiguousDecls()" classname="de.uka.ilkd.key.parser.TestDeclParser" time="0.0">
    <skipped/>
  </testcase>
  <testcase name="testHeurDecl()" classname="de.uka.ilkd.key.parser.TestDeclParser" time="1.45"/>
  <testcase name="testFunctionDecl()" classname="de.uka.ilkd.key.parser.TestDeclParser" time="1.452"/>
  <testcase name="testPredicateDecl()" classname="de.uka.ilkd.key.parser.TestDeclParser" time="1.437"/>
  <testcase name="testSVDecl()" classname="de.uka.ilkd.key.parser.TestDeclParser" time="1.412"/>
  <system-out><![CDATA[321985     INFO  Test worker     d.u.i.k.n.KeyIO           Parsing took 0 ms 
321986     DEBUG Test worker     d.u.i.k.n.KeyIO           Load declarations of de.uka.ilkd.key.nparser.KeyAst$File:  <unknown>:1#1 
321986     INFO  Test worker     d.u.i.k.n.KeyIO           MODE: declarations took 0 ms 
321987     DEBUG Test worker     d.u.i.k.n.KeyIO           MODE: 2nd degree decls took 0 
321987     DEBUG Test worker     d.u.i.k.n.KeyIO           MODE: taclets took 0ms 
323405     INFO  Test worker     d.u.i.k.n.KeyIO           Parsing took 0 ms 
323406     DEBUG Test worker     d.u.i.k.n.KeyIO           Load declarations of de.uka.ilkd.key.nparser.KeyAst$File:  <unknown>:1#1 
323406     INFO  Test worker     d.u.i.k.n.KeyIO           MODE: declarations took 0 ms 
323407     DEBUG Test worker     d.u.i.k.n.KeyIO           MODE: 2nd degree decls took 0 
323407     DEBUG Test worker     d.u.i.k.n.KeyIO           MODE: taclets took 0ms 
324783     INFO  Test worker     d.u.i.k.n.KeyIO           Parsing took 0 ms 
324784     DEBUG Test worker     d.u.i.k.n.KeyIO           Load declarations of de.uka.ilkd.key.nparser.KeyAst$File:  <unknown>:1#1 
324784     INFO  Test worker     d.u.i.k.n.KeyIO           MODE: declarations took 0 ms 
324784     DEBUG Test worker     d.u.i.k.n.KeyIO           MODE: 2nd degree decls took 0 
324784     DEBUG Test worker     d.u.i.k.n.KeyIO           MODE: taclets took 0ms 
326171     INFO  Test worker     d.u.i.k.n.KeyIO           Parsing took 1 ms 
326171     DEBUG Test worker     d.u.i.k.n.KeyIO           Load declarations of de.uka.ilkd.key.nparser.KeyAst$File:  <unknown>:1#1 
326172     INFO  Test worker     d.u.i.k.n.KeyIO           MODE: declarations took 1 ms 
326172     DEBUG Test worker     d.u.i.k.n.KeyIO           MODE: 2nd degree decls took 0 
326172     DEBUG Test worker     d.u.i.k.n.KeyIO           MODE: taclets took 0ms 
327538     INFO  Test worker     d.u.i.k.n.KeyIO           Parsing took 0 ms 
327538     DEBUG Test worker     d.u.i.k.n.KeyIO           Load declarations of de.uka.ilkd.key.nparser.KeyAst$File:  <unknown>:1#1 
327539     INFO  Test worker     d.u.i.k.n.KeyIO           MODE: declarations took 1 ms 
327539     DEBUG Test worker     d.u.i.k.n.KeyIO           MODE: 2nd degree decls took 0 
327539     DEBUG Test worker     d.u.i.k.n.KeyIO           MODE: taclets took 0ms 
328970     INFO  Test worker     d.u.i.k.n.KeyIO           Parsing took 0 ms 
328970     DEBUG Test worker     d.u.i.k.n.KeyIO           Load declarations of de.uka.ilkd.key.nparser.KeyAst$File:  <unknown>:1#1 
328970     INFO  Test worker     d.u.i.k.n.KeyIO           MODE: declarations took 0 ms 
328970     DEBUG Test worker     d.u.i.k.n.KeyIO           MODE: 2nd degree decls took 0 
328970     DEBUG Test worker     d.u.i.k.n.KeyIO           MODE: taclets took 0ms 
330464     INFO  Test worker     d.u.i.k.n.KeyIO           Parsing took 0 ms 
330464     DEBUG Test worker     d.u.i.k.n.KeyIO           Load declarations of de.uka.ilkd.key.nparser.KeyAst$File:  <unknown>:1#1 
330465     INFO  Test worker     d.u.i.k.n.KeyIO           MODE: declarations took 1 ms 
330466     DEBUG Test worker     d.u.i.k.n.KeyIO           MODE: 2nd degree decls took 0 
330466     DEBUG Test worker     d.u.i.k.n.KeyIO           MODE: taclets took 0ms 
331894     INFO  Test worker     d.u.i.k.n.KeyIO           Parsing took 0 ms 
331895     DEBUG Test worker     d.u.i.k.n.KeyIO           Load declarations of de.uka.ilkd.key.nparser.KeyAst$File:  <unknown>:1#1 
331895     INFO  Test worker     d.u.i.k.n.KeyIO           MODE: declarations took 1 ms 
331895     DEBUG Test worker     d.u.i.k.n.KeyIO           MODE: 2nd degree decls took 0 
331895     DEBUG Test worker     d.u.i.k.n.KeyIO           MODE: taclets took 0ms 
333346     INFO  Test worker     d.u.i.k.n.KeyIO           Parsing took 0 ms 
333346     DEBUG Test worker     d.u.i.k.n.KeyIO           Load declarations of de.uka.ilkd.key.nparser.KeyAst$File:  <unknown>:1#1 
333346     INFO  Test worker     d.u.i.k.n.KeyIO           MODE: declarations took 0 ms 
333346     DEBUG Test worker     d.u.i.k.n.KeyIO           MODE: 2nd degree decls took 0 
333346     DEBUG Test worker     d.u.i.k.n.KeyIO           MODE: taclets took 0ms 
334797     INFO  Test worker     d.u.i.k.n.KeyIO           Parsing took 0 ms 
334798     DEBUG Test worker     d.u.i.k.n.KeyIO           Load declarations of de.uka.ilkd.key.nparser.KeyAst$File:  <unknown>:1#1 
334798     INFO  Test worker     d.u.i.k.n.KeyIO           MODE: declarations took 0 ms 
334798     DEBUG Test worker     d.u.i.k.n.KeyIO           MODE: 2nd degree decls took 0 
334798     DEBUG Test worker     d.u.i.k.n.KeyIO           MODE: taclets took 0ms 
336234     INFO  Test worker     d.u.i.k.n.KeyIO           Parsing took 0 ms 
336234     DEBUG Test worker     d.u.i.k.n.KeyIO           Load declarations of de.uka.ilkd.key.nparser.KeyAst$File:  <unknown>:1#1 
336234     INFO  Test worker     d.u.i.k.n.KeyIO           MODE: declarations took 0 ms 
336234     DEBUG Test worker     d.u.i.k.n.KeyIO           MODE: 2nd degree decls took 0 
336234     DEBUG Test worker     d.u.i.k.n.KeyIO           MODE: taclets took 0ms 
337646     INFO  Test worker     d.u.i.k.n.KeyIO           Parsing took 0 ms 
337647     DEBUG Test worker     d.u.i.k.n.KeyIO           Load declarations of de.uka.ilkd.key.nparser.KeyAst$File:  <unknown>:1#1 
337647     INFO  Test worker     d.u.i.k.n.KeyIO           MODE: declarations took 0 ms 
337647     DEBUG Test worker     d.u.i.k.n.KeyIO           MODE: 2nd degree decls took 0 
337647     DEBUG Test worker     d.u.i.k.n.KeyIO           MODE: taclets took 0ms 
]]></system-out>
  <system-err><![CDATA[]]></system-err>
</testsuite>
