<?xml version="1.0" encoding="UTF-8"?>
<testsuite name="de.uka.ilkd.key.logic.TestClashFreeSubst" tests="14" skipped="2" failures="0" errors="0" timestamp="2023-06-10T23:14:04" hostname="fv-az298-859" time="75.703">
  <properties/>
  <testcase name="testMultiShareBound()" classname="de.uka.ilkd.key.logic.TestClashFreeSubst" time="1.514"/>
  <testcase name="testClash()" classname="de.uka.ilkd.key.logic.TestClashFreeSubst" time="1.424"/>
  <testcase name="testShare()" classname="de.uka.ilkd.key.logic.TestClashFreeSubst" time="1.423"/>
  <testcase name="testSubst()" classname="de.uka.ilkd.key.logic.TestClashFreeSubst" time="1.375"/>
  <testcase name="testWary0()" classname="de.uka.ilkd.key.logic.TestClashFreeSubst" time="1.343"/>
  <testcase name="testWary1()" classname="de.uka.ilkd.key.logic.TestClashFreeSubst" time="1.327"/>
  <testcase name="testWary2()" classname="de.uka.ilkd.key.logic.TestClashFreeSubst" time="1.438"/>
  <testcase name="testClashInSubstTerm()" classname="de.uka.ilkd.key.logic.TestClashFreeSubst" time="1.397"/>
  <testcase name="testShareWary()" classname="de.uka.ilkd.key.logic.TestClashFreeSubst" time="1.39"/>
  <testcase name="testMultiSubst()" classname="de.uka.ilkd.key.logic.TestClashFreeSubst" time="1.347"/>
  <testcase name="xtestMultiClash()" classname="de.uka.ilkd.key.logic.TestClashFreeSubst" time="0.0">
    <skipped/>
  </testcase>
  <testcase name="testSubstInSubstTerm()" classname="de.uka.ilkd.key.logic.TestClashFreeSubst" time="1.401"/>
  <testcase name="testSubstWary()" classname="de.uka.ilkd.key.logic.TestClashFreeSubst" time="1.341"/>
  <testcase name="xtestMultiClash1()" classname="de.uka.ilkd.key.logic.TestClashFreeSubst" time="0.0">
    <skipped/>
  </testcase>
  <system-out><![CDATA[53912      INFO  Test worker     d.u.i.k.n.KeyIO           Parsing took 0 ms 
53912      DEBUG Test worker     d.u.i.k.n.KeyIO           Load declarations of de.uka.ilkd.key.nparser.KeyAst$File:  <unknown>:1#1 
53913      INFO  Test worker     d.u.i.k.n.KeyIO           MODE: declarations took 1 ms 
53913      DEBUG Test worker     d.u.i.k.n.KeyIO           MODE: 2nd degree decls took 0 
55414      INFO  Test worker     d.u.i.k.n.KeyIO           Parsing took 0 ms 
55415      DEBUG Test worker     d.u.i.k.n.KeyIO           Load declarations of de.uka.ilkd.key.nparser.KeyAst$File:  <unknown>:1#1 
55416      INFO  Test worker     d.u.i.k.n.KeyIO           MODE: declarations took 1 ms 
55418      DEBUG Test worker     d.u.i.k.n.KeyIO           MODE: 2nd degree decls took 0 
60195      INFO  Test worker     d.u.i.k.n.KeyIO           Parsing took 0 ms 
60195      DEBUG Test worker     d.u.i.k.n.KeyIO           Load declarations of de.uka.ilkd.key.nparser.KeyAst$File:  <unknown>:1#1 
60195      INFO  Test worker     d.u.i.k.n.KeyIO           MODE: declarations took 0 ms 
60196      DEBUG Test worker     d.u.i.k.n.KeyIO           MODE: 2nd degree decls took 0 
61614      INFO  Test worker     d.u.i.k.n.KeyIO           Parsing took 0 ms 
61615      DEBUG Test worker     d.u.i.k.n.KeyIO           Load declarations of de.uka.ilkd.key.nparser.KeyAst$File:  <unknown>:1#1 
61615      INFO  Test worker     d.u.i.k.n.KeyIO           MODE: declarations took 0 ms 
61615      DEBUG Test worker     d.u.i.k.n.KeyIO           MODE: 2nd degree decls took 0 
66266      INFO  Test worker     d.u.i.k.n.KeyIO           Parsing took 0 ms 
66266      DEBUG Test worker     d.u.i.k.n.KeyIO           Load declarations of de.uka.ilkd.key.nparser.KeyAst$File:  <unknown>:1#1 
66266      INFO  Test worker     d.u.i.k.n.KeyIO           MODE: declarations took 0 ms 
66266      DEBUG Test worker     d.u.i.k.n.KeyIO           MODE: 2nd degree decls took 0 
67686      INFO  Test worker     d.u.i.k.n.KeyIO           Parsing took 0 ms 
67687      DEBUG Test worker     d.u.i.k.n.KeyIO           Load declarations of de.uka.ilkd.key.nparser.KeyAst$File:  <unknown>:1#1 
67687      INFO  Test worker     d.u.i.k.n.KeyIO           MODE: declarations took 0 ms 
67687      DEBUG Test worker     d.u.i.k.n.KeyIO           MODE: 2nd degree decls took 0 
72308      INFO  Test worker     d.u.i.k.n.KeyIO           Parsing took 0 ms 
72308      DEBUG Test worker     d.u.i.k.n.KeyIO           Load declarations of de.uka.ilkd.key.nparser.KeyAst$File:  <unknown>:1#1 
72309      INFO  Test worker     d.u.i.k.n.KeyIO           MODE: declarations took 1 ms 
72309      DEBUG Test worker     d.u.i.k.n.KeyIO           MODE: 2nd degree decls took 0 
73681      INFO  Test worker     d.u.i.k.n.KeyIO           Parsing took 0 ms 
73681      DEBUG Test worker     d.u.i.k.n.KeyIO           Load declarations of de.uka.ilkd.key.nparser.KeyAst$File:  <unknown>:1#1 
73681      INFO  Test worker     d.u.i.k.n.KeyIO           MODE: declarations took 0 ms 
73681      DEBUG Test worker     d.u.i.k.n.KeyIO           MODE: 2nd degree decls took 0 
78260      INFO  Test worker     d.u.i.k.n.KeyIO           Parsing took 1 ms 
78260      DEBUG Test worker     d.u.i.k.n.KeyIO           Load declarations of de.uka.ilkd.key.nparser.KeyAst$File:  <unknown>:1#1 
78260      INFO  Test worker     d.u.i.k.n.KeyIO           MODE: declarations took 0 ms 
78260      DEBUG Test worker     d.u.i.k.n.KeyIO           MODE: 2nd degree decls took 0 
79599      INFO  Test worker     d.u.i.k.n.KeyIO           Parsing took 0 ms 
79599      DEBUG Test worker     d.u.i.k.n.KeyIO           Load declarations of de.uka.ilkd.key.nparser.KeyAst$File:  <unknown>:1#1 
79600      INFO  Test worker     d.u.i.k.n.KeyIO           MODE: declarations took 1 ms 
79600      DEBUG Test worker     d.u.i.k.n.KeyIO           MODE: 2nd degree decls took 0 
84119      INFO  Test worker     d.u.i.k.n.KeyIO           Parsing took 0 ms 
84119      DEBUG Test worker     d.u.i.k.n.KeyIO           Load declarations of de.uka.ilkd.key.nparser.KeyAst$File:  <unknown>:1#1 
84119      INFO  Test worker     d.u.i.k.n.KeyIO           MODE: declarations took 0 ms 
84119      DEBUG Test worker     d.u.i.k.n.KeyIO           MODE: 2nd degree decls took 0 
85442      INFO  Test worker     d.u.i.k.n.KeyIO           Parsing took 0 ms 
85442      DEBUG Test worker     d.u.i.k.n.KeyIO           Load declarations of de.uka.ilkd.key.nparser.KeyAst$File:  <unknown>:1#1 
85442      INFO  Test worker     d.u.i.k.n.KeyIO           MODE: declarations took 0 ms 
85442      DEBUG Test worker     d.u.i.k.n.KeyIO           MODE: 2nd degree decls took 0 
89974      INFO  Test worker     d.u.i.k.n.KeyIO           Parsing took 0 ms 
89974      DEBUG Test worker     d.u.i.k.n.KeyIO           Load declarations of de.uka.ilkd.key.nparser.KeyAst$File:  <unknown>:1#1 
89977      INFO  Test worker     d.u.i.k.n.KeyIO           MODE: declarations took 3 ms 
89977      DEBUG Test worker     d.u.i.k.n.KeyIO           MODE: 2nd degree decls took 0 
91406      INFO  Test worker     d.u.i.k.n.KeyIO           Parsing took 0 ms 
91406      DEBUG Test worker     d.u.i.k.n.KeyIO           Load declarations of de.uka.ilkd.key.nparser.KeyAst$File:  <unknown>:1#1 
91406      INFO  Test worker     d.u.i.k.n.KeyIO           MODE: declarations took 0 ms 
91407      DEBUG Test worker     d.u.i.k.n.KeyIO           MODE: 2nd degree decls took 1 
95874      INFO  Test worker     d.u.i.k.n.KeyIO           Parsing took 0 ms 
95875      DEBUG Test worker     d.u.i.k.n.KeyIO           Load declarations of de.uka.ilkd.key.nparser.KeyAst$File:  <unknown>:1#1 
95877      INFO  Test worker     d.u.i.k.n.KeyIO           MODE: declarations took 2 ms 
95878      DEBUG Test worker     d.u.i.k.n.KeyIO           MODE: 2nd degree decls took 0 
97265      INFO  Test worker     d.u.i.k.n.KeyIO           Parsing took 0 ms 
97266      DEBUG Test worker     d.u.i.k.n.KeyIO           Load declarations of de.uka.ilkd.key.nparser.KeyAst$File:  <unknown>:1#1 
97267      INFO  Test worker     d.u.i.k.n.KeyIO           MODE: declarations took 1 ms 
97267      DEBUG Test worker     d.u.i.k.n.KeyIO           MODE: 2nd degree decls took 0 
101735     INFO  Test worker     d.u.i.k.n.KeyIO           Parsing took 0 ms 
101735     DEBUG Test worker     d.u.i.k.n.KeyIO           Load declarations of de.uka.ilkd.key.nparser.KeyAst$File:  <unknown>:1#1 
101736     INFO  Test worker     d.u.i.k.n.KeyIO           MODE: declarations took 1 ms 
101736     DEBUG Test worker     d.u.i.k.n.KeyIO           MODE: 2nd degree decls took 0 
103116     INFO  Test worker     d.u.i.k.n.KeyIO           Parsing took 0 ms 
103117     DEBUG Test worker     d.u.i.k.n.KeyIO           Load declarations of de.uka.ilkd.key.nparser.KeyAst$File:  <unknown>:1#1 
103117     INFO  Test worker     d.u.i.k.n.KeyIO           MODE: declarations took 0 ms 
103118     DEBUG Test worker     d.u.i.k.n.KeyIO           MODE: 2nd degree decls took 0 
107642     INFO  Test worker     d.u.i.k.n.KeyIO           Parsing took 0 ms 
107643     DEBUG Test worker     d.u.i.k.n.KeyIO           Load declarations of de.uka.ilkd.key.nparser.KeyAst$File:  <unknown>:1#1 
107643     INFO  Test worker     d.u.i.k.n.KeyIO           MODE: declarations took 0 ms 
107644     DEBUG Test worker     d.u.i.k.n.KeyIO           MODE: 2nd degree decls took 0 
108985     INFO  Test worker     d.u.i.k.n.KeyIO           Parsing took 0 ms 
108985     DEBUG Test worker     d.u.i.k.n.KeyIO           Load declarations of de.uka.ilkd.key.nparser.KeyAst$File:  <unknown>:1#1 
108986     INFO  Test worker     d.u.i.k.n.KeyIO           MODE: declarations took 1 ms 
108986     DEBUG Test worker     d.u.i.k.n.KeyIO           MODE: 2nd degree decls took 0 
118061     INFO  Test worker     d.u.i.k.n.KeyIO           Parsing took 0 ms 
118062     DEBUG Test worker     d.u.i.k.n.KeyIO           Load declarations of de.uka.ilkd.key.nparser.KeyAst$File:  <unknown>:1#1 
118062     INFO  Test worker     d.u.i.k.n.KeyIO           MODE: declarations took 0 ms 
118062     DEBUG Test worker     d.u.i.k.n.KeyIO           MODE: 2nd degree decls took 0 
119459     INFO  Test worker     d.u.i.k.n.KeyIO           Parsing took 0 ms 
119459     DEBUG Test worker     d.u.i.k.n.KeyIO           Load declarations of de.uka.ilkd.key.nparser.KeyAst$File:  <unknown>:1#1 
119459     INFO  Test worker     d.u.i.k.n.KeyIO           MODE: declarations took 0 ms 
119460     DEBUG Test worker     d.u.i.k.n.KeyIO           MODE: 2nd degree decls took 0 
123912     INFO  Test worker     d.u.i.k.n.KeyIO           Parsing took 0 ms 
123912     DEBUG Test worker     d.u.i.k.n.KeyIO           Load declarations of de.uka.ilkd.key.nparser.KeyAst$File:  <unknown>:1#1 
123913     INFO  Test worker     d.u.i.k.n.KeyIO           MODE: declarations took 1 ms 
123913     DEBUG Test worker     d.u.i.k.n.KeyIO           MODE: 2nd degree decls took 0 
125251     INFO  Test worker     d.u.i.k.n.KeyIO           Parsing took 1 ms 
125251     DEBUG Test worker     d.u.i.k.n.KeyIO           Load declarations of de.uka.ilkd.key.nparser.KeyAst$File:  <unknown>:1#1 
125251     INFO  Test worker     d.u.i.k.n.KeyIO           MODE: declarations took 0 ms 
125251     DEBUG Test worker     d.u.i.k.n.KeyIO           MODE: 2nd degree decls took 0 
]]></system-out>
  <system-err><![CDATA[]]></system-err>
</testsuite>
