<?xml version="1.0" encoding="UTF-8"?>
<testsuite name="de.uka.ilkd.key.proof.TestOneStepSimplifier" tests="1" skipped="0" failures="0" errors="0" timestamp="2023-06-10T23:24:04" hostname="fv-az298-859" time="5.775">
  <properties/>
  <testcase name="loadWithRestriction()" classname="de.uka.ilkd.key.proof.TestOneStepSimplifier" time="5.775"/>
  <system-out><![CDATA[654621     INFO  Test worker     d.u.i.k.p.i.AbstractProblemLoader Loading environment from src/test/resources/testcase/ossRestriction.proof 
654621     DEBUG Test worker     d.u.i.k.p.i.AbstractProblemLoader Environment load took 82.7ns 
654622     INFO  Test worker     d.u.i.k.p.i.AbstractProblemLoader Creating init config 
654824     DEBUG Test worker     d.u.i.k.j.TypeConverter   No LDT found for Meta 
654825     DEBUG Test worker     d.u.i.k.j.TypeConverter   No LDT found for Meta 
654826     DEBUG Test worker     d.u.i.k.j.TypeConverter   No LDT found for Meta 
654826     DEBUG Test worker     d.u.i.k.j.TypeConverter   No LDT found for Meta 
655596     DEBUG Test worker     d.u.i.k.j.TypeConverter   No LDT found for JavaBigintExpression 
660356     DEBUG Test worker     d.u.i.k.p.i.AbstractProblemLoader Init config took 5.73s 
660381     INFO  Test worker     d.u.i.k.p.i.AbstractProblemLoader Replaying proof ossRestriction.proof 
660386     DEBUG Test worker     d.u.i.k.p.i.IntermediateProofReplayer Proof replay took 1.12ms 
]]></system-out>
  <system-err><![CDATA[]]></system-err>
</testsuite>
