<?xml version="1.0" encoding="UTF-8"?>
<testsuite name="de.uka.ilkd.key.smt.newsmt2.ProveSMTLemmasTest" tests="25" skipped="0" failures="0" errors="0" timestamp="2023-06-10T23:30:35" hostname="fv-az298-859" time="118.712">
  <properties/>
  <testcase name="[1] jmod.dl, &#10;\forall int divNum; \forall int divDenom;&#10;  jmod(divNum,divDenom) =&#10;    divNum + jdiv(divNum,divDenom)*(-1)*divDenom&#10;" classname="de.uka.ilkd.key.smt.newsmt2.ProveSMTLemmasTest" time="4.816"/>
  <testcase name="[2] seqSub.dl, &#10;    \forall Seq seq;&#10;    \forall int from;&#10;    \forall int to;&#10;    \forall int idx;&#10;        any::seqGet(seqSub(seq, from, to)&lt;&lt;Trigger&gt;&gt;, idx)&#10;      = \if(0 &lt;= idx &amp; idx &lt; (to - from))&#10;        \then(any::seqGet(seq, idx + from))&#10;        \else(seqGetOutside)&#10;" classname="de.uka.ilkd.key.smt.newsmt2.ProveSMTLemmasTest" time="4.804"/>
  <testcase name="[3] seqGetOutside.dl, &#10;    \forall int i; \forall Seq s; ( i &lt; 0 | i &gt;= seqLen(s) -&gt; any::seqGet(s, i)&lt;&lt;Trigger&gt;&gt; = seqGetOutside )&#10;" classname="de.uka.ilkd.key.smt.newsmt2.ProveSMTLemmasTest" time="4.802"/>
  <testcase name="[4] singleton.dl, &#10;  \forall Object o; \forall Field f; \forall Object o2; \forall Field f2;&#10;    ( elementOf(o,f, singleton(o2,f2))&lt;&lt;Trigger&gt;&gt; &lt;-&gt;&#10;      o = o2 &amp; f = f2 )&#10;" classname="de.uka.ilkd.key.smt.newsmt2.ProveSMTLemmasTest" time="4.788"/>
  <testcase name="[5] allFields.dl, &#10;  \forall Object o; \forall Field f; \forall Object o2;&#10;    ( elementOf(o,f, allFields(o2))&lt;&lt;Trigger&gt;&gt; &lt;-&gt;&#10;       o = o2 )&#10;" classname="de.uka.ilkd.key.smt.newsmt2.ProveSMTLemmasTest" time="4.761"/>
  <testcase name="[6] create.dl, &#10;  \forall Heap h; \forall Object o; \forall Object o2; \forall Field f;&#10;      any::select(create(h, o), o2, f)&lt;&lt;Trigger&gt;&gt; =&#10;         \if(o = o2 &amp; o != null &amp; f = java.lang.Object::&lt;created&gt;)&#10;         \then(TRUE)&#10;         \else(any::select(h, o2, f))&#10;" classname="de.uka.ilkd.key.smt.newsmt2.ProveSMTLemmasTest" time="4.739"/>
  <testcase name="[7] seqEmpty.dl, &#10;    seqLen(seqEmpty) = 0&#10;&#10;" classname="de.uka.ilkd.key.smt.newsmt2.ProveSMTLemmasTest" time="4.797"/>
  <testcase name="[8] union.dl, &#10;  \forall Object o; \forall Field f; \forall LocSet l1; \forall LocSet l2;&#10;     ( elementOf(o, f, union(l1, l2))&lt;&lt;Trigger&gt;&gt; &lt;-&gt; elementOf(o,f,l1) | elementOf(o,f,l2) )&#10;" classname="de.uka.ilkd.key.smt.newsmt2.ProveSMTLemmasTest" time="4.798"/>
  <testcase name="[9] seqConcat.dl.2, &#10;    \forall Seq s1; \forall Seq s2; seqLen(seqConcat(s1,s2)&lt;&lt;Trigger&gt;&gt;) = seqLen(s1) + seqLen(s2)&#10;&#10;" classname="de.uka.ilkd.key.smt.newsmt2.ProveSMTLemmasTest" time="4.745"/>
  <testcase name="[10] wellFormed.dl, &#10;  \forall Heap h; \forall Object o; \forall Field f; (wellFormed(h) -&gt;&#10;      boolean::select(h, (java.lang.Object::select(h, o, f))&lt;&lt;Trigger&gt;&gt;, java.lang.Object::&lt;created&gt;) = TRUE&#10;    | (java.lang.Object::select(h, o, f)) = null)&#10;" classname="de.uka.ilkd.key.smt.newsmt2.ProveSMTLemmasTest" time="4.739"/>
  <testcase name="[11] jdiv.dl, &#10;\forall int divNum; \forall int divDenom;&#10;  jdiv(divNum,divDenom) =&#10;         \if (divNum &gt;= 0)&#10;         \then (div(divNum,divDenom))&#10;         \else (div(divNum*(-1),divDenom)*(-1))&#10;" classname="de.uka.ilkd.key.smt.newsmt2.ProveSMTLemmasTest" time="4.689"/>
  <testcase name="[12] empty.dl, &#10;  \forall Object o; \forall Field f; ( elementOf(o,f,empty)&lt;&lt;Trigger&gt;&gt; &lt;-&gt; false )&#10;" classname="de.uka.ilkd.key.smt.newsmt2.ProveSMTLemmasTest" time="4.751"/>
  <testcase name="[13] allLocs.dl, &#10;  \forall Object o; \forall Field f; ( elementOf(o,f,allLocs)&lt;&lt;Trigger&gt;&gt; &lt;-&gt; true )&#10;" classname="de.uka.ilkd.key.smt.newsmt2.ProveSMTLemmasTest" time="4.711"/>
  <testcase name="[14] arrayRange.dl, &#10;  \forall Object o; \forall Object o2; \forall Field f; \forall int lo; \forall int hi;&#10;    (elementOf(o,f, arrayRange(o2, lo, hi))&lt;&lt;Trigger&gt;&gt; &lt;-&gt;&#10;      o = o2 &amp; \exists int iv; (f = arr(iv) &amp; lo &lt;= iv &amp; iv &lt;= hi))&#10;" classname="de.uka.ilkd.key.smt.newsmt2.ProveSMTLemmasTest" time="4.812"/>
  <testcase name="[15] seqConcat.dl, &#10;    \forall int i; \forall Seq s1; \forall Seq s2; ( 0 &lt;= i &amp; i &lt; seqLen(s1) + seqLen(s2) -&gt;&#10;        any::seqGet(seqConcat(s1, s2), i) =&#10;            \if (i &lt; seqLen(s1)) \then (any::seqGet(s1, i)) \else (any::seqGet(s2, i-seqLen(s1))))&#10;&#10;" classname="de.uka.ilkd.key.smt.newsmt2.ProveSMTLemmasTest" time="4.716"/>
  <testcase name="[16] seqLen.dl, &#10;    \forall Seq s; seqLen(s)&lt;&lt;Trigger&gt;&gt; &gt;= 0&#10;" classname="de.uka.ilkd.key.smt.newsmt2.ProveSMTLemmasTest" time="4.659"/>
  <testcase name="[17] length.dl, &#10;    \forall Object o; length(o) &gt;= 0&#10;" classname="de.uka.ilkd.key.smt.newsmt2.ProveSMTLemmasTest" time="4.757"/>
  <testcase name="[18] freshLocs.dl, &#10;  \forall Heap h; \forall Object o; \forall Field f;&#10;     ( elementOf(o,f,freshLocs(h))&lt;&lt;Trigger&gt;&gt; &lt;-&gt;&#10;        o != null &amp; !boolean::select(h,o,java.lang.Object::&lt;created&gt;)=TRUE )&#10;" classname="de.uka.ilkd.key.smt.newsmt2.ProveSMTLemmasTest" time="4.689"/>
  <testcase name="[19] anon.dl, &#10;    \forall Heap h; \forall Object o; \forall Field f; \forall Heap h2; \forall LocSet ls;&#10;      any::select(anon(h, ls, h2), o, f)&lt;&lt;Trigger&gt;&gt; =&#10;         \if(elementOf(o, f, ls) &amp; f != java.lang.Object::&lt;created&gt;&#10;           | elementOf(o, f, freshLocs(h)))&#10;         \then(any::select(h2, o, f))&#10;         \else(any::select(h, o, f))&#10;" classname="de.uka.ilkd.key.smt.newsmt2.ProveSMTLemmasTest" time="4.758"/>
  <testcase name="[20] memset.dl, &#10;    \forall Heap h; \forall LocSet s; \forall any x; \forall Object o; \forall Field f;&#10;      any::select(memset(h, s, x), o, f)&lt;&lt;Trigger&gt;&gt; =&#10;         \if(elementOf(o, f, s) &amp; f != java.lang.Object::&lt;created&gt;)&#10;         \then(x)&#10;         \else(any::select(h, o, f))&#10;" classname="de.uka.ilkd.key.smt.newsmt2.ProveSMTLemmasTest" time="4.977"/>
  <testcase name="[21] store.dl, &#10;    \forall Heap h; \forall Object o; \forall Field f; \forall Object o2; \forall Field f2; \forall any v;&#10;      any::select(store(h,o,f,v), o2, f2)&lt;&lt;Trigger&gt;&gt; =&#10;         \if(o = o2 &amp; f = f2 &amp; f != java.lang.Object::&lt;created&gt;)&#10;         \then(v)&#10;         \else(any::select(h, o2, f2))&#10;" classname="de.uka.ilkd.key.smt.newsmt2.ProveSMTLemmasTest" time="4.778"/>
  <testcase name="[22] seqSub.dl.2, &#10;    \forall Seq seq;&#10;    \forall int from;&#10;    \forall int to;&#10;        seqLen(seqSub(seq, from, to)&lt;&lt;Trigger&gt;&gt;)&#10;      = \if(from &lt; to)\then(to - from)\else(0)&#10;" classname="de.uka.ilkd.key.smt.newsmt2.ProveSMTLemmasTest" time="4.658"/>
  <testcase name="[23] seqSingleton.dl, &#10;    \forall any x; any::seqGet(seqSingleton(x)&lt;&lt;Trigger&gt;&gt;, 0) = x&#10;&#10;" classname="de.uka.ilkd.key.smt.newsmt2.ProveSMTLemmasTest" time="4.586"/>
  <testcase name="[24] seqSingleton.dl.2, &#10;    \forall any x; seqLen(seqSingleton(x)&lt;&lt;Trigger&gt;&gt;) = 1&#10;&#10;" classname="de.uka.ilkd.key.smt.newsmt2.ProveSMTLemmasTest" time="4.662"/>
  <testcase name="[25] null.dl, &#10;     \forall any x; ((Null::instance(x))&lt;&lt;Trigger&gt;&gt; = TRUE -&gt; x = null) &#10;" classname="de.uka.ilkd.key.smt.newsmt2.ProveSMTLemmasTest" time="4.717"/>
  <system-out><![CDATA[1045596    INFO  Test worker     d.u.i.k.s.n.ProveSMTLemmasTest Now processing file /home/runner/work/key/key/key.core/build/resources/test/de/uka/ilkd/key/smt/newsmt2/SMT_lemma_jmod.dl.proof 
1045596    INFO  Test worker     d.u.i.k.p.i.AbstractProblemLoader Loading environment from /home/runner/work/key/key/key.core/build/resources/test/de/uka/ilkd/key/smt/newsmt2/SMT_lemma_jmod.dl.proof 
1045597    DEBUG Test worker     d.u.i.k.p.i.AbstractProblemLoader Environment load took 131.9ns 
1045598    INFO  Test worker     d.u.i.k.p.i.AbstractProblemLoader Creating init config 
1050285    DEBUG Test worker     d.u.i.k.p.i.AbstractProblemLoader Init config took 4.69s 
1050302    INFO  Test worker     d.u.i.k.p.i.AbstractProblemLoader Replaying proof SMT_lemma_jmod.dl.proof 
1050308    DEBUG Test worker     d.u.i.k.p.i.IntermediateProofReplayer Proof replay took 3.35ms 
1050413    INFO  Test worker     d.u.i.k.s.n.ProveSMTLemmasTest Now processing file /tmp/SMT_lemma_seqSub.dl_3411413466573429916.key 
1050414    INFO  Test worker     d.u.i.k.p.i.AbstractProblemLoader Loading environment from /tmp/SMT_lemma_seqSub.dl_3411413466573429916.key 
1050414    DEBUG Test worker     d.u.i.k.p.i.AbstractProblemLoader Environment load took 94.8ns 
1050415    INFO  Test worker     d.u.i.k.p.i.AbstractProblemLoader Creating init config 
1055095    DEBUG Test worker     d.u.i.k.p.i.AbstractProblemLoader Init config took 4.68s 
1055111    INFO  Test worker     d.u.i.k.p.i.AbstractProblemLoader Replaying proof SMT_lemma_seqSub.dl_3411413466573429916.key 
1055112    DEBUG Test worker     d.u.i.k.p.i.IntermediateProofReplayer Proof replay took 8.8ns 
1055216    INFO  Test worker     d.u.i.k.s.n.ProveSMTLemmasTest Now processing file /home/runner/work/key/key/key.core/build/resources/test/de/uka/ilkd/key/smt/newsmt2/SMT_lemma_seqGetOutside.dl.proof 
1055217    INFO  Test worker     d.u.i.k.p.i.AbstractProblemLoader Loading environment from /home/runner/work/key/key/key.core/build/resources/test/de/uka/ilkd/key/smt/newsmt2/SMT_lemma_seqGetOutside.dl.proof 
1055217    DEBUG Test worker     d.u.i.k.p.i.AbstractProblemLoader Environment load took 83.2ns 
1055218    INFO  Test worker     d.u.i.k.p.i.AbstractProblemLoader Creating init config 
1059882    DEBUG Test worker     d.u.i.k.p.i.AbstractProblemLoader Init config took 4.66s 
1059898    INFO  Test worker     d.u.i.k.p.i.AbstractProblemLoader Replaying proof SMT_lemma_seqGetOutside.dl.proof 
1059914    DEBUG Test worker     d.u.i.k.p.i.IntermediateProofReplayer Proof replay took 13.19ms 
1060018    INFO  Test worker     d.u.i.k.s.n.ProveSMTLemmasTest Now processing file /tmp/SMT_lemma_singleton.dl_6467986305960294236.key 
1060018    INFO  Test worker     d.u.i.k.p.i.AbstractProblemLoader Loading environment from /tmp/SMT_lemma_singleton.dl_6467986305960294236.key 
1060018    DEBUG Test worker     d.u.i.k.p.i.AbstractProblemLoader Environment load took 60.9ns 
1060019    INFO  Test worker     d.u.i.k.p.i.AbstractProblemLoader Creating init config 
1064687    DEBUG Test worker     d.u.i.k.p.i.AbstractProblemLoader Init config took 4.67s 
1064702    INFO  Test worker     d.u.i.k.p.i.AbstractProblemLoader Replaying proof SMT_lemma_singleton.dl_6467986305960294236.key 
1064703    DEBUG Test worker     d.u.i.k.p.i.IntermediateProofReplayer Proof replay took 9.6ns 
1064807    INFO  Test worker     d.u.i.k.s.n.ProveSMTLemmasTest Now processing file /tmp/SMT_lemma_allFields.dl_6009131638424518561.key 
1064807    INFO  Test worker     d.u.i.k.p.i.AbstractProblemLoader Loading environment from /tmp/SMT_lemma_allFields.dl_6009131638424518561.key 
1064807    DEBUG Test worker     d.u.i.k.p.i.AbstractProblemLoader Environment load took 146.4ns 
1064808    INFO  Test worker     d.u.i.k.p.i.AbstractProblemLoader Creating init config 
1069445    DEBUG Test worker     d.u.i.k.p.i.AbstractProblemLoader Init config took 4.64s 
1069463    INFO  Test worker     d.u.i.k.p.i.AbstractProblemLoader Replaying proof SMT_lemma_allFields.dl_6009131638424518561.key 
1069465    DEBUG Test worker     d.u.i.k.p.i.IntermediateProofReplayer Proof replay took 10.5ns 
1069568    INFO  Test worker     d.u.i.k.s.n.ProveSMTLemmasTest Now processing file /tmp/SMT_lemma_create.dl_13220052058570043510.key 
1069569    INFO  Test worker     d.u.i.k.p.i.AbstractProblemLoader Loading environment from /tmp/SMT_lemma_create.dl_13220052058570043510.key 
1069569    DEBUG Test worker     d.u.i.k.p.i.AbstractProblemLoader Environment load took 76.4ns 
1069571    INFO  Test worker     d.u.i.k.p.i.AbstractProblemLoader Creating init config 
1074182    DEBUG Test worker     d.u.i.k.p.i.AbstractProblemLoader Init config took 4.61s 
1074203    INFO  Test worker     d.u.i.k.p.i.AbstractProblemLoader Replaying proof SMT_lemma_create.dl_13220052058570043510.key 
1074204    DEBUG Test worker     d.u.i.k.p.i.IntermediateProofReplayer Proof replay took 9.7ns 
1074307    INFO  Test worker     d.u.i.k.s.n.ProveSMTLemmasTest Now processing file /tmp/SMT_lemma_seqEmpty.dl_17756362253917729961.key 
1074308    INFO  Test worker     d.u.i.k.p.i.AbstractProblemLoader Loading environment from /tmp/SMT_lemma_seqEmpty.dl_17756362253917729961.key 
1074308    DEBUG Test worker     d.u.i.k.p.i.AbstractProblemLoader Environment load took 77.8ns 
1074309    INFO  Test worker     d.u.i.k.p.i.AbstractProblemLoader Creating init config 
1078984    DEBUG Test worker     d.u.i.k.p.i.AbstractProblemLoader Init config took 4.68s 
1078999    INFO  Test worker     d.u.i.k.p.i.AbstractProblemLoader Replaying proof SMT_lemma_seqEmpty.dl_17756362253917729961.key 
1079001    DEBUG Test worker     d.u.i.k.p.i.IntermediateProofReplayer Proof replay took 10ns 
1079104    INFO  Test worker     d.u.i.k.s.n.ProveSMTLemmasTest Now processing file /tmp/SMT_lemma_union.dl_1467862603169256498.key 
1079105    INFO  Test worker     d.u.i.k.p.i.AbstractProblemLoader Loading environment from /tmp/SMT_lemma_union.dl_1467862603169256498.key 
1079105    DEBUG Test worker     d.u.i.k.p.i.AbstractProblemLoader Environment load took 168.7ns 
1079106    INFO  Test worker     d.u.i.k.p.i.AbstractProblemLoader Creating init config 
1083782    DEBUG Test worker     d.u.i.k.p.i.AbstractProblemLoader Init config took 4.68s 
1083798    INFO  Test worker     d.u.i.k.p.i.AbstractProblemLoader Replaying proof SMT_lemma_union.dl_1467862603169256498.key 
1083799    DEBUG Test worker     d.u.i.k.p.i.IntermediateProofReplayer Proof replay took 8.5ns 
1083902    INFO  Test worker     d.u.i.k.s.n.ProveSMTLemmasTest Now processing file /tmp/SMT_lemma_seqConcat.dl.2_10445298199845449317.key 
1083903    INFO  Test worker     d.u.i.k.p.i.AbstractProblemLoader Loading environment from /tmp/SMT_lemma_seqConcat.dl.2_10445298199845449317.key 
1083903    DEBUG Test worker     d.u.i.k.p.i.AbstractProblemLoader Environment load took 81ns 
1083904    INFO  Test worker     d.u.i.k.p.i.AbstractProblemLoader Creating init config 
1088527    DEBUG Test worker     d.u.i.k.p.i.AbstractProblemLoader Init config took 4.62s 
1088543    INFO  Test worker     d.u.i.k.p.i.AbstractProblemLoader Replaying proof SMT_lemma_seqConcat.dl.2_10445298199845449317.key 
1088545    DEBUG Test worker     d.u.i.k.p.i.IntermediateProofReplayer Proof replay took 9.9ns 
1088648    INFO  Test worker     d.u.i.k.s.n.ProveSMTLemmasTest Now processing file /tmp/SMT_lemma_wellFormed.dl_16427361431075469724.key 
1088648    INFO  Test worker     d.u.i.k.p.i.AbstractProblemLoader Loading environment from /tmp/SMT_lemma_wellFormed.dl_16427361431075469724.key 
1088648    DEBUG Test worker     d.u.i.k.p.i.AbstractProblemLoader Environment load took 84.4ns 
1088650    INFO  Test worker     d.u.i.k.p.i.AbstractProblemLoader Creating init config 
1093263    DEBUG Test worker     d.u.i.k.p.i.AbstractProblemLoader Init config took 4.61s 
1093280    INFO  Test worker     d.u.i.k.p.i.AbstractProblemLoader Replaying proof SMT_lemma_wellFormed.dl_16427361431075469724.key 
1093282    DEBUG Test worker     d.u.i.k.p.i.IntermediateProofReplayer Proof replay took 26.7ns 
1093386    INFO  Test worker     d.u.i.k.s.n.ProveSMTLemmasTest Now processing file /home/runner/work/key/key/key.core/build/resources/test/de/uka/ilkd/key/smt/newsmt2/SMT_lemma_jdiv.dl.proof 
1093386    INFO  Test worker     d.u.i.k.p.i.AbstractProblemLoader Loading environment from /home/runner/work/key/key/key.core/build/resources/test/de/uka/ilkd/key/smt/newsmt2/SMT_lemma_jdiv.dl.proof 
1093386    DEBUG Test worker     d.u.i.k.p.i.AbstractProblemLoader Environment load took 96.9ns 
1093387    INFO  Test worker     d.u.i.k.p.i.AbstractProblemLoader Creating init config 
1097949    DEBUG Test worker     d.u.i.k.p.i.AbstractProblemLoader Init config took 4.56s 
1097966    INFO  Test worker     d.u.i.k.p.i.AbstractProblemLoader Replaying proof SMT_lemma_jdiv.dl.proof 
1097971    DEBUG Test worker     d.u.i.k.p.i.IntermediateProofReplayer Proof replay took 3ms 
1098075    INFO  Test worker     d.u.i.k.s.n.ProveSMTLemmasTest Now processing file /tmp/SMT_lemma_empty.dl_17975181347640718549.key 
1098075    INFO  Test worker     d.u.i.k.p.i.AbstractProblemLoader Loading environment from /tmp/SMT_lemma_empty.dl_17975181347640718549.key 
1098075    DEBUG Test worker     d.u.i.k.p.i.AbstractProblemLoader Environment load took 92.3ns 
1098076    INFO  Test worker     d.u.i.k.p.i.AbstractProblemLoader Creating init config 
1102707    DEBUG Test worker     d.u.i.k.p.i.AbstractProblemLoader Init config took 4.63s 
1102722    INFO  Test worker     d.u.i.k.p.i.AbstractProblemLoader Replaying proof SMT_lemma_empty.dl_17975181347640718549.key 
1102723    DEBUG Test worker     d.u.i.k.p.i.IntermediateProofReplayer Proof replay took 9.6ns 
1102827    INFO  Test worker     d.u.i.k.s.n.ProveSMTLemmasTest Now processing file /tmp/SMT_lemma_allLocs.dl_8216368146802870290.key 
1102827    INFO  Test worker     d.u.i.k.p.i.AbstractProblemLoader Loading environment from /tmp/SMT_lemma_allLocs.dl_8216368146802870290.key 
1102827    DEBUG Test worker     d.u.i.k.p.i.AbstractProblemLoader Environment load took 69ns 
1102828    INFO  Test worker     d.u.i.k.p.i.AbstractProblemLoader Creating init config 
1107418    DEBUG Test worker     d.u.i.k.p.i.AbstractProblemLoader Init config took 4.59s 
1107433    INFO  Test worker     d.u.i.k.p.i.AbstractProblemLoader Replaying proof SMT_lemma_allLocs.dl_8216368146802870290.key 
1107434    DEBUG Test worker     d.u.i.k.p.i.IntermediateProofReplayer Proof replay took 9.1ns 
1107539    INFO  Test worker     d.u.i.k.s.n.ProveSMTLemmasTest Now processing file /tmp/SMT_lemma_arrayRange.dl_16228621481027628292.key 
1107540    INFO  Test worker     d.u.i.k.p.i.AbstractProblemLoader Loading environment from /tmp/SMT_lemma_arrayRange.dl_16228621481027628292.key 
1107540    DEBUG Test worker     d.u.i.k.p.i.AbstractProblemLoader Environment load took 79.5ns 
1107541    INFO  Test worker     d.u.i.k.p.i.AbstractProblemLoader Creating init config 
1112226    DEBUG Test worker     d.u.i.k.p.i.AbstractProblemLoader Init config took 4.69s 
1112244    INFO  Test worker     d.u.i.k.p.i.AbstractProblemLoader Replaying proof SMT_lemma_arrayRange.dl_16228621481027628292.key 
1112246    DEBUG Test worker     d.u.i.k.p.i.IntermediateProofReplayer Proof replay took 8.9ns 
1112349    INFO  Test worker     d.u.i.k.s.n.ProveSMTLemmasTest Now processing file /tmp/SMT_lemma_seqConcat.dl_15036511743598663122.key 
1112349    INFO  Test worker     d.u.i.k.p.i.AbstractProblemLoader Loading environment from /tmp/SMT_lemma_seqConcat.dl_15036511743598663122.key 
1112350    DEBUG Test worker     d.u.i.k.p.i.AbstractProblemLoader Environment load took 83.4ns 
1112351    INFO  Test worker     d.u.i.k.p.i.AbstractProblemLoader Creating init config 
1116945    DEBUG Test worker     d.u.i.k.p.i.AbstractProblemLoader Init config took 4.59s 
1116961    INFO  Test worker     d.u.i.k.p.i.AbstractProblemLoader Replaying proof SMT_lemma_seqConcat.dl_15036511743598663122.key 
1116962    DEBUG Test worker     d.u.i.k.p.i.IntermediateProofReplayer Proof replay took 10.3ns 
1117066    INFO  Test worker     d.u.i.k.s.n.ProveSMTLemmasTest Now processing file /tmp/SMT_lemma_seqLen.dl_4278336989132067886.key 
1117067    INFO  Test worker     d.u.i.k.p.i.AbstractProblemLoader Loading environment from /tmp/SMT_lemma_seqLen.dl_4278336989132067886.key 
1117067    DEBUG Test worker     d.u.i.k.p.i.AbstractProblemLoader Environment load took 63.5ns 
1117068    INFO  Test worker     d.u.i.k.p.i.AbstractProblemLoader Creating init config 
1121602    DEBUG Test worker     d.u.i.k.p.i.AbstractProblemLoader Init config took 4.53s 
1121618    INFO  Test worker     d.u.i.k.p.i.AbstractProblemLoader Replaying proof SMT_lemma_seqLen.dl_4278336989132067886.key 
1121622    DEBUG Test worker     d.u.i.k.p.i.IntermediateProofReplayer Proof replay took 9.2ns 
1121725    INFO  Test worker     d.u.i.k.s.n.ProveSMTLemmasTest Now processing file /tmp/SMT_lemma_length.dl_10948575990618017180.key 
1121725    INFO  Test worker     d.u.i.k.p.i.AbstractProblemLoader Loading environment from /tmp/SMT_lemma_length.dl_10948575990618017180.key 
1121725    DEBUG Test worker     d.u.i.k.p.i.AbstractProblemLoader Environment load took 79.5ns 
1121726    INFO  Test worker     d.u.i.k.p.i.AbstractProblemLoader Creating init config 
1126363    DEBUG Test worker     d.u.i.k.p.i.AbstractProblemLoader Init config took 4.64s 
1126378    INFO  Test worker     d.u.i.k.p.i.AbstractProblemLoader Replaying proof SMT_lemma_length.dl_10948575990618017180.key 
1126380    DEBUG Test worker     d.u.i.k.p.i.IntermediateProofReplayer Proof replay took 8.8ns 
1126483    INFO  Test worker     d.u.i.k.s.n.ProveSMTLemmasTest Now processing file /tmp/SMT_lemma_freshLocs.dl_7497173936431507003.key 
1126483    INFO  Test worker     d.u.i.k.p.i.AbstractProblemLoader Loading environment from /tmp/SMT_lemma_freshLocs.dl_7497173936431507003.key 
1126483    DEBUG Test worker     d.u.i.k.p.i.AbstractProblemLoader Environment load took 80.8ns 
1126484    INFO  Test worker     d.u.i.k.p.i.AbstractProblemLoader Creating init config 
1131051    DEBUG Test worker     d.u.i.k.p.i.AbstractProblemLoader Init config took 4.57s 
1131066    INFO  Test worker     d.u.i.k.p.i.AbstractProblemLoader Replaying proof SMT_lemma_freshLocs.dl_7497173936431507003.key 
1131068    DEBUG Test worker     d.u.i.k.p.i.IntermediateProofReplayer Proof replay took 14.1ns 
1131171    INFO  Test worker     d.u.i.k.s.n.ProveSMTLemmasTest Now processing file /tmp/SMT_lemma_anon.dl_2100062367691573176.key 
1131172    INFO  Test worker     d.u.i.k.p.i.AbstractProblemLoader Loading environment from /tmp/SMT_lemma_anon.dl_2100062367691573176.key 
1131172    DEBUG Test worker     d.u.i.k.p.i.AbstractProblemLoader Environment load took 70ns 
1131173    INFO  Test worker     d.u.i.k.p.i.AbstractProblemLoader Creating init config 
1135810    DEBUG Test worker     d.u.i.k.p.i.AbstractProblemLoader Init config took 4.64s 
1135825    INFO  Test worker     d.u.i.k.p.i.AbstractProblemLoader Replaying proof SMT_lemma_anon.dl_2100062367691573176.key 
1135826    DEBUG Test worker     d.u.i.k.p.i.IntermediateProofReplayer Proof replay took 9.3ns 
1135930    INFO  Test worker     d.u.i.k.s.n.ProveSMTLemmasTest Now processing file /tmp/SMT_lemma_memset.dl_10551460453961030265.key 
1135930    INFO  Test worker     d.u.i.k.p.i.AbstractProblemLoader Loading environment from /tmp/SMT_lemma_memset.dl_10551460453961030265.key 
1135930    DEBUG Test worker     d.u.i.k.p.i.AbstractProblemLoader Environment load took 75.8ns 
1135932    INFO  Test worker     d.u.i.k.p.i.AbstractProblemLoader Creating init config 
1140782    DEBUG Test worker     d.u.i.k.p.i.AbstractProblemLoader Init config took 4.85s 
1140800    INFO  Test worker     d.u.i.k.p.i.AbstractProblemLoader Replaying proof SMT_lemma_memset.dl_10551460453961030265.key 
1140803    DEBUG Test worker     d.u.i.k.p.i.IntermediateProofReplayer Proof replay took 10.6ns 
1140906    INFO  Test worker     d.u.i.k.s.n.ProveSMTLemmasTest Now processing file /tmp/SMT_lemma_store.dl_11267811687745275447.key 
1140907    INFO  Test worker     d.u.i.k.p.i.AbstractProblemLoader Loading environment from /tmp/SMT_lemma_store.dl_11267811687745275447.key 
1140907    DEBUG Test worker     d.u.i.k.p.i.AbstractProblemLoader Environment load took 65.7ns 
1140908    INFO  Test worker     d.u.i.k.p.i.AbstractProblemLoader Creating init config 
1145565    DEBUG Test worker     d.u.i.k.p.i.AbstractProblemLoader Init config took 4.66s 
1145580    INFO  Test worker     d.u.i.k.p.i.AbstractProblemLoader Replaying proof SMT_lemma_store.dl_11267811687745275447.key 
1145582    DEBUG Test worker     d.u.i.k.p.i.IntermediateProofReplayer Proof replay took 9.4ns 
1145685    INFO  Test worker     d.u.i.k.s.n.ProveSMTLemmasTest Now processing file /tmp/SMT_lemma_seqSub.dl.2_12625811189633859588.key 
1145685    INFO  Test worker     d.u.i.k.p.i.AbstractProblemLoader Loading environment from /tmp/SMT_lemma_seqSub.dl.2_12625811189633859588.key 
1145685    DEBUG Test worker     d.u.i.k.p.i.AbstractProblemLoader Environment load took 172.5ns 
1145686    INFO  Test worker     d.u.i.k.p.i.AbstractProblemLoader Creating init config 
1150223    DEBUG Test worker     d.u.i.k.p.i.AbstractProblemLoader Init config took 4.54s 
1150237    INFO  Test worker     d.u.i.k.p.i.AbstractProblemLoader Replaying proof SMT_lemma_seqSub.dl.2_12625811189633859588.key 
1150239    DEBUG Test worker     d.u.i.k.p.i.IntermediateProofReplayer Proof replay took 9.5ns 
1150342    INFO  Test worker     d.u.i.k.s.n.ProveSMTLemmasTest Now processing file /tmp/SMT_lemma_seqSingleton.dl_12884600374950964103.key 
1150342    INFO  Test worker     d.u.i.k.p.i.AbstractProblemLoader Loading environment from /tmp/SMT_lemma_seqSingleton.dl_12884600374950964103.key 
1150343    DEBUG Test worker     d.u.i.k.p.i.AbstractProblemLoader Environment load took 76.5ns 
1150344    INFO  Test worker     d.u.i.k.p.i.AbstractProblemLoader Creating init config 
1154806    DEBUG Test worker     d.u.i.k.p.i.AbstractProblemLoader Init config took 4.46s 
1154821    INFO  Test worker     d.u.i.k.p.i.AbstractProblemLoader Replaying proof SMT_lemma_seqSingleton.dl_12884600374950964103.key 
1154825    DEBUG Test worker     d.u.i.k.p.i.IntermediateProofReplayer Proof replay took 10.1ns 
1154928    INFO  Test worker     d.u.i.k.s.n.ProveSMTLemmasTest Now processing file /tmp/SMT_lemma_seqSingleton.dl.2_2246327408074003075.key 
1154928    INFO  Test worker     d.u.i.k.p.i.AbstractProblemLoader Loading environment from /tmp/SMT_lemma_seqSingleton.dl.2_2246327408074003075.key 
1154928    DEBUG Test worker     d.u.i.k.p.i.AbstractProblemLoader Environment load took 92.5ns 
1154929    INFO  Test worker     d.u.i.k.p.i.AbstractProblemLoader Creating init config 
1159470    DEBUG Test worker     d.u.i.k.p.i.AbstractProblemLoader Init config took 4.54s 
1159485    INFO  Test worker     d.u.i.k.p.i.AbstractProblemLoader Replaying proof SMT_lemma_seqSingleton.dl.2_2246327408074003075.key 
1159486    DEBUG Test worker     d.u.i.k.p.i.IntermediateProofReplayer Proof replay took 8.8ns 
1159596    INFO  Test worker     d.u.i.k.s.n.ProveSMTLemmasTest Now processing file /tmp/SMT_lemma_null.dl_51496529040879455.key 
1159597    INFO  Test worker     d.u.i.k.p.i.AbstractProblemLoader Loading environment from /tmp/SMT_lemma_null.dl_51496529040879455.key 
1159597    DEBUG Test worker     d.u.i.k.p.i.AbstractProblemLoader Environment load took 325.1ns 
1159599    INFO  Test worker     d.u.i.k.p.i.AbstractProblemLoader Creating init config 
1164185    DEBUG Test worker     d.u.i.k.p.i.AbstractProblemLoader Init config took 4.59s 
1164204    INFO  Test worker     d.u.i.k.p.i.AbstractProblemLoader Replaying proof SMT_lemma_null.dl_51496529040879455.key 
1164205    DEBUG Test worker     d.u.i.k.p.i.IntermediateProofReplayer Proof replay took 9.2ns 
]]></system-out>
  <system-err><![CDATA[]]></system-err>
</testsuite>
