<?xml version="1.0" encoding="UTF-8"?>
<testsuite name="de.uka.ilkd.key.proof.io.TestZipProofSaving" tests="1" skipped="0" failures="0" errors="0" timestamp="2023-06-10T23:24:12" hostname="fv-az298-859" time="10.421">
  <properties/>
  <testcase name="testZip()" classname="de.uka.ilkd.key.proof.io.TestZipProofSaving" time="10.421"/>
  <system-out><![CDATA[661820     INFO  Test worker     d.u.i.k.p.i.AbstractProblemLoader Loading environment from /tmp/keyZipTest17664103211272919109.key 
661820     DEBUG Test worker     d.u.i.k.p.i.AbstractProblemLoader Environment load took 87.3ns 
661822     INFO  Test worker     d.u.i.k.p.i.AbstractProblemLoader Creating init config 
662031     DEBUG Test worker     d.u.i.k.j.TypeConverter   No LDT found for Meta 
662032     DEBUG Test worker     d.u.i.k.j.TypeConverter   No LDT found for Meta 
662032     DEBUG Test worker     d.u.i.k.j.TypeConverter   No LDT found for Meta 
662032     DEBUG Test worker     d.u.i.k.j.TypeConverter   No LDT found for Meta 
662733     DEBUG Test worker     d.u.i.k.j.TypeConverter   No LDT found for JavaBigintExpression 
667475     DEBUG Test worker     d.u.i.k.p.i.AbstractProblemLoader Init config took 5.65s 
667496     INFO  Test worker     d.u.i.k.p.i.AbstractProblemLoader Replaying proof keyZipTest17664103211272919109.key 
667499     DEBUG Test worker     d.u.i.k.p.i.IntermediateProofReplayer Proof replay took 24.6ns 
667606     INFO  Test worker     d.u.i.k.p.i.AbstractProblemLoader Loading environment from /tmp/keyZipTest5302854402433583913.proof.gz 
667606     DEBUG Test worker     d.u.i.k.p.i.AbstractProblemLoader Environment load took 630ns 
667610     INFO  Test worker     d.u.i.k.p.i.AbstractProblemLoader Creating init config 
672111     DEBUG Test worker     d.u.i.k.p.i.AbstractProblemLoader Init config took 4.5s 
672130     INFO  Test worker     d.u.i.k.p.i.AbstractProblemLoader Replaying proof keyZipTest5302854402433583913.proof.gz 
672138     DEBUG Test worker     d.u.i.k.p.i.IntermediateProofReplayer Proof replay took 3.72ms 
]]></system-out>
  <system-err><![CDATA[]]></system-err>
</testsuite>
