<?xml version="1.0" encoding="UTF-8"?>
<testsuite name="de.uka.ilkd.key.parser.TestTacletParser" tests="20" skipped="0" failures="0" errors="0" timestamp="2023-06-10T23:20:50" hostname="fv-az298-859" time="0.107">
  <properties/>
  <testcase name="testAllRight()" classname="de.uka.ilkd.key.parser.TestTacletParser" time="0.003"/>
  <testcase name="testSchemaJava0()" classname="de.uka.ilkd.key.parser.TestTacletParser" time="0.011"/>
  <testcase name="testSchemaJava1()" classname="de.uka.ilkd.key.parser.TestTacletParser" time="0.014"/>
  <testcase name="testSchemaJava2()" classname="de.uka.ilkd.key.parser.TestTacletParser" time="0.003"/>
  <testcase name="testSchemaJava4()" classname="de.uka.ilkd.key.parser.TestTacletParser" time="0.012"/>
  <testcase name="testSchemaJava6()" classname="de.uka.ilkd.key.parser.TestTacletParser" time="0.011"/>
  <testcase name="testSchemaJava8()" classname="de.uka.ilkd.key.parser.TestTacletParser" time="0.002"/>
  <testcase name="testCut()" classname="de.uka.ilkd.key.parser.TestTacletParser" time="0.002"/>
  <testcase name="testMakeInsertEq()" classname="de.uka.ilkd.key.parser.TestTacletParser" time="0.007"/>
  <testcase name="testAllLeft()" classname="de.uka.ilkd.key.parser.TestTacletParser" time="0.002"/>
  <testcase name="testClose()" classname="de.uka.ilkd.key.parser.TestTacletParser" time="0.002"/>
  <testcase name="testSchemaJava10()" classname="de.uka.ilkd.key.parser.TestTacletParser" time="0.01"/>
  <testcase name="testSchemaJava11()" classname="de.uka.ilkd.key.parser.TestTacletParser" time="0.005"/>
  <testcase name="testFIdempotent()" classname="de.uka.ilkd.key.parser.TestTacletParser" time="0.002"/>
  <testcase name="testImpRight()" classname="de.uka.ilkd.key.parser.TestTacletParser" time="0.002"/>
  <testcase name="testVarcondNew()" classname="de.uka.ilkd.key.parser.TestTacletParser" time="0.003"/>
  <testcase name="testFreeReplacewithVariables()" classname="de.uka.ilkd.key.parser.TestTacletParser" time="0.002"/>
  <testcase name="testImpLeft()" classname="de.uka.ilkd.key.parser.TestTacletParser" time="0.002"/>
  <testcase name="testContraposition()" classname="de.uka.ilkd.key.parser.TestTacletParser" time="0.001"/>
  <testcase name="testExConjSplit()" classname="de.uka.ilkd.key.parser.TestTacletParser" time="0.002"/>
  <system-out><![CDATA[460684     INFO  Test worker     d.u.i.k.n.KeyIO           Parsing took 0 ms 
460684     DEBUG Test worker     d.u.i.k.n.KeyIO           Load declarations of de.uka.ilkd.key.nparser.KeyAst$File:  <unknown>:1#1 
460684     INFO  Test worker     d.u.i.k.n.KeyIO           MODE: declarations took 0 ms 
460684     DEBUG Test worker     d.u.i.k.n.KeyIO           MODE: 2nd degree decls took 0 
460685     DEBUG Test worker     d.u.i.k.n.KeyIO           MODE: taclets took 0ms 
460686     INFO  Test worker     d.u.i.k.n.KeyIO           Parsing took 1 ms 
460686     DEBUG Test worker     d.u.i.k.n.KeyIO           Load declarations of de.uka.ilkd.key.nparser.KeyAst$File:  <unknown>:2#1 
460686     INFO  Test worker     d.u.i.k.n.KeyIO           MODE: declarations took 0 ms 
460686     DEBUG Test worker     d.u.i.k.n.KeyIO           MODE: 2nd degree decls took 0 
460686     DEBUG Test worker     d.u.i.k.n.KeyIO           MODE: taclets took 0ms 
460687     INFO  Test worker     d.u.i.k.n.KeyIO           Parsing took 0 ms 
460687     DEBUG Test worker     d.u.i.k.n.KeyIO           Load declarations of de.uka.ilkd.key.nparser.KeyAst$File:  <unknown>:1#1 
460687     INFO  Test worker     d.u.i.k.n.KeyIO           MODE: declarations took 0 ms 
460687     DEBUG Test worker     d.u.i.k.n.KeyIO           MODE: 2nd degree decls took 0 
460687     DEBUG Test worker     d.u.i.k.n.KeyIO           MODE: taclets took 0ms 
460687     INFO  Test worker     d.u.i.k.n.KeyIO           Parsing took 0 ms 
460688     DEBUG Test worker     d.u.i.k.n.KeyIO           Load declarations of de.uka.ilkd.key.nparser.KeyAst$File:  <unknown>:2#1 
460688     INFO  Test worker     d.u.i.k.n.KeyIO           MODE: declarations took 1 ms 
460688     DEBUG Test worker     d.u.i.k.n.KeyIO           MODE: 2nd degree decls took 0 
460697     DEBUG Test worker     d.u.i.k.n.KeyIO           MODE: taclets took 9ms 
460697     INFO  Test worker     d.u.i.k.n.KeyIO           Parsing took 0 ms 
460698     DEBUG Test worker     d.u.i.k.n.KeyIO           Load declarations of de.uka.ilkd.key.nparser.KeyAst$File:  <unknown>:1#1 
460698     INFO  Test worker     d.u.i.k.n.KeyIO           MODE: declarations took 0 ms 
460698     DEBUG Test worker     d.u.i.k.n.KeyIO           MODE: 2nd degree decls took 0 
460698     DEBUG Test worker     d.u.i.k.n.KeyIO           MODE: taclets took 0ms 
460699     WARN  Test worker     d.u.i.k.n.KeYParser       [syntax-error] null:2:21: extraneous input '<' expecting {MODALITY, FORALL, EXISTS, '\if', '\ifEx', 'true', 'false', '(', ')', '{', '@', NOT, '-', STRING_LITERAL, CHAR_LITERAL, BIN_LITERAL, HEX_LITERAL, IDENT, INT_LITERAL, FLOAT_LITERAL, DOUBLE_LITERAL, REAL_LITERAL} [@12,22:22='<',<173>,2:21] (argument_list, call, accessterm, primitive_term, primitive_labeled_term, bracket_term, atom_prefix, strong_arith_term_2, strong_arith_term_1, weak_arith_term, comparison_term, equality_term, term60, conjunction_term, disjunction_term, implication_term, equivalence_term, elementary_update_term, parallel_term, term, taclet, rulesOrAxioms, decls, file) 
460709     WARN  Test worker     d.u.i.k.n.KeYParser       [syntax-error] null:2:23: no viable alternative at input '{..' [@14,24:25='..',<144>,2:23] (atom_prefix, strong_arith_term_2, strong_arith_term_1, weak_arith_term, comparison_term, equality_term, term60, conjunction_term, disjunction_term, implication_term, equivalence_term, elementary_update_term, parallel_term, term, argument_list, call, accessterm, primitive_term, primitive_labeled_term, bracket_term, atom_prefix, strong_arith_term_2, strong_arith_term_1, weak_arith_term, comparison_term, equality_term, term60, conjunction_term, disjunction_term, implication_term, equivalence_term, elementary_update_term, parallel_term, term, taclet, rulesOrAxioms, decls, file) 
460710     WARN  Test worker     d.u.i.k.n.KeYParser       [syntax-error] null:2:33: mismatched input ';' expecting {',', ')'} [@21,34:34=';',<138>,2:33] (argument_list, call, accessterm, primitive_term, primitive_labeled_term, bracket_term, atom_prefix, strong_arith_term_2, strong_arith_term_1, weak_arith_term, comparison_term, equality_term, term60, conjunction_term, disjunction_term, implication_term, equivalence_term, elementary_update_term, parallel_term, term, taclet, rulesOrAxioms, decls, file) 
460711     WARN  Test worker     d.u.i.k.n.KeYParser       [syntax-error] null:2:41: no viable alternative at input '#i;' [@26,42:42=';',<138>,2:41] (option_list, taclet, rulesOrAxioms, decls, file) 
460711     WARN  Test worker     d.u.i.k.n.KeYParser       [syntax-error] null:2:43: mismatched input '<' expecting {'(', '{'} [@28,44:44='<',<173>,2:43] (taclet, rulesOrAxioms, decls, file) 
460711     WARN  Test worker     d.u.i.k.n.KeYParser       [syntax-error] null:2:47: mismatched input '+' expecting {'(', '{'} [@32,48:48='+',<167>,2:47] (taclet, rulesOrAxioms, decls, file) 
460711     WARN  Test worker     d.u.i.k.n.KeYParser       [syntax-error] null:2:52: extraneous input '..' expecting {'\lemma', '}', IDENT, '/*!'} [@37,53:54='..',<144>,2:52] (rulesOrAxioms, decls, file) 
460711     WARN  Test worker     d.u.i.k.n.KeYParser       [syntax-error] null:2:56: mismatched input '>' expecting {<EOF>, '\problem', '\chooseContract', '\proofObligation', '\proof'} [@40,57:57='>',<168>,2:56] (file) 
460713     INFO  Test worker     d.u.i.k.n.KeyIO           Parsing took 1 ms 
460713     DEBUG Test worker     d.u.i.k.n.KeyIO           Load declarations of de.uka.ilkd.key.nparser.KeyAst$File:  <unknown>:1#1 
460713     INFO  Test worker     d.u.i.k.n.KeyIO           MODE: declarations took 0 ms 
460713     DEBUG Test worker     d.u.i.k.n.KeyIO           MODE: 2nd degree decls took 0 
460714     DEBUG Test worker     d.u.i.k.n.KeyIO           MODE: taclets took 0ms 
460714     WARN  Test worker     d.u.i.k.n.KeYParser       [syntax-error] null:2:21: extraneous input '<' expecting {MODALITY, FORALL, EXISTS, '\if', '\ifEx', 'true', 'false', '(', ')', '{', '@', NOT, '-', STRING_LITERAL, CHAR_LITERAL, BIN_LITERAL, HEX_LITERAL, IDENT, INT_LITERAL, FLOAT_LITERAL, DOUBLE_LITERAL, REAL_LITERAL} [@12,22:22='<',<173>,2:21] (argument_list, call, accessterm, primitive_term, primitive_labeled_term, bracket_term, atom_prefix, strong_arith_term_2, strong_arith_term_1, weak_arith_term, comparison_term, equality_term, term60, conjunction_term, disjunction_term, implication_term, equivalence_term, elementary_update_term, parallel_term, term, taclet, rulesOrAxioms, decls, file) 
460714     WARN  Test worker     d.u.i.k.n.KeYParser       [syntax-error] null:2:23: no viable alternative at input '{..' [@14,24:25='..',<144>,2:23] (atom_prefix, strong_arith_term_2, strong_arith_term_1, weak_arith_term, comparison_term, equality_term, term60, conjunction_term, disjunction_term, implication_term, equivalence_term, elementary_update_term, parallel_term, term, argument_list, call, accessterm, primitive_term, primitive_labeled_term, bracket_term, atom_prefix, strong_arith_term_2, strong_arith_term_1, weak_arith_term, comparison_term, equality_term, term60, conjunction_term, disjunction_term, implication_term, equivalence_term, elementary_update_term, parallel_term, term, taclet, rulesOrAxioms, decls, file) 
460715     WARN  Test worker     d.u.i.k.n.KeYParser       [syntax-error] null:2:33: mismatched input ';' expecting {',', ')'} [@21,34:34=';',<138>,2:33] (argument_list, call, accessterm, primitive_term, primitive_labeled_term, bracket_term, atom_prefix, strong_arith_term_2, strong_arith_term_1, weak_arith_term, comparison_term, equality_term, term60, conjunction_term, disjunction_term, implication_term, equivalence_term, elementary_update_term, parallel_term, term, taclet, rulesOrAxioms, decls, file) 
460715     WARN  Test worker     d.u.i.k.n.KeYParser       [syntax-error] null:2:43: no viable alternative at input '#lab;' [@26,44:44=';',<138>,2:43] (option_list, taclet, rulesOrAxioms, decls, file) 
460715     WARN  Test worker     d.u.i.k.n.KeYParser       [syntax-error] null:2:45: mismatched input '<' expecting {'(', '{'} [@28,46:46='<',<173>,2:45] (taclet, rulesOrAxioms, decls, file) 
460715     WARN  Test worker     d.u.i.k.n.KeYParser       [syntax-error] null:2:50: mismatched input '+' expecting {'(', '{'} [@32,51:51='+',<167>,2:50] (taclet, rulesOrAxioms, decls, file) 
460715     WARN  Test worker     d.u.i.k.n.KeYParser       [syntax-error] null:2:56: extraneous input '..' expecting {'\lemma', '}', IDENT, '/*!'} [@38,57:58='..',<144>,2:56] (rulesOrAxioms, decls, file) 
460716     WARN  Test worker     d.u.i.k.n.KeYParser       [syntax-error] null:2:60: mismatched input '>' expecting {<EOF>, '\problem', '\chooseContract', '\proofObligation', '\proof'} [@41,61:61='>',<168>,2:60] (file) 
460725     INFO  Test worker     d.u.i.k.n.KeyIO           Parsing took 9 ms 
460725     DEBUG Test worker     d.u.i.k.n.KeyIO           Load declarations of de.uka.ilkd.key.nparser.KeyAst$File:  <unknown>:1#1 
460725     INFO  Test worker     d.u.i.k.n.KeyIO           MODE: declarations took 0 ms 
460725     DEBUG Test worker     d.u.i.k.n.KeyIO           MODE: 2nd degree decls took 0 
460725     DEBUG Test worker     d.u.i.k.n.KeyIO           MODE: taclets took 0ms 
460726     INFO  Test worker     d.u.i.k.n.KeyIO           Parsing took 0 ms 
460726     DEBUG Test worker     d.u.i.k.n.KeyIO           Load declarations of de.uka.ilkd.key.nparser.KeyAst$File:  <unknown>:2#1 
460726     INFO  Test worker     d.u.i.k.n.KeyIO           MODE: declarations took 0 ms 
460726     DEBUG Test worker     d.u.i.k.n.KeyIO           MODE: 2nd degree decls took 0 
460728     DEBUG Test worker     d.u.i.k.n.KeyIO           MODE: taclets took 1ms 
460737     INFO  Test worker     d.u.i.k.n.KeyIO           Parsing took 9 ms 
460737     DEBUG Test worker     d.u.i.k.n.KeyIO           Load declarations of de.uka.ilkd.key.nparser.KeyAst$File:  <unknown>:1#1 
460737     INFO  Test worker     d.u.i.k.n.KeyIO           MODE: declarations took 0 ms 
460737     DEBUG Test worker     d.u.i.k.n.KeyIO           MODE: 2nd degree decls took 0 
460737     DEBUG Test worker     d.u.i.k.n.KeyIO           MODE: taclets took 0ms 
460738     INFO  Test worker     d.u.i.k.n.KeyIO           Parsing took 1 ms 
460738     DEBUG Test worker     d.u.i.k.n.KeyIO           Load declarations of de.uka.ilkd.key.nparser.KeyAst$File:  <unknown>:2#1 
460738     INFO  Test worker     d.u.i.k.n.KeyIO           MODE: declarations took 0 ms 
460738     DEBUG Test worker     d.u.i.k.n.KeyIO           MODE: 2nd degree decls took 0 
460739     DEBUG Test worker     d.u.i.k.n.KeyIO           MODE: taclets took 1ms 
460739     INFO  Test worker     d.u.i.k.n.KeyIO           Parsing took 0 ms 
460739     DEBUG Test worker     d.u.i.k.n.KeyIO           Load declarations of de.uka.ilkd.key.nparser.KeyAst$File:  <unknown>:1#1 
460740     INFO  Test worker     d.u.i.k.n.KeyIO           MODE: declarations took 1 ms 
460740     DEBUG Test worker     d.u.i.k.n.KeyIO           MODE: 2nd degree decls took 0 
460740     DEBUG Test worker     d.u.i.k.n.KeyIO           MODE: taclets took 0ms 
460740     INFO  Test worker     d.u.i.k.n.KeyIO           Parsing took 0 ms 
460740     DEBUG Test worker     d.u.i.k.n.KeyIO           Load declarations of de.uka.ilkd.key.nparser.KeyAst$File:  <unknown>:2#1 
460740     INFO  Test worker     d.u.i.k.n.KeyIO           MODE: declarations took 0 ms 
460740     DEBUG Test worker     d.u.i.k.n.KeyIO           MODE: 2nd degree decls took 0 
460741     DEBUG Test worker     d.u.i.k.n.KeyIO           MODE: taclets took 0ms 
460742     INFO  Test worker     d.u.i.k.n.KeyIO           Parsing took 1 ms 
460742     DEBUG Test worker     d.u.i.k.n.KeyIO           Load declarations of de.uka.ilkd.key.nparser.KeyAst$File:  <unknown>:1#1 
460742     INFO  Test worker     d.u.i.k.n.KeyIO           MODE: declarations took 0 ms 
460742     DEBUG Test worker     d.u.i.k.n.KeyIO           MODE: 2nd degree decls took 0 
460742     DEBUG Test worker     d.u.i.k.n.KeyIO           MODE: taclets took 0ms 
460743     INFO  Test worker     d.u.i.k.n.KeyIO           Parsing took 0 ms 
460743     DEBUG Test worker     d.u.i.k.n.KeyIO           Load declarations of de.uka.ilkd.key.nparser.KeyAst$File:  <unknown>:2#1 
460743     INFO  Test worker     d.u.i.k.n.KeyIO           MODE: declarations took 0 ms 
460743     DEBUG Test worker     d.u.i.k.n.KeyIO           MODE: 2nd degree decls took 0 
460743     DEBUG Test worker     d.u.i.k.n.KeyIO           MODE: taclets took 0ms 
460744     INFO  Test worker     d.u.i.k.n.KeyIO           Parsing took 0 ms 
460744     DEBUG Test worker     d.u.i.k.n.KeyIO           Load declarations of de.uka.ilkd.key.nparser.KeyAst$File:  <unknown>:1#1 
460744     INFO  Test worker     d.u.i.k.n.KeyIO           MODE: declarations took 0 ms 
460744     DEBUG Test worker     d.u.i.k.n.KeyIO           MODE: 2nd degree decls took 0 
460745     DEBUG Test worker     d.u.i.k.n.KeyIO           MODE: taclets took 1ms 
460750     INFO  Test worker     d.u.i.k.n.KeyIO           Parsing took 1 ms 
460750     DEBUG Test worker     d.u.i.k.n.KeyIO           Load declarations of de.uka.ilkd.key.nparser.KeyAst$File:  <unknown>:2#1 
460750     INFO  Test worker     d.u.i.k.n.KeyIO           MODE: declarations took 0 ms 
460750     DEBUG Test worker     d.u.i.k.n.KeyIO           MODE: 2nd degree decls took 0 
460750     DEBUG Test worker     d.u.i.k.n.KeyIO           MODE: taclets took 0ms 
460751     INFO  Test worker     d.u.i.k.n.KeyIO           Parsing took 1 ms 
460751     DEBUG Test worker     d.u.i.k.n.KeyIO           Load declarations of de.uka.ilkd.key.nparser.KeyAst$File:  <unknown>:1#1 
460751     INFO  Test worker     d.u.i.k.n.KeyIO           MODE: declarations took 0 ms 
460751     DEBUG Test worker     d.u.i.k.n.KeyIO           MODE: 2nd degree decls took 0 
460751     DEBUG Test worker     d.u.i.k.n.KeyIO           MODE: taclets took 0ms 
460752     INFO  Test worker     d.u.i.k.n.KeyIO           Parsing took 1 ms 
460752     DEBUG Test worker     d.u.i.k.n.KeyIO           Load declarations of de.uka.ilkd.key.nparser.KeyAst$File:  <unknown>:2#1 
460752     INFO  Test worker     d.u.i.k.n.KeyIO           MODE: declarations took 0 ms 
460752     DEBUG Test worker     d.u.i.k.n.KeyIO           MODE: 2nd degree decls took 0 
460752     DEBUG Test worker     d.u.i.k.n.KeyIO           MODE: taclets took 0ms 
460757     INFO  Test worker     d.u.i.k.n.KeyIO           Parsing took 0 ms 
460757     DEBUG Test worker     d.u.i.k.n.KeyIO           Load declarations of de.uka.ilkd.key.nparser.KeyAst$File:  <unknown>:1#1 
460757     INFO  Test worker     d.u.i.k.n.KeyIO           MODE: declarations took 0 ms 
460757     DEBUG Test worker     d.u.i.k.n.KeyIO           MODE: 2nd degree decls took 0 
460758     DEBUG Test worker     d.u.i.k.n.KeyIO           MODE: taclets took 0ms 
460758     INFO  Test worker     d.u.i.k.n.KeyIO           Parsing took 0 ms 
460758     DEBUG Test worker     d.u.i.k.n.KeyIO           Load declarations of de.uka.ilkd.key.nparser.KeyAst$File:  <unknown>:2#1 
460758     INFO  Test worker     d.u.i.k.n.KeyIO           MODE: declarations took 0 ms 
460758     DEBUG Test worker     d.u.i.k.n.KeyIO           MODE: 2nd degree decls took 0 
460759     DEBUG Test worker     d.u.i.k.n.KeyIO           MODE: taclets took 0ms 
460759     INFO  Test worker     d.u.i.k.n.KeyIO           Parsing took 0 ms 
460759     DEBUG Test worker     d.u.i.k.n.KeyIO           Load declarations of de.uka.ilkd.key.nparser.KeyAst$File:  <unknown>:1#1 
460759     INFO  Test worker     d.u.i.k.n.KeyIO           MODE: declarations took 0 ms 
460759     DEBUG Test worker     d.u.i.k.n.KeyIO           MODE: 2nd degree decls took 0 
460760     DEBUG Test worker     d.u.i.k.n.KeyIO           MODE: taclets took 0ms 
460760     INFO  Test worker     d.u.i.k.n.KeyIO           Parsing took 0 ms 
460760     DEBUG Test worker     d.u.i.k.n.KeyIO           Load declarations of de.uka.ilkd.key.nparser.KeyAst$File:  <unknown>:2#1 
460760     INFO  Test worker     d.u.i.k.n.KeyIO           MODE: declarations took 0 ms 
460760     DEBUG Test worker     d.u.i.k.n.KeyIO           MODE: 2nd degree decls took 0 
460769     DEBUG Test worker     d.u.i.k.n.KeyIO           MODE: taclets took 0ms 
460770     INFO  Test worker     d.u.i.k.n.KeyIO           Parsing took 0 ms 
460770     DEBUG Test worker     d.u.i.k.n.KeyIO           Load declarations of de.uka.ilkd.key.nparser.KeyAst$File:  <unknown>:1#1 
460770     INFO  Test worker     d.u.i.k.n.KeyIO           MODE: declarations took 0 ms 
460770     DEBUG Test worker     d.u.i.k.n.KeyIO           MODE: 2nd degree decls took 0 
460771     DEBUG Test worker     d.u.i.k.n.KeyIO           MODE: taclets took 0ms 
460772     INFO  Test worker     d.u.i.k.n.KeyIO           Parsing took 1 ms 
460772     DEBUG Test worker     d.u.i.k.n.KeyIO           Load declarations of de.uka.ilkd.key.nparser.KeyAst$File:  <unknown>:2#1 
460772     INFO  Test worker     d.u.i.k.n.KeyIO           MODE: declarations took 0 ms 
460772     DEBUG Test worker     d.u.i.k.n.KeyIO           MODE: 2nd degree decls took 0 
460774     DEBUG Test worker     d.u.i.k.n.KeyIO           MODE: taclets took 2ms 
460775     INFO  Test worker     d.u.i.k.n.KeyIO           Parsing took 0 ms 
460775     DEBUG Test worker     d.u.i.k.n.KeyIO           Load declarations of de.uka.ilkd.key.nparser.KeyAst$File:  <unknown>:1#1 
460776     INFO  Test worker     d.u.i.k.n.KeyIO           MODE: declarations took 1 ms 
460776     DEBUG Test worker     d.u.i.k.n.KeyIO           MODE: 2nd degree decls took 0 
460776     DEBUG Test worker     d.u.i.k.n.KeyIO           MODE: taclets took 0ms 
460777     INFO  Test worker     d.u.i.k.n.KeyIO           Parsing took 1 ms 
460777     DEBUG Test worker     d.u.i.k.n.KeyIO           Load declarations of de.uka.ilkd.key.nparser.KeyAst$File:  <unknown>:2#1 
460777     INFO  Test worker     d.u.i.k.n.KeyIO           MODE: declarations took 0 ms 
460777     DEBUG Test worker     d.u.i.k.n.KeyIO           MODE: 2nd degree decls took 0 
460777     DEBUG Test worker     d.u.i.k.n.KeyIO           MODE: taclets took 0ms 
460778     INFO  Test worker     d.u.i.k.n.KeyIO           Parsing took 1 ms 
460778     DEBUG Test worker     d.u.i.k.n.KeyIO           Load declarations of de.uka.ilkd.key.nparser.KeyAst$File:  <unknown>:1#1 
460778     INFO  Test worker     d.u.i.k.n.KeyIO           MODE: declarations took 0 ms 
460778     DEBUG Test worker     d.u.i.k.n.KeyIO           MODE: 2nd degree decls took 0 
460778     DEBUG Test worker     d.u.i.k.n.KeyIO           MODE: taclets took 0ms 
460779     INFO  Test worker     d.u.i.k.n.KeyIO           Parsing took 1 ms 
460779     DEBUG Test worker     d.u.i.k.n.KeyIO           Load declarations of de.uka.ilkd.key.nparser.KeyAst$File:  <unknown>:2#1 
460779     INFO  Test worker     d.u.i.k.n.KeyIO           MODE: declarations took 0 ms 
460779     DEBUG Test worker     d.u.i.k.n.KeyIO           MODE: 2nd degree decls took 0 
460779     DEBUG Test worker     d.u.i.k.n.KeyIO           MODE: taclets took 0ms 
460780     INFO  Test worker     d.u.i.k.n.KeyIO           Parsing took 0 ms 
460780     DEBUG Test worker     d.u.i.k.n.KeyIO           Load declarations of de.uka.ilkd.key.nparser.KeyAst$File:  <unknown>:1#1 
460781     INFO  Test worker     d.u.i.k.n.KeyIO           MODE: declarations took 1 ms 
460781     DEBUG Test worker     d.u.i.k.n.KeyIO           MODE: 2nd degree decls took 0 
460781     DEBUG Test worker     d.u.i.k.n.KeyIO           MODE: taclets took 0ms 
460781     INFO  Test worker     d.u.i.k.n.KeyIO           Parsing took 0 ms 
460781     DEBUG Test worker     d.u.i.k.n.KeyIO           Load declarations of de.uka.ilkd.key.nparser.KeyAst$File:  <unknown>:2#1 
460782     INFO  Test worker     d.u.i.k.n.KeyIO           MODE: declarations took 1 ms 
460782     DEBUG Test worker     d.u.i.k.n.KeyIO           MODE: 2nd degree decls took 0 
460782     DEBUG Test worker     d.u.i.k.n.KeyIO           MODE: taclets took 0ms 
460782     INFO  Test worker     d.u.i.k.n.KeyIO           Parsing took 0 ms 
460782     DEBUG Test worker     d.u.i.k.n.KeyIO           Load declarations of de.uka.ilkd.key.nparser.KeyAst$File:  <unknown>:2#1 
460782     INFO  Test worker     d.u.i.k.n.KeyIO           MODE: declarations took 0 ms 
460782     DEBUG Test worker     d.u.i.k.n.KeyIO           MODE: 2nd degree decls took 0 
460783     DEBUG Test worker     d.u.i.k.n.KeyIO           MODE: taclets took 1ms 
460783     INFO  Test worker     d.u.i.k.n.KeyIO           Parsing took 0 ms 
460783     DEBUG Test worker     d.u.i.k.n.KeyIO           Load declarations of de.uka.ilkd.key.nparser.KeyAst$File:  <unknown>:1#1 
460783     INFO  Test worker     d.u.i.k.n.KeyIO           MODE: declarations took 0 ms 
460783     DEBUG Test worker     d.u.i.k.n.KeyIO           MODE: 2nd degree decls took 0 
460784     DEBUG Test worker     d.u.i.k.n.KeyIO           MODE: taclets took 0ms 
460784     INFO  Test worker     d.u.i.k.n.KeyIO           Parsing took 0 ms 
460784     DEBUG Test worker     d.u.i.k.n.KeyIO           Load declarations of de.uka.ilkd.key.nparser.KeyAst$File:  <unknown>:2#1 
460784     INFO  Test worker     d.u.i.k.n.KeyIO           MODE: declarations took 0 ms 
460784     DEBUG Test worker     d.u.i.k.n.KeyIO           MODE: 2nd degree decls took 0 
460786     INFO  Test worker     d.u.i.k.n.KeyIO           Parsing took 1 ms 
460786     DEBUG Test worker     d.u.i.k.n.KeyIO           Load declarations of de.uka.ilkd.key.nparser.KeyAst$File:  <unknown>:1#1 
460786     INFO  Test worker     d.u.i.k.n.KeyIO           MODE: declarations took 0 ms 
460786     DEBUG Test worker     d.u.i.k.n.KeyIO           MODE: 2nd degree decls took 0 
460786     DEBUG Test worker     d.u.i.k.n.KeyIO           MODE: taclets took 0ms 
460786     INFO  Test worker     d.u.i.k.n.KeyIO           Parsing took 0 ms 
460786     DEBUG Test worker     d.u.i.k.n.KeyIO           Load declarations of de.uka.ilkd.key.nparser.KeyAst$File:  <unknown>:2#1 
460786     INFO  Test worker     d.u.i.k.n.KeyIO           MODE: declarations took 0 ms 
460786     DEBUG Test worker     d.u.i.k.n.KeyIO           MODE: 2nd degree decls took 0 
460787     DEBUG Test worker     d.u.i.k.n.KeyIO           MODE: taclets took 0ms 
460787     INFO  Test worker     d.u.i.k.n.KeyIO           Parsing took 0 ms 
460787     DEBUG Test worker     d.u.i.k.n.KeyIO           Load declarations of de.uka.ilkd.key.nparser.KeyAst$File:  <unknown>:1#1 
460787     INFO  Test worker     d.u.i.k.n.KeyIO           MODE: declarations took 0 ms 
460787     DEBUG Test worker     d.u.i.k.n.KeyIO           MODE: 2nd degree decls took 0 
460788     DEBUG Test worker     d.u.i.k.n.KeyIO           MODE: taclets took 0ms 
460788     INFO  Test worker     d.u.i.k.n.KeyIO           Parsing took 0 ms 
460788     DEBUG Test worker     d.u.i.k.n.KeyIO           Load declarations of de.uka.ilkd.key.nparser.KeyAst$File:  <unknown>:2#1 
460788     INFO  Test worker     d.u.i.k.n.KeyIO           MODE: declarations took 0 ms 
460788     DEBUG Test worker     d.u.i.k.n.KeyIO           MODE: 2nd degree decls took 0 
460788     DEBUG Test worker     d.u.i.k.n.KeyIO           MODE: taclets took 0ms 
460789     INFO  Test worker     d.u.i.k.n.KeyIO           Parsing took 0 ms 
460789     DEBUG Test worker     d.u.i.k.n.KeyIO           Load declarations of de.uka.ilkd.key.nparser.KeyAst$File:  <unknown>:1#1 
460789     INFO  Test worker     d.u.i.k.n.KeyIO           MODE: declarations took 0 ms 
460789     DEBUG Test worker     d.u.i.k.n.KeyIO           MODE: 2nd degree decls took 0 
460789     DEBUG Test worker     d.u.i.k.n.KeyIO           MODE: taclets took 0ms 
460790     INFO  Test worker     d.u.i.k.n.KeyIO           Parsing took 0 ms 
460790     DEBUG Test worker     d.u.i.k.n.KeyIO           Load declarations of de.uka.ilkd.key.nparser.KeyAst$File:  <unknown>:2#1 
460790     INFO  Test worker     d.u.i.k.n.KeyIO           MODE: declarations took 0 ms 
460790     DEBUG Test worker     d.u.i.k.n.KeyIO           MODE: 2nd degree decls took 0 
460791     DEBUG Test worker     d.u.i.k.n.KeyIO           MODE: taclets took 1ms 
]]></system-out>
  <system-err><![CDATA[]]></system-err>
</testsuite>
