<?xml version="1.0" encoding="UTF-8"?>
<testsuite name="de.uka.ilkd.key.java.TestContextStatementBlock" tests="1" skipped="0" failures="0" errors="0" timestamp="2023-06-10T23:13:42" hostname="fv-az298-859" time="1.685">
  <properties/>
  <testcase name="testContextTermInstantiation()" classname="de.uka.ilkd.key.java.TestContextStatementBlock" time="1.685"/>
  <system-out><![CDATA[33988      INFO  Test worker     d.u.i.k.n.KeyIO           Parsing took 5 ms 
33989      DEBUG Test worker     d.u.i.k.n.KeyIO           Load declarations of de.uka.ilkd.key.nparser.KeyAst$File:  /home/runner/work/key/key/key.core/src/test/resources/testcase/testrules.key:9#1 
33991      INFO  Test worker     d.u.i.k.n.KeyIO           MODE: declarations took 2 ms 
33992      DEBUG Test worker     d.u.i.k.n.KeyIO           MODE: 2nd degree decls took 0 
34121      DEBUG Test worker     d.u.i.k.n.KeyIO           MODE: taclets took 117ms 
]]></system-out>
  <system-err><![CDATA[]]></system-err>
</testsuite>
