<?xml version="1.0" encoding="UTF-8"?>
<testsuite name="de.uka.ilkd.key.rule.loop.LoopScopeInvRuleTests" tests="1" skipped="0" failures="0" errors="0" timestamp="2023-06-10T23:24:40" hostname="fv-az298-859" time="6.771">
  <properties/>
  <testcase name="testDoAutomaticProofOfBenchmarkWithLabeledBreaksAndContinues()" classname="de.uka.ilkd.key.rule.loop.LoopScopeInvRuleTests" time="6.771"/>
  <system-out><![CDATA[690072     INFO  Test worker     d.u.i.k.p.i.AbstractProblemLoader Loading environment from src/test/resources/testcase/loopScopeInvRule/Test.key 
690072     DEBUG Test worker     d.u.i.k.p.i.AbstractProblemLoader Environment load took 263.2ns 
690073     INFO  Test worker     d.u.i.k.p.i.AbstractProblemLoader Creating init config 
690265     DEBUG Test worker     d.u.i.k.j.TypeConverter   No LDT found for Meta 
690266     DEBUG Test worker     d.u.i.k.j.TypeConverter   No LDT found for Meta 
690266     DEBUG Test worker     d.u.i.k.j.TypeConverter   No LDT found for Meta 
690267     DEBUG Test worker     d.u.i.k.j.TypeConverter   No LDT found for Meta 
691020     DEBUG Test worker     d.u.i.k.j.TypeConverter   No LDT found for JavaBigintExpression 
696098     DEBUG Test worker     d.u.i.k.p.i.AbstractProblemLoader Init config took 6.03s 
696146     INFO  Test worker     d.u.i.k.p.i.AbstractProblemLoader Replaying proof Test[Test::loopScopeRuleBenchmark(int,boolean)].JML normal_behavior operation contract.0 
696149     DEBUG Test worker     d.u.i.k.p.i.IntermediateProofReplayer Proof replay took 48.5ns 
]]></system-out>
  <system-err><![CDATA[]]></system-err>
</testsuite>
