<?xml version="1.0" encoding="UTF-8"?>
<testsuite name="de.uka.ilkd.key.parser.TestDeclParser" tests="14" skipped="2" failures="0" errors="0" timestamp="2023-05-22T21:09:25" hostname="fv-az464-622" time="10.787">
  <properties/>
  <testcase name="testGenericSortDecl1()" classname="de.uka.ilkd.key.parser.TestDeclParser" time="0.899"/>
  <testcase name="testGenericSortDecl2()" classname="de.uka.ilkd.key.parser.TestDeclParser" time="0.923"/>
  <testcase name="testGenericSortDecl3()" classname="de.uka.ilkd.key.parser.TestDeclParser" time="0.912"/>
  <testcase name="testGenericSortDecl4()" classname="de.uka.ilkd.key.parser.TestDeclParser" time="0.915"/>
  <testcase name="testGenericSortDecl5()" classname="de.uka.ilkd.key.parser.TestDeclParser" time="0.0">
    <skipped/>
  </testcase>
  <testcase name="testGenericSortDecl6()" classname="de.uka.ilkd.key.parser.TestDeclParser" time="0.825"/>
  <testcase name="testSortDecl()" classname="de.uka.ilkd.key.parser.TestDeclParser" time="1.012"/>
  <testcase name="testProxySortDecl()" classname="de.uka.ilkd.key.parser.TestDeclParser" time="0.914"/>
  <testcase name="testArrayDecl()" classname="de.uka.ilkd.key.parser.TestDeclParser" time="0.817"/>
  <testcase name="testAmbiguousDecls()" classname="de.uka.ilkd.key.parser.TestDeclParser" time="0.001">
    <skipped/>
  </testcase>
  <testcase name="testHeurDecl()" classname="de.uka.ilkd.key.parser.TestDeclParser" time="0.887"/>
  <testcase name="testFunctionDecl()" classname="de.uka.ilkd.key.parser.TestDeclParser" time="0.949"/>
  <testcase name="testPredicateDecl()" classname="de.uka.ilkd.key.parser.TestDeclParser" time="0.85"/>
  <testcase name="testSVDecl()" classname="de.uka.ilkd.key.parser.TestDeclParser" time="0.878"/>
  <system-out><![CDATA[203856     INFO  Test worker     d.u.i.k.n.KeyIO           Parsing took 0 ms 
203856     DEBUG Test worker     d.u.i.k.n.KeyIO           Load declarations of de.uka.ilkd.key.nparser.KeyAst$File:  <unknown>:1#1 
203856     INFO  Test worker     d.u.i.k.n.KeyIO           MODE: declarations took 0 ms 
203856     DEBUG Test worker     d.u.i.k.n.KeyIO           MODE: 2nd degree decls took 0 
203856     DEBUG Test worker     d.u.i.k.n.KeyIO           MODE: taclets took 0ms 
204793     INFO  Test worker     d.u.i.k.n.KeyIO           Parsing took 0 ms 
204793     DEBUG Test worker     d.u.i.k.n.KeyIO           Load declarations of de.uka.ilkd.key.nparser.KeyAst$File:  <unknown>:1#1 
204793     INFO  Test worker     d.u.i.k.n.KeyIO           MODE: declarations took 0 ms 
204793     DEBUG Test worker     d.u.i.k.n.KeyIO           MODE: 2nd degree decls took 0 
204793     DEBUG Test worker     d.u.i.k.n.KeyIO           MODE: taclets took 0ms 
205706     INFO  Test worker     d.u.i.k.n.KeyIO           Parsing took 0 ms 
205706     DEBUG Test worker     d.u.i.k.n.KeyIO           Load declarations of de.uka.ilkd.key.nparser.KeyAst$File:  <unknown>:1#1 
205706     INFO  Test worker     d.u.i.k.n.KeyIO           MODE: declarations took 0 ms 
205706     DEBUG Test worker     d.u.i.k.n.KeyIO           MODE: 2nd degree decls took 0 
205706     DEBUG Test worker     d.u.i.k.n.KeyIO           MODE: taclets took 0ms 
206615     INFO  Test worker     d.u.i.k.n.KeyIO           Parsing took 0 ms 
206615     DEBUG Test worker     d.u.i.k.n.KeyIO           Load declarations of de.uka.ilkd.key.nparser.KeyAst$File:  <unknown>:1#1 
206615     INFO  Test worker     d.u.i.k.n.KeyIO           MODE: declarations took 0 ms 
206630     DEBUG Test worker     d.u.i.k.n.KeyIO           MODE: 2nd degree decls took 0 
206630     DEBUG Test worker     d.u.i.k.n.KeyIO           MODE: taclets took 0ms 
207443     INFO  Test worker     d.u.i.k.n.KeyIO           Parsing took 0 ms 
207443     DEBUG Test worker     d.u.i.k.n.KeyIO           Load declarations of de.uka.ilkd.key.nparser.KeyAst$File:  <unknown>:1#1 
207443     INFO  Test worker     d.u.i.k.n.KeyIO           MODE: declarations took 0 ms 
207443     DEBUG Test worker     d.u.i.k.n.KeyIO           MODE: 2nd degree decls took 0 
207443     DEBUG Test worker     d.u.i.k.n.KeyIO           MODE: taclets took 0ms 
208459     INFO  Test worker     d.u.i.k.n.KeyIO           Parsing took 0 ms 
208459     DEBUG Test worker     d.u.i.k.n.KeyIO           Load declarations of de.uka.ilkd.key.nparser.KeyAst$File:  <unknown>:1#1 
208459     INFO  Test worker     d.u.i.k.n.KeyIO           MODE: declarations took 0 ms 
208459     DEBUG Test worker     d.u.i.k.n.KeyIO           MODE: 2nd degree decls took 0 
208459     DEBUG Test worker     d.u.i.k.n.KeyIO           MODE: taclets took 0ms 
209366     INFO  Test worker     d.u.i.k.n.KeyIO           Parsing took 0 ms 
209366     DEBUG Test worker     d.u.i.k.n.KeyIO           Load declarations of de.uka.ilkd.key.nparser.KeyAst$File:  <unknown>:1#1 
209381     INFO  Test worker     d.u.i.k.n.KeyIO           MODE: declarations took 15 ms 
209381     DEBUG Test worker     d.u.i.k.n.KeyIO           MODE: 2nd degree decls took 0 
209381     DEBUG Test worker     d.u.i.k.n.KeyIO           MODE: taclets took 0ms 
210194     INFO  Test worker     d.u.i.k.n.KeyIO           Parsing took 0 ms 
210194     DEBUG Test worker     d.u.i.k.n.KeyIO           Load declarations of de.uka.ilkd.key.nparser.KeyAst$File:  <unknown>:1#1 
210194     INFO  Test worker     d.u.i.k.n.KeyIO           MODE: declarations took 0 ms 
210194     DEBUG Test worker     d.u.i.k.n.KeyIO           MODE: 2nd degree decls took 0 
210194     DEBUG Test worker     d.u.i.k.n.KeyIO           MODE: taclets took 0ms 
211085     INFO  Test worker     d.u.i.k.n.KeyIO           Parsing took 0 ms 
211085     DEBUG Test worker     d.u.i.k.n.KeyIO           Load declarations of de.uka.ilkd.key.nparser.KeyAst$File:  <unknown>:1#1 
211085     INFO  Test worker     d.u.i.k.n.KeyIO           MODE: declarations took 0 ms 
211085     DEBUG Test worker     d.u.i.k.n.KeyIO           MODE: 2nd degree decls took 0 
211085     DEBUG Test worker     d.u.i.k.n.KeyIO           MODE: taclets took 0ms 
212028     INFO  Test worker     d.u.i.k.n.KeyIO           Parsing took 0 ms 
212028     DEBUG Test worker     d.u.i.k.n.KeyIO           Load declarations of de.uka.ilkd.key.nparser.KeyAst$File:  <unknown>:1#1 
212028     INFO  Test worker     d.u.i.k.n.KeyIO           MODE: declarations took 0 ms 
212028     DEBUG Test worker     d.u.i.k.n.KeyIO           MODE: 2nd degree decls took 0 
212028     DEBUG Test worker     d.u.i.k.n.KeyIO           MODE: taclets took 0ms 
212872     INFO  Test worker     d.u.i.k.n.KeyIO           Parsing took 0 ms 
212872     DEBUG Test worker     d.u.i.k.n.KeyIO           Load declarations of de.uka.ilkd.key.nparser.KeyAst$File:  <unknown>:1#1 
212872     INFO  Test worker     d.u.i.k.n.KeyIO           MODE: declarations took 0 ms 
212872     DEBUG Test worker     d.u.i.k.n.KeyIO           MODE: 2nd degree decls took 0 
212872     DEBUG Test worker     d.u.i.k.n.KeyIO           MODE: taclets took 0ms 
213748     INFO  Test worker     d.u.i.k.n.KeyIO           Parsing took 0 ms 
213748     DEBUG Test worker     d.u.i.k.n.KeyIO           Load declarations of de.uka.ilkd.key.nparser.KeyAst$File:  <unknown>:1#1 
213748     INFO  Test worker     d.u.i.k.n.KeyIO           MODE: declarations took 0 ms 
213748     DEBUG Test worker     d.u.i.k.n.KeyIO           MODE: 2nd degree decls took 0 
213748     DEBUG Test worker     d.u.i.k.n.KeyIO           MODE: taclets took 0ms 
]]></system-out>
  <system-err><![CDATA[]]></system-err>
</testsuite>
