<?xml version="1.0" encoding="UTF-8"?>
<testsuite name="de.uka.ilkd.key.rule.merge.PredicateAbstractionLatticeTests" tests="3" skipped="0" failures="0" errors="0" timestamp="2023-05-22T21:14:34" hostname="fv-az464-622" time="5.582">
  <properties/>
  <testcase name="testToAndFromString()" classname="de.uka.ilkd.key.rule.merge.PredicateAbstractionLatticeTests" time="2.798"/>
  <testcase name="testCreateSignLatticeWithPredicates()" classname="de.uka.ilkd.key.rule.merge.PredicateAbstractionLatticeTests" time="2.783"/>
  <testcase name="testTrivialPredicatesLattice()" classname="de.uka.ilkd.key.rule.merge.PredicateAbstractionLatticeTests" time="0.0"/>
  <system-out><![CDATA[511175     INFO  Test worker     d.u.i.k.p.i.AbstractProblemLoader Loading environment from src\test\resources\testcase\merge\dummy.key 
511175     DEBUG Test worker     d.u.i.k.p.i.AbstractProblemLoader Environment load took 446.3ns 
511175     INFO  Test worker     d.u.i.k.p.i.AbstractProblemLoader Creating init config 
513962     DEBUG Test worker     d.u.i.k.p.i.AbstractProblemLoader Init config took 2.78s 
513978     INFO  Test worker     d.u.i.k.p.i.AbstractProblemLoader Replaying proof dummy.key 
513978     DEBUG Test worker     d.u.i.k.p.i.IntermediateProofReplayer Proof replay took 11.3ns 
513978     INFO  Test worker     d.u.i.k.p.i.AbstractProblemLoader Loading environment from src\test\resources\testcase\merge\dummy.key 
513978     DEBUG Test worker     d.u.i.k.p.i.AbstractProblemLoader Environment load took 118.3ns 
513978     INFO  Test worker     d.u.i.k.p.i.AbstractProblemLoader Creating init config 
516627     DEBUG Test worker     d.u.i.k.p.i.AbstractProblemLoader Init config took 2.65s 
516754     INFO  Test worker     d.u.i.k.p.i.AbstractProblemLoader Replaying proof dummy.key 
516755     DEBUG Test worker     d.u.i.k.p.i.IntermediateProofReplayer Proof replay took 25.3ns 
]]></system-out>
  <system-err><![CDATA[]]></system-err>
</testsuite>
