<?xml version="1.0" encoding="UTF-8"?>
<testsuite name="de.uka.ilkd.key.parser.TestTermParserHeap" tests="39" skipped="0" failures="0" errors="0" timestamp="2023-05-22T21:10:58" hostname="fv-az464-622" time="105.206">
  <properties/>
  <testcase name="testBracketHeapUpdate()" classname="de.uka.ilkd.key.parser.TestTermParserHeap" time="0.026"/>
  <testcase name="testStore()" classname="de.uka.ilkd.key.parser.TestTermParserHeap" time="0.015"/>
  <testcase name="testUnknownConstant()" classname="de.uka.ilkd.key.parser.TestTermParserHeap" time="0.009"/>
  <testcase name="testAllFieldsSelector()" classname="de.uka.ilkd.key.parser.TestTermParserHeap" time="0.004"/>
  <testcase name="testParsePrettyPrintedSelect()" classname="de.uka.ilkd.key.parser.TestTermParserHeap" time="0.005"/>
  <testcase name="testAccessStaticMembers()" classname="de.uka.ilkd.key.parser.TestTermParserHeap" time="0.008"/>
  <testcase name="testAtOperator_1()" classname="de.uka.ilkd.key.parser.TestTermParserHeap" time="0.005"/>
  <testcase name="testAtOperator_2()" classname="de.uka.ilkd.key.parser.TestTermParserHeap" time="0.003"/>
  <testcase name="testAtOperator_3()" classname="de.uka.ilkd.key.parser.TestTermParserHeap" time="0.004"/>
  <testcase name="testAtOperator_4()" classname="de.uka.ilkd.key.parser.TestTermParserHeap" time="0.013"/>
  <testcase name="testAtOperator_5()" classname="de.uka.ilkd.key.parser.TestTermParserHeap" time="0.002"/>
  <testcase name="testAtOperator_6()" classname="de.uka.ilkd.key.parser.TestTermParserHeap" time="0.005"/>
  <testcase name="testAtOperator_7()" classname="de.uka.ilkd.key.parser.TestTermParserHeap" time="0.004"/>
  <testcase name="testAtOperator_8()" classname="de.uka.ilkd.key.parser.TestTermParserHeap" time="0.002"/>
  <testcase name="testVerifyExceptionIfAtOperatorNotPreceededBySelectTerm()" classname="de.uka.ilkd.key.parser.TestTermParserHeap" time="0.005"/>
  <testcase name="testBugResettingCounter()" classname="de.uka.ilkd.key.parser.TestTermParserHeap" time="0.002"/>
  <testcase name="testLocationSets()" classname="de.uka.ilkd.key.parser.TestTermParserHeap" time="0.02"/>
  <testcase name="testQuantifiedSelect()" classname="de.uka.ilkd.key.parser.TestTermParserHeap" time="0.004"/>
  <testcase name="testGenericObjectProperties()" classname="de.uka.ilkd.key.parser.TestTermParserHeap" time="0.005"/>
  <testcase name="testQueryInheritance_1()" classname="de.uka.ilkd.key.parser.TestTermParserHeap" time="0.005"/>
  <testcase name="testQueryInheritance_2()" classname="de.uka.ilkd.key.parser.TestTermParserHeap" time="0.009"/>
  <testcase name="testQueryInheritance_3()" classname="de.uka.ilkd.key.parser.TestTermParserHeap" time="0.009"/>
  <testcase name="testQueryInheritance_4()" classname="de.uka.ilkd.key.parser.TestTermParserHeap" time="0.006"/>
  <testcase name="testQueryInheritance_5()" classname="de.uka.ilkd.key.parser.TestTermParserHeap" time="0.002"/>
  <testcase name="testQueryInheritance_6()" classname="de.uka.ilkd.key.parser.TestTermParserHeap" time="0.004"/>
  <testcase name="testQueryInheritance_7()" classname="de.uka.ilkd.key.parser.TestTermParserHeap" time="0.005"/>
  <testcase name="testQueryInheritance_8()" classname="de.uka.ilkd.key.parser.TestTermParserHeap" time="0.004"/>
  <testcase name="testQueryInheritance_9()" classname="de.uka.ilkd.key.parser.TestTermParserHeap" time="0.005"/>
  <testcase name="testQueryBasic_10()" classname="de.uka.ilkd.key.parser.TestTermParserHeap" time="0.003"/>
  <testcase name="testQueryBasic_11()" classname="de.uka.ilkd.key.parser.TestTermParserHeap" time="0.003"/>
  <testcase name="testQueryBasic_1()" classname="de.uka.ilkd.key.parser.TestTermParserHeap" time="0.003"/>
  <testcase name="testQueryBasic_2()" classname="de.uka.ilkd.key.parser.TestTermParserHeap" time="0.001"/>
  <testcase name="testQueryBasic_3()" classname="de.uka.ilkd.key.parser.TestTermParserHeap" time="0.003"/>
  <testcase name="testQueryBasic_4()" classname="de.uka.ilkd.key.parser.TestTermParserHeap" time="0.003"/>
  <testcase name="testQueryBasic_5()" classname="de.uka.ilkd.key.parser.TestTermParserHeap" time="0.004"/>
  <testcase name="testQueryBasic_6()" classname="de.uka.ilkd.key.parser.TestTermParserHeap" time="0.003"/>
  <testcase name="testQueryBasic_7()" classname="de.uka.ilkd.key.parser.TestTermParserHeap" time="0.005"/>
  <testcase name="testQueryBasic_8()" classname="de.uka.ilkd.key.parser.TestTermParserHeap" time="0.002"/>
  <testcase name="testQueryBasic_9()" classname="de.uka.ilkd.key.parser.TestTermParserHeap" time="0.004"/>
  <system-out><![CDATA[296090     INFO  Test worker     d.u.i.k.n.KeyIO           Parsing took 0 ms 
296090     DEBUG Test worker     d.u.i.k.n.KeyIO           Load declarations of de.uka.ilkd.key.nparser.KeyAst$File:  <unknown>:1#1 
296090     INFO  Test worker     d.u.i.k.n.KeyIO           MODE: declarations took 0 ms 
296090     DEBUG Test worker     d.u.i.k.n.KeyIO           MODE: 2nd degree decls took 0 
296090     INFO  Test worker     d.u.i.k.n.KeyIO           Parsing took 0 ms 
296090     DEBUG Test worker     d.u.i.k.n.KeyIO           Load declarations of de.uka.ilkd.key.nparser.KeyAst$File:  <unknown>:1#1 
296090     INFO  Test worker     d.u.i.k.n.KeyIO           MODE: declarations took 0 ms 
296090     DEBUG Test worker     d.u.i.k.n.KeyIO           MODE: 2nd degree decls took 0 
296090     INFO  Test worker     d.u.i.k.n.KeyIO           Parsing took 0 ms 
296090     DEBUG Test worker     d.u.i.k.n.KeyIO           Load declarations of de.uka.ilkd.key.nparser.KeyAst$File:  <unknown>:1#1 
296090     INFO  Test worker     d.u.i.k.n.KeyIO           MODE: declarations took 0 ms 
296090     DEBUG Test worker     d.u.i.k.n.KeyIO           MODE: 2nd degree decls took 0 
296090     INFO  Test worker     d.u.i.k.n.KeyIO           Parsing took 0 ms 
296090     DEBUG Test worker     d.u.i.k.n.KeyIO           Load declarations of de.uka.ilkd.key.nparser.KeyAst$File:  <unknown>:1#1 
296090     INFO  Test worker     d.u.i.k.n.KeyIO           MODE: declarations took 0 ms 
296090     DEBUG Test worker     d.u.i.k.n.KeyIO           MODE: 2nd degree decls took 0 
296090     INFO  Test worker     d.u.i.k.n.KeyIO           Parsing took 0 ms 
296090     DEBUG Test worker     d.u.i.k.n.KeyIO           Load declarations of de.uka.ilkd.key.nparser.KeyAst$File:  <unknown>:1#1 
296090     INFO  Test worker     d.u.i.k.n.KeyIO           MODE: declarations took 0 ms 
296090     DEBUG Test worker     d.u.i.k.n.KeyIO           MODE: 2nd degree decls took 0 
299121     INFO  Test worker     d.u.i.k.n.KeyIO           Parsing took 0 ms 
299121     DEBUG Test worker     d.u.i.k.n.KeyIO           Load declarations of de.uka.ilkd.key.nparser.KeyAst$File:  <unknown>:1#1 
299121     INFO  Test worker     d.u.i.k.n.KeyIO           MODE: declarations took 0 ms 
299137     DEBUG Test worker     d.u.i.k.n.KeyIO           MODE: 2nd degree decls took 0 
299137     INFO  Test worker     d.u.i.k.n.KeyIO           Parsing took 0 ms 
299137     DEBUG Test worker     d.u.i.k.n.KeyIO           Load declarations of de.uka.ilkd.key.nparser.KeyAst$File:  <unknown>:1#1 
299137     INFO  Test worker     d.u.i.k.n.KeyIO           MODE: declarations took 0 ms 
299137     DEBUG Test worker     d.u.i.k.n.KeyIO           MODE: 2nd degree decls took 0 
299137     INFO  Test worker     d.u.i.k.n.KeyIO           Parsing took 0 ms 
299137     DEBUG Test worker     d.u.i.k.n.KeyIO           Load declarations of de.uka.ilkd.key.nparser.KeyAst$File:  <unknown>:1#1 
299137     INFO  Test worker     d.u.i.k.n.KeyIO           MODE: declarations took 0 ms 
299137     DEBUG Test worker     d.u.i.k.n.KeyIO           MODE: 2nd degree decls took 0 
299137     INFO  Test worker     d.u.i.k.n.KeyIO           Parsing took 0 ms 
299137     DEBUG Test worker     d.u.i.k.n.KeyIO           Load declarations of de.uka.ilkd.key.nparser.KeyAst$File:  <unknown>:1#1 
299137     INFO  Test worker     d.u.i.k.n.KeyIO           MODE: declarations took 0 ms 
299137     DEBUG Test worker     d.u.i.k.n.KeyIO           MODE: 2nd degree decls took 0 
299137     INFO  Test worker     d.u.i.k.n.KeyIO           Parsing took 0 ms 
299137     DEBUG Test worker     d.u.i.k.n.KeyIO           Load declarations of de.uka.ilkd.key.nparser.KeyAst$File:  <unknown>:1#1 
299137     INFO  Test worker     d.u.i.k.n.KeyIO           MODE: declarations took 0 ms 
299137     DEBUG Test worker     d.u.i.k.n.KeyIO           MODE: 2nd degree decls took 0 
302022     INFO  Test worker     d.u.i.k.n.KeyIO           Parsing took 0 ms 
302022     DEBUG Test worker     d.u.i.k.n.KeyIO           Load declarations of de.uka.ilkd.key.nparser.KeyAst$File:  <unknown>:1#1 
302022     INFO  Test worker     d.u.i.k.n.KeyIO           MODE: declarations took 0 ms 
302022     DEBUG Test worker     d.u.i.k.n.KeyIO           MODE: 2nd degree decls took 0 
302022     INFO  Test worker     d.u.i.k.n.KeyIO           Parsing took 0 ms 
302022     DEBUG Test worker     d.u.i.k.n.KeyIO           Load declarations of de.uka.ilkd.key.nparser.KeyAst$File:  <unknown>:1#1 
302022     INFO  Test worker     d.u.i.k.n.KeyIO           MODE: declarations took 0 ms 
302022     DEBUG Test worker     d.u.i.k.n.KeyIO           MODE: 2nd degree decls took 0 
302022     INFO  Test worker     d.u.i.k.n.KeyIO           Parsing took 0 ms 
302022     DEBUG Test worker     d.u.i.k.n.KeyIO           Load declarations of de.uka.ilkd.key.nparser.KeyAst$File:  <unknown>:1#1 
302022     INFO  Test worker     d.u.i.k.n.KeyIO           MODE: declarations took 0 ms 
302022     DEBUG Test worker     d.u.i.k.n.KeyIO           MODE: 2nd degree decls took 0 
302022     INFO  Test worker     d.u.i.k.n.KeyIO           Parsing took 0 ms 
302022     DEBUG Test worker     d.u.i.k.n.KeyIO           Load declarations of de.uka.ilkd.key.nparser.KeyAst$File:  <unknown>:1#1 
302022     INFO  Test worker     d.u.i.k.n.KeyIO           MODE: declarations took 0 ms 
302022     DEBUG Test worker     d.u.i.k.n.KeyIO           MODE: 2nd degree decls took 0 
302022     INFO  Test worker     d.u.i.k.n.KeyIO           Parsing took 0 ms 
302022     DEBUG Test worker     d.u.i.k.n.KeyIO           Load declarations of de.uka.ilkd.key.nparser.KeyAst$File:  <unknown>:1#1 
302022     INFO  Test worker     d.u.i.k.n.KeyIO           MODE: declarations took 0 ms 
302022     DEBUG Test worker     d.u.i.k.n.KeyIO           MODE: 2nd degree decls took 0 
302022     INFO  Test worker     d.u.i.k.n.KeyIO           Parsing took 0 ms 
302022     DEBUG Test worker     d.u.i.k.n.KeyIO           Load declarations of de.uka.ilkd.key.nparser.KeyAst$File:  <unknown>:1#1 
302022     INFO  Test worker     d.u.i.k.n.KeyIO           MODE: declarations took 0 ms 
302038     DEBUG Test worker     d.u.i.k.n.KeyIO           MODE: 2nd degree decls took 16 
304960     INFO  Test worker     d.u.i.k.n.KeyIO           Parsing took 0 ms 
304960     DEBUG Test worker     d.u.i.k.n.KeyIO           Load declarations of de.uka.ilkd.key.nparser.KeyAst$File:  <unknown>:1#1 
304960     INFO  Test worker     d.u.i.k.n.KeyIO           MODE: declarations took 0 ms 
304960     DEBUG Test worker     d.u.i.k.n.KeyIO           MODE: 2nd degree decls took 0 
304960     INFO  Test worker     d.u.i.k.n.KeyIO           Parsing took 0 ms 
304960     DEBUG Test worker     d.u.i.k.n.KeyIO           Load declarations of de.uka.ilkd.key.nparser.KeyAst$File:  <unknown>:1#1 
304960     INFO  Test worker     d.u.i.k.n.KeyIO           MODE: declarations took 0 ms 
304960     DEBUG Test worker     d.u.i.k.n.KeyIO           MODE: 2nd degree decls took 0 
304960     INFO  Test worker     d.u.i.k.n.KeyIO           Parsing took 0 ms 
304960     DEBUG Test worker     d.u.i.k.n.KeyIO           Load declarations of de.uka.ilkd.key.nparser.KeyAst$File:  <unknown>:1#1 
304960     INFO  Test worker     d.u.i.k.n.KeyIO           MODE: declarations took 0 ms 
304960     DEBUG Test worker     d.u.i.k.n.KeyIO           MODE: 2nd degree decls took 0 
304960     INFO  Test worker     d.u.i.k.n.KeyIO           Parsing took 0 ms 
304960     DEBUG Test worker     d.u.i.k.n.KeyIO           Load declarations of de.uka.ilkd.key.nparser.KeyAst$File:  <unknown>:1#1 
304960     INFO  Test worker     d.u.i.k.n.KeyIO           MODE: declarations took 0 ms 
304960     DEBUG Test worker     d.u.i.k.n.KeyIO           MODE: 2nd degree decls took 0 
304960     INFO  Test worker     d.u.i.k.n.KeyIO           Parsing took 0 ms 
304960     DEBUG Test worker     d.u.i.k.n.KeyIO           Load declarations of de.uka.ilkd.key.nparser.KeyAst$File:  <unknown>:1#1 
304960     INFO  Test worker     d.u.i.k.n.KeyIO           MODE: declarations took 0 ms 
304960     DEBUG Test worker     d.u.i.k.n.KeyIO           MODE: 2nd degree decls took 0 
307747     INFO  Test worker     d.u.i.k.n.KeyIO           Parsing took 0 ms 
307747     DEBUG Test worker     d.u.i.k.n.KeyIO           Load declarations of de.uka.ilkd.key.nparser.KeyAst$File:  <unknown>:1#1 
307747     INFO  Test worker     d.u.i.k.n.KeyIO           MODE: declarations took 0 ms 
307747     DEBUG Test worker     d.u.i.k.n.KeyIO           MODE: 2nd degree decls took 0 
307747     INFO  Test worker     d.u.i.k.n.KeyIO           Parsing took 0 ms 
307747     DEBUG Test worker     d.u.i.k.n.KeyIO           Load declarations of de.uka.ilkd.key.nparser.KeyAst$File:  <unknown>:1#1 
307747     INFO  Test worker     d.u.i.k.n.KeyIO           MODE: declarations took 0 ms 
307747     DEBUG Test worker     d.u.i.k.n.KeyIO           MODE: 2nd degree decls took 0 
307747     INFO  Test worker     d.u.i.k.n.KeyIO           Parsing took 0 ms 
307747     DEBUG Test worker     d.u.i.k.n.KeyIO           Load declarations of de.uka.ilkd.key.nparser.KeyAst$File:  <unknown>:1#1 
307747     INFO  Test worker     d.u.i.k.n.KeyIO           MODE: declarations took 0 ms 
307747     DEBUG Test worker     d.u.i.k.n.KeyIO           MODE: 2nd degree decls took 0 
307747     INFO  Test worker     d.u.i.k.n.KeyIO           Parsing took 0 ms 
307747     DEBUG Test worker     d.u.i.k.n.KeyIO           Load declarations of de.uka.ilkd.key.nparser.KeyAst$File:  <unknown>:1#1 
307747     INFO  Test worker     d.u.i.k.n.KeyIO           MODE: declarations took 0 ms 
307747     DEBUG Test worker     d.u.i.k.n.KeyIO           MODE: 2nd degree decls took 0 
307747     INFO  Test worker     d.u.i.k.n.KeyIO           Parsing took 0 ms 
307747     DEBUG Test worker     d.u.i.k.n.KeyIO           Load declarations of de.uka.ilkd.key.nparser.KeyAst$File:  <unknown>:1#1 
307747     INFO  Test worker     d.u.i.k.n.KeyIO           MODE: declarations took 0 ms 
307747     DEBUG Test worker     d.u.i.k.n.KeyIO           MODE: 2nd degree decls took 0 
310616     INFO  Test worker     d.u.i.k.n.KeyIO           Parsing took 0 ms 
310616     DEBUG Test worker     d.u.i.k.n.KeyIO           Load declarations of de.uka.ilkd.key.nparser.KeyAst$File:  <unknown>:1#1 
310616     INFO  Test worker     d.u.i.k.n.KeyIO           MODE: declarations took 0 ms 
310616     DEBUG Test worker     d.u.i.k.n.KeyIO           MODE: 2nd degree decls took 0 
310616     INFO  Test worker     d.u.i.k.n.KeyIO           Parsing took 0 ms 
310616     DEBUG Test worker     d.u.i.k.n.KeyIO           Load declarations of de.uka.ilkd.key.nparser.KeyAst$File:  <unknown>:1#1 
310616     INFO  Test worker     d.u.i.k.n.KeyIO           MODE: declarations took 0 ms 
310616     DEBUG Test worker     d.u.i.k.n.KeyIO           MODE: 2nd degree decls took 0 
310616     INFO  Test worker     d.u.i.k.n.KeyIO           Parsing took 0 ms 
310616     DEBUG Test worker     d.u.i.k.n.KeyIO           Load declarations of de.uka.ilkd.key.nparser.KeyAst$File:  <unknown>:1#1 
310616     INFO  Test worker     d.u.i.k.n.KeyIO           MODE: declarations took 0 ms 
310616     DEBUG Test worker     d.u.i.k.n.KeyIO           MODE: 2nd degree decls took 0 
310616     INFO  Test worker     d.u.i.k.n.KeyIO           Parsing took 0 ms 
310616     DEBUG Test worker     d.u.i.k.n.KeyIO           Load declarations of de.uka.ilkd.key.nparser.KeyAst$File:  <unknown>:1#1 
310616     INFO  Test worker     d.u.i.k.n.KeyIO           MODE: declarations took 0 ms 
310616     DEBUG Test worker     d.u.i.k.n.KeyIO           MODE: 2nd degree decls took 0 
310616     INFO  Test worker     d.u.i.k.n.KeyIO           Parsing took 0 ms 
310616     DEBUG Test worker     d.u.i.k.n.KeyIO           Load declarations of de.uka.ilkd.key.nparser.KeyAst$File:  <unknown>:1#1 
310616     INFO  Test worker     d.u.i.k.n.KeyIO           MODE: declarations took 0 ms 
310616     DEBUG Test worker     d.u.i.k.n.KeyIO           MODE: 2nd degree decls took 0 
313415     INFO  Test worker     d.u.i.k.n.KeyIO           Parsing took 0 ms 
313415     DEBUG Test worker     d.u.i.k.n.KeyIO           Load declarations of de.uka.ilkd.key.nparser.KeyAst$File:  <unknown>:1#1 
313415     INFO  Test worker     d.u.i.k.n.KeyIO           MODE: declarations took 0 ms 
313415     DEBUG Test worker     d.u.i.k.n.KeyIO           MODE: 2nd degree decls took 0 
313415     INFO  Test worker     d.u.i.k.n.KeyIO           Parsing took 0 ms 
313415     DEBUG Test worker     d.u.i.k.n.KeyIO           Load declarations of de.uka.ilkd.key.nparser.KeyAst$File:  <unknown>:1#1 
313415     INFO  Test worker     d.u.i.k.n.KeyIO           MODE: declarations took 0 ms 
313415     DEBUG Test worker     d.u.i.k.n.KeyIO           MODE: 2nd degree decls took 0 
313415     INFO  Test worker     d.u.i.k.n.KeyIO           Parsing took 0 ms 
313415     DEBUG Test worker     d.u.i.k.n.KeyIO           Load declarations of de.uka.ilkd.key.nparser.KeyAst$File:  <unknown>:1#1 
313415     INFO  Test worker     d.u.i.k.n.KeyIO           MODE: declarations took 0 ms 
313415     DEBUG Test worker     d.u.i.k.n.KeyIO           MODE: 2nd degree decls took 0 
313415     INFO  Test worker     d.u.i.k.n.KeyIO           Parsing took 0 ms 
313415     DEBUG Test worker     d.u.i.k.n.KeyIO           Load declarations of de.uka.ilkd.key.nparser.KeyAst$File:  <unknown>:1#1 
313415     INFO  Test worker     d.u.i.k.n.KeyIO           MODE: declarations took 0 ms 
313415     DEBUG Test worker     d.u.i.k.n.KeyIO           MODE: 2nd degree decls took 0 
313415     INFO  Test worker     d.u.i.k.n.KeyIO           Parsing took 0 ms 
313431     DEBUG Test worker     d.u.i.k.n.KeyIO           Load declarations of de.uka.ilkd.key.nparser.KeyAst$File:  <unknown>:1#1 
313431     INFO  Test worker     d.u.i.k.n.KeyIO           MODE: declarations took 0 ms 
313431     DEBUG Test worker     d.u.i.k.n.KeyIO           MODE: 2nd degree decls took 0 
316199     INFO  Test worker     d.u.i.k.n.KeyIO           Parsing took 0 ms 
316199     DEBUG Test worker     d.u.i.k.n.KeyIO           Load declarations of de.uka.ilkd.key.nparser.KeyAst$File:  <unknown>:1#1 
316199     INFO  Test worker     d.u.i.k.n.KeyIO           MODE: declarations took 0 ms 
316199     DEBUG Test worker     d.u.i.k.n.KeyIO           MODE: 2nd degree decls took 0 
316199     INFO  Test worker     d.u.i.k.n.KeyIO           Parsing took 0 ms 
316199     DEBUG Test worker     d.u.i.k.n.KeyIO           Load declarations of de.uka.ilkd.key.nparser.KeyAst$File:  <unknown>:1#1 
316199     INFO  Test worker     d.u.i.k.n.KeyIO           MODE: declarations took 0 ms 
316199     DEBUG Test worker     d.u.i.k.n.KeyIO           MODE: 2nd degree decls took 0 
316199     INFO  Test worker     d.u.i.k.n.KeyIO           Parsing took 0 ms 
316199     DEBUG Test worker     d.u.i.k.n.KeyIO           Load declarations of de.uka.ilkd.key.nparser.KeyAst$File:  <unknown>:1#1 
316199     INFO  Test worker     d.u.i.k.n.KeyIO           MODE: declarations took 0 ms 
316199     DEBUG Test worker     d.u.i.k.n.KeyIO           MODE: 2nd degree decls took 0 
316199     INFO  Test worker     d.u.i.k.n.KeyIO           Parsing took 0 ms 
316199     DEBUG Test worker     d.u.i.k.n.KeyIO           Load declarations of de.uka.ilkd.key.nparser.KeyAst$File:  <unknown>:1#1 
316199     INFO  Test worker     d.u.i.k.n.KeyIO           MODE: declarations took 0 ms 
316199     DEBUG Test worker     d.u.i.k.n.KeyIO           MODE: 2nd degree decls took 0 
316199     INFO  Test worker     d.u.i.k.n.KeyIO           Parsing took 0 ms 
316199     DEBUG Test worker     d.u.i.k.n.KeyIO           Load declarations of de.uka.ilkd.key.nparser.KeyAst$File:  <unknown>:1#1 
316199     INFO  Test worker     d.u.i.k.n.KeyIO           MODE: declarations took 0 ms 
316199     DEBUG Test worker     d.u.i.k.n.KeyIO           MODE: 2nd degree decls took 0 
319107     INFO  Test worker     d.u.i.k.n.KeyIO           Parsing took 0 ms 
319107     DEBUG Test worker     d.u.i.k.n.KeyIO           Load declarations of de.uka.ilkd.key.nparser.KeyAst$File:  <unknown>:1#1 
319107     INFO  Test worker     d.u.i.k.n.KeyIO           MODE: declarations took 0 ms 
319107     DEBUG Test worker     d.u.i.k.n.KeyIO           MODE: 2nd degree decls took 0 
319107     INFO  Test worker     d.u.i.k.n.KeyIO           Parsing took 0 ms 
319107     DEBUG Test worker     d.u.i.k.n.KeyIO           Load declarations of de.uka.ilkd.key.nparser.KeyAst$File:  <unknown>:1#1 
319107     INFO  Test worker     d.u.i.k.n.KeyIO           MODE: declarations took 0 ms 
319107     DEBUG Test worker     d.u.i.k.n.KeyIO           MODE: 2nd degree decls took 0 
319107     INFO  Test worker     d.u.i.k.n.KeyIO           Parsing took 0 ms 
319107     DEBUG Test worker     d.u.i.k.n.KeyIO           Load declarations of de.uka.ilkd.key.nparser.KeyAst$File:  <unknown>:1#1 
319107     INFO  Test worker     d.u.i.k.n.KeyIO           MODE: declarations took 0 ms 
319107     DEBUG Test worker     d.u.i.k.n.KeyIO           MODE: 2nd degree decls took 0 
319107     INFO  Test worker     d.u.i.k.n.KeyIO           Parsing took 0 ms 
319107     DEBUG Test worker     d.u.i.k.n.KeyIO           Load declarations of de.uka.ilkd.key.nparser.KeyAst$File:  <unknown>:1#1 
319107     INFO  Test worker     d.u.i.k.n.KeyIO           MODE: declarations took 0 ms 
319107     DEBUG Test worker     d.u.i.k.n.KeyIO           MODE: 2nd degree decls took 0 
319107     INFO  Test worker     d.u.i.k.n.KeyIO           Parsing took 0 ms 
319107     DEBUG Test worker     d.u.i.k.n.KeyIO           Load declarations of de.uka.ilkd.key.nparser.KeyAst$File:  <unknown>:1#1 
319107     INFO  Test worker     d.u.i.k.n.KeyIO           MODE: declarations took 0 ms 
319107     DEBUG Test worker     d.u.i.k.n.KeyIO           MODE: 2nd degree decls took 0 
321919     INFO  Test worker     d.u.i.k.n.KeyIO           Parsing took 0 ms 
321919     DEBUG Test worker     d.u.i.k.n.KeyIO           Load declarations of de.uka.ilkd.key.nparser.KeyAst$File:  <unknown>:1#1 
321919     INFO  Test worker     d.u.i.k.n.KeyIO           MODE: declarations took 0 ms 
321919     DEBUG Test worker     d.u.i.k.n.KeyIO           MODE: 2nd degree decls took 0 
321919     INFO  Test worker     d.u.i.k.n.KeyIO           Parsing took 0 ms 
321919     DEBUG Test worker     d.u.i.k.n.KeyIO           Load declarations of de.uka.ilkd.key.nparser.KeyAst$File:  <unknown>:1#1 
321919     INFO  Test worker     d.u.i.k.n.KeyIO           MODE: declarations took 0 ms 
321919     DEBUG Test worker     d.u.i.k.n.KeyIO           MODE: 2nd degree decls took 0 
321919     INFO  Test worker     d.u.i.k.n.KeyIO           Parsing took 0 ms 
321919     DEBUG Test worker     d.u.i.k.n.KeyIO           Load declarations of de.uka.ilkd.key.nparser.KeyAst$File:  <unknown>:1#1 
321919     INFO  Test worker     d.u.i.k.n.KeyIO           MODE: declarations took 0 ms 
321919     DEBUG Test worker     d.u.i.k.n.KeyIO           MODE: 2nd degree decls took 0 
321919     INFO  Test worker     d.u.i.k.n.KeyIO           Parsing took 0 ms 
321919     DEBUG Test worker     d.u.i.k.n.KeyIO           Load declarations of de.uka.ilkd.key.nparser.KeyAst$File:  <unknown>:1#1 
321919     INFO  Test worker     d.u.i.k.n.KeyIO           MODE: declarations took 0 ms 
321919     DEBUG Test worker     d.u.i.k.n.KeyIO           MODE: 2nd degree decls took 0 
321919     INFO  Test worker     d.u.i.k.n.KeyIO           Parsing took 0 ms 
321919     DEBUG Test worker     d.u.i.k.n.KeyIO           Load declarations of de.uka.ilkd.key.nparser.KeyAst$File:  <unknown>:1#1 
321919     INFO  Test worker     d.u.i.k.n.KeyIO           MODE: declarations took 0 ms 
321919     DEBUG Test worker     d.u.i.k.n.KeyIO           MODE: 2nd degree decls took 0 
324687     INFO  Test worker     d.u.i.k.n.KeyIO           Parsing took 0 ms 
324687     DEBUG Test worker     d.u.i.k.n.KeyIO           Load declarations of de.uka.ilkd.key.nparser.KeyAst$File:  <unknown>:1#1 
324687     INFO  Test worker     d.u.i.k.n.KeyIO           MODE: declarations took 0 ms 
324687     DEBUG Test worker     d.u.i.k.n.KeyIO           MODE: 2nd degree decls took 0 
324687     INFO  Test worker     d.u.i.k.n.KeyIO           Parsing took 0 ms 
324687     DEBUG Test worker     d.u.i.k.n.KeyIO           Load declarations of de.uka.ilkd.key.nparser.KeyAst$File:  <unknown>:1#1 
324687     INFO  Test worker     d.u.i.k.n.KeyIO           MODE: declarations took 0 ms 
324687     DEBUG Test worker     d.u.i.k.n.KeyIO           MODE: 2nd degree decls took 0 
324687     INFO  Test worker     d.u.i.k.n.KeyIO           Parsing took 0 ms 
324687     DEBUG Test worker     d.u.i.k.n.KeyIO           Load declarations of de.uka.ilkd.key.nparser.KeyAst$File:  <unknown>:1#1 
324687     INFO  Test worker     d.u.i.k.n.KeyIO           MODE: declarations took 0 ms 
324687     DEBUG Test worker     d.u.i.k.n.KeyIO           MODE: 2nd degree decls took 0 
324687     INFO  Test worker     d.u.i.k.n.KeyIO           Parsing took 0 ms 
324687     DEBUG Test worker     d.u.i.k.n.KeyIO           Load declarations of de.uka.ilkd.key.nparser.KeyAst$File:  <unknown>:1#1 
324687     INFO  Test worker     d.u.i.k.n.KeyIO           MODE: declarations took 0 ms 
324687     DEBUG Test worker     d.u.i.k.n.KeyIO           MODE: 2nd degree decls took 0 
324687     INFO  Test worker     d.u.i.k.n.KeyIO           Parsing took 0 ms 
324687     DEBUG Test worker     d.u.i.k.n.KeyIO           Load declarations of de.uka.ilkd.key.nparser.KeyAst$File:  <unknown>:1#1 
324687     INFO  Test worker     d.u.i.k.n.KeyIO           MODE: declarations took 0 ms 
324687     DEBUG Test worker     d.u.i.k.n.KeyIO           MODE: 2nd degree decls took 0 
327400     INFO  Test worker     d.u.i.k.n.KeyIO           Parsing took 0 ms 
327400     DEBUG Test worker     d.u.i.k.n.KeyIO           Load declarations of de.uka.ilkd.key.nparser.KeyAst$File:  <unknown>:1#1 
327400     INFO  Test worker     d.u.i.k.n.KeyIO           MODE: declarations took 0 ms 
327400     DEBUG Test worker     d.u.i.k.n.KeyIO           MODE: 2nd degree decls took 0 
327400     INFO  Test worker     d.u.i.k.n.KeyIO           Parsing took 0 ms 
327400     DEBUG Test worker     d.u.i.k.n.KeyIO           Load declarations of de.uka.ilkd.key.nparser.KeyAst$File:  <unknown>:1#1 
327400     INFO  Test worker     d.u.i.k.n.KeyIO           MODE: declarations took 0 ms 
327400     DEBUG Test worker     d.u.i.k.n.KeyIO           MODE: 2nd degree decls took 0 
327400     INFO  Test worker     d.u.i.k.n.KeyIO           Parsing took 0 ms 
327400     DEBUG Test worker     d.u.i.k.n.KeyIO           Load declarations of de.uka.ilkd.key.nparser.KeyAst$File:  <unknown>:1#1 
327400     INFO  Test worker     d.u.i.k.n.KeyIO           MODE: declarations took 0 ms 
327400     DEBUG Test worker     d.u.i.k.n.KeyIO           MODE: 2nd degree decls took 0 
327400     INFO  Test worker     d.u.i.k.n.KeyIO           Parsing took 0 ms 
327400     DEBUG Test worker     d.u.i.k.n.KeyIO           Load declarations of de.uka.ilkd.key.nparser.KeyAst$File:  <unknown>:1#1 
327400     INFO  Test worker     d.u.i.k.n.KeyIO           MODE: declarations took 0 ms 
327400     DEBUG Test worker     d.u.i.k.n.KeyIO           MODE: 2nd degree decls took 0 
327400     INFO  Test worker     d.u.i.k.n.KeyIO           Parsing took 0 ms 
327400     DEBUG Test worker     d.u.i.k.n.KeyIO           Load declarations of de.uka.ilkd.key.nparser.KeyAst$File:  <unknown>:1#1 
327400     INFO  Test worker     d.u.i.k.n.KeyIO           MODE: declarations took 0 ms 
327400     DEBUG Test worker     d.u.i.k.n.KeyIO           MODE: 2nd degree decls took 0 
330137     INFO  Test worker     d.u.i.k.n.KeyIO           Parsing took 0 ms 
330137     DEBUG Test worker     d.u.i.k.n.KeyIO           Load declarations of de.uka.ilkd.key.nparser.KeyAst$File:  <unknown>:1#1 
330137     INFO  Test worker     d.u.i.k.n.KeyIO           MODE: declarations took 0 ms 
330137     DEBUG Test worker     d.u.i.k.n.KeyIO           MODE: 2nd degree decls took 0 
330137     INFO  Test worker     d.u.i.k.n.KeyIO           Parsing took 0 ms 
330137     DEBUG Test worker     d.u.i.k.n.KeyIO           Load declarations of de.uka.ilkd.key.nparser.KeyAst$File:  <unknown>:1#1 
330137     INFO  Test worker     d.u.i.k.n.KeyIO           MODE: declarations took 0 ms 
330137     DEBUG Test worker     d.u.i.k.n.KeyIO           MODE: 2nd degree decls took 0 
330137     INFO  Test worker     d.u.i.k.n.KeyIO           Parsing took 0 ms 
330137     DEBUG Test worker     d.u.i.k.n.KeyIO           Load declarations of de.uka.ilkd.key.nparser.KeyAst$File:  <unknown>:1#1 
330137     INFO  Test worker     d.u.i.k.n.KeyIO           MODE: declarations took 0 ms 
330137     DEBUG Test worker     d.u.i.k.n.KeyIO           MODE: 2nd degree decls took 0 
330137     INFO  Test worker     d.u.i.k.n.KeyIO           Parsing took 0 ms 
330137     DEBUG Test worker     d.u.i.k.n.KeyIO           Load declarations of de.uka.ilkd.key.nparser.KeyAst$File:  <unknown>:1#1 
330137     INFO  Test worker     d.u.i.k.n.KeyIO           MODE: declarations took 0 ms 
330137     DEBUG Test worker     d.u.i.k.n.KeyIO           MODE: 2nd degree decls took 0 
330137     INFO  Test worker     d.u.i.k.n.KeyIO           Parsing took 0 ms 
330137     DEBUG Test worker     d.u.i.k.n.KeyIO           Load declarations of de.uka.ilkd.key.nparser.KeyAst$File:  <unknown>:1#1 
330137     INFO  Test worker     d.u.i.k.n.KeyIO           MODE: declarations took 0 ms 
330137     DEBUG Test worker     d.u.i.k.n.KeyIO           MODE: 2nd degree decls took 0 
332867     INFO  Test worker     d.u.i.k.n.KeyIO           Parsing took 0 ms 
332867     DEBUG Test worker     d.u.i.k.n.KeyIO           Load declarations of de.uka.ilkd.key.nparser.KeyAst$File:  <unknown>:1#1 
332867     INFO  Test worker     d.u.i.k.n.KeyIO           MODE: declarations took 0 ms 
332867     DEBUG Test worker     d.u.i.k.n.KeyIO           MODE: 2nd degree decls took 0 
332867     INFO  Test worker     d.u.i.k.n.KeyIO           Parsing took 0 ms 
332867     DEBUG Test worker     d.u.i.k.n.KeyIO           Load declarations of de.uka.ilkd.key.nparser.KeyAst$File:  <unknown>:1#1 
332867     INFO  Test worker     d.u.i.k.n.KeyIO           MODE: declarations took 0 ms 
332867     DEBUG Test worker     d.u.i.k.n.KeyIO           MODE: 2nd degree decls took 0 
332867     INFO  Test worker     d.u.i.k.n.KeyIO           Parsing took 0 ms 
332867     DEBUG Test worker     d.u.i.k.n.KeyIO           Load declarations of de.uka.ilkd.key.nparser.KeyAst$File:  <unknown>:1#1 
332867     INFO  Test worker     d.u.i.k.n.KeyIO           MODE: declarations took 0 ms 
332867     DEBUG Test worker     d.u.i.k.n.KeyIO           MODE: 2nd degree decls took 0 
332867     INFO  Test worker     d.u.i.k.n.KeyIO           Parsing took 0 ms 
332867     DEBUG Test worker     d.u.i.k.n.KeyIO           Load declarations of de.uka.ilkd.key.nparser.KeyAst$File:  <unknown>:1#1 
332867     INFO  Test worker     d.u.i.k.n.KeyIO           MODE: declarations took 0 ms 
332867     DEBUG Test worker     d.u.i.k.n.KeyIO           MODE: 2nd degree decls took 0 
332867     INFO  Test worker     d.u.i.k.n.KeyIO           Parsing took 0 ms 
332867     DEBUG Test worker     d.u.i.k.n.KeyIO           Load declarations of de.uka.ilkd.key.nparser.KeyAst$File:  <unknown>:1#1 
332867     INFO  Test worker     d.u.i.k.n.KeyIO           MODE: declarations took 0 ms 
332867     DEBUG Test worker     d.u.i.k.n.KeyIO           MODE: 2nd degree decls took 0 
335572     INFO  Test worker     d.u.i.k.n.KeyIO           Parsing took 0 ms 
335572     DEBUG Test worker     d.u.i.k.n.KeyIO           Load declarations of de.uka.ilkd.key.nparser.KeyAst$File:  <unknown>:1#1 
335572     INFO  Test worker     d.u.i.k.n.KeyIO           MODE: declarations took 0 ms 
335572     DEBUG Test worker     d.u.i.k.n.KeyIO           MODE: 2nd degree decls took 0 
335572     INFO  Test worker     d.u.i.k.n.KeyIO           Parsing took 0 ms 
335572     DEBUG Test worker     d.u.i.k.n.KeyIO           Load declarations of de.uka.ilkd.key.nparser.KeyAst$File:  <unknown>:1#1 
335572     INFO  Test worker     d.u.i.k.n.KeyIO           MODE: declarations took 0 ms 
335572     DEBUG Test worker     d.u.i.k.n.KeyIO           MODE: 2nd degree decls took 0 
335572     INFO  Test worker     d.u.i.k.n.KeyIO           Parsing took 0 ms 
335572     DEBUG Test worker     d.u.i.k.n.KeyIO           Load declarations of de.uka.ilkd.key.nparser.KeyAst$File:  <unknown>:1#1 
335572     INFO  Test worker     d.u.i.k.n.KeyIO           MODE: declarations took 0 ms 
335572     DEBUG Test worker     d.u.i.k.n.KeyIO           MODE: 2nd degree decls took 0 
335572     INFO  Test worker     d.u.i.k.n.KeyIO           Parsing took 0 ms 
335572     DEBUG Test worker     d.u.i.k.n.KeyIO           Load declarations of de.uka.ilkd.key.nparser.KeyAst$File:  <unknown>:1#1 
335572     INFO  Test worker     d.u.i.k.n.KeyIO           MODE: declarations took 0 ms 
335572     DEBUG Test worker     d.u.i.k.n.KeyIO           MODE: 2nd degree decls took 0 
335572     INFO  Test worker     d.u.i.k.n.KeyIO           Parsing took 0 ms 
335572     DEBUG Test worker     d.u.i.k.n.KeyIO           Load declarations of de.uka.ilkd.key.nparser.KeyAst$File:  <unknown>:1#1 
335572     INFO  Test worker     d.u.i.k.n.KeyIO           MODE: declarations took 0 ms 
335572     DEBUG Test worker     d.u.i.k.n.KeyIO           MODE: 2nd degree decls took 0 
335572     WARN  Test worker     d.u.i.k.n.KeYParser       [syntax-error] <unknown>:1:11: mismatched input '@' expecting {'/', ':=', '.', '(', ')', '{', '[', '@', PARALLEL, OR, AND, IMP, '=', NOT_EQUALS, '%', '*', '-', '+', '>', GREATEREQUAL, '<', LESSEQUAL, LGUILLEMETS, EQV} [@11,11:11='@',<153>,1:11] (termEOF) 
338344     INFO  Test worker     d.u.i.k.n.KeyIO           Parsing took 0 ms 
338344     DEBUG Test worker     d.u.i.k.n.KeyIO           Load declarations of de.uka.ilkd.key.nparser.KeyAst$File:  <unknown>:1#1 
338344     INFO  Test worker     d.u.i.k.n.KeyIO           MODE: declarations took 0 ms 
338344     DEBUG Test worker     d.u.i.k.n.KeyIO           MODE: 2nd degree decls took 0 
338344     INFO  Test worker     d.u.i.k.n.KeyIO           Parsing took 0 ms 
338344     DEBUG Test worker     d.u.i.k.n.KeyIO           Load declarations of de.uka.ilkd.key.nparser.KeyAst$File:  <unknown>:1#1 
338344     INFO  Test worker     d.u.i.k.n.KeyIO           MODE: declarations took 0 ms 
338344     DEBUG Test worker     d.u.i.k.n.KeyIO           MODE: 2nd degree decls took 0 
338344     INFO  Test worker     d.u.i.k.n.KeyIO           Parsing took 0 ms 
338344     DEBUG Test worker     d.u.i.k.n.KeyIO           Load declarations of de.uka.ilkd.key.nparser.KeyAst$File:  <unknown>:1#1 
338344     INFO  Test worker     d.u.i.k.n.KeyIO           MODE: declarations took 0 ms 
338344     DEBUG Test worker     d.u.i.k.n.KeyIO           MODE: 2nd degree decls took 0 
338344     INFO  Test worker     d.u.i.k.n.KeyIO           Parsing took 0 ms 
338344     DEBUG Test worker     d.u.i.k.n.KeyIO           Load declarations of de.uka.ilkd.key.nparser.KeyAst$File:  <unknown>:1#1 
338344     INFO  Test worker     d.u.i.k.n.KeyIO           MODE: declarations took 0 ms 
338344     DEBUG Test worker     d.u.i.k.n.KeyIO           MODE: 2nd degree decls took 0 
338344     INFO  Test worker     d.u.i.k.n.KeyIO           Parsing took 0 ms 
338344     DEBUG Test worker     d.u.i.k.n.KeyIO           Load declarations of de.uka.ilkd.key.nparser.KeyAst$File:  <unknown>:1#1 
338344     INFO  Test worker     d.u.i.k.n.KeyIO           MODE: declarations took 0 ms 
338344     DEBUG Test worker     d.u.i.k.n.KeyIO           MODE: 2nd degree decls took 0 
341052     INFO  Test worker     d.u.i.k.n.KeyIO           Parsing took 0 ms 
341052     DEBUG Test worker     d.u.i.k.n.KeyIO           Load declarations of de.uka.ilkd.key.nparser.KeyAst$File:  <unknown>:1#1 
341052     INFO  Test worker     d.u.i.k.n.KeyIO           MODE: declarations took 0 ms 
341052     DEBUG Test worker     d.u.i.k.n.KeyIO           MODE: 2nd degree decls took 0 
341052     INFO  Test worker     d.u.i.k.n.KeyIO           Parsing took 0 ms 
341052     DEBUG Test worker     d.u.i.k.n.KeyIO           Load declarations of de.uka.ilkd.key.nparser.KeyAst$File:  <unknown>:1#1 
341052     INFO  Test worker     d.u.i.k.n.KeyIO           MODE: declarations took 0 ms 
341052     DEBUG Test worker     d.u.i.k.n.KeyIO           MODE: 2nd degree decls took 0 
341052     INFO  Test worker     d.u.i.k.n.KeyIO           Parsing took 0 ms 
341052     DEBUG Test worker     d.u.i.k.n.KeyIO           Load declarations of de.uka.ilkd.key.nparser.KeyAst$File:  <unknown>:1#1 
341052     INFO  Test worker     d.u.i.k.n.KeyIO           MODE: declarations took 0 ms 
341052     DEBUG Test worker     d.u.i.k.n.KeyIO           MODE: 2nd degree decls took 0 
341052     INFO  Test worker     d.u.i.k.n.KeyIO           Parsing took 0 ms 
341052     DEBUG Test worker     d.u.i.k.n.KeyIO           Load declarations of de.uka.ilkd.key.nparser.KeyAst$File:  <unknown>:1#1 
341052     INFO  Test worker     d.u.i.k.n.KeyIO           MODE: declarations took 0 ms 
341052     DEBUG Test worker     d.u.i.k.n.KeyIO           MODE: 2nd degree decls took 0 
341052     INFO  Test worker     d.u.i.k.n.KeyIO           Parsing took 0 ms 
341067     DEBUG Test worker     d.u.i.k.n.KeyIO           Load declarations of de.uka.ilkd.key.nparser.KeyAst$File:  <unknown>:1#1 
341067     INFO  Test worker     d.u.i.k.n.KeyIO           MODE: declarations took 0 ms 
341067     DEBUG Test worker     d.u.i.k.n.KeyIO           MODE: 2nd degree decls took 0 
343790     INFO  Test worker     d.u.i.k.n.KeyIO           Parsing took 0 ms 
343790     DEBUG Test worker     d.u.i.k.n.KeyIO           Load declarations of de.uka.ilkd.key.nparser.KeyAst$File:  <unknown>:1#1 
343790     INFO  Test worker     d.u.i.k.n.KeyIO           MODE: declarations took 0 ms 
343790     DEBUG Test worker     d.u.i.k.n.KeyIO           MODE: 2nd degree decls took 0 
343790     INFO  Test worker     d.u.i.k.n.KeyIO           Parsing took 0 ms 
343790     DEBUG Test worker     d.u.i.k.n.KeyIO           Load declarations of de.uka.ilkd.key.nparser.KeyAst$File:  <unknown>:1#1 
343790     INFO  Test worker     d.u.i.k.n.KeyIO           MODE: declarations took 0 ms 
343790     DEBUG Test worker     d.u.i.k.n.KeyIO           MODE: 2nd degree decls took 0 
343790     INFO  Test worker     d.u.i.k.n.KeyIO           Parsing took 0 ms 
343790     DEBUG Test worker     d.u.i.k.n.KeyIO           Load declarations of de.uka.ilkd.key.nparser.KeyAst$File:  <unknown>:1#1 
343790     INFO  Test worker     d.u.i.k.n.KeyIO           MODE: declarations took 0 ms 
343790     DEBUG Test worker     d.u.i.k.n.KeyIO           MODE: 2nd degree decls took 0 
343790     INFO  Test worker     d.u.i.k.n.KeyIO           Parsing took 0 ms 
343790     DEBUG Test worker     d.u.i.k.n.KeyIO           Load declarations of de.uka.ilkd.key.nparser.KeyAst$File:  <unknown>:1#1 
343790     INFO  Test worker     d.u.i.k.n.KeyIO           MODE: declarations took 0 ms 
343790     DEBUG Test worker     d.u.i.k.n.KeyIO           MODE: 2nd degree decls took 0 
343790     INFO  Test worker     d.u.i.k.n.KeyIO           Parsing took 0 ms 
343790     DEBUG Test worker     d.u.i.k.n.KeyIO           Load declarations of de.uka.ilkd.key.nparser.KeyAst$File:  <unknown>:1#1 
343790     INFO  Test worker     d.u.i.k.n.KeyIO           MODE: declarations took 0 ms 
343790     DEBUG Test worker     d.u.i.k.n.KeyIO           MODE: 2nd degree decls took 0 
346627     INFO  Test worker     d.u.i.k.n.KeyIO           Parsing took 0 ms 
346627     DEBUG Test worker     d.u.i.k.n.KeyIO           Load declarations of de.uka.ilkd.key.nparser.KeyAst$File:  <unknown>:1#1 
346627     INFO  Test worker     d.u.i.k.n.KeyIO           MODE: declarations took 0 ms 
346627     DEBUG Test worker     d.u.i.k.n.KeyIO           MODE: 2nd degree decls took 0 
346627     INFO  Test worker     d.u.i.k.n.KeyIO           Parsing took 0 ms 
346627     DEBUG Test worker     d.u.i.k.n.KeyIO           Load declarations of de.uka.ilkd.key.nparser.KeyAst$File:  <unknown>:1#1 
346627     INFO  Test worker     d.u.i.k.n.KeyIO           MODE: declarations took 0 ms 
346627     DEBUG Test worker     d.u.i.k.n.KeyIO           MODE: 2nd degree decls took 0 
346627     INFO  Test worker     d.u.i.k.n.KeyIO           Parsing took 0 ms 
346627     DEBUG Test worker     d.u.i.k.n.KeyIO           Load declarations of de.uka.ilkd.key.nparser.KeyAst$File:  <unknown>:1#1 
346627     INFO  Test worker     d.u.i.k.n.KeyIO           MODE: declarations took 0 ms 
346627     DEBUG Test worker     d.u.i.k.n.KeyIO           MODE: 2nd degree decls took 0 
346627     INFO  Test worker     d.u.i.k.n.KeyIO           Parsing took 0 ms 
346627     DEBUG Test worker     d.u.i.k.n.KeyIO           Load declarations of de.uka.ilkd.key.nparser.KeyAst$File:  <unknown>:1#1 
346627     INFO  Test worker     d.u.i.k.n.KeyIO           MODE: declarations took 0 ms 
346627     DEBUG Test worker     d.u.i.k.n.KeyIO           MODE: 2nd degree decls took 0 
346627     INFO  Test worker     d.u.i.k.n.KeyIO           Parsing took 0 ms 
346627     DEBUG Test worker     d.u.i.k.n.KeyIO           Load declarations of de.uka.ilkd.key.nparser.KeyAst$File:  <unknown>:1#1 
346627     INFO  Test worker     d.u.i.k.n.KeyIO           MODE: declarations took 0 ms 
346627     DEBUG Test worker     d.u.i.k.n.KeyIO           MODE: 2nd degree decls took 0 
349381     INFO  Test worker     d.u.i.k.n.KeyIO           Parsing took 0 ms 
349381     DEBUG Test worker     d.u.i.k.n.KeyIO           Load declarations of de.uka.ilkd.key.nparser.KeyAst$File:  <unknown>:1#1 
349381     INFO  Test worker     d.u.i.k.n.KeyIO           MODE: declarations took 0 ms 
349381     DEBUG Test worker     d.u.i.k.n.KeyIO           MODE: 2nd degree decls took 0 
349381     INFO  Test worker     d.u.i.k.n.KeyIO           Parsing took 0 ms 
349381     DEBUG Test worker     d.u.i.k.n.KeyIO           Load declarations of de.uka.ilkd.key.nparser.KeyAst$File:  <unknown>:1#1 
349381     INFO  Test worker     d.u.i.k.n.KeyIO           MODE: declarations took 0 ms 
349396     DEBUG Test worker     d.u.i.k.n.KeyIO           MODE: 2nd degree decls took 0 
349396     INFO  Test worker     d.u.i.k.n.KeyIO           Parsing took 0 ms 
349396     DEBUG Test worker     d.u.i.k.n.KeyIO           Load declarations of de.uka.ilkd.key.nparser.KeyAst$File:  <unknown>:1#1 
349396     INFO  Test worker     d.u.i.k.n.KeyIO           MODE: declarations took 0 ms 
349396     DEBUG Test worker     d.u.i.k.n.KeyIO           MODE: 2nd degree decls took 0 
349396     INFO  Test worker     d.u.i.k.n.KeyIO           Parsing took 0 ms 
349396     DEBUG Test worker     d.u.i.k.n.KeyIO           Load declarations of de.uka.ilkd.key.nparser.KeyAst$File:  <unknown>:1#1 
349396     INFO  Test worker     d.u.i.k.n.KeyIO           MODE: declarations took 0 ms 
349396     DEBUG Test worker     d.u.i.k.n.KeyIO           MODE: 2nd degree decls took 0 
349396     INFO  Test worker     d.u.i.k.n.KeyIO           Parsing took 0 ms 
349396     DEBUG Test worker     d.u.i.k.n.KeyIO           Load declarations of de.uka.ilkd.key.nparser.KeyAst$File:  <unknown>:1#1 
349396     INFO  Test worker     d.u.i.k.n.KeyIO           MODE: declarations took 0 ms 
349396     DEBUG Test worker     d.u.i.k.n.KeyIO           MODE: 2nd degree decls took 0 
352154     INFO  Test worker     d.u.i.k.n.KeyIO           Parsing took 0 ms 
352154     DEBUG Test worker     d.u.i.k.n.KeyIO           Load declarations of de.uka.ilkd.key.nparser.KeyAst$File:  <unknown>:1#1 
352154     INFO  Test worker     d.u.i.k.n.KeyIO           MODE: declarations took 0 ms 
352154     DEBUG Test worker     d.u.i.k.n.KeyIO           MODE: 2nd degree decls took 0 
352154     INFO  Test worker     d.u.i.k.n.KeyIO           Parsing took 0 ms 
352154     DEBUG Test worker     d.u.i.k.n.KeyIO           Load declarations of de.uka.ilkd.key.nparser.KeyAst$File:  <unknown>:1#1 
352154     INFO  Test worker     d.u.i.k.n.KeyIO           MODE: declarations took 0 ms 
352154     DEBUG Test worker     d.u.i.k.n.KeyIO           MODE: 2nd degree decls took 0 
352154     INFO  Test worker     d.u.i.k.n.KeyIO           Parsing took 0 ms 
352154     DEBUG Test worker     d.u.i.k.n.KeyIO           Load declarations of de.uka.ilkd.key.nparser.KeyAst$File:  <unknown>:1#1 
352154     INFO  Test worker     d.u.i.k.n.KeyIO           MODE: declarations took 0 ms 
352154     DEBUG Test worker     d.u.i.k.n.KeyIO           MODE: 2nd degree decls took 0 
352154     INFO  Test worker     d.u.i.k.n.KeyIO           Parsing took 0 ms 
352154     DEBUG Test worker     d.u.i.k.n.KeyIO           Load declarations of de.uka.ilkd.key.nparser.KeyAst$File:  <unknown>:1#1 
352154     INFO  Test worker     d.u.i.k.n.KeyIO           MODE: declarations took 0 ms 
352154     DEBUG Test worker     d.u.i.k.n.KeyIO           MODE: 2nd degree decls took 0 
352154     INFO  Test worker     d.u.i.k.n.KeyIO           Parsing took 0 ms 
352154     DEBUG Test worker     d.u.i.k.n.KeyIO           Load declarations of de.uka.ilkd.key.nparser.KeyAst$File:  <unknown>:1#1 
352154     INFO  Test worker     d.u.i.k.n.KeyIO           MODE: declarations took 0 ms 
352154     DEBUG Test worker     d.u.i.k.n.KeyIO           MODE: 2nd degree decls took 0 
354925     INFO  Test worker     d.u.i.k.n.KeyIO           Parsing took 0 ms 
354925     DEBUG Test worker     d.u.i.k.n.KeyIO           Load declarations of de.uka.ilkd.key.nparser.KeyAst$File:  <unknown>:1#1 
354925     INFO  Test worker     d.u.i.k.n.KeyIO           MODE: declarations took 0 ms 
354925     DEBUG Test worker     d.u.i.k.n.KeyIO           MODE: 2nd degree decls took 0 
354925     INFO  Test worker     d.u.i.k.n.KeyIO           Parsing took 0 ms 
354925     DEBUG Test worker     d.u.i.k.n.KeyIO           Load declarations of de.uka.ilkd.key.nparser.KeyAst$File:  <unknown>:1#1 
354925     INFO  Test worker     d.u.i.k.n.KeyIO           MODE: declarations took 0 ms 
354925     DEBUG Test worker     d.u.i.k.n.KeyIO           MODE: 2nd degree decls took 0 
354925     INFO  Test worker     d.u.i.k.n.KeyIO           Parsing took 0 ms 
354925     DEBUG Test worker     d.u.i.k.n.KeyIO           Load declarations of de.uka.ilkd.key.nparser.KeyAst$File:  <unknown>:1#1 
354925     INFO  Test worker     d.u.i.k.n.KeyIO           MODE: declarations took 0 ms 
354925     DEBUG Test worker     d.u.i.k.n.KeyIO           MODE: 2nd degree decls took 0 
354925     INFO  Test worker     d.u.i.k.n.KeyIO           Parsing took 0 ms 
354925     DEBUG Test worker     d.u.i.k.n.KeyIO           Load declarations of de.uka.ilkd.key.nparser.KeyAst$File:  <unknown>:1#1 
354925     INFO  Test worker     d.u.i.k.n.KeyIO           MODE: declarations took 0 ms 
354925     DEBUG Test worker     d.u.i.k.n.KeyIO           MODE: 2nd degree decls took 0 
354925     INFO  Test worker     d.u.i.k.n.KeyIO           Parsing took 0 ms 
354925     DEBUG Test worker     d.u.i.k.n.KeyIO           Load declarations of de.uka.ilkd.key.nparser.KeyAst$File:  <unknown>:1#1 
354925     INFO  Test worker     d.u.i.k.n.KeyIO           MODE: declarations took 0 ms 
354925     DEBUG Test worker     d.u.i.k.n.KeyIO           MODE: 2nd degree decls took 0 
357732     INFO  Test worker     d.u.i.k.n.KeyIO           Parsing took 0 ms 
357732     DEBUG Test worker     d.u.i.k.n.KeyIO           Load declarations of de.uka.ilkd.key.nparser.KeyAst$File:  <unknown>:1#1 
357732     INFO  Test worker     d.u.i.k.n.KeyIO           MODE: declarations took 0 ms 
357732     DEBUG Test worker     d.u.i.k.n.KeyIO           MODE: 2nd degree decls took 0 
357732     INFO  Test worker     d.u.i.k.n.KeyIO           Parsing took 0 ms 
357732     DEBUG Test worker     d.u.i.k.n.KeyIO           Load declarations of de.uka.ilkd.key.nparser.KeyAst$File:  <unknown>:1#1 
357732     INFO  Test worker     d.u.i.k.n.KeyIO           MODE: declarations took 0 ms 
357732     DEBUG Test worker     d.u.i.k.n.KeyIO           MODE: 2nd degree decls took 0 
357732     INFO  Test worker     d.u.i.k.n.KeyIO           Parsing took 0 ms 
357732     DEBUG Test worker     d.u.i.k.n.KeyIO           Load declarations of de.uka.ilkd.key.nparser.KeyAst$File:  <unknown>:1#1 
357732     INFO  Test worker     d.u.i.k.n.KeyIO           MODE: declarations took 0 ms 
357732     DEBUG Test worker     d.u.i.k.n.KeyIO           MODE: 2nd degree decls took 0 
357732     INFO  Test worker     d.u.i.k.n.KeyIO           Parsing took 0 ms 
357732     DEBUG Test worker     d.u.i.k.n.KeyIO           Load declarations of de.uka.ilkd.key.nparser.KeyAst$File:  <unknown>:1#1 
357732     INFO  Test worker     d.u.i.k.n.KeyIO           MODE: declarations took 0 ms 
357732     DEBUG Test worker     d.u.i.k.n.KeyIO           MODE: 2nd degree decls took 0 
357732     INFO  Test worker     d.u.i.k.n.KeyIO           Parsing took 0 ms 
357732     DEBUG Test worker     d.u.i.k.n.KeyIO           Load declarations of de.uka.ilkd.key.nparser.KeyAst$File:  <unknown>:1#1 
357732     INFO  Test worker     d.u.i.k.n.KeyIO           MODE: declarations took 0 ms 
357732     DEBUG Test worker     d.u.i.k.n.KeyIO           MODE: 2nd degree decls took 0 
360484     INFO  Test worker     d.u.i.k.n.KeyIO           Parsing took 0 ms 
360484     DEBUG Test worker     d.u.i.k.n.KeyIO           Load declarations of de.uka.ilkd.key.nparser.KeyAst$File:  <unknown>:1#1 
360484     INFO  Test worker     d.u.i.k.n.KeyIO           MODE: declarations took 0 ms 
360484     DEBUG Test worker     d.u.i.k.n.KeyIO           MODE: 2nd degree decls took 0 
360484     INFO  Test worker     d.u.i.k.n.KeyIO           Parsing took 0 ms 
360484     DEBUG Test worker     d.u.i.k.n.KeyIO           Load declarations of de.uka.ilkd.key.nparser.KeyAst$File:  <unknown>:1#1 
360484     INFO  Test worker     d.u.i.k.n.KeyIO           MODE: declarations took 0 ms 
360484     DEBUG Test worker     d.u.i.k.n.KeyIO           MODE: 2nd degree decls took 0 
360484     INFO  Test worker     d.u.i.k.n.KeyIO           Parsing took 0 ms 
360484     DEBUG Test worker     d.u.i.k.n.KeyIO           Load declarations of de.uka.ilkd.key.nparser.KeyAst$File:  <unknown>:1#1 
360484     INFO  Test worker     d.u.i.k.n.KeyIO           MODE: declarations took 0 ms 
360484     DEBUG Test worker     d.u.i.k.n.KeyIO           MODE: 2nd degree decls took 0 
360484     INFO  Test worker     d.u.i.k.n.KeyIO           Parsing took 0 ms 
360484     DEBUG Test worker     d.u.i.k.n.KeyIO           Load declarations of de.uka.ilkd.key.nparser.KeyAst$File:  <unknown>:1#1 
360484     INFO  Test worker     d.u.i.k.n.KeyIO           MODE: declarations took 0 ms 
360484     DEBUG Test worker     d.u.i.k.n.KeyIO           MODE: 2nd degree decls took 0 
360484     INFO  Test worker     d.u.i.k.n.KeyIO           Parsing took 0 ms 
360484     DEBUG Test worker     d.u.i.k.n.KeyIO           Load declarations of de.uka.ilkd.key.nparser.KeyAst$File:  <unknown>:1#1 
360484     INFO  Test worker     d.u.i.k.n.KeyIO           MODE: declarations took 0 ms 
360484     DEBUG Test worker     d.u.i.k.n.KeyIO           MODE: 2nd degree decls took 0 
363184     INFO  Test worker     d.u.i.k.n.KeyIO           Parsing took 0 ms 
363184     DEBUG Test worker     d.u.i.k.n.KeyIO           Load declarations of de.uka.ilkd.key.nparser.KeyAst$File:  <unknown>:1#1 
363184     INFO  Test worker     d.u.i.k.n.KeyIO           MODE: declarations took 0 ms 
363184     DEBUG Test worker     d.u.i.k.n.KeyIO           MODE: 2nd degree decls took 0 
363184     INFO  Test worker     d.u.i.k.n.KeyIO           Parsing took 0 ms 
363184     DEBUG Test worker     d.u.i.k.n.KeyIO           Load declarations of de.uka.ilkd.key.nparser.KeyAst$File:  <unknown>:1#1 
363184     INFO  Test worker     d.u.i.k.n.KeyIO           MODE: declarations took 0 ms 
363184     DEBUG Test worker     d.u.i.k.n.KeyIO           MODE: 2nd degree decls took 0 
363184     INFO  Test worker     d.u.i.k.n.KeyIO           Parsing took 0 ms 
363184     DEBUG Test worker     d.u.i.k.n.KeyIO           Load declarations of de.uka.ilkd.key.nparser.KeyAst$File:  <unknown>:1#1 
363184     INFO  Test worker     d.u.i.k.n.KeyIO           MODE: declarations took 0 ms 
363184     DEBUG Test worker     d.u.i.k.n.KeyIO           MODE: 2nd degree decls took 0 
363184     INFO  Test worker     d.u.i.k.n.KeyIO           Parsing took 0 ms 
363184     DEBUG Test worker     d.u.i.k.n.KeyIO           Load declarations of de.uka.ilkd.key.nparser.KeyAst$File:  <unknown>:1#1 
363184     INFO  Test worker     d.u.i.k.n.KeyIO           MODE: declarations took 0 ms 
363184     DEBUG Test worker     d.u.i.k.n.KeyIO           MODE: 2nd degree decls took 0 
363184     INFO  Test worker     d.u.i.k.n.KeyIO           Parsing took 0 ms 
363184     DEBUG Test worker     d.u.i.k.n.KeyIO           Load declarations of de.uka.ilkd.key.nparser.KeyAst$File:  <unknown>:1#1 
363184     INFO  Test worker     d.u.i.k.n.KeyIO           MODE: declarations took 0 ms 
363184     DEBUG Test worker     d.u.i.k.n.KeyIO           MODE: 2nd degree decls took 0 
365894     INFO  Test worker     d.u.i.k.n.KeyIO           Parsing took 0 ms 
365894     DEBUG Test worker     d.u.i.k.n.KeyIO           Load declarations of de.uka.ilkd.key.nparser.KeyAst$File:  <unknown>:1#1 
365909     INFO  Test worker     d.u.i.k.n.KeyIO           MODE: declarations took 15 ms 
365909     DEBUG Test worker     d.u.i.k.n.KeyIO           MODE: 2nd degree decls took 0 
365909     INFO  Test worker     d.u.i.k.n.KeyIO           Parsing took 0 ms 
365909     DEBUG Test worker     d.u.i.k.n.KeyIO           Load declarations of de.uka.ilkd.key.nparser.KeyAst$File:  <unknown>:1#1 
365909     INFO  Test worker     d.u.i.k.n.KeyIO           MODE: declarations took 0 ms 
365909     DEBUG Test worker     d.u.i.k.n.KeyIO           MODE: 2nd degree decls took 0 
365909     INFO  Test worker     d.u.i.k.n.KeyIO           Parsing took 0 ms 
365909     DEBUG Test worker     d.u.i.k.n.KeyIO           Load declarations of de.uka.ilkd.key.nparser.KeyAst$File:  <unknown>:1#1 
365909     INFO  Test worker     d.u.i.k.n.KeyIO           MODE: declarations took 0 ms 
365909     DEBUG Test worker     d.u.i.k.n.KeyIO           MODE: 2nd degree decls took 0 
365909     INFO  Test worker     d.u.i.k.n.KeyIO           Parsing took 0 ms 
365909     DEBUG Test worker     d.u.i.k.n.KeyIO           Load declarations of de.uka.ilkd.key.nparser.KeyAst$File:  <unknown>:1#1 
365909     INFO  Test worker     d.u.i.k.n.KeyIO           MODE: declarations took 0 ms 
365909     DEBUG Test worker     d.u.i.k.n.KeyIO           MODE: 2nd degree decls took 0 
365909     INFO  Test worker     d.u.i.k.n.KeyIO           Parsing took 0 ms 
365909     DEBUG Test worker     d.u.i.k.n.KeyIO           Load declarations of de.uka.ilkd.key.nparser.KeyAst$File:  <unknown>:1#1 
365909     INFO  Test worker     d.u.i.k.n.KeyIO           MODE: declarations took 0 ms 
365909     DEBUG Test worker     d.u.i.k.n.KeyIO           MODE: 2nd degree decls took 0 
368615     INFO  Test worker     d.u.i.k.n.KeyIO           Parsing took 0 ms 
368615     DEBUG Test worker     d.u.i.k.n.KeyIO           Load declarations of de.uka.ilkd.key.nparser.KeyAst$File:  <unknown>:1#1 
368615     INFO  Test worker     d.u.i.k.n.KeyIO           MODE: declarations took 0 ms 
368615     DEBUG Test worker     d.u.i.k.n.KeyIO           MODE: 2nd degree decls took 0 
368615     INFO  Test worker     d.u.i.k.n.KeyIO           Parsing took 0 ms 
368615     DEBUG Test worker     d.u.i.k.n.KeyIO           Load declarations of de.uka.ilkd.key.nparser.KeyAst$File:  <unknown>:1#1 
368615     INFO  Test worker     d.u.i.k.n.KeyIO           MODE: declarations took 0 ms 
368615     DEBUG Test worker     d.u.i.k.n.KeyIO           MODE: 2nd degree decls took 0 
368615     INFO  Test worker     d.u.i.k.n.KeyIO           Parsing took 0 ms 
368615     DEBUG Test worker     d.u.i.k.n.KeyIO           Load declarations of de.uka.ilkd.key.nparser.KeyAst$File:  <unknown>:1#1 
368615     INFO  Test worker     d.u.i.k.n.KeyIO           MODE: declarations took 0 ms 
368615     DEBUG Test worker     d.u.i.k.n.KeyIO           MODE: 2nd degree decls took 0 
368615     INFO  Test worker     d.u.i.k.n.KeyIO           Parsing took 0 ms 
368615     DEBUG Test worker     d.u.i.k.n.KeyIO           Load declarations of de.uka.ilkd.key.nparser.KeyAst$File:  <unknown>:1#1 
368615     INFO  Test worker     d.u.i.k.n.KeyIO           MODE: declarations took 0 ms 
368615     DEBUG Test worker     d.u.i.k.n.KeyIO           MODE: 2nd degree decls took 0 
368615     INFO  Test worker     d.u.i.k.n.KeyIO           Parsing took 0 ms 
368615     DEBUG Test worker     d.u.i.k.n.KeyIO           Load declarations of de.uka.ilkd.key.nparser.KeyAst$File:  <unknown>:1#1 
368615     INFO  Test worker     d.u.i.k.n.KeyIO           MODE: declarations took 0 ms 
368615     DEBUG Test worker     d.u.i.k.n.KeyIO           MODE: 2nd degree decls took 0 
371600     INFO  Test worker     d.u.i.k.n.KeyIO           Parsing took 0 ms 
371600     DEBUG Test worker     d.u.i.k.n.KeyIO           Load declarations of de.uka.ilkd.key.nparser.KeyAst$File:  <unknown>:1#1 
371600     INFO  Test worker     d.u.i.k.n.KeyIO           MODE: declarations took 0 ms 
371600     DEBUG Test worker     d.u.i.k.n.KeyIO           MODE: 2nd degree decls took 0 
371600     INFO  Test worker     d.u.i.k.n.KeyIO           Parsing took 0 ms 
371600     DEBUG Test worker     d.u.i.k.n.KeyIO           Load declarations of de.uka.ilkd.key.nparser.KeyAst$File:  <unknown>:1#1 
371600     INFO  Test worker     d.u.i.k.n.KeyIO           MODE: declarations took 0 ms 
371600     DEBUG Test worker     d.u.i.k.n.KeyIO           MODE: 2nd degree decls took 0 
371600     INFO  Test worker     d.u.i.k.n.KeyIO           Parsing took 0 ms 
371600     DEBUG Test worker     d.u.i.k.n.KeyIO           Load declarations of de.uka.ilkd.key.nparser.KeyAst$File:  <unknown>:1#1 
371600     INFO  Test worker     d.u.i.k.n.KeyIO           MODE: declarations took 0 ms 
371600     DEBUG Test worker     d.u.i.k.n.KeyIO           MODE: 2nd degree decls took 0 
371600     INFO  Test worker     d.u.i.k.n.KeyIO           Parsing took 0 ms 
371600     DEBUG Test worker     d.u.i.k.n.KeyIO           Load declarations of de.uka.ilkd.key.nparser.KeyAst$File:  <unknown>:1#1 
371600     INFO  Test worker     d.u.i.k.n.KeyIO           MODE: declarations took 0 ms 
371600     DEBUG Test worker     d.u.i.k.n.KeyIO           MODE: 2nd degree decls took 0 
371600     INFO  Test worker     d.u.i.k.n.KeyIO           Parsing took 0 ms 
371600     DEBUG Test worker     d.u.i.k.n.KeyIO           Load declarations of de.uka.ilkd.key.nparser.KeyAst$File:  <unknown>:1#1 
371600     INFO  Test worker     d.u.i.k.n.KeyIO           MODE: declarations took 0 ms 
371600     DEBUG Test worker     d.u.i.k.n.KeyIO           MODE: 2nd degree decls took 0 
374429     INFO  Test worker     d.u.i.k.n.KeyIO           Parsing took 0 ms 
374429     DEBUG Test worker     d.u.i.k.n.KeyIO           Load declarations of de.uka.ilkd.key.nparser.KeyAst$File:  <unknown>:1#1 
374429     INFO  Test worker     d.u.i.k.n.KeyIO           MODE: declarations took 0 ms 
374429     DEBUG Test worker     d.u.i.k.n.KeyIO           MODE: 2nd degree decls took 0 
374429     INFO  Test worker     d.u.i.k.n.KeyIO           Parsing took 0 ms 
374429     DEBUG Test worker     d.u.i.k.n.KeyIO           Load declarations of de.uka.ilkd.key.nparser.KeyAst$File:  <unknown>:1#1 
374429     INFO  Test worker     d.u.i.k.n.KeyIO           MODE: declarations took 0 ms 
374429     DEBUG Test worker     d.u.i.k.n.KeyIO           MODE: 2nd degree decls took 0 
374429     INFO  Test worker     d.u.i.k.n.KeyIO           Parsing took 0 ms 
374429     DEBUG Test worker     d.u.i.k.n.KeyIO           Load declarations of de.uka.ilkd.key.nparser.KeyAst$File:  <unknown>:1#1 
374429     INFO  Test worker     d.u.i.k.n.KeyIO           MODE: declarations took 0 ms 
374429     DEBUG Test worker     d.u.i.k.n.KeyIO           MODE: 2nd degree decls took 0 
374429     INFO  Test worker     d.u.i.k.n.KeyIO           Parsing took 0 ms 
374429     DEBUG Test worker     d.u.i.k.n.KeyIO           Load declarations of de.uka.ilkd.key.nparser.KeyAst$File:  <unknown>:1#1 
374429     INFO  Test worker     d.u.i.k.n.KeyIO           MODE: declarations took 0 ms 
374429     DEBUG Test worker     d.u.i.k.n.KeyIO           MODE: 2nd degree decls took 0 
374429     INFO  Test worker     d.u.i.k.n.KeyIO           Parsing took 0 ms 
374429     DEBUG Test worker     d.u.i.k.n.KeyIO           Load declarations of de.uka.ilkd.key.nparser.KeyAst$File:  <unknown>:1#1 
374429     INFO  Test worker     d.u.i.k.n.KeyIO           MODE: declarations took 0 ms 
374429     DEBUG Test worker     d.u.i.k.n.KeyIO           MODE: 2nd degree decls took 0 
377050     INFO  Test worker     d.u.i.k.n.KeyIO           Parsing took 0 ms 
377050     DEBUG Test worker     d.u.i.k.n.KeyIO           Load declarations of de.uka.ilkd.key.nparser.KeyAst$File:  <unknown>:1#1 
377050     INFO  Test worker     d.u.i.k.n.KeyIO           MODE: declarations took 0 ms 
377050     DEBUG Test worker     d.u.i.k.n.KeyIO           MODE: 2nd degree decls took 0 
377050     INFO  Test worker     d.u.i.k.n.KeyIO           Parsing took 0 ms 
377050     DEBUG Test worker     d.u.i.k.n.KeyIO           Load declarations of de.uka.ilkd.key.nparser.KeyAst$File:  <unknown>:1#1 
377050     INFO  Test worker     d.u.i.k.n.KeyIO           MODE: declarations took 0 ms 
377050     DEBUG Test worker     d.u.i.k.n.KeyIO           MODE: 2nd degree decls took 0 
377050     INFO  Test worker     d.u.i.k.n.KeyIO           Parsing took 0 ms 
377050     DEBUG Test worker     d.u.i.k.n.KeyIO           Load declarations of de.uka.ilkd.key.nparser.KeyAst$File:  <unknown>:1#1 
377050     INFO  Test worker     d.u.i.k.n.KeyIO           MODE: declarations took 0 ms 
377050     DEBUG Test worker     d.u.i.k.n.KeyIO           MODE: 2nd degree decls took 0 
377050     INFO  Test worker     d.u.i.k.n.KeyIO           Parsing took 0 ms 
377050     DEBUG Test worker     d.u.i.k.n.KeyIO           Load declarations of de.uka.ilkd.key.nparser.KeyAst$File:  <unknown>:1#1 
377050     INFO  Test worker     d.u.i.k.n.KeyIO           MODE: declarations took 0 ms 
377050     DEBUG Test worker     d.u.i.k.n.KeyIO           MODE: 2nd degree decls took 0 
377050     INFO  Test worker     d.u.i.k.n.KeyIO           Parsing took 0 ms 
377050     DEBUG Test worker     d.u.i.k.n.KeyIO           Load declarations of de.uka.ilkd.key.nparser.KeyAst$File:  <unknown>:1#1 
377050     INFO  Test worker     d.u.i.k.n.KeyIO           MODE: declarations took 0 ms 
377050     DEBUG Test worker     d.u.i.k.n.KeyIO           MODE: 2nd degree decls took 0 
379770     INFO  Test worker     d.u.i.k.n.KeyIO           Parsing took 0 ms 
379770     DEBUG Test worker     d.u.i.k.n.KeyIO           Load declarations of de.uka.ilkd.key.nparser.KeyAst$File:  <unknown>:1#1 
379770     INFO  Test worker     d.u.i.k.n.KeyIO           MODE: declarations took 0 ms 
379770     DEBUG Test worker     d.u.i.k.n.KeyIO           MODE: 2nd degree decls took 0 
379770     INFO  Test worker     d.u.i.k.n.KeyIO           Parsing took 0 ms 
379770     DEBUG Test worker     d.u.i.k.n.KeyIO           Load declarations of de.uka.ilkd.key.nparser.KeyAst$File:  <unknown>:1#1 
379770     INFO  Test worker     d.u.i.k.n.KeyIO           MODE: declarations took 0 ms 
379770     DEBUG Test worker     d.u.i.k.n.KeyIO           MODE: 2nd degree decls took 0 
379770     INFO  Test worker     d.u.i.k.n.KeyIO           Parsing took 0 ms 
379770     DEBUG Test worker     d.u.i.k.n.KeyIO           Load declarations of de.uka.ilkd.key.nparser.KeyAst$File:  <unknown>:1#1 
379770     INFO  Test worker     d.u.i.k.n.KeyIO           MODE: declarations took 0 ms 
379770     DEBUG Test worker     d.u.i.k.n.KeyIO           MODE: 2nd degree decls took 0 
379770     INFO  Test worker     d.u.i.k.n.KeyIO           Parsing took 0 ms 
379770     DEBUG Test worker     d.u.i.k.n.KeyIO           Load declarations of de.uka.ilkd.key.nparser.KeyAst$File:  <unknown>:1#1 
379770     INFO  Test worker     d.u.i.k.n.KeyIO           MODE: declarations took 0 ms 
379770     DEBUG Test worker     d.u.i.k.n.KeyIO           MODE: 2nd degree decls took 0 
379770     INFO  Test worker     d.u.i.k.n.KeyIO           Parsing took 0 ms 
379770     DEBUG Test worker     d.u.i.k.n.KeyIO           Load declarations of de.uka.ilkd.key.nparser.KeyAst$File:  <unknown>:1#1 
379770     INFO  Test worker     d.u.i.k.n.KeyIO           MODE: declarations took 0 ms 
379770     DEBUG Test worker     d.u.i.k.n.KeyIO           MODE: 2nd degree decls took 0 
382426     INFO  Test worker     d.u.i.k.n.KeyIO           Parsing took 0 ms 
382426     DEBUG Test worker     d.u.i.k.n.KeyIO           Load declarations of de.uka.ilkd.key.nparser.KeyAst$File:  <unknown>:1#1 
382426     INFO  Test worker     d.u.i.k.n.KeyIO           MODE: declarations took 0 ms 
382426     DEBUG Test worker     d.u.i.k.n.KeyIO           MODE: 2nd degree decls took 0 
382426     INFO  Test worker     d.u.i.k.n.KeyIO           Parsing took 0 ms 
382426     DEBUG Test worker     d.u.i.k.n.KeyIO           Load declarations of de.uka.ilkd.key.nparser.KeyAst$File:  <unknown>:1#1 
382426     INFO  Test worker     d.u.i.k.n.KeyIO           MODE: declarations took 0 ms 
382426     DEBUG Test worker     d.u.i.k.n.KeyIO           MODE: 2nd degree decls took 0 
382426     INFO  Test worker     d.u.i.k.n.KeyIO           Parsing took 0 ms 
382426     DEBUG Test worker     d.u.i.k.n.KeyIO           Load declarations of de.uka.ilkd.key.nparser.KeyAst$File:  <unknown>:1#1 
382426     INFO  Test worker     d.u.i.k.n.KeyIO           MODE: declarations took 0 ms 
382426     DEBUG Test worker     d.u.i.k.n.KeyIO           MODE: 2nd degree decls took 0 
382426     INFO  Test worker     d.u.i.k.n.KeyIO           Parsing took 0 ms 
382426     DEBUG Test worker     d.u.i.k.n.KeyIO           Load declarations of de.uka.ilkd.key.nparser.KeyAst$File:  <unknown>:1#1 
382426     INFO  Test worker     d.u.i.k.n.KeyIO           MODE: declarations took 0 ms 
382426     DEBUG Test worker     d.u.i.k.n.KeyIO           MODE: 2nd degree decls took 0 
382426     INFO  Test worker     d.u.i.k.n.KeyIO           Parsing took 0 ms 
382426     DEBUG Test worker     d.u.i.k.n.KeyIO           Load declarations of de.uka.ilkd.key.nparser.KeyAst$File:  <unknown>:1#1 
382426     INFO  Test worker     d.u.i.k.n.KeyIO           MODE: declarations took 0 ms 
382426     DEBUG Test worker     d.u.i.k.n.KeyIO           MODE: 2nd degree decls took 0 
385099     INFO  Test worker     d.u.i.k.n.KeyIO           Parsing took 0 ms 
385099     DEBUG Test worker     d.u.i.k.n.KeyIO           Load declarations of de.uka.ilkd.key.nparser.KeyAst$File:  <unknown>:1#1 
385099     INFO  Test worker     d.u.i.k.n.KeyIO           MODE: declarations took 0 ms 
385099     DEBUG Test worker     d.u.i.k.n.KeyIO           MODE: 2nd degree decls took 0 
385099     INFO  Test worker     d.u.i.k.n.KeyIO           Parsing took 0 ms 
385099     DEBUG Test worker     d.u.i.k.n.KeyIO           Load declarations of de.uka.ilkd.key.nparser.KeyAst$File:  <unknown>:1#1 
385099     INFO  Test worker     d.u.i.k.n.KeyIO           MODE: declarations took 0 ms 
385099     DEBUG Test worker     d.u.i.k.n.KeyIO           MODE: 2nd degree decls took 0 
385099     INFO  Test worker     d.u.i.k.n.KeyIO           Parsing took 0 ms 
385099     DEBUG Test worker     d.u.i.k.n.KeyIO           Load declarations of de.uka.ilkd.key.nparser.KeyAst$File:  <unknown>:1#1 
385099     INFO  Test worker     d.u.i.k.n.KeyIO           MODE: declarations took 0 ms 
385099     DEBUG Test worker     d.u.i.k.n.KeyIO           MODE: 2nd degree decls took 0 
385099     INFO  Test worker     d.u.i.k.n.KeyIO           Parsing took 0 ms 
385099     DEBUG Test worker     d.u.i.k.n.KeyIO           Load declarations of de.uka.ilkd.key.nparser.KeyAst$File:  <unknown>:1#1 
385099     INFO  Test worker     d.u.i.k.n.KeyIO           MODE: declarations took 0 ms 
385099     DEBUG Test worker     d.u.i.k.n.KeyIO           MODE: 2nd degree decls took 0 
385099     INFO  Test worker     d.u.i.k.n.KeyIO           Parsing took 0 ms 
385099     DEBUG Test worker     d.u.i.k.n.KeyIO           Load declarations of de.uka.ilkd.key.nparser.KeyAst$File:  <unknown>:1#1 
385099     INFO  Test worker     d.u.i.k.n.KeyIO           MODE: declarations took 0 ms 
385099     DEBUG Test worker     d.u.i.k.n.KeyIO           MODE: 2nd degree decls took 0 
387788     INFO  Test worker     d.u.i.k.n.KeyIO           Parsing took 0 ms 
387788     DEBUG Test worker     d.u.i.k.n.KeyIO           Load declarations of de.uka.ilkd.key.nparser.KeyAst$File:  <unknown>:1#1 
387788     INFO  Test worker     d.u.i.k.n.KeyIO           MODE: declarations took 0 ms 
387788     DEBUG Test worker     d.u.i.k.n.KeyIO           MODE: 2nd degree decls took 0 
387788     INFO  Test worker     d.u.i.k.n.KeyIO           Parsing took 0 ms 
387788     DEBUG Test worker     d.u.i.k.n.KeyIO           Load declarations of de.uka.ilkd.key.nparser.KeyAst$File:  <unknown>:1#1 
387788     INFO  Test worker     d.u.i.k.n.KeyIO           MODE: declarations took 0 ms 
387788     DEBUG Test worker     d.u.i.k.n.KeyIO           MODE: 2nd degree decls took 0 
387788     INFO  Test worker     d.u.i.k.n.KeyIO           Parsing took 0 ms 
387788     DEBUG Test worker     d.u.i.k.n.KeyIO           Load declarations of de.uka.ilkd.key.nparser.KeyAst$File:  <unknown>:1#1 
387788     INFO  Test worker     d.u.i.k.n.KeyIO           MODE: declarations took 0 ms 
387788     DEBUG Test worker     d.u.i.k.n.KeyIO           MODE: 2nd degree decls took 0 
387788     INFO  Test worker     d.u.i.k.n.KeyIO           Parsing took 0 ms 
387788     DEBUG Test worker     d.u.i.k.n.KeyIO           Load declarations of de.uka.ilkd.key.nparser.KeyAst$File:  <unknown>:1#1 
387788     INFO  Test worker     d.u.i.k.n.KeyIO           MODE: declarations took 0 ms 
387788     DEBUG Test worker     d.u.i.k.n.KeyIO           MODE: 2nd degree decls took 0 
387788     INFO  Test worker     d.u.i.k.n.KeyIO           Parsing took 0 ms 
387788     DEBUG Test worker     d.u.i.k.n.KeyIO           Load declarations of de.uka.ilkd.key.nparser.KeyAst$File:  <unknown>:1#1 
387788     INFO  Test worker     d.u.i.k.n.KeyIO           MODE: declarations took 0 ms 
387788     DEBUG Test worker     d.u.i.k.n.KeyIO           MODE: 2nd degree decls took 0 
390491     INFO  Test worker     d.u.i.k.n.KeyIO           Parsing took 0 ms 
390491     DEBUG Test worker     d.u.i.k.n.KeyIO           Load declarations of de.uka.ilkd.key.nparser.KeyAst$File:  <unknown>:1#1 
390491     INFO  Test worker     d.u.i.k.n.KeyIO           MODE: declarations took 0 ms 
390491     DEBUG Test worker     d.u.i.k.n.KeyIO           MODE: 2nd degree decls took 0 
390491     INFO  Test worker     d.u.i.k.n.KeyIO           Parsing took 0 ms 
390491     DEBUG Test worker     d.u.i.k.n.KeyIO           Load declarations of de.uka.ilkd.key.nparser.KeyAst$File:  <unknown>:1#1 
390491     INFO  Test worker     d.u.i.k.n.KeyIO           MODE: declarations took 0 ms 
390491     DEBUG Test worker     d.u.i.k.n.KeyIO           MODE: 2nd degree decls took 0 
390491     INFO  Test worker     d.u.i.k.n.KeyIO           Parsing took 0 ms 
390491     DEBUG Test worker     d.u.i.k.n.KeyIO           Load declarations of de.uka.ilkd.key.nparser.KeyAst$File:  <unknown>:1#1 
390491     INFO  Test worker     d.u.i.k.n.KeyIO           MODE: declarations took 0 ms 
390491     DEBUG Test worker     d.u.i.k.n.KeyIO           MODE: 2nd degree decls took 0 
390491     INFO  Test worker     d.u.i.k.n.KeyIO           Parsing took 0 ms 
390491     DEBUG Test worker     d.u.i.k.n.KeyIO           Load declarations of de.uka.ilkd.key.nparser.KeyAst$File:  <unknown>:1#1 
390491     INFO  Test worker     d.u.i.k.n.KeyIO           MODE: declarations took 0 ms 
390491     DEBUG Test worker     d.u.i.k.n.KeyIO           MODE: 2nd degree decls took 0 
390491     INFO  Test worker     d.u.i.k.n.KeyIO           Parsing took 0 ms 
390491     DEBUG Test worker     d.u.i.k.n.KeyIO           Load declarations of de.uka.ilkd.key.nparser.KeyAst$File:  <unknown>:1#1 
390491     INFO  Test worker     d.u.i.k.n.KeyIO           MODE: declarations took 0 ms 
390491     DEBUG Test worker     d.u.i.k.n.KeyIO           MODE: 2nd degree decls took 0 
393190     INFO  Test worker     d.u.i.k.n.KeyIO           Parsing took 0 ms 
393190     DEBUG Test worker     d.u.i.k.n.KeyIO           Load declarations of de.uka.ilkd.key.nparser.KeyAst$File:  <unknown>:1#1 
393206     INFO  Test worker     d.u.i.k.n.KeyIO           MODE: declarations took 16 ms 
393206     DEBUG Test worker     d.u.i.k.n.KeyIO           MODE: 2nd degree decls took 0 
393206     INFO  Test worker     d.u.i.k.n.KeyIO           Parsing took 0 ms 
393206     DEBUG Test worker     d.u.i.k.n.KeyIO           Load declarations of de.uka.ilkd.key.nparser.KeyAst$File:  <unknown>:1#1 
393206     INFO  Test worker     d.u.i.k.n.KeyIO           MODE: declarations took 0 ms 
393206     DEBUG Test worker     d.u.i.k.n.KeyIO           MODE: 2nd degree decls took 0 
393206     INFO  Test worker     d.u.i.k.n.KeyIO           Parsing took 0 ms 
393206     DEBUG Test worker     d.u.i.k.n.KeyIO           Load declarations of de.uka.ilkd.key.nparser.KeyAst$File:  <unknown>:1#1 
393206     INFO  Test worker     d.u.i.k.n.KeyIO           MODE: declarations took 0 ms 
393206     DEBUG Test worker     d.u.i.k.n.KeyIO           MODE: 2nd degree decls took 0 
393206     INFO  Test worker     d.u.i.k.n.KeyIO           Parsing took 0 ms 
393206     DEBUG Test worker     d.u.i.k.n.KeyIO           Load declarations of de.uka.ilkd.key.nparser.KeyAst$File:  <unknown>:1#1 
393206     INFO  Test worker     d.u.i.k.n.KeyIO           MODE: declarations took 0 ms 
393206     DEBUG Test worker     d.u.i.k.n.KeyIO           MODE: 2nd degree decls took 0 
393206     INFO  Test worker     d.u.i.k.n.KeyIO           Parsing took 0 ms 
393206     DEBUG Test worker     d.u.i.k.n.KeyIO           Load declarations of de.uka.ilkd.key.nparser.KeyAst$File:  <unknown>:1#1 
393206     INFO  Test worker     d.u.i.k.n.KeyIO           MODE: declarations took 0 ms 
393206     DEBUG Test worker     d.u.i.k.n.KeyIO           MODE: 2nd degree decls took 0 
395882     INFO  Test worker     d.u.i.k.n.KeyIO           Parsing took 0 ms 
395882     DEBUG Test worker     d.u.i.k.n.KeyIO           Load declarations of de.uka.ilkd.key.nparser.KeyAst$File:  <unknown>:1#1 
395882     INFO  Test worker     d.u.i.k.n.KeyIO           MODE: declarations took 0 ms 
395882     DEBUG Test worker     d.u.i.k.n.KeyIO           MODE: 2nd degree decls took 0 
395882     INFO  Test worker     d.u.i.k.n.KeyIO           Parsing took 0 ms 
395882     DEBUG Test worker     d.u.i.k.n.KeyIO           Load declarations of de.uka.ilkd.key.nparser.KeyAst$File:  <unknown>:1#1 
395882     INFO  Test worker     d.u.i.k.n.KeyIO           MODE: declarations took 0 ms 
395882     DEBUG Test worker     d.u.i.k.n.KeyIO           MODE: 2nd degree decls took 0 
395882     INFO  Test worker     d.u.i.k.n.KeyIO           Parsing took 0 ms 
395882     DEBUG Test worker     d.u.i.k.n.KeyIO           Load declarations of de.uka.ilkd.key.nparser.KeyAst$File:  <unknown>:1#1 
395882     INFO  Test worker     d.u.i.k.n.KeyIO           MODE: declarations took 0 ms 
395882     DEBUG Test worker     d.u.i.k.n.KeyIO           MODE: 2nd degree decls took 0 
395882     INFO  Test worker     d.u.i.k.n.KeyIO           Parsing took 0 ms 
395882     DEBUG Test worker     d.u.i.k.n.KeyIO           Load declarations of de.uka.ilkd.key.nparser.KeyAst$File:  <unknown>:1#1 
395882     INFO  Test worker     d.u.i.k.n.KeyIO           MODE: declarations took 0 ms 
395882     DEBUG Test worker     d.u.i.k.n.KeyIO           MODE: 2nd degree decls took 0 
395882     INFO  Test worker     d.u.i.k.n.KeyIO           Parsing took 0 ms 
395882     DEBUG Test worker     d.u.i.k.n.KeyIO           Load declarations of de.uka.ilkd.key.nparser.KeyAst$File:  <unknown>:1#1 
395882     INFO  Test worker     d.u.i.k.n.KeyIO           MODE: declarations took 0 ms 
395882     DEBUG Test worker     d.u.i.k.n.KeyIO           MODE: 2nd degree decls took 0 
398590     INFO  Test worker     d.u.i.k.n.KeyIO           Parsing took 0 ms 
398590     DEBUG Test worker     d.u.i.k.n.KeyIO           Load declarations of de.uka.ilkd.key.nparser.KeyAst$File:  <unknown>:1#1 
398590     INFO  Test worker     d.u.i.k.n.KeyIO           MODE: declarations took 0 ms 
398590     DEBUG Test worker     d.u.i.k.n.KeyIO           MODE: 2nd degree decls took 0 
398590     INFO  Test worker     d.u.i.k.n.KeyIO           Parsing took 0 ms 
398590     DEBUG Test worker     d.u.i.k.n.KeyIO           Load declarations of de.uka.ilkd.key.nparser.KeyAst$File:  <unknown>:1#1 
398590     INFO  Test worker     d.u.i.k.n.KeyIO           MODE: declarations took 0 ms 
398590     DEBUG Test worker     d.u.i.k.n.KeyIO           MODE: 2nd degree decls took 0 
398590     INFO  Test worker     d.u.i.k.n.KeyIO           Parsing took 0 ms 
398590     DEBUG Test worker     d.u.i.k.n.KeyIO           Load declarations of de.uka.ilkd.key.nparser.KeyAst$File:  <unknown>:1#1 
398590     INFO  Test worker     d.u.i.k.n.KeyIO           MODE: declarations took 0 ms 
398590     DEBUG Test worker     d.u.i.k.n.KeyIO           MODE: 2nd degree decls took 0 
398590     INFO  Test worker     d.u.i.k.n.KeyIO           Parsing took 0 ms 
398590     DEBUG Test worker     d.u.i.k.n.KeyIO           Load declarations of de.uka.ilkd.key.nparser.KeyAst$File:  <unknown>:1#1 
398590     INFO  Test worker     d.u.i.k.n.KeyIO           MODE: declarations took 0 ms 
398590     DEBUG Test worker     d.u.i.k.n.KeyIO           MODE: 2nd degree decls took 0 
398590     INFO  Test worker     d.u.i.k.n.KeyIO           Parsing took 0 ms 
398590     DEBUG Test worker     d.u.i.k.n.KeyIO           Load declarations of de.uka.ilkd.key.nparser.KeyAst$File:  <unknown>:1#1 
398590     INFO  Test worker     d.u.i.k.n.KeyIO           MODE: declarations took 0 ms 
398590     DEBUG Test worker     d.u.i.k.n.KeyIO           MODE: 2nd degree decls took 0 
401279     INFO  Test worker     d.u.i.k.n.KeyIO           Parsing took 0 ms 
401279     DEBUG Test worker     d.u.i.k.n.KeyIO           Load declarations of de.uka.ilkd.key.nparser.KeyAst$File:  <unknown>:1#1 
401279     INFO  Test worker     d.u.i.k.n.KeyIO           MODE: declarations took 0 ms 
401279     DEBUG Test worker     d.u.i.k.n.KeyIO           MODE: 2nd degree decls took 0 
401279     INFO  Test worker     d.u.i.k.n.KeyIO           Parsing took 0 ms 
401294     DEBUG Test worker     d.u.i.k.n.KeyIO           Load declarations of de.uka.ilkd.key.nparser.KeyAst$File:  <unknown>:1#1 
401294     INFO  Test worker     d.u.i.k.n.KeyIO           MODE: declarations took 0 ms 
401294     DEBUG Test worker     d.u.i.k.n.KeyIO           MODE: 2nd degree decls took 0 
401294     INFO  Test worker     d.u.i.k.n.KeyIO           Parsing took 0 ms 
401294     DEBUG Test worker     d.u.i.k.n.KeyIO           Load declarations of de.uka.ilkd.key.nparser.KeyAst$File:  <unknown>:1#1 
401294     INFO  Test worker     d.u.i.k.n.KeyIO           MODE: declarations took 0 ms 
401294     DEBUG Test worker     d.u.i.k.n.KeyIO           MODE: 2nd degree decls took 0 
401294     INFO  Test worker     d.u.i.k.n.KeyIO           Parsing took 0 ms 
401294     DEBUG Test worker     d.u.i.k.n.KeyIO           Load declarations of de.uka.ilkd.key.nparser.KeyAst$File:  <unknown>:1#1 
401294     INFO  Test worker     d.u.i.k.n.KeyIO           MODE: declarations took 0 ms 
401294     DEBUG Test worker     d.u.i.k.n.KeyIO           MODE: 2nd degree decls took 0 
401294     INFO  Test worker     d.u.i.k.n.KeyIO           Parsing took 0 ms 
401294     DEBUG Test worker     d.u.i.k.n.KeyIO           Load declarations of de.uka.ilkd.key.nparser.KeyAst$File:  <unknown>:1#1 
401294     INFO  Test worker     d.u.i.k.n.KeyIO           MODE: declarations took 0 ms 
401294     DEBUG Test worker     d.u.i.k.n.KeyIO           MODE: 2nd degree decls took 0 
]]></system-out>
  <system-err><![CDATA[]]></system-err>
</testsuite>
