<?xml version="1.0" encoding="UTF-8"?>
<testsuite name="de.uka.ilkd.key.parser.TestTermParserSorts" tests="2" skipped="0" failures="0" errors="0" timestamp="2023-05-22T21:12:46" hostname="fv-az464-622" time="2.716">
  <properties/>
  <testcase name="testParseIntegerArgs()" classname="de.uka.ilkd.key.parser.TestTermParserSorts" time="0.016"/>
  <testcase name="testParseSequencePrettySyntax()" classname="de.uka.ilkd.key.parser.TestTermParserSorts" time="0.003"/>
  <system-out><![CDATA[403987     INFO  Test worker     d.u.i.k.n.KeyIO           Parsing took 0 ms 
403987     DEBUG Test worker     d.u.i.k.n.KeyIO           Load declarations of de.uka.ilkd.key.nparser.KeyAst$File:  <unknown>:1#1 
403987     INFO  Test worker     d.u.i.k.n.KeyIO           MODE: declarations took 0 ms 
403987     DEBUG Test worker     d.u.i.k.n.KeyIO           MODE: 2nd degree decls took 0 
403987     INFO  Test worker     d.u.i.k.n.KeyIO           Parsing took 0 ms 
403987     DEBUG Test worker     d.u.i.k.n.KeyIO           Load declarations of de.uka.ilkd.key.nparser.KeyAst$File:  <unknown>:1#1 
403987     INFO  Test worker     d.u.i.k.n.KeyIO           MODE: declarations took 0 ms 
403987     DEBUG Test worker     d.u.i.k.n.KeyIO           MODE: 2nd degree decls took 0 
403987     INFO  Test worker     d.u.i.k.n.KeyIO           Parsing took 0 ms 
403987     DEBUG Test worker     d.u.i.k.n.KeyIO           Load declarations of de.uka.ilkd.key.nparser.KeyAst$File:  <unknown>:1#1 
403987     INFO  Test worker     d.u.i.k.n.KeyIO           MODE: declarations took 0 ms 
403987     DEBUG Test worker     d.u.i.k.n.KeyIO           MODE: 2nd degree decls took 0 
406699     INFO  Test worker     d.u.i.k.n.KeyIO           Parsing took 0 ms 
406699     DEBUG Test worker     d.u.i.k.n.KeyIO           Load declarations of de.uka.ilkd.key.nparser.KeyAst$File:  <unknown>:1#1 
406699     INFO  Test worker     d.u.i.k.n.KeyIO           MODE: declarations took 0 ms 
406699     DEBUG Test worker     d.u.i.k.n.KeyIO           MODE: 2nd degree decls took 0 
406699     INFO  Test worker     d.u.i.k.n.KeyIO           Parsing took 0 ms 
406699     DEBUG Test worker     d.u.i.k.n.KeyIO           Load declarations of de.uka.ilkd.key.nparser.KeyAst$File:  <unknown>:1#1 
406699     INFO  Test worker     d.u.i.k.n.KeyIO           MODE: declarations took 0 ms 
406699     DEBUG Test worker     d.u.i.k.n.KeyIO           MODE: 2nd degree decls took 0 
406699     INFO  Test worker     d.u.i.k.n.KeyIO           Parsing took 0 ms 
406699     DEBUG Test worker     d.u.i.k.n.KeyIO           Load declarations of de.uka.ilkd.key.nparser.KeyAst$File:  <unknown>:1#1 
406699     INFO  Test worker     d.u.i.k.n.KeyIO           MODE: declarations took 0 ms 
406699     DEBUG Test worker     d.u.i.k.n.KeyIO           MODE: 2nd degree decls took 0 
]]></system-out>
  <system-err><![CDATA[]]></system-err>
</testsuite>
