<?xml version="1.0" encoding="UTF-8"?>
<testsuite name="de.uka.ilkd.key.logic.TestTermLabelManager" tests="21" skipped="0" failures="0" errors="0" timestamp="2023-05-22T21:07:47" hostname="fv-az464-622" time="53.197">
  <properties/>
  <testcase name="testInstantiateLabels_directChildPolicies_allRules()" classname="de.uka.ilkd.key.logic.TestTermLabelManager" time="4.072"/>
  <testcase name="testInstantiateLabels_childAndGrandchildPolicies_ruleSpecific()" classname="de.uka.ilkd.key.logic.TestTermLabelManager" time="2.71"/>
  <testcase name="testParseLabel()" classname="de.uka.ilkd.key.logic.TestTermLabelManager" time="2.718"/>
  <testcase name="testrefactorGoal_childrenAndGrandchildren_ruleSpecific()" classname="de.uka.ilkd.key.logic.TestTermLabelManager" time="2.746"/>
  <testcase name="testrefactorGoal_directChildren_allRules()" classname="de.uka.ilkd.key.logic.TestTermLabelManager" time="2.719"/>
  <testcase name="testInstantiateLabels_childAndGrandchildPolicies_allRules()" classname="de.uka.ilkd.key.logic.TestTermLabelManager" time="2.7"/>
  <testcase name="testInstantiateLabels_taclet()" classname="de.uka.ilkd.key.logic.TestTermLabelManager" time="2.659"/>
  <testcase name="testrefactorGoal_none_ruleSpecific()" classname="de.uka.ilkd.key.logic.TestTermLabelManager" time="2.71"/>
  <testcase name="testInstantiateLabels_updates_ruleSpecific()" classname="de.uka.ilkd.key.logic.TestTermLabelManager" time="2.655"/>
  <testcase name="testrefactorGoal_sequent_ruleSpecific()" classname="de.uka.ilkd.key.logic.TestTermLabelManager" time="2.727"/>
  <testcase name="testInstantiateLabels_updates_allRules()" classname="de.uka.ilkd.key.logic.TestTermLabelManager" time="2.69"/>
  <testcase name="testrefactorGoal_sequent_allRules()" classname="de.uka.ilkd.key.logic.TestTermLabelManager" time="3.012"/>
  <testcase name="testrefactorGoal_childrenAndGrandchildren_allRules()" classname="de.uka.ilkd.key.logic.TestTermLabelManager" time="2.676"/>
  <testcase name="testGetTermLabelManager()" classname="de.uka.ilkd.key.logic.TestTermLabelManager" time="0.004"/>
  <testcase name="testInstantiateLabels_applicationTermPolicies()" classname="de.uka.ilkd.key.logic.TestTermLabelManager" time="2.759"/>
  <testcase name="testInstantiateLabels_modalityTermPolicies()" classname="de.uka.ilkd.key.logic.TestTermLabelManager" time="2.653"/>
  <testcase name="testrefactorGoal_none_allRules()" classname="de.uka.ilkd.key.logic.TestTermLabelManager" time="2.755"/>
  <testcase name="testInstantiateLabels_null()" classname="de.uka.ilkd.key.logic.TestTermLabelManager" time="0.0"/>
  <testcase name="testrefactorGoal_directChildren_ruleSpecific()" classname="de.uka.ilkd.key.logic.TestTermLabelManager" time="2.71"/>
  <testcase name="testInstantiateLabels_directChildPolicies_ruleSpecific()" classname="de.uka.ilkd.key.logic.TestTermLabelManager" time="2.763"/>
  <testcase name="testGetSupportedTermLabelNames()" classname="de.uka.ilkd.key.logic.TestTermLabelManager" time="2.739"/>
  <system-out><![CDATA[104495     INFO  Test worker     d.u.i.k.p.i.AbstractProblemLoader Loading environment from src\test\resources\testcase\termLabels\flatSteps\FlatSteps.java 
104495     DEBUG Test worker     d.u.i.k.p.i.AbstractProblemLoader Environment load took 236ns 
104495     INFO  Test worker     d.u.i.k.p.i.AbstractProblemLoader Creating init config 
104641     DEBUG Test worker     d.u.i.k.j.TypeConverter   No LDT found for Meta 
104641     DEBUG Test worker     d.u.i.k.j.TypeConverter   No LDT found for Meta 
104641     DEBUG Test worker     d.u.i.k.j.TypeConverter   No LDT found for Meta 
104641     DEBUG Test worker     d.u.i.k.j.TypeConverter   No LDT found for Meta 
105435     DEBUG Test worker     d.u.i.k.j.TypeConverter   No LDT found for JavaBigintExpression 
108550     DEBUG Test worker     d.u.i.k.p.i.AbstractProblemLoader Init config took 4.05s 
108566     INFO  Test worker     d.u.i.k.p.i.AbstractProblemLoader Loading environment from src\test\resources\testcase\termLabels\flatSteps\FlatSteps.java 
108566     DEBUG Test worker     d.u.i.k.p.i.AbstractProblemLoader Environment load took 238.6ns 
108581     INFO  Test worker     d.u.i.k.p.i.AbstractProblemLoader Creating init config 
111262     DEBUG Test worker     d.u.i.k.p.i.AbstractProblemLoader Init config took 2.69s 
111277     INFO  Test worker     d.u.i.k.p.i.AbstractProblemLoader Loading environment from src\test\resources\testcase\termLabels\flatSteps\FlatSteps.java 
111277     DEBUG Test worker     d.u.i.k.p.i.AbstractProblemLoader Environment load took 396.4ns 
111293     INFO  Test worker     d.u.i.k.p.i.AbstractProblemLoader Creating init config 
113997     DEBUG Test worker     d.u.i.k.p.i.AbstractProblemLoader Init config took 2.71s 
114044     INFO  Test worker     d.u.i.k.p.i.AbstractProblemLoader Loading environment from src\test\resources\testcase\termLabels\flatSteps\FlatSteps.java 
114044     DEBUG Test worker     d.u.i.k.p.i.AbstractProblemLoader Environment load took 332.2ns 
114044     INFO  Test worker     d.u.i.k.p.i.AbstractProblemLoader Creating init config 
116741     DEBUG Test worker     d.u.i.k.p.i.AbstractProblemLoader Init config took 2.69s 
116756     INFO  Test worker     d.u.i.k.p.i.AbstractProblemLoader Loading environment from src\test\resources\testcase\termLabels\flatSteps\FlatSteps.java 
116756     DEBUG Test worker     d.u.i.k.p.i.AbstractProblemLoader Environment load took 177.7ns 
116756     INFO  Test worker     d.u.i.k.p.i.AbstractProblemLoader Creating init config 
119449     DEBUG Test worker     d.u.i.k.p.i.AbstractProblemLoader Init config took 2.69s 
119465     INFO  Test worker     d.u.i.k.p.i.AbstractProblemLoader Loading environment from src\test\resources\testcase\termLabels\flatSteps\FlatSteps.java 
119465     DEBUG Test worker     d.u.i.k.p.i.AbstractProblemLoader Environment load took 194.5ns 
119465     INFO  Test worker     d.u.i.k.p.i.AbstractProblemLoader Creating init config 
122160     DEBUG Test worker     d.u.i.k.p.i.AbstractProblemLoader Init config took 2.69s 
122160     INFO  Test worker     d.u.i.k.p.i.AbstractProblemLoader Loading environment from src\test\resources\testcase\termLabels\flatSteps\FlatSteps.java 
122160     DEBUG Test worker     d.u.i.k.p.i.AbstractProblemLoader Environment load took 183.9ns 
122160     INFO  Test worker     d.u.i.k.p.i.AbstractProblemLoader Creating init config 
124811     DEBUG Test worker     d.u.i.k.p.i.AbstractProblemLoader Init config took 2.65s 
124842     INFO  Test worker     d.u.i.k.p.i.AbstractProblemLoader Loading environment from src\test\resources\testcase\termLabels\flatSteps\FlatSteps.java 
124842     DEBUG Test worker     d.u.i.k.p.i.AbstractProblemLoader Environment load took 249.1ns 
124842     INFO  Test worker     d.u.i.k.p.i.AbstractProblemLoader Creating init config 
127527     DEBUG Test worker     d.u.i.k.p.i.AbstractProblemLoader Init config took 2.69s 
127542     INFO  Test worker     d.u.i.k.p.i.AbstractProblemLoader Loading environment from src\test\resources\testcase\termLabels\flatSteps\FlatSteps.java 
127542     DEBUG Test worker     d.u.i.k.p.i.AbstractProblemLoader Environment load took 173.6ns 
127542     INFO  Test worker     d.u.i.k.p.i.AbstractProblemLoader Creating init config 
130193     DEBUG Test worker     d.u.i.k.p.i.AbstractProblemLoader Init config took 2.65s 
130208     INFO  Test worker     d.u.i.k.p.i.AbstractProblemLoader Loading environment from src\test\resources\testcase\termLabels\flatSteps\FlatSteps.java 
130208     DEBUG Test worker     d.u.i.k.p.i.AbstractProblemLoader Environment load took 225.4ns 
130208     INFO  Test worker     d.u.i.k.p.i.AbstractProblemLoader Creating init config 
132913     DEBUG Test worker     d.u.i.k.p.i.AbstractProblemLoader Init config took 2.7s 
132928     INFO  Test worker     d.u.i.k.p.i.AbstractProblemLoader Loading environment from src\test\resources\testcase\termLabels\flatSteps\FlatSteps.java 
132928     DEBUG Test worker     d.u.i.k.p.i.AbstractProblemLoader Environment load took 224.4ns 
132944     INFO  Test worker     d.u.i.k.p.i.AbstractProblemLoader Creating init config 
135612     DEBUG Test worker     d.u.i.k.p.i.AbstractProblemLoader Init config took 2.67s 
135612     INFO  Test worker     d.u.i.k.p.i.AbstractProblemLoader Loading environment from src\test\resources\testcase\termLabels\flatSteps\FlatSteps.java 
135612     DEBUG Test worker     d.u.i.k.p.i.AbstractProblemLoader Environment load took 187.2ns 
135612     INFO  Test worker     d.u.i.k.p.i.AbstractProblemLoader Creating init config 
138624     DEBUG Test worker     d.u.i.k.p.i.AbstractProblemLoader Init config took 3.01s 
138624     INFO  Test worker     d.u.i.k.p.i.AbstractProblemLoader Loading environment from src\test\resources\testcase\termLabels\flatSteps\FlatSteps.java 
138624     DEBUG Test worker     d.u.i.k.p.i.AbstractProblemLoader Environment load took 546.2ns 
138639     INFO  Test worker     d.u.i.k.p.i.AbstractProblemLoader Creating init config 
141301     DEBUG Test worker     d.u.i.k.p.i.AbstractProblemLoader Init config took 2.66s 
141316     INFO  Test worker     d.u.i.k.p.i.AbstractProblemLoader Loading environment from src\test\resources\testcase\termLabels\flatSteps\FlatSteps.java 
141316     DEBUG Test worker     d.u.i.k.p.i.AbstractProblemLoader Environment load took 570.6ns 
141316     INFO  Test worker     d.u.i.k.p.i.AbstractProblemLoader Creating init config 
144066     DEBUG Test worker     d.u.i.k.p.i.AbstractProblemLoader Init config took 2.75s 
144081     INFO  Test worker     d.u.i.k.p.i.AbstractProblemLoader Loading environment from src\test\resources\testcase\termLabels\flatSteps\FlatSteps.java 
144097     DEBUG Test worker     d.u.i.k.p.i.AbstractProblemLoader Environment load took 335.8ns 
144097     INFO  Test worker     d.u.i.k.p.i.AbstractProblemLoader Creating init config 
146724     DEBUG Test worker     d.u.i.k.p.i.AbstractProblemLoader Init config took 2.63s 
146739     INFO  Test worker     d.u.i.k.p.i.AbstractProblemLoader Loading environment from src\test\resources\testcase\termLabels\flatSteps\FlatSteps.java 
146739     DEBUG Test worker     d.u.i.k.p.i.AbstractProblemLoader Environment load took 264.6ns 
146739     INFO  Test worker     d.u.i.k.p.i.AbstractProblemLoader Creating init config 
149476     DEBUG Test worker     d.u.i.k.p.i.AbstractProblemLoader Init config took 2.73s 
149492     INFO  Test worker     d.u.i.k.p.i.AbstractProblemLoader Loading environment from src\test\resources\testcase\termLabels\flatSteps\FlatSteps.java 
149492     DEBUG Test worker     d.u.i.k.p.i.AbstractProblemLoader Environment load took 274.1ns 
149492     INFO  Test worker     d.u.i.k.p.i.AbstractProblemLoader Creating init config 
152183     DEBUG Test worker     d.u.i.k.p.i.AbstractProblemLoader Init config took 2.69s 
152215     INFO  Test worker     d.u.i.k.p.i.AbstractProblemLoader Loading environment from src\test\resources\testcase\termLabels\flatSteps\FlatSteps.java 
152215     DEBUG Test worker     d.u.i.k.p.i.AbstractProblemLoader Environment load took 286.3ns 
152215     INFO  Test worker     d.u.i.k.p.i.AbstractProblemLoader Creating init config 
154952     DEBUG Test worker     d.u.i.k.p.i.AbstractProblemLoader Init config took 2.73s 
154967     INFO  Test worker     d.u.i.k.p.i.AbstractProblemLoader Loading environment from src\test\resources\testcase\termLabels\flatSteps\FlatSteps.java 
154967     DEBUG Test worker     d.u.i.k.p.i.AbstractProblemLoader Environment load took 333.7ns 
154967     INFO  Test worker     d.u.i.k.p.i.AbstractProblemLoader Creating init config 
157689     DEBUG Test worker     d.u.i.k.p.i.AbstractProblemLoader Init config took 2.72s 
]]></system-out>
  <system-err><![CDATA[]]></system-err>
</testsuite>
