<?xml version="1.0" encoding="UTF-8"?>
<testsuite name="de.uka.ilkd.key.parser.TestParser" tests="5" skipped="1" failures="0" errors="0" timestamp="2023-04-06T23:06:15" hostname="fv-az193-875" time="5.385">
  <properties/>
  <testcase name="testConstantEvaluationError()" classname="de.uka.ilkd.key.parser.TestParser" time="1.042"/>
  <testcase name="testGenericSort()" classname="de.uka.ilkd.key.parser.TestParser" time="0.002"/>
  <testcase name="testIssue1566()" classname="de.uka.ilkd.key.parser.TestParser" time="3.259"/>
  <testcase name="testIssue39()" classname="de.uka.ilkd.key.parser.TestParser" time="1.079"/>
  <testcase name="testRelativeInclude()" classname="de.uka.ilkd.key.parser.TestParser" time="0.002">
    <skipped/>
  </testcase>
  <system-out><![CDATA[330217     INFO  Test worker     d.u.i.k.n.KeyIO           Parsing took 0 ms 
330217     INFO  Test worker     d.u.i.k.n.KeyIO           MODE: declarations took 0 ms 
]]></system-out>
  <system-err><![CDATA[]]></system-err>
</testsuite>
