<?xml version="1.0" encoding="UTF-8"?>
<testsuite name="de.uka.ilkd.key.proof_references.testcase.analyst.TestMethodCallProofReferencesAnalyst" tests="10" skipped="0" failures="0" errors="0" timestamp="2023-02-01T16:00:28" hostname="fv-az613-223" time="34.204">
  <properties/>
  <testcase name="testConstructorTest()" classname="de.uka.ilkd.key.proof_references.testcase.analyst.TestMethodCallProofReferencesAnalyst" time="3.702"/>
  <testcase name="testMethodCallWithinClass()" classname="de.uka.ilkd.key.proof_references.testcase.analyst.TestMethodCallProofReferencesAnalyst" time="3.504"/>
  <testcase name="testMethodCallWithAssignmentSuper()" classname="de.uka.ilkd.key.proof_references.testcase.analyst.TestMethodCallProofReferencesAnalyst" time="3.34"/>
  <testcase name="testMethodCall()" classname="de.uka.ilkd.key.proof_references.testcase.analyst.TestMethodCallProofReferencesAnalyst" time="3.361"/>
  <testcase name="testStaticMethodCallStaticViaTypereference()" classname="de.uka.ilkd.key.proof_references.testcase.analyst.TestMethodCallProofReferencesAnalyst" time="3.328"/>
  <testcase name="testMethodCallWithAssignment()" classname="de.uka.ilkd.key.proof_references.testcase.analyst.TestMethodCallProofReferencesAnalyst" time="3.347"/>
  <testcase name="testMethodCallSuper()" classname="de.uka.ilkd.key.proof_references.testcase.analyst.TestMethodCallProofReferencesAnalyst" time="3.554"/>
  <testcase name="testMethodCallWithAssignmentWithinClass()" classname="de.uka.ilkd.key.proof_references.testcase.analyst.TestMethodCallProofReferencesAnalyst" time="3.379"/>
  <testcase name="testStaticMethodCallStaticWithAssignmentViaTypereference()" classname="de.uka.ilkd.key.proof_references.testcase.analyst.TestMethodCallProofReferencesAnalyst" time="3.357"/>
  <testcase name="testStaticMethodCall()" classname="de.uka.ilkd.key.proof_references.testcase.analyst.TestMethodCallProofReferencesAnalyst" time="3.311"/>
  <system-out><![CDATA[]]></system-out>
  <system-err><![CDATA[]]></system-err>
</testsuite>
