<?xml version="1.0" encoding="UTF-8"?>
<testsuite name="de.uka.ilkd.key.proof_references.testcase.analyst.TestClassAxiomAndInvariantProofReferencesAnalyst" tests="5" skipped="0" failures="0" errors="0" timestamp="2023-02-01T16:00:03" hostname="fv-az613-223" time="17.385">
  <properties/>
  <testcase name="testModelFieldTest_f()" classname="de.uka.ilkd.key.proof_references.testcase.analyst.TestClassAxiomAndInvariantProofReferencesAnalyst" time="3.499"/>
  <testcase name="testModelFieldTest_doubleX()" classname="de.uka.ilkd.key.proof_references.testcase.analyst.TestClassAxiomAndInvariantProofReferencesAnalyst" time="3.49"/>
  <testcase name="testInvariantInOperationContractOfArgument()" classname="de.uka.ilkd.key.proof_references.testcase.analyst.TestClassAxiomAndInvariantProofReferencesAnalyst" time="3.453"/>
  <testcase name="testInvariantInOperationContract()" classname="de.uka.ilkd.key.proof_references.testcase.analyst.TestClassAxiomAndInvariantProofReferencesAnalyst" time="3.523"/>
  <testcase name="testNestedInvariantInOperationContract()" classname="de.uka.ilkd.key.proof_references.testcase.analyst.TestClassAxiomAndInvariantProofReferencesAnalyst" time="3.417"/>
  <system-out><![CDATA[]]></system-out>
  <system-err><![CDATA[]]></system-err>
</testsuite>
