<?xml version="1.0" encoding="UTF-8"?>
<testsuite name="org.key_project.slicing.EndToEndTests" tests="11" skipped="0" failures="0" errors="0" timestamp="2023-06-05T13:25:00" hostname="fv-az577-709" time="448.743">
  <properties/>
  <testcase name="sliceIfThenElseSplit()" classname="org.key_project.slicing.EndToEndTests" time="99.387"/>
  <testcase name="deduplicateChecksMergabilityCorrectly()" classname="org.key_project.slicing.EndToEndTests" time="15.639"/>
  <testcase name="sliceDuplicatesAway()" classname="org.key_project.slicing.EndToEndTests" time="65.986"/>
  <testcase name="sliceMultipleIterations()" classname="org.key_project.slicing.EndToEndTests" time="102.087"/>
  <testcase name="sliceDuplicatesAwayOpenGoals()" classname="org.key_project.slicing.EndToEndTests" time="63.86"/>
  <testcase name="sliceCutExample()" classname="org.key_project.slicing.EndToEndTests" time="16.341"/>
  <testcase name="sliceAgathaWithOpenGoal()" classname="org.key_project.slicing.EndToEndTests" time="16.7"/>
  <testcase name="sliceSimpleSMT()" classname="org.key_project.slicing.EndToEndTests" time="0.001"/>
  <testcase name="sliceWithOpenGoal()" classname="org.key_project.slicing.EndToEndTests" time="32.401"/>
  <testcase name="sliceAgatha()" classname="org.key_project.slicing.EndToEndTests" time="16.119"/>
  <testcase name="sliceJavaProof()" classname="org.key_project.slicing.EndToEndTests" time="20.215"/>
  <system-out><![CDATA[[13:25:00.143] ?[34mINFO ?[0;39m ?[36mEndToEndTests?[0;39m - Loading /home/runner/work/key/key/keyext.slicing/src/test/resources/testcase/ifThenElseSplit.proof
[13:25:00.492] ?[31mWARN ?[0;39m ?[36mProofIndependentSettings?[0;39m - The settings in /home/runner/.key/proofIndependentSettings.props are *not* read due to flag 'key.disregardSettings'
[13:25:00.516] ?[34mINFO ?[0;39m ?[36mAbstractProblemLoader?[0;39m - Loading environment from src/test/resources/testcase/ifThenElseSplit.proof
[13:25:01.181] ?[34mINFO ?[0;39m ?[36mAbstractProblemLoader?[0;39m - Creating init config
[13:25:01.262] ?[31mWARN ?[0;39m ?[36mProofSettings?[0;39m - The settings in /home/runner/.key/proof-settings.props are *not* read.
[13:25:18.521] ?[34mINFO ?[0;39m ?[36mAbstractProblemLoader?[0;39m - Replaying proof ifThenElseSplit.proof
[13:25:21.454] ?[34mINFO ?[0;39m ?[36mKeyStrokeSettings?[0;39m - Save keyboard shortcuts to: /home/runner/.key/keystrokes.properties
[13:25:21.599] ?[34mINFO ?[0;39m ?[36mAbstractProblemLoader?[0;39m - Loading environment from /tmp/proof8045620828452940089.proof
[13:25:21.611] ?[34mINFO ?[0;39m ?[36mAbstractProblemLoader?[0;39m - Creating init config
[13:25:27.638] ?[34mINFO ?[0;39m ?[36mAbstractProblemLoader?[0;39m - Replaying proof proof8045620828452940089.proof
[13:25:27.676] ?[34mINFO ?[0;39m ?[36mAbstractProblemLoader?[0;39m - Loading environment from /tmp/KeYslice2390057419633561253/ifThenElseSplit_slice1.proof
[13:25:27.682] ?[34mINFO ?[0;39m ?[36mAbstractProblemLoader?[0;39m - Creating init config
[13:25:33.447] ?[34mINFO ?[0;39m ?[36mAbstractProblemLoader?[0;39m - Replaying proof ifThenElseSplit_slice1.proof
[13:25:33.457] ?[34mINFO ?[0;39m ?[36mEndToEndTests?[0;39m - Loading /home/runner/work/key/key/keyext.slicing/src/test/resources/testcase/ifThenElseSplit.proof
[13:25:33.458] ?[34mINFO ?[0;39m ?[36mAbstractProblemLoader?[0;39m - Loading environment from src/test/resources/testcase/ifThenElseSplit.proof
[13:25:33.461] ?[34mINFO ?[0;39m ?[36mAbstractProblemLoader?[0;39m - Creating init config
[13:25:39.049] ?[34mINFO ?[0;39m ?[36mAbstractProblemLoader?[0;39m - Replaying proof ifThenElseSplit.proof
[13:25:39.078] ?[34mINFO ?[0;39m ?[36mDependencyAnalyzer?[0;39m - merging 2 and 3
[13:25:39.082] ?[34mINFO ?[0;39m ?[36mAbstractProblemLoader?[0;39m - Loading environment from /tmp/proof16178589787086080920.proof
[13:25:39.085] ?[34mINFO ?[0;39m ?[36mAbstractProblemLoader?[0;39m - Creating init config
[13:25:44.988] ?[34mINFO ?[0;39m ?[36mAbstractProblemLoader?[0;39m - Replaying proof proof16178589787086080920.proof
[13:25:45.012] ?[34mINFO ?[0;39m ?[36mAbstractProblemLoader?[0;39m - Loading environment from /tmp/KeYslice10223100403066043095/ifThenElseSplit_slice1.proof
[13:25:45.015] ?[34mINFO ?[0;39m ?[36mAbstractProblemLoader?[0;39m - Creating init config
[13:25:50.816] ?[34mINFO ?[0;39m ?[36mAbstractProblemLoader?[0;39m - Replaying proof ifThenElseSplit_slice1.proof
[13:25:50.828] ?[34mINFO ?[0;39m ?[36mEndToEndTests?[0;39m - Loading /tmp/KeYslice10223100403066043095/ifThenElseSplit_slice1.proof
[13:25:50.829] ?[34mINFO ?[0;39m ?[36mAbstractProblemLoader?[0;39m - Loading environment from /tmp/KeYslice10223100403066043095/ifThenElseSplit_slice1.proof
[13:25:50.831] ?[34mINFO ?[0;39m ?[36mAbstractProblemLoader?[0;39m - Creating init config
[13:25:56.505] ?[34mINFO ?[0;39m ?[36mAbstractProblemLoader?[0;39m - Replaying proof ifThenElseSplit_slice1.proof
[13:25:56.519] ?[34mINFO ?[0;39m ?[36mDependencyAnalyzer?[0;39m - merging 3 and 4
[13:25:56.522] ?[34mINFO ?[0;39m ?[36mAbstractProblemLoader?[0;39m - Loading environment from /tmp/proof15209553028977094795.proof
[13:25:56.525] ?[34mINFO ?[0;39m ?[36mAbstractProblemLoader?[0;39m - Creating init config
[13:26:02.138] ?[34mINFO ?[0;39m ?[36mAbstractProblemLoader?[0;39m - Replaying proof proof15209553028977094795.proof
[13:26:02.148] ?[34mINFO ?[0;39m ?[36mAbstractProblemLoader?[0;39m - Loading environment from /tmp/KeYslice7241307768191298959/ifThenElseSplit_slice2.proof
[13:26:02.150] ?[34mINFO ?[0;39m ?[36mAbstractProblemLoader?[0;39m - Creating init config
[13:26:07.760] ?[34mINFO ?[0;39m ?[36mAbstractProblemLoader?[0;39m - Replaying proof ifThenElseSplit_slice2.proof
[13:26:07.771] ?[34mINFO ?[0;39m ?[36mEndToEndTests?[0;39m - Loading /tmp/KeYslice7241307768191298959/ifThenElseSplit_slice2.proof
[13:26:07.772] ?[34mINFO ?[0;39m ?[36mAbstractProblemLoader?[0;39m - Loading environment from /tmp/KeYslice7241307768191298959/ifThenElseSplit_slice2.proof
[13:26:07.774] ?[34mINFO ?[0;39m ?[36mAbstractProblemLoader?[0;39m - Creating init config
[13:26:13.313] ?[34mINFO ?[0;39m ?[36mAbstractProblemLoader?[0;39m - Replaying proof ifThenElseSplit_slice2.proof
[13:26:13.325] ?[34mINFO ?[0;39m ?[36mDependencyAnalyzer?[0;39m - merging 4 and 5
[13:26:13.328] ?[34mINFO ?[0;39m ?[36mAbstractProblemLoader?[0;39m - Loading environment from /tmp/proof3673769870968877361.proof
[13:26:13.331] ?[34mINFO ?[0;39m ?[36mAbstractProblemLoader?[0;39m - Creating init config
[13:26:18.607] ?[34mINFO ?[0;39m ?[36mAbstractProblemLoader?[0;39m - Replaying proof proof3673769870968877361.proof
[13:26:18.616] ?[34mINFO ?[0;39m ?[36mAbstractProblemLoader?[0;39m - Loading environment from /tmp/KeYslice5499401828089352215/ifThenElseSplit_slice3.proof
[13:26:18.617] ?[34mINFO ?[0;39m ?[36mAbstractProblemLoader?[0;39m - Creating init config
[13:26:24.014] ?[34mINFO ?[0;39m ?[36mAbstractProblemLoader?[0;39m - Replaying proof ifThenElseSplit_slice3.proof
[13:26:24.022] ?[34mINFO ?[0;39m ?[36mEndToEndTests?[0;39m - Loading /tmp/KeYslice5499401828089352215/ifThenElseSplit_slice3.proof
[13:26:24.023] ?[34mINFO ?[0;39m ?[36mAbstractProblemLoader?[0;39m - Loading environment from /tmp/KeYslice5499401828089352215/ifThenElseSplit_slice3.proof
[13:26:24.024] ?[34mINFO ?[0;39m ?[36mAbstractProblemLoader?[0;39m - Creating init config
[13:26:29.448] ?[34mINFO ?[0;39m ?[36mAbstractProblemLoader?[0;39m - Replaying proof ifThenElseSplit_slice3.proof
[13:26:29.458] ?[34mINFO ?[0;39m ?[36mDependencyAnalyzer?[0;39m - merging 5 and 6
[13:26:29.460] ?[34mINFO ?[0;39m ?[36mAbstractProblemLoader?[0;39m - Loading environment from /tmp/proof1179851248203142781.proof
[13:26:29.462] ?[34mINFO ?[0;39m ?[36mAbstractProblemLoader?[0;39m - Creating init config
[13:26:34.452] ?[34mINFO ?[0;39m ?[36mAbstractProblemLoader?[0;39m - Replaying proof proof1179851248203142781.proof
[13:26:34.460] ?[34mINFO ?[0;39m ?[36mAbstractProblemLoader?[0;39m - Loading environment from /tmp/KeYslice17351331810872571581/ifThenElseSplit_slice4.proof
[13:26:34.461] ?[34mINFO ?[0;39m ?[36mAbstractProblemLoader?[0;39m - Creating init config
[13:26:39.514] ?[34mINFO ?[0;39m ?[36mAbstractProblemLoader?[0;39m - Replaying proof ifThenElseSplit_slice4.proof
[13:26:39.526] ?[34mINFO ?[0;39m ?[36mEndToEndTests?[0;39m - Loading /home/runner/work/key/key/keyext.slicing/src/test/resources/testcase/deduplicateCheck4.proof
[13:26:39.526] ?[34mINFO ?[0;39m ?[36mAbstractProblemLoader?[0;39m - Loading environment from src/test/resources/testcase/deduplicateCheck4.proof
[13:26:39.528] ?[34mINFO ?[0;39m ?[36mAbstractProblemLoader?[0;39m - Creating init config
[13:26:44.535] ?[34mINFO ?[0;39m ?[36mAbstractProblemLoader?[0;39m - Replaying proof deduplicateCheck4.proof
[13:26:44.556] ?[34mINFO ?[0;39m ?[36mAbstractProblemLoader?[0;39m - Loading environment from /tmp/proof7276273182611437787.proof
[13:26:44.558] ?[34mINFO ?[0;39m ?[36mAbstractProblemLoader?[0;39m - Creating init config
[13:26:49.816] ?[34mINFO ?[0;39m ?[36mAbstractProblemLoader?[0;39m - Replaying proof proof7276273182611437787.proof
[13:26:49.829] ?[34mINFO ?[0;39m ?[36mAbstractProblemLoader?[0;39m - Loading environment from /tmp/KeYslice3694381741412534430/deduplicateCheck4_slice1.proof
[13:26:49.831] ?[34mINFO ?[0;39m ?[36mAbstractProblemLoader?[0;39m - Creating init config
[13:26:55.150] ?[34mINFO ?[0;39m ?[36mAbstractProblemLoader?[0;39m - Replaying proof deduplicateCheck4_slice1.proof
[13:26:55.166] ?[34mINFO ?[0;39m ?[36mEndToEndTests?[0;39m - Loading /home/runner/work/key/key/keyext.slicing/src/test/resources/testcase/exampleDuplicate.proof
[13:26:55.167] ?[34mINFO ?[0;39m ?[36mAbstractProblemLoader?[0;39m - Loading environment from src/test/resources/testcase/exampleDuplicate.proof
[13:26:55.169] ?[34mINFO ?[0;39m ?[36mAbstractProblemLoader?[0;39m - Creating init config
[13:27:00.675] ?[34mINFO ?[0;39m ?[36mAbstractProblemLoader?[0;39m - Replaying proof exampleDuplicate.proof
[13:27:00.693] ?[34mINFO ?[0;39m ?[36mDependencyAnalyzer?[0;39m - merging 2 and 3
[13:27:00.697] ?[34mINFO ?[0;39m ?[36mAbstractProblemLoader?[0;39m - Loading environment from /tmp/proof13095609992101420955.proof
[13:27:00.699] ?[34mINFO ?[0;39m ?[36mAbstractProblemLoader?[0;39m - Creating init config
[13:27:06.257] ?[34mINFO ?[0;39m ?[36mAbstractProblemLoader?[0;39m - Replaying proof proof13095609992101420955.proof
[13:27:06.272] ?[34mINFO ?[0;39m ?[36mAbstractProblemLoader?[0;39m - Loading environment from /tmp/KeYslice14755950011509942258/exampleDuplicate_slice1.proof
[13:27:06.274] ?[34mINFO ?[0;39m ?[36mAbstractProblemLoader?[0;39m - Creating init config
[13:27:11.728] ?[34mINFO ?[0;39m ?[36mAbstractProblemLoader?[0;39m - Replaying proof exampleDuplicate_slice1.proof
[13:27:11.743] ?[34mINFO ?[0;39m ?[36mEndToEndTests?[0;39m - Loading /tmp/KeYslice14755950011509942258/exampleDuplicate_slice1.proof
[13:27:11.744] ?[34mINFO ?[0;39m ?[36mAbstractProblemLoader?[0;39m - Loading environment from /tmp/KeYslice14755950011509942258/exampleDuplicate_slice1.proof
[13:27:11.745] ?[34mINFO ?[0;39m ?[36mAbstractProblemLoader?[0;39m - Creating init config
[13:27:17.056] ?[34mINFO ?[0;39m ?[36mAbstractProblemLoader?[0;39m - Replaying proof exampleDuplicate_slice1.proof
[13:27:17.075] ?[34mINFO ?[0;39m ?[36mDependencyAnalyzer?[0;39m - merging 3 and 4
[13:27:17.077] ?[34mINFO ?[0;39m ?[36mAbstractProblemLoader?[0;39m - Loading environment from /tmp/proof11926886934273217341.proof
[13:27:17.079] ?[34mINFO ?[0;39m ?[36mAbstractProblemLoader?[0;39m - Creating init config
[13:27:22.452] ?[34mINFO ?[0;39m ?[36mAbstractProblemLoader?[0;39m - Replaying proof proof11926886934273217341.proof
[13:27:22.467] ?[34mINFO ?[0;39m ?[36mAbstractProblemLoader?[0;39m - Loading environment from /tmp/KeYslice7963802036471390781/exampleDuplicate_slice2.proof
[13:27:22.469] ?[34mINFO ?[0;39m ?[36mAbstractProblemLoader?[0;39m - Creating init config
[13:27:27.940] ?[34mINFO ?[0;39m ?[36mAbstractProblemLoader?[0;39m - Replaying proof exampleDuplicate_slice2.proof
[13:27:27.962] ?[34mINFO ?[0;39m ?[36mEndToEndTests?[0;39m - Loading /tmp/KeYslice7963802036471390781/exampleDuplicate_slice2.proof
[13:27:27.963] ?[34mINFO ?[0;39m ?[36mAbstractProblemLoader?[0;39m - Loading environment from /tmp/KeYslice7963802036471390781/exampleDuplicate_slice2.proof
[13:27:27.965] ?[34mINFO ?[0;39m ?[36mAbstractProblemLoader?[0;39m - Creating init config
[13:27:33.455] ?[34mINFO ?[0;39m ?[36mAbstractProblemLoader?[0;39m - Replaying proof exampleDuplicate_slice2.proof
[13:27:33.479] ?[34mINFO ?[0;39m ?[36mDependencyAnalyzer?[0;39m - merging 4 and 5
[13:27:33.487] ?[34mINFO ?[0;39m ?[36mAbstractProblemLoader?[0;39m - Loading environment from /tmp/proof145936064635416176.proof
[13:27:33.490] ?[34mINFO ?[0;39m ?[36mAbstractProblemLoader?[0;39m - Creating init config
[13:27:39.083] ?[34mINFO ?[0;39m ?[36mAbstractProblemLoader?[0;39m - Replaying proof proof145936064635416176.proof
[13:27:39.098] ?[34mINFO ?[0;39m ?[36mAbstractProblemLoader?[0;39m - Loading environment from /tmp/KeYslice4881176494693459635/exampleDuplicate_slice3.proof
[13:27:39.099] ?[34mINFO ?[0;39m ?[36mAbstractProblemLoader?[0;39m - Creating init config
[13:27:44.722] ?[34mINFO ?[0;39m ?[36mAbstractProblemLoader?[0;39m - Replaying proof exampleDuplicate_slice3.proof
[13:27:44.736] ?[34mINFO ?[0;39m ?[36mEndToEndTests?[0;39m - Loading /tmp/KeYslice4881176494693459635/exampleDuplicate_slice3.proof
[13:27:44.737] ?[34mINFO ?[0;39m ?[36mAbstractProblemLoader?[0;39m - Loading environment from /tmp/KeYslice4881176494693459635/exampleDuplicate_slice3.proof
[13:27:44.738] ?[34mINFO ?[0;39m ?[36mAbstractProblemLoader?[0;39m - Creating init config
[13:27:50.450] ?[34mINFO ?[0;39m ?[36mAbstractProblemLoader?[0;39m - Replaying proof exampleDuplicate_slice3.proof
[13:27:50.468] ?[34mINFO ?[0;39m ?[36mAbstractProblemLoader?[0;39m - Loading environment from /tmp/proof16154029063595096353.proof
[13:27:50.471] ?[34mINFO ?[0;39m ?[36mAbstractProblemLoader?[0;39m - Creating init config
[13:27:55.756] ?[34mINFO ?[0;39m ?[36mAbstractProblemLoader?[0;39m - Replaying proof proof16154029063595096353.proof
[13:27:55.772] ?[34mINFO ?[0;39m ?[36mAbstractProblemLoader?[0;39m - Loading environment from /tmp/KeYslice17374877781671517446/exampleDuplicate_slice4.proof
[13:27:55.774] ?[34mINFO ?[0;39m ?[36mAbstractProblemLoader?[0;39m - Creating init config
[13:28:01.126] ?[34mINFO ?[0;39m ?[36mAbstractProblemLoader?[0;39m - Replaying proof exampleDuplicate_slice4.proof
[13:28:01.153] ?[34mINFO ?[0;39m ?[36mEndToEndTests?[0;39m - Loading /home/runner/work/key/key/keyext.slicing/src/test/resources/testcase/../../../../../key.ui/examples/firstTouch/05-ReverseArray/reverseArray.proof
[13:28:01.153] ?[34mINFO ?[0;39m ?[36mAbstractProblemLoader?[0;39m - Loading environment from src/test/resources/testcase/../../../../../key.ui/examples/firstTouch/05-ReverseArray/reverseArray.proof
[13:28:01.155] ?[34mINFO ?[0;39m ?[36mAbstractProblemLoader?[0;39m - Creating init config
[13:28:06.896] ?[34mINFO ?[0;39m ?[36mAbstractProblemLoader?[0;39m - Replaying proof ReverseArray[ReverseArray::reverse()].JML normal_behavior operation contract.0
[13:28:09.286] ?[34mINFO ?[0;39m ?[36mDependencyAnalyzer?[0;39m - merging 2591 and 3795
[13:28:09.288] ?[34mINFO ?[0;39m ?[36mDependencyAnalyzer?[0;39m - merging 3958 and 4306
[13:28:09.312] ?[34mINFO ?[0;39m ?[36mDependencyAnalyzer?[0;39m - merging 1354 and 4678
[13:28:09.326] ?[34mINFO ?[0;39m ?[36mDependencyAnalyzer?[0;39m - merging 1010 and 4663
[13:28:09.367] ?[34mINFO ?[0;39m ?[36mAbstractProblemLoader?[0;39m - Loading environment from /tmp/proof6140230185076394908.proof
[13:28:09.370] ?[34mINFO ?[0;39m ?[36mAbstractProblemLoader?[0;39m - Creating init config
[13:28:14.961] ?[34mINFO ?[0;39m ?[36mAbstractProblemLoader?[0;39m - Replaying proof ReverseArray[ReverseArray::reverse()].JML normal_behavior operation contract.0
[13:28:16.290] ?[34mINFO ?[0;39m ?[36mAbstractProblemLoader?[0;39m - Loading environment from /tmp/KeYslice1397442768459036086/reverseArray_slice1.proof
[13:28:16.292] ?[34mINFO ?[0;39m ?[36mAbstractProblemLoader?[0;39m - Creating init config
[13:28:22.248] ?[34mINFO ?[0;39m ?[36mAbstractProblemLoader?[0;39m - Replaying proof ReverseArray[ReverseArray::reverse()].JML normal_behavior operation contract.0
[13:28:23.345] ?[34mINFO ?[0;39m ?[36mEndToEndTests?[0;39m - Loading /tmp/KeYslice1397442768459036086/reverseArray_slice1.proof
[13:28:23.347] ?[34mINFO ?[0;39m ?[36mAbstractProblemLoader?[0;39m - Loading environment from /tmp/KeYslice1397442768459036086/reverseArray_slice1.proof
[13:28:23.349] ?[34mINFO ?[0;39m ?[36mAbstractProblemLoader?[0;39m - Creating init config
[13:28:29.721] ?[34mINFO ?[0;39m ?[36mAbstractProblemLoader?[0;39m - Replaying proof ReverseArray[ReverseArray::reverse()].JML normal_behavior operation contract.0
[13:28:30.738] ?[34mINFO ?[0;39m ?[36mDependencyAnalyzer?[0;39m - merging 2219 and 2914
[13:28:30.753] ?[34mINFO ?[0;39m ?[36mDependencyAnalyzer?[0;39m - merging 2973 and 3148
[13:28:30.762] ?[34mINFO ?[0;39m ?[36mDependencyAnalyzer?[0;39m - merging 1281 and 3384
[13:28:30.768] ?[34mINFO ?[0;39m ?[36mDependencyAnalyzer?[0;39m - merging 943 and 3370
[13:28:30.780] ?[34mINFO ?[0;39m ?[36mDependencyAnalyzer?[0;39m - merging 879 and 3479
[13:28:30.788] ?[34mINFO ?[0;39m ?[36mDependencyAnalyzer?[0;39m - merging 947 and 3782
[13:28:30.790] ?[34mINFO ?[0;39m ?[36mDependencyAnalyzer?[0;39m - merging 880 and 3473
[13:28:30.829] ?[34mINFO ?[0;39m ?[36mAbstractProblemLoader?[0;39m - Loading environment from /tmp/proof4426678089898528392.proof
[13:28:30.832] ?[34mINFO ?[0;39m ?[36mAbstractProblemLoader?[0;39m - Creating init config
[13:28:36.753] ?[34mINFO ?[0;39m ?[36mAbstractProblemLoader?[0;39m - Replaying proof ReverseArray[ReverseArray::reverse()].JML normal_behavior operation contract.0
[13:28:37.529] ?[34mINFO ?[0;39m ?[36mAbstractProblemLoader?[0;39m - Loading environment from /tmp/KeYslice7522984660457602938/reverseArray_slice2.proof
[13:28:37.531] ?[34mINFO ?[0;39m ?[36mAbstractProblemLoader?[0;39m - Creating init config
[13:28:43.480] ?[34mINFO ?[0;39m ?[36mAbstractProblemLoader?[0;39m - Replaying proof ReverseArray[ReverseArray::reverse()].JML normal_behavior operation contract.0
[13:28:44.219] ?[34mINFO ?[0;39m ?[36mEndToEndTests?[0;39m - Loading /tmp/KeYslice7522984660457602938/reverseArray_slice2.proof
[13:28:44.220] ?[34mINFO ?[0;39m ?[36mAbstractProblemLoader?[0;39m - Loading environment from /tmp/KeYslice7522984660457602938/reverseArray_slice2.proof
[13:28:44.222] ?[34mINFO ?[0;39m ?[36mAbstractProblemLoader?[0;39m - Creating init config
[13:28:50.052] ?[34mINFO ?[0;39m ?[36mAbstractProblemLoader?[0;39m - Replaying proof ReverseArray[ReverseArray::reverse()].JML normal_behavior operation contract.0
[13:28:50.748] ?[34mINFO ?[0;39m ?[36mDependencyAnalyzer?[0;39m - merging 2973 and 3147
[13:28:50.751] ?[34mINFO ?[0;39m ?[36mDependencyAnalyzer?[0;39m - merging 882 and 3474
[13:28:50.758] ?[34mINFO ?[0;39m ?[36mDependencyAnalyzer?[0;39m - merging 781 and 3569
[13:28:50.760] ?[34mINFO ?[0;39m ?[36mDependencyAnalyzer?[0;39m - merging 883 and 3469
[13:28:50.768] ?[34mINFO ?[0;39m ?[36mDependencyAnalyzer?[0;39m - merging 1301 and 3381
[13:28:50.773] ?[34mINFO ?[0;39m ?[36mDependencyAnalyzer?[0;39m - merging 949 and 3776
[13:28:50.776] ?[34mINFO ?[0;39m ?[36mDependencyAnalyzer?[0;39m - merging 782 and 3554
[13:28:50.778] ?[34mINFO ?[0;39m ?[36mDependencyAnalyzer?[0;39m - merging 946 and 3368
[13:28:50.779] ?[34mINFO ?[0;39m ?[36mDependencyAnalyzer?[0;39m - merging 2220 and 2914
[13:28:50.794] ?[34mINFO ?[0;39m ?[36mAbstractProblemLoader?[0;39m - Loading environment from /tmp/proof4568227289968778399.proof
[13:28:50.797] ?[34mINFO ?[0;39m ?[36mAbstractProblemLoader?[0;39m - Creating init config
[13:28:56.882] ?[34mINFO ?[0;39m ?[36mAbstractProblemLoader?[0;39m - Replaying proof ReverseArray[ReverseArray::reverse()].JML normal_behavior operation contract.0
[13:28:57.471] ?[34mINFO ?[0;39m ?[36mAbstractProblemLoader?[0;39m - Loading environment from /tmp/KeYslice2712530897849104245/reverseArray_slice3.proof
[13:28:57.475] ?[34mINFO ?[0;39m ?[36mAbstractProblemLoader?[0;39m - Creating init config
[13:29:03.627] ?[34mINFO ?[0;39m ?[36mAbstractProblemLoader?[0;39m - Replaying proof ReverseArray[ReverseArray::reverse()].JML normal_behavior operation contract.0
[13:29:04.241] ?[34mINFO ?[0;39m ?[36mEndToEndTests?[0;39m - Loading /tmp/KeYslice2712530897849104245/reverseArray_slice3.proof
[13:29:04.242] ?[34mINFO ?[0;39m ?[36mAbstractProblemLoader?[0;39m - Loading environment from /tmp/KeYslice2712530897849104245/reverseArray_slice3.proof
[13:29:04.244] ?[34mINFO ?[0;39m ?[36mAbstractProblemLoader?[0;39m - Creating init config
[13:29:10.031] ?[34mINFO ?[0;39m ?[36mAbstractProblemLoader?[0;39m - Replaying proof ReverseArray[ReverseArray::reverse()].JML normal_behavior operation contract.0
[13:29:10.637] ?[34mINFO ?[0;39m ?[36mDependencyAnalyzer?[0;39m - merging 885 and 3469
[13:29:10.640] ?[34mINFO ?[0;39m ?[36mDependencyAnalyzer?[0;39m - merging 2221 and 2914
[13:29:10.644] ?[34mINFO ?[0;39m ?[36mDependencyAnalyzer?[0;39m - merging 784 and 3562
[13:29:10.647] ?[34mINFO ?[0;39m ?[36mDependencyAnalyzer?[0;39m - merging 1296 and 3803
[13:29:10.657] ?[34mINFO ?[0;39m ?[36mDependencyAnalyzer?[0;39m - merging 756 and 3657
[13:29:10.676] ?[34mINFO ?[0;39m ?[36mDependencyAnalyzer?[0;39m - merging 2973 and 3146
[13:29:10.677] ?[34mINFO ?[0;39m ?[36mDependencyAnalyzer?[0;39m - merging 757 and 3651
[13:29:10.679] ?[34mINFO ?[0;39m ?[36mDependencyAnalyzer?[0;39m - merging 1285 and 3379
[13:29:10.686] ?[34mINFO ?[0;39m ?[36mDependencyAnalyzer?[0;39m - merging 1302 and 3378
[13:29:10.690] ?[34mINFO ?[0;39m ?[36mDependencyAnalyzer?[0;39m - merging 886 and 3465
[13:29:10.693] ?[34mINFO ?[0;39m ?[36mDependencyAnalyzer?[0;39m - merging 785 and 3548
[13:29:10.702] ?[34mINFO ?[0;39m ?[36mAbstractProblemLoader?[0;39m - Loading environment from /tmp/proof11255544467297242347.proof
[13:29:10.704] ?[34mINFO ?[0;39m ?[36mAbstractProblemLoader?[0;39m - Creating init config
[13:29:16.601] ?[34mINFO ?[0;39m ?[36mAbstractProblemLoader?[0;39m - Replaying proof ReverseArray[ReverseArray::reverse()].JML normal_behavior operation contract.0
[13:29:17.210] ?[34mINFO ?[0;39m ?[36mAbstractProblemLoader?[0;39m - Loading environment from /tmp/KeYslice3858609905125208916/reverseArray_slice4.proof
[13:29:17.212] ?[34mINFO ?[0;39m ?[36mAbstractProblemLoader?[0;39m - Creating init config
[13:29:23.033] ?[34mINFO ?[0;39m ?[36mAbstractProblemLoader?[0;39m - Replaying proof ReverseArray[ReverseArray::reverse()].JML normal_behavior operation contract.0
[13:29:23.578] ?[34mINFO ?[0;39m ?[36mEndToEndTests?[0;39m - Loading /tmp/KeYslice3858609905125208916/reverseArray_slice4.proof
[13:29:23.578] ?[34mINFO ?[0;39m ?[36mAbstractProblemLoader?[0;39m - Loading environment from /tmp/KeYslice3858609905125208916/reverseArray_slice4.proof
[13:29:23.580] ?[34mINFO ?[0;39m ?[36mAbstractProblemLoader?[0;39m - Creating init config
[13:29:29.495] ?[34mINFO ?[0;39m ?[36mAbstractProblemLoader?[0;39m - Replaying proof ReverseArray[ReverseArray::reverse()].JML normal_behavior operation contract.0
[13:29:30.051] ?[34mINFO ?[0;39m ?[36mDependencyAnalyzer?[0;39m - merging 888 and 3465
[13:29:30.061] ?[34mINFO ?[0;39m ?[36mDependencyAnalyzer?[0;39m - merging 759 and 3648
[13:29:30.065] ?[34mINFO ?[0;39m ?[36mDependencyAnalyzer?[0;39m - merging 1396 and 3388
[13:29:30.067] ?[34mINFO ?[0;39m ?[36mDependencyAnalyzer?[0;39m - merging 788 and 3542
[13:29:30.073] ?[34mINFO ?[0;39m ?[36mDependencyAnalyzer?[0;39m - merging 787 and 3555
[13:29:30.078] ?[34mINFO ?[0;39m ?[36mDependencyAnalyzer?[0;39m - merging 2973 and 3145
[13:29:30.094] ?[34mINFO ?[0;39m ?[36mDependencyAnalyzer?[0;39m - merging 760 and 3643
[13:29:30.100] ?[34mINFO ?[0;39m ?[36mDependencyAnalyzer?[0;39m - merging 889 and 3464
[13:29:30.102] ?[34mINFO ?[0;39m ?[36mDependencyAnalyzer?[0;39m - merging 1298 and 3793
[13:29:30.104] ?[34mINFO ?[0;39m ?[36mDependencyAnalyzer?[0;39m - merging 1288 and 3376
[13:29:30.106] ?[34mINFO ?[0;39m ?[36mDependencyAnalyzer?[0;39m - merging 621 and 3786
[13:29:30.109] ?[34mINFO ?[0;39m ?[36mDependencyAnalyzer?[0;39m - merging 2222 and 2914
[13:29:30.119] ?[34mINFO ?[0;39m ?[36mAbstractProblemLoader?[0;39m - Loading environment from /tmp/proof9193010355758287806.proof
[13:29:30.121] ?[34mINFO ?[0;39m ?[36mAbstractProblemLoader?[0;39m - Creating init config
[13:29:35.998] ?[34mINFO ?[0;39m ?[36mAbstractProblemLoader?[0;39m - Replaying proof ReverseArray[ReverseArray::reverse()].JML normal_behavior operation contract.0
[13:29:36.621] ?[34mINFO ?[0;39m ?[36mAbstractProblemLoader?[0;39m - Loading environment from /tmp/KeYslice5694118545741285996/reverseArray_slice5.proof
[13:29:36.623] ?[34mINFO ?[0;39m ?[36mAbstractProblemLoader?[0;39m - Creating init config
[13:29:42.618] ?[34mINFO ?[0;39m ?[36mAbstractProblemLoader?[0;39m - Replaying proof ReverseArray[ReverseArray::reverse()].JML normal_behavior operation contract.0
[13:29:43.241] ?[34mINFO ?[0;39m ?[36mEndToEndTests?[0;39m - Loading /home/runner/work/key/key/keyext.slicing/src/test/resources/testcase/exampleDuplicateOpen.proof
[13:29:43.241] ?[34mINFO ?[0;39m ?[36mAbstractProblemLoader?[0;39m - Loading environment from src/test/resources/testcase/exampleDuplicateOpen.proof
[13:29:43.243] ?[34mINFO ?[0;39m ?[36mAbstractProblemLoader?[0;39m - Creating init config
[13:29:48.655] ?[34mINFO ?[0;39m ?[36mAbstractProblemLoader?[0;39m - Replaying proof exampleDuplicateOpen.proof
[13:29:48.667] ?[34mINFO ?[0;39m ?[36mDependencyAnalyzer?[0;39m - merging 2 and 3
[13:29:48.670] ?[34mINFO ?[0;39m ?[36mAbstractProblemLoader?[0;39m - Loading environment from /tmp/proof6414031155178441698.proof
[13:29:48.672] ?[34mINFO ?[0;39m ?[36mAbstractProblemLoader?[0;39m - Creating init config
[13:29:53.849] ?[34mINFO ?[0;39m ?[36mAbstractProblemLoader?[0;39m - Replaying proof proof6414031155178441698.proof
[13:29:53.863] ?[34mINFO ?[0;39m ?[36mAbstractProblemLoader?[0;39m - Loading environment from /tmp/KeYslice14227597255461913476/exampleDuplicateOpen_slice1.proof
[13:29:53.864] ?[34mINFO ?[0;39m ?[36mAbstractProblemLoader?[0;39m - Creating init config
[13:29:59.132] ?[34mINFO ?[0;39m ?[36mAbstractProblemLoader?[0;39m - Replaying proof exampleDuplicateOpen_slice1.proof
[13:29:59.145] ?[34mINFO ?[0;39m ?[36mEndToEndTests?[0;39m - Loading /tmp/KeYslice14227597255461913476/exampleDuplicateOpen_slice1.proof
[13:29:59.146] ?[34mINFO ?[0;39m ?[36mAbstractProblemLoader?[0;39m - Loading environment from /tmp/KeYslice14227597255461913476/exampleDuplicateOpen_slice1.proof
[13:29:59.147] ?[34mINFO ?[0;39m ?[36mAbstractProblemLoader?[0;39m - Creating init config
[13:30:04.364] ?[34mINFO ?[0;39m ?[36mAbstractProblemLoader?[0;39m - Replaying proof exampleDuplicateOpen_slice1.proof
[13:30:04.376] ?[34mINFO ?[0;39m ?[36mDependencyAnalyzer?[0;39m - merging 3 and 4
[13:30:04.377] ?[34mINFO ?[0;39m ?[36mAbstractProblemLoader?[0;39m - Loading environment from /tmp/proof17610853043061140717.proof
[13:30:04.379] ?[34mINFO ?[0;39m ?[36mAbstractProblemLoader?[0;39m - Creating init config
[13:30:09.623] ?[34mINFO ?[0;39m ?[36mAbstractProblemLoader?[0;39m - Replaying proof proof17610853043061140717.proof
[13:30:09.638] ?[34mINFO ?[0;39m ?[36mAbstractProblemLoader?[0;39m - Loading environment from /tmp/KeYslice4425368035532591532/exampleDuplicateOpen_slice2.proof
[13:30:09.639] ?[34mINFO ?[0;39m ?[36mAbstractProblemLoader?[0;39m - Creating init config
[13:30:15.004] ?[34mINFO ?[0;39m ?[36mAbstractProblemLoader?[0;39m - Replaying proof exampleDuplicateOpen_slice2.proof
[13:30:15.016] ?[34mINFO ?[0;39m ?[36mEndToEndTests?[0;39m - Loading /tmp/KeYslice4425368035532591532/exampleDuplicateOpen_slice2.proof
[13:30:15.022] ?[34mINFO ?[0;39m ?[36mAbstractProblemLoader?[0;39m - Loading environment from /tmp/KeYslice4425368035532591532/exampleDuplicateOpen_slice2.proof
[13:30:15.023] ?[34mINFO ?[0;39m ?[36mAbstractProblemLoader?[0;39m - Creating init config
[13:30:20.374] ?[34mINFO ?[0;39m ?[36mAbstractProblemLoader?[0;39m - Replaying proof exampleDuplicateOpen_slice2.proof
[13:30:20.386] ?[34mINFO ?[0;39m ?[36mDependencyAnalyzer?[0;39m - merging 4 and 5
[13:30:20.388] ?[34mINFO ?[0;39m ?[36mAbstractProblemLoader?[0;39m - Loading environment from /tmp/proof6113905000440326444.proof
[13:30:20.390] ?[34mINFO ?[0;39m ?[36mAbstractProblemLoader?[0;39m - Creating init config
[13:30:25.881] ?[34mINFO ?[0;39m ?[36mAbstractProblemLoader?[0;39m - Replaying proof proof6113905000440326444.proof
[13:30:25.897] ?[34mINFO ?[0;39m ?[36mAbstractProblemLoader?[0;39m - Loading environment from /tmp/KeYslice14811147279457706755/exampleDuplicateOpen_slice3.proof
[13:30:25.900] ?[34mINFO ?[0;39m ?[36mAbstractProblemLoader?[0;39m - Creating init config
[13:30:31.354] ?[34mINFO ?[0;39m ?[36mAbstractProblemLoader?[0;39m - Replaying proof exampleDuplicateOpen_slice3.proof
[13:30:31.365] ?[34mINFO ?[0;39m ?[36mEndToEndTests?[0;39m - Loading /tmp/KeYslice14811147279457706755/exampleDuplicateOpen_slice3.proof
[13:30:31.366] ?[34mINFO ?[0;39m ?[36mAbstractProblemLoader?[0;39m - Loading environment from /tmp/KeYslice14811147279457706755/exampleDuplicateOpen_slice3.proof
[13:30:31.368] ?[34mINFO ?[0;39m ?[36mAbstractProblemLoader?[0;39m - Creating init config
[13:30:36.667] ?[34mINFO ?[0;39m ?[36mAbstractProblemLoader?[0;39m - Replaying proof exampleDuplicateOpen_slice3.proof
[13:30:36.678] ?[34mINFO ?[0;39m ?[36mAbstractProblemLoader?[0;39m - Loading environment from /tmp/proof5927997539263236005.proof
[13:30:36.680] ?[34mINFO ?[0;39m ?[36mAbstractProblemLoader?[0;39m - Creating init config
[13:30:41.843] ?[34mINFO ?[0;39m ?[36mAbstractProblemLoader?[0;39m - Replaying proof proof5927997539263236005.proof
[13:30:41.854] ?[34mINFO ?[0;39m ?[36mAbstractProblemLoader?[0;39m - Loading environment from /tmp/KeYslice7058329919199855782/exampleDuplicateOpen_slice4.proof
[13:30:41.855] ?[34mINFO ?[0;39m ?[36mAbstractProblemLoader?[0;39m - Creating init config
[13:30:47.086] ?[34mINFO ?[0;39m ?[36mAbstractProblemLoader?[0;39m - Replaying proof exampleDuplicateOpen_slice4.proof
[13:30:47.102] ?[34mINFO ?[0;39m ?[36mEndToEndTests?[0;39m - Loading /home/runner/work/key/key/keyext.slicing/src/test/resources/testcase/cutExample.proof
[13:30:47.102] ?[34mINFO ?[0;39m ?[36mAbstractProblemLoader?[0;39m - Loading environment from src/test/resources/testcase/cutExample.proof
[13:30:47.103] ?[34mINFO ?[0;39m ?[36mAbstractProblemLoader?[0;39m - Creating init config
[13:30:52.541] ?[34mINFO ?[0;39m ?[36mAbstractProblemLoader?[0;39m - Replaying proof cutExample.proof
[13:30:52.554] ?[34mINFO ?[0;39m ?[36mAbstractProblemLoader?[0;39m - Loading environment from /tmp/proof10974988353830769755.proof
[13:30:52.556] ?[34mINFO ?[0;39m ?[36mAbstractProblemLoader?[0;39m - Creating init config
[13:30:57.912] ?[34mINFO ?[0;39m ?[36mAbstractProblemLoader?[0;39m - Replaying proof proof10974988353830769755.proof
[13:30:57.918] ?[34mINFO ?[0;39m ?[36mAbstractProblemLoader?[0;39m - Loading environment from /tmp/KeYslice8959342604803044338/cutExample_slice1.proof
[13:30:57.920] ?[34mINFO ?[0;39m ?[36mAbstractProblemLoader?[0;39m - Creating init config
[13:31:03.435] ?[34mINFO ?[0;39m ?[36mAbstractProblemLoader?[0;39m - Replaying proof cutExample_slice1.proof
[13:31:03.443] ?[34mINFO ?[0;39m ?[36mEndToEndTests?[0;39m - Loading /home/runner/work/key/key/keyext.slicing/src/test/resources/testcase/agathaOpenGoal.proof
[13:31:03.443] ?[34mINFO ?[0;39m ?[36mAbstractProblemLoader?[0;39m - Loading environment from src/test/resources/testcase/agathaOpenGoal.proof
[13:31:03.445] ?[34mINFO ?[0;39m ?[36mAbstractProblemLoader?[0;39m - Creating init config
[13:31:09.073] ?[34mINFO ?[0;39m ?[36mAbstractProblemLoader?[0;39m - Replaying proof agathaOpenGoal.proof
[13:31:09.127] ?[34mINFO ?[0;39m ?[36mAbstractProblemLoader?[0;39m - Loading environment from /tmp/proof9879316521499211143.proof
[13:31:09.131] ?[34mINFO ?[0;39m ?[36mAbstractProblemLoader?[0;39m - Creating init config
[13:31:14.505] ?[34mINFO ?[0;39m ?[36mAbstractProblemLoader?[0;39m - Replaying proof proof9879316521499211143.proof
[13:31:14.533] ?[34mINFO ?[0;39m ?[36mAbstractProblemLoader?[0;39m - Loading environment from /tmp/KeYslice13297337255748178964/agathaOpenGoal_slice1.proof
[13:31:14.536] ?[34mINFO ?[0;39m ?[36mAbstractProblemLoader?[0;39m - Creating init config
[13:31:20.119] ?[34mINFO ?[0;39m ?[36mAbstractProblemLoader?[0;39m - Replaying proof agathaOpenGoal_slice1.proof
[13:31:20.145] ?[34mINFO ?[0;39m ?[36mEndToEndTests?[0;39m - Loading /home/runner/work/key/key/keyext.slicing/src/test/resources/testcase/openGoal1.proof
[13:31:20.146] ?[34mINFO ?[0;39m ?[36mAbstractProblemLoader?[0;39m - Loading environment from src/test/resources/testcase/openGoal1.proof
[13:31:20.147] ?[34mINFO ?[0;39m ?[36mAbstractProblemLoader?[0;39m - Creating init config
[13:31:25.616] ?[34mINFO ?[0;39m ?[36mAbstractProblemLoader?[0;39m - Replaying proof openGoal1.proof
[13:31:25.625] ?[34mINFO ?[0;39m ?[36mAbstractProblemLoader?[0;39m - Loading environment from /tmp/proof313613767582673339.proof
[13:31:25.628] ?[34mINFO ?[0;39m ?[36mAbstractProblemLoader?[0;39m - Creating init config
[13:31:31.127] ?[34mINFO ?[0;39m ?[36mAbstractProblemLoader?[0;39m - Replaying proof proof313613767582673339.proof
[13:31:31.133] ?[34mINFO ?[0;39m ?[36mAbstractProblemLoader?[0;39m - Loading environment from /tmp/KeYslice10023533159522906218/openGoal1_slice1.proof
[13:31:31.134] ?[34mINFO ?[0;39m ?[36mAbstractProblemLoader?[0;39m - Creating init config
[13:31:36.409] ?[34mINFO ?[0;39m ?[36mAbstractProblemLoader?[0;39m - Replaying proof openGoal1_slice1.proof
[13:31:36.415] ?[34mINFO ?[0;39m ?[36mEndToEndTests?[0;39m - Loading /home/runner/work/key/key/keyext.slicing/src/test/resources/testcase/openGoal2.proof
[13:31:36.416] ?[34mINFO ?[0;39m ?[36mAbstractProblemLoader?[0;39m - Loading environment from src/test/resources/testcase/openGoal2.proof
[13:31:36.417] ?[34mINFO ?[0;39m ?[36mAbstractProblemLoader?[0;39m - Creating init config
[13:31:41.894] ?[34mINFO ?[0;39m ?[36mAbstractProblemLoader?[0;39m - Replaying proof openGoal2.proof
[13:31:41.900] ?[34mINFO ?[0;39m ?[36mAbstractProblemLoader?[0;39m - Loading environment from /tmp/proof610864035579420398.proof
[13:31:41.901] ?[34mINFO ?[0;39m ?[36mAbstractProblemLoader?[0;39m - Creating init config
[13:31:47.321] ?[34mINFO ?[0;39m ?[36mAbstractProblemLoader?[0;39m - Replaying proof proof610864035579420398.proof
[13:31:47.326] ?[34mINFO ?[0;39m ?[36mAbstractProblemLoader?[0;39m - Loading environment from /tmp/KeYslice3506238435298681288/openGoal2_slice1.proof
[13:31:47.327] ?[34mINFO ?[0;39m ?[36mAbstractProblemLoader?[0;39m - Creating init config
[13:31:52.541] ?[34mINFO ?[0;39m ?[36mAbstractProblemLoader?[0;39m - Replaying proof openGoal2_slice1.proof
[13:31:52.546] ?[34mINFO ?[0;39m ?[36mEndToEndTests?[0;39m - Loading /home/runner/work/key/key/keyext.slicing/src/test/resources/testcase/agatha.proof
[13:31:52.546] ?[34mINFO ?[0;39m ?[36mAbstractProblemLoader?[0;39m - Loading environment from src/test/resources/testcase/agatha.proof
[13:31:52.547] ?[34mINFO ?[0;39m ?[36mAbstractProblemLoader?[0;39m - Creating init config
[13:31:57.574] ?[34mINFO ?[0;39m ?[36mAbstractProblemLoader?[0;39m - Replaying proof agatha.proof
[13:31:57.603] ?[34mINFO ?[0;39m ?[36mAbstractProblemLoader?[0;39m - Loading environment from /tmp/proof5086561391183414168.proof
[13:31:57.605] ?[34mINFO ?[0;39m ?[36mAbstractProblemLoader?[0;39m - Creating init config
[13:32:03.082] ?[34mINFO ?[0;39m ?[36mAbstractProblemLoader?[0;39m - Replaying proof proof5086561391183414168.proof
[13:32:03.103] ?[34mINFO ?[0;39m ?[36mAbstractProblemLoader?[0;39m - Loading environment from /tmp/KeYslice5743471712188153888/agatha_slice1.proof
[13:32:03.104] ?[34mINFO ?[0;39m ?[36mAbstractProblemLoader?[0;39m - Creating init config
[13:32:08.638] ?[34mINFO ?[0;39m ?[36mAbstractProblemLoader?[0;39m - Replaying proof agatha_slice1.proof
[13:32:08.666] ?[34mINFO ?[0;39m ?[36mEndToEndTests?[0;39m - Loading /home/runner/work/key/key/keyext.slicing/src/test/resources/testcase/../../../../../key.ui/examples/heap/verifyThis15_2_ParallelGcd/parallelGcd.proof
[13:32:08.667] ?[34mINFO ?[0;39m ?[36mAbstractProblemLoader?[0;39m - Loading environment from src/test/resources/testcase/../../../../../key.ui/examples/heap/verifyThis15_2_ParallelGcd/parallelGcd.proof
[13:32:08.668] ?[34mINFO ?[0;39m ?[36mAbstractProblemLoader?[0;39m - Creating init config
[13:32:14.655] ?[34mINFO ?[0;39m ?[36mAbstractProblemLoader?[0;39m - Replaying proof ParallelGcd[ParallelGcd::parallelGcd(int,int,[Z)].JML behavior operation contract.0
[13:32:15.826] ?[34mINFO ?[0;39m ?[36mAbstractProblemLoader?[0;39m - Loading environment from /tmp/proof15510869042988372488.proof
[13:32:15.828] ?[34mINFO ?[0;39m ?[36mAbstractProblemLoader?[0;39m - Creating init config
[13:32:21.866] ?[34mINFO ?[0;39m ?[36mAbstractProblemLoader?[0;39m - Replaying proof ParallelGcd[ParallelGcd::parallelGcd(int,int,[Z)].JML behavior operation contract.0
[13:32:22.561] ?[34mINFO ?[0;39m ?[36mAbstractProblemLoader?[0;39m - Loading environment from /tmp/KeYslice7840011846359310676/parallelGcd_slice1.proof
[13:32:22.562] ?[34mINFO ?[0;39m ?[36mAbstractProblemLoader?[0;39m - Creating init config
[13:32:28.296] ?[34mINFO ?[0;39m ?[36mAbstractProblemLoader?[0;39m - Replaying proof ParallelGcd[ParallelGcd::parallelGcd(int,int,[Z)].JML behavior operation contract.0
]]></system-out>
  <system-err><![CDATA[]]></system-err>
</testsuite>
