<?xml version="1.0" encoding="UTF-8"?>
<testsuite name="de.uka.ilkd.key.proof.runallproofs.RunAllProofsFunctional" tests="34" skipped="0" failures="0" errors="0" timestamp="2023-05-15T06:50:51" hostname="fv-az749-836" time="5399.614">
  <properties/>
  <testcase name="newBook" classname="de.uka.ilkd.key.proof.runallproofs.RunAllProofsFunctional" time="74.98"/>
  <testcase name="oldBook" classname="de.uka.ilkd.key.proof.runallproofs.RunAllProofsFunctional" time="17.591"/>
  <testcase name="comprehensions" classname="de.uka.ilkd.key.proof.runallproofs.RunAllProofsFunctional" time="65.467"/>
  <testcase name="performance" classname="de.uka.ilkd.key.proof.runallproofs.RunAllProofsFunctional" time="228.093"/>
  <testcase name="performancePOConstruction" classname="de.uka.ilkd.key.proof.runallproofs.RunAllProofsFunctional" time="73.646"/>
  <testcase name="applicationRestrictions" classname="de.uka.ilkd.key.proof.runallproofs.RunAllProofsFunctional" time="48.821"/>
  <testcase name="blockContracts" classname="de.uka.ilkd.key.proof.runallproofs.RunAllProofsFunctional" time="141.189"/>
  <testcase name="jmlAsserts" classname="de.uka.ilkd.key.proof.runallproofs.RunAllProofsFunctional" time="89.683"/>
  <testcase name="javaCard" classname="de.uka.ilkd.key.proof.runallproofs.RunAllProofsFunctional" time="134.555"/>
  <testcase name="list" classname="de.uka.ilkd.key.proof.runallproofs.RunAllProofsFunctional" time="273.502"/>
  <testcase name="list_ghost" classname="de.uka.ilkd.key.proof.runallproofs.RunAllProofsFunctional" time="70.312"/>
  <testcase name="list_recursive" classname="de.uka.ilkd.key.proof.runallproofs.RunAllProofsFunctional" time="22.818"/>
  <testcase name="list_seq" classname="de.uka.ilkd.key.proof.runallproofs.RunAllProofsFunctional" time="177.752"/>
  <testcase name="observer" classname="de.uka.ilkd.key.proof.runallproofs.RunAllProofsFunctional" time="97.072"/>
  <testcase name="removeDups" classname="de.uka.ilkd.key.proof.runallproofs.RunAllProofsFunctional" time="153.998"/>
  <testcase name="quicksort" classname="de.uka.ilkd.key.proof.runallproofs.RunAllProofsFunctional" time="110.638"/>
  <testcase name="simpleTests" classname="de.uka.ilkd.key.proof.runallproofs.RunAllProofsFunctional" time="163.409"/>
  <testcase name="SmansEtAl" classname="de.uka.ilkd.key.proof.runallproofs.RunAllProofsFunctional" time="201.686"/>
  <testcase name="VACID0" classname="de.uka.ilkd.key.proof.runallproofs.RunAllProofsFunctional" time="80.151"/>
  <testcase name="VSTTE10" classname="de.uka.ilkd.key.proof.runallproofs.RunAllProofsFunctional" time="183.94"/>
  <testcase name="WeideEtAl" classname="de.uka.ilkd.key.proof.runallproofs.RunAllProofsFunctional" time="28.921"/>
  <testcase name="arithmetic" classname="de.uka.ilkd.key.proof.runallproofs.RunAllProofsFunctional" time="495.959"/>
  <testcase name="arrays" classname="de.uka.ilkd.key.proof.runallproofs.RunAllProofsFunctional" time="59.374"/>
  <testcase name="javadl" classname="de.uka.ilkd.key.proof.runallproofs.RunAllProofsFunctional" time="635.357"/>
  <testcase name="FOL" classname="de.uka.ilkd.key.proof.runallproofs.RunAllProofsFunctional" time="284.637"/>
  <testcase name="strings" classname="de.uka.ilkd.key.proof.runallproofs.RunAllProofsFunctional" time="150.733"/>
  <testcase name="simple_info_flow" classname="de.uka.ilkd.key.proof.runallproofs.RunAllProofsFunctional" time="13.761"/>
  <testcase name="modelMethods" classname="de.uka.ilkd.key.proof.runallproofs.RunAllProofsFunctional" time="183.217"/>
  <testcase name="permissionHeap" classname="de.uka.ilkd.key.proof.runallproofs.RunAllProofsFunctional" time="830.425"/>
  <testcase name="completionScopes" classname="de.uka.ilkd.key.proof.runallproofs.RunAllProofsFunctional" time="50.766"/>
  <testcase name="reload_examples" classname="de.uka.ilkd.key.proof.runallproofs.RunAllProofsFunctional" time="44.794"/>
  <testcase name="proofLoadRepair" classname="de.uka.ilkd.key.proof.runallproofs.RunAllProofsFunctional" time="19.024"/>
  <testcase name="switch" classname="de.uka.ilkd.key.proof.runallproofs.RunAllProofsFunctional" time="62.599"/>
  <testcase name="redux" classname="de.uka.ilkd.key.proof.runallproofs.RunAllProofsFunctional" time="130.726"/>
  <system-out><![CDATA[674        INFO  Test worker     d.u.i.k.p.r.RunAllProofsTestUnit Running test newBook 
473        INFO  Timeout watchdog d.u.i.k.p.r.p.ForkedTestFileRunner Timeout watcher launched (2000 secs.) 
491        WARN  main            d.u.i.k.s.ProofSettings   No proof-settings could be loaded, using defaults java.io.FileNotFoundException: /home/runner/.key/proof-settings.props (No such file or directory)
	at java.base/java.io.FileInputStream.open0(Native Method)

524        INFO  main            d.u.i.k.p.r.p.TestFile    Now processing file /home/runner/work/key/key/key.core/../key.ui/examples/newBook/09.list_modelfield/ArrayList.add.key 
675        INFO  main            d.u.i.k.p.i.AbstractProblemLoader Loading environment from /home/runner/work/key/key/key.core/../key.ui/examples/newBook/09.list_modelfield/ArrayList.add.key 
698        DEBUG main            d.u.i.k.p.i.AbstractProblemLoader Environment load took 4.14ms 
1059       INFO  main            d.u.i.k.p.i.AbstractProblemLoader Creating init config 
2296       DEBUG main            d.u.i.k.j.TypeConverter   No LDT found for Meta 
2296       DEBUG main            d.u.i.k.j.TypeConverter   No LDT found for Meta 
2299       DEBUG main            d.u.i.k.j.TypeConverter   No LDT found for Meta 
2300       DEBUG main            d.u.i.k.j.TypeConverter   No LDT found for Meta 
3879       DEBUG main            d.u.i.k.j.TypeConverter   No LDT found for JavaBigintExpression 
10428      DEBUG main            d.u.i.k.p.i.AbstractProblemLoader Init config took 9.37s 
10611      INFO  main            d.u.i.k.p.i.AbstractProblemLoader Replaying proof ArrayList[List::add(int)].JML normal_behavior operation contract.0 
10652      DEBUG main            d.u.i.k.p.i.IntermediateProofReplayer Proof replay took 32.9ns 
32022      INFO  main            d.u.i.k.p.r.p.TestFile    ... finished proof: closed. 
32303      INFO  main            d.u.i.k.p.i.AbstractProblemLoader Loading environment from /home/runner/work/key/key/key.core/../key.ui/examples/newBook/09.list_modelfield/ArrayList.add.key.proof 
32304      DEBUG main            d.u.i.k.p.i.AbstractProblemLoader Environment load took 1.38ms 
32314      INFO  main            d.u.i.k.p.i.AbstractProblemLoader Creating init config 
35959      DEBUG main            d.u.i.k.p.i.AbstractProblemLoader Init config took 3.64s 
36021      INFO  main            d.u.i.k.p.i.AbstractProblemLoader Replaying proof ArrayList[List::add(int)].JML normal_behavior operation contract.0 
37707      DEBUG main            d.u.i.k.p.i.IntermediateProofReplayer Proof replay took 1.62s 
37720      DEBUG main            d.u.i.k.p.r.p.TestFile    ... success: reloaded. 
37722      INFO  main            d.u.i.k.p.r.p.TestFile    Now processing file /home/runner/work/key/key/key.core/../key.ui/examples/newBook/09.list_modelfield/ArrayList.remFirst.key 
37724      INFO  main            d.u.i.k.p.i.AbstractProblemLoader Loading environment from /home/runner/work/key/key/key.core/../key.ui/examples/newBook/09.list_modelfield/ArrayList.remFirst.key 
37724      DEBUG main            d.u.i.k.p.i.AbstractProblemLoader Environment load took 739.61ns 
37726      INFO  main            d.u.i.k.p.i.AbstractProblemLoader Creating init config 
41028      DEBUG main            d.u.i.k.p.i.AbstractProblemLoader Init config took 3.3s 
41089      INFO  main            d.u.i.k.p.i.AbstractProblemLoader Replaying proof ArrayList[List::remFirst()].JML normal_behavior operation contract.0 
41092      DEBUG main            d.u.i.k.p.i.IntermediateProofReplayer Proof replay took 14.8ns 
46644      INFO  main            d.u.i.k.p.r.p.TestFile    ... finished proof: closed. 
46857      INFO  main            d.u.i.k.p.i.AbstractProblemLoader Loading environment from /home/runner/work/key/key/key.core/../key.ui/examples/newBook/09.list_modelfield/ArrayList.remFirst.key.proof 
46858      DEBUG main            d.u.i.k.p.i.AbstractProblemLoader Environment load took 907.11ns 
46862      INFO  main            d.u.i.k.p.i.AbstractProblemLoader Creating init config 
50014      DEBUG main            d.u.i.k.p.i.AbstractProblemLoader Init config took 3.15s 
50102      INFO  main            d.u.i.k.p.i.AbstractProblemLoader Replaying proof ArrayList[List::remFirst()].JML normal_behavior operation contract.0 
50896      DEBUG main            d.u.i.k.p.i.IntermediateProofReplayer Proof replay took 683.99ms 
50902      DEBUG main            d.u.i.k.p.r.p.TestFile    ... success: reloaded. 
50904      INFO  main            d.u.i.k.p.r.p.TestFile    Now processing file /home/runner/work/key/key/key.core/../key.ui/examples/newBook/09.list_modelfield/ArrayList.empty.key 
50905      INFO  main            d.u.i.k.p.i.AbstractProblemLoader Loading environment from /home/runner/work/key/key/key.core/../key.ui/examples/newBook/09.list_modelfield/ArrayList.empty.key 
50905      DEBUG main            d.u.i.k.p.i.AbstractProblemLoader Environment load took 436.01ns 
50907      INFO  main            d.u.i.k.p.i.AbstractProblemLoader Creating init config 
54166      DEBUG main            d.u.i.k.p.i.AbstractProblemLoader Init config took 3.26s 
54216      INFO  main            d.u.i.k.p.i.AbstractProblemLoader Replaying proof ArrayList[List::empty()].JML normal_behavior operation contract.0 
54218      DEBUG main            d.u.i.k.p.i.IntermediateProofReplayer Proof replay took 7.1ns 
55461      INFO  main            d.u.i.k.p.r.p.TestFile    ... finished proof: closed. 
55701      INFO  main            d.u.i.k.p.i.AbstractProblemLoader Loading environment from /home/runner/work/key/key/key.core/../key.ui/examples/newBook/09.list_modelfield/ArrayList.empty.key.proof 
55704      DEBUG main            d.u.i.k.p.i.AbstractProblemLoader Environment load took 3.35ms 
55706      INFO  main            d.u.i.k.p.i.AbstractProblemLoader Creating init config 
58929      DEBUG main            d.u.i.k.p.i.AbstractProblemLoader Init config took 3.22s 
58977      INFO  main            d.u.i.k.p.i.AbstractProblemLoader Replaying proof ArrayList[List::empty()].JML normal_behavior operation contract.0 
59227      DEBUG main            d.u.i.k.p.i.IntermediateProofReplayer Proof replay took 228.92ms 
59229      DEBUG main            d.u.i.k.p.r.p.TestFile    ... success: reloaded. 
59230      INFO  main            d.u.i.k.p.r.p.TestFile    Now processing file /home/runner/work/key/key/key.core/../key.ui/examples/newBook/09.list_modelfield/ArrayList.size.key 
59230      INFO  main            d.u.i.k.p.i.AbstractProblemLoader Loading environment from /home/runner/work/key/key/key.core/../key.ui/examples/newBook/09.list_modelfield/ArrayList.size.key 
59230      DEBUG main            d.u.i.k.p.i.AbstractProblemLoader Environment load took 65.1ns 
59231      INFO  main            d.u.i.k.p.i.AbstractProblemLoader Creating init config 
62472      DEBUG main            d.u.i.k.p.i.AbstractProblemLoader Init config took 3.24s 
62526      INFO  main            d.u.i.k.p.i.AbstractProblemLoader Replaying proof ArrayList[List::size()].JML normal_behavior operation contract.0 
62530      DEBUG main            d.u.i.k.p.i.IntermediateProofReplayer Proof replay took 6.7ns 
63034      INFO  main            d.u.i.k.p.r.p.TestFile    ... finished proof: closed. 
63382      INFO  main            d.u.i.k.p.i.AbstractProblemLoader Loading environment from /home/runner/work/key/key/key.core/../key.ui/examples/newBook/09.list_modelfield/ArrayList.size.key.proof 
63384      DEBUG main            d.u.i.k.p.i.AbstractProblemLoader Environment load took 977.71ns 
63386      INFO  main            d.u.i.k.p.i.AbstractProblemLoader Creating init config 
66582      DEBUG main            d.u.i.k.p.i.AbstractProblemLoader Init config took 3.2s 
66631      INFO  main            d.u.i.k.p.i.AbstractProblemLoader Replaying proof ArrayList[List::size()].JML normal_behavior operation contract.0 
66691      DEBUG main            d.u.i.k.p.i.IntermediateProofReplayer Proof replay took 55.71ms 
66693      DEBUG main            d.u.i.k.p.r.p.TestFile    ... success: reloaded. 
66695      INFO  main            d.u.i.k.p.r.p.TestFile    Now processing file /home/runner/work/key/key/key.core/../key.ui/examples/newBook/09.list_modelfield/ArrayList.get.key 
66695      INFO  main            d.u.i.k.p.i.AbstractProblemLoader Loading environment from /home/runner/work/key/key/key.core/../key.ui/examples/newBook/09.list_modelfield/ArrayList.get.key 
66695      DEBUG main            d.u.i.k.p.i.AbstractProblemLoader Environment load took 342.8ns 
66696      INFO  main            d.u.i.k.p.i.AbstractProblemLoader Creating init config 
70040      DEBUG main            d.u.i.k.p.i.AbstractProblemLoader Init config took 3.34s 
70087      INFO  main            d.u.i.k.p.i.AbstractProblemLoader Replaying proof ArrayList[List::get(int)].JML normal_behavior operation contract.0 
70089      DEBUG main            d.u.i.k.p.i.IntermediateProofReplayer Proof replay took 5.9ns 
71298      INFO  main            d.u.i.k.p.r.p.TestFile    ... finished proof: closed. 
71504      INFO  main            d.u.i.k.p.i.AbstractProblemLoader Loading environment from /home/runner/work/key/key/key.core/../key.ui/examples/newBook/09.list_modelfield/ArrayList.get.key.proof 
71504      DEBUG main            d.u.i.k.p.i.AbstractProblemLoader Environment load took 156.7ns 
71505      INFO  main            d.u.i.k.p.i.AbstractProblemLoader Creating init config 
74599      DEBUG main            d.u.i.k.p.i.AbstractProblemLoader Init config took 3.09s 
74646      INFO  main            d.u.i.k.p.i.AbstractProblemLoader Replaying proof ArrayList[List::get(int)].JML normal_behavior operation contract.0 
74757      DEBUG main            d.u.i.k.p.i.IntermediateProofReplayer Proof replay took 105.28ms 
74759      DEBUG main            d.u.i.k.p.r.p.TestFile    ... success: reloaded. 
75632      INFO  Test worker     d.u.i.k.p.r.RunAllProofsTestUnit Returning from test newBook 
75655      INFO  Test worker     d.u.i.k.p.r.RunAllProofsTestUnit Running test oldBook 
441        INFO  Timeout watchdog d.u.i.k.p.r.p.ForkedTestFileRunner Timeout watcher launched (2000 secs.) 
445        WARN  main            d.u.i.k.s.ProofSettings   The settings in /home/runner/.key/proof-settings.props are *not* read. 
472        INFO  main            d.u.i.k.p.r.p.TestFile    Now processing file /home/runner/work/key/key/key.core/../key.ui/examples/standard_key/BookExamples/02FirstOrderLogic/Ex2.58.key 
592        INFO  main            d.u.i.k.p.i.AbstractProblemLoader Loading environment from /home/runner/work/key/key/key.core/../key.ui/examples/standard_key/BookExamples/02FirstOrderLogic/Ex2.58.key 
610        DEBUG main            d.u.i.k.p.i.AbstractProblemLoader Environment load took 3.14ms 
994        INFO  main            d.u.i.k.p.i.AbstractProblemLoader Creating init config 
2232       DEBUG main            d.u.i.k.j.TypeConverter   No LDT found for Meta 
2233       DEBUG main            d.u.i.k.j.TypeConverter   No LDT found for Meta 
2259       DEBUG main            d.u.i.k.j.TypeConverter   No LDT found for Meta 
2260       DEBUG main            d.u.i.k.j.TypeConverter   No LDT found for Meta 
3832       DEBUG main            d.u.i.k.j.TypeConverter   No LDT found for JavaBigintExpression 
8502       DEBUG main            d.u.i.k.p.i.AbstractProblemLoader Init config took 7.51s 
8564       INFO  main            d.u.i.k.p.i.AbstractProblemLoader Replaying proof Ex2.58.key 
8597       DEBUG main            d.u.i.k.p.i.IntermediateProofReplayer Proof replay took 36.3ns 
8749       INFO  main            d.u.i.k.p.r.p.TestFile    ... finished proof: closed. 
8852       INFO  main            d.u.i.k.p.i.AbstractProblemLoader Loading environment from /home/runner/work/key/key/key.core/../key.ui/examples/standard_key/BookExamples/02FirstOrderLogic/Ex2.58.key.proof 
8852       DEBUG main            d.u.i.k.p.i.AbstractProblemLoader Environment load took 153.4ns 
8859       INFO  main            d.u.i.k.p.i.AbstractProblemLoader Creating init config 
11511      DEBUG main            d.u.i.k.p.i.AbstractProblemLoader Init config took 2.65s 
11552      INFO  main            d.u.i.k.p.i.AbstractProblemLoader Replaying proof Ex2.58.key.proof 
11568      DEBUG main            d.u.i.k.p.i.IntermediateProofReplayer Proof replay took 7.37ms 
11581      DEBUG main            d.u.i.k.p.r.p.TestFile    ... success: reloaded. 
11588      INFO  main            d.u.i.k.p.r.p.TestFile    Now processing file /home/runner/work/key/key/key.core/../key.ui/examples/standard_key/BookExamples/03DynamicLogic/Sect3.3.1.key 
11588      INFO  main            d.u.i.k.p.i.AbstractProblemLoader Loading environment from /home/runner/work/key/key/key.core/../key.ui/examples/standard_key/BookExamples/03DynamicLogic/Sect3.3.1.key 
11590      DEBUG main            d.u.i.k.p.i.AbstractProblemLoader Environment load took 1.54ms 
11591      INFO  main            d.u.i.k.p.i.AbstractProblemLoader Creating init config 
14115      DEBUG main            d.u.i.k.p.i.AbstractProblemLoader Init config took 2.52s 
14148      INFO  main            d.u.i.k.p.i.AbstractProblemLoader Replaying proof Sect3.3.1.key 
14152      DEBUG main            d.u.i.k.p.i.IntermediateProofReplayer Proof replay took 7.3ns 
14557      INFO  main            d.u.i.k.p.r.p.TestFile    ... finished proof: closed. 
14698      INFO  main            d.u.i.k.p.i.AbstractProblemLoader Loading environment from /home/runner/work/key/key/key.core/../key.ui/examples/standard_key/BookExamples/03DynamicLogic/Sect3.3.1.key.proof 
14699      DEBUG main            d.u.i.k.p.i.AbstractProblemLoader Environment load took 141.4ns 
14700      INFO  main            d.u.i.k.p.i.AbstractProblemLoader Creating init config 
17241      DEBUG main            d.u.i.k.p.i.AbstractProblemLoader Init config took 2.54s 
17274      INFO  main            d.u.i.k.p.i.AbstractProblemLoader Replaying proof Sect3.3.1.key.proof 
17389      DEBUG main            d.u.i.k.p.i.IntermediateProofReplayer Proof replay took 103.44ms 
17390      DEBUG main            d.u.i.k.p.r.p.TestFile    ... success: reloaded. 
93243      INFO  Test worker     d.u.i.k.p.r.RunAllProofsTestUnit Returning from test oldBook 
93244      INFO  Test worker     d.u.i.k.p.r.RunAllProofsTestUnit Running test comprehensions 
343        INFO  Timeout watchdog d.u.i.k.p.r.p.ForkedTestFileRunner Timeout watcher launched (2000 secs.) 
351        WARN  main            d.u.i.k.s.ProofSettings   The settings in /home/runner/.key/proof-settings.props are *not* read. 
398        INFO  main            d.u.i.k.p.r.p.TestFile    Now processing file /home/runner/work/key/key/key.core/../key.ui/examples/heap/comprehensions/general_sum.key 
555        INFO  main            d.u.i.k.p.i.AbstractProblemLoader Loading environment from /home/runner/work/key/key/key.core/../key.ui/examples/heap/comprehensions/general_sum.key 
585        DEBUG main            d.u.i.k.p.i.AbstractProblemLoader Environment load took 2.84ms 
799        INFO  main            d.u.i.k.p.i.AbstractProblemLoader Creating init config 
1695       DEBUG main            d.u.i.k.j.TypeConverter   No LDT found for Meta 
1699       DEBUG main            d.u.i.k.j.TypeConverter   No LDT found for Meta 
1703       DEBUG main            d.u.i.k.j.TypeConverter   No LDT found for Meta 
1704       DEBUG main            d.u.i.k.j.TypeConverter   No LDT found for Meta 
3246       DEBUG main            d.u.i.k.j.TypeConverter   No LDT found for JavaBigintExpression 
8295       DEBUG main            d.u.i.k.p.i.AbstractProblemLoader Init config took 7.5s 
8457       INFO  main            d.u.i.k.p.i.AbstractProblemLoader Replaying proof GSum[GSum::doNothing()].JML operation contract.0 
8490       DEBUG main            d.u.i.k.p.i.IntermediateProofReplayer Proof replay took 34ns 
8928       INFO  main            d.u.i.k.p.r.p.TestFile    ... finished proof: closed. 
9035       INFO  main            d.u.i.k.p.i.AbstractProblemLoader Loading environment from /home/runner/work/key/key/key.core/../key.ui/examples/heap/comprehensions/general_sum.key.proof 
9036       DEBUG main            d.u.i.k.p.i.AbstractProblemLoader Environment load took 160ns 
9040       INFO  main            d.u.i.k.p.i.AbstractProblemLoader Creating init config 
11927      DEBUG main            d.u.i.k.p.i.AbstractProblemLoader Init config took 2.89s 
12003      INFO  main            d.u.i.k.p.i.AbstractProblemLoader Replaying proof GSum[GSum::doNothing()].JML operation contract.0 
12019      DEBUG main            d.u.i.k.p.i.IntermediateProofReplayer Proof replay took 12ms 
12026      DEBUG main            d.u.i.k.p.r.p.TestFile    ... success: reloaded. 
12027      INFO  main            d.u.i.k.p.r.p.TestFile    Now processing file /home/runner/work/key/key/key.core/../key.ui/examples/heap/comprehensions/sum0.key 
12027      INFO  main            d.u.i.k.p.i.AbstractProblemLoader Loading environment from /home/runner/work/key/key/key.core/../key.ui/examples/heap/comprehensions/sum0.key 
12027      DEBUG main            d.u.i.k.p.i.AbstractProblemLoader Environment load took 87.1ns 
12028      INFO  main            d.u.i.k.p.i.AbstractProblemLoader Creating init config 
14745      DEBUG main            d.u.i.k.p.i.AbstractProblemLoader Init config took 2.72s 
14805      INFO  main            d.u.i.k.p.i.AbstractProblemLoader Replaying proof Sum[Sum::sum0([I)].JML normal_behavior operation contract.0 
14808      DEBUG main            d.u.i.k.p.i.IntermediateProofReplayer Proof replay took 6.3ns 
14900      DEBUG Thread-4        d.u.i.k.l.l.OriginTermLabel commonFileName is null! 
14900      DEBUG Thread-4        d.u.i.k.l.l.OriginTermLabel commonFileName is null! 
15123      DEBUG Thread-4        d.u.i.k.l.l.OriginTermLabel commonFileName is null! 
15124      DEBUG Thread-4        d.u.i.k.l.l.OriginTermLabel commonFileName is null! 
15359      DEBUG Thread-4        d.u.i.k.l.l.OriginTermLabel commonFileName is null! 
15614      INFO  main            d.u.i.k.p.r.p.TestFile    ... finished proof: closed. 
15772      INFO  main            d.u.i.k.p.i.AbstractProblemLoader Loading environment from /home/runner/work/key/key/key.core/../key.ui/examples/heap/comprehensions/sum0.key.proof 
15775      DEBUG main            d.u.i.k.p.i.AbstractProblemLoader Environment load took 3.12ms 
15778      INFO  main            d.u.i.k.p.i.AbstractProblemLoader Creating init config 
18442      DEBUG main            d.u.i.k.p.i.AbstractProblemLoader Init config took 2.66s 
18492      INFO  main            d.u.i.k.p.i.AbstractProblemLoader Replaying proof Sum[Sum::sum0([I)].JML normal_behavior operation contract.0 
18527      DEBUG main            d.u.i.k.l.l.OriginTermLabel commonFileName is null! 
18527      DEBUG main            d.u.i.k.l.l.OriginTermLabel commonFileName is null! 
18606      DEBUG main            d.u.i.k.l.l.OriginTermLabel commonFileName is null! 
18661      DEBUG main            d.u.i.k.l.l.OriginTermLabel commonFileName is null! 
18662      DEBUG main            d.u.i.k.l.l.OriginTermLabel commonFileName is null! 
18665      DEBUG main            d.u.i.k.p.i.IntermediateProofReplayer Proof replay took 166.76ms 
18666      DEBUG main            d.u.i.k.p.r.p.TestFile    ... success: reloaded. 
18668      INFO  main            d.u.i.k.p.r.p.TestFile    Now processing file /home/runner/work/key/key/key.core/../key.ui/examples/heap/comprehensions/sum1.key 
18669      INFO  main            d.u.i.k.p.i.AbstractProblemLoader Loading environment from /home/runner/work/key/key/key.core/../key.ui/examples/heap/comprehensions/sum1.key 
18669      DEBUG main            d.u.i.k.p.i.AbstractProblemLoader Environment load took 359.6ns 
18670      INFO  main            d.u.i.k.p.i.AbstractProblemLoader Creating init config 
21347      DEBUG main            d.u.i.k.p.i.AbstractProblemLoader Init config took 2.68s 
21395      INFO  main            d.u.i.k.p.i.AbstractProblemLoader Replaying proof Sum[Sum::sum1([I)].JML normal_behavior operation contract.0 
21397      DEBUG main            d.u.i.k.p.i.IntermediateProofReplayer Proof replay took 5.4ns 
21455      DEBUG Thread-7        d.u.i.k.l.l.OriginTermLabel commonFileName is null! 
21456      DEBUG Thread-7        d.u.i.k.l.l.OriginTermLabel commonFileName is null! 
21604      DEBUG Thread-7        d.u.i.k.l.l.OriginTermLabel commonFileName is null! 
21605      DEBUG Thread-7        d.u.i.k.l.l.OriginTermLabel commonFileName is null! 
21733      DEBUG Thread-7        d.u.i.k.l.l.OriginTermLabel commonFileName is null! 
21902      INFO  main            d.u.i.k.p.r.p.TestFile    ... finished proof: closed. 
22070      INFO  main            d.u.i.k.p.i.AbstractProblemLoader Loading environment from /home/runner/work/key/key/key.core/../key.ui/examples/heap/comprehensions/sum1.key.proof 
22071      DEBUG main            d.u.i.k.p.i.AbstractProblemLoader Environment load took 815.91ns 
22073      INFO  main            d.u.i.k.p.i.AbstractProblemLoader Creating init config 
24589      DEBUG main            d.u.i.k.p.i.AbstractProblemLoader Init config took 2.52s 
24639      INFO  main            d.u.i.k.p.i.AbstractProblemLoader Replaying proof Sum[Sum::sum1([I)].JML normal_behavior operation contract.0 
24673      DEBUG main            d.u.i.k.l.l.OriginTermLabel commonFileName is null! 
24674      DEBUG main            d.u.i.k.l.l.OriginTermLabel commonFileName is null! 
24725      DEBUG main            d.u.i.k.l.l.OriginTermLabel commonFileName is null! 
24760      DEBUG main            d.u.i.k.l.l.OriginTermLabel commonFileName is null! 
24761      DEBUG main            d.u.i.k.l.l.OriginTermLabel commonFileName is null! 
24764      DEBUG main            d.u.i.k.p.i.IntermediateProofReplayer Proof replay took 116.87ms 
24766      DEBUG main            d.u.i.k.p.r.p.TestFile    ... success: reloaded. 
24767      INFO  main            d.u.i.k.p.r.p.TestFile    Now processing file /home/runner/work/key/key/key.core/../key.ui/examples/heap/comprehensions/sum2.key 
24767      INFO  main            d.u.i.k.p.i.AbstractProblemLoader Loading environment from /home/runner/work/key/key/key.core/../key.ui/examples/heap/comprehensions/sum2.key 
24768      DEBUG main            d.u.i.k.p.i.AbstractProblemLoader Environment load took 343.4ns 
24769      INFO  main            d.u.i.k.p.i.AbstractProblemLoader Creating init config 
27370      DEBUG main            d.u.i.k.p.i.AbstractProblemLoader Init config took 2.6s 
27417      INFO  main            d.u.i.k.p.i.AbstractProblemLoader Replaying proof Sum[Sum::sum2([I)].JML normal_behavior operation contract.0 
27420      DEBUG main            d.u.i.k.p.i.IntermediateProofReplayer Proof replay took 7.1ns 
27466      DEBUG Thread-10       d.u.i.k.l.l.OriginTermLabel commonFileName is null! 
27467      DEBUG Thread-10       d.u.i.k.l.l.OriginTermLabel commonFileName is null! 
27581      DEBUG Thread-10       d.u.i.k.l.l.OriginTermLabel commonFileName is null! 
27582      DEBUG Thread-10       d.u.i.k.l.l.OriginTermLabel commonFileName is null! 
27665      DEBUG Thread-10       d.u.i.k.l.l.OriginTermLabel commonFileName is null! 
27823      INFO  main            d.u.i.k.p.r.p.TestFile    ... finished proof: closed. 
27997      INFO  main            d.u.i.k.p.i.AbstractProblemLoader Loading environment from /home/runner/work/key/key/key.core/../key.ui/examples/heap/comprehensions/sum2.key.proof 
27998      DEBUG main            d.u.i.k.p.i.AbstractProblemLoader Environment load took 835.91ns 
27999      INFO  main            d.u.i.k.p.i.AbstractProblemLoader Creating init config 
30512      DEBUG main            d.u.i.k.p.i.AbstractProblemLoader Init config took 2.51s 
30557      INFO  main            d.u.i.k.p.i.AbstractProblemLoader Replaying proof Sum[Sum::sum2([I)].JML normal_behavior operation contract.0 
30583      DEBUG main            d.u.i.k.l.l.OriginTermLabel commonFileName is null! 
30584      DEBUG main            d.u.i.k.l.l.OriginTermLabel commonFileName is null! 
30619      DEBUG main            d.u.i.k.l.l.OriginTermLabel commonFileName is null! 
30645      DEBUG main            d.u.i.k.l.l.OriginTermLabel commonFileName is null! 
30646      DEBUG main            d.u.i.k.l.l.OriginTermLabel commonFileName is null! 
30648      DEBUG main            d.u.i.k.p.i.IntermediateProofReplayer Proof replay took 86.67ms 
30649      DEBUG main            d.u.i.k.p.r.p.TestFile    ... success: reloaded. 
30651      INFO  main            d.u.i.k.p.r.p.TestFile    Now processing file /home/runner/work/key/key/key.core/../key.ui/examples/heap/comprehensions/sum3.key 
30652      INFO  main            d.u.i.k.p.i.AbstractProblemLoader Loading environment from /home/runner/work/key/key/key.core/../key.ui/examples/heap/comprehensions/sum3.key 
30652      DEBUG main            d.u.i.k.p.i.AbstractProblemLoader Environment load took 344.4ns 
30655      INFO  main            d.u.i.k.p.i.AbstractProblemLoader Creating init config 
33227      DEBUG main            d.u.i.k.p.i.AbstractProblemLoader Init config took 2.57s 
33273      INFO  main            d.u.i.k.p.i.AbstractProblemLoader Replaying proof Sum[Sum::sum3([I)].JML normal_behavior operation contract.0 
33275      DEBUG main            d.u.i.k.p.i.IntermediateProofReplayer Proof replay took 6.8ns 
33325      DEBUG Thread-13       d.u.i.k.l.l.OriginTermLabel commonFileName is null! 
33326      DEBUG Thread-13       d.u.i.k.l.l.OriginTermLabel commonFileName is null! 
33452      DEBUG Thread-13       d.u.i.k.l.l.OriginTermLabel commonFileName is null! 
33453      DEBUG Thread-13       d.u.i.k.l.l.OriginTermLabel commonFileName is null! 
33544      DEBUG Thread-13       d.u.i.k.l.l.OriginTermLabel commonFileName is null! 
33679      INFO  main            d.u.i.k.p.r.p.TestFile    ... finished proof: closed. 
33858      INFO  main            d.u.i.k.p.i.AbstractProblemLoader Loading environment from /home/runner/work/key/key/key.core/../key.ui/examples/heap/comprehensions/sum3.key.proof 
33858      DEBUG main            d.u.i.k.p.i.AbstractProblemLoader Environment load took 139.8ns 
33859      INFO  main            d.u.i.k.p.i.AbstractProblemLoader Creating init config 
36422      DEBUG main            d.u.i.k.p.i.AbstractProblemLoader Init config took 2.56s 
36464      INFO  main            d.u.i.k.p.i.AbstractProblemLoader Replaying proof Sum[Sum::sum3([I)].JML normal_behavior operation contract.0 
36491      DEBUG main            d.u.i.k.l.l.OriginTermLabel commonFileName is null! 
36491      DEBUG main            d.u.i.k.l.l.OriginTermLabel commonFileName is null! 
36541      DEBUG main            d.u.i.k.l.l.OriginTermLabel commonFileName is null! 
36563      DEBUG main            d.u.i.k.l.l.OriginTermLabel commonFileName is null! 
36564      DEBUG main            d.u.i.k.l.l.OriginTermLabel commonFileName is null! 
36565      DEBUG main            d.u.i.k.p.i.IntermediateProofReplayer Proof replay took 97.68ms 
36566      DEBUG main            d.u.i.k.p.r.p.TestFile    ... success: reloaded. 
36567      INFO  main            d.u.i.k.p.r.p.TestFile    Now processing file /home/runner/work/key/key/key.core/../key.ui/examples/heap/comprehensions/segsum.key 
36567      INFO  main            d.u.i.k.p.i.AbstractProblemLoader Loading environment from /home/runner/work/key/key/key.core/../key.ui/examples/heap/comprehensions/segsum.key 
36567      DEBUG main            d.u.i.k.p.i.AbstractProblemLoader Environment load took 65.4ns 
36568      INFO  main            d.u.i.k.p.i.AbstractProblemLoader Creating init config 
39177      DEBUG main            d.u.i.k.p.i.AbstractProblemLoader Init config took 2.61s 
39226      INFO  main            d.u.i.k.p.i.AbstractProblemLoader Replaying proof SegSum[SegSum::segSum([I,int,int)].JML normal_behavior operation contract.0 
39227      DEBUG main            d.u.i.k.p.i.IntermediateProofReplayer Proof replay took 7.3ns 
39734      INFO  main            d.u.i.k.p.r.p.TestFile    ... finished proof: closed. 
39922      INFO  main            d.u.i.k.p.i.AbstractProblemLoader Loading environment from /home/runner/work/key/key/key.core/../key.ui/examples/heap/comprehensions/segsum.key.proof 
39923      DEBUG main            d.u.i.k.p.i.AbstractProblemLoader Environment load took 137.1ns 
39927      INFO  main            d.u.i.k.p.i.AbstractProblemLoader Creating init config 
42383      DEBUG main            d.u.i.k.p.i.AbstractProblemLoader Init config took 2.46s 
42429      INFO  main            d.u.i.k.p.i.AbstractProblemLoader Replaying proof SegSum[SegSum::segSum([I,int,int)].JML normal_behavior operation contract.0 
42538      DEBUG main            d.u.i.k.p.i.IntermediateProofReplayer Proof replay took 103.46ms 
42540      DEBUG main            d.u.i.k.p.r.p.TestFile    ... success: reloaded. 
42541      INFO  main            d.u.i.k.p.r.p.TestFile    Now processing file /home/runner/work/key/key/key.core/../key.ui/examples/heap/comprehensions/bsum_negative.key 
42542      INFO  main            d.u.i.k.p.i.AbstractProblemLoader Loading environment from /home/runner/work/key/key/key.core/../key.ui/examples/heap/comprehensions/bsum_negative.key 
42542      DEBUG main            d.u.i.k.p.i.AbstractProblemLoader Environment load took 98.8ns 
42543      INFO  main            d.u.i.k.p.i.AbstractProblemLoader Creating init config 
44915      DEBUG main            d.u.i.k.p.i.AbstractProblemLoader Init config took 2.37s 
44936      INFO  main            d.u.i.k.p.i.AbstractProblemLoader Replaying proof bsum_negative.key 
44937      DEBUG main            d.u.i.k.p.i.IntermediateProofReplayer Proof replay took 7.7ns 
45040      INFO  main            d.u.i.k.p.r.p.TestFile    ... finished proof: closed. 
45209      INFO  main            d.u.i.k.p.i.AbstractProblemLoader Loading environment from /home/runner/work/key/key/key.core/../key.ui/examples/heap/comprehensions/bsum_negative.key.proof 
45209      DEBUG main            d.u.i.k.p.i.AbstractProblemLoader Environment load took 147.4ns 
45210      INFO  main            d.u.i.k.p.i.AbstractProblemLoader Creating init config 
47521      DEBUG main            d.u.i.k.p.i.AbstractProblemLoader Init config took 2.31s 
47539      INFO  main            d.u.i.k.p.i.AbstractProblemLoader Replaying proof bsum_negative.key.proof 
47543      DEBUG main            d.u.i.k.p.i.IntermediateProofReplayer Proof replay took 1.59ms 
47544      DEBUG main            d.u.i.k.p.r.p.TestFile    ... success: reloaded. 
47545      INFO  main            d.u.i.k.p.r.p.TestFile    Now processing file /home/runner/work/key/key/key.core/../key.ui/examples/heap/comprehensions/bsum_neg2.key 
47545      INFO  main            d.u.i.k.p.i.AbstractProblemLoader Loading environment from /home/runner/work/key/key/key.core/../key.ui/examples/heap/comprehensions/bsum_neg2.key 
47545      DEBUG main            d.u.i.k.p.i.AbstractProblemLoader Environment load took 205.4ns 
47547      INFO  main            d.u.i.k.p.i.AbstractProblemLoader Creating init config 
49918      DEBUG main            d.u.i.k.p.i.AbstractProblemLoader Init config took 2.37s 
49936      INFO  main            d.u.i.k.p.i.AbstractProblemLoader Replaying proof bsum_neg2.key 
49937      DEBUG main            d.u.i.k.p.i.IntermediateProofReplayer Proof replay took 6ns 
50040      INFO  main            d.u.i.k.p.r.p.TestFile    ... finished proof: closed. 
50216      INFO  main            d.u.i.k.p.i.AbstractProblemLoader Loading environment from /home/runner/work/key/key/key.core/../key.ui/examples/heap/comprehensions/bsum_neg2.key.proof 
50216      DEBUG main            d.u.i.k.p.i.AbstractProblemLoader Environment load took 136.4ns 
50218      INFO  main            d.u.i.k.p.i.AbstractProblemLoader Creating init config 
52527      DEBUG main            d.u.i.k.p.i.AbstractProblemLoader Init config took 2.31s 
52545      INFO  main            d.u.i.k.p.i.AbstractProblemLoader Replaying proof bsum_neg2.key.proof 
52547      DEBUG main            d.u.i.k.p.i.IntermediateProofReplayer Proof replay took 995.11ns 
52548      DEBUG main            d.u.i.k.p.r.p.TestFile    ... success: reloaded. 
52548      INFO  main            d.u.i.k.p.r.p.TestFile    Now processing file /home/runner/work/key/key/key.core/../key.ui/examples/heap/comprehensions/bsumSplit.key 
52549      INFO  main            d.u.i.k.p.i.AbstractProblemLoader Loading environment from /home/runner/work/key/key/key.core/../key.ui/examples/heap/comprehensions/bsumSplit.key 
52549      DEBUG main            d.u.i.k.p.i.AbstractProblemLoader Environment load took 64.3ns 
52551      INFO  main            d.u.i.k.p.i.AbstractProblemLoader Creating init config 
54937      DEBUG main            d.u.i.k.p.i.AbstractProblemLoader Init config took 2.39s 
54955      INFO  main            d.u.i.k.p.i.AbstractProblemLoader Replaying proof bsumSplit.key 
54957      DEBUG main            d.u.i.k.p.i.IntermediateProofReplayer Proof replay took 6.2ns 
55060      INFO  main            d.u.i.k.p.r.p.TestFile    ... finished proof: closed. 
55257      INFO  main            d.u.i.k.p.i.AbstractProblemLoader Loading environment from /home/runner/work/key/key/key.core/../key.ui/examples/heap/comprehensions/bsumSplit.key.proof 
55258      DEBUG main            d.u.i.k.p.i.AbstractProblemLoader Environment load took 137.8ns 
55259      INFO  main            d.u.i.k.p.i.AbstractProblemLoader Creating init config 
57588      DEBUG main            d.u.i.k.p.i.AbstractProblemLoader Init config took 2.33s 
57605      INFO  main            d.u.i.k.p.i.AbstractProblemLoader Replaying proof bsumSplit.key.proof 
57611      DEBUG main            d.u.i.k.p.i.IntermediateProofReplayer Proof replay took 3.9ms 
57612      DEBUG main            d.u.i.k.p.r.p.TestFile    ... success: reloaded. 
57613      INFO  main            d.u.i.k.p.r.p.TestFile    Now processing file /home/runner/work/key/key/key.core/../key.ui/examples/heap/comprehensions/bprodSplit.key 
57614      INFO  main            d.u.i.k.p.i.AbstractProblemLoader Loading environment from /home/runner/work/key/key/key.core/../key.ui/examples/heap/comprehensions/bprodSplit.key 
57614      DEBUG main            d.u.i.k.p.i.AbstractProblemLoader Environment load took 696.91ns 
57616      INFO  main            d.u.i.k.p.i.AbstractProblemLoader Creating init config 
59964      DEBUG main            d.u.i.k.p.i.AbstractProblemLoader Init config took 2.35s 
59981      INFO  main            d.u.i.k.p.i.AbstractProblemLoader Replaying proof bprodSplit.key 
59982      DEBUG main            d.u.i.k.p.i.IntermediateProofReplayer Proof replay took 7.2ns 
60093      INFO  main            d.u.i.k.p.r.p.TestFile    ... finished proof: closed. 
60284      INFO  main            d.u.i.k.p.i.AbstractProblemLoader Loading environment from /home/runner/work/key/key/key.core/../key.ui/examples/heap/comprehensions/bprodSplit.key.proof 
60285      DEBUG main            d.u.i.k.p.i.AbstractProblemLoader Environment load took 148.2ns 
60286      INFO  main            d.u.i.k.p.i.AbstractProblemLoader Creating init config 
62596      DEBUG main            d.u.i.k.p.i.AbstractProblemLoader Init config took 2.31s 
62614      INFO  main            d.u.i.k.p.i.AbstractProblemLoader Replaying proof bprodSplit.key.proof 
62620      DEBUG main            d.u.i.k.p.i.IntermediateProofReplayer Proof replay took 3.01ms 
62621      DEBUG main            d.u.i.k.p.r.p.TestFile    ... success: reloaded. 
62622      INFO  main            d.u.i.k.p.r.p.TestFile    Now processing file /home/runner/work/key/key/key.core/../key.ui/examples/heap/comprehensions/bsumSplitInvalid.key 
62622      INFO  main            d.u.i.k.p.i.AbstractProblemLoader Loading environment from /home/runner/work/key/key/key.core/../key.ui/examples/heap/comprehensions/bsumSplitInvalid.key 
62623      DEBUG main            d.u.i.k.p.i.AbstractProblemLoader Environment load took 315.7ns 
62624      INFO  main            d.u.i.k.p.i.AbstractProblemLoader Creating init config 
64970      DEBUG main            d.u.i.k.p.i.AbstractProblemLoader Init config took 2.35s 
64986      INFO  main            d.u.i.k.p.i.AbstractProblemLoader Replaying proof bsumSplitInvalid.key 
64988      DEBUG main            d.u.i.k.p.i.IntermediateProofReplayer Proof replay took 6.6ns 
65093      INFO  main            d.u.i.k.p.r.p.TestFile    ... finished proof: open goal(s) 
158710     INFO  Test worker     d.u.i.k.p.r.RunAllProofsTestUnit Returning from test comprehensions 
158712     INFO  Test worker     d.u.i.k.p.r.RunAllProofsTestUnit Running test performance 
352        INFO  Timeout watchdog d.u.i.k.p.r.p.ForkedTestFileRunner Timeout watcher launched (2000 secs.) 
365        WARN  main            d.u.i.k.s.ProofSettings   The settings in /home/runner/.key/proof-settings.props are *not* read. 
394        INFO  main            d.u.i.k.p.r.p.TestFile    Now processing file /home/runner/work/key/key/key.core/../key.ui/examples/performance-test/Disjoint(Disjoint__disjoint_08()).JML_operation_contract.0.key 
504        INFO  main            d.u.i.k.p.i.AbstractProblemLoader Loading environment from /home/runner/work/key/key/key.core/../key.ui/examples/performance-test/Disjoint(Disjoint__disjoint_08()).JML_operation_contract.0.key 
528        DEBUG main            d.u.i.k.p.i.AbstractProblemLoader Environment load took 2.53ms 
766        INFO  main            d.u.i.k.p.i.AbstractProblemLoader Creating init config 
1790       DEBUG main            d.u.i.k.j.TypeConverter   No LDT found for Meta 
1791       DEBUG main            d.u.i.k.j.TypeConverter   No LDT found for Meta 
1795       DEBUG main            d.u.i.k.j.TypeConverter   No LDT found for Meta 
1795       DEBUG main            d.u.i.k.j.TypeConverter   No LDT found for Meta 
2981       DEBUG main            d.u.i.k.j.TypeConverter   No LDT found for JavaBigintExpression 
8706       DEBUG main            d.u.i.k.j.r.ClassPreparationMethodBuilder clPrepBuilder: Inner Class detected. Reject building class initialisation methods. 
17370      DEBUG main            d.u.i.k.p.i.AbstractProblemLoader Init config took 16.6s 
17565      INFO  main            d.u.i.k.p.i.AbstractProblemLoader Replaying proof Disjoint[Disjoint::disjoint_8()].JML operation contract.0 
17639      DEBUG main            d.u.i.k.p.i.IntermediateProofReplayer Proof replay took 395.21ns 
20290      INFO  main            d.u.i.k.p.r.p.TestFile    ... finished proof: closed. 
20544      INFO  main            d.u.i.k.p.i.AbstractProblemLoader Loading environment from /home/runner/work/key/key/key.core/../key.ui/examples/performance-test/Disjoint(Disjoint__disjoint_08()).JML_operation_contract.0.key.proof 
20551      DEBUG main            d.u.i.k.p.i.AbstractProblemLoader Environment load took 6.31ms 
20554      INFO  main            d.u.i.k.p.i.AbstractProblemLoader Creating init config 
23780      DEBUG main            d.u.i.k.j.r.ClassPreparationMethodBuilder clPrepBuilder: Inner Class detected. Reject building class initialisation methods. 
31065      DEBUG main            d.u.i.k.p.i.AbstractProblemLoader Init config took 10.51s 
31208      INFO  main            d.u.i.k.p.i.AbstractProblemLoader Replaying proof Disjoint[Disjoint::disjoint_8()].JML operation contract.0 
31537      DEBUG main            d.u.i.k.p.i.IntermediateProofReplayer Proof replay took 316.07ms 
31546      DEBUG main            d.u.i.k.p.r.p.TestFile    ... success: reloaded. 
31549      INFO  main            d.u.i.k.p.r.p.TestFile    Now processing file /home/runner/work/key/key/key.core/../key.ui/examples/performance-test/Disjoint(Disjoint__disjoint2_08()).JML_operation_contract.0.key 
31549      INFO  main            d.u.i.k.p.i.AbstractProblemLoader Loading environment from /home/runner/work/key/key/key.core/../key.ui/examples/performance-test/Disjoint(Disjoint__disjoint2_08()).JML_operation_contract.0.key 
31550      DEBUG main            d.u.i.k.p.i.AbstractProblemLoader Environment load took 350.4ns 
31551      INFO  main            d.u.i.k.p.i.AbstractProblemLoader Creating init config 
34751      DEBUG main            d.u.i.k.j.r.ClassPreparationMethodBuilder clPrepBuilder: Inner Class detected. Reject building class initialisation methods. 
41919      DEBUG main            d.u.i.k.p.i.AbstractProblemLoader Init config took 10.37s 
42023      INFO  main            d.u.i.k.p.i.AbstractProblemLoader Replaying proof Disjoint[Disjoint::disjoint2_8()].JML operation contract.0 
42027      DEBUG main            d.u.i.k.p.i.IntermediateProofReplayer Proof replay took 22.2ns 
42932      INFO  main            d.u.i.k.p.r.p.TestFile    ... finished proof: closed. 
43219      INFO  main            d.u.i.k.p.i.AbstractProblemLoader Loading environment from /home/runner/work/key/key/key.core/../key.ui/examples/performance-test/Disjoint(Disjoint__disjoint2_08()).JML_operation_contract.0.key.proof 
43219      DEBUG main            d.u.i.k.p.i.AbstractProblemLoader Environment load took 144.5ns 
43221      INFO  main            d.u.i.k.p.i.AbstractProblemLoader Creating init config 
46316      DEBUG main            d.u.i.k.j.r.ClassPreparationMethodBuilder clPrepBuilder: Inner Class detected. Reject building class initialisation methods. 
53442      DEBUG main            d.u.i.k.p.i.AbstractProblemLoader Init config took 10.22s 
53568      INFO  main            d.u.i.k.p.i.AbstractProblemLoader Replaying proof Disjoint[Disjoint::disjoint2_8()].JML operation contract.0 
53660      DEBUG main            d.u.i.k.p.i.IntermediateProofReplayer Proof replay took 87.49ms 
53661      DEBUG main            d.u.i.k.p.r.p.TestFile    ... success: reloaded. 
53663      INFO  main            d.u.i.k.p.r.p.TestFile    Now processing file /home/runner/work/key/key/key.core/../key.ui/examples/performance-test/AccessChain1(AccessChain1__foo_08()).JML_operation_contract.0.key 
53663      INFO  main            d.u.i.k.p.i.AbstractProblemLoader Loading environment from /home/runner/work/key/key/key.core/../key.ui/examples/performance-test/AccessChain1(AccessChain1__foo_08()).JML_operation_contract.0.key 
53663      DEBUG main            d.u.i.k.p.i.AbstractProblemLoader Environment load took 60ns 
53664      INFO  main            d.u.i.k.p.i.AbstractProblemLoader Creating init config 
56721      DEBUG main            d.u.i.k.j.r.ClassPreparationMethodBuilder clPrepBuilder: Inner Class detected. Reject building class initialisation methods. 
63815      DEBUG main            d.u.i.k.p.i.AbstractProblemLoader Init config took 10.15s 
63908      INFO  main            d.u.i.k.p.i.AbstractProblemLoader Replaying proof AccessChain1[AccessChain1::foo_8()].JML operation contract.0 
63910      DEBUG main            d.u.i.k.p.i.IntermediateProofReplayer Proof replay took 11.3ns 
66566      INFO  main            d.u.i.k.p.r.p.TestFile    ... finished proof: closed. 
66928      INFO  main            d.u.i.k.p.i.AbstractProblemLoader Loading environment from /home/runner/work/key/key/key.core/../key.ui/examples/performance-test/AccessChain1(AccessChain1__foo_08()).JML_operation_contract.0.key.proof 
66933      DEBUG main            d.u.i.k.p.i.AbstractProblemLoader Environment load took 4.69ms 
66936      INFO  main            d.u.i.k.p.i.AbstractProblemLoader Creating init config 
69936      DEBUG main            d.u.i.k.j.r.ClassPreparationMethodBuilder clPrepBuilder: Inner Class detected. Reject building class initialisation methods. 
76991      DEBUG main            d.u.i.k.p.i.AbstractProblemLoader Init config took 10.05s 
77083      INFO  main            d.u.i.k.p.i.AbstractProblemLoader Replaying proof AccessChain1[AccessChain1::foo_8()].JML operation contract.0 
77602      DEBUG main            d.u.i.k.p.i.IntermediateProofReplayer Proof replay took 503.82ms 
77611      DEBUG main            d.u.i.k.p.r.p.TestFile    ... success: reloaded. 
77614      INFO  main            d.u.i.k.p.r.p.TestFile    Now processing file /home/runner/work/key/key/key.core/../key.ui/examples/performance-test/AccessChain4(AccessChain4__foo_08()).JML_operation_contract.0.key 
77615      INFO  main            d.u.i.k.p.i.AbstractProblemLoader Loading environment from /home/runner/work/key/key/key.core/../key.ui/examples/performance-test/AccessChain4(AccessChain4__foo_08()).JML_operation_contract.0.key 
77616      DEBUG main            d.u.i.k.p.i.AbstractProblemLoader Environment load took 91.8ns 
77618      INFO  main            d.u.i.k.p.i.AbstractProblemLoader Creating init config 
80768      DEBUG main            d.u.i.k.j.r.ClassPreparationMethodBuilder clPrepBuilder: Inner Class detected. Reject building class initialisation methods. 
87834      DEBUG main            d.u.i.k.p.i.AbstractProblemLoader Init config took 10.22s 
87924      INFO  main            d.u.i.k.p.i.AbstractProblemLoader Replaying proof AccessChain4[AccessChain4::foo_8()].JML operation contract.0 
87926      DEBUG main            d.u.i.k.p.i.IntermediateProofReplayer Proof replay took 12.5ns 
94160      INFO  main            d.u.i.k.p.r.p.TestFile    ... finished proof: closed. 
94551      INFO  main            d.u.i.k.p.i.AbstractProblemLoader Loading environment from /home/runner/work/key/key/key.core/../key.ui/examples/performance-test/AccessChain4(AccessChain4__foo_08()).JML_operation_contract.0.key.proof 
94556      DEBUG main            d.u.i.k.p.i.AbstractProblemLoader Environment load took 5.19ms 
94559      INFO  main            d.u.i.k.p.i.AbstractProblemLoader Creating init config 
97517      DEBUG main            d.u.i.k.j.r.ClassPreparationMethodBuilder clPrepBuilder: Inner Class detected. Reject building class initialisation methods. 
104597     DEBUG main            d.u.i.k.p.i.AbstractProblemLoader Init config took 10.04s 
104686     INFO  main            d.u.i.k.p.i.AbstractProblemLoader Replaying proof AccessChain4[AccessChain4::foo_8()].JML operation contract.0 
105673     DEBUG main            d.u.i.k.p.i.IntermediateProofReplayer Proof replay took 956.86ms 
105676     DEBUG main            d.u.i.k.p.r.p.TestFile    ... success: reloaded. 
105678     INFO  main            d.u.i.k.p.r.p.TestFile    Now processing file /home/runner/work/key/key/key.core/../key.ui/examples/performance-test/Disjoint(Disjoint__xZero_08()).JML_operation_contract.0.key 
105679     INFO  main            d.u.i.k.p.i.AbstractProblemLoader Loading environment from /home/runner/work/key/key/key.core/../key.ui/examples/performance-test/Disjoint(Disjoint__xZero_08()).JML_operation_contract.0.key 
105679     DEBUG main            d.u.i.k.p.i.AbstractProblemLoader Environment load took 326.1ns 
105680     INFO  main            d.u.i.k.p.i.AbstractProblemLoader Creating init config 
108823     DEBUG main            d.u.i.k.j.r.ClassPreparationMethodBuilder clPrepBuilder: Inner Class detected. Reject building class initialisation methods. 
115888     DEBUG main            d.u.i.k.p.i.AbstractProblemLoader Init config took 10.21s 
115977     INFO  main            d.u.i.k.p.i.AbstractProblemLoader Replaying proof Disjoint[Disjoint::xZero_8()].JML operation contract.0 
115979     DEBUG main            d.u.i.k.p.i.IntermediateProofReplayer Proof replay took 11.7ns 
116986     INFO  main            d.u.i.k.p.r.p.TestFile    ... finished proof: closed. 
117364     INFO  main            d.u.i.k.p.i.AbstractProblemLoader Loading environment from /home/runner/work/key/key/key.core/../key.ui/examples/performance-test/Disjoint(Disjoint__xZero_08()).JML_operation_contract.0.key.proof 
117365     DEBUG main            d.u.i.k.p.i.AbstractProblemLoader Environment load took 728.21ns 
117366     INFO  main            d.u.i.k.p.i.AbstractProblemLoader Creating init config 
120319     DEBUG main            d.u.i.k.j.r.ClassPreparationMethodBuilder clPrepBuilder: Inner Class detected. Reject building class initialisation methods. 
127306     DEBUG main            d.u.i.k.p.i.AbstractProblemLoader Init config took 9.94s 
127393     INFO  main            d.u.i.k.p.i.AbstractProblemLoader Replaying proof Disjoint[Disjoint::xZero_8()].JML operation contract.0 
127592     DEBUG main            d.u.i.k.p.i.IntermediateProofReplayer Proof replay took 191.01ms 
127594     DEBUG main            d.u.i.k.p.r.p.TestFile    ... success: reloaded. 
127595     INFO  main            d.u.i.k.p.r.p.TestFile    Now processing file /home/runner/work/key/key/key.core/../key.ui/examples/performance-test/Dynamic(Dynamic__foo_08()).JML_operation_contract.0.key 
127596     INFO  main            d.u.i.k.p.i.AbstractProblemLoader Loading environment from /home/runner/work/key/key/key.core/../key.ui/examples/performance-test/Dynamic(Dynamic__foo_08()).JML_operation_contract.0.key 
127596     DEBUG main            d.u.i.k.p.i.AbstractProblemLoader Environment load took 304.2ns 
127597     INFO  main            d.u.i.k.p.i.AbstractProblemLoader Creating init config 
130720     DEBUG main            d.u.i.k.j.r.ClassPreparationMethodBuilder clPrepBuilder: Inner Class detected. Reject building class initialisation methods. 
137726     DEBUG main            d.u.i.k.p.i.AbstractProblemLoader Init config took 10.13s 
137824     INFO  main            d.u.i.k.p.i.AbstractProblemLoader Replaying proof Dynamic[Dynamic::foo_8()].JML operation contract.0 
137827     DEBUG main            d.u.i.k.p.i.IntermediateProofReplayer Proof replay took 14ns 
143488     INFO  main            d.u.i.k.p.r.p.TestFile    ... finished proof: closed. 
143908     INFO  main            d.u.i.k.p.i.AbstractProblemLoader Loading environment from /home/runner/work/key/key/key.core/../key.ui/examples/performance-test/Dynamic(Dynamic__foo_08()).JML_operation_contract.0.key.proof 
143908     DEBUG main            d.u.i.k.p.i.AbstractProblemLoader Environment load took 266.6ns 
143912     INFO  main            d.u.i.k.p.i.AbstractProblemLoader Creating init config 
146884     DEBUG main            d.u.i.k.j.r.ClassPreparationMethodBuilder clPrepBuilder: Inner Class detected. Reject building class initialisation methods. 
153876     DEBUG main            d.u.i.k.p.i.AbstractProblemLoader Init config took 9.96s 
153962     INFO  main            d.u.i.k.p.i.AbstractProblemLoader Replaying proof Dynamic[Dynamic::foo_8()].JML operation contract.0 
154552     DEBUG main            d.u.i.k.p.i.IntermediateProofReplayer Proof replay took 567.96ms 
154555     DEBUG main            d.u.i.k.p.r.p.TestFile    ... success: reloaded. 
154557     INFO  main            d.u.i.k.p.r.p.TestFile    Now processing file /home/runner/work/key/key/key.core/../key.ui/examples/performance-test/DynamicGhost(DynamicGhost__dynamicGhost_08()).JML_normal_behavior_operation_contract.0.key 
154557     INFO  main            d.u.i.k.p.i.AbstractProblemLoader Loading environment from /home/runner/work/key/key/key.core/../key.ui/examples/performance-test/DynamicGhost(DynamicGhost__dynamicGhost_08()).JML_normal_behavior_operation_contract.0.key 
154558     DEBUG main            d.u.i.k.p.i.AbstractProblemLoader Environment load took 308.73ns 
154559     INFO  main            d.u.i.k.p.i.AbstractProblemLoader Creating init config 
157649     DEBUG main            d.u.i.k.j.r.ClassPreparationMethodBuilder clPrepBuilder: Inner Class detected. Reject building class initialisation methods. 
164667     DEBUG main            d.u.i.k.p.i.AbstractProblemLoader Init config took 10.11s 
164767     INFO  main            d.u.i.k.p.i.AbstractProblemLoader Replaying proof DynamicGhost[DynamicGhost::dynamicGhost_8()].JML normal_behavior operation contract.0 
164770     DEBUG main            d.u.i.k.p.i.IntermediateProofReplayer Proof replay took 12.8ns 
169200     INFO  main            d.u.i.k.p.r.p.TestFile    ... finished proof: closed. 
169644     INFO  main            d.u.i.k.p.i.AbstractProblemLoader Loading environment from /home/runner/work/key/key/key.core/../key.ui/examples/performance-test/DynamicGhost(DynamicGhost__dynamicGhost_08()).JML_normal_behavior_operation_contract.0.key.proof 
169644     DEBUG main            d.u.i.k.p.i.AbstractProblemLoader Environment load took 677.21ns 
169647     INFO  main            d.u.i.k.p.i.AbstractProblemLoader Creating init config 
172612     DEBUG main            d.u.i.k.j.r.ClassPreparationMethodBuilder clPrepBuilder: Inner Class detected. Reject building class initialisation methods. 
179679     DEBUG main            d.u.i.k.p.i.AbstractProblemLoader Init config took 10.03s 
179767     INFO  main            d.u.i.k.p.i.AbstractProblemLoader Replaying proof DynamicGhost[DynamicGhost::dynamicGhost_8()].JML normal_behavior operation contract.0 
180341     DEBUG main            d.u.i.k.p.i.IntermediateProofReplayer Proof replay took 553.81ms 
180344     DEBUG main            d.u.i.k.p.r.p.TestFile    ... success: reloaded. 
180345     INFO  main            d.u.i.k.p.r.p.TestFile    Now processing file /home/runner/work/key/key/key.core/../key.ui/examples/performance-test/GhostFrame(GhostFrame__foo_08()).JML_operation_contract.0.key 
180346     INFO  main            d.u.i.k.p.i.AbstractProblemLoader Loading environment from /home/runner/work/key/key/key.core/../key.ui/examples/performance-test/GhostFrame(GhostFrame__foo_08()).JML_operation_contract.0.key 
180346     DEBUG main            d.u.i.k.p.i.AbstractProblemLoader Environment load took 396.61ns 
180357     INFO  main            d.u.i.k.p.i.AbstractProblemLoader Creating init config 
183487     DEBUG main            d.u.i.k.j.r.ClassPreparationMethodBuilder clPrepBuilder: Inner Class detected. Reject building class initialisation methods. 
190567     DEBUG main            d.u.i.k.p.i.AbstractProblemLoader Init config took 10.21s 
190652     INFO  main            d.u.i.k.p.i.AbstractProblemLoader Replaying proof GhostFrame[GhostFrame::foo_8()].JML operation contract.0 
190654     DEBUG main            d.u.i.k.p.i.IntermediateProofReplayer Proof replay took 14.2ns 
192664     INFO  main            d.u.i.k.p.r.p.TestFile    ... finished proof: closed. 
193139     INFO  main            d.u.i.k.p.i.AbstractProblemLoader Loading environment from /home/runner/work/key/key/key.core/../key.ui/examples/performance-test/GhostFrame(GhostFrame__foo_08()).JML_operation_contract.0.key.proof 
193140     DEBUG main            d.u.i.k.p.i.AbstractProblemLoader Environment load took 674.91ns 
193142     INFO  main            d.u.i.k.p.i.AbstractProblemLoader Creating init config 
196120     DEBUG main            d.u.i.k.j.r.ClassPreparationMethodBuilder clPrepBuilder: Inner Class detected. Reject building class initialisation methods. 
203166     DEBUG main            d.u.i.k.p.i.AbstractProblemLoader Init config took 10.02s 
203252     INFO  main            d.u.i.k.p.i.AbstractProblemLoader Replaying proof GhostFrame[GhostFrame::foo_8()].JML operation contract.0 
203604     DEBUG main            d.u.i.k.p.i.IntermediateProofReplayer Proof replay took 343.4ms 
203606     DEBUG main            d.u.i.k.p.r.p.TestFile    ... success: reloaded. 
203607     INFO  main            d.u.i.k.p.r.p.TestFile    Now processing file /home/runner/work/key/key/key.core/../key.ui/examples/performance-test/Modelfield(Modelfield__foo_08()).JML_operation_contract.0.key 
203607     INFO  main            d.u.i.k.p.i.AbstractProblemLoader Loading environment from /home/runner/work/key/key/key.core/../key.ui/examples/performance-test/Modelfield(Modelfield__foo_08()).JML_operation_contract.0.key 
203608     DEBUG main            d.u.i.k.p.i.AbstractProblemLoader Environment load took 126.1ns 
203609     INFO  main            d.u.i.k.p.i.AbstractProblemLoader Creating init config 
206670     DEBUG main            d.u.i.k.j.r.ClassPreparationMethodBuilder clPrepBuilder: Inner Class detected. Reject building class initialisation methods. 
213717     DEBUG main            d.u.i.k.p.i.AbstractProblemLoader Init config took 10.11s 
213803     INFO  main            d.u.i.k.p.i.AbstractProblemLoader Replaying proof Modelfield[Modelfield::foo_8()].JML operation contract.0 
213805     DEBUG main            d.u.i.k.p.i.IntermediateProofReplayer Proof replay took 7.1ns 
217015     INFO  main            d.u.i.k.p.r.p.TestFile    ... finished proof: closed. 
217484     INFO  main            d.u.i.k.p.i.AbstractProblemLoader Loading environment from /home/runner/work/key/key/key.core/../key.ui/examples/performance-test/Modelfield(Modelfield__foo_08()).JML_operation_contract.0.key.proof 
217485     DEBUG main            d.u.i.k.p.i.AbstractProblemLoader Environment load took 665.81ns 
217487     INFO  main            d.u.i.k.p.i.AbstractProblemLoader Creating init config 
220421     DEBUG main            d.u.i.k.j.r.ClassPreparationMethodBuilder clPrepBuilder: Inner Class detected. Reject building class initialisation methods. 
227419     DEBUG main            d.u.i.k.p.i.AbstractProblemLoader Init config took 9.93s 
227503     INFO  main            d.u.i.k.p.i.AbstractProblemLoader Replaying proof Modelfield[Modelfield::foo_8()].JML operation contract.0 
227912     DEBUG main            d.u.i.k.p.i.IntermediateProofReplayer Proof replay took 396.93ms 
227914     DEBUG main            d.u.i.k.p.r.p.TestFile    ... success: reloaded. 
386804     INFO  Test worker     d.u.i.k.p.r.RunAllProofsTestUnit Returning from test performance 
386811     INFO  Test worker     d.u.i.k.p.r.RunAllProofsTestUnit Running test performancePOConstruction 
369        INFO  Timeout watchdog d.u.i.k.p.r.p.ForkedTestFileRunner Timeout watcher launched (2000 secs.) 
384        WARN  main            d.u.i.k.s.ProofSettings   The settings in /home/runner/.key/proof-settings.props are *not* read. 
433        INFO  main            d.u.i.k.p.r.p.TestFile    Now processing file /home/runner/work/key/key/key.core/../key.ui/examples/performance-test/Test(Test__a0(int)).JML_normal_behavior_operation_contract.0.key 
550        INFO  main            d.u.i.k.p.i.AbstractProblemLoader Loading environment from /home/runner/work/key/key/key.core/../key.ui/examples/performance-test/Test(Test__a0(int)).JML_normal_behavior_operation_contract.0.key 
567        DEBUG main            d.u.i.k.p.i.AbstractProblemLoader Environment load took 2.86ms 
800        INFO  main            d.u.i.k.p.i.AbstractProblemLoader Creating init config 
1809       DEBUG main            d.u.i.k.j.TypeConverter   No LDT found for Meta 
1809       DEBUG main            d.u.i.k.j.TypeConverter   No LDT found for Meta 
1812       DEBUG main            d.u.i.k.j.TypeConverter   No LDT found for Meta 
1812       DEBUG main            d.u.i.k.j.TypeConverter   No LDT found for Meta 
3200       DEBUG main            d.u.i.k.j.TypeConverter   No LDT found for JavaBigintExpression 
8415       DEBUG main            d.u.i.k.j.r.ClassPreparationMethodBuilder clPrepBuilder: Inner Class detected. Reject building class initialisation methods. 
16308      DEBUG main            d.u.i.k.p.i.AbstractProblemLoader Init config took 15.51s 
17469      INFO  main            d.u.i.k.p.i.AbstractProblemLoader Replaying proof Test[Test::a0(int)].JML normal_behavior operation contract.0 
17554      DEBUG main            d.u.i.k.p.i.IntermediateProofReplayer Proof replay took 37.6ns 
17907      INFO  main            d.u.i.k.p.r.p.TestFile    ... finished proof: closed. 
18071      INFO  main            d.u.i.k.p.i.AbstractProblemLoader Loading environment from /home/runner/work/key/key/key.core/../key.ui/examples/performance-test/Test(Test__a0(int)).JML_normal_behavior_operation_contract.0.key.proof 
18072      DEBUG main            d.u.i.k.p.i.AbstractProblemLoader Environment load took 156.5ns 
18074      INFO  main            d.u.i.k.p.i.AbstractProblemLoader Creating init config 
21231      DEBUG main            d.u.i.k.j.r.ClassPreparationMethodBuilder clPrepBuilder: Inner Class detected. Reject building class initialisation methods. 
28343      DEBUG main            d.u.i.k.p.i.AbstractProblemLoader Init config took 10.27s 
29243      INFO  main            d.u.i.k.p.i.AbstractProblemLoader Replaying proof Test[Test::a0(int)].JML normal_behavior operation contract.0 
29269      DEBUG main            d.u.i.k.p.i.IntermediateProofReplayer Proof replay took 20.7ms 
29277      DEBUG main            d.u.i.k.p.r.p.TestFile    ... success: reloaded. 
29279      INFO  main            d.u.i.k.p.r.p.TestFile    Now processing file /home/runner/work/key/key/key.core/../key.ui/examples/performance-test/Test(Test__a1(int)).JML_normal_behavior_operation_contract.0.key 
29279      INFO  main            d.u.i.k.p.i.AbstractProblemLoader Loading environment from /home/runner/work/key/key/key.core/../key.ui/examples/performance-test/Test(Test__a1(int)).JML_normal_behavior_operation_contract.0.key 
29279      DEBUG main            d.u.i.k.p.i.AbstractProblemLoader Environment load took 268.9ns 
29281      INFO  main            d.u.i.k.p.i.AbstractProblemLoader Creating init config 
32307      DEBUG main            d.u.i.k.j.r.ClassPreparationMethodBuilder clPrepBuilder: Inner Class detected. Reject building class initialisation methods. 
39281      DEBUG main            d.u.i.k.p.i.AbstractProblemLoader Init config took 10s 
40192      INFO  main            d.u.i.k.p.i.AbstractProblemLoader Replaying proof Test[Test::a1(int)].JML normal_behavior operation contract.0 
40194      DEBUG main            d.u.i.k.p.i.IntermediateProofReplayer Proof replay took 7.3ns 
40599      INFO  main            d.u.i.k.p.r.p.TestFile    ... finished proof: closed. 
40918      INFO  main            d.u.i.k.p.i.AbstractProblemLoader Loading environment from /home/runner/work/key/key/key.core/../key.ui/examples/performance-test/Test(Test__a1(int)).JML_normal_behavior_operation_contract.0.key.proof 
40921      DEBUG main            d.u.i.k.p.i.AbstractProblemLoader Environment load took 2.07ms 
40922      INFO  main            d.u.i.k.p.i.AbstractProblemLoader Creating init config 
43888      DEBUG main            d.u.i.k.j.r.ClassPreparationMethodBuilder clPrepBuilder: Inner Class detected. Reject building class initialisation methods. 
50753      DEBUG main            d.u.i.k.p.i.AbstractProblemLoader Init config took 9.83s 
51648      INFO  main            d.u.i.k.p.i.AbstractProblemLoader Replaying proof Test[Test::a1(int)].JML normal_behavior operation contract.0 
51780      DEBUG main            d.u.i.k.p.i.IntermediateProofReplayer Proof replay took 128.21ms 
51785      DEBUG main            d.u.i.k.p.r.p.TestFile    ... success: reloaded. 
51788      INFO  main            d.u.i.k.p.r.p.TestFile    Now processing file /home/runner/work/key/key/key.core/../key.ui/examples/performance-test/Test(Test__f1(int)).JML_normal_behavior_operation_contract.0.key 
51792      INFO  main            d.u.i.k.p.i.AbstractProblemLoader Loading environment from /home/runner/work/key/key/key.core/../key.ui/examples/performance-test/Test(Test__f1(int)).JML_normal_behavior_operation_contract.0.key 
51792      DEBUG main            d.u.i.k.p.i.AbstractProblemLoader Environment load took 394.71ns 
51797      INFO  main            d.u.i.k.p.i.AbstractProblemLoader Creating init config 
54688      DEBUG main            d.u.i.k.j.r.ClassPreparationMethodBuilder clPrepBuilder: Inner Class detected. Reject building class initialisation methods. 
61502      DEBUG main            d.u.i.k.p.i.AbstractProblemLoader Init config took 9.71s 
62391      INFO  main            d.u.i.k.p.i.AbstractProblemLoader Replaying proof Test[Test::f1(int)].JML normal_behavior operation contract.0 
62393      DEBUG main            d.u.i.k.p.i.IntermediateProofReplayer Proof replay took 6.6ns 
62598      INFO  main            d.u.i.k.p.r.p.TestFile    ... finished proof: closed. 
62921      INFO  main            d.u.i.k.p.i.AbstractProblemLoader Loading environment from /home/runner/work/key/key/key.core/../key.ui/examples/performance-test/Test(Test__f1(int)).JML_normal_behavior_operation_contract.0.key.proof 
62922      DEBUG main            d.u.i.k.p.i.AbstractProblemLoader Environment load took 589.7ns 
62923      INFO  main            d.u.i.k.p.i.AbstractProblemLoader Creating init config 
65743      DEBUG main            d.u.i.k.j.r.ClassPreparationMethodBuilder clPrepBuilder: Inner Class detected. Reject building class initialisation methods. 
72505      DEBUG main            d.u.i.k.p.i.AbstractProblemLoader Init config took 9.58s 
73392      INFO  main            d.u.i.k.p.i.AbstractProblemLoader Replaying proof Test[Test::f1(int)].JML normal_behavior operation contract.0 
73442      DEBUG main            d.u.i.k.p.i.IntermediateProofReplayer Proof replay took 47.11ms 
73444      DEBUG main            d.u.i.k.p.r.p.TestFile    ... success: reloaded. 
460454     INFO  Test worker     d.u.i.k.p.r.RunAllProofsTestUnit Returning from test performancePOConstruction 
460455     INFO  Test worker     d.u.i.k.p.r.RunAllProofsTestUnit Running test applicationRestrictions 
352        INFO  Timeout watchdog d.u.i.k.p.r.p.ForkedTestFileRunner Timeout watcher launched (2000 secs.) 
360        WARN  main            d.u.i.k.s.ProofSettings   The settings in /home/runner/.key/proof-settings.props are *not* read. 
393        INFO  main            d.u.i.k.p.r.p.TestFile    Now processing file /home/runner/work/key/key/key.core/../key.ui/examples/heap/polarity_tests/wellformed1.key 
503        INFO  main            d.u.i.k.p.i.AbstractProblemLoader Loading environment from /home/runner/work/key/key/key.core/../key.ui/examples/heap/polarity_tests/wellformed1.key 
528        DEBUG main            d.u.i.k.p.i.AbstractProblemLoader Environment load took 2.42ms 
764        INFO  main            d.u.i.k.p.i.AbstractProblemLoader Creating init config 
1582       DEBUG main            d.u.i.k.j.TypeConverter   No LDT found for Meta 
1583       DEBUG main            d.u.i.k.j.TypeConverter   No LDT found for Meta 
1585       DEBUG main            d.u.i.k.j.TypeConverter   No LDT found for Meta 
1585       DEBUG main            d.u.i.k.j.TypeConverter   No LDT found for Meta 
3118       DEBUG main            d.u.i.k.j.TypeConverter   No LDT found for JavaBigintExpression 
8213       DEBUG main            d.u.i.k.p.i.AbstractProblemLoader Init config took 7.45s 
8274       INFO  main            d.u.i.k.p.i.AbstractProblemLoader Replaying proof wellformed1.key 
8307       DEBUG main            d.u.i.k.p.i.IntermediateProofReplayer Proof replay took 40ns 
8482       INFO  main            d.u.i.k.p.r.p.TestFile    ... finished proof: closed. 
8582       INFO  main            d.u.i.k.p.i.AbstractProblemLoader Loading environment from /home/runner/work/key/key/key.core/../key.ui/examples/heap/polarity_tests/wellformed1.key.proof 
8582       DEBUG main            d.u.i.k.p.i.AbstractProblemLoader Environment load took 175.8ns 
8586       INFO  main            d.u.i.k.p.i.AbstractProblemLoader Creating init config 
11302      DEBUG main            d.u.i.k.p.i.AbstractProblemLoader Init config took 2.72s 
11348      INFO  main            d.u.i.k.p.i.AbstractProblemLoader Replaying proof wellformed1.key.proof 
11356      DEBUG main            d.u.i.k.p.i.IntermediateProofReplayer Proof replay took 2.57ms 
11367      DEBUG main            d.u.i.k.p.r.p.TestFile    ... success: reloaded. 
11369      INFO  main            d.u.i.k.p.r.p.TestFile    Now processing file /home/runner/work/key/key/key.core/../key.ui/examples/heap/polarity_tests/wellformed2.key 
11369      INFO  main            d.u.i.k.p.i.AbstractProblemLoader Loading environment from /home/runner/work/key/key/key.core/../key.ui/examples/heap/polarity_tests/wellformed2.key 
11369      DEBUG main            d.u.i.k.p.i.AbstractProblemLoader Environment load took 269.9ns 
11371      INFO  main            d.u.i.k.p.i.AbstractProblemLoader Creating init config 
13963      DEBUG main            d.u.i.k.p.i.AbstractProblemLoader Init config took 2.59s 
13993      INFO  main            d.u.i.k.p.i.AbstractProblemLoader Replaying proof wellformed2.key 
13995      DEBUG main            d.u.i.k.p.i.IntermediateProofReplayer Proof replay took 6.3ns 
14102      INFO  main            d.u.i.k.p.r.p.TestFile    ... finished proof: open goal(s) 
14243      INFO  main            d.u.i.k.p.r.p.TestFile    Now processing file /home/runner/work/key/key/key.core/../key.ui/examples/heap/polarity_tests/wellformed3.key 
14243      INFO  main            d.u.i.k.p.i.AbstractProblemLoader Loading environment from /home/runner/work/key/key/key.core/../key.ui/examples/heap/polarity_tests/wellformed3.key 
14244      DEBUG main            d.u.i.k.p.i.AbstractProblemLoader Environment load took 95.3ns 
14246      INFO  main            d.u.i.k.p.i.AbstractProblemLoader Creating init config 
16750      DEBUG main            d.u.i.k.p.i.AbstractProblemLoader Init config took 2.5s 
16783      INFO  main            d.u.i.k.p.i.AbstractProblemLoader Replaying proof wellformed3.key 
16786      DEBUG main            d.u.i.k.p.i.IntermediateProofReplayer Proof replay took 8.2ns 
16889      INFO  main            d.u.i.k.p.r.p.TestFile    ... finished proof: closed. 
17025      INFO  main            d.u.i.k.p.i.AbstractProblemLoader Loading environment from /home/runner/work/key/key/key.core/../key.ui/examples/heap/polarity_tests/wellformed3.key.proof 
17025      DEBUG main            d.u.i.k.p.i.AbstractProblemLoader Environment load took 148.4ns 
17027      INFO  main            d.u.i.k.p.i.AbstractProblemLoader Creating init config 
19544      DEBUG main            d.u.i.k.p.i.AbstractProblemLoader Init config took 2.52s 
19567      INFO  main            d.u.i.k.p.i.AbstractProblemLoader Replaying proof wellformed3.key.proof 
19572      DEBUG main            d.u.i.k.p.i.IntermediateProofReplayer Proof replay took 2.92ms 
19573      DEBUG main            d.u.i.k.p.r.p.TestFile    ... success: reloaded. 
19574      INFO  main            d.u.i.k.p.r.p.TestFile    Now processing file /home/runner/work/key/key/key.core/../key.ui/examples/heap/polarity_tests/wellformed4.key 
19574      INFO  main            d.u.i.k.p.i.AbstractProblemLoader Loading environment from /home/runner/work/key/key/key.core/../key.ui/examples/heap/polarity_tests/wellformed4.key 
19574      DEBUG main            d.u.i.k.p.i.AbstractProblemLoader Environment load took 119.1ns 
19576      INFO  main            d.u.i.k.p.i.AbstractProblemLoader Creating init config 
22096      DEBUG main            d.u.i.k.p.i.AbstractProblemLoader Init config took 2.52s 
22117      INFO  main            d.u.i.k.p.i.AbstractProblemLoader Replaying proof wellformed4.key 
22119      DEBUG main            d.u.i.k.p.i.IntermediateProofReplayer Proof replay took 8.6ns 
22223      INFO  main            d.u.i.k.p.r.p.TestFile    ... finished proof: open goal(s) 
22362      INFO  main            d.u.i.k.p.r.p.TestFile    Now processing file /home/runner/work/key/key/key.core/../key.ui/examples/heap/polarity_tests/wellformed5.key 
22362      INFO  main            d.u.i.k.p.i.AbstractProblemLoader Loading environment from /home/runner/work/key/key/key.core/../key.ui/examples/heap/polarity_tests/wellformed5.key 
22362      DEBUG main            d.u.i.k.p.i.AbstractProblemLoader Environment load took 88.6ns 
22364      INFO  main            d.u.i.k.p.i.AbstractProblemLoader Creating init config 
24774      DEBUG main            d.u.i.k.p.i.AbstractProblemLoader Init config took 2.41s 
24795      INFO  main            d.u.i.k.p.i.AbstractProblemLoader Replaying proof wellformed5.key 
24797      DEBUG main            d.u.i.k.p.i.IntermediateProofReplayer Proof replay took 6.7ns 
24899      INFO  main            d.u.i.k.p.r.p.TestFile    ... finished proof: closed. 
25028      INFO  main            d.u.i.k.p.i.AbstractProblemLoader Loading environment from /home/runner/work/key/key/key.core/../key.ui/examples/heap/polarity_tests/wellformed5.key.proof 
25028      DEBUG main            d.u.i.k.p.i.AbstractProblemLoader Environment load took 149.1ns 
25030      INFO  main            d.u.i.k.p.i.AbstractProblemLoader Creating init config 
27495      DEBUG main            d.u.i.k.p.i.AbstractProblemLoader Init config took 2.47s 
27523      INFO  main            d.u.i.k.p.i.AbstractProblemLoader Replaying proof wellformed5.key.proof 
27533      DEBUG main            d.u.i.k.p.i.IntermediateProofReplayer Proof replay took 5.73ms 
27534      DEBUG main            d.u.i.k.p.r.p.TestFile    ... success: reloaded. 
27537      INFO  main            d.u.i.k.p.r.p.TestFile    Now processing file /home/runner/work/key/key/key.core/../key.ui/examples/heap/polarity_tests/wellformed6.key 
27537      INFO  main            d.u.i.k.p.i.AbstractProblemLoader Loading environment from /home/runner/work/key/key/key.core/../key.ui/examples/heap/polarity_tests/wellformed6.key 
27537      DEBUG main            d.u.i.k.p.i.AbstractProblemLoader Environment load took 102.7ns 
27538      INFO  main            d.u.i.k.p.i.AbstractProblemLoader Creating init config 
29982      DEBUG main            d.u.i.k.p.i.AbstractProblemLoader Init config took 2.44s 
30006      INFO  main            d.u.i.k.p.i.AbstractProblemLoader Replaying proof wellformed6.key 
30008      DEBUG main            d.u.i.k.p.i.IntermediateProofReplayer Proof replay took 7.6ns 
30111      INFO  main            d.u.i.k.p.r.p.TestFile    ... finished proof: open goal(s) 
30257      INFO  main            d.u.i.k.p.r.p.TestFile    Now processing file /home/runner/work/key/key/key.core/../key.ui/examples/heap/polarity_tests/wellformed7.key 
30257      INFO  main            d.u.i.k.p.i.AbstractProblemLoader Loading environment from /home/runner/work/key/key/key.core/../key.ui/examples/heap/polarity_tests/wellformed7.key 
30258      DEBUG main            d.u.i.k.p.i.AbstractProblemLoader Environment load took 90.4ns 
30259      INFO  main            d.u.i.k.p.i.AbstractProblemLoader Creating init config 
32666      DEBUG main            d.u.i.k.p.i.AbstractProblemLoader Init config took 2.41s 
32688      INFO  main            d.u.i.k.p.i.AbstractProblemLoader Replaying proof wellformed7.key 
32690      DEBUG main            d.u.i.k.p.i.IntermediateProofReplayer Proof replay took 8.9ns 
32793      INFO  main            d.u.i.k.p.r.p.TestFile    ... finished proof: closed. 
32993      INFO  main            d.u.i.k.p.i.AbstractProblemLoader Loading environment from /home/runner/work/key/key/key.core/../key.ui/examples/heap/polarity_tests/wellformed7.key.proof 
32993      DEBUG main            d.u.i.k.p.i.AbstractProblemLoader Environment load took 138ns 
32995      INFO  main            d.u.i.k.p.i.AbstractProblemLoader Creating init config 
35398      DEBUG main            d.u.i.k.p.i.AbstractProblemLoader Init config took 2.4s 
35416      INFO  main            d.u.i.k.p.i.AbstractProblemLoader Replaying proof wellformed7.key.proof 
35420      DEBUG main            d.u.i.k.p.i.IntermediateProofReplayer Proof replay took 1.69ms 
35421      DEBUG main            d.u.i.k.p.r.p.TestFile    ... success: reloaded. 
35422      INFO  main            d.u.i.k.p.r.p.TestFile    Now processing file /home/runner/work/key/key/key.core/../key.ui/examples/heap/polarity_tests/wellformed8.key 
35423      INFO  main            d.u.i.k.p.i.AbstractProblemLoader Loading environment from /home/runner/work/key/key/key.core/../key.ui/examples/heap/polarity_tests/wellformed8.key 
35423      DEBUG main            d.u.i.k.p.i.AbstractProblemLoader Environment load took 250.2ns 
35424      INFO  main            d.u.i.k.p.i.AbstractProblemLoader Creating init config 
37883      DEBUG main            d.u.i.k.p.i.AbstractProblemLoader Init config took 2.46s 
37901      INFO  main            d.u.i.k.p.i.AbstractProblemLoader Replaying proof wellformed8.key 
37902      DEBUG main            d.u.i.k.p.i.IntermediateProofReplayer Proof replay took 10.3ns 
38006      INFO  main            d.u.i.k.p.r.p.TestFile    ... finished proof: open goal(s) 
38166      INFO  main            d.u.i.k.p.r.p.TestFile    Now processing file /home/runner/work/key/key/key.core/../key.ui/examples/heap/polarity_tests/wellformed9.key 
38166      INFO  main            d.u.i.k.p.i.AbstractProblemLoader Loading environment from /home/runner/work/key/key/key.core/../key.ui/examples/heap/polarity_tests/wellformed9.key 
38166      DEBUG main            d.u.i.k.p.i.AbstractProblemLoader Environment load took 92.5ns 
38167      INFO  main            d.u.i.k.p.i.AbstractProblemLoader Creating init config 
40584      DEBUG main            d.u.i.k.p.i.AbstractProblemLoader Init config took 2.42s 
40602      INFO  main            d.u.i.k.p.i.AbstractProblemLoader Replaying proof wellformed9.key 
40604      DEBUG main            d.u.i.k.p.i.IntermediateProofReplayer Proof replay took 9.1ns 
40706      INFO  main            d.u.i.k.p.r.p.TestFile    ... finished proof: closed. 
40867      INFO  main            d.u.i.k.p.i.AbstractProblemLoader Loading environment from /home/runner/work/key/key/key.core/../key.ui/examples/heap/polarity_tests/wellformed9.key.proof 
40868      DEBUG main            d.u.i.k.p.i.AbstractProblemLoader Environment load took 152.4ns 
40869      INFO  main            d.u.i.k.p.i.AbstractProblemLoader Creating init config 
43247      DEBUG main            d.u.i.k.p.i.AbstractProblemLoader Init config took 2.38s 
43265      INFO  main            d.u.i.k.p.i.AbstractProblemLoader Replaying proof wellformed9.key.proof 
43269      DEBUG main            d.u.i.k.p.i.IntermediateProofReplayer Proof replay took 1.7ms 
43270      DEBUG main            d.u.i.k.p.r.p.TestFile    ... success: reloaded. 
43271      INFO  main            d.u.i.k.p.r.p.TestFile    Now processing file /home/runner/work/key/key/key.core/../key.ui/examples/heap/polarity_tests/wellformed10.key 
43271      INFO  main            d.u.i.k.p.i.AbstractProblemLoader Loading environment from /home/runner/work/key/key/key.core/../key.ui/examples/heap/polarity_tests/wellformed10.key 
43272      DEBUG main            d.u.i.k.p.i.AbstractProblemLoader Environment load took 269.9ns 
43273      INFO  main            d.u.i.k.p.i.AbstractProblemLoader Creating init config 
45702      DEBUG main            d.u.i.k.p.i.AbstractProblemLoader Init config took 2.43s 
45720      INFO  main            d.u.i.k.p.i.AbstractProblemLoader Replaying proof wellformed10.key 
45721      DEBUG main            d.u.i.k.p.i.IntermediateProofReplayer Proof replay took 7.2ns 
45826      INFO  main            d.u.i.k.p.r.p.TestFile    ... finished proof: open goal(s) 
45993      INFO  main            d.u.i.k.p.r.p.TestFile    Now processing file /home/runner/work/key/key/key.core/../key.ui/examples/heap/polarity_tests/wellformed11.key 
45994      INFO  main            d.u.i.k.p.i.AbstractProblemLoader Loading environment from /home/runner/work/key/key/key.core/../key.ui/examples/heap/polarity_tests/wellformed11.key 
45994      DEBUG main            d.u.i.k.p.i.AbstractProblemLoader Environment load took 91.4ns 
45995      INFO  main            d.u.i.k.p.i.AbstractProblemLoader Creating init config 
48380      DEBUG main            d.u.i.k.p.i.AbstractProblemLoader Init config took 2.39s 
48399      INFO  main            d.u.i.k.p.i.AbstractProblemLoader Replaying proof wellformed11.key 
48400      DEBUG main            d.u.i.k.p.i.IntermediateProofReplayer Proof replay took 9.9ns 
48503      INFO  main            d.u.i.k.p.r.p.TestFile    ... finished proof: open goal(s) 
509274     INFO  Test worker     d.u.i.k.p.r.RunAllProofsTestUnit Returning from test applicationRestrictions 
509276     INFO  Test worker     d.u.i.k.p.r.RunAllProofsTestUnit Running test blockContracts 
320        INFO  Timeout watchdog d.u.i.k.p.r.p.ForkedTestFileRunner Timeout watcher launched (2000 secs.) 
336        WARN  main            d.u.i.k.s.ProofSettings   The settings in /home/runner/.key/proof-settings.props are *not* read. 
381        INFO  main            d.u.i.k.p.r.p.TestFile    Now processing file /home/runner/work/key/key/key.core/../key.ui/examples/heap/block_contracts/Simple__add.key 
515        INFO  main            d.u.i.k.p.i.AbstractProblemLoader Loading environment from /home/runner/work/key/key/key.core/../key.ui/examples/heap/block_contracts/Simple__add.key 
536        DEBUG main            d.u.i.k.p.i.AbstractProblemLoader Environment load took 2.26ms 
759        INFO  main            d.u.i.k.p.i.AbstractProblemLoader Creating init config 
1660       DEBUG main            d.u.i.k.j.TypeConverter   No LDT found for Meta 
1660       DEBUG main            d.u.i.k.j.TypeConverter   No LDT found for Meta 
1662       DEBUG main            d.u.i.k.j.TypeConverter   No LDT found for Meta 
1662       DEBUG main            d.u.i.k.j.TypeConverter   No LDT found for Meta 
2910       DEBUG main            d.u.i.k.j.TypeConverter   No LDT found for JavaBigintExpression 
8959       DEBUG main            d.u.i.k.p.i.AbstractProblemLoader Init config took 8.2s 
9140       INFO  main            d.u.i.k.p.i.AbstractProblemLoader Replaying proof Simple[Simple::add(int,int)].JML operation contract.0 
9239       DEBUG main            d.u.i.k.p.i.IntermediateProofReplayer Proof replay took 374.11ns 
10076      INFO  main            d.u.i.k.p.r.p.TestFile    ... finished proof: closed. 
10198      INFO  main            d.u.i.k.p.i.AbstractProblemLoader Loading environment from /home/runner/work/key/key/key.core/../key.ui/examples/heap/block_contracts/Simple__add.key.proof 
10198      DEBUG main            d.u.i.k.p.i.AbstractProblemLoader Environment load took 172.5ns 
10201      INFO  main            d.u.i.k.p.i.AbstractProblemLoader Creating init config 
13631      DEBUG main            d.u.i.k.p.i.AbstractProblemLoader Init config took 3.43s 
13714      INFO  main            d.u.i.k.p.i.AbstractProblemLoader Replaying proof Simple[Simple::add(int,int)].JML operation contract.0 
13795      DEBUG main            d.u.i.k.p.i.IntermediateProofReplayer Proof replay took 76.49ms 
13802      DEBUG main            d.u.i.k.p.r.p.TestFile    ... success: reloaded. 
13804      INFO  main            d.u.i.k.p.r.p.TestFile    Now processing file /home/runner/work/key/key/key.core/../key.ui/examples/heap/block_contracts/Simple__addAbsoluteValues.key 
13805      INFO  main            d.u.i.k.p.i.AbstractProblemLoader Loading environment from /home/runner/work/key/key/key.core/../key.ui/examples/heap/block_contracts/Simple__addAbsoluteValues.key 
13805      DEBUG main            d.u.i.k.p.i.AbstractProblemLoader Environment load took 279.3ns 
13807      INFO  main            d.u.i.k.p.i.AbstractProblemLoader Creating init config 
17028      DEBUG main            d.u.i.k.p.i.AbstractProblemLoader Init config took 3.22s 
17090      INFO  main            d.u.i.k.p.i.AbstractProblemLoader Replaying proof Simple[Simple::addAbsoluteValues(int,int)].JML normal_behavior operation contract.0 
17093      DEBUG main            d.u.i.k.p.i.IntermediateProofReplayer Proof replay took 16.4ns 
18207      INFO  main            d.u.i.k.p.r.p.TestFile    ... finished proof: closed. 
18462      INFO  main            d.u.i.k.p.i.AbstractProblemLoader Loading environment from /home/runner/work/key/key/key.core/../key.ui/examples/heap/block_contracts/Simple__addAbsoluteValues.key.proof 
18462      DEBUG main            d.u.i.k.p.i.AbstractProblemLoader Environment load took 168.3ns 
18463      INFO  main            d.u.i.k.p.i.AbstractProblemLoader Creating init config 
21673      DEBUG main            d.u.i.k.p.i.AbstractProblemLoader Init config took 3.21s 
21746      INFO  main            d.u.i.k.p.i.AbstractProblemLoader Replaying proof Simple[Simple::addAbsoluteValues(int,int)].JML normal_behavior operation contract.0 
21943      DEBUG main            d.u.i.k.p.i.IntermediateProofReplayer Proof replay took 188.94ms 
21945      DEBUG main            d.u.i.k.p.r.p.TestFile    ... success: reloaded. 
21946      INFO  main            d.u.i.k.p.r.p.TestFile    Now processing file /home/runner/work/key/key/key.core/../key.ui/examples/heap/block_contracts/Simple__addWithJump.key 
21947      INFO  main            d.u.i.k.p.i.AbstractProblemLoader Loading environment from /home/runner/work/key/key/key.core/../key.ui/examples/heap/block_contracts/Simple__addWithJump.key 
21947      DEBUG main            d.u.i.k.p.i.AbstractProblemLoader Environment load took 259.2ns 
21949      INFO  main            d.u.i.k.p.i.AbstractProblemLoader Creating init config 
25122      DEBUG main            d.u.i.k.p.i.AbstractProblemLoader Init config took 3.17s 
25173      INFO  main            d.u.i.k.p.i.AbstractProblemLoader Replaying proof Simple[Simple::addWithJump(int,int,int)].JML operation contract.0 
25176      DEBUG main            d.u.i.k.p.i.IntermediateProofReplayer Proof replay took 24.1ns 
25379      INFO  main            d.u.i.k.p.r.p.TestFile    ... finished proof: closed. 
25571      INFO  main            d.u.i.k.p.i.AbstractProblemLoader Loading environment from /home/runner/work/key/key/key.core/../key.ui/examples/heap/block_contracts/Simple__addWithJump.key.proof 
25571      DEBUG main            d.u.i.k.p.i.AbstractProblemLoader Environment load took 159.2ns 
25576      INFO  main            d.u.i.k.p.i.AbstractProblemLoader Creating init config 
28695      DEBUG main            d.u.i.k.p.i.AbstractProblemLoader Init config took 3.12s 
28746      INFO  main            d.u.i.k.p.i.AbstractProblemLoader Replaying proof Simple[Simple::addWithJump(int,int,int)].JML operation contract.0 
28793      DEBUG main            d.u.i.k.p.i.IntermediateProofReplayer Proof replay took 43.83ms 
28794      DEBUG main            d.u.i.k.p.r.p.TestFile    ... success: reloaded. 
28796      INFO  main            d.u.i.k.p.r.p.TestFile    Now processing file /home/runner/work/key/key/key.core/../key.ui/examples/heap/block_contracts/Simple__addWithTwoBlockContracts.key 
28796      INFO  main            d.u.i.k.p.i.AbstractProblemLoader Loading environment from /home/runner/work/key/key/key.core/../key.ui/examples/heap/block_contracts/Simple__addWithTwoBlockContracts.key 
28796      DEBUG main            d.u.i.k.p.i.AbstractProblemLoader Environment load took 243.7ns 
28797      INFO  main            d.u.i.k.p.i.AbstractProblemLoader Creating init config 
31935      DEBUG main            d.u.i.k.p.i.AbstractProblemLoader Init config took 3.14s 
31981      INFO  main            d.u.i.k.p.i.AbstractProblemLoader Replaying proof Simple[Simple::addWithTwoBlockContracts(int,int,int)].JML operation contract.0 
31984      DEBUG main            d.u.i.k.p.i.IntermediateProofReplayer Proof replay took 12.2ns 
32187      INFO  main            d.u.i.k.p.r.p.TestFile    ... finished proof: closed. 
32377      INFO  main            d.u.i.k.p.i.AbstractProblemLoader Loading environment from /home/runner/work/key/key/key.core/../key.ui/examples/heap/block_contracts/Simple__addWithTwoBlockContracts.key.proof 
32377      DEBUG main            d.u.i.k.p.i.AbstractProblemLoader Environment load took 144.5ns 
32379      INFO  main            d.u.i.k.p.i.AbstractProblemLoader Creating init config 
35424      DEBUG main            d.u.i.k.p.i.AbstractProblemLoader Init config took 3.05s 
35472      INFO  main            d.u.i.k.p.i.AbstractProblemLoader Replaying proof Simple[Simple::addWithTwoBlockContracts(int,int,int)].JML operation contract.0 
35547      DEBUG main            d.u.i.k.p.i.IntermediateProofReplayer Proof replay took 71.99ms 
35548      DEBUG main            d.u.i.k.p.r.p.TestFile    ... success: reloaded. 
35550      INFO  main            d.u.i.k.p.r.p.TestFile    Now processing file /home/runner/work/key/key/key.core/../key.ui/examples/heap/block_contracts/Simple__generateByteArray.key 
35550      INFO  main            d.u.i.k.p.i.AbstractProblemLoader Loading environment from /home/runner/work/key/key/key.core/../key.ui/examples/heap/block_contracts/Simple__generateByteArray.key 
35551      DEBUG main            d.u.i.k.p.i.AbstractProblemLoader Environment load took 655.21ns 
35552      INFO  main            d.u.i.k.p.i.AbstractProblemLoader Creating init config 
38692      DEBUG main            d.u.i.k.p.i.AbstractProblemLoader Init config took 3.14s 
38739      INFO  main            d.u.i.k.p.i.AbstractProblemLoader Replaying proof Simple[Simple::generateByteArray()].JML normal_behavior operation contract.0 
38741      DEBUG main            d.u.i.k.p.i.IntermediateProofReplayer Proof replay took 15.1ns 
40960      INFO  main            d.u.i.k.p.r.p.TestFile    ... finished proof: closed. 
41193      INFO  main            d.u.i.k.p.i.AbstractProblemLoader Loading environment from /home/runner/work/key/key/key.core/../key.ui/examples/heap/block_contracts/Simple__generateByteArray.key.proof 
41194      DEBUG main            d.u.i.k.p.i.AbstractProblemLoader Environment load took 611.21ns 
41196      INFO  main            d.u.i.k.p.i.AbstractProblemLoader Creating init config 
44251      DEBUG main            d.u.i.k.p.i.AbstractProblemLoader Init config took 3.06s 
44298      INFO  main            d.u.i.k.p.i.AbstractProblemLoader Replaying proof Simple[Simple::generateByteArray()].JML normal_behavior operation contract.0 
44583      DEBUG main            d.u.i.k.p.i.IntermediateProofReplayer Proof replay took 270.71ms 
44585      DEBUG main            d.u.i.k.p.r.p.TestFile    ... success: reloaded. 
44587      INFO  main            d.u.i.k.p.r.p.TestFile    Now processing file /home/runner/work/key/key/key.core/../key.ui/examples/heap/block_contracts/Simple__getLength.key 
44587      INFO  main            d.u.i.k.p.i.AbstractProblemLoader Loading environment from /home/runner/work/key/key/key.core/../key.ui/examples/heap/block_contracts/Simple__getLength.key 
44588      DEBUG main            d.u.i.k.p.i.AbstractProblemLoader Environment load took 276.3ns 
44589      INFO  main            d.u.i.k.p.i.AbstractProblemLoader Creating init config 
47734      DEBUG main            d.u.i.k.p.i.AbstractProblemLoader Init config took 3.15s 
47780      INFO  main            d.u.i.k.p.i.AbstractProblemLoader Replaying proof Simple[Simple::getLength()].JML normal_behavior operation contract.0 
47782      DEBUG main            d.u.i.k.p.i.IntermediateProofReplayer Proof replay took 12.4ns 
47886      INFO  main            d.u.i.k.p.r.p.TestFile    ... finished proof: closed. 
48109      INFO  main            d.u.i.k.p.i.AbstractProblemLoader Loading environment from /home/runner/work/key/key/key.core/../key.ui/examples/heap/block_contracts/Simple__getLength.key.proof 
48109      DEBUG main            d.u.i.k.p.i.AbstractProblemLoader Environment load took 131.1ns 
48110      INFO  main            d.u.i.k.p.i.AbstractProblemLoader Creating init config 
51126      DEBUG main            d.u.i.k.p.i.AbstractProblemLoader Init config took 3.02s 
51171      INFO  main            d.u.i.k.p.i.AbstractProblemLoader Replaying proof Simple[Simple::getLength()].JML normal_behavior operation contract.0 
51181      DEBUG main            d.u.i.k.p.i.IntermediateProofReplayer Proof replay took 7.5ms 
51182      DEBUG main            d.u.i.k.p.r.p.TestFile    ... success: reloaded. 
51184      INFO  main            d.u.i.k.p.r.p.TestFile    Now processing file /home/runner/work/key/key/key.core/../key.ui/examples/heap/block_contracts/Simple__square.key 
51184      INFO  main            d.u.i.k.p.i.AbstractProblemLoader Loading environment from /home/runner/work/key/key/key.core/../key.ui/examples/heap/block_contracts/Simple__square.key 
51184      DEBUG main            d.u.i.k.p.i.AbstractProblemLoader Environment load took 231.7ns 
51186      INFO  main            d.u.i.k.p.i.AbstractProblemLoader Creating init config 
54260      DEBUG main            d.u.i.k.p.i.AbstractProblemLoader Init config took 3.07s 
54318      INFO  main            d.u.i.k.p.i.AbstractProblemLoader Replaying proof Simple[Simple::square(int)].JML operation contract.0 
54320      DEBUG main            d.u.i.k.p.i.IntermediateProofReplayer Proof replay took 11.4ns 
54727      INFO  main            d.u.i.k.p.r.p.TestFile    ... finished proof: closed. 
54933      INFO  main            d.u.i.k.p.i.AbstractProblemLoader Loading environment from /home/runner/work/key/key/key.core/../key.ui/examples/heap/block_contracts/Simple__square.key.proof 
54934      DEBUG main            d.u.i.k.p.i.AbstractProblemLoader Environment load took 683.01ns 
54935      INFO  main            d.u.i.k.p.i.AbstractProblemLoader Creating init config 
57938      DEBUG main            d.u.i.k.p.i.AbstractProblemLoader Init config took 3s 
57983      INFO  main            d.u.i.k.p.i.AbstractProblemLoader Replaying proof Simple[Simple::square(int)].JML operation contract.0 
58081      DEBUG main            d.u.i.k.p.i.IntermediateProofReplayer Proof replay took 94.67ms 
58082      DEBUG main            d.u.i.k.p.r.p.TestFile    ... success: reloaded. 
58083      INFO  main            d.u.i.k.p.r.p.TestFile    Now processing file /home/runner/work/key/key/key.core/../key.ui/examples/heap/block_contracts/Simple__unnecessaryBlockContract.key 
58084      INFO  main            d.u.i.k.p.i.AbstractProblemLoader Loading environment from /home/runner/work/key/key/key.core/../key.ui/examples/heap/block_contracts/Simple__unnecessaryBlockContract.key 
58084      DEBUG main            d.u.i.k.p.i.AbstractProblemLoader Environment load took 247.2ns 
58085      INFO  main            d.u.i.k.p.i.AbstractProblemLoader Creating init config 
61178      DEBUG main            d.u.i.k.p.i.AbstractProblemLoader Init config took 3.09s 
61220      INFO  main            d.u.i.k.p.i.AbstractProblemLoader Replaying proof Simple[Simple::unnecessaryBlockContract()].JML operation contract.0 
61222      DEBUG main            d.u.i.k.p.i.IntermediateProofReplayer Proof replay took 13.7ns 
61327      INFO  main            d.u.i.k.p.r.p.TestFile    ... finished proof: closed. 
61556      INFO  main            d.u.i.k.p.i.AbstractProblemLoader Loading environment from /home/runner/work/key/key/key.core/../key.ui/examples/heap/block_contracts/Simple__unnecessaryBlockContract.key.proof 
61557      DEBUG main            d.u.i.k.p.i.AbstractProblemLoader Environment load took 156.8ns 
61558      INFO  main            d.u.i.k.p.i.AbstractProblemLoader Creating init config 
64590      DEBUG main            d.u.i.k.p.i.AbstractProblemLoader Init config took 3.03s 
64632      INFO  main            d.u.i.k.p.i.AbstractProblemLoader Replaying proof Simple[Simple::unnecessaryBlockContract()].JML operation contract.0 
64656      DEBUG main            d.u.i.k.p.i.IntermediateProofReplayer Proof replay took 21.45ms 
64657      DEBUG main            d.u.i.k.p.r.p.TestFile    ... success: reloaded. 
64658      INFO  main            d.u.i.k.p.r.p.TestFile    Now processing file /home/runner/work/key/key/key.core/../key.ui/examples/heap/block_contracts/Simple__unnecessaryLoopInvariant.key 
64658      INFO  main            d.u.i.k.p.i.AbstractProblemLoader Loading environment from /home/runner/work/key/key/key.core/../key.ui/examples/heap/block_contracts/Simple__unnecessaryLoopInvariant.key 
64658      DEBUG main            d.u.i.k.p.i.AbstractProblemLoader Environment load took 115.4ns 
64659      INFO  main            d.u.i.k.p.i.AbstractProblemLoader Creating init config 
67657      DEBUG main            d.u.i.k.p.i.AbstractProblemLoader Init config took 3s 
67698      INFO  main            d.u.i.k.p.i.AbstractProblemLoader Replaying proof Simple[Simple::unnecessaryLoopInvariant()].JML operation contract.0 
67700      DEBUG main            d.u.i.k.p.i.IntermediateProofReplayer Proof replay took 12.9ns 
67805      INFO  main            d.u.i.k.p.r.p.TestFile    ... finished proof: closed. 
68016      INFO  main            d.u.i.k.p.i.AbstractProblemLoader Loading environment from /home/runner/work/key/key/key.core/../key.ui/examples/heap/block_contracts/Simple__unnecessaryLoopInvariant.key.proof 
68016      DEBUG main            d.u.i.k.p.i.AbstractProblemLoader Environment load took 168.7ns 
68017      INFO  main            d.u.i.k.p.i.AbstractProblemLoader Creating init config 
71044      DEBUG main            d.u.i.k.p.i.AbstractProblemLoader Init config took 3.03s 
71098      INFO  main            d.u.i.k.p.i.AbstractProblemLoader Replaying proof Simple[Simple::unnecessaryLoopInvariant()].JML operation contract.0 
71111      DEBUG main            d.u.i.k.p.i.IntermediateProofReplayer Proof replay took 11.27ms 
71113      DEBUG main            d.u.i.k.p.r.p.TestFile    ... success: reloaded. 
71114      INFO  main            d.u.i.k.p.r.p.TestFile    Now processing file /home/runner/work/key/key/key.core/../key.ui/examples/standard_key/java_dl/jml-assert/assert.key 
71114      INFO  main            d.u.i.k.p.i.AbstractProblemLoader Loading environment from /home/runner/work/key/key/key.core/../key.ui/examples/standard_key/java_dl/jml-assert/assert.key 
71115      DEBUG main            d.u.i.k.p.i.AbstractProblemLoader Environment load took 283.2ns 
71116      INFO  main            d.u.i.k.p.i.AbstractProblemLoader Creating init config 
73758      DEBUG main            d.u.i.k.p.i.AbstractProblemLoader Init config took 2.64s 
73819      INFO  main            d.u.i.k.p.i.AbstractProblemLoader Replaying proof Assert[Assert::createArray(int)].JML normal_behavior operation contract.0 
73820      DEBUG main            d.u.i.k.p.i.IntermediateProofReplayer Proof replay took 7ns 
74023      INFO  main            d.u.i.k.p.r.p.TestFile    ... finished proof: closed. 
74242      INFO  main            d.u.i.k.p.i.AbstractProblemLoader Loading environment from /home/runner/work/key/key/key.core/../key.ui/examples/standard_key/java_dl/jml-assert/assert.key.proof 
74242      DEBUG main            d.u.i.k.p.i.AbstractProblemLoader Environment load took 137.8ns 
74243      INFO  main            d.u.i.k.p.i.AbstractProblemLoader Creating init config 
76843      DEBUG main            d.u.i.k.p.i.AbstractProblemLoader Init config took 2.6s 
76883      INFO  main            d.u.i.k.p.i.AbstractProblemLoader Replaying proof Assert[Assert::createArray(int)].JML normal_behavior operation contract.0 
76931      DEBUG main            d.u.i.k.p.i.IntermediateProofReplayer Proof replay took 45.67ms 
76932      DEBUG main            d.u.i.k.p.r.p.TestFile    ... success: reloaded. 
76934      INFO  main            d.u.i.k.p.r.p.TestFile    Now processing file /home/runner/work/key/key/key.core/../key.ui/examples/standard_key/java_dl/jml-assert/assert_assume_order.key 
76934      INFO  main            d.u.i.k.p.i.AbstractProblemLoader Loading environment from /home/runner/work/key/key/key.core/../key.ui/examples/standard_key/java_dl/jml-assert/assert_assume_order.key 
76934      DEBUG main            d.u.i.k.p.i.AbstractProblemLoader Environment load took 113.6ns 
76935      INFO  main            d.u.i.k.p.i.AbstractProblemLoader Creating init config 
79613      DEBUG main            d.u.i.k.p.i.AbstractProblemLoader Init config took 2.68s 
79671      INFO  main            d.u.i.k.p.i.AbstractProblemLoader Replaying proof AssertAssume[AssertAssume::singleAssumeAssert(int)].JML normal_behavior operation contract.0 
79673      DEBUG main            d.u.i.k.p.i.IntermediateProofReplayer Proof replay took 7.5ns 
79777      INFO  main            d.u.i.k.p.r.p.TestFile    ... finished proof: closed. 
79980      INFO  main            d.u.i.k.p.i.AbstractProblemLoader Loading environment from /home/runner/work/key/key/key.core/../key.ui/examples/standard_key/java_dl/jml-assert/assert_assume_order.key.proof 
79980      DEBUG main            d.u.i.k.p.i.AbstractProblemLoader Environment load took 141ns 
79981      INFO  main            d.u.i.k.p.i.AbstractProblemLoader Creating init config 
82594      DEBUG main            d.u.i.k.p.i.AbstractProblemLoader Init config took 2.61s 
82633      INFO  main            d.u.i.k.p.i.AbstractProblemLoader Replaying proof AssertAssume[AssertAssume::singleAssumeAssert(int)].JML normal_behavior operation contract.0 
82643      DEBUG main            d.u.i.k.p.i.IntermediateProofReplayer Proof replay took 8.42ms 
82645      DEBUG main            d.u.i.k.p.r.p.TestFile    ... success: reloaded. 
82648      INFO  main            d.u.i.k.p.r.p.TestFile    Now processing file /home/runner/work/key/key/key.core/../key.ui/examples/heap/block_loop_contracts/SimpleVariants/sum_onBlock_external.key 
82648      INFO  main            d.u.i.k.p.i.AbstractProblemLoader Loading environment from /home/runner/work/key/key/key.core/../key.ui/examples/heap/block_loop_contracts/SimpleVariants/sum_onBlock_external.key 
82648      DEBUG main            d.u.i.k.p.i.AbstractProblemLoader Environment load took 175.6ns 
82649      INFO  main            d.u.i.k.p.i.AbstractProblemLoader Creating init config 
85620      DEBUG main            d.u.i.k.p.i.AbstractProblemLoader Init config took 2.97s 
85659      INFO  main            d.u.i.k.p.i.AbstractProblemLoader Replaying proof LoopContractExamplesAll[LoopContractExamplesAll::sum_loopContract_onBlock([I)].JML normal_behavior operation contract.0 
85663      DEBUG main            d.u.i.k.p.i.IntermediateProofReplayer Proof replay took 13.8ns 
85765      INFO  main            d.u.i.k.p.r.p.TestFile    ... finished proof: closed. 
86006      INFO  main            d.u.i.k.p.i.AbstractProblemLoader Loading environment from /home/runner/work/key/key/key.core/../key.ui/examples/heap/block_loop_contracts/SimpleVariants/sum_onBlock_external.key.proof 
86006      DEBUG main            d.u.i.k.p.i.AbstractProblemLoader Environment load took 145.4ns 
86007      INFO  main            d.u.i.k.p.i.AbstractProblemLoader Creating init config 
88887      DEBUG main            d.u.i.k.p.i.AbstractProblemLoader Init config took 2.88s 
88924      INFO  main            d.u.i.k.p.i.AbstractProblemLoader Replaying proof LoopContractExamplesAll[LoopContractExamplesAll::sum_loopContract_onBlock([I)].JML normal_behavior operation contract.0 
88958      DEBUG main            d.u.i.k.p.i.IntermediateProofReplayer Proof replay took 32.48ms 
88959      DEBUG main            d.u.i.k.p.r.p.TestFile    ... success: reloaded. 
88960      INFO  main            d.u.i.k.p.r.p.TestFile    Now processing file /home/runner/work/key/key/key.core/../key.ui/examples/heap/block_loop_contracts/SimpleVariants/sum_onBlock_internal.key 
88961      INFO  main            d.u.i.k.p.i.AbstractProblemLoader Loading environment from /home/runner/work/key/key/key.core/../key.ui/examples/heap/block_loop_contracts/SimpleVariants/sum_onBlock_internal.key 
88961      DEBUG main            d.u.i.k.p.i.AbstractProblemLoader Environment load took 108.2ns 
88962      INFO  main            d.u.i.k.p.i.AbstractProblemLoader Creating init config 
91888      DEBUG main            d.u.i.k.p.i.AbstractProblemLoader Init config took 2.93s 
91925      INFO  main            d.u.i.k.p.i.AbstractProblemLoader Replaying proof LoopContractExamplesAll[LoopContractExamplesAll::sum_loopContract_onBlock([I)].JML normal_behavior operation contract.0 
91927      DEBUG main            d.u.i.k.p.i.IntermediateProofReplayer Proof replay took 13.1ns 
92631      INFO  main            d.u.i.k.p.r.p.TestFile    ... finished proof: closed. 
92894      INFO  main            d.u.i.k.p.i.AbstractProblemLoader Loading environment from /home/runner/work/key/key/key.core/../key.ui/examples/heap/block_loop_contracts/SimpleVariants/sum_onBlock_internal.key.proof 
92895      DEBUG main            d.u.i.k.p.i.AbstractProblemLoader Environment load took 640.01ns 
92896      INFO  main            d.u.i.k.p.i.AbstractProblemLoader Creating init config 
95669      DEBUG main            d.u.i.k.p.i.AbstractProblemLoader Init config took 2.77s 
95705      INFO  main            d.u.i.k.p.i.AbstractProblemLoader Replaying proof LoopContractExamplesAll[LoopContractExamplesAll::sum_loopContract_onBlock([I)].JML normal_behavior operation contract.0 
95958      DEBUG main            d.u.i.k.p.i.IntermediateProofReplayer Proof replay took 249.43ms 
95959      DEBUG main            d.u.i.k.p.r.p.TestFile    ... success: reloaded. 
95960      INFO  main            d.u.i.k.p.r.p.TestFile    Now processing file /home/runner/work/key/key/key.core/../key.ui/examples/heap/block_loop_contracts/SimpleVariants/sum_onBlock_loop.key 
95961      INFO  main            d.u.i.k.p.i.AbstractProblemLoader Loading environment from /home/runner/work/key/key/key.core/../key.ui/examples/heap/block_loop_contracts/SimpleVariants/sum_onBlock_loop.key 
95961      DEBUG main            d.u.i.k.p.i.AbstractProblemLoader Environment load took 122.3ns 
95962      INFO  main            d.u.i.k.p.i.AbstractProblemLoader Creating init config 
98908      DEBUG main            d.u.i.k.p.i.AbstractProblemLoader Init config took 2.95s 
98947      INFO  main            d.u.i.k.p.i.AbstractProblemLoader Replaying proof LoopContractExamplesAll[LoopContractExamplesAll::sum_loopContract_onBlock([I)].JML normal_behavior loop contract.0 
98949      DEBUG main            d.u.i.k.p.i.IntermediateProofReplayer Proof replay took 27ns 
99753      INFO  main            d.u.i.k.p.r.p.TestFile    ... finished proof: closed. 
100057     INFO  main            d.u.i.k.p.i.AbstractProblemLoader Loading environment from /home/runner/work/key/key/key.core/../key.ui/examples/heap/block_loop_contracts/SimpleVariants/sum_onBlock_loop.key.proof 
100057     DEBUG main            d.u.i.k.p.i.AbstractProblemLoader Environment load took 554.91ns 
100059     INFO  main            d.u.i.k.p.i.AbstractProblemLoader Creating init config 
102845     DEBUG main            d.u.i.k.p.i.AbstractProblemLoader Init config took 2.79s 
102896     INFO  main            d.u.i.k.p.i.AbstractProblemLoader Replaying proof LoopContractExamplesAll[LoopContractExamplesAll::sum_loopContract_onBlock([I)].JML normal_behavior loop contract.0 
103148     DEBUG main            d.u.i.k.p.i.IntermediateProofReplayer Proof replay took 247.9ms 
103150     DEBUG main            d.u.i.k.p.r.p.TestFile    ... success: reloaded. 
103151     INFO  main            d.u.i.k.p.r.p.TestFile    Now processing file /home/runner/work/key/key/key.core/../key.ui/examples/heap/block_loop_contracts/SimpleVariants/sum_onLoop_external.key 
103151     INFO  main            d.u.i.k.p.i.AbstractProblemLoader Loading environment from /home/runner/work/key/key/key.core/../key.ui/examples/heap/block_loop_contracts/SimpleVariants/sum_onLoop_external.key 
103152     DEBUG main            d.u.i.k.p.i.AbstractProblemLoader Environment load took 226.3ns 
103153     INFO  main            d.u.i.k.p.i.AbstractProblemLoader Creating init config 
105999     DEBUG main            d.u.i.k.p.i.AbstractProblemLoader Init config took 2.85s 
106036     INFO  main            d.u.i.k.p.i.AbstractProblemLoader Replaying proof LoopContractExamplesAll[LoopContractExamplesAll::sum_loopContract_onLoop([I)].JML normal_behavior operation contract.0 
106038     DEBUG main            d.u.i.k.p.i.IntermediateProofReplayer Proof replay took 14.7ns 
106140     INFO  main            d.u.i.k.p.r.p.TestFile    ... finished proof: closed. 
106445     INFO  main            d.u.i.k.p.i.AbstractProblemLoader Loading environment from /home/runner/work/key/key/key.core/../key.ui/examples/heap/block_loop_contracts/SimpleVariants/sum_onLoop_external.key.proof 
106445     DEBUG main            d.u.i.k.p.i.AbstractProblemLoader Environment load took 148.7ns 
106446     INFO  main            d.u.i.k.p.i.AbstractProblemLoader Creating init config 
109218     DEBUG main            d.u.i.k.p.i.AbstractProblemLoader Init config took 2.77s 
109254     INFO  main            d.u.i.k.p.i.AbstractProblemLoader Replaying proof LoopContractExamplesAll[LoopContractExamplesAll::sum_loopContract_onLoop([I)].JML normal_behavior operation contract.0 
109285     DEBUG main            d.u.i.k.p.i.IntermediateProofReplayer Proof replay took 27.97ms 
109286     DEBUG main            d.u.i.k.p.r.p.TestFile    ... success: reloaded. 
109287     INFO  main            d.u.i.k.p.r.p.TestFile    Now processing file /home/runner/work/key/key/key.core/../key.ui/examples/heap/block_loop_contracts/SimpleVariants/sum_onLoop_internal.key 
109287     INFO  main            d.u.i.k.p.i.AbstractProblemLoader Loading environment from /home/runner/work/key/key/key.core/../key.ui/examples/heap/block_loop_contracts/SimpleVariants/sum_onLoop_internal.key 
109287     DEBUG main            d.u.i.k.p.i.AbstractProblemLoader Environment load took 150.6ns 
109288     INFO  main            d.u.i.k.p.i.AbstractProblemLoader Creating init config 
112160     DEBUG main            d.u.i.k.p.i.AbstractProblemLoader Init config took 2.87s 
112218     INFO  main            d.u.i.k.p.i.AbstractProblemLoader Replaying proof LoopContractExamplesAll[LoopContractExamplesAll::sum_loopContract_onLoop([I)].JML normal_behavior operation contract.0 
112220     DEBUG main            d.u.i.k.p.i.IntermediateProofReplayer Proof replay took 14.4ns 
112924     INFO  main            d.u.i.k.p.r.p.TestFile    ... finished proof: closed. 
113228     INFO  main            d.u.i.k.p.i.AbstractProblemLoader Loading environment from /home/runner/work/key/key/key.core/../key.ui/examples/heap/block_loop_contracts/SimpleVariants/sum_onLoop_internal.key.proof 
113228     DEBUG main            d.u.i.k.p.i.AbstractProblemLoader Environment load took 568.11ns 
113229     INFO  main            d.u.i.k.p.i.AbstractProblemLoader Creating init config 
116015     DEBUG main            d.u.i.k.p.i.AbstractProblemLoader Init config took 2.79s 
116054     INFO  main            d.u.i.k.p.i.AbstractProblemLoader Replaying proof LoopContractExamplesAll[LoopContractExamplesAll::sum_loopContract_onLoop([I)].JML normal_behavior operation contract.0 
116317     DEBUG main            d.u.i.k.p.i.IntermediateProofReplayer Proof replay took 258.91ms 
116321     DEBUG main            d.u.i.k.p.r.p.TestFile    ... success: reloaded. 
116322     INFO  main            d.u.i.k.p.r.p.TestFile    Now processing file /home/runner/work/key/key/key.core/../key.ui/examples/heap/block_loop_contracts/SimpleVariants/sum_onLoop_loop.key 
116322     INFO  main            d.u.i.k.p.i.AbstractProblemLoader Loading environment from /home/runner/work/key/key/key.core/../key.ui/examples/heap/block_loop_contracts/SimpleVariants/sum_onLoop_loop.key 
116322     DEBUG main            d.u.i.k.p.i.AbstractProblemLoader Environment load took 271.9ns 
116324     INFO  main            d.u.i.k.p.i.AbstractProblemLoader Creating init config 
119192     DEBUG main            d.u.i.k.p.i.AbstractProblemLoader Init config took 2.87s 
119229     INFO  main            d.u.i.k.p.i.AbstractProblemLoader Replaying proof LoopContractExamplesAll[LoopContractExamplesAll::sum_loopContract_onLoop([I)].JML normal_behavior loop contract.0 
119231     DEBUG main            d.u.i.k.p.i.IntermediateProofReplayer Proof replay took 13.7ns 
119934     INFO  main            d.u.i.k.p.r.p.TestFile    ... finished proof: closed. 
120228     INFO  main            d.u.i.k.p.i.AbstractProblemLoader Loading environment from /home/runner/work/key/key/key.core/../key.ui/examples/heap/block_loop_contracts/SimpleVariants/sum_onLoop_loop.key.proof 
120230     DEBUG main            d.u.i.k.p.i.AbstractProblemLoader Environment load took 1.51ms 
120231     INFO  main            d.u.i.k.p.i.AbstractProblemLoader Creating init config 
123006     DEBUG main            d.u.i.k.p.i.AbstractProblemLoader Init config took 2.77s 
123043     INFO  main            d.u.i.k.p.i.AbstractProblemLoader Replaying proof LoopContractExamplesAll[LoopContractExamplesAll::sum_loopContract_onLoop([I)].JML normal_behavior loop contract.0 
123285     DEBUG main            d.u.i.k.p.i.IntermediateProofReplayer Proof replay took 237.21ms 
123286     DEBUG main            d.u.i.k.p.r.p.TestFile    ... success: reloaded. 
123287     INFO  main            d.u.i.k.p.r.p.TestFile    Now processing file /home/runner/work/key/key/key.core/../key.ui/examples/heap/block_loop_contracts/Free/blockContracts0.key 
123287     INFO  main            d.u.i.k.p.i.AbstractProblemLoader Loading environment from /home/runner/work/key/key/key.core/../key.ui/examples/heap/block_loop_contracts/Free/blockContracts0.key 
123287     DEBUG main            d.u.i.k.p.i.AbstractProblemLoader Environment load took 105.9ns 
123288     INFO  main            d.u.i.k.p.i.AbstractProblemLoader Creating init config 
125799     DEBUG main            d.u.i.k.p.i.AbstractProblemLoader Init config took 2.51s 
125834     INFO  main            d.u.i.k.p.i.AbstractProblemLoader Replaying proof FreeConditions[FreeConditions::blockContract0()].JML normal_behavior operation contract.0 
125836     DEBUG main            d.u.i.k.p.i.IntermediateProofReplayer Proof replay took 11.7ns 
125938     INFO  main            d.u.i.k.p.r.p.TestFile    ... finished proof: closed. 
126219     INFO  main            d.u.i.k.p.i.AbstractProblemLoader Loading environment from /home/runner/work/key/key/key.core/../key.ui/examples/heap/block_loop_contracts/Free/blockContracts0.key.proof 
126219     DEBUG main            d.u.i.k.p.i.AbstractProblemLoader Environment load took 132.7ns 
126220     INFO  main            d.u.i.k.p.i.AbstractProblemLoader Creating init config 
128646     DEBUG main            d.u.i.k.p.i.AbstractProblemLoader Init config took 2.43s 
128681     INFO  main            d.u.i.k.p.i.AbstractProblemLoader Replaying proof FreeConditions[FreeConditions::blockContract0()].JML normal_behavior operation contract.0 
128707     DEBUG main            d.u.i.k.p.i.IntermediateProofReplayer Proof replay took 24.38ms 
128709     DEBUG main            d.u.i.k.p.r.p.TestFile    ... success: reloaded. 
128710     INFO  main            d.u.i.k.p.r.p.TestFile    Now processing file /home/runner/work/key/key/key.core/../key.ui/examples/heap/block_loop_contracts/Free/blockContracts1.key 
128711     INFO  main            d.u.i.k.p.i.AbstractProblemLoader Loading environment from /home/runner/work/key/key/key.core/../key.ui/examples/heap/block_loop_contracts/Free/blockContracts1.key 
128711     DEBUG main            d.u.i.k.p.i.AbstractProblemLoader Environment load took 69.8ns 
128713     INFO  main            d.u.i.k.p.i.AbstractProblemLoader Creating init config 
131198     DEBUG main            d.u.i.k.p.i.AbstractProblemLoader Init config took 2.49s 
131233     INFO  main            d.u.i.k.p.i.AbstractProblemLoader Replaying proof FreeConditions[FreeConditions::blockContract1()].JML normal_behavior operation contract.0 
131234     DEBUG main            d.u.i.k.p.i.IntermediateProofReplayer Proof replay took 13.7ns 
131338     INFO  main            d.u.i.k.p.r.p.TestFile    ... finished proof: closed. 
131616     INFO  main            d.u.i.k.p.i.AbstractProblemLoader Loading environment from /home/runner/work/key/key/key.core/../key.ui/examples/heap/block_loop_contracts/Free/blockContracts1.key.proof 
131616     DEBUG main            d.u.i.k.p.i.AbstractProblemLoader Environment load took 130.5ns 
131617     INFO  main            d.u.i.k.p.i.AbstractProblemLoader Creating init config 
134038     DEBUG main            d.u.i.k.p.i.AbstractProblemLoader Init config took 2.42s 
134073     INFO  main            d.u.i.k.p.i.AbstractProblemLoader Replaying proof FreeConditions[FreeConditions::blockContract1()].JML normal_behavior operation contract.0 
134092     DEBUG main            d.u.i.k.p.i.IntermediateProofReplayer Proof replay took 16.75ms 
134093     DEBUG main            d.u.i.k.p.r.p.TestFile    ... success: reloaded. 
134094     INFO  main            d.u.i.k.p.r.p.TestFile    Now processing file /home/runner/work/key/key/key.core/../key.ui/examples/heap/block_loop_contracts/Finally/block_finally.key 
134095     INFO  main            d.u.i.k.p.i.AbstractProblemLoader Loading environment from /home/runner/work/key/key/key.core/../key.ui/examples/heap/block_loop_contracts/Finally/block_finally.key 
134096     DEBUG main            d.u.i.k.p.i.AbstractProblemLoader Environment load took 1.55ms 
134098     INFO  main            d.u.i.k.p.i.AbstractProblemLoader Creating init config 
136623     DEBUG main            d.u.i.k.p.i.AbstractProblemLoader Init config took 2.53s 
136661     INFO  main            d.u.i.k.p.i.AbstractProblemLoader Replaying proof AuxiliaryContractsFinally[AuxiliaryContractsFinally::breakThrowContinueBlockContract(java.lang.Exception)].JML block contract.0 
136663     DEBUG main            d.u.i.k.p.i.IntermediateProofReplayer Proof replay took 12ns 
137268     INFO  main            d.u.i.k.p.r.p.TestFile    ... finished proof: open goal(s) 
137574     INFO  main            d.u.i.k.p.r.p.TestFile    Now processing file /home/runner/work/key/key/key.core/../key.ui/examples/heap/block_loop_contracts/Finally/loop_finally.key 
137574     INFO  main            d.u.i.k.p.i.AbstractProblemLoader Loading environment from /home/runner/work/key/key/key.core/../key.ui/examples/heap/block_loop_contracts/Finally/loop_finally.key 
137574     DEBUG main            d.u.i.k.p.i.AbstractProblemLoader Environment load took 65.6ns 
137576     INFO  main            d.u.i.k.p.i.AbstractProblemLoader Creating init config 
140048     DEBUG main            d.u.i.k.p.i.AbstractProblemLoader Init config took 2.47s 
140087     INFO  main            d.u.i.k.p.i.AbstractProblemLoader Replaying proof AuxiliaryContractsFinally[AuxiliaryContractsFinally::breakThrowContinueLoopContract(java.lang.Exception)].JML normal_behavior loop contract.0 
140089     DEBUG main            d.u.i.k.p.i.IntermediateProofReplayer Proof replay took 12.9ns 
140701     INFO  main            d.u.i.k.p.r.p.TestFile    ... finished proof: open goal(s) 
650463     INFO  Test worker     d.u.i.k.p.r.RunAllProofsTestUnit Returning from test blockContracts 
650464     INFO  Test worker     d.u.i.k.p.r.RunAllProofsTestUnit Running test jmlAsserts 
362        INFO  Timeout watchdog d.u.i.k.p.r.p.ForkedTestFileRunner Timeout watcher launched (2000 secs.) 
395        WARN  main            d.u.i.k.s.ProofSettings   The settings in /home/runner/.key/proof-settings.props are *not* read. 
442        INFO  main            d.u.i.k.p.r.p.TestFile    Now processing file /home/runner/work/key/key/key.core/../key.ui/examples/standard_key/java_dl/jml-assert/assert.key 
566        INFO  main            d.u.i.k.p.i.AbstractProblemLoader Loading environment from /home/runner/work/key/key/key.core/../key.ui/examples/standard_key/java_dl/jml-assert/assert.key 
588        DEBUG main            d.u.i.k.p.i.AbstractProblemLoader Environment load took 6.17ms 
807        INFO  main            d.u.i.k.p.i.AbstractProblemLoader Creating init config 
1765       DEBUG main            d.u.i.k.j.TypeConverter   No LDT found for Meta 
1766       DEBUG main            d.u.i.k.j.TypeConverter   No LDT found for Meta 
1767       DEBUG main            d.u.i.k.j.TypeConverter   No LDT found for Meta 
1767       DEBUG main            d.u.i.k.j.TypeConverter   No LDT found for Meta 
3134       DEBUG main            d.u.i.k.j.TypeConverter   No LDT found for JavaBigintExpression 
8351       DEBUG main            d.u.i.k.p.i.AbstractProblemLoader Init config took 7.54s 
8536       INFO  main            d.u.i.k.p.i.AbstractProblemLoader Replaying proof Assert[Assert::createArray(int)].JML normal_behavior operation contract.0 
8571       DEBUG main            d.u.i.k.p.i.IntermediateProofReplayer Proof replay took 34ns 
9547       INFO  main            d.u.i.k.p.r.p.TestFile    ... finished proof: closed. 
9680       INFO  main            d.u.i.k.p.i.AbstractProblemLoader Loading environment from /home/runner/work/key/key/key.core/../key.ui/examples/standard_key/java_dl/jml-assert/assert.key.proof 
9681       DEBUG main            d.u.i.k.p.i.AbstractProblemLoader Environment load took 616.51ns 
9683       INFO  main            d.u.i.k.p.i.AbstractProblemLoader Creating init config 
12607      DEBUG main            d.u.i.k.p.i.AbstractProblemLoader Init config took 2.92s 
12702      INFO  main            d.u.i.k.p.i.AbstractProblemLoader Replaying proof Assert[Assert::createArray(int)].JML normal_behavior operation contract.0 
12828      DEBUG main            d.u.i.k.p.i.IntermediateProofReplayer Proof replay took 113.28ms 
12837      DEBUG main            d.u.i.k.p.r.p.TestFile    ... success: reloaded. 
12839      INFO  main            d.u.i.k.p.r.p.TestFile    Now processing file /home/runner/work/key/key/key.core/../key.ui/examples/heap/block_loop_contracts/Free/assertions0.key 
12839      INFO  main            d.u.i.k.p.i.AbstractProblemLoader Loading environment from /home/runner/work/key/key/key.core/../key.ui/examples/heap/block_loop_contracts/Free/assertions0.key 
12840      DEBUG main            d.u.i.k.p.i.AbstractProblemLoader Environment load took 288.4ns 
12842      INFO  main            d.u.i.k.p.i.AbstractProblemLoader Creating init config 
15514      DEBUG main            d.u.i.k.p.i.AbstractProblemLoader Init config took 2.67s 
15573      INFO  main            d.u.i.k.p.i.AbstractProblemLoader Replaying proof FreeConditions[FreeConditions::assertions0()].JML normal_behavior operation contract.0 
15577      DEBUG main            d.u.i.k.p.i.IntermediateProofReplayer Proof replay took 15.8ns 
15680      INFO  main            d.u.i.k.p.r.p.TestFile    ... finished proof: closed. 
15814      INFO  main            d.u.i.k.p.i.AbstractProblemLoader Loading environment from /home/runner/work/key/key/key.core/../key.ui/examples/heap/block_loop_contracts/Free/assertions0.key.proof 
15815      DEBUG main            d.u.i.k.p.i.AbstractProblemLoader Environment load took 747.41ns 
15816      INFO  main            d.u.i.k.p.i.AbstractProblemLoader Creating init config 
18349      DEBUG main            d.u.i.k.p.i.AbstractProblemLoader Init config took 2.53s 
18402      INFO  main            d.u.i.k.p.i.AbstractProblemLoader Replaying proof FreeConditions[FreeConditions::assertions0()].JML normal_behavior operation contract.0 
18429      DEBUG main            d.u.i.k.p.i.IntermediateProofReplayer Proof replay took 23.78ms 
18430      DEBUG main            d.u.i.k.p.r.p.TestFile    ... success: reloaded. 
18431      INFO  main            d.u.i.k.p.r.p.TestFile    Now processing file /home/runner/work/key/key/key.core/../key.ui/examples/heap/block_loop_contracts/Free/assertions1.key 
18432      INFO  main            d.u.i.k.p.i.AbstractProblemLoader Loading environment from /home/runner/work/key/key/key.core/../key.ui/examples/heap/block_loop_contracts/Free/assertions1.key 
18432      DEBUG main            d.u.i.k.p.i.AbstractProblemLoader Environment load took 366.01ns 
18434      INFO  main            d.u.i.k.p.i.AbstractProblemLoader Creating init config 
20975      DEBUG main            d.u.i.k.p.i.AbstractProblemLoader Init config took 2.54s 
21034      INFO  main            d.u.i.k.p.i.AbstractProblemLoader Replaying proof FreeConditions[FreeConditions::assertions1()].JML normal_behavior operation contract.0 
21039      DEBUG main            d.u.i.k.p.i.IntermediateProofReplayer Proof replay took 26.6ns 
21141      INFO  main            d.u.i.k.p.r.p.TestFile    ... finished proof: closed. 
21322      INFO  main            d.u.i.k.p.i.AbstractProblemLoader Loading environment from /home/runner/work/key/key/key.core/../key.ui/examples/heap/block_loop_contracts/Free/assertions1.key.proof 
21322      DEBUG main            d.u.i.k.p.i.AbstractProblemLoader Environment load took 149.3ns 
21323      INFO  main            d.u.i.k.p.i.AbstractProblemLoader Creating init config 
23778      DEBUG main            d.u.i.k.p.i.AbstractProblemLoader Init config took 2.45s 
23825      INFO  main            d.u.i.k.p.i.AbstractProblemLoader Replaying proof FreeConditions[FreeConditions::assertions1()].JML normal_behavior operation contract.0 
23833      DEBUG main            d.u.i.k.p.i.IntermediateProofReplayer Proof replay took 5.8ms 
23834      DEBUG main            d.u.i.k.p.r.p.TestFile    ... success: reloaded. 
23835      INFO  main            d.u.i.k.p.r.p.TestFile    Now processing file /home/runner/work/key/key/key.core/../key.ui/examples/standard_key/java_dl/jml-assert/recursion-assert.key 
23836      INFO  main            d.u.i.k.p.i.AbstractProblemLoader Loading environment from /home/runner/work/key/key/key.core/../key.ui/examples/standard_key/java_dl/jml-assert/recursion-assert.key 
23836      DEBUG main            d.u.i.k.p.i.AbstractProblemLoader Environment load took 286.7ns 
23837      INFO  main            d.u.i.k.p.i.AbstractProblemLoader Creating init config 
26416      DEBUG main            d.u.i.k.p.i.AbstractProblemLoader Init config took 2.58s 
26464      INFO  main            d.u.i.k.p.i.AbstractProblemLoader Replaying proof RecursiveMethod[RecursiveMethod::fac1(int)].JML normal_behavior operation contract.0 
26467      DEBUG main            d.u.i.k.p.i.IntermediateProofReplayer Proof replay took 5.8ns 
26674      INFO  main            d.u.i.k.p.r.p.TestFile    ... finished proof: closed. 
26849      INFO  main            d.u.i.k.p.i.AbstractProblemLoader Loading environment from /home/runner/work/key/key/key.core/../key.ui/examples/standard_key/java_dl/jml-assert/recursion-assert.key.proof 
26850      DEBUG main            d.u.i.k.p.i.AbstractProblemLoader Environment load took 1.16ms 
26852      INFO  main            d.u.i.k.p.i.AbstractProblemLoader Creating init config 
29435      DEBUG main            d.u.i.k.p.i.AbstractProblemLoader Init config took 2.58s 
29484      INFO  main            d.u.i.k.p.i.AbstractProblemLoader Replaying proof RecursiveMethod[RecursiveMethod::fac1(int)].JML normal_behavior operation contract.0 
29542      DEBUG main            d.u.i.k.p.i.IntermediateProofReplayer Proof replay took 54.3ms 
29543      DEBUG main            d.u.i.k.p.r.p.TestFile    ... success: reloaded. 
29545      INFO  main            d.u.i.k.p.r.p.TestFile    Now processing file /home/runner/work/key/key/key.core/../key.ui/examples/standard_key/java_dl/jml-assert/recursion-assume.key 
29545      INFO  main            d.u.i.k.p.i.AbstractProblemLoader Loading environment from /home/runner/work/key/key/key.core/../key.ui/examples/standard_key/java_dl/jml-assert/recursion-assume.key 
29545      DEBUG main            d.u.i.k.p.i.AbstractProblemLoader Environment load took 247.5ns 
29546      INFO  main            d.u.i.k.p.i.AbstractProblemLoader Creating init config 
32166      DEBUG main            d.u.i.k.p.i.AbstractProblemLoader Init config took 2.62s 
32214      INFO  main            d.u.i.k.p.i.AbstractProblemLoader Replaying proof RecursiveMethod[RecursiveMethod::fac2(int)].JML normal_behavior operation contract.0 
32216      DEBUG main            d.u.i.k.p.i.IntermediateProofReplayer Proof replay took 8.4ns 
32422      INFO  main            d.u.i.k.p.r.p.TestFile    ... finished proof: closed. 
32609      INFO  main            d.u.i.k.p.i.AbstractProblemLoader Loading environment from /home/runner/work/key/key/key.core/../key.ui/examples/standard_key/java_dl/jml-assert/recursion-assume.key.proof 
32610      DEBUG main            d.u.i.k.p.i.AbstractProblemLoader Environment load took 538.71ns 
32611      INFO  main            d.u.i.k.p.i.AbstractProblemLoader Creating init config 
35164      DEBUG main            d.u.i.k.p.i.AbstractProblemLoader Init config took 2.55s 
35214      INFO  main            d.u.i.k.p.i.AbstractProblemLoader Replaying proof RecursiveMethod[RecursiveMethod::fac2(int)].JML normal_behavior operation contract.0 
35253      DEBUG main            d.u.i.k.p.i.IntermediateProofReplayer Proof replay took 36.85ms 
35255      DEBUG main            d.u.i.k.p.r.p.TestFile    ... success: reloaded. 
35256      INFO  main            d.u.i.k.p.r.p.TestFile    Now processing file /home/runner/work/key/key/key.core/../key.ui/examples/standard_key/java_dl/jml-assert/quantor-assert.key 
35256      INFO  main            d.u.i.k.p.i.AbstractProblemLoader Loading environment from /home/runner/work/key/key/key.core/../key.ui/examples/standard_key/java_dl/jml-assert/quantor-assert.key 
35257      DEBUG main            d.u.i.k.p.i.AbstractProblemLoader Environment load took 233.5ns 
35258      INFO  main            d.u.i.k.p.i.AbstractProblemLoader Creating init config 
37855      DEBUG main            d.u.i.k.p.i.AbstractProblemLoader Init config took 2.6s 
37920      INFO  main            d.u.i.k.p.i.AbstractProblemLoader Replaying proof Quantor[Quantor::square1(int)].JML normal_behavior operation contract.0 
37922      DEBUG main            d.u.i.k.p.i.IntermediateProofReplayer Proof replay took 8.2ns 
38025      INFO  main            d.u.i.k.p.r.p.TestFile    ... finished proof: closed. 
38214      INFO  main            d.u.i.k.p.i.AbstractProblemLoader Loading environment from /home/runner/work/key/key/key.core/../key.ui/examples/standard_key/java_dl/jml-assert/quantor-assert.key.proof 
38214      DEBUG main            d.u.i.k.p.i.AbstractProblemLoader Environment load took 171.1ns 
38215      INFO  main            d.u.i.k.p.i.AbstractProblemLoader Creating init config 
40686      DEBUG main            d.u.i.k.p.i.AbstractProblemLoader Init config took 2.47s 
40741      INFO  main            d.u.i.k.p.i.AbstractProblemLoader Replaying proof Quantor[Quantor::square1(int)].JML normal_behavior operation contract.0 
40760      DEBUG main            d.u.i.k.p.i.IntermediateProofReplayer Proof replay took 16.65ms 
40761      DEBUG main            d.u.i.k.p.r.p.TestFile    ... success: reloaded. 
40762      INFO  main            d.u.i.k.p.r.p.TestFile    Now processing file /home/runner/work/key/key/key.core/../key.ui/examples/standard_key/java_dl/jml-assert/quantor-assume.key 
40763      INFO  main            d.u.i.k.p.i.AbstractProblemLoader Loading environment from /home/runner/work/key/key/key.core/../key.ui/examples/standard_key/java_dl/jml-assert/quantor-assume.key 
40763      DEBUG main            d.u.i.k.p.i.AbstractProblemLoader Environment load took 124.9ns 
40764      INFO  main            d.u.i.k.p.i.AbstractProblemLoader Creating init config 
43280      DEBUG main            d.u.i.k.p.i.AbstractProblemLoader Init config took 2.52s 
43324      INFO  main            d.u.i.k.p.i.AbstractProblemLoader Replaying proof Quantor[Quantor::square2(int)].JML normal_behavior operation contract.0 
43325      DEBUG main            d.u.i.k.p.i.IntermediateProofReplayer Proof replay took 6.3ns 
43429      INFO  main            d.u.i.k.p.r.p.TestFile    ... finished proof: closed. 
43635      INFO  main            d.u.i.k.p.i.AbstractProblemLoader Loading environment from /home/runner/work/key/key/key.core/../key.ui/examples/standard_key/java_dl/jml-assert/quantor-assume.key.proof 
43635      DEBUG main            d.u.i.k.p.i.AbstractProblemLoader Environment load took 136.5ns 
43636      INFO  main            d.u.i.k.p.i.AbstractProblemLoader Creating init config 
46128      DEBUG main            d.u.i.k.p.i.AbstractProblemLoader Init config took 2.49s 
46171      INFO  main            d.u.i.k.p.i.AbstractProblemLoader Replaying proof Quantor[Quantor::square2(int)].JML normal_behavior operation contract.0 
46188      DEBUG main            d.u.i.k.p.i.IntermediateProofReplayer Proof replay took 14.5ms 
46189      DEBUG main            d.u.i.k.p.r.p.TestFile    ... success: reloaded. 
46190      INFO  main            d.u.i.k.p.r.p.TestFile    Now processing file /home/runner/work/key/key/key.core/../key.ui/examples/standard_key/java_dl/jml-assert/model-methods-static-static.key 
46190      INFO  main            d.u.i.k.p.i.AbstractProblemLoader Loading environment from /home/runner/work/key/key/key.core/../key.ui/examples/standard_key/java_dl/jml-assert/model-methods-static-static.key 
46190      DEBUG main            d.u.i.k.p.i.AbstractProblemLoader Environment load took 113.7ns 
46191      INFO  main            d.u.i.k.p.i.AbstractProblemLoader Creating init config 
48778      DEBUG main            d.u.i.k.p.i.AbstractProblemLoader Init config took 2.59s 
48826      INFO  main            d.u.i.k.p.i.AbstractProblemLoader Replaying proof ModelMethods[ModelMethods::test1()].JML normal_behavior operation contract.0 
48828      DEBUG main            d.u.i.k.p.i.IntermediateProofReplayer Proof replay took 7.5ns 
48930      INFO  main            d.u.i.k.p.r.p.TestFile    ... finished proof: closed. 
49131      INFO  main            d.u.i.k.p.i.AbstractProblemLoader Loading environment from /home/runner/work/key/key/key.core/../key.ui/examples/standard_key/java_dl/jml-assert/model-methods-static-static.key.proof 
49132      DEBUG main            d.u.i.k.p.i.AbstractProblemLoader Environment load took 138.6ns 
49133      INFO  main            d.u.i.k.p.i.AbstractProblemLoader Creating init config 
51660      DEBUG main            d.u.i.k.p.i.AbstractProblemLoader Init config took 2.53s 
51712      INFO  main            d.u.i.k.p.i.AbstractProblemLoader Replaying proof ModelMethods[ModelMethods::test1()].JML normal_behavior operation contract.0 
51720      DEBUG main            d.u.i.k.p.i.IntermediateProofReplayer Proof replay took 6.62ms 
51721      DEBUG main            d.u.i.k.p.r.p.TestFile    ... success: reloaded. 
51722      INFO  main            d.u.i.k.p.r.p.TestFile    Now processing file /home/runner/work/key/key/key.core/../key.ui/examples/standard_key/java_dl/jml-assert/model-methods-instance-static.key 
51723      INFO  main            d.u.i.k.p.i.AbstractProblemLoader Loading environment from /home/runner/work/key/key/key.core/../key.ui/examples/standard_key/java_dl/jml-assert/model-methods-instance-static.key 
51723      DEBUG main            d.u.i.k.p.i.AbstractProblemLoader Environment load took 98ns 
51724      INFO  main            d.u.i.k.p.i.AbstractProblemLoader Creating init config 
54243      DEBUG main            d.u.i.k.p.i.AbstractProblemLoader Init config took 2.52s 
54284      INFO  main            d.u.i.k.p.i.AbstractProblemLoader Replaying proof ModelMethods[ModelMethods::test2()].JML normal_behavior operation contract.0 
54285      DEBUG main            d.u.i.k.p.i.IntermediateProofReplayer Proof replay took 8.3ns 
54389      INFO  main            d.u.i.k.p.r.p.TestFile    ... finished proof: closed. 
54573      INFO  main            d.u.i.k.p.i.AbstractProblemLoader Loading environment from /home/runner/work/key/key/key.core/../key.ui/examples/standard_key/java_dl/jml-assert/model-methods-instance-static.key.proof 
54574      DEBUG main            d.u.i.k.p.i.AbstractProblemLoader Environment load took 145.1ns 
54575      INFO  main            d.u.i.k.p.i.AbstractProblemLoader Creating init config 
57051      DEBUG main            d.u.i.k.p.i.AbstractProblemLoader Init config took 2.48s 
57092      INFO  main            d.u.i.k.p.i.AbstractProblemLoader Replaying proof ModelMethods[ModelMethods::test2()].JML normal_behavior operation contract.0 
57106      DEBUG main            d.u.i.k.p.i.IntermediateProofReplayer Proof replay took 11.74ms 
57108      DEBUG main            d.u.i.k.p.r.p.TestFile    ... success: reloaded. 
57110      INFO  main            d.u.i.k.p.r.p.TestFile    Now processing file /home/runner/work/key/key/key.core/../key.ui/examples/standard_key/java_dl/jml-assert/model-methods-instance-instance.key 
57110      INFO  main            d.u.i.k.p.i.AbstractProblemLoader Loading environment from /home/runner/work/key/key/key.core/../key.ui/examples/standard_key/java_dl/jml-assert/model-methods-instance-instance.key 
57111      DEBUG main            d.u.i.k.p.i.AbstractProblemLoader Environment load took 243.4ns 
57112      INFO  main            d.u.i.k.p.i.AbstractProblemLoader Creating init config 
59658      DEBUG main            d.u.i.k.p.i.AbstractProblemLoader Init config took 2.55s 
59703      INFO  main            d.u.i.k.p.i.AbstractProblemLoader Replaying proof ModelMethods[ModelMethods::test3()].JML normal_behavior operation contract.0 
59705      DEBUG main            d.u.i.k.p.i.IntermediateProofReplayer Proof replay took 7.7ns 
59808      INFO  main            d.u.i.k.p.r.p.TestFile    ... finished proof: closed. 
60026      INFO  main            d.u.i.k.p.i.AbstractProblemLoader Loading environment from /home/runner/work/key/key/key.core/../key.ui/examples/standard_key/java_dl/jml-assert/model-methods-instance-instance.key.proof 
60026      DEBUG main            d.u.i.k.p.i.AbstractProblemLoader Environment load took 139ns 
60029      INFO  main            d.u.i.k.p.i.AbstractProblemLoader Creating init config 
62489      DEBUG main            d.u.i.k.p.i.AbstractProblemLoader Init config took 2.46s 
62536      INFO  main            d.u.i.k.p.i.AbstractProblemLoader Replaying proof ModelMethods[ModelMethods::test3()].JML normal_behavior operation contract.0 
62551      DEBUG main            d.u.i.k.p.i.IntermediateProofReplayer Proof replay took 12.71ms 
62552      DEBUG main            d.u.i.k.p.r.p.TestFile    ... success: reloaded. 
62553      INFO  main            d.u.i.k.p.r.p.TestFile    Now processing file /home/runner/work/key/key/key.core/../key.ui/examples/standard_key/java_dl/jml-assert/model-methods-static-instance.key 
62554      INFO  main            d.u.i.k.p.i.AbstractProblemLoader Loading environment from /home/runner/work/key/key/key.core/../key.ui/examples/standard_key/java_dl/jml-assert/model-methods-static-instance.key 
62554      DEBUG main            d.u.i.k.p.i.AbstractProblemLoader Environment load took 84.1ns 
62555      INFO  main            d.u.i.k.p.i.AbstractProblemLoader Creating init config 
65104      DEBUG main            d.u.i.k.p.i.AbstractProblemLoader Init config took 2.55s 
65145      INFO  main            d.u.i.k.p.i.AbstractProblemLoader Replaying proof ModelMethods[ModelMethods::test4()].JML normal_behavior operation contract.0 
65146      DEBUG main            d.u.i.k.p.i.IntermediateProofReplayer Proof replay took 8.7ns 
65349      INFO  main            d.u.i.k.p.r.p.TestFile    ... finished proof: closed. 
65630      INFO  main            d.u.i.k.p.i.AbstractProblemLoader Loading environment from /home/runner/work/key/key/key.core/../key.ui/examples/standard_key/java_dl/jml-assert/model-methods-static-instance.key.proof 
65630      DEBUG main            d.u.i.k.p.i.AbstractProblemLoader Environment load took 140.3ns 
65631      INFO  main            d.u.i.k.p.i.AbstractProblemLoader Creating init config 
68097      DEBUG main            d.u.i.k.p.i.AbstractProblemLoader Init config took 2.47s 
68155      INFO  main            d.u.i.k.p.i.AbstractProblemLoader Replaying proof ModelMethods[ModelMethods::test4()].JML normal_behavior operation contract.0 
68189      DEBUG main            d.u.i.k.p.i.IntermediateProofReplayer Proof replay took 31.75ms 
68190      DEBUG main            d.u.i.k.p.r.p.TestFile    ... success: reloaded. 
68191      INFO  main            d.u.i.k.p.r.p.TestFile    Now processing file /home/runner/work/key/key/key.core/../key.ui/examples/standard_key/java_dl/jml-assert/assert-old/inc-field.key 
68192      INFO  main            d.u.i.k.p.i.AbstractProblemLoader Loading environment from /home/runner/work/key/key/key.core/../key.ui/examples/standard_key/java_dl/jml-assert/assert-old/inc-field.key 
68192      DEBUG main            d.u.i.k.p.i.AbstractProblemLoader Environment load took 113.1ns 
68193      INFO  main            d.u.i.k.p.i.AbstractProblemLoader Creating init config 
70616      DEBUG main            d.u.i.k.p.i.AbstractProblemLoader Init config took 2.42s 
70654      INFO  main            d.u.i.k.p.i.AbstractProblemLoader Replaying proof Inc[Inc::inc_field()].JML normal_behavior operation contract.0 
70655      DEBUG main            d.u.i.k.p.i.IntermediateProofReplayer Proof replay took 7.1ns 
70757      INFO  main            d.u.i.k.p.r.p.TestFile    ... finished proof: closed. 
70986      INFO  main            d.u.i.k.p.i.AbstractProblemLoader Loading environment from /home/runner/work/key/key/key.core/../key.ui/examples/standard_key/java_dl/jml-assert/assert-old/inc-field.key.proof 
70986      DEBUG main            d.u.i.k.p.i.AbstractProblemLoader Environment load took 135.4ns 
70987      INFO  main            d.u.i.k.p.i.AbstractProblemLoader Creating init config 
73353      DEBUG main            d.u.i.k.p.i.AbstractProblemLoader Init config took 2.37s 
73391      INFO  main            d.u.i.k.p.i.AbstractProblemLoader Replaying proof Inc[Inc::inc_field()].JML normal_behavior operation contract.0 
73434      DEBUG main            d.u.i.k.p.i.IntermediateProofReplayer Proof replay took 40.4ms 
73436      DEBUG main            d.u.i.k.p.r.p.TestFile    ... success: reloaded. 
73437      INFO  main            d.u.i.k.p.r.p.TestFile    Now processing file /home/runner/work/key/key/key.core/../key.ui/examples/standard_key/java_dl/jml-assert/assert-old/inc-parameter.key 
73437      INFO  main            d.u.i.k.p.i.AbstractProblemLoader Loading environment from /home/runner/work/key/key/key.core/../key.ui/examples/standard_key/java_dl/jml-assert/assert-old/inc-parameter.key 
73437      DEBUG main            d.u.i.k.p.i.AbstractProblemLoader Environment load took 246.5ns 
73438      INFO  main            d.u.i.k.p.i.AbstractProblemLoader Creating init config 
75899      DEBUG main            d.u.i.k.p.i.AbstractProblemLoader Init config took 2.46s 
75937      INFO  main            d.u.i.k.p.i.AbstractProblemLoader Replaying proof Inc[Inc::inc_parameter(int)].JML normal_behavior operation contract.0 
75938      DEBUG main            d.u.i.k.p.i.IntermediateProofReplayer Proof replay took 8.9ns 
76041      INFO  main            d.u.i.k.p.r.p.TestFile    ... finished proof: closed. 
76278      INFO  main            d.u.i.k.p.i.AbstractProblemLoader Loading environment from /home/runner/work/key/key/key.core/../key.ui/examples/standard_key/java_dl/jml-assert/assert-old/inc-parameter.key.proof 
76278      DEBUG main            d.u.i.k.p.i.AbstractProblemLoader Environment load took 133.7ns 
76279      INFO  main            d.u.i.k.p.i.AbstractProblemLoader Creating init config 
78721      DEBUG main            d.u.i.k.p.i.AbstractProblemLoader Init config took 2.44s 
78763      INFO  main            d.u.i.k.p.i.AbstractProblemLoader Replaying proof Inc[Inc::inc_parameter(int)].JML normal_behavior operation contract.0 
78788      DEBUG main            d.u.i.k.p.i.IntermediateProofReplayer Proof replay took 20.55ms 
78789      DEBUG main            d.u.i.k.p.r.p.TestFile    ... success: reloaded. 
78790      INFO  main            d.u.i.k.p.r.p.TestFile    Now processing file /home/runner/work/key/key/key.core/../key.ui/examples/standard_key/java_dl/jml-assert/assert-old/inc-parameter-field.key 
78791      INFO  main            d.u.i.k.p.i.AbstractProblemLoader Loading environment from /home/runner/work/key/key/key.core/../key.ui/examples/standard_key/java_dl/jml-assert/assert-old/inc-parameter-field.key 
78791      DEBUG main            d.u.i.k.p.i.AbstractProblemLoader Environment load took 270.8ns 
78792      INFO  main            d.u.i.k.p.i.AbstractProblemLoader Creating init config 
81206      DEBUG main            d.u.i.k.p.i.AbstractProblemLoader Init config took 2.41s 
81244      INFO  main            d.u.i.k.p.i.AbstractProblemLoader Replaying proof Inc[Inc::inc_parameter_field(Inc)].JML normal_behavior operation contract.0 
81245      DEBUG main            d.u.i.k.p.i.IntermediateProofReplayer Proof replay took 7.8ns 
81449      INFO  main            d.u.i.k.p.r.p.TestFile    ... finished proof: closed. 
81698      INFO  main            d.u.i.k.p.i.AbstractProblemLoader Loading environment from /home/runner/work/key/key/key.core/../key.ui/examples/standard_key/java_dl/jml-assert/assert-old/inc-parameter-field.key.proof 
81698      DEBUG main            d.u.i.k.p.i.AbstractProblemLoader Environment load took 154.4ns 
81699      INFO  main            d.u.i.k.p.i.AbstractProblemLoader Creating init config 
84061      DEBUG main            d.u.i.k.p.i.AbstractProblemLoader Init config took 2.36s 
84097      INFO  main            d.u.i.k.p.i.AbstractProblemLoader Replaying proof Inc[Inc::inc_parameter_field(Inc)].JML normal_behavior operation contract.0 
84139      DEBUG main            d.u.i.k.p.i.IntermediateProofReplayer Proof replay took 36.25ms 
84140      DEBUG main            d.u.i.k.p.r.p.TestFile    ... success: reloaded. 
84141      INFO  main            d.u.i.k.p.r.p.TestFile    Now processing file /home/runner/work/key/key/key.core/../key.ui/examples/standard_key/java_dl/jml-assert/assert-old/inc-ghost-field.key 
84142      INFO  main            d.u.i.k.p.i.AbstractProblemLoader Loading environment from /home/runner/work/key/key/key.core/../key.ui/examples/standard_key/java_dl/jml-assert/assert-old/inc-ghost-field.key 
84142      DEBUG main            d.u.i.k.p.i.AbstractProblemLoader Environment load took 109.6ns 
84143      INFO  main            d.u.i.k.p.i.AbstractProblemLoader Creating init config 
86614      DEBUG main            d.u.i.k.p.i.AbstractProblemLoader Init config took 2.47s 
86650      INFO  main            d.u.i.k.p.i.AbstractProblemLoader Replaying proof Inc[Inc::inc_ghost_field()].JML normal_behavior operation contract.0 
86653      DEBUG main            d.u.i.k.p.i.IntermediateProofReplayer Proof replay took 8.1ns 
86855      INFO  main            d.u.i.k.p.r.p.TestFile    ... finished proof: closed. 
87097      INFO  main            d.u.i.k.p.i.AbstractProblemLoader Loading environment from /home/runner/work/key/key/key.core/../key.ui/examples/standard_key/java_dl/jml-assert/assert-old/inc-ghost-field.key.proof 
87097      DEBUG main            d.u.i.k.p.i.AbstractProblemLoader Environment load took 134.5ns 
87098      INFO  main            d.u.i.k.p.i.AbstractProblemLoader Creating init config 
89450      DEBUG main            d.u.i.k.p.i.AbstractProblemLoader Init config took 2.35s 
89488      INFO  main            d.u.i.k.p.i.AbstractProblemLoader Replaying proof Inc[Inc::inc_ghost_field()].JML normal_behavior operation contract.0 
89517      DEBUG main            d.u.i.k.p.i.IntermediateProofReplayer Proof replay took 26.71ms 
89518      DEBUG main            d.u.i.k.p.r.p.TestFile    ... success: reloaded. 
740146     INFO  Test worker     d.u.i.k.p.r.RunAllProofsTestUnit Returning from test jmlAsserts 
740149     INFO  Test worker     d.u.i.k.p.r.RunAllProofsTestUnit Running test javaCard 
336        INFO  Timeout watchdog d.u.i.k.p.r.p.ForkedTestFileRunner Timeout watcher launched (2000 secs.) 
355        WARN  main            d.u.i.k.s.ProofSettings   The settings in /home/runner/.key/proof-settings.props are *not* read. 
386        INFO  main            d.u.i.k.p.r.p.TestFile    Now processing file /home/runner/work/key/key/key.core/../key.ui/examples/heap/javacard/updateBalance0.key 
494        INFO  main            d.u.i.k.p.i.AbstractProblemLoader Loading environment from /home/runner/work/key/key/key.core/../key.ui/examples/heap/javacard/updateBalance0.key 
521        DEBUG main            d.u.i.k.p.i.AbstractProblemLoader Environment load took 1.91ms 
745        INFO  main            d.u.i.k.p.i.AbstractProblemLoader Creating init config 
1799       DEBUG main            d.u.i.k.j.TypeConverter   No LDT found for Meta 
1800       DEBUG main            d.u.i.k.j.TypeConverter   No LDT found for Meta 
1802       DEBUG main            d.u.i.k.j.TypeConverter   No LDT found for Meta 
1802       DEBUG main            d.u.i.k.j.TypeConverter   No LDT found for Meta 
3209       DEBUG main            d.u.i.k.j.TypeConverter   No LDT found for JavaBigintExpression 
6574       DEBUG main            d.u.i.k.p.i.AbstractProblemLoader Init config took 5.83s 
6723       INFO  main            d.u.i.k.p.i.AbstractProblemLoader Replaying proof Examples[Examples::updateBalance(short)].JML normal_behavior operation contract.0 
6763       DEBUG main            d.u.i.k.p.i.IntermediateProofReplayer Proof replay took 35.2ns 
8235       INFO  main            d.u.i.k.p.r.p.TestFile    ... finished proof: closed. 
8359       INFO  main            d.u.i.k.p.i.AbstractProblemLoader Loading environment from /home/runner/work/key/key/key.core/../key.ui/examples/heap/javacard/updateBalance0.key.proof 
8360       DEBUG main            d.u.i.k.p.i.AbstractProblemLoader Environment load took 571.01ns 
8362       INFO  main            d.u.i.k.p.i.AbstractProblemLoader Creating init config 
10099      DEBUG main            d.u.i.k.p.i.AbstractProblemLoader Init config took 1.74s 
10168      INFO  main            d.u.i.k.p.i.AbstractProblemLoader Replaying proof Examples[Examples::updateBalance(short)].JML normal_behavior operation contract.0 
10455      DEBUG main            d.u.i.k.p.i.IntermediateProofReplayer Proof replay took 276.41ms 
10464      DEBUG main            d.u.i.k.p.r.p.TestFile    ... success: reloaded. 
10474      INFO  main            d.u.i.k.p.r.p.TestFile    Now processing file /home/runner/work/key/key/key.core/../key.ui/examples/heap/javacard/updateBalance1.key 
10475      INFO  main            d.u.i.k.p.i.AbstractProblemLoader Loading environment from /home/runner/work/key/key/key.core/../key.ui/examples/heap/javacard/updateBalance1.key 
10475      DEBUG main            d.u.i.k.p.i.AbstractProblemLoader Environment load took 166.4ns 
10478      INFO  main            d.u.i.k.p.i.AbstractProblemLoader Creating init config 
12301      DEBUG main            d.u.i.k.p.i.AbstractProblemLoader Init config took 1.82s 
12352      INFO  main            d.u.i.k.p.i.AbstractProblemLoader Replaying proof Examples[Examples::updateBalance(short)].JML normal_behavior operation contract.1 
12355      DEBUG main            d.u.i.k.p.i.IntermediateProofReplayer Proof replay took 6.8ns 
12959      INFO  main            d.u.i.k.p.r.p.TestFile    ... finished proof: closed. 
13105      INFO  main            d.u.i.k.p.i.AbstractProblemLoader Loading environment from /home/runner/work/key/key/key.core/../key.ui/examples/heap/javacard/updateBalance1.key.proof 
13108      DEBUG main            d.u.i.k.p.i.AbstractProblemLoader Environment load took 2.31ms 
13110      INFO  main            d.u.i.k.p.i.AbstractProblemLoader Creating init config 
14829      DEBUG main            d.u.i.k.p.i.AbstractProblemLoader Init config took 1.72s 
14894      INFO  main            d.u.i.k.p.i.AbstractProblemLoader Replaying proof Examples[Examples::updateBalance(short)].JML normal_behavior operation contract.1 
15059      DEBUG main            d.u.i.k.p.i.IntermediateProofReplayer Proof replay took 156.88ms 
15062      DEBUG main            d.u.i.k.p.r.p.TestFile    ... success: reloaded. 
15066      INFO  main            d.u.i.k.p.r.p.TestFile    Now processing file /home/runner/work/key/key/key.core/../key.ui/examples/heap/javacard/setArray1.key 
15067      INFO  main            d.u.i.k.p.i.AbstractProblemLoader Loading environment from /home/runner/work/key/key/key.core/../key.ui/examples/heap/javacard/setArray1.key 
15067      DEBUG main            d.u.i.k.p.i.AbstractProblemLoader Environment load took 274.6ns 
15074      INFO  main            d.u.i.k.p.i.AbstractProblemLoader Creating init config 
16722      DEBUG main            d.u.i.k.p.i.AbstractProblemLoader Init config took 1.65s 
16770      INFO  main            d.u.i.k.p.i.AbstractProblemLoader Replaying proof Examples[Examples::setArray1([B)].JML normal_behavior operation contract.0 
16772      DEBUG main            d.u.i.k.p.i.IntermediateProofReplayer Proof replay took 6.7ns 
17781      INFO  main            d.u.i.k.p.r.p.TestFile    ... finished proof: closed. 
17907      INFO  main            d.u.i.k.p.i.AbstractProblemLoader Loading environment from /home/runner/work/key/key/key.core/../key.ui/examples/heap/javacard/setArray1.key.proof 
17908      DEBUG main            d.u.i.k.p.i.AbstractProblemLoader Environment load took 564.41ns 
17910      INFO  main            d.u.i.k.p.i.AbstractProblemLoader Creating init config 
19537      DEBUG main            d.u.i.k.p.i.AbstractProblemLoader Init config took 1.63s 
19578      INFO  main            d.u.i.k.p.i.AbstractProblemLoader Replaying proof Examples[Examples::setArray1([B)].JML normal_behavior operation contract.0 
19785      DEBUG main            d.u.i.k.p.i.IntermediateProofReplayer Proof replay took 201.14ms 
19788      DEBUG main            d.u.i.k.p.r.p.TestFile    ... success: reloaded. 
19790      INFO  main            d.u.i.k.p.r.p.TestFile    Now processing file /home/runner/work/key/key/key.core/../key.ui/examples/heap/javacard/setArray2.key 
19791      INFO  main            d.u.i.k.p.i.AbstractProblemLoader Loading environment from /home/runner/work/key/key/key.core/../key.ui/examples/heap/javacard/setArray2.key 
19791      DEBUG main            d.u.i.k.p.i.AbstractProblemLoader Environment load took 270.2ns 
19792      INFO  main            d.u.i.k.p.i.AbstractProblemLoader Creating init config 
21406      DEBUG main            d.u.i.k.p.i.AbstractProblemLoader Init config took 1.61s 
21447      INFO  main            d.u.i.k.p.i.AbstractProblemLoader Replaying proof Examples[Examples::setArray2([B)].JML normal_behavior operation contract.0 
21450      DEBUG main            d.u.i.k.p.i.IntermediateProofReplayer Proof replay took 7.2ns 
22557      INFO  main            d.u.i.k.p.r.p.TestFile    ... finished proof: closed. 
22700      INFO  main            d.u.i.k.p.i.AbstractProblemLoader Loading environment from /home/runner/work/key/key/key.core/../key.ui/examples/heap/javacard/setArray2.key.proof 
22701      DEBUG main            d.u.i.k.p.i.AbstractProblemLoader Environment load took 540.41ns 
22702      INFO  main            d.u.i.k.p.i.AbstractProblemLoader Creating init config 
24312      DEBUG main            d.u.i.k.p.i.AbstractProblemLoader Init config took 1.61s 
24357      INFO  main            d.u.i.k.p.i.AbstractProblemLoader Replaying proof Examples[Examples::setArray2([B)].JML normal_behavior operation contract.0 
24557      DEBUG main            d.u.i.k.p.i.IntermediateProofReplayer Proof replay took 193.62ms 
24559      DEBUG main            d.u.i.k.p.r.p.TestFile    ... success: reloaded. 
24561      INFO  main            d.u.i.k.p.r.p.TestFile    Now processing file /home/runner/work/key/key/key.core/../key.ui/examples/heap/javacard/arrayFillNonAtomic.key 
24562      INFO  main            d.u.i.k.p.i.AbstractProblemLoader Loading environment from /home/runner/work/key/key/key.core/../key.ui/examples/heap/javacard/arrayFillNonAtomic.key 
24562      DEBUG main            d.u.i.k.p.i.AbstractProblemLoader Environment load took 263.2ns 
24563      INFO  main            d.u.i.k.p.i.AbstractProblemLoader Creating init config 
26144      DEBUG main            d.u.i.k.p.i.AbstractProblemLoader Init config took 1.58s 
26206      INFO  main            d.u.i.k.p.i.AbstractProblemLoader Replaying proof javacard.framework.Util[javacard.framework.Util::arrayFillNonAtomic([B,short,short,byte)].JML behavior operation contract.0.transaction_inactive 
26209      DEBUG main            d.u.i.k.p.i.IntermediateProofReplayer Proof replay took 7.2ns 
27099      DEBUG Thread-13       d.u.i.k.l.o.ProgramSV     Match failed: Former match of  SchemaVariable incompatible with  the current match. 
27099      DEBUG Thread-13       d.u.i.k.l.o.ProgramSV     Match failed: Former match of  SchemaVariable incompatible with  the current match. 
28414      DEBUG Thread-13       d.u.i.k.l.o.ProgramSV     Match failed: Former match of  SchemaVariable incompatible with  the current match. 
28414      DEBUG Thread-13       d.u.i.k.l.o.ProgramSV     Match failed: Former match of  SchemaVariable incompatible with  the current match. 
30036      INFO  main            d.u.i.k.p.r.p.TestFile    ... finished proof: closed. 
30203      INFO  main            d.u.i.k.p.i.AbstractProblemLoader Loading environment from /home/runner/work/key/key/key.core/../key.ui/examples/heap/javacard/arrayFillNonAtomic.key.proof 
30204      DEBUG main            d.u.i.k.p.i.AbstractProblemLoader Environment load took 575.71ns 
30206      INFO  main            d.u.i.k.p.i.AbstractProblemLoader Creating init config 
31773      DEBUG main            d.u.i.k.p.i.AbstractProblemLoader Init config took 1.57s 
31830      INFO  main            d.u.i.k.p.i.AbstractProblemLoader Replaying proof javacard.framework.Util[javacard.framework.Util::arrayFillNonAtomic([B,short,short,byte)].JML behavior operation contract.0.transaction_inactive 
32671      DEBUG main            d.u.i.k.p.i.IntermediateProofReplayer Proof replay took 822.77ms 
32673      DEBUG main            d.u.i.k.p.r.p.TestFile    ... success: reloaded. 
32674      INFO  main            d.u.i.k.p.r.p.TestFile    Now processing file /home/runner/work/key/key/key.core/../key.ui/examples/heap/coincidence_count/project.key 
32675      INFO  main            d.u.i.k.p.i.AbstractProblemLoader Loading environment from /home/runner/work/key/key/key.core/../key.ui/examples/heap/coincidence_count/project.key 
32675      DEBUG main            d.u.i.k.p.i.AbstractProblemLoader Environment load took 245.2ns 
32676      INFO  main            d.u.i.k.p.i.AbstractProblemLoader Creating init config 
36016      DEBUG main            d.u.i.k.p.i.AbstractProblemLoader Init config took 3.34s 
36064      INFO  main            d.u.i.k.p.i.AbstractProblemLoader Replaying proof CC[CC::calcCoinIndex([I,[I)].JML normal_behavior operation contract.0 
36069      DEBUG main            d.u.i.k.p.i.IntermediateProofReplayer Proof replay took 8.4ns 
54548      INFO  main            d.u.i.k.p.r.p.TestFile    ... finished proof: closed. 
54856      INFO  main            d.u.i.k.p.i.AbstractProblemLoader Loading environment from /home/runner/work/key/key/key.core/../key.ui/examples/heap/coincidence_count/project.key.proof 
54857      DEBUG main            d.u.i.k.p.i.AbstractProblemLoader Environment load took 625.91ns 
54861      INFO  main            d.u.i.k.p.i.AbstractProblemLoader Creating init config 
57458      DEBUG main            d.u.i.k.p.i.AbstractProblemLoader Init config took 2.6s 
57518      INFO  main            d.u.i.k.p.i.AbstractProblemLoader Replaying proof CC[CC::calcCoinIndex([I,[I)].JML normal_behavior operation contract.0 
58534      DEBUG main            d.u.i.k.p.i.IntermediateProofReplayer Proof replay took 946.8ms 
58538      DEBUG main            d.u.i.k.p.r.p.TestFile    ... success: reloaded. 
58540      INFO  main            d.u.i.k.p.r.p.TestFile    Now processing file /home/runner/work/key/key/key.core/../key.ui/examples/heap/verifyThis11_1_Maximum/project.key 
58540      INFO  main            d.u.i.k.p.i.AbstractProblemLoader Loading environment from /home/runner/work/key/key/key.core/../key.ui/examples/heap/verifyThis11_1_Maximum/project.key 
58541      DEBUG main            d.u.i.k.p.i.AbstractProblemLoader Environment load took 244.1ns 
58542      INFO  main            d.u.i.k.p.i.AbstractProblemLoader Creating init config 
61231      DEBUG main            d.u.i.k.p.i.AbstractProblemLoader Init config took 2.69s 
61274      INFO  main            d.u.i.k.p.i.AbstractProblemLoader Replaying proof Maximum[Maximum::maxIndex([I)].JML normal_behavior operation contract.0 
61276      DEBUG main            d.u.i.k.p.i.IntermediateProofReplayer Proof replay took 8ns 
62183      INFO  main            d.u.i.k.p.r.p.TestFile    ... finished proof: closed. 
62465      INFO  main            d.u.i.k.p.i.AbstractProblemLoader Loading environment from /home/runner/work/key/key/key.core/../key.ui/examples/heap/verifyThis11_1_Maximum/project.key.proof 
62465      DEBUG main            d.u.i.k.p.i.AbstractProblemLoader Environment load took 616.01ns 
62467      INFO  main            d.u.i.k.p.i.AbstractProblemLoader Creating init config 
65008      DEBUG main            d.u.i.k.p.i.AbstractProblemLoader Init config took 2.54s 
65048      INFO  main            d.u.i.k.p.i.AbstractProblemLoader Replaying proof Maximum[Maximum::maxIndex([I)].JML normal_behavior operation contract.0 
65224      DEBUG main            d.u.i.k.p.i.IntermediateProofReplayer Proof replay took 169.23ms 
65225      DEBUG main            d.u.i.k.p.r.p.TestFile    ... success: reloaded. 
65226      INFO  main            d.u.i.k.p.r.p.TestFile    Now processing file /home/runner/work/key/key/key.core/../key.ui/examples/heap/fm12_01_LRS/lcp.key 
65227      INFO  main            d.u.i.k.p.i.AbstractProblemLoader Loading environment from /home/runner/work/key/key/key.core/../key.ui/examples/heap/fm12_01_LRS/lcp.key 
65227      DEBUG main            d.u.i.k.p.i.AbstractProblemLoader Environment load took 251.2ns 
65228      INFO  main            d.u.i.k.p.i.AbstractProblemLoader Creating init config 
68559      DEBUG main            d.u.i.k.p.i.AbstractProblemLoader Init config took 3.33s 
68617      INFO  main            d.u.i.k.p.i.AbstractProblemLoader Replaying proof LCP[LCP::lcp([I,int,int)].JML normal_behavior operation contract.0 
68622      DEBUG main            d.u.i.k.p.i.IntermediateProofReplayer Proof replay took 8.1ns 
69629      INFO  main            d.u.i.k.p.r.p.TestFile    ... finished proof: closed. 
69933      INFO  main            d.u.i.k.p.i.AbstractProblemLoader Loading environment from /home/runner/work/key/key/key.core/../key.ui/examples/heap/fm12_01_LRS/lcp.key.proof 
69933      DEBUG main            d.u.i.k.p.i.AbstractProblemLoader Environment load took 564.51ns 
69935      INFO  main            d.u.i.k.p.i.AbstractProblemLoader Creating init config 
72954      DEBUG main            d.u.i.k.p.i.AbstractProblemLoader Init config took 3.02s 
73011      INFO  main            d.u.i.k.p.i.AbstractProblemLoader Replaying proof LCP[LCP::lcp([I,int,int)].JML normal_behavior operation contract.0 
73224      DEBUG main            d.u.i.k.p.i.IntermediateProofReplayer Proof replay took 207.22ms 
73226      DEBUG main            d.u.i.k.p.r.p.TestFile    ... success: reloaded. 
73227      INFO  main            d.u.i.k.p.r.p.TestFile    Now processing file /home/runner/work/key/key/key.core/../key.ui/examples/heap/SemanticSlicing/project.key 
73228      INFO  main            d.u.i.k.p.i.AbstractProblemLoader Loading environment from /home/runner/work/key/key/key.core/../key.ui/examples/heap/SemanticSlicing/project.key 
73228      DEBUG main            d.u.i.k.p.i.AbstractProblemLoader Environment load took 249.8ns 
73229      INFO  main            d.u.i.k.p.i.AbstractProblemLoader Creating init config 
75931      DEBUG main            d.u.i.k.p.i.AbstractProblemLoader Init config took 2.7s 
76010      INFO  main            d.u.i.k.p.i.AbstractProblemLoader Replaying proof unsatcore_after.competition.postcond5.scope333.LRS[unsatcore_after.competition.postcond5.scope333.LRS::doLRS()].JML operation contract.0 
76012      DEBUG main            d.u.i.k.p.i.IntermediateProofReplayer Proof replay took 8.3ns 
80071      INFO  main            d.u.i.k.p.r.p.TestFile    ... finished proof: closed. 
80364      INFO  main            d.u.i.k.p.i.AbstractProblemLoader Loading environment from /home/runner/work/key/key/key.core/../key.ui/examples/heap/SemanticSlicing/project.key.proof 
80364      DEBUG main            d.u.i.k.p.i.AbstractProblemLoader Environment load took 569.01ns 
80366      INFO  main            d.u.i.k.p.i.AbstractProblemLoader Creating init config 
83004      DEBUG main            d.u.i.k.p.i.AbstractProblemLoader Init config took 2.64s 
83060      INFO  main            d.u.i.k.p.i.AbstractProblemLoader Replaying proof unsatcore_after.competition.postcond5.scope333.LRS[unsatcore_after.competition.postcond5.scope333.LRS::doLRS()].JML operation contract.0 
83873      DEBUG main            d.u.i.k.p.i.IntermediateProofReplayer Proof replay took 800.62ms 
83875      DEBUG main            d.u.i.k.p.r.p.TestFile    ... success: reloaded. 
83876      INFO  main            d.u.i.k.p.r.p.TestFile    Now processing file /home/runner/work/key/key/key.core/../key.ui/examples/heap/information_flow/ArrayList_contains.key 
83877      INFO  main            d.u.i.k.p.i.AbstractProblemLoader Loading environment from /home/runner/work/key/key/key.core/../key.ui/examples/heap/information_flow/ArrayList_contains.key 
83877      DEBUG main            d.u.i.k.p.i.AbstractProblemLoader Environment load took 259.4ns 
83878      INFO  main            d.u.i.k.p.i.AbstractProblemLoader Creating init config 
86752      DEBUG main            d.u.i.k.p.i.AbstractProblemLoader Init config took 2.87s 
86792      INFO  main            d.u.i.k.p.i.AbstractProblemLoader Replaying proof ArrayList[ArrayList::get(int)].JML normal_behavior operation contract.0 
86796      DEBUG main            d.u.i.k.p.i.IntermediateProofReplayer Proof replay took 8.3ns 
87103      INFO  main            d.u.i.k.p.r.p.TestFile    ... finished proof: closed. 
87355      INFO  main            d.u.i.k.p.i.AbstractProblemLoader Loading environment from /home/runner/work/key/key/key.core/../key.ui/examples/heap/information_flow/ArrayList_contains.key.proof 
87355      DEBUG main            d.u.i.k.p.i.AbstractProblemLoader Environment load took 140.6ns 
87357      INFO  main            d.u.i.k.p.i.AbstractProblemLoader Creating init config 
90109      DEBUG main            d.u.i.k.p.i.AbstractProblemLoader Init config took 2.75s 
90148      INFO  main            d.u.i.k.p.i.AbstractProblemLoader Replaying proof ArrayList[ArrayList::get(int)].JML normal_behavior operation contract.0 
90203      DEBUG main            d.u.i.k.p.i.IntermediateProofReplayer Proof replay took 51.93ms 
90204      DEBUG main            d.u.i.k.p.r.p.TestFile    ... success: reloaded. 
90205      INFO  main            d.u.i.k.p.r.p.TestFile    Now processing file /home/runner/work/key/key/key.core/../key.ui/examples/heap/information_flow/ArrayList_get.key 
90205      INFO  main            d.u.i.k.p.i.AbstractProblemLoader Loading environment from /home/runner/work/key/key/key.core/../key.ui/examples/heap/information_flow/ArrayList_get.key 
90205      DEBUG main            d.u.i.k.p.i.AbstractProblemLoader Environment load took 120ns 
90206      INFO  main            d.u.i.k.p.i.AbstractProblemLoader Creating init config 
92944      DEBUG main            d.u.i.k.p.i.AbstractProblemLoader Init config took 2.74s 
92982      INFO  main            d.u.i.k.p.i.AbstractProblemLoader Replaying proof ArrayList[ArrayList::contains(java.lang.Object)].JML normal_behavior operation contract.0 
92984      DEBUG main            d.u.i.k.p.i.IntermediateProofReplayer Proof replay took 7.4ns 
93888      INFO  main            d.u.i.k.p.r.p.TestFile    ... finished proof: closed. 
94167      INFO  main            d.u.i.k.p.i.AbstractProblemLoader Loading environment from /home/runner/work/key/key/key.core/../key.ui/examples/heap/information_flow/ArrayList_get.key.proof 
94167      DEBUG main            d.u.i.k.p.i.AbstractProblemLoader Environment load took 137.5ns 
94168      INFO  main            d.u.i.k.p.i.AbstractProblemLoader Creating init config 
96856      DEBUG main            d.u.i.k.p.i.AbstractProblemLoader Init config took 2.69s 
96895      INFO  main            d.u.i.k.p.i.AbstractProblemLoader Replaying proof ArrayList[ArrayList::contains(java.lang.Object)].JML normal_behavior operation contract.0 
97090      DEBUG main            d.u.i.k.p.i.IntermediateProofReplayer Proof replay took 190.61ms 
97096      DEBUG main            d.u.i.k.p.r.p.TestFile    ... success: reloaded. 
97097      INFO  main            d.u.i.k.p.r.p.TestFile    Now processing file /home/runner/work/key/key/key.core/../key.ui/examples/heap/information_flow/ArrayList_size.key 
97098      INFO  main            d.u.i.k.p.i.AbstractProblemLoader Loading environment from /home/runner/work/key/key/key.core/../key.ui/examples/heap/information_flow/ArrayList_size.key 
97098      DEBUG main            d.u.i.k.p.i.AbstractProblemLoader Environment load took 247.8ns 
97099      INFO  main            d.u.i.k.p.i.AbstractProblemLoader Creating init config 
99915      DEBUG main            d.u.i.k.p.i.AbstractProblemLoader Init config took 2.82s 
99953      INFO  main            d.u.i.k.p.i.AbstractProblemLoader Replaying proof ArrayList[ArrayList::size()].JML normal_behavior operation contract.0 
99954      DEBUG main            d.u.i.k.p.i.IntermediateProofReplayer Proof replay took 7ns 
100056     INFO  main            d.u.i.k.p.r.p.TestFile    ... finished proof: closed. 
100341     INFO  main            d.u.i.k.p.i.AbstractProblemLoader Loading environment from /home/runner/work/key/key/key.core/../key.ui/examples/heap/information_flow/ArrayList_size.key.proof 
100342     DEBUG main            d.u.i.k.p.i.AbstractProblemLoader Environment load took 150.3ns 
100343     INFO  main            d.u.i.k.p.i.AbstractProblemLoader Creating init config 
103068     DEBUG main            d.u.i.k.p.i.AbstractProblemLoader Init config took 2.73s 
103105     INFO  main            d.u.i.k.p.i.AbstractProblemLoader Replaying proof ArrayList[ArrayList::size()].JML normal_behavior operation contract.0 
103120     DEBUG main            d.u.i.k.p.i.IntermediateProofReplayer Proof replay took 13.01ms 
103121     DEBUG main            d.u.i.k.p.r.p.TestFile    ... success: reloaded. 
103122     INFO  main            d.u.i.k.p.r.p.TestFile    Now processing file /home/runner/work/key/key/key.core/../key.ui/examples/heap/information_flow/UpdateAbstraction_ex7_3_secure.key 
103122     INFO  main            d.u.i.k.p.i.AbstractProblemLoader Loading environment from /home/runner/work/key/key/key.core/../key.ui/examples/heap/information_flow/UpdateAbstraction_ex7_3_secure.key 
103123     DEBUG main            d.u.i.k.p.i.AbstractProblemLoader Environment load took 167.5ns 
103123     INFO  main            d.u.i.k.p.i.AbstractProblemLoader Creating init config 
105893     DEBUG main            d.u.i.k.p.i.AbstractProblemLoader Init config took 2.77s 
105929     INFO  main            d.u.i.k.p.i.AbstractProblemLoader Replaying proof UpdateAbstraction[UpdateAbstraction::ex7_3_secure()].JML operation contract.0 
105930     DEBUG main            d.u.i.k.p.i.IntermediateProofReplayer Proof replay took 7ns 
106135     INFO  main            d.u.i.k.p.r.p.TestFile    ... finished proof: closed. 
106422     INFO  main            d.u.i.k.p.i.AbstractProblemLoader Loading environment from /home/runner/work/key/key/key.core/../key.ui/examples/heap/information_flow/UpdateAbstraction_ex7_3_secure.key.proof 
106422     DEBUG main            d.u.i.k.p.i.AbstractProblemLoader Environment load took 136.1ns 
106424     INFO  main            d.u.i.k.p.i.AbstractProblemLoader Creating init config 
109113     DEBUG main            d.u.i.k.p.i.AbstractProblemLoader Init config took 2.69s 
109149     INFO  main            d.u.i.k.p.i.AbstractProblemLoader Replaying proof UpdateAbstraction[UpdateAbstraction::ex7_3_secure()].JML operation contract.0 
109180     DEBUG main            d.u.i.k.p.i.IntermediateProofReplayer Proof replay took 28.3ms 
109181     DEBUG main            d.u.i.k.p.r.p.TestFile    ... success: reloaded. 
109182     INFO  main            d.u.i.k.p.r.p.TestFile    Now processing file /home/runner/work/key/key/key.core/../key.ui/examples/heap/information_flow/UpdateAbstraction_ex7_4_secure.key 
109182     INFO  main            d.u.i.k.p.i.AbstractProblemLoader Loading environment from /home/runner/work/key/key/key.core/../key.ui/examples/heap/information_flow/UpdateAbstraction_ex7_4_secure.key 
109182     DEBUG main            d.u.i.k.p.i.AbstractProblemLoader Environment load took 155.3ns 
109183     INFO  main            d.u.i.k.p.i.AbstractProblemLoader Creating init config 
111977     DEBUG main            d.u.i.k.p.i.AbstractProblemLoader Init config took 2.79s 
112025     INFO  main            d.u.i.k.p.i.AbstractProblemLoader Replaying proof UpdateAbstraction[UpdateAbstraction::ex7_4_secure()].JML operation contract.0 
112027     DEBUG main            d.u.i.k.p.i.IntermediateProofReplayer Proof replay took 8ns 
112230     INFO  main            d.u.i.k.p.r.p.TestFile    ... finished proof: closed. 
112523     INFO  main            d.u.i.k.p.i.AbstractProblemLoader Loading environment from /home/runner/work/key/key/key.core/../key.ui/examples/heap/information_flow/UpdateAbstraction_ex7_4_secure.key.proof 
112523     DEBUG main            d.u.i.k.p.i.AbstractProblemLoader Environment load took 148.5ns 
112524     INFO  main            d.u.i.k.p.i.AbstractProblemLoader Creating init config 
115224     DEBUG main            d.u.i.k.p.i.AbstractProblemLoader Init config took 2.7s 
115261     INFO  main            d.u.i.k.p.i.AbstractProblemLoader Replaying proof UpdateAbstraction[UpdateAbstraction::ex7_4_secure()].JML operation contract.0 
115319     DEBUG main            d.u.i.k.p.i.IntermediateProofReplayer Proof replay took 56.11ms 
115320     DEBUG main            d.u.i.k.p.r.p.TestFile    ... success: reloaded. 
115321     INFO  main            d.u.i.k.p.r.p.TestFile    Now processing file /home/runner/work/key/key/key.core/../key.ui/examples/heap/information_flow/UpdateAbstraction_ex7_5_secure.key 
115322     INFO  main            d.u.i.k.p.i.AbstractProblemLoader Loading environment from /home/runner/work/key/key/key.core/../key.ui/examples/heap/information_flow/UpdateAbstraction_ex7_5_secure.key 
115322     DEBUG main            d.u.i.k.p.i.AbstractProblemLoader Environment load took 240.3ns 
115323     INFO  main            d.u.i.k.p.i.AbstractProblemLoader Creating init config 
118030     DEBUG main            d.u.i.k.p.i.AbstractProblemLoader Init config took 2.71s 
118066     INFO  main            d.u.i.k.p.i.AbstractProblemLoader Replaying proof UpdateAbstraction[UpdateAbstraction::ex7_5_secure()].JML operation contract.0 
118067     DEBUG main            d.u.i.k.p.i.IntermediateProofReplayer Proof replay took 9.6ns 
118170     INFO  main            d.u.i.k.p.r.p.TestFile    ... finished proof: closed. 
118473     INFO  main            d.u.i.k.p.i.AbstractProblemLoader Loading environment from /home/runner/work/key/key/key.core/../key.ui/examples/heap/information_flow/UpdateAbstraction_ex7_5_secure.key.proof 
118473     DEBUG main            d.u.i.k.p.i.AbstractProblemLoader Environment load took 136.2ns 
118474     INFO  main            d.u.i.k.p.i.AbstractProblemLoader Creating init config 
121127     DEBUG main            d.u.i.k.p.i.AbstractProblemLoader Init config took 2.65s 
121164     INFO  main            d.u.i.k.p.i.AbstractProblemLoader Replaying proof UpdateAbstraction[UpdateAbstraction::ex7_5_secure()].JML operation contract.0 
121186     DEBUG main            d.u.i.k.p.i.IntermediateProofReplayer Proof replay took 18.57ms 
121187     DEBUG main            d.u.i.k.p.r.p.TestFile    ... success: reloaded. 
121188     INFO  main            d.u.i.k.p.r.p.TestFile    Now processing file /home/runner/work/key/key/key.core/../key.ui/examples/heap/information_flow/UpdateAbstraction_ex7_6_secure.key 
121188     INFO  main            d.u.i.k.p.i.AbstractProblemLoader Loading environment from /home/runner/work/key/key/key.core/../key.ui/examples/heap/information_flow/UpdateAbstraction_ex7_6_secure.key 
121188     DEBUG main            d.u.i.k.p.i.AbstractProblemLoader Environment load took 119.4ns 
121189     INFO  main            d.u.i.k.p.i.AbstractProblemLoader Creating init config 
123934     DEBUG main            d.u.i.k.p.i.AbstractProblemLoader Init config took 2.75s 
123969     INFO  main            d.u.i.k.p.i.AbstractProblemLoader Replaying proof UpdateAbstraction[UpdateAbstraction::ex7_6_secure()].JML operation contract.0 
123970     DEBUG main            d.u.i.k.p.i.IntermediateProofReplayer Proof replay took 7.7ns 
124273     INFO  main            d.u.i.k.p.r.p.TestFile    ... finished proof: closed. 
124583     INFO  main            d.u.i.k.p.i.AbstractProblemLoader Loading environment from /home/runner/work/key/key/key.core/../key.ui/examples/heap/information_flow/UpdateAbstraction_ex7_6_secure.key.proof 
124584     DEBUG main            d.u.i.k.p.i.AbstractProblemLoader Environment load took 148.9ns 
124585     INFO  main            d.u.i.k.p.i.AbstractProblemLoader Creating init config 
127319     DEBUG main            d.u.i.k.p.i.AbstractProblemLoader Init config took 2.73s 
127355     INFO  main            d.u.i.k.p.i.AbstractProblemLoader Replaying proof UpdateAbstraction[UpdateAbstraction::ex7_6_secure()].JML operation contract.0 
127415     DEBUG main            d.u.i.k.p.i.IntermediateProofReplayer Proof replay took 57.63ms 
127416     DEBUG main            d.u.i.k.p.r.p.TestFile    ... success: reloaded. 
127417     INFO  main            d.u.i.k.p.r.p.TestFile    Now processing file /home/runner/work/key/key/key.core/../key.ui/examples/heap/information_flow/UpdateAbstraction_ex9_secure.key 
127417     INFO  main            d.u.i.k.p.i.AbstractProblemLoader Loading environment from /home/runner/work/key/key/key.core/../key.ui/examples/heap/information_flow/UpdateAbstraction_ex9_secure.key 
127417     DEBUG main            d.u.i.k.p.i.AbstractProblemLoader Environment load took 102.8ns 
127418     INFO  main            d.u.i.k.p.i.AbstractProblemLoader Creating init config 
130142     DEBUG main            d.u.i.k.p.i.AbstractProblemLoader Init config took 2.72s 
130178     INFO  main            d.u.i.k.p.i.AbstractProblemLoader Replaying proof UpdateAbstraction[UpdateAbstraction::ex9_secure()].JML operation contract.0 
130180     DEBUG main            d.u.i.k.p.i.IntermediateProofReplayer Proof replay took 8.4ns 
131084     INFO  main            d.u.i.k.p.r.p.TestFile    ... finished proof: closed. 
131428     INFO  main            d.u.i.k.p.i.AbstractProblemLoader Loading environment from /home/runner/work/key/key/key.core/../key.ui/examples/heap/information_flow/UpdateAbstraction_ex9_secure.key.proof 
131428     DEBUG main            d.u.i.k.p.i.AbstractProblemLoader Environment load took 139.5ns 
131431     INFO  main            d.u.i.k.p.i.AbstractProblemLoader Creating init config 
134128     DEBUG main            d.u.i.k.p.i.AbstractProblemLoader Init config took 2.7s 
134164     INFO  main            d.u.i.k.p.i.AbstractProblemLoader Replaying proof UpdateAbstraction[UpdateAbstraction::ex9_secure()].JML operation contract.0 
134362     DEBUG main            d.u.i.k.p.i.IntermediateProofReplayer Proof replay took 193.44ms 
134363     DEBUG main            d.u.i.k.p.r.p.TestFile    ... success: reloaded. 
874704     INFO  Test worker     d.u.i.k.p.r.RunAllProofsTestUnit Returning from test javaCard 
874708     INFO  Test worker     d.u.i.k.p.r.RunAllProofsTestUnit Running test list 
346        INFO  Timeout watchdog d.u.i.k.p.r.p.ForkedTestFileRunner Timeout watcher launched (2000 secs.) 
358        WARN  main            d.u.i.k.s.ProofSettings   The settings in /home/runner/.key/proof-settings.props are *not* read. 
407        INFO  main            d.u.i.k.p.r.p.TestFile    Now processing file /home/runner/work/key/key/key.core/../key.ui/examples/heap/list/ArrayList_add.key 
549        INFO  main            d.u.i.k.p.i.AbstractProblemLoader Loading environment from /home/runner/work/key/key/key.core/../key.ui/examples/heap/list/ArrayList_add.key 
566        DEBUG main            d.u.i.k.p.i.AbstractProblemLoader Environment load took 2.69ms 
783        INFO  main            d.u.i.k.p.i.AbstractProblemLoader Creating init config 
1549       DEBUG main            d.u.i.k.j.TypeConverter   No LDT found for Meta 
1550       DEBUG main            d.u.i.k.j.TypeConverter   No LDT found for Meta 
1552       DEBUG main            d.u.i.k.j.TypeConverter   No LDT found for Meta 
1552       DEBUG main            d.u.i.k.j.TypeConverter   No LDT found for Meta 
2852       DEBUG main            d.u.i.k.j.TypeConverter   No LDT found for JavaBigintExpression 
6023       DEBUG main            d.u.i.k.j.r.ClassPreparationMethodBuilder clPrepBuilder: Inner Class detected. Reject building class initialisation methods. 
8830       DEBUG main            d.u.i.k.p.i.AbstractProblemLoader Init config took 8.05s 
8991       INFO  main            d.u.i.k.p.i.AbstractProblemLoader Replaying proof ArrayList[List::add(java.lang.Object)].JML normal_behavior operation contract.0 
9065       DEBUG main            d.u.i.k.p.i.IntermediateProofReplayer Proof replay took 45.4ns 
14821      INFO  main            d.u.i.k.p.r.p.TestFile    ... finished proof: closed. 
15044      INFO  main            d.u.i.k.p.i.AbstractProblemLoader Loading environment from /home/runner/work/key/key/key.core/../key.ui/examples/heap/list/ArrayList_add.key.proof 
15044      DEBUG main            d.u.i.k.p.i.AbstractProblemLoader Environment load took 160.9ns 
15050      INFO  main            d.u.i.k.p.i.AbstractProblemLoader Creating init config 
16230      DEBUG main            d.u.i.k.j.r.ClassPreparationMethodBuilder clPrepBuilder: Inner Class detected. Reject building class initialisation methods. 
18549      DEBUG main            d.u.i.k.p.i.AbstractProblemLoader Init config took 3.5s 
18622      INFO  main            d.u.i.k.p.i.AbstractProblemLoader Replaying proof ArrayList[List::add(java.lang.Object)].JML normal_behavior operation contract.0 
19711      DEBUG main            d.u.i.k.p.i.IntermediateProofReplayer Proof replay took 1.06s 
19722      DEBUG main            d.u.i.k.p.r.p.TestFile    ... success: reloaded. 
19724      INFO  main            d.u.i.k.p.r.p.TestFile    Now processing file /home/runner/work/key/key/key.core/../key.ui/examples/heap/list/ArrayList_ArrayList.key 
19725      INFO  main            d.u.i.k.p.i.AbstractProblemLoader Loading environment from /home/runner/work/key/key/key.core/../key.ui/examples/heap/list/ArrayList_ArrayList.key 
19725      DEBUG main            d.u.i.k.p.i.AbstractProblemLoader Environment load took 294.1ns 
19727      INFO  main            d.u.i.k.p.i.AbstractProblemLoader Creating init config 
20838      DEBUG main            d.u.i.k.j.r.ClassPreparationMethodBuilder clPrepBuilder: Inner Class detected. Reject building class initialisation methods. 
23089      DEBUG main            d.u.i.k.p.i.AbstractProblemLoader Init config took 3.36s 
23158      INFO  main            d.u.i.k.p.i.AbstractProblemLoader Replaying proof ArrayList[ArrayList::ArrayList()].JML normal_behavior operation contract.0 
23161      DEBUG main            d.u.i.k.p.i.IntermediateProofReplayer Proof replay took 7.4ns 
24671      INFO  main            d.u.i.k.p.r.p.TestFile    ... finished proof: closed. 
24887      INFO  main            d.u.i.k.p.i.AbstractProblemLoader Loading environment from /home/runner/work/key/key/key.core/../key.ui/examples/heap/list/ArrayList_ArrayList.key.proof 
24888      DEBUG main            d.u.i.k.p.i.AbstractProblemLoader Environment load took 549.01ns 
24890      INFO  main            d.u.i.k.p.i.AbstractProblemLoader Creating init config 
25966      DEBUG main            d.u.i.k.j.r.ClassPreparationMethodBuilder clPrepBuilder: Inner Class detected. Reject building class initialisation methods. 
28168      DEBUG main            d.u.i.k.p.i.AbstractProblemLoader Init config took 3.28s 
28232      INFO  main            d.u.i.k.p.i.AbstractProblemLoader Replaying proof ArrayList[ArrayList::ArrayList()].JML normal_behavior operation contract.0 
28457      DEBUG main            d.u.i.k.p.i.IntermediateProofReplayer Proof replay took 214.43ms 
28459      DEBUG main            d.u.i.k.p.r.p.TestFile    ... success: reloaded. 
28461      INFO  main            d.u.i.k.p.r.p.TestFile    Now processing file /home/runner/work/key/key/key.core/../key.ui/examples/heap/list/ArrayList_concatenate.key 
28461      INFO  main            d.u.i.k.p.i.AbstractProblemLoader Loading environment from /home/runner/work/key/key/key.core/../key.ui/examples/heap/list/ArrayList_concatenate.key 
28462      DEBUG main            d.u.i.k.p.i.AbstractProblemLoader Environment load took 296ns 
28463      INFO  main            d.u.i.k.p.i.AbstractProblemLoader Creating init config 
29556      DEBUG main            d.u.i.k.j.r.ClassPreparationMethodBuilder clPrepBuilder: Inner Class detected. Reject building class initialisation methods. 
31825      DEBUG main            d.u.i.k.p.i.AbstractProblemLoader Init config took 3.36s 
31884      INFO  main            d.u.i.k.p.i.AbstractProblemLoader Replaying proof ArrayList[List::concatenate(List)].JML normal_behavior operation contract.0 
31886      DEBUG main            d.u.i.k.p.i.IntermediateProofReplayer Proof replay took 7ns 
58600      INFO  main            d.u.i.k.p.r.p.TestFile    ... finished proof: closed. 
58871      INFO  main            d.u.i.k.p.i.AbstractProblemLoader Loading environment from /home/runner/work/key/key/key.core/../key.ui/examples/heap/list/ArrayList_concatenate.key.proof 
58871      DEBUG main            d.u.i.k.p.i.AbstractProblemLoader Environment load took 647.91ns 
58879      INFO  main            d.u.i.k.p.i.AbstractProblemLoader Creating init config 
59887      DEBUG main            d.u.i.k.j.r.ClassPreparationMethodBuilder clPrepBuilder: Inner Class detected. Reject building class initialisation methods. 
62039      DEBUG main            d.u.i.k.p.i.AbstractProblemLoader Init config took 3.16s 
62118      INFO  main            d.u.i.k.p.i.AbstractProblemLoader Replaying proof ArrayList[List::concatenate(List)].JML normal_behavior operation contract.0 
64439      DEBUG main            d.u.i.k.p.i.IntermediateProofReplayer Proof replay took 2.25s 
64444      DEBUG main            d.u.i.k.p.r.p.TestFile    ... success: reloaded. 
64446      INFO  main            d.u.i.k.p.r.p.TestFile    Now processing file /home/runner/work/key/key/key.core/../key.ui/examples/heap/list/ArrayList_contains_dep.key 
64446      INFO  main            d.u.i.k.p.i.AbstractProblemLoader Loading environment from /home/runner/work/key/key/key.core/../key.ui/examples/heap/list/ArrayList_contains_dep.key 
64446      DEBUG main            d.u.i.k.p.i.AbstractProblemLoader Environment load took 247.3ns 
64448      INFO  main            d.u.i.k.p.i.AbstractProblemLoader Creating init config 
65518      DEBUG main            d.u.i.k.j.r.ClassPreparationMethodBuilder clPrepBuilder: Inner Class detected. Reject building class initialisation methods. 
67774      DEBUG main            d.u.i.k.p.i.AbstractProblemLoader Init config took 3.33s 
67879      INFO  main            d.u.i.k.p.i.AbstractProblemLoader Replaying proof ArrayList[List::contains(java.lang.Object)].JML accessible clause.0 
67881      DEBUG main            d.u.i.k.p.i.IntermediateProofReplayer Proof replay took 6.5ns 
70854      INFO  main            d.u.i.k.p.r.p.TestFile    ... finished proof: closed. 
71167      INFO  main            d.u.i.k.p.i.AbstractProblemLoader Loading environment from /home/runner/work/key/key/key.core/../key.ui/examples/heap/list/ArrayList_contains_dep.key.proof 
71167      DEBUG main            d.u.i.k.p.i.AbstractProblemLoader Environment load took 265.6ns 
71169      INFO  main            d.u.i.k.p.i.AbstractProblemLoader Creating init config 
72224      DEBUG main            d.u.i.k.j.r.ClassPreparationMethodBuilder clPrepBuilder: Inner Class detected. Reject building class initialisation methods. 
74341      DEBUG main            d.u.i.k.p.i.AbstractProblemLoader Init config took 3.17s 
74397      INFO  main            d.u.i.k.p.i.AbstractProblemLoader Replaying proof ArrayList[List::contains(java.lang.Object)].JML accessible clause.0 
74868      DEBUG main            d.u.i.k.p.i.IntermediateProofReplayer Proof replay took 455.67ms 
74870      DEBUG main            d.u.i.k.p.r.p.TestFile    ... success: reloaded. 
74871      INFO  main            d.u.i.k.p.r.p.TestFile    Now processing file /home/runner/work/key/key/key.core/../key.ui/examples/heap/list/ArrayList_enlarge.key 
74871      INFO  main            d.u.i.k.p.i.AbstractProblemLoader Loading environment from /home/runner/work/key/key/key.core/../key.ui/examples/heap/list/ArrayList_enlarge.key 
74871      DEBUG main            d.u.i.k.p.i.AbstractProblemLoader Environment load took 121.4ns 
74872      INFO  main            d.u.i.k.p.i.AbstractProblemLoader Creating init config 
75920      DEBUG main            d.u.i.k.j.r.ClassPreparationMethodBuilder clPrepBuilder: Inner Class detected. Reject building class initialisation methods. 
78118      DEBUG main            d.u.i.k.p.i.AbstractProblemLoader Init config took 3.25s 
78173      INFO  main            d.u.i.k.p.i.AbstractProblemLoader Replaying proof ArrayList[ArrayList::enlarge()].JML normal_behavior operation contract.0 
78175      DEBUG main            d.u.i.k.p.i.IntermediateProofReplayer Proof replay took 6.6ns 
80703      INFO  main            d.u.i.k.p.r.p.TestFile    ... finished proof: closed. 
80906      INFO  main            d.u.i.k.p.i.AbstractProblemLoader Loading environment from /home/runner/work/key/key/key.core/../key.ui/examples/heap/list/ArrayList_enlarge.key.proof 
80907      DEBUG main            d.u.i.k.p.i.AbstractProblemLoader Environment load took 638.41ns 
80908      INFO  main            d.u.i.k.p.i.AbstractProblemLoader Creating init config 
81912      DEBUG main            d.u.i.k.j.r.ClassPreparationMethodBuilder clPrepBuilder: Inner Class detected. Reject building class initialisation methods. 
84113      DEBUG main            d.u.i.k.p.i.AbstractProblemLoader Init config took 3.2s 
84179      INFO  main            d.u.i.k.p.i.AbstractProblemLoader Replaying proof ArrayList[ArrayList::enlarge()].JML normal_behavior operation contract.0 
84577      DEBUG main            d.u.i.k.p.i.IntermediateProofReplayer Proof replay took 388.97ms 
84579      DEBUG main            d.u.i.k.p.r.p.TestFile    ... success: reloaded. 
84580      INFO  main            d.u.i.k.p.r.p.TestFile    Now processing file /home/runner/work/key/key/key.core/../key.ui/examples/heap/list/ArrayList_footprint.key 
84580      INFO  main            d.u.i.k.p.i.AbstractProblemLoader Loading environment from /home/runner/work/key/key/key.core/../key.ui/examples/heap/list/ArrayList_footprint.key 
84580      DEBUG main            d.u.i.k.p.i.AbstractProblemLoader Environment load took 94.7ns 
84581      INFO  main            d.u.i.k.p.i.AbstractProblemLoader Creating init config 
85583      DEBUG main            d.u.i.k.j.r.ClassPreparationMethodBuilder clPrepBuilder: Inner Class detected. Reject building class initialisation methods. 
87801      DEBUG main            d.u.i.k.p.i.AbstractProblemLoader Init config took 3.22s 
87847      INFO  main            d.u.i.k.p.i.AbstractProblemLoader Replaying proof List[List::$footprint()].JML accessible clause.0 
87849      DEBUG main            d.u.i.k.p.i.IntermediateProofReplayer Proof replay took 6.3ns 
87953      INFO  main            d.u.i.k.p.r.p.TestFile    ... finished proof: closed. 
88146      INFO  main            d.u.i.k.p.i.AbstractProblemLoader Loading environment from /home/runner/work/key/key/key.core/../key.ui/examples/heap/list/ArrayList_footprint.key.proof 
88147      DEBUG main            d.u.i.k.p.i.AbstractProblemLoader Environment load took 139.7ns 
88148      INFO  main            d.u.i.k.p.i.AbstractProblemLoader Creating init config 
89144      DEBUG main            d.u.i.k.j.r.ClassPreparationMethodBuilder clPrepBuilder: Inner Class detected. Reject building class initialisation methods. 
91311      DEBUG main            d.u.i.k.p.i.AbstractProblemLoader Init config took 3.16s 
91356      INFO  main            d.u.i.k.p.i.AbstractProblemLoader Replaying proof List[List::$footprint()].JML accessible clause.0 
91359      DEBUG main            d.u.i.k.p.i.IntermediateProofReplayer Proof replay took 1.29ms 
91360      DEBUG main            d.u.i.k.p.r.p.TestFile    ... success: reloaded. 
91361      INFO  main            d.u.i.k.p.r.p.TestFile    Now processing file /home/runner/work/key/key/key.core/../key.ui/examples/heap/list/ArrayList_get_dep.key 
91362      INFO  main            d.u.i.k.p.i.AbstractProblemLoader Loading environment from /home/runner/work/key/key/key.core/../key.ui/examples/heap/list/ArrayList_get_dep.key 
91362      DEBUG main            d.u.i.k.p.i.AbstractProblemLoader Environment load took 108.3ns 
91363      INFO  main            d.u.i.k.p.i.AbstractProblemLoader Creating init config 
92388      DEBUG main            d.u.i.k.j.r.ClassPreparationMethodBuilder clPrepBuilder: Inner Class detected. Reject building class initialisation methods. 
94539      DEBUG main            d.u.i.k.p.i.AbstractProblemLoader Init config took 3.18s 
94591      INFO  main            d.u.i.k.p.i.AbstractProblemLoader Replaying proof ArrayList[List::get(int)].JML accessible clause.0 
94594      DEBUG main            d.u.i.k.p.i.IntermediateProofReplayer Proof replay took 7ns 
95101      INFO  main            d.u.i.k.p.r.p.TestFile    ... finished proof: closed. 
95309      INFO  main            d.u.i.k.p.i.AbstractProblemLoader Loading environment from /home/runner/work/key/key/key.core/../key.ui/examples/heap/list/ArrayList_get_dep.key.proof 
95311      DEBUG main            d.u.i.k.p.i.AbstractProblemLoader Environment load took 1.94ms 
95312      INFO  main            d.u.i.k.p.i.AbstractProblemLoader Creating init config 
96321      DEBUG main            d.u.i.k.j.r.ClassPreparationMethodBuilder clPrepBuilder: Inner Class detected. Reject building class initialisation methods. 
98430      DEBUG main            d.u.i.k.p.i.AbstractProblemLoader Init config took 3.12s 
98479      INFO  main            d.u.i.k.p.i.AbstractProblemLoader Replaying proof ArrayList[List::get(int)].JML accessible clause.0 
98559      DEBUG main            d.u.i.k.p.i.IntermediateProofReplayer Proof replay took 77.33ms 
98561      DEBUG main            d.u.i.k.p.r.p.TestFile    ... success: reloaded. 
98562      INFO  main            d.u.i.k.p.r.p.TestFile    Now processing file /home/runner/work/key/key/key.core/../key.ui/examples/heap/list/ArrayList_get_exceptional.key 
98563      INFO  main            d.u.i.k.p.i.AbstractProblemLoader Loading environment from /home/runner/work/key/key/key.core/../key.ui/examples/heap/list/ArrayList_get_exceptional.key 
98563      DEBUG main            d.u.i.k.p.i.AbstractProblemLoader Environment load took 269.4ns 
98564      INFO  main            d.u.i.k.p.i.AbstractProblemLoader Creating init config 
99574      DEBUG main            d.u.i.k.j.r.ClassPreparationMethodBuilder clPrepBuilder: Inner Class detected. Reject building class initialisation methods. 
101757     DEBUG main            d.u.i.k.p.i.AbstractProblemLoader Init config took 3.19s 
101822     INFO  main            d.u.i.k.p.i.AbstractProblemLoader Replaying proof ArrayList[List::get(int)].JML exceptional_behavior operation contract.0 
101824     DEBUG main            d.u.i.k.p.i.IntermediateProofReplayer Proof replay took 7.1ns 
103135     INFO  main            d.u.i.k.p.r.p.TestFile    ... finished proof: closed. 
103351     INFO  main            d.u.i.k.p.i.AbstractProblemLoader Loading environment from /home/runner/work/key/key/key.core/../key.ui/examples/heap/list/ArrayList_get_exceptional.key.proof 
103352     DEBUG main            d.u.i.k.p.i.AbstractProblemLoader Environment load took 637.31ns 
103353     INFO  main            d.u.i.k.p.i.AbstractProblemLoader Creating init config 
104350     DEBUG main            d.u.i.k.j.r.ClassPreparationMethodBuilder clPrepBuilder: Inner Class detected. Reject building class initialisation methods. 
106501     DEBUG main            d.u.i.k.p.i.AbstractProblemLoader Init config took 3.15s 
106562     INFO  main            d.u.i.k.p.i.AbstractProblemLoader Replaying proof ArrayList[List::get(int)].JML exceptional_behavior operation contract.0 
106779     DEBUG main            d.u.i.k.p.i.IntermediateProofReplayer Proof replay took 210.69ms 
106781     DEBUG main            d.u.i.k.p.r.p.TestFile    ... success: reloaded. 
106782     INFO  main            d.u.i.k.p.r.p.TestFile    Now processing file /home/runner/work/key/key/key.core/../key.ui/examples/heap/list/ArrayList_get_normal.key 
106783     INFO  main            d.u.i.k.p.i.AbstractProblemLoader Loading environment from /home/runner/work/key/key/key.core/../key.ui/examples/heap/list/ArrayList_get_normal.key 
106783     DEBUG main            d.u.i.k.p.i.AbstractProblemLoader Environment load took 279ns 
106784     INFO  main            d.u.i.k.p.i.AbstractProblemLoader Creating init config 
107780     DEBUG main            d.u.i.k.j.r.ClassPreparationMethodBuilder clPrepBuilder: Inner Class detected. Reject building class initialisation methods. 
109919     DEBUG main            d.u.i.k.p.i.AbstractProblemLoader Init config took 3.14s 
109967     INFO  main            d.u.i.k.p.i.AbstractProblemLoader Replaying proof ArrayList[List::get(int)].JML normal_behavior operation contract.0 
109969     DEBUG main            d.u.i.k.p.i.IntermediateProofReplayer Proof replay took 6.9ns 
110382     INFO  main            d.u.i.k.p.r.p.TestFile    ... finished proof: closed. 
110601     INFO  main            d.u.i.k.p.i.AbstractProblemLoader Loading environment from /home/runner/work/key/key/key.core/../key.ui/examples/heap/list/ArrayList_get_normal.key.proof 
110602     DEBUG main            d.u.i.k.p.i.AbstractProblemLoader Environment load took 155.1ns 
110603     INFO  main            d.u.i.k.p.i.AbstractProblemLoader Creating init config 
111587     DEBUG main            d.u.i.k.j.r.ClassPreparationMethodBuilder clPrepBuilder: Inner Class detected. Reject building class initialisation methods. 
113754     DEBUG main            d.u.i.k.p.i.AbstractProblemLoader Init config took 3.15s 
113816     INFO  main            d.u.i.k.p.i.AbstractProblemLoader Replaying proof ArrayList[List::get(int)].JML normal_behavior operation contract.0 
113896     DEBUG main            d.u.i.k.p.i.IntermediateProofReplayer Proof replay took 76.22ms 
113897     DEBUG main            d.u.i.k.p.r.p.TestFile    ... success: reloaded. 
113898     INFO  main            d.u.i.k.p.r.p.TestFile    Now processing file /home/runner/work/key/key/key.core/../key.ui/examples/heap/list/ArrayList_inv.key 
113899     INFO  main            d.u.i.k.p.i.AbstractProblemLoader Loading environment from /home/runner/work/key/key/key.core/../key.ui/examples/heap/list/ArrayList_inv.key 
113899     DEBUG main            d.u.i.k.p.i.AbstractProblemLoader Environment load took 106.3ns 
113900     INFO  main            d.u.i.k.p.i.AbstractProblemLoader Creating init config 
114901     DEBUG main            d.u.i.k.j.r.ClassPreparationMethodBuilder clPrepBuilder: Inner Class detected. Reject building class initialisation methods. 
117022     DEBUG main            d.u.i.k.p.i.AbstractProblemLoader Init config took 3.12s 
117069     INFO  main            d.u.i.k.p.i.AbstractProblemLoader Replaying proof ArrayList[java.lang.Object::<inv>()].JML accessible clause.0 
117071     DEBUG main            d.u.i.k.p.i.IntermediateProofReplayer Proof replay took 6.7ns 
117476     INFO  main            d.u.i.k.p.r.p.TestFile    ... finished proof: closed. 
117715     INFO  main            d.u.i.k.p.i.AbstractProblemLoader Loading environment from /home/runner/work/key/key/key.core/../key.ui/examples/heap/list/ArrayList_inv.key.proof 
117716     DEBUG main            d.u.i.k.p.i.AbstractProblemLoader Environment load took 252.4ns 
117717     INFO  main            d.u.i.k.p.i.AbstractProblemLoader Creating init config 
118726     DEBUG main            d.u.i.k.j.r.ClassPreparationMethodBuilder clPrepBuilder: Inner Class detected. Reject building class initialisation methods. 
120824     DEBUG main            d.u.i.k.p.i.AbstractProblemLoader Init config took 3.11s 
120873     INFO  main            d.u.i.k.p.i.AbstractProblemLoader Replaying proof ArrayList[java.lang.Object::<inv>()].JML accessible clause.0 
120938     DEBUG main            d.u.i.k.p.i.IntermediateProofReplayer Proof replay took 60.55ms 
120940     DEBUG main            d.u.i.k.p.r.p.TestFile    ... success: reloaded. 
120941     INFO  main            d.u.i.k.p.r.p.TestFile    Now processing file /home/runner/work/key/key/key.core/../key.ui/examples/heap/list/ArrayList_iterator.key 
120942     INFO  main            d.u.i.k.p.i.AbstractProblemLoader Loading environment from /home/runner/work/key/key/key.core/../key.ui/examples/heap/list/ArrayList_iterator.key 
120943     DEBUG main            d.u.i.k.p.i.AbstractProblemLoader Environment load took 961.11ns 
120944     INFO  main            d.u.i.k.p.i.AbstractProblemLoader Creating init config 
121945     DEBUG main            d.u.i.k.j.r.ClassPreparationMethodBuilder clPrepBuilder: Inner Class detected. Reject building class initialisation methods. 
124102     DEBUG main            d.u.i.k.p.i.AbstractProblemLoader Init config took 3.16s 
124148     INFO  main            d.u.i.k.p.i.AbstractProblemLoader Replaying proof ArrayList[List::iterator()].JML normal_behavior operation contract.0 
124150     DEBUG main            d.u.i.k.p.i.IntermediateProofReplayer Proof replay took 6.2ns 
124774     INFO  main            d.u.i.k.p.r.p.TestFile    ... finished proof: closed. 
125002     INFO  main            d.u.i.k.p.i.AbstractProblemLoader Loading environment from /home/runner/work/key/key/key.core/../key.ui/examples/heap/list/ArrayList_iterator.key.proof 
125002     DEBUG main            d.u.i.k.p.i.AbstractProblemLoader Environment load took 148.7ns 
125003     INFO  main            d.u.i.k.p.i.AbstractProblemLoader Creating init config 
125986     DEBUG main            d.u.i.k.j.r.ClassPreparationMethodBuilder clPrepBuilder: Inner Class detected. Reject building class initialisation methods. 
128111     DEBUG main            d.u.i.k.p.i.AbstractProblemLoader Init config took 3.11s 
128158     INFO  main            d.u.i.k.p.i.AbstractProblemLoader Replaying proof ArrayList[List::iterator()].JML normal_behavior operation contract.0 
128242     DEBUG main            d.u.i.k.p.i.IntermediateProofReplayer Proof replay took 79.81ms 
128243     DEBUG main            d.u.i.k.p.r.p.TestFile    ... success: reloaded. 
128244     INFO  main            d.u.i.k.p.r.p.TestFile    Now processing file /home/runner/work/key/key/key.core/../key.ui/examples/heap/list/ArrayList_size_dep.key 
128245     INFO  main            d.u.i.k.p.i.AbstractProblemLoader Loading environment from /home/runner/work/key/key/key.core/../key.ui/examples/heap/list/ArrayList_size_dep.key 
128245     DEBUG main            d.u.i.k.p.i.AbstractProblemLoader Environment load took 112.4ns 
128246     INFO  main            d.u.i.k.p.i.AbstractProblemLoader Creating init config 
129260     DEBUG main            d.u.i.k.j.r.ClassPreparationMethodBuilder clPrepBuilder: Inner Class detected. Reject building class initialisation methods. 
131396     DEBUG main            d.u.i.k.p.i.AbstractProblemLoader Init config took 3.15s 
131443     INFO  main            d.u.i.k.p.i.AbstractProblemLoader Replaying proof ArrayList[List::size()].JML accessible clause.0 
131444     DEBUG main            d.u.i.k.p.i.IntermediateProofReplayer Proof replay took 6.7ns 
131646     INFO  main            d.u.i.k.p.r.p.TestFile    ... finished proof: closed. 
131866     INFO  main            d.u.i.k.p.i.AbstractProblemLoader Loading environment from /home/runner/work/key/key/key.core/../key.ui/examples/heap/list/ArrayList_size_dep.key.proof 
131866     DEBUG main            d.u.i.k.p.i.AbstractProblemLoader Environment load took 153.3ns 
131867     INFO  main            d.u.i.k.p.i.AbstractProblemLoader Creating init config 
132882     DEBUG main            d.u.i.k.j.r.ClassPreparationMethodBuilder clPrepBuilder: Inner Class detected. Reject building class initialisation methods. 
134980     DEBUG main            d.u.i.k.p.i.AbstractProblemLoader Init config took 3.11s 
135030     INFO  main            d.u.i.k.p.i.AbstractProblemLoader Replaying proof ArrayList[List::size()].JML accessible clause.0 
135061     DEBUG main            d.u.i.k.p.i.IntermediateProofReplayer Proof replay took 27.91ms 
135062     DEBUG main            d.u.i.k.p.r.p.TestFile    ... success: reloaded. 
135065     INFO  main            d.u.i.k.p.r.p.TestFile    Now processing file /home/runner/work/key/key/key.core/../key.ui/examples/heap/list/ArrayList_size.key 
135066     INFO  main            d.u.i.k.p.i.AbstractProblemLoader Loading environment from /home/runner/work/key/key/key.core/../key.ui/examples/heap/list/ArrayList_size.key 
135066     DEBUG main            d.u.i.k.p.i.AbstractProblemLoader Environment load took 111.6ns 
135068     INFO  main            d.u.i.k.p.i.AbstractProblemLoader Creating init config 
136077     DEBUG main            d.u.i.k.j.r.ClassPreparationMethodBuilder clPrepBuilder: Inner Class detected. Reject building class initialisation methods. 
138233     DEBUG main            d.u.i.k.p.i.AbstractProblemLoader Init config took 3.17s 
138279     INFO  main            d.u.i.k.p.i.AbstractProblemLoader Replaying proof ArrayList[List::size()].JML normal_behavior operation contract.0 
138281     DEBUG main            d.u.i.k.p.i.IntermediateProofReplayer Proof replay took 6.8ns 
138504     INFO  main            d.u.i.k.p.r.p.TestFile    ... finished proof: closed. 
138731     INFO  main            d.u.i.k.p.i.AbstractProblemLoader Loading environment from /home/runner/work/key/key/key.core/../key.ui/examples/heap/list/ArrayList_size.key.proof 
138731     DEBUG main            d.u.i.k.p.i.AbstractProblemLoader Environment load took 136.9ns 
138732     INFO  main            d.u.i.k.p.i.AbstractProblemLoader Creating init config 
139726     DEBUG main            d.u.i.k.j.r.ClassPreparationMethodBuilder clPrepBuilder: Inner Class detected. Reject building class initialisation methods. 
141804     DEBUG main            d.u.i.k.p.i.AbstractProblemLoader Init config took 3.07s 
141850     INFO  main            d.u.i.k.p.i.AbstractProblemLoader Replaying proof ArrayList[List::size()].JML normal_behavior operation contract.0 
141887     DEBUG main            d.u.i.k.p.i.IntermediateProofReplayer Proof replay took 34.19ms 
141888     DEBUG main            d.u.i.k.p.r.p.TestFile    ... success: reloaded. 
141889     INFO  main            d.u.i.k.p.r.p.TestFile    Now processing file /home/runner/work/key/key/key.core/../key.ui/examples/heap/list/ArrayList.ArrayListIterator_ArrayListIterator.key 
141890     INFO  main            d.u.i.k.p.i.AbstractProblemLoader Loading environment from /home/runner/work/key/key/key.core/../key.ui/examples/heap/list/ArrayList.ArrayListIterator_ArrayListIterator.key 
141890     DEBUG main            d.u.i.k.p.i.AbstractProblemLoader Environment load took 129.1ns 
141891     INFO  main            d.u.i.k.p.i.AbstractProblemLoader Creating init config 
142901     DEBUG main            d.u.i.k.j.r.ClassPreparationMethodBuilder clPrepBuilder: Inner Class detected. Reject building class initialisation methods. 
145063     DEBUG main            d.u.i.k.p.i.AbstractProblemLoader Init config took 3.17s 
145120     INFO  main            d.u.i.k.p.i.AbstractProblemLoader Replaying proof ArrayList.ArrayListIterator[ArrayList.ArrayListIterator::ArrayListIterator(ArrayList)].JML normal_behavior operation contract.0 
145122     DEBUG main            d.u.i.k.p.i.IntermediateProofReplayer Proof replay took 8.1ns 
145853     INFO  main            d.u.i.k.p.r.p.TestFile    ... finished proof: closed. 
146105     INFO  main            d.u.i.k.p.i.AbstractProblemLoader Loading environment from /home/runner/work/key/key/key.core/../key.ui/examples/heap/list/ArrayList.ArrayListIterator_ArrayListIterator.key.proof 
146105     DEBUG main            d.u.i.k.p.i.AbstractProblemLoader Environment load took 150.4ns 
146107     INFO  main            d.u.i.k.p.i.AbstractProblemLoader Creating init config 
147101     DEBUG main            d.u.i.k.j.r.ClassPreparationMethodBuilder clPrepBuilder: Inner Class detected. Reject building class initialisation methods. 
149210     DEBUG main            d.u.i.k.p.i.AbstractProblemLoader Init config took 3.1s 
149265     INFO  main            d.u.i.k.p.i.AbstractProblemLoader Replaying proof ArrayList.ArrayListIterator[ArrayList.ArrayListIterator::ArrayListIterator(ArrayList)].JML normal_behavior operation contract.0 
149373     DEBUG main            d.u.i.k.p.i.IntermediateProofReplayer Proof replay took 102.87ms 
149374     DEBUG main            d.u.i.k.p.r.p.TestFile    ... success: reloaded. 
149375     INFO  main            d.u.i.k.p.r.p.TestFile    Now processing file /home/runner/work/key/key/key.core/../key.ui/examples/heap/list/ArrayList.ArrayListIterator_hasNext_dep.key 
149376     INFO  main            d.u.i.k.p.i.AbstractProblemLoader Loading environment from /home/runner/work/key/key/key.core/../key.ui/examples/heap/list/ArrayList.ArrayListIterator_hasNext_dep.key 
149376     DEBUG main            d.u.i.k.p.i.AbstractProblemLoader Environment load took 241.2ns 
149377     INFO  main            d.u.i.k.p.i.AbstractProblemLoader Creating init config 
150365     DEBUG main            d.u.i.k.j.r.ClassPreparationMethodBuilder clPrepBuilder: Inner Class detected. Reject building class initialisation methods. 
152522     DEBUG main            d.u.i.k.p.i.AbstractProblemLoader Init config took 3.14s 
152576     INFO  main            d.u.i.k.p.i.AbstractProblemLoader Replaying proof ArrayList.ArrayListIterator[ListIterator::hasNext()].JML accessible clause.0 
152578     DEBUG main            d.u.i.k.p.i.IntermediateProofReplayer Proof replay took 8.5ns 
152984     INFO  main            d.u.i.k.p.r.p.TestFile    ... finished proof: closed. 
153235     INFO  main            d.u.i.k.p.i.AbstractProblemLoader Loading environment from /home/runner/work/key/key/key.core/../key.ui/examples/heap/list/ArrayList.ArrayListIterator_hasNext_dep.key.proof 
153235     DEBUG main            d.u.i.k.p.i.AbstractProblemLoader Environment load took 160.1ns 
153236     INFO  main            d.u.i.k.p.i.AbstractProblemLoader Creating init config 
154224     DEBUG main            d.u.i.k.j.r.ClassPreparationMethodBuilder clPrepBuilder: Inner Class detected. Reject building class initialisation methods. 
156327     DEBUG main            d.u.i.k.p.i.AbstractProblemLoader Init config took 3.09s 
156381     INFO  main            d.u.i.k.p.i.AbstractProblemLoader Replaying proof ArrayList.ArrayListIterator[ListIterator::hasNext()].JML accessible clause.0 
156437     DEBUG main            d.u.i.k.p.i.IntermediateProofReplayer Proof replay took 53.23ms 
156438     DEBUG main            d.u.i.k.p.r.p.TestFile    ... success: reloaded. 
156439     INFO  main            d.u.i.k.p.r.p.TestFile    Now processing file /home/runner/work/key/key/key.core/../key.ui/examples/heap/list/ArrayList.ArrayListIterator_hasNext.key 
156440     INFO  main            d.u.i.k.p.i.AbstractProblemLoader Loading environment from /home/runner/work/key/key/key.core/../key.ui/examples/heap/list/ArrayList.ArrayListIterator_hasNext.key 
156440     DEBUG main            d.u.i.k.p.i.AbstractProblemLoader Environment load took 108.4ns 
156441     INFO  main            d.u.i.k.p.i.AbstractProblemLoader Creating init config 
157493     DEBUG main            d.u.i.k.j.r.ClassPreparationMethodBuilder clPrepBuilder: Inner Class detected. Reject building class initialisation methods. 
159608     DEBUG main            d.u.i.k.p.i.AbstractProblemLoader Init config took 3.17s 
159667     INFO  main            d.u.i.k.p.i.AbstractProblemLoader Replaying proof ArrayList.ArrayListIterator[ListIterator::hasNext()].JML normal_behavior operation contract.0 
159668     DEBUG main            d.u.i.k.p.i.IntermediateProofReplayer Proof replay took 8.1ns 
160071     INFO  main            d.u.i.k.p.r.p.TestFile    ... finished proof: closed. 
160349     INFO  main            d.u.i.k.p.i.AbstractProblemLoader Loading environment from /home/runner/work/key/key/key.core/../key.ui/examples/heap/list/ArrayList.ArrayListIterator_hasNext.key.proof 
160349     DEBUG main            d.u.i.k.p.i.AbstractProblemLoader Environment load took 139.5ns 
160350     INFO  main            d.u.i.k.p.i.AbstractProblemLoader Creating init config 
161322     DEBUG main            d.u.i.k.j.r.ClassPreparationMethodBuilder clPrepBuilder: Inner Class detected. Reject building class initialisation methods. 
163401     DEBUG main            d.u.i.k.p.i.AbstractProblemLoader Init config took 3.05s 
163454     INFO  main            d.u.i.k.p.i.AbstractProblemLoader Replaying proof ArrayList.ArrayListIterator[ListIterator::hasNext()].JML normal_behavior operation contract.0 
163526     DEBUG main            d.u.i.k.p.i.IntermediateProofReplayer Proof replay took 69.93ms 
163528     DEBUG main            d.u.i.k.p.r.p.TestFile    ... success: reloaded. 
163529     INFO  main            d.u.i.k.p.r.p.TestFile    Now processing file /home/runner/work/key/key/key.core/../key.ui/examples/heap/list/ArrayList.ArrayListIterator_inv.key 
163531     INFO  main            d.u.i.k.p.i.AbstractProblemLoader Loading environment from /home/runner/work/key/key/key.core/../key.ui/examples/heap/list/ArrayList.ArrayListIterator_inv.key 
163531     DEBUG main            d.u.i.k.p.i.AbstractProblemLoader Environment load took 148.2ns 
163532     INFO  main            d.u.i.k.p.i.AbstractProblemLoader Creating init config 
164523     DEBUG main            d.u.i.k.j.r.ClassPreparationMethodBuilder clPrepBuilder: Inner Class detected. Reject building class initialisation methods. 
166695     DEBUG main            d.u.i.k.p.i.AbstractProblemLoader Init config took 3.16s 
166749     INFO  main            d.u.i.k.p.i.AbstractProblemLoader Replaying proof ArrayList.ArrayListIterator[java.lang.Object::<inv>()].JML accessible clause.0 
166750     DEBUG main            d.u.i.k.p.i.IntermediateProofReplayer Proof replay took 7ns 
167755     INFO  main            d.u.i.k.p.r.p.TestFile    ... finished proof: closed. 
168022     INFO  main            d.u.i.k.p.i.AbstractProblemLoader Loading environment from /home/runner/work/key/key/key.core/../key.ui/examples/heap/list/ArrayList.ArrayListIterator_inv.key.proof 
168023     DEBUG main            d.u.i.k.p.i.AbstractProblemLoader Environment load took 543.41ns 
168024     INFO  main            d.u.i.k.p.i.AbstractProblemLoader Creating init config 
169016     DEBUG main            d.u.i.k.j.r.ClassPreparationMethodBuilder clPrepBuilder: Inner Class detected. Reject building class initialisation methods. 
171089     DEBUG main            d.u.i.k.p.i.AbstractProblemLoader Init config took 3.06s 
171162     INFO  main            d.u.i.k.p.i.AbstractProblemLoader Replaying proof ArrayList.ArrayListIterator[java.lang.Object::<inv>()].JML accessible clause.0 
171262     DEBUG main            d.u.i.k.p.i.IntermediateProofReplayer Proof replay took 95.32ms 
171263     DEBUG main            d.u.i.k.p.r.p.TestFile    ... success: reloaded. 
171265     INFO  main            d.u.i.k.p.r.p.TestFile    Now processing file /home/runner/work/key/key/key.core/../key.ui/examples/heap/list/ArrayList.ArrayListIterator_list.key 
171265     INFO  main            d.u.i.k.p.i.AbstractProblemLoader Loading environment from /home/runner/work/key/key/key.core/../key.ui/examples/heap/list/ArrayList.ArrayListIterator_list.key 
171265     DEBUG main            d.u.i.k.p.i.AbstractProblemLoader Environment load took 259.4ns 
171267     INFO  main            d.u.i.k.p.i.AbstractProblemLoader Creating init config 
172268     DEBUG main            d.u.i.k.j.r.ClassPreparationMethodBuilder clPrepBuilder: Inner Class detected. Reject building class initialisation methods. 
174381     DEBUG main            d.u.i.k.p.i.AbstractProblemLoader Init config took 3.11s 
174421     INFO  main            d.u.i.k.p.i.AbstractProblemLoader Replaying proof ListIterator[ListIterator::$list()].JML accessible clause.0 
174423     DEBUG main            d.u.i.k.p.i.IntermediateProofReplayer Proof replay took 8.2ns 
174525     INFO  main            d.u.i.k.p.r.p.TestFile    ... finished proof: closed. 
174798     INFO  main            d.u.i.k.p.i.AbstractProblemLoader Loading environment from /home/runner/work/key/key/key.core/../key.ui/examples/heap/list/ArrayList.ArrayListIterator_list.key.proof 
174799     DEBUG main            d.u.i.k.p.i.AbstractProblemLoader Environment load took 135.5ns 
174800     INFO  main            d.u.i.k.p.i.AbstractProblemLoader Creating init config 
175774     DEBUG main            d.u.i.k.j.r.ClassPreparationMethodBuilder clPrepBuilder: Inner Class detected. Reject building class initialisation methods. 
177853     DEBUG main            d.u.i.k.p.i.AbstractProblemLoader Init config took 3.05s 
177894     INFO  main            d.u.i.k.p.i.AbstractProblemLoader Replaying proof ListIterator[ListIterator::$list()].JML accessible clause.0 
177897     DEBUG main            d.u.i.k.p.i.IntermediateProofReplayer Proof replay took 1.15ms 
177897     DEBUG main            d.u.i.k.p.r.p.TestFile    ... success: reloaded. 
177898     INFO  main            d.u.i.k.p.r.p.TestFile    Now processing file /home/runner/work/key/key/key.core/../key.ui/examples/heap/list/ArrayList.ArrayListIterator_next_exceptional.key 
177899     INFO  main            d.u.i.k.p.i.AbstractProblemLoader Loading environment from /home/runner/work/key/key/key.core/../key.ui/examples/heap/list/ArrayList.ArrayListIterator_next_exceptional.key 
177899     DEBUG main            d.u.i.k.p.i.AbstractProblemLoader Environment load took 90.1ns 
177900     INFO  main            d.u.i.k.p.i.AbstractProblemLoader Creating init config 
178931     DEBUG main            d.u.i.k.j.r.ClassPreparationMethodBuilder clPrepBuilder: Inner Class detected. Reject building class initialisation methods. 
181061     DEBUG main            d.u.i.k.p.i.AbstractProblemLoader Init config took 3.16s 
181114     INFO  main            d.u.i.k.p.i.AbstractProblemLoader Replaying proof ArrayList.ArrayListIterator[ListIterator::next()].JML exceptional_behavior operation contract.0 
181116     DEBUG main            d.u.i.k.p.i.IntermediateProofReplayer Proof replay took 8ns 
181952     INFO  main            d.u.i.k.p.r.p.TestFile    ... finished proof: closed. 
182245     INFO  main            d.u.i.k.p.i.AbstractProblemLoader Loading environment from /home/runner/work/key/key/key.core/../key.ui/examples/heap/list/ArrayList.ArrayListIterator_next_exceptional.key.proof 
182246     DEBUG main            d.u.i.k.p.i.AbstractProblemLoader Environment load took 553.41ns 
182248     INFO  main            d.u.i.k.p.i.AbstractProblemLoader Creating init config 
183220     DEBUG main            d.u.i.k.j.r.ClassPreparationMethodBuilder clPrepBuilder: Inner Class detected. Reject building class initialisation methods. 
185320     DEBUG main            d.u.i.k.p.i.AbstractProblemLoader Init config took 3.07s 
185374     INFO  main            d.u.i.k.p.i.AbstractProblemLoader Replaying proof ArrayList.ArrayListIterator[ListIterator::next()].JML exceptional_behavior operation contract.0 
185528     DEBUG main            d.u.i.k.p.i.IntermediateProofReplayer Proof replay took 149.42ms 
185529     DEBUG main            d.u.i.k.p.r.p.TestFile    ... success: reloaded. 
185530     INFO  main            d.u.i.k.p.r.p.TestFile    Now processing file /home/runner/work/key/key/key.core/../key.ui/examples/heap/list/ArrayList.ArrayListIterator_next_normal.key 
185531     INFO  main            d.u.i.k.p.i.AbstractProblemLoader Loading environment from /home/runner/work/key/key/key.core/../key.ui/examples/heap/list/ArrayList.ArrayListIterator_next_normal.key 
185531     DEBUG main            d.u.i.k.p.i.AbstractProblemLoader Environment load took 111.3ns 
185532     INFO  main            d.u.i.k.p.i.AbstractProblemLoader Creating init config 
186547     DEBUG main            d.u.i.k.j.r.ClassPreparationMethodBuilder clPrepBuilder: Inner Class detected. Reject building class initialisation methods. 
188684     DEBUG main            d.u.i.k.p.i.AbstractProblemLoader Init config took 3.15s 
188764     INFO  main            d.u.i.k.p.i.AbstractProblemLoader Replaying proof ArrayList.ArrayListIterator[ListIterator::next()].JML normal_behavior operation contract.0 
188766     DEBUG main            d.u.i.k.p.i.IntermediateProofReplayer Proof replay took 8.3ns 
189670     INFO  main            d.u.i.k.p.r.p.TestFile    ... finished proof: closed. 
189996     INFO  main            d.u.i.k.p.i.AbstractProblemLoader Loading environment from /home/runner/work/key/key/key.core/../key.ui/examples/heap/list/ArrayList.ArrayListIterator_next_normal.key.proof 
189997     DEBUG main            d.u.i.k.p.i.AbstractProblemLoader Environment load took 540.61ns 
189998     INFO  main            d.u.i.k.p.i.AbstractProblemLoader Creating init config 
190973     DEBUG main            d.u.i.k.j.r.ClassPreparationMethodBuilder clPrepBuilder: Inner Class detected. Reject building class initialisation methods. 
193052     DEBUG main            d.u.i.k.p.i.AbstractProblemLoader Init config took 3.05s 
193104     INFO  main            d.u.i.k.p.i.AbstractProblemLoader Replaying proof ArrayList.ArrayListIterator[ListIterator::next()].JML normal_behavior operation contract.0 
193306     DEBUG main            d.u.i.k.p.i.IntermediateProofReplayer Proof replay took 196.72ms 
193307     DEBUG main            d.u.i.k.p.r.p.TestFile    ... success: reloaded. 
193308     INFO  main            d.u.i.k.p.r.p.TestFile    Now processing file /home/runner/work/key/key/key.core/../key.ui/examples/heap/list/ArrayList.ArrayListIterator_pos.key 
193309     INFO  main            d.u.i.k.p.i.AbstractProblemLoader Loading environment from /home/runner/work/key/key/key.core/../key.ui/examples/heap/list/ArrayList.ArrayListIterator_pos.key 
193309     DEBUG main            d.u.i.k.p.i.AbstractProblemLoader Environment load took 135.1ns 
193310     INFO  main            d.u.i.k.p.i.AbstractProblemLoader Creating init config 
194335     DEBUG main            d.u.i.k.j.r.ClassPreparationMethodBuilder clPrepBuilder: Inner Class detected. Reject building class initialisation methods. 
196441     DEBUG main            d.u.i.k.p.i.AbstractProblemLoader Init config took 3.13s 
196481     INFO  main            d.u.i.k.p.i.AbstractProblemLoader Replaying proof ListIterator[ListIterator::$pos()].JML accessible clause.0 
196486     DEBUG main            d.u.i.k.p.i.IntermediateProofReplayer Proof replay took 9ns 
196588     INFO  main            d.u.i.k.p.r.p.TestFile    ... finished proof: closed. 
196888     INFO  main            d.u.i.k.p.i.AbstractProblemLoader Loading environment from /home/runner/work/key/key/key.core/../key.ui/examples/heap/list/ArrayList.ArrayListIterator_pos.key.proof 
196888     DEBUG main            d.u.i.k.p.i.AbstractProblemLoader Environment load took 132.3ns 
196889     INFO  main            d.u.i.k.p.i.AbstractProblemLoader Creating init config 
197864     DEBUG main            d.u.i.k.j.r.ClassPreparationMethodBuilder clPrepBuilder: Inner Class detected. Reject building class initialisation methods. 
199932     DEBUG main            d.u.i.k.p.i.AbstractProblemLoader Init config took 3.04s 
199972     INFO  main            d.u.i.k.p.i.AbstractProblemLoader Replaying proof ListIterator[ListIterator::$pos()].JML accessible clause.0 
199975     DEBUG main            d.u.i.k.p.i.IntermediateProofReplayer Proof replay took 1.02ms 
199976     DEBUG main            d.u.i.k.p.r.p.TestFile    ... success: reloaded. 
199977     INFO  main            d.u.i.k.p.r.p.TestFile    Now processing file /home/runner/work/key/key/key.core/../key.ui/examples/heap/list/Client_m.key 
199977     INFO  main            d.u.i.k.p.i.AbstractProblemLoader Loading environment from /home/runner/work/key/key/key.core/../key.ui/examples/heap/list/Client_m.key 
199977     DEBUG main            d.u.i.k.p.i.AbstractProblemLoader Environment load took 104.1ns 
199978     INFO  main            d.u.i.k.p.i.AbstractProblemLoader Creating init config 
201002     DEBUG main            d.u.i.k.j.r.ClassPreparationMethodBuilder clPrepBuilder: Inner Class detected. Reject building class initialisation methods. 
203153     DEBUG main            d.u.i.k.p.i.AbstractProblemLoader Init config took 3.17s 
203214     INFO  main            d.u.i.k.p.i.AbstractProblemLoader Replaying proof Client[Client::m(List)].JML normal_behavior operation contract.0 
203215     DEBUG main            d.u.i.k.p.i.IntermediateProofReplayer Proof replay took 8.2ns 
203518     INFO  main            d.u.i.k.p.r.p.TestFile    ... finished proof: closed. 
203834     INFO  main            d.u.i.k.p.i.AbstractProblemLoader Loading environment from /home/runner/work/key/key/key.core/../key.ui/examples/heap/list/Client_m.key.proof 
203834     DEBUG main            d.u.i.k.p.i.AbstractProblemLoader Environment load took 149ns 
203835     INFO  main            d.u.i.k.p.i.AbstractProblemLoader Creating init config 
204829     DEBUG main            d.u.i.k.j.r.ClassPreparationMethodBuilder clPrepBuilder: Inner Class detected. Reject building class initialisation methods. 
206904     DEBUG main            d.u.i.k.p.i.AbstractProblemLoader Init config took 3.07s 
206945     INFO  main            d.u.i.k.p.i.AbstractProblemLoader Replaying proof Client[Client::m(List)].JML normal_behavior operation contract.0 
207011     DEBUG main            d.u.i.k.p.i.IntermediateProofReplayer Proof replay took 62.65ms 
207012     DEBUG main            d.u.i.k.p.r.p.TestFile    ... success: reloaded. 
207013     INFO  main            d.u.i.k.p.r.p.TestFile    Now processing file /home/runner/work/key/key/key.core/../key.ui/examples/heap/list/Client_n.key 
207013     INFO  main            d.u.i.k.p.i.AbstractProblemLoader Loading environment from /home/runner/work/key/key/key.core/../key.ui/examples/heap/list/Client_n.key 
207013     DEBUG main            d.u.i.k.p.i.AbstractProblemLoader Environment load took 62.9ns 
207014     INFO  main            d.u.i.k.p.i.AbstractProblemLoader Creating init config 
208006     DEBUG main            d.u.i.k.j.r.ClassPreparationMethodBuilder clPrepBuilder: Inner Class detected. Reject building class initialisation methods. 
210120     DEBUG main            d.u.i.k.p.i.AbstractProblemLoader Init config took 3.11s 
210186     INFO  main            d.u.i.k.p.i.AbstractProblemLoader Replaying proof Client[Client::n(List)].JML normal_behavior operation contract.0 
210187     DEBUG main            d.u.i.k.p.i.IntermediateProofReplayer Proof replay took 7.5ns 
210289     INFO  main            d.u.i.k.p.r.p.TestFile    ... finished proof: closed. 
210596     INFO  main            d.u.i.k.p.i.AbstractProblemLoader Loading environment from /home/runner/work/key/key/key.core/../key.ui/examples/heap/list/Client_n.key.proof 
210596     DEBUG main            d.u.i.k.p.i.AbstractProblemLoader Environment load took 133.4ns 
210597     INFO  main            d.u.i.k.p.i.AbstractProblemLoader Creating init config 
211572     DEBUG main            d.u.i.k.j.r.ClassPreparationMethodBuilder clPrepBuilder: Inner Class detected. Reject building class initialisation methods. 
213653     DEBUG main            d.u.i.k.p.i.AbstractProblemLoader Init config took 3.06s 
213694     INFO  main            d.u.i.k.p.i.AbstractProblemLoader Replaying proof Client[Client::n(List)].JML normal_behavior operation contract.0 
213715     DEBUG main            d.u.i.k.p.i.IntermediateProofReplayer Proof replay took 18.96ms 
213716     DEBUG main            d.u.i.k.p.r.p.TestFile    ... success: reloaded. 
213717     INFO  main            d.u.i.k.p.r.p.TestFile    Now processing file /home/runner/work/key/key/key.core/../key.ui/examples/heap/list/LinkedList_get_exceptional.key 
213718     INFO  main            d.u.i.k.p.i.AbstractProblemLoader Loading environment from /home/runner/work/key/key/key.core/../key.ui/examples/heap/list/LinkedList_get_exceptional.key 
213718     DEBUG main            d.u.i.k.p.i.AbstractProblemLoader Environment load took 102.2ns 
213719     INFO  main            d.u.i.k.p.i.AbstractProblemLoader Creating init config 
214732     DEBUG main            d.u.i.k.j.r.ClassPreparationMethodBuilder clPrepBuilder: Inner Class detected. Reject building class initialisation methods. 
216852     DEBUG main            d.u.i.k.p.i.AbstractProblemLoader Init config took 3.13s 
216919     INFO  main            d.u.i.k.p.i.AbstractProblemLoader Replaying proof LinkedList[List::get(int)].JML exceptional_behavior operation contract.0 
216921     DEBUG main            d.u.i.k.p.i.IntermediateProofReplayer Proof replay took 9.3ns 
219204     INFO  main            d.u.i.k.p.r.p.TestFile    ... finished proof: closed. 
219535     INFO  main            d.u.i.k.p.i.AbstractProblemLoader Loading environment from /home/runner/work/key/key/key.core/../key.ui/examples/heap/list/LinkedList_get_exceptional.key.proof 
219535     DEBUG main            d.u.i.k.p.i.AbstractProblemLoader Environment load took 122.8ns 
219537     INFO  main            d.u.i.k.p.i.AbstractProblemLoader Creating init config 
220533     DEBUG main            d.u.i.k.j.r.ClassPreparationMethodBuilder clPrepBuilder: Inner Class detected. Reject building class initialisation methods. 
222584     DEBUG main            d.u.i.k.p.i.AbstractProblemLoader Init config took 3.05s 
222629     INFO  main            d.u.i.k.p.i.AbstractProblemLoader Replaying proof LinkedList[List::get(int)].JML exceptional_behavior operation contract.0 
222945     DEBUG main            d.u.i.k.p.i.IntermediateProofReplayer Proof replay took 307.2ms 
222947     DEBUG main            d.u.i.k.p.r.p.TestFile    ... success: reloaded. 
222948     INFO  main            d.u.i.k.p.r.p.TestFile    Now processing file /home/runner/work/key/key/key.core/../key.ui/examples/heap/list/LinkedList_get_normal.key 
222949     INFO  main            d.u.i.k.p.i.AbstractProblemLoader Loading environment from /home/runner/work/key/key/key.core/../key.ui/examples/heap/list/LinkedList_get_normal.key 
222949     DEBUG main            d.u.i.k.p.i.AbstractProblemLoader Environment load took 223.3ns 
222950     INFO  main            d.u.i.k.p.i.AbstractProblemLoader Creating init config 
223942     DEBUG main            d.u.i.k.j.r.ClassPreparationMethodBuilder clPrepBuilder: Inner Class detected. Reject building class initialisation methods. 
226024     DEBUG main            d.u.i.k.p.i.AbstractProblemLoader Init config took 3.07s 
226070     INFO  main            d.u.i.k.p.i.AbstractProblemLoader Replaying proof LinkedList[List::get(int)].JML normal_behavior operation contract.0 
226071     DEBUG main            d.u.i.k.p.i.IntermediateProofReplayer Proof replay took 6.7ns 
231723     INFO  main            d.u.i.k.p.r.p.TestFile    ... finished proof: closed. 
232092     INFO  main            d.u.i.k.p.i.AbstractProblemLoader Loading environment from /home/runner/work/key/key/key.core/../key.ui/examples/heap/list/LinkedList_get_normal.key.proof 
232093     DEBUG main            d.u.i.k.p.i.AbstractProblemLoader Environment load took 524.51ns 
232095     INFO  main            d.u.i.k.p.i.AbstractProblemLoader Creating init config 
233064     DEBUG main            d.u.i.k.j.r.ClassPreparationMethodBuilder clPrepBuilder: Inner Class detected. Reject building class initialisation methods. 
235108     DEBUG main            d.u.i.k.p.i.AbstractProblemLoader Init config took 3.01s 
235154     INFO  main            d.u.i.k.p.i.AbstractProblemLoader Replaying proof LinkedList[List::get(int)].JML normal_behavior operation contract.0 
235612     DEBUG main            d.u.i.k.p.i.IntermediateProofReplayer Proof replay took 437.66ms 
235614     DEBUG main            d.u.i.k.p.r.p.TestFile    ... success: reloaded. 
235615     INFO  main            d.u.i.k.p.r.p.TestFile    Now processing file /home/runner/work/key/key/key.core/../key.ui/examples/heap/list/LinkedList_LinkedList.key 
235616     INFO  main            d.u.i.k.p.i.AbstractProblemLoader Loading environment from /home/runner/work/key/key/key.core/../key.ui/examples/heap/list/LinkedList_LinkedList.key 
235616     DEBUG main            d.u.i.k.p.i.AbstractProblemLoader Environment load took 100.2ns 
235617     INFO  main            d.u.i.k.p.i.AbstractProblemLoader Creating init config 
236621     DEBUG main            d.u.i.k.j.r.ClassPreparationMethodBuilder clPrepBuilder: Inner Class detected. Reject building class initialisation methods. 
238704     DEBUG main            d.u.i.k.p.i.AbstractProblemLoader Init config took 3.09s 
238749     INFO  main            d.u.i.k.p.i.AbstractProblemLoader Replaying proof LinkedList[LinkedList::LinkedList()].JML normal_behavior operation contract.0 
238751     DEBUG main            d.u.i.k.p.i.IntermediateProofReplayer Proof replay took 8.8ns 
239259     INFO  main            d.u.i.k.p.r.p.TestFile    ... finished proof: closed. 
239609     INFO  main            d.u.i.k.p.i.AbstractProblemLoader Loading environment from /home/runner/work/key/key/key.core/../key.ui/examples/heap/list/LinkedList_LinkedList.key.proof 
239609     DEBUG main            d.u.i.k.p.i.AbstractProblemLoader Environment load took 248.8ns 
239611     INFO  main            d.u.i.k.p.i.AbstractProblemLoader Creating init config 
240570     DEBUG main            d.u.i.k.j.r.ClassPreparationMethodBuilder clPrepBuilder: Inner Class detected. Reject building class initialisation methods. 
242624     DEBUG main            d.u.i.k.p.i.AbstractProblemLoader Init config took 3.01s 
242671     INFO  main            d.u.i.k.p.i.AbstractProblemLoader Replaying proof LinkedList[LinkedList::LinkedList()].JML normal_behavior operation contract.0 
242769     DEBUG main            d.u.i.k.p.i.IntermediateProofReplayer Proof replay took 94.49ms 
242770     DEBUG main            d.u.i.k.p.r.p.TestFile    ... success: reloaded. 
242772     INFO  main            d.u.i.k.p.r.p.TestFile    Now processing file /home/runner/work/key/key/key.core/../key.ui/examples/heap/list/LinkedList_size_dep.key 
242772     INFO  main            d.u.i.k.p.i.AbstractProblemLoader Loading environment from /home/runner/work/key/key/key.core/../key.ui/examples/heap/list/LinkedList_size_dep.key 
242772     DEBUG main            d.u.i.k.p.i.AbstractProblemLoader Environment load took 86ns 
242773     INFO  main            d.u.i.k.p.i.AbstractProblemLoader Creating init config 
243757     DEBUG main            d.u.i.k.j.r.ClassPreparationMethodBuilder clPrepBuilder: Inner Class detected. Reject building class initialisation methods. 
245867     DEBUG main            d.u.i.k.p.i.AbstractProblemLoader Init config took 3.09s 
245911     INFO  main            d.u.i.k.p.i.AbstractProblemLoader Replaying proof LinkedList[List::size()].JML accessible clause.0 
245912     DEBUG main            d.u.i.k.p.i.IntermediateProofReplayer Proof replay took 7.4ns 
246427     INFO  main            d.u.i.k.p.r.p.TestFile    ... finished proof: closed. 
246749     INFO  main            d.u.i.k.p.i.AbstractProblemLoader Loading environment from /home/runner/work/key/key/key.core/../key.ui/examples/heap/list/LinkedList_size_dep.key.proof 
246749     DEBUG main            d.u.i.k.p.i.AbstractProblemLoader Environment load took 134.1ns 
246750     INFO  main            d.u.i.k.p.i.AbstractProblemLoader Creating init config 
247723     DEBUG main            d.u.i.k.j.r.ClassPreparationMethodBuilder clPrepBuilder: Inner Class detected. Reject building class initialisation methods. 
249766     DEBUG main            d.u.i.k.p.i.AbstractProblemLoader Init config took 3.02s 
249810     INFO  main            d.u.i.k.p.i.AbstractProblemLoader Replaying proof LinkedList[List::size()].JML accessible clause.0 
249859     DEBUG main            d.u.i.k.p.i.IntermediateProofReplayer Proof replay took 45.74ms 
249860     DEBUG main            d.u.i.k.p.r.p.TestFile    ... success: reloaded. 
249861     INFO  main            d.u.i.k.p.r.p.TestFile    Now processing file /home/runner/work/key/key/key.core/../key.ui/examples/heap/list/LinkedList_size.key 
249861     INFO  main            d.u.i.k.p.i.AbstractProblemLoader Loading environment from /home/runner/work/key/key/key.core/../key.ui/examples/heap/list/LinkedList_size.key 
249862     DEBUG main            d.u.i.k.p.i.AbstractProblemLoader Environment load took 92.6ns 
249862     INFO  main            d.u.i.k.p.i.AbstractProblemLoader Creating init config 
250862     DEBUG main            d.u.i.k.j.r.ClassPreparationMethodBuilder clPrepBuilder: Inner Class detected. Reject building class initialisation methods. 
252958     DEBUG main            d.u.i.k.p.i.AbstractProblemLoader Init config took 3.1s 
253002     INFO  main            d.u.i.k.p.i.AbstractProblemLoader Replaying proof LinkedList[List::size()].JML normal_behavior operation contract.0 
253003     DEBUG main            d.u.i.k.p.i.IntermediateProofReplayer Proof replay took 8.4ns 
253509     INFO  main            d.u.i.k.p.r.p.TestFile    ... finished proof: closed. 
253839     INFO  main            d.u.i.k.p.i.AbstractProblemLoader Loading environment from /home/runner/work/key/key/key.core/../key.ui/examples/heap/list/LinkedList_size.key.proof 
253839     DEBUG main            d.u.i.k.p.i.AbstractProblemLoader Environment load took 126.9ns 
253840     INFO  main            d.u.i.k.p.i.AbstractProblemLoader Creating init config 
254806     DEBUG main            d.u.i.k.j.r.ClassPreparationMethodBuilder clPrepBuilder: Inner Class detected. Reject building class initialisation methods. 
256846     DEBUG main            d.u.i.k.p.i.AbstractProblemLoader Init config took 3.01s 
256890     INFO  main            d.u.i.k.p.i.AbstractProblemLoader Replaying proof LinkedList[List::size()].JML normal_behavior operation contract.0 
256935     DEBUG main            d.u.i.k.p.i.IntermediateProofReplayer Proof replay took 41.42ms 
256936     DEBUG main            d.u.i.k.p.r.p.TestFile    ... success: reloaded. 
256936     INFO  main            d.u.i.k.p.r.p.TestFile    Now processing file /home/runner/work/key/key/key.core/../key.ui/examples/heap/list/MySet_footprint.key 
256937     INFO  main            d.u.i.k.p.i.AbstractProblemLoader Loading environment from /home/runner/work/key/key/key.core/../key.ui/examples/heap/list/MySet_footprint.key 
256937     DEBUG main            d.u.i.k.p.i.AbstractProblemLoader Environment load took 60.9ns 
256938     INFO  main            d.u.i.k.p.i.AbstractProblemLoader Creating init config 
257934     DEBUG main            d.u.i.k.j.r.ClassPreparationMethodBuilder clPrepBuilder: Inner Class detected. Reject building class initialisation methods. 
260013     DEBUG main            d.u.i.k.p.i.AbstractProblemLoader Init config took 3.08s 
260081     INFO  main            d.u.i.k.p.i.AbstractProblemLoader Replaying proof MySet[MySet::$footprint()].JML accessible clause.0 
260084     DEBUG main            d.u.i.k.p.i.IntermediateProofReplayer Proof replay took 8.2ns 
260387     INFO  main            d.u.i.k.p.r.p.TestFile    ... finished proof: closed. 
260749     INFO  main            d.u.i.k.p.i.AbstractProblemLoader Loading environment from /home/runner/work/key/key/key.core/../key.ui/examples/heap/list/MySet_footprint.key.proof 
260749     DEBUG main            d.u.i.k.p.i.AbstractProblemLoader Environment load took 119.1ns 
260750     INFO  main            d.u.i.k.p.i.AbstractProblemLoader Creating init config 
261723     DEBUG main            d.u.i.k.j.r.ClassPreparationMethodBuilder clPrepBuilder: Inner Class detected. Reject building class initialisation methods. 
263770     DEBUG main            d.u.i.k.p.i.AbstractProblemLoader Init config took 3.02s 
263817     INFO  main            d.u.i.k.p.i.AbstractProblemLoader Replaying proof MySet[MySet::$footprint()].JML accessible clause.0 
263865     DEBUG main            d.u.i.k.p.i.IntermediateProofReplayer Proof replay took 45.37ms 
263866     DEBUG main            d.u.i.k.p.r.p.TestFile    ... success: reloaded. 
263867     INFO  main            d.u.i.k.p.r.p.TestFile    Now processing file /home/runner/work/key/key/key.core/../key.ui/examples/heap/list/MySet_MySet.key 
263868     INFO  main            d.u.i.k.p.i.AbstractProblemLoader Loading environment from /home/runner/work/key/key/key.core/../key.ui/examples/heap/list/MySet_MySet.key 
263868     DEBUG main            d.u.i.k.p.i.AbstractProblemLoader Environment load took 94ns 
263869     INFO  main            d.u.i.k.p.i.AbstractProblemLoader Creating init config 
264859     DEBUG main            d.u.i.k.j.r.ClassPreparationMethodBuilder clPrepBuilder: Inner Class detected. Reject building class initialisation methods. 
266953     DEBUG main            d.u.i.k.p.i.AbstractProblemLoader Init config took 3.08s 
267000     INFO  main            d.u.i.k.p.i.AbstractProblemLoader Replaying proof MySet[MySet::MySet()].JML normal_behavior operation contract.0 
267002     DEBUG main            d.u.i.k.p.i.IntermediateProofReplayer Proof replay took 8.8ns 
269537     INFO  main            d.u.i.k.p.r.p.TestFile    ... finished proof: closed. 
269902     INFO  main            d.u.i.k.p.i.AbstractProblemLoader Loading environment from /home/runner/work/key/key/key.core/../key.ui/examples/heap/list/MySet_MySet.key.proof 
269902     DEBUG main            d.u.i.k.p.i.AbstractProblemLoader Environment load took 532.51ns 
269904     INFO  main            d.u.i.k.p.i.AbstractProblemLoader Creating init config 
270871     DEBUG main            d.u.i.k.j.r.ClassPreparationMethodBuilder clPrepBuilder: Inner Class detected. Reject building class initialisation methods. 
272910     DEBUG main            d.u.i.k.p.i.AbstractProblemLoader Init config took 3.01s 
272957     INFO  main            d.u.i.k.p.i.AbstractProblemLoader Replaying proof MySet[MySet::MySet()].JML normal_behavior operation contract.0 
273314     DEBUG main            d.u.i.k.p.i.IntermediateProofReplayer Proof replay took 344.08ms 
273315     DEBUG main            d.u.i.k.p.r.p.TestFile    ... success: reloaded. 
1148209    INFO  Test worker     d.u.i.k.p.r.RunAllProofsTestUnit Returning from test list 
1148210    INFO  Test worker     d.u.i.k.p.r.RunAllProofsTestUnit Running test list_ghost 
338        INFO  Timeout watchdog d.u.i.k.p.r.p.ForkedTestFileRunner Timeout watcher launched (2000 secs.) 
348        WARN  main            d.u.i.k.s.ProofSettings   The settings in /home/runner/.key/proof-settings.props are *not* read. 
392        INFO  main            d.u.i.k.p.r.p.TestFile    Now processing file /home/runner/work/key/key/key.core/../key.ui/examples/heap/list_ghost/ArrayList_add.key 
512        INFO  main            d.u.i.k.p.i.AbstractProblemLoader Loading environment from /home/runner/work/key/key/key.core/../key.ui/examples/heap/list_ghost/ArrayList_add.key 
533        DEBUG main            d.u.i.k.p.i.AbstractProblemLoader Environment load took 1.93ms 
762        INFO  main            d.u.i.k.p.i.AbstractProblemLoader Creating init config 
1639       DEBUG main            d.u.i.k.j.TypeConverter   No LDT found for Meta 
1639       DEBUG main            d.u.i.k.j.TypeConverter   No LDT found for Meta 
1640       DEBUG main            d.u.i.k.j.TypeConverter   No LDT found for Meta 
1641       DEBUG main            d.u.i.k.j.TypeConverter   No LDT found for Meta 
3036       DEBUG main            d.u.i.k.j.TypeConverter   No LDT found for JavaBigintExpression 
8288       DEBUG main            d.u.i.k.p.i.AbstractProblemLoader Init config took 7.53s 
8449       INFO  main            d.u.i.k.p.i.AbstractProblemLoader Replaying proof ArrayList[List::add(java.lang.Object)].JML normal_behavior operation contract.0 
8483       DEBUG main            d.u.i.k.p.i.IntermediateProofReplayer Proof replay took 35ns 
13628      INFO  main            d.u.i.k.p.r.p.TestFile    ... finished proof: closed. 
13805      INFO  main            d.u.i.k.p.i.AbstractProblemLoader Loading environment from /home/runner/work/key/key/key.core/../key.ui/examples/heap/list_ghost/ArrayList_add.key.proof 
13805      DEBUG main            d.u.i.k.p.i.AbstractProblemLoader Environment load took 167ns 
13809      INFO  main            d.u.i.k.p.i.AbstractProblemLoader Creating init config 
16890      DEBUG main            d.u.i.k.p.i.AbstractProblemLoader Init config took 3.08s 
16971      INFO  main            d.u.i.k.p.i.AbstractProblemLoader Replaying proof ArrayList[List::add(java.lang.Object)].JML normal_behavior operation contract.0 
17850      DEBUG main            d.u.i.k.p.i.IntermediateProofReplayer Proof replay took 844.95ms 
17863      DEBUG main            d.u.i.k.p.r.p.TestFile    ... success: reloaded. 
17870      INFO  main            d.u.i.k.p.r.p.TestFile    Now processing file /home/runner/work/key/key/key.core/../key.ui/examples/heap/list_ghost/ArrayList_ArrayList.key 
17870      INFO  main            d.u.i.k.p.i.AbstractProblemLoader Loading environment from /home/runner/work/key/key/key.core/../key.ui/examples/heap/list_ghost/ArrayList_ArrayList.key 
17870      DEBUG main            d.u.i.k.p.i.AbstractProblemLoader Environment load took 285.61ns 
17874      INFO  main            d.u.i.k.p.i.AbstractProblemLoader Creating init config 
20764      DEBUG main            d.u.i.k.p.i.AbstractProblemLoader Init config took 2.89s 
20850      INFO  main            d.u.i.k.p.i.AbstractProblemLoader Replaying proof ArrayList[ArrayList::ArrayList()].JML normal_behavior operation contract.0 
20853      DEBUG main            d.u.i.k.p.i.IntermediateProofReplayer Proof replay took 6.8ns 
21958      INFO  main            d.u.i.k.p.r.p.TestFile    ... finished proof: closed. 
22144      INFO  main            d.u.i.k.p.i.AbstractProblemLoader Loading environment from /home/runner/work/key/key/key.core/../key.ui/examples/heap/list_ghost/ArrayList_ArrayList.key.proof 
22144      DEBUG main            d.u.i.k.p.i.AbstractProblemLoader Environment load took 145.6ns 
22146      INFO  main            d.u.i.k.p.i.AbstractProblemLoader Creating init config 
25026      DEBUG main            d.u.i.k.p.i.AbstractProblemLoader Init config took 2.88s 
25082      INFO  main            d.u.i.k.p.i.AbstractProblemLoader Replaying proof ArrayList[ArrayList::ArrayList()].JML normal_behavior operation contract.0 
25264      DEBUG main            d.u.i.k.p.i.IntermediateProofReplayer Proof replay took 173.7ms 
25266      DEBUG main            d.u.i.k.p.r.p.TestFile    ... success: reloaded. 
25268      INFO  main            d.u.i.k.p.r.p.TestFile    Now processing file /home/runner/work/key/key/key.core/../key.ui/examples/heap/list_ghost/ArrayList_enlarge.key 
25268      INFO  main            d.u.i.k.p.i.AbstractProblemLoader Loading environment from /home/runner/work/key/key/key.core/../key.ui/examples/heap/list_ghost/ArrayList_enlarge.key 
25268      DEBUG main            d.u.i.k.p.i.AbstractProblemLoader Environment load took 256.4ns 
25270      INFO  main            d.u.i.k.p.i.AbstractProblemLoader Creating init config 
28109      DEBUG main            d.u.i.k.p.i.AbstractProblemLoader Init config took 2.84s 
28159      INFO  main            d.u.i.k.p.i.AbstractProblemLoader Replaying proof ArrayList[ArrayList::enlarge()].JML normal_behavior operation contract.0 
28162      DEBUG main            d.u.i.k.p.i.IntermediateProofReplayer Proof replay took 7ns 
30392      INFO  main            d.u.i.k.p.r.p.TestFile    ... finished proof: closed. 
30567      INFO  main            d.u.i.k.p.i.AbstractProblemLoader Loading environment from /home/runner/work/key/key/key.core/../key.ui/examples/heap/list_ghost/ArrayList_enlarge.key.proof 
30567      DEBUG main            d.u.i.k.p.i.AbstractProblemLoader Environment load took 618.51ns 
30570      INFO  main            d.u.i.k.p.i.AbstractProblemLoader Creating init config 
33326      DEBUG main            d.u.i.k.p.i.AbstractProblemLoader Init config took 2.76s 
33373      INFO  main            d.u.i.k.p.i.AbstractProblemLoader Replaying proof ArrayList[ArrayList::enlarge()].JML normal_behavior operation contract.0 
33814      DEBUG main            d.u.i.k.p.i.IntermediateProofReplayer Proof replay took 430.17ms 
33816      DEBUG main            d.u.i.k.p.r.p.TestFile    ... success: reloaded. 
33818      INFO  main            d.u.i.k.p.r.p.TestFile    Now processing file /home/runner/work/key/key/key.core/../key.ui/examples/heap/list_ghost/ArrayList_get_dep.key 
33818      INFO  main            d.u.i.k.p.i.AbstractProblemLoader Loading environment from /home/runner/work/key/key/key.core/../key.ui/examples/heap/list_ghost/ArrayList_get_dep.key 
33818      DEBUG main            d.u.i.k.p.i.AbstractProblemLoader Environment load took 230.6ns 
33819      INFO  main            d.u.i.k.p.i.AbstractProblemLoader Creating init config 
36599      DEBUG main            d.u.i.k.p.i.AbstractProblemLoader Init config took 2.78s 
36647      INFO  main            d.u.i.k.p.i.AbstractProblemLoader Replaying proof ArrayList[List::get(int)].JML accessible clause.0 
36649      DEBUG main            d.u.i.k.p.i.IntermediateProofReplayer Proof replay took 8ns 
37054      INFO  main            d.u.i.k.p.r.p.TestFile    ... finished proof: closed. 
37233      INFO  main            d.u.i.k.p.i.AbstractProblemLoader Loading environment from /home/runner/work/key/key/key.core/../key.ui/examples/heap/list_ghost/ArrayList_get_dep.key.proof 
37233      DEBUG main            d.u.i.k.p.i.AbstractProblemLoader Environment load took 157.8ns 
37235      INFO  main            d.u.i.k.p.i.AbstractProblemLoader Creating init config 
39930      DEBUG main            d.u.i.k.p.i.AbstractProblemLoader Init config took 2.7s 
39987      INFO  main            d.u.i.k.p.i.AbstractProblemLoader Replaying proof ArrayList[List::get(int)].JML accessible clause.0 
40063      DEBUG main            d.u.i.k.p.i.IntermediateProofReplayer Proof replay took 71.28ms 
40064      DEBUG main            d.u.i.k.p.r.p.TestFile    ... success: reloaded. 
40066      INFO  main            d.u.i.k.p.r.p.TestFile    Now processing file /home/runner/work/key/key/key.core/../key.ui/examples/heap/list_ghost/ArrayList_get_exceptional.key 
40066      INFO  main            d.u.i.k.p.i.AbstractProblemLoader Loading environment from /home/runner/work/key/key/key.core/../key.ui/examples/heap/list_ghost/ArrayList_get_exceptional.key 
40067      DEBUG main            d.u.i.k.p.i.AbstractProblemLoader Environment load took 259.1ns 
40068      INFO  main            d.u.i.k.p.i.AbstractProblemLoader Creating init config 
42840      DEBUG main            d.u.i.k.p.i.AbstractProblemLoader Init config took 2.77s 
42884      INFO  main            d.u.i.k.p.i.AbstractProblemLoader Replaying proof ArrayList[List::get(int)].JML exceptional_behavior operation contract.0 
42888      DEBUG main            d.u.i.k.p.i.IntermediateProofReplayer Proof replay took 9.4ns 
43693      INFO  main            d.u.i.k.p.r.p.TestFile    ... finished proof: closed. 
43861      INFO  main            d.u.i.k.p.i.AbstractProblemLoader Loading environment from /home/runner/work/key/key/key.core/../key.ui/examples/heap/list_ghost/ArrayList_get_exceptional.key.proof 
43862      DEBUG main            d.u.i.k.p.i.AbstractProblemLoader Environment load took 599.91ns 
43864      INFO  main            d.u.i.k.p.i.AbstractProblemLoader Creating init config 
46525      DEBUG main            d.u.i.k.p.i.AbstractProblemLoader Init config took 2.66s 
46578      INFO  main            d.u.i.k.p.i.AbstractProblemLoader Replaying proof ArrayList[List::get(int)].JML exceptional_behavior operation contract.0 
46756      DEBUG main            d.u.i.k.p.i.IntermediateProofReplayer Proof replay took 170.87ms 
46758      DEBUG main            d.u.i.k.p.r.p.TestFile    ... success: reloaded. 
46759      INFO  main            d.u.i.k.p.r.p.TestFile    Now processing file /home/runner/work/key/key/key.core/../key.ui/examples/heap/list_ghost/ArrayList_get_normal.key 
46759      INFO  main            d.u.i.k.p.i.AbstractProblemLoader Loading environment from /home/runner/work/key/key/key.core/../key.ui/examples/heap/list_ghost/ArrayList_get_normal.key 
46760      DEBUG main            d.u.i.k.p.i.AbstractProblemLoader Environment load took 725.71ns 
46761      INFO  main            d.u.i.k.p.i.AbstractProblemLoader Creating init config 
49531      DEBUG main            d.u.i.k.p.i.AbstractProblemLoader Init config took 2.77s 
49574      INFO  main            d.u.i.k.p.i.AbstractProblemLoader Replaying proof ArrayList[List::get(int)].JML normal_behavior operation contract.0 
49576      DEBUG main            d.u.i.k.p.i.IntermediateProofReplayer Proof replay took 8.1ns 
49879      INFO  main            d.u.i.k.p.r.p.TestFile    ... finished proof: closed. 
50105      INFO  main            d.u.i.k.p.i.AbstractProblemLoader Loading environment from /home/runner/work/key/key/key.core/../key.ui/examples/heap/list_ghost/ArrayList_get_normal.key.proof 
50105      DEBUG main            d.u.i.k.p.i.AbstractProblemLoader Environment load took 141.7ns 
50106      INFO  main            d.u.i.k.p.i.AbstractProblemLoader Creating init config 
52756      DEBUG main            d.u.i.k.p.i.AbstractProblemLoader Init config took 2.65s 
52799      INFO  main            d.u.i.k.p.i.AbstractProblemLoader Replaying proof ArrayList[List::get(int)].JML normal_behavior operation contract.0 
52851      DEBUG main            d.u.i.k.p.i.IntermediateProofReplayer Proof replay took 48.27ms 
52852      DEBUG main            d.u.i.k.p.r.p.TestFile    ... success: reloaded. 
52854      INFO  main            d.u.i.k.p.r.p.TestFile    Now processing file /home/runner/work/key/key/key.core/../key.ui/examples/heap/list_ghost/ArrayList_inv.key 
52854      INFO  main            d.u.i.k.p.i.AbstractProblemLoader Loading environment from /home/runner/work/key/key/key.core/../key.ui/examples/heap/list_ghost/ArrayList_inv.key 
52854      DEBUG main            d.u.i.k.p.i.AbstractProblemLoader Environment load took 230.4ns 
52855      INFO  main            d.u.i.k.p.i.AbstractProblemLoader Creating init config 
55576      DEBUG main            d.u.i.k.p.i.AbstractProblemLoader Init config took 2.72s 
55618      INFO  main            d.u.i.k.p.i.AbstractProblemLoader Replaying proof ArrayList[java.lang.Object::<inv>()].JML accessible clause.0 
55620      DEBUG main            d.u.i.k.p.i.IntermediateProofReplayer Proof replay took 8.7ns 
55722      INFO  main            d.u.i.k.p.r.p.TestFile    ... finished proof: closed. 
55904      INFO  main            d.u.i.k.p.i.AbstractProblemLoader Loading environment from /home/runner/work/key/key/key.core/../key.ui/examples/heap/list_ghost/ArrayList_inv.key.proof 
55904      DEBUG main            d.u.i.k.p.i.AbstractProblemLoader Environment load took 137.7ns 
55905      INFO  main            d.u.i.k.p.i.AbstractProblemLoader Creating init config 
58570      DEBUG main            d.u.i.k.p.i.AbstractProblemLoader Init config took 2.66s 
58610      INFO  main            d.u.i.k.p.i.AbstractProblemLoader Replaying proof ArrayList[java.lang.Object::<inv>()].JML accessible clause.0 
58622      DEBUG main            d.u.i.k.p.i.IntermediateProofReplayer Proof replay took 9.65ms 
58623      DEBUG main            d.u.i.k.p.r.p.TestFile    ... success: reloaded. 
58624      INFO  main            d.u.i.k.p.r.p.TestFile    Now processing file /home/runner/work/key/key/key.core/../key.ui/examples/heap/list_ghost/ArrayList_size_dep.key 
58624      INFO  main            d.u.i.k.p.i.AbstractProblemLoader Loading environment from /home/runner/work/key/key/key.core/../key.ui/examples/heap/list_ghost/ArrayList_size_dep.key 
58624      DEBUG main            d.u.i.k.p.i.AbstractProblemLoader Environment load took 102.3ns 
58625      INFO  main            d.u.i.k.p.i.AbstractProblemLoader Creating init config 
61362      DEBUG main            d.u.i.k.p.i.AbstractProblemLoader Init config took 2.74s 
61402      INFO  main            d.u.i.k.p.i.AbstractProblemLoader Replaying proof ArrayList[List::size()].JML accessible clause.0 
61407      DEBUG main            d.u.i.k.p.i.IntermediateProofReplayer Proof replay took 8ns 
61512      INFO  main            d.u.i.k.p.r.p.TestFile    ... finished proof: closed. 
61732      INFO  main            d.u.i.k.p.i.AbstractProblemLoader Loading environment from /home/runner/work/key/key/key.core/../key.ui/examples/heap/list_ghost/ArrayList_size_dep.key.proof 
61732      DEBUG main            d.u.i.k.p.i.AbstractProblemLoader Environment load took 140.9ns 
61733      INFO  main            d.u.i.k.p.i.AbstractProblemLoader Creating init config 
64379      DEBUG main            d.u.i.k.p.i.AbstractProblemLoader Init config took 2.65s 
64417      INFO  main            d.u.i.k.p.i.AbstractProblemLoader Replaying proof ArrayList[List::size()].JML accessible clause.0 
64448      DEBUG main            d.u.i.k.p.i.IntermediateProofReplayer Proof replay took 28.18ms 
64449      DEBUG main            d.u.i.k.p.r.p.TestFile    ... success: reloaded. 
64451      INFO  main            d.u.i.k.p.r.p.TestFile    Now processing file /home/runner/work/key/key/key.core/../key.ui/examples/heap/list_ghost/ArrayList_size.key 
64451      INFO  main            d.u.i.k.p.i.AbstractProblemLoader Loading environment from /home/runner/work/key/key/key.core/../key.ui/examples/heap/list_ghost/ArrayList_size.key 
64451      DEBUG main            d.u.i.k.p.i.AbstractProblemLoader Environment load took 227.8ns 
64452      INFO  main            d.u.i.k.p.i.AbstractProblemLoader Creating init config 
67125      DEBUG main            d.u.i.k.p.i.AbstractProblemLoader Init config took 2.67s 
67163      INFO  main            d.u.i.k.p.i.AbstractProblemLoader Replaying proof ArrayList[List::size()].JML normal_behavior operation contract.0 
67165      DEBUG main            d.u.i.k.p.i.IntermediateProofReplayer Proof replay took 7.8ns 
67268      INFO  main            d.u.i.k.p.r.p.TestFile    ... finished proof: closed. 
67464      INFO  main            d.u.i.k.p.i.AbstractProblemLoader Loading environment from /home/runner/work/key/key/key.core/../key.ui/examples/heap/list_ghost/ArrayList_size.key.proof 
67464      DEBUG main            d.u.i.k.p.i.AbstractProblemLoader Environment load took 136.7ns 
67465      INFO  main            d.u.i.k.p.i.AbstractProblemLoader Creating init config 
70095      DEBUG main            d.u.i.k.p.i.AbstractProblemLoader Init config took 2.63s 
70134      INFO  main            d.u.i.k.p.i.AbstractProblemLoader Replaying proof ArrayList[List::size()].JML normal_behavior operation contract.0 
70150      DEBUG main            d.u.i.k.p.i.IntermediateProofReplayer Proof replay took 13.73ms 
70151      DEBUG main            d.u.i.k.p.r.p.TestFile    ... success: reloaded. 
1218521    INFO  Test worker     d.u.i.k.p.r.RunAllProofsTestUnit Returning from test list_ghost 
1218522    INFO  Test worker     d.u.i.k.p.r.RunAllProofsTestUnit Running test list_recursive 
342        INFO  Timeout watchdog d.u.i.k.p.r.p.ForkedTestFileRunner Timeout watcher launched (2000 secs.) 
352        WARN  main            d.u.i.k.s.ProofSettings   The settings in /home/runner/.key/proof-settings.props are *not* read. 
382        INFO  main            d.u.i.k.p.r.p.TestFile    Now processing file /home/runner/work/key/key/key.core/../key.ui/examples/heap/list_recursiveSpec/ListOperationsNonNull_getNextNN_normal_behavior.key 
513        INFO  main            d.u.i.k.p.i.AbstractProblemLoader Loading environment from /home/runner/work/key/key/key.core/../key.ui/examples/heap/list_recursiveSpec/ListOperationsNonNull_getNextNN_normal_behavior.key 
533        DEBUG main            d.u.i.k.p.i.AbstractProblemLoader Environment load took 2.09ms 
775        INFO  main            d.u.i.k.p.i.AbstractProblemLoader Creating init config 
1807       DEBUG main            d.u.i.k.j.TypeConverter   No LDT found for Meta 
1808       DEBUG main            d.u.i.k.j.TypeConverter   No LDT found for Meta 
1811       DEBUG main            d.u.i.k.j.TypeConverter   No LDT found for Meta 
1811       DEBUG main            d.u.i.k.j.TypeConverter   No LDT found for Meta 
3120       DEBUG main            d.u.i.k.j.TypeConverter   No LDT found for JavaBigintExpression 
8589       DEBUG main            d.u.i.k.p.i.AbstractProblemLoader Init config took 7.81s 
8722       INFO  main            d.u.i.k.p.i.AbstractProblemLoader Replaying proof ListOperationsNonNull[ListOperationsNonNull::getNextNN(ListNN,int)].JML normal_behavior operation contract.0 
8756       DEBUG main            d.u.i.k.p.i.IntermediateProofReplayer Proof replay took 36.6ns 
10098      INFO  main            d.u.i.k.p.r.p.TestFile    ... finished proof: closed. 
10300      INFO  main            d.u.i.k.p.i.AbstractProblemLoader Loading environment from /home/runner/work/key/key/key.core/../key.ui/examples/heap/list_recursiveSpec/ListOperationsNonNull_getNextNN_normal_behavior.key.proof 
10303      DEBUG main            d.u.i.k.p.i.AbstractProblemLoader Environment load took 3.01ms 
10310      INFO  main            d.u.i.k.p.i.AbstractProblemLoader Creating init config 
13312      DEBUG main            d.u.i.k.p.i.AbstractProblemLoader Init config took 3s 
13394      INFO  main            d.u.i.k.p.i.AbstractProblemLoader Replaying proof ListOperationsNonNull[ListOperationsNonNull::getNextNN(ListNN,int)].JML normal_behavior operation contract.0 
13574      DEBUG main            d.u.i.k.p.i.IntermediateProofReplayer Proof replay took 170.82ms 
13598      DEBUG main            d.u.i.k.p.r.p.TestFile    ... success: reloaded. 
13600      INFO  main            d.u.i.k.p.r.p.TestFile    Now processing file /home/runner/work/key/key/key.core/../key.ui/examples/heap/list_recursiveSpec/ListOperationsNonNull_setValueAt_normal_behavior.key 
13601      INFO  main            d.u.i.k.p.i.AbstractProblemLoader Loading environment from /home/runner/work/key/key/key.core/../key.ui/examples/heap/list_recursiveSpec/ListOperationsNonNull_setValueAt_normal_behavior.key 
13601      DEBUG main            d.u.i.k.p.i.AbstractProblemLoader Environment load took 259.4ns 
13603      INFO  main            d.u.i.k.p.i.AbstractProblemLoader Creating init config 
16422      DEBUG main            d.u.i.k.p.i.AbstractProblemLoader Init config took 2.82s 
16504      INFO  main            d.u.i.k.p.i.AbstractProblemLoader Replaying proof ListOperationsNonNull[ListOperationsNonNull::setValueAt_NN(ListNN,int,int)].JML normal_behavior operation contract.0 
16511      DEBUG main            d.u.i.k.p.i.IntermediateProofReplayer Proof replay took 10.1ns 
16544      DEBUG main            d.u.i.k.m.s.ProofScriptEngine 1: 'macro autopilot' 
19419      DEBUG main            d.u.i.k.m.s.ProofScriptEngine 2: 'macro simp-upd' 
19425      DEBUG main            d.u.i.k.m.s.ProofScriptEngine 3: 'rule observerDependencyEQ' 
19443      DEBUG main            d.u.i.k.m.s.ProofScriptEngine 4: 'tryclose' 
19473      INFO  main            d.u.i.k.p.r.p.TestFile    ... finished proof: closed. 
19710      INFO  main            d.u.i.k.p.i.AbstractProblemLoader Loading environment from /home/runner/work/key/key/key.core/../key.ui/examples/heap/list_recursiveSpec/ListOperationsNonNull_setValueAt_normal_behavior.key.proof 
19710      DEBUG main            d.u.i.k.p.i.AbstractProblemLoader Environment load took 570.51ns 
19712      INFO  main            d.u.i.k.p.i.AbstractProblemLoader Creating init config 
22433      DEBUG main            d.u.i.k.p.i.AbstractProblemLoader Init config took 2.72s 
22504      INFO  main            d.u.i.k.p.i.AbstractProblemLoader Replaying proof ListOperationsNonNull[ListOperationsNonNull::setValueAt_NN(ListNN,int,int)].JML normal_behavior operation contract.0 
22635      DEBUG main            d.u.i.k.p.i.IntermediateProofReplayer Proof replay took 126.3ms 
22637      DEBUG main            d.u.i.k.p.r.p.TestFile    ... success: reloaded. 
1241339    INFO  Test worker     d.u.i.k.p.r.RunAllProofsTestUnit Returning from test list_recursive 
1241342    INFO  Test worker     d.u.i.k.p.r.RunAllProofsTestUnit Running test list_seq 
396        INFO  Timeout watchdog d.u.i.k.p.r.p.ForkedTestFileRunner Timeout watcher launched (2000 secs.) 
406        WARN  main            d.u.i.k.s.ProofSettings   The settings in /home/runner/.key/proof-settings.props are *not* read. 
445        INFO  main            d.u.i.k.p.r.p.TestFile    Now processing file /home/runner/work/key/key/key.core/../key.ui/examples/heap/list_seq/SimplifiedLinkedList.remove.key 
615        INFO  main            d.u.i.k.p.i.AbstractProblemLoader Loading environment from /home/runner/work/key/key/key.core/../key.ui/examples/heap/list_seq/SimplifiedLinkedList.remove.key 
632        DEBUG main            d.u.i.k.p.i.AbstractProblemLoader Environment load took 2.06ms 
850        INFO  main            d.u.i.k.p.i.AbstractProblemLoader Creating init config 
1750       DEBUG main            d.u.i.k.j.TypeConverter   No LDT found for Meta 
1750       DEBUG main            d.u.i.k.j.TypeConverter   No LDT found for Meta 
1752       DEBUG main            d.u.i.k.j.TypeConverter   No LDT found for Meta 
1752       DEBUG main            d.u.i.k.j.TypeConverter   No LDT found for Meta 
3178       DEBUG main            d.u.i.k.j.TypeConverter   No LDT found for JavaBigintExpression 
8749       DEBUG main            d.u.i.k.p.i.AbstractProblemLoader Init config took 7.9s 
8965       INFO  main            d.u.i.k.p.i.AbstractProblemLoader Replaying proof SimplifiedLinkedList[SimplifiedLinkedList::remove(int)].JML normal_behavior operation contract.0 
9000       DEBUG main            d.u.i.k.p.i.IntermediateProofReplayer Proof replay took 37.1ns 
95330      INFO  main            d.u.i.k.p.r.p.TestFile    ... finished proof: closed. 
95793      INFO  main            d.u.i.k.p.i.AbstractProblemLoader Loading environment from /home/runner/work/key/key/key.core/../key.ui/examples/heap/list_seq/SimplifiedLinkedList.remove.key.proof 
95794      DEBUG main            d.u.i.k.p.i.AbstractProblemLoader Environment load took 618.61ns 
95809      INFO  main            d.u.i.k.p.i.AbstractProblemLoader Creating init config 
99087      DEBUG main            d.u.i.k.p.i.AbstractProblemLoader Init config took 3.28s 
99214      INFO  main            d.u.i.k.p.i.AbstractProblemLoader Replaying proof SimplifiedLinkedList[SimplifiedLinkedList::remove(int)].JML normal_behavior operation contract.0 
103578     DEBUG main            d.u.i.k.p.i.IntermediateProofReplayer Proof replay took 4.11s 
103600     DEBUG main            d.u.i.k.p.r.p.TestFile    ... success: reloaded. 
103602     INFO  main            d.u.i.k.p.r.p.TestFile    Now processing file /home/runner/work/key/key/key.core/../key.ui/examples/heap/list_seq/ArrayList.ArrayList.key 
103603     INFO  main            d.u.i.k.p.i.AbstractProblemLoader Loading environment from /home/runner/work/key/key/key.core/../key.ui/examples/heap/list_seq/ArrayList.ArrayList.key 
103603     DEBUG main            d.u.i.k.p.i.AbstractProblemLoader Environment load took 251.6ns 
103605     INFO  main            d.u.i.k.p.i.AbstractProblemLoader Creating init config 
106730     DEBUG main            d.u.i.k.p.i.AbstractProblemLoader Init config took 3.13s 
106820     INFO  main            d.u.i.k.p.i.AbstractProblemLoader Replaying proof ArrayList[ArrayList::ArrayList()].JML normal_behavior operation contract.0 
106822     DEBUG main            d.u.i.k.p.i.IntermediateProofReplayer Proof replay took 7ns 
107627     INFO  main            d.u.i.k.p.r.p.TestFile    ... finished proof: closed. 
107810     INFO  main            d.u.i.k.p.i.AbstractProblemLoader Loading environment from /home/runner/work/key/key/key.core/../key.ui/examples/heap/list_seq/ArrayList.ArrayList.key.proof 
107811     DEBUG main            d.u.i.k.p.i.AbstractProblemLoader Environment load took 1.04ms 
107814     INFO  main            d.u.i.k.p.i.AbstractProblemLoader Creating init config 
110727     DEBUG main            d.u.i.k.p.i.AbstractProblemLoader Init config took 2.91s 
110836     INFO  main            d.u.i.k.p.i.AbstractProblemLoader Replaying proof ArrayList[ArrayList::ArrayList()].JML normal_behavior operation contract.0 
110992     DEBUG main            d.u.i.k.p.i.IntermediateProofReplayer Proof replay took 150.11ms 
110995     DEBUG main            d.u.i.k.p.r.p.TestFile    ... success: reloaded. 
110997     INFO  main            d.u.i.k.p.r.p.TestFile    Now processing file /home/runner/work/key/key/key.core/../key.ui/examples/heap/list_seq/ArrayList.add.key 
110997     INFO  main            d.u.i.k.p.i.AbstractProblemLoader Loading environment from /home/runner/work/key/key/key.core/../key.ui/examples/heap/list_seq/ArrayList.add.key 
110997     DEBUG main            d.u.i.k.p.i.AbstractProblemLoader Environment load took 133.6ns 
111000     INFO  main            d.u.i.k.p.i.AbstractProblemLoader Creating init config 
113934     DEBUG main            d.u.i.k.p.i.AbstractProblemLoader Init config took 2.93s 
114023     INFO  main            d.u.i.k.p.i.AbstractProblemLoader Replaying proof ArrayList[List::add(java.lang.Object)].JML normal_behavior operation contract.0 
114027     DEBUG main            d.u.i.k.p.i.IntermediateProofReplayer Proof replay took 7.3ns 
117292     INFO  main            d.u.i.k.p.r.p.TestFile    ... finished proof: closed. 
117491     INFO  main            d.u.i.k.p.i.AbstractProblemLoader Loading environment from /home/runner/work/key/key/key.core/../key.ui/examples/heap/list_seq/ArrayList.add.key.proof 
117492     DEBUG main            d.u.i.k.p.i.AbstractProblemLoader Environment load took 572.71ns 
117495     INFO  main            d.u.i.k.p.i.AbstractProblemLoader Creating init config 
120387     DEBUG main            d.u.i.k.p.i.AbstractProblemLoader Init config took 2.89s 
120465     INFO  main            d.u.i.k.p.i.AbstractProblemLoader Replaying proof ArrayList[List::add(java.lang.Object)].JML normal_behavior operation contract.0 
120933     DEBUG main            d.u.i.k.p.i.IntermediateProofReplayer Proof replay took 456.75ms 
120935     DEBUG main            d.u.i.k.p.r.p.TestFile    ... success: reloaded. 
120936     INFO  main            d.u.i.k.p.r.p.TestFile    Now processing file /home/runner/work/key/key/key.core/../key.ui/examples/heap/list_seq/ArrayList.contains.key 
120937     INFO  main            d.u.i.k.p.i.AbstractProblemLoader Loading environment from /home/runner/work/key/key/key.core/../key.ui/examples/heap/list_seq/ArrayList.contains.key 
120937     DEBUG main            d.u.i.k.p.i.AbstractProblemLoader Environment load took 233.7ns 
120938     INFO  main            d.u.i.k.p.i.AbstractProblemLoader Creating init config 
123872     DEBUG main            d.u.i.k.p.i.AbstractProblemLoader Init config took 2.93s 
123981     INFO  main            d.u.i.k.p.i.AbstractProblemLoader Replaying proof ArrayList[List::contains(java.lang.Object)].JML normal_behavior operation contract.0 
123983     DEBUG main            d.u.i.k.p.i.IntermediateProofReplayer Proof replay took 7.5ns 
125506     INFO  main            d.u.i.k.p.r.p.TestFile    ... finished proof: closed. 
125712     INFO  main            d.u.i.k.p.i.AbstractProblemLoader Loading environment from /home/runner/work/key/key/key.core/../key.ui/examples/heap/list_seq/ArrayList.contains.key.proof 
125713     DEBUG main            d.u.i.k.p.i.AbstractProblemLoader Environment load took 979.12ns 
125715     INFO  main            d.u.i.k.p.i.AbstractProblemLoader Creating init config 
128541     DEBUG main            d.u.i.k.p.i.AbstractProblemLoader Init config took 2.83s 
128619     INFO  main            d.u.i.k.p.i.AbstractProblemLoader Replaying proof ArrayList[List::contains(java.lang.Object)].JML normal_behavior operation contract.0 
128894     DEBUG main            d.u.i.k.p.i.IntermediateProofReplayer Proof replay took 267.3ms 
128895     DEBUG main            d.u.i.k.p.r.p.TestFile    ... success: reloaded. 
128896     INFO  main            d.u.i.k.p.r.p.TestFile    Now processing file /home/runner/work/key/key/key.core/../key.ui/examples/heap/list_seq/ArrayList.enlarge.key 
128897     INFO  main            d.u.i.k.p.i.AbstractProblemLoader Loading environment from /home/runner/work/key/key/key.core/../key.ui/examples/heap/list_seq/ArrayList.enlarge.key 
128897     DEBUG main            d.u.i.k.p.i.AbstractProblemLoader Environment load took 239.1ns 
128898     INFO  main            d.u.i.k.p.i.AbstractProblemLoader Creating init config 
131763     DEBUG main            d.u.i.k.p.i.AbstractProblemLoader Init config took 2.87s 
131877     INFO  main            d.u.i.k.p.i.AbstractProblemLoader Replaying proof ArrayList[ArrayList::enlarge()].JML normal_behavior operation contract.0 
131879     DEBUG main            d.u.i.k.p.i.IntermediateProofReplayer Proof replay took 6.8ns 
133888     INFO  main            d.u.i.k.p.r.p.TestFile    ... finished proof: closed. 
134088     INFO  main            d.u.i.k.p.i.AbstractProblemLoader Loading environment from /home/runner/work/key/key/key.core/../key.ui/examples/heap/list_seq/ArrayList.enlarge.key.proof 
134088     DEBUG main            d.u.i.k.p.i.AbstractProblemLoader Environment load took 248.6ns 
134089     INFO  main            d.u.i.k.p.i.AbstractProblemLoader Creating init config 
136924     DEBUG main            d.u.i.k.p.i.AbstractProblemLoader Init config took 2.83s 
137000     INFO  main            d.u.i.k.p.i.AbstractProblemLoader Replaying proof ArrayList[ArrayList::enlarge()].JML normal_behavior operation contract.0 
137316     DEBUG main            d.u.i.k.p.i.IntermediateProofReplayer Proof replay took 308.56ms 
137318     DEBUG main            d.u.i.k.p.r.p.TestFile    ... success: reloaded. 
137319     INFO  main            d.u.i.k.p.r.p.TestFile    Now processing file /home/runner/work/key/key/key.core/../key.ui/examples/heap/list_seq/ArrayList.get.key 
137320     INFO  main            d.u.i.k.p.i.AbstractProblemLoader Loading environment from /home/runner/work/key/key/key.core/../key.ui/examples/heap/list_seq/ArrayList.get.key 
137320     DEBUG main            d.u.i.k.p.i.AbstractProblemLoader Environment load took 112.3ns 
137321     INFO  main            d.u.i.k.p.i.AbstractProblemLoader Creating init config 
140158     DEBUG main            d.u.i.k.p.i.AbstractProblemLoader Init config took 2.84s 
140271     INFO  main            d.u.i.k.p.i.AbstractProblemLoader Replaying proof ArrayList[List::get(int)].JML normal_behavior operation contract.0 
140273     DEBUG main            d.u.i.k.p.i.IntermediateProofReplayer Proof replay took 8.3ns 
140777     INFO  main            d.u.i.k.p.r.p.TestFile    ... finished proof: closed. 
141000     INFO  main            d.u.i.k.p.i.AbstractProblemLoader Loading environment from /home/runner/work/key/key/key.core/../key.ui/examples/heap/list_seq/ArrayList.get.key.proof 
141001     DEBUG main            d.u.i.k.p.i.AbstractProblemLoader Environment load took 703.51ns 
141002     INFO  main            d.u.i.k.p.i.AbstractProblemLoader Creating init config 
143849     DEBUG main            d.u.i.k.p.i.AbstractProblemLoader Init config took 2.85s 
143922     INFO  main            d.u.i.k.p.i.AbstractProblemLoader Replaying proof ArrayList[List::get(int)].JML normal_behavior operation contract.0 
143986     DEBUG main            d.u.i.k.p.i.IntermediateProofReplayer Proof replay took 60.21ms 
143987     DEBUG main            d.u.i.k.p.r.p.TestFile    ... success: reloaded. 
143988     INFO  main            d.u.i.k.p.r.p.TestFile    Now processing file /home/runner/work/key/key/key.core/../key.ui/examples/heap/list_seq/ArrayList.newArray.key 
143988     INFO  main            d.u.i.k.p.i.AbstractProblemLoader Loading environment from /home/runner/work/key/key/key.core/../key.ui/examples/heap/list_seq/ArrayList.newArray.key 
143989     DEBUG main            d.u.i.k.p.i.AbstractProblemLoader Environment load took 120.3ns 
143990     INFO  main            d.u.i.k.p.i.AbstractProblemLoader Creating init config 
146930     DEBUG main            d.u.i.k.p.i.AbstractProblemLoader Init config took 2.94s 
147003     INFO  main            d.u.i.k.p.i.AbstractProblemLoader Replaying proof ArrayList[ArrayList::newArray(int)].JML normal_behavior operation contract.0 
147005     DEBUG main            d.u.i.k.p.i.IntermediateProofReplayer Proof replay took 8.2ns 
147308     INFO  main            d.u.i.k.p.r.p.TestFile    ... finished proof: closed. 
147519     INFO  main            d.u.i.k.p.i.AbstractProblemLoader Loading environment from /home/runner/work/key/key/key.core/../key.ui/examples/heap/list_seq/ArrayList.newArray.key.proof 
147519     DEBUG main            d.u.i.k.p.i.AbstractProblemLoader Environment load took 146ns 
147520     INFO  main            d.u.i.k.p.i.AbstractProblemLoader Creating init config 
150317     DEBUG main            d.u.i.k.p.i.AbstractProblemLoader Init config took 2.8s 
150409     INFO  main            d.u.i.k.p.i.AbstractProblemLoader Replaying proof ArrayList[ArrayList::newArray(int)].JML normal_behavior operation contract.0 
150460     DEBUG main            d.u.i.k.p.i.IntermediateProofReplayer Proof replay took 47.86ms 
150461     DEBUG main            d.u.i.k.p.r.p.TestFile    ... success: reloaded. 
150462     INFO  main            d.u.i.k.p.r.p.TestFile    Now processing file /home/runner/work/key/key/key.core/../key.ui/examples/heap/list_seq/ArrayList.remove.0.key 
150463     INFO  main            d.u.i.k.p.i.AbstractProblemLoader Loading environment from /home/runner/work/key/key/key.core/../key.ui/examples/heap/list_seq/ArrayList.remove.0.key 
150463     DEBUG main            d.u.i.k.p.i.AbstractProblemLoader Environment load took 182.7ns 
150464     INFO  main            d.u.i.k.p.i.AbstractProblemLoader Creating init config 
153272     DEBUG main            d.u.i.k.p.i.AbstractProblemLoader Init config took 2.81s 
153377     INFO  main            d.u.i.k.p.i.AbstractProblemLoader Replaying proof ArrayList[List::remove(java.lang.Object)].JML normal_behavior operation contract.0 
153378     DEBUG main            d.u.i.k.p.i.IntermediateProofReplayer Proof replay took 7.9ns 
155284     INFO  main            d.u.i.k.p.r.p.TestFile    ... finished proof: closed. 
155515     INFO  main            d.u.i.k.p.i.AbstractProblemLoader Loading environment from /home/runner/work/key/key/key.core/../key.ui/examples/heap/list_seq/ArrayList.remove.0.key.proof 
155516     DEBUG main            d.u.i.k.p.i.AbstractProblemLoader Environment load took 276.4ns 
155517     INFO  main            d.u.i.k.p.i.AbstractProblemLoader Creating init config 
158300     DEBUG main            d.u.i.k.p.i.AbstractProblemLoader Init config took 2.78s 
158383     INFO  main            d.u.i.k.p.i.AbstractProblemLoader Replaying proof ArrayList[List::remove(java.lang.Object)].JML normal_behavior operation contract.0 
158873     DEBUG main            d.u.i.k.p.i.IntermediateProofReplayer Proof replay took 483.7ms 
158874     DEBUG main            d.u.i.k.p.r.p.TestFile    ... success: reloaded. 
158875     INFO  main            d.u.i.k.p.r.p.TestFile    Now processing file /home/runner/work/key/key/key.core/../key.ui/examples/heap/list_seq/ArrayList.remove.1.key 
158875     INFO  main            d.u.i.k.p.i.AbstractProblemLoader Loading environment from /home/runner/work/key/key/key.core/../key.ui/examples/heap/list_seq/ArrayList.remove.1.key 
158876     DEBUG main            d.u.i.k.p.i.AbstractProblemLoader Environment load took 97.8ns 
158877     INFO  main            d.u.i.k.p.i.AbstractProblemLoader Creating init config 
161745     DEBUG main            d.u.i.k.p.i.AbstractProblemLoader Init config took 2.87s 
161828     INFO  main            d.u.i.k.p.i.AbstractProblemLoader Replaying proof ArrayList[List::remove(java.lang.Object)].JML normal_behavior operation contract.1 
161830     DEBUG main            d.u.i.k.p.i.IntermediateProofReplayer Proof replay took 7.2ns 
173004     INFO  main            d.u.i.k.p.r.p.TestFile    ... finished proof: closed. 
173298     INFO  main            d.u.i.k.p.i.AbstractProblemLoader Loading environment from /home/runner/work/key/key/key.core/../key.ui/examples/heap/list_seq/ArrayList.remove.1.key.proof 
173298     DEBUG main            d.u.i.k.p.i.AbstractProblemLoader Environment load took 241.6ns 
173301     INFO  main            d.u.i.k.p.i.AbstractProblemLoader Creating init config 
176032     DEBUG main            d.u.i.k.p.i.AbstractProblemLoader Init config took 2.73s 
176105     INFO  main            d.u.i.k.p.i.AbstractProblemLoader Replaying proof ArrayList[List::remove(java.lang.Object)].JML normal_behavior operation contract.1 
177565     DEBUG main            d.u.i.k.p.i.IntermediateProofReplayer Proof replay took 1.43s 
177568     DEBUG main            d.u.i.k.p.r.p.TestFile    ... success: reloaded. 
1419091    INFO  Test worker     d.u.i.k.p.r.RunAllProofsTestUnit Returning from test list_seq 
1419095    INFO  Test worker     d.u.i.k.p.r.RunAllProofsTestUnit Running test observer 
366        INFO  Timeout watchdog d.u.i.k.p.r.p.ForkedTestFileRunner Timeout watcher launched (2000 secs.) 
388        WARN  main            d.u.i.k.s.ProofSettings   The settings in /home/runner/.key/proof-settings.props are *not* read. 
434        INFO  main            d.u.i.k.p.r.p.TestFile    Now processing file /home/runner/work/key/key/key.core/../key.ui/examples/heap/observer/ExampleObserver_ExampleObserver.key 
563        INFO  main            d.u.i.k.p.i.AbstractProblemLoader Loading environment from /home/runner/work/key/key/key.core/../key.ui/examples/heap/observer/ExampleObserver_ExampleObserver.key 
579        DEBUG main            d.u.i.k.p.i.AbstractProblemLoader Environment load took 1.96ms 
795        INFO  main            d.u.i.k.p.i.AbstractProblemLoader Creating init config 
1821       DEBUG main            d.u.i.k.j.TypeConverter   No LDT found for Meta 
1821       DEBUG main            d.u.i.k.j.TypeConverter   No LDT found for Meta 
1824       DEBUG main            d.u.i.k.j.TypeConverter   No LDT found for Meta 
1824       DEBUG main            d.u.i.k.j.TypeConverter   No LDT found for Meta 
3027       DEBUG main            d.u.i.k.j.TypeConverter   No LDT found for JavaBigintExpression 
8403       DEBUG main            d.u.i.k.p.i.AbstractProblemLoader Init config took 7.61s 
8571       INFO  main            d.u.i.k.p.i.AbstractProblemLoader Replaying proof ExampleObserver[ExampleObserver::ExampleObserver(ExampleSubject)].JML normal_behavior operation contract.0 
8616       DEBUG main            d.u.i.k.p.i.IntermediateProofReplayer Proof replay took 34.4ns 
9544       INFO  main            d.u.i.k.p.r.p.TestFile    ... finished proof: closed. 
9681       INFO  main            d.u.i.k.p.i.AbstractProblemLoader Loading environment from /home/runner/work/key/key/key.core/../key.ui/examples/heap/observer/ExampleObserver_ExampleObserver.key.proof 
9681       DEBUG main            d.u.i.k.p.i.AbstractProblemLoader Environment load took 566.31ns 
9687       INFO  main            d.u.i.k.p.i.AbstractProblemLoader Creating init config 
12632      DEBUG main            d.u.i.k.p.i.AbstractProblemLoader Init config took 2.94s 
12702      INFO  main            d.u.i.k.p.i.AbstractProblemLoader Replaying proof ExampleObserver[ExampleObserver::ExampleObserver(ExampleSubject)].JML normal_behavior operation contract.0 
12851      DEBUG main            d.u.i.k.p.i.IntermediateProofReplayer Proof replay took 142.03ms 
12862      DEBUG main            d.u.i.k.p.r.p.TestFile    ... success: reloaded. 
12865      INFO  main            d.u.i.k.p.r.p.TestFile    Now processing file /home/runner/work/key/key/key.core/../key.ui/examples/heap/observer/ExampleObserver_inv.key 
12865      INFO  main            d.u.i.k.p.i.AbstractProblemLoader Loading environment from /home/runner/work/key/key/key.core/../key.ui/examples/heap/observer/ExampleObserver_inv.key 
12867      DEBUG main            d.u.i.k.p.i.AbstractProblemLoader Environment load took 2.22ms 
12869      INFO  main            d.u.i.k.p.i.AbstractProblemLoader Creating init config 
15807      DEBUG main            d.u.i.k.p.i.AbstractProblemLoader Init config took 2.94s 
15873      INFO  main            d.u.i.k.p.i.AbstractProblemLoader Replaying proof ExampleObserver[java.lang.Object::<inv>()].JML accessible clause.0 
15876      DEBUG main            d.u.i.k.p.i.IntermediateProofReplayer Proof replay took 8.1ns 
15979      INFO  main            d.u.i.k.p.r.p.TestFile    ... finished proof: closed. 
16123      INFO  main            d.u.i.k.p.i.AbstractProblemLoader Loading environment from /home/runner/work/key/key/key.core/../key.ui/examples/heap/observer/ExampleObserver_inv.key.proof 
16123      DEBUG main            d.u.i.k.p.i.AbstractProblemLoader Environment load took 146.8ns 
16129      INFO  main            d.u.i.k.p.i.AbstractProblemLoader Creating init config 
18943      DEBUG main            d.u.i.k.p.i.AbstractProblemLoader Init config took 2.81s 
19001      INFO  main            d.u.i.k.p.i.AbstractProblemLoader Replaying proof ExampleObserver[java.lang.Object::<inv>()].JML accessible clause.0 
19019      DEBUG main            d.u.i.k.p.i.IntermediateProofReplayer Proof replay took 15.62ms 
19021      DEBUG main            d.u.i.k.p.r.p.TestFile    ... success: reloaded. 
19022      INFO  main            d.u.i.k.p.r.p.TestFile    Now processing file /home/runner/work/key/key/key.core/../key.ui/examples/heap/observer/ExampleObserver_subject.key 
19023      INFO  main            d.u.i.k.p.i.AbstractProblemLoader Loading environment from /home/runner/work/key/key/key.core/../key.ui/examples/heap/observer/ExampleObserver_subject.key 
19023      DEBUG main            d.u.i.k.p.i.AbstractProblemLoader Environment load took 253.2ns 
19025      INFO  main            d.u.i.k.p.i.AbstractProblemLoader Creating init config 
21834      DEBUG main            d.u.i.k.p.i.AbstractProblemLoader Init config took 2.81s 
21898      INFO  main            d.u.i.k.p.i.AbstractProblemLoader Replaying proof Observer[Observer::$subject()].JML accessible clause.0 
21902      DEBUG main            d.u.i.k.p.i.IntermediateProofReplayer Proof replay took 7.6ns 
22005      INFO  main            d.u.i.k.p.r.p.TestFile    ... finished proof: closed. 
22201      INFO  main            d.u.i.k.p.i.AbstractProblemLoader Loading environment from /home/runner/work/key/key/key.core/../key.ui/examples/heap/observer/ExampleObserver_subject.key.proof 
22201      DEBUG main            d.u.i.k.p.i.AbstractProblemLoader Environment load took 143.4ns 
22203      INFO  main            d.u.i.k.p.i.AbstractProblemLoader Creating init config 
24926      DEBUG main            d.u.i.k.p.i.AbstractProblemLoader Init config took 2.72s 
24978      INFO  main            d.u.i.k.p.i.AbstractProblemLoader Replaying proof Observer[Observer::$subject()].JML accessible clause.0 
24983      DEBUG main            d.u.i.k.p.i.IntermediateProofReplayer Proof replay took 2.23ms 
24984      DEBUG main            d.u.i.k.p.r.p.TestFile    ... success: reloaded. 
24985      INFO  main            d.u.i.k.p.r.p.TestFile    Now processing file /home/runner/work/key/key/key.core/../key.ui/examples/heap/observer/ExampleObserver_update.key 
24986      INFO  main            d.u.i.k.p.i.AbstractProblemLoader Loading environment from /home/runner/work/key/key/key.core/../key.ui/examples/heap/observer/ExampleObserver_update.key 
24986      DEBUG main            d.u.i.k.p.i.AbstractProblemLoader Environment load took 257.8ns 
24987      INFO  main            d.u.i.k.p.i.AbstractProblemLoader Creating init config 
27757      DEBUG main            d.u.i.k.p.i.AbstractProblemLoader Init config took 2.77s 
27809      INFO  main            d.u.i.k.p.i.AbstractProblemLoader Replaying proof ExampleObserver[Observer::update()].JML normal_behavior operation contract.0 
27811      DEBUG main            d.u.i.k.p.i.IntermediateProofReplayer Proof replay took 7.4ns 
28114      INFO  main            d.u.i.k.p.r.p.TestFile    ... finished proof: closed. 
28313      INFO  main            d.u.i.k.p.i.AbstractProblemLoader Loading environment from /home/runner/work/key/key/key.core/../key.ui/examples/heap/observer/ExampleObserver_update.key.proof 
28313      DEBUG main            d.u.i.k.p.i.AbstractProblemLoader Environment load took 569.81ns 
28315      INFO  main            d.u.i.k.p.i.AbstractProblemLoader Creating init config 
30988      DEBUG main            d.u.i.k.p.i.AbstractProblemLoader Init config took 2.67s 
31040      INFO  main            d.u.i.k.p.i.AbstractProblemLoader Replaying proof ExampleObserver[Observer::update()].JML normal_behavior operation contract.0 
31110      DEBUG main            d.u.i.k.p.i.IntermediateProofReplayer Proof replay took 66.23ms 
31111      DEBUG main            d.u.i.k.p.r.p.TestFile    ... success: reloaded. 
31113      INFO  main            d.u.i.k.p.r.p.TestFile    Now processing file /home/runner/work/key/key/key.core/../key.ui/examples/heap/observer/ExampleObserver_upToDate.key 
31113      INFO  main            d.u.i.k.p.i.AbstractProblemLoader Loading environment from /home/runner/work/key/key/key.core/../key.ui/examples/heap/observer/ExampleObserver_upToDate.key 
31115      DEBUG main            d.u.i.k.p.i.AbstractProblemLoader Environment load took 2.37ms 
31117      INFO  main            d.u.i.k.p.i.AbstractProblemLoader Creating init config 
33891      DEBUG main            d.u.i.k.p.i.AbstractProblemLoader Init config took 2.77s 
33940      INFO  main            d.u.i.k.p.i.AbstractProblemLoader Replaying proof ExampleObserver[Observer::$upToDate()].JML accessible clause.0 
33943      DEBUG main            d.u.i.k.p.i.IntermediateProofReplayer Proof replay took 6.5ns 
34045      INFO  main            d.u.i.k.p.r.p.TestFile    ... finished proof: closed. 
34303      INFO  main            d.u.i.k.p.i.AbstractProblemLoader Loading environment from /home/runner/work/key/key/key.core/../key.ui/examples/heap/observer/ExampleObserver_upToDate.key.proof 
34304      DEBUG main            d.u.i.k.p.i.AbstractProblemLoader Environment load took 515.9ns 
34305      INFO  main            d.u.i.k.p.i.AbstractProblemLoader Creating init config 
36935      DEBUG main            d.u.i.k.p.i.AbstractProblemLoader Init config took 2.63s 
36997      INFO  main            d.u.i.k.p.i.AbstractProblemLoader Replaying proof ExampleObserver[Observer::$upToDate()].JML accessible clause.0 
37020      DEBUG main            d.u.i.k.p.i.IntermediateProofReplayer Proof replay took 19.75ms 
37021      DEBUG main            d.u.i.k.p.r.p.TestFile    ... success: reloaded. 
37023      INFO  main            d.u.i.k.p.r.p.TestFile    Now processing file /home/runner/work/key/key/key.core/../key.ui/examples/heap/observer/ExampleObserver_value.key 
37023      INFO  main            d.u.i.k.p.i.AbstractProblemLoader Loading environment from /home/runner/work/key/key/key.core/../key.ui/examples/heap/observer/ExampleObserver_value.key 
37024      DEBUG main            d.u.i.k.p.i.AbstractProblemLoader Environment load took 252.4ns 
37025      INFO  main            d.u.i.k.p.i.AbstractProblemLoader Creating init config 
39681      DEBUG main            d.u.i.k.p.i.AbstractProblemLoader Init config took 2.66s 
39729      INFO  main            d.u.i.k.p.i.AbstractProblemLoader Replaying proof ExampleObserver[ExampleObserver::value()].JML normal_behavior operation contract.0 
39732      DEBUG main            d.u.i.k.p.i.IntermediateProofReplayer Proof replay took 7.9ns 
39836      INFO  main            d.u.i.k.p.r.p.TestFile    ... finished proof: closed. 
40017      INFO  main            d.u.i.k.p.i.AbstractProblemLoader Loading environment from /home/runner/work/key/key/key.core/../key.ui/examples/heap/observer/ExampleObserver_value.key.proof 
40017      DEBUG main            d.u.i.k.p.i.AbstractProblemLoader Environment load took 132.8ns 
40018      INFO  main            d.u.i.k.p.i.AbstractProblemLoader Creating init config 
42637      DEBUG main            d.u.i.k.p.i.AbstractProblemLoader Init config took 2.62s 
42693      INFO  main            d.u.i.k.p.i.AbstractProblemLoader Replaying proof ExampleObserver[ExampleObserver::value()].JML normal_behavior operation contract.0 
42715      DEBUG main            d.u.i.k.p.i.IntermediateProofReplayer Proof replay took 19.12ms 
42716      DEBUG main            d.u.i.k.p.r.p.TestFile    ... success: reloaded. 
42718      INFO  main            d.u.i.k.p.r.p.TestFile    Now processing file /home/runner/work/key/key/key.core/../key.ui/examples/heap/observer/ExampleSubject_addObserver.key 
42718      INFO  main            d.u.i.k.p.i.AbstractProblemLoader Loading environment from /home/runner/work/key/key/key.core/../key.ui/examples/heap/observer/ExampleSubject_addObserver.key 
42718      DEBUG main            d.u.i.k.p.i.AbstractProblemLoader Environment load took 271.1ns 
42720      INFO  main            d.u.i.k.p.i.AbstractProblemLoader Creating init config 
45372      DEBUG main            d.u.i.k.p.i.AbstractProblemLoader Init config took 2.65s 
45423      INFO  main            d.u.i.k.p.i.AbstractProblemLoader Replaying proof ExampleSubject[Subject::addObserver(Observer)].JML normal_behavior operation contract.0 
45425      DEBUG main            d.u.i.k.p.i.IntermediateProofReplayer Proof replay took 7.5ns 
50976      INFO  main            d.u.i.k.p.r.p.TestFile    ... finished proof: closed. 
51236      INFO  main            d.u.i.k.p.i.AbstractProblemLoader Loading environment from /home/runner/work/key/key/key.core/../key.ui/examples/heap/observer/ExampleSubject_addObserver.key.proof 
51236      DEBUG main            d.u.i.k.p.i.AbstractProblemLoader Environment load took 533.41ns 
51238      INFO  main            d.u.i.k.p.i.AbstractProblemLoader Creating init config 
53835      DEBUG main            d.u.i.k.p.i.AbstractProblemLoader Init config took 2.6s 
53885      INFO  main            d.u.i.k.p.i.AbstractProblemLoader Replaying proof ExampleSubject[Subject::addObserver(Observer)].JML normal_behavior operation contract.0 
54613      DEBUG main            d.u.i.k.p.i.IntermediateProofReplayer Proof replay took 705.67ms 
54615      DEBUG main            d.u.i.k.p.r.p.TestFile    ... success: reloaded. 
54617      INFO  main            d.u.i.k.p.r.p.TestFile    Now processing file /home/runner/work/key/key/key.core/../key.ui/examples/heap/observer/ExampleSubject_change.key 
54617      INFO  main            d.u.i.k.p.i.AbstractProblemLoader Loading environment from /home/runner/work/key/key/key.core/../key.ui/examples/heap/observer/ExampleSubject_change.key 
54617      DEBUG main            d.u.i.k.p.i.AbstractProblemLoader Environment load took 226ns 
54619      INFO  main            d.u.i.k.p.i.AbstractProblemLoader Creating init config 
57242      DEBUG main            d.u.i.k.p.i.AbstractProblemLoader Init config took 2.62s 
57289      INFO  main            d.u.i.k.p.i.AbstractProblemLoader Replaying proof ExampleSubject[ExampleSubject::change()].JML normal_behavior operation contract.0 
57291      DEBUG main            d.u.i.k.p.i.IntermediateProofReplayer Proof replay took 9.2ns 
57831      INFO  main            d.u.i.k.p.r.p.TestFile    ... finished proof: closed. 
58020      INFO  main            d.u.i.k.p.i.AbstractProblemLoader Loading environment from /home/runner/work/key/key/key.core/../key.ui/examples/heap/observer/ExampleSubject_change.key.proof 
58021      DEBUG main            d.u.i.k.p.i.AbstractProblemLoader Environment load took 548.21ns 
58022      INFO  main            d.u.i.k.p.i.AbstractProblemLoader Creating init config 
60627      DEBUG main            d.u.i.k.p.i.AbstractProblemLoader Init config took 2.6s 
60673      INFO  main            d.u.i.k.p.i.AbstractProblemLoader Replaying proof ExampleSubject[ExampleSubject::change()].JML normal_behavior operation contract.0 
60761      DEBUG main            d.u.i.k.p.i.IntermediateProofReplayer Proof replay took 83.24ms 
60764      DEBUG main            d.u.i.k.p.r.p.TestFile    ... success: reloaded. 
60767      INFO  main            d.u.i.k.p.r.p.TestFile    Now processing file /home/runner/work/key/key/key.core/../key.ui/examples/heap/observer/ExampleSubject_ExampleSubject.key 
60769      INFO  main            d.u.i.k.p.i.AbstractProblemLoader Loading environment from /home/runner/work/key/key/key.core/../key.ui/examples/heap/observer/ExampleSubject_ExampleSubject.key 
60769      DEBUG main            d.u.i.k.p.i.AbstractProblemLoader Environment load took 262.9ns 
60771      INFO  main            d.u.i.k.p.i.AbstractProblemLoader Creating init config 
63368      DEBUG main            d.u.i.k.p.i.AbstractProblemLoader Init config took 2.6s 
63431      INFO  main            d.u.i.k.p.i.AbstractProblemLoader Replaying proof ExampleSubject[ExampleSubject::ExampleSubject()].JML normal_behavior operation contract.0 
63433      DEBUG main            d.u.i.k.p.i.IntermediateProofReplayer Proof replay took 7.9ns 
64543      INFO  main            d.u.i.k.p.r.p.TestFile    ... finished proof: closed. 
64765      INFO  main            d.u.i.k.p.i.AbstractProblemLoader Loading environment from /home/runner/work/key/key/key.core/../key.ui/examples/heap/observer/ExampleSubject_ExampleSubject.key.proof 
64766      DEBUG main            d.u.i.k.p.i.AbstractProblemLoader Environment load took 1.58ms 
64768      INFO  main            d.u.i.k.p.i.AbstractProblemLoader Creating init config 
67361      DEBUG main            d.u.i.k.p.i.AbstractProblemLoader Init config took 2.59s 
67406      INFO  main            d.u.i.k.p.i.AbstractProblemLoader Replaying proof ExampleSubject[ExampleSubject::ExampleSubject()].JML normal_behavior operation contract.0 
67595      DEBUG main            d.u.i.k.p.i.IntermediateProofReplayer Proof replay took 181.65ms 
67596      DEBUG main            d.u.i.k.p.r.p.TestFile    ... success: reloaded. 
67597      INFO  main            d.u.i.k.p.r.p.TestFile    Now processing file /home/runner/work/key/key/key.core/../key.ui/examples/heap/observer/ExampleSubject_footprint.key 
67598      INFO  main            d.u.i.k.p.i.AbstractProblemLoader Loading environment from /home/runner/work/key/key/key.core/../key.ui/examples/heap/observer/ExampleSubject_footprint.key 
67598      DEBUG main            d.u.i.k.p.i.AbstractProblemLoader Environment load took 271.7ns 
67599      INFO  main            d.u.i.k.p.i.AbstractProblemLoader Creating init config 
70260      DEBUG main            d.u.i.k.p.i.AbstractProblemLoader Init config took 2.66s 
70305      INFO  main            d.u.i.k.p.i.AbstractProblemLoader Replaying proof ExampleSubject[Subject::$footprint()].JML accessible clause.0 
70306      DEBUG main            d.u.i.k.p.i.IntermediateProofReplayer Proof replay took 6.7ns 
70409      INFO  main            d.u.i.k.p.r.p.TestFile    ... finished proof: closed. 
70649      INFO  main            d.u.i.k.p.i.AbstractProblemLoader Loading environment from /home/runner/work/key/key/key.core/../key.ui/examples/heap/observer/ExampleSubject_footprint.key.proof 
70649      DEBUG main            d.u.i.k.p.i.AbstractProblemLoader Environment load took 139ns 
70652      INFO  main            d.u.i.k.p.i.AbstractProblemLoader Creating init config 
73227      DEBUG main            d.u.i.k.p.i.AbstractProblemLoader Init config took 2.57s 
73283      INFO  main            d.u.i.k.p.i.AbstractProblemLoader Replaying proof ExampleSubject[Subject::$footprint()].JML accessible clause.0 
73301      DEBUG main            d.u.i.k.p.i.IntermediateProofReplayer Proof replay took 15.48ms 
73302      DEBUG main            d.u.i.k.p.r.p.TestFile    ... success: reloaded. 
73303      INFO  main            d.u.i.k.p.r.p.TestFile    Now processing file /home/runner/work/key/key/key.core/../key.ui/examples/heap/observer/ExampleSubject_inv.key 
73303      INFO  main            d.u.i.k.p.i.AbstractProblemLoader Loading environment from /home/runner/work/key/key/key.core/../key.ui/examples/heap/observer/ExampleSubject_inv.key 
73303      DEBUG main            d.u.i.k.p.i.AbstractProblemLoader Environment load took 107.2ns 
73304      INFO  main            d.u.i.k.p.i.AbstractProblemLoader Creating init config 
75935      DEBUG main            d.u.i.k.p.i.AbstractProblemLoader Init config took 2.63s 
75979      INFO  main            d.u.i.k.p.i.AbstractProblemLoader Replaying proof ExampleSubject[java.lang.Object::<inv>()].JML accessible clause.0 
75980      DEBUG main            d.u.i.k.p.i.IntermediateProofReplayer Proof replay took 9.3ns 
77085      INFO  main            d.u.i.k.p.r.p.TestFile    ... finished proof: closed. 
77323      INFO  main            d.u.i.k.p.i.AbstractProblemLoader Loading environment from /home/runner/work/key/key/key.core/../key.ui/examples/heap/observer/ExampleSubject_inv.key.proof 
77323      DEBUG main            d.u.i.k.p.i.AbstractProblemLoader Environment load took 539.71ns 
77325      INFO  main            d.u.i.k.p.i.AbstractProblemLoader Creating init config 
79933      DEBUG main            d.u.i.k.p.i.AbstractProblemLoader Init config took 2.61s 
79982      INFO  main            d.u.i.k.p.i.AbstractProblemLoader Replaying proof ExampleSubject[java.lang.Object::<inv>()].JML accessible clause.0 
80099      DEBUG main            d.u.i.k.p.i.IntermediateProofReplayer Proof replay took 110.58ms 
80101      DEBUG main            d.u.i.k.p.r.p.TestFile    ... success: reloaded. 
80102      INFO  main            d.u.i.k.p.r.p.TestFile    Now processing file /home/runner/work/key/key/key.core/../key.ui/examples/heap/observer/ExampleSubject_notifyObservers.key 
80103      INFO  main            d.u.i.k.p.i.AbstractProblemLoader Loading environment from /home/runner/work/key/key/key.core/../key.ui/examples/heap/observer/ExampleSubject_notifyObservers.key 
80103      DEBUG main            d.u.i.k.p.i.AbstractProblemLoader Environment load took 234.5ns 
80104      INFO  main            d.u.i.k.p.i.AbstractProblemLoader Creating init config 
82700      DEBUG main            d.u.i.k.p.i.AbstractProblemLoader Init config took 2.6s 
82747      INFO  main            d.u.i.k.p.i.AbstractProblemLoader Replaying proof Subject[Subject::notifyObservers()].JML normal_behavior operation contract.0 
82749      DEBUG main            d.u.i.k.p.i.IntermediateProofReplayer Proof replay took 6.7ns 
82854      INFO  main            d.u.i.k.p.r.p.TestFile    ... finished proof: closed. 
83072      INFO  main            d.u.i.k.p.i.AbstractProblemLoader Loading environment from /home/runner/work/key/key/key.core/../key.ui/examples/heap/observer/ExampleSubject_notifyObservers.key.proof 
83072      DEBUG main            d.u.i.k.p.i.AbstractProblemLoader Environment load took 139.3ns 
83073      INFO  main            d.u.i.k.p.i.AbstractProblemLoader Creating init config 
85618      DEBUG main            d.u.i.k.p.i.AbstractProblemLoader Init config took 2.55s 
85663      INFO  main            d.u.i.k.p.i.AbstractProblemLoader Replaying proof Subject[Subject::notifyObservers()].JML normal_behavior operation contract.0 
85668      DEBUG main            d.u.i.k.p.i.IntermediateProofReplayer Proof replay took 2.69ms 
85669      DEBUG main            d.u.i.k.p.r.p.TestFile    ... success: reloaded. 
85670      INFO  main            d.u.i.k.p.r.p.TestFile    Now processing file /home/runner/work/key/key/key.core/../key.ui/examples/heap/observer/ExampleSubject_value_dep.key 
85670      INFO  main            d.u.i.k.p.i.AbstractProblemLoader Loading environment from /home/runner/work/key/key/key.core/../key.ui/examples/heap/observer/ExampleSubject_value_dep.key 
85670      DEBUG main            d.u.i.k.p.i.AbstractProblemLoader Environment load took 227.3ns 
85672      INFO  main            d.u.i.k.p.i.AbstractProblemLoader Creating init config 
88308      DEBUG main            d.u.i.k.p.i.AbstractProblemLoader Init config took 2.64s 
88351      INFO  main            d.u.i.k.p.i.AbstractProblemLoader Replaying proof ExampleSubject[ExampleSubject::value()].JML accessible clause.0 
88353      DEBUG main            d.u.i.k.p.i.IntermediateProofReplayer Proof replay took 6.1ns 
88460      INFO  main            d.u.i.k.p.r.p.TestFile    ... finished proof: closed. 
88685      INFO  main            d.u.i.k.p.i.AbstractProblemLoader Loading environment from /home/runner/work/key/key/key.core/../key.ui/examples/heap/observer/ExampleSubject_value_dep.key.proof 
88686      DEBUG main            d.u.i.k.p.i.AbstractProblemLoader Environment load took 130.8ns 
88687      INFO  main            d.u.i.k.p.i.AbstractProblemLoader Creating init config 
91226      DEBUG main            d.u.i.k.p.i.AbstractProblemLoader Init config took 2.54s 
91270      INFO  main            d.u.i.k.p.i.AbstractProblemLoader Replaying proof ExampleSubject[ExampleSubject::value()].JML accessible clause.0 
91284      DEBUG main            d.u.i.k.p.i.IntermediateProofReplayer Proof replay took 12.59ms 
91286      DEBUG main            d.u.i.k.p.r.p.TestFile    ... success: reloaded. 
91287      INFO  main            d.u.i.k.p.r.p.TestFile    Now processing file /home/runner/work/key/key/key.core/../key.ui/examples/heap/observer/ExampleSubject_value.key 
91287      INFO  main            d.u.i.k.p.i.AbstractProblemLoader Loading environment from /home/runner/work/key/key/key.core/../key.ui/examples/heap/observer/ExampleSubject_value.key 
91288      DEBUG main            d.u.i.k.p.i.AbstractProblemLoader Environment load took 232.3ns 
91289      INFO  main            d.u.i.k.p.i.AbstractProblemLoader Creating init config 
93903      DEBUG main            d.u.i.k.p.i.AbstractProblemLoader Init config took 2.61s 
93945      INFO  main            d.u.i.k.p.i.AbstractProblemLoader Replaying proof ExampleSubject[ExampleSubject::value()].JML normal_behavior operation contract.0 
93947      DEBUG main            d.u.i.k.p.i.IntermediateProofReplayer Proof replay took 6.5ns 
94049      INFO  main            d.u.i.k.p.r.p.TestFile    ... finished proof: closed. 
94278      INFO  main            d.u.i.k.p.i.AbstractProblemLoader Loading environment from /home/runner/work/key/key/key.core/../key.ui/examples/heap/observer/ExampleSubject_value.key.proof 
94278      DEBUG main            d.u.i.k.p.i.AbstractProblemLoader Environment load took 134.2ns 
94279      INFO  main            d.u.i.k.p.i.AbstractProblemLoader Creating init config 
96828      DEBUG main            d.u.i.k.p.i.AbstractProblemLoader Init config took 2.55s 
96885      INFO  main            d.u.i.k.p.i.AbstractProblemLoader Replaying proof ExampleSubject[ExampleSubject::value()].JML normal_behavior operation contract.0 
96898      DEBUG main            d.u.i.k.p.i.IntermediateProofReplayer Proof replay took 11.09ms 
96899      DEBUG main            d.u.i.k.p.r.p.TestFile    ... success: reloaded. 
1516163    INFO  Test worker     d.u.i.k.p.r.RunAllProofsTestUnit Returning from test observer 
1516164    INFO  Test worker     d.u.i.k.p.r.RunAllProofsTestUnit Running test removeDups 
406        INFO  Timeout watchdog d.u.i.k.p.r.p.ForkedTestFileRunner Timeout watcher launched (2000 secs.) 
406        WARN  main            d.u.i.k.s.ProofSettings   The settings in /home/runner/.key/proof-settings.props are *not* read. 
458        INFO  main            d.u.i.k.p.r.p.TestFile    Now processing file /home/runner/work/key/key/key.core/../key.ui/examples/heap/removeDups/arrayPart.key 
606        INFO  main            d.u.i.k.p.i.AbstractProblemLoader Loading environment from /home/runner/work/key/key/key.core/../key.ui/examples/heap/removeDups/arrayPart.key 
623        DEBUG main            d.u.i.k.p.i.AbstractProblemLoader Environment load took 2.37ms 
848        INFO  main            d.u.i.k.p.i.AbstractProblemLoader Creating init config 
1927       DEBUG main            d.u.i.k.j.TypeConverter   No LDT found for Meta 
1927       DEBUG main            d.u.i.k.j.TypeConverter   No LDT found for Meta 
1930       DEBUG main            d.u.i.k.j.TypeConverter   No LDT found for Meta 
1930       DEBUG main            d.u.i.k.j.TypeConverter   No LDT found for Meta 
3731       DEBUG main            d.u.i.k.j.TypeConverter   No LDT found for JavaBigintExpression 
8795       DEBUG main            d.u.i.k.p.i.AbstractProblemLoader Init config took 7.95s 
8922       INFO  main            d.u.i.k.p.i.AbstractProblemLoader Replaying proof RemoveDup[RemoveDup::arrayPart([I,int)].JML normal_behavior operation contract.0 
8956       DEBUG main            d.u.i.k.p.i.IntermediateProofReplayer Proof replay took 35.2ns 
11814      INFO  main            d.u.i.k.p.r.p.TestFile    ... finished proof: closed. 
11975      INFO  main            d.u.i.k.p.i.AbstractProblemLoader Loading environment from /home/runner/work/key/key/key.core/../key.ui/examples/heap/removeDups/arrayPart.key.proof 
11976      DEBUG main            d.u.i.k.p.i.AbstractProblemLoader Environment load took 273.5ns 
11979      INFO  main            d.u.i.k.p.i.AbstractProblemLoader Creating init config 
14913      DEBUG main            d.u.i.k.p.i.AbstractProblemLoader Init config took 2.93s 
14987      INFO  main            d.u.i.k.p.i.AbstractProblemLoader Replaying proof RemoveDup[RemoveDup::arrayPart([I,int)].JML normal_behavior operation contract.0 
15344      DEBUG main            d.u.i.k.p.i.IntermediateProofReplayer Proof replay took 345.41ms 
15354      DEBUG main            d.u.i.k.p.r.p.TestFile    ... success: reloaded. 
15356      INFO  main            d.u.i.k.p.r.p.TestFile    Now processing file /home/runner/work/key/key/key.core/../key.ui/examples/heap/removeDups/contains.key 
15356      INFO  main            d.u.i.k.p.i.AbstractProblemLoader Loading environment from /home/runner/work/key/key/key.core/../key.ui/examples/heap/removeDups/contains.key 
15357      DEBUG main            d.u.i.k.p.i.AbstractProblemLoader Environment load took 127.5ns 
15361      INFO  main            d.u.i.k.p.i.AbstractProblemLoader Creating init config 
18141      DEBUG main            d.u.i.k.p.i.AbstractProblemLoader Init config took 2.78s 
18196      INFO  main            d.u.i.k.p.i.AbstractProblemLoader Replaying proof RemoveDup[RemoveDup::contains([I,int,int)].JML normal_behavior operation contract.0 
18198      DEBUG main            d.u.i.k.p.i.IntermediateProofReplayer Proof replay took 7.8ns 
18802      INFO  main            d.u.i.k.p.r.p.TestFile    ... finished proof: closed. 
18948      INFO  main            d.u.i.k.p.i.AbstractProblemLoader Loading environment from /home/runner/work/key/key/key.core/../key.ui/examples/heap/removeDups/contains.key.proof 
18948      DEBUG main            d.u.i.k.p.i.AbstractProblemLoader Environment load took 170.5ns 
18950      INFO  main            d.u.i.k.p.i.AbstractProblemLoader Creating init config 
21599      DEBUG main            d.u.i.k.p.i.AbstractProblemLoader Init config took 2.65s 
21663      INFO  main            d.u.i.k.p.i.AbstractProblemLoader Replaying proof RemoveDup[RemoveDup::contains([I,int,int)].JML normal_behavior operation contract.0 
21774      DEBUG main            d.u.i.k.p.i.IntermediateProofReplayer Proof replay took 106.19ms 
21776      DEBUG main            d.u.i.k.p.r.p.TestFile    ... success: reloaded. 
21777      INFO  main            d.u.i.k.p.r.p.TestFile    Now processing file /home/runner/work/key/key/key.core/../key.ui/examples/heap/removeDups/removeDup.key 
21777      INFO  main            d.u.i.k.p.i.AbstractProblemLoader Loading environment from /home/runner/work/key/key/key.core/../key.ui/examples/heap/removeDups/removeDup.key 
21778      DEBUG main            d.u.i.k.p.i.AbstractProblemLoader Environment load took 246.9ns 
21779      INFO  main            d.u.i.k.p.i.AbstractProblemLoader Creating init config 
24363      DEBUG main            d.u.i.k.p.i.AbstractProblemLoader Init config took 2.58s 
24411      INFO  main            d.u.i.k.p.i.AbstractProblemLoader Replaying proof RemoveDup[RemoveDup::removeDup([I)].JML normal_behavior operation contract.0 
24413      DEBUG main            d.u.i.k.p.i.IntermediateProofReplayer Proof replay took 7.9ns 
29514      DEBUG Thread-7        d.u.i.k.j.d.VariableSpecification Program match. Variables have different dimension (template #v0 = #vi;, source a#11[] = var;) 
52575      INFO  main            d.u.i.k.p.r.p.TestFile    ... finished proof: closed. 
52834      INFO  main            d.u.i.k.p.i.AbstractProblemLoader Loading environment from /home/runner/work/key/key/key.core/../key.ui/examples/heap/removeDups/removeDup.key.proof 
52835      DEBUG main            d.u.i.k.p.i.AbstractProblemLoader Environment load took 261.1ns 
52848      INFO  main            d.u.i.k.p.i.AbstractProblemLoader Creating init config 
55333      DEBUG main            d.u.i.k.p.i.AbstractProblemLoader Init config took 2.48s 
55387      INFO  main            d.u.i.k.p.i.AbstractProblemLoader Replaying proof RemoveDup[RemoveDup::removeDup([I)].JML normal_behavior operation contract.0 
57300      DEBUG main            d.u.i.k.p.i.IntermediateProofReplayer Proof replay took 1.85s 
57304      DEBUG main            d.u.i.k.p.r.p.TestFile    ... success: reloaded. 
57305      INFO  main            d.u.i.k.p.r.p.TestFile    Now processing file /home/runner/work/key/key/key.core/../key.ui/examples/heap/saddleback_search/Saddleback_search.key 
57307      INFO  main            d.u.i.k.p.i.AbstractProblemLoader Loading environment from /home/runner/work/key/key/key.core/../key.ui/examples/heap/saddleback_search/Saddleback_search.key 
57308      DEBUG main            d.u.i.k.p.i.AbstractProblemLoader Environment load took 298.4ns 
57309      INFO  main            d.u.i.k.p.i.AbstractProblemLoader Creating init config 
59998      DEBUG main            d.u.i.k.p.i.AbstractProblemLoader Init config took 2.69s 
60037      INFO  main            d.u.i.k.p.i.AbstractProblemLoader Replaying proof Saddleback[Saddleback::search([[I,int)].JML normal_behavior operation contract.0 
60046      DEBUG main            d.u.i.k.p.i.IntermediateProofReplayer Proof replay took 7.1ns 
148309     INFO  main            d.u.i.k.p.r.p.TestFile    ... finished proof: closed. 
148755     INFO  main            d.u.i.k.p.i.AbstractProblemLoader Loading environment from /home/runner/work/key/key/key.core/../key.ui/examples/heap/saddleback_search/Saddleback_search.key.proof 
148755     DEBUG main            d.u.i.k.p.i.AbstractProblemLoader Environment load took 544.61ns 
148765     INFO  main            d.u.i.k.p.i.AbstractProblemLoader Creating init config 
151161     DEBUG main            d.u.i.k.p.i.AbstractProblemLoader Init config took 2.4s 
151210     INFO  main            d.u.i.k.p.i.AbstractProblemLoader Replaying proof Saddleback[Saddleback::search([[I,int)].JML normal_behavior operation contract.0 
153811     DEBUG main            d.u.i.k.p.i.IntermediateProofReplayer Proof replay took 2.43s 
153823     DEBUG main            d.u.i.k.p.r.p.TestFile    ... success: reloaded. 
1670161    INFO  Test worker     d.u.i.k.p.r.RunAllProofsTestUnit Returning from test removeDups 
1670163    INFO  Test worker     d.u.i.k.p.r.RunAllProofsTestUnit Running test quicksort 
328        INFO  Timeout watchdog d.u.i.k.p.r.p.ForkedTestFileRunner Timeout watcher launched (2000 secs.) 
338        WARN  main            d.u.i.k.s.ProofSettings   The settings in /home/runner/.key/proof-settings.props are *not* read. 
366        INFO  main            d.u.i.k.p.r.p.TestFile    Now processing file /home/runner/work/key/key/key.core/../key.ui/examples/heap/quicksort/toplevel.key 
483        INFO  main            d.u.i.k.p.i.AbstractProblemLoader Loading environment from /home/runner/work/key/key/key.core/../key.ui/examples/heap/quicksort/toplevel.key 
500        DEBUG main            d.u.i.k.p.i.AbstractProblemLoader Environment load took 1.93ms 
724        INFO  main            d.u.i.k.p.i.AbstractProblemLoader Creating init config 
1651       DEBUG main            d.u.i.k.j.TypeConverter   No LDT found for Meta 
1652       DEBUG main            d.u.i.k.j.TypeConverter   No LDT found for Meta 
1653       DEBUG main            d.u.i.k.j.TypeConverter   No LDT found for Meta 
1653       DEBUG main            d.u.i.k.j.TypeConverter   No LDT found for Meta 
2853       DEBUG main            d.u.i.k.j.TypeConverter   No LDT found for JavaBigintExpression 
8035       DEBUG main            d.u.i.k.p.i.AbstractProblemLoader Init config took 7.31s 
8162       INFO  main            d.u.i.k.p.i.AbstractProblemLoader Replaying proof Quicksort[Quicksort::sort([I)].JML normal_behavior operation contract.0 
8196       DEBUG main            d.u.i.k.p.i.IntermediateProofReplayer Proof replay took 39.4ns 
9542       INFO  main            d.u.i.k.p.r.p.TestFile    ... finished proof: closed. 
9728       INFO  main            d.u.i.k.p.i.AbstractProblemLoader Loading environment from /home/runner/work/key/key/key.core/../key.ui/examples/heap/quicksort/toplevel.key.proof 
9731       DEBUG main            d.u.i.k.p.i.AbstractProblemLoader Environment load took 2.2ms 
9733       INFO  main            d.u.i.k.p.i.AbstractProblemLoader Creating init config 
12661      DEBUG main            d.u.i.k.p.i.AbstractProblemLoader Init config took 2.93s 
12739      INFO  main            d.u.i.k.p.i.AbstractProblemLoader Replaying proof Quicksort[Quicksort::sort([I)].JML normal_behavior operation contract.0 
12916      DEBUG main            d.u.i.k.p.i.IntermediateProofReplayer Proof replay took 169.11ms 
12925      DEBUG main            d.u.i.k.p.r.p.TestFile    ... success: reloaded. 
12929      INFO  main            d.u.i.k.p.r.p.TestFile    Now processing file /home/runner/work/key/key/key.core/../key.ui/examples/heap/quicksort/sort.key 
12929      INFO  main            d.u.i.k.p.i.AbstractProblemLoader Loading environment from /home/runner/work/key/key/key.core/../key.ui/examples/heap/quicksort/sort.key 
12929      DEBUG main            d.u.i.k.p.i.AbstractProblemLoader Environment load took 146.2ns 
12932      INFO  main            d.u.i.k.p.i.AbstractProblemLoader Creating init config 
15894      DEBUG main            d.u.i.k.p.i.AbstractProblemLoader Init config took 2.96s 
15955      INFO  main            d.u.i.k.p.i.AbstractProblemLoader Replaying proof Quicksort[Quicksort::sort([I,int,int)].JML normal_behavior operation contract.0 
15958      DEBUG main            d.u.i.k.p.i.IntermediateProofReplayer Proof replay took 7.7ns 
15986      DEBUG main            d.u.i.k.m.s.ProofScriptEngine 1: 'script 'sort.script'' 
15989      INFO  main            d.u.i.k.m.s.ProofScriptCommand Included script /home/runner/work/key/key/key.core/../key.ui/examples/heap/quicksort/sort.script 
15990      DEBUG main            d.u.i.k.m.s.ProofScriptEngine 1: 'macro autopilot-prep' 
17027      DEBUG main            d.u.i.k.m.s.ProofScriptEngine 2: 'select formula="{heapAtPre:=heap || exc:=null || heap:=heapAfter_sort_0}
   seq ...' 
17031      DEBUG main            d.u.i.k.m.s.ProofScriptEngine 3: 'macro simp-upd' 
17041      DEBUG main            d.u.i.k.m.s.ProofScriptEngine 4: 'let   @seqPre="seqDef{int u;}(0, array.length, array[u])"
    @seqSplit="seqDef ...' 
17043      DEBUG main            d.u.i.k.m.s.ProofScriptEngine 5: 'rule seqPermSym 
  formula="seqPerm(@seqSplit, @seqPre)"' 
17060      DEBUG main            d.u.i.k.m.s.ProofScriptEngine 6: 'rule seqPermSym
  formula="seqPerm(@seqSort, @seqSplit)"' 
17062      DEBUG main            d.u.i.k.m.s.ProofScriptEngine 7: 'rule seqPermSym
  formula="seqPerm(@seqSort0, @seqSort)"' 
17063      DEBUG main            d.u.i.k.m.s.ProofScriptEngine 8: 'rule seqPermTrans
  formula="seqPerm(@seqPre, @seqSplit)"' 
17064      DEBUG main            d.u.i.k.m.s.ProofScriptEngine 9: 'rule seqPermTrans
  formula="seqPerm(@seqPre, @seqSort)"' 
17065      DEBUG main            d.u.i.k.m.s.ProofScriptEngine 10: 'rule seqPermSym
  formula="seqPerm(@seqPre, @seqSort0)"' 
17080      DEBUG main            d.u.i.k.m.s.ProofScriptEngine 11: 'tryclose' 
43376      INFO  main            d.u.i.k.p.r.p.TestFile    ... finished proof: closed. 
43666      INFO  main            d.u.i.k.p.i.AbstractProblemLoader Loading environment from /home/runner/work/key/key/key.core/../key.ui/examples/heap/quicksort/sort.key.proof 
43667      DEBUG main            d.u.i.k.p.i.AbstractProblemLoader Environment load took 615.31ns 
43678      INFO  main            d.u.i.k.p.i.AbstractProblemLoader Creating init config 
46372      DEBUG main            d.u.i.k.p.i.AbstractProblemLoader Init config took 2.69s 
46440      INFO  main            d.u.i.k.p.i.AbstractProblemLoader Replaying proof Quicksort[Quicksort::sort([I,int,int)].JML normal_behavior operation contract.0 
48486      DEBUG main            d.u.i.k.p.i.IntermediateProofReplayer Proof replay took 1.91s 
48493      DEBUG main            d.u.i.k.p.r.p.TestFile    ... success: reloaded. 
48509      INFO  main            d.u.i.k.p.r.p.TestFile    Now processing file /home/runner/work/key/key/key.core/../key.ui/examples/heap/quicksort/split.key 
48510      INFO  main            d.u.i.k.p.i.AbstractProblemLoader Loading environment from /home/runner/work/key/key/key.core/../key.ui/examples/heap/quicksort/split.key 
48510      DEBUG main            d.u.i.k.p.i.AbstractProblemLoader Environment load took 87.6ns 
48513      INFO  main            d.u.i.k.p.i.AbstractProblemLoader Creating init config 
51479      DEBUG main            d.u.i.k.p.i.AbstractProblemLoader Init config took 2.97s 
51525      INFO  main            d.u.i.k.p.i.AbstractProblemLoader Replaying proof Quicksort[Quicksort::split([I,int,int)].JML normal_behavior operation contract.0 
51529      DEBUG main            d.u.i.k.p.i.IntermediateProofReplayer Proof replay took 6.6ns 
51530      DEBUG main            d.u.i.k.m.s.ProofScriptEngine 1: 'macro autopilot-prep' 
52777      DEBUG main            d.u.i.k.m.s.ProofScriptEngine 2: 'tryclose' 
91085      DEBUG main            d.u.i.k.m.s.ProofScriptEngine 3: 'macro simp-upd' 
91187      DEBUG main            d.u.i.k.m.s.ProofScriptEngine 4: 'rule seqPermFromSwap' 
91203      DEBUG main            d.u.i.k.m.s.ProofScriptEngine 5: 'rule andRight' 
91205      DEBUG main            d.u.i.k.m.s.ProofScriptEngine 6: 'auto' 
91233      DEBUG main            d.u.i.k.m.s.ProofScriptEngine 7: 'instantiate hide var=iv with=i_0' 
91237      DEBUG main            d.u.i.k.m.s.ProofScriptEngine 8: 'instantiate hide var=jv with=j_0' 
91239      DEBUG main            d.u.i.k.m.s.ProofScriptEngine 9: 'auto' 
97979      DEBUG main            d.u.i.k.m.s.ProofScriptEngine 10: 'macro simp-upd' 
98064      DEBUG main            d.u.i.k.m.s.ProofScriptEngine 11: 'rule seqPermFromSwap' 
98068      DEBUG main            d.u.i.k.m.s.ProofScriptEngine 12: 'rule andRight' 
98070      DEBUG main            d.u.i.k.m.s.ProofScriptEngine 13: 'auto' 
98088      DEBUG main            d.u.i.k.m.s.ProofScriptEngine 14: 'instantiate hide var=iv with=i_0' 
98091      DEBUG main            d.u.i.k.m.s.ProofScriptEngine 15: 'instantiate hide var=jv with=to' 
98093      DEBUG main            d.u.i.k.m.s.ProofScriptEngine 16: 'auto' 
103347     INFO  main            d.u.i.k.p.r.p.TestFile    ... finished proof: closed. 
103863     INFO  main            d.u.i.k.p.i.AbstractProblemLoader Loading environment from /home/runner/work/key/key/key.core/../key.ui/examples/heap/quicksort/split.key.proof 
103863     DEBUG main            d.u.i.k.p.i.AbstractProblemLoader Environment load took 547.91ns 
103875     INFO  main            d.u.i.k.p.i.AbstractProblemLoader Creating init config 
106476     DEBUG main            d.u.i.k.p.i.AbstractProblemLoader Init config took 2.6s 
106525     INFO  main            d.u.i.k.p.i.AbstractProblemLoader Replaying proof Quicksort[Quicksort::split([I,int,int)].JML normal_behavior operation contract.0 
110165     DEBUG main            d.u.i.k.p.i.IntermediateProofReplayer Proof replay took 3.41s 
110177     DEBUG main            d.u.i.k.p.r.p.TestFile    ... success: reloaded. 
1780801    INFO  Test worker     d.u.i.k.p.r.RunAllProofsTestUnit Returning from test quicksort 
1780803    INFO  Test worker     d.u.i.k.p.r.RunAllProofsTestUnit Running test simpleTests 
339        INFO  Timeout watchdog d.u.i.k.p.r.p.ForkedTestFileRunner Timeout watcher launched (2000 secs.) 
361        WARN  main            d.u.i.k.s.ProofSettings   The settings in /home/runner/.key/proof-settings.props are *not* read. 
394        INFO  main            d.u.i.k.p.r.p.TestFile    Now processing file /home/runner/work/key/key/key.core/../key.ui/examples/heap/simple/anonymise_datagroup.key 
559        INFO  main            d.u.i.k.p.i.AbstractProblemLoader Loading environment from /home/runner/work/key/key/key.core/../key.ui/examples/heap/simple/anonymise_datagroup.key 
583        DEBUG main            d.u.i.k.p.i.AbstractProblemLoader Environment load took 2.37ms 
832        INFO  main            d.u.i.k.p.i.AbstractProblemLoader Creating init config 
1701       DEBUG main            d.u.i.k.j.TypeConverter   No LDT found for Meta 
1702       DEBUG main            d.u.i.k.j.TypeConverter   No LDT found for Meta 
1706       DEBUG main            d.u.i.k.j.TypeConverter   No LDT found for Meta 
1706       DEBUG main            d.u.i.k.j.TypeConverter   No LDT found for Meta 
3055       DEBUG main            d.u.i.k.j.TypeConverter   No LDT found for JavaBigintExpression 
8024       DEBUG main            d.u.i.k.p.i.AbstractProblemLoader Init config took 7.19s 
8082       INFO  main            d.u.i.k.p.i.AbstractProblemLoader Replaying proof anonymise_datagroup.key 
8114       DEBUG main            d.u.i.k.p.i.IntermediateProofReplayer Proof replay took 42.1ns 
8395       INFO  main            d.u.i.k.p.r.p.TestFile    ... finished proof: closed. 
8498       INFO  main            d.u.i.k.p.i.AbstractProblemLoader Loading environment from /home/runner/work/key/key/key.core/../key.ui/examples/heap/simple/anonymise_datagroup.key.proof 
8499       DEBUG main            d.u.i.k.p.i.AbstractProblemLoader Environment load took 1.33ms 
8504       INFO  main            d.u.i.k.p.i.AbstractProblemLoader Creating init config 
11330      DEBUG main            d.u.i.k.p.i.AbstractProblemLoader Init config took 2.83s 
11362      INFO  main            d.u.i.k.p.i.AbstractProblemLoader Replaying proof anonymise_datagroup.key.proof 
11377      DEBUG main            d.u.i.k.p.i.IntermediateProofReplayer Proof replay took 9.73ms 
11388      DEBUG main            d.u.i.k.p.r.p.TestFile    ... success: reloaded. 
11390      INFO  main            d.u.i.k.p.r.p.TestFile    Now processing file /home/runner/work/key/key/key.core/../key.ui/examples/heap/simple/array_creation.key 
11390      INFO  main            d.u.i.k.p.i.AbstractProblemLoader Loading environment from /home/runner/work/key/key/key.core/../key.ui/examples/heap/simple/array_creation.key 
11390      DEBUG main            d.u.i.k.p.i.AbstractProblemLoader Environment load took 244.2ns 
11393      INFO  main            d.u.i.k.p.i.AbstractProblemLoader Creating init config 
14019      DEBUG main            d.u.i.k.p.i.AbstractProblemLoader Init config took 2.63s 
14060      INFO  main            d.u.i.k.p.i.AbstractProblemLoader Replaying proof array_creation.key 
14070      DEBUG main            d.u.i.k.p.i.IntermediateProofReplayer Proof replay took 6.4ns 
14783      INFO  main            d.u.i.k.p.r.p.TestFile    ... finished proof: closed. 
14934      INFO  main            d.u.i.k.p.i.AbstractProblemLoader Loading environment from /home/runner/work/key/key/key.core/../key.ui/examples/heap/simple/array_creation.key.proof 
14935      DEBUG main            d.u.i.k.p.i.AbstractProblemLoader Environment load took 572.11ns 
14938      INFO  main            d.u.i.k.p.i.AbstractProblemLoader Creating init config 
17600      DEBUG main            d.u.i.k.p.i.AbstractProblemLoader Init config took 2.66s 
17641      INFO  main            d.u.i.k.p.i.AbstractProblemLoader Replaying proof array_creation.key.proof 
17805      DEBUG main            d.u.i.k.p.i.IntermediateProofReplayer Proof replay took 152.17ms 
17807      DEBUG main            d.u.i.k.p.r.p.TestFile    ... success: reloaded. 
17809      INFO  main            d.u.i.k.p.r.p.TestFile    Now processing file /home/runner/work/key/key/key.core/../key.ui/examples/heap/simple/arrays_with_disjoint_sorts.key 
17809      INFO  main            d.u.i.k.p.i.AbstractProblemLoader Loading environment from /home/runner/work/key/key/key.core/../key.ui/examples/heap/simple/arrays_with_disjoint_sorts.key 
17809      DEBUG main            d.u.i.k.p.i.AbstractProblemLoader Environment load took 268.4ns 
17811      INFO  main            d.u.i.k.p.i.AbstractProblemLoader Creating init config 
20425      DEBUG main            d.u.i.k.p.i.AbstractProblemLoader Init config took 2.61s 
20448      INFO  main            d.u.i.k.p.i.AbstractProblemLoader Replaying proof arrays_with_disjoint_sorts.key 
20450      DEBUG main            d.u.i.k.p.i.IntermediateProofReplayer Proof replay took 8ns 
20662      INFO  main            d.u.i.k.p.r.p.TestFile    ... finished proof: closed. 
20827      INFO  main            d.u.i.k.p.i.AbstractProblemLoader Loading environment from /home/runner/work/key/key/key.core/../key.ui/examples/heap/simple/arrays_with_disjoint_sorts.key.proof 
20828      DEBUG main            d.u.i.k.p.i.AbstractProblemLoader Environment load took 562.91ns 
20829      INFO  main            d.u.i.k.p.i.AbstractProblemLoader Creating init config 
23402      DEBUG main            d.u.i.k.p.i.AbstractProblemLoader Init config took 2.57s 
23425      INFO  main            d.u.i.k.p.i.AbstractProblemLoader Replaying proof arrays_with_disjoint_sorts.key.proof 
23465      DEBUG main            d.u.i.k.p.i.IntermediateProofReplayer Proof replay took 31.43ms 
23466      DEBUG main            d.u.i.k.p.r.p.TestFile    ... success: reloaded. 
23468      INFO  main            d.u.i.k.p.r.p.TestFile    Now processing file /home/runner/work/key/key/key.core/../key.ui/examples/heap/simple/arrays.key 
23468      INFO  main            d.u.i.k.p.i.AbstractProblemLoader Loading environment from /home/runner/work/key/key/key.core/../key.ui/examples/heap/simple/arrays.key 
23468      DEBUG main            d.u.i.k.p.i.AbstractProblemLoader Environment load took 217.4ns 
23470      INFO  main            d.u.i.k.p.i.AbstractProblemLoader Creating init config 
26011      DEBUG main            d.u.i.k.p.i.AbstractProblemLoader Init config took 2.54s 
26033      INFO  main            d.u.i.k.p.i.AbstractProblemLoader Replaying proof arrays.key 
26036      DEBUG main            d.u.i.k.p.i.IntermediateProofReplayer Proof replay took 7.4ns 
26240      INFO  main            d.u.i.k.p.r.p.TestFile    ... finished proof: closed. 
26401      INFO  main            d.u.i.k.p.i.AbstractProblemLoader Loading environment from /home/runner/work/key/key/key.core/../key.ui/examples/heap/simple/arrays.key.proof 
26401      DEBUG main            d.u.i.k.p.i.AbstractProblemLoader Environment load took 144.2ns 
26403      INFO  main            d.u.i.k.p.i.AbstractProblemLoader Creating init config 
28929      DEBUG main            d.u.i.k.p.i.AbstractProblemLoader Init config took 2.53s 
28951      INFO  main            d.u.i.k.p.i.AbstractProblemLoader Replaying proof arrays.key.proof 
28990      DEBUG main            d.u.i.k.p.i.IntermediateProofReplayer Proof replay took 35.12ms 
28991      DEBUG main            d.u.i.k.p.r.p.TestFile    ... success: reloaded. 
28992      INFO  main            d.u.i.k.p.r.p.TestFile    Now processing file /home/runner/work/key/key/key.core/../key.ui/examples/heap/simple/attributes.key 
28993      INFO  main            d.u.i.k.p.i.AbstractProblemLoader Loading environment from /home/runner/work/key/key/key.core/../key.ui/examples/heap/simple/attributes.key 
28993      DEBUG main            d.u.i.k.p.i.AbstractProblemLoader Environment load took 111.5ns 
28994      INFO  main            d.u.i.k.p.i.AbstractProblemLoader Creating init config 
31521      DEBUG main            d.u.i.k.p.i.AbstractProblemLoader Init config took 2.53s 
31543      INFO  main            d.u.i.k.p.i.AbstractProblemLoader Replaying proof attributes.key 
31545      DEBUG main            d.u.i.k.p.i.IntermediateProofReplayer Proof replay took 8.3ns 
31647      INFO  main            d.u.i.k.p.r.p.TestFile    ... finished proof: closed. 
31811      INFO  main            d.u.i.k.p.i.AbstractProblemLoader Loading environment from /home/runner/work/key/key/key.core/../key.ui/examples/heap/simple/attributes.key.proof 
31811      DEBUG main            d.u.i.k.p.i.AbstractProblemLoader Environment load took 134.3ns 
31812      INFO  main            d.u.i.k.p.i.AbstractProblemLoader Creating init config 
34302      DEBUG main            d.u.i.k.p.i.AbstractProblemLoader Init config took 2.49s 
34323      INFO  main            d.u.i.k.p.i.AbstractProblemLoader Replaying proof attributes.key.proof 
34328      DEBUG main            d.u.i.k.p.i.IntermediateProofReplayer Proof replay took 1.81ms 
34329      DEBUG main            d.u.i.k.p.r.p.TestFile    ... success: reloaded. 
34330      INFO  main            d.u.i.k.p.r.p.TestFile    Now processing file /home/runner/work/key/key/key.core/../key.ui/examples/heap/simple/constructor_contracts.key 
34330      INFO  main            d.u.i.k.p.i.AbstractProblemLoader Loading environment from /home/runner/work/key/key/key.core/../key.ui/examples/heap/simple/constructor_contracts.key 
34330      DEBUG main            d.u.i.k.p.i.AbstractProblemLoader Environment load took 238.3ns 
34333      INFO  main            d.u.i.k.p.i.AbstractProblemLoader Creating init config 
37336      DEBUG main            d.u.i.k.p.i.AbstractProblemLoader Init config took 3s 
37359      INFO  main            d.u.i.k.p.i.AbstractProblemLoader Replaying proof constructor_contracts.key 
37361      DEBUG main            d.u.i.k.p.i.IntermediateProofReplayer Proof replay took 8.2ns 
37973      INFO  main            d.u.i.k.p.r.p.TestFile    ... finished proof: closed. 
38178      INFO  main            d.u.i.k.p.i.AbstractProblemLoader Loading environment from /home/runner/work/key/key/key.core/../key.ui/examples/heap/simple/constructor_contracts.key.proof 
38179      DEBUG main            d.u.i.k.p.i.AbstractProblemLoader Environment load took 578.61ns 
38181      INFO  main            d.u.i.k.p.i.AbstractProblemLoader Creating init config 
40977      DEBUG main            d.u.i.k.p.i.AbstractProblemLoader Init config took 2.8s 
41001      INFO  main            d.u.i.k.p.i.AbstractProblemLoader Replaying proof constructor_contracts.key.proof 
41116      DEBUG main            d.u.i.k.p.i.IntermediateProofReplayer Proof replay took 110.69ms 
41118      DEBUG main            d.u.i.k.p.r.p.TestFile    ... success: reloaded. 
41120      INFO  main            d.u.i.k.p.r.p.TestFile    Now processing file /home/runner/work/key/key/key.core/../key.ui/examples/heap/simple/dependencies.key 
41121      INFO  main            d.u.i.k.p.i.AbstractProblemLoader Loading environment from /home/runner/work/key/key/key.core/../key.ui/examples/heap/simple/dependencies.key 
41121      DEBUG main            d.u.i.k.p.i.AbstractProblemLoader Environment load took 226.1ns 
41122      INFO  main            d.u.i.k.p.i.AbstractProblemLoader Creating init config 
43646      DEBUG main            d.u.i.k.p.i.AbstractProblemLoader Init config took 2.52s 
43667      INFO  main            d.u.i.k.p.i.AbstractProblemLoader Replaying proof dependencies.key 
43669      DEBUG main            d.u.i.k.p.i.IntermediateProofReplayer Proof replay took 7.9ns 
43773      INFO  main            d.u.i.k.p.r.p.TestFile    ... finished proof: closed. 
44029      INFO  main            d.u.i.k.p.i.AbstractProblemLoader Loading environment from /home/runner/work/key/key/key.core/../key.ui/examples/heap/simple/dependencies.key.proof 
44029      DEBUG main            d.u.i.k.p.i.AbstractProblemLoader Environment load took 136.5ns 
44031      INFO  main            d.u.i.k.p.i.AbstractProblemLoader Creating init config 
46518      DEBUG main            d.u.i.k.p.i.AbstractProblemLoader Init config took 2.49s 
46539      INFO  main            d.u.i.k.p.i.AbstractProblemLoader Replaying proof dependencies.key.proof 
46549      DEBUG main            d.u.i.k.p.i.IntermediateProofReplayer Proof replay took 8.77ms 
46550      DEBUG main            d.u.i.k.p.r.p.TestFile    ... success: reloaded. 
46551      INFO  main            d.u.i.k.p.r.p.TestFile    Now processing file /home/runner/work/key/key/key.core/../key.ui/examples/heap/simple/dependency_contracts.key 
46551      INFO  main            d.u.i.k.p.i.AbstractProblemLoader Loading environment from /home/runner/work/key/key/key.core/../key.ui/examples/heap/simple/dependency_contracts.key 
46551      DEBUG main            d.u.i.k.p.i.AbstractProblemLoader Environment load took 98.6ns 
46553      INFO  main            d.u.i.k.p.i.AbstractProblemLoader Creating init config 
49322      DEBUG main            d.u.i.k.p.i.AbstractProblemLoader Init config took 2.77s 
49345      INFO  main            d.u.i.k.p.i.AbstractProblemLoader Replaying proof dependency_contracts.key 
49347      DEBUG main            d.u.i.k.p.i.IntermediateProofReplayer Proof replay took 7.3ns 
50861      INFO  main            d.u.i.k.p.r.p.TestFile    ... finished proof: closed. 
51089      INFO  main            d.u.i.k.p.i.AbstractProblemLoader Loading environment from /home/runner/work/key/key/key.core/../key.ui/examples/heap/simple/dependency_contracts.key.proof 
51090      DEBUG main            d.u.i.k.p.i.AbstractProblemLoader Environment load took 828.61ns 
51092      INFO  main            d.u.i.k.p.i.AbstractProblemLoader Creating init config 
53808      DEBUG main            d.u.i.k.p.i.AbstractProblemLoader Init config took 2.72s 
53836      INFO  main            d.u.i.k.p.i.AbstractProblemLoader Replaying proof dependency_contracts.key.proof 
54060      DEBUG main            d.u.i.k.p.i.IntermediateProofReplayer Proof replay took 210.2ms 
54063      DEBUG main            d.u.i.k.p.r.p.TestFile    ... success: reloaded. 
54064      INFO  main            d.u.i.k.p.r.p.TestFile    Now processing file /home/runner/work/key/key/key.core/../key.ui/examples/heap/simple/invariant_preservation.key 
54065      INFO  main            d.u.i.k.p.i.AbstractProblemLoader Loading environment from /home/runner/work/key/key/key.core/../key.ui/examples/heap/simple/invariant_preservation.key 
54065      DEBUG main            d.u.i.k.p.i.AbstractProblemLoader Environment load took 221.3ns 
54066      INFO  main            d.u.i.k.p.i.AbstractProblemLoader Creating init config 
56799      DEBUG main            d.u.i.k.p.i.AbstractProblemLoader Init config took 2.73s 
56821      INFO  main            d.u.i.k.p.i.AbstractProblemLoader Replaying proof invariant_preservation.key 
56822      DEBUG main            d.u.i.k.p.i.IntermediateProofReplayer Proof replay took 7.2ns 
57029      INFO  main            d.u.i.k.p.r.p.TestFile    ... finished proof: closed. 
57257      INFO  main            d.u.i.k.p.i.AbstractProblemLoader Loading environment from /home/runner/work/key/key/key.core/../key.ui/examples/heap/simple/invariant_preservation.key.proof 
57258      DEBUG main            d.u.i.k.p.i.AbstractProblemLoader Environment load took 1.53ms 
57261      INFO  main            d.u.i.k.p.i.AbstractProblemLoader Creating init config 
59929      DEBUG main            d.u.i.k.p.i.AbstractProblemLoader Init config took 2.67s 
59949      INFO  main            d.u.i.k.p.i.AbstractProblemLoader Replaying proof invariant_preservation.key.proof 
59982      DEBUG main            d.u.i.k.p.i.IntermediateProofReplayer Proof replay took 30.73ms 
59984      DEBUG main            d.u.i.k.p.r.p.TestFile    ... success: reloaded. 
59985      INFO  main            d.u.i.k.p.r.p.TestFile    Now processing file /home/runner/work/key/key/key.core/../key.ui/examples/heap/simple/locsets.key 
59985      INFO  main            d.u.i.k.p.i.AbstractProblemLoader Loading environment from /home/runner/work/key/key/key.core/../key.ui/examples/heap/simple/locsets.key 
59985      DEBUG main            d.u.i.k.p.i.AbstractProblemLoader Environment load took 105.9ns 
59986      INFO  main            d.u.i.k.p.i.AbstractProblemLoader Creating init config 
62476      DEBUG main            d.u.i.k.p.i.AbstractProblemLoader Init config took 2.49s 
62500      INFO  main            d.u.i.k.p.i.AbstractProblemLoader Replaying proof locsets.key 
62502      DEBUG main            d.u.i.k.p.i.IntermediateProofReplayer Proof replay took 8.8ns 
62604      INFO  main            d.u.i.k.p.r.p.TestFile    ... finished proof: closed. 
62800      INFO  main            d.u.i.k.p.i.AbstractProblemLoader Loading environment from /home/runner/work/key/key/key.core/../key.ui/examples/heap/simple/locsets.key.proof 
62800      DEBUG main            d.u.i.k.p.i.AbstractProblemLoader Environment load took 127.4ns 
62801      INFO  main            d.u.i.k.p.i.AbstractProblemLoader Creating init config 
65207      DEBUG main            d.u.i.k.p.i.AbstractProblemLoader Init config took 2.41s 
65227      INFO  main            d.u.i.k.p.i.AbstractProblemLoader Replaying proof locsets.key.proof 
65235      DEBUG main            d.u.i.k.p.i.IntermediateProofReplayer Proof replay took 6.15ms 
65236      DEBUG main            d.u.i.k.p.r.p.TestFile    ... success: reloaded. 
65237      INFO  main            d.u.i.k.p.r.p.TestFile    Now processing file /home/runner/work/key/key/key.core/../key.ui/examples/heap/simple/loop1.key 
65238      INFO  main            d.u.i.k.p.i.AbstractProblemLoader Loading environment from /home/runner/work/key/key/key.core/../key.ui/examples/heap/simple/loop1.key 
65238      DEBUG main            d.u.i.k.p.i.AbstractProblemLoader Environment load took 214ns 
65239      INFO  main            d.u.i.k.p.i.AbstractProblemLoader Creating init config 
67911      DEBUG main            d.u.i.k.p.i.AbstractProblemLoader Init config took 2.67s 
67929      INFO  main            d.u.i.k.p.i.AbstractProblemLoader Replaying proof loop1.key 
67930      DEBUG main            d.u.i.k.p.i.IntermediateProofReplayer Proof replay took 8.8ns 
68133      INFO  main            d.u.i.k.p.r.p.TestFile    ... finished proof: closed. 
68334      INFO  main            d.u.i.k.p.i.AbstractProblemLoader Loading environment from /home/runner/work/key/key/key.core/../key.ui/examples/heap/simple/loop1.key.proof 
68334      DEBUG main            d.u.i.k.p.i.AbstractProblemLoader Environment load took 137.8ns 
68335      INFO  main            d.u.i.k.p.i.AbstractProblemLoader Creating init config 
71020      DEBUG main            d.u.i.k.p.i.AbstractProblemLoader Init config took 2.68s 
71038      INFO  main            d.u.i.k.p.i.AbstractProblemLoader Replaying proof loop1.key.proof 
71104      DEBUG main            d.u.i.k.p.i.IntermediateProofReplayer Proof replay took 63.86ms 
71106      DEBUG main            d.u.i.k.p.r.p.TestFile    ... success: reloaded. 
71107      INFO  main            d.u.i.k.p.r.p.TestFile    Now processing file /home/runner/work/key/key/key.core/../key.ui/examples/heap/simple/loop2.key 
71107      INFO  main            d.u.i.k.p.i.AbstractProblemLoader Loading environment from /home/runner/work/key/key/key.core/../key.ui/examples/heap/simple/loop2.key 
71107      DEBUG main            d.u.i.k.p.i.AbstractProblemLoader Environment load took 105.4ns 
71108      INFO  main            d.u.i.k.p.i.AbstractProblemLoader Creating init config 
73821      DEBUG main            d.u.i.k.p.i.AbstractProblemLoader Init config took 2.71s 
73840      INFO  main            d.u.i.k.p.i.AbstractProblemLoader Replaying proof loop2.key 
73843      DEBUG main            d.u.i.k.p.i.IntermediateProofReplayer Proof replay took 9.4ns 
74547      INFO  main            d.u.i.k.p.r.p.TestFile    ... finished proof: closed. 
74780      INFO  main            d.u.i.k.p.i.AbstractProblemLoader Loading environment from /home/runner/work/key/key/key.core/../key.ui/examples/heap/simple/loop2.key.proof 
74780      DEBUG main            d.u.i.k.p.i.AbstractProblemLoader Environment load took 478.51ns 
74782      INFO  main            d.u.i.k.p.i.AbstractProblemLoader Creating init config 
77428      DEBUG main            d.u.i.k.p.i.AbstractProblemLoader Init config took 2.65s 
77454      INFO  main            d.u.i.k.p.i.AbstractProblemLoader Replaying proof loop2.key.proof 
77604      DEBUG main            d.u.i.k.p.i.IntermediateProofReplayer Proof replay took 143.78ms 
77606      DEBUG main            d.u.i.k.p.r.p.TestFile    ... success: reloaded. 
77608      INFO  main            d.u.i.k.p.r.p.TestFile    Now processing file /home/runner/work/key/key/key.core/../key.ui/examples/heap/simple/modifies_datagroup.key 
77608      INFO  main            d.u.i.k.p.i.AbstractProblemLoader Loading environment from /home/runner/work/key/key/key.core/../key.ui/examples/heap/simple/modifies_datagroup.key 
77608      DEBUG main            d.u.i.k.p.i.AbstractProblemLoader Environment load took 242.2ns 
77610      INFO  main            d.u.i.k.p.i.AbstractProblemLoader Creating init config 
80073      DEBUG main            d.u.i.k.p.i.AbstractProblemLoader Init config took 2.46s 
80090      INFO  main            d.u.i.k.p.i.AbstractProblemLoader Replaying proof modifies_datagroup.key 
80091      DEBUG main            d.u.i.k.p.i.IntermediateProofReplayer Proof replay took 8ns 
80194      INFO  main            d.u.i.k.p.r.p.TestFile    ... finished proof: closed. 
80423      INFO  main            d.u.i.k.p.i.AbstractProblemLoader Loading environment from /home/runner/work/key/key/key.core/../key.ui/examples/heap/simple/modifies_datagroup.key.proof 
80423      DEBUG main            d.u.i.k.p.i.AbstractProblemLoader Environment load took 610.01ns 
80425      INFO  main            d.u.i.k.p.i.AbstractProblemLoader Creating init config 
82802      DEBUG main            d.u.i.k.p.i.AbstractProblemLoader Init config took 2.38s 
82819      INFO  main            d.u.i.k.p.i.AbstractProblemLoader Replaying proof modifies_datagroup.key.proof 
82824      DEBUG main            d.u.i.k.p.i.IntermediateProofReplayer Proof replay took 3.24ms 
82825      DEBUG main            d.u.i.k.p.r.p.TestFile    ... success: reloaded. 
82826      INFO  main            d.u.i.k.p.r.p.TestFile    Now processing file /home/runner/work/key/key/key.core/../key.ui/examples/heap/simple/modifies.key 
82826      INFO  main            d.u.i.k.p.i.AbstractProblemLoader Loading environment from /home/runner/work/key/key/key.core/../key.ui/examples/heap/simple/modifies.key 
82827      DEBUG main            d.u.i.k.p.i.AbstractProblemLoader Environment load took 206.2ns 
82828      INFO  main            d.u.i.k.p.i.AbstractProblemLoader Creating init config 
85244      DEBUG main            d.u.i.k.p.i.AbstractProblemLoader Init config took 2.42s 
85261      INFO  main            d.u.i.k.p.i.AbstractProblemLoader Replaying proof modifies.key 
85262      DEBUG main            d.u.i.k.p.i.IntermediateProofReplayer Proof replay took 8.1ns 
85365      INFO  main            d.u.i.k.p.r.p.TestFile    ... finished proof: closed. 
85596      INFO  main            d.u.i.k.p.i.AbstractProblemLoader Loading environment from /home/runner/work/key/key/key.core/../key.ui/examples/heap/simple/modifies.key.proof 
85596      DEBUG main            d.u.i.k.p.i.AbstractProblemLoader Environment load took 131.9ns 
85598      INFO  main            d.u.i.k.p.i.AbstractProblemLoader Creating init config 
87977      DEBUG main            d.u.i.k.p.i.AbstractProblemLoader Init config took 2.38s 
87999      INFO  main            d.u.i.k.p.i.AbstractProblemLoader Replaying proof modifies.key.proof 
88022      DEBUG main            d.u.i.k.p.i.IntermediateProofReplayer Proof replay took 20.48ms 
88024      DEBUG main            d.u.i.k.p.r.p.TestFile    ... success: reloaded. 
88025      INFO  main            d.u.i.k.p.r.p.TestFile    Now processing file /home/runner/work/key/key/key.core/../key.ui/examples/heap/simple/object_creation.key 
88025      INFO  main            d.u.i.k.p.i.AbstractProblemLoader Loading environment from /home/runner/work/key/key/key.core/../key.ui/examples/heap/simple/object_creation.key 
88025      DEBUG main            d.u.i.k.p.i.AbstractProblemLoader Environment load took 97ns 
88026      INFO  main            d.u.i.k.p.i.AbstractProblemLoader Creating init config 
90498      DEBUG main            d.u.i.k.p.i.AbstractProblemLoader Init config took 2.47s 
90514      INFO  main            d.u.i.k.p.i.AbstractProblemLoader Replaying proof object_creation.key 
90516      DEBUG main            d.u.i.k.p.i.IntermediateProofReplayer Proof replay took 7.4ns 
90721      INFO  main            d.u.i.k.p.r.p.TestFile    ... finished proof: closed. 
90957      INFO  main            d.u.i.k.p.i.AbstractProblemLoader Loading environment from /home/runner/work/key/key/key.core/../key.ui/examples/heap/simple/object_creation.key.proof 
90957      DEBUG main            d.u.i.k.p.i.AbstractProblemLoader Environment load took 133.8ns 
90958      INFO  main            d.u.i.k.p.i.AbstractProblemLoader Creating init config 
93332      DEBUG main            d.u.i.k.p.i.AbstractProblemLoader Init config took 2.37s 
93348      INFO  main            d.u.i.k.p.i.AbstractProblemLoader Replaying proof object_creation.key.proof 
93397      DEBUG main            d.u.i.k.p.i.IntermediateProofReplayer Proof replay took 45.31ms 
93398      DEBUG main            d.u.i.k.p.r.p.TestFile    ... success: reloaded. 
93399      INFO  main            d.u.i.k.p.r.p.TestFile    Now processing file /home/runner/work/key/key/key.core/../key.ui/examples/heap/simple/operation_contracts.key 
93399      INFO  main            d.u.i.k.p.i.AbstractProblemLoader Loading environment from /home/runner/work/key/key/key.core/../key.ui/examples/heap/simple/operation_contracts.key 
93399      DEBUG main            d.u.i.k.p.i.AbstractProblemLoader Environment load took 209.7ns 
93401      INFO  main            d.u.i.k.p.i.AbstractProblemLoader Creating init config 
96096      DEBUG main            d.u.i.k.p.i.AbstractProblemLoader Init config took 2.69s 
96114      INFO  main            d.u.i.k.p.i.AbstractProblemLoader Replaying proof operation_contracts.key 
96115      DEBUG main            d.u.i.k.p.i.IntermediateProofReplayer Proof replay took 6.6ns 
96923      INFO  main            d.u.i.k.p.r.p.TestFile    ... finished proof: closed. 
97294      INFO  main            d.u.i.k.p.i.AbstractProblemLoader Loading environment from /home/runner/work/key/key/key.core/../key.ui/examples/heap/simple/operation_contracts.key.proof 
97295      DEBUG main            d.u.i.k.p.i.AbstractProblemLoader Environment load took 687.01ns 
97297      INFO  main            d.u.i.k.p.i.AbstractProblemLoader Creating init config 
99956      DEBUG main            d.u.i.k.p.i.AbstractProblemLoader Init config took 2.66s 
99973      INFO  main            d.u.i.k.p.i.AbstractProblemLoader Replaying proof operation_contracts.key.proof 
100098     DEBUG main            d.u.i.k.p.i.IntermediateProofReplayer Proof replay took 117.62ms 
100100     DEBUG main            d.u.i.k.p.r.p.TestFile    ... success: reloaded. 
100101     INFO  main            d.u.i.k.p.r.p.TestFile    Now processing file /home/runner/work/key/key/key.core/../key.ui/examples/heap/simple/select_store.key 
100102     INFO  main            d.u.i.k.p.i.AbstractProblemLoader Loading environment from /home/runner/work/key/key/key.core/../key.ui/examples/heap/simple/select_store.key 
100102     DEBUG main            d.u.i.k.p.i.AbstractProblemLoader Environment load took 219.1ns 
100103     INFO  main            d.u.i.k.p.i.AbstractProblemLoader Creating init config 
102531     DEBUG main            d.u.i.k.p.i.AbstractProblemLoader Init config took 2.43s 
102549     INFO  main            d.u.i.k.p.i.AbstractProblemLoader Replaying proof select_store.key 
102551     DEBUG main            d.u.i.k.p.i.IntermediateProofReplayer Proof replay took 7.2ns 
102654     INFO  main            d.u.i.k.p.r.p.TestFile    ... finished proof: closed. 
102974     INFO  main            d.u.i.k.p.i.AbstractProblemLoader Loading environment from /home/runner/work/key/key/key.core/../key.ui/examples/heap/simple/select_store.key.proof 
102974     DEBUG main            d.u.i.k.p.i.AbstractProblemLoader Environment load took 210.8ns 
102975     INFO  main            d.u.i.k.p.i.AbstractProblemLoader Creating init config 
105343     DEBUG main            d.u.i.k.p.i.AbstractProblemLoader Init config took 2.37s 
105362     INFO  main            d.u.i.k.p.i.AbstractProblemLoader Replaying proof select_store.key.proof 
105366     DEBUG main            d.u.i.k.p.i.IntermediateProofReplayer Proof replay took 2.15ms 
105368     DEBUG main            d.u.i.k.p.r.p.TestFile    ... success: reloaded. 
105369     INFO  main            d.u.i.k.p.r.p.TestFile    Now processing file /home/runner/work/key/key/key.core/../key.ui/examples/heap/simple/selection_sort.key 
105369     INFO  main            d.u.i.k.p.i.AbstractProblemLoader Loading environment from /home/runner/work/key/key/key.core/../key.ui/examples/heap/simple/selection_sort.key 
105369     DEBUG main            d.u.i.k.p.i.AbstractProblemLoader Environment load took 215.6ns 
105371     INFO  main            d.u.i.k.p.i.AbstractProblemLoader Creating init config 
108076     DEBUG main            d.u.i.k.p.i.AbstractProblemLoader Init config took 2.71s 
108094     INFO  main            d.u.i.k.p.i.AbstractProblemLoader Replaying proof selection_sort.key 
108097     DEBUG main            d.u.i.k.p.i.IntermediateProofReplayer Proof replay took 8.4ns 
111938     INFO  main            d.u.i.k.p.r.p.TestFile    ... finished proof: closed. 
112223     INFO  main            d.u.i.k.p.i.AbstractProblemLoader Loading environment from /home/runner/work/key/key/key.core/../key.ui/examples/heap/simple/selection_sort.key.proof 
112224     DEBUG main            d.u.i.k.p.i.AbstractProblemLoader Environment load took 499.31ns 
112226     INFO  main            d.u.i.k.p.i.AbstractProblemLoader Creating init config 
114828     DEBUG main            d.u.i.k.p.i.AbstractProblemLoader Init config took 2.6s 
114844     INFO  main            d.u.i.k.p.i.AbstractProblemLoader Replaying proof selection_sort.key.proof 
115491     DEBUG main            d.u.i.k.p.i.IntermediateProofReplayer Proof replay took 624.36ms 
115493     DEBUG main            d.u.i.k.p.r.p.TestFile    ... success: reloaded. 
115494     INFO  main            d.u.i.k.p.r.p.TestFile    Now processing file /home/runner/work/key/key/key.core/../key.ui/examples/heap/simple/seq.key 
115495     INFO  main            d.u.i.k.p.i.AbstractProblemLoader Loading environment from /home/runner/work/key/key/key.core/../key.ui/examples/heap/simple/seq.key 
115495     DEBUG main            d.u.i.k.p.i.AbstractProblemLoader Environment load took 242.4ns 
115496     INFO  main            d.u.i.k.p.i.AbstractProblemLoader Creating init config 
117968     DEBUG main            d.u.i.k.p.i.AbstractProblemLoader Init config took 2.47s 
117984     INFO  main            d.u.i.k.p.i.AbstractProblemLoader Replaying proof seq.key 
117985     DEBUG main            d.u.i.k.p.i.IntermediateProofReplayer Proof replay took 22.2ns 
118389     INFO  main            d.u.i.k.p.r.p.TestFile    ... finished proof: closed. 
118726     INFO  main            d.u.i.k.p.i.AbstractProblemLoader Loading environment from /home/runner/work/key/key/key.core/../key.ui/examples/heap/simple/seq.key.proof 
118726     DEBUG main            d.u.i.k.p.i.AbstractProblemLoader Environment load took 644.31ns 
118728     INFO  main            d.u.i.k.p.i.AbstractProblemLoader Creating init config 
121071     DEBUG main            d.u.i.k.p.i.AbstractProblemLoader Init config took 2.34s 
121090     INFO  main            d.u.i.k.p.i.AbstractProblemLoader Replaying proof seq.key.proof 
121152     DEBUG main            d.u.i.k.p.i.IntermediateProofReplayer Proof replay took 56.48ms 
121153     DEBUG main            d.u.i.k.p.r.p.TestFile    ... success: reloaded. 
121154     INFO  main            d.u.i.k.p.r.p.TestFile    Now processing file /home/runner/work/key/key/key.core/../key.ui/examples/heap/simple/oldForParams.key 
121154     INFO  main            d.u.i.k.p.i.AbstractProblemLoader Loading environment from /home/runner/work/key/key/key.core/../key.ui/examples/heap/simple/oldForParams.key 
121154     DEBUG main            d.u.i.k.p.i.AbstractProblemLoader Environment load took 97.3ns 
121155     INFO  main            d.u.i.k.p.i.AbstractProblemLoader Creating init config 
123799     DEBUG main            d.u.i.k.p.i.AbstractProblemLoader Init config took 2.64s 
123865     INFO  main            d.u.i.k.p.i.AbstractProblemLoader Replaying proof OldForParameters[OldForParameters::method(int)].JML operation contract.0 
123868     DEBUG main            d.u.i.k.p.i.IntermediateProofReplayer Proof replay took 8.3ns 
124077     INFO  main            d.u.i.k.p.r.p.TestFile    ... finished proof: closed. 
124366     INFO  main            d.u.i.k.p.i.AbstractProblemLoader Loading environment from /home/runner/work/key/key/key.core/../key.ui/examples/heap/simple/oldForParams.key.proof 
124367     DEBUG main            d.u.i.k.p.i.AbstractProblemLoader Environment load took 127.8ns 
124368     INFO  main            d.u.i.k.p.i.AbstractProblemLoader Creating init config 
126978     DEBUG main            d.u.i.k.p.i.AbstractProblemLoader Init config took 2.61s 
127030     INFO  main            d.u.i.k.p.i.AbstractProblemLoader Replaying proof OldForParameters[OldForParameters::method(int)].JML operation contract.0 
127081     DEBUG main            d.u.i.k.p.i.IntermediateProofReplayer Proof replay took 46.57ms 
127083     DEBUG main            d.u.i.k.p.r.p.TestFile    ... success: reloaded. 
127084     INFO  main            d.u.i.k.p.r.p.TestFile    Now processing file /home/runner/work/key/key/key.core/../key.ui/examples/heap/simple/parse_lmtd.key 
127085     INFO  main            d.u.i.k.p.i.AbstractProblemLoader Loading environment from /home/runner/work/key/key/key.core/../key.ui/examples/heap/simple/parse_lmtd.key 
127085     DEBUG main            d.u.i.k.p.i.AbstractProblemLoader Environment load took 237.6ns 
127086     INFO  main            d.u.i.k.p.i.AbstractProblemLoader Creating init config 
129739     DEBUG main            d.u.i.k.p.i.AbstractProblemLoader Init config took 2.65s 
129781     INFO  main            d.u.i.k.p.i.AbstractProblemLoader Replaying proof ParseLmtd[ParseLmtd::simple(int)].JML normal_behavior operation contract.0 
129782     DEBUG main            d.u.i.k.p.i.IntermediateProofReplayer Proof replay took 6.7ns 
129909     INFO  main            d.u.i.k.p.r.p.TestFile    ... finished proof: closed. 
130165     INFO  main            d.u.i.k.p.i.AbstractProblemLoader Loading environment from /home/runner/work/key/key/key.core/../key.ui/examples/heap/simple/parse_lmtd.key.proof 
130165     DEBUG main            d.u.i.k.p.i.AbstractProblemLoader Environment load took 126.2ns 
130167     INFO  main            d.u.i.k.p.i.AbstractProblemLoader Creating init config 
132751     DEBUG main            d.u.i.k.p.i.AbstractProblemLoader Init config took 2.58s 
132791     INFO  main            d.u.i.k.p.i.AbstractProblemLoader Replaying proof ParseLmtd[ParseLmtd::simple(int)].JML normal_behavior operation contract.0 
132818     DEBUG main            d.u.i.k.p.i.IntermediateProofReplayer Proof replay took 24.49ms 
132819     DEBUG main            d.u.i.k.p.r.p.TestFile    ... success: reloaded. 
132820     INFO  main            d.u.i.k.p.r.p.TestFile    Now processing file /home/runner/work/key/key/key.core/../key.ui/examples/heap/strictly_pure/strictlyPureMethod.key 
132821     INFO  main            d.u.i.k.p.i.AbstractProblemLoader Loading environment from /home/runner/work/key/key/key.core/../key.ui/examples/heap/strictly_pure/strictlyPureMethod.key 
132821     DEBUG main            d.u.i.k.p.i.AbstractProblemLoader Environment load took 90.7ns 
132821     INFO  main            d.u.i.k.p.i.AbstractProblemLoader Creating init config 
135341     DEBUG main            d.u.i.k.p.i.AbstractProblemLoader Init config took 2.52s 
135379     INFO  main            d.u.i.k.p.i.AbstractProblemLoader Replaying proof StrictlyPure[StrictlyPure::strictlyPureMethod()].JML operation contract.0 
135381     DEBUG main            d.u.i.k.p.i.IntermediateProofReplayer Proof replay took 7.6ns 
135587     INFO  main            d.u.i.k.p.r.p.TestFile    ... finished proof: closed. 
135900     INFO  main            d.u.i.k.p.i.AbstractProblemLoader Loading environment from /home/runner/work/key/key/key.core/../key.ui/examples/heap/strictly_pure/strictlyPureMethod.key.proof 
135900     DEBUG main            d.u.i.k.p.i.AbstractProblemLoader Environment load took 170.1ns 
135901     INFO  main            d.u.i.k.p.i.AbstractProblemLoader Creating init config 
138353     DEBUG main            d.u.i.k.p.i.AbstractProblemLoader Init config took 2.45s 
138390     INFO  main            d.u.i.k.p.i.AbstractProblemLoader Replaying proof StrictlyPure[StrictlyPure::strictlyPureMethod()].JML operation contract.0 
138429     DEBUG main            d.u.i.k.p.i.IntermediateProofReplayer Proof replay took 37.09ms 
138430     DEBUG main            d.u.i.k.p.r.p.TestFile    ... success: reloaded. 
138431     INFO  main            d.u.i.k.p.r.p.TestFile    Now processing file /home/runner/work/key/key/key.core/../key.ui/examples/heap/strictly_pure/useStrictlyPureMethod.key 
138431     INFO  main            d.u.i.k.p.i.AbstractProblemLoader Loading environment from /home/runner/work/key/key/key.core/../key.ui/examples/heap/strictly_pure/useStrictlyPureMethod.key 
138432     DEBUG main            d.u.i.k.p.i.AbstractProblemLoader Environment load took 147.9ns 
138432     INFO  main            d.u.i.k.p.i.AbstractProblemLoader Creating init config 
140900     DEBUG main            d.u.i.k.p.i.AbstractProblemLoader Init config took 2.47s 
140937     INFO  main            d.u.i.k.p.i.AbstractProblemLoader Replaying proof StrictlyPure[StrictlyPure::useStrictlyPureMethod(StrictlyPureClass)].JML operation contract.0 
140939     DEBUG main            d.u.i.k.p.i.IntermediateProofReplayer Proof replay took 7.2ns 
141141     INFO  main            d.u.i.k.p.r.p.TestFile    ... finished proof: closed. 
141428     INFO  main            d.u.i.k.p.i.AbstractProblemLoader Loading environment from /home/runner/work/key/key/key.core/../key.ui/examples/heap/strictly_pure/useStrictlyPureMethod.key.proof 
141429     DEBUG main            d.u.i.k.p.i.AbstractProblemLoader Environment load took 149.3ns 
141430     INFO  main            d.u.i.k.p.i.AbstractProblemLoader Creating init config 
143858     DEBUG main            d.u.i.k.p.i.AbstractProblemLoader Init config took 2.43s 
143894     INFO  main            d.u.i.k.p.i.AbstractProblemLoader Replaying proof StrictlyPure[StrictlyPure::useStrictlyPureMethod(StrictlyPureClass)].JML operation contract.0 
143949     DEBUG main            d.u.i.k.p.i.IntermediateProofReplayer Proof replay took 52.37ms 
143950     DEBUG main            d.u.i.k.p.r.p.TestFile    ... success: reloaded. 
143951     INFO  main            d.u.i.k.p.r.p.TestFile    Now processing file /home/runner/work/key/key/key.core/../key.ui/examples/heap/Wellfounded/ackermann.key 
143951     INFO  main            d.u.i.k.p.i.AbstractProblemLoader Loading environment from /home/runner/work/key/key/key.core/../key.ui/examples/heap/Wellfounded/ackermann.key 
143952     DEBUG main            d.u.i.k.p.i.AbstractProblemLoader Environment load took 102.2ns 
143952     INFO  main            d.u.i.k.p.i.AbstractProblemLoader Creating init config 
146468     DEBUG main            d.u.i.k.p.i.AbstractProblemLoader Init config took 2.52s 
146505     INFO  main            d.u.i.k.p.i.AbstractProblemLoader Replaying proof Ackermann[Ackermann::a(int,int)].JML normal_behavior operation contract.0 
146508     DEBUG main            d.u.i.k.p.i.IntermediateProofReplayer Proof replay took 7.8ns 
146811     INFO  main            d.u.i.k.p.r.p.TestFile    ... finished proof: closed. 
147142     INFO  main            d.u.i.k.p.i.AbstractProblemLoader Loading environment from /home/runner/work/key/key/key.core/../key.ui/examples/heap/Wellfounded/ackermann.key.proof 
147142     DEBUG main            d.u.i.k.p.i.AbstractProblemLoader Environment load took 122.2ns 
147143     INFO  main            d.u.i.k.p.i.AbstractProblemLoader Creating init config 
149592     DEBUG main            d.u.i.k.p.i.AbstractProblemLoader Init config took 2.45s 
149629     INFO  main            d.u.i.k.p.i.AbstractProblemLoader Replaying proof Ackermann[Ackermann::a(int,int)].JML normal_behavior operation contract.0 
149692     DEBUG main            d.u.i.k.p.i.IntermediateProofReplayer Proof replay took 59.89ms 
149693     DEBUG main            d.u.i.k.p.r.p.TestFile    ... success: reloaded. 
149694     INFO  main            d.u.i.k.p.r.p.TestFile    Now processing file /home/runner/work/key/key/key.core/../key.ui/examples/standard_key/unicode_test.key 
149694     INFO  main            d.u.i.k.p.i.AbstractProblemLoader Loading environment from /home/runner/work/key/key/key.core/../key.ui/examples/standard_key/unicode_test.key 
149695     DEBUG main            d.u.i.k.p.i.AbstractProblemLoader Environment load took 97.3ns 
149696     INFO  main            d.u.i.k.p.i.AbstractProblemLoader Creating init config 
152133     DEBUG main            d.u.i.k.p.i.AbstractProblemLoader Init config took 2.44s 
152147     INFO  main            d.u.i.k.p.i.AbstractProblemLoader Replaying proof unicode_test.key 
152148     DEBUG main            d.u.i.k.p.i.IntermediateProofReplayer Proof replay took 8ns 
152252     INFO  main            d.u.i.k.p.r.p.TestFile    ... finished proof: closed. 
152538     INFO  main            d.u.i.k.p.i.AbstractProblemLoader Loading environment from /home/runner/work/key/key/key.core/../key.ui/examples/standard_key/unicode_test.key.proof 
152538     DEBUG main            d.u.i.k.p.i.AbstractProblemLoader Environment load took 116.3ns 
152539     INFO  main            d.u.i.k.p.i.AbstractProblemLoader Creating init config 
154891     DEBUG main            d.u.i.k.p.i.AbstractProblemLoader Init config took 2.35s 
154906     INFO  main            d.u.i.k.p.i.AbstractProblemLoader Replaying proof unicode_test.key.proof 
154908     DEBUG main            d.u.i.k.p.i.IntermediateProofReplayer Proof replay took 398.81ns 
154909     DEBUG main            d.u.i.k.p.r.p.TestFile    ... success: reloaded. 
154909     INFO  main            d.u.i.k.p.r.p.TestFile    Now processing file /home/runner/work/key/key/key.core/../key.ui/examples/heap/strictlyModular/mayExpand.key 
154910     INFO  main            d.u.i.k.p.i.AbstractProblemLoader Loading environment from /home/runner/work/key/key/key.core/../key.ui/examples/heap/strictlyModular/mayExpand.key 
154910     DEBUG main            d.u.i.k.p.i.AbstractProblemLoader Environment load took 313.61ns 
154911     INFO  main            d.u.i.k.p.i.AbstractProblemLoader Creating init config 
157402     DEBUG main            d.u.i.k.p.i.AbstractProblemLoader Init config took 2.49s 
157442     INFO  main            d.u.i.k.p.i.AbstractProblemLoader Replaying proof Modular[Modular::m()].JML operation contract.0 
157444     DEBUG main            d.u.i.k.p.i.IntermediateProofReplayer Proof replay took 7.1ns 
157548     INFO  main            d.u.i.k.p.r.p.TestFile    ... finished proof: closed. 
157840     INFO  main            d.u.i.k.p.i.AbstractProblemLoader Loading environment from /home/runner/work/key/key/key.core/../key.ui/examples/heap/strictlyModular/mayExpand.key.proof 
157841     DEBUG main            d.u.i.k.p.i.AbstractProblemLoader Environment load took 120.1ns 
157842     INFO  main            d.u.i.k.p.i.AbstractProblemLoader Creating init config 
160253     DEBUG main            d.u.i.k.p.i.AbstractProblemLoader Init config took 2.41s 
160288     INFO  main            d.u.i.k.p.i.AbstractProblemLoader Replaying proof Modular[Modular::m()].JML operation contract.0 
160305     DEBUG main            d.u.i.k.p.i.IntermediateProofReplayer Proof replay took 14.75ms 
160306     DEBUG main            d.u.i.k.p.r.p.TestFile    ... success: reloaded. 
160307     INFO  main            d.u.i.k.p.r.p.TestFile    Now processing file /home/runner/work/key/key/key.core/../key.ui/examples/heap/strictlyModular/modularOnly.key 
160307     INFO  main            d.u.i.k.p.i.AbstractProblemLoader Loading environment from /home/runner/work/key/key/key.core/../key.ui/examples/heap/strictlyModular/modularOnly.key 
160307     DEBUG main            d.u.i.k.p.i.AbstractProblemLoader Environment load took 93.4ns 
160308     INFO  main            d.u.i.k.p.i.AbstractProblemLoader Creating init config 
162777     DEBUG main            d.u.i.k.p.i.AbstractProblemLoader Init config took 2.47s 
162813     INFO  main            d.u.i.k.p.i.AbstractProblemLoader Replaying proof Modular[Modular::m()].JML operation contract.0 
162814     DEBUG main            d.u.i.k.p.i.IntermediateProofReplayer Proof replay took 7.7ns 
162917     INFO  main            d.u.i.k.p.r.p.TestFile    ... finished proof: open goal(s) 
1944209    INFO  Test worker     d.u.i.k.p.r.RunAllProofsTestUnit Returning from test simpleTests 
1944210    INFO  Test worker     d.u.i.k.p.r.RunAllProofsTestUnit Running test SmansEtAl 
325        INFO  Timeout watchdog d.u.i.k.p.r.p.ForkedTestFileRunner Timeout watcher launched (2000 secs.) 
337        WARN  main            d.u.i.k.s.ProofSettings   The settings in /home/runner/.key/proof-settings.props are *not* read. 
370        INFO  main            d.u.i.k.p.r.p.TestFile    Now processing file /home/runner/work/key/key/key.core/../key.ui/examples/heap/SmansEtAl/ArrayList_add.key 
477        INFO  main            d.u.i.k.p.i.AbstractProblemLoader Loading environment from /home/runner/work/key/key/key.core/../key.ui/examples/heap/SmansEtAl/ArrayList_add.key 
498        DEBUG main            d.u.i.k.p.i.AbstractProblemLoader Environment load took 2.21ms 
718        INFO  main            d.u.i.k.p.i.AbstractProblemLoader Creating init config 
1771       DEBUG main            d.u.i.k.j.TypeConverter   No LDT found for Meta 
1799       DEBUG main            d.u.i.k.j.TypeConverter   No LDT found for Meta 
1801       DEBUG main            d.u.i.k.j.TypeConverter   No LDT found for Meta 
1802       DEBUG main            d.u.i.k.j.TypeConverter   No LDT found for Meta 
3223       DEBUG main            d.u.i.k.j.TypeConverter   No LDT found for JavaBigintExpression 
8708       DEBUG main            d.u.i.k.p.i.AbstractProblemLoader Init config took 7.99s 
8834       INFO  main            d.u.i.k.p.i.AbstractProblemLoader Replaying proof ArrayList[ArrayList::add(java.lang.Object)].JML normal_behavior operation contract.0 
8866       DEBUG main            d.u.i.k.p.i.IntermediateProofReplayer Proof replay took 33.7ns 
16636      INFO  main            d.u.i.k.p.r.p.TestFile    ... finished proof: closed. 
16836      INFO  main            d.u.i.k.p.i.AbstractProblemLoader Loading environment from /home/runner/work/key/key/key.core/../key.ui/examples/heap/SmansEtAl/ArrayList_add.key.proof 
16842      DEBUG main            d.u.i.k.p.i.AbstractProblemLoader Environment load took 6.42ms 
16846      INFO  main            d.u.i.k.p.i.AbstractProblemLoader Creating init config 
19888      DEBUG main            d.u.i.k.p.i.AbstractProblemLoader Init config took 3.04s 
19967      INFO  main            d.u.i.k.p.i.AbstractProblemLoader Replaying proof ArrayList[ArrayList::add(java.lang.Object)].JML normal_behavior operation contract.0 
21121      DEBUG main            d.u.i.k.p.i.IntermediateProofReplayer Proof replay took 1.12s 
21132      DEBUG main            d.u.i.k.p.r.p.TestFile    ... success: reloaded. 
21134      INFO  main            d.u.i.k.p.r.p.TestFile    Now processing file /home/runner/work/key/key/key.core/../key.ui/examples/heap/SmansEtAl/ArrayList_ArrayList.key 
21134      INFO  main            d.u.i.k.p.i.AbstractProblemLoader Loading environment from /home/runner/work/key/key/key.core/../key.ui/examples/heap/SmansEtAl/ArrayList_ArrayList.key 
21135      DEBUG main            d.u.i.k.p.i.AbstractProblemLoader Environment load took 265.8ns 
21136      INFO  main            d.u.i.k.p.i.AbstractProblemLoader Creating init config 
24160      DEBUG main            d.u.i.k.p.i.AbstractProblemLoader Init config took 3.02s 
24217      INFO  main            d.u.i.k.p.i.AbstractProblemLoader Replaying proof ArrayList[ArrayList::ArrayList()].JML normal_behavior operation contract.0 
24219      DEBUG main            d.u.i.k.p.i.IntermediateProofReplayer Proof replay took 5.6ns 
25130      INFO  main            d.u.i.k.p.r.p.TestFile    ... finished proof: closed. 
25314      INFO  main            d.u.i.k.p.i.AbstractProblemLoader Loading environment from /home/runner/work/key/key/key.core/../key.ui/examples/heap/SmansEtAl/ArrayList_ArrayList.key.proof 
25315      DEBUG main            d.u.i.k.p.i.AbstractProblemLoader Environment load took 567.41ns 
25317      INFO  main            d.u.i.k.p.i.AbstractProblemLoader Creating init config 
28257      DEBUG main            d.u.i.k.p.i.AbstractProblemLoader Init config took 2.94s 
28315      INFO  main            d.u.i.k.p.i.AbstractProblemLoader Replaying proof ArrayList[ArrayList::ArrayList()].JML normal_behavior operation contract.0 
28478      DEBUG main            d.u.i.k.p.i.IntermediateProofReplayer Proof replay took 154.05ms 
28480      DEBUG main            d.u.i.k.p.r.p.TestFile    ... success: reloaded. 
28482      INFO  main            d.u.i.k.p.r.p.TestFile    Now processing file /home/runner/work/key/key/key.core/../key.ui/examples/heap/SmansEtAl/ArrayList_footprint.key 
28482      INFO  main            d.u.i.k.p.i.AbstractProblemLoader Loading environment from /home/runner/work/key/key/key.core/../key.ui/examples/heap/SmansEtAl/ArrayList_footprint.key 
28483      DEBUG main            d.u.i.k.p.i.AbstractProblemLoader Environment load took 249.1ns 
28484      INFO  main            d.u.i.k.p.i.AbstractProblemLoader Creating init config 
31336      DEBUG main            d.u.i.k.p.i.AbstractProblemLoader Init config took 2.85s 
31388      INFO  main            d.u.i.k.p.i.AbstractProblemLoader Replaying proof ArrayList[ArrayList::$footprint()].JML accessible clause.0 
31390      DEBUG main            d.u.i.k.p.i.IntermediateProofReplayer Proof replay took 7.1ns 
31493      INFO  main            d.u.i.k.p.r.p.TestFile    ... finished proof: closed. 
31667      INFO  main            d.u.i.k.p.i.AbstractProblemLoader Loading environment from /home/runner/work/key/key/key.core/../key.ui/examples/heap/SmansEtAl/ArrayList_footprint.key.proof 
31667      DEBUG main            d.u.i.k.p.i.AbstractProblemLoader Environment load took 147.6ns 
31668      INFO  main            d.u.i.k.p.i.AbstractProblemLoader Creating init config 
34511      DEBUG main            d.u.i.k.p.i.AbstractProblemLoader Init config took 2.84s 
34574      INFO  main            d.u.i.k.p.i.AbstractProblemLoader Replaying proof ArrayList[ArrayList::$footprint()].JML accessible clause.0 
34593      DEBUG main            d.u.i.k.p.i.IntermediateProofReplayer Proof replay took 13.82ms 
34594      DEBUG main            d.u.i.k.p.r.p.TestFile    ... success: reloaded. 
34596      INFO  main            d.u.i.k.p.r.p.TestFile    Now processing file /home/runner/work/key/key/key.core/../key.ui/examples/heap/SmansEtAl/ArrayList_get_dep.key 
34596      INFO  main            d.u.i.k.p.i.AbstractProblemLoader Loading environment from /home/runner/work/key/key/key.core/../key.ui/examples/heap/SmansEtAl/ArrayList_get_dep.key 
34597      DEBUG main            d.u.i.k.p.i.AbstractProblemLoader Environment load took 333.11ns 
34598      INFO  main            d.u.i.k.p.i.AbstractProblemLoader Creating init config 
37442      DEBUG main            d.u.i.k.p.i.AbstractProblemLoader Init config took 2.84s 
37488      INFO  main            d.u.i.k.p.i.AbstractProblemLoader Replaying proof ArrayList[ArrayList::get(int)].JML accessible clause.0 
37490      DEBUG main            d.u.i.k.p.i.IntermediateProofReplayer Proof replay took 7.5ns 
37792      INFO  main            d.u.i.k.p.r.p.TestFile    ... finished proof: closed. 
37957      INFO  main            d.u.i.k.p.i.AbstractProblemLoader Loading environment from /home/runner/work/key/key/key.core/../key.ui/examples/heap/SmansEtAl/ArrayList_get_dep.key.proof 
37958      DEBUG main            d.u.i.k.p.i.AbstractProblemLoader Environment load took 152.6ns 
37959      INFO  main            d.u.i.k.p.i.AbstractProblemLoader Creating init config 
40813      DEBUG main            d.u.i.k.p.i.AbstractProblemLoader Init config took 2.85s 
40877      INFO  main            d.u.i.k.p.i.AbstractProblemLoader Replaying proof ArrayList[ArrayList::get(int)].JML accessible clause.0 
40939      DEBUG main            d.u.i.k.p.i.IntermediateProofReplayer Proof replay took 57.43ms 
40940      DEBUG main            d.u.i.k.p.r.p.TestFile    ... success: reloaded. 
40942      INFO  main            d.u.i.k.p.r.p.TestFile    Now processing file /home/runner/work/key/key/key.core/../key.ui/examples/heap/SmansEtAl/ArrayList_get.key 
40942      INFO  main            d.u.i.k.p.i.AbstractProblemLoader Loading environment from /home/runner/work/key/key/key.core/../key.ui/examples/heap/SmansEtAl/ArrayList_get.key 
40942      DEBUG main            d.u.i.k.p.i.AbstractProblemLoader Environment load took 223.7ns 
40943      INFO  main            d.u.i.k.p.i.AbstractProblemLoader Creating init config 
43826      DEBUG main            d.u.i.k.p.i.AbstractProblemLoader Init config took 2.88s 
43871      INFO  main            d.u.i.k.p.i.AbstractProblemLoader Replaying proof ArrayList[ArrayList::get(int)].JML normal_behavior operation contract.0 
43873      DEBUG main            d.u.i.k.p.i.IntermediateProofReplayer Proof replay took 6.1ns 
44076      INFO  main            d.u.i.k.p.r.p.TestFile    ... finished proof: closed. 
44263      INFO  main            d.u.i.k.p.i.AbstractProblemLoader Loading environment from /home/runner/work/key/key/key.core/../key.ui/examples/heap/SmansEtAl/ArrayList_get.key.proof 
44264      DEBUG main            d.u.i.k.p.i.AbstractProblemLoader Environment load took 145.3ns 
44265      INFO  main            d.u.i.k.p.i.AbstractProblemLoader Creating init config 
47041      DEBUG main            d.u.i.k.p.i.AbstractProblemLoader Init config took 2.78s 
47094      INFO  main            d.u.i.k.p.i.AbstractProblemLoader Replaying proof ArrayList[ArrayList::get(int)].JML normal_behavior operation contract.0 
47128      DEBUG main            d.u.i.k.p.i.IntermediateProofReplayer Proof replay took 30.55ms 
47129      DEBUG main            d.u.i.k.p.r.p.TestFile    ... success: reloaded. 
47130      INFO  main            d.u.i.k.p.r.p.TestFile    Now processing file /home/runner/work/key/key/key.core/../key.ui/examples/heap/SmansEtAl/ArrayList_inv.key 
47130      INFO  main            d.u.i.k.p.i.AbstractProblemLoader Loading environment from /home/runner/work/key/key/key.core/../key.ui/examples/heap/SmansEtAl/ArrayList_inv.key 
47131      DEBUG main            d.u.i.k.p.i.AbstractProblemLoader Environment load took 318.7ns 
47132      INFO  main            d.u.i.k.p.i.AbstractProblemLoader Creating init config 
49973      DEBUG main            d.u.i.k.p.i.AbstractProblemLoader Init config took 2.84s 
50015      INFO  main            d.u.i.k.p.i.AbstractProblemLoader Replaying proof ArrayList[java.lang.Object::<inv>()].JML accessible clause.0 
50017      DEBUG main            d.u.i.k.p.i.IntermediateProofReplayer Proof replay took 6.2ns 
50120      INFO  main            d.u.i.k.p.r.p.TestFile    ... finished proof: closed. 
50324      INFO  main            d.u.i.k.p.i.AbstractProblemLoader Loading environment from /home/runner/work/key/key/key.core/../key.ui/examples/heap/SmansEtAl/ArrayList_inv.key.proof 
50324      DEBUG main            d.u.i.k.p.i.AbstractProblemLoader Environment load took 172.9ns 
50325      INFO  main            d.u.i.k.p.i.AbstractProblemLoader Creating init config 
53074      DEBUG main            d.u.i.k.p.i.AbstractProblemLoader Init config took 2.75s 
53116      INFO  main            d.u.i.k.p.i.AbstractProblemLoader Replaying proof ArrayList[java.lang.Object::<inv>()].JML accessible clause.0 
53128      DEBUG main            d.u.i.k.p.i.IntermediateProofReplayer Proof replay took 10.14ms 
53129      DEBUG main            d.u.i.k.p.r.p.TestFile    ... success: reloaded. 
53131      INFO  main            d.u.i.k.p.r.p.TestFile    Now processing file /home/runner/work/key/key/key.core/../key.ui/examples/heap/SmansEtAl/ArrayList_size_dep.key 
53131      INFO  main            d.u.i.k.p.i.AbstractProblemLoader Loading environment from /home/runner/work/key/key/key.core/../key.ui/examples/heap/SmansEtAl/ArrayList_size_dep.key 
53131      DEBUG main            d.u.i.k.p.i.AbstractProblemLoader Environment load took 122.7ns 
53132      INFO  main            d.u.i.k.p.i.AbstractProblemLoader Creating init config 
55890      DEBUG main            d.u.i.k.p.i.AbstractProblemLoader Init config took 2.76s 
55932      INFO  main            d.u.i.k.p.i.AbstractProblemLoader Replaying proof ArrayList[ArrayList::size()].JML accessible clause.0 
55934      DEBUG main            d.u.i.k.p.i.IntermediateProofReplayer Proof replay took 6ns 
56036      INFO  main            d.u.i.k.p.r.p.TestFile    ... finished proof: closed. 
56262      INFO  main            d.u.i.k.p.i.AbstractProblemLoader Loading environment from /home/runner/work/key/key/key.core/../key.ui/examples/heap/SmansEtAl/ArrayList_size_dep.key.proof 
56262      DEBUG main            d.u.i.k.p.i.AbstractProblemLoader Environment load took 150.6ns 
56263      INFO  main            d.u.i.k.p.i.AbstractProblemLoader Creating init config 
58956      DEBUG main            d.u.i.k.p.i.AbstractProblemLoader Init config took 2.69s 
59015      INFO  main            d.u.i.k.p.i.AbstractProblemLoader Replaying proof ArrayList[ArrayList::size()].JML accessible clause.0 
59036      DEBUG main            d.u.i.k.p.i.IntermediateProofReplayer Proof replay took 16.42ms 
59037      DEBUG main            d.u.i.k.p.r.p.TestFile    ... success: reloaded. 
59038      INFO  main            d.u.i.k.p.r.p.TestFile    Now processing file /home/runner/work/key/key/key.core/../key.ui/examples/heap/SmansEtAl/ArrayList_size.key 
59039      INFO  main            d.u.i.k.p.i.AbstractProblemLoader Loading environment from /home/runner/work/key/key/key.core/../key.ui/examples/heap/SmansEtAl/ArrayList_size.key 
59039      DEBUG main            d.u.i.k.p.i.AbstractProblemLoader Environment load took 116ns 
59040      INFO  main            d.u.i.k.p.i.AbstractProblemLoader Creating init config 
61800      DEBUG main            d.u.i.k.p.i.AbstractProblemLoader Init config took 2.76s 
61841      INFO  main            d.u.i.k.p.i.AbstractProblemLoader Replaying proof ArrayList[ArrayList::size()].JML normal_behavior operation contract.0 
61843      DEBUG main            d.u.i.k.p.i.IntermediateProofReplayer Proof replay took 6.5ns 
61947      INFO  main            d.u.i.k.p.r.p.TestFile    ... finished proof: closed. 
62159      INFO  main            d.u.i.k.p.i.AbstractProblemLoader Loading environment from /home/runner/work/key/key/key.core/../key.ui/examples/heap/SmansEtAl/ArrayList_size.key.proof 
62159      DEBUG main            d.u.i.k.p.i.AbstractProblemLoader Environment load took 140ns 
62161      INFO  main            d.u.i.k.p.i.AbstractProblemLoader Creating init config 
64859      DEBUG main            d.u.i.k.p.i.AbstractProblemLoader Init config took 2.7s 
64900      INFO  main            d.u.i.k.p.i.AbstractProblemLoader Replaying proof ArrayList[ArrayList::size()].JML normal_behavior operation contract.0 
64917      DEBUG main            d.u.i.k.p.i.IntermediateProofReplayer Proof replay took 14.36ms 
64918      DEBUG main            d.u.i.k.p.r.p.TestFile    ... success: reloaded. 
64920      INFO  main            d.u.i.k.p.r.p.TestFile    Now processing file /home/runner/work/key/key/key.core/../key.ui/examples/heap/SmansEtAl/Cell_Cell.key 
64920      INFO  main            d.u.i.k.p.i.AbstractProblemLoader Loading environment from /home/runner/work/key/key/key.core/../key.ui/examples/heap/SmansEtAl/Cell_Cell.key 
64921      DEBUG main            d.u.i.k.p.i.AbstractProblemLoader Environment load took 227.1ns 
64922      INFO  main            d.u.i.k.p.i.AbstractProblemLoader Creating init config 
67689      DEBUG main            d.u.i.k.p.i.AbstractProblemLoader Init config took 2.77s 
67727      INFO  main            d.u.i.k.p.i.AbstractProblemLoader Replaying proof Cell[Cell::Cell()].JML normal_behavior operation contract.0 
67729      DEBUG main            d.u.i.k.p.i.IntermediateProofReplayer Proof replay took 8.3ns 
67931      INFO  main            d.u.i.k.p.r.p.TestFile    ... finished proof: closed. 
68146      INFO  main            d.u.i.k.p.i.AbstractProblemLoader Loading environment from /home/runner/work/key/key/key.core/../key.ui/examples/heap/SmansEtAl/Cell_Cell.key.proof 
68146      DEBUG main            d.u.i.k.p.i.AbstractProblemLoader Environment load took 146.8ns 
68147      INFO  main            d.u.i.k.p.i.AbstractProblemLoader Creating init config 
70842      DEBUG main            d.u.i.k.p.i.AbstractProblemLoader Init config took 2.69s 
70880      INFO  main            d.u.i.k.p.i.AbstractProblemLoader Replaying proof Cell[Cell::Cell()].JML normal_behavior operation contract.0 
70921      DEBUG main            d.u.i.k.p.i.IntermediateProofReplayer Proof replay took 38.75ms 
70923      DEBUG main            d.u.i.k.p.r.p.TestFile    ... success: reloaded. 
70924      INFO  main            d.u.i.k.p.r.p.TestFile    Now processing file /home/runner/work/key/key/key.core/../key.ui/examples/heap/SmansEtAl/Cell_footprint.key 
70924      INFO  main            d.u.i.k.p.i.AbstractProblemLoader Loading environment from /home/runner/work/key/key/key.core/../key.ui/examples/heap/SmansEtAl/Cell_footprint.key 
70924      DEBUG main            d.u.i.k.p.i.AbstractProblemLoader Environment load took 96.1ns 
70925      INFO  main            d.u.i.k.p.i.AbstractProblemLoader Creating init config 
73646      DEBUG main            d.u.i.k.p.i.AbstractProblemLoader Init config took 2.72s 
73703      INFO  main            d.u.i.k.p.i.AbstractProblemLoader Replaying proof Cell[Cell::$footprint()].JML accessible clause.0 
73705      DEBUG main            d.u.i.k.p.i.IntermediateProofReplayer Proof replay took 7.4ns 
73807      INFO  main            d.u.i.k.p.r.p.TestFile    ... finished proof: closed. 
74009      INFO  main            d.u.i.k.p.i.AbstractProblemLoader Loading environment from /home/runner/work/key/key/key.core/../key.ui/examples/heap/SmansEtAl/Cell_footprint.key.proof 
74009      DEBUG main            d.u.i.k.p.i.AbstractProblemLoader Environment load took 133.6ns 
74010      INFO  main            d.u.i.k.p.i.AbstractProblemLoader Creating init config 
76710      DEBUG main            d.u.i.k.p.i.AbstractProblemLoader Init config took 2.7s 
76746      INFO  main            d.u.i.k.p.i.AbstractProblemLoader Replaying proof Cell[Cell::$footprint()].JML accessible clause.0 
76752      DEBUG main            d.u.i.k.p.i.IntermediateProofReplayer Proof replay took 3.77ms 
76753      DEBUG main            d.u.i.k.p.r.p.TestFile    ... success: reloaded. 
76754      INFO  main            d.u.i.k.p.r.p.TestFile    Now processing file /home/runner/work/key/key/key.core/../key.ui/examples/heap/SmansEtAl/Cell_getX_dep.key 
76754      INFO  main            d.u.i.k.p.i.AbstractProblemLoader Loading environment from /home/runner/work/key/key/key.core/../key.ui/examples/heap/SmansEtAl/Cell_getX_dep.key 
76754      DEBUG main            d.u.i.k.p.i.AbstractProblemLoader Environment load took 126.9ns 
76755      INFO  main            d.u.i.k.p.i.AbstractProblemLoader Creating init config 
79525      DEBUG main            d.u.i.k.p.i.AbstractProblemLoader Init config took 2.77s 
79575      INFO  main            d.u.i.k.p.i.AbstractProblemLoader Replaying proof Cell[Cell::getX()].JML accessible clause.0 
79577      DEBUG main            d.u.i.k.p.i.IntermediateProofReplayer Proof replay took 9.7ns 
79679      INFO  main            d.u.i.k.p.r.p.TestFile    ... finished proof: closed. 
79912      INFO  main            d.u.i.k.p.i.AbstractProblemLoader Loading environment from /home/runner/work/key/key/key.core/../key.ui/examples/heap/SmansEtAl/Cell_getX_dep.key.proof 
79913      DEBUG main            d.u.i.k.p.i.AbstractProblemLoader Environment load took 136.1ns 
79914      INFO  main            d.u.i.k.p.i.AbstractProblemLoader Creating init config 
82600      DEBUG main            d.u.i.k.p.i.AbstractProblemLoader Init config took 2.69s 
82642      INFO  main            d.u.i.k.p.i.AbstractProblemLoader Replaying proof Cell[Cell::getX()].JML accessible clause.0 
82657      DEBUG main            d.u.i.k.p.i.IntermediateProofReplayer Proof replay took 13.67ms 
82658      DEBUG main            d.u.i.k.p.r.p.TestFile    ... success: reloaded. 
82660      INFO  main            d.u.i.k.p.r.p.TestFile    Now processing file /home/runner/work/key/key/key.core/../key.ui/examples/heap/SmansEtAl/Cell_getX.key 
82660      INFO  main            d.u.i.k.p.i.AbstractProblemLoader Loading environment from /home/runner/work/key/key/key.core/../key.ui/examples/heap/SmansEtAl/Cell_getX.key 
82660      DEBUG main            d.u.i.k.p.i.AbstractProblemLoader Environment load took 111ns 
82661      INFO  main            d.u.i.k.p.i.AbstractProblemLoader Creating init config 
85385      DEBUG main            d.u.i.k.p.i.AbstractProblemLoader Init config took 2.72s 
85422      INFO  main            d.u.i.k.p.i.AbstractProblemLoader Replaying proof Cell[Cell::getX()].JML normal_behavior operation contract.0 
85424      DEBUG main            d.u.i.k.p.i.IntermediateProofReplayer Proof replay took 6.6ns 
85526      INFO  main            d.u.i.k.p.r.p.TestFile    ... finished proof: closed. 
85745      INFO  main            d.u.i.k.p.i.AbstractProblemLoader Loading environment from /home/runner/work/key/key/key.core/../key.ui/examples/heap/SmansEtAl/Cell_getX.key.proof 
85745      DEBUG main            d.u.i.k.p.i.AbstractProblemLoader Environment load took 142ns 
85746      INFO  main            d.u.i.k.p.i.AbstractProblemLoader Creating init config 
88398      DEBUG main            d.u.i.k.p.i.AbstractProblemLoader Init config took 2.65s 
88434      INFO  main            d.u.i.k.p.i.AbstractProblemLoader Replaying proof Cell[Cell::getX()].JML normal_behavior operation contract.0 
88449      DEBUG main            d.u.i.k.p.i.IntermediateProofReplayer Proof replay took 12.03ms 
88450      DEBUG main            d.u.i.k.p.r.p.TestFile    ... success: reloaded. 
88451      INFO  main            d.u.i.k.p.r.p.TestFile    Now processing file /home/runner/work/key/key/key.core/../key.ui/examples/heap/SmansEtAl/Cell_inv.key 
88452      INFO  main            d.u.i.k.p.i.AbstractProblemLoader Loading environment from /home/runner/work/key/key/key.core/../key.ui/examples/heap/SmansEtAl/Cell_inv.key 
88452      DEBUG main            d.u.i.k.p.i.AbstractProblemLoader Environment load took 219.6ns 
88453      INFO  main            d.u.i.k.p.i.AbstractProblemLoader Creating init config 
91207      DEBUG main            d.u.i.k.p.i.AbstractProblemLoader Init config took 2.75s 
91246      INFO  main            d.u.i.k.p.i.AbstractProblemLoader Replaying proof Cell[java.lang.Object::<inv>()].JML accessible clause.0 
91248      DEBUG main            d.u.i.k.p.i.IntermediateProofReplayer Proof replay took 7.8ns 
91350      INFO  main            d.u.i.k.p.r.p.TestFile    ... finished proof: closed. 
91573      INFO  main            d.u.i.k.p.i.AbstractProblemLoader Loading environment from /home/runner/work/key/key/key.core/../key.ui/examples/heap/SmansEtAl/Cell_inv.key.proof 
91573      DEBUG main            d.u.i.k.p.i.AbstractProblemLoader Environment load took 133.7ns 
91574      INFO  main            d.u.i.k.p.i.AbstractProblemLoader Creating init config 
94265      DEBUG main            d.u.i.k.p.i.AbstractProblemLoader Init config took 2.69s 
94301      INFO  main            d.u.i.k.p.i.AbstractProblemLoader Replaying proof Cell[java.lang.Object::<inv>()].JML accessible clause.0 
94304      DEBUG main            d.u.i.k.p.i.IntermediateProofReplayer Proof replay took 1.8ms 
94305      DEBUG main            d.u.i.k.p.r.p.TestFile    ... success: reloaded. 
94306      INFO  main            d.u.i.k.p.r.p.TestFile    Now processing file /home/runner/work/key/key/key.core/../key.ui/examples/heap/SmansEtAl/Cell_setX.key 
94306      INFO  main            d.u.i.k.p.i.AbstractProblemLoader Loading environment from /home/runner/work/key/key/key.core/../key.ui/examples/heap/SmansEtAl/Cell_setX.key 
94307      DEBUG main            d.u.i.k.p.i.AbstractProblemLoader Environment load took 123.1ns 
94307      INFO  main            d.u.i.k.p.i.AbstractProblemLoader Creating init config 
97054      DEBUG main            d.u.i.k.p.i.AbstractProblemLoader Init config took 2.75s 
97097      INFO  main            d.u.i.k.p.i.AbstractProblemLoader Replaying proof Cell[Cell::setX(int)].JML normal_behavior operation contract.0 
97098      DEBUG main            d.u.i.k.p.i.IntermediateProofReplayer Proof replay took 7.1ns 
97201      INFO  main            d.u.i.k.p.r.p.TestFile    ... finished proof: closed. 
97437      INFO  main            d.u.i.k.p.i.AbstractProblemLoader Loading environment from /home/runner/work/key/key/key.core/../key.ui/examples/heap/SmansEtAl/Cell_setX.key.proof 
97437      DEBUG main            d.u.i.k.p.i.AbstractProblemLoader Environment load took 136.2ns 
97438      INFO  main            d.u.i.k.p.i.AbstractProblemLoader Creating init config 
100115     DEBUG main            d.u.i.k.p.i.AbstractProblemLoader Init config took 2.68s 
100151     INFO  main            d.u.i.k.p.i.AbstractProblemLoader Replaying proof Cell[Cell::setX(int)].JML normal_behavior operation contract.0 
100191     DEBUG main            d.u.i.k.p.i.IntermediateProofReplayer Proof replay took 37.95ms 
100192     DEBUG main            d.u.i.k.p.r.p.TestFile    ... success: reloaded. 
100193     INFO  main            d.u.i.k.p.r.p.TestFile    Now processing file /home/runner/work/key/key/key.core/../key.ui/examples/heap/SmansEtAl/CellClient_m.key 
100193     INFO  main            d.u.i.k.p.i.AbstractProblemLoader Loading environment from /home/runner/work/key/key/key.core/../key.ui/examples/heap/SmansEtAl/CellClient_m.key 
100193     DEBUG main            d.u.i.k.p.i.AbstractProblemLoader Environment load took 112.8ns 
100194     INFO  main            d.u.i.k.p.i.AbstractProblemLoader Creating init config 
102948     DEBUG main            d.u.i.k.p.i.AbstractProblemLoader Init config took 2.75s 
102990     INFO  main            d.u.i.k.p.i.AbstractProblemLoader Replaying proof CellClient[CellClient::m()].JML operation contract.0 
102993     DEBUG main            d.u.i.k.p.i.IntermediateProofReplayer Proof replay took 9ns 
103598     INFO  main            d.u.i.k.p.r.p.TestFile    ... finished proof: closed. 
103854     INFO  main            d.u.i.k.p.i.AbstractProblemLoader Loading environment from /home/runner/work/key/key/key.core/../key.ui/examples/heap/SmansEtAl/CellClient_m.key.proof 
103854     DEBUG main            d.u.i.k.p.i.AbstractProblemLoader Environment load took 488.71ns 
103856     INFO  main            d.u.i.k.p.i.AbstractProblemLoader Creating init config 
106530     DEBUG main            d.u.i.k.p.i.AbstractProblemLoader Init config took 2.67s 
106566     INFO  main            d.u.i.k.p.i.AbstractProblemLoader Replaying proof CellClient[CellClient::m()].JML operation contract.0 
106667     DEBUG main            d.u.i.k.p.i.IntermediateProofReplayer Proof replay took 96.83ms 
106668     DEBUG main            d.u.i.k.p.r.p.TestFile    ... success: reloaded. 
106669     INFO  main            d.u.i.k.p.r.p.TestFile    Now processing file /home/runner/work/key/key/key.core/../key.ui/examples/heap/SmansEtAl/Iterator_footprint.key 
106669     INFO  main            d.u.i.k.p.i.AbstractProblemLoader Loading environment from /home/runner/work/key/key/key.core/../key.ui/examples/heap/SmansEtAl/Iterator_footprint.key 
106670     DEBUG main            d.u.i.k.p.i.AbstractProblemLoader Environment load took 178ns 
106671     INFO  main            d.u.i.k.p.i.AbstractProblemLoader Creating init config 
109374     DEBUG main            d.u.i.k.p.i.AbstractProblemLoader Init config took 2.7s 
109417     INFO  main            d.u.i.k.p.i.AbstractProblemLoader Replaying proof Iterator[Iterator::$footprint()].JML accessible clause.0 
109419     DEBUG main            d.u.i.k.p.i.IntermediateProofReplayer Proof replay took 7.6ns 
109521     INFO  main            d.u.i.k.p.r.p.TestFile    ... finished proof: closed. 
109767     INFO  main            d.u.i.k.p.i.AbstractProblemLoader Loading environment from /home/runner/work/key/key/key.core/../key.ui/examples/heap/SmansEtAl/Iterator_footprint.key.proof 
109767     DEBUG main            d.u.i.k.p.i.AbstractProblemLoader Environment load took 142.1ns 
109769     INFO  main            d.u.i.k.p.i.AbstractProblemLoader Creating init config 
112422     DEBUG main            d.u.i.k.p.i.AbstractProblemLoader Init config took 2.65s 
112459     INFO  main            d.u.i.k.p.i.AbstractProblemLoader Replaying proof Iterator[Iterator::$footprint()].JML accessible clause.0 
112468     DEBUG main            d.u.i.k.p.i.IntermediateProofReplayer Proof replay took 7.01ms 
112469     DEBUG main            d.u.i.k.p.r.p.TestFile    ... success: reloaded. 
112470     INFO  main            d.u.i.k.p.r.p.TestFile    Now processing file /home/runner/work/key/key/key.core/../key.ui/examples/heap/SmansEtAl/Iterator_hasNext_dep.key 
112471     INFO  main            d.u.i.k.p.i.AbstractProblemLoader Loading environment from /home/runner/work/key/key/key.core/../key.ui/examples/heap/SmansEtAl/Iterator_hasNext_dep.key 
112471     DEBUG main            d.u.i.k.p.i.AbstractProblemLoader Environment load took 105.2ns 
112472     INFO  main            d.u.i.k.p.i.AbstractProblemLoader Creating init config 
115188     DEBUG main            d.u.i.k.p.i.AbstractProblemLoader Init config took 2.72s 
115225     INFO  main            d.u.i.k.p.i.AbstractProblemLoader Replaying proof Iterator[Iterator::hasNext()].JML accessible clause.0 
115227     DEBUG main            d.u.i.k.p.i.IntermediateProofReplayer Proof replay took 7.7ns 
115931     INFO  main            d.u.i.k.p.r.p.TestFile    ... finished proof: closed. 
116177     INFO  main            d.u.i.k.p.i.AbstractProblemLoader Loading environment from /home/runner/work/key/key/key.core/../key.ui/examples/heap/SmansEtAl/Iterator_hasNext_dep.key.proof 
116177     DEBUG main            d.u.i.k.p.i.AbstractProblemLoader Environment load took 589.01ns 
116179     INFO  main            d.u.i.k.p.i.AbstractProblemLoader Creating init config 
118836     DEBUG main            d.u.i.k.p.i.AbstractProblemLoader Init config took 2.66s 
118883     INFO  main            d.u.i.k.p.i.AbstractProblemLoader Replaying proof Iterator[Iterator::hasNext()].JML accessible clause.0 
119003     DEBUG main            d.u.i.k.p.i.IntermediateProofReplayer Proof replay took 111.65ms 
119006     DEBUG main            d.u.i.k.p.r.p.TestFile    ... success: reloaded. 
119009     INFO  main            d.u.i.k.p.r.p.TestFile    Now processing file /home/runner/work/key/key/key.core/../key.ui/examples/heap/SmansEtAl/Iterator_hasNext.key 
119009     INFO  main            d.u.i.k.p.i.AbstractProblemLoader Loading environment from /home/runner/work/key/key/key.core/../key.ui/examples/heap/SmansEtAl/Iterator_hasNext.key 
119010     DEBUG main            d.u.i.k.p.i.AbstractProblemLoader Environment load took 231.6ns 
119011     INFO  main            d.u.i.k.p.i.AbstractProblemLoader Creating init config 
121777     DEBUG main            d.u.i.k.p.i.AbstractProblemLoader Init config took 2.77s 
121816     INFO  main            d.u.i.k.p.i.AbstractProblemLoader Replaying proof Iterator[Iterator::hasNext()].JML normal_behavior operation contract.0 
121817     DEBUG main            d.u.i.k.p.i.IntermediateProofReplayer Proof replay took 8ns 
122422     INFO  main            d.u.i.k.p.r.p.TestFile    ... finished proof: closed. 
122672     INFO  main            d.u.i.k.p.i.AbstractProblemLoader Loading environment from /home/runner/work/key/key/key.core/../key.ui/examples/heap/SmansEtAl/Iterator_hasNext.key.proof 
122672     DEBUG main            d.u.i.k.p.i.AbstractProblemLoader Environment load took 618.21ns 
122674     INFO  main            d.u.i.k.p.i.AbstractProblemLoader Creating init config 
125303     DEBUG main            d.u.i.k.p.i.AbstractProblemLoader Init config took 2.63s 
125341     INFO  main            d.u.i.k.p.i.AbstractProblemLoader Replaying proof Iterator[Iterator::hasNext()].JML normal_behavior operation contract.0 
125425     DEBUG main            d.u.i.k.p.i.IntermediateProofReplayer Proof replay took 78.38ms 
125426     DEBUG main            d.u.i.k.p.r.p.TestFile    ... success: reloaded. 
125427     INFO  main            d.u.i.k.p.r.p.TestFile    Now processing file /home/runner/work/key/key/key.core/../key.ui/examples/heap/SmansEtAl/Iterator_inv.key 
125427     INFO  main            d.u.i.k.p.i.AbstractProblemLoader Loading environment from /home/runner/work/key/key/key.core/../key.ui/examples/heap/SmansEtAl/Iterator_inv.key 
125428     DEBUG main            d.u.i.k.p.i.AbstractProblemLoader Environment load took 231ns 
125429     INFO  main            d.u.i.k.p.i.AbstractProblemLoader Creating init config 
128146     DEBUG main            d.u.i.k.p.i.AbstractProblemLoader Init config took 2.72s 
128183     INFO  main            d.u.i.k.p.i.AbstractProblemLoader Replaying proof Iterator[java.lang.Object::<inv>()].JML accessible clause.0 
128184     DEBUG main            d.u.i.k.p.i.IntermediateProofReplayer Proof replay took 7.5ns 
128390     INFO  main            d.u.i.k.p.r.p.TestFile    ... finished proof: closed. 
128658     INFO  main            d.u.i.k.p.i.AbstractProblemLoader Loading environment from /home/runner/work/key/key/key.core/../key.ui/examples/heap/SmansEtAl/Iterator_inv.key.proof 
128658     DEBUG main            d.u.i.k.p.i.AbstractProblemLoader Environment load took 137.2ns 
128659     INFO  main            d.u.i.k.p.i.AbstractProblemLoader Creating init config 
131285     DEBUG main            d.u.i.k.p.i.AbstractProblemLoader Init config took 2.63s 
131322     INFO  main            d.u.i.k.p.i.AbstractProblemLoader Replaying proof Iterator[java.lang.Object::<inv>()].JML accessible clause.0 
131347     DEBUG main            d.u.i.k.p.i.IntermediateProofReplayer Proof replay took 22.7ms 
131348     DEBUG main            d.u.i.k.p.r.p.TestFile    ... success: reloaded. 
131349     INFO  main            d.u.i.k.p.r.p.TestFile    Now processing file /home/runner/work/key/key/key.core/../key.ui/examples/heap/SmansEtAl/Iterator_Iterator.key 
131350     INFO  main            d.u.i.k.p.i.AbstractProblemLoader Loading environment from /home/runner/work/key/key/key.core/../key.ui/examples/heap/SmansEtAl/Iterator_Iterator.key 
131350     DEBUG main            d.u.i.k.p.i.AbstractProblemLoader Environment load took 98.4ns 
131350     INFO  main            d.u.i.k.p.i.AbstractProblemLoader Creating init config 
134078     DEBUG main            d.u.i.k.p.i.AbstractProblemLoader Init config took 2.73s 
134119     INFO  main            d.u.i.k.p.i.AbstractProblemLoader Replaying proof Iterator[Iterator::Iterator(ArrayList)].JML normal_behavior operation contract.0 
134121     DEBUG main            d.u.i.k.p.i.IntermediateProofReplayer Proof replay took 6.9ns 
135528     INFO  main            d.u.i.k.p.r.p.TestFile    ... finished proof: closed. 
135812     INFO  main            d.u.i.k.p.i.AbstractProblemLoader Loading environment from /home/runner/work/key/key/key.core/../key.ui/examples/heap/SmansEtAl/Iterator_Iterator.key.proof 
135812     DEBUG main            d.u.i.k.p.i.AbstractProblemLoader Environment load took 128.5ns 
135814     INFO  main            d.u.i.k.p.i.AbstractProblemLoader Creating init config 
138429     DEBUG main            d.u.i.k.p.i.AbstractProblemLoader Init config took 2.62s 
138467     INFO  main            d.u.i.k.p.i.AbstractProblemLoader Replaying proof Iterator[Iterator::Iterator(ArrayList)].JML normal_behavior operation contract.0 
138648     DEBUG main            d.u.i.k.p.i.IntermediateProofReplayer Proof replay took 169.27ms 
138650     DEBUG main            d.u.i.k.p.r.p.TestFile    ... success: reloaded. 
138651     INFO  main            d.u.i.k.p.r.p.TestFile    Now processing file /home/runner/work/key/key/key.core/../key.ui/examples/heap/SmansEtAl/Iterator_list_dep.key 
138651     INFO  main            d.u.i.k.p.i.AbstractProblemLoader Loading environment from /home/runner/work/key/key/key.core/../key.ui/examples/heap/SmansEtAl/Iterator_list_dep.key 
138652     DEBUG main            d.u.i.k.p.i.AbstractProblemLoader Environment load took 224.2ns 
138653     INFO  main            d.u.i.k.p.i.AbstractProblemLoader Creating init config 
141364     DEBUG main            d.u.i.k.p.i.AbstractProblemLoader Init config took 2.71s 
141401     INFO  main            d.u.i.k.p.i.AbstractProblemLoader Replaying proof Iterator[Iterator::list()].JML accessible clause.0 
141402     DEBUG main            d.u.i.k.p.i.IntermediateProofReplayer Proof replay took 6.8ns 
141504     INFO  main            d.u.i.k.p.r.p.TestFile    ... finished proof: closed. 
141780     INFO  main            d.u.i.k.p.i.AbstractProblemLoader Loading environment from /home/runner/work/key/key/key.core/../key.ui/examples/heap/SmansEtAl/Iterator_list_dep.key.proof 
141781     DEBUG main            d.u.i.k.p.i.AbstractProblemLoader Environment load took 123.6ns 
141782     INFO  main            d.u.i.k.p.i.AbstractProblemLoader Creating init config 
144407     DEBUG main            d.u.i.k.p.i.AbstractProblemLoader Init config took 2.62s 
144443     INFO  main            d.u.i.k.p.i.AbstractProblemLoader Replaying proof Iterator[Iterator::list()].JML accessible clause.0 
144462     DEBUG main            d.u.i.k.p.i.IntermediateProofReplayer Proof replay took 17.28ms 
144463     DEBUG main            d.u.i.k.p.r.p.TestFile    ... success: reloaded. 
144464     INFO  main            d.u.i.k.p.r.p.TestFile    Now processing file /home/runner/work/key/key/key.core/../key.ui/examples/heap/SmansEtAl/Iterator_list.key 
144465     INFO  main            d.u.i.k.p.i.AbstractProblemLoader Loading environment from /home/runner/work/key/key/key.core/../key.ui/examples/heap/SmansEtAl/Iterator_list.key 
144465     DEBUG main            d.u.i.k.p.i.AbstractProblemLoader Environment load took 99.2ns 
144466     INFO  main            d.u.i.k.p.i.AbstractProblemLoader Creating init config 
147144     DEBUG main            d.u.i.k.p.i.AbstractProblemLoader Init config took 2.68s 
147181     INFO  main            d.u.i.k.p.i.AbstractProblemLoader Replaying proof Iterator[Iterator::list()].JML normal_behavior operation contract.0 
147183     DEBUG main            d.u.i.k.p.i.IntermediateProofReplayer Proof replay took 9.6ns 
147285     INFO  main            d.u.i.k.p.r.p.TestFile    ... finished proof: closed. 
147565     INFO  main            d.u.i.k.p.i.AbstractProblemLoader Loading environment from /home/runner/work/key/key/key.core/../key.ui/examples/heap/SmansEtAl/Iterator_list.key.proof 
147565     DEBUG main            d.u.i.k.p.i.AbstractProblemLoader Environment load took 141.9ns 
147566     INFO  main            d.u.i.k.p.i.AbstractProblemLoader Creating init config 
150194     DEBUG main            d.u.i.k.p.i.AbstractProblemLoader Init config took 2.63s 
150232     INFO  main            d.u.i.k.p.i.AbstractProblemLoader Replaying proof Iterator[Iterator::list()].JML normal_behavior operation contract.0 
150249     DEBUG main            d.u.i.k.p.i.IntermediateProofReplayer Proof replay took 14.68ms 
150250     DEBUG main            d.u.i.k.p.r.p.TestFile    ... success: reloaded. 
150251     INFO  main            d.u.i.k.p.r.p.TestFile    Now processing file /home/runner/work/key/key/key.core/../key.ui/examples/heap/SmansEtAl/Iterator_next.key 
150251     INFO  main            d.u.i.k.p.i.AbstractProblemLoader Loading environment from /home/runner/work/key/key/key.core/../key.ui/examples/heap/SmansEtAl/Iterator_next.key 
150251     DEBUG main            d.u.i.k.p.i.AbstractProblemLoader Environment load took 120.3ns 
150252     INFO  main            d.u.i.k.p.i.AbstractProblemLoader Creating init config 
152961     DEBUG main            d.u.i.k.p.i.AbstractProblemLoader Init config took 2.71s 
152998     INFO  main            d.u.i.k.p.i.AbstractProblemLoader Replaying proof Iterator[Iterator::next()].JML normal_behavior operation contract.0 
153000     DEBUG main            d.u.i.k.p.i.IntermediateProofReplayer Proof replay took 6.1ns 
155814     INFO  main            d.u.i.k.p.r.p.TestFile    ... finished proof: closed. 
156118     INFO  main            d.u.i.k.p.i.AbstractProblemLoader Loading environment from /home/runner/work/key/key/key.core/../key.ui/examples/heap/SmansEtAl/Iterator_next.key.proof 
156118     DEBUG main            d.u.i.k.p.i.AbstractProblemLoader Environment load took 498.31ns 
156121     INFO  main            d.u.i.k.p.i.AbstractProblemLoader Creating init config 
158735     DEBUG main            d.u.i.k.p.i.AbstractProblemLoader Init config took 2.61s 
158772     INFO  main            d.u.i.k.p.i.AbstractProblemLoader Replaying proof Iterator[Iterator::next()].JML normal_behavior operation contract.0 
159077     DEBUG main            d.u.i.k.p.i.IntermediateProofReplayer Proof replay took 288.19ms 
159079     DEBUG main            d.u.i.k.p.r.p.TestFile    ... success: reloaded. 
159080     INFO  main            d.u.i.k.p.r.p.TestFile    Now processing file /home/runner/work/key/key/key.core/../key.ui/examples/heap/SmansEtAl/Stack_footprint.key 
159080     INFO  main            d.u.i.k.p.i.AbstractProblemLoader Loading environment from /home/runner/work/key/key/key.core/../key.ui/examples/heap/SmansEtAl/Stack_footprint.key 
159080     DEBUG main            d.u.i.k.p.i.AbstractProblemLoader Environment load took 121.3ns 
159081     INFO  main            d.u.i.k.p.i.AbstractProblemLoader Creating init config 
161818     DEBUG main            d.u.i.k.p.i.AbstractProblemLoader Init config took 2.74s 
161854     INFO  main            d.u.i.k.p.i.AbstractProblemLoader Replaying proof Stack[Stack::$footprint()].JML accessible clause.0 
161855     DEBUG main            d.u.i.k.p.i.IntermediateProofReplayer Proof replay took 7.3ns 
162058     INFO  main            d.u.i.k.p.r.p.TestFile    ... finished proof: closed. 
162364     INFO  main            d.u.i.k.p.i.AbstractProblemLoader Loading environment from /home/runner/work/key/key/key.core/../key.ui/examples/heap/SmansEtAl/Stack_footprint.key.proof 
162364     DEBUG main            d.u.i.k.p.i.AbstractProblemLoader Environment load took 161ns 
162365     INFO  main            d.u.i.k.p.i.AbstractProblemLoader Creating init config 
164996     DEBUG main            d.u.i.k.p.i.AbstractProblemLoader Init config took 2.63s 
165032     INFO  main            d.u.i.k.p.i.AbstractProblemLoader Replaying proof Stack[Stack::$footprint()].JML accessible clause.0 
165068     DEBUG main            d.u.i.k.p.i.IntermediateProofReplayer Proof replay took 31.27ms 
165069     DEBUG main            d.u.i.k.p.r.p.TestFile    ... success: reloaded. 
165071     INFO  main            d.u.i.k.p.r.p.TestFile    Now processing file /home/runner/work/key/key/key.core/../key.ui/examples/heap/SmansEtAl/Stack_inv.key 
165071     INFO  main            d.u.i.k.p.i.AbstractProblemLoader Loading environment from /home/runner/work/key/key/key.core/../key.ui/examples/heap/SmansEtAl/Stack_inv.key 
165071     DEBUG main            d.u.i.k.p.i.AbstractProblemLoader Environment load took 100.5ns 
165073     INFO  main            d.u.i.k.p.i.AbstractProblemLoader Creating init config 
167780     DEBUG main            d.u.i.k.p.i.AbstractProblemLoader Init config took 2.71s 
167815     INFO  main            d.u.i.k.p.i.AbstractProblemLoader Replaying proof Stack[java.lang.Object::<inv>()].JML accessible clause.0 
167816     DEBUG main            d.u.i.k.p.i.IntermediateProofReplayer Proof replay took 9.1ns 
167918     INFO  main            d.u.i.k.p.r.p.TestFile    ... finished proof: closed. 
168221     INFO  main            d.u.i.k.p.i.AbstractProblemLoader Loading environment from /home/runner/work/key/key/key.core/../key.ui/examples/heap/SmansEtAl/Stack_inv.key.proof 
168221     DEBUG main            d.u.i.k.p.i.AbstractProblemLoader Environment load took 122.8ns 
168222     INFO  main            d.u.i.k.p.i.AbstractProblemLoader Creating init config 
170836     DEBUG main            d.u.i.k.p.i.AbstractProblemLoader Init config took 2.61s 
170871     INFO  main            d.u.i.k.p.i.AbstractProblemLoader Replaying proof Stack[java.lang.Object::<inv>()].JML accessible clause.0 
170882     DEBUG main            d.u.i.k.p.i.IntermediateProofReplayer Proof replay took 9.92ms 
170883     DEBUG main            d.u.i.k.p.r.p.TestFile    ... success: reloaded. 
170884     INFO  main            d.u.i.k.p.r.p.TestFile    Now processing file /home/runner/work/key/key/key.core/../key.ui/examples/heap/SmansEtAl/Stack_push.key 
170885     INFO  main            d.u.i.k.p.i.AbstractProblemLoader Loading environment from /home/runner/work/key/key/key.core/../key.ui/examples/heap/SmansEtAl/Stack_push.key 
170885     DEBUG main            d.u.i.k.p.i.AbstractProblemLoader Environment load took 211.9ns 
170886     INFO  main            d.u.i.k.p.i.AbstractProblemLoader Creating init config 
173556     DEBUG main            d.u.i.k.p.i.AbstractProblemLoader Init config took 2.67s 
173592     INFO  main            d.u.i.k.p.i.AbstractProblemLoader Replaying proof Stack[Stack::push(java.lang.Object)].JML normal_behavior operation contract.0 
173594     DEBUG main            d.u.i.k.p.i.IntermediateProofReplayer Proof replay took 7.3ns 
174299     INFO  main            d.u.i.k.p.r.p.TestFile    ... finished proof: closed. 
174600     INFO  main            d.u.i.k.p.i.AbstractProblemLoader Loading environment from /home/runner/work/key/key/key.core/../key.ui/examples/heap/SmansEtAl/Stack_push.key.proof 
174600     DEBUG main            d.u.i.k.p.i.AbstractProblemLoader Environment load took 143.7ns 
174602     INFO  main            d.u.i.k.p.i.AbstractProblemLoader Creating init config 
177213     DEBUG main            d.u.i.k.p.i.AbstractProblemLoader Init config took 2.61s 
177250     INFO  main            d.u.i.k.p.i.AbstractProblemLoader Replaying proof Stack[Stack::push(java.lang.Object)].JML normal_behavior operation contract.0 
177370     DEBUG main            d.u.i.k.p.i.IntermediateProofReplayer Proof replay took 115.19ms 
177371     DEBUG main            d.u.i.k.p.r.p.TestFile    ... success: reloaded. 
177372     INFO  main            d.u.i.k.p.r.p.TestFile    Now processing file /home/runner/work/key/key/key.core/../key.ui/examples/heap/SmansEtAl/Stack_size.key 
177373     INFO  main            d.u.i.k.p.i.AbstractProblemLoader Loading environment from /home/runner/work/key/key/key.core/../key.ui/examples/heap/SmansEtAl/Stack_size.key 
177373     DEBUG main            d.u.i.k.p.i.AbstractProblemLoader Environment load took 81.4ns 
177374     INFO  main            d.u.i.k.p.i.AbstractProblemLoader Creating init config 
180048     DEBUG main            d.u.i.k.p.i.AbstractProblemLoader Init config took 2.67s 
180083     INFO  main            d.u.i.k.p.i.AbstractProblemLoader Replaying proof Stack[Stack::size()].JML accessible clause.0 
180085     DEBUG main            d.u.i.k.p.i.IntermediateProofReplayer Proof replay took 8.3ns 
180393     INFO  main            d.u.i.k.p.r.p.TestFile    ... finished proof: closed. 
180694     INFO  main            d.u.i.k.p.i.AbstractProblemLoader Loading environment from /home/runner/work/key/key/key.core/../key.ui/examples/heap/SmansEtAl/Stack_size.key.proof 
180694     DEBUG main            d.u.i.k.p.i.AbstractProblemLoader Environment load took 121.8ns 
180695     INFO  main            d.u.i.k.p.i.AbstractProblemLoader Creating init config 
183298     DEBUG main            d.u.i.k.p.i.AbstractProblemLoader Init config took 2.6s 
183333     INFO  main            d.u.i.k.p.i.AbstractProblemLoader Replaying proof Stack[Stack::size()].JML accessible clause.0 
183377     DEBUG main            d.u.i.k.p.i.IntermediateProofReplayer Proof replay took 40.69ms 
183378     DEBUG main            d.u.i.k.p.r.p.TestFile    ... success: reloaded. 
183379     INFO  main            d.u.i.k.p.r.p.TestFile    Now processing file /home/runner/work/key/key/key.core/../key.ui/examples/heap/SmansEtAl/Stack_Stack.key 
183380     INFO  main            d.u.i.k.p.i.AbstractProblemLoader Loading environment from /home/runner/work/key/key/key.core/../key.ui/examples/heap/SmansEtAl/Stack_Stack.key 
183380     DEBUG main            d.u.i.k.p.i.AbstractProblemLoader Environment load took 282.6ns 
183381     INFO  main            d.u.i.k.p.i.AbstractProblemLoader Creating init config 
186068     DEBUG main            d.u.i.k.p.i.AbstractProblemLoader Init config took 2.69s 
186105     INFO  main            d.u.i.k.p.i.AbstractProblemLoader Replaying proof Stack[Stack::Stack()].JML normal_behavior operation contract.0 
186107     DEBUG main            d.u.i.k.p.i.IntermediateProofReplayer Proof replay took 7.6ns 
187213     INFO  main            d.u.i.k.p.r.p.TestFile    ... finished proof: closed. 
187552     INFO  main            d.u.i.k.p.i.AbstractProblemLoader Loading environment from /home/runner/work/key/key/key.core/../key.ui/examples/heap/SmansEtAl/Stack_Stack.key.proof 
187552     DEBUG main            d.u.i.k.p.i.AbstractProblemLoader Environment load took 588.61ns 
187554     INFO  main            d.u.i.k.p.i.AbstractProblemLoader Creating init config 
190156     DEBUG main            d.u.i.k.p.i.AbstractProblemLoader Init config took 2.6s 
190194     INFO  main            d.u.i.k.p.i.AbstractProblemLoader Replaying proof Stack[Stack::Stack()].JML normal_behavior operation contract.0 
190402     DEBUG main            d.u.i.k.p.i.IntermediateProofReplayer Proof replay took 184.9ms 
190407     DEBUG main            d.u.i.k.p.r.p.TestFile    ... success: reloaded. 
190408     INFO  main            d.u.i.k.p.r.p.TestFile    Now processing file /home/runner/work/key/key/key.core/../key.ui/examples/heap/SmansEtAl/Stack_switchContents.key 
190408     INFO  main            d.u.i.k.p.i.AbstractProblemLoader Loading environment from /home/runner/work/key/key/key.core/../key.ui/examples/heap/SmansEtAl/Stack_switchContents.key 
190408     DEBUG main            d.u.i.k.p.i.AbstractProblemLoader Environment load took 56.5ns 
190409     INFO  main            d.u.i.k.p.i.AbstractProblemLoader Creating init config 
193112     DEBUG main            d.u.i.k.p.i.AbstractProblemLoader Init config took 2.7s 
193148     INFO  main            d.u.i.k.p.i.AbstractProblemLoader Replaying proof Stack[Stack::switchContents(Stack)].JML normal_behavior operation contract.0 
193149     DEBUG main            d.u.i.k.p.i.IntermediateProofReplayer Proof replay took 6ns 
197997     INFO  main            d.u.i.k.p.r.p.TestFile    ... finished proof: closed. 
198350     INFO  main            d.u.i.k.p.i.AbstractProblemLoader Loading environment from /home/runner/work/key/key/key.core/../key.ui/examples/heap/SmansEtAl/Stack_switchContents.key.proof 
198350     DEBUG main            d.u.i.k.p.i.AbstractProblemLoader Environment load took 123.2ns 
198352     INFO  main            d.u.i.k.p.i.AbstractProblemLoader Creating init config 
200954     DEBUG main            d.u.i.k.p.i.AbstractProblemLoader Init config took 2.6s 
200991     INFO  main            d.u.i.k.p.i.AbstractProblemLoader Replaying proof Stack[Stack::switchContents(Stack)].JML normal_behavior operation contract.0 
201498     DEBUG main            d.u.i.k.p.i.IntermediateProofReplayer Proof replay took 490.7ms 
201500     DEBUG main            d.u.i.k.p.r.p.TestFile    ... success: reloaded. 
2145895    INFO  Test worker     d.u.i.k.p.r.RunAllProofsTestUnit Returning from test SmansEtAl 
2145896    INFO  Test worker     d.u.i.k.p.r.RunAllProofsTestUnit Running test VACID0 
355        INFO  Timeout watchdog d.u.i.k.p.r.p.ForkedTestFileRunner Timeout watcher launched (2000 secs.) 
360        WARN  main            d.u.i.k.s.ProofSettings   The settings in /home/runner/.key/proof-settings.props are *not* read. 
387        INFO  main            d.u.i.k.p.r.p.TestFile    Now processing file /home/runner/work/key/key/key.core/../key.ui/examples/heap/vacid0_01_SparseArray/Harness_sparseArrayTestHarness1.key 
496        INFO  main            d.u.i.k.p.i.AbstractProblemLoader Loading environment from /home/runner/work/key/key/key.core/../key.ui/examples/heap/vacid0_01_SparseArray/Harness_sparseArrayTestHarness1.key 
519        DEBUG main            d.u.i.k.p.i.AbstractProblemLoader Environment load took 2.01ms 
747        INFO  main            d.u.i.k.p.i.AbstractProblemLoader Creating init config 
1670       DEBUG main            d.u.i.k.j.TypeConverter   No LDT found for Meta 
1670       DEBUG main            d.u.i.k.j.TypeConverter   No LDT found for Meta 
1674       DEBUG main            d.u.i.k.j.TypeConverter   No LDT found for Meta 
1674       DEBUG main            d.u.i.k.j.TypeConverter   No LDT found for Meta 
2947       DEBUG main            d.u.i.k.j.TypeConverter   No LDT found for JavaBigintExpression 
8272       DEBUG main            d.u.i.k.p.i.AbstractProblemLoader Init config took 7.52s 
8428       INFO  main            d.u.i.k.p.i.AbstractProblemLoader Replaying proof Harness[Harness::sparseArrayTestHarness1()].JML normal_behavior operation contract.0 
8471       DEBUG main            d.u.i.k.p.i.IntermediateProofReplayer Proof replay took 36.8ns 
10040      INFO  main            d.u.i.k.p.r.p.TestFile    ... finished proof: closed. 
10204      INFO  main            d.u.i.k.p.i.AbstractProblemLoader Loading environment from /home/runner/work/key/key/key.core/../key.ui/examples/heap/vacid0_01_SparseArray/Harness_sparseArrayTestHarness1.key.proof 
10204      DEBUG main            d.u.i.k.p.i.AbstractProblemLoader Environment load took 544.21ns 
10207      INFO  main            d.u.i.k.p.i.AbstractProblemLoader Creating init config 
13307      DEBUG main            d.u.i.k.p.i.AbstractProblemLoader Init config took 3.1s 
13380      INFO  main            d.u.i.k.p.i.AbstractProblemLoader Replaying proof Harness[Harness::sparseArrayTestHarness1()].JML normal_behavior operation contract.0 
13613      DEBUG main            d.u.i.k.p.i.IntermediateProofReplayer Proof replay took 223.88ms 
13621      DEBUG main            d.u.i.k.p.r.p.TestFile    ... success: reloaded. 
13624      INFO  main            d.u.i.k.p.r.p.TestFile    Now processing file /home/runner/work/key/key/key.core/../key.ui/examples/heap/vacid0_01_SparseArray/Harness_sparseArrayTestHarness2.key 
13624      INFO  main            d.u.i.k.p.i.AbstractProblemLoader Loading environment from /home/runner/work/key/key/key.core/../key.ui/examples/heap/vacid0_01_SparseArray/Harness_sparseArrayTestHarness2.key 
13625      DEBUG main            d.u.i.k.p.i.AbstractProblemLoader Environment load took 1.27ms 
13629      INFO  main            d.u.i.k.p.i.AbstractProblemLoader Creating init config 
16597      DEBUG main            d.u.i.k.p.i.AbstractProblemLoader Init config took 2.97s 
16655      INFO  main            d.u.i.k.p.i.AbstractProblemLoader Replaying proof Harness[Harness::sparseArrayTestHarness2()].JML normal_behavior operation contract.0 
16657      DEBUG main            d.u.i.k.p.i.IntermediateProofReplayer Proof replay took 6.3ns 
26747      INFO  main            d.u.i.k.p.r.p.TestFile    ... finished proof: closed. 
26953      INFO  main            d.u.i.k.p.i.AbstractProblemLoader Loading environment from /home/runner/work/key/key/key.core/../key.ui/examples/heap/vacid0_01_SparseArray/Harness_sparseArrayTestHarness2.key.proof 
26954      DEBUG main            d.u.i.k.p.i.AbstractProblemLoader Environment load took 529.61ns 
26959      INFO  main            d.u.i.k.p.i.AbstractProblemLoader Creating init config 
29783      DEBUG main            d.u.i.k.p.i.AbstractProblemLoader Init config took 2.82s 
29837      INFO  main            d.u.i.k.p.i.AbstractProblemLoader Replaying proof Harness[Harness::sparseArrayTestHarness2()].JML normal_behavior operation contract.0 
30901      DEBUG main            d.u.i.k.p.i.IntermediateProofReplayer Proof replay took 1.02s 
30903      DEBUG main            d.u.i.k.p.r.p.TestFile    ... success: reloaded. 
30905      INFO  main            d.u.i.k.p.r.p.TestFile    Now processing file /home/runner/work/key/key/key.core/../key.ui/examples/heap/vacid0_01_SparseArray/MemoryAllocator_alloc_unsigned.key 
30905      INFO  main            d.u.i.k.p.i.AbstractProblemLoader Loading environment from /home/runner/work/key/key/key.core/../key.ui/examples/heap/vacid0_01_SparseArray/MemoryAllocator_alloc_unsigned.key 
30906      DEBUG main            d.u.i.k.p.i.AbstractProblemLoader Environment load took 247.7ns 
30907      INFO  main            d.u.i.k.p.i.AbstractProblemLoader Creating init config 
33731      DEBUG main            d.u.i.k.p.i.AbstractProblemLoader Init config took 2.82s 
33778      INFO  main            d.u.i.k.p.i.AbstractProblemLoader Replaying proof MemoryAllocator[MemoryAllocator::alloc_unsigned(int)].JML normal_behavior operation contract.0 
33780      DEBUG main            d.u.i.k.p.i.IntermediateProofReplayer Proof replay took 6.3ns 
34684      INFO  main            d.u.i.k.p.r.p.TestFile    ... finished proof: closed. 
34882      INFO  main            d.u.i.k.p.i.AbstractProblemLoader Loading environment from /home/runner/work/key/key/key.core/../key.ui/examples/heap/vacid0_01_SparseArray/MemoryAllocator_alloc_unsigned.key.proof 
34882      DEBUG main            d.u.i.k.p.i.AbstractProblemLoader Environment load took 527.81ns 
34884      INFO  main            d.u.i.k.p.i.AbstractProblemLoader Creating init config 
37663      DEBUG main            d.u.i.k.p.i.AbstractProblemLoader Init config took 2.78s 
37708      INFO  main            d.u.i.k.p.i.AbstractProblemLoader Replaying proof MemoryAllocator[MemoryAllocator::alloc_unsigned(int)].JML normal_behavior operation contract.0 
37917      DEBUG main            d.u.i.k.p.i.IntermediateProofReplayer Proof replay took 203.17ms 
37918      DEBUG main            d.u.i.k.p.r.p.TestFile    ... success: reloaded. 
37919      INFO  main            d.u.i.k.p.r.p.TestFile    Now processing file /home/runner/work/key/key/key.core/../key.ui/examples/heap/vacid0_01_SparseArray/MemoryAllocator_alloc.key 
37920      INFO  main            d.u.i.k.p.i.AbstractProblemLoader Loading environment from /home/runner/work/key/key/key.core/../key.ui/examples/heap/vacid0_01_SparseArray/MemoryAllocator_alloc.key 
37920      DEBUG main            d.u.i.k.p.i.AbstractProblemLoader Environment load took 254.6ns 
37921      INFO  main            d.u.i.k.p.i.AbstractProblemLoader Creating init config 
40770      DEBUG main            d.u.i.k.p.i.AbstractProblemLoader Init config took 2.85s 
40815      INFO  main            d.u.i.k.p.i.AbstractProblemLoader Replaying proof MemoryAllocator[MemoryAllocator::alloc(int)].JML normal_behavior operation contract.0 
40827      DEBUG main            d.u.i.k.p.i.IntermediateProofReplayer Proof replay took 7.1ns 
41540      INFO  main            d.u.i.k.p.r.p.TestFile    ... finished proof: closed. 
41731      INFO  main            d.u.i.k.p.i.AbstractProblemLoader Loading environment from /home/runner/work/key/key/key.core/../key.ui/examples/heap/vacid0_01_SparseArray/MemoryAllocator_alloc.key.proof 
41731      DEBUG main            d.u.i.k.p.i.AbstractProblemLoader Environment load took 156.4ns 
41732      INFO  main            d.u.i.k.p.i.AbstractProblemLoader Creating init config 
44456      DEBUG main            d.u.i.k.p.i.AbstractProblemLoader Init config took 2.72s 
44498      INFO  main            d.u.i.k.p.i.AbstractProblemLoader Replaying proof MemoryAllocator[MemoryAllocator::alloc(int)].JML normal_behavior operation contract.0 
44632      DEBUG main            d.u.i.k.p.i.IntermediateProofReplayer Proof replay took 128.89ms 
44633      DEBUG main            d.u.i.k.p.r.p.TestFile    ... success: reloaded. 
44634      INFO  main            d.u.i.k.p.r.p.TestFile    Now processing file /home/runner/work/key/key/key.core/../key.ui/examples/heap/vacid0_01_SparseArray/SparseArray_get_dep.key 
44634      INFO  main            d.u.i.k.p.i.AbstractProblemLoader Loading environment from /home/runner/work/key/key/key.core/../key.ui/examples/heap/vacid0_01_SparseArray/SparseArray_get_dep.key 
44635      DEBUG main            d.u.i.k.p.i.AbstractProblemLoader Environment load took 138.6ns 
44635      INFO  main            d.u.i.k.p.i.AbstractProblemLoader Creating init config 
47402      DEBUG main            d.u.i.k.p.i.AbstractProblemLoader Init config took 2.77s 
47480      INFO  main            d.u.i.k.p.i.AbstractProblemLoader Replaying proof SparseArray[SparseArray::get(int)].JML accessible clause.0 
47482      DEBUG main            d.u.i.k.p.i.IntermediateProofReplayer Proof replay took 7.9ns 
50695      INFO  main            d.u.i.k.p.r.p.TestFile    ... finished proof: closed. 
50900      INFO  main            d.u.i.k.p.i.AbstractProblemLoader Loading environment from /home/runner/work/key/key/key.core/../key.ui/examples/heap/vacid0_01_SparseArray/SparseArray_get_dep.key.proof 
50901      DEBUG main            d.u.i.k.p.i.AbstractProblemLoader Environment load took 156.3ns 
50908      INFO  main            d.u.i.k.p.i.AbstractProblemLoader Creating init config 
53667      DEBUG main            d.u.i.k.p.i.AbstractProblemLoader Init config took 2.76s 
53734      INFO  main            d.u.i.k.p.i.AbstractProblemLoader Replaying proof SparseArray[SparseArray::get(int)].JML accessible clause.0 
54081      DEBUG main            d.u.i.k.p.i.IntermediateProofReplayer Proof replay took 333.84ms 
54083      DEBUG main            d.u.i.k.p.r.p.TestFile    ... success: reloaded. 
54084      INFO  main            d.u.i.k.p.r.p.TestFile    Now processing file /home/runner/work/key/key/key.core/../key.ui/examples/heap/vacid0_01_SparseArray/SparseArray_get.key 
54085      INFO  main            d.u.i.k.p.i.AbstractProblemLoader Loading environment from /home/runner/work/key/key/key.core/../key.ui/examples/heap/vacid0_01_SparseArray/SparseArray_get.key 
54085      DEBUG main            d.u.i.k.p.i.AbstractProblemLoader Environment load took 286.5ns 
54086      INFO  main            d.u.i.k.p.i.AbstractProblemLoader Creating init config 
56822      DEBUG main            d.u.i.k.p.i.AbstractProblemLoader Init config took 2.74s 
56882      INFO  main            d.u.i.k.p.i.AbstractProblemLoader Replaying proof SparseArray[SparseArray::get(int)].JML normal_behavior operation contract.0 
56884      DEBUG main            d.u.i.k.p.i.IntermediateProofReplayer Proof replay took 8.1ns 
59094      INFO  main            d.u.i.k.p.r.p.TestFile    ... finished proof: closed. 
59318      INFO  main            d.u.i.k.p.i.AbstractProblemLoader Loading environment from /home/runner/work/key/key/key.core/../key.ui/examples/heap/vacid0_01_SparseArray/SparseArray_get.key.proof 
59318      DEBUG main            d.u.i.k.p.i.AbstractProblemLoader Environment load took 155.9ns 
59319      INFO  main            d.u.i.k.p.i.AbstractProblemLoader Creating init config 
62043      DEBUG main            d.u.i.k.p.i.AbstractProblemLoader Init config took 2.72s 
62102      INFO  main            d.u.i.k.p.i.AbstractProblemLoader Replaying proof SparseArray[SparseArray::get(int)].JML normal_behavior operation contract.0 
62369      DEBUG main            d.u.i.k.p.i.IntermediateProofReplayer Proof replay took 257.86ms 
62370      DEBUG main            d.u.i.k.p.r.p.TestFile    ... success: reloaded. 
62372      INFO  main            d.u.i.k.p.r.p.TestFile    Now processing file /home/runner/work/key/key/key.core/../key.ui/examples/heap/vacid0_01_SparseArray/SparseArray_inv.key 
62372      INFO  main            d.u.i.k.p.i.AbstractProblemLoader Loading environment from /home/runner/work/key/key/key.core/../key.ui/examples/heap/vacid0_01_SparseArray/SparseArray_inv.key 
62372      DEBUG main            d.u.i.k.p.i.AbstractProblemLoader Environment load took 239.7ns 
62374      INFO  main            d.u.i.k.p.i.AbstractProblemLoader Creating init config 
65132      DEBUG main            d.u.i.k.p.i.AbstractProblemLoader Init config took 2.76s 
65215      INFO  main            d.u.i.k.p.i.AbstractProblemLoader Replaying proof SparseArray[java.lang.Object::<inv>()].JML accessible clause.0 
65217      DEBUG main            d.u.i.k.p.i.IntermediateProofReplayer Proof replay took 6ns 
67123      INFO  main            d.u.i.k.p.r.p.TestFile    ... finished proof: closed. 
67316      INFO  main            d.u.i.k.p.i.AbstractProblemLoader Loading environment from /home/runner/work/key/key/key.core/../key.ui/examples/heap/vacid0_01_SparseArray/SparseArray_inv.key.proof 
67317      DEBUG main            d.u.i.k.p.i.AbstractProblemLoader Environment load took 622.51ns 
67318      INFO  main            d.u.i.k.p.i.AbstractProblemLoader Creating init config 
70033      DEBUG main            d.u.i.k.p.i.AbstractProblemLoader Init config took 2.71s 
70101      INFO  main            d.u.i.k.p.i.AbstractProblemLoader Replaying proof SparseArray[java.lang.Object::<inv>()].JML accessible clause.0 
70244      DEBUG main            d.u.i.k.p.i.IntermediateProofReplayer Proof replay took 136.81ms 
70245      DEBUG main            d.u.i.k.p.r.p.TestFile    ... success: reloaded. 
70247      INFO  main            d.u.i.k.p.r.p.TestFile    Now processing file /home/runner/work/key/key/key.core/../key.ui/examples/heap/vacid0_01_SparseArray/SparseArray_SparseArray.key 
70247      INFO  main            d.u.i.k.p.i.AbstractProblemLoader Loading environment from /home/runner/work/key/key/key.core/../key.ui/examples/heap/vacid0_01_SparseArray/SparseArray_SparseArray.key 
70247      DEBUG main            d.u.i.k.p.i.AbstractProblemLoader Environment load took 223.8ns 
70248      INFO  main            d.u.i.k.p.i.AbstractProblemLoader Creating init config 
72955      DEBUG main            d.u.i.k.p.i.AbstractProblemLoader Init config took 2.71s 
73012      INFO  main            d.u.i.k.p.i.AbstractProblemLoader Replaying proof SparseArray[SparseArray::SparseArray(int)].JML normal_behavior operation contract.0 
73014      DEBUG main            d.u.i.k.p.i.IntermediateProofReplayer Proof replay took 7.4ns 
76468      INFO  main            d.u.i.k.p.r.p.TestFile    ... finished proof: closed. 
76709      INFO  main            d.u.i.k.p.i.AbstractProblemLoader Loading environment from /home/runner/work/key/key/key.core/../key.ui/examples/heap/vacid0_01_SparseArray/SparseArray_SparseArray.key.proof 
76710      DEBUG main            d.u.i.k.p.i.AbstractProblemLoader Environment load took 503.91ns 
76711      INFO  main            d.u.i.k.p.i.AbstractProblemLoader Creating init config 
79410      DEBUG main            d.u.i.k.p.i.AbstractProblemLoader Init config took 2.7s 
79466      INFO  main            d.u.i.k.p.i.AbstractProblemLoader Replaying proof SparseArray[SparseArray::SparseArray(int)].JML normal_behavior operation contract.0 
79963      DEBUG main            d.u.i.k.p.i.IntermediateProofReplayer Proof replay took 487.93ms 
79964      DEBUG main            d.u.i.k.p.r.p.TestFile    ... success: reloaded. 
2226046    INFO  Test worker     d.u.i.k.p.r.RunAllProofsTestUnit Returning from test VACID0 
2226047    INFO  Test worker     d.u.i.k.p.r.RunAllProofsTestUnit Running test VSTTE10 
371        INFO  Timeout watchdog d.u.i.k.p.r.p.ForkedTestFileRunner Timeout watcher launched (2000 secs.) 
383        WARN  main            d.u.i.k.s.ProofSettings   The settings in /home/runner/.key/proof-settings.props are *not* read. 
410        INFO  main            d.u.i.k.p.r.p.TestFile    Now processing file /home/runner/work/key/key/key.core/../key.ui/examples/heap/vstte10_01_SumAndMax/SumAndMax_sumAndMax.key 
515        INFO  main            d.u.i.k.p.i.AbstractProblemLoader Loading environment from /home/runner/work/key/key/key.core/../key.ui/examples/heap/vstte10_01_SumAndMax/SumAndMax_sumAndMax.key 
539        DEBUG main            d.u.i.k.p.i.AbstractProblemLoader Environment load took 2.25ms 
761        INFO  main            d.u.i.k.p.i.AbstractProblemLoader Creating init config 
1636       DEBUG main            d.u.i.k.j.TypeConverter   No LDT found for Meta 
1637       DEBUG main            d.u.i.k.j.TypeConverter   No LDT found for Meta 
1641       DEBUG main            d.u.i.k.j.TypeConverter   No LDT found for Meta 
1642       DEBUG main            d.u.i.k.j.TypeConverter   No LDT found for Meta 
3147       DEBUG main            d.u.i.k.j.TypeConverter   No LDT found for JavaBigintExpression 
8026       DEBUG main            d.u.i.k.p.i.AbstractProblemLoader Init config took 7.26s 
8152       INFO  main            d.u.i.k.p.i.AbstractProblemLoader Replaying proof SumAndMax[SumAndMax::sumAndMax([I)].JML normal_behavior operation contract.0 
8186       DEBUG main            d.u.i.k.p.i.IntermediateProofReplayer Proof replay took 33.3ns 
13576      INFO  main            d.u.i.k.p.r.p.TestFile    ... finished proof: closed. 
13764      INFO  main            d.u.i.k.p.i.AbstractProblemLoader Loading environment from /home/runner/work/key/key/key.core/../key.ui/examples/heap/vstte10_01_SumAndMax/SumAndMax_sumAndMax.key.proof 
13767      DEBUG main            d.u.i.k.p.i.AbstractProblemLoader Environment load took 2.66ms 
13770      INFO  main            d.u.i.k.p.i.AbstractProblemLoader Creating init config 
16566      DEBUG main            d.u.i.k.p.i.AbstractProblemLoader Init config took 2.8s 
16645      INFO  main            d.u.i.k.p.i.AbstractProblemLoader Replaying proof SumAndMax[SumAndMax::sumAndMax([I)].JML normal_behavior operation contract.0 
17354      DEBUG main            d.u.i.k.p.i.IntermediateProofReplayer Proof replay took 681.46ms 
17363      DEBUG main            d.u.i.k.p.r.p.TestFile    ... success: reloaded. 
17365      INFO  main            d.u.i.k.p.r.p.TestFile    Now processing file /home/runner/work/key/key/key.core/../key.ui/examples/heap/vstte10_03_LinkedList/Node_cons.key 
17365      INFO  main            d.u.i.k.p.i.AbstractProblemLoader Loading environment from /home/runner/work/key/key/key.core/../key.ui/examples/heap/vstte10_03_LinkedList/Node_cons.key 
17365      DEBUG main            d.u.i.k.p.i.AbstractProblemLoader Environment load took 120.8ns 
17367      INFO  main            d.u.i.k.p.i.AbstractProblemLoader Creating init config 
20160      DEBUG main            d.u.i.k.p.i.AbstractProblemLoader Init config took 2.79s 
20251      INFO  main            d.u.i.k.p.i.AbstractProblemLoader Replaying proof Node[Node::cons(int,Node)].JML normal_behavior operation contract.0 
20257      DEBUG main            d.u.i.k.p.i.IntermediateProofReplayer Proof replay took 16.5ns 
22070      INFO  main            d.u.i.k.p.r.p.TestFile    ... finished proof: closed. 
22233      INFO  main            d.u.i.k.p.i.AbstractProblemLoader Loading environment from /home/runner/work/key/key/key.core/../key.ui/examples/heap/vstte10_03_LinkedList/Node_cons.key.proof 
22234      DEBUG main            d.u.i.k.p.i.AbstractProblemLoader Environment load took 530.51ns 
22238      INFO  main            d.u.i.k.p.i.AbstractProblemLoader Creating init config 
24862      DEBUG main            d.u.i.k.p.i.AbstractProblemLoader Init config took 2.62s 
24916      INFO  main            d.u.i.k.p.i.AbstractProblemLoader Replaying proof Node[Node::cons(int,Node)].JML normal_behavior operation contract.0 
25246      DEBUG main            d.u.i.k.p.i.IntermediateProofReplayer Proof replay took 319.6ms 
25248      DEBUG main            d.u.i.k.p.r.p.TestFile    ... success: reloaded. 
25250      INFO  main            d.u.i.k.p.r.p.TestFile    Now processing file /home/runner/work/key/key/key.core/../key.ui/examples/heap/vstte10_03_LinkedList/Node_inv.key 
25250      INFO  main            d.u.i.k.p.i.AbstractProblemLoader Loading environment from /home/runner/work/key/key/key.core/../key.ui/examples/heap/vstte10_03_LinkedList/Node_inv.key 
25250      DEBUG main            d.u.i.k.p.i.AbstractProblemLoader Environment load took 233.2ns 
25252      INFO  main            d.u.i.k.p.i.AbstractProblemLoader Creating init config 
27859      DEBUG main            d.u.i.k.p.i.AbstractProblemLoader Init config took 2.61s 
27938      INFO  main            d.u.i.k.p.i.AbstractProblemLoader Replaying proof Node[java.lang.Object::<inv>()].JML accessible clause.0 
27941      DEBUG main            d.u.i.k.p.i.IntermediateProofReplayer Proof replay took 7ns 
28244      INFO  main            d.u.i.k.p.r.p.TestFile    ... finished proof: closed. 
28454      INFO  main            d.u.i.k.p.i.AbstractProblemLoader Loading environment from /home/runner/work/key/key/key.core/../key.ui/examples/heap/vstte10_03_LinkedList/Node_inv.key.proof 
28455      DEBUG main            d.u.i.k.p.i.AbstractProblemLoader Environment load took 569.21ns 
28458      INFO  main            d.u.i.k.p.i.AbstractProblemLoader Creating init config 
30984      DEBUG main            d.u.i.k.p.i.AbstractProblemLoader Init config took 2.53s 
31035      INFO  main            d.u.i.k.p.i.AbstractProblemLoader Replaying proof Node[java.lang.Object::<inv>()].JML accessible clause.0 
31073      DEBUG main            d.u.i.k.p.i.IntermediateProofReplayer Proof replay took 34.76ms 
31075      DEBUG main            d.u.i.k.p.r.p.TestFile    ... success: reloaded. 
31076      INFO  main            d.u.i.k.p.r.p.TestFile    Now processing file /home/runner/work/key/key/key.core/../key.ui/examples/heap/vstte10_03_LinkedList/Node_search.key 
31077      INFO  main            d.u.i.k.p.i.AbstractProblemLoader Loading environment from /home/runner/work/key/key/key.core/../key.ui/examples/heap/vstte10_03_LinkedList/Node_search.key 
31077      DEBUG main            d.u.i.k.p.i.AbstractProblemLoader Environment load took 216.5ns 
31078      INFO  main            d.u.i.k.p.i.AbstractProblemLoader Creating init config 
33651      DEBUG main            d.u.i.k.p.i.AbstractProblemLoader Init config took 2.57s 
33708      INFO  main            d.u.i.k.p.i.AbstractProblemLoader Replaying proof Node[Node::search()].JML normal_behavior operation contract.0 
33711      DEBUG main            d.u.i.k.p.i.IntermediateProofReplayer Proof replay took 7.7ns 
40429      INFO  main            d.u.i.k.p.r.p.TestFile    ... finished proof: closed. 
40657      INFO  main            d.u.i.k.p.i.AbstractProblemLoader Loading environment from /home/runner/work/key/key/key.core/../key.ui/examples/heap/vstte10_03_LinkedList/Node_search.key.proof 
40657      DEBUG main            d.u.i.k.p.i.AbstractProblemLoader Environment load took 559.11ns 
40661      INFO  main            d.u.i.k.p.i.AbstractProblemLoader Creating init config 
43193      DEBUG main            d.u.i.k.p.i.AbstractProblemLoader Init config took 2.53s 
43248      INFO  main            d.u.i.k.p.i.AbstractProblemLoader Replaying proof Node[Node::search()].JML normal_behavior operation contract.0 
43927      DEBUG main            d.u.i.k.p.i.IntermediateProofReplayer Proof replay took 639.24ms 
43931      DEBUG main            d.u.i.k.p.r.p.TestFile    ... success: reloaded. 
43932      INFO  main            d.u.i.k.p.r.p.TestFile    Now processing file /home/runner/work/key/key/key.core/../key.ui/examples/heap/vstte10_04_Queens/Queens_isConsistent.key 
43932      INFO  main            d.u.i.k.p.i.AbstractProblemLoader Loading environment from /home/runner/work/key/key/key.core/../key.ui/examples/heap/vstte10_04_Queens/Queens_isConsistent.key 
43933      DEBUG main            d.u.i.k.p.i.AbstractProblemLoader Environment load took 236.1ns 
43934      INFO  main            d.u.i.k.p.i.AbstractProblemLoader Creating init config 
46867      DEBUG main            d.u.i.k.p.i.AbstractProblemLoader Init config took 2.93s 
46910      INFO  main            d.u.i.k.p.i.AbstractProblemLoader Replaying proof Queens[Queens::isConsistent([I,int)].JML normal_behavior operation contract.0 
46913      DEBUG main            d.u.i.k.p.i.IntermediateProofReplayer Proof replay took 6ns 
48755      INFO  main            d.u.i.k.p.r.p.TestFile    ... finished proof: closed. 
48996      INFO  main            d.u.i.k.p.i.AbstractProblemLoader Loading environment from /home/runner/work/key/key/key.core/../key.ui/examples/heap/vstte10_04_Queens/Queens_isConsistent.key.proof 
48996      DEBUG main            d.u.i.k.p.i.AbstractProblemLoader Environment load took 547.51ns 
48998      INFO  main            d.u.i.k.p.i.AbstractProblemLoader Creating init config 
51628      DEBUG main            d.u.i.k.p.i.AbstractProblemLoader Init config took 2.63s 
51680      INFO  main            d.u.i.k.p.i.AbstractProblemLoader Replaying proof Queens[Queens::isConsistent([I,int)].JML normal_behavior operation contract.0 
52090      DEBUG main            d.u.i.k.p.i.IntermediateProofReplayer Proof replay took 398.75ms 
52092      DEBUG main            d.u.i.k.p.r.p.TestFile    ... success: reloaded. 
52093      INFO  main            d.u.i.k.p.r.p.TestFile    Now processing file /home/runner/work/key/key/key.core/../key.ui/examples/heap/vstte10_04_Queens/Queens_nQueens.key 
52094      INFO  main            d.u.i.k.p.i.AbstractProblemLoader Loading environment from /home/runner/work/key/key/key.core/../key.ui/examples/heap/vstte10_04_Queens/Queens_nQueens.key 
52095      DEBUG main            d.u.i.k.p.i.AbstractProblemLoader Environment load took 685.51ns 
52096      INFO  main            d.u.i.k.p.i.AbstractProblemLoader Creating init config 
54710      DEBUG main            d.u.i.k.p.i.AbstractProblemLoader Init config took 2.61s 
54753      INFO  main            d.u.i.k.p.i.AbstractProblemLoader Replaying proof Queens[Queens::nQueens(int)].JML normal_behavior operation contract.0 
54755      DEBUG main            d.u.i.k.p.i.IntermediateProofReplayer Proof replay took 6.4ns 
68144      INFO  main            d.u.i.k.p.r.p.TestFile    ... finished proof: closed. 
68394      INFO  main            d.u.i.k.p.i.AbstractProblemLoader Loading environment from /home/runner/work/key/key/key.core/../key.ui/examples/heap/vstte10_04_Queens/Queens_nQueens.key.proof 
68395      DEBUG main            d.u.i.k.p.i.AbstractProblemLoader Environment load took 533.9ns 
68397      INFO  main            d.u.i.k.p.i.AbstractProblemLoader Creating init config 
70880      DEBUG main            d.u.i.k.p.i.AbstractProblemLoader Init config took 2.48s 
70936      INFO  main            d.u.i.k.p.i.AbstractProblemLoader Replaying proof Queens[Queens::nQueens(int)].JML normal_behavior operation contract.0 
71979      DEBUG main            d.u.i.k.p.i.IntermediateProofReplayer Proof replay took 1.02s 
71980      DEBUG main            d.u.i.k.p.r.p.TestFile    ... success: reloaded. 
71981      INFO  main            d.u.i.k.p.r.p.TestFile    Now processing file /home/runner/work/key/key/key.core/../key.ui/examples/heap/vstte10_05_Queue/AmortizedQueue_AmortizedQueue.key 
71982      INFO  main            d.u.i.k.p.i.AbstractProblemLoader Loading environment from /home/runner/work/key/key/key.core/../key.ui/examples/heap/vstte10_05_Queue/AmortizedQueue_AmortizedQueue.key 
71982      DEBUG main            d.u.i.k.p.i.AbstractProblemLoader Environment load took 122.9ns 
71983      INFO  main            d.u.i.k.p.i.AbstractProblemLoader Creating init config 
74628      DEBUG main            d.u.i.k.p.i.AbstractProblemLoader Init config took 2.64s 
74701      INFO  main            d.u.i.k.p.i.AbstractProblemLoader Replaying proof AmortizedQueue[AmortizedQueue::AmortizedQueue()].JML normal_behavior operation contract.0 
74703      DEBUG main            d.u.i.k.p.i.IntermediateProofReplayer Proof replay took 6.5ns 
76210      INFO  main            d.u.i.k.p.r.p.TestFile    ... finished proof: closed. 
76444      INFO  main            d.u.i.k.p.i.AbstractProblemLoader Loading environment from /home/runner/work/key/key/key.core/../key.ui/examples/heap/vstte10_05_Queue/AmortizedQueue_AmortizedQueue.key.proof 
76445      DEBUG main            d.u.i.k.p.i.AbstractProblemLoader Environment load took 547.91ns 
76446      INFO  main            d.u.i.k.p.i.AbstractProblemLoader Creating init config 
78967      DEBUG main            d.u.i.k.p.i.AbstractProblemLoader Init config took 2.52s 
79022      INFO  main            d.u.i.k.p.i.AbstractProblemLoader Replaying proof AmortizedQueue[AmortizedQueue::AmortizedQueue()].JML normal_behavior operation contract.0 
79262      DEBUG main            d.u.i.k.p.i.IntermediateProofReplayer Proof replay took 232.77ms 
79264      DEBUG main            d.u.i.k.p.r.p.TestFile    ... success: reloaded. 
79265      INFO  main            d.u.i.k.p.r.p.TestFile    Now processing file /home/runner/work/key/key/key.core/../key.ui/examples/heap/vstte10_05_Queue/AmortizedQueue_front.key 
79265      INFO  main            d.u.i.k.p.i.AbstractProblemLoader Loading environment from /home/runner/work/key/key/key.core/../key.ui/examples/heap/vstte10_05_Queue/AmortizedQueue_front.key 
79266      DEBUG main            d.u.i.k.p.i.AbstractProblemLoader Environment load took 217.4ns 
79267      INFO  main            d.u.i.k.p.i.AbstractProblemLoader Creating init config 
81841      DEBUG main            d.u.i.k.p.i.AbstractProblemLoader Init config took 2.57s 
81886      INFO  main            d.u.i.k.p.i.AbstractProblemLoader Replaying proof AmortizedQueue[AmortizedQueue::front()].JML normal_behavior operation contract.0 
81888      DEBUG main            d.u.i.k.p.i.IntermediateProofReplayer Proof replay took 6.5ns 
82394      INFO  main            d.u.i.k.p.r.p.TestFile    ... finished proof: closed. 
82623      INFO  main            d.u.i.k.p.i.AbstractProblemLoader Loading environment from /home/runner/work/key/key/key.core/../key.ui/examples/heap/vstte10_05_Queue/AmortizedQueue_front.key.proof 
82624      DEBUG main            d.u.i.k.p.i.AbstractProblemLoader Environment load took 513.11ns 
82625      INFO  main            d.u.i.k.p.i.AbstractProblemLoader Creating init config 
85127      DEBUG main            d.u.i.k.p.i.AbstractProblemLoader Init config took 2.5s 
85170      INFO  main            d.u.i.k.p.i.AbstractProblemLoader Replaying proof AmortizedQueue[AmortizedQueue::front()].JML normal_behavior operation contract.0 
85226      DEBUG main            d.u.i.k.p.i.IntermediateProofReplayer Proof replay took 52.93ms 
85228      DEBUG main            d.u.i.k.p.r.p.TestFile    ... success: reloaded. 
85230      INFO  main            d.u.i.k.p.r.p.TestFile    Now processing file /home/runner/work/key/key/key.core/../key.ui/examples/heap/vstte10_05_Queue/LinkedList_concat.key 
85232      INFO  main            d.u.i.k.p.i.AbstractProblemLoader Loading environment from /home/runner/work/key/key/key.core/../key.ui/examples/heap/vstte10_05_Queue/LinkedList_concat.key 
85233      DEBUG main            d.u.i.k.p.i.AbstractProblemLoader Environment load took 256.8ns 
85234      INFO  main            d.u.i.k.p.i.AbstractProblemLoader Creating init config 
87836      DEBUG main            d.u.i.k.p.i.AbstractProblemLoader Init config took 2.6s 
87882      INFO  main            d.u.i.k.p.i.AbstractProblemLoader Replaying proof LinkedList[LinkedList::concat(LinkedList)].JML normal_behavior operation contract.0 
87884      DEBUG main            d.u.i.k.p.i.IntermediateProofReplayer Proof replay took 7.2ns 
96994      INFO  main            d.u.i.k.p.r.p.TestFile    ... finished proof: closed. 
97278      INFO  main            d.u.i.k.p.i.AbstractProblemLoader Loading environment from /home/runner/work/key/key/key.core/../key.ui/examples/heap/vstte10_05_Queue/LinkedList_concat.key.proof 
97278      DEBUG main            d.u.i.k.p.i.AbstractProblemLoader Environment load took 234.2ns 
97281      INFO  main            d.u.i.k.p.i.AbstractProblemLoader Creating init config 
99759      DEBUG main            d.u.i.k.p.i.AbstractProblemLoader Init config took 2.48s 
99809      INFO  main            d.u.i.k.p.i.AbstractProblemLoader Replaying proof LinkedList[LinkedList::concat(LinkedList)].JML normal_behavior operation contract.0 
100646     DEBUG main            d.u.i.k.p.i.IntermediateProofReplayer Proof replay took 798.22ms 
100648     DEBUG main            d.u.i.k.p.r.p.TestFile    ... success: reloaded. 
100650     INFO  main            d.u.i.k.p.r.p.TestFile    Now processing file /home/runner/work/key/key/key.core/../key.ui/examples/heap/vstte10_05_Queue/LinkedList_cons.key 
100650     INFO  main            d.u.i.k.p.i.AbstractProblemLoader Loading environment from /home/runner/work/key/key/key.core/../key.ui/examples/heap/vstte10_05_Queue/LinkedList_cons.key 
100650     DEBUG main            d.u.i.k.p.i.AbstractProblemLoader Environment load took 230.1ns 
100652     INFO  main            d.u.i.k.p.i.AbstractProblemLoader Creating init config 
103220     DEBUG main            d.u.i.k.p.i.AbstractProblemLoader Init config took 2.57s 
103268     INFO  main            d.u.i.k.p.i.AbstractProblemLoader Replaying proof LinkedList[LinkedList::cons(int)].JML normal_behavior operation contract.0 
103270     DEBUG main            d.u.i.k.p.i.IntermediateProofReplayer Proof replay took 6.6ns 
105705     INFO  main            d.u.i.k.p.r.p.TestFile    ... finished proof: closed. 
105956     INFO  main            d.u.i.k.p.i.AbstractProblemLoader Loading environment from /home/runner/work/key/key/key.core/../key.ui/examples/heap/vstte10_05_Queue/LinkedList_cons.key.proof 
105956     DEBUG main            d.u.i.k.p.i.AbstractProblemLoader Environment load took 142.8ns 
105957     INFO  main            d.u.i.k.p.i.AbstractProblemLoader Creating init config 
108419     DEBUG main            d.u.i.k.p.i.AbstractProblemLoader Init config took 2.46s 
108464     INFO  main            d.u.i.k.p.i.AbstractProblemLoader Replaying proof LinkedList[LinkedList::cons(int)].JML normal_behavior operation contract.0 
108748     DEBUG main            d.u.i.k.p.i.IntermediateProofReplayer Proof replay took 274.8ms 
108749     DEBUG main            d.u.i.k.p.r.p.TestFile    ... success: reloaded. 
108750     INFO  main            d.u.i.k.p.r.p.TestFile    Now processing file /home/runner/work/key/key/key.core/../key.ui/examples/heap/vstte10_05_Queue/LinkedList_head.key 
108751     INFO  main            d.u.i.k.p.i.AbstractProblemLoader Loading environment from /home/runner/work/key/key/key.core/../key.ui/examples/heap/vstte10_05_Queue/LinkedList_head.key 
108751     DEBUG main            d.u.i.k.p.i.AbstractProblemLoader Environment load took 151ns 
108752     INFO  main            d.u.i.k.p.i.AbstractProblemLoader Creating init config 
111331     DEBUG main            d.u.i.k.p.i.AbstractProblemLoader Init config took 2.58s 
111374     INFO  main            d.u.i.k.p.i.AbstractProblemLoader Replaying proof LinkedList[LinkedList::head()].JML normal_behavior operation contract.0 
111376     DEBUG main            d.u.i.k.p.i.IntermediateProofReplayer Proof replay took 5.9ns 
111480     INFO  main            d.u.i.k.p.r.p.TestFile    ... finished proof: closed. 
111719     INFO  main            d.u.i.k.p.i.AbstractProblemLoader Loading environment from /home/runner/work/key/key/key.core/../key.ui/examples/heap/vstte10_05_Queue/LinkedList_head.key.proof 
111719     DEBUG main            d.u.i.k.p.i.AbstractProblemLoader Environment load took 141ns 
111720     INFO  main            d.u.i.k.p.i.AbstractProblemLoader Creating init config 
114213     DEBUG main            d.u.i.k.p.i.AbstractProblemLoader Init config took 2.49s 
114266     INFO  main            d.u.i.k.p.i.AbstractProblemLoader Replaying proof LinkedList[LinkedList::head()].JML normal_behavior operation contract.0 
114286     DEBUG main            d.u.i.k.p.i.IntermediateProofReplayer Proof replay took 13.87ms 
114287     DEBUG main            d.u.i.k.p.r.p.TestFile    ... success: reloaded. 
114289     INFO  main            d.u.i.k.p.r.p.TestFile    Now processing file /home/runner/work/key/key/key.core/../key.ui/examples/heap/vstte10_05_Queue/LinkedList_inv.key 
114289     INFO  main            d.u.i.k.p.i.AbstractProblemLoader Loading environment from /home/runner/work/key/key/key.core/../key.ui/examples/heap/vstte10_05_Queue/LinkedList_inv.key 
114290     DEBUG main            d.u.i.k.p.i.AbstractProblemLoader Environment load took 104.7ns 
114292     INFO  main            d.u.i.k.p.i.AbstractProblemLoader Creating init config 
116828     DEBUG main            d.u.i.k.p.i.AbstractProblemLoader Init config took 2.54s 
116871     INFO  main            d.u.i.k.p.i.AbstractProblemLoader Replaying proof LinkedList[java.lang.Object::<inv>()].JML accessible clause.0 
116872     DEBUG main            d.u.i.k.p.i.IntermediateProofReplayer Proof replay took 6.8ns 
117175     INFO  main            d.u.i.k.p.r.p.TestFile    ... finished proof: closed. 
117422     INFO  main            d.u.i.k.p.i.AbstractProblemLoader Loading environment from /home/runner/work/key/key/key.core/../key.ui/examples/heap/vstte10_05_Queue/LinkedList_inv.key.proof 
117422     DEBUG main            d.u.i.k.p.i.AbstractProblemLoader Environment load took 139.2ns 
117424     INFO  main            d.u.i.k.p.i.AbstractProblemLoader Creating init config 
119944     DEBUG main            d.u.i.k.p.i.AbstractProblemLoader Init config took 2.52s 
119986     INFO  main            d.u.i.k.p.i.AbstractProblemLoader Replaying proof LinkedList[java.lang.Object::<inv>()].JML accessible clause.0 
120015     DEBUG main            d.u.i.k.p.i.IntermediateProofReplayer Proof replay took 26.31ms 
120016     DEBUG main            d.u.i.k.p.r.p.TestFile    ... success: reloaded. 
120017     INFO  main            d.u.i.k.p.r.p.TestFile    Now processing file /home/runner/work/key/key/key.core/../key.ui/examples/heap/vstte10_05_Queue/LinkedList_length.key 
120017     INFO  main            d.u.i.k.p.i.AbstractProblemLoader Loading environment from /home/runner/work/key/key/key.core/../key.ui/examples/heap/vstte10_05_Queue/LinkedList_length.key 
120017     DEBUG main            d.u.i.k.p.i.AbstractProblemLoader Environment load took 64.7ns 
120018     INFO  main            d.u.i.k.p.i.AbstractProblemLoader Creating init config 
122536     DEBUG main            d.u.i.k.p.i.AbstractProblemLoader Init config took 2.52s 
122581     INFO  main            d.u.i.k.p.i.AbstractProblemLoader Replaying proof LinkedList[LinkedList::length()].JML normal_behavior operation contract.0 
122583     DEBUG main            d.u.i.k.p.i.IntermediateProofReplayer Proof replay took 6.6ns 
122685     INFO  main            d.u.i.k.p.r.p.TestFile    ... finished proof: closed. 
122929     INFO  main            d.u.i.k.p.i.AbstractProblemLoader Loading environment from /home/runner/work/key/key/key.core/../key.ui/examples/heap/vstte10_05_Queue/LinkedList_length.key.proof 
122929     DEBUG main            d.u.i.k.p.i.AbstractProblemLoader Environment load took 131.8ns 
122930     INFO  main            d.u.i.k.p.i.AbstractProblemLoader Creating init config 
125475     DEBUG main            d.u.i.k.p.i.AbstractProblemLoader Init config took 2.55s 
125527     INFO  main            d.u.i.k.p.i.AbstractProblemLoader Replaying proof LinkedList[LinkedList::length()].JML normal_behavior operation contract.0 
125543     DEBUG main            d.u.i.k.p.i.IntermediateProofReplayer Proof replay took 14.29ms 
125544     DEBUG main            d.u.i.k.p.r.p.TestFile    ... success: reloaded. 
125545     INFO  main            d.u.i.k.p.r.p.TestFile    Now processing file /home/runner/work/key/key/key.core/../key.ui/examples/heap/vstte10_05_Queue/LinkedList_LinkedList1.key 
125546     INFO  main            d.u.i.k.p.i.AbstractProblemLoader Loading environment from /home/runner/work/key/key/key.core/../key.ui/examples/heap/vstte10_05_Queue/LinkedList_LinkedList1.key 
125546     DEBUG main            d.u.i.k.p.i.AbstractProblemLoader Environment load took 132.8ns 
125547     INFO  main            d.u.i.k.p.i.AbstractProblemLoader Creating init config 
128058     DEBUG main            d.u.i.k.p.i.AbstractProblemLoader Init config took 2.51s 
128103     INFO  main            d.u.i.k.p.i.AbstractProblemLoader Replaying proof LinkedList[LinkedList::LinkedList(int,LinkedList)].JML normal_behavior operation contract.0 
128104     DEBUG main            d.u.i.k.p.i.IntermediateProofReplayer Proof replay took 6.5ns 
130011     INFO  main            d.u.i.k.p.r.p.TestFile    ... finished proof: closed. 
130295     INFO  main            d.u.i.k.p.i.AbstractProblemLoader Loading environment from /home/runner/work/key/key/key.core/../key.ui/examples/heap/vstte10_05_Queue/LinkedList_LinkedList1.key.proof 
130296     DEBUG main            d.u.i.k.p.i.AbstractProblemLoader Environment load took 499.01ns 
130299     INFO  main            d.u.i.k.p.i.AbstractProblemLoader Creating init config 
132766     DEBUG main            d.u.i.k.p.i.AbstractProblemLoader Init config took 2.47s 
132809     INFO  main            d.u.i.k.p.i.AbstractProblemLoader Replaying proof LinkedList[LinkedList::LinkedList(int,LinkedList)].JML normal_behavior operation contract.0 
133063     DEBUG main            d.u.i.k.p.i.IntermediateProofReplayer Proof replay took 246.77ms 
133064     DEBUG main            d.u.i.k.p.r.p.TestFile    ... success: reloaded. 
133066     INFO  main            d.u.i.k.p.r.p.TestFile    Now processing file /home/runner/work/key/key/key.core/../key.ui/examples/heap/vstte10_05_Queue/LinkedList_LinkedList2.key 
133066     INFO  main            d.u.i.k.p.i.AbstractProblemLoader Loading environment from /home/runner/work/key/key/key.core/../key.ui/examples/heap/vstte10_05_Queue/LinkedList_LinkedList2.key 
133066     DEBUG main            d.u.i.k.p.i.AbstractProblemLoader Environment load took 105.3ns 
133067     INFO  main            d.u.i.k.p.i.AbstractProblemLoader Creating init config 
135598     DEBUG main            d.u.i.k.p.i.AbstractProblemLoader Init config took 2.53s 
135668     INFO  main            d.u.i.k.p.i.AbstractProblemLoader Replaying proof LinkedList[LinkedList::LinkedList(int,LinkedList)].JML normal_behavior operation contract.0 
135670     DEBUG main            d.u.i.k.p.i.IntermediateProofReplayer Proof replay took 6.7ns 
137677     INFO  main            d.u.i.k.p.r.p.TestFile    ... finished proof: closed. 
137950     INFO  main            d.u.i.k.p.i.AbstractProblemLoader Loading environment from /home/runner/work/key/key/key.core/../key.ui/examples/heap/vstte10_05_Queue/LinkedList_LinkedList2.key.proof 
137953     DEBUG main            d.u.i.k.p.i.AbstractProblemLoader Environment load took 2.57ms 
137954     INFO  main            d.u.i.k.p.i.AbstractProblemLoader Creating init config 
140419     DEBUG main            d.u.i.k.p.i.AbstractProblemLoader Init config took 2.46s 
140465     INFO  main            d.u.i.k.p.i.AbstractProblemLoader Replaying proof LinkedList[LinkedList::LinkedList(int,LinkedList)].JML normal_behavior operation contract.0 
140734     DEBUG main            d.u.i.k.p.i.IntermediateProofReplayer Proof replay took 259.46ms 
140736     DEBUG main            d.u.i.k.p.r.p.TestFile    ... success: reloaded. 
140737     INFO  main            d.u.i.k.p.r.p.TestFile    Now processing file /home/runner/work/key/key/key.core/../key.ui/examples/heap/vstte10_05_Queue/LinkedList_LinkedList3.key 
140737     INFO  main            d.u.i.k.p.i.AbstractProblemLoader Loading environment from /home/runner/work/key/key/key.core/../key.ui/examples/heap/vstte10_05_Queue/LinkedList_LinkedList3.key 
140737     DEBUG main            d.u.i.k.p.i.AbstractProblemLoader Environment load took 68.9ns 
140738     INFO  main            d.u.i.k.p.i.AbstractProblemLoader Creating init config 
143299     DEBUG main            d.u.i.k.p.i.AbstractProblemLoader Init config took 2.56s 
143343     INFO  main            d.u.i.k.p.i.AbstractProblemLoader Replaying proof LinkedList[LinkedList::LinkedList(int,LinkedList)].JML normal_behavior operation contract.0 
143344     DEBUG main            d.u.i.k.p.i.IntermediateProofReplayer Proof replay took 7.4ns 
157653     INFO  main            d.u.i.k.p.r.p.TestFile    ... finished proof: closed. 
157995     INFO  main            d.u.i.k.p.i.AbstractProblemLoader Loading environment from /home/runner/work/key/key/key.core/../key.ui/examples/heap/vstte10_05_Queue/LinkedList_LinkedList3.key.proof 
157996     DEBUG main            d.u.i.k.p.i.AbstractProblemLoader Environment load took 501.21ns 
158002     INFO  main            d.u.i.k.p.i.AbstractProblemLoader Creating init config 
160443     DEBUG main            d.u.i.k.p.i.AbstractProblemLoader Init config took 2.44s 
160489     INFO  main            d.u.i.k.p.i.AbstractProblemLoader Replaying proof LinkedList[LinkedList::LinkedList(int,LinkedList)].JML normal_behavior operation contract.0 
161708     DEBUG main            d.u.i.k.p.i.IntermediateProofReplayer Proof replay took 1.14s 
161714     DEBUG main            d.u.i.k.p.r.p.TestFile    ... success: reloaded. 
161716     INFO  main            d.u.i.k.p.r.p.TestFile    Now processing file /home/runner/work/key/key/key.core/../key.ui/examples/heap/vstte10_05_Queue/LinkedList_reverse.key 
161716     INFO  main            d.u.i.k.p.i.AbstractProblemLoader Loading environment from /home/runner/work/key/key/key.core/../key.ui/examples/heap/vstte10_05_Queue/LinkedList_reverse.key 
161716     DEBUG main            d.u.i.k.p.i.AbstractProblemLoader Environment load took 225.4ns 
161717     INFO  main            d.u.i.k.p.i.AbstractProblemLoader Creating init config 
164415     DEBUG main            d.u.i.k.p.i.AbstractProblemLoader Init config took 2.7s 
164460     INFO  main            d.u.i.k.p.i.AbstractProblemLoader Replaying proof LinkedList[LinkedList::reverse()].JML normal_behavior operation contract.0 
164462     DEBUG main            d.u.i.k.p.i.IntermediateProofReplayer Proof replay took 7.2ns 
174072     INFO  main            d.u.i.k.p.r.p.TestFile    ... finished proof: closed. 
174422     INFO  main            d.u.i.k.p.i.AbstractProblemLoader Loading environment from /home/runner/work/key/key/key.core/../key.ui/examples/heap/vstte10_05_Queue/LinkedList_reverse.key.proof 
174423     DEBUG main            d.u.i.k.p.i.AbstractProblemLoader Environment load took 633.31ns 
174425     INFO  main            d.u.i.k.p.i.AbstractProblemLoader Creating init config 
176892     DEBUG main            d.u.i.k.p.i.AbstractProblemLoader Init config took 2.47s 
176950     INFO  main            d.u.i.k.p.i.AbstractProblemLoader Replaying proof LinkedList[LinkedList::reverse()].JML normal_behavior operation contract.0 
177732     DEBUG main            d.u.i.k.p.i.IntermediateProofReplayer Proof replay took 756.77ms 
177735     DEBUG main            d.u.i.k.p.r.p.TestFile    ... success: reloaded. 
177736     INFO  main            d.u.i.k.p.r.p.TestFile    Now processing file /home/runner/work/key/key/key.core/../key.ui/examples/heap/vstte10_05_Queue/LinkedList_tail.key 
177736     INFO  main            d.u.i.k.p.i.AbstractProblemLoader Loading environment from /home/runner/work/key/key/key.core/../key.ui/examples/heap/vstte10_05_Queue/LinkedList_tail.key 
177736     DEBUG main            d.u.i.k.p.i.AbstractProblemLoader Environment load took 86.7ns 
177737     INFO  main            d.u.i.k.p.i.AbstractProblemLoader Creating init config 
180326     DEBUG main            d.u.i.k.p.i.AbstractProblemLoader Init config took 2.59s 
180369     INFO  main            d.u.i.k.p.i.AbstractProblemLoader Replaying proof LinkedList[LinkedList::tail()].JML normal_behavior operation contract.0 
180371     DEBUG main            d.u.i.k.p.i.IntermediateProofReplayer Proof replay took 48.3ns 
180889     INFO  main            d.u.i.k.p.r.p.TestFile    ... finished proof: closed. 
181167     INFO  main            d.u.i.k.p.i.AbstractProblemLoader Loading environment from /home/runner/work/key/key/key.core/../key.ui/examples/heap/vstte10_05_Queue/LinkedList_tail.key.proof 
181167     DEBUG main            d.u.i.k.p.i.AbstractProblemLoader Environment load took 538.81ns 
181168     INFO  main            d.u.i.k.p.i.AbstractProblemLoader Creating init config 
183617     DEBUG main            d.u.i.k.p.i.AbstractProblemLoader Init config took 2.45s 
183659     INFO  main            d.u.i.k.p.i.AbstractProblemLoader Replaying proof LinkedList[LinkedList::tail()].JML normal_behavior operation contract.0 
183761     DEBUG main            d.u.i.k.p.i.IntermediateProofReplayer Proof replay took 98.56ms 
183762     DEBUG main            d.u.i.k.p.r.p.TestFile    ... success: reloaded. 
2409987    INFO  Test worker     d.u.i.k.p.r.RunAllProofsTestUnit Returning from test VSTTE10 
2409988    INFO  Test worker     d.u.i.k.p.r.RunAllProofsTestUnit Running test WeideEtAl 
372        INFO  Timeout watchdog d.u.i.k.p.r.p.ForkedTestFileRunner Timeout watcher launched (2000 secs.) 
389        WARN  main            d.u.i.k.s.ProofSettings   The settings in /home/runner/.key/proof-settings.props are *not* read. 
419        INFO  main            d.u.i.k.p.r.p.TestFile    Now processing file /home/runner/work/key/key/key.core/../key.ui/examples/heap/WeideEtAl_01_AddAndMultiply/AddAndMultiply_add.key 
529        INFO  main            d.u.i.k.p.i.AbstractProblemLoader Loading environment from /home/runner/work/key/key/key.core/../key.ui/examples/heap/WeideEtAl_01_AddAndMultiply/AddAndMultiply_add.key 
550        DEBUG main            d.u.i.k.p.i.AbstractProblemLoader Environment load took 2.24ms 
771        INFO  main            d.u.i.k.p.i.AbstractProblemLoader Creating init config 
1761       DEBUG main            d.u.i.k.j.TypeConverter   No LDT found for Meta 
1762       DEBUG main            d.u.i.k.j.TypeConverter   No LDT found for Meta 
1763       DEBUG main            d.u.i.k.j.TypeConverter   No LDT found for Meta 
1763       DEBUG main            d.u.i.k.j.TypeConverter   No LDT found for Meta 
3383       DEBUG main            d.u.i.k.j.TypeConverter   No LDT found for JavaBigintExpression 
8159       DEBUG main            d.u.i.k.p.i.AbstractProblemLoader Init config took 7.39s 
8344       INFO  main            d.u.i.k.p.i.AbstractProblemLoader Replaying proof AddAndMultiply[AddAndMultiply::add(int,int)].JML normal_behavior operation contract.0 
8382       DEBUG main            d.u.i.k.p.i.IntermediateProofReplayer Proof replay took 35.5ns 
9926       INFO  main            d.u.i.k.p.r.p.TestFile    ... finished proof: closed. 
10129      INFO  main            d.u.i.k.p.i.AbstractProblemLoader Loading environment from /home/runner/work/key/key/key.core/../key.ui/examples/heap/WeideEtAl_01_AddAndMultiply/AddAndMultiply_add.key.proof 
10129      DEBUG main            d.u.i.k.p.i.AbstractProblemLoader Environment load took 541.21ns 
10132      INFO  main            d.u.i.k.p.i.AbstractProblemLoader Creating init config 
12936      DEBUG main            d.u.i.k.p.i.AbstractProblemLoader Init config took 2.8s 
12998      INFO  main            d.u.i.k.p.i.AbstractProblemLoader Replaying proof AddAndMultiply[AddAndMultiply::add(int,int)].JML normal_behavior operation contract.0 
13247      DEBUG main            d.u.i.k.p.i.IntermediateProofReplayer Proof replay took 239.19ms 
13254      DEBUG main            d.u.i.k.p.r.p.TestFile    ... success: reloaded. 
13256      INFO  main            d.u.i.k.p.r.p.TestFile    Now processing file /home/runner/work/key/key/key.core/../key.ui/examples/heap/WeideEtAl_01_AddAndMultiply/AddAndMultiply_mul.key 
13257      INFO  main            d.u.i.k.p.i.AbstractProblemLoader Loading environment from /home/runner/work/key/key/key.core/../key.ui/examples/heap/WeideEtAl_01_AddAndMultiply/AddAndMultiply_mul.key 
13257      DEBUG main            d.u.i.k.p.i.AbstractProblemLoader Environment load took 260.6ns 
13259      INFO  main            d.u.i.k.p.i.AbstractProblemLoader Creating init config 
15840      DEBUG main            d.u.i.k.p.i.AbstractProblemLoader Init config took 2.58s 
15897      INFO  main            d.u.i.k.p.i.AbstractProblemLoader Replaying proof AddAndMultiply[AddAndMultiply::mul(int,int)].JML normal_behavior operation contract.0 
15899      DEBUG main            d.u.i.k.p.i.IntermediateProofReplayer Proof replay took 7.3ns 
16407      INFO  main            d.u.i.k.p.r.p.TestFile    ... finished proof: closed. 
16583      INFO  main            d.u.i.k.p.i.AbstractProblemLoader Loading environment from /home/runner/work/key/key/key.core/../key.ui/examples/heap/WeideEtAl_01_AddAndMultiply/AddAndMultiply_mul.key.proof 
16583      DEBUG main            d.u.i.k.p.i.AbstractProblemLoader Environment load took 164.9ns 
16585      INFO  main            d.u.i.k.p.i.AbstractProblemLoader Creating init config 
19211      DEBUG main            d.u.i.k.p.i.AbstractProblemLoader Init config took 2.63s 
19262      INFO  main            d.u.i.k.p.i.AbstractProblemLoader Replaying proof AddAndMultiply[AddAndMultiply::mul(int,int)].JML normal_behavior operation contract.0 
19376      DEBUG main            d.u.i.k.p.i.IntermediateProofReplayer Proof replay took 108.74ms 
19377      DEBUG main            d.u.i.k.p.r.p.TestFile    ... success: reloaded. 
19379      INFO  main            d.u.i.k.p.r.p.TestFile    Now processing file /home/runner/work/key/key/key.core/../key.ui/examples/heap/WeideEtAl_02_BinarySearch/BinarySearch_search.key 
19379      INFO  main            d.u.i.k.p.i.AbstractProblemLoader Loading environment from /home/runner/work/key/key/key.core/../key.ui/examples/heap/WeideEtAl_02_BinarySearch/BinarySearch_search.key 
19379      DEBUG main            d.u.i.k.p.i.AbstractProblemLoader Environment load took 232.2ns 
19381      INFO  main            d.u.i.k.p.i.AbstractProblemLoader Creating init config 
21987      DEBUG main            d.u.i.k.p.i.AbstractProblemLoader Init config took 2.61s 
22041      INFO  main            d.u.i.k.p.i.AbstractProblemLoader Replaying proof BinarySearch[BinarySearch::search([I,int)].JML normal_behavior operation contract.0 
22048      DEBUG main            d.u.i.k.p.i.IntermediateProofReplayer Proof replay took 8ns 
25465      INFO  main            d.u.i.k.p.r.p.TestFile    ... finished proof: closed. 
25659      INFO  main            d.u.i.k.p.i.AbstractProblemLoader Loading environment from /home/runner/work/key/key/key.core/../key.ui/examples/heap/WeideEtAl_02_BinarySearch/BinarySearch_search.key.proof 
25659      DEBUG main            d.u.i.k.p.i.AbstractProblemLoader Environment load took 164.4ns 
25661      INFO  main            d.u.i.k.p.i.AbstractProblemLoader Creating init config 
28132      DEBUG main            d.u.i.k.p.i.AbstractProblemLoader Init config took 2.47s 
28196      INFO  main            d.u.i.k.p.i.AbstractProblemLoader Replaying proof BinarySearch[BinarySearch::search([I,int)].JML normal_behavior operation contract.0 
28742      DEBUG main            d.u.i.k.p.i.IntermediateProofReplayer Proof replay took 527.98ms 
28744      DEBUG main            d.u.i.k.p.r.p.TestFile    ... success: reloaded. 
2438907    INFO  Test worker     d.u.i.k.p.r.RunAllProofsTestUnit Returning from test WeideEtAl 
2438908    INFO  Test worker     d.u.i.k.p.r.RunAllProofsTestUnit Running test arithmetic 
337        INFO  Timeout watchdog d.u.i.k.p.r.p.ForkedTestFileRunner Timeout watcher launched (2000 secs.) 
352        WARN  main            d.u.i.k.s.ProofSettings   The settings in /home/runner/.key/proof-settings.props are *not* read. 
405        INFO  main            d.u.i.k.p.r.p.TestFile    Now processing file /home/runner/work/key/key/key.core/../key.ui/examples/standard_key/arith/binomial1.key 
538        INFO  main            d.u.i.k.p.i.AbstractProblemLoader Loading environment from /home/runner/work/key/key/key.core/../key.ui/examples/standard_key/arith/binomial1.key 
555        DEBUG main            d.u.i.k.p.i.AbstractProblemLoader Environment load took 2.48ms 
787        INFO  main            d.u.i.k.p.i.AbstractProblemLoader Creating init config 
1729       DEBUG main            d.u.i.k.j.TypeConverter   No LDT found for Meta 
1730       DEBUG main            d.u.i.k.j.TypeConverter   No LDT found for Meta 
1734       DEBUG main            d.u.i.k.j.TypeConverter   No LDT found for Meta 
1734       DEBUG main            d.u.i.k.j.TypeConverter   No LDT found for Meta 
3030       DEBUG main            d.u.i.k.j.TypeConverter   No LDT found for JavaBigintExpression 
7732       DEBUG main            d.u.i.k.p.i.AbstractProblemLoader Init config took 6.95s 
7792       INFO  main            d.u.i.k.p.i.AbstractProblemLoader Replaying proof binomial1.key 
7826       DEBUG main            d.u.i.k.p.i.IntermediateProofReplayer Proof replay took 39.7ns 
8088       INFO  main            d.u.i.k.p.r.p.TestFile    ... finished proof: closed. 
8197       INFO  main            d.u.i.k.p.i.AbstractProblemLoader Loading environment from /home/runner/work/key/key/key.core/../key.ui/examples/standard_key/arith/binomial1.key.proof 
8197       DEBUG main            d.u.i.k.p.i.AbstractProblemLoader Environment load took 552.61ns 
8201       INFO  main            d.u.i.k.p.i.AbstractProblemLoader Creating init config 
10979      DEBUG main            d.u.i.k.p.i.AbstractProblemLoader Init config took 2.78s 
11011      INFO  main            d.u.i.k.p.i.AbstractProblemLoader Replaying proof binomial1.key.proof 
11030      DEBUG main            d.u.i.k.p.i.IntermediateProofReplayer Proof replay took 14.18ms 
11041      DEBUG main            d.u.i.k.p.r.p.TestFile    ... success: reloaded. 
11043      INFO  main            d.u.i.k.p.r.p.TestFile    Now processing file /home/runner/work/key/key/key.core/../key.ui/examples/standard_key/arith/binomial2.key 
11043      INFO  main            d.u.i.k.p.i.AbstractProblemLoader Loading environment from /home/runner/work/key/key/key.core/../key.ui/examples/standard_key/arith/binomial2.key 
11043      DEBUG main            d.u.i.k.p.i.AbstractProblemLoader Environment load took 240.9ns 
11045      INFO  main            d.u.i.k.p.i.AbstractProblemLoader Creating init config 
13604      DEBUG main            d.u.i.k.p.i.AbstractProblemLoader Init config took 2.56s 
13644      INFO  main            d.u.i.k.p.i.AbstractProblemLoader Replaying proof binomial2.key 
13654      DEBUG main            d.u.i.k.p.i.IntermediateProofReplayer Proof replay took 8.7ns 
13858      INFO  main            d.u.i.k.p.r.p.TestFile    ... finished proof: closed. 
13997      INFO  main            d.u.i.k.p.i.AbstractProblemLoader Loading environment from /home/runner/work/key/key/key.core/../key.ui/examples/standard_key/arith/binomial2.key.proof 
13999      DEBUG main            d.u.i.k.p.i.AbstractProblemLoader Environment load took 2.17ms 
14002      INFO  main            d.u.i.k.p.i.AbstractProblemLoader Creating init config 
16461      DEBUG main            d.u.i.k.p.i.AbstractProblemLoader Init config took 2.46s 
16493      INFO  main            d.u.i.k.p.i.AbstractProblemLoader Replaying proof binomial2.key.proof 
16506      DEBUG main            d.u.i.k.p.i.IntermediateProofReplayer Proof replay took 10.1ms 
16509      DEBUG main            d.u.i.k.p.r.p.TestFile    ... success: reloaded. 
16511      INFO  main            d.u.i.k.p.r.p.TestFile    Now processing file /home/runner/work/key/key/key.core/../key.ui/examples/standard_key/arith/check_jdiv.key 
16511      INFO  main            d.u.i.k.p.i.AbstractProblemLoader Loading environment from /home/runner/work/key/key/key.core/../key.ui/examples/standard_key/arith/check_jdiv.key 
16511      DEBUG main            d.u.i.k.p.i.AbstractProblemLoader Environment load took 241.5ns 
16513      INFO  main            d.u.i.k.p.i.AbstractProblemLoader Creating init config 
18976      DEBUG main            d.u.i.k.p.i.AbstractProblemLoader Init config took 2.46s 
18999      INFO  main            d.u.i.k.p.i.AbstractProblemLoader Replaying proof check_jdiv.key 
19003      DEBUG main            d.u.i.k.p.i.IntermediateProofReplayer Proof replay took 7.5ns 
24326      INFO  main            d.u.i.k.p.r.p.TestFile    ... finished proof: closed. 
24538      INFO  main            d.u.i.k.p.i.AbstractProblemLoader Loading environment from /home/runner/work/key/key/key.core/../key.ui/examples/standard_key/arith/check_jdiv.key.proof 
24539      DEBUG main            d.u.i.k.p.i.AbstractProblemLoader Environment load took 549.21ns 
24545      INFO  main            d.u.i.k.p.i.AbstractProblemLoader Creating init config 
26968      DEBUG main            d.u.i.k.p.i.AbstractProblemLoader Init config took 2.42s 
26989      INFO  main            d.u.i.k.p.i.AbstractProblemLoader Replaying proof check_jdiv.key.proof 
27355      DEBUG main            d.u.i.k.p.i.IntermediateProofReplayer Proof replay took 334.11ms 
27357      DEBUG main            d.u.i.k.p.r.p.TestFile    ... success: reloaded. 
27359      INFO  main            d.u.i.k.p.r.p.TestFile    Now processing file /home/runner/work/key/key/key.core/../key.ui/examples/standard_key/arith/check_jdiv_concrete.key 
27359      INFO  main            d.u.i.k.p.i.AbstractProblemLoader Loading environment from /home/runner/work/key/key/key.core/../key.ui/examples/standard_key/arith/check_jdiv_concrete.key 
27360      DEBUG main            d.u.i.k.p.i.AbstractProblemLoader Environment load took 243.5ns 
27361      INFO  main            d.u.i.k.p.i.AbstractProblemLoader Creating init config 
29859      DEBUG main            d.u.i.k.p.i.AbstractProblemLoader Init config took 2.5s 
29880      INFO  main            d.u.i.k.p.i.AbstractProblemLoader Replaying proof check_jdiv_concrete.key 
29886      DEBUG main            d.u.i.k.p.i.IntermediateProofReplayer Proof replay took 8.7ns 
29989      INFO  main            d.u.i.k.p.r.p.TestFile    ... finished proof: closed. 
30215      INFO  main            d.u.i.k.p.i.AbstractProblemLoader Loading environment from /home/runner/work/key/key/key.core/../key.ui/examples/standard_key/arith/check_jdiv_concrete.key.proof 
30215      DEBUG main            d.u.i.k.p.i.AbstractProblemLoader Environment load took 141.5ns 
30217      INFO  main            d.u.i.k.p.i.AbstractProblemLoader Creating init config 
32635      DEBUG main            d.u.i.k.p.i.AbstractProblemLoader Init config took 2.42s 
32656      INFO  main            d.u.i.k.p.i.AbstractProblemLoader Replaying proof check_jdiv_concrete.key.proof 
32662      DEBUG main            d.u.i.k.p.i.IntermediateProofReplayer Proof replay took 3.7ms 
32664      DEBUG main            d.u.i.k.p.r.p.TestFile    ... success: reloaded. 
32665      INFO  main            d.u.i.k.p.r.p.TestFile    Now processing file /home/runner/work/key/key/key.core/../key.ui/examples/standard_key/arith/check_jdiv_instantiated.key 
32665      INFO  main            d.u.i.k.p.i.AbstractProblemLoader Loading environment from /home/runner/work/key/key/key.core/../key.ui/examples/standard_key/arith/check_jdiv_instantiated.key 
32666      DEBUG main            d.u.i.k.p.i.AbstractProblemLoader Environment load took 246ns 
32667      INFO  main            d.u.i.k.p.i.AbstractProblemLoader Creating init config 
35096      DEBUG main            d.u.i.k.p.i.AbstractProblemLoader Init config took 2.43s 
35117      INFO  main            d.u.i.k.p.i.AbstractProblemLoader Replaying proof check_jdiv_instantiated.key 
35119      DEBUG main            d.u.i.k.p.i.IntermediateProofReplayer Proof replay took 8.7ns 
38693      INFO  main            d.u.i.k.p.r.p.TestFile    ... finished proof: closed. 
38895      INFO  main            d.u.i.k.p.i.AbstractProblemLoader Loading environment from /home/runner/work/key/key/key.core/../key.ui/examples/standard_key/arith/check_jdiv_instantiated.key.proof 
38896      DEBUG main            d.u.i.k.p.i.AbstractProblemLoader Environment load took 529.61ns 
38898      INFO  main            d.u.i.k.p.i.AbstractProblemLoader Creating init config 
41275      DEBUG main            d.u.i.k.p.i.AbstractProblemLoader Init config took 2.38s 
41316      INFO  main            d.u.i.k.p.i.AbstractProblemLoader Replaying proof check_jdiv_instantiated.key.proof 
41549      DEBUG main            d.u.i.k.p.i.IntermediateProofReplayer Proof replay took 204.42ms 
41551      DEBUG main            d.u.i.k.p.r.p.TestFile    ... success: reloaded. 
41553      INFO  main            d.u.i.k.p.r.p.TestFile    Now processing file /home/runner/work/key/key/key.core/../key.ui/examples/standard_key/arith/check_jmod.key 
41553      INFO  main            d.u.i.k.p.i.AbstractProblemLoader Loading environment from /home/runner/work/key/key/key.core/../key.ui/examples/standard_key/arith/check_jmod.key 
41554      DEBUG main            d.u.i.k.p.i.AbstractProblemLoader Environment load took 302.61ns 
41555      INFO  main            d.u.i.k.p.i.AbstractProblemLoader Creating init config 
43930      DEBUG main            d.u.i.k.p.i.AbstractProblemLoader Init config took 2.37s 
43953      INFO  main            d.u.i.k.p.i.AbstractProblemLoader Replaying proof check_jmod.key 
43956      DEBUG main            d.u.i.k.p.i.IntermediateProofReplayer Proof replay took 6.6ns 
44560      INFO  main            d.u.i.k.p.r.p.TestFile    ... finished proof: closed. 
44780      INFO  main            d.u.i.k.p.i.AbstractProblemLoader Loading environment from /home/runner/work/key/key/key.core/../key.ui/examples/standard_key/arith/check_jmod.key.proof 
44781      DEBUG main            d.u.i.k.p.i.AbstractProblemLoader Environment load took 545.71ns 
44782      INFO  main            d.u.i.k.p.i.AbstractProblemLoader Creating init config 
47087      DEBUG main            d.u.i.k.p.i.AbstractProblemLoader Init config took 2.3s 
47107      INFO  main            d.u.i.k.p.i.AbstractProblemLoader Replaying proof check_jmod.key.proof 
47164      DEBUG main            d.u.i.k.p.i.IntermediateProofReplayer Proof replay took 52.6ms 
47165      DEBUG main            d.u.i.k.p.r.p.TestFile    ... success: reloaded. 
47167      INFO  main            d.u.i.k.p.r.p.TestFile    Now processing file /home/runner/work/key/key/key.core/../key.ui/examples/standard_key/arith/complexExpressions.key 
47167      INFO  main            d.u.i.k.p.i.AbstractProblemLoader Loading environment from /home/runner/work/key/key/key.core/../key.ui/examples/standard_key/arith/complexExpressions.key 
47168      DEBUG main            d.u.i.k.p.i.AbstractProblemLoader Environment load took 593.61ns 
47169      INFO  main            d.u.i.k.p.i.AbstractProblemLoader Creating init config 
49490      DEBUG main            d.u.i.k.p.i.AbstractProblemLoader Init config took 2.32s 
49511      INFO  main            d.u.i.k.p.i.AbstractProblemLoader Replaying proof complexExpressions.key 
49513      DEBUG main            d.u.i.k.p.i.IntermediateProofReplayer Proof replay took 6.2ns 
49719      INFO  main            d.u.i.k.p.r.p.TestFile    ... finished proof: closed. 
49987      INFO  main            d.u.i.k.p.i.AbstractProblemLoader Loading environment from /home/runner/work/key/key/key.core/../key.ui/examples/standard_key/arith/complexExpressions.key.proof 
49987      DEBUG main            d.u.i.k.p.i.AbstractProblemLoader Environment load took 143ns 
49989      INFO  main            d.u.i.k.p.i.AbstractProblemLoader Creating init config 
52324      DEBUG main            d.u.i.k.p.i.AbstractProblemLoader Init config took 2.33s 
52343      INFO  main            d.u.i.k.p.i.AbstractProblemLoader Replaying proof complexExpressions.key.proof 
52361      DEBUG main            d.u.i.k.p.i.IntermediateProofReplayer Proof replay took 16.13ms 
52362      DEBUG main            d.u.i.k.p.r.p.TestFile    ... success: reloaded. 
52363      INFO  main            d.u.i.k.p.r.p.TestFile    Now processing file /home/runner/work/key/key/key.core/../key.ui/examples/standard_key/arith/compound_unaryMinus.key 
52364      INFO  main            d.u.i.k.p.i.AbstractProblemLoader Loading environment from /home/runner/work/key/key/key.core/../key.ui/examples/standard_key/arith/compound_unaryMinus.key 
52364      DEBUG main            d.u.i.k.p.i.AbstractProblemLoader Environment load took 252.9ns 
52365      INFO  main            d.u.i.k.p.i.AbstractProblemLoader Creating init config 
54710      DEBUG main            d.u.i.k.p.i.AbstractProblemLoader Init config took 2.34s 
54728      INFO  main            d.u.i.k.p.i.AbstractProblemLoader Replaying proof compound_unaryMinus.key 
54730      DEBUG main            d.u.i.k.p.i.IntermediateProofReplayer Proof replay took 7.4ns 
54835      INFO  main            d.u.i.k.p.r.p.TestFile    ... finished proof: closed. 
55011      INFO  main            d.u.i.k.p.i.AbstractProblemLoader Loading environment from /home/runner/work/key/key/key.core/../key.ui/examples/standard_key/arith/compound_unaryMinus.key.proof 
55011      DEBUG main            d.u.i.k.p.i.AbstractProblemLoader Environment load took 152.1ns 
55012      INFO  main            d.u.i.k.p.i.AbstractProblemLoader Creating init config 
57333      DEBUG main            d.u.i.k.p.i.AbstractProblemLoader Init config took 2.32s 
57352      INFO  main            d.u.i.k.p.i.AbstractProblemLoader Replaying proof compound_unaryMinus.key.proof 
57363      DEBUG main            d.u.i.k.p.i.IntermediateProofReplayer Proof replay took 8.78ms 
57363      DEBUG main            d.u.i.k.p.r.p.TestFile    ... success: reloaded. 
57364      INFO  main            d.u.i.k.p.r.p.TestFile    Now processing file /home/runner/work/key/key/key.core/../key.ui/examples/standard_key/arith/computation.key 
57365      INFO  main            d.u.i.k.p.i.AbstractProblemLoader Loading environment from /home/runner/work/key/key/key.core/../key.ui/examples/standard_key/arith/computation.key 
57365      DEBUG main            d.u.i.k.p.i.AbstractProblemLoader Environment load took 133.8ns 
57371      INFO  main            d.u.i.k.p.i.AbstractProblemLoader Creating init config 
59766      DEBUG main            d.u.i.k.p.i.AbstractProblemLoader Init config took 2.4s 
59785      INFO  main            d.u.i.k.p.i.AbstractProblemLoader Replaying proof computation.key 
59787      DEBUG main            d.u.i.k.p.i.IntermediateProofReplayer Proof replay took 6ns 
61294      INFO  main            d.u.i.k.p.r.p.TestFile    ... finished proof: closed. 
61524      INFO  main            d.u.i.k.p.i.AbstractProblemLoader Loading environment from /home/runner/work/key/key/key.core/../key.ui/examples/standard_key/arith/computation.key.proof 
61526      DEBUG main            d.u.i.k.p.i.AbstractProblemLoader Environment load took 1.51ms 
61528      INFO  main            d.u.i.k.p.i.AbstractProblemLoader Creating init config 
63799      DEBUG main            d.u.i.k.p.i.AbstractProblemLoader Init config took 2.27s 
63818      INFO  main            d.u.i.k.p.i.AbstractProblemLoader Replaying proof computation.key.proof 
63947      DEBUG main            d.u.i.k.p.i.IntermediateProofReplayer Proof replay took 124.2ms 
63949      DEBUG main            d.u.i.k.p.r.p.TestFile    ... success: reloaded. 
63950      INFO  main            d.u.i.k.p.r.p.TestFile    Now processing file /home/runner/work/key/key/key.core/../key.ui/examples/standard_key/arith/cubicSum.key 
63951      INFO  main            d.u.i.k.p.i.AbstractProblemLoader Loading environment from /home/runner/work/key/key/key.core/../key.ui/examples/standard_key/arith/cubicSum.key 
63951      DEBUG main            d.u.i.k.p.i.AbstractProblemLoader Environment load took 262ns 
63952      INFO  main            d.u.i.k.p.i.AbstractProblemLoader Creating init config 
66515      DEBUG main            d.u.i.k.p.i.AbstractProblemLoader Init config took 2.56s 
66537      INFO  main            d.u.i.k.p.i.AbstractProblemLoader Replaying proof cubicSum.key 
66539      DEBUG main            d.u.i.k.p.i.IntermediateProofReplayer Proof replay took 6.6ns 
67652      INFO  main            d.u.i.k.p.r.p.TestFile    ... finished proof: closed. 
67947      INFO  main            d.u.i.k.p.i.AbstractProblemLoader Loading environment from /home/runner/work/key/key/key.core/../key.ui/examples/standard_key/arith/cubicSum.key.proof 
67949      DEBUG main            d.u.i.k.p.i.AbstractProblemLoader Environment load took 1.32ms 
67950      INFO  main            d.u.i.k.p.i.AbstractProblemLoader Creating init config 
70438      DEBUG main            d.u.i.k.p.i.AbstractProblemLoader Init config took 2.49s 
70457      INFO  main            d.u.i.k.p.i.AbstractProblemLoader Replaying proof cubicSum.key.proof 
70609      DEBUG main            d.u.i.k.p.i.IntermediateProofReplayer Proof replay took 145.18ms 
70611      DEBUG main            d.u.i.k.p.r.p.TestFile    ... success: reloaded. 
70612      INFO  main            d.u.i.k.p.r.p.TestFile    Now processing file /home/runner/work/key/key/key.core/../key.ui/examples/standard_key/arith/divByZero.key 
70612      INFO  main            d.u.i.k.p.i.AbstractProblemLoader Loading environment from /home/runner/work/key/key/key.core/../key.ui/examples/standard_key/arith/divByZero.key 
70613      DEBUG main            d.u.i.k.p.i.AbstractProblemLoader Environment load took 223.1ns 
70614      INFO  main            d.u.i.k.p.i.AbstractProblemLoader Creating init config 
73027      DEBUG main            d.u.i.k.p.i.AbstractProblemLoader Init config took 2.41s 
73056      INFO  main            d.u.i.k.p.i.AbstractProblemLoader Replaying proof divByZero.key 
73059      DEBUG main            d.u.i.k.p.i.IntermediateProofReplayer Proof replay took 7.8ns 
73262      INFO  main            d.u.i.k.p.r.p.TestFile    ... finished proof: closed. 
73479      INFO  main            d.u.i.k.p.i.AbstractProblemLoader Loading environment from /home/runner/work/key/key/key.core/../key.ui/examples/standard_key/arith/divByZero.key.proof 
73479      DEBUG main            d.u.i.k.p.i.AbstractProblemLoader Environment load took 140.4ns 
73481      INFO  main            d.u.i.k.p.i.AbstractProblemLoader Creating init config 
75866      DEBUG main            d.u.i.k.p.i.AbstractProblemLoader Init config took 2.38s 
75884      INFO  main            d.u.i.k.p.i.AbstractProblemLoader Replaying proof divByZero.key.proof 
75919      DEBUG main            d.u.i.k.p.i.IntermediateProofReplayer Proof replay took 33ms 
75920      DEBUG main            d.u.i.k.p.r.p.TestFile    ... success: reloaded. 
75921      INFO  main            d.u.i.k.p.r.p.TestFile    Now processing file /home/runner/work/key/key/key.core/../key.ui/examples/standard_key/arith/divisionAssoc.key 
75922      INFO  main            d.u.i.k.p.i.AbstractProblemLoader Loading environment from /home/runner/work/key/key/key.core/../key.ui/examples/standard_key/arith/divisionAssoc.key 
75922      DEBUG main            d.u.i.k.p.i.AbstractProblemLoader Environment load took 127.2ns 
75923      INFO  main            d.u.i.k.p.i.AbstractProblemLoader Creating init config 
78296      DEBUG main            d.u.i.k.p.i.AbstractProblemLoader Init config took 2.37s 
78312      INFO  main            d.u.i.k.p.i.AbstractProblemLoader Replaying proof divisionAssoc.key 
78314      DEBUG main            d.u.i.k.p.i.IntermediateProofReplayer Proof replay took 7.2ns 
79022      INFO  main            d.u.i.k.p.r.p.TestFile    ... finished proof: closed. 
79257      INFO  main            d.u.i.k.p.i.AbstractProblemLoader Loading environment from /home/runner/work/key/key/key.core/../key.ui/examples/standard_key/arith/divisionAssoc.key.proof 
79257      DEBUG main            d.u.i.k.p.i.AbstractProblemLoader Environment load took 610.41ns 
79259      INFO  main            d.u.i.k.p.i.AbstractProblemLoader Creating init config 
81631      DEBUG main            d.u.i.k.p.i.AbstractProblemLoader Init config took 2.37s 
81647      INFO  main            d.u.i.k.p.i.AbstractProblemLoader Replaying proof divisionAssoc.key.proof 
81686      DEBUG main            d.u.i.k.p.i.IntermediateProofReplayer Proof replay took 34.61ms 
81687      DEBUG main            d.u.i.k.p.r.p.TestFile    ... success: reloaded. 
81688      INFO  main            d.u.i.k.p.r.p.TestFile    Now processing file /home/runner/work/key/key/key.core/../key.ui/examples/standard_key/arith/divisionBy2.key 
81688      INFO  main            d.u.i.k.p.i.AbstractProblemLoader Loading environment from /home/runner/work/key/key/key.core/../key.ui/examples/standard_key/arith/divisionBy2.key 
81688      DEBUG main            d.u.i.k.p.i.AbstractProblemLoader Environment load took 124.8ns 
81689      INFO  main            d.u.i.k.p.i.AbstractProblemLoader Creating init config 
84029      DEBUG main            d.u.i.k.p.i.AbstractProblemLoader Init config took 2.34s 
84043      INFO  main            d.u.i.k.p.i.AbstractProblemLoader Replaying proof divisionBy2.key 
84045      DEBUG main            d.u.i.k.p.i.IntermediateProofReplayer Proof replay took 8ns 
84147      INFO  main            d.u.i.k.p.r.p.TestFile    ... finished proof: closed. 
84380      INFO  main            d.u.i.k.p.i.AbstractProblemLoader Loading environment from /home/runner/work/key/key/key.core/../key.ui/examples/standard_key/arith/divisionBy2.key.proof 
84380      DEBUG main            d.u.i.k.p.i.AbstractProblemLoader Environment load took 136.7ns 
84381      INFO  main            d.u.i.k.p.i.AbstractProblemLoader Creating init config 
86687      DEBUG main            d.u.i.k.p.i.AbstractProblemLoader Init config took 2.31s 
86701      INFO  main            d.u.i.k.p.i.AbstractProblemLoader Replaying proof divisionBy2.key.proof 
86708      DEBUG main            d.u.i.k.p.i.IntermediateProofReplayer Proof replay took 4.71ms 
86709      DEBUG main            d.u.i.k.p.r.p.TestFile    ... success: reloaded. 
86710      INFO  main            d.u.i.k.p.r.p.TestFile    Now processing file /home/runner/work/key/key/key.core/../key.ui/examples/standard_key/arith/euclidean/gcdHelp-post.key 
86710      INFO  main            d.u.i.k.p.i.AbstractProblemLoader Loading environment from /home/runner/work/key/key/key.core/../key.ui/examples/standard_key/arith/euclidean/gcdHelp-post.key 
86711      DEBUG main            d.u.i.k.p.i.AbstractProblemLoader Environment load took 233.4ns 
86712      INFO  main            d.u.i.k.p.i.AbstractProblemLoader Creating init config 
89221      DEBUG main            d.u.i.k.p.i.AbstractProblemLoader Init config took 2.51s 
89237      INFO  main            d.u.i.k.p.i.AbstractProblemLoader Replaying proof gcdHelp-post.key 
89239      DEBUG main            d.u.i.k.p.i.IntermediateProofReplayer Proof replay took 7.9ns 
92459      INFO  main            d.u.i.k.p.r.p.TestFile    ... finished proof: closed. 
92742      INFO  main            d.u.i.k.p.i.AbstractProblemLoader Loading environment from /home/runner/work/key/key/key.core/../key.ui/examples/standard_key/arith/euclidean/gcdHelp-post.key.proof 
92743      DEBUG main            d.u.i.k.p.i.AbstractProblemLoader Environment load took 539.91ns 
92745      INFO  main            d.u.i.k.p.i.AbstractProblemLoader Creating init config 
95137      DEBUG main            d.u.i.k.p.i.AbstractProblemLoader Init config took 2.39s 
95157      INFO  main            d.u.i.k.p.i.AbstractProblemLoader Replaying proof gcdHelp-post.key.proof 
95353      DEBUG main            d.u.i.k.p.i.IntermediateProofReplayer Proof replay took 187.55ms 
95355      DEBUG main            d.u.i.k.p.r.p.TestFile    ... success: reloaded. 
95356      INFO  main            d.u.i.k.p.r.p.TestFile    Now processing file /home/runner/work/key/key/key.core/../key.ui/examples/standard_key/arith/gemplusDecimal/add.key 
95357      INFO  main            d.u.i.k.p.i.AbstractProblemLoader Loading environment from /home/runner/work/key/key/key.core/../key.ui/examples/standard_key/arith/gemplusDecimal/add.key 
95357      DEBUG main            d.u.i.k.p.i.AbstractProblemLoader Environment load took 257.8ns 
95359      INFO  main            d.u.i.k.p.i.AbstractProblemLoader Creating init config 
97838      DEBUG main            d.u.i.k.p.i.AbstractProblemLoader Init config took 2.48s 
97870      INFO  main            d.u.i.k.p.i.AbstractProblemLoader Replaying proof add.key 
97875      DEBUG main            d.u.i.k.p.i.IntermediateProofReplayer Proof replay took 6.9ns 
141699     INFO  main            d.u.i.k.p.r.p.TestFile    ... finished proof: closed. 
142097     INFO  main            d.u.i.k.p.i.AbstractProblemLoader Loading environment from /home/runner/work/key/key/key.core/../key.ui/examples/standard_key/arith/gemplusDecimal/add.key.proof 
142098     DEBUG main            d.u.i.k.p.i.AbstractProblemLoader Environment load took 533.41ns 
142106     INFO  main            d.u.i.k.p.i.AbstractProblemLoader Creating init config 
144469     DEBUG main            d.u.i.k.p.i.AbstractProblemLoader Init config took 2.36s 
144487     INFO  main            d.u.i.k.p.i.AbstractProblemLoader Replaying proof add.key.proof 
148392     DEBUG main            d.u.i.k.p.i.IntermediateProofReplayer Proof replay took 3.78s 
148401     DEBUG main            d.u.i.k.p.r.p.TestFile    ... success: reloaded. 
148402     INFO  main            d.u.i.k.p.r.p.TestFile    Now processing file /home/runner/work/key/key/key.core/../key.ui/examples/standard_key/arith/jdivevenodd.key 
148403     INFO  main            d.u.i.k.p.i.AbstractProblemLoader Loading environment from /home/runner/work/key/key/key.core/../key.ui/examples/standard_key/arith/jdivevenodd.key 
148403     DEBUG main            d.u.i.k.p.i.AbstractProblemLoader Environment load took 105ns 
148404     INFO  main            d.u.i.k.p.i.AbstractProblemLoader Creating init config 
150827     DEBUG main            d.u.i.k.p.i.AbstractProblemLoader Init config took 2.42s 
150841     INFO  main            d.u.i.k.p.i.AbstractProblemLoader Replaying proof jdivevenodd.key 
150843     DEBUG main            d.u.i.k.p.i.IntermediateProofReplayer Proof replay took 6.8ns 
151049     INFO  main            d.u.i.k.p.r.p.TestFile    ... finished proof: closed. 
151415     INFO  main            d.u.i.k.p.i.AbstractProblemLoader Loading environment from /home/runner/work/key/key/key.core/../key.ui/examples/standard_key/arith/jdivevenodd.key.proof 
151415     DEBUG main            d.u.i.k.p.i.AbstractProblemLoader Environment load took 151ns 
151416     INFO  main            d.u.i.k.p.i.AbstractProblemLoader Creating init config 
153707     DEBUG main            d.u.i.k.p.i.AbstractProblemLoader Init config took 2.29s 
153722     INFO  main            d.u.i.k.p.i.AbstractProblemLoader Replaying proof jdivevenodd.key.proof 
153739     DEBUG main            d.u.i.k.p.i.IntermediateProofReplayer Proof replay took 14.04ms 
153741     DEBUG main            d.u.i.k.p.r.p.TestFile    ... success: reloaded. 
153742     INFO  main            d.u.i.k.p.r.p.TestFile    Now processing file /home/runner/work/key/key/key.core/../key.ui/examples/standard_key/arith/median.key 
153742     INFO  main            d.u.i.k.p.i.AbstractProblemLoader Loading environment from /home/runner/work/key/key/key.core/../key.ui/examples/standard_key/arith/median.key 
153743     DEBUG main            d.u.i.k.p.i.AbstractProblemLoader Environment load took 214.6ns 
153744     INFO  main            d.u.i.k.p.i.AbstractProblemLoader Creating init config 
156068     DEBUG main            d.u.i.k.p.i.AbstractProblemLoader Init config took 2.32s 
156084     INFO  main            d.u.i.k.p.i.AbstractProblemLoader Replaying proof median.key 
156086     DEBUG main            d.u.i.k.p.i.IntermediateProofReplayer Proof replay took 7.8ns 
172350     INFO  main            d.u.i.k.p.r.p.TestFile    ... finished proof: closed. 
172697     INFO  main            d.u.i.k.p.i.AbstractProblemLoader Loading environment from /home/runner/work/key/key/key.core/../key.ui/examples/standard_key/arith/median.key.proof 
172698     DEBUG main            d.u.i.k.p.i.AbstractProblemLoader Environment load took 691.31ns 
172702     INFO  main            d.u.i.k.p.i.AbstractProblemLoader Creating init config 
175027     DEBUG main            d.u.i.k.p.i.AbstractProblemLoader Init config took 2.32s 
175044     INFO  main            d.u.i.k.p.i.AbstractProblemLoader Replaying proof median.key.proof 
176222     DEBUG main            d.u.i.k.p.i.IntermediateProofReplayer Proof replay took 1.13s 
176225     DEBUG main            d.u.i.k.p.r.p.TestFile    ... success: reloaded. 
176226     INFO  main            d.u.i.k.p.r.p.TestFile    Now processing file /home/runner/work/key/key/key.core/../key.ui/examples/standard_key/arith/mod1.key 
176227     INFO  main            d.u.i.k.p.i.AbstractProblemLoader Loading environment from /home/runner/work/key/key/key.core/../key.ui/examples/standard_key/arith/mod1.key 
176227     DEBUG main            d.u.i.k.p.i.AbstractProblemLoader Environment load took 98.3ns 
176228     INFO  main            d.u.i.k.p.i.AbstractProblemLoader Creating init config 
178621     DEBUG main            d.u.i.k.p.i.AbstractProblemLoader Init config took 2.39s 
178635     INFO  main            d.u.i.k.p.i.AbstractProblemLoader Replaying proof mod1.key 
178639     DEBUG main            d.u.i.k.p.i.IntermediateProofReplayer Proof replay took 7ns 
178741     INFO  main            d.u.i.k.p.r.p.TestFile    ... finished proof: closed. 
179072     INFO  main            d.u.i.k.p.i.AbstractProblemLoader Loading environment from /home/runner/work/key/key/key.core/../key.ui/examples/standard_key/arith/mod1.key.proof 
179072     DEBUG main            d.u.i.k.p.i.AbstractProblemLoader Environment load took 134.6ns 
179073     INFO  main            d.u.i.k.p.i.AbstractProblemLoader Creating init config 
181361     DEBUG main            d.u.i.k.p.i.AbstractProblemLoader Init config took 2.29s 
181375     INFO  main            d.u.i.k.p.i.AbstractProblemLoader Replaying proof mod1.key.proof 
181379     DEBUG main            d.u.i.k.p.i.IntermediateProofReplayer Proof replay took 2.24ms 
181379     DEBUG main            d.u.i.k.p.r.p.TestFile    ... success: reloaded. 
181380     INFO  main            d.u.i.k.p.r.p.TestFile    Now processing file /home/runner/work/key/key/key.core/../key.ui/examples/standard_key/arith/mod2.key 
181381     INFO  main            d.u.i.k.p.i.AbstractProblemLoader Loading environment from /home/runner/work/key/key/key.core/../key.ui/examples/standard_key/arith/mod2.key 
181381     DEBUG main            d.u.i.k.p.i.AbstractProblemLoader Environment load took 99.7ns 
181382     INFO  main            d.u.i.k.p.i.AbstractProblemLoader Creating init config 
183699     DEBUG main            d.u.i.k.p.i.AbstractProblemLoader Init config took 2.32s 
183713     INFO  main            d.u.i.k.p.i.AbstractProblemLoader Replaying proof mod2.key 
183715     DEBUG main            d.u.i.k.p.i.IntermediateProofReplayer Proof replay took 7.2ns 
183819     INFO  main            d.u.i.k.p.r.p.TestFile    ... finished proof: closed. 
184068     INFO  main            d.u.i.k.p.i.AbstractProblemLoader Loading environment from /home/runner/work/key/key/key.core/../key.ui/examples/standard_key/arith/mod2.key.proof 
184068     DEBUG main            d.u.i.k.p.i.AbstractProblemLoader Environment load took 139.8ns 
184069     INFO  main            d.u.i.k.p.i.AbstractProblemLoader Creating init config 
186354     DEBUG main            d.u.i.k.p.i.AbstractProblemLoader Init config took 2.28s 
186368     INFO  main            d.u.i.k.p.i.AbstractProblemLoader Replaying proof mod2.key.proof 
186371     DEBUG main            d.u.i.k.p.i.IntermediateProofReplayer Proof replay took 1.54ms 
186372     DEBUG main            d.u.i.k.p.r.p.TestFile    ... success: reloaded. 
186373     INFO  main            d.u.i.k.p.r.p.TestFile    Now processing file /home/runner/work/key/key/key.core/../key.ui/examples/standard_key/arith/mod7.key 
186373     INFO  main            d.u.i.k.p.i.AbstractProblemLoader Loading environment from /home/runner/work/key/key/key.core/../key.ui/examples/standard_key/arith/mod7.key 
186373     DEBUG main            d.u.i.k.p.i.AbstractProblemLoader Environment load took 86ns 
186374     INFO  main            d.u.i.k.p.i.AbstractProblemLoader Creating init config 
188717     DEBUG main            d.u.i.k.p.i.AbstractProblemLoader Init config took 2.34s 
188731     INFO  main            d.u.i.k.p.i.AbstractProblemLoader Replaying proof mod7.key 
188733     DEBUG main            d.u.i.k.p.i.IntermediateProofReplayer Proof replay took 7.1ns 
188855     INFO  main            d.u.i.k.p.r.p.TestFile    ... finished proof: closed. 
189094     INFO  main            d.u.i.k.p.i.AbstractProblemLoader Loading environment from /home/runner/work/key/key/key.core/../key.ui/examples/standard_key/arith/mod7.key.proof 
189094     DEBUG main            d.u.i.k.p.i.AbstractProblemLoader Environment load took 119.5ns 
189095     INFO  main            d.u.i.k.p.i.AbstractProblemLoader Creating init config 
191374     DEBUG main            d.u.i.k.p.i.AbstractProblemLoader Init config took 2.28s 
191387     INFO  main            d.u.i.k.p.i.AbstractProblemLoader Replaying proof mod7.key.proof 
191394     DEBUG main            d.u.i.k.p.i.IntermediateProofReplayer Proof replay took 5.07ms 
191395     DEBUG main            d.u.i.k.p.r.p.TestFile    ... success: reloaded. 
191395     INFO  main            d.u.i.k.p.r.p.TestFile    Now processing file /home/runner/work/key/key/key.core/../key.ui/examples/standard_key/arith/overflow_hija.key 
191396     INFO  main            d.u.i.k.p.i.AbstractProblemLoader Loading environment from /home/runner/work/key/key/key.core/../key.ui/examples/standard_key/arith/overflow_hija.key 
191396     DEBUG main            d.u.i.k.p.i.AbstractProblemLoader Environment load took 65.2ns 
191397     INFO  main            d.u.i.k.p.i.AbstractProblemLoader Creating init config 
193787     DEBUG main            d.u.i.k.p.i.AbstractProblemLoader Init config took 2.39s 
193804     INFO  main            d.u.i.k.p.i.AbstractProblemLoader Replaying proof overflow_hija.key 
193806     DEBUG main            d.u.i.k.p.i.IntermediateProofReplayer Proof replay took 7.4ns 
198581     INFO  main            d.u.i.k.p.r.p.TestFile    ... finished proof: closed. 
198892     INFO  main            d.u.i.k.p.i.AbstractProblemLoader Loading environment from /home/runner/work/key/key/key.core/../key.ui/examples/standard_key/arith/overflow_hija.key.proof 
198892     DEBUG main            d.u.i.k.p.i.AbstractProblemLoader Environment load took 136.6ns 
198895     INFO  main            d.u.i.k.p.i.AbstractProblemLoader Creating init config 
201183     DEBUG main            d.u.i.k.p.i.AbstractProblemLoader Init config took 2.29s 
201201     INFO  main            d.u.i.k.p.i.AbstractProblemLoader Replaying proof overflow_hija.key.proof 
201541     DEBUG main            d.u.i.k.p.i.IntermediateProofReplayer Proof replay took 331.14ms 
201543     DEBUG main            d.u.i.k.p.r.p.TestFile    ... success: reloaded. 
201544     INFO  main            d.u.i.k.p.r.p.TestFile    Now processing file /home/runner/work/key/key/key.core/../key.ui/examples/standard_key/arith/poly_division0.key 
201545     INFO  main            d.u.i.k.p.i.AbstractProblemLoader Loading environment from /home/runner/work/key/key/key.core/../key.ui/examples/standard_key/arith/poly_division0.key 
201545     DEBUG main            d.u.i.k.p.i.AbstractProblemLoader Environment load took 238ns 
201546     INFO  main            d.u.i.k.p.i.AbstractProblemLoader Creating init config 
203911     DEBUG main            d.u.i.k.p.i.AbstractProblemLoader Init config took 2.36s 
203924     INFO  main            d.u.i.k.p.i.AbstractProblemLoader Replaying proof poly_division0.key 
203925     DEBUG main            d.u.i.k.p.i.IntermediateProofReplayer Proof replay took 8.4ns 
204027     INFO  main            d.u.i.k.p.r.p.TestFile    ... finished proof: closed. 
204330     INFO  main            d.u.i.k.p.i.AbstractProblemLoader Loading environment from /home/runner/work/key/key/key.core/../key.ui/examples/standard_key/arith/poly_division0.key.proof 
204330     DEBUG main            d.u.i.k.p.i.AbstractProblemLoader Environment load took 127.4ns 
204332     INFO  main            d.u.i.k.p.i.AbstractProblemLoader Creating init config 
206602     DEBUG main            d.u.i.k.p.i.AbstractProblemLoader Init config took 2.27s 
206616     INFO  main            d.u.i.k.p.i.AbstractProblemLoader Replaying proof poly_division0.key.proof 
206625     DEBUG main            d.u.i.k.p.i.IntermediateProofReplayer Proof replay took 7.34ms 
206626     DEBUG main            d.u.i.k.p.r.p.TestFile    ... success: reloaded. 
206627     INFO  main            d.u.i.k.p.r.p.TestFile    Now processing file /home/runner/work/key/key/key.core/../key.ui/examples/standard_key/arith/poly_division1.key 
206627     INFO  main            d.u.i.k.p.i.AbstractProblemLoader Loading environment from /home/runner/work/key/key/key.core/../key.ui/examples/standard_key/arith/poly_division1.key 
206627     DEBUG main            d.u.i.k.p.i.AbstractProblemLoader Environment load took 56.4ns 
206628     INFO  main            d.u.i.k.p.i.AbstractProblemLoader Creating init config 
208962     DEBUG main            d.u.i.k.p.i.AbstractProblemLoader Init config took 2.33s 
208979     INFO  main            d.u.i.k.p.i.AbstractProblemLoader Replaying proof poly_division1.key 
208980     DEBUG main            d.u.i.k.p.i.IntermediateProofReplayer Proof replay took 7.4ns 
209082     INFO  main            d.u.i.k.p.r.p.TestFile    ... finished proof: closed. 
209368     INFO  main            d.u.i.k.p.i.AbstractProblemLoader Loading environment from /home/runner/work/key/key/key.core/../key.ui/examples/standard_key/arith/poly_division1.key.proof 
209368     DEBUG main            d.u.i.k.p.i.AbstractProblemLoader Environment load took 127.3ns 
209369     INFO  main            d.u.i.k.p.i.AbstractProblemLoader Creating init config 
211646     DEBUG main            d.u.i.k.p.i.AbstractProblemLoader Init config took 2.28s 
211660     INFO  main            d.u.i.k.p.i.AbstractProblemLoader Replaying proof poly_division1.key.proof 
211667     DEBUG main            d.u.i.k.p.i.IntermediateProofReplayer Proof replay took 5.83ms 
211668     DEBUG main            d.u.i.k.p.r.p.TestFile    ... success: reloaded. 
211669     INFO  main            d.u.i.k.p.r.p.TestFile    Now processing file /home/runner/work/key/key/key.core/../key.ui/examples/standard_key/inEqSimp/division.key 
211669     INFO  main            d.u.i.k.p.i.AbstractProblemLoader Loading environment from /home/runner/work/key/key/key.core/../key.ui/examples/standard_key/inEqSimp/division.key 
211669     DEBUG main            d.u.i.k.p.i.AbstractProblemLoader Environment load took 91.9ns 
211670     INFO  main            d.u.i.k.p.i.AbstractProblemLoader Creating init config 
214002     DEBUG main            d.u.i.k.p.i.AbstractProblemLoader Init config took 2.33s 
214016     INFO  main            d.u.i.k.p.i.AbstractProblemLoader Replaying proof division.key 
214018     DEBUG main            d.u.i.k.p.i.IntermediateProofReplayer Proof replay took 8.5ns 
216056     INFO  main            d.u.i.k.p.r.p.TestFile    ... finished proof: closed. 
216351     INFO  main            d.u.i.k.p.i.AbstractProblemLoader Loading environment from /home/runner/work/key/key/key.core/../key.ui/examples/standard_key/inEqSimp/division.key.proof 
216351     DEBUG main            d.u.i.k.p.i.AbstractProblemLoader Environment load took 141.8ns 
216352     INFO  main            d.u.i.k.p.i.AbstractProblemLoader Creating init config 
218621     DEBUG main            d.u.i.k.p.i.AbstractProblemLoader Init config took 2.27s 
218636     INFO  main            d.u.i.k.p.i.AbstractProblemLoader Replaying proof division.key.proof 
218705     DEBUG main            d.u.i.k.p.i.IntermediateProofReplayer Proof replay took 62.16ms 
218707     DEBUG main            d.u.i.k.p.r.p.TestFile    ... success: reloaded. 
218708     INFO  main            d.u.i.k.p.r.p.TestFile    Now processing file /home/runner/work/key/key/key.core/../key.ui/examples/standard_key/inEqSimp/inequations0.key 
218708     INFO  main            d.u.i.k.p.i.AbstractProblemLoader Loading environment from /home/runner/work/key/key/key.core/../key.ui/examples/standard_key/inEqSimp/inequations0.key 
218708     DEBUG main            d.u.i.k.p.i.AbstractProblemLoader Environment load took 207ns 
218709     INFO  main            d.u.i.k.p.i.AbstractProblemLoader Creating init config 
221052     DEBUG main            d.u.i.k.p.i.AbstractProblemLoader Init config took 2.34s 
221065     INFO  main            d.u.i.k.p.i.AbstractProblemLoader Replaying proof inequations0.key 
221066     DEBUG main            d.u.i.k.p.i.IntermediateProofReplayer Proof replay took 39.5ns 
221171     INFO  main            d.u.i.k.p.r.p.TestFile    ... finished proof: closed. 
221481     INFO  main            d.u.i.k.p.i.AbstractProblemLoader Loading environment from /home/runner/work/key/key/key.core/../key.ui/examples/standard_key/inEqSimp/inequations0.key.proof 
221481     DEBUG main            d.u.i.k.p.i.AbstractProblemLoader Environment load took 125.4ns 
221482     INFO  main            d.u.i.k.p.i.AbstractProblemLoader Creating init config 
223741     DEBUG main            d.u.i.k.p.i.AbstractProblemLoader Init config took 2.26s 
223755     INFO  main            d.u.i.k.p.i.AbstractProblemLoader Replaying proof inequations0.key.proof 
223759     DEBUG main            d.u.i.k.p.i.IntermediateProofReplayer Proof replay took 2.12ms 
223760     DEBUG main            d.u.i.k.p.r.p.TestFile    ... success: reloaded. 
223760     INFO  main            d.u.i.k.p.r.p.TestFile    Now processing file /home/runner/work/key/key/key.core/../key.ui/examples/standard_key/inEqSimp/inequations1.key 
223760     INFO  main            d.u.i.k.p.i.AbstractProblemLoader Loading environment from /home/runner/work/key/key/key.core/../key.ui/examples/standard_key/inEqSimp/inequations1.key 
223761     DEBUG main            d.u.i.k.p.i.AbstractProblemLoader Environment load took 206.6ns 
223762     INFO  main            d.u.i.k.p.i.AbstractProblemLoader Creating init config 
226098     DEBUG main            d.u.i.k.p.i.AbstractProblemLoader Init config took 2.34s 
226111     INFO  main            d.u.i.k.p.i.AbstractProblemLoader Replaying proof inequations1.key 
226112     DEBUG main            d.u.i.k.p.i.IntermediateProofReplayer Proof replay took 3.3ns 
226214     INFO  main            d.u.i.k.p.r.p.TestFile    ... finished proof: closed. 
226504     INFO  main            d.u.i.k.p.i.AbstractProblemLoader Loading environment from /home/runner/work/key/key/key.core/../key.ui/examples/standard_key/inEqSimp/inequations1.key.proof 
226505     DEBUG main            d.u.i.k.p.i.AbstractProblemLoader Environment load took 118.7ns 
226506     INFO  main            d.u.i.k.p.i.AbstractProblemLoader Creating init config 
228770     DEBUG main            d.u.i.k.p.i.AbstractProblemLoader Init config took 2.26s 
228784     INFO  main            d.u.i.k.p.i.AbstractProblemLoader Replaying proof inequations1.key.proof 
228787     DEBUG main            d.u.i.k.p.i.IntermediateProofReplayer Proof replay took 1.25ms 
228788     DEBUG main            d.u.i.k.p.r.p.TestFile    ... success: reloaded. 
228788     INFO  main            d.u.i.k.p.r.p.TestFile    Now processing file /home/runner/work/key/key/key.core/../key.ui/examples/standard_key/inEqSimp/inequations2.key 
228789     INFO  main            d.u.i.k.p.i.AbstractProblemLoader Loading environment from /home/runner/work/key/key/key.core/../key.ui/examples/standard_key/inEqSimp/inequations2.key 
228789     DEBUG main            d.u.i.k.p.i.AbstractProblemLoader Environment load took 57.8ns 
228789     INFO  main            d.u.i.k.p.i.AbstractProblemLoader Creating init config 
231109     DEBUG main            d.u.i.k.p.i.AbstractProblemLoader Init config took 2.32s 
231123     INFO  main            d.u.i.k.p.i.AbstractProblemLoader Replaying proof inequations2.key 
231124     DEBUG main            d.u.i.k.p.i.IntermediateProofReplayer Proof replay took 3ns 
231225     INFO  main            d.u.i.k.p.r.p.TestFile    ... finished proof: closed. 
231512     INFO  main            d.u.i.k.p.i.AbstractProblemLoader Loading environment from /home/runner/work/key/key/key.core/../key.ui/examples/standard_key/inEqSimp/inequations2.key.proof 
231512     DEBUG main            d.u.i.k.p.i.AbstractProblemLoader Environment load took 115.7ns 
231513     INFO  main            d.u.i.k.p.i.AbstractProblemLoader Creating init config 
233773     DEBUG main            d.u.i.k.p.i.AbstractProblemLoader Init config took 2.26s 
233788     INFO  main            d.u.i.k.p.i.AbstractProblemLoader Replaying proof inequations2.key.proof 
233792     DEBUG main            d.u.i.k.p.i.IntermediateProofReplayer Proof replay took 1.49ms 
233793     DEBUG main            d.u.i.k.p.r.p.TestFile    ... success: reloaded. 
233793     INFO  main            d.u.i.k.p.r.p.TestFile    Now processing file /home/runner/work/key/key/key.core/../key.ui/examples/standard_key/inEqSimp/linApprox.key 
233794     INFO  main            d.u.i.k.p.i.AbstractProblemLoader Loading environment from /home/runner/work/key/key/key.core/../key.ui/examples/standard_key/inEqSimp/linApprox.key 
233794     DEBUG main            d.u.i.k.p.i.AbstractProblemLoader Environment load took 224ns 
233795     INFO  main            d.u.i.k.p.i.AbstractProblemLoader Creating init config 
236105     DEBUG main            d.u.i.k.p.i.AbstractProblemLoader Init config took 2.31s 
236119     INFO  main            d.u.i.k.p.i.AbstractProblemLoader Replaying proof linApprox.key 
236121     DEBUG main            d.u.i.k.p.i.IntermediateProofReplayer Proof replay took 3.4ns 
236227     INFO  main            d.u.i.k.p.r.p.TestFile    ... finished proof: closed. 
236528     INFO  main            d.u.i.k.p.i.AbstractProblemLoader Loading environment from /home/runner/work/key/key/key.core/../key.ui/examples/standard_key/inEqSimp/linApprox.key.proof 
236528     DEBUG main            d.u.i.k.p.i.AbstractProblemLoader Environment load took 125ns 
236529     INFO  main            d.u.i.k.p.i.AbstractProblemLoader Creating init config 
238797     DEBUG main            d.u.i.k.p.i.AbstractProblemLoader Init config took 2.27s 
238811     INFO  main            d.u.i.k.p.i.AbstractProblemLoader Replaying proof linApprox.key.proof 
238815     DEBUG main            d.u.i.k.p.i.IntermediateProofReplayer Proof replay took 2.44ms 
238815     DEBUG main            d.u.i.k.p.r.p.TestFile    ... success: reloaded. 
238816     INFO  main            d.u.i.k.p.r.p.TestFile    Now processing file /home/runner/work/key/key/key.core/../key.ui/examples/standard_key/inEqSimp/nonLinInEqExample0.key 
238816     INFO  main            d.u.i.k.p.i.AbstractProblemLoader Loading environment from /home/runner/work/key/key/key.core/../key.ui/examples/standard_key/inEqSimp/nonLinInEqExample0.key 
238816     DEBUG main            d.u.i.k.p.i.AbstractProblemLoader Environment load took 53.1ns 
238817     INFO  main            d.u.i.k.p.i.AbstractProblemLoader Creating init config 
241115     DEBUG main            d.u.i.k.p.i.AbstractProblemLoader Init config took 2.3s 
241129     INFO  main            d.u.i.k.p.i.AbstractProblemLoader Replaying proof nonLinInEqExample0.key 
241131     DEBUG main            d.u.i.k.p.i.IntermediateProofReplayer Proof replay took 3.6ns 
241233     INFO  main            d.u.i.k.p.r.p.TestFile    ... finished proof: closed. 
241533     INFO  main            d.u.i.k.p.i.AbstractProblemLoader Loading environment from /home/runner/work/key/key/key.core/../key.ui/examples/standard_key/inEqSimp/nonLinInEqExample0.key.proof 
241534     DEBUG main            d.u.i.k.p.i.AbstractProblemLoader Environment load took 117.6ns 
241535     INFO  main            d.u.i.k.p.i.AbstractProblemLoader Creating init config 
243806     DEBUG main            d.u.i.k.p.i.AbstractProblemLoader Init config took 2.27s 
243819     INFO  main            d.u.i.k.p.i.AbstractProblemLoader Replaying proof nonLinInEqExample0.key.proof 
243822     DEBUG main            d.u.i.k.p.i.IntermediateProofReplayer Proof replay took 993.91ns 
243823     DEBUG main            d.u.i.k.p.r.p.TestFile    ... success: reloaded. 
243823     INFO  main            d.u.i.k.p.r.p.TestFile    Now processing file /home/runner/work/key/key/key.core/../key.ui/examples/standard_key/inEqSimp/nonLinInEqExample2.key 
243824     INFO  main            d.u.i.k.p.i.AbstractProblemLoader Loading environment from /home/runner/work/key/key/key.core/../key.ui/examples/standard_key/inEqSimp/nonLinInEqExample2.key 
243824     DEBUG main            d.u.i.k.p.i.AbstractProblemLoader Environment load took 105ns 
243825     INFO  main            d.u.i.k.p.i.AbstractProblemLoader Creating init config 
246138     DEBUG main            d.u.i.k.p.i.AbstractProblemLoader Init config took 2.31s 
246173     INFO  main            d.u.i.k.p.i.AbstractProblemLoader Replaying proof nonLinInEqExample2.key 
246175     DEBUG main            d.u.i.k.p.i.IntermediateProofReplayer Proof replay took 3.1ns 
246478     INFO  main            d.u.i.k.p.r.p.TestFile    ... finished proof: closed. 
246801     INFO  main            d.u.i.k.p.i.AbstractProblemLoader Loading environment from /home/runner/work/key/key/key.core/../key.ui/examples/standard_key/inEqSimp/nonLinInEqExample2.key.proof 
246802     DEBUG main            d.u.i.k.p.i.AbstractProblemLoader Environment load took 467.11ns 
246803     INFO  main            d.u.i.k.p.i.AbstractProblemLoader Creating init config 
249064     DEBUG main            d.u.i.k.p.i.AbstractProblemLoader Init config took 2.26s 
249077     INFO  main            d.u.i.k.p.i.AbstractProblemLoader Replaying proof nonLinInEqExample2.key.proof 
249104     DEBUG main            d.u.i.k.p.i.IntermediateProofReplayer Proof replay took 23.89ms 
249106     DEBUG main            d.u.i.k.p.r.p.TestFile    ... success: reloaded. 
249107     INFO  main            d.u.i.k.p.r.p.TestFile    Now processing file /home/runner/work/key/key/key.core/../key.ui/examples/standard_key/inEqSimp/nonLinInEqExample3.key 
249107     INFO  main            d.u.i.k.p.i.AbstractProblemLoader Loading environment from /home/runner/work/key/key/key.core/../key.ui/examples/standard_key/inEqSimp/nonLinInEqExample3.key 
249107     DEBUG main            d.u.i.k.p.i.AbstractProblemLoader Environment load took 61.6ns 
249108     INFO  main            d.u.i.k.p.i.AbstractProblemLoader Creating init config 
251418     DEBUG main            d.u.i.k.p.i.AbstractProblemLoader Init config took 2.31s 
251431     INFO  main            d.u.i.k.p.i.AbstractProblemLoader Replaying proof nonLinInEqExample3.key 
251434     DEBUG main            d.u.i.k.p.i.IntermediateProofReplayer Proof replay took 2.9ns 
251640     INFO  main            d.u.i.k.p.r.p.TestFile    ... finished proof: closed. 
251975     INFO  main            d.u.i.k.p.i.AbstractProblemLoader Loading environment from /home/runner/work/key/key/key.core/../key.ui/examples/standard_key/inEqSimp/nonLinInEqExample3.key.proof 
251975     DEBUG main            d.u.i.k.p.i.AbstractProblemLoader Environment load took 124.9ns 
251976     INFO  main            d.u.i.k.p.i.AbstractProblemLoader Creating init config 
254226     DEBUG main            d.u.i.k.p.i.AbstractProblemLoader Init config took 2.25s 
254239     INFO  main            d.u.i.k.p.i.AbstractProblemLoader Replaying proof nonLinInEqExample3.key.proof 
254257     DEBUG main            d.u.i.k.p.i.IntermediateProofReplayer Proof replay took 15.41ms 
254258     DEBUG main            d.u.i.k.p.r.p.TestFile    ... success: reloaded. 
254259     INFO  main            d.u.i.k.p.r.p.TestFile    Now processing file /home/runner/work/key/key/key.core/../key.ui/examples/standard_key/inEqSimp/nonLinInEqExample4.key 
254259     INFO  main            d.u.i.k.p.i.AbstractProblemLoader Loading environment from /home/runner/work/key/key/key.core/../key.ui/examples/standard_key/inEqSimp/nonLinInEqExample4.key 
254259     DEBUG main            d.u.i.k.p.i.AbstractProblemLoader Environment load took 83.6ns 
254260     INFO  main            d.u.i.k.p.i.AbstractProblemLoader Creating init config 
256605     DEBUG main            d.u.i.k.p.i.AbstractProblemLoader Init config took 2.35s 
256618     INFO  main            d.u.i.k.p.i.AbstractProblemLoader Replaying proof nonLinInEqExample4.key 
256620     DEBUG main            d.u.i.k.p.i.IntermediateProofReplayer Proof replay took 3.7ns 
256723     INFO  main            d.u.i.k.p.r.p.TestFile    ... finished proof: closed. 
257056     INFO  main            d.u.i.k.p.i.AbstractProblemLoader Loading environment from /home/runner/work/key/key/key.core/../key.ui/examples/standard_key/inEqSimp/nonLinInEqExample4.key.proof 
257057     DEBUG main            d.u.i.k.p.i.AbstractProblemLoader Environment load took 121.6ns 
257058     INFO  main            d.u.i.k.p.i.AbstractProblemLoader Creating init config 
259305     DEBUG main            d.u.i.k.p.i.AbstractProblemLoader Init config took 2.25s 
259319     INFO  main            d.u.i.k.p.i.AbstractProblemLoader Replaying proof nonLinInEqExample4.key.proof 
259324     DEBUG main            d.u.i.k.p.i.IntermediateProofReplayer Proof replay took 3.44ms 
259324     DEBUG main            d.u.i.k.p.r.p.TestFile    ... success: reloaded. 
259325     INFO  main            d.u.i.k.p.r.p.TestFile    Now processing file /home/runner/work/key/key/key.core/../key.ui/examples/standard_key/inEqSimp/quadraticInEq.key 
259326     INFO  main            d.u.i.k.p.i.AbstractProblemLoader Loading environment from /home/runner/work/key/key/key.core/../key.ui/examples/standard_key/inEqSimp/quadraticInEq.key 
259326     DEBUG main            d.u.i.k.p.i.AbstractProblemLoader Environment load took 74.5ns 
259327     INFO  main            d.u.i.k.p.i.AbstractProblemLoader Creating init config 
261613     DEBUG main            d.u.i.k.p.i.AbstractProblemLoader Init config took 2.29s 
261627     INFO  main            d.u.i.k.p.i.AbstractProblemLoader Replaying proof quadraticInEq.key 
261629     DEBUG main            d.u.i.k.p.i.IntermediateProofReplayer Proof replay took 3.7ns 
261932     INFO  main            d.u.i.k.p.r.p.TestFile    ... finished proof: closed. 
262258     INFO  main            d.u.i.k.p.i.AbstractProblemLoader Loading environment from /home/runner/work/key/key/key.core/../key.ui/examples/standard_key/inEqSimp/quadraticInEq.key.proof 
262258     DEBUG main            d.u.i.k.p.i.AbstractProblemLoader Environment load took 123.9ns 
262260     INFO  main            d.u.i.k.p.i.AbstractProblemLoader Creating init config 
264507     DEBUG main            d.u.i.k.p.i.AbstractProblemLoader Init config took 2.25s 
264522     INFO  main            d.u.i.k.p.i.AbstractProblemLoader Replaying proof quadraticInEq.key.proof 
264559     DEBUG main            d.u.i.k.p.i.IntermediateProofReplayer Proof replay took 33.11ms 
264561     DEBUG main            d.u.i.k.p.r.p.TestFile    ... success: reloaded. 
264562     INFO  main            d.u.i.k.p.r.p.TestFile    Now processing file /home/runner/work/key/key/key.core/../key.ui/examples/standard_key/inEqSimp/quadraticInEq10.key 
264563     INFO  main            d.u.i.k.p.i.AbstractProblemLoader Loading environment from /home/runner/work/key/key/key.core/../key.ui/examples/standard_key/inEqSimp/quadraticInEq10.key 
264563     DEBUG main            d.u.i.k.p.i.AbstractProblemLoader Environment load took 202.9ns 
264564     INFO  main            d.u.i.k.p.i.AbstractProblemLoader Creating init config 
266854     DEBUG main            d.u.i.k.p.i.AbstractProblemLoader Init config took 2.29s 
266868     INFO  main            d.u.i.k.p.i.AbstractProblemLoader Replaying proof quadraticInEq10.key 
266870     DEBUG main            d.u.i.k.p.i.IntermediateProofReplayer Proof replay took 3.3ns 
267072     INFO  main            d.u.i.k.p.r.p.TestFile    ... finished proof: closed. 
267409     INFO  main            d.u.i.k.p.i.AbstractProblemLoader Loading environment from /home/runner/work/key/key/key.core/../key.ui/examples/standard_key/inEqSimp/quadraticInEq10.key.proof 
267409     DEBUG main            d.u.i.k.p.i.AbstractProblemLoader Environment load took 125.7ns 
267411     INFO  main            d.u.i.k.p.i.AbstractProblemLoader Creating init config 
269656     DEBUG main            d.u.i.k.p.i.AbstractProblemLoader Init config took 2.25s 
269670     INFO  main            d.u.i.k.p.i.AbstractProblemLoader Replaying proof quadraticInEq10.key.proof 
269684     DEBUG main            d.u.i.k.p.i.IntermediateProofReplayer Proof replay took 11.41ms 
269685     DEBUG main            d.u.i.k.p.r.p.TestFile    ... success: reloaded. 
269686     INFO  main            d.u.i.k.p.r.p.TestFile    Now processing file /home/runner/work/key/key/key.core/../key.ui/examples/standard_key/inEqSimp/quadraticInEq13.key 
269686     INFO  main            d.u.i.k.p.i.AbstractProblemLoader Loading environment from /home/runner/work/key/key/key.core/../key.ui/examples/standard_key/inEqSimp/quadraticInEq13.key 
269686     DEBUG main            d.u.i.k.p.i.AbstractProblemLoader Environment load took 53.2ns 
269687     INFO  main            d.u.i.k.p.i.AbstractProblemLoader Creating init config 
271979     DEBUG main            d.u.i.k.p.i.AbstractProblemLoader Init config took 2.29s 
271992     INFO  main            d.u.i.k.p.i.AbstractProblemLoader Replaying proof quadraticInEq13.key 
271993     DEBUG main            d.u.i.k.p.i.IntermediateProofReplayer Proof replay took 3.8ns 
272196     INFO  main            d.u.i.k.p.r.p.TestFile    ... finished proof: closed. 
272553     INFO  main            d.u.i.k.p.i.AbstractProblemLoader Loading environment from /home/runner/work/key/key/key.core/../key.ui/examples/standard_key/inEqSimp/quadraticInEq13.key.proof 
272554     DEBUG main            d.u.i.k.p.i.AbstractProblemLoader Environment load took 104.8ns 
272555     INFO  main            d.u.i.k.p.i.AbstractProblemLoader Creating init config 
274806     DEBUG main            d.u.i.k.p.i.AbstractProblemLoader Init config took 2.25s 
274820     INFO  main            d.u.i.k.p.i.AbstractProblemLoader Replaying proof quadraticInEq13.key.proof 
274837     DEBUG main            d.u.i.k.p.i.IntermediateProofReplayer Proof replay took 14.66ms 
274838     DEBUG main            d.u.i.k.p.r.p.TestFile    ... success: reloaded. 
274839     INFO  main            d.u.i.k.p.r.p.TestFile    Now processing file /home/runner/work/key/key/key.core/../key.ui/examples/standard_key/inEqSimp/quadraticInEq14.key 
274839     INFO  main            d.u.i.k.p.i.AbstractProblemLoader Loading environment from /home/runner/work/key/key/key.core/../key.ui/examples/standard_key/inEqSimp/quadraticInEq14.key 
274839     DEBUG main            d.u.i.k.p.i.AbstractProblemLoader Environment load took 58.2ns 
274840     INFO  main            d.u.i.k.p.i.AbstractProblemLoader Creating init config 
277137     DEBUG main            d.u.i.k.p.i.AbstractProblemLoader Init config took 2.3s 
277151     INFO  main            d.u.i.k.p.i.AbstractProblemLoader Replaying proof quadraticInEq14.key 
277152     DEBUG main            d.u.i.k.p.i.IntermediateProofReplayer Proof replay took 4.3ns 
277455     INFO  main            d.u.i.k.p.r.p.TestFile    ... finished proof: closed. 
277824     INFO  main            d.u.i.k.p.i.AbstractProblemLoader Loading environment from /home/runner/work/key/key/key.core/../key.ui/examples/standard_key/inEqSimp/quadraticInEq14.key.proof 
277824     DEBUG main            d.u.i.k.p.i.AbstractProblemLoader Environment load took 111.6ns 
277826     INFO  main            d.u.i.k.p.i.AbstractProblemLoader Creating init config 
280076     DEBUG main            d.u.i.k.p.i.AbstractProblemLoader Init config took 2.25s 
280089     INFO  main            d.u.i.k.p.i.AbstractProblemLoader Replaying proof quadraticInEq14.key.proof 
280110     DEBUG main            d.u.i.k.p.i.IntermediateProofReplayer Proof replay took 17.37ms 
280110     DEBUG main            d.u.i.k.p.r.p.TestFile    ... success: reloaded. 
280111     INFO  main            d.u.i.k.p.r.p.TestFile    Now processing file /home/runner/work/key/key/key.core/../key.ui/examples/standard_key/inEqSimp/quadraticInEq2.key 
280112     INFO  main            d.u.i.k.p.i.AbstractProblemLoader Loading environment from /home/runner/work/key/key/key.core/../key.ui/examples/standard_key/inEqSimp/quadraticInEq2.key 
280112     DEBUG main            d.u.i.k.p.i.AbstractProblemLoader Environment load took 80.9ns 
280112     INFO  main            d.u.i.k.p.i.AbstractProblemLoader Creating init config 
282415     DEBUG main            d.u.i.k.p.i.AbstractProblemLoader Init config took 2.3s 
282429     INFO  main            d.u.i.k.p.i.AbstractProblemLoader Replaying proof quadraticInEq2.key 
282432     DEBUG main            d.u.i.k.p.i.IntermediateProofReplayer Proof replay took 3.6ns 
282535     INFO  main            d.u.i.k.p.r.p.TestFile    ... finished proof: closed. 
282888     INFO  main            d.u.i.k.p.i.AbstractProblemLoader Loading environment from /home/runner/work/key/key/key.core/../key.ui/examples/standard_key/inEqSimp/quadraticInEq2.key.proof 
282888     DEBUG main            d.u.i.k.p.i.AbstractProblemLoader Environment load took 105.8ns 
282889     INFO  main            d.u.i.k.p.i.AbstractProblemLoader Creating init config 
285146     DEBUG main            d.u.i.k.p.i.AbstractProblemLoader Init config took 2.26s 
285159     INFO  main            d.u.i.k.p.i.AbstractProblemLoader Replaying proof quadraticInEq2.key.proof 
285163     DEBUG main            d.u.i.k.p.i.IntermediateProofReplayer Proof replay took 2.02ms 
285164     DEBUG main            d.u.i.k.p.r.p.TestFile    ... success: reloaded. 
285164     INFO  main            d.u.i.k.p.r.p.TestFile    Now processing file /home/runner/work/key/key/key.core/../key.ui/examples/standard_key/inEqSimp/quadraticInEq3.key 
285165     INFO  main            d.u.i.k.p.i.AbstractProblemLoader Loading environment from /home/runner/work/key/key/key.core/../key.ui/examples/standard_key/inEqSimp/quadraticInEq3.key 
285165     DEBUG main            d.u.i.k.p.i.AbstractProblemLoader Environment load took 50ns 
285166     INFO  main            d.u.i.k.p.i.AbstractProblemLoader Creating init config 
287460     DEBUG main            d.u.i.k.p.i.AbstractProblemLoader Init config took 2.29s 
287473     INFO  main            d.u.i.k.p.i.AbstractProblemLoader Replaying proof quadraticInEq3.key 
287475     DEBUG main            d.u.i.k.p.i.IntermediateProofReplayer Proof replay took 4.2ns 
287577     INFO  main            d.u.i.k.p.r.p.TestFile    ... finished proof: closed. 
287927     INFO  main            d.u.i.k.p.i.AbstractProblemLoader Loading environment from /home/runner/work/key/key/key.core/../key.ui/examples/standard_key/inEqSimp/quadraticInEq3.key.proof 
287927     DEBUG main            d.u.i.k.p.i.AbstractProblemLoader Environment load took 101.1ns 
287928     INFO  main            d.u.i.k.p.i.AbstractProblemLoader Creating init config 
290175     DEBUG main            d.u.i.k.p.i.AbstractProblemLoader Init config took 2.25s 
290188     INFO  main            d.u.i.k.p.i.AbstractProblemLoader Replaying proof quadraticInEq3.key.proof 
290196     DEBUG main            d.u.i.k.p.i.IntermediateProofReplayer Proof replay took 5.68ms 
290196     DEBUG main            d.u.i.k.p.r.p.TestFile    ... success: reloaded. 
290197     INFO  main            d.u.i.k.p.r.p.TestFile    Now processing file /home/runner/work/key/key/key.core/../key.ui/examples/standard_key/inEqSimp/quadraticInEq4.key 
290197     INFO  main            d.u.i.k.p.i.AbstractProblemLoader Loading environment from /home/runner/work/key/key/key.core/../key.ui/examples/standard_key/inEqSimp/quadraticInEq4.key 
290197     DEBUG main            d.u.i.k.p.i.AbstractProblemLoader Environment load took 101.1ns 
290198     INFO  main            d.u.i.k.p.i.AbstractProblemLoader Creating init config 
292493     DEBUG main            d.u.i.k.p.i.AbstractProblemLoader Init config took 2.29s 
292507     INFO  main            d.u.i.k.p.i.AbstractProblemLoader Replaying proof quadraticInEq4.key 
292509     DEBUG main            d.u.i.k.p.i.IntermediateProofReplayer Proof replay took 3.8ns 
292613     INFO  main            d.u.i.k.p.r.p.TestFile    ... finished proof: closed. 
292970     INFO  main            d.u.i.k.p.i.AbstractProblemLoader Loading environment from /home/runner/work/key/key/key.core/../key.ui/examples/standard_key/inEqSimp/quadraticInEq4.key.proof 
292970     DEBUG main            d.u.i.k.p.i.AbstractProblemLoader Environment load took 122.5ns 
292971     INFO  main            d.u.i.k.p.i.AbstractProblemLoader Creating init config 
295219     DEBUG main            d.u.i.k.p.i.AbstractProblemLoader Init config took 2.25s 
295233     INFO  main            d.u.i.k.p.i.AbstractProblemLoader Replaying proof quadraticInEq4.key.proof 
295239     DEBUG main            d.u.i.k.p.i.IntermediateProofReplayer Proof replay took 3.93ms 
295240     DEBUG main            d.u.i.k.p.r.p.TestFile    ... success: reloaded. 
295242     INFO  main            d.u.i.k.p.r.p.TestFile    Now processing file /home/runner/work/key/key/key.core/../key.ui/examples/standard_key/inEqSimp/quadraticInEq5.key 
295242     INFO  main            d.u.i.k.p.i.AbstractProblemLoader Loading environment from /home/runner/work/key/key/key.core/../key.ui/examples/standard_key/inEqSimp/quadraticInEq5.key 
295242     DEBUG main            d.u.i.k.p.i.AbstractProblemLoader Environment load took 378ns 
295243     INFO  main            d.u.i.k.p.i.AbstractProblemLoader Creating init config 
297545     DEBUG main            d.u.i.k.p.i.AbstractProblemLoader Init config took 2.3s 
297559     INFO  main            d.u.i.k.p.i.AbstractProblemLoader Replaying proof quadraticInEq5.key 
297560     DEBUG main            d.u.i.k.p.i.IntermediateProofReplayer Proof replay took 3.6ns 
297667     INFO  main            d.u.i.k.p.r.p.TestFile    ... finished proof: closed. 
298030     INFO  main            d.u.i.k.p.i.AbstractProblemLoader Loading environment from /home/runner/work/key/key/key.core/../key.ui/examples/standard_key/inEqSimp/quadraticInEq5.key.proof 
298030     DEBUG main            d.u.i.k.p.i.AbstractProblemLoader Environment load took 99.8ns 
298031     INFO  main            d.u.i.k.p.i.AbstractProblemLoader Creating init config 
300283     DEBUG main            d.u.i.k.p.i.AbstractProblemLoader Init config took 2.25s 
300297     INFO  main            d.u.i.k.p.i.AbstractProblemLoader Replaying proof quadraticInEq5.key.proof 
300302     DEBUG main            d.u.i.k.p.i.IntermediateProofReplayer Proof replay took 3.88ms 
300304     DEBUG main            d.u.i.k.p.r.p.TestFile    ... success: reloaded. 
300304     INFO  main            d.u.i.k.p.r.p.TestFile    Now processing file /home/runner/work/key/key/key.core/../key.ui/examples/standard_key/inEqSimp/quadraticInEq6.key 
300305     INFO  main            d.u.i.k.p.i.AbstractProblemLoader Loading environment from /home/runner/work/key/key/key.core/../key.ui/examples/standard_key/inEqSimp/quadraticInEq6.key 
300305     DEBUG main            d.u.i.k.p.i.AbstractProblemLoader Environment load took 57.1ns 
300306     INFO  main            d.u.i.k.p.i.AbstractProblemLoader Creating init config 
302600     DEBUG main            d.u.i.k.p.i.AbstractProblemLoader Init config took 2.29s 
302614     INFO  main            d.u.i.k.p.i.AbstractProblemLoader Replaying proof quadraticInEq6.key 
302616     DEBUG main            d.u.i.k.p.i.IntermediateProofReplayer Proof replay took 4.4ns 
302718     INFO  main            d.u.i.k.p.r.p.TestFile    ... finished proof: closed. 
303085     INFO  main            d.u.i.k.p.i.AbstractProblemLoader Loading environment from /home/runner/work/key/key/key.core/../key.ui/examples/standard_key/inEqSimp/quadraticInEq6.key.proof 
303085     DEBUG main            d.u.i.k.p.i.AbstractProblemLoader Environment load took 105.6ns 
303086     INFO  main            d.u.i.k.p.i.AbstractProblemLoader Creating init config 
305329     DEBUG main            d.u.i.k.p.i.AbstractProblemLoader Init config took 2.24s 
305343     INFO  main            d.u.i.k.p.i.AbstractProblemLoader Replaying proof quadraticInEq6.key.proof 
305348     DEBUG main            d.u.i.k.p.i.IntermediateProofReplayer Proof replay took 3.65ms 
305349     DEBUG main            d.u.i.k.p.r.p.TestFile    ... success: reloaded. 
305350     INFO  main            d.u.i.k.p.r.p.TestFile    Now processing file /home/runner/work/key/key/key.core/../key.ui/examples/standard_key/inEqSimp/quadraticInEq7.key 
305351     INFO  main            d.u.i.k.p.i.AbstractProblemLoader Loading environment from /home/runner/work/key/key/key.core/../key.ui/examples/standard_key/inEqSimp/quadraticInEq7.key 
305351     DEBUG main            d.u.i.k.p.i.AbstractProblemLoader Environment load took 95.9ns 
305351     INFO  main            d.u.i.k.p.i.AbstractProblemLoader Creating init config 
307640     DEBUG main            d.u.i.k.p.i.AbstractProblemLoader Init config took 2.29s 
307654     INFO  main            d.u.i.k.p.i.AbstractProblemLoader Replaying proof quadraticInEq7.key 
307655     DEBUG main            d.u.i.k.p.i.IntermediateProofReplayer Proof replay took 3.7ns 
307757     INFO  main            d.u.i.k.p.r.p.TestFile    ... finished proof: closed. 
308134     INFO  main            d.u.i.k.p.i.AbstractProblemLoader Loading environment from /home/runner/work/key/key/key.core/../key.ui/examples/standard_key/inEqSimp/quadraticInEq7.key.proof 
308134     DEBUG main            d.u.i.k.p.i.AbstractProblemLoader Environment load took 104.2ns 
308135     INFO  main            d.u.i.k.p.i.AbstractProblemLoader Creating init config 
310376     DEBUG main            d.u.i.k.p.i.AbstractProblemLoader Init config took 2.24s 
310390     INFO  main            d.u.i.k.p.i.AbstractProblemLoader Replaying proof quadraticInEq7.key.proof 
310394     DEBUG main            d.u.i.k.p.i.IntermediateProofReplayer Proof replay took 2.89ms 
310395     DEBUG main            d.u.i.k.p.r.p.TestFile    ... success: reloaded. 
310396     INFO  main            d.u.i.k.p.r.p.TestFile    Now processing file /home/runner/work/key/key/key.core/../key.ui/examples/standard_key/inEqSimp/quadraticInEq8.key 
310396     INFO  main            d.u.i.k.p.i.AbstractProblemLoader Loading environment from /home/runner/work/key/key/key.core/../key.ui/examples/standard_key/inEqSimp/quadraticInEq8.key 
310397     DEBUG main            d.u.i.k.p.i.AbstractProblemLoader Environment load took 205.2ns 
310402     INFO  main            d.u.i.k.p.i.AbstractProblemLoader Creating init config 
312707     DEBUG main            d.u.i.k.p.i.AbstractProblemLoader Init config took 2.3s 
312720     INFO  main            d.u.i.k.p.i.AbstractProblemLoader Replaying proof quadraticInEq8.key 
312722     DEBUG main            d.u.i.k.p.i.IntermediateProofReplayer Proof replay took 3.3ns 
312824     INFO  main            d.u.i.k.p.r.p.TestFile    ... finished proof: closed. 
313209     INFO  main            d.u.i.k.p.i.AbstractProblemLoader Loading environment from /home/runner/work/key/key/key.core/../key.ui/examples/standard_key/inEqSimp/quadraticInEq8.key.proof 
313209     DEBUG main            d.u.i.k.p.i.AbstractProblemLoader Environment load took 108.7ns 
313210     INFO  main            d.u.i.k.p.i.AbstractProblemLoader Creating init config 
315454     DEBUG main            d.u.i.k.p.i.AbstractProblemLoader Init config took 2.24s 
315478     INFO  main            d.u.i.k.p.i.AbstractProblemLoader Replaying proof quadraticInEq8.key.proof 
315486     DEBUG main            d.u.i.k.p.i.IntermediateProofReplayer Proof replay took 6.48ms 
315487     DEBUG main            d.u.i.k.p.r.p.TestFile    ... success: reloaded. 
315488     INFO  main            d.u.i.k.p.r.p.TestFile    Now processing file /home/runner/work/key/key/key.core/../key.ui/examples/standard_key/inEqSimp/simplify0.key 
315488     INFO  main            d.u.i.k.p.i.AbstractProblemLoader Loading environment from /home/runner/work/key/key/key.core/../key.ui/examples/standard_key/inEqSimp/simplify0.key 
315488     DEBUG main            d.u.i.k.p.i.AbstractProblemLoader Environment load took 83.9ns 
315489     INFO  main            d.u.i.k.p.i.AbstractProblemLoader Creating init config 
317787     DEBUG main            d.u.i.k.p.i.AbstractProblemLoader Init config took 2.3s 
317801     INFO  main            d.u.i.k.p.i.AbstractProblemLoader Replaying proof simplify0.key 
317802     DEBUG main            d.u.i.k.p.i.IntermediateProofReplayer Proof replay took 3ns 
317904     INFO  main            d.u.i.k.p.r.p.TestFile    ... finished proof: closed. 
318297     INFO  main            d.u.i.k.p.i.AbstractProblemLoader Loading environment from /home/runner/work/key/key/key.core/../key.ui/examples/standard_key/inEqSimp/simplify0.key.proof 
318297     DEBUG main            d.u.i.k.p.i.AbstractProblemLoader Environment load took 100.6ns 
318299     INFO  main            d.u.i.k.p.i.AbstractProblemLoader Creating init config 
320558     DEBUG main            d.u.i.k.p.i.AbstractProblemLoader Init config took 2.26s 
320573     INFO  main            d.u.i.k.p.i.AbstractProblemLoader Replaying proof simplify0.key.proof 
320576     DEBUG main            d.u.i.k.p.i.IntermediateProofReplayer Proof replay took 2.1ms 
320577     DEBUG main            d.u.i.k.p.r.p.TestFile    ... success: reloaded. 
320578     INFO  main            d.u.i.k.p.r.p.TestFile    Now processing file /home/runner/work/key/key/key.core/../key.ui/examples/standard_key/inEqSimp/simplify1.key 
320578     INFO  main            d.u.i.k.p.i.AbstractProblemLoader Loading environment from /home/runner/work/key/key/key.core/../key.ui/examples/standard_key/inEqSimp/simplify1.key 
320578     DEBUG main            d.u.i.k.p.i.AbstractProblemLoader Environment load took 49.6ns 
320579     INFO  main            d.u.i.k.p.i.AbstractProblemLoader Creating init config 
322881     DEBUG main            d.u.i.k.p.i.AbstractProblemLoader Init config took 2.3s 
322894     INFO  main            d.u.i.k.p.i.AbstractProblemLoader Replaying proof simplify1.key 
322896     DEBUG main            d.u.i.k.p.i.IntermediateProofReplayer Proof replay took 2.5ns 
323003     INFO  main            d.u.i.k.p.r.p.TestFile    ... finished proof: closed. 
323399     INFO  main            d.u.i.k.p.i.AbstractProblemLoader Loading environment from /home/runner/work/key/key/key.core/../key.ui/examples/standard_key/inEqSimp/simplify1.key.proof 
323399     DEBUG main            d.u.i.k.p.i.AbstractProblemLoader Environment load took 89.7ns 
323400     INFO  main            d.u.i.k.p.i.AbstractProblemLoader Creating init config 
325646     DEBUG main            d.u.i.k.p.i.AbstractProblemLoader Init config took 2.25s 
325660     INFO  main            d.u.i.k.p.i.AbstractProblemLoader Replaying proof simplify1.key.proof 
325662     DEBUG main            d.u.i.k.p.i.IntermediateProofReplayer Proof replay took 1.18ms 
325663     DEBUG main            d.u.i.k.p.r.p.TestFile    ... success: reloaded. 
325663     INFO  main            d.u.i.k.p.r.p.TestFile    Now processing file /home/runner/work/key/key/key.core/../key.ui/examples/standard_key/inEqSimp/simplify2.key 
325664     INFO  main            d.u.i.k.p.i.AbstractProblemLoader Loading environment from /home/runner/work/key/key/key.core/../key.ui/examples/standard_key/inEqSimp/simplify2.key 
325664     DEBUG main            d.u.i.k.p.i.AbstractProblemLoader Environment load took 47.1ns 
325665     INFO  main            d.u.i.k.p.i.AbstractProblemLoader Creating init config 
327957     DEBUG main            d.u.i.k.p.i.AbstractProblemLoader Init config took 2.29s 
327970     INFO  main            d.u.i.k.p.i.AbstractProblemLoader Replaying proof simplify2.key 
327971     DEBUG main            d.u.i.k.p.i.IntermediateProofReplayer Proof replay took 2.7ns 
328073     INFO  main            d.u.i.k.p.r.p.TestFile    ... finished proof: closed. 
328481     INFO  main            d.u.i.k.p.i.AbstractProblemLoader Loading environment from /home/runner/work/key/key/key.core/../key.ui/examples/standard_key/inEqSimp/simplify2.key.proof 
328481     DEBUG main            d.u.i.k.p.i.AbstractProblemLoader Environment load took 102.9ns 
328482     INFO  main            d.u.i.k.p.i.AbstractProblemLoader Creating init config 
330746     DEBUG main            d.u.i.k.p.i.AbstractProblemLoader Init config took 2.26s 
330759     INFO  main            d.u.i.k.p.i.AbstractProblemLoader Replaying proof simplify2.key.proof 
330773     DEBUG main            d.u.i.k.p.i.IntermediateProofReplayer Proof replay took 10.1ms 
330774     DEBUG main            d.u.i.k.p.r.p.TestFile    ... success: reloaded. 
330774     INFO  main            d.u.i.k.p.r.p.TestFile    Now processing file /home/runner/work/key/key/key.core/../key.ui/examples/standard_key/inEqSimp/simplify3.key 
330774     INFO  main            d.u.i.k.p.i.AbstractProblemLoader Loading environment from /home/runner/work/key/key/key.core/../key.ui/examples/standard_key/inEqSimp/simplify3.key 
330774     DEBUG main            d.u.i.k.p.i.AbstractProblemLoader Environment load took 47.9ns 
330775     INFO  main            d.u.i.k.p.i.AbstractProblemLoader Creating init config 
333072     DEBUG main            d.u.i.k.p.i.AbstractProblemLoader Init config took 2.3s 
333085     INFO  main            d.u.i.k.p.i.AbstractProblemLoader Replaying proof simplify3.key 
333086     DEBUG main            d.u.i.k.p.i.IntermediateProofReplayer Proof replay took 2.4ns 
333188     INFO  main            d.u.i.k.p.r.p.TestFile    ... finished proof: closed. 
333592     INFO  main            d.u.i.k.p.i.AbstractProblemLoader Loading environment from /home/runner/work/key/key/key.core/../key.ui/examples/standard_key/inEqSimp/simplify3.key.proof 
333592     DEBUG main            d.u.i.k.p.i.AbstractProblemLoader Environment load took 94ns 
333593     INFO  main            d.u.i.k.p.i.AbstractProblemLoader Creating init config 
335842     DEBUG main            d.u.i.k.p.i.AbstractProblemLoader Init config took 2.25s 
335856     INFO  main            d.u.i.k.p.i.AbstractProblemLoader Replaying proof simplify3.key.proof 
335859     DEBUG main            d.u.i.k.p.i.IntermediateProofReplayer Proof replay took 1.73ms 
335859     DEBUG main            d.u.i.k.p.r.p.TestFile    ... success: reloaded. 
335860     INFO  main            d.u.i.k.p.r.p.TestFile    Now processing file /home/runner/work/key/key/key.core/../key.ui/examples/standard_key/inEqSimp/simplify4.key 
335860     INFO  main            d.u.i.k.p.i.AbstractProblemLoader Loading environment from /home/runner/work/key/key/key.core/../key.ui/examples/standard_key/inEqSimp/simplify4.key 
335860     DEBUG main            d.u.i.k.p.i.AbstractProblemLoader Environment load took 45.9ns 
335861     INFO  main            d.u.i.k.p.i.AbstractProblemLoader Creating init config 
338154     DEBUG main            d.u.i.k.p.i.AbstractProblemLoader Init config took 2.29s 
338174     INFO  main            d.u.i.k.p.i.AbstractProblemLoader Replaying proof simplify4.key 
338175     DEBUG main            d.u.i.k.p.i.IntermediateProofReplayer Proof replay took 2.8ns 
338277     INFO  main            d.u.i.k.p.r.p.TestFile    ... finished proof: closed. 
338709     INFO  main            d.u.i.k.p.i.AbstractProblemLoader Loading environment from /home/runner/work/key/key/key.core/../key.ui/examples/standard_key/inEqSimp/simplify4.key.proof 
338709     DEBUG main            d.u.i.k.p.i.AbstractProblemLoader Environment load took 98ns 
338710     INFO  main            d.u.i.k.p.i.AbstractProblemLoader Creating init config 
340971     DEBUG main            d.u.i.k.p.i.AbstractProblemLoader Init config took 2.26s 
340986     INFO  main            d.u.i.k.p.i.AbstractProblemLoader Replaying proof simplify4.key.proof 
341000     DEBUG main            d.u.i.k.p.i.IntermediateProofReplayer Proof replay took 11.68ms 
341001     DEBUG main            d.u.i.k.p.r.p.TestFile    ... success: reloaded. 
341002     INFO  main            d.u.i.k.p.r.p.TestFile    Now processing file /home/runner/work/key/key/key.core/../key.ui/examples/standard_key/inEqSimp/simplify5.key 
341002     INFO  main            d.u.i.k.p.i.AbstractProblemLoader Loading environment from /home/runner/work/key/key/key.core/../key.ui/examples/standard_key/inEqSimp/simplify5.key 
341002     DEBUG main            d.u.i.k.p.i.AbstractProblemLoader Environment load took 81.4ns 
341003     INFO  main            d.u.i.k.p.i.AbstractProblemLoader Creating init config 
343321     DEBUG main            d.u.i.k.p.i.AbstractProblemLoader Init config took 2.32s 
343335     INFO  main            d.u.i.k.p.i.AbstractProblemLoader Replaying proof simplify5.key 
343337     DEBUG main            d.u.i.k.p.i.IntermediateProofReplayer Proof replay took 15.4ns 
343845     INFO  main            d.u.i.k.p.r.p.TestFile    ... finished proof: closed. 
344298     INFO  main            d.u.i.k.p.i.AbstractProblemLoader Loading environment from /home/runner/work/key/key/key.core/../key.ui/examples/standard_key/inEqSimp/simplify5.key.proof 
344299     DEBUG main            d.u.i.k.p.i.AbstractProblemLoader Environment load took 95.2ns 
344300     INFO  main            d.u.i.k.p.i.AbstractProblemLoader Creating init config 
346548     DEBUG main            d.u.i.k.p.i.AbstractProblemLoader Init config took 2.25s 
346562     INFO  main            d.u.i.k.p.i.AbstractProblemLoader Replaying proof simplify5.key.proof 
346624     DEBUG main            d.u.i.k.p.i.IntermediateProofReplayer Proof replay took 57.89ms 
346626     DEBUG main            d.u.i.k.p.r.p.TestFile    ... success: reloaded. 
346631     INFO  main            d.u.i.k.p.r.p.TestFile    Now processing file /home/runner/work/key/key/key.core/../key.ui/examples/standard_key/inEqSimp/subsumptionExample.key 
346631     INFO  main            d.u.i.k.p.i.AbstractProblemLoader Loading environment from /home/runner/work/key/key/key.core/../key.ui/examples/standard_key/inEqSimp/subsumptionExample.key 
346631     DEBUG main            d.u.i.k.p.i.AbstractProblemLoader Environment load took 98.6ns 
346632     INFO  main            d.u.i.k.p.i.AbstractProblemLoader Creating init config 
348938     DEBUG main            d.u.i.k.p.i.AbstractProblemLoader Init config took 2.31s 
348952     INFO  main            d.u.i.k.p.i.AbstractProblemLoader Replaying proof subsumptionExample.key 
348953     DEBUG main            d.u.i.k.p.i.IntermediateProofReplayer Proof replay took 4ns 
349059     INFO  main            d.u.i.k.p.r.p.TestFile    ... finished proof: closed. 
349495     INFO  main            d.u.i.k.p.i.AbstractProblemLoader Loading environment from /home/runner/work/key/key/key.core/../key.ui/examples/standard_key/inEqSimp/subsumptionExample.key.proof 
349495     DEBUG main            d.u.i.k.p.i.AbstractProblemLoader Environment load took 88.7ns 
349496     INFO  main            d.u.i.k.p.i.AbstractProblemLoader Creating init config 
351755     DEBUG main            d.u.i.k.p.i.AbstractProblemLoader Init config took 2.26s 
351771     INFO  main            d.u.i.k.p.i.AbstractProblemLoader Replaying proof subsumptionExample.key.proof 
351774     DEBUG main            d.u.i.k.p.i.IntermediateProofReplayer Proof replay took 948.11ns 
351774     DEBUG main            d.u.i.k.p.r.p.TestFile    ... success: reloaded. 
351775     INFO  main            d.u.i.k.p.r.p.TestFile    Now processing file /home/runner/work/key/key/key.core/../key.ui/examples/standard_key/polySimp/simplify0.key 
351775     INFO  main            d.u.i.k.p.i.AbstractProblemLoader Loading environment from /home/runner/work/key/key/key.core/../key.ui/examples/standard_key/polySimp/simplify0.key 
351775     DEBUG main            d.u.i.k.p.i.AbstractProblemLoader Environment load took 48.7ns 
351776     INFO  main            d.u.i.k.p.i.AbstractProblemLoader Creating init config 
354085     DEBUG main            d.u.i.k.p.i.AbstractProblemLoader Init config took 2.31s 
354099     INFO  main            d.u.i.k.p.i.AbstractProblemLoader Replaying proof simplify0.key 
354100     DEBUG main            d.u.i.k.p.i.IntermediateProofReplayer Proof replay took 4.3ns 
354303     INFO  main            d.u.i.k.p.r.p.TestFile    ... finished proof: closed. 
354748     INFO  main            d.u.i.k.p.i.AbstractProblemLoader Loading environment from /home/runner/work/key/key/key.core/../key.ui/examples/standard_key/polySimp/simplify0.key.proof 
354748     DEBUG main            d.u.i.k.p.i.AbstractProblemLoader Environment load took 90.3ns 
354749     INFO  main            d.u.i.k.p.i.AbstractProblemLoader Creating init config 
356995     DEBUG main            d.u.i.k.p.i.AbstractProblemLoader Init config took 2.25s 
357009     INFO  main            d.u.i.k.p.i.AbstractProblemLoader Replaying proof simplify0.key.proof 
357025     DEBUG main            d.u.i.k.p.i.IntermediateProofReplayer Proof replay took 13.46ms 
357026     DEBUG main            d.u.i.k.p.r.p.TestFile    ... success: reloaded. 
357026     INFO  main            d.u.i.k.p.r.p.TestFile    Now processing file /home/runner/work/key/key/key.core/../key.ui/examples/standard_key/polySimp/simplify1.key 
357026     INFO  main            d.u.i.k.p.i.AbstractProblemLoader Loading environment from /home/runner/work/key/key/key.core/../key.ui/examples/standard_key/polySimp/simplify1.key 
357026     DEBUG main            d.u.i.k.p.i.AbstractProblemLoader Environment load took 101.6ns 
357027     INFO  main            d.u.i.k.p.i.AbstractProblemLoader Creating init config 
359345     DEBUG main            d.u.i.k.p.i.AbstractProblemLoader Init config took 2.32s 
359361     INFO  main            d.u.i.k.p.i.AbstractProblemLoader Replaying proof simplify1.key 
359362     DEBUG main            d.u.i.k.p.i.IntermediateProofReplayer Proof replay took 3.3ns 
359665     INFO  main            d.u.i.k.p.r.p.TestFile    ... finished proof: closed. 
360114     INFO  main            d.u.i.k.p.i.AbstractProblemLoader Loading environment from /home/runner/work/key/key/key.core/../key.ui/examples/standard_key/polySimp/simplify1.key.proof 
360114     DEBUG main            d.u.i.k.p.i.AbstractProblemLoader Environment load took 202.6ns 
360115     INFO  main            d.u.i.k.p.i.AbstractProblemLoader Creating init config 
362370     DEBUG main            d.u.i.k.p.i.AbstractProblemLoader Init config took 2.25s 
362385     INFO  main            d.u.i.k.p.i.AbstractProblemLoader Replaying proof simplify1.key.proof 
362407     DEBUG main            d.u.i.k.p.i.IntermediateProofReplayer Proof replay took 19.39ms 
362408     DEBUG main            d.u.i.k.p.r.p.TestFile    ... success: reloaded. 
362409     INFO  main            d.u.i.k.p.r.p.TestFile    Now processing file /home/runner/work/key/key/key.core/../key.ui/examples/standard_key/polySimp/simplify10.key 
362409     INFO  main            d.u.i.k.p.i.AbstractProblemLoader Loading environment from /home/runner/work/key/key/key.core/../key.ui/examples/standard_key/polySimp/simplify10.key 
362409     DEBUG main            d.u.i.k.p.i.AbstractProblemLoader Environment load took 115.6ns 
362410     INFO  main            d.u.i.k.p.i.AbstractProblemLoader Creating init config 
364736     DEBUG main            d.u.i.k.p.i.AbstractProblemLoader Init config took 2.33s 
364751     INFO  main            d.u.i.k.p.i.AbstractProblemLoader Replaying proof simplify10.key 
364752     DEBUG main            d.u.i.k.p.i.IntermediateProofReplayer Proof replay took 3.2ns 
364954     INFO  main            d.u.i.k.p.r.p.TestFile    ... finished proof: closed. 
365442     INFO  main            d.u.i.k.p.i.AbstractProblemLoader Loading environment from /home/runner/work/key/key/key.core/../key.ui/examples/standard_key/polySimp/simplify10.key.proof 
365443     DEBUG main            d.u.i.k.p.i.AbstractProblemLoader Environment load took 115.4ns 
365444     INFO  main            d.u.i.k.p.i.AbstractProblemLoader Creating init config 
367728     DEBUG main            d.u.i.k.p.i.AbstractProblemLoader Init config took 2.28s 
367744     INFO  main            d.u.i.k.p.i.AbstractProblemLoader Replaying proof simplify10.key.proof 
367773     DEBUG main            d.u.i.k.p.i.IntermediateProofReplayer Proof replay took 26.76ms 
367774     DEBUG main            d.u.i.k.p.r.p.TestFile    ... success: reloaded. 
367775     INFO  main            d.u.i.k.p.r.p.TestFile    Now processing file /home/runner/work/key/key/key.core/../key.ui/examples/standard_key/polySimp/simplify11.key 
367776     INFO  main            d.u.i.k.p.i.AbstractProblemLoader Loading environment from /home/runner/work/key/key/key.core/../key.ui/examples/standard_key/polySimp/simplify11.key 
367776     DEBUG main            d.u.i.k.p.i.AbstractProblemLoader Environment load took 200.9ns 
367777     INFO  main            d.u.i.k.p.i.AbstractProblemLoader Creating init config 
370112     DEBUG main            d.u.i.k.p.i.AbstractProblemLoader Init config took 2.34s 
370127     INFO  main            d.u.i.k.p.i.AbstractProblemLoader Replaying proof simplify11.key 
370128     DEBUG main            d.u.i.k.p.i.IntermediateProofReplayer Proof replay took 3.6ns 
370332     INFO  main            d.u.i.k.p.r.p.TestFile    ... finished proof: closed. 
370805     INFO  main            d.u.i.k.p.i.AbstractProblemLoader Loading environment from /home/runner/work/key/key/key.core/../key.ui/examples/standard_key/polySimp/simplify11.key.proof 
370805     DEBUG main            d.u.i.k.p.i.AbstractProblemLoader Environment load took 98.9ns 
370807     INFO  main            d.u.i.k.p.i.AbstractProblemLoader Creating init config 
373178     DEBUG main            d.u.i.k.p.i.AbstractProblemLoader Init config took 2.37s 
373193     INFO  main            d.u.i.k.p.i.AbstractProblemLoader Replaying proof simplify11.key.proof 
373226     DEBUG main            d.u.i.k.p.i.IntermediateProofReplayer Proof replay took 19.23ms 
373239     DEBUG main            d.u.i.k.p.r.p.TestFile    ... success: reloaded. 
373240     INFO  main            d.u.i.k.p.r.p.TestFile    Now processing file /home/runner/work/key/key/key.core/../key.ui/examples/standard_key/polySimp/simplify12.key 
373240     INFO  main            d.u.i.k.p.i.AbstractProblemLoader Loading environment from /home/runner/work/key/key/key.core/../key.ui/examples/standard_key/polySimp/simplify12.key 
373240     DEBUG main            d.u.i.k.p.i.AbstractProblemLoader Environment load took 212.7ns 
373241     INFO  main            d.u.i.k.p.i.AbstractProblemLoader Creating init config 
375668     DEBUG main            d.u.i.k.p.i.AbstractProblemLoader Init config took 2.43s 
375682     INFO  main            d.u.i.k.p.i.AbstractProblemLoader Replaying proof simplify12.key 
375683     DEBUG main            d.u.i.k.p.i.IntermediateProofReplayer Proof replay took 3.5ns 
375785     INFO  main            d.u.i.k.p.r.p.TestFile    ... finished proof: closed. 
376232     INFO  main            d.u.i.k.p.i.AbstractProblemLoader Loading environment from /home/runner/work/key/key/key.core/../key.ui/examples/standard_key/polySimp/simplify12.key.proof 
376233     DEBUG main            d.u.i.k.p.i.AbstractProblemLoader Environment load took 95.6ns 
376234     INFO  main            d.u.i.k.p.i.AbstractProblemLoader Creating init config 
378470     DEBUG main            d.u.i.k.p.i.AbstractProblemLoader Init config took 2.24s 
378483     INFO  main            d.u.i.k.p.i.AbstractProblemLoader Replaying proof simplify12.key.proof 
378495     DEBUG main            d.u.i.k.p.i.IntermediateProofReplayer Proof replay took 7.94ms 
378495     DEBUG main            d.u.i.k.p.r.p.TestFile    ... success: reloaded. 
378497     INFO  main            d.u.i.k.p.r.p.TestFile    Now processing file /home/runner/work/key/key/key.core/../key.ui/examples/standard_key/polySimp/simplify13.key 
378497     INFO  main            d.u.i.k.p.i.AbstractProblemLoader Loading environment from /home/runner/work/key/key/key.core/../key.ui/examples/standard_key/polySimp/simplify13.key 
378497     DEBUG main            d.u.i.k.p.i.AbstractProblemLoader Environment load took 57.3ns 
378498     INFO  main            d.u.i.k.p.i.AbstractProblemLoader Creating init config 
380772     DEBUG main            d.u.i.k.p.i.AbstractProblemLoader Init config took 2.27s 
380785     INFO  main            d.u.i.k.p.i.AbstractProblemLoader Replaying proof simplify13.key 
380786     DEBUG main            d.u.i.k.p.i.IntermediateProofReplayer Proof replay took 3.6ns 
380888     INFO  main            d.u.i.k.p.r.p.TestFile    ... finished proof: closed. 
381353     INFO  main            d.u.i.k.p.i.AbstractProblemLoader Loading environment from /home/runner/work/key/key/key.core/../key.ui/examples/standard_key/polySimp/simplify13.key.proof 
381353     DEBUG main            d.u.i.k.p.i.AbstractProblemLoader Environment load took 96.4ns 
381354     INFO  main            d.u.i.k.p.i.AbstractProblemLoader Creating init config 
383585     DEBUG main            d.u.i.k.p.i.AbstractProblemLoader Init config took 2.23s 
383599     INFO  main            d.u.i.k.p.i.AbstractProblemLoader Replaying proof simplify13.key.proof 
383606     DEBUG main            d.u.i.k.p.i.IntermediateProofReplayer Proof replay took 4.72ms 
383607     DEBUG main            d.u.i.k.p.r.p.TestFile    ... success: reloaded. 
383607     INFO  main            d.u.i.k.p.r.p.TestFile    Now processing file /home/runner/work/key/key/key.core/../key.ui/examples/standard_key/polySimp/simplify14.key 
383607     INFO  main            d.u.i.k.p.i.AbstractProblemLoader Loading environment from /home/runner/work/key/key/key.core/../key.ui/examples/standard_key/polySimp/simplify14.key 
383607     DEBUG main            d.u.i.k.p.i.AbstractProblemLoader Environment load took 50.8ns 
383608     INFO  main            d.u.i.k.p.i.AbstractProblemLoader Creating init config 
385865     DEBUG main            d.u.i.k.p.i.AbstractProblemLoader Init config took 2.26s 
385879     INFO  main            d.u.i.k.p.i.AbstractProblemLoader Replaying proof simplify14.key 
385880     DEBUG main            d.u.i.k.p.i.IntermediateProofReplayer Proof replay took 3.2ns 
385982     INFO  main            d.u.i.k.p.r.p.TestFile    ... finished proof: closed. 
386442     INFO  main            d.u.i.k.p.i.AbstractProblemLoader Loading environment from /home/runner/work/key/key/key.core/../key.ui/examples/standard_key/polySimp/simplify14.key.proof 
386442     DEBUG main            d.u.i.k.p.i.AbstractProblemLoader Environment load took 119.3ns 
386443     INFO  main            d.u.i.k.p.i.AbstractProblemLoader Creating init config 
388678     DEBUG main            d.u.i.k.p.i.AbstractProblemLoader Init config took 2.24s 
388693     INFO  main            d.u.i.k.p.i.AbstractProblemLoader Replaying proof simplify14.key.proof 
388695     DEBUG main            d.u.i.k.p.i.IntermediateProofReplayer Proof replay took 1.31ms 
388696     DEBUG main            d.u.i.k.p.r.p.TestFile    ... success: reloaded. 
388697     INFO  main            d.u.i.k.p.r.p.TestFile    Now processing file /home/runner/work/key/key/key.core/../key.ui/examples/standard_key/polySimp/simplify15.key 
388697     INFO  main            d.u.i.k.p.i.AbstractProblemLoader Loading environment from /home/runner/work/key/key/key.core/../key.ui/examples/standard_key/polySimp/simplify15.key 
388697     DEBUG main            d.u.i.k.p.i.AbstractProblemLoader Environment load took 45.9ns 
388698     INFO  main            d.u.i.k.p.i.AbstractProblemLoader Creating init config 
390966     DEBUG main            d.u.i.k.p.i.AbstractProblemLoader Init config took 2.27s 
390979     INFO  main            d.u.i.k.p.i.AbstractProblemLoader Replaying proof simplify15.key 
390980     DEBUG main            d.u.i.k.p.i.IntermediateProofReplayer Proof replay took 2.9ns 
391082     INFO  main            d.u.i.k.p.r.p.TestFile    ... finished proof: closed. 
391552     INFO  main            d.u.i.k.p.i.AbstractProblemLoader Loading environment from /home/runner/work/key/key/key.core/../key.ui/examples/standard_key/polySimp/simplify15.key.proof 
391552     DEBUG main            d.u.i.k.p.i.AbstractProblemLoader Environment load took 98.4ns 
391553     INFO  main            d.u.i.k.p.i.AbstractProblemLoader Creating init config 
393800     DEBUG main            d.u.i.k.p.i.AbstractProblemLoader Init config took 2.25s 
393813     INFO  main            d.u.i.k.p.i.AbstractProblemLoader Replaying proof simplify15.key.proof 
393815     DEBUG main            d.u.i.k.p.i.IntermediateProofReplayer Proof replay took 641.01ns 
393816     DEBUG main            d.u.i.k.p.r.p.TestFile    ... success: reloaded. 
393816     INFO  main            d.u.i.k.p.r.p.TestFile    Now processing file /home/runner/work/key/key/key.core/../key.ui/examples/standard_key/polySimp/simplify16.key 
393816     INFO  main            d.u.i.k.p.i.AbstractProblemLoader Loading environment from /home/runner/work/key/key/key.core/../key.ui/examples/standard_key/polySimp/simplify16.key 
393816     DEBUG main            d.u.i.k.p.i.AbstractProblemLoader Environment load took 69.1ns 
393817     INFO  main            d.u.i.k.p.i.AbstractProblemLoader Creating init config 
396089     DEBUG main            d.u.i.k.p.i.AbstractProblemLoader Init config took 2.27s 
396102     INFO  main            d.u.i.k.p.i.AbstractProblemLoader Replaying proof simplify16.key 
396103     DEBUG main            d.u.i.k.p.i.IntermediateProofReplayer Proof replay took 2.7ns 
396205     INFO  main            d.u.i.k.p.r.p.TestFile    ... finished proof: closed. 
396671     INFO  main            d.u.i.k.p.i.AbstractProblemLoader Loading environment from /home/runner/work/key/key/key.core/../key.ui/examples/standard_key/polySimp/simplify16.key.proof 
396671     DEBUG main            d.u.i.k.p.i.AbstractProblemLoader Environment load took 92ns 
396672     INFO  main            d.u.i.k.p.i.AbstractProblemLoader Creating init config 
398915     DEBUG main            d.u.i.k.p.i.AbstractProblemLoader Init config took 2.24s 
398929     INFO  main            d.u.i.k.p.i.AbstractProblemLoader Replaying proof simplify16.key.proof 
398931     DEBUG main            d.u.i.k.p.i.IntermediateProofReplayer Proof replay took 484.71ns 
398931     DEBUG main            d.u.i.k.p.r.p.TestFile    ... success: reloaded. 
398932     INFO  main            d.u.i.k.p.r.p.TestFile    Now processing file /home/runner/work/key/key/key.core/../key.ui/examples/standard_key/polySimp/simplify17.key 
398932     INFO  main            d.u.i.k.p.i.AbstractProblemLoader Loading environment from /home/runner/work/key/key/key.core/../key.ui/examples/standard_key/polySimp/simplify17.key 
398932     DEBUG main            d.u.i.k.p.i.AbstractProblemLoader Environment load took 49.5ns 
398933     INFO  main            d.u.i.k.p.i.AbstractProblemLoader Creating init config 
401191     DEBUG main            d.u.i.k.p.i.AbstractProblemLoader Init config took 2.26s 
401204     INFO  main            d.u.i.k.p.i.AbstractProblemLoader Replaying proof simplify17.key 
401205     DEBUG main            d.u.i.k.p.i.IntermediateProofReplayer Proof replay took 2.5ns 
401307     INFO  main            d.u.i.k.p.r.p.TestFile    ... finished proof: closed. 
401784     INFO  main            d.u.i.k.p.i.AbstractProblemLoader Loading environment from /home/runner/work/key/key/key.core/../key.ui/examples/standard_key/polySimp/simplify17.key.proof 
401784     DEBUG main            d.u.i.k.p.i.AbstractProblemLoader Environment load took 93.9ns 
401785     INFO  main            d.u.i.k.p.i.AbstractProblemLoader Creating init config 
404032     DEBUG main            d.u.i.k.p.i.AbstractProblemLoader Init config took 2.25s 
404046     INFO  main            d.u.i.k.p.i.AbstractProblemLoader Replaying proof simplify17.key.proof 
404052     DEBUG main            d.u.i.k.p.i.IntermediateProofReplayer Proof replay took 5.04ms 
404053     DEBUG main            d.u.i.k.p.r.p.TestFile    ... success: reloaded. 
404053     INFO  main            d.u.i.k.p.r.p.TestFile    Now processing file /home/runner/work/key/key/key.core/../key.ui/examples/standard_key/polySimp/simplify18.key 
404054     INFO  main            d.u.i.k.p.i.AbstractProblemLoader Loading environment from /home/runner/work/key/key/key.core/../key.ui/examples/standard_key/polySimp/simplify18.key 
404054     DEBUG main            d.u.i.k.p.i.AbstractProblemLoader Environment load took 55.3ns 
404055     INFO  main            d.u.i.k.p.i.AbstractProblemLoader Creating init config 
406327     DEBUG main            d.u.i.k.p.i.AbstractProblemLoader Init config took 2.27s 
406341     INFO  main            d.u.i.k.p.i.AbstractProblemLoader Replaying proof simplify18.key 
406342     DEBUG main            d.u.i.k.p.i.IntermediateProofReplayer Proof replay took 2.9ns 
406544     INFO  main            d.u.i.k.p.r.p.TestFile    ... finished proof: closed. 
407048     INFO  main            d.u.i.k.p.i.AbstractProblemLoader Loading environment from /home/runner/work/key/key/key.core/../key.ui/examples/standard_key/polySimp/simplify18.key.proof 
407048     DEBUG main            d.u.i.k.p.i.AbstractProblemLoader Environment load took 92.2ns 
407049     INFO  main            d.u.i.k.p.i.AbstractProblemLoader Creating init config 
409279     DEBUG main            d.u.i.k.p.i.AbstractProblemLoader Init config took 2.23s 
409293     INFO  main            d.u.i.k.p.i.AbstractProblemLoader Replaying proof simplify18.key.proof 
409308     DEBUG main            d.u.i.k.p.i.IntermediateProofReplayer Proof replay took 12.91ms 
409309     DEBUG main            d.u.i.k.p.r.p.TestFile    ... success: reloaded. 
409309     INFO  main            d.u.i.k.p.r.p.TestFile    Now processing file /home/runner/work/key/key/key.core/../key.ui/examples/standard_key/polySimp/simplify19.key 
409309     INFO  main            d.u.i.k.p.i.AbstractProblemLoader Loading environment from /home/runner/work/key/key/key.core/../key.ui/examples/standard_key/polySimp/simplify19.key 
409309     DEBUG main            d.u.i.k.p.i.AbstractProblemLoader Environment load took 54.9ns 
409310     INFO  main            d.u.i.k.p.i.AbstractProblemLoader Creating init config 
411574     DEBUG main            d.u.i.k.p.i.AbstractProblemLoader Init config took 2.26s 
411588     INFO  main            d.u.i.k.p.i.AbstractProblemLoader Replaying proof simplify19.key 
411589     DEBUG main            d.u.i.k.p.i.IntermediateProofReplayer Proof replay took 3.4ns 
414629     INFO  main            d.u.i.k.p.r.p.TestFile    ... finished proof: closed. 
415169     INFO  main            d.u.i.k.p.i.AbstractProblemLoader Loading environment from /home/runner/work/key/key/key.core/../key.ui/examples/standard_key/polySimp/simplify19.key.proof 
415169     DEBUG main            d.u.i.k.p.i.AbstractProblemLoader Environment load took 98.5ns 
415171     INFO  main            d.u.i.k.p.i.AbstractProblemLoader Creating init config 
417406     DEBUG main            d.u.i.k.p.i.AbstractProblemLoader Init config took 2.24s 
417421     INFO  main            d.u.i.k.p.i.AbstractProblemLoader Replaying proof simplify19.key.proof 
417641     DEBUG main            d.u.i.k.p.i.IntermediateProofReplayer Proof replay took 209.78ms 
417642     DEBUG main            d.u.i.k.p.r.p.TestFile    ... success: reloaded. 
417643     INFO  main            d.u.i.k.p.r.p.TestFile    Now processing file /home/runner/work/key/key/key.core/../key.ui/examples/standard_key/polySimp/simplify2.key 
417643     INFO  main            d.u.i.k.p.i.AbstractProblemLoader Loading environment from /home/runner/work/key/key/key.core/../key.ui/examples/standard_key/polySimp/simplify2.key 
417643     DEBUG main            d.u.i.k.p.i.AbstractProblemLoader Environment load took 79.4ns 
417644     INFO  main            d.u.i.k.p.i.AbstractProblemLoader Creating init config 
419949     DEBUG main            d.u.i.k.p.i.AbstractProblemLoader Init config took 2.31s 
419962     INFO  main            d.u.i.k.p.i.AbstractProblemLoader Replaying proof simplify2.key 
419963     DEBUG main            d.u.i.k.p.i.IntermediateProofReplayer Proof replay took 2.7ns 
420065     INFO  main            d.u.i.k.p.r.p.TestFile    ... finished proof: closed. 
420607     INFO  main            d.u.i.k.p.i.AbstractProblemLoader Loading environment from /home/runner/work/key/key/key.core/../key.ui/examples/standard_key/polySimp/simplify2.key.proof 
420607     DEBUG main            d.u.i.k.p.i.AbstractProblemLoader Environment load took 95.7ns 
420608     INFO  main            d.u.i.k.p.i.AbstractProblemLoader Creating init config 
422838     DEBUG main            d.u.i.k.p.i.AbstractProblemLoader Init config took 2.23s 
422852     INFO  main            d.u.i.k.p.i.AbstractProblemLoader Replaying proof simplify2.key.proof 
422854     DEBUG main            d.u.i.k.p.i.IntermediateProofReplayer Proof replay took 835.81ns 
422855     DEBUG main            d.u.i.k.p.r.p.TestFile    ... success: reloaded. 
422855     INFO  main            d.u.i.k.p.r.p.TestFile    Now processing file /home/runner/work/key/key/key.core/../key.ui/examples/standard_key/polySimp/simplify20.key 
422855     INFO  main            d.u.i.k.p.i.AbstractProblemLoader Loading environment from /home/runner/work/key/key/key.core/../key.ui/examples/standard_key/polySimp/simplify20.key 
422856     DEBUG main            d.u.i.k.p.i.AbstractProblemLoader Environment load took 49.6ns 
422856     INFO  main            d.u.i.k.p.i.AbstractProblemLoader Creating init config 
425133     DEBUG main            d.u.i.k.p.i.AbstractProblemLoader Init config took 2.28s 
425146     INFO  main            d.u.i.k.p.i.AbstractProblemLoader Replaying proof simplify20.key 
425147     DEBUG main            d.u.i.k.p.i.IntermediateProofReplayer Proof replay took 3ns 
425751     INFO  main            d.u.i.k.p.r.p.TestFile    ... finished proof: closed. 
426307     INFO  main            d.u.i.k.p.i.AbstractProblemLoader Loading environment from /home/runner/work/key/key/key.core/../key.ui/examples/standard_key/polySimp/simplify20.key.proof 
426308     DEBUG main            d.u.i.k.p.i.AbstractProblemLoader Environment load took 166ns 
426309     INFO  main            d.u.i.k.p.i.AbstractProblemLoader Creating init config 
428544     DEBUG main            d.u.i.k.p.i.AbstractProblemLoader Init config took 2.23s 
428558     INFO  main            d.u.i.k.p.i.AbstractProblemLoader Replaying proof simplify20.key.proof 
428617     DEBUG main            d.u.i.k.p.i.IntermediateProofReplayer Proof replay took 55.13ms 
428619     DEBUG main            d.u.i.k.p.r.p.TestFile    ... success: reloaded. 
428619     INFO  main            d.u.i.k.p.r.p.TestFile    Now processing file /home/runner/work/key/key/key.core/../key.ui/examples/standard_key/polySimp/simplify21.key 
428619     INFO  main            d.u.i.k.p.i.AbstractProblemLoader Loading environment from /home/runner/work/key/key/key.core/../key.ui/examples/standard_key/polySimp/simplify21.key 
428620     DEBUG main            d.u.i.k.p.i.AbstractProblemLoader Environment load took 85.5ns 
428622     INFO  main            d.u.i.k.p.i.AbstractProblemLoader Creating init config 
430908     DEBUG main            d.u.i.k.p.i.AbstractProblemLoader Init config took 2.29s 
430923     INFO  main            d.u.i.k.p.i.AbstractProblemLoader Replaying proof simplify21.key 
430924     DEBUG main            d.u.i.k.p.i.IntermediateProofReplayer Proof replay took 3.1ns 
431530     INFO  main            d.u.i.k.p.r.p.TestFile    ... finished proof: closed. 
432108     INFO  main            d.u.i.k.p.i.AbstractProblemLoader Loading environment from /home/runner/work/key/key/key.core/../key.ui/examples/standard_key/polySimp/simplify21.key.proof 
432108     DEBUG main            d.u.i.k.p.i.AbstractProblemLoader Environment load took 102ns 
432111     INFO  main            d.u.i.k.p.i.AbstractProblemLoader Creating init config 
434348     DEBUG main            d.u.i.k.p.i.AbstractProblemLoader Init config took 2.24s 
434366     INFO  main            d.u.i.k.p.i.AbstractProblemLoader Replaying proof simplify21.key.proof 
434412     DEBUG main            d.u.i.k.p.i.IntermediateProofReplayer Proof replay took 43.05ms 
434414     DEBUG main            d.u.i.k.p.r.p.TestFile    ... success: reloaded. 
434415     INFO  main            d.u.i.k.p.r.p.TestFile    Now processing file /home/runner/work/key/key/key.core/../key.ui/examples/standard_key/polySimp/simplify22.key 
434415     INFO  main            d.u.i.k.p.i.AbstractProblemLoader Loading environment from /home/runner/work/key/key/key.core/../key.ui/examples/standard_key/polySimp/simplify22.key 
434415     DEBUG main            d.u.i.k.p.i.AbstractProblemLoader Environment load took 84ns 
434416     INFO  main            d.u.i.k.p.i.AbstractProblemLoader Creating init config 
436696     DEBUG main            d.u.i.k.p.i.AbstractProblemLoader Init config took 2.28s 
436709     INFO  main            d.u.i.k.p.i.AbstractProblemLoader Replaying proof simplify22.key 
436710     DEBUG main            d.u.i.k.p.i.IntermediateProofReplayer Proof replay took 3.2ns 
436812     INFO  main            d.u.i.k.p.r.p.TestFile    ... finished proof: closed. 
437351     INFO  main            d.u.i.k.p.i.AbstractProblemLoader Loading environment from /home/runner/work/key/key/key.core/../key.ui/examples/standard_key/polySimp/simplify22.key.proof 
437351     DEBUG main            d.u.i.k.p.i.AbstractProblemLoader Environment load took 89.6ns 
437352     INFO  main            d.u.i.k.p.i.AbstractProblemLoader Creating init config 
439587     DEBUG main            d.u.i.k.p.i.AbstractProblemLoader Init config took 2.24s 
439601     INFO  main            d.u.i.k.p.i.AbstractProblemLoader Replaying proof simplify22.key.proof 
439605     DEBUG main            d.u.i.k.p.i.IntermediateProofReplayer Proof replay took 2.36ms 
439606     DEBUG main            d.u.i.k.p.r.p.TestFile    ... success: reloaded. 
439606     INFO  main            d.u.i.k.p.r.p.TestFile    Now processing file /home/runner/work/key/key/key.core/../key.ui/examples/standard_key/polySimp/simplify23.key 
439607     INFO  main            d.u.i.k.p.i.AbstractProblemLoader Loading environment from /home/runner/work/key/key/key.core/../key.ui/examples/standard_key/polySimp/simplify23.key 
439607     DEBUG main            d.u.i.k.p.i.AbstractProblemLoader Environment load took 71ns 
439607     INFO  main            d.u.i.k.p.i.AbstractProblemLoader Creating init config 
441881     DEBUG main            d.u.i.k.p.i.AbstractProblemLoader Init config took 2.27s 
441894     INFO  main            d.u.i.k.p.i.AbstractProblemLoader Replaying proof simplify23.key 
441896     DEBUG main            d.u.i.k.p.i.IntermediateProofReplayer Proof replay took 3.5ns 
441998     INFO  main            d.u.i.k.p.r.p.TestFile    ... finished proof: closed. 
442529     INFO  main            d.u.i.k.p.i.AbstractProblemLoader Loading environment from /home/runner/work/key/key/key.core/../key.ui/examples/standard_key/polySimp/simplify23.key.proof 
442530     DEBUG main            d.u.i.k.p.i.AbstractProblemLoader Environment load took 101.6ns 
442531     INFO  main            d.u.i.k.p.i.AbstractProblemLoader Creating init config 
444784     DEBUG main            d.u.i.k.p.i.AbstractProblemLoader Init config took 2.25s 
444798     INFO  main            d.u.i.k.p.i.AbstractProblemLoader Replaying proof simplify23.key.proof 
444810     DEBUG main            d.u.i.k.p.i.IntermediateProofReplayer Proof replay took 10.46ms 
444811     DEBUG main            d.u.i.k.p.r.p.TestFile    ... success: reloaded. 
444811     INFO  main            d.u.i.k.p.r.p.TestFile    Now processing file /home/runner/work/key/key/key.core/../key.ui/examples/standard_key/polySimp/simplify24.key 
444812     INFO  main            d.u.i.k.p.i.AbstractProblemLoader Loading environment from /home/runner/work/key/key/key.core/../key.ui/examples/standard_key/polySimp/simplify24.key 
444812     DEBUG main            d.u.i.k.p.i.AbstractProblemLoader Environment load took 65ns 
444813     INFO  main            d.u.i.k.p.i.AbstractProblemLoader Creating init config 
447090     DEBUG main            d.u.i.k.p.i.AbstractProblemLoader Init config took 2.28s 
447104     INFO  main            d.u.i.k.p.i.AbstractProblemLoader Replaying proof simplify24.key 
447105     DEBUG main            d.u.i.k.p.i.IntermediateProofReplayer Proof replay took 3.1ns 
447207     INFO  main            d.u.i.k.p.r.p.TestFile    ... finished proof: closed. 
447730     INFO  main            d.u.i.k.p.i.AbstractProblemLoader Loading environment from /home/runner/work/key/key/key.core/../key.ui/examples/standard_key/polySimp/simplify24.key.proof 
447730     DEBUG main            d.u.i.k.p.i.AbstractProblemLoader Environment load took 90.3ns 
447731     INFO  main            d.u.i.k.p.i.AbstractProblemLoader Creating init config 
449961     DEBUG main            d.u.i.k.p.i.AbstractProblemLoader Init config took 2.23s 
449975     INFO  main            d.u.i.k.p.i.AbstractProblemLoader Replaying proof simplify24.key.proof 
449979     DEBUG main            d.u.i.k.p.i.IntermediateProofReplayer Proof replay took 2.37ms 
449980     DEBUG main            d.u.i.k.p.r.p.TestFile    ... success: reloaded. 
449980     INFO  main            d.u.i.k.p.r.p.TestFile    Now processing file /home/runner/work/key/key/key.core/../key.ui/examples/standard_key/polySimp/simplify25.key 
449981     INFO  main            d.u.i.k.p.i.AbstractProblemLoader Loading environment from /home/runner/work/key/key/key.core/../key.ui/examples/standard_key/polySimp/simplify25.key 
449981     DEBUG main            d.u.i.k.p.i.AbstractProblemLoader Environment load took 69ns 
449981     INFO  main            d.u.i.k.p.i.AbstractProblemLoader Creating init config 
452260     DEBUG main            d.u.i.k.p.i.AbstractProblemLoader Init config took 2.28s 
452274     INFO  main            d.u.i.k.p.i.AbstractProblemLoader Replaying proof simplify25.key 
452275     DEBUG main            d.u.i.k.p.i.IntermediateProofReplayer Proof replay took 2.7ns 
452376     INFO  main            d.u.i.k.p.r.p.TestFile    ... finished proof: closed. 
452911     INFO  main            d.u.i.k.p.i.AbstractProblemLoader Loading environment from /home/runner/work/key/key/key.core/../key.ui/examples/standard_key/polySimp/simplify25.key.proof 
452911     DEBUG main            d.u.i.k.p.i.AbstractProblemLoader Environment load took 86.1ns 
452912     INFO  main            d.u.i.k.p.i.AbstractProblemLoader Creating init config 
455148     DEBUG main            d.u.i.k.p.i.AbstractProblemLoader Init config took 2.24s 
455162     INFO  main            d.u.i.k.p.i.AbstractProblemLoader Replaying proof simplify25.key.proof 
455166     DEBUG main            d.u.i.k.p.i.IntermediateProofReplayer Proof replay took 2.41ms 
455166     DEBUG main            d.u.i.k.p.r.p.TestFile    ... success: reloaded. 
455167     INFO  main            d.u.i.k.p.r.p.TestFile    Now processing file /home/runner/work/key/key/key.core/../key.ui/examples/standard_key/polySimp/simplify3.key 
455167     INFO  main            d.u.i.k.p.i.AbstractProblemLoader Loading environment from /home/runner/work/key/key/key.core/../key.ui/examples/standard_key/polySimp/simplify3.key 
455167     DEBUG main            d.u.i.k.p.i.AbstractProblemLoader Environment load took 47.5ns 
455168     INFO  main            d.u.i.k.p.i.AbstractProblemLoader Creating init config 
457441     DEBUG main            d.u.i.k.p.i.AbstractProblemLoader Init config took 2.27s 
457454     INFO  main            d.u.i.k.p.i.AbstractProblemLoader Replaying proof simplify3.key 
457455     DEBUG main            d.u.i.k.p.i.IntermediateProofReplayer Proof replay took 3.2ns 
457557     INFO  main            d.u.i.k.p.r.p.TestFile    ... finished proof: closed. 
458085     INFO  main            d.u.i.k.p.i.AbstractProblemLoader Loading environment from /home/runner/work/key/key/key.core/../key.ui/examples/standard_key/polySimp/simplify3.key.proof 
458086     DEBUG main            d.u.i.k.p.i.AbstractProblemLoader Environment load took 90.7ns 
458087     INFO  main            d.u.i.k.p.i.AbstractProblemLoader Creating init config 
460313     DEBUG main            d.u.i.k.p.i.AbstractProblemLoader Init config took 2.23s 
460326     INFO  main            d.u.i.k.p.i.AbstractProblemLoader Replaying proof simplify3.key.proof 
460328     DEBUG main            d.u.i.k.p.i.IntermediateProofReplayer Proof replay took 893.01ns 
460329     DEBUG main            d.u.i.k.p.r.p.TestFile    ... success: reloaded. 
460329     INFO  main            d.u.i.k.p.r.p.TestFile    Now processing file /home/runner/work/key/key/key.core/../key.ui/examples/standard_key/polySimp/simplify4.key 
460329     INFO  main            d.u.i.k.p.i.AbstractProblemLoader Loading environment from /home/runner/work/key/key/key.core/../key.ui/examples/standard_key/polySimp/simplify4.key 
460329     DEBUG main            d.u.i.k.p.i.AbstractProblemLoader Environment load took 47.5ns 
460330     INFO  main            d.u.i.k.p.i.AbstractProblemLoader Creating init config 
462600     DEBUG main            d.u.i.k.p.i.AbstractProblemLoader Init config took 2.27s 
462614     INFO  main            d.u.i.k.p.i.AbstractProblemLoader Replaying proof simplify4.key 
462615     DEBUG main            d.u.i.k.p.i.IntermediateProofReplayer Proof replay took 4ns 
462716     INFO  main            d.u.i.k.p.r.p.TestFile    ... finished proof: closed. 
463264     INFO  main            d.u.i.k.p.i.AbstractProblemLoader Loading environment from /home/runner/work/key/key/key.core/../key.ui/examples/standard_key/polySimp/simplify4.key.proof 
463265     DEBUG main            d.u.i.k.p.i.AbstractProblemLoader Environment load took 93.8ns 
463266     INFO  main            d.u.i.k.p.i.AbstractProblemLoader Creating init config 
465502     DEBUG main            d.u.i.k.p.i.AbstractProblemLoader Init config took 2.24s 
465516     INFO  main            d.u.i.k.p.i.AbstractProblemLoader Replaying proof simplify4.key.proof 
465518     DEBUG main            d.u.i.k.p.i.IntermediateProofReplayer Proof replay took 1.13ms 
465519     DEBUG main            d.u.i.k.p.r.p.TestFile    ... success: reloaded. 
465520     INFO  main            d.u.i.k.p.r.p.TestFile    Now processing file /home/runner/work/key/key/key.core/../key.ui/examples/standard_key/polySimp/simplify5.key 
465520     INFO  main            d.u.i.k.p.i.AbstractProblemLoader Loading environment from /home/runner/work/key/key/key.core/../key.ui/examples/standard_key/polySimp/simplify5.key 
465520     DEBUG main            d.u.i.k.p.i.AbstractProblemLoader Environment load took 70.8ns 
465521     INFO  main            d.u.i.k.p.i.AbstractProblemLoader Creating init config 
467816     DEBUG main            d.u.i.k.p.i.AbstractProblemLoader Init config took 2.3s 
467830     INFO  main            d.u.i.k.p.i.AbstractProblemLoader Replaying proof simplify5.key 
467831     DEBUG main            d.u.i.k.p.i.IntermediateProofReplayer Proof replay took 2.7ns 
467932     INFO  main            d.u.i.k.p.r.p.TestFile    ... finished proof: closed. 
468496     INFO  main            d.u.i.k.p.i.AbstractProblemLoader Loading environment from /home/runner/work/key/key/key.core/../key.ui/examples/standard_key/polySimp/simplify5.key.proof 
468497     DEBUG main            d.u.i.k.p.i.AbstractProblemLoader Environment load took 96.4ns 
468498     INFO  main            d.u.i.k.p.i.AbstractProblemLoader Creating init config 
470751     DEBUG main            d.u.i.k.p.i.AbstractProblemLoader Init config took 2.25s 
470765     INFO  main            d.u.i.k.p.i.AbstractProblemLoader Replaying proof simplify5.key.proof 
470772     DEBUG main            d.u.i.k.p.i.IntermediateProofReplayer Proof replay took 5.41ms 
470773     DEBUG main            d.u.i.k.p.r.p.TestFile    ... success: reloaded. 
470774     INFO  main            d.u.i.k.p.r.p.TestFile    Now processing file /home/runner/work/key/key/key.core/../key.ui/examples/standard_key/polySimp/simplify6.key 
470774     INFO  main            d.u.i.k.p.i.AbstractProblemLoader Loading environment from /home/runner/work/key/key/key.core/../key.ui/examples/standard_key/polySimp/simplify6.key 
470774     DEBUG main            d.u.i.k.p.i.AbstractProblemLoader Environment load took 47.8ns 
470775     INFO  main            d.u.i.k.p.i.AbstractProblemLoader Creating init config 
473066     DEBUG main            d.u.i.k.p.i.AbstractProblemLoader Init config took 2.29s 
473080     INFO  main            d.u.i.k.p.i.AbstractProblemLoader Replaying proof simplify6.key 
473081     DEBUG main            d.u.i.k.p.i.IntermediateProofReplayer Proof replay took 2.6ns 
473183     INFO  main            d.u.i.k.p.r.p.TestFile    ... finished proof: closed. 
473743     INFO  main            d.u.i.k.p.i.AbstractProblemLoader Loading environment from /home/runner/work/key/key/key.core/../key.ui/examples/standard_key/polySimp/simplify6.key.proof 
473743     DEBUG main            d.u.i.k.p.i.AbstractProblemLoader Environment load took 92.7ns 
473744     INFO  main            d.u.i.k.p.i.AbstractProblemLoader Creating init config 
475988     DEBUG main            d.u.i.k.p.i.AbstractProblemLoader Init config took 2.24s 
476002     INFO  main            d.u.i.k.p.i.AbstractProblemLoader Replaying proof simplify6.key.proof 
476004     DEBUG main            d.u.i.k.p.i.IntermediateProofReplayer Proof replay took 426.31ns 
476005     DEBUG main            d.u.i.k.p.r.p.TestFile    ... success: reloaded. 
476005     INFO  main            d.u.i.k.p.r.p.TestFile    Now processing file /home/runner/work/key/key/key.core/../key.ui/examples/standard_key/polySimp/simplify7.key 
476005     INFO  main            d.u.i.k.p.i.AbstractProblemLoader Loading environment from /home/runner/work/key/key/key.core/../key.ui/examples/standard_key/polySimp/simplify7.key 
476005     DEBUG main            d.u.i.k.p.i.AbstractProblemLoader Environment load took 46.1ns 
476006     INFO  main            d.u.i.k.p.i.AbstractProblemLoader Creating init config 
478300     DEBUG main            d.u.i.k.p.i.AbstractProblemLoader Init config took 2.29s 
478315     INFO  main            d.u.i.k.p.i.AbstractProblemLoader Replaying proof simplify7.key 
478316     DEBUG main            d.u.i.k.p.i.IntermediateProofReplayer Proof replay took 3.1ns 
478418     INFO  main            d.u.i.k.p.r.p.TestFile    ... finished proof: closed. 
478987     INFO  main            d.u.i.k.p.i.AbstractProblemLoader Loading environment from /home/runner/work/key/key/key.core/../key.ui/examples/standard_key/polySimp/simplify7.key.proof 
478987     DEBUG main            d.u.i.k.p.i.AbstractProblemLoader Environment load took 93.6ns 
478988     INFO  main            d.u.i.k.p.i.AbstractProblemLoader Creating init config 
481245     DEBUG main            d.u.i.k.p.i.AbstractProblemLoader Init config took 2.26s 
481259     INFO  main            d.u.i.k.p.i.AbstractProblemLoader Replaying proof simplify7.key.proof 
481261     DEBUG main            d.u.i.k.p.i.IntermediateProofReplayer Proof replay took 622.81ns 
481261     DEBUG main            d.u.i.k.p.r.p.TestFile    ... success: reloaded. 
481262     INFO  main            d.u.i.k.p.r.p.TestFile    Now processing file /home/runner/work/key/key/key.core/../key.ui/examples/standard_key/polySimp/simplify8.key 
481262     INFO  main            d.u.i.k.p.i.AbstractProblemLoader Loading environment from /home/runner/work/key/key/key.core/../key.ui/examples/standard_key/polySimp/simplify8.key 
481262     DEBUG main            d.u.i.k.p.i.AbstractProblemLoader Environment load took 49.9ns 
481265     INFO  main            d.u.i.k.p.i.AbstractProblemLoader Creating init config 
483559     DEBUG main            d.u.i.k.p.i.AbstractProblemLoader Init config took 2.29s 
483574     INFO  main            d.u.i.k.p.i.AbstractProblemLoader Replaying proof simplify8.key 
483575     DEBUG main            d.u.i.k.p.i.IntermediateProofReplayer Proof replay took 3.3ns 
487194     INFO  main            d.u.i.k.p.r.p.TestFile    ... finished proof: closed. 
487796     INFO  main            d.u.i.k.p.i.AbstractProblemLoader Loading environment from /home/runner/work/key/key/key.core/../key.ui/examples/standard_key/polySimp/simplify8.key.proof 
487796     DEBUG main            d.u.i.k.p.i.AbstractProblemLoader Environment load took 105.4ns 
487799     INFO  main            d.u.i.k.p.i.AbstractProblemLoader Creating init config 
490076     DEBUG main            d.u.i.k.p.i.AbstractProblemLoader Init config took 2.28s 
490093     INFO  main            d.u.i.k.p.i.AbstractProblemLoader Replaying proof simplify8.key.proof 
490261     DEBUG main            d.u.i.k.p.i.IntermediateProofReplayer Proof replay took 163.4ms 
490263     DEBUG main            d.u.i.k.p.r.p.TestFile    ... success: reloaded. 
490263     INFO  main            d.u.i.k.p.r.p.TestFile    Now processing file /home/runner/work/key/key/key.core/../key.ui/examples/standard_key/polySimp/simplify9.key 
490264     INFO  main            d.u.i.k.p.i.AbstractProblemLoader Loading environment from /home/runner/work/key/key/key.core/../key.ui/examples/standard_key/polySimp/simplify9.key 
490264     DEBUG main            d.u.i.k.p.i.AbstractProblemLoader Environment load took 65ns 
490265     INFO  main            d.u.i.k.p.i.AbstractProblemLoader Creating init config 
492633     DEBUG main            d.u.i.k.p.i.AbstractProblemLoader Init config took 2.37s 
492648     INFO  main            d.u.i.k.p.i.AbstractProblemLoader Replaying proof simplify9.key 
492649     DEBUG main            d.u.i.k.p.i.IntermediateProofReplayer Proof replay took 4.5ns 
492851     INFO  main            d.u.i.k.p.r.p.TestFile    ... finished proof: closed. 
493485     INFO  main            d.u.i.k.p.i.AbstractProblemLoader Loading environment from /home/runner/work/key/key/key.core/../key.ui/examples/standard_key/polySimp/simplify9.key.proof 
493485     DEBUG main            d.u.i.k.p.i.AbstractProblemLoader Environment load took 99.7ns 
493487     INFO  main            d.u.i.k.p.i.AbstractProblemLoader Creating init config 
495743     DEBUG main            d.u.i.k.p.i.AbstractProblemLoader Init config took 2.26s 
495758     INFO  main            d.u.i.k.p.i.AbstractProblemLoader Replaying proof simplify9.key.proof 
495769     DEBUG main            d.u.i.k.p.i.IntermediateProofReplayer Proof replay took 8.74ms 
495770     DEBUG main            d.u.i.k.p.r.p.TestFile    ... success: reloaded. 
2934867    INFO  Test worker     d.u.i.k.p.r.RunAllProofsTestUnit Returning from test arithmetic 
2934868    INFO  Test worker     d.u.i.k.p.r.RunAllProofsTestUnit Running test arrays 
371        WARN  main            d.u.i.k.s.ProofSettings   The settings in /home/runner/.key/proof-settings.props are *not* read. 
366        INFO  Timeout watchdog d.u.i.k.p.r.p.ForkedTestFileRunner Timeout watcher launched (2000 secs.) 
422        INFO  main            d.u.i.k.p.r.p.TestFile    Now processing file /home/runner/work/key/key/key.core/../key.ui/examples/standard_key/arrays/arrayStoreException/array2DimPrim.key 
553        INFO  main            d.u.i.k.p.i.AbstractProblemLoader Loading environment from /home/runner/work/key/key/key.core/../key.ui/examples/standard_key/arrays/arrayStoreException/array2DimPrim.key 
575        DEBUG main            d.u.i.k.p.i.AbstractProblemLoader Environment load took 2.43ms 
825        INFO  main            d.u.i.k.p.i.AbstractProblemLoader Creating init config 
1888       DEBUG main            d.u.i.k.j.TypeConverter   No LDT found for Meta 
1888       DEBUG main            d.u.i.k.j.TypeConverter   No LDT found for Meta 
1889       DEBUG main            d.u.i.k.j.TypeConverter   No LDT found for Meta 
1889       DEBUG main            d.u.i.k.j.TypeConverter   No LDT found for Meta 
3501       DEBUG main            d.u.i.k.j.TypeConverter   No LDT found for JavaBigintExpression 
8695       DEBUG main            d.u.i.k.p.i.AbstractProblemLoader Init config took 7.87s 
8762       INFO  main            d.u.i.k.p.i.AbstractProblemLoader Replaying proof array2DimPrim.key 
8797       DEBUG main            d.u.i.k.p.i.IntermediateProofReplayer Proof replay took 40.5ns 
12852      INFO  main            d.u.i.k.p.r.p.TestFile    ... finished proof: closed. 
13070      INFO  main            d.u.i.k.p.i.AbstractProblemLoader Loading environment from /home/runner/work/key/key/key.core/../key.ui/examples/standard_key/arrays/arrayStoreException/array2DimPrim.key.proof 
13070      DEBUG main            d.u.i.k.p.i.AbstractProblemLoader Environment load took 186.4ns 
13075      INFO  main            d.u.i.k.p.i.AbstractProblemLoader Creating init config 
15885      DEBUG main            d.u.i.k.p.i.AbstractProblemLoader Init config took 2.81s 
15943      INFO  main            d.u.i.k.p.i.AbstractProblemLoader Replaying proof array2DimPrim.key.proof 
16620      DEBUG main            d.u.i.k.p.i.IntermediateProofReplayer Proof replay took 660.54ms 
16639      DEBUG main            d.u.i.k.p.r.p.TestFile    ... success: reloaded. 
16641      INFO  main            d.u.i.k.p.r.p.TestFile    Now processing file /home/runner/work/key/key/key.core/../key.ui/examples/standard_key/arrays/arrayStoreException/arrayStoreKnownDynType.key 
16641      INFO  main            d.u.i.k.p.i.AbstractProblemLoader Loading environment from /home/runner/work/key/key/key.core/../key.ui/examples/standard_key/arrays/arrayStoreException/arrayStoreKnownDynType.key 
16642      DEBUG main            d.u.i.k.p.i.AbstractProblemLoader Environment load took 115.1ns 
16645      INFO  main            d.u.i.k.p.i.AbstractProblemLoader Creating init config 
19376      DEBUG main            d.u.i.k.p.i.AbstractProblemLoader Init config took 2.73s 
19415      INFO  main            d.u.i.k.p.i.AbstractProblemLoader Replaying proof arrayStoreKnownDynType.key 
19422      DEBUG main            d.u.i.k.p.i.IntermediateProofReplayer Proof replay took 8.9ns 
19727      INFO  main            d.u.i.k.p.r.p.TestFile    ... finished proof: closed. 
19998      INFO  main            d.u.i.k.p.i.AbstractProblemLoader Loading environment from /home/runner/work/key/key/key.core/../key.ui/examples/standard_key/arrays/arrayStoreException/arrayStoreKnownDynType.key.proof 
19999      DEBUG main            d.u.i.k.p.i.AbstractProblemLoader Environment load took 525.01ns 
20001      INFO  main            d.u.i.k.p.i.AbstractProblemLoader Creating init config 
22512      DEBUG main            d.u.i.k.p.i.AbstractProblemLoader Init config took 2.51s 
22537      INFO  main            d.u.i.k.p.i.AbstractProblemLoader Replaying proof arrayStoreKnownDynType.key.proof 
22585      DEBUG main            d.u.i.k.p.i.IntermediateProofReplayer Proof replay took 44.2ms 
22587      DEBUG main            d.u.i.k.p.r.p.TestFile    ... success: reloaded. 
22588      INFO  main            d.u.i.k.p.r.p.TestFile    Now processing file /home/runner/work/key/key/key.core/../key.ui/examples/standard_key/arrays/arrayStoreException/reverseArray.key 
22589      INFO  main            d.u.i.k.p.i.AbstractProblemLoader Loading environment from /home/runner/work/key/key/key.core/../key.ui/examples/standard_key/arrays/arrayStoreException/reverseArray.key 
22589      DEBUG main            d.u.i.k.p.i.AbstractProblemLoader Environment load took 235.9ns 
22595      INFO  main            d.u.i.k.p.i.AbstractProblemLoader Creating init config 
25181      DEBUG main            d.u.i.k.p.i.AbstractProblemLoader Init config took 2.59s 
25208      INFO  main            d.u.i.k.p.i.AbstractProblemLoader Replaying proof reverseArray.key 
25210      DEBUG main            d.u.i.k.p.i.IntermediateProofReplayer Proof replay took 7.7ns 
25916      INFO  main            d.u.i.k.p.r.p.TestFile    ... finished proof: closed. 
26107      INFO  main            d.u.i.k.p.i.AbstractProblemLoader Loading environment from /home/runner/work/key/key/key.core/../key.ui/examples/standard_key/arrays/arrayStoreException/reverseArray.key.proof 
26107      DEBUG main            d.u.i.k.p.i.AbstractProblemLoader Environment load took 513.61ns 
26112      INFO  main            d.u.i.k.p.i.AbstractProblemLoader Creating init config 
28605      DEBUG main            d.u.i.k.p.i.AbstractProblemLoader Init config took 2.49s 
28628      INFO  main            d.u.i.k.p.i.AbstractProblemLoader Replaying proof reverseArray.key.proof 
28771      DEBUG main            d.u.i.k.p.i.IntermediateProofReplayer Proof replay took 136.71ms 
28773      DEBUG main            d.u.i.k.p.r.p.TestFile    ... success: reloaded. 
28775      INFO  main            d.u.i.k.p.r.p.TestFile    Now processing file /home/runner/work/key/key/key.core/../key.ui/examples/standard_key/arrays/arrayStoreException/throwArrayStoreException.key 
28775      INFO  main            d.u.i.k.p.i.AbstractProblemLoader Loading environment from /home/runner/work/key/key/key.core/../key.ui/examples/standard_key/arrays/arrayStoreException/throwArrayStoreException.key 
28776      DEBUG main            d.u.i.k.p.i.AbstractProblemLoader Environment load took 217.1ns 
28777      INFO  main            d.u.i.k.p.i.AbstractProblemLoader Creating init config 
31287      DEBUG main            d.u.i.k.p.i.AbstractProblemLoader Init config took 2.51s 
31309      INFO  main            d.u.i.k.p.i.AbstractProblemLoader Replaying proof throwArrayStoreException.key 
31312      DEBUG main            d.u.i.k.p.i.IntermediateProofReplayer Proof replay took 6.9ns 
31817      INFO  main            d.u.i.k.p.r.p.TestFile    ... finished proof: closed. 
32007      INFO  main            d.u.i.k.p.i.AbstractProblemLoader Loading environment from /home/runner/work/key/key/key.core/../key.ui/examples/standard_key/arrays/arrayStoreException/throwArrayStoreException.key.proof 
32008      DEBUG main            d.u.i.k.p.i.AbstractProblemLoader Environment load took 551.11ns 
32009      INFO  main            d.u.i.k.p.i.AbstractProblemLoader Creating init config 
34460      DEBUG main            d.u.i.k.p.i.AbstractProblemLoader Init config took 2.45s 
34485      INFO  main            d.u.i.k.p.i.AbstractProblemLoader Replaying proof throwArrayStoreException.key.proof 
34585      DEBUG main            d.u.i.k.p.i.IntermediateProofReplayer Proof replay took 96.05ms 
34587      DEBUG main            d.u.i.k.p.r.p.TestFile    ... success: reloaded. 
34588      INFO  main            d.u.i.k.p.r.p.TestFile    Now processing file /home/runner/work/key/key/key.core/../key.ui/examples/standard_key/arrays/creation/arrayCreation1.key 
34589      INFO  main            d.u.i.k.p.i.AbstractProblemLoader Loading environment from /home/runner/work/key/key/key.core/../key.ui/examples/standard_key/arrays/creation/arrayCreation1.key 
34589      DEBUG main            d.u.i.k.p.i.AbstractProblemLoader Environment load took 224.9ns 
34590      INFO  main            d.u.i.k.p.i.AbstractProblemLoader Creating init config 
37097      DEBUG main            d.u.i.k.p.i.AbstractProblemLoader Init config took 2.51s 
37119      INFO  main            d.u.i.k.p.i.AbstractProblemLoader Replaying proof arrayCreation1.key 
37121      DEBUG main            d.u.i.k.p.i.IntermediateProofReplayer Proof replay took 8ns 
37328      INFO  main            d.u.i.k.p.r.p.TestFile    ... finished proof: closed. 
37520      INFO  main            d.u.i.k.p.i.AbstractProblemLoader Loading environment from /home/runner/work/key/key/key.core/../key.ui/examples/standard_key/arrays/creation/arrayCreation1.key.proof 
37520      DEBUG main            d.u.i.k.p.i.AbstractProblemLoader Environment load took 147.5ns 
37521      INFO  main            d.u.i.k.p.i.AbstractProblemLoader Creating init config 
39966      DEBUG main            d.u.i.k.p.i.AbstractProblemLoader Init config took 2.45s 
39989      INFO  main            d.u.i.k.p.i.AbstractProblemLoader Replaying proof arrayCreation1.key.proof 
40016      DEBUG main            d.u.i.k.p.i.IntermediateProofReplayer Proof replay took 24.59ms 
40017      DEBUG main            d.u.i.k.p.r.p.TestFile    ... success: reloaded. 
40018      INFO  main            d.u.i.k.p.r.p.TestFile    Now processing file /home/runner/work/key/key/key.core/../key.ui/examples/standard_key/arrays/arrayStoreException/array2Dim.key 
40018      INFO  main            d.u.i.k.p.i.AbstractProblemLoader Loading environment from /home/runner/work/key/key/key.core/../key.ui/examples/standard_key/arrays/arrayStoreException/array2Dim.key 
40019      DEBUG main            d.u.i.k.p.i.AbstractProblemLoader Environment load took 92ns 
40020      INFO  main            d.u.i.k.p.i.AbstractProblemLoader Creating init config 
42455      DEBUG main            d.u.i.k.p.i.AbstractProblemLoader Init config took 2.44s 
42477      INFO  main            d.u.i.k.p.i.AbstractProblemLoader Replaying proof array2Dim.key 
42480      DEBUG main            d.u.i.k.p.i.IntermediateProofReplayer Proof replay took 7.9ns 
46140      INFO  main            d.u.i.k.p.r.p.TestFile    ... finished proof: open goal(s) 
46450      INFO  main            d.u.i.k.p.r.p.TestFile    Now processing file /home/runner/work/key/key/key.core/../key.ui/examples/standard_key/arrays/arrayStoreException/array2DimClose.key 
46452      INFO  main            d.u.i.k.p.i.AbstractProblemLoader Loading environment from /home/runner/work/key/key/key.core/../key.ui/examples/standard_key/arrays/arrayStoreException/array2DimClose.key 
46452      DEBUG main            d.u.i.k.p.i.AbstractProblemLoader Environment load took 524.41ns 
46454      INFO  main            d.u.i.k.p.i.AbstractProblemLoader Creating init config 
48885      DEBUG main            d.u.i.k.p.i.AbstractProblemLoader Init config took 2.43s 
48909      INFO  main            d.u.i.k.p.i.AbstractProblemLoader Replaying proof array2DimClose.key 
48911      DEBUG main            d.u.i.k.p.i.IntermediateProofReplayer Proof replay took 14.5ns 
51342      INFO  main            d.u.i.k.p.r.p.TestFile    ... finished proof: open goal(s) 
51709      INFO  main            d.u.i.k.p.r.p.TestFile    Now processing file /home/runner/work/key/key/key.core/../key.ui/examples/standard_key/arrays/arrayStoreException/throwASEForPrim.key 
51709      INFO  main            d.u.i.k.p.i.AbstractProblemLoader Loading environment from /home/runner/work/key/key/key.core/../key.ui/examples/standard_key/arrays/arrayStoreException/throwASEForPrim.key 
51709      DEBUG main            d.u.i.k.p.i.AbstractProblemLoader Environment load took 82.2ns 
51711      INFO  main            d.u.i.k.p.i.AbstractProblemLoader Creating init config 
54054      DEBUG main            d.u.i.k.p.i.AbstractProblemLoader Init config took 2.34s 
54072      INFO  main            d.u.i.k.p.i.AbstractProblemLoader Replaying proof throwASEForPrim.key 
54074      DEBUG main            d.u.i.k.p.i.IntermediateProofReplayer Proof replay took 7.2ns 
58877      INFO  main            d.u.i.k.p.r.p.TestFile    ... finished proof: open goal(s) 
2994240    INFO  Test worker     d.u.i.k.p.r.RunAllProofsTestUnit Returning from test arrays 
2994243    INFO  Test worker     d.u.i.k.p.r.RunAllProofsTestUnit Running test javadl 
369        INFO  Timeout watchdog d.u.i.k.p.r.p.ForkedTestFileRunner Timeout watcher launched (2000 secs.) 
372        WARN  main            d.u.i.k.s.ProofSettings   The settings in /home/runner/.key/proof-settings.props are *not* read. 
434        INFO  main            d.u.i.k.p.r.p.TestFile    Now processing file /home/runner/work/key/key/key.core/../key.ui/examples/standard_key/instanceCreation/instanceCreation1.key 
584        INFO  main            d.u.i.k.p.i.AbstractProblemLoader Loading environment from /home/runner/work/key/key/key.core/../key.ui/examples/standard_key/instanceCreation/instanceCreation1.key 
601        DEBUG main            d.u.i.k.p.i.AbstractProblemLoader Environment load took 2.35ms 
861        INFO  main            d.u.i.k.p.i.AbstractProblemLoader Creating init config 
1761       DEBUG main            d.u.i.k.j.TypeConverter   No LDT found for Meta 
1765       DEBUG main            d.u.i.k.j.TypeConverter   No LDT found for Meta 
1768       DEBUG main            d.u.i.k.j.TypeConverter   No LDT found for Meta 
1768       DEBUG main            d.u.i.k.j.TypeConverter   No LDT found for Meta 
3508       DEBUG main            d.u.i.k.j.TypeConverter   No LDT found for JavaBigintExpression 
8550       DEBUG main            d.u.i.k.p.i.AbstractProblemLoader Init config took 7.69s 
8613       INFO  main            d.u.i.k.p.i.AbstractProblemLoader Replaying proof instanceCreation1.key 
8647       DEBUG main            d.u.i.k.p.i.IntermediateProofReplayer Proof replay took 35.4ns 
9582       INFO  main            d.u.i.k.p.r.p.TestFile    ... finished proof: closed. 
9711       INFO  main            d.u.i.k.p.i.AbstractProblemLoader Loading environment from /home/runner/work/key/key/key.core/../key.ui/examples/standard_key/instanceCreation/instanceCreation1.key.proof 
9712       DEBUG main            d.u.i.k.p.i.AbstractProblemLoader Environment load took 933.01ns 
9720       INFO  main            d.u.i.k.p.i.AbstractProblemLoader Creating init config 
12472      DEBUG main            d.u.i.k.p.i.AbstractProblemLoader Init config took 2.75s 
12519      INFO  main            d.u.i.k.p.i.AbstractProblemLoader Replaying proof instanceCreation1.key.proof 
12659      DEBUG main            d.u.i.k.p.i.IntermediateProofReplayer Proof replay took 124.98ms 
12671      DEBUG main            d.u.i.k.p.r.p.TestFile    ... success: reloaded. 
12676      INFO  main            d.u.i.k.p.r.p.TestFile    Now processing file /home/runner/work/key/key/key.core/../key.ui/examples/standard_key/instanceCreation/instanceCreation2.key 
12683      INFO  main            d.u.i.k.p.i.AbstractProblemLoader Loading environment from /home/runner/work/key/key/key.core/../key.ui/examples/standard_key/instanceCreation/instanceCreation2.key 
12684      DEBUG main            d.u.i.k.p.i.AbstractProblemLoader Environment load took 370.91ns 
12686      INFO  main            d.u.i.k.p.i.AbstractProblemLoader Creating init config 
15330      DEBUG main            d.u.i.k.p.i.AbstractProblemLoader Init config took 2.64s 
15361      INFO  main            d.u.i.k.p.i.AbstractProblemLoader Replaying proof instanceCreation2.key 
15364      DEBUG main            d.u.i.k.p.i.IntermediateProofReplayer Proof replay took 7.5ns 
15973      INFO  main            d.u.i.k.p.r.p.TestFile    ... finished proof: closed. 
16150      INFO  main            d.u.i.k.p.i.AbstractProblemLoader Loading environment from /home/runner/work/key/key/key.core/../key.ui/examples/standard_key/instanceCreation/instanceCreation2.key.proof 
16150      DEBUG main            d.u.i.k.p.i.AbstractProblemLoader Environment load took 509.81ns 
16152      INFO  main            d.u.i.k.p.i.AbstractProblemLoader Creating init config 
18758      DEBUG main            d.u.i.k.p.i.AbstractProblemLoader Init config took 2.61s 
18796      INFO  main            d.u.i.k.p.i.AbstractProblemLoader Replaying proof instanceCreation2.key.proof 
18932      DEBUG main            d.u.i.k.p.i.IntermediateProofReplayer Proof replay took 130.74ms 
18933      DEBUG main            d.u.i.k.p.r.p.TestFile    ... success: reloaded. 
18935      INFO  main            d.u.i.k.p.r.p.TestFile    Now processing file /home/runner/work/key/key/key.core/../key.ui/examples/standard_key/instanceCreation/interfacesAndAbstractClassesHaveNoInstances.key 
18936      INFO  main            d.u.i.k.p.i.AbstractProblemLoader Loading environment from /home/runner/work/key/key/key.core/../key.ui/examples/standard_key/instanceCreation/interfacesAndAbstractClassesHaveNoInstances.key 
18936      DEBUG main            d.u.i.k.p.i.AbstractProblemLoader Environment load took 186.9ns 
18939      INFO  main            d.u.i.k.p.i.AbstractProblemLoader Creating init config 
21472      DEBUG main            d.u.i.k.p.i.AbstractProblemLoader Init config took 2.53s 
21492      INFO  main            d.u.i.k.p.i.AbstractProblemLoader Replaying proof interfacesAndAbstractClassesHaveNoInstances.key 
21494      DEBUG main            d.u.i.k.p.i.IntermediateProofReplayer Proof replay took 5.7ns 
21599      INFO  main            d.u.i.k.p.r.p.TestFile    ... finished proof: closed. 
21763      INFO  main            d.u.i.k.p.i.AbstractProblemLoader Loading environment from /home/runner/work/key/key/key.core/../key.ui/examples/standard_key/instanceCreation/interfacesAndAbstractClassesHaveNoInstances.key.proof 
21765      DEBUG main            d.u.i.k.p.i.AbstractProblemLoader Environment load took 146.4ns 
21766      INFO  main            d.u.i.k.p.i.AbstractProblemLoader Creating init config 
24237      DEBUG main            d.u.i.k.p.i.AbstractProblemLoader Init config took 2.47s 
24258      INFO  main            d.u.i.k.p.i.AbstractProblemLoader Replaying proof interfacesAndAbstractClassesHaveNoInstances.key.proof 
24262      DEBUG main            d.u.i.k.p.i.IntermediateProofReplayer Proof replay took 1.17ms 
24264      DEBUG main            d.u.i.k.p.r.p.TestFile    ... success: reloaded. 
24265      INFO  main            d.u.i.k.p.r.p.TestFile    Now processing file /home/runner/work/key/key/key.core/../key.ui/examples/standard_key/instanceCreation/successiveCreatedObjectsAreDistinct.key 
24265      INFO  main            d.u.i.k.p.i.AbstractProblemLoader Loading environment from /home/runner/work/key/key/key.core/../key.ui/examples/standard_key/instanceCreation/successiveCreatedObjectsAreDistinct.key 
24266      DEBUG main            d.u.i.k.p.i.AbstractProblemLoader Environment load took 240.4ns 
24267      INFO  main            d.u.i.k.p.i.AbstractProblemLoader Creating init config 
26795      DEBUG main            d.u.i.k.p.i.AbstractProblemLoader Init config took 2.53s 
26818      INFO  main            d.u.i.k.p.i.AbstractProblemLoader Replaying proof successiveCreatedObjectsAreDistinct.key 
26820      DEBUG main            d.u.i.k.p.i.IntermediateProofReplayer Proof replay took 7.5ns 
27223      INFO  main            d.u.i.k.p.r.p.TestFile    ... finished proof: closed. 
27468      INFO  main            d.u.i.k.p.i.AbstractProblemLoader Loading environment from /home/runner/work/key/key/key.core/../key.ui/examples/standard_key/instanceCreation/successiveCreatedObjectsAreDistinct.key.proof 
27469      DEBUG main            d.u.i.k.p.i.AbstractProblemLoader Environment load took 1.01ms 
27472      INFO  main            d.u.i.k.p.i.AbstractProblemLoader Creating init config 
29947      DEBUG main            d.u.i.k.p.i.AbstractProblemLoader Init config took 2.48s 
29969      INFO  main            d.u.i.k.p.i.AbstractProblemLoader Replaying proof successiveCreatedObjectsAreDistinct.key.proof 
30024      DEBUG main            d.u.i.k.p.i.IntermediateProofReplayer Proof replay took 51.15ms 
30025      DEBUG main            d.u.i.k.p.r.p.TestFile    ... success: reloaded. 
30027      INFO  main            d.u.i.k.p.r.p.TestFile    Now processing file /home/runner/work/key/key/key.core/../key.ui/examples/standard_key/instanceCreation/testOverloadingConstructors.key 
30027      INFO  main            d.u.i.k.p.i.AbstractProblemLoader Loading environment from /home/runner/work/key/key/key.core/../key.ui/examples/standard_key/instanceCreation/testOverloadingConstructors.key 
30027      DEBUG main            d.u.i.k.p.i.AbstractProblemLoader Environment load took 220.8ns 
30028      INFO  main            d.u.i.k.p.i.AbstractProblemLoader Creating init config 
32547      DEBUG main            d.u.i.k.p.i.AbstractProblemLoader Init config took 2.52s 
32569      INFO  main            d.u.i.k.p.i.AbstractProblemLoader Replaying proof testOverloadingConstructors.key 
32571      DEBUG main            d.u.i.k.p.i.IntermediateProofReplayer Proof replay took 9.5ns 
32875      INFO  main            d.u.i.k.p.r.p.TestFile    ... finished proof: closed. 
33121      INFO  main            d.u.i.k.p.i.AbstractProblemLoader Loading environment from /home/runner/work/key/key/key.core/../key.ui/examples/standard_key/instanceCreation/testOverloadingConstructors.key.proof 
33121      DEBUG main            d.u.i.k.p.i.AbstractProblemLoader Environment load took 488.71ns 
33127      INFO  main            d.u.i.k.p.i.AbstractProblemLoader Creating init config 
35569      DEBUG main            d.u.i.k.p.i.AbstractProblemLoader Init config took 2.44s 
35589      INFO  main            d.u.i.k.p.i.AbstractProblemLoader Replaying proof testOverloadingConstructors.key.proof 
35643      DEBUG main            d.u.i.k.p.i.IntermediateProofReplayer Proof replay took 49.85ms 
35645      DEBUG main            d.u.i.k.p.r.p.TestFile    ... success: reloaded. 
35646      INFO  main            d.u.i.k.p.r.p.TestFile    Now processing file /home/runner/work/key/key/key.core/../key.ui/examples/standard_key/java_dl/SimpleAttributes.key 
35646      INFO  main            d.u.i.k.p.i.AbstractProblemLoader Loading environment from /home/runner/work/key/key/key.core/../key.ui/examples/standard_key/java_dl/SimpleAttributes.key 
35646      DEBUG main            d.u.i.k.p.i.AbstractProblemLoader Environment load took 89.8ns 
35648      INFO  main            d.u.i.k.p.i.AbstractProblemLoader Creating init config 
38070      DEBUG main            d.u.i.k.p.i.AbstractProblemLoader Init config took 2.42s 
38092      INFO  main            d.u.i.k.p.i.AbstractProblemLoader Replaying proof SimpleAttributes.key 
38093      DEBUG main            d.u.i.k.p.i.IntermediateProofReplayer Proof replay took 7.7ns 
38196      INFO  main            d.u.i.k.p.r.p.TestFile    ... finished proof: closed. 
38381      INFO  main            d.u.i.k.p.i.AbstractProblemLoader Loading environment from /home/runner/work/key/key/key.core/../key.ui/examples/standard_key/java_dl/SimpleAttributes.key.proof 
38382      DEBUG main            d.u.i.k.p.i.AbstractProblemLoader Environment load took 139.9ns 
38383      INFO  main            d.u.i.k.p.i.AbstractProblemLoader Creating init config 
40724      DEBUG main            d.u.i.k.p.i.AbstractProblemLoader Init config took 2.34s 
40757      INFO  main            d.u.i.k.p.i.AbstractProblemLoader Replaying proof SimpleAttributes.key.proof 
40789      DEBUG main            d.u.i.k.p.i.IntermediateProofReplayer Proof replay took 21.73ms 
40790      DEBUG main            d.u.i.k.p.r.p.TestFile    ... success: reloaded. 
40791      INFO  main            d.u.i.k.p.r.p.TestFile    Now processing file /home/runner/work/key/key/key.core/../key.ui/examples/standard_key/java_dl/arrayMax.key 
40792      INFO  main            d.u.i.k.p.i.AbstractProblemLoader Loading environment from /home/runner/work/key/key/key.core/../key.ui/examples/standard_key/java_dl/arrayMax.key 
40792      DEBUG main            d.u.i.k.p.i.AbstractProblemLoader Environment load took 208.6ns 
40795      INFO  main            d.u.i.k.p.i.AbstractProblemLoader Creating init config 
43291      DEBUG main            d.u.i.k.p.i.AbstractProblemLoader Init config took 2.5s 
43316      INFO  main            d.u.i.k.p.i.AbstractProblemLoader Replaying proof arrayMax.key 
43319      DEBUG main            d.u.i.k.p.i.IntermediateProofReplayer Proof replay took 8.7ns 
45030      INFO  main            d.u.i.k.p.r.p.TestFile    ... finished proof: closed. 
45236      INFO  main            d.u.i.k.p.i.AbstractProblemLoader Loading environment from /home/runner/work/key/key/key.core/../key.ui/examples/standard_key/java_dl/arrayMax.key.proof 
45236      DEBUG main            d.u.i.k.p.i.AbstractProblemLoader Environment load took 211.6ns 
45237      INFO  main            d.u.i.k.p.i.AbstractProblemLoader Creating init config 
47660      DEBUG main            d.u.i.k.p.i.AbstractProblemLoader Init config took 2.42s 
47682      INFO  main            d.u.i.k.p.i.AbstractProblemLoader Replaying proof arrayMax.key.proof 
47938      DEBUG main            d.u.i.k.p.i.IntermediateProofReplayer Proof replay took 248.77ms 
47940      DEBUG main            d.u.i.k.p.r.p.TestFile    ... success: reloaded. 
47941      INFO  main            d.u.i.k.p.r.p.TestFile    Now processing file /home/runner/work/key/key/key.core/../key.ui/examples/standard_key/java_dl/arrayUpdateSimp.key 
47942      INFO  main            d.u.i.k.p.i.AbstractProblemLoader Loading environment from /home/runner/work/key/key/key.core/../key.ui/examples/standard_key/java_dl/arrayUpdateSimp.key 
47942      DEBUG main            d.u.i.k.p.i.AbstractProblemLoader Environment load took 211.6ns 
47945      INFO  main            d.u.i.k.p.i.AbstractProblemLoader Creating init config 
47971      WARN  main            d.u.i.k.j.r.KeYCrossReferenceNameInfo Datatype java.io.InputStream declared twice: Once in FILE:/home/runner/work/key/key/key.core/../key.ui/examples/standard_key/java_dl/./classpath/InputStream.java and once in URL:file:/home/runner/work/key/key/key.core/build/resources/main/de/uka/ilkd/key/java/JavaRedux/java/io/InputStream.java, Keeping one from URL:file:/home/runner/work/key/key/key.core/build/resources/main/de/uka/ilkd/key/java/JavaRedux/java/io/InputStream.java 
47972      WARN  main            d.u.i.k.j.r.KeYCrossReferenceNameInfo Datatype java.lang.System declared twice: Once in FILE:/home/runner/work/key/key/key.core/../key.ui/examples/standard_key/java_dl/./classpath/System.java and once in URL:file:/home/runner/work/key/key/key.core/build/resources/main/de/uka/ilkd/key/java/JavaRedux/java/lang/System.java, Keeping one from URL:file:/home/runner/work/key/key/key.core/build/resources/main/de/uka/ilkd/key/java/JavaRedux/java/lang/System.java 
47972      WARN  main            d.u.i.k.j.r.KeYCrossReferenceNameInfo Datatype java.io.PrintStream declared twice: Once in FILE:/home/runner/work/key/key/key.core/../key.ui/examples/standard_key/java_dl/./classpath/PrintStream.java and once in URL:file:/home/runner/work/key/key/key.core/build/resources/main/de/uka/ilkd/key/java/JavaRedux/java/io/PrintStream.java, Keeping one from URL:file:/home/runner/work/key/key/key.core/build/resources/main/de/uka/ilkd/key/java/JavaRedux/java/io/PrintStream.java 
47978      DEBUG main            d.u.i.k.j.r.ClassFileDeclarationBuilder Parsing: package java.io; public class Closeable { } 
47979      DEBUG main            r.s.KeYCrossReferenceSourceInfo Dynamically created class: java.io.Closeable 
50499      DEBUG main            d.u.i.k.p.i.AbstractProblemLoader Init config took 2.55s 
50519      INFO  main            d.u.i.k.p.i.AbstractProblemLoader Replaying proof arrayUpdateSimp.key 
50521      DEBUG main            d.u.i.k.p.i.IntermediateProofReplayer Proof replay took 8.1ns 
50624      INFO  main            d.u.i.k.p.r.p.TestFile    ... finished proof: closed. 
50844      INFO  main            d.u.i.k.p.i.AbstractProblemLoader Loading environment from /home/runner/work/key/key/key.core/../key.ui/examples/standard_key/java_dl/arrayUpdateSimp.key.proof 
50845      DEBUG main            d.u.i.k.p.i.AbstractProblemLoader Environment load took 141.2ns 
50849      INFO  main            d.u.i.k.p.i.AbstractProblemLoader Creating init config 
50878      WARN  main            d.u.i.k.j.r.KeYCrossReferenceNameInfo Datatype java.io.InputStream declared twice: Once in FILE:/home/runner/work/key/key/key.core/../key.ui/examples/standard_key/java_dl/classpath/InputStream.java and once in URL:file:/home/runner/work/key/key/key.core/build/resources/main/de/uka/ilkd/key/java/JavaRedux/java/io/InputStream.java, Keeping one from URL:file:/home/runner/work/key/key/key.core/build/resources/main/de/uka/ilkd/key/java/JavaRedux/java/io/InputStream.java 
50879      WARN  main            d.u.i.k.j.r.KeYCrossReferenceNameInfo Datatype java.lang.System declared twice: Once in FILE:/home/runner/work/key/key/key.core/../key.ui/examples/standard_key/java_dl/classpath/System.java and once in URL:file:/home/runner/work/key/key/key.core/build/resources/main/de/uka/ilkd/key/java/JavaRedux/java/lang/System.java, Keeping one from URL:file:/home/runner/work/key/key/key.core/build/resources/main/de/uka/ilkd/key/java/JavaRedux/java/lang/System.java 
50879      WARN  main            d.u.i.k.j.r.KeYCrossReferenceNameInfo Datatype java.io.PrintStream declared twice: Once in FILE:/home/runner/work/key/key/key.core/../key.ui/examples/standard_key/java_dl/classpath/PrintStream.java and once in URL:file:/home/runner/work/key/key/key.core/build/resources/main/de/uka/ilkd/key/java/JavaRedux/java/io/PrintStream.java, Keeping one from URL:file:/home/runner/work/key/key/key.core/build/resources/main/de/uka/ilkd/key/java/JavaRedux/java/io/PrintStream.java 
50883      DEBUG main            d.u.i.k.j.r.ClassFileDeclarationBuilder Parsing: package java.io; public class Closeable { } 
50884      DEBUG main            r.s.KeYCrossReferenceSourceInfo Dynamically created class: java.io.Closeable 
53300      DEBUG main            d.u.i.k.p.i.AbstractProblemLoader Init config took 2.45s 
53322      INFO  main            d.u.i.k.p.i.AbstractProblemLoader Replaying proof arrayUpdateSimp.key.proof 
53324      DEBUG main            d.u.i.k.p.i.IntermediateProofReplayer Proof replay took 670.01ns 
53326      DEBUG main            d.u.i.k.p.r.p.TestFile    ... success: reloaded. 
53327      INFO  main            d.u.i.k.p.r.p.TestFile    Now processing file /home/runner/work/key/key/key.core/../key.ui/examples/standard_key/java_dl/attributes.key 
53327      INFO  main            d.u.i.k.p.i.AbstractProblemLoader Loading environment from /home/runner/work/key/key/key.core/../key.ui/examples/standard_key/java_dl/attributes.key 
53328      DEBUG main            d.u.i.k.p.i.AbstractProblemLoader Environment load took 239.4ns 
53329      INFO  main            d.u.i.k.p.i.AbstractProblemLoader Creating init config 
55720      DEBUG main            d.u.i.k.p.i.AbstractProblemLoader Init config took 2.39s 
55739      INFO  main            d.u.i.k.p.i.AbstractProblemLoader Replaying proof attributes.key 
55741      DEBUG main            d.u.i.k.p.i.IntermediateProofReplayer Proof replay took 8.1ns 
55957      INFO  main            d.u.i.k.p.r.p.TestFile    ... finished proof: closed. 
56228      INFO  main            d.u.i.k.p.i.AbstractProblemLoader Loading environment from /home/runner/work/key/key/key.core/../key.ui/examples/standard_key/java_dl/attributes.key.proof 
56229      DEBUG main            d.u.i.k.p.i.AbstractProblemLoader Environment load took 131.2ns 
56230      INFO  main            d.u.i.k.p.i.AbstractProblemLoader Creating init config 
58612      DEBUG main            d.u.i.k.p.i.AbstractProblemLoader Init config took 2.38s 
58631      INFO  main            d.u.i.k.p.i.AbstractProblemLoader Replaying proof attributes.key.proof 
58668      DEBUG main            d.u.i.k.p.i.IntermediateProofReplayer Proof replay took 33.91ms 
58669      DEBUG main            d.u.i.k.p.r.p.TestFile    ... success: reloaded. 
58670      INFO  main            d.u.i.k.p.r.p.TestFile    Now processing file /home/runner/work/key/key/key.core/../key.ui/examples/standard_key/java_dl/break.key 
58670      INFO  main            d.u.i.k.p.i.AbstractProblemLoader Loading environment from /home/runner/work/key/key/key.core/../key.ui/examples/standard_key/java_dl/break.key 
58670      DEBUG main            d.u.i.k.p.i.AbstractProblemLoader Environment load took 88.4ns 
58671      INFO  main            d.u.i.k.p.i.AbstractProblemLoader Creating init config 
58694      WARN  main            d.u.i.k.j.r.KeYCrossReferenceNameInfo Datatype java.io.InputStream declared twice: Once in FILE:/home/runner/work/key/key/key.core/../key.ui/examples/standard_key/java_dl/classpath/InputStream.java and once in URL:file:/home/runner/work/key/key/key.core/build/resources/main/de/uka/ilkd/key/java/JavaRedux/java/io/InputStream.java, Keeping one from URL:file:/home/runner/work/key/key/key.core/build/resources/main/de/uka/ilkd/key/java/JavaRedux/java/io/InputStream.java 
58694      WARN  main            d.u.i.k.j.r.KeYCrossReferenceNameInfo Datatype java.lang.System declared twice: Once in FILE:/home/runner/work/key/key/key.core/../key.ui/examples/standard_key/java_dl/classpath/System.java and once in URL:file:/home/runner/work/key/key/key.core/build/resources/main/de/uka/ilkd/key/java/JavaRedux/java/lang/System.java, Keeping one from URL:file:/home/runner/work/key/key/key.core/build/resources/main/de/uka/ilkd/key/java/JavaRedux/java/lang/System.java 
58694      WARN  main            d.u.i.k.j.r.KeYCrossReferenceNameInfo Datatype java.io.PrintStream declared twice: Once in FILE:/home/runner/work/key/key/key.core/../key.ui/examples/standard_key/java_dl/classpath/PrintStream.java and once in URL:file:/home/runner/work/key/key/key.core/build/resources/main/de/uka/ilkd/key/java/JavaRedux/java/io/PrintStream.java, Keeping one from URL:file:/home/runner/work/key/key/key.core/build/resources/main/de/uka/ilkd/key/java/JavaRedux/java/io/PrintStream.java 
58697      DEBUG main            d.u.i.k.j.r.ClassFileDeclarationBuilder Parsing: package java.io; public class Closeable { } 
58698      DEBUG main            r.s.KeYCrossReferenceSourceInfo Dynamically created class: java.io.Closeable 
61100      DEBUG main            d.u.i.k.p.i.AbstractProblemLoader Init config took 2.43s 
61123      INFO  main            d.u.i.k.p.i.AbstractProblemLoader Replaying proof break.key 
61125      DEBUG main            d.u.i.k.p.i.IntermediateProofReplayer Proof replay took 9.1ns 
61228      INFO  main            d.u.i.k.p.r.p.TestFile    ... finished proof: closed. 
61430      INFO  main            d.u.i.k.p.i.AbstractProblemLoader Loading environment from /home/runner/work/key/key/key.core/../key.ui/examples/standard_key/java_dl/break.key.proof 
61430      DEBUG main            d.u.i.k.p.i.AbstractProblemLoader Environment load took 136.4ns 
61431      INFO  main            d.u.i.k.p.i.AbstractProblemLoader Creating init config 
61455      WARN  main            d.u.i.k.j.r.KeYCrossReferenceNameInfo Datatype java.io.InputStream declared twice: Once in FILE:/home/runner/work/key/key/key.core/../key.ui/examples/standard_key/java_dl/classpath/InputStream.java and once in URL:file:/home/runner/work/key/key/key.core/build/resources/main/de/uka/ilkd/key/java/JavaRedux/java/io/InputStream.java, Keeping one from URL:file:/home/runner/work/key/key/key.core/build/resources/main/de/uka/ilkd/key/java/JavaRedux/java/io/InputStream.java 
61455      WARN  main            d.u.i.k.j.r.KeYCrossReferenceNameInfo Datatype java.lang.System declared twice: Once in FILE:/home/runner/work/key/key/key.core/../key.ui/examples/standard_key/java_dl/classpath/System.java and once in URL:file:/home/runner/work/key/key/key.core/build/resources/main/de/uka/ilkd/key/java/JavaRedux/java/lang/System.java, Keeping one from URL:file:/home/runner/work/key/key/key.core/build/resources/main/de/uka/ilkd/key/java/JavaRedux/java/lang/System.java 
61455      WARN  main            d.u.i.k.j.r.KeYCrossReferenceNameInfo Datatype java.io.PrintStream declared twice: Once in FILE:/home/runner/work/key/key/key.core/../key.ui/examples/standard_key/java_dl/classpath/PrintStream.java and once in URL:file:/home/runner/work/key/key/key.core/build/resources/main/de/uka/ilkd/key/java/JavaRedux/java/io/PrintStream.java, Keeping one from URL:file:/home/runner/work/key/key/key.core/build/resources/main/de/uka/ilkd/key/java/JavaRedux/java/io/PrintStream.java 
61458      DEBUG main            d.u.i.k.j.r.ClassFileDeclarationBuilder Parsing: package java.io; public class Closeable { } 
61459      DEBUG main            r.s.KeYCrossReferenceSourceInfo Dynamically created class: java.io.Closeable 
63778      DEBUG main            d.u.i.k.p.i.AbstractProblemLoader Init config took 2.35s 
63797      INFO  main            d.u.i.k.p.i.AbstractProblemLoader Replaying proof break.key.proof 
63807      DEBUG main            d.u.i.k.p.i.IntermediateProofReplayer Proof replay took 7.38ms 
63808      DEBUG main            d.u.i.k.p.r.p.TestFile    ... success: reloaded. 
63809      INFO  main            d.u.i.k.p.r.p.TestFile    Now processing file /home/runner/work/key/key/key.core/../key.ui/examples/standard_key/java_dl/char.key 
63809      INFO  main            d.u.i.k.p.i.AbstractProblemLoader Loading environment from /home/runner/work/key/key/key.core/../key.ui/examples/standard_key/java_dl/char.key 
63809      DEBUG main            d.u.i.k.p.i.AbstractProblemLoader Environment load took 97ns 
63810      INFO  main            d.u.i.k.p.i.AbstractProblemLoader Creating init config 
66199      DEBUG main            d.u.i.k.p.i.AbstractProblemLoader Init config took 2.39s 
66218      INFO  main            d.u.i.k.p.i.AbstractProblemLoader Replaying proof char.key 
66219      DEBUG main            d.u.i.k.p.i.IntermediateProofReplayer Proof replay took 7.9ns 
66321      INFO  main            d.u.i.k.p.r.p.TestFile    ... finished proof: closed. 
66531      INFO  main            d.u.i.k.p.i.AbstractProblemLoader Loading environment from /home/runner/work/key/key/key.core/../key.ui/examples/standard_key/java_dl/char.key.proof 
66531      DEBUG main            d.u.i.k.p.i.AbstractProblemLoader Environment load took 151.3ns 
66532      INFO  main            d.u.i.k.p.i.AbstractProblemLoader Creating init config 
68821      DEBUG main            d.u.i.k.p.i.AbstractProblemLoader Init config took 2.29s 
68838      INFO  main            d.u.i.k.p.i.AbstractProblemLoader Replaying proof char.key.proof 
68842      DEBUG main            d.u.i.k.p.i.IntermediateProofReplayer Proof replay took 2.59ms 
68843      DEBUG main            d.u.i.k.p.r.p.TestFile    ... success: reloaded. 
68844      INFO  main            d.u.i.k.p.r.p.TestFile    Now processing file /home/runner/work/key/key/key.core/../key.ui/examples/standard_key/java_dl/compileTimeConstants.key 
68845      INFO  main            d.u.i.k.p.i.AbstractProblemLoader Loading environment from /home/runner/work/key/key/key.core/../key.ui/examples/standard_key/java_dl/compileTimeConstants.key 
68845      DEBUG main            d.u.i.k.p.i.AbstractProblemLoader Environment load took 212.9ns 
68846      INFO  main            d.u.i.k.p.i.AbstractProblemLoader Creating init config 
71252      DEBUG main            d.u.i.k.p.i.AbstractProblemLoader Init config took 2.41s 
71269      INFO  main            d.u.i.k.p.i.AbstractProblemLoader Replaying proof compileTimeConstants.key 
71270      DEBUG main            d.u.i.k.p.i.IntermediateProofReplayer Proof replay took 8.7ns 
71373      INFO  main            d.u.i.k.p.r.p.TestFile    ... finished proof: closed. 
71641      INFO  main            d.u.i.k.p.i.AbstractProblemLoader Loading environment from /home/runner/work/key/key/key.core/../key.ui/examples/standard_key/java_dl/compileTimeConstants.key.proof 
71642      DEBUG main            d.u.i.k.p.i.AbstractProblemLoader Environment load took 131.6ns 
71643      INFO  main            d.u.i.k.p.i.AbstractProblemLoader Creating init config 
73980      DEBUG main            d.u.i.k.p.i.AbstractProblemLoader Init config took 2.34s 
73999      INFO  main            d.u.i.k.p.i.AbstractProblemLoader Replaying proof compileTimeConstants.key.proof 
74013      DEBUG main            d.u.i.k.p.i.IntermediateProofReplayer Proof replay took 10.95ms 
74014      DEBUG main            d.u.i.k.p.r.p.TestFile    ... success: reloaded. 
74015      INFO  main            d.u.i.k.p.r.p.TestFile    Now processing file /home/runner/work/key/key/key.core/../key.ui/examples/standard_key/java_dl/constructorException/test.key 
74015      INFO  main            d.u.i.k.p.i.AbstractProblemLoader Loading environment from /home/runner/work/key/key/key.core/../key.ui/examples/standard_key/java_dl/constructorException/test.key 
74015      DEBUG main            d.u.i.k.p.i.AbstractProblemLoader Environment load took 192ns 
74017      INFO  main            d.u.i.k.p.i.AbstractProblemLoader Creating init config 
76421      DEBUG main            d.u.i.k.p.i.AbstractProblemLoader Init config took 2.4s 
76495      INFO  main            d.u.i.k.p.i.AbstractProblemLoader Replaying proof Test[Test::Test(int)].JML operation contract.0 
76496      DEBUG main            d.u.i.k.p.i.IntermediateProofReplayer Proof replay took 6.7ns 
76701      INFO  main            d.u.i.k.p.r.p.TestFile    ... finished proof: closed. 
76944      INFO  main            d.u.i.k.p.i.AbstractProblemLoader Loading environment from /home/runner/work/key/key/key.core/../key.ui/examples/standard_key/java_dl/constructorException/test.key.proof 
76945      DEBUG main            d.u.i.k.p.i.AbstractProblemLoader Environment load took 136.9ns 
76946      INFO  main            d.u.i.k.p.i.AbstractProblemLoader Creating init config 
79276      DEBUG main            d.u.i.k.p.i.AbstractProblemLoader Init config took 2.33s 
79320      INFO  main            d.u.i.k.p.i.AbstractProblemLoader Replaying proof Test[Test::Test(int)].JML operation contract.0 
79377      DEBUG main            d.u.i.k.p.i.IntermediateProofReplayer Proof replay took 54.35ms 
79379      DEBUG main            d.u.i.k.p.r.p.TestFile    ... success: reloaded. 
79380      INFO  main            d.u.i.k.p.r.p.TestFile    Now processing file /home/runner/work/key/key/key.core/../key.ui/examples/standard_key/java_dl/constructorException/regressionTestBug1333.key 
79380      INFO  main            d.u.i.k.p.i.AbstractProblemLoader Loading environment from /home/runner/work/key/key/key.core/../key.ui/examples/standard_key/java_dl/constructorException/regressionTestBug1333.key 
79382      DEBUG main            d.u.i.k.p.i.AbstractProblemLoader Environment load took 2.22ms 
79383      INFO  main            d.u.i.k.p.i.AbstractProblemLoader Creating init config 
81784      DEBUG main            d.u.i.k.p.i.AbstractProblemLoader Init config took 2.4s 
81846      INFO  main            d.u.i.k.p.i.AbstractProblemLoader Replaying proof False[False::False()].JML normal_behavior operation contract.0 
81848      DEBUG main            d.u.i.k.p.i.IntermediateProofReplayer Proof replay took 7.8ns 
81954      INFO  main            d.u.i.k.p.r.p.TestFile    ... finished proof: open goal(s) 
82172      INFO  main            d.u.i.k.p.r.p.TestFile    Now processing file /home/runner/work/key/key/key.core/../key.ui/examples/standard_key/java_dl/continue1.key 
82172      INFO  main            d.u.i.k.p.i.AbstractProblemLoader Loading environment from /home/runner/work/key/key/key.core/../key.ui/examples/standard_key/java_dl/continue1.key 
82173      DEBUG main            d.u.i.k.p.i.AbstractProblemLoader Environment load took 77.5ns 
82174      INFO  main            d.u.i.k.p.i.AbstractProblemLoader Creating init config 
82196      WARN  main            d.u.i.k.j.r.KeYCrossReferenceNameInfo Datatype java.io.InputStream declared twice: Once in FILE:/home/runner/work/key/key/key.core/../key.ui/examples/standard_key/java_dl/classpath/InputStream.java and once in URL:file:/home/runner/work/key/key/key.core/build/resources/main/de/uka/ilkd/key/java/JavaRedux/java/io/InputStream.java, Keeping one from URL:file:/home/runner/work/key/key/key.core/build/resources/main/de/uka/ilkd/key/java/JavaRedux/java/io/InputStream.java 
82197      WARN  main            d.u.i.k.j.r.KeYCrossReferenceNameInfo Datatype java.lang.System declared twice: Once in FILE:/home/runner/work/key/key/key.core/../key.ui/examples/standard_key/java_dl/classpath/System.java and once in URL:file:/home/runner/work/key/key/key.core/build/resources/main/de/uka/ilkd/key/java/JavaRedux/java/lang/System.java, Keeping one from URL:file:/home/runner/work/key/key/key.core/build/resources/main/de/uka/ilkd/key/java/JavaRedux/java/lang/System.java 
82197      WARN  main            d.u.i.k.j.r.KeYCrossReferenceNameInfo Datatype java.io.PrintStream declared twice: Once in FILE:/home/runner/work/key/key/key.core/../key.ui/examples/standard_key/java_dl/classpath/PrintStream.java and once in URL:file:/home/runner/work/key/key/key.core/build/resources/main/de/uka/ilkd/key/java/JavaRedux/java/io/PrintStream.java, Keeping one from URL:file:/home/runner/work/key/key/key.core/build/resources/main/de/uka/ilkd/key/java/JavaRedux/java/io/PrintStream.java 
82200      DEBUG main            d.u.i.k.j.r.ClassFileDeclarationBuilder Parsing: package java.io; public class Closeable { } 
82200      DEBUG main            r.s.KeYCrossReferenceSourceInfo Dynamically created class: java.io.Closeable 
84567      DEBUG main            d.u.i.k.p.i.AbstractProblemLoader Init config took 2.39s 
84585      INFO  main            d.u.i.k.p.i.AbstractProblemLoader Replaying proof continue1.key 
84587      DEBUG main            d.u.i.k.p.i.IntermediateProofReplayer Proof replay took 8.7ns 
84692      INFO  main            d.u.i.k.p.r.p.TestFile    ... finished proof: closed. 
84917      INFO  main            d.u.i.k.p.i.AbstractProblemLoader Loading environment from /home/runner/work/key/key/key.core/../key.ui/examples/standard_key/java_dl/continue1.key.proof 
84917      DEBUG main            d.u.i.k.p.i.AbstractProblemLoader Environment load took 138.9ns 
84918      INFO  main            d.u.i.k.p.i.AbstractProblemLoader Creating init config 
84941      WARN  main            d.u.i.k.j.r.KeYCrossReferenceNameInfo Datatype java.io.InputStream declared twice: Once in FILE:/home/runner/work/key/key/key.core/../key.ui/examples/standard_key/java_dl/classpath/InputStream.java and once in URL:file:/home/runner/work/key/key/key.core/build/resources/main/de/uka/ilkd/key/java/JavaRedux/java/io/InputStream.java, Keeping one from URL:file:/home/runner/work/key/key/key.core/build/resources/main/de/uka/ilkd/key/java/JavaRedux/java/io/InputStream.java 
84942      WARN  main            d.u.i.k.j.r.KeYCrossReferenceNameInfo Datatype java.lang.System declared twice: Once in FILE:/home/runner/work/key/key/key.core/../key.ui/examples/standard_key/java_dl/classpath/System.java and once in URL:file:/home/runner/work/key/key/key.core/build/resources/main/de/uka/ilkd/key/java/JavaRedux/java/lang/System.java, Keeping one from URL:file:/home/runner/work/key/key/key.core/build/resources/main/de/uka/ilkd/key/java/JavaRedux/java/lang/System.java 
84942      WARN  main            d.u.i.k.j.r.KeYCrossReferenceNameInfo Datatype java.io.PrintStream declared twice: Once in FILE:/home/runner/work/key/key/key.core/../key.ui/examples/standard_key/java_dl/classpath/PrintStream.java and once in URL:file:/home/runner/work/key/key/key.core/build/resources/main/de/uka/ilkd/key/java/JavaRedux/java/io/PrintStream.java, Keeping one from URL:file:/home/runner/work/key/key/key.core/build/resources/main/de/uka/ilkd/key/java/JavaRedux/java/io/PrintStream.java 
84945      DEBUG main            d.u.i.k.j.r.ClassFileDeclarationBuilder Parsing: package java.io; public class Closeable { } 
84945      DEBUG main            r.s.KeYCrossReferenceSourceInfo Dynamically created class: java.io.Closeable 
87200      DEBUG main            d.u.i.k.p.i.AbstractProblemLoader Init config took 2.28s 
87216      INFO  main            d.u.i.k.p.i.AbstractProblemLoader Replaying proof continue1.key.proof 
87237      DEBUG main            d.u.i.k.p.i.IntermediateProofReplayer Proof replay took 18.31ms 
87238      DEBUG main            d.u.i.k.p.r.p.TestFile    ... success: reloaded. 
87240      INFO  main            d.u.i.k.p.r.p.TestFile    Now processing file /home/runner/work/key/key/key.core/../key.ui/examples/standard_key/java_dl/continue2.key 
87240      INFO  main            d.u.i.k.p.i.AbstractProblemLoader Loading environment from /home/runner/work/key/key/key.core/../key.ui/examples/standard_key/java_dl/continue2.key 
87240      DEBUG main            d.u.i.k.p.i.AbstractProblemLoader Environment load took 217.1ns 
87241      INFO  main            d.u.i.k.p.i.AbstractProblemLoader Creating init config 
87263      WARN  main            d.u.i.k.j.r.KeYCrossReferenceNameInfo Datatype java.io.InputStream declared twice: Once in FILE:/home/runner/work/key/key/key.core/../key.ui/examples/standard_key/java_dl/classpath/InputStream.java and once in URL:file:/home/runner/work/key/key/key.core/build/resources/main/de/uka/ilkd/key/java/JavaRedux/java/io/InputStream.java, Keeping one from URL:file:/home/runner/work/key/key/key.core/build/resources/main/de/uka/ilkd/key/java/JavaRedux/java/io/InputStream.java 
87264      WARN  main            d.u.i.k.j.r.KeYCrossReferenceNameInfo Datatype java.lang.System declared twice: Once in FILE:/home/runner/work/key/key/key.core/../key.ui/examples/standard_key/java_dl/classpath/System.java and once in URL:file:/home/runner/work/key/key/key.core/build/resources/main/de/uka/ilkd/key/java/JavaRedux/java/lang/System.java, Keeping one from URL:file:/home/runner/work/key/key/key.core/build/resources/main/de/uka/ilkd/key/java/JavaRedux/java/lang/System.java 
87264      WARN  main            d.u.i.k.j.r.KeYCrossReferenceNameInfo Datatype java.io.PrintStream declared twice: Once in FILE:/home/runner/work/key/key/key.core/../key.ui/examples/standard_key/java_dl/classpath/PrintStream.java and once in URL:file:/home/runner/work/key/key/key.core/build/resources/main/de/uka/ilkd/key/java/JavaRedux/java/io/PrintStream.java, Keeping one from URL:file:/home/runner/work/key/key/key.core/build/resources/main/de/uka/ilkd/key/java/JavaRedux/java/io/PrintStream.java 
87267      DEBUG main            d.u.i.k.j.r.ClassFileDeclarationBuilder Parsing: package java.io; public class Closeable { } 
87267      DEBUG main            r.s.KeYCrossReferenceSourceInfo Dynamically created class: java.io.Closeable 
89627      DEBUG main            d.u.i.k.p.i.AbstractProblemLoader Init config took 2.39s 
89643      INFO  main            d.u.i.k.p.i.AbstractProblemLoader Replaying proof continue2.key 
89644      DEBUG main            d.u.i.k.p.i.IntermediateProofReplayer Proof replay took 8.1ns 
89947      INFO  main            d.u.i.k.p.r.p.TestFile    ... finished proof: closed. 
90199      INFO  main            d.u.i.k.p.i.AbstractProblemLoader Loading environment from /home/runner/work/key/key/key.core/../key.ui/examples/standard_key/java_dl/continue2.key.proof 
90200      DEBUG main            d.u.i.k.p.i.AbstractProblemLoader Environment load took 324ns 
90201      INFO  main            d.u.i.k.p.i.AbstractProblemLoader Creating init config 
90224      WARN  main            d.u.i.k.j.r.KeYCrossReferenceNameInfo Datatype java.io.InputStream declared twice: Once in FILE:/home/runner/work/key/key/key.core/../key.ui/examples/standard_key/java_dl/classpath/InputStream.java and once in URL:file:/home/runner/work/key/key/key.core/build/resources/main/de/uka/ilkd/key/java/JavaRedux/java/io/InputStream.java, Keeping one from URL:file:/home/runner/work/key/key/key.core/build/resources/main/de/uka/ilkd/key/java/JavaRedux/java/io/InputStream.java 
90224      WARN  main            d.u.i.k.j.r.KeYCrossReferenceNameInfo Datatype java.lang.System declared twice: Once in FILE:/home/runner/work/key/key/key.core/../key.ui/examples/standard_key/java_dl/classpath/System.java and once in URL:file:/home/runner/work/key/key/key.core/build/resources/main/de/uka/ilkd/key/java/JavaRedux/java/lang/System.java, Keeping one from URL:file:/home/runner/work/key/key/key.core/build/resources/main/de/uka/ilkd/key/java/JavaRedux/java/lang/System.java 
90224      WARN  main            d.u.i.k.j.r.KeYCrossReferenceNameInfo Datatype java.io.PrintStream declared twice: Once in FILE:/home/runner/work/key/key/key.core/../key.ui/examples/standard_key/java_dl/classpath/PrintStream.java and once in URL:file:/home/runner/work/key/key/key.core/build/resources/main/de/uka/ilkd/key/java/JavaRedux/java/io/PrintStream.java, Keeping one from URL:file:/home/runner/work/key/key/key.core/build/resources/main/de/uka/ilkd/key/java/JavaRedux/java/io/PrintStream.java 
90227      DEBUG main            d.u.i.k.j.r.ClassFileDeclarationBuilder Parsing: package java.io; public class Closeable { } 
90228      DEBUG main            r.s.KeYCrossReferenceSourceInfo Dynamically created class: java.io.Closeable 
92490      DEBUG main            d.u.i.k.p.i.AbstractProblemLoader Init config took 2.29s 
92505      INFO  main            d.u.i.k.p.i.AbstractProblemLoader Replaying proof continue2.key.proof 
92581      DEBUG main            d.u.i.k.p.i.IntermediateProofReplayer Proof replay took 72.59ms 
92583      DEBUG main            d.u.i.k.p.r.p.TestFile    ... success: reloaded. 
92585      INFO  main            d.u.i.k.p.r.p.TestFile    Now processing file /home/runner/work/key/key/key.core/../key.ui/examples/standard_key/java_dl/complexAssignment.key 
92585      INFO  main            d.u.i.k.p.i.AbstractProblemLoader Loading environment from /home/runner/work/key/key/key.core/../key.ui/examples/standard_key/java_dl/complexAssignment.key 
92585      DEBUG main            d.u.i.k.p.i.AbstractProblemLoader Environment load took 98.7ns 
92586      INFO  main            d.u.i.k.p.i.AbstractProblemLoader Creating init config 
94926      DEBUG main            d.u.i.k.p.i.AbstractProblemLoader Init config took 2.34s 
94941      INFO  main            d.u.i.k.p.i.AbstractProblemLoader Replaying proof complexAssignment.key 
94944      DEBUG main            d.u.i.k.p.i.IntermediateProofReplayer Proof replay took 8.6ns 
95046      INFO  main            d.u.i.k.p.r.p.TestFile    ... finished proof: closed. 
95295      INFO  main            d.u.i.k.p.i.AbstractProblemLoader Loading environment from /home/runner/work/key/key/key.core/../key.ui/examples/standard_key/java_dl/complexAssignment.key.proof 
95296      DEBUG main            d.u.i.k.p.i.AbstractProblemLoader Environment load took 118.9ns 
95297      INFO  main            d.u.i.k.p.i.AbstractProblemLoader Creating init config 
97529      DEBUG main            d.u.i.k.p.i.AbstractProblemLoader Init config took 2.23s 
97544      INFO  main            d.u.i.k.p.i.AbstractProblemLoader Replaying proof complexAssignment.key.proof 
97552      DEBUG main            d.u.i.k.p.i.IntermediateProofReplayer Proof replay took 6.71ms 
97553      DEBUG main            d.u.i.k.p.r.p.TestFile    ... success: reloaded. 
97554      INFO  main            d.u.i.k.p.r.p.TestFile    Now processing file /home/runner/work/key/key/key.core/../key.ui/examples/standard_key/java_dl/danglingElseSolution1.key 
97554      INFO  main            d.u.i.k.p.i.AbstractProblemLoader Loading environment from /home/runner/work/key/key/key.core/../key.ui/examples/standard_key/java_dl/danglingElseSolution1.key 
97554      DEBUG main            d.u.i.k.p.i.AbstractProblemLoader Environment load took 78.5ns 
97555      INFO  main            d.u.i.k.p.i.AbstractProblemLoader Creating init config 
99880      DEBUG main            d.u.i.k.p.i.AbstractProblemLoader Init config took 2.32s 
99895      INFO  main            d.u.i.k.p.i.AbstractProblemLoader Replaying proof danglingElseSolution1.key 
99896      DEBUG main            d.u.i.k.p.i.IntermediateProofReplayer Proof replay took 8.3ns 
99998      INFO  main            d.u.i.k.p.r.p.TestFile    ... finished proof: closed. 
100273     INFO  main            d.u.i.k.p.i.AbstractProblemLoader Loading environment from /home/runner/work/key/key/key.core/../key.ui/examples/standard_key/java_dl/danglingElseSolution1.key.proof 
100273     DEBUG main            d.u.i.k.p.i.AbstractProblemLoader Environment load took 124.4ns 
100274     INFO  main            d.u.i.k.p.i.AbstractProblemLoader Creating init config 
102505     DEBUG main            d.u.i.k.p.i.AbstractProblemLoader Init config took 2.23s 
102520     INFO  main            d.u.i.k.p.i.AbstractProblemLoader Replaying proof danglingElseSolution1.key.proof 
102531     DEBUG main            d.u.i.k.p.i.IntermediateProofReplayer Proof replay took 8.89ms 
102532     DEBUG main            d.u.i.k.p.r.p.TestFile    ... success: reloaded. 
102533     INFO  main            d.u.i.k.p.r.p.TestFile    Now processing file /home/runner/work/key/key/key.core/../key.ui/examples/standard_key/java_dl/danglingElseSolution2.key 
102533     INFO  main            d.u.i.k.p.i.AbstractProblemLoader Loading environment from /home/runner/work/key/key/key.core/../key.ui/examples/standard_key/java_dl/danglingElseSolution2.key 
102533     DEBUG main            d.u.i.k.p.i.AbstractProblemLoader Environment load took 95.4ns 
102534     INFO  main            d.u.i.k.p.i.AbstractProblemLoader Creating init config 
104859     DEBUG main            d.u.i.k.p.i.AbstractProblemLoader Init config took 2.32s 
104877     INFO  main            d.u.i.k.p.i.AbstractProblemLoader Replaying proof danglingElseSolution2.key 
104879     DEBUG main            d.u.i.k.p.i.IntermediateProofReplayer Proof replay took 8.4ns 
104983     INFO  main            d.u.i.k.p.r.p.TestFile    ... finished proof: closed. 
105303     INFO  main            d.u.i.k.p.i.AbstractProblemLoader Loading environment from /home/runner/work/key/key/key.core/../key.ui/examples/standard_key/java_dl/danglingElseSolution2.key.proof 
105311     DEBUG main            d.u.i.k.p.i.AbstractProblemLoader Environment load took 8.32ms 
105313     INFO  main            d.u.i.k.p.i.AbstractProblemLoader Creating init config 
107562     DEBUG main            d.u.i.k.p.i.AbstractProblemLoader Init config took 2.25s 
107578     INFO  main            d.u.i.k.p.i.AbstractProblemLoader Replaying proof danglingElseSolution2.key.proof 
107589     DEBUG main            d.u.i.k.p.i.IntermediateProofReplayer Proof replay took 9.06ms 
107591     DEBUG main            d.u.i.k.p.r.p.TestFile    ... success: reloaded. 
107591     INFO  main            d.u.i.k.p.r.p.TestFile    Now processing file /home/runner/work/key/key/key.core/../key.ui/examples/standard_key/java_dl/deepNonNull/deepNonNull0.key 
107592     INFO  main            d.u.i.k.p.i.AbstractProblemLoader Loading environment from /home/runner/work/key/key/key.core/../key.ui/examples/standard_key/java_dl/deepNonNull/deepNonNull0.key 
107592     DEBUG main            d.u.i.k.p.i.AbstractProblemLoader Environment load took 187.1ns 
107593     INFO  main            d.u.i.k.p.i.AbstractProblemLoader Creating init config 
109941     DEBUG main            d.u.i.k.p.i.AbstractProblemLoader Init config took 2.35s 
110001     INFO  main            d.u.i.k.p.i.AbstractProblemLoader Replaying proof Arrays[Arrays::get()].JML operation contract.0 
110003     DEBUG main            d.u.i.k.p.i.IntermediateProofReplayer Proof replay took 7.7ns 
110205     INFO  main            d.u.i.k.p.r.p.TestFile    ... finished proof: closed. 
110480     INFO  main            d.u.i.k.p.i.AbstractProblemLoader Loading environment from /home/runner/work/key/key/key.core/../key.ui/examples/standard_key/java_dl/deepNonNull/deepNonNull0.key.proof 
110480     DEBUG main            d.u.i.k.p.i.AbstractProblemLoader Environment load took 118ns 
110481     INFO  main            d.u.i.k.p.i.AbstractProblemLoader Creating init config 
112814     DEBUG main            d.u.i.k.p.i.AbstractProblemLoader Init config took 2.33s 
112854     INFO  main            d.u.i.k.p.i.AbstractProblemLoader Replaying proof Arrays[Arrays::get()].JML operation contract.0 
112887     DEBUG main            d.u.i.k.p.i.IntermediateProofReplayer Proof replay took 30.32ms 
112888     DEBUG main            d.u.i.k.p.r.p.TestFile    ... success: reloaded. 
112888     INFO  main            d.u.i.k.p.r.p.TestFile    Now processing file /home/runner/work/key/key/key.core/../key.ui/examples/standard_key/java_dl/deepNonNull/deepNonNull1.key 
112888     INFO  main            d.u.i.k.p.i.AbstractProblemLoader Loading environment from /home/runner/work/key/key/key.core/../key.ui/examples/standard_key/java_dl/deepNonNull/deepNonNull1.key 
112889     DEBUG main            d.u.i.k.p.i.AbstractProblemLoader Environment load took 89.9ns 
112889     INFO  main            d.u.i.k.p.i.AbstractProblemLoader Creating init config 
115243     DEBUG main            d.u.i.k.p.i.AbstractProblemLoader Init config took 2.35s 
115281     INFO  main            d.u.i.k.p.i.AbstractProblemLoader Replaying proof Arrays[Arrays::head()].JML operation contract.0 
115282     DEBUG main            d.u.i.k.p.i.IntermediateProofReplayer Proof replay took 7ns 
115485     INFO  main            d.u.i.k.p.r.p.TestFile    ... finished proof: closed. 
115761     INFO  main            d.u.i.k.p.i.AbstractProblemLoader Loading environment from /home/runner/work/key/key/key.core/../key.ui/examples/standard_key/java_dl/deepNonNull/deepNonNull1.key.proof 
115761     DEBUG main            d.u.i.k.p.i.AbstractProblemLoader Environment load took 122.8ns 
115762     INFO  main            d.u.i.k.p.i.AbstractProblemLoader Creating init config 
118058     DEBUG main            d.u.i.k.p.i.AbstractProblemLoader Init config took 2.3s 
118107     INFO  main            d.u.i.k.p.i.AbstractProblemLoader Replaying proof Arrays[Arrays::head()].JML operation contract.0 
118143     DEBUG main            d.u.i.k.p.i.IntermediateProofReplayer Proof replay took 32.29ms 
118144     DEBUG main            d.u.i.k.p.r.p.TestFile    ... success: reloaded. 
118144     INFO  main            d.u.i.k.p.r.p.TestFile    Now processing file /home/runner/work/key/key/key.core/../key.ui/examples/standard_key/java_dl/deepNonNull/deepNonNull2.key 
118144     INFO  main            d.u.i.k.p.i.AbstractProblemLoader Loading environment from /home/runner/work/key/key/key.core/../key.ui/examples/standard_key/java_dl/deepNonNull/deepNonNull2.key 
118144     DEBUG main            d.u.i.k.p.i.AbstractProblemLoader Environment load took 62.2ns 
118145     INFO  main            d.u.i.k.p.i.AbstractProblemLoader Creating init config 
120533     DEBUG main            d.u.i.k.p.i.AbstractProblemLoader Init config took 2.39s 
120572     INFO  main            d.u.i.k.p.i.AbstractProblemLoader Replaying proof Arrays[Arrays::unprovable(java.lang.Object)].JML operation contract.0 
120573     DEBUG main            d.u.i.k.p.i.IntermediateProofReplayer Proof replay took 8.8ns 
120681     INFO  main            d.u.i.k.p.r.p.TestFile    ... finished proof: open goal(s) 
120959     INFO  main            d.u.i.k.p.r.p.TestFile    Now processing file /home/runner/work/key/key/key.core/../key.ui/examples/standard_key/java_dl/deepNonNull/deepNonNull3.key 
120959     INFO  main            d.u.i.k.p.i.AbstractProblemLoader Loading environment from /home/runner/work/key/key/key.core/../key.ui/examples/standard_key/java_dl/deepNonNull/deepNonNull3.key 
120959     DEBUG main            d.u.i.k.p.i.AbstractProblemLoader Environment load took 78.9ns 
120960     INFO  main            d.u.i.k.p.i.AbstractProblemLoader Creating init config 
123274     DEBUG main            d.u.i.k.p.i.AbstractProblemLoader Init config took 2.31s 
123312     INFO  main            d.u.i.k.p.i.AbstractProblemLoader Replaying proof Arrays[Arrays::head([[[[Ljava.lang.Object)].JML operation contract.0 
123314     DEBUG main            d.u.i.k.p.i.IntermediateProofReplayer Proof replay took 10.2ns 
124222     INFO  main            d.u.i.k.p.r.p.TestFile    ... finished proof: closed. 
124539     INFO  main            d.u.i.k.p.i.AbstractProblemLoader Loading environment from /home/runner/work/key/key/key.core/../key.ui/examples/standard_key/java_dl/deepNonNull/deepNonNull3.key.proof 
124540     DEBUG main            d.u.i.k.p.i.AbstractProblemLoader Environment load took 476.71ns 
124541     INFO  main            d.u.i.k.p.i.AbstractProblemLoader Creating init config 
126861     DEBUG main            d.u.i.k.p.i.AbstractProblemLoader Init config took 2.32s 
126908     INFO  main            d.u.i.k.p.i.AbstractProblemLoader Replaying proof Arrays[Arrays::head([[[[Ljava.lang.Object)].JML operation contract.0 
127024     DEBUG main            d.u.i.k.p.i.IntermediateProofReplayer Proof replay took 108.41ms 
127025     DEBUG main            d.u.i.k.p.r.p.TestFile    ... success: reloaded. 
127025     INFO  main            d.u.i.k.p.r.p.TestFile    Now processing file /home/runner/work/key/key/key.core/../key.ui/examples/standard_key/java_dl/exceptions.key 
127026     INFO  main            d.u.i.k.p.i.AbstractProblemLoader Loading environment from /home/runner/work/key/key/key.core/../key.ui/examples/standard_key/java_dl/exceptions.key 
127027     DEBUG main            d.u.i.k.p.i.AbstractProblemLoader Environment load took 883.11ns 
127028     INFO  main            d.u.i.k.p.i.AbstractProblemLoader Creating init config 
127050     WARN  main            d.u.i.k.j.r.KeYCrossReferenceNameInfo Datatype java.io.InputStream declared twice: Once in FILE:/home/runner/work/key/key/key.core/../key.ui/examples/standard_key/java_dl/classpath/InputStream.java and once in URL:file:/home/runner/work/key/key/key.core/build/resources/main/de/uka/ilkd/key/java/JavaRedux/java/io/InputStream.java, Keeping one from URL:file:/home/runner/work/key/key/key.core/build/resources/main/de/uka/ilkd/key/java/JavaRedux/java/io/InputStream.java 
127050     WARN  main            d.u.i.k.j.r.KeYCrossReferenceNameInfo Datatype java.lang.System declared twice: Once in FILE:/home/runner/work/key/key/key.core/../key.ui/examples/standard_key/java_dl/classpath/System.java and once in URL:file:/home/runner/work/key/key/key.core/build/resources/main/de/uka/ilkd/key/java/JavaRedux/java/lang/System.java, Keeping one from URL:file:/home/runner/work/key/key/key.core/build/resources/main/de/uka/ilkd/key/java/JavaRedux/java/lang/System.java 
127053     WARN  main            d.u.i.k.j.r.KeYCrossReferenceNameInfo Datatype java.io.PrintStream declared twice: Once in FILE:/home/runner/work/key/key/key.core/../key.ui/examples/standard_key/java_dl/classpath/PrintStream.java and once in URL:file:/home/runner/work/key/key/key.core/build/resources/main/de/uka/ilkd/key/java/JavaRedux/java/io/PrintStream.java, Keeping one from URL:file:/home/runner/work/key/key/key.core/build/resources/main/de/uka/ilkd/key/java/JavaRedux/java/io/PrintStream.java 
127057     DEBUG main            d.u.i.k.j.r.ClassFileDeclarationBuilder Parsing: package java.io; public class Closeable { } 
127057     DEBUG main            r.s.KeYCrossReferenceSourceInfo Dynamically created class: java.io.Closeable 
129320     DEBUG main            d.u.i.k.p.i.AbstractProblemLoader Init config took 2.29s 
129334     INFO  main            d.u.i.k.p.i.AbstractProblemLoader Replaying proof exceptions.key 
129335     DEBUG main            d.u.i.k.p.i.IntermediateProofReplayer Proof replay took 8.7ns 
129541     INFO  main            d.u.i.k.p.r.p.TestFile    ... finished proof: closed. 
129820     INFO  main            d.u.i.k.p.i.AbstractProblemLoader Loading environment from /home/runner/work/key/key/key.core/../key.ui/examples/standard_key/java_dl/exceptions.key.proof 
129820     DEBUG main            d.u.i.k.p.i.AbstractProblemLoader Environment load took 104.8ns 
129821     INFO  main            d.u.i.k.p.i.AbstractProblemLoader Creating init config 
129845     WARN  main            d.u.i.k.j.r.KeYCrossReferenceNameInfo Datatype java.io.InputStream declared twice: Once in FILE:/home/runner/work/key/key/key.core/../key.ui/examples/standard_key/java_dl/classpath/InputStream.java and once in URL:file:/home/runner/work/key/key/key.core/build/resources/main/de/uka/ilkd/key/java/JavaRedux/java/io/InputStream.java, Keeping one from URL:file:/home/runner/work/key/key/key.core/build/resources/main/de/uka/ilkd/key/java/JavaRedux/java/io/InputStream.java 
129845     WARN  main            d.u.i.k.j.r.KeYCrossReferenceNameInfo Datatype java.lang.System declared twice: Once in FILE:/home/runner/work/key/key/key.core/../key.ui/examples/standard_key/java_dl/classpath/System.java and once in URL:file:/home/runner/work/key/key/key.core/build/resources/main/de/uka/ilkd/key/java/JavaRedux/java/lang/System.java, Keeping one from URL:file:/home/runner/work/key/key/key.core/build/resources/main/de/uka/ilkd/key/java/JavaRedux/java/lang/System.java 
129845     WARN  main            d.u.i.k.j.r.KeYCrossReferenceNameInfo Datatype java.io.PrintStream declared twice: Once in FILE:/home/runner/work/key/key/key.core/../key.ui/examples/standard_key/java_dl/classpath/PrintStream.java and once in URL:file:/home/runner/work/key/key/key.core/build/resources/main/de/uka/ilkd/key/java/JavaRedux/java/io/PrintStream.java, Keeping one from URL:file:/home/runner/work/key/key/key.core/build/resources/main/de/uka/ilkd/key/java/JavaRedux/java/io/PrintStream.java 
129848     DEBUG main            d.u.i.k.j.r.ClassFileDeclarationBuilder Parsing: package java.io; public class Closeable { } 
129849     DEBUG main            r.s.KeYCrossReferenceSourceInfo Dynamically created class: java.io.Closeable 
132089     DEBUG main            d.u.i.k.p.i.AbstractProblemLoader Init config took 2.27s 
132104     INFO  main            d.u.i.k.p.i.AbstractProblemLoader Replaying proof exceptions.key.proof 
132146     DEBUG main            d.u.i.k.p.i.IntermediateProofReplayer Proof replay took 39.23ms 
132147     DEBUG main            d.u.i.k.p.r.p.TestFile    ... success: reloaded. 
132148     INFO  main            d.u.i.k.p.r.p.TestFile    Now processing file /home/runner/work/key/key/key.core/../key.ui/examples/standard_key/java_dl/exceptions1.key 
132148     INFO  main            d.u.i.k.p.i.AbstractProblemLoader Loading environment from /home/runner/work/key/key/key.core/../key.ui/examples/standard_key/java_dl/exceptions1.key 
132148     DEBUG main            d.u.i.k.p.i.AbstractProblemLoader Environment load took 83.4ns 
132149     INFO  main            d.u.i.k.p.i.AbstractProblemLoader Creating init config 
134395     DEBUG main            d.u.i.k.p.i.AbstractProblemLoader Init config took 2.25s 
134410     INFO  main            d.u.i.k.p.i.AbstractProblemLoader Replaying proof exceptions1.key 
134412     DEBUG main            d.u.i.k.p.i.IntermediateProofReplayer Proof replay took 22.1ns 
134516     INFO  main            d.u.i.k.p.r.p.TestFile    ... finished proof: closed. 
134834     INFO  main            d.u.i.k.p.i.AbstractProblemLoader Loading environment from /home/runner/work/key/key/key.core/../key.ui/examples/standard_key/java_dl/exceptions1.key.proof 
134834     DEBUG main            d.u.i.k.p.i.AbstractProblemLoader Environment load took 112.7ns 
134835     INFO  main            d.u.i.k.p.i.AbstractProblemLoader Creating init config 
137056     DEBUG main            d.u.i.k.p.i.AbstractProblemLoader Init config took 2.22s 
137071     INFO  main            d.u.i.k.p.i.AbstractProblemLoader Replaying proof exceptions1.key.proof 
137102     DEBUG main            d.u.i.k.p.i.IntermediateProofReplayer Proof replay took 28.15ms 
137103     DEBUG main            d.u.i.k.p.r.p.TestFile    ... success: reloaded. 
137104     INFO  main            d.u.i.k.p.r.p.TestFile    Now processing file /home/runner/work/key/key/key.core/../key.ui/examples/standard_key/java_dl/exceptions2.key 
137105     INFO  main            d.u.i.k.p.i.AbstractProblemLoader Loading environment from /home/runner/work/key/key/key.core/../key.ui/examples/standard_key/java_dl/exceptions2.key 
137105     DEBUG main            d.u.i.k.p.i.AbstractProblemLoader Environment load took 179.8ns 
137106     INFO  main            d.u.i.k.p.i.AbstractProblemLoader Creating init config 
139433     DEBUG main            d.u.i.k.p.i.AbstractProblemLoader Init config took 2.33s 
139448     INFO  main            d.u.i.k.p.i.AbstractProblemLoader Replaying proof exceptions2.key 
139450     DEBUG main            d.u.i.k.p.i.IntermediateProofReplayer Proof replay took 8.3ns 
139552     INFO  main            d.u.i.k.p.r.p.TestFile    ... finished proof: closed. 
139854     INFO  main            d.u.i.k.p.i.AbstractProblemLoader Loading environment from /home/runner/work/key/key/key.core/../key.ui/examples/standard_key/java_dl/exceptions2.key.proof 
139854     DEBUG main            d.u.i.k.p.i.AbstractProblemLoader Environment load took 110.4ns 
139855     INFO  main            d.u.i.k.p.i.AbstractProblemLoader Creating init config 
142062     DEBUG main            d.u.i.k.p.i.AbstractProblemLoader Init config took 2.21s 
142082     INFO  main            d.u.i.k.p.i.AbstractProblemLoader Replaying proof exceptions2.key.proof 
142116     DEBUG main            d.u.i.k.p.i.IntermediateProofReplayer Proof replay took 31.22ms 
142121     DEBUG main            d.u.i.k.p.r.p.TestFile    ... success: reloaded. 
142122     INFO  main            d.u.i.k.p.r.p.TestFile    Now processing file /home/runner/work/key/key/key.core/../key.ui/examples/standard_key/java_dl/exceptions3.key 
142123     INFO  main            d.u.i.k.p.i.AbstractProblemLoader Loading environment from /home/runner/work/key/key/key.core/../key.ui/examples/standard_key/java_dl/exceptions3.key 
142123     DEBUG main            d.u.i.k.p.i.AbstractProblemLoader Environment load took 203.2ns 
142124     INFO  main            d.u.i.k.p.i.AbstractProblemLoader Creating init config 
142147     WARN  main            d.u.i.k.j.r.KeYCrossReferenceNameInfo Datatype java.io.InputStream declared twice: Once in FILE:/home/runner/work/key/key/key.core/../key.ui/examples/standard_key/java_dl/classpath/InputStream.java and once in URL:file:/home/runner/work/key/key/key.core/build/resources/main/de/uka/ilkd/key/java/JavaRedux/java/io/InputStream.java, Keeping one from URL:file:/home/runner/work/key/key/key.core/build/resources/main/de/uka/ilkd/key/java/JavaRedux/java/io/InputStream.java 
142147     WARN  main            d.u.i.k.j.r.KeYCrossReferenceNameInfo Datatype java.lang.System declared twice: Once in FILE:/home/runner/work/key/key/key.core/../key.ui/examples/standard_key/java_dl/classpath/System.java and once in URL:file:/home/runner/work/key/key/key.core/build/resources/main/de/uka/ilkd/key/java/JavaRedux/java/lang/System.java, Keeping one from URL:file:/home/runner/work/key/key/key.core/build/resources/main/de/uka/ilkd/key/java/JavaRedux/java/lang/System.java 
142148     WARN  main            d.u.i.k.j.r.KeYCrossReferenceNameInfo Datatype java.io.PrintStream declared twice: Once in FILE:/home/runner/work/key/key/key.core/../key.ui/examples/standard_key/java_dl/classpath/PrintStream.java and once in URL:file:/home/runner/work/key/key/key.core/build/resources/main/de/uka/ilkd/key/java/JavaRedux/java/io/PrintStream.java, Keeping one from URL:file:/home/runner/work/key/key/key.core/build/resources/main/de/uka/ilkd/key/java/JavaRedux/java/io/PrintStream.java 
142150     DEBUG main            d.u.i.k.j.r.ClassFileDeclarationBuilder Parsing: package java.io; public class Closeable { } 
142151     DEBUG main            r.s.KeYCrossReferenceSourceInfo Dynamically created class: java.io.Closeable 
144459     DEBUG main            d.u.i.k.p.i.AbstractProblemLoader Init config took 2.34s 
144474     INFO  main            d.u.i.k.p.i.AbstractProblemLoader Replaying proof exceptions3.key 
144476     DEBUG main            d.u.i.k.p.i.IntermediateProofReplayer Proof replay took 7.6ns 
144578     INFO  main            d.u.i.k.p.r.p.TestFile    ... finished proof: closed. 
144883     INFO  main            d.u.i.k.p.i.AbstractProblemLoader Loading environment from /home/runner/work/key/key/key.core/../key.ui/examples/standard_key/java_dl/exceptions3.key.proof 
144884     DEBUG main            d.u.i.k.p.i.AbstractProblemLoader Environment load took 102.4ns 
144885     INFO  main            d.u.i.k.p.i.AbstractProblemLoader Creating init config 
144906     WARN  main            d.u.i.k.j.r.KeYCrossReferenceNameInfo Datatype java.io.InputStream declared twice: Once in FILE:/home/runner/work/key/key/key.core/../key.ui/examples/standard_key/java_dl/classpath/InputStream.java and once in URL:file:/home/runner/work/key/key/key.core/build/resources/main/de/uka/ilkd/key/java/JavaRedux/java/io/InputStream.java, Keeping one from URL:file:/home/runner/work/key/key/key.core/build/resources/main/de/uka/ilkd/key/java/JavaRedux/java/io/InputStream.java 
144906     WARN  main            d.u.i.k.j.r.KeYCrossReferenceNameInfo Datatype java.lang.System declared twice: Once in FILE:/home/runner/work/key/key/key.core/../key.ui/examples/standard_key/java_dl/classpath/System.java and once in URL:file:/home/runner/work/key/key/key.core/build/resources/main/de/uka/ilkd/key/java/JavaRedux/java/lang/System.java, Keeping one from URL:file:/home/runner/work/key/key/key.core/build/resources/main/de/uka/ilkd/key/java/JavaRedux/java/lang/System.java 
144906     WARN  main            d.u.i.k.j.r.KeYCrossReferenceNameInfo Datatype java.io.PrintStream declared twice: Once in FILE:/home/runner/work/key/key/key.core/../key.ui/examples/standard_key/java_dl/classpath/PrintStream.java and once in URL:file:/home/runner/work/key/key/key.core/build/resources/main/de/uka/ilkd/key/java/JavaRedux/java/io/PrintStream.java, Keeping one from URL:file:/home/runner/work/key/key/key.core/build/resources/main/de/uka/ilkd/key/java/JavaRedux/java/io/PrintStream.java 
144909     DEBUG main            d.u.i.k.j.r.ClassFileDeclarationBuilder Parsing: package java.io; public class Closeable { } 
144910     DEBUG main            r.s.KeYCrossReferenceSourceInfo Dynamically created class: java.io.Closeable 
147150     DEBUG main            d.u.i.k.p.i.AbstractProblemLoader Init config took 2.27s 
147165     INFO  main            d.u.i.k.p.i.AbstractProblemLoader Replaying proof exceptions3.key.proof 
147170     DEBUG main            d.u.i.k.p.i.IntermediateProofReplayer Proof replay took 3.9ms 
147172     DEBUG main            d.u.i.k.p.r.p.TestFile    ... success: reloaded. 
147172     INFO  main            d.u.i.k.p.r.p.TestFile    Now processing file /home/runner/work/key/key/key.core/../key.ui/examples/standard_key/java_dl/exchange.key 
147173     INFO  main            d.u.i.k.p.i.AbstractProblemLoader Loading environment from /home/runner/work/key/key/key.core/../key.ui/examples/standard_key/java_dl/exchange.key 
147173     DEBUG main            d.u.i.k.p.i.AbstractProblemLoader Environment load took 91.6ns 
147174     INFO  main            d.u.i.k.p.i.AbstractProblemLoader Creating init config 
149427     DEBUG main            d.u.i.k.p.i.AbstractProblemLoader Init config took 2.25s 
149442     INFO  main            d.u.i.k.p.i.AbstractProblemLoader Replaying proof exchange.key 
149444     DEBUG main            d.u.i.k.p.i.IntermediateProofReplayer Proof replay took 8.3ns 
149546     INFO  main            d.u.i.k.p.r.p.TestFile    ... finished proof: closed. 
149847     INFO  main            d.u.i.k.p.i.AbstractProblemLoader Loading environment from /home/runner/work/key/key/key.core/../key.ui/examples/standard_key/java_dl/exchange.key.proof 
149847     DEBUG main            d.u.i.k.p.i.AbstractProblemLoader Environment load took 107.1ns 
149848     INFO  main            d.u.i.k.p.i.AbstractProblemLoader Creating init config 
152055     DEBUG main            d.u.i.k.p.i.AbstractProblemLoader Init config took 2.21s 
152070     INFO  main            d.u.i.k.p.i.AbstractProblemLoader Replaying proof exchange.key.proof 
152075     DEBUG main            d.u.i.k.p.i.IntermediateProofReplayer Proof replay took 2.9ms 
152076     DEBUG main            d.u.i.k.p.r.p.TestFile    ... success: reloaded. 
152076     INFO  main            d.u.i.k.p.r.p.TestFile    Now processing file /home/runner/work/key/key/key.core/../key.ui/examples/standard_key/java_dl/if.key 
152077     INFO  main            d.u.i.k.p.i.AbstractProblemLoader Loading environment from /home/runner/work/key/key/key.core/../key.ui/examples/standard_key/java_dl/if.key 
152077     DEBUG main            d.u.i.k.p.i.AbstractProblemLoader Environment load took 167.8ns 
152078     INFO  main            d.u.i.k.p.i.AbstractProblemLoader Creating init config 
154343     DEBUG main            d.u.i.k.p.i.AbstractProblemLoader Init config took 2.27s 
154359     INFO  main            d.u.i.k.p.i.AbstractProblemLoader Replaying proof if.key 
154360     DEBUG main            d.u.i.k.p.i.IntermediateProofReplayer Proof replay took 8.6ns 
154462     INFO  main            d.u.i.k.p.r.p.TestFile    ... finished proof: closed. 
154817     INFO  main            d.u.i.k.p.i.AbstractProblemLoader Loading environment from /home/runner/work/key/key/key.core/../key.ui/examples/standard_key/java_dl/if.key.proof 
154817     DEBUG main            d.u.i.k.p.i.AbstractProblemLoader Environment load took 114.6ns 
154818     INFO  main            d.u.i.k.p.i.AbstractProblemLoader Creating init config 
157011     DEBUG main            d.u.i.k.p.i.AbstractProblemLoader Init config took 2.19s 
157037     INFO  main            d.u.i.k.p.i.AbstractProblemLoader Replaying proof if.key.proof 
157042     DEBUG main            d.u.i.k.p.i.IntermediateProofReplayer Proof replay took 2.84ms 
157043     DEBUG main            d.u.i.k.p.r.p.TestFile    ... success: reloaded. 
157043     INFO  main            d.u.i.k.p.r.p.TestFile    Now processing file /home/runner/work/key/key/key.core/../key.ui/examples/standard_key/java_dl/incrementcounter.key 
157043     INFO  main            d.u.i.k.p.i.AbstractProblemLoader Loading environment from /home/runner/work/key/key/key.core/../key.ui/examples/standard_key/java_dl/incrementcounter.key 
157043     DEBUG main            d.u.i.k.p.i.AbstractProblemLoader Environment load took 54ns 
157044     INFO  main            d.u.i.k.p.i.AbstractProblemLoader Creating init config 
159297     DEBUG main            d.u.i.k.p.i.AbstractProblemLoader Init config took 2.25s 
159312     INFO  main            d.u.i.k.p.i.AbstractProblemLoader Replaying proof incrementcounter.key 
159313     DEBUG main            d.u.i.k.p.i.IntermediateProofReplayer Proof replay took 7.9ns 
159417     INFO  main            d.u.i.k.p.r.p.TestFile    ... finished proof: closed. 
159728     INFO  main            d.u.i.k.p.i.AbstractProblemLoader Loading environment from /home/runner/work/key/key/key.core/../key.ui/examples/standard_key/java_dl/incrementcounter.key.proof 
159728     DEBUG main            d.u.i.k.p.i.AbstractProblemLoader Environment load took 102.3ns 
159731     INFO  main            d.u.i.k.p.i.AbstractProblemLoader Creating init config 
161969     DEBUG main            d.u.i.k.p.i.AbstractProblemLoader Init config took 2.24s 
161983     INFO  main            d.u.i.k.p.i.AbstractProblemLoader Replaying proof incrementcounter.key.proof 
161987     DEBUG main            d.u.i.k.p.i.IntermediateProofReplayer Proof replay took 1.98ms 
161988     DEBUG main            d.u.i.k.p.r.p.TestFile    ... success: reloaded. 
161988     INFO  main            d.u.i.k.p.r.p.TestFile    Now processing file /home/runner/work/key/key/key.core/../key.ui/examples/standard_key/java_dl/danglingElse.key 
161988     INFO  main            d.u.i.k.p.i.AbstractProblemLoader Loading environment from /home/runner/work/key/key/key.core/../key.ui/examples/standard_key/java_dl/danglingElse.key 
161988     DEBUG main            d.u.i.k.p.i.AbstractProblemLoader Environment load took 51.7ns 
161991     INFO  main            d.u.i.k.p.i.AbstractProblemLoader Creating init config 
164240     DEBUG main            d.u.i.k.p.i.AbstractProblemLoader Init config took 2.25s 
164255     INFO  main            d.u.i.k.p.i.AbstractProblemLoader Replaying proof danglingElse.key 
164256     DEBUG main            d.u.i.k.p.i.IntermediateProofReplayer Proof replay took 8.4ns 
164360     INFO  main            d.u.i.k.p.r.p.TestFile    ... finished proof: open goal(s) 
164687     INFO  main            d.u.i.k.p.r.p.TestFile    Now processing file /home/runner/work/key/key/key.core/../key.ui/examples/standard_key/java_dl/iteratedAssignment.key 
164688     INFO  main            d.u.i.k.p.i.AbstractProblemLoader Loading environment from /home/runner/work/key/key/key.core/../key.ui/examples/standard_key/java_dl/iteratedAssignment.key 
164688     DEBUG main            d.u.i.k.p.i.AbstractProblemLoader Environment load took 88.6ns 
164689     INFO  main            d.u.i.k.p.i.AbstractProblemLoader Creating init config 
166909     DEBUG main            d.u.i.k.p.i.AbstractProblemLoader Init config took 2.22s 
166924     INFO  main            d.u.i.k.p.i.AbstractProblemLoader Replaying proof iteratedAssignment.key 
166927     DEBUG main            d.u.i.k.p.i.IntermediateProofReplayer Proof replay took 8.1ns 
167237     INFO  main            d.u.i.k.p.r.p.TestFile    ... finished proof: closed. 
167710     INFO  main            d.u.i.k.p.i.AbstractProblemLoader Loading environment from /home/runner/work/key/key/key.core/../key.ui/examples/standard_key/java_dl/iteratedAssignment.key.proof 
167710     DEBUG main            d.u.i.k.p.i.AbstractProblemLoader Environment load took 105.9ns 
167712     INFO  main            d.u.i.k.p.i.AbstractProblemLoader Creating init config 
169955     DEBUG main            d.u.i.k.p.i.AbstractProblemLoader Init config took 2.24s 
169970     INFO  main            d.u.i.k.p.i.AbstractProblemLoader Replaying proof iteratedAssignment.key.proof 
170037     DEBUG main            d.u.i.k.p.i.IntermediateProofReplayer Proof replay took 63.71ms 
170038     DEBUG main            d.u.i.k.p.r.p.TestFile    ... success: reloaded. 
170039     INFO  main            d.u.i.k.p.r.p.TestFile    Now processing file /home/runner/work/key/key/key.core/../key.ui/examples/standard_key/java_dl/assert/assert1.key 
170039     INFO  main            d.u.i.k.p.i.AbstractProblemLoader Loading environment from /home/runner/work/key/key/key.core/../key.ui/examples/standard_key/java_dl/assert/assert1.key 
170039     DEBUG main            d.u.i.k.p.i.AbstractProblemLoader Environment load took 177.2ns 
170040     INFO  main            d.u.i.k.p.i.AbstractProblemLoader Creating init config 
172308     DEBUG main            d.u.i.k.p.i.AbstractProblemLoader Init config took 2.27s 
172344     INFO  main            d.u.i.k.p.i.AbstractProblemLoader Replaying proof C[C::foo()].JML normal_behavior operation contract.0 
172346     DEBUG main            d.u.i.k.p.i.IntermediateProofReplayer Proof replay took 7.2ns 
172548     INFO  main            d.u.i.k.p.r.p.TestFile    ... finished proof: open goal(s) 
172883     INFO  main            d.u.i.k.p.r.p.TestFile    Now processing file /home/runner/work/key/key/key.core/../key.ui/examples/standard_key/java_dl/assert/assert2.key 
172884     INFO  main            d.u.i.k.p.i.AbstractProblemLoader Loading environment from /home/runner/work/key/key/key.core/../key.ui/examples/standard_key/java_dl/assert/assert2.key 
172884     DEBUG main            d.u.i.k.p.i.AbstractProblemLoader Environment load took 53.9ns 
172885     INFO  main            d.u.i.k.p.i.AbstractProblemLoader Creating init config 
175130     DEBUG main            d.u.i.k.p.i.AbstractProblemLoader Init config took 2.24s 
175165     INFO  main            d.u.i.k.p.i.AbstractProblemLoader Replaying proof C[C::bar()].JML exceptional_behavior operation contract.0 
175167     DEBUG main            d.u.i.k.p.i.IntermediateProofReplayer Proof replay took 8.7ns 
175372     INFO  main            d.u.i.k.p.r.p.TestFile    ... finished proof: closed. 
175701     INFO  main            d.u.i.k.p.i.AbstractProblemLoader Loading environment from /home/runner/work/key/key/key.core/../key.ui/examples/standard_key/java_dl/assert/assert2.key.proof 
175701     DEBUG main            d.u.i.k.p.i.AbstractProblemLoader Environment load took 91.7ns 
175702     INFO  main            d.u.i.k.p.i.AbstractProblemLoader Creating init config 
177945     DEBUG main            d.u.i.k.p.i.AbstractProblemLoader Init config took 2.24s 
177979     INFO  main            d.u.i.k.p.i.AbstractProblemLoader Replaying proof C[C::bar()].JML exceptional_behavior operation contract.0 
178020     DEBUG main            d.u.i.k.p.i.IntermediateProofReplayer Proof replay took 38.07ms 
178021     DEBUG main            d.u.i.k.p.r.p.TestFile    ... success: reloaded. 
178021     INFO  main            d.u.i.k.p.r.p.TestFile    Now processing file /home/runner/work/key/key/key.core/../key.ui/examples/standard_key/java_dl/assert/assert3.key 
178022     INFO  main            d.u.i.k.p.i.AbstractProblemLoader Loading environment from /home/runner/work/key/key/key.core/../key.ui/examples/standard_key/java_dl/assert/assert3.key 
178022     DEBUG main            d.u.i.k.p.i.AbstractProblemLoader Environment load took 79.1ns 
178023     INFO  main            d.u.i.k.p.i.AbstractProblemLoader Creating init config 
180309     DEBUG main            d.u.i.k.p.i.AbstractProblemLoader Init config took 2.29s 
180343     INFO  main            d.u.i.k.p.i.AbstractProblemLoader Replaying proof C[C::foo()].JML normal_behavior operation contract.0 
180346     DEBUG main            d.u.i.k.p.i.IntermediateProofReplayer Proof replay took 8.6ns 
180448     INFO  main            d.u.i.k.p.r.p.TestFile    ... finished proof: open goal(s) 
180781     INFO  main            d.u.i.k.p.r.p.TestFile    Now processing file /home/runner/work/key/key/key.core/../key.ui/examples/standard_key/java_dl/java5/vararg.key 
180782     INFO  main            d.u.i.k.p.i.AbstractProblemLoader Loading environment from /home/runner/work/key/key/key.core/../key.ui/examples/standard_key/java_dl/java5/vararg.key 
180782     DEBUG main            d.u.i.k.p.i.AbstractProblemLoader Environment load took 78.7ns 
180783     INFO  main            d.u.i.k.p.i.AbstractProblemLoader Creating init config 
181626     DEBUG main            d.u.i.k.j.r.ClassPreparationMethodBuilder clPrepBuilder: Inner Class detected. Reject building class initialisation methods. 
183443     DEBUG main            d.u.i.k.p.i.AbstractProblemLoader Init config took 2.66s 
183469     INFO  main            d.u.i.k.p.i.AbstractProblemLoader Replaying proof vararg.key 
183471     DEBUG main            d.u.i.k.p.i.IntermediateProofReplayer Proof replay took 8.4ns 
183736     DEBUG Thread-101      d.u.i.k.j.d.VariableSpecification Program match. Variables have different dimension (template #v0 = #vi;, source var#17[] = new java.lang.Object[]{d1, d2};) 
183881     DEBUG Thread-101      d.u.i.k.j.d.VariableSpecification Program match. Variables have different dimension (template #v0 = #vi;, source var#24[] = new java.lang.Object[]{d1, d2};) 
184059     DEBUG Thread-101      d.u.i.k.j.d.VariableSpecification Program match. Variables have different dimension (template #v0 = #vi;, source var#33[] = new java.lang.Object[]{var_1};) 
184060     DEBUG Thread-101      d.u.i.k.j.d.VariableSpecification Program match. Variables have different dimension (template #v0 = #vi;, source var#33[] = new java.lang.Object[]{var_1};) 
184175     DEBUG Thread-101      d.u.i.k.j.d.VariableSpecification Program match. Variables have different dimension (template #v0 = #vi;, source var#39[] = new java.lang.Object[]{null, null};) 
184312     DEBUG Thread-101      d.u.i.k.j.d.VariableSpecification Program match. Variables have different dimension (template #v0 = #vi;, source var#46[] = new java.lang.Object[]{};) 
184678     INFO  main            d.u.i.k.p.r.p.TestFile    ... finished proof: closed. 
185082     INFO  main            d.u.i.k.p.i.AbstractProblemLoader Loading environment from /home/runner/work/key/key/key.core/../key.ui/examples/standard_key/java_dl/java5/vararg.key.proof 
185083     DEBUG main            d.u.i.k.p.i.AbstractProblemLoader Environment load took 405ns 
185084     INFO  main            d.u.i.k.p.i.AbstractProblemLoader Creating init config 
185883     DEBUG main            d.u.i.k.j.r.ClassPreparationMethodBuilder clPrepBuilder: Inner Class detected. Reject building class initialisation methods. 
187564     DEBUG main            d.u.i.k.p.i.AbstractProblemLoader Init config took 2.48s 
187588     INFO  main            d.u.i.k.p.i.AbstractProblemLoader Replaying proof vararg.key.proof 
187936     DEBUG main            d.u.i.k.p.i.IntermediateProofReplayer Proof replay took 335.46ms 
187938     DEBUG main            d.u.i.k.p.r.p.TestFile    ... success: reloaded. 
187939     INFO  main            d.u.i.k.p.r.p.TestFile    Now processing file /home/runner/work/key/key/key.core/../key.ui/examples/standard_key/java_dl/java5/for_Array.key 
187939     INFO  main            d.u.i.k.p.i.AbstractProblemLoader Loading environment from /home/runner/work/key/key/key.core/../key.ui/examples/standard_key/java_dl/java5/for_Array.key 
187939     DEBUG main            d.u.i.k.p.i.AbstractProblemLoader Environment load took 175.8ns 
187940     INFO  main            d.u.i.k.p.i.AbstractProblemLoader Creating init config 
188749     DEBUG main            d.u.i.k.j.r.ClassPreparationMethodBuilder clPrepBuilder: Inner Class detected. Reject building class initialisation methods. 
190449     DEBUG main            d.u.i.k.p.i.AbstractProblemLoader Init config took 2.51s 
190501     INFO  main            d.u.i.k.p.i.AbstractProblemLoader Replaying proof For[For::sum([I)].JML operation contract.0 
190502     DEBUG main            d.u.i.k.p.i.IntermediateProofReplayer Proof replay took 7.2ns 
190805     INFO  main            d.u.i.k.p.r.p.TestFile    ... finished proof: closed. 
191238     INFO  main            d.u.i.k.p.i.AbstractProblemLoader Loading environment from /home/runner/work/key/key/key.core/../key.ui/examples/standard_key/java_dl/java5/for_Array.key.proof 
191238     DEBUG main            d.u.i.k.p.i.AbstractProblemLoader Environment load took 107.9ns 
191239     INFO  main            d.u.i.k.p.i.AbstractProblemLoader Creating init config 
192004     DEBUG main            d.u.i.k.j.r.ClassPreparationMethodBuilder clPrepBuilder: Inner Class detected. Reject building class initialisation methods. 
193665     DEBUG main            d.u.i.k.p.i.AbstractProblemLoader Init config took 2.43s 
193719     INFO  main            d.u.i.k.p.i.AbstractProblemLoader Replaying proof For[For::sum([I)].JML operation contract.0 
193811     DEBUG main            d.u.i.k.p.i.IntermediateProofReplayer Proof replay took 88.27ms 
193812     DEBUG main            d.u.i.k.p.r.p.TestFile    ... success: reloaded. 
193813     INFO  main            d.u.i.k.p.r.p.TestFile    Now processing file /home/runner/work/key/key/key.core/../key.ui/examples/standard_key/java_dl/java5/for_Iterable.key 
193813     INFO  main            d.u.i.k.p.i.AbstractProblemLoader Loading environment from /home/runner/work/key/key/key.core/../key.ui/examples/standard_key/java_dl/java5/for_Iterable.key 
193814     DEBUG main            d.u.i.k.p.i.AbstractProblemLoader Environment load took 78.7ns 
193814     INFO  main            d.u.i.k.p.i.AbstractProblemLoader Creating init config 
194612     DEBUG main            d.u.i.k.j.r.ClassPreparationMethodBuilder clPrepBuilder: Inner Class detected. Reject building class initialisation methods. 
196296     DEBUG main            d.u.i.k.p.i.AbstractProblemLoader Init config took 2.48s 
196346     INFO  main            d.u.i.k.p.i.AbstractProblemLoader Replaying proof For[For::infiniteLoop(For)].JML operation contract.0 
196348     DEBUG main            d.u.i.k.p.i.IntermediateProofReplayer Proof replay took 7.7ns 
196550     INFO  main            d.u.i.k.p.r.p.TestFile    ... finished proof: closed. 
196902     INFO  main            d.u.i.k.p.i.AbstractProblemLoader Loading environment from /home/runner/work/key/key/key.core/../key.ui/examples/standard_key/java_dl/java5/for_Iterable.key.proof 
196902     DEBUG main            d.u.i.k.p.i.AbstractProblemLoader Environment load took 89.4ns 
196903     INFO  main            d.u.i.k.p.i.AbstractProblemLoader Creating init config 
197662     DEBUG main            d.u.i.k.j.r.ClassPreparationMethodBuilder clPrepBuilder: Inner Class detected. Reject building class initialisation methods. 
199303     DEBUG main            d.u.i.k.p.i.AbstractProblemLoader Init config took 2.4s 
199357     INFO  main            d.u.i.k.p.i.AbstractProblemLoader Replaying proof For[For::infiniteLoop(For)].JML operation contract.0 
199411     DEBUG main            d.u.i.k.p.i.IntermediateProofReplayer Proof replay took 50.67ms 
199412     DEBUG main            d.u.i.k.p.r.p.TestFile    ... success: reloaded. 
199413     INFO  main            d.u.i.k.p.r.p.TestFile    Now processing file /home/runner/work/key/key/key.core/../key.ui/examples/standard_key/java_dl/java5/for_ReferenceArray.key 
199413     INFO  main            d.u.i.k.p.i.AbstractProblemLoader Loading environment from /home/runner/work/key/key/key.core/../key.ui/examples/standard_key/java_dl/java5/for_ReferenceArray.key 
199413     DEBUG main            d.u.i.k.p.i.AbstractProblemLoader Environment load took 104ns 
199414     INFO  main            d.u.i.k.p.i.AbstractProblemLoader Creating init config 
200186     DEBUG main            d.u.i.k.j.r.ClassPreparationMethodBuilder clPrepBuilder: Inner Class detected. Reject building class initialisation methods. 
201871     DEBUG main            d.u.i.k.p.i.AbstractProblemLoader Init config took 2.46s 
201922     INFO  main            d.u.i.k.p.i.AbstractProblemLoader Replaying proof ForReferenceArray[ForReferenceArray::foo([Ljava.lang.Object)].JML operation contract.0 
201924     DEBUG main            d.u.i.k.p.i.IntermediateProofReplayer Proof replay took 7.6ns 
202229     INFO  main            d.u.i.k.p.r.p.TestFile    ... finished proof: closed. 
202606     INFO  main            d.u.i.k.p.i.AbstractProblemLoader Loading environment from /home/runner/work/key/key/key.core/../key.ui/examples/standard_key/java_dl/java5/for_ReferenceArray.key.proof 
202606     DEBUG main            d.u.i.k.p.i.AbstractProblemLoader Environment load took 106.6ns 
202608     INFO  main            d.u.i.k.p.i.AbstractProblemLoader Creating init config 
203374     DEBUG main            d.u.i.k.j.r.ClassPreparationMethodBuilder clPrepBuilder: Inner Class detected. Reject building class initialisation methods. 
205025     DEBUG main            d.u.i.k.p.i.AbstractProblemLoader Init config took 2.42s 
205096     INFO  main            d.u.i.k.p.i.AbstractProblemLoader Replaying proof ForReferenceArray[ForReferenceArray::foo([Ljava.lang.Object)].JML operation contract.0 
205156     DEBUG main            d.u.i.k.p.i.IntermediateProofReplayer Proof replay took 55.92ms 
205157     DEBUG main            d.u.i.k.p.r.p.TestFile    ... success: reloaded. 
205158     INFO  main            d.u.i.k.p.r.p.TestFile    Now processing file /home/runner/work/key/key/key.core/../key.ui/examples/standard_key/java_dl/jml-bigint/cast.key 
205159     INFO  main            d.u.i.k.p.i.AbstractProblemLoader Loading environment from /home/runner/work/key/key/key.core/../key.ui/examples/standard_key/java_dl/jml-bigint/cast.key 
205159     DEBUG main            d.u.i.k.p.i.AbstractProblemLoader Environment load took 215.1ns 
205160     INFO  main            d.u.i.k.p.i.AbstractProblemLoader Creating init config 
207540     DEBUG main            d.u.i.k.p.i.AbstractProblemLoader Init config took 2.38s 
207576     INFO  main            d.u.i.k.p.i.AbstractProblemLoader Replaying proof Mult[Mult::cast()].JML operation contract.0 
207578     DEBUG main            d.u.i.k.p.i.IntermediateProofReplayer Proof replay took 7.6ns 
207680     INFO  main            d.u.i.k.p.r.p.TestFile    ... finished proof: closed. 
208058     INFO  main            d.u.i.k.p.i.AbstractProblemLoader Loading environment from /home/runner/work/key/key/key.core/../key.ui/examples/standard_key/java_dl/jml-bigint/cast.key.proof 
208058     DEBUG main            d.u.i.k.p.i.AbstractProblemLoader Environment load took 93.2ns 
208059     INFO  main            d.u.i.k.p.i.AbstractProblemLoader Creating init config 
210354     DEBUG main            d.u.i.k.p.i.AbstractProblemLoader Init config took 2.3s 
210390     INFO  main            d.u.i.k.p.i.AbstractProblemLoader Replaying proof Mult[Mult::cast()].JML operation contract.0 
210402     DEBUG main            d.u.i.k.p.i.IntermediateProofReplayer Proof replay took 11.2ms 
210403     DEBUG main            d.u.i.k.p.r.p.TestFile    ... success: reloaded. 
210404     INFO  main            d.u.i.k.p.r.p.TestFile    Now processing file /home/runner/work/key/key/key.core/../key.ui/examples/standard_key/java_dl/jml-free/loopInvFree.key 
210404     INFO  main            d.u.i.k.p.i.AbstractProblemLoader Loading environment from /home/runner/work/key/key/key.core/../key.ui/examples/standard_key/java_dl/jml-free/loopInvFree.key 
210404     DEBUG main            d.u.i.k.p.i.AbstractProblemLoader Environment load took 91.4ns 
210405     INFO  main            d.u.i.k.p.i.AbstractProblemLoader Creating init config 
212716     DEBUG main            d.u.i.k.p.i.AbstractProblemLoader Init config took 2.31s 
212750     INFO  main            d.u.i.k.p.i.AbstractProblemLoader Replaying proof LoopInvFree[LoopInvFree::test()].JML operation contract.0 
212751     DEBUG main            d.u.i.k.p.i.IntermediateProofReplayer Proof replay took 8.7ns 
212954     INFO  main            d.u.i.k.p.r.p.TestFile    ... finished proof: closed. 
213322     INFO  main            d.u.i.k.p.i.AbstractProblemLoader Loading environment from /home/runner/work/key/key/key.core/../key.ui/examples/standard_key/java_dl/jml-free/loopInvFree.key.proof 
213322     DEBUG main            d.u.i.k.p.i.AbstractProblemLoader Environment load took 95.7ns 
213324     INFO  main            d.u.i.k.p.i.AbstractProblemLoader Creating init config 
215588     DEBUG main            d.u.i.k.p.i.AbstractProblemLoader Init config took 2.26s 
215623     INFO  main            d.u.i.k.p.i.AbstractProblemLoader Replaying proof LoopInvFree[LoopInvFree::test()].JML operation contract.0 
215666     DEBUG main            d.u.i.k.p.i.IntermediateProofReplayer Proof replay took 40.36ms 
215667     DEBUG main            d.u.i.k.p.r.p.TestFile    ... success: reloaded. 
215668     INFO  main            d.u.i.k.p.r.p.TestFile    Now processing file /home/runner/work/key/key/key.core/../key.ui/examples/standard_key/java_dl/jml-free/ensuresFree.key 
215668     INFO  main            d.u.i.k.p.i.AbstractProblemLoader Loading environment from /home/runner/work/key/key/key.core/../key.ui/examples/standard_key/java_dl/jml-free/ensuresFree.key 
215668     DEBUG main            d.u.i.k.p.i.AbstractProblemLoader Environment load took 119.9ns 
215669     INFO  main            d.u.i.k.p.i.AbstractProblemLoader Creating init config 
218014     DEBUG main            d.u.i.k.p.i.AbstractProblemLoader Init config took 2.34s 
218066     INFO  main            d.u.i.k.p.i.AbstractProblemLoader Replaying proof EnsuresFree[EnsuresFree::test()].JML operation contract.0 
218068     DEBUG main            d.u.i.k.p.i.IntermediateProofReplayer Proof replay took 7.5ns 
218170     INFO  main            d.u.i.k.p.r.p.TestFile    ... finished proof: closed. 
218550     INFO  main            d.u.i.k.p.i.AbstractProblemLoader Loading environment from /home/runner/work/key/key/key.core/../key.ui/examples/standard_key/java_dl/jml-free/ensuresFree.key.proof 
218551     DEBUG main            d.u.i.k.p.i.AbstractProblemLoader Environment load took 95ns 
218551     INFO  main            d.u.i.k.p.i.AbstractProblemLoader Creating init config 
220792     DEBUG main            d.u.i.k.p.i.AbstractProblemLoader Init config took 2.24s 
220828     INFO  main            d.u.i.k.p.i.AbstractProblemLoader Replaying proof EnsuresFree[EnsuresFree::test()].JML operation contract.0 
220848     DEBUG main            d.u.i.k.p.i.IntermediateProofReplayer Proof replay took 17.14ms 
220849     DEBUG main            d.u.i.k.p.r.p.TestFile    ... success: reloaded. 
220850     INFO  main            d.u.i.k.p.r.p.TestFile    Now processing file /home/runner/work/key/key/key.core/../key.ui/examples/standard_key/java_dl/jml-information-flow.key 
220851     INFO  main            d.u.i.k.p.i.AbstractProblemLoader Loading environment from /home/runner/work/key/key/key.core/../key.ui/examples/standard_key/java_dl/jml-information-flow.key 
220852     DEBUG main            d.u.i.k.p.i.AbstractProblemLoader Environment load took 198.3ns 
220860     INFO  main            d.u.i.k.p.i.AbstractProblemLoader Creating init config 
223311     DEBUG main            d.u.i.k.p.i.AbstractProblemLoader Init config took 2.45s 
223330     INFO  main            d.u.i.k.p.i.AbstractProblemLoader Replaying proof jml-information-flow.key 
223331     DEBUG main            d.u.i.k.p.i.IntermediateProofReplayer Proof replay took 9.9ns 
348323     INFO  main            d.u.i.k.p.r.p.TestFile    ... finished proof: closed. 
348901     INFO  main            d.u.i.k.p.i.AbstractProblemLoader Loading environment from /home/runner/work/key/key/key.core/../key.ui/examples/standard_key/java_dl/jml-information-flow.key.proof 
348901     DEBUG main            d.u.i.k.p.i.AbstractProblemLoader Environment load took 377.61ns 
348909     INFO  main            d.u.i.k.p.i.AbstractProblemLoader Creating init config 
351298     DEBUG main            d.u.i.k.p.i.AbstractProblemLoader Init config took 2.39s 
351318     INFO  main            d.u.i.k.p.i.AbstractProblemLoader Replaying proof jml-information-flow.key.proof 
354958     DEBUG main            d.u.i.k.p.i.IntermediateProofReplayer Proof replay took 3.52s 
354968     DEBUG main            d.u.i.k.p.r.p.TestFile    ... success: reloaded. 
354969     INFO  main            d.u.i.k.p.r.p.TestFile    Now processing file /home/runner/work/key/key/key.core/../key.ui/examples/standard_key/java_dl/jml-min/min-unprovable1.key 
354970     INFO  main            d.u.i.k.p.i.AbstractProblemLoader Loading environment from /home/runner/work/key/key/key.core/../key.ui/examples/standard_key/java_dl/jml-min/min-unprovable1.key 
354970     DEBUG main            d.u.i.k.p.i.AbstractProblemLoader Environment load took 136.4ns 
354971     INFO  main            d.u.i.k.p.i.AbstractProblemLoader Creating init config 
357412     DEBUG main            d.u.i.k.p.i.AbstractProblemLoader Init config took 2.44s 
357446     INFO  main            d.u.i.k.p.i.AbstractProblemLoader Replaying proof Min[Min::foo()].JML operation contract.0 
357448     DEBUG main            d.u.i.k.p.i.IntermediateProofReplayer Proof replay took 7.4ns 
357550     INFO  main            d.u.i.k.p.r.p.TestFile    ... finished proof: open goal(s) 
358094     INFO  main            d.u.i.k.p.r.p.TestFile    Now processing file /home/runner/work/key/key/key.core/../key.ui/examples/standard_key/java_dl/jml-min/min-unprovable2.key 
358095     INFO  main            d.u.i.k.p.i.AbstractProblemLoader Loading environment from /home/runner/work/key/key/key.core/../key.ui/examples/standard_key/java_dl/jml-min/min-unprovable2.key 
358095     DEBUG main            d.u.i.k.p.i.AbstractProblemLoader Environment load took 49ns 
358096     INFO  main            d.u.i.k.p.i.AbstractProblemLoader Creating init config 
360336     DEBUG main            d.u.i.k.p.i.AbstractProblemLoader Init config took 2.24s 
360370     INFO  main            d.u.i.k.p.i.AbstractProblemLoader Replaying proof Min[Min::foo2()].JML operation contract.0 
360371     DEBUG main            d.u.i.k.p.i.IntermediateProofReplayer Proof replay took 6.7ns 
360473     INFO  main            d.u.i.k.p.r.p.TestFile    ... finished proof: open goal(s) 
360873     INFO  main            d.u.i.k.p.r.p.TestFile    Now processing file /home/runner/work/key/key/key.core/../key.ui/examples/standard_key/java_dl/methodCall.key 
360873     INFO  main            d.u.i.k.p.i.AbstractProblemLoader Loading environment from /home/runner/work/key/key/key.core/../key.ui/examples/standard_key/java_dl/methodCall.key 
360873     DEBUG main            d.u.i.k.p.i.AbstractProblemLoader Environment load took 64ns 
360874     INFO  main            d.u.i.k.p.i.AbstractProblemLoader Creating init config 
363164     DEBUG main            d.u.i.k.p.i.AbstractProblemLoader Init config took 2.29s 
363179     INFO  main            d.u.i.k.p.i.AbstractProblemLoader Replaying proof methodCall.key 
363180     DEBUG main            d.u.i.k.p.i.IntermediateProofReplayer Proof replay took 7.6ns 
363284     INFO  main            d.u.i.k.p.r.p.TestFile    ... finished proof: closed. 
363706     INFO  main            d.u.i.k.p.i.AbstractProblemLoader Loading environment from /home/runner/work/key/key/key.core/../key.ui/examples/standard_key/java_dl/methodCall.key.proof 
363706     DEBUG main            d.u.i.k.p.i.AbstractProblemLoader Environment load took 95.5ns 
363707     INFO  main            d.u.i.k.p.i.AbstractProblemLoader Creating init config 
365958     DEBUG main            d.u.i.k.p.i.AbstractProblemLoader Init config took 2.25s 
365973     INFO  main            d.u.i.k.p.i.AbstractProblemLoader Replaying proof methodCall.key.proof 
365976     DEBUG main            d.u.i.k.p.i.IntermediateProofReplayer Proof replay took 1.85ms 
365977     DEBUG main            d.u.i.k.p.r.p.TestFile    ... success: reloaded. 
365977     INFO  main            d.u.i.k.p.r.p.TestFile    Now processing file /home/runner/work/key/key/key.core/../key.ui/examples/standard_key/java_dl/methodCall1.key 
365978     INFO  main            d.u.i.k.p.i.AbstractProblemLoader Loading environment from /home/runner/work/key/key/key.core/../key.ui/examples/standard_key/java_dl/methodCall1.key 
365978     DEBUG main            d.u.i.k.p.i.AbstractProblemLoader Environment load took 56.1ns 
365979     INFO  main            d.u.i.k.p.i.AbstractProblemLoader Creating init config 
368247     DEBUG main            d.u.i.k.p.i.AbstractProblemLoader Init config took 2.27s 
368261     INFO  main            d.u.i.k.p.i.AbstractProblemLoader Replaying proof methodCall1.key 
368263     DEBUG main            d.u.i.k.p.i.IntermediateProofReplayer Proof replay took 7.7ns 
368365     INFO  main            d.u.i.k.p.r.p.TestFile    ... finished proof: closed. 
368792     INFO  main            d.u.i.k.p.i.AbstractProblemLoader Loading environment from /home/runner/work/key/key/key.core/../key.ui/examples/standard_key/java_dl/methodCall1.key.proof 
368792     DEBUG main            d.u.i.k.p.i.AbstractProblemLoader Environment load took 95.7ns 
368793     INFO  main            d.u.i.k.p.i.AbstractProblemLoader Creating init config 
371034     DEBUG main            d.u.i.k.p.i.AbstractProblemLoader Init config took 2.24s 
371049     INFO  main            d.u.i.k.p.i.AbstractProblemLoader Replaying proof methodCall1.key.proof 
371062     DEBUG main            d.u.i.k.p.i.IntermediateProofReplayer Proof replay took 11.57ms 
371063     DEBUG main            d.u.i.k.p.r.p.TestFile    ... success: reloaded. 
371067     INFO  main            d.u.i.k.p.r.p.TestFile    Now processing file /home/runner/work/key/key/key.core/../key.ui/examples/standard_key/java_dl/methodCall1box.key 
371067     INFO  main            d.u.i.k.p.i.AbstractProblemLoader Loading environment from /home/runner/work/key/key/key.core/../key.ui/examples/standard_key/java_dl/methodCall1box.key 
371067     DEBUG main            d.u.i.k.p.i.AbstractProblemLoader Environment load took 93.7ns 
371068     INFO  main            d.u.i.k.p.i.AbstractProblemLoader Creating init config 
373338     DEBUG main            d.u.i.k.p.i.AbstractProblemLoader Init config took 2.27s 
373352     INFO  main            d.u.i.k.p.i.AbstractProblemLoader Replaying proof methodCall1box.key 
373354     DEBUG main            d.u.i.k.p.i.IntermediateProofReplayer Proof replay took 7.9ns 
373455     INFO  main            d.u.i.k.p.r.p.TestFile    ... finished proof: closed. 
373885     INFO  main            d.u.i.k.p.i.AbstractProblemLoader Loading environment from /home/runner/work/key/key/key.core/../key.ui/examples/standard_key/java_dl/methodCall1box.key.proof 
373885     DEBUG main            d.u.i.k.p.i.AbstractProblemLoader Environment load took 91.4ns 
373886     INFO  main            d.u.i.k.p.i.AbstractProblemLoader Creating init config 
376138     DEBUG main            d.u.i.k.p.i.AbstractProblemLoader Init config took 2.25s 
376152     INFO  main            d.u.i.k.p.i.AbstractProblemLoader Replaying proof methodCall1box.key.proof 
376166     DEBUG main            d.u.i.k.p.i.IntermediateProofReplayer Proof replay took 12.14ms 
376167     DEBUG main            d.u.i.k.p.r.p.TestFile    ... success: reloaded. 
376168     INFO  main            d.u.i.k.p.r.p.TestFile    Now processing file /home/runner/work/key/key/key.core/../key.ui/examples/standard_key/java_dl/methodCall3.key 
376168     INFO  main            d.u.i.k.p.i.AbstractProblemLoader Loading environment from /home/runner/work/key/key/key.core/../key.ui/examples/standard_key/java_dl/methodCall3.key 
376168     DEBUG main            d.u.i.k.p.i.AbstractProblemLoader Environment load took 78.2ns 
376169     INFO  main            d.u.i.k.p.i.AbstractProblemLoader Creating init config 
378439     DEBUG main            d.u.i.k.p.i.AbstractProblemLoader Init config took 2.27s 
378453     INFO  main            d.u.i.k.p.i.AbstractProblemLoader Replaying proof methodCall3.key 
378454     DEBUG main            d.u.i.k.p.i.IntermediateProofReplayer Proof replay took 7.8ns 
378556     INFO  main            d.u.i.k.p.r.p.TestFile    ... finished proof: closed. 
378982     INFO  main            d.u.i.k.p.i.AbstractProblemLoader Loading environment from /home/runner/work/key/key/key.core/../key.ui/examples/standard_key/java_dl/methodCall3.key.proof 
378982     DEBUG main            d.u.i.k.p.i.AbstractProblemLoader Environment load took 103.7ns 
378984     INFO  main            d.u.i.k.p.i.AbstractProblemLoader Creating init config 
381236     DEBUG main            d.u.i.k.p.i.AbstractProblemLoader Init config took 2.25s 
381250     INFO  main            d.u.i.k.p.i.AbstractProblemLoader Replaying proof methodCall3.key.proof 
381261     DEBUG main            d.u.i.k.p.i.IntermediateProofReplayer Proof replay took 8.65ms 
381262     DEBUG main            d.u.i.k.p.r.p.TestFile    ... success: reloaded. 
381266     INFO  main            d.u.i.k.p.r.p.TestFile    Now processing file /home/runner/work/key/key/key.core/../key.ui/examples/standard_key/java_dl/polishFlagSort.key 
381266     INFO  main            d.u.i.k.p.i.AbstractProblemLoader Loading environment from /home/runner/work/key/key/key.core/../key.ui/examples/standard_key/java_dl/polishFlagSort.key 
381266     DEBUG main            d.u.i.k.p.i.AbstractProblemLoader Environment load took 84.2ns 
381267     INFO  main            d.u.i.k.p.i.AbstractProblemLoader Creating init config 
383573     DEBUG main            d.u.i.k.p.i.AbstractProblemLoader Init config took 2.31s 
383588     INFO  main            d.u.i.k.p.i.AbstractProblemLoader Replaying proof polishFlagSort.key 
383589     DEBUG main            d.u.i.k.p.i.IntermediateProofReplayer Proof replay took 8.5ns 
385718     INFO  main            d.u.i.k.p.r.p.TestFile    ... finished proof: closed. 
386191     INFO  main            d.u.i.k.p.i.AbstractProblemLoader Loading environment from /home/runner/work/key/key/key.core/../key.ui/examples/standard_key/java_dl/polishFlagSort.key.proof 
386192     DEBUG main            d.u.i.k.p.i.AbstractProblemLoader Environment load took 347.31ns 
386194     INFO  main            d.u.i.k.p.i.AbstractProblemLoader Creating init config 
388476     DEBUG main            d.u.i.k.p.i.AbstractProblemLoader Init config took 2.28s 
388492     INFO  main            d.u.i.k.p.i.AbstractProblemLoader Replaying proof polishFlagSort.key.proof 
388854     DEBUG main            d.u.i.k.p.i.IntermediateProofReplayer Proof replay took 350.95ms 
388856     DEBUG main            d.u.i.k.p.r.p.TestFile    ... success: reloaded. 
388856     INFO  main            d.u.i.k.p.r.p.TestFile    Now processing file /home/runner/work/key/key/key.core/../key.ui/examples/standard_key/java_dl/postConditionTaclets1.key 
388857     INFO  main            d.u.i.k.p.i.AbstractProblemLoader Loading environment from /home/runner/work/key/key/key.core/../key.ui/examples/standard_key/java_dl/postConditionTaclets1.key 
388857     DEBUG main            d.u.i.k.p.i.AbstractProblemLoader Environment load took 160.6ns 
388858     INFO  main            d.u.i.k.p.i.AbstractProblemLoader Creating init config 
391089     DEBUG main            d.u.i.k.p.i.AbstractProblemLoader Init config took 2.23s 
391103     INFO  main            d.u.i.k.p.i.AbstractProblemLoader Replaying proof postConditionTaclets1.key 
391105     DEBUG main            d.u.i.k.p.i.IntermediateProofReplayer Proof replay took 7.9ns 
391210     INFO  main            d.u.i.k.p.r.p.TestFile    ... finished proof: closed. 
391688     INFO  main            d.u.i.k.p.i.AbstractProblemLoader Loading environment from /home/runner/work/key/key/key.core/../key.ui/examples/standard_key/java_dl/postConditionTaclets1.key.proof 
391688     DEBUG main            d.u.i.k.p.i.AbstractProblemLoader Environment load took 96ns 
391689     INFO  main            d.u.i.k.p.i.AbstractProblemLoader Creating init config 
393921     DEBUG main            d.u.i.k.p.i.AbstractProblemLoader Init config took 2.23s 
393935     INFO  main            d.u.i.k.p.i.AbstractProblemLoader Replaying proof postConditionTaclets1.key.proof 
393937     DEBUG main            d.u.i.k.p.i.IntermediateProofReplayer Proof replay took 457.11ns 
393938     DEBUG main            d.u.i.k.p.r.p.TestFile    ... success: reloaded. 
393939     INFO  main            d.u.i.k.p.r.p.TestFile    Now processing file /home/runner/work/key/key/key.core/../key.ui/examples/standard_key/java_dl/postConditionTaclets2.key 
393939     INFO  main            d.u.i.k.p.i.AbstractProblemLoader Loading environment from /home/runner/work/key/key/key.core/../key.ui/examples/standard_key/java_dl/postConditionTaclets2.key 
393939     DEBUG main            d.u.i.k.p.i.AbstractProblemLoader Environment load took 47.4ns 
393940     INFO  main            d.u.i.k.p.i.AbstractProblemLoader Creating init config 
396167     DEBUG main            d.u.i.k.p.i.AbstractProblemLoader Init config took 2.23s 
396182     INFO  main            d.u.i.k.p.i.AbstractProblemLoader Replaying proof postConditionTaclets2.key 
396184     DEBUG main            d.u.i.k.p.i.IntermediateProofReplayer Proof replay took 7.7ns 
396292     INFO  main            d.u.i.k.p.r.p.TestFile    ... finished proof: closed. 
396735     INFO  main            d.u.i.k.p.i.AbstractProblemLoader Loading environment from /home/runner/work/key/key/key.core/../key.ui/examples/standard_key/java_dl/postConditionTaclets2.key.proof 
396735     DEBUG main            d.u.i.k.p.i.AbstractProblemLoader Environment load took 92.4ns 
396736     INFO  main            d.u.i.k.p.i.AbstractProblemLoader Creating init config 
398923     DEBUG main            d.u.i.k.p.i.AbstractProblemLoader Init config took 2.19s 
398938     INFO  main            d.u.i.k.p.i.AbstractProblemLoader Replaying proof postConditionTaclets2.key.proof 
398940     DEBUG main            d.u.i.k.p.i.IntermediateProofReplayer Proof replay took 665.91ns 
398940     DEBUG main            d.u.i.k.p.r.p.TestFile    ... success: reloaded. 
398941     INFO  main            d.u.i.k.p.r.p.TestFile    Now processing file /home/runner/work/key/key/key.core/../key.ui/examples/standard_key/java_dl/quantifiedQuery.key 
398941     INFO  main            d.u.i.k.p.i.AbstractProblemLoader Loading environment from /home/runner/work/key/key/key.core/../key.ui/examples/standard_key/java_dl/quantifiedQuery.key 
398941     DEBUG main            d.u.i.k.p.i.AbstractProblemLoader Environment load took 47.5ns 
398943     INFO  main            d.u.i.k.p.i.AbstractProblemLoader Creating init config 
401220     DEBUG main            d.u.i.k.p.i.AbstractProblemLoader Init config took 2.28s 
401235     INFO  main            d.u.i.k.p.i.AbstractProblemLoader Replaying proof quantifiedQuery.key 
401237     DEBUG main            d.u.i.k.p.i.IntermediateProofReplayer Proof replay took 8.6ns 
401340     INFO  main            d.u.i.k.p.r.p.TestFile    ... finished proof: closed. 
401793     INFO  main            d.u.i.k.p.i.AbstractProblemLoader Loading environment from /home/runner/work/key/key/key.core/../key.ui/examples/standard_key/java_dl/quantifiedQuery.key.proof 
401793     DEBUG main            d.u.i.k.p.i.AbstractProblemLoader Environment load took 92.2ns 
401794     INFO  main            d.u.i.k.p.i.AbstractProblemLoader Creating init config 
404030     DEBUG main            d.u.i.k.p.i.AbstractProblemLoader Init config took 2.24s 
404044     INFO  main            d.u.i.k.p.i.AbstractProblemLoader Replaying proof quantifiedQuery.key.proof 
404071     DEBUG main            d.u.i.k.p.i.IntermediateProofReplayer Proof replay took 24.47ms 
404072     DEBUG main            d.u.i.k.p.r.p.TestFile    ... success: reloaded. 
404073     INFO  main            d.u.i.k.p.r.p.TestFile    Now processing file /home/runner/work/key/key/key.core/../key.ui/examples/standard_key/java_dl/recursion/triangular.key 
404073     INFO  main            d.u.i.k.p.i.AbstractProblemLoader Loading environment from /home/runner/work/key/key/key.core/../key.ui/examples/standard_key/java_dl/recursion/triangular.key 
404073     DEBUG main            d.u.i.k.p.i.AbstractProblemLoader Environment load took 188.1ns 
404074     INFO  main            d.u.i.k.p.i.AbstractProblemLoader Creating init config 
406346     DEBUG main            d.u.i.k.p.i.AbstractProblemLoader Init config took 2.27s 
406382     INFO  main            d.u.i.k.p.i.AbstractProblemLoader Replaying proof Triangular[Triangular::tria(int)].JML normal_behavior operation contract.0 
406383     DEBUG main            d.u.i.k.p.i.IntermediateProofReplayer Proof replay took 8.3ns 
406585     INFO  main            d.u.i.k.p.r.p.TestFile    ... finished proof: closed. 
407048     INFO  main            d.u.i.k.p.i.AbstractProblemLoader Loading environment from /home/runner/work/key/key/key.core/../key.ui/examples/standard_key/java_dl/recursion/triangular.key.proof 
407048     DEBUG main            d.u.i.k.p.i.AbstractProblemLoader Environment load took 99.5ns 
407049     INFO  main            d.u.i.k.p.i.AbstractProblemLoader Creating init config 
409275     DEBUG main            d.u.i.k.p.i.AbstractProblemLoader Init config took 2.23s 
409309     INFO  main            d.u.i.k.p.i.AbstractProblemLoader Replaying proof Triangular[Triangular::tria(int)].JML normal_behavior operation contract.0 
409340     DEBUG main            d.u.i.k.p.i.IntermediateProofReplayer Proof replay took 29.57ms 
409341     DEBUG main            d.u.i.k.p.r.p.TestFile    ... success: reloaded. 
409342     INFO  main            d.u.i.k.p.r.p.TestFile    Now processing file /home/runner/work/key/key/key.core/../key.ui/examples/standard_key/java_dl/reverseArray.key 
409342     INFO  main            d.u.i.k.p.i.AbstractProblemLoader Loading environment from /home/runner/work/key/key/key.core/../key.ui/examples/standard_key/java_dl/reverseArray.key 
409342     DEBUG main            d.u.i.k.p.i.AbstractProblemLoader Environment load took 77.8ns 
409344     INFO  main            d.u.i.k.p.i.AbstractProblemLoader Creating init config 
409364     WARN  main            d.u.i.k.j.r.KeYCrossReferenceNameInfo Datatype java.io.InputStream declared twice: Once in FILE:/home/runner/work/key/key/key.core/../key.ui/examples/standard_key/java_dl/./classpath/InputStream.java and once in URL:file:/home/runner/work/key/key/key.core/build/resources/main/de/uka/ilkd/key/java/JavaRedux/java/io/InputStream.java, Keeping one from URL:file:/home/runner/work/key/key/key.core/build/resources/main/de/uka/ilkd/key/java/JavaRedux/java/io/InputStream.java 
409364     WARN  main            d.u.i.k.j.r.KeYCrossReferenceNameInfo Datatype java.lang.System declared twice: Once in FILE:/home/runner/work/key/key/key.core/../key.ui/examples/standard_key/java_dl/./classpath/System.java and once in URL:file:/home/runner/work/key/key/key.core/build/resources/main/de/uka/ilkd/key/java/JavaRedux/java/lang/System.java, Keeping one from URL:file:/home/runner/work/key/key/key.core/build/resources/main/de/uka/ilkd/key/java/JavaRedux/java/lang/System.java 
409364     WARN  main            d.u.i.k.j.r.KeYCrossReferenceNameInfo Datatype java.io.PrintStream declared twice: Once in FILE:/home/runner/work/key/key/key.core/../key.ui/examples/standard_key/java_dl/./classpath/PrintStream.java and once in URL:file:/home/runner/work/key/key/key.core/build/resources/main/de/uka/ilkd/key/java/JavaRedux/java/io/PrintStream.java, Keeping one from URL:file:/home/runner/work/key/key/key.core/build/resources/main/de/uka/ilkd/key/java/JavaRedux/java/io/PrintStream.java 
409367     DEBUG main            d.u.i.k.j.r.ClassFileDeclarationBuilder Parsing: package java.io; public class Closeable { } 
409367     DEBUG main            r.s.KeYCrossReferenceSourceInfo Dynamically created class: java.io.Closeable 
411686     DEBUG main            d.u.i.k.p.i.AbstractProblemLoader Init config took 2.34s 
411701     INFO  main            d.u.i.k.p.i.AbstractProblemLoader Replaying proof reverseArray.key 
411703     DEBUG main            d.u.i.k.p.i.IntermediateProofReplayer Proof replay took 7.4ns 
416142     INFO  main            d.u.i.k.p.r.p.TestFile    ... finished proof: closed. 
416657     INFO  main            d.u.i.k.p.i.AbstractProblemLoader Loading environment from /home/runner/work/key/key/key.core/../key.ui/examples/standard_key/java_dl/reverseArray.key.proof 
416658     DEBUG main            d.u.i.k.p.i.AbstractProblemLoader Environment load took 363.9ns 
416660     INFO  main            d.u.i.k.p.i.AbstractProblemLoader Creating init config 
416681     WARN  main            d.u.i.k.j.r.KeYCrossReferenceNameInfo Datatype java.io.InputStream declared twice: Once in FILE:/home/runner/work/key/key/key.core/../key.ui/examples/standard_key/java_dl/classpath/InputStream.java and once in URL:file:/home/runner/work/key/key/key.core/build/resources/main/de/uka/ilkd/key/java/JavaRedux/java/io/InputStream.java, Keeping one from URL:file:/home/runner/work/key/key/key.core/build/resources/main/de/uka/ilkd/key/java/JavaRedux/java/io/InputStream.java 
416681     WARN  main            d.u.i.k.j.r.KeYCrossReferenceNameInfo Datatype java.lang.System declared twice: Once in FILE:/home/runner/work/key/key/key.core/../key.ui/examples/standard_key/java_dl/classpath/System.java and once in URL:file:/home/runner/work/key/key/key.core/build/resources/main/de/uka/ilkd/key/java/JavaRedux/java/lang/System.java, Keeping one from URL:file:/home/runner/work/key/key/key.core/build/resources/main/de/uka/ilkd/key/java/JavaRedux/java/lang/System.java 
416682     WARN  main            d.u.i.k.j.r.KeYCrossReferenceNameInfo Datatype java.io.PrintStream declared twice: Once in FILE:/home/runner/work/key/key/key.core/../key.ui/examples/standard_key/java_dl/classpath/PrintStream.java and once in URL:file:/home/runner/work/key/key/key.core/build/resources/main/de/uka/ilkd/key/java/JavaRedux/java/io/PrintStream.java, Keeping one from URL:file:/home/runner/work/key/key/key.core/build/resources/main/de/uka/ilkd/key/java/JavaRedux/java/io/PrintStream.java 
416685     DEBUG main            d.u.i.k.j.r.ClassFileDeclarationBuilder Parsing: package java.io; public class Closeable { } 
416685     DEBUG main            r.s.KeYCrossReferenceSourceInfo Dynamically created class: java.io.Closeable 
418948     DEBUG main            d.u.i.k.p.i.AbstractProblemLoader Init config took 2.29s 
418976     INFO  main            d.u.i.k.p.i.AbstractProblemLoader Replaying proof reverseArray.key.proof 
419632     DEBUG main            d.u.i.k.p.i.IntermediateProofReplayer Proof replay took 644.05ms 
419634     DEBUG main            d.u.i.k.p.r.p.TestFile    ... success: reloaded. 
419635     INFO  main            d.u.i.k.p.r.p.TestFile    Now processing file /home/runner/work/key/key/key.core/../key.ui/examples/standard_key/java_dl/reverseArray2.key 
419636     INFO  main            d.u.i.k.p.i.AbstractProblemLoader Loading environment from /home/runner/work/key/key/key.core/../key.ui/examples/standard_key/java_dl/reverseArray2.key 
419636     DEBUG main            d.u.i.k.p.i.AbstractProblemLoader Environment load took 66.5ns 
419638     INFO  main            d.u.i.k.p.i.AbstractProblemLoader Creating init config 
419658     WARN  main            d.u.i.k.j.r.KeYCrossReferenceNameInfo Datatype java.io.InputStream declared twice: Once in FILE:/home/runner/work/key/key/key.core/../key.ui/examples/standard_key/java_dl/classpath/InputStream.java and once in URL:file:/home/runner/work/key/key/key.core/build/resources/main/de/uka/ilkd/key/java/JavaRedux/java/io/InputStream.java, Keeping one from URL:file:/home/runner/work/key/key/key.core/build/resources/main/de/uka/ilkd/key/java/JavaRedux/java/io/InputStream.java 
419658     WARN  main            d.u.i.k.j.r.KeYCrossReferenceNameInfo Datatype java.lang.System declared twice: Once in FILE:/home/runner/work/key/key/key.core/../key.ui/examples/standard_key/java_dl/classpath/System.java and once in URL:file:/home/runner/work/key/key/key.core/build/resources/main/de/uka/ilkd/key/java/JavaRedux/java/lang/System.java, Keeping one from URL:file:/home/runner/work/key/key/key.core/build/resources/main/de/uka/ilkd/key/java/JavaRedux/java/lang/System.java 
419659     WARN  main            d.u.i.k.j.r.KeYCrossReferenceNameInfo Datatype java.io.PrintStream declared twice: Once in FILE:/home/runner/work/key/key/key.core/../key.ui/examples/standard_key/java_dl/classpath/PrintStream.java and once in URL:file:/home/runner/work/key/key/key.core/build/resources/main/de/uka/ilkd/key/java/JavaRedux/java/io/PrintStream.java, Keeping one from URL:file:/home/runner/work/key/key/key.core/build/resources/main/de/uka/ilkd/key/java/JavaRedux/java/io/PrintStream.java 
419661     DEBUG main            d.u.i.k.j.r.ClassFileDeclarationBuilder Parsing: package java.io; public class Closeable { } 
419661     DEBUG main            r.s.KeYCrossReferenceSourceInfo Dynamically created class: java.io.Closeable 
422057     DEBUG main            d.u.i.k.p.i.AbstractProblemLoader Init config took 2.42s 
422073     INFO  main            d.u.i.k.p.i.AbstractProblemLoader Replaying proof reverseArray2.key 
422074     DEBUG main            d.u.i.k.p.i.IntermediateProofReplayer Proof replay took 40.4ns 
423480     INFO  main            d.u.i.k.p.r.p.TestFile    ... finished proof: closed. 
424034     INFO  main            d.u.i.k.p.i.AbstractProblemLoader Loading environment from /home/runner/work/key/key/key.core/../key.ui/examples/standard_key/java_dl/reverseArray2.key.proof 
424034     DEBUG main            d.u.i.k.p.i.AbstractProblemLoader Environment load took 104.1ns 
424036     INFO  main            d.u.i.k.p.i.AbstractProblemLoader Creating init config 
424062     WARN  main            d.u.i.k.j.r.KeYCrossReferenceNameInfo Datatype java.io.InputStream declared twice: Once in FILE:/home/runner/work/key/key/key.core/../key.ui/examples/standard_key/java_dl/classpath/InputStream.java and once in URL:file:/home/runner/work/key/key/key.core/build/resources/main/de/uka/ilkd/key/java/JavaRedux/java/io/InputStream.java, Keeping one from URL:file:/home/runner/work/key/key/key.core/build/resources/main/de/uka/ilkd/key/java/JavaRedux/java/io/InputStream.java 
424062     WARN  main            d.u.i.k.j.r.KeYCrossReferenceNameInfo Datatype java.lang.System declared twice: Once in FILE:/home/runner/work/key/key/key.core/../key.ui/examples/standard_key/java_dl/classpath/System.java and once in URL:file:/home/runner/work/key/key/key.core/build/resources/main/de/uka/ilkd/key/java/JavaRedux/java/lang/System.java, Keeping one from URL:file:/home/runner/work/key/key/key.core/build/resources/main/de/uka/ilkd/key/java/JavaRedux/java/lang/System.java 
424062     WARN  main            d.u.i.k.j.r.KeYCrossReferenceNameInfo Datatype java.io.PrintStream declared twice: Once in FILE:/home/runner/work/key/key/key.core/../key.ui/examples/standard_key/java_dl/classpath/PrintStream.java and once in URL:file:/home/runner/work/key/key/key.core/build/resources/main/de/uka/ilkd/key/java/JavaRedux/java/io/PrintStream.java, Keeping one from URL:file:/home/runner/work/key/key/key.core/build/resources/main/de/uka/ilkd/key/java/JavaRedux/java/io/PrintStream.java 
424065     DEBUG main            d.u.i.k.j.r.ClassFileDeclarationBuilder Parsing: package java.io; public class Closeable { } 
424065     DEBUG main            r.s.KeYCrossReferenceSourceInfo Dynamically created class: java.io.Closeable 
426363     DEBUG main            d.u.i.k.p.i.AbstractProblemLoader Init config took 2.33s 
426379     INFO  main            d.u.i.k.p.i.AbstractProblemLoader Replaying proof reverseArray2.key.proof 
426601     DEBUG main            d.u.i.k.p.i.IntermediateProofReplayer Proof replay took 216.12ms 
426602     DEBUG main            d.u.i.k.p.r.p.TestFile    ... success: reloaded. 
426604     INFO  main            d.u.i.k.p.r.p.TestFile    Now processing file /home/runner/work/key/key/key.core/../key.ui/examples/standard_key/java_dl/simpleAssignment.key 
426604     INFO  main            d.u.i.k.p.i.AbstractProblemLoader Loading environment from /home/runner/work/key/key/key.core/../key.ui/examples/standard_key/java_dl/simpleAssignment.key 
426604     DEBUG main            d.u.i.k.p.i.AbstractProblemLoader Environment load took 161.8ns 
426605     INFO  main            d.u.i.k.p.i.AbstractProblemLoader Creating init config 
428847     DEBUG main            d.u.i.k.p.i.AbstractProblemLoader Init config took 2.24s 
428861     INFO  main            d.u.i.k.p.i.AbstractProblemLoader Replaying proof simpleAssignment.key 
428862     DEBUG main            d.u.i.k.p.i.IntermediateProofReplayer Proof replay took 3.8ns 
428964     INFO  main            d.u.i.k.p.r.p.TestFile    ... finished proof: closed. 
429482     INFO  main            d.u.i.k.p.i.AbstractProblemLoader Loading environment from /home/runner/work/key/key/key.core/../key.ui/examples/standard_key/java_dl/simpleAssignment.key.proof 
429483     DEBUG main            d.u.i.k.p.i.AbstractProblemLoader Environment load took 97.1ns 
429484     INFO  main            d.u.i.k.p.i.AbstractProblemLoader Creating init config 
431654     DEBUG main            d.u.i.k.p.i.AbstractProblemLoader Init config took 2.17s 
431668     INFO  main            d.u.i.k.p.i.AbstractProblemLoader Replaying proof simpleAssignment.key.proof 
431670     DEBUG main            d.u.i.k.p.i.IntermediateProofReplayer Proof replay took 680.51ns 
431671     DEBUG main            d.u.i.k.p.r.p.TestFile    ... success: reloaded. 
431671     INFO  main            d.u.i.k.p.r.p.TestFile    Now processing file /home/runner/work/key/key/key.core/../key.ui/examples/standard_key/java_dl/simpleAssignment2.key 
431672     INFO  main            d.u.i.k.p.i.AbstractProblemLoader Loading environment from /home/runner/work/key/key/key.core/../key.ui/examples/standard_key/java_dl/simpleAssignment2.key 
431672     DEBUG main            d.u.i.k.p.i.AbstractProblemLoader Environment load took 56.1ns 
431672     INFO  main            d.u.i.k.p.i.AbstractProblemLoader Creating init config 
433880     DEBUG main            d.u.i.k.p.i.AbstractProblemLoader Init config took 2.21s 
433894     INFO  main            d.u.i.k.p.i.AbstractProblemLoader Replaying proof simpleAssignment2.key 
433895     DEBUG main            d.u.i.k.p.i.IntermediateProofReplayer Proof replay took 3.5ns 
434000     INFO  main            d.u.i.k.p.r.p.TestFile    ... finished proof: closed. 
434491     INFO  main            d.u.i.k.p.i.AbstractProblemLoader Loading environment from /home/runner/work/key/key/key.core/../key.ui/examples/standard_key/java_dl/simpleAssignment2.key.proof 
434492     DEBUG main            d.u.i.k.p.i.AbstractProblemLoader Environment load took 88.7ns 
434493     INFO  main            d.u.i.k.p.i.AbstractProblemLoader Creating init config 
436665     DEBUG main            d.u.i.k.p.i.AbstractProblemLoader Init config took 2.17s 
436679     INFO  main            d.u.i.k.p.i.AbstractProblemLoader Replaying proof simpleAssignment2.key.proof 
436681     DEBUG main            d.u.i.k.p.i.IntermediateProofReplayer Proof replay took 409.41ns 
436682     DEBUG main            d.u.i.k.p.r.p.TestFile    ... success: reloaded. 
436682     INFO  main            d.u.i.k.p.r.p.TestFile    Now processing file /home/runner/work/key/key/key.core/../key.ui/examples/standard_key/java_dl/splittingWithQueries.key 
436682     INFO  main            d.u.i.k.p.i.AbstractProblemLoader Loading environment from /home/runner/work/key/key/key.core/../key.ui/examples/standard_key/java_dl/splittingWithQueries.key 
436682     DEBUG main            d.u.i.k.p.i.AbstractProblemLoader Environment load took 64.6ns 
436684     INFO  main            d.u.i.k.p.i.AbstractProblemLoader Creating init config 
438951     DEBUG main            d.u.i.k.p.i.AbstractProblemLoader Init config took 2.27s 
438965     INFO  main            d.u.i.k.p.i.AbstractProblemLoader Replaying proof splittingWithQueries.key 
438966     DEBUG main            d.u.i.k.p.i.IntermediateProofReplayer Proof replay took 3.1ns 
439068     INFO  main            d.u.i.k.p.r.p.TestFile    ... finished proof: closed. 
439562     INFO  main            d.u.i.k.p.i.AbstractProblemLoader Loading environment from /home/runner/work/key/key/key.core/../key.ui/examples/standard_key/java_dl/splittingWithQueries.key.proof 
439562     DEBUG main            d.u.i.k.p.i.AbstractProblemLoader Environment load took 93.5ns 
439563     INFO  main            d.u.i.k.p.i.AbstractProblemLoader Creating init config 
441803     DEBUG main            d.u.i.k.p.i.AbstractProblemLoader Init config took 2.24s 
441816     INFO  main            d.u.i.k.p.i.AbstractProblemLoader Replaying proof splittingWithQueries.key.proof 
441820     DEBUG main            d.u.i.k.p.i.IntermediateProofReplayer Proof replay took 1.64ms 
441821     DEBUG main            d.u.i.k.p.r.p.TestFile    ... success: reloaded. 
441822     INFO  main            d.u.i.k.p.r.p.TestFile    Now processing file /home/runner/work/key/key/key.core/../key.ui/examples/standard_key/java_dl/strassen/strassen.key 
441822     INFO  main            d.u.i.k.p.i.AbstractProblemLoader Loading environment from /home/runner/work/key/key/key.core/../key.ui/examples/standard_key/java_dl/strassen/strassen.key 
441822     DEBUG main            d.u.i.k.p.i.AbstractProblemLoader Environment load took 171.4ns 
441823     INFO  main            d.u.i.k.p.i.AbstractProblemLoader Creating init config 
444202     DEBUG main            d.u.i.k.p.i.AbstractProblemLoader Init config took 2.38s 
444242     INFO  main            d.u.i.k.p.i.AbstractProblemLoader Replaying proof Matrix22[Matrix22::strassen(Matrix22,Matrix22)].JML normal_behavior operation contract.0 
444244     DEBUG main            d.u.i.k.p.i.IntermediateProofReplayer Proof replay took 3.4ns 
449242     INFO  main            d.u.i.k.p.r.p.TestFile    ... finished proof: closed. 
449874     INFO  main            d.u.i.k.p.i.AbstractProblemLoader Loading environment from /home/runner/work/key/key/key.core/../key.ui/examples/standard_key/java_dl/strassen/strassen.key.proof 
449874     DEBUG main            d.u.i.k.p.i.AbstractProblemLoader Environment load took 104.7ns 
449876     INFO  main            d.u.i.k.p.i.AbstractProblemLoader Creating init config 
452204     DEBUG main            d.u.i.k.p.i.AbstractProblemLoader Init config took 2.33s 
452239     INFO  main            d.u.i.k.p.i.AbstractProblemLoader Replaying proof Matrix22[Matrix22::strassen(Matrix22,Matrix22)].JML normal_behavior operation contract.0 
452945     DEBUG main            d.u.i.k.p.i.IntermediateProofReplayer Proof replay took 695.98ms 
452947     DEBUG main            d.u.i.k.p.r.p.TestFile    ... success: reloaded. 
452948     INFO  main            d.u.i.k.p.r.p.TestFile    Now processing file /home/runner/work/key/key/key.core/../key.ui/examples/standard_key/java_dl/symmArray.key 
452948     INFO  main            d.u.i.k.p.i.AbstractProblemLoader Loading environment from /home/runner/work/key/key/key.core/../key.ui/examples/standard_key/java_dl/symmArray.key 
452948     DEBUG main            d.u.i.k.p.i.AbstractProblemLoader Environment load took 79.7ns 
452951     INFO  main            d.u.i.k.p.i.AbstractProblemLoader Creating init config 
455382     DEBUG main            d.u.i.k.p.i.AbstractProblemLoader Init config took 2.43s 
455397     INFO  main            d.u.i.k.p.i.AbstractProblemLoader Replaying proof symmArray.key 
455399     DEBUG main            d.u.i.k.p.i.IntermediateProofReplayer Proof replay took 3.5ns 
555644     INFO  main            d.u.i.k.p.r.p.TestFile    ... finished proof: closed. 
556261     INFO  main            d.u.i.k.p.i.AbstractProblemLoader Loading environment from /home/runner/work/key/key/key.core/../key.ui/examples/standard_key/java_dl/symmArray.key.proof 
556261     DEBUG main            d.u.i.k.p.i.AbstractProblemLoader Environment load took 385ns 
556267     INFO  main            d.u.i.k.p.i.AbstractProblemLoader Creating init config 
558567     DEBUG main            d.u.i.k.p.i.AbstractProblemLoader Init config took 2.3s 
558583     INFO  main            d.u.i.k.p.i.AbstractProblemLoader Replaying proof symmArray.key.proof 
559673     DEBUG main            d.u.i.k.p.i.IntermediateProofReplayer Proof replay took 1.03s 
559679     DEBUG main            d.u.i.k.p.r.p.TestFile    ... success: reloaded. 
559680     INFO  main            d.u.i.k.p.r.p.TestFile    Now processing file /home/runner/work/key/key/key.core/../key.ui/examples/standard_key/java_dl/testcontext.key 
559680     INFO  main            d.u.i.k.p.i.AbstractProblemLoader Loading environment from /home/runner/work/key/key/key.core/../key.ui/examples/standard_key/java_dl/testcontext.key 
559680     DEBUG main            d.u.i.k.p.i.AbstractProblemLoader Environment load took 73.1ns 
559681     INFO  main            d.u.i.k.p.i.AbstractProblemLoader Creating init config 
559701     WARN  main            d.u.i.k.j.r.KeYCrossReferenceNameInfo Datatype java.io.InputStream declared twice: Once in FILE:/home/runner/work/key/key/key.core/../key.ui/examples/standard_key/java_dl/classpath/InputStream.java and once in URL:file:/home/runner/work/key/key/key.core/build/resources/main/de/uka/ilkd/key/java/JavaRedux/java/io/InputStream.java, Keeping one from URL:file:/home/runner/work/key/key/key.core/build/resources/main/de/uka/ilkd/key/java/JavaRedux/java/io/InputStream.java 
559701     WARN  main            d.u.i.k.j.r.KeYCrossReferenceNameInfo Datatype java.lang.System declared twice: Once in FILE:/home/runner/work/key/key/key.core/../key.ui/examples/standard_key/java_dl/classpath/System.java and once in URL:file:/home/runner/work/key/key/key.core/build/resources/main/de/uka/ilkd/key/java/JavaRedux/java/lang/System.java, Keeping one from URL:file:/home/runner/work/key/key/key.core/build/resources/main/de/uka/ilkd/key/java/JavaRedux/java/lang/System.java 
559701     WARN  main            d.u.i.k.j.r.KeYCrossReferenceNameInfo Datatype java.io.PrintStream declared twice: Once in FILE:/home/runner/work/key/key/key.core/../key.ui/examples/standard_key/java_dl/classpath/PrintStream.java and once in URL:file:/home/runner/work/key/key/key.core/build/resources/main/de/uka/ilkd/key/java/JavaRedux/java/io/PrintStream.java, Keeping one from URL:file:/home/runner/work/key/key/key.core/build/resources/main/de/uka/ilkd/key/java/JavaRedux/java/io/PrintStream.java 
559704     DEBUG main            d.u.i.k.j.r.ClassFileDeclarationBuilder Parsing: package java.io; public class Closeable { } 
559704     DEBUG main            r.s.KeYCrossReferenceSourceInfo Dynamically created class: java.io.Closeable 
562009     DEBUG main            d.u.i.k.p.i.AbstractProblemLoader Init config took 2.33s 
562024     INFO  main            d.u.i.k.p.i.AbstractProblemLoader Replaying proof testcontext.key 
562025     DEBUG main            d.u.i.k.p.i.IntermediateProofReplayer Proof replay took 4ns 
562329     INFO  main            d.u.i.k.p.r.p.TestFile    ... finished proof: closed. 
562976     INFO  main            d.u.i.k.p.i.AbstractProblemLoader Loading environment from /home/runner/work/key/key/key.core/../key.ui/examples/standard_key/java_dl/testcontext.key.proof 
562976     DEBUG main            d.u.i.k.p.i.AbstractProblemLoader Environment load took 94.1ns 
562978     INFO  main            d.u.i.k.p.i.AbstractProblemLoader Creating init config 
562999     WARN  main            d.u.i.k.j.r.KeYCrossReferenceNameInfo Datatype java.io.InputStream declared twice: Once in FILE:/home/runner/work/key/key/key.core/../key.ui/examples/standard_key/java_dl/classpath/InputStream.java and once in URL:file:/home/runner/work/key/key/key.core/build/resources/main/de/uka/ilkd/key/java/JavaRedux/java/io/InputStream.java, Keeping one from URL:file:/home/runner/work/key/key/key.core/build/resources/main/de/uka/ilkd/key/java/JavaRedux/java/io/InputStream.java 
562999     WARN  main            d.u.i.k.j.r.KeYCrossReferenceNameInfo Datatype java.lang.System declared twice: Once in FILE:/home/runner/work/key/key/key.core/../key.ui/examples/standard_key/java_dl/classpath/System.java and once in URL:file:/home/runner/work/key/key/key.core/build/resources/main/de/uka/ilkd/key/java/JavaRedux/java/lang/System.java, Keeping one from URL:file:/home/runner/work/key/key/key.core/build/resources/main/de/uka/ilkd/key/java/JavaRedux/java/lang/System.java 
562999     WARN  main            d.u.i.k.j.r.KeYCrossReferenceNameInfo Datatype java.io.PrintStream declared twice: Once in FILE:/home/runner/work/key/key/key.core/../key.ui/examples/standard_key/java_dl/classpath/PrintStream.java and once in URL:file:/home/runner/work/key/key/key.core/build/resources/main/de/uka/ilkd/key/java/JavaRedux/java/io/PrintStream.java, Keeping one from URL:file:/home/runner/work/key/key/key.core/build/resources/main/de/uka/ilkd/key/java/JavaRedux/java/io/PrintStream.java 
563002     DEBUG main            d.u.i.k.j.r.ClassFileDeclarationBuilder Parsing: package java.io; public class Closeable { } 
563003     DEBUG main            r.s.KeYCrossReferenceSourceInfo Dynamically created class: java.io.Closeable 
565210     DEBUG main            d.u.i.k.p.i.AbstractProblemLoader Init config took 2.23s 
565225     INFO  main            d.u.i.k.p.i.AbstractProblemLoader Replaying proof testcontext.key.proof 
565279     DEBUG main            d.u.i.k.p.i.IntermediateProofReplayer Proof replay took 51.04ms 
565280     DEBUG main            d.u.i.k.p.r.p.TestFile    ... success: reloaded. 
565281     INFO  main            d.u.i.k.p.r.p.TestFile    Now processing file /home/runner/work/key/key/key.core/../key.ui/examples/standard_key/staticInitialisation/cascadeStaticInitialisation.key 
565281     INFO  main            d.u.i.k.p.i.AbstractProblemLoader Loading environment from /home/runner/work/key/key/key.core/../key.ui/examples/standard_key/staticInitialisation/cascadeStaticInitialisation.key 
565281     DEBUG main            d.u.i.k.p.i.AbstractProblemLoader Environment load took 54.8ns 
565283     INFO  main            d.u.i.k.p.i.AbstractProblemLoader Creating init config 
565303     WARN  main            d.u.i.k.j.r.KeYCrossReferenceNameInfo Datatype java.lang.System declared twice: Once in FILE:/home/runner/work/key/key/key.core/../key.ui/examples/standard_key/staticInitialisation/classpath/System.java and once in URL:file:/home/runner/work/key/key/key.core/build/resources/main/de/uka/ilkd/key/java/JavaRedux/java/lang/System.java, Keeping one from URL:file:/home/runner/work/key/key/key.core/build/resources/main/de/uka/ilkd/key/java/JavaRedux/java/lang/System.java 
565303     WARN  main            d.u.i.k.j.r.KeYCrossReferenceNameInfo Datatype java.io.PrintStream declared twice: Once in FILE:/home/runner/work/key/key/key.core/../key.ui/examples/standard_key/staticInitialisation/classpath/PrintStream.java and once in URL:file:/home/runner/work/key/key/key.core/build/resources/main/de/uka/ilkd/key/java/JavaRedux/java/io/PrintStream.java, Keeping one from URL:file:/home/runner/work/key/key/key.core/build/resources/main/de/uka/ilkd/key/java/JavaRedux/java/io/PrintStream.java 
567556     DEBUG main            d.u.i.k.p.i.AbstractProblemLoader Init config took 2.27s 
567571     INFO  main            d.u.i.k.p.i.AbstractProblemLoader Replaying proof cascadeStaticInitialisation.key 
567572     DEBUG main            d.u.i.k.p.i.IntermediateProofReplayer Proof replay took 4ns 
568277     INFO  main            d.u.i.k.p.r.p.TestFile    ... finished proof: closed. 
568847     INFO  main            d.u.i.k.p.i.AbstractProblemLoader Loading environment from /home/runner/work/key/key/key.core/../key.ui/examples/standard_key/staticInitialisation/cascadeStaticInitialisation.key.proof 
568847     DEBUG main            d.u.i.k.p.i.AbstractProblemLoader Environment load took 247ns 
568848     INFO  main            d.u.i.k.p.i.AbstractProblemLoader Creating init config 
568868     WARN  main            d.u.i.k.j.r.KeYCrossReferenceNameInfo Datatype java.lang.System declared twice: Once in FILE:/home/runner/work/key/key/key.core/../key.ui/examples/standard_key/staticInitialisation/classpath/System.java and once in URL:file:/home/runner/work/key/key/key.core/build/resources/main/de/uka/ilkd/key/java/JavaRedux/java/lang/System.java, Keeping one from URL:file:/home/runner/work/key/key/key.core/build/resources/main/de/uka/ilkd/key/java/JavaRedux/java/lang/System.java 
568869     WARN  main            d.u.i.k.j.r.KeYCrossReferenceNameInfo Datatype java.io.PrintStream declared twice: Once in FILE:/home/runner/work/key/key/key.core/../key.ui/examples/standard_key/staticInitialisation/classpath/PrintStream.java and once in URL:file:/home/runner/work/key/key/key.core/build/resources/main/de/uka/ilkd/key/java/JavaRedux/java/io/PrintStream.java, Keeping one from URL:file:/home/runner/work/key/key/key.core/build/resources/main/de/uka/ilkd/key/java/JavaRedux/java/io/PrintStream.java 
571071     DEBUG main            d.u.i.k.p.i.AbstractProblemLoader Init config took 2.22s 
571086     INFO  main            d.u.i.k.p.i.AbstractProblemLoader Replaying proof cascadeStaticInitialisation.key.proof 
571226     DEBUG main            d.u.i.k.p.i.IntermediateProofReplayer Proof replay took 136.64ms 
571227     DEBUG main            d.u.i.k.p.r.p.TestFile    ... success: reloaded. 
571228     INFO  main            d.u.i.k.p.r.p.TestFile    Now processing file /home/runner/work/key/key/key.core/../key.ui/examples/standard_key/staticInitialisation/erroneousClassImpliesErroneousSubclass.key 
571228     INFO  main            d.u.i.k.p.i.AbstractProblemLoader Loading environment from /home/runner/work/key/key/key.core/../key.ui/examples/standard_key/staticInitialisation/erroneousClassImpliesErroneousSubclass.key 
571228     DEBUG main            d.u.i.k.p.i.AbstractProblemLoader Environment load took 55.4ns 
571229     INFO  main            d.u.i.k.p.i.AbstractProblemLoader Creating init config 
571249     WARN  main            d.u.i.k.j.r.KeYCrossReferenceNameInfo Datatype java.lang.System declared twice: Once in FILE:/home/runner/work/key/key/key.core/../key.ui/examples/standard_key/staticInitialisation/classpath/System.java and once in URL:file:/home/runner/work/key/key/key.core/build/resources/main/de/uka/ilkd/key/java/JavaRedux/java/lang/System.java, Keeping one from URL:file:/home/runner/work/key/key/key.core/build/resources/main/de/uka/ilkd/key/java/JavaRedux/java/lang/System.java 
571249     WARN  main            d.u.i.k.j.r.KeYCrossReferenceNameInfo Datatype java.io.PrintStream declared twice: Once in FILE:/home/runner/work/key/key/key.core/../key.ui/examples/standard_key/staticInitialisation/classpath/PrintStream.java and once in URL:file:/home/runner/work/key/key/key.core/build/resources/main/de/uka/ilkd/key/java/JavaRedux/java/io/PrintStream.java, Keeping one from URL:file:/home/runner/work/key/key/key.core/build/resources/main/de/uka/ilkd/key/java/JavaRedux/java/io/PrintStream.java 
573574     DEBUG main            d.u.i.k.p.i.AbstractProblemLoader Init config took 2.35s 
573588     INFO  main            d.u.i.k.p.i.AbstractProblemLoader Replaying proof erroneousClassImpliesErroneousSubclass.key 
573589     DEBUG main            d.u.i.k.p.i.IntermediateProofReplayer Proof replay took 3.7ns 
573690     INFO  main            d.u.i.k.p.r.p.TestFile    ... finished proof: closed. 
574249     INFO  main            d.u.i.k.p.i.AbstractProblemLoader Loading environment from /home/runner/work/key/key/key.core/../key.ui/examples/standard_key/staticInitialisation/erroneousClassImpliesErroneousSubclass.key.proof 
574249     DEBUG main            d.u.i.k.p.i.AbstractProblemLoader Environment load took 95.9ns 
574250     INFO  main            d.u.i.k.p.i.AbstractProblemLoader Creating init config 
574270     WARN  main            d.u.i.k.j.r.KeYCrossReferenceNameInfo Datatype java.lang.System declared twice: Once in FILE:/home/runner/work/key/key/key.core/../key.ui/examples/standard_key/staticInitialisation/classpath/System.java and once in URL:file:/home/runner/work/key/key/key.core/build/resources/main/de/uka/ilkd/key/java/JavaRedux/java/lang/System.java, Keeping one from URL:file:/home/runner/work/key/key/key.core/build/resources/main/de/uka/ilkd/key/java/JavaRedux/java/lang/System.java 
574270     WARN  main            d.u.i.k.j.r.KeYCrossReferenceNameInfo Datatype java.io.PrintStream declared twice: Once in FILE:/home/runner/work/key/key/key.core/../key.ui/examples/standard_key/staticInitialisation/classpath/PrintStream.java and once in URL:file:/home/runner/work/key/key/key.core/build/resources/main/de/uka/ilkd/key/java/JavaRedux/java/io/PrintStream.java, Keeping one from URL:file:/home/runner/work/key/key/key.core/build/resources/main/de/uka/ilkd/key/java/JavaRedux/java/io/PrintStream.java 
576480     DEBUG main            d.u.i.k.p.i.AbstractProblemLoader Init config took 2.23s 
576493     INFO  main            d.u.i.k.p.i.AbstractProblemLoader Replaying proof erroneousClassImpliesErroneousSubclass.key.proof 
576495     DEBUG main            d.u.i.k.p.i.IntermediateProofReplayer Proof replay took 499.31ns 
576496     DEBUG main            d.u.i.k.p.r.p.TestFile    ... success: reloaded. 
576496     INFO  main            d.u.i.k.p.r.p.TestFile    Now processing file /home/runner/work/key/key/key.core/../key.ui/examples/standard_key/staticInitialisation/initializedSubclassImpliesInitializedSuperclass.key 
576497     INFO  main            d.u.i.k.p.i.AbstractProblemLoader Loading environment from /home/runner/work/key/key/key.core/../key.ui/examples/standard_key/staticInitialisation/initializedSubclassImpliesInitializedSuperclass.key 
576497     DEBUG main            d.u.i.k.p.i.AbstractProblemLoader Environment load took 62.6ns 
576498     INFO  main            d.u.i.k.p.i.AbstractProblemLoader Creating init config 
576516     WARN  main            d.u.i.k.j.r.KeYCrossReferenceNameInfo Datatype java.lang.System declared twice: Once in FILE:/home/runner/work/key/key/key.core/../key.ui/examples/standard_key/staticInitialisation/classpath/System.java and once in URL:file:/home/runner/work/key/key/key.core/build/resources/main/de/uka/ilkd/key/java/JavaRedux/java/lang/System.java, Keeping one from URL:file:/home/runner/work/key/key/key.core/build/resources/main/de/uka/ilkd/key/java/JavaRedux/java/lang/System.java 
576517     WARN  main            d.u.i.k.j.r.KeYCrossReferenceNameInfo Datatype java.io.PrintStream declared twice: Once in FILE:/home/runner/work/key/key/key.core/../key.ui/examples/standard_key/staticInitialisation/classpath/PrintStream.java and once in URL:file:/home/runner/work/key/key/key.core/build/resources/main/de/uka/ilkd/key/java/JavaRedux/java/io/PrintStream.java, Keeping one from URL:file:/home/runner/work/key/key/key.core/build/resources/main/de/uka/ilkd/key/java/JavaRedux/java/io/PrintStream.java 
578755     DEBUG main            d.u.i.k.p.i.AbstractProblemLoader Init config took 2.26s 
578769     INFO  main            d.u.i.k.p.i.AbstractProblemLoader Replaying proof initializedSubclassImpliesInitializedSuperclass.key 
578770     DEBUG main            d.u.i.k.p.i.IntermediateProofReplayer Proof replay took 2.3ns 
578872     INFO  main            d.u.i.k.p.r.p.TestFile    ... finished proof: closed. 
579408     INFO  main            d.u.i.k.p.i.AbstractProblemLoader Loading environment from /home/runner/work/key/key/key.core/../key.ui/examples/standard_key/staticInitialisation/initializedSubclassImpliesInitializedSuperclass.key.proof 
579408     DEBUG main            d.u.i.k.p.i.AbstractProblemLoader Environment load took 86ns 
579409     INFO  main            d.u.i.k.p.i.AbstractProblemLoader Creating init config 
579429     WARN  main            d.u.i.k.j.r.KeYCrossReferenceNameInfo Datatype java.lang.System declared twice: Once in FILE:/home/runner/work/key/key/key.core/../key.ui/examples/standard_key/staticInitialisation/classpath/System.java and once in URL:file:/home/runner/work/key/key/key.core/build/resources/main/de/uka/ilkd/key/java/JavaRedux/java/lang/System.java, Keeping one from URL:file:/home/runner/work/key/key/key.core/build/resources/main/de/uka/ilkd/key/java/JavaRedux/java/lang/System.java 
579429     WARN  main            d.u.i.k.j.r.KeYCrossReferenceNameInfo Datatype java.io.PrintStream declared twice: Once in FILE:/home/runner/work/key/key/key.core/../key.ui/examples/standard_key/staticInitialisation/classpath/PrintStream.java and once in URL:file:/home/runner/work/key/key/key.core/build/resources/main/de/uka/ilkd/key/java/JavaRedux/java/io/PrintStream.java, Keeping one from URL:file:/home/runner/work/key/key/key.core/build/resources/main/de/uka/ilkd/key/java/JavaRedux/java/io/PrintStream.java 
581632     DEBUG main            d.u.i.k.p.i.AbstractProblemLoader Init config took 2.22s 
581645     INFO  main            d.u.i.k.p.i.AbstractProblemLoader Replaying proof initializedSubclassImpliesInitializedSuperclass.key.proof 
581647     DEBUG main            d.u.i.k.p.i.IntermediateProofReplayer Proof replay took 459.41ns 
581648     DEBUG main            d.u.i.k.p.r.p.TestFile    ... success: reloaded. 
581649     INFO  main            d.u.i.k.p.r.p.TestFile    Now processing file /home/runner/work/key/key/key.core/../key.ui/examples/standard_key/staticInitialisation/localDeclared.key 
581649     INFO  main            d.u.i.k.p.i.AbstractProblemLoader Loading environment from /home/runner/work/key/key/key.core/../key.ui/examples/standard_key/staticInitialisation/localDeclared.key 
581649     DEBUG main            d.u.i.k.p.i.AbstractProblemLoader Environment load took 47.8ns 
581651     INFO  main            d.u.i.k.p.i.AbstractProblemLoader Creating init config 
581671     WARN  main            d.u.i.k.j.r.KeYCrossReferenceNameInfo Datatype java.lang.System declared twice: Once in FILE:/home/runner/work/key/key/key.core/../key.ui/examples/standard_key/staticInitialisation/classpath/System.java and once in URL:file:/home/runner/work/key/key/key.core/build/resources/main/de/uka/ilkd/key/java/JavaRedux/java/lang/System.java, Keeping one from URL:file:/home/runner/work/key/key/key.core/build/resources/main/de/uka/ilkd/key/java/JavaRedux/java/lang/System.java 
581672     WARN  main            d.u.i.k.j.r.KeYCrossReferenceNameInfo Datatype java.io.PrintStream declared twice: Once in FILE:/home/runner/work/key/key/key.core/../key.ui/examples/standard_key/staticInitialisation/classpath/PrintStream.java and once in URL:file:/home/runner/work/key/key/key.core/build/resources/main/de/uka/ilkd/key/java/JavaRedux/java/io/PrintStream.java, Keeping one from URL:file:/home/runner/work/key/key/key.core/build/resources/main/de/uka/ilkd/key/java/JavaRedux/java/io/PrintStream.java 
583898     DEBUG main            d.u.i.k.p.i.AbstractProblemLoader Init config took 2.25s 
583913     INFO  main            d.u.i.k.p.i.AbstractProblemLoader Replaying proof localDeclared.key 
583914     DEBUG main            d.u.i.k.p.i.IntermediateProofReplayer Proof replay took 2.5ns 
584217     INFO  main            d.u.i.k.p.r.p.TestFile    ... finished proof: closed. 
584778     INFO  main            d.u.i.k.p.i.AbstractProblemLoader Loading environment from /home/runner/work/key/key/key.core/../key.ui/examples/standard_key/staticInitialisation/localDeclared.key.proof 
584778     DEBUG main            d.u.i.k.p.i.AbstractProblemLoader Environment load took 94.1ns 
584779     INFO  main            d.u.i.k.p.i.AbstractProblemLoader Creating init config 
584798     WARN  main            d.u.i.k.j.r.KeYCrossReferenceNameInfo Datatype java.lang.System declared twice: Once in FILE:/home/runner/work/key/key/key.core/../key.ui/examples/standard_key/staticInitialisation/classpath/System.java and once in URL:file:/home/runner/work/key/key/key.core/build/resources/main/de/uka/ilkd/key/java/JavaRedux/java/lang/System.java, Keeping one from URL:file:/home/runner/work/key/key/key.core/build/resources/main/de/uka/ilkd/key/java/JavaRedux/java/lang/System.java 
584799     WARN  main            d.u.i.k.j.r.KeYCrossReferenceNameInfo Datatype java.io.PrintStream declared twice: Once in FILE:/home/runner/work/key/key/key.core/../key.ui/examples/standard_key/staticInitialisation/classpath/PrintStream.java and once in URL:file:/home/runner/work/key/key/key.core/build/resources/main/de/uka/ilkd/key/java/JavaRedux/java/io/PrintStream.java, Keeping one from URL:file:/home/runner/work/key/key/key.core/build/resources/main/de/uka/ilkd/key/java/JavaRedux/java/io/PrintStream.java 
587080     DEBUG main            d.u.i.k.p.i.AbstractProblemLoader Init config took 2.3s 
587094     INFO  main            d.u.i.k.p.i.AbstractProblemLoader Replaying proof localDeclared.key.proof 
587150     DEBUG main            d.u.i.k.p.i.IntermediateProofReplayer Proof replay took 53.34ms 
587151     DEBUG main            d.u.i.k.p.r.p.TestFile    ... success: reloaded. 
587152     INFO  main            d.u.i.k.p.r.p.TestFile    Now processing file /home/runner/work/key/key/key.core/../key.ui/examples/standard_key/staticInitialisation/localDeclaredMethod.key 
587152     INFO  main            d.u.i.k.p.i.AbstractProblemLoader Loading environment from /home/runner/work/key/key/key.core/../key.ui/examples/standard_key/staticInitialisation/localDeclaredMethod.key 
587152     DEBUG main            d.u.i.k.p.i.AbstractProblemLoader Environment load took 109.8ns 
587154     INFO  main            d.u.i.k.p.i.AbstractProblemLoader Creating init config 
587173     WARN  main            d.u.i.k.j.r.KeYCrossReferenceNameInfo Datatype java.lang.System declared twice: Once in FILE:/home/runner/work/key/key/key.core/../key.ui/examples/standard_key/staticInitialisation/classpath/System.java and once in URL:file:/home/runner/work/key/key/key.core/build/resources/main/de/uka/ilkd/key/java/JavaRedux/java/lang/System.java, Keeping one from URL:file:/home/runner/work/key/key/key.core/build/resources/main/de/uka/ilkd/key/java/JavaRedux/java/lang/System.java 
587174     WARN  main            d.u.i.k.j.r.KeYCrossReferenceNameInfo Datatype java.io.PrintStream declared twice: Once in FILE:/home/runner/work/key/key/key.core/../key.ui/examples/standard_key/staticInitialisation/classpath/PrintStream.java and once in URL:file:/home/runner/work/key/key/key.core/build/resources/main/de/uka/ilkd/key/java/JavaRedux/java/io/PrintStream.java, Keeping one from URL:file:/home/runner/work/key/key/key.core/build/resources/main/de/uka/ilkd/key/java/JavaRedux/java/io/PrintStream.java 
589399     DEBUG main            d.u.i.k.p.i.AbstractProblemLoader Init config took 2.25s 
589414     INFO  main            d.u.i.k.p.i.AbstractProblemLoader Replaying proof localDeclaredMethod.key 
589415     DEBUG main            d.u.i.k.p.i.IntermediateProofReplayer Proof replay took 4ns 
589719     INFO  main            d.u.i.k.p.r.p.TestFile    ... finished proof: closed. 
590292     INFO  main            d.u.i.k.p.i.AbstractProblemLoader Loading environment from /home/runner/work/key/key/key.core/../key.ui/examples/standard_key/staticInitialisation/localDeclaredMethod.key.proof 
590292     DEBUG main            d.u.i.k.p.i.AbstractProblemLoader Environment load took 107.4ns 
590293     INFO  main            d.u.i.k.p.i.AbstractProblemLoader Creating init config 
590313     WARN  main            d.u.i.k.j.r.KeYCrossReferenceNameInfo Datatype java.lang.System declared twice: Once in FILE:/home/runner/work/key/key/key.core/../key.ui/examples/standard_key/staticInitialisation/classpath/System.java and once in URL:file:/home/runner/work/key/key/key.core/build/resources/main/de/uka/ilkd/key/java/JavaRedux/java/lang/System.java, Keeping one from URL:file:/home/runner/work/key/key/key.core/build/resources/main/de/uka/ilkd/key/java/JavaRedux/java/lang/System.java 
590313     WARN  main            d.u.i.k.j.r.KeYCrossReferenceNameInfo Datatype java.io.PrintStream declared twice: Once in FILE:/home/runner/work/key/key/key.core/../key.ui/examples/standard_key/staticInitialisation/classpath/PrintStream.java and once in URL:file:/home/runner/work/key/key/key.core/build/resources/main/de/uka/ilkd/key/java/JavaRedux/java/io/PrintStream.java, Keeping one from URL:file:/home/runner/work/key/key/key.core/build/resources/main/de/uka/ilkd/key/java/JavaRedux/java/io/PrintStream.java 
592518     DEBUG main            d.u.i.k.p.i.AbstractProblemLoader Init config took 2.22s 
592533     INFO  main            d.u.i.k.p.i.AbstractProblemLoader Replaying proof localDeclaredMethod.key.proof 
592584     DEBUG main            d.u.i.k.p.i.IntermediateProofReplayer Proof replay took 48.48ms 
592586     DEBUG main            d.u.i.k.p.r.p.TestFile    ... success: reloaded. 
592586     INFO  main            d.u.i.k.p.r.p.TestFile    Now processing file /home/runner/work/key/key/key.core/../key.ui/examples/standard_key/staticInitialisation/objectOfErroneousClass.key 
592586     INFO  main            d.u.i.k.p.i.AbstractProblemLoader Loading environment from /home/runner/work/key/key/key.core/../key.ui/examples/standard_key/staticInitialisation/objectOfErroneousClass.key 
592587     DEBUG main            d.u.i.k.p.i.AbstractProblemLoader Environment load took 96.7ns 
592588     INFO  main            d.u.i.k.p.i.AbstractProblemLoader Creating init config 
592607     WARN  main            d.u.i.k.j.r.KeYCrossReferenceNameInfo Datatype java.lang.System declared twice: Once in FILE:/home/runner/work/key/key/key.core/../key.ui/examples/standard_key/staticInitialisation/classpath/System.java and once in URL:file:/home/runner/work/key/key/key.core/build/resources/main/de/uka/ilkd/key/java/JavaRedux/java/lang/System.java, Keeping one from URL:file:/home/runner/work/key/key/key.core/build/resources/main/de/uka/ilkd/key/java/JavaRedux/java/lang/System.java 
592607     WARN  main            d.u.i.k.j.r.KeYCrossReferenceNameInfo Datatype java.io.PrintStream declared twice: Once in FILE:/home/runner/work/key/key/key.core/../key.ui/examples/standard_key/staticInitialisation/classpath/PrintStream.java and once in URL:file:/home/runner/work/key/key/key.core/build/resources/main/de/uka/ilkd/key/java/JavaRedux/java/io/PrintStream.java, Keeping one from URL:file:/home/runner/work/key/key/key.core/build/resources/main/de/uka/ilkd/key/java/JavaRedux/java/io/PrintStream.java 
594845     DEBUG main            d.u.i.k.p.i.AbstractProblemLoader Init config took 2.26s 
594860     INFO  main            d.u.i.k.p.i.AbstractProblemLoader Replaying proof objectOfErroneousClass.key 
594864     DEBUG main            d.u.i.k.p.i.IntermediateProofReplayer Proof replay took 2.6ns 
607948     INFO  main            d.u.i.k.p.r.p.TestFile    ... finished proof: closed. 
608598     INFO  main            d.u.i.k.p.i.AbstractProblemLoader Loading environment from /home/runner/work/key/key/key.core/../key.ui/examples/standard_key/staticInitialisation/objectOfErroneousClass.key.proof 
608599     DEBUG main            d.u.i.k.p.i.AbstractProblemLoader Environment load took 359.31ns 
608603     INFO  main            d.u.i.k.p.i.AbstractProblemLoader Creating init config 
608623     WARN  main            d.u.i.k.j.r.KeYCrossReferenceNameInfo Datatype java.lang.System declared twice: Once in FILE:/home/runner/work/key/key/key.core/../key.ui/examples/standard_key/staticInitialisation/classpath/System.java and once in URL:file:/home/runner/work/key/key/key.core/build/resources/main/de/uka/ilkd/key/java/JavaRedux/java/lang/System.java, Keeping one from URL:file:/home/runner/work/key/key/key.core/build/resources/main/de/uka/ilkd/key/java/JavaRedux/java/lang/System.java 
608631     WARN  main            d.u.i.k.j.r.KeYCrossReferenceNameInfo Datatype java.io.PrintStream declared twice: Once in FILE:/home/runner/work/key/key/key.core/../key.ui/examples/standard_key/staticInitialisation/classpath/PrintStream.java and once in URL:file:/home/runner/work/key/key/key.core/build/resources/main/de/uka/ilkd/key/java/JavaRedux/java/io/PrintStream.java, Keeping one from URL:file:/home/runner/work/key/key/key.core/build/resources/main/de/uka/ilkd/key/java/JavaRedux/java/io/PrintStream.java 
610851     DEBUG main            d.u.i.k.p.i.AbstractProblemLoader Init config took 2.25s 
610866     INFO  main            d.u.i.k.p.i.AbstractProblemLoader Replaying proof objectOfErroneousClass.key.proof 
612968     DEBUG main            d.u.i.k.p.i.IntermediateProofReplayer Proof replay took 2.07s 
612972     DEBUG main            d.u.i.k.p.r.p.TestFile    ... success: reloaded. 
612975     INFO  main            d.u.i.k.p.r.p.TestFile    Now processing file /home/runner/work/key/key/key.core/../key.ui/examples/standard_key/staticInitialisation/staticInitialisersAreNonSimple.key 
612975     INFO  main            d.u.i.k.p.i.AbstractProblemLoader Loading environment from /home/runner/work/key/key/key.core/../key.ui/examples/standard_key/staticInitialisation/staticInitialisersAreNonSimple.key 
612975     DEBUG main            d.u.i.k.p.i.AbstractProblemLoader Environment load took 51.7ns 
612977     INFO  main            d.u.i.k.p.i.AbstractProblemLoader Creating init config 
612997     WARN  main            d.u.i.k.j.r.KeYCrossReferenceNameInfo Datatype java.lang.System declared twice: Once in FILE:/home/runner/work/key/key/key.core/../key.ui/examples/standard_key/staticInitialisation/classpath/System.java and once in URL:file:/home/runner/work/key/key/key.core/build/resources/main/de/uka/ilkd/key/java/JavaRedux/java/lang/System.java, Keeping one from URL:file:/home/runner/work/key/key/key.core/build/resources/main/de/uka/ilkd/key/java/JavaRedux/java/lang/System.java 
612997     WARN  main            d.u.i.k.j.r.KeYCrossReferenceNameInfo Datatype java.io.PrintStream declared twice: Once in FILE:/home/runner/work/key/key/key.core/../key.ui/examples/standard_key/staticInitialisation/classpath/PrintStream.java and once in URL:file:/home/runner/work/key/key/key.core/build/resources/main/de/uka/ilkd/key/java/JavaRedux/java/io/PrintStream.java, Keeping one from URL:file:/home/runner/work/key/key/key.core/build/resources/main/de/uka/ilkd/key/java/JavaRedux/java/io/PrintStream.java 
615308     DEBUG main            d.u.i.k.p.i.AbstractProblemLoader Init config took 2.33s 
615326     INFO  main            d.u.i.k.p.i.AbstractProblemLoader Replaying proof staticInitialisersAreNonSimple.key 
615327     DEBUG main            d.u.i.k.p.i.IntermediateProofReplayer Proof replay took 3.4ns 
615631     INFO  main            d.u.i.k.p.r.p.TestFile    ... finished proof: closed. 
616278     INFO  main            d.u.i.k.p.i.AbstractProblemLoader Loading environment from /home/runner/work/key/key/key.core/../key.ui/examples/standard_key/staticInitialisation/staticInitialisersAreNonSimple.key.proof 
616278     DEBUG main            d.u.i.k.p.i.AbstractProblemLoader Environment load took 102ns 
616280     INFO  main            d.u.i.k.p.i.AbstractProblemLoader Creating init config 
616300     WARN  main            d.u.i.k.j.r.KeYCrossReferenceNameInfo Datatype java.lang.System declared twice: Once in FILE:/home/runner/work/key/key/key.core/../key.ui/examples/standard_key/staticInitialisation/classpath/System.java and once in URL:file:/home/runner/work/key/key/key.core/build/resources/main/de/uka/ilkd/key/java/JavaRedux/java/lang/System.java, Keeping one from URL:file:/home/runner/work/key/key/key.core/build/resources/main/de/uka/ilkd/key/java/JavaRedux/java/lang/System.java 
616300     WARN  main            d.u.i.k.j.r.KeYCrossReferenceNameInfo Datatype java.io.PrintStream declared twice: Once in FILE:/home/runner/work/key/key/key.core/../key.ui/examples/standard_key/staticInitialisation/classpath/PrintStream.java and once in URL:file:/home/runner/work/key/key/key.core/build/resources/main/de/uka/ilkd/key/java/JavaRedux/java/io/PrintStream.java, Keeping one from URL:file:/home/runner/work/key/key/key.core/build/resources/main/de/uka/ilkd/key/java/JavaRedux/java/io/PrintStream.java 
618583     DEBUG main            d.u.i.k.p.i.AbstractProblemLoader Init config took 2.3s 
618598     INFO  main            d.u.i.k.p.i.AbstractProblemLoader Replaying proof staticInitialisersAreNonSimple.key.proof 
618670     DEBUG main            d.u.i.k.p.i.IntermediateProofReplayer Proof replay took 69.98ms 
618672     DEBUG main            d.u.i.k.p.r.p.TestFile    ... success: reloaded. 
618675     INFO  main            d.u.i.k.p.r.p.TestFile    Now processing file /home/runner/work/key/key/key.core/../key.ui/examples/standard_key/types/disjoint.key 
618676     INFO  main            d.u.i.k.p.i.AbstractProblemLoader Loading environment from /home/runner/work/key/key/key.core/../key.ui/examples/standard_key/types/disjoint.key 
618676     DEBUG main            d.u.i.k.p.i.AbstractProblemLoader Environment load took 92ns 
618677     INFO  main            d.u.i.k.p.i.AbstractProblemLoader Creating init config 
620885     DEBUG main            d.u.i.k.p.i.AbstractProblemLoader Init config took 2.21s 
620898     INFO  main            d.u.i.k.p.i.AbstractProblemLoader Replaying proof disjoint.key 
620899     DEBUG main            d.u.i.k.p.i.IntermediateProofReplayer Proof replay took 5.1ns 
621001     INFO  main            d.u.i.k.p.r.p.TestFile    ... finished proof: closed. 
621580     INFO  main            d.u.i.k.p.i.AbstractProblemLoader Loading environment from /home/runner/work/key/key/key.core/../key.ui/examples/standard_key/types/disjoint.key.proof 
621580     DEBUG main            d.u.i.k.p.i.AbstractProblemLoader Environment load took 108.5ns 
621581     INFO  main            d.u.i.k.p.i.AbstractProblemLoader Creating init config 
623746     DEBUG main            d.u.i.k.p.i.AbstractProblemLoader Init config took 2.16s 
623760     INFO  main            d.u.i.k.p.i.AbstractProblemLoader Replaying proof disjoint.key.proof 
623761     DEBUG main            d.u.i.k.p.i.IntermediateProofReplayer Proof replay took 503.41ns 
623762     DEBUG main            d.u.i.k.p.r.p.TestFile    ... success: reloaded. 
623763     INFO  main            d.u.i.k.p.r.p.TestFile    Now processing file /home/runner/work/key/key/key.core/../key.ui/examples/../../key.core/src/test/resources/testcase/classpath/classpath.key 
623763     INFO  main            d.u.i.k.p.i.AbstractProblemLoader Loading environment from /home/runner/work/key/key/key.core/../key.ui/examples/../../key.core/src/test/resources/testcase/classpath/classpath.key 
623763     DEBUG main            d.u.i.k.p.i.AbstractProblemLoader Environment load took 140ns 
623764     INFO  main            d.u.i.k.p.i.AbstractProblemLoader Creating init config 
623786     WARN  main            d.u.i.k.j.r.KeYCrossReferenceNameInfo Datatype cp.C declared twice: Once in FILE:/home/runner/work/key/key/key.core/../key.ui/examples/../../key.core/src/test/resources/testcase/classpath/classpath/C.class and once in FILE:/home/runner/work/key/key/key.core/../key.ui/examples/../../key.core/src/test/resources/testcase/classpath/classpath/C.jml, Keeping one from FILE:/home/runner/work/key/key/key.core/../key.ui/examples/../../key.core/src/test/resources/testcase/classpath/classpath/C.jml 
623789     DEBUG main            d.u.i.k.j.r.ClassFileDeclarationBuilder Parsing: package cp; public class Unresolved1 { } 
623789     DEBUG main            r.s.KeYCrossReferenceSourceInfo Dynamically created class: cp.Unresolved1 
623789     DEBUG main            d.u.i.k.j.r.ClassFileDeclarationBuilder Parsing: package cp; public class Unresolved2 { } 
623789     DEBUG main            r.s.KeYCrossReferenceSourceInfo Dynamically created class: cp.Unresolved2 
626114     DEBUG main            d.u.i.k.p.i.AbstractProblemLoader Init config took 2.35s 
626129     INFO  main            d.u.i.k.p.i.AbstractProblemLoader Replaying proof classpath.key 
626131     DEBUG main            d.u.i.k.p.i.IntermediateProofReplayer Proof replay took 4.3ns 
626233     INFO  main            d.u.i.k.p.r.p.TestFile    ... finished proof: closed. 
626820     INFO  main            d.u.i.k.p.i.AbstractProblemLoader Loading environment from /home/runner/work/key/key/key.core/../key.ui/examples/../../key.core/src/test/resources/testcase/classpath/classpath.key.proof 
626820     DEBUG main            d.u.i.k.p.i.AbstractProblemLoader Environment load took 108.7ns 
626821     INFO  main            d.u.i.k.p.i.AbstractProblemLoader Creating init config 
626846     WARN  main            d.u.i.k.j.r.KeYCrossReferenceNameInfo Datatype cp.C declared twice: Once in FILE:/home/runner/work/key/key/key.core/../key.ui/examples/../../key.core/src/test/resources/testcase/classpath/classpath/C.class and once in FILE:/home/runner/work/key/key/key.core/../key.ui/examples/../../key.core/src/test/resources/testcase/classpath/classpath/C.jml, Keeping one from FILE:/home/runner/work/key/key/key.core/../key.ui/examples/../../key.core/src/test/resources/testcase/classpath/classpath/C.jml 
626849     DEBUG main            d.u.i.k.j.r.ClassFileDeclarationBuilder Parsing: package cp; public class Unresolved1 { } 
626850     DEBUG main            r.s.KeYCrossReferenceSourceInfo Dynamically created class: cp.Unresolved1 
626850     DEBUG main            d.u.i.k.j.r.ClassFileDeclarationBuilder Parsing: package cp; public class Unresolved2 { } 
626850     DEBUG main            r.s.KeYCrossReferenceSourceInfo Dynamically created class: cp.Unresolved2 
629155     DEBUG main            d.u.i.k.p.i.AbstractProblemLoader Init config took 2.33s 
629170     INFO  main            d.u.i.k.p.i.AbstractProblemLoader Replaying proof classpath.key.proof 
629173     DEBUG main            d.u.i.k.p.i.IntermediateProofReplayer Proof replay took 545.81ns 
629174     DEBUG main            d.u.i.k.p.r.p.TestFile    ... success: reloaded. 
629174     INFO  main            d.u.i.k.p.r.p.TestFile    Now processing file /home/runner/work/key/key/key.core/../key.ui/examples/heap/inconsistent_represents/MyClass_m.key 
629174     INFO  main            d.u.i.k.p.i.AbstractProblemLoader Loading environment from /home/runner/work/key/key/key.core/../key.ui/examples/heap/inconsistent_represents/MyClass_m.key 
629174     DEBUG main            d.u.i.k.p.i.AbstractProblemLoader Environment load took 51ns 
629175     INFO  main            d.u.i.k.p.i.AbstractProblemLoader Creating init config 
631467     DEBUG main            d.u.i.k.p.i.AbstractProblemLoader Init config took 2.29s 
631504     INFO  main            d.u.i.k.p.i.AbstractProblemLoader Replaying proof MyClass[MyClass::m()].JML operation contract.0 
631505     DEBUG main            d.u.i.k.p.i.IntermediateProofReplayer Proof replay took 2.3ns 
631608     INFO  main            d.u.i.k.p.r.p.TestFile    ... finished proof: open goal(s) 
632192     INFO  main            d.u.i.k.p.r.p.TestFile    Now processing file /home/runner/work/key/key/key.core/../key.ui/examples/heap/inconsistent_represents/MyClass_n.key 
632192     INFO  main            d.u.i.k.p.i.AbstractProblemLoader Loading environment from /home/runner/work/key/key/key.core/../key.ui/examples/heap/inconsistent_represents/MyClass_n.key 
632193     DEBUG main            d.u.i.k.p.i.AbstractProblemLoader Environment load took 57.6ns 
632193     INFO  main            d.u.i.k.p.i.AbstractProblemLoader Creating init config 
634441     DEBUG main            d.u.i.k.p.i.AbstractProblemLoader Init config took 2.25s 
634477     INFO  main            d.u.i.k.p.i.AbstractProblemLoader Replaying proof MyClass[MyClass::n()].JML operation contract.0 
634478     DEBUG main            d.u.i.k.p.i.IntermediateProofReplayer Proof replay took 2.9ns 
634584     INFO  main            d.u.i.k.p.r.p.TestFile    ... finished proof: open goal(s) 
3629599    INFO  Test worker     d.u.i.k.p.r.RunAllProofsTestUnit Returning from test javadl 
3629600    INFO  Test worker     d.u.i.k.p.r.RunAllProofsTestUnit Running test FOL 
345        INFO  Timeout watchdog d.u.i.k.p.r.p.ForkedTestFileRunner Timeout watcher launched (2000 secs.) 
354        WARN  main            d.u.i.k.s.ProofSettings   The settings in /home/runner/.key/proof-settings.props are *not* read. 
381        INFO  main            d.u.i.k.p.r.p.TestFile    Now processing file /home/runner/work/key/key/key.core/../key.ui/examples/standard_key/pred_log/count.key 
490        INFO  main            d.u.i.k.p.i.AbstractProblemLoader Loading environment from /home/runner/work/key/key/key.core/../key.ui/examples/standard_key/pred_log/count.key 
513        DEBUG main            d.u.i.k.p.i.AbstractProblemLoader Environment load took 1.92ms 
760        INFO  main            d.u.i.k.p.i.AbstractProblemLoader Creating init config 
1669       DEBUG main            d.u.i.k.j.TypeConverter   No LDT found for Meta 
1669       DEBUG main            d.u.i.k.j.TypeConverter   No LDT found for Meta 
1670       DEBUG main            d.u.i.k.j.TypeConverter   No LDT found for Meta 
1670       DEBUG main            d.u.i.k.j.TypeConverter   No LDT found for Meta 
3128       DEBUG main            d.u.i.k.j.TypeConverter   No LDT found for JavaBigintExpression 
7843       DEBUG main            d.u.i.k.p.i.AbstractProblemLoader Init config took 7.08s 
7938       INFO  main            d.u.i.k.p.i.AbstractProblemLoader Replaying proof count.key 
7971       DEBUG main            d.u.i.k.p.i.IntermediateProofReplayer Proof replay took 36.2ns 
8140       INFO  main            d.u.i.k.p.r.p.TestFile    ... finished proof: closed. 
8241       INFO  main            d.u.i.k.p.i.AbstractProblemLoader Loading environment from /home/runner/work/key/key/key.core/../key.ui/examples/standard_key/pred_log/count.key.proof 
8242       DEBUG main            d.u.i.k.p.i.AbstractProblemLoader Environment load took 732.11ns 
8246       INFO  main            d.u.i.k.p.i.AbstractProblemLoader Creating init config 
10998      DEBUG main            d.u.i.k.p.i.AbstractProblemLoader Init config took 2.75s 
11051      INFO  main            d.u.i.k.p.i.AbstractProblemLoader Replaying proof count.key.proof 
11079      DEBUG main            d.u.i.k.p.i.IntermediateProofReplayer Proof replay took 20.25ms 
11093      DEBUG main            d.u.i.k.p.r.p.TestFile    ... success: reloaded. 
11095      INFO  main            d.u.i.k.p.r.p.TestFile    Now processing file /home/runner/work/key/key/key.core/../key.ui/examples/standard_key/pred_log/count2.key 
11095      INFO  main            d.u.i.k.p.i.AbstractProblemLoader Loading environment from /home/runner/work/key/key/key.core/../key.ui/examples/standard_key/pred_log/count2.key 
11095      DEBUG main            d.u.i.k.p.i.AbstractProblemLoader Environment load took 207.7ns 
11100      INFO  main            d.u.i.k.p.i.AbstractProblemLoader Creating init config 
13797      DEBUG main            d.u.i.k.p.i.AbstractProblemLoader Init config took 2.7s 
13827      INFO  main            d.u.i.k.p.i.AbstractProblemLoader Replaying proof count2.key 
13829      DEBUG main            d.u.i.k.p.i.IntermediateProofReplayer Proof replay took 8.9ns 
13932      INFO  main            d.u.i.k.p.r.p.TestFile    ... finished proof: closed. 
14068      INFO  main            d.u.i.k.p.i.AbstractProblemLoader Loading environment from /home/runner/work/key/key/key.core/../key.ui/examples/standard_key/pred_log/count2.key.proof 
14070      DEBUG main            d.u.i.k.p.i.AbstractProblemLoader Environment load took 1.5ms 
14072      INFO  main            d.u.i.k.p.i.AbstractProblemLoader Creating init config 
16676      DEBUG main            d.u.i.k.p.i.AbstractProblemLoader Init config took 2.6s 
16700      INFO  main            d.u.i.k.p.i.AbstractProblemLoader Replaying proof count2.key.proof 
16707      DEBUG main            d.u.i.k.p.i.IntermediateProofReplayer Proof replay took 3.78ms 
16708      DEBUG main            d.u.i.k.p.r.p.TestFile    ... success: reloaded. 
16709      INFO  main            d.u.i.k.p.r.p.TestFile    Now processing file /home/runner/work/key/key/key.core/../key.ui/examples/standard_key/pred_log/count3.key 
16709      INFO  main            d.u.i.k.p.i.AbstractProblemLoader Loading environment from /home/runner/work/key/key/key.core/../key.ui/examples/standard_key/pred_log/count3.key 
16709      DEBUG main            d.u.i.k.p.i.AbstractProblemLoader Environment load took 186.1ns 
16710      INFO  main            d.u.i.k.p.i.AbstractProblemLoader Creating init config 
19257      DEBUG main            d.u.i.k.p.i.AbstractProblemLoader Init config took 2.55s 
19291      INFO  main            d.u.i.k.p.i.AbstractProblemLoader Replaying proof count3.key 
19297      DEBUG main            d.u.i.k.p.i.IntermediateProofReplayer Proof replay took 7.2ns 
19400      INFO  main            d.u.i.k.p.r.p.TestFile    ... finished proof: closed. 
19543      INFO  main            d.u.i.k.p.i.AbstractProblemLoader Loading environment from /home/runner/work/key/key/key.core/../key.ui/examples/standard_key/pred_log/count3.key.proof 
19544      DEBUG main            d.u.i.k.p.i.AbstractProblemLoader Environment load took 1.46ms 
19546      INFO  main            d.u.i.k.p.i.AbstractProblemLoader Creating init config 
22063      DEBUG main            d.u.i.k.p.i.AbstractProblemLoader Init config took 2.52s 
22085      INFO  main            d.u.i.k.p.i.AbstractProblemLoader Replaying proof count3.key.proof 
22090      DEBUG main            d.u.i.k.p.i.IntermediateProofReplayer Proof replay took 2.92ms 
22091      DEBUG main            d.u.i.k.p.r.p.TestFile    ... success: reloaded. 
22092      INFO  main            d.u.i.k.p.r.p.TestFile    Now processing file /home/runner/work/key/key/key.core/../key.ui/examples/standard_key/pred_log/equalities.key 
22092      INFO  main            d.u.i.k.p.i.AbstractProblemLoader Loading environment from /home/runner/work/key/key/key.core/../key.ui/examples/standard_key/pred_log/equalities.key 
22093      DEBUG main            d.u.i.k.p.i.AbstractProblemLoader Environment load took 176.4ns 
22094      INFO  main            d.u.i.k.p.i.AbstractProblemLoader Creating init config 
24622      DEBUG main            d.u.i.k.p.i.AbstractProblemLoader Init config took 2.53s 
24647      INFO  main            d.u.i.k.p.i.AbstractProblemLoader Replaying proof equalities.key 
24649      DEBUG main            d.u.i.k.p.i.IntermediateProofReplayer Proof replay took 8.8ns 
24753      INFO  main            d.u.i.k.p.r.p.TestFile    ... finished proof: closed. 
24919      INFO  main            d.u.i.k.p.i.AbstractProblemLoader Loading environment from /home/runner/work/key/key/key.core/../key.ui/examples/standard_key/pred_log/equalities.key.proof 
24919      DEBUG main            d.u.i.k.p.i.AbstractProblemLoader Environment load took 144.3ns 
24921      INFO  main            d.u.i.k.p.i.AbstractProblemLoader Creating init config 
27404      DEBUG main            d.u.i.k.p.i.AbstractProblemLoader Init config took 2.48s 
27430      INFO  main            d.u.i.k.p.i.AbstractProblemLoader Replaying proof equalities.key.proof 
27437      DEBUG main            d.u.i.k.p.i.IntermediateProofReplayer Proof replay took 3.46ms 
27438      DEBUG main            d.u.i.k.p.r.p.TestFile    ... success: reloaded. 
27440      INFO  main            d.u.i.k.p.r.p.TestFile    Now processing file /home/runner/work/key/key/key.core/../key.ui/examples/standard_key/pred_log/equalities2.key 
27440      INFO  main            d.u.i.k.p.i.AbstractProblemLoader Loading environment from /home/runner/work/key/key/key.core/../key.ui/examples/standard_key/pred_log/equalities2.key 
27440      DEBUG main            d.u.i.k.p.i.AbstractProblemLoader Environment load took 193.4ns 
27442      INFO  main            d.u.i.k.p.i.AbstractProblemLoader Creating init config 
29924      DEBUG main            d.u.i.k.p.i.AbstractProblemLoader Init config took 2.48s 
29946      INFO  main            d.u.i.k.p.i.AbstractProblemLoader Replaying proof equalities2.key 
29950      DEBUG main            d.u.i.k.p.i.IntermediateProofReplayer Proof replay took 8.6ns 
30052      INFO  main            d.u.i.k.p.r.p.TestFile    ... finished proof: closed. 
30200      INFO  main            d.u.i.k.p.i.AbstractProblemLoader Loading environment from /home/runner/work/key/key/key.core/../key.ui/examples/standard_key/pred_log/equalities2.key.proof 
30200      DEBUG main            d.u.i.k.p.i.AbstractProblemLoader Environment load took 142ns 
30204      INFO  main            d.u.i.k.p.i.AbstractProblemLoader Creating init config 
32638      DEBUG main            d.u.i.k.p.i.AbstractProblemLoader Init config took 2.43s 
32659      INFO  main            d.u.i.k.p.i.AbstractProblemLoader Replaying proof equalities2.key.proof 
32665      DEBUG main            d.u.i.k.p.i.IntermediateProofReplayer Proof replay took 3.71ms 
32666      DEBUG main            d.u.i.k.p.r.p.TestFile    ... success: reloaded. 
32667      INFO  main            d.u.i.k.p.r.p.TestFile    Now processing file /home/runner/work/key/key/key.core/../key.ui/examples/standard_key/pred_log/equalities3.key 
32667      INFO  main            d.u.i.k.p.i.AbstractProblemLoader Loading environment from /home/runner/work/key/key/key.core/../key.ui/examples/standard_key/pred_log/equalities3.key 
32667      DEBUG main            d.u.i.k.p.i.AbstractProblemLoader Environment load took 178.3ns 
32668      INFO  main            d.u.i.k.p.i.AbstractProblemLoader Creating init config 
35115      DEBUG main            d.u.i.k.p.i.AbstractProblemLoader Init config took 2.45s 
35135      INFO  main            d.u.i.k.p.i.AbstractProblemLoader Replaying proof equalities3.key 
35137      DEBUG main            d.u.i.k.p.i.IntermediateProofReplayer Proof replay took 6.8ns 
35244      INFO  main            d.u.i.k.p.r.p.TestFile    ... finished proof: closed. 
35409      INFO  main            d.u.i.k.p.i.AbstractProblemLoader Loading environment from /home/runner/work/key/key/key.core/../key.ui/examples/standard_key/pred_log/equalities3.key.proof 
35409      DEBUG main            d.u.i.k.p.i.AbstractProblemLoader Environment load took 142.9ns 
35410      INFO  main            d.u.i.k.p.i.AbstractProblemLoader Creating init config 
37820      DEBUG main            d.u.i.k.p.i.AbstractProblemLoader Init config took 2.41s 
37837      INFO  main            d.u.i.k.p.i.AbstractProblemLoader Replaying proof equalities3.key.proof 
37846      DEBUG main            d.u.i.k.p.i.IntermediateProofReplayer Proof replay took 6.39ms 
37847      DEBUG main            d.u.i.k.p.r.p.TestFile    ... success: reloaded. 
37848      INFO  main            d.u.i.k.p.r.p.TestFile    Now processing file /home/runner/work/key/key/key.core/../key.ui/examples/standard_key/pred_log/functions.key 
37848      INFO  main            d.u.i.k.p.i.AbstractProblemLoader Loading environment from /home/runner/work/key/key/key.core/../key.ui/examples/standard_key/pred_log/functions.key 
37848      DEBUG main            d.u.i.k.p.i.AbstractProblemLoader Environment load took 187.9ns 
37849      INFO  main            d.u.i.k.p.i.AbstractProblemLoader Creating init config 
40296      DEBUG main            d.u.i.k.p.i.AbstractProblemLoader Init config took 2.45s 
40313      INFO  main            d.u.i.k.p.i.AbstractProblemLoader Replaying proof functions.key 
40314      DEBUG main            d.u.i.k.p.i.IntermediateProofReplayer Proof replay took 7.9ns 
40419      INFO  main            d.u.i.k.p.r.p.TestFile    ... finished proof: closed. 
40586      INFO  main            d.u.i.k.p.i.AbstractProblemLoader Loading environment from /home/runner/work/key/key/key.core/../key.ui/examples/standard_key/pred_log/functions.key.proof 
40586      DEBUG main            d.u.i.k.p.i.AbstractProblemLoader Environment load took 147.1ns 
40588      INFO  main            d.u.i.k.p.i.AbstractProblemLoader Creating init config 
42996      DEBUG main            d.u.i.k.p.i.AbstractProblemLoader Init config took 2.41s 
43014      INFO  main            d.u.i.k.p.i.AbstractProblemLoader Replaying proof functions.key.proof 
43018      DEBUG main            d.u.i.k.p.i.IntermediateProofReplayer Proof replay took 2.71ms 
43019      DEBUG main            d.u.i.k.p.r.p.TestFile    ... success: reloaded. 
43020      INFO  main            d.u.i.k.p.r.p.TestFile    Now processing file /home/runner/work/key/key/key.core/../key.ui/examples/standard_key/pred_log/mv1.key 
43020      INFO  main            d.u.i.k.p.i.AbstractProblemLoader Loading environment from /home/runner/work/key/key/key.core/../key.ui/examples/standard_key/pred_log/mv1.key 
43020      DEBUG main            d.u.i.k.p.i.AbstractProblemLoader Environment load took 92ns 
43021      INFO  main            d.u.i.k.p.i.AbstractProblemLoader Creating init config 
45464      DEBUG main            d.u.i.k.p.i.AbstractProblemLoader Init config took 2.44s 
45487      INFO  main            d.u.i.k.p.i.AbstractProblemLoader Replaying proof mv1.key 
45489      DEBUG main            d.u.i.k.p.i.IntermediateProofReplayer Proof replay took 9.6ns 
45594      INFO  main            d.u.i.k.p.r.p.TestFile    ... finished proof: closed. 
45765      INFO  main            d.u.i.k.p.i.AbstractProblemLoader Loading environment from /home/runner/work/key/key/key.core/../key.ui/examples/standard_key/pred_log/mv1.key.proof 
45766      DEBUG main            d.u.i.k.p.i.AbstractProblemLoader Environment load took 197.6ns 
45767      INFO  main            d.u.i.k.p.i.AbstractProblemLoader Creating init config 
48169      DEBUG main            d.u.i.k.p.i.AbstractProblemLoader Init config took 2.4s 
48185      INFO  main            d.u.i.k.p.i.AbstractProblemLoader Replaying proof mv1.key.proof 
48188      DEBUG main            d.u.i.k.p.i.IntermediateProofReplayer Proof replay took 1.18ms 
48189      DEBUG main            d.u.i.k.p.r.p.TestFile    ... success: reloaded. 
48189      INFO  main            d.u.i.k.p.r.p.TestFile    Now processing file /home/runner/work/key/key/key.core/../key.ui/examples/standard_key/pred_log/mv2.key 
48190      INFO  main            d.u.i.k.p.i.AbstractProblemLoader Loading environment from /home/runner/work/key/key/key.core/../key.ui/examples/standard_key/pred_log/mv2.key 
48190      DEBUG main            d.u.i.k.p.i.AbstractProblemLoader Environment load took 90.9ns 
48191      INFO  main            d.u.i.k.p.i.AbstractProblemLoader Creating init config 
50620      DEBUG main            d.u.i.k.p.i.AbstractProblemLoader Init config took 2.43s 
50636      INFO  main            d.u.i.k.p.i.AbstractProblemLoader Replaying proof mv2.key 
50638      DEBUG main            d.u.i.k.p.i.IntermediateProofReplayer Proof replay took 8.2ns 
50741      INFO  main            d.u.i.k.p.r.p.TestFile    ... finished proof: closed. 
51006      INFO  main            d.u.i.k.p.i.AbstractProblemLoader Loading environment from /home/runner/work/key/key/key.core/../key.ui/examples/standard_key/pred_log/mv2.key.proof 
51007      DEBUG main            d.u.i.k.p.i.AbstractProblemLoader Environment load took 137.5ns 
51008      INFO  main            d.u.i.k.p.i.AbstractProblemLoader Creating init config 
53376      DEBUG main            d.u.i.k.p.i.AbstractProblemLoader Init config took 2.37s 
53392      INFO  main            d.u.i.k.p.i.AbstractProblemLoader Replaying proof mv2.key.proof 
53395      DEBUG main            d.u.i.k.p.i.IntermediateProofReplayer Proof replay took 1.48ms 
53396      DEBUG main            d.u.i.k.p.r.p.TestFile    ... success: reloaded. 
53397      INFO  main            d.u.i.k.p.r.p.TestFile    Now processing file /home/runner/work/key/key/key.core/../key.ui/examples/standard_key/pred_log/quantifiers.key 
53397      INFO  main            d.u.i.k.p.i.AbstractProblemLoader Loading environment from /home/runner/work/key/key/key.core/../key.ui/examples/standard_key/pred_log/quantifiers.key 
53397      DEBUG main            d.u.i.k.p.i.AbstractProblemLoader Environment load took 196.2ns 
53398      INFO  main            d.u.i.k.p.i.AbstractProblemLoader Creating init config 
55802      DEBUG main            d.u.i.k.p.i.AbstractProblemLoader Init config took 2.4s 
55817      INFO  main            d.u.i.k.p.i.AbstractProblemLoader Replaying proof quantifiers.key 
55819      DEBUG main            d.u.i.k.p.i.IntermediateProofReplayer Proof replay took 8.8ns 
55923      INFO  main            d.u.i.k.p.r.p.TestFile    ... finished proof: closed. 
56109      INFO  main            d.u.i.k.p.i.AbstractProblemLoader Loading environment from /home/runner/work/key/key/key.core/../key.ui/examples/standard_key/pred_log/quantifiers.key.proof 
56110      DEBUG main            d.u.i.k.p.i.AbstractProblemLoader Environment load took 145ns 
56111      INFO  main            d.u.i.k.p.i.AbstractProblemLoader Creating init config 
58502      DEBUG main            d.u.i.k.p.i.AbstractProblemLoader Init config took 2.39s 
58518      INFO  main            d.u.i.k.p.i.AbstractProblemLoader Replaying proof quantifiers.key.proof 
58522      DEBUG main            d.u.i.k.p.i.IntermediateProofReplayer Proof replay took 2.37ms 
58523      DEBUG main            d.u.i.k.p.r.p.TestFile    ... success: reloaded. 
58523      INFO  main            d.u.i.k.p.r.p.TestFile    Now processing file /home/runner/work/key/key/key.core/../key.ui/examples/standard_key/pred_log/simpleEps.key 
58524      INFO  main            d.u.i.k.p.i.AbstractProblemLoader Loading environment from /home/runner/work/key/key/key.core/../key.ui/examples/standard_key/pred_log/simpleEps.key 
58524      DEBUG main            d.u.i.k.p.i.AbstractProblemLoader Environment load took 85.8ns 
58525      INFO  main            d.u.i.k.p.i.AbstractProblemLoader Creating init config 
60946      DEBUG main            d.u.i.k.p.i.AbstractProblemLoader Init config took 2.42s 
60964      INFO  main            d.u.i.k.p.i.AbstractProblemLoader Replaying proof simpleEps.key 
60965      DEBUG main            d.u.i.k.p.i.IntermediateProofReplayer Proof replay took 7.7ns 
61068      INFO  main            d.u.i.k.p.r.p.TestFile    ... finished proof: closed. 
61256      INFO  main            d.u.i.k.p.i.AbstractProblemLoader Loading environment from /home/runner/work/key/key/key.core/../key.ui/examples/standard_key/pred_log/simpleEps.key.proof 
61256      DEBUG main            d.u.i.k.p.i.AbstractProblemLoader Environment load took 134.7ns 
61258      INFO  main            d.u.i.k.p.i.AbstractProblemLoader Creating init config 
63659      DEBUG main            d.u.i.k.p.i.AbstractProblemLoader Init config took 2.4s 
63674      INFO  main            d.u.i.k.p.i.AbstractProblemLoader Replaying proof simpleEps.key.proof 
63677      DEBUG main            d.u.i.k.p.i.IntermediateProofReplayer Proof replay took 1.39ms 
63678      DEBUG main            d.u.i.k.p.r.p.TestFile    ... success: reloaded. 
63678      INFO  main            d.u.i.k.p.r.p.TestFile    Now processing file /home/runner/work/key/key/key.core/../key.ui/examples/standard_key/pred_log/steam1.key 
63679      INFO  main            d.u.i.k.p.i.AbstractProblemLoader Loading environment from /home/runner/work/key/key/key.core/../key.ui/examples/standard_key/pred_log/steam1.key 
63679      DEBUG main            d.u.i.k.p.i.AbstractProblemLoader Environment load took 90.9ns 
63681      INFO  main            d.u.i.k.p.i.AbstractProblemLoader Creating init config 
66091      DEBUG main            d.u.i.k.p.i.AbstractProblemLoader Init config took 2.41s 
66114      INFO  main            d.u.i.k.p.i.AbstractProblemLoader Replaying proof steam1.key 
66116      DEBUG main            d.u.i.k.p.i.IntermediateProofReplayer Proof replay took 8.1ns 
66427      INFO  main            d.u.i.k.p.r.p.TestFile    ... finished proof: closed. 
66660      INFO  main            d.u.i.k.p.i.AbstractProblemLoader Loading environment from /home/runner/work/key/key/key.core/../key.ui/examples/standard_key/pred_log/steam1.key.proof 
66665      DEBUG main            d.u.i.k.p.i.AbstractProblemLoader Environment load took 5.44ms 
66668      INFO  main            d.u.i.k.p.i.AbstractProblemLoader Creating init config 
69051      DEBUG main            d.u.i.k.p.i.AbstractProblemLoader Init config took 2.38s 
69076      INFO  main            d.u.i.k.p.i.AbstractProblemLoader Replaying proof steam1.key.proof 
69115      DEBUG main            d.u.i.k.p.i.IntermediateProofReplayer Proof replay took 32.63ms 
69117      DEBUG main            d.u.i.k.p.r.p.TestFile    ... success: reloaded. 
69118      INFO  main            d.u.i.k.p.r.p.TestFile    Now processing file /home/runner/work/key/key/key.core/../key.ui/examples/standard_key/pred_log/tptp/PUZ/PUZ001p1.key 
69118      INFO  main            d.u.i.k.p.i.AbstractProblemLoader Loading environment from /home/runner/work/key/key/key.core/../key.ui/examples/standard_key/pred_log/tptp/PUZ/PUZ001p1.key 
69119      DEBUG main            d.u.i.k.p.i.AbstractProblemLoader Environment load took 192.8ns 
69121      INFO  main            d.u.i.k.p.i.AbstractProblemLoader Creating init config 
71524      DEBUG main            d.u.i.k.p.i.AbstractProblemLoader Init config took 2.4s 
71542      INFO  main            d.u.i.k.p.i.AbstractProblemLoader Replaying proof PUZ001p1.key 
71544      DEBUG main            d.u.i.k.p.i.IntermediateProofReplayer Proof replay took 8ns 
74866      INFO  main            d.u.i.k.p.r.p.TestFile    ... finished proof: closed. 
75091      INFO  main            d.u.i.k.p.i.AbstractProblemLoader Loading environment from /home/runner/work/key/key/key.core/../key.ui/examples/standard_key/pred_log/tptp/PUZ/PUZ001p1.key.proof 
75092      DEBUG main            d.u.i.k.p.i.AbstractProblemLoader Environment load took 409.61ns 
75095      INFO  main            d.u.i.k.p.i.AbstractProblemLoader Creating init config 
77449      DEBUG main            d.u.i.k.p.i.AbstractProblemLoader Init config took 2.35s 
77466      INFO  main            d.u.i.k.p.i.AbstractProblemLoader Replaying proof PUZ001p1.key.proof 
77614      DEBUG main            d.u.i.k.p.i.IntermediateProofReplayer Proof replay took 139.25ms 
77616      DEBUG main            d.u.i.k.p.r.p.TestFile    ... success: reloaded. 
77617      INFO  main            d.u.i.k.p.r.p.TestFile    Now processing file /home/runner/work/key/key/key.core/../key.ui/examples/standard_key/pred_log/tptp/PUZ/PUZ001p1-eq.key 
77617      INFO  main            d.u.i.k.p.i.AbstractProblemLoader Loading environment from /home/runner/work/key/key/key.core/../key.ui/examples/standard_key/pred_log/tptp/PUZ/PUZ001p1-eq.key 
77617      DEBUG main            d.u.i.k.p.i.AbstractProblemLoader Environment load took 182ns 
77619      INFO  main            d.u.i.k.p.i.AbstractProblemLoader Creating init config 
79999      DEBUG main            d.u.i.k.p.i.AbstractProblemLoader Init config took 2.38s 
80015      INFO  main            d.u.i.k.p.i.AbstractProblemLoader Replaying proof PUZ001p1-eq.key 
80016      DEBUG main            d.u.i.k.p.i.IntermediateProofReplayer Proof replay took 7.4ns 
80120      INFO  main            d.u.i.k.p.r.p.TestFile    ... finished proof: closed. 
80358      INFO  main            d.u.i.k.p.i.AbstractProblemLoader Loading environment from /home/runner/work/key/key/key.core/../key.ui/examples/standard_key/pred_log/tptp/PUZ/PUZ001p1-eq.key.proof 
80359      DEBUG main            d.u.i.k.p.i.AbstractProblemLoader Environment load took 429.61ns 
80360      INFO  main            d.u.i.k.p.i.AbstractProblemLoader Creating init config 
82703      DEBUG main            d.u.i.k.p.i.AbstractProblemLoader Init config took 2.34s 
82719      INFO  main            d.u.i.k.p.i.AbstractProblemLoader Replaying proof PUZ001p1-eq.key.proof 
82735      DEBUG main            d.u.i.k.p.i.IntermediateProofReplayer Proof replay took 13.27ms 
82736      DEBUG main            d.u.i.k.p.r.p.TestFile    ... success: reloaded. 
82737      INFO  main            d.u.i.k.p.r.p.TestFile    Now processing file /home/runner/work/key/key/key.core/../key.ui/examples/standard_key/pred_log/tptp/PUZ/PUZ031p1.key 
82737      INFO  main            d.u.i.k.p.i.AbstractProblemLoader Loading environment from /home/runner/work/key/key/key.core/../key.ui/examples/standard_key/pred_log/tptp/PUZ/PUZ031p1.key 
82738      DEBUG main            d.u.i.k.p.i.AbstractProblemLoader Environment load took 181.5ns 
82739      INFO  main            d.u.i.k.p.i.AbstractProblemLoader Creating init config 
85148      DEBUG main            d.u.i.k.p.i.AbstractProblemLoader Init config took 2.41s 
85165      INFO  main            d.u.i.k.p.i.AbstractProblemLoader Replaying proof PUZ031p1.key 
85167      DEBUG main            d.u.i.k.p.i.IntermediateProofReplayer Proof replay took 7.6ns 
93203      INFO  main            d.u.i.k.p.r.p.TestFile    ... finished proof: closed. 
93436      INFO  main            d.u.i.k.p.i.AbstractProblemLoader Loading environment from /home/runner/work/key/key/key.core/../key.ui/examples/standard_key/pred_log/tptp/PUZ/PUZ031p1.key.proof 
93436      DEBUG main            d.u.i.k.p.i.AbstractProblemLoader Environment load took 411.4ns 
93438      INFO  main            d.u.i.k.p.i.AbstractProblemLoader Creating init config 
95778      DEBUG main            d.u.i.k.p.i.AbstractProblemLoader Init config took 2.34s 
95796      INFO  main            d.u.i.k.p.i.AbstractProblemLoader Replaying proof PUZ031p1.key.proof 
95873      DEBUG main            d.u.i.k.p.i.IntermediateProofReplayer Proof replay took 71.71ms 
95875      DEBUG main            d.u.i.k.p.r.p.TestFile    ... success: reloaded. 
95876      INFO  main            d.u.i.k.p.r.p.TestFile    Now processing file /home/runner/work/key/key/key.core/../key.ui/examples/standard_key/pred_log/tptp/SET/SET027p3.key 
95876      INFO  main            d.u.i.k.p.i.AbstractProblemLoader Loading environment from /home/runner/work/key/key/key.core/../key.ui/examples/standard_key/pred_log/tptp/SET/SET027p3.key 
95877      DEBUG main            d.u.i.k.p.i.AbstractProblemLoader Environment load took 212.1ns 
95878      INFO  main            d.u.i.k.p.i.AbstractProblemLoader Creating init config 
98305      DEBUG main            d.u.i.k.p.i.AbstractProblemLoader Init config took 2.43s 
98319      INFO  main            d.u.i.k.p.i.AbstractProblemLoader Replaying proof SET027p3.key 
98321      DEBUG main            d.u.i.k.p.i.IntermediateProofReplayer Proof replay took 9.1ns 
98423      INFO  main            d.u.i.k.p.r.p.TestFile    ... finished proof: closed. 
98674      INFO  main            d.u.i.k.p.i.AbstractProblemLoader Loading environment from /home/runner/work/key/key/key.core/../key.ui/examples/standard_key/pred_log/tptp/SET/SET027p3.key.proof 
98675      DEBUG main            d.u.i.k.p.i.AbstractProblemLoader Environment load took 150.3ns 
98676      INFO  main            d.u.i.k.p.i.AbstractProblemLoader Creating init config 
100989     DEBUG main            d.u.i.k.p.i.AbstractProblemLoader Init config took 2.31s 
101005     INFO  main            d.u.i.k.p.i.AbstractProblemLoader Replaying proof SET027p3.key.proof 
101016     DEBUG main            d.u.i.k.p.i.IntermediateProofReplayer Proof replay took 6.78ms 
101017     DEBUG main            d.u.i.k.p.r.p.TestFile    ... success: reloaded. 
101018     INFO  main            d.u.i.k.p.r.p.TestFile    Now processing file /home/runner/work/key/key/key.core/../key.ui/examples/standard_key/pred_log/tptp/SET/SET043p1.key 
101018     INFO  main            d.u.i.k.p.i.AbstractProblemLoader Loading environment from /home/runner/work/key/key/key.core/../key.ui/examples/standard_key/pred_log/tptp/SET/SET043p1.key 
101019     DEBUG main            d.u.i.k.p.i.AbstractProblemLoader Environment load took 204.3ns 
101020     INFO  main            d.u.i.k.p.i.AbstractProblemLoader Creating init config 
103427     DEBUG main            d.u.i.k.p.i.AbstractProblemLoader Init config took 2.41s 
103441     INFO  main            d.u.i.k.p.i.AbstractProblemLoader Replaying proof SET043p1.key 
103443     DEBUG main            d.u.i.k.p.i.IntermediateProofReplayer Proof replay took 8.5ns 
103545     INFO  main            d.u.i.k.p.r.p.TestFile    ... finished proof: closed. 
103773     INFO  main            d.u.i.k.p.i.AbstractProblemLoader Loading environment from /home/runner/work/key/key/key.core/../key.ui/examples/standard_key/pred_log/tptp/SET/SET043p1.key.proof 
103774     DEBUG main            d.u.i.k.p.i.AbstractProblemLoader Environment load took 254.6ns 
103775     INFO  main            d.u.i.k.p.i.AbstractProblemLoader Creating init config 
106124     DEBUG main            d.u.i.k.p.i.AbstractProblemLoader Init config took 2.35s 
106152     INFO  main            d.u.i.k.p.i.AbstractProblemLoader Replaying proof SET043p1.key.proof 
106156     DEBUG main            d.u.i.k.p.i.IntermediateProofReplayer Proof replay took 1.47ms 
106161     DEBUG main            d.u.i.k.p.r.p.TestFile    ... success: reloaded. 
106163     INFO  main            d.u.i.k.p.r.p.TestFile    Now processing file /home/runner/work/key/key/key.core/../key.ui/examples/standard_key/pred_log/tptp/SET/SET045p1.key 
106163     INFO  main            d.u.i.k.p.i.AbstractProblemLoader Loading environment from /home/runner/work/key/key/key.core/../key.ui/examples/standard_key/pred_log/tptp/SET/SET045p1.key 
106169     DEBUG main            d.u.i.k.p.i.AbstractProblemLoader Environment load took 5.7ms 
106170     INFO  main            d.u.i.k.p.i.AbstractProblemLoader Creating init config 
108590     DEBUG main            d.u.i.k.p.i.AbstractProblemLoader Init config took 2.42s 
108605     INFO  main            d.u.i.k.p.i.AbstractProblemLoader Replaying proof SET045p1.key 
108607     DEBUG main            d.u.i.k.p.i.IntermediateProofReplayer Proof replay took 9.1ns 
108710     INFO  main            d.u.i.k.p.r.p.TestFile    ... finished proof: closed. 
108944     INFO  main            d.u.i.k.p.i.AbstractProblemLoader Loading environment from /home/runner/work/key/key/key.core/../key.ui/examples/standard_key/pred_log/tptp/SET/SET045p1.key.proof 
108944     DEBUG main            d.u.i.k.p.i.AbstractProblemLoader Environment load took 123.2ns 
108945     INFO  main            d.u.i.k.p.i.AbstractProblemLoader Creating init config 
111273     DEBUG main            d.u.i.k.p.i.AbstractProblemLoader Init config took 2.33s 
111289     INFO  main            d.u.i.k.p.i.AbstractProblemLoader Replaying proof SET045p1.key.proof 
111295     DEBUG main            d.u.i.k.p.i.IntermediateProofReplayer Proof replay took 4.72ms 
111296     DEBUG main            d.u.i.k.p.r.p.TestFile    ... success: reloaded. 
111297     INFO  main            d.u.i.k.p.r.p.TestFile    Now processing file /home/runner/work/key/key/key.core/../key.ui/examples/standard_key/pred_log/tptp/SET/SET062p3.key 
111297     INFO  main            d.u.i.k.p.i.AbstractProblemLoader Loading environment from /home/runner/work/key/key/key.core/../key.ui/examples/standard_key/pred_log/tptp/SET/SET062p3.key 
111297     DEBUG main            d.u.i.k.p.i.AbstractProblemLoader Environment load took 73.4ns 
111298     INFO  main            d.u.i.k.p.i.AbstractProblemLoader Creating init config 
113710     DEBUG main            d.u.i.k.p.i.AbstractProblemLoader Init config took 2.41s 
113730     INFO  main            d.u.i.k.p.i.AbstractProblemLoader Replaying proof SET062p3.key 
113733     DEBUG main            d.u.i.k.p.i.IntermediateProofReplayer Proof replay took 9.3ns 
113836     INFO  main            d.u.i.k.p.r.p.TestFile    ... finished proof: closed. 
114075     INFO  main            d.u.i.k.p.i.AbstractProblemLoader Loading environment from /home/runner/work/key/key/key.core/../key.ui/examples/standard_key/pred_log/tptp/SET/SET062p3.key.proof 
114075     DEBUG main            d.u.i.k.p.i.AbstractProblemLoader Environment load took 124.4ns 
114076     INFO  main            d.u.i.k.p.i.AbstractProblemLoader Creating init config 
116385     DEBUG main            d.u.i.k.p.i.AbstractProblemLoader Init config took 2.31s 
116399     INFO  main            d.u.i.k.p.i.AbstractProblemLoader Replaying proof SET062p3.key.proof 
116408     DEBUG main            d.u.i.k.p.i.IntermediateProofReplayer Proof replay took 6.26ms 
116409     DEBUG main            d.u.i.k.p.r.p.TestFile    ... success: reloaded. 
116410     INFO  main            d.u.i.k.p.r.p.TestFile    Now processing file /home/runner/work/key/key/key.core/../key.ui/examples/standard_key/pred_log/tptp/SET/SET063p3.key 
116411     INFO  main            d.u.i.k.p.i.AbstractProblemLoader Loading environment from /home/runner/work/key/key/key.core/../key.ui/examples/standard_key/pred_log/tptp/SET/SET063p3.key 
116411     DEBUG main            d.u.i.k.p.i.AbstractProblemLoader Environment load took 196.7ns 
116412     INFO  main            d.u.i.k.p.i.AbstractProblemLoader Creating init config 
118808     DEBUG main            d.u.i.k.p.i.AbstractProblemLoader Init config took 2.4s 
118823     INFO  main            d.u.i.k.p.i.AbstractProblemLoader Replaying proof SET063p3.key 
118825     DEBUG main            d.u.i.k.p.i.IntermediateProofReplayer Proof replay took 8.9ns 
118930     INFO  main            d.u.i.k.p.r.p.TestFile    ... finished proof: closed. 
119234     INFO  main            d.u.i.k.p.i.AbstractProblemLoader Loading environment from /home/runner/work/key/key/key.core/../key.ui/examples/standard_key/pred_log/tptp/SET/SET063p3.key.proof 
119235     DEBUG main            d.u.i.k.p.i.AbstractProblemLoader Environment load took 142.5ns 
119236     INFO  main            d.u.i.k.p.i.AbstractProblemLoader Creating init config 
121576     DEBUG main            d.u.i.k.p.i.AbstractProblemLoader Init config took 2.34s 
121591     INFO  main            d.u.i.k.p.i.AbstractProblemLoader Replaying proof SET063p3.key.proof 
121598     DEBUG main            d.u.i.k.p.i.IntermediateProofReplayer Proof replay took 5.41ms 
121599     DEBUG main            d.u.i.k.p.r.p.TestFile    ... success: reloaded. 
121600     INFO  main            d.u.i.k.p.r.p.TestFile    Now processing file /home/runner/work/key/key/key.core/../key.ui/examples/standard_key/pred_log/tptp/SYN/SYN036p2.key 
121600     INFO  main            d.u.i.k.p.i.AbstractProblemLoader Loading environment from /home/runner/work/key/key/key.core/../key.ui/examples/standard_key/pred_log/tptp/SYN/SYN036p2.key 
121600     DEBUG main            d.u.i.k.p.i.AbstractProblemLoader Environment load took 93.9ns 
121601     INFO  main            d.u.i.k.p.i.AbstractProblemLoader Creating init config 
123995     DEBUG main            d.u.i.k.p.i.AbstractProblemLoader Init config took 2.39s 
124010     INFO  main            d.u.i.k.p.i.AbstractProblemLoader Replaying proof SYN036p2.key 
124012     DEBUG main            d.u.i.k.p.i.IntermediateProofReplayer Proof replay took 7.7ns 
124317     INFO  main            d.u.i.k.p.r.p.TestFile    ... finished proof: closed. 
124583     INFO  main            d.u.i.k.p.i.AbstractProblemLoader Loading environment from /home/runner/work/key/key/key.core/../key.ui/examples/standard_key/pred_log/tptp/SYN/SYN036p2.key.proof 
124584     DEBUG main            d.u.i.k.p.i.AbstractProblemLoader Environment load took 508.71ns 
124585     INFO  main            d.u.i.k.p.i.AbstractProblemLoader Creating init config 
126884     DEBUG main            d.u.i.k.p.i.AbstractProblemLoader Init config took 2.3s 
126899     INFO  main            d.u.i.k.p.i.AbstractProblemLoader Replaying proof SYN036p2.key.proof 
126969     DEBUG main            d.u.i.k.p.i.IntermediateProofReplayer Proof replay took 62.21ms 
126970     DEBUG main            d.u.i.k.p.r.p.TestFile    ... success: reloaded. 
126971     INFO  main            d.u.i.k.p.r.p.TestFile    Now processing file /home/runner/work/key/key/key.core/../key.ui/examples/standard_key/pred_log/tptp/SYN/SYN550p1.key 
126971     INFO  main            d.u.i.k.p.i.AbstractProblemLoader Loading environment from /home/runner/work/key/key/key.core/../key.ui/examples/standard_key/pred_log/tptp/SYN/SYN550p1.key 
126971     DEBUG main            d.u.i.k.p.i.AbstractProblemLoader Environment load took 76.4ns 
126972     INFO  main            d.u.i.k.p.i.AbstractProblemLoader Creating init config 
129324     DEBUG main            d.u.i.k.p.i.AbstractProblemLoader Init config took 2.35s 
129340     INFO  main            d.u.i.k.p.i.AbstractProblemLoader Replaying proof SYN550p1.key 
129341     DEBUG main            d.u.i.k.p.i.IntermediateProofReplayer Proof replay took 9.5ns 
132182     INFO  main            d.u.i.k.p.r.p.TestFile    ... finished proof: closed. 
132511     INFO  main            d.u.i.k.p.i.AbstractProblemLoader Loading environment from /home/runner/work/key/key/key.core/../key.ui/examples/standard_key/pred_log/tptp/SYN/SYN550p1.key.proof 
132511     DEBUG main            d.u.i.k.p.i.AbstractProblemLoader Environment load took 404.51ns 
132513     INFO  main            d.u.i.k.p.i.AbstractProblemLoader Creating init config 
134825     DEBUG main            d.u.i.k.p.i.AbstractProblemLoader Init config took 2.31s 
134839     INFO  main            d.u.i.k.p.i.AbstractProblemLoader Replaying proof SYN550p1.key.proof 
134909     DEBUG main            d.u.i.k.p.i.IntermediateProofReplayer Proof replay took 63.7ms 
134910     DEBUG main            d.u.i.k.p.r.p.TestFile    ... success: reloaded. 
134911     INFO  main            d.u.i.k.p.r.p.TestFile    Now processing file /home/runner/work/key/key/key.core/../key.ui/examples/standard_key/prop_log/reallySimple.key 
134911     INFO  main            d.u.i.k.p.i.AbstractProblemLoader Loading environment from /home/runner/work/key/key/key.core/../key.ui/examples/standard_key/prop_log/reallySimple.key 
134911     DEBUG main            d.u.i.k.p.i.AbstractProblemLoader Environment load took 77.7ns 
134912     INFO  main            d.u.i.k.p.i.AbstractProblemLoader Creating init config 
137304     DEBUG main            d.u.i.k.p.i.AbstractProblemLoader Init config took 2.39s 
137319     INFO  main            d.u.i.k.p.i.AbstractProblemLoader Replaying proof reallySimple.key 
137320     DEBUG main            d.u.i.k.p.i.IntermediateProofReplayer Proof replay took 9.3ns 
137423     INFO  main            d.u.i.k.p.r.p.TestFile    ... finished proof: open goal(s) 
137701     INFO  main            d.u.i.k.p.r.p.TestFile    Now processing file /home/runner/work/key/key/key.core/../key.ui/examples/standard_key/pred_log/sameName1.key 
137701     INFO  main            d.u.i.k.p.i.AbstractProblemLoader Loading environment from /home/runner/work/key/key/key.core/../key.ui/examples/standard_key/pred_log/sameName1.key 
137701     DEBUG main            d.u.i.k.p.i.AbstractProblemLoader Environment load took 62.6ns 
137702     INFO  main            d.u.i.k.p.i.AbstractProblemLoader Creating init config 
140012     DEBUG main            d.u.i.k.p.i.AbstractProblemLoader Init config took 2.31s 
140026     INFO  main            d.u.i.k.p.i.AbstractProblemLoader Replaying proof sameName1.key 
140028     DEBUG main            d.u.i.k.p.i.IntermediateProofReplayer Proof replay took 6.5ns 
140130     INFO  main            d.u.i.k.p.r.p.TestFile    ... finished proof: open goal(s) 
140386     INFO  main            d.u.i.k.p.r.p.TestFile    Now processing file /home/runner/work/key/key/key.core/../key.ui/examples/standard_key/pred_log/jbyteIfEx.key 
140386     INFO  main            d.u.i.k.p.i.AbstractProblemLoader Loading environment from /home/runner/work/key/key/key.core/../key.ui/examples/standard_key/pred_log/jbyteIfEx.key 
140386     DEBUG main            d.u.i.k.p.i.AbstractProblemLoader Environment load took 72.3ns 
140387     INFO  main            d.u.i.k.p.i.AbstractProblemLoader Creating init config 
142717     DEBUG main            d.u.i.k.p.i.AbstractProblemLoader Init config took 2.33s 
142731     INFO  main            d.u.i.k.p.i.AbstractProblemLoader Replaying proof jbyteIfEx.key 
142732     DEBUG main            d.u.i.k.p.i.IntermediateProofReplayer Proof replay took 10.2ns 
142834     INFO  main            d.u.i.k.p.r.p.TestFile    ... finished proof: closed. 
143094     INFO  main            d.u.i.k.p.i.AbstractProblemLoader Loading environment from /home/runner/work/key/key/key.core/../key.ui/examples/standard_key/pred_log/jbyteIfEx.key.proof 
143094     DEBUG main            d.u.i.k.p.i.AbstractProblemLoader Environment load took 131.5ns 
143095     INFO  main            d.u.i.k.p.i.AbstractProblemLoader Creating init config 
145392     DEBUG main            d.u.i.k.p.i.AbstractProblemLoader Init config took 2.3s 
145406     INFO  main            d.u.i.k.p.i.AbstractProblemLoader Replaying proof jbyteIfEx.key.proof 
145414     DEBUG main            d.u.i.k.p.i.IntermediateProofReplayer Proof replay took 5.85ms 
145415     DEBUG main            d.u.i.k.p.r.p.TestFile    ... success: reloaded. 
145416     INFO  main            d.u.i.k.p.r.p.TestFile    Now processing file /home/runner/work/key/key/key.core/../key.ui/examples/standard_key/prop_log/allClausesLength4.key 
145416     INFO  main            d.u.i.k.p.i.AbstractProblemLoader Loading environment from /home/runner/work/key/key/key.core/../key.ui/examples/standard_key/prop_log/allClausesLength4.key 
145416     DEBUG main            d.u.i.k.p.i.AbstractProblemLoader Environment load took 169.5ns 
145417     INFO  main            d.u.i.k.p.i.AbstractProblemLoader Creating init config 
147828     DEBUG main            d.u.i.k.p.i.AbstractProblemLoader Init config took 2.41s 
147842     INFO  main            d.u.i.k.p.i.AbstractProblemLoader Replaying proof allClausesLength4.key 
147844     DEBUG main            d.u.i.k.p.i.IntermediateProofReplayer Proof replay took 7.1ns 
147947     INFO  main            d.u.i.k.p.r.p.TestFile    ... finished proof: closed. 
148238     INFO  main            d.u.i.k.p.i.AbstractProblemLoader Loading environment from /home/runner/work/key/key/key.core/../key.ui/examples/standard_key/prop_log/allClausesLength4.key.proof 
148239     DEBUG main            d.u.i.k.p.i.AbstractProblemLoader Environment load took 147ns 
148240     INFO  main            d.u.i.k.p.i.AbstractProblemLoader Creating init config 
150548     DEBUG main            d.u.i.k.p.i.AbstractProblemLoader Init config took 2.31s 
150562     INFO  main            d.u.i.k.p.i.AbstractProblemLoader Replaying proof allClausesLength4.key.proof 
150575     DEBUG main            d.u.i.k.p.i.IntermediateProofReplayer Proof replay took 10.03ms 
150576     DEBUG main            d.u.i.k.p.r.p.TestFile    ... success: reloaded. 
150576     INFO  main            d.u.i.k.p.r.p.TestFile    Now processing file /home/runner/work/key/key/key.core/../key.ui/examples/standard_key/prop_log/allClausesLength5.key 
150577     INFO  main            d.u.i.k.p.i.AbstractProblemLoader Loading environment from /home/runner/work/key/key/key.core/../key.ui/examples/standard_key/prop_log/allClausesLength5.key 
150577     DEBUG main            d.u.i.k.p.i.AbstractProblemLoader Environment load took 82.1ns 
150578     INFO  main            d.u.i.k.p.i.AbstractProblemLoader Creating init config 
152934     DEBUG main            d.u.i.k.p.i.AbstractProblemLoader Init config took 2.36s 
152950     INFO  main            d.u.i.k.p.i.AbstractProblemLoader Replaying proof allClausesLength5.key 
152951     DEBUG main            d.u.i.k.p.i.IntermediateProofReplayer Proof replay took 8.6ns 
153255     INFO  main            d.u.i.k.p.r.p.TestFile    ... finished proof: closed. 
153541     INFO  main            d.u.i.k.p.i.AbstractProblemLoader Loading environment from /home/runner/work/key/key/key.core/../key.ui/examples/standard_key/prop_log/allClausesLength5.key.proof 
153544     DEBUG main            d.u.i.k.p.i.AbstractProblemLoader Environment load took 2.97ms 
153545     INFO  main            d.u.i.k.p.i.AbstractProblemLoader Creating init config 
155857     DEBUG main            d.u.i.k.p.i.AbstractProblemLoader Init config took 2.31s 
155872     INFO  main            d.u.i.k.p.i.AbstractProblemLoader Replaying proof allClausesLength5.key.proof 
155904     DEBUG main            d.u.i.k.p.i.IntermediateProofReplayer Proof replay took 27.05ms 
155906     DEBUG main            d.u.i.k.p.r.p.TestFile    ... success: reloaded. 
155906     INFO  main            d.u.i.k.p.r.p.TestFile    Now processing file /home/runner/work/key/key/key.core/../key.ui/examples/standard_key/prop_log/doubleNeg.key 
155906     INFO  main            d.u.i.k.p.i.AbstractProblemLoader Loading environment from /home/runner/work/key/key/key.core/../key.ui/examples/standard_key/prop_log/doubleNeg.key 
155906     DEBUG main            d.u.i.k.p.i.AbstractProblemLoader Environment load took 84.2ns 
155907     INFO  main            d.u.i.k.p.i.AbstractProblemLoader Creating init config 
158292     DEBUG main            d.u.i.k.p.i.AbstractProblemLoader Init config took 2.38s 
158306     INFO  main            d.u.i.k.p.i.AbstractProblemLoader Replaying proof doubleNeg.key 
158307     DEBUG main            d.u.i.k.p.i.IntermediateProofReplayer Proof replay took 6.8ns 
158410     INFO  main            d.u.i.k.p.r.p.TestFile    ... finished proof: closed. 
158698     INFO  main            d.u.i.k.p.i.AbstractProblemLoader Loading environment from /home/runner/work/key/key/key.core/../key.ui/examples/standard_key/prop_log/doubleNeg.key.proof 
158699     DEBUG main            d.u.i.k.p.i.AbstractProblemLoader Environment load took 115.6ns 
158700     INFO  main            d.u.i.k.p.i.AbstractProblemLoader Creating init config 
161003     DEBUG main            d.u.i.k.p.i.AbstractProblemLoader Init config took 2.3s 
161018     INFO  main            d.u.i.k.p.i.AbstractProblemLoader Replaying proof doubleNeg.key.proof 
161019     DEBUG main            d.u.i.k.p.i.IntermediateProofReplayer Proof replay took 359.61ns 
161020     DEBUG main            d.u.i.k.p.r.p.TestFile    ... success: reloaded. 
161021     INFO  main            d.u.i.k.p.r.p.TestFile    Now processing file /home/runner/work/key/key/key.core/../key.ui/examples/standard_key/prop_log/liarsville.key 
161021     INFO  main            d.u.i.k.p.i.AbstractProblemLoader Loading environment from /home/runner/work/key/key/key.core/../key.ui/examples/standard_key/prop_log/liarsville.key 
161021     DEBUG main            d.u.i.k.p.i.AbstractProblemLoader Environment load took 164.3ns 
161023     INFO  main            d.u.i.k.p.i.AbstractProblemLoader Creating init config 
163389     DEBUG main            d.u.i.k.p.i.AbstractProblemLoader Init config took 2.37s 
163403     INFO  main            d.u.i.k.p.i.AbstractProblemLoader Replaying proof liarsville.key 
163404     DEBUG main            d.u.i.k.p.i.IntermediateProofReplayer Proof replay took 9.2ns 
163514     INFO  main            d.u.i.k.p.r.p.TestFile    ... finished proof: closed. 
163801     INFO  main            d.u.i.k.p.i.AbstractProblemLoader Loading environment from /home/runner/work/key/key/key.core/../key.ui/examples/standard_key/prop_log/liarsville.key.proof 
163801     DEBUG main            d.u.i.k.p.i.AbstractProblemLoader Environment load took 120.4ns 
163802     INFO  main            d.u.i.k.p.i.AbstractProblemLoader Creating init config 
166094     DEBUG main            d.u.i.k.p.i.AbstractProblemLoader Init config took 2.29s 
166108     INFO  main            d.u.i.k.p.i.AbstractProblemLoader Replaying proof liarsville.key.proof 
166111     DEBUG main            d.u.i.k.p.i.IntermediateProofReplayer Proof replay took 1.04ms 
166112     DEBUG main            d.u.i.k.p.r.p.TestFile    ... success: reloaded. 
166112     INFO  main            d.u.i.k.p.r.p.TestFile    Now processing file /home/runner/work/key/key/key.core/../key.ui/examples/standard_key/prop_log/simplest.key 
166112     INFO  main            d.u.i.k.p.i.AbstractProblemLoader Loading environment from /home/runner/work/key/key/key.core/../key.ui/examples/standard_key/prop_log/simplest.key 
166112     DEBUG main            d.u.i.k.p.i.AbstractProblemLoader Environment load took 82.8ns 
166113     INFO  main            d.u.i.k.p.i.AbstractProblemLoader Creating init config 
168444     DEBUG main            d.u.i.k.p.i.AbstractProblemLoader Init config took 2.33s 
168458     INFO  main            d.u.i.k.p.i.AbstractProblemLoader Replaying proof simplest.key 
168459     DEBUG main            d.u.i.k.p.i.IntermediateProofReplayer Proof replay took 8.9ns 
168561     INFO  main            d.u.i.k.p.r.p.TestFile    ... finished proof: closed. 
168846     INFO  main            d.u.i.k.p.i.AbstractProblemLoader Loading environment from /home/runner/work/key/key/key.core/../key.ui/examples/standard_key/prop_log/simplest.key.proof 
168846     DEBUG main            d.u.i.k.p.i.AbstractProblemLoader Environment load took 111.1ns 
168847     INFO  main            d.u.i.k.p.i.AbstractProblemLoader Creating init config 
171136     DEBUG main            d.u.i.k.p.i.AbstractProblemLoader Init config took 2.29s 
171150     INFO  main            d.u.i.k.p.i.AbstractProblemLoader Replaying proof simplest.key.proof 
171151     DEBUG main            d.u.i.k.p.i.IntermediateProofReplayer Proof replay took 93.9ns 
171152     DEBUG main            d.u.i.k.p.r.p.TestFile    ... success: reloaded. 
171152     INFO  main            d.u.i.k.p.r.p.TestFile    Now processing file /home/runner/work/key/key/key.core/../key.ui/examples/standard_key/prop_log/contraposition.key 
171152     INFO  main            d.u.i.k.p.i.AbstractProblemLoader Loading environment from /home/runner/work/key/key/key.core/../key.ui/examples/standard_key/prop_log/contraposition.key 
171152     DEBUG main            d.u.i.k.p.i.AbstractProblemLoader Environment load took 73.3ns 
171153     INFO  main            d.u.i.k.p.i.AbstractProblemLoader Creating init config 
173484     DEBUG main            d.u.i.k.p.i.AbstractProblemLoader Init config took 2.33s 
173497     INFO  main            d.u.i.k.p.i.AbstractProblemLoader Replaying proof contraposition.key 
173499     DEBUG main            d.u.i.k.p.i.IntermediateProofReplayer Proof replay took 6.9ns 
173601     INFO  main            d.u.i.k.p.r.p.TestFile    ... finished proof: closed. 
173897     INFO  main            d.u.i.k.p.i.AbstractProblemLoader Loading environment from /home/runner/work/key/key/key.core/../key.ui/examples/standard_key/prop_log/contraposition.key.proof 
173897     DEBUG main            d.u.i.k.p.i.AbstractProblemLoader Environment load took 148ns 
173898     INFO  main            d.u.i.k.p.i.AbstractProblemLoader Creating init config 
176191     DEBUG main            d.u.i.k.p.i.AbstractProblemLoader Init config took 2.29s 
176205     INFO  main            d.u.i.k.p.i.AbstractProblemLoader Replaying proof contraposition.key.proof 
176210     DEBUG main            d.u.i.k.p.i.IntermediateProofReplayer Proof replay took 590.31ns 
176211     DEBUG main            d.u.i.k.p.r.p.TestFile    ... success: reloaded. 
176212     INFO  main            d.u.i.k.p.r.p.TestFile    Now processing file /home/runner/work/key/key/key.core/../key.ui/examples/standard_key/quantifiers/elimination0.key 
176212     INFO  main            d.u.i.k.p.i.AbstractProblemLoader Loading environment from /home/runner/work/key/key/key.core/../key.ui/examples/standard_key/quantifiers/elimination0.key 
176212     DEBUG main            d.u.i.k.p.i.AbstractProblemLoader Environment load took 58ns 
176213     INFO  main            d.u.i.k.p.i.AbstractProblemLoader Creating init config 
178537     DEBUG main            d.u.i.k.p.i.AbstractProblemLoader Init config took 2.32s 
178551     INFO  main            d.u.i.k.p.i.AbstractProblemLoader Replaying proof elimination0.key 
178553     DEBUG main            d.u.i.k.p.i.IntermediateProofReplayer Proof replay took 7.8ns 
178655     INFO  main            d.u.i.k.p.r.p.TestFile    ... finished proof: closed. 
178958     INFO  main            d.u.i.k.p.i.AbstractProblemLoader Loading environment from /home/runner/work/key/key/key.core/../key.ui/examples/standard_key/quantifiers/elimination0.key.proof 
178958     DEBUG main            d.u.i.k.p.i.AbstractProblemLoader Environment load took 112.2ns 
178959     INFO  main            d.u.i.k.p.i.AbstractProblemLoader Creating init config 
181248     DEBUG main            d.u.i.k.p.i.AbstractProblemLoader Init config took 2.29s 
181261     INFO  main            d.u.i.k.p.i.AbstractProblemLoader Replaying proof elimination0.key.proof 
181264     DEBUG main            d.u.i.k.p.i.IntermediateProofReplayer Proof replay took 1.19ms 
181264     DEBUG main            d.u.i.k.p.r.p.TestFile    ... success: reloaded. 
181265     INFO  main            d.u.i.k.p.r.p.TestFile    Now processing file /home/runner/work/key/key/key.core/../key.ui/examples/standard_key/quantifiers/heuristic_PUZ001p1-eq.key 
181266     INFO  main            d.u.i.k.p.i.AbstractProblemLoader Loading environment from /home/runner/work/key/key/key.core/../key.ui/examples/standard_key/quantifiers/heuristic_PUZ001p1-eq.key 
181266     DEBUG main            d.u.i.k.p.i.AbstractProblemLoader Environment load took 102.9ns 
181267     INFO  main            d.u.i.k.p.i.AbstractProblemLoader Creating init config 
183608     DEBUG main            d.u.i.k.p.i.AbstractProblemLoader Init config took 2.34s 
183623     INFO  main            d.u.i.k.p.i.AbstractProblemLoader Replaying proof heuristic_PUZ001p1-eq.key 
183625     DEBUG main            d.u.i.k.p.i.IntermediateProofReplayer Proof replay took 8.4ns 
183727     INFO  main            d.u.i.k.p.r.p.TestFile    ... finished proof: closed. 
184041     INFO  main            d.u.i.k.p.i.AbstractProblemLoader Loading environment from /home/runner/work/key/key/key.core/../key.ui/examples/standard_key/quantifiers/heuristic_PUZ001p1-eq.key.proof 
184041     DEBUG main            d.u.i.k.p.i.AbstractProblemLoader Environment load took 560.08ns 
184043     INFO  main            d.u.i.k.p.i.AbstractProblemLoader Creating init config 
186342     DEBUG main            d.u.i.k.p.i.AbstractProblemLoader Init config took 2.3s 
186356     INFO  main            d.u.i.k.p.i.AbstractProblemLoader Replaying proof heuristic_PUZ001p1-eq.key.proof 
186367     DEBUG main            d.u.i.k.p.i.IntermediateProofReplayer Proof replay took 8.8ms 
186368     DEBUG main            d.u.i.k.p.r.p.TestFile    ... success: reloaded. 
186369     INFO  main            d.u.i.k.p.r.p.TestFile    Now processing file /home/runner/work/key/key/key.core/../key.ui/examples/standard_key/quantifiers/heuristic_PUZ001p1.key 
186370     INFO  main            d.u.i.k.p.i.AbstractProblemLoader Loading environment from /home/runner/work/key/key/key.core/../key.ui/examples/standard_key/quantifiers/heuristic_PUZ001p1.key 
186370     DEBUG main            d.u.i.k.p.i.AbstractProblemLoader Environment load took 84.4ns 
186371     INFO  main            d.u.i.k.p.i.AbstractProblemLoader Creating init config 
188698     DEBUG main            d.u.i.k.p.i.AbstractProblemLoader Init config took 2.33s 
188735     INFO  main            d.u.i.k.p.i.AbstractProblemLoader Replaying proof heuristic_PUZ001p1.key 
188737     DEBUG main            d.u.i.k.p.i.IntermediateProofReplayer Proof replay took 8.8ns 
190143     INFO  main            d.u.i.k.p.r.p.TestFile    ... finished proof: closed. 
190468     INFO  main            d.u.i.k.p.i.AbstractProblemLoader Loading environment from /home/runner/work/key/key/key.core/../key.ui/examples/standard_key/quantifiers/heuristic_PUZ001p1.key.proof 
190468     DEBUG main            d.u.i.k.p.i.AbstractProblemLoader Environment load took 391.81ns 
190470     INFO  main            d.u.i.k.p.i.AbstractProblemLoader Creating init config 
192760     DEBUG main            d.u.i.k.p.i.AbstractProblemLoader Init config took 2.29s 
192778     INFO  main            d.u.i.k.p.i.AbstractProblemLoader Replaying proof heuristic_PUZ001p1.key.proof 
192824     DEBUG main            d.u.i.k.p.i.IntermediateProofReplayer Proof replay took 41.8ms 
192825     DEBUG main            d.u.i.k.p.r.p.TestFile    ... success: reloaded. 
192826     INFO  main            d.u.i.k.p.r.p.TestFile    Now processing file /home/runner/work/key/key/key.core/../key.ui/examples/standard_key/quantifiers/heuristic_PUZ031p1.key 
192827     INFO  main            d.u.i.k.p.i.AbstractProblemLoader Loading environment from /home/runner/work/key/key/key.core/../key.ui/examples/standard_key/quantifiers/heuristic_PUZ031p1.key 
192827     DEBUG main            d.u.i.k.p.i.AbstractProblemLoader Environment load took 87.3ns 
192828     INFO  main            d.u.i.k.p.i.AbstractProblemLoader Creating init config 
195223     DEBUG main            d.u.i.k.p.i.AbstractProblemLoader Init config took 2.4s 
195238     INFO  main            d.u.i.k.p.i.AbstractProblemLoader Replaying proof heuristic_PUZ031p1.key 
195240     DEBUG main            d.u.i.k.p.i.IntermediateProofReplayer Proof replay took 8ns 
199780     INFO  main            d.u.i.k.p.r.p.TestFile    ... finished proof: closed. 
200140     INFO  main            d.u.i.k.p.i.AbstractProblemLoader Loading environment from /home/runner/work/key/key/key.core/../key.ui/examples/standard_key/quantifiers/heuristic_PUZ031p1.key.proof 
200141     DEBUG main            d.u.i.k.p.i.AbstractProblemLoader Environment load took 511.21ns 
200143     INFO  main            d.u.i.k.p.i.AbstractProblemLoader Creating init config 
202431     DEBUG main            d.u.i.k.p.i.AbstractProblemLoader Init config took 2.29s 
202446     INFO  main            d.u.i.k.p.i.AbstractProblemLoader Replaying proof heuristic_PUZ031p1.key.proof 
202498     DEBUG main            d.u.i.k.p.i.IntermediateProofReplayer Proof replay took 47.37ms 
202499     DEBUG main            d.u.i.k.p.r.p.TestFile    ... success: reloaded. 
202500     INFO  main            d.u.i.k.p.r.p.TestFile    Now processing file /home/runner/work/key/key/key.core/../key.ui/examples/standard_key/quantifiers/heuristic_SYN036p2.key 
202500     INFO  main            d.u.i.k.p.i.AbstractProblemLoader Loading environment from /home/runner/work/key/key/key.core/../key.ui/examples/standard_key/quantifiers/heuristic_SYN036p2.key 
202500     DEBUG main            d.u.i.k.p.i.AbstractProblemLoader Environment load took 118.3ns 
202501     INFO  main            d.u.i.k.p.i.AbstractProblemLoader Creating init config 
204844     DEBUG main            d.u.i.k.p.i.AbstractProblemLoader Init config took 2.34s 
204857     INFO  main            d.u.i.k.p.i.AbstractProblemLoader Replaying proof heuristic_SYN036p2.key 
204859     DEBUG main            d.u.i.k.p.i.IntermediateProofReplayer Proof replay took 7.1ns 
205063     INFO  main            d.u.i.k.p.r.p.TestFile    ... finished proof: closed. 
205404     INFO  main            d.u.i.k.p.i.AbstractProblemLoader Loading environment from /home/runner/work/key/key/key.core/../key.ui/examples/standard_key/quantifiers/heuristic_SYN036p2.key.proof 
205404     DEBUG main            d.u.i.k.p.i.AbstractProblemLoader Environment load took 179.2ns 
205406     INFO  main            d.u.i.k.p.i.AbstractProblemLoader Creating init config 
207679     DEBUG main            d.u.i.k.p.i.AbstractProblemLoader Init config took 2.27s 
207692     INFO  main            d.u.i.k.p.i.AbstractProblemLoader Replaying proof heuristic_SYN036p2.key.proof 
207760     DEBUG main            d.u.i.k.p.i.IntermediateProofReplayer Proof replay took 60.21ms 
207761     DEBUG main            d.u.i.k.p.r.p.TestFile    ... success: reloaded. 
207762     INFO  main            d.u.i.k.p.r.p.TestFile    Now processing file /home/runner/work/key/key/key.core/../key.ui/examples/standard_key/quantifiers/injectivity.key 
207762     INFO  main            d.u.i.k.p.i.AbstractProblemLoader Loading environment from /home/runner/work/key/key/key.core/../key.ui/examples/standard_key/quantifiers/injectivity.key 
207762     DEBUG main            d.u.i.k.p.i.AbstractProblemLoader Environment load took 103.4ns 
207763     INFO  main            d.u.i.k.p.i.AbstractProblemLoader Creating init config 
210120     DEBUG main            d.u.i.k.p.i.AbstractProblemLoader Init config took 2.36s 
210133     INFO  main            d.u.i.k.p.i.AbstractProblemLoader Replaying proof injectivity.key 
210135     DEBUG main            d.u.i.k.p.i.IntermediateProofReplayer Proof replay took 6.8ns 
210237     INFO  main            d.u.i.k.p.r.p.TestFile    ... finished proof: closed. 
210566     INFO  main            d.u.i.k.p.i.AbstractProblemLoader Loading environment from /home/runner/work/key/key/key.core/../key.ui/examples/standard_key/quantifiers/injectivity.key.proof 
210566     DEBUG main            d.u.i.k.p.i.AbstractProblemLoader Environment load took 102.3ns 
210569     INFO  main            d.u.i.k.p.i.AbstractProblemLoader Creating init config 
212835     DEBUG main            d.u.i.k.p.i.AbstractProblemLoader Init config took 2.27s 
212861     INFO  main            d.u.i.k.p.i.AbstractProblemLoader Replaying proof injectivity.key.proof 
212865     DEBUG main            d.u.i.k.p.i.IntermediateProofReplayer Proof replay took 1.68ms 
212865     DEBUG main            d.u.i.k.p.r.p.TestFile    ... success: reloaded. 
212867     INFO  main            d.u.i.k.p.r.p.TestFile    Now processing file /home/runner/work/key/key/key.core/../key.ui/examples/standard_key/quantifiers/normalisation0.key 
212868     INFO  main            d.u.i.k.p.i.AbstractProblemLoader Loading environment from /home/runner/work/key/key/key.core/../key.ui/examples/standard_key/quantifiers/normalisation0.key 
212868     DEBUG main            d.u.i.k.p.i.AbstractProblemLoader Environment load took 54.4ns 
212869     INFO  main            d.u.i.k.p.i.AbstractProblemLoader Creating init config 
215198     DEBUG main            d.u.i.k.p.i.AbstractProblemLoader Init config took 2.33s 
215211     INFO  main            d.u.i.k.p.i.AbstractProblemLoader Replaying proof normalisation0.key 
215213     DEBUG main            d.u.i.k.p.i.IntermediateProofReplayer Proof replay took 29ns 
215318     INFO  main            d.u.i.k.p.r.p.TestFile    ... finished proof: closed. 
215663     INFO  main            d.u.i.k.p.i.AbstractProblemLoader Loading environment from /home/runner/work/key/key/key.core/../key.ui/examples/standard_key/quantifiers/normalisation0.key.proof 
215663     DEBUG main            d.u.i.k.p.i.AbstractProblemLoader Environment load took 104.4ns 
215664     INFO  main            d.u.i.k.p.i.AbstractProblemLoader Creating init config 
217950     DEBUG main            d.u.i.k.p.i.AbstractProblemLoader Init config took 2.29s 
217964     INFO  main            d.u.i.k.p.i.AbstractProblemLoader Replaying proof normalisation0.key.proof 
217968     DEBUG main            d.u.i.k.p.i.IntermediateProofReplayer Proof replay took 1.92ms 
217969     DEBUG main            d.u.i.k.p.r.p.TestFile    ... success: reloaded. 
217970     INFO  main            d.u.i.k.p.r.p.TestFile    Now processing file /home/runner/work/key/key/key.core/../key.ui/examples/standard_key/quantifiers/normalisation1.key 
217970     INFO  main            d.u.i.k.p.i.AbstractProblemLoader Loading environment from /home/runner/work/key/key/key.core/../key.ui/examples/standard_key/quantifiers/normalisation1.key 
217970     DEBUG main            d.u.i.k.p.i.AbstractProblemLoader Environment load took 51.1ns 
217971     INFO  main            d.u.i.k.p.i.AbstractProblemLoader Creating init config 
220287     DEBUG main            d.u.i.k.p.i.AbstractProblemLoader Init config took 2.32s 
220303     INFO  main            d.u.i.k.p.i.AbstractProblemLoader Replaying proof normalisation1.key 
220304     DEBUG main            d.u.i.k.p.i.IntermediateProofReplayer Proof replay took 7.9ns 
220410     INFO  main            d.u.i.k.p.r.p.TestFile    ... finished proof: closed. 
220769     INFO  main            d.u.i.k.p.i.AbstractProblemLoader Loading environment from /home/runner/work/key/key/key.core/../key.ui/examples/standard_key/quantifiers/normalisation1.key.proof 
220769     DEBUG main            d.u.i.k.p.i.AbstractProblemLoader Environment load took 123.8ns 
220770     INFO  main            d.u.i.k.p.i.AbstractProblemLoader Creating init config 
223054     DEBUG main            d.u.i.k.p.i.AbstractProblemLoader Init config took 2.28s 
223068     INFO  main            d.u.i.k.p.i.AbstractProblemLoader Replaying proof normalisation1.key.proof 
223072     DEBUG main            d.u.i.k.p.i.IntermediateProofReplayer Proof replay took 2.5ms 
223073     DEBUG main            d.u.i.k.p.r.p.TestFile    ... success: reloaded. 
223074     INFO  main            d.u.i.k.p.r.p.TestFile    Now processing file /home/runner/work/key/key/key.core/../key.ui/examples/standard_key/quantifiers/normalisation2.key 
223074     INFO  main            d.u.i.k.p.i.AbstractProblemLoader Loading environment from /home/runner/work/key/key/key.core/../key.ui/examples/standard_key/quantifiers/normalisation2.key 
223075     DEBUG main            d.u.i.k.p.i.AbstractProblemLoader Environment load took 106ns 
223075     INFO  main            d.u.i.k.p.i.AbstractProblemLoader Creating init config 
225381     DEBUG main            d.u.i.k.p.i.AbstractProblemLoader Init config took 2.31s 
225395     INFO  main            d.u.i.k.p.i.AbstractProblemLoader Replaying proof normalisation2.key 
225396     DEBUG main            d.u.i.k.p.i.IntermediateProofReplayer Proof replay took 7.5ns 
225499     INFO  main            d.u.i.k.p.r.p.TestFile    ... finished proof: closed. 
225853     INFO  main            d.u.i.k.p.i.AbstractProblemLoader Loading environment from /home/runner/work/key/key/key.core/../key.ui/examples/standard_key/quantifiers/normalisation2.key.proof 
225853     DEBUG main            d.u.i.k.p.i.AbstractProblemLoader Environment load took 100.4ns 
225854     INFO  main            d.u.i.k.p.i.AbstractProblemLoader Creating init config 
228142     DEBUG main            d.u.i.k.p.i.AbstractProblemLoader Init config took 2.29s 
228156     INFO  main            d.u.i.k.p.i.AbstractProblemLoader Replaying proof normalisation2.key.proof 
228160     DEBUG main            d.u.i.k.p.i.IntermediateProofReplayer Proof replay took 2.19ms 
228161     DEBUG main            d.u.i.k.p.r.p.TestFile    ... success: reloaded. 
228161     INFO  main            d.u.i.k.p.r.p.TestFile    Now processing file /home/runner/work/key/key/key.core/../key.ui/examples/standard_key/quantifiers/normalisation3.key 
228162     INFO  main            d.u.i.k.p.i.AbstractProblemLoader Loading environment from /home/runner/work/key/key/key.core/../key.ui/examples/standard_key/quantifiers/normalisation3.key 
228162     DEBUG main            d.u.i.k.p.i.AbstractProblemLoader Environment load took 79.6ns 
228163     INFO  main            d.u.i.k.p.i.AbstractProblemLoader Creating init config 
230483     DEBUG main            d.u.i.k.p.i.AbstractProblemLoader Init config took 2.32s 
230499     INFO  main            d.u.i.k.p.i.AbstractProblemLoader Replaying proof normalisation3.key 
230500     DEBUG main            d.u.i.k.p.i.IntermediateProofReplayer Proof replay took 8.4ns 
230602     INFO  main            d.u.i.k.p.r.p.TestFile    ... finished proof: closed. 
230950     INFO  main            d.u.i.k.p.i.AbstractProblemLoader Loading environment from /home/runner/work/key/key/key.core/../key.ui/examples/standard_key/quantifiers/normalisation3.key.proof 
230950     DEBUG main            d.u.i.k.p.i.AbstractProblemLoader Environment load took 115.7ns 
230951     INFO  main            d.u.i.k.p.i.AbstractProblemLoader Creating init config 
233235     DEBUG main            d.u.i.k.p.i.AbstractProblemLoader Init config took 2.28s 
233249     INFO  main            d.u.i.k.p.i.AbstractProblemLoader Replaying proof normalisation3.key.proof 
233253     DEBUG main            d.u.i.k.p.i.IntermediateProofReplayer Proof replay took 2.2ms 
233254     DEBUG main            d.u.i.k.p.r.p.TestFile    ... success: reloaded. 
233254     INFO  main            d.u.i.k.p.r.p.TestFile    Now processing file /home/runner/work/key/key/key.core/../key.ui/examples/standard_key/quantifiers/normalisation4.key 
233255     INFO  main            d.u.i.k.p.i.AbstractProblemLoader Loading environment from /home/runner/work/key/key/key.core/../key.ui/examples/standard_key/quantifiers/normalisation4.key 
233255     DEBUG main            d.u.i.k.p.i.AbstractProblemLoader Environment load took 77.9ns 
233256     INFO  main            d.u.i.k.p.i.AbstractProblemLoader Creating init config 
235568     DEBUG main            d.u.i.k.p.i.AbstractProblemLoader Init config took 2.31s 
235582     INFO  main            d.u.i.k.p.i.AbstractProblemLoader Replaying proof normalisation4.key 
235583     DEBUG main            d.u.i.k.p.i.IntermediateProofReplayer Proof replay took 7.2ns 
235685     INFO  main            d.u.i.k.p.r.p.TestFile    ... finished proof: closed. 
236049     INFO  main            d.u.i.k.p.i.AbstractProblemLoader Loading environment from /home/runner/work/key/key/key.core/../key.ui/examples/standard_key/quantifiers/normalisation4.key.proof 
236050     DEBUG main            d.u.i.k.p.i.AbstractProblemLoader Environment load took 115.7ns 
236052     INFO  main            d.u.i.k.p.i.AbstractProblemLoader Creating init config 
238335     DEBUG main            d.u.i.k.p.i.AbstractProblemLoader Init config took 2.28s 
238349     INFO  main            d.u.i.k.p.i.AbstractProblemLoader Replaying proof normalisation4.key.proof 
238355     DEBUG main            d.u.i.k.p.i.IntermediateProofReplayer Proof replay took 3.92ms 
238355     DEBUG main            d.u.i.k.p.r.p.TestFile    ... success: reloaded. 
238356     INFO  main            d.u.i.k.p.r.p.TestFile    Now processing file /home/runner/work/key/key/key.core/../key.ui/examples/standard_key/quantifiers/normalisation5.key 
238356     INFO  main            d.u.i.k.p.i.AbstractProblemLoader Loading environment from /home/runner/work/key/key/key.core/../key.ui/examples/standard_key/quantifiers/normalisation5.key 
238356     DEBUG main            d.u.i.k.p.i.AbstractProblemLoader Environment load took 63.7ns 
238357     INFO  main            d.u.i.k.p.i.AbstractProblemLoader Creating init config 
240672     DEBUG main            d.u.i.k.p.i.AbstractProblemLoader Init config took 2.31s 
240688     INFO  main            d.u.i.k.p.i.AbstractProblemLoader Replaying proof normalisation5.key 
240689     DEBUG main            d.u.i.k.p.i.IntermediateProofReplayer Proof replay took 7.8ns 
240791     INFO  main            d.u.i.k.p.r.p.TestFile    ... finished proof: closed. 
241163     INFO  main            d.u.i.k.p.i.AbstractProblemLoader Loading environment from /home/runner/work/key/key/key.core/../key.ui/examples/standard_key/quantifiers/normalisation5.key.proof 
241163     DEBUG main            d.u.i.k.p.i.AbstractProblemLoader Environment load took 102.9ns 
241164     INFO  main            d.u.i.k.p.i.AbstractProblemLoader Creating init config 
243451     DEBUG main            d.u.i.k.p.i.AbstractProblemLoader Init config took 2.29s 
243465     INFO  main            d.u.i.k.p.i.AbstractProblemLoader Replaying proof normalisation5.key.proof 
243469     DEBUG main            d.u.i.k.p.i.IntermediateProofReplayer Proof replay took 3.28ms 
243470     DEBUG main            d.u.i.k.p.r.p.TestFile    ... success: reloaded. 
243471     INFO  main            d.u.i.k.p.r.p.TestFile    Now processing file /home/runner/work/key/key/key.core/../key.ui/examples/standard_key/quantifiers/normalisation6.key 
243471     INFO  main            d.u.i.k.p.i.AbstractProblemLoader Loading environment from /home/runner/work/key/key/key.core/../key.ui/examples/standard_key/quantifiers/normalisation6.key 
243471     DEBUG main            d.u.i.k.p.i.AbstractProblemLoader Environment load took 124.5ns 
243472     INFO  main            d.u.i.k.p.i.AbstractProblemLoader Creating init config 
245776     DEBUG main            d.u.i.k.p.i.AbstractProblemLoader Init config took 2.3s 
245790     INFO  main            d.u.i.k.p.i.AbstractProblemLoader Replaying proof normalisation6.key 
245792     DEBUG main            d.u.i.k.p.i.IntermediateProofReplayer Proof replay took 10ns 
245894     INFO  main            d.u.i.k.p.r.p.TestFile    ... finished proof: closed. 
246271     INFO  main            d.u.i.k.p.i.AbstractProblemLoader Loading environment from /home/runner/work/key/key/key.core/../key.ui/examples/standard_key/quantifiers/normalisation6.key.proof 
246271     DEBUG main            d.u.i.k.p.i.AbstractProblemLoader Environment load took 101.8ns 
246272     INFO  main            d.u.i.k.p.i.AbstractProblemLoader Creating init config 
248554     DEBUG main            d.u.i.k.p.i.AbstractProblemLoader Init config took 2.28s 
248567     INFO  main            d.u.i.k.p.i.AbstractProblemLoader Replaying proof normalisation6.key.proof 
248571     DEBUG main            d.u.i.k.p.i.IntermediateProofReplayer Proof replay took 2.03ms 
248572     DEBUG main            d.u.i.k.p.r.p.TestFile    ... success: reloaded. 
248572     INFO  main            d.u.i.k.p.r.p.TestFile    Now processing file /home/runner/work/key/key/key.core/../key.ui/examples/standard_key/quantifiers/normalisation7.key 
248573     INFO  main            d.u.i.k.p.i.AbstractProblemLoader Loading environment from /home/runner/work/key/key/key.core/../key.ui/examples/standard_key/quantifiers/normalisation7.key 
248573     DEBUG main            d.u.i.k.p.i.AbstractProblemLoader Environment load took 75.3ns 
248574     INFO  main            d.u.i.k.p.i.AbstractProblemLoader Creating init config 
250873     DEBUG main            d.u.i.k.p.i.AbstractProblemLoader Init config took 2.3s 
250886     INFO  main            d.u.i.k.p.i.AbstractProblemLoader Replaying proof normalisation7.key 
250888     DEBUG main            d.u.i.k.p.i.IntermediateProofReplayer Proof replay took 7ns 
250989     INFO  main            d.u.i.k.p.r.p.TestFile    ... finished proof: closed. 
251361     INFO  main            d.u.i.k.p.i.AbstractProblemLoader Loading environment from /home/runner/work/key/key/key.core/../key.ui/examples/standard_key/quantifiers/normalisation7.key.proof 
251361     DEBUG main            d.u.i.k.p.i.AbstractProblemLoader Environment load took 114.3ns 
251364     INFO  main            d.u.i.k.p.i.AbstractProblemLoader Creating init config 
253629     DEBUG main            d.u.i.k.p.i.AbstractProblemLoader Init config took 2.26s 
253645     INFO  main            d.u.i.k.p.i.AbstractProblemLoader Replaying proof normalisation7.key.proof 
253649     DEBUG main            d.u.i.k.p.i.IntermediateProofReplayer Proof replay took 1.91ms 
253650     DEBUG main            d.u.i.k.p.r.p.TestFile    ... success: reloaded. 
253657     INFO  main            d.u.i.k.p.r.p.TestFile    Now processing file /home/runner/work/key/key/key.core/../key.ui/examples/standard_key/quantifiers/normalisation8.key 
253659     INFO  main            d.u.i.k.p.i.AbstractProblemLoader Loading environment from /home/runner/work/key/key/key.core/../key.ui/examples/standard_key/quantifiers/normalisation8.key 
253660     DEBUG main            d.u.i.k.p.i.AbstractProblemLoader Environment load took 75.6ns 
253660     INFO  main            d.u.i.k.p.i.AbstractProblemLoader Creating init config 
255960     DEBUG main            d.u.i.k.p.i.AbstractProblemLoader Init config took 2.3s 
255974     INFO  main            d.u.i.k.p.i.AbstractProblemLoader Replaying proof normalisation8.key 
255976     DEBUG main            d.u.i.k.p.i.IntermediateProofReplayer Proof replay took 7ns 
256077     INFO  main            d.u.i.k.p.r.p.TestFile    ... finished proof: closed. 
256465     INFO  main            d.u.i.k.p.i.AbstractProblemLoader Loading environment from /home/runner/work/key/key/key.core/../key.ui/examples/standard_key/quantifiers/normalisation8.key.proof 
256465     DEBUG main            d.u.i.k.p.i.AbstractProblemLoader Environment load took 99.1ns 
256466     INFO  main            d.u.i.k.p.i.AbstractProblemLoader Creating init config 
258735     DEBUG main            d.u.i.k.p.i.AbstractProblemLoader Init config took 2.27s 
258749     INFO  main            d.u.i.k.p.i.AbstractProblemLoader Replaying proof normalisation8.key.proof 
258755     DEBUG main            d.u.i.k.p.i.IntermediateProofReplayer Proof replay took 4.53ms 
258755     DEBUG main            d.u.i.k.p.r.p.TestFile    ... success: reloaded. 
258756     INFO  main            d.u.i.k.p.r.p.TestFile    Now processing file /home/runner/work/key/key/key.core/../key.ui/examples/standard_key/quantifiers/normalisation9.key 
258757     INFO  main            d.u.i.k.p.i.AbstractProblemLoader Loading environment from /home/runner/work/key/key/key.core/../key.ui/examples/standard_key/quantifiers/normalisation9.key 
258757     DEBUG main            d.u.i.k.p.i.AbstractProblemLoader Environment load took 70.6ns 
258758     INFO  main            d.u.i.k.p.i.AbstractProblemLoader Creating init config 
261057     DEBUG main            d.u.i.k.p.i.AbstractProblemLoader Init config took 2.3s 
261089     INFO  main            d.u.i.k.p.i.AbstractProblemLoader Replaying proof normalisation9.key 
261090     DEBUG main            d.u.i.k.p.i.IntermediateProofReplayer Proof replay took 9.7ns 
261192     INFO  main            d.u.i.k.p.r.p.TestFile    ... finished proof: closed. 
261572     INFO  main            d.u.i.k.p.i.AbstractProblemLoader Loading environment from /home/runner/work/key/key/key.core/../key.ui/examples/standard_key/quantifiers/normalisation9.key.proof 
261573     DEBUG main            d.u.i.k.p.i.AbstractProblemLoader Environment load took 99.7ns 
261574     INFO  main            d.u.i.k.p.i.AbstractProblemLoader Creating init config 
263847     DEBUG main            d.u.i.k.p.i.AbstractProblemLoader Init config took 2.27s 
263861     INFO  main            d.u.i.k.p.i.AbstractProblemLoader Replaying proof normalisation9.key.proof 
263868     DEBUG main            d.u.i.k.p.i.IntermediateProofReplayer Proof replay took 5.6ms 
263869     DEBUG main            d.u.i.k.p.r.p.TestFile    ... success: reloaded. 
263870     INFO  main            d.u.i.k.p.r.p.TestFile    Now processing file /home/runner/work/key/key/key.core/../key.ui/examples/standard_key/quantifiers/normalisation10.key 
263870     INFO  main            d.u.i.k.p.i.AbstractProblemLoader Loading environment from /home/runner/work/key/key/key.core/../key.ui/examples/standard_key/quantifiers/normalisation10.key 
263870     DEBUG main            d.u.i.k.p.i.AbstractProblemLoader Environment load took 75.9ns 
263871     INFO  main            d.u.i.k.p.i.AbstractProblemLoader Creating init config 
266186     DEBUG main            d.u.i.k.p.i.AbstractProblemLoader Init config took 2.31s 
266200     INFO  main            d.u.i.k.p.i.AbstractProblemLoader Replaying proof normalisation10.key 
266201     DEBUG main            d.u.i.k.p.i.IntermediateProofReplayer Proof replay took 7.6ns 
266304     INFO  main            d.u.i.k.p.r.p.TestFile    ... finished proof: closed. 
266699     INFO  main            d.u.i.k.p.i.AbstractProblemLoader Loading environment from /home/runner/work/key/key/key.core/../key.ui/examples/standard_key/quantifiers/normalisation10.key.proof 
266699     DEBUG main            d.u.i.k.p.i.AbstractProblemLoader Environment load took 102.7ns 
266700     INFO  main            d.u.i.k.p.i.AbstractProblemLoader Creating init config 
268986     DEBUG main            d.u.i.k.p.i.AbstractProblemLoader Init config took 2.29s 
269000     INFO  main            d.u.i.k.p.i.AbstractProblemLoader Replaying proof normalisation10.key.proof 
269006     DEBUG main            d.u.i.k.p.i.IntermediateProofReplayer Proof replay took 4.66ms 
269007     DEBUG main            d.u.i.k.p.r.p.TestFile    ... success: reloaded. 
269008     INFO  main            d.u.i.k.p.r.p.TestFile    Now processing file /home/runner/work/key/key/key.core/../key.ui/examples/standard_key/quantifiers/normalisation12.key 
269008     INFO  main            d.u.i.k.p.i.AbstractProblemLoader Loading environment from /home/runner/work/key/key/key.core/../key.ui/examples/standard_key/quantifiers/normalisation12.key 
269008     DEBUG main            d.u.i.k.p.i.AbstractProblemLoader Environment load took 47.4ns 
269009     INFO  main            d.u.i.k.p.i.AbstractProblemLoader Creating init config 
271336     DEBUG main            d.u.i.k.p.i.AbstractProblemLoader Init config took 2.33s 
271350     INFO  main            d.u.i.k.p.i.AbstractProblemLoader Replaying proof normalisation12.key 
271351     DEBUG main            d.u.i.k.p.i.IntermediateProofReplayer Proof replay took 8.1ns 
271453     INFO  main            d.u.i.k.p.r.p.TestFile    ... finished proof: closed. 
271854     INFO  main            d.u.i.k.p.i.AbstractProblemLoader Loading environment from /home/runner/work/key/key/key.core/../key.ui/examples/standard_key/quantifiers/normalisation12.key.proof 
271854     DEBUG main            d.u.i.k.p.i.AbstractProblemLoader Environment load took 103.6ns 
271855     INFO  main            d.u.i.k.p.i.AbstractProblemLoader Creating init config 
274133     DEBUG main            d.u.i.k.p.i.AbstractProblemLoader Init config took 2.28s 
274146     INFO  main            d.u.i.k.p.i.AbstractProblemLoader Replaying proof normalisation12.key.proof 
274149     DEBUG main            d.u.i.k.p.i.IntermediateProofReplayer Proof replay took 1.16ms 
274150     DEBUG main            d.u.i.k.p.r.p.TestFile    ... success: reloaded. 
274150     INFO  main            d.u.i.k.p.r.p.TestFile    Now processing file /home/runner/work/key/key/key.core/../key.ui/examples/standard_key/quantifiers/normalisation13.key 
274150     INFO  main            d.u.i.k.p.i.AbstractProblemLoader Loading environment from /home/runner/work/key/key/key.core/../key.ui/examples/standard_key/quantifiers/normalisation13.key 
274151     DEBUG main            d.u.i.k.p.i.AbstractProblemLoader Environment load took 86.2ns 
274151     INFO  main            d.u.i.k.p.i.AbstractProblemLoader Creating init config 
276469     DEBUG main            d.u.i.k.p.i.AbstractProblemLoader Init config took 2.32s 
276483     INFO  main            d.u.i.k.p.i.AbstractProblemLoader Replaying proof normalisation13.key 
276484     DEBUG main            d.u.i.k.p.i.IntermediateProofReplayer Proof replay took 8ns 
276586     INFO  main            d.u.i.k.p.r.p.TestFile    ... finished proof: closed. 
276999     INFO  main            d.u.i.k.p.i.AbstractProblemLoader Loading environment from /home/runner/work/key/key/key.core/../key.ui/examples/standard_key/quantifiers/normalisation13.key.proof 
276999     DEBUG main            d.u.i.k.p.i.AbstractProblemLoader Environment load took 101.3ns 
277000     INFO  main            d.u.i.k.p.i.AbstractProblemLoader Creating init config 
279294     DEBUG main            d.u.i.k.p.i.AbstractProblemLoader Init config took 2.29s 
279308     INFO  main            d.u.i.k.p.i.AbstractProblemLoader Replaying proof normalisation13.key.proof 
279312     DEBUG main            d.u.i.k.p.i.IntermediateProofReplayer Proof replay took 600.21ns 
279313     DEBUG main            d.u.i.k.p.r.p.TestFile    ... success: reloaded. 
279314     INFO  main            d.u.i.k.p.r.p.TestFile    Now processing file /home/runner/work/key/key/key.core/../key.ui/examples/standard_key/quantifiers/triggers0.key 
279315     INFO  main            d.u.i.k.p.i.AbstractProblemLoader Loading environment from /home/runner/work/key/key/key.core/../key.ui/examples/standard_key/quantifiers/triggers0.key 
279315     DEBUG main            d.u.i.k.p.i.AbstractProblemLoader Environment load took 196.3ns 
279316     INFO  main            d.u.i.k.p.i.AbstractProblemLoader Creating init config 
281636     DEBUG main            d.u.i.k.p.i.AbstractProblemLoader Init config took 2.32s 
281650     INFO  main            d.u.i.k.p.i.AbstractProblemLoader Replaying proof triggers0.key 
281651     DEBUG main            d.u.i.k.p.i.IntermediateProofReplayer Proof replay took 8.2ns 
281754     INFO  main            d.u.i.k.p.r.p.TestFile    ... finished proof: closed. 
282167     INFO  main            d.u.i.k.p.i.AbstractProblemLoader Loading environment from /home/runner/work/key/key/key.core/../key.ui/examples/standard_key/quantifiers/triggers0.key.proof 
282167     DEBUG main            d.u.i.k.p.i.AbstractProblemLoader Environment load took 101.4ns 
282168     INFO  main            d.u.i.k.p.i.AbstractProblemLoader Creating init config 
284439     DEBUG main            d.u.i.k.p.i.AbstractProblemLoader Init config took 2.27s 
284453     INFO  main            d.u.i.k.p.i.AbstractProblemLoader Replaying proof triggers0.key.proof 
284455     DEBUG main            d.u.i.k.p.i.IntermediateProofReplayer Proof replay took 1.34ms 
284456     DEBUG main            d.u.i.k.p.r.p.TestFile    ... success: reloaded. 
3914237    INFO  Test worker     d.u.i.k.p.r.RunAllProofsTestUnit Returning from test FOL 
3914239    INFO  Test worker     d.u.i.k.p.r.RunAllProofsTestUnit Running test strings 
392        INFO  Timeout watchdog d.u.i.k.p.r.p.ForkedTestFileRunner Timeout watcher launched (2000 secs.) 
408        WARN  main            d.u.i.k.s.ProofSettings   The settings in /home/runner/.key/proof-settings.props are *not* read. 
437        INFO  main            d.u.i.k.p.r.p.TestFile    Now processing file /home/runner/work/key/key/key.core/../key.ui/examples/standard_key/strings/charAt0.key 
545        INFO  main            d.u.i.k.p.i.AbstractProblemLoader Loading environment from /home/runner/work/key/key/key.core/../key.ui/examples/standard_key/strings/charAt0.key 
565        DEBUG main            d.u.i.k.p.i.AbstractProblemLoader Environment load took 2.12ms 
804        INFO  main            d.u.i.k.p.i.AbstractProblemLoader Creating init config 
1607       DEBUG main            d.u.i.k.j.TypeConverter   No LDT found for Meta 
1607       DEBUG main            d.u.i.k.j.TypeConverter   No LDT found for Meta 
1610       DEBUG main            d.u.i.k.j.TypeConverter   No LDT found for Meta 
1610       DEBUG main            d.u.i.k.j.TypeConverter   No LDT found for Meta 
2937       DEBUG main            d.u.i.k.j.TypeConverter   No LDT found for JavaBigintExpression 
7501       DEBUG main            d.u.i.k.p.i.AbstractProblemLoader Init config took 6.7s 
7573       INFO  main            d.u.i.k.p.i.AbstractProblemLoader Replaying proof charAt0.key 
7612       DEBUG main            d.u.i.k.p.i.IntermediateProofReplayer Proof replay took 35.3ns 
7995       INFO  main            d.u.i.k.p.r.p.TestFile    ... finished proof: closed. 
8109       INFO  main            d.u.i.k.p.i.AbstractProblemLoader Loading environment from /home/runner/work/key/key/key.core/../key.ui/examples/standard_key/strings/charAt0.key.proof 
8109       DEBUG main            d.u.i.k.p.i.AbstractProblemLoader Environment load took 469.71ns 
8113       INFO  main            d.u.i.k.p.i.AbstractProblemLoader Creating init config 
10855      DEBUG main            d.u.i.k.p.i.AbstractProblemLoader Init config took 2.74s 
10900      INFO  main            d.u.i.k.p.i.AbstractProblemLoader Replaying proof charAt0.key.proof 
10922      DEBUG main            d.u.i.k.p.i.IntermediateProofReplayer Proof replay took 16.99ms 
10935      DEBUG main            d.u.i.k.p.r.p.TestFile    ... success: reloaded. 
10936      INFO  main            d.u.i.k.p.r.p.TestFile    Now processing file /home/runner/work/key/key/key.core/../key.ui/examples/standard_key/strings/charAt1.key 
10937      INFO  main            d.u.i.k.p.i.AbstractProblemLoader Loading environment from /home/runner/work/key/key/key.core/../key.ui/examples/standard_key/strings/charAt1.key 
10937      DEBUG main            d.u.i.k.p.i.AbstractProblemLoader Environment load took 201.6ns 
10939      INFO  main            d.u.i.k.p.i.AbstractProblemLoader Creating init config 
13506      DEBUG main            d.u.i.k.p.i.AbstractProblemLoader Init config took 2.57s 
13535      INFO  main            d.u.i.k.p.i.AbstractProblemLoader Replaying proof charAt1.key 
13537      DEBUG main            d.u.i.k.p.i.IntermediateProofReplayer Proof replay took 7.7ns 
13740      INFO  main            d.u.i.k.p.r.p.TestFile    ... finished proof: closed. 
13895      INFO  main            d.u.i.k.p.i.AbstractProblemLoader Loading environment from /home/runner/work/key/key/key.core/../key.ui/examples/standard_key/strings/charAt1.key.proof 
13895      DEBUG main            d.u.i.k.p.i.AbstractProblemLoader Environment load took 408.81ns 
13897      INFO  main            d.u.i.k.p.i.AbstractProblemLoader Creating init config 
16436      DEBUG main            d.u.i.k.p.i.AbstractProblemLoader Init config took 2.54s 
16462      INFO  main            d.u.i.k.p.i.AbstractProblemLoader Replaying proof charAt1.key.proof 
16481      DEBUG main            d.u.i.k.p.i.IntermediateProofReplayer Proof replay took 15.98ms 
16483      DEBUG main            d.u.i.k.p.r.p.TestFile    ... success: reloaded. 
16483      INFO  main            d.u.i.k.p.r.p.TestFile    Now processing file /home/runner/work/key/key/key.core/../key.ui/examples/standard_key/strings/concat1.key 
16484      INFO  main            d.u.i.k.p.i.AbstractProblemLoader Loading environment from /home/runner/work/key/key/key.core/../key.ui/examples/standard_key/strings/concat1.key 
16484      DEBUG main            d.u.i.k.p.i.AbstractProblemLoader Environment load took 187.1ns 
16485      INFO  main            d.u.i.k.p.i.AbstractProblemLoader Creating init config 
18969      DEBUG main            d.u.i.k.p.i.AbstractProblemLoader Init config took 2.48s 
18990      INFO  main            d.u.i.k.p.i.AbstractProblemLoader Replaying proof concat1.key 
18992      DEBUG main            d.u.i.k.p.i.IntermediateProofReplayer Proof replay took 7.2ns 
19095      INFO  main            d.u.i.k.p.r.p.TestFile    ... finished proof: closed. 
19234      INFO  main            d.u.i.k.p.i.AbstractProblemLoader Loading environment from /home/runner/work/key/key/key.core/../key.ui/examples/standard_key/strings/concat1.key.proof 
19234      DEBUG main            d.u.i.k.p.i.AbstractProblemLoader Environment load took 135.3ns 
19236      INFO  main            d.u.i.k.p.i.AbstractProblemLoader Creating init config 
21681      DEBUG main            d.u.i.k.p.i.AbstractProblemLoader Init config took 2.45s 
21702      INFO  main            d.u.i.k.p.i.AbstractProblemLoader Replaying proof concat1.key.proof 
21706      DEBUG main            d.u.i.k.p.i.IntermediateProofReplayer Proof replay took 1.39ms 
21707      DEBUG main            d.u.i.k.p.r.p.TestFile    ... success: reloaded. 
21708      INFO  main            d.u.i.k.p.r.p.TestFile    Now processing file /home/runner/work/key/key/key.core/../key.ui/examples/standard_key/strings/concat2.key 
21708      INFO  main            d.u.i.k.p.i.AbstractProblemLoader Loading environment from /home/runner/work/key/key/key.core/../key.ui/examples/standard_key/strings/concat2.key 
21708      DEBUG main            d.u.i.k.p.i.AbstractProblemLoader Environment load took 182.5ns 
21709      INFO  main            d.u.i.k.p.i.AbstractProblemLoader Creating init config 
24151      DEBUG main            d.u.i.k.p.i.AbstractProblemLoader Init config took 2.44s 
24172      INFO  main            d.u.i.k.p.i.AbstractProblemLoader Replaying proof concat2.key 
24173      DEBUG main            d.u.i.k.p.i.IntermediateProofReplayer Proof replay took 6.6ns 
24276      INFO  main            d.u.i.k.p.r.p.TestFile    ... finished proof: closed. 
24424      INFO  main            d.u.i.k.p.i.AbstractProblemLoader Loading environment from /home/runner/work/key/key/key.core/../key.ui/examples/standard_key/strings/concat2.key.proof 
24424      DEBUG main            d.u.i.k.p.i.AbstractProblemLoader Environment load took 133.3ns 
24425      INFO  main            d.u.i.k.p.i.AbstractProblemLoader Creating init config 
26880      DEBUG main            d.u.i.k.p.i.AbstractProblemLoader Init config took 2.45s 
26905      INFO  main            d.u.i.k.p.i.AbstractProblemLoader Replaying proof concat2.key.proof 
26931      DEBUG main            d.u.i.k.p.i.IntermediateProofReplayer Proof replay took 20.82ms 
26934      DEBUG main            d.u.i.k.p.r.p.TestFile    ... success: reloaded. 
26935      INFO  main            d.u.i.k.p.r.p.TestFile    Now processing file /home/runner/work/key/key/key.core/../key.ui/examples/standard_key/strings/deriveLength1.key 
26935      INFO  main            d.u.i.k.p.i.AbstractProblemLoader Loading environment from /home/runner/work/key/key/key.core/../key.ui/examples/standard_key/strings/deriveLength1.key 
26936      DEBUG main            d.u.i.k.p.i.AbstractProblemLoader Environment load took 102.6ns 
26937      INFO  main            d.u.i.k.p.i.AbstractProblemLoader Creating init config 
29368      DEBUG main            d.u.i.k.p.i.AbstractProblemLoader Init config took 2.43s 
29389      INFO  main            d.u.i.k.p.i.AbstractProblemLoader Replaying proof deriveLength1.key 
29391      DEBUG main            d.u.i.k.p.i.IntermediateProofReplayer Proof replay took 7.5ns 
29494      INFO  main            d.u.i.k.p.r.p.TestFile    ... finished proof: closed. 
29664      INFO  main            d.u.i.k.p.i.AbstractProblemLoader Loading environment from /home/runner/work/key/key/key.core/../key.ui/examples/standard_key/strings/deriveLength1.key.proof 
29669      DEBUG main            d.u.i.k.p.i.AbstractProblemLoader Environment load took 4.51ms 
29670      INFO  main            d.u.i.k.p.i.AbstractProblemLoader Creating init config 
32056      DEBUG main            d.u.i.k.p.i.AbstractProblemLoader Init config took 2.39s 
32077      INFO  main            d.u.i.k.p.i.AbstractProblemLoader Replaying proof deriveLength1.key.proof 
32099      DEBUG main            d.u.i.k.p.i.IntermediateProofReplayer Proof replay took 19.63ms 
32102      DEBUG main            d.u.i.k.p.r.p.TestFile    ... success: reloaded. 
32104      INFO  main            d.u.i.k.p.r.p.TestFile    Now processing file /home/runner/work/key/key/key.core/../key.ui/examples/standard_key/strings/emptyStringLengthZero.key 
32104      INFO  main            d.u.i.k.p.i.AbstractProblemLoader Loading environment from /home/runner/work/key/key/key.core/../key.ui/examples/standard_key/strings/emptyStringLengthZero.key 
32105      DEBUG main            d.u.i.k.p.i.AbstractProblemLoader Environment load took 549.01ns 
32106      INFO  main            d.u.i.k.p.i.AbstractProblemLoader Creating init config 
34531      DEBUG main            d.u.i.k.p.i.AbstractProblemLoader Init config took 2.42s 
34551      INFO  main            d.u.i.k.p.i.AbstractProblemLoader Replaying proof emptyStringLengthZero.key 
34552      DEBUG main            d.u.i.k.p.i.IntermediateProofReplayer Proof replay took 7.5ns 
34655      INFO  main            d.u.i.k.p.r.p.TestFile    ... finished proof: closed. 
34814      INFO  main            d.u.i.k.p.i.AbstractProblemLoader Loading environment from /home/runner/work/key/key/key.core/../key.ui/examples/standard_key/strings/emptyStringLengthZero.key.proof 
34814      DEBUG main            d.u.i.k.p.i.AbstractProblemLoader Environment load took 149.8ns 
34815      INFO  main            d.u.i.k.p.i.AbstractProblemLoader Creating init config 
37175      DEBUG main            d.u.i.k.p.i.AbstractProblemLoader Init config took 2.36s 
37194      INFO  main            d.u.i.k.p.i.AbstractProblemLoader Replaying proof emptyStringLengthZero.key.proof 
37200      DEBUG main            d.u.i.k.p.i.IntermediateProofReplayer Proof replay took 3.2ms 
37201      DEBUG main            d.u.i.k.p.r.p.TestFile    ... success: reloaded. 
37202      INFO  main            d.u.i.k.p.r.p.TestFile    Now processing file /home/runner/work/key/key/key.core/../key.ui/examples/standard_key/strings/implicitBooleanStringConversion.key 
37202      INFO  main            d.u.i.k.p.i.AbstractProblemLoader Loading environment from /home/runner/work/key/key/key.core/../key.ui/examples/standard_key/strings/implicitBooleanStringConversion.key 
37202      DEBUG main            d.u.i.k.p.i.AbstractProblemLoader Environment load took 179ns 
37203      INFO  main            d.u.i.k.p.i.AbstractProblemLoader Creating init config 
39617      DEBUG main            d.u.i.k.p.i.AbstractProblemLoader Init config took 2.41s 
39639      INFO  main            d.u.i.k.p.i.AbstractProblemLoader Replaying proof implicitBooleanStringConversion.key 
39641      DEBUG main            d.u.i.k.p.i.IntermediateProofReplayer Proof replay took 8.1ns 
40651      INFO  main            d.u.i.k.p.r.p.TestFile    ... finished proof: closed. 
40856      INFO  main            d.u.i.k.p.i.AbstractProblemLoader Loading environment from /home/runner/work/key/key/key.core/../key.ui/examples/standard_key/strings/implicitBooleanStringConversion.key.proof 
40856      DEBUG main            d.u.i.k.p.i.AbstractProblemLoader Environment load took 201.4ns 
40858      INFO  main            d.u.i.k.p.i.AbstractProblemLoader Creating init config 
43255      DEBUG main            d.u.i.k.p.i.AbstractProblemLoader Init config took 2.4s 
43275      INFO  main            d.u.i.k.p.i.AbstractProblemLoader Replaying proof implicitBooleanStringConversion.key.proof 
43408      DEBUG main            d.u.i.k.p.i.IntermediateProofReplayer Proof replay took 126.51ms 
43409      DEBUG main            d.u.i.k.p.r.p.TestFile    ... success: reloaded. 
43409      INFO  main            d.u.i.k.p.r.p.TestFile    Now processing file /home/runner/work/key/key/key.core/../key.ui/examples/standard_key/strings/implicitBooleanStringConversion2.key 
43410      INFO  main            d.u.i.k.p.i.AbstractProblemLoader Loading environment from /home/runner/work/key/key/key.core/../key.ui/examples/standard_key/strings/implicitBooleanStringConversion2.key 
43410      DEBUG main            d.u.i.k.p.i.AbstractProblemLoader Environment load took 97.9ns 
43411      INFO  main            d.u.i.k.p.i.AbstractProblemLoader Creating init config 
45846      DEBUG main            d.u.i.k.p.i.AbstractProblemLoader Init config took 2.43s 
45867      INFO  main            d.u.i.k.p.i.AbstractProblemLoader Replaying proof implicitBooleanStringConversion2.key 
45868      DEBUG main            d.u.i.k.p.i.IntermediateProofReplayer Proof replay took 8.2ns 
46172      INFO  main            d.u.i.k.p.r.p.TestFile    ... finished proof: closed. 
46377      INFO  main            d.u.i.k.p.i.AbstractProblemLoader Loading environment from /home/runner/work/key/key/key.core/../key.ui/examples/standard_key/strings/implicitBooleanStringConversion2.key.proof 
46378      DEBUG main            d.u.i.k.p.i.AbstractProblemLoader Environment load took 413.11ns 
46379      INFO  main            d.u.i.k.p.i.AbstractProblemLoader Creating init config 
48732      DEBUG main            d.u.i.k.p.i.AbstractProblemLoader Init config took 2.35s 
48754      INFO  main            d.u.i.k.p.i.AbstractProblemLoader Replaying proof implicitBooleanStringConversion2.key.proof 
48790      DEBUG main            d.u.i.k.p.i.IntermediateProofReplayer Proof replay took 32.14ms 
48791      DEBUG main            d.u.i.k.p.r.p.TestFile    ... success: reloaded. 
48792      INFO  main            d.u.i.k.p.r.p.TestFile    Now processing file /home/runner/work/key/key/key.core/../key.ui/examples/standard_key/strings/implicitIntStringConversion.key 
48793      INFO  main            d.u.i.k.p.i.AbstractProblemLoader Loading environment from /home/runner/work/key/key/key.core/../key.ui/examples/standard_key/strings/implicitIntStringConversion.key 
48793      DEBUG main            d.u.i.k.p.i.AbstractProblemLoader Environment load took 185.5ns 
48794      INFO  main            d.u.i.k.p.i.AbstractProblemLoader Creating init config 
51188      DEBUG main            d.u.i.k.p.i.AbstractProblemLoader Init config took 2.39s 
51211      INFO  main            d.u.i.k.p.i.AbstractProblemLoader Replaying proof implicitIntStringConversion.key 
51214      DEBUG main            d.u.i.k.p.i.IntermediateProofReplayer Proof replay took 8.9ns 
51919      INFO  main            d.u.i.k.p.r.p.TestFile    ... finished proof: closed. 
52133      INFO  main            d.u.i.k.p.i.AbstractProblemLoader Loading environment from /home/runner/work/key/key/key.core/../key.ui/examples/standard_key/strings/implicitIntStringConversion.key.proof 
52134      DEBUG main            d.u.i.k.p.i.AbstractProblemLoader Environment load took 942.81ns 
52136      INFO  main            d.u.i.k.p.i.AbstractProblemLoader Creating init config 
54446      DEBUG main            d.u.i.k.p.i.AbstractProblemLoader Init config took 2.31s 
54475      INFO  main            d.u.i.k.p.i.AbstractProblemLoader Replaying proof implicitIntStringConversion.key.proof 
54542      DEBUG main            d.u.i.k.p.i.IntermediateProofReplayer Proof replay took 59.05ms 
54543      DEBUG main            d.u.i.k.p.r.p.TestFile    ... success: reloaded. 
54544      INFO  main            d.u.i.k.p.r.p.TestFile    Now processing file /home/runner/work/key/key/key.core/../key.ui/examples/standard_key/strings/implicitNullStringConversion.key 
54544      INFO  main            d.u.i.k.p.i.AbstractProblemLoader Loading environment from /home/runner/work/key/key/key.core/../key.ui/examples/standard_key/strings/implicitNullStringConversion.key 
54545      DEBUG main            d.u.i.k.p.i.AbstractProblemLoader Environment load took 193.8ns 
54546      INFO  main            d.u.i.k.p.i.AbstractProblemLoader Creating init config 
56996      DEBUG main            d.u.i.k.p.i.AbstractProblemLoader Init config took 2.45s 
57015      INFO  main            d.u.i.k.p.i.AbstractProblemLoader Replaying proof implicitNullStringConversion.key 
57017      DEBUG main            d.u.i.k.p.i.IntermediateProofReplayer Proof replay took 8.4ns 
57322      INFO  main            d.u.i.k.p.r.p.TestFile    ... finished proof: closed. 
57534      INFO  main            d.u.i.k.p.i.AbstractProblemLoader Loading environment from /home/runner/work/key/key/key.core/../key.ui/examples/standard_key/strings/implicitNullStringConversion.key.proof 
57536      DEBUG main            d.u.i.k.p.i.AbstractProblemLoader Environment load took 1.96ms 
57537      INFO  main            d.u.i.k.p.i.AbstractProblemLoader Creating init config 
59892      DEBUG main            d.u.i.k.p.i.AbstractProblemLoader Init config took 2.35s 
59910      INFO  main            d.u.i.k.p.i.AbstractProblemLoader Replaying proof implicitNullStringConversion.key.proof 
59944      DEBUG main            d.u.i.k.p.i.IntermediateProofReplayer Proof replay took 30.48ms 
59945      DEBUG main            d.u.i.k.p.r.p.TestFile    ... success: reloaded. 
59946      INFO  main            d.u.i.k.p.r.p.TestFile    Now processing file /home/runner/work/key/key/key.core/../key.ui/examples/standard_key/strings/implicitNullStringConversion2.key 
59946      INFO  main            d.u.i.k.p.i.AbstractProblemLoader Loading environment from /home/runner/work/key/key/key.core/../key.ui/examples/standard_key/strings/implicitNullStringConversion2.key 
59946      DEBUG main            d.u.i.k.p.i.AbstractProblemLoader Environment load took 119.8ns 
59947      INFO  main            d.u.i.k.p.i.AbstractProblemLoader Creating init config 
62268      DEBUG main            d.u.i.k.p.i.AbstractProblemLoader Init config took 2.32s 
62303      INFO  main            d.u.i.k.p.i.AbstractProblemLoader Replaying proof implicitNullStringConversion2.key 
62305      DEBUG main            d.u.i.k.p.i.IntermediateProofReplayer Proof replay took 8.7ns 
62513      INFO  main            d.u.i.k.p.r.p.TestFile    ... finished proof: closed. 
62716      INFO  main            d.u.i.k.p.i.AbstractProblemLoader Loading environment from /home/runner/work/key/key/key.core/../key.ui/examples/standard_key/strings/implicitNullStringConversion2.key.proof 
62716      DEBUG main            d.u.i.k.p.i.AbstractProblemLoader Environment load took 139.2ns 
62717      INFO  main            d.u.i.k.p.i.AbstractProblemLoader Creating init config 
65044      DEBUG main            d.u.i.k.p.i.AbstractProblemLoader Init config took 2.33s 
65061      INFO  main            d.u.i.k.p.i.AbstractProblemLoader Replaying proof implicitNullStringConversion2.key.proof 
65085      DEBUG main            d.u.i.k.p.i.IntermediateProofReplayer Proof replay took 20.66ms 
65086      DEBUG main            d.u.i.k.p.r.p.TestFile    ... success: reloaded. 
65087      INFO  main            d.u.i.k.p.r.p.TestFile    Now processing file /home/runner/work/key/key/key.core/../key.ui/examples/standard_key/strings/implicitObjectStringConversion.key 
65087      INFO  main            d.u.i.k.p.i.AbstractProblemLoader Loading environment from /home/runner/work/key/key/key.core/../key.ui/examples/standard_key/strings/implicitObjectStringConversion.key 
65088      DEBUG main            d.u.i.k.p.i.AbstractProblemLoader Environment load took 179.2ns 
65089      INFO  main            d.u.i.k.p.i.AbstractProblemLoader Creating init config 
67661      DEBUG main            d.u.i.k.p.i.AbstractProblemLoader Init config took 2.57s 
67677      INFO  main            d.u.i.k.p.i.AbstractProblemLoader Replaying proof implicitObjectStringConversion.key 
67679      DEBUG main            d.u.i.k.p.i.IntermediateProofReplayer Proof replay took 7.1ns 
68288      INFO  main            d.u.i.k.p.r.p.TestFile    ... finished proof: closed. 
68504      INFO  main            d.u.i.k.p.i.AbstractProblemLoader Loading environment from /home/runner/work/key/key/key.core/../key.ui/examples/standard_key/strings/implicitObjectStringConversion.key.proof 
68506      DEBUG main            d.u.i.k.p.i.AbstractProblemLoader Environment load took 2.3ms 
68508      INFO  main            d.u.i.k.p.i.AbstractProblemLoader Creating init config 
71013      DEBUG main            d.u.i.k.p.i.AbstractProblemLoader Init config took 2.51s 
71035      INFO  main            d.u.i.k.p.i.AbstractProblemLoader Replaying proof implicitObjectStringConversion.key.proof 
71092      DEBUG main            d.u.i.k.p.i.IntermediateProofReplayer Proof replay took 53.4ms 
71094      DEBUG main            d.u.i.k.p.r.p.TestFile    ... success: reloaded. 
71095      INFO  main            d.u.i.k.p.r.p.TestFile    Now processing file /home/runner/work/key/key/key.core/../key.ui/examples/standard_key/strings/literalEquality.key 
71095      INFO  main            d.u.i.k.p.i.AbstractProblemLoader Loading environment from /home/runner/work/key/key/key.core/../key.ui/examples/standard_key/strings/literalEquality.key 
71095      DEBUG main            d.u.i.k.p.i.AbstractProblemLoader Environment load took 193.6ns 
71096      INFO  main            d.u.i.k.p.i.AbstractProblemLoader Creating init config 
73494      DEBUG main            d.u.i.k.p.i.AbstractProblemLoader Init config took 2.4s 
73510      INFO  main            d.u.i.k.p.i.AbstractProblemLoader Replaying proof literalEquality.key 
73512      DEBUG main            d.u.i.k.p.i.IntermediateProofReplayer Proof replay took 7.4ns 
73616      INFO  main            d.u.i.k.p.r.p.TestFile    ... finished proof: closed. 
73826      INFO  main            d.u.i.k.p.i.AbstractProblemLoader Loading environment from /home/runner/work/key/key/key.core/../key.ui/examples/standard_key/strings/literalEquality.key.proof 
73826      DEBUG main            d.u.i.k.p.i.AbstractProblemLoader Environment load took 416.51ns 
73827      INFO  main            d.u.i.k.p.i.AbstractProblemLoader Creating init config 
76133      DEBUG main            d.u.i.k.p.i.AbstractProblemLoader Init config took 2.31s 
76158      INFO  main            d.u.i.k.p.i.AbstractProblemLoader Replaying proof literalEquality.key.proof 
76163      DEBUG main            d.u.i.k.p.i.IntermediateProofReplayer Proof replay took 2.49ms 
76164      DEBUG main            d.u.i.k.p.r.p.TestFile    ... success: reloaded. 
76164      INFO  main            d.u.i.k.p.r.p.TestFile    Now processing file /home/runner/work/key/key/key.core/../key.ui/examples/standard_key/strings/replace0.key 
76165      INFO  main            d.u.i.k.p.i.AbstractProblemLoader Loading environment from /home/runner/work/key/key/key.core/../key.ui/examples/standard_key/strings/replace0.key 
76165      DEBUG main            d.u.i.k.p.i.AbstractProblemLoader Environment load took 184.4ns 
76166      INFO  main            d.u.i.k.p.i.AbstractProblemLoader Creating init config 
78512      DEBUG main            d.u.i.k.p.i.AbstractProblemLoader Init config took 2.35s 
78527      INFO  main            d.u.i.k.p.i.AbstractProblemLoader Replaying proof replace0.key 
78529      DEBUG main            d.u.i.k.p.i.IntermediateProofReplayer Proof replay took 6.7ns 
78633      INFO  main            d.u.i.k.p.r.p.TestFile    ... finished proof: closed. 
78871      INFO  main            d.u.i.k.p.i.AbstractProblemLoader Loading environment from /home/runner/work/key/key/key.core/../key.ui/examples/standard_key/strings/replace0.key.proof 
78871      DEBUG main            d.u.i.k.p.i.AbstractProblemLoader Environment load took 132.2ns 
78874      INFO  main            d.u.i.k.p.i.AbstractProblemLoader Creating init config 
81175      DEBUG main            d.u.i.k.p.i.AbstractProblemLoader Init config took 2.3s 
81193      INFO  main            d.u.i.k.p.i.AbstractProblemLoader Replaying proof replace0.key.proof 
81201      DEBUG main            d.u.i.k.p.i.IntermediateProofReplayer Proof replay took 4.9ms 
81203      DEBUG main            d.u.i.k.p.r.p.TestFile    ... success: reloaded. 
81203      INFO  main            d.u.i.k.p.r.p.TestFile    Now processing file /home/runner/work/key/key/key.core/../key.ui/examples/standard_key/strings/replace1.key 
81204      INFO  main            d.u.i.k.p.i.AbstractProblemLoader Loading environment from /home/runner/work/key/key/key.core/../key.ui/examples/standard_key/strings/replace1.key 
81204      DEBUG main            d.u.i.k.p.i.AbstractProblemLoader Environment load took 168.7ns 
81206      INFO  main            d.u.i.k.p.i.AbstractProblemLoader Creating init config 
83559      DEBUG main            d.u.i.k.p.i.AbstractProblemLoader Init config took 2.35s 
83573      INFO  main            d.u.i.k.p.i.AbstractProblemLoader Replaying proof replace1.key 
83574      DEBUG main            d.u.i.k.p.i.IntermediateProofReplayer Proof replay took 7.9ns 
83678      INFO  main            d.u.i.k.p.r.p.TestFile    ... finished proof: closed. 
83893      INFO  main            d.u.i.k.p.i.AbstractProblemLoader Loading environment from /home/runner/work/key/key/key.core/../key.ui/examples/standard_key/strings/replace1.key.proof 
83893      DEBUG main            d.u.i.k.p.i.AbstractProblemLoader Environment load took 147.7ns 
83896      INFO  main            d.u.i.k.p.i.AbstractProblemLoader Creating init config 
86176      DEBUG main            d.u.i.k.p.i.AbstractProblemLoader Init config took 2.28s 
86191      INFO  main            d.u.i.k.p.i.AbstractProblemLoader Replaying proof replace1.key.proof 
86198      DEBUG main            d.u.i.k.p.i.IntermediateProofReplayer Proof replay took 5.08ms 
86199      DEBUG main            d.u.i.k.p.r.p.TestFile    ... success: reloaded. 
86199      INFO  main            d.u.i.k.p.r.p.TestFile    Now processing file /home/runner/work/key/key/key.core/../key.ui/examples/standard_key/strings/simpleAssignment.key 
86200      INFO  main            d.u.i.k.p.i.AbstractProblemLoader Loading environment from /home/runner/work/key/key/key.core/../key.ui/examples/standard_key/strings/simpleAssignment.key 
86200      DEBUG main            d.u.i.k.p.i.AbstractProblemLoader Environment load took 100.7ns 
86201      INFO  main            d.u.i.k.p.i.AbstractProblemLoader Creating init config 
88583      DEBUG main            d.u.i.k.p.i.AbstractProblemLoader Init config took 2.38s 
88598      INFO  main            d.u.i.k.p.i.AbstractProblemLoader Replaying proof simpleAssignment.key 
88600      DEBUG main            d.u.i.k.p.i.IntermediateProofReplayer Proof replay took 8.2ns 
88702      INFO  main            d.u.i.k.p.r.p.TestFile    ... finished proof: closed. 
88973      INFO  main            d.u.i.k.p.i.AbstractProblemLoader Loading environment from /home/runner/work/key/key/key.core/../key.ui/examples/standard_key/strings/simpleAssignment.key.proof 
88973      DEBUG main            d.u.i.k.p.i.AbstractProblemLoader Environment load took 141.4ns 
88975      INFO  main            d.u.i.k.p.i.AbstractProblemLoader Creating init config 
91262      DEBUG main            d.u.i.k.p.i.AbstractProblemLoader Init config took 2.29s 
91278      INFO  main            d.u.i.k.p.i.AbstractProblemLoader Replaying proof simpleAssignment.key.proof 
91282      DEBUG main            d.u.i.k.p.i.IntermediateProofReplayer Proof replay took 1.43ms 
91283      DEBUG main            d.u.i.k.p.r.p.TestFile    ... success: reloaded. 
91284      INFO  main            d.u.i.k.p.r.p.TestFile    Now processing file /home/runner/work/key/key/key.core/../key.ui/examples/standard_key/strings/simpleLengthComp.key 
91284      INFO  main            d.u.i.k.p.i.AbstractProblemLoader Loading environment from /home/runner/work/key/key/key.core/../key.ui/examples/standard_key/strings/simpleLengthComp.key 
91284      DEBUG main            d.u.i.k.p.i.AbstractProblemLoader Environment load took 187.9ns 
91285      INFO  main            d.u.i.k.p.i.AbstractProblemLoader Creating init config 
93651      DEBUG main            d.u.i.k.p.i.AbstractProblemLoader Init config took 2.37s 
93667      INFO  main            d.u.i.k.p.i.AbstractProblemLoader Replaying proof simpleLengthComp.key 
93670      DEBUG main            d.u.i.k.p.i.IntermediateProofReplayer Proof replay took 8.1ns 
93876      INFO  main            d.u.i.k.p.r.p.TestFile    ... finished proof: closed. 
94114      INFO  main            d.u.i.k.p.i.AbstractProblemLoader Loading environment from /home/runner/work/key/key/key.core/../key.ui/examples/standard_key/strings/simpleLengthComp.key.proof 
94114      DEBUG main            d.u.i.k.p.i.AbstractProblemLoader Environment load took 150.5ns 
94115      INFO  main            d.u.i.k.p.i.AbstractProblemLoader Creating init config 
96409      DEBUG main            d.u.i.k.p.i.AbstractProblemLoader Init config took 2.29s 
96425      INFO  main            d.u.i.k.p.i.AbstractProblemLoader Replaying proof simpleLengthComp.key.proof 
96451      DEBUG main            d.u.i.k.p.i.IntermediateProofReplayer Proof replay took 24.12ms 
96452      DEBUG main            d.u.i.k.p.r.p.TestFile    ... success: reloaded. 
96453      INFO  main            d.u.i.k.p.r.p.TestFile    Now processing file /home/runner/work/key/key/key.core/../key.ui/examples/standard_key/strings/stringCompileTimeConstant1.key 
96453      INFO  main            d.u.i.k.p.i.AbstractProblemLoader Loading environment from /home/runner/work/key/key/key.core/../key.ui/examples/standard_key/strings/stringCompileTimeConstant1.key 
96453      DEBUG main            d.u.i.k.p.i.AbstractProblemLoader Environment load took 87.3ns 
96454      INFO  main            d.u.i.k.p.i.AbstractProblemLoader Creating init config 
98807      DEBUG main            d.u.i.k.p.i.AbstractProblemLoader Init config took 2.35s 
98822      INFO  main            d.u.i.k.p.i.AbstractProblemLoader Replaying proof stringCompileTimeConstant1.key 
98823      DEBUG main            d.u.i.k.p.i.IntermediateProofReplayer Proof replay took 7.9ns 
98928      INFO  main            d.u.i.k.p.r.p.TestFile    ... finished proof: closed. 
99159      INFO  main            d.u.i.k.p.i.AbstractProblemLoader Loading environment from /home/runner/work/key/key/key.core/../key.ui/examples/standard_key/strings/stringCompileTimeConstant1.key.proof 
99159      DEBUG main            d.u.i.k.p.i.AbstractProblemLoader Environment load took 130.6ns 
99162      INFO  main            d.u.i.k.p.i.AbstractProblemLoader Creating init config 
101448     DEBUG main            d.u.i.k.p.i.AbstractProblemLoader Init config took 2.29s 
101464     INFO  main            d.u.i.k.p.i.AbstractProblemLoader Replaying proof stringCompileTimeConstant1.key.proof 
101470     DEBUG main            d.u.i.k.p.i.IntermediateProofReplayer Proof replay took 4ms 
101471     DEBUG main            d.u.i.k.p.r.p.TestFile    ... success: reloaded. 
101471     INFO  main            d.u.i.k.p.r.p.TestFile    Now processing file /home/runner/work/key/key/key.core/../key.ui/examples/standard_key/strings/stringCompileTimeConstant2.key 
101471     INFO  main            d.u.i.k.p.i.AbstractProblemLoader Loading environment from /home/runner/work/key/key/key.core/../key.ui/examples/standard_key/strings/stringCompileTimeConstant2.key 
101471     DEBUG main            d.u.i.k.p.i.AbstractProblemLoader Environment load took 85.8ns 
101472     INFO  main            d.u.i.k.p.i.AbstractProblemLoader Creating init config 
103993     DEBUG main            d.u.i.k.p.i.AbstractProblemLoader Init config took 2.52s 
104009     INFO  main            d.u.i.k.p.i.AbstractProblemLoader Replaying proof stringCompileTimeConstant2.key 
104011     DEBUG main            d.u.i.k.p.i.IntermediateProofReplayer Proof replay took 7.2ns 
106720     INFO  main            d.u.i.k.p.r.p.TestFile    ... finished proof: closed. 
107053     INFO  main            d.u.i.k.p.i.AbstractProblemLoader Loading environment from /home/runner/work/key/key/key.core/../key.ui/examples/standard_key/strings/stringCompileTimeConstant2.key.proof 
107053     DEBUG main            d.u.i.k.p.i.AbstractProblemLoader Environment load took 135.5ns 
107054     INFO  main            d.u.i.k.p.i.AbstractProblemLoader Creating init config 
109470     DEBUG main            d.u.i.k.p.i.AbstractProblemLoader Init config took 2.42s 
109486     INFO  main            d.u.i.k.p.i.AbstractProblemLoader Replaying proof stringCompileTimeConstant2.key.proof 
109807     DEBUG main            d.u.i.k.p.i.IntermediateProofReplayer Proof replay took 305.55ms 
109817     DEBUG main            d.u.i.k.p.r.p.TestFile    ... success: reloaded. 
109818     INFO  main            d.u.i.k.p.r.p.TestFile    Now processing file /home/runner/work/key/key/key.core/../key.ui/examples/standard_key/strings/stringEquality1.key 
109819     INFO  main            d.u.i.k.p.i.AbstractProblemLoader Loading environment from /home/runner/work/key/key/key.core/../key.ui/examples/standard_key/strings/stringEquality1.key 
109819     DEBUG main            d.u.i.k.p.i.AbstractProblemLoader Environment load took 189.2ns 
109820     INFO  main            d.u.i.k.p.i.AbstractProblemLoader Creating init config 
112151     DEBUG main            d.u.i.k.p.i.AbstractProblemLoader Init config took 2.33s 
112165     INFO  main            d.u.i.k.p.i.AbstractProblemLoader Replaying proof stringEquality1.key 
112167     DEBUG main            d.u.i.k.p.i.IntermediateProofReplayer Proof replay took 6ns 
112269     INFO  main            d.u.i.k.p.r.p.TestFile    ... finished proof: closed. 
112555     INFO  main            d.u.i.k.p.i.AbstractProblemLoader Loading environment from /home/runner/work/key/key/key.core/../key.ui/examples/standard_key/strings/stringEquality1.key.proof 
112555     DEBUG main            d.u.i.k.p.i.AbstractProblemLoader Environment load took 121.4ns 
112556     INFO  main            d.u.i.k.p.i.AbstractProblemLoader Creating init config 
114824     DEBUG main            d.u.i.k.p.i.AbstractProblemLoader Init config took 2.27s 
114839     INFO  main            d.u.i.k.p.i.AbstractProblemLoader Replaying proof stringEquality1.key.proof 
114848     DEBUG main            d.u.i.k.p.i.IntermediateProofReplayer Proof replay took 6.72ms 
114849     DEBUG main            d.u.i.k.p.r.p.TestFile    ... success: reloaded. 
114850     INFO  main            d.u.i.k.p.r.p.TestFile    Now processing file /home/runner/work/key/key/key.core/../key.ui/examples/standard_key/strings/stringEquality2.key 
114850     INFO  main            d.u.i.k.p.i.AbstractProblemLoader Loading environment from /home/runner/work/key/key/key.core/../key.ui/examples/standard_key/strings/stringEquality2.key 
114850     DEBUG main            d.u.i.k.p.i.AbstractProblemLoader Environment load took 89.3ns 
114851     INFO  main            d.u.i.k.p.i.AbstractProblemLoader Creating init config 
117146     DEBUG main            d.u.i.k.p.i.AbstractProblemLoader Init config took 2.29s 
117160     INFO  main            d.u.i.k.p.i.AbstractProblemLoader Replaying proof stringEquality2.key 
117161     DEBUG main            d.u.i.k.p.i.IntermediateProofReplayer Proof replay took 7.5ns 
117568     INFO  main            d.u.i.k.p.r.p.TestFile    ... finished proof: closed. 
117819     INFO  main            d.u.i.k.p.i.AbstractProblemLoader Loading environment from /home/runner/work/key/key/key.core/../key.ui/examples/standard_key/strings/stringEquality2.key.proof 
117819     DEBUG main            d.u.i.k.p.i.AbstractProblemLoader Environment load took 375.81ns 
117821     INFO  main            d.u.i.k.p.i.AbstractProblemLoader Creating init config 
120134     DEBUG main            d.u.i.k.p.i.AbstractProblemLoader Init config took 2.31s 
120161     INFO  main            d.u.i.k.p.i.AbstractProblemLoader Replaying proof stringEquality2.key.proof 
120208     DEBUG main            d.u.i.k.p.i.IntermediateProofReplayer Proof replay took 43.01ms 
120209     DEBUG main            d.u.i.k.p.r.p.TestFile    ... success: reloaded. 
120210     INFO  main            d.u.i.k.p.r.p.TestFile    Now processing file /home/runner/work/key/key/key.core/../key.ui/examples/standard_key/strings/substring0.key 
120210     INFO  main            d.u.i.k.p.i.AbstractProblemLoader Loading environment from /home/runner/work/key/key/key.core/../key.ui/examples/standard_key/strings/substring0.key 
120210     DEBUG main            d.u.i.k.p.i.AbstractProblemLoader Environment load took 80.3ns 
120211     INFO  main            d.u.i.k.p.i.AbstractProblemLoader Creating init config 
122544     DEBUG main            d.u.i.k.p.i.AbstractProblemLoader Init config took 2.33s 
122558     INFO  main            d.u.i.k.p.i.AbstractProblemLoader Replaying proof substring0.key 
122559     DEBUG main            d.u.i.k.p.i.IntermediateProofReplayer Proof replay took 19.1ns 
122667     INFO  main            d.u.i.k.p.r.p.TestFile    ... finished proof: closed. 
122934     INFO  main            d.u.i.k.p.i.AbstractProblemLoader Loading environment from /home/runner/work/key/key/key.core/../key.ui/examples/standard_key/strings/substring0.key.proof 
122934     DEBUG main            d.u.i.k.p.i.AbstractProblemLoader Environment load took 124.1ns 
122936     INFO  main            d.u.i.k.p.i.AbstractProblemLoader Creating init config 
125203     DEBUG main            d.u.i.k.p.i.AbstractProblemLoader Init config took 2.27s 
125219     INFO  main            d.u.i.k.p.i.AbstractProblemLoader Replaying proof substring0.key.proof 
125222     DEBUG main            d.u.i.k.p.i.IntermediateProofReplayer Proof replay took 462.71ns 
125223     DEBUG main            d.u.i.k.p.r.p.TestFile    ... success: reloaded. 
125223     INFO  main            d.u.i.k.p.r.p.TestFile    Now processing file /home/runner/work/key/key/key.core/../key.ui/examples/standard_key/strings/substring1.key 
125224     INFO  main            d.u.i.k.p.i.AbstractProblemLoader Loading environment from /home/runner/work/key/key/key.core/../key.ui/examples/standard_key/strings/substring1.key 
125224     DEBUG main            d.u.i.k.p.i.AbstractProblemLoader Environment load took 173.2ns 
125225     INFO  main            d.u.i.k.p.i.AbstractProblemLoader Creating init config 
127536     DEBUG main            d.u.i.k.p.i.AbstractProblemLoader Init config took 2.31s 
127550     INFO  main            d.u.i.k.p.i.AbstractProblemLoader Replaying proof substring1.key 
127552     DEBUG main            d.u.i.k.p.i.IntermediateProofReplayer Proof replay took 7.9ns 
127655     INFO  main            d.u.i.k.p.r.p.TestFile    ... finished proof: closed. 
127912     INFO  main            d.u.i.k.p.i.AbstractProblemLoader Loading environment from /home/runner/work/key/key/key.core/../key.ui/examples/standard_key/strings/substring1.key.proof 
127912     DEBUG main            d.u.i.k.p.i.AbstractProblemLoader Environment load took 118.2ns 
127913     INFO  main            d.u.i.k.p.i.AbstractProblemLoader Creating init config 
130171     DEBUG main            d.u.i.k.p.i.AbstractProblemLoader Init config took 2.26s 
130185     INFO  main            d.u.i.k.p.i.AbstractProblemLoader Replaying proof substring1.key.proof 
130187     DEBUG main            d.u.i.k.p.i.IntermediateProofReplayer Proof replay took 463.41ns 
130188     DEBUG main            d.u.i.k.p.r.p.TestFile    ... success: reloaded. 
130188     INFO  main            d.u.i.k.p.r.p.TestFile    Now processing file /home/runner/work/key/key/key.core/../key.ui/examples/standard_key/strings/substring2.key 
130188     INFO  main            d.u.i.k.p.i.AbstractProblemLoader Loading environment from /home/runner/work/key/key/key.core/../key.ui/examples/standard_key/strings/substring2.key 
130189     DEBUG main            d.u.i.k.p.i.AbstractProblemLoader Environment load took 92.5ns 
130189     INFO  main            d.u.i.k.p.i.AbstractProblemLoader Creating init config 
132518     DEBUG main            d.u.i.k.p.i.AbstractProblemLoader Init config took 2.33s 
132532     INFO  main            d.u.i.k.p.i.AbstractProblemLoader Replaying proof substring2.key 
132533     DEBUG main            d.u.i.k.p.i.IntermediateProofReplayer Proof replay took 8.7ns 
132635     INFO  main            d.u.i.k.p.r.p.TestFile    ... finished proof: closed. 
132900     INFO  main            d.u.i.k.p.i.AbstractProblemLoader Loading environment from /home/runner/work/key/key/key.core/../key.ui/examples/standard_key/strings/substring2.key.proof 
132900     DEBUG main            d.u.i.k.p.i.AbstractProblemLoader Environment load took 117.6ns 
132901     INFO  main            d.u.i.k.p.i.AbstractProblemLoader Creating init config 
135149     DEBUG main            d.u.i.k.p.i.AbstractProblemLoader Init config took 2.25s 
135163     INFO  main            d.u.i.k.p.i.AbstractProblemLoader Replaying proof substring2.key.proof 
135166     DEBUG main            d.u.i.k.p.i.IntermediateProofReplayer Proof replay took 839.81ns 
135167     DEBUG main            d.u.i.k.p.r.p.TestFile    ... success: reloaded. 
135168     INFO  main            d.u.i.k.p.r.p.TestFile    Now processing file /home/runner/work/key/key/key.core/../key.ui/examples/standard_key/strings/substring3.key 
135168     INFO  main            d.u.i.k.p.i.AbstractProblemLoader Loading environment from /home/runner/work/key/key/key.core/../key.ui/examples/standard_key/strings/substring3.key 
135168     DEBUG main            d.u.i.k.p.i.AbstractProblemLoader Environment load took 173.1ns 
135169     INFO  main            d.u.i.k.p.i.AbstractProblemLoader Creating init config 
137493     DEBUG main            d.u.i.k.p.i.AbstractProblemLoader Init config took 2.32s 
137527     INFO  main            d.u.i.k.p.i.AbstractProblemLoader Replaying proof substring3.key 
137528     DEBUG main            d.u.i.k.p.i.IntermediateProofReplayer Proof replay took 10.2ns 
137631     INFO  main            d.u.i.k.p.r.p.TestFile    ... finished proof: closed. 
137932     INFO  main            d.u.i.k.p.i.AbstractProblemLoader Loading environment from /home/runner/work/key/key/key.core/../key.ui/examples/standard_key/strings/substring3.key.proof 
137932     DEBUG main            d.u.i.k.p.i.AbstractProblemLoader Environment load took 119.3ns 
137933     INFO  main            d.u.i.k.p.i.AbstractProblemLoader Creating init config 
140200     DEBUG main            d.u.i.k.p.i.AbstractProblemLoader Init config took 2.27s 
140214     INFO  main            d.u.i.k.p.i.AbstractProblemLoader Replaying proof substring3.key.proof 
140218     DEBUG main            d.u.i.k.p.i.IntermediateProofReplayer Proof replay took 2.17ms 
140219     DEBUG main            d.u.i.k.p.r.p.TestFile    ... success: reloaded. 
140220     INFO  main            d.u.i.k.p.r.p.TestFile    Now processing file /home/runner/work/key/key/key.core/../key.ui/examples/standard_key/strings/substring4.key 
140220     INFO  main            d.u.i.k.p.i.AbstractProblemLoader Loading environment from /home/runner/work/key/key/key.core/../key.ui/examples/standard_key/strings/substring4.key 
140221     DEBUG main            d.u.i.k.p.i.AbstractProblemLoader Environment load took 291.11ns 
140222     INFO  main            d.u.i.k.p.i.AbstractProblemLoader Creating init config 
142524     DEBUG main            d.u.i.k.p.i.AbstractProblemLoader Init config took 2.3s 
142538     INFO  main            d.u.i.k.p.i.AbstractProblemLoader Replaying proof substring4.key 
142539     DEBUG main            d.u.i.k.p.i.IntermediateProofReplayer Proof replay took 8.1ns 
142643     INFO  main            d.u.i.k.p.r.p.TestFile    ... finished proof: closed. 
142982     INFO  main            d.u.i.k.p.i.AbstractProblemLoader Loading environment from /home/runner/work/key/key/key.core/../key.ui/examples/standard_key/strings/substring4.key.proof 
142982     DEBUG main            d.u.i.k.p.i.AbstractProblemLoader Environment load took 113.2ns 
142983     INFO  main            d.u.i.k.p.i.AbstractProblemLoader Creating init config 
145229     DEBUG main            d.u.i.k.p.i.AbstractProblemLoader Init config took 2.25s 
145243     INFO  main            d.u.i.k.p.i.AbstractProblemLoader Replaying proof substring4.key.proof 
145248     DEBUG main            d.u.i.k.p.i.IntermediateProofReplayer Proof replay took 3.09ms 
145249     DEBUG main            d.u.i.k.p.r.p.TestFile    ... success: reloaded. 
145249     INFO  main            d.u.i.k.p.r.p.TestFile    Now processing file /home/runner/work/key/key/key.core/../key.ui/examples/standard_key/strings/substring5.key 
145250     INFO  main            d.u.i.k.p.i.AbstractProblemLoader Loading environment from /home/runner/work/key/key/key.core/../key.ui/examples/standard_key/strings/substring5.key 
145250     DEBUG main            d.u.i.k.p.i.AbstractProblemLoader Environment load took 67.4ns 
145251     INFO  main            d.u.i.k.p.i.AbstractProblemLoader Creating init config 
147616     DEBUG main            d.u.i.k.p.i.AbstractProblemLoader Init config took 2.37s 
147630     INFO  main            d.u.i.k.p.i.AbstractProblemLoader Replaying proof substring5.key 
147632     DEBUG main            d.u.i.k.p.i.IntermediateProofReplayer Proof replay took 7.4ns 
147934     INFO  main            d.u.i.k.p.r.p.TestFile    ... finished proof: closed. 
148238     INFO  main            d.u.i.k.p.i.AbstractProblemLoader Loading environment from /home/runner/work/key/key/key.core/../key.ui/examples/standard_key/strings/substring5.key.proof 
148238     DEBUG main            d.u.i.k.p.i.AbstractProblemLoader Environment load took 402.31ns 
148239     INFO  main            d.u.i.k.p.i.AbstractProblemLoader Creating init config 
150490     DEBUG main            d.u.i.k.p.i.AbstractProblemLoader Init config took 2.25s 
150520     INFO  main            d.u.i.k.p.i.AbstractProblemLoader Replaying proof substring5.key.proof 
150549     DEBUG main            d.u.i.k.p.i.IntermediateProofReplayer Proof replay took 24.82ms 
150550     DEBUG main            d.u.i.k.p.r.p.TestFile    ... success: reloaded. 
4064971    INFO  Test worker     d.u.i.k.p.r.RunAllProofsTestUnit Returning from test strings 
4064972    INFO  Test worker     d.u.i.k.p.r.RunAllProofsTestUnit Running test simple_info_flow 
342        INFO  Timeout watchdog d.u.i.k.p.r.p.ForkedTestFileRunner Timeout watcher launched (2000 secs.) 
358        WARN  main            d.u.i.k.s.ProofSettings   The settings in /home/runner/.key/proof-settings.props are *not* read. 
390        INFO  main            d.u.i.k.p.r.p.TestFile    Now processing file /home/runner/work/key/key/key.core/../key.ui/examples/heap/information_flow/UpdateAbstraction_ex7_1_insecure.key 
499        INFO  main            d.u.i.k.p.i.AbstractProblemLoader Loading environment from /home/runner/work/key/key/key.core/../key.ui/examples/heap/information_flow/UpdateAbstraction_ex7_1_insecure.key 
521        DEBUG main            d.u.i.k.p.i.AbstractProblemLoader Environment load took 1.87ms 
757        INFO  main            d.u.i.k.p.i.AbstractProblemLoader Creating init config 
1721       DEBUG main            d.u.i.k.j.TypeConverter   No LDT found for Meta 
1727       DEBUG main            d.u.i.k.j.TypeConverter   No LDT found for Meta 
1728       DEBUG main            d.u.i.k.j.TypeConverter   No LDT found for Meta 
1729       DEBUG main            d.u.i.k.j.TypeConverter   No LDT found for Meta 
2955       DEBUG main            d.u.i.k.j.TypeConverter   No LDT found for JavaBigintExpression 
8891       DEBUG main            d.u.i.k.p.i.AbstractProblemLoader Init config took 8.13s 
9017       INFO  main            d.u.i.k.p.i.AbstractProblemLoader Replaying proof UpdateAbstraction[UpdateAbstraction::ex7_1_insecure()].JML operation contract.0 
9049       DEBUG main            d.u.i.k.p.i.IntermediateProofReplayer Proof replay took 35.9ns 
9728       INFO  main            d.u.i.k.p.r.p.TestFile    ... finished proof: open goal(s) 
9842       INFO  main            d.u.i.k.p.r.p.TestFile    Now processing file /home/runner/work/key/key/key.core/../key.ui/examples/heap/information_flow/UpdateAbstraction_ex7_2_insecure.key 
9842       INFO  main            d.u.i.k.p.i.AbstractProblemLoader Loading environment from /home/runner/work/key/key/key.core/../key.ui/examples/heap/information_flow/UpdateAbstraction_ex7_2_insecure.key 
9843       DEBUG main            d.u.i.k.p.i.AbstractProblemLoader Environment load took 100ns 
9844       INFO  main            d.u.i.k.p.i.AbstractProblemLoader Creating init config 
12941      DEBUG main            d.u.i.k.p.i.AbstractProblemLoader Init config took 3.1s 
13031      INFO  main            d.u.i.k.p.i.AbstractProblemLoader Replaying proof UpdateAbstraction[UpdateAbstraction::ex7_2_insecure()].JML operation contract.0 
13037      DEBUG main            d.u.i.k.p.i.IntermediateProofReplayer Proof replay took 8.6ns 
13443      INFO  main            d.u.i.k.p.r.p.TestFile    ... finished proof: open goal(s) 
4078732    INFO  Test worker     d.u.i.k.p.r.RunAllProofsTestUnit Returning from test simple_info_flow 
4078734    INFO  Test worker     d.u.i.k.p.r.RunAllProofsTestUnit Running test modelMethods 
310        INFO  Timeout watchdog d.u.i.k.p.r.p.ForkedTestFileRunner Timeout watcher launched (2000 secs.) 
322        WARN  main            d.u.i.k.s.ProofSettings   The settings in /home/runner/.key/proof-settings.props are *not* read. 
355        INFO  main            d.u.i.k.p.r.p.TestFile    Now processing file /home/runner/work/key/key/key.core/../key.ui/examples/heap/model_methods/Cell_footprint_acc.key 
465        INFO  main            d.u.i.k.p.i.AbstractProblemLoader Loading environment from /home/runner/work/key/key/key.core/../key.ui/examples/heap/model_methods/Cell_footprint_acc.key 
490        DEBUG main            d.u.i.k.p.i.AbstractProblemLoader Environment load took 2.2ms 
717        INFO  main            d.u.i.k.p.i.AbstractProblemLoader Creating init config 
1634       DEBUG main            d.u.i.k.j.TypeConverter   No LDT found for Meta 
1638       DEBUG main            d.u.i.k.j.TypeConverter   No LDT found for Meta 
1642       DEBUG main            d.u.i.k.j.TypeConverter   No LDT found for Meta 
1642       DEBUG main            d.u.i.k.j.TypeConverter   No LDT found for Meta 
3144       DEBUG main            d.u.i.k.j.TypeConverter   No LDT found for JavaBigintExpression 
8378       DEBUG main            d.u.i.k.p.i.AbstractProblemLoader Init config took 7.66s 
8554       INFO  main            d.u.i.k.p.i.AbstractProblemLoader Replaying proof Cell[Cell::footprint()].JML accessible clause.0 
8591       DEBUG main            d.u.i.k.p.i.IntermediateProofReplayer Proof replay took 34.7ns 
9047       INFO  main            d.u.i.k.p.r.p.TestFile    ... finished proof: closed. 
9167       INFO  main            d.u.i.k.p.i.AbstractProblemLoader Loading environment from /home/runner/work/key/key/key.core/../key.ui/examples/heap/model_methods/Cell_footprint_acc.key.proof 
9167       DEBUG main            d.u.i.k.p.i.AbstractProblemLoader Environment load took 187.6ns 
9169       INFO  main            d.u.i.k.p.i.AbstractProblemLoader Creating init config 
12118      DEBUG main            d.u.i.k.p.i.AbstractProblemLoader Init config took 2.95s 
12201      INFO  main            d.u.i.k.p.i.AbstractProblemLoader Replaying proof Cell[Cell::footprint()].JML accessible clause.0 
12244      DEBUG main            d.u.i.k.p.i.IntermediateProofReplayer Proof replay took 37.51ms 
12251      DEBUG main            d.u.i.k.p.r.p.TestFile    ... success: reloaded. 
12253      INFO  main            d.u.i.k.p.r.p.TestFile    Now processing file /home/runner/work/key/key/key.core/../key.ui/examples/heap/model_methods/Cell_footprint.key 
12253      INFO  main            d.u.i.k.p.i.AbstractProblemLoader Loading environment from /home/runner/work/key/key/key.core/../key.ui/examples/heap/model_methods/Cell_footprint.key 
12254      DEBUG main            d.u.i.k.p.i.AbstractProblemLoader Environment load took 197.2ns 
12255      INFO  main            d.u.i.k.p.i.AbstractProblemLoader Creating init config 
15171      DEBUG main            d.u.i.k.p.i.AbstractProblemLoader Init config took 2.92s 
15240      INFO  main            d.u.i.k.p.i.AbstractProblemLoader Replaying proof Cell[Cell::footprint()].JML model_behavior operation contract.0 
15243      DEBUG main            d.u.i.k.p.i.IntermediateProofReplayer Proof replay took 6.8ns 
15349      INFO  main            d.u.i.k.p.r.p.TestFile    ... finished proof: closed. 
15492      INFO  main            d.u.i.k.p.i.AbstractProblemLoader Loading environment from /home/runner/work/key/key/key.core/../key.ui/examples/heap/model_methods/Cell_footprint.key.proof 
15492      DEBUG main            d.u.i.k.p.i.AbstractProblemLoader Environment load took 172ns 
15494      INFO  main            d.u.i.k.p.i.AbstractProblemLoader Creating init config 
18237      DEBUG main            d.u.i.k.p.i.AbstractProblemLoader Init config took 2.74s 
18301      INFO  main            d.u.i.k.p.i.AbstractProblemLoader Replaying proof Cell[Cell::footprint()].JML model_behavior operation contract.0 
18311      DEBUG main            d.u.i.k.p.i.IntermediateProofReplayer Proof replay took 6.6ms 
18312      DEBUG main            d.u.i.k.p.r.p.TestFile    ... success: reloaded. 
18314      INFO  main            d.u.i.k.p.r.p.TestFile    Now processing file /home/runner/work/key/key/key.core/../key.ui/examples/heap/model_methods/Cell_get_acc.key 
18314      INFO  main            d.u.i.k.p.i.AbstractProblemLoader Loading environment from /home/runner/work/key/key/key.core/../key.ui/examples/heap/model_methods/Cell_get_acc.key 
18314      DEBUG main            d.u.i.k.p.i.AbstractProblemLoader Environment load took 194.8ns 
18316      INFO  main            d.u.i.k.p.i.AbstractProblemLoader Creating init config 
21083      DEBUG main            d.u.i.k.p.i.AbstractProblemLoader Init config took 2.77s 
21135      INFO  main            d.u.i.k.p.i.AbstractProblemLoader Replaying proof Cell[Cell::get()].JML accessible clause.0 
21137      DEBUG main            d.u.i.k.p.i.IntermediateProofReplayer Proof replay took 8.6ns 
21350      INFO  main            d.u.i.k.p.r.p.TestFile    ... finished proof: closed. 
21503      INFO  main            d.u.i.k.p.i.AbstractProblemLoader Loading environment from /home/runner/work/key/key/key.core/../key.ui/examples/heap/model_methods/Cell_get_acc.key.proof 
21509      DEBUG main            d.u.i.k.p.i.AbstractProblemLoader Environment load took 6.25ms 
21511      INFO  main            d.u.i.k.p.i.AbstractProblemLoader Creating init config 
24231      DEBUG main            d.u.i.k.p.i.AbstractProblemLoader Init config took 2.72s 
24281      INFO  main            d.u.i.k.p.i.AbstractProblemLoader Replaying proof Cell[Cell::get()].JML accessible clause.0 
24343      DEBUG main            d.u.i.k.p.i.IntermediateProofReplayer Proof replay took 58.93ms 
24346      DEBUG main            d.u.i.k.p.r.p.TestFile    ... success: reloaded. 
24348      INFO  main            d.u.i.k.p.r.p.TestFile    Now processing file /home/runner/work/key/key/key.core/../key.ui/examples/heap/model_methods/Cell_get.key 
24348      INFO  main            d.u.i.k.p.i.AbstractProblemLoader Loading environment from /home/runner/work/key/key/key.core/../key.ui/examples/heap/model_methods/Cell_get.key 
24348      DEBUG main            d.u.i.k.p.i.AbstractProblemLoader Environment load took 108.6ns 
24349      INFO  main            d.u.i.k.p.i.AbstractProblemLoader Creating init config 
27063      DEBUG main            d.u.i.k.p.i.AbstractProblemLoader Init config took 2.71s 
27115      INFO  main            d.u.i.k.p.i.AbstractProblemLoader Replaying proof Cell[Cell::get()].JML operation contract.0 
27117      DEBUG main            d.u.i.k.p.i.IntermediateProofReplayer Proof replay took 6.5ns 
27220      INFO  main            d.u.i.k.p.r.p.TestFile    ... finished proof: closed. 
27360      INFO  main            d.u.i.k.p.i.AbstractProblemLoader Loading environment from /home/runner/work/key/key/key.core/../key.ui/examples/heap/model_methods/Cell_get.key.proof 
27360      DEBUG main            d.u.i.k.p.i.AbstractProblemLoader Environment load took 138.2ns 
27361      INFO  main            d.u.i.k.p.i.AbstractProblemLoader Creating init config 
30023      DEBUG main            d.u.i.k.p.i.AbstractProblemLoader Init config took 2.66s 
30082      INFO  main            d.u.i.k.p.i.AbstractProblemLoader Replaying proof Cell[Cell::get()].JML operation contract.0 
30114      DEBUG main            d.u.i.k.p.i.IntermediateProofReplayer Proof replay took 26.66ms 
30116      DEBUG main            d.u.i.k.p.r.p.TestFile    ... success: reloaded. 
30118      INFO  main            d.u.i.k.p.r.p.TestFile    Now processing file /home/runner/work/key/key/key.core/../key.ui/examples/heap/model_methods/Cell_post_set.key 
30118      INFO  main            d.u.i.k.p.i.AbstractProblemLoader Loading environment from /home/runner/work/key/key/key.core/../key.ui/examples/heap/model_methods/Cell_post_set.key 
30118      DEBUG main            d.u.i.k.p.i.AbstractProblemLoader Environment load took 193.5ns 
30120      INFO  main            d.u.i.k.p.i.AbstractProblemLoader Creating init config 
32796      DEBUG main            d.u.i.k.p.i.AbstractProblemLoader Init config took 2.68s 
32846      INFO  main            d.u.i.k.p.i.AbstractProblemLoader Replaying proof Cell[Cell::post_set(int)].JML model_behavior operation contract.0 
32848      DEBUG main            d.u.i.k.p.i.IntermediateProofReplayer Proof replay took 6.8ns 
32953      INFO  main            d.u.i.k.p.r.p.TestFile    ... finished proof: closed. 
33130      INFO  main            d.u.i.k.p.i.AbstractProblemLoader Loading environment from /home/runner/work/key/key/key.core/../key.ui/examples/heap/model_methods/Cell_post_set.key.proof 
33130      DEBUG main            d.u.i.k.p.i.AbstractProblemLoader Environment load took 172.1ns 
33131      INFO  main            d.u.i.k.p.i.AbstractProblemLoader Creating init config 
35761      DEBUG main            d.u.i.k.p.i.AbstractProblemLoader Init config took 2.63s 
35808      INFO  main            d.u.i.k.p.i.AbstractProblemLoader Replaying proof Cell[Cell::post_set(int)].JML model_behavior operation contract.0 
35814      DEBUG main            d.u.i.k.p.i.IntermediateProofReplayer Proof replay took 4.73ms 
35815      DEBUG main            d.u.i.k.p.r.p.TestFile    ... success: reloaded. 
35816      INFO  main            d.u.i.k.p.r.p.TestFile    Now processing file /home/runner/work/key/key/key.core/../key.ui/examples/heap/model_methods/Cell_set.key 
35817      INFO  main            d.u.i.k.p.i.AbstractProblemLoader Loading environment from /home/runner/work/key/key/key.core/../key.ui/examples/heap/model_methods/Cell_set.key 
35817      DEBUG main            d.u.i.k.p.i.AbstractProblemLoader Environment load took 104.3ns 
35818      INFO  main            d.u.i.k.p.i.AbstractProblemLoader Creating init config 
38502      DEBUG main            d.u.i.k.p.i.AbstractProblemLoader Init config took 2.68s 
38557      INFO  main            d.u.i.k.p.i.AbstractProblemLoader Replaying proof Cell[Cell::set(int)].JML operation contract.0 
38559      DEBUG main            d.u.i.k.p.i.IntermediateProofReplayer Proof replay took 8ns 
45204      INFO  main            d.u.i.k.p.r.p.TestFile    ... finished proof: closed. 
45425      INFO  main            d.u.i.k.p.i.AbstractProblemLoader Loading environment from /home/runner/work/key/key/key.core/../key.ui/examples/heap/model_methods/Cell_set.key.proof 
45425      DEBUG main            d.u.i.k.p.i.AbstractProblemLoader Environment load took 419.01ns 
45429      INFO  main            d.u.i.k.p.i.AbstractProblemLoader Creating init config 
48079      DEBUG main            d.u.i.k.p.i.AbstractProblemLoader Init config took 2.65s 
48134      INFO  main            d.u.i.k.p.i.AbstractProblemLoader Replaying proof Cell[Cell::set(int)].JML operation contract.0 
48743      DEBUG main            d.u.i.k.p.i.IntermediateProofReplayer Proof replay took 591.73ms 
48744      DEBUG main            d.u.i.k.p.r.p.TestFile    ... success: reloaded. 
48746      INFO  main            d.u.i.k.p.r.p.TestFile    Now processing file /home/runner/work/key/key/key.core/../key.ui/examples/heap/model_methods/CellTest_callSet.key 
48746      INFO  main            d.u.i.k.p.i.AbstractProblemLoader Loading environment from /home/runner/work/key/key/key.core/../key.ui/examples/heap/model_methods/CellTest_callSet.key 
48746      DEBUG main            d.u.i.k.p.i.AbstractProblemLoader Environment load took 189.9ns 
48748      INFO  main            d.u.i.k.p.i.AbstractProblemLoader Creating init config 
51410      DEBUG main            d.u.i.k.p.i.AbstractProblemLoader Init config took 2.66s 
51455      INFO  main            d.u.i.k.p.i.AbstractProblemLoader Replaying proof CellTest[CellTest::callSet(Cell,int)].JML operation contract.0 
51457      DEBUG main            d.u.i.k.p.i.IntermediateProofReplayer Proof replay took 6.4ns 
51662      INFO  main            d.u.i.k.p.r.p.TestFile    ... finished proof: closed. 
51918      INFO  main            d.u.i.k.p.i.AbstractProblemLoader Loading environment from /home/runner/work/key/key/key.core/../key.ui/examples/heap/model_methods/CellTest_callSet.key.proof 
51919      DEBUG main            d.u.i.k.p.i.AbstractProblemLoader Environment load took 742.91ns 
51920      INFO  main            d.u.i.k.p.i.AbstractProblemLoader Creating init config 
54525      DEBUG main            d.u.i.k.p.i.AbstractProblemLoader Init config took 2.61s 
54570      INFO  main            d.u.i.k.p.i.AbstractProblemLoader Replaying proof CellTest[CellTest::callSet(Cell,int)].JML operation contract.0 
54614      DEBUG main            d.u.i.k.p.i.IntermediateProofReplayer Proof replay took 41.53ms 
54615      DEBUG main            d.u.i.k.p.r.p.TestFile    ... success: reloaded. 
54616      INFO  main            d.u.i.k.p.r.p.TestFile    Now processing file /home/runner/work/key/key/key.core/../key.ui/examples/heap/model_methods/CellTest_test2.key 
54616      INFO  main            d.u.i.k.p.i.AbstractProblemLoader Loading environment from /home/runner/work/key/key/key.core/../key.ui/examples/heap/model_methods/CellTest_test2.key 
54617      DEBUG main            d.u.i.k.p.i.AbstractProblemLoader Environment load took 94.3ns 
54618      INFO  main            d.u.i.k.p.i.AbstractProblemLoader Creating init config 
57271      DEBUG main            d.u.i.k.p.i.AbstractProblemLoader Init config took 2.65s 
57315      INFO  main            d.u.i.k.p.i.AbstractProblemLoader Replaying proof CellTest[CellTest::test2(Cell)].JML operation contract.0 
57316      DEBUG main            d.u.i.k.p.i.IntermediateProofReplayer Proof replay took 7.3ns 
57642      INFO  main            d.u.i.k.p.r.p.TestFile    ... finished proof: closed. 
57820      INFO  main            d.u.i.k.p.i.AbstractProblemLoader Loading environment from /home/runner/work/key/key/key.core/../key.ui/examples/heap/model_methods/CellTest_test2.key.proof 
57821      DEBUG main            d.u.i.k.p.i.AbstractProblemLoader Environment load took 392.41ns 
57822      INFO  main            d.u.i.k.p.i.AbstractProblemLoader Creating init config 
60416      DEBUG main            d.u.i.k.p.i.AbstractProblemLoader Init config took 2.59s 
60462      INFO  main            d.u.i.k.p.i.AbstractProblemLoader Replaying proof CellTest[CellTest::test2(Cell)].JML operation contract.0 
60546      DEBUG main            d.u.i.k.p.i.IntermediateProofReplayer Proof replay took 81.37ms 
60547      DEBUG main            d.u.i.k.p.r.p.TestFile    ... success: reloaded. 
60549      INFO  main            d.u.i.k.p.r.p.TestFile    Now processing file /home/runner/work/key/key/key.core/../key.ui/examples/heap/model_methods/CellTest_test.key 
60549      INFO  main            d.u.i.k.p.i.AbstractProblemLoader Loading environment from /home/runner/work/key/key/key.core/../key.ui/examples/heap/model_methods/CellTest_test.key 
60549      DEBUG main            d.u.i.k.p.i.AbstractProblemLoader Environment load took 213.2ns 
60550      INFO  main            d.u.i.k.p.i.AbstractProblemLoader Creating init config 
63185      DEBUG main            d.u.i.k.p.i.AbstractProblemLoader Init config took 2.63s 
63228      INFO  main            d.u.i.k.p.i.AbstractProblemLoader Replaying proof CellTest[CellTest::test(Recell)].JML operation contract.0 
63229      DEBUG main            d.u.i.k.p.i.IntermediateProofReplayer Proof replay took 6.3ns 
65882      INFO  main            d.u.i.k.p.r.p.TestFile    ... finished proof: closed. 
66105      INFO  main            d.u.i.k.p.i.AbstractProblemLoader Loading environment from /home/runner/work/key/key/key.core/../key.ui/examples/heap/model_methods/CellTest_test.key.proof 
66105      DEBUG main            d.u.i.k.p.i.AbstractProblemLoader Environment load took 401.31ns 
66107      INFO  main            d.u.i.k.p.i.AbstractProblemLoader Creating init config 
68663      DEBUG main            d.u.i.k.p.i.AbstractProblemLoader Init config took 2.56s 
68726      INFO  main            d.u.i.k.p.i.AbstractProblemLoader Replaying proof CellTest[CellTest::test(Recell)].JML operation contract.0 
69340      DEBUG main            d.u.i.k.p.i.IntermediateProofReplayer Proof replay took 594.48ms 
69342      DEBUG main            d.u.i.k.p.r.p.TestFile    ... success: reloaded. 
69343      INFO  main            d.u.i.k.p.r.p.TestFile    Now processing file /home/runner/work/key/key/key.core/../key.ui/examples/heap/model_methods/Coll1_add.key 
69344      INFO  main            d.u.i.k.p.i.AbstractProblemLoader Loading environment from /home/runner/work/key/key/key.core/../key.ui/examples/heap/model_methods/Coll1_add.key 
69344      DEBUG main            d.u.i.k.p.i.AbstractProblemLoader Environment load took 231.7ns 
69345      INFO  main            d.u.i.k.p.i.AbstractProblemLoader Creating init config 
71974      DEBUG main            d.u.i.k.p.i.AbstractProblemLoader Init config took 2.63s 
72017      INFO  main            d.u.i.k.p.i.AbstractProblemLoader Replaying proof Coll1[Coll::add(int)].JML operation contract.0 
72019      DEBUG main            d.u.i.k.p.i.IntermediateProofReplayer Proof replay took 10.5ns 
72121      INFO  main            d.u.i.k.p.r.p.TestFile    ... finished proof: closed. 
72327      INFO  main            d.u.i.k.p.i.AbstractProblemLoader Loading environment from /home/runner/work/key/key/key.core/../key.ui/examples/heap/model_methods/Coll1_add.key.proof 
72328      DEBUG main            d.u.i.k.p.i.AbstractProblemLoader Environment load took 144.4ns 
72329      INFO  main            d.u.i.k.p.i.AbstractProblemLoader Creating init config 
74952      DEBUG main            d.u.i.k.p.i.AbstractProblemLoader Init config took 2.62s 
74996      INFO  main            d.u.i.k.p.i.AbstractProblemLoader Replaying proof Coll1[Coll::add(int)].JML operation contract.0 
75006      DEBUG main            d.u.i.k.p.i.IntermediateProofReplayer Proof replay took 7.43ms 
75007      DEBUG main            d.u.i.k.p.r.p.TestFile    ... success: reloaded. 
75008      INFO  main            d.u.i.k.p.r.p.TestFile    Now processing file /home/runner/work/key/key/key.core/../key.ui/examples/heap/model_methods/Coll1_Coll1_add_pre.key 
75008      INFO  main            d.u.i.k.p.i.AbstractProblemLoader Loading environment from /home/runner/work/key/key/key.core/../key.ui/examples/heap/model_methods/Coll1_Coll1_add_pre.key 
75009      DEBUG main            d.u.i.k.p.i.AbstractProblemLoader Environment load took 194.9ns 
75010      INFO  main            d.u.i.k.p.i.AbstractProblemLoader Creating init config 
77601      DEBUG main            d.u.i.k.p.i.AbstractProblemLoader Init config took 2.59s 
77642      INFO  main            d.u.i.k.p.i.AbstractProblemLoader Replaying proof Coll1[Coll1::add_pre(int)].JML model_behavior operation contract.0 
77644      DEBUG main            d.u.i.k.p.i.IntermediateProofReplayer Proof replay took 9.4ns 
77746      INFO  main            d.u.i.k.p.r.p.TestFile    ... finished proof: closed. 
77946      INFO  main            d.u.i.k.p.i.AbstractProblemLoader Loading environment from /home/runner/work/key/key/key.core/../key.ui/examples/heap/model_methods/Coll1_Coll1_add_pre.key.proof 
77947      DEBUG main            d.u.i.k.p.i.AbstractProblemLoader Environment load took 157.5ns 
77948      INFO  main            d.u.i.k.p.i.AbstractProblemLoader Creating init config 
80508      DEBUG main            d.u.i.k.p.i.AbstractProblemLoader Init config took 2.56s 
80560      INFO  main            d.u.i.k.p.i.AbstractProblemLoader Replaying proof Coll1[Coll1::add_pre(int)].JML model_behavior operation contract.0 
80563      DEBUG main            d.u.i.k.p.i.IntermediateProofReplayer Proof replay took 1.46ms 
80564      DEBUG main            d.u.i.k.p.r.p.TestFile    ... success: reloaded. 
80565      INFO  main            d.u.i.k.p.r.p.TestFile    Now processing file /home/runner/work/key/key/key.core/../key.ui/examples/heap/model_methods/Coll1_Coll_add_pre.key 
80566      INFO  main            d.u.i.k.p.i.AbstractProblemLoader Loading environment from /home/runner/work/key/key/key.core/../key.ui/examples/heap/model_methods/Coll1_Coll_add_pre.key 
80566      DEBUG main            d.u.i.k.p.i.AbstractProblemLoader Environment load took 102.8ns 
80567      INFO  main            d.u.i.k.p.i.AbstractProblemLoader Creating init config 
83181      DEBUG main            d.u.i.k.p.i.AbstractProblemLoader Init config took 2.61s 
83258      INFO  main            d.u.i.k.p.i.AbstractProblemLoader Replaying proof Coll1[Coll::add_pre(int)].JML model_behavior operation contract.0 
83260      DEBUG main            d.u.i.k.p.i.IntermediateProofReplayer Proof replay took 8.1ns 
83362      INFO  main            d.u.i.k.p.r.p.TestFile    ... finished proof: closed. 
83591      INFO  main            d.u.i.k.p.i.AbstractProblemLoader Loading environment from /home/runner/work/key/key/key.core/../key.ui/examples/heap/model_methods/Coll1_Coll_add_pre.key.proof 
83591      DEBUG main            d.u.i.k.p.i.AbstractProblemLoader Environment load took 163.5ns 
83592      INFO  main            d.u.i.k.p.i.AbstractProblemLoader Creating init config 
86146      DEBUG main            d.u.i.k.p.i.AbstractProblemLoader Init config took 2.55s 
86187      INFO  main            d.u.i.k.p.i.AbstractProblemLoader Replaying proof Coll1[Coll::add_pre(int)].JML model_behavior operation contract.0 
86191      DEBUG main            d.u.i.k.p.i.IntermediateProofReplayer Proof replay took 2.13ms 
86191      DEBUG main            d.u.i.k.p.r.p.TestFile    ... success: reloaded. 
86192      INFO  main            d.u.i.k.p.r.p.TestFile    Now processing file /home/runner/work/key/key/key.core/../key.ui/examples/heap/model_methods/Coll2_add.key 
86193      INFO  main            d.u.i.k.p.i.AbstractProblemLoader Loading environment from /home/runner/work/key/key/key.core/../key.ui/examples/heap/model_methods/Coll2_add.key 
86193      DEBUG main            d.u.i.k.p.i.AbstractProblemLoader Environment load took 102ns 
86194      INFO  main            d.u.i.k.p.i.AbstractProblemLoader Creating init config 
88818      DEBUG main            d.u.i.k.p.i.AbstractProblemLoader Init config took 2.62s 
88859      INFO  main            d.u.i.k.p.i.AbstractProblemLoader Replaying proof Coll2[Coll::add(int)].JML operation contract.0 
88861      DEBUG main            d.u.i.k.p.i.IntermediateProofReplayer Proof replay took 8.9ns 
88965      INFO  main            d.u.i.k.p.r.p.TestFile    ... finished proof: closed. 
89193      INFO  main            d.u.i.k.p.i.AbstractProblemLoader Loading environment from /home/runner/work/key/key/key.core/../key.ui/examples/heap/model_methods/Coll2_add.key.proof 
89193      DEBUG main            d.u.i.k.p.i.AbstractProblemLoader Environment load took 145.3ns 
89194      INFO  main            d.u.i.k.p.i.AbstractProblemLoader Creating init config 
91745      DEBUG main            d.u.i.k.p.i.AbstractProblemLoader Init config took 2.55s 
91788      INFO  main            d.u.i.k.p.i.AbstractProblemLoader Replaying proof Coll2[Coll::add(int)].JML operation contract.0 
91799      DEBUG main            d.u.i.k.p.i.IntermediateProofReplayer Proof replay took 6.8ms 
91800      DEBUG main            d.u.i.k.p.r.p.TestFile    ... success: reloaded. 
91801      INFO  main            d.u.i.k.p.r.p.TestFile    Now processing file /home/runner/work/key/key/key.core/../key.ui/examples/heap/model_methods/Coll2_Coll2_add_pre.key 
91801      INFO  main            d.u.i.k.p.i.AbstractProblemLoader Loading environment from /home/runner/work/key/key/key.core/../key.ui/examples/heap/model_methods/Coll2_Coll2_add_pre.key 
91801      DEBUG main            d.u.i.k.p.i.AbstractProblemLoader Environment load took 110.5ns 
91802      INFO  main            d.u.i.k.p.i.AbstractProblemLoader Creating init config 
94434      DEBUG main            d.u.i.k.p.i.AbstractProblemLoader Init config took 2.63s 
94478      INFO  main            d.u.i.k.p.i.AbstractProblemLoader Replaying proof Coll2[Coll2::add_pre(int)].JML model_behavior operation contract.0 
94481      DEBUG main            d.u.i.k.p.i.IntermediateProofReplayer Proof replay took 9.1ns 
94583      INFO  main            d.u.i.k.p.r.p.TestFile    ... finished proof: closed. 
94809      INFO  main            d.u.i.k.p.i.AbstractProblemLoader Loading environment from /home/runner/work/key/key/key.core/../key.ui/examples/heap/model_methods/Coll2_Coll2_add_pre.key.proof 
94809      DEBUG main            d.u.i.k.p.i.AbstractProblemLoader Environment load took 135.4ns 
94810      INFO  main            d.u.i.k.p.i.AbstractProblemLoader Creating init config 
97375      DEBUG main            d.u.i.k.p.i.AbstractProblemLoader Init config took 2.56s 
97415      INFO  main            d.u.i.k.p.i.AbstractProblemLoader Replaying proof Coll2[Coll2::add_pre(int)].JML model_behavior operation contract.0 
97418      DEBUG main            d.u.i.k.p.i.IntermediateProofReplayer Proof replay took 1.48ms 
97419      DEBUG main            d.u.i.k.p.r.p.TestFile    ... success: reloaded. 
97420      INFO  main            d.u.i.k.p.r.p.TestFile    Now processing file /home/runner/work/key/key/key.core/../key.ui/examples/heap/model_methods/Coll2_Coll_add_pre.key 
97421      INFO  main            d.u.i.k.p.i.AbstractProblemLoader Loading environment from /home/runner/work/key/key/key.core/../key.ui/examples/heap/model_methods/Coll2_Coll_add_pre.key 
97421      DEBUG main            d.u.i.k.p.i.AbstractProblemLoader Environment load took 185.4ns 
97422      INFO  main            d.u.i.k.p.i.AbstractProblemLoader Creating init config 
100015     DEBUG main            d.u.i.k.p.i.AbstractProblemLoader Init config took 2.59s 
100055     INFO  main            d.u.i.k.p.i.AbstractProblemLoader Replaying proof Coll2[Coll::add_pre(int)].JML model_behavior operation contract.0 
100057     DEBUG main            d.u.i.k.p.i.IntermediateProofReplayer Proof replay took 8.2ns 
100160     INFO  main            d.u.i.k.p.r.p.TestFile    ... finished proof: closed. 
100393     INFO  main            d.u.i.k.p.i.AbstractProblemLoader Loading environment from /home/runner/work/key/key/key.core/../key.ui/examples/heap/model_methods/Coll2_Coll_add_pre.key.proof 
100394     DEBUG main            d.u.i.k.p.i.AbstractProblemLoader Environment load took 151.8ns 
100395     INFO  main            d.u.i.k.p.i.AbstractProblemLoader Creating init config 
102911     DEBUG main            d.u.i.k.p.i.AbstractProblemLoader Init config took 2.52s 
102950     INFO  main            d.u.i.k.p.i.AbstractProblemLoader Replaying proof Coll2[Coll::add_pre(int)].JML model_behavior operation contract.0 
102954     DEBUG main            d.u.i.k.p.i.IntermediateProofReplayer Proof replay took 2.03ms 
102955     DEBUG main            d.u.i.k.p.r.p.TestFile    ... success: reloaded. 
102956     INFO  main            d.u.i.k.p.r.p.TestFile    Now processing file /home/runner/work/key/key/key.core/../key.ui/examples/heap/model_methods/Coll_add.key 
102956     INFO  main            d.u.i.k.p.i.AbstractProblemLoader Loading environment from /home/runner/work/key/key/key.core/../key.ui/examples/heap/model_methods/Coll_add.key 
102956     DEBUG main            d.u.i.k.p.i.AbstractProblemLoader Environment load took 70.6ns 
102957     INFO  main            d.u.i.k.p.i.AbstractProblemLoader Creating init config 
105571     DEBUG main            d.u.i.k.p.i.AbstractProblemLoader Init config took 2.61s 
105611     INFO  main            d.u.i.k.p.i.AbstractProblemLoader Replaying proof Coll[Coll::add(int)].JML operation contract.0 
105613     DEBUG main            d.u.i.k.p.i.IntermediateProofReplayer Proof replay took 7.7ns 
105715     INFO  main            d.u.i.k.p.r.p.TestFile    ... finished proof: closed. 
105958     INFO  main            d.u.i.k.p.i.AbstractProblemLoader Loading environment from /home/runner/work/key/key/key.core/../key.ui/examples/heap/model_methods/Coll_add.key.proof 
105959     DEBUG main            d.u.i.k.p.i.AbstractProblemLoader Environment load took 163.9ns 
105960     INFO  main            d.u.i.k.p.i.AbstractProblemLoader Creating init config 
108482     DEBUG main            d.u.i.k.p.i.AbstractProblemLoader Init config took 2.52s 
108523     INFO  main            d.u.i.k.p.i.AbstractProblemLoader Replaying proof Coll[Coll::add(int)].JML operation contract.0 
108527     DEBUG main            d.u.i.k.p.i.IntermediateProofReplayer Proof replay took 2.23ms 
108528     DEBUG main            d.u.i.k.p.r.p.TestFile    ... success: reloaded. 
108530     INFO  main            d.u.i.k.p.r.p.TestFile    Now processing file /home/runner/work/key/key/key.core/../key.ui/examples/heap/model_methods/Coll_add_pre.key 
108530     INFO  main            d.u.i.k.p.i.AbstractProblemLoader Loading environment from /home/runner/work/key/key/key.core/../key.ui/examples/heap/model_methods/Coll_add_pre.key 
108530     DEBUG main            d.u.i.k.p.i.AbstractProblemLoader Environment load took 206.4ns 
108531     INFO  main            d.u.i.k.p.i.AbstractProblemLoader Creating init config 
111147     DEBUG main            d.u.i.k.p.i.AbstractProblemLoader Init config took 2.62s 
111187     INFO  main            d.u.i.k.p.i.AbstractProblemLoader Replaying proof Coll[Coll::add_pre(int)].JML model_behavior operation contract.0 
111189     DEBUG main            d.u.i.k.p.i.IntermediateProofReplayer Proof replay took 7ns 
111291     INFO  main            d.u.i.k.p.r.p.TestFile    ... finished proof: closed. 
111529     INFO  main            d.u.i.k.p.i.AbstractProblemLoader Loading environment from /home/runner/work/key/key/key.core/../key.ui/examples/heap/model_methods/Coll_add_pre.key.proof 
111530     DEBUG main            d.u.i.k.p.i.AbstractProblemLoader Environment load took 179.7ns 
111532     INFO  main            d.u.i.k.p.i.AbstractProblemLoader Creating init config 
114041     DEBUG main            d.u.i.k.p.i.AbstractProblemLoader Init config took 2.51s 
114080     INFO  main            d.u.i.k.p.i.AbstractProblemLoader Replaying proof Coll[Coll::add_pre(int)].JML model_behavior operation contract.0 
114084     DEBUG main            d.u.i.k.p.i.IntermediateProofReplayer Proof replay took 2.48ms 
114085     DEBUG main            d.u.i.k.p.r.p.TestFile    ... success: reloaded. 
114086     INFO  main            d.u.i.k.p.r.p.TestFile    Now processing file /home/runner/work/key/key/key.core/../key.ui/examples/heap/model_methods/Indirect_callAdd.key 
114086     INFO  main            d.u.i.k.p.i.AbstractProblemLoader Loading environment from /home/runner/work/key/key/key.core/../key.ui/examples/heap/model_methods/Indirect_callAdd.key 
114086     DEBUG main            d.u.i.k.p.i.AbstractProblemLoader Environment load took 103.4ns 
114087     INFO  main            d.u.i.k.p.i.AbstractProblemLoader Creating init config 
116693     DEBUG main            d.u.i.k.p.i.AbstractProblemLoader Init config took 2.61s 
116733     INFO  main            d.u.i.k.p.i.AbstractProblemLoader Replaying proof Indirect[Indirect::callAdd(Coll,int)].JML operation contract.0 
116735     DEBUG main            d.u.i.k.p.i.IntermediateProofReplayer Proof replay took 9.7ns 
116837     INFO  main            d.u.i.k.p.r.p.TestFile    ... finished proof: closed. 
117098     INFO  main            d.u.i.k.p.i.AbstractProblemLoader Loading environment from /home/runner/work/key/key/key.core/../key.ui/examples/heap/model_methods/Indirect_callAdd.key.proof 
117098     DEBUG main            d.u.i.k.p.i.AbstractProblemLoader Environment load took 152ns 
117099     INFO  main            d.u.i.k.p.i.AbstractProblemLoader Creating init config 
119618     DEBUG main            d.u.i.k.p.i.AbstractProblemLoader Init config took 2.52s 
119658     INFO  main            d.u.i.k.p.i.AbstractProblemLoader Replaying proof Indirect[Indirect::callAdd(Coll,int)].JML operation contract.0 
119684     DEBUG main            d.u.i.k.p.i.IntermediateProofReplayer Proof replay took 23.91ms 
119685     DEBUG main            d.u.i.k.p.r.p.TestFile    ... success: reloaded. 
119686     INFO  main            d.u.i.k.p.r.p.TestFile    Now processing file /home/runner/work/key/key/key.core/../key.ui/examples/heap/model_methods/Indirect_test.key 
119687     INFO  main            d.u.i.k.p.i.AbstractProblemLoader Loading environment from /home/runner/work/key/key/key.core/../key.ui/examples/heap/model_methods/Indirect_test.key 
119687     DEBUG main            d.u.i.k.p.i.AbstractProblemLoader Environment load took 78ns 
119688     INFO  main            d.u.i.k.p.i.AbstractProblemLoader Creating init config 
122279     DEBUG main            d.u.i.k.p.i.AbstractProblemLoader Init config took 2.59s 
122337     INFO  main            d.u.i.k.p.i.AbstractProblemLoader Replaying proof Indirect[Indirect::test(Coll1,Coll2)].JML operation contract.0 
122339     DEBUG main            d.u.i.k.p.i.IntermediateProofReplayer Proof replay took 7.5ns 
122543     INFO  main            d.u.i.k.p.r.p.TestFile    ... finished proof: closed. 
122809     INFO  main            d.u.i.k.p.i.AbstractProblemLoader Loading environment from /home/runner/work/key/key/key.core/../key.ui/examples/heap/model_methods/Indirect_test.key.proof 
122809     DEBUG main            d.u.i.k.p.i.AbstractProblemLoader Environment load took 140.7ns 
122811     INFO  main            d.u.i.k.p.i.AbstractProblemLoader Creating init config 
125327     DEBUG main            d.u.i.k.p.i.AbstractProblemLoader Init config took 2.52s 
125366     INFO  main            d.u.i.k.p.i.AbstractProblemLoader Replaying proof Indirect[Indirect::test(Coll1,Coll2)].JML operation contract.0 
125421     DEBUG main            d.u.i.k.p.i.IntermediateProofReplayer Proof replay took 51.92ms 
125422     DEBUG main            d.u.i.k.p.r.p.TestFile    ... success: reloaded. 
125423     INFO  main            d.u.i.k.p.r.p.TestFile    Now processing file /home/runner/work/key/key/key.core/../key.ui/examples/heap/model_methods/Recell_Cell_footprint.key 
125424     INFO  main            d.u.i.k.p.i.AbstractProblemLoader Loading environment from /home/runner/work/key/key/key.core/../key.ui/examples/heap/model_methods/Recell_Cell_footprint.key 
125424     DEBUG main            d.u.i.k.p.i.AbstractProblemLoader Environment load took 104.5ns 
125425     INFO  main            d.u.i.k.p.i.AbstractProblemLoader Creating init config 
128034     DEBUG main            d.u.i.k.p.i.AbstractProblemLoader Init config took 2.61s 
128074     INFO  main            d.u.i.k.p.i.AbstractProblemLoader Replaying proof Recell[Cell::footprint()].JML model_behavior operation contract.0 
128076     DEBUG main            d.u.i.k.p.i.IntermediateProofReplayer Proof replay took 7.1ns 
128178     INFO  main            d.u.i.k.p.r.p.TestFile    ... finished proof: closed. 
128444     INFO  main            d.u.i.k.p.i.AbstractProblemLoader Loading environment from /home/runner/work/key/key/key.core/../key.ui/examples/heap/model_methods/Recell_Cell_footprint.key.proof 
128444     DEBUG main            d.u.i.k.p.i.AbstractProblemLoader Environment load took 142.6ns 
128445     INFO  main            d.u.i.k.p.i.AbstractProblemLoader Creating init config 
130966     DEBUG main            d.u.i.k.p.i.AbstractProblemLoader Init config took 2.52s 
131008     INFO  main            d.u.i.k.p.i.AbstractProblemLoader Replaying proof Recell[Cell::footprint()].JML model_behavior operation contract.0 
131012     DEBUG main            d.u.i.k.p.i.IntermediateProofReplayer Proof replay took 2.7ms 
131013     DEBUG main            d.u.i.k.p.r.p.TestFile    ... success: reloaded. 
131014     INFO  main            d.u.i.k.p.r.p.TestFile    Now processing file /home/runner/work/key/key/key.core/../key.ui/examples/heap/model_methods/Recell_Cell_post_set.key 
131015     INFO  main            d.u.i.k.p.i.AbstractProblemLoader Loading environment from /home/runner/work/key/key/key.core/../key.ui/examples/heap/model_methods/Recell_Cell_post_set.key 
131015     DEBUG main            d.u.i.k.p.i.AbstractProblemLoader Environment load took 92.5ns 
131016     INFO  main            d.u.i.k.p.i.AbstractProblemLoader Creating init config 
133611     DEBUG main            d.u.i.k.p.i.AbstractProblemLoader Init config took 2.6s 
133650     INFO  main            d.u.i.k.p.i.AbstractProblemLoader Replaying proof Recell[Cell::post_set(int)].JML model_behavior operation contract.0 
133651     DEBUG main            d.u.i.k.p.i.IntermediateProofReplayer Proof replay took 6.1ns 
133753     INFO  main            d.u.i.k.p.r.p.TestFile    ... finished proof: closed. 
134034     INFO  main            d.u.i.k.p.i.AbstractProblemLoader Loading environment from /home/runner/work/key/key/key.core/../key.ui/examples/heap/model_methods/Recell_Cell_post_set.key.proof 
134034     DEBUG main            d.u.i.k.p.i.AbstractProblemLoader Environment load took 138.7ns 
134035     INFO  main            d.u.i.k.p.i.AbstractProblemLoader Creating init config 
136586     DEBUG main            d.u.i.k.p.i.AbstractProblemLoader Init config took 2.55s 
136624     INFO  main            d.u.i.k.p.i.AbstractProblemLoader Replaying proof Recell[Cell::post_set(int)].JML model_behavior operation contract.0 
136630     DEBUG main            d.u.i.k.p.i.IntermediateProofReplayer Proof replay took 4.08ms 
136630     DEBUG main            d.u.i.k.p.r.p.TestFile    ... success: reloaded. 
136631     INFO  main            d.u.i.k.p.r.p.TestFile    Now processing file /home/runner/work/key/key/key.core/../key.ui/examples/heap/model_methods/Recell_footprint_acc.key 
136632     INFO  main            d.u.i.k.p.i.AbstractProblemLoader Loading environment from /home/runner/work/key/key/key.core/../key.ui/examples/heap/model_methods/Recell_footprint_acc.key 
136632     DEBUG main            d.u.i.k.p.i.AbstractProblemLoader Environment load took 77.5ns 
136633     INFO  main            d.u.i.k.p.i.AbstractProblemLoader Creating init config 
139211     DEBUG main            d.u.i.k.p.i.AbstractProblemLoader Init config took 2.58s 
139249     INFO  main            d.u.i.k.p.i.AbstractProblemLoader Replaying proof Recell[Cell::footprint()].JML accessible clause.0 
139251     DEBUG main            d.u.i.k.p.i.IntermediateProofReplayer Proof replay took 19.2ns 
139353     INFO  main            d.u.i.k.p.r.p.TestFile    ... finished proof: closed. 
139628     INFO  main            d.u.i.k.p.i.AbstractProblemLoader Loading environment from /home/runner/work/key/key/key.core/../key.ui/examples/heap/model_methods/Recell_footprint_acc.key.proof 
139628     DEBUG main            d.u.i.k.p.i.AbstractProblemLoader Environment load took 144.2ns 
139629     INFO  main            d.u.i.k.p.i.AbstractProblemLoader Creating init config 
142157     DEBUG main            d.u.i.k.p.i.AbstractProblemLoader Init config took 2.53s 
142196     INFO  main            d.u.i.k.p.i.AbstractProblemLoader Replaying proof Recell[Cell::footprint()].JML accessible clause.0 
142216     DEBUG main            d.u.i.k.p.i.IntermediateProofReplayer Proof replay took 18.32ms 
142217     DEBUG main            d.u.i.k.p.r.p.TestFile    ... success: reloaded. 
142218     INFO  main            d.u.i.k.p.r.p.TestFile    Now processing file /home/runner/work/key/key/key.core/../key.ui/examples/heap/model_methods/Recell_get_acc.key 
142219     INFO  main            d.u.i.k.p.i.AbstractProblemLoader Loading environment from /home/runner/work/key/key/key.core/../key.ui/examples/heap/model_methods/Recell_get_acc.key 
142219     DEBUG main            d.u.i.k.p.i.AbstractProblemLoader Environment load took 109.8ns 
142220     INFO  main            d.u.i.k.p.i.AbstractProblemLoader Creating init config 
144796     DEBUG main            d.u.i.k.p.i.AbstractProblemLoader Init config took 2.58s 
144835     INFO  main            d.u.i.k.p.i.AbstractProblemLoader Replaying proof Recell[Cell::get()].JML accessible clause.0 
144840     DEBUG main            d.u.i.k.p.i.IntermediateProofReplayer Proof replay took 8.5ns 
144942     INFO  main            d.u.i.k.p.r.p.TestFile    ... finished proof: closed. 
145279     INFO  main            d.u.i.k.p.i.AbstractProblemLoader Loading environment from /home/runner/work/key/key/key.core/../key.ui/examples/heap/model_methods/Recell_get_acc.key.proof 
145279     DEBUG main            d.u.i.k.p.i.AbstractProblemLoader Environment load took 143.6ns 
145280     INFO  main            d.u.i.k.p.i.AbstractProblemLoader Creating init config 
147803     DEBUG main            d.u.i.k.p.i.AbstractProblemLoader Init config took 2.52s 
147841     INFO  main            d.u.i.k.p.i.AbstractProblemLoader Replaying proof Recell[Cell::get()].JML accessible clause.0 
147860     DEBUG main            d.u.i.k.p.i.IntermediateProofReplayer Proof replay took 16.56ms 
147861     DEBUG main            d.u.i.k.p.r.p.TestFile    ... success: reloaded. 
147862     INFO  main            d.u.i.k.p.r.p.TestFile    Now processing file /home/runner/work/key/key/key.core/../key.ui/examples/heap/model_methods/Recell_get.key 
147862     INFO  main            d.u.i.k.p.i.AbstractProblemLoader Loading environment from /home/runner/work/key/key/key.core/../key.ui/examples/heap/model_methods/Recell_get.key 
147862     DEBUG main            d.u.i.k.p.i.AbstractProblemLoader Environment load took 70.2ns 
147863     INFO  main            d.u.i.k.p.i.AbstractProblemLoader Creating init config 
150472     DEBUG main            d.u.i.k.p.i.AbstractProblemLoader Init config took 2.61s 
150512     INFO  main            d.u.i.k.p.i.AbstractProblemLoader Replaying proof Recell[Cell::get()].JML operation contract.0 
150514     DEBUG main            d.u.i.k.p.i.IntermediateProofReplayer Proof replay took 7.9ns 
150616     INFO  main            d.u.i.k.p.r.p.TestFile    ... finished proof: closed. 
150905     INFO  main            d.u.i.k.p.i.AbstractProblemLoader Loading environment from /home/runner/work/key/key/key.core/../key.ui/examples/heap/model_methods/Recell_get.key.proof 
150905     DEBUG main            d.u.i.k.p.i.AbstractProblemLoader Environment load took 140.4ns 
150906     INFO  main            d.u.i.k.p.i.AbstractProblemLoader Creating init config 
153417     DEBUG main            d.u.i.k.p.i.AbstractProblemLoader Init config took 2.51s 
153460     INFO  main            d.u.i.k.p.i.AbstractProblemLoader Replaying proof Recell[Cell::get()].JML operation contract.0 
153470     DEBUG main            d.u.i.k.p.i.IntermediateProofReplayer Proof replay took 8.31ms 
153471     DEBUG main            d.u.i.k.p.r.p.TestFile    ... success: reloaded. 
153472     INFO  main            d.u.i.k.p.r.p.TestFile    Now processing file /home/runner/work/key/key/key.core/../key.ui/examples/heap/model_methods/Recell_Recell_footprint.key 
153473     INFO  main            d.u.i.k.p.i.AbstractProblemLoader Loading environment from /home/runner/work/key/key/key.core/../key.ui/examples/heap/model_methods/Recell_Recell_footprint.key 
153473     DEBUG main            d.u.i.k.p.i.AbstractProblemLoader Environment load took 190.7ns 
153474     INFO  main            d.u.i.k.p.i.AbstractProblemLoader Creating init config 
156069     DEBUG main            d.u.i.k.p.i.AbstractProblemLoader Init config took 2.59s 
156107     INFO  main            d.u.i.k.p.i.AbstractProblemLoader Replaying proof Recell[Recell::footprint()].JML model_behavior operation contract.0 
156109     DEBUG main            d.u.i.k.p.i.IntermediateProofReplayer Proof replay took 7.8ns 
156213     INFO  main            d.u.i.k.p.r.p.TestFile    ... finished proof: closed. 
156536     INFO  main            d.u.i.k.p.i.AbstractProblemLoader Loading environment from /home/runner/work/key/key/key.core/../key.ui/examples/heap/model_methods/Recell_Recell_footprint.key.proof 
156536     DEBUG main            d.u.i.k.p.i.AbstractProblemLoader Environment load took 164ns 
156537     INFO  main            d.u.i.k.p.i.AbstractProblemLoader Creating init config 
159042     DEBUG main            d.u.i.k.p.i.AbstractProblemLoader Init config took 2.51s 
159081     INFO  main            d.u.i.k.p.i.AbstractProblemLoader Replaying proof Recell[Recell::footprint()].JML model_behavior operation contract.0 
159084     DEBUG main            d.u.i.k.p.i.IntermediateProofReplayer Proof replay took 1.42ms 
159085     DEBUG main            d.u.i.k.p.r.p.TestFile    ... success: reloaded. 
159086     INFO  main            d.u.i.k.p.r.p.TestFile    Now processing file /home/runner/work/key/key/key.core/../key.ui/examples/heap/model_methods/Recell_Recell_post_set.key 
159086     INFO  main            d.u.i.k.p.i.AbstractProblemLoader Loading environment from /home/runner/work/key/key/key.core/../key.ui/examples/heap/model_methods/Recell_Recell_post_set.key 
159087     DEBUG main            d.u.i.k.p.i.AbstractProblemLoader Environment load took 283.1ns 
159088     INFO  main            d.u.i.k.p.i.AbstractProblemLoader Creating init config 
161674     DEBUG main            d.u.i.k.p.i.AbstractProblemLoader Init config took 2.59s 
161712     INFO  main            d.u.i.k.p.i.AbstractProblemLoader Replaying proof Recell[Recell::post_set(int)].JML model_behavior operation contract.0 
161713     DEBUG main            d.u.i.k.p.i.IntermediateProofReplayer Proof replay took 6.7ns 
161815     INFO  main            d.u.i.k.p.r.p.TestFile    ... finished proof: closed. 
162123     INFO  main            d.u.i.k.p.i.AbstractProblemLoader Loading environment from /home/runner/work/key/key/key.core/../key.ui/examples/heap/model_methods/Recell_Recell_post_set.key.proof 
162123     DEBUG main            d.u.i.k.p.i.AbstractProblemLoader Environment load took 122ns 
162124     INFO  main            d.u.i.k.p.i.AbstractProblemLoader Creating init config 
164627     DEBUG main            d.u.i.k.p.i.AbstractProblemLoader Init config took 2.5s 
164665     INFO  main            d.u.i.k.p.i.AbstractProblemLoader Replaying proof Recell[Recell::post_set(int)].JML model_behavior operation contract.0 
164669     DEBUG main            d.u.i.k.p.i.IntermediateProofReplayer Proof replay took 2.27ms 
164670     DEBUG main            d.u.i.k.p.r.p.TestFile    ... success: reloaded. 
164671     INFO  main            d.u.i.k.p.r.p.TestFile    Now processing file /home/runner/work/key/key/key.core/../key.ui/examples/heap/model_methods/Recell_set.key 
164671     INFO  main            d.u.i.k.p.i.AbstractProblemLoader Loading environment from /home/runner/work/key/key/key.core/../key.ui/examples/heap/model_methods/Recell_set.key 
164671     DEBUG main            d.u.i.k.p.i.AbstractProblemLoader Environment load took 82.1ns 
164672     INFO  main            d.u.i.k.p.i.AbstractProblemLoader Creating init config 
167224     DEBUG main            d.u.i.k.p.i.AbstractProblemLoader Init config took 2.55s 
167262     INFO  main            d.u.i.k.p.i.AbstractProblemLoader Replaying proof Recell[Cell::set(int)].JML operation contract.0 
167264     DEBUG main            d.u.i.k.p.i.IntermediateProofReplayer Proof replay took 8.4ns 
174020     INFO  main            d.u.i.k.p.r.p.TestFile    ... finished proof: closed. 
174362     INFO  main            d.u.i.k.p.i.AbstractProblemLoader Loading environment from /home/runner/work/key/key/key.core/../key.ui/examples/heap/model_methods/Recell_set.key.proof 
174362     DEBUG main            d.u.i.k.p.i.AbstractProblemLoader Environment load took 143.1ns 
174364     INFO  main            d.u.i.k.p.i.AbstractProblemLoader Creating init config 
176862     DEBUG main            d.u.i.k.p.i.AbstractProblemLoader Init config took 2.5s 
176901     INFO  main            d.u.i.k.p.i.AbstractProblemLoader Replaying proof Recell[Cell::set(int)].JML operation contract.0 
177413     DEBUG main            d.u.i.k.p.i.IntermediateProofReplayer Proof replay took 496.14ms 
177415     DEBUG main            d.u.i.k.p.r.p.TestFile    ... success: reloaded. 
177416     INFO  main            d.u.i.k.p.r.p.TestFile    Now processing file /home/runner/work/key/key/key.core/../key.ui/examples/heap/model_methods/Recell_undo.key 
177416     INFO  main            d.u.i.k.p.i.AbstractProblemLoader Loading environment from /home/runner/work/key/key/key.core/../key.ui/examples/heap/model_methods/Recell_undo.key 
177417     DEBUG main            d.u.i.k.p.i.AbstractProblemLoader Environment load took 176.7ns 
177418     INFO  main            d.u.i.k.p.i.AbstractProblemLoader Creating init config 
179992     DEBUG main            d.u.i.k.p.i.AbstractProblemLoader Init config took 2.57s 
180031     INFO  main            d.u.i.k.p.i.AbstractProblemLoader Replaying proof Recell[Recell::undo()].JML operation contract.0 
180033     DEBUG main            d.u.i.k.p.i.IntermediateProofReplayer Proof replay took 9.5ns 
180137     INFO  main            d.u.i.k.p.r.p.TestFile    ... finished proof: closed. 
180446     INFO  main            d.u.i.k.p.i.AbstractProblemLoader Loading environment from /home/runner/work/key/key/key.core/../key.ui/examples/heap/model_methods/Recell_undo.key.proof 
180447     DEBUG main            d.u.i.k.p.i.AbstractProblemLoader Environment load took 131.3ns 
180448     INFO  main            d.u.i.k.p.i.AbstractProblemLoader Creating init config 
182941     DEBUG main            d.u.i.k.p.i.AbstractProblemLoader Init config took 2.49s 
182991     INFO  main            d.u.i.k.p.i.AbstractProblemLoader Replaying proof Recell[Recell::undo()].JML operation contract.0 
183025     DEBUG main            d.u.i.k.p.i.IntermediateProofReplayer Proof replay took 30.85ms 
183026     DEBUG main            d.u.i.k.p.r.p.TestFile    ... success: reloaded. 
4261950    INFO  Test worker     d.u.i.k.p.r.RunAllProofsTestUnit Returning from test modelMethods 
4261951    INFO  Test worker     d.u.i.k.p.r.RunAllProofsTestUnit Running test permissionHeap 
360        INFO  Timeout watchdog d.u.i.k.p.r.p.ForkedTestFileRunner Timeout watcher launched (2000 secs.) 
394        WARN  main            d.u.i.k.s.ProofSettings   The settings in /home/runner/.key/proof-settings.props are *not* read. 
446        INFO  main            d.u.i.k.p.r.p.TestFile    Now processing file /home/runner/work/key/key/key.core/../key.ui/examples/heap/permissions/permissions_method0.key 
569        INFO  main            d.u.i.k.p.i.AbstractProblemLoader Loading environment from /home/runner/work/key/key/key.core/../key.ui/examples/heap/permissions/permissions_method0.key 
596        DEBUG main            d.u.i.k.p.i.AbstractProblemLoader Environment load took 1.87ms 
821        INFO  main            d.u.i.k.p.i.AbstractProblemLoader Creating init config 
1689       DEBUG main            d.u.i.k.j.TypeConverter   No LDT found for Meta 
1693       DEBUG main            d.u.i.k.j.TypeConverter   No LDT found for Meta 
1695       DEBUG main            d.u.i.k.j.TypeConverter   No LDT found for Meta 
1696       DEBUG main            d.u.i.k.j.TypeConverter   No LDT found for Meta 
3232       DEBUG main            d.u.i.k.j.TypeConverter   No LDT found for JavaBigintExpression 
8266       DEBUG main            d.u.i.k.p.i.AbstractProblemLoader Init config took 7.45s 
8395       INFO  main            d.u.i.k.p.i.AbstractProblemLoader Replaying proof MyClass[MyClass::method0()].JML normal_behavior operation contract.0 
8432       DEBUG main            d.u.i.k.p.i.IntermediateProofReplayer Proof replay took 42.4ns 
9461       INFO  main            d.u.i.k.p.r.p.TestFile    ... finished proof: closed. 
9592       INFO  main            d.u.i.k.p.i.AbstractProblemLoader Loading environment from /home/runner/work/key/key/key.core/../key.ui/examples/heap/permissions/permissions_method0.key.proof 
9593       DEBUG main            d.u.i.k.p.i.AbstractProblemLoader Environment load took 439.9ns 
9597       INFO  main            d.u.i.k.p.i.AbstractProblemLoader Creating init config 
12477      DEBUG main            d.u.i.k.p.i.AbstractProblemLoader Init config took 2.88s 
12565      INFO  main            d.u.i.k.p.i.AbstractProblemLoader Replaying proof MyClass[MyClass::method0()].JML normal_behavior operation contract.0 
12666      DEBUG main            d.u.i.k.p.i.IntermediateProofReplayer Proof replay took 94.36ms 
12673      DEBUG main            d.u.i.k.p.r.p.TestFile    ... success: reloaded. 
12675      INFO  main            d.u.i.k.p.r.p.TestFile    Now processing file /home/runner/work/key/key/key.core/../key.ui/examples/heap/permissions/permissions_method1.key 
12676      INFO  main            d.u.i.k.p.i.AbstractProblemLoader Loading environment from /home/runner/work/key/key/key.core/../key.ui/examples/heap/permissions/permissions_method1.key 
12676      DEBUG main            d.u.i.k.p.i.AbstractProblemLoader Environment load took 218.1ns 
12678      INFO  main            d.u.i.k.p.i.AbstractProblemLoader Creating init config 
15400      DEBUG main            d.u.i.k.p.i.AbstractProblemLoader Init config took 2.72s 
15471      INFO  main            d.u.i.k.p.i.AbstractProblemLoader Replaying proof MyClass[MyClass::method1()].JML normal_behavior operation contract.0 
15478      DEBUG main            d.u.i.k.p.i.IntermediateProofReplayer Proof replay took 9.8ns 
15782      INFO  main            d.u.i.k.p.r.p.TestFile    ... finished proof: closed. 
15959      INFO  main            d.u.i.k.p.i.AbstractProblemLoader Loading environment from /home/runner/work/key/key/key.core/../key.ui/examples/heap/permissions/permissions_method1.key.proof 
15959      DEBUG main            d.u.i.k.p.i.AbstractProblemLoader Environment load took 406.31ns 
15964      INFO  main            d.u.i.k.p.i.AbstractProblemLoader Creating init config 
18620      DEBUG main            d.u.i.k.p.i.AbstractProblemLoader Init config took 2.66s 
18674      INFO  main            d.u.i.k.p.i.AbstractProblemLoader Replaying proof MyClass[MyClass::method1()].JML normal_behavior operation contract.0 
18750      DEBUG main            d.u.i.k.p.i.IntermediateProofReplayer Proof replay took 73.1ms 
18752      DEBUG main            d.u.i.k.p.r.p.TestFile    ... success: reloaded. 
18753      INFO  main            d.u.i.k.p.r.p.TestFile    Now processing file /home/runner/work/key/key/key.core/../key.ui/examples/heap/permissions/permissions_method3.key 
18753      INFO  main            d.u.i.k.p.i.AbstractProblemLoader Loading environment from /home/runner/work/key/key/key.core/../key.ui/examples/heap/permissions/permissions_method3.key 
18754      DEBUG main            d.u.i.k.p.i.AbstractProblemLoader Environment load took 187.9ns 
18755      INFO  main            d.u.i.k.p.i.AbstractProblemLoader Creating init config 
21427      DEBUG main            d.u.i.k.p.i.AbstractProblemLoader Init config took 2.67s 
21495      INFO  main            d.u.i.k.p.i.AbstractProblemLoader Replaying proof MyClass[MyClass::method3()].JML normal_behavior operation contract.0 
21498      DEBUG main            d.u.i.k.p.i.IntermediateProofReplayer Proof replay took 6.9ns 
22905      INFO  main            d.u.i.k.p.r.p.TestFile    ... finished proof: closed. 
23063      INFO  main            d.u.i.k.p.i.AbstractProblemLoader Loading environment from /home/runner/work/key/key/key.core/../key.ui/examples/heap/permissions/permissions_method3.key.proof 
23064      DEBUG main            d.u.i.k.p.i.AbstractProblemLoader Environment load took 421.91ns 
23065      INFO  main            d.u.i.k.p.i.AbstractProblemLoader Creating init config 
25618      DEBUG main            d.u.i.k.p.i.AbstractProblemLoader Init config took 2.55s 
25666      INFO  main            d.u.i.k.p.i.AbstractProblemLoader Replaying proof MyClass[MyClass::method3()].JML normal_behavior operation contract.0 
25911      DEBUG main            d.u.i.k.p.i.IntermediateProofReplayer Proof replay took 237.27ms 
25912      DEBUG main            d.u.i.k.p.r.p.TestFile    ... success: reloaded. 
25914      INFO  main            d.u.i.k.p.r.p.TestFile    Now processing file /home/runner/work/key/key/key.core/../key.ui/examples/heap/permissions/permissions_setAB.key 
25914      INFO  main            d.u.i.k.p.i.AbstractProblemLoader Loading environment from /home/runner/work/key/key/key.core/../key.ui/examples/heap/permissions/permissions_setAB.key 
25914      DEBUG main            d.u.i.k.p.i.AbstractProblemLoader Environment load took 218.7ns 
25915      INFO  main            d.u.i.k.p.i.AbstractProblemLoader Creating init config 
28547      DEBUG main            d.u.i.k.p.i.AbstractProblemLoader Init config took 2.63s 
28593      INFO  main            d.u.i.k.p.i.AbstractProblemLoader Replaying proof MyClass[MyClass::setAB()].JML normal_behavior operation contract.0 
28596      DEBUG main            d.u.i.k.p.i.IntermediateProofReplayer Proof replay took 6.6ns 
30107      INFO  main            d.u.i.k.p.r.p.TestFile    ... finished proof: closed. 
30331      INFO  main            d.u.i.k.p.i.AbstractProblemLoader Loading environment from /home/runner/work/key/key/key.core/../key.ui/examples/heap/permissions/permissions_setAB.key.proof 
30333      DEBUG main            d.u.i.k.p.i.AbstractProblemLoader Environment load took 1.76ms 
30334      INFO  main            d.u.i.k.p.i.AbstractProblemLoader Creating init config 
32916      DEBUG main            d.u.i.k.p.i.AbstractProblemLoader Init config took 2.58s 
32973      INFO  main            d.u.i.k.p.i.AbstractProblemLoader Replaying proof MyClass[MyClass::setAB()].JML normal_behavior operation contract.0 
33190      DEBUG main            d.u.i.k.p.i.IntermediateProofReplayer Proof replay took 208.93ms 
33192      DEBUG main            d.u.i.k.p.r.p.TestFile    ... success: reloaded. 
33193      INFO  main            d.u.i.k.p.r.p.TestFile    Now processing file /home/runner/work/key/key/key.core/../key.ui/examples/heap/permissions/permissionProperties.key 
33194      INFO  main            d.u.i.k.p.i.AbstractProblemLoader Loading environment from /home/runner/work/key/key/key.core/../key.ui/examples/heap/permissions/permissionProperties.key 
33194      DEBUG main            d.u.i.k.p.i.AbstractProblemLoader Environment load took 95.3ns 
33195      INFO  main            d.u.i.k.p.i.AbstractProblemLoader Creating init config 
33364      DEBUG main            d.u.i.k.j.TypeConverter   No LDT found for Meta 
33365      DEBUG main            d.u.i.k.j.TypeConverter   No LDT found for Meta 
33365      DEBUG main            d.u.i.k.j.TypeConverter   No LDT found for Meta 
33366      DEBUG main            d.u.i.k.j.TypeConverter   No LDT found for Meta 
33971      DEBUG main            d.u.i.k.j.TypeConverter   No LDT found for JavaBigintExpression 
36701      DEBUG main            d.u.i.k.p.i.AbstractProblemLoader Init config took 3.51s 
36723      INFO  main            d.u.i.k.p.i.AbstractProblemLoader Replaying proof permissionProperties.key 
36725      DEBUG main            d.u.i.k.p.i.IntermediateProofReplayer Proof replay took 7.2ns 
36829      INFO  main            d.u.i.k.p.r.p.TestFile    ... finished proof: closed. 
37037      INFO  main            d.u.i.k.p.i.AbstractProblemLoader Loading environment from /home/runner/work/key/key/key.core/../key.ui/examples/heap/permissions/permissionProperties.key.proof 
37037      DEBUG main            d.u.i.k.p.i.AbstractProblemLoader Environment load took 164ns 
37038      INFO  main            d.u.i.k.p.i.AbstractProblemLoader Creating init config 
39409      DEBUG main            d.u.i.k.p.i.AbstractProblemLoader Init config took 2.37s 
39431      INFO  main            d.u.i.k.p.i.AbstractProblemLoader Replaying proof permissionProperties.key.proof 
39450      DEBUG main            d.u.i.k.p.i.IntermediateProofReplayer Proof replay took 15.93ms 
39451      DEBUG main            d.u.i.k.p.r.p.TestFile    ... success: reloaded. 
39452      INFO  main            d.u.i.k.p.r.p.TestFile    Now processing file /home/runner/work/key/key/key.core/../key.ui/examples/heap/permissions/threads/AFilter_AFilter.key 
39453      INFO  main            d.u.i.k.p.i.AbstractProblemLoader Loading environment from /home/runner/work/key/key/key.core/../key.ui/examples/heap/permissions/threads/AFilter_AFilter.key 
39453      DEBUG main            d.u.i.k.p.i.AbstractProblemLoader Environment load took 179.7ns 
39454      INFO  main            d.u.i.k.p.i.AbstractProblemLoader Creating init config 
39568      DEBUG main            d.u.i.k.j.TypeConverter   No LDT found for Meta 
39568      DEBUG main            d.u.i.k.j.TypeConverter   No LDT found for Meta 
39569      DEBUG main            d.u.i.k.j.TypeConverter   No LDT found for Meta 
39569      DEBUG main            d.u.i.k.j.TypeConverter   No LDT found for Meta 
40169      DEBUG main            d.u.i.k.j.TypeConverter   No LDT found for JavaBigintExpression 
45208      DEBUG main            d.u.i.k.p.i.AbstractProblemLoader Init config took 5.75s 
45313      INFO  main            d.u.i.k.p.i.AbstractProblemLoader Replaying proof AFilter[AFilter::AFilter(Sampler,Buffer)].JML normal_behavior operation contract.0 
45315      DEBUG main            d.u.i.k.p.i.IntermediateProofReplayer Proof replay took 6.2ns 
46436      INFO  main            d.u.i.k.p.r.p.TestFile    ... finished proof: closed. 
46686      INFO  main            d.u.i.k.p.i.AbstractProblemLoader Loading environment from /home/runner/work/key/key/key.core/../key.ui/examples/heap/permissions/threads/AFilter_AFilter.key.proof 
46689      DEBUG main            d.u.i.k.p.i.AbstractProblemLoader Environment load took 2.33ms 
46690      INFO  main            d.u.i.k.p.i.AbstractProblemLoader Creating init config 
51201      DEBUG main            d.u.i.k.p.i.AbstractProblemLoader Init config took 4.51s 
51307      INFO  main            d.u.i.k.p.i.AbstractProblemLoader Replaying proof AFilter[AFilter::AFilter(Sampler,Buffer)].JML normal_behavior operation contract.0 
51471      DEBUG main            d.u.i.k.p.i.IntermediateProofReplayer Proof replay took 159.65ms 
51473      DEBUG main            d.u.i.k.p.r.p.TestFile    ... success: reloaded. 
51474      INFO  main            d.u.i.k.p.r.p.TestFile    Now processing file /home/runner/work/key/key/key.core/../key.ui/examples/heap/permissions/threads/AFilter_initPost_accessible.key 
51475      INFO  main            d.u.i.k.p.i.AbstractProblemLoader Loading environment from /home/runner/work/key/key/key.core/../key.ui/examples/heap/permissions/threads/AFilter_initPost_accessible.key 
51475      DEBUG main            d.u.i.k.p.i.AbstractProblemLoader Environment load took 244.3ns 
51476      INFO  main            d.u.i.k.p.i.AbstractProblemLoader Creating init config 
56042      DEBUG main            d.u.i.k.p.i.AbstractProblemLoader Init config took 4.57s 
56147      INFO  main            d.u.i.k.p.i.AbstractProblemLoader Replaying proof AFilter[ThreadSpec2::initPost()].JML accessible clause.0 
56150      DEBUG main            d.u.i.k.p.i.IntermediateProofReplayer Proof replay took 8.3ns 
56253      INFO  main            d.u.i.k.p.r.p.TestFile    ... finished proof: closed. 
56531      INFO  main            d.u.i.k.p.i.AbstractProblemLoader Loading environment from /home/runner/work/key/key/key.core/../key.ui/examples/heap/permissions/threads/AFilter_initPost_accessible.key.proof 
56531      DEBUG main            d.u.i.k.p.i.AbstractProblemLoader Environment load took 140.6ns 
56532      INFO  main            d.u.i.k.p.i.AbstractProblemLoader Creating init config 
61022      DEBUG main            d.u.i.k.p.i.AbstractProblemLoader Init config took 4.49s 
61134      INFO  main            d.u.i.k.p.i.AbstractProblemLoader Replaying proof AFilter[ThreadSpec2::initPost()].JML accessible clause.0 
61150      DEBUG main            d.u.i.k.p.i.IntermediateProofReplayer Proof replay took 12.93ms 
61151      DEBUG main            d.u.i.k.p.r.p.TestFile    ... success: reloaded. 
61152      INFO  main            d.u.i.k.p.r.p.TestFile    Now processing file /home/runner/work/key/key/key.core/../key.ui/examples/heap/permissions/threads/AFilter_inv_accessible1.key 
61153      INFO  main            d.u.i.k.p.i.AbstractProblemLoader Loading environment from /home/runner/work/key/key/key.core/../key.ui/examples/heap/permissions/threads/AFilter_inv_accessible1.key 
61153      DEBUG main            d.u.i.k.p.i.AbstractProblemLoader Environment load took 196.7ns 
61154      INFO  main            d.u.i.k.p.i.AbstractProblemLoader Creating init config 
65650      DEBUG main            d.u.i.k.p.i.AbstractProblemLoader Init config took 4.5s 
65739      INFO  main            d.u.i.k.p.i.AbstractProblemLoader Replaying proof AFilter[java.lang.Object::<inv>()].JML accessible clause.0 
65741      DEBUG main            d.u.i.k.p.i.IntermediateProofReplayer Proof replay took 8.4ns 
65843      INFO  main            d.u.i.k.p.r.p.TestFile    ... finished proof: closed. 
66068      INFO  main            d.u.i.k.p.i.AbstractProblemLoader Loading environment from /home/runner/work/key/key/key.core/../key.ui/examples/heap/permissions/threads/AFilter_inv_accessible1.key.proof 
66068      DEBUG main            d.u.i.k.p.i.AbstractProblemLoader Environment load took 154.6ns 
66069      INFO  main            d.u.i.k.p.i.AbstractProblemLoader Creating init config 
70585      DEBUG main            d.u.i.k.p.i.AbstractProblemLoader Init config took 4.52s 
70674      INFO  main            d.u.i.k.p.i.AbstractProblemLoader Replaying proof AFilter[java.lang.Object::<inv>()].JML accessible clause.0 
70679      DEBUG main            d.u.i.k.p.i.IntermediateProofReplayer Proof replay took 2.44ms 
70680      DEBUG main            d.u.i.k.p.r.p.TestFile    ... success: reloaded. 
70681      INFO  main            d.u.i.k.p.r.p.TestFile    Now processing file /home/runner/work/key/key/key.core/../key.ui/examples/heap/permissions/threads/AFilter_inv_accessible2.key 
70681      INFO  main            d.u.i.k.p.i.AbstractProblemLoader Loading environment from /home/runner/work/key/key/key.core/../key.ui/examples/heap/permissions/threads/AFilter_inv_accessible2.key 
70681      DEBUG main            d.u.i.k.p.i.AbstractProblemLoader Environment load took 90.7ns 
70682      INFO  main            d.u.i.k.p.i.AbstractProblemLoader Creating init config 
75123      DEBUG main            d.u.i.k.p.i.AbstractProblemLoader Init config took 4.44s 
75209      INFO  main            d.u.i.k.p.i.AbstractProblemLoader Replaying proof AFilter[java.lang.Object::<inv>()].JML accessible clause.1 
75211      DEBUG main            d.u.i.k.p.i.IntermediateProofReplayer Proof replay took 7.9ns 
75316      INFO  main            d.u.i.k.p.r.p.TestFile    ... finished proof: closed. 
75550      INFO  main            d.u.i.k.p.i.AbstractProblemLoader Loading environment from /home/runner/work/key/key/key.core/../key.ui/examples/heap/permissions/threads/AFilter_inv_accessible2.key.proof 
75550      DEBUG main            d.u.i.k.p.i.AbstractProblemLoader Environment load took 140ns 
75552      INFO  main            d.u.i.k.p.i.AbstractProblemLoader Creating init config 
80021      DEBUG main            d.u.i.k.p.i.AbstractProblemLoader Init config took 4.47s 
80108      INFO  main            d.u.i.k.p.i.AbstractProblemLoader Replaying proof AFilter[java.lang.Object::<inv>()].JML accessible clause.1 
80122      DEBUG main            d.u.i.k.p.i.IntermediateProofReplayer Proof replay took 7.48ms 
80125      DEBUG main            d.u.i.k.p.r.p.TestFile    ... success: reloaded. 
80128      INFO  main            d.u.i.k.p.r.p.TestFile    Now processing file /home/runner/work/key/key/key.core/../key.ui/examples/heap/permissions/threads/AFilter_joinTransfer_accessible.key 
80129      INFO  main            d.u.i.k.p.i.AbstractProblemLoader Loading environment from /home/runner/work/key/key/key.core/../key.ui/examples/heap/permissions/threads/AFilter_joinTransfer_accessible.key 
80129      DEBUG main            d.u.i.k.p.i.AbstractProblemLoader Environment load took 122.3ns 
80130      INFO  main            d.u.i.k.p.i.AbstractProblemLoader Creating init config 
84610      DEBUG main            d.u.i.k.p.i.AbstractProblemLoader Init config took 4.48s 
84695      INFO  main            d.u.i.k.p.i.AbstractProblemLoader Replaying proof AFilter[ThreadSpec2::joinTransfer()].JML accessible clause.0 
84697      DEBUG main            d.u.i.k.p.i.IntermediateProofReplayer Proof replay took 9.2ns 
85907      INFO  main            d.u.i.k.p.r.p.TestFile    ... finished proof: closed. 
86179      INFO  main            d.u.i.k.p.i.AbstractProblemLoader Loading environment from /home/runner/work/key/key/key.core/../key.ui/examples/heap/permissions/threads/AFilter_joinTransfer_accessible.key.proof 
86179      DEBUG main            d.u.i.k.p.i.AbstractProblemLoader Environment load took 421.2ns 
86181      INFO  main            d.u.i.k.p.i.AbstractProblemLoader Creating init config 
90630      DEBUG main            d.u.i.k.p.i.AbstractProblemLoader Init config took 4.45s 
90714      INFO  main            d.u.i.k.p.i.AbstractProblemLoader Replaying proof AFilter[ThreadSpec2::joinTransfer()].JML accessible clause.0 
90876      DEBUG main            d.u.i.k.p.i.IntermediateProofReplayer Proof replay took 156.1ms 
90878      DEBUG main            d.u.i.k.p.r.p.TestFile    ... success: reloaded. 
90880      INFO  main            d.u.i.k.p.r.p.TestFile    Now processing file /home/runner/work/key/key/key.core/../key.ui/examples/heap/permissions/threads/AFilter_joinTransfer_contract.key 
90880      INFO  main            d.u.i.k.p.i.AbstractProblemLoader Loading environment from /home/runner/work/key/key/key.core/../key.ui/examples/heap/permissions/threads/AFilter_joinTransfer_contract.key 
90880      DEBUG main            d.u.i.k.p.i.AbstractProblemLoader Environment load took 84.2ns 
90881      INFO  main            d.u.i.k.p.i.AbstractProblemLoader Creating init config 
95356      DEBUG main            d.u.i.k.p.i.AbstractProblemLoader Init config took 4.47s 
95442      INFO  main            d.u.i.k.p.i.AbstractProblemLoader Replaying proof AFilter[ThreadSpec2::joinTransfer()].JML model_behavior operation contract.0 
95444      DEBUG main            d.u.i.k.p.i.IntermediateProofReplayer Proof replay took 7.9ns 
95548      INFO  main            d.u.i.k.p.r.p.TestFile    ... finished proof: closed. 
95801      INFO  main            d.u.i.k.p.i.AbstractProblemLoader Loading environment from /home/runner/work/key/key/key.core/../key.ui/examples/heap/permissions/threads/AFilter_joinTransfer_contract.key.proof 
95801      DEBUG main            d.u.i.k.p.i.AbstractProblemLoader Environment load took 167.1ns 
95802      INFO  main            d.u.i.k.p.i.AbstractProblemLoader Creating init config 
100251     DEBUG main            d.u.i.k.p.i.AbstractProblemLoader Init config took 4.45s 
100350     INFO  main            d.u.i.k.p.i.AbstractProblemLoader Replaying proof AFilter[ThreadSpec2::joinTransfer()].JML model_behavior operation contract.0 
100363     DEBUG main            d.u.i.k.p.i.IntermediateProofReplayer Proof replay took 7.85ms 
100364     DEBUG main            d.u.i.k.p.r.p.TestFile    ... success: reloaded. 
100366     INFO  main            d.u.i.k.p.r.p.TestFile    Now processing file /home/runner/work/key/key/key.core/../key.ui/examples/heap/permissions/threads/AFilter_postJoin_accessible.key 
100366     INFO  main            d.u.i.k.p.i.AbstractProblemLoader Loading environment from /home/runner/work/key/key/key.core/../key.ui/examples/heap/permissions/threads/AFilter_postJoin_accessible.key 
100366     DEBUG main            d.u.i.k.p.i.AbstractProblemLoader Environment load took 91ns 
100367     INFO  main            d.u.i.k.p.i.AbstractProblemLoader Creating init config 
104838     DEBUG main            d.u.i.k.p.i.AbstractProblemLoader Init config took 4.47s 
104938     INFO  main            d.u.i.k.p.i.AbstractProblemLoader Replaying proof AFilter[ThreadSpec2::postJoin(java.lang.Object)].JML accessible clause.0 
104946     DEBUG main            d.u.i.k.p.i.IntermediateProofReplayer Proof replay took 10.1ns 
105048     INFO  main            d.u.i.k.p.r.p.TestFile    ... finished proof: closed. 
105302     INFO  main            d.u.i.k.p.i.AbstractProblemLoader Loading environment from /home/runner/work/key/key/key.core/../key.ui/examples/heap/permissions/threads/AFilter_postJoin_accessible.key.proof 
105302     DEBUG main            d.u.i.k.p.i.AbstractProblemLoader Environment load took 136.1ns 
105303     INFO  main            d.u.i.k.p.i.AbstractProblemLoader Creating init config 
109750     DEBUG main            d.u.i.k.p.i.AbstractProblemLoader Init config took 4.45s 
109833     INFO  main            d.u.i.k.p.i.AbstractProblemLoader Replaying proof AFilter[ThreadSpec2::postJoin(java.lang.Object)].JML accessible clause.0 
109842     DEBUG main            d.u.i.k.p.i.IntermediateProofReplayer Proof replay took 7.27ms 
109844     DEBUG main            d.u.i.k.p.r.p.TestFile    ... success: reloaded. 
109845     INFO  main            d.u.i.k.p.r.p.TestFile    Now processing file /home/runner/work/key/key/key.core/../key.ui/examples/heap/permissions/threads/AFilter_preStart_accessible.key 
109845     INFO  main            d.u.i.k.p.i.AbstractProblemLoader Loading environment from /home/runner/work/key/key/key.core/../key.ui/examples/heap/permissions/threads/AFilter_preStart_accessible.key 
109845     DEBUG main            d.u.i.k.p.i.AbstractProblemLoader Environment load took 60ns 
109846     INFO  main            d.u.i.k.p.i.AbstractProblemLoader Creating init config 
114296     DEBUG main            d.u.i.k.p.i.AbstractProblemLoader Init config took 4.45s 
114382     INFO  main            d.u.i.k.p.i.AbstractProblemLoader Replaying proof AFilter[ThreadSpec2::preStart(java.lang.Object)].JML accessible clause.0 
114384     DEBUG main            d.u.i.k.p.i.IntermediateProofReplayer Proof replay took 8.9ns 
114687     INFO  main            d.u.i.k.p.r.p.TestFile    ... finished proof: closed. 
114936     INFO  main            d.u.i.k.p.i.AbstractProblemLoader Loading environment from /home/runner/work/key/key/key.core/../key.ui/examples/heap/permissions/threads/AFilter_preStart_accessible.key.proof 
114936     DEBUG main            d.u.i.k.p.i.AbstractProblemLoader Environment load took 398.51ns 
114937     INFO  main            d.u.i.k.p.i.AbstractProblemLoader Creating init config 
119350     DEBUG main            d.u.i.k.p.i.AbstractProblemLoader Init config took 4.41s 
119434     INFO  main            d.u.i.k.p.i.AbstractProblemLoader Replaying proof AFilter[ThreadSpec2::preStart(java.lang.Object)].JML accessible clause.0 
119472     DEBUG main            d.u.i.k.p.i.IntermediateProofReplayer Proof replay took 34.88ms 
119473     DEBUG main            d.u.i.k.p.r.p.TestFile    ... success: reloaded. 
119475     INFO  main            d.u.i.k.p.r.p.TestFile    Now processing file /home/runner/work/key/key/key.core/../key.ui/examples/heap/permissions/threads/AFilter_startTransfer_accessible.key 
119475     INFO  main            d.u.i.k.p.i.AbstractProblemLoader Loading environment from /home/runner/work/key/key/key.core/../key.ui/examples/heap/permissions/threads/AFilter_startTransfer_accessible.key 
119475     DEBUG main            d.u.i.k.p.i.AbstractProblemLoader Environment load took 177.5ns 
119476     INFO  main            d.u.i.k.p.i.AbstractProblemLoader Creating init config 
123970     DEBUG main            d.u.i.k.p.i.AbstractProblemLoader Init config took 4.49s 
124052     INFO  main            d.u.i.k.p.i.AbstractProblemLoader Replaying proof AFilter[ThreadSpec2::startTransfer()].JML accessible clause.0 
124054     DEBUG main            d.u.i.k.p.i.IntermediateProofReplayer Proof replay took 8.3ns 
133823     INFO  main            d.u.i.k.p.r.p.TestFile    ... finished proof: closed. 
134118     INFO  main            d.u.i.k.p.i.AbstractProblemLoader Loading environment from /home/runner/work/key/key/key.core/../key.ui/examples/heap/permissions/threads/AFilter_startTransfer_accessible.key.proof 
134118     DEBUG main            d.u.i.k.p.i.AbstractProblemLoader Environment load took 402.4ns 
134120     INFO  main            d.u.i.k.p.i.AbstractProblemLoader Creating init config 
138507     DEBUG main            d.u.i.k.p.i.AbstractProblemLoader Init config took 4.39s 
138601     INFO  main            d.u.i.k.p.i.AbstractProblemLoader Replaying proof AFilter[ThreadSpec2::startTransfer()].JML accessible clause.0 
139371     DEBUG main            d.u.i.k.p.i.IntermediateProofReplayer Proof replay took 747.22ms 
139373     DEBUG main            d.u.i.k.p.r.p.TestFile    ... success: reloaded. 
139374     INFO  main            d.u.i.k.p.r.p.TestFile    Now processing file /home/runner/work/key/key/key.core/../key.ui/examples/heap/permissions/threads/AFilter_startTransfer_contract.key 
139374     INFO  main            d.u.i.k.p.i.AbstractProblemLoader Loading environment from /home/runner/work/key/key/key.core/../key.ui/examples/heap/permissions/threads/AFilter_startTransfer_contract.key 
139375     DEBUG main            d.u.i.k.p.i.AbstractProblemLoader Environment load took 95.4ns 
139376     INFO  main            d.u.i.k.p.i.AbstractProblemLoader Creating init config 
143856     DEBUG main            d.u.i.k.p.i.AbstractProblemLoader Init config took 4.48s 
143939     INFO  main            d.u.i.k.p.i.AbstractProblemLoader Replaying proof AFilter[ThreadSpec2::startTransfer()].JML model_behavior operation contract.0 
143941     DEBUG main            d.u.i.k.p.i.IntermediateProofReplayer Proof replay took 8ns 
144344     INFO  main            d.u.i.k.p.r.p.TestFile    ... finished proof: closed. 
144691     INFO  main            d.u.i.k.p.i.AbstractProblemLoader Loading environment from /home/runner/work/key/key/key.core/../key.ui/examples/heap/permissions/threads/AFilter_startTransfer_contract.key.proof 
144692     DEBUG main            d.u.i.k.p.i.AbstractProblemLoader Environment load took 405.81ns 
144693     INFO  main            d.u.i.k.p.i.AbstractProblemLoader Creating init config 
149068     DEBUG main            d.u.i.k.p.i.AbstractProblemLoader Init config took 4.38s 
149163     INFO  main            d.u.i.k.p.i.AbstractProblemLoader Replaying proof AFilter[ThreadSpec2::startTransfer()].JML model_behavior operation contract.0 
149209     DEBUG main            d.u.i.k.p.i.IntermediateProofReplayer Proof replay took 42.01ms 
149210     DEBUG main            d.u.i.k.p.r.p.TestFile    ... success: reloaded. 
149211     INFO  main            d.u.i.k.p.r.p.TestFile    Now processing file /home/runner/work/key/key/key.core/../key.ui/examples/heap/permissions/threads/AFilter_stateInv_accessible.key 
149212     INFO  main            d.u.i.k.p.i.AbstractProblemLoader Loading environment from /home/runner/work/key/key/key.core/../key.ui/examples/heap/permissions/threads/AFilter_stateInv_accessible.key 
149212     DEBUG main            d.u.i.k.p.i.AbstractProblemLoader Environment load took 219.4ns 
149213     INFO  main            d.u.i.k.p.i.AbstractProblemLoader Creating init config 
153665     DEBUG main            d.u.i.k.p.i.AbstractProblemLoader Init config took 4.45s 
153763     INFO  main            d.u.i.k.p.i.AbstractProblemLoader Replaying proof AFilter[ThreadSpec2::stateInv()].JML accessible clause.0 
153764     DEBUG main            d.u.i.k.p.i.IntermediateProofReplayer Proof replay took 7.9ns 
154067     INFO  main            d.u.i.k.p.r.p.TestFile    ... finished proof: closed. 
154358     INFO  main            d.u.i.k.p.i.AbstractProblemLoader Loading environment from /home/runner/work/key/key/key.core/../key.ui/examples/heap/permissions/threads/AFilter_stateInv_accessible.key.proof 
154358     DEBUG main            d.u.i.k.p.i.AbstractProblemLoader Environment load took 131ns 
154359     INFO  main            d.u.i.k.p.i.AbstractProblemLoader Creating init config 
158735     DEBUG main            d.u.i.k.p.i.AbstractProblemLoader Init config took 4.38s 
158818     INFO  main            d.u.i.k.p.i.AbstractProblemLoader Replaying proof AFilter[ThreadSpec2::stateInv()].JML accessible clause.0 
158856     DEBUG main            d.u.i.k.p.i.IntermediateProofReplayer Proof replay took 34.82ms 
158857     DEBUG main            d.u.i.k.p.r.p.TestFile    ... success: reloaded. 
158858     INFO  main            d.u.i.k.p.r.p.TestFile    Now processing file /home/runner/work/key/key/key.core/../key.ui/examples/heap/permissions/threads/AFilter_staticPermissions_accessible.key 
158858     INFO  main            d.u.i.k.p.i.AbstractProblemLoader Loading environment from /home/runner/work/key/key/key.core/../key.ui/examples/heap/permissions/threads/AFilter_staticPermissions_accessible.key 
158858     DEBUG main            d.u.i.k.p.i.AbstractProblemLoader Environment load took 77.9ns 
158859     INFO  main            d.u.i.k.p.i.AbstractProblemLoader Creating init config 
163312     DEBUG main            d.u.i.k.p.i.AbstractProblemLoader Init config took 4.45s 
163394     INFO  main            d.u.i.k.p.i.AbstractProblemLoader Replaying proof AFilter[ThreadSpec2::staticPermissions()].JML accessible clause.0 
163395     DEBUG main            d.u.i.k.p.i.IntermediateProofReplayer Proof replay took 6.4ns 
163497     INFO  main            d.u.i.k.p.r.p.TestFile    ... finished proof: closed. 
163761     INFO  main            d.u.i.k.p.i.AbstractProblemLoader Loading environment from /home/runner/work/key/key/key.core/../key.ui/examples/heap/permissions/threads/AFilter_staticPermissions_accessible.key.proof 
163762     DEBUG main            d.u.i.k.p.i.AbstractProblemLoader Environment load took 118.8ns 
163763     INFO  main            d.u.i.k.p.i.AbstractProblemLoader Creating init config 
168122     DEBUG main            d.u.i.k.p.i.AbstractProblemLoader Init config took 4.36s 
168219     INFO  main            d.u.i.k.p.i.AbstractProblemLoader Replaying proof AFilter[ThreadSpec2::staticPermissions()].JML accessible clause.0 
168230     DEBUG main            d.u.i.k.p.i.IntermediateProofReplayer Proof replay took 8.88ms 
168231     DEBUG main            d.u.i.k.p.r.p.TestFile    ... success: reloaded. 
168232     INFO  main            d.u.i.k.p.r.p.TestFile    Now processing file /home/runner/work/key/key/key.core/../key.ui/examples/heap/permissions/threads/AFilter_workingPermissions_accessible.key 
168233     INFO  main            d.u.i.k.p.i.AbstractProblemLoader Loading environment from /home/runner/work/key/key/key.core/../key.ui/examples/heap/permissions/threads/AFilter_workingPermissions_accessible.key 
168233     DEBUG main            d.u.i.k.p.i.AbstractProblemLoader Environment load took 185.4ns 
168234     INFO  main            d.u.i.k.p.i.AbstractProblemLoader Creating init config 
172675     DEBUG main            d.u.i.k.p.i.AbstractProblemLoader Init config took 4.44s 
172756     INFO  main            d.u.i.k.p.i.AbstractProblemLoader Replaying proof AFilter[ThreadSpec2::workingPermissions()].JML accessible clause.0 
172757     DEBUG main            d.u.i.k.p.i.IntermediateProofReplayer Proof replay took 7.9ns 
172859     INFO  main            d.u.i.k.p.r.p.TestFile    ... finished proof: closed. 
173150     INFO  main            d.u.i.k.p.i.AbstractProblemLoader Loading environment from /home/runner/work/key/key/key.core/../key.ui/examples/heap/permissions/threads/AFilter_workingPermissions_accessible.key.proof 
173150     DEBUG main            d.u.i.k.p.i.AbstractProblemLoader Environment load took 133.3ns 
173151     INFO  main            d.u.i.k.p.i.AbstractProblemLoader Creating init config 
177531     DEBUG main            d.u.i.k.p.i.AbstractProblemLoader Init config took 4.38s 
177612     INFO  main            d.u.i.k.p.i.AbstractProblemLoader Replaying proof AFilter[ThreadSpec2::workingPermissions()].JML accessible clause.0 
177622     DEBUG main            d.u.i.k.p.i.IntermediateProofReplayer Proof replay took 7.92ms 
177623     DEBUG main            d.u.i.k.p.r.p.TestFile    ... success: reloaded. 
177624     INFO  main            d.u.i.k.p.r.p.TestFile    Now processing file /home/runner/work/key/key/key.core/../key.ui/examples/heap/permissions/threads/BFilter_BFilter.key 
177624     INFO  main            d.u.i.k.p.i.AbstractProblemLoader Loading environment from /home/runner/work/key/key/key.core/../key.ui/examples/heap/permissions/threads/BFilter_BFilter.key 
177624     DEBUG main            d.u.i.k.p.i.AbstractProblemLoader Environment load took 92.1ns 
177625     INFO  main            d.u.i.k.p.i.AbstractProblemLoader Creating init config 
182090     DEBUG main            d.u.i.k.p.i.AbstractProblemLoader Init config took 4.47s 
182173     INFO  main            d.u.i.k.p.i.AbstractProblemLoader Replaying proof BFilter[BFilter::BFilter(Sampler,Buffer)].JML normal_behavior operation contract.0 
182175     DEBUG main            d.u.i.k.p.i.IntermediateProofReplayer Proof replay took 7.8ns 
183181     INFO  main            d.u.i.k.p.r.p.TestFile    ... finished proof: closed. 
183506     INFO  main            d.u.i.k.p.i.AbstractProblemLoader Loading environment from /home/runner/work/key/key/key.core/../key.ui/examples/heap/permissions/threads/BFilter_BFilter.key.proof 
183509     DEBUG main            d.u.i.k.p.i.AbstractProblemLoader Environment load took 3.49ms 
183510     INFO  main            d.u.i.k.p.i.AbstractProblemLoader Creating init config 
187905     DEBUG main            d.u.i.k.p.i.AbstractProblemLoader Init config took 4.39s 
188003     INFO  main            d.u.i.k.p.i.AbstractProblemLoader Replaying proof BFilter[BFilter::BFilter(Sampler,Buffer)].JML normal_behavior operation contract.0 
188163     DEBUG main            d.u.i.k.p.i.IntermediateProofReplayer Proof replay took 153.69ms 
188164     DEBUG main            d.u.i.k.p.r.p.TestFile    ... success: reloaded. 
188165     INFO  main            d.u.i.k.p.r.p.TestFile    Now processing file /home/runner/work/key/key/key.core/../key.ui/examples/heap/permissions/threads/BFilter_initPost_accessible.key 
188165     INFO  main            d.u.i.k.p.i.AbstractProblemLoader Loading environment from /home/runner/work/key/key/key.core/../key.ui/examples/heap/permissions/threads/BFilter_initPost_accessible.key 
188166     DEBUG main            d.u.i.k.p.i.AbstractProblemLoader Environment load took 113.9ns 
188167     INFO  main            d.u.i.k.p.i.AbstractProblemLoader Creating init config 
192666     DEBUG main            d.u.i.k.p.i.AbstractProblemLoader Init config took 4.5s 
192749     INFO  main            d.u.i.k.p.i.AbstractProblemLoader Replaying proof BFilter[ThreadSpec2::initPost()].JML accessible clause.0 
192750     DEBUG main            d.u.i.k.p.i.IntermediateProofReplayer Proof replay took 7.9ns 
192852     INFO  main            d.u.i.k.p.r.p.TestFile    ... finished proof: closed. 
193156     INFO  main            d.u.i.k.p.i.AbstractProblemLoader Loading environment from /home/runner/work/key/key/key.core/../key.ui/examples/heap/permissions/threads/BFilter_initPost_accessible.key.proof 
193156     DEBUG main            d.u.i.k.p.i.AbstractProblemLoader Environment load took 125.5ns 
193157     INFO  main            d.u.i.k.p.i.AbstractProblemLoader Creating init config 
197513     DEBUG main            d.u.i.k.p.i.AbstractProblemLoader Init config took 4.36s 
197607     INFO  main            d.u.i.k.p.i.AbstractProblemLoader Replaying proof BFilter[ThreadSpec2::initPost()].JML accessible clause.0 
197619     DEBUG main            d.u.i.k.p.i.IntermediateProofReplayer Proof replay took 9.79ms 
197620     DEBUG main            d.u.i.k.p.r.p.TestFile    ... success: reloaded. 
197621     INFO  main            d.u.i.k.p.r.p.TestFile    Now processing file /home/runner/work/key/key/key.core/../key.ui/examples/heap/permissions/threads/BFilter_inv_accessible1.key 
197622     INFO  main            d.u.i.k.p.i.AbstractProblemLoader Loading environment from /home/runner/work/key/key/key.core/../key.ui/examples/heap/permissions/threads/BFilter_inv_accessible1.key 
197622     DEBUG main            d.u.i.k.p.i.AbstractProblemLoader Environment load took 179.9ns 
197623     INFO  main            d.u.i.k.p.i.AbstractProblemLoader Creating init config 
202047     DEBUG main            d.u.i.k.p.i.AbstractProblemLoader Init config took 4.42s 
202128     INFO  main            d.u.i.k.p.i.AbstractProblemLoader Replaying proof BFilter[java.lang.Object::<inv>()].JML accessible clause.0 
202129     DEBUG main            d.u.i.k.p.i.IntermediateProofReplayer Proof replay took 9.6ns 
202231     INFO  main            d.u.i.k.p.r.p.TestFile    ... finished proof: closed. 
202540     INFO  main            d.u.i.k.p.i.AbstractProblemLoader Loading environment from /home/runner/work/key/key/key.core/../key.ui/examples/heap/permissions/threads/BFilter_inv_accessible1.key.proof 
202540     DEBUG main            d.u.i.k.p.i.AbstractProblemLoader Environment load took 123.6ns 
202542     INFO  main            d.u.i.k.p.i.AbstractProblemLoader Creating init config 
206916     DEBUG main            d.u.i.k.p.i.AbstractProblemLoader Init config took 4.37s 
206997     INFO  main            d.u.i.k.p.i.AbstractProblemLoader Replaying proof BFilter[java.lang.Object::<inv>()].JML accessible clause.0 
207000     DEBUG main            d.u.i.k.p.i.IntermediateProofReplayer Proof replay took 1.74ms 
207001     DEBUG main            d.u.i.k.p.r.p.TestFile    ... success: reloaded. 
207002     INFO  main            d.u.i.k.p.r.p.TestFile    Now processing file /home/runner/work/key/key/key.core/../key.ui/examples/heap/permissions/threads/BFilter_inv_accessible2.key 
207002     INFO  main            d.u.i.k.p.i.AbstractProblemLoader Loading environment from /home/runner/work/key/key/key.core/../key.ui/examples/heap/permissions/threads/BFilter_inv_accessible2.key 
207002     DEBUG main            d.u.i.k.p.i.AbstractProblemLoader Environment load took 81.4ns 
207003     INFO  main            d.u.i.k.p.i.AbstractProblemLoader Creating init config 
211393     DEBUG main            d.u.i.k.p.i.AbstractProblemLoader Init config took 4.39s 
211474     INFO  main            d.u.i.k.p.i.AbstractProblemLoader Replaying proof BFilter[java.lang.Object::<inv>()].JML accessible clause.1 
211476     DEBUG main            d.u.i.k.p.i.IntermediateProofReplayer Proof replay took 8.3ns 
211582     INFO  main            d.u.i.k.p.r.p.TestFile    ... finished proof: closed. 
211905     INFO  main            d.u.i.k.p.i.AbstractProblemLoader Loading environment from /home/runner/work/key/key/key.core/../key.ui/examples/heap/permissions/threads/BFilter_inv_accessible2.key.proof 
211905     DEBUG main            d.u.i.k.p.i.AbstractProblemLoader Environment load took 117.3ns 
211906     INFO  main            d.u.i.k.p.i.AbstractProblemLoader Creating init config 
216246     DEBUG main            d.u.i.k.p.i.AbstractProblemLoader Init config took 4.34s 
216327     INFO  main            d.u.i.k.p.i.AbstractProblemLoader Replaying proof BFilter[java.lang.Object::<inv>()].JML accessible clause.1 
216331     DEBUG main            d.u.i.k.p.i.IntermediateProofReplayer Proof replay took 1.84ms 
216332     DEBUG main            d.u.i.k.p.r.p.TestFile    ... success: reloaded. 
216333     INFO  main            d.u.i.k.p.r.p.TestFile    Now processing file /home/runner/work/key/key/key.core/../key.ui/examples/heap/permissions/threads/BFilter_joinTransfer_accessible.key 
216333     INFO  main            d.u.i.k.p.i.AbstractProblemLoader Loading environment from /home/runner/work/key/key/key.core/../key.ui/examples/heap/permissions/threads/BFilter_joinTransfer_accessible.key 
216333     DEBUG main            d.u.i.k.p.i.AbstractProblemLoader Environment load took 80.8ns 
216334     INFO  main            d.u.i.k.p.i.AbstractProblemLoader Creating init config 
220792     DEBUG main            d.u.i.k.p.i.AbstractProblemLoader Init config took 4.46s 
220874     INFO  main            d.u.i.k.p.i.AbstractProblemLoader Replaying proof BFilter[ThreadSpec2::joinTransfer()].JML accessible clause.0 
220875     DEBUG main            d.u.i.k.p.i.IntermediateProofReplayer Proof replay took 7.6ns 
221982     INFO  main            d.u.i.k.p.r.p.TestFile    ... finished proof: closed. 
222322     INFO  main            d.u.i.k.p.i.AbstractProblemLoader Loading environment from /home/runner/work/key/key/key.core/../key.ui/examples/heap/permissions/threads/BFilter_joinTransfer_accessible.key.proof 
222323     DEBUG main            d.u.i.k.p.i.AbstractProblemLoader Environment load took 463.91ns 
222324     INFO  main            d.u.i.k.p.i.AbstractProblemLoader Creating init config 
226680     DEBUG main            d.u.i.k.p.i.AbstractProblemLoader Init config took 4.36s 
226776     INFO  main            d.u.i.k.p.i.AbstractProblemLoader Replaying proof BFilter[ThreadSpec2::joinTransfer()].JML accessible clause.0 
226883     DEBUG main            d.u.i.k.p.i.IntermediateProofReplayer Proof replay took 102.01ms 
226884     DEBUG main            d.u.i.k.p.r.p.TestFile    ... success: reloaded. 
226885     INFO  main            d.u.i.k.p.r.p.TestFile    Now processing file /home/runner/work/key/key/key.core/../key.ui/examples/heap/permissions/threads/BFilter_joinTransfer_contract.key 
226886     INFO  main            d.u.i.k.p.i.AbstractProblemLoader Loading environment from /home/runner/work/key/key/key.core/../key.ui/examples/heap/permissions/threads/BFilter_joinTransfer_contract.key 
226886     DEBUG main            d.u.i.k.p.i.AbstractProblemLoader Environment load took 113.1ns 
226886     INFO  main            d.u.i.k.p.i.AbstractProblemLoader Creating init config 
231316     DEBUG main            d.u.i.k.p.i.AbstractProblemLoader Init config took 4.43s 
231399     INFO  main            d.u.i.k.p.i.AbstractProblemLoader Replaying proof BFilter[ThreadSpec2::joinTransfer()].JML model_behavior operation contract.0 
231401     DEBUG main            d.u.i.k.p.i.IntermediateProofReplayer Proof replay took 7.2ns 
231502     INFO  main            d.u.i.k.p.r.p.TestFile    ... finished proof: closed. 
231960     INFO  main            d.u.i.k.p.i.AbstractProblemLoader Loading environment from /home/runner/work/key/key/key.core/../key.ui/examples/heap/permissions/threads/BFilter_joinTransfer_contract.key.proof 
231960     DEBUG main            d.u.i.k.p.i.AbstractProblemLoader Environment load took 116.5ns 
231961     INFO  main            d.u.i.k.p.i.AbstractProblemLoader Creating init config 
236306     DEBUG main            d.u.i.k.p.i.AbstractProblemLoader Init config took 4.35s 
236402     INFO  main            d.u.i.k.p.i.AbstractProblemLoader Replaying proof BFilter[ThreadSpec2::joinTransfer()].JML model_behavior operation contract.0 
236411     DEBUG main            d.u.i.k.p.i.IntermediateProofReplayer Proof replay took 6.67ms 
236413     DEBUG main            d.u.i.k.p.r.p.TestFile    ... success: reloaded. 
236414     INFO  main            d.u.i.k.p.r.p.TestFile    Now processing file /home/runner/work/key/key/key.core/../key.ui/examples/heap/permissions/threads/BFilter_postJoin_accessible.key 
236414     INFO  main            d.u.i.k.p.i.AbstractProblemLoader Loading environment from /home/runner/work/key/key/key.core/../key.ui/examples/heap/permissions/threads/BFilter_postJoin_accessible.key 
236414     DEBUG main            d.u.i.k.p.i.AbstractProblemLoader Environment load took 161ns 
236416     INFO  main            d.u.i.k.p.i.AbstractProblemLoader Creating init config 
240872     DEBUG main            d.u.i.k.p.i.AbstractProblemLoader Init config took 4.46s 
240952     INFO  main            d.u.i.k.p.i.AbstractProblemLoader Replaying proof BFilter[ThreadSpec2::postJoin(java.lang.Object)].JML accessible clause.0 
240953     DEBUG main            d.u.i.k.p.i.IntermediateProofReplayer Proof replay took 7.4ns 
241055     INFO  main            d.u.i.k.p.r.p.TestFile    ... finished proof: closed. 
241400     INFO  main            d.u.i.k.p.i.AbstractProblemLoader Loading environment from /home/runner/work/key/key/key.core/../key.ui/examples/heap/permissions/threads/BFilter_postJoin_accessible.key.proof 
241400     DEBUG main            d.u.i.k.p.i.AbstractProblemLoader Environment load took 117ns 
241401     INFO  main            d.u.i.k.p.i.AbstractProblemLoader Creating init config 
245745     DEBUG main            d.u.i.k.p.i.AbstractProblemLoader Init config took 4.34s 
245825     INFO  main            d.u.i.k.p.i.AbstractProblemLoader Replaying proof BFilter[ThreadSpec2::postJoin(java.lang.Object)].JML accessible clause.0 
245833     DEBUG main            d.u.i.k.p.i.IntermediateProofReplayer Proof replay took 6.15ms 
245834     DEBUG main            d.u.i.k.p.r.p.TestFile    ... success: reloaded. 
245835     INFO  main            d.u.i.k.p.r.p.TestFile    Now processing file /home/runner/work/key/key/key.core/../key.ui/examples/heap/permissions/threads/BFilter_preStart_accessible.key 
245835     INFO  main            d.u.i.k.p.i.AbstractProblemLoader Loading environment from /home/runner/work/key/key/key.core/../key.ui/examples/heap/permissions/threads/BFilter_preStart_accessible.key 
245835     DEBUG main            d.u.i.k.p.i.AbstractProblemLoader Environment load took 72.8ns 
245836     INFO  main            d.u.i.k.p.i.AbstractProblemLoader Creating init config 
250285     DEBUG main            d.u.i.k.p.i.AbstractProblemLoader Init config took 4.45s 
250385     INFO  main            d.u.i.k.p.i.AbstractProblemLoader Replaying proof BFilter[ThreadSpec2::preStart(java.lang.Object)].JML accessible clause.0 
250386     DEBUG main            d.u.i.k.p.i.IntermediateProofReplayer Proof replay took 8.3ns 
250689     INFO  main            d.u.i.k.p.r.p.TestFile    ... finished proof: closed. 
251041     INFO  main            d.u.i.k.p.i.AbstractProblemLoader Loading environment from /home/runner/work/key/key/key.core/../key.ui/examples/heap/permissions/threads/BFilter_preStart_accessible.key.proof 
251041     DEBUG main            d.u.i.k.p.i.AbstractProblemLoader Environment load took 109.6ns 
251042     INFO  main            d.u.i.k.p.i.AbstractProblemLoader Creating init config 
255391     DEBUG main            d.u.i.k.p.i.AbstractProblemLoader Init config took 4.35s 
255470     INFO  main            d.u.i.k.p.i.AbstractProblemLoader Replaying proof BFilter[ThreadSpec2::preStart(java.lang.Object)].JML accessible clause.0 
255501     DEBUG main            d.u.i.k.p.i.IntermediateProofReplayer Proof replay took 28.41ms 
255502     DEBUG main            d.u.i.k.p.r.p.TestFile    ... success: reloaded. 
255503     INFO  main            d.u.i.k.p.r.p.TestFile    Now processing file /home/runner/work/key/key/key.core/../key.ui/examples/heap/permissions/threads/BFilter_startTransfer_accessible.key 
255504     INFO  main            d.u.i.k.p.i.AbstractProblemLoader Loading environment from /home/runner/work/key/key/key.core/../key.ui/examples/heap/permissions/threads/BFilter_startTransfer_accessible.key 
255504     DEBUG main            d.u.i.k.p.i.AbstractProblemLoader Environment load took 50.9ns 
255505     INFO  main            d.u.i.k.p.i.AbstractProblemLoader Creating init config 
259950     DEBUG main            d.u.i.k.p.i.AbstractProblemLoader Init config took 4.45s 
260029     INFO  main            d.u.i.k.p.i.AbstractProblemLoader Replaying proof BFilter[ThreadSpec2::startTransfer()].JML accessible clause.0 
260031     DEBUG main            d.u.i.k.p.i.IntermediateProofReplayer Proof replay took 7.3ns 
269880     INFO  main            d.u.i.k.p.r.p.TestFile    ... finished proof: closed. 
270253     INFO  main            d.u.i.k.p.i.AbstractProblemLoader Loading environment from /home/runner/work/key/key/key.core/../key.ui/examples/heap/permissions/threads/BFilter_startTransfer_accessible.key.proof 
270253     DEBUG main            d.u.i.k.p.i.AbstractProblemLoader Environment load took 121ns 
270254     INFO  main            d.u.i.k.p.i.AbstractProblemLoader Creating init config 
274615     DEBUG main            d.u.i.k.p.i.AbstractProblemLoader Init config took 4.36s 
274696     INFO  main            d.u.i.k.p.i.AbstractProblemLoader Replaying proof BFilter[ThreadSpec2::startTransfer()].JML accessible clause.0 
275518     DEBUG main            d.u.i.k.p.i.IntermediateProofReplayer Proof replay took 802.67ms 
275520     DEBUG main            d.u.i.k.p.r.p.TestFile    ... success: reloaded. 
275521     INFO  main            d.u.i.k.p.r.p.TestFile    Now processing file /home/runner/work/key/key/key.core/../key.ui/examples/heap/permissions/threads/BFilter_startTransfer_contract.key 
275521     INFO  main            d.u.i.k.p.i.AbstractProblemLoader Loading environment from /home/runner/work/key/key/key.core/../key.ui/examples/heap/permissions/threads/BFilter_startTransfer_contract.key 
275521     DEBUG main            d.u.i.k.p.i.AbstractProblemLoader Environment load took 173ns 
275522     INFO  main            d.u.i.k.p.i.AbstractProblemLoader Creating init config 
279988     DEBUG main            d.u.i.k.p.i.AbstractProblemLoader Init config took 4.47s 
280069     INFO  main            d.u.i.k.p.i.AbstractProblemLoader Replaying proof BFilter[ThreadSpec2::startTransfer()].JML model_behavior operation contract.0 
280071     DEBUG main            d.u.i.k.p.i.IntermediateProofReplayer Proof replay took 8.9ns 
281097     INFO  main            d.u.i.k.p.r.p.TestFile    ... finished proof: closed. 
281445     INFO  main            d.u.i.k.p.i.AbstractProblemLoader Loading environment from /home/runner/work/key/key/key.core/../key.ui/examples/heap/permissions/threads/BFilter_startTransfer_contract.key.proof 
281447     DEBUG main            d.u.i.k.p.i.AbstractProblemLoader Environment load took 1.91ms 
281448     INFO  main            d.u.i.k.p.i.AbstractProblemLoader Creating init config 
285791     DEBUG main            d.u.i.k.p.i.AbstractProblemLoader Init config took 4.34s 
285874     INFO  main            d.u.i.k.p.i.AbstractProblemLoader Replaying proof BFilter[ThreadSpec2::startTransfer()].JML model_behavior operation contract.0 
285968     DEBUG main            d.u.i.k.p.i.IntermediateProofReplayer Proof replay took 88.91ms 
285969     DEBUG main            d.u.i.k.p.r.p.TestFile    ... success: reloaded. 
285970     INFO  main            d.u.i.k.p.r.p.TestFile    Now processing file /home/runner/work/key/key/key.core/../key.ui/examples/heap/permissions/threads/BFilter_stateInv_accessible.key 
285970     INFO  main            d.u.i.k.p.i.AbstractProblemLoader Loading environment from /home/runner/work/key/key/key.core/../key.ui/examples/heap/permissions/threads/BFilter_stateInv_accessible.key 
285971     DEBUG main            d.u.i.k.p.i.AbstractProblemLoader Environment load took 66.1ns 
285971     INFO  main            d.u.i.k.p.i.AbstractProblemLoader Creating init config 
290399     DEBUG main            d.u.i.k.p.i.AbstractProblemLoader Init config took 4.43s 
290495     INFO  main            d.u.i.k.p.i.AbstractProblemLoader Replaying proof BFilter[ThreadSpec2::stateInv()].JML accessible clause.0 
290497     DEBUG main            d.u.i.k.p.i.IntermediateProofReplayer Proof replay took 7.9ns 
290799     INFO  main            d.u.i.k.p.r.p.TestFile    ... finished proof: closed. 
291172     INFO  main            d.u.i.k.p.i.AbstractProblemLoader Loading environment from /home/runner/work/key/key/key.core/../key.ui/examples/heap/permissions/threads/BFilter_stateInv_accessible.key.proof 
291172     DEBUG main            d.u.i.k.p.i.AbstractProblemLoader Environment load took 119.6ns 
291173     INFO  main            d.u.i.k.p.i.AbstractProblemLoader Creating init config 
295520     DEBUG main            d.u.i.k.p.i.AbstractProblemLoader Init config took 4.35s 
295602     INFO  main            d.u.i.k.p.i.AbstractProblemLoader Replaying proof BFilter[ThreadSpec2::stateInv()].JML accessible clause.0 
295646     DEBUG main            d.u.i.k.p.i.IntermediateProofReplayer Proof replay took 38.37ms 
295647     DEBUG main            d.u.i.k.p.r.p.TestFile    ... success: reloaded. 
295648     INFO  main            d.u.i.k.p.r.p.TestFile    Now processing file /home/runner/work/key/key/key.core/../key.ui/examples/heap/permissions/threads/BFilter_staticPermissions_accessible.key 
295648     INFO  main            d.u.i.k.p.i.AbstractProblemLoader Loading environment from /home/runner/work/key/key/key.core/../key.ui/examples/heap/permissions/threads/BFilter_staticPermissions_accessible.key 
295648     DEBUG main            d.u.i.k.p.i.AbstractProblemLoader Environment load took 95.8ns 
295649     INFO  main            d.u.i.k.p.i.AbstractProblemLoader Creating init config 
300105     DEBUG main            d.u.i.k.p.i.AbstractProblemLoader Init config took 4.46s 
300186     INFO  main            d.u.i.k.p.i.AbstractProblemLoader Replaying proof BFilter[ThreadSpec2::staticPermissions()].JML accessible clause.0 
300187     DEBUG main            d.u.i.k.p.i.IntermediateProofReplayer Proof replay took 7.2ns 
300289     INFO  main            d.u.i.k.p.r.p.TestFile    ... finished proof: closed. 
300665     INFO  main            d.u.i.k.p.i.AbstractProblemLoader Loading environment from /home/runner/work/key/key/key.core/../key.ui/examples/heap/permissions/threads/BFilter_staticPermissions_accessible.key.proof 
300665     DEBUG main            d.u.i.k.p.i.AbstractProblemLoader Environment load took 112.1ns 
300666     INFO  main            d.u.i.k.p.i.AbstractProblemLoader Creating init config 
305016     DEBUG main            d.u.i.k.p.i.AbstractProblemLoader Init config took 4.35s 
305096     INFO  main            d.u.i.k.p.i.AbstractProblemLoader Replaying proof BFilter[ThreadSpec2::staticPermissions()].JML accessible clause.0 
305106     DEBUG main            d.u.i.k.p.i.IntermediateProofReplayer Proof replay took 8.58ms 
305108     DEBUG main            d.u.i.k.p.r.p.TestFile    ... success: reloaded. 
305108     INFO  main            d.u.i.k.p.r.p.TestFile    Now processing file /home/runner/work/key/key/key.core/../key.ui/examples/heap/permissions/threads/BFilter_workingPermissions_accessible.key 
305109     INFO  main            d.u.i.k.p.i.AbstractProblemLoader Loading environment from /home/runner/work/key/key/key.core/../key.ui/examples/heap/permissions/threads/BFilter_workingPermissions_accessible.key 
305109     DEBUG main            d.u.i.k.p.i.AbstractProblemLoader Environment load took 99.3ns 
305110     INFO  main            d.u.i.k.p.i.AbstractProblemLoader Creating init config 
309533     DEBUG main            d.u.i.k.p.i.AbstractProblemLoader Init config took 4.42s 
309612     INFO  main            d.u.i.k.p.i.AbstractProblemLoader Replaying proof BFilter[ThreadSpec2::workingPermissions()].JML accessible clause.0 
309614     DEBUG main            d.u.i.k.p.i.IntermediateProofReplayer Proof replay took 7.2ns 
309716     INFO  main            d.u.i.k.p.r.p.TestFile    ... finished proof: closed. 
310098     INFO  main            d.u.i.k.p.i.AbstractProblemLoader Loading environment from /home/runner/work/key/key/key.core/../key.ui/examples/heap/permissions/threads/BFilter_workingPermissions_accessible.key.proof 
310098     DEBUG main            d.u.i.k.p.i.AbstractProblemLoader Environment load took 108.9ns 
310099     INFO  main            d.u.i.k.p.i.AbstractProblemLoader Creating init config 
314438     DEBUG main            d.u.i.k.p.i.AbstractProblemLoader Init config took 4.34s 
314518     INFO  main            d.u.i.k.p.i.AbstractProblemLoader Replaying proof BFilter[ThreadSpec2::workingPermissions()].JML accessible clause.0 
314527     DEBUG main            d.u.i.k.p.i.IntermediateProofReplayer Proof replay took 7.46ms 
314528     DEBUG main            d.u.i.k.p.r.p.TestFile    ... success: reloaded. 
314529     INFO  main            d.u.i.k.p.r.p.TestFile    Now processing file /home/runner/work/key/key/key.core/../key.ui/examples/heap/permissions/threads/Fib_Fib.key 
314529     INFO  main            d.u.i.k.p.i.AbstractProblemLoader Loading environment from /home/runner/work/key/key/key.core/../key.ui/examples/heap/permissions/threads/Fib_Fib.key 
314529     DEBUG main            d.u.i.k.p.i.AbstractProblemLoader Environment load took 103.9ns 
314530     INFO  main            d.u.i.k.p.i.AbstractProblemLoader Creating init config 
318949     DEBUG main            d.u.i.k.p.i.AbstractProblemLoader Init config took 4.42s 
319048     INFO  main            d.u.i.k.p.i.AbstractProblemLoader Replaying proof Fib[Fib::Fib(int)].JML normal_behavior operation contract.0 
319049     DEBUG main            d.u.i.k.p.i.IntermediateProofReplayer Proof replay took 8.9ns 
319654     INFO  main            d.u.i.k.p.r.p.TestFile    ... finished proof: closed. 
320080     INFO  main            d.u.i.k.p.i.AbstractProblemLoader Loading environment from /home/runner/work/key/key/key.core/../key.ui/examples/heap/permissions/threads/Fib_Fib.key.proof 
320080     DEBUG main            d.u.i.k.p.i.AbstractProblemLoader Environment load took 110.1ns 
320081     INFO  main            d.u.i.k.p.i.AbstractProblemLoader Creating init config 
324453     DEBUG main            d.u.i.k.p.i.AbstractProblemLoader Init config took 4.37s 
324532     INFO  main            d.u.i.k.p.i.AbstractProblemLoader Replaying proof Fib[Fib::Fib(int)].JML normal_behavior operation contract.0 
324626     DEBUG main            d.u.i.k.p.i.IntermediateProofReplayer Proof replay took 90.62ms 
324627     DEBUG main            d.u.i.k.p.r.p.TestFile    ... success: reloaded. 
324628     INFO  main            d.u.i.k.p.r.p.TestFile    Now processing file /home/runner/work/key/key/key.core/../key.ui/examples/heap/permissions/threads/Fib_initPost_accessible.key 
324628     INFO  main            d.u.i.k.p.i.AbstractProblemLoader Loading environment from /home/runner/work/key/key/key.core/../key.ui/examples/heap/permissions/threads/Fib_initPost_accessible.key 
324628     DEBUG main            d.u.i.k.p.i.AbstractProblemLoader Environment load took 96.6ns 
324629     INFO  main            d.u.i.k.p.i.AbstractProblemLoader Creating init config 
329071     DEBUG main            d.u.i.k.p.i.AbstractProblemLoader Init config took 4.44s 
329167     INFO  main            d.u.i.k.p.i.AbstractProblemLoader Replaying proof Fib[ThreadSpec::initPost()].JML accessible clause.0 
329169     DEBUG main            d.u.i.k.p.i.IntermediateProofReplayer Proof replay took 8ns 
329271     INFO  main            d.u.i.k.p.r.p.TestFile    ... finished proof: closed. 
329663     INFO  main            d.u.i.k.p.i.AbstractProblemLoader Loading environment from /home/runner/work/key/key/key.core/../key.ui/examples/heap/permissions/threads/Fib_initPost_accessible.key.proof 
329663     DEBUG main            d.u.i.k.p.i.AbstractProblemLoader Environment load took 115.5ns 
329664     INFO  main            d.u.i.k.p.i.AbstractProblemLoader Creating init config 
334033     DEBUG main            d.u.i.k.p.i.AbstractProblemLoader Init config took 4.37s 
334124     INFO  main            d.u.i.k.p.i.AbstractProblemLoader Replaying proof Fib[ThreadSpec::initPost()].JML accessible clause.0 
334131     DEBUG main            d.u.i.k.p.i.IntermediateProofReplayer Proof replay took 4.79ms 
334132     DEBUG main            d.u.i.k.p.r.p.TestFile    ... success: reloaded. 
334133     INFO  main            d.u.i.k.p.r.p.TestFile    Now processing file /home/runner/work/key/key/key.core/../key.ui/examples/heap/permissions/threads/Fib_inv1_accessible.key 
334133     INFO  main            d.u.i.k.p.i.AbstractProblemLoader Loading environment from /home/runner/work/key/key/key.core/../key.ui/examples/heap/permissions/threads/Fib_inv1_accessible.key 
334134     DEBUG main            d.u.i.k.p.i.AbstractProblemLoader Environment load took 93.8ns 
334134     INFO  main            d.u.i.k.p.i.AbstractProblemLoader Creating init config 
338554     DEBUG main            d.u.i.k.p.i.AbstractProblemLoader Init config took 4.42s 
338636     INFO  main            d.u.i.k.p.i.AbstractProblemLoader Replaying proof Fib[java.lang.Object::<inv>()].JML accessible clause.0 
338638     DEBUG main            d.u.i.k.p.i.IntermediateProofReplayer Proof replay took 6.7ns 
338739     INFO  main            d.u.i.k.p.r.p.TestFile    ... finished proof: closed. 
339142     INFO  main            d.u.i.k.p.i.AbstractProblemLoader Loading environment from /home/runner/work/key/key/key.core/../key.ui/examples/heap/permissions/threads/Fib_inv1_accessible.key.proof 
339142     DEBUG main            d.u.i.k.p.i.AbstractProblemLoader Environment load took 105.4ns 
339143     INFO  main            d.u.i.k.p.i.AbstractProblemLoader Creating init config 
343492     DEBUG main            d.u.i.k.p.i.AbstractProblemLoader Init config took 4.35s 
343584     INFO  main            d.u.i.k.p.i.AbstractProblemLoader Replaying proof Fib[java.lang.Object::<inv>()].JML accessible clause.0 
343587     DEBUG main            d.u.i.k.p.i.IntermediateProofReplayer Proof replay took 1.82ms 
343588     DEBUG main            d.u.i.k.p.r.p.TestFile    ... success: reloaded. 
343589     INFO  main            d.u.i.k.p.r.p.TestFile    Now processing file /home/runner/work/key/key/key.core/../key.ui/examples/heap/permissions/threads/Fib_inv2_accessible.key 
343589     INFO  main            d.u.i.k.p.i.AbstractProblemLoader Loading environment from /home/runner/work/key/key/key.core/../key.ui/examples/heap/permissions/threads/Fib_inv2_accessible.key 
343589     DEBUG main            d.u.i.k.p.i.AbstractProblemLoader Environment load took 85.3ns 
343590     INFO  main            d.u.i.k.p.i.AbstractProblemLoader Creating init config 
348049     DEBUG main            d.u.i.k.p.i.AbstractProblemLoader Init config took 4.46s 
348129     INFO  main            d.u.i.k.p.i.AbstractProblemLoader Replaying proof Fib[java.lang.Object::<inv>()].JML accessible clause.1 
348131     DEBUG main            d.u.i.k.p.i.IntermediateProofReplayer Proof replay took 8.4ns 
348232     INFO  main            d.u.i.k.p.r.p.TestFile    ... finished proof: closed. 
348640     INFO  main            d.u.i.k.p.i.AbstractProblemLoader Loading environment from /home/runner/work/key/key/key.core/../key.ui/examples/heap/permissions/threads/Fib_inv2_accessible.key.proof 
348640     DEBUG main            d.u.i.k.p.i.AbstractProblemLoader Environment load took 101.6ns 
348641     INFO  main            d.u.i.k.p.i.AbstractProblemLoader Creating init config 
352993     DEBUG main            d.u.i.k.p.i.AbstractProblemLoader Init config took 4.35s 
353072     INFO  main            d.u.i.k.p.i.AbstractProblemLoader Replaying proof Fib[java.lang.Object::<inv>()].JML accessible clause.1 
353076     DEBUG main            d.u.i.k.p.i.IntermediateProofReplayer Proof replay took 1.85ms 
353077     DEBUG main            d.u.i.k.p.r.p.TestFile    ... success: reloaded. 
353078     INFO  main            d.u.i.k.p.r.p.TestFile    Now processing file /home/runner/work/key/key/key.core/../key.ui/examples/heap/permissions/threads/Fib_joinTransfer_accessible.key 
353078     INFO  main            d.u.i.k.p.i.AbstractProblemLoader Loading environment from /home/runner/work/key/key/key.core/../key.ui/examples/heap/permissions/threads/Fib_joinTransfer_accessible.key 
353078     DEBUG main            d.u.i.k.p.i.AbstractProblemLoader Environment load took 52.7ns 
353079     INFO  main            d.u.i.k.p.i.AbstractProblemLoader Creating init config 
357496     DEBUG main            d.u.i.k.p.i.AbstractProblemLoader Init config took 4.42s 
357591     INFO  main            d.u.i.k.p.i.AbstractProblemLoader Replaying proof Fib[ThreadSpec::joinTransfer()].JML accessible clause.0 
357593     DEBUG main            d.u.i.k.p.i.IntermediateProofReplayer Proof replay took 6ns 
357796     INFO  main            d.u.i.k.p.r.p.TestFile    ... finished proof: closed. 
358217     INFO  main            d.u.i.k.p.i.AbstractProblemLoader Loading environment from /home/runner/work/key/key/key.core/../key.ui/examples/heap/permissions/threads/Fib_joinTransfer_accessible.key.proof 
358217     DEBUG main            d.u.i.k.p.i.AbstractProblemLoader Environment load took 99.7ns 
358218     INFO  main            d.u.i.k.p.i.AbstractProblemLoader Creating init config 
362569     DEBUG main            d.u.i.k.p.i.AbstractProblemLoader Init config took 4.35s 
362648     INFO  main            d.u.i.k.p.i.AbstractProblemLoader Replaying proof Fib[ThreadSpec::joinTransfer()].JML accessible clause.0 
362672     DEBUG main            d.u.i.k.p.i.IntermediateProofReplayer Proof replay took 22.06ms 
362673     DEBUG main            d.u.i.k.p.r.p.TestFile    ... success: reloaded. 
362674     INFO  main            d.u.i.k.p.r.p.TestFile    Now processing file /home/runner/work/key/key/key.core/../key.ui/examples/heap/permissions/threads/Fib_joinTransfer_contract.key 
362674     INFO  main            d.u.i.k.p.i.AbstractProblemLoader Loading environment from /home/runner/work/key/key/key.core/../key.ui/examples/heap/permissions/threads/Fib_joinTransfer_contract.key 
362674     DEBUG main            d.u.i.k.p.i.AbstractProblemLoader Environment load took 87.3ns 
362675     INFO  main            d.u.i.k.p.i.AbstractProblemLoader Creating init config 
367110     DEBUG main            d.u.i.k.p.i.AbstractProblemLoader Init config took 4.44s 
367190     INFO  main            d.u.i.k.p.i.AbstractProblemLoader Replaying proof Fib[ThreadSpec::joinTransfer()].JML model_behavior operation contract.0 
367192     DEBUG main            d.u.i.k.p.i.IntermediateProofReplayer Proof replay took 7.4ns 
367293     INFO  main            d.u.i.k.p.r.p.TestFile    ... finished proof: closed. 
367718     INFO  main            d.u.i.k.p.i.AbstractProblemLoader Loading environment from /home/runner/work/key/key/key.core/../key.ui/examples/heap/permissions/threads/Fib_joinTransfer_contract.key.proof 
367718     DEBUG main            d.u.i.k.p.i.AbstractProblemLoader Environment load took 119.8ns 
367719     INFO  main            d.u.i.k.p.i.AbstractProblemLoader Creating init config 
372066     DEBUG main            d.u.i.k.p.i.AbstractProblemLoader Init config took 4.35s 
372147     INFO  main            d.u.i.k.p.i.AbstractProblemLoader Replaying proof Fib[ThreadSpec::joinTransfer()].JML model_behavior operation contract.0 
372156     DEBUG main            d.u.i.k.p.i.IntermediateProofReplayer Proof replay took 6.37ms 
372156     DEBUG main            d.u.i.k.p.r.p.TestFile    ... success: reloaded. 
372157     INFO  main            d.u.i.k.p.r.p.TestFile    Now processing file /home/runner/work/key/key/key.core/../key.ui/examples/heap/permissions/threads/Fib_postJoin_accessible.key 
372158     INFO  main            d.u.i.k.p.i.AbstractProblemLoader Loading environment from /home/runner/work/key/key/key.core/../key.ui/examples/heap/permissions/threads/Fib_postJoin_accessible.key 
372158     DEBUG main            d.u.i.k.p.i.AbstractProblemLoader Environment load took 50.7ns 
372158     INFO  main            d.u.i.k.p.i.AbstractProblemLoader Creating init config 
376598     DEBUG main            d.u.i.k.p.i.AbstractProblemLoader Init config took 4.44s 
376695     INFO  main            d.u.i.k.p.i.AbstractProblemLoader Replaying proof Fib[ThreadSpec::postJoin(java.lang.Object)].JML accessible clause.0 
376696     DEBUG main            d.u.i.k.p.i.IntermediateProofReplayer Proof replay took 7ns 
376798     INFO  main            d.u.i.k.p.r.p.TestFile    ... finished proof: closed. 
377227     INFO  main            d.u.i.k.p.i.AbstractProblemLoader Loading environment from /home/runner/work/key/key/key.core/../key.ui/examples/heap/permissions/threads/Fib_postJoin_accessible.key.proof 
377227     DEBUG main            d.u.i.k.p.i.AbstractProblemLoader Environment load took 112.7ns 
377228     INFO  main            d.u.i.k.p.i.AbstractProblemLoader Creating init config 
381576     DEBUG main            d.u.i.k.p.i.AbstractProblemLoader Init config took 4.35s 
381655     INFO  main            d.u.i.k.p.i.AbstractProblemLoader Replaying proof Fib[ThreadSpec::postJoin(java.lang.Object)].JML accessible clause.0 
381662     DEBUG main            d.u.i.k.p.i.IntermediateProofReplayer Proof replay took 4.86ms 
381663     DEBUG main            d.u.i.k.p.r.p.TestFile    ... success: reloaded. 
381663     INFO  main            d.u.i.k.p.r.p.TestFile    Now processing file /home/runner/work/key/key/key.core/../key.ui/examples/heap/permissions/threads/Fib_preStart_accessible.key 
381664     INFO  main            d.u.i.k.p.i.AbstractProblemLoader Loading environment from /home/runner/work/key/key/key.core/../key.ui/examples/heap/permissions/threads/Fib_preStart_accessible.key 
381664     DEBUG main            d.u.i.k.p.i.AbstractProblemLoader Environment load took 106.1ns 
381665     INFO  main            d.u.i.k.p.i.AbstractProblemLoader Creating init config 
386109     DEBUG main            d.u.i.k.p.i.AbstractProblemLoader Init config took 4.44s 
386189     INFO  main            d.u.i.k.p.i.AbstractProblemLoader Replaying proof Fib[ThreadSpec::preStart(java.lang.Object)].JML accessible clause.0 
386190     DEBUG main            d.u.i.k.p.i.IntermediateProofReplayer Proof replay took 8.1ns 
386292     INFO  main            d.u.i.k.p.r.p.TestFile    ... finished proof: closed. 
386722     INFO  main            d.u.i.k.p.i.AbstractProblemLoader Loading environment from /home/runner/work/key/key/key.core/../key.ui/examples/heap/permissions/threads/Fib_preStart_accessible.key.proof 
386722     DEBUG main            d.u.i.k.p.i.AbstractProblemLoader Environment load took 105.7ns 
386723     INFO  main            d.u.i.k.p.i.AbstractProblemLoader Creating init config 
391075     DEBUG main            d.u.i.k.p.i.AbstractProblemLoader Init config took 4.35s 
391168     INFO  main            d.u.i.k.p.i.AbstractProblemLoader Replaying proof Fib[ThreadSpec::preStart(java.lang.Object)].JML accessible clause.0 
391174     DEBUG main            d.u.i.k.p.i.IntermediateProofReplayer Proof replay took 4.98ms 
391176     DEBUG main            d.u.i.k.p.r.p.TestFile    ... success: reloaded. 
391177     INFO  main            d.u.i.k.p.r.p.TestFile    Now processing file /home/runner/work/key/key/key.core/../key.ui/examples/heap/permissions/threads/Fib_startTransfer_accessible.key 
391177     INFO  main            d.u.i.k.p.i.AbstractProblemLoader Loading environment from /home/runner/work/key/key/key.core/../key.ui/examples/heap/permissions/threads/Fib_startTransfer_accessible.key 
391177     DEBUG main            d.u.i.k.p.i.AbstractProblemLoader Environment load took 83.2ns 
391178     INFO  main            d.u.i.k.p.i.AbstractProblemLoader Creating init config 
395616     DEBUG main            d.u.i.k.p.i.AbstractProblemLoader Init config took 4.44s 
395695     INFO  main            d.u.i.k.p.i.AbstractProblemLoader Replaying proof Fib[ThreadSpec::startTransfer()].JML accessible clause.0 
395696     DEBUG main            d.u.i.k.p.i.IntermediateProofReplayer Proof replay took 9.7ns 
395898     INFO  main            d.u.i.k.p.r.p.TestFile    ... finished proof: closed. 
396371     INFO  main            d.u.i.k.p.i.AbstractProblemLoader Loading environment from /home/runner/work/key/key/key.core/../key.ui/examples/heap/permissions/threads/Fib_startTransfer_accessible.key.proof 
396371     DEBUG main            d.u.i.k.p.i.AbstractProblemLoader Environment load took 108.4ns 
396372     INFO  main            d.u.i.k.p.i.AbstractProblemLoader Creating init config 
400719     DEBUG main            d.u.i.k.p.i.AbstractProblemLoader Init config took 4.35s 
400799     INFO  main            d.u.i.k.p.i.AbstractProblemLoader Replaying proof Fib[ThreadSpec::startTransfer()].JML accessible clause.0 
400837     DEBUG main            d.u.i.k.p.i.IntermediateProofReplayer Proof replay took 35.93ms 
400838     DEBUG main            d.u.i.k.p.r.p.TestFile    ... success: reloaded. 
400839     INFO  main            d.u.i.k.p.r.p.TestFile    Now processing file /home/runner/work/key/key/key.core/../key.ui/examples/heap/permissions/threads/Fib_startTransfer_contract.key 
400839     INFO  main            d.u.i.k.p.i.AbstractProblemLoader Loading environment from /home/runner/work/key/key/key.core/../key.ui/examples/heap/permissions/threads/Fib_startTransfer_contract.key 
400839     DEBUG main            d.u.i.k.p.i.AbstractProblemLoader Environment load took 49.2ns 
400840     INFO  main            d.u.i.k.p.i.AbstractProblemLoader Creating init config 
405273     DEBUG main            d.u.i.k.p.i.AbstractProblemLoader Init config took 4.43s 
405352     INFO  main            d.u.i.k.p.i.AbstractProblemLoader Replaying proof Fib[ThreadSpec::startTransfer()].JML model_behavior operation contract.0 
405354     DEBUG main            d.u.i.k.p.i.IntermediateProofReplayer Proof replay took 7.9ns 
405455     INFO  main            d.u.i.k.p.r.p.TestFile    ... finished proof: closed. 
405913     INFO  main            d.u.i.k.p.i.AbstractProblemLoader Loading environment from /home/runner/work/key/key/key.core/../key.ui/examples/heap/permissions/threads/Fib_startTransfer_contract.key.proof 
405913     DEBUG main            d.u.i.k.p.i.AbstractProblemLoader Environment load took 100ns 
405914     INFO  main            d.u.i.k.p.i.AbstractProblemLoader Creating init config 
410275     DEBUG main            d.u.i.k.p.i.AbstractProblemLoader Init config took 4.36s 
410355     INFO  main            d.u.i.k.p.i.AbstractProblemLoader Replaying proof Fib[ThreadSpec::startTransfer()].JML model_behavior operation contract.0 
410362     DEBUG main            d.u.i.k.p.i.IntermediateProofReplayer Proof replay took 6.02ms 
410363     DEBUG main            d.u.i.k.p.r.p.TestFile    ... success: reloaded. 
410364     INFO  main            d.u.i.k.p.r.p.TestFile    Now processing file /home/runner/work/key/key/key.core/../key.ui/examples/heap/permissions/threads/Fib_workingPermissions_accessible.key 
410364     INFO  main            d.u.i.k.p.i.AbstractProblemLoader Loading environment from /home/runner/work/key/key/key.core/../key.ui/examples/heap/permissions/threads/Fib_workingPermissions_accessible.key 
410364     DEBUG main            d.u.i.k.p.i.AbstractProblemLoader Environment load took 63.5ns 
410365     INFO  main            d.u.i.k.p.i.AbstractProblemLoader Creating init config 
414799     DEBUG main            d.u.i.k.p.i.AbstractProblemLoader Init config took 4.43s 
414879     INFO  main            d.u.i.k.p.i.AbstractProblemLoader Replaying proof Fib[ThreadSpec::workingPermissions()].JML accessible clause.0 
414881     DEBUG main            d.u.i.k.p.i.IntermediateProofReplayer Proof replay took 8.1ns 
414983     INFO  main            d.u.i.k.p.r.p.TestFile    ... finished proof: closed. 
415442     INFO  main            d.u.i.k.p.i.AbstractProblemLoader Loading environment from /home/runner/work/key/key/key.core/../key.ui/examples/heap/permissions/threads/Fib_workingPermissions_accessible.key.proof 
415443     DEBUG main            d.u.i.k.p.i.AbstractProblemLoader Environment load took 132.3ns 
415443     INFO  main            d.u.i.k.p.i.AbstractProblemLoader Creating init config 
419820     DEBUG main            d.u.i.k.p.i.AbstractProblemLoader Init config took 4.38s 
419900     INFO  main            d.u.i.k.p.i.AbstractProblemLoader Replaying proof Fib[ThreadSpec::workingPermissions()].JML accessible clause.0 
419903     DEBUG main            d.u.i.k.p.i.IntermediateProofReplayer Proof replay took 2.09ms 
419904     DEBUG main            d.u.i.k.p.r.p.TestFile    ... success: reloaded. 
419905     INFO  main            d.u.i.k.p.r.p.TestFile    Now processing file /home/runner/work/key/key/key.core/../key.ui/examples/heap/permissions/threads/Plotter_initPost_accessible.key 
419905     INFO  main            d.u.i.k.p.i.AbstractProblemLoader Loading environment from /home/runner/work/key/key/key.core/../key.ui/examples/heap/permissions/threads/Plotter_initPost_accessible.key 
419905     DEBUG main            d.u.i.k.p.i.AbstractProblemLoader Environment load took 46ns 
419906     INFO  main            d.u.i.k.p.i.AbstractProblemLoader Creating init config 
424354     DEBUG main            d.u.i.k.p.i.AbstractProblemLoader Init config took 4.45s 
424433     INFO  main            d.u.i.k.p.i.AbstractProblemLoader Replaying proof Plotter[ThreadSpec2::initPost()].JML accessible clause.0 
424435     DEBUG main            d.u.i.k.p.i.IntermediateProofReplayer Proof replay took 8.4ns 
424637     INFO  main            d.u.i.k.p.r.p.TestFile    ... finished proof: closed. 
425086     INFO  main            d.u.i.k.p.i.AbstractProblemLoader Loading environment from /home/runner/work/key/key/key.core/../key.ui/examples/heap/permissions/threads/Plotter_initPost_accessible.key.proof 
425087     DEBUG main            d.u.i.k.p.i.AbstractProblemLoader Environment load took 98.1ns 
425088     INFO  main            d.u.i.k.p.i.AbstractProblemLoader Creating init config 
429482     DEBUG main            d.u.i.k.p.i.AbstractProblemLoader Init config took 4.39s 
429561     INFO  main            d.u.i.k.p.i.AbstractProblemLoader Replaying proof Plotter[ThreadSpec2::initPost()].JML accessible clause.0 
429575     DEBUG main            d.u.i.k.p.i.IntermediateProofReplayer Proof replay took 12.08ms 
429576     DEBUG main            d.u.i.k.p.r.p.TestFile    ... success: reloaded. 
429577     INFO  main            d.u.i.k.p.r.p.TestFile    Now processing file /home/runner/work/key/key/key.core/../key.ui/examples/heap/permissions/threads/Plotter_inv_accessible1.key 
429578     INFO  main            d.u.i.k.p.i.AbstractProblemLoader Loading environment from /home/runner/work/key/key/key.core/../key.ui/examples/heap/permissions/threads/Plotter_inv_accessible1.key 
429578     DEBUG main            d.u.i.k.p.i.AbstractProblemLoader Environment load took 90ns 
429579     INFO  main            d.u.i.k.p.i.AbstractProblemLoader Creating init config 
434076     DEBUG main            d.u.i.k.p.i.AbstractProblemLoader Init config took 4.5s 
434170     INFO  main            d.u.i.k.p.i.AbstractProblemLoader Replaying proof Plotter[java.lang.Object::<inv>()].JML accessible clause.0 
434172     DEBUG main            d.u.i.k.p.i.IntermediateProofReplayer Proof replay took 8.9ns 
434274     INFO  main            d.u.i.k.p.r.p.TestFile    ... finished proof: closed. 
434741     INFO  main            d.u.i.k.p.i.AbstractProblemLoader Loading environment from /home/runner/work/key/key/key.core/../key.ui/examples/heap/permissions/threads/Plotter_inv_accessible1.key.proof 
434741     DEBUG main            d.u.i.k.p.i.AbstractProblemLoader Environment load took 98.6ns 
434742     INFO  main            d.u.i.k.p.i.AbstractProblemLoader Creating init config 
439103     DEBUG main            d.u.i.k.p.i.AbstractProblemLoader Init config took 4.36s 
439195     INFO  main            d.u.i.k.p.i.AbstractProblemLoader Replaying proof Plotter[java.lang.Object::<inv>()].JML accessible clause.0 
439198     DEBUG main            d.u.i.k.p.i.IntermediateProofReplayer Proof replay took 1.67ms 
439199     DEBUG main            d.u.i.k.p.r.p.TestFile    ... success: reloaded. 
439200     INFO  main            d.u.i.k.p.r.p.TestFile    Now processing file /home/runner/work/key/key/key.core/../key.ui/examples/heap/permissions/threads/Plotter_inv_accessible2.key 
439200     INFO  main            d.u.i.k.p.i.AbstractProblemLoader Loading environment from /home/runner/work/key/key/key.core/../key.ui/examples/heap/permissions/threads/Plotter_inv_accessible2.key 
439200     DEBUG main            d.u.i.k.p.i.AbstractProblemLoader Environment load took 44.9ns 
439201     INFO  main            d.u.i.k.p.i.AbstractProblemLoader Creating init config 
443644     DEBUG main            d.u.i.k.p.i.AbstractProblemLoader Init config took 4.44s 
443723     INFO  main            d.u.i.k.p.i.AbstractProblemLoader Replaying proof Plotter[java.lang.Object::<inv>()].JML accessible clause.1 
443724     DEBUG main            d.u.i.k.p.i.IntermediateProofReplayer Proof replay took 7.9ns 
443826     INFO  main            d.u.i.k.p.r.p.TestFile    ... finished proof: closed. 
444308     INFO  main            d.u.i.k.p.i.AbstractProblemLoader Loading environment from /home/runner/work/key/key/key.core/../key.ui/examples/heap/permissions/threads/Plotter_inv_accessible2.key.proof 
444308     DEBUG main            d.u.i.k.p.i.AbstractProblemLoader Environment load took 101.8ns 
444309     INFO  main            d.u.i.k.p.i.AbstractProblemLoader Creating init config 
448723     DEBUG main            d.u.i.k.p.i.AbstractProblemLoader Init config took 4.41s 
448803     INFO  main            d.u.i.k.p.i.AbstractProblemLoader Replaying proof Plotter[java.lang.Object::<inv>()].JML accessible clause.1 
448806     DEBUG main            d.u.i.k.p.i.IntermediateProofReplayer Proof replay took 1.64ms 
448807     DEBUG main            d.u.i.k.p.r.p.TestFile    ... success: reloaded. 
448808     INFO  main            d.u.i.k.p.r.p.TestFile    Now processing file /home/runner/work/key/key/key.core/../key.ui/examples/heap/permissions/threads/Plotter_joinTransfer_contract.key 
448808     INFO  main            d.u.i.k.p.i.AbstractProblemLoader Loading environment from /home/runner/work/key/key/key.core/../key.ui/examples/heap/permissions/threads/Plotter_joinTransfer_contract.key 
448808     DEBUG main            d.u.i.k.p.i.AbstractProblemLoader Environment load took 47.1ns 
448809     INFO  main            d.u.i.k.p.i.AbstractProblemLoader Creating init config 
453393     DEBUG main            d.u.i.k.p.i.AbstractProblemLoader Init config took 4.58s 
453506     INFO  main            d.u.i.k.p.i.AbstractProblemLoader Replaying proof Plotter[ThreadSpec2::joinTransfer()].JML model_behavior operation contract.0 
453508     DEBUG main            d.u.i.k.p.i.IntermediateProofReplayer Proof replay took 8.6ns 
453609     INFO  main            d.u.i.k.p.r.p.TestFile    ... finished proof: closed. 
454091     INFO  main            d.u.i.k.p.i.AbstractProblemLoader Loading environment from /home/runner/work/key/key/key.core/../key.ui/examples/heap/permissions/threads/Plotter_joinTransfer_contract.key.proof 
454091     DEBUG main            d.u.i.k.p.i.AbstractProblemLoader Environment load took 97.3ns 
454092     INFO  main            d.u.i.k.p.i.AbstractProblemLoader Creating init config 
458504     DEBUG main            d.u.i.k.p.i.AbstractProblemLoader Init config took 4.41s 
458585     INFO  main            d.u.i.k.p.i.AbstractProblemLoader Replaying proof Plotter[ThreadSpec2::joinTransfer()].JML model_behavior operation contract.0 
458593     DEBUG main            d.u.i.k.p.i.IntermediateProofReplayer Proof replay took 6.95ms 
458594     DEBUG main            d.u.i.k.p.r.p.TestFile    ... success: reloaded. 
458595     INFO  main            d.u.i.k.p.r.p.TestFile    Now processing file /home/runner/work/key/key/key.core/../key.ui/examples/heap/permissions/threads/Plotter_Plotter.key 
458595     INFO  main            d.u.i.k.p.i.AbstractProblemLoader Loading environment from /home/runner/work/key/key/key.core/../key.ui/examples/heap/permissions/threads/Plotter_Plotter.key 
458595     DEBUG main            d.u.i.k.p.i.AbstractProblemLoader Environment load took 47.8ns 
458596     INFO  main            d.u.i.k.p.i.AbstractProblemLoader Creating init config 
462997     DEBUG main            d.u.i.k.p.i.AbstractProblemLoader Init config took 4.4s 
463077     INFO  main            d.u.i.k.p.i.AbstractProblemLoader Replaying proof Plotter[Plotter::Plotter(AFilter,BFilter,Buffer)].JML normal_behavior operation contract.0 
463079     DEBUG main            d.u.i.k.p.i.IntermediateProofReplayer Proof replay took 8.3ns 
464890     INFO  main            d.u.i.k.p.r.p.TestFile    ... finished proof: closed. 
465422     INFO  main            d.u.i.k.p.i.AbstractProblemLoader Loading environment from /home/runner/work/key/key/key.core/../key.ui/examples/heap/permissions/threads/Plotter_Plotter.key.proof 
465422     DEBUG main            d.u.i.k.p.i.AbstractProblemLoader Environment load took 112.7ns 
465423     INFO  main            d.u.i.k.p.i.AbstractProblemLoader Creating init config 
469776     DEBUG main            d.u.i.k.p.i.AbstractProblemLoader Init config took 4.35s 
469872     INFO  main            d.u.i.k.p.i.AbstractProblemLoader Replaying proof Plotter[Plotter::Plotter(AFilter,BFilter,Buffer)].JML normal_behavior operation contract.0 
470124     DEBUG main            d.u.i.k.p.i.IntermediateProofReplayer Proof replay took 242.61ms 
470125     DEBUG main            d.u.i.k.p.r.p.TestFile    ... success: reloaded. 
470126     INFO  main            d.u.i.k.p.r.p.TestFile    Now processing file /home/runner/work/key/key/key.core/../key.ui/examples/heap/permissions/threads/Plotter_postJoin_accessible.key 
470126     INFO  main            d.u.i.k.p.i.AbstractProblemLoader Loading environment from /home/runner/work/key/key/key.core/../key.ui/examples/heap/permissions/threads/Plotter_postJoin_accessible.key 
470126     DEBUG main            d.u.i.k.p.i.AbstractProblemLoader Environment load took 51.2ns 
470127     INFO  main            d.u.i.k.p.i.AbstractProblemLoader Creating init config 
474573     DEBUG main            d.u.i.k.p.i.AbstractProblemLoader Init config took 4.45s 
474653     INFO  main            d.u.i.k.p.i.AbstractProblemLoader Replaying proof Plotter[ThreadSpec2::postJoin(java.lang.Object)].JML accessible clause.0 
474654     DEBUG main            d.u.i.k.p.i.IntermediateProofReplayer Proof replay took 10.1ns 
474759     INFO  main            d.u.i.k.p.r.p.TestFile    ... finished proof: closed. 
475264     INFO  main            d.u.i.k.p.i.AbstractProblemLoader Loading environment from /home/runner/work/key/key/key.core/../key.ui/examples/heap/permissions/threads/Plotter_postJoin_accessible.key.proof 
475265     DEBUG main            d.u.i.k.p.i.AbstractProblemLoader Environment load took 94.8ns 
475265     INFO  main            d.u.i.k.p.i.AbstractProblemLoader Creating init config 
479629     DEBUG main            d.u.i.k.p.i.AbstractProblemLoader Init config took 4.36s 
479709     INFO  main            d.u.i.k.p.i.AbstractProblemLoader Replaying proof Plotter[ThreadSpec2::postJoin(java.lang.Object)].JML accessible clause.0 
479739     DEBUG main            d.u.i.k.p.i.IntermediateProofReplayer Proof replay took 27.6ms 
479740     DEBUG main            d.u.i.k.p.r.p.TestFile    ... success: reloaded. 
479742     INFO  main            d.u.i.k.p.r.p.TestFile    Now processing file /home/runner/work/key/key/key.core/../key.ui/examples/heap/permissions/threads/Plotter_preStart_accessible.key 
479742     INFO  main            d.u.i.k.p.i.AbstractProblemLoader Loading environment from /home/runner/work/key/key/key.core/../key.ui/examples/heap/permissions/threads/Plotter_preStart_accessible.key 
479742     DEBUG main            d.u.i.k.p.i.AbstractProblemLoader Environment load took 177.6ns 
479743     INFO  main            d.u.i.k.p.i.AbstractProblemLoader Creating init config 
484160     DEBUG main            d.u.i.k.p.i.AbstractProblemLoader Init config took 4.42s 
484239     INFO  main            d.u.i.k.p.i.AbstractProblemLoader Replaying proof Plotter[ThreadSpec2::preStart(java.lang.Object)].JML accessible clause.0 
484240     DEBUG main            d.u.i.k.p.i.IntermediateProofReplayer Proof replay took 9.5ns 
485345     INFO  main            d.u.i.k.p.r.p.TestFile    ... finished proof: closed. 
485888     INFO  main            d.u.i.k.p.i.AbstractProblemLoader Loading environment from /home/runner/work/key/key/key.core/../key.ui/examples/heap/permissions/threads/Plotter_preStart_accessible.key.proof 
485888     DEBUG main            d.u.i.k.p.i.AbstractProblemLoader Environment load took 110.5ns 
485889     INFO  main            d.u.i.k.p.i.AbstractProblemLoader Creating init config 
490226     DEBUG main            d.u.i.k.p.i.AbstractProblemLoader Init config took 4.34s 
490319     INFO  main            d.u.i.k.p.i.AbstractProblemLoader Replaying proof Plotter[ThreadSpec2::preStart(java.lang.Object)].JML accessible clause.0 
490401     DEBUG main            d.u.i.k.p.i.IntermediateProofReplayer Proof replay took 78.49ms 
490402     DEBUG main            d.u.i.k.p.r.p.TestFile    ... success: reloaded. 
490403     INFO  main            d.u.i.k.p.r.p.TestFile    Now processing file /home/runner/work/key/key/key.core/../key.ui/examples/heap/permissions/threads/Plotter_stateInv_accessible.key 
490403     INFO  main            d.u.i.k.p.i.AbstractProblemLoader Loading environment from /home/runner/work/key/key/key.core/../key.ui/examples/heap/permissions/threads/Plotter_stateInv_accessible.key 
490403     DEBUG main            d.u.i.k.p.i.AbstractProblemLoader Environment load took 92.5ns 
490404     INFO  main            d.u.i.k.p.i.AbstractProblemLoader Creating init config 
494826     DEBUG main            d.u.i.k.p.i.AbstractProblemLoader Init config took 4.42s 
494905     INFO  main            d.u.i.k.p.i.AbstractProblemLoader Replaying proof Plotter[ThreadSpec2::stateInv()].JML accessible clause.0 
494907     DEBUG main            d.u.i.k.p.i.IntermediateProofReplayer Proof replay took 9ns 
502644     INFO  main            d.u.i.k.p.r.p.TestFile    ... finished proof: closed. 
503197     INFO  main            d.u.i.k.p.i.AbstractProblemLoader Loading environment from /home/runner/work/key/key/key.core/../key.ui/examples/heap/permissions/threads/Plotter_stateInv_accessible.key.proof 
503197     DEBUG main            d.u.i.k.p.i.AbstractProblemLoader Environment load took 112.3ns 
503198     INFO  main            d.u.i.k.p.i.AbstractProblemLoader Creating init config 
507553     DEBUG main            d.u.i.k.p.i.AbstractProblemLoader Init config took 4.35s 
507632     INFO  main            d.u.i.k.p.i.AbstractProblemLoader Replaying proof Plotter[ThreadSpec2::stateInv()].JML accessible clause.0 
508262     DEBUG main            d.u.i.k.p.i.IntermediateProofReplayer Proof replay took 612.05ms 
508263     DEBUG main            d.u.i.k.p.r.p.TestFile    ... success: reloaded. 
508264     INFO  main            d.u.i.k.p.r.p.TestFile    Now processing file /home/runner/work/key/key/key.core/../key.ui/examples/heap/permissions/threads/Plotter_staticPermissions_accessible.key 
508265     INFO  main            d.u.i.k.p.i.AbstractProblemLoader Loading environment from /home/runner/work/key/key/key.core/../key.ui/examples/heap/permissions/threads/Plotter_staticPermissions_accessible.key 
508265     DEBUG main            d.u.i.k.p.i.AbstractProblemLoader Environment load took 86.5ns 
508265     INFO  main            d.u.i.k.p.i.AbstractProblemLoader Creating init config 
512722     DEBUG main            d.u.i.k.p.i.AbstractProblemLoader Init config took 4.46s 
512800     INFO  main            d.u.i.k.p.i.AbstractProblemLoader Replaying proof Plotter[ThreadSpec2::staticPermissions()].JML accessible clause.0 
512802     DEBUG main            d.u.i.k.p.i.IntermediateProofReplayer Proof replay took 46.1ns 
513505     INFO  main            d.u.i.k.p.r.p.TestFile    ... finished proof: closed. 
514034     INFO  main            d.u.i.k.p.i.AbstractProblemLoader Loading environment from /home/runner/work/key/key/key.core/../key.ui/examples/heap/permissions/threads/Plotter_staticPermissions_accessible.key.proof 
514034     DEBUG main            d.u.i.k.p.i.AbstractProblemLoader Environment load took 100ns 
514035     INFO  main            d.u.i.k.p.i.AbstractProblemLoader Creating init config 
518371     DEBUG main            d.u.i.k.p.i.AbstractProblemLoader Init config took 4.34s 
518450     INFO  main            d.u.i.k.p.i.AbstractProblemLoader Replaying proof Plotter[ThreadSpec2::staticPermissions()].JML accessible clause.0 
518510     DEBUG main            d.u.i.k.p.i.IntermediateProofReplayer Proof replay took 56.99ms 
518512     DEBUG main            d.u.i.k.p.r.p.TestFile    ... success: reloaded. 
518513     INFO  main            d.u.i.k.p.r.p.TestFile    Now processing file /home/runner/work/key/key/key.core/../key.ui/examples/heap/permissions/threads/Plotter_workingPermissions_accessible.key 
518513     INFO  main            d.u.i.k.p.i.AbstractProblemLoader Loading environment from /home/runner/work/key/key/key.core/../key.ui/examples/heap/permissions/threads/Plotter_workingPermissions_accessible.key 
518513     DEBUG main            d.u.i.k.p.i.AbstractProblemLoader Environment load took 88.9ns 
518514     INFO  main            d.u.i.k.p.i.AbstractProblemLoader Creating init config 
522927     DEBUG main            d.u.i.k.p.i.AbstractProblemLoader Init config took 4.41s 
523007     INFO  main            d.u.i.k.p.i.AbstractProblemLoader Replaying proof Plotter[ThreadSpec2::workingPermissions()].JML accessible clause.0 
523008     DEBUG main            d.u.i.k.p.i.IntermediateProofReplayer Proof replay took 3.5ns 
523210     INFO  main            d.u.i.k.p.r.p.TestFile    ... finished proof: closed. 
523748     INFO  main            d.u.i.k.p.i.AbstractProblemLoader Loading environment from /home/runner/work/key/key/key.core/../key.ui/examples/heap/permissions/threads/Plotter_workingPermissions_accessible.key.proof 
523748     DEBUG main            d.u.i.k.p.i.AbstractProblemLoader Environment load took 100ns 
523749     INFO  main            d.u.i.k.p.i.AbstractProblemLoader Creating init config 
528092     DEBUG main            d.u.i.k.p.i.AbstractProblemLoader Init config took 4.34s 
528171     INFO  main            d.u.i.k.p.i.AbstractProblemLoader Replaying proof Plotter[ThreadSpec2::workingPermissions()].JML accessible clause.0 
528188     DEBUG main            d.u.i.k.p.i.IntermediateProofReplayer Proof replay took 14.74ms 
528189     DEBUG main            d.u.i.k.p.r.p.TestFile    ... success: reloaded. 
528190     INFO  main            d.u.i.k.p.r.p.TestFile    Now processing file /home/runner/work/key/key/key.core/../key.ui/examples/heap/permissions/threads/Sampler_initPost_accessible.key 
528190     INFO  main            d.u.i.k.p.i.AbstractProblemLoader Loading environment from /home/runner/work/key/key/key.core/../key.ui/examples/heap/permissions/threads/Sampler_initPost_accessible.key 
528190     DEBUG main            d.u.i.k.p.i.AbstractProblemLoader Environment load took 50.2ns 
528191     INFO  main            d.u.i.k.p.i.AbstractProblemLoader Creating init config 
532590     DEBUG main            d.u.i.k.p.i.AbstractProblemLoader Init config took 4.4s 
532669     INFO  main            d.u.i.k.p.i.AbstractProblemLoader Replaying proof Sampler[ThreadSpec2::initPost()].JML accessible clause.0 
532671     DEBUG main            d.u.i.k.p.i.IntermediateProofReplayer Proof replay took 4.2ns 
532775     INFO  main            d.u.i.k.p.r.p.TestFile    ... finished proof: closed. 
533320     INFO  main            d.u.i.k.p.i.AbstractProblemLoader Loading environment from /home/runner/work/key/key/key.core/../key.ui/examples/heap/permissions/threads/Sampler_initPost_accessible.key.proof 
533321     DEBUG main            d.u.i.k.p.i.AbstractProblemLoader Environment load took 98.7ns 
533321     INFO  main            d.u.i.k.p.i.AbstractProblemLoader Creating init config 
537671     DEBUG main            d.u.i.k.p.i.AbstractProblemLoader Init config took 4.35s 
537751     INFO  main            d.u.i.k.p.i.AbstractProblemLoader Replaying proof Sampler[ThreadSpec2::initPost()].JML accessible clause.0 
537757     DEBUG main            d.u.i.k.p.i.IntermediateProofReplayer Proof replay took 5.34ms 
537758     DEBUG main            d.u.i.k.p.r.p.TestFile    ... success: reloaded. 
537759     INFO  main            d.u.i.k.p.r.p.TestFile    Now processing file /home/runner/work/key/key/key.core/../key.ui/examples/heap/permissions/threads/Sampler_inv_accessible1.key 
537759     INFO  main            d.u.i.k.p.i.AbstractProblemLoader Loading environment from /home/runner/work/key/key/key.core/../key.ui/examples/heap/permissions/threads/Sampler_inv_accessible1.key 
537759     DEBUG main            d.u.i.k.p.i.AbstractProblemLoader Environment load took 44.9ns 
537760     INFO  main            d.u.i.k.p.i.AbstractProblemLoader Creating init config 
542146     DEBUG main            d.u.i.k.p.i.AbstractProblemLoader Init config took 4.39s 
542246     INFO  main            d.u.i.k.p.i.AbstractProblemLoader Replaying proof Sampler[java.lang.Object::<inv>()].JML accessible clause.0 
542248     DEBUG main            d.u.i.k.p.i.IntermediateProofReplayer Proof replay took 3.8ns 
542349     INFO  main            d.u.i.k.p.r.p.TestFile    ... finished proof: closed. 
542882     INFO  main            d.u.i.k.p.i.AbstractProblemLoader Loading environment from /home/runner/work/key/key/key.core/../key.ui/examples/heap/permissions/threads/Sampler_inv_accessible1.key.proof 
542882     DEBUG main            d.u.i.k.p.i.AbstractProblemLoader Environment load took 96.7ns 
542883     INFO  main            d.u.i.k.p.i.AbstractProblemLoader Creating init config 
547205     DEBUG main            d.u.i.k.p.i.AbstractProblemLoader Init config took 4.32s 
547284     INFO  main            d.u.i.k.p.i.AbstractProblemLoader Replaying proof Sampler[java.lang.Object::<inv>()].JML accessible clause.0 
547287     DEBUG main            d.u.i.k.p.i.IntermediateProofReplayer Proof replay took 1.72ms 
547288     DEBUG main            d.u.i.k.p.r.p.TestFile    ... success: reloaded. 
547289     INFO  main            d.u.i.k.p.r.p.TestFile    Now processing file /home/runner/work/key/key/key.core/../key.ui/examples/heap/permissions/threads/Sampler_inv_accessible2.key 
547289     INFO  main            d.u.i.k.p.i.AbstractProblemLoader Loading environment from /home/runner/work/key/key/key.core/../key.ui/examples/heap/permissions/threads/Sampler_inv_accessible2.key 
547289     DEBUG main            d.u.i.k.p.i.AbstractProblemLoader Environment load took 48ns 
547290     INFO  main            d.u.i.k.p.i.AbstractProblemLoader Creating init config 
551697     DEBUG main            d.u.i.k.p.i.AbstractProblemLoader Init config took 4.41s 
551775     INFO  main            d.u.i.k.p.i.AbstractProblemLoader Replaying proof Sampler[java.lang.Object::<inv>()].JML accessible clause.1 
551777     DEBUG main            d.u.i.k.p.i.IntermediateProofReplayer Proof replay took 3.9ns 
551878     INFO  main            d.u.i.k.p.r.p.TestFile    ... finished proof: closed. 
552427     INFO  main            d.u.i.k.p.i.AbstractProblemLoader Loading environment from /home/runner/work/key/key/key.core/../key.ui/examples/heap/permissions/threads/Sampler_inv_accessible2.key.proof 
552427     DEBUG main            d.u.i.k.p.i.AbstractProblemLoader Environment load took 92.6ns 
552428     INFO  main            d.u.i.k.p.i.AbstractProblemLoader Creating init config 
556747     DEBUG main            d.u.i.k.p.i.AbstractProblemLoader Init config took 4.32s 
556825     INFO  main            d.u.i.k.p.i.AbstractProblemLoader Replaying proof Sampler[java.lang.Object::<inv>()].JML accessible clause.1 
556828     DEBUG main            d.u.i.k.p.i.IntermediateProofReplayer Proof replay took 1.69ms 
556829     DEBUG main            d.u.i.k.p.r.p.TestFile    ... success: reloaded. 
556830     INFO  main            d.u.i.k.p.r.p.TestFile    Now processing file /home/runner/work/key/key/key.core/../key.ui/examples/heap/permissions/threads/Sampler_joinTransfer_accessible.key 
556831     INFO  main            d.u.i.k.p.i.AbstractProblemLoader Loading environment from /home/runner/work/key/key/key.core/../key.ui/examples/heap/permissions/threads/Sampler_joinTransfer_accessible.key 
556831     DEBUG main            d.u.i.k.p.i.AbstractProblemLoader Environment load took 60.4ns 
556831     INFO  main            d.u.i.k.p.i.AbstractProblemLoader Creating init config 
561231     DEBUG main            d.u.i.k.p.i.AbstractProblemLoader Init config took 4.4s 
561309     INFO  main            d.u.i.k.p.i.AbstractProblemLoader Replaying proof Sampler[ThreadSpec2::joinTransfer()].JML accessible clause.0 
561311     DEBUG main            d.u.i.k.p.i.IntermediateProofReplayer Proof replay took 3.6ns 
564827     INFO  main            d.u.i.k.p.r.p.TestFile    ... finished proof: closed. 
565391     INFO  main            d.u.i.k.p.i.AbstractProblemLoader Loading environment from /home/runner/work/key/key/key.core/../key.ui/examples/heap/permissions/threads/Sampler_joinTransfer_accessible.key.proof 
565391     DEBUG main            d.u.i.k.p.i.AbstractProblemLoader Environment load took 98.9ns 
565392     INFO  main            d.u.i.k.p.i.AbstractProblemLoader Creating init config 
569696     DEBUG main            d.u.i.k.p.i.AbstractProblemLoader Init config took 4.3s 
569777     INFO  main            d.u.i.k.p.i.AbstractProblemLoader Replaying proof Sampler[ThreadSpec2::joinTransfer()].JML accessible clause.0 
570390     DEBUG main            d.u.i.k.p.i.IntermediateProofReplayer Proof replay took 604.16ms 
570392     DEBUG main            d.u.i.k.p.r.p.TestFile    ... success: reloaded. 
570393     INFO  main            d.u.i.k.p.r.p.TestFile    Now processing file /home/runner/work/key/key/key.core/../key.ui/examples/heap/permissions/threads/Sampler_joinTransfer_contract.key 
570394     INFO  main            d.u.i.k.p.i.AbstractProblemLoader Loading environment from /home/runner/work/key/key/key.core/../key.ui/examples/heap/permissions/threads/Sampler_joinTransfer_contract.key 
570394     DEBUG main            d.u.i.k.p.i.AbstractProblemLoader Environment load took 184ns 
570395     INFO  main            d.u.i.k.p.i.AbstractProblemLoader Creating init config 
574816     DEBUG main            d.u.i.k.p.i.AbstractProblemLoader Init config took 4.42s 
574896     INFO  main            d.u.i.k.p.i.AbstractProblemLoader Replaying proof Sampler[ThreadSpec2::joinTransfer()].JML model_behavior operation contract.0 
574897     DEBUG main            d.u.i.k.p.i.IntermediateProofReplayer Proof replay took 3.4ns 
574999     INFO  main            d.u.i.k.p.r.p.TestFile    ... finished proof: closed. 
575558     INFO  main            d.u.i.k.p.i.AbstractProblemLoader Loading environment from /home/runner/work/key/key/key.core/../key.ui/examples/heap/permissions/threads/Sampler_joinTransfer_contract.key.proof 
575559     DEBUG main            d.u.i.k.p.i.AbstractProblemLoader Environment load took 90.6ns 
575559     INFO  main            d.u.i.k.p.i.AbstractProblemLoader Creating init config 
579874     DEBUG main            d.u.i.k.p.i.AbstractProblemLoader Init config took 4.32s 
579954     INFO  main            d.u.i.k.p.i.AbstractProblemLoader Replaying proof Sampler[ThreadSpec2::joinTransfer()].JML model_behavior operation contract.0 
579961     DEBUG main            d.u.i.k.p.i.IntermediateProofReplayer Proof replay took 6.26ms 
579962     DEBUG main            d.u.i.k.p.r.p.TestFile    ... success: reloaded. 
579963     INFO  main            d.u.i.k.p.r.p.TestFile    Now processing file /home/runner/work/key/key/key.core/../key.ui/examples/heap/permissions/threads/Sampler_postJoin_accessible.key 
579963     INFO  main            d.u.i.k.p.i.AbstractProblemLoader Loading environment from /home/runner/work/key/key/key.core/../key.ui/examples/heap/permissions/threads/Sampler_postJoin_accessible.key 
579963     DEBUG main            d.u.i.k.p.i.AbstractProblemLoader Environment load took 44.5ns 
579964     INFO  main            d.u.i.k.p.i.AbstractProblemLoader Creating init config 
584371     DEBUG main            d.u.i.k.p.i.AbstractProblemLoader Init config took 4.41s 
584449     INFO  main            d.u.i.k.p.i.AbstractProblemLoader Replaying proof Sampler[ThreadSpec2::postJoin(java.lang.Object)].JML accessible clause.0 
584450     DEBUG main            d.u.i.k.p.i.IntermediateProofReplayer Proof replay took 3.2ns 
584552     INFO  main            d.u.i.k.p.r.p.TestFile    ... finished proof: closed. 
585118     INFO  main            d.u.i.k.p.i.AbstractProblemLoader Loading environment from /home/runner/work/key/key/key.core/../key.ui/examples/heap/permissions/threads/Sampler_postJoin_accessible.key.proof 
585118     DEBUG main            d.u.i.k.p.i.AbstractProblemLoader Environment load took 90.7ns 
585119     INFO  main            d.u.i.k.p.i.AbstractProblemLoader Creating init config 
589430     DEBUG main            d.u.i.k.p.i.AbstractProblemLoader Init config took 4.31s 
589508     INFO  main            d.u.i.k.p.i.AbstractProblemLoader Replaying proof Sampler[ThreadSpec2::postJoin(java.lang.Object)].JML accessible clause.0 
589518     DEBUG main            d.u.i.k.p.i.IntermediateProofReplayer Proof replay took 8.02ms 
589519     DEBUG main            d.u.i.k.p.r.p.TestFile    ... success: reloaded. 
589520     INFO  main            d.u.i.k.p.r.p.TestFile    Now processing file /home/runner/work/key/key/key.core/../key.ui/examples/heap/permissions/threads/Sampler_preStart_accessible.key 
589520     INFO  main            d.u.i.k.p.i.AbstractProblemLoader Loading environment from /home/runner/work/key/key/key.core/../key.ui/examples/heap/permissions/threads/Sampler_preStart_accessible.key 
589520     DEBUG main            d.u.i.k.p.i.AbstractProblemLoader Environment load took 83.8ns 
589521     INFO  main            d.u.i.k.p.i.AbstractProblemLoader Creating init config 
593917     DEBUG main            d.u.i.k.p.i.AbstractProblemLoader Init config took 4.4s 
593995     INFO  main            d.u.i.k.p.i.AbstractProblemLoader Replaying proof Sampler[ThreadSpec2::preStart(java.lang.Object)].JML accessible clause.0 
593996     DEBUG main            d.u.i.k.p.i.IntermediateProofReplayer Proof replay took 3.4ns 
594100     INFO  main            d.u.i.k.p.r.p.TestFile    ... finished proof: closed. 
594681     INFO  main            d.u.i.k.p.i.AbstractProblemLoader Loading environment from /home/runner/work/key/key/key.core/../key.ui/examples/heap/permissions/threads/Sampler_preStart_accessible.key.proof 
594681     DEBUG main            d.u.i.k.p.i.AbstractProblemLoader Environment load took 99.2ns 
594682     INFO  main            d.u.i.k.p.i.AbstractProblemLoader Creating init config 
599011     DEBUG main            d.u.i.k.p.i.AbstractProblemLoader Init config took 4.33s 
599089     INFO  main            d.u.i.k.p.i.AbstractProblemLoader Replaying proof Sampler[ThreadSpec2::preStart(java.lang.Object)].JML accessible clause.0 
599099     DEBUG main            d.u.i.k.p.i.IntermediateProofReplayer Proof replay took 8.12ms 
599100     DEBUG main            d.u.i.k.p.r.p.TestFile    ... success: reloaded. 
599101     INFO  main            d.u.i.k.p.r.p.TestFile    Now processing file /home/runner/work/key/key/key.core/../key.ui/examples/heap/permissions/threads/Sampler_run.key 
599101     INFO  main            d.u.i.k.p.i.AbstractProblemLoader Loading environment from /home/runner/work/key/key/key.core/../key.ui/examples/heap/permissions/threads/Sampler_run.key 
599101     DEBUG main            d.u.i.k.p.i.AbstractProblemLoader Environment load took 115.4ns 
599102     INFO  main            d.u.i.k.p.i.AbstractProblemLoader Creating init config 
603514     DEBUG main            d.u.i.k.p.i.AbstractProblemLoader Init config took 4.41s 
603593     INFO  main            d.u.i.k.p.i.AbstractProblemLoader Replaying proof Sampler[ThreadSpec2::run()].JML normal_behavior operation contract.0 
603595     DEBUG main            d.u.i.k.p.i.IntermediateProofReplayer Proof replay took 4.7ns 
603796     INFO  main            d.u.i.k.p.r.p.TestFile    ... finished proof: closed. 
604410     INFO  main            d.u.i.k.p.i.AbstractProblemLoader Loading environment from /home/runner/work/key/key/key.core/../key.ui/examples/heap/permissions/threads/Sampler_run.key.proof 
604411     DEBUG main            d.u.i.k.p.i.AbstractProblemLoader Environment load took 96ns 
604412     INFO  main            d.u.i.k.p.i.AbstractProblemLoader Creating init config 
608739     DEBUG main            d.u.i.k.p.i.AbstractProblemLoader Init config took 4.33s 
608833     INFO  main            d.u.i.k.p.i.AbstractProblemLoader Replaying proof Sampler[ThreadSpec2::run()].JML normal_behavior operation contract.0 
608865     DEBUG main            d.u.i.k.p.i.IntermediateProofReplayer Proof replay took 30.25ms 
608866     DEBUG main            d.u.i.k.p.r.p.TestFile    ... success: reloaded. 
608867     INFO  main            d.u.i.k.p.r.p.TestFile    Now processing file /home/runner/work/key/key/key.core/../key.ui/examples/heap/permissions/threads/Sampler_Sampler.key 
608867     INFO  main            d.u.i.k.p.i.AbstractProblemLoader Loading environment from /home/runner/work/key/key/key.core/../key.ui/examples/heap/permissions/threads/Sampler_Sampler.key 
608867     DEBUG main            d.u.i.k.p.i.AbstractProblemLoader Environment load took 79.1ns 
608868     INFO  main            d.u.i.k.p.i.AbstractProblemLoader Creating init config 
613269     DEBUG main            d.u.i.k.p.i.AbstractProblemLoader Init config took 4.4s 
613349     INFO  main            d.u.i.k.p.i.AbstractProblemLoader Replaying proof Sampler[Sampler::Sampler(Buffer)].JML normal_behavior operation contract.0 
613350     DEBUG main            d.u.i.k.p.i.IntermediateProofReplayer Proof replay took 4.3ns 
613954     INFO  main            d.u.i.k.p.r.p.TestFile    ... finished proof: closed. 
614574     INFO  main            d.u.i.k.p.i.AbstractProblemLoader Loading environment from /home/runner/work/key/key/key.core/../key.ui/examples/heap/permissions/threads/Sampler_Sampler.key.proof 
614574     DEBUG main            d.u.i.k.p.i.AbstractProblemLoader Environment load took 95.7ns 
614576     INFO  main            d.u.i.k.p.i.AbstractProblemLoader Creating init config 
618925     DEBUG main            d.u.i.k.p.i.AbstractProblemLoader Init config took 4.35s 
619005     INFO  main            d.u.i.k.p.i.AbstractProblemLoader Replaying proof Sampler[Sampler::Sampler(Buffer)].JML normal_behavior operation contract.0 
619088     DEBUG main            d.u.i.k.p.i.IntermediateProofReplayer Proof replay took 80.74ms 
619089     DEBUG main            d.u.i.k.p.r.p.TestFile    ... success: reloaded. 
619090     INFO  main            d.u.i.k.p.r.p.TestFile    Now processing file /home/runner/work/key/key/key.core/../key.ui/examples/heap/permissions/threads/Sampler_startTransfer_accessible.key 
619091     INFO  main            d.u.i.k.p.i.AbstractProblemLoader Loading environment from /home/runner/work/key/key/key.core/../key.ui/examples/heap/permissions/threads/Sampler_startTransfer_accessible.key 
619091     DEBUG main            d.u.i.k.p.i.AbstractProblemLoader Environment load took 76.5ns 
619091     INFO  main            d.u.i.k.p.i.AbstractProblemLoader Creating init config 
623487     DEBUG main            d.u.i.k.p.i.AbstractProblemLoader Init config took 4.4s 
623582     INFO  main            d.u.i.k.p.i.AbstractProblemLoader Replaying proof Sampler[ThreadSpec2::startTransfer()].JML accessible clause.0 
623584     DEBUG main            d.u.i.k.p.i.IntermediateProofReplayer Proof replay took 3.8ns 
627694     INFO  main            d.u.i.k.p.r.p.TestFile    ... finished proof: closed. 
628315     INFO  main            d.u.i.k.p.i.AbstractProblemLoader Loading environment from /home/runner/work/key/key/key.core/../key.ui/examples/heap/permissions/threads/Sampler_startTransfer_accessible.key.proof 
628315     DEBUG main            d.u.i.k.p.i.AbstractProblemLoader Environment load took 103.2ns 
628317     INFO  main            d.u.i.k.p.i.AbstractProblemLoader Creating init config 
632630     DEBUG main            d.u.i.k.p.i.AbstractProblemLoader Init config took 4.31s 
632708     INFO  main            d.u.i.k.p.i.AbstractProblemLoader Replaying proof Sampler[ThreadSpec2::startTransfer()].JML accessible clause.0 
633323     DEBUG main            d.u.i.k.p.i.IntermediateProofReplayer Proof replay took 605.07ms 
633324     DEBUG main            d.u.i.k.p.r.p.TestFile    ... success: reloaded. 
633325     INFO  main            d.u.i.k.p.r.p.TestFile    Now processing file /home/runner/work/key/key/key.core/../key.ui/examples/heap/permissions/threads/Sampler_startTransfer_contract.key 
633326     INFO  main            d.u.i.k.p.i.AbstractProblemLoader Loading environment from /home/runner/work/key/key/key.core/../key.ui/examples/heap/permissions/threads/Sampler_startTransfer_contract.key 
633326     DEBUG main            d.u.i.k.p.i.AbstractProblemLoader Environment load took 69.8ns 
633326     INFO  main            d.u.i.k.p.i.AbstractProblemLoader Creating init config 
637722     DEBUG main            d.u.i.k.p.i.AbstractProblemLoader Init config took 4.4s 
637801     INFO  main            d.u.i.k.p.i.AbstractProblemLoader Replaying proof Sampler[ThreadSpec2::startTransfer()].JML model_behavior operation contract.0 
637803     DEBUG main            d.u.i.k.p.i.IntermediateProofReplayer Proof replay took 4.7ns 
637904     INFO  main            d.u.i.k.p.r.p.TestFile    ... finished proof: closed. 
638512     INFO  main            d.u.i.k.p.i.AbstractProblemLoader Loading environment from /home/runner/work/key/key/key.core/../key.ui/examples/heap/permissions/threads/Sampler_startTransfer_contract.key.proof 
638512     DEBUG main            d.u.i.k.p.i.AbstractProblemLoader Environment load took 90.4ns 
638513     INFO  main            d.u.i.k.p.i.AbstractProblemLoader Creating init config 
642840     DEBUG main            d.u.i.k.p.i.AbstractProblemLoader Init config took 4.33s 
642919     INFO  main            d.u.i.k.p.i.AbstractProblemLoader Replaying proof Sampler[ThreadSpec2::startTransfer()].JML model_behavior operation contract.0 
642927     DEBUG main            d.u.i.k.p.i.IntermediateProofReplayer Proof replay took 6.62ms 
642928     DEBUG main            d.u.i.k.p.r.p.TestFile    ... success: reloaded. 
642929     INFO  main            d.u.i.k.p.r.p.TestFile    Now processing file /home/runner/work/key/key/key.core/../key.ui/examples/heap/permissions/threads/Sampler_stateInv_accessible.key 
642929     INFO  main            d.u.i.k.p.i.AbstractProblemLoader Loading environment from /home/runner/work/key/key/key.core/../key.ui/examples/heap/permissions/threads/Sampler_stateInv_accessible.key 
642929     DEBUG main            d.u.i.k.p.i.AbstractProblemLoader Environment load took 72.3ns 
642930     INFO  main            d.u.i.k.p.i.AbstractProblemLoader Creating init config 
647338     DEBUG main            d.u.i.k.p.i.AbstractProblemLoader Init config took 4.41s 
647433     INFO  main            d.u.i.k.p.i.AbstractProblemLoader Replaying proof Sampler[ThreadSpec2::stateInv()].JML accessible clause.0 
647435     DEBUG main            d.u.i.k.p.i.IntermediateProofReplayer Proof replay took 3.5ns 
647536     INFO  main            d.u.i.k.p.r.p.TestFile    ... finished proof: closed. 
648145     INFO  main            d.u.i.k.p.i.AbstractProblemLoader Loading environment from /home/runner/work/key/key/key.core/../key.ui/examples/heap/permissions/threads/Sampler_stateInv_accessible.key.proof 
648145     DEBUG main            d.u.i.k.p.i.AbstractProblemLoader Environment load took 91.8ns 
648146     INFO  main            d.u.i.k.p.i.AbstractProblemLoader Creating init config 
652485     DEBUG main            d.u.i.k.p.i.AbstractProblemLoader Init config took 4.34s 
652564     INFO  main            d.u.i.k.p.i.AbstractProblemLoader Replaying proof Sampler[ThreadSpec2::stateInv()].JML accessible clause.0 
652571     DEBUG main            d.u.i.k.p.i.IntermediateProofReplayer Proof replay took 5.77ms 
652572     DEBUG main            d.u.i.k.p.r.p.TestFile    ... success: reloaded. 
652573     INFO  main            d.u.i.k.p.r.p.TestFile    Now processing file /home/runner/work/key/key/key.core/../key.ui/examples/heap/permissions/threads/Sampler_staticPermissions_accessible.key 
652573     INFO  main            d.u.i.k.p.i.AbstractProblemLoader Loading environment from /home/runner/work/key/key/key.core/../key.ui/examples/heap/permissions/threads/Sampler_staticPermissions_accessible.key 
652573     DEBUG main            d.u.i.k.p.i.AbstractProblemLoader Environment load took 53ns 
652574     INFO  main            d.u.i.k.p.i.AbstractProblemLoader Creating init config 
657018     DEBUG main            d.u.i.k.p.i.AbstractProblemLoader Init config took 4.44s 
657096     INFO  main            d.u.i.k.p.i.AbstractProblemLoader Replaying proof Sampler[ThreadSpec2::staticPermissions()].JML accessible clause.0 
657098     DEBUG main            d.u.i.k.p.i.IntermediateProofReplayer Proof replay took 4.4ns 
657199     INFO  main            d.u.i.k.p.r.p.TestFile    ... finished proof: closed. 
657818     INFO  main            d.u.i.k.p.i.AbstractProblemLoader Loading environment from /home/runner/work/key/key/key.core/../key.ui/examples/heap/permissions/threads/Sampler_staticPermissions_accessible.key.proof 
657818     DEBUG main            d.u.i.k.p.i.AbstractProblemLoader Environment load took 95.3ns 
657819     INFO  main            d.u.i.k.p.i.AbstractProblemLoader Creating init config 
662150     DEBUG main            d.u.i.k.p.i.AbstractProblemLoader Init config took 4.33s 
662229     INFO  main            d.u.i.k.p.i.AbstractProblemLoader Replaying proof Sampler[ThreadSpec2::staticPermissions()].JML accessible clause.0 
662234     DEBUG main            d.u.i.k.p.i.IntermediateProofReplayer Proof replay took 3.55ms 
662235     DEBUG main            d.u.i.k.p.r.p.TestFile    ... success: reloaded. 
662236     INFO  main            d.u.i.k.p.r.p.TestFile    Now processing file /home/runner/work/key/key/key.core/../key.ui/examples/heap/permissions/threads/Sampler_workingPermissions_accessible.key 
662236     INFO  main            d.u.i.k.p.i.AbstractProblemLoader Loading environment from /home/runner/work/key/key/key.core/../key.ui/examples/heap/permissions/threads/Sampler_workingPermissions_accessible.key 
662236     DEBUG main            d.u.i.k.p.i.AbstractProblemLoader Environment load took 52.9ns 
662237     INFO  main            d.u.i.k.p.i.AbstractProblemLoader Creating init config 
666641     DEBUG main            d.u.i.k.p.i.AbstractProblemLoader Init config took 4.4s 
666719     INFO  main            d.u.i.k.p.i.AbstractProblemLoader Replaying proof Sampler[ThreadSpec2::workingPermissions()].JML accessible clause.0 
666721     DEBUG main            d.u.i.k.p.i.IntermediateProofReplayer Proof replay took 4.5ns 
666823     INFO  main            d.u.i.k.p.r.p.TestFile    ... finished proof: closed. 
667448     INFO  main            d.u.i.k.p.i.AbstractProblemLoader Loading environment from /home/runner/work/key/key/key.core/../key.ui/examples/heap/permissions/threads/Sampler_workingPermissions_accessible.key.proof 
667448     DEBUG main            d.u.i.k.p.i.AbstractProblemLoader Environment load took 92.2ns 
667449     INFO  main            d.u.i.k.p.i.AbstractProblemLoader Creating init config 
671797     DEBUG main            d.u.i.k.p.i.AbstractProblemLoader Init config took 4.35s 
671875     INFO  main            d.u.i.k.p.i.AbstractProblemLoader Replaying proof Sampler[ThreadSpec2::workingPermissions()].JML accessible clause.0 
671881     DEBUG main            d.u.i.k.p.i.IntermediateProofReplayer Proof replay took 4.71ms 
671882     DEBUG main            d.u.i.k.p.r.p.TestFile    ... success: reloaded. 
671883     INFO  main            d.u.i.k.p.r.p.TestFile    Now processing file /home/runner/work/key/key/key.core/../key.ui/examples/heap/permissions/mulleretal/ReadWrite_doRead_contract.key 
671883     INFO  main            d.u.i.k.p.i.AbstractProblemLoader Loading environment from /home/runner/work/key/key/key.core/../key.ui/examples/heap/permissions/mulleretal/ReadWrite_doRead_contract.key 
671883     DEBUG main            d.u.i.k.p.i.AbstractProblemLoader Environment load took 75ns 
671884     INFO  main            d.u.i.k.p.i.AbstractProblemLoader Creating init config 
674452     DEBUG main            d.u.i.k.p.i.AbstractProblemLoader Init config took 2.57s 
674485     INFO  main            d.u.i.k.p.i.AbstractProblemLoader Replaying proof ReadWrite[ReadWrite::doRead()].JML normal_behavior operation contract.0 
674487     DEBUG main            d.u.i.k.p.i.IntermediateProofReplayer Proof replay took 3.6ns 
676093     INFO  main            d.u.i.k.p.r.p.TestFile    ... finished proof: closed. 
676849     INFO  main            d.u.i.k.p.i.AbstractProblemLoader Loading environment from /home/runner/work/key/key/key.core/../key.ui/examples/heap/permissions/mulleretal/ReadWrite_doRead_contract.key.proof 
676850     DEBUG main            d.u.i.k.p.i.AbstractProblemLoader Environment load took 331.11ns 
676851     INFO  main            d.u.i.k.p.i.AbstractProblemLoader Creating init config 
679371     DEBUG main            d.u.i.k.p.i.AbstractProblemLoader Init config took 2.52s 
679409     INFO  main            d.u.i.k.p.i.AbstractProblemLoader Replaying proof ReadWrite[ReadWrite::doRead()].JML normal_behavior operation contract.0 
680090     DEBUG main            d.u.i.k.p.i.IntermediateProofReplayer Proof replay took 673.98ms 
680100     DEBUG main            d.u.i.k.p.r.p.TestFile    ... success: reloaded. 
680101     INFO  main            d.u.i.k.p.r.p.TestFile    Now processing file /home/runner/work/key/key/key.core/../key.ui/examples/heap/permissions/mulleretal/ReadWrite_doWrite_contract.key 
680101     INFO  main            d.u.i.k.p.i.AbstractProblemLoader Loading environment from /home/runner/work/key/key/key.core/../key.ui/examples/heap/permissions/mulleretal/ReadWrite_doWrite_contract.key 
680103     DEBUG main            d.u.i.k.p.i.AbstractProblemLoader Environment load took 1.5ms 
680106     INFO  main            d.u.i.k.p.i.AbstractProblemLoader Creating init config 
682880     DEBUG main            d.u.i.k.p.i.AbstractProblemLoader Init config took 2.77s 
682914     INFO  main            d.u.i.k.p.i.AbstractProblemLoader Replaying proof ReadWrite[ReadWrite::doWrite()].JML normal_behavior operation contract.0 
682916     DEBUG main            d.u.i.k.p.i.IntermediateProofReplayer Proof replay took 3.4ns 
684622     INFO  main            d.u.i.k.p.r.p.TestFile    ... finished proof: closed. 
685290     INFO  main            d.u.i.k.p.i.AbstractProblemLoader Loading environment from /home/runner/work/key/key/key.core/../key.ui/examples/heap/permissions/mulleretal/ReadWrite_doWrite_contract.key.proof 
685290     DEBUG main            d.u.i.k.p.i.AbstractProblemLoader Environment load took 104.6ns 
685291     INFO  main            d.u.i.k.p.i.AbstractProblemLoader Creating init config 
687825     DEBUG main            d.u.i.k.p.i.AbstractProblemLoader Init config took 2.53s 
687864     INFO  main            d.u.i.k.p.i.AbstractProblemLoader Replaying proof ReadWrite[ReadWrite::doWrite()].JML normal_behavior operation contract.0 
688451     DEBUG main            d.u.i.k.p.i.IntermediateProofReplayer Proof replay took 580.69ms 
688452     DEBUG main            d.u.i.k.p.r.p.TestFile    ... success: reloaded. 
688453     INFO  main            d.u.i.k.p.r.p.TestFile    Now processing file /home/runner/work/key/key/key.core/../key.ui/examples/heap/permissions/mulleretal/ReadWrite_read_contract.key 
688453     INFO  main            d.u.i.k.p.i.AbstractProblemLoader Loading environment from /home/runner/work/key/key/key.core/../key.ui/examples/heap/permissions/mulleretal/ReadWrite_read_contract.key 
688453     DEBUG main            d.u.i.k.p.i.AbstractProblemLoader Environment load took 51.9ns 
688454     INFO  main            d.u.i.k.p.i.AbstractProblemLoader Creating init config 
691194     DEBUG main            d.u.i.k.p.i.AbstractProblemLoader Init config took 2.74s 
691228     INFO  main            d.u.i.k.p.i.AbstractProblemLoader Replaying proof ReadWrite[ReadWrite::read()].JML normal_behavior operation contract.0 
691229     DEBUG main            d.u.i.k.p.i.IntermediateProofReplayer Proof replay took 3.3ns 
691331     INFO  main            d.u.i.k.p.r.p.TestFile    ... finished proof: closed. 
691950     INFO  main            d.u.i.k.p.i.AbstractProblemLoader Loading environment from /home/runner/work/key/key/key.core/../key.ui/examples/heap/permissions/mulleretal/ReadWrite_read_contract.key.proof 
691950     DEBUG main            d.u.i.k.p.i.AbstractProblemLoader Environment load took 97.8ns 
691951     INFO  main            d.u.i.k.p.i.AbstractProblemLoader Creating init config 
694400     DEBUG main            d.u.i.k.p.i.AbstractProblemLoader Init config took 2.45s 
694433     INFO  main            d.u.i.k.p.i.AbstractProblemLoader Replaying proof ReadWrite[ReadWrite::read()].JML normal_behavior operation contract.0 
694441     DEBUG main            d.u.i.k.p.i.IntermediateProofReplayer Proof replay took 6.53ms 
694441     DEBUG main            d.u.i.k.p.r.p.TestFile    ... success: reloaded. 
694442     INFO  main            d.u.i.k.p.r.p.TestFile    Now processing file /home/runner/work/key/key/key.core/../key.ui/examples/heap/permissions/mulleretal/ReadWrite_write_contract.key 
694442     INFO  main            d.u.i.k.p.i.AbstractProblemLoader Loading environment from /home/runner/work/key/key/key.core/../key.ui/examples/heap/permissions/mulleretal/ReadWrite_write_contract.key 
694442     DEBUG main            d.u.i.k.p.i.AbstractProblemLoader Environment load took 83ns 
694443     INFO  main            d.u.i.k.p.i.AbstractProblemLoader Creating init config 
696921     DEBUG main            d.u.i.k.p.i.AbstractProblemLoader Init config took 2.48s 
696954     INFO  main            d.u.i.k.p.i.AbstractProblemLoader Replaying proof ReadWrite[ReadWrite::write()].JML normal_behavior operation contract.0 
696955     DEBUG main            d.u.i.k.p.i.IntermediateProofReplayer Proof replay took 3.2ns 
697160     INFO  main            d.u.i.k.p.r.p.TestFile    ... finished proof: closed. 
697783     INFO  main            d.u.i.k.p.i.AbstractProblemLoader Loading environment from /home/runner/work/key/key/key.core/../key.ui/examples/heap/permissions/mulleretal/ReadWrite_write_contract.key.proof 
697783     DEBUG main            d.u.i.k.p.i.AbstractProblemLoader Environment load took 95.2ns 
697784     INFO  main            d.u.i.k.p.i.AbstractProblemLoader Creating init config 
700312     DEBUG main            d.u.i.k.p.i.AbstractProblemLoader Init config took 2.53s 
700350     INFO  main            d.u.i.k.p.i.AbstractProblemLoader Replaying proof ReadWrite[ReadWrite::write()].JML normal_behavior operation contract.0 
700379     DEBUG main            d.u.i.k.p.i.IntermediateProofReplayer Proof replay took 27.31ms 
700380     DEBUG main            d.u.i.k.p.r.p.TestFile    ... success: reloaded. 
700381     INFO  main            d.u.i.k.p.r.p.TestFile    Now processing file /home/runner/work/key/key/key.core/../key.ui/examples/heap/permissions/mulleretal/ReadWrite_inv1_accessible.key 
700381     INFO  main            d.u.i.k.p.i.AbstractProblemLoader Loading environment from /home/runner/work/key/key/key.core/../key.ui/examples/heap/permissions/mulleretal/ReadWrite_inv1_accessible.key 
700382     DEBUG main            d.u.i.k.p.i.AbstractProblemLoader Environment load took 154.4ns 
700382     INFO  main            d.u.i.k.p.i.AbstractProblemLoader Creating init config 
703109     DEBUG main            d.u.i.k.p.i.AbstractProblemLoader Init config took 2.73s 
703162     INFO  main            d.u.i.k.p.i.AbstractProblemLoader Replaying proof ReadWrite[java.lang.Object::<inv>()].JML accessible clause.0 
703164     DEBUG main            d.u.i.k.p.i.IntermediateProofReplayer Proof replay took 3ns 
703265     INFO  main            d.u.i.k.p.r.p.TestFile    ... finished proof: closed. 
703891     INFO  main            d.u.i.k.p.i.AbstractProblemLoader Loading environment from /home/runner/work/key/key/key.core/../key.ui/examples/heap/permissions/mulleretal/ReadWrite_inv1_accessible.key.proof 
703891     DEBUG main            d.u.i.k.p.i.AbstractProblemLoader Environment load took 96.8ns 
703892     INFO  main            d.u.i.k.p.i.AbstractProblemLoader Creating init config 
706409     DEBUG main            d.u.i.k.p.i.AbstractProblemLoader Init config took 2.52s 
706441     INFO  main            d.u.i.k.p.i.AbstractProblemLoader Replaying proof ReadWrite[java.lang.Object::<inv>()].JML accessible clause.0 
706444     DEBUG main            d.u.i.k.p.i.IntermediateProofReplayer Proof replay took 1.59ms 
706445     DEBUG main            d.u.i.k.p.r.p.TestFile    ... success: reloaded. 
706445     INFO  main            d.u.i.k.p.r.p.TestFile    Now processing file /home/runner/work/key/key/key.core/../key.ui/examples/heap/permissions/mulleretal/ReadWrite_inv2_accessible.key 
706446     INFO  main            d.u.i.k.p.i.AbstractProblemLoader Loading environment from /home/runner/work/key/key/key.core/../key.ui/examples/heap/permissions/mulleretal/ReadWrite_inv2_accessible.key 
706446     DEBUG main            d.u.i.k.p.i.AbstractProblemLoader Environment load took 45.6ns 
706446     INFO  main            d.u.i.k.p.i.AbstractProblemLoader Creating init config 
709055     DEBUG main            d.u.i.k.p.i.AbstractProblemLoader Init config took 2.61s 
709110     INFO  main            d.u.i.k.p.i.AbstractProblemLoader Replaying proof ReadWrite[java.lang.Object::<inv>()].JML accessible clause.1 
709111     DEBUG main            d.u.i.k.p.i.IntermediateProofReplayer Proof replay took 3.2ns 
709213     INFO  main            d.u.i.k.p.r.p.TestFile    ... finished proof: closed. 
709845     INFO  main            d.u.i.k.p.i.AbstractProblemLoader Loading environment from /home/runner/work/key/key/key.core/../key.ui/examples/heap/permissions/mulleretal/ReadWrite_inv2_accessible.key.proof 
709845     DEBUG main            d.u.i.k.p.i.AbstractProblemLoader Environment load took 85.3ns 
709845     INFO  main            d.u.i.k.p.i.AbstractProblemLoader Creating init config 
712358     DEBUG main            d.u.i.k.p.i.AbstractProblemLoader Init config took 2.51s 
712390     INFO  main            d.u.i.k.p.i.AbstractProblemLoader Replaying proof ReadWrite[java.lang.Object::<inv>()].JML accessible clause.1 
712393     DEBUG main            d.u.i.k.p.i.IntermediateProofReplayer Proof replay took 1.53ms 
712393     DEBUG main            d.u.i.k.p.r.p.TestFile    ... success: reloaded. 
712394     INFO  main            d.u.i.k.p.r.p.TestFile    Now processing file /home/runner/work/key/key/key.core/../key.ui/examples/heap/permissions/lockspec/Counter_lockConsistent_contract.key 
712394     INFO  main            d.u.i.k.p.i.AbstractProblemLoader Loading environment from /home/runner/work/key/key/key.core/../key.ui/examples/heap/permissions/lockspec/Counter_lockConsistent_contract.key 
712394     DEBUG main            d.u.i.k.p.i.AbstractProblemLoader Environment load took 46.9ns 
712395     INFO  main            d.u.i.k.p.i.AbstractProblemLoader Creating init config 
715626     DEBUG main            d.u.i.k.p.i.AbstractProblemLoader Init config took 3.23s 
715680     INFO  main            d.u.i.k.p.i.AbstractProblemLoader Replaying proof Counter[LockSpec::lockConsistent()].JML model_behavior operation contract.0 
715682     DEBUG main            d.u.i.k.p.i.IntermediateProofReplayer Proof replay took 4ns 
716787     INFO  main            d.u.i.k.p.r.p.TestFile    ... finished proof: closed. 
717440     INFO  main            d.u.i.k.p.i.AbstractProblemLoader Loading environment from /home/runner/work/key/key/key.core/../key.ui/examples/heap/permissions/lockspec/Counter_lockConsistent_contract.key.proof 
717440     DEBUG main            d.u.i.k.p.i.AbstractProblemLoader Environment load took 96.9ns 
717441     INFO  main            d.u.i.k.p.i.AbstractProblemLoader Creating init config 
720438     DEBUG main            d.u.i.k.p.i.AbstractProblemLoader Init config took 3s 
720500     INFO  main            d.u.i.k.p.i.AbstractProblemLoader Replaying proof Counter[LockSpec::lockConsistent()].JML model_behavior operation contract.0 
720753     DEBUG main            d.u.i.k.p.i.IntermediateProofReplayer Proof replay took 244.7ms 
720760     DEBUG main            d.u.i.k.p.r.p.TestFile    ... success: reloaded. 
720761     INFO  main            d.u.i.k.p.r.p.TestFile    Now processing file /home/runner/work/key/key/key.core/../key.ui/examples/heap/permissions/lockspec/Counter_increase_contract.key 
720761     INFO  main            d.u.i.k.p.i.AbstractProblemLoader Loading environment from /home/runner/work/key/key/key.core/../key.ui/examples/heap/permissions/lockspec/Counter_increase_contract.key 
720762     DEBUG main            d.u.i.k.p.i.AbstractProblemLoader Environment load took 167.7ns 
720764     INFO  main            d.u.i.k.p.i.AbstractProblemLoader Creating init config 
724025     DEBUG main            d.u.i.k.p.i.AbstractProblemLoader Init config took 3.26s 
724079     INFO  main            d.u.i.k.p.i.AbstractProblemLoader Replaying proof Counter[Counter::increase()].JML normal_behavior operation contract.0 
724086     DEBUG main            d.u.i.k.p.i.IntermediateProofReplayer Proof replay took 3ns 
725828     INFO  main            d.u.i.k.p.r.p.TestFile    ... finished proof: closed. 
726534     INFO  main            d.u.i.k.p.i.AbstractProblemLoader Loading environment from /home/runner/work/key/key/key.core/../key.ui/examples/heap/permissions/lockspec/Counter_increase_contract.key.proof 
726535     DEBUG main            d.u.i.k.p.i.AbstractProblemLoader Environment load took 399.31ns 
726536     INFO  main            d.u.i.k.p.i.AbstractProblemLoader Creating init config 
729553     DEBUG main            d.u.i.k.p.i.AbstractProblemLoader Init config took 3.02s 
729629     INFO  main            d.u.i.k.p.i.AbstractProblemLoader Replaying proof Counter[Counter::increase()].JML normal_behavior operation contract.0 
729965     DEBUG main            d.u.i.k.p.i.IntermediateProofReplayer Proof replay took 318.69ms 
729967     DEBUG main            d.u.i.k.p.r.p.TestFile    ... success: reloaded. 
729968     INFO  main            d.u.i.k.p.r.p.TestFile    Now processing file /home/runner/work/key/key/key.core/../key.ui/examples/heap/permissions/lockspec/Counter_fp_accessible.key 
729968     INFO  main            d.u.i.k.p.i.AbstractProblemLoader Loading environment from /home/runner/work/key/key/key.core/../key.ui/examples/heap/permissions/lockspec/Counter_fp_accessible.key 
729968     DEBUG main            d.u.i.k.p.i.AbstractProblemLoader Environment load took 72.4ns 
729969     INFO  main            d.u.i.k.p.i.AbstractProblemLoader Creating init config 
733111     DEBUG main            d.u.i.k.p.i.AbstractProblemLoader Init config took 3.14s 
733168     INFO  main            d.u.i.k.p.i.AbstractProblemLoader Replaying proof Counter[LockSpec::fp()].JML accessible clause.0 
733171     DEBUG main            d.u.i.k.p.i.IntermediateProofReplayer Proof replay took 3.1ns 
733272     INFO  main            d.u.i.k.p.r.p.TestFile    ... finished proof: closed. 
733918     INFO  main            d.u.i.k.p.i.AbstractProblemLoader Loading environment from /home/runner/work/key/key/key.core/../key.ui/examples/heap/permissions/lockspec/Counter_fp_accessible.key.proof 
733918     DEBUG main            d.u.i.k.p.i.AbstractProblemLoader Environment load took 138.8ns 
733919     INFO  main            d.u.i.k.p.i.AbstractProblemLoader Creating init config 
736868     DEBUG main            d.u.i.k.p.i.AbstractProblemLoader Init config took 2.95s 
736926     INFO  main            d.u.i.k.p.i.AbstractProblemLoader Replaying proof Counter[LockSpec::fp()].JML accessible clause.0 
736937     DEBUG main            d.u.i.k.p.i.IntermediateProofReplayer Proof replay took 9.67ms 
736938     DEBUG main            d.u.i.k.p.r.p.TestFile    ... success: reloaded. 
736939     INFO  main            d.u.i.k.p.r.p.TestFile    Now processing file /home/runner/work/key/key/key.core/../key.ui/examples/heap/permissions/lockspec/Counter_fpLock_accessible.key 
736940     INFO  main            d.u.i.k.p.i.AbstractProblemLoader Loading environment from /home/runner/work/key/key/key.core/../key.ui/examples/heap/permissions/lockspec/Counter_fpLock_accessible.key 
736940     DEBUG main            d.u.i.k.p.i.AbstractProblemLoader Environment load took 174.9ns 
736941     INFO  main            d.u.i.k.p.i.AbstractProblemLoader Creating init config 
740181     DEBUG main            d.u.i.k.p.i.AbstractProblemLoader Init config took 3.24s 
740232     INFO  main            d.u.i.k.p.i.AbstractProblemLoader Replaying proof Counter[LockSpec::fpLock()].JML accessible clause.0 
740233     DEBUG main            d.u.i.k.p.i.IntermediateProofReplayer Proof replay took 2.9ns 
740340     INFO  main            d.u.i.k.p.r.p.TestFile    ... finished proof: closed. 
741004     INFO  main            d.u.i.k.p.i.AbstractProblemLoader Loading environment from /home/runner/work/key/key/key.core/../key.ui/examples/heap/permissions/lockspec/Counter_fpLock_accessible.key.proof 
741004     DEBUG main            d.u.i.k.p.i.AbstractProblemLoader Environment load took 93.4ns 
741005     INFO  main            d.u.i.k.p.i.AbstractProblemLoader Creating init config 
743983     DEBUG main            d.u.i.k.p.i.AbstractProblemLoader Init config took 2.98s 
744040     INFO  main            d.u.i.k.p.i.AbstractProblemLoader Replaying proof Counter[LockSpec::fpLock()].JML accessible clause.0 
744085     DEBUG main            d.u.i.k.p.i.IntermediateProofReplayer Proof replay took 42.97ms 
744086     DEBUG main            d.u.i.k.p.r.p.TestFile    ... success: reloaded. 
744087     INFO  main            d.u.i.k.p.r.p.TestFile    Now processing file /home/runner/work/key/key/key.core/../key.ui/examples/heap/permissions/lockspec/Counter_fpPerm_accessible.key 
744087     INFO  main            d.u.i.k.p.i.AbstractProblemLoader Loading environment from /home/runner/work/key/key/key.core/../key.ui/examples/heap/permissions/lockspec/Counter_fpPerm_accessible.key 
744089     DEBUG main            d.u.i.k.p.i.AbstractProblemLoader Environment load took 2.64ms 
744090     INFO  main            d.u.i.k.p.i.AbstractProblemLoader Creating init config 
747103     DEBUG main            d.u.i.k.p.i.AbstractProblemLoader Init config took 3.01s 
747172     INFO  main            d.u.i.k.p.i.AbstractProblemLoader Replaying proof Counter[LockSpec::fpPerm()].JML accessible clause.0 
747173     DEBUG main            d.u.i.k.p.i.IntermediateProofReplayer Proof replay took 4.6ns 
747275     INFO  main            d.u.i.k.p.r.p.TestFile    ... finished proof: closed. 
747942     INFO  main            d.u.i.k.p.i.AbstractProblemLoader Loading environment from /home/runner/work/key/key/key.core/../key.ui/examples/heap/permissions/lockspec/Counter_fpPerm_accessible.key.proof 
747942     DEBUG main            d.u.i.k.p.i.AbstractProblemLoader Environment load took 93.1ns 
747943     INFO  main            d.u.i.k.p.i.AbstractProblemLoader Creating init config 
750942     DEBUG main            d.u.i.k.p.i.AbstractProblemLoader Init config took 3s 
751029     INFO  main            d.u.i.k.p.i.AbstractProblemLoader Replaying proof Counter[LockSpec::fpPerm()].JML accessible clause.0 
751039     DEBUG main            d.u.i.k.p.i.IntermediateProofReplayer Proof replay took 7.15ms 
751048     DEBUG main            d.u.i.k.p.r.p.TestFile    ... success: reloaded. 
751049     INFO  main            d.u.i.k.p.r.p.TestFile    Now processing file /home/runner/work/key/key/key.core/../key.ui/examples/heap/permissions/lockspec/Counter_inv_accessible1.key 
751051     INFO  main            d.u.i.k.p.i.AbstractProblemLoader Loading environment from /home/runner/work/key/key/key.core/../key.ui/examples/heap/permissions/lockspec/Counter_inv_accessible1.key 
751051     DEBUG main            d.u.i.k.p.i.AbstractProblemLoader Environment load took 171.5ns 
751052     INFO  main            d.u.i.k.p.i.AbstractProblemLoader Creating init config 
754313     DEBUG main            d.u.i.k.p.i.AbstractProblemLoader Init config took 3.26s 
754371     INFO  main            d.u.i.k.p.i.AbstractProblemLoader Replaying proof Counter[java.lang.Object::<inv>()].JML accessible clause.0 
754373     DEBUG main            d.u.i.k.p.i.IntermediateProofReplayer Proof replay took 4.8ns 
754475     INFO  main            d.u.i.k.p.r.p.TestFile    ... finished proof: closed. 
755151     INFO  main            d.u.i.k.p.i.AbstractProblemLoader Loading environment from /home/runner/work/key/key/key.core/../key.ui/examples/heap/permissions/lockspec/Counter_inv_accessible1.key.proof 
755151     DEBUG main            d.u.i.k.p.i.AbstractProblemLoader Environment load took 93.2ns 
755152     INFO  main            d.u.i.k.p.i.AbstractProblemLoader Creating init config 
758075     DEBUG main            d.u.i.k.p.i.AbstractProblemLoader Init config took 2.92s 
758149     INFO  main            d.u.i.k.p.i.AbstractProblemLoader Replaying proof Counter[java.lang.Object::<inv>()].JML accessible clause.0 
758162     DEBUG main            d.u.i.k.p.i.IntermediateProofReplayer Proof replay took 10.97ms 
758163     DEBUG main            d.u.i.k.p.r.p.TestFile    ... success: reloaded. 
758164     INFO  main            d.u.i.k.p.r.p.TestFile    Now processing file /home/runner/work/key/key/key.core/../key.ui/examples/heap/permissions/lockspec/Counter_inv_accessible2.key 
758164     INFO  main            d.u.i.k.p.i.AbstractProblemLoader Loading environment from /home/runner/work/key/key/key.core/../key.ui/examples/heap/permissions/lockspec/Counter_inv_accessible2.key 
758164     DEBUG main            d.u.i.k.p.i.AbstractProblemLoader Environment load took 163.7ns 
758165     INFO  main            d.u.i.k.p.i.AbstractProblemLoader Creating init config 
761238     DEBUG main            d.u.i.k.p.i.AbstractProblemLoader Init config took 3.07s 
761289     INFO  main            d.u.i.k.p.i.AbstractProblemLoader Replaying proof Counter[java.lang.Object::<inv>()].JML accessible clause.1 
761291     DEBUG main            d.u.i.k.p.i.IntermediateProofReplayer Proof replay took 4ns 
761392     INFO  main            d.u.i.k.p.r.p.TestFile    ... finished proof: closed. 
762070     INFO  main            d.u.i.k.p.i.AbstractProblemLoader Loading environment from /home/runner/work/key/key/key.core/../key.ui/examples/heap/permissions/lockspec/Counter_inv_accessible2.key.proof 
762070     DEBUG main            d.u.i.k.p.i.AbstractProblemLoader Environment load took 97ns 
762071     INFO  main            d.u.i.k.p.i.AbstractProblemLoader Creating init config 
765102     DEBUG main            d.u.i.k.p.i.AbstractProblemLoader Init config took 3.03s 
765152     INFO  main            d.u.i.k.p.i.AbstractProblemLoader Replaying proof Counter[java.lang.Object::<inv>()].JML accessible clause.1 
765162     DEBUG main            d.u.i.k.p.i.IntermediateProofReplayer Proof replay took 8.62ms 
765163     DEBUG main            d.u.i.k.p.r.p.TestFile    ... success: reloaded. 
765164     INFO  main            d.u.i.k.p.r.p.TestFile    Now processing file /home/runner/work/key/key/key.core/../key.ui/examples/heap/permissions/lockspec/Counter_lockRef_accessible.key 
765164     INFO  main            d.u.i.k.p.i.AbstractProblemLoader Loading environment from /home/runner/work/key/key/key.core/../key.ui/examples/heap/permissions/lockspec/Counter_lockRef_accessible.key 
765164     DEBUG main            d.u.i.k.p.i.AbstractProblemLoader Environment load took 75.6ns 
765165     INFO  main            d.u.i.k.p.i.AbstractProblemLoader Creating init config 
768211     DEBUG main            d.u.i.k.p.i.AbstractProblemLoader Init config took 3.05s 
768266     INFO  main            d.u.i.k.p.i.AbstractProblemLoader Replaying proof Counter[LockSpec::lockRef()].JML accessible clause.0 
768268     DEBUG main            d.u.i.k.p.i.IntermediateProofReplayer Proof replay took 2.8ns 
768469     INFO  main            d.u.i.k.p.r.p.TestFile    ... finished proof: closed. 
769164     INFO  main            d.u.i.k.p.i.AbstractProblemLoader Loading environment from /home/runner/work/key/key/key.core/../key.ui/examples/heap/permissions/lockspec/Counter_lockRef_accessible.key.proof 
769165     DEBUG main            d.u.i.k.p.i.AbstractProblemLoader Environment load took 92.1ns 
769165     INFO  main            d.u.i.k.p.i.AbstractProblemLoader Creating init config 
772129     DEBUG main            d.u.i.k.p.i.AbstractProblemLoader Init config took 2.96s 
772186     INFO  main            d.u.i.k.p.i.AbstractProblemLoader Replaying proof Counter[LockSpec::lockRef()].JML accessible clause.0 
772226     DEBUG main            d.u.i.k.p.i.IntermediateProofReplayer Proof replay took 37.4ms 
772227     DEBUG main            d.u.i.k.p.r.p.TestFile    ... success: reloaded. 
772228     INFO  main            d.u.i.k.p.r.p.TestFile    Now processing file /home/runner/work/key/key/key.core/../key.ui/examples/heap/permissions/lockspec/Counter_lockRef_contract1.key 
772229     INFO  main            d.u.i.k.p.i.AbstractProblemLoader Loading environment from /home/runner/work/key/key/key.core/../key.ui/examples/heap/permissions/lockspec/Counter_lockRef_contract1.key 
772229     DEBUG main            d.u.i.k.p.i.AbstractProblemLoader Environment load took 95.6ns 
772230     INFO  main            d.u.i.k.p.i.AbstractProblemLoader Creating init config 
775288     DEBUG main            d.u.i.k.p.i.AbstractProblemLoader Init config took 3.06s 
775338     INFO  main            d.u.i.k.p.i.AbstractProblemLoader Replaying proof Counter[LockSpec::lockRef()].JML model_behavior operation contract.0 
775339     DEBUG main            d.u.i.k.p.i.IntermediateProofReplayer Proof replay took 2.9ns 
775441     INFO  main            d.u.i.k.p.r.p.TestFile    ... finished proof: closed. 
776142     INFO  main            d.u.i.k.p.i.AbstractProblemLoader Loading environment from /home/runner/work/key/key/key.core/../key.ui/examples/heap/permissions/lockspec/Counter_lockRef_contract1.key.proof 
776142     DEBUG main            d.u.i.k.p.i.AbstractProblemLoader Environment load took 84.9ns 
776143     INFO  main            d.u.i.k.p.i.AbstractProblemLoader Creating init config 
779126     DEBUG main            d.u.i.k.p.i.AbstractProblemLoader Init config took 2.98s 
779184     INFO  main            d.u.i.k.p.i.AbstractProblemLoader Replaying proof Counter[LockSpec::lockRef()].JML model_behavior operation contract.0 
779190     DEBUG main            d.u.i.k.p.i.IntermediateProofReplayer Proof replay took 4.65ms 
779191     DEBUG main            d.u.i.k.p.r.p.TestFile    ... success: reloaded. 
779192     INFO  main            d.u.i.k.p.r.p.TestFile    Now processing file /home/runner/work/key/key/key.core/../key.ui/examples/heap/permissions/lockspec/Counter_lockRef_contract2.key 
779192     INFO  main            d.u.i.k.p.i.AbstractProblemLoader Loading environment from /home/runner/work/key/key/key.core/../key.ui/examples/heap/permissions/lockspec/Counter_lockRef_contract2.key 
779192     DEBUG main            d.u.i.k.p.i.AbstractProblemLoader Environment load took 188.2ns 
779193     INFO  main            d.u.i.k.p.i.AbstractProblemLoader Creating init config 
782278     DEBUG main            d.u.i.k.p.i.AbstractProblemLoader Init config took 3.09s 
782328     INFO  main            d.u.i.k.p.i.AbstractProblemLoader Replaying proof Counter[Counter::lockRef()].JML model_behavior operation contract.0 
782330     DEBUG main            d.u.i.k.p.i.IntermediateProofReplayer Proof replay took 2.7ns 
782431     INFO  main            d.u.i.k.p.r.p.TestFile    ... finished proof: closed. 
783121     INFO  main            d.u.i.k.p.i.AbstractProblemLoader Loading environment from /home/runner/work/key/key/key.core/../key.ui/examples/heap/permissions/lockspec/Counter_lockRef_contract2.key.proof 
783121     DEBUG main            d.u.i.k.p.i.AbstractProblemLoader Environment load took 87.5ns 
783122     INFO  main            d.u.i.k.p.i.AbstractProblemLoader Creating init config 
786084     DEBUG main            d.u.i.k.p.i.AbstractProblemLoader Init config took 2.96s 
786153     INFO  main            d.u.i.k.p.i.AbstractProblemLoader Replaying proof Counter[Counter::lockRef()].JML model_behavior operation contract.0 
786167     DEBUG main            d.u.i.k.p.i.IntermediateProofReplayer Proof replay took 4.19ms 
786168     DEBUG main            d.u.i.k.p.r.p.TestFile    ... success: reloaded. 
786168     INFO  main            d.u.i.k.p.r.p.TestFile    Now processing file /home/runner/work/key/key/key.core/../key.ui/examples/heap/permissions/lockspec/Counter_lockState_accessible.key 
786169     INFO  main            d.u.i.k.p.i.AbstractProblemLoader Loading environment from /home/runner/work/key/key/key.core/../key.ui/examples/heap/permissions/lockspec/Counter_lockState_accessible.key 
786169     DEBUG main            d.u.i.k.p.i.AbstractProblemLoader Environment load took 191.7ns 
786170     INFO  main            d.u.i.k.p.i.AbstractProblemLoader Creating init config 
789291     DEBUG main            d.u.i.k.p.i.AbstractProblemLoader Init config took 3.12s 
789358     INFO  main            d.u.i.k.p.i.AbstractProblemLoader Replaying proof Counter[LockSpec::lockState(boolean)].JML accessible clause.0 
789360     DEBUG main            d.u.i.k.p.i.IntermediateProofReplayer Proof replay took 3.4ns 
789662     INFO  main            d.u.i.k.p.r.p.TestFile    ... finished proof: closed. 
790364     INFO  main            d.u.i.k.p.i.AbstractProblemLoader Loading environment from /home/runner/work/key/key/key.core/../key.ui/examples/heap/permissions/lockspec/Counter_lockState_accessible.key.proof 
790364     DEBUG main            d.u.i.k.p.i.AbstractProblemLoader Environment load took 87.6ns 
790365     INFO  main            d.u.i.k.p.i.AbstractProblemLoader Creating init config 
793410     DEBUG main            d.u.i.k.p.i.AbstractProblemLoader Init config took 3.04s 
793467     INFO  main            d.u.i.k.p.i.AbstractProblemLoader Replaying proof Counter[LockSpec::lockState(boolean)].JML accessible clause.0 
793538     DEBUG main            d.u.i.k.p.i.IntermediateProofReplayer Proof replay took 67.82ms 
793539     DEBUG main            d.u.i.k.p.r.p.TestFile    ... success: reloaded. 
793539     INFO  main            d.u.i.k.p.r.p.TestFile    Now processing file /home/runner/work/key/key/key.core/../key.ui/examples/heap/permissions/lockspec/Counter_lockStatus_accessible.key 
793542     INFO  main            d.u.i.k.p.i.AbstractProblemLoader Loading environment from /home/runner/work/key/key/key.core/../key.ui/examples/heap/permissions/lockspec/Counter_lockStatus_accessible.key 
793542     DEBUG main            d.u.i.k.p.i.AbstractProblemLoader Environment load took 103ns 
793543     INFO  main            d.u.i.k.p.i.AbstractProblemLoader Creating init config 
796586     DEBUG main            d.u.i.k.p.i.AbstractProblemLoader Init config took 3.04s 
796636     INFO  main            d.u.i.k.p.i.AbstractProblemLoader Replaying proof Counter[LockSpec::lockStatus(boolean)].JML accessible clause.0 
796638     DEBUG main            d.u.i.k.p.i.IntermediateProofReplayer Proof replay took 3ns 
796740     INFO  main            d.u.i.k.p.r.p.TestFile    ... finished proof: closed. 
797447     INFO  main            d.u.i.k.p.i.AbstractProblemLoader Loading environment from /home/runner/work/key/key/key.core/../key.ui/examples/heap/permissions/lockspec/Counter_lockStatus_accessible.key.proof 
797447     DEBUG main            d.u.i.k.p.i.AbstractProblemLoader Environment load took 114.1ns 
797448     INFO  main            d.u.i.k.p.i.AbstractProblemLoader Creating init config 
800411     DEBUG main            d.u.i.k.p.i.AbstractProblemLoader Init config took 2.96s 
800472     INFO  main            d.u.i.k.p.i.AbstractProblemLoader Replaying proof Counter[LockSpec::lockStatus(boolean)].JML accessible clause.0 
800495     DEBUG main            d.u.i.k.p.i.IntermediateProofReplayer Proof replay took 20.88ms 
800496     DEBUG main            d.u.i.k.p.r.p.TestFile    ... success: reloaded. 
800497     INFO  main            d.u.i.k.p.r.p.TestFile    Now processing file /home/runner/work/key/key/key.core/../key.ui/examples/heap/permissions/lockspec/Counter_lockTransfer_accessible.key 
800497     INFO  main            d.u.i.k.p.i.AbstractProblemLoader Loading environment from /home/runner/work/key/key/key.core/../key.ui/examples/heap/permissions/lockspec/Counter_lockTransfer_accessible.key 
800497     DEBUG main            d.u.i.k.p.i.AbstractProblemLoader Environment load took 150.9ns 
800498     INFO  main            d.u.i.k.p.i.AbstractProblemLoader Creating init config 
803639     DEBUG main            d.u.i.k.p.i.AbstractProblemLoader Init config took 3.14s 
803689     INFO  main            d.u.i.k.p.i.AbstractProblemLoader Replaying proof Counter[LockSpec::lockTransfer()].JML accessible clause.0 
803690     DEBUG main            d.u.i.k.p.i.IntermediateProofReplayer Proof replay took 2.9ns 
803992     INFO  main            d.u.i.k.p.r.p.TestFile    ... finished proof: closed. 
804717     INFO  main            d.u.i.k.p.i.AbstractProblemLoader Loading environment from /home/runner/work/key/key/key.core/../key.ui/examples/heap/permissions/lockspec/Counter_lockTransfer_accessible.key.proof 
804717     DEBUG main            d.u.i.k.p.i.AbstractProblemLoader Environment load took 96.7ns 
804718     INFO  main            d.u.i.k.p.i.AbstractProblemLoader Creating init config 
807710     DEBUG main            d.u.i.k.p.i.AbstractProblemLoader Init config took 2.99s 
807767     INFO  main            d.u.i.k.p.i.AbstractProblemLoader Replaying proof Counter[LockSpec::lockTransfer()].JML accessible clause.0 
807831     DEBUG main            d.u.i.k.p.i.IntermediateProofReplayer Proof replay took 60.74ms 
807832     DEBUG main            d.u.i.k.p.r.p.TestFile    ... success: reloaded. 
807833     INFO  main            d.u.i.k.p.r.p.TestFile    Now processing file /home/runner/work/key/key/key.core/../key.ui/examples/heap/permissions/lockspec/Counter_unlockTransfer_accessible.key 
807833     INFO  main            d.u.i.k.p.i.AbstractProblemLoader Loading environment from /home/runner/work/key/key/key.core/../key.ui/examples/heap/permissions/lockspec/Counter_unlockTransfer_accessible.key 
807833     DEBUG main            d.u.i.k.p.i.AbstractProblemLoader Environment load took 163.9ns 
807834     INFO  main            d.u.i.k.p.i.AbstractProblemLoader Creating init config 
810905     DEBUG main            d.u.i.k.p.i.AbstractProblemLoader Init config took 3.07s 
810955     INFO  main            d.u.i.k.p.i.AbstractProblemLoader Replaying proof Counter[LockSpec::unlockTransfer()].JML accessible clause.0 
810957     DEBUG main            d.u.i.k.p.i.IntermediateProofReplayer Proof replay took 3ns 
811360     INFO  main            d.u.i.k.p.r.p.TestFile    ... finished proof: closed. 
812102     INFO  main            d.u.i.k.p.i.AbstractProblemLoader Loading environment from /home/runner/work/key/key/key.core/../key.ui/examples/heap/permissions/lockspec/Counter_unlockTransfer_accessible.key.proof 
812102     DEBUG main            d.u.i.k.p.i.AbstractProblemLoader Environment load took 96.2ns 
812103     INFO  main            d.u.i.k.p.i.AbstractProblemLoader Creating init config 
815057     DEBUG main            d.u.i.k.p.i.AbstractProblemLoader Init config took 2.95s 
815122     INFO  main            d.u.i.k.p.i.AbstractProblemLoader Replaying proof Counter[LockSpec::unlockTransfer()].JML accessible clause.0 
815193     DEBUG main            d.u.i.k.p.i.IntermediateProofReplayer Proof replay took 63.91ms 
815194     DEBUG main            d.u.i.k.p.r.p.TestFile    ... success: reloaded. 
815195     INFO  main            d.u.i.k.p.r.p.TestFile    Now processing file /home/runner/work/key/key/key.core/../key.ui/examples/heap/permissions/threads/Plotter_startTransfer_contract.proof 
815195     INFO  main            d.u.i.k.p.i.AbstractProblemLoader Loading environment from /home/runner/work/key/key/key.core/../key.ui/examples/heap/permissions/threads/Plotter_startTransfer_contract.proof 
815195     DEBUG main            d.u.i.k.p.i.AbstractProblemLoader Environment load took 157.5ns 
815196     INFO  main            d.u.i.k.p.i.AbstractProblemLoader Creating init config 
819846     DEBUG main            d.u.i.k.p.i.AbstractProblemLoader Init config took 4.65s 
819927     INFO  main            d.u.i.k.p.i.AbstractProblemLoader Replaying proof Plotter[ThreadSpec2::startTransfer()].JML model_behavior operation contract.0 
820023     DEBUG main            d.u.i.k.p.i.IntermediateProofReplayer Proof replay took 88.46ms 
820024     INFO  main            d.u.i.k.p.r.p.TestFile    ... success: loaded 
820025     INFO  main            d.u.i.k.p.r.p.TestFile    Now processing file /home/runner/work/key/key/key.core/../key.ui/examples/heap/permissions/threads/Plotter_startTransfer_accessible.proof 
820025     INFO  main            d.u.i.k.p.i.AbstractProblemLoader Loading environment from /home/runner/work/key/key/key.core/../key.ui/examples/heap/permissions/threads/Plotter_startTransfer_accessible.proof 
820025     DEBUG main            d.u.i.k.p.i.AbstractProblemLoader Environment load took 164.9ns 
820026     INFO  main            d.u.i.k.p.i.AbstractProblemLoader Creating init config 
824663     DEBUG main            d.u.i.k.p.i.AbstractProblemLoader Init config took 4.64s 
824760     INFO  main            d.u.i.k.p.i.AbstractProblemLoader Replaying proof Plotter[ThreadSpec2::startTransfer()].JML accessible clause.0 
824871     DEBUG main            d.u.i.k.p.i.IntermediateProofReplayer Proof replay took 106.41ms 
824877     INFO  main            d.u.i.k.p.r.p.TestFile    ... success: loaded 
824878     INFO  main            d.u.i.k.p.r.p.TestFile    Now processing file /home/runner/work/key/key/key.core/../key.ui/examples/heap/permissions/threads/Plotter_joinTransfer_accessible.proof 
824887     INFO  main            d.u.i.k.p.i.AbstractProblemLoader Loading environment from /home/runner/work/key/key/key.core/../key.ui/examples/heap/permissions/threads/Plotter_joinTransfer_accessible.proof 
824887     DEBUG main            d.u.i.k.p.i.AbstractProblemLoader Environment load took 191.8ns 
824888     INFO  main            d.u.i.k.p.i.AbstractProblemLoader Creating init config 
829651     DEBUG main            d.u.i.k.p.i.AbstractProblemLoader Init config took 4.76s 
829760     INFO  main            d.u.i.k.p.i.AbstractProblemLoader Replaying proof Plotter[ThreadSpec2::joinTransfer()].JML accessible clause.0 
829780     WARN  main            d.u.i.k.p.i.IntermediateProofReplayer Proof contains wrong number of \assumes instatiations for Definition_axiom_for_stateInv_in_Plotter 
829784     WARN  main            d.u.i.k.p.i.IntermediateProofReplayer Proof contains wrong number of \assumes instatiations for Definition_axiom_for_stateInv_in_Plotter 
829797     WARN  main            d.u.i.k.p.i.IntermediateProofReplayer Proof contains wrong number of \assumes instatiations for Definition_axiom_for_workingPermissions_in_Plotter 
829798     WARN  main            d.u.i.k.p.i.IntermediateProofReplayer Proof contains wrong number of \assumes instatiations for Definition_axiom_for_staticPermissions_in_Plotter 
829799     WARN  main            d.u.i.k.p.i.IntermediateProofReplayer Proof contains wrong number of \assumes instatiations for Definition_axiom_for_joinTransfer_in_Plotter 
829801     WARN  main            d.u.i.k.p.i.IntermediateProofReplayer Proof contains wrong number of \assumes instatiations for Definition_axiom_for_stateInv_in_BFilter 
829802     WARN  main            d.u.i.k.p.i.IntermediateProofReplayer Proof contains wrong number of \assumes instatiations for Definition_axiom_for_stateInv_in_AFilter 
829804     WARN  main            d.u.i.k.p.i.IntermediateProofReplayer Proof contains wrong number of \assumes instatiations for Definition_axiom_for_stateInv_in_BFilter 
829806     WARN  main            d.u.i.k.p.i.IntermediateProofReplayer Proof contains wrong number of \assumes instatiations for Definition_axiom_for_stateInv_in_AFilter 
829820     WARN  main            d.u.i.k.p.i.IntermediateProofReplayer Proof contains wrong number of \assumes instatiations for Definition_axiom_for_staticPermissions_in_AFilter 
829821     WARN  main            d.u.i.k.p.i.IntermediateProofReplayer Proof contains wrong number of \assumes instatiations for Definition_axiom_for_staticPermissions_in_Plotter 
829822     WARN  main            d.u.i.k.p.i.IntermediateProofReplayer Proof contains wrong number of \assumes instatiations for Definition_axiom_for_staticPermissions_in_BFilter 
829823     WARN  main            d.u.i.k.p.i.IntermediateProofReplayer Proof contains wrong number of \assumes instatiations for Definition_axiom_for_workingPermissions_in_Plotter 
829824     WARN  main            d.u.i.k.p.i.IntermediateProofReplayer Proof contains wrong number of \assumes instatiations for Definition_axiom_for_stateInv_in_Sampler 
829825     WARN  main            d.u.i.k.p.i.IntermediateProofReplayer Proof contains wrong number of \assumes instatiations for Definition_axiom_for_stateInv_in_Sampler 
829825     WARN  main            d.u.i.k.p.i.IntermediateProofReplayer Proof contains wrong number of \assumes instatiations for Definition_axiom_for_staticPermissions_in_Sampler 
829826     WARN  main            d.u.i.k.p.i.IntermediateProofReplayer Proof contains wrong number of \assumes instatiations for Definition_axiom_for_staticPermissions_in_BFilter 
829827     WARN  main            d.u.i.k.p.i.IntermediateProofReplayer Proof contains wrong number of \assumes instatiations for Definition_axiom_for_staticPermissions_in_AFilter 
829828     WARN  main            d.u.i.k.p.i.IntermediateProofReplayer Proof contains wrong number of \assumes instatiations for Definition_axiom_for_staticPermissions_in_Sampler 
829835     WARN  main            d.u.i.k.p.i.IntermediateProofReplayer Proof contains wrong number of \assumes instatiations for Definition_axiom_for_staticPermissions_in_Sampler 
829836     WARN  main            d.u.i.k.p.i.IntermediateProofReplayer Proof contains wrong number of \assumes instatiations for Definition_axiom_for_staticPermissions_in_Sampler 
829836     WARN  main            d.u.i.k.p.i.IntermediateProofReplayer Proof contains wrong number of \assumes instatiations for Definition_axiom_for_joinTransfer_in_Plotter 
829960     DEBUG main            d.u.i.k.p.i.IntermediateProofReplayer Proof replay took 184.03ms 
829961     INFO  main            d.u.i.k.p.r.p.TestFile    ... success: loaded 
5092375    INFO  Test worker     d.u.i.k.p.r.RunAllProofsTestUnit Returning from test permissionHeap 
5092376    INFO  Test worker     d.u.i.k.p.r.RunAllProofsTestUnit Running test completionScopes 
338        INFO  Timeout watchdog d.u.i.k.p.r.p.ForkedTestFileRunner Timeout watcher launched (2000 secs.) 
343        WARN  main            d.u.i.k.s.ProofSettings   The settings in /home/runner/.key/proof-settings.props are *not* read. 
372        INFO  main            d.u.i.k.p.r.p.TestFile    Now processing file /home/runner/work/key/key/key.core/../key.ui/examples/completionscopes/testCcatchReturnVal.key 
493        INFO  main            d.u.i.k.p.i.AbstractProblemLoader Loading environment from /home/runner/work/key/key/key.core/../key.ui/examples/completionscopes/testCcatchReturnVal.key 
510        DEBUG main            d.u.i.k.p.i.AbstractProblemLoader Environment load took 1.93ms 
746        INFO  main            d.u.i.k.p.i.AbstractProblemLoader Creating init config 
1832       DEBUG main            d.u.i.k.j.TypeConverter   No LDT found for Meta 
1833       DEBUG main            d.u.i.k.j.TypeConverter   No LDT found for Meta 
1839       DEBUG main            d.u.i.k.j.TypeConverter   No LDT found for Meta 
1839       DEBUG main            d.u.i.k.j.TypeConverter   No LDT found for Meta 
3332       DEBUG main            d.u.i.k.j.TypeConverter   No LDT found for JavaBigintExpression 
8288       DEBUG main            d.u.i.k.p.i.AbstractProblemLoader Init config took 7.54s 
8450       INFO  main            d.u.i.k.p.i.AbstractProblemLoader Replaying proof CompletionScopes[CompletionScopes::testCcatchReturnVal()].JML normal_behavior operation contract.0 
8484       DEBUG main            d.u.i.k.p.i.IntermediateProofReplayer Proof replay took 36.3ns 
9020       INFO  main            d.u.i.k.p.r.p.TestFile    ... finished proof: closed. 
9128       INFO  main            d.u.i.k.p.i.AbstractProblemLoader Loading environment from /home/runner/work/key/key/key.core/../key.ui/examples/completionscopes/testCcatchReturnVal.key.proof 
9129       DEBUG main            d.u.i.k.p.i.AbstractProblemLoader Environment load took 784.81ns 
9134       INFO  main            d.u.i.k.p.i.AbstractProblemLoader Creating init config 
11903      DEBUG main            d.u.i.k.p.i.AbstractProblemLoader Init config took 2.77s 
11984      INFO  main            d.u.i.k.p.i.AbstractProblemLoader Replaying proof CompletionScopes[CompletionScopes::testCcatchReturnVal()].JML normal_behavior operation contract.0 
12024      DEBUG main            d.u.i.k.p.i.IntermediateProofReplayer Proof replay took 34.17ms 
12031      DEBUG main            d.u.i.k.p.r.p.TestFile    ... success: reloaded. 
12033      INFO  main            d.u.i.k.p.r.p.TestFile    Now processing file /home/runner/work/key/key/key.core/../key.ui/examples/completionscopes/testMultCcatchClauses.key 
12033      INFO  main            d.u.i.k.p.i.AbstractProblemLoader Loading environment from /home/runner/work/key/key/key.core/../key.ui/examples/completionscopes/testMultCcatchClauses.key 
12033      DEBUG main            d.u.i.k.p.i.AbstractProblemLoader Environment load took 216.4ns 
12035      INFO  main            d.u.i.k.p.i.AbstractProblemLoader Creating init config 
14703      DEBUG main            d.u.i.k.p.i.AbstractProblemLoader Init config took 2.67s 
14768      INFO  main            d.u.i.k.p.i.AbstractProblemLoader Replaying proof CompletionScopes[CompletionScopes::testMultCcatchClauses()].JML normal_behavior operation contract.0 
14771      DEBUG main            d.u.i.k.p.i.IntermediateProofReplayer Proof replay took 9.8ns 
15175      INFO  main            d.u.i.k.p.r.p.TestFile    ... finished proof: closed. 
15308      INFO  main            d.u.i.k.p.i.AbstractProblemLoader Loading environment from /home/runner/work/key/key/key.core/../key.ui/examples/completionscopes/testMultCcatchClauses.key.proof 
15308      DEBUG main            d.u.i.k.p.i.AbstractProblemLoader Environment load took 435.41ns 
15310      INFO  main            d.u.i.k.p.i.AbstractProblemLoader Creating init config 
17875      DEBUG main            d.u.i.k.p.i.AbstractProblemLoader Init config took 2.57s 
17930      INFO  main            d.u.i.k.p.i.AbstractProblemLoader Replaying proof CompletionScopes[CompletionScopes::testMultCcatchClauses()].JML normal_behavior operation contract.0 
18023      DEBUG main            d.u.i.k.p.i.IntermediateProofReplayer Proof replay took 89.41ms 
18025      DEBUG main            d.u.i.k.p.r.p.TestFile    ... success: reloaded. 
18026      INFO  main            d.u.i.k.p.r.p.TestFile    Now processing file /home/runner/work/key/key/key.core/../key.ui/examples/completionscopes/testNestedExec.key 
18026      INFO  main            d.u.i.k.p.i.AbstractProblemLoader Loading environment from /home/runner/work/key/key/key.core/../key.ui/examples/completionscopes/testNestedExec.key 
18027      DEBUG main            d.u.i.k.p.i.AbstractProblemLoader Environment load took 187ns 
18028      INFO  main            d.u.i.k.p.i.AbstractProblemLoader Creating init config 
20620      DEBUG main            d.u.i.k.p.i.AbstractProblemLoader Init config took 2.59s 
20669      INFO  main            d.u.i.k.p.i.AbstractProblemLoader Replaying proof CompletionScopes[CompletionScopes::testMultCcatchClauses()].JML normal_behavior operation contract.0 
20672      DEBUG main            d.u.i.k.p.i.IntermediateProofReplayer Proof replay took 6.9ns 
20976      INFO  main            d.u.i.k.p.r.p.TestFile    ... finished proof: closed. 
21130      INFO  main            d.u.i.k.p.i.AbstractProblemLoader Loading environment from /home/runner/work/key/key/key.core/../key.ui/examples/completionscopes/testNestedExec.key.proof 
21134      DEBUG main            d.u.i.k.p.i.AbstractProblemLoader Environment load took 4.11ms 
21135      INFO  main            d.u.i.k.p.i.AbstractProblemLoader Creating init config 
23650      DEBUG main            d.u.i.k.p.i.AbstractProblemLoader Init config took 2.51s 
23697      INFO  main            d.u.i.k.p.i.AbstractProblemLoader Replaying proof CompletionScopes[CompletionScopes::testMultCcatchClauses()].JML normal_behavior operation contract.0 
23770      DEBUG main            d.u.i.k.p.i.IntermediateProofReplayer Proof replay took 70.08ms 
23772      DEBUG main            d.u.i.k.p.r.p.TestFile    ... success: reloaded. 
23773      INFO  main            d.u.i.k.p.r.p.TestFile    Now processing file /home/runner/work/key/key/key.core/../key.ui/examples/completionscopes/testCcatchBreakLabel.key 
23774      INFO  main            d.u.i.k.p.i.AbstractProblemLoader Loading environment from /home/runner/work/key/key/key.core/../key.ui/examples/completionscopes/testCcatchBreakLabel.key 
23774      DEBUG main            d.u.i.k.p.i.AbstractProblemLoader Environment load took 188.5ns 
23775      INFO  main            d.u.i.k.p.i.AbstractProblemLoader Creating init config 
26307      DEBUG main            d.u.i.k.p.i.AbstractProblemLoader Init config took 2.53s 
26353      INFO  main            d.u.i.k.p.i.AbstractProblemLoader Replaying proof CompletionScopes[CompletionScopes::testBreakLabel()].JML normal_behavior operation contract.0 
26355      DEBUG main            d.u.i.k.p.i.IntermediateProofReplayer Proof replay took 6.9ns 
26371      DEBUG Thread-10       d.u.i.k.l.o.ProgramSV     Match failed: Former match of  SchemaVariable incompatible with  the current match. 
26457      INFO  main            d.u.i.k.p.r.p.TestFile    ... finished proof: closed. 
26642      INFO  main            d.u.i.k.p.i.AbstractProblemLoader Loading environment from /home/runner/work/key/key/key.core/../key.ui/examples/completionscopes/testCcatchBreakLabel.key.proof 
26642      DEBUG main            d.u.i.k.p.i.AbstractProblemLoader Environment load took 149.7ns 
26644      INFO  main            d.u.i.k.p.i.AbstractProblemLoader Creating init config 
29108      DEBUG main            d.u.i.k.p.i.AbstractProblemLoader Init config took 2.46s 
29152      INFO  main            d.u.i.k.p.i.AbstractProblemLoader Replaying proof CompletionScopes[CompletionScopes::testBreakLabel()].JML normal_behavior operation contract.0 
29162      DEBUG main            d.u.i.k.p.i.IntermediateProofReplayer Proof replay took 8.09ms 
29163      DEBUG main            d.u.i.k.p.r.p.TestFile    ... success: reloaded. 
29165      INFO  main            d.u.i.k.p.r.p.TestFile    Now processing file /home/runner/work/key/key/key.core/../key.ui/examples/completionscopes/testCcatchContinueLabel.key 
29165      INFO  main            d.u.i.k.p.i.AbstractProblemLoader Loading environment from /home/runner/work/key/key/key.core/../key.ui/examples/completionscopes/testCcatchContinueLabel.key 
29165      DEBUG main            d.u.i.k.p.i.AbstractProblemLoader Environment load took 98.7ns 
29166      INFO  main            d.u.i.k.p.i.AbstractProblemLoader Creating init config 
31712      DEBUG main            d.u.i.k.p.i.AbstractProblemLoader Init config took 2.55s 
31780      INFO  main            d.u.i.k.p.i.AbstractProblemLoader Replaying proof CompletionScopes[CompletionScopes::testContinueLabel()].JML normal_behavior operation contract.0 
31783      DEBUG main            d.u.i.k.p.i.IntermediateProofReplayer Proof replay took 8.1ns 
31821      DEBUG Thread-13       d.u.i.k.l.o.ProgramSV     Match failed: Former match of  SchemaVariable incompatible with  the current match. 
31888      INFO  main            d.u.i.k.p.r.p.TestFile    ... finished proof: closed. 
32041      INFO  main            d.u.i.k.p.i.AbstractProblemLoader Loading environment from /home/runner/work/key/key/key.core/../key.ui/examples/completionscopes/testCcatchContinueLabel.key.proof 
32041      DEBUG main            d.u.i.k.p.i.AbstractProblemLoader Environment load took 171.6ns 
32042      INFO  main            d.u.i.k.p.i.AbstractProblemLoader Creating init config 
34538      DEBUG main            d.u.i.k.p.i.AbstractProblemLoader Init config took 2.5s 
34592      INFO  main            d.u.i.k.p.i.AbstractProblemLoader Replaying proof CompletionScopes[CompletionScopes::testContinueLabel()].JML normal_behavior operation contract.0 
34606      DEBUG main            d.u.i.k.p.i.IntermediateProofReplayer Proof replay took 12.11ms 
34607      DEBUG main            d.u.i.k.p.r.p.TestFile    ... success: reloaded. 
34609      INFO  main            d.u.i.k.p.r.p.TestFile    Now processing file /home/runner/work/key/key/key.core/../key.ui/examples/completionscopes/testCcatchBreakLabelWildcard.key 
34609      INFO  main            d.u.i.k.p.i.AbstractProblemLoader Loading environment from /home/runner/work/key/key/key.core/../key.ui/examples/completionscopes/testCcatchBreakLabelWildcard.key 
34609      DEBUG main            d.u.i.k.p.i.AbstractProblemLoader Environment load took 112.4ns 
34611      INFO  main            d.u.i.k.p.i.AbstractProblemLoader Creating init config 
37142      DEBUG main            d.u.i.k.p.i.AbstractProblemLoader Init config took 2.53s 
37204      INFO  main            d.u.i.k.p.i.AbstractProblemLoader Replaying proof CompletionScopes[CompletionScopes::testBreakLabelWildcard()].JML normal_behavior operation contract.0 
37206      DEBUG main            d.u.i.k.p.i.IntermediateProofReplayer Proof replay took 7.1ns 
37221      DEBUG Thread-16       d.u.i.k.l.o.ProgramSV     Match failed: Former match of  SchemaVariable incompatible with  the current match. 
37222      DEBUG Thread-16       d.u.i.k.l.o.ProgramSV     Match failed: Former match of  SchemaVariable incompatible with  the current match. 
37309      INFO  main            d.u.i.k.p.r.p.TestFile    ... finished proof: closed. 
37480      INFO  main            d.u.i.k.p.i.AbstractProblemLoader Loading environment from /home/runner/work/key/key/key.core/../key.ui/examples/completionscopes/testCcatchBreakLabelWildcard.key.proof 
37480      DEBUG main            d.u.i.k.p.i.AbstractProblemLoader Environment load took 144.7ns 
37481      INFO  main            d.u.i.k.p.i.AbstractProblemLoader Creating init config 
39946      DEBUG main            d.u.i.k.p.i.AbstractProblemLoader Init config took 2.46s 
39990      INFO  main            d.u.i.k.p.i.AbstractProblemLoader Replaying proof CompletionScopes[CompletionScopes::testBreakLabelWildcard()].JML normal_behavior operation contract.0 
40000      DEBUG main            d.u.i.k.p.i.IntermediateProofReplayer Proof replay took 7.84ms 
40001      DEBUG main            d.u.i.k.p.r.p.TestFile    ... success: reloaded. 
40002      INFO  main            d.u.i.k.p.r.p.TestFile    Now processing file /home/runner/work/key/key/key.core/../key.ui/examples/completionscopes/testCcatchContinueLabelWildcard.key 
40002      INFO  main            d.u.i.k.p.i.AbstractProblemLoader Loading environment from /home/runner/work/key/key/key.core/../key.ui/examples/completionscopes/testCcatchContinueLabelWildcard.key 
40003      DEBUG main            d.u.i.k.p.i.AbstractProblemLoader Environment load took 180.6ns 
40004      INFO  main            d.u.i.k.p.i.AbstractProblemLoader Creating init config 
42485      DEBUG main            d.u.i.k.p.i.AbstractProblemLoader Init config took 2.48s 
42529      INFO  main            d.u.i.k.p.i.AbstractProblemLoader Replaying proof CompletionScopes[CompletionScopes::testContinueLabelWildcard()].JML normal_behavior operation contract.0 
42531      DEBUG main            d.u.i.k.p.i.IntermediateProofReplayer Proof replay took 8.8ns 
42548      DEBUG Thread-19       d.u.i.k.l.o.ProgramSV     Match failed: Former match of  SchemaVariable incompatible with  the current match. 
42549      DEBUG Thread-19       d.u.i.k.l.o.ProgramSV     Match failed: Former match of  SchemaVariable incompatible with  the current match. 
42633      INFO  main            d.u.i.k.p.r.p.TestFile    ... finished proof: closed. 
42811      INFO  main            d.u.i.k.p.i.AbstractProblemLoader Loading environment from /home/runner/work/key/key/key.core/../key.ui/examples/completionscopes/testCcatchContinueLabelWildcard.key.proof 
42811      DEBUG main            d.u.i.k.p.i.AbstractProblemLoader Environment load took 159ns 
42812      INFO  main            d.u.i.k.p.i.AbstractProblemLoader Creating init config 
45251      DEBUG main            d.u.i.k.p.i.AbstractProblemLoader Init config took 2.44s 
45293      INFO  main            d.u.i.k.p.i.AbstractProblemLoader Replaying proof CompletionScopes[CompletionScopes::testContinueLabelWildcard()].JML normal_behavior operation contract.0 
45308      DEBUG main            d.u.i.k.p.i.IntermediateProofReplayer Proof replay took 9.29ms 
45310      DEBUG main            d.u.i.k.p.r.p.TestFile    ... success: reloaded. 
45311      INFO  main            d.u.i.k.p.r.p.TestFile    Now processing file /home/runner/work/key/key/key.core/../key.ui/examples/completionscopes/testCcatchBreakLabelNonmatchingNested.key 
45312      INFO  main            d.u.i.k.p.i.AbstractProblemLoader Loading environment from /home/runner/work/key/key/key.core/../key.ui/examples/completionscopes/testCcatchBreakLabelNonmatchingNested.key 
45312      DEBUG main            d.u.i.k.p.i.AbstractProblemLoader Environment load took 183.3ns 
45313      INFO  main            d.u.i.k.p.i.AbstractProblemLoader Creating init config 
47776      DEBUG main            d.u.i.k.p.i.AbstractProblemLoader Init config took 2.46s 
47816      INFO  main            d.u.i.k.p.i.AbstractProblemLoader Replaying proof CompletionScopes[CompletionScopes::testBreakLabelNonmatchingNested()].JML normal_behavior operation contract.0 
47817      DEBUG main            d.u.i.k.p.i.IntermediateProofReplayer Proof replay took 7.4ns 
47839      DEBUG Thread-22       d.u.i.k.l.o.ProgramSV     Match failed: Former match of  SchemaVariable incompatible with  the current match. 
47840      DEBUG Thread-22       d.u.i.k.l.o.ProgramSV     Match failed: Former match of  SchemaVariable incompatible with  the current match. 
47924      INFO  main            d.u.i.k.p.r.p.TestFile    ... finished proof: closed. 
48105      INFO  main            d.u.i.k.p.i.AbstractProblemLoader Loading environment from /home/runner/work/key/key/key.core/../key.ui/examples/completionscopes/testCcatchBreakLabelNonmatchingNested.key.proof 
48105      DEBUG main            d.u.i.k.p.i.AbstractProblemLoader Environment load took 139.9ns 
48106      INFO  main            d.u.i.k.p.i.AbstractProblemLoader Creating init config 
50512      DEBUG main            d.u.i.k.p.i.AbstractProblemLoader Init config took 2.41s 
50563      INFO  main            d.u.i.k.p.i.AbstractProblemLoader Replaying proof CompletionScopes[CompletionScopes::testBreakLabelNonmatchingNested()].JML normal_behavior operation contract.0 
50587      DEBUG main            d.u.i.k.p.i.IntermediateProofReplayer Proof replay took 19.9ms 
50588      DEBUG main            d.u.i.k.p.r.p.TestFile    ... success: reloaded. 
5143141    INFO  Test worker     d.u.i.k.p.r.RunAllProofsTestUnit Returning from test completionScopes 
5143141    INFO  Test worker     d.u.i.k.p.r.RunAllProofsTestUnit Running test reload_examples 
349        INFO  Timeout watchdog d.u.i.k.p.r.p.ForkedTestFileRunner Timeout watcher launched (2000 secs.) 
361        WARN  main            d.u.i.k.s.ProofSettings   The settings in /home/runner/.key/proof-settings.props are *not* read. 
406        INFO  main            d.u.i.k.p.r.p.TestFile    Now processing file /home/runner/work/key/key/key.core/../key.ui/examples/firstTouch/05-ReverseArray/reverseArray.key 
533        INFO  main            d.u.i.k.p.i.AbstractProblemLoader Loading environment from /home/runner/work/key/key/key.core/../key.ui/examples/firstTouch/05-ReverseArray/reverseArray.key 
560        DEBUG main            d.u.i.k.p.i.AbstractProblemLoader Environment load took 2.07ms 
794        INFO  main            d.u.i.k.p.i.AbstractProblemLoader Creating init config 
1683       DEBUG main            d.u.i.k.j.TypeConverter   No LDT found for Meta 
1683       DEBUG main            d.u.i.k.j.TypeConverter   No LDT found for Meta 
1685       DEBUG main            d.u.i.k.j.TypeConverter   No LDT found for Meta 
1685       DEBUG main            d.u.i.k.j.TypeConverter   No LDT found for Meta 
3061       DEBUG main            d.u.i.k.j.TypeConverter   No LDT found for JavaBigintExpression 
8075       DEBUG main            d.u.i.k.p.i.AbstractProblemLoader Init config took 7.28s 
8220       INFO  main            d.u.i.k.p.i.AbstractProblemLoader Replaying proof ReverseArray[ReverseArray::reverse()].JML normal_behavior operation contract.0 
8288       DEBUG main            d.u.i.k.p.i.IntermediateProofReplayer Proof replay took 40.9ns 
19427      INFO  main            d.u.i.k.p.r.p.TestFile    ... finished proof: closed. 
19700      INFO  main            d.u.i.k.p.i.AbstractProblemLoader Loading environment from /home/runner/work/key/key/key.core/../key.ui/examples/firstTouch/05-ReverseArray/reverseArray.key.proof 
19701      DEBUG main            d.u.i.k.p.i.AbstractProblemLoader Environment load took 960.81ns 
19710      INFO  main            d.u.i.k.p.i.AbstractProblemLoader Creating init config 
22619      DEBUG main            d.u.i.k.p.i.AbstractProblemLoader Init config took 2.91s 
22667      INFO  main            d.u.i.k.p.i.AbstractProblemLoader Replaying proof ReverseArray[ReverseArray::reverse()].JML normal_behavior operation contract.0 
23883      DEBUG main            d.u.i.k.p.i.IntermediateProofReplayer Proof replay took 1.16s 
23894      DEBUG main            d.u.i.k.p.r.p.TestFile    ... success: reloaded. 
23896      INFO  main            d.u.i.k.p.r.p.TestFile    Now processing file /home/runner/work/key/key/key.core/../key.ui/examples/standard_key/arith/saveProofTest.key.proof 
23897      INFO  main            d.u.i.k.p.i.AbstractProblemLoader Loading environment from /home/runner/work/key/key/key.core/../key.ui/examples/standard_key/arith/saveProofTest.key.proof 
23897      DEBUG main            d.u.i.k.p.i.AbstractProblemLoader Environment load took 221.7ns 
23898      INFO  main            d.u.i.k.p.i.AbstractProblemLoader Creating init config 
26490      DEBUG main            d.u.i.k.p.i.AbstractProblemLoader Init config took 2.59s 
26516      INFO  main            d.u.i.k.p.i.AbstractProblemLoader Replaying proof saveProofTest.key.proof 
26523      DEBUG main            d.u.i.k.p.i.IntermediateProofReplayer Proof replay took 3.17ms 
26524      INFO  main            d.u.i.k.p.r.p.TestFile    ... success: loaded 
26525      INFO  main            d.u.i.k.p.r.p.TestFile    Now processing file /home/runner/work/key/key/key.core/../key.ui/examples/heap/permutedSum/perm.proof 
26526      INFO  main            d.u.i.k.p.i.AbstractProblemLoader Loading environment from /home/runner/work/key/key/key.core/../key.ui/examples/heap/permutedSum/perm.proof 
26526      DEBUG main            d.u.i.k.p.i.AbstractProblemLoader Environment load took 313.6ns 
26529      INFO  main            d.u.i.k.p.i.AbstractProblemLoader Creating init config 
29292      DEBUG main            d.u.i.k.p.i.AbstractProblemLoader Init config took 2.76s 
29363      INFO  main            d.u.i.k.p.i.AbstractProblemLoader Replaying proof Perm[Perm::foo()].JML normal_behavior operation contract.0 
30551      DEBUG main            d.u.i.k.p.i.IntermediateProofReplayer Proof replay took 1.14s 
30553      INFO  main            d.u.i.k.p.r.p.TestFile    ... success: loaded 
30555      INFO  main            d.u.i.k.p.r.p.TestFile    Now processing file /home/runner/work/key/key/key.core/../key.ui/examples/firstTouch/05-ReverseArray/reverseArray.proof 
30555      INFO  main            d.u.i.k.p.i.AbstractProblemLoader Loading environment from /home/runner/work/key/key/key.core/../key.ui/examples/firstTouch/05-ReverseArray/reverseArray.proof 
30555      DEBUG main            d.u.i.k.p.i.AbstractProblemLoader Environment load took 258.7ns 
30558      INFO  main            d.u.i.k.p.i.AbstractProblemLoader Creating init config 
33247      DEBUG main            d.u.i.k.p.i.AbstractProblemLoader Init config took 2.69s 
33287      INFO  main            d.u.i.k.p.i.AbstractProblemLoader Replaying proof ReverseArray[ReverseArray::reverse()].JML normal_behavior operation contract.0 
34381      DEBUG main            d.u.i.k.p.i.IntermediateProofReplayer Proof replay took 1.06s 
34387      INFO  main            d.u.i.k.p.r.p.TestFile    ... success: loaded 
34388      INFO  main            d.u.i.k.p.r.p.TestFile    Now processing file /home/runner/work/key/key/key.core/../key.ui/examples/heap/verifyThis15_1_RelaxedPrefix/relax.proof 
34389      INFO  main            d.u.i.k.p.i.AbstractProblemLoader Loading environment from /home/runner/work/key/key/key.core/../key.ui/examples/heap/verifyThis15_1_RelaxedPrefix/relax.proof 
34389      DEBUG main            d.u.i.k.p.i.AbstractProblemLoader Environment load took 202.9ns 
34391      INFO  main            d.u.i.k.p.i.AbstractProblemLoader Creating init config 
36980      DEBUG main            d.u.i.k.p.i.AbstractProblemLoader Init config took 2.59s 
37027      INFO  main            d.u.i.k.p.i.AbstractProblemLoader Replaying proof Relaxed[Relaxed::isRelaxedPrefix([I,[I)].JML operation contract.0 
37556      DEBUG main            d.u.i.k.p.i.IntermediateProofReplayer Proof replay took 487.27ms 
37557      INFO  main            d.u.i.k.p.r.p.TestFile    ... success: loaded 
37559      INFO  main            d.u.i.k.p.r.p.TestFile    Now processing file /home/runner/work/key/key/key.core/../key.ui/examples/heap/verifyThis15_3_DLL/doUndo.proof 
37559      INFO  main            d.u.i.k.p.i.AbstractProblemLoader Loading environment from /home/runner/work/key/key/key.core/../key.ui/examples/heap/verifyThis15_3_DLL/doUndo.proof 
37559      DEBUG main            d.u.i.k.p.i.AbstractProblemLoader Environment load took 201.8ns 
37561      INFO  main            d.u.i.k.p.i.AbstractProblemLoader Creating init config 
38518      DEBUG main            d.u.i.k.j.r.ClassPreparationMethodBuilder clPrepBuilder: Inner Class detected. Reject building class initialisation methods. 
40416      DEBUG main            d.u.i.k.p.i.AbstractProblemLoader Init config took 2.85s 
40493      INFO  main            d.u.i.k.p.i.AbstractProblemLoader Replaying proof DoubleLinkedList[DoubleLinkedList::doUndo(DoubleLinkedList.Node,int)].JML normal_behavior operation contract.0 
41266      DEBUG main            d.u.i.k.p.i.IntermediateProofReplayer Proof replay took 741.32ms 
41268      INFO  main            d.u.i.k.p.r.p.TestFile    ... success: loaded 
41269      INFO  main            d.u.i.k.p.r.p.TestFile    Now processing file /home/runner/work/key/key/key.core/../key.ui/examples/heap/verifyThis15_2_ParallelGcd/parallelGcd.proof 
41270      INFO  main            d.u.i.k.p.i.AbstractProblemLoader Loading environment from /home/runner/work/key/key/key.core/../key.ui/examples/heap/verifyThis15_2_ParallelGcd/parallelGcd.proof 
41270      DEBUG main            d.u.i.k.p.i.AbstractProblemLoader Environment load took 191.3ns 
41272      INFO  main            d.u.i.k.p.i.AbstractProblemLoader Creating init config 
43962      DEBUG main            d.u.i.k.p.i.AbstractProblemLoader Init config took 2.69s 
44014      INFO  main            d.u.i.k.p.i.AbstractProblemLoader Replaying proof ParallelGcd[ParallelGcd::parallelGcd(int,int,[Z)].JML behavior operation contract.0 
44599      DEBUG main            d.u.i.k.p.i.IntermediateProofReplayer Proof replay took 570.06ms 
44601      INFO  main            d.u.i.k.p.r.p.TestFile    ... success: loaded 
5187933    INFO  Test worker     d.u.i.k.p.r.RunAllProofsTestUnit Returning from test reload_examples 
5187936    INFO  Test worker     d.u.i.k.p.r.RunAllProofsTestUnit Running test proofLoadRepair 
314        INFO  Timeout watchdog d.u.i.k.p.r.p.ForkedTestFileRunner Timeout watcher launched (2000 secs.) 
326        WARN  main            d.u.i.k.s.ProofSettings   The settings in /home/runner/.key/proof-settings.props are *not* read. 
373        INFO  main            d.u.i.k.p.r.p.TestFile    Now processing file /home/runner/work/key/key/key.core/../key.ui/examples/proofLoadRepair/disjConj-manipulated.proof 
487        INFO  main            d.u.i.k.p.i.AbstractProblemLoader Loading environment from /home/runner/work/key/key/key.core/../key.ui/examples/proofLoadRepair/disjConj-manipulated.proof 
511        DEBUG main            d.u.i.k.p.i.AbstractProblemLoader Environment load took 1.99ms 
741        INFO  main            d.u.i.k.p.i.AbstractProblemLoader Creating init config 
1538       DEBUG main            d.u.i.k.j.TypeConverter   No LDT found for Meta 
1539       DEBUG main            d.u.i.k.j.TypeConverter   No LDT found for Meta 
1540       DEBUG main            d.u.i.k.j.TypeConverter   No LDT found for Meta 
1540       DEBUG main            d.u.i.k.j.TypeConverter   No LDT found for Meta 
2954       DEBUG main            d.u.i.k.j.TypeConverter   No LDT found for JavaBigintExpression 
7844       DEBUG main            d.u.i.k.p.i.AbstractProblemLoader Init config took 7.1s 
7904       INFO  main            d.u.i.k.p.i.AbstractProblemLoader Replaying proof disjConj-manipulated.proof 
7951       WARN  main            d.u.i.k.p.i.IntermediateProofReplayer Proof contains wrong number of \assumes instatiations for andLeft 
7952       WARN  main            d.u.i.k.p.i.IntermediateProofReplayer Proof contains wrong number of \assumes instatiations for replace_known_right 
7956       WARN  main            d.u.i.k.p.i.IntermediateProofReplayer Proof contains wrong number of \assumes instatiations for close 
7957       DEBUG main            d.u.i.k.p.i.IntermediateProofReplayer Proof replay took 18.25ms 
7961       INFO  main            d.u.i.k.p.r.p.TestFile    ... success: loaded 
7965       INFO  main            d.u.i.k.p.r.p.TestFile    Now processing file /home/runner/work/key/key/key.core/../key.ui/examples/proofLoadRepair/insufficient-manipulated.proof 
7965       INFO  main            d.u.i.k.p.i.AbstractProblemLoader Loading environment from /home/runner/work/key/key/key.core/../key.ui/examples/proofLoadRepair/insufficient-manipulated.proof 
7966       DEBUG main            d.u.i.k.p.i.AbstractProblemLoader Environment load took 664.71ns 
7970       INFO  main            d.u.i.k.p.i.AbstractProblemLoader Creating init config 
10699      DEBUG main            d.u.i.k.p.i.AbstractProblemLoader Init config took 2.73s 
10715      INFO  main            d.u.i.k.p.i.AbstractProblemLoader Replaying proof insufficient-manipulated.proof 
10734      WARN  main            d.u.i.k.p.i.IntermediateProofReplayer Proof contains wrong number of \assumes instatiations for applyEq 
10744      DEBUG main            d.u.i.k.p.i.IntermediateProofReplayer Proof replay took 12.49ms 
10746      INFO  main            d.u.i.k.p.r.p.TestFile    ... success: loading failed 
10748      INFO  main            d.u.i.k.p.r.p.TestFile    Now processing file /home/runner/work/key/key/key.core/../key.ui/examples/../../key.core/src/test/resources/testcase/issues/1716/incorrectPolarity.proof 
10748      INFO  main            d.u.i.k.p.i.AbstractProblemLoader Loading environment from /home/runner/work/key/key/key.core/../key.ui/examples/../../key.core/src/test/resources/testcase/issues/1716/incorrectPolarity.proof 
10748      DEBUG main            d.u.i.k.p.i.AbstractProblemLoader Environment load took 201.6ns 
10750      INFO  main            d.u.i.k.p.i.AbstractProblemLoader Creating init config 
13637      DEBUG main            d.u.i.k.p.i.AbstractProblemLoader Init config took 2.89s 
13667      INFO  main            d.u.i.k.p.i.AbstractProblemLoader Replaying proof incorrectPolarity.proof 
13669      DEBUG main            d.u.i.k.p.i.IntermediateProofReplayer Proof replay took 215.1ns 
13670      INFO  main            d.u.i.k.p.r.p.TestFile    ... success: loading failed 
13671      INFO  main            d.u.i.k.p.r.p.TestFile    Now processing file /home/runner/work/key/key/key.core/../key.ui/examples/../../key.core/src/test/resources/testcase/issues/1716/incorrectPolarity2.proof 
13672      INFO  main            d.u.i.k.p.i.AbstractProblemLoader Loading environment from /home/runner/work/key/key/key.core/../key.ui/examples/../../key.core/src/test/resources/testcase/issues/1716/incorrectPolarity2.proof 
13672      DEBUG main            d.u.i.k.p.i.AbstractProblemLoader Environment load took 194ns 
13673      INFO  main            d.u.i.k.p.i.AbstractProblemLoader Creating init config 
16249      DEBUG main            d.u.i.k.p.i.AbstractProblemLoader Init config took 2.58s 
16273      INFO  main            d.u.i.k.p.i.AbstractProblemLoader Replaying proof incorrectPolarity2.proof 
16276      DEBUG main            d.u.i.k.p.i.IntermediateProofReplayer Proof replay took 422.71ns 
16276      INFO  main            d.u.i.k.p.r.p.TestFile    ... success: loading failed 
16277      INFO  main            d.u.i.k.p.r.p.TestFile    Now processing file /home/runner/work/key/key/key.core/../key.ui/examples/../../key.core/src/test/resources/testcase/issues/1716/incorrectPolarity3.proof 
16278      INFO  main            d.u.i.k.p.i.AbstractProblemLoader Loading environment from /home/runner/work/key/key/key.core/../key.ui/examples/../../key.core/src/test/resources/testcase/issues/1716/incorrectPolarity3.proof 
16278      DEBUG main            d.u.i.k.p.i.AbstractProblemLoader Environment load took 126.1ns 
16279      INFO  main            d.u.i.k.p.i.AbstractProblemLoader Creating init config 
18817      DEBUG main            d.u.i.k.p.i.AbstractProblemLoader Init config took 2.54s 
18839      INFO  main            d.u.i.k.p.i.AbstractProblemLoader Replaying proof incorrectPolarity3.proof 
18843      DEBUG main            d.u.i.k.p.i.IntermediateProofReplayer Proof replay took 1.8ms 
18844      INFO  main            d.u.i.k.p.r.p.TestFile    ... success: loading failed 
5206959    INFO  Test worker     d.u.i.k.p.r.RunAllProofsTestUnit Returning from test proofLoadRepair 
5206960    INFO  Test worker     d.u.i.k.p.r.RunAllProofsTestUnit Running test switch 
357        INFO  Timeout watchdog d.u.i.k.p.r.p.ForkedTestFileRunner Timeout watcher launched (2000 secs.) 
371        WARN  main            d.u.i.k.s.ProofSettings   The settings in /home/runner/.key/proof-settings.props are *not* read. 
405        INFO  main            d.u.i.k.p.r.p.TestFile    Now processing file /home/runner/work/key/key/key.core/../key.ui/examples/standard_key/java_dl/switch/labeled_case.key 
533        INFO  main            d.u.i.k.p.i.AbstractProblemLoader Loading environment from /home/runner/work/key/key/key.core/../key.ui/examples/standard_key/java_dl/switch/labeled_case.key 
556        DEBUG main            d.u.i.k.p.i.AbstractProblemLoader Environment load took 3.33ms 
782        INFO  main            d.u.i.k.p.i.AbstractProblemLoader Creating init config 
1644       DEBUG main            d.u.i.k.j.TypeConverter   No LDT found for Meta 
1645       DEBUG main            d.u.i.k.j.TypeConverter   No LDT found for Meta 
1646       DEBUG main            d.u.i.k.j.TypeConverter   No LDT found for Meta 
1646       DEBUG main            d.u.i.k.j.TypeConverter   No LDT found for Meta 
2952       DEBUG main            d.u.i.k.j.TypeConverter   No LDT found for JavaBigintExpression 
7967       DEBUG main            d.u.i.k.p.i.AbstractProblemLoader Init config took 7.19s 
8162       INFO  main            d.u.i.k.p.i.AbstractProblemLoader Replaying proof LabeledCase[LabeledCase::m(int)].JML normal_behavior operation contract.0 
8198       DEBUG main            d.u.i.k.p.i.IntermediateProofReplayer Proof replay took 34.4ns 
8836       INFO  main            d.u.i.k.p.r.p.TestFile    ... finished proof: closed. 
8950       INFO  main            d.u.i.k.p.i.AbstractProblemLoader Loading environment from /home/runner/work/key/key/key.core/../key.ui/examples/standard_key/java_dl/switch/labeled_case.key.proof 
8950       DEBUG main            d.u.i.k.p.i.AbstractProblemLoader Environment load took 178ns 
8955       INFO  main            d.u.i.k.p.i.AbstractProblemLoader Creating init config 
11761      DEBUG main            d.u.i.k.p.i.AbstractProblemLoader Init config took 2.81s 
11836      INFO  main            d.u.i.k.p.i.AbstractProblemLoader Replaying proof LabeledCase[LabeledCase::m(int)].JML normal_behavior operation contract.0 
11902      DEBUG main            d.u.i.k.p.i.IntermediateProofReplayer Proof replay took 60.33ms 
11917      DEBUG main            d.u.i.k.p.r.p.TestFile    ... success: reloaded. 
11921      INFO  main            d.u.i.k.p.r.p.TestFile    Now processing file /home/runner/work/key/key/key.core/../key.ui/examples/standard_key/java_dl/switch/empty_switch.key 
11922      INFO  main            d.u.i.k.p.i.AbstractProblemLoader Loading environment from /home/runner/work/key/key/key.core/../key.ui/examples/standard_key/java_dl/switch/empty_switch.key 
11922      DEBUG main            d.u.i.k.p.i.AbstractProblemLoader Environment load took 229.6ns 
11924      INFO  main            d.u.i.k.p.i.AbstractProblemLoader Creating init config 
14643      DEBUG main            d.u.i.k.p.i.AbstractProblemLoader Init config took 2.72s 
14673      INFO  main            d.u.i.k.p.i.AbstractProblemLoader Replaying proof empty_switch.key 
14676      DEBUG main            d.u.i.k.p.i.IntermediateProofReplayer Proof replay took 8.4ns 
14780      INFO  main            d.u.i.k.p.r.p.TestFile    ... finished proof: closed. 
14928      INFO  main            d.u.i.k.p.i.AbstractProblemLoader Loading environment from /home/runner/work/key/key/key.core/../key.ui/examples/standard_key/java_dl/switch/empty_switch.key.proof 
14928      DEBUG main            d.u.i.k.p.i.AbstractProblemLoader Environment load took 152.6ns 
14930      INFO  main            d.u.i.k.p.i.AbstractProblemLoader Creating init config 
17438      DEBUG main            d.u.i.k.p.i.AbstractProblemLoader Init config took 2.51s 
17478      INFO  main            d.u.i.k.p.i.AbstractProblemLoader Replaying proof empty_switch.key.proof 
17489      DEBUG main            d.u.i.k.p.i.IntermediateProofReplayer Proof replay took 5.21ms 
17490      DEBUG main            d.u.i.k.p.r.p.TestFile    ... success: reloaded. 
17492      INFO  main            d.u.i.k.p.r.p.TestFile    Now processing file /home/runner/work/key/key/key.core/../key.ui/examples/standard_key/java_dl/switch/empty_switch_null.key 
17492      INFO  main            d.u.i.k.p.i.AbstractProblemLoader Loading environment from /home/runner/work/key/key/key.core/../key.ui/examples/standard_key/java_dl/switch/empty_switch_null.key 
17493      DEBUG main            d.u.i.k.p.i.AbstractProblemLoader Environment load took 201.5ns 
17495      INFO  main            d.u.i.k.p.i.AbstractProblemLoader Creating init config 
20041      DEBUG main            d.u.i.k.p.i.AbstractProblemLoader Init config took 2.55s 
20063      INFO  main            d.u.i.k.p.i.AbstractProblemLoader Replaying proof empty_switch_null.key 
20065      DEBUG main            d.u.i.k.p.i.IntermediateProofReplayer Proof replay took 7.1ns 
20269      INFO  main            d.u.i.k.p.r.p.TestFile    ... finished proof: closed. 
20421      INFO  main            d.u.i.k.p.i.AbstractProblemLoader Loading environment from /home/runner/work/key/key/key.core/../key.ui/examples/standard_key/java_dl/switch/empty_switch_null.key.proof 
20421      DEBUG main            d.u.i.k.p.i.AbstractProblemLoader Environment load took 417.01ns 
20423      INFO  main            d.u.i.k.p.i.AbstractProblemLoader Creating init config 
22905      DEBUG main            d.u.i.k.p.i.AbstractProblemLoader Init config took 2.48s 
22926      INFO  main            d.u.i.k.p.i.AbstractProblemLoader Replaying proof empty_switch_null.key.proof 
22960      DEBUG main            d.u.i.k.p.i.IntermediateProofReplayer Proof replay took 30.3ms 
22961      DEBUG main            d.u.i.k.p.r.p.TestFile    ... success: reloaded. 
22962      INFO  main            d.u.i.k.p.r.p.TestFile    Now processing file /home/runner/work/key/key/key.core/../key.ui/examples/standard_key/java_dl/switch/empty_switch_null_catch.key 
22963      INFO  main            d.u.i.k.p.i.AbstractProblemLoader Loading environment from /home/runner/work/key/key/key.core/../key.ui/examples/standard_key/java_dl/switch/empty_switch_null_catch.key 
22963      DEBUG main            d.u.i.k.p.i.AbstractProblemLoader Environment load took 210.3ns 
22964      INFO  main            d.u.i.k.p.i.AbstractProblemLoader Creating init config 
25483      DEBUG main            d.u.i.k.p.i.AbstractProblemLoader Init config took 2.52s 
25510      INFO  main            d.u.i.k.p.i.AbstractProblemLoader Replaying proof empty_switch_null_catch.key 
25513      DEBUG main            d.u.i.k.p.i.IntermediateProofReplayer Proof replay took 6.3ns 
25717      INFO  main            d.u.i.k.p.r.p.TestFile    ... finished proof: closed. 
25894      INFO  main            d.u.i.k.p.i.AbstractProblemLoader Loading environment from /home/runner/work/key/key/key.core/../key.ui/examples/standard_key/java_dl/switch/empty_switch_null_catch.key.proof 
25896      DEBUG main            d.u.i.k.p.i.AbstractProblemLoader Environment load took 2.51ms 
25898      INFO  main            d.u.i.k.p.i.AbstractProblemLoader Creating init config 
28348      DEBUG main            d.u.i.k.p.i.AbstractProblemLoader Init config took 2.45s 
28370      INFO  main            d.u.i.k.p.i.AbstractProblemLoader Replaying proof empty_switch_null_catch.key.proof 
28407      DEBUG main            d.u.i.k.p.i.IntermediateProofReplayer Proof replay took 33.28ms 
28408      DEBUG main            d.u.i.k.p.r.p.TestFile    ... success: reloaded. 
28409      INFO  main            d.u.i.k.p.r.p.TestFile    Now processing file /home/runner/work/key/key/key.core/../key.ui/examples/standard_key/java_dl/switch/empty_switch_array_out_of_bounds.key 
28409      INFO  main            d.u.i.k.p.i.AbstractProblemLoader Loading environment from /home/runner/work/key/key/key.core/../key.ui/examples/standard_key/java_dl/switch/empty_switch_array_out_of_bounds.key 
28410      DEBUG main            d.u.i.k.p.i.AbstractProblemLoader Environment load took 179.9ns 
28411      INFO  main            d.u.i.k.p.i.AbstractProblemLoader Creating init config 
30892      DEBUG main            d.u.i.k.p.i.AbstractProblemLoader Init config took 2.48s 
30914      INFO  main            d.u.i.k.p.i.AbstractProblemLoader Replaying proof empty_switch_array_out_of_bounds.key 
30917      DEBUG main            d.u.i.k.p.i.IntermediateProofReplayer Proof replay took 7.4ns 
31121      INFO  main            d.u.i.k.p.r.p.TestFile    ... finished proof: closed. 
31292      INFO  main            d.u.i.k.p.i.AbstractProblemLoader Loading environment from /home/runner/work/key/key/key.core/../key.ui/examples/standard_key/java_dl/switch/empty_switch_array_out_of_bounds.key.proof 
31293      DEBUG main            d.u.i.k.p.i.AbstractProblemLoader Environment load took 162.5ns 
31294      INFO  main            d.u.i.k.p.i.AbstractProblemLoader Creating init config 
33764      DEBUG main            d.u.i.k.p.i.AbstractProblemLoader Init config took 2.47s 
33786      INFO  main            d.u.i.k.p.i.AbstractProblemLoader Replaying proof empty_switch_array_out_of_bounds.key.proof 
33838      DEBUG main            d.u.i.k.p.i.IntermediateProofReplayer Proof replay took 49.37ms 
33839      DEBUG main            d.u.i.k.p.r.p.TestFile    ... success: reloaded. 
33840      INFO  main            d.u.i.k.p.r.p.TestFile    Now processing file /home/runner/work/key/key/key.core/../key.ui/examples/standard_key/java_dl/switch/empty_switch_array_out_of_bounds_catch.key 
33841      INFO  main            d.u.i.k.p.i.AbstractProblemLoader Loading environment from /home/runner/work/key/key/key.core/../key.ui/examples/standard_key/java_dl/switch/empty_switch_array_out_of_bounds_catch.key 
33841      DEBUG main            d.u.i.k.p.i.AbstractProblemLoader Environment load took 182.9ns 
33842      INFO  main            d.u.i.k.p.i.AbstractProblemLoader Creating init config 
36253      DEBUG main            d.u.i.k.p.i.AbstractProblemLoader Init config took 2.41s 
36275      INFO  main            d.u.i.k.p.i.AbstractProblemLoader Replaying proof empty_switch_array_out_of_bounds_catch.key 
36278      DEBUG main            d.u.i.k.p.i.IntermediateProofReplayer Proof replay took 9.1ns 
36481      INFO  main            d.u.i.k.p.r.p.TestFile    ... finished proof: closed. 
36659      INFO  main            d.u.i.k.p.i.AbstractProblemLoader Loading environment from /home/runner/work/key/key/key.core/../key.ui/examples/standard_key/java_dl/switch/empty_switch_array_out_of_bounds_catch.key.proof 
36659      DEBUG main            d.u.i.k.p.i.AbstractProblemLoader Environment load took 169.4ns 
36660      INFO  main            d.u.i.k.p.i.AbstractProblemLoader Creating init config 
39049      DEBUG main            d.u.i.k.p.i.AbstractProblemLoader Init config took 2.39s 
39072      INFO  main            d.u.i.k.p.i.AbstractProblemLoader Replaying proof empty_switch_array_out_of_bounds_catch.key.proof 
39110      DEBUG main            d.u.i.k.p.i.IntermediateProofReplayer Proof replay took 34.88ms 
39112      DEBUG main            d.u.i.k.p.r.p.TestFile    ... success: reloaded. 
39113      INFO  main            d.u.i.k.p.r.p.TestFile    Now processing file /home/runner/work/key/key/key.core/../key.ui/examples/standard_key/java_dl/switch/switch_in_switch.key 
39113      INFO  main            d.u.i.k.p.i.AbstractProblemLoader Loading environment from /home/runner/work/key/key/key.core/../key.ui/examples/standard_key/java_dl/switch/switch_in_switch.key 
39113      DEBUG main            d.u.i.k.p.i.AbstractProblemLoader Environment load took 190.7ns 
39114      INFO  main            d.u.i.k.p.i.AbstractProblemLoader Creating init config 
41650      DEBUG main            d.u.i.k.p.i.AbstractProblemLoader Init config took 2.54s 
41696      INFO  main            d.u.i.k.p.i.AbstractProblemLoader Replaying proof SwitchInSwitch[SwitchInSwitch::m(int)].JML normal_behavior operation contract.0 
41697      DEBUG main            d.u.i.k.p.i.IntermediateProofReplayer Proof replay took 10.2ns 
45898      INFO  main            d.u.i.k.p.r.p.TestFile    ... finished proof: closed. 
46170      INFO  main            d.u.i.k.p.i.AbstractProblemLoader Loading environment from /home/runner/work/key/key/key.core/../key.ui/examples/standard_key/java_dl/switch/switch_in_switch.key.proof 
46172      DEBUG main            d.u.i.k.p.i.AbstractProblemLoader Environment load took 2.72ms 
46175      INFO  main            d.u.i.k.p.i.AbstractProblemLoader Creating init config 
48630      DEBUG main            d.u.i.k.p.i.AbstractProblemLoader Init config took 2.46s 
48688      INFO  main            d.u.i.k.p.i.AbstractProblemLoader Replaying proof SwitchInSwitch[SwitchInSwitch::m(int)].JML normal_behavior operation contract.0 
49221      DEBUG main            d.u.i.k.p.i.IntermediateProofReplayer Proof replay took 497.91ms 
49223      DEBUG main            d.u.i.k.p.r.p.TestFile    ... success: reloaded. 
49224      INFO  main            d.u.i.k.p.r.p.TestFile    Now processing file /home/runner/work/key/key/key.core/../key.ui/examples/standard_key/java_dl/switch/while_and_switch.key 
49224      INFO  main            d.u.i.k.p.i.AbstractProblemLoader Loading environment from /home/runner/work/key/key/key.core/../key.ui/examples/standard_key/java_dl/switch/while_and_switch.key 
49225      DEBUG main            d.u.i.k.p.i.AbstractProblemLoader Environment load took 237.6ns 
49226      INFO  main            d.u.i.k.p.i.AbstractProblemLoader Creating init config 
51752      DEBUG main            d.u.i.k.p.i.AbstractProblemLoader Init config took 2.53s 
51794      INFO  main            d.u.i.k.p.i.AbstractProblemLoader Replaying proof WhileAndSwitch[WhileAndSwitch::m(int)].JML normal_behavior operation contract.0 
51797      DEBUG main            d.u.i.k.p.i.IntermediateProofReplayer Proof replay took 8.4ns 
52501      INFO  main            d.u.i.k.p.r.p.TestFile    ... finished proof: closed. 
52718      INFO  main            d.u.i.k.p.i.AbstractProblemLoader Loading environment from /home/runner/work/key/key/key.core/../key.ui/examples/standard_key/java_dl/switch/while_and_switch.key.proof 
52718      DEBUG main            d.u.i.k.p.i.AbstractProblemLoader Environment load took 146.2ns 
52719      INFO  main            d.u.i.k.p.i.AbstractProblemLoader Creating init config 
55253      DEBUG main            d.u.i.k.p.i.AbstractProblemLoader Init config took 2.53s 
55311      INFO  main            d.u.i.k.p.i.AbstractProblemLoader Replaying proof WhileAndSwitch[WhileAndSwitch::m(int)].JML normal_behavior operation contract.0 
55478      DEBUG main            d.u.i.k.p.i.IntermediateProofReplayer Proof replay took 160.52ms 
55480      DEBUG main            d.u.i.k.p.r.p.TestFile    ... success: reloaded. 
55481      INFO  main            d.u.i.k.p.r.p.TestFile    Now processing file /home/runner/work/key/key/key.core/../key.ui/examples/standard_key/java_dl/switch/large_switch.key 
55481      INFO  main            d.u.i.k.p.i.AbstractProblemLoader Loading environment from /home/runner/work/key/key/key.core/../key.ui/examples/standard_key/java_dl/switch/large_switch.key 
55481      DEBUG main            d.u.i.k.p.i.AbstractProblemLoader Environment load took 196.8ns 
55482      INFO  main            d.u.i.k.p.i.AbstractProblemLoader Creating init config 
57919      DEBUG main            d.u.i.k.p.i.AbstractProblemLoader Init config took 2.44s 
57960      INFO  main            d.u.i.k.p.i.AbstractProblemLoader Replaying proof LargeSwitch[LargeSwitch::m(int)].JML normal_behavior operation contract.0 
57961      DEBUG main            d.u.i.k.p.i.IntermediateProofReplayer Proof replay took 8.5ns 
59293      INFO  main            d.u.i.k.p.r.p.TestFile    ... finished proof: closed. 
59529      INFO  main            d.u.i.k.p.i.AbstractProblemLoader Loading environment from /home/runner/work/key/key/key.core/../key.ui/examples/standard_key/java_dl/switch/large_switch.key.proof 
59534      DEBUG main            d.u.i.k.p.i.AbstractProblemLoader Environment load took 5.23ms 
59536      INFO  main            d.u.i.k.p.i.AbstractProblemLoader Creating init config 
61996      DEBUG main            d.u.i.k.p.i.AbstractProblemLoader Init config took 2.46s 
62064      INFO  main            d.u.i.k.p.i.AbstractProblemLoader Replaying proof LargeSwitch[LargeSwitch::m(int)].JML normal_behavior operation contract.0 
62414      DEBUG main            d.u.i.k.p.i.IntermediateProofReplayer Proof replay took 319.74ms 
62416      DEBUG main            d.u.i.k.p.r.p.TestFile    ... success: reloaded. 
5269558    INFO  Test worker     d.u.i.k.p.r.RunAllProofsTestUnit Returning from test switch 
5269559    INFO  Test worker     d.u.i.k.p.r.RunAllProofsTestUnit Running test redux 
351        INFO  Timeout watchdog d.u.i.k.p.r.p.ForkedTestFileRunner Timeout watcher launched (2000 secs.) 
368        WARN  main            d.u.i.k.s.ProofSettings   The settings in /home/runner/.key/proof-settings.props are *not* read. 
404        INFO  main            d.u.i.k.p.r.p.TestFile    Now processing file /home/runner/work/key/key/key.core/../key.ui/examples/redux/arrays/Arrays.copyOf.key 
522        INFO  main            d.u.i.k.p.i.AbstractProblemLoader Loading environment from /home/runner/work/key/key/key.core/../key.ui/examples/redux/arrays/Arrays.copyOf.key 
539        DEBUG main            d.u.i.k.p.i.AbstractProblemLoader Environment load took 2.26ms 
763        INFO  main            d.u.i.k.p.i.AbstractProblemLoader Creating init config 
1659       DEBUG main            d.u.i.k.j.TypeConverter   No LDT found for Meta 
1659       DEBUG main            d.u.i.k.j.TypeConverter   No LDT found for Meta 
1667       DEBUG main            d.u.i.k.j.TypeConverter   No LDT found for Meta 
1667       DEBUG main            d.u.i.k.j.TypeConverter   No LDT found for Meta 
3190       DEBUG main            d.u.i.k.j.TypeConverter   No LDT found for JavaBigintExpression 
8648       DEBUG main            d.u.i.k.p.i.AbstractProblemLoader Init config took 7.88s 
8785       INFO  main            d.u.i.k.p.i.AbstractProblemLoader Replaying proof Arrays[Arrays::copyOf([I,int)].JML normal_behavior operation contract.0 
8820       DEBUG main            d.u.i.k.p.i.IntermediateProofReplayer Proof replay took 37.3ns 
14409      INFO  main            d.u.i.k.p.r.p.TestFile    ... finished proof: closed. 
14596      INFO  main            d.u.i.k.p.i.AbstractProblemLoader Loading environment from /home/runner/work/key/key/key.core/../key.ui/examples/redux/arrays/Arrays.copyOf.key.proof 
14599      DEBUG main            d.u.i.k.p.i.AbstractProblemLoader Environment load took 2.9ms 
14603      INFO  main            d.u.i.k.p.i.AbstractProblemLoader Creating init config 
18017      DEBUG main            d.u.i.k.p.i.AbstractProblemLoader Init config took 3.41s 
18079      INFO  main            d.u.i.k.p.i.AbstractProblemLoader Replaying proof Arrays[Arrays::copyOf([I,int)].JML normal_behavior operation contract.0 
18724      DEBUG main            d.u.i.k.p.i.IntermediateProofReplayer Proof replay took 623.1ms 
18736      DEBUG main            d.u.i.k.p.r.p.TestFile    ... success: reloaded. 
18738      INFO  main            d.u.i.k.p.r.p.TestFile    Now processing file /home/runner/work/key/key/key.core/../key.ui/examples/redux/arrays/Arrays.copyOf.float.key 
18738      INFO  main            d.u.i.k.p.i.AbstractProblemLoader Loading environment from /home/runner/work/key/key/key.core/../key.ui/examples/redux/arrays/Arrays.copyOf.float.key 
18738      DEBUG main            d.u.i.k.p.i.AbstractProblemLoader Environment load took 196ns 
18742      INFO  main            d.u.i.k.p.i.AbstractProblemLoader Creating init config 
22035      DEBUG main            d.u.i.k.p.i.AbstractProblemLoader Init config took 3.29s 
22091      INFO  main            d.u.i.k.p.i.AbstractProblemLoader Replaying proof Arrays[Arrays::copyOf([F,int)].JML normal_behavior operation contract.0 
22093      DEBUG main            d.u.i.k.p.i.IntermediateProofReplayer Proof replay took 7.7ns 
22145      DEBUG main            d.u.i.k.m.s.ProofScriptEngine 1: 'macro autopilot' 
26765      DEBUG main            d.u.i.k.m.s.ProofScriptEngine 2: 'smt solver=Z3' 
26853      INFO  main            d.u.i.k.m.s.SMTCommand    Finished run on goal 17 in 44ms, result is valid 
26853      DEBUG main            d.u.i.k.m.s.ProofScriptEngine 3: 'tryclose' 
28648      INFO  main            d.u.i.k.p.r.p.TestFile    ... finished proof: closed. 
28863      INFO  main            d.u.i.k.p.i.AbstractProblemLoader Loading environment from /home/runner/work/key/key/key.core/../key.ui/examples/redux/arrays/Arrays.copyOf.float.key.proof 
28864      DEBUG main            d.u.i.k.p.i.AbstractProblemLoader Environment load took 588.51ns 
28869      INFO  main            d.u.i.k.p.i.AbstractProblemLoader Creating init config 
31933      DEBUG main            d.u.i.k.p.i.AbstractProblemLoader Init config took 3.06s 
32005      INFO  main            d.u.i.k.p.i.AbstractProblemLoader Replaying proof Arrays[Arrays::copyOf([F,int)].JML normal_behavior operation contract.0 
32105      INFO  main            d.u.i.k.s.SMTFocusResults Analyzing unsat core: (L_6) 
32761      DEBUG main            d.u.i.k.p.i.IntermediateProofReplayer Proof replay took 725.94ms 
32763      DEBUG main            d.u.i.k.p.r.p.TestFile    ... success: reloaded. 
32764      INFO  main            d.u.i.k.p.r.p.TestFile    Now processing file /home/runner/work/key/key/key.core/../key.ui/examples/redux/arrays/Arrays.copyOfRange.key 
32764      INFO  main            d.u.i.k.p.i.AbstractProblemLoader Loading environment from /home/runner/work/key/key/key.core/../key.ui/examples/redux/arrays/Arrays.copyOfRange.key 
32765      DEBUG main            d.u.i.k.p.i.AbstractProblemLoader Environment load took 203.7ns 
32766      INFO  main            d.u.i.k.p.i.AbstractProblemLoader Creating init config 
35927      DEBUG main            d.u.i.k.p.i.AbstractProblemLoader Init config took 3.16s 
35971      INFO  main            d.u.i.k.p.i.AbstractProblemLoader Replaying proof Arrays[Arrays::copyOfRange([I,int,int)].JML normal_behavior operation contract.0 
35973      DEBUG main            d.u.i.k.p.i.IntermediateProofReplayer Proof replay took 6.8ns 
40688      INFO  main            d.u.i.k.p.r.p.TestFile    ... finished proof: closed. 
40947      INFO  main            d.u.i.k.p.i.AbstractProblemLoader Loading environment from /home/runner/work/key/key/key.core/../key.ui/examples/redux/arrays/Arrays.copyOfRange.key.proof 
40948      DEBUG main            d.u.i.k.p.i.AbstractProblemLoader Environment load took 393ns 
40951      INFO  main            d.u.i.k.p.i.AbstractProblemLoader Creating init config 
44035      DEBUG main            d.u.i.k.p.i.AbstractProblemLoader Init config took 3.08s 
44100      INFO  main            d.u.i.k.p.i.AbstractProblemLoader Replaying proof Arrays[Arrays::copyOfRange([I,int,int)].JML normal_behavior operation contract.0 
44679      DEBUG main            d.u.i.k.p.i.IntermediateProofReplayer Proof replay took 554.91ms 
44682      DEBUG main            d.u.i.k.p.r.p.TestFile    ... success: reloaded. 
44683      INFO  main            d.u.i.k.p.r.p.TestFile    Now processing file /home/runner/work/key/key/key.core/../key.ui/examples/redux/arrays/Arrays.copyOfRange.float.key 
44683      INFO  main            d.u.i.k.p.i.AbstractProblemLoader Loading environment from /home/runner/work/key/key/key.core/../key.ui/examples/redux/arrays/Arrays.copyOfRange.float.key 
44683      DEBUG main            d.u.i.k.p.i.AbstractProblemLoader Environment load took 196.2ns 
44684      INFO  main            d.u.i.k.p.i.AbstractProblemLoader Creating init config 
47721      DEBUG main            d.u.i.k.p.i.AbstractProblemLoader Init config took 3.04s 
47764      INFO  main            d.u.i.k.p.i.AbstractProblemLoader Replaying proof Arrays[Arrays::copyOfRange([F,int,int)].JML normal_behavior operation contract.0 
47766      DEBUG main            d.u.i.k.p.i.IntermediateProofReplayer Proof replay took 6.8ns 
47766      DEBUG main            d.u.i.k.m.s.ProofScriptEngine 1: 'macro autopilot' 
53810      DEBUG main            d.u.i.k.m.s.ProofScriptEngine 2: 'smt solver=Z3' 
53859      INFO  main            d.u.i.k.m.s.SMTCommand    Finished run on goal 27 in 36ms, result is valid 
53859      DEBUG main            d.u.i.k.m.s.ProofScriptEngine 3: 'tryclose' 
57516      INFO  main            d.u.i.k.p.r.p.TestFile    ... finished proof: closed. 
57751      INFO  main            d.u.i.k.p.i.AbstractProblemLoader Loading environment from /home/runner/work/key/key/key.core/../key.ui/examples/redux/arrays/Arrays.copyOfRange.float.key.proof 
57751      DEBUG main            d.u.i.k.p.i.AbstractProblemLoader Environment load took 438.31ns 
57754      INFO  main            d.u.i.k.p.i.AbstractProblemLoader Creating init config 
60741      DEBUG main            d.u.i.k.p.i.AbstractProblemLoader Init config took 2.99s 
60784      INFO  main            d.u.i.k.p.i.AbstractProblemLoader Replaying proof Arrays[Arrays::copyOfRange([F,int,int)].JML normal_behavior operation contract.0 
60862      INFO  main            d.u.i.k.s.SMTFocusResults Analyzing unsat core: (L_8) 
61793      DEBUG main            d.u.i.k.p.i.IntermediateProofReplayer Proof replay took 984.15ms 
61795      DEBUG main            d.u.i.k.p.r.p.TestFile    ... success: reloaded. 
61796      INFO  main            d.u.i.k.p.r.p.TestFile    Now processing file /home/runner/work/key/key/key.core/../key.ui/examples/redux/arrays/Arrays.equals.key 
61797      INFO  main            d.u.i.k.p.i.AbstractProblemLoader Loading environment from /home/runner/work/key/key/key.core/../key.ui/examples/redux/arrays/Arrays.equals.key 
61797      DEBUG main            d.u.i.k.p.i.AbstractProblemLoader Environment load took 196.2ns 
61798      INFO  main            d.u.i.k.p.i.AbstractProblemLoader Creating init config 
64893      DEBUG main            d.u.i.k.p.i.AbstractProblemLoader Init config took 3.09s 
64933      INFO  main            d.u.i.k.p.i.AbstractProblemLoader Replaying proof Arrays[Arrays::equals([B,[B)].JML normal_behavior operation contract.0 
64934      DEBUG main            d.u.i.k.p.i.IntermediateProofReplayer Proof replay took 6.7ns 
65449      INFO  main            d.u.i.k.p.r.p.TestFile    ... finished proof: closed. 
65753      INFO  main            d.u.i.k.p.i.AbstractProblemLoader Loading environment from /home/runner/work/key/key/key.core/../key.ui/examples/redux/arrays/Arrays.equals.key.proof 
65754      DEBUG main            d.u.i.k.p.i.AbstractProblemLoader Environment load took 425.31ns 
65755      INFO  main            d.u.i.k.p.i.AbstractProblemLoader Creating init config 
68682      DEBUG main            d.u.i.k.p.i.AbstractProblemLoader Init config took 2.93s 
68735      INFO  main            d.u.i.k.p.i.AbstractProblemLoader Replaying proof Arrays[Arrays::equals([B,[B)].JML normal_behavior operation contract.0 
68883      DEBUG main            d.u.i.k.p.i.IntermediateProofReplayer Proof replay took 144.07ms 
68884      DEBUG main            d.u.i.k.p.r.p.TestFile    ... success: reloaded. 
68885      INFO  main            d.u.i.k.p.r.p.TestFile    Now processing file /home/runner/work/key/key/key.core/../key.ui/examples/redux/arrays/Arrays.fill.key 
68885      INFO  main            d.u.i.k.p.i.AbstractProblemLoader Loading environment from /home/runner/work/key/key/key.core/../key.ui/examples/redux/arrays/Arrays.fill.key 
68886      DEBUG main            d.u.i.k.p.i.AbstractProblemLoader Environment load took 101.9ns 
68886      INFO  main            d.u.i.k.p.i.AbstractProblemLoader Creating init config 
71886      DEBUG main            d.u.i.k.p.i.AbstractProblemLoader Init config took 3s 
71947      INFO  main            d.u.i.k.p.i.AbstractProblemLoader Replaying proof Arrays[Arrays::fill([I,int)].JML normal_behavior operation contract.0 
71949      DEBUG main            d.u.i.k.p.i.IntermediateProofReplayer Proof replay took 7ns 
72154      INFO  main            d.u.i.k.p.r.p.TestFile    ... finished proof: closed. 
72390      INFO  main            d.u.i.k.p.i.AbstractProblemLoader Loading environment from /home/runner/work/key/key/key.core/../key.ui/examples/redux/arrays/Arrays.fill.key.proof 
72390      DEBUG main            d.u.i.k.p.i.AbstractProblemLoader Environment load took 132.6ns 
72391      INFO  main            d.u.i.k.p.i.AbstractProblemLoader Creating init config 
75321      DEBUG main            d.u.i.k.p.i.AbstractProblemLoader Init config took 2.93s 
75361      INFO  main            d.u.i.k.p.i.AbstractProblemLoader Replaying proof Arrays[Arrays::fill([I,int)].JML normal_behavior operation contract.0 
75394      DEBUG main            d.u.i.k.p.i.IntermediateProofReplayer Proof replay took 30.84ms 
75395      DEBUG main            d.u.i.k.p.r.p.TestFile    ... success: reloaded. 
75396      INFO  main            d.u.i.k.p.r.p.TestFile    Now processing file /home/runner/work/key/key/key.core/../key.ui/examples/redux/arrays/Arrays.fill.float.key 
75396      INFO  main            d.u.i.k.p.i.AbstractProblemLoader Loading environment from /home/runner/work/key/key/key.core/../key.ui/examples/redux/arrays/Arrays.fill.float.key 
75397      DEBUG main            d.u.i.k.p.i.AbstractProblemLoader Environment load took 134.7ns 
75397      INFO  main            d.u.i.k.p.i.AbstractProblemLoader Creating init config 
78413      DEBUG main            d.u.i.k.p.i.AbstractProblemLoader Init config took 3.02s 
78468      INFO  main            d.u.i.k.p.i.AbstractProblemLoader Replaying proof Arrays[Arrays::fill([F,float)].JML normal_behavior operation contract.0 
78474      DEBUG main            d.u.i.k.p.i.IntermediateProofReplayer Proof replay took 8.7ns 
78678      INFO  main            d.u.i.k.p.r.p.TestFile    ... finished proof: closed. 
78874      INFO  main            d.u.i.k.p.i.AbstractProblemLoader Loading environment from /home/runner/work/key/key/key.core/../key.ui/examples/redux/arrays/Arrays.fill.float.key.proof 
78874      DEBUG main            d.u.i.k.p.i.AbstractProblemLoader Environment load took 139.8ns 
78875      INFO  main            d.u.i.k.p.i.AbstractProblemLoader Creating init config 
81827      DEBUG main            d.u.i.k.p.i.AbstractProblemLoader Init config took 2.95s 
81871      INFO  main            d.u.i.k.p.i.AbstractProblemLoader Replaying proof Arrays[Arrays::fill([F,float)].JML normal_behavior operation contract.0 
81916      DEBUG main            d.u.i.k.p.i.IntermediateProofReplayer Proof replay took 41.99ms 
81917      DEBUG main            d.u.i.k.p.r.p.TestFile    ... success: reloaded. 
81918      INFO  main            d.u.i.k.p.r.p.TestFile    Now processing file /home/runner/work/key/key/key.core/../key.ui/examples/redux/arrays/Arrays.fillFromTo.key 
81919      INFO  main            d.u.i.k.p.i.AbstractProblemLoader Loading environment from /home/runner/work/key/key/key.core/../key.ui/examples/redux/arrays/Arrays.fillFromTo.key 
81919      DEBUG main            d.u.i.k.p.i.AbstractProblemLoader Environment load took 182.9ns 
81920      INFO  main            d.u.i.k.p.i.AbstractProblemLoader Creating init config 
84934      DEBUG main            d.u.i.k.p.i.AbstractProblemLoader Init config took 3.01s 
84971      INFO  main            d.u.i.k.p.i.AbstractProblemLoader Replaying proof Arrays[Arrays::fill([I,int,int,int)].JML normal_behavior operation contract.0 
84973      DEBUG main            d.u.i.k.p.i.IntermediateProofReplayer Proof replay took 7ns 
85604      INFO  main            d.u.i.k.p.r.p.TestFile    ... finished proof: closed. 
85828      INFO  main            d.u.i.k.p.i.AbstractProblemLoader Loading environment from /home/runner/work/key/key/key.core/../key.ui/examples/redux/arrays/Arrays.fillFromTo.key.proof 
85829      DEBUG main            d.u.i.k.p.i.AbstractProblemLoader Environment load took 428.41ns 
85830      INFO  main            d.u.i.k.p.i.AbstractProblemLoader Creating init config 
88770      DEBUG main            d.u.i.k.p.i.AbstractProblemLoader Init config took 2.94s 
88817      INFO  main            d.u.i.k.p.i.AbstractProblemLoader Replaying proof Arrays[Arrays::fill([I,int,int,int)].JML normal_behavior operation contract.0 
88933      DEBUG main            d.u.i.k.p.i.IntermediateProofReplayer Proof replay took 111.57ms 
88934      DEBUG main            d.u.i.k.p.r.p.TestFile    ... success: reloaded. 
88935      INFO  main            d.u.i.k.p.r.p.TestFile    Now processing file /home/runner/work/key/key/key.core/../key.ui/examples/redux/arrays/Arrays.fillFromTo.float.key 
88935      INFO  main            d.u.i.k.p.i.AbstractProblemLoader Loading environment from /home/runner/work/key/key/key.core/../key.ui/examples/redux/arrays/Arrays.fillFromTo.float.key 
88935      DEBUG main            d.u.i.k.p.i.AbstractProblemLoader Environment load took 178.8ns 
88936      INFO  main            d.u.i.k.p.i.AbstractProblemLoader Creating init config 
91902      DEBUG main            d.u.i.k.p.i.AbstractProblemLoader Init config took 2.97s 
91938      INFO  main            d.u.i.k.p.i.AbstractProblemLoader Replaying proof Arrays[Arrays::fill([F,int,int,float)].JML normal_behavior operation contract.0 
91940      DEBUG main            d.u.i.k.p.i.IntermediateProofReplayer Proof replay took 6.8ns 
92644      INFO  main            d.u.i.k.p.r.p.TestFile    ... finished proof: closed. 
92988      INFO  main            d.u.i.k.p.i.AbstractProblemLoader Loading environment from /home/runner/work/key/key/key.core/../key.ui/examples/redux/arrays/Arrays.fillFromTo.float.key.proof 
92989      DEBUG main            d.u.i.k.p.i.AbstractProblemLoader Environment load took 438.91ns 
92990      INFO  main            d.u.i.k.p.i.AbstractProblemLoader Creating init config 
95896      DEBUG main            d.u.i.k.p.i.AbstractProblemLoader Init config took 2.91s 
95932      INFO  main            d.u.i.k.p.i.AbstractProblemLoader Replaying proof Arrays[Arrays::fill([F,int,int,float)].JML normal_behavior operation contract.0 
96074      DEBUG main            d.u.i.k.p.i.IntermediateProofReplayer Proof replay took 137.34ms 
96075      DEBUG main            d.u.i.k.p.r.p.TestFile    ... success: reloaded. 
96076      INFO  main            d.u.i.k.p.r.p.TestFile    Now processing file /home/runner/work/key/key/key.core/../key.ui/examples/redux/arrays/ArrayCopy.arraycopy.normal.0.key 
96076      INFO  main            d.u.i.k.p.i.AbstractProblemLoader Loading environment from /home/runner/work/key/key/key.core/../key.ui/examples/redux/arrays/ArrayCopy.arraycopy.normal.0.key 
96076      DEBUG main            d.u.i.k.p.i.AbstractProblemLoader Environment load took 97.2ns 
96077      INFO  main            d.u.i.k.p.i.AbstractProblemLoader Creating init config 
99100      DEBUG main            d.u.i.k.p.i.AbstractProblemLoader Init config took 3.02s 
99136      INFO  main            d.u.i.k.p.i.AbstractProblemLoader Replaying proof ArrayCopy[ArrayCopy::arraycopy(java.lang.Object,int,java.lang.Object,int,int)].JML normal_behavior operation contract.0 
99137      DEBUG main            d.u.i.k.p.i.IntermediateProofReplayer Proof replay took 7.4ns 
105602     INFO  main            d.u.i.k.p.r.p.TestFile    ... finished proof: closed. 
105847     INFO  main            d.u.i.k.p.i.AbstractProblemLoader Loading environment from /home/runner/work/key/key/key.core/../key.ui/examples/redux/arrays/ArrayCopy.arraycopy.normal.0.key.proof 
105847     DEBUG main            d.u.i.k.p.i.AbstractProblemLoader Environment load took 405.21ns 
105849     INFO  main            d.u.i.k.p.i.AbstractProblemLoader Creating init config 
108772     DEBUG main            d.u.i.k.p.i.AbstractProblemLoader Init config took 2.92s 
108809     INFO  main            d.u.i.k.p.i.AbstractProblemLoader Replaying proof ArrayCopy[ArrayCopy::arraycopy(java.lang.Object,int,java.lang.Object,int,int)].JML normal_behavior operation contract.0 
109755     DEBUG main            d.u.i.k.p.i.IntermediateProofReplayer Proof replay took 930.33ms 
109758     DEBUG main            d.u.i.k.p.r.p.TestFile    ... success: reloaded. 
109759     INFO  main            d.u.i.k.p.r.p.TestFile    Now processing file /home/runner/work/key/key/key.core/../key.ui/examples/redux/arrays/ArrayCopy.arraycopy.exceptional.0.key 
109759     INFO  main            d.u.i.k.p.i.AbstractProblemLoader Loading environment from /home/runner/work/key/key/key.core/../key.ui/examples/redux/arrays/ArrayCopy.arraycopy.exceptional.0.key 
109759     DEBUG main            d.u.i.k.p.i.AbstractProblemLoader Environment load took 195.3ns 
109760     INFO  main            d.u.i.k.p.i.AbstractProblemLoader Creating init config 
112769     DEBUG main            d.u.i.k.p.i.AbstractProblemLoader Init config took 3.01s 
112804     INFO  main            d.u.i.k.p.i.AbstractProblemLoader Replaying proof ArrayCopy[ArrayCopy::arraycopy(java.lang.Object,int,java.lang.Object,int,int)].JML exceptional_behavior operation contract.0 
112805     DEBUG main            d.u.i.k.p.i.IntermediateProofReplayer Proof replay took 8.7ns 
113208     INFO  main            d.u.i.k.p.r.p.TestFile    ... finished proof: closed. 
113438     INFO  main            d.u.i.k.p.i.AbstractProblemLoader Loading environment from /home/runner/work/key/key/key.core/../key.ui/examples/redux/arrays/ArrayCopy.arraycopy.exceptional.0.key.proof 
113438     DEBUG main            d.u.i.k.p.i.AbstractProblemLoader Environment load took 141.4ns 
113439     INFO  main            d.u.i.k.p.i.AbstractProblemLoader Creating init config 
116393     DEBUG main            d.u.i.k.p.i.AbstractProblemLoader Init config took 2.95s 
116428     INFO  main            d.u.i.k.p.i.AbstractProblemLoader Replaying proof ArrayCopy[ArrayCopy::arraycopy(java.lang.Object,int,java.lang.Object,int,int)].JML exceptional_behavior operation contract.0 
116554     DEBUG main            d.u.i.k.p.i.IntermediateProofReplayer Proof replay took 123.59ms 
116555     DEBUG main            d.u.i.k.p.r.p.TestFile    ... success: reloaded. 
116556     INFO  main            d.u.i.k.p.r.p.TestFile    Now processing file /home/runner/work/key/key/key.core/../key.ui/examples/redux/arrays/ArrayCopy.arraycopy.exceptional.1.key 
116556     INFO  main            d.u.i.k.p.i.AbstractProblemLoader Loading environment from /home/runner/work/key/key/key.core/../key.ui/examples/redux/arrays/ArrayCopy.arraycopy.exceptional.1.key 
116556     DEBUG main            d.u.i.k.p.i.AbstractProblemLoader Environment load took 106.1ns 
116557     INFO  main            d.u.i.k.p.i.AbstractProblemLoader Creating init config 
119489     DEBUG main            d.u.i.k.p.i.AbstractProblemLoader Init config took 2.93s 
119524     INFO  main            d.u.i.k.p.i.AbstractProblemLoader Replaying proof ArrayCopy[ArrayCopy::arraycopy(java.lang.Object,int,java.lang.Object,int,int)].JML exceptional_behavior operation contract.1 
119525     DEBUG main            d.u.i.k.p.i.IntermediateProofReplayer Proof replay took 7ns 
125712     INFO  main            d.u.i.k.p.r.p.TestFile    ... finished proof: closed. 
125966     INFO  main            d.u.i.k.p.i.AbstractProblemLoader Loading environment from /home/runner/work/key/key/key.core/../key.ui/examples/redux/arrays/ArrayCopy.arraycopy.exceptional.1.key.proof 
125966     DEBUG main            d.u.i.k.p.i.AbstractProblemLoader Environment load took 157.7ns 
125969     INFO  main            d.u.i.k.p.i.AbstractProblemLoader Creating init config 
128875     DEBUG main            d.u.i.k.p.i.AbstractProblemLoader Init config took 2.91s 
128910     INFO  main            d.u.i.k.p.i.AbstractProblemLoader Replaying proof ArrayCopy[ArrayCopy::arraycopy(java.lang.Object,int,java.lang.Object,int,int)].JML exceptional_behavior operation contract.1 
130530     DEBUG main            d.u.i.k.p.i.IntermediateProofReplayer Proof replay took 1.6s 
130537     DEBUG main            d.u.i.k.p.r.p.TestFile    ... success: reloaded. 
5400284    INFO  Test worker     d.u.i.k.p.r.RunAllProofsTestUnit Returning from test redux 
]]></system-out>
  <system-err><![CDATA[]]></system-err>
</testsuite>
