<?xml version="1.0" encoding="UTF-8"?>
<testsuite name="de.uka.ilkd.key.nparser.ParseLDTsTests" tests="2" skipped="0" failures="0" errors="0" timestamp="2023-04-05T11:28:00" hostname="fv-az399-738" time="0.836">
  <properties/>
  <testcase name="testLDT()" classname="de.uka.ilkd.key.nparser.ParseLDTsTests" time="0.014"/>
  <testcase name="testSR()" classname="de.uka.ilkd.key.nparser.ParseLDTsTests" time="0.821"/>
  <system-out><![CDATA[175005     INFO  Test worker     d.u.i.k.n.KeyIO           Parsing took 7 ms 
175007     INFO  Test worker     d.u.i.k.n.KeyIO           MODE: declarations took 2 ms 
175390     INFO  Test worker     d.u.i.k.n.KeyIO           Parsing took 377 ms 
175392     INFO  Test worker     d.u.i.k.n.KeyIO           MODE: declarations took 2 ms 
]]></system-out>
  <system-err><![CDATA[]]></system-err>
</testsuite>
