<?xml version="1.0" encoding="UTF-8"?>
<testsuite name="de.uka.ilkd.key.taclettranslation.TestTacletTranslator" tests="5" skipped="0" failures="0" errors="0" timestamp="2023-04-05T11:36:54" hostname="fv-az399-738" time="0.006">
  <properties/>
  <testcase name="testPropositional1()" classname="de.uka.ilkd.key.taclettranslation.TestTacletTranslator" time="0.002"/>
  <testcase name="testPropositional2()" classname="de.uka.ilkd.key.taclettranslation.TestTacletTranslator" time="0.001"/>
  <testcase name="testNegativePolarity()" classname="de.uka.ilkd.key.taclettranslation.TestTacletTranslator" time="0.001"/>
  <testcase name="testNoPolarity()" classname="de.uka.ilkd.key.taclettranslation.TestTacletTranslator" time="0.0"/>
  <testcase name="testPositivePolarity()" classname="de.uka.ilkd.key.taclettranslation.TestTacletTranslator" time="0.0"/>
  <system-out><![CDATA[708893     INFO  Test worker     d.u.i.k.n.KeyIO           Parsing took 0 ms 
708893     INFO  Test worker     d.u.i.k.n.KeyIO           MODE: declarations took 0 ms 
708895     INFO  Test worker     d.u.i.k.n.KeyIO           Parsing took 0 ms 
708895     INFO  Test worker     d.u.i.k.n.KeyIO           MODE: declarations took 0 ms 
708896     INFO  Test worker     d.u.i.k.n.KeyIO           Parsing took 0 ms 
708897     INFO  Test worker     d.u.i.k.n.KeyIO           MODE: declarations took 1 ms 
708898     INFO  Test worker     d.u.i.k.n.KeyIO           Parsing took 1 ms 
708898     INFO  Test worker     d.u.i.k.n.KeyIO           MODE: declarations took 0 ms 
708899     INFO  Test worker     d.u.i.k.n.KeyIO           Parsing took 1 ms 
708899     INFO  Test worker     d.u.i.k.n.KeyIO           MODE: declarations took 0 ms 
]]></system-out>
  <system-err><![CDATA[]]></system-err>
</testsuite>
