<?xml version="1.0" encoding="UTF-8"?>
<testsuite name="de.uka.ilkd.key.parser.TestTacletParser" tests="20" skipped="0" failures="0" errors="0" timestamp="2023-04-05T11:29:29" hostname="fv-az399-738" time="0.069">
  <properties/>
  <testcase name="testAllRight()" classname="de.uka.ilkd.key.parser.TestTacletParser" time="0.002"/>
  <testcase name="testSchemaJava0()" classname="de.uka.ilkd.key.parser.TestTacletParser" time="0.002"/>
  <testcase name="testSchemaJava1()" classname="de.uka.ilkd.key.parser.TestTacletParser" time="0.006"/>
  <testcase name="testSchemaJava2()" classname="de.uka.ilkd.key.parser.TestTacletParser" time="0.002"/>
  <testcase name="testSchemaJava4()" classname="de.uka.ilkd.key.parser.TestTacletParser" time="0.003"/>
  <testcase name="testSchemaJava6()" classname="de.uka.ilkd.key.parser.TestTacletParser" time="0.002"/>
  <testcase name="testSchemaJava8()" classname="de.uka.ilkd.key.parser.TestTacletParser" time="0.002"/>
  <testcase name="testCut()" classname="de.uka.ilkd.key.parser.TestTacletParser" time="0.001"/>
  <testcase name="testMakeInsertEq()" classname="de.uka.ilkd.key.parser.TestTacletParser" time="0.003"/>
  <testcase name="testAllLeft()" classname="de.uka.ilkd.key.parser.TestTacletParser" time="0.003"/>
  <testcase name="testClose()" classname="de.uka.ilkd.key.parser.TestTacletParser" time="0.003"/>
  <testcase name="testSchemaJava10()" classname="de.uka.ilkd.key.parser.TestTacletParser" time="0.002"/>
  <testcase name="testSchemaJava11()" classname="de.uka.ilkd.key.parser.TestTacletParser" time="0.006"/>
  <testcase name="testFIdempotent()" classname="de.uka.ilkd.key.parser.TestTacletParser" time="0.003"/>
  <testcase name="testImpRight()" classname="de.uka.ilkd.key.parser.TestTacletParser" time="0.006"/>
  <testcase name="testVarcondNew()" classname="de.uka.ilkd.key.parser.TestTacletParser" time="0.004"/>
  <testcase name="testFreeReplacewithVariables()" classname="de.uka.ilkd.key.parser.TestTacletParser" time="0.004"/>
  <testcase name="testImpLeft()" classname="de.uka.ilkd.key.parser.TestTacletParser" time="0.002"/>
  <testcase name="testContraposition()" classname="de.uka.ilkd.key.parser.TestTacletParser" time="0.002"/>
  <testcase name="testExConjSplit()" classname="de.uka.ilkd.key.parser.TestTacletParser" time="0.002"/>
  <system-out><![CDATA[263897     INFO  Test worker     d.u.i.k.n.KeyIO           Parsing took 0 ms 
263897     INFO  Test worker     d.u.i.k.n.KeyIO           MODE: declarations took 0 ms 
263898     INFO  Test worker     d.u.i.k.n.KeyIO           Parsing took 0 ms 
263898     INFO  Test worker     d.u.i.k.n.KeyIO           MODE: declarations took 0 ms 
263899     INFO  Test worker     d.u.i.k.n.KeyIO           Parsing took 0 ms 
263899     INFO  Test worker     d.u.i.k.n.KeyIO           MODE: declarations took 0 ms 
263899     INFO  Test worker     d.u.i.k.n.KeyIO           Parsing took 0 ms 
263900     INFO  Test worker     d.u.i.k.n.KeyIO           MODE: declarations took 0 ms 
263901     INFO  Test worker     d.u.i.k.n.KeyIO           Parsing took 0 ms 
263901     INFO  Test worker     d.u.i.k.n.KeyIO           MODE: declarations took 0 ms 
263902     WARN  Test worker     d.u.i.k.n.KeYParser       [syntax-error] <unknown>:2:21: extraneous input '<' expecting {MODALITY, FORALL, EXISTS, '\if', '\ifEx', 'true', 'false', '(', ')', '{', '@', NOT, '-', STRING_LITERAL, CHAR_LITERAL, BIN_LITERAL, HEX_LITERAL, IDENT, INT_LITERAL, FLOAT_LITERAL, DOUBLE_LITERAL, REAL_LITERAL} [@12,22:22='<',<173>,2:21] (argument_list, call, accessterm, primitive_term, primitive_labeled_term, bracket_term, atom_prefix, strong_arith_term_2, strong_arith_term_1, weak_arith_term, comparison_term, equality_term, term60, conjunction_term, disjunction_term, implication_term, equivalence_term, elementary_update_term, parallel_term, term, taclet, rulesOrAxioms, decls, file) 
263904     WARN  Test worker     d.u.i.k.n.KeYParser       [syntax-error] <unknown>:2:23: no viable alternative at input '{..' [@14,24:25='..',<144>,2:23] (atom_prefix, strong_arith_term_2, strong_arith_term_1, weak_arith_term, comparison_term, equality_term, term60, conjunction_term, disjunction_term, implication_term, equivalence_term, elementary_update_term, parallel_term, term, argument_list, call, accessterm, primitive_term, primitive_labeled_term, bracket_term, atom_prefix, strong_arith_term_2, strong_arith_term_1, weak_arith_term, comparison_term, equality_term, term60, conjunction_term, disjunction_term, implication_term, equivalence_term, elementary_update_term, parallel_term, term, taclet, rulesOrAxioms, decls, file) 
263905     WARN  Test worker     d.u.i.k.n.KeYParser       [syntax-error] <unknown>:2:33: mismatched input ';' expecting {',', ')'} [@21,34:34=';',<138>,2:33] (argument_list, call, accessterm, primitive_term, primitive_labeled_term, bracket_term, atom_prefix, strong_arith_term_2, strong_arith_term_1, weak_arith_term, comparison_term, equality_term, term60, conjunction_term, disjunction_term, implication_term, equivalence_term, elementary_update_term, parallel_term, term, taclet, rulesOrAxioms, decls, file) 
263905     WARN  Test worker     d.u.i.k.n.KeYParser       [syntax-error] <unknown>:2:41: no viable alternative at input '#i;' [@26,42:42=';',<138>,2:41] (option_list, taclet, rulesOrAxioms, decls, file) 
263905     WARN  Test worker     d.u.i.k.n.KeYParser       [syntax-error] <unknown>:2:43: mismatched input '<' expecting {'(', '{'} [@28,44:44='<',<173>,2:43] (taclet, rulesOrAxioms, decls, file) 
263906     WARN  Test worker     d.u.i.k.n.KeYParser       [syntax-error] <unknown>:2:47: mismatched input '+' expecting {'(', '{'} [@32,48:48='+',<167>,2:47] (taclet, rulesOrAxioms, decls, file) 
263906     WARN  Test worker     d.u.i.k.n.KeYParser       [syntax-error] <unknown>:2:52: extraneous input '..' expecting {'\lemma', '}', IDENT, '/*!'} [@37,53:54='..',<144>,2:52] (rulesOrAxioms, decls, file) 
263906     WARN  Test worker     d.u.i.k.n.KeYParser       [syntax-error] <unknown>:2:56: mismatched input '>' expecting {<EOF>, '\problem', '\chooseContract', '\proofObligation', '\proof'} [@40,57:57='>',<168>,2:56] (file) 
263907     INFO  Test worker     d.u.i.k.n.KeyIO           Parsing took 1 ms 
263907     INFO  Test worker     d.u.i.k.n.KeyIO           MODE: declarations took 0 ms 
263907     WARN  Test worker     d.u.i.k.n.KeYParser       [syntax-error] <unknown>:2:21: extraneous input '<' expecting {MODALITY, FORALL, EXISTS, '\if', '\ifEx', 'true', 'false', '(', ')', '{', '@', NOT, '-', STRING_LITERAL, CHAR_LITERAL, BIN_LITERAL, HEX_LITERAL, IDENT, INT_LITERAL, FLOAT_LITERAL, DOUBLE_LITERAL, REAL_LITERAL} [@12,22:22='<',<173>,2:21] (argument_list, call, accessterm, primitive_term, primitive_labeled_term, bracket_term, atom_prefix, strong_arith_term_2, strong_arith_term_1, weak_arith_term, comparison_term, equality_term, term60, conjunction_term, disjunction_term, implication_term, equivalence_term, elementary_update_term, parallel_term, term, taclet, rulesOrAxioms, decls, file) 
263908     WARN  Test worker     d.u.i.k.n.KeYParser       [syntax-error] <unknown>:2:23: no viable alternative at input '{..' [@14,24:25='..',<144>,2:23] (atom_prefix, strong_arith_term_2, strong_arith_term_1, weak_arith_term, comparison_term, equality_term, term60, conjunction_term, disjunction_term, implication_term, equivalence_term, elementary_update_term, parallel_term, term, argument_list, call, accessterm, primitive_term, primitive_labeled_term, bracket_term, atom_prefix, strong_arith_term_2, strong_arith_term_1, weak_arith_term, comparison_term, equality_term, term60, conjunction_term, disjunction_term, implication_term, equivalence_term, elementary_update_term, parallel_term, term, taclet, rulesOrAxioms, decls, file) 
263908     WARN  Test worker     d.u.i.k.n.KeYParser       [syntax-error] <unknown>:2:33: mismatched input ';' expecting {',', ')'} [@21,34:34=';',<138>,2:33] (argument_list, call, accessterm, primitive_term, primitive_labeled_term, bracket_term, atom_prefix, strong_arith_term_2, strong_arith_term_1, weak_arith_term, comparison_term, equality_term, term60, conjunction_term, disjunction_term, implication_term, equivalence_term, elementary_update_term, parallel_term, term, taclet, rulesOrAxioms, decls, file) 
263908     WARN  Test worker     d.u.i.k.n.KeYParser       [syntax-error] <unknown>:2:43: no viable alternative at input '#lab;' [@26,44:44=';',<138>,2:43] (option_list, taclet, rulesOrAxioms, decls, file) 
263908     WARN  Test worker     d.u.i.k.n.KeYParser       [syntax-error] <unknown>:2:45: mismatched input '<' expecting {'(', '{'} [@28,46:46='<',<173>,2:45] (taclet, rulesOrAxioms, decls, file) 
263908     WARN  Test worker     d.u.i.k.n.KeYParser       [syntax-error] <unknown>:2:50: mismatched input '+' expecting {'(', '{'} [@32,51:51='+',<167>,2:50] (taclet, rulesOrAxioms, decls, file) 
263908     WARN  Test worker     d.u.i.k.n.KeYParser       [syntax-error] <unknown>:2:56: extraneous input '..' expecting {'\lemma', '}', IDENT, '/*!'} [@38,57:58='..',<144>,2:56] (rulesOrAxioms, decls, file) 
263908     WARN  Test worker     d.u.i.k.n.KeYParser       [syntax-error] <unknown>:2:60: mismatched input '>' expecting {<EOF>, '\problem', '\chooseContract', '\proofObligation', '\proof'} [@41,61:61='>',<168>,2:60] (file) 
263909     INFO  Test worker     d.u.i.k.n.KeyIO           Parsing took 0 ms 
263909     INFO  Test worker     d.u.i.k.n.KeyIO           MODE: declarations took 0 ms 
263910     INFO  Test worker     d.u.i.k.n.KeyIO           Parsing took 0 ms 
263910     INFO  Test worker     d.u.i.k.n.KeyIO           MODE: declarations took 0 ms 
263911     INFO  Test worker     d.u.i.k.n.KeyIO           Parsing took 0 ms 
263912     INFO  Test worker     d.u.i.k.n.KeyIO           MODE: declarations took 1 ms 
263912     INFO  Test worker     d.u.i.k.n.KeyIO           Parsing took 0 ms 
263912     INFO  Test worker     d.u.i.k.n.KeyIO           MODE: declarations took 0 ms 
263914     INFO  Test worker     d.u.i.k.n.KeyIO           Parsing took 0 ms 
263914     INFO  Test worker     d.u.i.k.n.KeyIO           MODE: declarations took 0 ms 
263914     INFO  Test worker     d.u.i.k.n.KeyIO           Parsing took 0 ms 
263914     INFO  Test worker     d.u.i.k.n.KeyIO           MODE: declarations took 0 ms 
263915     INFO  Test worker     d.u.i.k.n.KeyIO           Parsing took 0 ms 
263916     INFO  Test worker     d.u.i.k.n.KeyIO           MODE: declarations took 1 ms 
263916     INFO  Test worker     d.u.i.k.n.KeyIO           Parsing took 0 ms 
263916     INFO  Test worker     d.u.i.k.n.KeyIO           MODE: declarations took 0 ms 
263917     INFO  Test worker     d.u.i.k.n.KeyIO           Parsing took 0 ms 
263917     INFO  Test worker     d.u.i.k.n.KeyIO           MODE: declarations took 0 ms 
263918     INFO  Test worker     d.u.i.k.n.KeyIO           Parsing took 0 ms 
263919     INFO  Test worker     d.u.i.k.n.KeyIO           MODE: declarations took 0 ms 
263920     INFO  Test worker     d.u.i.k.n.KeyIO           Parsing took 0 ms 
263920     INFO  Test worker     d.u.i.k.n.KeyIO           MODE: declarations took 0 ms 
263921     INFO  Test worker     d.u.i.k.n.KeyIO           Parsing took 0 ms 
263922     INFO  Test worker     d.u.i.k.n.KeyIO           MODE: declarations took 0 ms 
263923     INFO  Test worker     d.u.i.k.n.KeyIO           Parsing took 0 ms 
263923     INFO  Test worker     d.u.i.k.n.KeyIO           MODE: declarations took 0 ms 
263924     INFO  Test worker     d.u.i.k.n.KeyIO           Parsing took 0 ms 
263924     INFO  Test worker     d.u.i.k.n.KeyIO           MODE: declarations took 0 ms 
263926     INFO  Test worker     d.u.i.k.n.KeyIO           Parsing took 0 ms 
263926     INFO  Test worker     d.u.i.k.n.KeyIO           MODE: declarations took 0 ms 
263927     INFO  Test worker     d.u.i.k.n.KeyIO           Parsing took 0 ms 
263927     INFO  Test worker     d.u.i.k.n.KeyIO           MODE: declarations took 0 ms 
263929     INFO  Test worker     d.u.i.k.n.KeyIO           Parsing took 1 ms 
263930     INFO  Test worker     d.u.i.k.n.KeyIO           MODE: declarations took 0 ms 
263931     INFO  Test worker     d.u.i.k.n.KeyIO           Parsing took 0 ms 
263932     INFO  Test worker     d.u.i.k.n.KeyIO           MODE: declarations took 0 ms 
263936     INFO  Test worker     d.u.i.k.n.KeyIO           Parsing took 1 ms 
263936     INFO  Test worker     d.u.i.k.n.KeyIO           MODE: declarations took 0 ms 
263937     INFO  Test worker     d.u.i.k.n.KeyIO           Parsing took 0 ms 
263937     INFO  Test worker     d.u.i.k.n.KeyIO           MODE: declarations took 0 ms 
263938     INFO  Test worker     d.u.i.k.n.KeyIO           Parsing took 0 ms 
263943     INFO  Test worker     d.u.i.k.n.KeyIO           MODE: declarations took 1 ms 
263944     INFO  Test worker     d.u.i.k.n.KeyIO           Parsing took 0 ms 
263944     INFO  Test worker     d.u.i.k.n.KeyIO           MODE: declarations took 0 ms 
263946     INFO  Test worker     d.u.i.k.n.KeyIO           Parsing took 0 ms 
263946     INFO  Test worker     d.u.i.k.n.KeyIO           MODE: declarations took 0 ms 
263947     INFO  Test worker     d.u.i.k.n.KeyIO           Parsing took 0 ms 
263947     INFO  Test worker     d.u.i.k.n.KeyIO           MODE: declarations took 0 ms 
263948     INFO  Test worker     d.u.i.k.n.KeyIO           Parsing took 0 ms 
263949     INFO  Test worker     d.u.i.k.n.KeyIO           MODE: declarations took 0 ms 
263954     INFO  Test worker     d.u.i.k.n.KeyIO           Parsing took 0 ms 
263955     INFO  Test worker     d.u.i.k.n.KeyIO           MODE: declarations took 0 ms 
263955     INFO  Test worker     d.u.i.k.n.KeyIO           Parsing took 0 ms 
263956     INFO  Test worker     d.u.i.k.n.KeyIO           MODE: declarations took 0 ms 
263958     INFO  Test worker     d.u.i.k.n.KeyIO           Parsing took 0 ms 
263958     INFO  Test worker     d.u.i.k.n.KeyIO           MODE: declarations took 0 ms 
263959     INFO  Test worker     d.u.i.k.n.KeyIO           Parsing took 0 ms 
263959     INFO  Test worker     d.u.i.k.n.KeyIO           MODE: declarations took 0 ms 
263960     INFO  Test worker     d.u.i.k.n.KeyIO           Parsing took 0 ms 
263961     INFO  Test worker     d.u.i.k.n.KeyIO           MODE: declarations took 0 ms 
263962     INFO  Test worker     d.u.i.k.n.KeyIO           Parsing took 0 ms 
263962     INFO  Test worker     d.u.i.k.n.KeyIO           MODE: declarations took 0 ms 
263963     INFO  Test worker     d.u.i.k.n.KeyIO           Parsing took 0 ms 
263964     INFO  Test worker     d.u.i.k.n.KeyIO           MODE: declarations took 0 ms 
263965     INFO  Test worker     d.u.i.k.n.KeyIO           Parsing took 1 ms 
263965     INFO  Test worker     d.u.i.k.n.KeyIO           MODE: declarations took 0 ms 
]]></system-out>
  <system-err><![CDATA[]]></system-err>
</testsuite>
