<?xml version="1.0" encoding="UTF-8"?>
<testsuite name="de.uka.ilkd.key.parser.TestTermParser" tests="47" skipped="4" failures="0" errors="0" timestamp="2023-04-05T11:29:29" hostname="fv-az399-738" time="2.903">
  <properties/>
  <testcase name="testNotEqual()" classname="de.uka.ilkd.key.parser.TestTermParser" time="0.002"/>
  <testcase name="testProgramVariables()" classname="de.uka.ilkd.key.parser.TestTermParser" time="0.048"/>
  <testcase name="testAttributeWithSpecifiedSortOnObject()" classname="de.uka.ilkd.key.parser.TestTermParser" time="0.009"/>
  <testcase name="testCast()" classname="de.uka.ilkd.key.parser.TestTermParser" time="0.002"/>
  <testcase name="testJavaQueryAndAttribute_all()" classname="de.uka.ilkd.key.parser.TestTermParser" time="0.001">
    <skipped/>
  </testcase>
  <testcase name="test10()" classname="de.uka.ilkd.key.parser.TestTermParser" time="0.004"/>
  <testcase name="test11()" classname="de.uka.ilkd.key.parser.TestTermParser" time="0.002"/>
  <testcase name="test12()" classname="de.uka.ilkd.key.parser.TestTermParser" time="0.0">
    <skipped/>
  </testcase>
  <testcase name="test13()" classname="de.uka.ilkd.key.parser.TestTermParser" time="0.004"/>
  <testcase name="test14()" classname="de.uka.ilkd.key.parser.TestTermParser" time="0.003"/>
  <testcase name="test1a()" classname="de.uka.ilkd.key.parser.TestTermParser" time="0.003"/>
  <testcase name="testJavaAttributeAccess_4()" classname="de.uka.ilkd.key.parser.TestTermParser" time="0.004"/>
  <testcase name="testAttributeOnObject()" classname="de.uka.ilkd.key.parser.TestTermParser" time="0.004"/>
  <testcase name="testNegativeLiteralParsing1()" classname="de.uka.ilkd.key.parser.TestTermParser" time="0.003"/>
  <testcase name="testNegativeLiteralParsing2()" classname="de.uka.ilkd.key.parser.TestTermParser" time="0.002"/>
  <testcase name="testNegativeLiteralParsing3()" classname="de.uka.ilkd.key.parser.TestTermParser" time="0.002"/>
  <testcase name="xtestParsingArrayWithSpaces()" classname="de.uka.ilkd.key.parser.TestTermParser" time="0.001">
    <skipped/>
  </testcase>
  <testcase name="testAmbigiousFuncVarPred()" classname="de.uka.ilkd.key.parser.TestTermParser" time="0.001"/>
  <testcase name="test1()" classname="de.uka.ilkd.key.parser.TestTermParser" time="0.002"/>
  <testcase name="test2()" classname="de.uka.ilkd.key.parser.TestTermParser" time="0.001"/>
  <testcase name="test3()" classname="de.uka.ilkd.key.parser.TestTermParser" time="0.003"/>
  <testcase name="test5()" classname="de.uka.ilkd.key.parser.TestTermParser" time="0.001"/>
  <testcase name="test6()" classname="de.uka.ilkd.key.parser.TestTermParser" time="0.002"/>
  <testcase name="test7()" classname="de.uka.ilkd.key.parser.TestTermParser" time="0.002"/>
  <testcase name="test8()" classname="de.uka.ilkd.key.parser.TestTermParser" time="0.002"/>
  <testcase name="test9()" classname="de.uka.ilkd.key.parser.TestTermParser" time="0.002"/>
  <testcase name="testBindingUpdateTerm()" classname="de.uka.ilkd.key.parser.TestTermParser" time="0.002"/>
  <testcase name="testJavaStaticQuery()" classname="de.uka.ilkd.key.parser.TestTermParser" time="0.003"/>
  <testcase name="testInfix1()" classname="de.uka.ilkd.key.parser.TestTermParser" time="0.002"/>
  <testcase name="testInfix2()" classname="de.uka.ilkd.key.parser.TestTermParser" time="0.001"/>
  <testcase name="testInfix3()" classname="de.uka.ilkd.key.parser.TestTermParser" time="0.002"/>
  <testcase name="testInfix4()" classname="de.uka.ilkd.key.parser.TestTermParser" time="0.002"/>
  <testcase name="testIfThenElse()" classname="de.uka.ilkd.key.parser.TestTermParser" time="0.002"/>
  <testcase name="testJavaAttributeAccessBoth_1()" classname="de.uka.ilkd.key.parser.TestTermParser" time="0.002"/>
  <testcase name="testJavaAttributeAccessBoth_2()" classname="de.uka.ilkd.key.parser.TestTermParser" time="0.002"/>
  <testcase name="testJavaAttributeAccessBoth_3()" classname="de.uka.ilkd.key.parser.TestTermParser" time="0.002"/>
  <testcase name="testBindingUpdateTerm_1()" classname="de.uka.ilkd.key.parser.TestTermParser" time="0.001"/>
  <testcase name="testBindingUpdateTerm_3()" classname="de.uka.ilkd.key.parser.TestTermParser" time="0.003"/>
  <testcase name="testBindingUpdateTerm_4()" classname="de.uka.ilkd.key.parser.TestTermParser" time="0.001"/>
  <testcase name="testBindingUpdateTerm_5()" classname="de.uka.ilkd.key.parser.TestTermParser" time="0.001"/>
  <testcase name="testBindingUpdateTerm_6()" classname="de.uka.ilkd.key.parser.TestTermParser" time="0.001"/>
  <testcase name="testBindingUpdateTerm_7()" classname="de.uka.ilkd.key.parser.TestTermParser" time="0.001"/>
  <testcase name="testBindingUpdateTerm_8()" classname="de.uka.ilkd.key.parser.TestTermParser" time="0.002"/>
  <testcase name="testParsingArray()" classname="de.uka.ilkd.key.parser.TestTermParser" time="0.003"/>
  <testcase name="xtestBindingUpdateTermOldBindingAlternative()" classname="de.uka.ilkd.key.parser.TestTermParser" time="0.001">
    <skipped/>
  </testcase>
  <testcase name="testJavaStaticQueryWithParameter()" classname="de.uka.ilkd.key.parser.TestTermParser" time="0.003"/>
  <testcase name="testParsingArrayCombination()" classname="de.uka.ilkd.key.parser.TestTermParser" time="0.003"/>
  <system-out><![CDATA[264032     INFO  Test worker     d.u.i.k.n.KeyIO           Parsing took 0 ms 
264033     INFO  Test worker     d.u.i.k.n.KeyIO           MODE: declarations took 1 ms 
264034     WARN  Test worker     d.u.i.k.j.r.KeYCrossReferenceNameInfo Datatype T declared twice: Once in UNKNOWN:unknown and once in UNKNOWN:unknown, Keeping one from UNKNOWN:unknown 
264094     INFO  Test worker     d.u.i.k.n.KeyIO           Parsing took 0 ms 
264094     INFO  Test worker     d.u.i.k.n.KeyIO           MODE: declarations took 0 ms 
264142     WARN  Test worker     d.u.i.k.j.r.KeYCrossReferenceNameInfo Datatype T declared twice: Once in UNKNOWN:unknown and once in UNKNOWN:unknown, Keeping one from UNKNOWN:unknown 
264201     INFO  Test worker     d.u.i.k.n.KeyIO           Parsing took 1 ms 
264203     INFO  Test worker     d.u.i.k.n.KeyIO           MODE: declarations took 0 ms 
264209     WARN  Test worker     d.u.i.k.j.r.KeYCrossReferenceNameInfo Datatype T declared twice: Once in UNKNOWN:unknown and once in UNKNOWN:unknown, Keeping one from UNKNOWN:unknown 
264269     INFO  Test worker     d.u.i.k.n.KeyIO           Parsing took 0 ms 
264269     INFO  Test worker     d.u.i.k.n.KeyIO           MODE: declarations took 0 ms 
264273     WARN  Test worker     d.u.i.k.j.r.KeYCrossReferenceNameInfo Datatype T declared twice: Once in UNKNOWN:unknown and once in UNKNOWN:unknown, Keeping one from UNKNOWN:unknown 
264332     WARN  Test worker     d.u.i.k.j.r.KeYCrossReferenceNameInfo Datatype T declared twice: Once in UNKNOWN:unknown and once in UNKNOWN:unknown, Keeping one from UNKNOWN:unknown 
264391     INFO  Test worker     d.u.i.k.n.KeyIO           Parsing took 0 ms 
264392     INFO  Test worker     d.u.i.k.n.KeyIO           MODE: declarations took 0 ms 
264394     INFO  Test worker     d.u.i.k.p.TestTermParser  Out: \<{
  int x = 1;
  {
    int s = 2;
  }
}\> (equals(x,x)) 
264395     WARN  Test worker     d.u.i.k.j.r.KeYCrossReferenceNameInfo Datatype T declared twice: Once in UNKNOWN:unknown and once in UNKNOWN:unknown, Keeping one from UNKNOWN:unknown 
264453     INFO  Test worker     d.u.i.k.n.KeyIO           Parsing took 0 ms 
264454     INFO  Test worker     d.u.i.k.n.KeyIO           MODE: declarations took 0 ms 
264455     INFO  Test worker     d.u.i.k.p.TestTermParser  Out: \[{
  int x = 2;
  {
    String s = ""}";
  }
}\] (true) 
264455     WARN  Test worker     d.u.i.k.j.r.KeYCrossReferenceNameInfo Datatype T declared twice: Once in UNKNOWN:unknown and once in UNKNOWN:unknown, Keeping one from UNKNOWN:unknown 
264513     WARN  Test worker     d.u.i.k.j.r.KeYCrossReferenceNameInfo Datatype T declared twice: Once in UNKNOWN:unknown and once in UNKNOWN:unknown, Keeping one from UNKNOWN:unknown 
264571     INFO  Test worker     d.u.i.k.n.KeyIO           Parsing took 0 ms 
264572     INFO  Test worker     d.u.i.k.n.KeyIO           MODE: declarations took 0 ms 
264576     WARN  Test worker     d.u.i.k.j.r.KeYCrossReferenceNameInfo Datatype T declared twice: Once in UNKNOWN:unknown and once in UNKNOWN:unknown, Keeping one from UNKNOWN:unknown 
264635     INFO  Test worker     d.u.i.k.n.KeyIO           Parsing took 0 ms 
264636     INFO  Test worker     d.u.i.k.n.KeyIO           MODE: declarations took 0 ms 
264638     INFO  Test worker     d.u.i.k.p.TestTermParser  Out: \<{
  int[] i;
}\> (diamond(true)) 
264639     WARN  Test worker     d.u.i.k.j.r.KeYCrossReferenceNameInfo Datatype T declared twice: Once in UNKNOWN:unknown and once in UNKNOWN:unknown, Keeping one from UNKNOWN:unknown 
264700     INFO  Test worker     d.u.i.k.n.KeyIO           Parsing took 1 ms 
264700     INFO  Test worker     d.u.i.k.n.KeyIO           MODE: declarations took 0 ms 
264703     WARN  Test worker     d.u.i.k.j.r.KeYCrossReferenceNameInfo Datatype T declared twice: Once in UNKNOWN:unknown and once in UNKNOWN:unknown, Keeping one from UNKNOWN:unknown 
264763     INFO  Test worker     d.u.i.k.n.KeyIO           Parsing took 1 ms 
264763     INFO  Test worker     d.u.i.k.n.KeyIO           MODE: declarations took 0 ms 
264766     WARN  Test worker     d.u.i.k.j.r.KeYCrossReferenceNameInfo Datatype T declared twice: Once in UNKNOWN:unknown and once in UNKNOWN:unknown, Keeping one from UNKNOWN:unknown 
264826     INFO  Test worker     d.u.i.k.n.KeyIO           Parsing took 0 ms 
264827     INFO  Test worker     d.u.i.k.n.KeyIO           MODE: declarations took 0 ms 
264830     WARN  Test worker     d.u.i.k.j.r.KeYCrossReferenceNameInfo Datatype T declared twice: Once in UNKNOWN:unknown and once in UNKNOWN:unknown, Keeping one from UNKNOWN:unknown 
264889     INFO  Test worker     d.u.i.k.n.KeyIO           Parsing took 1 ms 
264889     INFO  Test worker     d.u.i.k.n.KeyIO           MODE: declarations took 0 ms 
264891     WARN  Test worker     d.u.i.k.j.r.KeYCrossReferenceNameInfo Datatype T declared twice: Once in UNKNOWN:unknown and once in UNKNOWN:unknown, Keeping one from UNKNOWN:unknown 
264950     INFO  Test worker     d.u.i.k.n.KeyIO           Parsing took 0 ms 
264951     INFO  Test worker     d.u.i.k.n.KeyIO           MODE: declarations took 0 ms 
264953     WARN  Test worker     d.u.i.k.j.r.KeYCrossReferenceNameInfo Datatype T declared twice: Once in UNKNOWN:unknown and once in UNKNOWN:unknown, Keeping one from UNKNOWN:unknown 
265059     INFO  Test worker     d.u.i.k.n.KeyIO           Parsing took 1 ms 
265059     INFO  Test worker     d.u.i.k.n.KeyIO           MODE: declarations took 0 ms 
265061     WARN  Test worker     d.u.i.k.j.r.KeYCrossReferenceNameInfo Datatype T declared twice: Once in UNKNOWN:unknown and once in UNKNOWN:unknown, Keeping one from UNKNOWN:unknown 
265121     WARN  Test worker     d.u.i.k.j.r.KeYCrossReferenceNameInfo Datatype T declared twice: Once in UNKNOWN:unknown and once in UNKNOWN:unknown, Keeping one from UNKNOWN:unknown 
265179     INFO  Test worker     d.u.i.k.n.KeyIO           Parsing took 0 ms 
265179     INFO  Test worker     d.u.i.k.n.KeyIO           MODE: declarations took 0 ms 
265180     WARN  Test worker     d.u.i.k.j.r.KeYCrossReferenceNameInfo Datatype T declared twice: Once in UNKNOWN:unknown and once in UNKNOWN:unknown, Keeping one from UNKNOWN:unknown 
265238     INFO  Test worker     d.u.i.k.n.KeyIO           Parsing took 0 ms 
265239     INFO  Test worker     d.u.i.k.n.KeyIO           MODE: declarations took 0 ms 
265240     WARN  Test worker     d.u.i.k.j.r.KeYCrossReferenceNameInfo Datatype T declared twice: Once in UNKNOWN:unknown and once in UNKNOWN:unknown, Keeping one from UNKNOWN:unknown 
265298     INFO  Test worker     d.u.i.k.n.KeyIO           Parsing took 1 ms 
265298     INFO  Test worker     d.u.i.k.n.KeyIO           MODE: declarations took 0 ms 
265300     WARN  Test worker     d.u.i.k.j.r.KeYCrossReferenceNameInfo Datatype T declared twice: Once in UNKNOWN:unknown and once in UNKNOWN:unknown, Keeping one from UNKNOWN:unknown 
265360     INFO  Test worker     d.u.i.k.n.KeyIO           Parsing took 0 ms 
265361     INFO  Test worker     d.u.i.k.n.KeyIO           MODE: declarations took 1 ms 
265362     WARN  Test worker     d.u.i.k.j.r.KeYCrossReferenceNameInfo Datatype T declared twice: Once in UNKNOWN:unknown and once in UNKNOWN:unknown, Keeping one from UNKNOWN:unknown 
265421     INFO  Test worker     d.u.i.k.n.KeyIO           Parsing took 0 ms 
265422     INFO  Test worker     d.u.i.k.n.KeyIO           MODE: declarations took 1 ms 
265423     WARN  Test worker     d.u.i.k.j.r.KeYCrossReferenceNameInfo Datatype T declared twice: Once in UNKNOWN:unknown and once in UNKNOWN:unknown, Keeping one from UNKNOWN:unknown 
265481     INFO  Test worker     d.u.i.k.n.KeyIO           Parsing took 0 ms 
265481     INFO  Test worker     d.u.i.k.n.KeyIO           MODE: declarations took 0 ms 
265482     WARN  Test worker     d.u.i.k.j.r.KeYCrossReferenceNameInfo Datatype T declared twice: Once in UNKNOWN:unknown and once in UNKNOWN:unknown, Keeping one from UNKNOWN:unknown 
265550     INFO  Test worker     d.u.i.k.n.KeyIO           Parsing took 0 ms 
265550     INFO  Test worker     d.u.i.k.n.KeyIO           MODE: declarations took 0 ms 
265552     WARN  Test worker     d.u.i.k.j.r.KeYCrossReferenceNameInfo Datatype T declared twice: Once in UNKNOWN:unknown and once in UNKNOWN:unknown, Keeping one from UNKNOWN:unknown 
265610     INFO  Test worker     d.u.i.k.n.KeyIO           Parsing took 1 ms 
265610     INFO  Test worker     d.u.i.k.n.KeyIO           MODE: declarations took 0 ms 
265612     WARN  Test worker     d.u.i.k.j.r.KeYCrossReferenceNameInfo Datatype T declared twice: Once in UNKNOWN:unknown and once in UNKNOWN:unknown, Keeping one from UNKNOWN:unknown 
265671     INFO  Test worker     d.u.i.k.n.KeyIO           Parsing took 0 ms 
265672     INFO  Test worker     d.u.i.k.n.KeyIO           MODE: declarations took 0 ms 
265674     WARN  Test worker     d.u.i.k.j.r.KeYCrossReferenceNameInfo Datatype T declared twice: Once in UNKNOWN:unknown and once in UNKNOWN:unknown, Keeping one from UNKNOWN:unknown 
265731     INFO  Test worker     d.u.i.k.n.KeyIO           Parsing took 0 ms 
265732     INFO  Test worker     d.u.i.k.n.KeyIO           MODE: declarations took 0 ms 
265733     WARN  Test worker     d.u.i.k.j.r.KeYCrossReferenceNameInfo Datatype T declared twice: Once in UNKNOWN:unknown and once in UNKNOWN:unknown, Keeping one from UNKNOWN:unknown 
265791     INFO  Test worker     d.u.i.k.n.KeyIO           Parsing took 0 ms 
265791     INFO  Test worker     d.u.i.k.n.KeyIO           MODE: declarations took 0 ms 
265794     WARN  Test worker     d.u.i.k.j.r.KeYCrossReferenceNameInfo Datatype T declared twice: Once in UNKNOWN:unknown and once in UNKNOWN:unknown, Keeping one from UNKNOWN:unknown 
265852     INFO  Test worker     d.u.i.k.n.KeyIO           Parsing took 0 ms 
265852     INFO  Test worker     d.u.i.k.n.KeyIO           MODE: declarations took 0 ms 
265854     WARN  Test worker     d.u.i.k.j.r.KeYCrossReferenceNameInfo Datatype T declared twice: Once in UNKNOWN:unknown and once in UNKNOWN:unknown, Keeping one from UNKNOWN:unknown 
265911     INFO  Test worker     d.u.i.k.n.KeyIO           Parsing took 0 ms 
265912     INFO  Test worker     d.u.i.k.n.KeyIO           MODE: declarations took 0 ms 
265913     WARN  Test worker     d.u.i.k.j.r.KeYCrossReferenceNameInfo Datatype T declared twice: Once in UNKNOWN:unknown and once in UNKNOWN:unknown, Keeping one from UNKNOWN:unknown 
265971     INFO  Test worker     d.u.i.k.n.KeyIO           Parsing took 0 ms 
265971     INFO  Test worker     d.u.i.k.n.KeyIO           MODE: declarations took 0 ms 
265973     WARN  Test worker     d.u.i.k.j.r.KeYCrossReferenceNameInfo Datatype T declared twice: Once in UNKNOWN:unknown and once in UNKNOWN:unknown, Keeping one from UNKNOWN:unknown 
266031     INFO  Test worker     d.u.i.k.n.KeyIO           Parsing took 0 ms 
266031     INFO  Test worker     d.u.i.k.n.KeyIO           MODE: declarations took 0 ms 
266033     WARN  Test worker     d.u.i.k.j.r.KeYCrossReferenceNameInfo Datatype T declared twice: Once in UNKNOWN:unknown and once in UNKNOWN:unknown, Keeping one from UNKNOWN:unknown 
266091     INFO  Test worker     d.u.i.k.n.KeyIO           Parsing took 0 ms 
266091     INFO  Test worker     d.u.i.k.n.KeyIO           MODE: declarations took 0 ms 
266093     WARN  Test worker     d.u.i.k.j.r.KeYCrossReferenceNameInfo Datatype T declared twice: Once in UNKNOWN:unknown and once in UNKNOWN:unknown, Keeping one from UNKNOWN:unknown 
266152     INFO  Test worker     d.u.i.k.n.KeyIO           Parsing took 0 ms 
266152     INFO  Test worker     d.u.i.k.n.KeyIO           MODE: declarations took 0 ms 
266155     WARN  Test worker     d.u.i.k.j.r.KeYCrossReferenceNameInfo Datatype T declared twice: Once in UNKNOWN:unknown and once in UNKNOWN:unknown, Keeping one from UNKNOWN:unknown 
266213     INFO  Test worker     d.u.i.k.n.KeyIO           Parsing took 1 ms 
266213     INFO  Test worker     d.u.i.k.n.KeyIO           MODE: declarations took 0 ms 
266215     WARN  Test worker     d.u.i.k.j.r.KeYCrossReferenceNameInfo Datatype T declared twice: Once in UNKNOWN:unknown and once in UNKNOWN:unknown, Keeping one from UNKNOWN:unknown 
266273     INFO  Test worker     d.u.i.k.n.KeyIO           Parsing took 0 ms 
266274     INFO  Test worker     d.u.i.k.n.KeyIO           MODE: declarations took 1 ms 
266276     WARN  Test worker     d.u.i.k.j.r.KeYCrossReferenceNameInfo Datatype T declared twice: Once in UNKNOWN:unknown and once in UNKNOWN:unknown, Keeping one from UNKNOWN:unknown 
266334     INFO  Test worker     d.u.i.k.n.KeyIO           Parsing took 0 ms 
266334     INFO  Test worker     d.u.i.k.n.KeyIO           MODE: declarations took 0 ms 
266336     WARN  Test worker     d.u.i.k.j.r.KeYCrossReferenceNameInfo Datatype T declared twice: Once in UNKNOWN:unknown and once in UNKNOWN:unknown, Keeping one from UNKNOWN:unknown 
266394     INFO  Test worker     d.u.i.k.n.KeyIO           Parsing took 1 ms 
266394     INFO  Test worker     d.u.i.k.n.KeyIO           MODE: declarations took 0 ms 
266397     WARN  Test worker     d.u.i.k.j.r.KeYCrossReferenceNameInfo Datatype T declared twice: Once in UNKNOWN:unknown and once in UNKNOWN:unknown, Keeping one from UNKNOWN:unknown 
266455     INFO  Test worker     d.u.i.k.n.KeyIO           Parsing took 0 ms 
266455     INFO  Test worker     d.u.i.k.n.KeyIO           MODE: declarations took 0 ms 
266456     WARN  Test worker     d.u.i.k.j.r.KeYCrossReferenceNameInfo Datatype T declared twice: Once in UNKNOWN:unknown and once in UNKNOWN:unknown, Keeping one from UNKNOWN:unknown 
266514     INFO  Test worker     d.u.i.k.n.KeyIO           Parsing took 0 ms 
266514     INFO  Test worker     d.u.i.k.n.KeyIO           MODE: declarations took 0 ms 
266516     WARN  Test worker     d.u.i.k.j.r.KeYCrossReferenceNameInfo Datatype T declared twice: Once in UNKNOWN:unknown and once in UNKNOWN:unknown, Keeping one from UNKNOWN:unknown 
266574     INFO  Test worker     d.u.i.k.n.KeyIO           Parsing took 0 ms 
266574     INFO  Test worker     d.u.i.k.n.KeyIO           MODE: declarations took 0 ms 
266576     WARN  Test worker     d.u.i.k.j.r.KeYCrossReferenceNameInfo Datatype T declared twice: Once in UNKNOWN:unknown and once in UNKNOWN:unknown, Keeping one from UNKNOWN:unknown 
266633     INFO  Test worker     d.u.i.k.n.KeyIO           Parsing took 0 ms 
266634     INFO  Test worker     d.u.i.k.n.KeyIO           MODE: declarations took 0 ms 
266635     WARN  Test worker     d.u.i.k.j.r.KeYCrossReferenceNameInfo Datatype T declared twice: Once in UNKNOWN:unknown and once in UNKNOWN:unknown, Keeping one from UNKNOWN:unknown 
266693     INFO  Test worker     d.u.i.k.n.KeyIO           Parsing took 0 ms 
266693     INFO  Test worker     d.u.i.k.n.KeyIO           MODE: declarations took 0 ms 
266694     WARN  Test worker     d.u.i.k.j.r.KeYCrossReferenceNameInfo Datatype T declared twice: Once in UNKNOWN:unknown and once in UNKNOWN:unknown, Keeping one from UNKNOWN:unknown 
266752     INFO  Test worker     d.u.i.k.n.KeyIO           Parsing took 0 ms 
266752     INFO  Test worker     d.u.i.k.n.KeyIO           MODE: declarations took 0 ms 
266755     WARN  Test worker     d.u.i.k.j.r.KeYCrossReferenceNameInfo Datatype T declared twice: Once in UNKNOWN:unknown and once in UNKNOWN:unknown, Keeping one from UNKNOWN:unknown 
266813     WARN  Test worker     d.u.i.k.j.r.KeYCrossReferenceNameInfo Datatype T declared twice: Once in UNKNOWN:unknown and once in UNKNOWN:unknown, Keeping one from UNKNOWN:unknown 
266871     INFO  Test worker     d.u.i.k.n.KeyIO           Parsing took 0 ms 
266871     INFO  Test worker     d.u.i.k.n.KeyIO           MODE: declarations took 0 ms 
266874     WARN  Test worker     d.u.i.k.j.r.KeYCrossReferenceNameInfo Datatype T declared twice: Once in UNKNOWN:unknown and once in UNKNOWN:unknown, Keeping one from UNKNOWN:unknown 
266932     INFO  Test worker     d.u.i.k.n.KeyIO           Parsing took 0 ms 
266932     INFO  Test worker     d.u.i.k.n.KeyIO           MODE: declarations took 0 ms 
]]></system-out>
  <system-err><![CDATA[]]></system-err>
</testsuite>
