<?xml version="1.0" encoding="UTF-8"?>
<testsuite name="de.uka.ilkd.key.nparser.ExprTest" tests="23" skipped="0" failures="0" errors="0" timestamp="2023-04-05T11:27:58" hostname="fv-az399-738" time="2.001">
  <properties/>
  <testcase name="[1] (bprod{int y;}(1, 2, y) = 0)" classname="de.uka.ilkd.key.nparser.ExprTest" time="0.02"/>
  <testcase name="[2] 1 = 1 -&gt; 2 = 2" classname="de.uka.ilkd.key.nparser.ExprTest" time="0.018"/>
  <testcase name="[3] \&lt; { int x = 1; } \&gt; x=1" classname="de.uka.ilkd.key.nparser.ExprTest" time="0.853"/>
  <testcase name="[4] \&lt;{ int x = 1; {int s = 2;} }\&gt; x=x" classname="de.uka.ilkd.key.nparser.ExprTest" time="0.794"/>
  <testcase name="[5] true" classname="de.uka.ilkd.key.nparser.ExprTest" time="0.015"/>
  <testcase name="[6] true &amp; false" classname="de.uka.ilkd.key.nparser.ExprTest" time="0.021"/>
  <testcase name="[7] 0" classname="de.uka.ilkd.key.nparser.ExprTest" time="0.022"/>
  <testcase name="[8] 1" classname="de.uka.ilkd.key.nparser.ExprTest" time="0.014"/>
  <testcase name="[9] 42" classname="de.uka.ilkd.key.nparser.ExprTest" time="0.014"/>
  <testcase name="[10] -5" classname="de.uka.ilkd.key.nparser.ExprTest" time="0.016"/>
  <testcase name="[11] 1 + 1 = 2" classname="de.uka.ilkd.key.nparser.ExprTest" time="0.016"/>
  <testcase name="[12] \if (3=4) \then (1) \else (2)" classname="de.uka.ilkd.key.nparser.ExprTest" time="0.025"/>
  <testcase name="[13] \if (3=4 &amp; 1=1) \then (\if (3=4) \then (1) \else (2)) \else (2)" classname="de.uka.ilkd.key.nparser.ExprTest" time="0.013"/>
  <testcase name="[14] aa + bb*cc" classname="de.uka.ilkd.key.nparser.ExprTest" time="0.012"/>
  <testcase name="[15] aa%bb*cc &lt; -123" classname="de.uka.ilkd.key.nparser.ExprTest" time="0.011"/>
  <testcase name="[16] \forall int x; true" classname="de.uka.ilkd.key.nparser.ExprTest" time="0.011"/>
  <testcase name="[17] \forall numbers x; x = x" classname="de.uka.ilkd.key.nparser.ExprTest" time="0.01"/>
  <testcase name="[18] (int)3+2" classname="de.uka.ilkd.key.nparser.ExprTest" time="0.011"/>
  <testcase name="[19] 1.f + 1f = 20e-1f * (2f-1f)" classname="de.uka.ilkd.key.nparser.ExprTest" time="0.011"/>
  <testcase name="[20] 1.d + 1d &lt;= 20e+1d * .01d" classname="de.uka.ilkd.key.nparser.ExprTest" time="0.011"/>
  <testcase name="[21] 1f &lt;= 2f" classname="de.uka.ilkd.key.nparser.ExprTest" time="0.037"/>
  <testcase name="[22] 2d &gt; 1d" classname="de.uka.ilkd.key.nparser.ExprTest" time="0.02"/>
  <testcase name="[23] seqEmpty + seqEmpty" classname="de.uka.ilkd.key.nparser.ExprTest" time="0.01"/>
  <system-out><![CDATA[173006     INFO  Test worker     d.u.i.k.n.KeyIO           Parsing took 8 ms 
173008     INFO  Test worker     d.u.i.k.n.KeyIO           MODE: declarations took 1 ms 
173015     INFO  Test worker     d.u.i.k.n.ExprTest        Term: equals(bprod{y:int}(Z(1(#)),Z(2(#)),y),Z(0(#))) 
173029     INFO  Test worker     d.u.i.k.n.KeyIO           Parsing took 11 ms 
173030     INFO  Test worker     d.u.i.k.n.KeyIO           MODE: declarations took 1 ms 
173033     INFO  Test worker     d.u.i.k.n.ExprTest        Term: imp(equals(Z(1(#)),Z(1(#))),equals(Z(2(#)),Z(2(#)))) 
173044     INFO  Test worker     d.u.i.k.n.KeyIO           Parsing took 9 ms 
173045     INFO  Test worker     d.u.i.k.n.KeyIO           MODE: declarations took 1 ms 
173886     INFO  Test worker     d.u.i.k.n.ExprTest        Term: \<{
  int x = 1;
}\> (equals(x,Z(1(#)))) 
173896     INFO  Test worker     d.u.i.k.n.KeyIO           Parsing took 7 ms 
173897     INFO  Test worker     d.u.i.k.n.KeyIO           MODE: declarations took 1 ms 
174680     INFO  Test worker     d.u.i.k.n.ExprTest        Term: \<{
  int x = 1;
  {
    int s = 2;
  }
}\> (equals(x,x)) 
174693     INFO  Test worker     d.u.i.k.n.KeyIO           Parsing took 8 ms 
174694     INFO  Test worker     d.u.i.k.n.KeyIO           MODE: declarations took 1 ms 
174698     INFO  Test worker     d.u.i.k.n.ExprTest        Term: true 
174712     INFO  Test worker     d.u.i.k.n.KeyIO           Parsing took 10 ms 
174716     INFO  Test worker     d.u.i.k.n.KeyIO           MODE: declarations took 1 ms 
174719     INFO  Test worker     d.u.i.k.n.ExprTest        Term: and(true,false) 
174733     INFO  Test worker     d.u.i.k.n.KeyIO           Parsing took 9 ms 
174740     INFO  Test worker     d.u.i.k.n.KeyIO           MODE: declarations took 6 ms 
174743     INFO  Test worker     d.u.i.k.n.ExprTest        Term: Z(0(#)) 
174754     INFO  Test worker     d.u.i.k.n.KeyIO           Parsing took 9 ms 
174755     INFO  Test worker     d.u.i.k.n.KeyIO           MODE: declarations took 1 ms 
174758     INFO  Test worker     d.u.i.k.n.ExprTest        Term: Z(1(#)) 
174768     INFO  Test worker     d.u.i.k.n.KeyIO           Parsing took 8 ms 
174769     INFO  Test worker     d.u.i.k.n.KeyIO           MODE: declarations took 0 ms 
174773     INFO  Test worker     d.u.i.k.n.ExprTest        Term: Z(2(4(#))) 
174786     INFO  Test worker     d.u.i.k.n.KeyIO           Parsing took 10 ms 
174787     INFO  Test worker     d.u.i.k.n.KeyIO           MODE: declarations took 0 ms 
174790     INFO  Test worker     d.u.i.k.n.ExprTest        Term: Z(neglit(5(#))) 
174803     INFO  Test worker     d.u.i.k.n.KeyIO           Parsing took 11 ms 
174804     INFO  Test worker     d.u.i.k.n.KeyIO           MODE: declarations took 1 ms 
174806     INFO  Test worker     d.u.i.k.n.ExprTest        Term: equals(add(Z(1(#)),Z(1(#))),Z(2(#))) 
174820     INFO  Test worker     d.u.i.k.n.KeyIO           Parsing took 12 ms 
174821     INFO  Test worker     d.u.i.k.n.KeyIO           MODE: declarations took 1 ms 
174823     INFO  Test worker     d.u.i.k.n.ExprTest        Term: if-then-else(equals(Z(3(#)),Z(4(#))),Z(1(#)),Z(2(#))) 
174842     INFO  Test worker     d.u.i.k.n.KeyIO           Parsing took 8 ms 
174843     INFO  Test worker     d.u.i.k.n.KeyIO           MODE: declarations took 1 ms 
174845     INFO  Test worker     d.u.i.k.n.ExprTest        Term: if-then-else(and(equals(Z(3(#)),Z(4(#))),equals(Z(1(#)),Z(1(#)))),if-then-else(equals(Z(3(#)),Z(4(#))),Z(1(#)),Z(2(#))),Z(2(#))) 
174855     INFO  Test worker     d.u.i.k.n.KeyIO           Parsing took 8 ms 
174856     INFO  Test worker     d.u.i.k.n.KeyIO           MODE: declarations took 1 ms 
174858     INFO  Test worker     d.u.i.k.n.ExprTest        Term: add(aa,mul(bb,cc)) 
174867     INFO  Test worker     d.u.i.k.n.KeyIO           Parsing took 7 ms 
174867     INFO  Test worker     d.u.i.k.n.KeyIO           MODE: declarations took 0 ms 
174869     INFO  Test worker     d.u.i.k.n.ExprTest        Term: lt(mul(mod(aa,bb),cc),Z(neglit(3(2(1(#)))))) 
174879     INFO  Test worker     d.u.i.k.n.KeyIO           Parsing took 7 ms 
174879     INFO  Test worker     d.u.i.k.n.KeyIO           MODE: declarations took 0 ms 
174881     INFO  Test worker     d.u.i.k.n.ExprTest        Term: all{x:int}(true) 
174890     INFO  Test worker     d.u.i.k.n.KeyIO           Parsing took 7 ms 
174891     INFO  Test worker     d.u.i.k.n.KeyIO           MODE: declarations took 1 ms 
174893     INFO  Test worker     d.u.i.k.n.ExprTest        Term: all{x:numbers}(equals(x,x)) 
174901     INFO  Test worker     d.u.i.k.n.KeyIO           Parsing took 6 ms 
174902     INFO  Test worker     d.u.i.k.n.KeyIO           MODE: declarations took 1 ms 
174904     INFO  Test worker     d.u.i.k.n.ExprTest        Term: add(int::cast(Z(3(#))),Z(2(#))) 
174913     INFO  Test worker     d.u.i.k.n.KeyIO           Parsing took 7 ms 
174913     INFO  Test worker     d.u.i.k.n.KeyIO           MODE: declarations took 0 ms 
174916     INFO  Test worker     d.u.i.k.n.ExprTest        Term: equals(addFloat(FP(6(1(2(3(5(3(5(6(0(1(#))))))))))),FP(6(1(2(3(5(3(5(6(0(1(#)))))))))))),mulFloat(FP(4(2(8(1(4(7(3(7(0(1(#))))))))))),subFloat(FP(4(2(8(1(4(7(3(7(0(1(#))))))))))),FP(6(1(2(3(5(3(5(6(0(1(#)))))))))))))) 
174924     INFO  Test worker     d.u.i.k.n.KeyIO           Parsing took 7 ms 
174925     INFO  Test worker     d.u.i.k.n.KeyIO           MODE: declarations took 1 ms 
174927     INFO  Test worker     d.u.i.k.n.ExprTest        Term: leqDouble(addDouble(DFP(8(0(4(7(1(0(0(0(8(8(1(4(2(8(1(7(0(6(4(#)))))))))))))))))))),DFP(8(0(4(7(1(0(0(0(8(8(1(4(2(8(1(7(0(6(4(#))))))))))))))))))))),mulDouble(DFP(4(8(7(6(0(0(2(8(9(0(9(8(0(4(2(1(4(6(4(#)))))))))))))))))))),DFP(5(7(6(7(8(0(4(0(3(9(2(2(8(1(9(6(7(5(4(#)))))))))))))))))))))) 
174950     INFO  Test worker     d.u.i.k.n.KeyIO           Parsing took 14 ms 
174951     INFO  Test worker     d.u.i.k.n.KeyIO           MODE: declarations took 1 ms 
174965     INFO  Test worker     d.u.i.k.n.ExprTest        Term: leqFloat(FP(6(1(2(3(5(3(5(6(0(1(#))))))))))),FP(4(2(8(1(4(7(3(7(0(1(#)))))))))))) 
174974     INFO  Test worker     d.u.i.k.n.KeyIO           Parsing took 7 ms 
174983     INFO  Test worker     d.u.i.k.n.KeyIO           MODE: declarations took 9 ms 
174985     INFO  Test worker     d.u.i.k.n.ExprTest        Term: gtDouble(DFP(4(0(9(7(8(3(7(2(4(8(1(0(6(8(6(1(1(6(4(#)))))))))))))))))))),DFP(8(0(4(7(1(0(0(0(8(8(1(4(2(8(1(7(0(6(4(#))))))))))))))))))))) 
174994     INFO  Test worker     d.u.i.k.n.KeyIO           Parsing took 7 ms 
174994     INFO  Test worker     d.u.i.k.n.KeyIO           MODE: declarations took 0 ms 
174997     INFO  Test worker     d.u.i.k.n.ExprTest        Term: seqConcat(seqEmpty,seqEmpty) 
]]></system-out>
  <system-err><![CDATA[]]></system-err>
</testsuite>
