<?xml version="1.0" encoding="UTF-8"?>
<testsuite name="de.uka.ilkd.key.parser.TestTermParserSorts" tests="2" skipped="0" failures="0" errors="0" timestamp="2023-04-05T11:31:16" hostname="fv-az399-738" time="2.579">
  <properties/>
  <testcase name="testParseIntegerArgs()" classname="de.uka.ilkd.key.parser.TestTermParserSorts" time="0.013"/>
  <testcase name="testParseSequencePrettySyntax()" classname="de.uka.ilkd.key.parser.TestTermParserSorts" time="0.001"/>
  <system-out><![CDATA[370461     INFO  Test worker     d.u.i.k.n.KeyIO           Parsing took 0 ms 
370461     INFO  Test worker     d.u.i.k.n.KeyIO           MODE: declarations took 0 ms 
370461     INFO  Test worker     d.u.i.k.n.KeyIO           Parsing took 0 ms 
370462     INFO  Test worker     d.u.i.k.n.KeyIO           MODE: declarations took 1 ms 
370462     INFO  Test worker     d.u.i.k.n.KeyIO           Parsing took 0 ms 
370462     INFO  Test worker     d.u.i.k.n.KeyIO           MODE: declarations took 0 ms 
373039     INFO  Test worker     d.u.i.k.n.KeyIO           Parsing took 0 ms 
373039     INFO  Test worker     d.u.i.k.n.KeyIO           MODE: declarations took 0 ms 
373039     INFO  Test worker     d.u.i.k.n.KeyIO           Parsing took 0 ms 
373039     INFO  Test worker     d.u.i.k.n.KeyIO           MODE: declarations took 0 ms 
373039     INFO  Test worker     d.u.i.k.n.KeyIO           Parsing took 0 ms 
373039     INFO  Test worker     d.u.i.k.n.KeyIO           MODE: declarations took 0 ms 
]]></system-out>
  <system-err><![CDATA[]]></system-err>
</testsuite>
