<?xml version="1.0" encoding="UTF-8"?>
<testsuite name="de.uka.ilkd.key.logic.TestClashFreeSubst" tests="14" skipped="2" failures="0" errors="0" timestamp="2023-04-05T11:25:36" hostname="fv-az399-738" time="43.516">
  <properties/>
  <testcase name="testMultiShareBound()" classname="de.uka.ilkd.key.logic.TestClashFreeSubst" time="0.873"/>
  <testcase name="testClash()" classname="de.uka.ilkd.key.logic.TestClashFreeSubst" time="0.821"/>
  <testcase name="testShare()" classname="de.uka.ilkd.key.logic.TestClashFreeSubst" time="0.807"/>
  <testcase name="testSubst()" classname="de.uka.ilkd.key.logic.TestClashFreeSubst" time="0.809"/>
  <testcase name="testWary0()" classname="de.uka.ilkd.key.logic.TestClashFreeSubst" time="0.808"/>
  <testcase name="testWary1()" classname="de.uka.ilkd.key.logic.TestClashFreeSubst" time="0.795"/>
  <testcase name="testWary2()" classname="de.uka.ilkd.key.logic.TestClashFreeSubst" time="0.799"/>
  <testcase name="testClashInSubstTerm()" classname="de.uka.ilkd.key.logic.TestClashFreeSubst" time="0.804"/>
  <testcase name="testShareWary()" classname="de.uka.ilkd.key.logic.TestClashFreeSubst" time="0.791"/>
  <testcase name="testMultiSubst()" classname="de.uka.ilkd.key.logic.TestClashFreeSubst" time="0.775"/>
  <testcase name="xtestMultiClash()" classname="de.uka.ilkd.key.logic.TestClashFreeSubst" time="0.0">
    <skipped/>
  </testcase>
  <testcase name="testSubstInSubstTerm()" classname="de.uka.ilkd.key.logic.TestClashFreeSubst" time="0.797"/>
  <testcase name="testSubstWary()" classname="de.uka.ilkd.key.logic.TestClashFreeSubst" time="0.786"/>
  <testcase name="xtestMultiClash1()" classname="de.uka.ilkd.key.logic.TestClashFreeSubst" time="0.0">
    <skipped/>
  </testcase>
  <system-out><![CDATA[31087      INFO  Test worker     d.u.i.k.n.KeyIO           Parsing took 0 ms 
31087      INFO  Test worker     d.u.i.k.n.KeyIO           MODE: declarations took 0 ms 
31949      INFO  Test worker     d.u.i.k.n.KeyIO           Parsing took 0 ms 
31954      INFO  Test worker     d.u.i.k.n.KeyIO           MODE: declarations took 0 ms 
34706      INFO  Test worker     d.u.i.k.n.KeyIO           Parsing took 0 ms 
34707      INFO  Test worker     d.u.i.k.n.KeyIO           MODE: declarations took 1 ms 
35520      INFO  Test worker     d.u.i.k.n.KeyIO           Parsing took 0 ms 
35521      INFO  Test worker     d.u.i.k.n.KeyIO           MODE: declarations took 0 ms 
38183      INFO  Test worker     d.u.i.k.n.KeyIO           Parsing took 0 ms 
38183      INFO  Test worker     d.u.i.k.n.KeyIO           MODE: declarations took 0 ms 
38984      INFO  Test worker     d.u.i.k.n.KeyIO           Parsing took 0 ms 
38985      INFO  Test worker     d.u.i.k.n.KeyIO           MODE: declarations took 0 ms 
41614      INFO  Test worker     d.u.i.k.n.KeyIO           Parsing took 0 ms 
41615      INFO  Test worker     d.u.i.k.n.KeyIO           MODE: declarations took 0 ms 
42419      INFO  Test worker     d.u.i.k.n.KeyIO           Parsing took 0 ms 
42420      INFO  Test worker     d.u.i.k.n.KeyIO           MODE: declarations took 0 ms 
45015      INFO  Test worker     d.u.i.k.n.KeyIO           Parsing took 0 ms 
45016      INFO  Test worker     d.u.i.k.n.KeyIO           MODE: declarations took 0 ms 
45818      INFO  Test worker     d.u.i.k.n.KeyIO           Parsing took 0 ms 
45819      INFO  Test worker     d.u.i.k.n.KeyIO           MODE: declarations took 0 ms 
48412      INFO  Test worker     d.u.i.k.n.KeyIO           Parsing took 0 ms 
48413      INFO  Test worker     d.u.i.k.n.KeyIO           MODE: declarations took 0 ms 
49203      INFO  Test worker     d.u.i.k.n.KeyIO           Parsing took 0 ms 
49204      INFO  Test worker     d.u.i.k.n.KeyIO           MODE: declarations took 0 ms 
51770      INFO  Test worker     d.u.i.k.n.KeyIO           Parsing took 0 ms 
51770      INFO  Test worker     d.u.i.k.n.KeyIO           MODE: declarations took 0 ms 
52563      INFO  Test worker     d.u.i.k.n.KeyIO           Parsing took 0 ms 
52564      INFO  Test worker     d.u.i.k.n.KeyIO           MODE: declarations took 1 ms 
55154      INFO  Test worker     d.u.i.k.n.KeyIO           Parsing took 0 ms 
55155      INFO  Test worker     d.u.i.k.n.KeyIO           MODE: declarations took 0 ms 
55952      INFO  Test worker     d.u.i.k.n.KeyIO           Parsing took 0 ms 
55952      INFO  Test worker     d.u.i.k.n.KeyIO           MODE: declarations took 0 ms 
58547      INFO  Test worker     d.u.i.k.n.KeyIO           Parsing took 0 ms 
58547      INFO  Test worker     d.u.i.k.n.KeyIO           MODE: declarations took 0 ms 
59334      INFO  Test worker     d.u.i.k.n.KeyIO           Parsing took 0 ms 
59335      INFO  Test worker     d.u.i.k.n.KeyIO           MODE: declarations took 0 ms 
61930      INFO  Test worker     d.u.i.k.n.KeyIO           Parsing took 0 ms 
61930      INFO  Test worker     d.u.i.k.n.KeyIO           MODE: declarations took 0 ms 
62702      INFO  Test worker     d.u.i.k.n.KeyIO           Parsing took 0 ms 
62703      INFO  Test worker     d.u.i.k.n.KeyIO           MODE: declarations took 0 ms 
67847      INFO  Test worker     d.u.i.k.n.KeyIO           Parsing took 0 ms 
67848      INFO  Test worker     d.u.i.k.n.KeyIO           MODE: declarations took 1 ms 
68634      INFO  Test worker     d.u.i.k.n.KeyIO           Parsing took 0 ms 
68641      INFO  Test worker     d.u.i.k.n.KeyIO           MODE: declarations took 0 ms 
71247      INFO  Test worker     d.u.i.k.n.KeyIO           Parsing took 0 ms 
71247      INFO  Test worker     d.u.i.k.n.KeyIO           MODE: declarations took 0 ms 
72031      INFO  Test worker     d.u.i.k.n.KeyIO           Parsing took 0 ms 
72032      INFO  Test worker     d.u.i.k.n.KeyIO           MODE: declarations took 0 ms 
]]></system-out>
  <system-err><![CDATA[]]></system-err>
</testsuite>
