<?xml version="1.0" encoding="UTF-8"?>
<testsuite name="de.uka.ilkd.key.parser.TestDeclParser" tests="14" skipped="2" failures="0" errors="0" timestamp="2023-04-05T11:28:09" hostname="fv-az399-738" time="9.916">
  <properties/>
  <testcase name="testGenericSortDecl1()" classname="de.uka.ilkd.key.parser.TestDeclParser" time="0.912"/>
  <testcase name="testGenericSortDecl2()" classname="de.uka.ilkd.key.parser.TestDeclParser" time="0.85"/>
  <testcase name="testGenericSortDecl3()" classname="de.uka.ilkd.key.parser.TestDeclParser" time="0.792"/>
  <testcase name="testGenericSortDecl4()" classname="de.uka.ilkd.key.parser.TestDeclParser" time="0.834"/>
  <testcase name="testGenericSortDecl5()" classname="de.uka.ilkd.key.parser.TestDeclParser" time="0.0">
    <skipped/>
  </testcase>
  <testcase name="testGenericSortDecl6()" classname="de.uka.ilkd.key.parser.TestDeclParser" time="0.831"/>
  <testcase name="testSortDecl()" classname="de.uka.ilkd.key.parser.TestDeclParser" time="0.772"/>
  <testcase name="testProxySortDecl()" classname="de.uka.ilkd.key.parser.TestDeclParser" time="0.839"/>
  <testcase name="testArrayDecl()" classname="de.uka.ilkd.key.parser.TestDeclParser" time="0.847"/>
  <testcase name="testAmbiguousDecls()" classname="de.uka.ilkd.key.parser.TestDeclParser" time="0.0">
    <skipped/>
  </testcase>
  <testcase name="testHeurDecl()" classname="de.uka.ilkd.key.parser.TestDeclParser" time="0.781"/>
  <testcase name="testFunctionDecl()" classname="de.uka.ilkd.key.parser.TestDeclParser" time="0.839"/>
  <testcase name="testPredicateDecl()" classname="de.uka.ilkd.key.parser.TestDeclParser" time="0.837"/>
  <testcase name="testSVDecl()" classname="de.uka.ilkd.key.parser.TestDeclParser" time="0.779"/>
  <system-out><![CDATA[184332     INFO  Test worker     d.u.i.k.n.KeyIO           Parsing took 0 ms 
184333     INFO  Test worker     d.u.i.k.n.KeyIO           MODE: declarations took 0 ms 
185181     INFO  Test worker     d.u.i.k.n.KeyIO           Parsing took 0 ms 
185181     INFO  Test worker     d.u.i.k.n.KeyIO           MODE: declarations took 0 ms 
185976     INFO  Test worker     d.u.i.k.n.KeyIO           Parsing took 0 ms 
185977     INFO  Test worker     d.u.i.k.n.KeyIO           MODE: declarations took 0 ms 
186811     INFO  Test worker     d.u.i.k.n.KeyIO           Parsing took 0 ms 
186811     INFO  Test worker     d.u.i.k.n.KeyIO           MODE: declarations took 0 ms 
187643     INFO  Test worker     d.u.i.k.n.KeyIO           Parsing took 0 ms 
187643     INFO  Test worker     d.u.i.k.n.KeyIO           MODE: declarations took 0 ms 
188415     INFO  Test worker     d.u.i.k.n.KeyIO           Parsing took 0 ms 
188415     INFO  Test worker     d.u.i.k.n.KeyIO           MODE: declarations took 0 ms 
189254     INFO  Test worker     d.u.i.k.n.KeyIO           Parsing took 0 ms 
189254     INFO  Test worker     d.u.i.k.n.KeyIO           MODE: declarations took 0 ms 
190099     INFO  Test worker     d.u.i.k.n.KeyIO           Parsing took 0 ms 
190100     INFO  Test worker     d.u.i.k.n.KeyIO           MODE: declarations took 0 ms 
190881     INFO  Test worker     d.u.i.k.n.KeyIO           Parsing took 0 ms 
190882     INFO  Test worker     d.u.i.k.n.KeyIO           MODE: declarations took 0 ms 
191720     INFO  Test worker     d.u.i.k.n.KeyIO           Parsing took 0 ms 
191721     INFO  Test worker     d.u.i.k.n.KeyIO           MODE: declarations took 0 ms 
192558     INFO  Test worker     d.u.i.k.n.KeyIO           Parsing took 1 ms 
192559     INFO  Test worker     d.u.i.k.n.KeyIO           MODE: declarations took 0 ms 
193337     INFO  Test worker     d.u.i.k.n.KeyIO           Parsing took 0 ms 
193337     INFO  Test worker     d.u.i.k.n.KeyIO           MODE: declarations took 0 ms 
]]></system-out>
  <system-err><![CDATA[]]></system-err>
</testsuite>
