<?xml version="1.0" encoding="UTF-8"?>
<testsuite name="de.uka.ilkd.key.parser.TestTermParserHeap" tests="39" skipped="0" failures="0" errors="0" timestamp="2023-04-05T11:29:35" hostname="fv-az399-738" time="98.245">
  <properties/>
  <testcase name="testBracketHeapUpdate()" classname="de.uka.ilkd.key.parser.TestTermParserHeap" time="0.016"/>
  <testcase name="testStore()" classname="de.uka.ilkd.key.parser.TestTermParserHeap" time="0.007"/>
  <testcase name="testUnknownConstant()" classname="de.uka.ilkd.key.parser.TestTermParserHeap" time="0.001"/>
  <testcase name="testAllFieldsSelector()" classname="de.uka.ilkd.key.parser.TestTermParserHeap" time="0.002"/>
  <testcase name="testParsePrettyPrintedSelect()" classname="de.uka.ilkd.key.parser.TestTermParserHeap" time="0.004"/>
  <testcase name="testAccessStaticMembers()" classname="de.uka.ilkd.key.parser.TestTermParserHeap" time="0.003"/>
  <testcase name="testAtOperator_1()" classname="de.uka.ilkd.key.parser.TestTermParserHeap" time="0.003"/>
  <testcase name="testAtOperator_2()" classname="de.uka.ilkd.key.parser.TestTermParserHeap" time="0.002"/>
  <testcase name="testAtOperator_3()" classname="de.uka.ilkd.key.parser.TestTermParserHeap" time="0.004"/>
  <testcase name="testAtOperator_4()" classname="de.uka.ilkd.key.parser.TestTermParserHeap" time="0.004"/>
  <testcase name="testAtOperator_5()" classname="de.uka.ilkd.key.parser.TestTermParserHeap" time="0.001"/>
  <testcase name="testAtOperator_6()" classname="de.uka.ilkd.key.parser.TestTermParserHeap" time="0.002"/>
  <testcase name="testAtOperator_7()" classname="de.uka.ilkd.key.parser.TestTermParserHeap" time="0.003"/>
  <testcase name="testAtOperator_8()" classname="de.uka.ilkd.key.parser.TestTermParserHeap" time="0.004"/>
  <testcase name="testVerifyExceptionIfAtOperatorNotPreceededBySelectTerm()" classname="de.uka.ilkd.key.parser.TestTermParserHeap" time="0.003"/>
  <testcase name="testBugResettingCounter()" classname="de.uka.ilkd.key.parser.TestTermParserHeap" time="0.013"/>
  <testcase name="testLocationSets()" classname="de.uka.ilkd.key.parser.TestTermParserHeap" time="0.001"/>
  <testcase name="testQuantifiedSelect()" classname="de.uka.ilkd.key.parser.TestTermParserHeap" time="0.002"/>
  <testcase name="testGenericObjectProperties()" classname="de.uka.ilkd.key.parser.TestTermParserHeap" time="0.002"/>
  <testcase name="testQueryInheritance_1()" classname="de.uka.ilkd.key.parser.TestTermParserHeap" time="0.002"/>
  <testcase name="testQueryInheritance_2()" classname="de.uka.ilkd.key.parser.TestTermParserHeap" time="0.001"/>
  <testcase name="testQueryInheritance_3()" classname="de.uka.ilkd.key.parser.TestTermParserHeap" time="0.002"/>
  <testcase name="testQueryInheritance_4()" classname="de.uka.ilkd.key.parser.TestTermParserHeap" time="0.001"/>
  <testcase name="testQueryInheritance_5()" classname="de.uka.ilkd.key.parser.TestTermParserHeap" time="0.001"/>
  <testcase name="testQueryInheritance_6()" classname="de.uka.ilkd.key.parser.TestTermParserHeap" time="0.001"/>
  <testcase name="testQueryInheritance_7()" classname="de.uka.ilkd.key.parser.TestTermParserHeap" time="0.001"/>
  <testcase name="testQueryInheritance_8()" classname="de.uka.ilkd.key.parser.TestTermParserHeap" time="0.001"/>
  <testcase name="testQueryInheritance_9()" classname="de.uka.ilkd.key.parser.TestTermParserHeap" time="0.001"/>
  <testcase name="testQueryBasic_10()" classname="de.uka.ilkd.key.parser.TestTermParserHeap" time="0.001"/>
  <testcase name="testQueryBasic_11()" classname="de.uka.ilkd.key.parser.TestTermParserHeap" time="0.002"/>
  <testcase name="testQueryBasic_1()" classname="de.uka.ilkd.key.parser.TestTermParserHeap" time="0.001"/>
  <testcase name="testQueryBasic_2()" classname="de.uka.ilkd.key.parser.TestTermParserHeap" time="0.001"/>
  <testcase name="testQueryBasic_3()" classname="de.uka.ilkd.key.parser.TestTermParserHeap" time="0.001"/>
  <testcase name="testQueryBasic_4()" classname="de.uka.ilkd.key.parser.TestTermParserHeap" time="0.002"/>
  <testcase name="testQueryBasic_5()" classname="de.uka.ilkd.key.parser.TestTermParserHeap" time="0.001"/>
  <testcase name="testQueryBasic_6()" classname="de.uka.ilkd.key.parser.TestTermParserHeap" time="0.002"/>
  <testcase name="testQueryBasic_7()" classname="de.uka.ilkd.key.parser.TestTermParserHeap" time="0.003"/>
  <testcase name="testQueryBasic_8()" classname="de.uka.ilkd.key.parser.TestTermParserHeap" time="0.001"/>
  <testcase name="testQueryBasic_9()" classname="de.uka.ilkd.key.parser.TestTermParserHeap" time="0.001"/>
  <system-out><![CDATA[269641     INFO  Test worker     d.u.i.k.n.KeyIO           Parsing took 0 ms 
269642     INFO  Test worker     d.u.i.k.n.KeyIO           MODE: declarations took 1 ms 
269642     INFO  Test worker     d.u.i.k.n.KeyIO           Parsing took 0 ms 
269642     INFO  Test worker     d.u.i.k.n.KeyIO           MODE: declarations took 0 ms 
269642     INFO  Test worker     d.u.i.k.n.KeyIO           Parsing took 0 ms 
269642     INFO  Test worker     d.u.i.k.n.KeyIO           MODE: declarations took 0 ms 
269642     INFO  Test worker     d.u.i.k.n.KeyIO           Parsing took 0 ms 
269642     INFO  Test worker     d.u.i.k.n.KeyIO           MODE: declarations took 0 ms 
269642     INFO  Test worker     d.u.i.k.n.KeyIO           Parsing took 0 ms 
269642     INFO  Test worker     d.u.i.k.n.KeyIO           MODE: declarations took 0 ms 
272278     INFO  Test worker     d.u.i.k.n.KeyIO           Parsing took 0 ms 
272278     INFO  Test worker     d.u.i.k.n.KeyIO           MODE: declarations took 0 ms 
272278     INFO  Test worker     d.u.i.k.n.KeyIO           Parsing took 0 ms 
272278     INFO  Test worker     d.u.i.k.n.KeyIO           MODE: declarations took 0 ms 
272278     INFO  Test worker     d.u.i.k.n.KeyIO           Parsing took 0 ms 
272278     INFO  Test worker     d.u.i.k.n.KeyIO           MODE: declarations took 0 ms 
272278     INFO  Test worker     d.u.i.k.n.KeyIO           Parsing took 0 ms 
272279     INFO  Test worker     d.u.i.k.n.KeyIO           MODE: declarations took 0 ms 
272279     INFO  Test worker     d.u.i.k.n.KeyIO           Parsing took 0 ms 
272279     INFO  Test worker     d.u.i.k.n.KeyIO           MODE: declarations took 0 ms 
274945     INFO  Test worker     d.u.i.k.n.KeyIO           Parsing took 0 ms 
274945     INFO  Test worker     d.u.i.k.n.KeyIO           MODE: declarations took 0 ms 
274945     INFO  Test worker     d.u.i.k.n.KeyIO           Parsing took 0 ms 
274945     INFO  Test worker     d.u.i.k.n.KeyIO           MODE: declarations took 0 ms 
274945     INFO  Test worker     d.u.i.k.n.KeyIO           Parsing took 0 ms 
274945     INFO  Test worker     d.u.i.k.n.KeyIO           MODE: declarations took 0 ms 
274945     INFO  Test worker     d.u.i.k.n.KeyIO           Parsing took 0 ms 
274945     INFO  Test worker     d.u.i.k.n.KeyIO           MODE: declarations took 0 ms 
274945     INFO  Test worker     d.u.i.k.n.KeyIO           Parsing took 0 ms 
274945     INFO  Test worker     d.u.i.k.n.KeyIO           MODE: declarations took 0 ms 
274945     INFO  Test worker     d.u.i.k.n.KeyIO           Parsing took 0 ms 
274945     INFO  Test worker     d.u.i.k.n.KeyIO           MODE: declarations took 0 ms 
277585     INFO  Test worker     d.u.i.k.n.KeyIO           Parsing took 1 ms 
277585     INFO  Test worker     d.u.i.k.n.KeyIO           MODE: declarations took 0 ms 
277585     INFO  Test worker     d.u.i.k.n.KeyIO           Parsing took 0 ms 
277585     INFO  Test worker     d.u.i.k.n.KeyIO           MODE: declarations took 0 ms 
277585     INFO  Test worker     d.u.i.k.n.KeyIO           Parsing took 0 ms 
277585     INFO  Test worker     d.u.i.k.n.KeyIO           MODE: declarations took 0 ms 
277585     INFO  Test worker     d.u.i.k.n.KeyIO           Parsing took 0 ms 
277585     INFO  Test worker     d.u.i.k.n.KeyIO           MODE: declarations took 0 ms 
277585     INFO  Test worker     d.u.i.k.n.KeyIO           Parsing took 0 ms 
277585     INFO  Test worker     d.u.i.k.n.KeyIO           MODE: declarations took 0 ms 
280224     INFO  Test worker     d.u.i.k.n.KeyIO           Parsing took 0 ms 
280224     INFO  Test worker     d.u.i.k.n.KeyIO           MODE: declarations took 0 ms 
280225     INFO  Test worker     d.u.i.k.n.KeyIO           Parsing took 0 ms 
280225     INFO  Test worker     d.u.i.k.n.KeyIO           MODE: declarations took 0 ms 
280225     INFO  Test worker     d.u.i.k.n.KeyIO           Parsing took 0 ms 
280225     INFO  Test worker     d.u.i.k.n.KeyIO           MODE: declarations took 0 ms 
280226     INFO  Test worker     d.u.i.k.n.KeyIO           Parsing took 0 ms 
280226     INFO  Test worker     d.u.i.k.n.KeyIO           MODE: declarations took 0 ms 
280226     INFO  Test worker     d.u.i.k.n.KeyIO           Parsing took 0 ms 
280226     INFO  Test worker     d.u.i.k.n.KeyIO           MODE: declarations took 0 ms 
282824     INFO  Test worker     d.u.i.k.n.KeyIO           Parsing took 0 ms 
282824     INFO  Test worker     d.u.i.k.n.KeyIO           MODE: declarations took 0 ms 
282825     INFO  Test worker     d.u.i.k.n.KeyIO           Parsing took 0 ms 
282825     INFO  Test worker     d.u.i.k.n.KeyIO           MODE: declarations took 0 ms 
282825     INFO  Test worker     d.u.i.k.n.KeyIO           Parsing took 0 ms 
282825     INFO  Test worker     d.u.i.k.n.KeyIO           MODE: declarations took 0 ms 
282825     INFO  Test worker     d.u.i.k.n.KeyIO           Parsing took 0 ms 
282825     INFO  Test worker     d.u.i.k.n.KeyIO           MODE: declarations took 0 ms 
282825     INFO  Test worker     d.u.i.k.n.KeyIO           Parsing took 0 ms 
282825     INFO  Test worker     d.u.i.k.n.KeyIO           MODE: declarations took 0 ms 
285407     INFO  Test worker     d.u.i.k.n.KeyIO           Parsing took 0 ms 
285408     INFO  Test worker     d.u.i.k.n.KeyIO           MODE: declarations took 0 ms 
285408     INFO  Test worker     d.u.i.k.n.KeyIO           Parsing took 0 ms 
285408     INFO  Test worker     d.u.i.k.n.KeyIO           MODE: declarations took 0 ms 
285409     INFO  Test worker     d.u.i.k.n.KeyIO           Parsing took 1 ms 
285409     INFO  Test worker     d.u.i.k.n.KeyIO           MODE: declarations took 0 ms 
285409     INFO  Test worker     d.u.i.k.n.KeyIO           Parsing took 0 ms 
285409     INFO  Test worker     d.u.i.k.n.KeyIO           MODE: declarations took 0 ms 
285409     INFO  Test worker     d.u.i.k.n.KeyIO           Parsing took 0 ms 
285410     INFO  Test worker     d.u.i.k.n.KeyIO           MODE: declarations took 1 ms 
288006     INFO  Test worker     d.u.i.k.n.KeyIO           Parsing took 0 ms 
288006     INFO  Test worker     d.u.i.k.n.KeyIO           MODE: declarations took 0 ms 
288006     INFO  Test worker     d.u.i.k.n.KeyIO           Parsing took 0 ms 
288006     INFO  Test worker     d.u.i.k.n.KeyIO           MODE: declarations took 0 ms 
288006     INFO  Test worker     d.u.i.k.n.KeyIO           Parsing took 0 ms 
288007     INFO  Test worker     d.u.i.k.n.KeyIO           MODE: declarations took 0 ms 
288007     INFO  Test worker     d.u.i.k.n.KeyIO           Parsing took 0 ms 
288007     INFO  Test worker     d.u.i.k.n.KeyIO           MODE: declarations took 0 ms 
288007     INFO  Test worker     d.u.i.k.n.KeyIO           Parsing took 0 ms 
288007     INFO  Test worker     d.u.i.k.n.KeyIO           MODE: declarations took 0 ms 
290580     INFO  Test worker     d.u.i.k.n.KeyIO           Parsing took 0 ms 
290581     INFO  Test worker     d.u.i.k.n.KeyIO           MODE: declarations took 0 ms 
290581     INFO  Test worker     d.u.i.k.n.KeyIO           Parsing took 0 ms 
290581     INFO  Test worker     d.u.i.k.n.KeyIO           MODE: declarations took 0 ms 
290581     INFO  Test worker     d.u.i.k.n.KeyIO           Parsing took 0 ms 
290582     INFO  Test worker     d.u.i.k.n.KeyIO           MODE: declarations took 0 ms 
290582     INFO  Test worker     d.u.i.k.n.KeyIO           Parsing took 0 ms 
290582     INFO  Test worker     d.u.i.k.n.KeyIO           MODE: declarations took 0 ms 
290582     INFO  Test worker     d.u.i.k.n.KeyIO           Parsing took 0 ms 
290582     INFO  Test worker     d.u.i.k.n.KeyIO           MODE: declarations took 0 ms 
293164     INFO  Test worker     d.u.i.k.n.KeyIO           Parsing took 0 ms 
293164     INFO  Test worker     d.u.i.k.n.KeyIO           MODE: declarations took 0 ms 
293164     INFO  Test worker     d.u.i.k.n.KeyIO           Parsing took 0 ms 
293164     INFO  Test worker     d.u.i.k.n.KeyIO           MODE: declarations took 0 ms 
293164     INFO  Test worker     d.u.i.k.n.KeyIO           Parsing took 0 ms 
293165     INFO  Test worker     d.u.i.k.n.KeyIO           MODE: declarations took 1 ms 
293165     INFO  Test worker     d.u.i.k.n.KeyIO           Parsing took 0 ms 
293165     INFO  Test worker     d.u.i.k.n.KeyIO           MODE: declarations took 0 ms 
293165     INFO  Test worker     d.u.i.k.n.KeyIO           Parsing took 0 ms 
293165     INFO  Test worker     d.u.i.k.n.KeyIO           MODE: declarations took 0 ms 
295756     INFO  Test worker     d.u.i.k.n.KeyIO           Parsing took 0 ms 
295756     INFO  Test worker     d.u.i.k.n.KeyIO           MODE: declarations took 0 ms 
295756     INFO  Test worker     d.u.i.k.n.KeyIO           Parsing took 0 ms 
295756     INFO  Test worker     d.u.i.k.n.KeyIO           MODE: declarations took 0 ms 
295756     INFO  Test worker     d.u.i.k.n.KeyIO           Parsing took 0 ms 
295756     INFO  Test worker     d.u.i.k.n.KeyIO           MODE: declarations took 0 ms 
295756     INFO  Test worker     d.u.i.k.n.KeyIO           Parsing took 0 ms 
295756     INFO  Test worker     d.u.i.k.n.KeyIO           MODE: declarations took 0 ms 
295756     INFO  Test worker     d.u.i.k.n.KeyIO           Parsing took 0 ms 
295756     INFO  Test worker     d.u.i.k.n.KeyIO           MODE: declarations took 0 ms 
298345     INFO  Test worker     d.u.i.k.n.KeyIO           Parsing took 0 ms 
298346     INFO  Test worker     d.u.i.k.n.KeyIO           MODE: declarations took 0 ms 
298346     INFO  Test worker     d.u.i.k.n.KeyIO           Parsing took 0 ms 
298346     INFO  Test worker     d.u.i.k.n.KeyIO           MODE: declarations took 0 ms 
298346     INFO  Test worker     d.u.i.k.n.KeyIO           Parsing took 0 ms 
298346     INFO  Test worker     d.u.i.k.n.KeyIO           MODE: declarations took 0 ms 
298346     INFO  Test worker     d.u.i.k.n.KeyIO           Parsing took 0 ms 
298346     INFO  Test worker     d.u.i.k.n.KeyIO           MODE: declarations took 0 ms 
298346     INFO  Test worker     d.u.i.k.n.KeyIO           Parsing took 0 ms 
298346     INFO  Test worker     d.u.i.k.n.KeyIO           MODE: declarations took 0 ms 
300916     INFO  Test worker     d.u.i.k.n.KeyIO           Parsing took 0 ms 
300917     INFO  Test worker     d.u.i.k.n.KeyIO           MODE: declarations took 0 ms 
300917     INFO  Test worker     d.u.i.k.n.KeyIO           Parsing took 0 ms 
300918     INFO  Test worker     d.u.i.k.n.KeyIO           MODE: declarations took 1 ms 
300918     INFO  Test worker     d.u.i.k.n.KeyIO           Parsing took 0 ms 
300918     INFO  Test worker     d.u.i.k.n.KeyIO           MODE: declarations took 0 ms 
300918     INFO  Test worker     d.u.i.k.n.KeyIO           Parsing took 0 ms 
300918     INFO  Test worker     d.u.i.k.n.KeyIO           MODE: declarations took 0 ms 
300918     INFO  Test worker     d.u.i.k.n.KeyIO           Parsing took 0 ms 
300918     INFO  Test worker     d.u.i.k.n.KeyIO           MODE: declarations took 0 ms 
303508     INFO  Test worker     d.u.i.k.n.KeyIO           Parsing took 0 ms 
303509     INFO  Test worker     d.u.i.k.n.KeyIO           MODE: declarations took 0 ms 
303509     INFO  Test worker     d.u.i.k.n.KeyIO           Parsing took 0 ms 
303509     INFO  Test worker     d.u.i.k.n.KeyIO           MODE: declarations took 0 ms 
303509     INFO  Test worker     d.u.i.k.n.KeyIO           Parsing took 0 ms 
303510     INFO  Test worker     d.u.i.k.n.KeyIO           MODE: declarations took 0 ms 
303510     INFO  Test worker     d.u.i.k.n.KeyIO           Parsing took 0 ms 
303510     INFO  Test worker     d.u.i.k.n.KeyIO           MODE: declarations took 0 ms 
303510     INFO  Test worker     d.u.i.k.n.KeyIO           Parsing took 0 ms 
303510     INFO  Test worker     d.u.i.k.n.KeyIO           MODE: declarations took 0 ms 
306093     INFO  Test worker     d.u.i.k.n.KeyIO           Parsing took 0 ms 
306093     INFO  Test worker     d.u.i.k.n.KeyIO           MODE: declarations took 0 ms 
306093     INFO  Test worker     d.u.i.k.n.KeyIO           Parsing took 0 ms 
306093     INFO  Test worker     d.u.i.k.n.KeyIO           MODE: declarations took 0 ms 
306093     INFO  Test worker     d.u.i.k.n.KeyIO           Parsing took 0 ms 
306093     INFO  Test worker     d.u.i.k.n.KeyIO           MODE: declarations took 0 ms 
306093     INFO  Test worker     d.u.i.k.n.KeyIO           Parsing took 0 ms 
306093     INFO  Test worker     d.u.i.k.n.KeyIO           MODE: declarations took 0 ms 
306093     INFO  Test worker     d.u.i.k.n.KeyIO           Parsing took 0 ms 
306093     INFO  Test worker     d.u.i.k.n.KeyIO           MODE: declarations took 0 ms 
306096     WARN  Test worker     d.u.i.k.n.KeYParser       [syntax-error] <unknown>:1:11: mismatched input '@' expecting {'/', ':=', '.', '(', ')', '{', '[', '@', PARALLEL, OR, AND, IMP, '=', NOT_EQUALS, '%', '*', '-', '+', '>', GREATEREQUAL, '<', LESSEQUAL, LGUILLEMETS, EQV} [@11,11:11='@',<153>,1:11] (termEOF) 
308835     INFO  Test worker     d.u.i.k.n.KeyIO           Parsing took 0 ms 
308835     INFO  Test worker     d.u.i.k.n.KeyIO           MODE: declarations took 0 ms 
308846     INFO  Test worker     d.u.i.k.n.KeyIO           Parsing took 0 ms 
308846     INFO  Test worker     d.u.i.k.n.KeyIO           MODE: declarations took 0 ms 
308846     INFO  Test worker     d.u.i.k.n.KeyIO           Parsing took 0 ms 
308846     INFO  Test worker     d.u.i.k.n.KeyIO           MODE: declarations took 0 ms 
308846     INFO  Test worker     d.u.i.k.n.KeyIO           Parsing took 0 ms 
308846     INFO  Test worker     d.u.i.k.n.KeyIO           MODE: declarations took 0 ms 
308846     INFO  Test worker     d.u.i.k.n.KeyIO           Parsing took 0 ms 
308846     INFO  Test worker     d.u.i.k.n.KeyIO           MODE: declarations took 0 ms 
311423     INFO  Test worker     d.u.i.k.n.KeyIO           Parsing took 0 ms 
311423     INFO  Test worker     d.u.i.k.n.KeyIO           MODE: declarations took 0 ms 
311423     INFO  Test worker     d.u.i.k.n.KeyIO           Parsing took 0 ms 
311423     INFO  Test worker     d.u.i.k.n.KeyIO           MODE: declarations took 0 ms 
311424     INFO  Test worker     d.u.i.k.n.KeyIO           Parsing took 1 ms 
311424     INFO  Test worker     d.u.i.k.n.KeyIO           MODE: declarations took 0 ms 
311424     INFO  Test worker     d.u.i.k.n.KeyIO           Parsing took 0 ms 
311424     INFO  Test worker     d.u.i.k.n.KeyIO           MODE: declarations took 0 ms 
311424     INFO  Test worker     d.u.i.k.n.KeyIO           Parsing took 0 ms 
311424     INFO  Test worker     d.u.i.k.n.KeyIO           MODE: declarations took 0 ms 
313998     INFO  Test worker     d.u.i.k.n.KeyIO           Parsing took 0 ms 
313998     INFO  Test worker     d.u.i.k.n.KeyIO           MODE: declarations took 0 ms 
313998     INFO  Test worker     d.u.i.k.n.KeyIO           Parsing took 0 ms 
313998     INFO  Test worker     d.u.i.k.n.KeyIO           MODE: declarations took 0 ms 
313998     INFO  Test worker     d.u.i.k.n.KeyIO           Parsing took 0 ms 
313999     INFO  Test worker     d.u.i.k.n.KeyIO           MODE: declarations took 1 ms 
313999     INFO  Test worker     d.u.i.k.n.KeyIO           Parsing took 0 ms 
313999     INFO  Test worker     d.u.i.k.n.KeyIO           MODE: declarations took 0 ms 
313999     INFO  Test worker     d.u.i.k.n.KeyIO           Parsing took 0 ms 
313999     INFO  Test worker     d.u.i.k.n.KeyIO           MODE: declarations took 0 ms 
316565     INFO  Test worker     d.u.i.k.n.KeyIO           Parsing took 0 ms 
316566     INFO  Test worker     d.u.i.k.n.KeyIO           MODE: declarations took 0 ms 
316566     INFO  Test worker     d.u.i.k.n.KeyIO           Parsing took 0 ms 
316566     INFO  Test worker     d.u.i.k.n.KeyIO           MODE: declarations took 0 ms 
316566     INFO  Test worker     d.u.i.k.n.KeyIO           Parsing took 0 ms 
316566     INFO  Test worker     d.u.i.k.n.KeyIO           MODE: declarations took 0 ms 
316566     INFO  Test worker     d.u.i.k.n.KeyIO           Parsing took 0 ms 
316566     INFO  Test worker     d.u.i.k.n.KeyIO           MODE: declarations took 0 ms 
316566     INFO  Test worker     d.u.i.k.n.KeyIO           Parsing took 0 ms 
316566     INFO  Test worker     d.u.i.k.n.KeyIO           MODE: declarations took 0 ms 
319127     INFO  Test worker     d.u.i.k.n.KeyIO           Parsing took 0 ms 
319127     INFO  Test worker     d.u.i.k.n.KeyIO           MODE: declarations took 0 ms 
319127     INFO  Test worker     d.u.i.k.n.KeyIO           Parsing took 0 ms 
319127     INFO  Test worker     d.u.i.k.n.KeyIO           MODE: declarations took 0 ms 
319127     INFO  Test worker     d.u.i.k.n.KeyIO           Parsing took 0 ms 
319127     INFO  Test worker     d.u.i.k.n.KeyIO           MODE: declarations took 0 ms 
319127     INFO  Test worker     d.u.i.k.n.KeyIO           Parsing took 0 ms 
319127     INFO  Test worker     d.u.i.k.n.KeyIO           MODE: declarations took 0 ms 
319127     INFO  Test worker     d.u.i.k.n.KeyIO           Parsing took 0 ms 
319127     INFO  Test worker     d.u.i.k.n.KeyIO           MODE: declarations took 0 ms 
321704     INFO  Test worker     d.u.i.k.n.KeyIO           Parsing took 0 ms 
321704     INFO  Test worker     d.u.i.k.n.KeyIO           MODE: declarations took 0 ms 
321704     INFO  Test worker     d.u.i.k.n.KeyIO           Parsing took 0 ms 
321704     INFO  Test worker     d.u.i.k.n.KeyIO           MODE: declarations took 0 ms 
321704     INFO  Test worker     d.u.i.k.n.KeyIO           Parsing took 0 ms 
321704     INFO  Test worker     d.u.i.k.n.KeyIO           MODE: declarations took 0 ms 
321704     INFO  Test worker     d.u.i.k.n.KeyIO           Parsing took 0 ms 
321704     INFO  Test worker     d.u.i.k.n.KeyIO           MODE: declarations took 0 ms 
321704     INFO  Test worker     d.u.i.k.n.KeyIO           Parsing took 0 ms 
321704     INFO  Test worker     d.u.i.k.n.KeyIO           MODE: declarations took 0 ms 
324262     INFO  Test worker     d.u.i.k.n.KeyIO           Parsing took 0 ms 
324262     INFO  Test worker     d.u.i.k.n.KeyIO           MODE: declarations took 0 ms 
324262     INFO  Test worker     d.u.i.k.n.KeyIO           Parsing took 0 ms 
324262     INFO  Test worker     d.u.i.k.n.KeyIO           MODE: declarations took 0 ms 
324262     INFO  Test worker     d.u.i.k.n.KeyIO           Parsing took 0 ms 
324262     INFO  Test worker     d.u.i.k.n.KeyIO           MODE: declarations took 0 ms 
324262     INFO  Test worker     d.u.i.k.n.KeyIO           Parsing took 0 ms 
324262     INFO  Test worker     d.u.i.k.n.KeyIO           MODE: declarations took 0 ms 
324262     INFO  Test worker     d.u.i.k.n.KeyIO           Parsing took 0 ms 
324262     INFO  Test worker     d.u.i.k.n.KeyIO           MODE: declarations took 0 ms 
326834     INFO  Test worker     d.u.i.k.n.KeyIO           Parsing took 0 ms 
326834     INFO  Test worker     d.u.i.k.n.KeyIO           MODE: declarations took 0 ms 
326834     INFO  Test worker     d.u.i.k.n.KeyIO           Parsing took 0 ms 
326834     INFO  Test worker     d.u.i.k.n.KeyIO           MODE: declarations took 0 ms 
326834     INFO  Test worker     d.u.i.k.n.KeyIO           Parsing took 0 ms 
326834     INFO  Test worker     d.u.i.k.n.KeyIO           MODE: declarations took 0 ms 
326834     INFO  Test worker     d.u.i.k.n.KeyIO           Parsing took 0 ms 
326834     INFO  Test worker     d.u.i.k.n.KeyIO           MODE: declarations took 0 ms 
326834     INFO  Test worker     d.u.i.k.n.KeyIO           Parsing took 0 ms 
326834     INFO  Test worker     d.u.i.k.n.KeyIO           MODE: declarations took 0 ms 
329401     INFO  Test worker     d.u.i.k.n.KeyIO           Parsing took 0 ms 
329401     INFO  Test worker     d.u.i.k.n.KeyIO           MODE: declarations took 0 ms 
329401     INFO  Test worker     d.u.i.k.n.KeyIO           Parsing took 0 ms 
329401     INFO  Test worker     d.u.i.k.n.KeyIO           MODE: declarations took 0 ms 
329401     INFO  Test worker     d.u.i.k.n.KeyIO           Parsing took 0 ms 
329401     INFO  Test worker     d.u.i.k.n.KeyIO           MODE: declarations took 0 ms 
329401     INFO  Test worker     d.u.i.k.n.KeyIO           Parsing took 0 ms 
329401     INFO  Test worker     d.u.i.k.n.KeyIO           MODE: declarations took 0 ms 
329401     INFO  Test worker     d.u.i.k.n.KeyIO           Parsing took 0 ms 
329401     INFO  Test worker     d.u.i.k.n.KeyIO           MODE: declarations took 0 ms 
331969     INFO  Test worker     d.u.i.k.n.KeyIO           Parsing took 0 ms 
331969     INFO  Test worker     d.u.i.k.n.KeyIO           MODE: declarations took 0 ms 
331969     INFO  Test worker     d.u.i.k.n.KeyIO           Parsing took 0 ms 
331969     INFO  Test worker     d.u.i.k.n.KeyIO           MODE: declarations took 0 ms 
331969     INFO  Test worker     d.u.i.k.n.KeyIO           Parsing took 0 ms 
331969     INFO  Test worker     d.u.i.k.n.KeyIO           MODE: declarations took 0 ms 
331969     INFO  Test worker     d.u.i.k.n.KeyIO           Parsing took 0 ms 
331969     INFO  Test worker     d.u.i.k.n.KeyIO           MODE: declarations took 0 ms 
331969     INFO  Test worker     d.u.i.k.n.KeyIO           Parsing took 0 ms 
331969     INFO  Test worker     d.u.i.k.n.KeyIO           MODE: declarations took 0 ms 
334539     INFO  Test worker     d.u.i.k.n.KeyIO           Parsing took 0 ms 
334540     INFO  Test worker     d.u.i.k.n.KeyIO           MODE: declarations took 0 ms 
334540     INFO  Test worker     d.u.i.k.n.KeyIO           Parsing took 0 ms 
334540     INFO  Test worker     d.u.i.k.n.KeyIO           MODE: declarations took 0 ms 
334540     INFO  Test worker     d.u.i.k.n.KeyIO           Parsing took 0 ms 
334540     INFO  Test worker     d.u.i.k.n.KeyIO           MODE: declarations took 0 ms 
334540     INFO  Test worker     d.u.i.k.n.KeyIO           Parsing took 0 ms 
334540     INFO  Test worker     d.u.i.k.n.KeyIO           MODE: declarations took 0 ms 
334540     INFO  Test worker     d.u.i.k.n.KeyIO           Parsing took 0 ms 
334540     INFO  Test worker     d.u.i.k.n.KeyIO           MODE: declarations took 0 ms 
337104     INFO  Test worker     d.u.i.k.n.KeyIO           Parsing took 0 ms 
337104     INFO  Test worker     d.u.i.k.n.KeyIO           MODE: declarations took 0 ms 
337104     INFO  Test worker     d.u.i.k.n.KeyIO           Parsing took 0 ms 
337104     INFO  Test worker     d.u.i.k.n.KeyIO           MODE: declarations took 0 ms 
337104     INFO  Test worker     d.u.i.k.n.KeyIO           Parsing took 0 ms 
337104     INFO  Test worker     d.u.i.k.n.KeyIO           MODE: declarations took 0 ms 
337104     INFO  Test worker     d.u.i.k.n.KeyIO           Parsing took 0 ms 
337104     INFO  Test worker     d.u.i.k.n.KeyIO           MODE: declarations took 0 ms 
337104     INFO  Test worker     d.u.i.k.n.KeyIO           Parsing took 0 ms 
337104     INFO  Test worker     d.u.i.k.n.KeyIO           MODE: declarations took 0 ms 
339695     INFO  Test worker     d.u.i.k.n.KeyIO           Parsing took 0 ms 
339695     INFO  Test worker     d.u.i.k.n.KeyIO           MODE: declarations took 0 ms 
339695     INFO  Test worker     d.u.i.k.n.KeyIO           Parsing took 0 ms 
339695     INFO  Test worker     d.u.i.k.n.KeyIO           MODE: declarations took 0 ms 
339695     INFO  Test worker     d.u.i.k.n.KeyIO           Parsing took 0 ms 
339695     INFO  Test worker     d.u.i.k.n.KeyIO           MODE: declarations took 0 ms 
339696     INFO  Test worker     d.u.i.k.n.KeyIO           Parsing took 1 ms 
339696     INFO  Test worker     d.u.i.k.n.KeyIO           MODE: declarations took 0 ms 
339696     INFO  Test worker     d.u.i.k.n.KeyIO           Parsing took 0 ms 
339696     INFO  Test worker     d.u.i.k.n.KeyIO           MODE: declarations took 0 ms 
342266     INFO  Test worker     d.u.i.k.n.KeyIO           Parsing took 0 ms 
342266     INFO  Test worker     d.u.i.k.n.KeyIO           MODE: declarations took 0 ms 
342267     INFO  Test worker     d.u.i.k.n.KeyIO           Parsing took 1 ms 
342267     INFO  Test worker     d.u.i.k.n.KeyIO           MODE: declarations took 0 ms 
342267     INFO  Test worker     d.u.i.k.n.KeyIO           Parsing took 0 ms 
342267     INFO  Test worker     d.u.i.k.n.KeyIO           MODE: declarations took 0 ms 
342267     INFO  Test worker     d.u.i.k.n.KeyIO           Parsing took 0 ms 
342267     INFO  Test worker     d.u.i.k.n.KeyIO           MODE: declarations took 0 ms 
342267     INFO  Test worker     d.u.i.k.n.KeyIO           Parsing took 0 ms 
342267     INFO  Test worker     d.u.i.k.n.KeyIO           MODE: declarations took 0 ms 
344835     INFO  Test worker     d.u.i.k.n.KeyIO           Parsing took 0 ms 
344835     INFO  Test worker     d.u.i.k.n.KeyIO           MODE: declarations took 0 ms 
344835     INFO  Test worker     d.u.i.k.n.KeyIO           Parsing took 0 ms 
344835     INFO  Test worker     d.u.i.k.n.KeyIO           MODE: declarations took 0 ms 
344835     INFO  Test worker     d.u.i.k.n.KeyIO           Parsing took 0 ms 
344835     INFO  Test worker     d.u.i.k.n.KeyIO           MODE: declarations took 0 ms 
344835     INFO  Test worker     d.u.i.k.n.KeyIO           Parsing took 0 ms 
344835     INFO  Test worker     d.u.i.k.n.KeyIO           MODE: declarations took 0 ms 
344835     INFO  Test worker     d.u.i.k.n.KeyIO           Parsing took 0 ms 
344835     INFO  Test worker     d.u.i.k.n.KeyIO           MODE: declarations took 0 ms 
347402     INFO  Test worker     d.u.i.k.n.KeyIO           Parsing took 0 ms 
347402     INFO  Test worker     d.u.i.k.n.KeyIO           MODE: declarations took 0 ms 
347403     INFO  Test worker     d.u.i.k.n.KeyIO           Parsing took 1 ms 
347403     INFO  Test worker     d.u.i.k.n.KeyIO           MODE: declarations took 0 ms 
347403     INFO  Test worker     d.u.i.k.n.KeyIO           Parsing took 0 ms 
347403     INFO  Test worker     d.u.i.k.n.KeyIO           MODE: declarations took 0 ms 
347403     INFO  Test worker     d.u.i.k.n.KeyIO           Parsing took 0 ms 
347403     INFO  Test worker     d.u.i.k.n.KeyIO           MODE: declarations took 0 ms 
347403     INFO  Test worker     d.u.i.k.n.KeyIO           Parsing took 0 ms 
347403     INFO  Test worker     d.u.i.k.n.KeyIO           MODE: declarations took 0 ms 
349961     INFO  Test worker     d.u.i.k.n.KeyIO           Parsing took 0 ms 
349961     INFO  Test worker     d.u.i.k.n.KeyIO           MODE: declarations took 0 ms 
349961     INFO  Test worker     d.u.i.k.n.KeyIO           Parsing took 0 ms 
349961     INFO  Test worker     d.u.i.k.n.KeyIO           MODE: declarations took 0 ms 
349961     INFO  Test worker     d.u.i.k.n.KeyIO           Parsing took 0 ms 
349961     INFO  Test worker     d.u.i.k.n.KeyIO           MODE: declarations took 0 ms 
349961     INFO  Test worker     d.u.i.k.n.KeyIO           Parsing took 0 ms 
349961     INFO  Test worker     d.u.i.k.n.KeyIO           MODE: declarations took 0 ms 
349961     INFO  Test worker     d.u.i.k.n.KeyIO           Parsing took 0 ms 
349961     INFO  Test worker     d.u.i.k.n.KeyIO           MODE: declarations took 0 ms 
352514     INFO  Test worker     d.u.i.k.n.KeyIO           Parsing took 0 ms 
352514     INFO  Test worker     d.u.i.k.n.KeyIO           MODE: declarations took 0 ms 
352514     INFO  Test worker     d.u.i.k.n.KeyIO           Parsing took 0 ms 
352514     INFO  Test worker     d.u.i.k.n.KeyIO           MODE: declarations took 0 ms 
352514     INFO  Test worker     d.u.i.k.n.KeyIO           Parsing took 0 ms 
352514     INFO  Test worker     d.u.i.k.n.KeyIO           MODE: declarations took 0 ms 
352514     INFO  Test worker     d.u.i.k.n.KeyIO           Parsing took 0 ms 
352514     INFO  Test worker     d.u.i.k.n.KeyIO           MODE: declarations took 0 ms 
352514     INFO  Test worker     d.u.i.k.n.KeyIO           Parsing took 0 ms 
352514     INFO  Test worker     d.u.i.k.n.KeyIO           MODE: declarations took 0 ms 
355085     INFO  Test worker     d.u.i.k.n.KeyIO           Parsing took 0 ms 
355086     INFO  Test worker     d.u.i.k.n.KeyIO           MODE: declarations took 0 ms 
355086     INFO  Test worker     d.u.i.k.n.KeyIO           Parsing took 0 ms 
355086     INFO  Test worker     d.u.i.k.n.KeyIO           MODE: declarations took 0 ms 
355086     INFO  Test worker     d.u.i.k.n.KeyIO           Parsing took 0 ms 
355086     INFO  Test worker     d.u.i.k.n.KeyIO           MODE: declarations took 0 ms 
355086     INFO  Test worker     d.u.i.k.n.KeyIO           Parsing took 0 ms 
355086     INFO  Test worker     d.u.i.k.n.KeyIO           MODE: declarations took 0 ms 
355086     INFO  Test worker     d.u.i.k.n.KeyIO           Parsing took 0 ms 
355086     INFO  Test worker     d.u.i.k.n.KeyIO           MODE: declarations took 0 ms 
357642     INFO  Test worker     d.u.i.k.n.KeyIO           Parsing took 0 ms 
357642     INFO  Test worker     d.u.i.k.n.KeyIO           MODE: declarations took 0 ms 
357642     INFO  Test worker     d.u.i.k.n.KeyIO           Parsing took 0 ms 
357642     INFO  Test worker     d.u.i.k.n.KeyIO           MODE: declarations took 0 ms 
357642     INFO  Test worker     d.u.i.k.n.KeyIO           Parsing took 0 ms 
357642     INFO  Test worker     d.u.i.k.n.KeyIO           MODE: declarations took 0 ms 
357642     INFO  Test worker     d.u.i.k.n.KeyIO           Parsing took 0 ms 
357643     INFO  Test worker     d.u.i.k.n.KeyIO           MODE: declarations took 1 ms 
357643     INFO  Test worker     d.u.i.k.n.KeyIO           Parsing took 0 ms 
357643     INFO  Test worker     d.u.i.k.n.KeyIO           MODE: declarations took 0 ms 
360195     INFO  Test worker     d.u.i.k.n.KeyIO           Parsing took 0 ms 
360195     INFO  Test worker     d.u.i.k.n.KeyIO           MODE: declarations took 0 ms 
360195     INFO  Test worker     d.u.i.k.n.KeyIO           Parsing took 0 ms 
360195     INFO  Test worker     d.u.i.k.n.KeyIO           MODE: declarations took 0 ms 
360195     INFO  Test worker     d.u.i.k.n.KeyIO           Parsing took 0 ms 
360195     INFO  Test worker     d.u.i.k.n.KeyIO           MODE: declarations took 0 ms 
360195     INFO  Test worker     d.u.i.k.n.KeyIO           Parsing took 0 ms 
360195     INFO  Test worker     d.u.i.k.n.KeyIO           MODE: declarations took 0 ms 
360195     INFO  Test worker     d.u.i.k.n.KeyIO           Parsing took 0 ms 
360195     INFO  Test worker     d.u.i.k.n.KeyIO           MODE: declarations took 0 ms 
362748     INFO  Test worker     d.u.i.k.n.KeyIO           Parsing took 0 ms 
362748     INFO  Test worker     d.u.i.k.n.KeyIO           MODE: declarations took 0 ms 
362748     INFO  Test worker     d.u.i.k.n.KeyIO           Parsing took 0 ms 
362748     INFO  Test worker     d.u.i.k.n.KeyIO           MODE: declarations took 0 ms 
362748     INFO  Test worker     d.u.i.k.n.KeyIO           Parsing took 0 ms 
362748     INFO  Test worker     d.u.i.k.n.KeyIO           MODE: declarations took 0 ms 
362749     INFO  Test worker     d.u.i.k.n.KeyIO           Parsing took 0 ms 
362749     INFO  Test worker     d.u.i.k.n.KeyIO           MODE: declarations took 0 ms 
362749     INFO  Test worker     d.u.i.k.n.KeyIO           Parsing took 0 ms 
362749     INFO  Test worker     d.u.i.k.n.KeyIO           MODE: declarations took 0 ms 
365309     INFO  Test worker     d.u.i.k.n.KeyIO           Parsing took 0 ms 
365309     INFO  Test worker     d.u.i.k.n.KeyIO           MODE: declarations took 0 ms 
365309     INFO  Test worker     d.u.i.k.n.KeyIO           Parsing took 0 ms 
365309     INFO  Test worker     d.u.i.k.n.KeyIO           MODE: declarations took 0 ms 
365309     INFO  Test worker     d.u.i.k.n.KeyIO           Parsing took 0 ms 
365310     INFO  Test worker     d.u.i.k.n.KeyIO           MODE: declarations took 0 ms 
365310     INFO  Test worker     d.u.i.k.n.KeyIO           Parsing took 0 ms 
365310     INFO  Test worker     d.u.i.k.n.KeyIO           MODE: declarations took 0 ms 
365310     INFO  Test worker     d.u.i.k.n.KeyIO           Parsing took 0 ms 
365310     INFO  Test worker     d.u.i.k.n.KeyIO           MODE: declarations took 0 ms 
367885     INFO  Test worker     d.u.i.k.n.KeyIO           Parsing took 0 ms 
367885     INFO  Test worker     d.u.i.k.n.KeyIO           MODE: declarations took 0 ms 
367885     INFO  Test worker     d.u.i.k.n.KeyIO           Parsing took 0 ms 
367885     INFO  Test worker     d.u.i.k.n.KeyIO           MODE: declarations took 0 ms 
367885     INFO  Test worker     d.u.i.k.n.KeyIO           Parsing took 0 ms 
367885     INFO  Test worker     d.u.i.k.n.KeyIO           MODE: declarations took 0 ms 
367885     INFO  Test worker     d.u.i.k.n.KeyIO           Parsing took 0 ms 
367885     INFO  Test worker     d.u.i.k.n.KeyIO           MODE: declarations took 0 ms 
367885     INFO  Test worker     d.u.i.k.n.KeyIO           Parsing took 0 ms 
367885     INFO  Test worker     d.u.i.k.n.KeyIO           MODE: declarations took 0 ms 
]]></system-out>
  <system-err><![CDATA[]]></system-err>
</testsuite>
