<?xml version="1.0" encoding="UTF-8"?>
<testsuite name="de.uka.ilkd.key.proof.runallproofs.RunAllProofsFunctional" tests="34" skipped="0" failures="0" errors="0" timestamp="2023-04-20T12:44:47" hostname="fv-az175-635" time="5432.217">
  <properties/>
  <testcase name="newBook" classname="de.uka.ilkd.key.proof.runallproofs.RunAllProofsFunctional" time="59.487"/>
  <testcase name="oldBook" classname="de.uka.ilkd.key.proof.runallproofs.RunAllProofsFunctional" time="16.658"/>
  <testcase name="comprehensions" classname="de.uka.ilkd.key.proof.runallproofs.RunAllProofsFunctional" time="63.017"/>
  <testcase name="performance" classname="de.uka.ilkd.key.proof.runallproofs.RunAllProofsFunctional" time="225.214"/>
  <testcase name="performancePOConstruction" classname="de.uka.ilkd.key.proof.runallproofs.RunAllProofsFunctional" time="73.05"/>
  <testcase name="applicationRestrictions" classname="de.uka.ilkd.key.proof.runallproofs.RunAllProofsFunctional" time="50.802"/>
  <testcase name="blockContracts" classname="de.uka.ilkd.key.proof.runallproofs.RunAllProofsFunctional" time="134.953"/>
  <testcase name="jmlAsserts" classname="de.uka.ilkd.key.proof.runallproofs.RunAllProofsFunctional" time="92.015"/>
  <testcase name="javaCard" classname="de.uka.ilkd.key.proof.runallproofs.RunAllProofsFunctional" time="139.973"/>
  <testcase name="list" classname="de.uka.ilkd.key.proof.runallproofs.RunAllProofsFunctional" time="261.029"/>
  <testcase name="list_ghost" classname="de.uka.ilkd.key.proof.runallproofs.RunAllProofsFunctional" time="67.198"/>
  <testcase name="list_recursive" classname="de.uka.ilkd.key.proof.runallproofs.RunAllProofsFunctional" time="22.219"/>
  <testcase name="list_seq" classname="de.uka.ilkd.key.proof.runallproofs.RunAllProofsFunctional" time="179.969"/>
  <testcase name="observer" classname="de.uka.ilkd.key.proof.runallproofs.RunAllProofsFunctional" time="96.761"/>
  <testcase name="removeDups" classname="de.uka.ilkd.key.proof.runallproofs.RunAllProofsFunctional" time="151.423"/>
  <testcase name="quicksort" classname="de.uka.ilkd.key.proof.runallproofs.RunAllProofsFunctional" time="109.677"/>
  <testcase name="simpleTests" classname="de.uka.ilkd.key.proof.runallproofs.RunAllProofsFunctional" time="155.958"/>
  <testcase name="SmansEtAl" classname="de.uka.ilkd.key.proof.runallproofs.RunAllProofsFunctional" time="207.322"/>
  <testcase name="VACID0" classname="de.uka.ilkd.key.proof.runallproofs.RunAllProofsFunctional" time="79.651"/>
  <testcase name="VSTTE10" classname="de.uka.ilkd.key.proof.runallproofs.RunAllProofsFunctional" time="191.007"/>
  <testcase name="WeideEtAl" classname="de.uka.ilkd.key.proof.runallproofs.RunAllProofsFunctional" time="29.048"/>
  <testcase name="arithmetic" classname="de.uka.ilkd.key.proof.runallproofs.RunAllProofsFunctional" time="489.226"/>
  <testcase name="arrays" classname="de.uka.ilkd.key.proof.runallproofs.RunAllProofsFunctional" time="60.055"/>
  <testcase name="javadl" classname="de.uka.ilkd.key.proof.runallproofs.RunAllProofsFunctional" time="665.841"/>
  <testcase name="FOL" classname="de.uka.ilkd.key.proof.runallproofs.RunAllProofsFunctional" time="288.092"/>
  <testcase name="strings" classname="de.uka.ilkd.key.proof.runallproofs.RunAllProofsFunctional" time="154.64"/>
  <testcase name="simple_info_flow" classname="de.uka.ilkd.key.proof.runallproofs.RunAllProofsFunctional" time="13.663"/>
  <testcase name="modelMethods" classname="de.uka.ilkd.key.proof.runallproofs.RunAllProofsFunctional" time="187.174"/>
  <testcase name="permissionHeap" classname="de.uka.ilkd.key.proof.runallproofs.RunAllProofsFunctional" time="855.923"/>
  <testcase name="completionScopes" classname="de.uka.ilkd.key.proof.runallproofs.RunAllProofsFunctional" time="50.261"/>
  <testcase name="reload_examples" classname="de.uka.ilkd.key.proof.runallproofs.RunAllProofsFunctional" time="44.047"/>
  <testcase name="proofLoadRepair" classname="de.uka.ilkd.key.proof.runallproofs.RunAllProofsFunctional" time="19.154"/>
  <testcase name="switch" classname="de.uka.ilkd.key.proof.runallproofs.RunAllProofsFunctional" time="64.047"/>
  <testcase name="redux" classname="de.uka.ilkd.key.proof.runallproofs.RunAllProofsFunctional" time="133.646"/>
  <system-out><![CDATA[675        INFO  Test worker     d.u.i.k.p.r.RunAllProofsTestUnit Running test newBook 
303        INFO  Timeout watchdog d.u.i.k.p.r.p.ForkedTestFileRunner Timeout watcher launched (2000 secs.) 
312        WARN  main            d.u.i.k.s.ProofSettings   No proof-settings could be loaded, using defaults java.io.FileNotFoundException: /home/runner/.key/proof-settings.props (No such file or directory)
	at java.base/java.io.FileInputStream.open0(Native Method)

368        INFO  main            d.u.i.k.p.r.p.TestFile    Now processing file /home/runner/work/key/key/key.core/../key.ui/examples/newBook/09.list_modelfield/ArrayList.add.key 
546        INFO  main            d.u.i.k.p.i.AbstractProblemLoader Loading environment from /home/runner/work/key/key/key.core/../key.ui/examples/newBook/09.list_modelfield/ArrayList.add.key 
568        DEBUG main            d.u.i.k.p.i.AbstractProblemLoader Environment load took 6.81ms 
774        INFO  main            d.u.i.k.p.i.AbstractProblemLoader Creating init config 
1661       DEBUG main            d.u.i.k.j.TypeConverter   No LDT found for Meta 
1662       DEBUG main            d.u.i.k.j.TypeConverter   No LDT found for Meta 
1665       DEBUG main            d.u.i.k.j.TypeConverter   No LDT found for Meta 
1666       DEBUG main            d.u.i.k.j.TypeConverter   No LDT found for Meta 
2847       DEBUG main            d.u.i.k.j.TypeConverter   No LDT found for JavaBigintExpression 
7780       DEBUG main            d.u.i.k.p.i.AbstractProblemLoader Init config took 7.01s 
7903       INFO  main            d.u.i.k.p.i.AbstractProblemLoader Replaying proof ArrayList[List::add(int)].JML normal_behavior operation contract.0 
7940       DEBUG main            d.u.i.k.p.i.IntermediateProofReplayer Proof replay took 26.7ns 
25323      INFO  main            d.u.i.k.p.r.p.TestFile    ... finished proof: closed. 
25579      INFO  main            d.u.i.k.p.i.AbstractProblemLoader Loading environment from /home/runner/work/key/key/key.core/../key.ui/examples/newBook/09.list_modelfield/ArrayList.add.key.proof 
25579      DEBUG main            d.u.i.k.p.i.AbstractProblemLoader Environment load took 158.01ns 
25589      INFO  main            d.u.i.k.p.i.AbstractProblemLoader Creating init config 
28359      DEBUG main            d.u.i.k.p.i.AbstractProblemLoader Init config took 2.77s 
28418      INFO  main            d.u.i.k.p.i.AbstractProblemLoader Replaying proof ArrayList[List::add(int)].JML normal_behavior operation contract.0 
29682      DEBUG main            d.u.i.k.p.i.IntermediateProofReplayer Proof replay took 1.21s 
29694      DEBUG main            d.u.i.k.p.r.p.TestFile    ... success: reloaded. 
29696      INFO  main            d.u.i.k.p.r.p.TestFile    Now processing file /home/runner/work/key/key/key.core/../key.ui/examples/newBook/09.list_modelfield/ArrayList.remFirst.key 
29696      INFO  main            d.u.i.k.p.i.AbstractProblemLoader Loading environment from /home/runner/work/key/key/key.core/../key.ui/examples/newBook/09.list_modelfield/ArrayList.remFirst.key 
29696      DEBUG main            d.u.i.k.p.i.AbstractProblemLoader Environment load took 66.81ns 
29700      INFO  main            d.u.i.k.p.i.AbstractProblemLoader Creating init config 
32528      DEBUG main            d.u.i.k.p.i.AbstractProblemLoader Init config took 2.83s 
32578      INFO  main            d.u.i.k.p.i.AbstractProblemLoader Replaying proof ArrayList[List::remFirst()].JML normal_behavior operation contract.0 
32580      DEBUG main            d.u.i.k.p.i.IntermediateProofReplayer Proof replay took 4.3ns 
36980      INFO  main            d.u.i.k.p.r.p.TestFile    ... finished proof: closed. 
37176      INFO  main            d.u.i.k.p.i.AbstractProblemLoader Loading environment from /home/runner/work/key/key/key.core/../key.ui/examples/newBook/09.list_modelfield/ArrayList.remFirst.key.proof 
37177      DEBUG main            d.u.i.k.p.i.AbstractProblemLoader Environment load took 756.35ns 
37179      INFO  main            d.u.i.k.p.i.AbstractProblemLoader Creating init config 
39760      DEBUG main            d.u.i.k.p.i.AbstractProblemLoader Init config took 2.58s 
39807      INFO  main            d.u.i.k.p.i.AbstractProblemLoader Replaying proof ArrayList[List::remFirst()].JML normal_behavior operation contract.0 
40414      DEBUG main            d.u.i.k.p.i.IntermediateProofReplayer Proof replay took 588.97ms 
40419      DEBUG main            d.u.i.k.p.r.p.TestFile    ... success: reloaded. 
40420      INFO  main            d.u.i.k.p.r.p.TestFile    Now processing file /home/runner/work/key/key/key.core/../key.ui/examples/newBook/09.list_modelfield/ArrayList.empty.key 
40420      INFO  main            d.u.i.k.p.i.AbstractProblemLoader Loading environment from /home/runner/work/key/key/key.core/../key.ui/examples/newBook/09.list_modelfield/ArrayList.empty.key 
40420      DEBUG main            d.u.i.k.p.i.AbstractProblemLoader Environment load took 68.2ns 
40421      INFO  main            d.u.i.k.p.i.AbstractProblemLoader Creating init config 
43090      DEBUG main            d.u.i.k.p.i.AbstractProblemLoader Init config took 2.67s 
43136      INFO  main            d.u.i.k.p.i.AbstractProblemLoader Replaying proof ArrayList[List::empty()].JML normal_behavior operation contract.0 
43138      DEBUG main            d.u.i.k.p.i.IntermediateProofReplayer Proof replay took 4.6ns 
44143      INFO  main            d.u.i.k.p.r.p.TestFile    ... finished proof: closed. 
44303      INFO  main            d.u.i.k.p.i.AbstractProblemLoader Loading environment from /home/runner/work/key/key/key.core/../key.ui/examples/newBook/09.list_modelfield/ArrayList.empty.key.proof 
44303      DEBUG main            d.u.i.k.p.i.AbstractProblemLoader Environment load took 114.41ns 
44305      INFO  main            d.u.i.k.p.i.AbstractProblemLoader Creating init config 
46821      DEBUG main            d.u.i.k.p.i.AbstractProblemLoader Init config took 2.52s 
46887      INFO  main            d.u.i.k.p.i.AbstractProblemLoader Replaying proof ArrayList[List::empty()].JML normal_behavior operation contract.0 
47027      DEBUG main            d.u.i.k.p.i.IntermediateProofReplayer Proof replay took 134.64ms 
47029      DEBUG main            d.u.i.k.p.r.p.TestFile    ... success: reloaded. 
47030      INFO  main            d.u.i.k.p.r.p.TestFile    Now processing file /home/runner/work/key/key/key.core/../key.ui/examples/newBook/09.list_modelfield/ArrayList.size.key 
47031      INFO  main            d.u.i.k.p.i.AbstractProblemLoader Loading environment from /home/runner/work/key/key/key.core/../key.ui/examples/newBook/09.list_modelfield/ArrayList.size.key 
47031      DEBUG main            d.u.i.k.p.i.AbstractProblemLoader Environment load took 464.33ns 
47033      INFO  main            d.u.i.k.p.i.AbstractProblemLoader Creating init config 
49557      DEBUG main            d.u.i.k.p.i.AbstractProblemLoader Init config took 2.52s 
49599      INFO  main            d.u.i.k.p.i.AbstractProblemLoader Replaying proof ArrayList[List::size()].JML normal_behavior operation contract.0 
49601      DEBUG main            d.u.i.k.p.i.IntermediateProofReplayer Proof replay took 4.7ns 
50006      INFO  main            d.u.i.k.p.r.p.TestFile    ... finished proof: closed. 
50148      INFO  main            d.u.i.k.p.i.AbstractProblemLoader Loading environment from /home/runner/work/key/key/key.core/../key.ui/examples/newBook/09.list_modelfield/ArrayList.size.key.proof 
50149      DEBUG main            d.u.i.k.p.i.AbstractProblemLoader Environment load took 993.97ns 
50150      INFO  main            d.u.i.k.p.i.AbstractProblemLoader Creating init config 
52714      DEBUG main            d.u.i.k.p.i.AbstractProblemLoader Init config took 2.56s 
52762      INFO  main            d.u.i.k.p.i.AbstractProblemLoader Replaying proof ArrayList[List::size()].JML normal_behavior operation contract.0 
52819      DEBUG main            d.u.i.k.p.i.IntermediateProofReplayer Proof replay took 54.2ms 
52820      DEBUG main            d.u.i.k.p.r.p.TestFile    ... success: reloaded. 
52821      INFO  main            d.u.i.k.p.r.p.TestFile    Now processing file /home/runner/work/key/key/key.core/../key.ui/examples/newBook/09.list_modelfield/ArrayList.get.key 
52821      INFO  main            d.u.i.k.p.i.AbstractProblemLoader Loading environment from /home/runner/work/key/key/key.core/../key.ui/examples/newBook/09.list_modelfield/ArrayList.get.key 
52821      DEBUG main            d.u.i.k.p.i.AbstractProblemLoader Environment load took 56.7ns 
52821      INFO  main            d.u.i.k.p.i.AbstractProblemLoader Creating init config 
55381      DEBUG main            d.u.i.k.p.i.AbstractProblemLoader Init config took 2.56s 
55425      INFO  main            d.u.i.k.p.i.AbstractProblemLoader Replaying proof ArrayList[List::get(int)].JML normal_behavior operation contract.0 
55426      DEBUG main            d.u.i.k.p.i.IntermediateProofReplayer Proof replay took 5ns 
56433      INFO  main            d.u.i.k.p.r.p.TestFile    ... finished proof: closed. 
56606      INFO  main            d.u.i.k.p.i.AbstractProblemLoader Loading environment from /home/runner/work/key/key/key.core/../key.ui/examples/newBook/09.list_modelfield/ArrayList.get.key.proof 
56607      DEBUG main            d.u.i.k.p.i.AbstractProblemLoader Environment load took 837.15ns 
56608      INFO  main            d.u.i.k.p.i.AbstractProblemLoader Creating init config 
59112      DEBUG main            d.u.i.k.p.i.AbstractProblemLoader Init config took 2.5s 
59158      INFO  main            d.u.i.k.p.i.AbstractProblemLoader Replaying proof ArrayList[List::get(int)].JML normal_behavior operation contract.0 
59267      DEBUG main            d.u.i.k.p.i.IntermediateProofReplayer Proof replay took 102.76ms 
59268      DEBUG main            d.u.i.k.p.r.p.TestFile    ... success: reloaded. 
60147      INFO  Test worker     d.u.i.k.p.r.RunAllProofsTestUnit Returning from test newBook 
60171      INFO  Test worker     d.u.i.k.p.r.RunAllProofsTestUnit Running test oldBook 
316        INFO  Timeout watchdog d.u.i.k.p.r.p.ForkedTestFileRunner Timeout watcher launched (2000 secs.) 
336        WARN  main            d.u.i.k.s.ProofSettings   The settings in /home/runner/.key/proof-settings.props are *not* read. 
369        INFO  main            d.u.i.k.p.r.p.TestFile    Now processing file /home/runner/work/key/key/key.core/../key.ui/examples/standard_key/BookExamples/02FirstOrderLogic/Ex2.58.key 
483        INFO  main            d.u.i.k.p.i.AbstractProblemLoader Loading environment from /home/runner/work/key/key/key.core/../key.ui/examples/standard_key/BookExamples/02FirstOrderLogic/Ex2.58.key 
500        DEBUG main            d.u.i.k.p.i.AbstractProblemLoader Environment load took 2.59ms 
775        INFO  main            d.u.i.k.p.i.AbstractProblemLoader Creating init config 
1612       DEBUG main            d.u.i.k.j.TypeConverter   No LDT found for Meta 
1619       DEBUG main            d.u.i.k.j.TypeConverter   No LDT found for Meta 
1620       DEBUG main            d.u.i.k.j.TypeConverter   No LDT found for Meta 
1620       DEBUG main            d.u.i.k.j.TypeConverter   No LDT found for Meta 
2943       DEBUG main            d.u.i.k.j.TypeConverter   No LDT found for JavaBigintExpression 
7759       DEBUG main            d.u.i.k.p.i.AbstractProblemLoader Init config took 6.98s 
7810       INFO  main            d.u.i.k.p.i.AbstractProblemLoader Replaying proof Ex2.58.key 
7842       DEBUG main            d.u.i.k.p.i.IntermediateProofReplayer Proof replay took 37.2ns 
8012       INFO  main            d.u.i.k.p.r.p.TestFile    ... finished proof: closed. 
8106       INFO  main            d.u.i.k.p.i.AbstractProblemLoader Loading environment from /home/runner/work/key/key/key.core/../key.ui/examples/standard_key/BookExamples/02FirstOrderLogic/Ex2.58.key.proof 
8106       DEBUG main            d.u.i.k.p.i.AbstractProblemLoader Environment load took 153.81ns 
8110       INFO  main            d.u.i.k.p.i.AbstractProblemLoader Creating init config 
10780      DEBUG main            d.u.i.k.p.i.AbstractProblemLoader Init config took 2.67s 
10808      INFO  main            d.u.i.k.p.i.AbstractProblemLoader Replaying proof Ex2.58.key.proof 
10815      DEBUG main            d.u.i.k.p.i.IntermediateProofReplayer Proof replay took 3.35ms 
10824      DEBUG main            d.u.i.k.p.r.p.TestFile    ... success: reloaded. 
10826      INFO  main            d.u.i.k.p.r.p.TestFile    Now processing file /home/runner/work/key/key/key.core/../key.ui/examples/standard_key/BookExamples/03DynamicLogic/Sect3.3.1.key 
10826      INFO  main            d.u.i.k.p.i.AbstractProblemLoader Loading environment from /home/runner/work/key/key/key.core/../key.ui/examples/standard_key/BookExamples/03DynamicLogic/Sect3.3.1.key 
10826      DEBUG main            d.u.i.k.p.i.AbstractProblemLoader Environment load took 72.81ns 
10827      INFO  main            d.u.i.k.p.i.AbstractProblemLoader Creating init config 
13262      DEBUG main            d.u.i.k.p.i.AbstractProblemLoader Init config took 2.43s 
13290      INFO  main            d.u.i.k.p.i.AbstractProblemLoader Replaying proof Sect3.3.1.key 
13293      DEBUG main            d.u.i.k.p.i.IntermediateProofReplayer Proof replay took 5.7ns 
13811      INFO  main            d.u.i.k.p.r.p.TestFile    ... finished proof: closed. 
13941      INFO  main            d.u.i.k.p.i.AbstractProblemLoader Loading environment from /home/runner/work/key/key/key.core/../key.ui/examples/standard_key/BookExamples/03DynamicLogic/Sect3.3.1.key.proof 
13942      DEBUG main            d.u.i.k.p.i.AbstractProblemLoader Environment load took 125.71ns 
13943      INFO  main            d.u.i.k.p.i.AbstractProblemLoader Creating init config 
16341      DEBUG main            d.u.i.k.p.i.AbstractProblemLoader Init config took 2.4s 
16381      INFO  main            d.u.i.k.p.i.AbstractProblemLoader Replaying proof Sect3.3.1.key.proof 
16484      DEBUG main            d.u.i.k.p.i.IntermediateProofReplayer Proof replay took 94.3ms 
16485      DEBUG main            d.u.i.k.p.r.p.TestFile    ... success: reloaded. 
76827      INFO  Test worker     d.u.i.k.p.r.RunAllProofsTestUnit Returning from test oldBook 
76828      INFO  Test worker     d.u.i.k.p.r.RunAllProofsTestUnit Running test comprehensions 
310        INFO  Timeout watchdog d.u.i.k.p.r.p.ForkedTestFileRunner Timeout watcher launched (2000 secs.) 
317        WARN  main            d.u.i.k.s.ProofSettings   The settings in /home/runner/.key/proof-settings.props are *not* read. 
354        INFO  main            d.u.i.k.p.r.p.TestFile    Now processing file /home/runner/work/key/key/key.core/../key.ui/examples/heap/comprehensions/general_sum.key 
471        INFO  main            d.u.i.k.p.i.AbstractProblemLoader Loading environment from /home/runner/work/key/key/key.core/../key.ui/examples/heap/comprehensions/general_sum.key 
489        DEBUG main            d.u.i.k.p.i.AbstractProblemLoader Environment load took 2.09ms 
689        INFO  main            d.u.i.k.p.i.AbstractProblemLoader Creating init config 
1624       DEBUG main            d.u.i.k.j.TypeConverter   No LDT found for Meta 
1624       DEBUG main            d.u.i.k.j.TypeConverter   No LDT found for Meta 
1627       DEBUG main            d.u.i.k.j.TypeConverter   No LDT found for Meta 
1627       DEBUG main            d.u.i.k.j.TypeConverter   No LDT found for Meta 
3060       DEBUG main            d.u.i.k.j.TypeConverter   No LDT found for JavaBigintExpression 
7844       DEBUG main            d.u.i.k.p.i.AbstractProblemLoader Init config took 7.15s 
8014       INFO  main            d.u.i.k.p.i.AbstractProblemLoader Replaying proof GSum[GSum::doNothing()].JML operation contract.0 
8047       DEBUG main            d.u.i.k.p.i.IntermediateProofReplayer Proof replay took 26.7ns 
8381       INFO  main            d.u.i.k.p.r.p.TestFile    ... finished proof: closed. 
8504       INFO  main            d.u.i.k.p.i.AbstractProblemLoader Loading environment from /home/runner/work/key/key/key.core/../key.ui/examples/heap/comprehensions/general_sum.key.proof 
8504       DEBUG main            d.u.i.k.p.i.AbstractProblemLoader Environment load took 150.91ns 
8507       INFO  main            d.u.i.k.p.i.AbstractProblemLoader Creating init config 
11184      DEBUG main            d.u.i.k.p.i.AbstractProblemLoader Init config took 2.68s 
11248      INFO  main            d.u.i.k.p.i.AbstractProblemLoader Replaying proof GSum[GSum::doNothing()].JML operation contract.0 
11264      DEBUG main            d.u.i.k.p.i.IntermediateProofReplayer Proof replay took 11.4ms 
11270      DEBUG main            d.u.i.k.p.r.p.TestFile    ... success: reloaded. 
11271      INFO  main            d.u.i.k.p.r.p.TestFile    Now processing file /home/runner/work/key/key/key.core/../key.ui/examples/heap/comprehensions/sum0.key 
11272      INFO  main            d.u.i.k.p.i.AbstractProblemLoader Loading environment from /home/runner/work/key/key/key.core/../key.ui/examples/heap/comprehensions/sum0.key 
11272      DEBUG main            d.u.i.k.p.i.AbstractProblemLoader Environment load took 402.73ns 
11274      INFO  main            d.u.i.k.p.i.AbstractProblemLoader Creating init config 
13812      DEBUG main            d.u.i.k.p.i.AbstractProblemLoader Init config took 2.54s 
13867      INFO  main            d.u.i.k.p.i.AbstractProblemLoader Replaying proof Sum[Sum::sum0([I)].JML normal_behavior operation contract.0 
13870      DEBUG main            d.u.i.k.p.i.IntermediateProofReplayer Proof replay took 6.9ns 
13960      DEBUG Thread-4        d.u.i.k.l.l.OriginTermLabel commonFileName is null! 
13961      DEBUG Thread-4        d.u.i.k.l.l.OriginTermLabel commonFileName is null! 
14203      DEBUG Thread-4        d.u.i.k.l.l.OriginTermLabel commonFileName is null! 
14204      DEBUG Thread-4        d.u.i.k.l.l.OriginTermLabel commonFileName is null! 
14373      DEBUG Thread-4        d.u.i.k.l.l.OriginTermLabel commonFileName is null! 
14579      INFO  main            d.u.i.k.p.r.p.TestFile    ... finished proof: closed. 
14726      INFO  main            d.u.i.k.p.i.AbstractProblemLoader Loading environment from /home/runner/work/key/key/key.core/../key.ui/examples/heap/comprehensions/sum0.key.proof 
14726      DEBUG main            d.u.i.k.p.i.AbstractProblemLoader Environment load took 130.61ns 
14731      INFO  main            d.u.i.k.p.i.AbstractProblemLoader Creating init config 
17326      DEBUG main            d.u.i.k.p.i.AbstractProblemLoader Init config took 2.59s 
17416      INFO  main            d.u.i.k.p.i.AbstractProblemLoader Replaying proof Sum[Sum::sum0([I)].JML normal_behavior operation contract.0 
17490      DEBUG main            d.u.i.k.l.l.OriginTermLabel commonFileName is null! 
17491      DEBUG main            d.u.i.k.l.l.OriginTermLabel commonFileName is null! 
17578      DEBUG main            d.u.i.k.l.l.OriginTermLabel commonFileName is null! 
17638      DEBUG main            d.u.i.k.l.l.OriginTermLabel commonFileName is null! 
17639      DEBUG main            d.u.i.k.l.l.OriginTermLabel commonFileName is null! 
17642      DEBUG main            d.u.i.k.p.i.IntermediateProofReplayer Proof replay took 212.44ms 
17644      DEBUG main            d.u.i.k.p.r.p.TestFile    ... success: reloaded. 
17645      INFO  main            d.u.i.k.p.r.p.TestFile    Now processing file /home/runner/work/key/key/key.core/../key.ui/examples/heap/comprehensions/sum1.key 
17646      INFO  main            d.u.i.k.p.i.AbstractProblemLoader Loading environment from /home/runner/work/key/key/key.core/../key.ui/examples/heap/comprehensions/sum1.key 
17646      DEBUG main            d.u.i.k.p.i.AbstractProblemLoader Environment load took 482.13ns 
17649      INFO  main            d.u.i.k.p.i.AbstractProblemLoader Creating init config 
20274      DEBUG main            d.u.i.k.p.i.AbstractProblemLoader Init config took 2.63s 
20340      INFO  main            d.u.i.k.p.i.AbstractProblemLoader Replaying proof Sum[Sum::sum1([I)].JML normal_behavior operation contract.0 
20342      DEBUG main            d.u.i.k.p.i.IntermediateProofReplayer Proof replay took 5.4ns 
20400      DEBUG Thread-7        d.u.i.k.l.l.OriginTermLabel commonFileName is null! 
20400      DEBUG Thread-7        d.u.i.k.l.l.OriginTermLabel commonFileName is null! 
20555      DEBUG Thread-7        d.u.i.k.l.l.OriginTermLabel commonFileName is null! 
20556      DEBUG Thread-7        d.u.i.k.l.l.OriginTermLabel commonFileName is null! 
20673      DEBUG Thread-7        d.u.i.k.l.l.OriginTermLabel commonFileName is null! 
20847      INFO  main            d.u.i.k.p.r.p.TestFile    ... finished proof: closed. 
21015      INFO  main            d.u.i.k.p.i.AbstractProblemLoader Loading environment from /home/runner/work/key/key/key.core/../key.ui/examples/heap/comprehensions/sum1.key.proof 
21015      DEBUG main            d.u.i.k.p.i.AbstractProblemLoader Environment load took 136.81ns 
21016      INFO  main            d.u.i.k.p.i.AbstractProblemLoader Creating init config 
23519      DEBUG main            d.u.i.k.p.i.AbstractProblemLoader Init config took 2.5s 
23589      INFO  main            d.u.i.k.p.i.AbstractProblemLoader Replaying proof Sum[Sum::sum1([I)].JML normal_behavior operation contract.0 
23629      DEBUG main            d.u.i.k.l.l.OriginTermLabel commonFileName is null! 
23630      DEBUG main            d.u.i.k.l.l.OriginTermLabel commonFileName is null! 
23690      DEBUG main            d.u.i.k.l.l.OriginTermLabel commonFileName is null! 
23749      DEBUG main            d.u.i.k.l.l.OriginTermLabel commonFileName is null! 
23749      DEBUG main            d.u.i.k.l.l.OriginTermLabel commonFileName is null! 
23752      DEBUG main            d.u.i.k.p.i.IntermediateProofReplayer Proof replay took 153.41ms 
23753      DEBUG main            d.u.i.k.p.r.p.TestFile    ... success: reloaded. 
23754      INFO  main            d.u.i.k.p.r.p.TestFile    Now processing file /home/runner/work/key/key/key.core/../key.ui/examples/heap/comprehensions/sum2.key 
23754      INFO  main            d.u.i.k.p.i.AbstractProblemLoader Loading environment from /home/runner/work/key/key/key.core/../key.ui/examples/heap/comprehensions/sum2.key 
23754      DEBUG main            d.u.i.k.p.i.AbstractProblemLoader Environment load took 160.31ns 
23755      INFO  main            d.u.i.k.p.i.AbstractProblemLoader Creating init config 
26261      DEBUG main            d.u.i.k.p.i.AbstractProblemLoader Init config took 2.51s 
26301      INFO  main            d.u.i.k.p.i.AbstractProblemLoader Replaying proof Sum[Sum::sum2([I)].JML normal_behavior operation contract.0 
26304      DEBUG main            d.u.i.k.p.i.IntermediateProofReplayer Proof replay took 5.5ns 
26346      DEBUG Thread-10       d.u.i.k.l.l.OriginTermLabel commonFileName is null! 
26347      DEBUG Thread-10       d.u.i.k.l.l.OriginTermLabel commonFileName is null! 
26459      DEBUG Thread-10       d.u.i.k.l.l.OriginTermLabel commonFileName is null! 
26460      DEBUG Thread-10       d.u.i.k.l.l.OriginTermLabel commonFileName is null! 
26537      DEBUG Thread-10       d.u.i.k.l.l.OriginTermLabel commonFileName is null! 
26708      INFO  main            d.u.i.k.p.r.p.TestFile    ... finished proof: closed. 
26865      INFO  main            d.u.i.k.p.i.AbstractProblemLoader Loading environment from /home/runner/work/key/key/key.core/../key.ui/examples/heap/comprehensions/sum2.key.proof 
26865      DEBUG main            d.u.i.k.p.i.AbstractProblemLoader Environment load took 141.01ns 
26867      INFO  main            d.u.i.k.p.i.AbstractProblemLoader Creating init config 
29348      DEBUG main            d.u.i.k.p.i.AbstractProblemLoader Init config took 2.48s 
29389      INFO  main            d.u.i.k.p.i.AbstractProblemLoader Replaying proof Sum[Sum::sum2([I)].JML normal_behavior operation contract.0 
29411      DEBUG main            d.u.i.k.l.l.OriginTermLabel commonFileName is null! 
29411      DEBUG main            d.u.i.k.l.l.OriginTermLabel commonFileName is null! 
29448      DEBUG main            d.u.i.k.l.l.OriginTermLabel commonFileName is null! 
29476      DEBUG main            d.u.i.k.l.l.OriginTermLabel commonFileName is null! 
29476      DEBUG main            d.u.i.k.l.l.OriginTermLabel commonFileName is null! 
29478      DEBUG main            d.u.i.k.p.i.IntermediateProofReplayer Proof replay took 86.37ms 
29479      DEBUG main            d.u.i.k.p.r.p.TestFile    ... success: reloaded. 
29480      INFO  main            d.u.i.k.p.r.p.TestFile    Now processing file /home/runner/work/key/key/key.core/../key.ui/examples/heap/comprehensions/sum3.key 
29480      INFO  main            d.u.i.k.p.i.AbstractProblemLoader Loading environment from /home/runner/work/key/key/key.core/../key.ui/examples/heap/comprehensions/sum3.key 
29480      DEBUG main            d.u.i.k.p.i.AbstractProblemLoader Environment load took 186.41ns 
29481      INFO  main            d.u.i.k.p.i.AbstractProblemLoader Creating init config 
31959      DEBUG main            d.u.i.k.p.i.AbstractProblemLoader Init config took 2.48s 
32000      INFO  main            d.u.i.k.p.i.AbstractProblemLoader Replaying proof Sum[Sum::sum3([I)].JML normal_behavior operation contract.0 
32002      DEBUG main            d.u.i.k.p.i.IntermediateProofReplayer Proof replay took 6.3ns 
32056      DEBUG Thread-13       d.u.i.k.l.l.OriginTermLabel commonFileName is null! 
32057      DEBUG Thread-13       d.u.i.k.l.l.OriginTermLabel commonFileName is null! 
32217      DEBUG Thread-13       d.u.i.k.l.l.OriginTermLabel commonFileName is null! 
32218      DEBUG Thread-13       d.u.i.k.l.l.OriginTermLabel commonFileName is null! 
32315      DEBUG Thread-13       d.u.i.k.l.l.OriginTermLabel commonFileName is null! 
32509      INFO  main            d.u.i.k.p.r.p.TestFile    ... finished proof: closed. 
32683      INFO  main            d.u.i.k.p.i.AbstractProblemLoader Loading environment from /home/runner/work/key/key/key.core/../key.ui/examples/heap/comprehensions/sum3.key.proof 
32685      DEBUG main            d.u.i.k.p.i.AbstractProblemLoader Environment load took 2.02ms 
32694      INFO  main            d.u.i.k.p.i.AbstractProblemLoader Creating init config 
35154      DEBUG main            d.u.i.k.p.i.AbstractProblemLoader Init config took 2.46s 
35195      INFO  main            d.u.i.k.p.i.AbstractProblemLoader Replaying proof Sum[Sum::sum3([I)].JML normal_behavior operation contract.0 
35222      DEBUG main            d.u.i.k.l.l.OriginTermLabel commonFileName is null! 
35223      DEBUG main            d.u.i.k.l.l.OriginTermLabel commonFileName is null! 
35259      DEBUG main            d.u.i.k.l.l.OriginTermLabel commonFileName is null! 
35282      DEBUG main            d.u.i.k.l.l.OriginTermLabel commonFileName is null! 
35282      DEBUG main            d.u.i.k.l.l.OriginTermLabel commonFileName is null! 
35283      DEBUG main            d.u.i.k.p.i.IntermediateProofReplayer Proof replay took 85.3ms 
35285      DEBUG main            d.u.i.k.p.r.p.TestFile    ... success: reloaded. 
35286      INFO  main            d.u.i.k.p.r.p.TestFile    Now processing file /home/runner/work/key/key/key.core/../key.ui/examples/heap/comprehensions/segsum.key 
35286      INFO  main            d.u.i.k.p.i.AbstractProblemLoader Loading environment from /home/runner/work/key/key/key.core/../key.ui/examples/heap/comprehensions/segsum.key 
35286      DEBUG main            d.u.i.k.p.i.AbstractProblemLoader Environment load took 59.7ns 
35287      INFO  main            d.u.i.k.p.i.AbstractProblemLoader Creating init config 
37824      DEBUG main            d.u.i.k.p.i.AbstractProblemLoader Init config took 2.54s 
37865      INFO  main            d.u.i.k.p.i.AbstractProblemLoader Replaying proof SegSum[SegSum::segSum([I,int,int)].JML normal_behavior operation contract.0 
37866      DEBUG main            d.u.i.k.p.i.IntermediateProofReplayer Proof replay took 6.7ns 
38284      INFO  main            d.u.i.k.p.r.p.TestFile    ... finished proof: closed. 
38462      INFO  main            d.u.i.k.p.i.AbstractProblemLoader Loading environment from /home/runner/work/key/key/key.core/../key.ui/examples/heap/comprehensions/segsum.key.proof 
38463      DEBUG main            d.u.i.k.p.i.AbstractProblemLoader Environment load took 133.51ns 
38464      INFO  main            d.u.i.k.p.i.AbstractProblemLoader Creating init config 
40892      DEBUG main            d.u.i.k.p.i.AbstractProblemLoader Init config took 2.43s 
40935      INFO  main            d.u.i.k.p.i.AbstractProblemLoader Replaying proof SegSum[SegSum::segSum([I,int,int)].JML normal_behavior operation contract.0 
41017      DEBUG main            d.u.i.k.p.i.IntermediateProofReplayer Proof replay took 75.7ms 
41018      DEBUG main            d.u.i.k.p.r.p.TestFile    ... success: reloaded. 
41020      INFO  main            d.u.i.k.p.r.p.TestFile    Now processing file /home/runner/work/key/key/key.core/../key.ui/examples/heap/comprehensions/bsum_negative.key 
41020      INFO  main            d.u.i.k.p.i.AbstractProblemLoader Loading environment from /home/runner/work/key/key/key.core/../key.ui/examples/heap/comprehensions/bsum_negative.key 
41021      DEBUG main            d.u.i.k.p.i.AbstractProblemLoader Environment load took 644.34ns 
41022      INFO  main            d.u.i.k.p.i.AbstractProblemLoader Creating init config 
43253      DEBUG main            d.u.i.k.p.i.AbstractProblemLoader Init config took 2.23s 
43279      INFO  main            d.u.i.k.p.i.AbstractProblemLoader Replaying proof bsum_negative.key 
43281      DEBUG main            d.u.i.k.p.i.IntermediateProofReplayer Proof replay took 6.7ns 
43387      INFO  main            d.u.i.k.p.r.p.TestFile    ... finished proof: closed. 
43547      INFO  main            d.u.i.k.p.i.AbstractProblemLoader Loading environment from /home/runner/work/key/key/key.core/../key.ui/examples/heap/comprehensions/bsum_negative.key.proof 
43547      DEBUG main            d.u.i.k.p.i.AbstractProblemLoader Environment load took 133.81ns 
43548      INFO  main            d.u.i.k.p.i.AbstractProblemLoader Creating init config 
45821      DEBUG main            d.u.i.k.p.i.AbstractProblemLoader Init config took 2.27s 
45842      INFO  main            d.u.i.k.p.i.AbstractProblemLoader Replaying proof bsum_negative.key.proof 
45846      DEBUG main            d.u.i.k.p.i.IntermediateProofReplayer Proof replay took 1.68ms 
45848      DEBUG main            d.u.i.k.p.r.p.TestFile    ... success: reloaded. 
45849      INFO  main            d.u.i.k.p.r.p.TestFile    Now processing file /home/runner/work/key/key/key.core/../key.ui/examples/heap/comprehensions/bsum_neg2.key 
45849      INFO  main            d.u.i.k.p.i.AbstractProblemLoader Loading environment from /home/runner/work/key/key/key.core/../key.ui/examples/heap/comprehensions/bsum_neg2.key 
45850      DEBUG main            d.u.i.k.p.i.AbstractProblemLoader Environment load took 305.72ns 
45851      INFO  main            d.u.i.k.p.i.AbstractProblemLoader Creating init config 
48099      DEBUG main            d.u.i.k.p.i.AbstractProblemLoader Init config took 2.25s 
48116      INFO  main            d.u.i.k.p.i.AbstractProblemLoader Replaying proof bsum_neg2.key 
48117      DEBUG main            d.u.i.k.p.i.IntermediateProofReplayer Proof replay took 6.3ns 
48221      INFO  main            d.u.i.k.p.r.p.TestFile    ... finished proof: closed. 
48441      INFO  main            d.u.i.k.p.i.AbstractProblemLoader Loading environment from /home/runner/work/key/key/key.core/../key.ui/examples/heap/comprehensions/bsum_neg2.key.proof 
48441      DEBUG main            d.u.i.k.p.i.AbstractProblemLoader Environment load took 117.71ns 
48442      INFO  main            d.u.i.k.p.i.AbstractProblemLoader Creating init config 
50633      DEBUG main            d.u.i.k.p.i.AbstractProblemLoader Init config took 2.19s 
50648      INFO  main            d.u.i.k.p.i.AbstractProblemLoader Replaying proof bsum_neg2.key.proof 
50655      DEBUG main            d.u.i.k.p.i.IntermediateProofReplayer Proof replay took 775.15ns 
50656      DEBUG main            d.u.i.k.p.r.p.TestFile    ... success: reloaded. 
50657      INFO  main            d.u.i.k.p.r.p.TestFile    Now processing file /home/runner/work/key/key/key.core/../key.ui/examples/heap/comprehensions/bsumSplit.key 
50658      INFO  main            d.u.i.k.p.i.AbstractProblemLoader Loading environment from /home/runner/work/key/key/key.core/../key.ui/examples/heap/comprehensions/bsumSplit.key 
50658      DEBUG main            d.u.i.k.p.i.AbstractProblemLoader Environment load took 368.73ns 
50659      INFO  main            d.u.i.k.p.i.AbstractProblemLoader Creating init config 
52906      DEBUG main            d.u.i.k.p.i.AbstractProblemLoader Init config took 2.25s 
52922      INFO  main            d.u.i.k.p.i.AbstractProblemLoader Replaying proof bsumSplit.key 
52924      DEBUG main            d.u.i.k.p.i.IntermediateProofReplayer Proof replay took 6.2ns 
53027      INFO  main            d.u.i.k.p.r.p.TestFile    ... finished proof: closed. 
53234      INFO  main            d.u.i.k.p.i.AbstractProblemLoader Loading environment from /home/runner/work/key/key/key.core/../key.ui/examples/heap/comprehensions/bsumSplit.key.proof 
53234      DEBUG main            d.u.i.k.p.i.AbstractProblemLoader Environment load took 123.11ns 
53235      INFO  main            d.u.i.k.p.i.AbstractProblemLoader Creating init config 
55432      DEBUG main            d.u.i.k.p.i.AbstractProblemLoader Init config took 2.2s 
55448      INFO  main            d.u.i.k.p.i.AbstractProblemLoader Replaying proof bsumSplit.key.proof 
55454      DEBUG main            d.u.i.k.p.i.IntermediateProofReplayer Proof replay took 4.12ms 
55456      DEBUG main            d.u.i.k.p.r.p.TestFile    ... success: reloaded. 
55456      INFO  main            d.u.i.k.p.r.p.TestFile    Now processing file /home/runner/work/key/key/key.core/../key.ui/examples/heap/comprehensions/bprodSplit.key 
55457      INFO  main            d.u.i.k.p.i.AbstractProblemLoader Loading environment from /home/runner/work/key/key/key.core/../key.ui/examples/heap/comprehensions/bprodSplit.key 
55457      DEBUG main            d.u.i.k.p.i.AbstractProblemLoader Environment load took 324.52ns 
55458      INFO  main            d.u.i.k.p.i.AbstractProblemLoader Creating init config 
57745      DEBUG main            d.u.i.k.p.i.AbstractProblemLoader Init config took 2.29s 
57777      INFO  main            d.u.i.k.p.i.AbstractProblemLoader Replaying proof bprodSplit.key 
57779      DEBUG main            d.u.i.k.p.i.IntermediateProofReplayer Proof replay took 6.2ns 
57884      INFO  main            d.u.i.k.p.r.p.TestFile    ... finished proof: closed. 
58090      INFO  main            d.u.i.k.p.i.AbstractProblemLoader Loading environment from /home/runner/work/key/key/key.core/../key.ui/examples/heap/comprehensions/bprodSplit.key.proof 
58091      DEBUG main            d.u.i.k.p.i.AbstractProblemLoader Environment load took 108.41ns 
58091      INFO  main            d.u.i.k.p.i.AbstractProblemLoader Creating init config 
60275      DEBUG main            d.u.i.k.p.i.AbstractProblemLoader Init config took 2.18s 
60292      INFO  main            d.u.i.k.p.i.AbstractProblemLoader Replaying proof bprodSplit.key.proof 
60296      DEBUG main            d.u.i.k.p.i.IntermediateProofReplayer Proof replay took 2.08ms 
60297      DEBUG main            d.u.i.k.p.r.p.TestFile    ... success: reloaded. 
60298      INFO  main            d.u.i.k.p.r.p.TestFile    Now processing file /home/runner/work/key/key/key.core/../key.ui/examples/heap/comprehensions/bsumSplitInvalid.key 
60298      INFO  main            d.u.i.k.p.i.AbstractProblemLoader Loading environment from /home/runner/work/key/key/key.core/../key.ui/examples/heap/comprehensions/bsumSplitInvalid.key 
60299      DEBUG main            d.u.i.k.p.i.AbstractProblemLoader Environment load took 354.62ns 
60300      INFO  main            d.u.i.k.p.i.AbstractProblemLoader Creating init config 
62536      DEBUG main            d.u.i.k.p.i.AbstractProblemLoader Init config took 2.24s 
62555      INFO  main            d.u.i.k.p.i.AbstractProblemLoader Replaying proof bsumSplitInvalid.key 
62557      DEBUG main            d.u.i.k.p.i.IntermediateProofReplayer Proof replay took 7.4ns 
62660      INFO  main            d.u.i.k.p.r.p.TestFile    ... finished proof: open goal(s) 
139843     INFO  Test worker     d.u.i.k.p.r.RunAllProofsTestUnit Returning from test comprehensions 
139845     INFO  Test worker     d.u.i.k.p.r.RunAllProofsTestUnit Running test performance 
318        INFO  Timeout watchdog d.u.i.k.p.r.p.ForkedTestFileRunner Timeout watcher launched (2000 secs.) 
337        WARN  main            d.u.i.k.s.ProofSettings   The settings in /home/runner/.key/proof-settings.props are *not* read. 
365        INFO  main            d.u.i.k.p.r.p.TestFile    Now processing file /home/runner/work/key/key/key.core/../key.ui/examples/performance-test/Disjoint(Disjoint__disjoint_08()).JML_operation_contract.0.key 
464        INFO  main            d.u.i.k.p.i.AbstractProblemLoader Loading environment from /home/runner/work/key/key/key.core/../key.ui/examples/performance-test/Disjoint(Disjoint__disjoint_08()).JML_operation_contract.0.key 
488        DEBUG main            d.u.i.k.p.i.AbstractProblemLoader Environment load took 2.23ms 
687        INFO  main            d.u.i.k.p.i.AbstractProblemLoader Creating init config 
1579       DEBUG main            d.u.i.k.j.TypeConverter   No LDT found for Meta 
1580       DEBUG main            d.u.i.k.j.TypeConverter   No LDT found for Meta 
1583       DEBUG main            d.u.i.k.j.TypeConverter   No LDT found for Meta 
1584       DEBUG main            d.u.i.k.j.TypeConverter   No LDT found for Meta 
2732       DEBUG main            d.u.i.k.j.TypeConverter   No LDT found for JavaBigintExpression 
8302       DEBUG main            d.u.i.k.j.r.ClassPreparationMethodBuilder clPrepBuilder: Inner Class detected. Reject building class initialisation methods. 
16255      DEBUG main            d.u.i.k.p.i.AbstractProblemLoader Init config took 15.57s 
16503      INFO  main            d.u.i.k.p.i.AbstractProblemLoader Replaying proof Disjoint[Disjoint::disjoint_8()].JML operation contract.0 
16576      DEBUG main            d.u.i.k.p.i.IntermediateProofReplayer Proof replay took 357.23ns 
19220      INFO  main            d.u.i.k.p.r.p.TestFile    ... finished proof: closed. 
19440      INFO  main            d.u.i.k.p.i.AbstractProblemLoader Loading environment from /home/runner/work/key/key/key.core/../key.ui/examples/performance-test/Disjoint(Disjoint__disjoint_08()).JML_operation_contract.0.key.proof 
19442      DEBUG main            d.u.i.k.p.i.AbstractProblemLoader Environment load took 2.29ms 
19444      INFO  main            d.u.i.k.p.i.AbstractProblemLoader Creating init config 
22698      DEBUG main            d.u.i.k.j.r.ClassPreparationMethodBuilder clPrepBuilder: Inner Class detected. Reject building class initialisation methods. 
29685      DEBUG main            d.u.i.k.p.i.AbstractProblemLoader Init config took 10.24s 
29826      INFO  main            d.u.i.k.p.i.AbstractProblemLoader Replaying proof Disjoint[Disjoint::disjoint_8()].JML operation contract.0 
30157      DEBUG main            d.u.i.k.p.i.IntermediateProofReplayer Proof replay took 320.3ms 
30167      DEBUG main            d.u.i.k.p.r.p.TestFile    ... success: reloaded. 
30169      INFO  main            d.u.i.k.p.r.p.TestFile    Now processing file /home/runner/work/key/key/key.core/../key.ui/examples/performance-test/Disjoint(Disjoint__disjoint2_08()).JML_operation_contract.0.key 
30170      INFO  main            d.u.i.k.p.i.AbstractProblemLoader Loading environment from /home/runner/work/key/key/key.core/../key.ui/examples/performance-test/Disjoint(Disjoint__disjoint2_08()).JML_operation_contract.0.key 
30170      DEBUG main            d.u.i.k.p.i.AbstractProblemLoader Environment load took 359.24ns 
30172      INFO  main            d.u.i.k.p.i.AbstractProblemLoader Creating init config 
33210      DEBUG main            d.u.i.k.j.r.ClassPreparationMethodBuilder clPrepBuilder: Inner Class detected. Reject building class initialisation methods. 
40167      DEBUG main            d.u.i.k.p.i.AbstractProblemLoader Init config took 9.99s 
40263      INFO  main            d.u.i.k.p.i.AbstractProblemLoader Replaying proof Disjoint[Disjoint::disjoint2_8()].JML operation contract.0 
40266      DEBUG main            d.u.i.k.p.i.IntermediateProofReplayer Proof replay took 18.3ns 
41074      INFO  main            d.u.i.k.p.r.p.TestFile    ... finished proof: closed. 
41379      INFO  main            d.u.i.k.p.i.AbstractProblemLoader Loading environment from /home/runner/work/key/key/key.core/../key.ui/examples/performance-test/Disjoint(Disjoint__disjoint2_08()).JML_operation_contract.0.key.proof 
41384      DEBUG main            d.u.i.k.p.i.AbstractProblemLoader Environment load took 1.46ms 
41387      INFO  main            d.u.i.k.p.i.AbstractProblemLoader Creating init config 
44417      DEBUG main            d.u.i.k.j.r.ClassPreparationMethodBuilder clPrepBuilder: Inner Class detected. Reject building class initialisation methods. 
51367      DEBUG main            d.u.i.k.p.i.AbstractProblemLoader Init config took 9.98s 
51457      INFO  main            d.u.i.k.p.i.AbstractProblemLoader Replaying proof Disjoint[Disjoint::disjoint2_8()].JML operation contract.0 
51549      DEBUG main            d.u.i.k.p.i.IntermediateProofReplayer Proof replay took 87.89ms 
51551      DEBUG main            d.u.i.k.p.r.p.TestFile    ... success: reloaded. 
51555      INFO  main            d.u.i.k.p.r.p.TestFile    Now processing file /home/runner/work/key/key/key.core/../key.ui/examples/performance-test/AccessChain1(AccessChain1__foo_08()).JML_operation_contract.0.key 
51556      INFO  main            d.u.i.k.p.i.AbstractProblemLoader Loading environment from /home/runner/work/key/key/key.core/../key.ui/examples/performance-test/AccessChain1(AccessChain1__foo_08()).JML_operation_contract.0.key 
51556      DEBUG main            d.u.i.k.p.i.AbstractProblemLoader Environment load took 304.93ns 
51557      INFO  main            d.u.i.k.p.i.AbstractProblemLoader Creating init config 
54438      DEBUG main            d.u.i.k.j.r.ClassPreparationMethodBuilder clPrepBuilder: Inner Class detected. Reject building class initialisation methods. 
61122      DEBUG main            d.u.i.k.p.i.AbstractProblemLoader Init config took 9.56s 
61207      INFO  main            d.u.i.k.p.i.AbstractProblemLoader Replaying proof AccessChain1[AccessChain1::foo_8()].JML operation contract.0 
61209      DEBUG main            d.u.i.k.p.i.IntermediateProofReplayer Proof replay took 11.3ns 
63524      INFO  main            d.u.i.k.p.r.p.TestFile    ... finished proof: closed. 
63883      INFO  main            d.u.i.k.p.i.AbstractProblemLoader Loading environment from /home/runner/work/key/key/key.core/../key.ui/examples/performance-test/AccessChain1(AccessChain1__foo_08()).JML_operation_contract.0.key.proof 
63886      DEBUG main            d.u.i.k.p.i.AbstractProblemLoader Environment load took 2.76ms 
63888      INFO  main            d.u.i.k.p.i.AbstractProblemLoader Creating init config 
66807      DEBUG main            d.u.i.k.j.r.ClassPreparationMethodBuilder clPrepBuilder: Inner Class detected. Reject building class initialisation methods. 
73366      DEBUG main            d.u.i.k.p.i.AbstractProblemLoader Init config took 9.48s 
73454      INFO  main            d.u.i.k.p.i.AbstractProblemLoader Replaying proof AccessChain1[AccessChain1::foo_8()].JML operation contract.0 
73952      DEBUG main            d.u.i.k.p.i.IntermediateProofReplayer Proof replay took 486.9ms 
73954      DEBUG main            d.u.i.k.p.r.p.TestFile    ... success: reloaded. 
73955      INFO  main            d.u.i.k.p.r.p.TestFile    Now processing file /home/runner/work/key/key/key.core/../key.ui/examples/performance-test/AccessChain4(AccessChain4__foo_08()).JML_operation_contract.0.key 
73955      INFO  main            d.u.i.k.p.i.AbstractProblemLoader Loading environment from /home/runner/work/key/key/key.core/../key.ui/examples/performance-test/AccessChain4(AccessChain4__foo_08()).JML_operation_contract.0.key 
73956      DEBUG main            d.u.i.k.p.i.AbstractProblemLoader Environment load took 58.2ns 
73956      INFO  main            d.u.i.k.p.i.AbstractProblemLoader Creating init config 
76972      DEBUG main            d.u.i.k.j.r.ClassPreparationMethodBuilder clPrepBuilder: Inner Class detected. Reject building class initialisation methods. 
83792      DEBUG main            d.u.i.k.p.i.AbstractProblemLoader Init config took 9.84s 
83899      INFO  main            d.u.i.k.p.i.AbstractProblemLoader Replaying proof AccessChain4[AccessChain4::foo_8()].JML operation contract.0 
83903      DEBUG main            d.u.i.k.p.i.IntermediateProofReplayer Proof replay took 23.1ns 
90841      INFO  main            d.u.i.k.p.r.p.TestFile    ... finished proof: closed. 
91260      INFO  main            d.u.i.k.p.i.AbstractProblemLoader Loading environment from /home/runner/work/key/key/key.core/../key.ui/examples/performance-test/AccessChain4(AccessChain4__foo_08()).JML_operation_contract.0.key.proof 
91268      DEBUG main            d.u.i.k.p.i.AbstractProblemLoader Environment load took 7.94ms 
91272      INFO  main            d.u.i.k.p.i.AbstractProblemLoader Creating init config 
94454      DEBUG main            d.u.i.k.j.r.ClassPreparationMethodBuilder clPrepBuilder: Inner Class detected. Reject building class initialisation methods. 
102168     DEBUG main            d.u.i.k.p.i.AbstractProblemLoader Init config took 10.9s 
102296     INFO  main            d.u.i.k.p.i.AbstractProblemLoader Replaying proof AccessChain4[AccessChain4::foo_8()].JML operation contract.0 
103349     DEBUG main            d.u.i.k.p.i.IntermediateProofReplayer Proof replay took 1.02s 
103353     DEBUG main            d.u.i.k.p.r.p.TestFile    ... success: reloaded. 
103356     INFO  main            d.u.i.k.p.r.p.TestFile    Now processing file /home/runner/work/key/key/key.core/../key.ui/examples/performance-test/Disjoint(Disjoint__xZero_08()).JML_operation_contract.0.key 
103357     INFO  main            d.u.i.k.p.i.AbstractProblemLoader Loading environment from /home/runner/work/key/key/key.core/../key.ui/examples/performance-test/Disjoint(Disjoint__xZero_08()).JML_operation_contract.0.key 
103357     DEBUG main            d.u.i.k.p.i.AbstractProblemLoader Environment load took 139.11ns 
103358     INFO  main            d.u.i.k.p.i.AbstractProblemLoader Creating init config 
106850     DEBUG main            d.u.i.k.j.r.ClassPreparationMethodBuilder clPrepBuilder: Inner Class detected. Reject building class initialisation methods. 
114318     DEBUG main            d.u.i.k.p.i.AbstractProblemLoader Init config took 10.96s 
114414     INFO  main            d.u.i.k.p.i.AbstractProblemLoader Replaying proof Disjoint[Disjoint::xZero_8()].JML operation contract.0 
114416     DEBUG main            d.u.i.k.p.i.IntermediateProofReplayer Proof replay took 13.1ns 
115526     INFO  main            d.u.i.k.p.r.p.TestFile    ... finished proof: closed. 
115942     INFO  main            d.u.i.k.p.i.AbstractProblemLoader Loading environment from /home/runner/work/key/key/key.core/../key.ui/examples/performance-test/Disjoint(Disjoint__xZero_08()).JML_operation_contract.0.key.proof 
115945     DEBUG main            d.u.i.k.p.i.AbstractProblemLoader Environment load took 2.68ms 
115946     INFO  main            d.u.i.k.p.i.AbstractProblemLoader Creating init config 
119121     DEBUG main            d.u.i.k.j.r.ClassPreparationMethodBuilder clPrepBuilder: Inner Class detected. Reject building class initialisation methods. 
126214     DEBUG main            d.u.i.k.p.i.AbstractProblemLoader Init config took 10.27s 
126301     INFO  main            d.u.i.k.p.i.AbstractProblemLoader Replaying proof Disjoint[Disjoint::xZero_8()].JML operation contract.0 
126496     DEBUG main            d.u.i.k.p.i.IntermediateProofReplayer Proof replay took 188.3ms 
126497     DEBUG main            d.u.i.k.p.r.p.TestFile    ... success: reloaded. 
126499     INFO  main            d.u.i.k.p.r.p.TestFile    Now processing file /home/runner/work/key/key/key.core/../key.ui/examples/performance-test/Dynamic(Dynamic__foo_08()).JML_operation_contract.0.key 
126499     INFO  main            d.u.i.k.p.i.AbstractProblemLoader Loading environment from /home/runner/work/key/key/key.core/../key.ui/examples/performance-test/Dynamic(Dynamic__foo_08()).JML_operation_contract.0.key 
126500     DEBUG main            d.u.i.k.p.i.AbstractProblemLoader Environment load took 257.62ns 
126501     INFO  main            d.u.i.k.p.i.AbstractProblemLoader Creating init config 
129562     DEBUG main            d.u.i.k.j.r.ClassPreparationMethodBuilder clPrepBuilder: Inner Class detected. Reject building class initialisation methods. 
136517     DEBUG main            d.u.i.k.p.i.AbstractProblemLoader Init config took 10.02s 
136605     INFO  main            d.u.i.k.p.i.AbstractProblemLoader Replaying proof Dynamic[Dynamic::foo_8()].JML operation contract.0 
136608     DEBUG main            d.u.i.k.p.i.IntermediateProofReplayer Proof replay took 13.8ns 
142339     INFO  main            d.u.i.k.p.r.p.TestFile    ... finished proof: closed. 
142755     INFO  main            d.u.i.k.p.i.AbstractProblemLoader Loading environment from /home/runner/work/key/key/key.core/../key.ui/examples/performance-test/Dynamic(Dynamic__foo_08()).JML_operation_contract.0.key.proof 
142759     DEBUG main            d.u.i.k.p.i.AbstractProblemLoader Environment load took 2.98ms 
142761     INFO  main            d.u.i.k.p.i.AbstractProblemLoader Creating init config 
145629     DEBUG main            d.u.i.k.j.r.ClassPreparationMethodBuilder clPrepBuilder: Inner Class detected. Reject building class initialisation methods. 
152480     DEBUG main            d.u.i.k.p.i.AbstractProblemLoader Init config took 9.72s 
152610     INFO  main            d.u.i.k.p.i.AbstractProblemLoader Replaying proof Dynamic[Dynamic::foo_8()].JML operation contract.0 
153193     DEBUG main            d.u.i.k.p.i.IntermediateProofReplayer Proof replay took 562.77ms 
153196     DEBUG main            d.u.i.k.p.r.p.TestFile    ... success: reloaded. 
153198     INFO  main            d.u.i.k.p.r.p.TestFile    Now processing file /home/runner/work/key/key/key.core/../key.ui/examples/performance-test/DynamicGhost(DynamicGhost__dynamicGhost_08()).JML_normal_behavior_operation_contract.0.key 
153198     INFO  main            d.u.i.k.p.i.AbstractProblemLoader Loading environment from /home/runner/work/key/key/key.core/../key.ui/examples/performance-test/DynamicGhost(DynamicGhost__dynamicGhost_08()).JML_normal_behavior_operation_contract.0.key 
153198     DEBUG main            d.u.i.k.p.i.AbstractProblemLoader Environment load took 131.11ns 
153199     INFO  main            d.u.i.k.p.i.AbstractProblemLoader Creating init config 
156341     DEBUG main            d.u.i.k.j.r.ClassPreparationMethodBuilder clPrepBuilder: Inner Class detected. Reject building class initialisation methods. 
163153     DEBUG main            d.u.i.k.p.i.AbstractProblemLoader Init config took 9.95s 
163272     INFO  main            d.u.i.k.p.i.AbstractProblemLoader Replaying proof DynamicGhost[DynamicGhost::dynamicGhost_8()].JML normal_behavior operation contract.0 
163275     DEBUG main            d.u.i.k.p.i.IntermediateProofReplayer Proof replay took 11.7ns 
167591     INFO  main            d.u.i.k.p.r.p.TestFile    ... finished proof: closed. 
168011     INFO  main            d.u.i.k.p.i.AbstractProblemLoader Loading environment from /home/runner/work/key/key/key.core/../key.ui/examples/performance-test/DynamicGhost(DynamicGhost__dynamicGhost_08()).JML_normal_behavior_operation_contract.0.key.proof 
168011     DEBUG main            d.u.i.k.p.i.AbstractProblemLoader Environment load took 214.72ns 
168013     INFO  main            d.u.i.k.p.i.AbstractProblemLoader Creating init config 
170886     DEBUG main            d.u.i.k.j.r.ClassPreparationMethodBuilder clPrepBuilder: Inner Class detected. Reject building class initialisation methods. 
177665     DEBUG main            d.u.i.k.p.i.AbstractProblemLoader Init config took 9.65s 
177764     INFO  main            d.u.i.k.p.i.AbstractProblemLoader Replaying proof DynamicGhost[DynamicGhost::dynamicGhost_8()].JML normal_behavior operation contract.0 
178356     DEBUG main            d.u.i.k.p.i.IntermediateProofReplayer Proof replay took 563.14ms 
178359     DEBUG main            d.u.i.k.p.r.p.TestFile    ... success: reloaded. 
178360     INFO  main            d.u.i.k.p.r.p.TestFile    Now processing file /home/runner/work/key/key/key.core/../key.ui/examples/performance-test/GhostFrame(GhostFrame__foo_08()).JML_operation_contract.0.key 
178360     INFO  main            d.u.i.k.p.i.AbstractProblemLoader Loading environment from /home/runner/work/key/key/key.core/../key.ui/examples/performance-test/GhostFrame(GhostFrame__foo_08()).JML_operation_contract.0.key 
178360     DEBUG main            d.u.i.k.p.i.AbstractProblemLoader Environment load took 143.01ns 
178361     INFO  main            d.u.i.k.p.i.AbstractProblemLoader Creating init config 
181333     DEBUG main            d.u.i.k.j.r.ClassPreparationMethodBuilder clPrepBuilder: Inner Class detected. Reject building class initialisation methods. 
188006     DEBUG main            d.u.i.k.p.i.AbstractProblemLoader Init config took 9.64s 
188087     INFO  main            d.u.i.k.p.i.AbstractProblemLoader Replaying proof GhostFrame[GhostFrame::foo_8()].JML operation contract.0 
188089     DEBUG main            d.u.i.k.p.i.IntermediateProofReplayer Proof replay took 11.1ns 
190154     INFO  main            d.u.i.k.p.r.p.TestFile    ... finished proof: closed. 
190581     INFO  main            d.u.i.k.p.i.AbstractProblemLoader Loading environment from /home/runner/work/key/key/key.core/../key.ui/examples/performance-test/GhostFrame(GhostFrame__foo_08()).JML_operation_contract.0.key.proof 
190581     DEBUG main            d.u.i.k.p.i.AbstractProblemLoader Environment load took 638.15ns 
190593     INFO  main            d.u.i.k.p.i.AbstractProblemLoader Creating init config 
193540     DEBUG main            d.u.i.k.j.r.ClassPreparationMethodBuilder clPrepBuilder: Inner Class detected. Reject building class initialisation methods. 
200577     DEBUG main            d.u.i.k.p.i.AbstractProblemLoader Init config took 9.98s 
200660     INFO  main            d.u.i.k.p.i.AbstractProblemLoader Replaying proof GhostFrame[GhostFrame::foo_8()].JML operation contract.0 
201066     DEBUG main            d.u.i.k.p.i.IntermediateProofReplayer Proof replay took 396.34ms 
201067     DEBUG main            d.u.i.k.p.r.p.TestFile    ... success: reloaded. 
201069     INFO  main            d.u.i.k.p.r.p.TestFile    Now processing file /home/runner/work/key/key/key.core/../key.ui/examples/performance-test/Modelfield(Modelfield__foo_08()).JML_operation_contract.0.key 
201069     INFO  main            d.u.i.k.p.i.AbstractProblemLoader Loading environment from /home/runner/work/key/key/key.core/../key.ui/examples/performance-test/Modelfield(Modelfield__foo_08()).JML_operation_contract.0.key 
201069     DEBUG main            d.u.i.k.p.i.AbstractProblemLoader Environment load took 64.01ns 
201070     INFO  main            d.u.i.k.p.i.AbstractProblemLoader Creating init config 
204147     DEBUG main            d.u.i.k.j.r.ClassPreparationMethodBuilder clPrepBuilder: Inner Class detected. Reject building class initialisation methods. 
211150     DEBUG main            d.u.i.k.p.i.AbstractProblemLoader Init config took 10.08s 
211236     INFO  main            d.u.i.k.p.i.AbstractProblemLoader Replaying proof Modelfield[Modelfield::foo_8()].JML operation contract.0 
211238     DEBUG main            d.u.i.k.p.i.IntermediateProofReplayer Proof replay took 5.9ns 
214388     INFO  main            d.u.i.k.p.r.p.TestFile    ... finished proof: closed. 
214856     INFO  main            d.u.i.k.p.i.AbstractProblemLoader Loading environment from /home/runner/work/key/key/key.core/../key.ui/examples/performance-test/Modelfield(Modelfield__foo_08()).JML_operation_contract.0.key.proof 
214856     DEBUG main            d.u.i.k.p.i.AbstractProblemLoader Environment load took 120.91ns 
214857     INFO  main            d.u.i.k.p.i.AbstractProblemLoader Creating init config 
217731     DEBUG main            d.u.i.k.j.r.ClassPreparationMethodBuilder clPrepBuilder: Inner Class detected. Reject building class initialisation methods. 
224447     DEBUG main            d.u.i.k.p.i.AbstractProblemLoader Init config took 9.59s 
224570     INFO  main            d.u.i.k.p.i.AbstractProblemLoader Replaying proof Modelfield[Modelfield::foo_8()].JML operation contract.0 
225016     DEBUG main            d.u.i.k.p.i.IntermediateProofReplayer Proof replay took 431.23ms 
225020     DEBUG main            d.u.i.k.p.r.p.TestFile    ... success: reloaded. 
365057     INFO  Test worker     d.u.i.k.p.r.RunAllProofsTestUnit Returning from test performance 
365062     INFO  Test worker     d.u.i.k.p.r.RunAllProofsTestUnit Running test performancePOConstruction 
401        INFO  Timeout watchdog d.u.i.k.p.r.p.ForkedTestFileRunner Timeout watcher launched (2000 secs.) 
410        WARN  main            d.u.i.k.s.ProofSettings   The settings in /home/runner/.key/proof-settings.props are *not* read. 
444        INFO  main            d.u.i.k.p.r.p.TestFile    Now processing file /home/runner/work/key/key/key.core/../key.ui/examples/performance-test/Test(Test__a0(int)).JML_normal_behavior_operation_contract.0.key 
559        INFO  main            d.u.i.k.p.i.AbstractProblemLoader Loading environment from /home/runner/work/key/key/key.core/../key.ui/examples/performance-test/Test(Test__a0(int)).JML_normal_behavior_operation_contract.0.key 
575        DEBUG main            d.u.i.k.p.i.AbstractProblemLoader Environment load took 2.16ms 
794        INFO  main            d.u.i.k.p.i.AbstractProblemLoader Creating init config 
1662       DEBUG main            d.u.i.k.j.TypeConverter   No LDT found for Meta 
1663       DEBUG main            d.u.i.k.j.TypeConverter   No LDT found for Meta 
1664       DEBUG main            d.u.i.k.j.TypeConverter   No LDT found for Meta 
1665       DEBUG main            d.u.i.k.j.TypeConverter   No LDT found for Meta 
3137       DEBUG main            d.u.i.k.j.TypeConverter   No LDT found for JavaBigintExpression 
8574       DEBUG main            d.u.i.k.j.r.ClassPreparationMethodBuilder clPrepBuilder: Inner Class detected. Reject building class initialisation methods. 
16131      DEBUG main            d.u.i.k.p.i.AbstractProblemLoader Init config took 15.34s 
17241      INFO  main            d.u.i.k.p.i.AbstractProblemLoader Replaying proof Test[Test::a0(int)].JML normal_behavior operation contract.0 
17295      DEBUG main            d.u.i.k.p.i.IntermediateProofReplayer Proof replay took 51.2ns 
17652      INFO  main            d.u.i.k.p.r.p.TestFile    ... finished proof: closed. 
17861      INFO  main            d.u.i.k.p.i.AbstractProblemLoader Loading environment from /home/runner/work/key/key/key.core/../key.ui/examples/performance-test/Test(Test__a0(int)).JML_normal_behavior_operation_contract.0.key.proof 
17861      DEBUG main            d.u.i.k.p.i.AbstractProblemLoader Environment load took 130.51ns 
17868      INFO  main            d.u.i.k.p.i.AbstractProblemLoader Creating init config 
21074      DEBUG main            d.u.i.k.j.r.ClassPreparationMethodBuilder clPrepBuilder: Inner Class detected. Reject building class initialisation methods. 
28389      DEBUG main            d.u.i.k.p.i.AbstractProblemLoader Init config took 10.52s 
29279      INFO  main            d.u.i.k.p.i.AbstractProblemLoader Replaying proof Test[Test::a0(int)].JML normal_behavior operation contract.0 
29305      DEBUG main            d.u.i.k.p.i.IntermediateProofReplayer Proof replay took 21.18ms 
29312      DEBUG main            d.u.i.k.p.r.p.TestFile    ... success: reloaded. 
29313      INFO  main            d.u.i.k.p.r.p.TestFile    Now processing file /home/runner/work/key/key/key.core/../key.ui/examples/performance-test/Test(Test__a1(int)).JML_normal_behavior_operation_contract.0.key 
29314      INFO  main            d.u.i.k.p.i.AbstractProblemLoader Loading environment from /home/runner/work/key/key/key.core/../key.ui/examples/performance-test/Test(Test__a1(int)).JML_normal_behavior_operation_contract.0.key 
29314      DEBUG main            d.u.i.k.p.i.AbstractProblemLoader Environment load took 287.52ns 
29316      INFO  main            d.u.i.k.p.i.AbstractProblemLoader Creating init config 
32355      DEBUG main            d.u.i.k.j.r.ClassPreparationMethodBuilder clPrepBuilder: Inner Class detected. Reject building class initialisation methods. 
39222      DEBUG main            d.u.i.k.p.i.AbstractProblemLoader Init config took 9.91s 
40179      INFO  main            d.u.i.k.p.i.AbstractProblemLoader Replaying proof Test[Test::a1(int)].JML normal_behavior operation contract.0 
40181      DEBUG main            d.u.i.k.p.i.IntermediateProofReplayer Proof replay took 5.5ns 
40585      INFO  main            d.u.i.k.p.r.p.TestFile    ... finished proof: closed. 
40891      INFO  main            d.u.i.k.p.i.AbstractProblemLoader Loading environment from /home/runner/work/key/key/key.core/../key.ui/examples/performance-test/Test(Test__a1(int)).JML_normal_behavior_operation_contract.0.key.proof 
40894      DEBUG main            d.u.i.k.p.i.AbstractProblemLoader Environment load took 3.78ms 
40896      INFO  main            d.u.i.k.p.i.AbstractProblemLoader Creating init config 
43810      DEBUG main            d.u.i.k.j.r.ClassPreparationMethodBuilder clPrepBuilder: Inner Class detected. Reject building class initialisation methods. 
50636      DEBUG main            d.u.i.k.p.i.AbstractProblemLoader Init config took 9.74s 
51506      INFO  main            d.u.i.k.p.i.AbstractProblemLoader Replaying proof Test[Test::a1(int)].JML normal_behavior operation contract.0 
51570      DEBUG main            d.u.i.k.p.i.IntermediateProofReplayer Proof replay took 59.16ms 
51571      DEBUG main            d.u.i.k.p.r.p.TestFile    ... success: reloaded. 
51572      INFO  main            d.u.i.k.p.r.p.TestFile    Now processing file /home/runner/work/key/key/key.core/../key.ui/examples/performance-test/Test(Test__f1(int)).JML_normal_behavior_operation_contract.0.key 
51582      INFO  main            d.u.i.k.p.i.AbstractProblemLoader Loading environment from /home/runner/work/key/key/key.core/../key.ui/examples/performance-test/Test(Test__f1(int)).JML_normal_behavior_operation_contract.0.key 
51583      DEBUG main            d.u.i.k.p.i.AbstractProblemLoader Environment load took 303.12ns 
51584      INFO  main            d.u.i.k.p.i.AbstractProblemLoader Creating init config 
54422      DEBUG main            d.u.i.k.j.r.ClassPreparationMethodBuilder clPrepBuilder: Inner Class detected. Reject building class initialisation methods. 
60971      DEBUG main            d.u.i.k.p.i.AbstractProblemLoader Init config took 9.39s 
61861      INFO  main            d.u.i.k.p.i.AbstractProblemLoader Replaying proof Test[Test::f1(int)].JML normal_behavior operation contract.0 
61862      DEBUG main            d.u.i.k.p.i.IntermediateProofReplayer Proof replay took 5.2ns 
62066      INFO  main            d.u.i.k.p.r.p.TestFile    ... finished proof: closed. 
62390      INFO  main            d.u.i.k.p.i.AbstractProblemLoader Loading environment from /home/runner/work/key/key/key.core/../key.ui/examples/performance-test/Test(Test__f1(int)).JML_normal_behavior_operation_contract.0.key.proof 
62390      DEBUG main            d.u.i.k.p.i.AbstractProblemLoader Environment load took 120.41ns 
62391      INFO  main            d.u.i.k.p.i.AbstractProblemLoader Creating init config 
65236      DEBUG main            d.u.i.k.j.r.ClassPreparationMethodBuilder clPrepBuilder: Inner Class detected. Reject building class initialisation methods. 
71952      DEBUG main            d.u.i.k.p.i.AbstractProblemLoader Init config took 9.56s 
72832      INFO  main            d.u.i.k.p.i.AbstractProblemLoader Replaying proof Test[Test::f1(int)].JML normal_behavior operation contract.0 
72884      DEBUG main            d.u.i.k.p.i.IntermediateProofReplayer Proof replay took 49.1ms 
72886      DEBUG main            d.u.i.k.p.r.p.TestFile    ... success: reloaded. 
438111     INFO  Test worker     d.u.i.k.p.r.RunAllProofsTestUnit Returning from test performancePOConstruction 
438113     INFO  Test worker     d.u.i.k.p.r.RunAllProofsTestUnit Running test applicationRestrictions 
324        INFO  Timeout watchdog d.u.i.k.p.r.p.ForkedTestFileRunner Timeout watcher launched (2000 secs.) 
330        WARN  main            d.u.i.k.s.ProofSettings   The settings in /home/runner/.key/proof-settings.props are *not* read. 
354        INFO  main            d.u.i.k.p.r.p.TestFile    Now processing file /home/runner/work/key/key/key.core/../key.ui/examples/heap/polarity_tests/wellformed1.key 
459        INFO  main            d.u.i.k.p.i.AbstractProblemLoader Loading environment from /home/runner/work/key/key/key.core/../key.ui/examples/heap/polarity_tests/wellformed1.key 
483        DEBUG main            d.u.i.k.p.i.AbstractProblemLoader Environment load took 1.65ms 
698        INFO  main            d.u.i.k.p.i.AbstractProblemLoader Creating init config 
1545       DEBUG main            d.u.i.k.j.TypeConverter   No LDT found for Meta 
1546       DEBUG main            d.u.i.k.j.TypeConverter   No LDT found for Meta 
1548       DEBUG main            d.u.i.k.j.TypeConverter   No LDT found for Meta 
1548       DEBUG main            d.u.i.k.j.TypeConverter   No LDT found for Meta 
3226       DEBUG main            d.u.i.k.j.TypeConverter   No LDT found for JavaBigintExpression 
8466       DEBUG main            d.u.i.k.p.i.AbstractProblemLoader Init config took 7.77s 
8524       INFO  main            d.u.i.k.p.i.AbstractProblemLoader Replaying proof wellformed1.key 
8558       DEBUG main            d.u.i.k.p.i.IntermediateProofReplayer Proof replay took 35.5ns 
8719       INFO  main            d.u.i.k.p.r.p.TestFile    ... finished proof: closed. 
8831       INFO  main            d.u.i.k.p.i.AbstractProblemLoader Loading environment from /home/runner/work/key/key/key.core/../key.ui/examples/heap/polarity_tests/wellformed1.key.proof 
8831       DEBUG main            d.u.i.k.p.i.AbstractProblemLoader Environment load took 134.71ns 
8835       INFO  main            d.u.i.k.p.i.AbstractProblemLoader Creating init config 
11773      DEBUG main            d.u.i.k.p.i.AbstractProblemLoader Init config took 2.94s 
11800      INFO  main            d.u.i.k.p.i.AbstractProblemLoader Replaying proof wellformed1.key.proof 
11807      DEBUG main            d.u.i.k.p.i.IntermediateProofReplayer Proof replay took 2.52ms 
11819      DEBUG main            d.u.i.k.p.r.p.TestFile    ... success: reloaded. 
11824      INFO  main            d.u.i.k.p.r.p.TestFile    Now processing file /home/runner/work/key/key/key.core/../key.ui/examples/heap/polarity_tests/wellformed2.key 
11824      INFO  main            d.u.i.k.p.i.AbstractProblemLoader Loading environment from /home/runner/work/key/key/key.core/../key.ui/examples/heap/polarity_tests/wellformed2.key 
11825      DEBUG main            d.u.i.k.p.i.AbstractProblemLoader Environment load took 310.92ns 
11828      INFO  main            d.u.i.k.p.i.AbstractProblemLoader Creating init config 
14705      DEBUG main            d.u.i.k.p.i.AbstractProblemLoader Init config took 2.88s 
14730      INFO  main            d.u.i.k.p.i.AbstractProblemLoader Replaying proof wellformed2.key 
14732      DEBUG main            d.u.i.k.p.i.IntermediateProofReplayer Proof replay took 5.5ns 
14839      INFO  main            d.u.i.k.p.r.p.TestFile    ... finished proof: open goal(s) 
14968      INFO  main            d.u.i.k.p.r.p.TestFile    Now processing file /home/runner/work/key/key/key.core/../key.ui/examples/heap/polarity_tests/wellformed3.key 
14969      INFO  main            d.u.i.k.p.i.AbstractProblemLoader Loading environment from /home/runner/work/key/key/key.core/../key.ui/examples/heap/polarity_tests/wellformed3.key 
14969      DEBUG main            d.u.i.k.p.i.AbstractProblemLoader Environment load took 85.61ns 
14972      INFO  main            d.u.i.k.p.i.AbstractProblemLoader Creating init config 
17717      DEBUG main            d.u.i.k.p.i.AbstractProblemLoader Init config took 2.75s 
17741      INFO  main            d.u.i.k.p.i.AbstractProblemLoader Replaying proof wellformed3.key 
17743      DEBUG main            d.u.i.k.p.i.IntermediateProofReplayer Proof replay took 5.3ns 
17852      INFO  main            d.u.i.k.p.r.p.TestFile    ... finished proof: closed. 
17997      INFO  main            d.u.i.k.p.i.AbstractProblemLoader Loading environment from /home/runner/work/key/key/key.core/../key.ui/examples/heap/polarity_tests/wellformed3.key.proof 
17997      DEBUG main            d.u.i.k.p.i.AbstractProblemLoader Environment load took 289.42ns 
17999      INFO  main            d.u.i.k.p.i.AbstractProblemLoader Creating init config 
20751      DEBUG main            d.u.i.k.p.i.AbstractProblemLoader Init config took 2.75s 
20772      INFO  main            d.u.i.k.p.i.AbstractProblemLoader Replaying proof wellformed3.key.proof 
20777      DEBUG main            d.u.i.k.p.i.IntermediateProofReplayer Proof replay took 1.99ms 
20778      DEBUG main            d.u.i.k.p.r.p.TestFile    ... success: reloaded. 
20779      INFO  main            d.u.i.k.p.r.p.TestFile    Now processing file /home/runner/work/key/key/key.core/../key.ui/examples/heap/polarity_tests/wellformed4.key 
20779      INFO  main            d.u.i.k.p.i.AbstractProblemLoader Loading environment from /home/runner/work/key/key/key.core/../key.ui/examples/heap/polarity_tests/wellformed4.key 
20780      DEBUG main            d.u.i.k.p.i.AbstractProblemLoader Environment load took 252.92ns 
20781      INFO  main            d.u.i.k.p.i.AbstractProblemLoader Creating init config 
23504      DEBUG main            d.u.i.k.p.i.AbstractProblemLoader Init config took 2.72s 
23526      INFO  main            d.u.i.k.p.i.AbstractProblemLoader Replaying proof wellformed4.key 
23527      DEBUG main            d.u.i.k.p.i.IntermediateProofReplayer Proof replay took 5.9ns 
23633      INFO  main            d.u.i.k.p.r.p.TestFile    ... finished proof: open goal(s) 
23775      INFO  main            d.u.i.k.p.r.p.TestFile    Now processing file /home/runner/work/key/key/key.core/../key.ui/examples/heap/polarity_tests/wellformed5.key 
23775      INFO  main            d.u.i.k.p.i.AbstractProblemLoader Loading environment from /home/runner/work/key/key/key.core/../key.ui/examples/heap/polarity_tests/wellformed5.key 
23775      DEBUG main            d.u.i.k.p.i.AbstractProblemLoader Environment load took 77.61ns 
23776      INFO  main            d.u.i.k.p.i.AbstractProblemLoader Creating init config 
26340      DEBUG main            d.u.i.k.p.i.AbstractProblemLoader Init config took 2.56s 
26375      INFO  main            d.u.i.k.p.i.AbstractProblemLoader Replaying proof wellformed5.key 
26377      DEBUG main            d.u.i.k.p.i.IntermediateProofReplayer Proof replay took 7.1ns 
26481      INFO  main            d.u.i.k.p.r.p.TestFile    ... finished proof: closed. 
26606      INFO  main            d.u.i.k.p.i.AbstractProblemLoader Loading environment from /home/runner/work/key/key/key.core/../key.ui/examples/heap/polarity_tests/wellformed5.key.proof 
26606      DEBUG main            d.u.i.k.p.i.AbstractProblemLoader Environment load took 112.61ns 
26609      INFO  main            d.u.i.k.p.i.AbstractProblemLoader Creating init config 
29149      DEBUG main            d.u.i.k.p.i.AbstractProblemLoader Init config took 2.54s 
29168      INFO  main            d.u.i.k.p.i.AbstractProblemLoader Replaying proof wellformed5.key.proof 
29172      DEBUG main            d.u.i.k.p.i.IntermediateProofReplayer Proof replay took 1.27ms 
29173      DEBUG main            d.u.i.k.p.r.p.TestFile    ... success: reloaded. 
29174      INFO  main            d.u.i.k.p.r.p.TestFile    Now processing file /home/runner/work/key/key/key.core/../key.ui/examples/heap/polarity_tests/wellformed6.key 
29174      INFO  main            d.u.i.k.p.i.AbstractProblemLoader Loading environment from /home/runner/work/key/key/key.core/../key.ui/examples/heap/polarity_tests/wellformed6.key 
29174      DEBUG main            d.u.i.k.p.i.AbstractProblemLoader Environment load took 241.22ns 
29178      INFO  main            d.u.i.k.p.i.AbstractProblemLoader Creating init config 
31922      DEBUG main            d.u.i.k.p.i.AbstractProblemLoader Init config took 2.74s 
31940      INFO  main            d.u.i.k.p.i.AbstractProblemLoader Replaying proof wellformed6.key 
31941      DEBUG main            d.u.i.k.p.i.IntermediateProofReplayer Proof replay took 5.7ns 
32043      INFO  main            d.u.i.k.p.r.p.TestFile    ... finished proof: open goal(s) 
32181      INFO  main            d.u.i.k.p.r.p.TestFile    Now processing file /home/runner/work/key/key/key.core/../key.ui/examples/heap/polarity_tests/wellformed7.key 
32181      INFO  main            d.u.i.k.p.i.AbstractProblemLoader Loading environment from /home/runner/work/key/key/key.core/../key.ui/examples/heap/polarity_tests/wellformed7.key 
32181      DEBUG main            d.u.i.k.p.i.AbstractProblemLoader Environment load took 72.91ns 
32186      INFO  main            d.u.i.k.p.i.AbstractProblemLoader Creating init config 
34591      DEBUG main            d.u.i.k.p.i.AbstractProblemLoader Init config took 2.41s 
34611      INFO  main            d.u.i.k.p.i.AbstractProblemLoader Replaying proof wellformed7.key 
34612      DEBUG main            d.u.i.k.p.i.IntermediateProofReplayer Proof replay took 5.6ns 
34716      INFO  main            d.u.i.k.p.r.p.TestFile    ... finished proof: closed. 
34847      INFO  main            d.u.i.k.p.i.AbstractProblemLoader Loading environment from /home/runner/work/key/key/key.core/../key.ui/examples/heap/polarity_tests/wellformed7.key.proof 
34847      DEBUG main            d.u.i.k.p.i.AbstractProblemLoader Environment load took 106.81ns 
34848      INFO  main            d.u.i.k.p.i.AbstractProblemLoader Creating init config 
37346      DEBUG main            d.u.i.k.p.i.AbstractProblemLoader Init config took 2.5s 
37367      INFO  main            d.u.i.k.p.i.AbstractProblemLoader Replaying proof wellformed7.key.proof 
37372      DEBUG main            d.u.i.k.p.i.IntermediateProofReplayer Proof replay took 3.29ms 
37373      DEBUG main            d.u.i.k.p.r.p.TestFile    ... success: reloaded. 
37375      INFO  main            d.u.i.k.p.r.p.TestFile    Now processing file /home/runner/work/key/key/key.core/../key.ui/examples/heap/polarity_tests/wellformed8.key 
37375      INFO  main            d.u.i.k.p.i.AbstractProblemLoader Loading environment from /home/runner/work/key/key/key.core/../key.ui/examples/heap/polarity_tests/wellformed8.key 
37375      DEBUG main            d.u.i.k.p.i.AbstractProblemLoader Environment load took 245.72ns 
37376      INFO  main            d.u.i.k.p.i.AbstractProblemLoader Creating init config 
39899      DEBUG main            d.u.i.k.p.i.AbstractProblemLoader Init config took 2.52s 
39918      INFO  main            d.u.i.k.p.i.AbstractProblemLoader Replaying proof wellformed8.key 
39919      DEBUG main            d.u.i.k.p.i.IntermediateProofReplayer Proof replay took 8.3ns 
40022      INFO  main            d.u.i.k.p.r.p.TestFile    ... finished proof: open goal(s) 
40175      INFO  main            d.u.i.k.p.r.p.TestFile    Now processing file /home/runner/work/key/key/key.core/../key.ui/examples/heap/polarity_tests/wellformed9.key 
40175      INFO  main            d.u.i.k.p.i.AbstractProblemLoader Loading environment from /home/runner/work/key/key/key.core/../key.ui/examples/heap/polarity_tests/wellformed9.key 
40175      DEBUG main            d.u.i.k.p.i.AbstractProblemLoader Environment load took 71.31ns 
40178      INFO  main            d.u.i.k.p.i.AbstractProblemLoader Creating init config 
42623      DEBUG main            d.u.i.k.p.i.AbstractProblemLoader Init config took 2.44s 
42638      INFO  main            d.u.i.k.p.i.AbstractProblemLoader Replaying proof wellformed9.key 
42639      DEBUG main            d.u.i.k.p.i.IntermediateProofReplayer Proof replay took 6.8ns 
42743      INFO  main            d.u.i.k.p.r.p.TestFile    ... finished proof: closed. 
42907      INFO  main            d.u.i.k.p.i.AbstractProblemLoader Loading environment from /home/runner/work/key/key/key.core/../key.ui/examples/heap/polarity_tests/wellformed9.key.proof 
42907      DEBUG main            d.u.i.k.p.i.AbstractProblemLoader Environment load took 114.21ns 
42908      INFO  main            d.u.i.k.p.i.AbstractProblemLoader Creating init config 
45290      DEBUG main            d.u.i.k.p.i.AbstractProblemLoader Init config took 2.38s 
45306      INFO  main            d.u.i.k.p.i.AbstractProblemLoader Replaying proof wellformed9.key.proof 
45309      DEBUG main            d.u.i.k.p.i.IntermediateProofReplayer Proof replay took 1.4ms 
45310      DEBUG main            d.u.i.k.p.r.p.TestFile    ... success: reloaded. 
45310      INFO  main            d.u.i.k.p.r.p.TestFile    Now processing file /home/runner/work/key/key/key.core/../key.ui/examples/heap/polarity_tests/wellformed10.key 
45311      INFO  main            d.u.i.k.p.i.AbstractProblemLoader Loading environment from /home/runner/work/key/key/key.core/../key.ui/examples/heap/polarity_tests/wellformed10.key 
45311      DEBUG main            d.u.i.k.p.i.AbstractProblemLoader Environment load took 135.31ns 
45312      INFO  main            d.u.i.k.p.i.AbstractProblemLoader Creating init config 
47745      DEBUG main            d.u.i.k.p.i.AbstractProblemLoader Init config took 2.43s 
47760      INFO  main            d.u.i.k.p.i.AbstractProblemLoader Replaying proof wellformed10.key 
47762      DEBUG main            d.u.i.k.p.i.IntermediateProofReplayer Proof replay took 6.5ns 
47865      INFO  main            d.u.i.k.p.r.p.TestFile    ... finished proof: open goal(s) 
48036      INFO  main            d.u.i.k.p.r.p.TestFile    Now processing file /home/runner/work/key/key/key.core/../key.ui/examples/heap/polarity_tests/wellformed11.key 
48036      INFO  main            d.u.i.k.p.i.AbstractProblemLoader Loading environment from /home/runner/work/key/key/key.core/../key.ui/examples/heap/polarity_tests/wellformed11.key 
48036      DEBUG main            d.u.i.k.p.i.AbstractProblemLoader Environment load took 63.41ns 
48039      INFO  main            d.u.i.k.p.i.AbstractProblemLoader Creating init config 
50384      DEBUG main            d.u.i.k.p.i.AbstractProblemLoader Init config took 2.34s 
50399      INFO  main            d.u.i.k.p.i.AbstractProblemLoader Replaying proof wellformed11.key 
50400      DEBUG main            d.u.i.k.p.i.IntermediateProofReplayer Proof replay took 5.5ns 
50504      INFO  main            d.u.i.k.p.r.p.TestFile    ... finished proof: open goal(s) 
488914     INFO  Test worker     d.u.i.k.p.r.RunAllProofsTestUnit Returning from test applicationRestrictions 
488915     INFO  Test worker     d.u.i.k.p.r.RunAllProofsTestUnit Running test blockContracts 
299        INFO  Timeout watchdog d.u.i.k.p.r.p.ForkedTestFileRunner Timeout watcher launched (2000 secs.) 
306        WARN  main            d.u.i.k.s.ProofSettings   The settings in /home/runner/.key/proof-settings.props are *not* read. 
348        INFO  main            d.u.i.k.p.r.p.TestFile    Now processing file /home/runner/work/key/key/key.core/../key.ui/examples/heap/block_contracts/Simple__add.key 
449        INFO  main            d.u.i.k.p.i.AbstractProblemLoader Loading environment from /home/runner/work/key/key/key.core/../key.ui/examples/heap/block_contracts/Simple__add.key 
475        DEBUG main            d.u.i.k.p.i.AbstractProblemLoader Environment load took 1.6ms 
687        INFO  main            d.u.i.k.p.i.AbstractProblemLoader Creating init config 
1557       DEBUG main            d.u.i.k.j.TypeConverter   No LDT found for Meta 
1557       DEBUG main            d.u.i.k.j.TypeConverter   No LDT found for Meta 
1561       DEBUG main            d.u.i.k.j.TypeConverter   No LDT found for Meta 
1562       DEBUG main            d.u.i.k.j.TypeConverter   No LDT found for Meta 
2820       DEBUG main            d.u.i.k.j.TypeConverter   No LDT found for JavaBigintExpression 
8388       DEBUG main            d.u.i.k.p.i.AbstractProblemLoader Init config took 7.7s 
8507       INFO  main            d.u.i.k.p.i.AbstractProblemLoader Replaying proof Simple[Simple::add(int,int)].JML operation contract.0 
8593       DEBUG main            d.u.i.k.p.i.IntermediateProofReplayer Proof replay took 308.72ns 
9241       INFO  main            d.u.i.k.p.r.p.TestFile    ... finished proof: closed. 
9353       INFO  main            d.u.i.k.p.i.AbstractProblemLoader Loading environment from /home/runner/work/key/key/key.core/../key.ui/examples/heap/block_contracts/Simple__add.key.proof 
9354       DEBUG main            d.u.i.k.p.i.AbstractProblemLoader Environment load took 136.11ns 
9355       INFO  main            d.u.i.k.p.i.AbstractProblemLoader Creating init config 
12486      DEBUG main            d.u.i.k.p.i.AbstractProblemLoader Init config took 3.13s 
12553      INFO  main            d.u.i.k.p.i.AbstractProblemLoader Replaying proof Simple[Simple::add(int,int)].JML operation contract.0 
12625      DEBUG main            d.u.i.k.p.i.IntermediateProofReplayer Proof replay took 68.69ms 
12632      DEBUG main            d.u.i.k.p.r.p.TestFile    ... success: reloaded. 
12634      INFO  main            d.u.i.k.p.r.p.TestFile    Now processing file /home/runner/work/key/key/key.core/../key.ui/examples/heap/block_contracts/Simple__addAbsoluteValues.key 
12634      INFO  main            d.u.i.k.p.i.AbstractProblemLoader Loading environment from /home/runner/work/key/key/key.core/../key.ui/examples/heap/block_contracts/Simple__addAbsoluteValues.key 
12635      DEBUG main            d.u.i.k.p.i.AbstractProblemLoader Environment load took 236.02ns 
12636      INFO  main            d.u.i.k.p.i.AbstractProblemLoader Creating init config 
15685      DEBUG main            d.u.i.k.p.i.AbstractProblemLoader Init config took 3.05s 
15751      INFO  main            d.u.i.k.p.i.AbstractProblemLoader Replaying proof Simple[Simple::addAbsoluteValues(int,int)].JML normal_behavior operation contract.0 
15758      DEBUG main            d.u.i.k.p.i.IntermediateProofReplayer Proof replay took 14.4ns 
16780      INFO  main            d.u.i.k.p.r.p.TestFile    ... finished proof: closed. 
16990      INFO  main            d.u.i.k.p.i.AbstractProblemLoader Loading environment from /home/runner/work/key/key/key.core/../key.ui/examples/heap/block_contracts/Simple__addAbsoluteValues.key.proof 
16991      DEBUG main            d.u.i.k.p.i.AbstractProblemLoader Environment load took 499.24ns 
16994      INFO  main            d.u.i.k.p.i.AbstractProblemLoader Creating init config 
19953      DEBUG main            d.u.i.k.p.i.AbstractProblemLoader Init config took 2.96s 
20005      INFO  main            d.u.i.k.p.i.AbstractProblemLoader Replaying proof Simple[Simple::addAbsoluteValues(int,int)].JML normal_behavior operation contract.0 
20225      DEBUG main            d.u.i.k.p.i.IntermediateProofReplayer Proof replay took 209.09ms 
20228      DEBUG main            d.u.i.k.p.r.p.TestFile    ... success: reloaded. 
20230      INFO  main            d.u.i.k.p.r.p.TestFile    Now processing file /home/runner/work/key/key/key.core/../key.ui/examples/heap/block_contracts/Simple__addWithJump.key 
20230      INFO  main            d.u.i.k.p.i.AbstractProblemLoader Loading environment from /home/runner/work/key/key/key.core/../key.ui/examples/heap/block_contracts/Simple__addWithJump.key 
20230      DEBUG main            d.u.i.k.p.i.AbstractProblemLoader Environment load took 217.52ns 
20232      INFO  main            d.u.i.k.p.i.AbstractProblemLoader Creating init config 
23252      DEBUG main            d.u.i.k.p.i.AbstractProblemLoader Init config took 3.02s 
23297      INFO  main            d.u.i.k.p.i.AbstractProblemLoader Replaying proof Simple[Simple::addWithJump(int,int,int)].JML operation contract.0 
23300      DEBUG main            d.u.i.k.p.i.IntermediateProofReplayer Proof replay took 9.3ns 
23506      INFO  main            d.u.i.k.p.r.p.TestFile    ... finished proof: closed. 
23706      INFO  main            d.u.i.k.p.i.AbstractProblemLoader Loading environment from /home/runner/work/key/key/key.core/../key.ui/examples/heap/block_contracts/Simple__addWithJump.key.proof 
23706      DEBUG main            d.u.i.k.p.i.AbstractProblemLoader Environment load took 120.31ns 
23710      INFO  main            d.u.i.k.p.i.AbstractProblemLoader Creating init config 
26605      DEBUG main            d.u.i.k.p.i.AbstractProblemLoader Init config took 2.9s 
26682      INFO  main            d.u.i.k.p.i.AbstractProblemLoader Replaying proof Simple[Simple::addWithJump(int,int,int)].JML operation contract.0 
26732      DEBUG main            d.u.i.k.p.i.IntermediateProofReplayer Proof replay took 46.82ms 
26734      DEBUG main            d.u.i.k.p.r.p.TestFile    ... success: reloaded. 
26737      INFO  main            d.u.i.k.p.r.p.TestFile    Now processing file /home/runner/work/key/key/key.core/../key.ui/examples/heap/block_contracts/Simple__addWithTwoBlockContracts.key 
26737      INFO  main            d.u.i.k.p.i.AbstractProblemLoader Loading environment from /home/runner/work/key/key/key.core/../key.ui/examples/heap/block_contracts/Simple__addWithTwoBlockContracts.key 
26738      DEBUG main            d.u.i.k.p.i.AbstractProblemLoader Environment load took 290.92ns 
26741      INFO  main            d.u.i.k.p.i.AbstractProblemLoader Creating init config 
29644      DEBUG main            d.u.i.k.p.i.AbstractProblemLoader Init config took 2.9s 
29705      INFO  main            d.u.i.k.p.i.AbstractProblemLoader Replaying proof Simple[Simple::addWithTwoBlockContracts(int,int,int)].JML operation contract.0 
29707      DEBUG main            d.u.i.k.p.i.IntermediateProofReplayer Proof replay took 10.9ns 
29911      INFO  main            d.u.i.k.p.r.p.TestFile    ... finished proof: closed. 
30086      INFO  main            d.u.i.k.p.i.AbstractProblemLoader Loading environment from /home/runner/work/key/key/key.core/../key.ui/examples/heap/block_contracts/Simple__addWithTwoBlockContracts.key.proof 
30086      DEBUG main            d.u.i.k.p.i.AbstractProblemLoader Environment load took 129.41ns 
30087      INFO  main            d.u.i.k.p.i.AbstractProblemLoader Creating init config 
32983      DEBUG main            d.u.i.k.p.i.AbstractProblemLoader Init config took 2.9s 
33026      INFO  main            d.u.i.k.p.i.AbstractProblemLoader Replaying proof Simple[Simple::addWithTwoBlockContracts(int,int,int)].JML operation contract.0 
33081      DEBUG main            d.u.i.k.p.i.IntermediateProofReplayer Proof replay took 52.56ms 
33082      DEBUG main            d.u.i.k.p.r.p.TestFile    ... success: reloaded. 
33083      INFO  main            d.u.i.k.p.r.p.TestFile    Now processing file /home/runner/work/key/key/key.core/../key.ui/examples/heap/block_contracts/Simple__generateByteArray.key 
33083      INFO  main            d.u.i.k.p.i.AbstractProblemLoader Loading environment from /home/runner/work/key/key/key.core/../key.ui/examples/heap/block_contracts/Simple__generateByteArray.key 
33083      DEBUG main            d.u.i.k.p.i.AbstractProblemLoader Environment load took 160.71ns 
33084      INFO  main            d.u.i.k.p.i.AbstractProblemLoader Creating init config 
35964      DEBUG main            d.u.i.k.p.i.AbstractProblemLoader Init config took 2.88s 
36006      INFO  main            d.u.i.k.p.i.AbstractProblemLoader Replaying proof Simple[Simple::generateByteArray()].JML normal_behavior operation contract.0 
36007      DEBUG main            d.u.i.k.p.i.IntermediateProofReplayer Proof replay took 10.2ns 
38241      INFO  main            d.u.i.k.p.r.p.TestFile    ... finished proof: closed. 
38489      INFO  main            d.u.i.k.p.i.AbstractProblemLoader Loading environment from /home/runner/work/key/key/key.core/../key.ui/examples/heap/block_contracts/Simple__generateByteArray.key.proof 
38490      DEBUG main            d.u.i.k.p.i.AbstractProblemLoader Environment load took 556.74ns 
38493      INFO  main            d.u.i.k.p.i.AbstractProblemLoader Creating init config 
41388      DEBUG main            d.u.i.k.p.i.AbstractProblemLoader Init config took 2.89s 
41433      INFO  main            d.u.i.k.p.i.AbstractProblemLoader Replaying proof Simple[Simple::generateByteArray()].JML normal_behavior operation contract.0 
41717      DEBUG main            d.u.i.k.p.i.IntermediateProofReplayer Proof replay took 270.65ms 
41719      DEBUG main            d.u.i.k.p.r.p.TestFile    ... success: reloaded. 
41720      INFO  main            d.u.i.k.p.r.p.TestFile    Now processing file /home/runner/work/key/key/key.core/../key.ui/examples/heap/block_contracts/Simple__getLength.key 
41721      INFO  main            d.u.i.k.p.i.AbstractProblemLoader Loading environment from /home/runner/work/key/key/key.core/../key.ui/examples/heap/block_contracts/Simple__getLength.key 
41721      DEBUG main            d.u.i.k.p.i.AbstractProblemLoader Environment load took 305.02ns 
41722      INFO  main            d.u.i.k.p.i.AbstractProblemLoader Creating init config 
44519      DEBUG main            d.u.i.k.p.i.AbstractProblemLoader Init config took 2.8s 
44582      INFO  main            d.u.i.k.p.i.AbstractProblemLoader Replaying proof Simple[Simple::getLength()].JML normal_behavior operation contract.0 
44584      DEBUG main            d.u.i.k.p.i.IntermediateProofReplayer Proof replay took 11.2ns 
44689      INFO  main            d.u.i.k.p.r.p.TestFile    ... finished proof: closed. 
44883      INFO  main            d.u.i.k.p.i.AbstractProblemLoader Loading environment from /home/runner/work/key/key/key.core/../key.ui/examples/heap/block_contracts/Simple__getLength.key.proof 
44883      DEBUG main            d.u.i.k.p.i.AbstractProblemLoader Environment load took 121.01ns 
44884      INFO  main            d.u.i.k.p.i.AbstractProblemLoader Creating init config 
47718      DEBUG main            d.u.i.k.p.i.AbstractProblemLoader Init config took 2.83s 
47779      INFO  main            d.u.i.k.p.i.AbstractProblemLoader Replaying proof Simple[Simple::getLength()].JML normal_behavior operation contract.0 
47789      DEBUG main            d.u.i.k.p.i.IntermediateProofReplayer Proof replay took 7.67ms 
47790      DEBUG main            d.u.i.k.p.r.p.TestFile    ... success: reloaded. 
47791      INFO  main            d.u.i.k.p.r.p.TestFile    Now processing file /home/runner/work/key/key/key.core/../key.ui/examples/heap/block_contracts/Simple__square.key 
47791      INFO  main            d.u.i.k.p.i.AbstractProblemLoader Loading environment from /home/runner/work/key/key/key.core/../key.ui/examples/heap/block_contracts/Simple__square.key 
47792      DEBUG main            d.u.i.k.p.i.AbstractProblemLoader Environment load took 98.41ns 
47793      INFO  main            d.u.i.k.p.i.AbstractProblemLoader Creating init config 
50647      DEBUG main            d.u.i.k.p.i.AbstractProblemLoader Init config took 2.85s 
50687      INFO  main            d.u.i.k.p.i.AbstractProblemLoader Replaying proof Simple[Simple::square(int)].JML operation contract.0 
50690      DEBUG main            d.u.i.k.p.i.IntermediateProofReplayer Proof replay took 12.8ns 
51093      INFO  main            d.u.i.k.p.r.p.TestFile    ... finished proof: closed. 
51284      INFO  main            d.u.i.k.p.i.AbstractProblemLoader Loading environment from /home/runner/work/key/key/key.core/../key.ui/examples/heap/block_contracts/Simple__square.key.proof 
51285      DEBUG main            d.u.i.k.p.i.AbstractProblemLoader Environment load took 117.11ns 
51285      INFO  main            d.u.i.k.p.i.AbstractProblemLoader Creating init config 
54092      DEBUG main            d.u.i.k.p.i.AbstractProblemLoader Init config took 2.81s 
54130      INFO  main            d.u.i.k.p.i.AbstractProblemLoader Replaying proof Simple[Simple::square(int)].JML operation contract.0 
54218      DEBUG main            d.u.i.k.p.i.IntermediateProofReplayer Proof replay took 84.96ms 
54219      DEBUG main            d.u.i.k.p.r.p.TestFile    ... success: reloaded. 
54221      INFO  main            d.u.i.k.p.r.p.TestFile    Now processing file /home/runner/work/key/key/key.core/../key.ui/examples/heap/block_contracts/Simple__unnecessaryBlockContract.key 
54221      INFO  main            d.u.i.k.p.i.AbstractProblemLoader Loading environment from /home/runner/work/key/key/key.core/../key.ui/examples/heap/block_contracts/Simple__unnecessaryBlockContract.key 
54222      DEBUG main            d.u.i.k.p.i.AbstractProblemLoader Environment load took 269.02ns 
54223      INFO  main            d.u.i.k.p.i.AbstractProblemLoader Creating init config 
57175      DEBUG main            d.u.i.k.p.i.AbstractProblemLoader Init config took 2.95s 
57212      INFO  main            d.u.i.k.p.i.AbstractProblemLoader Replaying proof Simple[Simple::unnecessaryBlockContract()].JML operation contract.0 
57213      DEBUG main            d.u.i.k.p.i.IntermediateProofReplayer Proof replay took 11.9ns 
57317      INFO  main            d.u.i.k.p.r.p.TestFile    ... finished proof: closed. 
57522      INFO  main            d.u.i.k.p.i.AbstractProblemLoader Loading environment from /home/runner/work/key/key/key.core/../key.ui/examples/heap/block_contracts/Simple__unnecessaryBlockContract.key.proof 
57523      DEBUG main            d.u.i.k.p.i.AbstractProblemLoader Environment load took 130.91ns 
57523      INFO  main            d.u.i.k.p.i.AbstractProblemLoader Creating init config 
60310      DEBUG main            d.u.i.k.p.i.AbstractProblemLoader Init config took 2.79s 
60347      INFO  main            d.u.i.k.p.i.AbstractProblemLoader Replaying proof Simple[Simple::unnecessaryBlockContract()].JML operation contract.0 
60371      DEBUG main            d.u.i.k.p.i.IntermediateProofReplayer Proof replay took 21.75ms 
60372      DEBUG main            d.u.i.k.p.r.p.TestFile    ... success: reloaded. 
60373      INFO  main            d.u.i.k.p.r.p.TestFile    Now processing file /home/runner/work/key/key/key.core/../key.ui/examples/heap/block_contracts/Simple__unnecessaryLoopInvariant.key 
60373      INFO  main            d.u.i.k.p.i.AbstractProblemLoader Loading environment from /home/runner/work/key/key/key.core/../key.ui/examples/heap/block_contracts/Simple__unnecessaryLoopInvariant.key 
60373      DEBUG main            d.u.i.k.p.i.AbstractProblemLoader Environment load took 98.51ns 
60374      INFO  main            d.u.i.k.p.i.AbstractProblemLoader Creating init config 
63228      DEBUG main            d.u.i.k.p.i.AbstractProblemLoader Init config took 2.85s 
63264      INFO  main            d.u.i.k.p.i.AbstractProblemLoader Replaying proof Simple[Simple::unnecessaryLoopInvariant()].JML operation contract.0 
63266      DEBUG main            d.u.i.k.p.i.IntermediateProofReplayer Proof replay took 10.6ns 
63368      INFO  main            d.u.i.k.p.r.p.TestFile    ... finished proof: closed. 
63577      INFO  main            d.u.i.k.p.i.AbstractProblemLoader Loading environment from /home/runner/work/key/key/key.core/../key.ui/examples/heap/block_contracts/Simple__unnecessaryLoopInvariant.key.proof 
63577      DEBUG main            d.u.i.k.p.i.AbstractProblemLoader Environment load took 127.41ns 
63578      INFO  main            d.u.i.k.p.i.AbstractProblemLoader Creating init config 
66377      DEBUG main            d.u.i.k.p.i.AbstractProblemLoader Init config took 2.8s 
66415      INFO  main            d.u.i.k.p.i.AbstractProblemLoader Replaying proof Simple[Simple::unnecessaryLoopInvariant()].JML operation contract.0 
66428      DEBUG main            d.u.i.k.p.i.IntermediateProofReplayer Proof replay took 11.03ms 
66429      DEBUG main            d.u.i.k.p.r.p.TestFile    ... success: reloaded. 
66430      INFO  main            d.u.i.k.p.r.p.TestFile    Now processing file /home/runner/work/key/key/key.core/../key.ui/examples/standard_key/java_dl/jml-assert/assert.key 
66430      INFO  main            d.u.i.k.p.i.AbstractProblemLoader Loading environment from /home/runner/work/key/key/key.core/../key.ui/examples/standard_key/java_dl/jml-assert/assert.key 
66430      DEBUG main            d.u.i.k.p.i.AbstractProblemLoader Environment load took 107.91ns 
66431      INFO  main            d.u.i.k.p.i.AbstractProblemLoader Creating init config 
69066      DEBUG main            d.u.i.k.p.i.AbstractProblemLoader Init config took 2.64s 
69106      INFO  main            d.u.i.k.p.i.AbstractProblemLoader Replaying proof Assert[Assert::createArray(int)].JML normal_behavior operation contract.0 
69107      DEBUG main            d.u.i.k.p.i.IntermediateProofReplayer Proof replay took 6.5ns 
69313      INFO  main            d.u.i.k.p.r.p.TestFile    ... finished proof: closed. 
69529      INFO  main            d.u.i.k.p.i.AbstractProblemLoader Loading environment from /home/runner/work/key/key/key.core/../key.ui/examples/standard_key/java_dl/jml-assert/assert.key.proof 
69529      DEBUG main            d.u.i.k.p.i.AbstractProblemLoader Environment load took 123.01ns 
69530      INFO  main            d.u.i.k.p.i.AbstractProblemLoader Creating init config 
72108      DEBUG main            d.u.i.k.p.i.AbstractProblemLoader Init config took 2.58s 
72146      INFO  main            d.u.i.k.p.i.AbstractProblemLoader Replaying proof Assert[Assert::createArray(int)].JML normal_behavior operation contract.0 
72209      DEBUG main            d.u.i.k.p.i.IntermediateProofReplayer Proof replay took 60.93ms 
72210      DEBUG main            d.u.i.k.p.r.p.TestFile    ... success: reloaded. 
72211      INFO  main            d.u.i.k.p.r.p.TestFile    Now processing file /home/runner/work/key/key/key.core/../key.ui/examples/standard_key/java_dl/jml-assert/assert_assume_order.key 
72212      INFO  main            d.u.i.k.p.i.AbstractProblemLoader Loading environment from /home/runner/work/key/key/key.core/../key.ui/examples/standard_key/java_dl/jml-assert/assert_assume_order.key 
72212      DEBUG main            d.u.i.k.p.i.AbstractProblemLoader Environment load took 104.31ns 
72213      INFO  main            d.u.i.k.p.i.AbstractProblemLoader Creating init config 
74800      DEBUG main            d.u.i.k.p.i.AbstractProblemLoader Init config took 2.59s 
74836      INFO  main            d.u.i.k.p.i.AbstractProblemLoader Replaying proof AssertAssume[AssertAssume::singleAssumeAssert(int)].JML normal_behavior operation contract.0 
74838      DEBUG main            d.u.i.k.p.i.IntermediateProofReplayer Proof replay took 5.8ns 
74941      INFO  main            d.u.i.k.p.r.p.TestFile    ... finished proof: closed. 
75130      INFO  main            d.u.i.k.p.i.AbstractProblemLoader Loading environment from /home/runner/work/key/key/key.core/../key.ui/examples/standard_key/java_dl/jml-assert/assert_assume_order.key.proof 
75130      DEBUG main            d.u.i.k.p.i.AbstractProblemLoader Environment load took 162.31ns 
75131      INFO  main            d.u.i.k.p.i.AbstractProblemLoader Creating init config 
77567      DEBUG main            d.u.i.k.p.i.AbstractProblemLoader Init config took 2.44s 
77602      INFO  main            d.u.i.k.p.i.AbstractProblemLoader Replaying proof AssertAssume[AssertAssume::singleAssumeAssert(int)].JML normal_behavior operation contract.0 
77616      DEBUG main            d.u.i.k.p.i.IntermediateProofReplayer Proof replay took 9.22ms 
77618      DEBUG main            d.u.i.k.p.r.p.TestFile    ... success: reloaded. 
77620      INFO  main            d.u.i.k.p.r.p.TestFile    Now processing file /home/runner/work/key/key/key.core/../key.ui/examples/heap/block_loop_contracts/SimpleVariants/sum_onBlock_external.key 
77620      INFO  main            d.u.i.k.p.i.AbstractProblemLoader Loading environment from /home/runner/work/key/key/key.core/../key.ui/examples/heap/block_loop_contracts/SimpleVariants/sum_onBlock_external.key 
77624      DEBUG main            d.u.i.k.p.i.AbstractProblemLoader Environment load took 3.24ms 
77626      INFO  main            d.u.i.k.p.i.AbstractProblemLoader Creating init config 
80413      DEBUG main            d.u.i.k.p.i.AbstractProblemLoader Init config took 2.79s 
80451      INFO  main            d.u.i.k.p.i.AbstractProblemLoader Replaying proof LoopContractExamplesAll[LoopContractExamplesAll::sum_loopContract_onBlock([I)].JML normal_behavior operation contract.0 
80453      DEBUG main            d.u.i.k.p.i.IntermediateProofReplayer Proof replay took 11.1ns 
80556      INFO  main            d.u.i.k.p.r.p.TestFile    ... finished proof: closed. 
80786      INFO  main            d.u.i.k.p.i.AbstractProblemLoader Loading environment from /home/runner/work/key/key/key.core/../key.ui/examples/heap/block_loop_contracts/SimpleVariants/sum_onBlock_external.key.proof 
80786      DEBUG main            d.u.i.k.p.i.AbstractProblemLoader Environment load took 128.01ns 
80787      INFO  main            d.u.i.k.p.i.AbstractProblemLoader Creating init config 
83474      DEBUG main            d.u.i.k.p.i.AbstractProblemLoader Init config took 2.69s 
83509      INFO  main            d.u.i.k.p.i.AbstractProblemLoader Replaying proof LoopContractExamplesAll[LoopContractExamplesAll::sum_loopContract_onBlock([I)].JML normal_behavior operation contract.0 
83544      DEBUG main            d.u.i.k.p.i.IntermediateProofReplayer Proof replay took 32.88ms 
83545      DEBUG main            d.u.i.k.p.r.p.TestFile    ... success: reloaded. 
83546      INFO  main            d.u.i.k.p.r.p.TestFile    Now processing file /home/runner/work/key/key/key.core/../key.ui/examples/heap/block_loop_contracts/SimpleVariants/sum_onBlock_internal.key 
83546      INFO  main            d.u.i.k.p.i.AbstractProblemLoader Loading environment from /home/runner/work/key/key/key.core/../key.ui/examples/heap/block_loop_contracts/SimpleVariants/sum_onBlock_internal.key 
83546      DEBUG main            d.u.i.k.p.i.AbstractProblemLoader Environment load took 108.51ns 
83547      INFO  main            d.u.i.k.p.i.AbstractProblemLoader Creating init config 
86305      DEBUG main            d.u.i.k.p.i.AbstractProblemLoader Init config took 2.76s 
86340      INFO  main            d.u.i.k.p.i.AbstractProblemLoader Replaying proof LoopContractExamplesAll[LoopContractExamplesAll::sum_loopContract_onBlock([I)].JML normal_behavior operation contract.0 
86342      DEBUG main            d.u.i.k.p.i.IntermediateProofReplayer Proof replay took 10.8ns 
87053      INFO  main            d.u.i.k.p.r.p.TestFile    ... finished proof: closed. 
87320      INFO  main            d.u.i.k.p.i.AbstractProblemLoader Loading environment from /home/runner/work/key/key/key.core/../key.ui/examples/heap/block_loop_contracts/SimpleVariants/sum_onBlock_internal.key.proof 
87320      DEBUG main            d.u.i.k.p.i.AbstractProblemLoader Environment load took 122.11ns 
87321      INFO  main            d.u.i.k.p.i.AbstractProblemLoader Creating init config 
89998      DEBUG main            d.u.i.k.p.i.AbstractProblemLoader Init config took 2.68s 
90038      INFO  main            d.u.i.k.p.i.AbstractProblemLoader Replaying proof LoopContractExamplesAll[LoopContractExamplesAll::sum_loopContract_onBlock([I)].JML normal_behavior operation contract.0 
90322      DEBUG main            d.u.i.k.p.i.IntermediateProofReplayer Proof replay took 278.11ms 
90323      DEBUG main            d.u.i.k.p.r.p.TestFile    ... success: reloaded. 
90324      INFO  main            d.u.i.k.p.r.p.TestFile    Now processing file /home/runner/work/key/key/key.core/../key.ui/examples/heap/block_loop_contracts/SimpleVariants/sum_onBlock_loop.key 
90325      INFO  main            d.u.i.k.p.i.AbstractProblemLoader Loading environment from /home/runner/work/key/key/key.core/../key.ui/examples/heap/block_loop_contracts/SimpleVariants/sum_onBlock_loop.key 
90325      DEBUG main            d.u.i.k.p.i.AbstractProblemLoader Environment load took 259.81ns 
90326      INFO  main            d.u.i.k.p.i.AbstractProblemLoader Creating init config 
93035      DEBUG main            d.u.i.k.p.i.AbstractProblemLoader Init config took 2.71s 
93077      INFO  main            d.u.i.k.p.i.AbstractProblemLoader Replaying proof LoopContractExamplesAll[LoopContractExamplesAll::sum_loopContract_onBlock([I)].JML normal_behavior loop contract.0 
93080      DEBUG main            d.u.i.k.p.i.IntermediateProofReplayer Proof replay took 10.7ns 
93883      INFO  main            d.u.i.k.p.r.p.TestFile    ... finished proof: closed. 
94189      INFO  main            d.u.i.k.p.i.AbstractProblemLoader Loading environment from /home/runner/work/key/key/key.core/../key.ui/examples/heap/block_loop_contracts/SimpleVariants/sum_onBlock_loop.key.proof 
94191      DEBUG main            d.u.i.k.p.i.AbstractProblemLoader Environment load took 2.55ms 
94193      INFO  main            d.u.i.k.p.i.AbstractProblemLoader Creating init config 
96945      DEBUG main            d.u.i.k.p.i.AbstractProblemLoader Init config took 2.75s 
96982      INFO  main            d.u.i.k.p.i.AbstractProblemLoader Replaying proof LoopContractExamplesAll[LoopContractExamplesAll::sum_loopContract_onBlock([I)].JML normal_behavior loop contract.0 
97226      DEBUG main            d.u.i.k.p.i.IntermediateProofReplayer Proof replay took 240.63ms 
97227      DEBUG main            d.u.i.k.p.r.p.TestFile    ... success: reloaded. 
97229      INFO  main            d.u.i.k.p.r.p.TestFile    Now processing file /home/runner/work/key/key/key.core/../key.ui/examples/heap/block_loop_contracts/SimpleVariants/sum_onLoop_external.key 
97229      INFO  main            d.u.i.k.p.i.AbstractProblemLoader Loading environment from /home/runner/work/key/key/key.core/../key.ui/examples/heap/block_loop_contracts/SimpleVariants/sum_onLoop_external.key 
97229      DEBUG main            d.u.i.k.p.i.AbstractProblemLoader Environment load took 361.33ns 
97231      INFO  main            d.u.i.k.p.i.AbstractProblemLoader Creating init config 
100165     DEBUG main            d.u.i.k.p.i.AbstractProblemLoader Init config took 2.93s 
100204     INFO  main            d.u.i.k.p.i.AbstractProblemLoader Replaying proof LoopContractExamplesAll[LoopContractExamplesAll::sum_loopContract_onLoop([I)].JML normal_behavior operation contract.0 
100206     DEBUG main            d.u.i.k.p.i.IntermediateProofReplayer Proof replay took 13.4ns 
100309     INFO  main            d.u.i.k.p.r.p.TestFile    ... finished proof: closed. 
100603     INFO  main            d.u.i.k.p.i.AbstractProblemLoader Loading environment from /home/runner/work/key/key/key.core/../key.ui/examples/heap/block_loop_contracts/SimpleVariants/sum_onLoop_external.key.proof 
100603     DEBUG main            d.u.i.k.p.i.AbstractProblemLoader Environment load took 136.31ns 
100604     INFO  main            d.u.i.k.p.i.AbstractProblemLoader Creating init config 
103486     DEBUG main            d.u.i.k.p.i.AbstractProblemLoader Init config took 2.88s 
103521     INFO  main            d.u.i.k.p.i.AbstractProblemLoader Replaying proof LoopContractExamplesAll[LoopContractExamplesAll::sum_loopContract_onLoop([I)].JML normal_behavior operation contract.0 
103555     DEBUG main            d.u.i.k.p.i.IntermediateProofReplayer Proof replay took 32.24ms 
103556     DEBUG main            d.u.i.k.p.r.p.TestFile    ... success: reloaded. 
103557     INFO  main            d.u.i.k.p.r.p.TestFile    Now processing file /home/runner/work/key/key/key.core/../key.ui/examples/heap/block_loop_contracts/SimpleVariants/sum_onLoop_internal.key 
103558     INFO  main            d.u.i.k.p.i.AbstractProblemLoader Loading environment from /home/runner/work/key/key/key.core/../key.ui/examples/heap/block_loop_contracts/SimpleVariants/sum_onLoop_internal.key 
103558     DEBUG main            d.u.i.k.p.i.AbstractProblemLoader Environment load took 272.82ns 
103559     INFO  main            d.u.i.k.p.i.AbstractProblemLoader Creating init config 
106559     DEBUG main            d.u.i.k.p.i.AbstractProblemLoader Init config took 3s 
106620     INFO  main            d.u.i.k.p.i.AbstractProblemLoader Replaying proof LoopContractExamplesAll[LoopContractExamplesAll::sum_loopContract_onLoop([I)].JML normal_behavior operation contract.0 
106622     DEBUG main            d.u.i.k.p.i.IntermediateProofReplayer Proof replay took 12.6ns 
107327     INFO  main            d.u.i.k.p.r.p.TestFile    ... finished proof: closed. 
107609     INFO  main            d.u.i.k.p.i.AbstractProblemLoader Loading environment from /home/runner/work/key/key/key.core/../key.ui/examples/heap/block_loop_contracts/SimpleVariants/sum_onLoop_internal.key.proof 
107610     DEBUG main            d.u.i.k.p.i.AbstractProblemLoader Environment load took 570.44ns 
107612     INFO  main            d.u.i.k.p.i.AbstractProblemLoader Creating init config 
110392     DEBUG main            d.u.i.k.p.i.AbstractProblemLoader Init config took 2.78s 
110442     INFO  main            d.u.i.k.p.i.AbstractProblemLoader Replaying proof LoopContractExamplesAll[LoopContractExamplesAll::sum_loopContract_onLoop([I)].JML normal_behavior operation contract.0 
110697     DEBUG main            d.u.i.k.p.i.IntermediateProofReplayer Proof replay took 250.37ms 
110697     DEBUG main            d.u.i.k.p.r.p.TestFile    ... success: reloaded. 
110699     INFO  main            d.u.i.k.p.r.p.TestFile    Now processing file /home/runner/work/key/key/key.core/../key.ui/examples/heap/block_loop_contracts/SimpleVariants/sum_onLoop_loop.key 
110699     INFO  main            d.u.i.k.p.i.AbstractProblemLoader Loading environment from /home/runner/work/key/key/key.core/../key.ui/examples/heap/block_loop_contracts/SimpleVariants/sum_onLoop_loop.key 
110699     DEBUG main            d.u.i.k.p.i.AbstractProblemLoader Environment load took 319.32ns 
110701     INFO  main            d.u.i.k.p.i.AbstractProblemLoader Creating init config 
113593     DEBUG main            d.u.i.k.p.i.AbstractProblemLoader Init config took 2.89s 
113632     INFO  main            d.u.i.k.p.i.AbstractProblemLoader Replaying proof LoopContractExamplesAll[LoopContractExamplesAll::sum_loopContract_onLoop([I)].JML normal_behavior loop contract.0 
113635     DEBUG main            d.u.i.k.p.i.IntermediateProofReplayer Proof replay took 13.2ns 
114439     INFO  main            d.u.i.k.p.r.p.TestFile    ... finished proof: closed. 
114753     INFO  main            d.u.i.k.p.i.AbstractProblemLoader Loading environment from /home/runner/work/key/key/key.core/../key.ui/examples/heap/block_loop_contracts/SimpleVariants/sum_onLoop_loop.key.proof 
114753     DEBUG main            d.u.i.k.p.i.AbstractProblemLoader Environment load took 149.91ns 
114754     INFO  main            d.u.i.k.p.i.AbstractProblemLoader Creating init config 
117600     DEBUG main            d.u.i.k.p.i.AbstractProblemLoader Init config took 2.85s 
117644     INFO  main            d.u.i.k.p.i.AbstractProblemLoader Replaying proof LoopContractExamplesAll[LoopContractExamplesAll::sum_loopContract_onLoop([I)].JML normal_behavior loop contract.0 
117899     DEBUG main            d.u.i.k.p.i.IntermediateProofReplayer Proof replay took 251.67ms 
117900     DEBUG main            d.u.i.k.p.r.p.TestFile    ... success: reloaded. 
117901     INFO  main            d.u.i.k.p.r.p.TestFile    Now processing file /home/runner/work/key/key/key.core/../key.ui/examples/heap/block_loop_contracts/Free/blockContracts0.key 
117901     INFO  main            d.u.i.k.p.i.AbstractProblemLoader Loading environment from /home/runner/work/key/key/key.core/../key.ui/examples/heap/block_loop_contracts/Free/blockContracts0.key 
117901     DEBUG main            d.u.i.k.p.i.AbstractProblemLoader Environment load took 92.61ns 
117902     INFO  main            d.u.i.k.p.i.AbstractProblemLoader Creating init config 
120302     DEBUG main            d.u.i.k.p.i.AbstractProblemLoader Init config took 2.4s 
120335     INFO  main            d.u.i.k.p.i.AbstractProblemLoader Replaying proof FreeConditions[FreeConditions::blockContract0()].JML normal_behavior operation contract.0 
120336     DEBUG main            d.u.i.k.p.i.IntermediateProofReplayer Proof replay took 15.9ns 
120440     INFO  main            d.u.i.k.p.r.p.TestFile    ... finished proof: closed. 
120721     INFO  main            d.u.i.k.p.i.AbstractProblemLoader Loading environment from /home/runner/work/key/key/key.core/../key.ui/examples/heap/block_loop_contracts/Free/blockContracts0.key.proof 
120721     DEBUG main            d.u.i.k.p.i.AbstractProblemLoader Environment load took 117.61ns 
120722     INFO  main            d.u.i.k.p.i.AbstractProblemLoader Creating init config 
122995     DEBUG main            d.u.i.k.p.i.AbstractProblemLoader Init config took 2.27s 
123027     INFO  main            d.u.i.k.p.i.AbstractProblemLoader Replaying proof FreeConditions[FreeConditions::blockContract0()].JML normal_behavior operation contract.0 
123048     DEBUG main            d.u.i.k.p.i.IntermediateProofReplayer Proof replay took 19.15ms 
123049     DEBUG main            d.u.i.k.p.r.p.TestFile    ... success: reloaded. 
123050     INFO  main            d.u.i.k.p.r.p.TestFile    Now processing file /home/runner/work/key/key/key.core/../key.ui/examples/heap/block_loop_contracts/Free/blockContracts1.key 
123050     INFO  main            d.u.i.k.p.i.AbstractProblemLoader Loading environment from /home/runner/work/key/key/key.core/../key.ui/examples/heap/block_loop_contracts/Free/blockContracts1.key 
123050     DEBUG main            d.u.i.k.p.i.AbstractProblemLoader Environment load took 100.91ns 
123051     INFO  main            d.u.i.k.p.i.AbstractProblemLoader Creating init config 
125365     DEBUG main            d.u.i.k.p.i.AbstractProblemLoader Init config took 2.31s 
125414     INFO  main            d.u.i.k.p.i.AbstractProblemLoader Replaying proof FreeConditions[FreeConditions::blockContract1()].JML normal_behavior operation contract.0 
125416     DEBUG main            d.u.i.k.p.i.IntermediateProofReplayer Proof replay took 10.3ns 
125520     INFO  main            d.u.i.k.p.r.p.TestFile    ... finished proof: closed. 
125785     INFO  main            d.u.i.k.p.i.AbstractProblemLoader Loading environment from /home/runner/work/key/key/key.core/../key.ui/examples/heap/block_loop_contracts/Free/blockContracts1.key.proof 
125785     DEBUG main            d.u.i.k.p.i.AbstractProblemLoader Environment load took 111.51ns 
125786     INFO  main            d.u.i.k.p.i.AbstractProblemLoader Creating init config 
128068     DEBUG main            d.u.i.k.p.i.AbstractProblemLoader Init config took 2.28s 
128102     INFO  main            d.u.i.k.p.i.AbstractProblemLoader Replaying proof FreeConditions[FreeConditions::blockContract1()].JML normal_behavior operation contract.0 
128120     DEBUG main            d.u.i.k.p.i.IntermediateProofReplayer Proof replay took 16.01ms 
128120     DEBUG main            d.u.i.k.p.r.p.TestFile    ... success: reloaded. 
128121     INFO  main            d.u.i.k.p.r.p.TestFile    Now processing file /home/runner/work/key/key/key.core/../key.ui/examples/heap/block_loop_contracts/Finally/block_finally.key 
128121     INFO  main            d.u.i.k.p.i.AbstractProblemLoader Loading environment from /home/runner/work/key/key/key.core/../key.ui/examples/heap/block_loop_contracts/Finally/block_finally.key 
128121     DEBUG main            d.u.i.k.p.i.AbstractProblemLoader Environment load took 88.61ns 
128122     INFO  main            d.u.i.k.p.i.AbstractProblemLoader Creating init config 
130557     DEBUG main            d.u.i.k.p.i.AbstractProblemLoader Init config took 2.43s 
130591     INFO  main            d.u.i.k.p.i.AbstractProblemLoader Replaying proof AuxiliaryContractsFinally[AuxiliaryContractsFinally::breakThrowContinueBlockContract(java.lang.Exception)].JML block contract.0 
130593     DEBUG main            d.u.i.k.p.i.IntermediateProofReplayer Proof replay took 24.9ns 
131197     INFO  main            d.u.i.k.p.r.p.TestFile    ... finished proof: open goal(s) 
131482     INFO  main            d.u.i.k.p.r.p.TestFile    Now processing file /home/runner/work/key/key/key.core/../key.ui/examples/heap/block_loop_contracts/Finally/loop_finally.key 
131483     INFO  main            d.u.i.k.p.i.AbstractProblemLoader Loading environment from /home/runner/work/key/key/key.core/../key.ui/examples/heap/block_loop_contracts/Finally/loop_finally.key 
131483     DEBUG main            d.u.i.k.p.i.AbstractProblemLoader Environment load took 86.91ns 
131484     INFO  main            d.u.i.k.p.i.AbstractProblemLoader Creating init config 
133819     DEBUG main            d.u.i.k.p.i.AbstractProblemLoader Init config took 2.33s 
133859     INFO  main            d.u.i.k.p.i.AbstractProblemLoader Replaying proof AuxiliaryContractsFinally[AuxiliaryContractsFinally::breakThrowContinueLoopContract(java.lang.Exception)].JML normal_behavior loop contract.0 
133861     DEBUG main            d.u.i.k.p.i.IntermediateProofReplayer Proof replay took 22.4ns 
134471     INFO  main            d.u.i.k.p.r.p.TestFile    ... finished proof: open goal(s) 
623867     INFO  Test worker     d.u.i.k.p.r.RunAllProofsTestUnit Returning from test blockContracts 
623869     INFO  Test worker     d.u.i.k.p.r.RunAllProofsTestUnit Running test jmlAsserts 
329        INFO  Timeout watchdog d.u.i.k.p.r.p.ForkedTestFileRunner Timeout watcher launched (2000 secs.) 
347        WARN  main            d.u.i.k.s.ProofSettings   The settings in /home/runner/.key/proof-settings.props are *not* read. 
392        INFO  main            d.u.i.k.p.r.p.TestFile    Now processing file /home/runner/work/key/key/key.core/../key.ui/examples/standard_key/java_dl/jml-assert/assert.key 
517        INFO  main            d.u.i.k.p.i.AbstractProblemLoader Loading environment from /home/runner/work/key/key/key.core/../key.ui/examples/standard_key/java_dl/jml-assert/assert.key 
542        DEBUG main            d.u.i.k.p.i.AbstractProblemLoader Environment load took 2ms 
785        INFO  main            d.u.i.k.p.i.AbstractProblemLoader Creating init config 
1799       DEBUG main            d.u.i.k.j.TypeConverter   No LDT found for Meta 
1800       DEBUG main            d.u.i.k.j.TypeConverter   No LDT found for Meta 
1803       DEBUG main            d.u.i.k.j.TypeConverter   No LDT found for Meta 
1803       DEBUG main            d.u.i.k.j.TypeConverter   No LDT found for Meta 
3084       DEBUG main            d.u.i.k.j.TypeConverter   No LDT found for JavaBigintExpression 
8048       DEBUG main            d.u.i.k.p.i.AbstractProblemLoader Init config took 7.26s 
8229       INFO  main            d.u.i.k.p.i.AbstractProblemLoader Replaying proof Assert[Assert::createArray(int)].JML normal_behavior operation contract.0 
8265       DEBUG main            d.u.i.k.p.i.IntermediateProofReplayer Proof replay took 36.6ns 
9237       INFO  main            d.u.i.k.p.r.p.TestFile    ... finished proof: closed. 
9357       INFO  main            d.u.i.k.p.i.AbstractProblemLoader Loading environment from /home/runner/work/key/key/key.core/../key.ui/examples/standard_key/java_dl/jml-assert/assert.key.proof 
9360       DEBUG main            d.u.i.k.p.i.AbstractProblemLoader Environment load took 3.04ms 
9363       INFO  main            d.u.i.k.p.i.AbstractProblemLoader Creating init config 
12379      DEBUG main            d.u.i.k.p.i.AbstractProblemLoader Init config took 3.02s 
12458      INFO  main            d.u.i.k.p.i.AbstractProblemLoader Replaying proof Assert[Assert::createArray(int)].JML normal_behavior operation contract.0 
12550      DEBUG main            d.u.i.k.p.i.IntermediateProofReplayer Proof replay took 86.14ms 
12557      DEBUG main            d.u.i.k.p.r.p.TestFile    ... success: reloaded. 
12558      INFO  main            d.u.i.k.p.r.p.TestFile    Now processing file /home/runner/work/key/key/key.core/../key.ui/examples/heap/block_loop_contracts/Free/assertions0.key 
12559      INFO  main            d.u.i.k.p.i.AbstractProblemLoader Loading environment from /home/runner/work/key/key/key.core/../key.ui/examples/heap/block_loop_contracts/Free/assertions0.key 
12559      DEBUG main            d.u.i.k.p.i.AbstractProblemLoader Environment load took 231.22ns 
12561      INFO  main            d.u.i.k.p.i.AbstractProblemLoader Creating init config 
15397      DEBUG main            d.u.i.k.p.i.AbstractProblemLoader Init config took 2.84s 
15478      INFO  main            d.u.i.k.p.i.AbstractProblemLoader Replaying proof FreeConditions[FreeConditions::assertions0()].JML normal_behavior operation contract.0 
15484      DEBUG main            d.u.i.k.p.i.IntermediateProofReplayer Proof replay took 13ns 
15690      INFO  main            d.u.i.k.p.r.p.TestFile    ... finished proof: closed. 
15830      INFO  main            d.u.i.k.p.i.AbstractProblemLoader Loading environment from /home/runner/work/key/key/key.core/../key.ui/examples/heap/block_loop_contracts/Free/assertions0.key.proof 
15830      DEBUG main            d.u.i.k.p.i.AbstractProblemLoader Environment load took 135.71ns 
15832      INFO  main            d.u.i.k.p.i.AbstractProblemLoader Creating init config 
18365      DEBUG main            d.u.i.k.p.i.AbstractProblemLoader Init config took 2.53s 
18414      INFO  main            d.u.i.k.p.i.AbstractProblemLoader Replaying proof FreeConditions[FreeConditions::assertions0()].JML normal_behavior operation contract.0 
18440      DEBUG main            d.u.i.k.p.i.IntermediateProofReplayer Proof replay took 23.75ms 
18442      DEBUG main            d.u.i.k.p.r.p.TestFile    ... success: reloaded. 
18443      INFO  main            d.u.i.k.p.r.p.TestFile    Now processing file /home/runner/work/key/key/key.core/../key.ui/examples/heap/block_loop_contracts/Free/assertions1.key 
18443      INFO  main            d.u.i.k.p.i.AbstractProblemLoader Loading environment from /home/runner/work/key/key/key.core/../key.ui/examples/heap/block_loop_contracts/Free/assertions1.key 
18444      DEBUG main            d.u.i.k.p.i.AbstractProblemLoader Environment load took 268.42ns 
18445      INFO  main            d.u.i.k.p.i.AbstractProblemLoader Creating init config 
21054      DEBUG main            d.u.i.k.p.i.AbstractProblemLoader Init config took 2.61s 
21100      INFO  main            d.u.i.k.p.i.AbstractProblemLoader Replaying proof FreeConditions[FreeConditions::assertions1()].JML normal_behavior operation contract.0 
21102      DEBUG main            d.u.i.k.p.i.IntermediateProofReplayer Proof replay took 18.7ns 
21205      INFO  main            d.u.i.k.p.r.p.TestFile    ... finished proof: closed. 
21386      INFO  main            d.u.i.k.p.i.AbstractProblemLoader Loading environment from /home/runner/work/key/key/key.core/../key.ui/examples/heap/block_loop_contracts/Free/assertions1.key.proof 
21387      DEBUG main            d.u.i.k.p.i.AbstractProblemLoader Environment load took 135.71ns 
21390      INFO  main            d.u.i.k.p.i.AbstractProblemLoader Creating init config 
23910      DEBUG main            d.u.i.k.p.i.AbstractProblemLoader Init config took 2.52s 
23955      INFO  main            d.u.i.k.p.i.AbstractProblemLoader Replaying proof FreeConditions[FreeConditions::assertions1()].JML normal_behavior operation contract.0 
23962      DEBUG main            d.u.i.k.p.i.IntermediateProofReplayer Proof replay took 5.34ms 
23963      DEBUG main            d.u.i.k.p.r.p.TestFile    ... success: reloaded. 
23964      INFO  main            d.u.i.k.p.r.p.TestFile    Now processing file /home/runner/work/key/key/key.core/../key.ui/examples/standard_key/java_dl/jml-assert/recursion-assert.key 
23965      INFO  main            d.u.i.k.p.i.AbstractProblemLoader Loading environment from /home/runner/work/key/key/key.core/../key.ui/examples/standard_key/java_dl/jml-assert/recursion-assert.key 
23965      DEBUG main            d.u.i.k.p.i.AbstractProblemLoader Environment load took 261.82ns 
23966      INFO  main            d.u.i.k.p.i.AbstractProblemLoader Creating init config 
26681      DEBUG main            d.u.i.k.p.i.AbstractProblemLoader Init config took 2.71s 
26727      INFO  main            d.u.i.k.p.i.AbstractProblemLoader Replaying proof RecursiveMethod[RecursiveMethod::fac1(int)].JML normal_behavior operation contract.0 
26729      DEBUG main            d.u.i.k.p.i.IntermediateProofReplayer Proof replay took 5.9ns 
26931      INFO  main            d.u.i.k.p.r.p.TestFile    ... finished proof: closed. 
27102      INFO  main            d.u.i.k.p.i.AbstractProblemLoader Loading environment from /home/runner/work/key/key/key.core/../key.ui/examples/standard_key/java_dl/jml-assert/recursion-assert.key.proof 
27104      DEBUG main            d.u.i.k.p.i.AbstractProblemLoader Environment load took 2.06ms 
27106      INFO  main            d.u.i.k.p.i.AbstractProblemLoader Creating init config 
29732      DEBUG main            d.u.i.k.p.i.AbstractProblemLoader Init config took 2.63s 
29777      INFO  main            d.u.i.k.p.i.AbstractProblemLoader Replaying proof RecursiveMethod[RecursiveMethod::fac1(int)].JML normal_behavior operation contract.0 
29822      DEBUG main            d.u.i.k.p.i.IntermediateProofReplayer Proof replay took 42.47ms 
29824      DEBUG main            d.u.i.k.p.r.p.TestFile    ... success: reloaded. 
29825      INFO  main            d.u.i.k.p.r.p.TestFile    Now processing file /home/runner/work/key/key/key.core/../key.ui/examples/standard_key/java_dl/jml-assert/recursion-assume.key 
29826      INFO  main            d.u.i.k.p.i.AbstractProblemLoader Loading environment from /home/runner/work/key/key/key.core/../key.ui/examples/standard_key/java_dl/jml-assert/recursion-assume.key 
29826      DEBUG main            d.u.i.k.p.i.AbstractProblemLoader Environment load took 277.72ns 
29827      INFO  main            d.u.i.k.p.i.AbstractProblemLoader Creating init config 
32461      DEBUG main            d.u.i.k.p.i.AbstractProblemLoader Init config took 2.63s 
32504      INFO  main            d.u.i.k.p.i.AbstractProblemLoader Replaying proof RecursiveMethod[RecursiveMethod::fac2(int)].JML normal_behavior operation contract.0 
32505      DEBUG main            d.u.i.k.p.i.IntermediateProofReplayer Proof replay took 6.4ns 
32710      INFO  main            d.u.i.k.p.r.p.TestFile    ... finished proof: closed. 
32870      INFO  main            d.u.i.k.p.i.AbstractProblemLoader Loading environment from /home/runner/work/key/key/key.core/../key.ui/examples/standard_key/java_dl/jml-assert/recursion-assume.key.proof 
32871      DEBUG main            d.u.i.k.p.i.AbstractProblemLoader Environment load took 122.91ns 
32872      INFO  main            d.u.i.k.p.i.AbstractProblemLoader Creating init config 
35580      DEBUG main            d.u.i.k.p.i.AbstractProblemLoader Init config took 2.71s 
35637      INFO  main            d.u.i.k.p.i.AbstractProblemLoader Replaying proof RecursiveMethod[RecursiveMethod::fac2(int)].JML normal_behavior operation contract.0 
35682      DEBUG main            d.u.i.k.p.i.IntermediateProofReplayer Proof replay took 41.98ms 
35683      DEBUG main            d.u.i.k.p.r.p.TestFile    ... success: reloaded. 
35684      INFO  main            d.u.i.k.p.r.p.TestFile    Now processing file /home/runner/work/key/key/key.core/../key.ui/examples/standard_key/java_dl/jml-assert/quantor-assert.key 
35685      INFO  main            d.u.i.k.p.i.AbstractProblemLoader Loading environment from /home/runner/work/key/key/key.core/../key.ui/examples/standard_key/java_dl/jml-assert/quantor-assert.key 
35685      DEBUG main            d.u.i.k.p.i.AbstractProblemLoader Environment load took 259.51ns 
35686      INFO  main            d.u.i.k.p.i.AbstractProblemLoader Creating init config 
38409      DEBUG main            d.u.i.k.p.i.AbstractProblemLoader Init config took 2.72s 
38452      INFO  main            d.u.i.k.p.i.AbstractProblemLoader Replaying proof Quantor[Quantor::square1(int)].JML normal_behavior operation contract.0 
38454      DEBUG main            d.u.i.k.p.i.IntermediateProofReplayer Proof replay took 6.6ns 
38557      INFO  main            d.u.i.k.p.r.p.TestFile    ... finished proof: closed. 
38777      INFO  main            d.u.i.k.p.i.AbstractProblemLoader Loading environment from /home/runner/work/key/key/key.core/../key.ui/examples/standard_key/java_dl/jml-assert/quantor-assert.key.proof 
38778      DEBUG main            d.u.i.k.p.i.AbstractProblemLoader Environment load took 140.61ns 
38782      INFO  main            d.u.i.k.p.i.AbstractProblemLoader Creating init config 
41388      DEBUG main            d.u.i.k.p.i.AbstractProblemLoader Init config took 2.61s 
41433      INFO  main            d.u.i.k.p.i.AbstractProblemLoader Replaying proof Quantor[Quantor::square1(int)].JML normal_behavior operation contract.0 
41454      DEBUG main            d.u.i.k.p.i.IntermediateProofReplayer Proof replay took 18.64ms 
41455      DEBUG main            d.u.i.k.p.r.p.TestFile    ... success: reloaded. 
41456      INFO  main            d.u.i.k.p.r.p.TestFile    Now processing file /home/runner/work/key/key/key.core/../key.ui/examples/standard_key/java_dl/jml-assert/quantor-assume.key 
41457      INFO  main            d.u.i.k.p.i.AbstractProblemLoader Loading environment from /home/runner/work/key/key/key.core/../key.ui/examples/standard_key/java_dl/jml-assert/quantor-assume.key 
41457      DEBUG main            d.u.i.k.p.i.AbstractProblemLoader Environment load took 266.92ns 
41458      INFO  main            d.u.i.k.p.i.AbstractProblemLoader Creating init config 
44142      DEBUG main            d.u.i.k.p.i.AbstractProblemLoader Init config took 2.68s 
44185      INFO  main            d.u.i.k.p.i.AbstractProblemLoader Replaying proof Quantor[Quantor::square2(int)].JML normal_behavior operation contract.0 
44187      DEBUG main            d.u.i.k.p.i.IntermediateProofReplayer Proof replay took 7.3ns 
44289      INFO  main            d.u.i.k.p.r.p.TestFile    ... finished proof: closed. 
44519      INFO  main            d.u.i.k.p.i.AbstractProblemLoader Loading environment from /home/runner/work/key/key/key.core/../key.ui/examples/standard_key/java_dl/jml-assert/quantor-assume.key.proof 
44519      DEBUG main            d.u.i.k.p.i.AbstractProblemLoader Environment load took 132.51ns 
44520      INFO  main            d.u.i.k.p.i.AbstractProblemLoader Creating init config 
47222      DEBUG main            d.u.i.k.p.i.AbstractProblemLoader Init config took 2.7s 
47283      INFO  main            d.u.i.k.p.i.AbstractProblemLoader Replaying proof Quantor[Quantor::square2(int)].JML normal_behavior operation contract.0 
47301      DEBUG main            d.u.i.k.p.i.IntermediateProofReplayer Proof replay took 16.13ms 
47302      DEBUG main            d.u.i.k.p.r.p.TestFile    ... success: reloaded. 
47303      INFO  main            d.u.i.k.p.r.p.TestFile    Now processing file /home/runner/work/key/key/key.core/../key.ui/examples/standard_key/java_dl/jml-assert/model-methods-static-static.key 
47304      INFO  main            d.u.i.k.p.i.AbstractProblemLoader Loading environment from /home/runner/work/key/key/key.core/../key.ui/examples/standard_key/java_dl/jml-assert/model-methods-static-static.key 
47304      DEBUG main            d.u.i.k.p.i.AbstractProblemLoader Environment load took 236.32ns 
47305      INFO  main            d.u.i.k.p.i.AbstractProblemLoader Creating init config 
49915      DEBUG main            d.u.i.k.p.i.AbstractProblemLoader Init config took 2.61s 
49956      INFO  main            d.u.i.k.p.i.AbstractProblemLoader Replaying proof ModelMethods[ModelMethods::test1()].JML normal_behavior operation contract.0 
49957      DEBUG main            d.u.i.k.p.i.IntermediateProofReplayer Proof replay took 6.5ns 
50065      INFO  main            d.u.i.k.p.r.p.TestFile    ... finished proof: closed. 
50275      INFO  main            d.u.i.k.p.i.AbstractProblemLoader Loading environment from /home/runner/work/key/key/key.core/../key.ui/examples/standard_key/java_dl/jml-assert/model-methods-static-static.key.proof 
50276      DEBUG main            d.u.i.k.p.i.AbstractProblemLoader Environment load took 146.51ns 
50277      INFO  main            d.u.i.k.p.i.AbstractProblemLoader Creating init config 
52884      DEBUG main            d.u.i.k.p.i.AbstractProblemLoader Init config took 2.61s 
52931      INFO  main            d.u.i.k.p.i.AbstractProblemLoader Replaying proof ModelMethods[ModelMethods::test1()].JML normal_behavior operation contract.0 
52938      DEBUG main            d.u.i.k.p.i.IntermediateProofReplayer Proof replay took 6.33ms 
52939      DEBUG main            d.u.i.k.p.r.p.TestFile    ... success: reloaded. 
52940      INFO  main            d.u.i.k.p.r.p.TestFile    Now processing file /home/runner/work/key/key/key.core/../key.ui/examples/standard_key/java_dl/jml-assert/model-methods-instance-static.key 
52940      INFO  main            d.u.i.k.p.i.AbstractProblemLoader Loading environment from /home/runner/work/key/key/key.core/../key.ui/examples/standard_key/java_dl/jml-assert/model-methods-instance-static.key 
52940      DEBUG main            d.u.i.k.p.i.AbstractProblemLoader Environment load took 76.31ns 
52941      INFO  main            d.u.i.k.p.i.AbstractProblemLoader Creating init config 
55598      DEBUG main            d.u.i.k.p.i.AbstractProblemLoader Init config took 2.66s 
55653      INFO  main            d.u.i.k.p.i.AbstractProblemLoader Replaying proof ModelMethods[ModelMethods::test2()].JML normal_behavior operation contract.0 
55655      DEBUG main            d.u.i.k.p.i.IntermediateProofReplayer Proof replay took 6.4ns 
55757      INFO  main            d.u.i.k.p.r.p.TestFile    ... finished proof: closed. 
55994      INFO  main            d.u.i.k.p.i.AbstractProblemLoader Loading environment from /home/runner/work/key/key/key.core/../key.ui/examples/standard_key/java_dl/jml-assert/model-methods-instance-static.key.proof 
55995      DEBUG main            d.u.i.k.p.i.AbstractProblemLoader Environment load took 128.81ns 
55996      INFO  main            d.u.i.k.p.i.AbstractProblemLoader Creating init config 
58597      DEBUG main            d.u.i.k.p.i.AbstractProblemLoader Init config took 2.6s 
58637      INFO  main            d.u.i.k.p.i.AbstractProblemLoader Replaying proof ModelMethods[ModelMethods::test2()].JML normal_behavior operation contract.0 
58653      DEBUG main            d.u.i.k.p.i.IntermediateProofReplayer Proof replay took 11.07ms 
58655      DEBUG main            d.u.i.k.p.r.p.TestFile    ... success: reloaded. 
58656      INFO  main            d.u.i.k.p.r.p.TestFile    Now processing file /home/runner/work/key/key/key.core/../key.ui/examples/standard_key/java_dl/jml-assert/model-methods-instance-instance.key 
58656      INFO  main            d.u.i.k.p.i.AbstractProblemLoader Loading environment from /home/runner/work/key/key/key.core/../key.ui/examples/standard_key/java_dl/jml-assert/model-methods-instance-instance.key 
58656      DEBUG main            d.u.i.k.p.i.AbstractProblemLoader Environment load took 66.91ns 
58657      INFO  main            d.u.i.k.p.i.AbstractProblemLoader Creating init config 
61276      DEBUG main            d.u.i.k.p.i.AbstractProblemLoader Init config took 2.62s 
61324      INFO  main            d.u.i.k.p.i.AbstractProblemLoader Replaying proof ModelMethods[ModelMethods::test3()].JML normal_behavior operation contract.0 
61327      DEBUG main            d.u.i.k.p.i.IntermediateProofReplayer Proof replay took 7.9ns 
61431      INFO  main            d.u.i.k.p.r.p.TestFile    ... finished proof: closed. 
61645      INFO  main            d.u.i.k.p.i.AbstractProblemLoader Loading environment from /home/runner/work/key/key/key.core/../key.ui/examples/standard_key/java_dl/jml-assert/model-methods-instance-instance.key.proof 
61645      DEBUG main            d.u.i.k.p.i.AbstractProblemLoader Environment load took 139.71ns 
61646      INFO  main            d.u.i.k.p.i.AbstractProblemLoader Creating init config 
64187      DEBUG main            d.u.i.k.p.i.AbstractProblemLoader Init config took 2.54s 
64225      INFO  main            d.u.i.k.p.i.AbstractProblemLoader Replaying proof ModelMethods[ModelMethods::test3()].JML normal_behavior operation contract.0 
64258      DEBUG main            d.u.i.k.p.i.IntermediateProofReplayer Proof replay took 27.6ms 
64259      DEBUG main            d.u.i.k.p.r.p.TestFile    ... success: reloaded. 
64260      INFO  main            d.u.i.k.p.r.p.TestFile    Now processing file /home/runner/work/key/key/key.core/../key.ui/examples/standard_key/java_dl/jml-assert/model-methods-static-instance.key 
64260      INFO  main            d.u.i.k.p.i.AbstractProblemLoader Loading environment from /home/runner/work/key/key/key.core/../key.ui/examples/standard_key/java_dl/jml-assert/model-methods-static-instance.key 
64260      DEBUG main            d.u.i.k.p.i.AbstractProblemLoader Environment load took 55.1ns 
64261      INFO  main            d.u.i.k.p.i.AbstractProblemLoader Creating init config 
66752      DEBUG main            d.u.i.k.p.i.AbstractProblemLoader Init config took 2.49s 
66791      INFO  main            d.u.i.k.p.i.AbstractProblemLoader Replaying proof ModelMethods[ModelMethods::test4()].JML normal_behavior operation contract.0 
66792      DEBUG main            d.u.i.k.p.i.IntermediateProofReplayer Proof replay took 7.9ns 
66995      INFO  main            d.u.i.k.p.r.p.TestFile    ... finished proof: closed. 
67281      INFO  main            d.u.i.k.p.i.AbstractProblemLoader Loading environment from /home/runner/work/key/key/key.core/../key.ui/examples/standard_key/java_dl/jml-assert/model-methods-static-instance.key.proof 
67281      DEBUG main            d.u.i.k.p.i.AbstractProblemLoader Environment load took 125.01ns 
67282      INFO  main            d.u.i.k.p.i.AbstractProblemLoader Creating init config 
69857      DEBUG main            d.u.i.k.p.i.AbstractProblemLoader Init config took 2.57s 
69892      INFO  main            d.u.i.k.p.i.AbstractProblemLoader Replaying proof ModelMethods[ModelMethods::test4()].JML normal_behavior operation contract.0 
69926      DEBUG main            d.u.i.k.p.i.IntermediateProofReplayer Proof replay took 31.82ms 
69927      DEBUG main            d.u.i.k.p.r.p.TestFile    ... success: reloaded. 
69928      INFO  main            d.u.i.k.p.r.p.TestFile    Now processing file /home/runner/work/key/key/key.core/../key.ui/examples/standard_key/java_dl/jml-assert/assert-old/inc-field.key 
69928      INFO  main            d.u.i.k.p.i.AbstractProblemLoader Loading environment from /home/runner/work/key/key/key.core/../key.ui/examples/standard_key/java_dl/jml-assert/assert-old/inc-field.key 
69928      DEBUG main            d.u.i.k.p.i.AbstractProblemLoader Environment load took 93.21ns 
69929      INFO  main            d.u.i.k.p.i.AbstractProblemLoader Creating init config 
72314      DEBUG main            d.u.i.k.p.i.AbstractProblemLoader Init config took 2.38s 
72349      INFO  main            d.u.i.k.p.i.AbstractProblemLoader Replaying proof Inc[Inc::inc_field()].JML normal_behavior operation contract.0 
72350      DEBUG main            d.u.i.k.p.i.IntermediateProofReplayer Proof replay took 6.3ns 
72553      INFO  main            d.u.i.k.p.r.p.TestFile    ... finished proof: closed. 
72790      INFO  main            d.u.i.k.p.i.AbstractProblemLoader Loading environment from /home/runner/work/key/key/key.core/../key.ui/examples/standard_key/java_dl/jml-assert/assert-old/inc-field.key.proof 
72790      DEBUG main            d.u.i.k.p.i.AbstractProblemLoader Environment load took 133.71ns 
72792      INFO  main            d.u.i.k.p.i.AbstractProblemLoader Creating init config 
75234      DEBUG main            d.u.i.k.p.i.AbstractProblemLoader Init config took 2.44s 
75274      INFO  main            d.u.i.k.p.i.AbstractProblemLoader Replaying proof Inc[Inc::inc_field()].JML normal_behavior operation contract.0 
75313      DEBUG main            d.u.i.k.p.i.IntermediateProofReplayer Proof replay took 35.25ms 
75313      DEBUG main            d.u.i.k.p.r.p.TestFile    ... success: reloaded. 
75314      INFO  main            d.u.i.k.p.r.p.TestFile    Now processing file /home/runner/work/key/key/key.core/../key.ui/examples/standard_key/java_dl/jml-assert/assert-old/inc-parameter.key 
75314      INFO  main            d.u.i.k.p.i.AbstractProblemLoader Loading environment from /home/runner/work/key/key/key.core/../key.ui/examples/standard_key/java_dl/jml-assert/assert-old/inc-parameter.key 
75315      DEBUG main            d.u.i.k.p.i.AbstractProblemLoader Environment load took 87.01ns 
75315      INFO  main            d.u.i.k.p.i.AbstractProblemLoader Creating init config 
77913      DEBUG main            d.u.i.k.p.i.AbstractProblemLoader Init config took 2.6s 
77949      INFO  main            d.u.i.k.p.i.AbstractProblemLoader Replaying proof Inc[Inc::inc_parameter(int)].JML normal_behavior operation contract.0 
77950      DEBUG main            d.u.i.k.p.i.IntermediateProofReplayer Proof replay took 7.9ns 
78053      INFO  main            d.u.i.k.p.r.p.TestFile    ... finished proof: closed. 
78282      INFO  main            d.u.i.k.p.i.AbstractProblemLoader Loading environment from /home/runner/work/key/key/key.core/../key.ui/examples/standard_key/java_dl/jml-assert/assert-old/inc-parameter.key.proof 
78282      DEBUG main            d.u.i.k.p.i.AbstractProblemLoader Environment load took 116.21ns 
78283      INFO  main            d.u.i.k.p.i.AbstractProblemLoader Creating init config 
80781      DEBUG main            d.u.i.k.p.i.AbstractProblemLoader Init config took 2.5s 
80817      INFO  main            d.u.i.k.p.i.AbstractProblemLoader Replaying proof Inc[Inc::inc_parameter(int)].JML normal_behavior operation contract.0 
80833      DEBUG main            d.u.i.k.p.i.IntermediateProofReplayer Proof replay took 13.99ms 
80834      DEBUG main            d.u.i.k.p.r.p.TestFile    ... success: reloaded. 
80835      INFO  main            d.u.i.k.p.r.p.TestFile    Now processing file /home/runner/work/key/key/key.core/../key.ui/examples/standard_key/java_dl/jml-assert/assert-old/inc-parameter-field.key 
80836      INFO  main            d.u.i.k.p.i.AbstractProblemLoader Loading environment from /home/runner/work/key/key/key.core/../key.ui/examples/standard_key/java_dl/jml-assert/assert-old/inc-parameter-field.key 
80836      DEBUG main            d.u.i.k.p.i.AbstractProblemLoader Environment load took 225.12ns 
80837      INFO  main            d.u.i.k.p.i.AbstractProblemLoader Creating init config 
83429      DEBUG main            d.u.i.k.p.i.AbstractProblemLoader Init config took 2.59s 
83463      INFO  main            d.u.i.k.p.i.AbstractProblemLoader Replaying proof Inc[Inc::inc_parameter_field(Inc)].JML normal_behavior operation contract.0 
83464      DEBUG main            d.u.i.k.p.i.IntermediateProofReplayer Proof replay took 7.3ns 
83667      INFO  main            d.u.i.k.p.r.p.TestFile    ... finished proof: closed. 
83926      INFO  main            d.u.i.k.p.i.AbstractProblemLoader Loading environment from /home/runner/work/key/key/key.core/../key.ui/examples/standard_key/java_dl/jml-assert/assert-old/inc-parameter-field.key.proof 
83926      DEBUG main            d.u.i.k.p.i.AbstractProblemLoader Environment load took 126.61ns 
83927      INFO  main            d.u.i.k.p.i.AbstractProblemLoader Creating init config 
86354      DEBUG main            d.u.i.k.p.i.AbstractProblemLoader Init config took 2.43s 
86388      INFO  main            d.u.i.k.p.i.AbstractProblemLoader Replaying proof Inc[Inc::inc_parameter_field(Inc)].JML normal_behavior operation contract.0 
86419      DEBUG main            d.u.i.k.p.i.IntermediateProofReplayer Proof replay took 29ms 
86420      DEBUG main            d.u.i.k.p.r.p.TestFile    ... success: reloaded. 
86421      INFO  main            d.u.i.k.p.r.p.TestFile    Now processing file /home/runner/work/key/key/key.core/../key.ui/examples/standard_key/java_dl/jml-assert/assert-old/inc-ghost-field.key 
86421      INFO  main            d.u.i.k.p.i.AbstractProblemLoader Loading environment from /home/runner/work/key/key/key.core/../key.ui/examples/standard_key/java_dl/jml-assert/assert-old/inc-ghost-field.key 
86421      DEBUG main            d.u.i.k.p.i.AbstractProblemLoader Environment load took 240.12ns 
86422      INFO  main            d.u.i.k.p.i.AbstractProblemLoader Creating init config 
88962      DEBUG main            d.u.i.k.p.i.AbstractProblemLoader Init config took 2.54s 
89016      INFO  main            d.u.i.k.p.i.AbstractProblemLoader Replaying proof Inc[Inc::inc_ghost_field()].JML normal_behavior operation contract.0 
89017      DEBUG main            d.u.i.k.p.i.IntermediateProofReplayer Proof replay took 7.6ns 
89119      INFO  main            d.u.i.k.p.r.p.TestFile    ... finished proof: closed. 
89356      INFO  main            d.u.i.k.p.i.AbstractProblemLoader Loading environment from /home/runner/work/key/key/key.core/../key.ui/examples/standard_key/java_dl/jml-assert/assert-old/inc-ghost-field.key.proof 
89356      DEBUG main            d.u.i.k.p.i.AbstractProblemLoader Environment load took 115.41ns 
89357      INFO  main            d.u.i.k.p.i.AbstractProblemLoader Creating init config 
91748      DEBUG main            d.u.i.k.p.i.AbstractProblemLoader Init config took 2.39s 
91795      INFO  main            d.u.i.k.p.i.AbstractProblemLoader Replaying proof Inc[Inc::inc_ghost_field()].JML normal_behavior operation contract.0 
91824      DEBUG main            d.u.i.k.p.i.IntermediateProofReplayer Proof replay took 26.32ms 
91825      DEBUG main            d.u.i.k.p.r.p.TestFile    ... success: reloaded. 
715882     INFO  Test worker     d.u.i.k.p.r.RunAllProofsTestUnit Returning from test jmlAsserts 
715883     INFO  Test worker     d.u.i.k.p.r.RunAllProofsTestUnit Running test javaCard 
361        INFO  Timeout watchdog d.u.i.k.p.r.p.ForkedTestFileRunner Timeout watcher launched (2000 secs.) 
372        WARN  main            d.u.i.k.s.ProofSettings   The settings in /home/runner/.key/proof-settings.props are *not* read. 
421        INFO  main            d.u.i.k.p.r.p.TestFile    Now processing file /home/runner/work/key/key/key.core/../key.ui/examples/heap/javacard/updateBalance0.key 
593        INFO  main            d.u.i.k.p.i.AbstractProblemLoader Loading environment from /home/runner/work/key/key/key.core/../key.ui/examples/heap/javacard/updateBalance0.key 
611        DEBUG main            d.u.i.k.p.i.AbstractProblemLoader Environment load took 3.09ms 
864        INFO  main            d.u.i.k.p.i.AbstractProblemLoader Creating init config 
1773       DEBUG main            d.u.i.k.j.TypeConverter   No LDT found for Meta 
1774       DEBUG main            d.u.i.k.j.TypeConverter   No LDT found for Meta 
1776       DEBUG main            d.u.i.k.j.TypeConverter   No LDT found for Meta 
1776       DEBUG main            d.u.i.k.j.TypeConverter   No LDT found for Meta 
3558       DEBUG main            d.u.i.k.j.TypeConverter   No LDT found for JavaBigintExpression 
7736       DEBUG main            d.u.i.k.p.i.AbstractProblemLoader Init config took 6.87s 
7911       INFO  main            d.u.i.k.p.i.AbstractProblemLoader Replaying proof Examples[Examples::updateBalance(short)].JML normal_behavior operation contract.0 
7949       DEBUG main            d.u.i.k.p.i.IntermediateProofReplayer Proof replay took 32.4ns 
9589       INFO  main            d.u.i.k.p.r.p.TestFile    ... finished proof: closed. 
9708       INFO  main            d.u.i.k.p.i.AbstractProblemLoader Loading environment from /home/runner/work/key/key/key.core/../key.ui/examples/heap/javacard/updateBalance0.key.proof 
9712       DEBUG main            d.u.i.k.p.i.AbstractProblemLoader Environment load took 3.84ms 
9716       INFO  main            d.u.i.k.p.i.AbstractProblemLoader Creating init config 
11469      DEBUG main            d.u.i.k.p.i.AbstractProblemLoader Init config took 1.75s 
11520      INFO  main            d.u.i.k.p.i.AbstractProblemLoader Replaying proof Examples[Examples::updateBalance(short)].JML normal_behavior operation contract.0 
11719      DEBUG main            d.u.i.k.p.i.IntermediateProofReplayer Proof replay took 191.31ms 
11729      DEBUG main            d.u.i.k.p.r.p.TestFile    ... success: reloaded. 
11740      INFO  main            d.u.i.k.p.r.p.TestFile    Now processing file /home/runner/work/key/key/key.core/../key.ui/examples/heap/javacard/updateBalance1.key 
11740      INFO  main            d.u.i.k.p.i.AbstractProblemLoader Loading environment from /home/runner/work/key/key/key.core/../key.ui/examples/heap/javacard/updateBalance1.key 
11740      DEBUG main            d.u.i.k.p.i.AbstractProblemLoader Environment load took 155.91ns 
11745      INFO  main            d.u.i.k.p.i.AbstractProblemLoader Creating init config 
13486      DEBUG main            d.u.i.k.p.i.AbstractProblemLoader Init config took 1.74s 
13531      INFO  main            d.u.i.k.p.i.AbstractProblemLoader Replaying proof Examples[Examples::updateBalance(short)].JML normal_behavior operation contract.1 
13534      DEBUG main            d.u.i.k.p.i.IntermediateProofReplayer Proof replay took 4.9ns 
14140      INFO  main            d.u.i.k.p.r.p.TestFile    ... finished proof: closed. 
14278      INFO  main            d.u.i.k.p.i.AbstractProblemLoader Loading environment from /home/runner/work/key/key/key.core/../key.ui/examples/heap/javacard/updateBalance1.key.proof 
14279      DEBUG main            d.u.i.k.p.i.AbstractProblemLoader Environment load took 702.75ns 
14280      INFO  main            d.u.i.k.p.i.AbstractProblemLoader Creating init config 
15883      DEBUG main            d.u.i.k.p.i.AbstractProblemLoader Init config took 1.6s 
15946      INFO  main            d.u.i.k.p.i.AbstractProblemLoader Replaying proof Examples[Examples::updateBalance(short)].JML normal_behavior operation contract.1 
16099      DEBUG main            d.u.i.k.p.i.IntermediateProofReplayer Proof replay took 145.73ms 
16103      DEBUG main            d.u.i.k.p.r.p.TestFile    ... success: reloaded. 
16108      INFO  main            d.u.i.k.p.r.p.TestFile    Now processing file /home/runner/work/key/key/key.core/../key.ui/examples/heap/javacard/setArray1.key 
16108      INFO  main            d.u.i.k.p.i.AbstractProblemLoader Loading environment from /home/runner/work/key/key/key.core/../key.ui/examples/heap/javacard/setArray1.key 
16109      DEBUG main            d.u.i.k.p.i.AbstractProblemLoader Environment load took 249.62ns 
16111      INFO  main            d.u.i.k.p.i.AbstractProblemLoader Creating init config 
17752      DEBUG main            d.u.i.k.p.i.AbstractProblemLoader Init config took 1.64s 
17799      INFO  main            d.u.i.k.p.i.AbstractProblemLoader Replaying proof Examples[Examples::setArray1([B)].JML normal_behavior operation contract.0 
17803      DEBUG main            d.u.i.k.p.i.IntermediateProofReplayer Proof replay took 5.7ns 
18936      INFO  main            d.u.i.k.p.r.p.TestFile    ... finished proof: closed. 
19054      INFO  main            d.u.i.k.p.i.AbstractProblemLoader Loading environment from /home/runner/work/key/key/key.core/../key.ui/examples/heap/javacard/setArray1.key.proof 
19056      DEBUG main            d.u.i.k.p.i.AbstractProblemLoader Environment load took 1.49ms 
19059      INFO  main            d.u.i.k.p.i.AbstractProblemLoader Creating init config 
20679      DEBUG main            d.u.i.k.p.i.AbstractProblemLoader Init config took 1.62s 
20729      INFO  main            d.u.i.k.p.i.AbstractProblemLoader Replaying proof Examples[Examples::setArray1([B)].JML normal_behavior operation contract.0 
20913      DEBUG main            d.u.i.k.p.i.IntermediateProofReplayer Proof replay took 179.53ms 
20915      DEBUG main            d.u.i.k.p.r.p.TestFile    ... success: reloaded. 
20917      INFO  main            d.u.i.k.p.r.p.TestFile    Now processing file /home/runner/work/key/key/key.core/../key.ui/examples/heap/javacard/setArray2.key 
20918      INFO  main            d.u.i.k.p.i.AbstractProblemLoader Loading environment from /home/runner/work/key/key/key.core/../key.ui/examples/heap/javacard/setArray2.key 
20918      DEBUG main            d.u.i.k.p.i.AbstractProblemLoader Environment load took 284.92ns 
20919      INFO  main            d.u.i.k.p.i.AbstractProblemLoader Creating init config 
22531      DEBUG main            d.u.i.k.p.i.AbstractProblemLoader Init config took 1.61s 
22571      INFO  main            d.u.i.k.p.i.AbstractProblemLoader Replaying proof Examples[Examples::setArray2([B)].JML normal_behavior operation contract.0 
22572      DEBUG main            d.u.i.k.p.i.IntermediateProofReplayer Proof replay took 5.1ns 
23577      INFO  main            d.u.i.k.p.r.p.TestFile    ... finished proof: closed. 
23715      INFO  main            d.u.i.k.p.i.AbstractProblemLoader Loading environment from /home/runner/work/key/key/key.core/../key.ui/examples/heap/javacard/setArray2.key.proof 
23715      DEBUG main            d.u.i.k.p.i.AbstractProblemLoader Environment load took 573.24ns 
23717      INFO  main            d.u.i.k.p.i.AbstractProblemLoader Creating init config 
25262      DEBUG main            d.u.i.k.p.i.AbstractProblemLoader Init config took 1.55s 
25301      INFO  main            d.u.i.k.p.i.AbstractProblemLoader Replaying proof Examples[Examples::setArray2([B)].JML normal_behavior operation contract.0 
25525      DEBUG main            d.u.i.k.p.i.IntermediateProofReplayer Proof replay took 219.42ms 
25527      DEBUG main            d.u.i.k.p.r.p.TestFile    ... success: reloaded. 
25530      INFO  main            d.u.i.k.p.r.p.TestFile    Now processing file /home/runner/work/key/key/key.core/../key.ui/examples/heap/javacard/arrayFillNonAtomic.key 
25530      INFO  main            d.u.i.k.p.i.AbstractProblemLoader Loading environment from /home/runner/work/key/key/key.core/../key.ui/examples/heap/javacard/arrayFillNonAtomic.key 
25531      DEBUG main            d.u.i.k.p.i.AbstractProblemLoader Environment load took 278.72ns 
25532      INFO  main            d.u.i.k.p.i.AbstractProblemLoader Creating init config 
27108      DEBUG main            d.u.i.k.p.i.AbstractProblemLoader Init config took 1.58s 
27162      INFO  main            d.u.i.k.p.i.AbstractProblemLoader Replaying proof javacard.framework.Util[javacard.framework.Util::arrayFillNonAtomic([B,short,short,byte)].JML behavior operation contract.0.transaction_inactive 
27164      DEBUG main            d.u.i.k.p.i.IntermediateProofReplayer Proof replay took 5.9ns 
28057      DEBUG Thread-13       d.u.i.k.l.o.ProgramSV     Match failed: Former match of  SchemaVariable incompatible with  the current match. 
28057      DEBUG Thread-13       d.u.i.k.l.o.ProgramSV     Match failed: Former match of  SchemaVariable incompatible with  the current match. 
29480      DEBUG Thread-13       d.u.i.k.l.o.ProgramSV     Match failed: Former match of  SchemaVariable incompatible with  the current match. 
29481      DEBUG Thread-13       d.u.i.k.l.o.ProgramSV     Match failed: Former match of  SchemaVariable incompatible with  the current match. 
31089      INFO  main            d.u.i.k.p.r.p.TestFile    ... finished proof: closed. 
31262      INFO  main            d.u.i.k.p.i.AbstractProblemLoader Loading environment from /home/runner/work/key/key/key.core/../key.ui/examples/heap/javacard/arrayFillNonAtomic.key.proof 
31263      DEBUG main            d.u.i.k.p.i.AbstractProblemLoader Environment load took 494.83ns 
31265      INFO  main            d.u.i.k.p.i.AbstractProblemLoader Creating init config 
32811      DEBUG main            d.u.i.k.p.i.AbstractProblemLoader Init config took 1.55s 
32877      INFO  main            d.u.i.k.p.i.AbstractProblemLoader Replaying proof javacard.framework.Util[javacard.framework.Util::arrayFillNonAtomic([B,short,short,byte)].JML behavior operation contract.0.transaction_inactive 
33779      DEBUG main            d.u.i.k.p.i.IntermediateProofReplayer Proof replay took 884.21ms 
33781      DEBUG main            d.u.i.k.p.r.p.TestFile    ... success: reloaded. 
33782      INFO  main            d.u.i.k.p.r.p.TestFile    Now processing file /home/runner/work/key/key/key.core/../key.ui/examples/heap/coincidence_count/project.key 
33783      INFO  main            d.u.i.k.p.i.AbstractProblemLoader Loading environment from /home/runner/work/key/key/key.core/../key.ui/examples/heap/coincidence_count/project.key 
33783      DEBUG main            d.u.i.k.p.i.AbstractProblemLoader Environment load took 275.82ns 
33785      INFO  main            d.u.i.k.p.i.AbstractProblemLoader Creating init config 
37315      DEBUG main            d.u.i.k.p.i.AbstractProblemLoader Init config took 3.53s 
37361      INFO  main            d.u.i.k.p.i.AbstractProblemLoader Replaying proof CC[CC::calcCoinIndex([I,[I)].JML normal_behavior operation contract.0 
37365      DEBUG main            d.u.i.k.p.i.IntermediateProofReplayer Proof replay took 22.1ns 
56408      INFO  main            d.u.i.k.p.r.p.TestFile    ... finished proof: closed. 
56723      INFO  main            d.u.i.k.p.i.AbstractProblemLoader Loading environment from /home/runner/work/key/key/key.core/../key.ui/examples/heap/coincidence_count/project.key.proof 
56723      DEBUG main            d.u.i.k.p.i.AbstractProblemLoader Environment load took 232.42ns 
56727      INFO  main            d.u.i.k.p.i.AbstractProblemLoader Creating init config 
59351      DEBUG main            d.u.i.k.p.i.AbstractProblemLoader Init config took 2.62s 
59395      INFO  main            d.u.i.k.p.i.AbstractProblemLoader Replaying proof CC[CC::calcCoinIndex([I,[I)].JML normal_behavior operation contract.0 
60417      DEBUG main            d.u.i.k.p.i.IntermediateProofReplayer Proof replay took 962.91ms 
60420      DEBUG main            d.u.i.k.p.r.p.TestFile    ... success: reloaded. 
60421      INFO  main            d.u.i.k.p.r.p.TestFile    Now processing file /home/runner/work/key/key/key.core/../key.ui/examples/heap/verifyThis11_1_Maximum/project.key 
60422      INFO  main            d.u.i.k.p.i.AbstractProblemLoader Loading environment from /home/runner/work/key/key/key.core/../key.ui/examples/heap/verifyThis11_1_Maximum/project.key 
60422      DEBUG main            d.u.i.k.p.i.AbstractProblemLoader Environment load took 303.42ns 
60423      INFO  main            d.u.i.k.p.i.AbstractProblemLoader Creating init config 
63143      DEBUG main            d.u.i.k.p.i.AbstractProblemLoader Init config took 2.72s 
63193      INFO  main            d.u.i.k.p.i.AbstractProblemLoader Replaying proof Maximum[Maximum::maxIndex([I)].JML normal_behavior operation contract.0 
63195      DEBUG main            d.u.i.k.p.i.IntermediateProofReplayer Proof replay took 5.3ns 
64102      INFO  main            d.u.i.k.p.r.p.TestFile    ... finished proof: closed. 
64370      INFO  main            d.u.i.k.p.i.AbstractProblemLoader Loading environment from /home/runner/work/key/key/key.core/../key.ui/examples/heap/verifyThis11_1_Maximum/project.key.proof 
64371      DEBUG main            d.u.i.k.p.i.AbstractProblemLoader Environment load took 514.83ns 
64372      INFO  main            d.u.i.k.p.i.AbstractProblemLoader Creating init config 
66905      DEBUG main            d.u.i.k.p.i.AbstractProblemLoader Init config took 2.53s 
66947      INFO  main            d.u.i.k.p.i.AbstractProblemLoader Replaying proof Maximum[Maximum::maxIndex([I)].JML normal_behavior operation contract.0 
67117      DEBUG main            d.u.i.k.p.i.IntermediateProofReplayer Proof replay took 163.85ms 
67119      DEBUG main            d.u.i.k.p.r.p.TestFile    ... success: reloaded. 
67119      INFO  main            d.u.i.k.p.r.p.TestFile    Now processing file /home/runner/work/key/key/key.core/../key.ui/examples/heap/fm12_01_LRS/lcp.key 
67120      INFO  main            d.u.i.k.p.i.AbstractProblemLoader Loading environment from /home/runner/work/key/key/key.core/../key.ui/examples/heap/fm12_01_LRS/lcp.key 
67120      DEBUG main            d.u.i.k.p.i.AbstractProblemLoader Environment load took 128.61ns 
67121      INFO  main            d.u.i.k.p.i.AbstractProblemLoader Creating init config 
70285      DEBUG main            d.u.i.k.p.i.AbstractProblemLoader Init config took 3.16s 
70339      INFO  main            d.u.i.k.p.i.AbstractProblemLoader Replaying proof LCP[LCP::lcp([I,int,int)].JML normal_behavior operation contract.0 
70342      DEBUG main            d.u.i.k.p.i.IntermediateProofReplayer Proof replay took 5.5ns 
71348      INFO  main            d.u.i.k.p.r.p.TestFile    ... finished proof: closed. 
71617      INFO  main            d.u.i.k.p.i.AbstractProblemLoader Loading environment from /home/runner/work/key/key/key.core/../key.ui/examples/heap/fm12_01_LRS/lcp.key.proof 
71618      DEBUG main            d.u.i.k.p.i.AbstractProblemLoader Environment load took 510.74ns 
71619      INFO  main            d.u.i.k.p.i.AbstractProblemLoader Creating init config 
74512      DEBUG main            d.u.i.k.p.i.AbstractProblemLoader Init config took 2.89s 
74567      INFO  main            d.u.i.k.p.i.AbstractProblemLoader Replaying proof LCP[LCP::lcp([I,int,int)].JML normal_behavior operation contract.0 
74777      DEBUG main            d.u.i.k.p.i.IntermediateProofReplayer Proof replay took 204.88ms 
74778      DEBUG main            d.u.i.k.p.r.p.TestFile    ... success: reloaded. 
74780      INFO  main            d.u.i.k.p.r.p.TestFile    Now processing file /home/runner/work/key/key/key.core/../key.ui/examples/heap/SemanticSlicing/project.key 
74780      INFO  main            d.u.i.k.p.i.AbstractProblemLoader Loading environment from /home/runner/work/key/key/key.core/../key.ui/examples/heap/SemanticSlicing/project.key 
74780      DEBUG main            d.u.i.k.p.i.AbstractProblemLoader Environment load took 274.32ns 
74782      INFO  main            d.u.i.k.p.i.AbstractProblemLoader Creating init config 
77635      DEBUG main            d.u.i.k.p.i.AbstractProblemLoader Init config took 2.85s 
77714      INFO  main            d.u.i.k.p.i.AbstractProblemLoader Replaying proof unsatcore_after.competition.postcond5.scope333.LRS[unsatcore_after.competition.postcond5.scope333.LRS::doLRS()].JML operation contract.0 
77716      DEBUG main            d.u.i.k.p.i.IntermediateProofReplayer Proof replay took 6.3ns 
82031      INFO  main            d.u.i.k.p.r.p.TestFile    ... finished proof: closed. 
82344      INFO  main            d.u.i.k.p.i.AbstractProblemLoader Loading environment from /home/runner/work/key/key/key.core/../key.ui/examples/heap/SemanticSlicing/project.key.proof 
82345      DEBUG main            d.u.i.k.p.i.AbstractProblemLoader Environment load took 133.01ns 
82346      INFO  main            d.u.i.k.p.i.AbstractProblemLoader Creating init config 
85201      DEBUG main            d.u.i.k.p.i.AbstractProblemLoader Init config took 2.85s 
85270      INFO  main            d.u.i.k.p.i.AbstractProblemLoader Replaying proof unsatcore_after.competition.postcond5.scope333.LRS[unsatcore_after.competition.postcond5.scope333.LRS::doLRS()].JML operation contract.0 
86146      DEBUG main            d.u.i.k.p.i.IntermediateProofReplayer Proof replay took 863.94ms 
86148      DEBUG main            d.u.i.k.p.r.p.TestFile    ... success: reloaded. 
86149      INFO  main            d.u.i.k.p.r.p.TestFile    Now processing file /home/runner/work/key/key/key.core/../key.ui/examples/heap/information_flow/ArrayList_contains.key 
86149      INFO  main            d.u.i.k.p.i.AbstractProblemLoader Loading environment from /home/runner/work/key/key/key.core/../key.ui/examples/heap/information_flow/ArrayList_contains.key 
86150      DEBUG main            d.u.i.k.p.i.AbstractProblemLoader Environment load took 257.92ns 
86151      INFO  main            d.u.i.k.p.i.AbstractProblemLoader Creating init config 
89133      DEBUG main            d.u.i.k.p.i.AbstractProblemLoader Init config took 2.98s 
89175      INFO  main            d.u.i.k.p.i.AbstractProblemLoader Replaying proof ArrayList[ArrayList::get(int)].JML normal_behavior operation contract.0 
89176      DEBUG main            d.u.i.k.p.i.IntermediateProofReplayer Proof replay took 5.2ns 
89481      INFO  main            d.u.i.k.p.r.p.TestFile    ... finished proof: closed. 
89839      INFO  main            d.u.i.k.p.i.AbstractProblemLoader Loading environment from /home/runner/work/key/key/key.core/../key.ui/examples/heap/information_flow/ArrayList_contains.key.proof 
89839      DEBUG main            d.u.i.k.p.i.AbstractProblemLoader Environment load took 129.81ns 
89841      INFO  main            d.u.i.k.p.i.AbstractProblemLoader Creating init config 
92766      DEBUG main            d.u.i.k.p.i.AbstractProblemLoader Init config took 2.93s 
92812      INFO  main            d.u.i.k.p.i.AbstractProblemLoader Replaying proof ArrayList[ArrayList::get(int)].JML normal_behavior operation contract.0 
92889      DEBUG main            d.u.i.k.p.i.IntermediateProofReplayer Proof replay took 74.75ms 
92891      DEBUG main            d.u.i.k.p.r.p.TestFile    ... success: reloaded. 
92892      INFO  main            d.u.i.k.p.r.p.TestFile    Now processing file /home/runner/work/key/key/key.core/../key.ui/examples/heap/information_flow/ArrayList_get.key 
92892      INFO  main            d.u.i.k.p.i.AbstractProblemLoader Loading environment from /home/runner/work/key/key/key.core/../key.ui/examples/heap/information_flow/ArrayList_get.key 
92892      DEBUG main            d.u.i.k.p.i.AbstractProblemLoader Environment load took 251.42ns 
92893      INFO  main            d.u.i.k.p.i.AbstractProblemLoader Creating init config 
95965      DEBUG main            d.u.i.k.p.i.AbstractProblemLoader Init config took 3.07s 
96007      INFO  main            d.u.i.k.p.i.AbstractProblemLoader Replaying proof ArrayList[ArrayList::contains(java.lang.Object)].JML normal_behavior operation contract.0 
96008      DEBUG main            d.u.i.k.p.i.IntermediateProofReplayer Proof replay took 5.8ns 
96914      INFO  main            d.u.i.k.p.r.p.TestFile    ... finished proof: closed. 
97290      INFO  main            d.u.i.k.p.i.AbstractProblemLoader Loading environment from /home/runner/work/key/key/key.core/../key.ui/examples/heap/information_flow/ArrayList_get.key.proof 
97291      DEBUG main            d.u.i.k.p.i.AbstractProblemLoader Environment load took 518.84ns 
97292      INFO  main            d.u.i.k.p.i.AbstractProblemLoader Creating init config 
100132     DEBUG main            d.u.i.k.p.i.AbstractProblemLoader Init config took 2.84s 
100172     INFO  main            d.u.i.k.p.i.AbstractProblemLoader Replaying proof ArrayList[ArrayList::contains(java.lang.Object)].JML normal_behavior operation contract.0 
100342     DEBUG main            d.u.i.k.p.i.IntermediateProofReplayer Proof replay took 165.46ms 
100343     DEBUG main            d.u.i.k.p.r.p.TestFile    ... success: reloaded. 
100345     INFO  main            d.u.i.k.p.r.p.TestFile    Now processing file /home/runner/work/key/key/key.core/../key.ui/examples/heap/information_flow/ArrayList_size.key 
100345     INFO  main            d.u.i.k.p.i.AbstractProblemLoader Loading environment from /home/runner/work/key/key/key.core/../key.ui/examples/heap/information_flow/ArrayList_size.key 
100345     DEBUG main            d.u.i.k.p.i.AbstractProblemLoader Environment load took 266.22ns 
100347     INFO  main            d.u.i.k.p.i.AbstractProblemLoader Creating init config 
103308     DEBUG main            d.u.i.k.p.i.AbstractProblemLoader Init config took 2.96s 
103348     INFO  main            d.u.i.k.p.i.AbstractProblemLoader Replaying proof ArrayList[ArrayList::size()].JML normal_behavior operation contract.0 
103350     DEBUG main            d.u.i.k.p.i.IntermediateProofReplayer Proof replay took 6.2ns 
103456     INFO  main            d.u.i.k.p.r.p.TestFile    ... finished proof: closed. 
103746     INFO  main            d.u.i.k.p.i.AbstractProblemLoader Loading environment from /home/runner/work/key/key/key.core/../key.ui/examples/heap/information_flow/ArrayList_size.key.proof 
103746     DEBUG main            d.u.i.k.p.i.AbstractProblemLoader Environment load took 129.11ns 
103748     INFO  main            d.u.i.k.p.i.AbstractProblemLoader Creating init config 
106633     DEBUG main            d.u.i.k.p.i.AbstractProblemLoader Init config took 2.89s 
106674     INFO  main            d.u.i.k.p.i.AbstractProblemLoader Replaying proof ArrayList[ArrayList::size()].JML normal_behavior operation contract.0 
106688     DEBUG main            d.u.i.k.p.i.IntermediateProofReplayer Proof replay took 13.05ms 
106689     DEBUG main            d.u.i.k.p.r.p.TestFile    ... success: reloaded. 
106690     INFO  main            d.u.i.k.p.r.p.TestFile    Now processing file /home/runner/work/key/key/key.core/../key.ui/examples/heap/information_flow/UpdateAbstraction_ex7_3_secure.key 
106690     INFO  main            d.u.i.k.p.i.AbstractProblemLoader Loading environment from /home/runner/work/key/key/key.core/../key.ui/examples/heap/information_flow/UpdateAbstraction_ex7_3_secure.key 
106690     DEBUG main            d.u.i.k.p.i.AbstractProblemLoader Environment load took 82.31ns 
106691     INFO  main            d.u.i.k.p.i.AbstractProblemLoader Creating init config 
109663     DEBUG main            d.u.i.k.p.i.AbstractProblemLoader Init config took 2.97s 
109700     INFO  main            d.u.i.k.p.i.AbstractProblemLoader Replaying proof UpdateAbstraction[UpdateAbstraction::ex7_3_secure()].JML operation contract.0 
109701     DEBUG main            d.u.i.k.p.i.IntermediateProofReplayer Proof replay took 5.3ns 
109903     INFO  main            d.u.i.k.p.r.p.TestFile    ... finished proof: closed. 
110182     INFO  main            d.u.i.k.p.i.AbstractProblemLoader Loading environment from /home/runner/work/key/key/key.core/../key.ui/examples/heap/information_flow/UpdateAbstraction_ex7_3_secure.key.proof 
110183     DEBUG main            d.u.i.k.p.i.AbstractProblemLoader Environment load took 124.51ns 
110184     INFO  main            d.u.i.k.p.i.AbstractProblemLoader Creating init config 
113047     DEBUG main            d.u.i.k.p.i.AbstractProblemLoader Init config took 2.86s 
113099     INFO  main            d.u.i.k.p.i.AbstractProblemLoader Replaying proof UpdateAbstraction[UpdateAbstraction::ex7_3_secure()].JML operation contract.0 
113135     DEBUG main            d.u.i.k.p.i.IntermediateProofReplayer Proof replay took 33.45ms 
113137     DEBUG main            d.u.i.k.p.r.p.TestFile    ... success: reloaded. 
113138     INFO  main            d.u.i.k.p.r.p.TestFile    Now processing file /home/runner/work/key/key/key.core/../key.ui/examples/heap/information_flow/UpdateAbstraction_ex7_4_secure.key 
113138     INFO  main            d.u.i.k.p.i.AbstractProblemLoader Loading environment from /home/runner/work/key/key/key.core/../key.ui/examples/heap/information_flow/UpdateAbstraction_ex7_4_secure.key 
113138     DEBUG main            d.u.i.k.p.i.AbstractProblemLoader Environment load took 116.21ns 
113140     INFO  main            d.u.i.k.p.i.AbstractProblemLoader Creating init config 
116037     DEBUG main            d.u.i.k.p.i.AbstractProblemLoader Init config took 2.9s 
116073     INFO  main            d.u.i.k.p.i.AbstractProblemLoader Replaying proof UpdateAbstraction[UpdateAbstraction::ex7_4_secure()].JML operation contract.0 
116075     DEBUG main            d.u.i.k.p.i.IntermediateProofReplayer Proof replay took 5.8ns 
116279     INFO  main            d.u.i.k.p.r.p.TestFile    ... finished proof: closed. 
116561     INFO  main            d.u.i.k.p.i.AbstractProblemLoader Loading environment from /home/runner/work/key/key/key.core/../key.ui/examples/heap/information_flow/UpdateAbstraction_ex7_4_secure.key.proof 
116561     DEBUG main            d.u.i.k.p.i.AbstractProblemLoader Environment load took 123.11ns 
116562     INFO  main            d.u.i.k.p.i.AbstractProblemLoader Creating init config 
119452     DEBUG main            d.u.i.k.p.i.AbstractProblemLoader Init config took 2.89s 
119489     INFO  main            d.u.i.k.p.i.AbstractProblemLoader Replaying proof UpdateAbstraction[UpdateAbstraction::ex7_4_secure()].JML operation contract.0 
119551     DEBUG main            d.u.i.k.p.i.IntermediateProofReplayer Proof replay took 59.71ms 
119552     DEBUG main            d.u.i.k.p.r.p.TestFile    ... success: reloaded. 
119553     INFO  main            d.u.i.k.p.r.p.TestFile    Now processing file /home/runner/work/key/key/key.core/../key.ui/examples/heap/information_flow/UpdateAbstraction_ex7_5_secure.key 
119553     INFO  main            d.u.i.k.p.i.AbstractProblemLoader Loading environment from /home/runner/work/key/key/key.core/../key.ui/examples/heap/information_flow/UpdateAbstraction_ex7_5_secure.key 
119553     DEBUG main            d.u.i.k.p.i.AbstractProblemLoader Environment load took 118.41ns 
119554     INFO  main            d.u.i.k.p.i.AbstractProblemLoader Creating init config 
122460     DEBUG main            d.u.i.k.p.i.AbstractProblemLoader Init config took 2.91s 
122496     INFO  main            d.u.i.k.p.i.AbstractProblemLoader Replaying proof UpdateAbstraction[UpdateAbstraction::ex7_5_secure()].JML operation contract.0 
122497     DEBUG main            d.u.i.k.p.i.IntermediateProofReplayer Proof replay took 5.1ns 
122599     INFO  main            d.u.i.k.p.r.p.TestFile    ... finished proof: closed. 
122904     INFO  main            d.u.i.k.p.i.AbstractProblemLoader Loading environment from /home/runner/work/key/key/key.core/../key.ui/examples/heap/information_flow/UpdateAbstraction_ex7_5_secure.key.proof 
122904     DEBUG main            d.u.i.k.p.i.AbstractProblemLoader Environment load took 139.21ns 
122905     INFO  main            d.u.i.k.p.i.AbstractProblemLoader Creating init config 
125709     DEBUG main            d.u.i.k.p.i.AbstractProblemLoader Init config took 2.8s 
125745     INFO  main            d.u.i.k.p.i.AbstractProblemLoader Replaying proof UpdateAbstraction[UpdateAbstraction::ex7_5_secure()].JML operation contract.0 
125765     DEBUG main            d.u.i.k.p.i.IntermediateProofReplayer Proof replay took 18.26ms 
125766     DEBUG main            d.u.i.k.p.r.p.TestFile    ... success: reloaded. 
125767     INFO  main            d.u.i.k.p.r.p.TestFile    Now processing file /home/runner/work/key/key/key.core/../key.ui/examples/heap/information_flow/UpdateAbstraction_ex7_6_secure.key 
125767     INFO  main            d.u.i.k.p.i.AbstractProblemLoader Loading environment from /home/runner/work/key/key/key.core/../key.ui/examples/heap/information_flow/UpdateAbstraction_ex7_6_secure.key 
125767     DEBUG main            d.u.i.k.p.i.AbstractProblemLoader Environment load took 106.91ns 
125768     INFO  main            d.u.i.k.p.i.AbstractProblemLoader Creating init config 
128701     DEBUG main            d.u.i.k.p.i.AbstractProblemLoader Init config took 2.93s 
128741     INFO  main            d.u.i.k.p.i.AbstractProblemLoader Replaying proof UpdateAbstraction[UpdateAbstraction::ex7_6_secure()].JML operation contract.0 
128742     DEBUG main            d.u.i.k.p.i.IntermediateProofReplayer Proof replay took 6.1ns 
129045     INFO  main            d.u.i.k.p.r.p.TestFile    ... finished proof: closed. 
129362     INFO  main            d.u.i.k.p.i.AbstractProblemLoader Loading environment from /home/runner/work/key/key/key.core/../key.ui/examples/heap/information_flow/UpdateAbstraction_ex7_6_secure.key.proof 
129362     DEBUG main            d.u.i.k.p.i.AbstractProblemLoader Environment load took 135.21ns 
129363     INFO  main            d.u.i.k.p.i.AbstractProblemLoader Creating init config 
132225     DEBUG main            d.u.i.k.p.i.AbstractProblemLoader Init config took 2.86s 
132262     INFO  main            d.u.i.k.p.i.AbstractProblemLoader Replaying proof UpdateAbstraction[UpdateAbstraction::ex7_6_secure()].JML operation contract.0 
132325     DEBUG main            d.u.i.k.p.i.IntermediateProofReplayer Proof replay took 61.12ms 
132326     DEBUG main            d.u.i.k.p.r.p.TestFile    ... success: reloaded. 
132327     INFO  main            d.u.i.k.p.r.p.TestFile    Now processing file /home/runner/work/key/key/key.core/../key.ui/examples/heap/information_flow/UpdateAbstraction_ex9_secure.key 
132327     INFO  main            d.u.i.k.p.i.AbstractProblemLoader Loading environment from /home/runner/work/key/key/key.core/../key.ui/examples/heap/information_flow/UpdateAbstraction_ex9_secure.key 
132328     DEBUG main            d.u.i.k.p.i.AbstractProblemLoader Environment load took 99.11ns 
132328     INFO  main            d.u.i.k.p.i.AbstractProblemLoader Creating init config 
135292     DEBUG main            d.u.i.k.p.i.AbstractProblemLoader Init config took 2.96s 
135332     INFO  main            d.u.i.k.p.i.AbstractProblemLoader Replaying proof UpdateAbstraction[UpdateAbstraction::ex9_secure()].JML operation contract.0 
135333     DEBUG main            d.u.i.k.p.i.IntermediateProofReplayer Proof replay took 5.6ns 
136363     INFO  main            d.u.i.k.p.r.p.TestFile    ... finished proof: closed. 
136708     INFO  main            d.u.i.k.p.i.AbstractProblemLoader Loading environment from /home/runner/work/key/key/key.core/../key.ui/examples/heap/information_flow/UpdateAbstraction_ex9_secure.key.proof 
136708     DEBUG main            d.u.i.k.p.i.AbstractProblemLoader Environment load took 139.61ns 
136709     INFO  main            d.u.i.k.p.i.AbstractProblemLoader Creating init config 
139522     DEBUG main            d.u.i.k.p.i.AbstractProblemLoader Init config took 2.81s 
139559     INFO  main            d.u.i.k.p.i.AbstractProblemLoader Replaying proof UpdateAbstraction[UpdateAbstraction::ex9_secure()].JML operation contract.0 
139771     DEBUG main            d.u.i.k.p.i.IntermediateProofReplayer Proof replay took 208.54ms 
139772     DEBUG main            d.u.i.k.p.r.p.TestFile    ... success: reloaded. 
855856     INFO  Test worker     d.u.i.k.p.r.RunAllProofsTestUnit Returning from test javaCard 
855857     INFO  Test worker     d.u.i.k.p.r.RunAllProofsTestUnit Running test list 
446        INFO  Timeout watchdog d.u.i.k.p.r.p.ForkedTestFileRunner Timeout watcher launched (2000 secs.) 
462        WARN  main            d.u.i.k.s.ProofSettings   The settings in /home/runner/.key/proof-settings.props are *not* read. 
488        INFO  main            d.u.i.k.p.r.p.TestFile    Now processing file /home/runner/work/key/key/key.core/../key.ui/examples/heap/list/ArrayList_add.key 
596        INFO  main            d.u.i.k.p.i.AbstractProblemLoader Loading environment from /home/runner/work/key/key/key.core/../key.ui/examples/heap/list/ArrayList_add.key 
623        DEBUG main            d.u.i.k.p.i.AbstractProblemLoader Environment load took 1.73ms 
864        INFO  main            d.u.i.k.p.i.AbstractProblemLoader Creating init config 
1944       DEBUG main            d.u.i.k.j.TypeConverter   No LDT found for Meta 
1944       DEBUG main            d.u.i.k.j.TypeConverter   No LDT found for Meta 
1947       DEBUG main            d.u.i.k.j.TypeConverter   No LDT found for Meta 
1947       DEBUG main            d.u.i.k.j.TypeConverter   No LDT found for Meta 
3441       DEBUG main            d.u.i.k.j.TypeConverter   No LDT found for JavaBigintExpression 
6978       DEBUG main            d.u.i.k.j.r.ClassPreparationMethodBuilder clPrepBuilder: Inner Class detected. Reject building class initialisation methods. 
9604       DEBUG main            d.u.i.k.p.i.AbstractProblemLoader Init config took 8.74s 
9817       INFO  main            d.u.i.k.p.i.AbstractProblemLoader Replaying proof ArrayList[List::add(java.lang.Object)].JML normal_behavior operation contract.0 
9898       DEBUG main            d.u.i.k.p.i.IntermediateProofReplayer Proof replay took 34.4ns 
15962      INFO  main            d.u.i.k.p.r.p.TestFile    ... finished proof: closed. 
16232      INFO  main            d.u.i.k.p.i.AbstractProblemLoader Loading environment from /home/runner/work/key/key/key.core/../key.ui/examples/heap/list/ArrayList_add.key.proof 
16235      DEBUG main            d.u.i.k.p.i.AbstractProblemLoader Environment load took 3.14ms 
16239      INFO  main            d.u.i.k.p.i.AbstractProblemLoader Creating init config 
17398      DEBUG main            d.u.i.k.j.r.ClassPreparationMethodBuilder clPrepBuilder: Inner Class detected. Reject building class initialisation methods. 
19686      DEBUG main            d.u.i.k.p.i.AbstractProblemLoader Init config took 3.45s 
19784      INFO  main            d.u.i.k.p.i.AbstractProblemLoader Replaying proof ArrayList[List::add(java.lang.Object)].JML normal_behavior operation contract.0 
20887      DEBUG main            d.u.i.k.p.i.IntermediateProofReplayer Proof replay took 1.08s 
20897      DEBUG main            d.u.i.k.p.r.p.TestFile    ... success: reloaded. 
20899      INFO  main            d.u.i.k.p.r.p.TestFile    Now processing file /home/runner/work/key/key/key.core/../key.ui/examples/heap/list/ArrayList_ArrayList.key 
20899      INFO  main            d.u.i.k.p.i.AbstractProblemLoader Loading environment from /home/runner/work/key/key/key.core/../key.ui/examples/heap/list/ArrayList_ArrayList.key 
20900      DEBUG main            d.u.i.k.p.i.AbstractProblemLoader Environment load took 291.82ns 
20901      INFO  main            d.u.i.k.p.i.AbstractProblemLoader Creating init config 
22082      DEBUG main            d.u.i.k.j.r.ClassPreparationMethodBuilder clPrepBuilder: Inner Class detected. Reject building class initialisation methods. 
24261      DEBUG main            d.u.i.k.p.i.AbstractProblemLoader Init config took 3.36s 
24329      INFO  main            d.u.i.k.p.i.AbstractProblemLoader Replaying proof ArrayList[ArrayList::ArrayList()].JML normal_behavior operation contract.0 
24331      DEBUG main            d.u.i.k.p.i.IntermediateProofReplayer Proof replay took 4.8ns 
25940      INFO  main            d.u.i.k.p.r.p.TestFile    ... finished proof: closed. 
26160      INFO  main            d.u.i.k.p.i.AbstractProblemLoader Loading environment from /home/runner/work/key/key/key.core/../key.ui/examples/heap/list/ArrayList_ArrayList.key.proof 
26160      DEBUG main            d.u.i.k.p.i.AbstractProblemLoader Environment load took 546.44ns 
26162      INFO  main            d.u.i.k.p.i.AbstractProblemLoader Creating init config 
27207      DEBUG main            d.u.i.k.j.r.ClassPreparationMethodBuilder clPrepBuilder: Inner Class detected. Reject building class initialisation methods. 
29302      DEBUG main            d.u.i.k.p.i.AbstractProblemLoader Init config took 3.14s 
29372      INFO  main            d.u.i.k.p.i.AbstractProblemLoader Replaying proof ArrayList[ArrayList::ArrayList()].JML normal_behavior operation contract.0 
29611      DEBUG main            d.u.i.k.p.i.IntermediateProofReplayer Proof replay took 230.56ms 
29613      DEBUG main            d.u.i.k.p.r.p.TestFile    ... success: reloaded. 
29614      INFO  main            d.u.i.k.p.r.p.TestFile    Now processing file /home/runner/work/key/key/key.core/../key.ui/examples/heap/list/ArrayList_concatenate.key 
29615      INFO  main            d.u.i.k.p.i.AbstractProblemLoader Loading environment from /home/runner/work/key/key/key.core/../key.ui/examples/heap/list/ArrayList_concatenate.key 
29615      DEBUG main            d.u.i.k.p.i.AbstractProblemLoader Environment load took 288.22ns 
29633      INFO  main            d.u.i.k.p.i.AbstractProblemLoader Creating init config 
30691      DEBUG main            d.u.i.k.j.r.ClassPreparationMethodBuilder clPrepBuilder: Inner Class detected. Reject building class initialisation methods. 
32798      DEBUG main            d.u.i.k.p.i.AbstractProblemLoader Init config took 3.17s 
32857      INFO  main            d.u.i.k.p.i.AbstractProblemLoader Replaying proof ArrayList[List::concatenate(List)].JML normal_behavior operation contract.0 
32858      DEBUG main            d.u.i.k.p.i.IntermediateProofReplayer Proof replay took 5ns 
58434      INFO  main            d.u.i.k.p.r.p.TestFile    ... finished proof: closed. 
58701      INFO  main            d.u.i.k.p.i.AbstractProblemLoader Loading environment from /home/runner/work/key/key/key.core/../key.ui/examples/heap/list/ArrayList_concatenate.key.proof 
58702      DEBUG main            d.u.i.k.p.i.AbstractProblemLoader Environment load took 501.23ns 
58709      INFO  main            d.u.i.k.p.i.AbstractProblemLoader Creating init config 
59702      DEBUG main            d.u.i.k.j.r.ClassPreparationMethodBuilder clPrepBuilder: Inner Class detected. Reject building class initialisation methods. 
61637      DEBUG main            d.u.i.k.p.i.AbstractProblemLoader Init config took 2.93s 
61699      INFO  main            d.u.i.k.p.i.AbstractProblemLoader Replaying proof ArrayList[List::concatenate(List)].JML normal_behavior operation contract.0 
63878      DEBUG main            d.u.i.k.p.i.IntermediateProofReplayer Proof replay took 2.1s 
63883      DEBUG main            d.u.i.k.p.r.p.TestFile    ... success: reloaded. 
63885      INFO  main            d.u.i.k.p.r.p.TestFile    Now processing file /home/runner/work/key/key/key.core/../key.ui/examples/heap/list/ArrayList_contains_dep.key 
63886      INFO  main            d.u.i.k.p.i.AbstractProblemLoader Loading environment from /home/runner/work/key/key/key.core/../key.ui/examples/heap/list/ArrayList_contains_dep.key 
63886      DEBUG main            d.u.i.k.p.i.AbstractProblemLoader Environment load took 249.82ns 
63888      INFO  main            d.u.i.k.p.i.AbstractProblemLoader Creating init config 
64884      DEBUG main            d.u.i.k.j.r.ClassPreparationMethodBuilder clPrepBuilder: Inner Class detected. Reject building class initialisation methods. 
66881      DEBUG main            d.u.i.k.p.i.AbstractProblemLoader Init config took 2.99s 
66949      INFO  main            d.u.i.k.p.i.AbstractProblemLoader Replaying proof ArrayList[List::contains(java.lang.Object)].JML accessible clause.0 
66951      DEBUG main            d.u.i.k.p.i.IntermediateProofReplayer Proof replay took 6.6ns 
69719      INFO  main            d.u.i.k.p.r.p.TestFile    ... finished proof: closed. 
69952      INFO  main            d.u.i.k.p.i.AbstractProblemLoader Loading environment from /home/runner/work/key/key/key.core/../key.ui/examples/heap/list/ArrayList_contains_dep.key.proof 
69953      DEBUG main            d.u.i.k.p.i.AbstractProblemLoader Environment load took 544.64ns 
69955      INFO  main            d.u.i.k.p.i.AbstractProblemLoader Creating init config 
70898      DEBUG main            d.u.i.k.j.r.ClassPreparationMethodBuilder clPrepBuilder: Inner Class detected. Reject building class initialisation methods. 
72886      DEBUG main            d.u.i.k.p.i.AbstractProblemLoader Init config took 2.93s 
72945      INFO  main            d.u.i.k.p.i.AbstractProblemLoader Replaying proof ArrayList[List::contains(java.lang.Object)].JML accessible clause.0 
73420      DEBUG main            d.u.i.k.p.i.IntermediateProofReplayer Proof replay took 462.29ms 
73422      DEBUG main            d.u.i.k.p.r.p.TestFile    ... success: reloaded. 
73423      INFO  main            d.u.i.k.p.r.p.TestFile    Now processing file /home/runner/work/key/key/key.core/../key.ui/examples/heap/list/ArrayList_enlarge.key 
73424      INFO  main            d.u.i.k.p.i.AbstractProblemLoader Loading environment from /home/runner/work/key/key/key.core/../key.ui/examples/heap/list/ArrayList_enlarge.key 
73424      DEBUG main            d.u.i.k.p.i.AbstractProblemLoader Environment load took 237.02ns 
73425      INFO  main            d.u.i.k.p.i.AbstractProblemLoader Creating init config 
74431      DEBUG main            d.u.i.k.j.r.ClassPreparationMethodBuilder clPrepBuilder: Inner Class detected. Reject building class initialisation methods. 
76405      DEBUG main            d.u.i.k.p.i.AbstractProblemLoader Init config took 2.98s 
76457      INFO  main            d.u.i.k.p.i.AbstractProblemLoader Replaying proof ArrayList[ArrayList::enlarge()].JML normal_behavior operation contract.0 
76459      DEBUG main            d.u.i.k.p.i.IntermediateProofReplayer Proof replay took 4.9ns 
78888      INFO  main            d.u.i.k.p.r.p.TestFile    ... finished proof: closed. 
79102      INFO  main            d.u.i.k.p.i.AbstractProblemLoader Loading environment from /home/runner/work/key/key/key.core/../key.ui/examples/heap/list/ArrayList_enlarge.key.proof 
79102      DEBUG main            d.u.i.k.p.i.AbstractProblemLoader Environment load took 223.72ns 
79104      INFO  main            d.u.i.k.p.i.AbstractProblemLoader Creating init config 
80066      DEBUG main            d.u.i.k.j.r.ClassPreparationMethodBuilder clPrepBuilder: Inner Class detected. Reject building class initialisation methods. 
81960      DEBUG main            d.u.i.k.p.i.AbstractProblemLoader Init config took 2.86s 
82013      INFO  main            d.u.i.k.p.i.AbstractProblemLoader Replaying proof ArrayList[ArrayList::enlarge()].JML normal_behavior operation contract.0 
82451      DEBUG main            d.u.i.k.p.i.IntermediateProofReplayer Proof replay took 429.55ms 
82452      DEBUG main            d.u.i.k.p.r.p.TestFile    ... success: reloaded. 
82453      INFO  main            d.u.i.k.p.r.p.TestFile    Now processing file /home/runner/work/key/key/key.core/../key.ui/examples/heap/list/ArrayList_footprint.key 
82453      INFO  main            d.u.i.k.p.i.AbstractProblemLoader Loading environment from /home/runner/work/key/key/key.core/../key.ui/examples/heap/list/ArrayList_footprint.key 
82453      DEBUG main            d.u.i.k.p.i.AbstractProblemLoader Environment load took 74.2ns 
82454      INFO  main            d.u.i.k.p.i.AbstractProblemLoader Creating init config 
83382      DEBUG main            d.u.i.k.j.r.ClassPreparationMethodBuilder clPrepBuilder: Inner Class detected. Reject building class initialisation methods. 
85344      DEBUG main            d.u.i.k.p.i.AbstractProblemLoader Init config took 2.89s 
85386      INFO  main            d.u.i.k.p.i.AbstractProblemLoader Replaying proof List[List::$footprint()].JML accessible clause.0 
85387      DEBUG main            d.u.i.k.p.i.IntermediateProofReplayer Proof replay took 4.5ns 
85489      INFO  main            d.u.i.k.p.r.p.TestFile    ... finished proof: closed. 
85665      INFO  main            d.u.i.k.p.i.AbstractProblemLoader Loading environment from /home/runner/work/key/key/key.core/../key.ui/examples/heap/list/ArrayList_footprint.key.proof 
85665      DEBUG main            d.u.i.k.p.i.AbstractProblemLoader Environment load took 134.91ns 
85666      INFO  main            d.u.i.k.p.i.AbstractProblemLoader Creating init config 
86583      DEBUG main            d.u.i.k.j.r.ClassPreparationMethodBuilder clPrepBuilder: Inner Class detected. Reject building class initialisation methods. 
88477      DEBUG main            d.u.i.k.p.i.AbstractProblemLoader Init config took 2.81s 
88529      INFO  main            d.u.i.k.p.i.AbstractProblemLoader Replaying proof List[List::$footprint()].JML accessible clause.0 
88532      DEBUG main            d.u.i.k.p.i.IntermediateProofReplayer Proof replay took 1.45ms 
88533      DEBUG main            d.u.i.k.p.r.p.TestFile    ... success: reloaded. 
88534      INFO  main            d.u.i.k.p.r.p.TestFile    Now processing file /home/runner/work/key/key/key.core/../key.ui/examples/heap/list/ArrayList_get_dep.key 
88534      INFO  main            d.u.i.k.p.i.AbstractProblemLoader Loading environment from /home/runner/work/key/key/key.core/../key.ui/examples/heap/list/ArrayList_get_dep.key 
88534      DEBUG main            d.u.i.k.p.i.AbstractProblemLoader Environment load took 87.11ns 
88535      INFO  main            d.u.i.k.p.i.AbstractProblemLoader Creating init config 
89463      DEBUG main            d.u.i.k.j.r.ClassPreparationMethodBuilder clPrepBuilder: Inner Class detected. Reject building class initialisation methods. 
91462      DEBUG main            d.u.i.k.p.i.AbstractProblemLoader Init config took 2.93s 
91509      INFO  main            d.u.i.k.p.i.AbstractProblemLoader Replaying proof ArrayList[List::get(int)].JML accessible clause.0 
91510      DEBUG main            d.u.i.k.p.i.IntermediateProofReplayer Proof replay took 5.1ns 
92017      INFO  main            d.u.i.k.p.r.p.TestFile    ... finished proof: closed. 
92246      INFO  main            d.u.i.k.p.i.AbstractProblemLoader Loading environment from /home/runner/work/key/key/key.core/../key.ui/examples/heap/list/ArrayList_get_dep.key.proof 
92248      DEBUG main            d.u.i.k.p.i.AbstractProblemLoader Environment load took 1.14ms 
92249      INFO  main            d.u.i.k.p.i.AbstractProblemLoader Creating init config 
93158      DEBUG main            d.u.i.k.j.r.ClassPreparationMethodBuilder clPrepBuilder: Inner Class detected. Reject building class initialisation methods. 
95110      DEBUG main            d.u.i.k.p.i.AbstractProblemLoader Init config took 2.86s 
95157      INFO  main            d.u.i.k.p.i.AbstractProblemLoader Replaying proof ArrayList[List::get(int)].JML accessible clause.0 
95232      DEBUG main            d.u.i.k.p.i.IntermediateProofReplayer Proof replay took 71.87ms 
95233      DEBUG main            d.u.i.k.p.r.p.TestFile    ... success: reloaded. 
95234      INFO  main            d.u.i.k.p.r.p.TestFile    Now processing file /home/runner/work/key/key/key.core/../key.ui/examples/heap/list/ArrayList_get_exceptional.key 
95235      INFO  main            d.u.i.k.p.i.AbstractProblemLoader Loading environment from /home/runner/work/key/key/key.core/../key.ui/examples/heap/list/ArrayList_get_exceptional.key 
95235      DEBUG main            d.u.i.k.p.i.AbstractProblemLoader Environment load took 275.92ns 
95236      INFO  main            d.u.i.k.p.i.AbstractProblemLoader Creating init config 
96158      DEBUG main            d.u.i.k.j.r.ClassPreparationMethodBuilder clPrepBuilder: Inner Class detected. Reject building class initialisation methods. 
98032      DEBUG main            d.u.i.k.p.i.AbstractProblemLoader Init config took 2.8s 
98077      INFO  main            d.u.i.k.p.i.AbstractProblemLoader Replaying proof ArrayList[List::get(int)].JML exceptional_behavior operation contract.0 
98079      DEBUG main            d.u.i.k.p.i.IntermediateProofReplayer Proof replay took 4.7ns 
99291      INFO  main            d.u.i.k.p.r.p.TestFile    ... finished proof: closed. 
99512      INFO  main            d.u.i.k.p.i.AbstractProblemLoader Loading environment from /home/runner/work/key/key/key.core/../key.ui/examples/heap/list/ArrayList_get_exceptional.key.proof 
99513      DEBUG main            d.u.i.k.p.i.AbstractProblemLoader Environment load took 501.43ns 
99514      INFO  main            d.u.i.k.p.i.AbstractProblemLoader Creating init config 
100441     DEBUG main            d.u.i.k.j.r.ClassPreparationMethodBuilder clPrepBuilder: Inner Class detected. Reject building class initialisation methods. 
102320     DEBUG main            d.u.i.k.p.i.AbstractProblemLoader Init config took 2.81s 
102365     INFO  main            d.u.i.k.p.i.AbstractProblemLoader Replaying proof ArrayList[List::get(int)].JML exceptional_behavior operation contract.0 
102587     DEBUG main            d.u.i.k.p.i.IntermediateProofReplayer Proof replay took 216.29ms 
102589     DEBUG main            d.u.i.k.p.r.p.TestFile    ... success: reloaded. 
102591     INFO  main            d.u.i.k.p.r.p.TestFile    Now processing file /home/runner/work/key/key/key.core/../key.ui/examples/heap/list/ArrayList_get_normal.key 
102591     INFO  main            d.u.i.k.p.i.AbstractProblemLoader Loading environment from /home/runner/work/key/key/key.core/../key.ui/examples/heap/list/ArrayList_get_normal.key 
102591     DEBUG main            d.u.i.k.p.i.AbstractProblemLoader Environment load took 271.22ns 
102592     INFO  main            d.u.i.k.p.i.AbstractProblemLoader Creating init config 
103567     DEBUG main            d.u.i.k.j.r.ClassPreparationMethodBuilder clPrepBuilder: Inner Class detected. Reject building class initialisation methods. 
105544     DEBUG main            d.u.i.k.p.i.AbstractProblemLoader Init config took 2.95s 
105596     INFO  main            d.u.i.k.p.i.AbstractProblemLoader Replaying proof ArrayList[List::get(int)].JML normal_behavior operation contract.0 
105597     DEBUG main            d.u.i.k.p.i.IntermediateProofReplayer Proof replay took 4.9ns 
106101     INFO  main            d.u.i.k.p.r.p.TestFile    ... finished proof: closed. 
106321     INFO  main            d.u.i.k.p.i.AbstractProblemLoader Loading environment from /home/runner/work/key/key/key.core/../key.ui/examples/heap/list/ArrayList_get_normal.key.proof 
106321     DEBUG main            d.u.i.k.p.i.AbstractProblemLoader Environment load took 531.34ns 
106322     INFO  main            d.u.i.k.p.i.AbstractProblemLoader Creating init config 
107268     DEBUG main            d.u.i.k.j.r.ClassPreparationMethodBuilder clPrepBuilder: Inner Class detected. Reject building class initialisation methods. 
109270     DEBUG main            d.u.i.k.p.i.AbstractProblemLoader Init config took 2.95s 
109315     INFO  main            d.u.i.k.p.i.AbstractProblemLoader Replaying proof ArrayList[List::get(int)].JML normal_behavior operation contract.0 
109395     DEBUG main            d.u.i.k.p.i.IntermediateProofReplayer Proof replay took 76.15ms 
109395     DEBUG main            d.u.i.k.p.r.p.TestFile    ... success: reloaded. 
109396     INFO  main            d.u.i.k.p.r.p.TestFile    Now processing file /home/runner/work/key/key/key.core/../key.ui/examples/heap/list/ArrayList_inv.key 
109397     INFO  main            d.u.i.k.p.i.AbstractProblemLoader Loading environment from /home/runner/work/key/key/key.core/../key.ui/examples/heap/list/ArrayList_inv.key 
109397     DEBUG main            d.u.i.k.p.i.AbstractProblemLoader Environment load took 64.5ns 
109397     INFO  main            d.u.i.k.p.i.AbstractProblemLoader Creating init config 
110340     DEBUG main            d.u.i.k.j.r.ClassPreparationMethodBuilder clPrepBuilder: Inner Class detected. Reject building class initialisation methods. 
112274     DEBUG main            d.u.i.k.p.i.AbstractProblemLoader Init config took 2.88s 
112318     INFO  main            d.u.i.k.p.i.AbstractProblemLoader Replaying proof ArrayList[java.lang.Object::<inv>()].JML accessible clause.0 
112320     DEBUG main            d.u.i.k.p.i.IntermediateProofReplayer Proof replay took 4.9ns 
112723     INFO  main            d.u.i.k.p.r.p.TestFile    ... finished proof: closed. 
112950     INFO  main            d.u.i.k.p.i.AbstractProblemLoader Loading environment from /home/runner/work/key/key/key.core/../key.ui/examples/heap/list/ArrayList_inv.key.proof 
112950     DEBUG main            d.u.i.k.p.i.AbstractProblemLoader Environment load took 120.91ns 
112951     INFO  main            d.u.i.k.p.i.AbstractProblemLoader Creating init config 
113852     DEBUG main            d.u.i.k.j.r.ClassPreparationMethodBuilder clPrepBuilder: Inner Class detected. Reject building class initialisation methods. 
115748     DEBUG main            d.u.i.k.p.i.AbstractProblemLoader Init config took 2.8s 
115799     INFO  main            d.u.i.k.p.i.AbstractProblemLoader Replaying proof ArrayList[java.lang.Object::<inv>()].JML accessible clause.0 
115847     DEBUG main            d.u.i.k.p.i.IntermediateProofReplayer Proof replay took 44.74ms 
115848     DEBUG main            d.u.i.k.p.r.p.TestFile    ... success: reloaded. 
115849     INFO  main            d.u.i.k.p.r.p.TestFile    Now processing file /home/runner/work/key/key/key.core/../key.ui/examples/heap/list/ArrayList_iterator.key 
115850     INFO  main            d.u.i.k.p.i.AbstractProblemLoader Loading environment from /home/runner/work/key/key/key.core/../key.ui/examples/heap/list/ArrayList_iterator.key 
115850     DEBUG main            d.u.i.k.p.i.AbstractProblemLoader Environment load took 155.21ns 
115851     INFO  main            d.u.i.k.p.i.AbstractProblemLoader Creating init config 
116791     DEBUG main            d.u.i.k.j.r.ClassPreparationMethodBuilder clPrepBuilder: Inner Class detected. Reject building class initialisation methods. 
118752     DEBUG main            d.u.i.k.p.i.AbstractProblemLoader Init config took 2.9s 
118796     INFO  main            d.u.i.k.p.i.AbstractProblemLoader Replaying proof ArrayList[List::iterator()].JML normal_behavior operation contract.0 
118797     DEBUG main            d.u.i.k.p.i.IntermediateProofReplayer Proof replay took 5ns 
119303     INFO  main            d.u.i.k.p.r.p.TestFile    ... finished proof: closed. 
119531     INFO  main            d.u.i.k.p.i.AbstractProblemLoader Loading environment from /home/runner/work/key/key/key.core/../key.ui/examples/heap/list/ArrayList_iterator.key.proof 
119531     DEBUG main            d.u.i.k.p.i.AbstractProblemLoader Environment load took 124.91ns 
119533     INFO  main            d.u.i.k.p.i.AbstractProblemLoader Creating init config 
120455     DEBUG main            d.u.i.k.j.r.ClassPreparationMethodBuilder clPrepBuilder: Inner Class detected. Reject building class initialisation methods. 
122357     DEBUG main            d.u.i.k.p.i.AbstractProblemLoader Init config took 2.82s 
122414     INFO  main            d.u.i.k.p.i.AbstractProblemLoader Replaying proof ArrayList[List::iterator()].JML normal_behavior operation contract.0 
122495     DEBUG main            d.u.i.k.p.i.IntermediateProofReplayer Proof replay took 76.69ms 
122496     DEBUG main            d.u.i.k.p.r.p.TestFile    ... success: reloaded. 
122497     INFO  main            d.u.i.k.p.r.p.TestFile    Now processing file /home/runner/work/key/key/key.core/../key.ui/examples/heap/list/ArrayList_size_dep.key 
122497     INFO  main            d.u.i.k.p.i.AbstractProblemLoader Loading environment from /home/runner/work/key/key/key.core/../key.ui/examples/heap/list/ArrayList_size_dep.key 
122497     DEBUG main            d.u.i.k.p.i.AbstractProblemLoader Environment load took 92.41ns 
122498     INFO  main            d.u.i.k.p.i.AbstractProblemLoader Creating init config 
123403     DEBUG main            d.u.i.k.j.r.ClassPreparationMethodBuilder clPrepBuilder: Inner Class detected. Reject building class initialisation methods. 
125305     DEBUG main            d.u.i.k.p.i.AbstractProblemLoader Init config took 2.81s 
125351     INFO  main            d.u.i.k.p.i.AbstractProblemLoader Replaying proof ArrayList[List::size()].JML accessible clause.0 
125353     DEBUG main            d.u.i.k.p.i.IntermediateProofReplayer Proof replay took 5.2ns 
125556     INFO  main            d.u.i.k.p.r.p.TestFile    ... finished proof: closed. 
125774     INFO  main            d.u.i.k.p.i.AbstractProblemLoader Loading environment from /home/runner/work/key/key/key.core/../key.ui/examples/heap/list/ArrayList_size_dep.key.proof 
125774     DEBUG main            d.u.i.k.p.i.AbstractProblemLoader Environment load took 137.21ns 
125775     INFO  main            d.u.i.k.p.i.AbstractProblemLoader Creating init config 
126689     DEBUG main            d.u.i.k.j.r.ClassPreparationMethodBuilder clPrepBuilder: Inner Class detected. Reject building class initialisation methods. 
128525     DEBUG main            d.u.i.k.p.i.AbstractProblemLoader Init config took 2.75s 
128569     INFO  main            d.u.i.k.p.i.AbstractProblemLoader Replaying proof ArrayList[List::size()].JML accessible clause.0 
128593     DEBUG main            d.u.i.k.p.i.IntermediateProofReplayer Proof replay took 22.74ms 
128594     DEBUG main            d.u.i.k.p.r.p.TestFile    ... success: reloaded. 
128595     INFO  main            d.u.i.k.p.r.p.TestFile    Now processing file /home/runner/work/key/key/key.core/../key.ui/examples/heap/list/ArrayList_size.key 
128595     INFO  main            d.u.i.k.p.i.AbstractProblemLoader Loading environment from /home/runner/work/key/key/key.core/../key.ui/examples/heap/list/ArrayList_size.key 
128595     DEBUG main            d.u.i.k.p.i.AbstractProblemLoader Environment load took 84.5ns 
128596     INFO  main            d.u.i.k.p.i.AbstractProblemLoader Creating init config 
129553     DEBUG main            d.u.i.k.j.r.ClassPreparationMethodBuilder clPrepBuilder: Inner Class detected. Reject building class initialisation methods. 
131527     DEBUG main            d.u.i.k.p.i.AbstractProblemLoader Init config took 2.93s 
131569     INFO  main            d.u.i.k.p.i.AbstractProblemLoader Replaying proof ArrayList[List::size()].JML normal_behavior operation contract.0 
131571     DEBUG main            d.u.i.k.p.i.IntermediateProofReplayer Proof replay took 5.4ns 
131777     INFO  main            d.u.i.k.p.r.p.TestFile    ... finished proof: closed. 
132080     INFO  main            d.u.i.k.p.i.AbstractProblemLoader Loading environment from /home/runner/work/key/key/key.core/../key.ui/examples/heap/list/ArrayList_size.key.proof 
132080     DEBUG main            d.u.i.k.p.i.AbstractProblemLoader Environment load took 133.01ns 
132081     INFO  main            d.u.i.k.p.i.AbstractProblemLoader Creating init config 
132976     DEBUG main            d.u.i.k.j.r.ClassPreparationMethodBuilder clPrepBuilder: Inner Class detected. Reject building class initialisation methods. 
134815     DEBUG main            d.u.i.k.p.i.AbstractProblemLoader Init config took 2.73s 
134876     INFO  main            d.u.i.k.p.i.AbstractProblemLoader Replaying proof ArrayList[List::size()].JML normal_behavior operation contract.0 
134917     DEBUG main            d.u.i.k.p.i.IntermediateProofReplayer Proof replay took 38.25ms 
134918     DEBUG main            d.u.i.k.p.r.p.TestFile    ... success: reloaded. 
134919     INFO  main            d.u.i.k.p.r.p.TestFile    Now processing file /home/runner/work/key/key/key.core/../key.ui/examples/heap/list/ArrayList.ArrayListIterator_ArrayListIterator.key 
134919     INFO  main            d.u.i.k.p.i.AbstractProblemLoader Loading environment from /home/runner/work/key/key/key.core/../key.ui/examples/heap/list/ArrayList.ArrayListIterator_ArrayListIterator.key 
134920     DEBUG main            d.u.i.k.p.i.AbstractProblemLoader Environment load took 85.81ns 
134920     INFO  main            d.u.i.k.p.i.AbstractProblemLoader Creating init config 
135892     DEBUG main            d.u.i.k.j.r.ClassPreparationMethodBuilder clPrepBuilder: Inner Class detected. Reject building class initialisation methods. 
137771     DEBUG main            d.u.i.k.p.i.AbstractProblemLoader Init config took 2.85s 
137822     INFO  main            d.u.i.k.p.i.AbstractProblemLoader Replaying proof ArrayList.ArrayListIterator[ArrayList.ArrayListIterator::ArrayListIterator(ArrayList)].JML normal_behavior operation contract.0 
137824     DEBUG main            d.u.i.k.p.i.IntermediateProofReplayer Proof replay took 5ns 
138429     INFO  main            d.u.i.k.p.r.p.TestFile    ... finished proof: closed. 
138690     INFO  main            d.u.i.k.p.i.AbstractProblemLoader Loading environment from /home/runner/work/key/key/key.core/../key.ui/examples/heap/list/ArrayList.ArrayListIterator_ArrayListIterator.key.proof 
138690     DEBUG main            d.u.i.k.p.i.AbstractProblemLoader Environment load took 152.91ns 
138692     INFO  main            d.u.i.k.p.i.AbstractProblemLoader Creating init config 
139622     DEBUG main            d.u.i.k.j.r.ClassPreparationMethodBuilder clPrepBuilder: Inner Class detected. Reject building class initialisation methods. 
141501     DEBUG main            d.u.i.k.p.i.AbstractProblemLoader Init config took 2.81s 
141551     INFO  main            d.u.i.k.p.i.AbstractProblemLoader Replaying proof ArrayList.ArrayListIterator[ArrayList.ArrayListIterator::ArrayListIterator(ArrayList)].JML normal_behavior operation contract.0 
141659     DEBUG main            d.u.i.k.p.i.IntermediateProofReplayer Proof replay took 104.29ms 
141661     DEBUG main            d.u.i.k.p.r.p.TestFile    ... success: reloaded. 
141662     INFO  main            d.u.i.k.p.r.p.TestFile    Now processing file /home/runner/work/key/key/key.core/../key.ui/examples/heap/list/ArrayList.ArrayListIterator_hasNext_dep.key 
141662     INFO  main            d.u.i.k.p.i.AbstractProblemLoader Loading environment from /home/runner/work/key/key/key.core/../key.ui/examples/heap/list/ArrayList.ArrayListIterator_hasNext_dep.key 
141662     DEBUG main            d.u.i.k.p.i.AbstractProblemLoader Environment load took 105.41ns 
141663     INFO  main            d.u.i.k.p.i.AbstractProblemLoader Creating init config 
142584     DEBUG main            d.u.i.k.j.r.ClassPreparationMethodBuilder clPrepBuilder: Inner Class detected. Reject building class initialisation methods. 
144421     DEBUG main            d.u.i.k.p.i.AbstractProblemLoader Init config took 2.76s 
144476     INFO  main            d.u.i.k.p.i.AbstractProblemLoader Replaying proof ArrayList.ArrayListIterator[ListIterator::hasNext()].JML accessible clause.0 
144477     DEBUG main            d.u.i.k.p.i.IntermediateProofReplayer Proof replay took 4.7ns 
144881     INFO  main            d.u.i.k.p.r.p.TestFile    ... finished proof: closed. 
145104     INFO  main            d.u.i.k.p.i.AbstractProblemLoader Loading environment from /home/runner/work/key/key/key.core/../key.ui/examples/heap/list/ArrayList.ArrayListIterator_hasNext_dep.key.proof 
145104     DEBUG main            d.u.i.k.p.i.AbstractProblemLoader Environment load took 131.81ns 
145105     INFO  main            d.u.i.k.p.i.AbstractProblemLoader Creating init config 
145989     DEBUG main            d.u.i.k.j.r.ClassPreparationMethodBuilder clPrepBuilder: Inner Class detected. Reject building class initialisation methods. 
147911     DEBUG main            d.u.i.k.p.i.AbstractProblemLoader Init config took 2.81s 
147979     INFO  main            d.u.i.k.p.i.AbstractProblemLoader Replaying proof ArrayList.ArrayListIterator[ListIterator::hasNext()].JML accessible clause.0 
148041     DEBUG main            d.u.i.k.p.i.IntermediateProofReplayer Proof replay took 58.64ms 
148042     DEBUG main            d.u.i.k.p.r.p.TestFile    ... success: reloaded. 
148043     INFO  main            d.u.i.k.p.r.p.TestFile    Now processing file /home/runner/work/key/key/key.core/../key.ui/examples/heap/list/ArrayList.ArrayListIterator_hasNext.key 
148044     INFO  main            d.u.i.k.p.i.AbstractProblemLoader Loading environment from /home/runner/work/key/key/key.core/../key.ui/examples/heap/list/ArrayList.ArrayListIterator_hasNext.key 
148044     DEBUG main            d.u.i.k.p.i.AbstractProblemLoader Environment load took 179.41ns 
148045     INFO  main            d.u.i.k.p.i.AbstractProblemLoader Creating init config 
148977     DEBUG main            d.u.i.k.j.r.ClassPreparationMethodBuilder clPrepBuilder: Inner Class detected. Reject building class initialisation methods. 
150855     DEBUG main            d.u.i.k.p.i.AbstractProblemLoader Init config took 2.81s 
150906     INFO  main            d.u.i.k.p.i.AbstractProblemLoader Replaying proof ArrayList.ArrayListIterator[ListIterator::hasNext()].JML normal_behavior operation contract.0 
150908     DEBUG main            d.u.i.k.p.i.IntermediateProofReplayer Proof replay took 5.6ns 
151314     INFO  main            d.u.i.k.p.r.p.TestFile    ... finished proof: closed. 
151572     INFO  main            d.u.i.k.p.i.AbstractProblemLoader Loading environment from /home/runner/work/key/key/key.core/../key.ui/examples/heap/list/ArrayList.ArrayListIterator_hasNext.key.proof 
151572     DEBUG main            d.u.i.k.p.i.AbstractProblemLoader Environment load took 124.21ns 
151573     INFO  main            d.u.i.k.p.i.AbstractProblemLoader Creating init config 
152459     DEBUG main            d.u.i.k.j.r.ClassPreparationMethodBuilder clPrepBuilder: Inner Class detected. Reject building class initialisation methods. 
154414     DEBUG main            d.u.i.k.p.i.AbstractProblemLoader Init config took 2.84s 
154463     INFO  main            d.u.i.k.p.i.AbstractProblemLoader Replaying proof ArrayList.ArrayListIterator[ListIterator::hasNext()].JML normal_behavior operation contract.0 
154519     DEBUG main            d.u.i.k.p.i.IntermediateProofReplayer Proof replay took 52.72ms 
154520     DEBUG main            d.u.i.k.p.r.p.TestFile    ... success: reloaded. 
154521     INFO  main            d.u.i.k.p.r.p.TestFile    Now processing file /home/runner/work/key/key/key.core/../key.ui/examples/heap/list/ArrayList.ArrayListIterator_inv.key 
154521     INFO  main            d.u.i.k.p.i.AbstractProblemLoader Loading environment from /home/runner/work/key/key/key.core/../key.ui/examples/heap/list/ArrayList.ArrayListIterator_inv.key 
154521     DEBUG main            d.u.i.k.p.i.AbstractProblemLoader Environment load took 107.81ns 
154522     INFO  main            d.u.i.k.p.i.AbstractProblemLoader Creating init config 
155452     DEBUG main            d.u.i.k.j.r.ClassPreparationMethodBuilder clPrepBuilder: Inner Class detected. Reject building class initialisation methods. 
157285     DEBUG main            d.u.i.k.p.i.AbstractProblemLoader Init config took 2.76s 
157362     INFO  main            d.u.i.k.p.i.AbstractProblemLoader Replaying proof ArrayList.ArrayListIterator[java.lang.Object::<inv>()].JML accessible clause.0 
157366     DEBUG main            d.u.i.k.p.i.IntermediateProofReplayer Proof replay took 5.7ns 
158270     INFO  main            d.u.i.k.p.r.p.TestFile    ... finished proof: closed. 
158562     INFO  main            d.u.i.k.p.i.AbstractProblemLoader Loading environment from /home/runner/work/key/key/key.core/../key.ui/examples/heap/list/ArrayList.ArrayListIterator_inv.key.proof 
158563     DEBUG main            d.u.i.k.p.i.AbstractProblemLoader Environment load took 674.35ns 
158565     INFO  main            d.u.i.k.p.i.AbstractProblemLoader Creating init config 
159479     DEBUG main            d.u.i.k.j.r.ClassPreparationMethodBuilder clPrepBuilder: Inner Class detected. Reject building class initialisation methods. 
161401     DEBUG main            d.u.i.k.p.i.AbstractProblemLoader Init config took 2.84s 
161460     INFO  main            d.u.i.k.p.i.AbstractProblemLoader Replaying proof ArrayList.ArrayListIterator[java.lang.Object::<inv>()].JML accessible clause.0 
161560     DEBUG main            d.u.i.k.p.i.IntermediateProofReplayer Proof replay took 95.18ms 
161562     DEBUG main            d.u.i.k.p.r.p.TestFile    ... success: reloaded. 
161565     INFO  main            d.u.i.k.p.r.p.TestFile    Now processing file /home/runner/work/key/key/key.core/../key.ui/examples/heap/list/ArrayList.ArrayListIterator_list.key 
161565     INFO  main            d.u.i.k.p.i.AbstractProblemLoader Loading environment from /home/runner/work/key/key/key.core/../key.ui/examples/heap/list/ArrayList.ArrayListIterator_list.key 
161565     DEBUG main            d.u.i.k.p.i.AbstractProblemLoader Environment load took 247.22ns 
161566     INFO  main            d.u.i.k.p.i.AbstractProblemLoader Creating init config 
162484     DEBUG main            d.u.i.k.j.r.ClassPreparationMethodBuilder clPrepBuilder: Inner Class detected. Reject building class initialisation methods. 
164380     DEBUG main            d.u.i.k.p.i.AbstractProblemLoader Init config took 2.81s 
164418     INFO  main            d.u.i.k.p.i.AbstractProblemLoader Replaying proof ListIterator[ListIterator::$list()].JML accessible clause.0 
164419     DEBUG main            d.u.i.k.p.i.IntermediateProofReplayer Proof replay took 5.2ns 
164521     INFO  main            d.u.i.k.p.r.p.TestFile    ... finished proof: closed. 
164779     INFO  main            d.u.i.k.p.i.AbstractProblemLoader Loading environment from /home/runner/work/key/key/key.core/../key.ui/examples/heap/list/ArrayList.ArrayListIterator_list.key.proof 
164779     DEBUG main            d.u.i.k.p.i.AbstractProblemLoader Environment load took 129.31ns 
164780     INFO  main            d.u.i.k.p.i.AbstractProblemLoader Creating init config 
165687     DEBUG main            d.u.i.k.j.r.ClassPreparationMethodBuilder clPrepBuilder: Inner Class detected. Reject building class initialisation methods. 
167536     DEBUG main            d.u.i.k.p.i.AbstractProblemLoader Init config took 2.76s 
167574     INFO  main            d.u.i.k.p.i.AbstractProblemLoader Replaying proof ListIterator[ListIterator::$list()].JML accessible clause.0 
167576     DEBUG main            d.u.i.k.p.i.IntermediateProofReplayer Proof replay took 976.66ns 
167577     DEBUG main            d.u.i.k.p.r.p.TestFile    ... success: reloaded. 
167578     INFO  main            d.u.i.k.p.r.p.TestFile    Now processing file /home/runner/work/key/key/key.core/../key.ui/examples/heap/list/ArrayList.ArrayListIterator_next_exceptional.key 
167578     INFO  main            d.u.i.k.p.i.AbstractProblemLoader Loading environment from /home/runner/work/key/key/key.core/../key.ui/examples/heap/list/ArrayList.ArrayListIterator_next_exceptional.key 
167578     DEBUG main            d.u.i.k.p.i.AbstractProblemLoader Environment load took 104.91ns 
167579     INFO  main            d.u.i.k.p.i.AbstractProblemLoader Creating init config 
168571     DEBUG main            d.u.i.k.j.r.ClassPreparationMethodBuilder clPrepBuilder: Inner Class detected. Reject building class initialisation methods. 
170489     DEBUG main            d.u.i.k.p.i.AbstractProblemLoader Init config took 2.91s 
170538     INFO  main            d.u.i.k.p.i.AbstractProblemLoader Replaying proof ArrayList.ArrayListIterator[ListIterator::next()].JML exceptional_behavior operation contract.0 
170539     DEBUG main            d.u.i.k.p.i.IntermediateProofReplayer Proof replay took 5.1ns 
171348     INFO  main            d.u.i.k.p.r.p.TestFile    ... finished proof: closed. 
171656     INFO  main            d.u.i.k.p.i.AbstractProblemLoader Loading environment from /home/runner/work/key/key/key.core/../key.ui/examples/heap/list/ArrayList.ArrayListIterator_next_exceptional.key.proof 
171656     DEBUG main            d.u.i.k.p.i.AbstractProblemLoader Environment load took 129.91ns 
171657     INFO  main            d.u.i.k.p.i.AbstractProblemLoader Creating init config 
172541     DEBUG main            d.u.i.k.j.r.ClassPreparationMethodBuilder clPrepBuilder: Inner Class detected. Reject building class initialisation methods. 
174377     DEBUG main            d.u.i.k.p.i.AbstractProblemLoader Init config took 2.72s 
174441     INFO  main            d.u.i.k.p.i.AbstractProblemLoader Replaying proof ArrayList.ArrayListIterator[ListIterator::next()].JML exceptional_behavior operation contract.0 
174587     DEBUG main            d.u.i.k.p.i.IntermediateProofReplayer Proof replay took 141.54ms 
174588     DEBUG main            d.u.i.k.p.r.p.TestFile    ... success: reloaded. 
174589     INFO  main            d.u.i.k.p.r.p.TestFile    Now processing file /home/runner/work/key/key/key.core/../key.ui/examples/heap/list/ArrayList.ArrayListIterator_next_normal.key 
174589     INFO  main            d.u.i.k.p.i.AbstractProblemLoader Loading environment from /home/runner/work/key/key/key.core/../key.ui/examples/heap/list/ArrayList.ArrayListIterator_next_normal.key 
174589     DEBUG main            d.u.i.k.p.i.AbstractProblemLoader Environment load took 99.31ns 
174590     INFO  main            d.u.i.k.p.i.AbstractProblemLoader Creating init config 
175578     DEBUG main            d.u.i.k.j.r.ClassPreparationMethodBuilder clPrepBuilder: Inner Class detected. Reject building class initialisation methods. 
177465     DEBUG main            d.u.i.k.p.i.AbstractProblemLoader Init config took 2.87s 
177514     INFO  main            d.u.i.k.p.i.AbstractProblemLoader Replaying proof ArrayList.ArrayListIterator[ListIterator::next()].JML normal_behavior operation contract.0 
177516     DEBUG main            d.u.i.k.p.i.IntermediateProofReplayer Proof replay took 5.4ns 
178429     INFO  main            d.u.i.k.p.r.p.TestFile    ... finished proof: closed. 
178730     INFO  main            d.u.i.k.p.i.AbstractProblemLoader Loading environment from /home/runner/work/key/key/key.core/../key.ui/examples/heap/list/ArrayList.ArrayListIterator_next_normal.key.proof 
178730     DEBUG main            d.u.i.k.p.i.AbstractProblemLoader Environment load took 122.81ns 
178733     INFO  main            d.u.i.k.p.i.AbstractProblemLoader Creating init config 
179639     DEBUG main            d.u.i.k.j.r.ClassPreparationMethodBuilder clPrepBuilder: Inner Class detected. Reject building class initialisation methods. 
181515     DEBUG main            d.u.i.k.p.i.AbstractProblemLoader Init config took 2.78s 
181569     INFO  main            d.u.i.k.p.i.AbstractProblemLoader Replaying proof ArrayList.ArrayListIterator[ListIterator::next()].JML normal_behavior operation contract.0 
181775     DEBUG main            d.u.i.k.p.i.IntermediateProofReplayer Proof replay took 201.79ms 
181776     DEBUG main            d.u.i.k.p.r.p.TestFile    ... success: reloaded. 
181779     INFO  main            d.u.i.k.p.r.p.TestFile    Now processing file /home/runner/work/key/key/key.core/../key.ui/examples/heap/list/ArrayList.ArrayListIterator_pos.key 
181780     INFO  main            d.u.i.k.p.i.AbstractProblemLoader Loading environment from /home/runner/work/key/key/key.core/../key.ui/examples/heap/list/ArrayList.ArrayListIterator_pos.key 
181780     DEBUG main            d.u.i.k.p.i.AbstractProblemLoader Environment load took 236.12ns 
181781     INFO  main            d.u.i.k.p.i.AbstractProblemLoader Creating init config 
182700     DEBUG main            d.u.i.k.j.r.ClassPreparationMethodBuilder clPrepBuilder: Inner Class detected. Reject building class initialisation methods. 
184657     DEBUG main            d.u.i.k.p.i.AbstractProblemLoader Init config took 2.88s 
184697     INFO  main            d.u.i.k.p.i.AbstractProblemLoader Replaying proof ListIterator[ListIterator::$pos()].JML accessible clause.0 
184699     DEBUG main            d.u.i.k.p.i.IntermediateProofReplayer Proof replay took 5.6ns 
184805     INFO  main            d.u.i.k.p.r.p.TestFile    ... finished proof: closed. 
185114     INFO  main            d.u.i.k.p.i.AbstractProblemLoader Loading environment from /home/runner/work/key/key/key.core/../key.ui/examples/heap/list/ArrayList.ArrayListIterator_pos.key.proof 
185115     DEBUG main            d.u.i.k.p.i.AbstractProblemLoader Environment load took 117.21ns 
185116     INFO  main            d.u.i.k.p.i.AbstractProblemLoader Creating init config 
186063     DEBUG main            d.u.i.k.j.r.ClassPreparationMethodBuilder clPrepBuilder: Inner Class detected. Reject building class initialisation methods. 
188039     DEBUG main            d.u.i.k.p.i.AbstractProblemLoader Init config took 2.92s 
188087     INFO  main            d.u.i.k.p.i.AbstractProblemLoader Replaying proof ListIterator[ListIterator::$pos()].JML accessible clause.0 
188089     DEBUG main            d.u.i.k.p.i.IntermediateProofReplayer Proof replay took 917.86ns 
188090     DEBUG main            d.u.i.k.p.r.p.TestFile    ... success: reloaded. 
188091     INFO  main            d.u.i.k.p.r.p.TestFile    Now processing file /home/runner/work/key/key/key.core/../key.ui/examples/heap/list/Client_m.key 
188091     INFO  main            d.u.i.k.p.i.AbstractProblemLoader Loading environment from /home/runner/work/key/key/key.core/../key.ui/examples/heap/list/Client_m.key 
188091     DEBUG main            d.u.i.k.p.i.AbstractProblemLoader Environment load took 127.91ns 
188092     INFO  main            d.u.i.k.p.i.AbstractProblemLoader Creating init config 
189099     DEBUG main            d.u.i.k.j.r.ClassPreparationMethodBuilder clPrepBuilder: Inner Class detected. Reject building class initialisation methods. 
191168     DEBUG main            d.u.i.k.p.i.AbstractProblemLoader Init config took 3.08s 
191222     INFO  main            d.u.i.k.p.i.AbstractProblemLoader Replaying proof Client[Client::m(List)].JML normal_behavior operation contract.0 
191228     DEBUG main            d.u.i.k.p.i.IntermediateProofReplayer Proof replay took 7.5ns 
191532     INFO  main            d.u.i.k.p.r.p.TestFile    ... finished proof: closed. 
191848     INFO  main            d.u.i.k.p.i.AbstractProblemLoader Loading environment from /home/runner/work/key/key/key.core/../key.ui/examples/heap/list/Client_m.key.proof 
191848     DEBUG main            d.u.i.k.p.i.AbstractProblemLoader Environment load took 126.81ns 
191849     INFO  main            d.u.i.k.p.i.AbstractProblemLoader Creating init config 
192833     DEBUG main            d.u.i.k.j.r.ClassPreparationMethodBuilder clPrepBuilder: Inner Class detected. Reject building class initialisation methods. 
194896     DEBUG main            d.u.i.k.p.i.AbstractProblemLoader Init config took 3.05s 
194939     INFO  main            d.u.i.k.p.i.AbstractProblemLoader Replaying proof Client[Client::m(List)].JML normal_behavior operation contract.0 
195006     DEBUG main            d.u.i.k.p.i.IntermediateProofReplayer Proof replay took 64.46ms 
195007     DEBUG main            d.u.i.k.p.r.p.TestFile    ... success: reloaded. 
195008     INFO  main            d.u.i.k.p.r.p.TestFile    Now processing file /home/runner/work/key/key/key.core/../key.ui/examples/heap/list/Client_n.key 
195009     INFO  main            d.u.i.k.p.i.AbstractProblemLoader Loading environment from /home/runner/work/key/key/key.core/../key.ui/examples/heap/list/Client_n.key 
195009     DEBUG main            d.u.i.k.p.i.AbstractProblemLoader Environment load took 94.11ns 
195010     INFO  main            d.u.i.k.p.i.AbstractProblemLoader Creating init config 
195977     DEBUG main            d.u.i.k.j.r.ClassPreparationMethodBuilder clPrepBuilder: Inner Class detected. Reject building class initialisation methods. 
197923     DEBUG main            d.u.i.k.p.i.AbstractProblemLoader Init config took 2.91s 
197964     INFO  main            d.u.i.k.p.i.AbstractProblemLoader Replaying proof Client[Client::n(List)].JML normal_behavior operation contract.0 
197965     DEBUG main            d.u.i.k.p.i.IntermediateProofReplayer Proof replay took 5.7ns 
198067     INFO  main            d.u.i.k.p.r.p.TestFile    ... finished proof: closed. 
198372     INFO  main            d.u.i.k.p.i.AbstractProblemLoader Loading environment from /home/runner/work/key/key/key.core/../key.ui/examples/heap/list/Client_n.key.proof 
198372     DEBUG main            d.u.i.k.p.i.AbstractProblemLoader Environment load took 103.31ns 
198373     INFO  main            d.u.i.k.p.i.AbstractProblemLoader Creating init config 
199353     DEBUG main            d.u.i.k.j.r.ClassPreparationMethodBuilder clPrepBuilder: Inner Class detected. Reject building class initialisation methods. 
201300     DEBUG main            d.u.i.k.p.i.AbstractProblemLoader Init config took 2.93s 
201342     INFO  main            d.u.i.k.p.i.AbstractProblemLoader Replaying proof Client[Client::n(List)].JML normal_behavior operation contract.0 
201362     DEBUG main            d.u.i.k.p.i.IntermediateProofReplayer Proof replay took 18.35ms 
201363     DEBUG main            d.u.i.k.p.r.p.TestFile    ... success: reloaded. 
201364     INFO  main            d.u.i.k.p.r.p.TestFile    Now processing file /home/runner/work/key/key/key.core/../key.ui/examples/heap/list/LinkedList_get_exceptional.key 
201365     INFO  main            d.u.i.k.p.i.AbstractProblemLoader Loading environment from /home/runner/work/key/key/key.core/../key.ui/examples/heap/list/LinkedList_get_exceptional.key 
201365     DEBUG main            d.u.i.k.p.i.AbstractProblemLoader Environment load took 105.61ns 
201366     INFO  main            d.u.i.k.p.i.AbstractProblemLoader Creating init config 
202342     DEBUG main            d.u.i.k.j.r.ClassPreparationMethodBuilder clPrepBuilder: Inner Class detected. Reject building class initialisation methods. 
204303     DEBUG main            d.u.i.k.p.i.AbstractProblemLoader Init config took 2.94s 
204353     INFO  main            d.u.i.k.p.i.AbstractProblemLoader Replaying proof LinkedList[List::get(int)].JML exceptional_behavior operation contract.0 
204354     DEBUG main            d.u.i.k.p.i.IntermediateProofReplayer Proof replay took 6.7ns 
206572     INFO  main            d.u.i.k.p.r.p.TestFile    ... finished proof: closed. 
206893     INFO  main            d.u.i.k.p.i.AbstractProblemLoader Loading environment from /home/runner/work/key/key/key.core/../key.ui/examples/heap/list/LinkedList_get_exceptional.key.proof 
206894     DEBUG main            d.u.i.k.p.i.AbstractProblemLoader Environment load took 521.83ns 
206895     INFO  main            d.u.i.k.p.i.AbstractProblemLoader Creating init config 
207853     DEBUG main            d.u.i.k.j.r.ClassPreparationMethodBuilder clPrepBuilder: Inner Class detected. Reject building class initialisation methods. 
209798     DEBUG main            d.u.i.k.p.i.AbstractProblemLoader Init config took 2.9s 
209857     INFO  main            d.u.i.k.p.i.AbstractProblemLoader Replaying proof LinkedList[List::get(int)].JML exceptional_behavior operation contract.0 
210165     DEBUG main            d.u.i.k.p.i.IntermediateProofReplayer Proof replay took 300.74ms 
210167     DEBUG main            d.u.i.k.p.r.p.TestFile    ... success: reloaded. 
210168     INFO  main            d.u.i.k.p.r.p.TestFile    Now processing file /home/runner/work/key/key/key.core/../key.ui/examples/heap/list/LinkedList_get_normal.key 
210168     INFO  main            d.u.i.k.p.i.AbstractProblemLoader Loading environment from /home/runner/work/key/key/key.core/../key.ui/examples/heap/list/LinkedList_get_normal.key 
210168     DEBUG main            d.u.i.k.p.i.AbstractProblemLoader Environment load took 78.81ns 
210169     INFO  main            d.u.i.k.p.i.AbstractProblemLoader Creating init config 
211143     DEBUG main            d.u.i.k.j.r.ClassPreparationMethodBuilder clPrepBuilder: Inner Class detected. Reject building class initialisation methods. 
213275     DEBUG main            d.u.i.k.p.i.AbstractProblemLoader Init config took 3.11s 
213324     INFO  main            d.u.i.k.p.i.AbstractProblemLoader Replaying proof LinkedList[List::get(int)].JML normal_behavior operation contract.0 
213326     DEBUG main            d.u.i.k.p.i.IntermediateProofReplayer Proof replay took 6.3ns 
219446     INFO  main            d.u.i.k.p.r.p.TestFile    ... finished proof: closed. 
219831     INFO  main            d.u.i.k.p.i.AbstractProblemLoader Loading environment from /home/runner/work/key/key/key.core/../key.ui/examples/heap/list/LinkedList_get_normal.key.proof 
219832     DEBUG main            d.u.i.k.p.i.AbstractProblemLoader Environment load took 488.83ns 
219834     INFO  main            d.u.i.k.p.i.AbstractProblemLoader Creating init config 
220815     DEBUG main            d.u.i.k.j.r.ClassPreparationMethodBuilder clPrepBuilder: Inner Class detected. Reject building class initialisation methods. 
222887     DEBUG main            d.u.i.k.p.i.AbstractProblemLoader Init config took 3.05s 
222936     INFO  main            d.u.i.k.p.i.AbstractProblemLoader Replaying proof LinkedList[List::get(int)].JML normal_behavior operation contract.0 
223428     DEBUG main            d.u.i.k.p.i.IntermediateProofReplayer Proof replay took 470.44ms 
223431     DEBUG main            d.u.i.k.p.r.p.TestFile    ... success: reloaded. 
223432     INFO  main            d.u.i.k.p.r.p.TestFile    Now processing file /home/runner/work/key/key/key.core/../key.ui/examples/heap/list/LinkedList_LinkedList.key 
223432     INFO  main            d.u.i.k.p.i.AbstractProblemLoader Loading environment from /home/runner/work/key/key/key.core/../key.ui/examples/heap/list/LinkedList_LinkedList.key 
223432     DEBUG main            d.u.i.k.p.i.AbstractProblemLoader Environment load took 52.9ns 
223433     INFO  main            d.u.i.k.p.i.AbstractProblemLoader Creating init config 
224473     DEBUG main            d.u.i.k.j.r.ClassPreparationMethodBuilder clPrepBuilder: Inner Class detected. Reject building class initialisation methods. 
226532     DEBUG main            d.u.i.k.p.i.AbstractProblemLoader Init config took 3.1s 
226577     INFO  main            d.u.i.k.p.i.AbstractProblemLoader Replaying proof LinkedList[LinkedList::LinkedList()].JML normal_behavior operation contract.0 
226578     DEBUG main            d.u.i.k.p.i.IntermediateProofReplayer Proof replay took 5.4ns 
227183     INFO  main            d.u.i.k.p.r.p.TestFile    ... finished proof: closed. 
227515     INFO  main            d.u.i.k.p.i.AbstractProblemLoader Loading environment from /home/runner/work/key/key/key.core/../key.ui/examples/heap/list/LinkedList_LinkedList.key.proof 
227515     DEBUG main            d.u.i.k.p.i.AbstractProblemLoader Environment load took 501.53ns 
227516     INFO  main            d.u.i.k.p.i.AbstractProblemLoader Creating init config 
228483     DEBUG main            d.u.i.k.j.r.ClassPreparationMethodBuilder clPrepBuilder: Inner Class detected. Reject building class initialisation methods. 
230480     DEBUG main            d.u.i.k.p.i.AbstractProblemLoader Init config took 2.96s 
230524     INFO  main            d.u.i.k.p.i.AbstractProblemLoader Replaying proof LinkedList[LinkedList::LinkedList()].JML normal_behavior operation contract.0 
230621     DEBUG main            d.u.i.k.p.i.IntermediateProofReplayer Proof replay took 93.18ms 
230622     DEBUG main            d.u.i.k.p.r.p.TestFile    ... success: reloaded. 
230622     INFO  main            d.u.i.k.p.r.p.TestFile    Now processing file /home/runner/work/key/key/key.core/../key.ui/examples/heap/list/LinkedList_size_dep.key 
230623     INFO  main            d.u.i.k.p.i.AbstractProblemLoader Loading environment from /home/runner/work/key/key/key.core/../key.ui/examples/heap/list/LinkedList_size_dep.key 
230623     DEBUG main            d.u.i.k.p.i.AbstractProblemLoader Environment load took 65ns 
230624     INFO  main            d.u.i.k.p.i.AbstractProblemLoader Creating init config 
231585     DEBUG main            d.u.i.k.j.r.ClassPreparationMethodBuilder clPrepBuilder: Inner Class detected. Reject building class initialisation methods. 
233648     DEBUG main            d.u.i.k.p.i.AbstractProblemLoader Init config took 3.02s 
233695     INFO  main            d.u.i.k.p.i.AbstractProblemLoader Replaying proof LinkedList[List::size()].JML accessible clause.0 
233697     DEBUG main            d.u.i.k.p.i.IntermediateProofReplayer Proof replay took 5.4ns 
234302     INFO  main            d.u.i.k.p.r.p.TestFile    ... finished proof: closed. 
234626     INFO  main            d.u.i.k.p.i.AbstractProblemLoader Loading environment from /home/runner/work/key/key/key.core/../key.ui/examples/heap/list/LinkedList_size_dep.key.proof 
234626     DEBUG main            d.u.i.k.p.i.AbstractProblemLoader Environment load took 107.41ns 
234628     INFO  main            d.u.i.k.p.i.AbstractProblemLoader Creating init config 
235592     DEBUG main            d.u.i.k.j.r.ClassPreparationMethodBuilder clPrepBuilder: Inner Class detected. Reject building class initialisation methods. 
237526     DEBUG main            d.u.i.k.p.i.AbstractProblemLoader Init config took 2.9s 
237571     INFO  main            d.u.i.k.p.i.AbstractProblemLoader Replaying proof LinkedList[List::size()].JML accessible clause.0 
237622     DEBUG main            d.u.i.k.p.i.IntermediateProofReplayer Proof replay took 47.51ms 
237622     DEBUG main            d.u.i.k.p.r.p.TestFile    ... success: reloaded. 
237623     INFO  main            d.u.i.k.p.r.p.TestFile    Now processing file /home/runner/work/key/key/key.core/../key.ui/examples/heap/list/LinkedList_size.key 
237624     INFO  main            d.u.i.k.p.i.AbstractProblemLoader Loading environment from /home/runner/work/key/key/key.core/../key.ui/examples/heap/list/LinkedList_size.key 
237624     DEBUG main            d.u.i.k.p.i.AbstractProblemLoader Environment load took 238.91ns 
237625     INFO  main            d.u.i.k.p.i.AbstractProblemLoader Creating init config 
238613     DEBUG main            d.u.i.k.j.r.ClassPreparationMethodBuilder clPrepBuilder: Inner Class detected. Reject building class initialisation methods. 
240729     DEBUG main            d.u.i.k.p.i.AbstractProblemLoader Init config took 3.1s 
240778     INFO  main            d.u.i.k.p.i.AbstractProblemLoader Replaying proof LinkedList[List::size()].JML normal_behavior operation contract.0 
240780     DEBUG main            d.u.i.k.p.i.IntermediateProofReplayer Proof replay took 6ns 
241290     INFO  main            d.u.i.k.p.r.p.TestFile    ... finished proof: closed. 
241624     INFO  main            d.u.i.k.p.i.AbstractProblemLoader Loading environment from /home/runner/work/key/key/key.core/../key.ui/examples/heap/list/LinkedList_size.key.proof 
241624     DEBUG main            d.u.i.k.p.i.AbstractProblemLoader Environment load took 143.51ns 
241625     INFO  main            d.u.i.k.p.i.AbstractProblemLoader Creating init config 
242643     DEBUG main            d.u.i.k.j.r.ClassPreparationMethodBuilder clPrepBuilder: Inner Class detected. Reject building class initialisation methods. 
244676     DEBUG main            d.u.i.k.p.i.AbstractProblemLoader Init config took 3.05s 
244722     INFO  main            d.u.i.k.p.i.AbstractProblemLoader Replaying proof LinkedList[List::size()].JML normal_behavior operation contract.0 
244767     DEBUG main            d.u.i.k.p.i.IntermediateProofReplayer Proof replay took 42.71ms 
244768     DEBUG main            d.u.i.k.p.r.p.TestFile    ... success: reloaded. 
244769     INFO  main            d.u.i.k.p.r.p.TestFile    Now processing file /home/runner/work/key/key/key.core/../key.ui/examples/heap/list/MySet_footprint.key 
244769     INFO  main            d.u.i.k.p.i.AbstractProblemLoader Loading environment from /home/runner/work/key/key/key.core/../key.ui/examples/heap/list/MySet_footprint.key 
244769     DEBUG main            d.u.i.k.p.i.AbstractProblemLoader Environment load took 130.61ns 
244770     INFO  main            d.u.i.k.p.i.AbstractProblemLoader Creating init config 
245800     DEBUG main            d.u.i.k.j.r.ClassPreparationMethodBuilder clPrepBuilder: Inner Class detected. Reject building class initialisation methods. 
247840     DEBUG main            d.u.i.k.p.i.AbstractProblemLoader Init config took 3.07s 
247908     INFO  main            d.u.i.k.p.i.AbstractProblemLoader Replaying proof MySet[MySet::$footprint()].JML accessible clause.0 
247909     DEBUG main            d.u.i.k.p.i.IntermediateProofReplayer Proof replay took 6.6ns 
248212     INFO  main            d.u.i.k.p.r.p.TestFile    ... finished proof: closed. 
248545     INFO  main            d.u.i.k.p.i.AbstractProblemLoader Loading environment from /home/runner/work/key/key/key.core/../key.ui/examples/heap/list/MySet_footprint.key.proof 
248545     DEBUG main            d.u.i.k.p.i.AbstractProblemLoader Environment load took 111.31ns 
248546     INFO  main            d.u.i.k.p.i.AbstractProblemLoader Creating init config 
249490     DEBUG main            d.u.i.k.j.r.ClassPreparationMethodBuilder clPrepBuilder: Inner Class detected. Reject building class initialisation methods. 
251436     DEBUG main            d.u.i.k.p.i.AbstractProblemLoader Init config took 2.89s 
251496     INFO  main            d.u.i.k.p.i.AbstractProblemLoader Replaying proof MySet[MySet::$footprint()].JML accessible clause.0 
251528     DEBUG main            d.u.i.k.p.i.IntermediateProofReplayer Proof replay took 28.68ms 
251529     DEBUG main            d.u.i.k.p.r.p.TestFile    ... success: reloaded. 
251530     INFO  main            d.u.i.k.p.r.p.TestFile    Now processing file /home/runner/work/key/key/key.core/../key.ui/examples/heap/list/MySet_MySet.key 
251530     INFO  main            d.u.i.k.p.i.AbstractProblemLoader Loading environment from /home/runner/work/key/key/key.core/../key.ui/examples/heap/list/MySet_MySet.key 
251531     DEBUG main            d.u.i.k.p.i.AbstractProblemLoader Environment load took 240.82ns 
251532     INFO  main            d.u.i.k.p.i.AbstractProblemLoader Creating init config 
252489     DEBUG main            d.u.i.k.j.r.ClassPreparationMethodBuilder clPrepBuilder: Inner Class detected. Reject building class initialisation methods. 
254504     DEBUG main            d.u.i.k.p.i.AbstractProblemLoader Init config took 2.97s 
254553     INFO  main            d.u.i.k.p.i.AbstractProblemLoader Replaying proof MySet[MySet::MySet()].JML normal_behavior operation contract.0 
254555     DEBUG main            d.u.i.k.p.i.IntermediateProofReplayer Proof replay took 6.7ns 
257184     INFO  main            d.u.i.k.p.r.p.TestFile    ... finished proof: closed. 
257557     INFO  main            d.u.i.k.p.i.AbstractProblemLoader Loading environment from /home/runner/work/key/key/key.core/../key.ui/examples/heap/list/MySet_MySet.key.proof 
257557     DEBUG main            d.u.i.k.p.i.AbstractProblemLoader Environment load took 105.61ns 
257559     INFO  main            d.u.i.k.p.i.AbstractProblemLoader Creating init config 
258502     DEBUG main            d.u.i.k.j.r.ClassPreparationMethodBuilder clPrepBuilder: Inner Class detected. Reject building class initialisation methods. 
260441     DEBUG main            d.u.i.k.p.i.AbstractProblemLoader Init config took 2.88s 
260486     INFO  main            d.u.i.k.p.i.AbstractProblemLoader Replaying proof MySet[MySet::MySet()].JML normal_behavior operation contract.0 
260842     DEBUG main            d.u.i.k.p.i.IntermediateProofReplayer Proof replay took 344.3ms 
260844     DEBUG main            d.u.i.k.p.r.p.TestFile    ... success: reloaded. 
1116885    INFO  Test worker     d.u.i.k.p.r.RunAllProofsTestUnit Returning from test list 
1116887    INFO  Test worker     d.u.i.k.p.r.RunAllProofsTestUnit Running test list_ghost 
381        INFO  Timeout watchdog d.u.i.k.p.r.p.ForkedTestFileRunner Timeout watcher launched (2000 secs.) 
403        WARN  main            d.u.i.k.s.ProofSettings   The settings in /home/runner/.key/proof-settings.props are *not* read. 
442        INFO  main            d.u.i.k.p.r.p.TestFile    Now processing file /home/runner/work/key/key/key.core/../key.ui/examples/heap/list_ghost/ArrayList_add.key 
562        INFO  main            d.u.i.k.p.i.AbstractProblemLoader Loading environment from /home/runner/work/key/key/key.core/../key.ui/examples/heap/list_ghost/ArrayList_add.key 
582        DEBUG main            d.u.i.k.p.i.AbstractProblemLoader Environment load took 1.67ms 
798        INFO  main            d.u.i.k.p.i.AbstractProblemLoader Creating init config 
1807       DEBUG main            d.u.i.k.j.TypeConverter   No LDT found for Meta 
1807       DEBUG main            d.u.i.k.j.TypeConverter   No LDT found for Meta 
1808       DEBUG main            d.u.i.k.j.TypeConverter   No LDT found for Meta 
1809       DEBUG main            d.u.i.k.j.TypeConverter   No LDT found for Meta 
3311       DEBUG main            d.u.i.k.j.TypeConverter   No LDT found for JavaBigintExpression 
8214       DEBUG main            d.u.i.k.p.i.AbstractProblemLoader Init config took 7.42s 
8351       INFO  main            d.u.i.k.p.i.AbstractProblemLoader Replaying proof ArrayList[List::add(java.lang.Object)].JML normal_behavior operation contract.0 
8382       DEBUG main            d.u.i.k.p.i.IntermediateProofReplayer Proof replay took 26.5ns 
13287      INFO  main            d.u.i.k.p.r.p.TestFile    ... finished proof: closed. 
13495      INFO  main            d.u.i.k.p.i.AbstractProblemLoader Loading environment from /home/runner/work/key/key/key.core/../key.ui/examples/heap/list_ghost/ArrayList_add.key.proof 
13499      DEBUG main            d.u.i.k.p.i.AbstractProblemLoader Environment load took 3.95ms 
13502      INFO  main            d.u.i.k.p.i.AbstractProblemLoader Creating init config 
16364      DEBUG main            d.u.i.k.p.i.AbstractProblemLoader Init config took 2.86s 
16437      INFO  main            d.u.i.k.p.i.AbstractProblemLoader Replaying proof ArrayList[List::add(java.lang.Object)].JML normal_behavior operation contract.0 
17271      DEBUG main            d.u.i.k.p.i.IntermediateProofReplayer Proof replay took 812.13ms 
17282      DEBUG main            d.u.i.k.p.r.p.TestFile    ... success: reloaded. 
17284      INFO  main            d.u.i.k.p.r.p.TestFile    Now processing file /home/runner/work/key/key/key.core/../key.ui/examples/heap/list_ghost/ArrayList_ArrayList.key 
17285      INFO  main            d.u.i.k.p.i.AbstractProblemLoader Loading environment from /home/runner/work/key/key/key.core/../key.ui/examples/heap/list_ghost/ArrayList_ArrayList.key 
17285      DEBUG main            d.u.i.k.p.i.AbstractProblemLoader Environment load took 272.42ns 
17287      INFO  main            d.u.i.k.p.i.AbstractProblemLoader Creating init config 
20066      DEBUG main            d.u.i.k.p.i.AbstractProblemLoader Init config took 2.78s 
20127      INFO  main            d.u.i.k.p.i.AbstractProblemLoader Replaying proof ArrayList[ArrayList::ArrayList()].JML normal_behavior operation contract.0 
20130      DEBUG main            d.u.i.k.p.i.IntermediateProofReplayer Proof replay took 7.2ns 
21236      INFO  main            d.u.i.k.p.r.p.TestFile    ... finished proof: closed. 
21430      INFO  main            d.u.i.k.p.i.AbstractProblemLoader Loading environment from /home/runner/work/key/key/key.core/../key.ui/examples/heap/list_ghost/ArrayList_ArrayList.key.proof 
21431      DEBUG main            d.u.i.k.p.i.AbstractProblemLoader Environment load took 555.44ns 
21432      INFO  main            d.u.i.k.p.i.AbstractProblemLoader Creating init config 
24036      DEBUG main            d.u.i.k.p.i.AbstractProblemLoader Init config took 2.6s 
24084      INFO  main            d.u.i.k.p.i.AbstractProblemLoader Replaying proof ArrayList[ArrayList::ArrayList()].JML normal_behavior operation contract.0 
24255      DEBUG main            d.u.i.k.p.i.IntermediateProofReplayer Proof replay took 164.04ms 
24256      DEBUG main            d.u.i.k.p.r.p.TestFile    ... success: reloaded. 
24258      INFO  main            d.u.i.k.p.r.p.TestFile    Now processing file /home/runner/work/key/key/key.core/../key.ui/examples/heap/list_ghost/ArrayList_enlarge.key 
24258      INFO  main            d.u.i.k.p.i.AbstractProblemLoader Loading environment from /home/runner/work/key/key/key.core/../key.ui/examples/heap/list_ghost/ArrayList_enlarge.key 
24259      DEBUG main            d.u.i.k.p.i.AbstractProblemLoader Environment load took 238.12ns 
24260      INFO  main            d.u.i.k.p.i.AbstractProblemLoader Creating init config 
26803      DEBUG main            d.u.i.k.p.i.AbstractProblemLoader Init config took 2.54s 
26851      INFO  main            d.u.i.k.p.i.AbstractProblemLoader Replaying proof ArrayList[ArrayList::enlarge()].JML normal_behavior operation contract.0 
26853      DEBUG main            d.u.i.k.p.i.IntermediateProofReplayer Proof replay took 5.4ns 
28965      INFO  main            d.u.i.k.p.r.p.TestFile    ... finished proof: closed. 
29152      INFO  main            d.u.i.k.p.i.AbstractProblemLoader Loading environment from /home/runner/work/key/key/key.core/../key.ui/examples/heap/list_ghost/ArrayList_enlarge.key.proof 
29152      DEBUG main            d.u.i.k.p.i.AbstractProblemLoader Environment load took 144.81ns 
29158      INFO  main            d.u.i.k.p.i.AbstractProblemLoader Creating init config 
31766      DEBUG main            d.u.i.k.p.i.AbstractProblemLoader Init config took 2.61s 
31829      INFO  main            d.u.i.k.p.i.AbstractProblemLoader Replaying proof ArrayList[ArrayList::enlarge()].JML normal_behavior operation contract.0 
32301      DEBUG main            d.u.i.k.p.i.IntermediateProofReplayer Proof replay took 455.02ms 
32302      DEBUG main            d.u.i.k.p.r.p.TestFile    ... success: reloaded. 
32303      INFO  main            d.u.i.k.p.r.p.TestFile    Now processing file /home/runner/work/key/key/key.core/../key.ui/examples/heap/list_ghost/ArrayList_get_dep.key 
32304      INFO  main            d.u.i.k.p.i.AbstractProblemLoader Loading environment from /home/runner/work/key/key/key.core/../key.ui/examples/heap/list_ghost/ArrayList_get_dep.key 
32304      DEBUG main            d.u.i.k.p.i.AbstractProblemLoader Environment load took 116.01ns 
32305      INFO  main            d.u.i.k.p.i.AbstractProblemLoader Creating init config 
34973      DEBUG main            d.u.i.k.p.i.AbstractProblemLoader Init config took 2.67s 
35030      INFO  main            d.u.i.k.p.i.AbstractProblemLoader Replaying proof ArrayList[List::get(int)].JML accessible clause.0 
35032      DEBUG main            d.u.i.k.p.i.IntermediateProofReplayer Proof replay took 17.6ns 
35438      INFO  main            d.u.i.k.p.r.p.TestFile    ... finished proof: closed. 
35615      INFO  main            d.u.i.k.p.i.AbstractProblemLoader Loading environment from /home/runner/work/key/key/key.core/../key.ui/examples/heap/list_ghost/ArrayList_get_dep.key.proof 
35616      DEBUG main            d.u.i.k.p.i.AbstractProblemLoader Environment load took 960.66ns 
35618      INFO  main            d.u.i.k.p.i.AbstractProblemLoader Creating init config 
38267      DEBUG main            d.u.i.k.p.i.AbstractProblemLoader Init config took 2.65s 
38320      INFO  main            d.u.i.k.p.i.AbstractProblemLoader Replaying proof ArrayList[List::get(int)].JML accessible clause.0 
38397      DEBUG main            d.u.i.k.p.i.IntermediateProofReplayer Proof replay took 72.14ms 
38398      DEBUG main            d.u.i.k.p.r.p.TestFile    ... success: reloaded. 
38399      INFO  main            d.u.i.k.p.r.p.TestFile    Now processing file /home/runner/work/key/key/key.core/../key.ui/examples/heap/list_ghost/ArrayList_get_exceptional.key 
38400      INFO  main            d.u.i.k.p.i.AbstractProblemLoader Loading environment from /home/runner/work/key/key/key.core/../key.ui/examples/heap/list_ghost/ArrayList_get_exceptional.key 
38400      DEBUG main            d.u.i.k.p.i.AbstractProblemLoader Environment load took 266.74ns 
38401      INFO  main            d.u.i.k.p.i.AbstractProblemLoader Creating init config 
41097      DEBUG main            d.u.i.k.p.i.AbstractProblemLoader Init config took 2.7s 
41141      INFO  main            d.u.i.k.p.i.AbstractProblemLoader Replaying proof ArrayList[List::get(int)].JML exceptional_behavior operation contract.0 
41142      DEBUG main            d.u.i.k.p.i.IntermediateProofReplayer Proof replay took 6.2ns 
41951      INFO  main            d.u.i.k.p.r.p.TestFile    ... finished proof: closed. 
42115      INFO  main            d.u.i.k.p.i.AbstractProblemLoader Loading environment from /home/runner/work/key/key/key.core/../key.ui/examples/heap/list_ghost/ArrayList_get_exceptional.key.proof 
42117      DEBUG main            d.u.i.k.p.i.AbstractProblemLoader Environment load took 1.94ms 
42119      INFO  main            d.u.i.k.p.i.AbstractProblemLoader Creating init config 
44731      DEBUG main            d.u.i.k.p.i.AbstractProblemLoader Init config took 2.61s 
44784      INFO  main            d.u.i.k.p.i.AbstractProblemLoader Replaying proof ArrayList[List::get(int)].JML exceptional_behavior operation contract.0 
44948      DEBUG main            d.u.i.k.p.i.IntermediateProofReplayer Proof replay took 157.17ms 
44950      DEBUG main            d.u.i.k.p.r.p.TestFile    ... success: reloaded. 
44951      INFO  main            d.u.i.k.p.r.p.TestFile    Now processing file /home/runner/work/key/key/key.core/../key.ui/examples/heap/list_ghost/ArrayList_get_normal.key 
44952      INFO  main            d.u.i.k.p.i.AbstractProblemLoader Loading environment from /home/runner/work/key/key/key.core/../key.ui/examples/heap/list_ghost/ArrayList_get_normal.key 
44952      DEBUG main            d.u.i.k.p.i.AbstractProblemLoader Environment load took 282.12ns 
44953      INFO  main            d.u.i.k.p.i.AbstractProblemLoader Creating init config 
47573      DEBUG main            d.u.i.k.p.i.AbstractProblemLoader Init config took 2.62s 
47618      INFO  main            d.u.i.k.p.i.AbstractProblemLoader Replaying proof ArrayList[List::get(int)].JML normal_behavior operation contract.0 
47619      DEBUG main            d.u.i.k.p.i.IntermediateProofReplayer Proof replay took 6ns 
47923      INFO  main            d.u.i.k.p.r.p.TestFile    ... finished proof: closed. 
48131      INFO  main            d.u.i.k.p.i.AbstractProblemLoader Loading environment from /home/runner/work/key/key/key.core/../key.ui/examples/heap/list_ghost/ArrayList_get_normal.key.proof 
48131      DEBUG main            d.u.i.k.p.i.AbstractProblemLoader Environment load took 135.01ns 
48132      INFO  main            d.u.i.k.p.i.AbstractProblemLoader Creating init config 
50626      DEBUG main            d.u.i.k.p.i.AbstractProblemLoader Init config took 2.49s 
50671      INFO  main            d.u.i.k.p.i.AbstractProblemLoader Replaying proof ArrayList[List::get(int)].JML normal_behavior operation contract.0 
50725      DEBUG main            d.u.i.k.p.i.IntermediateProofReplayer Proof replay took 50.97ms 
50726      DEBUG main            d.u.i.k.p.r.p.TestFile    ... success: reloaded. 
50727      INFO  main            d.u.i.k.p.r.p.TestFile    Now processing file /home/runner/work/key/key/key.core/../key.ui/examples/heap/list_ghost/ArrayList_inv.key 
50728      INFO  main            d.u.i.k.p.i.AbstractProblemLoader Loading environment from /home/runner/work/key/key/key.core/../key.ui/examples/heap/list_ghost/ArrayList_inv.key 
50728      DEBUG main            d.u.i.k.p.i.AbstractProblemLoader Environment load took 133.41ns 
50729      INFO  main            d.u.i.k.p.i.AbstractProblemLoader Creating init config 
53286      DEBUG main            d.u.i.k.p.i.AbstractProblemLoader Init config took 2.56s 
53327      INFO  main            d.u.i.k.p.i.AbstractProblemLoader Replaying proof ArrayList[java.lang.Object::<inv>()].JML accessible clause.0 
53329      DEBUG main            d.u.i.k.p.i.IntermediateProofReplayer Proof replay took 5.9ns 
53435      INFO  main            d.u.i.k.p.r.p.TestFile    ... finished proof: closed. 
53620      INFO  main            d.u.i.k.p.i.AbstractProblemLoader Loading environment from /home/runner/work/key/key/key.core/../key.ui/examples/heap/list_ghost/ArrayList_inv.key.proof 
53620      DEBUG main            d.u.i.k.p.i.AbstractProblemLoader Environment load took 123.01ns 
53622      INFO  main            d.u.i.k.p.i.AbstractProblemLoader Creating init config 
56208      DEBUG main            d.u.i.k.p.i.AbstractProblemLoader Init config took 2.59s 
56261      INFO  main            d.u.i.k.p.i.AbstractProblemLoader Replaying proof ArrayList[java.lang.Object::<inv>()].JML accessible clause.0 
56272      DEBUG main            d.u.i.k.p.i.IntermediateProofReplayer Proof replay took 9.61ms 
56273      DEBUG main            d.u.i.k.p.r.p.TestFile    ... success: reloaded. 
56274      INFO  main            d.u.i.k.p.r.p.TestFile    Now processing file /home/runner/work/key/key/key.core/../key.ui/examples/heap/list_ghost/ArrayList_size_dep.key 
56274      INFO  main            d.u.i.k.p.i.AbstractProblemLoader Loading environment from /home/runner/work/key/key/key.core/../key.ui/examples/heap/list_ghost/ArrayList_size_dep.key 
56275      DEBUG main            d.u.i.k.p.i.AbstractProblemLoader Environment load took 124.41ns 
56275      INFO  main            d.u.i.k.p.i.AbstractProblemLoader Creating init config 
58747      DEBUG main            d.u.i.k.p.i.AbstractProblemLoader Init config took 2.47s 
58786      INFO  main            d.u.i.k.p.i.AbstractProblemLoader Replaying proof ArrayList[List::size()].JML accessible clause.0 
58787      DEBUG main            d.u.i.k.p.i.IntermediateProofReplayer Proof replay took 5.8ns 
58891      INFO  main            d.u.i.k.p.r.p.TestFile    ... finished proof: closed. 
59078      INFO  main            d.u.i.k.p.i.AbstractProblemLoader Loading environment from /home/runner/work/key/key/key.core/../key.ui/examples/heap/list_ghost/ArrayList_size_dep.key.proof 
59078      DEBUG main            d.u.i.k.p.i.AbstractProblemLoader Environment load took 134.41ns 
59079      INFO  main            d.u.i.k.p.i.AbstractProblemLoader Creating init config 
61534      DEBUG main            d.u.i.k.p.i.AbstractProblemLoader Init config took 2.45s 
61584      INFO  main            d.u.i.k.p.i.AbstractProblemLoader Replaying proof ArrayList[List::size()].JML accessible clause.0 
61601      DEBUG main            d.u.i.k.p.i.IntermediateProofReplayer Proof replay took 13.93ms 
61602      DEBUG main            d.u.i.k.p.r.p.TestFile    ... success: reloaded. 
61606      INFO  main            d.u.i.k.p.r.p.TestFile    Now processing file /home/runner/work/key/key/key.core/../key.ui/examples/heap/list_ghost/ArrayList_size.key 
61608      INFO  main            d.u.i.k.p.i.AbstractProblemLoader Loading environment from /home/runner/work/key/key/key.core/../key.ui/examples/heap/list_ghost/ArrayList_size.key 
61608      DEBUG main            d.u.i.k.p.i.AbstractProblemLoader Environment load took 134.62ns 
61609      INFO  main            d.u.i.k.p.i.AbstractProblemLoader Creating init config 
64117      DEBUG main            d.u.i.k.p.i.AbstractProblemLoader Init config took 2.51s 
64157      INFO  main            d.u.i.k.p.i.AbstractProblemLoader Replaying proof ArrayList[List::size()].JML normal_behavior operation contract.0 
64160      DEBUG main            d.u.i.k.p.i.IntermediateProofReplayer Proof replay took 6.4ns 
64263      INFO  main            d.u.i.k.p.r.p.TestFile    ... finished proof: closed. 
64460      INFO  main            d.u.i.k.p.i.AbstractProblemLoader Loading environment from /home/runner/work/key/key/key.core/../key.ui/examples/heap/list_ghost/ArrayList_size.key.proof 
64461      DEBUG main            d.u.i.k.p.i.AbstractProblemLoader Environment load took 137.01ns 
64462      INFO  main            d.u.i.k.p.i.AbstractProblemLoader Creating init config 
66969      DEBUG main            d.u.i.k.p.i.AbstractProblemLoader Init config took 2.51s 
67009      INFO  main            d.u.i.k.p.i.AbstractProblemLoader Replaying proof ArrayList[List::size()].JML normal_behavior operation contract.0 
67024      DEBUG main            d.u.i.k.p.i.IntermediateProofReplayer Proof replay took 12.49ms 
67025      DEBUG main            d.u.i.k.p.r.p.TestFile    ... success: reloaded. 
1184081    INFO  Test worker     d.u.i.k.p.r.RunAllProofsTestUnit Returning from test list_ghost 
1184083    INFO  Test worker     d.u.i.k.p.r.RunAllProofsTestUnit Running test list_recursive 
402        INFO  Timeout watchdog d.u.i.k.p.r.p.ForkedTestFileRunner Timeout watcher launched (2000 secs.) 
420        WARN  main            d.u.i.k.s.ProofSettings   The settings in /home/runner/.key/proof-settings.props are *not* read. 
452        INFO  main            d.u.i.k.p.r.p.TestFile    Now processing file /home/runner/work/key/key/key.core/../key.ui/examples/heap/list_recursiveSpec/ListOperationsNonNull_getNextNN_normal_behavior.key 
563        INFO  main            d.u.i.k.p.i.AbstractProblemLoader Loading environment from /home/runner/work/key/key/key.core/../key.ui/examples/heap/list_recursiveSpec/ListOperationsNonNull_getNextNN_normal_behavior.key 
581        DEBUG main            d.u.i.k.p.i.AbstractProblemLoader Environment load took 2.25ms 
826        INFO  main            d.u.i.k.p.i.AbstractProblemLoader Creating init config 
1748       DEBUG main            d.u.i.k.j.TypeConverter   No LDT found for Meta 
1749       DEBUG main            d.u.i.k.j.TypeConverter   No LDT found for Meta 
1753       DEBUG main            d.u.i.k.j.TypeConverter   No LDT found for Meta 
1753       DEBUG main            d.u.i.k.j.TypeConverter   No LDT found for Meta 
3114       DEBUG main            d.u.i.k.j.TypeConverter   No LDT found for JavaBigintExpression 
8414       DEBUG main            d.u.i.k.p.i.AbstractProblemLoader Init config took 7.59s 
8597       INFO  main            d.u.i.k.p.i.AbstractProblemLoader Replaying proof ListOperationsNonNull[ListOperationsNonNull::getNextNN(ListNN,int)].JML normal_behavior operation contract.0 
8633       DEBUG main            d.u.i.k.p.i.IntermediateProofReplayer Proof replay took 28.8ns 
9973       INFO  main            d.u.i.k.p.r.p.TestFile    ... finished proof: closed. 
10107      INFO  main            d.u.i.k.p.i.AbstractProblemLoader Loading environment from /home/runner/work/key/key/key.core/../key.ui/examples/heap/list_recursiveSpec/ListOperationsNonNull_getNextNN_normal_behavior.key.proof 
10112      DEBUG main            d.u.i.k.p.i.AbstractProblemLoader Environment load took 4.63ms 
10117      INFO  main            d.u.i.k.p.i.AbstractProblemLoader Creating init config 
13181      DEBUG main            d.u.i.k.p.i.AbstractProblemLoader Init config took 3.06s 
13247      INFO  main            d.u.i.k.p.i.AbstractProblemLoader Replaying proof ListOperationsNonNull[ListOperationsNonNull::getNextNN(ListNN,int)].JML normal_behavior operation contract.0 
13397      DEBUG main            d.u.i.k.p.i.IntermediateProofReplayer Proof replay took 141.87ms 
13403      DEBUG main            d.u.i.k.p.r.p.TestFile    ... success: reloaded. 
13405      INFO  main            d.u.i.k.p.r.p.TestFile    Now processing file /home/runner/work/key/key/key.core/../key.ui/examples/heap/list_recursiveSpec/ListOperationsNonNull_setValueAt_normal_behavior.key 
13405      INFO  main            d.u.i.k.p.i.AbstractProblemLoader Loading environment from /home/runner/work/key/key/key.core/../key.ui/examples/heap/list_recursiveSpec/ListOperationsNonNull_setValueAt_normal_behavior.key 
13406      DEBUG main            d.u.i.k.p.i.AbstractProblemLoader Environment load took 331.73ns 
13408      INFO  main            d.u.i.k.p.i.AbstractProblemLoader Creating init config 
16355      DEBUG main            d.u.i.k.p.i.AbstractProblemLoader Init config took 2.95s 
16411      INFO  main            d.u.i.k.p.i.AbstractProblemLoader Replaying proof ListOperationsNonNull[ListOperationsNonNull::setValueAt_NN(ListNN,int,int)].JML normal_behavior operation contract.0 
16414      DEBUG main            d.u.i.k.p.i.IntermediateProofReplayer Proof replay took 5.9ns 
16442      DEBUG main            d.u.i.k.m.s.ProofScriptEngine 1: 'macro autopilot' 
18735      DEBUG main            d.u.i.k.m.s.ProofScriptEngine 2: 'macro simp-upd' 
18743      DEBUG main            d.u.i.k.m.s.ProofScriptEngine 3: 'rule observerDependencyEQ' 
18822      DEBUG main            d.u.i.k.m.s.ProofScriptEngine 4: 'tryclose' 
18847      INFO  main            d.u.i.k.p.r.p.TestFile    ... finished proof: closed. 
18990      INFO  main            d.u.i.k.p.i.AbstractProblemLoader Loading environment from /home/runner/work/key/key/key.core/../key.ui/examples/heap/list_recursiveSpec/ListOperationsNonNull_setValueAt_normal_behavior.key.proof 
18990      DEBUG main            d.u.i.k.p.i.AbstractProblemLoader Environment load took 544.11ns 
18992      INFO  main            d.u.i.k.p.i.AbstractProblemLoader Creating init config 
21853      DEBUG main            d.u.i.k.p.i.AbstractProblemLoader Init config took 2.86s 
21906      INFO  main            d.u.i.k.p.i.AbstractProblemLoader Replaying proof ListOperationsNonNull[ListOperationsNonNull::setValueAt_NN(ListNN,int,int)].JML normal_behavior operation contract.0 
22022      DEBUG main            d.u.i.k.p.i.IntermediateProofReplayer Proof replay took 111.28ms 
22024      DEBUG main            d.u.i.k.p.r.p.TestFile    ... success: reloaded. 
1206302    INFO  Test worker     d.u.i.k.p.r.RunAllProofsTestUnit Returning from test list_recursive 
1206303    INFO  Test worker     d.u.i.k.p.r.RunAllProofsTestUnit Running test list_seq 
347        INFO  Timeout watchdog d.u.i.k.p.r.p.ForkedTestFileRunner Timeout watcher launched (2000 secs.) 
355        WARN  main            d.u.i.k.s.ProofSettings   The settings in /home/runner/.key/proof-settings.props are *not* read. 
391        INFO  main            d.u.i.k.p.r.p.TestFile    Now processing file /home/runner/work/key/key/key.core/../key.ui/examples/heap/list_seq/SimplifiedLinkedList.remove.key 
527        INFO  main            d.u.i.k.p.i.AbstractProblemLoader Loading environment from /home/runner/work/key/key/key.core/../key.ui/examples/heap/list_seq/SimplifiedLinkedList.remove.key 
552        DEBUG main            d.u.i.k.p.i.AbstractProblemLoader Environment load took 2.1ms 
763        INFO  main            d.u.i.k.p.i.AbstractProblemLoader Creating init config 
1729       DEBUG main            d.u.i.k.j.TypeConverter   No LDT found for Meta 
1729       DEBUG main            d.u.i.k.j.TypeConverter   No LDT found for Meta 
1732       DEBUG main            d.u.i.k.j.TypeConverter   No LDT found for Meta 
1732       DEBUG main            d.u.i.k.j.TypeConverter   No LDT found for Meta 
3109       DEBUG main            d.u.i.k.j.TypeConverter   No LDT found for JavaBigintExpression 
8987       DEBUG main            d.u.i.k.p.i.AbstractProblemLoader Init config took 8.22s 
9245       INFO  main            d.u.i.k.p.i.AbstractProblemLoader Replaying proof SimplifiedLinkedList[SimplifiedLinkedList::remove(int)].JML normal_behavior operation contract.0 
9283       DEBUG main            d.u.i.k.p.i.IntermediateProofReplayer Proof replay took 34.9ns 
96092      INFO  main            d.u.i.k.p.r.p.TestFile    ... finished proof: closed. 
96515      INFO  main            d.u.i.k.p.i.AbstractProblemLoader Loading environment from /home/runner/work/key/key/key.core/../key.ui/examples/heap/list_seq/SimplifiedLinkedList.remove.key.proof 
96516      DEBUG main            d.u.i.k.p.i.AbstractProblemLoader Environment load took 558.35ns 
96538      INFO  main            d.u.i.k.p.i.AbstractProblemLoader Creating init config 
99926      DEBUG main            d.u.i.k.p.i.AbstractProblemLoader Init config took 3.39s 
100037     INFO  main            d.u.i.k.p.i.AbstractProblemLoader Replaying proof SimplifiedLinkedList[SimplifiedLinkedList::remove(int)].JML normal_behavior operation contract.0 
104381     DEBUG main            d.u.i.k.p.i.IntermediateProofReplayer Proof replay took 4.11s 
104400     DEBUG main            d.u.i.k.p.r.p.TestFile    ... success: reloaded. 
104402     INFO  main            d.u.i.k.p.r.p.TestFile    Now processing file /home/runner/work/key/key/key.core/../key.ui/examples/heap/list_seq/ArrayList.ArrayList.key 
104402     INFO  main            d.u.i.k.p.i.AbstractProblemLoader Loading environment from /home/runner/work/key/key/key.core/../key.ui/examples/heap/list_seq/ArrayList.ArrayList.key 
104402     DEBUG main            d.u.i.k.p.i.AbstractProblemLoader Environment load took 233.32ns 
104403     INFO  main            d.u.i.k.p.i.AbstractProblemLoader Creating init config 
107444     DEBUG main            d.u.i.k.p.i.AbstractProblemLoader Init config took 3.04s 
107531     INFO  main            d.u.i.k.p.i.AbstractProblemLoader Replaying proof ArrayList[ArrayList::ArrayList()].JML normal_behavior operation contract.0 
107534     DEBUG main            d.u.i.k.p.i.IntermediateProofReplayer Proof replay took 5.4ns 
108441     INFO  main            d.u.i.k.p.r.p.TestFile    ... finished proof: closed. 
108623     INFO  main            d.u.i.k.p.i.AbstractProblemLoader Loading environment from /home/runner/work/key/key/key.core/../key.ui/examples/heap/list_seq/ArrayList.ArrayList.key.proof 
108624     DEBUG main            d.u.i.k.p.i.AbstractProblemLoader Environment load took 1.32ms 
108627     INFO  main            d.u.i.k.p.i.AbstractProblemLoader Creating init config 
111665     DEBUG main            d.u.i.k.p.i.AbstractProblemLoader Init config took 3.04s 
111760     INFO  main            d.u.i.k.p.i.AbstractProblemLoader Replaying proof ArrayList[ArrayList::ArrayList()].JML normal_behavior operation contract.0 
111920     DEBUG main            d.u.i.k.p.i.IntermediateProofReplayer Proof replay took 152.36ms 
111921     DEBUG main            d.u.i.k.p.r.p.TestFile    ... success: reloaded. 
111923     INFO  main            d.u.i.k.p.r.p.TestFile    Now processing file /home/runner/work/key/key/key.core/../key.ui/examples/heap/list_seq/ArrayList.add.key 
111923     INFO  main            d.u.i.k.p.i.AbstractProblemLoader Loading environment from /home/runner/work/key/key/key.core/../key.ui/examples/heap/list_seq/ArrayList.add.key 
111923     DEBUG main            d.u.i.k.p.i.AbstractProblemLoader Environment load took 119.01ns 
111925     INFO  main            d.u.i.k.p.i.AbstractProblemLoader Creating init config 
114944     DEBUG main            d.u.i.k.p.i.AbstractProblemLoader Init config took 3.02s 
115021     INFO  main            d.u.i.k.p.i.AbstractProblemLoader Replaying proof ArrayList[List::add(java.lang.Object)].JML normal_behavior operation contract.0 
115023     DEBUG main            d.u.i.k.p.i.IntermediateProofReplayer Proof replay took 3.9ns 
118332     INFO  main            d.u.i.k.p.r.p.TestFile    ... finished proof: closed. 
118543     INFO  main            d.u.i.k.p.i.AbstractProblemLoader Loading environment from /home/runner/work/key/key/key.core/../key.ui/examples/heap/list_seq/ArrayList.add.key.proof 
118544     DEBUG main            d.u.i.k.p.i.AbstractProblemLoader Environment load took 571.16ns 
118545     INFO  main            d.u.i.k.p.i.AbstractProblemLoader Creating init config 
121440     DEBUG main            d.u.i.k.p.i.AbstractProblemLoader Init config took 2.89s 
121530     INFO  main            d.u.i.k.p.i.AbstractProblemLoader Replaying proof ArrayList[List::add(java.lang.Object)].JML normal_behavior operation contract.0 
122006     DEBUG main            d.u.i.k.p.i.IntermediateProofReplayer Proof replay took 459.98ms 
122007     DEBUG main            d.u.i.k.p.r.p.TestFile    ... success: reloaded. 
122016     INFO  main            d.u.i.k.p.r.p.TestFile    Now processing file /home/runner/work/key/key/key.core/../key.ui/examples/heap/list_seq/ArrayList.contains.key 
122017     INFO  main            d.u.i.k.p.i.AbstractProblemLoader Loading environment from /home/runner/work/key/key/key.core/../key.ui/examples/heap/list_seq/ArrayList.contains.key 
122017     DEBUG main            d.u.i.k.p.i.AbstractProblemLoader Environment load took 237.62ns 
122018     INFO  main            d.u.i.k.p.i.AbstractProblemLoader Creating init config 
125056     DEBUG main            d.u.i.k.p.i.AbstractProblemLoader Init config took 3.04s 
125128     INFO  main            d.u.i.k.p.i.AbstractProblemLoader Replaying proof ArrayList[List::contains(java.lang.Object)].JML normal_behavior operation contract.0 
125130     DEBUG main            d.u.i.k.p.i.IntermediateProofReplayer Proof replay took 5ns 
126772     INFO  main            d.u.i.k.p.r.p.TestFile    ... finished proof: closed. 
126969     INFO  main            d.u.i.k.p.i.AbstractProblemLoader Loading environment from /home/runner/work/key/key/key.core/../key.ui/examples/heap/list_seq/ArrayList.contains.key.proof 
126969     DEBUG main            d.u.i.k.p.i.AbstractProblemLoader Environment load took 457.94ns 
126970     INFO  main            d.u.i.k.p.i.AbstractProblemLoader Creating init config 
129891     DEBUG main            d.u.i.k.p.i.AbstractProblemLoader Init config took 2.92s 
129976     INFO  main            d.u.i.k.p.i.AbstractProblemLoader Replaying proof ArrayList[List::contains(java.lang.Object)].JML normal_behavior operation contract.0 
130224     DEBUG main            d.u.i.k.p.i.IntermediateProofReplayer Proof replay took 239.94ms 
130226     DEBUG main            d.u.i.k.p.r.p.TestFile    ... success: reloaded. 
130228     INFO  main            d.u.i.k.p.r.p.TestFile    Now processing file /home/runner/work/key/key/key.core/../key.ui/examples/heap/list_seq/ArrayList.enlarge.key 
130228     INFO  main            d.u.i.k.p.i.AbstractProblemLoader Loading environment from /home/runner/work/key/key/key.core/../key.ui/examples/heap/list_seq/ArrayList.enlarge.key 
130228     DEBUG main            d.u.i.k.p.i.AbstractProblemLoader Environment load took 276.43ns 
130229     INFO  main            d.u.i.k.p.i.AbstractProblemLoader Creating init config 
133314     DEBUG main            d.u.i.k.p.i.AbstractProblemLoader Init config took 3.08s 
133387     INFO  main            d.u.i.k.p.i.AbstractProblemLoader Replaying proof ArrayList[ArrayList::enlarge()].JML normal_behavior operation contract.0 
133388     DEBUG main            d.u.i.k.p.i.IntermediateProofReplayer Proof replay took 5.7ns 
135421     INFO  main            d.u.i.k.p.r.p.TestFile    ... finished proof: closed. 
135626     INFO  main            d.u.i.k.p.i.AbstractProblemLoader Loading environment from /home/runner/work/key/key/key.core/../key.ui/examples/heap/list_seq/ArrayList.enlarge.key.proof 
135626     DEBUG main            d.u.i.k.p.i.AbstractProblemLoader Environment load took 222.92ns 
135627     INFO  main            d.u.i.k.p.i.AbstractProblemLoader Creating init config 
138656     DEBUG main            d.u.i.k.p.i.AbstractProblemLoader Init config took 3.03s 
138731     INFO  main            d.u.i.k.p.i.AbstractProblemLoader Replaying proof ArrayList[ArrayList::enlarge()].JML normal_behavior operation contract.0 
139067     DEBUG main            d.u.i.k.p.i.IntermediateProofReplayer Proof replay took 327.33ms 
139068     DEBUG main            d.u.i.k.p.r.p.TestFile    ... success: reloaded. 
139070     INFO  main            d.u.i.k.p.r.p.TestFile    Now processing file /home/runner/work/key/key/key.core/../key.ui/examples/heap/list_seq/ArrayList.get.key 
139070     INFO  main            d.u.i.k.p.i.AbstractProblemLoader Loading environment from /home/runner/work/key/key/key.core/../key.ui/examples/heap/list_seq/ArrayList.get.key 
139070     DEBUG main            d.u.i.k.p.i.AbstractProblemLoader Environment load took 260.82ns 
139071     INFO  main            d.u.i.k.p.i.AbstractProblemLoader Creating init config 
142009     DEBUG main            d.u.i.k.p.i.AbstractProblemLoader Init config took 2.94s 
142119     INFO  main            d.u.i.k.p.i.AbstractProblemLoader Replaying proof ArrayList[List::get(int)].JML normal_behavior operation contract.0 
142120     DEBUG main            d.u.i.k.p.i.IntermediateProofReplayer Proof replay took 6.8ns 
142625     INFO  main            d.u.i.k.p.r.p.TestFile    ... finished proof: closed. 
142832     INFO  main            d.u.i.k.p.i.AbstractProblemLoader Loading environment from /home/runner/work/key/key/key.core/../key.ui/examples/heap/list_seq/ArrayList.get.key.proof 
142833     DEBUG main            d.u.i.k.p.i.AbstractProblemLoader Environment load took 516.95ns 
142834     INFO  main            d.u.i.k.p.i.AbstractProblemLoader Creating init config 
145772     DEBUG main            d.u.i.k.p.i.AbstractProblemLoader Init config took 2.94s 
145842     INFO  main            d.u.i.k.p.i.AbstractProblemLoader Replaying proof ArrayList[List::get(int)].JML normal_behavior operation contract.0 
145907     DEBUG main            d.u.i.k.p.i.IntermediateProofReplayer Proof replay took 61.89ms 
145908     DEBUG main            d.u.i.k.p.r.p.TestFile    ... success: reloaded. 
145909     INFO  main            d.u.i.k.p.r.p.TestFile    Now processing file /home/runner/work/key/key/key.core/../key.ui/examples/heap/list_seq/ArrayList.newArray.key 
145909     INFO  main            d.u.i.k.p.i.AbstractProblemLoader Loading environment from /home/runner/work/key/key/key.core/../key.ui/examples/heap/list_seq/ArrayList.newArray.key 
145909     DEBUG main            d.u.i.k.p.i.AbstractProblemLoader Environment load took 121.41ns 
145910     INFO  main            d.u.i.k.p.i.AbstractProblemLoader Creating init config 
148889     DEBUG main            d.u.i.k.p.i.AbstractProblemLoader Init config took 2.98s 
148960     INFO  main            d.u.i.k.p.i.AbstractProblemLoader Replaying proof ArrayList[ArrayList::newArray(int)].JML normal_behavior operation contract.0 
148961     DEBUG main            d.u.i.k.p.i.IntermediateProofReplayer Proof replay took 5.2ns 
149267     INFO  main            d.u.i.k.p.r.p.TestFile    ... finished proof: closed. 
149470     INFO  main            d.u.i.k.p.i.AbstractProblemLoader Loading environment from /home/runner/work/key/key/key.core/../key.ui/examples/heap/list_seq/ArrayList.newArray.key.proof 
149470     DEBUG main            d.u.i.k.p.i.AbstractProblemLoader Environment load took 124.81ns 
149471     INFO  main            d.u.i.k.p.i.AbstractProblemLoader Creating init config 
152311     DEBUG main            d.u.i.k.p.i.AbstractProblemLoader Init config took 2.84s 
152382     INFO  main            d.u.i.k.p.i.AbstractProblemLoader Replaying proof ArrayList[ArrayList::newArray(int)].JML normal_behavior operation contract.0 
152434     DEBUG main            d.u.i.k.p.i.IntermediateProofReplayer Proof replay took 48.16ms 
152435     DEBUG main            d.u.i.k.p.r.p.TestFile    ... success: reloaded. 
152436     INFO  main            d.u.i.k.p.r.p.TestFile    Now processing file /home/runner/work/key/key/key.core/../key.ui/examples/heap/list_seq/ArrayList.remove.0.key 
152436     INFO  main            d.u.i.k.p.i.AbstractProblemLoader Loading environment from /home/runner/work/key/key/key.core/../key.ui/examples/heap/list_seq/ArrayList.remove.0.key 
152436     DEBUG main            d.u.i.k.p.i.AbstractProblemLoader Environment load took 263.52ns 
152437     INFO  main            d.u.i.k.p.i.AbstractProblemLoader Creating init config 
155238     DEBUG main            d.u.i.k.p.i.AbstractProblemLoader Init config took 2.8s 
155324     INFO  main            d.u.i.k.p.i.AbstractProblemLoader Replaying proof ArrayList[List::remove(java.lang.Object)].JML normal_behavior operation contract.0 
155325     DEBUG main            d.u.i.k.p.i.IntermediateProofReplayer Proof replay took 4.6ns 
157233     INFO  main            d.u.i.k.p.r.p.TestFile    ... finished proof: closed. 
157450     INFO  main            d.u.i.k.p.i.AbstractProblemLoader Loading environment from /home/runner/work/key/key/key.core/../key.ui/examples/heap/list_seq/ArrayList.remove.0.key.proof 
157452     DEBUG main            d.u.i.k.p.i.AbstractProblemLoader Environment load took 1.16ms 
157453     INFO  main            d.u.i.k.p.i.AbstractProblemLoader Creating init config 
160472     DEBUG main            d.u.i.k.p.i.AbstractProblemLoader Init config took 3.02s 
160554     INFO  main            d.u.i.k.p.i.AbstractProblemLoader Replaying proof ArrayList[List::remove(java.lang.Object)].JML normal_behavior operation contract.0 
161065     DEBUG main            d.u.i.k.p.i.IntermediateProofReplayer Proof replay took 503.62ms 
161067     DEBUG main            d.u.i.k.p.r.p.TestFile    ... success: reloaded. 
161068     INFO  main            d.u.i.k.p.r.p.TestFile    Now processing file /home/runner/work/key/key/key.core/../key.ui/examples/heap/list_seq/ArrayList.remove.1.key 
161069     INFO  main            d.u.i.k.p.i.AbstractProblemLoader Loading environment from /home/runner/work/key/key/key.core/../key.ui/examples/heap/list_seq/ArrayList.remove.1.key 
161069     DEBUG main            d.u.i.k.p.i.AbstractProblemLoader Environment load took 245.92ns 
161070     INFO  main            d.u.i.k.p.i.AbstractProblemLoader Creating init config 
164141     DEBUG main            d.u.i.k.p.i.AbstractProblemLoader Init config took 3.07s 
164256     INFO  main            d.u.i.k.p.i.AbstractProblemLoader Replaying proof ArrayList[List::remove(java.lang.Object)].JML normal_behavior operation contract.1 
164258     DEBUG main            d.u.i.k.p.i.IntermediateProofReplayer Proof replay took 5.2ns 
175273     INFO  main            d.u.i.k.p.r.p.TestFile    ... finished proof: closed. 
175563     INFO  main            d.u.i.k.p.i.AbstractProblemLoader Loading environment from /home/runner/work/key/key/key.core/../key.ui/examples/heap/list_seq/ArrayList.remove.1.key.proof 
175563     DEBUG main            d.u.i.k.p.i.AbstractProblemLoader Environment load took 224.61ns 
175566     INFO  main            d.u.i.k.p.i.AbstractProblemLoader Creating init config 
178355     DEBUG main            d.u.i.k.p.i.AbstractProblemLoader Init config took 2.79s 
178432     INFO  main            d.u.i.k.p.i.AbstractProblemLoader Replaying proof ArrayList[List::remove(java.lang.Object)].JML normal_behavior operation contract.1 
179776     DEBUG main            d.u.i.k.p.i.IntermediateProofReplayer Proof replay took 1.31s 
179778     DEBUG main            d.u.i.k.p.r.p.TestFile    ... success: reloaded. 
1386271    INFO  Test worker     d.u.i.k.p.r.RunAllProofsTestUnit Returning from test list_seq 
1386272    INFO  Test worker     d.u.i.k.p.r.RunAllProofsTestUnit Running test observer 
351        INFO  Timeout watchdog d.u.i.k.p.r.p.ForkedTestFileRunner Timeout watcher launched (2000 secs.) 
366        WARN  main            d.u.i.k.s.ProofSettings   The settings in /home/runner/.key/proof-settings.props are *not* read. 
403        INFO  main            d.u.i.k.p.r.p.TestFile    Now processing file /home/runner/work/key/key/key.core/../key.ui/examples/heap/observer/ExampleObserver_ExampleObserver.key 
527        INFO  main            d.u.i.k.p.i.AbstractProblemLoader Loading environment from /home/runner/work/key/key/key.core/../key.ui/examples/heap/observer/ExampleObserver_ExampleObserver.key 
542        DEBUG main            d.u.i.k.p.i.AbstractProblemLoader Environment load took 1.99ms 
769        INFO  main            d.u.i.k.p.i.AbstractProblemLoader Creating init config 
1569       DEBUG main            d.u.i.k.j.TypeConverter   No LDT found for Meta 
1569       DEBUG main            d.u.i.k.j.TypeConverter   No LDT found for Meta 
1571       DEBUG main            d.u.i.k.j.TypeConverter   No LDT found for Meta 
1571       DEBUG main            d.u.i.k.j.TypeConverter   No LDT found for Meta 
3046       DEBUG main            d.u.i.k.j.TypeConverter   No LDT found for JavaBigintExpression 
8397       DEBUG main            d.u.i.k.p.i.AbstractProblemLoader Init config took 7.63s 
8583       INFO  main            d.u.i.k.p.i.AbstractProblemLoader Replaying proof ExampleObserver[ExampleObserver::ExampleObserver(ExampleSubject)].JML normal_behavior operation contract.0 
8624       DEBUG main            d.u.i.k.p.i.IntermediateProofReplayer Proof replay took 31.9ns 
9654       INFO  main            d.u.i.k.p.r.p.TestFile    ... finished proof: closed. 
9848       INFO  main            d.u.i.k.p.i.AbstractProblemLoader Loading environment from /home/runner/work/key/key/key.core/../key.ui/examples/heap/observer/ExampleObserver_ExampleObserver.key.proof 
9850       DEBUG main            d.u.i.k.p.i.AbstractProblemLoader Environment load took 2.8ms 
9853       INFO  main            d.u.i.k.p.i.AbstractProblemLoader Creating init config 
13025      DEBUG main            d.u.i.k.p.i.AbstractProblemLoader Init config took 3.17s 
13115      INFO  main            d.u.i.k.p.i.AbstractProblemLoader Replaying proof ExampleObserver[ExampleObserver::ExampleObserver(ExampleSubject)].JML normal_behavior operation contract.0 
13241      DEBUG main            d.u.i.k.p.i.IntermediateProofReplayer Proof replay took 118.99ms 
13248      DEBUG main            d.u.i.k.p.r.p.TestFile    ... success: reloaded. 
13250      INFO  main            d.u.i.k.p.r.p.TestFile    Now processing file /home/runner/work/key/key/key.core/../key.ui/examples/heap/observer/ExampleObserver_inv.key 
13250      INFO  main            d.u.i.k.p.i.AbstractProblemLoader Loading environment from /home/runner/work/key/key/key.core/../key.ui/examples/heap/observer/ExampleObserver_inv.key 
13251      DEBUG main            d.u.i.k.p.i.AbstractProblemLoader Environment load took 251.32ns 
13252      INFO  main            d.u.i.k.p.i.AbstractProblemLoader Creating init config 
16248      DEBUG main            d.u.i.k.p.i.AbstractProblemLoader Init config took 3s 
16314      INFO  main            d.u.i.k.p.i.AbstractProblemLoader Replaying proof ExampleObserver[java.lang.Object::<inv>()].JML accessible clause.0 
16317      DEBUG main            d.u.i.k.p.i.IntermediateProofReplayer Proof replay took 5.9ns 
16421      INFO  main            d.u.i.k.p.r.p.TestFile    ... finished proof: closed. 
16616      INFO  main            d.u.i.k.p.i.AbstractProblemLoader Loading environment from /home/runner/work/key/key/key.core/../key.ui/examples/heap/observer/ExampleObserver_inv.key.proof 
16616      DEBUG main            d.u.i.k.p.i.AbstractProblemLoader Environment load took 133.11ns 
16620      INFO  main            d.u.i.k.p.i.AbstractProblemLoader Creating init config 
19760      DEBUG main            d.u.i.k.p.i.AbstractProblemLoader Init config took 3.14s 
19838      INFO  main            d.u.i.k.p.i.AbstractProblemLoader Replaying proof ExampleObserver[java.lang.Object::<inv>()].JML accessible clause.0 
19861      DEBUG main            d.u.i.k.p.i.IntermediateProofReplayer Proof replay took 19.87ms 
19863      DEBUG main            d.u.i.k.p.r.p.TestFile    ... success: reloaded. 
19865      INFO  main            d.u.i.k.p.r.p.TestFile    Now processing file /home/runner/work/key/key/key.core/../key.ui/examples/heap/observer/ExampleObserver_subject.key 
19866      INFO  main            d.u.i.k.p.i.AbstractProblemLoader Loading environment from /home/runner/work/key/key/key.core/../key.ui/examples/heap/observer/ExampleObserver_subject.key 
19866      DEBUG main            d.u.i.k.p.i.AbstractProblemLoader Environment load took 249.62ns 
19869      INFO  main            d.u.i.k.p.i.AbstractProblemLoader Creating init config 
22992      DEBUG main            d.u.i.k.p.i.AbstractProblemLoader Init config took 3.12s 
23042      INFO  main            d.u.i.k.p.i.AbstractProblemLoader Replaying proof Observer[Observer::$subject()].JML accessible clause.0 
23044      DEBUG main            d.u.i.k.p.i.IntermediateProofReplayer Proof replay took 5.2ns 
23146      INFO  main            d.u.i.k.p.r.p.TestFile    ... finished proof: closed. 
23301      INFO  main            d.u.i.k.p.i.AbstractProblemLoader Loading environment from /home/runner/work/key/key/key.core/../key.ui/examples/heap/observer/ExampleObserver_subject.key.proof 
23302      DEBUG main            d.u.i.k.p.i.AbstractProblemLoader Environment load took 129.71ns 
23304      INFO  main            d.u.i.k.p.i.AbstractProblemLoader Creating init config 
26148      DEBUG main            d.u.i.k.p.i.AbstractProblemLoader Init config took 2.84s 
26193      INFO  main            d.u.i.k.p.i.AbstractProblemLoader Replaying proof Observer[Observer::$subject()].JML accessible clause.0 
26196      DEBUG main            d.u.i.k.p.i.IntermediateProofReplayer Proof replay took 1.64ms 
26197      DEBUG main            d.u.i.k.p.r.p.TestFile    ... success: reloaded. 
26199      INFO  main            d.u.i.k.p.r.p.TestFile    Now processing file /home/runner/work/key/key/key.core/../key.ui/examples/heap/observer/ExampleObserver_update.key 
26199      INFO  main            d.u.i.k.p.i.AbstractProblemLoader Loading environment from /home/runner/work/key/key/key.core/../key.ui/examples/heap/observer/ExampleObserver_update.key 
26199      DEBUG main            d.u.i.k.p.i.AbstractProblemLoader Environment load took 89.91ns 
26200      INFO  main            d.u.i.k.p.i.AbstractProblemLoader Creating init config 
28867      DEBUG main            d.u.i.k.p.i.AbstractProblemLoader Init config took 2.67s 
28917      INFO  main            d.u.i.k.p.i.AbstractProblemLoader Replaying proof ExampleObserver[Observer::update()].JML normal_behavior operation contract.0 
28919      DEBUG main            d.u.i.k.p.i.IntermediateProofReplayer Proof replay took 6.9ns 
29223      INFO  main            d.u.i.k.p.r.p.TestFile    ... finished proof: closed. 
29384      INFO  main            d.u.i.k.p.i.AbstractProblemLoader Loading environment from /home/runner/work/key/key/key.core/../key.ui/examples/heap/observer/ExampleObserver_update.key.proof 
29386      DEBUG main            d.u.i.k.p.i.AbstractProblemLoader Environment load took 1.2ms 
29387      INFO  main            d.u.i.k.p.i.AbstractProblemLoader Creating init config 
32074      DEBUG main            d.u.i.k.p.i.AbstractProblemLoader Init config took 2.69s 
32120      INFO  main            d.u.i.k.p.i.AbstractProblemLoader Replaying proof ExampleObserver[Observer::update()].JML normal_behavior operation contract.0 
32185      DEBUG main            d.u.i.k.p.i.IntermediateProofReplayer Proof replay took 61.63ms 
32186      DEBUG main            d.u.i.k.p.r.p.TestFile    ... success: reloaded. 
32187      INFO  main            d.u.i.k.p.r.p.TestFile    Now processing file /home/runner/work/key/key/key.core/../key.ui/examples/heap/observer/ExampleObserver_upToDate.key 
32187      INFO  main            d.u.i.k.p.i.AbstractProblemLoader Loading environment from /home/runner/work/key/key/key.core/../key.ui/examples/heap/observer/ExampleObserver_upToDate.key 
32188      DEBUG main            d.u.i.k.p.i.AbstractProblemLoader Environment load took 220.92ns 
32191      INFO  main            d.u.i.k.p.i.AbstractProblemLoader Creating init config 
34840      DEBUG main            d.u.i.k.p.i.AbstractProblemLoader Init config took 2.65s 
34886      INFO  main            d.u.i.k.p.i.AbstractProblemLoader Replaying proof ExampleObserver[Observer::$upToDate()].JML accessible clause.0 
34887      DEBUG main            d.u.i.k.p.i.IntermediateProofReplayer Proof replay took 6.2ns 
34990      INFO  main            d.u.i.k.p.r.p.TestFile    ... finished proof: closed. 
35144      INFO  main            d.u.i.k.p.i.AbstractProblemLoader Loading environment from /home/runner/work/key/key/key.core/../key.ui/examples/heap/observer/ExampleObserver_upToDate.key.proof 
35144      DEBUG main            d.u.i.k.p.i.AbstractProblemLoader Environment load took 122.01ns 
35145      INFO  main            d.u.i.k.p.i.AbstractProblemLoader Creating init config 
37775      DEBUG main            d.u.i.k.p.i.AbstractProblemLoader Init config took 2.63s 
37820      INFO  main            d.u.i.k.p.i.AbstractProblemLoader Replaying proof ExampleObserver[Observer::$upToDate()].JML accessible clause.0 
37839      DEBUG main            d.u.i.k.p.i.IntermediateProofReplayer Proof replay took 16.45ms 
37840      DEBUG main            d.u.i.k.p.r.p.TestFile    ... success: reloaded. 
37841      INFO  main            d.u.i.k.p.r.p.TestFile    Now processing file /home/runner/work/key/key/key.core/../key.ui/examples/heap/observer/ExampleObserver_value.key 
37842      INFO  main            d.u.i.k.p.i.AbstractProblemLoader Loading environment from /home/runner/work/key/key/key.core/../key.ui/examples/heap/observer/ExampleObserver_value.key 
37842      DEBUG main            d.u.i.k.p.i.AbstractProblemLoader Environment load took 219.22ns 
37843      INFO  main            d.u.i.k.p.i.AbstractProblemLoader Creating init config 
40468      DEBUG main            d.u.i.k.p.i.AbstractProblemLoader Init config took 2.62s 
40514      INFO  main            d.u.i.k.p.i.AbstractProblemLoader Replaying proof ExampleObserver[ExampleObserver::value()].JML normal_behavior operation contract.0 
40515      DEBUG main            d.u.i.k.p.i.IntermediateProofReplayer Proof replay took 6.2ns 
40619      INFO  main            d.u.i.k.p.r.p.TestFile    ... finished proof: closed. 
40792      INFO  main            d.u.i.k.p.i.AbstractProblemLoader Loading environment from /home/runner/work/key/key/key.core/../key.ui/examples/heap/observer/ExampleObserver_value.key.proof 
40792      DEBUG main            d.u.i.k.p.i.AbstractProblemLoader Environment load took 125.31ns 
40793      INFO  main            d.u.i.k.p.i.AbstractProblemLoader Creating init config 
43348      DEBUG main            d.u.i.k.p.i.AbstractProblemLoader Init config took 2.56s 
43395      INFO  main            d.u.i.k.p.i.AbstractProblemLoader Replaying proof ExampleObserver[ExampleObserver::value()].JML normal_behavior operation contract.0 
43415      DEBUG main            d.u.i.k.p.i.IntermediateProofReplayer Proof replay took 18.27ms 
43416      DEBUG main            d.u.i.k.p.r.p.TestFile    ... success: reloaded. 
43417      INFO  main            d.u.i.k.p.r.p.TestFile    Now processing file /home/runner/work/key/key/key.core/../key.ui/examples/heap/observer/ExampleSubject_addObserver.key 
43417      INFO  main            d.u.i.k.p.i.AbstractProblemLoader Loading environment from /home/runner/work/key/key/key.core/../key.ui/examples/heap/observer/ExampleSubject_addObserver.key 
43417      DEBUG main            d.u.i.k.p.i.AbstractProblemLoader Environment load took 93.71ns 
43418      INFO  main            d.u.i.k.p.i.AbstractProblemLoader Creating init config 
46038      DEBUG main            d.u.i.k.p.i.AbstractProblemLoader Init config took 2.62s 
46087      INFO  main            d.u.i.k.p.i.AbstractProblemLoader Replaying proof ExampleSubject[Subject::addObserver(Observer)].JML normal_behavior operation contract.0 
46088      DEBUG main            d.u.i.k.p.i.IntermediateProofReplayer Proof replay took 5.7ns 
51553      INFO  main            d.u.i.k.p.r.p.TestFile    ... finished proof: closed. 
51790      INFO  main            d.u.i.k.p.i.AbstractProblemLoader Loading environment from /home/runner/work/key/key/key.core/../key.ui/examples/heap/observer/ExampleSubject_addObserver.key.proof 
51790      DEBUG main            d.u.i.k.p.i.AbstractProblemLoader Environment load took 464.44ns 
51792      INFO  main            d.u.i.k.p.i.AbstractProblemLoader Creating init config 
54382      DEBUG main            d.u.i.k.p.i.AbstractProblemLoader Init config took 2.59s 
54430      INFO  main            d.u.i.k.p.i.AbstractProblemLoader Replaying proof ExampleSubject[Subject::addObserver(Observer)].JML normal_behavior operation contract.0 
55127      DEBUG main            d.u.i.k.p.i.IntermediateProofReplayer Proof replay took 679.21ms 
55129      DEBUG main            d.u.i.k.p.r.p.TestFile    ... success: reloaded. 
55131      INFO  main            d.u.i.k.p.r.p.TestFile    Now processing file /home/runner/work/key/key/key.core/../key.ui/examples/heap/observer/ExampleSubject_change.key 
55131      INFO  main            d.u.i.k.p.i.AbstractProblemLoader Loading environment from /home/runner/work/key/key/key.core/../key.ui/examples/heap/observer/ExampleSubject_change.key 
55132      DEBUG main            d.u.i.k.p.i.AbstractProblemLoader Environment load took 213.72ns 
55132      INFO  main            d.u.i.k.p.i.AbstractProblemLoader Creating init config 
57711      DEBUG main            d.u.i.k.p.i.AbstractProblemLoader Init config took 2.58s 
57758      INFO  main            d.u.i.k.p.i.AbstractProblemLoader Replaying proof ExampleSubject[ExampleSubject::change()].JML normal_behavior operation contract.0 
57760      DEBUG main            d.u.i.k.p.i.IntermediateProofReplayer Proof replay took 16.5ns 
58266      INFO  main            d.u.i.k.p.r.p.TestFile    ... finished proof: closed. 
58461      INFO  main            d.u.i.k.p.i.AbstractProblemLoader Loading environment from /home/runner/work/key/key/key.core/../key.ui/examples/heap/observer/ExampleSubject_change.key.proof 
58462      DEBUG main            d.u.i.k.p.i.AbstractProblemLoader Environment load took 703.26ns 
58463      INFO  main            d.u.i.k.p.i.AbstractProblemLoader Creating init config 
60969      DEBUG main            d.u.i.k.p.i.AbstractProblemLoader Init config took 2.51s 
61025      INFO  main            d.u.i.k.p.i.AbstractProblemLoader Replaying proof ExampleSubject[ExampleSubject::change()].JML normal_behavior operation contract.0 
61108      DEBUG main            d.u.i.k.p.i.IntermediateProofReplayer Proof replay took 79.17ms 
61109      DEBUG main            d.u.i.k.p.r.p.TestFile    ... success: reloaded. 
61111      INFO  main            d.u.i.k.p.r.p.TestFile    Now processing file /home/runner/work/key/key/key.core/../key.ui/examples/heap/observer/ExampleSubject_ExampleSubject.key 
61111      INFO  main            d.u.i.k.p.i.AbstractProblemLoader Loading environment from /home/runner/work/key/key/key.core/../key.ui/examples/heap/observer/ExampleSubject_ExampleSubject.key 
61112      DEBUG main            d.u.i.k.p.i.AbstractProblemLoader Environment load took 255.02ns 
61113      INFO  main            d.u.i.k.p.i.AbstractProblemLoader Creating init config 
63714      DEBUG main            d.u.i.k.p.i.AbstractProblemLoader Init config took 2.6s 
63758      INFO  main            d.u.i.k.p.i.AbstractProblemLoader Replaying proof ExampleSubject[ExampleSubject::ExampleSubject()].JML normal_behavior operation contract.0 
63759      DEBUG main            d.u.i.k.p.i.IntermediateProofReplayer Proof replay took 5.7ns 
64768      INFO  main            d.u.i.k.p.r.p.TestFile    ... finished proof: closed. 
65002      INFO  main            d.u.i.k.p.i.AbstractProblemLoader Loading environment from /home/runner/work/key/key/key.core/../key.ui/examples/heap/observer/ExampleSubject_ExampleSubject.key.proof 
65003      DEBUG main            d.u.i.k.p.i.AbstractProblemLoader Environment load took 537.74ns 
65004      INFO  main            d.u.i.k.p.i.AbstractProblemLoader Creating init config 
67521      DEBUG main            d.u.i.k.p.i.AbstractProblemLoader Init config took 2.52s 
67577      INFO  main            d.u.i.k.p.i.AbstractProblemLoader Replaying proof ExampleSubject[ExampleSubject::ExampleSubject()].JML normal_behavior operation contract.0 
67772      DEBUG main            d.u.i.k.p.i.IntermediateProofReplayer Proof replay took 188.75ms 
67774      DEBUG main            d.u.i.k.p.r.p.TestFile    ... success: reloaded. 
67775      INFO  main            d.u.i.k.p.r.p.TestFile    Now processing file /home/runner/work/key/key/key.core/../key.ui/examples/heap/observer/ExampleSubject_footprint.key 
67775      INFO  main            d.u.i.k.p.i.AbstractProblemLoader Loading environment from /home/runner/work/key/key/key.core/../key.ui/examples/heap/observer/ExampleSubject_footprint.key 
67776      DEBUG main            d.u.i.k.p.i.AbstractProblemLoader Environment load took 258.42ns 
67777      INFO  main            d.u.i.k.p.i.AbstractProblemLoader Creating init config 
70412      DEBUG main            d.u.i.k.p.i.AbstractProblemLoader Init config took 2.64s 
70465      INFO  main            d.u.i.k.p.i.AbstractProblemLoader Replaying proof ExampleSubject[Subject::$footprint()].JML accessible clause.0 
70467      DEBUG main            d.u.i.k.p.i.IntermediateProofReplayer Proof replay took 6.2ns 
70570      INFO  main            d.u.i.k.p.r.p.TestFile    ... finished proof: closed. 
70776      INFO  main            d.u.i.k.p.i.AbstractProblemLoader Loading environment from /home/runner/work/key/key/key.core/../key.ui/examples/heap/observer/ExampleSubject_footprint.key.proof 
70776      DEBUG main            d.u.i.k.p.i.AbstractProblemLoader Environment load took 130.01ns 
70777      INFO  main            d.u.i.k.p.i.AbstractProblemLoader Creating init config 
73309      DEBUG main            d.u.i.k.p.i.AbstractProblemLoader Init config took 2.53s 
73367      INFO  main            d.u.i.k.p.i.AbstractProblemLoader Replaying proof ExampleSubject[Subject::$footprint()].JML accessible clause.0 
73384      DEBUG main            d.u.i.k.p.i.IntermediateProofReplayer Proof replay took 14.74ms 
73385      DEBUG main            d.u.i.k.p.r.p.TestFile    ... success: reloaded. 
73386      INFO  main            d.u.i.k.p.r.p.TestFile    Now processing file /home/runner/work/key/key/key.core/../key.ui/examples/heap/observer/ExampleSubject_inv.key 
73387      INFO  main            d.u.i.k.p.i.AbstractProblemLoader Loading environment from /home/runner/work/key/key/key.core/../key.ui/examples/heap/observer/ExampleSubject_inv.key 
73387      DEBUG main            d.u.i.k.p.i.AbstractProblemLoader Environment load took 238.62ns 
73388      INFO  main            d.u.i.k.p.i.AbstractProblemLoader Creating init config 
75931      DEBUG main            d.u.i.k.p.i.AbstractProblemLoader Init config took 2.54s 
75972      INFO  main            d.u.i.k.p.i.AbstractProblemLoader Replaying proof ExampleSubject[java.lang.Object::<inv>()].JML accessible clause.0 
75974      DEBUG main            d.u.i.k.p.i.IntermediateProofReplayer Proof replay took 6.8ns 
77098      INFO  main            d.u.i.k.p.r.p.TestFile    ... finished proof: closed. 
77309      INFO  main            d.u.i.k.p.i.AbstractProblemLoader Loading environment from /home/runner/work/key/key/key.core/../key.ui/examples/heap/observer/ExampleSubject_inv.key.proof 
77309      DEBUG main            d.u.i.k.p.i.AbstractProblemLoader Environment load took 140.31ns 
77311      INFO  main            d.u.i.k.p.i.AbstractProblemLoader Creating init config 
79813      DEBUG main            d.u.i.k.p.i.AbstractProblemLoader Init config took 2.5s 
79859      INFO  main            d.u.i.k.p.i.AbstractProblemLoader Replaying proof ExampleSubject[java.lang.Object::<inv>()].JML accessible clause.0 
79982      DEBUG main            d.u.i.k.p.i.IntermediateProofReplayer Proof replay took 115.15ms 
79983      DEBUG main            d.u.i.k.p.r.p.TestFile    ... success: reloaded. 
79985      INFO  main            d.u.i.k.p.r.p.TestFile    Now processing file /home/runner/work/key/key/key.core/../key.ui/examples/heap/observer/ExampleSubject_notifyObservers.key 
79985      INFO  main            d.u.i.k.p.i.AbstractProblemLoader Loading environment from /home/runner/work/key/key/key.core/../key.ui/examples/heap/observer/ExampleSubject_notifyObservers.key 
79985      DEBUG main            d.u.i.k.p.i.AbstractProblemLoader Environment load took 237.22ns 
79986      INFO  main            d.u.i.k.p.i.AbstractProblemLoader Creating init config 
82552      DEBUG main            d.u.i.k.p.i.AbstractProblemLoader Init config took 2.57s 
82598      INFO  main            d.u.i.k.p.i.AbstractProblemLoader Replaying proof Subject[Subject::notifyObservers()].JML normal_behavior operation contract.0 
82599      DEBUG main            d.u.i.k.p.i.IntermediateProofReplayer Proof replay took 21.2ns 
82701      INFO  main            d.u.i.k.p.r.p.TestFile    ... finished proof: closed. 
82894      INFO  main            d.u.i.k.p.i.AbstractProblemLoader Loading environment from /home/runner/work/key/key/key.core/../key.ui/examples/heap/observer/ExampleSubject_notifyObservers.key.proof 
82894      DEBUG main            d.u.i.k.p.i.AbstractProblemLoader Environment load took 116.91ns 
82895      INFO  main            d.u.i.k.p.i.AbstractProblemLoader Creating init config 
85454      DEBUG main            d.u.i.k.p.i.AbstractProblemLoader Init config took 2.56s 
85500      INFO  main            d.u.i.k.p.i.AbstractProblemLoader Replaying proof Subject[Subject::notifyObservers()].JML normal_behavior operation contract.0 
85504      DEBUG main            d.u.i.k.p.i.IntermediateProofReplayer Proof replay took 3.02ms 
85505      DEBUG main            d.u.i.k.p.r.p.TestFile    ... success: reloaded. 
85507      INFO  main            d.u.i.k.p.r.p.TestFile    Now processing file /home/runner/work/key/key/key.core/../key.ui/examples/heap/observer/ExampleSubject_value_dep.key 
85507      INFO  main            d.u.i.k.p.i.AbstractProblemLoader Loading environment from /home/runner/work/key/key/key.core/../key.ui/examples/heap/observer/ExampleSubject_value_dep.key 
85507      DEBUG main            d.u.i.k.p.i.AbstractProblemLoader Environment load took 238.42ns 
85508      INFO  main            d.u.i.k.p.i.AbstractProblemLoader Creating init config 
88138      DEBUG main            d.u.i.k.p.i.AbstractProblemLoader Init config took 2.63s 
88180      INFO  main            d.u.i.k.p.i.AbstractProblemLoader Replaying proof ExampleSubject[ExampleSubject::value()].JML accessible clause.0 
88182      DEBUG main            d.u.i.k.p.i.IntermediateProofReplayer Proof replay took 5.2ns 
88288      INFO  main            d.u.i.k.p.r.p.TestFile    ... finished proof: closed. 
88498      INFO  main            d.u.i.k.p.i.AbstractProblemLoader Loading environment from /home/runner/work/key/key/key.core/../key.ui/examples/heap/observer/ExampleSubject_value_dep.key.proof 
88498      DEBUG main            d.u.i.k.p.i.AbstractProblemLoader Environment load took 129.71ns 
88499      INFO  main            d.u.i.k.p.i.AbstractProblemLoader Creating init config 
90970      DEBUG main            d.u.i.k.p.i.AbstractProblemLoader Init config took 2.47s 
91022      INFO  main            d.u.i.k.p.i.AbstractProblemLoader Replaying proof ExampleSubject[ExampleSubject::value()].JML accessible clause.0 
91042      DEBUG main            d.u.i.k.p.i.IntermediateProofReplayer Proof replay took 18.28ms 
91043      DEBUG main            d.u.i.k.p.r.p.TestFile    ... success: reloaded. 
91045      INFO  main            d.u.i.k.p.r.p.TestFile    Now processing file /home/runner/work/key/key/key.core/../key.ui/examples/heap/observer/ExampleSubject_value.key 
91045      INFO  main            d.u.i.k.p.i.AbstractProblemLoader Loading environment from /home/runner/work/key/key/key.core/../key.ui/examples/heap/observer/ExampleSubject_value.key 
91045      DEBUG main            d.u.i.k.p.i.AbstractProblemLoader Environment load took 288.52ns 
91046      INFO  main            d.u.i.k.p.i.AbstractProblemLoader Creating init config 
93606      DEBUG main            d.u.i.k.p.i.AbstractProblemLoader Init config took 2.56s 
93646      INFO  main            d.u.i.k.p.i.AbstractProblemLoader Replaying proof ExampleSubject[ExampleSubject::value()].JML normal_behavior operation contract.0 
93647      DEBUG main            d.u.i.k.p.i.IntermediateProofReplayer Proof replay took 5.4ns 
93749      INFO  main            d.u.i.k.p.r.p.TestFile    ... finished proof: closed. 
93972      INFO  main            d.u.i.k.p.i.AbstractProblemLoader Loading environment from /home/runner/work/key/key/key.core/../key.ui/examples/heap/observer/ExampleSubject_value.key.proof 
93972      DEBUG main            d.u.i.k.p.i.AbstractProblemLoader Environment load took 128.91ns 
93973      INFO  main            d.u.i.k.p.i.AbstractProblemLoader Creating init config 
96543      DEBUG main            d.u.i.k.p.i.AbstractProblemLoader Init config took 2.57s 
96584      INFO  main            d.u.i.k.p.i.AbstractProblemLoader Replaying proof ExampleSubject[ExampleSubject::value()].JML normal_behavior operation contract.0 
96596      DEBUG main            d.u.i.k.p.i.IntermediateProofReplayer Proof replay took 10.6ms 
96596      DEBUG main            d.u.i.k.p.r.p.TestFile    ... success: reloaded. 
1483031    INFO  Test worker     d.u.i.k.p.r.RunAllProofsTestUnit Returning from test observer 
1483033    INFO  Test worker     d.u.i.k.p.r.RunAllProofsTestUnit Running test removeDups 
311        INFO  Timeout watchdog d.u.i.k.p.r.p.ForkedTestFileRunner Timeout watcher launched (2000 secs.) 
318        WARN  main            d.u.i.k.s.ProofSettings   The settings in /home/runner/.key/proof-settings.props are *not* read. 
345        INFO  main            d.u.i.k.p.r.p.TestFile    Now processing file /home/runner/work/key/key/key.core/../key.ui/examples/heap/removeDups/arrayPart.key 
441        INFO  main            d.u.i.k.p.i.AbstractProblemLoader Loading environment from /home/runner/work/key/key/key.core/../key.ui/examples/heap/removeDups/arrayPart.key 
459        DEBUG main            d.u.i.k.p.i.AbstractProblemLoader Environment load took 1.65ms 
669        INFO  main            d.u.i.k.p.i.AbstractProblemLoader Creating init config 
1454       DEBUG main            d.u.i.k.j.TypeConverter   No LDT found for Meta 
1455       DEBUG main            d.u.i.k.j.TypeConverter   No LDT found for Meta 
1455       DEBUG main            d.u.i.k.j.TypeConverter   No LDT found for Meta 
1456       DEBUG main            d.u.i.k.j.TypeConverter   No LDT found for Meta 
2805       DEBUG main            d.u.i.k.j.TypeConverter   No LDT found for JavaBigintExpression 
8020       DEBUG main            d.u.i.k.p.i.AbstractProblemLoader Init config took 7.35s 
8135       INFO  main            d.u.i.k.p.i.AbstractProblemLoader Replaying proof RemoveDup[RemoveDup::arrayPart([I,int)].JML normal_behavior operation contract.0 
8168       DEBUG main            d.u.i.k.p.i.IntermediateProofReplayer Proof replay took 30ns 
10971      INFO  main            d.u.i.k.p.r.p.TestFile    ... finished proof: closed. 
11134      INFO  main            d.u.i.k.p.i.AbstractProblemLoader Loading environment from /home/runner/work/key/key/key.core/../key.ui/examples/heap/removeDups/arrayPart.key.proof 
11135      DEBUG main            d.u.i.k.p.i.AbstractProblemLoader Environment load took 525.04ns 
11137      INFO  main            d.u.i.k.p.i.AbstractProblemLoader Creating init config 
14186      DEBUG main            d.u.i.k.p.i.AbstractProblemLoader Init config took 3.05s 
14262      INFO  main            d.u.i.k.p.i.AbstractProblemLoader Replaying proof RemoveDup[RemoveDup::arrayPart([I,int)].JML normal_behavior operation contract.0 
14674      DEBUG main            d.u.i.k.p.i.IntermediateProofReplayer Proof replay took 401.22ms 
14683      DEBUG main            d.u.i.k.p.r.p.TestFile    ... success: reloaded. 
14685      INFO  main            d.u.i.k.p.r.p.TestFile    Now processing file /home/runner/work/key/key/key.core/../key.ui/examples/heap/removeDups/contains.key 
14685      INFO  main            d.u.i.k.p.i.AbstractProblemLoader Loading environment from /home/runner/work/key/key/key.core/../key.ui/examples/heap/removeDups/contains.key 
14685      DEBUG main            d.u.i.k.p.i.AbstractProblemLoader Environment load took 133.91ns 
14688      INFO  main            d.u.i.k.p.i.AbstractProblemLoader Creating init config 
17663      DEBUG main            d.u.i.k.p.i.AbstractProblemLoader Init config took 2.97s 
17737      INFO  main            d.u.i.k.p.i.AbstractProblemLoader Replaying proof RemoveDup[RemoveDup::contains([I,int,int)].JML normal_behavior operation contract.0 
17742      DEBUG main            d.u.i.k.p.i.IntermediateProofReplayer Proof replay took 5.8ns 
18346      INFO  main            d.u.i.k.p.r.p.TestFile    ... finished proof: closed. 
18495      INFO  main            d.u.i.k.p.i.AbstractProblemLoader Loading environment from /home/runner/work/key/key/key.core/../key.ui/examples/heap/removeDups/contains.key.proof 
18496      DEBUG main            d.u.i.k.p.i.AbstractProblemLoader Environment load took 1.42ms 
18500      INFO  main            d.u.i.k.p.i.AbstractProblemLoader Creating init config 
21074      DEBUG main            d.u.i.k.p.i.AbstractProblemLoader Init config took 2.57s 
21118      INFO  main            d.u.i.k.p.i.AbstractProblemLoader Replaying proof RemoveDup[RemoveDup::contains([I,int,int)].JML normal_behavior operation contract.0 
21247      DEBUG main            d.u.i.k.p.i.IntermediateProofReplayer Proof replay took 124.87ms 
21249      DEBUG main            d.u.i.k.p.r.p.TestFile    ... success: reloaded. 
21250      INFO  main            d.u.i.k.p.r.p.TestFile    Now processing file /home/runner/work/key/key/key.core/../key.ui/examples/heap/removeDups/removeDup.key 
21250      INFO  main            d.u.i.k.p.i.AbstractProblemLoader Loading environment from /home/runner/work/key/key/key.core/../key.ui/examples/heap/removeDups/removeDup.key 
21251      DEBUG main            d.u.i.k.p.i.AbstractProblemLoader Environment load took 289.12ns 
21252      INFO  main            d.u.i.k.p.i.AbstractProblemLoader Creating init config 
23979      DEBUG main            d.u.i.k.p.i.AbstractProblemLoader Init config took 2.73s 
24027      INFO  main            d.u.i.k.p.i.AbstractProblemLoader Replaying proof RemoveDup[RemoveDup::removeDup([I)].JML normal_behavior operation contract.0 
24029      DEBUG main            d.u.i.k.p.i.IntermediateProofReplayer Proof replay took 6.7ns 
29205      DEBUG Thread-7        d.u.i.k.j.d.VariableSpecification Program match. Variables have different dimension (template #v0 = #vi;, source a#11[] = var;) 
52310      INFO  main            d.u.i.k.p.r.p.TestFile    ... finished proof: closed. 
52580      INFO  main            d.u.i.k.p.i.AbstractProblemLoader Loading environment from /home/runner/work/key/key/key.core/../key.ui/examples/heap/removeDups/removeDup.key.proof 
52580      DEBUG main            d.u.i.k.p.i.AbstractProblemLoader Environment load took 548.24ns 
52591      INFO  main            d.u.i.k.p.i.AbstractProblemLoader Creating init config 
55088      DEBUG main            d.u.i.k.p.i.AbstractProblemLoader Init config took 2.5s 
55155      INFO  main            d.u.i.k.p.i.AbstractProblemLoader Replaying proof RemoveDup[RemoveDup::removeDup([I)].JML normal_behavior operation contract.0 
57210      DEBUG main            d.u.i.k.p.i.IntermediateProofReplayer Proof replay took 1.98s 
57214      DEBUG main            d.u.i.k.p.r.p.TestFile    ... success: reloaded. 
57215      INFO  main            d.u.i.k.p.r.p.TestFile    Now processing file /home/runner/work/key/key/key.core/../key.ui/examples/heap/saddleback_search/Saddleback_search.key 
57216      INFO  main            d.u.i.k.p.i.AbstractProblemLoader Loading environment from /home/runner/work/key/key/key.core/../key.ui/examples/heap/saddleback_search/Saddleback_search.key 
57216      DEBUG main            d.u.i.k.p.i.AbstractProblemLoader Environment load took 267.32ns 
57217      INFO  main            d.u.i.k.p.i.AbstractProblemLoader Creating init config 
59929      DEBUG main            d.u.i.k.p.i.AbstractProblemLoader Init config took 2.71s 
59972      INFO  main            d.u.i.k.p.i.AbstractProblemLoader Replaying proof Saddleback[Saddleback::search([[I,int)].JML normal_behavior operation contract.0 
59981      DEBUG main            d.u.i.k.p.i.IntermediateProofReplayer Proof replay took 6ns 
145001     INFO  main            d.u.i.k.p.r.p.TestFile    ... finished proof: closed. 
145377     INFO  main            d.u.i.k.p.i.AbstractProblemLoader Loading environment from /home/runner/work/key/key/key.core/../key.ui/examples/heap/saddleback_search/Saddleback_search.key.proof 
145377     DEBUG main            d.u.i.k.p.i.AbstractProblemLoader Environment load took 501.44ns 
145390     INFO  main            d.u.i.k.p.i.AbstractProblemLoader Creating init config 
147832     DEBUG main            d.u.i.k.p.i.AbstractProblemLoader Init config took 2.44s 
147878     INFO  main            d.u.i.k.p.i.AbstractProblemLoader Replaying proof Saddleback[Saddleback::search([[I,int)].JML normal_behavior operation contract.0 
150470     DEBUG main            d.u.i.k.p.i.IntermediateProofReplayer Proof replay took 2.42s 
150522     DEBUG main            d.u.i.k.p.r.p.TestFile    ... success: reloaded. 
1634454    INFO  Test worker     d.u.i.k.p.r.RunAllProofsTestUnit Returning from test removeDups 
1634455    INFO  Test worker     d.u.i.k.p.r.RunAllProofsTestUnit Running test quicksort 
324        INFO  Timeout watchdog d.u.i.k.p.r.p.ForkedTestFileRunner Timeout watcher launched (2000 secs.) 
330        WARN  main            d.u.i.k.s.ProofSettings   The settings in /home/runner/.key/proof-settings.props are *not* read. 
354        INFO  main            d.u.i.k.p.r.p.TestFile    Now processing file /home/runner/work/key/key/key.core/../key.ui/examples/heap/quicksort/toplevel.key 
456        INFO  main            d.u.i.k.p.i.AbstractProblemLoader Loading environment from /home/runner/work/key/key/key.core/../key.ui/examples/heap/quicksort/toplevel.key 
471        DEBUG main            d.u.i.k.p.i.AbstractProblemLoader Environment load took 1.9ms 
665        INFO  main            d.u.i.k.p.i.AbstractProblemLoader Creating init config 
1483       DEBUG main            d.u.i.k.j.TypeConverter   No LDT found for Meta 
1484       DEBUG main            d.u.i.k.j.TypeConverter   No LDT found for Meta 
1514       DEBUG main            d.u.i.k.j.TypeConverter   No LDT found for Meta 
1514       DEBUG main            d.u.i.k.j.TypeConverter   No LDT found for Meta 
2797       DEBUG main            d.u.i.k.j.TypeConverter   No LDT found for JavaBigintExpression 
8056       DEBUG main            d.u.i.k.p.i.AbstractProblemLoader Init config took 7.39s 
8171       INFO  main            d.u.i.k.p.i.AbstractProblemLoader Replaying proof Quicksort[Quicksort::sort([I)].JML normal_behavior operation contract.0 
8205       DEBUG main            d.u.i.k.p.i.IntermediateProofReplayer Proof replay took 35ns 
9383       INFO  main            d.u.i.k.p.r.p.TestFile    ... finished proof: closed. 
9507       INFO  main            d.u.i.k.p.i.AbstractProblemLoader Loading environment from /home/runner/work/key/key/key.core/../key.ui/examples/heap/quicksort/toplevel.key.proof 
9511       DEBUG main            d.u.i.k.p.i.AbstractProblemLoader Environment load took 3.78ms 
9514       INFO  main            d.u.i.k.p.i.AbstractProblemLoader Creating init config 
12438      DEBUG main            d.u.i.k.p.i.AbstractProblemLoader Init config took 2.92s 
12500      INFO  main            d.u.i.k.p.i.AbstractProblemLoader Replaying proof Quicksort[Quicksort::sort([I)].JML normal_behavior operation contract.0 
12753      DEBUG main            d.u.i.k.p.i.IntermediateProofReplayer Proof replay took 237.22ms 
12760      DEBUG main            d.u.i.k.p.r.p.TestFile    ... success: reloaded. 
12765      INFO  main            d.u.i.k.p.r.p.TestFile    Now processing file /home/runner/work/key/key/key.core/../key.ui/examples/heap/quicksort/sort.key 
12765      INFO  main            d.u.i.k.p.i.AbstractProblemLoader Loading environment from /home/runner/work/key/key/key.core/../key.ui/examples/heap/quicksort/sort.key 
12765      DEBUG main            d.u.i.k.p.i.AbstractProblemLoader Environment load took 122.91ns 
12769      INFO  main            d.u.i.k.p.i.AbstractProblemLoader Creating init config 
15651      DEBUG main            d.u.i.k.p.i.AbstractProblemLoader Init config took 2.88s 
15704      INFO  main            d.u.i.k.p.i.AbstractProblemLoader Replaying proof Quicksort[Quicksort::sort([I,int,int)].JML normal_behavior operation contract.0 
15707      DEBUG main            d.u.i.k.p.i.IntermediateProofReplayer Proof replay took 5.4ns 
15733      DEBUG main            d.u.i.k.m.s.ProofScriptEngine 1: 'script 'sort.script'' 
15736      INFO  main            d.u.i.k.m.s.ProofScriptCommand Included script /home/runner/work/key/key/key.core/../key.ui/examples/heap/quicksort/sort.script 
15736      DEBUG main            d.u.i.k.m.s.ProofScriptEngine 1: 'macro autopilot-prep' 
16847      DEBUG main            d.u.i.k.m.s.ProofScriptEngine 2: 'select formula="{heapAtPre:=heap || exc:=null || heap:=heapAfter_sort_0}
   seq ...' 
16851      DEBUG main            d.u.i.k.m.s.ProofScriptEngine 3: 'macro simp-upd' 
16859      DEBUG main            d.u.i.k.m.s.ProofScriptEngine 4: 'let   @seqPre="seqDef{int u;}(0, array.length, array[u])"
    @seqSplit="seqDef ...' 
16861      DEBUG main            d.u.i.k.m.s.ProofScriptEngine 5: 'rule seqPermSym 
  formula="seqPerm(@seqSplit, @seqPre)"' 
16875      DEBUG main            d.u.i.k.m.s.ProofScriptEngine 6: 'rule seqPermSym
  formula="seqPerm(@seqSort, @seqSplit)"' 
16876      DEBUG main            d.u.i.k.m.s.ProofScriptEngine 7: 'rule seqPermSym
  formula="seqPerm(@seqSort0, @seqSort)"' 
16878      DEBUG main            d.u.i.k.m.s.ProofScriptEngine 8: 'rule seqPermTrans
  formula="seqPerm(@seqPre, @seqSplit)"' 
16878      DEBUG main            d.u.i.k.m.s.ProofScriptEngine 9: 'rule seqPermTrans
  formula="seqPerm(@seqPre, @seqSort)"' 
16879      DEBUG main            d.u.i.k.m.s.ProofScriptEngine 10: 'rule seqPermSym
  formula="seqPerm(@seqPre, @seqSort0)"' 
16880      DEBUG main            d.u.i.k.m.s.ProofScriptEngine 11: 'tryclose' 
43708      INFO  main            d.u.i.k.p.r.p.TestFile    ... finished proof: closed. 
43977      INFO  main            d.u.i.k.p.i.AbstractProblemLoader Loading environment from /home/runner/work/key/key/key.core/../key.ui/examples/heap/quicksort/sort.key.proof 
43991      DEBUG main            d.u.i.k.p.i.AbstractProblemLoader Environment load took 13.94ms 
44005      INFO  main            d.u.i.k.p.i.AbstractProblemLoader Creating init config 
46646      DEBUG main            d.u.i.k.p.i.AbstractProblemLoader Init config took 2.64s 
46691      INFO  main            d.u.i.k.p.i.AbstractProblemLoader Replaying proof Quicksort[Quicksort::sort([I,int,int)].JML normal_behavior operation contract.0 
48608      DEBUG main            d.u.i.k.p.i.IntermediateProofReplayer Proof replay took 1.82s 
48613      DEBUG main            d.u.i.k.p.r.p.TestFile    ... success: reloaded. 
48623      INFO  main            d.u.i.k.p.r.p.TestFile    Now processing file /home/runner/work/key/key/key.core/../key.ui/examples/heap/quicksort/split.key 
48623      INFO  main            d.u.i.k.p.i.AbstractProblemLoader Loading environment from /home/runner/work/key/key/key.core/../key.ui/examples/heap/quicksort/split.key 
48625      DEBUG main            d.u.i.k.p.i.AbstractProblemLoader Environment load took 1.49ms 
48626      INFO  main            d.u.i.k.p.i.AbstractProblemLoader Creating init config 
51502      DEBUG main            d.u.i.k.p.i.AbstractProblemLoader Init config took 2.88s 
51549      INFO  main            d.u.i.k.p.i.AbstractProblemLoader Replaying proof Quicksort[Quicksort::split([I,int,int)].JML normal_behavior operation contract.0 
51552      DEBUG main            d.u.i.k.p.i.IntermediateProofReplayer Proof replay took 5.7ns 
51553      DEBUG main            d.u.i.k.m.s.ProofScriptEngine 1: 'macro autopilot-prep' 
52765      DEBUG main            d.u.i.k.m.s.ProofScriptEngine 2: 'tryclose' 
90345      DEBUG main            d.u.i.k.m.s.ProofScriptEngine 3: 'macro simp-upd' 
90450      DEBUG main            d.u.i.k.m.s.ProofScriptEngine 4: 'rule seqPermFromSwap' 
90465      DEBUG main            d.u.i.k.m.s.ProofScriptEngine 5: 'rule andRight' 
90467      DEBUG main            d.u.i.k.m.s.ProofScriptEngine 6: 'auto' 
90491      DEBUG main            d.u.i.k.m.s.ProofScriptEngine 7: 'instantiate hide var=iv with=i_0' 
90498      DEBUG main            d.u.i.k.m.s.ProofScriptEngine 8: 'instantiate hide var=jv with=j_0' 
90499      DEBUG main            d.u.i.k.m.s.ProofScriptEngine 9: 'auto' 
97155      DEBUG main            d.u.i.k.m.s.ProofScriptEngine 10: 'macro simp-upd' 
97225      DEBUG main            d.u.i.k.m.s.ProofScriptEngine 11: 'rule seqPermFromSwap' 
97230      DEBUG main            d.u.i.k.m.s.ProofScriptEngine 12: 'rule andRight' 
97231      DEBUG main            d.u.i.k.m.s.ProofScriptEngine 13: 'auto' 
97248      DEBUG main            d.u.i.k.m.s.ProofScriptEngine 14: 'instantiate hide var=iv with=i_0' 
97251      DEBUG main            d.u.i.k.m.s.ProofScriptEngine 15: 'instantiate hide var=jv with=to' 
97253      DEBUG main            d.u.i.k.m.s.ProofScriptEngine 16: 'auto' 
102575     INFO  main            d.u.i.k.p.r.p.TestFile    ... finished proof: closed. 
103084     INFO  main            d.u.i.k.p.i.AbstractProblemLoader Loading environment from /home/runner/work/key/key/key.core/../key.ui/examples/heap/quicksort/split.key.proof 
103084     DEBUG main            d.u.i.k.p.i.AbstractProblemLoader Environment load took 480.73ns 
103096     INFO  main            d.u.i.k.p.i.AbstractProblemLoader Creating init config 
105648     DEBUG main            d.u.i.k.p.i.AbstractProblemLoader Init config took 2.55s 
105692     INFO  main            d.u.i.k.p.i.AbstractProblemLoader Replaying proof Quicksort[Quicksort::split([I,int,int)].JML normal_behavior operation contract.0 
109292     DEBUG main            d.u.i.k.p.i.IntermediateProofReplayer Proof replay took 3.41s 
109304     DEBUG main            d.u.i.k.p.r.p.TestFile    ... success: reloaded. 
1744132    INFO  Test worker     d.u.i.k.p.r.RunAllProofsTestUnit Returning from test quicksort 
1744133    INFO  Test worker     d.u.i.k.p.r.RunAllProofsTestUnit Running test simpleTests 
327        INFO  Timeout watchdog d.u.i.k.p.r.p.ForkedTestFileRunner Timeout watcher launched (2000 secs.) 
334        WARN  main            d.u.i.k.s.ProofSettings   The settings in /home/runner/.key/proof-settings.props are *not* read. 
361        INFO  main            d.u.i.k.p.r.p.TestFile    Now processing file /home/runner/work/key/key/key.core/../key.ui/examples/heap/simple/anonymise_datagroup.key 
472        INFO  main            d.u.i.k.p.i.AbstractProblemLoader Loading environment from /home/runner/work/key/key/key.core/../key.ui/examples/heap/simple/anonymise_datagroup.key 
487        DEBUG main            d.u.i.k.p.i.AbstractProblemLoader Environment load took 1.49ms 
717        INFO  main            d.u.i.k.p.i.AbstractProblemLoader Creating init config 
1550       DEBUG main            d.u.i.k.j.TypeConverter   No LDT found for Meta 
1550       DEBUG main            d.u.i.k.j.TypeConverter   No LDT found for Meta 
1553       DEBUG main            d.u.i.k.j.TypeConverter   No LDT found for Meta 
1553       DEBUG main            d.u.i.k.j.TypeConverter   No LDT found for Meta 
2674       DEBUG main            d.u.i.k.j.TypeConverter   No LDT found for JavaBigintExpression 
6964       DEBUG main            d.u.i.k.p.i.AbstractProblemLoader Init config took 6.25s 
7016       INFO  main            d.u.i.k.p.i.AbstractProblemLoader Replaying proof anonymise_datagroup.key 
7050       DEBUG main            d.u.i.k.p.i.IntermediateProofReplayer Proof replay took 27.6ns 
7204       INFO  main            d.u.i.k.p.r.p.TestFile    ... finished proof: closed. 
7305       INFO  main            d.u.i.k.p.i.AbstractProblemLoader Loading environment from /home/runner/work/key/key/key.core/../key.ui/examples/heap/simple/anonymise_datagroup.key.proof 
7306       DEBUG main            d.u.i.k.p.i.AbstractProblemLoader Environment load took 470.53ns 
7310       INFO  main            d.u.i.k.p.i.AbstractProblemLoader Creating init config 
9822       DEBUG main            d.u.i.k.p.i.AbstractProblemLoader Init config took 2.51s 
9857       INFO  main            d.u.i.k.p.i.AbstractProblemLoader Replaying proof anonymise_datagroup.key.proof 
9870       DEBUG main            d.u.i.k.p.i.IntermediateProofReplayer Proof replay took 8.95ms 
9881       DEBUG main            d.u.i.k.p.r.p.TestFile    ... success: reloaded. 
9883       INFO  main            d.u.i.k.p.r.p.TestFile    Now processing file /home/runner/work/key/key/key.core/../key.ui/examples/heap/simple/array_creation.key 
9883       INFO  main            d.u.i.k.p.i.AbstractProblemLoader Loading environment from /home/runner/work/key/key/key.core/../key.ui/examples/heap/simple/array_creation.key 
9883       DEBUG main            d.u.i.k.p.i.AbstractProblemLoader Environment load took 256.22ns 
9886       INFO  main            d.u.i.k.p.i.AbstractProblemLoader Creating init config 
12339      DEBUG main            d.u.i.k.p.i.AbstractProblemLoader Init config took 2.45s 
12367      INFO  main            d.u.i.k.p.i.AbstractProblemLoader Replaying proof array_creation.key 
12371      DEBUG main            d.u.i.k.p.i.IntermediateProofReplayer Proof replay took 7ns 
12984      INFO  main            d.u.i.k.p.r.p.TestFile    ... finished proof: closed. 
13140      INFO  main            d.u.i.k.p.i.AbstractProblemLoader Loading environment from /home/runner/work/key/key/key.core/../key.ui/examples/heap/simple/array_creation.key.proof 
13140      DEBUG main            d.u.i.k.p.i.AbstractProblemLoader Environment load took 509.14ns 
13144      INFO  main            d.u.i.k.p.i.AbstractProblemLoader Creating init config 
15641      DEBUG main            d.u.i.k.p.i.AbstractProblemLoader Init config took 2.5s 
15666      INFO  main            d.u.i.k.p.i.AbstractProblemLoader Replaying proof array_creation.key.proof 
15765      DEBUG main            d.u.i.k.p.i.IntermediateProofReplayer Proof replay took 94.84ms 
15766      DEBUG main            d.u.i.k.p.r.p.TestFile    ... success: reloaded. 
15767      INFO  main            d.u.i.k.p.r.p.TestFile    Now processing file /home/runner/work/key/key/key.core/../key.ui/examples/heap/simple/arrays_with_disjoint_sorts.key 
15767      INFO  main            d.u.i.k.p.i.AbstractProblemLoader Loading environment from /home/runner/work/key/key/key.core/../key.ui/examples/heap/simple/arrays_with_disjoint_sorts.key 
15768      DEBUG main            d.u.i.k.p.i.AbstractProblemLoader Environment load took 200.81ns 
15769      INFO  main            d.u.i.k.p.i.AbstractProblemLoader Creating init config 
18226      DEBUG main            d.u.i.k.p.i.AbstractProblemLoader Init config took 2.46s 
18250      INFO  main            d.u.i.k.p.i.AbstractProblemLoader Replaying proof arrays_with_disjoint_sorts.key 
18252      DEBUG main            d.u.i.k.p.i.IntermediateProofReplayer Proof replay took 5.2ns 
18458      INFO  main            d.u.i.k.p.r.p.TestFile    ... finished proof: closed. 
18641      INFO  main            d.u.i.k.p.i.AbstractProblemLoader Loading environment from /home/runner/work/key/key/key.core/../key.ui/examples/heap/simple/arrays_with_disjoint_sorts.key.proof 
18642      DEBUG main            d.u.i.k.p.i.AbstractProblemLoader Environment load took 425.93ns 
18643      INFO  main            d.u.i.k.p.i.AbstractProblemLoader Creating init config 
21055      DEBUG main            d.u.i.k.p.i.AbstractProblemLoader Init config took 2.41s 
21076      INFO  main            d.u.i.k.p.i.AbstractProblemLoader Replaying proof arrays_with_disjoint_sorts.key.proof 
21100      DEBUG main            d.u.i.k.p.i.IntermediateProofReplayer Proof replay took 21.06ms 
21101      DEBUG main            d.u.i.k.p.r.p.TestFile    ... success: reloaded. 
21102      INFO  main            d.u.i.k.p.r.p.TestFile    Now processing file /home/runner/work/key/key/key.core/../key.ui/examples/heap/simple/arrays.key 
21103      INFO  main            d.u.i.k.p.i.AbstractProblemLoader Loading environment from /home/runner/work/key/key/key.core/../key.ui/examples/heap/simple/arrays.key 
21103      DEBUG main            d.u.i.k.p.i.AbstractProblemLoader Environment load took 221.92ns 
21104      INFO  main            d.u.i.k.p.i.AbstractProblemLoader Creating init config 
23477      DEBUG main            d.u.i.k.p.i.AbstractProblemLoader Init config took 2.37s 
23497      INFO  main            d.u.i.k.p.i.AbstractProblemLoader Replaying proof arrays.key 
23500      DEBUG main            d.u.i.k.p.i.IntermediateProofReplayer Proof replay took 5.7ns 
23706      INFO  main            d.u.i.k.p.r.p.TestFile    ... finished proof: closed. 
23853      INFO  main            d.u.i.k.p.i.AbstractProblemLoader Loading environment from /home/runner/work/key/key/key.core/../key.ui/examples/heap/simple/arrays.key.proof 
23853      DEBUG main            d.u.i.k.p.i.AbstractProblemLoader Environment load took 118.31ns 
23854      INFO  main            d.u.i.k.p.i.AbstractProblemLoader Creating init config 
26214      DEBUG main            d.u.i.k.p.i.AbstractProblemLoader Init config took 2.36s 
26236      INFO  main            d.u.i.k.p.i.AbstractProblemLoader Replaying proof arrays.key.proof 
26271      DEBUG main            d.u.i.k.p.i.IntermediateProofReplayer Proof replay took 29.16ms 
26272      DEBUG main            d.u.i.k.p.r.p.TestFile    ... success: reloaded. 
26275      INFO  main            d.u.i.k.p.r.p.TestFile    Now processing file /home/runner/work/key/key/key.core/../key.ui/examples/heap/simple/attributes.key 
26275      INFO  main            d.u.i.k.p.i.AbstractProblemLoader Loading environment from /home/runner/work/key/key/key.core/../key.ui/examples/heap/simple/attributes.key 
26275      DEBUG main            d.u.i.k.p.i.AbstractProblemLoader Environment load took 63.8ns 
26276      INFO  main            d.u.i.k.p.i.AbstractProblemLoader Creating init config 
28713      DEBUG main            d.u.i.k.p.i.AbstractProblemLoader Init config took 2.44s 
28733      INFO  main            d.u.i.k.p.i.AbstractProblemLoader Replaying proof attributes.key 
28735      DEBUG main            d.u.i.k.p.i.IntermediateProofReplayer Proof replay took 6.5ns 
28843      INFO  main            d.u.i.k.p.r.p.TestFile    ... finished proof: closed. 
28992      INFO  main            d.u.i.k.p.i.AbstractProblemLoader Loading environment from /home/runner/work/key/key/key.core/../key.ui/examples/heap/simple/attributes.key.proof 
28993      DEBUG main            d.u.i.k.p.i.AbstractProblemLoader Environment load took 144.81ns 
28994      INFO  main            d.u.i.k.p.i.AbstractProblemLoader Creating init config 
31360      DEBUG main            d.u.i.k.p.i.AbstractProblemLoader Init config took 2.37s 
31381      INFO  main            d.u.i.k.p.i.AbstractProblemLoader Replaying proof attributes.key.proof 
31385      DEBUG main            d.u.i.k.p.i.IntermediateProofReplayer Proof replay took 2.06ms 
31386      DEBUG main            d.u.i.k.p.r.p.TestFile    ... success: reloaded. 
31386      INFO  main            d.u.i.k.p.r.p.TestFile    Now processing file /home/runner/work/key/key/key.core/../key.ui/examples/heap/simple/constructor_contracts.key 
31387      INFO  main            d.u.i.k.p.i.AbstractProblemLoader Loading environment from /home/runner/work/key/key/key.core/../key.ui/examples/heap/simple/constructor_contracts.key 
31387      DEBUG main            d.u.i.k.p.i.AbstractProblemLoader Environment load took 209.12ns 
31389      INFO  main            d.u.i.k.p.i.AbstractProblemLoader Creating init config 
34326      DEBUG main            d.u.i.k.p.i.AbstractProblemLoader Init config took 2.94s 
34348      INFO  main            d.u.i.k.p.i.AbstractProblemLoader Replaying proof constructor_contracts.key 
34350      DEBUG main            d.u.i.k.p.i.IntermediateProofReplayer Proof replay took 6.8ns 
34960      INFO  main            d.u.i.k.p.r.p.TestFile    ... finished proof: closed. 
35142      INFO  main            d.u.i.k.p.i.AbstractProblemLoader Loading environment from /home/runner/work/key/key/key.core/../key.ui/examples/heap/simple/constructor_contracts.key.proof 
35147      DEBUG main            d.u.i.k.p.i.AbstractProblemLoader Environment load took 5.41ms 
35149      INFO  main            d.u.i.k.p.i.AbstractProblemLoader Creating init config 
37805      DEBUG main            d.u.i.k.p.i.AbstractProblemLoader Init config took 2.66s 
37828      INFO  main            d.u.i.k.p.i.AbstractProblemLoader Replaying proof constructor_contracts.key.proof 
37938      DEBUG main            d.u.i.k.p.i.IntermediateProofReplayer Proof replay took 107.03ms 
37940      DEBUG main            d.u.i.k.p.r.p.TestFile    ... success: reloaded. 
37941      INFO  main            d.u.i.k.p.r.p.TestFile    Now processing file /home/runner/work/key/key/key.core/../key.ui/examples/heap/simple/dependencies.key 
37941      INFO  main            d.u.i.k.p.i.AbstractProblemLoader Loading environment from /home/runner/work/key/key/key.core/../key.ui/examples/heap/simple/dependencies.key 
37941      DEBUG main            d.u.i.k.p.i.AbstractProblemLoader Environment load took 59.6ns 
37942      INFO  main            d.u.i.k.p.i.AbstractProblemLoader Creating init config 
40335      DEBUG main            d.u.i.k.p.i.AbstractProblemLoader Init config took 2.39s 
40353      INFO  main            d.u.i.k.p.i.AbstractProblemLoader Replaying proof dependencies.key 
40355      DEBUG main            d.u.i.k.p.i.IntermediateProofReplayer Proof replay took 6.3ns 
40462      INFO  main            d.u.i.k.p.r.p.TestFile    ... finished proof: closed. 
40655      INFO  main            d.u.i.k.p.i.AbstractProblemLoader Loading environment from /home/runner/work/key/key/key.core/../key.ui/examples/heap/simple/dependencies.key.proof 
40655      DEBUG main            d.u.i.k.p.i.AbstractProblemLoader Environment load took 120.21ns 
40657      INFO  main            d.u.i.k.p.i.AbstractProblemLoader Creating init config 
43142      DEBUG main            d.u.i.k.p.i.AbstractProblemLoader Init config took 2.49s 
43164      INFO  main            d.u.i.k.p.i.AbstractProblemLoader Replaying proof dependencies.key.proof 
43176      DEBUG main            d.u.i.k.p.i.IntermediateProofReplayer Proof replay took 9.45ms 
43177      DEBUG main            d.u.i.k.p.r.p.TestFile    ... success: reloaded. 
43178      INFO  main            d.u.i.k.p.r.p.TestFile    Now processing file /home/runner/work/key/key/key.core/../key.ui/examples/heap/simple/dependency_contracts.key 
43178      INFO  main            d.u.i.k.p.i.AbstractProblemLoader Loading environment from /home/runner/work/key/key/key.core/../key.ui/examples/heap/simple/dependency_contracts.key 
43178      DEBUG main            d.u.i.k.p.i.AbstractProblemLoader Environment load took 211.01ns 
43180      INFO  main            d.u.i.k.p.i.AbstractProblemLoader Creating init config 
45994      DEBUG main            d.u.i.k.p.i.AbstractProblemLoader Init config took 2.81s 
46015      INFO  main            d.u.i.k.p.i.AbstractProblemLoader Replaying proof dependency_contracts.key 
46017      DEBUG main            d.u.i.k.p.i.IntermediateProofReplayer Proof replay took 6.5ns 
47427      INFO  main            d.u.i.k.p.r.p.TestFile    ... finished proof: closed. 
47622      INFO  main            d.u.i.k.p.i.AbstractProblemLoader Loading environment from /home/runner/work/key/key/key.core/../key.ui/examples/heap/simple/dependency_contracts.key.proof 
47622      DEBUG main            d.u.i.k.p.i.AbstractProblemLoader Environment load took 214.62ns 
47624      INFO  main            d.u.i.k.p.i.AbstractProblemLoader Creating init config 
50323      DEBUG main            d.u.i.k.p.i.AbstractProblemLoader Init config took 2.7s 
50358      INFO  main            d.u.i.k.p.i.AbstractProblemLoader Replaying proof dependency_contracts.key.proof 
50608      DEBUG main            d.u.i.k.p.i.IntermediateProofReplayer Proof replay took 240ms 
50611      DEBUG main            d.u.i.k.p.r.p.TestFile    ... success: reloaded. 
50612      INFO  main            d.u.i.k.p.r.p.TestFile    Now processing file /home/runner/work/key/key/key.core/../key.ui/examples/heap/simple/invariant_preservation.key 
50615      INFO  main            d.u.i.k.p.i.AbstractProblemLoader Loading environment from /home/runner/work/key/key/key.core/../key.ui/examples/heap/simple/invariant_preservation.key 
50615      DEBUG main            d.u.i.k.p.i.AbstractProblemLoader Environment load took 228.42ns 
50617      INFO  main            d.u.i.k.p.i.AbstractProblemLoader Creating init config 
53360      DEBUG main            d.u.i.k.p.i.AbstractProblemLoader Init config took 2.74s 
53380      INFO  main            d.u.i.k.p.i.AbstractProblemLoader Replaying proof invariant_preservation.key 
53383      DEBUG main            d.u.i.k.p.i.IntermediateProofReplayer Proof replay took 7.3ns 
53587      INFO  main            d.u.i.k.p.r.p.TestFile    ... finished proof: closed. 
53819      INFO  main            d.u.i.k.p.i.AbstractProblemLoader Loading environment from /home/runner/work/key/key/key.core/../key.ui/examples/heap/simple/invariant_preservation.key.proof 
53819      DEBUG main            d.u.i.k.p.i.AbstractProblemLoader Environment load took 121.61ns 
53821      INFO  main            d.u.i.k.p.i.AbstractProblemLoader Creating init config 
56484      DEBUG main            d.u.i.k.p.i.AbstractProblemLoader Init config took 2.66s 
56503      INFO  main            d.u.i.k.p.i.AbstractProblemLoader Replaying proof invariant_preservation.key.proof 
56531      DEBUG main            d.u.i.k.p.i.IntermediateProofReplayer Proof replay took 25.45ms 
56532      DEBUG main            d.u.i.k.p.r.p.TestFile    ... success: reloaded. 
56533      INFO  main            d.u.i.k.p.r.p.TestFile    Now processing file /home/runner/work/key/key/key.core/../key.ui/examples/heap/simple/locsets.key 
56534      INFO  main            d.u.i.k.p.i.AbstractProblemLoader Loading environment from /home/runner/work/key/key/key.core/../key.ui/examples/heap/simple/locsets.key 
56534      DEBUG main            d.u.i.k.p.i.AbstractProblemLoader Environment load took 95.61ns 
56535      INFO  main            d.u.i.k.p.i.AbstractProblemLoader Creating init config 
58912      DEBUG main            d.u.i.k.p.i.AbstractProblemLoader Init config took 2.38s 
58930      INFO  main            d.u.i.k.p.i.AbstractProblemLoader Replaying proof locsets.key 
58931      DEBUG main            d.u.i.k.p.i.IntermediateProofReplayer Proof replay took 6.5ns 
59035      INFO  main            d.u.i.k.p.r.p.TestFile    ... finished proof: closed. 
59224      INFO  main            d.u.i.k.p.i.AbstractProblemLoader Loading environment from /home/runner/work/key/key/key.core/../key.ui/examples/heap/simple/locsets.key.proof 
59224      DEBUG main            d.u.i.k.p.i.AbstractProblemLoader Environment load took 145.01ns 
59225      INFO  main            d.u.i.k.p.i.AbstractProblemLoader Creating init config 
61528      DEBUG main            d.u.i.k.p.i.AbstractProblemLoader Init config took 2.3s 
61548      INFO  main            d.u.i.k.p.i.AbstractProblemLoader Replaying proof locsets.key.proof 
61551      DEBUG main            d.u.i.k.p.i.IntermediateProofReplayer Proof replay took 1.67ms 
61552      DEBUG main            d.u.i.k.p.r.p.TestFile    ... success: reloaded. 
61552      INFO  main            d.u.i.k.p.r.p.TestFile    Now processing file /home/runner/work/key/key/key.core/../key.ui/examples/heap/simple/loop1.key 
61553      INFO  main            d.u.i.k.p.i.AbstractProblemLoader Loading environment from /home/runner/work/key/key/key.core/../key.ui/examples/heap/simple/loop1.key 
61553      DEBUG main            d.u.i.k.p.i.AbstractProblemLoader Environment load took 167.61ns 
61554      INFO  main            d.u.i.k.p.i.AbstractProblemLoader Creating init config 
64175      DEBUG main            d.u.i.k.p.i.AbstractProblemLoader Init config took 2.62s 
64192      INFO  main            d.u.i.k.p.i.AbstractProblemLoader Replaying proof loop1.key 
64193      DEBUG main            d.u.i.k.p.i.IntermediateProofReplayer Proof replay took 6.9ns 
64396      INFO  main            d.u.i.k.p.r.p.TestFile    ... finished proof: closed. 
64591      INFO  main            d.u.i.k.p.i.AbstractProblemLoader Loading environment from /home/runner/work/key/key/key.core/../key.ui/examples/heap/simple/loop1.key.proof 
64591      DEBUG main            d.u.i.k.p.i.AbstractProblemLoader Environment load took 145.11ns 
64594      INFO  main            d.u.i.k.p.i.AbstractProblemLoader Creating init config 
67159      DEBUG main            d.u.i.k.p.i.AbstractProblemLoader Init config took 2.57s 
67176      INFO  main            d.u.i.k.p.i.AbstractProblemLoader Replaying proof loop1.key.proof 
67235      DEBUG main            d.u.i.k.p.i.IntermediateProofReplayer Proof replay took 56.82ms 
67236      DEBUG main            d.u.i.k.p.r.p.TestFile    ... success: reloaded. 
67237      INFO  main            d.u.i.k.p.r.p.TestFile    Now processing file /home/runner/work/key/key/key.core/../key.ui/examples/heap/simple/loop2.key 
67237      INFO  main            d.u.i.k.p.i.AbstractProblemLoader Loading environment from /home/runner/work/key/key/key.core/../key.ui/examples/heap/simple/loop2.key 
67238      DEBUG main            d.u.i.k.p.i.AbstractProblemLoader Environment load took 105.11ns 
67239      INFO  main            d.u.i.k.p.i.AbstractProblemLoader Creating init config 
69976      DEBUG main            d.u.i.k.p.i.AbstractProblemLoader Init config took 2.74s 
69998      INFO  main            d.u.i.k.p.i.AbstractProblemLoader Replaying proof loop2.key 
70001      DEBUG main            d.u.i.k.p.i.IntermediateProofReplayer Proof replay took 6.4ns 
70606      INFO  main            d.u.i.k.p.r.p.TestFile    ... finished proof: closed. 
70874      INFO  main            d.u.i.k.p.i.AbstractProblemLoader Loading environment from /home/runner/work/key/key/key.core/../key.ui/examples/heap/simple/loop2.key.proof 
70874      DEBUG main            d.u.i.k.p.i.AbstractProblemLoader Environment load took 765.75ns 
70876      INFO  main            d.u.i.k.p.i.AbstractProblemLoader Creating init config 
73422      DEBUG main            d.u.i.k.p.i.AbstractProblemLoader Init config took 2.55s 
73439      INFO  main            d.u.i.k.p.i.AbstractProblemLoader Replaying proof loop2.key.proof 
73545      DEBUG main            d.u.i.k.p.i.IntermediateProofReplayer Proof replay took 102.03ms 
73546      DEBUG main            d.u.i.k.p.r.p.TestFile    ... success: reloaded. 
73548      INFO  main            d.u.i.k.p.r.p.TestFile    Now processing file /home/runner/work/key/key/key.core/../key.ui/examples/heap/simple/modifies_datagroup.key 
73548      INFO  main            d.u.i.k.p.i.AbstractProblemLoader Loading environment from /home/runner/work/key/key/key.core/../key.ui/examples/heap/simple/modifies_datagroup.key 
73548      DEBUG main            d.u.i.k.p.i.AbstractProblemLoader Environment load took 283.72ns 
73549      INFO  main            d.u.i.k.p.i.AbstractProblemLoader Creating init config 
75889      DEBUG main            d.u.i.k.p.i.AbstractProblemLoader Init config took 2.34s 
75906      INFO  main            d.u.i.k.p.i.AbstractProblemLoader Replaying proof modifies_datagroup.key 
75907      DEBUG main            d.u.i.k.p.i.IntermediateProofReplayer Proof replay took 6.7ns 
76013      INFO  main            d.u.i.k.p.r.p.TestFile    ... finished proof: closed. 
76228      INFO  main            d.u.i.k.p.i.AbstractProblemLoader Loading environment from /home/runner/work/key/key/key.core/../key.ui/examples/heap/simple/modifies_datagroup.key.proof 
76228      DEBUG main            d.u.i.k.p.i.AbstractProblemLoader Environment load took 115.41ns 
76229      INFO  main            d.u.i.k.p.i.AbstractProblemLoader Creating init config 
78494      DEBUG main            d.u.i.k.p.i.AbstractProblemLoader Init config took 2.27s 
78509      INFO  main            d.u.i.k.p.i.AbstractProblemLoader Replaying proof modifies_datagroup.key.proof 
78514      DEBUG main            d.u.i.k.p.i.IntermediateProofReplayer Proof replay took 3.23ms 
78515      DEBUG main            d.u.i.k.p.r.p.TestFile    ... success: reloaded. 
78516      INFO  main            d.u.i.k.p.r.p.TestFile    Now processing file /home/runner/work/key/key/key.core/../key.ui/examples/heap/simple/modifies.key 
78516      INFO  main            d.u.i.k.p.i.AbstractProblemLoader Loading environment from /home/runner/work/key/key/key.core/../key.ui/examples/heap/simple/modifies.key 
78516      DEBUG main            d.u.i.k.p.i.AbstractProblemLoader Environment load took 185.41ns 
78518      INFO  main            d.u.i.k.p.i.AbstractProblemLoader Creating init config 
80816      DEBUG main            d.u.i.k.p.i.AbstractProblemLoader Init config took 2.3s 
80830      INFO  main            d.u.i.k.p.i.AbstractProblemLoader Replaying proof modifies.key 
80832      DEBUG main            d.u.i.k.p.i.IntermediateProofReplayer Proof replay took 5.5ns 
80937      INFO  main            d.u.i.k.p.r.p.TestFile    ... finished proof: closed. 
81125      INFO  main            d.u.i.k.p.i.AbstractProblemLoader Loading environment from /home/runner/work/key/key/key.core/../key.ui/examples/heap/simple/modifies.key.proof 
81125      DEBUG main            d.u.i.k.p.i.AbstractProblemLoader Environment load took 120.01ns 
81128      INFO  main            d.u.i.k.p.i.AbstractProblemLoader Creating init config 
83381      DEBUG main            d.u.i.k.p.i.AbstractProblemLoader Init config took 2.25s 
83398      INFO  main            d.u.i.k.p.i.AbstractProblemLoader Replaying proof modifies.key.proof 
83411      DEBUG main            d.u.i.k.p.i.IntermediateProofReplayer Proof replay took 11.22ms 
83412      DEBUG main            d.u.i.k.p.r.p.TestFile    ... success: reloaded. 
83413      INFO  main            d.u.i.k.p.r.p.TestFile    Now processing file /home/runner/work/key/key/key.core/../key.ui/examples/heap/simple/object_creation.key 
83413      INFO  main            d.u.i.k.p.i.AbstractProblemLoader Loading environment from /home/runner/work/key/key/key.core/../key.ui/examples/heap/simple/object_creation.key 
83413      DEBUG main            d.u.i.k.p.i.AbstractProblemLoader Environment load took 206.41ns 
83415      INFO  main            d.u.i.k.p.i.AbstractProblemLoader Creating init config 
85694      DEBUG main            d.u.i.k.p.i.AbstractProblemLoader Init config took 2.28s 
85724      INFO  main            d.u.i.k.p.i.AbstractProblemLoader Replaying proof object_creation.key 
85725      DEBUG main            d.u.i.k.p.i.IntermediateProofReplayer Proof replay took 6.1ns 
85929      INFO  main            d.u.i.k.p.r.p.TestFile    ... finished proof: closed. 
86130      INFO  main            d.u.i.k.p.i.AbstractProblemLoader Loading environment from /home/runner/work/key/key/key.core/../key.ui/examples/heap/simple/object_creation.key.proof 
86130      DEBUG main            d.u.i.k.p.i.AbstractProblemLoader Environment load took 114.51ns 
86131      INFO  main            d.u.i.k.p.i.AbstractProblemLoader Creating init config 
88385      DEBUG main            d.u.i.k.p.i.AbstractProblemLoader Init config took 2.25s 
88400      INFO  main            d.u.i.k.p.i.AbstractProblemLoader Replaying proof object_creation.key.proof 
88446      DEBUG main            d.u.i.k.p.i.IntermediateProofReplayer Proof replay took 43.88ms 
88447      DEBUG main            d.u.i.k.p.r.p.TestFile    ... success: reloaded. 
88448      INFO  main            d.u.i.k.p.r.p.TestFile    Now processing file /home/runner/work/key/key/key.core/../key.ui/examples/heap/simple/operation_contracts.key 
88448      INFO  main            d.u.i.k.p.i.AbstractProblemLoader Loading environment from /home/runner/work/key/key/key.core/../key.ui/examples/heap/simple/operation_contracts.key 
88448      DEBUG main            d.u.i.k.p.i.AbstractProblemLoader Environment load took 111.11ns 
88449      INFO  main            d.u.i.k.p.i.AbstractProblemLoader Creating init config 
91135      DEBUG main            d.u.i.k.p.i.AbstractProblemLoader Init config took 2.69s 
91150      INFO  main            d.u.i.k.p.i.AbstractProblemLoader Replaying proof operation_contracts.key 
91151      DEBUG main            d.u.i.k.p.i.IntermediateProofReplayer Proof replay took 5.7ns 
91959      INFO  main            d.u.i.k.p.r.p.TestFile    ... finished proof: closed. 
92182      INFO  main            d.u.i.k.p.i.AbstractProblemLoader Loading environment from /home/runner/work/key/key/key.core/../key.ui/examples/heap/simple/operation_contracts.key.proof 
92185      DEBUG main            d.u.i.k.p.i.AbstractProblemLoader Environment load took 2.98ms 
92187      INFO  main            d.u.i.k.p.i.AbstractProblemLoader Creating init config 
94734      DEBUG main            d.u.i.k.p.i.AbstractProblemLoader Init config took 2.55s 
94751      INFO  main            d.u.i.k.p.i.AbstractProblemLoader Replaying proof operation_contracts.key.proof 
94872      DEBUG main            d.u.i.k.p.i.IntermediateProofReplayer Proof replay took 116.42ms 
94874      DEBUG main            d.u.i.k.p.r.p.TestFile    ... success: reloaded. 
94876      INFO  main            d.u.i.k.p.r.p.TestFile    Now processing file /home/runner/work/key/key/key.core/../key.ui/examples/heap/simple/select_store.key 
94876      INFO  main            d.u.i.k.p.i.AbstractProblemLoader Loading environment from /home/runner/work/key/key/key.core/../key.ui/examples/heap/simple/select_store.key 
94876      DEBUG main            d.u.i.k.p.i.AbstractProblemLoader Environment load took 210.21ns 
94877      INFO  main            d.u.i.k.p.i.AbstractProblemLoader Creating init config 
97269      DEBUG main            d.u.i.k.p.i.AbstractProblemLoader Init config took 2.39s 
97285      INFO  main            d.u.i.k.p.i.AbstractProblemLoader Replaying proof select_store.key 
97286      DEBUG main            d.u.i.k.p.i.IntermediateProofReplayer Proof replay took 6.6ns 
97388      INFO  main            d.u.i.k.p.r.p.TestFile    ... finished proof: closed. 
97653      INFO  main            d.u.i.k.p.i.AbstractProblemLoader Loading environment from /home/runner/work/key/key/key.core/../key.ui/examples/heap/simple/select_store.key.proof 
97653      DEBUG main            d.u.i.k.p.i.AbstractProblemLoader Environment load took 134.31ns 
97654      INFO  main            d.u.i.k.p.i.AbstractProblemLoader Creating init config 
99943      DEBUG main            d.u.i.k.p.i.AbstractProblemLoader Init config took 2.29s 
99958      INFO  main            d.u.i.k.p.i.AbstractProblemLoader Replaying proof select_store.key.proof 
99962      DEBUG main            d.u.i.k.p.i.IntermediateProofReplayer Proof replay took 2.24ms 
99963      DEBUG main            d.u.i.k.p.r.p.TestFile    ... success: reloaded. 
99964      INFO  main            d.u.i.k.p.r.p.TestFile    Now processing file /home/runner/work/key/key/key.core/../key.ui/examples/heap/simple/selection_sort.key 
99964      INFO  main            d.u.i.k.p.i.AbstractProblemLoader Loading environment from /home/runner/work/key/key/key.core/../key.ui/examples/heap/simple/selection_sort.key 
99964      DEBUG main            d.u.i.k.p.i.AbstractProblemLoader Environment load took 204.81ns 
99965      INFO  main            d.u.i.k.p.i.AbstractProblemLoader Creating init config 
102523     DEBUG main            d.u.i.k.p.i.AbstractProblemLoader Init config took 2.56s 
102537     INFO  main            d.u.i.k.p.i.AbstractProblemLoader Replaying proof selection_sort.key 
102540     DEBUG main            d.u.i.k.p.i.IntermediateProofReplayer Proof replay took 6.7ns 
106172     INFO  main            d.u.i.k.p.r.p.TestFile    ... finished proof: closed. 
106493     INFO  main            d.u.i.k.p.i.AbstractProblemLoader Loading environment from /home/runner/work/key/key/key.core/../key.ui/examples/heap/simple/selection_sort.key.proof 
106493     DEBUG main            d.u.i.k.p.i.AbstractProblemLoader Environment load took 484.23ns 
106495     INFO  main            d.u.i.k.p.i.AbstractProblemLoader Creating init config 
109093     DEBUG main            d.u.i.k.p.i.AbstractProblemLoader Init config took 2.6s 
109108     INFO  main            d.u.i.k.p.i.AbstractProblemLoader Replaying proof selection_sort.key.proof 
109787     DEBUG main            d.u.i.k.p.i.IntermediateProofReplayer Proof replay took 657.97ms 
109789     DEBUG main            d.u.i.k.p.r.p.TestFile    ... success: reloaded. 
109790     INFO  main            d.u.i.k.p.r.p.TestFile    Now processing file /home/runner/work/key/key/key.core/../key.ui/examples/heap/simple/seq.key 
109790     INFO  main            d.u.i.k.p.i.AbstractProblemLoader Loading environment from /home/runner/work/key/key/key.core/../key.ui/examples/heap/simple/seq.key 
109791     DEBUG main            d.u.i.k.p.i.AbstractProblemLoader Environment load took 199.21ns 
109792     INFO  main            d.u.i.k.p.i.AbstractProblemLoader Creating init config 
112220     DEBUG main            d.u.i.k.p.i.AbstractProblemLoader Init config took 2.43s 
112235     INFO  main            d.u.i.k.p.i.AbstractProblemLoader Replaying proof seq.key 
112237     DEBUG main            d.u.i.k.p.i.IntermediateProofReplayer Proof replay took 7.9ns 
112641     INFO  main            d.u.i.k.p.r.p.TestFile    ... finished proof: closed. 
112958     INFO  main            d.u.i.k.p.i.AbstractProblemLoader Loading environment from /home/runner/work/key/key/key.core/../key.ui/examples/heap/simple/seq.key.proof 
112958     DEBUG main            d.u.i.k.p.i.AbstractProblemLoader Environment load took 130.51ns 
112960     INFO  main            d.u.i.k.p.i.AbstractProblemLoader Creating init config 
115272     DEBUG main            d.u.i.k.p.i.AbstractProblemLoader Init config took 2.31s 
115287     INFO  main            d.u.i.k.p.i.AbstractProblemLoader Replaying proof seq.key.proof 
115338     DEBUG main            d.u.i.k.p.i.IntermediateProofReplayer Proof replay took 47.08ms 
115339     DEBUG main            d.u.i.k.p.r.p.TestFile    ... success: reloaded. 
115340     INFO  main            d.u.i.k.p.r.p.TestFile    Now processing file /home/runner/work/key/key/key.core/../key.ui/examples/heap/simple/oldForParams.key 
115340     INFO  main            d.u.i.k.p.i.AbstractProblemLoader Loading environment from /home/runner/work/key/key/key.core/../key.ui/examples/heap/simple/oldForParams.key 
115340     DEBUG main            d.u.i.k.p.i.AbstractProblemLoader Environment load took 108.01ns 
115341     INFO  main            d.u.i.k.p.i.AbstractProblemLoader Creating init config 
117891     DEBUG main            d.u.i.k.p.i.AbstractProblemLoader Init config took 2.55s 
117967     INFO  main            d.u.i.k.p.i.AbstractProblemLoader Replaying proof OldForParameters[OldForParameters::method(int)].JML operation contract.0 
117969     DEBUG main            d.u.i.k.p.i.IntermediateProofReplayer Proof replay took 5ns 
118172     INFO  main            d.u.i.k.p.r.p.TestFile    ... finished proof: closed. 
118431     INFO  main            d.u.i.k.p.i.AbstractProblemLoader Loading environment from /home/runner/work/key/key/key.core/../key.ui/examples/heap/simple/oldForParams.key.proof 
118431     DEBUG main            d.u.i.k.p.i.AbstractProblemLoader Environment load took 113.91ns 
118432     INFO  main            d.u.i.k.p.i.AbstractProblemLoader Creating init config 
120948     DEBUG main            d.u.i.k.p.i.AbstractProblemLoader Init config took 2.52s 
120985     INFO  main            d.u.i.k.p.i.AbstractProblemLoader Replaying proof OldForParameters[OldForParameters::method(int)].JML operation contract.0 
121028     DEBUG main            d.u.i.k.p.i.IntermediateProofReplayer Proof replay took 40.29ms 
121029     DEBUG main            d.u.i.k.p.r.p.TestFile    ... success: reloaded. 
121030     INFO  main            d.u.i.k.p.r.p.TestFile    Now processing file /home/runner/work/key/key/key.core/../key.ui/examples/heap/simple/parse_lmtd.key 
121030     INFO  main            d.u.i.k.p.i.AbstractProblemLoader Loading environment from /home/runner/work/key/key/key.core/../key.ui/examples/heap/simple/parse_lmtd.key 
121031     DEBUG main            d.u.i.k.p.i.AbstractProblemLoader Environment load took 179.41ns 
121031     INFO  main            d.u.i.k.p.i.AbstractProblemLoader Creating init config 
123735     DEBUG main            d.u.i.k.p.i.AbstractProblemLoader Init config took 2.7s 
123773     INFO  main            d.u.i.k.p.i.AbstractProblemLoader Replaying proof ParseLmtd[ParseLmtd::simple(int)].JML normal_behavior operation contract.0 
123774     DEBUG main            d.u.i.k.p.i.IntermediateProofReplayer Proof replay took 4.8ns 
123876     INFO  main            d.u.i.k.p.r.p.TestFile    ... finished proof: closed. 
124127     INFO  main            d.u.i.k.p.i.AbstractProblemLoader Loading environment from /home/runner/work/key/key/key.core/../key.ui/examples/heap/simple/parse_lmtd.key.proof 
124127     DEBUG main            d.u.i.k.p.i.AbstractProblemLoader Environment load took 124.41ns 
124130     INFO  main            d.u.i.k.p.i.AbstractProblemLoader Creating init config 
126621     DEBUG main            d.u.i.k.p.i.AbstractProblemLoader Init config took 2.49s 
126660     INFO  main            d.u.i.k.p.i.AbstractProblemLoader Replaying proof ParseLmtd[ParseLmtd::simple(int)].JML normal_behavior operation contract.0 
126683     DEBUG main            d.u.i.k.p.i.IntermediateProofReplayer Proof replay took 21.63ms 
126684     DEBUG main            d.u.i.k.p.r.p.TestFile    ... success: reloaded. 
126685     INFO  main            d.u.i.k.p.r.p.TestFile    Now processing file /home/runner/work/key/key/key.core/../key.ui/examples/heap/strictly_pure/strictlyPureMethod.key 
126685     INFO  main            d.u.i.k.p.i.AbstractProblemLoader Loading environment from /home/runner/work/key/key/key.core/../key.ui/examples/heap/strictly_pure/strictlyPureMethod.key 
126685     DEBUG main            d.u.i.k.p.i.AbstractProblemLoader Environment load took 83.51ns 
126686     INFO  main            d.u.i.k.p.i.AbstractProblemLoader Creating init config 
129068     DEBUG main            d.u.i.k.p.i.AbstractProblemLoader Init config took 2.38s 
129103     INFO  main            d.u.i.k.p.i.AbstractProblemLoader Replaying proof StrictlyPure[StrictlyPure::strictlyPureMethod()].JML operation contract.0 
129104     DEBUG main            d.u.i.k.p.i.IntermediateProofReplayer Proof replay took 5.2ns 
129310     INFO  main            d.u.i.k.p.r.p.TestFile    ... finished proof: closed. 
129569     INFO  main            d.u.i.k.p.i.AbstractProblemLoader Loading environment from /home/runner/work/key/key/key.core/../key.ui/examples/heap/strictly_pure/strictlyPureMethod.key.proof 
129569     DEBUG main            d.u.i.k.p.i.AbstractProblemLoader Environment load took 125.31ns 
129570     INFO  main            d.u.i.k.p.i.AbstractProblemLoader Creating init config 
131893     DEBUG main            d.u.i.k.p.i.AbstractProblemLoader Init config took 2.32s 
131928     INFO  main            d.u.i.k.p.i.AbstractProblemLoader Replaying proof StrictlyPure[StrictlyPure::strictlyPureMethod()].JML operation contract.0 
131969     DEBUG main            d.u.i.k.p.i.IntermediateProofReplayer Proof replay took 38.78ms 
131969     DEBUG main            d.u.i.k.p.r.p.TestFile    ... success: reloaded. 
131970     INFO  main            d.u.i.k.p.r.p.TestFile    Now processing file /home/runner/work/key/key/key.core/../key.ui/examples/heap/strictly_pure/useStrictlyPureMethod.key 
131971     INFO  main            d.u.i.k.p.i.AbstractProblemLoader Loading environment from /home/runner/work/key/key/key.core/../key.ui/examples/heap/strictly_pure/useStrictlyPureMethod.key 
131971     DEBUG main            d.u.i.k.p.i.AbstractProblemLoader Environment load took 104.81ns 
131972     INFO  main            d.u.i.k.p.i.AbstractProblemLoader Creating init config 
134347     DEBUG main            d.u.i.k.p.i.AbstractProblemLoader Init config took 2.38s 
134381     INFO  main            d.u.i.k.p.i.AbstractProblemLoader Replaying proof StrictlyPure[StrictlyPure::useStrictlyPureMethod(StrictlyPureClass)].JML operation contract.0 
134383     DEBUG main            d.u.i.k.p.i.IntermediateProofReplayer Proof replay took 6.6ns 
134585     INFO  main            d.u.i.k.p.r.p.TestFile    ... finished proof: closed. 
134844     INFO  main            d.u.i.k.p.i.AbstractProblemLoader Loading environment from /home/runner/work/key/key/key.core/../key.ui/examples/heap/strictly_pure/useStrictlyPureMethod.key.proof 
134845     DEBUG main            d.u.i.k.p.i.AbstractProblemLoader Environment load took 112.01ns 
134845     INFO  main            d.u.i.k.p.i.AbstractProblemLoader Creating init config 
137166     DEBUG main            d.u.i.k.p.i.AbstractProblemLoader Init config took 2.32s 
137198     INFO  main            d.u.i.k.p.i.AbstractProblemLoader Replaying proof StrictlyPure[StrictlyPure::useStrictlyPureMethod(StrictlyPureClass)].JML operation contract.0 
137249     DEBUG main            d.u.i.k.p.i.IntermediateProofReplayer Proof replay took 48.67ms 
137250     DEBUG main            d.u.i.k.p.r.p.TestFile    ... success: reloaded. 
137251     INFO  main            d.u.i.k.p.r.p.TestFile    Now processing file /home/runner/work/key/key/key.core/../key.ui/examples/heap/Wellfounded/ackermann.key 
137251     INFO  main            d.u.i.k.p.i.AbstractProblemLoader Loading environment from /home/runner/work/key/key/key.core/../key.ui/examples/heap/Wellfounded/ackermann.key 
137251     DEBUG main            d.u.i.k.p.i.AbstractProblemLoader Environment load took 127.51ns 
137252     INFO  main            d.u.i.k.p.i.AbstractProblemLoader Creating init config 
139662     DEBUG main            d.u.i.k.p.i.AbstractProblemLoader Init config took 2.41s 
139711     INFO  main            d.u.i.k.p.i.AbstractProblemLoader Replaying proof Ackermann[Ackermann::a(int,int)].JML normal_behavior operation contract.0 
139713     DEBUG main            d.u.i.k.p.i.IntermediateProofReplayer Proof replay took 5.7ns 
140019     INFO  main            d.u.i.k.p.r.p.TestFile    ... finished proof: closed. 
140330     INFO  main            d.u.i.k.p.i.AbstractProblemLoader Loading environment from /home/runner/work/key/key/key.core/../key.ui/examples/heap/Wellfounded/ackermann.key.proof 
140330     DEBUG main            d.u.i.k.p.i.AbstractProblemLoader Environment load took 112.41ns 
140331     INFO  main            d.u.i.k.p.i.AbstractProblemLoader Creating init config 
142699     DEBUG main            d.u.i.k.p.i.AbstractProblemLoader Init config took 2.37s 
142733     INFO  main            d.u.i.k.p.i.AbstractProblemLoader Replaying proof Ackermann[Ackermann::a(int,int)].JML normal_behavior operation contract.0 
142793     DEBUG main            d.u.i.k.p.i.IntermediateProofReplayer Proof replay took 56.86ms 
142794     DEBUG main            d.u.i.k.p.r.p.TestFile    ... success: reloaded. 
142795     INFO  main            d.u.i.k.p.r.p.TestFile    Now processing file /home/runner/work/key/key/key.core/../key.ui/examples/standard_key/unicode_test.key 
142795     INFO  main            d.u.i.k.p.i.AbstractProblemLoader Loading environment from /home/runner/work/key/key/key.core/../key.ui/examples/standard_key/unicode_test.key 
142795     DEBUG main            d.u.i.k.p.i.AbstractProblemLoader Environment load took 83.01ns 
142796     INFO  main            d.u.i.k.p.i.AbstractProblemLoader Creating init config 
145092     DEBUG main            d.u.i.k.p.i.AbstractProblemLoader Init config took 2.3s 
145107     INFO  main            d.u.i.k.p.i.AbstractProblemLoader Replaying proof unicode_test.key 
145108     DEBUG main            d.u.i.k.p.i.IntermediateProofReplayer Proof replay took 5.3ns 
145213     INFO  main            d.u.i.k.p.r.p.TestFile    ... finished proof: closed. 
145487     INFO  main            d.u.i.k.p.i.AbstractProblemLoader Loading environment from /home/runner/work/key/key/key.core/../key.ui/examples/standard_key/unicode_test.key.proof 
145487     DEBUG main            d.u.i.k.p.i.AbstractProblemLoader Environment load took 110.91ns 
145488     INFO  main            d.u.i.k.p.i.AbstractProblemLoader Creating init config 
147774     DEBUG main            d.u.i.k.p.i.AbstractProblemLoader Init config took 2.29s 
147787     INFO  main            d.u.i.k.p.i.AbstractProblemLoader Replaying proof unicode_test.key.proof 
147788     DEBUG main            d.u.i.k.p.i.IntermediateProofReplayer Proof replay took 337.92ns 
147789     DEBUG main            d.u.i.k.p.r.p.TestFile    ... success: reloaded. 
147789     INFO  main            d.u.i.k.p.r.p.TestFile    Now processing file /home/runner/work/key/key/key.core/../key.ui/examples/heap/strictlyModular/mayExpand.key 
147789     INFO  main            d.u.i.k.p.i.AbstractProblemLoader Loading environment from /home/runner/work/key/key/key.core/../key.ui/examples/heap/strictlyModular/mayExpand.key 
147790     DEBUG main            d.u.i.k.p.i.AbstractProblemLoader Environment load took 76.61ns 
147790     INFO  main            d.u.i.k.p.i.AbstractProblemLoader Creating init config 
150163     DEBUG main            d.u.i.k.p.i.AbstractProblemLoader Init config took 2.37s 
150194     INFO  main            d.u.i.k.p.i.AbstractProblemLoader Replaying proof Modular[Modular::m()].JML operation contract.0 
150196     DEBUG main            d.u.i.k.p.i.IntermediateProofReplayer Proof replay took 7ns 
150301     INFO  main            d.u.i.k.p.r.p.TestFile    ... finished proof: closed. 
150580     INFO  main            d.u.i.k.p.i.AbstractProblemLoader Loading environment from /home/runner/work/key/key/key.core/../key.ui/examples/heap/strictlyModular/mayExpand.key.proof 
150580     DEBUG main            d.u.i.k.p.i.AbstractProblemLoader Environment load took 100.41ns 
150581     INFO  main            d.u.i.k.p.i.AbstractProblemLoader Creating init config 
152969     DEBUG main            d.u.i.k.p.i.AbstractProblemLoader Init config took 2.39s 
153004     INFO  main            d.u.i.k.p.i.AbstractProblemLoader Replaying proof Modular[Modular::m()].JML operation contract.0 
153019     DEBUG main            d.u.i.k.p.i.IntermediateProofReplayer Proof replay took 13.56ms 
153020     DEBUG main            d.u.i.k.p.r.p.TestFile    ... success: reloaded. 
153020     INFO  main            d.u.i.k.p.r.p.TestFile    Now processing file /home/runner/work/key/key/key.core/../key.ui/examples/heap/strictlyModular/modularOnly.key 
153021     INFO  main            d.u.i.k.p.i.AbstractProblemLoader Loading environment from /home/runner/work/key/key/key.core/../key.ui/examples/heap/strictlyModular/modularOnly.key 
153021     DEBUG main            d.u.i.k.p.i.AbstractProblemLoader Environment load took 80.01ns 
153022     INFO  main            d.u.i.k.p.i.AbstractProblemLoader Creating init config 
155379     DEBUG main            d.u.i.k.p.i.AbstractProblemLoader Init config took 2.36s 
155411     INFO  main            d.u.i.k.p.i.AbstractProblemLoader Replaying proof Modular[Modular::m()].JML operation contract.0 
155412     DEBUG main            d.u.i.k.p.i.IntermediateProofReplayer Proof replay took 5.5ns 
155516     INFO  main            d.u.i.k.p.r.p.TestFile    ... finished proof: open goal(s) 
1900090    INFO  Test worker     d.u.i.k.p.r.RunAllProofsTestUnit Returning from test simpleTests 
1900091    INFO  Test worker     d.u.i.k.p.r.RunAllProofsTestUnit Running test SmansEtAl 
328        INFO  Timeout watchdog d.u.i.k.p.r.p.ForkedTestFileRunner Timeout watcher launched (2000 secs.) 
341        WARN  main            d.u.i.k.s.ProofSettings   The settings in /home/runner/.key/proof-settings.props are *not* read. 
374        INFO  main            d.u.i.k.p.r.p.TestFile    Now processing file /home/runner/work/key/key/key.core/../key.ui/examples/heap/SmansEtAl/ArrayList_add.key 
486        INFO  main            d.u.i.k.p.i.AbstractProblemLoader Loading environment from /home/runner/work/key/key/key.core/../key.ui/examples/heap/SmansEtAl/ArrayList_add.key 
507        DEBUG main            d.u.i.k.p.i.AbstractProblemLoader Environment load took 2.14ms 
714        INFO  main            d.u.i.k.p.i.AbstractProblemLoader Creating init config 
1569       DEBUG main            d.u.i.k.j.TypeConverter   No LDT found for Meta 
1570       DEBUG main            d.u.i.k.j.TypeConverter   No LDT found for Meta 
1573       DEBUG main            d.u.i.k.j.TypeConverter   No LDT found for Meta 
1573       DEBUG main            d.u.i.k.j.TypeConverter   No LDT found for Meta 
2710       DEBUG main            d.u.i.k.j.TypeConverter   No LDT found for JavaBigintExpression 
7964       DEBUG main            d.u.i.k.p.i.AbstractProblemLoader Init config took 7.25s 
8098       INFO  main            d.u.i.k.p.i.AbstractProblemLoader Replaying proof ArrayList[ArrayList::add(java.lang.Object)].JML normal_behavior operation contract.0 
8134       DEBUG main            d.u.i.k.p.i.IntermediateProofReplayer Proof replay took 44.3ns 
16458      INFO  main            d.u.i.k.p.r.p.TestFile    ... finished proof: closed. 
16742      INFO  main            d.u.i.k.p.i.AbstractProblemLoader Loading environment from /home/runner/work/key/key/key.core/../key.ui/examples/heap/SmansEtAl/ArrayList_add.key.proof 
16743      DEBUG main            d.u.i.k.p.i.AbstractProblemLoader Environment load took 1.16ms 
16747      INFO  main            d.u.i.k.p.i.AbstractProblemLoader Creating init config 
19958      DEBUG main            d.u.i.k.p.i.AbstractProblemLoader Init config took 3.21s 
20040      INFO  main            d.u.i.k.p.i.AbstractProblemLoader Replaying proof ArrayList[ArrayList::add(java.lang.Object)].JML normal_behavior operation contract.0 
21378      DEBUG main            d.u.i.k.p.i.IntermediateProofReplayer Proof replay took 1.28s 
21389      DEBUG main            d.u.i.k.p.r.p.TestFile    ... success: reloaded. 
21395      INFO  main            d.u.i.k.p.r.p.TestFile    Now processing file /home/runner/work/key/key/key.core/../key.ui/examples/heap/SmansEtAl/ArrayList_ArrayList.key 
21396      INFO  main            d.u.i.k.p.i.AbstractProblemLoader Loading environment from /home/runner/work/key/key/key.core/../key.ui/examples/heap/SmansEtAl/ArrayList_ArrayList.key 
21396      DEBUG main            d.u.i.k.p.i.AbstractProblemLoader Environment load took 252.42ns 
21400      INFO  main            d.u.i.k.p.i.AbstractProblemLoader Creating init config 
24548      DEBUG main            d.u.i.k.p.i.AbstractProblemLoader Init config took 3.15s 
24604      INFO  main            d.u.i.k.p.i.AbstractProblemLoader Replaying proof ArrayList[ArrayList::ArrayList()].JML normal_behavior operation contract.0 
24607      DEBUG main            d.u.i.k.p.i.IntermediateProofReplayer Proof replay took 5ns 
25616      INFO  main            d.u.i.k.p.r.p.TestFile    ... finished proof: closed. 
25796      INFO  main            d.u.i.k.p.i.AbstractProblemLoader Loading environment from /home/runner/work/key/key/key.core/../key.ui/examples/heap/SmansEtAl/ArrayList_ArrayList.key.proof 
25797      DEBUG main            d.u.i.k.p.i.AbstractProblemLoader Environment load took 474.13ns 
25800      INFO  main            d.u.i.k.p.i.AbstractProblemLoader Creating init config 
28866      DEBUG main            d.u.i.k.p.i.AbstractProblemLoader Init config took 3.07s 
28917      INFO  main            d.u.i.k.p.i.AbstractProblemLoader Replaying proof ArrayList[ArrayList::ArrayList()].JML normal_behavior operation contract.0 
29105      DEBUG main            d.u.i.k.p.i.IntermediateProofReplayer Proof replay took 180.69ms 
29107      DEBUG main            d.u.i.k.p.r.p.TestFile    ... success: reloaded. 
29109      INFO  main            d.u.i.k.p.r.p.TestFile    Now processing file /home/runner/work/key/key/key.core/../key.ui/examples/heap/SmansEtAl/ArrayList_footprint.key 
29109      INFO  main            d.u.i.k.p.i.AbstractProblemLoader Loading environment from /home/runner/work/key/key/key.core/../key.ui/examples/heap/SmansEtAl/ArrayList_footprint.key 
29109      DEBUG main            d.u.i.k.p.i.AbstractProblemLoader Environment load took 267.22ns 
29110      INFO  main            d.u.i.k.p.i.AbstractProblemLoader Creating init config 
32139      DEBUG main            d.u.i.k.p.i.AbstractProblemLoader Init config took 3.03s 
32192      INFO  main            d.u.i.k.p.i.AbstractProblemLoader Replaying proof ArrayList[ArrayList::$footprint()].JML accessible clause.0 
32195      DEBUG main            d.u.i.k.p.i.IntermediateProofReplayer Proof replay took 5.9ns 
32297      INFO  main            d.u.i.k.p.r.p.TestFile    ... finished proof: closed. 
32477      INFO  main            d.u.i.k.p.i.AbstractProblemLoader Loading environment from /home/runner/work/key/key/key.core/../key.ui/examples/heap/SmansEtAl/ArrayList_footprint.key.proof 
32477      DEBUG main            d.u.i.k.p.i.AbstractProblemLoader Environment load took 133.91ns 
32478      INFO  main            d.u.i.k.p.i.AbstractProblemLoader Creating init config 
35401      DEBUG main            d.u.i.k.p.i.AbstractProblemLoader Init config took 2.92s 
35446      INFO  main            d.u.i.k.p.i.AbstractProblemLoader Replaying proof ArrayList[ArrayList::$footprint()].JML accessible clause.0 
35458      DEBUG main            d.u.i.k.p.i.IntermediateProofReplayer Proof replay took 9.96ms 
35459      DEBUG main            d.u.i.k.p.r.p.TestFile    ... success: reloaded. 
35460      INFO  main            d.u.i.k.p.r.p.TestFile    Now processing file /home/runner/work/key/key/key.core/../key.ui/examples/heap/SmansEtAl/ArrayList_get_dep.key 
35461      INFO  main            d.u.i.k.p.i.AbstractProblemLoader Loading environment from /home/runner/work/key/key/key.core/../key.ui/examples/heap/SmansEtAl/ArrayList_get_dep.key 
35461      DEBUG main            d.u.i.k.p.i.AbstractProblemLoader Environment load took 310.12ns 
35462      INFO  main            d.u.i.k.p.i.AbstractProblemLoader Creating init config 
38480      DEBUG main            d.u.i.k.p.i.AbstractProblemLoader Init config took 3.02s 
38527      INFO  main            d.u.i.k.p.i.AbstractProblemLoader Replaying proof ArrayList[ArrayList::get(int)].JML accessible clause.0 
38529      DEBUG main            d.u.i.k.p.i.IntermediateProofReplayer Proof replay took 6.8ns 
38833      INFO  main            d.u.i.k.p.r.p.TestFile    ... finished proof: closed. 
39016      INFO  main            d.u.i.k.p.i.AbstractProblemLoader Loading environment from /home/runner/work/key/key/key.core/../key.ui/examples/heap/SmansEtAl/ArrayList_get_dep.key.proof 
39016      DEBUG main            d.u.i.k.p.i.AbstractProblemLoader Environment load took 478.83ns 
39017      INFO  main            d.u.i.k.p.i.AbstractProblemLoader Creating init config 
42013      DEBUG main            d.u.i.k.p.i.AbstractProblemLoader Init config took 3s 
42068      INFO  main            d.u.i.k.p.i.AbstractProblemLoader Replaying proof ArrayList[ArrayList::get(int)].JML accessible clause.0 
42133      DEBUG main            d.u.i.k.p.i.IntermediateProofReplayer Proof replay took 60.6ms 
42134      DEBUG main            d.u.i.k.p.r.p.TestFile    ... success: reloaded. 
42135      INFO  main            d.u.i.k.p.r.p.TestFile    Now processing file /home/runner/work/key/key/key.core/../key.ui/examples/heap/SmansEtAl/ArrayList_get.key 
42135      INFO  main            d.u.i.k.p.i.AbstractProblemLoader Loading environment from /home/runner/work/key/key/key.core/../key.ui/examples/heap/SmansEtAl/ArrayList_get.key 
42136      DEBUG main            d.u.i.k.p.i.AbstractProblemLoader Environment load took 234.32ns 
42137      INFO  main            d.u.i.k.p.i.AbstractProblemLoader Creating init config 
45101      DEBUG main            d.u.i.k.p.i.AbstractProblemLoader Init config took 2.96s 
45148      INFO  main            d.u.i.k.p.i.AbstractProblemLoader Replaying proof ArrayList[ArrayList::get(int)].JML normal_behavior operation contract.0 
45149      DEBUG main            d.u.i.k.p.i.IntermediateProofReplayer Proof replay took 5.3ns 
45355      INFO  main            d.u.i.k.p.r.p.TestFile    ... finished proof: closed. 
45540      INFO  main            d.u.i.k.p.i.AbstractProblemLoader Loading environment from /home/runner/work/key/key/key.core/../key.ui/examples/heap/SmansEtAl/ArrayList_get.key.proof 
45540      DEBUG main            d.u.i.k.p.i.AbstractProblemLoader Environment load took 145.71ns 
45541      INFO  main            d.u.i.k.p.i.AbstractProblemLoader Creating init config 
48437      DEBUG main            d.u.i.k.p.i.AbstractProblemLoader Init config took 2.9s 
48485      INFO  main            d.u.i.k.p.i.AbstractProblemLoader Replaying proof ArrayList[ArrayList::get(int)].JML normal_behavior operation contract.0 
48519      DEBUG main            d.u.i.k.p.i.IntermediateProofReplayer Proof replay took 31.9ms 
48520      DEBUG main            d.u.i.k.p.r.p.TestFile    ... success: reloaded. 
48521      INFO  main            d.u.i.k.p.r.p.TestFile    Now processing file /home/runner/work/key/key/key.core/../key.ui/examples/heap/SmansEtAl/ArrayList_inv.key 
48522      INFO  main            d.u.i.k.p.i.AbstractProblemLoader Loading environment from /home/runner/work/key/key/key.core/../key.ui/examples/heap/SmansEtAl/ArrayList_inv.key 
48522      DEBUG main            d.u.i.k.p.i.AbstractProblemLoader Environment load took 142.11ns 
48523      INFO  main            d.u.i.k.p.i.AbstractProblemLoader Creating init config 
51488      DEBUG main            d.u.i.k.p.i.AbstractProblemLoader Init config took 2.96s 
51533      INFO  main            d.u.i.k.p.i.AbstractProblemLoader Replaying proof ArrayList[java.lang.Object::<inv>()].JML accessible clause.0 
51535      DEBUG main            d.u.i.k.p.i.IntermediateProofReplayer Proof replay took 6.9ns 
51641      INFO  main            d.u.i.k.p.r.p.TestFile    ... finished proof: closed. 
51828      INFO  main            d.u.i.k.p.i.AbstractProblemLoader Loading environment from /home/runner/work/key/key/key.core/../key.ui/examples/heap/SmansEtAl/ArrayList_inv.key.proof 
51828      DEBUG main            d.u.i.k.p.i.AbstractProblemLoader Environment load took 122.01ns 
51829      INFO  main            d.u.i.k.p.i.AbstractProblemLoader Creating init config 
54781      DEBUG main            d.u.i.k.p.i.AbstractProblemLoader Init config took 2.95s 
54833      INFO  main            d.u.i.k.p.i.AbstractProblemLoader Replaying proof ArrayList[java.lang.Object::<inv>()].JML accessible clause.0 
54847      DEBUG main            d.u.i.k.p.i.IntermediateProofReplayer Proof replay took 11.79ms 
54848      DEBUG main            d.u.i.k.p.r.p.TestFile    ... success: reloaded. 
54849      INFO  main            d.u.i.k.p.r.p.TestFile    Now processing file /home/runner/work/key/key/key.core/../key.ui/examples/heap/SmansEtAl/ArrayList_size_dep.key 
54849      INFO  main            d.u.i.k.p.i.AbstractProblemLoader Loading environment from /home/runner/work/key/key/key.core/../key.ui/examples/heap/SmansEtAl/ArrayList_size_dep.key 
54850      DEBUG main            d.u.i.k.p.i.AbstractProblemLoader Environment load took 133.31ns 
54851      INFO  main            d.u.i.k.p.i.AbstractProblemLoader Creating init config 
57789      DEBUG main            d.u.i.k.p.i.AbstractProblemLoader Init config took 2.94s 
57830      INFO  main            d.u.i.k.p.i.AbstractProblemLoader Replaying proof ArrayList[ArrayList::size()].JML accessible clause.0 
57831      DEBUG main            d.u.i.k.p.i.IntermediateProofReplayer Proof replay took 5.6ns 
57936      INFO  main            d.u.i.k.p.r.p.TestFile    ... finished proof: closed. 
58126      INFO  main            d.u.i.k.p.i.AbstractProblemLoader Loading environment from /home/runner/work/key/key/key.core/../key.ui/examples/heap/SmansEtAl/ArrayList_size_dep.key.proof 
58126      DEBUG main            d.u.i.k.p.i.AbstractProblemLoader Environment load took 130.21ns 
58127      INFO  main            d.u.i.k.p.i.AbstractProblemLoader Creating init config 
61040      DEBUG main            d.u.i.k.p.i.AbstractProblemLoader Init config took 2.91s 
61083      INFO  main            d.u.i.k.p.i.AbstractProblemLoader Replaying proof ArrayList[ArrayList::size()].JML accessible clause.0 
61100      DEBUG main            d.u.i.k.p.i.IntermediateProofReplayer Proof replay took 15.37ms 
61101      DEBUG main            d.u.i.k.p.r.p.TestFile    ... success: reloaded. 
61102      INFO  main            d.u.i.k.p.r.p.TestFile    Now processing file /home/runner/work/key/key/key.core/../key.ui/examples/heap/SmansEtAl/ArrayList_size.key 
61102      INFO  main            d.u.i.k.p.i.AbstractProblemLoader Loading environment from /home/runner/work/key/key/key.core/../key.ui/examples/heap/SmansEtAl/ArrayList_size.key 
61103      DEBUG main            d.u.i.k.p.i.AbstractProblemLoader Environment load took 95.71ns 
61103      INFO  main            d.u.i.k.p.i.AbstractProblemLoader Creating init config 
63929      DEBUG main            d.u.i.k.p.i.AbstractProblemLoader Init config took 2.83s 
63968      INFO  main            d.u.i.k.p.i.AbstractProblemLoader Replaying proof ArrayList[ArrayList::size()].JML normal_behavior operation contract.0 
63970      DEBUG main            d.u.i.k.p.i.IntermediateProofReplayer Proof replay took 6ns 
64081      INFO  main            d.u.i.k.p.r.p.TestFile    ... finished proof: closed. 
64292      INFO  main            d.u.i.k.p.i.AbstractProblemLoader Loading environment from /home/runner/work/key/key/key.core/../key.ui/examples/heap/SmansEtAl/ArrayList_size.key.proof 
64292      DEBUG main            d.u.i.k.p.i.AbstractProblemLoader Environment load took 125.41ns 
64293      INFO  main            d.u.i.k.p.i.AbstractProblemLoader Creating init config 
67079      DEBUG main            d.u.i.k.p.i.AbstractProblemLoader Init config took 2.79s 
67136      INFO  main            d.u.i.k.p.i.AbstractProblemLoader Replaying proof ArrayList[ArrayList::size()].JML normal_behavior operation contract.0 
67152      DEBUG main            d.u.i.k.p.i.IntermediateProofReplayer Proof replay took 14.16ms 
67153      DEBUG main            d.u.i.k.p.r.p.TestFile    ... success: reloaded. 
67154      INFO  main            d.u.i.k.p.r.p.TestFile    Now processing file /home/runner/work/key/key/key.core/../key.ui/examples/heap/SmansEtAl/Cell_Cell.key 
67155      INFO  main            d.u.i.k.p.i.AbstractProblemLoader Loading environment from /home/runner/work/key/key/key.core/../key.ui/examples/heap/SmansEtAl/Cell_Cell.key 
67155      DEBUG main            d.u.i.k.p.i.AbstractProblemLoader Environment load took 219.81ns 
67156      INFO  main            d.u.i.k.p.i.AbstractProblemLoader Creating init config 
70045      DEBUG main            d.u.i.k.p.i.AbstractProblemLoader Init config took 2.89s 
70090      INFO  main            d.u.i.k.p.i.AbstractProblemLoader Replaying proof Cell[Cell::Cell()].JML normal_behavior operation contract.0 
70094      DEBUG main            d.u.i.k.p.i.IntermediateProofReplayer Proof replay took 6.1ns 
70297      INFO  main            d.u.i.k.p.r.p.TestFile    ... finished proof: closed. 
70507      INFO  main            d.u.i.k.p.i.AbstractProblemLoader Loading environment from /home/runner/work/key/key/key.core/../key.ui/examples/heap/SmansEtAl/Cell_Cell.key.proof 
70507      DEBUG main            d.u.i.k.p.i.AbstractProblemLoader Environment load took 119.21ns 
70508      INFO  main            d.u.i.k.p.i.AbstractProblemLoader Creating init config 
73293      DEBUG main            d.u.i.k.p.i.AbstractProblemLoader Init config took 2.78s 
73347      INFO  main            d.u.i.k.p.i.AbstractProblemLoader Replaying proof Cell[Cell::Cell()].JML normal_behavior operation contract.0 
73387      DEBUG main            d.u.i.k.p.i.IntermediateProofReplayer Proof replay took 36.88ms 
73387      DEBUG main            d.u.i.k.p.r.p.TestFile    ... success: reloaded. 
73388      INFO  main            d.u.i.k.p.r.p.TestFile    Now processing file /home/runner/work/key/key/key.core/../key.ui/examples/heap/SmansEtAl/Cell_footprint.key 
73389      INFO  main            d.u.i.k.p.i.AbstractProblemLoader Loading environment from /home/runner/work/key/key/key.core/../key.ui/examples/heap/SmansEtAl/Cell_footprint.key 
73389      DEBUG main            d.u.i.k.p.i.AbstractProblemLoader Environment load took 106.01ns 
73390      INFO  main            d.u.i.k.p.i.AbstractProblemLoader Creating init config 
76234      DEBUG main            d.u.i.k.p.i.AbstractProblemLoader Init config took 2.84s 
76272      INFO  main            d.u.i.k.p.i.AbstractProblemLoader Replaying proof Cell[Cell::$footprint()].JML accessible clause.0 
76273      DEBUG main            d.u.i.k.p.i.IntermediateProofReplayer Proof replay took 7ns 
76375      INFO  main            d.u.i.k.p.r.p.TestFile    ... finished proof: closed. 
76571      INFO  main            d.u.i.k.p.i.AbstractProblemLoader Loading environment from /home/runner/work/key/key/key.core/../key.ui/examples/heap/SmansEtAl/Cell_footprint.key.proof 
76571      DEBUG main            d.u.i.k.p.i.AbstractProblemLoader Environment load took 149.31ns 
76572      INFO  main            d.u.i.k.p.i.AbstractProblemLoader Creating init config 
79209      DEBUG main            d.u.i.k.p.i.AbstractProblemLoader Init config took 2.64s 
79249      INFO  main            d.u.i.k.p.i.AbstractProblemLoader Replaying proof Cell[Cell::$footprint()].JML accessible clause.0 
79255      DEBUG main            d.u.i.k.p.i.IntermediateProofReplayer Proof replay took 3.89ms 
79256      DEBUG main            d.u.i.k.p.r.p.TestFile    ... success: reloaded. 
79257      INFO  main            d.u.i.k.p.r.p.TestFile    Now processing file /home/runner/work/key/key/key.core/../key.ui/examples/heap/SmansEtAl/Cell_getX_dep.key 
79257      INFO  main            d.u.i.k.p.i.AbstractProblemLoader Loading environment from /home/runner/work/key/key/key.core/../key.ui/examples/heap/SmansEtAl/Cell_getX_dep.key 
79258      DEBUG main            d.u.i.k.p.i.AbstractProblemLoader Environment load took 230.12ns 
79259      INFO  main            d.u.i.k.p.i.AbstractProblemLoader Creating init config 
82093      DEBUG main            d.u.i.k.p.i.AbstractProblemLoader Init config took 2.83s 
82131      INFO  main            d.u.i.k.p.i.AbstractProblemLoader Replaying proof Cell[Cell::getX()].JML accessible clause.0 
82132      DEBUG main            d.u.i.k.p.i.IntermediateProofReplayer Proof replay took 5.7ns 
82235      INFO  main            d.u.i.k.p.r.p.TestFile    ... finished proof: closed. 
82473      INFO  main            d.u.i.k.p.i.AbstractProblemLoader Loading environment from /home/runner/work/key/key/key.core/../key.ui/examples/heap/SmansEtAl/Cell_getX_dep.key.proof 
82473      DEBUG main            d.u.i.k.p.i.AbstractProblemLoader Environment load took 136.91ns 
82474      INFO  main            d.u.i.k.p.i.AbstractProblemLoader Creating init config 
85308      DEBUG main            d.u.i.k.p.i.AbstractProblemLoader Init config took 2.83s 
85346      INFO  main            d.u.i.k.p.i.AbstractProblemLoader Replaying proof Cell[Cell::getX()].JML accessible clause.0 
85362      DEBUG main            d.u.i.k.p.i.IntermediateProofReplayer Proof replay took 13.66ms 
85364      DEBUG main            d.u.i.k.p.r.p.TestFile    ... success: reloaded. 
85367      INFO  main            d.u.i.k.p.r.p.TestFile    Now processing file /home/runner/work/key/key/key.core/../key.ui/examples/heap/SmansEtAl/Cell_getX.key 
85367      INFO  main            d.u.i.k.p.i.AbstractProblemLoader Loading environment from /home/runner/work/key/key/key.core/../key.ui/examples/heap/SmansEtAl/Cell_getX.key 
85367      DEBUG main            d.u.i.k.p.i.AbstractProblemLoader Environment load took 105.71ns 
85368      INFO  main            d.u.i.k.p.i.AbstractProblemLoader Creating init config 
88132      DEBUG main            d.u.i.k.p.i.AbstractProblemLoader Init config took 2.76s 
88168      INFO  main            d.u.i.k.p.i.AbstractProblemLoader Replaying proof Cell[Cell::getX()].JML normal_behavior operation contract.0 
88169      DEBUG main            d.u.i.k.p.i.IntermediateProofReplayer Proof replay took 6.1ns 
88273      INFO  main            d.u.i.k.p.r.p.TestFile    ... finished proof: closed. 
88514      INFO  main            d.u.i.k.p.i.AbstractProblemLoader Loading environment from /home/runner/work/key/key/key.core/../key.ui/examples/heap/SmansEtAl/Cell_getX.key.proof 
88514      DEBUG main            d.u.i.k.p.i.AbstractProblemLoader Environment load took 135.41ns 
88515      INFO  main            d.u.i.k.p.i.AbstractProblemLoader Creating init config 
91151      DEBUG main            d.u.i.k.p.i.AbstractProblemLoader Init config took 2.64s 
91186      INFO  main            d.u.i.k.p.i.AbstractProblemLoader Replaying proof Cell[Cell::getX()].JML normal_behavior operation contract.0 
91199      DEBUG main            d.u.i.k.p.i.IntermediateProofReplayer Proof replay took 11.34ms 
91200      DEBUG main            d.u.i.k.p.r.p.TestFile    ... success: reloaded. 
91201      INFO  main            d.u.i.k.p.r.p.TestFile    Now processing file /home/runner/work/key/key/key.core/../key.ui/examples/heap/SmansEtAl/Cell_inv.key 
91201      INFO  main            d.u.i.k.p.i.AbstractProblemLoader Loading environment from /home/runner/work/key/key/key.core/../key.ui/examples/heap/SmansEtAl/Cell_inv.key 
91201      DEBUG main            d.u.i.k.p.i.AbstractProblemLoader Environment load took 92.01ns 
91202      INFO  main            d.u.i.k.p.i.AbstractProblemLoader Creating init config 
94054      DEBUG main            d.u.i.k.p.i.AbstractProblemLoader Init config took 2.85s 
94092      INFO  main            d.u.i.k.p.i.AbstractProblemLoader Replaying proof Cell[java.lang.Object::<inv>()].JML accessible clause.0 
94093      DEBUG main            d.u.i.k.p.i.IntermediateProofReplayer Proof replay took 5.8ns 
94196      INFO  main            d.u.i.k.p.r.p.TestFile    ... finished proof: closed. 
94419      INFO  main            d.u.i.k.p.i.AbstractProblemLoader Loading environment from /home/runner/work/key/key/key.core/../key.ui/examples/heap/SmansEtAl/Cell_inv.key.proof 
94419      DEBUG main            d.u.i.k.p.i.AbstractProblemLoader Environment load took 127.11ns 
94420      INFO  main            d.u.i.k.p.i.AbstractProblemLoader Creating init config 
97212      DEBUG main            d.u.i.k.p.i.AbstractProblemLoader Init config took 2.79s 
97249      INFO  main            d.u.i.k.p.i.AbstractProblemLoader Replaying proof Cell[java.lang.Object::<inv>()].JML accessible clause.0 
97252      DEBUG main            d.u.i.k.p.i.IntermediateProofReplayer Proof replay took 1.77ms 
97253      DEBUG main            d.u.i.k.p.r.p.TestFile    ... success: reloaded. 
97254      INFO  main            d.u.i.k.p.r.p.TestFile    Now processing file /home/runner/work/key/key/key.core/../key.ui/examples/heap/SmansEtAl/Cell_setX.key 
97254      INFO  main            d.u.i.k.p.i.AbstractProblemLoader Loading environment from /home/runner/work/key/key/key.core/../key.ui/examples/heap/SmansEtAl/Cell_setX.key 
97255      DEBUG main            d.u.i.k.p.i.AbstractProblemLoader Environment load took 252.41ns 
97256      INFO  main            d.u.i.k.p.i.AbstractProblemLoader Creating init config 
100172     DEBUG main            d.u.i.k.p.i.AbstractProblemLoader Init config took 2.92s 
100208     INFO  main            d.u.i.k.p.i.AbstractProblemLoader Replaying proof Cell[Cell::setX(int)].JML normal_behavior operation contract.0 
100210     DEBUG main            d.u.i.k.p.i.IntermediateProofReplayer Proof replay took 6ns 
100312     INFO  main            d.u.i.k.p.r.p.TestFile    ... finished proof: closed. 
100547     INFO  main            d.u.i.k.p.i.AbstractProblemLoader Loading environment from /home/runner/work/key/key/key.core/../key.ui/examples/heap/SmansEtAl/Cell_setX.key.proof 
100547     DEBUG main            d.u.i.k.p.i.AbstractProblemLoader Environment load took 121.01ns 
100548     INFO  main            d.u.i.k.p.i.AbstractProblemLoader Creating init config 
103329     DEBUG main            d.u.i.k.p.i.AbstractProblemLoader Init config took 2.78s 
103365     INFO  main            d.u.i.k.p.i.AbstractProblemLoader Replaying proof Cell[Cell::setX(int)].JML normal_behavior operation contract.0 
103390     DEBUG main            d.u.i.k.p.i.IntermediateProofReplayer Proof replay took 21.55ms 
103391     DEBUG main            d.u.i.k.p.r.p.TestFile    ... success: reloaded. 
103392     INFO  main            d.u.i.k.p.r.p.TestFile    Now processing file /home/runner/work/key/key/key.core/../key.ui/examples/heap/SmansEtAl/CellClient_m.key 
103392     INFO  main            d.u.i.k.p.i.AbstractProblemLoader Loading environment from /home/runner/work/key/key/key.core/../key.ui/examples/heap/SmansEtAl/CellClient_m.key 
103393     DEBUG main            d.u.i.k.p.i.AbstractProblemLoader Environment load took 217.91ns 
103394     INFO  main            d.u.i.k.p.i.AbstractProblemLoader Creating init config 
106199     DEBUG main            d.u.i.k.p.i.AbstractProblemLoader Init config took 2.81s 
106235     INFO  main            d.u.i.k.p.i.AbstractProblemLoader Replaying proof CellClient[CellClient::m()].JML operation contract.0 
106236     DEBUG main            d.u.i.k.p.i.IntermediateProofReplayer Proof replay took 6.3ns 
106742     INFO  main            d.u.i.k.p.r.p.TestFile    ... finished proof: closed. 
106997     INFO  main            d.u.i.k.p.i.AbstractProblemLoader Loading environment from /home/runner/work/key/key/key.core/../key.ui/examples/heap/SmansEtAl/CellClient_m.key.proof 
106997     DEBUG main            d.u.i.k.p.i.AbstractProblemLoader Environment load took 107.61ns 
106998     INFO  main            d.u.i.k.p.i.AbstractProblemLoader Creating init config 
109797     DEBUG main            d.u.i.k.p.i.AbstractProblemLoader Init config took 2.8s 
109834     INFO  main            d.u.i.k.p.i.AbstractProblemLoader Replaying proof CellClient[CellClient::m()].JML operation contract.0 
109941     DEBUG main            d.u.i.k.p.i.IntermediateProofReplayer Proof replay took 103.5ms 
109942     DEBUG main            d.u.i.k.p.r.p.TestFile    ... success: reloaded. 
109943     INFO  main            d.u.i.k.p.r.p.TestFile    Now processing file /home/runner/work/key/key/key.core/../key.ui/examples/heap/SmansEtAl/Iterator_footprint.key 
109944     INFO  main            d.u.i.k.p.i.AbstractProblemLoader Loading environment from /home/runner/work/key/key/key.core/../key.ui/examples/heap/SmansEtAl/Iterator_footprint.key 
109944     DEBUG main            d.u.i.k.p.i.AbstractProblemLoader Environment load took 170.31ns 
109945     INFO  main            d.u.i.k.p.i.AbstractProblemLoader Creating init config 
112891     DEBUG main            d.u.i.k.p.i.AbstractProblemLoader Init config took 2.95s 
112931     INFO  main            d.u.i.k.p.i.AbstractProblemLoader Replaying proof Iterator[Iterator::$footprint()].JML accessible clause.0 
112933     DEBUG main            d.u.i.k.p.i.IntermediateProofReplayer Proof replay took 5.8ns 
113035     INFO  main            d.u.i.k.p.r.p.TestFile    ... finished proof: closed. 
113279     INFO  main            d.u.i.k.p.i.AbstractProblemLoader Loading environment from /home/runner/work/key/key/key.core/../key.ui/examples/heap/SmansEtAl/Iterator_footprint.key.proof 
113279     DEBUG main            d.u.i.k.p.i.AbstractProblemLoader Environment load took 120.61ns 
113280     INFO  main            d.u.i.k.p.i.AbstractProblemLoader Creating init config 
116133     DEBUG main            d.u.i.k.p.i.AbstractProblemLoader Init config took 2.85s 
116179     INFO  main            d.u.i.k.p.i.AbstractProblemLoader Replaying proof Iterator[Iterator::$footprint()].JML accessible clause.0 
116188     DEBUG main            d.u.i.k.p.i.IntermediateProofReplayer Proof replay took 7.01ms 
116189     DEBUG main            d.u.i.k.p.r.p.TestFile    ... success: reloaded. 
116191     INFO  main            d.u.i.k.p.r.p.TestFile    Now processing file /home/runner/work/key/key/key.core/../key.ui/examples/heap/SmansEtAl/Iterator_hasNext_dep.key 
116191     INFO  main            d.u.i.k.p.i.AbstractProblemLoader Loading environment from /home/runner/work/key/key/key.core/../key.ui/examples/heap/SmansEtAl/Iterator_hasNext_dep.key 
116191     DEBUG main            d.u.i.k.p.i.AbstractProblemLoader Environment load took 237.22ns 
116192     INFO  main            d.u.i.k.p.i.AbstractProblemLoader Creating init config 
119070     DEBUG main            d.u.i.k.p.i.AbstractProblemLoader Init config took 2.88s 
119109     INFO  main            d.u.i.k.p.i.AbstractProblemLoader Replaying proof Iterator[Iterator::hasNext()].JML accessible clause.0 
119110     DEBUG main            d.u.i.k.p.i.IntermediateProofReplayer Proof replay took 6.3ns 
119714     INFO  main            d.u.i.k.p.r.p.TestFile    ... finished proof: closed. 
119986     INFO  main            d.u.i.k.p.i.AbstractProblemLoader Loading environment from /home/runner/work/key/key/key.core/../key.ui/examples/heap/SmansEtAl/Iterator_hasNext_dep.key.proof 
119986     DEBUG main            d.u.i.k.p.i.AbstractProblemLoader Environment load took 536.44ns 
119988     INFO  main            d.u.i.k.p.i.AbstractProblemLoader Creating init config 
122763     DEBUG main            d.u.i.k.p.i.AbstractProblemLoader Init config took 2.78s 
122804     INFO  main            d.u.i.k.p.i.AbstractProblemLoader Replaying proof Iterator[Iterator::hasNext()].JML accessible clause.0 
122901     DEBUG main            d.u.i.k.p.i.IntermediateProofReplayer Proof replay took 92.15ms 
122902     DEBUG main            d.u.i.k.p.r.p.TestFile    ... success: reloaded. 
122904     INFO  main            d.u.i.k.p.r.p.TestFile    Now processing file /home/runner/work/key/key/key.core/../key.ui/examples/heap/SmansEtAl/Iterator_hasNext.key 
122904     INFO  main            d.u.i.k.p.i.AbstractProblemLoader Loading environment from /home/runner/work/key/key/key.core/../key.ui/examples/heap/SmansEtAl/Iterator_hasNext.key 
122904     DEBUG main            d.u.i.k.p.i.AbstractProblemLoader Environment load took 229.01ns 
122905     INFO  main            d.u.i.k.p.i.AbstractProblemLoader Creating init config 
125725     DEBUG main            d.u.i.k.p.i.AbstractProblemLoader Init config took 2.82s 
125785     INFO  main            d.u.i.k.p.i.AbstractProblemLoader Replaying proof Iterator[Iterator::hasNext()].JML normal_behavior operation contract.0 
125786     DEBUG main            d.u.i.k.p.i.IntermediateProofReplayer Proof replay took 6.1ns 
126290     INFO  main            d.u.i.k.p.r.p.TestFile    ... finished proof: closed. 
126567     INFO  main            d.u.i.k.p.i.AbstractProblemLoader Loading environment from /home/runner/work/key/key/key.core/../key.ui/examples/heap/SmansEtAl/Iterator_hasNext.key.proof 
126568     DEBUG main            d.u.i.k.p.i.AbstractProblemLoader Environment load took 472.03ns 
126569     INFO  main            d.u.i.k.p.i.AbstractProblemLoader Creating init config 
129366     DEBUG main            d.u.i.k.p.i.AbstractProblemLoader Init config took 2.8s 
129413     INFO  main            d.u.i.k.p.i.AbstractProblemLoader Replaying proof Iterator[Iterator::hasNext()].JML normal_behavior operation contract.0 
129498     DEBUG main            d.u.i.k.p.i.IntermediateProofReplayer Proof replay took 79.81ms 
129499     DEBUG main            d.u.i.k.p.r.p.TestFile    ... success: reloaded. 
129500     INFO  main            d.u.i.k.p.r.p.TestFile    Now processing file /home/runner/work/key/key/key.core/../key.ui/examples/heap/SmansEtAl/Iterator_inv.key 
129501     INFO  main            d.u.i.k.p.i.AbstractProblemLoader Loading environment from /home/runner/work/key/key/key.core/../key.ui/examples/heap/SmansEtAl/Iterator_inv.key 
129501     DEBUG main            d.u.i.k.p.i.AbstractProblemLoader Environment load took 100.81ns 
129502     INFO  main            d.u.i.k.p.i.AbstractProblemLoader Creating init config 
132282     DEBUG main            d.u.i.k.p.i.AbstractProblemLoader Init config took 2.78s 
132322     INFO  main            d.u.i.k.p.i.AbstractProblemLoader Replaying proof Iterator[java.lang.Object::<inv>()].JML accessible clause.0 
132324     DEBUG main            d.u.i.k.p.i.IntermediateProofReplayer Proof replay took 6.8ns 
132527     INFO  main            d.u.i.k.p.r.p.TestFile    ... finished proof: closed. 
132807     INFO  main            d.u.i.k.p.i.AbstractProblemLoader Loading environment from /home/runner/work/key/key/key.core/../key.ui/examples/heap/SmansEtAl/Iterator_inv.key.proof 
132807     DEBUG main            d.u.i.k.p.i.AbstractProblemLoader Environment load took 132.01ns 
132808     INFO  main            d.u.i.k.p.i.AbstractProblemLoader Creating init config 
135442     DEBUG main            d.u.i.k.p.i.AbstractProblemLoader Init config took 2.63s 
135480     INFO  main            d.u.i.k.p.i.AbstractProblemLoader Replaying proof Iterator[java.lang.Object::<inv>()].JML accessible clause.0 
135511     DEBUG main            d.u.i.k.p.i.IntermediateProofReplayer Proof replay took 27.44ms 
135516     DEBUG main            d.u.i.k.p.r.p.TestFile    ... success: reloaded. 
135517     INFO  main            d.u.i.k.p.r.p.TestFile    Now processing file /home/runner/work/key/key/key.core/../key.ui/examples/heap/SmansEtAl/Iterator_Iterator.key 
135518     INFO  main            d.u.i.k.p.i.AbstractProblemLoader Loading environment from /home/runner/work/key/key/key.core/../key.ui/examples/heap/SmansEtAl/Iterator_Iterator.key 
135518     DEBUG main            d.u.i.k.p.i.AbstractProblemLoader Environment load took 114.31ns 
135519     INFO  main            d.u.i.k.p.i.AbstractProblemLoader Creating init config 
138353     DEBUG main            d.u.i.k.p.i.AbstractProblemLoader Init config took 2.83s 
138390     INFO  main            d.u.i.k.p.i.AbstractProblemLoader Replaying proof Iterator[Iterator::Iterator(ArrayList)].JML normal_behavior operation contract.0 
138391     DEBUG main            d.u.i.k.p.i.IntermediateProofReplayer Proof replay took 7ns 
139904     INFO  main            d.u.i.k.p.r.p.TestFile    ... finished proof: closed. 
140206     INFO  main            d.u.i.k.p.i.AbstractProblemLoader Loading environment from /home/runner/work/key/key/key.core/../key.ui/examples/heap/SmansEtAl/Iterator_Iterator.key.proof 
140207     DEBUG main            d.u.i.k.p.i.AbstractProblemLoader Environment load took 488.83ns 
140208     INFO  main            d.u.i.k.p.i.AbstractProblemLoader Creating init config 
143034     DEBUG main            d.u.i.k.p.i.AbstractProblemLoader Init config took 2.83s 
143078     INFO  main            d.u.i.k.p.i.AbstractProblemLoader Replaying proof Iterator[Iterator::Iterator(ArrayList)].JML normal_behavior operation contract.0 
143286     DEBUG main            d.u.i.k.p.i.IntermediateProofReplayer Proof replay took 192.3ms 
143288     DEBUG main            d.u.i.k.p.r.p.TestFile    ... success: reloaded. 
143290     INFO  main            d.u.i.k.p.r.p.TestFile    Now processing file /home/runner/work/key/key/key.core/../key.ui/examples/heap/SmansEtAl/Iterator_list_dep.key 
143290     INFO  main            d.u.i.k.p.i.AbstractProblemLoader Loading environment from /home/runner/work/key/key/key.core/../key.ui/examples/heap/SmansEtAl/Iterator_list_dep.key 
143291     DEBUG main            d.u.i.k.p.i.AbstractProblemLoader Environment load took 226.31ns 
143292     INFO  main            d.u.i.k.p.i.AbstractProblemLoader Creating init config 
146252     DEBUG main            d.u.i.k.p.i.AbstractProblemLoader Init config took 2.96s 
146290     INFO  main            d.u.i.k.p.i.AbstractProblemLoader Replaying proof Iterator[Iterator::list()].JML accessible clause.0 
146292     DEBUG main            d.u.i.k.p.i.IntermediateProofReplayer Proof replay took 7ns 
146396     INFO  main            d.u.i.k.p.r.p.TestFile    ... finished proof: closed. 
146686     INFO  main            d.u.i.k.p.i.AbstractProblemLoader Loading environment from /home/runner/work/key/key/key.core/../key.ui/examples/heap/SmansEtAl/Iterator_list_dep.key.proof 
146686     DEBUG main            d.u.i.k.p.i.AbstractProblemLoader Environment load took 120.11ns 
146687     INFO  main            d.u.i.k.p.i.AbstractProblemLoader Creating init config 
149471     DEBUG main            d.u.i.k.p.i.AbstractProblemLoader Init config took 2.78s 
149509     INFO  main            d.u.i.k.p.i.AbstractProblemLoader Replaying proof Iterator[Iterator::list()].JML accessible clause.0 
149532     DEBUG main            d.u.i.k.p.i.IntermediateProofReplayer Proof replay took 20.42ms 
149534     DEBUG main            d.u.i.k.p.r.p.TestFile    ... success: reloaded. 
149535     INFO  main            d.u.i.k.p.r.p.TestFile    Now processing file /home/runner/work/key/key/key.core/../key.ui/examples/heap/SmansEtAl/Iterator_list.key 
149536     INFO  main            d.u.i.k.p.i.AbstractProblemLoader Loading environment from /home/runner/work/key/key/key.core/../key.ui/examples/heap/SmansEtAl/Iterator_list.key 
149536     DEBUG main            d.u.i.k.p.i.AbstractProblemLoader Environment load took 237.92ns 
149537     INFO  main            d.u.i.k.p.i.AbstractProblemLoader Creating init config 
152356     DEBUG main            d.u.i.k.p.i.AbstractProblemLoader Init config took 2.82s 
152393     INFO  main            d.u.i.k.p.i.AbstractProblemLoader Replaying proof Iterator[Iterator::list()].JML normal_behavior operation contract.0 
152395     DEBUG main            d.u.i.k.p.i.IntermediateProofReplayer Proof replay took 5ns 
152497     INFO  main            d.u.i.k.p.r.p.TestFile    ... finished proof: closed. 
152779     INFO  main            d.u.i.k.p.i.AbstractProblemLoader Loading environment from /home/runner/work/key/key/key.core/../key.ui/examples/heap/SmansEtAl/Iterator_list.key.proof 
152779     DEBUG main            d.u.i.k.p.i.AbstractProblemLoader Environment load took 137.21ns 
152780     INFO  main            d.u.i.k.p.i.AbstractProblemLoader Creating init config 
155518     DEBUG main            d.u.i.k.p.i.AbstractProblemLoader Init config took 2.74s 
155556     INFO  main            d.u.i.k.p.i.AbstractProblemLoader Replaying proof Iterator[Iterator::list()].JML normal_behavior operation contract.0 
155575     DEBUG main            d.u.i.k.p.i.IntermediateProofReplayer Proof replay took 16.93ms 
155576     DEBUG main            d.u.i.k.p.r.p.TestFile    ... success: reloaded. 
155577     INFO  main            d.u.i.k.p.r.p.TestFile    Now processing file /home/runner/work/key/key/key.core/../key.ui/examples/heap/SmansEtAl/Iterator_next.key 
155577     INFO  main            d.u.i.k.p.i.AbstractProblemLoader Loading environment from /home/runner/work/key/key/key.core/../key.ui/examples/heap/SmansEtAl/Iterator_next.key 
155577     DEBUG main            d.u.i.k.p.i.AbstractProblemLoader Environment load took 101.41ns 
155578     INFO  main            d.u.i.k.p.i.AbstractProblemLoader Creating init config 
158402     DEBUG main            d.u.i.k.p.i.AbstractProblemLoader Init config took 2.82s 
158436     INFO  main            d.u.i.k.p.i.AbstractProblemLoader Replaying proof Iterator[Iterator::next()].JML normal_behavior operation contract.0 
158437     DEBUG main            d.u.i.k.p.i.IntermediateProofReplayer Proof replay took 6.8ns 
161454     INFO  main            d.u.i.k.p.r.p.TestFile    ... finished proof: closed. 
161756     INFO  main            d.u.i.k.p.i.AbstractProblemLoader Loading environment from /home/runner/work/key/key/key.core/../key.ui/examples/heap/SmansEtAl/Iterator_next.key.proof 
161756     DEBUG main            d.u.i.k.p.i.AbstractProblemLoader Environment load took 190.11ns 
161758     INFO  main            d.u.i.k.p.i.AbstractProblemLoader Creating init config 
164409     DEBUG main            d.u.i.k.p.i.AbstractProblemLoader Init config took 2.65s 
164444     INFO  main            d.u.i.k.p.i.AbstractProblemLoader Replaying proof Iterator[Iterator::next()].JML normal_behavior operation contract.0 
164757     DEBUG main            d.u.i.k.p.i.IntermediateProofReplayer Proof replay took 292.84ms 
164759     DEBUG main            d.u.i.k.p.r.p.TestFile    ... success: reloaded. 
164760     INFO  main            d.u.i.k.p.r.p.TestFile    Now processing file /home/runner/work/key/key/key.core/../key.ui/examples/heap/SmansEtAl/Stack_footprint.key 
164760     INFO  main            d.u.i.k.p.i.AbstractProblemLoader Loading environment from /home/runner/work/key/key/key.core/../key.ui/examples/heap/SmansEtAl/Stack_footprint.key 
164760     DEBUG main            d.u.i.k.p.i.AbstractProblemLoader Environment load took 202.81ns 
164761     INFO  main            d.u.i.k.p.i.AbstractProblemLoader Creating init config 
167530     DEBUG main            d.u.i.k.p.i.AbstractProblemLoader Init config took 2.77s 
167566     INFO  main            d.u.i.k.p.i.AbstractProblemLoader Replaying proof Stack[Stack::$footprint()].JML accessible clause.0 
167568     DEBUG main            d.u.i.k.p.i.IntermediateProofReplayer Proof replay took 7ns 
167770     INFO  main            d.u.i.k.p.r.p.TestFile    ... finished proof: closed. 
168060     INFO  main            d.u.i.k.p.i.AbstractProblemLoader Loading environment from /home/runner/work/key/key/key.core/../key.ui/examples/heap/SmansEtAl/Stack_footprint.key.proof 
168061     DEBUG main            d.u.i.k.p.i.AbstractProblemLoader Environment load took 103.91ns 
168062     INFO  main            d.u.i.k.p.i.AbstractProblemLoader Creating init config 
170773     DEBUG main            d.u.i.k.p.i.AbstractProblemLoader Init config took 2.71s 
170810     INFO  main            d.u.i.k.p.i.AbstractProblemLoader Replaying proof Stack[Stack::$footprint()].JML accessible clause.0 
170844     DEBUG main            d.u.i.k.p.i.IntermediateProofReplayer Proof replay took 31.47ms 
170845     DEBUG main            d.u.i.k.p.r.p.TestFile    ... success: reloaded. 
170847     INFO  main            d.u.i.k.p.r.p.TestFile    Now processing file /home/runner/work/key/key/key.core/../key.ui/examples/heap/SmansEtAl/Stack_inv.key 
170847     INFO  main            d.u.i.k.p.i.AbstractProblemLoader Loading environment from /home/runner/work/key/key/key.core/../key.ui/examples/heap/SmansEtAl/Stack_inv.key 
170847     DEBUG main            d.u.i.k.p.i.AbstractProblemLoader Environment load took 241.42ns 
170848     INFO  main            d.u.i.k.p.i.AbstractProblemLoader Creating init config 
173672     DEBUG main            d.u.i.k.p.i.AbstractProblemLoader Init config took 2.82s 
173709     INFO  main            d.u.i.k.p.i.AbstractProblemLoader Replaying proof Stack[java.lang.Object::<inv>()].JML accessible clause.0 
173711     DEBUG main            d.u.i.k.p.i.IntermediateProofReplayer Proof replay took 6.1ns 
173813     INFO  main            d.u.i.k.p.r.p.TestFile    ... finished proof: closed. 
174124     INFO  main            d.u.i.k.p.i.AbstractProblemLoader Loading environment from /home/runner/work/key/key/key.core/../key.ui/examples/heap/SmansEtAl/Stack_inv.key.proof 
174124     DEBUG main            d.u.i.k.p.i.AbstractProblemLoader Environment load took 116.21ns 
174125     INFO  main            d.u.i.k.p.i.AbstractProblemLoader Creating init config 
176851     DEBUG main            d.u.i.k.p.i.AbstractProblemLoader Init config took 2.73s 
176902     INFO  main            d.u.i.k.p.i.AbstractProblemLoader Replaying proof Stack[java.lang.Object::<inv>()].JML accessible clause.0 
176914     DEBUG main            d.u.i.k.p.i.IntermediateProofReplayer Proof replay took 10.39ms 
176915     DEBUG main            d.u.i.k.p.r.p.TestFile    ... success: reloaded. 
176916     INFO  main            d.u.i.k.p.r.p.TestFile    Now processing file /home/runner/work/key/key/key.core/../key.ui/examples/heap/SmansEtAl/Stack_push.key 
176916     INFO  main            d.u.i.k.p.i.AbstractProblemLoader Loading environment from /home/runner/work/key/key/key.core/../key.ui/examples/heap/SmansEtAl/Stack_push.key 
176916     DEBUG main            d.u.i.k.p.i.AbstractProblemLoader Environment load took 240.72ns 
176917     INFO  main            d.u.i.k.p.i.AbstractProblemLoader Creating init config 
179734     DEBUG main            d.u.i.k.p.i.AbstractProblemLoader Init config took 2.82s 
179769     INFO  main            d.u.i.k.p.i.AbstractProblemLoader Replaying proof Stack[Stack::push(java.lang.Object)].JML normal_behavior operation contract.0 
179771     DEBUG main            d.u.i.k.p.i.IntermediateProofReplayer Proof replay took 5.9ns 
180480     INFO  main            d.u.i.k.p.r.p.TestFile    ... finished proof: closed. 
180816     INFO  main            d.u.i.k.p.i.AbstractProblemLoader Loading environment from /home/runner/work/key/key/key.core/../key.ui/examples/heap/SmansEtAl/Stack_push.key.proof 
180816     DEBUG main            d.u.i.k.p.i.AbstractProblemLoader Environment load took 475.53ns 
180818     INFO  main            d.u.i.k.p.i.AbstractProblemLoader Creating init config 
183558     DEBUG main            d.u.i.k.p.i.AbstractProblemLoader Init config took 2.74s 
183600     INFO  main            d.u.i.k.p.i.AbstractProblemLoader Replaying proof Stack[Stack::push(java.lang.Object)].JML normal_behavior operation contract.0 
183729     DEBUG main            d.u.i.k.p.i.IntermediateProofReplayer Proof replay took 119.98ms 
183730     DEBUG main            d.u.i.k.p.r.p.TestFile    ... success: reloaded. 
183735     INFO  main            d.u.i.k.p.r.p.TestFile    Now processing file /home/runner/work/key/key/key.core/../key.ui/examples/heap/SmansEtAl/Stack_size.key 
183735     INFO  main            d.u.i.k.p.i.AbstractProblemLoader Loading environment from /home/runner/work/key/key/key.core/../key.ui/examples/heap/SmansEtAl/Stack_size.key 
183736     DEBUG main            d.u.i.k.p.i.AbstractProblemLoader Environment load took 235.52ns 
183737     INFO  main            d.u.i.k.p.i.AbstractProblemLoader Creating init config 
186466     DEBUG main            d.u.i.k.p.i.AbstractProblemLoader Init config took 2.73s 
186500     INFO  main            d.u.i.k.p.i.AbstractProblemLoader Replaying proof Stack[Stack::size()].JML accessible clause.0 
186501     DEBUG main            d.u.i.k.p.i.IntermediateProofReplayer Proof replay took 5.8ns 
186703     INFO  main            d.u.i.k.p.r.p.TestFile    ... finished proof: closed. 
187009     INFO  main            d.u.i.k.p.i.AbstractProblemLoader Loading environment from /home/runner/work/key/key/key.core/../key.ui/examples/heap/SmansEtAl/Stack_size.key.proof 
187009     DEBUG main            d.u.i.k.p.i.AbstractProblemLoader Environment load took 108.61ns 
187010     INFO  main            d.u.i.k.p.i.AbstractProblemLoader Creating init config 
189549     DEBUG main            d.u.i.k.p.i.AbstractProblemLoader Init config took 2.54s 
189582     INFO  main            d.u.i.k.p.i.AbstractProblemLoader Replaying proof Stack[Stack::size()].JML accessible clause.0 
189623     DEBUG main            d.u.i.k.p.i.IntermediateProofReplayer Proof replay took 38.16ms 
189624     DEBUG main            d.u.i.k.p.r.p.TestFile    ... success: reloaded. 
189625     INFO  main            d.u.i.k.p.r.p.TestFile    Now processing file /home/runner/work/key/key/key.core/../key.ui/examples/heap/SmansEtAl/Stack_Stack.key 
189625     INFO  main            d.u.i.k.p.i.AbstractProblemLoader Loading environment from /home/runner/work/key/key/key.core/../key.ui/examples/heap/SmansEtAl/Stack_Stack.key 
189626     DEBUG main            d.u.i.k.p.i.AbstractProblemLoader Environment load took 209.71ns 
189627     INFO  main            d.u.i.k.p.i.AbstractProblemLoader Creating init config 
192253     DEBUG main            d.u.i.k.p.i.AbstractProblemLoader Init config took 2.63s 
192289     INFO  main            d.u.i.k.p.i.AbstractProblemLoader Replaying proof Stack[Stack::Stack()].JML normal_behavior operation contract.0 
192291     DEBUG main            d.u.i.k.p.i.IntermediateProofReplayer Proof replay took 6.3ns 
193397     INFO  main            d.u.i.k.p.r.p.TestFile    ... finished proof: closed. 
193716     INFO  main            d.u.i.k.p.i.AbstractProblemLoader Loading environment from /home/runner/work/key/key/key.core/../key.ui/examples/heap/SmansEtAl/Stack_Stack.key.proof 
193716     DEBUG main            d.u.i.k.p.i.AbstractProblemLoader Environment load took 184.01ns 
193717     INFO  main            d.u.i.k.p.i.AbstractProblemLoader Creating init config 
196252     DEBUG main            d.u.i.k.p.i.AbstractProblemLoader Init config took 2.54s 
196285     INFO  main            d.u.i.k.p.i.AbstractProblemLoader Replaying proof Stack[Stack::Stack()].JML normal_behavior operation contract.0 
196464     DEBUG main            d.u.i.k.p.i.IntermediateProofReplayer Proof replay took 172.51ms 
196465     DEBUG main            d.u.i.k.p.r.p.TestFile    ... success: reloaded. 
196466     INFO  main            d.u.i.k.p.r.p.TestFile    Now processing file /home/runner/work/key/key/key.core/../key.ui/examples/heap/SmansEtAl/Stack_switchContents.key 
196466     INFO  main            d.u.i.k.p.i.AbstractProblemLoader Loading environment from /home/runner/work/key/key/key.core/../key.ui/examples/heap/SmansEtAl/Stack_switchContents.key 
196466     DEBUG main            d.u.i.k.p.i.AbstractProblemLoader Environment load took 91.21ns 
196467     INFO  main            d.u.i.k.p.i.AbstractProblemLoader Creating init config 
199087     DEBUG main            d.u.i.k.p.i.AbstractProblemLoader Init config took 2.62s 
199123     INFO  main            d.u.i.k.p.i.AbstractProblemLoader Replaying proof Stack[Stack::switchContents(Stack)].JML normal_behavior operation contract.0 
199124     DEBUG main            d.u.i.k.p.i.IntermediateProofReplayer Proof replay took 5.4ns 
203754     INFO  main            d.u.i.k.p.r.p.TestFile    ... finished proof: closed. 
204090     INFO  main            d.u.i.k.p.i.AbstractProblemLoader Loading environment from /home/runner/work/key/key/key.core/../key.ui/examples/heap/SmansEtAl/Stack_switchContents.key.proof 
204090     DEBUG main            d.u.i.k.p.i.AbstractProblemLoader Environment load took 454.03ns 
204093     INFO  main            d.u.i.k.p.i.AbstractProblemLoader Creating init config 
206626     DEBUG main            d.u.i.k.p.i.AbstractProblemLoader Init config took 2.53s 
206660     INFO  main            d.u.i.k.p.i.AbstractProblemLoader Replaying proof Stack[Stack::switchContents(Stack)].JML normal_behavior operation contract.0 
207163     DEBUG main            d.u.i.k.p.i.IntermediateProofReplayer Proof replay took 488.94ms 
207165     DEBUG main            d.u.i.k.p.r.p.TestFile    ... success: reloaded. 
2107412    INFO  Test worker     d.u.i.k.p.r.RunAllProofsTestUnit Returning from test SmansEtAl 
2107413    INFO  Test worker     d.u.i.k.p.r.RunAllProofsTestUnit Running test VACID0 
360        INFO  Timeout watchdog d.u.i.k.p.r.p.ForkedTestFileRunner Timeout watcher launched (2000 secs.) 
362        WARN  main            d.u.i.k.s.ProofSettings   The settings in /home/runner/.key/proof-settings.props are *not* read. 
389        INFO  main            d.u.i.k.p.r.p.TestFile    Now processing file /home/runner/work/key/key/key.core/../key.ui/examples/heap/vacid0_01_SparseArray/Harness_sparseArrayTestHarness1.key 
492        INFO  main            d.u.i.k.p.i.AbstractProblemLoader Loading environment from /home/runner/work/key/key/key.core/../key.ui/examples/heap/vacid0_01_SparseArray/Harness_sparseArrayTestHarness1.key 
513        DEBUG main            d.u.i.k.p.i.AbstractProblemLoader Environment load took 1.64ms 
714        INFO  main            d.u.i.k.p.i.AbstractProblemLoader Creating init config 
1446       DEBUG main            d.u.i.k.j.TypeConverter   No LDT found for Meta 
1447       DEBUG main            d.u.i.k.j.TypeConverter   No LDT found for Meta 
1448       DEBUG main            d.u.i.k.j.TypeConverter   No LDT found for Meta 
1449       DEBUG main            d.u.i.k.j.TypeConverter   No LDT found for Meta 
2729       DEBUG main            d.u.i.k.j.TypeConverter   No LDT found for JavaBigintExpression 
7815       DEBUG main            d.u.i.k.p.i.AbstractProblemLoader Init config took 7.1s 
7937       INFO  main            d.u.i.k.p.i.AbstractProblemLoader Replaying proof Harness[Harness::sparseArrayTestHarness1()].JML normal_behavior operation contract.0 
7980       DEBUG main            d.u.i.k.p.i.IntermediateProofReplayer Proof replay took 32.8ns 
9462       INFO  main            d.u.i.k.p.r.p.TestFile    ... finished proof: closed. 
9614       INFO  main            d.u.i.k.p.i.AbstractProblemLoader Loading environment from /home/runner/work/key/key/key.core/../key.ui/examples/heap/vacid0_01_SparseArray/Harness_sparseArrayTestHarness1.key.proof 
9618       DEBUG main            d.u.i.k.p.i.AbstractProblemLoader Environment load took 4.16ms 
9620       INFO  main            d.u.i.k.p.i.AbstractProblemLoader Creating init config 
12605      DEBUG main            d.u.i.k.p.i.AbstractProblemLoader Init config took 2.99s 
12673      INFO  main            d.u.i.k.p.i.AbstractProblemLoader Replaying proof Harness[Harness::sparseArrayTestHarness1()].JML normal_behavior operation contract.0 
12848      DEBUG main            d.u.i.k.p.i.IntermediateProofReplayer Proof replay took 166.86ms 
12856      DEBUG main            d.u.i.k.p.r.p.TestFile    ... success: reloaded. 
12858      INFO  main            d.u.i.k.p.r.p.TestFile    Now processing file /home/runner/work/key/key/key.core/../key.ui/examples/heap/vacid0_01_SparseArray/Harness_sparseArrayTestHarness2.key 
12858      INFO  main            d.u.i.k.p.i.AbstractProblemLoader Loading environment from /home/runner/work/key/key/key.core/../key.ui/examples/heap/vacid0_01_SparseArray/Harness_sparseArrayTestHarness2.key 
12859      DEBUG main            d.u.i.k.p.i.AbstractProblemLoader Environment load took 280.62ns 
12860      INFO  main            d.u.i.k.p.i.AbstractProblemLoader Creating init config 
15673      DEBUG main            d.u.i.k.p.i.AbstractProblemLoader Init config took 2.81s 
15732      INFO  main            d.u.i.k.p.i.AbstractProblemLoader Replaying proof Harness[Harness::sparseArrayTestHarness2()].JML normal_behavior operation contract.0 
15734      DEBUG main            d.u.i.k.p.i.IntermediateProofReplayer Proof replay took 6.5ns 
26128      INFO  main            d.u.i.k.p.r.p.TestFile    ... finished proof: closed. 
26336      INFO  main            d.u.i.k.p.i.AbstractProblemLoader Loading environment from /home/runner/work/key/key/key.core/../key.ui/examples/heap/vacid0_01_SparseArray/Harness_sparseArrayTestHarness2.key.proof 
26337      DEBUG main            d.u.i.k.p.i.AbstractProblemLoader Environment load took 540.84ns 
26343      INFO  main            d.u.i.k.p.i.AbstractProblemLoader Creating init config 
29190      DEBUG main            d.u.i.k.p.i.AbstractProblemLoader Init config took 2.85s 
29247      INFO  main            d.u.i.k.p.i.AbstractProblemLoader Replaying proof Harness[Harness::sparseArrayTestHarness2()].JML normal_behavior operation contract.0 
30358      DEBUG main            d.u.i.k.p.i.IntermediateProofReplayer Proof replay took 1.07s 
30361      DEBUG main            d.u.i.k.p.r.p.TestFile    ... success: reloaded. 
30363      INFO  main            d.u.i.k.p.r.p.TestFile    Now processing file /home/runner/work/key/key/key.core/../key.ui/examples/heap/vacid0_01_SparseArray/MemoryAllocator_alloc_unsigned.key 
30363      INFO  main            d.u.i.k.p.i.AbstractProblemLoader Loading environment from /home/runner/work/key/key/key.core/../key.ui/examples/heap/vacid0_01_SparseArray/MemoryAllocator_alloc_unsigned.key 
30364      DEBUG main            d.u.i.k.p.i.AbstractProblemLoader Environment load took 270.02ns 
30365      INFO  main            d.u.i.k.p.i.AbstractProblemLoader Creating init config 
33220      DEBUG main            d.u.i.k.p.i.AbstractProblemLoader Init config took 2.85s 
33268      INFO  main            d.u.i.k.p.i.AbstractProblemLoader Replaying proof MemoryAllocator[MemoryAllocator::alloc_unsigned(int)].JML normal_behavior operation contract.0 
33270      DEBUG main            d.u.i.k.p.i.IntermediateProofReplayer Proof replay took 6.6ns 
34176      INFO  main            d.u.i.k.p.r.p.TestFile    ... finished proof: closed. 
34373      INFO  main            d.u.i.k.p.i.AbstractProblemLoader Loading environment from /home/runner/work/key/key/key.core/../key.ui/examples/heap/vacid0_01_SparseArray/MemoryAllocator_alloc_unsigned.key.proof 
34374      DEBUG main            d.u.i.k.p.i.AbstractProblemLoader Environment load took 518.84ns 
34377      INFO  main            d.u.i.k.p.i.AbstractProblemLoader Creating init config 
36991      DEBUG main            d.u.i.k.p.i.AbstractProblemLoader Init config took 2.61s 
37055      INFO  main            d.u.i.k.p.i.AbstractProblemLoader Replaying proof MemoryAllocator[MemoryAllocator::alloc_unsigned(int)].JML normal_behavior operation contract.0 
37327      DEBUG main            d.u.i.k.p.i.IntermediateProofReplayer Proof replay took 255.15ms 
37329      DEBUG main            d.u.i.k.p.r.p.TestFile    ... success: reloaded. 
37331      INFO  main            d.u.i.k.p.r.p.TestFile    Now processing file /home/runner/work/key/key/key.core/../key.ui/examples/heap/vacid0_01_SparseArray/MemoryAllocator_alloc.key 
37331      INFO  main            d.u.i.k.p.i.AbstractProblemLoader Loading environment from /home/runner/work/key/key/key.core/../key.ui/examples/heap/vacid0_01_SparseArray/MemoryAllocator_alloc.key 
37331      DEBUG main            d.u.i.k.p.i.AbstractProblemLoader Environment load took 215.91ns 
37332      INFO  main            d.u.i.k.p.i.AbstractProblemLoader Creating init config 
40081      DEBUG main            d.u.i.k.p.i.AbstractProblemLoader Init config took 2.75s 
40130      INFO  main            d.u.i.k.p.i.AbstractProblemLoader Replaying proof MemoryAllocator[MemoryAllocator::alloc(int)].JML normal_behavior operation contract.0 
40132      DEBUG main            d.u.i.k.p.i.IntermediateProofReplayer Proof replay took 5.6ns 
40740      INFO  main            d.u.i.k.p.r.p.TestFile    ... finished proof: closed. 
40916      INFO  main            d.u.i.k.p.i.AbstractProblemLoader Loading environment from /home/runner/work/key/key/key.core/../key.ui/examples/heap/vacid0_01_SparseArray/MemoryAllocator_alloc.key.proof 
40918      DEBUG main            d.u.i.k.p.i.AbstractProblemLoader Environment load took 2.33ms 
40919      INFO  main            d.u.i.k.p.i.AbstractProblemLoader Creating init config 
43603      DEBUG main            d.u.i.k.p.i.AbstractProblemLoader Init config took 2.68s 
43648      INFO  main            d.u.i.k.p.i.AbstractProblemLoader Replaying proof MemoryAllocator[MemoryAllocator::alloc(int)].JML normal_behavior operation contract.0 
43808      DEBUG main            d.u.i.k.p.i.IntermediateProofReplayer Proof replay took 155.85ms 
43810      DEBUG main            d.u.i.k.p.r.p.TestFile    ... success: reloaded. 
43811      INFO  main            d.u.i.k.p.r.p.TestFile    Now processing file /home/runner/work/key/key/key.core/../key.ui/examples/heap/vacid0_01_SparseArray/SparseArray_get_dep.key 
43812      INFO  main            d.u.i.k.p.i.AbstractProblemLoader Loading environment from /home/runner/work/key/key/key.core/../key.ui/examples/heap/vacid0_01_SparseArray/SparseArray_get_dep.key 
43812      DEBUG main            d.u.i.k.p.i.AbstractProblemLoader Environment load took 315.12ns 
43813      INFO  main            d.u.i.k.p.i.AbstractProblemLoader Creating init config 
46557      DEBUG main            d.u.i.k.p.i.AbstractProblemLoader Init config took 2.74s 
46624      INFO  main            d.u.i.k.p.i.AbstractProblemLoader Replaying proof SparseArray[SparseArray::get(int)].JML accessible clause.0 
46626      DEBUG main            d.u.i.k.p.i.IntermediateProofReplayer Proof replay took 7ns 
50082      INFO  main            d.u.i.k.p.r.p.TestFile    ... finished proof: closed. 
50292      INFO  main            d.u.i.k.p.i.AbstractProblemLoader Loading environment from /home/runner/work/key/key/key.core/../key.ui/examples/heap/vacid0_01_SparseArray/SparseArray_get_dep.key.proof 
50300      DEBUG main            d.u.i.k.p.i.AbstractProblemLoader Environment load took 1.26ms 
50302      INFO  main            d.u.i.k.p.i.AbstractProblemLoader Creating init config 
53042      DEBUG main            d.u.i.k.p.i.AbstractProblemLoader Init config took 2.74s 
53103      INFO  main            d.u.i.k.p.i.AbstractProblemLoader Replaying proof SparseArray[SparseArray::get(int)].JML accessible clause.0 
53453      DEBUG main            d.u.i.k.p.i.IntermediateProofReplayer Proof replay took 336.67ms 
53454      DEBUG main            d.u.i.k.p.r.p.TestFile    ... success: reloaded. 
53455      INFO  main            d.u.i.k.p.r.p.TestFile    Now processing file /home/runner/work/key/key/key.core/../key.ui/examples/heap/vacid0_01_SparseArray/SparseArray_get.key 
53456      INFO  main            d.u.i.k.p.i.AbstractProblemLoader Loading environment from /home/runner/work/key/key/key.core/../key.ui/examples/heap/vacid0_01_SparseArray/SparseArray_get.key 
53456      DEBUG main            d.u.i.k.p.i.AbstractProblemLoader Environment load took 295.32ns 
53457      INFO  main            d.u.i.k.p.i.AbstractProblemLoader Creating init config 
56206      DEBUG main            d.u.i.k.p.i.AbstractProblemLoader Init config took 2.75s 
56267      INFO  main            d.u.i.k.p.i.AbstractProblemLoader Replaying proof SparseArray[SparseArray::get(int)].JML normal_behavior operation contract.0 
56269      DEBUG main            d.u.i.k.p.i.IntermediateProofReplayer Proof replay took 6.3ns 
58586      INFO  main            d.u.i.k.p.r.p.TestFile    ... finished proof: closed. 
58807      INFO  main            d.u.i.k.p.i.AbstractProblemLoader Loading environment from /home/runner/work/key/key/key.core/../key.ui/examples/heap/vacid0_01_SparseArray/SparseArray_get.key.proof 
58808      DEBUG main            d.u.i.k.p.i.AbstractProblemLoader Environment load took 458.03ns 
58809      INFO  main            d.u.i.k.p.i.AbstractProblemLoader Creating init config 
61505      DEBUG main            d.u.i.k.p.i.AbstractProblemLoader Init config took 2.7s 
61563      INFO  main            d.u.i.k.p.i.AbstractProblemLoader Replaying proof SparseArray[SparseArray::get(int)].JML normal_behavior operation contract.0 
61866      DEBUG main            d.u.i.k.p.i.IntermediateProofReplayer Proof replay took 293.26ms 
61868      DEBUG main            d.u.i.k.p.r.p.TestFile    ... success: reloaded. 
61869      INFO  main            d.u.i.k.p.r.p.TestFile    Now processing file /home/runner/work/key/key/key.core/../key.ui/examples/heap/vacid0_01_SparseArray/SparseArray_inv.key 
61870      INFO  main            d.u.i.k.p.i.AbstractProblemLoader Loading environment from /home/runner/work/key/key/key.core/../key.ui/examples/heap/vacid0_01_SparseArray/SparseArray_inv.key 
61874      DEBUG main            d.u.i.k.p.i.AbstractProblemLoader Environment load took 4.41ms 
61876      INFO  main            d.u.i.k.p.i.AbstractProblemLoader Creating init config 
64571      DEBUG main            d.u.i.k.p.i.AbstractProblemLoader Init config took 2.7s 
64627      INFO  main            d.u.i.k.p.i.AbstractProblemLoader Replaying proof SparseArray[java.lang.Object::<inv>()].JML accessible clause.0 
64628      DEBUG main            d.u.i.k.p.i.IntermediateProofReplayer Proof replay took 6.62ns 
66560      INFO  main            d.u.i.k.p.r.p.TestFile    ... finished proof: closed. 
66760      INFO  main            d.u.i.k.p.i.AbstractProblemLoader Loading environment from /home/runner/work/key/key/key.core/../key.ui/examples/heap/vacid0_01_SparseArray/SparseArray_inv.key.proof 
66760      DEBUG main            d.u.i.k.p.i.AbstractProblemLoader Environment load took 338.13ns 
66762      INFO  main            d.u.i.k.p.i.AbstractProblemLoader Creating init config 
69373      DEBUG main            d.u.i.k.p.i.AbstractProblemLoader Init config took 2.61s 
69430      INFO  main            d.u.i.k.p.i.AbstractProblemLoader Replaying proof SparseArray[java.lang.Object::<inv>()].JML accessible clause.0 
69581      DEBUG main            d.u.i.k.p.i.IntermediateProofReplayer Proof replay took 145.32ms 
69584      DEBUG main            d.u.i.k.p.r.p.TestFile    ... success: reloaded. 
69585      INFO  main            d.u.i.k.p.r.p.TestFile    Now processing file /home/runner/work/key/key/key.core/../key.ui/examples/heap/vacid0_01_SparseArray/SparseArray_SparseArray.key 
69585      INFO  main            d.u.i.k.p.i.AbstractProblemLoader Loading environment from /home/runner/work/key/key/key.core/../key.ui/examples/heap/vacid0_01_SparseArray/SparseArray_SparseArray.key 
69586      DEBUG main            d.u.i.k.p.i.AbstractProblemLoader Environment load took 231.32ns 
69587      INFO  main            d.u.i.k.p.i.AbstractProblemLoader Creating init config 
72274      DEBUG main            d.u.i.k.p.i.AbstractProblemLoader Init config took 2.69s 
72329      INFO  main            d.u.i.k.p.i.AbstractProblemLoader Replaying proof SparseArray[SparseArray::SparseArray(int)].JML normal_behavior operation contract.0 
72331      DEBUG main            d.u.i.k.p.i.IntermediateProofReplayer Proof replay took 6.4ns 
76001      INFO  main            d.u.i.k.p.r.p.TestFile    ... finished proof: closed. 
76220      INFO  main            d.u.i.k.p.i.AbstractProblemLoader Loading environment from /home/runner/work/key/key/key.core/../key.ui/examples/heap/vacid0_01_SparseArray/SparseArray_SparseArray.key.proof 
76220      DEBUG main            d.u.i.k.p.i.AbstractProblemLoader Environment load took 563.26ns 
76222      INFO  main            d.u.i.k.p.i.AbstractProblemLoader Creating init config 
78870      DEBUG main            d.u.i.k.p.i.AbstractProblemLoader Init config took 2.65s 
78926      INFO  main            d.u.i.k.p.i.AbstractProblemLoader Replaying proof SparseArray[SparseArray::SparseArray(int)].JML normal_behavior operation contract.0 
79468      DEBUG main            d.u.i.k.p.i.IntermediateProofReplayer Proof replay took 530.95ms 
79470      DEBUG main            d.u.i.k.p.r.p.TestFile    ... success: reloaded. 
2187063    INFO  Test worker     d.u.i.k.p.r.RunAllProofsTestUnit Returning from test VACID0 
2187064    INFO  Test worker     d.u.i.k.p.r.RunAllProofsTestUnit Running test VSTTE10 
364        INFO  Timeout watchdog d.u.i.k.p.r.p.ForkedTestFileRunner Timeout watcher launched (2000 secs.) 
381        WARN  main            d.u.i.k.s.ProofSettings   The settings in /home/runner/.key/proof-settings.props are *not* read. 
408        INFO  main            d.u.i.k.p.r.p.TestFile    Now processing file /home/runner/work/key/key/key.core/../key.ui/examples/heap/vstte10_01_SumAndMax/SumAndMax_sumAndMax.key 
515        INFO  main            d.u.i.k.p.i.AbstractProblemLoader Loading environment from /home/runner/work/key/key/key.core/../key.ui/examples/heap/vstte10_01_SumAndMax/SumAndMax_sumAndMax.key 
536        DEBUG main            d.u.i.k.p.i.AbstractProblemLoader Environment load took 1.94ms 
759        INFO  main            d.u.i.k.p.i.AbstractProblemLoader Creating init config 
1751       DEBUG main            d.u.i.k.j.TypeConverter   No LDT found for Meta 
1751       DEBUG main            d.u.i.k.j.TypeConverter   No LDT found for Meta 
1755       DEBUG main            d.u.i.k.j.TypeConverter   No LDT found for Meta 
1755       DEBUG main            d.u.i.k.j.TypeConverter   No LDT found for Meta 
3172       DEBUG main            d.u.i.k.j.TypeConverter   No LDT found for JavaBigintExpression 
8870       DEBUG main            d.u.i.k.p.i.AbstractProblemLoader Init config took 8.11s 
8994       INFO  main            d.u.i.k.p.i.AbstractProblemLoader Replaying proof SumAndMax[SumAndMax::sumAndMax([I)].JML normal_behavior operation contract.0 
9030       DEBUG main            d.u.i.k.p.i.IntermediateProofReplayer Proof replay took 34.9ns 
14708      INFO  main            d.u.i.k.p.r.p.TestFile    ... finished proof: closed. 
14873      INFO  main            d.u.i.k.p.i.AbstractProblemLoader Loading environment from /home/runner/work/key/key/key.core/../key.ui/examples/heap/vstte10_01_SumAndMax/SumAndMax_sumAndMax.key.proof 
14873      DEBUG main            d.u.i.k.p.i.AbstractProblemLoader Environment load took 163.32ns 
14878      INFO  main            d.u.i.k.p.i.AbstractProblemLoader Creating init config 
17774      DEBUG main            d.u.i.k.p.i.AbstractProblemLoader Init config took 2.9s 
17843      INFO  main            d.u.i.k.p.i.AbstractProblemLoader Replaying proof SumAndMax[SumAndMax::sumAndMax([I)].JML normal_behavior operation contract.0 
18503      DEBUG main            d.u.i.k.p.i.IntermediateProofReplayer Proof replay took 638.34ms 
18511      DEBUG main            d.u.i.k.p.r.p.TestFile    ... success: reloaded. 
18513      INFO  main            d.u.i.k.p.r.p.TestFile    Now processing file /home/runner/work/key/key/key.core/../key.ui/examples/heap/vstte10_03_LinkedList/Node_cons.key 
18514      INFO  main            d.u.i.k.p.i.AbstractProblemLoader Loading environment from /home/runner/work/key/key/key.core/../key.ui/examples/heap/vstte10_03_LinkedList/Node_cons.key 
18514      DEBUG main            d.u.i.k.p.i.AbstractProblemLoader Environment load took 262.13ns 
18516      INFO  main            d.u.i.k.p.i.AbstractProblemLoader Creating init config 
21496      DEBUG main            d.u.i.k.p.i.AbstractProblemLoader Init config took 2.98s 
21557      INFO  main            d.u.i.k.p.i.AbstractProblemLoader Replaying proof Node[Node::cons(int,Node)].JML normal_behavior operation contract.0 
21560      DEBUG main            d.u.i.k.p.i.IntermediateProofReplayer Proof replay took 14.1ns 
23106      INFO  main            d.u.i.k.p.r.p.TestFile    ... finished proof: closed. 
23260      INFO  main            d.u.i.k.p.i.AbstractProblemLoader Loading environment from /home/runner/work/key/key/key.core/../key.ui/examples/heap/vstte10_03_LinkedList/Node_cons.key.proof 
23260      DEBUG main            d.u.i.k.p.i.AbstractProblemLoader Environment load took 476.35ns 
23262      INFO  main            d.u.i.k.p.i.AbstractProblemLoader Creating init config 
26080      DEBUG main            d.u.i.k.p.i.AbstractProblemLoader Init config took 2.82s 
26138      INFO  main            d.u.i.k.p.i.AbstractProblemLoader Replaying proof Node[Node::cons(int,Node)].JML normal_behavior operation contract.0 
26425      DEBUG main            d.u.i.k.p.i.IntermediateProofReplayer Proof replay took 276.05ms 
26427      DEBUG main            d.u.i.k.p.r.p.TestFile    ... success: reloaded. 
26428      INFO  main            d.u.i.k.p.r.p.TestFile    Now processing file /home/runner/work/key/key/key.core/../key.ui/examples/heap/vstte10_03_LinkedList/Node_inv.key 
26428      INFO  main            d.u.i.k.p.i.AbstractProblemLoader Loading environment from /home/runner/work/key/key/key.core/../key.ui/examples/heap/vstte10_03_LinkedList/Node_inv.key 
26429      DEBUG main            d.u.i.k.p.i.AbstractProblemLoader Environment load took 278.42ns 
26430      INFO  main            d.u.i.k.p.i.AbstractProblemLoader Creating init config 
29284      DEBUG main            d.u.i.k.p.i.AbstractProblemLoader Init config took 2.85s 
29355      INFO  main            d.u.i.k.p.i.AbstractProblemLoader Replaying proof Node[java.lang.Object::<inv>()].JML accessible clause.0 
29356      DEBUG main            d.u.i.k.p.i.IntermediateProofReplayer Proof replay took 5.8ns 
29662      INFO  main            d.u.i.k.p.r.p.TestFile    ... finished proof: closed. 
29826      INFO  main            d.u.i.k.p.i.AbstractProblemLoader Loading environment from /home/runner/work/key/key/key.core/../key.ui/examples/heap/vstte10_03_LinkedList/Node_inv.key.proof 
29826      DEBUG main            d.u.i.k.p.i.AbstractProblemLoader Environment load took 143.31ns 
29827      INFO  main            d.u.i.k.p.i.AbstractProblemLoader Creating init config 
32564      DEBUG main            d.u.i.k.p.i.AbstractProblemLoader Init config took 2.74s 
32628      INFO  main            d.u.i.k.p.i.AbstractProblemLoader Replaying proof Node[java.lang.Object::<inv>()].JML accessible clause.0 
32674      DEBUG main            d.u.i.k.p.i.IntermediateProofReplayer Proof replay took 40.63ms 
32675      DEBUG main            d.u.i.k.p.r.p.TestFile    ... success: reloaded. 
32677      INFO  main            d.u.i.k.p.r.p.TestFile    Now processing file /home/runner/work/key/key/key.core/../key.ui/examples/heap/vstte10_03_LinkedList/Node_search.key 
32677      INFO  main            d.u.i.k.p.i.AbstractProblemLoader Loading environment from /home/runner/work/key/key/key.core/../key.ui/examples/heap/vstte10_03_LinkedList/Node_search.key 
32677      DEBUG main            d.u.i.k.p.i.AbstractProblemLoader Environment load took 226.72ns 
32679      INFO  main            d.u.i.k.p.i.AbstractProblemLoader Creating init config 
35577      DEBUG main            d.u.i.k.p.i.AbstractProblemLoader Init config took 2.9s 
35629      INFO  main            d.u.i.k.p.i.AbstractProblemLoader Replaying proof Node[Node::search()].JML normal_behavior operation contract.0 
35631      DEBUG main            d.u.i.k.p.i.IntermediateProofReplayer Proof replay took 6.4ns 
42228      INFO  main            d.u.i.k.p.r.p.TestFile    ... finished proof: closed. 
42447      INFO  main            d.u.i.k.p.i.AbstractProblemLoader Loading environment from /home/runner/work/key/key/key.core/../key.ui/examples/heap/vstte10_03_LinkedList/Node_search.key.proof 
42448      DEBUG main            d.u.i.k.p.i.AbstractProblemLoader Environment load took 227.92ns 
42450      INFO  main            d.u.i.k.p.i.AbstractProblemLoader Creating init config 
45199      DEBUG main            d.u.i.k.p.i.AbstractProblemLoader Init config took 2.75s 
45250      INFO  main            d.u.i.k.p.i.AbstractProblemLoader Replaying proof Node[Node::search()].JML normal_behavior operation contract.0 
45972      DEBUG main            d.u.i.k.p.i.IntermediateProofReplayer Proof replay took 681.2ms 
45975      DEBUG main            d.u.i.k.p.r.p.TestFile    ... success: reloaded. 
45976      INFO  main            d.u.i.k.p.r.p.TestFile    Now processing file /home/runner/work/key/key/key.core/../key.ui/examples/heap/vstte10_04_Queens/Queens_isConsistent.key 
45976      INFO  main            d.u.i.k.p.i.AbstractProblemLoader Loading environment from /home/runner/work/key/key/key.core/../key.ui/examples/heap/vstte10_04_Queens/Queens_isConsistent.key 
45977      DEBUG main            d.u.i.k.p.i.AbstractProblemLoader Environment load took 260.53ns 
45978      INFO  main            d.u.i.k.p.i.AbstractProblemLoader Creating init config 
48957      DEBUG main            d.u.i.k.p.i.AbstractProblemLoader Init config took 2.98s 
48997      INFO  main            d.u.i.k.p.i.AbstractProblemLoader Replaying proof Queens[Queens::isConsistent([I,int)].JML normal_behavior operation contract.0 
48998      DEBUG main            d.u.i.k.p.i.IntermediateProofReplayer Proof replay took 5.3ns 
50744      INFO  main            d.u.i.k.p.r.p.TestFile    ... finished proof: closed. 
50973      INFO  main            d.u.i.k.p.i.AbstractProblemLoader Loading environment from /home/runner/work/key/key/key.core/../key.ui/examples/heap/vstte10_04_Queens/Queens_isConsistent.key.proof 
50973      DEBUG main            d.u.i.k.p.i.AbstractProblemLoader Environment load took 197.02ns 
50974      INFO  main            d.u.i.k.p.i.AbstractProblemLoader Creating init config 
53813      DEBUG main            d.u.i.k.p.i.AbstractProblemLoader Init config took 2.84s 
53855      INFO  main            d.u.i.k.p.i.AbstractProblemLoader Replaying proof Queens[Queens::isConsistent([I,int)].JML normal_behavior operation contract.0 
54268      DEBUG main            d.u.i.k.p.i.IntermediateProofReplayer Proof replay took 403.4ms 
54269      DEBUG main            d.u.i.k.p.r.p.TestFile    ... success: reloaded. 
54270      INFO  main            d.u.i.k.p.r.p.TestFile    Now processing file /home/runner/work/key/key/key.core/../key.ui/examples/heap/vstte10_04_Queens/Queens_nQueens.key 
54270      INFO  main            d.u.i.k.p.i.AbstractProblemLoader Loading environment from /home/runner/work/key/key/key.core/../key.ui/examples/heap/vstte10_04_Queens/Queens_nQueens.key 
54270      DEBUG main            d.u.i.k.p.i.AbstractProblemLoader Environment load took 139.91ns 
54271      INFO  main            d.u.i.k.p.i.AbstractProblemLoader Creating init config 
57124      DEBUG main            d.u.i.k.p.i.AbstractProblemLoader Init config took 2.85s 
57173      INFO  main            d.u.i.k.p.i.AbstractProblemLoader Replaying proof Queens[Queens::nQueens(int)].JML normal_behavior operation contract.0 
57175      DEBUG main            d.u.i.k.p.i.IntermediateProofReplayer Proof replay took 6.3ns 
69973      INFO  main            d.u.i.k.p.r.p.TestFile    ... finished proof: closed. 
70215      INFO  main            d.u.i.k.p.i.AbstractProblemLoader Loading environment from /home/runner/work/key/key/key.core/../key.ui/examples/heap/vstte10_04_Queens/Queens_nQueens.key.proof 
70216      DEBUG main            d.u.i.k.p.i.AbstractProblemLoader Environment load took 1.76ms 
70218      INFO  main            d.u.i.k.p.i.AbstractProblemLoader Creating init config 
73091      DEBUG main            d.u.i.k.p.i.AbstractProblemLoader Init config took 2.87s 
73133      INFO  main            d.u.i.k.p.i.AbstractProblemLoader Replaying proof Queens[Queens::nQueens(int)].JML normal_behavior operation contract.0 
74234      DEBUG main            d.u.i.k.p.i.IntermediateProofReplayer Proof replay took 1.08s 
74236      DEBUG main            d.u.i.k.p.r.p.TestFile    ... success: reloaded. 
74237      INFO  main            d.u.i.k.p.r.p.TestFile    Now processing file /home/runner/work/key/key/key.core/../key.ui/examples/heap/vstte10_05_Queue/AmortizedQueue_AmortizedQueue.key 
74238      INFO  main            d.u.i.k.p.i.AbstractProblemLoader Loading environment from /home/runner/work/key/key/key.core/../key.ui/examples/heap/vstte10_05_Queue/AmortizedQueue_AmortizedQueue.key 
74238      DEBUG main            d.u.i.k.p.i.AbstractProblemLoader Environment load took 110.11ns 
74239      INFO  main            d.u.i.k.p.i.AbstractProblemLoader Creating init config 
77475      DEBUG main            d.u.i.k.p.i.AbstractProblemLoader Init config took 3.24s 
77526      INFO  main            d.u.i.k.p.i.AbstractProblemLoader Replaying proof AmortizedQueue[AmortizedQueue::AmortizedQueue()].JML normal_behavior operation contract.0 
77527      DEBUG main            d.u.i.k.p.i.IntermediateProofReplayer Proof replay took 5.4ns 
79141      INFO  main            d.u.i.k.p.r.p.TestFile    ... finished proof: closed. 
79369      INFO  main            d.u.i.k.p.i.AbstractProblemLoader Loading environment from /home/runner/work/key/key/key.core/../key.ui/examples/heap/vstte10_05_Queue/AmortizedQueue_AmortizedQueue.key.proof 
79369      DEBUG main            d.u.i.k.p.i.AbstractProblemLoader Environment load took 509.35ns 
79371      INFO  main            d.u.i.k.p.i.AbstractProblemLoader Creating init config 
82284      DEBUG main            d.u.i.k.p.i.AbstractProblemLoader Init config took 2.91s 
82331      INFO  main            d.u.i.k.p.i.AbstractProblemLoader Replaying proof AmortizedQueue[AmortizedQueue::AmortizedQueue()].JML normal_behavior operation contract.0 
82592      DEBUG main            d.u.i.k.p.i.IntermediateProofReplayer Proof replay took 253.85ms 
82593      DEBUG main            d.u.i.k.p.r.p.TestFile    ... success: reloaded. 
82595      INFO  main            d.u.i.k.p.r.p.TestFile    Now processing file /home/runner/work/key/key/key.core/../key.ui/examples/heap/vstte10_05_Queue/AmortizedQueue_front.key 
82595      INFO  main            d.u.i.k.p.i.AbstractProblemLoader Loading environment from /home/runner/work/key/key/key.core/../key.ui/examples/heap/vstte10_05_Queue/AmortizedQueue_front.key 
82595      DEBUG main            d.u.i.k.p.i.AbstractProblemLoader Environment load took 112.91ns 
82596      INFO  main            d.u.i.k.p.i.AbstractProblemLoader Creating init config 
85551      DEBUG main            d.u.i.k.p.i.AbstractProblemLoader Init config took 2.95s 
85601      INFO  main            d.u.i.k.p.i.AbstractProblemLoader Replaying proof AmortizedQueue[AmortizedQueue::front()].JML normal_behavior operation contract.0 
85603      DEBUG main            d.u.i.k.p.i.IntermediateProofReplayer Proof replay took 5.4ns 
86121      INFO  main            d.u.i.k.p.r.p.TestFile    ... finished proof: closed. 
86339      INFO  main            d.u.i.k.p.i.AbstractProblemLoader Loading environment from /home/runner/work/key/key/key.core/../key.ui/examples/heap/vstte10_05_Queue/AmortizedQueue_front.key.proof 
86340      DEBUG main            d.u.i.k.p.i.AbstractProblemLoader Environment load took 568.36ns 
86342      INFO  main            d.u.i.k.p.i.AbstractProblemLoader Creating init config 
89325      DEBUG main            d.u.i.k.p.i.AbstractProblemLoader Init config took 2.98s 
89371      INFO  main            d.u.i.k.p.i.AbstractProblemLoader Replaying proof AmortizedQueue[AmortizedQueue::front()].JML normal_behavior operation contract.0 
89427      DEBUG main            d.u.i.k.p.i.IntermediateProofReplayer Proof replay took 53.02ms 
89429      DEBUG main            d.u.i.k.p.r.p.TestFile    ... success: reloaded. 
89430      INFO  main            d.u.i.k.p.r.p.TestFile    Now processing file /home/runner/work/key/key/key.core/../key.ui/examples/heap/vstte10_05_Queue/LinkedList_concat.key 
89430      INFO  main            d.u.i.k.p.i.AbstractProblemLoader Loading environment from /home/runner/work/key/key/key.core/../key.ui/examples/heap/vstte10_05_Queue/LinkedList_concat.key 
89431      DEBUG main            d.u.i.k.p.i.AbstractProblemLoader Environment load took 234.12ns 
89449      INFO  main            d.u.i.k.p.i.AbstractProblemLoader Creating init config 
92374      DEBUG main            d.u.i.k.p.i.AbstractProblemLoader Init config took 2.92s 
92423      INFO  main            d.u.i.k.p.i.AbstractProblemLoader Replaying proof LinkedList[LinkedList::concat(LinkedList)].JML normal_behavior operation contract.0 
92425      DEBUG main            d.u.i.k.p.i.IntermediateProofReplayer Proof replay took 5.7ns 
101818     INFO  main            d.u.i.k.p.r.p.TestFile    ... finished proof: closed. 
102108     INFO  main            d.u.i.k.p.i.AbstractProblemLoader Loading environment from /home/runner/work/key/key/key.core/../key.ui/examples/heap/vstte10_05_Queue/LinkedList_concat.key.proof 
102108     DEBUG main            d.u.i.k.p.i.AbstractProblemLoader Environment load took 486.34ns 
102111     INFO  main            d.u.i.k.p.i.AbstractProblemLoader Creating init config 
104902     DEBUG main            d.u.i.k.p.i.AbstractProblemLoader Init config took 2.79s 
104946     INFO  main            d.u.i.k.p.i.AbstractProblemLoader Replaying proof LinkedList[LinkedList::concat(LinkedList)].JML normal_behavior operation contract.0 
105731     DEBUG main            d.u.i.k.p.i.IntermediateProofReplayer Proof replay took 753.16ms 
105733     DEBUG main            d.u.i.k.p.r.p.TestFile    ... success: reloaded. 
105734     INFO  main            d.u.i.k.p.r.p.TestFile    Now processing file /home/runner/work/key/key/key.core/../key.ui/examples/heap/vstte10_05_Queue/LinkedList_cons.key 
105734     INFO  main            d.u.i.k.p.i.AbstractProblemLoader Loading environment from /home/runner/work/key/key/key.core/../key.ui/examples/heap/vstte10_05_Queue/LinkedList_cons.key 
105734     DEBUG main            d.u.i.k.p.i.AbstractProblemLoader Environment load took 89.61ns 
105735     INFO  main            d.u.i.k.p.i.AbstractProblemLoader Creating init config 
108517     DEBUG main            d.u.i.k.p.i.AbstractProblemLoader Init config took 2.78s 
108584     INFO  main            d.u.i.k.p.i.AbstractProblemLoader Replaying proof LinkedList[LinkedList::cons(int)].JML normal_behavior operation contract.0 
108586     DEBUG main            d.u.i.k.p.i.IntermediateProofReplayer Proof replay took 5ns 
111000     INFO  main            d.u.i.k.p.r.p.TestFile    ... finished proof: closed. 
111256     INFO  main            d.u.i.k.p.i.AbstractProblemLoader Loading environment from /home/runner/work/key/key/key.core/../key.ui/examples/heap/vstte10_05_Queue/LinkedList_cons.key.proof 
111257     DEBUG main            d.u.i.k.p.i.AbstractProblemLoader Environment load took 480.25ns 
111259     INFO  main            d.u.i.k.p.i.AbstractProblemLoader Creating init config 
114015     DEBUG main            d.u.i.k.p.i.AbstractProblemLoader Init config took 2.76s 
114062     INFO  main            d.u.i.k.p.i.AbstractProblemLoader Replaying proof LinkedList[LinkedList::cons(int)].JML normal_behavior operation contract.0 
114362     DEBUG main            d.u.i.k.p.i.IntermediateProofReplayer Proof replay took 283.03ms 
114365     DEBUG main            d.u.i.k.p.r.p.TestFile    ... success: reloaded. 
114367     INFO  main            d.u.i.k.p.r.p.TestFile    Now processing file /home/runner/work/key/key/key.core/../key.ui/examples/heap/vstte10_05_Queue/LinkedList_head.key 
114368     INFO  main            d.u.i.k.p.i.AbstractProblemLoader Loading environment from /home/runner/work/key/key/key.core/../key.ui/examples/heap/vstte10_05_Queue/LinkedList_head.key 
114368     DEBUG main            d.u.i.k.p.i.AbstractProblemLoader Environment load took 117.61ns 
114369     INFO  main            d.u.i.k.p.i.AbstractProblemLoader Creating init config 
117224     DEBUG main            d.u.i.k.p.i.AbstractProblemLoader Init config took 2.86s 
117270     INFO  main            d.u.i.k.p.i.AbstractProblemLoader Replaying proof LinkedList[LinkedList::head()].JML normal_behavior operation contract.0 
117271     DEBUG main            d.u.i.k.p.i.IntermediateProofReplayer Proof replay took 6ns 
117373     INFO  main            d.u.i.k.p.r.p.TestFile    ... finished proof: closed. 
117595     INFO  main            d.u.i.k.p.i.AbstractProblemLoader Loading environment from /home/runner/work/key/key/key.core/../key.ui/examples/heap/vstte10_05_Queue/LinkedList_head.key.proof 
117595     DEBUG main            d.u.i.k.p.i.AbstractProblemLoader Environment load took 132.31ns 
117596     INFO  main            d.u.i.k.p.i.AbstractProblemLoader Creating init config 
120371     DEBUG main            d.u.i.k.p.i.AbstractProblemLoader Init config took 2.78s 
120415     INFO  main            d.u.i.k.p.i.AbstractProblemLoader Replaying proof LinkedList[LinkedList::head()].JML normal_behavior operation contract.0 
120431     DEBUG main            d.u.i.k.p.i.IntermediateProofReplayer Proof replay took 12.95ms 
120432     DEBUG main            d.u.i.k.p.r.p.TestFile    ... success: reloaded. 
120433     INFO  main            d.u.i.k.p.r.p.TestFile    Now processing file /home/runner/work/key/key/key.core/../key.ui/examples/heap/vstte10_05_Queue/LinkedList_inv.key 
120433     INFO  main            d.u.i.k.p.i.AbstractProblemLoader Loading environment from /home/runner/work/key/key/key.core/../key.ui/examples/heap/vstte10_05_Queue/LinkedList_inv.key 
120434     DEBUG main            d.u.i.k.p.i.AbstractProblemLoader Environment load took 243.72ns 
120435     INFO  main            d.u.i.k.p.i.AbstractProblemLoader Creating init config 
123214     DEBUG main            d.u.i.k.p.i.AbstractProblemLoader Init config took 2.78s 
123256     INFO  main            d.u.i.k.p.i.AbstractProblemLoader Replaying proof LinkedList[java.lang.Object::<inv>()].JML accessible clause.0 
123258     DEBUG main            d.u.i.k.p.i.IntermediateProofReplayer Proof replay took 5ns 
123563     INFO  main            d.u.i.k.p.r.p.TestFile    ... finished proof: closed. 
123786     INFO  main            d.u.i.k.p.i.AbstractProblemLoader Loading environment from /home/runner/work/key/key/key.core/../key.ui/examples/heap/vstte10_05_Queue/LinkedList_inv.key.proof 
123786     DEBUG main            d.u.i.k.p.i.AbstractProblemLoader Environment load took 127.81ns 
123787     INFO  main            d.u.i.k.p.i.AbstractProblemLoader Creating init config 
126506     DEBUG main            d.u.i.k.p.i.AbstractProblemLoader Init config took 2.72s 
126551     INFO  main            d.u.i.k.p.i.AbstractProblemLoader Replaying proof LinkedList[java.lang.Object::<inv>()].JML accessible clause.0 
126583     DEBUG main            d.u.i.k.p.i.IntermediateProofReplayer Proof replay took 27.92ms 
126584     DEBUG main            d.u.i.k.p.r.p.TestFile    ... success: reloaded. 
126585     INFO  main            d.u.i.k.p.r.p.TestFile    Now processing file /home/runner/work/key/key/key.core/../key.ui/examples/heap/vstte10_05_Queue/LinkedList_length.key 
126585     INFO  main            d.u.i.k.p.i.AbstractProblemLoader Loading environment from /home/runner/work/key/key/key.core/../key.ui/examples/heap/vstte10_05_Queue/LinkedList_length.key 
126585     DEBUG main            d.u.i.k.p.i.AbstractProblemLoader Environment load took 124.81ns 
126586     INFO  main            d.u.i.k.p.i.AbstractProblemLoader Creating init config 
129321     DEBUG main            d.u.i.k.p.i.AbstractProblemLoader Init config took 2.73s 
129363     INFO  main            d.u.i.k.p.i.AbstractProblemLoader Replaying proof LinkedList[LinkedList::length()].JML normal_behavior operation contract.0 
129365     DEBUG main            d.u.i.k.p.i.IntermediateProofReplayer Proof replay took 4.8ns 
129466     INFO  main            d.u.i.k.p.r.p.TestFile    ... finished proof: closed. 
129685     INFO  main            d.u.i.k.p.i.AbstractProblemLoader Loading environment from /home/runner/work/key/key/key.core/../key.ui/examples/heap/vstte10_05_Queue/LinkedList_length.key.proof 
129685     DEBUG main            d.u.i.k.p.i.AbstractProblemLoader Environment load took 148.11ns 
129687     INFO  main            d.u.i.k.p.i.AbstractProblemLoader Creating init config 
132406     DEBUG main            d.u.i.k.p.i.AbstractProblemLoader Init config took 2.72s 
132455     INFO  main            d.u.i.k.p.i.AbstractProblemLoader Replaying proof LinkedList[LinkedList::length()].JML normal_behavior operation contract.0 
132473     DEBUG main            d.u.i.k.p.i.IntermediateProofReplayer Proof replay took 14.57ms 
132475     DEBUG main            d.u.i.k.p.r.p.TestFile    ... success: reloaded. 
132476     INFO  main            d.u.i.k.p.r.p.TestFile    Now processing file /home/runner/work/key/key/key.core/../key.ui/examples/heap/vstte10_05_Queue/LinkedList_LinkedList1.key 
132476     INFO  main            d.u.i.k.p.i.AbstractProblemLoader Loading environment from /home/runner/work/key/key/key.core/../key.ui/examples/heap/vstte10_05_Queue/LinkedList_LinkedList1.key 
132477     DEBUG main            d.u.i.k.p.i.AbstractProblemLoader Environment load took 246.72ns 
132478     INFO  main            d.u.i.k.p.i.AbstractProblemLoader Creating init config 
135203     DEBUG main            d.u.i.k.p.i.AbstractProblemLoader Init config took 2.72s 
135265     INFO  main            d.u.i.k.p.i.AbstractProblemLoader Replaying proof LinkedList[LinkedList::LinkedList(int,LinkedList)].JML normal_behavior operation contract.0 
135266     DEBUG main            d.u.i.k.p.i.IntermediateProofReplayer Proof replay took 4.7ns 
137089     INFO  main            d.u.i.k.p.r.p.TestFile    ... finished proof: closed. 
137357     INFO  main            d.u.i.k.p.i.AbstractProblemLoader Loading environment from /home/runner/work/key/key/key.core/../key.ui/examples/heap/vstte10_05_Queue/LinkedList_LinkedList1.key.proof 
137357     DEBUG main            d.u.i.k.p.i.AbstractProblemLoader Environment load took 522.35ns 
137359     INFO  main            d.u.i.k.p.i.AbstractProblemLoader Creating init config 
140016     DEBUG main            d.u.i.k.p.i.AbstractProblemLoader Init config took 2.66s 
140056     INFO  main            d.u.i.k.p.i.AbstractProblemLoader Replaying proof LinkedList[LinkedList::LinkedList(int,LinkedList)].JML normal_behavior operation contract.0 
140310     DEBUG main            d.u.i.k.p.i.IntermediateProofReplayer Proof replay took 247.98ms 
140313     DEBUG main            d.u.i.k.p.r.p.TestFile    ... success: reloaded. 
140314     INFO  main            d.u.i.k.p.r.p.TestFile    Now processing file /home/runner/work/key/key/key.core/../key.ui/examples/heap/vstte10_05_Queue/LinkedList_LinkedList2.key 
140314     INFO  main            d.u.i.k.p.i.AbstractProblemLoader Loading environment from /home/runner/work/key/key/key.core/../key.ui/examples/heap/vstte10_05_Queue/LinkedList_LinkedList2.key 
140314     DEBUG main            d.u.i.k.p.i.AbstractProblemLoader Environment load took 84.51ns 
140315     INFO  main            d.u.i.k.p.i.AbstractProblemLoader Creating init config 
143065     DEBUG main            d.u.i.k.p.i.AbstractProblemLoader Init config took 2.75s 
143108     INFO  main            d.u.i.k.p.i.AbstractProblemLoader Replaying proof LinkedList[LinkedList::LinkedList(int,LinkedList)].JML normal_behavior operation contract.0 
143109     DEBUG main            d.u.i.k.p.i.IntermediateProofReplayer Proof replay took 5.8ns 
144919     INFO  main            d.u.i.k.p.r.p.TestFile    ... finished proof: closed. 
145189     INFO  main            d.u.i.k.p.i.AbstractProblemLoader Loading environment from /home/runner/work/key/key/key.core/../key.ui/examples/heap/vstte10_05_Queue/LinkedList_LinkedList2.key.proof 
145191     DEBUG main            d.u.i.k.p.i.AbstractProblemLoader Environment load took 2.58ms 
145193     INFO  main            d.u.i.k.p.i.AbstractProblemLoader Creating init config 
147850     DEBUG main            d.u.i.k.p.i.AbstractProblemLoader Init config took 2.66s 
147895     INFO  main            d.u.i.k.p.i.AbstractProblemLoader Replaying proof LinkedList[LinkedList::LinkedList(int,LinkedList)].JML normal_behavior operation contract.0 
148152     DEBUG main            d.u.i.k.p.i.IntermediateProofReplayer Proof replay took 250.38ms 
148153     DEBUG main            d.u.i.k.p.r.p.TestFile    ... success: reloaded. 
148154     INFO  main            d.u.i.k.p.r.p.TestFile    Now processing file /home/runner/work/key/key/key.core/../key.ui/examples/heap/vstte10_05_Queue/LinkedList_LinkedList3.key 
148154     INFO  main            d.u.i.k.p.i.AbstractProblemLoader Loading environment from /home/runner/work/key/key/key.core/../key.ui/examples/heap/vstte10_05_Queue/LinkedList_LinkedList3.key 
148154     DEBUG main            d.u.i.k.p.i.AbstractProblemLoader Environment load took 64ns 
148155     INFO  main            d.u.i.k.p.i.AbstractProblemLoader Creating init config 
150964     DEBUG main            d.u.i.k.p.i.AbstractProblemLoader Init config took 2.81s 
151009     INFO  main            d.u.i.k.p.i.AbstractProblemLoader Replaying proof LinkedList[LinkedList::LinkedList(int,LinkedList)].JML normal_behavior operation contract.0 
151011     DEBUG main            d.u.i.k.p.i.IntermediateProofReplayer Proof replay took 6.4ns 
164218     INFO  main            d.u.i.k.p.r.p.TestFile    ... finished proof: closed. 
164572     INFO  main            d.u.i.k.p.i.AbstractProblemLoader Loading environment from /home/runner/work/key/key/key.core/../key.ui/examples/heap/vstte10_05_Queue/LinkedList_LinkedList3.key.proof 
164573     DEBUG main            d.u.i.k.p.i.AbstractProblemLoader Environment load took 451.94ns 
164580     INFO  main            d.u.i.k.p.i.AbstractProblemLoader Creating init config 
167214     DEBUG main            d.u.i.k.p.i.AbstractProblemLoader Init config took 2.63s 
167258     INFO  main            d.u.i.k.p.i.AbstractProblemLoader Replaying proof LinkedList[LinkedList::LinkedList(int,LinkedList)].JML normal_behavior operation contract.0 
168402     DEBUG main            d.u.i.k.p.i.IntermediateProofReplayer Proof replay took 1.04s 
168409     DEBUG main            d.u.i.k.p.r.p.TestFile    ... success: reloaded. 
168409     INFO  main            d.u.i.k.p.r.p.TestFile    Now processing file /home/runner/work/key/key/key.core/../key.ui/examples/heap/vstte10_05_Queue/LinkedList_reverse.key 
168410     INFO  main            d.u.i.k.p.i.AbstractProblemLoader Loading environment from /home/runner/work/key/key/key.core/../key.ui/examples/heap/vstte10_05_Queue/LinkedList_reverse.key 
168410     DEBUG main            d.u.i.k.p.i.AbstractProblemLoader Environment load took 111.91ns 
168411     INFO  main            d.u.i.k.p.i.AbstractProblemLoader Creating init config 
171158     DEBUG main            d.u.i.k.p.i.AbstractProblemLoader Init config took 2.75s 
171204     INFO  main            d.u.i.k.p.i.AbstractProblemLoader Replaying proof LinkedList[LinkedList::reverse()].JML normal_behavior operation contract.0 
171206     DEBUG main            d.u.i.k.p.i.IntermediateProofReplayer Proof replay took 5.3ns 
180448     INFO  main            d.u.i.k.p.r.p.TestFile    ... finished proof: closed. 
180757     INFO  main            d.u.i.k.p.i.AbstractProblemLoader Loading environment from /home/runner/work/key/key/key.core/../key.ui/examples/heap/vstte10_05_Queue/LinkedList_reverse.key.proof 
180758     DEBUG main            d.u.i.k.p.i.AbstractProblemLoader Environment load took 696.76ns 
180761     INFO  main            d.u.i.k.p.i.AbstractProblemLoader Creating init config 
183432     DEBUG main            d.u.i.k.p.i.AbstractProblemLoader Init config took 2.67s 
183477     INFO  main            d.u.i.k.p.i.AbstractProblemLoader Replaying proof LinkedList[LinkedList::reverse()].JML normal_behavior operation contract.0 
184252     DEBUG main            d.u.i.k.p.i.IntermediateProofReplayer Proof replay took 742.31ms 
184255     DEBUG main            d.u.i.k.p.r.p.TestFile    ... success: reloaded. 
184256     INFO  main            d.u.i.k.p.r.p.TestFile    Now processing file /home/runner/work/key/key/key.core/../key.ui/examples/heap/vstte10_05_Queue/LinkedList_tail.key 
184256     INFO  main            d.u.i.k.p.i.AbstractProblemLoader Loading environment from /home/runner/work/key/key/key.core/../key.ui/examples/heap/vstte10_05_Queue/LinkedList_tail.key 
184256     DEBUG main            d.u.i.k.p.i.AbstractProblemLoader Environment load took 141.31ns 
184257     INFO  main            d.u.i.k.p.i.AbstractProblemLoader Creating init config 
187082     DEBUG main            d.u.i.k.p.i.AbstractProblemLoader Init config took 2.82s 
187127     INFO  main            d.u.i.k.p.i.AbstractProblemLoader Replaying proof LinkedList[LinkedList::tail()].JML normal_behavior operation contract.0 
187128     DEBUG main            d.u.i.k.p.i.IntermediateProofReplayer Proof replay took 43.1ns 
187735     INFO  main            d.u.i.k.p.r.p.TestFile    ... finished proof: closed. 
188010     INFO  main            d.u.i.k.p.i.AbstractProblemLoader Loading environment from /home/runner/work/key/key/key.core/../key.ui/examples/heap/vstte10_05_Queue/LinkedList_tail.key.proof 
188010     DEBUG main            d.u.i.k.p.i.AbstractProblemLoader Environment load took 556.15ns 
188011     INFO  main            d.u.i.k.p.i.AbstractProblemLoader Creating init config 
190684     DEBUG main            d.u.i.k.p.i.AbstractProblemLoader Init config took 2.67s 
190731     INFO  main            d.u.i.k.p.i.AbstractProblemLoader Replaying proof LinkedList[LinkedList::tail()].JML normal_behavior operation contract.0 
190834     DEBUG main            d.u.i.k.p.i.IntermediateProofReplayer Proof replay took 99.82ms 
190835     DEBUG main            d.u.i.k.p.r.p.TestFile    ... success: reloaded. 
2378071    INFO  Test worker     d.u.i.k.p.r.RunAllProofsTestUnit Returning from test VSTTE10 
2378072    INFO  Test worker     d.u.i.k.p.r.RunAllProofsTestUnit Running test WeideEtAl 
389        INFO  Timeout watchdog d.u.i.k.p.r.p.ForkedTestFileRunner Timeout watcher launched (2000 secs.) 
412        WARN  main            d.u.i.k.s.ProofSettings   The settings in /home/runner/.key/proof-settings.props are *not* read. 
440        INFO  main            d.u.i.k.p.r.p.TestFile    Now processing file /home/runner/work/key/key/key.core/../key.ui/examples/heap/WeideEtAl_01_AddAndMultiply/AddAndMultiply_add.key 
581        INFO  main            d.u.i.k.p.i.AbstractProblemLoader Loading environment from /home/runner/work/key/key/key.core/../key.ui/examples/heap/WeideEtAl_01_AddAndMultiply/AddAndMultiply_add.key 
599        DEBUG main            d.u.i.k.p.i.AbstractProblemLoader Environment load took 2.71ms 
865        INFO  main            d.u.i.k.p.i.AbstractProblemLoader Creating init config 
1805       DEBUG main            d.u.i.k.j.TypeConverter   No LDT found for Meta 
1806       DEBUG main            d.u.i.k.j.TypeConverter   No LDT found for Meta 
1808       DEBUG main            d.u.i.k.j.TypeConverter   No LDT found for Meta 
1808       DEBUG main            d.u.i.k.j.TypeConverter   No LDT found for Meta 
3057       DEBUG main            d.u.i.k.j.TypeConverter   No LDT found for JavaBigintExpression 
8207       DEBUG main            d.u.i.k.p.i.AbstractProblemLoader Init config took 7.34s 
8347       INFO  main            d.u.i.k.p.i.AbstractProblemLoader Replaying proof AddAndMultiply[AddAndMultiply::add(int,int)].JML normal_behavior operation contract.0 
8379       DEBUG main            d.u.i.k.p.i.IntermediateProofReplayer Proof replay took 34.1ns 
10016      INFO  main            d.u.i.k.p.r.p.TestFile    ... finished proof: closed. 
10159      INFO  main            d.u.i.k.p.i.AbstractProblemLoader Loading environment from /home/runner/work/key/key/key.core/../key.ui/examples/heap/WeideEtAl_01_AddAndMultiply/AddAndMultiply_add.key.proof 
10160      DEBUG main            d.u.i.k.p.i.AbstractProblemLoader Environment load took 769.57ns 
10162      INFO  main            d.u.i.k.p.i.AbstractProblemLoader Creating init config 
13075      DEBUG main            d.u.i.k.p.i.AbstractProblemLoader Init config took 2.91s 
13137      INFO  main            d.u.i.k.p.i.AbstractProblemLoader Replaying proof AddAndMultiply[AddAndMultiply::add(int,int)].JML normal_behavior operation contract.0 
13382      DEBUG main            d.u.i.k.p.i.IntermediateProofReplayer Proof replay took 235.62ms 
13390      DEBUG main            d.u.i.k.p.r.p.TestFile    ... success: reloaded. 
13391      INFO  main            d.u.i.k.p.r.p.TestFile    Now processing file /home/runner/work/key/key/key.core/../key.ui/examples/heap/WeideEtAl_01_AddAndMultiply/AddAndMultiply_mul.key 
13392      INFO  main            d.u.i.k.p.i.AbstractProblemLoader Loading environment from /home/runner/work/key/key/key.core/../key.ui/examples/heap/WeideEtAl_01_AddAndMultiply/AddAndMultiply_mul.key 
13393      DEBUG main            d.u.i.k.p.i.AbstractProblemLoader Environment load took 1.39ms 
13395      INFO  main            d.u.i.k.p.i.AbstractProblemLoader Creating init config 
16215      DEBUG main            d.u.i.k.p.i.AbstractProblemLoader Init config took 2.82s 
16270      INFO  main            d.u.i.k.p.i.AbstractProblemLoader Replaying proof AddAndMultiply[AddAndMultiply::mul(int,int)].JML normal_behavior operation contract.0 
16272      DEBUG main            d.u.i.k.p.i.IntermediateProofReplayer Proof replay took 5.8ns 
16778      INFO  main            d.u.i.k.p.r.p.TestFile    ... finished proof: closed. 
16936      INFO  main            d.u.i.k.p.i.AbstractProblemLoader Loading environment from /home/runner/work/key/key/key.core/../key.ui/examples/heap/WeideEtAl_01_AddAndMultiply/AddAndMultiply_mul.key.proof 
16936      DEBUG main            d.u.i.k.p.i.AbstractProblemLoader Environment load took 699.06ns 
16938      INFO  main            d.u.i.k.p.i.AbstractProblemLoader Creating init config 
19459      DEBUG main            d.u.i.k.p.i.AbstractProblemLoader Init config took 2.52s 
19510      INFO  main            d.u.i.k.p.i.AbstractProblemLoader Replaying proof AddAndMultiply[AddAndMultiply::mul(int,int)].JML normal_behavior operation contract.0 
19641      DEBUG main            d.u.i.k.p.i.IntermediateProofReplayer Proof replay took 126.24ms 
19643      DEBUG main            d.u.i.k.p.r.p.TestFile    ... success: reloaded. 
19645      INFO  main            d.u.i.k.p.r.p.TestFile    Now processing file /home/runner/work/key/key/key.core/../key.ui/examples/heap/WeideEtAl_02_BinarySearch/BinarySearch_search.key 
19645      INFO  main            d.u.i.k.p.i.AbstractProblemLoader Loading environment from /home/runner/work/key/key/key.core/../key.ui/examples/heap/WeideEtAl_02_BinarySearch/BinarySearch_search.key 
19646      DEBUG main            d.u.i.k.p.i.AbstractProblemLoader Environment load took 190.62ns 
19647      INFO  main            d.u.i.k.p.i.AbstractProblemLoader Creating init config 
22231      DEBUG main            d.u.i.k.p.i.AbstractProblemLoader Init config took 2.58s 
22293      INFO  main            d.u.i.k.p.i.AbstractProblemLoader Replaying proof BinarySearch[BinarySearch::search([I,int)].JML normal_behavior operation contract.0 
22297      DEBUG main            d.u.i.k.p.i.IntermediateProofReplayer Proof replay took 7.3ns 
25619      INFO  main            d.u.i.k.p.r.p.TestFile    ... finished proof: closed. 
25828      INFO  main            d.u.i.k.p.i.AbstractProblemLoader Loading environment from /home/runner/work/key/key/key.core/../key.ui/examples/heap/WeideEtAl_02_BinarySearch/BinarySearch_search.key.proof 
25834      DEBUG main            d.u.i.k.p.i.AbstractProblemLoader Environment load took 5.52ms 
25836      INFO  main            d.u.i.k.p.i.AbstractProblemLoader Creating init config 
28330      DEBUG main            d.u.i.k.p.i.AbstractProblemLoader Init config took 2.49s 
28375      INFO  main            d.u.i.k.p.i.AbstractProblemLoader Replaying proof BinarySearch[BinarySearch::search([I,int)].JML normal_behavior operation contract.0 
28868      DEBUG main            d.u.i.k.p.i.IntermediateProofReplayer Proof replay took 477.95ms 
28870      DEBUG main            d.u.i.k.p.r.p.TestFile    ... success: reloaded. 
2407118    INFO  Test worker     d.u.i.k.p.r.RunAllProofsTestUnit Returning from test WeideEtAl 
2407119    INFO  Test worker     d.u.i.k.p.r.RunAllProofsTestUnit Running test arithmetic 
365        INFO  Timeout watchdog d.u.i.k.p.r.p.ForkedTestFileRunner Timeout watcher launched (2000 secs.) 
392        WARN  main            d.u.i.k.s.ProofSettings   The settings in /home/runner/.key/proof-settings.props are *not* read. 
438        INFO  main            d.u.i.k.p.r.p.TestFile    Now processing file /home/runner/work/key/key/key.core/../key.ui/examples/standard_key/arith/binomial1.key 
552        INFO  main            d.u.i.k.p.i.AbstractProblemLoader Loading environment from /home/runner/work/key/key/key.core/../key.ui/examples/standard_key/arith/binomial1.key 
574        DEBUG main            d.u.i.k.p.i.AbstractProblemLoader Environment load took 2.35ms 
801        INFO  main            d.u.i.k.p.i.AbstractProblemLoader Creating init config 
1739       DEBUG main            d.u.i.k.j.TypeConverter   No LDT found for Meta 
1739       DEBUG main            d.u.i.k.j.TypeConverter   No LDT found for Meta 
1741       DEBUG main            d.u.i.k.j.TypeConverter   No LDT found for Meta 
1741       DEBUG main            d.u.i.k.j.TypeConverter   No LDT found for Meta 
2961       DEBUG main            d.u.i.k.j.TypeConverter   No LDT found for JavaBigintExpression 
7717       DEBUG main            d.u.i.k.p.i.AbstractProblemLoader Init config took 6.92s 
7789       INFO  main            d.u.i.k.p.i.AbstractProblemLoader Replaying proof binomial1.key 
7828       DEBUG main            d.u.i.k.p.i.IntermediateProofReplayer Proof replay took 38.5ns 
8118       INFO  main            d.u.i.k.p.r.p.TestFile    ... finished proof: closed. 
8259       INFO  main            d.u.i.k.p.i.AbstractProblemLoader Loading environment from /home/runner/work/key/key/key.core/../key.ui/examples/standard_key/arith/binomial1.key.proof 
8259       DEBUG main            d.u.i.k.p.i.AbstractProblemLoader Environment load took 510.04ns 
8263       INFO  main            d.u.i.k.p.i.AbstractProblemLoader Creating init config 
10942      DEBUG main            d.u.i.k.p.i.AbstractProblemLoader Init config took 2.68s 
10971      INFO  main            d.u.i.k.p.i.AbstractProblemLoader Replaying proof binomial1.key.proof 
10997      DEBUG main            d.u.i.k.p.i.IntermediateProofReplayer Proof replay took 19.1ms 
11012      DEBUG main            d.u.i.k.p.r.p.TestFile    ... success: reloaded. 
11017      INFO  main            d.u.i.k.p.r.p.TestFile    Now processing file /home/runner/work/key/key/key.core/../key.ui/examples/standard_key/arith/binomial2.key 
11017      INFO  main            d.u.i.k.p.i.AbstractProblemLoader Loading environment from /home/runner/work/key/key/key.core/../key.ui/examples/standard_key/arith/binomial2.key 
11017      DEBUG main            d.u.i.k.p.i.AbstractProblemLoader Environment load took 308.53ns 
11019      INFO  main            d.u.i.k.p.i.AbstractProblemLoader Creating init config 
13605      DEBUG main            d.u.i.k.p.i.AbstractProblemLoader Init config took 2.59s 
13642      INFO  main            d.u.i.k.p.i.AbstractProblemLoader Replaying proof binomial2.key 
13650      DEBUG main            d.u.i.k.p.i.IntermediateProofReplayer Proof replay took 6.9ns 
13753      INFO  main            d.u.i.k.p.r.p.TestFile    ... finished proof: closed. 
13886      INFO  main            d.u.i.k.p.i.AbstractProblemLoader Loading environment from /home/runner/work/key/key/key.core/../key.ui/examples/standard_key/arith/binomial2.key.proof 
13886      DEBUG main            d.u.i.k.p.i.AbstractProblemLoader Environment load took 124.41ns 
13888      INFO  main            d.u.i.k.p.i.AbstractProblemLoader Creating init config 
16513      DEBUG main            d.u.i.k.p.i.AbstractProblemLoader Init config took 2.63s 
16536      INFO  main            d.u.i.k.p.i.AbstractProblemLoader Replaying proof binomial2.key.proof 
16548      DEBUG main            d.u.i.k.p.i.IntermediateProofReplayer Proof replay took 10.09ms 
16549      DEBUG main            d.u.i.k.p.r.p.TestFile    ... success: reloaded. 
16550      INFO  main            d.u.i.k.p.r.p.TestFile    Now processing file /home/runner/work/key/key/key.core/../key.ui/examples/standard_key/arith/check_jdiv.key 
16551      INFO  main            d.u.i.k.p.i.AbstractProblemLoader Loading environment from /home/runner/work/key/key/key.core/../key.ui/examples/standard_key/arith/check_jdiv.key 
16551      DEBUG main            d.u.i.k.p.i.AbstractProblemLoader Environment load took 108.11ns 
16553      INFO  main            d.u.i.k.p.i.AbstractProblemLoader Creating init config 
19083      DEBUG main            d.u.i.k.p.i.AbstractProblemLoader Init config took 2.53s 
19105      INFO  main            d.u.i.k.p.i.AbstractProblemLoader Replaying proof check_jdiv.key 
19108      DEBUG main            d.u.i.k.p.i.IntermediateProofReplayer Proof replay took 7ns 
24575      INFO  main            d.u.i.k.p.r.p.TestFile    ... finished proof: closed. 
24806      INFO  main            d.u.i.k.p.i.AbstractProblemLoader Loading environment from /home/runner/work/key/key/key.core/../key.ui/examples/standard_key/arith/check_jdiv.key.proof 
24807      DEBUG main            d.u.i.k.p.i.AbstractProblemLoader Environment load took 469.44ns 
24812      INFO  main            d.u.i.k.p.i.AbstractProblemLoader Creating init config 
27356      DEBUG main            d.u.i.k.p.i.AbstractProblemLoader Init config took 2.54s 
27377      INFO  main            d.u.i.k.p.i.AbstractProblemLoader Replaying proof check_jdiv.key.proof 
27741      DEBUG main            d.u.i.k.p.i.IntermediateProofReplayer Proof replay took 309.09ms 
27743      DEBUG main            d.u.i.k.p.r.p.TestFile    ... success: reloaded. 
27745      INFO  main            d.u.i.k.p.r.p.TestFile    Now processing file /home/runner/work/key/key/key.core/../key.ui/examples/standard_key/arith/check_jdiv_concrete.key 
27745      INFO  main            d.u.i.k.p.i.AbstractProblemLoader Loading environment from /home/runner/work/key/key/key.core/../key.ui/examples/standard_key/arith/check_jdiv_concrete.key 
27746      DEBUG main            d.u.i.k.p.i.AbstractProblemLoader Environment load took 254.62ns 
27747      INFO  main            d.u.i.k.p.i.AbstractProblemLoader Creating init config 
30136      DEBUG main            d.u.i.k.p.i.AbstractProblemLoader Init config took 2.39s 
30156      INFO  main            d.u.i.k.p.i.AbstractProblemLoader Replaying proof check_jdiv_concrete.key 
30158      DEBUG main            d.u.i.k.p.i.IntermediateProofReplayer Proof replay took 6.5ns 
30261      INFO  main            d.u.i.k.p.r.p.TestFile    ... finished proof: closed. 
30462      INFO  main            d.u.i.k.p.i.AbstractProblemLoader Loading environment from /home/runner/work/key/key/key.core/../key.ui/examples/standard_key/arith/check_jdiv_concrete.key.proof 
30462      DEBUG main            d.u.i.k.p.i.AbstractProblemLoader Environment load took 148.21ns 
30463      INFO  main            d.u.i.k.p.i.AbstractProblemLoader Creating init config 
32858      DEBUG main            d.u.i.k.p.i.AbstractProblemLoader Init config took 2.39s 
32894      INFO  main            d.u.i.k.p.i.AbstractProblemLoader Replaying proof check_jdiv_concrete.key.proof 
32899      DEBUG main            d.u.i.k.p.i.IntermediateProofReplayer Proof replay took 3.12ms 
32900      DEBUG main            d.u.i.k.p.r.p.TestFile    ... success: reloaded. 
32901      INFO  main            d.u.i.k.p.r.p.TestFile    Now processing file /home/runner/work/key/key/key.core/../key.ui/examples/standard_key/arith/check_jdiv_instantiated.key 
32902      INFO  main            d.u.i.k.p.i.AbstractProblemLoader Loading environment from /home/runner/work/key/key/key.core/../key.ui/examples/standard_key/arith/check_jdiv_instantiated.key 
32902      DEBUG main            d.u.i.k.p.i.AbstractProblemLoader Environment load took 244.02ns 
32904      INFO  main            d.u.i.k.p.i.AbstractProblemLoader Creating init config 
35308      DEBUG main            d.u.i.k.p.i.AbstractProblemLoader Init config took 2.4s 
35328      INFO  main            d.u.i.k.p.i.AbstractProblemLoader Replaying proof check_jdiv_instantiated.key 
35330      DEBUG main            d.u.i.k.p.i.IntermediateProofReplayer Proof replay took 6.3ns 
38756      INFO  main            d.u.i.k.p.r.p.TestFile    ... finished proof: closed. 
38958      INFO  main            d.u.i.k.p.i.AbstractProblemLoader Loading environment from /home/runner/work/key/key/key.core/../key.ui/examples/standard_key/arith/check_jdiv_instantiated.key.proof 
38958      DEBUG main            d.u.i.k.p.i.AbstractProblemLoader Environment load took 490.34ns 
38961      INFO  main            d.u.i.k.p.i.AbstractProblemLoader Creating init config 
41411      DEBUG main            d.u.i.k.p.i.AbstractProblemLoader Init config took 2.45s 
41435      INFO  main            d.u.i.k.p.i.AbstractProblemLoader Replaying proof check_jdiv_instantiated.key.proof 
41694      DEBUG main            d.u.i.k.p.i.IntermediateProofReplayer Proof replay took 226.81ms 
41697      DEBUG main            d.u.i.k.p.r.p.TestFile    ... success: reloaded. 
41698      INFO  main            d.u.i.k.p.r.p.TestFile    Now processing file /home/runner/work/key/key/key.core/../key.ui/examples/standard_key/arith/check_jmod.key 
41699      INFO  main            d.u.i.k.p.i.AbstractProblemLoader Loading environment from /home/runner/work/key/key/key.core/../key.ui/examples/standard_key/arith/check_jmod.key 
41699      DEBUG main            d.u.i.k.p.i.AbstractProblemLoader Environment load took 748.26ns 
41701      INFO  main            d.u.i.k.p.i.AbstractProblemLoader Creating init config 
44121      DEBUG main            d.u.i.k.p.i.AbstractProblemLoader Init config took 2.42s 
44140      INFO  main            d.u.i.k.p.i.AbstractProblemLoader Replaying proof check_jmod.key 
44142      DEBUG main            d.u.i.k.p.i.IntermediateProofReplayer Proof replay took 7.7ns 
44749      INFO  main            d.u.i.k.p.r.p.TestFile    ... finished proof: closed. 
45003      INFO  main            d.u.i.k.p.i.AbstractProblemLoader Loading environment from /home/runner/work/key/key/key.core/../key.ui/examples/standard_key/arith/check_jmod.key.proof 
45004      DEBUG main            d.u.i.k.p.i.AbstractProblemLoader Environment load took 687.95ns 
45005      INFO  main            d.u.i.k.p.i.AbstractProblemLoader Creating init config 
47441      DEBUG main            d.u.i.k.p.i.AbstractProblemLoader Init config took 2.44s 
47462      INFO  main            d.u.i.k.p.i.AbstractProblemLoader Replaying proof check_jmod.key.proof 
47513      DEBUG main            d.u.i.k.p.i.IntermediateProofReplayer Proof replay took 44.64ms 
47514      DEBUG main            d.u.i.k.p.r.p.TestFile    ... success: reloaded. 
47515      INFO  main            d.u.i.k.p.r.p.TestFile    Now processing file /home/runner/work/key/key/key.core/../key.ui/examples/standard_key/arith/complexExpressions.key 
47516      INFO  main            d.u.i.k.p.i.AbstractProblemLoader Loading environment from /home/runner/work/key/key/key.core/../key.ui/examples/standard_key/arith/complexExpressions.key 
47516      DEBUG main            d.u.i.k.p.i.AbstractProblemLoader Environment load took 212.52ns 
47518      INFO  main            d.u.i.k.p.i.AbstractProblemLoader Creating init config 
49991      DEBUG main            d.u.i.k.p.i.AbstractProblemLoader Init config took 2.47s 
50012      INFO  main            d.u.i.k.p.i.AbstractProblemLoader Replaying proof complexExpressions.key 
50014      DEBUG main            d.u.i.k.p.i.IntermediateProofReplayer Proof replay took 6.7ns 
50120      INFO  main            d.u.i.k.p.r.p.TestFile    ... finished proof: closed. 
50324      INFO  main            d.u.i.k.p.i.AbstractProblemLoader Loading environment from /home/runner/work/key/key/key.core/../key.ui/examples/standard_key/arith/complexExpressions.key.proof 
50324      DEBUG main            d.u.i.k.p.i.AbstractProblemLoader Environment load took 126.91ns 
50326      INFO  main            d.u.i.k.p.i.AbstractProblemLoader Creating init config 
52765      DEBUG main            d.u.i.k.p.i.AbstractProblemLoader Init config took 2.44s 
52787      INFO  main            d.u.i.k.p.i.AbstractProblemLoader Replaying proof complexExpressions.key.proof 
52800      DEBUG main            d.u.i.k.p.i.IntermediateProofReplayer Proof replay took 10.07ms 
52801      DEBUG main            d.u.i.k.p.r.p.TestFile    ... success: reloaded. 
52802      INFO  main            d.u.i.k.p.r.p.TestFile    Now processing file /home/runner/work/key/key/key.core/../key.ui/examples/standard_key/arith/compound_unaryMinus.key 
52802      INFO  main            d.u.i.k.p.i.AbstractProblemLoader Loading environment from /home/runner/work/key/key/key.core/../key.ui/examples/standard_key/arith/compound_unaryMinus.key 
52803      DEBUG main            d.u.i.k.p.i.AbstractProblemLoader Environment load took 241.12ns 
52804      INFO  main            d.u.i.k.p.i.AbstractProblemLoader Creating init config 
55285      DEBUG main            d.u.i.k.p.i.AbstractProblemLoader Init config took 2.48s 
55305      INFO  main            d.u.i.k.p.i.AbstractProblemLoader Replaying proof compound_unaryMinus.key 
55307      DEBUG main            d.u.i.k.p.i.IntermediateProofReplayer Proof replay took 7.4ns 
55409      INFO  main            d.u.i.k.p.r.p.TestFile    ... finished proof: closed. 
55593      INFO  main            d.u.i.k.p.i.AbstractProblemLoader Loading environment from /home/runner/work/key/key/key.core/../key.ui/examples/standard_key/arith/compound_unaryMinus.key.proof 
55593      DEBUG main            d.u.i.k.p.i.AbstractProblemLoader Environment load took 123.31ns 
55594      INFO  main            d.u.i.k.p.i.AbstractProblemLoader Creating init config 
58098      DEBUG main            d.u.i.k.p.i.AbstractProblemLoader Init config took 2.5s 
58117      INFO  main            d.u.i.k.p.i.AbstractProblemLoader Replaying proof compound_unaryMinus.key.proof 
58128      DEBUG main            d.u.i.k.p.i.IntermediateProofReplayer Proof replay took 9.24ms 
58129      DEBUG main            d.u.i.k.p.r.p.TestFile    ... success: reloaded. 
58130      INFO  main            d.u.i.k.p.r.p.TestFile    Now processing file /home/runner/work/key/key/key.core/../key.ui/examples/standard_key/arith/computation.key 
58130      INFO  main            d.u.i.k.p.i.AbstractProblemLoader Loading environment from /home/runner/work/key/key/key.core/../key.ui/examples/standard_key/arith/computation.key 
58130      DEBUG main            d.u.i.k.p.i.AbstractProblemLoader Environment load took 209.72ns 
58132      INFO  main            d.u.i.k.p.i.AbstractProblemLoader Creating init config 
60604      DEBUG main            d.u.i.k.p.i.AbstractProblemLoader Init config took 2.47s 
60623      INFO  main            d.u.i.k.p.i.AbstractProblemLoader Replaying proof computation.key 
60625      DEBUG main            d.u.i.k.p.i.IntermediateProofReplayer Proof replay took 6.8ns 
62044      INFO  main            d.u.i.k.p.r.p.TestFile    ... finished proof: closed. 
62271      INFO  main            d.u.i.k.p.i.AbstractProblemLoader Loading environment from /home/runner/work/key/key/key.core/../key.ui/examples/standard_key/arith/computation.key.proof 
62272      DEBUG main            d.u.i.k.p.i.AbstractProblemLoader Environment load took 476.94ns 
62274      INFO  main            d.u.i.k.p.i.AbstractProblemLoader Creating init config 
64671      DEBUG main            d.u.i.k.p.i.AbstractProblemLoader Init config took 2.4s 
64691      INFO  main            d.u.i.k.p.i.AbstractProblemLoader Replaying proof computation.key.proof 
64856      DEBUG main            d.u.i.k.p.i.IntermediateProofReplayer Proof replay took 160.24ms 
64858      DEBUG main            d.u.i.k.p.r.p.TestFile    ... success: reloaded. 
64859      INFO  main            d.u.i.k.p.r.p.TestFile    Now processing file /home/runner/work/key/key/key.core/../key.ui/examples/standard_key/arith/cubicSum.key 
64859      INFO  main            d.u.i.k.p.i.AbstractProblemLoader Loading environment from /home/runner/work/key/key/key.core/../key.ui/examples/standard_key/arith/cubicSum.key 
64859      DEBUG main            d.u.i.k.p.i.AbstractProblemLoader Environment load took 107.71ns 
64861      INFO  main            d.u.i.k.p.i.AbstractProblemLoader Creating init config 
67448      DEBUG main            d.u.i.k.p.i.AbstractProblemLoader Init config took 2.59s 
67467      INFO  main            d.u.i.k.p.i.AbstractProblemLoader Replaying proof cubicSum.key 
67468      DEBUG main            d.u.i.k.p.i.IntermediateProofReplayer Proof replay took 7.2ns 
68580      INFO  main            d.u.i.k.p.r.p.TestFile    ... finished proof: closed. 
68874      INFO  main            d.u.i.k.p.i.AbstractProblemLoader Loading environment from /home/runner/work/key/key/key.core/../key.ui/examples/standard_key/arith/cubicSum.key.proof 
68875      DEBUG main            d.u.i.k.p.i.AbstractProblemLoader Environment load took 1.35ms 
68878      INFO  main            d.u.i.k.p.i.AbstractProblemLoader Creating init config 
71414      DEBUG main            d.u.i.k.p.i.AbstractProblemLoader Init config took 2.54s 
71433      INFO  main            d.u.i.k.p.i.AbstractProblemLoader Replaying proof cubicSum.key.proof 
71568      DEBUG main            d.u.i.k.p.i.IntermediateProofReplayer Proof replay took 131.08ms 
71569      DEBUG main            d.u.i.k.p.r.p.TestFile    ... success: reloaded. 
71570      INFO  main            d.u.i.k.p.r.p.TestFile    Now processing file /home/runner/work/key/key/key.core/../key.ui/examples/standard_key/arith/divByZero.key 
71571      INFO  main            d.u.i.k.p.i.AbstractProblemLoader Loading environment from /home/runner/work/key/key/key.core/../key.ui/examples/standard_key/arith/divByZero.key 
71573      DEBUG main            d.u.i.k.p.i.AbstractProblemLoader Environment load took 103.01ns 
71574      INFO  main            d.u.i.k.p.i.AbstractProblemLoader Creating init config 
74096      DEBUG main            d.u.i.k.p.i.AbstractProblemLoader Init config took 2.52s 
74114      INFO  main            d.u.i.k.p.i.AbstractProblemLoader Replaying proof divByZero.key 
74116      DEBUG main            d.u.i.k.p.i.IntermediateProofReplayer Proof replay took 7.2ns 
74319      INFO  main            d.u.i.k.p.r.p.TestFile    ... finished proof: closed. 
74539      INFO  main            d.u.i.k.p.i.AbstractProblemLoader Loading environment from /home/runner/work/key/key/key.core/../key.ui/examples/standard_key/arith/divByZero.key.proof 
74540      DEBUG main            d.u.i.k.p.i.AbstractProblemLoader Environment load took 155.31ns 
74541      INFO  main            d.u.i.k.p.i.AbstractProblemLoader Creating init config 
77076      DEBUG main            d.u.i.k.p.i.AbstractProblemLoader Init config took 2.53s 
77094      INFO  main            d.u.i.k.p.i.AbstractProblemLoader Replaying proof divByZero.key.proof 
77135      DEBUG main            d.u.i.k.p.i.IntermediateProofReplayer Proof replay took 38.28ms 
77136      DEBUG main            d.u.i.k.p.r.p.TestFile    ... success: reloaded. 
77137      INFO  main            d.u.i.k.p.r.p.TestFile    Now processing file /home/runner/work/key/key/key.core/../key.ui/examples/standard_key/arith/divisionAssoc.key 
77137      INFO  main            d.u.i.k.p.i.AbstractProblemLoader Loading environment from /home/runner/work/key/key/key.core/../key.ui/examples/standard_key/arith/divisionAssoc.key 
77137      DEBUG main            d.u.i.k.p.i.AbstractProblemLoader Environment load took 117.91ns 
77138      INFO  main            d.u.i.k.p.i.AbstractProblemLoader Creating init config 
79647      DEBUG main            d.u.i.k.p.i.AbstractProblemLoader Init config took 2.51s 
79663      INFO  main            d.u.i.k.p.i.AbstractProblemLoader Replaying proof divisionAssoc.key 
79670      DEBUG main            d.u.i.k.p.i.IntermediateProofReplayer Proof replay took 60.41ns 
80476      INFO  main            d.u.i.k.p.r.p.TestFile    ... finished proof: closed. 
80707      INFO  main            d.u.i.k.p.i.AbstractProblemLoader Loading environment from /home/runner/work/key/key/key.core/../key.ui/examples/standard_key/arith/divisionAssoc.key.proof 
80708      DEBUG main            d.u.i.k.p.i.AbstractProblemLoader Environment load took 802.86ns 
80709      INFO  main            d.u.i.k.p.i.AbstractProblemLoader Creating init config 
83050      DEBUG main            d.u.i.k.p.i.AbstractProblemLoader Init config took 2.34s 
83065      INFO  main            d.u.i.k.p.i.AbstractProblemLoader Replaying proof divisionAssoc.key.proof 
83113      DEBUG main            d.u.i.k.p.i.IntermediateProofReplayer Proof replay took 41.66ms 
83114      DEBUG main            d.u.i.k.p.r.p.TestFile    ... success: reloaded. 
83115      INFO  main            d.u.i.k.p.r.p.TestFile    Now processing file /home/runner/work/key/key/key.core/../key.ui/examples/standard_key/arith/divisionBy2.key 
83115      INFO  main            d.u.i.k.p.i.AbstractProblemLoader Loading environment from /home/runner/work/key/key/key.core/../key.ui/examples/standard_key/arith/divisionBy2.key 
83115      DEBUG main            d.u.i.k.p.i.AbstractProblemLoader Environment load took 87.11ns 
83116      INFO  main            d.u.i.k.p.i.AbstractProblemLoader Creating init config 
85443      DEBUG main            d.u.i.k.p.i.AbstractProblemLoader Init config took 2.33s 
85483      INFO  main            d.u.i.k.p.i.AbstractProblemLoader Replaying proof divisionBy2.key 
85485      DEBUG main            d.u.i.k.p.i.IntermediateProofReplayer Proof replay took 8ns 
85590      INFO  main            d.u.i.k.p.r.p.TestFile    ... finished proof: closed. 
85814      INFO  main            d.u.i.k.p.i.AbstractProblemLoader Loading environment from /home/runner/work/key/key/key.core/../key.ui/examples/standard_key/arith/divisionBy2.key.proof 
85814      DEBUG main            d.u.i.k.p.i.AbstractProblemLoader Environment load took 123.11ns 
85815      INFO  main            d.u.i.k.p.i.AbstractProblemLoader Creating init config 
88176      DEBUG main            d.u.i.k.p.i.AbstractProblemLoader Init config took 2.36s 
88190      INFO  main            d.u.i.k.p.i.AbstractProblemLoader Replaying proof divisionBy2.key.proof 
88197      DEBUG main            d.u.i.k.p.i.IntermediateProofReplayer Proof replay took 5.14ms 
88198      DEBUG main            d.u.i.k.p.r.p.TestFile    ... success: reloaded. 
88199      INFO  main            d.u.i.k.p.r.p.TestFile    Now processing file /home/runner/work/key/key/key.core/../key.ui/examples/standard_key/arith/euclidean/gcdHelp-post.key 
88199      INFO  main            d.u.i.k.p.i.AbstractProblemLoader Loading environment from /home/runner/work/key/key/key.core/../key.ui/examples/standard_key/arith/euclidean/gcdHelp-post.key 
88199      DEBUG main            d.u.i.k.p.i.AbstractProblemLoader Environment load took 103.71ns 
88200      INFO  main            d.u.i.k.p.i.AbstractProblemLoader Creating init config 
90763      DEBUG main            d.u.i.k.p.i.AbstractProblemLoader Init config took 2.56s 
90780      INFO  main            d.u.i.k.p.i.AbstractProblemLoader Replaying proof gcdHelp-post.key 
90782      DEBUG main            d.u.i.k.p.i.IntermediateProofReplayer Proof replay took 6.8ns 
94097      INFO  main            d.u.i.k.p.r.p.TestFile    ... finished proof: closed. 
94338      INFO  main            d.u.i.k.p.i.AbstractProblemLoader Loading environment from /home/runner/work/key/key/key.core/../key.ui/examples/standard_key/arith/euclidean/gcdHelp-post.key.proof 
94338      DEBUG main            d.u.i.k.p.i.AbstractProblemLoader Environment load took 455.93ns 
94340      INFO  main            d.u.i.k.p.i.AbstractProblemLoader Creating init config 
96768      DEBUG main            d.u.i.k.p.i.AbstractProblemLoader Init config took 2.43s 
96786      INFO  main            d.u.i.k.p.i.AbstractProblemLoader Replaying proof gcdHelp-post.key.proof 
96980      DEBUG main            d.u.i.k.p.i.IntermediateProofReplayer Proof replay took 183.57ms 
96982      DEBUG main            d.u.i.k.p.r.p.TestFile    ... success: reloaded. 
96984      INFO  main            d.u.i.k.p.r.p.TestFile    Now processing file /home/runner/work/key/key/key.core/../key.ui/examples/standard_key/arith/gemplusDecimal/add.key 
96984      INFO  main            d.u.i.k.p.i.AbstractProblemLoader Loading environment from /home/runner/work/key/key/key.core/../key.ui/examples/standard_key/arith/gemplusDecimal/add.key 
96984      DEBUG main            d.u.i.k.p.i.AbstractProblemLoader Environment load took 250.92ns 
96986      INFO  main            d.u.i.k.p.i.AbstractProblemLoader Creating init config 
99428      DEBUG main            d.u.i.k.p.i.AbstractProblemLoader Init config took 2.44s 
99445      INFO  main            d.u.i.k.p.i.AbstractProblemLoader Replaying proof add.key 
99447      DEBUG main            d.u.i.k.p.i.IntermediateProofReplayer Proof replay took 6.5ns 
140741     INFO  main            d.u.i.k.p.r.p.TestFile    ... finished proof: closed. 
141117     INFO  main            d.u.i.k.p.i.AbstractProblemLoader Loading environment from /home/runner/work/key/key/key.core/../key.ui/examples/standard_key/arith/gemplusDecimal/add.key.proof 
141117     DEBUG main            d.u.i.k.p.i.AbstractProblemLoader Environment load took 428.43ns 
141124     INFO  main            d.u.i.k.p.i.AbstractProblemLoader Creating init config 
143492     DEBUG main            d.u.i.k.p.i.AbstractProblemLoader Init config took 2.37s 
143510     INFO  main            d.u.i.k.p.i.AbstractProblemLoader Replaying proof add.key.proof 
147479     DEBUG main            d.u.i.k.p.i.IntermediateProofReplayer Proof replay took 3.81s 
147487     DEBUG main            d.u.i.k.p.r.p.TestFile    ... success: reloaded. 
147488     INFO  main            d.u.i.k.p.r.p.TestFile    Now processing file /home/runner/work/key/key/key.core/../key.ui/examples/standard_key/arith/jdivevenodd.key 
147489     INFO  main            d.u.i.k.p.i.AbstractProblemLoader Loading environment from /home/runner/work/key/key/key.core/../key.ui/examples/standard_key/arith/jdivevenodd.key 
147489     DEBUG main            d.u.i.k.p.i.AbstractProblemLoader Environment load took 219.02ns 
147490     INFO  main            d.u.i.k.p.i.AbstractProblemLoader Creating init config 
149840     DEBUG main            d.u.i.k.p.i.AbstractProblemLoader Init config took 2.35s 
149855     INFO  main            d.u.i.k.p.i.AbstractProblemLoader Replaying proof jdivevenodd.key 
149857     DEBUG main            d.u.i.k.p.i.IntermediateProofReplayer Proof replay took 6.2ns 
150060     INFO  main            d.u.i.k.p.r.p.TestFile    ... finished proof: closed. 
150421     INFO  main            d.u.i.k.p.i.AbstractProblemLoader Loading environment from /home/runner/work/key/key/key.core/../key.ui/examples/standard_key/arith/jdivevenodd.key.proof 
150421     DEBUG main            d.u.i.k.p.i.AbstractProblemLoader Environment load took 141.31ns 
150424     INFO  main            d.u.i.k.p.i.AbstractProblemLoader Creating init config 
152764     DEBUG main            d.u.i.k.p.i.AbstractProblemLoader Init config took 2.34s 
152780     INFO  main            d.u.i.k.p.i.AbstractProblemLoader Replaying proof jdivevenodd.key.proof 
152800     DEBUG main            d.u.i.k.p.i.IntermediateProofReplayer Proof replay took 15.38ms 
152801     DEBUG main            d.u.i.k.p.r.p.TestFile    ... success: reloaded. 
152803     INFO  main            d.u.i.k.p.r.p.TestFile    Now processing file /home/runner/work/key/key/key.core/../key.ui/examples/standard_key/arith/median.key 
152803     INFO  main            d.u.i.k.p.i.AbstractProblemLoader Loading environment from /home/runner/work/key/key/key.core/../key.ui/examples/standard_key/arith/median.key 
152803     DEBUG main            d.u.i.k.p.i.AbstractProblemLoader Environment load took 131.51ns 
152804     INFO  main            d.u.i.k.p.i.AbstractProblemLoader Creating init config 
155141     DEBUG main            d.u.i.k.p.i.AbstractProblemLoader Init config took 2.34s 
155156     INFO  main            d.u.i.k.p.i.AbstractProblemLoader Replaying proof median.key 
155158     DEBUG main            d.u.i.k.p.i.IntermediateProofReplayer Proof replay took 6.6ns 
170919     INFO  main            d.u.i.k.p.r.p.TestFile    ... finished proof: closed. 
171274     INFO  main            d.u.i.k.p.i.AbstractProblemLoader Loading environment from /home/runner/work/key/key/key.core/../key.ui/examples/standard_key/arith/median.key.proof 
171275     DEBUG main            d.u.i.k.p.i.AbstractProblemLoader Environment load took 537.84ns 
171278     INFO  main            d.u.i.k.p.i.AbstractProblemLoader Creating init config 
173518     DEBUG main            d.u.i.k.p.i.AbstractProblemLoader Init config took 2.24s 
173545     INFO  main            d.u.i.k.p.i.AbstractProblemLoader Replaying proof median.key.proof 
174782     DEBUG main            d.u.i.k.p.i.IntermediateProofReplayer Proof replay took 1.19s 
174785     DEBUG main            d.u.i.k.p.r.p.TestFile    ... success: reloaded. 
174786     INFO  main            d.u.i.k.p.r.p.TestFile    Now processing file /home/runner/work/key/key/key.core/../key.ui/examples/standard_key/arith/mod1.key 
174787     INFO  main            d.u.i.k.p.i.AbstractProblemLoader Loading environment from /home/runner/work/key/key/key.core/../key.ui/examples/standard_key/arith/mod1.key 
174787     DEBUG main            d.u.i.k.p.i.AbstractProblemLoader Environment load took 88.11ns 
174788     INFO  main            d.u.i.k.p.i.AbstractProblemLoader Creating init config 
177217     DEBUG main            d.u.i.k.p.i.AbstractProblemLoader Init config took 2.43s 
177233     INFO  main            d.u.i.k.p.i.AbstractProblemLoader Replaying proof mod1.key 
177235     DEBUG main            d.u.i.k.p.i.IntermediateProofReplayer Proof replay took 6.6ns 
177337     INFO  main            d.u.i.k.p.r.p.TestFile    ... finished proof: closed. 
177670     INFO  main            d.u.i.k.p.i.AbstractProblemLoader Loading environment from /home/runner/work/key/key/key.core/../key.ui/examples/standard_key/arith/mod1.key.proof 
177670     DEBUG main            d.u.i.k.p.i.AbstractProblemLoader Environment load took 122.61ns 
177671     INFO  main            d.u.i.k.p.i.AbstractProblemLoader Creating init config 
180108     DEBUG main            d.u.i.k.p.i.AbstractProblemLoader Init config took 2.44s 
180122     INFO  main            d.u.i.k.p.i.AbstractProblemLoader Replaying proof mod1.key.proof 
180128     DEBUG main            d.u.i.k.p.i.IntermediateProofReplayer Proof replay took 2.19ms 
180129     DEBUG main            d.u.i.k.p.r.p.TestFile    ... success: reloaded. 
180130     INFO  main            d.u.i.k.p.r.p.TestFile    Now processing file /home/runner/work/key/key/key.core/../key.ui/examples/standard_key/arith/mod2.key 
180130     INFO  main            d.u.i.k.p.i.AbstractProblemLoader Loading environment from /home/runner/work/key/key/key.core/../key.ui/examples/standard_key/arith/mod2.key 
180130     DEBUG main            d.u.i.k.p.i.AbstractProblemLoader Environment load took 62.01ns 
180131     INFO  main            d.u.i.k.p.i.AbstractProblemLoader Creating init config 
182536     DEBUG main            d.u.i.k.p.i.AbstractProblemLoader Init config took 2.41s 
182551     INFO  main            d.u.i.k.p.i.AbstractProblemLoader Replaying proof mod2.key 
182553     DEBUG main            d.u.i.k.p.i.IntermediateProofReplayer Proof replay took 6.7ns 
182658     INFO  main            d.u.i.k.p.r.p.TestFile    ... finished proof: closed. 
182912     INFO  main            d.u.i.k.p.i.AbstractProblemLoader Loading environment from /home/runner/work/key/key/key.core/../key.ui/examples/standard_key/arith/mod2.key.proof 
182912     DEBUG main            d.u.i.k.p.i.AbstractProblemLoader Environment load took 116.91ns 
182913     INFO  main            d.u.i.k.p.i.AbstractProblemLoader Creating init config 
185316     DEBUG main            d.u.i.k.p.i.AbstractProblemLoader Init config took 2.4s 
185331     INFO  main            d.u.i.k.p.i.AbstractProblemLoader Replaying proof mod2.key.proof 
185334     DEBUG main            d.u.i.k.p.i.IntermediateProofReplayer Proof replay took 1.51ms 
185335     DEBUG main            d.u.i.k.p.r.p.TestFile    ... success: reloaded. 
185335     INFO  main            d.u.i.k.p.r.p.TestFile    Now processing file /home/runner/work/key/key/key.core/../key.ui/examples/standard_key/arith/mod7.key 
185336     INFO  main            d.u.i.k.p.i.AbstractProblemLoader Loading environment from /home/runner/work/key/key/key.core/../key.ui/examples/standard_key/arith/mod7.key 
185336     DEBUG main            d.u.i.k.p.i.AbstractProblemLoader Environment load took 83.31ns 
185337     INFO  main            d.u.i.k.p.i.AbstractProblemLoader Creating init config 
187731     DEBUG main            d.u.i.k.p.i.AbstractProblemLoader Init config took 2.39s 
187747     INFO  main            d.u.i.k.p.i.AbstractProblemLoader Replaying proof mod7.key 
187749     DEBUG main            d.u.i.k.p.i.IntermediateProofReplayer Proof replay took 7.4ns 
187851     INFO  main            d.u.i.k.p.r.p.TestFile    ... finished proof: closed. 
188113     INFO  main            d.u.i.k.p.i.AbstractProblemLoader Loading environment from /home/runner/work/key/key/key.core/../key.ui/examples/standard_key/arith/mod7.key.proof 
188113     DEBUG main            d.u.i.k.p.i.AbstractProblemLoader Environment load took 137.61ns 
188114     INFO  main            d.u.i.k.p.i.AbstractProblemLoader Creating init config 
190510     DEBUG main            d.u.i.k.p.i.AbstractProblemLoader Init config took 2.4s 
190525     INFO  main            d.u.i.k.p.i.AbstractProblemLoader Replaying proof mod7.key.proof 
190532     DEBUG main            d.u.i.k.p.i.IntermediateProofReplayer Proof replay took 5.53ms 
190533     DEBUG main            d.u.i.k.p.r.p.TestFile    ... success: reloaded. 
190533     INFO  main            d.u.i.k.p.r.p.TestFile    Now processing file /home/runner/work/key/key/key.core/../key.ui/examples/standard_key/arith/overflow_hija.key 
190534     INFO  main            d.u.i.k.p.i.AbstractProblemLoader Loading environment from /home/runner/work/key/key/key.core/../key.ui/examples/standard_key/arith/overflow_hija.key 
190534     DEBUG main            d.u.i.k.p.i.AbstractProblemLoader Environment load took 112.31ns 
190536     INFO  main            d.u.i.k.p.i.AbstractProblemLoader Creating init config 
192915     DEBUG main            d.u.i.k.p.i.AbstractProblemLoader Init config took 2.38s 
192933     INFO  main            d.u.i.k.p.i.AbstractProblemLoader Replaying proof overflow_hija.key 
192935     DEBUG main            d.u.i.k.p.i.IntermediateProofReplayer Proof replay took 6.4ns 
197485     INFO  main            d.u.i.k.p.r.p.TestFile    ... finished proof: closed. 
197802     INFO  main            d.u.i.k.p.i.AbstractProblemLoader Loading environment from /home/runner/work/key/key/key.core/../key.ui/examples/standard_key/arith/overflow_hija.key.proof 
197802     DEBUG main            d.u.i.k.p.i.AbstractProblemLoader Environment load took 438.13ns 
197805     INFO  main            d.u.i.k.p.i.AbstractProblemLoader Creating init config 
200155     DEBUG main            d.u.i.k.p.i.AbstractProblemLoader Init config took 2.35s 
200174     INFO  main            d.u.i.k.p.i.AbstractProblemLoader Replaying proof overflow_hija.key.proof 
200568     DEBUG main            d.u.i.k.p.i.IntermediateProofReplayer Proof replay took 383.1ms 
200570     DEBUG main            d.u.i.k.p.r.p.TestFile    ... success: reloaded. 
200571     INFO  main            d.u.i.k.p.r.p.TestFile    Now processing file /home/runner/work/key/key/key.core/../key.ui/examples/standard_key/arith/poly_division0.key 
200572     INFO  main            d.u.i.k.p.i.AbstractProblemLoader Loading environment from /home/runner/work/key/key/key.core/../key.ui/examples/standard_key/arith/poly_division0.key 
200572     DEBUG main            d.u.i.k.p.i.AbstractProblemLoader Environment load took 265.72ns 
200573     INFO  main            d.u.i.k.p.i.AbstractProblemLoader Creating init config 
202962     DEBUG main            d.u.i.k.p.i.AbstractProblemLoader Init config took 2.39s 
202977     INFO  main            d.u.i.k.p.i.AbstractProblemLoader Replaying proof poly_division0.key 
202978     DEBUG main            d.u.i.k.p.i.IntermediateProofReplayer Proof replay took 7.4ns 
203084     INFO  main            d.u.i.k.p.r.p.TestFile    ... finished proof: closed. 
203424     INFO  main            d.u.i.k.p.i.AbstractProblemLoader Loading environment from /home/runner/work/key/key/key.core/../key.ui/examples/standard_key/arith/poly_division0.key.proof 
203425     DEBUG main            d.u.i.k.p.i.AbstractProblemLoader Environment load took 116.61ns 
203426     INFO  main            d.u.i.k.p.i.AbstractProblemLoader Creating init config 
205743     DEBUG main            d.u.i.k.p.i.AbstractProblemLoader Init config took 2.32s 
205758     INFO  main            d.u.i.k.p.i.AbstractProblemLoader Replaying proof poly_division0.key.proof 
205768     DEBUG main            d.u.i.k.p.i.IntermediateProofReplayer Proof replay took 8.07ms 
205769     DEBUG main            d.u.i.k.p.r.p.TestFile    ... success: reloaded. 
205770     INFO  main            d.u.i.k.p.r.p.TestFile    Now processing file /home/runner/work/key/key/key.core/../key.ui/examples/standard_key/arith/poly_division1.key 
205770     INFO  main            d.u.i.k.p.i.AbstractProblemLoader Loading environment from /home/runner/work/key/key/key.core/../key.ui/examples/standard_key/arith/poly_division1.key 
205770     DEBUG main            d.u.i.k.p.i.AbstractProblemLoader Environment load took 80.81ns 
205771     INFO  main            d.u.i.k.p.i.AbstractProblemLoader Creating init config 
208100     DEBUG main            d.u.i.k.p.i.AbstractProblemLoader Init config took 2.33s 
208116     INFO  main            d.u.i.k.p.i.AbstractProblemLoader Replaying proof poly_division1.key 
208117     DEBUG main            d.u.i.k.p.i.IntermediateProofReplayer Proof replay took 6.3ns 
208222     INFO  main            d.u.i.k.p.r.p.TestFile    ... finished proof: closed. 
208486     INFO  main            d.u.i.k.p.i.AbstractProblemLoader Loading environment from /home/runner/work/key/key/key.core/../key.ui/examples/standard_key/arith/poly_division1.key.proof 
208486     DEBUG main            d.u.i.k.p.i.AbstractProblemLoader Environment load took 128.01ns 
208488     INFO  main            d.u.i.k.p.i.AbstractProblemLoader Creating init config 
210837     DEBUG main            d.u.i.k.p.i.AbstractProblemLoader Init config took 2.35s 
210852     INFO  main            d.u.i.k.p.i.AbstractProblemLoader Replaying proof poly_division1.key.proof 
210859     DEBUG main            d.u.i.k.p.i.IntermediateProofReplayer Proof replay took 5.77ms 
210860     DEBUG main            d.u.i.k.p.r.p.TestFile    ... success: reloaded. 
210860     INFO  main            d.u.i.k.p.r.p.TestFile    Now processing file /home/runner/work/key/key/key.core/../key.ui/examples/standard_key/inEqSimp/division.key 
210861     INFO  main            d.u.i.k.p.i.AbstractProblemLoader Loading environment from /home/runner/work/key/key/key.core/../key.ui/examples/standard_key/inEqSimp/division.key 
210861     DEBUG main            d.u.i.k.p.i.AbstractProblemLoader Environment load took 75.01ns 
210862     INFO  main            d.u.i.k.p.i.AbstractProblemLoader Creating init config 
213272     DEBUG main            d.u.i.k.p.i.AbstractProblemLoader Init config took 2.41s 
213286     INFO  main            d.u.i.k.p.i.AbstractProblemLoader Replaying proof division.key 
213288     DEBUG main            d.u.i.k.p.i.IntermediateProofReplayer Proof replay took 6.5ns 
215301     INFO  main            d.u.i.k.p.r.p.TestFile    ... finished proof: closed. 
215598     INFO  main            d.u.i.k.p.i.AbstractProblemLoader Loading environment from /home/runner/work/key/key/key.core/../key.ui/examples/standard_key/inEqSimp/division.key.proof 
215598     DEBUG main            d.u.i.k.p.i.AbstractProblemLoader Environment load took 459.94ns 
215600     INFO  main            d.u.i.k.p.i.AbstractProblemLoader Creating init config 
217882     DEBUG main            d.u.i.k.p.i.AbstractProblemLoader Init config took 2.28s 
217896     INFO  main            d.u.i.k.p.i.AbstractProblemLoader Replaying proof division.key.proof 
217974     DEBUG main            d.u.i.k.p.i.IntermediateProofReplayer Proof replay took 70.96ms 
217976     DEBUG main            d.u.i.k.p.r.p.TestFile    ... success: reloaded. 
217977     INFO  main            d.u.i.k.p.r.p.TestFile    Now processing file /home/runner/work/key/key/key.core/../key.ui/examples/standard_key/inEqSimp/inequations0.key 
217977     INFO  main            d.u.i.k.p.i.AbstractProblemLoader Loading environment from /home/runner/work/key/key/key.core/../key.ui/examples/standard_key/inEqSimp/inequations0.key 
217977     DEBUG main            d.u.i.k.p.i.AbstractProblemLoader Environment load took 219.32ns 
217978     INFO  main            d.u.i.k.p.i.AbstractProblemLoader Creating init config 
220252     DEBUG main            d.u.i.k.p.i.AbstractProblemLoader Init config took 2.27s 
220267     INFO  main            d.u.i.k.p.i.AbstractProblemLoader Replaying proof inequations0.key 
220269     DEBUG main            d.u.i.k.p.i.IntermediateProofReplayer Proof replay took 39ns 
220374     INFO  main            d.u.i.k.p.r.p.TestFile    ... finished proof: closed. 
220689     INFO  main            d.u.i.k.p.i.AbstractProblemLoader Loading environment from /home/runner/work/key/key/key.core/../key.ui/examples/standard_key/inEqSimp/inequations0.key.proof 
220690     DEBUG main            d.u.i.k.p.i.AbstractProblemLoader Environment load took 109.61ns 
220691     INFO  main            d.u.i.k.p.i.AbstractProblemLoader Creating init config 
222797     DEBUG main            d.u.i.k.p.i.AbstractProblemLoader Init config took 2.11s 
222811     INFO  main            d.u.i.k.p.i.AbstractProblemLoader Replaying proof inequations0.key.proof 
222815     DEBUG main            d.u.i.k.p.i.IntermediateProofReplayer Proof replay took 2.04ms 
222816     DEBUG main            d.u.i.k.p.r.p.TestFile    ... success: reloaded. 
222816     INFO  main            d.u.i.k.p.r.p.TestFile    Now processing file /home/runner/work/key/key/key.core/../key.ui/examples/standard_key/inEqSimp/inequations1.key 
222816     INFO  main            d.u.i.k.p.i.AbstractProblemLoader Loading environment from /home/runner/work/key/key/key.core/../key.ui/examples/standard_key/inEqSimp/inequations1.key 
222817     DEBUG main            d.u.i.k.p.i.AbstractProblemLoader Environment load took 174.61ns 
222817     INFO  main            d.u.i.k.p.i.AbstractProblemLoader Creating init config 
225092     DEBUG main            d.u.i.k.p.i.AbstractProblemLoader Init config took 2.27s 
225105     INFO  main            d.u.i.k.p.i.AbstractProblemLoader Replaying proof inequations1.key 
225106     DEBUG main            d.u.i.k.p.i.IntermediateProofReplayer Proof replay took 2.6ns 
225208     INFO  main            d.u.i.k.p.r.p.TestFile    ... finished proof: closed. 
225494     INFO  main            d.u.i.k.p.i.AbstractProblemLoader Loading environment from /home/runner/work/key/key/key.core/../key.ui/examples/standard_key/inEqSimp/inequations1.key.proof 
225494     DEBUG main            d.u.i.k.p.i.AbstractProblemLoader Environment load took 140.21ns 
225496     INFO  main            d.u.i.k.p.i.AbstractProblemLoader Creating init config 
227756     DEBUG main            d.u.i.k.p.i.AbstractProblemLoader Init config took 2.26s 
227770     INFO  main            d.u.i.k.p.i.AbstractProblemLoader Replaying proof inequations1.key.proof 
227773     DEBUG main            d.u.i.k.p.i.IntermediateProofReplayer Proof replay took 1.31ms 
227774     DEBUG main            d.u.i.k.p.r.p.TestFile    ... success: reloaded. 
227774     INFO  main            d.u.i.k.p.r.p.TestFile    Now processing file /home/runner/work/key/key/key.core/../key.ui/examples/standard_key/inEqSimp/inequations2.key 
227775     INFO  main            d.u.i.k.p.i.AbstractProblemLoader Loading environment from /home/runner/work/key/key/key.core/../key.ui/examples/standard_key/inEqSimp/inequations2.key 
227775     DEBUG main            d.u.i.k.p.i.AbstractProblemLoader Environment load took 58ns 
227776     INFO  main            d.u.i.k.p.i.AbstractProblemLoader Creating init config 
230049     DEBUG main            d.u.i.k.p.i.AbstractProblemLoader Init config took 2.27s 
230063     INFO  main            d.u.i.k.p.i.AbstractProblemLoader Replaying proof inequations2.key 
230066     DEBUG main            d.u.i.k.p.i.IntermediateProofReplayer Proof replay took 3ns 
230168     INFO  main            d.u.i.k.p.r.p.TestFile    ... finished proof: closed. 
230463     INFO  main            d.u.i.k.p.i.AbstractProblemLoader Loading environment from /home/runner/work/key/key/key.core/../key.ui/examples/standard_key/inEqSimp/inequations2.key.proof 
230464     DEBUG main            d.u.i.k.p.i.AbstractProblemLoader Environment load took 100.81ns 
230465     INFO  main            d.u.i.k.p.i.AbstractProblemLoader Creating init config 
232604     DEBUG main            d.u.i.k.p.i.AbstractProblemLoader Init config took 2.14s 
232618     INFO  main            d.u.i.k.p.i.AbstractProblemLoader Replaying proof inequations2.key.proof 
232622     DEBUG main            d.u.i.k.p.i.IntermediateProofReplayer Proof replay took 1.48ms 
232623     DEBUG main            d.u.i.k.p.r.p.TestFile    ... success: reloaded. 
232624     INFO  main            d.u.i.k.p.r.p.TestFile    Now processing file /home/runner/work/key/key/key.core/../key.ui/examples/standard_key/inEqSimp/linApprox.key 
232624     INFO  main            d.u.i.k.p.i.AbstractProblemLoader Loading environment from /home/runner/work/key/key/key.core/../key.ui/examples/standard_key/inEqSimp/linApprox.key 
232624     DEBUG main            d.u.i.k.p.i.AbstractProblemLoader Environment load took 189.91ns 
232625     INFO  main            d.u.i.k.p.i.AbstractProblemLoader Creating init config 
234791     DEBUG main            d.u.i.k.p.i.AbstractProblemLoader Init config took 2.17s 
234805     INFO  main            d.u.i.k.p.i.AbstractProblemLoader Replaying proof linApprox.key 
234806     DEBUG main            d.u.i.k.p.i.IntermediateProofReplayer Proof replay took 3.4ns 
234908     INFO  main            d.u.i.k.p.r.p.TestFile    ... finished proof: closed. 
235229     INFO  main            d.u.i.k.p.i.AbstractProblemLoader Loading environment from /home/runner/work/key/key/key.core/../key.ui/examples/standard_key/inEqSimp/linApprox.key.proof 
235229     DEBUG main            d.u.i.k.p.i.AbstractProblemLoader Environment load took 116.31ns 
235230     INFO  main            d.u.i.k.p.i.AbstractProblemLoader Creating init config 
237510     DEBUG main            d.u.i.k.p.i.AbstractProblemLoader Init config took 2.28s 
237524     INFO  main            d.u.i.k.p.i.AbstractProblemLoader Replaying proof linApprox.key.proof 
237528     DEBUG main            d.u.i.k.p.i.IntermediateProofReplayer Proof replay took 2.36ms 
237529     DEBUG main            d.u.i.k.p.r.p.TestFile    ... success: reloaded. 
237529     INFO  main            d.u.i.k.p.r.p.TestFile    Now processing file /home/runner/work/key/key/key.core/../key.ui/examples/standard_key/inEqSimp/nonLinInEqExample0.key 
237529     INFO  main            d.u.i.k.p.i.AbstractProblemLoader Loading environment from /home/runner/work/key/key/key.core/../key.ui/examples/standard_key/inEqSimp/nonLinInEqExample0.key 
237530     DEBUG main            d.u.i.k.p.i.AbstractProblemLoader Environment load took 76.61ns 
237532     INFO  main            d.u.i.k.p.i.AbstractProblemLoader Creating init config 
239825     DEBUG main            d.u.i.k.p.i.AbstractProblemLoader Init config took 2.29s 
239857     INFO  main            d.u.i.k.p.i.AbstractProblemLoader Replaying proof nonLinInEqExample0.key 
239858     DEBUG main            d.u.i.k.p.i.IntermediateProofReplayer Proof replay took 3.1ns 
239961     INFO  main            d.u.i.k.p.r.p.TestFile    ... finished proof: closed. 
240266     INFO  main            d.u.i.k.p.i.AbstractProblemLoader Loading environment from /home/runner/work/key/key/key.core/../key.ui/examples/standard_key/inEqSimp/nonLinInEqExample0.key.proof 
240266     DEBUG main            d.u.i.k.p.i.AbstractProblemLoader Environment load took 127.01ns 
240267     INFO  main            d.u.i.k.p.i.AbstractProblemLoader Creating init config 
242554     DEBUG main            d.u.i.k.p.i.AbstractProblemLoader Init config took 2.29s 
242569     INFO  main            d.u.i.k.p.i.AbstractProblemLoader Replaying proof nonLinInEqExample0.key.proof 
242572     DEBUG main            d.u.i.k.p.i.IntermediateProofReplayer Proof replay took 895.16ns 
242572     DEBUG main            d.u.i.k.p.r.p.TestFile    ... success: reloaded. 
242573     INFO  main            d.u.i.k.p.r.p.TestFile    Now processing file /home/runner/work/key/key/key.core/../key.ui/examples/standard_key/inEqSimp/nonLinInEqExample2.key 
242573     INFO  main            d.u.i.k.p.i.AbstractProblemLoader Loading environment from /home/runner/work/key/key/key.core/../key.ui/examples/standard_key/inEqSimp/nonLinInEqExample2.key 
242573     DEBUG main            d.u.i.k.p.i.AbstractProblemLoader Environment load took 59.41ns 
242574     INFO  main            d.u.i.k.p.i.AbstractProblemLoader Creating init config 
244817     DEBUG main            d.u.i.k.p.i.AbstractProblemLoader Init config took 2.24s 
244831     INFO  main            d.u.i.k.p.i.AbstractProblemLoader Replaying proof nonLinInEqExample2.key 
244832     DEBUG main            d.u.i.k.p.i.IntermediateProofReplayer Proof replay took 3.4ns 
245136     INFO  main            d.u.i.k.p.r.p.TestFile    ... finished proof: closed. 
245455     INFO  main            d.u.i.k.p.i.AbstractProblemLoader Loading environment from /home/runner/work/key/key/key.core/../key.ui/examples/standard_key/inEqSimp/nonLinInEqExample2.key.proof 
245456     DEBUG main            d.u.i.k.p.i.AbstractProblemLoader Environment load took 412.33ns 
245457     INFO  main            d.u.i.k.p.i.AbstractProblemLoader Creating init config 
247642     DEBUG main            d.u.i.k.p.i.AbstractProblemLoader Init config took 2.19s 
247657     INFO  main            d.u.i.k.p.i.AbstractProblemLoader Replaying proof nonLinInEqExample2.key.proof 
247683     DEBUG main            d.u.i.k.p.i.IntermediateProofReplayer Proof replay took 23.04ms 
247683     DEBUG main            d.u.i.k.p.r.p.TestFile    ... success: reloaded. 
247684     INFO  main            d.u.i.k.p.r.p.TestFile    Now processing file /home/runner/work/key/key/key.core/../key.ui/examples/standard_key/inEqSimp/nonLinInEqExample3.key 
247684     INFO  main            d.u.i.k.p.i.AbstractProblemLoader Loading environment from /home/runner/work/key/key/key.core/../key.ui/examples/standard_key/inEqSimp/nonLinInEqExample3.key 
247684     DEBUG main            d.u.i.k.p.i.AbstractProblemLoader Environment load took 51.5ns 
247685     INFO  main            d.u.i.k.p.i.AbstractProblemLoader Creating init config 
249901     DEBUG main            d.u.i.k.p.i.AbstractProblemLoader Init config took 2.22s 
249915     INFO  main            d.u.i.k.p.i.AbstractProblemLoader Replaying proof nonLinInEqExample3.key 
249916     DEBUG main            d.u.i.k.p.i.IntermediateProofReplayer Proof replay took 3ns 
250119     INFO  main            d.u.i.k.p.r.p.TestFile    ... finished proof: closed. 
250459     INFO  main            d.u.i.k.p.i.AbstractProblemLoader Loading environment from /home/runner/work/key/key/key.core/../key.ui/examples/standard_key/inEqSimp/nonLinInEqExample3.key.proof 
250459     DEBUG main            d.u.i.k.p.i.AbstractProblemLoader Environment load took 121.71ns 
250460     INFO  main            d.u.i.k.p.i.AbstractProblemLoader Creating init config 
252675     DEBUG main            d.u.i.k.p.i.AbstractProblemLoader Init config took 2.22s 
252688     INFO  main            d.u.i.k.p.i.AbstractProblemLoader Replaying proof nonLinInEqExample3.key.proof 
252707     DEBUG main            d.u.i.k.p.i.IntermediateProofReplayer Proof replay took 15.92ms 
252708     DEBUG main            d.u.i.k.p.r.p.TestFile    ... success: reloaded. 
252708     INFO  main            d.u.i.k.p.r.p.TestFile    Now processing file /home/runner/work/key/key/key.core/../key.ui/examples/standard_key/inEqSimp/nonLinInEqExample4.key 
252708     INFO  main            d.u.i.k.p.i.AbstractProblemLoader Loading environment from /home/runner/work/key/key/key.core/../key.ui/examples/standard_key/inEqSimp/nonLinInEqExample4.key 
252709     DEBUG main            d.u.i.k.p.i.AbstractProblemLoader Environment load took 55.2ns 
252710     INFO  main            d.u.i.k.p.i.AbstractProblemLoader Creating init config 
254959     DEBUG main            d.u.i.k.p.i.AbstractProblemLoader Init config took 2.25s 
254973     INFO  main            d.u.i.k.p.i.AbstractProblemLoader Replaying proof nonLinInEqExample4.key 
254975     DEBUG main            d.u.i.k.p.i.IntermediateProofReplayer Proof replay took 2.8ns 
255077     INFO  main            d.u.i.k.p.r.p.TestFile    ... finished proof: closed. 
255405     INFO  main            d.u.i.k.p.i.AbstractProblemLoader Loading environment from /home/runner/work/key/key/key.core/../key.ui/examples/standard_key/inEqSimp/nonLinInEqExample4.key.proof 
255405     DEBUG main            d.u.i.k.p.i.AbstractProblemLoader Environment load took 98.51ns 
255407     INFO  main            d.u.i.k.p.i.AbstractProblemLoader Creating init config 
257562     DEBUG main            d.u.i.k.p.i.AbstractProblemLoader Init config took 2.16s 
257577     INFO  main            d.u.i.k.p.i.AbstractProblemLoader Replaying proof nonLinInEqExample4.key.proof 
257583     DEBUG main            d.u.i.k.p.i.IntermediateProofReplayer Proof replay took 3.91ms 
257584     DEBUG main            d.u.i.k.p.r.p.TestFile    ... success: reloaded. 
257585     INFO  main            d.u.i.k.p.r.p.TestFile    Now processing file /home/runner/work/key/key/key.core/../key.ui/examples/standard_key/inEqSimp/quadraticInEq.key 
257585     INFO  main            d.u.i.k.p.i.AbstractProblemLoader Loading environment from /home/runner/work/key/key/key.core/../key.ui/examples/standard_key/inEqSimp/quadraticInEq.key 
257585     DEBUG main            d.u.i.k.p.i.AbstractProblemLoader Environment load took 95.01ns 
257587     INFO  main            d.u.i.k.p.i.AbstractProblemLoader Creating init config 
259800     DEBUG main            d.u.i.k.p.i.AbstractProblemLoader Init config took 2.21s 
259814     INFO  main            d.u.i.k.p.i.AbstractProblemLoader Replaying proof quadraticInEq.key 
259815     DEBUG main            d.u.i.k.p.i.IntermediateProofReplayer Proof replay took 2.7ns 
260120     INFO  main            d.u.i.k.p.r.p.TestFile    ... finished proof: closed. 
260461     INFO  main            d.u.i.k.p.i.AbstractProblemLoader Loading environment from /home/runner/work/key/key/key.core/../key.ui/examples/standard_key/inEqSimp/quadraticInEq.key.proof 
260461     DEBUG main            d.u.i.k.p.i.AbstractProblemLoader Environment load took 113.41ns 
260462     INFO  main            d.u.i.k.p.i.AbstractProblemLoader Creating init config 
262706     DEBUG main            d.u.i.k.p.i.AbstractProblemLoader Init config took 2.24s 
262721     INFO  main            d.u.i.k.p.i.AbstractProblemLoader Replaying proof quadraticInEq.key.proof 
262775     DEBUG main            d.u.i.k.p.i.IntermediateProofReplayer Proof replay took 51.08ms 
262777     DEBUG main            d.u.i.k.p.r.p.TestFile    ... success: reloaded. 
262777     INFO  main            d.u.i.k.p.r.p.TestFile    Now processing file /home/runner/work/key/key/key.core/../key.ui/examples/standard_key/inEqSimp/quadraticInEq10.key 
262778     INFO  main            d.u.i.k.p.i.AbstractProblemLoader Loading environment from /home/runner/work/key/key/key.core/../key.ui/examples/standard_key/inEqSimp/quadraticInEq10.key 
262778     DEBUG main            d.u.i.k.p.i.AbstractProblemLoader Environment load took 79.9ns 
262779     INFO  main            d.u.i.k.p.i.AbstractProblemLoader Creating init config 
265076     DEBUG main            d.u.i.k.p.i.AbstractProblemLoader Init config took 2.3s 
265089     INFO  main            d.u.i.k.p.i.AbstractProblemLoader Replaying proof quadraticInEq10.key 
265091     DEBUG main            d.u.i.k.p.i.IntermediateProofReplayer Proof replay took 3.2ns 
265294     INFO  main            d.u.i.k.p.r.p.TestFile    ... finished proof: closed. 
265645     INFO  main            d.u.i.k.p.i.AbstractProblemLoader Loading environment from /home/runner/work/key/key/key.core/../key.ui/examples/standard_key/inEqSimp/quadraticInEq10.key.proof 
265646     DEBUG main            d.u.i.k.p.i.AbstractProblemLoader Environment load took 109.21ns 
265647     INFO  main            d.u.i.k.p.i.AbstractProblemLoader Creating init config 
267940     DEBUG main            d.u.i.k.p.i.AbstractProblemLoader Init config took 2.29s 
267953     INFO  main            d.u.i.k.p.i.AbstractProblemLoader Replaying proof quadraticInEq10.key.proof 
267967     DEBUG main            d.u.i.k.p.i.IntermediateProofReplayer Proof replay took 11.37ms 
267968     DEBUG main            d.u.i.k.p.r.p.TestFile    ... success: reloaded. 
267969     INFO  main            d.u.i.k.p.r.p.TestFile    Now processing file /home/runner/work/key/key/key.core/../key.ui/examples/standard_key/inEqSimp/quadraticInEq13.key 
267969     INFO  main            d.u.i.k.p.i.AbstractProblemLoader Loading environment from /home/runner/work/key/key/key.core/../key.ui/examples/standard_key/inEqSimp/quadraticInEq13.key 
267969     DEBUG main            d.u.i.k.p.i.AbstractProblemLoader Environment load took 56.3ns 
267973     INFO  main            d.u.i.k.p.i.AbstractProblemLoader Creating init config 
270210     DEBUG main            d.u.i.k.p.i.AbstractProblemLoader Init config took 2.24s 
270223     INFO  main            d.u.i.k.p.i.AbstractProblemLoader Replaying proof quadraticInEq13.key 
270227     DEBUG main            d.u.i.k.p.i.IntermediateProofReplayer Proof replay took 3.6ns 
270430     INFO  main            d.u.i.k.p.r.p.TestFile    ... finished proof: closed. 
270780     INFO  main            d.u.i.k.p.i.AbstractProblemLoader Loading environment from /home/runner/work/key/key/key.core/../key.ui/examples/standard_key/inEqSimp/quadraticInEq13.key.proof 
270780     DEBUG main            d.u.i.k.p.i.AbstractProblemLoader Environment load took 107.91ns 
270781     INFO  main            d.u.i.k.p.i.AbstractProblemLoader Creating init config 
272945     DEBUG main            d.u.i.k.p.i.AbstractProblemLoader Init config took 2.16s 
272958     INFO  main            d.u.i.k.p.i.AbstractProblemLoader Replaying proof quadraticInEq13.key.proof 
272977     DEBUG main            d.u.i.k.p.i.IntermediateProofReplayer Proof replay took 15.12ms 
272978     DEBUG main            d.u.i.k.p.r.p.TestFile    ... success: reloaded. 
272978     INFO  main            d.u.i.k.p.r.p.TestFile    Now processing file /home/runner/work/key/key/key.core/../key.ui/examples/standard_key/inEqSimp/quadraticInEq14.key 
272979     INFO  main            d.u.i.k.p.i.AbstractProblemLoader Loading environment from /home/runner/work/key/key/key.core/../key.ui/examples/standard_key/inEqSimp/quadraticInEq14.key 
272979     DEBUG main            d.u.i.k.p.i.AbstractProblemLoader Environment load took 54.5ns 
272980     INFO  main            d.u.i.k.p.i.AbstractProblemLoader Creating init config 
275228     DEBUG main            d.u.i.k.p.i.AbstractProblemLoader Init config took 2.25s 
275242     INFO  main            d.u.i.k.p.i.AbstractProblemLoader Replaying proof quadraticInEq14.key 
275244     DEBUG main            d.u.i.k.p.i.IntermediateProofReplayer Proof replay took 3.3ns 
275582     INFO  main            d.u.i.k.p.r.p.TestFile    ... finished proof: closed. 
275918     INFO  main            d.u.i.k.p.i.AbstractProblemLoader Loading environment from /home/runner/work/key/key/key.core/../key.ui/examples/standard_key/inEqSimp/quadraticInEq14.key.proof 
275918     DEBUG main            d.u.i.k.p.i.AbstractProblemLoader Environment load took 106.11ns 
275919     INFO  main            d.u.i.k.p.i.AbstractProblemLoader Creating init config 
278147     DEBUG main            d.u.i.k.p.i.AbstractProblemLoader Init config took 2.23s 
278161     INFO  main            d.u.i.k.p.i.AbstractProblemLoader Replaying proof quadraticInEq14.key.proof 
278182     DEBUG main            d.u.i.k.p.i.IntermediateProofReplayer Proof replay took 18.53ms 
278183     DEBUG main            d.u.i.k.p.r.p.TestFile    ... success: reloaded. 
278183     INFO  main            d.u.i.k.p.r.p.TestFile    Now processing file /home/runner/work/key/key/key.core/../key.ui/examples/standard_key/inEqSimp/quadraticInEq2.key 
278184     INFO  main            d.u.i.k.p.i.AbstractProblemLoader Loading environment from /home/runner/work/key/key/key.core/../key.ui/examples/standard_key/inEqSimp/quadraticInEq2.key 
278184     DEBUG main            d.u.i.k.p.i.AbstractProblemLoader Environment load took 79.31ns 
278184     INFO  main            d.u.i.k.p.i.AbstractProblemLoader Creating init config 
280547     DEBUG main            d.u.i.k.p.i.AbstractProblemLoader Init config took 2.36s 
280560     INFO  main            d.u.i.k.p.i.AbstractProblemLoader Replaying proof quadraticInEq2.key 
280563     DEBUG main            d.u.i.k.p.i.IntermediateProofReplayer Proof replay took 3ns 
280668     INFO  main            d.u.i.k.p.r.p.TestFile    ... finished proof: closed. 
281027     INFO  main            d.u.i.k.p.i.AbstractProblemLoader Loading environment from /home/runner/work/key/key/key.core/../key.ui/examples/standard_key/inEqSimp/quadraticInEq2.key.proof 
281027     DEBUG main            d.u.i.k.p.i.AbstractProblemLoader Environment load took 93.01ns 
281028     INFO  main            d.u.i.k.p.i.AbstractProblemLoader Creating init config 
283319     DEBUG main            d.u.i.k.p.i.AbstractProblemLoader Init config took 2.29s 
283334     INFO  main            d.u.i.k.p.i.AbstractProblemLoader Replaying proof quadraticInEq2.key.proof 
283337     DEBUG main            d.u.i.k.p.i.IntermediateProofReplayer Proof replay took 2.35ms 
283338     DEBUG main            d.u.i.k.p.r.p.TestFile    ... success: reloaded. 
283339     INFO  main            d.u.i.k.p.r.p.TestFile    Now processing file /home/runner/work/key/key/key.core/../key.ui/examples/standard_key/inEqSimp/quadraticInEq3.key 
283339     INFO  main            d.u.i.k.p.i.AbstractProblemLoader Loading environment from /home/runner/work/key/key/key.core/../key.ui/examples/standard_key/inEqSimp/quadraticInEq3.key 
283339     DEBUG main            d.u.i.k.p.i.AbstractProblemLoader Environment load took 49.5ns 
283340     INFO  main            d.u.i.k.p.i.AbstractProblemLoader Creating init config 
285663     DEBUG main            d.u.i.k.p.i.AbstractProblemLoader Init config took 2.32s 
285678     INFO  main            d.u.i.k.p.i.AbstractProblemLoader Replaying proof quadraticInEq3.key 
285679     DEBUG main            d.u.i.k.p.i.IntermediateProofReplayer Proof replay took 3.5ns 
285781     INFO  main            d.u.i.k.p.r.p.TestFile    ... finished proof: closed. 
286125     INFO  main            d.u.i.k.p.i.AbstractProblemLoader Loading environment from /home/runner/work/key/key/key.core/../key.ui/examples/standard_key/inEqSimp/quadraticInEq3.key.proof 
286125     DEBUG main            d.u.i.k.p.i.AbstractProblemLoader Environment load took 89.31ns 
286126     INFO  main            d.u.i.k.p.i.AbstractProblemLoader Creating init config 
288419     DEBUG main            d.u.i.k.p.i.AbstractProblemLoader Init config took 2.29s 
288434     INFO  main            d.u.i.k.p.i.AbstractProblemLoader Replaying proof quadraticInEq3.key.proof 
288441     DEBUG main            d.u.i.k.p.i.IntermediateProofReplayer Proof replay took 5.66ms 
288442     DEBUG main            d.u.i.k.p.r.p.TestFile    ... success: reloaded. 
288443     INFO  main            d.u.i.k.p.r.p.TestFile    Now processing file /home/runner/work/key/key/key.core/../key.ui/examples/standard_key/inEqSimp/quadraticInEq4.key 
288443     INFO  main            d.u.i.k.p.i.AbstractProblemLoader Loading environment from /home/runner/work/key/key/key.core/../key.ui/examples/standard_key/inEqSimp/quadraticInEq4.key 
288443     DEBUG main            d.u.i.k.p.i.AbstractProblemLoader Environment load took 92.11ns 
288444     INFO  main            d.u.i.k.p.i.AbstractProblemLoader Creating init config 
290741     DEBUG main            d.u.i.k.p.i.AbstractProblemLoader Init config took 2.3s 
290762     INFO  main            d.u.i.k.p.i.AbstractProblemLoader Replaying proof quadraticInEq4.key 
290763     DEBUG main            d.u.i.k.p.i.IntermediateProofReplayer Proof replay took 3.5ns 
290865     INFO  main            d.u.i.k.p.r.p.TestFile    ... finished proof: closed. 
291234     INFO  main            d.u.i.k.p.i.AbstractProblemLoader Loading environment from /home/runner/work/key/key/key.core/../key.ui/examples/standard_key/inEqSimp/quadraticInEq4.key.proof 
291234     DEBUG main            d.u.i.k.p.i.AbstractProblemLoader Environment load took 89.81ns 
291235     INFO  main            d.u.i.k.p.i.AbstractProblemLoader Creating init config 
293426     DEBUG main            d.u.i.k.p.i.AbstractProblemLoader Init config took 2.19s 
293439     INFO  main            d.u.i.k.p.i.AbstractProblemLoader Replaying proof quadraticInEq4.key.proof 
293445     DEBUG main            d.u.i.k.p.i.IntermediateProofReplayer Proof replay took 4.3ms 
293446     DEBUG main            d.u.i.k.p.r.p.TestFile    ... success: reloaded. 
293447     INFO  main            d.u.i.k.p.r.p.TestFile    Now processing file /home/runner/work/key/key/key.core/../key.ui/examples/standard_key/inEqSimp/quadraticInEq5.key 
293448     INFO  main            d.u.i.k.p.i.AbstractProblemLoader Loading environment from /home/runner/work/key/key/key.core/../key.ui/examples/standard_key/inEqSimp/quadraticInEq5.key 
293448     DEBUG main            d.u.i.k.p.i.AbstractProblemLoader Environment load took 151.21ns 
293449     INFO  main            d.u.i.k.p.i.AbstractProblemLoader Creating init config 
295764     DEBUG main            d.u.i.k.p.i.AbstractProblemLoader Init config took 2.31s 
295778     INFO  main            d.u.i.k.p.i.AbstractProblemLoader Replaying proof quadraticInEq5.key 
295779     DEBUG main            d.u.i.k.p.i.IntermediateProofReplayer Proof replay took 3.4ns 
295886     INFO  main            d.u.i.k.p.r.p.TestFile    ... finished proof: closed. 
296248     INFO  main            d.u.i.k.p.i.AbstractProblemLoader Loading environment from /home/runner/work/key/key/key.core/../key.ui/examples/standard_key/inEqSimp/quadraticInEq5.key.proof 
296249     DEBUG main            d.u.i.k.p.i.AbstractProblemLoader Environment load took 88.81ns 
296250     INFO  main            d.u.i.k.p.i.AbstractProblemLoader Creating init config 
298474     DEBUG main            d.u.i.k.p.i.AbstractProblemLoader Init config took 2.22s 
298488     INFO  main            d.u.i.k.p.i.AbstractProblemLoader Replaying proof quadraticInEq5.key.proof 
298494     DEBUG main            d.u.i.k.p.i.IntermediateProofReplayer Proof replay took 4.27ms 
298495     DEBUG main            d.u.i.k.p.r.p.TestFile    ... success: reloaded. 
298496     INFO  main            d.u.i.k.p.r.p.TestFile    Now processing file /home/runner/work/key/key/key.core/../key.ui/examples/standard_key/inEqSimp/quadraticInEq6.key 
298496     INFO  main            d.u.i.k.p.i.AbstractProblemLoader Loading environment from /home/runner/work/key/key/key.core/../key.ui/examples/standard_key/inEqSimp/quadraticInEq6.key 
298496     DEBUG main            d.u.i.k.p.i.AbstractProblemLoader Environment load took 106.51ns 
298497     INFO  main            d.u.i.k.p.i.AbstractProblemLoader Creating init config 
300778     DEBUG main            d.u.i.k.p.i.AbstractProblemLoader Init config took 2.28s 
300792     INFO  main            d.u.i.k.p.i.AbstractProblemLoader Replaying proof quadraticInEq6.key 
300793     DEBUG main            d.u.i.k.p.i.IntermediateProofReplayer Proof replay took 3.6ns 
300895     INFO  main            d.u.i.k.p.r.p.TestFile    ... finished proof: closed. 
301264     INFO  main            d.u.i.k.p.i.AbstractProblemLoader Loading environment from /home/runner/work/key/key/key.core/../key.ui/examples/standard_key/inEqSimp/quadraticInEq6.key.proof 
301265     DEBUG main            d.u.i.k.p.i.AbstractProblemLoader Environment load took 98.61ns 
301265     INFO  main            d.u.i.k.p.i.AbstractProblemLoader Creating init config 
303449     DEBUG main            d.u.i.k.p.i.AbstractProblemLoader Init config took 2.18s 
303463     INFO  main            d.u.i.k.p.i.AbstractProblemLoader Replaying proof quadraticInEq6.key.proof 
303468     DEBUG main            d.u.i.k.p.i.IntermediateProofReplayer Proof replay took 3.71ms 
303469     DEBUG main            d.u.i.k.p.r.p.TestFile    ... success: reloaded. 
303469     INFO  main            d.u.i.k.p.r.p.TestFile    Now processing file /home/runner/work/key/key/key.core/../key.ui/examples/standard_key/inEqSimp/quadraticInEq7.key 
303470     INFO  main            d.u.i.k.p.i.AbstractProblemLoader Loading environment from /home/runner/work/key/key/key.core/../key.ui/examples/standard_key/inEqSimp/quadraticInEq7.key 
303470     DEBUG main            d.u.i.k.p.i.AbstractProblemLoader Environment load took 53.5ns 
303471     INFO  main            d.u.i.k.p.i.AbstractProblemLoader Creating init config 
305743     DEBUG main            d.u.i.k.p.i.AbstractProblemLoader Init config took 2.27s 
305756     INFO  main            d.u.i.k.p.i.AbstractProblemLoader Replaying proof quadraticInEq7.key 
305757     DEBUG main            d.u.i.k.p.i.IntermediateProofReplayer Proof replay took 3.9ns 
305862     INFO  main            d.u.i.k.p.r.p.TestFile    ... finished proof: closed. 
306229     INFO  main            d.u.i.k.p.i.AbstractProblemLoader Loading environment from /home/runner/work/key/key/key.core/../key.ui/examples/standard_key/inEqSimp/quadraticInEq7.key.proof 
306229     DEBUG main            d.u.i.k.p.i.AbstractProblemLoader Environment load took 90.81ns 
306230     INFO  main            d.u.i.k.p.i.AbstractProblemLoader Creating init config 
308433     DEBUG main            d.u.i.k.p.i.AbstractProblemLoader Init config took 2.2s 
308447     INFO  main            d.u.i.k.p.i.AbstractProblemLoader Replaying proof quadraticInEq7.key.proof 
308450     DEBUG main            d.u.i.k.p.i.IntermediateProofReplayer Proof replay took 2.34ms 
308451     DEBUG main            d.u.i.k.p.r.p.TestFile    ... success: reloaded. 
308452     INFO  main            d.u.i.k.p.r.p.TestFile    Now processing file /home/runner/work/key/key/key.core/../key.ui/examples/standard_key/inEqSimp/quadraticInEq8.key 
308452     INFO  main            d.u.i.k.p.i.AbstractProblemLoader Loading environment from /home/runner/work/key/key/key.core/../key.ui/examples/standard_key/inEqSimp/quadraticInEq8.key 
308452     DEBUG main            d.u.i.k.p.i.AbstractProblemLoader Environment load took 90.61ns 
308453     INFO  main            d.u.i.k.p.i.AbstractProblemLoader Creating init config 
310693     DEBUG main            d.u.i.k.p.i.AbstractProblemLoader Init config took 2.24s 
310707     INFO  main            d.u.i.k.p.i.AbstractProblemLoader Replaying proof quadraticInEq8.key 
310708     DEBUG main            d.u.i.k.p.i.IntermediateProofReplayer Proof replay took 3.2ns 
310811     INFO  main            d.u.i.k.p.r.p.TestFile    ... finished proof: closed. 
311186     INFO  main            d.u.i.k.p.i.AbstractProblemLoader Loading environment from /home/runner/work/key/key/key.core/../key.ui/examples/standard_key/inEqSimp/quadraticInEq8.key.proof 
311186     DEBUG main            d.u.i.k.p.i.AbstractProblemLoader Environment load took 91.21ns 
311187     INFO  main            d.u.i.k.p.i.AbstractProblemLoader Creating init config 
313358     DEBUG main            d.u.i.k.p.i.AbstractProblemLoader Init config took 2.17s 
313372     INFO  main            d.u.i.k.p.i.AbstractProblemLoader Replaying proof quadraticInEq8.key.proof 
313380     DEBUG main            d.u.i.k.p.i.IntermediateProofReplayer Proof replay took 6.58ms 
313381     DEBUG main            d.u.i.k.p.r.p.TestFile    ... success: reloaded. 
313382     INFO  main            d.u.i.k.p.r.p.TestFile    Now processing file /home/runner/work/key/key/key.core/../key.ui/examples/standard_key/inEqSimp/simplify0.key 
313382     INFO  main            d.u.i.k.p.i.AbstractProblemLoader Loading environment from /home/runner/work/key/key/key.core/../key.ui/examples/standard_key/inEqSimp/simplify0.key 
313382     DEBUG main            d.u.i.k.p.i.AbstractProblemLoader Environment load took 45.9ns 
313383     INFO  main            d.u.i.k.p.i.AbstractProblemLoader Creating init config 
315625     DEBUG main            d.u.i.k.p.i.AbstractProblemLoader Init config took 2.24s 
315639     INFO  main            d.u.i.k.p.i.AbstractProblemLoader Replaying proof simplify0.key 
315640     DEBUG main            d.u.i.k.p.i.IntermediateProofReplayer Proof replay took 3.5ns 
315742     INFO  main            d.u.i.k.p.r.p.TestFile    ... finished proof: closed. 
316137     INFO  main            d.u.i.k.p.i.AbstractProblemLoader Loading environment from /home/runner/work/key/key/key.core/../key.ui/examples/standard_key/inEqSimp/simplify0.key.proof 
316137     DEBUG main            d.u.i.k.p.i.AbstractProblemLoader Environment load took 97.41ns 
316138     INFO  main            d.u.i.k.p.i.AbstractProblemLoader Creating init config 
318294     DEBUG main            d.u.i.k.p.i.AbstractProblemLoader Init config took 2.16s 
318307     INFO  main            d.u.i.k.p.i.AbstractProblemLoader Replaying proof simplify0.key.proof 
318311     DEBUG main            d.u.i.k.p.i.IntermediateProofReplayer Proof replay took 1.91ms 
318311     DEBUG main            d.u.i.k.p.r.p.TestFile    ... success: reloaded. 
318312     INFO  main            d.u.i.k.p.r.p.TestFile    Now processing file /home/runner/work/key/key/key.core/../key.ui/examples/standard_key/inEqSimp/simplify1.key 
318312     INFO  main            d.u.i.k.p.i.AbstractProblemLoader Loading environment from /home/runner/work/key/key/key.core/../key.ui/examples/standard_key/inEqSimp/simplify1.key 
318312     DEBUG main            d.u.i.k.p.i.AbstractProblemLoader Environment load took 114.11ns 
318313     INFO  main            d.u.i.k.p.i.AbstractProblemLoader Creating init config 
320509     DEBUG main            d.u.i.k.p.i.AbstractProblemLoader Init config took 2.2s 
320524     INFO  main            d.u.i.k.p.i.AbstractProblemLoader Replaying proof simplify1.key 
320525     DEBUG main            d.u.i.k.p.i.IntermediateProofReplayer Proof replay took 2.8ns 
320629     INFO  main            d.u.i.k.p.r.p.TestFile    ... finished proof: closed. 
321021     INFO  main            d.u.i.k.p.i.AbstractProblemLoader Loading environment from /home/runner/work/key/key/key.core/../key.ui/examples/standard_key/inEqSimp/simplify1.key.proof 
321021     DEBUG main            d.u.i.k.p.i.AbstractProblemLoader Environment load took 107.41ns 
321022     INFO  main            d.u.i.k.p.i.AbstractProblemLoader Creating init config 
323196     DEBUG main            d.u.i.k.p.i.AbstractProblemLoader Init config took 2.17s 
323210     INFO  main            d.u.i.k.p.i.AbstractProblemLoader Replaying proof simplify1.key.proof 
323212     DEBUG main            d.u.i.k.p.i.IntermediateProofReplayer Proof replay took 1.19ms 
323213     DEBUG main            d.u.i.k.p.r.p.TestFile    ... success: reloaded. 
323213     INFO  main            d.u.i.k.p.r.p.TestFile    Now processing file /home/runner/work/key/key/key.core/../key.ui/examples/standard_key/inEqSimp/simplify2.key 
323213     INFO  main            d.u.i.k.p.i.AbstractProblemLoader Loading environment from /home/runner/work/key/key/key.core/../key.ui/examples/standard_key/inEqSimp/simplify2.key 
323213     DEBUG main            d.u.i.k.p.i.AbstractProblemLoader Environment load took 47ns 
323214     INFO  main            d.u.i.k.p.i.AbstractProblemLoader Creating init config 
325503     DEBUG main            d.u.i.k.p.i.AbstractProblemLoader Init config took 2.29s 
325518     INFO  main            d.u.i.k.p.i.AbstractProblemLoader Replaying proof simplify2.key 
325519     DEBUG main            d.u.i.k.p.i.IntermediateProofReplayer Proof replay took 3.1ns 
325621     INFO  main            d.u.i.k.p.r.p.TestFile    ... finished proof: closed. 
326024     INFO  main            d.u.i.k.p.i.AbstractProblemLoader Loading environment from /home/runner/work/key/key/key.core/../key.ui/examples/standard_key/inEqSimp/simplify2.key.proof 
326024     DEBUG main            d.u.i.k.p.i.AbstractProblemLoader Environment load took 88.31ns 
326025     INFO  main            d.u.i.k.p.i.AbstractProblemLoader Creating init config 
328306     DEBUG main            d.u.i.k.p.i.AbstractProblemLoader Init config took 2.28s 
328319     INFO  main            d.u.i.k.p.i.AbstractProblemLoader Replaying proof simplify2.key.proof 
328331     DEBUG main            d.u.i.k.p.i.IntermediateProofReplayer Proof replay took 10.29ms 
328332     DEBUG main            d.u.i.k.p.r.p.TestFile    ... success: reloaded. 
328332     INFO  main            d.u.i.k.p.r.p.TestFile    Now processing file /home/runner/work/key/key/key.core/../key.ui/examples/standard_key/inEqSimp/simplify3.key 
328333     INFO  main            d.u.i.k.p.i.AbstractProblemLoader Loading environment from /home/runner/work/key/key/key.core/../key.ui/examples/standard_key/inEqSimp/simplify3.key 
328333     DEBUG main            d.u.i.k.p.i.AbstractProblemLoader Environment load took 81.11ns 
328333     INFO  main            d.u.i.k.p.i.AbstractProblemLoader Creating init config 
330561     DEBUG main            d.u.i.k.p.i.AbstractProblemLoader Init config took 2.23s 
330574     INFO  main            d.u.i.k.p.i.AbstractProblemLoader Replaying proof simplify3.key 
330575     DEBUG main            d.u.i.k.p.i.IntermediateProofReplayer Proof replay took 2.8ns 
330677     INFO  main            d.u.i.k.p.r.p.TestFile    ... finished proof: closed. 
331091     INFO  main            d.u.i.k.p.i.AbstractProblemLoader Loading environment from /home/runner/work/key/key/key.core/../key.ui/examples/standard_key/inEqSimp/simplify3.key.proof 
331091     DEBUG main            d.u.i.k.p.i.AbstractProblemLoader Environment load took 93.61ns 
331093     INFO  main            d.u.i.k.p.i.AbstractProblemLoader Creating init config 
333377     DEBUG main            d.u.i.k.p.i.AbstractProblemLoader Init config took 2.28s 
333391     INFO  main            d.u.i.k.p.i.AbstractProblemLoader Replaying proof simplify3.key.proof 
333394     DEBUG main            d.u.i.k.p.i.IntermediateProofReplayer Proof replay took 1.88ms 
333395     DEBUG main            d.u.i.k.p.r.p.TestFile    ... success: reloaded. 
333395     INFO  main            d.u.i.k.p.r.p.TestFile    Now processing file /home/runner/work/key/key/key.core/../key.ui/examples/standard_key/inEqSimp/simplify4.key 
333396     INFO  main            d.u.i.k.p.i.AbstractProblemLoader Loading environment from /home/runner/work/key/key/key.core/../key.ui/examples/standard_key/inEqSimp/simplify4.key 
333396     DEBUG main            d.u.i.k.p.i.AbstractProblemLoader Environment load took 51.2ns 
333397     INFO  main            d.u.i.k.p.i.AbstractProblemLoader Creating init config 
335706     DEBUG main            d.u.i.k.p.i.AbstractProblemLoader Init config took 2.31s 
335720     INFO  main            d.u.i.k.p.i.AbstractProblemLoader Replaying proof simplify4.key 
335721     DEBUG main            d.u.i.k.p.i.IntermediateProofReplayer Proof replay took 3.3ns 
335825     INFO  main            d.u.i.k.p.r.p.TestFile    ... finished proof: closed. 
336234     INFO  main            d.u.i.k.p.i.AbstractProblemLoader Loading environment from /home/runner/work/key/key/key.core/../key.ui/examples/standard_key/inEqSimp/simplify4.key.proof 
336234     DEBUG main            d.u.i.k.p.i.AbstractProblemLoader Environment load took 92.61ns 
336235     INFO  main            d.u.i.k.p.i.AbstractProblemLoader Creating init config 
338514     DEBUG main            d.u.i.k.p.i.AbstractProblemLoader Init config took 2.28s 
338529     INFO  main            d.u.i.k.p.i.AbstractProblemLoader Replaying proof simplify4.key.proof 
338543     DEBUG main            d.u.i.k.p.i.IntermediateProofReplayer Proof replay took 12.79ms 
338544     DEBUG main            d.u.i.k.p.r.p.TestFile    ... success: reloaded. 
338545     INFO  main            d.u.i.k.p.r.p.TestFile    Now processing file /home/runner/work/key/key/key.core/../key.ui/examples/standard_key/inEqSimp/simplify5.key 
338545     INFO  main            d.u.i.k.p.i.AbstractProblemLoader Loading environment from /home/runner/work/key/key/key.core/../key.ui/examples/standard_key/inEqSimp/simplify5.key 
338545     DEBUG main            d.u.i.k.p.i.AbstractProblemLoader Environment load took 78.61ns 
338546     INFO  main            d.u.i.k.p.i.AbstractProblemLoader Creating init config 
340809     DEBUG main            d.u.i.k.p.i.AbstractProblemLoader Init config took 2.26s 
340823     INFO  main            d.u.i.k.p.i.AbstractProblemLoader Replaying proof simplify5.key 
340824     DEBUG main            d.u.i.k.p.i.IntermediateProofReplayer Proof replay took 2.8ns 
341430     INFO  main            d.u.i.k.p.r.p.TestFile    ... finished proof: closed. 
341853     INFO  main            d.u.i.k.p.i.AbstractProblemLoader Loading environment from /home/runner/work/key/key/key.core/../key.ui/examples/standard_key/inEqSimp/simplify5.key.proof 
341853     DEBUG main            d.u.i.k.p.i.AbstractProblemLoader Environment load took 90.21ns 
341854     INFO  main            d.u.i.k.p.i.AbstractProblemLoader Creating init config 
343995     DEBUG main            d.u.i.k.p.i.AbstractProblemLoader Init config took 2.14s 
344009     INFO  main            d.u.i.k.p.i.AbstractProblemLoader Replaying proof simplify5.key.proof 
344061     DEBUG main            d.u.i.k.p.i.IntermediateProofReplayer Proof replay took 47.27ms 
344062     DEBUG main            d.u.i.k.p.r.p.TestFile    ... success: reloaded. 
344063     INFO  main            d.u.i.k.p.r.p.TestFile    Now processing file /home/runner/work/key/key/key.core/../key.ui/examples/standard_key/inEqSimp/subsumptionExample.key 
344063     INFO  main            d.u.i.k.p.i.AbstractProblemLoader Loading environment from /home/runner/work/key/key/key.core/../key.ui/examples/standard_key/inEqSimp/subsumptionExample.key 
344063     DEBUG main            d.u.i.k.p.i.AbstractProblemLoader Environment load took 85.31ns 
344064     INFO  main            d.u.i.k.p.i.AbstractProblemLoader Creating init config 
346262     DEBUG main            d.u.i.k.p.i.AbstractProblemLoader Init config took 2.2s 
346276     INFO  main            d.u.i.k.p.i.AbstractProblemLoader Replaying proof subsumptionExample.key 
346276     DEBUG main            d.u.i.k.p.i.IntermediateProofReplayer Proof replay took 3ns 
346378     INFO  main            d.u.i.k.p.r.p.TestFile    ... finished proof: closed. 
346802     INFO  main            d.u.i.k.p.i.AbstractProblemLoader Loading environment from /home/runner/work/key/key/key.core/../key.ui/examples/standard_key/inEqSimp/subsumptionExample.key.proof 
346802     DEBUG main            d.u.i.k.p.i.AbstractProblemLoader Environment load took 76.7ns 
346803     INFO  main            d.u.i.k.p.i.AbstractProblemLoader Creating init config 
349044     DEBUG main            d.u.i.k.p.i.AbstractProblemLoader Init config took 2.24s 
349057     INFO  main            d.u.i.k.p.i.AbstractProblemLoader Replaying proof subsumptionExample.key.proof 
349059     DEBUG main            d.u.i.k.p.i.IntermediateProofReplayer Proof replay took 789.96ns 
349060     DEBUG main            d.u.i.k.p.r.p.TestFile    ... success: reloaded. 
349060     INFO  main            d.u.i.k.p.r.p.TestFile    Now processing file /home/runner/work/key/key/key.core/../key.ui/examples/standard_key/polySimp/simplify0.key 
349060     INFO  main            d.u.i.k.p.i.AbstractProblemLoader Loading environment from /home/runner/work/key/key/key.core/../key.ui/examples/standard_key/polySimp/simplify0.key 
349060     DEBUG main            d.u.i.k.p.i.AbstractProblemLoader Environment load took 71.81ns 
349061     INFO  main            d.u.i.k.p.i.AbstractProblemLoader Creating init config 
351330     DEBUG main            d.u.i.k.p.i.AbstractProblemLoader Init config took 2.27s 
351344     INFO  main            d.u.i.k.p.i.AbstractProblemLoader Replaying proof simplify0.key 
351345     DEBUG main            d.u.i.k.p.i.IntermediateProofReplayer Proof replay took 2.9ns 
351548     INFO  main            d.u.i.k.p.r.p.TestFile    ... finished proof: closed. 
351975     INFO  main            d.u.i.k.p.i.AbstractProblemLoader Loading environment from /home/runner/work/key/key/key.core/../key.ui/examples/standard_key/polySimp/simplify0.key.proof 
351975     DEBUG main            d.u.i.k.p.i.AbstractProblemLoader Environment load took 127.21ns 
351976     INFO  main            d.u.i.k.p.i.AbstractProblemLoader Creating init config 
354092     DEBUG main            d.u.i.k.p.i.AbstractProblemLoader Init config took 2.12s 
354106     INFO  main            d.u.i.k.p.i.AbstractProblemLoader Replaying proof simplify0.key.proof 
354121     DEBUG main            d.u.i.k.p.i.IntermediateProofReplayer Proof replay took 13.12ms 
354122     DEBUG main            d.u.i.k.p.r.p.TestFile    ... success: reloaded. 
354122     INFO  main            d.u.i.k.p.r.p.TestFile    Now processing file /home/runner/work/key/key/key.core/../key.ui/examples/standard_key/polySimp/simplify1.key 
354123     INFO  main            d.u.i.k.p.i.AbstractProblemLoader Loading environment from /home/runner/work/key/key/key.core/../key.ui/examples/standard_key/polySimp/simplify1.key 
354123     DEBUG main            d.u.i.k.p.i.AbstractProblemLoader Environment load took 84.71ns 
354124     INFO  main            d.u.i.k.p.i.AbstractProblemLoader Creating init config 
356313     DEBUG main            d.u.i.k.p.i.AbstractProblemLoader Init config took 2.19s 
356327     INFO  main            d.u.i.k.p.i.AbstractProblemLoader Replaying proof simplify1.key 
356328     DEBUG main            d.u.i.k.p.i.IntermediateProofReplayer Proof replay took 2.9ns 
356632     INFO  main            d.u.i.k.p.r.p.TestFile    ... finished proof: closed. 
357105     INFO  main            d.u.i.k.p.i.AbstractProblemLoader Loading environment from /home/runner/work/key/key/key.core/../key.ui/examples/standard_key/polySimp/simplify1.key.proof 
357105     DEBUG main            d.u.i.k.p.i.AbstractProblemLoader Environment load took 85.41ns 
357107     INFO  main            d.u.i.k.p.i.AbstractProblemLoader Creating init config 
359269     DEBUG main            d.u.i.k.p.i.AbstractProblemLoader Init config took 2.16s 
359283     INFO  main            d.u.i.k.p.i.AbstractProblemLoader Replaying proof simplify1.key.proof 
359306     DEBUG main            d.u.i.k.p.i.IntermediateProofReplayer Proof replay took 20.16ms 
359307     DEBUG main            d.u.i.k.p.r.p.TestFile    ... success: reloaded. 
359307     INFO  main            d.u.i.k.p.r.p.TestFile    Now processing file /home/runner/work/key/key/key.core/../key.ui/examples/standard_key/polySimp/simplify10.key 
359307     INFO  main            d.u.i.k.p.i.AbstractProblemLoader Loading environment from /home/runner/work/key/key/key.core/../key.ui/examples/standard_key/polySimp/simplify10.key 
359307     DEBUG main            d.u.i.k.p.i.AbstractProblemLoader Environment load took 102.51ns 
359309     INFO  main            d.u.i.k.p.i.AbstractProblemLoader Creating init config 
361523     DEBUG main            d.u.i.k.p.i.AbstractProblemLoader Init config took 2.21s 
361539     INFO  main            d.u.i.k.p.i.AbstractProblemLoader Replaying proof simplify10.key 
361540     DEBUG main            d.u.i.k.p.i.IntermediateProofReplayer Proof replay took 3.6ns 
361743     INFO  main            d.u.i.k.p.r.p.TestFile    ... finished proof: closed. 
362200     INFO  main            d.u.i.k.p.i.AbstractProblemLoader Loading environment from /home/runner/work/key/key/key.core/../key.ui/examples/standard_key/polySimp/simplify10.key.proof 
362200     DEBUG main            d.u.i.k.p.i.AbstractProblemLoader Environment load took 80.71ns 
362201     INFO  main            d.u.i.k.p.i.AbstractProblemLoader Creating init config 
364370     DEBUG main            d.u.i.k.p.i.AbstractProblemLoader Init config took 2.17s 
364385     INFO  main            d.u.i.k.p.i.AbstractProblemLoader Replaying proof simplify10.key.proof 
364414     DEBUG main            d.u.i.k.p.i.IntermediateProofReplayer Proof replay took 26.6ms 
364415     DEBUG main            d.u.i.k.p.r.p.TestFile    ... success: reloaded. 
364416     INFO  main            d.u.i.k.p.r.p.TestFile    Now processing file /home/runner/work/key/key/key.core/../key.ui/examples/standard_key/polySimp/simplify11.key 
364416     INFO  main            d.u.i.k.p.i.AbstractProblemLoader Loading environment from /home/runner/work/key/key/key.core/../key.ui/examples/standard_key/polySimp/simplify11.key 
364416     DEBUG main            d.u.i.k.p.i.AbstractProblemLoader Environment load took 69.41ns 
364417     INFO  main            d.u.i.k.p.i.AbstractProblemLoader Creating init config 
366646     DEBUG main            d.u.i.k.p.i.AbstractProblemLoader Init config took 2.23s 
366660     INFO  main            d.u.i.k.p.i.AbstractProblemLoader Replaying proof simplify11.key 
366661     DEBUG main            d.u.i.k.p.i.IntermediateProofReplayer Proof replay took 3.1ns 
366864     INFO  main            d.u.i.k.p.r.p.TestFile    ... finished proof: closed. 
367315     INFO  main            d.u.i.k.p.i.AbstractProblemLoader Loading environment from /home/runner/work/key/key/key.core/../key.ui/examples/standard_key/polySimp/simplify11.key.proof 
367315     DEBUG main            d.u.i.k.p.i.AbstractProblemLoader Environment load took 93.21ns 
367316     INFO  main            d.u.i.k.p.i.AbstractProblemLoader Creating init config 
369475     DEBUG main            d.u.i.k.p.i.AbstractProblemLoader Init config took 2.16s 
369489     INFO  main            d.u.i.k.p.i.AbstractProblemLoader Replaying proof simplify11.key.proof 
369509     DEBUG main            d.u.i.k.p.i.IntermediateProofReplayer Proof replay took 17.71ms 
369510     DEBUG main            d.u.i.k.p.r.p.TestFile    ... success: reloaded. 
369511     INFO  main            d.u.i.k.p.r.p.TestFile    Now processing file /home/runner/work/key/key/key.core/../key.ui/examples/standard_key/polySimp/simplify12.key 
369511     INFO  main            d.u.i.k.p.i.AbstractProblemLoader Loading environment from /home/runner/work/key/key/key.core/../key.ui/examples/standard_key/polySimp/simplify12.key 
369511     DEBUG main            d.u.i.k.p.i.AbstractProblemLoader Environment load took 107.21ns 
369512     INFO  main            d.u.i.k.p.i.AbstractProblemLoader Creating init config 
371706     DEBUG main            d.u.i.k.p.i.AbstractProblemLoader Init config took 2.19s 
371720     INFO  main            d.u.i.k.p.i.AbstractProblemLoader Replaying proof simplify12.key 
371721     DEBUG main            d.u.i.k.p.i.IntermediateProofReplayer Proof replay took 3.4ns 
371823     INFO  main            d.u.i.k.p.r.p.TestFile    ... finished proof: closed. 
372255     INFO  main            d.u.i.k.p.i.AbstractProblemLoader Loading environment from /home/runner/work/key/key/key.core/../key.ui/examples/standard_key/polySimp/simplify12.key.proof 
372256     DEBUG main            d.u.i.k.p.i.AbstractProblemLoader Environment load took 99.51ns 
372257     INFO  main            d.u.i.k.p.i.AbstractProblemLoader Creating init config 
374457     DEBUG main            d.u.i.k.p.i.AbstractProblemLoader Init config took 2.2s 
374472     INFO  main            d.u.i.k.p.i.AbstractProblemLoader Replaying proof simplify12.key.proof 
374483     DEBUG main            d.u.i.k.p.i.IntermediateProofReplayer Proof replay took 9.4ms 
374484     DEBUG main            d.u.i.k.p.r.p.TestFile    ... success: reloaded. 
374485     INFO  main            d.u.i.k.p.r.p.TestFile    Now processing file /home/runner/work/key/key/key.core/../key.ui/examples/standard_key/polySimp/simplify13.key 
374485     INFO  main            d.u.i.k.p.i.AbstractProblemLoader Loading environment from /home/runner/work/key/key/key.core/../key.ui/examples/standard_key/polySimp/simplify13.key 
374485     DEBUG main            d.u.i.k.p.i.AbstractProblemLoader Environment load took 50.8ns 
374486     INFO  main            d.u.i.k.p.i.AbstractProblemLoader Creating init config 
376721     DEBUG main            d.u.i.k.p.i.AbstractProblemLoader Init config took 2.23s 
376734     INFO  main            d.u.i.k.p.i.AbstractProblemLoader Replaying proof simplify13.key 
376735     DEBUG main            d.u.i.k.p.i.IntermediateProofReplayer Proof replay took 3ns 
376837     INFO  main            d.u.i.k.p.r.p.TestFile    ... finished proof: closed. 
377294     INFO  main            d.u.i.k.p.i.AbstractProblemLoader Loading environment from /home/runner/work/key/key/key.core/../key.ui/examples/standard_key/polySimp/simplify13.key.proof 
377295     DEBUG main            d.u.i.k.p.i.AbstractProblemLoader Environment load took 79.81ns 
377296     INFO  main            d.u.i.k.p.i.AbstractProblemLoader Creating init config 
379467     DEBUG main            d.u.i.k.p.i.AbstractProblemLoader Init config took 2.17s 
379481     INFO  main            d.u.i.k.p.i.AbstractProblemLoader Replaying proof simplify13.key.proof 
379487     DEBUG main            d.u.i.k.p.i.IntermediateProofReplayer Proof replay took 4.91ms 
379488     DEBUG main            d.u.i.k.p.r.p.TestFile    ... success: reloaded. 
379488     INFO  main            d.u.i.k.p.r.p.TestFile    Now processing file /home/runner/work/key/key/key.core/../key.ui/examples/standard_key/polySimp/simplify14.key 
379488     INFO  main            d.u.i.k.p.i.AbstractProblemLoader Loading environment from /home/runner/work/key/key/key.core/../key.ui/examples/standard_key/polySimp/simplify14.key 
379488     DEBUG main            d.u.i.k.p.i.AbstractProblemLoader Environment load took 81.41ns 
379489     INFO  main            d.u.i.k.p.i.AbstractProblemLoader Creating init config 
381803     DEBUG main            d.u.i.k.p.i.AbstractProblemLoader Init config took 2.31s 
381835     INFO  main            d.u.i.k.p.i.AbstractProblemLoader Replaying proof simplify14.key 
381836     DEBUG main            d.u.i.k.p.i.IntermediateProofReplayer Proof replay took 3.8ns 
381938     INFO  main            d.u.i.k.p.r.p.TestFile    ... finished proof: closed. 
382423     INFO  main            d.u.i.k.p.i.AbstractProblemLoader Loading environment from /home/runner/work/key/key/key.core/../key.ui/examples/standard_key/polySimp/simplify14.key.proof 
382423     DEBUG main            d.u.i.k.p.i.AbstractProblemLoader Environment load took 91.71ns 
382424     INFO  main            d.u.i.k.p.i.AbstractProblemLoader Creating init config 
384837     DEBUG main            d.u.i.k.p.i.AbstractProblemLoader Init config took 2.41s 
384852     INFO  main            d.u.i.k.p.i.AbstractProblemLoader Replaying proof simplify14.key.proof 
384855     DEBUG main            d.u.i.k.p.i.IntermediateProofReplayer Proof replay took 1.31ms 
384855     DEBUG main            d.u.i.k.p.r.p.TestFile    ... success: reloaded. 
384856     INFO  main            d.u.i.k.p.r.p.TestFile    Now processing file /home/runner/work/key/key/key.core/../key.ui/examples/standard_key/polySimp/simplify15.key 
384856     INFO  main            d.u.i.k.p.i.AbstractProblemLoader Loading environment from /home/runner/work/key/key/key.core/../key.ui/examples/standard_key/polySimp/simplify15.key 
384856     DEBUG main            d.u.i.k.p.i.AbstractProblemLoader Environment load took 50.6ns 
384857     INFO  main            d.u.i.k.p.i.AbstractProblemLoader Creating init config 
387322     DEBUG main            d.u.i.k.p.i.AbstractProblemLoader Init config took 2.46s 
387336     INFO  main            d.u.i.k.p.i.AbstractProblemLoader Replaying proof simplify15.key 
387337     DEBUG main            d.u.i.k.p.i.IntermediateProofReplayer Proof replay took 3.7ns 
387438     INFO  main            d.u.i.k.p.r.p.TestFile    ... finished proof: closed. 
387917     INFO  main            d.u.i.k.p.i.AbstractProblemLoader Loading environment from /home/runner/work/key/key/key.core/../key.ui/examples/standard_key/polySimp/simplify15.key.proof 
387917     DEBUG main            d.u.i.k.p.i.AbstractProblemLoader Environment load took 85.81ns 
387918     INFO  main            d.u.i.k.p.i.AbstractProblemLoader Creating init config 
390195     DEBUG main            d.u.i.k.p.i.AbstractProblemLoader Init config took 2.28s 
390209     INFO  main            d.u.i.k.p.i.AbstractProblemLoader Replaying proof simplify15.key.proof 
390211     DEBUG main            d.u.i.k.p.i.IntermediateProofReplayer Proof replay took 610.73ns 
390212     DEBUG main            d.u.i.k.p.r.p.TestFile    ... success: reloaded. 
390212     INFO  main            d.u.i.k.p.r.p.TestFile    Now processing file /home/runner/work/key/key/key.core/../key.ui/examples/standard_key/polySimp/simplify16.key 
390213     INFO  main            d.u.i.k.p.i.AbstractProblemLoader Loading environment from /home/runner/work/key/key/key.core/../key.ui/examples/standard_key/polySimp/simplify16.key 
390213     DEBUG main            d.u.i.k.p.i.AbstractProblemLoader Environment load took 74.6ns 
390214     INFO  main            d.u.i.k.p.i.AbstractProblemLoader Creating init config 
392513     DEBUG main            d.u.i.k.p.i.AbstractProblemLoader Init config took 2.3s 
392528     INFO  main            d.u.i.k.p.i.AbstractProblemLoader Replaying proof simplify16.key 
392529     DEBUG main            d.u.i.k.p.i.IntermediateProofReplayer Proof replay took 3.2ns 
392630     INFO  main            d.u.i.k.p.r.p.TestFile    ... finished proof: closed. 
393116     INFO  main            d.u.i.k.p.i.AbstractProblemLoader Loading environment from /home/runner/work/key/key/key.core/../key.ui/examples/standard_key/polySimp/simplify16.key.proof 
393116     DEBUG main            d.u.i.k.p.i.AbstractProblemLoader Environment load took 85.41ns 
393117     INFO  main            d.u.i.k.p.i.AbstractProblemLoader Creating init config 
395368     DEBUG main            d.u.i.k.p.i.AbstractProblemLoader Init config took 2.25s 
395382     INFO  main            d.u.i.k.p.i.AbstractProblemLoader Replaying proof simplify16.key.proof 
395383     DEBUG main            d.u.i.k.p.i.IntermediateProofReplayer Proof replay took 423.33ns 
395384     DEBUG main            d.u.i.k.p.r.p.TestFile    ... success: reloaded. 
395384     INFO  main            d.u.i.k.p.r.p.TestFile    Now processing file /home/runner/work/key/key/key.core/../key.ui/examples/standard_key/polySimp/simplify17.key 
395384     INFO  main            d.u.i.k.p.i.AbstractProblemLoader Loading environment from /home/runner/work/key/key/key.core/../key.ui/examples/standard_key/polySimp/simplify17.key 
395384     DEBUG main            d.u.i.k.p.i.AbstractProblemLoader Environment load took 43.9ns 
395385     INFO  main            d.u.i.k.p.i.AbstractProblemLoader Creating init config 
397572     DEBUG main            d.u.i.k.p.i.AbstractProblemLoader Init config took 2.19s 
397585     INFO  main            d.u.i.k.p.i.AbstractProblemLoader Replaying proof simplify17.key 
397586     DEBUG main            d.u.i.k.p.i.IntermediateProofReplayer Proof replay took 3ns 
397688     INFO  main            d.u.i.k.p.r.p.TestFile    ... finished proof: closed. 
398170     INFO  main            d.u.i.k.p.i.AbstractProblemLoader Loading environment from /home/runner/work/key/key/key.core/../key.ui/examples/standard_key/polySimp/simplify17.key.proof 
398170     DEBUG main            d.u.i.k.p.i.AbstractProblemLoader Environment load took 86.41ns 
398171     INFO  main            d.u.i.k.p.i.AbstractProblemLoader Creating init config 
400428     DEBUG main            d.u.i.k.p.i.AbstractProblemLoader Init config took 2.26s 
400442     INFO  main            d.u.i.k.p.i.AbstractProblemLoader Replaying proof simplify17.key.proof 
400449     DEBUG main            d.u.i.k.p.i.IntermediateProofReplayer Proof replay took 5.34ms 
400449     DEBUG main            d.u.i.k.p.r.p.TestFile    ... success: reloaded. 
400450     INFO  main            d.u.i.k.p.r.p.TestFile    Now processing file /home/runner/work/key/key/key.core/../key.ui/examples/standard_key/polySimp/simplify18.key 
400450     INFO  main            d.u.i.k.p.i.AbstractProblemLoader Loading environment from /home/runner/work/key/key/key.core/../key.ui/examples/standard_key/polySimp/simplify18.key 
400450     DEBUG main            d.u.i.k.p.i.AbstractProblemLoader Environment load took 54.5ns 
400451     INFO  main            d.u.i.k.p.i.AbstractProblemLoader Creating init config 
402619     DEBUG main            d.u.i.k.p.i.AbstractProblemLoader Init config took 2.17s 
402633     INFO  main            d.u.i.k.p.i.AbstractProblemLoader Replaying proof simplify18.key 
402634     DEBUG main            d.u.i.k.p.i.IntermediateProofReplayer Proof replay took 2.6ns 
402837     INFO  main            d.u.i.k.p.r.p.TestFile    ... finished proof: closed. 
403315     INFO  main            d.u.i.k.p.i.AbstractProblemLoader Loading environment from /home/runner/work/key/key/key.core/../key.ui/examples/standard_key/polySimp/simplify18.key.proof 
403315     DEBUG main            d.u.i.k.p.i.AbstractProblemLoader Environment load took 97.91ns 
403317     INFO  main            d.u.i.k.p.i.AbstractProblemLoader Creating init config 
405446     DEBUG main            d.u.i.k.p.i.AbstractProblemLoader Init config took 2.13s 
405461     INFO  main            d.u.i.k.p.i.AbstractProblemLoader Replaying proof simplify18.key.proof 
405477     DEBUG main            d.u.i.k.p.i.IntermediateProofReplayer Proof replay took 13.74ms 
405478     DEBUG main            d.u.i.k.p.r.p.TestFile    ... success: reloaded. 
405478     INFO  main            d.u.i.k.p.r.p.TestFile    Now processing file /home/runner/work/key/key/key.core/../key.ui/examples/standard_key/polySimp/simplify19.key 
405478     INFO  main            d.u.i.k.p.i.AbstractProblemLoader Loading environment from /home/runner/work/key/key/key.core/../key.ui/examples/standard_key/polySimp/simplify19.key 
405478     DEBUG main            d.u.i.k.p.i.AbstractProblemLoader Environment load took 74.11ns 
405479     INFO  main            d.u.i.k.p.i.AbstractProblemLoader Creating init config 
407651     DEBUG main            d.u.i.k.p.i.AbstractProblemLoader Init config took 2.17s 
407665     INFO  main            d.u.i.k.p.i.AbstractProblemLoader Replaying proof simplify19.key 
407666     DEBUG main            d.u.i.k.p.i.IntermediateProofReplayer Proof replay took 3.3ns 
410478     INFO  main            d.u.i.k.p.r.p.TestFile    ... finished proof: closed. 
411018     INFO  main            d.u.i.k.p.i.AbstractProblemLoader Loading environment from /home/runner/work/key/key/key.core/../key.ui/examples/standard_key/polySimp/simplify19.key.proof 
411018     DEBUG main            d.u.i.k.p.i.AbstractProblemLoader Environment load took 95.81ns 
411019     INFO  main            d.u.i.k.p.i.AbstractProblemLoader Creating init config 
413259     DEBUG main            d.u.i.k.p.i.AbstractProblemLoader Init config took 2.24s 
413273     INFO  main            d.u.i.k.p.i.AbstractProblemLoader Replaying proof simplify19.key.proof 
413501     DEBUG main            d.u.i.k.p.i.IntermediateProofReplayer Proof replay took 216.39ms 
413502     DEBUG main            d.u.i.k.p.r.p.TestFile    ... success: reloaded. 
413503     INFO  main            d.u.i.k.p.r.p.TestFile    Now processing file /home/runner/work/key/key/key.core/../key.ui/examples/standard_key/polySimp/simplify2.key 
413503     INFO  main            d.u.i.k.p.i.AbstractProblemLoader Loading environment from /home/runner/work/key/key/key.core/../key.ui/examples/standard_key/polySimp/simplify2.key 
413503     DEBUG main            d.u.i.k.p.i.AbstractProblemLoader Environment load took 85.21ns 
413504     INFO  main            d.u.i.k.p.i.AbstractProblemLoader Creating init config 
415641     DEBUG main            d.u.i.k.p.i.AbstractProblemLoader Init config took 2.14s 
415654     INFO  main            d.u.i.k.p.i.AbstractProblemLoader Replaying proof simplify2.key 
415655     DEBUG main            d.u.i.k.p.i.IntermediateProofReplayer Proof replay took 3.1ns 
415756     INFO  main            d.u.i.k.p.r.p.TestFile    ... finished proof: closed. 
416282     INFO  main            d.u.i.k.p.i.AbstractProblemLoader Loading environment from /home/runner/work/key/key/key.core/../key.ui/examples/standard_key/polySimp/simplify2.key.proof 
416282     DEBUG main            d.u.i.k.p.i.AbstractProblemLoader Environment load took 82.61ns 
416283     INFO  main            d.u.i.k.p.i.AbstractProblemLoader Creating init config 
418376     DEBUG main            d.u.i.k.p.i.AbstractProblemLoader Init config took 2.09s 
418389     INFO  main            d.u.i.k.p.i.AbstractProblemLoader Replaying proof simplify2.key.proof 
418391     DEBUG main            d.u.i.k.p.i.IntermediateProofReplayer Proof replay took 660.15ns 
418391     DEBUG main            d.u.i.k.p.r.p.TestFile    ... success: reloaded. 
418392     INFO  main            d.u.i.k.p.r.p.TestFile    Now processing file /home/runner/work/key/key/key.core/../key.ui/examples/standard_key/polySimp/simplify20.key 
418392     INFO  main            d.u.i.k.p.i.AbstractProblemLoader Loading environment from /home/runner/work/key/key/key.core/../key.ui/examples/standard_key/polySimp/simplify20.key 
418392     DEBUG main            d.u.i.k.p.i.AbstractProblemLoader Environment load took 49.2ns 
418393     INFO  main            d.u.i.k.p.i.AbstractProblemLoader Creating init config 
420514     DEBUG main            d.u.i.k.p.i.AbstractProblemLoader Init config took 2.12s 
420527     INFO  main            d.u.i.k.p.i.AbstractProblemLoader Replaying proof simplify20.key 
420528     DEBUG main            d.u.i.k.p.i.IntermediateProofReplayer Proof replay took 3.3ns 
421133     INFO  main            d.u.i.k.p.r.p.TestFile    ... finished proof: closed. 
421669     INFO  main            d.u.i.k.p.i.AbstractProblemLoader Loading environment from /home/runner/work/key/key/key.core/../key.ui/examples/standard_key/polySimp/simplify20.key.proof 
421670     DEBUG main            d.u.i.k.p.i.AbstractProblemLoader Environment load took 360.52ns 
421671     INFO  main            d.u.i.k.p.i.AbstractProblemLoader Creating init config 
423899     DEBUG main            d.u.i.k.p.i.AbstractProblemLoader Init config took 2.23s 
423921     INFO  main            d.u.i.k.p.i.AbstractProblemLoader Replaying proof simplify20.key.proof 
423986     DEBUG main            d.u.i.k.p.i.IntermediateProofReplayer Proof replay took 54.26ms 
423988     DEBUG main            d.u.i.k.p.r.p.TestFile    ... success: reloaded. 
423988     INFO  main            d.u.i.k.p.r.p.TestFile    Now processing file /home/runner/work/key/key/key.core/../key.ui/examples/standard_key/polySimp/simplify21.key 
423989     INFO  main            d.u.i.k.p.i.AbstractProblemLoader Loading environment from /home/runner/work/key/key/key.core/../key.ui/examples/standard_key/polySimp/simplify21.key 
423989     DEBUG main            d.u.i.k.p.i.AbstractProblemLoader Environment load took 129.01ns 
423991     INFO  main            d.u.i.k.p.i.AbstractProblemLoader Creating init config 
426214     DEBUG main            d.u.i.k.p.i.AbstractProblemLoader Init config took 2.22s 
426228     INFO  main            d.u.i.k.p.i.AbstractProblemLoader Replaying proof simplify21.key 
426230     DEBUG main            d.u.i.k.p.i.IntermediateProofReplayer Proof replay took 3.4ns 
426735     INFO  main            d.u.i.k.p.r.p.TestFile    ... finished proof: closed. 
427298     INFO  main            d.u.i.k.p.i.AbstractProblemLoader Loading environment from /home/runner/work/key/key/key.core/../key.ui/examples/standard_key/polySimp/simplify21.key.proof 
427298     DEBUG main            d.u.i.k.p.i.AbstractProblemLoader Environment load took 93.41ns 
427301     INFO  main            d.u.i.k.p.i.AbstractProblemLoader Creating init config 
429449     DEBUG main            d.u.i.k.p.i.AbstractProblemLoader Init config took 2.15s 
429464     INFO  main            d.u.i.k.p.i.AbstractProblemLoader Replaying proof simplify21.key.proof 
429513     DEBUG main            d.u.i.k.p.i.IntermediateProofReplayer Proof replay took 45.14ms 
429515     DEBUG main            d.u.i.k.p.r.p.TestFile    ... success: reloaded. 
429516     INFO  main            d.u.i.k.p.r.p.TestFile    Now processing file /home/runner/work/key/key/key.core/../key.ui/examples/standard_key/polySimp/simplify22.key 
429516     INFO  main            d.u.i.k.p.i.AbstractProblemLoader Loading environment from /home/runner/work/key/key/key.core/../key.ui/examples/standard_key/polySimp/simplify22.key 
429516     DEBUG main            d.u.i.k.p.i.AbstractProblemLoader Environment load took 79.91ns 
429517     INFO  main            d.u.i.k.p.i.AbstractProblemLoader Creating init config 
431730     DEBUG main            d.u.i.k.p.i.AbstractProblemLoader Init config took 2.21s 
431744     INFO  main            d.u.i.k.p.i.AbstractProblemLoader Replaying proof simplify22.key 
431745     DEBUG main            d.u.i.k.p.i.IntermediateProofReplayer Proof replay took 2.9ns 
431849     INFO  main            d.u.i.k.p.r.p.TestFile    ... finished proof: closed. 
432394     INFO  main            d.u.i.k.p.i.AbstractProblemLoader Loading environment from /home/runner/work/key/key/key.core/../key.ui/examples/standard_key/polySimp/simplify22.key.proof 
432394     DEBUG main            d.u.i.k.p.i.AbstractProblemLoader Environment load took 85.41ns 
432395     INFO  main            d.u.i.k.p.i.AbstractProblemLoader Creating init config 
434629     DEBUG main            d.u.i.k.p.i.AbstractProblemLoader Init config took 2.23s 
434644     INFO  main            d.u.i.k.p.i.AbstractProblemLoader Replaying proof simplify22.key.proof 
434648     DEBUG main            d.u.i.k.p.i.IntermediateProofReplayer Proof replay took 2.44ms 
434648     DEBUG main            d.u.i.k.p.r.p.TestFile    ... success: reloaded. 
434649     INFO  main            d.u.i.k.p.r.p.TestFile    Now processing file /home/runner/work/key/key/key.core/../key.ui/examples/standard_key/polySimp/simplify23.key 
434649     INFO  main            d.u.i.k.p.i.AbstractProblemLoader Loading environment from /home/runner/work/key/key/key.core/../key.ui/examples/standard_key/polySimp/simplify23.key 
434649     DEBUG main            d.u.i.k.p.i.AbstractProblemLoader Environment load took 48.4ns 
434650     INFO  main            d.u.i.k.p.i.AbstractProblemLoader Creating init config 
436902     DEBUG main            d.u.i.k.p.i.AbstractProblemLoader Init config took 2.25s 
436915     INFO  main            d.u.i.k.p.i.AbstractProblemLoader Replaying proof simplify23.key 
436916     DEBUG main            d.u.i.k.p.i.IntermediateProofReplayer Proof replay took 3.2ns 
437019     INFO  main            d.u.i.k.p.r.p.TestFile    ... finished proof: closed. 
437537     INFO  main            d.u.i.k.p.i.AbstractProblemLoader Loading environment from /home/runner/work/key/key/key.core/../key.ui/examples/standard_key/polySimp/simplify23.key.proof 
437537     DEBUG main            d.u.i.k.p.i.AbstractProblemLoader Environment load took 88.01ns 
437538     INFO  main            d.u.i.k.p.i.AbstractProblemLoader Creating init config 
439703     DEBUG main            d.u.i.k.p.i.AbstractProblemLoader Init config took 2.17s 
439718     INFO  main            d.u.i.k.p.i.AbstractProblemLoader Replaying proof simplify23.key.proof 
439730     DEBUG main            d.u.i.k.p.i.IntermediateProofReplayer Proof replay took 10.81ms 
439731     DEBUG main            d.u.i.k.p.r.p.TestFile    ... success: reloaded. 
439731     INFO  main            d.u.i.k.p.r.p.TestFile    Now processing file /home/runner/work/key/key/key.core/../key.ui/examples/standard_key/polySimp/simplify24.key 
439732     INFO  main            d.u.i.k.p.i.AbstractProblemLoader Loading environment from /home/runner/work/key/key/key.core/../key.ui/examples/standard_key/polySimp/simplify24.key 
439732     DEBUG main            d.u.i.k.p.i.AbstractProblemLoader Environment load took 44.9ns 
439732     INFO  main            d.u.i.k.p.i.AbstractProblemLoader Creating init config 
441853     DEBUG main            d.u.i.k.p.i.AbstractProblemLoader Init config took 2.12s 
441869     INFO  main            d.u.i.k.p.i.AbstractProblemLoader Replaying proof simplify24.key 
441870     DEBUG main            d.u.i.k.p.i.IntermediateProofReplayer Proof replay took 3ns 
441972     INFO  main            d.u.i.k.p.r.p.TestFile    ... finished proof: closed. 
442488     INFO  main            d.u.i.k.p.i.AbstractProblemLoader Loading environment from /home/runner/work/key/key/key.core/../key.ui/examples/standard_key/polySimp/simplify24.key.proof 
442488     DEBUG main            d.u.i.k.p.i.AbstractProblemLoader Environment load took 76.91ns 
442489     INFO  main            d.u.i.k.p.i.AbstractProblemLoader Creating init config 
444582     DEBUG main            d.u.i.k.p.i.AbstractProblemLoader Init config took 2.09s 
444596     INFO  main            d.u.i.k.p.i.AbstractProblemLoader Replaying proof simplify24.key.proof 
444600     DEBUG main            d.u.i.k.p.i.IntermediateProofReplayer Proof replay took 2.09ms 
444601     DEBUG main            d.u.i.k.p.r.p.TestFile    ... success: reloaded. 
444601     INFO  main            d.u.i.k.p.r.p.TestFile    Now processing file /home/runner/work/key/key/key.core/../key.ui/examples/standard_key/polySimp/simplify25.key 
444601     INFO  main            d.u.i.k.p.i.AbstractProblemLoader Loading environment from /home/runner/work/key/key/key.core/../key.ui/examples/standard_key/polySimp/simplify25.key 
444601     DEBUG main            d.u.i.k.p.i.AbstractProblemLoader Environment load took 62.8ns 
444602     INFO  main            d.u.i.k.p.i.AbstractProblemLoader Creating init config 
446734     DEBUG main            d.u.i.k.p.i.AbstractProblemLoader Init config took 2.13s 
446747     INFO  main            d.u.i.k.p.i.AbstractProblemLoader Replaying proof simplify25.key 
446748     DEBUG main            d.u.i.k.p.i.IntermediateProofReplayer Proof replay took 3.2ns 
446849     INFO  main            d.u.i.k.p.r.p.TestFile    ... finished proof: closed. 
447349     INFO  main            d.u.i.k.p.i.AbstractProblemLoader Loading environment from /home/runner/work/key/key/key.core/../key.ui/examples/standard_key/polySimp/simplify25.key.proof 
447349     DEBUG main            d.u.i.k.p.i.AbstractProblemLoader Environment load took 78.91ns 
447350     INFO  main            d.u.i.k.p.i.AbstractProblemLoader Creating init config 
449438     DEBUG main            d.u.i.k.p.i.AbstractProblemLoader Init config took 2.09s 
449451     INFO  main            d.u.i.k.p.i.AbstractProblemLoader Replaying proof simplify25.key.proof 
449455     DEBUG main            d.u.i.k.p.i.IntermediateProofReplayer Proof replay took 2.44ms 
449456     DEBUG main            d.u.i.k.p.r.p.TestFile    ... success: reloaded. 
449456     INFO  main            d.u.i.k.p.r.p.TestFile    Now processing file /home/runner/work/key/key/key.core/../key.ui/examples/standard_key/polySimp/simplify3.key 
449456     INFO  main            d.u.i.k.p.i.AbstractProblemLoader Loading environment from /home/runner/work/key/key/key.core/../key.ui/examples/standard_key/polySimp/simplify3.key 
449456     DEBUG main            d.u.i.k.p.i.AbstractProblemLoader Environment load took 94.51ns 
449457     INFO  main            d.u.i.k.p.i.AbstractProblemLoader Creating init config 
451562     DEBUG main            d.u.i.k.p.i.AbstractProblemLoader Init config took 2.1s 
451575     INFO  main            d.u.i.k.p.i.AbstractProblemLoader Replaying proof simplify3.key 
451576     DEBUG main            d.u.i.k.p.i.IntermediateProofReplayer Proof replay took 2.6ns 
451678     INFO  main            d.u.i.k.p.r.p.TestFile    ... finished proof: closed. 
452175     INFO  main            d.u.i.k.p.i.AbstractProblemLoader Loading environment from /home/runner/work/key/key/key.core/../key.ui/examples/standard_key/polySimp/simplify3.key.proof 
452175     DEBUG main            d.u.i.k.p.i.AbstractProblemLoader Environment load took 77.91ns 
452175     INFO  main            d.u.i.k.p.i.AbstractProblemLoader Creating init config 
454261     DEBUG main            d.u.i.k.p.i.AbstractProblemLoader Init config took 2.09s 
454275     INFO  main            d.u.i.k.p.i.AbstractProblemLoader Replaying proof simplify3.key.proof 
454278     DEBUG main            d.u.i.k.p.i.IntermediateProofReplayer Proof replay took 917.06ns 
454278     DEBUG main            d.u.i.k.p.r.p.TestFile    ... success: reloaded. 
454279     INFO  main            d.u.i.k.p.r.p.TestFile    Now processing file /home/runner/work/key/key/key.core/../key.ui/examples/standard_key/polySimp/simplify4.key 
454279     INFO  main            d.u.i.k.p.i.AbstractProblemLoader Loading environment from /home/runner/work/key/key/key.core/../key.ui/examples/standard_key/polySimp/simplify4.key 
454279     DEBUG main            d.u.i.k.p.i.AbstractProblemLoader Environment load took 42.2ns 
454280     INFO  main            d.u.i.k.p.i.AbstractProblemLoader Creating init config 
456430     DEBUG main            d.u.i.k.p.i.AbstractProblemLoader Init config took 2.15s 
456445     INFO  main            d.u.i.k.p.i.AbstractProblemLoader Replaying proof simplify4.key 
456446     DEBUG main            d.u.i.k.p.i.IntermediateProofReplayer Proof replay took 3.6ns 
456548     INFO  main            d.u.i.k.p.r.p.TestFile    ... finished proof: closed. 
457078     INFO  main            d.u.i.k.p.i.AbstractProblemLoader Loading environment from /home/runner/work/key/key/key.core/../key.ui/examples/standard_key/polySimp/simplify4.key.proof 
457079     DEBUG main            d.u.i.k.p.i.AbstractProblemLoader Environment load took 86.01ns 
457079     INFO  main            d.u.i.k.p.i.AbstractProblemLoader Creating init config 
459263     DEBUG main            d.u.i.k.p.i.AbstractProblemLoader Init config took 2.18s 
459277     INFO  main            d.u.i.k.p.i.AbstractProblemLoader Replaying proof simplify4.key.proof 
459279     DEBUG main            d.u.i.k.p.i.IntermediateProofReplayer Proof replay took 1ms 
459280     DEBUG main            d.u.i.k.p.r.p.TestFile    ... success: reloaded. 
459280     INFO  main            d.u.i.k.p.r.p.TestFile    Now processing file /home/runner/work/key/key/key.core/../key.ui/examples/standard_key/polySimp/simplify5.key 
459280     INFO  main            d.u.i.k.p.i.AbstractProblemLoader Loading environment from /home/runner/work/key/key/key.core/../key.ui/examples/standard_key/polySimp/simplify5.key 
459281     DEBUG main            d.u.i.k.p.i.AbstractProblemLoader Environment load took 62.5ns 
459281     INFO  main            d.u.i.k.p.i.AbstractProblemLoader Creating init config 
461464     DEBUG main            d.u.i.k.p.i.AbstractProblemLoader Init config took 2.18s 
461478     INFO  main            d.u.i.k.p.i.AbstractProblemLoader Replaying proof simplify5.key 
461479     DEBUG main            d.u.i.k.p.i.IntermediateProofReplayer Proof replay took 3.4ns 
461581     INFO  main            d.u.i.k.p.r.p.TestFile    ... finished proof: closed. 
462110     INFO  main            d.u.i.k.p.i.AbstractProblemLoader Loading environment from /home/runner/work/key/key/key.core/../key.ui/examples/standard_key/polySimp/simplify5.key.proof 
462110     DEBUG main            d.u.i.k.p.i.AbstractProblemLoader Environment load took 79.41ns 
462111     INFO  main            d.u.i.k.p.i.AbstractProblemLoader Creating init config 
464313     DEBUG main            d.u.i.k.p.i.AbstractProblemLoader Init config took 2.2s 
464325     INFO  main            d.u.i.k.p.i.AbstractProblemLoader Replaying proof simplify5.key.proof 
464332     DEBUG main            d.u.i.k.p.i.IntermediateProofReplayer Proof replay took 5ms 
464332     DEBUG main            d.u.i.k.p.r.p.TestFile    ... success: reloaded. 
464333     INFO  main            d.u.i.k.p.r.p.TestFile    Now processing file /home/runner/work/key/key/key.core/../key.ui/examples/standard_key/polySimp/simplify6.key 
464333     INFO  main            d.u.i.k.p.i.AbstractProblemLoader Loading environment from /home/runner/work/key/key/key.core/../key.ui/examples/standard_key/polySimp/simplify6.key 
464333     DEBUG main            d.u.i.k.p.i.AbstractProblemLoader Environment load took 45.6ns 
464334     INFO  main            d.u.i.k.p.i.AbstractProblemLoader Creating init config 
466524     DEBUG main            d.u.i.k.p.i.AbstractProblemLoader Init config took 2.19s 
466538     INFO  main            d.u.i.k.p.i.AbstractProblemLoader Replaying proof simplify6.key 
466539     DEBUG main            d.u.i.k.p.i.IntermediateProofReplayer Proof replay took 3ns 
466641     INFO  main            d.u.i.k.p.r.p.TestFile    ... finished proof: closed. 
467199     INFO  main            d.u.i.k.p.i.AbstractProblemLoader Loading environment from /home/runner/work/key/key/key.core/../key.ui/examples/standard_key/polySimp/simplify6.key.proof 
467199     DEBUG main            d.u.i.k.p.i.AbstractProblemLoader Environment load took 75.81ns 
467200     INFO  main            d.u.i.k.p.i.AbstractProblemLoader Creating init config 
469476     DEBUG main            d.u.i.k.p.i.AbstractProblemLoader Init config took 2.28s 
469490     INFO  main            d.u.i.k.p.i.AbstractProblemLoader Replaying proof simplify6.key.proof 
469491     DEBUG main            d.u.i.k.p.i.IntermediateProofReplayer Proof replay took 309.02ns 
469492     DEBUG main            d.u.i.k.p.r.p.TestFile    ... success: reloaded. 
469492     INFO  main            d.u.i.k.p.r.p.TestFile    Now processing file /home/runner/work/key/key/key.core/../key.ui/examples/standard_key/polySimp/simplify7.key 
469493     INFO  main            d.u.i.k.p.i.AbstractProblemLoader Loading environment from /home/runner/work/key/key/key.core/../key.ui/examples/standard_key/polySimp/simplify7.key 
469493     DEBUG main            d.u.i.k.p.i.AbstractProblemLoader Environment load took 97.01ns 
469493     INFO  main            d.u.i.k.p.i.AbstractProblemLoader Creating init config 
471705     DEBUG main            d.u.i.k.p.i.AbstractProblemLoader Init config took 2.21s 
471718     INFO  main            d.u.i.k.p.i.AbstractProblemLoader Replaying proof simplify7.key 
471719     DEBUG main            d.u.i.k.p.i.IntermediateProofReplayer Proof replay took 3.1ns 
471822     INFO  main            d.u.i.k.p.r.p.TestFile    ... finished proof: closed. 
472379     INFO  main            d.u.i.k.p.i.AbstractProblemLoader Loading environment from /home/runner/work/key/key/key.core/../key.ui/examples/standard_key/polySimp/simplify7.key.proof 
472380     DEBUG main            d.u.i.k.p.i.AbstractProblemLoader Environment load took 80.41ns 
472380     INFO  main            d.u.i.k.p.i.AbstractProblemLoader Creating init config 
474604     DEBUG main            d.u.i.k.p.i.AbstractProblemLoader Init config took 2.22s 
474618     INFO  main            d.u.i.k.p.i.AbstractProblemLoader Replaying proof simplify7.key.proof 
474620     DEBUG main            d.u.i.k.p.i.IntermediateProofReplayer Proof replay took 589.04ns 
474621     DEBUG main            d.u.i.k.p.r.p.TestFile    ... success: reloaded. 
474621     INFO  main            d.u.i.k.p.r.p.TestFile    Now processing file /home/runner/work/key/key/key.core/../key.ui/examples/standard_key/polySimp/simplify8.key 
474621     INFO  main            d.u.i.k.p.i.AbstractProblemLoader Loading environment from /home/runner/work/key/key/key.core/../key.ui/examples/standard_key/polySimp/simplify8.key 
474621     DEBUG main            d.u.i.k.p.i.AbstractProblemLoader Environment load took 94.01ns 
474624     INFO  main            d.u.i.k.p.i.AbstractProblemLoader Creating init config 
476849     DEBUG main            d.u.i.k.p.i.AbstractProblemLoader Init config took 2.23s 
476863     INFO  main            d.u.i.k.p.i.AbstractProblemLoader Replaying proof simplify8.key 
476864     DEBUG main            d.u.i.k.p.i.IntermediateProofReplayer Proof replay took 3.1ns 
480625     INFO  main            d.u.i.k.p.r.p.TestFile    ... finished proof: closed. 
481217     INFO  main            d.u.i.k.p.i.AbstractProblemLoader Loading environment from /home/runner/work/key/key/key.core/../key.ui/examples/standard_key/polySimp/simplify8.key.proof 
481217     DEBUG main            d.u.i.k.p.i.AbstractProblemLoader Environment load took 88.81ns 
481219     INFO  main            d.u.i.k.p.i.AbstractProblemLoader Creating init config 
483426     DEBUG main            d.u.i.k.p.i.AbstractProblemLoader Init config took 2.21s 
483443     INFO  main            d.u.i.k.p.i.AbstractProblemLoader Replaying proof simplify8.key.proof 
483620     DEBUG main            d.u.i.k.p.i.IntermediateProofReplayer Proof replay took 172.51ms 
483623     DEBUG main            d.u.i.k.p.r.p.TestFile    ... success: reloaded. 
483623     INFO  main            d.u.i.k.p.r.p.TestFile    Now processing file /home/runner/work/key/key/key.core/../key.ui/examples/standard_key/polySimp/simplify9.key 
483623     INFO  main            d.u.i.k.p.i.AbstractProblemLoader Loading environment from /home/runner/work/key/key/key.core/../key.ui/examples/standard_key/polySimp/simplify9.key 
483623     DEBUG main            d.u.i.k.p.i.AbstractProblemLoader Environment load took 52.5ns 
483625     INFO  main            d.u.i.k.p.i.AbstractProblemLoader Creating init config 
485929     DEBUG main            d.u.i.k.p.i.AbstractProblemLoader Init config took 2.3s 
485943     INFO  main            d.u.i.k.p.i.AbstractProblemLoader Replaying proof simplify9.key 
485944     DEBUG main            d.u.i.k.p.i.IntermediateProofReplayer Proof replay took 3ns 
486149     INFO  main            d.u.i.k.p.r.p.TestFile    ... finished proof: closed. 
486782     INFO  main            d.u.i.k.p.i.AbstractProblemLoader Loading environment from /home/runner/work/key/key/key.core/../key.ui/examples/standard_key/polySimp/simplify9.key.proof 
486782     DEBUG main            d.u.i.k.p.i.AbstractProblemLoader Environment load took 86.91ns 
486783     INFO  main            d.u.i.k.p.i.AbstractProblemLoader Creating init config 
489018     DEBUG main            d.u.i.k.p.i.AbstractProblemLoader Init config took 2.23s 
489032     INFO  main            d.u.i.k.p.i.AbstractProblemLoader Replaying proof simplify9.key.proof 
489042     DEBUG main            d.u.i.k.p.i.IntermediateProofReplayer Proof replay took 8.66ms 
489043     DEBUG main            d.u.i.k.p.r.p.TestFile    ... success: reloaded. 
2896344    INFO  Test worker     d.u.i.k.p.r.RunAllProofsTestUnit Returning from test arithmetic 
2896346    INFO  Test worker     d.u.i.k.p.r.RunAllProofsTestUnit Running test arrays 
351        INFO  Timeout watchdog d.u.i.k.p.r.p.ForkedTestFileRunner Timeout watcher launched (2000 secs.) 
361        WARN  main            d.u.i.k.s.ProofSettings   The settings in /home/runner/.key/proof-settings.props are *not* read. 
388        INFO  main            d.u.i.k.p.r.p.TestFile    Now processing file /home/runner/work/key/key/key.core/../key.ui/examples/standard_key/arrays/arrayStoreException/array2DimPrim.key 
532        INFO  main            d.u.i.k.p.i.AbstractProblemLoader Loading environment from /home/runner/work/key/key/key.core/../key.ui/examples/standard_key/arrays/arrayStoreException/array2DimPrim.key 
552        DEBUG main            d.u.i.k.p.i.AbstractProblemLoader Environment load took 2.32ms 
826        INFO  main            d.u.i.k.p.i.AbstractProblemLoader Creating init config 
1684       DEBUG main            d.u.i.k.j.TypeConverter   No LDT found for Meta 
1685       DEBUG main            d.u.i.k.j.TypeConverter   No LDT found for Meta 
1688       DEBUG main            d.u.i.k.j.TypeConverter   No LDT found for Meta 
1688       DEBUG main            d.u.i.k.j.TypeConverter   No LDT found for Meta 
3529       DEBUG main            d.u.i.k.j.TypeConverter   No LDT found for JavaBigintExpression 
8657       DEBUG main            d.u.i.k.p.i.AbstractProblemLoader Init config took 7.83s 
8737       INFO  main            d.u.i.k.p.i.AbstractProblemLoader Replaying proof array2DimPrim.key 
8773       DEBUG main            d.u.i.k.p.i.IntermediateProofReplayer Proof replay took 41ns 
12812      INFO  main            d.u.i.k.p.r.p.TestFile    ... finished proof: closed. 
13025      INFO  main            d.u.i.k.p.i.AbstractProblemLoader Loading environment from /home/runner/work/key/key/key.core/../key.ui/examples/standard_key/arrays/arrayStoreException/array2DimPrim.key.proof 
13025      DEBUG main            d.u.i.k.p.i.AbstractProblemLoader Environment load took 151.61ns 
13034      INFO  main            d.u.i.k.p.i.AbstractProblemLoader Creating init config 
15973      DEBUG main            d.u.i.k.p.i.AbstractProblemLoader Init config took 2.94s 
16007      INFO  main            d.u.i.k.p.i.AbstractProblemLoader Replaying proof array2DimPrim.key.proof 
16609      DEBUG main            d.u.i.k.p.i.IntermediateProofReplayer Proof replay took 560.14ms 
16628      DEBUG main            d.u.i.k.p.r.p.TestFile    ... success: reloaded. 
16630      INFO  main            d.u.i.k.p.r.p.TestFile    Now processing file /home/runner/work/key/key/key.core/../key.ui/examples/standard_key/arrays/arrayStoreException/arrayStoreKnownDynType.key 
16630      INFO  main            d.u.i.k.p.i.AbstractProblemLoader Loading environment from /home/runner/work/key/key/key.core/../key.ui/examples/standard_key/arrays/arrayStoreException/arrayStoreKnownDynType.key 
16631      DEBUG main            d.u.i.k.p.i.AbstractProblemLoader Environment load took 291.62ns 
16632      INFO  main            d.u.i.k.p.i.AbstractProblemLoader Creating init config 
19428      DEBUG main            d.u.i.k.p.i.AbstractProblemLoader Init config took 2.8s 
19456      INFO  main            d.u.i.k.p.i.AbstractProblemLoader Replaying proof arrayStoreKnownDynType.key 
19459      DEBUG main            d.u.i.k.p.i.IntermediateProofReplayer Proof replay took 7.3ns 
19663      INFO  main            d.u.i.k.p.r.p.TestFile    ... finished proof: closed. 
19929      INFO  main            d.u.i.k.p.i.AbstractProblemLoader Loading environment from /home/runner/work/key/key/key.core/../key.ui/examples/standard_key/arrays/arrayStoreException/arrayStoreKnownDynType.key.proof 
19930      DEBUG main            d.u.i.k.p.i.AbstractProblemLoader Environment load took 141.21ns 
19932      INFO  main            d.u.i.k.p.i.AbstractProblemLoader Creating init config 
22612      DEBUG main            d.u.i.k.p.i.AbstractProblemLoader Init config took 2.68s 
22638      INFO  main            d.u.i.k.p.i.AbstractProblemLoader Replaying proof arrayStoreKnownDynType.key.proof 
22684      DEBUG main            d.u.i.k.p.i.IntermediateProofReplayer Proof replay took 43.3ms 
22685      DEBUG main            d.u.i.k.p.r.p.TestFile    ... success: reloaded. 
22686      INFO  main            d.u.i.k.p.r.p.TestFile    Now processing file /home/runner/work/key/key/key.core/../key.ui/examples/standard_key/arrays/arrayStoreException/reverseArray.key 
22687      INFO  main            d.u.i.k.p.i.AbstractProblemLoader Loading environment from /home/runner/work/key/key/key.core/../key.ui/examples/standard_key/arrays/arrayStoreException/reverseArray.key 
22687      DEBUG main            d.u.i.k.p.i.AbstractProblemLoader Environment load took 233.32ns 
22689      INFO  main            d.u.i.k.p.i.AbstractProblemLoader Creating init config 
25247      DEBUG main            d.u.i.k.p.i.AbstractProblemLoader Init config took 2.56s 
25272      INFO  main            d.u.i.k.p.i.AbstractProblemLoader Replaying proof reverseArray.key 
25275      DEBUG main            d.u.i.k.p.i.IntermediateProofReplayer Proof replay took 6.8ns 
25982      INFO  main            d.u.i.k.p.r.p.TestFile    ... finished proof: closed. 
26154      INFO  main            d.u.i.k.p.i.AbstractProblemLoader Loading environment from /home/runner/work/key/key/key.core/../key.ui/examples/standard_key/arrays/arrayStoreException/reverseArray.key.proof 
26155      DEBUG main            d.u.i.k.p.i.AbstractProblemLoader Environment load took 453.83ns 
26157      INFO  main            d.u.i.k.p.i.AbstractProblemLoader Creating init config 
28710      DEBUG main            d.u.i.k.p.i.AbstractProblemLoader Init config took 2.55s 
28734      INFO  main            d.u.i.k.p.i.AbstractProblemLoader Replaying proof reverseArray.key.proof 
28881      DEBUG main            d.u.i.k.p.i.IntermediateProofReplayer Proof replay took 141.47ms 
28882      DEBUG main            d.u.i.k.p.r.p.TestFile    ... success: reloaded. 
28884      INFO  main            d.u.i.k.p.r.p.TestFile    Now processing file /home/runner/work/key/key/key.core/../key.ui/examples/standard_key/arrays/arrayStoreException/throwArrayStoreException.key 
28886      INFO  main            d.u.i.k.p.i.AbstractProblemLoader Loading environment from /home/runner/work/key/key/key.core/../key.ui/examples/standard_key/arrays/arrayStoreException/throwArrayStoreException.key 
28886      DEBUG main            d.u.i.k.p.i.AbstractProblemLoader Environment load took 320.02ns 
28888      INFO  main            d.u.i.k.p.i.AbstractProblemLoader Creating init config 
31435      DEBUG main            d.u.i.k.p.i.AbstractProblemLoader Init config took 2.55s 
31457      INFO  main            d.u.i.k.p.i.AbstractProblemLoader Replaying proof throwArrayStoreException.key 
31459      DEBUG main            d.u.i.k.p.i.IntermediateProofReplayer Proof replay took 6.3ns 
31862      INFO  main            d.u.i.k.p.r.p.TestFile    ... finished proof: closed. 
32058      INFO  main            d.u.i.k.p.i.AbstractProblemLoader Loading environment from /home/runner/work/key/key/key.core/../key.ui/examples/standard_key/arrays/arrayStoreException/throwArrayStoreException.key.proof 
32058      DEBUG main            d.u.i.k.p.i.AbstractProblemLoader Environment load took 493.53ns 
32060      INFO  main            d.u.i.k.p.i.AbstractProblemLoader Creating init config 
34521      DEBUG main            d.u.i.k.p.i.AbstractProblemLoader Init config took 2.46s 
34543      INFO  main            d.u.i.k.p.i.AbstractProblemLoader Replaying proof throwArrayStoreException.key.proof 
34636      DEBUG main            d.u.i.k.p.i.IntermediateProofReplayer Proof replay took 89.22ms 
34638      DEBUG main            d.u.i.k.p.r.p.TestFile    ... success: reloaded. 
34639      INFO  main            d.u.i.k.p.r.p.TestFile    Now processing file /home/runner/work/key/key/key.core/../key.ui/examples/standard_key/arrays/creation/arrayCreation1.key 
34639      INFO  main            d.u.i.k.p.i.AbstractProblemLoader Loading environment from /home/runner/work/key/key/key.core/../key.ui/examples/standard_key/arrays/creation/arrayCreation1.key 
34640      DEBUG main            d.u.i.k.p.i.AbstractProblemLoader Environment load took 209.21ns 
34641      INFO  main            d.u.i.k.p.i.AbstractProblemLoader Creating init config 
37193      DEBUG main            d.u.i.k.p.i.AbstractProblemLoader Init config took 2.55s 
37215      INFO  main            d.u.i.k.p.i.AbstractProblemLoader Replaying proof arrayCreation1.key 
37217      DEBUG main            d.u.i.k.p.i.IntermediateProofReplayer Proof replay took 6.9ns 
37421      INFO  main            d.u.i.k.p.r.p.TestFile    ... finished proof: closed. 
37605      INFO  main            d.u.i.k.p.i.AbstractProblemLoader Loading environment from /home/runner/work/key/key/key.core/../key.ui/examples/standard_key/arrays/creation/arrayCreation1.key.proof 
37607      DEBUG main            d.u.i.k.p.i.AbstractProblemLoader Environment load took 1.48ms 
37609      INFO  main            d.u.i.k.p.i.AbstractProblemLoader Creating init config 
40221      DEBUG main            d.u.i.k.p.i.AbstractProblemLoader Init config took 2.61s 
40243      INFO  main            d.u.i.k.p.i.AbstractProblemLoader Replaying proof arrayCreation1.key.proof 
40270      DEBUG main            d.u.i.k.p.i.IntermediateProofReplayer Proof replay took 25.09ms 
40271      DEBUG main            d.u.i.k.p.r.p.TestFile    ... success: reloaded. 
40272      INFO  main            d.u.i.k.p.r.p.TestFile    Now processing file /home/runner/work/key/key/key.core/../key.ui/examples/standard_key/arrays/arrayStoreException/array2Dim.key 
40272      INFO  main            d.u.i.k.p.i.AbstractProblemLoader Loading environment from /home/runner/work/key/key/key.core/../key.ui/examples/standard_key/arrays/arrayStoreException/array2Dim.key 
40273      DEBUG main            d.u.i.k.p.i.AbstractProblemLoader Environment load took 287.62ns 
40274      INFO  main            d.u.i.k.p.i.AbstractProblemLoader Creating init config 
42974      DEBUG main            d.u.i.k.p.i.AbstractProblemLoader Init config took 2.7s 
43008      INFO  main            d.u.i.k.p.i.AbstractProblemLoader Replaying proof array2Dim.key 
43010      DEBUG main            d.u.i.k.p.i.IntermediateProofReplayer Proof replay took 7.3ns 
46820      INFO  main            d.u.i.k.p.r.p.TestFile    ... finished proof: open goal(s) 
47181      INFO  main            d.u.i.k.p.r.p.TestFile    Now processing file /home/runner/work/key/key/key.core/../key.ui/examples/standard_key/arrays/arrayStoreException/array2DimClose.key 
47181      INFO  main            d.u.i.k.p.i.AbstractProblemLoader Loading environment from /home/runner/work/key/key/key.core/../key.ui/examples/standard_key/arrays/arrayStoreException/array2DimClose.key 
47181      DEBUG main            d.u.i.k.p.i.AbstractProblemLoader Environment load took 62.6ns 
47182      INFO  main            d.u.i.k.p.i.AbstractProblemLoader Creating init config 
49582      DEBUG main            d.u.i.k.p.i.AbstractProblemLoader Init config took 2.4s 
49605      INFO  main            d.u.i.k.p.i.AbstractProblemLoader Replaying proof array2DimClose.key 
49607      DEBUG main            d.u.i.k.p.i.IntermediateProofReplayer Proof replay took 15ns 
51925      INFO  main            d.u.i.k.p.r.p.TestFile    ... finished proof: open goal(s) 
52292      INFO  main            d.u.i.k.p.r.p.TestFile    Now processing file /home/runner/work/key/key/key.core/../key.ui/examples/standard_key/arrays/arrayStoreException/throwASEForPrim.key 
52292      INFO  main            d.u.i.k.p.i.AbstractProblemLoader Loading environment from /home/runner/work/key/key/key.core/../key.ui/examples/standard_key/arrays/arrayStoreException/throwASEForPrim.key 
52293      DEBUG main            d.u.i.k.p.i.AbstractProblemLoader Environment load took 80.7ns 
52294      INFO  main            d.u.i.k.p.i.AbstractProblemLoader Creating init config 
54785      DEBUG main            d.u.i.k.p.i.AbstractProblemLoader Init config took 2.49s 
54804      INFO  main            d.u.i.k.p.i.AbstractProblemLoader Replaying proof throwASEForPrim.key 
54806      DEBUG main            d.u.i.k.p.i.IntermediateProofReplayer Proof replay took 6.6ns 
59661      INFO  main            d.u.i.k.p.r.p.TestFile    ... finished proof: open goal(s) 
2956399    INFO  Test worker     d.u.i.k.p.r.RunAllProofsTestUnit Returning from test arrays 
2956400    INFO  Test worker     d.u.i.k.p.r.RunAllProofsTestUnit Running test javadl 
378        INFO  Timeout watchdog d.u.i.k.p.r.p.ForkedTestFileRunner Timeout watcher launched (2000 secs.) 
405        WARN  main            d.u.i.k.s.ProofSettings   The settings in /home/runner/.key/proof-settings.props are *not* read. 
438        INFO  main            d.u.i.k.p.r.p.TestFile    Now processing file /home/runner/work/key/key/key.core/../key.ui/examples/standard_key/instanceCreation/instanceCreation1.key 
551        INFO  main            d.u.i.k.p.i.AbstractProblemLoader Loading environment from /home/runner/work/key/key/key.core/../key.ui/examples/standard_key/instanceCreation/instanceCreation1.key 
574        DEBUG main            d.u.i.k.p.i.AbstractProblemLoader Environment load took 2.32ms 
840        INFO  main            d.u.i.k.p.i.AbstractProblemLoader Creating init config 
1830       DEBUG main            d.u.i.k.j.TypeConverter   No LDT found for Meta 
1831       DEBUG main            d.u.i.k.j.TypeConverter   No LDT found for Meta 
1834       DEBUG main            d.u.i.k.j.TypeConverter   No LDT found for Meta 
1834       DEBUG main            d.u.i.k.j.TypeConverter   No LDT found for Meta 
3471       DEBUG main            d.u.i.k.j.TypeConverter   No LDT found for JavaBigintExpression 
8480       DEBUG main            d.u.i.k.p.i.AbstractProblemLoader Init config took 7.64s 
8582       INFO  main            d.u.i.k.p.i.AbstractProblemLoader Replaying proof instanceCreation1.key 
8620       DEBUG main            d.u.i.k.p.i.IntermediateProofReplayer Proof replay took 37.7ns 
9792       INFO  main            d.u.i.k.p.r.p.TestFile    ... finished proof: closed. 
9917       INFO  main            d.u.i.k.p.i.AbstractProblemLoader Loading environment from /home/runner/work/key/key/key.core/../key.ui/examples/standard_key/instanceCreation/instanceCreation1.key.proof 
9918       DEBUG main            d.u.i.k.p.i.AbstractProblemLoader Environment load took 154.01ns 
9927       INFO  main            d.u.i.k.p.i.AbstractProblemLoader Creating init config 
12757      DEBUG main            d.u.i.k.p.i.AbstractProblemLoader Init config took 2.83s 
12807      INFO  main            d.u.i.k.p.i.AbstractProblemLoader Replaying proof instanceCreation1.key.proof 
12995      DEBUG main            d.u.i.k.p.i.IntermediateProofReplayer Proof replay took 174.68ms 
13009      DEBUG main            d.u.i.k.p.r.p.TestFile    ... success: reloaded. 
13016      INFO  main            d.u.i.k.p.r.p.TestFile    Now processing file /home/runner/work/key/key/key.core/../key.ui/examples/standard_key/instanceCreation/instanceCreation2.key 
13016      INFO  main            d.u.i.k.p.i.AbstractProblemLoader Loading environment from /home/runner/work/key/key/key.core/../key.ui/examples/standard_key/instanceCreation/instanceCreation2.key 
13016      DEBUG main            d.u.i.k.p.i.AbstractProblemLoader Environment load took 293.82ns 
13021      INFO  main            d.u.i.k.p.i.AbstractProblemLoader Creating init config 
15947      DEBUG main            d.u.i.k.p.i.AbstractProblemLoader Init config took 2.93s 
15976      INFO  main            d.u.i.k.p.i.AbstractProblemLoader Replaying proof instanceCreation2.key 
15978      DEBUG main            d.u.i.k.p.i.IntermediateProofReplayer Proof replay took 6.7ns 
16484      INFO  main            d.u.i.k.p.r.p.TestFile    ... finished proof: closed. 
16662      INFO  main            d.u.i.k.p.i.AbstractProblemLoader Loading environment from /home/runner/work/key/key/key.core/../key.ui/examples/standard_key/instanceCreation/instanceCreation2.key.proof 
16663      DEBUG main            d.u.i.k.p.i.AbstractProblemLoader Environment load took 155.61ns 
16671      INFO  main            d.u.i.k.p.i.AbstractProblemLoader Creating init config 
19466      DEBUG main            d.u.i.k.p.i.AbstractProblemLoader Init config took 2.8s 
19494      INFO  main            d.u.i.k.p.i.AbstractProblemLoader Replaying proof instanceCreation2.key.proof 
19606      DEBUG main            d.u.i.k.p.i.IntermediateProofReplayer Proof replay took 108.12ms 
19608      DEBUG main            d.u.i.k.p.r.p.TestFile    ... success: reloaded. 
19609      INFO  main            d.u.i.k.p.r.p.TestFile    Now processing file /home/runner/work/key/key/key.core/../key.ui/examples/standard_key/instanceCreation/interfacesAndAbstractClassesHaveNoInstances.key 
19610      INFO  main            d.u.i.k.p.i.AbstractProblemLoader Loading environment from /home/runner/work/key/key/key.core/../key.ui/examples/standard_key/instanceCreation/interfacesAndAbstractClassesHaveNoInstances.key 
19610      DEBUG main            d.u.i.k.p.i.AbstractProblemLoader Environment load took 243.02ns 
19612      INFO  main            d.u.i.k.p.i.AbstractProblemLoader Creating init config 
22321      DEBUG main            d.u.i.k.p.i.AbstractProblemLoader Init config took 2.71s 
22351      INFO  main            d.u.i.k.p.i.AbstractProblemLoader Replaying proof interfacesAndAbstractClassesHaveNoInstances.key 
22356      DEBUG main            d.u.i.k.p.i.IntermediateProofReplayer Proof replay took 6.9ns 
22464      INFO  main            d.u.i.k.p.r.p.TestFile    ... finished proof: closed. 
22637      INFO  main            d.u.i.k.p.i.AbstractProblemLoader Loading environment from /home/runner/work/key/key/key.core/../key.ui/examples/standard_key/instanceCreation/interfacesAndAbstractClassesHaveNoInstances.key.proof 
22637      DEBUG main            d.u.i.k.p.i.AbstractProblemLoader Environment load took 130.01ns 
22640      INFO  main            d.u.i.k.p.i.AbstractProblemLoader Creating init config 
25311      DEBUG main            d.u.i.k.p.i.AbstractProblemLoader Init config took 2.67s 
25333      INFO  main            d.u.i.k.p.i.AbstractProblemLoader Replaying proof interfacesAndAbstractClassesHaveNoInstances.key.proof 
25340      DEBUG main            d.u.i.k.p.i.IntermediateProofReplayer Proof replay took 2.6ms 
25342      DEBUG main            d.u.i.k.p.r.p.TestFile    ... success: reloaded. 
25345      INFO  main            d.u.i.k.p.r.p.TestFile    Now processing file /home/runner/work/key/key/key.core/../key.ui/examples/standard_key/instanceCreation/successiveCreatedObjectsAreDistinct.key 
25345      INFO  main            d.u.i.k.p.i.AbstractProblemLoader Loading environment from /home/runner/work/key/key/key.core/../key.ui/examples/standard_key/instanceCreation/successiveCreatedObjectsAreDistinct.key 
25345      DEBUG main            d.u.i.k.p.i.AbstractProblemLoader Environment load took 227.01ns 
25346      INFO  main            d.u.i.k.p.i.AbstractProblemLoader Creating init config 
28004      DEBUG main            d.u.i.k.p.i.AbstractProblemLoader Init config took 2.66s 
28028      INFO  main            d.u.i.k.p.i.AbstractProblemLoader Replaying proof successiveCreatedObjectsAreDistinct.key 
28029      DEBUG main            d.u.i.k.p.i.IntermediateProofReplayer Proof replay took 5ns 
28441      INFO  main            d.u.i.k.p.r.p.TestFile    ... finished proof: closed. 
28622      INFO  main            d.u.i.k.p.i.AbstractProblemLoader Loading environment from /home/runner/work/key/key/key.core/../key.ui/examples/standard_key/instanceCreation/successiveCreatedObjectsAreDistinct.key.proof 
28623      DEBUG main            d.u.i.k.p.i.AbstractProblemLoader Environment load took 447.83ns 
28624      INFO  main            d.u.i.k.p.i.AbstractProblemLoader Creating init config 
31247      DEBUG main            d.u.i.k.p.i.AbstractProblemLoader Init config took 2.62s 
31269      INFO  main            d.u.i.k.p.i.AbstractProblemLoader Replaying proof successiveCreatedObjectsAreDistinct.key.proof 
31325      DEBUG main            d.u.i.k.p.i.IntermediateProofReplayer Proof replay took 52.87ms 
31327      DEBUG main            d.u.i.k.p.r.p.TestFile    ... success: reloaded. 
31328      INFO  main            d.u.i.k.p.r.p.TestFile    Now processing file /home/runner/work/key/key/key.core/../key.ui/examples/standard_key/instanceCreation/testOverloadingConstructors.key 
31328      INFO  main            d.u.i.k.p.i.AbstractProblemLoader Loading environment from /home/runner/work/key/key/key.core/../key.ui/examples/standard_key/instanceCreation/testOverloadingConstructors.key 
31329      DEBUG main            d.u.i.k.p.i.AbstractProblemLoader Environment load took 231.31ns 
31330      INFO  main            d.u.i.k.p.i.AbstractProblemLoader Creating init config 
33955      DEBUG main            d.u.i.k.p.i.AbstractProblemLoader Init config took 2.63s 
33977      INFO  main            d.u.i.k.p.i.AbstractProblemLoader Replaying proof testOverloadingConstructors.key 
33978      DEBUG main            d.u.i.k.p.i.IntermediateProofReplayer Proof replay took 6.2ns 
34284      INFO  main            d.u.i.k.p.r.p.TestFile    ... finished proof: closed. 
34456      INFO  main            d.u.i.k.p.i.AbstractProblemLoader Loading environment from /home/runner/work/key/key/key.core/../key.ui/examples/standard_key/instanceCreation/testOverloadingConstructors.key.proof 
34457      DEBUG main            d.u.i.k.p.i.AbstractProblemLoader Environment load took 535.74ns 
34461      INFO  main            d.u.i.k.p.i.AbstractProblemLoader Creating init config 
37015      DEBUG main            d.u.i.k.p.i.AbstractProblemLoader Init config took 2.55s 
37036      INFO  main            d.u.i.k.p.i.AbstractProblemLoader Replaying proof testOverloadingConstructors.key.proof 
37094      DEBUG main            d.u.i.k.p.i.IntermediateProofReplayer Proof replay took 55.16ms 
37096      DEBUG main            d.u.i.k.p.r.p.TestFile    ... success: reloaded. 
37097      INFO  main            d.u.i.k.p.r.p.TestFile    Now processing file /home/runner/work/key/key/key.core/../key.ui/examples/standard_key/java_dl/SimpleAttributes.key 
37097      INFO  main            d.u.i.k.p.i.AbstractProblemLoader Loading environment from /home/runner/work/key/key/key.core/../key.ui/examples/standard_key/java_dl/SimpleAttributes.key 
37097      DEBUG main            d.u.i.k.p.i.AbstractProblemLoader Environment load took 82.61ns 
37098      INFO  main            d.u.i.k.p.i.AbstractProblemLoader Creating init config 
39679      DEBUG main            d.u.i.k.p.i.AbstractProblemLoader Init config took 2.58s 
39702      INFO  main            d.u.i.k.p.i.AbstractProblemLoader Replaying proof SimpleAttributes.key 
39704      DEBUG main            d.u.i.k.p.i.IntermediateProofReplayer Proof replay took 6.7ns 
39808      INFO  main            d.u.i.k.p.r.p.TestFile    ... finished proof: closed. 
39998      INFO  main            d.u.i.k.p.i.AbstractProblemLoader Loading environment from /home/runner/work/key/key/key.core/../key.ui/examples/standard_key/java_dl/SimpleAttributes.key.proof 
39998      DEBUG main            d.u.i.k.p.i.AbstractProblemLoader Environment load took 135.31ns 
39999      INFO  main            d.u.i.k.p.i.AbstractProblemLoader Creating init config 
42624      DEBUG main            d.u.i.k.p.i.AbstractProblemLoader Init config took 2.62s 
42647      INFO  main            d.u.i.k.p.i.AbstractProblemLoader Replaying proof SimpleAttributes.key.proof 
42675      DEBUG main            d.u.i.k.p.i.IntermediateProofReplayer Proof replay took 25.14ms 
42676      DEBUG main            d.u.i.k.p.r.p.TestFile    ... success: reloaded. 
42677      INFO  main            d.u.i.k.p.r.p.TestFile    Now processing file /home/runner/work/key/key/key.core/../key.ui/examples/standard_key/java_dl/arrayMax.key 
42677      INFO  main            d.u.i.k.p.i.AbstractProblemLoader Loading environment from /home/runner/work/key/key/key.core/../key.ui/examples/standard_key/java_dl/arrayMax.key 
42677      DEBUG main            d.u.i.k.p.i.AbstractProblemLoader Environment load took 147.91ns 
42680      INFO  main            d.u.i.k.p.i.AbstractProblemLoader Creating init config 
45369      DEBUG main            d.u.i.k.p.i.AbstractProblemLoader Init config took 2.69s 
45392      INFO  main            d.u.i.k.p.i.AbstractProblemLoader Replaying proof arrayMax.key 
45395      DEBUG main            d.u.i.k.p.i.IntermediateProofReplayer Proof replay took 23.3ns 
46903      INFO  main            d.u.i.k.p.r.p.TestFile    ... finished proof: closed. 
47133      INFO  main            d.u.i.k.p.i.AbstractProblemLoader Loading environment from /home/runner/work/key/key/key.core/../key.ui/examples/standard_key/java_dl/arrayMax.key.proof 
47136      DEBUG main            d.u.i.k.p.i.AbstractProblemLoader Environment load took 2.78ms 
47139      INFO  main            d.u.i.k.p.i.AbstractProblemLoader Creating init config 
49763      DEBUG main            d.u.i.k.p.i.AbstractProblemLoader Init config took 2.62s 
49786      INFO  main            d.u.i.k.p.i.AbstractProblemLoader Replaying proof arrayMax.key.proof 
50052      DEBUG main            d.u.i.k.p.i.IntermediateProofReplayer Proof replay took 258.51ms 
50054      DEBUG main            d.u.i.k.p.r.p.TestFile    ... success: reloaded. 
50055      INFO  main            d.u.i.k.p.r.p.TestFile    Now processing file /home/runner/work/key/key/key.core/../key.ui/examples/standard_key/java_dl/arrayUpdateSimp.key 
50056      INFO  main            d.u.i.k.p.i.AbstractProblemLoader Loading environment from /home/runner/work/key/key/key.core/../key.ui/examples/standard_key/java_dl/arrayUpdateSimp.key 
50056      DEBUG main            d.u.i.k.p.i.AbstractProblemLoader Environment load took 237.72ns 
50059      INFO  main            d.u.i.k.p.i.AbstractProblemLoader Creating init config 
50086      WARN  main            d.u.i.k.j.r.KeYCrossReferenceNameInfo Datatype java.io.PrintStream declared twice: Once in FILE:/home/runner/work/key/key/key.core/../key.ui/examples/standard_key/java_dl/./classpath/PrintStream.java and once in URL:file:/home/runner/work/key/key/key.core/build/resources/main/de/uka/ilkd/key/java/JavaRedux/java/io/PrintStream.java, Keeping one from URL:file:/home/runner/work/key/key/key.core/build/resources/main/de/uka/ilkd/key/java/JavaRedux/java/io/PrintStream.java 
50086      WARN  main            d.u.i.k.j.r.KeYCrossReferenceNameInfo Datatype java.io.InputStream declared twice: Once in FILE:/home/runner/work/key/key/key.core/../key.ui/examples/standard_key/java_dl/./classpath/InputStream.java and once in URL:file:/home/runner/work/key/key/key.core/build/resources/main/de/uka/ilkd/key/java/JavaRedux/java/io/InputStream.java, Keeping one from URL:file:/home/runner/work/key/key/key.core/build/resources/main/de/uka/ilkd/key/java/JavaRedux/java/io/InputStream.java 
50086      WARN  main            d.u.i.k.j.r.KeYCrossReferenceNameInfo Datatype java.lang.System declared twice: Once in FILE:/home/runner/work/key/key/key.core/../key.ui/examples/standard_key/java_dl/./classpath/System.java and once in URL:file:/home/runner/work/key/key/key.core/build/resources/main/de/uka/ilkd/key/java/JavaRedux/java/lang/System.java, Keeping one from URL:file:/home/runner/work/key/key/key.core/build/resources/main/de/uka/ilkd/key/java/JavaRedux/java/lang/System.java 
50093      DEBUG main            d.u.i.k.j.r.ClassFileDeclarationBuilder Parsing: package java.io; public class Closeable { } 
50093      DEBUG main            r.s.KeYCrossReferenceSourceInfo Dynamically created class: java.io.Closeable 
52669      DEBUG main            d.u.i.k.p.i.AbstractProblemLoader Init config took 2.61s 
52692      INFO  main            d.u.i.k.p.i.AbstractProblemLoader Replaying proof arrayUpdateSimp.key 
52693      DEBUG main            d.u.i.k.p.i.IntermediateProofReplayer Proof replay took 7.3ns 
52797      INFO  main            d.u.i.k.p.r.p.TestFile    ... finished proof: closed. 
53029      INFO  main            d.u.i.k.p.i.AbstractProblemLoader Loading environment from /home/runner/work/key/key/key.core/../key.ui/examples/standard_key/java_dl/arrayUpdateSimp.key.proof 
53030      DEBUG main            d.u.i.k.p.i.AbstractProblemLoader Environment load took 138.91ns 
53035      INFO  main            d.u.i.k.p.i.AbstractProblemLoader Creating init config 
53062      WARN  main            d.u.i.k.j.r.KeYCrossReferenceNameInfo Datatype java.io.PrintStream declared twice: Once in FILE:/home/runner/work/key/key/key.core/../key.ui/examples/standard_key/java_dl/classpath/PrintStream.java and once in URL:file:/home/runner/work/key/key/key.core/build/resources/main/de/uka/ilkd/key/java/JavaRedux/java/io/PrintStream.java, Keeping one from URL:file:/home/runner/work/key/key/key.core/build/resources/main/de/uka/ilkd/key/java/JavaRedux/java/io/PrintStream.java 
53062      WARN  main            d.u.i.k.j.r.KeYCrossReferenceNameInfo Datatype java.io.InputStream declared twice: Once in FILE:/home/runner/work/key/key/key.core/../key.ui/examples/standard_key/java_dl/classpath/InputStream.java and once in URL:file:/home/runner/work/key/key/key.core/build/resources/main/de/uka/ilkd/key/java/JavaRedux/java/io/InputStream.java, Keeping one from URL:file:/home/runner/work/key/key/key.core/build/resources/main/de/uka/ilkd/key/java/JavaRedux/java/io/InputStream.java 
53063      WARN  main            d.u.i.k.j.r.KeYCrossReferenceNameInfo Datatype java.lang.System declared twice: Once in FILE:/home/runner/work/key/key/key.core/../key.ui/examples/standard_key/java_dl/classpath/System.java and once in URL:file:/home/runner/work/key/key/key.core/build/resources/main/de/uka/ilkd/key/java/JavaRedux/java/lang/System.java, Keeping one from URL:file:/home/runner/work/key/key/key.core/build/resources/main/de/uka/ilkd/key/java/JavaRedux/java/lang/System.java 
53067      DEBUG main            d.u.i.k.j.r.ClassFileDeclarationBuilder Parsing: package java.io; public class Closeable { } 
53067      DEBUG main            r.s.KeYCrossReferenceSourceInfo Dynamically created class: java.io.Closeable 
55674      DEBUG main            d.u.i.k.p.i.AbstractProblemLoader Init config took 2.64s 
55697      INFO  main            d.u.i.k.p.i.AbstractProblemLoader Replaying proof arrayUpdateSimp.key.proof 
55699      DEBUG main            d.u.i.k.p.i.IntermediateProofReplayer Proof replay took 671.44ns 
55701      DEBUG main            d.u.i.k.p.r.p.TestFile    ... success: reloaded. 
55702      INFO  main            d.u.i.k.p.r.p.TestFile    Now processing file /home/runner/work/key/key/key.core/../key.ui/examples/standard_key/java_dl/attributes.key 
55702      INFO  main            d.u.i.k.p.i.AbstractProblemLoader Loading environment from /home/runner/work/key/key/key.core/../key.ui/examples/standard_key/java_dl/attributes.key 
55702      DEBUG main            d.u.i.k.p.i.AbstractProblemLoader Environment load took 101.41ns 
55703      INFO  main            d.u.i.k.p.i.AbstractProblemLoader Creating init config 
58304      DEBUG main            d.u.i.k.p.i.AbstractProblemLoader Init config took 2.6s 
58325      INFO  main            d.u.i.k.p.i.AbstractProblemLoader Replaying proof attributes.key 
58327      DEBUG main            d.u.i.k.p.i.IntermediateProofReplayer Proof replay took 6.7ns 
58530      INFO  main            d.u.i.k.p.r.p.TestFile    ... finished proof: closed. 
58727      INFO  main            d.u.i.k.p.i.AbstractProblemLoader Loading environment from /home/runner/work/key/key/key.core/../key.ui/examples/standard_key/java_dl/attributes.key.proof 
58728      DEBUG main            d.u.i.k.p.i.AbstractProblemLoader Environment load took 135.71ns 
58729      INFO  main            d.u.i.k.p.i.AbstractProblemLoader Creating init config 
61207      DEBUG main            d.u.i.k.p.i.AbstractProblemLoader Init config took 2.48s 
61225      INFO  main            d.u.i.k.p.i.AbstractProblemLoader Replaying proof attributes.key.proof 
61264      DEBUG main            d.u.i.k.p.i.IntermediateProofReplayer Proof replay took 36.91ms 
61265      DEBUG main            d.u.i.k.p.r.p.TestFile    ... success: reloaded. 
61266      INFO  main            d.u.i.k.p.r.p.TestFile    Now processing file /home/runner/work/key/key/key.core/../key.ui/examples/standard_key/java_dl/break.key 
61266      INFO  main            d.u.i.k.p.i.AbstractProblemLoader Loading environment from /home/runner/work/key/key/key.core/../key.ui/examples/standard_key/java_dl/break.key 
61267      DEBUG main            d.u.i.k.p.i.AbstractProblemLoader Environment load took 80.71ns 
61268      INFO  main            d.u.i.k.p.i.AbstractProblemLoader Creating init config 
61311      WARN  main            d.u.i.k.j.r.KeYCrossReferenceNameInfo Datatype java.io.PrintStream declared twice: Once in FILE:/home/runner/work/key/key/key.core/../key.ui/examples/standard_key/java_dl/classpath/PrintStream.java and once in URL:file:/home/runner/work/key/key/key.core/build/resources/main/de/uka/ilkd/key/java/JavaRedux/java/io/PrintStream.java, Keeping one from URL:file:/home/runner/work/key/key/key.core/build/resources/main/de/uka/ilkd/key/java/JavaRedux/java/io/PrintStream.java 
61312      WARN  main            d.u.i.k.j.r.KeYCrossReferenceNameInfo Datatype java.io.InputStream declared twice: Once in FILE:/home/runner/work/key/key/key.core/../key.ui/examples/standard_key/java_dl/classpath/InputStream.java and once in URL:file:/home/runner/work/key/key/key.core/build/resources/main/de/uka/ilkd/key/java/JavaRedux/java/io/InputStream.java, Keeping one from URL:file:/home/runner/work/key/key/key.core/build/resources/main/de/uka/ilkd/key/java/JavaRedux/java/io/InputStream.java 
61312      WARN  main            d.u.i.k.j.r.KeYCrossReferenceNameInfo Datatype java.lang.System declared twice: Once in FILE:/home/runner/work/key/key/key.core/../key.ui/examples/standard_key/java_dl/classpath/System.java and once in URL:file:/home/runner/work/key/key/key.core/build/resources/main/de/uka/ilkd/key/java/JavaRedux/java/lang/System.java, Keeping one from URL:file:/home/runner/work/key/key/key.core/build/resources/main/de/uka/ilkd/key/java/JavaRedux/java/lang/System.java 
61315      DEBUG main            d.u.i.k.j.r.ClassFileDeclarationBuilder Parsing: package java.io; public class Closeable { } 
61316      DEBUG main            r.s.KeYCrossReferenceSourceInfo Dynamically created class: java.io.Closeable 
63795      DEBUG main            d.u.i.k.p.i.AbstractProblemLoader Init config took 2.53s 
63815      INFO  main            d.u.i.k.p.i.AbstractProblemLoader Replaying proof break.key 
63817      DEBUG main            d.u.i.k.p.i.IntermediateProofReplayer Proof replay took 7.6ns 
63924      INFO  main            d.u.i.k.p.r.p.TestFile    ... finished proof: closed. 
64118      INFO  main            d.u.i.k.p.i.AbstractProblemLoader Loading environment from /home/runner/work/key/key/key.core/../key.ui/examples/standard_key/java_dl/break.key.proof 
64118      DEBUG main            d.u.i.k.p.i.AbstractProblemLoader Environment load took 130.61ns 
64119      INFO  main            d.u.i.k.p.i.AbstractProblemLoader Creating init config 
64145      WARN  main            d.u.i.k.j.r.KeYCrossReferenceNameInfo Datatype java.io.PrintStream declared twice: Once in FILE:/home/runner/work/key/key/key.core/../key.ui/examples/standard_key/java_dl/classpath/PrintStream.java and once in URL:file:/home/runner/work/key/key/key.core/build/resources/main/de/uka/ilkd/key/java/JavaRedux/java/io/PrintStream.java, Keeping one from URL:file:/home/runner/work/key/key/key.core/build/resources/main/de/uka/ilkd/key/java/JavaRedux/java/io/PrintStream.java 
64145      WARN  main            d.u.i.k.j.r.KeYCrossReferenceNameInfo Datatype java.io.InputStream declared twice: Once in FILE:/home/runner/work/key/key/key.core/../key.ui/examples/standard_key/java_dl/classpath/InputStream.java and once in URL:file:/home/runner/work/key/key/key.core/build/resources/main/de/uka/ilkd/key/java/JavaRedux/java/io/InputStream.java, Keeping one from URL:file:/home/runner/work/key/key/key.core/build/resources/main/de/uka/ilkd/key/java/JavaRedux/java/io/InputStream.java 
64146      WARN  main            d.u.i.k.j.r.KeYCrossReferenceNameInfo Datatype java.lang.System declared twice: Once in FILE:/home/runner/work/key/key/key.core/../key.ui/examples/standard_key/java_dl/classpath/System.java and once in URL:file:/home/runner/work/key/key/key.core/build/resources/main/de/uka/ilkd/key/java/JavaRedux/java/lang/System.java, Keeping one from URL:file:/home/runner/work/key/key/key.core/build/resources/main/de/uka/ilkd/key/java/JavaRedux/java/lang/System.java 
64150      DEBUG main            d.u.i.k.j.r.ClassFileDeclarationBuilder Parsing: package java.io; public class Closeable { } 
64150      DEBUG main            r.s.KeYCrossReferenceSourceInfo Dynamically created class: java.io.Closeable 
66605      DEBUG main            d.u.i.k.p.i.AbstractProblemLoader Init config took 2.49s 
66624      INFO  main            d.u.i.k.p.i.AbstractProblemLoader Replaying proof break.key.proof 
66635      DEBUG main            d.u.i.k.p.i.IntermediateProofReplayer Proof replay took 8.85ms 
66636      DEBUG main            d.u.i.k.p.r.p.TestFile    ... success: reloaded. 
66637      INFO  main            d.u.i.k.p.r.p.TestFile    Now processing file /home/runner/work/key/key/key.core/../key.ui/examples/standard_key/java_dl/char.key 
66638      INFO  main            d.u.i.k.p.i.AbstractProblemLoader Loading environment from /home/runner/work/key/key/key.core/../key.ui/examples/standard_key/java_dl/char.key 
66638      DEBUG main            d.u.i.k.p.i.AbstractProblemLoader Environment load took 215.81ns 
66639      INFO  main            d.u.i.k.p.i.AbstractProblemLoader Creating init config 
69018      DEBUG main            d.u.i.k.p.i.AbstractProblemLoader Init config took 2.38s 
69035      INFO  main            d.u.i.k.p.i.AbstractProblemLoader Replaying proof char.key 
69037      DEBUG main            d.u.i.k.p.i.IntermediateProofReplayer Proof replay took 6.6ns 
69140      INFO  main            d.u.i.k.p.r.p.TestFile    ... finished proof: closed. 
69346      INFO  main            d.u.i.k.p.i.AbstractProblemLoader Loading environment from /home/runner/work/key/key/key.core/../key.ui/examples/standard_key/java_dl/char.key.proof 
69346      DEBUG main            d.u.i.k.p.i.AbstractProblemLoader Environment load took 139.01ns 
69347      INFO  main            d.u.i.k.p.i.AbstractProblemLoader Creating init config 
71593      DEBUG main            d.u.i.k.p.i.AbstractProblemLoader Init config took 2.25s 
71609      INFO  main            d.u.i.k.p.i.AbstractProblemLoader Replaying proof char.key.proof 
71614      DEBUG main            d.u.i.k.p.i.IntermediateProofReplayer Proof replay took 2.46ms 
71615      DEBUG main            d.u.i.k.p.r.p.TestFile    ... success: reloaded. 
71616      INFO  main            d.u.i.k.p.r.p.TestFile    Now processing file /home/runner/work/key/key/key.core/../key.ui/examples/standard_key/java_dl/compileTimeConstants.key 
71616      INFO  main            d.u.i.k.p.i.AbstractProblemLoader Loading environment from /home/runner/work/key/key/key.core/../key.ui/examples/standard_key/java_dl/compileTimeConstants.key 
71616      DEBUG main            d.u.i.k.p.i.AbstractProblemLoader Environment load took 280.52ns 
71618      INFO  main            d.u.i.k.p.i.AbstractProblemLoader Creating init config 
74003      DEBUG main            d.u.i.k.p.i.AbstractProblemLoader Init config took 2.39s 
74020      INFO  main            d.u.i.k.p.i.AbstractProblemLoader Replaying proof compileTimeConstants.key 
74021      DEBUG main            d.u.i.k.p.i.IntermediateProofReplayer Proof replay took 6.6ns 
74127      INFO  main            d.u.i.k.p.r.p.TestFile    ... finished proof: closed. 
74328      INFO  main            d.u.i.k.p.i.AbstractProblemLoader Loading environment from /home/runner/work/key/key/key.core/../key.ui/examples/standard_key/java_dl/compileTimeConstants.key.proof 
74328      DEBUG main            d.u.i.k.p.i.AbstractProblemLoader Environment load took 148.61ns 
74329      INFO  main            d.u.i.k.p.i.AbstractProblemLoader Creating init config 
76702      DEBUG main            d.u.i.k.p.i.AbstractProblemLoader Init config took 2.37s 
76718      INFO  main            d.u.i.k.p.i.AbstractProblemLoader Replaying proof compileTimeConstants.key.proof 
76731      DEBUG main            d.u.i.k.p.i.IntermediateProofReplayer Proof replay took 11.31ms 
76732      DEBUG main            d.u.i.k.p.r.p.TestFile    ... success: reloaded. 
76733      INFO  main            d.u.i.k.p.r.p.TestFile    Now processing file /home/runner/work/key/key/key.core/../key.ui/examples/standard_key/java_dl/constructorException/test.key 
76734      INFO  main            d.u.i.k.p.i.AbstractProblemLoader Loading environment from /home/runner/work/key/key/key.core/../key.ui/examples/standard_key/java_dl/constructorException/test.key 
76734      DEBUG main            d.u.i.k.p.i.AbstractProblemLoader Environment load took 230.32ns 
76735      INFO  main            d.u.i.k.p.i.AbstractProblemLoader Creating init config 
79200      DEBUG main            d.u.i.k.p.i.AbstractProblemLoader Init config took 2.47s 
79275      INFO  main            d.u.i.k.p.i.AbstractProblemLoader Replaying proof Test[Test::Test(int)].JML operation contract.0 
79276      DEBUG main            d.u.i.k.p.i.IntermediateProofReplayer Proof replay took 5.7ns 
79581      INFO  main            d.u.i.k.p.r.p.TestFile    ... finished proof: closed. 
79806      INFO  main            d.u.i.k.p.i.AbstractProblemLoader Loading environment from /home/runner/work/key/key/key.core/../key.ui/examples/standard_key/java_dl/constructorException/test.key.proof 
79806      DEBUG main            d.u.i.k.p.i.AbstractProblemLoader Environment load took 120.71ns 
79807      INFO  main            d.u.i.k.p.i.AbstractProblemLoader Creating init config 
82148      DEBUG main            d.u.i.k.p.i.AbstractProblemLoader Init config took 2.34s 
82194      INFO  main            d.u.i.k.p.i.AbstractProblemLoader Replaying proof Test[Test::Test(int)].JML operation contract.0 
82252      DEBUG main            d.u.i.k.p.i.IntermediateProofReplayer Proof replay took 56.4ms 
82255      DEBUG main            d.u.i.k.p.r.p.TestFile    ... success: reloaded. 
82256      INFO  main            d.u.i.k.p.r.p.TestFile    Now processing file /home/runner/work/key/key/key.core/../key.ui/examples/standard_key/java_dl/constructorException/regressionTestBug1333.key 
82257      INFO  main            d.u.i.k.p.i.AbstractProblemLoader Loading environment from /home/runner/work/key/key/key.core/../key.ui/examples/standard_key/java_dl/constructorException/regressionTestBug1333.key 
82257      DEBUG main            d.u.i.k.p.i.AbstractProblemLoader Environment load took 194.21ns 
82258      INFO  main            d.u.i.k.p.i.AbstractProblemLoader Creating init config 
84710      DEBUG main            d.u.i.k.p.i.AbstractProblemLoader Init config took 2.45s 
84751      INFO  main            d.u.i.k.p.i.AbstractProblemLoader Replaying proof False[False::False()].JML normal_behavior operation contract.0 
84754      DEBUG main            d.u.i.k.p.i.IntermediateProofReplayer Proof replay took 6.1ns 
84857      INFO  main            d.u.i.k.p.r.p.TestFile    ... finished proof: open goal(s) 
85088      INFO  main            d.u.i.k.p.r.p.TestFile    Now processing file /home/runner/work/key/key/key.core/../key.ui/examples/standard_key/java_dl/continue1.key 
85089      INFO  main            d.u.i.k.p.i.AbstractProblemLoader Loading environment from /home/runner/work/key/key/key.core/../key.ui/examples/standard_key/java_dl/continue1.key 
85089      DEBUG main            d.u.i.k.p.i.AbstractProblemLoader Environment load took 69.31ns 
85091      INFO  main            d.u.i.k.p.i.AbstractProblemLoader Creating init config 
85115      WARN  main            d.u.i.k.j.r.KeYCrossReferenceNameInfo Datatype java.io.PrintStream declared twice: Once in FILE:/home/runner/work/key/key/key.core/../key.ui/examples/standard_key/java_dl/classpath/PrintStream.java and once in URL:file:/home/runner/work/key/key/key.core/build/resources/main/de/uka/ilkd/key/java/JavaRedux/java/io/PrintStream.java, Keeping one from URL:file:/home/runner/work/key/key/key.core/build/resources/main/de/uka/ilkd/key/java/JavaRedux/java/io/PrintStream.java 
85115      WARN  main            d.u.i.k.j.r.KeYCrossReferenceNameInfo Datatype java.io.InputStream declared twice: Once in FILE:/home/runner/work/key/key/key.core/../key.ui/examples/standard_key/java_dl/classpath/InputStream.java and once in URL:file:/home/runner/work/key/key/key.core/build/resources/main/de/uka/ilkd/key/java/JavaRedux/java/io/InputStream.java, Keeping one from URL:file:/home/runner/work/key/key/key.core/build/resources/main/de/uka/ilkd/key/java/JavaRedux/java/io/InputStream.java 
85115      WARN  main            d.u.i.k.j.r.KeYCrossReferenceNameInfo Datatype java.lang.System declared twice: Once in FILE:/home/runner/work/key/key/key.core/../key.ui/examples/standard_key/java_dl/classpath/System.java and once in URL:file:/home/runner/work/key/key/key.core/build/resources/main/de/uka/ilkd/key/java/JavaRedux/java/lang/System.java, Keeping one from URL:file:/home/runner/work/key/key/key.core/build/resources/main/de/uka/ilkd/key/java/JavaRedux/java/lang/System.java 
85119      DEBUG main            d.u.i.k.j.r.ClassFileDeclarationBuilder Parsing: package java.io; public class Closeable { } 
85119      DEBUG main            r.s.KeYCrossReferenceSourceInfo Dynamically created class: java.io.Closeable 
87517      DEBUG main            d.u.i.k.p.i.AbstractProblemLoader Init config took 2.43s 
87532      INFO  main            d.u.i.k.p.i.AbstractProblemLoader Replaying proof continue1.key 
87534      DEBUG main            d.u.i.k.p.i.IntermediateProofReplayer Proof replay took 7.3ns 
87639      INFO  main            d.u.i.k.p.r.p.TestFile    ... finished proof: closed. 
87850      INFO  main            d.u.i.k.p.i.AbstractProblemLoader Loading environment from /home/runner/work/key/key/key.core/../key.ui/examples/standard_key/java_dl/continue1.key.proof 
87850      DEBUG main            d.u.i.k.p.i.AbstractProblemLoader Environment load took 133.61ns 
87852      INFO  main            d.u.i.k.p.i.AbstractProblemLoader Creating init config 
87875      WARN  main            d.u.i.k.j.r.KeYCrossReferenceNameInfo Datatype java.io.PrintStream declared twice: Once in FILE:/home/runner/work/key/key/key.core/../key.ui/examples/standard_key/java_dl/classpath/PrintStream.java and once in URL:file:/home/runner/work/key/key/key.core/build/resources/main/de/uka/ilkd/key/java/JavaRedux/java/io/PrintStream.java, Keeping one from URL:file:/home/runner/work/key/key/key.core/build/resources/main/de/uka/ilkd/key/java/JavaRedux/java/io/PrintStream.java 
87875      WARN  main            d.u.i.k.j.r.KeYCrossReferenceNameInfo Datatype java.io.InputStream declared twice: Once in FILE:/home/runner/work/key/key/key.core/../key.ui/examples/standard_key/java_dl/classpath/InputStream.java and once in URL:file:/home/runner/work/key/key/key.core/build/resources/main/de/uka/ilkd/key/java/JavaRedux/java/io/InputStream.java, Keeping one from URL:file:/home/runner/work/key/key/key.core/build/resources/main/de/uka/ilkd/key/java/JavaRedux/java/io/InputStream.java 
87876      WARN  main            d.u.i.k.j.r.KeYCrossReferenceNameInfo Datatype java.lang.System declared twice: Once in FILE:/home/runner/work/key/key/key.core/../key.ui/examples/standard_key/java_dl/classpath/System.java and once in URL:file:/home/runner/work/key/key/key.core/build/resources/main/de/uka/ilkd/key/java/JavaRedux/java/lang/System.java, Keeping one from URL:file:/home/runner/work/key/key/key.core/build/resources/main/de/uka/ilkd/key/java/JavaRedux/java/lang/System.java 
87879      DEBUG main            d.u.i.k.j.r.ClassFileDeclarationBuilder Parsing: package java.io; public class Closeable { } 
87879      DEBUG main            r.s.KeYCrossReferenceSourceInfo Dynamically created class: java.io.Closeable 
90218      DEBUG main            d.u.i.k.p.i.AbstractProblemLoader Init config took 2.37s 
90240      INFO  main            d.u.i.k.p.i.AbstractProblemLoader Replaying proof continue1.key.proof 
90265      DEBUG main            d.u.i.k.p.i.IntermediateProofReplayer Proof replay took 23.17ms 
90266      DEBUG main            d.u.i.k.p.r.p.TestFile    ... success: reloaded. 
90268      INFO  main            d.u.i.k.p.r.p.TestFile    Now processing file /home/runner/work/key/key/key.core/../key.ui/examples/standard_key/java_dl/continue2.key 
90268      INFO  main            d.u.i.k.p.i.AbstractProblemLoader Loading environment from /home/runner/work/key/key/key.core/../key.ui/examples/standard_key/java_dl/continue2.key 
90268      DEBUG main            d.u.i.k.p.i.AbstractProblemLoader Environment load took 82.51ns 
90269      INFO  main            d.u.i.k.p.i.AbstractProblemLoader Creating init config 
90293      WARN  main            d.u.i.k.j.r.KeYCrossReferenceNameInfo Datatype java.io.PrintStream declared twice: Once in FILE:/home/runner/work/key/key/key.core/../key.ui/examples/standard_key/java_dl/classpath/PrintStream.java and once in URL:file:/home/runner/work/key/key/key.core/build/resources/main/de/uka/ilkd/key/java/JavaRedux/java/io/PrintStream.java, Keeping one from URL:file:/home/runner/work/key/key/key.core/build/resources/main/de/uka/ilkd/key/java/JavaRedux/java/io/PrintStream.java 
90293      WARN  main            d.u.i.k.j.r.KeYCrossReferenceNameInfo Datatype java.io.InputStream declared twice: Once in FILE:/home/runner/work/key/key/key.core/../key.ui/examples/standard_key/java_dl/classpath/InputStream.java and once in URL:file:/home/runner/work/key/key/key.core/build/resources/main/de/uka/ilkd/key/java/JavaRedux/java/io/InputStream.java, Keeping one from URL:file:/home/runner/work/key/key/key.core/build/resources/main/de/uka/ilkd/key/java/JavaRedux/java/io/InputStream.java 
90293      WARN  main            d.u.i.k.j.r.KeYCrossReferenceNameInfo Datatype java.lang.System declared twice: Once in FILE:/home/runner/work/key/key/key.core/../key.ui/examples/standard_key/java_dl/classpath/System.java and once in URL:file:/home/runner/work/key/key/key.core/build/resources/main/de/uka/ilkd/key/java/JavaRedux/java/lang/System.java, Keeping one from URL:file:/home/runner/work/key/key/key.core/build/resources/main/de/uka/ilkd/key/java/JavaRedux/java/lang/System.java 
90296      DEBUG main            d.u.i.k.j.r.ClassFileDeclarationBuilder Parsing: package java.io; public class Closeable { } 
90296      DEBUG main            r.s.KeYCrossReferenceSourceInfo Dynamically created class: java.io.Closeable 
92601      DEBUG main            d.u.i.k.p.i.AbstractProblemLoader Init config took 2.33s 
92617      INFO  main            d.u.i.k.p.i.AbstractProblemLoader Replaying proof continue2.key 
92618      DEBUG main            d.u.i.k.p.i.IntermediateProofReplayer Proof replay took 7ns 
92924      INFO  main            d.u.i.k.p.r.p.TestFile    ... finished proof: closed. 
93178      INFO  main            d.u.i.k.p.i.AbstractProblemLoader Loading environment from /home/runner/work/key/key/key.core/../key.ui/examples/standard_key/java_dl/continue2.key.proof 
93178      DEBUG main            d.u.i.k.p.i.AbstractProblemLoader Environment load took 481.43ns 
93179      INFO  main            d.u.i.k.p.i.AbstractProblemLoader Creating init config 
93201      WARN  main            d.u.i.k.j.r.KeYCrossReferenceNameInfo Datatype java.io.PrintStream declared twice: Once in FILE:/home/runner/work/key/key/key.core/../key.ui/examples/standard_key/java_dl/classpath/PrintStream.java and once in URL:file:/home/runner/work/key/key/key.core/build/resources/main/de/uka/ilkd/key/java/JavaRedux/java/io/PrintStream.java, Keeping one from URL:file:/home/runner/work/key/key/key.core/build/resources/main/de/uka/ilkd/key/java/JavaRedux/java/io/PrintStream.java 
93201      WARN  main            d.u.i.k.j.r.KeYCrossReferenceNameInfo Datatype java.io.InputStream declared twice: Once in FILE:/home/runner/work/key/key/key.core/../key.ui/examples/standard_key/java_dl/classpath/InputStream.java and once in URL:file:/home/runner/work/key/key/key.core/build/resources/main/de/uka/ilkd/key/java/JavaRedux/java/io/InputStream.java, Keeping one from URL:file:/home/runner/work/key/key/key.core/build/resources/main/de/uka/ilkd/key/java/JavaRedux/java/io/InputStream.java 
93201      WARN  main            d.u.i.k.j.r.KeYCrossReferenceNameInfo Datatype java.lang.System declared twice: Once in FILE:/home/runner/work/key/key/key.core/../key.ui/examples/standard_key/java_dl/classpath/System.java and once in URL:file:/home/runner/work/key/key/key.core/build/resources/main/de/uka/ilkd/key/java/JavaRedux/java/lang/System.java, Keeping one from URL:file:/home/runner/work/key/key/key.core/build/resources/main/de/uka/ilkd/key/java/JavaRedux/java/lang/System.java 
93205      DEBUG main            d.u.i.k.j.r.ClassFileDeclarationBuilder Parsing: package java.io; public class Closeable { } 
93205      DEBUG main            r.s.KeYCrossReferenceSourceInfo Dynamically created class: java.io.Closeable 
95567      DEBUG main            d.u.i.k.p.i.AbstractProblemLoader Init config took 2.39s 
95583      INFO  main            d.u.i.k.p.i.AbstractProblemLoader Replaying proof continue2.key.proof 
95661      DEBUG main            d.u.i.k.p.i.IntermediateProofReplayer Proof replay took 75.21ms 
95662      DEBUG main            d.u.i.k.p.r.p.TestFile    ... success: reloaded. 
95663      INFO  main            d.u.i.k.p.r.p.TestFile    Now processing file /home/runner/work/key/key/key.core/../key.ui/examples/standard_key/java_dl/complexAssignment.key 
95663      INFO  main            d.u.i.k.p.i.AbstractProblemLoader Loading environment from /home/runner/work/key/key/key.core/../key.ui/examples/standard_key/java_dl/complexAssignment.key 
95663      DEBUG main            d.u.i.k.p.i.AbstractProblemLoader Environment load took 95.71ns 
95664      INFO  main            d.u.i.k.p.i.AbstractProblemLoader Creating init config 
98013      DEBUG main            d.u.i.k.p.i.AbstractProblemLoader Init config took 2.35s 
98028      INFO  main            d.u.i.k.p.i.AbstractProblemLoader Replaying proof complexAssignment.key 
98030      DEBUG main            d.u.i.k.p.i.IntermediateProofReplayer Proof replay took 6.7ns 
98133      INFO  main            d.u.i.k.p.r.p.TestFile    ... finished proof: closed. 
98382      INFO  main            d.u.i.k.p.i.AbstractProblemLoader Loading environment from /home/runner/work/key/key/key.core/../key.ui/examples/standard_key/java_dl/complexAssignment.key.proof 
98383      DEBUG main            d.u.i.k.p.i.AbstractProblemLoader Environment load took 122.81ns 
98384      INFO  main            d.u.i.k.p.i.AbstractProblemLoader Creating init config 
100657     DEBUG main            d.u.i.k.p.i.AbstractProblemLoader Init config took 2.27s 
100674     INFO  main            d.u.i.k.p.i.AbstractProblemLoader Replaying proof complexAssignment.key.proof 
100687     DEBUG main            d.u.i.k.p.i.IntermediateProofReplayer Proof replay took 8.35ms 
100688     DEBUG main            d.u.i.k.p.r.p.TestFile    ... success: reloaded. 
100688     INFO  main            d.u.i.k.p.r.p.TestFile    Now processing file /home/runner/work/key/key/key.core/../key.ui/examples/standard_key/java_dl/danglingElseSolution1.key 
100689     INFO  main            d.u.i.k.p.i.AbstractProblemLoader Loading environment from /home/runner/work/key/key/key.core/../key.ui/examples/standard_key/java_dl/danglingElseSolution1.key 
100689     DEBUG main            d.u.i.k.p.i.AbstractProblemLoader Environment load took 145.01ns 
100690     INFO  main            d.u.i.k.p.i.AbstractProblemLoader Creating init config 
103040     DEBUG main            d.u.i.k.p.i.AbstractProblemLoader Init config took 2.35s 
103056     INFO  main            d.u.i.k.p.i.AbstractProblemLoader Replaying proof danglingElseSolution1.key 
103059     DEBUG main            d.u.i.k.p.i.IntermediateProofReplayer Proof replay took 7.7ns 
103162     INFO  main            d.u.i.k.p.r.p.TestFile    ... finished proof: closed. 
103403     INFO  main            d.u.i.k.p.i.AbstractProblemLoader Loading environment from /home/runner/work/key/key/key.core/../key.ui/examples/standard_key/java_dl/danglingElseSolution1.key.proof 
103403     DEBUG main            d.u.i.k.p.i.AbstractProblemLoader Environment load took 117.71ns 
103404     INFO  main            d.u.i.k.p.i.AbstractProblemLoader Creating init config 
105632     DEBUG main            d.u.i.k.p.i.AbstractProblemLoader Init config took 2.23s 
105648     INFO  main            d.u.i.k.p.i.AbstractProblemLoader Replaying proof danglingElseSolution1.key.proof 
105659     DEBUG main            d.u.i.k.p.i.IntermediateProofReplayer Proof replay took 9.51ms 
105660     DEBUG main            d.u.i.k.p.r.p.TestFile    ... success: reloaded. 
105661     INFO  main            d.u.i.k.p.r.p.TestFile    Now processing file /home/runner/work/key/key/key.core/../key.ui/examples/standard_key/java_dl/danglingElseSolution2.key 
105661     INFO  main            d.u.i.k.p.i.AbstractProblemLoader Loading environment from /home/runner/work/key/key/key.core/../key.ui/examples/standard_key/java_dl/danglingElseSolution2.key 
105661     DEBUG main            d.u.i.k.p.i.AbstractProblemLoader Environment load took 61ns 
105662     INFO  main            d.u.i.k.p.i.AbstractProblemLoader Creating init config 
107951     DEBUG main            d.u.i.k.p.i.AbstractProblemLoader Init config took 2.29s 
107966     INFO  main            d.u.i.k.p.i.AbstractProblemLoader Replaying proof danglingElseSolution2.key 
107967     DEBUG main            d.u.i.k.p.i.IntermediateProofReplayer Proof replay took 6ns 
108072     INFO  main            d.u.i.k.p.r.p.TestFile    ... finished proof: closed. 
108327     INFO  main            d.u.i.k.p.i.AbstractProblemLoader Loading environment from /home/runner/work/key/key/key.core/../key.ui/examples/standard_key/java_dl/danglingElseSolution2.key.proof 
108327     DEBUG main            d.u.i.k.p.i.AbstractProblemLoader Environment load took 135.61ns 
108328     INFO  main            d.u.i.k.p.i.AbstractProblemLoader Creating init config 
110553     DEBUG main            d.u.i.k.p.i.AbstractProblemLoader Init config took 2.22s 
110567     INFO  main            d.u.i.k.p.i.AbstractProblemLoader Replaying proof danglingElseSolution2.key.proof 
110577     DEBUG main            d.u.i.k.p.i.IntermediateProofReplayer Proof replay took 8.2ms 
110578     DEBUG main            d.u.i.k.p.r.p.TestFile    ... success: reloaded. 
110579     INFO  main            d.u.i.k.p.r.p.TestFile    Now processing file /home/runner/work/key/key/key.core/../key.ui/examples/standard_key/java_dl/deepNonNull/deepNonNull0.key 
110579     INFO  main            d.u.i.k.p.i.AbstractProblemLoader Loading environment from /home/runner/work/key/key/key.core/../key.ui/examples/standard_key/java_dl/deepNonNull/deepNonNull0.key 
110579     DEBUG main            d.u.i.k.p.i.AbstractProblemLoader Environment load took 67.7ns 
110580     INFO  main            d.u.i.k.p.i.AbstractProblemLoader Creating init config 
112796     DEBUG main            d.u.i.k.p.i.AbstractProblemLoader Init config took 2.22s 
112836     INFO  main            d.u.i.k.p.i.AbstractProblemLoader Replaying proof Arrays[Arrays::get()].JML operation contract.0 
112838     DEBUG main            d.u.i.k.p.i.IntermediateProofReplayer Proof replay took 6.3ns 
113041     INFO  main            d.u.i.k.p.r.p.TestFile    ... finished proof: closed. 
113302     INFO  main            d.u.i.k.p.i.AbstractProblemLoader Loading environment from /home/runner/work/key/key/key.core/../key.ui/examples/standard_key/java_dl/deepNonNull/deepNonNull0.key.proof 
113302     DEBUG main            d.u.i.k.p.i.AbstractProblemLoader Environment load took 108.01ns 
113303     INFO  main            d.u.i.k.p.i.AbstractProblemLoader Creating init config 
115596     DEBUG main            d.u.i.k.p.i.AbstractProblemLoader Init config took 2.29s 
115633     INFO  main            d.u.i.k.p.i.AbstractProblemLoader Replaying proof Arrays[Arrays::get()].JML operation contract.0 
115677     DEBUG main            d.u.i.k.p.i.IntermediateProofReplayer Proof replay took 41.93ms 
115678     DEBUG main            d.u.i.k.p.r.p.TestFile    ... success: reloaded. 
115679     INFO  main            d.u.i.k.p.r.p.TestFile    Now processing file /home/runner/work/key/key/key.core/../key.ui/examples/standard_key/java_dl/deepNonNull/deepNonNull1.key 
115679     INFO  main            d.u.i.k.p.i.AbstractProblemLoader Loading environment from /home/runner/work/key/key/key.core/../key.ui/examples/standard_key/java_dl/deepNonNull/deepNonNull1.key 
115679     DEBUG main            d.u.i.k.p.i.AbstractProblemLoader Environment load took 56.6ns 
115680     INFO  main            d.u.i.k.p.i.AbstractProblemLoader Creating init config 
118058     DEBUG main            d.u.i.k.p.i.AbstractProblemLoader Init config took 2.38s 
118097     INFO  main            d.u.i.k.p.i.AbstractProblemLoader Replaying proof Arrays[Arrays::head()].JML operation contract.0 
118099     DEBUG main            d.u.i.k.p.i.IntermediateProofReplayer Proof replay took 6.9ns 
118301     INFO  main            d.u.i.k.p.r.p.TestFile    ... finished proof: closed. 
118568     INFO  main            d.u.i.k.p.i.AbstractProblemLoader Loading environment from /home/runner/work/key/key/key.core/../key.ui/examples/standard_key/java_dl/deepNonNull/deepNonNull1.key.proof 
118569     DEBUG main            d.u.i.k.p.i.AbstractProblemLoader Environment load took 114.11ns 
118569     INFO  main            d.u.i.k.p.i.AbstractProblemLoader Creating init config 
120810     DEBUG main            d.u.i.k.p.i.AbstractProblemLoader Init config took 2.24s 
120846     INFO  main            d.u.i.k.p.i.AbstractProblemLoader Replaying proof Arrays[Arrays::head()].JML operation contract.0 
120891     DEBUG main            d.u.i.k.p.i.IntermediateProofReplayer Proof replay took 25.52ms 
120892     DEBUG main            d.u.i.k.p.r.p.TestFile    ... success: reloaded. 
120892     INFO  main            d.u.i.k.p.r.p.TestFile    Now processing file /home/runner/work/key/key/key.core/../key.ui/examples/standard_key/java_dl/deepNonNull/deepNonNull2.key 
120893     INFO  main            d.u.i.k.p.i.AbstractProblemLoader Loading environment from /home/runner/work/key/key/key.core/../key.ui/examples/standard_key/java_dl/deepNonNull/deepNonNull2.key 
120893     DEBUG main            d.u.i.k.p.i.AbstractProblemLoader Environment load took 190.81ns 
120894     INFO  main            d.u.i.k.p.i.AbstractProblemLoader Creating init config 
123229     DEBUG main            d.u.i.k.p.i.AbstractProblemLoader Init config took 2.34s 
123266     INFO  main            d.u.i.k.p.i.AbstractProblemLoader Replaying proof Arrays[Arrays::unprovable(java.lang.Object)].JML operation contract.0 
123268     DEBUG main            d.u.i.k.p.i.IntermediateProofReplayer Proof replay took 6.6ns 
123377     INFO  main            d.u.i.k.p.r.p.TestFile    ... finished proof: open goal(s) 
123652     INFO  main            d.u.i.k.p.r.p.TestFile    Now processing file /home/runner/work/key/key/key.core/../key.ui/examples/standard_key/java_dl/deepNonNull/deepNonNull3.key 
123652     INFO  main            d.u.i.k.p.i.AbstractProblemLoader Loading environment from /home/runner/work/key/key/key.core/../key.ui/examples/standard_key/java_dl/deepNonNull/deepNonNull3.key 
123653     DEBUG main            d.u.i.k.p.i.AbstractProblemLoader Environment load took 66.81ns 
123653     INFO  main            d.u.i.k.p.i.AbstractProblemLoader Creating init config 
125960     DEBUG main            d.u.i.k.p.i.AbstractProblemLoader Init config took 2.31s 
125998     INFO  main            d.u.i.k.p.i.AbstractProblemLoader Replaying proof Arrays[Arrays::head([[[[Ljava.lang.Object)].JML operation contract.0 
126000     DEBUG main            d.u.i.k.p.i.IntermediateProofReplayer Proof replay took 6.1ns 
126913     INFO  main            d.u.i.k.p.r.p.TestFile    ... finished proof: closed. 
127363     INFO  main            d.u.i.k.p.i.AbstractProblemLoader Loading environment from /home/runner/work/key/key/key.core/../key.ui/examples/standard_key/java_dl/deepNonNull/deepNonNull3.key.proof 
127365     DEBUG main            d.u.i.k.p.i.AbstractProblemLoader Environment load took 1.4ms 
127366     INFO  main            d.u.i.k.p.i.AbstractProblemLoader Creating init config 
129623     DEBUG main            d.u.i.k.p.i.AbstractProblemLoader Init config took 2.26s 
129657     INFO  main            d.u.i.k.p.i.AbstractProblemLoader Replaying proof Arrays[Arrays::head([[[[Ljava.lang.Object)].JML operation contract.0 
129764     DEBUG main            d.u.i.k.p.i.IntermediateProofReplayer Proof replay took 101.29ms 
129765     DEBUG main            d.u.i.k.p.r.p.TestFile    ... success: reloaded. 
129765     INFO  main            d.u.i.k.p.r.p.TestFile    Now processing file /home/runner/work/key/key/key.core/../key.ui/examples/standard_key/java_dl/exceptions.key 
129766     INFO  main            d.u.i.k.p.i.AbstractProblemLoader Loading environment from /home/runner/work/key/key/key.core/../key.ui/examples/standard_key/java_dl/exceptions.key 
129766     DEBUG main            d.u.i.k.p.i.AbstractProblemLoader Environment load took 119.61ns 
129767     INFO  main            d.u.i.k.p.i.AbstractProblemLoader Creating init config 
129789     WARN  main            d.u.i.k.j.r.KeYCrossReferenceNameInfo Datatype java.io.PrintStream declared twice: Once in FILE:/home/runner/work/key/key/key.core/../key.ui/examples/standard_key/java_dl/classpath/PrintStream.java and once in URL:file:/home/runner/work/key/key/key.core/build/resources/main/de/uka/ilkd/key/java/JavaRedux/java/io/PrintStream.java, Keeping one from URL:file:/home/runner/work/key/key/key.core/build/resources/main/de/uka/ilkd/key/java/JavaRedux/java/io/PrintStream.java 
129789     WARN  main            d.u.i.k.j.r.KeYCrossReferenceNameInfo Datatype java.io.InputStream declared twice: Once in FILE:/home/runner/work/key/key/key.core/../key.ui/examples/standard_key/java_dl/classpath/InputStream.java and once in URL:file:/home/runner/work/key/key/key.core/build/resources/main/de/uka/ilkd/key/java/JavaRedux/java/io/InputStream.java, Keeping one from URL:file:/home/runner/work/key/key/key.core/build/resources/main/de/uka/ilkd/key/java/JavaRedux/java/io/InputStream.java 
129789     WARN  main            d.u.i.k.j.r.KeYCrossReferenceNameInfo Datatype java.lang.System declared twice: Once in FILE:/home/runner/work/key/key/key.core/../key.ui/examples/standard_key/java_dl/classpath/System.java and once in URL:file:/home/runner/work/key/key/key.core/build/resources/main/de/uka/ilkd/key/java/JavaRedux/java/lang/System.java, Keeping one from URL:file:/home/runner/work/key/key/key.core/build/resources/main/de/uka/ilkd/key/java/JavaRedux/java/lang/System.java 
129793     DEBUG main            d.u.i.k.j.r.ClassFileDeclarationBuilder Parsing: package java.io; public class Closeable { } 
129793     DEBUG main            r.s.KeYCrossReferenceSourceInfo Dynamically created class: java.io.Closeable 
132047     DEBUG main            d.u.i.k.p.i.AbstractProblemLoader Init config took 2.28s 
132061     INFO  main            d.u.i.k.p.i.AbstractProblemLoader Replaying proof exceptions.key 
132062     DEBUG main            d.u.i.k.p.i.IntermediateProofReplayer Proof replay took 8ns 
132268     INFO  main            d.u.i.k.p.r.p.TestFile    ... finished proof: closed. 
132553     INFO  main            d.u.i.k.p.i.AbstractProblemLoader Loading environment from /home/runner/work/key/key/key.core/../key.ui/examples/standard_key/java_dl/exceptions.key.proof 
132553     DEBUG main            d.u.i.k.p.i.AbstractProblemLoader Environment load took 106.71ns 
132555     INFO  main            d.u.i.k.p.i.AbstractProblemLoader Creating init config 
132577     WARN  main            d.u.i.k.j.r.KeYCrossReferenceNameInfo Datatype java.io.PrintStream declared twice: Once in FILE:/home/runner/work/key/key/key.core/../key.ui/examples/standard_key/java_dl/classpath/PrintStream.java and once in URL:file:/home/runner/work/key/key/key.core/build/resources/main/de/uka/ilkd/key/java/JavaRedux/java/io/PrintStream.java, Keeping one from URL:file:/home/runner/work/key/key/key.core/build/resources/main/de/uka/ilkd/key/java/JavaRedux/java/io/PrintStream.java 
132578     WARN  main            d.u.i.k.j.r.KeYCrossReferenceNameInfo Datatype java.io.InputStream declared twice: Once in FILE:/home/runner/work/key/key/key.core/../key.ui/examples/standard_key/java_dl/classpath/InputStream.java and once in URL:file:/home/runner/work/key/key/key.core/build/resources/main/de/uka/ilkd/key/java/JavaRedux/java/io/InputStream.java, Keeping one from URL:file:/home/runner/work/key/key/key.core/build/resources/main/de/uka/ilkd/key/java/JavaRedux/java/io/InputStream.java 
132578     WARN  main            d.u.i.k.j.r.KeYCrossReferenceNameInfo Datatype java.lang.System declared twice: Once in FILE:/home/runner/work/key/key/key.core/../key.ui/examples/standard_key/java_dl/classpath/System.java and once in URL:file:/home/runner/work/key/key/key.core/build/resources/main/de/uka/ilkd/key/java/JavaRedux/java/lang/System.java, Keeping one from URL:file:/home/runner/work/key/key/key.core/build/resources/main/de/uka/ilkd/key/java/JavaRedux/java/lang/System.java 
132581     DEBUG main            d.u.i.k.j.r.ClassFileDeclarationBuilder Parsing: package java.io; public class Closeable { } 
132582     DEBUG main            r.s.KeYCrossReferenceSourceInfo Dynamically created class: java.io.Closeable 
134837     DEBUG main            d.u.i.k.p.i.AbstractProblemLoader Init config took 2.28s 
134856     INFO  main            d.u.i.k.p.i.AbstractProblemLoader Replaying proof exceptions.key.proof 
134911     DEBUG main            d.u.i.k.p.i.IntermediateProofReplayer Proof replay took 52.09ms 
134913     DEBUG main            d.u.i.k.p.r.p.TestFile    ... success: reloaded. 
134914     INFO  main            d.u.i.k.p.r.p.TestFile    Now processing file /home/runner/work/key/key/key.core/../key.ui/examples/standard_key/java_dl/exceptions1.key 
134914     INFO  main            d.u.i.k.p.i.AbstractProblemLoader Loading environment from /home/runner/work/key/key/key.core/../key.ui/examples/standard_key/java_dl/exceptions1.key 
134914     DEBUG main            d.u.i.k.p.i.AbstractProblemLoader Environment load took 201.51ns 
134916     INFO  main            d.u.i.k.p.i.AbstractProblemLoader Creating init config 
137209     DEBUG main            d.u.i.k.p.i.AbstractProblemLoader Init config took 2.29s 
137225     INFO  main            d.u.i.k.p.i.AbstractProblemLoader Replaying proof exceptions1.key 
137227     DEBUG main            d.u.i.k.p.i.IntermediateProofReplayer Proof replay took 18.7ns 
137329     INFO  main            d.u.i.k.p.r.p.TestFile    ... finished proof: closed. 
137625     INFO  main            d.u.i.k.p.i.AbstractProblemLoader Loading environment from /home/runner/work/key/key/key.core/../key.ui/examples/standard_key/java_dl/exceptions1.key.proof 
137625     DEBUG main            d.u.i.k.p.i.AbstractProblemLoader Environment load took 103.11ns 
137626     INFO  main            d.u.i.k.p.i.AbstractProblemLoader Creating init config 
139889     DEBUG main            d.u.i.k.p.i.AbstractProblemLoader Init config took 2.26s 
139905     INFO  main            d.u.i.k.p.i.AbstractProblemLoader Replaying proof exceptions1.key.proof 
139936     DEBUG main            d.u.i.k.p.i.IntermediateProofReplayer Proof replay took 29.01ms 
139937     DEBUG main            d.u.i.k.p.r.p.TestFile    ... success: reloaded. 
139938     INFO  main            d.u.i.k.p.r.p.TestFile    Now processing file /home/runner/work/key/key/key.core/../key.ui/examples/standard_key/java_dl/exceptions2.key 
139938     INFO  main            d.u.i.k.p.i.AbstractProblemLoader Loading environment from /home/runner/work/key/key/key.core/../key.ui/examples/standard_key/java_dl/exceptions2.key 
139938     DEBUG main            d.u.i.k.p.i.AbstractProblemLoader Environment load took 51.2ns 
139939     INFO  main            d.u.i.k.p.i.AbstractProblemLoader Creating init config 
142346     DEBUG main            d.u.i.k.p.i.AbstractProblemLoader Init config took 2.41s 
142363     INFO  main            d.u.i.k.p.i.AbstractProblemLoader Replaying proof exceptions2.key 
142365     DEBUG main            d.u.i.k.p.i.IntermediateProofReplayer Proof replay took 7.4ns 
142568     INFO  main            d.u.i.k.p.r.p.TestFile    ... finished proof: closed. 
142865     INFO  main            d.u.i.k.p.i.AbstractProblemLoader Loading environment from /home/runner/work/key/key/key.core/../key.ui/examples/standard_key/java_dl/exceptions2.key.proof 
142865     DEBUG main            d.u.i.k.p.i.AbstractProblemLoader Environment load took 109.41ns 
142866     INFO  main            d.u.i.k.p.i.AbstractProblemLoader Creating init config 
145065     DEBUG main            d.u.i.k.p.i.AbstractProblemLoader Init config took 2.2s 
145083     INFO  main            d.u.i.k.p.i.AbstractProblemLoader Replaying proof exceptions2.key.proof 
145116     DEBUG main            d.u.i.k.p.i.IntermediateProofReplayer Proof replay took 30.01ms 
145121     DEBUG main            d.u.i.k.p.r.p.TestFile    ... success: reloaded. 
145122     INFO  main            d.u.i.k.p.r.p.TestFile    Now processing file /home/runner/work/key/key/key.core/../key.ui/examples/standard_key/java_dl/exceptions3.key 
145123     INFO  main            d.u.i.k.p.i.AbstractProblemLoader Loading environment from /home/runner/work/key/key/key.core/../key.ui/examples/standard_key/java_dl/exceptions3.key 
145123     DEBUG main            d.u.i.k.p.i.AbstractProblemLoader Environment load took 242.51ns 
145124     INFO  main            d.u.i.k.p.i.AbstractProblemLoader Creating init config 
145147     WARN  main            d.u.i.k.j.r.KeYCrossReferenceNameInfo Datatype java.io.PrintStream declared twice: Once in FILE:/home/runner/work/key/key/key.core/../key.ui/examples/standard_key/java_dl/classpath/PrintStream.java and once in URL:file:/home/runner/work/key/key/key.core/build/resources/main/de/uka/ilkd/key/java/JavaRedux/java/io/PrintStream.java, Keeping one from URL:file:/home/runner/work/key/key/key.core/build/resources/main/de/uka/ilkd/key/java/JavaRedux/java/io/PrintStream.java 
145147     WARN  main            d.u.i.k.j.r.KeYCrossReferenceNameInfo Datatype java.io.InputStream declared twice: Once in FILE:/home/runner/work/key/key/key.core/../key.ui/examples/standard_key/java_dl/classpath/InputStream.java and once in URL:file:/home/runner/work/key/key/key.core/build/resources/main/de/uka/ilkd/key/java/JavaRedux/java/io/InputStream.java, Keeping one from URL:file:/home/runner/work/key/key/key.core/build/resources/main/de/uka/ilkd/key/java/JavaRedux/java/io/InputStream.java 
145148     WARN  main            d.u.i.k.j.r.KeYCrossReferenceNameInfo Datatype java.lang.System declared twice: Once in FILE:/home/runner/work/key/key/key.core/../key.ui/examples/standard_key/java_dl/classpath/System.java and once in URL:file:/home/runner/work/key/key/key.core/build/resources/main/de/uka/ilkd/key/java/JavaRedux/java/lang/System.java, Keeping one from URL:file:/home/runner/work/key/key/key.core/build/resources/main/de/uka/ilkd/key/java/JavaRedux/java/lang/System.java 
145151     DEBUG main            d.u.i.k.j.r.ClassFileDeclarationBuilder Parsing: package java.io; public class Closeable { } 
145152     DEBUG main            r.s.KeYCrossReferenceSourceInfo Dynamically created class: java.io.Closeable 
147452     DEBUG main            d.u.i.k.p.i.AbstractProblemLoader Init config took 2.33s 
147466     INFO  main            d.u.i.k.p.i.AbstractProblemLoader Replaying proof exceptions3.key 
147468     DEBUG main            d.u.i.k.p.i.IntermediateProofReplayer Proof replay took 7.4ns 
147572     INFO  main            d.u.i.k.p.r.p.TestFile    ... finished proof: closed. 
147858     INFO  main            d.u.i.k.p.i.AbstractProblemLoader Loading environment from /home/runner/work/key/key/key.core/../key.ui/examples/standard_key/java_dl/exceptions3.key.proof 
147858     DEBUG main            d.u.i.k.p.i.AbstractProblemLoader Environment load took 98.41ns 
147859     INFO  main            d.u.i.k.p.i.AbstractProblemLoader Creating init config 
147879     WARN  main            d.u.i.k.j.r.KeYCrossReferenceNameInfo Datatype java.io.PrintStream declared twice: Once in FILE:/home/runner/work/key/key/key.core/../key.ui/examples/standard_key/java_dl/classpath/PrintStream.java and once in URL:file:/home/runner/work/key/key/key.core/build/resources/main/de/uka/ilkd/key/java/JavaRedux/java/io/PrintStream.java, Keeping one from URL:file:/home/runner/work/key/key/key.core/build/resources/main/de/uka/ilkd/key/java/JavaRedux/java/io/PrintStream.java 
147879     WARN  main            d.u.i.k.j.r.KeYCrossReferenceNameInfo Datatype java.io.InputStream declared twice: Once in FILE:/home/runner/work/key/key/key.core/../key.ui/examples/standard_key/java_dl/classpath/InputStream.java and once in URL:file:/home/runner/work/key/key/key.core/build/resources/main/de/uka/ilkd/key/java/JavaRedux/java/io/InputStream.java, Keeping one from URL:file:/home/runner/work/key/key/key.core/build/resources/main/de/uka/ilkd/key/java/JavaRedux/java/io/InputStream.java 
147880     WARN  main            d.u.i.k.j.r.KeYCrossReferenceNameInfo Datatype java.lang.System declared twice: Once in FILE:/home/runner/work/key/key/key.core/../key.ui/examples/standard_key/java_dl/classpath/System.java and once in URL:file:/home/runner/work/key/key/key.core/build/resources/main/de/uka/ilkd/key/java/JavaRedux/java/lang/System.java, Keeping one from URL:file:/home/runner/work/key/key/key.core/build/resources/main/de/uka/ilkd/key/java/JavaRedux/java/lang/System.java 
147883     DEBUG main            d.u.i.k.j.r.ClassFileDeclarationBuilder Parsing: package java.io; public class Closeable { } 
147884     DEBUG main            r.s.KeYCrossReferenceSourceInfo Dynamically created class: java.io.Closeable 
150125     DEBUG main            d.u.i.k.p.i.AbstractProblemLoader Init config took 2.27s 
150139     INFO  main            d.u.i.k.p.i.AbstractProblemLoader Replaying proof exceptions3.key.proof 
150144     DEBUG main            d.u.i.k.p.i.IntermediateProofReplayer Proof replay took 3.59ms 
150145     DEBUG main            d.u.i.k.p.r.p.TestFile    ... success: reloaded. 
150146     INFO  main            d.u.i.k.p.r.p.TestFile    Now processing file /home/runner/work/key/key/key.core/../key.ui/examples/standard_key/java_dl/exchange.key 
150146     INFO  main            d.u.i.k.p.i.AbstractProblemLoader Loading environment from /home/runner/work/key/key/key.core/../key.ui/examples/standard_key/java_dl/exchange.key 
150146     DEBUG main            d.u.i.k.p.i.AbstractProblemLoader Environment load took 85.61ns 
150147     INFO  main            d.u.i.k.p.i.AbstractProblemLoader Creating init config 
152356     DEBUG main            d.u.i.k.p.i.AbstractProblemLoader Init config took 2.21s 
152373     INFO  main            d.u.i.k.p.i.AbstractProblemLoader Replaying proof exchange.key 
152374     DEBUG main            d.u.i.k.p.i.IntermediateProofReplayer Proof replay took 7.8ns 
152479     INFO  main            d.u.i.k.p.r.p.TestFile    ... finished proof: closed. 
152770     INFO  main            d.u.i.k.p.i.AbstractProblemLoader Loading environment from /home/runner/work/key/key/key.core/../key.ui/examples/standard_key/java_dl/exchange.key.proof 
152770     DEBUG main            d.u.i.k.p.i.AbstractProblemLoader Environment load took 99.81ns 
152771     INFO  main            d.u.i.k.p.i.AbstractProblemLoader Creating init config 
154920     DEBUG main            d.u.i.k.p.i.AbstractProblemLoader Init config took 2.15s 
154942     INFO  main            d.u.i.k.p.i.AbstractProblemLoader Replaying proof exchange.key.proof 
154950     DEBUG main            d.u.i.k.p.i.IntermediateProofReplayer Proof replay took 5.43ms 
154951     DEBUG main            d.u.i.k.p.r.p.TestFile    ... success: reloaded. 
154951     INFO  main            d.u.i.k.p.r.p.TestFile    Now processing file /home/runner/work/key/key/key.core/../key.ui/examples/standard_key/java_dl/if.key 
154952     INFO  main            d.u.i.k.p.i.AbstractProblemLoader Loading environment from /home/runner/work/key/key/key.core/../key.ui/examples/standard_key/java_dl/if.key 
154952     DEBUG main            d.u.i.k.p.i.AbstractProblemLoader Environment load took 175.01ns 
154953     INFO  main            d.u.i.k.p.i.AbstractProblemLoader Creating init config 
157213     DEBUG main            d.u.i.k.p.i.AbstractProblemLoader Init config took 2.26s 
157227     INFO  main            d.u.i.k.p.i.AbstractProblemLoader Replaying proof if.key 
157229     DEBUG main            d.u.i.k.p.i.IntermediateProofReplayer Proof replay took 5.7ns 
157331     INFO  main            d.u.i.k.p.r.p.TestFile    ... finished proof: closed. 
157622     INFO  main            d.u.i.k.p.i.AbstractProblemLoader Loading environment from /home/runner/work/key/key/key.core/../key.ui/examples/standard_key/java_dl/if.key.proof 
157622     DEBUG main            d.u.i.k.p.i.AbstractProblemLoader Environment load took 101.51ns 
157623     INFO  main            d.u.i.k.p.i.AbstractProblemLoader Creating init config 
159817     DEBUG main            d.u.i.k.p.i.AbstractProblemLoader Init config took 2.19s 
159844     INFO  main            d.u.i.k.p.i.AbstractProblemLoader Replaying proof if.key.proof 
159849     DEBUG main            d.u.i.k.p.i.IntermediateProofReplayer Proof replay took 2.97ms 
159850     DEBUG main            d.u.i.k.p.r.p.TestFile    ... success: reloaded. 
159850     INFO  main            d.u.i.k.p.r.p.TestFile    Now processing file /home/runner/work/key/key/key.core/../key.ui/examples/standard_key/java_dl/incrementcounter.key 
159850     INFO  main            d.u.i.k.p.i.AbstractProblemLoader Loading environment from /home/runner/work/key/key/key.core/../key.ui/examples/standard_key/java_dl/incrementcounter.key 
159850     DEBUG main            d.u.i.k.p.i.AbstractProblemLoader Environment load took 51ns 
159851     INFO  main            d.u.i.k.p.i.AbstractProblemLoader Creating init config 
162091     DEBUG main            d.u.i.k.p.i.AbstractProblemLoader Init config took 2.24s 
162106     INFO  main            d.u.i.k.p.i.AbstractProblemLoader Replaying proof incrementcounter.key 
162108     DEBUG main            d.u.i.k.p.i.IntermediateProofReplayer Proof replay took 8ns 
162210     INFO  main            d.u.i.k.p.r.p.TestFile    ... finished proof: closed. 
162520     INFO  main            d.u.i.k.p.i.AbstractProblemLoader Loading environment from /home/runner/work/key/key/key.core/../key.ui/examples/standard_key/java_dl/incrementcounter.key.proof 
162521     DEBUG main            d.u.i.k.p.i.AbstractProblemLoader Environment load took 99.61ns 
162522     INFO  main            d.u.i.k.p.i.AbstractProblemLoader Creating init config 
164784     DEBUG main            d.u.i.k.p.i.AbstractProblemLoader Init config took 2.26s 
164799     INFO  main            d.u.i.k.p.i.AbstractProblemLoader Replaying proof incrementcounter.key.proof 
164803     DEBUG main            d.u.i.k.p.i.IntermediateProofReplayer Proof replay took 2.03ms 
164803     DEBUG main            d.u.i.k.p.r.p.TestFile    ... success: reloaded. 
164804     INFO  main            d.u.i.k.p.r.p.TestFile    Now processing file /home/runner/work/key/key/key.core/../key.ui/examples/standard_key/java_dl/danglingElse.key 
164804     INFO  main            d.u.i.k.p.i.AbstractProblemLoader Loading environment from /home/runner/work/key/key/key.core/../key.ui/examples/standard_key/java_dl/danglingElse.key 
164804     DEBUG main            d.u.i.k.p.i.AbstractProblemLoader Environment load took 55.4ns 
164805     INFO  main            d.u.i.k.p.i.AbstractProblemLoader Creating init config 
167222     DEBUG main            d.u.i.k.p.i.AbstractProblemLoader Init config took 2.42s 
167238     INFO  main            d.u.i.k.p.i.AbstractProblemLoader Replaying proof danglingElse.key 
167240     DEBUG main            d.u.i.k.p.i.IntermediateProofReplayer Proof replay took 7.3ns 
167343     INFO  main            d.u.i.k.p.r.p.TestFile    ... finished proof: open goal(s) 
167670     INFO  main            d.u.i.k.p.r.p.TestFile    Now processing file /home/runner/work/key/key/key.core/../key.ui/examples/standard_key/java_dl/iteratedAssignment.key 
167671     INFO  main            d.u.i.k.p.i.AbstractProblemLoader Loading environment from /home/runner/work/key/key/key.core/../key.ui/examples/standard_key/java_dl/iteratedAssignment.key 
167671     DEBUG main            d.u.i.k.p.i.AbstractProblemLoader Environment load took 95.21ns 
167672     INFO  main            d.u.i.k.p.i.AbstractProblemLoader Creating init config 
170025     DEBUG main            d.u.i.k.p.i.AbstractProblemLoader Init config took 2.35s 
170040     INFO  main            d.u.i.k.p.i.AbstractProblemLoader Replaying proof iteratedAssignment.key 
170044     DEBUG main            d.u.i.k.p.i.IntermediateProofReplayer Proof replay took 5.7ns 
170347     INFO  main            d.u.i.k.p.r.p.TestFile    ... finished proof: closed. 
170681     INFO  main            d.u.i.k.p.i.AbstractProblemLoader Loading environment from /home/runner/work/key/key/key.core/../key.ui/examples/standard_key/java_dl/iteratedAssignment.key.proof 
170681     DEBUG main            d.u.i.k.p.i.AbstractProblemLoader Environment load took 391.73ns 
170683     INFO  main            d.u.i.k.p.i.AbstractProblemLoader Creating init config 
173034     DEBUG main            d.u.i.k.p.i.AbstractProblemLoader Init config took 2.35s 
173050     INFO  main            d.u.i.k.p.i.AbstractProblemLoader Replaying proof iteratedAssignment.key.proof 
173116     DEBUG main            d.u.i.k.p.i.IntermediateProofReplayer Proof replay took 62.07ms 
173117     DEBUG main            d.u.i.k.p.r.p.TestFile    ... success: reloaded. 
173118     INFO  main            d.u.i.k.p.r.p.TestFile    Now processing file /home/runner/work/key/key/key.core/../key.ui/examples/standard_key/java_dl/assert/assert1.key 
173118     INFO  main            d.u.i.k.p.i.AbstractProblemLoader Loading environment from /home/runner/work/key/key/key.core/../key.ui/examples/standard_key/java_dl/assert/assert1.key 
173118     DEBUG main            d.u.i.k.p.i.AbstractProblemLoader Environment load took 267.62ns 
173119     INFO  main            d.u.i.k.p.i.AbstractProblemLoader Creating init config 
175565     DEBUG main            d.u.i.k.p.i.AbstractProblemLoader Init config took 2.45s 
175601     INFO  main            d.u.i.k.p.i.AbstractProblemLoader Replaying proof C[C::foo()].JML normal_behavior operation contract.0 
175604     DEBUG main            d.u.i.k.p.i.IntermediateProofReplayer Proof replay took 7ns 
175807     INFO  main            d.u.i.k.p.r.p.TestFile    ... finished proof: open goal(s) 
176154     INFO  main            d.u.i.k.p.r.p.TestFile    Now processing file /home/runner/work/key/key/key.core/../key.ui/examples/standard_key/java_dl/assert/assert2.key 
176154     INFO  main            d.u.i.k.p.i.AbstractProblemLoader Loading environment from /home/runner/work/key/key/key.core/../key.ui/examples/standard_key/java_dl/assert/assert2.key 
176154     DEBUG main            d.u.i.k.p.i.AbstractProblemLoader Environment load took 359.82ns 
176155     INFO  main            d.u.i.k.p.i.AbstractProblemLoader Creating init config 
178573     DEBUG main            d.u.i.k.p.i.AbstractProblemLoader Init config took 2.42s 
178613     INFO  main            d.u.i.k.p.i.AbstractProblemLoader Replaying proof C[C::bar()].JML exceptional_behavior operation contract.0 
178615     DEBUG main            d.u.i.k.p.i.IntermediateProofReplayer Proof replay took 6.2ns 
178818     INFO  main            d.u.i.k.p.r.p.TestFile    ... finished proof: closed. 
179153     INFO  main            d.u.i.k.p.i.AbstractProblemLoader Loading environment from /home/runner/work/key/key/key.core/../key.ui/examples/standard_key/java_dl/assert/assert2.key.proof 
179153     DEBUG main            d.u.i.k.p.i.AbstractProblemLoader Environment load took 106.51ns 
179155     INFO  main            d.u.i.k.p.i.AbstractProblemLoader Creating init config 
181546     DEBUG main            d.u.i.k.p.i.AbstractProblemLoader Init config took 2.39s 
181579     INFO  main            d.u.i.k.p.i.AbstractProblemLoader Replaying proof C[C::bar()].JML exceptional_behavior operation contract.0 
181624     DEBUG main            d.u.i.k.p.i.IntermediateProofReplayer Proof replay took 42.18ms 
181625     DEBUG main            d.u.i.k.p.r.p.TestFile    ... success: reloaded. 
181627     INFO  main            d.u.i.k.p.r.p.TestFile    Now processing file /home/runner/work/key/key/key.core/../key.ui/examples/standard_key/java_dl/assert/assert3.key 
181627     INFO  main            d.u.i.k.p.i.AbstractProblemLoader Loading environment from /home/runner/work/key/key/key.core/../key.ui/examples/standard_key/java_dl/assert/assert3.key 
181627     DEBUG main            d.u.i.k.p.i.AbstractProblemLoader Environment load took 228.62ns 
181628     INFO  main            d.u.i.k.p.i.AbstractProblemLoader Creating init config 
184028     DEBUG main            d.u.i.k.p.i.AbstractProblemLoader Init config took 2.4s 
184066     INFO  main            d.u.i.k.p.i.AbstractProblemLoader Replaying proof C[C::foo()].JML normal_behavior operation contract.0 
184069     DEBUG main            d.u.i.k.p.i.IntermediateProofReplayer Proof replay took 6.1ns 
184172     INFO  main            d.u.i.k.p.r.p.TestFile    ... finished proof: open goal(s) 
184580     INFO  main            d.u.i.k.p.r.p.TestFile    Now processing file /home/runner/work/key/key/key.core/../key.ui/examples/standard_key/java_dl/java5/vararg.key 
184580     INFO  main            d.u.i.k.p.i.AbstractProblemLoader Loading environment from /home/runner/work/key/key/key.core/../key.ui/examples/standard_key/java_dl/java5/vararg.key 
184580     DEBUG main            d.u.i.k.p.i.AbstractProblemLoader Environment load took 68.11ns 
184583     INFO  main            d.u.i.k.p.i.AbstractProblemLoader Creating init config 
185516     DEBUG main            d.u.i.k.j.r.ClassPreparationMethodBuilder clPrepBuilder: Inner Class detected. Reject building class initialisation methods. 
187374     DEBUG main            d.u.i.k.p.i.AbstractProblemLoader Init config took 2.79s 
187400     INFO  main            d.u.i.k.p.i.AbstractProblemLoader Replaying proof vararg.key 
187401     DEBUG main            d.u.i.k.p.i.IntermediateProofReplayer Proof replay took 8ns 
187689     DEBUG Thread-101      d.u.i.k.j.d.VariableSpecification Program match. Variables have different dimension (template #v0 = #vi;, source var#17[] = new java.lang.Object[]{d1, d2};) 
187848     DEBUG Thread-101      d.u.i.k.j.d.VariableSpecification Program match. Variables have different dimension (template #v0 = #vi;, source var#24[] = new java.lang.Object[]{d1, d2};) 
188040     DEBUG Thread-101      d.u.i.k.j.d.VariableSpecification Program match. Variables have different dimension (template #v0 = #vi;, source var#33[] = new java.lang.Object[]{var_1};) 
188041     DEBUG Thread-101      d.u.i.k.j.d.VariableSpecification Program match. Variables have different dimension (template #v0 = #vi;, source var#33[] = new java.lang.Object[]{var_1};) 
188178     DEBUG Thread-101      d.u.i.k.j.d.VariableSpecification Program match. Variables have different dimension (template #v0 = #vi;, source var#39[] = new java.lang.Object[]{null, null};) 
188326     DEBUG Thread-101      d.u.i.k.j.d.VariableSpecification Program match. Variables have different dimension (template #v0 = #vi;, source var#46[] = new java.lang.Object[]{};) 
188713     INFO  main            d.u.i.k.p.r.p.TestFile    ... finished proof: closed. 
189124     INFO  main            d.u.i.k.p.i.AbstractProblemLoader Loading environment from /home/runner/work/key/key/key.core/../key.ui/examples/standard_key/java_dl/java5/vararg.key.proof 
189125     DEBUG main            d.u.i.k.p.i.AbstractProblemLoader Environment load took 420.63ns 
189127     INFO  main            d.u.i.k.p.i.AbstractProblemLoader Creating init config 
189984     DEBUG main            d.u.i.k.j.r.ClassPreparationMethodBuilder clPrepBuilder: Inner Class detected. Reject building class initialisation methods. 
191742     DEBUG main            d.u.i.k.p.i.AbstractProblemLoader Init config took 2.62s 
191768     INFO  main            d.u.i.k.p.i.AbstractProblemLoader Replaying proof vararg.key.proof 
192109     DEBUG main            d.u.i.k.p.i.IntermediateProofReplayer Proof replay took 330.53ms 
192110     DEBUG main            d.u.i.k.p.r.p.TestFile    ... success: reloaded. 
192111     INFO  main            d.u.i.k.p.r.p.TestFile    Now processing file /home/runner/work/key/key/key.core/../key.ui/examples/standard_key/java_dl/java5/for_Array.key 
192111     INFO  main            d.u.i.k.p.i.AbstractProblemLoader Loading environment from /home/runner/work/key/key/key.core/../key.ui/examples/standard_key/java_dl/java5/for_Array.key 
192111     DEBUG main            d.u.i.k.p.i.AbstractProblemLoader Environment load took 90.81ns 
192112     INFO  main            d.u.i.k.p.i.AbstractProblemLoader Creating init config 
193014     DEBUG main            d.u.i.k.j.r.ClassPreparationMethodBuilder clPrepBuilder: Inner Class detected. Reject building class initialisation methods. 
194843     DEBUG main            d.u.i.k.p.i.AbstractProblemLoader Init config took 2.73s 
194897     INFO  main            d.u.i.k.p.i.AbstractProblemLoader Replaying proof For[For::sum([I)].JML operation contract.0 
194899     DEBUG main            d.u.i.k.p.i.IntermediateProofReplayer Proof replay took 6.9ns 
195305     INFO  main            d.u.i.k.p.r.p.TestFile    ... finished proof: closed. 
195752     INFO  main            d.u.i.k.p.i.AbstractProblemLoader Loading environment from /home/runner/work/key/key/key.core/../key.ui/examples/standard_key/java_dl/java5/for_Array.key.proof 
195752     DEBUG main            d.u.i.k.p.i.AbstractProblemLoader Environment load took 100.21ns 
195753     INFO  main            d.u.i.k.p.i.AbstractProblemLoader Creating init config 
196607     DEBUG main            d.u.i.k.j.r.ClassPreparationMethodBuilder clPrepBuilder: Inner Class detected. Reject building class initialisation methods. 
198338     DEBUG main            d.u.i.k.p.i.AbstractProblemLoader Init config took 2.59s 
198391     INFO  main            d.u.i.k.p.i.AbstractProblemLoader Replaying proof For[For::sum([I)].JML operation contract.0 
198483     DEBUG main            d.u.i.k.p.i.IntermediateProofReplayer Proof replay took 89.45ms 
198484     DEBUG main            d.u.i.k.p.r.p.TestFile    ... success: reloaded. 
198485     INFO  main            d.u.i.k.p.r.p.TestFile    Now processing file /home/runner/work/key/key/key.core/../key.ui/examples/standard_key/java_dl/java5/for_Iterable.key 
198485     INFO  main            d.u.i.k.p.i.AbstractProblemLoader Loading environment from /home/runner/work/key/key/key.core/../key.ui/examples/standard_key/java_dl/java5/for_Iterable.key 
198485     DEBUG main            d.u.i.k.p.i.AbstractProblemLoader Environment load took 46.4ns 
198486     INFO  main            d.u.i.k.p.i.AbstractProblemLoader Creating init config 
199387     DEBUG main            d.u.i.k.j.r.ClassPreparationMethodBuilder clPrepBuilder: Inner Class detected. Reject building class initialisation methods. 
201157     DEBUG main            d.u.i.k.p.i.AbstractProblemLoader Init config took 2.67s 
201210     INFO  main            d.u.i.k.p.i.AbstractProblemLoader Replaying proof For[For::infiniteLoop(For)].JML operation contract.0 
201211     DEBUG main            d.u.i.k.p.i.IntermediateProofReplayer Proof replay took 7.4ns 
201417     INFO  main            d.u.i.k.p.r.p.TestFile    ... finished proof: closed. 
201825     INFO  main            d.u.i.k.p.i.AbstractProblemLoader Loading environment from /home/runner/work/key/key/key.core/../key.ui/examples/standard_key/java_dl/java5/for_Iterable.key.proof 
201825     DEBUG main            d.u.i.k.p.i.AbstractProblemLoader Environment load took 100.11ns 
201826     INFO  main            d.u.i.k.p.i.AbstractProblemLoader Creating init config 
202680     DEBUG main            d.u.i.k.j.r.ClassPreparationMethodBuilder clPrepBuilder: Inner Class detected. Reject building class initialisation methods. 
204437     DEBUG main            d.u.i.k.p.i.AbstractProblemLoader Init config took 2.61s 
204488     INFO  main            d.u.i.k.p.i.AbstractProblemLoader Replaying proof For[For::infiniteLoop(For)].JML operation contract.0 
204543     DEBUG main            d.u.i.k.p.i.IntermediateProofReplayer Proof replay took 51.35ms 
204544     DEBUG main            d.u.i.k.p.r.p.TestFile    ... success: reloaded. 
204546     INFO  main            d.u.i.k.p.r.p.TestFile    Now processing file /home/runner/work/key/key/key.core/../key.ui/examples/standard_key/java_dl/java5/for_ReferenceArray.key 
204546     INFO  main            d.u.i.k.p.i.AbstractProblemLoader Loading environment from /home/runner/work/key/key/key.core/../key.ui/examples/standard_key/java_dl/java5/for_ReferenceArray.key 
204546     DEBUG main            d.u.i.k.p.i.AbstractProblemLoader Environment load took 184.31ns 
204547     INFO  main            d.u.i.k.p.i.AbstractProblemLoader Creating init config 
205405     DEBUG main            d.u.i.k.j.r.ClassPreparationMethodBuilder clPrepBuilder: Inner Class detected. Reject building class initialisation methods. 
207203     DEBUG main            d.u.i.k.p.i.AbstractProblemLoader Init config took 2.66s 
207258     INFO  main            d.u.i.k.p.i.AbstractProblemLoader Replaying proof ForReferenceArray[ForReferenceArray::foo([Ljava.lang.Object)].JML operation contract.0 
207260     DEBUG main            d.u.i.k.p.i.IntermediateProofReplayer Proof replay took 7.7ns 
207563     INFO  main            d.u.i.k.p.r.p.TestFile    ... finished proof: closed. 
207959     INFO  main            d.u.i.k.p.i.AbstractProblemLoader Loading environment from /home/runner/work/key/key/key.core/../key.ui/examples/standard_key/java_dl/java5/for_ReferenceArray.key.proof 
207959     DEBUG main            d.u.i.k.p.i.AbstractProblemLoader Environment load took 117.61ns 
207960     INFO  main            d.u.i.k.p.i.AbstractProblemLoader Creating init config 
208797     DEBUG main            d.u.i.k.j.r.ClassPreparationMethodBuilder clPrepBuilder: Inner Class detected. Reject building class initialisation methods. 
210531     DEBUG main            d.u.i.k.p.i.AbstractProblemLoader Init config took 2.57s 
210598     INFO  main            d.u.i.k.p.i.AbstractProblemLoader Replaying proof ForReferenceArray[ForReferenceArray::foo([Ljava.lang.Object)].JML operation contract.0 
210659     DEBUG main            d.u.i.k.p.i.IntermediateProofReplayer Proof replay took 58.05ms 
210660     DEBUG main            d.u.i.k.p.r.p.TestFile    ... success: reloaded. 
210661     INFO  main            d.u.i.k.p.r.p.TestFile    Now processing file /home/runner/work/key/key/key.core/../key.ui/examples/standard_key/java_dl/jml-bigint/cast.key 
210662     INFO  main            d.u.i.k.p.i.AbstractProblemLoader Loading environment from /home/runner/work/key/key/key.core/../key.ui/examples/standard_key/java_dl/jml-bigint/cast.key 
210662     DEBUG main            d.u.i.k.p.i.AbstractProblemLoader Environment load took 72.91ns 
210663     INFO  main            d.u.i.k.p.i.AbstractProblemLoader Creating init config 
213188     DEBUG main            d.u.i.k.p.i.AbstractProblemLoader Init config took 2.53s 
213223     INFO  main            d.u.i.k.p.i.AbstractProblemLoader Replaying proof Mult[Mult::cast()].JML operation contract.0 
213225     DEBUG main            d.u.i.k.p.i.IntermediateProofReplayer Proof replay took 7.2ns 
213327     INFO  main            d.u.i.k.p.r.p.TestFile    ... finished proof: closed. 
213796     INFO  main            d.u.i.k.p.i.AbstractProblemLoader Loading environment from /home/runner/work/key/key/key.core/../key.ui/examples/standard_key/java_dl/jml-bigint/cast.key.proof 
213796     DEBUG main            d.u.i.k.p.i.AbstractProblemLoader Environment load took 111.81ns 
213801     INFO  main            d.u.i.k.p.i.AbstractProblemLoader Creating init config 
216380     DEBUG main            d.u.i.k.p.i.AbstractProblemLoader Init config took 2.58s 
216413     INFO  main            d.u.i.k.p.i.AbstractProblemLoader Replaying proof Mult[Mult::cast()].JML operation contract.0 
216426     DEBUG main            d.u.i.k.p.i.IntermediateProofReplayer Proof replay took 11.54ms 
216427     DEBUG main            d.u.i.k.p.r.p.TestFile    ... success: reloaded. 
216428     INFO  main            d.u.i.k.p.r.p.TestFile    Now processing file /home/runner/work/key/key/key.core/../key.ui/examples/standard_key/java_dl/jml-free/loopInvFree.key 
216428     INFO  main            d.u.i.k.p.i.AbstractProblemLoader Loading environment from /home/runner/work/key/key/key.core/../key.ui/examples/standard_key/java_dl/jml-free/loopInvFree.key 
216428     DEBUG main            d.u.i.k.p.i.AbstractProblemLoader Environment load took 89.61ns 
216429     INFO  main            d.u.i.k.p.i.AbstractProblemLoader Creating init config 
218860     DEBUG main            d.u.i.k.p.i.AbstractProblemLoader Init config took 2.43s 
218893     INFO  main            d.u.i.k.p.i.AbstractProblemLoader Replaying proof LoopInvFree[LoopInvFree::test()].JML operation contract.0 
218894     DEBUG main            d.u.i.k.p.i.IntermediateProofReplayer Proof replay took 6.6ns 
219097     INFO  main            d.u.i.k.p.r.p.TestFile    ... finished proof: closed. 
219505     INFO  main            d.u.i.k.p.i.AbstractProblemLoader Loading environment from /home/runner/work/key/key/key.core/../key.ui/examples/standard_key/java_dl/jml-free/loopInvFree.key.proof 
219505     DEBUG main            d.u.i.k.p.i.AbstractProblemLoader Environment load took 93.21ns 
219506     INFO  main            d.u.i.k.p.i.AbstractProblemLoader Creating init config 
221829     DEBUG main            d.u.i.k.p.i.AbstractProblemLoader Init config took 2.32s 
221861     INFO  main            d.u.i.k.p.i.AbstractProblemLoader Replaying proof LoopInvFree[LoopInvFree::test()].JML operation contract.0 
221904     DEBUG main            d.u.i.k.p.i.IntermediateProofReplayer Proof replay took 41.11ms 
221905     DEBUG main            d.u.i.k.p.r.p.TestFile    ... success: reloaded. 
221906     INFO  main            d.u.i.k.p.r.p.TestFile    Now processing file /home/runner/work/key/key/key.core/../key.ui/examples/standard_key/java_dl/jml-free/ensuresFree.key 
221906     INFO  main            d.u.i.k.p.i.AbstractProblemLoader Loading environment from /home/runner/work/key/key/key.core/../key.ui/examples/standard_key/java_dl/jml-free/ensuresFree.key 
221906     DEBUG main            d.u.i.k.p.i.AbstractProblemLoader Environment load took 91.81ns 
221907     INFO  main            d.u.i.k.p.i.AbstractProblemLoader Creating init config 
224277     DEBUG main            d.u.i.k.p.i.AbstractProblemLoader Init config took 2.37s 
224319     INFO  main            d.u.i.k.p.i.AbstractProblemLoader Replaying proof EnsuresFree[EnsuresFree::test()].JML operation contract.0 
224320     DEBUG main            d.u.i.k.p.i.IntermediateProofReplayer Proof replay took 7.3ns 
224422     INFO  main            d.u.i.k.p.r.p.TestFile    ... finished proof: closed. 
224802     INFO  main            d.u.i.k.p.i.AbstractProblemLoader Loading environment from /home/runner/work/key/key/key.core/../key.ui/examples/standard_key/java_dl/jml-free/ensuresFree.key.proof 
224803     DEBUG main            d.u.i.k.p.i.AbstractProblemLoader Environment load took 102.41ns 
224803     INFO  main            d.u.i.k.p.i.AbstractProblemLoader Creating init config 
227173     DEBUG main            d.u.i.k.p.i.AbstractProblemLoader Init config took 2.37s 
227208     INFO  main            d.u.i.k.p.i.AbstractProblemLoader Replaying proof EnsuresFree[EnsuresFree::test()].JML operation contract.0 
227226     DEBUG main            d.u.i.k.p.i.IntermediateProofReplayer Proof replay took 15.88ms 
227226     DEBUG main            d.u.i.k.p.r.p.TestFile    ... success: reloaded. 
227227     INFO  main            d.u.i.k.p.r.p.TestFile    Now processing file /home/runner/work/key/key/key.core/../key.ui/examples/standard_key/java_dl/jml-information-flow.key 
227227     INFO  main            d.u.i.k.p.i.AbstractProblemLoader Loading environment from /home/runner/work/key/key/key.core/../key.ui/examples/standard_key/java_dl/jml-information-flow.key 
227227     DEBUG main            d.u.i.k.p.i.AbstractProblemLoader Environment load took 69.2ns 
227232     INFO  main            d.u.i.k.p.i.AbstractProblemLoader Creating init config 
229783     DEBUG main            d.u.i.k.p.i.AbstractProblemLoader Init config took 2.55s 
229801     INFO  main            d.u.i.k.p.i.AbstractProblemLoader Replaying proof jml-information-flow.key 
229803     DEBUG main            d.u.i.k.p.i.IntermediateProofReplayer Proof replay took 6.9ns 
361231     INFO  main            d.u.i.k.p.r.p.TestFile    ... finished proof: closed. 
361826     INFO  main            d.u.i.k.p.i.AbstractProblemLoader Loading environment from /home/runner/work/key/key/key.core/../key.ui/examples/standard_key/java_dl/jml-information-flow.key.proof 
361826     DEBUG main            d.u.i.k.p.i.AbstractProblemLoader Environment load took 350.13ns 
361836     INFO  main            d.u.i.k.p.i.AbstractProblemLoader Creating init config 
364422     DEBUG main            d.u.i.k.p.i.AbstractProblemLoader Init config took 2.59s 
364446     INFO  main            d.u.i.k.p.i.AbstractProblemLoader Replaying proof jml-information-flow.key.proof 
368816     DEBUG main            d.u.i.k.p.i.IntermediateProofReplayer Proof replay took 4.24s 
368825     DEBUG main            d.u.i.k.p.r.p.TestFile    ... success: reloaded. 
368826     INFO  main            d.u.i.k.p.r.p.TestFile    Now processing file /home/runner/work/key/key/key.core/../key.ui/examples/standard_key/java_dl/jml-min/min-unprovable1.key 
368826     INFO  main            d.u.i.k.p.i.AbstractProblemLoader Loading environment from /home/runner/work/key/key/key.core/../key.ui/examples/standard_key/java_dl/jml-min/min-unprovable1.key 
368826     DEBUG main            d.u.i.k.p.i.AbstractProblemLoader Environment load took 74.31ns 
368827     INFO  main            d.u.i.k.p.i.AbstractProblemLoader Creating init config 
371608     DEBUG main            d.u.i.k.p.i.AbstractProblemLoader Init config took 2.78s 
371641     INFO  main            d.u.i.k.p.i.AbstractProblemLoader Replaying proof Min[Min::foo()].JML operation contract.0 
371642     DEBUG main            d.u.i.k.p.i.IntermediateProofReplayer Proof replay took 7.2ns 
371746     INFO  main            d.u.i.k.p.r.p.TestFile    ... finished proof: open goal(s) 
372153     INFO  main            d.u.i.k.p.r.p.TestFile    Now processing file /home/runner/work/key/key/key.core/../key.ui/examples/standard_key/java_dl/jml-min/min-unprovable2.key 
372154     INFO  main            d.u.i.k.p.i.AbstractProblemLoader Loading environment from /home/runner/work/key/key/key.core/../key.ui/examples/standard_key/java_dl/jml-min/min-unprovable2.key 
372154     DEBUG main            d.u.i.k.p.i.AbstractProblemLoader Environment load took 66ns 
372155     INFO  main            d.u.i.k.p.i.AbstractProblemLoader Creating init config 
374625     DEBUG main            d.u.i.k.p.i.AbstractProblemLoader Init config took 2.47s 
374661     INFO  main            d.u.i.k.p.i.AbstractProblemLoader Replaying proof Min[Min::foo2()].JML operation contract.0 
374662     DEBUG main            d.u.i.k.p.i.IntermediateProofReplayer Proof replay took 7.1ns 
374764     INFO  main            d.u.i.k.p.r.p.TestFile    ... finished proof: open goal(s) 
375190     INFO  main            d.u.i.k.p.r.p.TestFile    Now processing file /home/runner/work/key/key/key.core/../key.ui/examples/standard_key/java_dl/methodCall.key 
375191     INFO  main            d.u.i.k.p.i.AbstractProblemLoader Loading environment from /home/runner/work/key/key/key.core/../key.ui/examples/standard_key/java_dl/methodCall.key 
375191     DEBUG main            d.u.i.k.p.i.AbstractProblemLoader Environment load took 62.01ns 
375192     INFO  main            d.u.i.k.p.i.AbstractProblemLoader Creating init config 
377664     DEBUG main            d.u.i.k.p.i.AbstractProblemLoader Init config took 2.47s 
377679     INFO  main            d.u.i.k.p.i.AbstractProblemLoader Replaying proof methodCall.key 
377681     DEBUG main            d.u.i.k.p.i.IntermediateProofReplayer Proof replay took 6.8ns 
377783     INFO  main            d.u.i.k.p.r.p.TestFile    ... finished proof: closed. 
378213     INFO  main            d.u.i.k.p.i.AbstractProblemLoader Loading environment from /home/runner/work/key/key/key.core/../key.ui/examples/standard_key/java_dl/methodCall.key.proof 
378214     DEBUG main            d.u.i.k.p.i.AbstractProblemLoader Environment load took 101.51ns 
378215     INFO  main            d.u.i.k.p.i.AbstractProblemLoader Creating init config 
380653     DEBUG main            d.u.i.k.p.i.AbstractProblemLoader Init config took 2.44s 
380668     INFO  main            d.u.i.k.p.i.AbstractProblemLoader Replaying proof methodCall.key.proof 
380671     DEBUG main            d.u.i.k.p.i.IntermediateProofReplayer Proof replay took 1.65ms 
380672     DEBUG main            d.u.i.k.p.r.p.TestFile    ... success: reloaded. 
380672     INFO  main            d.u.i.k.p.r.p.TestFile    Now processing file /home/runner/work/key/key/key.core/../key.ui/examples/standard_key/java_dl/methodCall1.key 
380673     INFO  main            d.u.i.k.p.i.AbstractProblemLoader Loading environment from /home/runner/work/key/key/key.core/../key.ui/examples/standard_key/java_dl/methodCall1.key 
380673     DEBUG main            d.u.i.k.p.i.AbstractProblemLoader Environment load took 80.41ns 
380674     INFO  main            d.u.i.k.p.i.AbstractProblemLoader Creating init config 
383131     DEBUG main            d.u.i.k.p.i.AbstractProblemLoader Init config took 2.46s 
383146     INFO  main            d.u.i.k.p.i.AbstractProblemLoader Replaying proof methodCall1.key 
383148     DEBUG main            d.u.i.k.p.i.IntermediateProofReplayer Proof replay took 7.3ns 
383251     INFO  main            d.u.i.k.p.r.p.TestFile    ... finished proof: closed. 
383667     INFO  main            d.u.i.k.p.i.AbstractProblemLoader Loading environment from /home/runner/work/key/key/key.core/../key.ui/examples/standard_key/java_dl/methodCall1.key.proof 
383667     DEBUG main            d.u.i.k.p.i.AbstractProblemLoader Environment load took 119.91ns 
383668     INFO  main            d.u.i.k.p.i.AbstractProblemLoader Creating init config 
386076     DEBUG main            d.u.i.k.p.i.AbstractProblemLoader Init config took 2.41s 
386090     INFO  main            d.u.i.k.p.i.AbstractProblemLoader Replaying proof methodCall1.key.proof 
386104     DEBUG main            d.u.i.k.p.i.IntermediateProofReplayer Proof replay took 12.48ms 
386105     DEBUG main            d.u.i.k.p.r.p.TestFile    ... success: reloaded. 
386106     INFO  main            d.u.i.k.p.r.p.TestFile    Now processing file /home/runner/work/key/key/key.core/../key.ui/examples/standard_key/java_dl/methodCall1box.key 
386106     INFO  main            d.u.i.k.p.i.AbstractProblemLoader Loading environment from /home/runner/work/key/key/key.core/../key.ui/examples/standard_key/java_dl/methodCall1box.key 
386106     DEBUG main            d.u.i.k.p.i.AbstractProblemLoader Environment load took 97.61ns 
386107     INFO  main            d.u.i.k.p.i.AbstractProblemLoader Creating init config 
388450     DEBUG main            d.u.i.k.p.i.AbstractProblemLoader Init config took 2.34s 
388466     INFO  main            d.u.i.k.p.i.AbstractProblemLoader Replaying proof methodCall1box.key 
388468     DEBUG main            d.u.i.k.p.i.IntermediateProofReplayer Proof replay took 9.9ns 
388571     INFO  main            d.u.i.k.p.r.p.TestFile    ... finished proof: closed. 
388993     INFO  main            d.u.i.k.p.i.AbstractProblemLoader Loading environment from /home/runner/work/key/key/key.core/../key.ui/examples/standard_key/java_dl/methodCall1box.key.proof 
388993     DEBUG main            d.u.i.k.p.i.AbstractProblemLoader Environment load took 114.21ns 
388995     INFO  main            d.u.i.k.p.i.AbstractProblemLoader Creating init config 
391315     DEBUG main            d.u.i.k.p.i.AbstractProblemLoader Init config took 2.32s 
391331     INFO  main            d.u.i.k.p.i.AbstractProblemLoader Replaying proof methodCall1box.key.proof 
391347     DEBUG main            d.u.i.k.p.i.IntermediateProofReplayer Proof replay took 13.32ms 
391348     DEBUG main            d.u.i.k.p.r.p.TestFile    ... success: reloaded. 
391349     INFO  main            d.u.i.k.p.r.p.TestFile    Now processing file /home/runner/work/key/key/key.core/../key.ui/examples/standard_key/java_dl/methodCall3.key 
391349     INFO  main            d.u.i.k.p.i.AbstractProblemLoader Loading environment from /home/runner/work/key/key/key.core/../key.ui/examples/standard_key/java_dl/methodCall3.key 
391349     DEBUG main            d.u.i.k.p.i.AbstractProblemLoader Environment load took 145.51ns 
391350     INFO  main            d.u.i.k.p.i.AbstractProblemLoader Creating init config 
393731     DEBUG main            d.u.i.k.p.i.AbstractProblemLoader Init config took 2.38s 
393746     INFO  main            d.u.i.k.p.i.AbstractProblemLoader Replaying proof methodCall3.key 
393747     DEBUG main            d.u.i.k.p.i.IntermediateProofReplayer Proof replay took 6.3ns 
393849     INFO  main            d.u.i.k.p.r.p.TestFile    ... finished proof: closed. 
394290     INFO  main            d.u.i.k.p.i.AbstractProblemLoader Loading environment from /home/runner/work/key/key/key.core/../key.ui/examples/standard_key/java_dl/methodCall3.key.proof 
394290     DEBUG main            d.u.i.k.p.i.AbstractProblemLoader Environment load took 139.01ns 
394291     INFO  main            d.u.i.k.p.i.AbstractProblemLoader Creating init config 
396700     DEBUG main            d.u.i.k.p.i.AbstractProblemLoader Init config took 2.41s 
396716     INFO  main            d.u.i.k.p.i.AbstractProblemLoader Replaying proof methodCall3.key.proof 
396730     DEBUG main            d.u.i.k.p.i.IntermediateProofReplayer Proof replay took 11.51ms 
396730     DEBUG main            d.u.i.k.p.r.p.TestFile    ... success: reloaded. 
396734     INFO  main            d.u.i.k.p.r.p.TestFile    Now processing file /home/runner/work/key/key/key.core/../key.ui/examples/standard_key/java_dl/polishFlagSort.key 
396736     INFO  main            d.u.i.k.p.i.AbstractProblemLoader Loading environment from /home/runner/work/key/key/key.core/../key.ui/examples/standard_key/java_dl/polishFlagSort.key 
396737     DEBUG main            d.u.i.k.p.i.AbstractProblemLoader Environment load took 940.59ns 
396739     INFO  main            d.u.i.k.p.i.AbstractProblemLoader Creating init config 
399284     DEBUG main            d.u.i.k.p.i.AbstractProblemLoader Init config took 2.54s 
399300     INFO  main            d.u.i.k.p.i.AbstractProblemLoader Replaying proof polishFlagSort.key 
399302     DEBUG main            d.u.i.k.p.i.IntermediateProofReplayer Proof replay took 8.3ns 
401712     INFO  main            d.u.i.k.p.r.p.TestFile    ... finished proof: closed. 
402218     INFO  main            d.u.i.k.p.i.AbstractProblemLoader Loading environment from /home/runner/work/key/key/key.core/../key.ui/examples/standard_key/java_dl/polishFlagSort.key.proof 
402218     DEBUG main            d.u.i.k.p.i.AbstractProblemLoader Environment load took 304.63ns 
402220     INFO  main            d.u.i.k.p.i.AbstractProblemLoader Creating init config 
404606     DEBUG main            d.u.i.k.p.i.AbstractProblemLoader Init config took 2.39s 
404622     INFO  main            d.u.i.k.p.i.AbstractProblemLoader Replaying proof polishFlagSort.key.proof 
404985     DEBUG main            d.u.i.k.p.i.IntermediateProofReplayer Proof replay took 350.81ms 
404987     DEBUG main            d.u.i.k.p.r.p.TestFile    ... success: reloaded. 
404988     INFO  main            d.u.i.k.p.r.p.TestFile    Now processing file /home/runner/work/key/key/key.core/../key.ui/examples/standard_key/java_dl/postConditionTaclets1.key 
404988     INFO  main            d.u.i.k.p.i.AbstractProblemLoader Loading environment from /home/runner/work/key/key/key.core/../key.ui/examples/standard_key/java_dl/postConditionTaclets1.key 
404988     DEBUG main            d.u.i.k.p.i.AbstractProblemLoader Environment load took 179.52ns 
404989     INFO  main            d.u.i.k.p.i.AbstractProblemLoader Creating init config 
407359     DEBUG main            d.u.i.k.p.i.AbstractProblemLoader Init config took 2.37s 
407377     INFO  main            d.u.i.k.p.i.AbstractProblemLoader Replaying proof postConditionTaclets1.key 
407379     DEBUG main            d.u.i.k.p.i.IntermediateProofReplayer Proof replay took 7.5ns 
407481     INFO  main            d.u.i.k.p.r.p.TestFile    ... finished proof: closed. 
407986     INFO  main            d.u.i.k.p.i.AbstractProblemLoader Loading environment from /home/runner/work/key/key/key.core/../key.ui/examples/standard_key/java_dl/postConditionTaclets1.key.proof 
407986     DEBUG main            d.u.i.k.p.i.AbstractProblemLoader Environment load took 87.81ns 
407987     INFO  main            d.u.i.k.p.i.AbstractProblemLoader Creating init config 
410272     DEBUG main            d.u.i.k.p.i.AbstractProblemLoader Init config took 2.29s 
410287     INFO  main            d.u.i.k.p.i.AbstractProblemLoader Replaying proof postConditionTaclets1.key.proof 
410290     DEBUG main            d.u.i.k.p.i.IntermediateProofReplayer Proof replay took 450.84ns 
410290     DEBUG main            d.u.i.k.p.r.p.TestFile    ... success: reloaded. 
410291     INFO  main            d.u.i.k.p.r.p.TestFile    Now processing file /home/runner/work/key/key/key.core/../key.ui/examples/standard_key/java_dl/postConditionTaclets2.key 
410291     INFO  main            d.u.i.k.p.i.AbstractProblemLoader Loading environment from /home/runner/work/key/key/key.core/../key.ui/examples/standard_key/java_dl/postConditionTaclets2.key 
410291     DEBUG main            d.u.i.k.p.i.AbstractProblemLoader Environment load took 82.11ns 
410292     INFO  main            d.u.i.k.p.i.AbstractProblemLoader Creating init config 
412543     DEBUG main            d.u.i.k.p.i.AbstractProblemLoader Init config took 2.25s 
412557     INFO  main            d.u.i.k.p.i.AbstractProblemLoader Replaying proof postConditionTaclets2.key 
412558     DEBUG main            d.u.i.k.p.i.IntermediateProofReplayer Proof replay took 6.8ns 
412660     INFO  main            d.u.i.k.p.r.p.TestFile    ... finished proof: closed. 
413105     INFO  main            d.u.i.k.p.i.AbstractProblemLoader Loading environment from /home/runner/work/key/key/key.core/../key.ui/examples/standard_key/java_dl/postConditionTaclets2.key.proof 
413105     DEBUG main            d.u.i.k.p.i.AbstractProblemLoader Environment load took 87.91ns 
413106     INFO  main            d.u.i.k.p.i.AbstractProblemLoader Creating init config 
415421     DEBUG main            d.u.i.k.p.i.AbstractProblemLoader Init config took 2.31s 
415436     INFO  main            d.u.i.k.p.i.AbstractProblemLoader Replaying proof postConditionTaclets2.key.proof 
415438     DEBUG main            d.u.i.k.p.i.IntermediateProofReplayer Proof replay took 679.26ns 
415438     DEBUG main            d.u.i.k.p.r.p.TestFile    ... success: reloaded. 
415439     INFO  main            d.u.i.k.p.r.p.TestFile    Now processing file /home/runner/work/key/key/key.core/../key.ui/examples/standard_key/java_dl/quantifiedQuery.key 
415439     INFO  main            d.u.i.k.p.i.AbstractProblemLoader Loading environment from /home/runner/work/key/key/key.core/../key.ui/examples/standard_key/java_dl/quantifiedQuery.key 
415439     DEBUG main            d.u.i.k.p.i.AbstractProblemLoader Environment load took 53ns 
415441     INFO  main            d.u.i.k.p.i.AbstractProblemLoader Creating init config 
417895     DEBUG main            d.u.i.k.p.i.AbstractProblemLoader Init config took 2.45s 
417911     INFO  main            d.u.i.k.p.i.AbstractProblemLoader Replaying proof quantifiedQuery.key 
417913     DEBUG main            d.u.i.k.p.i.IntermediateProofReplayer Proof replay took 6.6ns 
418016     INFO  main            d.u.i.k.p.r.p.TestFile    ... finished proof: closed. 
418481     INFO  main            d.u.i.k.p.i.AbstractProblemLoader Loading environment from /home/runner/work/key/key/key.core/../key.ui/examples/standard_key/java_dl/quantifiedQuery.key.proof 
418481     DEBUG main            d.u.i.k.p.i.AbstractProblemLoader Environment load took 88.71ns 
418482     INFO  main            d.u.i.k.p.i.AbstractProblemLoader Creating init config 
420856     DEBUG main            d.u.i.k.p.i.AbstractProblemLoader Init config took 2.37s 
420870     INFO  main            d.u.i.k.p.i.AbstractProblemLoader Replaying proof quantifiedQuery.key.proof 
420894     DEBUG main            d.u.i.k.p.i.IntermediateProofReplayer Proof replay took 23.15ms 
420895     DEBUG main            d.u.i.k.p.r.p.TestFile    ... success: reloaded. 
420896     INFO  main            d.u.i.k.p.r.p.TestFile    Now processing file /home/runner/work/key/key/key.core/../key.ui/examples/standard_key/java_dl/recursion/triangular.key 
420896     INFO  main            d.u.i.k.p.i.AbstractProblemLoader Loading environment from /home/runner/work/key/key/key.core/../key.ui/examples/standard_key/java_dl/recursion/triangular.key 
420896     DEBUG main            d.u.i.k.p.i.AbstractProblemLoader Environment load took 50.91ns 
420897     INFO  main            d.u.i.k.p.i.AbstractProblemLoader Creating init config 
423280     DEBUG main            d.u.i.k.p.i.AbstractProblemLoader Init config took 2.38s 
423317     INFO  main            d.u.i.k.p.i.AbstractProblemLoader Replaying proof Triangular[Triangular::tria(int)].JML normal_behavior operation contract.0 
423318     DEBUG main            d.u.i.k.p.i.IntermediateProofReplayer Proof replay took 6.7ns 
423521     INFO  main            d.u.i.k.p.r.p.TestFile    ... finished proof: closed. 
424012     INFO  main            d.u.i.k.p.i.AbstractProblemLoader Loading environment from /home/runner/work/key/key/key.core/../key.ui/examples/standard_key/java_dl/recursion/triangular.key.proof 
424012     DEBUG main            d.u.i.k.p.i.AbstractProblemLoader Environment load took 89.81ns 
424013     INFO  main            d.u.i.k.p.i.AbstractProblemLoader Creating init config 
426416     DEBUG main            d.u.i.k.p.i.AbstractProblemLoader Init config took 2.4s 
426451     INFO  main            d.u.i.k.p.i.AbstractProblemLoader Replaying proof Triangular[Triangular::tria(int)].JML normal_behavior operation contract.0 
426482     DEBUG main            d.u.i.k.p.i.IntermediateProofReplayer Proof replay took 30.24ms 
426483     DEBUG main            d.u.i.k.p.r.p.TestFile    ... success: reloaded. 
426484     INFO  main            d.u.i.k.p.r.p.TestFile    Now processing file /home/runner/work/key/key/key.core/../key.ui/examples/standard_key/java_dl/reverseArray.key 
426484     INFO  main            d.u.i.k.p.i.AbstractProblemLoader Loading environment from /home/runner/work/key/key/key.core/../key.ui/examples/standard_key/java_dl/reverseArray.key 
426484     DEBUG main            d.u.i.k.p.i.AbstractProblemLoader Environment load took 71.8ns 
426486     INFO  main            d.u.i.k.p.i.AbstractProblemLoader Creating init config 
426506     WARN  main            d.u.i.k.j.r.KeYCrossReferenceNameInfo Datatype java.io.PrintStream declared twice: Once in FILE:/home/runner/work/key/key/key.core/../key.ui/examples/standard_key/java_dl/./classpath/PrintStream.java and once in URL:file:/home/runner/work/key/key/key.core/build/resources/main/de/uka/ilkd/key/java/JavaRedux/java/io/PrintStream.java, Keeping one from URL:file:/home/runner/work/key/key/key.core/build/resources/main/de/uka/ilkd/key/java/JavaRedux/java/io/PrintStream.java 
426506     WARN  main            d.u.i.k.j.r.KeYCrossReferenceNameInfo Datatype java.io.InputStream declared twice: Once in FILE:/home/runner/work/key/key/key.core/../key.ui/examples/standard_key/java_dl/./classpath/InputStream.java and once in URL:file:/home/runner/work/key/key/key.core/build/resources/main/de/uka/ilkd/key/java/JavaRedux/java/io/InputStream.java, Keeping one from URL:file:/home/runner/work/key/key/key.core/build/resources/main/de/uka/ilkd/key/java/JavaRedux/java/io/InputStream.java 
426507     WARN  main            d.u.i.k.j.r.KeYCrossReferenceNameInfo Datatype java.lang.System declared twice: Once in FILE:/home/runner/work/key/key/key.core/../key.ui/examples/standard_key/java_dl/./classpath/System.java and once in URL:file:/home/runner/work/key/key/key.core/build/resources/main/de/uka/ilkd/key/java/JavaRedux/java/lang/System.java, Keeping one from URL:file:/home/runner/work/key/key/key.core/build/resources/main/de/uka/ilkd/key/java/JavaRedux/java/lang/System.java 
426510     DEBUG main            d.u.i.k.j.r.ClassFileDeclarationBuilder Parsing: package java.io; public class Closeable { } 
426510     DEBUG main            r.s.KeYCrossReferenceSourceInfo Dynamically created class: java.io.Closeable 
429125     DEBUG main            d.u.i.k.p.i.AbstractProblemLoader Init config took 2.64s 
429150     INFO  main            d.u.i.k.p.i.AbstractProblemLoader Replaying proof reverseArray.key 
429151     DEBUG main            d.u.i.k.p.i.IntermediateProofReplayer Proof replay took 7.3ns 
433800     INFO  main            d.u.i.k.p.r.p.TestFile    ... finished proof: closed. 
434329     INFO  main            d.u.i.k.p.i.AbstractProblemLoader Loading environment from /home/runner/work/key/key/key.core/../key.ui/examples/standard_key/java_dl/reverseArray.key.proof 
434329     DEBUG main            d.u.i.k.p.i.AbstractProblemLoader Environment load took 100.81ns 
434331     INFO  main            d.u.i.k.p.i.AbstractProblemLoader Creating init config 
434353     WARN  main            d.u.i.k.j.r.KeYCrossReferenceNameInfo Datatype java.io.PrintStream declared twice: Once in FILE:/home/runner/work/key/key/key.core/../key.ui/examples/standard_key/java_dl/classpath/PrintStream.java and once in URL:file:/home/runner/work/key/key/key.core/build/resources/main/de/uka/ilkd/key/java/JavaRedux/java/io/PrintStream.java, Keeping one from URL:file:/home/runner/work/key/key/key.core/build/resources/main/de/uka/ilkd/key/java/JavaRedux/java/io/PrintStream.java 
434353     WARN  main            d.u.i.k.j.r.KeYCrossReferenceNameInfo Datatype java.io.InputStream declared twice: Once in FILE:/home/runner/work/key/key/key.core/../key.ui/examples/standard_key/java_dl/classpath/InputStream.java and once in URL:file:/home/runner/work/key/key/key.core/build/resources/main/de/uka/ilkd/key/java/JavaRedux/java/io/InputStream.java, Keeping one from URL:file:/home/runner/work/key/key/key.core/build/resources/main/de/uka/ilkd/key/java/JavaRedux/java/io/InputStream.java 
434353     WARN  main            d.u.i.k.j.r.KeYCrossReferenceNameInfo Datatype java.lang.System declared twice: Once in FILE:/home/runner/work/key/key/key.core/../key.ui/examples/standard_key/java_dl/classpath/System.java and once in URL:file:/home/runner/work/key/key/key.core/build/resources/main/de/uka/ilkd/key/java/JavaRedux/java/lang/System.java, Keeping one from URL:file:/home/runner/work/key/key/key.core/build/resources/main/de/uka/ilkd/key/java/JavaRedux/java/lang/System.java 
434357     DEBUG main            d.u.i.k.j.r.ClassFileDeclarationBuilder Parsing: package java.io; public class Closeable { } 
434357     DEBUG main            r.s.KeYCrossReferenceSourceInfo Dynamically created class: java.io.Closeable 
436796     DEBUG main            d.u.i.k.p.i.AbstractProblemLoader Init config took 2.47s 
436812     INFO  main            d.u.i.k.p.i.AbstractProblemLoader Replaying proof reverseArray.key.proof 
437502     DEBUG main            d.u.i.k.p.i.IntermediateProofReplayer Proof replay took 664.3ms 
437504     DEBUG main            d.u.i.k.p.r.p.TestFile    ... success: reloaded. 
437505     INFO  main            d.u.i.k.p.r.p.TestFile    Now processing file /home/runner/work/key/key/key.core/../key.ui/examples/standard_key/java_dl/reverseArray2.key 
437505     INFO  main            d.u.i.k.p.i.AbstractProblemLoader Loading environment from /home/runner/work/key/key/key.core/../key.ui/examples/standard_key/java_dl/reverseArray2.key 
437505     DEBUG main            d.u.i.k.p.i.AbstractProblemLoader Environment load took 84.11ns 
437507     INFO  main            d.u.i.k.p.i.AbstractProblemLoader Creating init config 
437528     WARN  main            d.u.i.k.j.r.KeYCrossReferenceNameInfo Datatype java.io.PrintStream declared twice: Once in FILE:/home/runner/work/key/key/key.core/../key.ui/examples/standard_key/java_dl/classpath/PrintStream.java and once in URL:file:/home/runner/work/key/key/key.core/build/resources/main/de/uka/ilkd/key/java/JavaRedux/java/io/PrintStream.java, Keeping one from URL:file:/home/runner/work/key/key/key.core/build/resources/main/de/uka/ilkd/key/java/JavaRedux/java/io/PrintStream.java 
437528     WARN  main            d.u.i.k.j.r.KeYCrossReferenceNameInfo Datatype java.io.InputStream declared twice: Once in FILE:/home/runner/work/key/key/key.core/../key.ui/examples/standard_key/java_dl/classpath/InputStream.java and once in URL:file:/home/runner/work/key/key/key.core/build/resources/main/de/uka/ilkd/key/java/JavaRedux/java/io/InputStream.java, Keeping one from URL:file:/home/runner/work/key/key/key.core/build/resources/main/de/uka/ilkd/key/java/JavaRedux/java/io/InputStream.java 
437528     WARN  main            d.u.i.k.j.r.KeYCrossReferenceNameInfo Datatype java.lang.System declared twice: Once in FILE:/home/runner/work/key/key/key.core/../key.ui/examples/standard_key/java_dl/classpath/System.java and once in URL:file:/home/runner/work/key/key/key.core/build/resources/main/de/uka/ilkd/key/java/JavaRedux/java/lang/System.java, Keeping one from URL:file:/home/runner/work/key/key/key.core/build/resources/main/de/uka/ilkd/key/java/JavaRedux/java/lang/System.java 
437532     DEBUG main            d.u.i.k.j.r.ClassFileDeclarationBuilder Parsing: package java.io; public class Closeable { } 
437532     DEBUG main            r.s.KeYCrossReferenceSourceInfo Dynamically created class: java.io.Closeable 
440097     DEBUG main            d.u.i.k.p.i.AbstractProblemLoader Init config took 2.59s 
440114     INFO  main            d.u.i.k.p.i.AbstractProblemLoader Replaying proof reverseArray2.key 
440116     DEBUG main            d.u.i.k.p.i.IntermediateProofReplayer Proof replay took 42.8ns 
441622     INFO  main            d.u.i.k.p.r.p.TestFile    ... finished proof: closed. 
442230     INFO  main            d.u.i.k.p.i.AbstractProblemLoader Loading environment from /home/runner/work/key/key/key.core/../key.ui/examples/standard_key/java_dl/reverseArray2.key.proof 
442231     DEBUG main            d.u.i.k.p.i.AbstractProblemLoader Environment load took 427.54ns 
442233     INFO  main            d.u.i.k.p.i.AbstractProblemLoader Creating init config 
442255     WARN  main            d.u.i.k.j.r.KeYCrossReferenceNameInfo Datatype java.io.PrintStream declared twice: Once in FILE:/home/runner/work/key/key/key.core/../key.ui/examples/standard_key/java_dl/classpath/PrintStream.java and once in URL:file:/home/runner/work/key/key/key.core/build/resources/main/de/uka/ilkd/key/java/JavaRedux/java/io/PrintStream.java, Keeping one from URL:file:/home/runner/work/key/key/key.core/build/resources/main/de/uka/ilkd/key/java/JavaRedux/java/io/PrintStream.java 
442255     WARN  main            d.u.i.k.j.r.KeYCrossReferenceNameInfo Datatype java.io.InputStream declared twice: Once in FILE:/home/runner/work/key/key/key.core/../key.ui/examples/standard_key/java_dl/classpath/InputStream.java and once in URL:file:/home/runner/work/key/key/key.core/build/resources/main/de/uka/ilkd/key/java/JavaRedux/java/io/InputStream.java, Keeping one from URL:file:/home/runner/work/key/key/key.core/build/resources/main/de/uka/ilkd/key/java/JavaRedux/java/io/InputStream.java 
442255     WARN  main            d.u.i.k.j.r.KeYCrossReferenceNameInfo Datatype java.lang.System declared twice: Once in FILE:/home/runner/work/key/key/key.core/../key.ui/examples/standard_key/java_dl/classpath/System.java and once in URL:file:/home/runner/work/key/key/key.core/build/resources/main/de/uka/ilkd/key/java/JavaRedux/java/lang/System.java, Keeping one from URL:file:/home/runner/work/key/key/key.core/build/resources/main/de/uka/ilkd/key/java/JavaRedux/java/lang/System.java 
442259     DEBUG main            d.u.i.k.j.r.ClassFileDeclarationBuilder Parsing: package java.io; public class Closeable { } 
442259     DEBUG main            r.s.KeYCrossReferenceSourceInfo Dynamically created class: java.io.Closeable 
444812     DEBUG main            d.u.i.k.p.i.AbstractProblemLoader Init config took 2.58s 
444829     INFO  main            d.u.i.k.p.i.AbstractProblemLoader Replaying proof reverseArray2.key.proof 
445071     DEBUG main            d.u.i.k.p.i.IntermediateProofReplayer Proof replay took 237.22ms 
445073     DEBUG main            d.u.i.k.p.r.p.TestFile    ... success: reloaded. 
445074     INFO  main            d.u.i.k.p.r.p.TestFile    Now processing file /home/runner/work/key/key/key.core/../key.ui/examples/standard_key/java_dl/simpleAssignment.key 
445074     INFO  main            d.u.i.k.p.i.AbstractProblemLoader Loading environment from /home/runner/work/key/key/key.core/../key.ui/examples/standard_key/java_dl/simpleAssignment.key 
445075     DEBUG main            d.u.i.k.p.i.AbstractProblemLoader Environment load took 111.51ns 
445075     INFO  main            d.u.i.k.p.i.AbstractProblemLoader Creating init config 
447426     DEBUG main            d.u.i.k.p.i.AbstractProblemLoader Init config took 2.35s 
447448     INFO  main            d.u.i.k.p.i.AbstractProblemLoader Replaying proof simpleAssignment.key 
447449     DEBUG main            d.u.i.k.p.i.IntermediateProofReplayer Proof replay took 3.2ns 
447551     INFO  main            d.u.i.k.p.r.p.TestFile    ... finished proof: closed. 
448143     INFO  main            d.u.i.k.p.i.AbstractProblemLoader Loading environment from /home/runner/work/key/key/key.core/../key.ui/examples/standard_key/java_dl/simpleAssignment.key.proof 
448143     DEBUG main            d.u.i.k.p.i.AbstractProblemLoader Environment load took 88.41ns 
448144     INFO  main            d.u.i.k.p.i.AbstractProblemLoader Creating init config 
450522     DEBUG main            d.u.i.k.p.i.AbstractProblemLoader Init config took 2.38s 
450537     INFO  main            d.u.i.k.p.i.AbstractProblemLoader Replaying proof simpleAssignment.key.proof 
450540     DEBUG main            d.u.i.k.p.i.IntermediateProofReplayer Proof replay took 738.86ns 
450541     DEBUG main            d.u.i.k.p.r.p.TestFile    ... success: reloaded. 
450541     INFO  main            d.u.i.k.p.r.p.TestFile    Now processing file /home/runner/work/key/key/key.core/../key.ui/examples/standard_key/java_dl/simpleAssignment2.key 
450541     INFO  main            d.u.i.k.p.i.AbstractProblemLoader Loading environment from /home/runner/work/key/key/key.core/../key.ui/examples/standard_key/java_dl/simpleAssignment2.key 
450542     DEBUG main            d.u.i.k.p.i.AbstractProblemLoader Environment load took 169.72ns 
450542     INFO  main            d.u.i.k.p.i.AbstractProblemLoader Creating init config 
453025     DEBUG main            d.u.i.k.p.i.AbstractProblemLoader Init config took 2.48s 
453039     INFO  main            d.u.i.k.p.i.AbstractProblemLoader Replaying proof simpleAssignment2.key 
453041     DEBUG main            d.u.i.k.p.i.IntermediateProofReplayer Proof replay took 4.3ns 
453143     INFO  main            d.u.i.k.p.r.p.TestFile    ... finished proof: closed. 
453668     INFO  main            d.u.i.k.p.i.AbstractProblemLoader Loading environment from /home/runner/work/key/key/key.core/../key.ui/examples/standard_key/java_dl/simpleAssignment2.key.proof 
453668     DEBUG main            d.u.i.k.p.i.AbstractProblemLoader Environment load took 84.91ns 
453669     INFO  main            d.u.i.k.p.i.AbstractProblemLoader Creating init config 
456086     DEBUG main            d.u.i.k.p.i.AbstractProblemLoader Init config took 2.42s 
456100     INFO  main            d.u.i.k.p.i.AbstractProblemLoader Replaying proof simpleAssignment2.key.proof 
456102     DEBUG main            d.u.i.k.p.i.IntermediateProofReplayer Proof replay took 392.63ns 
456103     DEBUG main            d.u.i.k.p.r.p.TestFile    ... success: reloaded. 
456103     INFO  main            d.u.i.k.p.r.p.TestFile    Now processing file /home/runner/work/key/key/key.core/../key.ui/examples/standard_key/java_dl/splittingWithQueries.key 
456103     INFO  main            d.u.i.k.p.i.AbstractProblemLoader Loading environment from /home/runner/work/key/key/key.core/../key.ui/examples/standard_key/java_dl/splittingWithQueries.key 
456103     DEBUG main            d.u.i.k.p.i.AbstractProblemLoader Environment load took 50.2ns 
456104     INFO  main            d.u.i.k.p.i.AbstractProblemLoader Creating init config 
458520     DEBUG main            d.u.i.k.p.i.AbstractProblemLoader Init config took 2.42s 
458534     INFO  main            d.u.i.k.p.i.AbstractProblemLoader Replaying proof splittingWithQueries.key 
458535     DEBUG main            d.u.i.k.p.i.IntermediateProofReplayer Proof replay took 3.6ns 
458638     INFO  main            d.u.i.k.p.r.p.TestFile    ... finished proof: closed. 
459134     INFO  main            d.u.i.k.p.i.AbstractProblemLoader Loading environment from /home/runner/work/key/key/key.core/../key.ui/examples/standard_key/java_dl/splittingWithQueries.key.proof 
459134     DEBUG main            d.u.i.k.p.i.AbstractProblemLoader Environment load took 94.21ns 
459135     INFO  main            d.u.i.k.p.i.AbstractProblemLoader Creating init config 
461618     DEBUG main            d.u.i.k.p.i.AbstractProblemLoader Init config took 2.48s 
461639     INFO  main            d.u.i.k.p.i.AbstractProblemLoader Replaying proof splittingWithQueries.key.proof 
461643     DEBUG main            d.u.i.k.p.i.IntermediateProofReplayer Proof replay took 1.74ms 
461644     DEBUG main            d.u.i.k.p.r.p.TestFile    ... success: reloaded. 
461644     INFO  main            d.u.i.k.p.r.p.TestFile    Now processing file /home/runner/work/key/key/key.core/../key.ui/examples/standard_key/java_dl/strassen/strassen.key 
461645     INFO  main            d.u.i.k.p.i.AbstractProblemLoader Loading environment from /home/runner/work/key/key/key.core/../key.ui/examples/standard_key/java_dl/strassen/strassen.key 
461645     DEBUG main            d.u.i.k.p.i.AbstractProblemLoader Environment load took 90.41ns 
461646     INFO  main            d.u.i.k.p.i.AbstractProblemLoader Creating init config 
464216     DEBUG main            d.u.i.k.p.i.AbstractProblemLoader Init config took 2.57s 
464255     INFO  main            d.u.i.k.p.i.AbstractProblemLoader Replaying proof Matrix22[Matrix22::strassen(Matrix22,Matrix22)].JML normal_behavior operation contract.0 
464256     DEBUG main            d.u.i.k.p.i.IntermediateProofReplayer Proof replay took 3.1ns 
469577     INFO  main            d.u.i.k.p.r.p.TestFile    ... finished proof: closed. 
470223     INFO  main            d.u.i.k.p.i.AbstractProblemLoader Loading environment from /home/runner/work/key/key/key.core/../key.ui/examples/standard_key/java_dl/strassen/strassen.key.proof 
470223     DEBUG main            d.u.i.k.p.i.AbstractProblemLoader Environment load took 404.73ns 
470225     INFO  main            d.u.i.k.p.i.AbstractProblemLoader Creating init config 
472716     DEBUG main            d.u.i.k.p.i.AbstractProblemLoader Init config took 2.49s 
472753     INFO  main            d.u.i.k.p.i.AbstractProblemLoader Replaying proof Matrix22[Matrix22::strassen(Matrix22,Matrix22)].JML normal_behavior operation contract.0 
473550     DEBUG main            d.u.i.k.p.i.IntermediateProofReplayer Proof replay took 785.92ms 
473552     DEBUG main            d.u.i.k.p.r.p.TestFile    ... success: reloaded. 
473553     INFO  main            d.u.i.k.p.r.p.TestFile    Now processing file /home/runner/work/key/key/key.core/../key.ui/examples/standard_key/java_dl/symmArray.key 
473553     INFO  main            d.u.i.k.p.i.AbstractProblemLoader Loading environment from /home/runner/work/key/key/key.core/../key.ui/examples/standard_key/java_dl/symmArray.key 
473553     DEBUG main            d.u.i.k.p.i.AbstractProblemLoader Environment load took 260.92ns 
473557     INFO  main            d.u.i.k.p.i.AbstractProblemLoader Creating init config 
476153     DEBUG main            d.u.i.k.p.i.AbstractProblemLoader Init config took 2.6s 
476170     INFO  main            d.u.i.k.p.i.AbstractProblemLoader Replaying proof symmArray.key 
476172     DEBUG main            d.u.i.k.p.i.IntermediateProofReplayer Proof replay took 4.1ns 
579776     INFO  main            d.u.i.k.p.r.p.TestFile    ... finished proof: closed. 
580412     INFO  main            d.u.i.k.p.i.AbstractProblemLoader Loading environment from /home/runner/work/key/key/key.core/../key.ui/examples/standard_key/java_dl/symmArray.key.proof 
580413     DEBUG main            d.u.i.k.p.i.AbstractProblemLoader Environment load took 413.33ns 
580419     INFO  main            d.u.i.k.p.i.AbstractProblemLoader Creating init config 
582920     DEBUG main            d.u.i.k.p.i.AbstractProblemLoader Init config took 2.5s 
582937     INFO  main            d.u.i.k.p.i.AbstractProblemLoader Replaying proof symmArray.key.proof 
584059     DEBUG main            d.u.i.k.p.i.IntermediateProofReplayer Proof replay took 1.06s 
584065     DEBUG main            d.u.i.k.p.r.p.TestFile    ... success: reloaded. 
584066     INFO  main            d.u.i.k.p.r.p.TestFile    Now processing file /home/runner/work/key/key/key.core/../key.ui/examples/standard_key/java_dl/testcontext.key 
584066     INFO  main            d.u.i.k.p.i.AbstractProblemLoader Loading environment from /home/runner/work/key/key/key.core/../key.ui/examples/standard_key/java_dl/testcontext.key 
584066     DEBUG main            d.u.i.k.p.i.AbstractProblemLoader Environment load took 55.1ns 
584067     INFO  main            d.u.i.k.p.i.AbstractProblemLoader Creating init config 
584088     WARN  main            d.u.i.k.j.r.KeYCrossReferenceNameInfo Datatype java.io.PrintStream declared twice: Once in FILE:/home/runner/work/key/key/key.core/../key.ui/examples/standard_key/java_dl/classpath/PrintStream.java and once in URL:file:/home/runner/work/key/key/key.core/build/resources/main/de/uka/ilkd/key/java/JavaRedux/java/io/PrintStream.java, Keeping one from URL:file:/home/runner/work/key/key/key.core/build/resources/main/de/uka/ilkd/key/java/JavaRedux/java/io/PrintStream.java 
584089     WARN  main            d.u.i.k.j.r.KeYCrossReferenceNameInfo Datatype java.io.InputStream declared twice: Once in FILE:/home/runner/work/key/key/key.core/../key.ui/examples/standard_key/java_dl/classpath/InputStream.java and once in URL:file:/home/runner/work/key/key/key.core/build/resources/main/de/uka/ilkd/key/java/JavaRedux/java/io/InputStream.java, Keeping one from URL:file:/home/runner/work/key/key/key.core/build/resources/main/de/uka/ilkd/key/java/JavaRedux/java/io/InputStream.java 
584089     WARN  main            d.u.i.k.j.r.KeYCrossReferenceNameInfo Datatype java.lang.System declared twice: Once in FILE:/home/runner/work/key/key/key.core/../key.ui/examples/standard_key/java_dl/classpath/System.java and once in URL:file:/home/runner/work/key/key/key.core/build/resources/main/de/uka/ilkd/key/java/JavaRedux/java/lang/System.java, Keeping one from URL:file:/home/runner/work/key/key/key.core/build/resources/main/de/uka/ilkd/key/java/JavaRedux/java/lang/System.java 
584092     DEBUG main            d.u.i.k.j.r.ClassFileDeclarationBuilder Parsing: package java.io; public class Closeable { } 
584092     DEBUG main            r.s.KeYCrossReferenceSourceInfo Dynamically created class: java.io.Closeable 
586572     DEBUG main            d.u.i.k.p.i.AbstractProblemLoader Init config took 2.5s 
586587     INFO  main            d.u.i.k.p.i.AbstractProblemLoader Replaying proof testcontext.key 
586589     DEBUG main            d.u.i.k.p.i.IntermediateProofReplayer Proof replay took 3.9ns 
586891     INFO  main            d.u.i.k.p.r.p.TestFile    ... finished proof: closed. 
587563     INFO  main            d.u.i.k.p.i.AbstractProblemLoader Loading environment from /home/runner/work/key/key/key.core/../key.ui/examples/standard_key/java_dl/testcontext.key.proof 
587563     DEBUG main            d.u.i.k.p.i.AbstractProblemLoader Environment load took 116.71ns 
587565     INFO  main            d.u.i.k.p.i.AbstractProblemLoader Creating init config 
587588     WARN  main            d.u.i.k.j.r.KeYCrossReferenceNameInfo Datatype java.io.PrintStream declared twice: Once in FILE:/home/runner/work/key/key/key.core/../key.ui/examples/standard_key/java_dl/classpath/PrintStream.java and once in URL:file:/home/runner/work/key/key/key.core/build/resources/main/de/uka/ilkd/key/java/JavaRedux/java/io/PrintStream.java, Keeping one from URL:file:/home/runner/work/key/key/key.core/build/resources/main/de/uka/ilkd/key/java/JavaRedux/java/io/PrintStream.java 
587589     WARN  main            d.u.i.k.j.r.KeYCrossReferenceNameInfo Datatype java.io.InputStream declared twice: Once in FILE:/home/runner/work/key/key/key.core/../key.ui/examples/standard_key/java_dl/classpath/InputStream.java and once in URL:file:/home/runner/work/key/key/key.core/build/resources/main/de/uka/ilkd/key/java/JavaRedux/java/io/InputStream.java, Keeping one from URL:file:/home/runner/work/key/key/key.core/build/resources/main/de/uka/ilkd/key/java/JavaRedux/java/io/InputStream.java 
587589     WARN  main            d.u.i.k.j.r.KeYCrossReferenceNameInfo Datatype java.lang.System declared twice: Once in FILE:/home/runner/work/key/key/key.core/../key.ui/examples/standard_key/java_dl/classpath/System.java and once in URL:file:/home/runner/work/key/key/key.core/build/resources/main/de/uka/ilkd/key/java/JavaRedux/java/lang/System.java, Keeping one from URL:file:/home/runner/work/key/key/key.core/build/resources/main/de/uka/ilkd/key/java/JavaRedux/java/lang/System.java 
587593     DEBUG main            d.u.i.k.j.r.ClassFileDeclarationBuilder Parsing: package java.io; public class Closeable { } 
587593     DEBUG main            r.s.KeYCrossReferenceSourceInfo Dynamically created class: java.io.Closeable 
589973     DEBUG main            d.u.i.k.p.i.AbstractProblemLoader Init config took 2.41s 
589988     INFO  main            d.u.i.k.p.i.AbstractProblemLoader Replaying proof testcontext.key.proof 
590044     DEBUG main            d.u.i.k.p.i.IntermediateProofReplayer Proof replay took 53.66ms 
590045     DEBUG main            d.u.i.k.p.r.p.TestFile    ... success: reloaded. 
590046     INFO  main            d.u.i.k.p.r.p.TestFile    Now processing file /home/runner/work/key/key/key.core/../key.ui/examples/standard_key/staticInitialisation/cascadeStaticInitialisation.key 
590046     INFO  main            d.u.i.k.p.i.AbstractProblemLoader Loading environment from /home/runner/work/key/key/key.core/../key.ui/examples/standard_key/staticInitialisation/cascadeStaticInitialisation.key 
590046     DEBUG main            d.u.i.k.p.i.AbstractProblemLoader Environment load took 49.8ns 
590048     INFO  main            d.u.i.k.p.i.AbstractProblemLoader Creating init config 
590069     WARN  main            d.u.i.k.j.r.KeYCrossReferenceNameInfo Datatype java.io.PrintStream declared twice: Once in FILE:/home/runner/work/key/key/key.core/../key.ui/examples/standard_key/staticInitialisation/classpath/PrintStream.java and once in URL:file:/home/runner/work/key/key/key.core/build/resources/main/de/uka/ilkd/key/java/JavaRedux/java/io/PrintStream.java, Keeping one from URL:file:/home/runner/work/key/key/key.core/build/resources/main/de/uka/ilkd/key/java/JavaRedux/java/io/PrintStream.java 
590069     WARN  main            d.u.i.k.j.r.KeYCrossReferenceNameInfo Datatype java.lang.System declared twice: Once in FILE:/home/runner/work/key/key/key.core/../key.ui/examples/standard_key/staticInitialisation/classpath/System.java and once in URL:file:/home/runner/work/key/key/key.core/build/resources/main/de/uka/ilkd/key/java/JavaRedux/java/lang/System.java, Keeping one from URL:file:/home/runner/work/key/key/key.core/build/resources/main/de/uka/ilkd/key/java/JavaRedux/java/lang/System.java 
592464     DEBUG main            d.u.i.k.p.i.AbstractProblemLoader Init config took 2.42s 
592480     INFO  main            d.u.i.k.p.i.AbstractProblemLoader Replaying proof cascadeStaticInitialisation.key 
592481     DEBUG main            d.u.i.k.p.i.IntermediateProofReplayer Proof replay took 3.6ns 
593186     INFO  main            d.u.i.k.p.r.p.TestFile    ... finished proof: closed. 
593799     INFO  main            d.u.i.k.p.i.AbstractProblemLoader Loading environment from /home/runner/work/key/key/key.core/../key.ui/examples/standard_key/staticInitialisation/cascadeStaticInitialisation.key.proof 
593799     DEBUG main            d.u.i.k.p.i.AbstractProblemLoader Environment load took 250.22ns 
593801     INFO  main            d.u.i.k.p.i.AbstractProblemLoader Creating init config 
593824     WARN  main            d.u.i.k.j.r.KeYCrossReferenceNameInfo Datatype java.io.PrintStream declared twice: Once in FILE:/home/runner/work/key/key/key.core/../key.ui/examples/standard_key/staticInitialisation/classpath/PrintStream.java and once in URL:file:/home/runner/work/key/key/key.core/build/resources/main/de/uka/ilkd/key/java/JavaRedux/java/io/PrintStream.java, Keeping one from URL:file:/home/runner/work/key/key/key.core/build/resources/main/de/uka/ilkd/key/java/JavaRedux/java/io/PrintStream.java 
593824     WARN  main            d.u.i.k.j.r.KeYCrossReferenceNameInfo Datatype java.lang.System declared twice: Once in FILE:/home/runner/work/key/key/key.core/../key.ui/examples/standard_key/staticInitialisation/classpath/System.java and once in URL:file:/home/runner/work/key/key/key.core/build/resources/main/de/uka/ilkd/key/java/JavaRedux/java/lang/System.java, Keeping one from URL:file:/home/runner/work/key/key/key.core/build/resources/main/de/uka/ilkd/key/java/JavaRedux/java/lang/System.java 
596168     DEBUG main            d.u.i.k.p.i.AbstractProblemLoader Init config took 2.37s 
596187     INFO  main            d.u.i.k.p.i.AbstractProblemLoader Replaying proof cascadeStaticInitialisation.key.proof 
596336     DEBUG main            d.u.i.k.p.i.IntermediateProofReplayer Proof replay took 145.81ms 
596337     DEBUG main            d.u.i.k.p.r.p.TestFile    ... success: reloaded. 
596338     INFO  main            d.u.i.k.p.r.p.TestFile    Now processing file /home/runner/work/key/key/key.core/../key.ui/examples/standard_key/staticInitialisation/erroneousClassImpliesErroneousSubclass.key 
596338     INFO  main            d.u.i.k.p.i.AbstractProblemLoader Loading environment from /home/runner/work/key/key/key.core/../key.ui/examples/standard_key/staticInitialisation/erroneousClassImpliesErroneousSubclass.key 
596338     DEBUG main            d.u.i.k.p.i.AbstractProblemLoader Environment load took 50.7ns 
596339     INFO  main            d.u.i.k.p.i.AbstractProblemLoader Creating init config 
596359     WARN  main            d.u.i.k.j.r.KeYCrossReferenceNameInfo Datatype java.io.PrintStream declared twice: Once in FILE:/home/runner/work/key/key/key.core/../key.ui/examples/standard_key/staticInitialisation/classpath/PrintStream.java and once in URL:file:/home/runner/work/key/key/key.core/build/resources/main/de/uka/ilkd/key/java/JavaRedux/java/io/PrintStream.java, Keeping one from URL:file:/home/runner/work/key/key/key.core/build/resources/main/de/uka/ilkd/key/java/JavaRedux/java/io/PrintStream.java 
596359     WARN  main            d.u.i.k.j.r.KeYCrossReferenceNameInfo Datatype java.lang.System declared twice: Once in FILE:/home/runner/work/key/key/key.core/../key.ui/examples/standard_key/staticInitialisation/classpath/System.java and once in URL:file:/home/runner/work/key/key/key.core/build/resources/main/de/uka/ilkd/key/java/JavaRedux/java/lang/System.java, Keeping one from URL:file:/home/runner/work/key/key/key.core/build/resources/main/de/uka/ilkd/key/java/JavaRedux/java/lang/System.java 
598752     DEBUG main            d.u.i.k.p.i.AbstractProblemLoader Init config took 2.41s 
598766     INFO  main            d.u.i.k.p.i.AbstractProblemLoader Replaying proof erroneousClassImpliesErroneousSubclass.key 
598767     DEBUG main            d.u.i.k.p.i.IntermediateProofReplayer Proof replay took 3.8ns 
598870     INFO  main            d.u.i.k.p.r.p.TestFile    ... finished proof: closed. 
599449     INFO  main            d.u.i.k.p.i.AbstractProblemLoader Loading environment from /home/runner/work/key/key/key.core/../key.ui/examples/standard_key/staticInitialisation/erroneousClassImpliesErroneousSubclass.key.proof 
599449     DEBUG main            d.u.i.k.p.i.AbstractProblemLoader Environment load took 91.61ns 
599450     INFO  main            d.u.i.k.p.i.AbstractProblemLoader Creating init config 
599473     WARN  main            d.u.i.k.j.r.KeYCrossReferenceNameInfo Datatype java.io.PrintStream declared twice: Once in FILE:/home/runner/work/key/key/key.core/../key.ui/examples/standard_key/staticInitialisation/classpath/PrintStream.java and once in URL:file:/home/runner/work/key/key/key.core/build/resources/main/de/uka/ilkd/key/java/JavaRedux/java/io/PrintStream.java, Keeping one from URL:file:/home/runner/work/key/key/key.core/build/resources/main/de/uka/ilkd/key/java/JavaRedux/java/io/PrintStream.java 
599473     WARN  main            d.u.i.k.j.r.KeYCrossReferenceNameInfo Datatype java.lang.System declared twice: Once in FILE:/home/runner/work/key/key/key.core/../key.ui/examples/standard_key/staticInitialisation/classpath/System.java and once in URL:file:/home/runner/work/key/key/key.core/build/resources/main/de/uka/ilkd/key/java/JavaRedux/java/lang/System.java, Keeping one from URL:file:/home/runner/work/key/key/key.core/build/resources/main/de/uka/ilkd/key/java/JavaRedux/java/lang/System.java 
601910     DEBUG main            d.u.i.k.p.i.AbstractProblemLoader Init config took 2.46s 
601924     INFO  main            d.u.i.k.p.i.AbstractProblemLoader Replaying proof erroneousClassImpliesErroneousSubclass.key.proof 
601926     DEBUG main            d.u.i.k.p.i.IntermediateProofReplayer Proof replay took 567.24ns 
601927     DEBUG main            d.u.i.k.p.r.p.TestFile    ... success: reloaded. 
601927     INFO  main            d.u.i.k.p.r.p.TestFile    Now processing file /home/runner/work/key/key/key.core/../key.ui/examples/standard_key/staticInitialisation/initializedSubclassImpliesInitializedSuperclass.key 
601927     INFO  main            d.u.i.k.p.i.AbstractProblemLoader Loading environment from /home/runner/work/key/key/key.core/../key.ui/examples/standard_key/staticInitialisation/initializedSubclassImpliesInitializedSuperclass.key 
601928     DEBUG main            d.u.i.k.p.i.AbstractProblemLoader Environment load took 76.71ns 
601928     INFO  main            d.u.i.k.p.i.AbstractProblemLoader Creating init config 
601948     WARN  main            d.u.i.k.j.r.KeYCrossReferenceNameInfo Datatype java.io.PrintStream declared twice: Once in FILE:/home/runner/work/key/key/key.core/../key.ui/examples/standard_key/staticInitialisation/classpath/PrintStream.java and once in URL:file:/home/runner/work/key/key/key.core/build/resources/main/de/uka/ilkd/key/java/JavaRedux/java/io/PrintStream.java, Keeping one from URL:file:/home/runner/work/key/key/key.core/build/resources/main/de/uka/ilkd/key/java/JavaRedux/java/io/PrintStream.java 
601949     WARN  main            d.u.i.k.j.r.KeYCrossReferenceNameInfo Datatype java.lang.System declared twice: Once in FILE:/home/runner/work/key/key/key.core/../key.ui/examples/standard_key/staticInitialisation/classpath/System.java and once in URL:file:/home/runner/work/key/key/key.core/build/resources/main/de/uka/ilkd/key/java/JavaRedux/java/lang/System.java, Keeping one from URL:file:/home/runner/work/key/key/key.core/build/resources/main/de/uka/ilkd/key/java/JavaRedux/java/lang/System.java 
604357     DEBUG main            d.u.i.k.p.i.AbstractProblemLoader Init config took 2.43s 
604372     INFO  main            d.u.i.k.p.i.AbstractProblemLoader Replaying proof initializedSubclassImpliesInitializedSuperclass.key 
604373     DEBUG main            d.u.i.k.p.i.IntermediateProofReplayer Proof replay took 3.9ns 
604475     INFO  main            d.u.i.k.p.r.p.TestFile    ... finished proof: closed. 
605043     INFO  main            d.u.i.k.p.i.AbstractProblemLoader Loading environment from /home/runner/work/key/key/key.core/../key.ui/examples/standard_key/staticInitialisation/initializedSubclassImpliesInitializedSuperclass.key.proof 
605043     DEBUG main            d.u.i.k.p.i.AbstractProblemLoader Environment load took 96.21ns 
605044     INFO  main            d.u.i.k.p.i.AbstractProblemLoader Creating init config 
605066     WARN  main            d.u.i.k.j.r.KeYCrossReferenceNameInfo Datatype java.io.PrintStream declared twice: Once in FILE:/home/runner/work/key/key/key.core/../key.ui/examples/standard_key/staticInitialisation/classpath/PrintStream.java and once in URL:file:/home/runner/work/key/key/key.core/build/resources/main/de/uka/ilkd/key/java/JavaRedux/java/io/PrintStream.java, Keeping one from URL:file:/home/runner/work/key/key/key.core/build/resources/main/de/uka/ilkd/key/java/JavaRedux/java/io/PrintStream.java 
605066     WARN  main            d.u.i.k.j.r.KeYCrossReferenceNameInfo Datatype java.lang.System declared twice: Once in FILE:/home/runner/work/key/key/key.core/../key.ui/examples/standard_key/staticInitialisation/classpath/System.java and once in URL:file:/home/runner/work/key/key/key.core/build/resources/main/de/uka/ilkd/key/java/JavaRedux/java/lang/System.java, Keeping one from URL:file:/home/runner/work/key/key/key.core/build/resources/main/de/uka/ilkd/key/java/JavaRedux/java/lang/System.java 
607454     DEBUG main            d.u.i.k.p.i.AbstractProblemLoader Init config took 2.41s 
607468     INFO  main            d.u.i.k.p.i.AbstractProblemLoader Replaying proof initializedSubclassImpliesInitializedSuperclass.key.proof 
607470     DEBUG main            d.u.i.k.p.i.IntermediateProofReplayer Proof replay took 439.23ns 
607471     DEBUG main            d.u.i.k.p.r.p.TestFile    ... success: reloaded. 
607472     INFO  main            d.u.i.k.p.r.p.TestFile    Now processing file /home/runner/work/key/key/key.core/../key.ui/examples/standard_key/staticInitialisation/localDeclared.key 
607472     INFO  main            d.u.i.k.p.i.AbstractProblemLoader Loading environment from /home/runner/work/key/key/key.core/../key.ui/examples/standard_key/staticInitialisation/localDeclared.key 
607472     DEBUG main            d.u.i.k.p.i.AbstractProblemLoader Environment load took 75.61ns 
607474     INFO  main            d.u.i.k.p.i.AbstractProblemLoader Creating init config 
607493     WARN  main            d.u.i.k.j.r.KeYCrossReferenceNameInfo Datatype java.io.PrintStream declared twice: Once in FILE:/home/runner/work/key/key/key.core/../key.ui/examples/standard_key/staticInitialisation/classpath/PrintStream.java and once in URL:file:/home/runner/work/key/key/key.core/build/resources/main/de/uka/ilkd/key/java/JavaRedux/java/io/PrintStream.java, Keeping one from URL:file:/home/runner/work/key/key/key.core/build/resources/main/de/uka/ilkd/key/java/JavaRedux/java/io/PrintStream.java 
607493     WARN  main            d.u.i.k.j.r.KeYCrossReferenceNameInfo Datatype java.lang.System declared twice: Once in FILE:/home/runner/work/key/key/key.core/../key.ui/examples/standard_key/staticInitialisation/classpath/System.java and once in URL:file:/home/runner/work/key/key/key.core/build/resources/main/de/uka/ilkd/key/java/JavaRedux/java/lang/System.java, Keeping one from URL:file:/home/runner/work/key/key/key.core/build/resources/main/de/uka/ilkd/key/java/JavaRedux/java/lang/System.java 
609889     DEBUG main            d.u.i.k.p.i.AbstractProblemLoader Init config took 2.42s 
609904     INFO  main            d.u.i.k.p.i.AbstractProblemLoader Replaying proof localDeclared.key 
609905     DEBUG main            d.u.i.k.p.i.IntermediateProofReplayer Proof replay took 4.1ns 
610208     INFO  main            d.u.i.k.p.r.p.TestFile    ... finished proof: closed. 
610768     INFO  main            d.u.i.k.p.i.AbstractProblemLoader Loading environment from /home/runner/work/key/key/key.core/../key.ui/examples/standard_key/staticInitialisation/localDeclared.key.proof 
610768     DEBUG main            d.u.i.k.p.i.AbstractProblemLoader Environment load took 96.31ns 
610769     INFO  main            d.u.i.k.p.i.AbstractProblemLoader Creating init config 
610789     WARN  main            d.u.i.k.j.r.KeYCrossReferenceNameInfo Datatype java.io.PrintStream declared twice: Once in FILE:/home/runner/work/key/key/key.core/../key.ui/examples/standard_key/staticInitialisation/classpath/PrintStream.java and once in URL:file:/home/runner/work/key/key/key.core/build/resources/main/de/uka/ilkd/key/java/JavaRedux/java/io/PrintStream.java, Keeping one from URL:file:/home/runner/work/key/key/key.core/build/resources/main/de/uka/ilkd/key/java/JavaRedux/java/io/PrintStream.java 
610789     WARN  main            d.u.i.k.j.r.KeYCrossReferenceNameInfo Datatype java.lang.System declared twice: Once in FILE:/home/runner/work/key/key/key.core/../key.ui/examples/standard_key/staticInitialisation/classpath/System.java and once in URL:file:/home/runner/work/key/key/key.core/build/resources/main/de/uka/ilkd/key/java/JavaRedux/java/lang/System.java, Keeping one from URL:file:/home/runner/work/key/key/key.core/build/resources/main/de/uka/ilkd/key/java/JavaRedux/java/lang/System.java 
613293     DEBUG main            d.u.i.k.p.i.AbstractProblemLoader Init config took 2.52s 
613309     INFO  main            d.u.i.k.p.i.AbstractProblemLoader Replaying proof localDeclared.key.proof 
613369     DEBUG main            d.u.i.k.p.i.IntermediateProofReplayer Proof replay took 58.48ms 
613371     DEBUG main            d.u.i.k.p.r.p.TestFile    ... success: reloaded. 
613371     INFO  main            d.u.i.k.p.r.p.TestFile    Now processing file /home/runner/work/key/key/key.core/../key.ui/examples/standard_key/staticInitialisation/localDeclaredMethod.key 
613371     INFO  main            d.u.i.k.p.i.AbstractProblemLoader Loading environment from /home/runner/work/key/key/key.core/../key.ui/examples/standard_key/staticInitialisation/localDeclaredMethod.key 
613372     DEBUG main            d.u.i.k.p.i.AbstractProblemLoader Environment load took 67.7ns 
613373     INFO  main            d.u.i.k.p.i.AbstractProblemLoader Creating init config 
613392     WARN  main            d.u.i.k.j.r.KeYCrossReferenceNameInfo Datatype java.io.PrintStream declared twice: Once in FILE:/home/runner/work/key/key/key.core/../key.ui/examples/standard_key/staticInitialisation/classpath/PrintStream.java and once in URL:file:/home/runner/work/key/key/key.core/build/resources/main/de/uka/ilkd/key/java/JavaRedux/java/io/PrintStream.java, Keeping one from URL:file:/home/runner/work/key/key/key.core/build/resources/main/de/uka/ilkd/key/java/JavaRedux/java/io/PrintStream.java 
613392     WARN  main            d.u.i.k.j.r.KeYCrossReferenceNameInfo Datatype java.lang.System declared twice: Once in FILE:/home/runner/work/key/key/key.core/../key.ui/examples/standard_key/staticInitialisation/classpath/System.java and once in URL:file:/home/runner/work/key/key/key.core/build/resources/main/de/uka/ilkd/key/java/JavaRedux/java/lang/System.java, Keeping one from URL:file:/home/runner/work/key/key/key.core/build/resources/main/de/uka/ilkd/key/java/JavaRedux/java/lang/System.java 
615803     DEBUG main            d.u.i.k.p.i.AbstractProblemLoader Init config took 2.43s 
615822     INFO  main            d.u.i.k.p.i.AbstractProblemLoader Replaying proof localDeclaredMethod.key 
615823     DEBUG main            d.u.i.k.p.i.IntermediateProofReplayer Proof replay took 3.6ns 
616127     INFO  main            d.u.i.k.p.r.p.TestFile    ... finished proof: closed. 
616679     INFO  main            d.u.i.k.p.i.AbstractProblemLoader Loading environment from /home/runner/work/key/key/key.core/../key.ui/examples/standard_key/staticInitialisation/localDeclaredMethod.key.proof 
616679     DEBUG main            d.u.i.k.p.i.AbstractProblemLoader Environment load took 92.81ns 
616680     INFO  main            d.u.i.k.p.i.AbstractProblemLoader Creating init config 
616701     WARN  main            d.u.i.k.j.r.KeYCrossReferenceNameInfo Datatype java.io.PrintStream declared twice: Once in FILE:/home/runner/work/key/key/key.core/../key.ui/examples/standard_key/staticInitialisation/classpath/PrintStream.java and once in URL:file:/home/runner/work/key/key/key.core/build/resources/main/de/uka/ilkd/key/java/JavaRedux/java/io/PrintStream.java, Keeping one from URL:file:/home/runner/work/key/key/key.core/build/resources/main/de/uka/ilkd/key/java/JavaRedux/java/io/PrintStream.java 
616701     WARN  main            d.u.i.k.j.r.KeYCrossReferenceNameInfo Datatype java.lang.System declared twice: Once in FILE:/home/runner/work/key/key/key.core/../key.ui/examples/standard_key/staticInitialisation/classpath/System.java and once in URL:file:/home/runner/work/key/key/key.core/build/resources/main/de/uka/ilkd/key/java/JavaRedux/java/lang/System.java, Keeping one from URL:file:/home/runner/work/key/key/key.core/build/resources/main/de/uka/ilkd/key/java/JavaRedux/java/lang/System.java 
619074     DEBUG main            d.u.i.k.p.i.AbstractProblemLoader Init config took 2.39s 
619090     INFO  main            d.u.i.k.p.i.AbstractProblemLoader Replaying proof localDeclaredMethod.key.proof 
619149     DEBUG main            d.u.i.k.p.i.IntermediateProofReplayer Proof replay took 56.76ms 
619150     DEBUG main            d.u.i.k.p.r.p.TestFile    ... success: reloaded. 
619151     INFO  main            d.u.i.k.p.r.p.TestFile    Now processing file /home/runner/work/key/key/key.core/../key.ui/examples/standard_key/staticInitialisation/objectOfErroneousClass.key 
619151     INFO  main            d.u.i.k.p.i.AbstractProblemLoader Loading environment from /home/runner/work/key/key/key.core/../key.ui/examples/standard_key/staticInitialisation/objectOfErroneousClass.key 
619151     DEBUG main            d.u.i.k.p.i.AbstractProblemLoader Environment load took 110.21ns 
619152     INFO  main            d.u.i.k.p.i.AbstractProblemLoader Creating init config 
619173     WARN  main            d.u.i.k.j.r.KeYCrossReferenceNameInfo Datatype java.io.PrintStream declared twice: Once in FILE:/home/runner/work/key/key/key.core/../key.ui/examples/standard_key/staticInitialisation/classpath/PrintStream.java and once in URL:file:/home/runner/work/key/key/key.core/build/resources/main/de/uka/ilkd/key/java/JavaRedux/java/io/PrintStream.java, Keeping one from URL:file:/home/runner/work/key/key/key.core/build/resources/main/de/uka/ilkd/key/java/JavaRedux/java/io/PrintStream.java 
619173     WARN  main            d.u.i.k.j.r.KeYCrossReferenceNameInfo Datatype java.lang.System declared twice: Once in FILE:/home/runner/work/key/key/key.core/../key.ui/examples/standard_key/staticInitialisation/classpath/System.java and once in URL:file:/home/runner/work/key/key/key.core/build/resources/main/de/uka/ilkd/key/java/JavaRedux/java/lang/System.java, Keeping one from URL:file:/home/runner/work/key/key/key.core/build/resources/main/de/uka/ilkd/key/java/JavaRedux/java/lang/System.java 
621739     DEBUG main            d.u.i.k.p.i.AbstractProblemLoader Init config took 2.59s 
621755     INFO  main            d.u.i.k.p.i.AbstractProblemLoader Replaying proof objectOfErroneousClass.key 
621758     DEBUG main            d.u.i.k.p.i.IntermediateProofReplayer Proof replay took 3.6ns 
636317     INFO  main            d.u.i.k.p.r.p.TestFile    ... finished proof: closed. 
636976     INFO  main            d.u.i.k.p.i.AbstractProblemLoader Loading environment from /home/runner/work/key/key/key.core/../key.ui/examples/standard_key/staticInitialisation/objectOfErroneousClass.key.proof 
636976     DEBUG main            d.u.i.k.p.i.AbstractProblemLoader Environment load took 100.91ns 
636981     INFO  main            d.u.i.k.p.i.AbstractProblemLoader Creating init config 
637003     WARN  main            d.u.i.k.j.r.KeYCrossReferenceNameInfo Datatype java.io.PrintStream declared twice: Once in FILE:/home/runner/work/key/key/key.core/../key.ui/examples/standard_key/staticInitialisation/classpath/PrintStream.java and once in URL:file:/home/runner/work/key/key/key.core/build/resources/main/de/uka/ilkd/key/java/JavaRedux/java/io/PrintStream.java, Keeping one from URL:file:/home/runner/work/key/key/key.core/build/resources/main/de/uka/ilkd/key/java/JavaRedux/java/io/PrintStream.java 
637004     WARN  main            d.u.i.k.j.r.KeYCrossReferenceNameInfo Datatype java.lang.System declared twice: Once in FILE:/home/runner/work/key/key/key.core/../key.ui/examples/standard_key/staticInitialisation/classpath/System.java and once in URL:file:/home/runner/work/key/key/key.core/build/resources/main/de/uka/ilkd/key/java/JavaRedux/java/lang/System.java, Keeping one from URL:file:/home/runner/work/key/key/key.core/build/resources/main/de/uka/ilkd/key/java/JavaRedux/java/lang/System.java 
639436     DEBUG main            d.u.i.k.p.i.AbstractProblemLoader Init config took 2.46s 
639452     INFO  main            d.u.i.k.p.i.AbstractProblemLoader Replaying proof objectOfErroneousClass.key.proof 
641749     DEBUG main            d.u.i.k.p.i.IntermediateProofReplayer Proof replay took 2.26s 
641753     DEBUG main            d.u.i.k.p.r.p.TestFile    ... success: reloaded. 
641754     INFO  main            d.u.i.k.p.r.p.TestFile    Now processing file /home/runner/work/key/key/key.core/../key.ui/examples/standard_key/staticInitialisation/staticInitialisersAreNonSimple.key 
641754     INFO  main            d.u.i.k.p.i.AbstractProblemLoader Loading environment from /home/runner/work/key/key/key.core/../key.ui/examples/standard_key/staticInitialisation/staticInitialisersAreNonSimple.key 
641754     DEBUG main            d.u.i.k.p.i.AbstractProblemLoader Environment load took 75.71ns 
641756     INFO  main            d.u.i.k.p.i.AbstractProblemLoader Creating init config 
641776     WARN  main            d.u.i.k.j.r.KeYCrossReferenceNameInfo Datatype java.io.PrintStream declared twice: Once in FILE:/home/runner/work/key/key/key.core/../key.ui/examples/standard_key/staticInitialisation/classpath/PrintStream.java and once in URL:file:/home/runner/work/key/key/key.core/build/resources/main/de/uka/ilkd/key/java/JavaRedux/java/io/PrintStream.java, Keeping one from URL:file:/home/runner/work/key/key/key.core/build/resources/main/de/uka/ilkd/key/java/JavaRedux/java/io/PrintStream.java 
641776     WARN  main            d.u.i.k.j.r.KeYCrossReferenceNameInfo Datatype java.lang.System declared twice: Once in FILE:/home/runner/work/key/key/key.core/../key.ui/examples/standard_key/staticInitialisation/classpath/System.java and once in URL:file:/home/runner/work/key/key/key.core/build/resources/main/de/uka/ilkd/key/java/JavaRedux/java/lang/System.java, Keeping one from URL:file:/home/runner/work/key/key/key.core/build/resources/main/de/uka/ilkd/key/java/JavaRedux/java/lang/System.java 
644268     DEBUG main            d.u.i.k.p.i.AbstractProblemLoader Init config took 2.51s 
644284     INFO  main            d.u.i.k.p.i.AbstractProblemLoader Replaying proof staticInitialisersAreNonSimple.key 
644285     DEBUG main            d.u.i.k.p.i.IntermediateProofReplayer Proof replay took 4.2ns 
644691     INFO  main            d.u.i.k.p.r.p.TestFile    ... finished proof: closed. 
645348     INFO  main            d.u.i.k.p.i.AbstractProblemLoader Loading environment from /home/runner/work/key/key/key.core/../key.ui/examples/standard_key/staticInitialisation/staticInitialisersAreNonSimple.key.proof 
645348     DEBUG main            d.u.i.k.p.i.AbstractProblemLoader Environment load took 95.81ns 
645350     INFO  main            d.u.i.k.p.i.AbstractProblemLoader Creating init config 
645372     WARN  main            d.u.i.k.j.r.KeYCrossReferenceNameInfo Datatype java.io.PrintStream declared twice: Once in FILE:/home/runner/work/key/key/key.core/../key.ui/examples/standard_key/staticInitialisation/classpath/PrintStream.java and once in URL:file:/home/runner/work/key/key/key.core/build/resources/main/de/uka/ilkd/key/java/JavaRedux/java/io/PrintStream.java, Keeping one from URL:file:/home/runner/work/key/key/key.core/build/resources/main/de/uka/ilkd/key/java/JavaRedux/java/io/PrintStream.java 
645372     WARN  main            d.u.i.k.j.r.KeYCrossReferenceNameInfo Datatype java.lang.System declared twice: Once in FILE:/home/runner/work/key/key/key.core/../key.ui/examples/standard_key/staticInitialisation/classpath/System.java and once in URL:file:/home/runner/work/key/key/key.core/build/resources/main/de/uka/ilkd/key/java/JavaRedux/java/lang/System.java, Keeping one from URL:file:/home/runner/work/key/key/key.core/build/resources/main/de/uka/ilkd/key/java/JavaRedux/java/lang/System.java 
647833     DEBUG main            d.u.i.k.p.i.AbstractProblemLoader Init config took 2.48s 
647849     INFO  main            d.u.i.k.p.i.AbstractProblemLoader Replaying proof staticInitialisersAreNonSimple.key.proof 
647936     DEBUG main            d.u.i.k.p.i.IntermediateProofReplayer Proof replay took 84.07ms 
647937     DEBUG main            d.u.i.k.p.r.p.TestFile    ... success: reloaded. 
647938     INFO  main            d.u.i.k.p.r.p.TestFile    Now processing file /home/runner/work/key/key/key.core/../key.ui/examples/standard_key/types/disjoint.key 
647938     INFO  main            d.u.i.k.p.i.AbstractProblemLoader Loading environment from /home/runner/work/key/key/key.core/../key.ui/examples/standard_key/types/disjoint.key 
647938     DEBUG main            d.u.i.k.p.i.AbstractProblemLoader Environment load took 54ns 
647939     INFO  main            d.u.i.k.p.i.AbstractProblemLoader Creating init config 
650216     DEBUG main            d.u.i.k.p.i.AbstractProblemLoader Init config took 2.28s 
650230     INFO  main            d.u.i.k.p.i.AbstractProblemLoader Replaying proof disjoint.key 
650231     DEBUG main            d.u.i.k.p.i.IntermediateProofReplayer Proof replay took 3.8ns 
650333     INFO  main            d.u.i.k.p.r.p.TestFile    ... finished proof: closed. 
650927     INFO  main            d.u.i.k.p.i.AbstractProblemLoader Loading environment from /home/runner/work/key/key/key.core/../key.ui/examples/standard_key/types/disjoint.key.proof 
650927     DEBUG main            d.u.i.k.p.i.AbstractProblemLoader Environment load took 91.61ns 
650928     INFO  main            d.u.i.k.p.i.AbstractProblemLoader Creating init config 
653276     DEBUG main            d.u.i.k.p.i.AbstractProblemLoader Init config took 2.35s 
653290     INFO  main            d.u.i.k.p.i.AbstractProblemLoader Replaying proof disjoint.key.proof 
653293     DEBUG main            d.u.i.k.p.i.IntermediateProofReplayer Proof replay took 491.13ns 
653293     DEBUG main            d.u.i.k.p.r.p.TestFile    ... success: reloaded. 
653294     INFO  main            d.u.i.k.p.r.p.TestFile    Now processing file /home/runner/work/key/key/key.core/../key.ui/examples/../../key.core/src/test/resources/testcase/classpath/classpath.key 
653294     INFO  main            d.u.i.k.p.i.AbstractProblemLoader Loading environment from /home/runner/work/key/key/key.core/../key.ui/examples/../../key.core/src/test/resources/testcase/classpath/classpath.key 
653294     DEBUG main            d.u.i.k.p.i.AbstractProblemLoader Environment load took 95.51ns 
653295     INFO  main            d.u.i.k.p.i.AbstractProblemLoader Creating init config 
653318     WARN  main            d.u.i.k.j.r.KeYCrossReferenceNameInfo Datatype cp.C declared twice: Once in FILE:/home/runner/work/key/key/key.core/../key.ui/examples/../../key.core/src/test/resources/testcase/classpath/classpath/C.class and once in FILE:/home/runner/work/key/key/key.core/../key.ui/examples/../../key.core/src/test/resources/testcase/classpath/classpath/C.jml, Keeping one from FILE:/home/runner/work/key/key/key.core/../key.ui/examples/../../key.core/src/test/resources/testcase/classpath/classpath/C.jml 
653322     DEBUG main            d.u.i.k.j.r.ClassFileDeclarationBuilder Parsing: package cp; public class Unresolved1 { } 
653322     DEBUG main            r.s.KeYCrossReferenceSourceInfo Dynamically created class: cp.Unresolved1 
653323     DEBUG main            d.u.i.k.j.r.ClassFileDeclarationBuilder Parsing: package cp; public class Unresolved2 { } 
653323     DEBUG main            r.s.KeYCrossReferenceSourceInfo Dynamically created class: cp.Unresolved2 
655845     DEBUG main            d.u.i.k.p.i.AbstractProblemLoader Init config took 2.55s 
655863     INFO  main            d.u.i.k.p.i.AbstractProblemLoader Replaying proof classpath.key 
655864     DEBUG main            d.u.i.k.p.i.IntermediateProofReplayer Proof replay took 4ns 
655966     INFO  main            d.u.i.k.p.r.p.TestFile    ... finished proof: closed. 
656548     INFO  main            d.u.i.k.p.i.AbstractProblemLoader Loading environment from /home/runner/work/key/key/key.core/../key.ui/examples/../../key.core/src/test/resources/testcase/classpath/classpath.key.proof 
656548     DEBUG main            d.u.i.k.p.i.AbstractProblemLoader Environment load took 91.01ns 
656549     INFO  main            d.u.i.k.p.i.AbstractProblemLoader Creating init config 
656584     WARN  main            d.u.i.k.j.r.KeYCrossReferenceNameInfo Datatype cp.C declared twice: Once in FILE:/home/runner/work/key/key/key.core/../key.ui/examples/../../key.core/src/test/resources/testcase/classpath/classpath/C.class and once in FILE:/home/runner/work/key/key/key.core/../key.ui/examples/../../key.core/src/test/resources/testcase/classpath/classpath/C.jml, Keeping one from FILE:/home/runner/work/key/key/key.core/../key.ui/examples/../../key.core/src/test/resources/testcase/classpath/classpath/C.jml 
656588     DEBUG main            d.u.i.k.j.r.ClassFileDeclarationBuilder Parsing: package cp; public class Unresolved1 { } 
656589     DEBUG main            r.s.KeYCrossReferenceSourceInfo Dynamically created class: cp.Unresolved1 
656589     DEBUG main            d.u.i.k.j.r.ClassFileDeclarationBuilder Parsing: package cp; public class Unresolved2 { } 
656589     DEBUG main            r.s.KeYCrossReferenceSourceInfo Dynamically created class: cp.Unresolved2 
659130     DEBUG main            d.u.i.k.p.i.AbstractProblemLoader Init config took 2.58s 
659146     INFO  main            d.u.i.k.p.i.AbstractProblemLoader Replaying proof classpath.key.proof 
659148     DEBUG main            d.u.i.k.p.i.IntermediateProofReplayer Proof replay took 543.64ns 
659149     DEBUG main            d.u.i.k.p.r.p.TestFile    ... success: reloaded. 
659150     INFO  main            d.u.i.k.p.r.p.TestFile    Now processing file /home/runner/work/key/key/key.core/../key.ui/examples/heap/inconsistent_represents/MyClass_m.key 
659150     INFO  main            d.u.i.k.p.i.AbstractProblemLoader Loading environment from /home/runner/work/key/key/key.core/../key.ui/examples/heap/inconsistent_represents/MyClass_m.key 
659150     DEBUG main            d.u.i.k.p.i.AbstractProblemLoader Environment load took 177.11ns 
659151     INFO  main            d.u.i.k.p.i.AbstractProblemLoader Creating init config 
661718     DEBUG main            d.u.i.k.p.i.AbstractProblemLoader Init config took 2.57s 
661752     INFO  main            d.u.i.k.p.i.AbstractProblemLoader Replaying proof MyClass[MyClass::m()].JML operation contract.0 
661754     DEBUG main            d.u.i.k.p.i.IntermediateProofReplayer Proof replay took 3.5ns 
661859     INFO  main            d.u.i.k.p.r.p.TestFile    ... finished proof: open goal(s) 
662453     INFO  main            d.u.i.k.p.r.p.TestFile    Now processing file /home/runner/work/key/key/key.core/../key.ui/examples/heap/inconsistent_represents/MyClass_n.key 
662453     INFO  main            d.u.i.k.p.i.AbstractProblemLoader Loading environment from /home/runner/work/key/key/key.core/../key.ui/examples/heap/inconsistent_represents/MyClass_n.key 
662453     DEBUG main            d.u.i.k.p.i.AbstractProblemLoader Environment load took 62.6ns 
662454     INFO  main            d.u.i.k.p.i.AbstractProblemLoader Creating init config 
664874     DEBUG main            d.u.i.k.p.i.AbstractProblemLoader Init config took 2.42s 
664910     INFO  main            d.u.i.k.p.i.AbstractProblemLoader Replaying proof MyClass[MyClass::n()].JML operation contract.0 
664912     DEBUG main            d.u.i.k.p.i.IntermediateProofReplayer Proof replay took 3.7ns 
665016     INFO  main            d.u.i.k.p.r.p.TestFile    ... finished proof: open goal(s) 
3622240    INFO  Test worker     d.u.i.k.p.r.RunAllProofsTestUnit Returning from test javadl 
3622242    INFO  Test worker     d.u.i.k.p.r.RunAllProofsTestUnit Running test FOL 
366        INFO  Timeout watchdog d.u.i.k.p.r.p.ForkedTestFileRunner Timeout watcher launched (2000 secs.) 
380        WARN  main            d.u.i.k.s.ProofSettings   The settings in /home/runner/.key/proof-settings.props are *not* read. 
419        INFO  main            d.u.i.k.p.r.p.TestFile    Now processing file /home/runner/work/key/key/key.core/../key.ui/examples/standard_key/pred_log/count.key 
567        INFO  main            d.u.i.k.p.i.AbstractProblemLoader Loading environment from /home/runner/work/key/key/key.core/../key.ui/examples/standard_key/pred_log/count.key 
585        DEBUG main            d.u.i.k.p.i.AbstractProblemLoader Environment load took 2.31ms 
839        INFO  main            d.u.i.k.p.i.AbstractProblemLoader Creating init config 
1764       DEBUG main            d.u.i.k.j.TypeConverter   No LDT found for Meta 
1765       DEBUG main            d.u.i.k.j.TypeConverter   No LDT found for Meta 
1766       DEBUG main            d.u.i.k.j.TypeConverter   No LDT found for Meta 
1766       DEBUG main            d.u.i.k.j.TypeConverter   No LDT found for Meta 
3344       DEBUG main            d.u.i.k.j.TypeConverter   No LDT found for JavaBigintExpression 
8392       DEBUG main            d.u.i.k.p.i.AbstractProblemLoader Init config took 7.55s 
8476       INFO  main            d.u.i.k.p.i.AbstractProblemLoader Replaying proof count.key 
8514       DEBUG main            d.u.i.k.p.i.IntermediateProofReplayer Proof replay took 32.4ns 
8791       INFO  main            d.u.i.k.p.r.p.TestFile    ... finished proof: closed. 
8895       INFO  main            d.u.i.k.p.i.AbstractProblemLoader Loading environment from /home/runner/work/key/key/key.core/../key.ui/examples/standard_key/pred_log/count.key.proof 
8895       DEBUG main            d.u.i.k.p.i.AbstractProblemLoader Environment load took 166.11ns 
8903       INFO  main            d.u.i.k.p.i.AbstractProblemLoader Creating init config 
11856      DEBUG main            d.u.i.k.p.i.AbstractProblemLoader Init config took 2.95s 
11900      INFO  main            d.u.i.k.p.i.AbstractProblemLoader Replaying proof count.key.proof 
11912      DEBUG main            d.u.i.k.p.i.IntermediateProofReplayer Proof replay took 7.74ms 
11941      DEBUG main            d.u.i.k.p.r.p.TestFile    ... success: reloaded. 
11946      INFO  main            d.u.i.k.p.r.p.TestFile    Now processing file /home/runner/work/key/key/key.core/../key.ui/examples/standard_key/pred_log/count2.key 
11948      INFO  main            d.u.i.k.p.i.AbstractProblemLoader Loading environment from /home/runner/work/key/key/key.core/../key.ui/examples/standard_key/pred_log/count2.key 
11948      DEBUG main            d.u.i.k.p.i.AbstractProblemLoader Environment load took 266.62ns 
11950      INFO  main            d.u.i.k.p.i.AbstractProblemLoader Creating init config 
14839      DEBUG main            d.u.i.k.p.i.AbstractProblemLoader Init config took 2.89s 
14869      INFO  main            d.u.i.k.p.i.AbstractProblemLoader Replaying proof count2.key 
14872      DEBUG main            d.u.i.k.p.i.IntermediateProofReplayer Proof replay took 6.6ns 
14974      INFO  main            d.u.i.k.p.r.p.TestFile    ... finished proof: closed. 
15106      INFO  main            d.u.i.k.p.i.AbstractProblemLoader Loading environment from /home/runner/work/key/key/key.core/../key.ui/examples/standard_key/pred_log/count2.key.proof 
15106      DEBUG main            d.u.i.k.p.i.AbstractProblemLoader Environment load took 169.21ns 
15108      INFO  main            d.u.i.k.p.i.AbstractProblemLoader Creating init config 
17877      DEBUG main            d.u.i.k.p.i.AbstractProblemLoader Init config took 2.77s 
17902      INFO  main            d.u.i.k.p.i.AbstractProblemLoader Replaying proof count2.key.proof 
17908      DEBUG main            d.u.i.k.p.i.IntermediateProofReplayer Proof replay took 3.87ms 
17908      DEBUG main            d.u.i.k.p.r.p.TestFile    ... success: reloaded. 
17909      INFO  main            d.u.i.k.p.r.p.TestFile    Now processing file /home/runner/work/key/key/key.core/../key.ui/examples/standard_key/pred_log/count3.key 
17910      INFO  main            d.u.i.k.p.i.AbstractProblemLoader Loading environment from /home/runner/work/key/key/key.core/../key.ui/examples/standard_key/pred_log/count3.key 
17910      DEBUG main            d.u.i.k.p.i.AbstractProblemLoader Environment load took 109.11ns 
17911      INFO  main            d.u.i.k.p.i.AbstractProblemLoader Creating init config 
20581      DEBUG main            d.u.i.k.p.i.AbstractProblemLoader Init config took 2.67s 
20606      INFO  main            d.u.i.k.p.i.AbstractProblemLoader Replaying proof count3.key 
20612      DEBUG main            d.u.i.k.p.i.IntermediateProofReplayer Proof replay took 6.9ns 
20715      INFO  main            d.u.i.k.p.r.p.TestFile    ... finished proof: closed. 
20854      INFO  main            d.u.i.k.p.i.AbstractProblemLoader Loading environment from /home/runner/work/key/key/key.core/../key.ui/examples/standard_key/pred_log/count3.key.proof 
20854      DEBUG main            d.u.i.k.p.i.AbstractProblemLoader Environment load took 143.61ns 
20856      INFO  main            d.u.i.k.p.i.AbstractProblemLoader Creating init config 
23452      DEBUG main            d.u.i.k.p.i.AbstractProblemLoader Init config took 2.6s 
23481      INFO  main            d.u.i.k.p.i.AbstractProblemLoader Replaying proof count3.key.proof 
23493      DEBUG main            d.u.i.k.p.i.IntermediateProofReplayer Proof replay took 8.74ms 
23494      DEBUG main            d.u.i.k.p.r.p.TestFile    ... success: reloaded. 
23497      INFO  main            d.u.i.k.p.r.p.TestFile    Now processing file /home/runner/work/key/key/key.core/../key.ui/examples/standard_key/pred_log/equalities.key 
23497      INFO  main            d.u.i.k.p.i.AbstractProblemLoader Loading environment from /home/runner/work/key/key/key.core/../key.ui/examples/standard_key/pred_log/equalities.key 
23497      DEBUG main            d.u.i.k.p.i.AbstractProblemLoader Environment load took 105.31ns 
23500      INFO  main            d.u.i.k.p.i.AbstractProblemLoader Creating init config 
26196      DEBUG main            d.u.i.k.p.i.AbstractProblemLoader Init config took 2.7s 
26218      INFO  main            d.u.i.k.p.i.AbstractProblemLoader Replaying proof equalities.key 
26220      DEBUG main            d.u.i.k.p.i.IntermediateProofReplayer Proof replay took 7.4ns 
26325      INFO  main            d.u.i.k.p.r.p.TestFile    ... finished proof: closed. 
26469      INFO  main            d.u.i.k.p.i.AbstractProblemLoader Loading environment from /home/runner/work/key/key/key.core/../key.ui/examples/standard_key/pred_log/equalities.key.proof 
26469      DEBUG main            d.u.i.k.p.i.AbstractProblemLoader Environment load took 129.41ns 
26470      INFO  main            d.u.i.k.p.i.AbstractProblemLoader Creating init config 
29086      DEBUG main            d.u.i.k.p.i.AbstractProblemLoader Init config took 2.62s 
29107      INFO  main            d.u.i.k.p.i.AbstractProblemLoader Replaying proof equalities.key.proof 
29114      DEBUG main            d.u.i.k.p.i.IntermediateProofReplayer Proof replay took 1.78ms 
29120      DEBUG main            d.u.i.k.p.r.p.TestFile    ... success: reloaded. 
29121      INFO  main            d.u.i.k.p.r.p.TestFile    Now processing file /home/runner/work/key/key/key.core/../key.ui/examples/standard_key/pred_log/equalities2.key 
29122      INFO  main            d.u.i.k.p.i.AbstractProblemLoader Loading environment from /home/runner/work/key/key/key.core/../key.ui/examples/standard_key/pred_log/equalities2.key 
29122      DEBUG main            d.u.i.k.p.i.AbstractProblemLoader Environment load took 114.91ns 
29128      INFO  main            d.u.i.k.p.i.AbstractProblemLoader Creating init config 
31751      DEBUG main            d.u.i.k.p.i.AbstractProblemLoader Init config took 2.62s 
31771      INFO  main            d.u.i.k.p.i.AbstractProblemLoader Replaying proof equalities2.key 
31773      DEBUG main            d.u.i.k.p.i.IntermediateProofReplayer Proof replay took 7ns 
31876      INFO  main            d.u.i.k.p.r.p.TestFile    ... finished proof: closed. 
32037      INFO  main            d.u.i.k.p.i.AbstractProblemLoader Loading environment from /home/runner/work/key/key/key.core/../key.ui/examples/standard_key/pred_log/equalities2.key.proof 
32037      DEBUG main            d.u.i.k.p.i.AbstractProblemLoader Environment load took 126.11ns 
32038      INFO  main            d.u.i.k.p.i.AbstractProblemLoader Creating init config 
34659      DEBUG main            d.u.i.k.p.i.AbstractProblemLoader Init config took 2.62s 
34689      INFO  main            d.u.i.k.p.i.AbstractProblemLoader Replaying proof equalities2.key.proof 
34705      DEBUG main            d.u.i.k.p.i.IntermediateProofReplayer Proof replay took 13.47ms 
34708      DEBUG main            d.u.i.k.p.r.p.TestFile    ... success: reloaded. 
34709      INFO  main            d.u.i.k.p.r.p.TestFile    Now processing file /home/runner/work/key/key/key.core/../key.ui/examples/standard_key/pred_log/equalities3.key 
34710      INFO  main            d.u.i.k.p.i.AbstractProblemLoader Loading environment from /home/runner/work/key/key/key.core/../key.ui/examples/standard_key/pred_log/equalities3.key 
34710      DEBUG main            d.u.i.k.p.i.AbstractProblemLoader Environment load took 197.21ns 
34712      INFO  main            d.u.i.k.p.i.AbstractProblemLoader Creating init config 
37240      DEBUG main            d.u.i.k.p.i.AbstractProblemLoader Init config took 2.53s 
37261      INFO  main            d.u.i.k.p.i.AbstractProblemLoader Replaying proof equalities3.key 
37262      DEBUG main            d.u.i.k.p.i.IntermediateProofReplayer Proof replay took 7.7ns 
37365      INFO  main            d.u.i.k.p.r.p.TestFile    ... finished proof: closed. 
37541      INFO  main            d.u.i.k.p.i.AbstractProblemLoader Loading environment from /home/runner/work/key/key/key.core/../key.ui/examples/standard_key/pred_log/equalities3.key.proof 
37542      DEBUG main            d.u.i.k.p.i.AbstractProblemLoader Environment load took 134.31ns 
37543      INFO  main            d.u.i.k.p.i.AbstractProblemLoader Creating init config 
40058      DEBUG main            d.u.i.k.p.i.AbstractProblemLoader Init config took 2.52s 
40079      INFO  main            d.u.i.k.p.i.AbstractProblemLoader Replaying proof equalities3.key.proof 
40096      DEBUG main            d.u.i.k.p.i.IntermediateProofReplayer Proof replay took 14.54ms 
40098      DEBUG main            d.u.i.k.p.r.p.TestFile    ... success: reloaded. 
40099      INFO  main            d.u.i.k.p.r.p.TestFile    Now processing file /home/runner/work/key/key/key.core/../key.ui/examples/standard_key/pred_log/functions.key 
40099      INFO  main            d.u.i.k.p.i.AbstractProblemLoader Loading environment from /home/runner/work/key/key/key.core/../key.ui/examples/standard_key/pred_log/functions.key 
40099      DEBUG main            d.u.i.k.p.i.AbstractProblemLoader Environment load took 120.81ns 
40100      INFO  main            d.u.i.k.p.i.AbstractProblemLoader Creating init config 
42593      DEBUG main            d.u.i.k.p.i.AbstractProblemLoader Init config took 2.49s 
42611      INFO  main            d.u.i.k.p.i.AbstractProblemLoader Replaying proof functions.key 
42612      DEBUG main            d.u.i.k.p.i.IntermediateProofReplayer Proof replay took 6.7ns 
42716      INFO  main            d.u.i.k.p.r.p.TestFile    ... finished proof: closed. 
42932      INFO  main            d.u.i.k.p.i.AbstractProblemLoader Loading environment from /home/runner/work/key/key/key.core/../key.ui/examples/standard_key/pred_log/functions.key.proof 
42932      DEBUG main            d.u.i.k.p.i.AbstractProblemLoader Environment load took 127.01ns 
42933      INFO  main            d.u.i.k.p.i.AbstractProblemLoader Creating init config 
45423      DEBUG main            d.u.i.k.p.i.AbstractProblemLoader Init config took 2.49s 
45439      INFO  main            d.u.i.k.p.i.AbstractProblemLoader Replaying proof functions.key.proof 
45443      DEBUG main            d.u.i.k.p.i.IntermediateProofReplayer Proof replay took 2.34ms 
45444      DEBUG main            d.u.i.k.p.r.p.TestFile    ... success: reloaded. 
45445      INFO  main            d.u.i.k.p.r.p.TestFile    Now processing file /home/runner/work/key/key/key.core/../key.ui/examples/standard_key/pred_log/mv1.key 
45445      INFO  main            d.u.i.k.p.i.AbstractProblemLoader Loading environment from /home/runner/work/key/key/key.core/../key.ui/examples/standard_key/pred_log/mv1.key 
45445      DEBUG main            d.u.i.k.p.i.AbstractProblemLoader Environment load took 132.11ns 
45446      INFO  main            d.u.i.k.p.i.AbstractProblemLoader Creating init config 
47866      DEBUG main            d.u.i.k.p.i.AbstractProblemLoader Init config took 2.42s 
47883      INFO  main            d.u.i.k.p.i.AbstractProblemLoader Replaying proof mv1.key 
47884      DEBUG main            d.u.i.k.p.i.IntermediateProofReplayer Proof replay took 6.4ns 
47987      INFO  main            d.u.i.k.p.r.p.TestFile    ... finished proof: closed. 
48182      INFO  main            d.u.i.k.p.i.AbstractProblemLoader Loading environment from /home/runner/work/key/key/key.core/../key.ui/examples/standard_key/pred_log/mv1.key.proof 
48182      DEBUG main            d.u.i.k.p.i.AbstractProblemLoader Environment load took 130.71ns 
48184      INFO  main            d.u.i.k.p.i.AbstractProblemLoader Creating init config 
50571      DEBUG main            d.u.i.k.p.i.AbstractProblemLoader Init config took 2.39s 
50587      INFO  main            d.u.i.k.p.i.AbstractProblemLoader Replaying proof mv1.key.proof 
50590      DEBUG main            d.u.i.k.p.i.IntermediateProofReplayer Proof replay took 1.01ms 
50591      DEBUG main            d.u.i.k.p.r.p.TestFile    ... success: reloaded. 
50591      INFO  main            d.u.i.k.p.r.p.TestFile    Now processing file /home/runner/work/key/key/key.core/../key.ui/examples/standard_key/pred_log/mv2.key 
50591      INFO  main            d.u.i.k.p.i.AbstractProblemLoader Loading environment from /home/runner/work/key/key/key.core/../key.ui/examples/standard_key/pred_log/mv2.key 
50592      DEBUG main            d.u.i.k.p.i.AbstractProblemLoader Environment load took 103.11ns 
50593      INFO  main            d.u.i.k.p.i.AbstractProblemLoader Creating init config 
53016      DEBUG main            d.u.i.k.p.i.AbstractProblemLoader Init config took 2.42s 
53032      INFO  main            d.u.i.k.p.i.AbstractProblemLoader Replaying proof mv2.key 
53033      DEBUG main            d.u.i.k.p.i.IntermediateProofReplayer Proof replay took 7.5ns 
53137      INFO  main            d.u.i.k.p.r.p.TestFile    ... finished proof: closed. 
53361      INFO  main            d.u.i.k.p.i.AbstractProblemLoader Loading environment from /home/runner/work/key/key/key.core/../key.ui/examples/standard_key/pred_log/mv2.key.proof 
53362      DEBUG main            d.u.i.k.p.i.AbstractProblemLoader Environment load took 125.31ns 
53363      INFO  main            d.u.i.k.p.i.AbstractProblemLoader Creating init config 
55821      DEBUG main            d.u.i.k.p.i.AbstractProblemLoader Init config took 2.46s 
55837      INFO  main            d.u.i.k.p.i.AbstractProblemLoader Replaying proof mv2.key.proof 
55840      DEBUG main            d.u.i.k.p.i.IntermediateProofReplayer Proof replay took 1.48ms 
55841      DEBUG main            d.u.i.k.p.r.p.TestFile    ... success: reloaded. 
55841      INFO  main            d.u.i.k.p.r.p.TestFile    Now processing file /home/runner/work/key/key/key.core/../key.ui/examples/standard_key/pred_log/quantifiers.key 
55842      INFO  main            d.u.i.k.p.i.AbstractProblemLoader Loading environment from /home/runner/work/key/key/key.core/../key.ui/examples/standard_key/pred_log/quantifiers.key 
55842      DEBUG main            d.u.i.k.p.i.AbstractProblemLoader Environment load took 198.41ns 
55843      INFO  main            d.u.i.k.p.i.AbstractProblemLoader Creating init config 
58250      DEBUG main            d.u.i.k.p.i.AbstractProblemLoader Init config took 2.41s 
58265      INFO  main            d.u.i.k.p.i.AbstractProblemLoader Replaying proof quantifiers.key 
58266      DEBUG main            d.u.i.k.p.i.IntermediateProofReplayer Proof replay took 7.2ns 
58370      INFO  main            d.u.i.k.p.r.p.TestFile    ... finished proof: closed. 
58563      INFO  main            d.u.i.k.p.i.AbstractProblemLoader Loading environment from /home/runner/work/key/key/key.core/../key.ui/examples/standard_key/pred_log/quantifiers.key.proof 
58563      DEBUG main            d.u.i.k.p.i.AbstractProblemLoader Environment load took 136.51ns 
58564      INFO  main            d.u.i.k.p.i.AbstractProblemLoader Creating init config 
60990      DEBUG main            d.u.i.k.p.i.AbstractProblemLoader Init config took 2.43s 
61005      INFO  main            d.u.i.k.p.i.AbstractProblemLoader Replaying proof quantifiers.key.proof 
61009      DEBUG main            d.u.i.k.p.i.IntermediateProofReplayer Proof replay took 2.24ms 
61009      DEBUG main            d.u.i.k.p.r.p.TestFile    ... success: reloaded. 
61010      INFO  main            d.u.i.k.p.r.p.TestFile    Now processing file /home/runner/work/key/key/key.core/../key.ui/examples/standard_key/pred_log/simpleEps.key 
61011      INFO  main            d.u.i.k.p.i.AbstractProblemLoader Loading environment from /home/runner/work/key/key/key.core/../key.ui/examples/standard_key/pred_log/simpleEps.key 
61011      DEBUG main            d.u.i.k.p.i.AbstractProblemLoader Environment load took 173.51ns 
61012      INFO  main            d.u.i.k.p.i.AbstractProblemLoader Creating init config 
63452      DEBUG main            d.u.i.k.p.i.AbstractProblemLoader Init config took 2.44s 
63466      INFO  main            d.u.i.k.p.i.AbstractProblemLoader Replaying proof simpleEps.key 
63467      DEBUG main            d.u.i.k.p.i.IntermediateProofReplayer Proof replay took 6.6ns 
63574      INFO  main            d.u.i.k.p.r.p.TestFile    ... finished proof: closed. 
63753      INFO  main            d.u.i.k.p.i.AbstractProblemLoader Loading environment from /home/runner/work/key/key/key.core/../key.ui/examples/standard_key/pred_log/simpleEps.key.proof 
63754      DEBUG main            d.u.i.k.p.i.AbstractProblemLoader Environment load took 115.11ns 
63755      INFO  main            d.u.i.k.p.i.AbstractProblemLoader Creating init config 
66030      DEBUG main            d.u.i.k.p.i.AbstractProblemLoader Init config took 2.28s 
66045      INFO  main            d.u.i.k.p.i.AbstractProblemLoader Replaying proof simpleEps.key.proof 
66053      DEBUG main            d.u.i.k.p.i.IntermediateProofReplayer Proof replay took 5.81ms 
66054      DEBUG main            d.u.i.k.p.r.p.TestFile    ... success: reloaded. 
66055      INFO  main            d.u.i.k.p.r.p.TestFile    Now processing file /home/runner/work/key/key/key.core/../key.ui/examples/standard_key/pred_log/steam1.key 
66055      INFO  main            d.u.i.k.p.i.AbstractProblemLoader Loading environment from /home/runner/work/key/key/key.core/../key.ui/examples/standard_key/pred_log/steam1.key 
66055      DEBUG main            d.u.i.k.p.i.AbstractProblemLoader Environment load took 110.61ns 
66058      INFO  main            d.u.i.k.p.i.AbstractProblemLoader Creating init config 
68438      DEBUG main            d.u.i.k.p.i.AbstractProblemLoader Init config took 2.38s 
68463      INFO  main            d.u.i.k.p.i.AbstractProblemLoader Replaying proof steam1.key 
68464      DEBUG main            d.u.i.k.p.i.IntermediateProofReplayer Proof replay took 7.5ns 
68871      INFO  main            d.u.i.k.p.r.p.TestFile    ... finished proof: closed. 
69082      INFO  main            d.u.i.k.p.i.AbstractProblemLoader Loading environment from /home/runner/work/key/key/key.core/../key.ui/examples/standard_key/pred_log/steam1.key.proof 
69087      DEBUG main            d.u.i.k.p.i.AbstractProblemLoader Environment load took 5.64ms 
69090      INFO  main            d.u.i.k.p.i.AbstractProblemLoader Creating init config 
71580      DEBUG main            d.u.i.k.p.i.AbstractProblemLoader Init config took 2.49s 
71600      INFO  main            d.u.i.k.p.i.AbstractProblemLoader Replaying proof steam1.key.proof 
71621      DEBUG main            d.u.i.k.p.i.IntermediateProofReplayer Proof replay took 18.41ms 
71623      DEBUG main            d.u.i.k.p.r.p.TestFile    ... success: reloaded. 
71623      INFO  main            d.u.i.k.p.r.p.TestFile    Now processing file /home/runner/work/key/key/key.core/../key.ui/examples/standard_key/pred_log/tptp/PUZ/PUZ001p1.key 
71624      INFO  main            d.u.i.k.p.i.AbstractProblemLoader Loading environment from /home/runner/work/key/key/key.core/../key.ui/examples/standard_key/pred_log/tptp/PUZ/PUZ001p1.key 
71624      DEBUG main            d.u.i.k.p.i.AbstractProblemLoader Environment load took 98.61ns 
71625      INFO  main            d.u.i.k.p.i.AbstractProblemLoader Creating init config 
74171      DEBUG main            d.u.i.k.p.i.AbstractProblemLoader Init config took 2.55s 
74189      INFO  main            d.u.i.k.p.i.AbstractProblemLoader Replaying proof PUZ001p1.key 
74190      DEBUG main            d.u.i.k.p.i.IntermediateProofReplayer Proof replay took 14.7ns 
77536      INFO  main            d.u.i.k.p.r.p.TestFile    ... finished proof: closed. 
77763      INFO  main            d.u.i.k.p.i.AbstractProblemLoader Loading environment from /home/runner/work/key/key/key.core/../key.ui/examples/standard_key/pred_log/tptp/PUZ/PUZ001p1.key.proof 
77763      DEBUG main            d.u.i.k.p.i.AbstractProblemLoader Environment load took 400.03ns 
77765      INFO  main            d.u.i.k.p.i.AbstractProblemLoader Creating init config 
80131      DEBUG main            d.u.i.k.p.i.AbstractProblemLoader Init config took 2.37s 
80148      INFO  main            d.u.i.k.p.i.AbstractProblemLoader Replaying proof PUZ001p1.key.proof 
80292      DEBUG main            d.u.i.k.p.i.IntermediateProofReplayer Proof replay took 136.18ms 
80294      DEBUG main            d.u.i.k.p.r.p.TestFile    ... success: reloaded. 
80295      INFO  main            d.u.i.k.p.r.p.TestFile    Now processing file /home/runner/work/key/key/key.core/../key.ui/examples/standard_key/pred_log/tptp/PUZ/PUZ001p1-eq.key 
80295      INFO  main            d.u.i.k.p.i.AbstractProblemLoader Loading environment from /home/runner/work/key/key/key.core/../key.ui/examples/standard_key/pred_log/tptp/PUZ/PUZ001p1-eq.key 
80296      DEBUG main            d.u.i.k.p.i.AbstractProblemLoader Environment load took 221.31ns 
80297      INFO  main            d.u.i.k.p.i.AbstractProblemLoader Creating init config 
82764      DEBUG main            d.u.i.k.p.i.AbstractProblemLoader Init config took 2.47s 
82781      INFO  main            d.u.i.k.p.i.AbstractProblemLoader Replaying proof PUZ001p1-eq.key 
82783      DEBUG main            d.u.i.k.p.i.IntermediateProofReplayer Proof replay took 8.1ns 
82987      INFO  main            d.u.i.k.p.r.p.TestFile    ... finished proof: closed. 
83230      INFO  main            d.u.i.k.p.i.AbstractProblemLoader Loading environment from /home/runner/work/key/key/key.core/../key.ui/examples/standard_key/pred_log/tptp/PUZ/PUZ001p1-eq.key.proof 
83231      DEBUG main            d.u.i.k.p.i.AbstractProblemLoader Environment load took 360.32ns 
83232      INFO  main            d.u.i.k.p.i.AbstractProblemLoader Creating init config 
85588      DEBUG main            d.u.i.k.p.i.AbstractProblemLoader Init config took 2.36s 
85603      INFO  main            d.u.i.k.p.i.AbstractProblemLoader Replaying proof PUZ001p1-eq.key.proof 
85616      DEBUG main            d.u.i.k.p.i.IntermediateProofReplayer Proof replay took 11.49ms 
85617      DEBUG main            d.u.i.k.p.r.p.TestFile    ... success: reloaded. 
85618      INFO  main            d.u.i.k.p.r.p.TestFile    Now processing file /home/runner/work/key/key/key.core/../key.ui/examples/standard_key/pred_log/tptp/PUZ/PUZ031p1.key 
85618      INFO  main            d.u.i.k.p.i.AbstractProblemLoader Loading environment from /home/runner/work/key/key/key.core/../key.ui/examples/standard_key/pred_log/tptp/PUZ/PUZ031p1.key 
85618      DEBUG main            d.u.i.k.p.i.AbstractProblemLoader Environment load took 79.51ns 
85619      INFO  main            d.u.i.k.p.i.AbstractProblemLoader Creating init config 
88047      DEBUG main            d.u.i.k.p.i.AbstractProblemLoader Init config took 2.43s 
88063      INFO  main            d.u.i.k.p.i.AbstractProblemLoader Replaying proof PUZ031p1.key 
88064      DEBUG main            d.u.i.k.p.i.IntermediateProofReplayer Proof replay took 6.4ns 
96502      INFO  main            d.u.i.k.p.r.p.TestFile    ... finished proof: closed. 
96733      INFO  main            d.u.i.k.p.i.AbstractProblemLoader Loading environment from /home/runner/work/key/key/key.core/../key.ui/examples/standard_key/pred_log/tptp/PUZ/PUZ031p1.key.proof 
96733      DEBUG main            d.u.i.k.p.i.AbstractProblemLoader Environment load took 134.21ns 
96735      INFO  main            d.u.i.k.p.i.AbstractProblemLoader Creating init config 
99117      DEBUG main            d.u.i.k.p.i.AbstractProblemLoader Init config took 2.38s 
99132      INFO  main            d.u.i.k.p.i.AbstractProblemLoader Replaying proof PUZ031p1.key.proof 
99186      DEBUG main            d.u.i.k.p.i.IntermediateProofReplayer Proof replay took 49.91ms 
99187      DEBUG main            d.u.i.k.p.r.p.TestFile    ... success: reloaded. 
99188      INFO  main            d.u.i.k.p.r.p.TestFile    Now processing file /home/runner/work/key/key/key.core/../key.ui/examples/standard_key/pred_log/tptp/SET/SET027p3.key 
99188      INFO  main            d.u.i.k.p.i.AbstractProblemLoader Loading environment from /home/runner/work/key/key/key.core/../key.ui/examples/standard_key/pred_log/tptp/SET/SET027p3.key 
99188      DEBUG main            d.u.i.k.p.i.AbstractProblemLoader Environment load took 87.31ns 
99189      INFO  main            d.u.i.k.p.i.AbstractProblemLoader Creating init config 
101649     DEBUG main            d.u.i.k.p.i.AbstractProblemLoader Init config took 2.46s 
101664     INFO  main            d.u.i.k.p.i.AbstractProblemLoader Replaying proof SET027p3.key 
101665     DEBUG main            d.u.i.k.p.i.IntermediateProofReplayer Proof replay took 7.7ns 
101769     INFO  main            d.u.i.k.p.r.p.TestFile    ... finished proof: closed. 
102020     INFO  main            d.u.i.k.p.i.AbstractProblemLoader Loading environment from /home/runner/work/key/key/key.core/../key.ui/examples/standard_key/pred_log/tptp/SET/SET027p3.key.proof 
102021     DEBUG main            d.u.i.k.p.i.AbstractProblemLoader Environment load took 122.11ns 
102022     INFO  main            d.u.i.k.p.i.AbstractProblemLoader Creating init config 
104411     DEBUG main            d.u.i.k.p.i.AbstractProblemLoader Init config took 2.39s 
104425     INFO  main            d.u.i.k.p.i.AbstractProblemLoader Replaying proof SET027p3.key.proof 
104436     DEBUG main            d.u.i.k.p.i.IntermediateProofReplayer Proof replay took 6.63ms 
104437     DEBUG main            d.u.i.k.p.r.p.TestFile    ... success: reloaded. 
104438     INFO  main            d.u.i.k.p.r.p.TestFile    Now processing file /home/runner/work/key/key/key.core/../key.ui/examples/standard_key/pred_log/tptp/SET/SET043p1.key 
104438     INFO  main            d.u.i.k.p.i.AbstractProblemLoader Loading environment from /home/runner/work/key/key/key.core/../key.ui/examples/standard_key/pred_log/tptp/SET/SET043p1.key 
104438     DEBUG main            d.u.i.k.p.i.AbstractProblemLoader Environment load took 103.01ns 
104439     INFO  main            d.u.i.k.p.i.AbstractProblemLoader Creating init config 
106723     DEBUG main            d.u.i.k.p.i.AbstractProblemLoader Init config took 2.28s 
106738     INFO  main            d.u.i.k.p.i.AbstractProblemLoader Replaying proof SET043p1.key 
106740     DEBUG main            d.u.i.k.p.i.IntermediateProofReplayer Proof replay took 8.4ns 
106842     INFO  main            d.u.i.k.p.r.p.TestFile    ... finished proof: closed. 
107072     INFO  main            d.u.i.k.p.i.AbstractProblemLoader Loading environment from /home/runner/work/key/key/key.core/../key.ui/examples/standard_key/pred_log/tptp/SET/SET043p1.key.proof 
107072     DEBUG main            d.u.i.k.p.i.AbstractProblemLoader Environment load took 200.31ns 
107074     INFO  main            d.u.i.k.p.i.AbstractProblemLoader Creating init config 
109562     DEBUG main            d.u.i.k.p.i.AbstractProblemLoader Init config took 2.49s 
109578     INFO  main            d.u.i.k.p.i.AbstractProblemLoader Replaying proof SET043p1.key.proof 
109580     DEBUG main            d.u.i.k.p.i.IntermediateProofReplayer Proof replay took 1.19ms 
109581     DEBUG main            d.u.i.k.p.r.p.TestFile    ... success: reloaded. 
109582     INFO  main            d.u.i.k.p.r.p.TestFile    Now processing file /home/runner/work/key/key/key.core/../key.ui/examples/standard_key/pred_log/tptp/SET/SET045p1.key 
109582     INFO  main            d.u.i.k.p.i.AbstractProblemLoader Loading environment from /home/runner/work/key/key/key.core/../key.ui/examples/standard_key/pred_log/tptp/SET/SET045p1.key 
109583     DEBUG main            d.u.i.k.p.i.AbstractProblemLoader Environment load took 196.61ns 
109584     INFO  main            d.u.i.k.p.i.AbstractProblemLoader Creating init config 
111929     DEBUG main            d.u.i.k.p.i.AbstractProblemLoader Init config took 2.35s 
111945     INFO  main            d.u.i.k.p.i.AbstractProblemLoader Replaying proof SET045p1.key 
111946     DEBUG main            d.u.i.k.p.i.IntermediateProofReplayer Proof replay took 8.8ns 
112048     INFO  main            d.u.i.k.p.r.p.TestFile    ... finished proof: closed. 
112297     INFO  main            d.u.i.k.p.i.AbstractProblemLoader Loading environment from /home/runner/work/key/key/key.core/../key.ui/examples/standard_key/pred_log/tptp/SET/SET045p1.key.proof 
112297     DEBUG main            d.u.i.k.p.i.AbstractProblemLoader Environment load took 125.21ns 
112298     INFO  main            d.u.i.k.p.i.AbstractProblemLoader Creating init config 
114675     DEBUG main            d.u.i.k.p.i.AbstractProblemLoader Init config took 2.38s 
114690     INFO  main            d.u.i.k.p.i.AbstractProblemLoader Replaying proof SET045p1.key.proof 
114696     DEBUG main            d.u.i.k.p.i.IntermediateProofReplayer Proof replay took 4.15ms 
114697     DEBUG main            d.u.i.k.p.r.p.TestFile    ... success: reloaded. 
114697     INFO  main            d.u.i.k.p.r.p.TestFile    Now processing file /home/runner/work/key/key/key.core/../key.ui/examples/standard_key/pred_log/tptp/SET/SET062p3.key 
114698     INFO  main            d.u.i.k.p.i.AbstractProblemLoader Loading environment from /home/runner/work/key/key/key.core/../key.ui/examples/standard_key/pred_log/tptp/SET/SET062p3.key 
114698     DEBUG main            d.u.i.k.p.i.AbstractProblemLoader Environment load took 181.31ns 
114699     INFO  main            d.u.i.k.p.i.AbstractProblemLoader Creating init config 
117191     DEBUG main            d.u.i.k.p.i.AbstractProblemLoader Init config took 2.49s 
117206     INFO  main            d.u.i.k.p.i.AbstractProblemLoader Replaying proof SET062p3.key 
117208     DEBUG main            d.u.i.k.p.i.IntermediateProofReplayer Proof replay took 8.6ns 
117313     INFO  main            d.u.i.k.p.r.p.TestFile    ... finished proof: closed. 
117574     INFO  main            d.u.i.k.p.i.AbstractProblemLoader Loading environment from /home/runner/work/key/key/key.core/../key.ui/examples/standard_key/pred_log/tptp/SET/SET062p3.key.proof 
117574     DEBUG main            d.u.i.k.p.i.AbstractProblemLoader Environment load took 113.21ns 
117576     INFO  main            d.u.i.k.p.i.AbstractProblemLoader Creating init config 
119935     DEBUG main            d.u.i.k.p.i.AbstractProblemLoader Init config took 2.36s 
119954     INFO  main            d.u.i.k.p.i.AbstractProblemLoader Replaying proof SET062p3.key.proof 
119961     DEBUG main            d.u.i.k.p.i.IntermediateProofReplayer Proof replay took 6.32ms 
119962     DEBUG main            d.u.i.k.p.r.p.TestFile    ... success: reloaded. 
119963     INFO  main            d.u.i.k.p.r.p.TestFile    Now processing file /home/runner/work/key/key/key.core/../key.ui/examples/standard_key/pred_log/tptp/SET/SET063p3.key 
119964     INFO  main            d.u.i.k.p.i.AbstractProblemLoader Loading environment from /home/runner/work/key/key/key.core/../key.ui/examples/standard_key/pred_log/tptp/SET/SET063p3.key 
119964     DEBUG main            d.u.i.k.p.i.AbstractProblemLoader Environment load took 190.61ns 
119965     INFO  main            d.u.i.k.p.i.AbstractProblemLoader Creating init config 
122414     DEBUG main            d.u.i.k.p.i.AbstractProblemLoader Init config took 2.45s 
122429     INFO  main            d.u.i.k.p.i.AbstractProblemLoader Replaying proof SET063p3.key 
122430     DEBUG main            d.u.i.k.p.i.IntermediateProofReplayer Proof replay took 7.9ns 
122533     INFO  main            d.u.i.k.p.r.p.TestFile    ... finished proof: closed. 
122776     INFO  main            d.u.i.k.p.i.AbstractProblemLoader Loading environment from /home/runner/work/key/key/key.core/../key.ui/examples/standard_key/pred_log/tptp/SET/SET063p3.key.proof 
122776     DEBUG main            d.u.i.k.p.i.AbstractProblemLoader Environment load took 110.51ns 
122777     INFO  main            d.u.i.k.p.i.AbstractProblemLoader Creating init config 
125153     DEBUG main            d.u.i.k.p.i.AbstractProblemLoader Init config took 2.38s 
125168     INFO  main            d.u.i.k.p.i.AbstractProblemLoader Replaying proof SET063p3.key.proof 
125175     DEBUG main            d.u.i.k.p.i.IntermediateProofReplayer Proof replay took 5.06ms 
125176     DEBUG main            d.u.i.k.p.r.p.TestFile    ... success: reloaded. 
125176     INFO  main            d.u.i.k.p.r.p.TestFile    Now processing file /home/runner/work/key/key/key.core/../key.ui/examples/standard_key/pred_log/tptp/SYN/SYN036p2.key 
125176     INFO  main            d.u.i.k.p.i.AbstractProblemLoader Loading environment from /home/runner/work/key/key/key.core/../key.ui/examples/standard_key/pred_log/tptp/SYN/SYN036p2.key 
125177     DEBUG main            d.u.i.k.p.i.AbstractProblemLoader Environment load took 98.91ns 
125178     INFO  main            d.u.i.k.p.i.AbstractProblemLoader Creating init config 
127595     DEBUG main            d.u.i.k.p.i.AbstractProblemLoader Init config took 2.42s 
127612     INFO  main            d.u.i.k.p.i.AbstractProblemLoader Replaying proof SYN036p2.key 
127614     DEBUG main            d.u.i.k.p.i.IntermediateProofReplayer Proof replay took 9.3ns 
127920     INFO  main            d.u.i.k.p.r.p.TestFile    ... finished proof: closed. 
128180     INFO  main            d.u.i.k.p.i.AbstractProblemLoader Loading environment from /home/runner/work/key/key/key.core/../key.ui/examples/standard_key/pred_log/tptp/SYN/SYN036p2.key.proof 
128180     DEBUG main            d.u.i.k.p.i.AbstractProblemLoader Environment load took 373.83ns 
128182     INFO  main            d.u.i.k.p.i.AbstractProblemLoader Creating init config 
130517     DEBUG main            d.u.i.k.p.i.AbstractProblemLoader Init config took 2.34s 
130532     INFO  main            d.u.i.k.p.i.AbstractProblemLoader Replaying proof SYN036p2.key.proof 
130599     DEBUG main            d.u.i.k.p.i.IntermediateProofReplayer Proof replay took 59.57ms 
130600     DEBUG main            d.u.i.k.p.r.p.TestFile    ... success: reloaded. 
130600     INFO  main            d.u.i.k.p.r.p.TestFile    Now processing file /home/runner/work/key/key/key.core/../key.ui/examples/standard_key/pred_log/tptp/SYN/SYN550p1.key 
130601     INFO  main            d.u.i.k.p.i.AbstractProblemLoader Loading environment from /home/runner/work/key/key/key.core/../key.ui/examples/standard_key/pred_log/tptp/SYN/SYN550p1.key 
130601     DEBUG main            d.u.i.k.p.i.AbstractProblemLoader Environment load took 87.71ns 
130602     INFO  main            d.u.i.k.p.i.AbstractProblemLoader Creating init config 
132969     DEBUG main            d.u.i.k.p.i.AbstractProblemLoader Init config took 2.37s 
132983     INFO  main            d.u.i.k.p.i.AbstractProblemLoader Replaying proof SYN550p1.key 
132985     DEBUG main            d.u.i.k.p.i.IntermediateProofReplayer Proof replay took 7ns 
135999     INFO  main            d.u.i.k.p.r.p.TestFile    ... finished proof: closed. 
136272     INFO  main            d.u.i.k.p.i.AbstractProblemLoader Loading environment from /home/runner/work/key/key/key.core/../key.ui/examples/standard_key/pred_log/tptp/SYN/SYN550p1.key.proof 
136273     DEBUG main            d.u.i.k.p.i.AbstractProblemLoader Environment load took 297.52ns 
136274     INFO  main            d.u.i.k.p.i.AbstractProblemLoader Creating init config 
138598     DEBUG main            d.u.i.k.p.i.AbstractProblemLoader Init config took 2.32s 
138613     INFO  main            d.u.i.k.p.i.AbstractProblemLoader Replaying proof SYN550p1.key.proof 
138694     DEBUG main            d.u.i.k.p.i.IntermediateProofReplayer Proof replay took 75.6ms 
138695     DEBUG main            d.u.i.k.p.r.p.TestFile    ... success: reloaded. 
138695     INFO  main            d.u.i.k.p.r.p.TestFile    Now processing file /home/runner/work/key/key/key.core/../key.ui/examples/standard_key/prop_log/reallySimple.key 
138696     INFO  main            d.u.i.k.p.i.AbstractProblemLoader Loading environment from /home/runner/work/key/key/key.core/../key.ui/examples/standard_key/prop_log/reallySimple.key 
138696     DEBUG main            d.u.i.k.p.i.AbstractProblemLoader Environment load took 123.11ns 
138697     INFO  main            d.u.i.k.p.i.AbstractProblemLoader Creating init config 
141031     DEBUG main            d.u.i.k.p.i.AbstractProblemLoader Init config took 2.33s 
141045     INFO  main            d.u.i.k.p.i.AbstractProblemLoader Replaying proof reallySimple.key 
141046     DEBUG main            d.u.i.k.p.i.IntermediateProofReplayer Proof replay took 7.3ns 
141149     INFO  main            d.u.i.k.p.r.p.TestFile    ... finished proof: open goal(s) 
141433     INFO  main            d.u.i.k.p.r.p.TestFile    Now processing file /home/runner/work/key/key/key.core/../key.ui/examples/standard_key/pred_log/sameName1.key 
141433     INFO  main            d.u.i.k.p.i.AbstractProblemLoader Loading environment from /home/runner/work/key/key/key.core/../key.ui/examples/standard_key/pred_log/sameName1.key 
141433     DEBUG main            d.u.i.k.p.i.AbstractProblemLoader Environment load took 64.8ns 
141434     INFO  main            d.u.i.k.p.i.AbstractProblemLoader Creating init config 
143745     DEBUG main            d.u.i.k.p.i.AbstractProblemLoader Init config took 2.31s 
143761     INFO  main            d.u.i.k.p.i.AbstractProblemLoader Replaying proof sameName1.key 
143762     DEBUG main            d.u.i.k.p.i.IntermediateProofReplayer Proof replay took 6.9ns 
143864     INFO  main            d.u.i.k.p.r.p.TestFile    ... finished proof: open goal(s) 
144141     INFO  main            d.u.i.k.p.r.p.TestFile    Now processing file /home/runner/work/key/key/key.core/../key.ui/examples/standard_key/pred_log/jbyteIfEx.key 
144141     INFO  main            d.u.i.k.p.i.AbstractProblemLoader Loading environment from /home/runner/work/key/key/key.core/../key.ui/examples/standard_key/pred_log/jbyteIfEx.key 
144141     DEBUG main            d.u.i.k.p.i.AbstractProblemLoader Environment load took 63.9ns 
144142     INFO  main            d.u.i.k.p.i.AbstractProblemLoader Creating init config 
146541     DEBUG main            d.u.i.k.p.i.AbstractProblemLoader Init config took 2.4s 
146556     INFO  main            d.u.i.k.p.i.AbstractProblemLoader Replaying proof jbyteIfEx.key 
146558     DEBUG main            d.u.i.k.p.i.IntermediateProofReplayer Proof replay took 6.7ns 
146661     INFO  main            d.u.i.k.p.r.p.TestFile    ... finished proof: closed. 
146924     INFO  main            d.u.i.k.p.i.AbstractProblemLoader Loading environment from /home/runner/work/key/key/key.core/../key.ui/examples/standard_key/pred_log/jbyteIfEx.key.proof 
146924     DEBUG main            d.u.i.k.p.i.AbstractProblemLoader Environment load took 113.81ns 
146925     INFO  main            d.u.i.k.p.i.AbstractProblemLoader Creating init config 
149246     DEBUG main            d.u.i.k.p.i.AbstractProblemLoader Init config took 2.32s 
149260     INFO  main            d.u.i.k.p.i.AbstractProblemLoader Replaying proof jbyteIfEx.key.proof 
149267     DEBUG main            d.u.i.k.p.i.IntermediateProofReplayer Proof replay took 5.7ms 
149268     DEBUG main            d.u.i.k.p.r.p.TestFile    ... success: reloaded. 
149269     INFO  main            d.u.i.k.p.r.p.TestFile    Now processing file /home/runner/work/key/key/key.core/../key.ui/examples/standard_key/prop_log/allClausesLength4.key 
149269     INFO  main            d.u.i.k.p.i.AbstractProblemLoader Loading environment from /home/runner/work/key/key/key.core/../key.ui/examples/standard_key/prop_log/allClausesLength4.key 
149269     DEBUG main            d.u.i.k.p.i.AbstractProblemLoader Environment load took 89.61ns 
149270     INFO  main            d.u.i.k.p.i.AbstractProblemLoader Creating init config 
151667     DEBUG main            d.u.i.k.p.i.AbstractProblemLoader Init config took 2.4s 
151682     INFO  main            d.u.i.k.p.i.AbstractProblemLoader Replaying proof allClausesLength4.key 
151683     DEBUG main            d.u.i.k.p.i.IntermediateProofReplayer Proof replay took 6ns 
151786     INFO  main            d.u.i.k.p.r.p.TestFile    ... finished proof: closed. 
152068     INFO  main            d.u.i.k.p.i.AbstractProblemLoader Loading environment from /home/runner/work/key/key/key.core/../key.ui/examples/standard_key/prop_log/allClausesLength4.key.proof 
152068     DEBUG main            d.u.i.k.p.i.AbstractProblemLoader Environment load took 122.31ns 
152070     INFO  main            d.u.i.k.p.i.AbstractProblemLoader Creating init config 
154414     DEBUG main            d.u.i.k.p.i.AbstractProblemLoader Init config took 2.34s 
154428     INFO  main            d.u.i.k.p.i.AbstractProblemLoader Replaying proof allClausesLength4.key.proof 
154440     DEBUG main            d.u.i.k.p.i.IntermediateProofReplayer Proof replay took 9.56ms 
154441     DEBUG main            d.u.i.k.p.r.p.TestFile    ... success: reloaded. 
154442     INFO  main            d.u.i.k.p.r.p.TestFile    Now processing file /home/runner/work/key/key/key.core/../key.ui/examples/standard_key/prop_log/allClausesLength5.key 
154442     INFO  main            d.u.i.k.p.i.AbstractProblemLoader Loading environment from /home/runner/work/key/key/key.core/../key.ui/examples/standard_key/prop_log/allClausesLength5.key 
154442     DEBUG main            d.u.i.k.p.i.AbstractProblemLoader Environment load took 186.81ns 
154443     INFO  main            d.u.i.k.p.i.AbstractProblemLoader Creating init config 
156803     DEBUG main            d.u.i.k.p.i.AbstractProblemLoader Init config took 2.36s 
156818     INFO  main            d.u.i.k.p.i.AbstractProblemLoader Replaying proof allClausesLength5.key 
156818     DEBUG main            d.u.i.k.p.i.IntermediateProofReplayer Proof replay took 6.3ns 
157125     INFO  main            d.u.i.k.p.r.p.TestFile    ... finished proof: closed. 
157429     INFO  main            d.u.i.k.p.i.AbstractProblemLoader Loading environment from /home/runner/work/key/key/key.core/../key.ui/examples/standard_key/prop_log/allClausesLength5.key.proof 
157429     DEBUG main            d.u.i.k.p.i.AbstractProblemLoader Environment load took 125.11ns 
157431     INFO  main            d.u.i.k.p.i.AbstractProblemLoader Creating init config 
159765     DEBUG main            d.u.i.k.p.i.AbstractProblemLoader Init config took 2.33s 
159781     INFO  main            d.u.i.k.p.i.AbstractProblemLoader Replaying proof allClausesLength5.key.proof 
159816     DEBUG main            d.u.i.k.p.i.IntermediateProofReplayer Proof replay took 31.65ms 
159818     DEBUG main            d.u.i.k.p.r.p.TestFile    ... success: reloaded. 
159818     INFO  main            d.u.i.k.p.r.p.TestFile    Now processing file /home/runner/work/key/key/key.core/../key.ui/examples/standard_key/prop_log/doubleNeg.key 
159819     INFO  main            d.u.i.k.p.i.AbstractProblemLoader Loading environment from /home/runner/work/key/key/key.core/../key.ui/examples/standard_key/prop_log/doubleNeg.key 
159819     DEBUG main            d.u.i.k.p.i.AbstractProblemLoader Environment load took 89.61ns 
159820     INFO  main            d.u.i.k.p.i.AbstractProblemLoader Creating init config 
162130     DEBUG main            d.u.i.k.p.i.AbstractProblemLoader Init config took 2.31s 
162144     INFO  main            d.u.i.k.p.i.AbstractProblemLoader Replaying proof doubleNeg.key 
162145     DEBUG main            d.u.i.k.p.i.IntermediateProofReplayer Proof replay took 6.9ns 
162249     INFO  main            d.u.i.k.p.r.p.TestFile    ... finished proof: closed. 
162525     INFO  main            d.u.i.k.p.i.AbstractProblemLoader Loading environment from /home/runner/work/key/key/key.core/../key.ui/examples/standard_key/prop_log/doubleNeg.key.proof 
162525     DEBUG main            d.u.i.k.p.i.AbstractProblemLoader Environment load took 109.11ns 
162526     INFO  main            d.u.i.k.p.i.AbstractProblemLoader Creating init config 
164832     DEBUG main            d.u.i.k.p.i.AbstractProblemLoader Init config took 2.31s 
164846     INFO  main            d.u.i.k.p.i.AbstractProblemLoader Replaying proof doubleNeg.key.proof 
164847     DEBUG main            d.u.i.k.p.i.IntermediateProofReplayer Proof replay took 368.43ns 
164848     DEBUG main            d.u.i.k.p.r.p.TestFile    ... success: reloaded. 
164849     INFO  main            d.u.i.k.p.r.p.TestFile    Now processing file /home/runner/work/key/key/key.core/../key.ui/examples/standard_key/prop_log/liarsville.key 
164849     INFO  main            d.u.i.k.p.i.AbstractProblemLoader Loading environment from /home/runner/work/key/key/key.core/../key.ui/examples/standard_key/prop_log/liarsville.key 
164849     DEBUG main            d.u.i.k.p.i.AbstractProblemLoader Environment load took 104.61ns 
164850     INFO  main            d.u.i.k.p.i.AbstractProblemLoader Creating init config 
167270     DEBUG main            d.u.i.k.p.i.AbstractProblemLoader Init config took 2.42s 
167285     INFO  main            d.u.i.k.p.i.AbstractProblemLoader Replaying proof liarsville.key 
167286     DEBUG main            d.u.i.k.p.i.IntermediateProofReplayer Proof replay took 6.7ns 
167389     INFO  main            d.u.i.k.p.r.p.TestFile    ... finished proof: closed. 
167674     INFO  main            d.u.i.k.p.i.AbstractProblemLoader Loading environment from /home/runner/work/key/key/key.core/../key.ui/examples/standard_key/prop_log/liarsville.key.proof 
167675     DEBUG main            d.u.i.k.p.i.AbstractProblemLoader Environment load took 96.51ns 
167676     INFO  main            d.u.i.k.p.i.AbstractProblemLoader Creating init config 
170024     DEBUG main            d.u.i.k.p.i.AbstractProblemLoader Init config took 2.35s 
170039     INFO  main            d.u.i.k.p.i.AbstractProblemLoader Replaying proof liarsville.key.proof 
170041     DEBUG main            d.u.i.k.p.i.IntermediateProofReplayer Proof replay took 1.1ms 
170042     DEBUG main            d.u.i.k.p.r.p.TestFile    ... success: reloaded. 
170042     INFO  main            d.u.i.k.p.r.p.TestFile    Now processing file /home/runner/work/key/key/key.core/../key.ui/examples/standard_key/prop_log/simplest.key 
170043     INFO  main            d.u.i.k.p.i.AbstractProblemLoader Loading environment from /home/runner/work/key/key/key.core/../key.ui/examples/standard_key/prop_log/simplest.key 
170043     DEBUG main            d.u.i.k.p.i.AbstractProblemLoader Environment load took 76.31ns 
170044     INFO  main            d.u.i.k.p.i.AbstractProblemLoader Creating init config 
172411     DEBUG main            d.u.i.k.p.i.AbstractProblemLoader Init config took 2.37s 
172425     INFO  main            d.u.i.k.p.i.AbstractProblemLoader Replaying proof simplest.key 
172426     DEBUG main            d.u.i.k.p.i.IntermediateProofReplayer Proof replay took 7.5ns 
172529     INFO  main            d.u.i.k.p.r.p.TestFile    ... finished proof: closed. 
172822     INFO  main            d.u.i.k.p.i.AbstractProblemLoader Loading environment from /home/runner/work/key/key/key.core/../key.ui/examples/standard_key/prop_log/simplest.key.proof 
172822     DEBUG main            d.u.i.k.p.i.AbstractProblemLoader Environment load took 115.51ns 
172823     INFO  main            d.u.i.k.p.i.AbstractProblemLoader Creating init config 
175081     DEBUG main            d.u.i.k.p.i.AbstractProblemLoader Init config took 2.26s 
175095     INFO  main            d.u.i.k.p.i.AbstractProblemLoader Replaying proof simplest.key.proof 
175096     DEBUG main            d.u.i.k.p.i.IntermediateProofReplayer Proof replay took 97.31ns 
175097     DEBUG main            d.u.i.k.p.r.p.TestFile    ... success: reloaded. 
175097     INFO  main            d.u.i.k.p.r.p.TestFile    Now processing file /home/runner/work/key/key/key.core/../key.ui/examples/standard_key/prop_log/contraposition.key 
175098     INFO  main            d.u.i.k.p.i.AbstractProblemLoader Loading environment from /home/runner/work/key/key/key.core/../key.ui/examples/standard_key/prop_log/contraposition.key 
175098     DEBUG main            d.u.i.k.p.i.AbstractProblemLoader Environment load took 79.31ns 
175098     INFO  main            d.u.i.k.p.i.AbstractProblemLoader Creating init config 
177520     DEBUG main            d.u.i.k.p.i.AbstractProblemLoader Init config took 2.42s 
177534     INFO  main            d.u.i.k.p.i.AbstractProblemLoader Replaying proof contraposition.key 
177535     DEBUG main            d.u.i.k.p.i.IntermediateProofReplayer Proof replay took 6.5ns 
177641     INFO  main            d.u.i.k.p.r.p.TestFile    ... finished proof: closed. 
177950     INFO  main            d.u.i.k.p.i.AbstractProblemLoader Loading environment from /home/runner/work/key/key/key.core/../key.ui/examples/standard_key/prop_log/contraposition.key.proof 
177950     DEBUG main            d.u.i.k.p.i.AbstractProblemLoader Environment load took 106.71ns 
177951     INFO  main            d.u.i.k.p.i.AbstractProblemLoader Creating init config 
180263     DEBUG main            d.u.i.k.p.i.AbstractProblemLoader Init config took 2.31s 
180278     INFO  main            d.u.i.k.p.i.AbstractProblemLoader Replaying proof contraposition.key.proof 
180280     DEBUG main            d.u.i.k.p.i.IntermediateProofReplayer Proof replay took 559.84ns 
180280     DEBUG main            d.u.i.k.p.r.p.TestFile    ... success: reloaded. 
180281     INFO  main            d.u.i.k.p.r.p.TestFile    Now processing file /home/runner/work/key/key/key.core/../key.ui/examples/standard_key/quantifiers/elimination0.key 
180281     INFO  main            d.u.i.k.p.i.AbstractProblemLoader Loading environment from /home/runner/work/key/key/key.core/../key.ui/examples/standard_key/quantifiers/elimination0.key 
180281     DEBUG main            d.u.i.k.p.i.AbstractProblemLoader Environment load took 60.41ns 
180282     INFO  main            d.u.i.k.p.i.AbstractProblemLoader Creating init config 
182621     DEBUG main            d.u.i.k.p.i.AbstractProblemLoader Init config took 2.34s 
182634     INFO  main            d.u.i.k.p.i.AbstractProblemLoader Replaying proof elimination0.key 
182636     DEBUG main            d.u.i.k.p.i.IntermediateProofReplayer Proof replay took 8ns 
182739     INFO  main            d.u.i.k.p.r.p.TestFile    ... finished proof: closed. 
183045     INFO  main            d.u.i.k.p.i.AbstractProblemLoader Loading environment from /home/runner/work/key/key/key.core/../key.ui/examples/standard_key/quantifiers/elimination0.key.proof 
183045     DEBUG main            d.u.i.k.p.i.AbstractProblemLoader Environment load took 115.41ns 
183046     INFO  main            d.u.i.k.p.i.AbstractProblemLoader Creating init config 
185377     DEBUG main            d.u.i.k.p.i.AbstractProblemLoader Init config took 2.33s 
185390     INFO  main            d.u.i.k.p.i.AbstractProblemLoader Replaying proof elimination0.key.proof 
185392     DEBUG main            d.u.i.k.p.i.IntermediateProofReplayer Proof replay took 979.96ns 
185392     DEBUG main            d.u.i.k.p.r.p.TestFile    ... success: reloaded. 
185393     INFO  main            d.u.i.k.p.r.p.TestFile    Now processing file /home/runner/work/key/key/key.core/../key.ui/examples/standard_key/quantifiers/heuristic_PUZ001p1-eq.key 
185393     INFO  main            d.u.i.k.p.i.AbstractProblemLoader Loading environment from /home/runner/work/key/key/key.core/../key.ui/examples/standard_key/quantifiers/heuristic_PUZ001p1-eq.key 
185393     DEBUG main            d.u.i.k.p.i.AbstractProblemLoader Environment load took 49.6ns 
185394     INFO  main            d.u.i.k.p.i.AbstractProblemLoader Creating init config 
187801     DEBUG main            d.u.i.k.p.i.AbstractProblemLoader Init config took 2.41s 
187816     INFO  main            d.u.i.k.p.i.AbstractProblemLoader Replaying proof heuristic_PUZ001p1-eq.key 
187817     DEBUG main            d.u.i.k.p.i.IntermediateProofReplayer Proof replay took 7.7ns 
187925     INFO  main            d.u.i.k.p.r.p.TestFile    ... finished proof: closed. 
188228     INFO  main            d.u.i.k.p.i.AbstractProblemLoader Loading environment from /home/runner/work/key/key/key.core/../key.ui/examples/standard_key/quantifiers/heuristic_PUZ001p1-eq.key.proof 
188228     DEBUG main            d.u.i.k.p.i.AbstractProblemLoader Environment load took 104.51ns 
188230     INFO  main            d.u.i.k.p.i.AbstractProblemLoader Creating init config 
190540     DEBUG main            d.u.i.k.p.i.AbstractProblemLoader Init config took 2.31s 
190554     INFO  main            d.u.i.k.p.i.AbstractProblemLoader Replaying proof heuristic_PUZ001p1-eq.key.proof 
190564     DEBUG main            d.u.i.k.p.i.IntermediateProofReplayer Proof replay took 8.1ms 
190564     DEBUG main            d.u.i.k.p.r.p.TestFile    ... success: reloaded. 
190565     INFO  main            d.u.i.k.p.r.p.TestFile    Now processing file /home/runner/work/key/key/key.core/../key.ui/examples/standard_key/quantifiers/heuristic_PUZ001p1.key 
190566     INFO  main            d.u.i.k.p.i.AbstractProblemLoader Loading environment from /home/runner/work/key/key/key.core/../key.ui/examples/standard_key/quantifiers/heuristic_PUZ001p1.key 
190566     DEBUG main            d.u.i.k.p.i.AbstractProblemLoader Environment load took 85.11ns 
190567     INFO  main            d.u.i.k.p.i.AbstractProblemLoader Creating init config 
192914     DEBUG main            d.u.i.k.p.i.AbstractProblemLoader Init config took 2.35s 
192929     INFO  main            d.u.i.k.p.i.AbstractProblemLoader Replaying proof heuristic_PUZ001p1.key 
192952     DEBUG main            d.u.i.k.p.i.IntermediateProofReplayer Proof replay took 26.2ns 
194362     INFO  main            d.u.i.k.p.r.p.TestFile    ... finished proof: closed. 
194682     INFO  main            d.u.i.k.p.i.AbstractProblemLoader Loading environment from /home/runner/work/key/key/key.core/../key.ui/examples/standard_key/quantifiers/heuristic_PUZ001p1.key.proof 
194682     DEBUG main            d.u.i.k.p.i.AbstractProblemLoader Environment load took 110.61ns 
194683     INFO  main            d.u.i.k.p.i.AbstractProblemLoader Creating init config 
196911     DEBUG main            d.u.i.k.p.i.AbstractProblemLoader Init config took 2.23s 
196928     INFO  main            d.u.i.k.p.i.AbstractProblemLoader Replaying proof heuristic_PUZ001p1.key.proof 
196975     DEBUG main            d.u.i.k.p.i.IntermediateProofReplayer Proof replay took 43.27ms 
196976     DEBUG main            d.u.i.k.p.r.p.TestFile    ... success: reloaded. 
196977     INFO  main            d.u.i.k.p.r.p.TestFile    Now processing file /home/runner/work/key/key/key.core/../key.ui/examples/standard_key/quantifiers/heuristic_PUZ031p1.key 
196977     INFO  main            d.u.i.k.p.i.AbstractProblemLoader Loading environment from /home/runner/work/key/key/key.core/../key.ui/examples/standard_key/quantifiers/heuristic_PUZ031p1.key 
196977     DEBUG main            d.u.i.k.p.i.AbstractProblemLoader Environment load took 91.91ns 
196979     INFO  main            d.u.i.k.p.i.AbstractProblemLoader Creating init config 
199386     DEBUG main            d.u.i.k.p.i.AbstractProblemLoader Init config took 2.41s 
199401     INFO  main            d.u.i.k.p.i.AbstractProblemLoader Replaying proof heuristic_PUZ031p1.key 
199403     DEBUG main            d.u.i.k.p.i.IntermediateProofReplayer Proof replay took 6.4ns 
204214     INFO  main            d.u.i.k.p.r.p.TestFile    ... finished proof: closed. 
204559     INFO  main            d.u.i.k.p.i.AbstractProblemLoader Loading environment from /home/runner/work/key/key/key.core/../key.ui/examples/standard_key/quantifiers/heuristic_PUZ031p1.key.proof 
204561     DEBUG main            d.u.i.k.p.i.AbstractProblemLoader Environment load took 1.29ms 
204563     INFO  main            d.u.i.k.p.i.AbstractProblemLoader Creating init config 
206800     DEBUG main            d.u.i.k.p.i.AbstractProblemLoader Init config took 2.24s 
206827     INFO  main            d.u.i.k.p.i.AbstractProblemLoader Replaying proof heuristic_PUZ031p1.key.proof 
206878     DEBUG main            d.u.i.k.p.i.IntermediateProofReplayer Proof replay took 47.43ms 
206879     DEBUG main            d.u.i.k.p.r.p.TestFile    ... success: reloaded. 
206880     INFO  main            d.u.i.k.p.r.p.TestFile    Now processing file /home/runner/work/key/key/key.core/../key.ui/examples/standard_key/quantifiers/heuristic_SYN036p2.key 
206880     INFO  main            d.u.i.k.p.i.AbstractProblemLoader Loading environment from /home/runner/work/key/key/key.core/../key.ui/examples/standard_key/quantifiers/heuristic_SYN036p2.key 
206881     DEBUG main            d.u.i.k.p.i.AbstractProblemLoader Environment load took 88.31ns 
206881     INFO  main            d.u.i.k.p.i.AbstractProblemLoader Creating init config 
209310     DEBUG main            d.u.i.k.p.i.AbstractProblemLoader Init config took 2.43s 
209324     INFO  main            d.u.i.k.p.i.AbstractProblemLoader Replaying proof heuristic_SYN036p2.key 
209326     DEBUG main            d.u.i.k.p.i.IntermediateProofReplayer Proof replay took 7.7ns 
209634     INFO  main            d.u.i.k.p.r.p.TestFile    ... finished proof: closed. 
209992     INFO  main            d.u.i.k.p.i.AbstractProblemLoader Loading environment from /home/runner/work/key/key/key.core/../key.ui/examples/standard_key/quantifiers/heuristic_SYN036p2.key.proof 
209992     DEBUG main            d.u.i.k.p.i.AbstractProblemLoader Environment load took 317.32ns 
209993     INFO  main            d.u.i.k.p.i.AbstractProblemLoader Creating init config 
212253     DEBUG main            d.u.i.k.p.i.AbstractProblemLoader Init config took 2.26s 
212266     INFO  main            d.u.i.k.p.i.AbstractProblemLoader Replaying proof heuristic_SYN036p2.key.proof 
212320     DEBUG main            d.u.i.k.p.i.IntermediateProofReplayer Proof replay took 48.98ms 
212321     DEBUG main            d.u.i.k.p.r.p.TestFile    ... success: reloaded. 
212322     INFO  main            d.u.i.k.p.r.p.TestFile    Now processing file /home/runner/work/key/key/key.core/../key.ui/examples/standard_key/quantifiers/injectivity.key 
212322     INFO  main            d.u.i.k.p.i.AbstractProblemLoader Loading environment from /home/runner/work/key/key/key.core/../key.ui/examples/standard_key/quantifiers/injectivity.key 
212322     DEBUG main            d.u.i.k.p.i.AbstractProblemLoader Environment load took 78.11ns 
212323     INFO  main            d.u.i.k.p.i.AbstractProblemLoader Creating init config 
214615     DEBUG main            d.u.i.k.p.i.AbstractProblemLoader Init config took 2.29s 
214628     INFO  main            d.u.i.k.p.i.AbstractProblemLoader Replaying proof injectivity.key 
214630     DEBUG main            d.u.i.k.p.i.IntermediateProofReplayer Proof replay took 7.7ns 
214732     INFO  main            d.u.i.k.p.r.p.TestFile    ... finished proof: closed. 
215085     INFO  main            d.u.i.k.p.i.AbstractProblemLoader Loading environment from /home/runner/work/key/key/key.core/../key.ui/examples/standard_key/quantifiers/injectivity.key.proof 
215085     DEBUG main            d.u.i.k.p.i.AbstractProblemLoader Environment load took 96.51ns 
215086     INFO  main            d.u.i.k.p.i.AbstractProblemLoader Creating init config 
217447     DEBUG main            d.u.i.k.p.i.AbstractProblemLoader Init config took 2.36s 
217462     INFO  main            d.u.i.k.p.i.AbstractProblemLoader Replaying proof injectivity.key.proof 
217465     DEBUG main            d.u.i.k.p.i.IntermediateProofReplayer Proof replay took 1.64ms 
217465     DEBUG main            d.u.i.k.p.r.p.TestFile    ... success: reloaded. 
217466     INFO  main            d.u.i.k.p.r.p.TestFile    Now processing file /home/runner/work/key/key/key.core/../key.ui/examples/standard_key/quantifiers/normalisation0.key 
217466     INFO  main            d.u.i.k.p.i.AbstractProblemLoader Loading environment from /home/runner/work/key/key/key.core/../key.ui/examples/standard_key/quantifiers/normalisation0.key 
217466     DEBUG main            d.u.i.k.p.i.AbstractProblemLoader Environment load took 79.11ns 
217468     INFO  main            d.u.i.k.p.i.AbstractProblemLoader Creating init config 
219899     DEBUG main            d.u.i.k.p.i.AbstractProblemLoader Init config took 2.43s 
219914     INFO  main            d.u.i.k.p.i.AbstractProblemLoader Replaying proof normalisation0.key 
219918     DEBUG main            d.u.i.k.p.i.IntermediateProofReplayer Proof replay took 7ns 
220020     INFO  main            d.u.i.k.p.r.p.TestFile    ... finished proof: closed. 
220370     INFO  main            d.u.i.k.p.i.AbstractProblemLoader Loading environment from /home/runner/work/key/key/key.core/../key.ui/examples/standard_key/quantifiers/normalisation0.key.proof 
220370     DEBUG main            d.u.i.k.p.i.AbstractProblemLoader Environment load took 91.21ns 
220371     INFO  main            d.u.i.k.p.i.AbstractProblemLoader Creating init config 
222541     DEBUG main            d.u.i.k.p.i.AbstractProblemLoader Init config took 2.17s 
222553     INFO  main            d.u.i.k.p.i.AbstractProblemLoader Replaying proof normalisation0.key.proof 
222556     DEBUG main            d.u.i.k.p.i.IntermediateProofReplayer Proof replay took 1.63ms 
222557     DEBUG main            d.u.i.k.p.r.p.TestFile    ... success: reloaded. 
222558     INFO  main            d.u.i.k.p.r.p.TestFile    Now processing file /home/runner/work/key/key/key.core/../key.ui/examples/standard_key/quantifiers/normalisation1.key 
222559     INFO  main            d.u.i.k.p.i.AbstractProblemLoader Loading environment from /home/runner/work/key/key/key.core/../key.ui/examples/standard_key/quantifiers/normalisation1.key 
222559     DEBUG main            d.u.i.k.p.i.AbstractProblemLoader Environment load took 116.01ns 
222560     INFO  main            d.u.i.k.p.i.AbstractProblemLoader Creating init config 
224832     DEBUG main            d.u.i.k.p.i.AbstractProblemLoader Init config took 2.27s 
224848     INFO  main            d.u.i.k.p.i.AbstractProblemLoader Replaying proof normalisation1.key 
224849     DEBUG main            d.u.i.k.p.i.IntermediateProofReplayer Proof replay took 5.8ns 
224957     INFO  main            d.u.i.k.p.r.p.TestFile    ... finished proof: closed. 
225321     INFO  main            d.u.i.k.p.i.AbstractProblemLoader Loading environment from /home/runner/work/key/key/key.core/../key.ui/examples/standard_key/quantifiers/normalisation1.key.proof 
225321     DEBUG main            d.u.i.k.p.i.AbstractProblemLoader Environment load took 88.71ns 
225322     INFO  main            d.u.i.k.p.i.AbstractProblemLoader Creating init config 
227555     DEBUG main            d.u.i.k.p.i.AbstractProblemLoader Init config took 2.23s 
227568     INFO  main            d.u.i.k.p.i.AbstractProblemLoader Replaying proof normalisation1.key.proof 
227588     DEBUG main            d.u.i.k.p.i.IntermediateProofReplayer Proof replay took 17.9ms 
227588     DEBUG main            d.u.i.k.p.r.p.TestFile    ... success: reloaded. 
227589     INFO  main            d.u.i.k.p.r.p.TestFile    Now processing file /home/runner/work/key/key/key.core/../key.ui/examples/standard_key/quantifiers/normalisation2.key 
227589     INFO  main            d.u.i.k.p.i.AbstractProblemLoader Loading environment from /home/runner/work/key/key/key.core/../key.ui/examples/standard_key/quantifiers/normalisation2.key 
227589     DEBUG main            d.u.i.k.p.i.AbstractProblemLoader Environment load took 41.8ns 
227590     INFO  main            d.u.i.k.p.i.AbstractProblemLoader Creating init config 
229883     DEBUG main            d.u.i.k.p.i.AbstractProblemLoader Init config took 2.29s 
229897     INFO  main            d.u.i.k.p.i.AbstractProblemLoader Replaying proof normalisation2.key 
229899     DEBUG main            d.u.i.k.p.i.IntermediateProofReplayer Proof replay took 8.7ns 
230003     INFO  main            d.u.i.k.p.r.p.TestFile    ... finished proof: closed. 
230355     INFO  main            d.u.i.k.p.i.AbstractProblemLoader Loading environment from /home/runner/work/key/key/key.core/../key.ui/examples/standard_key/quantifiers/normalisation2.key.proof 
230356     DEBUG main            d.u.i.k.p.i.AbstractProblemLoader Environment load took 104.51ns 
230357     INFO  main            d.u.i.k.p.i.AbstractProblemLoader Creating init config 
232670     DEBUG main            d.u.i.k.p.i.AbstractProblemLoader Init config took 2.31s 
232684     INFO  main            d.u.i.k.p.i.AbstractProblemLoader Replaying proof normalisation2.key.proof 
232687     DEBUG main            d.u.i.k.p.i.IntermediateProofReplayer Proof replay took 1.86ms 
232688     DEBUG main            d.u.i.k.p.r.p.TestFile    ... success: reloaded. 
232689     INFO  main            d.u.i.k.p.r.p.TestFile    Now processing file /home/runner/work/key/key/key.core/../key.ui/examples/standard_key/quantifiers/normalisation3.key 
232689     INFO  main            d.u.i.k.p.i.AbstractProblemLoader Loading environment from /home/runner/work/key/key/key.core/../key.ui/examples/standard_key/quantifiers/normalisation3.key 
232689     DEBUG main            d.u.i.k.p.i.AbstractProblemLoader Environment load took 86.61ns 
232690     INFO  main            d.u.i.k.p.i.AbstractProblemLoader Creating init config 
235099     DEBUG main            d.u.i.k.p.i.AbstractProblemLoader Init config took 2.41s 
235114     INFO  main            d.u.i.k.p.i.AbstractProblemLoader Replaying proof normalisation3.key 
235115     DEBUG main            d.u.i.k.p.i.IntermediateProofReplayer Proof replay took 7.3ns 
235217     INFO  main            d.u.i.k.p.r.p.TestFile    ... finished proof: closed. 
235580     INFO  main            d.u.i.k.p.i.AbstractProblemLoader Loading environment from /home/runner/work/key/key/key.core/../key.ui/examples/standard_key/quantifiers/normalisation3.key.proof 
235580     DEBUG main            d.u.i.k.p.i.AbstractProblemLoader Environment load took 95.61ns 
235581     INFO  main            d.u.i.k.p.i.AbstractProblemLoader Creating init config 
237805     DEBUG main            d.u.i.k.p.i.AbstractProblemLoader Init config took 2.22s 
237819     INFO  main            d.u.i.k.p.i.AbstractProblemLoader Replaying proof normalisation3.key.proof 
237823     DEBUG main            d.u.i.k.p.i.IntermediateProofReplayer Proof replay took 2.43ms 
237824     DEBUG main            d.u.i.k.p.r.p.TestFile    ... success: reloaded. 
237824     INFO  main            d.u.i.k.p.r.p.TestFile    Now processing file /home/runner/work/key/key/key.core/../key.ui/examples/standard_key/quantifiers/normalisation4.key 
237824     INFO  main            d.u.i.k.p.i.AbstractProblemLoader Loading environment from /home/runner/work/key/key/key.core/../key.ui/examples/standard_key/quantifiers/normalisation4.key 
237825     DEBUG main            d.u.i.k.p.i.AbstractProblemLoader Environment load took 95.11ns 
237825     INFO  main            d.u.i.k.p.i.AbstractProblemLoader Creating init config 
240206     DEBUG main            d.u.i.k.p.i.AbstractProblemLoader Init config took 2.38s 
240220     INFO  main            d.u.i.k.p.i.AbstractProblemLoader Replaying proof normalisation4.key 
240222     DEBUG main            d.u.i.k.p.i.IntermediateProofReplayer Proof replay took 7.6ns 
240324     INFO  main            d.u.i.k.p.r.p.TestFile    ... finished proof: closed. 
240678     INFO  main            d.u.i.k.p.i.AbstractProblemLoader Loading environment from /home/runner/work/key/key/key.core/../key.ui/examples/standard_key/quantifiers/normalisation4.key.proof 
240678     DEBUG main            d.u.i.k.p.i.AbstractProblemLoader Environment load took 97.61ns 
240679     INFO  main            d.u.i.k.p.i.AbstractProblemLoader Creating init config 
242933     DEBUG main            d.u.i.k.p.i.AbstractProblemLoader Init config took 2.25s 
242947     INFO  main            d.u.i.k.p.i.AbstractProblemLoader Replaying proof normalisation4.key.proof 
242953     DEBUG main            d.u.i.k.p.i.IntermediateProofReplayer Proof replay took 4.18ms 
242954     DEBUG main            d.u.i.k.p.r.p.TestFile    ... success: reloaded. 
242954     INFO  main            d.u.i.k.p.r.p.TestFile    Now processing file /home/runner/work/key/key/key.core/../key.ui/examples/standard_key/quantifiers/normalisation5.key 
242955     INFO  main            d.u.i.k.p.i.AbstractProblemLoader Loading environment from /home/runner/work/key/key/key.core/../key.ui/examples/standard_key/quantifiers/normalisation5.key 
242955     DEBUG main            d.u.i.k.p.i.AbstractProblemLoader Environment load took 61.4ns 
242956     INFO  main            d.u.i.k.p.i.AbstractProblemLoader Creating init config 
245189     DEBUG main            d.u.i.k.p.i.AbstractProblemLoader Init config took 2.23s 
245203     INFO  main            d.u.i.k.p.i.AbstractProblemLoader Replaying proof normalisation5.key 
245204     DEBUG main            d.u.i.k.p.i.IntermediateProofReplayer Proof replay took 7.4ns 
245307     INFO  main            d.u.i.k.p.r.p.TestFile    ... finished proof: closed. 
245660     INFO  main            d.u.i.k.p.i.AbstractProblemLoader Loading environment from /home/runner/work/key/key/key.core/../key.ui/examples/standard_key/quantifiers/normalisation5.key.proof 
245660     DEBUG main            d.u.i.k.p.i.AbstractProblemLoader Environment load took 102.21ns 
245661     INFO  main            d.u.i.k.p.i.AbstractProblemLoader Creating init config 
247812     DEBUG main            d.u.i.k.p.i.AbstractProblemLoader Init config took 2.15s 
247826     INFO  main            d.u.i.k.p.i.AbstractProblemLoader Replaying proof normalisation5.key.proof 
247841     DEBUG main            d.u.i.k.p.i.IntermediateProofReplayer Proof replay took 13.43ms 
247842     DEBUG main            d.u.i.k.p.r.p.TestFile    ... success: reloaded. 
247842     INFO  main            d.u.i.k.p.r.p.TestFile    Now processing file /home/runner/work/key/key/key.core/../key.ui/examples/standard_key/quantifiers/normalisation6.key 
247843     INFO  main            d.u.i.k.p.i.AbstractProblemLoader Loading environment from /home/runner/work/key/key/key.core/../key.ui/examples/standard_key/quantifiers/normalisation6.key 
247846     DEBUG main            d.u.i.k.p.i.AbstractProblemLoader Environment load took 3.74ms 
247847     INFO  main            d.u.i.k.p.i.AbstractProblemLoader Creating init config 
250132     DEBUG main            d.u.i.k.p.i.AbstractProblemLoader Init config took 2.28s 
250146     INFO  main            d.u.i.k.p.i.AbstractProblemLoader Replaying proof normalisation6.key 
250148     DEBUG main            d.u.i.k.p.i.IntermediateProofReplayer Proof replay took 7.6ns 
250250     INFO  main            d.u.i.k.p.r.p.TestFile    ... finished proof: closed. 
250620     INFO  main            d.u.i.k.p.i.AbstractProblemLoader Loading environment from /home/runner/work/key/key/key.core/../key.ui/examples/standard_key/quantifiers/normalisation6.key.proof 
250620     DEBUG main            d.u.i.k.p.i.AbstractProblemLoader Environment load took 101.41ns 
250625     INFO  main            d.u.i.k.p.i.AbstractProblemLoader Creating init config 
252883     DEBUG main            d.u.i.k.p.i.AbstractProblemLoader Init config took 2.26s 
252896     INFO  main            d.u.i.k.p.i.AbstractProblemLoader Replaying proof normalisation6.key.proof 
252899     DEBUG main            d.u.i.k.p.i.IntermediateProofReplayer Proof replay took 1.86ms 
252900     DEBUG main            d.u.i.k.p.r.p.TestFile    ... success: reloaded. 
252900     INFO  main            d.u.i.k.p.r.p.TestFile    Now processing file /home/runner/work/key/key/key.core/../key.ui/examples/standard_key/quantifiers/normalisation7.key 
252901     INFO  main            d.u.i.k.p.i.AbstractProblemLoader Loading environment from /home/runner/work/key/key/key.core/../key.ui/examples/standard_key/quantifiers/normalisation7.key 
252901     DEBUG main            d.u.i.k.p.i.AbstractProblemLoader Environment load took 82.31ns 
252902     INFO  main            d.u.i.k.p.i.AbstractProblemLoader Creating init config 
255073     DEBUG main            d.u.i.k.p.i.AbstractProblemLoader Init config took 2.17s 
255086     INFO  main            d.u.i.k.p.i.AbstractProblemLoader Replaying proof normalisation7.key 
255087     DEBUG main            d.u.i.k.p.i.IntermediateProofReplayer Proof replay took 6.1ns 
255189     INFO  main            d.u.i.k.p.r.p.TestFile    ... finished proof: closed. 
255556     INFO  main            d.u.i.k.p.i.AbstractProblemLoader Loading environment from /home/runner/work/key/key/key.core/../key.ui/examples/standard_key/quantifiers/normalisation7.key.proof 
255556     DEBUG main            d.u.i.k.p.i.AbstractProblemLoader Environment load took 105.91ns 
255557     INFO  main            d.u.i.k.p.i.AbstractProblemLoader Creating init config 
257691     DEBUG main            d.u.i.k.p.i.AbstractProblemLoader Init config took 2.13s 
257706     INFO  main            d.u.i.k.p.i.AbstractProblemLoader Replaying proof normalisation7.key.proof 
257709     DEBUG main            d.u.i.k.p.i.IntermediateProofReplayer Proof replay took 1.66ms 
257710     DEBUG main            d.u.i.k.p.r.p.TestFile    ... success: reloaded. 
257710     INFO  main            d.u.i.k.p.r.p.TestFile    Now processing file /home/runner/work/key/key/key.core/../key.ui/examples/standard_key/quantifiers/normalisation8.key 
257711     INFO  main            d.u.i.k.p.i.AbstractProblemLoader Loading environment from /home/runner/work/key/key/key.core/../key.ui/examples/standard_key/quantifiers/normalisation8.key 
257711     DEBUG main            d.u.i.k.p.i.AbstractProblemLoader Environment load took 72.5ns 
257711     INFO  main            d.u.i.k.p.i.AbstractProblemLoader Creating init config 
259914     DEBUG main            d.u.i.k.p.i.AbstractProblemLoader Init config took 2.2s 
259928     INFO  main            d.u.i.k.p.i.AbstractProblemLoader Replaying proof normalisation8.key 
259929     DEBUG main            d.u.i.k.p.i.IntermediateProofReplayer Proof replay took 7.2ns 
260032     INFO  main            d.u.i.k.p.r.p.TestFile    ... finished proof: closed. 
260419     INFO  main            d.u.i.k.p.i.AbstractProblemLoader Loading environment from /home/runner/work/key/key/key.core/../key.ui/examples/standard_key/quantifiers/normalisation8.key.proof 
260419     DEBUG main            d.u.i.k.p.i.AbstractProblemLoader Environment load took 87.81ns 
260420     INFO  main            d.u.i.k.p.i.AbstractProblemLoader Creating init config 
262551     DEBUG main            d.u.i.k.p.i.AbstractProblemLoader Init config took 2.13s 
262565     INFO  main            d.u.i.k.p.i.AbstractProblemLoader Replaying proof normalisation8.key.proof 
262570     DEBUG main            d.u.i.k.p.i.IntermediateProofReplayer Proof replay took 4.17ms 
262571     DEBUG main            d.u.i.k.p.r.p.TestFile    ... success: reloaded. 
262572     INFO  main            d.u.i.k.p.r.p.TestFile    Now processing file /home/runner/work/key/key/key.core/../key.ui/examples/standard_key/quantifiers/normalisation9.key 
262572     INFO  main            d.u.i.k.p.i.AbstractProblemLoader Loading environment from /home/runner/work/key/key/key.core/../key.ui/examples/standard_key/quantifiers/normalisation9.key 
262572     DEBUG main            d.u.i.k.p.i.AbstractProblemLoader Environment load took 58.2ns 
262573     INFO  main            d.u.i.k.p.i.AbstractProblemLoader Creating init config 
264727     DEBUG main            d.u.i.k.p.i.AbstractProblemLoader Init config took 2.15s 
264740     INFO  main            d.u.i.k.p.i.AbstractProblemLoader Replaying proof normalisation9.key 
264741     DEBUG main            d.u.i.k.p.i.IntermediateProofReplayer Proof replay took 5.6ns 
264843     INFO  main            d.u.i.k.p.r.p.TestFile    ... finished proof: closed. 
265222     INFO  main            d.u.i.k.p.i.AbstractProblemLoader Loading environment from /home/runner/work/key/key/key.core/../key.ui/examples/standard_key/quantifiers/normalisation9.key.proof 
265222     DEBUG main            d.u.i.k.p.i.AbstractProblemLoader Environment load took 104.01ns 
265223     INFO  main            d.u.i.k.p.i.AbstractProblemLoader Creating init config 
267378     DEBUG main            d.u.i.k.p.i.AbstractProblemLoader Init config took 2.16s 
267391     INFO  main            d.u.i.k.p.i.AbstractProblemLoader Replaying proof normalisation9.key.proof 
267398     DEBUG main            d.u.i.k.p.i.IntermediateProofReplayer Proof replay took 5.34ms 
267399     DEBUG main            d.u.i.k.p.r.p.TestFile    ... success: reloaded. 
267400     INFO  main            d.u.i.k.p.r.p.TestFile    Now processing file /home/runner/work/key/key/key.core/../key.ui/examples/standard_key/quantifiers/normalisation10.key 
267400     INFO  main            d.u.i.k.p.i.AbstractProblemLoader Loading environment from /home/runner/work/key/key/key.core/../key.ui/examples/standard_key/quantifiers/normalisation10.key 
267400     DEBUG main            d.u.i.k.p.i.AbstractProblemLoader Environment load took 52.4ns 
267401     INFO  main            d.u.i.k.p.i.AbstractProblemLoader Creating init config 
269686     DEBUG main            d.u.i.k.p.i.AbstractProblemLoader Init config took 2.28s 
269699     INFO  main            d.u.i.k.p.i.AbstractProblemLoader Replaying proof normalisation10.key 
269701     DEBUG main            d.u.i.k.p.i.IntermediateProofReplayer Proof replay took 6.9ns 
269803     INFO  main            d.u.i.k.p.r.p.TestFile    ... finished proof: closed. 
270194     INFO  main            d.u.i.k.p.i.AbstractProblemLoader Loading environment from /home/runner/work/key/key/key.core/../key.ui/examples/standard_key/quantifiers/normalisation10.key.proof 
270194     DEBUG main            d.u.i.k.p.i.AbstractProblemLoader Environment load took 84.81ns 
270195     INFO  main            d.u.i.k.p.i.AbstractProblemLoader Creating init config 
272339     DEBUG main            d.u.i.k.p.i.AbstractProblemLoader Init config took 2.14s 
272352     INFO  main            d.u.i.k.p.i.AbstractProblemLoader Replaying proof normalisation10.key.proof 
272358     DEBUG main            d.u.i.k.p.i.IntermediateProofReplayer Proof replay took 4.14ms 
272358     DEBUG main            d.u.i.k.p.r.p.TestFile    ... success: reloaded. 
272359     INFO  main            d.u.i.k.p.r.p.TestFile    Now processing file /home/runner/work/key/key/key.core/../key.ui/examples/standard_key/quantifiers/normalisation12.key 
272359     INFO  main            d.u.i.k.p.i.AbstractProblemLoader Loading environment from /home/runner/work/key/key/key.core/../key.ui/examples/standard_key/quantifiers/normalisation12.key 
272359     DEBUG main            d.u.i.k.p.i.AbstractProblemLoader Environment load took 58.3ns 
272360     INFO  main            d.u.i.k.p.i.AbstractProblemLoader Creating init config 
274610     DEBUG main            d.u.i.k.p.i.AbstractProblemLoader Init config took 2.25s 
274624     INFO  main            d.u.i.k.p.i.AbstractProblemLoader Replaying proof normalisation12.key 
274626     DEBUG main            d.u.i.k.p.i.IntermediateProofReplayer Proof replay took 7.3ns 
274728     INFO  main            d.u.i.k.p.r.p.TestFile    ... finished proof: closed. 
275133     INFO  main            d.u.i.k.p.i.AbstractProblemLoader Loading environment from /home/runner/work/key/key/key.core/../key.ui/examples/standard_key/quantifiers/normalisation12.key.proof 
275133     DEBUG main            d.u.i.k.p.i.AbstractProblemLoader Environment load took 96.31ns 
275134     INFO  main            d.u.i.k.p.i.AbstractProblemLoader Creating init config 
277427     DEBUG main            d.u.i.k.p.i.AbstractProblemLoader Init config took 2.29s 
277441     INFO  main            d.u.i.k.p.i.AbstractProblemLoader Replaying proof normalisation12.key.proof 
277444     DEBUG main            d.u.i.k.p.i.IntermediateProofReplayer Proof replay took 1.31ms 
277445     DEBUG main            d.u.i.k.p.r.p.TestFile    ... success: reloaded. 
277445     INFO  main            d.u.i.k.p.r.p.TestFile    Now processing file /home/runner/work/key/key/key.core/../key.ui/examples/standard_key/quantifiers/normalisation13.key 
277446     INFO  main            d.u.i.k.p.i.AbstractProblemLoader Loading environment from /home/runner/work/key/key/key.core/../key.ui/examples/standard_key/quantifiers/normalisation13.key 
277446     DEBUG main            d.u.i.k.p.i.AbstractProblemLoader Environment load took 160.21ns 
277447     INFO  main            d.u.i.k.p.i.AbstractProblemLoader Creating init config 
279835     DEBUG main            d.u.i.k.p.i.AbstractProblemLoader Init config took 2.39s 
279848     INFO  main            d.u.i.k.p.i.AbstractProblemLoader Replaying proof normalisation13.key 
279850     DEBUG main            d.u.i.k.p.i.IntermediateProofReplayer Proof replay took 7.4ns 
279952     INFO  main            d.u.i.k.p.r.p.TestFile    ... finished proof: closed. 
280365     INFO  main            d.u.i.k.p.i.AbstractProblemLoader Loading environment from /home/runner/work/key/key/key.core/../key.ui/examples/standard_key/quantifiers/normalisation13.key.proof 
280365     DEBUG main            d.u.i.k.p.i.AbstractProblemLoader Environment load took 89.01ns 
280366     INFO  main            d.u.i.k.p.i.AbstractProblemLoader Creating init config 
282707     DEBUG main            d.u.i.k.p.i.AbstractProblemLoader Init config took 2.34s 
282721     INFO  main            d.u.i.k.p.i.AbstractProblemLoader Replaying proof normalisation13.key.proof 
282723     DEBUG main            d.u.i.k.p.i.IntermediateProofReplayer Proof replay took 545.64ns 
282724     DEBUG main            d.u.i.k.p.r.p.TestFile    ... success: reloaded. 
282724     INFO  main            d.u.i.k.p.r.p.TestFile    Now processing file /home/runner/work/key/key/key.core/../key.ui/examples/standard_key/quantifiers/triggers0.key 
282725     INFO  main            d.u.i.k.p.i.AbstractProblemLoader Loading environment from /home/runner/work/key/key/key.core/../key.ui/examples/standard_key/quantifiers/triggers0.key 
282725     DEBUG main            d.u.i.k.p.i.AbstractProblemLoader Environment load took 48.6ns 
282726     INFO  main            d.u.i.k.p.i.AbstractProblemLoader Creating init config 
285067     DEBUG main            d.u.i.k.p.i.AbstractProblemLoader Init config took 2.34s 
285080     INFO  main            d.u.i.k.p.i.AbstractProblemLoader Replaying proof triggers0.key 
285082     DEBUG main            d.u.i.k.p.i.IntermediateProofReplayer Proof replay took 7.6ns 
285184     INFO  main            d.u.i.k.p.r.p.TestFile    ... finished proof: closed. 
285586     INFO  main            d.u.i.k.p.i.AbstractProblemLoader Loading environment from /home/runner/work/key/key/key.core/../key.ui/examples/standard_key/quantifiers/triggers0.key.proof 
285586     DEBUG main            d.u.i.k.p.i.AbstractProblemLoader Environment load took 100.21ns 
285587     INFO  main            d.u.i.k.p.i.AbstractProblemLoader Creating init config 
287883     DEBUG main            d.u.i.k.p.i.AbstractProblemLoader Init config took 2.3s 
287898     INFO  main            d.u.i.k.p.i.AbstractProblemLoader Replaying proof triggers0.key.proof 
287901     DEBUG main            d.u.i.k.p.i.IntermediateProofReplayer Proof replay took 1.53ms 
287901     DEBUG main            d.u.i.k.p.r.p.TestFile    ... success: reloaded. 
3910333    INFO  Test worker     d.u.i.k.p.r.RunAllProofsTestUnit Returning from test FOL 
3910334    INFO  Test worker     d.u.i.k.p.r.RunAllProofsTestUnit Running test strings 
414        INFO  Timeout watchdog d.u.i.k.p.r.p.ForkedTestFileRunner Timeout watcher launched (2000 secs.) 
424        WARN  main            d.u.i.k.s.ProofSettings   The settings in /home/runner/.key/proof-settings.props are *not* read. 
464        INFO  main            d.u.i.k.p.r.p.TestFile    Now processing file /home/runner/work/key/key/key.core/../key.ui/examples/standard_key/strings/charAt0.key 
613        INFO  main            d.u.i.k.p.i.AbstractProblemLoader Loading environment from /home/runner/work/key/key/key.core/../key.ui/examples/standard_key/strings/charAt0.key 
630        DEBUG main            d.u.i.k.p.i.AbstractProblemLoader Environment load took 2.04ms 
882        INFO  main            d.u.i.k.p.i.AbstractProblemLoader Creating init config 
1821       DEBUG main            d.u.i.k.j.TypeConverter   No LDT found for Meta 
1822       DEBUG main            d.u.i.k.j.TypeConverter   No LDT found for Meta 
1825       DEBUG main            d.u.i.k.j.TypeConverter   No LDT found for Meta 
1825       DEBUG main            d.u.i.k.j.TypeConverter   No LDT found for Meta 
3429       DEBUG main            d.u.i.k.j.TypeConverter   No LDT found for JavaBigintExpression 
8751       DEBUG main            d.u.i.k.p.i.AbstractProblemLoader Init config took 7.87s 
8826       INFO  main            d.u.i.k.p.i.AbstractProblemLoader Replaying proof charAt0.key 
8866       DEBUG main            d.u.i.k.p.i.IntermediateProofReplayer Proof replay took 36.2ns 
9319       INFO  main            d.u.i.k.p.r.p.TestFile    ... finished proof: closed. 
9435       INFO  main            d.u.i.k.p.i.AbstractProblemLoader Loading environment from /home/runner/work/key/key/key.core/../key.ui/examples/standard_key/strings/charAt0.key.proof 
9436       DEBUG main            d.u.i.k.p.i.AbstractProblemLoader Environment load took 1.4ms 
9441       INFO  main            d.u.i.k.p.i.AbstractProblemLoader Creating init config 
12262      DEBUG main            d.u.i.k.p.i.AbstractProblemLoader Init config took 2.82s 
12292      INFO  main            d.u.i.k.p.i.AbstractProblemLoader Replaying proof charAt0.key.proof 
12314      DEBUG main            d.u.i.k.p.i.IntermediateProofReplayer Proof replay took 17.28ms 
12325      DEBUG main            d.u.i.k.p.r.p.TestFile    ... success: reloaded. 
12327      INFO  main            d.u.i.k.p.r.p.TestFile    Now processing file /home/runner/work/key/key/key.core/../key.ui/examples/standard_key/strings/charAt1.key 
12327      INFO  main            d.u.i.k.p.i.AbstractProblemLoader Loading environment from /home/runner/work/key/key/key.core/../key.ui/examples/standard_key/strings/charAt1.key 
12327      DEBUG main            d.u.i.k.p.i.AbstractProblemLoader Environment load took 237.02ns 
12329      INFO  main            d.u.i.k.p.i.AbstractProblemLoader Creating init config 
14905      DEBUG main            d.u.i.k.p.i.AbstractProblemLoader Init config took 2.58s 
14932      INFO  main            d.u.i.k.p.i.AbstractProblemLoader Replaying proof charAt1.key 
14934      DEBUG main            d.u.i.k.p.i.IntermediateProofReplayer Proof replay took 6.2ns 
15139      INFO  main            d.u.i.k.p.r.p.TestFile    ... finished proof: closed. 
15279      INFO  main            d.u.i.k.p.i.AbstractProblemLoader Loading environment from /home/runner/work/key/key/key.core/../key.ui/examples/standard_key/strings/charAt1.key.proof 
15281      DEBUG main            d.u.i.k.p.i.AbstractProblemLoader Environment load took 1.82ms 
15283      INFO  main            d.u.i.k.p.i.AbstractProblemLoader Creating init config 
17912      DEBUG main            d.u.i.k.p.i.AbstractProblemLoader Init config took 2.63s 
17937      INFO  main            d.u.i.k.p.i.AbstractProblemLoader Replaying proof charAt1.key.proof 
17957      DEBUG main            d.u.i.k.p.i.IntermediateProofReplayer Proof replay took 17.43ms 
17958      DEBUG main            d.u.i.k.p.r.p.TestFile    ... success: reloaded. 
17959      INFO  main            d.u.i.k.p.r.p.TestFile    Now processing file /home/runner/work/key/key/key.core/../key.ui/examples/standard_key/strings/concat1.key 
17959      INFO  main            d.u.i.k.p.i.AbstractProblemLoader Loading environment from /home/runner/work/key/key/key.core/../key.ui/examples/standard_key/strings/concat1.key 
17959      DEBUG main            d.u.i.k.p.i.AbstractProblemLoader Environment load took 154.61ns 
17961      INFO  main            d.u.i.k.p.i.AbstractProblemLoader Creating init config 
20574      DEBUG main            d.u.i.k.p.i.AbstractProblemLoader Init config took 2.61s 
20596      INFO  main            d.u.i.k.p.i.AbstractProblemLoader Replaying proof concat1.key 
20598      DEBUG main            d.u.i.k.p.i.IntermediateProofReplayer Proof replay took 6.8ns 
20701      INFO  main            d.u.i.k.p.r.p.TestFile    ... finished proof: closed. 
20846      INFO  main            d.u.i.k.p.i.AbstractProblemLoader Loading environment from /home/runner/work/key/key/key.core/../key.ui/examples/standard_key/strings/concat1.key.proof 
20846      DEBUG main            d.u.i.k.p.i.AbstractProblemLoader Environment load took 132.91ns 
20847      INFO  main            d.u.i.k.p.i.AbstractProblemLoader Creating init config 
23388      DEBUG main            d.u.i.k.p.i.AbstractProblemLoader Init config took 2.54s 
23411      INFO  main            d.u.i.k.p.i.AbstractProblemLoader Replaying proof concat1.key.proof 
23420      DEBUG main            d.u.i.k.p.i.IntermediateProofReplayer Proof replay took 4.36ms 
23421      DEBUG main            d.u.i.k.p.r.p.TestFile    ... success: reloaded. 
23423      INFO  main            d.u.i.k.p.r.p.TestFile    Now processing file /home/runner/work/key/key/key.core/../key.ui/examples/standard_key/strings/concat2.key 
23423      INFO  main            d.u.i.k.p.i.AbstractProblemLoader Loading environment from /home/runner/work/key/key/key.core/../key.ui/examples/standard_key/strings/concat2.key 
23423      DEBUG main            d.u.i.k.p.i.AbstractProblemLoader Environment load took 104.61ns 
23425      INFO  main            d.u.i.k.p.i.AbstractProblemLoader Creating init config 
25974      DEBUG main            d.u.i.k.p.i.AbstractProblemLoader Init config took 2.55s 
26004      INFO  main            d.u.i.k.p.i.AbstractProblemLoader Replaying proof concat2.key 
26007      DEBUG main            d.u.i.k.p.i.IntermediateProofReplayer Proof replay took 6.9ns 
26113      INFO  main            d.u.i.k.p.r.p.TestFile    ... finished proof: closed. 
26251      INFO  main            d.u.i.k.p.i.AbstractProblemLoader Loading environment from /home/runner/work/key/key/key.core/../key.ui/examples/standard_key/strings/concat2.key.proof 
26251      DEBUG main            d.u.i.k.p.i.AbstractProblemLoader Environment load took 170.51ns 
26253      INFO  main            d.u.i.k.p.i.AbstractProblemLoader Creating init config 
28648      DEBUG main            d.u.i.k.p.i.AbstractProblemLoader Init config took 2.4s 
28667      INFO  main            d.u.i.k.p.i.AbstractProblemLoader Replaying proof concat2.key.proof 
28678      DEBUG main            d.u.i.k.p.i.IntermediateProofReplayer Proof replay took 9.27ms 
28679      DEBUG main            d.u.i.k.p.r.p.TestFile    ... success: reloaded. 
28680      INFO  main            d.u.i.k.p.r.p.TestFile    Now processing file /home/runner/work/key/key/key.core/../key.ui/examples/standard_key/strings/deriveLength1.key 
28680      INFO  main            d.u.i.k.p.i.AbstractProblemLoader Loading environment from /home/runner/work/key/key/key.core/../key.ui/examples/standard_key/strings/deriveLength1.key 
28680      DEBUG main            d.u.i.k.p.i.AbstractProblemLoader Environment load took 163.51ns 
28681      INFO  main            d.u.i.k.p.i.AbstractProblemLoader Creating init config 
31054      DEBUG main            d.u.i.k.p.i.AbstractProblemLoader Init config took 2.37s 
31086      INFO  main            d.u.i.k.p.i.AbstractProblemLoader Replaying proof deriveLength1.key 
31088      DEBUG main            d.u.i.k.p.i.IntermediateProofReplayer Proof replay took 6.8ns 
31198      INFO  main            d.u.i.k.p.r.p.TestFile    ... finished proof: closed. 
31350      INFO  main            d.u.i.k.p.i.AbstractProblemLoader Loading environment from /home/runner/work/key/key/key.core/../key.ui/examples/standard_key/strings/deriveLength1.key.proof 
31351      DEBUG main            d.u.i.k.p.i.AbstractProblemLoader Environment load took 1.66ms 
31353      INFO  main            d.u.i.k.p.i.AbstractProblemLoader Creating init config 
33721      DEBUG main            d.u.i.k.p.i.AbstractProblemLoader Init config took 2.37s 
33740      INFO  main            d.u.i.k.p.i.AbstractProblemLoader Replaying proof deriveLength1.key.proof 
33750      DEBUG main            d.u.i.k.p.i.IntermediateProofReplayer Proof replay took 8.43ms 
33751      DEBUG main            d.u.i.k.p.r.p.TestFile    ... success: reloaded. 
33752      INFO  main            d.u.i.k.p.r.p.TestFile    Now processing file /home/runner/work/key/key/key.core/../key.ui/examples/standard_key/strings/emptyStringLengthZero.key 
33752      INFO  main            d.u.i.k.p.i.AbstractProblemLoader Loading environment from /home/runner/work/key/key/key.core/../key.ui/examples/standard_key/strings/emptyStringLengthZero.key 
33753      DEBUG main            d.u.i.k.p.i.AbstractProblemLoader Environment load took 204.01ns 
33754      INFO  main            d.u.i.k.p.i.AbstractProblemLoader Creating init config 
36122      DEBUG main            d.u.i.k.p.i.AbstractProblemLoader Init config took 2.37s 
36139      INFO  main            d.u.i.k.p.i.AbstractProblemLoader Replaying proof emptyStringLengthZero.key 
36141      DEBUG main            d.u.i.k.p.i.IntermediateProofReplayer Proof replay took 5.6ns 
36246      INFO  main            d.u.i.k.p.r.p.TestFile    ... finished proof: closed. 
36413      INFO  main            d.u.i.k.p.i.AbstractProblemLoader Loading environment from /home/runner/work/key/key/key.core/../key.ui/examples/standard_key/strings/emptyStringLengthZero.key.proof 
36413      DEBUG main            d.u.i.k.p.i.AbstractProblemLoader Environment load took 141.01ns 
36414      INFO  main            d.u.i.k.p.i.AbstractProblemLoader Creating init config 
38827      DEBUG main            d.u.i.k.p.i.AbstractProblemLoader Init config took 2.41s 
38842      INFO  main            d.u.i.k.p.i.AbstractProblemLoader Replaying proof emptyStringLengthZero.key.proof 
38847      DEBUG main            d.u.i.k.p.i.IntermediateProofReplayer Proof replay took 3.05ms 
38848      DEBUG main            d.u.i.k.p.r.p.TestFile    ... success: reloaded. 
38849      INFO  main            d.u.i.k.p.r.p.TestFile    Now processing file /home/runner/work/key/key/key.core/../key.ui/examples/standard_key/strings/implicitBooleanStringConversion.key 
38849      INFO  main            d.u.i.k.p.i.AbstractProblemLoader Loading environment from /home/runner/work/key/key/key.core/../key.ui/examples/standard_key/strings/implicitBooleanStringConversion.key 
38849      DEBUG main            d.u.i.k.p.i.AbstractProblemLoader Environment load took 202.11ns 
38850      INFO  main            d.u.i.k.p.i.AbstractProblemLoader Creating init config 
41249      DEBUG main            d.u.i.k.p.i.AbstractProblemLoader Init config took 2.4s 
41269      INFO  main            d.u.i.k.p.i.AbstractProblemLoader Replaying proof implicitBooleanStringConversion.key 
41271      DEBUG main            d.u.i.k.p.i.IntermediateProofReplayer Proof replay took 6.5ns 
42288      INFO  main            d.u.i.k.p.r.p.TestFile    ... finished proof: closed. 
42473      INFO  main            d.u.i.k.p.i.AbstractProblemLoader Loading environment from /home/runner/work/key/key/key.core/../key.ui/examples/standard_key/strings/implicitBooleanStringConversion.key.proof 
42473      DEBUG main            d.u.i.k.p.i.AbstractProblemLoader Environment load took 409.73ns 
42475      INFO  main            d.u.i.k.p.i.AbstractProblemLoader Creating init config 
44905      DEBUG main            d.u.i.k.p.i.AbstractProblemLoader Init config took 2.43s 
44928      INFO  main            d.u.i.k.p.i.AbstractProblemLoader Replaying proof implicitBooleanStringConversion.key.proof 
45019      DEBUG main            d.u.i.k.p.i.IntermediateProofReplayer Proof replay took 84.9ms 
45020      DEBUG main            d.u.i.k.p.r.p.TestFile    ... success: reloaded. 
45021      INFO  main            d.u.i.k.p.r.p.TestFile    Now processing file /home/runner/work/key/key/key.core/../key.ui/examples/standard_key/strings/implicitBooleanStringConversion2.key 
45021      INFO  main            d.u.i.k.p.i.AbstractProblemLoader Loading environment from /home/runner/work/key/key/key.core/../key.ui/examples/standard_key/strings/implicitBooleanStringConversion2.key 
45022      DEBUG main            d.u.i.k.p.i.AbstractProblemLoader Environment load took 172.11ns 
45023      INFO  main            d.u.i.k.p.i.AbstractProblemLoader Creating init config 
47535      DEBUG main            d.u.i.k.p.i.AbstractProblemLoader Init config took 2.51s 
47553      INFO  main            d.u.i.k.p.i.AbstractProblemLoader Replaying proof implicitBooleanStringConversion2.key 
47554      DEBUG main            d.u.i.k.p.i.IntermediateProofReplayer Proof replay took 6.2ns 
47858      INFO  main            d.u.i.k.p.r.p.TestFile    ... finished proof: closed. 
48071      INFO  main            d.u.i.k.p.i.AbstractProblemLoader Loading environment from /home/runner/work/key/key/key.core/../key.ui/examples/standard_key/strings/implicitBooleanStringConversion2.key.proof 
48071      DEBUG main            d.u.i.k.p.i.AbstractProblemLoader Environment load took 378.53ns 
48073      INFO  main            d.u.i.k.p.i.AbstractProblemLoader Creating init config 
50563      DEBUG main            d.u.i.k.p.i.AbstractProblemLoader Init config took 2.49s 
50581      INFO  main            d.u.i.k.p.i.AbstractProblemLoader Replaying proof implicitBooleanStringConversion2.key.proof 
50616      DEBUG main            d.u.i.k.p.i.IntermediateProofReplayer Proof replay took 31.8ms 
50617      DEBUG main            d.u.i.k.p.r.p.TestFile    ... success: reloaded. 
50618      INFO  main            d.u.i.k.p.r.p.TestFile    Now processing file /home/runner/work/key/key/key.core/../key.ui/examples/standard_key/strings/implicitIntStringConversion.key 
50618      INFO  main            d.u.i.k.p.i.AbstractProblemLoader Loading environment from /home/runner/work/key/key/key.core/../key.ui/examples/standard_key/strings/implicitIntStringConversion.key 
50618      DEBUG main            d.u.i.k.p.i.AbstractProblemLoader Environment load took 87.71ns 
50619      INFO  main            d.u.i.k.p.i.AbstractProblemLoader Creating init config 
53133      DEBUG main            d.u.i.k.p.i.AbstractProblemLoader Init config took 2.51s 
53151      INFO  main            d.u.i.k.p.i.AbstractProblemLoader Replaying proof implicitIntStringConversion.key 
53152      DEBUG main            d.u.i.k.p.i.IntermediateProofReplayer Proof replay took 7ns 
53759      INFO  main            d.u.i.k.p.r.p.TestFile    ... finished proof: closed. 
53986      INFO  main            d.u.i.k.p.i.AbstractProblemLoader Loading environment from /home/runner/work/key/key/key.core/../key.ui/examples/standard_key/strings/implicitIntStringConversion.key.proof 
53991      DEBUG main            d.u.i.k.p.i.AbstractProblemLoader Environment load took 4.76ms 
53992      INFO  main            d.u.i.k.p.i.AbstractProblemLoader Creating init config 
56461      DEBUG main            d.u.i.k.p.i.AbstractProblemLoader Init config took 2.47s 
56481      INFO  main            d.u.i.k.p.i.AbstractProblemLoader Replaying proof implicitIntStringConversion.key.proof 
56547      DEBUG main            d.u.i.k.p.i.IntermediateProofReplayer Proof replay took 62.24ms 
56549      DEBUG main            d.u.i.k.p.r.p.TestFile    ... success: reloaded. 
56549      INFO  main            d.u.i.k.p.r.p.TestFile    Now processing file /home/runner/work/key/key/key.core/../key.ui/examples/standard_key/strings/implicitNullStringConversion.key 
56550      INFO  main            d.u.i.k.p.i.AbstractProblemLoader Loading environment from /home/runner/work/key/key/key.core/../key.ui/examples/standard_key/strings/implicitNullStringConversion.key 
56550      DEBUG main            d.u.i.k.p.i.AbstractProblemLoader Environment load took 241.62ns 
56551      INFO  main            d.u.i.k.p.i.AbstractProblemLoader Creating init config 
59104      DEBUG main            d.u.i.k.p.i.AbstractProblemLoader Init config took 2.55s 
59122      INFO  main            d.u.i.k.p.i.AbstractProblemLoader Replaying proof implicitNullStringConversion.key 
59124      DEBUG main            d.u.i.k.p.i.IntermediateProofReplayer Proof replay took 6.8ns 
59430      INFO  main            d.u.i.k.p.r.p.TestFile    ... finished proof: closed. 
59639      INFO  main            d.u.i.k.p.i.AbstractProblemLoader Loading environment from /home/runner/work/key/key/key.core/../key.ui/examples/standard_key/strings/implicitNullStringConversion.key.proof 
59639      DEBUG main            d.u.i.k.p.i.AbstractProblemLoader Environment load took 134.71ns 
59642      INFO  main            d.u.i.k.p.i.AbstractProblemLoader Creating init config 
62118      DEBUG main            d.u.i.k.p.i.AbstractProblemLoader Init config took 2.48s 
62136      INFO  main            d.u.i.k.p.i.AbstractProblemLoader Replaying proof implicitNullStringConversion.key.proof 
62168      DEBUG main            d.u.i.k.p.i.IntermediateProofReplayer Proof replay took 29ms 
62169      DEBUG main            d.u.i.k.p.r.p.TestFile    ... success: reloaded. 
62170      INFO  main            d.u.i.k.p.r.p.TestFile    Now processing file /home/runner/work/key/key/key.core/../key.ui/examples/standard_key/strings/implicitNullStringConversion2.key 
62170      INFO  main            d.u.i.k.p.i.AbstractProblemLoader Loading environment from /home/runner/work/key/key/key.core/../key.ui/examples/standard_key/strings/implicitNullStringConversion2.key 
62171      DEBUG main            d.u.i.k.p.i.AbstractProblemLoader Environment load took 201.91ns 
62172      INFO  main            d.u.i.k.p.i.AbstractProblemLoader Creating init config 
64586      DEBUG main            d.u.i.k.p.i.AbstractProblemLoader Init config took 2.41s 
64603      INFO  main            d.u.i.k.p.i.AbstractProblemLoader Replaying proof implicitNullStringConversion2.key 
64604      DEBUG main            d.u.i.k.p.i.IntermediateProofReplayer Proof replay took 6.5ns 
64810      INFO  main            d.u.i.k.p.r.p.TestFile    ... finished proof: closed. 
65024      INFO  main            d.u.i.k.p.i.AbstractProblemLoader Loading environment from /home/runner/work/key/key/key.core/../key.ui/examples/standard_key/strings/implicitNullStringConversion2.key.proof 
65024      DEBUG main            d.u.i.k.p.i.AbstractProblemLoader Environment load took 130.71ns 
65025      INFO  main            d.u.i.k.p.i.AbstractProblemLoader Creating init config 
67446      DEBUG main            d.u.i.k.p.i.AbstractProblemLoader Init config took 2.42s 
67464      INFO  main            d.u.i.k.p.i.AbstractProblemLoader Replaying proof implicitNullStringConversion2.key.proof 
67507      DEBUG main            d.u.i.k.p.i.IntermediateProofReplayer Proof replay took 40.45ms 
67509      DEBUG main            d.u.i.k.p.r.p.TestFile    ... success: reloaded. 
67510      INFO  main            d.u.i.k.p.r.p.TestFile    Now processing file /home/runner/work/key/key/key.core/../key.ui/examples/standard_key/strings/implicitObjectStringConversion.key 
67510      INFO  main            d.u.i.k.p.i.AbstractProblemLoader Loading environment from /home/runner/work/key/key/key.core/../key.ui/examples/standard_key/strings/implicitObjectStringConversion.key 
67510      DEBUG main            d.u.i.k.p.i.AbstractProblemLoader Environment load took 177.41ns 
67511      INFO  main            d.u.i.k.p.i.AbstractProblemLoader Creating init config 
70107      DEBUG main            d.u.i.k.p.i.AbstractProblemLoader Init config took 2.6s 
70126      INFO  main            d.u.i.k.p.i.AbstractProblemLoader Replaying proof implicitObjectStringConversion.key 
70130      DEBUG main            d.u.i.k.p.i.IntermediateProofReplayer Proof replay took 7.4ns 
70643      INFO  main            d.u.i.k.p.r.p.TestFile    ... finished proof: closed. 
70946      INFO  main            d.u.i.k.p.i.AbstractProblemLoader Loading environment from /home/runner/work/key/key/key.core/../key.ui/examples/standard_key/strings/implicitObjectStringConversion.key.proof 
70947      DEBUG main            d.u.i.k.p.i.AbstractProblemLoader Environment load took 1.31ms 
70948      INFO  main            d.u.i.k.p.i.AbstractProblemLoader Creating init config 
73563      DEBUG main            d.u.i.k.p.i.AbstractProblemLoader Init config took 2.62s 
73582      INFO  main            d.u.i.k.p.i.AbstractProblemLoader Replaying proof implicitObjectStringConversion.key.proof 
73655      DEBUG main            d.u.i.k.p.i.IntermediateProofReplayer Proof replay took 69.89ms 
73656      DEBUG main            d.u.i.k.p.r.p.TestFile    ... success: reloaded. 
73657      INFO  main            d.u.i.k.p.r.p.TestFile    Now processing file /home/runner/work/key/key/key.core/../key.ui/examples/standard_key/strings/literalEquality.key 
73657      INFO  main            d.u.i.k.p.i.AbstractProblemLoader Loading environment from /home/runner/work/key/key/key.core/../key.ui/examples/standard_key/strings/literalEquality.key 
73658      DEBUG main            d.u.i.k.p.i.AbstractProblemLoader Environment load took 203.21ns 
73658      INFO  main            d.u.i.k.p.i.AbstractProblemLoader Creating init config 
75968      DEBUG main            d.u.i.k.p.i.AbstractProblemLoader Init config took 2.31s 
75984      INFO  main            d.u.i.k.p.i.AbstractProblemLoader Replaying proof literalEquality.key 
75985      DEBUG main            d.u.i.k.p.i.IntermediateProofReplayer Proof replay took 7ns 
76088      INFO  main            d.u.i.k.p.r.p.TestFile    ... finished proof: closed. 
76292      INFO  main            d.u.i.k.p.i.AbstractProblemLoader Loading environment from /home/runner/work/key/key/key.core/../key.ui/examples/standard_key/strings/literalEquality.key.proof 
76293      DEBUG main            d.u.i.k.p.i.AbstractProblemLoader Environment load took 125.01ns 
76293      INFO  main            d.u.i.k.p.i.AbstractProblemLoader Creating init config 
78568      DEBUG main            d.u.i.k.p.i.AbstractProblemLoader Init config took 2.27s 
78584      INFO  main            d.u.i.k.p.i.AbstractProblemLoader Replaying proof literalEquality.key.proof 
78587      DEBUG main            d.u.i.k.p.i.IntermediateProofReplayer Proof replay took 1.91ms 
78588      DEBUG main            d.u.i.k.p.r.p.TestFile    ... success: reloaded. 
78589      INFO  main            d.u.i.k.p.r.p.TestFile    Now processing file /home/runner/work/key/key/key.core/../key.ui/examples/standard_key/strings/replace0.key 
78589      INFO  main            d.u.i.k.p.i.AbstractProblemLoader Loading environment from /home/runner/work/key/key/key.core/../key.ui/examples/standard_key/strings/replace0.key 
78589      DEBUG main            d.u.i.k.p.i.AbstractProblemLoader Environment load took 168.01ns 
78590      INFO  main            d.u.i.k.p.i.AbstractProblemLoader Creating init config 
80890      DEBUG main            d.u.i.k.p.i.AbstractProblemLoader Init config took 2.3s 
80904      INFO  main            d.u.i.k.p.i.AbstractProblemLoader Replaying proof replace0.key 
80906      DEBUG main            d.u.i.k.p.i.IntermediateProofReplayer Proof replay took 5.8ns 
81009      INFO  main            d.u.i.k.p.r.p.TestFile    ... finished proof: closed. 
81228      INFO  main            d.u.i.k.p.i.AbstractProblemLoader Loading environment from /home/runner/work/key/key/key.core/../key.ui/examples/standard_key/strings/replace0.key.proof 
81228      DEBUG main            d.u.i.k.p.i.AbstractProblemLoader Environment load took 134.11ns 
81230      INFO  main            d.u.i.k.p.i.AbstractProblemLoader Creating init config 
83528      DEBUG main            d.u.i.k.p.i.AbstractProblemLoader Init config took 2.3s 
83542      INFO  main            d.u.i.k.p.i.AbstractProblemLoader Replaying proof replace0.key.proof 
83547      DEBUG main            d.u.i.k.p.i.IntermediateProofReplayer Proof replay took 3.41ms 
83548      DEBUG main            d.u.i.k.p.r.p.TestFile    ... success: reloaded. 
83549      INFO  main            d.u.i.k.p.r.p.TestFile    Now processing file /home/runner/work/key/key/key.core/../key.ui/examples/standard_key/strings/replace1.key 
83549      INFO  main            d.u.i.k.p.i.AbstractProblemLoader Loading environment from /home/runner/work/key/key/key.core/../key.ui/examples/standard_key/strings/replace1.key 
83549      DEBUG main            d.u.i.k.p.i.AbstractProblemLoader Environment load took 194.91ns 
83550      INFO  main            d.u.i.k.p.i.AbstractProblemLoader Creating init config 
85863      DEBUG main            d.u.i.k.p.i.AbstractProblemLoader Init config took 2.31s 
85876      INFO  main            d.u.i.k.p.i.AbstractProblemLoader Replaying proof replace1.key 
85877      DEBUG main            d.u.i.k.p.i.IntermediateProofReplayer Proof replay took 5.8ns 
85980      INFO  main            d.u.i.k.p.r.p.TestFile    ... finished proof: closed. 
86218      INFO  main            d.u.i.k.p.i.AbstractProblemLoader Loading environment from /home/runner/work/key/key/key.core/../key.ui/examples/standard_key/strings/replace1.key.proof 
86218      DEBUG main            d.u.i.k.p.i.AbstractProblemLoader Environment load took 141.71ns 
86219      INFO  main            d.u.i.k.p.i.AbstractProblemLoader Creating init config 
88421      DEBUG main            d.u.i.k.p.i.AbstractProblemLoader Init config took 2.2s 
88436      INFO  main            d.u.i.k.p.i.AbstractProblemLoader Replaying proof replace1.key.proof 
88443      DEBUG main            d.u.i.k.p.i.IntermediateProofReplayer Proof replay took 4.7ms 
88443      DEBUG main            d.u.i.k.p.r.p.TestFile    ... success: reloaded. 
88444      INFO  main            d.u.i.k.p.r.p.TestFile    Now processing file /home/runner/work/key/key/key.core/../key.ui/examples/standard_key/strings/simpleAssignment.key 
88444      INFO  main            d.u.i.k.p.i.AbstractProblemLoader Loading environment from /home/runner/work/key/key/key.core/../key.ui/examples/standard_key/strings/simpleAssignment.key 
88444      DEBUG main            d.u.i.k.p.i.AbstractProblemLoader Environment load took 58.1ns 
88445      INFO  main            d.u.i.k.p.i.AbstractProblemLoader Creating init config 
90779      DEBUG main            d.u.i.k.p.i.AbstractProblemLoader Init config took 2.33s 
90793      INFO  main            d.u.i.k.p.i.AbstractProblemLoader Replaying proof simpleAssignment.key 
90794      DEBUG main            d.u.i.k.p.i.IntermediateProofReplayer Proof replay took 5.5ns 
90896      INFO  main            d.u.i.k.p.r.p.TestFile    ... finished proof: closed. 
91113      INFO  main            d.u.i.k.p.i.AbstractProblemLoader Loading environment from /home/runner/work/key/key/key.core/../key.ui/examples/standard_key/strings/simpleAssignment.key.proof 
91113      DEBUG main            d.u.i.k.p.i.AbstractProblemLoader Environment load took 137.21ns 
91114      INFO  main            d.u.i.k.p.i.AbstractProblemLoader Creating init config 
93470      DEBUG main            d.u.i.k.p.i.AbstractProblemLoader Init config took 2.36s 
93489      INFO  main            d.u.i.k.p.i.AbstractProblemLoader Replaying proof simpleAssignment.key.proof 
93494      DEBUG main            d.u.i.k.p.i.IntermediateProofReplayer Proof replay took 1.27ms 
93496      DEBUG main            d.u.i.k.p.r.p.TestFile    ... success: reloaded. 
93497      INFO  main            d.u.i.k.p.r.p.TestFile    Now processing file /home/runner/work/key/key/key.core/../key.ui/examples/standard_key/strings/simpleLengthComp.key 
93497      INFO  main            d.u.i.k.p.i.AbstractProblemLoader Loading environment from /home/runner/work/key/key/key.core/../key.ui/examples/standard_key/strings/simpleLengthComp.key 
93497      DEBUG main            d.u.i.k.p.i.AbstractProblemLoader Environment load took 176.81ns 
93499      INFO  main            d.u.i.k.p.i.AbstractProblemLoader Creating init config 
95891      DEBUG main            d.u.i.k.p.i.AbstractProblemLoader Init config took 2.39s 
95909      INFO  main            d.u.i.k.p.i.AbstractProblemLoader Replaying proof simpleLengthComp.key 
95912      DEBUG main            d.u.i.k.p.i.IntermediateProofReplayer Proof replay took 7.1ns 
96117      INFO  main            d.u.i.k.p.r.p.TestFile    ... finished proof: closed. 
96395      INFO  main            d.u.i.k.p.i.AbstractProblemLoader Loading environment from /home/runner/work/key/key/key.core/../key.ui/examples/standard_key/strings/simpleLengthComp.key.proof 
96395      DEBUG main            d.u.i.k.p.i.AbstractProblemLoader Environment load took 202.41ns 
96396      INFO  main            d.u.i.k.p.i.AbstractProblemLoader Creating init config 
98764      DEBUG main            d.u.i.k.p.i.AbstractProblemLoader Init config took 2.37s 
98784      INFO  main            d.u.i.k.p.i.AbstractProblemLoader Replaying proof simpleLengthComp.key.proof 
98816      DEBUG main            d.u.i.k.p.i.IntermediateProofReplayer Proof replay took 27.84ms 
98818      DEBUG main            d.u.i.k.p.r.p.TestFile    ... success: reloaded. 
98820      INFO  main            d.u.i.k.p.r.p.TestFile    Now processing file /home/runner/work/key/key/key.core/../key.ui/examples/standard_key/strings/stringCompileTimeConstant1.key 
98820      INFO  main            d.u.i.k.p.i.AbstractProblemLoader Loading environment from /home/runner/work/key/key/key.core/../key.ui/examples/standard_key/strings/stringCompileTimeConstant1.key 
98820      DEBUG main            d.u.i.k.p.i.AbstractProblemLoader Environment load took 193.21ns 
98821      INFO  main            d.u.i.k.p.i.AbstractProblemLoader Creating init config 
101237     DEBUG main            d.u.i.k.p.i.AbstractProblemLoader Init config took 2.42s 
101253     INFO  main            d.u.i.k.p.i.AbstractProblemLoader Replaying proof stringCompileTimeConstant1.key 
101255     DEBUG main            d.u.i.k.p.i.IntermediateProofReplayer Proof replay took 7ns 
101357     INFO  main            d.u.i.k.p.r.p.TestFile    ... finished proof: closed. 
101593     INFO  main            d.u.i.k.p.i.AbstractProblemLoader Loading environment from /home/runner/work/key/key/key.core/../key.ui/examples/standard_key/strings/stringCompileTimeConstant1.key.proof 
101593     DEBUG main            d.u.i.k.p.i.AbstractProblemLoader Environment load took 133.01ns 
101594     INFO  main            d.u.i.k.p.i.AbstractProblemLoader Creating init config 
103897     DEBUG main            d.u.i.k.p.i.AbstractProblemLoader Init config took 2.3s 
103913     INFO  main            d.u.i.k.p.i.AbstractProblemLoader Replaying proof stringCompileTimeConstant1.key.proof 
103923     DEBUG main            d.u.i.k.p.i.IntermediateProofReplayer Proof replay took 7.94ms 
103923     DEBUG main            d.u.i.k.p.r.p.TestFile    ... success: reloaded. 
103924     INFO  main            d.u.i.k.p.r.p.TestFile    Now processing file /home/runner/work/key/key/key.core/../key.ui/examples/standard_key/strings/stringCompileTimeConstant2.key 
103924     INFO  main            d.u.i.k.p.i.AbstractProblemLoader Loading environment from /home/runner/work/key/key/key.core/../key.ui/examples/standard_key/strings/stringCompileTimeConstant2.key 
103924     DEBUG main            d.u.i.k.p.i.AbstractProblemLoader Environment load took 113.01ns 
103925     INFO  main            d.u.i.k.p.i.AbstractProblemLoader Creating init config 
106505     DEBUG main            d.u.i.k.p.i.AbstractProblemLoader Init config took 2.58s 
106522     INFO  main            d.u.i.k.p.i.AbstractProblemLoader Replaying proof stringCompileTimeConstant2.key 
106524     DEBUG main            d.u.i.k.p.i.IntermediateProofReplayer Proof replay took 6.2ns 
109334     INFO  main            d.u.i.k.p.r.p.TestFile    ... finished proof: closed. 
109640     INFO  main            d.u.i.k.p.i.AbstractProblemLoader Loading environment from /home/runner/work/key/key/key.core/../key.ui/examples/standard_key/strings/stringCompileTimeConstant2.key.proof 
109641     DEBUG main            d.u.i.k.p.i.AbstractProblemLoader Environment load took 393.13ns 
109642     INFO  main            d.u.i.k.p.i.AbstractProblemLoader Creating init config 
112160     DEBUG main            d.u.i.k.p.i.AbstractProblemLoader Init config took 2.52s 
112176     INFO  main            d.u.i.k.p.i.AbstractProblemLoader Replaying proof stringCompileTimeConstant2.key.proof 
112484     DEBUG main            d.u.i.k.p.i.IntermediateProofReplayer Proof replay took 300.13ms 
112486     DEBUG main            d.u.i.k.p.r.p.TestFile    ... success: reloaded. 
112487     INFO  main            d.u.i.k.p.r.p.TestFile    Now processing file /home/runner/work/key/key/key.core/../key.ui/examples/standard_key/strings/stringEquality1.key 
112487     INFO  main            d.u.i.k.p.i.AbstractProblemLoader Loading environment from /home/runner/work/key/key/key.core/../key.ui/examples/standard_key/strings/stringEquality1.key 
112487     DEBUG main            d.u.i.k.p.i.AbstractProblemLoader Environment load took 193.01ns 
112488     INFO  main            d.u.i.k.p.i.AbstractProblemLoader Creating init config 
114916     DEBUG main            d.u.i.k.p.i.AbstractProblemLoader Init config took 2.43s 
114931     INFO  main            d.u.i.k.p.i.AbstractProblemLoader Replaying proof stringEquality1.key 
114933     DEBUG main            d.u.i.k.p.i.IntermediateProofReplayer Proof replay took 6.6ns 
115037     INFO  main            d.u.i.k.p.r.p.TestFile    ... finished proof: closed. 
115343     INFO  main            d.u.i.k.p.i.AbstractProblemLoader Loading environment from /home/runner/work/key/key/key.core/../key.ui/examples/standard_key/strings/stringEquality1.key.proof 
115344     DEBUG main            d.u.i.k.p.i.AbstractProblemLoader Environment load took 134.01ns 
115345     INFO  main            d.u.i.k.p.i.AbstractProblemLoader Creating init config 
117718     DEBUG main            d.u.i.k.p.i.AbstractProblemLoader Init config took 2.37s 
117734     INFO  main            d.u.i.k.p.i.AbstractProblemLoader Replaying proof stringEquality1.key.proof 
117743     DEBUG main            d.u.i.k.p.i.IntermediateProofReplayer Proof replay took 7.65ms 
117744     DEBUG main            d.u.i.k.p.r.p.TestFile    ... success: reloaded. 
117745     INFO  main            d.u.i.k.p.r.p.TestFile    Now processing file /home/runner/work/key/key/key.core/../key.ui/examples/standard_key/strings/stringEquality2.key 
117745     INFO  main            d.u.i.k.p.i.AbstractProblemLoader Loading environment from /home/runner/work/key/key/key.core/../key.ui/examples/standard_key/strings/stringEquality2.key 
117745     DEBUG main            d.u.i.k.p.i.AbstractProblemLoader Environment load took 87.01ns 
117746     INFO  main            d.u.i.k.p.i.AbstractProblemLoader Creating init config 
120165     DEBUG main            d.u.i.k.p.i.AbstractProblemLoader Init config took 2.42s 
120181     INFO  main            d.u.i.k.p.i.AbstractProblemLoader Replaying proof stringEquality2.key 
120182     DEBUG main            d.u.i.k.p.i.IntermediateProofReplayer Proof replay took 6.2ns 
120610     INFO  main            d.u.i.k.p.r.p.TestFile    ... finished proof: closed. 
120870     INFO  main            d.u.i.k.p.i.AbstractProblemLoader Loading environment from /home/runner/work/key/key/key.core/../key.ui/examples/standard_key/strings/stringEquality2.key.proof 
120871     DEBUG main            d.u.i.k.p.i.AbstractProblemLoader Environment load took 393.03ns 
120872     INFO  main            d.u.i.k.p.i.AbstractProblemLoader Creating init config 
123191     DEBUG main            d.u.i.k.p.i.AbstractProblemLoader Init config took 2.32s 
123207     INFO  main            d.u.i.k.p.i.AbstractProblemLoader Replaying proof stringEquality2.key.proof 
123256     DEBUG main            d.u.i.k.p.i.IntermediateProofReplayer Proof replay took 45.95ms 
123257     DEBUG main            d.u.i.k.p.r.p.TestFile    ... success: reloaded. 
123258     INFO  main            d.u.i.k.p.r.p.TestFile    Now processing file /home/runner/work/key/key/key.core/../key.ui/examples/standard_key/strings/substring0.key 
123258     INFO  main            d.u.i.k.p.i.AbstractProblemLoader Loading environment from /home/runner/work/key/key/key.core/../key.ui/examples/standard_key/strings/substring0.key 
123258     DEBUG main            d.u.i.k.p.i.AbstractProblemLoader Environment load took 83.7ns 
123259     INFO  main            d.u.i.k.p.i.AbstractProblemLoader Creating init config 
125673     DEBUG main            d.u.i.k.p.i.AbstractProblemLoader Init config took 2.41s 
125693     INFO  main            d.u.i.k.p.i.AbstractProblemLoader Replaying proof substring0.key 
125695     DEBUG main            d.u.i.k.p.i.IntermediateProofReplayer Proof replay took 7.2ns 
125800     INFO  main            d.u.i.k.p.r.p.TestFile    ... finished proof: closed. 
126065     INFO  main            d.u.i.k.p.i.AbstractProblemLoader Loading environment from /home/runner/work/key/key/key.core/../key.ui/examples/standard_key/strings/substring0.key.proof 
126065     DEBUG main            d.u.i.k.p.i.AbstractProblemLoader Environment load took 112.51ns 
126066     INFO  main            d.u.i.k.p.i.AbstractProblemLoader Creating init config 
128413     DEBUG main            d.u.i.k.p.i.AbstractProblemLoader Init config took 2.35s 
128429     INFO  main            d.u.i.k.p.i.AbstractProblemLoader Replaying proof substring0.key.proof 
128431     DEBUG main            d.u.i.k.p.i.IntermediateProofReplayer Proof replay took 501.73ns 
128432     DEBUG main            d.u.i.k.p.r.p.TestFile    ... success: reloaded. 
128432     INFO  main            d.u.i.k.p.r.p.TestFile    Now processing file /home/runner/work/key/key/key.core/../key.ui/examples/standard_key/strings/substring1.key 
128433     INFO  main            d.u.i.k.p.i.AbstractProblemLoader Loading environment from /home/runner/work/key/key/key.core/../key.ui/examples/standard_key/strings/substring1.key 
128433     DEBUG main            d.u.i.k.p.i.AbstractProblemLoader Environment load took 86.81ns 
128433     INFO  main            d.u.i.k.p.i.AbstractProblemLoader Creating init config 
130857     DEBUG main            d.u.i.k.p.i.AbstractProblemLoader Init config took 2.42s 
130872     INFO  main            d.u.i.k.p.i.AbstractProblemLoader Replaying proof substring1.key 
130873     DEBUG main            d.u.i.k.p.i.IntermediateProofReplayer Proof replay took 7.3ns 
130977     INFO  main            d.u.i.k.p.r.p.TestFile    ... finished proof: closed. 
131247     INFO  main            d.u.i.k.p.i.AbstractProblemLoader Loading environment from /home/runner/work/key/key/key.core/../key.ui/examples/standard_key/strings/substring1.key.proof 
131247     DEBUG main            d.u.i.k.p.i.AbstractProblemLoader Environment load took 112.01ns 
131248     INFO  main            d.u.i.k.p.i.AbstractProblemLoader Creating init config 
133602     DEBUG main            d.u.i.k.p.i.AbstractProblemLoader Init config took 2.35s 
133616     INFO  main            d.u.i.k.p.i.AbstractProblemLoader Replaying proof substring1.key.proof 
133618     DEBUG main            d.u.i.k.p.i.IntermediateProofReplayer Proof replay took 491.63ns 
133619     DEBUG main            d.u.i.k.p.r.p.TestFile    ... success: reloaded. 
133619     INFO  main            d.u.i.k.p.r.p.TestFile    Now processing file /home/runner/work/key/key/key.core/../key.ui/examples/standard_key/strings/substring2.key 
133620     INFO  main            d.u.i.k.p.i.AbstractProblemLoader Loading environment from /home/runner/work/key/key/key.core/../key.ui/examples/standard_key/strings/substring2.key 
133620     DEBUG main            d.u.i.k.p.i.AbstractProblemLoader Environment load took 100.91ns 
133621     INFO  main            d.u.i.k.p.i.AbstractProblemLoader Creating init config 
135969     DEBUG main            d.u.i.k.p.i.AbstractProblemLoader Init config took 2.35s 
135983     INFO  main            d.u.i.k.p.i.AbstractProblemLoader Replaying proof substring2.key 
135984     DEBUG main            d.u.i.k.p.i.IntermediateProofReplayer Proof replay took 7.8ns 
136087     INFO  main            d.u.i.k.p.r.p.TestFile    ... finished proof: closed. 
136358     INFO  main            d.u.i.k.p.i.AbstractProblemLoader Loading environment from /home/runner/work/key/key/key.core/../key.ui/examples/standard_key/strings/substring2.key.proof 
136358     DEBUG main            d.u.i.k.p.i.AbstractProblemLoader Environment load took 113.11ns 
136359     INFO  main            d.u.i.k.p.i.AbstractProblemLoader Creating init config 
138605     DEBUG main            d.u.i.k.p.i.AbstractProblemLoader Init config took 2.25s 
138620     INFO  main            d.u.i.k.p.i.AbstractProblemLoader Replaying proof substring2.key.proof 
138623     DEBUG main            d.u.i.k.p.i.IntermediateProofReplayer Proof replay took 995.37ns 
138624     DEBUG main            d.u.i.k.p.r.p.TestFile    ... success: reloaded. 
138625     INFO  main            d.u.i.k.p.r.p.TestFile    Now processing file /home/runner/work/key/key/key.core/../key.ui/examples/standard_key/strings/substring3.key 
138626     INFO  main            d.u.i.k.p.i.AbstractProblemLoader Loading environment from /home/runner/work/key/key/key.core/../key.ui/examples/standard_key/strings/substring3.key 
138626     DEBUG main            d.u.i.k.p.i.AbstractProblemLoader Environment load took 165.71ns 
138627     INFO  main            d.u.i.k.p.i.AbstractProblemLoader Creating init config 
141024     DEBUG main            d.u.i.k.p.i.AbstractProblemLoader Init config took 2.4s 
141041     INFO  main            d.u.i.k.p.i.AbstractProblemLoader Replaying proof substring3.key 
141043     DEBUG main            d.u.i.k.p.i.IntermediateProofReplayer Proof replay took 9.5ns 
141146     INFO  main            d.u.i.k.p.r.p.TestFile    ... finished proof: closed. 
141425     INFO  main            d.u.i.k.p.i.AbstractProblemLoader Loading environment from /home/runner/work/key/key/key.core/../key.ui/examples/standard_key/strings/substring3.key.proof 
141425     DEBUG main            d.u.i.k.p.i.AbstractProblemLoader Environment load took 118.81ns 
141426     INFO  main            d.u.i.k.p.i.AbstractProblemLoader Creating init config 
143725     DEBUG main            d.u.i.k.p.i.AbstractProblemLoader Init config took 2.3s 
143739     INFO  main            d.u.i.k.p.i.AbstractProblemLoader Replaying proof substring3.key.proof 
143744     DEBUG main            d.u.i.k.p.i.IntermediateProofReplayer Proof replay took 2.19ms 
143748     DEBUG main            d.u.i.k.p.r.p.TestFile    ... success: reloaded. 
143748     INFO  main            d.u.i.k.p.r.p.TestFile    Now processing file /home/runner/work/key/key/key.core/../key.ui/examples/standard_key/strings/substring4.key 
143749     INFO  main            d.u.i.k.p.i.AbstractProblemLoader Loading environment from /home/runner/work/key/key/key.core/../key.ui/examples/standard_key/strings/substring4.key 
143753     DEBUG main            d.u.i.k.p.i.AbstractProblemLoader Environment load took 3.56ms 
143754     INFO  main            d.u.i.k.p.i.AbstractProblemLoader Creating init config 
146120     DEBUG main            d.u.i.k.p.i.AbstractProblemLoader Init config took 2.37s 
146136     INFO  main            d.u.i.k.p.i.AbstractProblemLoader Replaying proof substring4.key 
146138     DEBUG main            d.u.i.k.p.i.IntermediateProofReplayer Proof replay took 6.5ns 
146243     INFO  main            d.u.i.k.p.r.p.TestFile    ... finished proof: closed. 
146571     INFO  main            d.u.i.k.p.i.AbstractProblemLoader Loading environment from /home/runner/work/key/key/key.core/../key.ui/examples/standard_key/strings/substring4.key.proof 
146571     DEBUG main            d.u.i.k.p.i.AbstractProblemLoader Environment load took 117.51ns 
146574     INFO  main            d.u.i.k.p.i.AbstractProblemLoader Creating init config 
148924     DEBUG main            d.u.i.k.p.i.AbstractProblemLoader Init config took 2.35s 
148939     INFO  main            d.u.i.k.p.i.AbstractProblemLoader Replaying proof substring4.key.proof 
148947     DEBUG main            d.u.i.k.p.i.IntermediateProofReplayer Proof replay took 3.9ms 
148948     DEBUG main            d.u.i.k.p.r.p.TestFile    ... success: reloaded. 
148948     INFO  main            d.u.i.k.p.r.p.TestFile    Now processing file /home/runner/work/key/key/key.core/../key.ui/examples/standard_key/strings/substring5.key 
148949     INFO  main            d.u.i.k.p.i.AbstractProblemLoader Loading environment from /home/runner/work/key/key/key.core/../key.ui/examples/standard_key/strings/substring5.key 
148949     DEBUG main            d.u.i.k.p.i.AbstractProblemLoader Environment load took 72.5ns 
148950     INFO  main            d.u.i.k.p.i.AbstractProblemLoader Creating init config 
151401     DEBUG main            d.u.i.k.p.i.AbstractProblemLoader Init config took 2.45s 
151416     INFO  main            d.u.i.k.p.i.AbstractProblemLoader Replaying proof substring5.key 
151417     DEBUG main            d.u.i.k.p.i.IntermediateProofReplayer Proof replay took 7.7ns 
151722     INFO  main            d.u.i.k.p.r.p.TestFile    ... finished proof: closed. 
152028     INFO  main            d.u.i.k.p.i.AbstractProblemLoader Loading environment from /home/runner/work/key/key/key.core/../key.ui/examples/standard_key/strings/substring5.key.proof 
152029     DEBUG main            d.u.i.k.p.i.AbstractProblemLoader Environment load took 374.73ns 
152030     INFO  main            d.u.i.k.p.i.AbstractProblemLoader Creating init config 
154381     DEBUG main            d.u.i.k.p.i.AbstractProblemLoader Init config took 2.35s 
154396     INFO  main            d.u.i.k.p.i.AbstractProblemLoader Replaying proof substring5.key.proof 
154425     DEBUG main            d.u.i.k.p.i.IntermediateProofReplayer Proof replay took 25.34ms 
154426     DEBUG main            d.u.i.k.p.r.p.TestFile    ... success: reloaded. 
4064973    INFO  Test worker     d.u.i.k.p.r.RunAllProofsTestUnit Returning from test strings 
4064973    INFO  Test worker     d.u.i.k.p.r.RunAllProofsTestUnit Running test simple_info_flow 
373        INFO  Timeout watchdog d.u.i.k.p.r.p.ForkedTestFileRunner Timeout watcher launched (2000 secs.) 
396        WARN  main            d.u.i.k.s.ProofSettings   The settings in /home/runner/.key/proof-settings.props are *not* read. 
445        INFO  main            d.u.i.k.p.r.p.TestFile    Now processing file /home/runner/work/key/key/key.core/../key.ui/examples/heap/information_flow/UpdateAbstraction_ex7_1_insecure.key 
619        INFO  main            d.u.i.k.p.i.AbstractProblemLoader Loading environment from /home/runner/work/key/key/key.core/../key.ui/examples/heap/information_flow/UpdateAbstraction_ex7_1_insecure.key 
635        DEBUG main            d.u.i.k.p.i.AbstractProblemLoader Environment load took 1.8ms 
859        INFO  main            d.u.i.k.p.i.AbstractProblemLoader Creating init config 
1857       DEBUG main            d.u.i.k.j.TypeConverter   No LDT found for Meta 
1858       DEBUG main            d.u.i.k.j.TypeConverter   No LDT found for Meta 
1861       DEBUG main            d.u.i.k.j.TypeConverter   No LDT found for Meta 
1861       DEBUG main            d.u.i.k.j.TypeConverter   No LDT found for Meta 
3083       DEBUG main            d.u.i.k.j.TypeConverter   No LDT found for JavaBigintExpression 
8715       DEBUG main            d.u.i.k.p.i.AbstractProblemLoader Init config took 7.86s 
8848       INFO  main            d.u.i.k.p.i.AbstractProblemLoader Replaying proof UpdateAbstraction[UpdateAbstraction::ex7_1_insecure()].JML operation contract.0 
8924       DEBUG main            d.u.i.k.p.i.IntermediateProofReplayer Proof replay took 35ns 
9474       INFO  main            d.u.i.k.p.r.p.TestFile    ... finished proof: open goal(s) 
9596       INFO  main            d.u.i.k.p.r.p.TestFile    Now processing file /home/runner/work/key/key/key.core/../key.ui/examples/heap/information_flow/UpdateAbstraction_ex7_2_insecure.key 
9597       INFO  main            d.u.i.k.p.i.AbstractProblemLoader Loading environment from /home/runner/work/key/key/key.core/../key.ui/examples/heap/information_flow/UpdateAbstraction_ex7_2_insecure.key 
9597       DEBUG main            d.u.i.k.p.i.AbstractProblemLoader Environment load took 239.12ns 
9600       INFO  main            d.u.i.k.p.i.AbstractProblemLoader Creating init config 
12806      DEBUG main            d.u.i.k.p.i.AbstractProblemLoader Init config took 3.21s 
12893      INFO  main            d.u.i.k.p.i.AbstractProblemLoader Replaying proof UpdateAbstraction[UpdateAbstraction::ex7_2_insecure()].JML operation contract.0 
12899      DEBUG main            d.u.i.k.p.i.IntermediateProofReplayer Proof replay took 7.1ns 
13309      INFO  main            d.u.i.k.p.r.p.TestFile    ... finished proof: open goal(s) 
4078635    INFO  Test worker     d.u.i.k.p.r.RunAllProofsTestUnit Returning from test simple_info_flow 
4078636    INFO  Test worker     d.u.i.k.p.r.RunAllProofsTestUnit Running test modelMethods 
404        INFO  Timeout watchdog d.u.i.k.p.r.p.ForkedTestFileRunner Timeout watcher launched (2000 secs.) 
432        WARN  main            d.u.i.k.s.ProofSettings   The settings in /home/runner/.key/proof-settings.props are *not* read. 
459        INFO  main            d.u.i.k.p.r.p.TestFile    Now processing file /home/runner/work/key/key/key.core/../key.ui/examples/heap/model_methods/Cell_footprint_acc.key 
591        INFO  main            d.u.i.k.p.i.AbstractProblemLoader Loading environment from /home/runner/work/key/key/key.core/../key.ui/examples/heap/model_methods/Cell_footprint_acc.key 
607        DEBUG main            d.u.i.k.p.i.AbstractProblemLoader Environment load took 1.75ms 
838        INFO  main            d.u.i.k.p.i.AbstractProblemLoader Creating init config 
1688       DEBUG main            d.u.i.k.j.TypeConverter   No LDT found for Meta 
1688       DEBUG main            d.u.i.k.j.TypeConverter   No LDT found for Meta 
1695       DEBUG main            d.u.i.k.j.TypeConverter   No LDT found for Meta 
1695       DEBUG main            d.u.i.k.j.TypeConverter   No LDT found for Meta 
3121       DEBUG main            d.u.i.k.j.TypeConverter   No LDT found for JavaBigintExpression 
8709       DEBUG main            d.u.i.k.p.i.AbstractProblemLoader Init config took 7.87s 
8911       INFO  main            d.u.i.k.p.i.AbstractProblemLoader Replaying proof Cell[Cell::footprint()].JML accessible clause.0 
8951       DEBUG main            d.u.i.k.p.i.IntermediateProofReplayer Proof replay took 34.1ns 
9501       INFO  main            d.u.i.k.p.r.p.TestFile    ... finished proof: closed. 
9630       INFO  main            d.u.i.k.p.i.AbstractProblemLoader Loading environment from /home/runner/work/key/key/key.core/../key.ui/examples/heap/model_methods/Cell_footprint_acc.key.proof 
9633       DEBUG main            d.u.i.k.p.i.AbstractProblemLoader Environment load took 2.81ms 
9635       INFO  main            d.u.i.k.p.i.AbstractProblemLoader Creating init config 
12913      DEBUG main            d.u.i.k.p.i.AbstractProblemLoader Init config took 3.28s 
12982      INFO  main            d.u.i.k.p.i.AbstractProblemLoader Replaying proof Cell[Cell::footprint()].JML accessible clause.0 
13029      DEBUG main            d.u.i.k.p.i.IntermediateProofReplayer Proof replay took 41.61ms 
13036      DEBUG main            d.u.i.k.p.r.p.TestFile    ... success: reloaded. 
13041      INFO  main            d.u.i.k.p.r.p.TestFile    Now processing file /home/runner/work/key/key/key.core/../key.ui/examples/heap/model_methods/Cell_footprint.key 
13042      INFO  main            d.u.i.k.p.i.AbstractProblemLoader Loading environment from /home/runner/work/key/key/key.core/../key.ui/examples/heap/model_methods/Cell_footprint.key 
13042      DEBUG main            d.u.i.k.p.i.AbstractProblemLoader Environment load took 234.22ns 
13045      INFO  main            d.u.i.k.p.i.AbstractProblemLoader Creating init config 
16092      DEBUG main            d.u.i.k.p.i.AbstractProblemLoader Init config took 3.05s 
16160      INFO  main            d.u.i.k.p.i.AbstractProblemLoader Replaying proof Cell[Cell::footprint()].JML model_behavior operation contract.0 
16167      DEBUG main            d.u.i.k.p.i.IntermediateProofReplayer Proof replay took 6.5ns 
16270      INFO  main            d.u.i.k.p.r.p.TestFile    ... finished proof: closed. 
16422      INFO  main            d.u.i.k.p.i.AbstractProblemLoader Loading environment from /home/runner/work/key/key/key.core/../key.ui/examples/heap/model_methods/Cell_footprint.key.proof 
16423      DEBUG main            d.u.i.k.p.i.AbstractProblemLoader Environment load took 132.41ns 
16426      INFO  main            d.u.i.k.p.i.AbstractProblemLoader Creating init config 
19387      DEBUG main            d.u.i.k.p.i.AbstractProblemLoader Init config took 2.96s 
19441      INFO  main            d.u.i.k.p.i.AbstractProblemLoader Replaying proof Cell[Cell::footprint()].JML model_behavior operation contract.0 
19451      DEBUG main            d.u.i.k.p.i.IntermediateProofReplayer Proof replay took 7.26ms 
19452      DEBUG main            d.u.i.k.p.r.p.TestFile    ... success: reloaded. 
19453      INFO  main            d.u.i.k.p.r.p.TestFile    Now processing file /home/runner/work/key/key/key.core/../key.ui/examples/heap/model_methods/Cell_get_acc.key 
19454      INFO  main            d.u.i.k.p.i.AbstractProblemLoader Loading environment from /home/runner/work/key/key/key.core/../key.ui/examples/heap/model_methods/Cell_get_acc.key 
19454      DEBUG main            d.u.i.k.p.i.AbstractProblemLoader Environment load took 213.51ns 
19455      INFO  main            d.u.i.k.p.i.AbstractProblemLoader Creating init config 
22213      DEBUG main            d.u.i.k.p.i.AbstractProblemLoader Init config took 2.76s 
22265      INFO  main            d.u.i.k.p.i.AbstractProblemLoader Replaying proof Cell[Cell::get()].JML accessible clause.0 
22267      DEBUG main            d.u.i.k.p.i.IntermediateProofReplayer Proof replay took 5.5ns 
22480      INFO  main            d.u.i.k.p.r.p.TestFile    ... finished proof: closed. 
22628      INFO  main            d.u.i.k.p.i.AbstractProblemLoader Loading environment from /home/runner/work/key/key/key.core/../key.ui/examples/heap/model_methods/Cell_get_acc.key.proof 
22630      DEBUG main            d.u.i.k.p.i.AbstractProblemLoader Environment load took 2.28ms 
22631      INFO  main            d.u.i.k.p.i.AbstractProblemLoader Creating init config 
25453      DEBUG main            d.u.i.k.p.i.AbstractProblemLoader Init config took 2.82s 
25505      INFO  main            d.u.i.k.p.i.AbstractProblemLoader Replaying proof Cell[Cell::get()].JML accessible clause.0 
25542      DEBUG main            d.u.i.k.p.i.IntermediateProofReplayer Proof replay took 34.35ms 
25544      DEBUG main            d.u.i.k.p.r.p.TestFile    ... success: reloaded. 
25545      INFO  main            d.u.i.k.p.r.p.TestFile    Now processing file /home/runner/work/key/key/key.core/../key.ui/examples/heap/model_methods/Cell_get.key 
25545      INFO  main            d.u.i.k.p.i.AbstractProblemLoader Loading environment from /home/runner/work/key/key/key.core/../key.ui/examples/heap/model_methods/Cell_get.key 
25546      DEBUG main            d.u.i.k.p.i.AbstractProblemLoader Environment load took 194.81ns 
25547      INFO  main            d.u.i.k.p.i.AbstractProblemLoader Creating init config 
28443      DEBUG main            d.u.i.k.p.i.AbstractProblemLoader Init config took 2.9s 
28495      INFO  main            d.u.i.k.p.i.AbstractProblemLoader Replaying proof Cell[Cell::get()].JML operation contract.0 
28497      DEBUG main            d.u.i.k.p.i.IntermediateProofReplayer Proof replay took 6.7ns 
28600      INFO  main            d.u.i.k.p.r.p.TestFile    ... finished proof: closed. 
28838      INFO  main            d.u.i.k.p.i.AbstractProblemLoader Loading environment from /home/runner/work/key/key/key.core/../key.ui/examples/heap/model_methods/Cell_get.key.proof 
28838      DEBUG main            d.u.i.k.p.i.AbstractProblemLoader Environment load took 131.01ns 
28839      INFO  main            d.u.i.k.p.i.AbstractProblemLoader Creating init config 
31629      DEBUG main            d.u.i.k.p.i.AbstractProblemLoader Init config took 2.79s 
31680      INFO  main            d.u.i.k.p.i.AbstractProblemLoader Replaying proof Cell[Cell::get()].JML operation contract.0 
31699      DEBUG main            d.u.i.k.p.i.IntermediateProofReplayer Proof replay took 16.9ms 
31700      DEBUG main            d.u.i.k.p.r.p.TestFile    ... success: reloaded. 
31701      INFO  main            d.u.i.k.p.r.p.TestFile    Now processing file /home/runner/work/key/key/key.core/../key.ui/examples/heap/model_methods/Cell_post_set.key 
31702      INFO  main            d.u.i.k.p.i.AbstractProblemLoader Loading environment from /home/runner/work/key/key/key.core/../key.ui/examples/heap/model_methods/Cell_post_set.key 
31702      DEBUG main            d.u.i.k.p.i.AbstractProblemLoader Environment load took 108.41ns 
31703      INFO  main            d.u.i.k.p.i.AbstractProblemLoader Creating init config 
34581      DEBUG main            d.u.i.k.p.i.AbstractProblemLoader Init config took 2.88s 
34633      INFO  main            d.u.i.k.p.i.AbstractProblemLoader Replaying proof Cell[Cell::post_set(int)].JML model_behavior operation contract.0 
34634      DEBUG main            d.u.i.k.p.i.IntermediateProofReplayer Proof replay took 6.7ns 
34737      INFO  main            d.u.i.k.p.r.p.TestFile    ... finished proof: closed. 
34895      INFO  main            d.u.i.k.p.i.AbstractProblemLoader Loading environment from /home/runner/work/key/key/key.core/../key.ui/examples/heap/model_methods/Cell_post_set.key.proof 
34895      DEBUG main            d.u.i.k.p.i.AbstractProblemLoader Environment load took 155.91ns 
34896      INFO  main            d.u.i.k.p.i.AbstractProblemLoader Creating init config 
37663      DEBUG main            d.u.i.k.p.i.AbstractProblemLoader Init config took 2.77s 
37712      INFO  main            d.u.i.k.p.i.AbstractProblemLoader Replaying proof Cell[Cell::post_set(int)].JML model_behavior operation contract.0 
37719      DEBUG main            d.u.i.k.p.i.IntermediateProofReplayer Proof replay took 5.26ms 
37721      DEBUG main            d.u.i.k.p.r.p.TestFile    ... success: reloaded. 
37722      INFO  main            d.u.i.k.p.r.p.TestFile    Now processing file /home/runner/work/key/key/key.core/../key.ui/examples/heap/model_methods/Cell_set.key 
37722      INFO  main            d.u.i.k.p.i.AbstractProblemLoader Loading environment from /home/runner/work/key/key/key.core/../key.ui/examples/heap/model_methods/Cell_set.key 
37723      DEBUG main            d.u.i.k.p.i.AbstractProblemLoader Environment load took 260.52ns 
37724      INFO  main            d.u.i.k.p.i.AbstractProblemLoader Creating init config 
40517      DEBUG main            d.u.i.k.p.i.AbstractProblemLoader Init config took 2.79s 
40567      INFO  main            d.u.i.k.p.i.AbstractProblemLoader Replaying proof Cell[Cell::set(int)].JML operation contract.0 
40569      DEBUG main            d.u.i.k.p.i.IntermediateProofReplayer Proof replay took 6.4ns 
46966      INFO  main            d.u.i.k.p.r.p.TestFile    ... finished proof: closed. 
47264      INFO  main            d.u.i.k.p.i.AbstractProblemLoader Loading environment from /home/runner/work/key/key/key.core/../key.ui/examples/heap/model_methods/Cell_set.key.proof 
47264      DEBUG main            d.u.i.k.p.i.AbstractProblemLoader Environment load took 395.53ns 
47266      INFO  main            d.u.i.k.p.i.AbstractProblemLoader Creating init config 
50063      DEBUG main            d.u.i.k.p.i.AbstractProblemLoader Init config took 2.8s 
50116      INFO  main            d.u.i.k.p.i.AbstractProblemLoader Replaying proof Cell[Cell::set(int)].JML operation contract.0 
50728      DEBUG main            d.u.i.k.p.i.IntermediateProofReplayer Proof replay took 597.58ms 
50730      DEBUG main            d.u.i.k.p.r.p.TestFile    ... success: reloaded. 
50732      INFO  main            d.u.i.k.p.r.p.TestFile    Now processing file /home/runner/work/key/key/key.core/../key.ui/examples/heap/model_methods/CellTest_callSet.key 
50732      INFO  main            d.u.i.k.p.i.AbstractProblemLoader Loading environment from /home/runner/work/key/key/key.core/../key.ui/examples/heap/model_methods/CellTest_callSet.key 
50732      DEBUG main            d.u.i.k.p.i.AbstractProblemLoader Environment load took 191.81ns 
50733      INFO  main            d.u.i.k.p.i.AbstractProblemLoader Creating init config 
53624      DEBUG main            d.u.i.k.p.i.AbstractProblemLoader Init config took 2.89s 
53673      INFO  main            d.u.i.k.p.i.AbstractProblemLoader Replaying proof CellTest[CellTest::callSet(Cell,int)].JML operation contract.0 
53674      DEBUG main            d.u.i.k.p.i.IntermediateProofReplayer Proof replay took 7.6ns 
53877      INFO  main            d.u.i.k.p.r.p.TestFile    ... finished proof: closed. 
54050      INFO  main            d.u.i.k.p.i.AbstractProblemLoader Loading environment from /home/runner/work/key/key/key.core/../key.ui/examples/heap/model_methods/CellTest_callSet.key.proof 
54050      DEBUG main            d.u.i.k.p.i.AbstractProblemLoader Environment load took 124.81ns 
54051      INFO  main            d.u.i.k.p.i.AbstractProblemLoader Creating init config 
56895      DEBUG main            d.u.i.k.p.i.AbstractProblemLoader Init config took 2.84s 
56961      INFO  main            d.u.i.k.p.i.AbstractProblemLoader Replaying proof CellTest[CellTest::callSet(Cell,int)].JML operation contract.0 
57006      DEBUG main            d.u.i.k.p.i.IntermediateProofReplayer Proof replay took 41.75ms 
57007      DEBUG main            d.u.i.k.p.r.p.TestFile    ... success: reloaded. 
57009      INFO  main            d.u.i.k.p.r.p.TestFile    Now processing file /home/runner/work/key/key/key.core/../key.ui/examples/heap/model_methods/CellTest_test2.key 
57009      INFO  main            d.u.i.k.p.i.AbstractProblemLoader Loading environment from /home/runner/work/key/key/key.core/../key.ui/examples/heap/model_methods/CellTest_test2.key 
57010      DEBUG main            d.u.i.k.p.i.AbstractProblemLoader Environment load took 268.92ns 
57011      INFO  main            d.u.i.k.p.i.AbstractProblemLoader Creating init config 
59788      DEBUG main            d.u.i.k.p.i.AbstractProblemLoader Init config took 2.78s 
59863      INFO  main            d.u.i.k.p.i.AbstractProblemLoader Replaying proof CellTest[CellTest::test2(Cell)].JML operation contract.0 
59865      DEBUG main            d.u.i.k.p.i.IntermediateProofReplayer Proof replay took 6.7ns 
60170      INFO  main            d.u.i.k.p.r.p.TestFile    ... finished proof: closed. 
60364      INFO  main            d.u.i.k.p.i.AbstractProblemLoader Loading environment from /home/runner/work/key/key/key.core/../key.ui/examples/heap/model_methods/CellTest_test2.key.proof 
60366      DEBUG main            d.u.i.k.p.i.AbstractProblemLoader Environment load took 2.33ms 
60368      INFO  main            d.u.i.k.p.i.AbstractProblemLoader Creating init config 
63153      DEBUG main            d.u.i.k.p.i.AbstractProblemLoader Init config took 2.79s 
63222      INFO  main            d.u.i.k.p.i.AbstractProblemLoader Replaying proof CellTest[CellTest::test2(Cell)].JML operation contract.0 
63313      DEBUG main            d.u.i.k.p.i.IntermediateProofReplayer Proof replay took 87.09ms 
63316      DEBUG main            d.u.i.k.p.r.p.TestFile    ... success: reloaded. 
63317      INFO  main            d.u.i.k.p.r.p.TestFile    Now processing file /home/runner/work/key/key/key.core/../key.ui/examples/heap/model_methods/CellTest_test.key 
63319      INFO  main            d.u.i.k.p.i.AbstractProblemLoader Loading environment from /home/runner/work/key/key/key.core/../key.ui/examples/heap/model_methods/CellTest_test.key 
63320      DEBUG main            d.u.i.k.p.i.AbstractProblemLoader Environment load took 136.01ns 
63321      INFO  main            d.u.i.k.p.i.AbstractProblemLoader Creating init config 
66098      DEBUG main            d.u.i.k.p.i.AbstractProblemLoader Init config took 2.78s 
66144      INFO  main            d.u.i.k.p.i.AbstractProblemLoader Replaying proof CellTest[CellTest::test(Recell)].JML operation contract.0 
66146      DEBUG main            d.u.i.k.p.i.IntermediateProofReplayer Proof replay took 8ns 
68956      INFO  main            d.u.i.k.p.r.p.TestFile    ... finished proof: closed. 
69192      INFO  main            d.u.i.k.p.i.AbstractProblemLoader Loading environment from /home/runner/work/key/key/key.core/../key.ui/examples/heap/model_methods/CellTest_test.key.proof 
69192      DEBUG main            d.u.i.k.p.i.AbstractProblemLoader Environment load took 586.34ns 
69194      INFO  main            d.u.i.k.p.i.AbstractProblemLoader Creating init config 
71826      DEBUG main            d.u.i.k.p.i.AbstractProblemLoader Init config took 2.63s 
71882      INFO  main            d.u.i.k.p.i.AbstractProblemLoader Replaying proof CellTest[CellTest::test(Recell)].JML operation contract.0 
72497      DEBUG main            d.u.i.k.p.i.IntermediateProofReplayer Proof replay took 597.45ms 
72498      DEBUG main            d.u.i.k.p.r.p.TestFile    ... success: reloaded. 
72500      INFO  main            d.u.i.k.p.r.p.TestFile    Now processing file /home/runner/work/key/key/key.core/../key.ui/examples/heap/model_methods/Coll1_add.key 
72500      INFO  main            d.u.i.k.p.i.AbstractProblemLoader Loading environment from /home/runner/work/key/key/key.core/../key.ui/examples/heap/model_methods/Coll1_add.key 
72500      DEBUG main            d.u.i.k.p.i.AbstractProblemLoader Environment load took 233.72ns 
72501      INFO  main            d.u.i.k.p.i.AbstractProblemLoader Creating init config 
75178      DEBUG main            d.u.i.k.p.i.AbstractProblemLoader Init config took 2.68s 
75225      INFO  main            d.u.i.k.p.i.AbstractProblemLoader Replaying proof Coll1[Coll::add(int)].JML operation contract.0 
75227      DEBUG main            d.u.i.k.p.i.IntermediateProofReplayer Proof replay took 6.8ns 
75329      INFO  main            d.u.i.k.p.r.p.TestFile    ... finished proof: closed. 
75531      INFO  main            d.u.i.k.p.i.AbstractProblemLoader Loading environment from /home/runner/work/key/key/key.core/../key.ui/examples/heap/model_methods/Coll1_add.key.proof 
75531      DEBUG main            d.u.i.k.p.i.AbstractProblemLoader Environment load took 126.21ns 
75533      INFO  main            d.u.i.k.p.i.AbstractProblemLoader Creating init config 
78170      DEBUG main            d.u.i.k.p.i.AbstractProblemLoader Init config took 2.64s 
78214      INFO  main            d.u.i.k.p.i.AbstractProblemLoader Replaying proof Coll1[Coll::add(int)].JML operation contract.0 
78223      DEBUG main            d.u.i.k.p.i.IntermediateProofReplayer Proof replay took 7.28ms 
78224      DEBUG main            d.u.i.k.p.r.p.TestFile    ... success: reloaded. 
78225      INFO  main            d.u.i.k.p.r.p.TestFile    Now processing file /home/runner/work/key/key/key.core/../key.ui/examples/heap/model_methods/Coll1_Coll1_add_pre.key 
78226      INFO  main            d.u.i.k.p.i.AbstractProblemLoader Loading environment from /home/runner/work/key/key/key.core/../key.ui/examples/heap/model_methods/Coll1_Coll1_add_pre.key 
78226      DEBUG main            d.u.i.k.p.i.AbstractProblemLoader Environment load took 75.7ns 
78227      INFO  main            d.u.i.k.p.i.AbstractProblemLoader Creating init config 
80887      DEBUG main            d.u.i.k.p.i.AbstractProblemLoader Init config took 2.66s 
80958      INFO  main            d.u.i.k.p.i.AbstractProblemLoader Replaying proof Coll1[Coll1::add_pre(int)].JML model_behavior operation contract.0 
80960      DEBUG main            d.u.i.k.p.i.IntermediateProofReplayer Proof replay took 6.9ns 
81062      INFO  main            d.u.i.k.p.r.p.TestFile    ... finished proof: closed. 
81261      INFO  main            d.u.i.k.p.i.AbstractProblemLoader Loading environment from /home/runner/work/key/key/key.core/../key.ui/examples/heap/model_methods/Coll1_Coll1_add_pre.key.proof 
81261      DEBUG main            d.u.i.k.p.i.AbstractProblemLoader Environment load took 118.81ns 
81262      INFO  main            d.u.i.k.p.i.AbstractProblemLoader Creating init config 
83848      DEBUG main            d.u.i.k.p.i.AbstractProblemLoader Init config took 2.59s 
83904      INFO  main            d.u.i.k.p.i.AbstractProblemLoader Replaying proof Coll1[Coll1::add_pre(int)].JML model_behavior operation contract.0 
83911      DEBUG main            d.u.i.k.p.i.IntermediateProofReplayer Proof replay took 2.88ms 
83913      DEBUG main            d.u.i.k.p.r.p.TestFile    ... success: reloaded. 
83918      INFO  main            d.u.i.k.p.r.p.TestFile    Now processing file /home/runner/work/key/key/key.core/../key.ui/examples/heap/model_methods/Coll1_Coll_add_pre.key 
83918      INFO  main            d.u.i.k.p.i.AbstractProblemLoader Loading environment from /home/runner/work/key/key/key.core/../key.ui/examples/heap/model_methods/Coll1_Coll_add_pre.key 
83918      DEBUG main            d.u.i.k.p.i.AbstractProblemLoader Environment load took 217.91ns 
83920      INFO  main            d.u.i.k.p.i.AbstractProblemLoader Creating init config 
86632      DEBUG main            d.u.i.k.p.i.AbstractProblemLoader Init config took 2.71s 
86705      INFO  main            d.u.i.k.p.i.AbstractProblemLoader Replaying proof Coll1[Coll::add_pre(int)].JML model_behavior operation contract.0 
86707      DEBUG main            d.u.i.k.p.i.IntermediateProofReplayer Proof replay took 7.1ns 
86809      INFO  main            d.u.i.k.p.r.p.TestFile    ... finished proof: closed. 
87015      INFO  main            d.u.i.k.p.i.AbstractProblemLoader Loading environment from /home/runner/work/key/key/key.core/../key.ui/examples/heap/model_methods/Coll1_Coll_add_pre.key.proof 
87015      DEBUG main            d.u.i.k.p.i.AbstractProblemLoader Environment load took 121.01ns 
87016      INFO  main            d.u.i.k.p.i.AbstractProblemLoader Creating init config 
89644      DEBUG main            d.u.i.k.p.i.AbstractProblemLoader Init config took 2.63s 
89685      INFO  main            d.u.i.k.p.i.AbstractProblemLoader Replaying proof Coll1[Coll::add_pre(int)].JML model_behavior operation contract.0 
89691      DEBUG main            d.u.i.k.p.i.IntermediateProofReplayer Proof replay took 2.21ms 
89693      DEBUG main            d.u.i.k.p.r.p.TestFile    ... success: reloaded. 
89696      INFO  main            d.u.i.k.p.r.p.TestFile    Now processing file /home/runner/work/key/key/key.core/../key.ui/examples/heap/model_methods/Coll2_add.key 
89696      INFO  main            d.u.i.k.p.i.AbstractProblemLoader Loading environment from /home/runner/work/key/key/key.core/../key.ui/examples/heap/model_methods/Coll2_add.key 
89696      DEBUG main            d.u.i.k.p.i.AbstractProblemLoader Environment load took 184.01ns 
89698      INFO  main            d.u.i.k.p.i.AbstractProblemLoader Creating init config 
92341      DEBUG main            d.u.i.k.p.i.AbstractProblemLoader Init config took 2.64s 
92383      INFO  main            d.u.i.k.p.i.AbstractProblemLoader Replaying proof Coll2[Coll::add(int)].JML operation contract.0 
92384      DEBUG main            d.u.i.k.p.i.IntermediateProofReplayer Proof replay took 6.1ns 
92490      INFO  main            d.u.i.k.p.r.p.TestFile    ... finished proof: closed. 
92705      INFO  main            d.u.i.k.p.i.AbstractProblemLoader Loading environment from /home/runner/work/key/key/key.core/../key.ui/examples/heap/model_methods/Coll2_add.key.proof 
92705      DEBUG main            d.u.i.k.p.i.AbstractProblemLoader Environment load took 125.61ns 
92706      INFO  main            d.u.i.k.p.i.AbstractProblemLoader Creating init config 
95356      DEBUG main            d.u.i.k.p.i.AbstractProblemLoader Init config took 2.65s 
95401      INFO  main            d.u.i.k.p.i.AbstractProblemLoader Replaying proof Coll2[Coll::add(int)].JML operation contract.0 
95410      DEBUG main            d.u.i.k.p.i.IntermediateProofReplayer Proof replay took 7.16ms 
95411      DEBUG main            d.u.i.k.p.r.p.TestFile    ... success: reloaded. 
95412      INFO  main            d.u.i.k.p.r.p.TestFile    Now processing file /home/runner/work/key/key/key.core/../key.ui/examples/heap/model_methods/Coll2_Coll2_add_pre.key 
95412      INFO  main            d.u.i.k.p.i.AbstractProblemLoader Loading environment from /home/runner/work/key/key/key.core/../key.ui/examples/heap/model_methods/Coll2_Coll2_add_pre.key 
95412      DEBUG main            d.u.i.k.p.i.AbstractProblemLoader Environment load took 172.31ns 
95413      INFO  main            d.u.i.k.p.i.AbstractProblemLoader Creating init config 
98073      DEBUG main            d.u.i.k.p.i.AbstractProblemLoader Init config took 2.66s 
98112      INFO  main            d.u.i.k.p.i.AbstractProblemLoader Replaying proof Coll2[Coll2::add_pre(int)].JML model_behavior operation contract.0 
98113      DEBUG main            d.u.i.k.p.i.IntermediateProofReplayer Proof replay took 6.9ns 
98216      INFO  main            d.u.i.k.p.r.p.TestFile    ... finished proof: closed. 
98437      INFO  main            d.u.i.k.p.i.AbstractProblemLoader Loading environment from /home/runner/work/key/key/key.core/../key.ui/examples/heap/model_methods/Coll2_Coll2_add_pre.key.proof 
98437      DEBUG main            d.u.i.k.p.i.AbstractProblemLoader Environment load took 125.41ns 
98438      INFO  main            d.u.i.k.p.i.AbstractProblemLoader Creating init config 
100994     DEBUG main            d.u.i.k.p.i.AbstractProblemLoader Init config took 2.56s 
101033     INFO  main            d.u.i.k.p.i.AbstractProblemLoader Replaying proof Coll2[Coll2::add_pre(int)].JML model_behavior operation contract.0 
101036     DEBUG main            d.u.i.k.p.i.IntermediateProofReplayer Proof replay took 1.35ms 
101036     DEBUG main            d.u.i.k.p.r.p.TestFile    ... success: reloaded. 
101037     INFO  main            d.u.i.k.p.r.p.TestFile    Now processing file /home/runner/work/key/key/key.core/../key.ui/examples/heap/model_methods/Coll2_Coll_add_pre.key 
101038     INFO  main            d.u.i.k.p.i.AbstractProblemLoader Loading environment from /home/runner/work/key/key/key.core/../key.ui/examples/heap/model_methods/Coll2_Coll_add_pre.key 
101038     DEBUG main            d.u.i.k.p.i.AbstractProblemLoader Environment load took 104.81ns 
101039     INFO  main            d.u.i.k.p.i.AbstractProblemLoader Creating init config 
103711     DEBUG main            d.u.i.k.p.i.AbstractProblemLoader Init config took 2.67s 
103755     INFO  main            d.u.i.k.p.i.AbstractProblemLoader Replaying proof Coll2[Coll::add_pre(int)].JML model_behavior operation contract.0 
103760     DEBUG main            d.u.i.k.p.i.IntermediateProofReplayer Proof replay took 7.5ns 
103862     INFO  main            d.u.i.k.p.r.p.TestFile    ... finished proof: closed. 
104096     INFO  main            d.u.i.k.p.i.AbstractProblemLoader Loading environment from /home/runner/work/key/key/key.core/../key.ui/examples/heap/model_methods/Coll2_Coll_add_pre.key.proof 
104096     DEBUG main            d.u.i.k.p.i.AbstractProblemLoader Environment load took 144.91ns 
104097     INFO  main            d.u.i.k.p.i.AbstractProblemLoader Creating init config 
106760     DEBUG main            d.u.i.k.p.i.AbstractProblemLoader Init config took 2.66s 
106816     INFO  main            d.u.i.k.p.i.AbstractProblemLoader Replaying proof Coll2[Coll::add_pre(int)].JML model_behavior operation contract.0 
106820     DEBUG main            d.u.i.k.p.i.IntermediateProofReplayer Proof replay took 2.29ms 
106821     DEBUG main            d.u.i.k.p.r.p.TestFile    ... success: reloaded. 
106822     INFO  main            d.u.i.k.p.r.p.TestFile    Now processing file /home/runner/work/key/key/key.core/../key.ui/examples/heap/model_methods/Coll_add.key 
106822     INFO  main            d.u.i.k.p.i.AbstractProblemLoader Loading environment from /home/runner/work/key/key/key.core/../key.ui/examples/heap/model_methods/Coll_add.key 
106823     DEBUG main            d.u.i.k.p.i.AbstractProblemLoader Environment load took 74.81ns 
106824     INFO  main            d.u.i.k.p.i.AbstractProblemLoader Creating init config 
109497     DEBUG main            d.u.i.k.p.i.AbstractProblemLoader Init config took 2.67s 
109539     INFO  main            d.u.i.k.p.i.AbstractProblemLoader Replaying proof Coll[Coll::add(int)].JML operation contract.0 
109541     DEBUG main            d.u.i.k.p.i.IntermediateProofReplayer Proof replay took 7.4ns 
109646     INFO  main            d.u.i.k.p.r.p.TestFile    ... finished proof: closed. 
109882     INFO  main            d.u.i.k.p.i.AbstractProblemLoader Loading environment from /home/runner/work/key/key/key.core/../key.ui/examples/heap/model_methods/Coll_add.key.proof 
109882     DEBUG main            d.u.i.k.p.i.AbstractProblemLoader Environment load took 152.31ns 
109883     INFO  main            d.u.i.k.p.i.AbstractProblemLoader Creating init config 
112577     DEBUG main            d.u.i.k.p.i.AbstractProblemLoader Init config took 2.69s 
112631     INFO  main            d.u.i.k.p.i.AbstractProblemLoader Replaying proof Coll[Coll::add(int)].JML operation contract.0 
112635     DEBUG main            d.u.i.k.p.i.IntermediateProofReplayer Proof replay took 2.21ms 
112635     DEBUG main            d.u.i.k.p.r.p.TestFile    ... success: reloaded. 
112636     INFO  main            d.u.i.k.p.r.p.TestFile    Now processing file /home/runner/work/key/key/key.core/../key.ui/examples/heap/model_methods/Coll_add_pre.key 
112637     INFO  main            d.u.i.k.p.i.AbstractProblemLoader Loading environment from /home/runner/work/key/key/key.core/../key.ui/examples/heap/model_methods/Coll_add_pre.key 
112637     DEBUG main            d.u.i.k.p.i.AbstractProblemLoader Environment load took 102.11ns 
112638     INFO  main            d.u.i.k.p.i.AbstractProblemLoader Creating init config 
115380     DEBUG main            d.u.i.k.p.i.AbstractProblemLoader Init config took 2.74s 
115432     INFO  main            d.u.i.k.p.i.AbstractProblemLoader Replaying proof Coll[Coll::add_pre(int)].JML model_behavior operation contract.0 
115434     DEBUG main            d.u.i.k.p.i.IntermediateProofReplayer Proof replay took 18.4ns 
115538     INFO  main            d.u.i.k.p.r.p.TestFile    ... finished proof: closed. 
115798     INFO  main            d.u.i.k.p.i.AbstractProblemLoader Loading environment from /home/runner/work/key/key/key.core/../key.ui/examples/heap/model_methods/Coll_add_pre.key.proof 
115798     DEBUG main            d.u.i.k.p.i.AbstractProblemLoader Environment load took 194.11ns 
115799     INFO  main            d.u.i.k.p.i.AbstractProblemLoader Creating init config 
118459     DEBUG main            d.u.i.k.p.i.AbstractProblemLoader Init config took 2.66s 
118501     INFO  main            d.u.i.k.p.i.AbstractProblemLoader Replaying proof Coll[Coll::add_pre(int)].JML model_behavior operation contract.0 
118505     DEBUG main            d.u.i.k.p.i.IntermediateProofReplayer Proof replay took 2.72ms 
118506     DEBUG main            d.u.i.k.p.r.p.TestFile    ... success: reloaded. 
118506     INFO  main            d.u.i.k.p.r.p.TestFile    Now processing file /home/runner/work/key/key/key.core/../key.ui/examples/heap/model_methods/Indirect_callAdd.key 
118507     INFO  main            d.u.i.k.p.i.AbstractProblemLoader Loading environment from /home/runner/work/key/key/key.core/../key.ui/examples/heap/model_methods/Indirect_callAdd.key 
118507     DEBUG main            d.u.i.k.p.i.AbstractProblemLoader Environment load took 117.41ns 
118508     INFO  main            d.u.i.k.p.i.AbstractProblemLoader Creating init config 
121210     DEBUG main            d.u.i.k.p.i.AbstractProblemLoader Init config took 2.7s 
121249     INFO  main            d.u.i.k.p.i.AbstractProblemLoader Replaying proof Indirect[Indirect::callAdd(Coll,int)].JML operation contract.0 
121251     DEBUG main            d.u.i.k.p.i.IntermediateProofReplayer Proof replay took 7.3ns 
121353     INFO  main            d.u.i.k.p.r.p.TestFile    ... finished proof: closed. 
121603     INFO  main            d.u.i.k.p.i.AbstractProblemLoader Loading environment from /home/runner/work/key/key/key.core/../key.ui/examples/heap/model_methods/Indirect_callAdd.key.proof 
121603     DEBUG main            d.u.i.k.p.i.AbstractProblemLoader Environment load took 114.51ns 
121605     INFO  main            d.u.i.k.p.i.AbstractProblemLoader Creating init config 
124237     DEBUG main            d.u.i.k.p.i.AbstractProblemLoader Init config took 2.63s 
124290     INFO  main            d.u.i.k.p.i.AbstractProblemLoader Replaying proof Indirect[Indirect::callAdd(Coll,int)].JML operation contract.0 
124316     DEBUG main            d.u.i.k.p.i.IntermediateProofReplayer Proof replay took 23.9ms 
124317     DEBUG main            d.u.i.k.p.r.p.TestFile    ... success: reloaded. 
124318     INFO  main            d.u.i.k.p.r.p.TestFile    Now processing file /home/runner/work/key/key/key.core/../key.ui/examples/heap/model_methods/Indirect_test.key 
124318     INFO  main            d.u.i.k.p.i.AbstractProblemLoader Loading environment from /home/runner/work/key/key/key.core/../key.ui/examples/heap/model_methods/Indirect_test.key 
124318     DEBUG main            d.u.i.k.p.i.AbstractProblemLoader Environment load took 77.7ns 
124319     INFO  main            d.u.i.k.p.i.AbstractProblemLoader Creating init config 
127002     DEBUG main            d.u.i.k.p.i.AbstractProblemLoader Init config took 2.68s 
127045     INFO  main            d.u.i.k.p.i.AbstractProblemLoader Replaying proof Indirect[Indirect::test(Coll1,Coll2)].JML operation contract.0 
127047     DEBUG main            d.u.i.k.p.i.IntermediateProofReplayer Proof replay took 6.4ns 
127251     INFO  main            d.u.i.k.p.r.p.TestFile    ... finished proof: closed. 
127523     INFO  main            d.u.i.k.p.i.AbstractProblemLoader Loading environment from /home/runner/work/key/key/key.core/../key.ui/examples/heap/model_methods/Indirect_test.key.proof 
127523     DEBUG main            d.u.i.k.p.i.AbstractProblemLoader Environment load took 108.01ns 
127524     INFO  main            d.u.i.k.p.i.AbstractProblemLoader Creating init config 
130017     DEBUG main            d.u.i.k.p.i.AbstractProblemLoader Init config took 2.49s 
130055     INFO  main            d.u.i.k.p.i.AbstractProblemLoader Replaying proof Indirect[Indirect::test(Coll1,Coll2)].JML operation contract.0 
130106     DEBUG main            d.u.i.k.p.i.IntermediateProofReplayer Proof replay took 48.67ms 
130107     DEBUG main            d.u.i.k.p.r.p.TestFile    ... success: reloaded. 
130107     INFO  main            d.u.i.k.p.r.p.TestFile    Now processing file /home/runner/work/key/key/key.core/../key.ui/examples/heap/model_methods/Recell_Cell_footprint.key 
130108     INFO  main            d.u.i.k.p.i.AbstractProblemLoader Loading environment from /home/runner/work/key/key/key.core/../key.ui/examples/heap/model_methods/Recell_Cell_footprint.key 
130108     DEBUG main            d.u.i.k.p.i.AbstractProblemLoader Environment load took 79.61ns 
130109     INFO  main            d.u.i.k.p.i.AbstractProblemLoader Creating init config 
132643     DEBUG main            d.u.i.k.p.i.AbstractProblemLoader Init config took 2.53s 
132681     INFO  main            d.u.i.k.p.i.AbstractProblemLoader Replaying proof Recell[Cell::footprint()].JML model_behavior operation contract.0 
132683     DEBUG main            d.u.i.k.p.i.IntermediateProofReplayer Proof replay took 6.1ns 
132786     INFO  main            d.u.i.k.p.r.p.TestFile    ... finished proof: closed. 
133040     INFO  main            d.u.i.k.p.i.AbstractProblemLoader Loading environment from /home/runner/work/key/key/key.core/../key.ui/examples/heap/model_methods/Recell_Cell_footprint.key.proof 
133040     DEBUG main            d.u.i.k.p.i.AbstractProblemLoader Environment load took 109.61ns 
133041     INFO  main            d.u.i.k.p.i.AbstractProblemLoader Creating init config 
135518     DEBUG main            d.u.i.k.p.i.AbstractProblemLoader Init config took 2.48s 
135557     INFO  main            d.u.i.k.p.i.AbstractProblemLoader Replaying proof Recell[Cell::footprint()].JML model_behavior operation contract.0 
135561     DEBUG main            d.u.i.k.p.i.IntermediateProofReplayer Proof replay took 2.83ms 
135561     DEBUG main            d.u.i.k.p.r.p.TestFile    ... success: reloaded. 
135562     INFO  main            d.u.i.k.p.r.p.TestFile    Now processing file /home/runner/work/key/key/key.core/../key.ui/examples/heap/model_methods/Recell_Cell_post_set.key 
135562     INFO  main            d.u.i.k.p.i.AbstractProblemLoader Loading environment from /home/runner/work/key/key/key.core/../key.ui/examples/heap/model_methods/Recell_Cell_post_set.key 
135563     DEBUG main            d.u.i.k.p.i.AbstractProblemLoader Environment load took 55.8ns 
135563     INFO  main            d.u.i.k.p.i.AbstractProblemLoader Creating init config 
138119     DEBUG main            d.u.i.k.p.i.AbstractProblemLoader Init config took 2.56s 
138170     INFO  main            d.u.i.k.p.i.AbstractProblemLoader Replaying proof Recell[Cell::post_set(int)].JML model_behavior operation contract.0 
138171     DEBUG main            d.u.i.k.p.i.IntermediateProofReplayer Proof replay took 6.5ns 
138273     INFO  main            d.u.i.k.p.r.p.TestFile    ... finished proof: closed. 
138528     INFO  main            d.u.i.k.p.i.AbstractProblemLoader Loading environment from /home/runner/work/key/key/key.core/../key.ui/examples/heap/model_methods/Recell_Cell_post_set.key.proof 
138528     DEBUG main            d.u.i.k.p.i.AbstractProblemLoader Environment load took 106.11ns 
138529     INFO  main            d.u.i.k.p.i.AbstractProblemLoader Creating init config 
141028     DEBUG main            d.u.i.k.p.i.AbstractProblemLoader Init config took 2.5s 
141065     INFO  main            d.u.i.k.p.i.AbstractProblemLoader Replaying proof Recell[Cell::post_set(int)].JML model_behavior operation contract.0 
141069     DEBUG main            d.u.i.k.p.i.IntermediateProofReplayer Proof replay took 3.14ms 
141070     DEBUG main            d.u.i.k.p.r.p.TestFile    ... success: reloaded. 
141071     INFO  main            d.u.i.k.p.r.p.TestFile    Now processing file /home/runner/work/key/key/key.core/../key.ui/examples/heap/model_methods/Recell_footprint_acc.key 
141072     INFO  main            d.u.i.k.p.i.AbstractProblemLoader Loading environment from /home/runner/work/key/key/key.core/../key.ui/examples/heap/model_methods/Recell_footprint_acc.key 
141072     DEBUG main            d.u.i.k.p.i.AbstractProblemLoader Environment load took 141.11ns 
141073     INFO  main            d.u.i.k.p.i.AbstractProblemLoader Creating init config 
143564     DEBUG main            d.u.i.k.p.i.AbstractProblemLoader Init config took 2.49s 
143602     INFO  main            d.u.i.k.p.i.AbstractProblemLoader Replaying proof Recell[Cell::footprint()].JML accessible clause.0 
143604     DEBUG main            d.u.i.k.p.i.IntermediateProofReplayer Proof replay took 17.5ns 
143710     INFO  main            d.u.i.k.p.r.p.TestFile    ... finished proof: closed. 
144008     INFO  main            d.u.i.k.p.i.AbstractProblemLoader Loading environment from /home/runner/work/key/key/key.core/../key.ui/examples/heap/model_methods/Recell_footprint_acc.key.proof 
144008     DEBUG main            d.u.i.k.p.i.AbstractProblemLoader Environment load took 110.31ns 
144009     INFO  main            d.u.i.k.p.i.AbstractProblemLoader Creating init config 
146494     DEBUG main            d.u.i.k.p.i.AbstractProblemLoader Init config took 2.48s 
146534     INFO  main            d.u.i.k.p.i.AbstractProblemLoader Replaying proof Recell[Cell::footprint()].JML accessible clause.0 
146555     DEBUG main            d.u.i.k.p.i.IntermediateProofReplayer Proof replay took 18.68ms 
146556     DEBUG main            d.u.i.k.p.r.p.TestFile    ... success: reloaded. 
146557     INFO  main            d.u.i.k.p.r.p.TestFile    Now processing file /home/runner/work/key/key/key.core/../key.ui/examples/heap/model_methods/Recell_get_acc.key 
146557     INFO  main            d.u.i.k.p.i.AbstractProblemLoader Loading environment from /home/runner/work/key/key/key.core/../key.ui/examples/heap/model_methods/Recell_get_acc.key 
146557     DEBUG main            d.u.i.k.p.i.AbstractProblemLoader Environment load took 83.41ns 
146558     INFO  main            d.u.i.k.p.i.AbstractProblemLoader Creating init config 
149128     DEBUG main            d.u.i.k.p.i.AbstractProblemLoader Init config took 2.57s 
149167     INFO  main            d.u.i.k.p.i.AbstractProblemLoader Replaying proof Recell[Cell::get()].JML accessible clause.0 
149168     DEBUG main            d.u.i.k.p.i.IntermediateProofReplayer Proof replay took 7.1ns 
149271     INFO  main            d.u.i.k.p.r.p.TestFile    ... finished proof: closed. 
149541     INFO  main            d.u.i.k.p.i.AbstractProblemLoader Loading environment from /home/runner/work/key/key/key.core/../key.ui/examples/heap/model_methods/Recell_get_acc.key.proof 
149541     DEBUG main            d.u.i.k.p.i.AbstractProblemLoader Environment load took 105.11ns 
149542     INFO  main            d.u.i.k.p.i.AbstractProblemLoader Creating init config 
151955     DEBUG main            d.u.i.k.p.i.AbstractProblemLoader Init config took 2.41s 
151992     INFO  main            d.u.i.k.p.i.AbstractProblemLoader Replaying proof Recell[Cell::get()].JML accessible clause.0 
152012     DEBUG main            d.u.i.k.p.i.IntermediateProofReplayer Proof replay took 18.5ms 
152013     DEBUG main            d.u.i.k.p.r.p.TestFile    ... success: reloaded. 
152014     INFO  main            d.u.i.k.p.r.p.TestFile    Now processing file /home/runner/work/key/key/key.core/../key.ui/examples/heap/model_methods/Recell_get.key 
152014     INFO  main            d.u.i.k.p.i.AbstractProblemLoader Loading environment from /home/runner/work/key/key/key.core/../key.ui/examples/heap/model_methods/Recell_get.key 
152014     DEBUG main            d.u.i.k.p.i.AbstractProblemLoader Environment load took 81.41ns 
152015     INFO  main            d.u.i.k.p.i.AbstractProblemLoader Creating init config 
154593     DEBUG main            d.u.i.k.p.i.AbstractProblemLoader Init config took 2.58s 
154632     INFO  main            d.u.i.k.p.i.AbstractProblemLoader Replaying proof Recell[Cell::get()].JML operation contract.0 
154634     DEBUG main            d.u.i.k.p.i.IntermediateProofReplayer Proof replay took 7ns 
154736     INFO  main            d.u.i.k.p.r.p.TestFile    ... finished proof: closed. 
155025     INFO  main            d.u.i.k.p.i.AbstractProblemLoader Loading environment from /home/runner/work/key/key/key.core/../key.ui/examples/heap/model_methods/Recell_get.key.proof 
155025     DEBUG main            d.u.i.k.p.i.AbstractProblemLoader Environment load took 113.31ns 
155026     INFO  main            d.u.i.k.p.i.AbstractProblemLoader Creating init config 
157562     DEBUG main            d.u.i.k.p.i.AbstractProblemLoader Init config took 2.54s 
157601     INFO  main            d.u.i.k.p.i.AbstractProblemLoader Replaying proof Recell[Cell::get()].JML operation contract.0 
157613     DEBUG main            d.u.i.k.p.i.IntermediateProofReplayer Proof replay took 9.62ms 
157614     DEBUG main            d.u.i.k.p.r.p.TestFile    ... success: reloaded. 
157615     INFO  main            d.u.i.k.p.r.p.TestFile    Now processing file /home/runner/work/key/key/key.core/../key.ui/examples/heap/model_methods/Recell_Recell_footprint.key 
157615     INFO  main            d.u.i.k.p.i.AbstractProblemLoader Loading environment from /home/runner/work/key/key/key.core/../key.ui/examples/heap/model_methods/Recell_Recell_footprint.key 
157615     DEBUG main            d.u.i.k.p.i.AbstractProblemLoader Environment load took 88.81ns 
157618     INFO  main            d.u.i.k.p.i.AbstractProblemLoader Creating init config 
160185     DEBUG main            d.u.i.k.p.i.AbstractProblemLoader Init config took 2.57s 
160224     INFO  main            d.u.i.k.p.i.AbstractProblemLoader Replaying proof Recell[Recell::footprint()].JML model_behavior operation contract.0 
160225     DEBUG main            d.u.i.k.p.i.IntermediateProofReplayer Proof replay took 6.4ns 
160330     INFO  main            d.u.i.k.p.r.p.TestFile    ... finished proof: closed. 
160603     INFO  main            d.u.i.k.p.i.AbstractProblemLoader Loading environment from /home/runner/work/key/key/key.core/../key.ui/examples/heap/model_methods/Recell_Recell_footprint.key.proof 
160603     DEBUG main            d.u.i.k.p.i.AbstractProblemLoader Environment load took 109.31ns 
160604     INFO  main            d.u.i.k.p.i.AbstractProblemLoader Creating init config 
163037     DEBUG main            d.u.i.k.p.i.AbstractProblemLoader Init config took 2.43s 
163076     INFO  main            d.u.i.k.p.i.AbstractProblemLoader Replaying proof Recell[Recell::footprint()].JML model_behavior operation contract.0 
163078     DEBUG main            d.u.i.k.p.i.IntermediateProofReplayer Proof replay took 1.25ms 
163079     DEBUG main            d.u.i.k.p.r.p.TestFile    ... success: reloaded. 
163080     INFO  main            d.u.i.k.p.r.p.TestFile    Now processing file /home/runner/work/key/key/key.core/../key.ui/examples/heap/model_methods/Recell_Recell_post_set.key 
163080     INFO  main            d.u.i.k.p.i.AbstractProblemLoader Loading environment from /home/runner/work/key/key/key.core/../key.ui/examples/heap/model_methods/Recell_Recell_post_set.key 
163080     DEBUG main            d.u.i.k.p.i.AbstractProblemLoader Environment load took 198.22ns 
163081     INFO  main            d.u.i.k.p.i.AbstractProblemLoader Creating init config 
165613     DEBUG main            d.u.i.k.p.i.AbstractProblemLoader Init config took 2.53s 
165672     INFO  main            d.u.i.k.p.i.AbstractProblemLoader Replaying proof Recell[Recell::post_set(int)].JML model_behavior operation contract.0 
165674     DEBUG main            d.u.i.k.p.i.IntermediateProofReplayer Proof replay took 6.8ns 
165776     INFO  main            d.u.i.k.p.r.p.TestFile    ... finished proof: closed. 
166046     INFO  main            d.u.i.k.p.i.AbstractProblemLoader Loading environment from /home/runner/work/key/key/key.core/../key.ui/examples/heap/model_methods/Recell_Recell_post_set.key.proof 
166047     DEBUG main            d.u.i.k.p.i.AbstractProblemLoader Environment load took 107.91ns 
166048     INFO  main            d.u.i.k.p.i.AbstractProblemLoader Creating init config 
168473     DEBUG main            d.u.i.k.p.i.AbstractProblemLoader Init config took 2.43s 
168511     INFO  main            d.u.i.k.p.i.AbstractProblemLoader Replaying proof Recell[Recell::post_set(int)].JML model_behavior operation contract.0 
168515     DEBUG main            d.u.i.k.p.i.IntermediateProofReplayer Proof replay took 2.25ms 
168515     DEBUG main            d.u.i.k.p.r.p.TestFile    ... success: reloaded. 
168516     INFO  main            d.u.i.k.p.r.p.TestFile    Now processing file /home/runner/work/key/key/key.core/../key.ui/examples/heap/model_methods/Recell_set.key 
168517     INFO  main            d.u.i.k.p.i.AbstractProblemLoader Loading environment from /home/runner/work/key/key/key.core/../key.ui/examples/heap/model_methods/Recell_set.key 
168517     DEBUG main            d.u.i.k.p.i.AbstractProblemLoader Environment load took 77.61ns 
168518     INFO  main            d.u.i.k.p.i.AbstractProblemLoader Creating init config 
171024     DEBUG main            d.u.i.k.p.i.AbstractProblemLoader Init config took 2.51s 
171059     INFO  main            d.u.i.k.p.i.AbstractProblemLoader Replaying proof Recell[Cell::set(int)].JML operation contract.0 
171061     DEBUG main            d.u.i.k.p.i.IntermediateProofReplayer Proof replay took 6.3ns 
177639     INFO  main            d.u.i.k.p.r.p.TestFile    ... finished proof: closed. 
177965     INFO  main            d.u.i.k.p.i.AbstractProblemLoader Loading environment from /home/runner/work/key/key/key.core/../key.ui/examples/heap/model_methods/Recell_set.key.proof 
177966     DEBUG main            d.u.i.k.p.i.AbstractProblemLoader Environment load took 1.34ms 
177970     INFO  main            d.u.i.k.p.i.AbstractProblemLoader Creating init config 
180511     DEBUG main            d.u.i.k.p.i.AbstractProblemLoader Init config took 2.54s 
180553     INFO  main            d.u.i.k.p.i.AbstractProblemLoader Replaying proof Recell[Cell::set(int)].JML operation contract.0 
181053     DEBUG main            d.u.i.k.p.i.IntermediateProofReplayer Proof replay took 475.78ms 
181054     DEBUG main            d.u.i.k.p.r.p.TestFile    ... success: reloaded. 
181055     INFO  main            d.u.i.k.p.r.p.TestFile    Now processing file /home/runner/work/key/key/key.core/../key.ui/examples/heap/model_methods/Recell_undo.key 
181056     INFO  main            d.u.i.k.p.i.AbstractProblemLoader Loading environment from /home/runner/work/key/key/key.core/../key.ui/examples/heap/model_methods/Recell_undo.key 
181056     DEBUG main            d.u.i.k.p.i.AbstractProblemLoader Environment load took 152.52ns 
181057     INFO  main            d.u.i.k.p.i.AbstractProblemLoader Creating init config 
183728     DEBUG main            d.u.i.k.p.i.AbstractProblemLoader Init config took 2.67s 
183770     INFO  main            d.u.i.k.p.i.AbstractProblemLoader Replaying proof Recell[Recell::undo()].JML operation contract.0 
183771     DEBUG main            d.u.i.k.p.i.IntermediateProofReplayer Proof replay took 7.8ns 
183975     INFO  main            d.u.i.k.p.r.p.TestFile    ... finished proof: closed. 
184292     INFO  main            d.u.i.k.p.i.AbstractProblemLoader Loading environment from /home/runner/work/key/key/key.core/../key.ui/examples/heap/model_methods/Recell_undo.key.proof 
184293     DEBUG main            d.u.i.k.p.i.AbstractProblemLoader Environment load took 102.31ns 
184293     INFO  main            d.u.i.k.p.i.AbstractProblemLoader Creating init config 
186888     DEBUG main            d.u.i.k.p.i.AbstractProblemLoader Init config took 2.59s 
186940     INFO  main            d.u.i.k.p.i.AbstractProblemLoader Replaying proof Recell[Recell::undo()].JML operation contract.0 
186976     DEBUG main            d.u.i.k.p.i.IntermediateProofReplayer Proof replay took 30.74ms 
186977     DEBUG main            d.u.i.k.p.r.p.TestFile    ... success: reloaded. 
4265810    INFO  Test worker     d.u.i.k.p.r.RunAllProofsTestUnit Returning from test modelMethods 
4265811    INFO  Test worker     d.u.i.k.p.r.RunAllProofsTestUnit Running test permissionHeap 
349        INFO  Timeout watchdog d.u.i.k.p.r.p.ForkedTestFileRunner Timeout watcher launched (2000 secs.) 
371        WARN  main            d.u.i.k.s.ProofSettings   The settings in /home/runner/.key/proof-settings.props are *not* read. 
407        INFO  main            d.u.i.k.p.r.p.TestFile    Now processing file /home/runner/work/key/key/key.core/../key.ui/examples/heap/permissions/permissions_method0.key 
546        INFO  main            d.u.i.k.p.i.AbstractProblemLoader Loading environment from /home/runner/work/key/key/key.core/../key.ui/examples/heap/permissions/permissions_method0.key 
570        DEBUG main            d.u.i.k.p.i.AbstractProblemLoader Environment load took 2.03ms 
793        INFO  main            d.u.i.k.p.i.AbstractProblemLoader Creating init config 
1769       DEBUG main            d.u.i.k.j.TypeConverter   No LDT found for Meta 
1769       DEBUG main            d.u.i.k.j.TypeConverter   No LDT found for Meta 
1770       DEBUG main            d.u.i.k.j.TypeConverter   No LDT found for Meta 
1770       DEBUG main            d.u.i.k.j.TypeConverter   No LDT found for Meta 
3286       DEBUG main            d.u.i.k.j.TypeConverter   No LDT found for JavaBigintExpression 
8436       DEBUG main            d.u.i.k.p.i.AbstractProblemLoader Init config took 7.64s 
8556       INFO  main            d.u.i.k.p.i.AbstractProblemLoader Replaying proof MyClass[MyClass::method0()].JML normal_behavior operation contract.0 
8588       DEBUG main            d.u.i.k.p.i.IntermediateProofReplayer Proof replay took 25.4ns 
9514       INFO  main            d.u.i.k.p.r.p.TestFile    ... finished proof: closed. 
9629       INFO  main            d.u.i.k.p.i.AbstractProblemLoader Loading environment from /home/runner/work/key/key/key.core/../key.ui/examples/heap/permissions/permissions_method0.key.proof 
9630       DEBUG main            d.u.i.k.p.i.AbstractProblemLoader Environment load took 1.14ms 
9633       INFO  main            d.u.i.k.p.i.AbstractProblemLoader Creating init config 
12615      DEBUG main            d.u.i.k.p.i.AbstractProblemLoader Init config took 2.98s 
12686      INFO  main            d.u.i.k.p.i.AbstractProblemLoader Replaying proof MyClass[MyClass::method0()].JML normal_behavior operation contract.0 
12855      DEBUG main            d.u.i.k.p.i.IntermediateProofReplayer Proof replay took 160.95ms 
12863      DEBUG main            d.u.i.k.p.r.p.TestFile    ... success: reloaded. 
12866      INFO  main            d.u.i.k.p.r.p.TestFile    Now processing file /home/runner/work/key/key/key.core/../key.ui/examples/heap/permissions/permissions_method1.key 
12866      INFO  main            d.u.i.k.p.i.AbstractProblemLoader Loading environment from /home/runner/work/key/key/key.core/../key.ui/examples/heap/permissions/permissions_method1.key 
12866      DEBUG main            d.u.i.k.p.i.AbstractProblemLoader Environment load took 175.92ns 
12869      INFO  main            d.u.i.k.p.i.AbstractProblemLoader Creating init config 
15894      DEBUG main            d.u.i.k.p.i.AbstractProblemLoader Init config took 3.02s 
15947      INFO  main            d.u.i.k.p.i.AbstractProblemLoader Replaying proof MyClass[MyClass::method1()].JML normal_behavior operation contract.0 
15949      DEBUG main            d.u.i.k.p.i.IntermediateProofReplayer Proof replay took 5.6ns 
16254      INFO  main            d.u.i.k.p.r.p.TestFile    ... finished proof: closed. 
16406      INFO  main            d.u.i.k.p.i.AbstractProblemLoader Loading environment from /home/runner/work/key/key/key.core/../key.ui/examples/heap/permissions/permissions_method1.key.proof 
16414      DEBUG main            d.u.i.k.p.i.AbstractProblemLoader Environment load took 8.13ms 
16416      INFO  main            d.u.i.k.p.i.AbstractProblemLoader Creating init config 
19255      DEBUG main            d.u.i.k.p.i.AbstractProblemLoader Init config took 2.84s 
19307      INFO  main            d.u.i.k.p.i.AbstractProblemLoader Replaying proof MyClass[MyClass::method1()].JML normal_behavior operation contract.0 
19389      DEBUG main            d.u.i.k.p.i.IntermediateProofReplayer Proof replay took 78.38ms 
19391      DEBUG main            d.u.i.k.p.r.p.TestFile    ... success: reloaded. 
19392      INFO  main            d.u.i.k.p.r.p.TestFile    Now processing file /home/runner/work/key/key/key.core/../key.ui/examples/heap/permissions/permissions_method3.key 
19392      INFO  main            d.u.i.k.p.i.AbstractProblemLoader Loading environment from /home/runner/work/key/key/key.core/../key.ui/examples/heap/permissions/permissions_method3.key 
19393      DEBUG main            d.u.i.k.p.i.AbstractProblemLoader Environment load took 199.02ns 
19394      INFO  main            d.u.i.k.p.i.AbstractProblemLoader Creating init config 
22364      DEBUG main            d.u.i.k.p.i.AbstractProblemLoader Init config took 2.97s 
22419      INFO  main            d.u.i.k.p.i.AbstractProblemLoader Replaying proof MyClass[MyClass::method3()].JML normal_behavior operation contract.0 
22422      DEBUG main            d.u.i.k.p.i.IntermediateProofReplayer Proof replay took 6.3ns 
23931      INFO  main            d.u.i.k.p.r.p.TestFile    ... finished proof: closed. 
24100      INFO  main            d.u.i.k.p.i.AbstractProblemLoader Loading environment from /home/runner/work/key/key/key.core/../key.ui/examples/heap/permissions/permissions_method3.key.proof 
24100      DEBUG main            d.u.i.k.p.i.AbstractProblemLoader Environment load took 142.21ns 
24102      INFO  main            d.u.i.k.p.i.AbstractProblemLoader Creating init config 
27086      DEBUG main            d.u.i.k.p.i.AbstractProblemLoader Init config took 2.98s 
27133      INFO  main            d.u.i.k.p.i.AbstractProblemLoader Replaying proof MyClass[MyClass::method3()].JML normal_behavior operation contract.0 
27418      DEBUG main            d.u.i.k.p.i.IntermediateProofReplayer Proof replay took 277.18ms 
27419      DEBUG main            d.u.i.k.p.r.p.TestFile    ... success: reloaded. 
27422      INFO  main            d.u.i.k.p.r.p.TestFile    Now processing file /home/runner/work/key/key/key.core/../key.ui/examples/heap/permissions/permissions_setAB.key 
27423      INFO  main            d.u.i.k.p.i.AbstractProblemLoader Loading environment from /home/runner/work/key/key/key.core/../key.ui/examples/heap/permissions/permissions_setAB.key 
27423      DEBUG main            d.u.i.k.p.i.AbstractProblemLoader Environment load took 192.52ns 
27425      INFO  main            d.u.i.k.p.i.AbstractProblemLoader Creating init config 
30291      DEBUG main            d.u.i.k.p.i.AbstractProblemLoader Init config took 2.87s 
30336      INFO  main            d.u.i.k.p.i.AbstractProblemLoader Replaying proof MyClass[MyClass::setAB()].JML normal_behavior operation contract.0 
30339      DEBUG main            d.u.i.k.p.i.IntermediateProofReplayer Proof replay took 6.3ns 
31965      INFO  main            d.u.i.k.p.r.p.TestFile    ... finished proof: closed. 
32169      INFO  main            d.u.i.k.p.i.AbstractProblemLoader Loading environment from /home/runner/work/key/key/key.core/../key.ui/examples/heap/permissions/permissions_setAB.key.proof 
32171      DEBUG main            d.u.i.k.p.i.AbstractProblemLoader Environment load took 1.5ms 
32172      INFO  main            d.u.i.k.p.i.AbstractProblemLoader Creating init config 
34961      DEBUG main            d.u.i.k.p.i.AbstractProblemLoader Init config took 2.79s 
35024      INFO  main            d.u.i.k.p.i.AbstractProblemLoader Replaying proof MyClass[MyClass::setAB()].JML normal_behavior operation contract.0 
35228      DEBUG main            d.u.i.k.p.i.IntermediateProofReplayer Proof replay took 199.2ms 
35229      DEBUG main            d.u.i.k.p.r.p.TestFile    ... success: reloaded. 
35231      INFO  main            d.u.i.k.p.r.p.TestFile    Now processing file /home/runner/work/key/key/key.core/../key.ui/examples/heap/permissions/permissionProperties.key 
35231      INFO  main            d.u.i.k.p.i.AbstractProblemLoader Loading environment from /home/runner/work/key/key/key.core/../key.ui/examples/heap/permissions/permissionProperties.key 
35231      DEBUG main            d.u.i.k.p.i.AbstractProblemLoader Environment load took 161.72ns 
35233      INFO  main            d.u.i.k.p.i.AbstractProblemLoader Creating init config 
35373      DEBUG main            d.u.i.k.j.TypeConverter   No LDT found for Meta 
35373      DEBUG main            d.u.i.k.j.TypeConverter   No LDT found for Meta 
35374      DEBUG main            d.u.i.k.j.TypeConverter   No LDT found for Meta 
35374      DEBUG main            d.u.i.k.j.TypeConverter   No LDT found for Meta 
36015      DEBUG main            d.u.i.k.j.TypeConverter   No LDT found for JavaBigintExpression 
38936      DEBUG main            d.u.i.k.p.i.AbstractProblemLoader Init config took 3.7s 
38958      INFO  main            d.u.i.k.p.i.AbstractProblemLoader Replaying proof permissionProperties.key 
38960      DEBUG main            d.u.i.k.p.i.IntermediateProofReplayer Proof replay took 6.2ns 
39063      INFO  main            d.u.i.k.p.r.p.TestFile    ... finished proof: closed. 
39238      INFO  main            d.u.i.k.p.i.AbstractProblemLoader Loading environment from /home/runner/work/key/key/key.core/../key.ui/examples/heap/permissions/permissionProperties.key.proof 
39238      DEBUG main            d.u.i.k.p.i.AbstractProblemLoader Environment load took 149.81ns 
39239      INFO  main            d.u.i.k.p.i.AbstractProblemLoader Creating init config 
41837      DEBUG main            d.u.i.k.p.i.AbstractProblemLoader Init config took 2.6s 
41860      INFO  main            d.u.i.k.p.i.AbstractProblemLoader Replaying proof permissionProperties.key.proof 
41881      DEBUG main            d.u.i.k.p.i.IntermediateProofReplayer Proof replay took 18.01ms 
41882      DEBUG main            d.u.i.k.p.r.p.TestFile    ... success: reloaded. 
41884      INFO  main            d.u.i.k.p.r.p.TestFile    Now processing file /home/runner/work/key/key/key.core/../key.ui/examples/heap/permissions/threads/AFilter_AFilter.key 
41884      INFO  main            d.u.i.k.p.i.AbstractProblemLoader Loading environment from /home/runner/work/key/key/key.core/../key.ui/examples/heap/permissions/threads/AFilter_AFilter.key 
41884      DEBUG main            d.u.i.k.p.i.AbstractProblemLoader Environment load took 178.12ns 
41885      INFO  main            d.u.i.k.p.i.AbstractProblemLoader Creating init config 
42011      DEBUG main            d.u.i.k.j.TypeConverter   No LDT found for Meta 
42011      DEBUG main            d.u.i.k.j.TypeConverter   No LDT found for Meta 
42012      DEBUG main            d.u.i.k.j.TypeConverter   No LDT found for Meta 
42012      DEBUG main            d.u.i.k.j.TypeConverter   No LDT found for Meta 
42569      DEBUG main            d.u.i.k.j.TypeConverter   No LDT found for JavaBigintExpression 
48013      DEBUG main            d.u.i.k.p.i.AbstractProblemLoader Init config took 6.13s 
48111      INFO  main            d.u.i.k.p.i.AbstractProblemLoader Replaying proof AFilter[AFilter::AFilter(Sampler,Buffer)].JML normal_behavior operation contract.0 
48112      DEBUG main            d.u.i.k.p.i.IntermediateProofReplayer Proof replay took 7.3ns 
49273      INFO  main            d.u.i.k.p.r.p.TestFile    ... finished proof: closed. 
49536      INFO  main            d.u.i.k.p.i.AbstractProblemLoader Loading environment from /home/runner/work/key/key/key.core/../key.ui/examples/heap/permissions/threads/AFilter_AFilter.key.proof 
49537      DEBUG main            d.u.i.k.p.i.AbstractProblemLoader Environment load took 208.02ns 
49538      INFO  main            d.u.i.k.p.i.AbstractProblemLoader Creating init config 
54278      DEBUG main            d.u.i.k.p.i.AbstractProblemLoader Init config took 4.74s 
54368      INFO  main            d.u.i.k.p.i.AbstractProblemLoader Replaying proof AFilter[AFilter::AFilter(Sampler,Buffer)].JML normal_behavior operation contract.0 
54531      DEBUG main            d.u.i.k.p.i.IntermediateProofReplayer Proof replay took 158.61ms 
54532      DEBUG main            d.u.i.k.p.r.p.TestFile    ... success: reloaded. 
54534      INFO  main            d.u.i.k.p.r.p.TestFile    Now processing file /home/runner/work/key/key/key.core/../key.ui/examples/heap/permissions/threads/AFilter_initPost_accessible.key 
54534      INFO  main            d.u.i.k.p.i.AbstractProblemLoader Loading environment from /home/runner/work/key/key/key.core/../key.ui/examples/heap/permissions/threads/AFilter_initPost_accessible.key 
54534      DEBUG main            d.u.i.k.p.i.AbstractProblemLoader Environment load took 124.81ns 
54535      INFO  main            d.u.i.k.p.i.AbstractProblemLoader Creating init config 
59280      DEBUG main            d.u.i.k.p.i.AbstractProblemLoader Init config took 4.74s 
59386      INFO  main            d.u.i.k.p.i.AbstractProblemLoader Replaying proof AFilter[ThreadSpec2::initPost()].JML accessible clause.0 
59387      DEBUG main            d.u.i.k.p.i.IntermediateProofReplayer Proof replay took 6ns 
59490      INFO  main            d.u.i.k.p.r.p.TestFile    ... finished proof: closed. 
59688      INFO  main            d.u.i.k.p.i.AbstractProblemLoader Loading environment from /home/runner/work/key/key/key.core/../key.ui/examples/heap/permissions/threads/AFilter_initPost_accessible.key.proof 
59688      DEBUG main            d.u.i.k.p.i.AbstractProblemLoader Environment load took 138.91ns 
59689      INFO  main            d.u.i.k.p.i.AbstractProblemLoader Creating init config 
64307      DEBUG main            d.u.i.k.p.i.AbstractProblemLoader Init config took 4.62s 
64391      INFO  main            d.u.i.k.p.i.AbstractProblemLoader Replaying proof AFilter[ThreadSpec2::initPost()].JML accessible clause.0 
64404      DEBUG main            d.u.i.k.p.i.IntermediateProofReplayer Proof replay took 11.36ms 
64405      DEBUG main            d.u.i.k.p.r.p.TestFile    ... success: reloaded. 
64406      INFO  main            d.u.i.k.p.r.p.TestFile    Now processing file /home/runner/work/key/key/key.core/../key.ui/examples/heap/permissions/threads/AFilter_inv_accessible1.key 
64407      INFO  main            d.u.i.k.p.i.AbstractProblemLoader Loading environment from /home/runner/work/key/key/key.core/../key.ui/examples/heap/permissions/threads/AFilter_inv_accessible1.key 
64407      DEBUG main            d.u.i.k.p.i.AbstractProblemLoader Environment load took 174.81ns 
64408      INFO  main            d.u.i.k.p.i.AbstractProblemLoader Creating init config 
69138      DEBUG main            d.u.i.k.p.i.AbstractProblemLoader Init config took 4.73s 
69237      INFO  main            d.u.i.k.p.i.AbstractProblemLoader Replaying proof AFilter[java.lang.Object::<inv>()].JML accessible clause.0 
69239      DEBUG main            d.u.i.k.p.i.IntermediateProofReplayer Proof replay took 6.5ns 
69343      INFO  main            d.u.i.k.p.r.p.TestFile    ... finished proof: closed. 
69569      INFO  main            d.u.i.k.p.i.AbstractProblemLoader Loading environment from /home/runner/work/key/key/key.core/../key.ui/examples/heap/permissions/threads/AFilter_inv_accessible1.key.proof 
69569      DEBUG main            d.u.i.k.p.i.AbstractProblemLoader Environment load took 140.71ns 
69570      INFO  main            d.u.i.k.p.i.AbstractProblemLoader Creating init config 
74207      DEBUG main            d.u.i.k.p.i.AbstractProblemLoader Init config took 4.64s 
74307      INFO  main            d.u.i.k.p.i.AbstractProblemLoader Replaying proof AFilter[java.lang.Object::<inv>()].JML accessible clause.0 
74313      DEBUG main            d.u.i.k.p.i.IntermediateProofReplayer Proof replay took 3.2ms 
74314      DEBUG main            d.u.i.k.p.r.p.TestFile    ... success: reloaded. 
74316      INFO  main            d.u.i.k.p.r.p.TestFile    Now processing file /home/runner/work/key/key/key.core/../key.ui/examples/heap/permissions/threads/AFilter_inv_accessible2.key 
74316      INFO  main            d.u.i.k.p.i.AbstractProblemLoader Loading environment from /home/runner/work/key/key/key.core/../key.ui/examples/heap/permissions/threads/AFilter_inv_accessible2.key 
74316      DEBUG main            d.u.i.k.p.i.AbstractProblemLoader Environment load took 101.61ns 
74318      INFO  main            d.u.i.k.p.i.AbstractProblemLoader Creating init config 
78991      DEBUG main            d.u.i.k.p.i.AbstractProblemLoader Init config took 4.67s 
79098      INFO  main            d.u.i.k.p.i.AbstractProblemLoader Replaying proof AFilter[java.lang.Object::<inv>()].JML accessible clause.1 
79099      DEBUG main            d.u.i.k.p.i.IntermediateProofReplayer Proof replay took 6.3ns 
79201      INFO  main            d.u.i.k.p.r.p.TestFile    ... finished proof: closed. 
79412      INFO  main            d.u.i.k.p.i.AbstractProblemLoader Loading environment from /home/runner/work/key/key/key.core/../key.ui/examples/heap/permissions/threads/AFilter_inv_accessible2.key.proof 
79412      DEBUG main            d.u.i.k.p.i.AbstractProblemLoader Environment load took 126.91ns 
79413      INFO  main            d.u.i.k.p.i.AbstractProblemLoader Creating init config 
84074      DEBUG main            d.u.i.k.p.i.AbstractProblemLoader Init config took 4.66s 
84165      INFO  main            d.u.i.k.p.i.AbstractProblemLoader Replaying proof AFilter[java.lang.Object::<inv>()].JML accessible clause.1 
84168      DEBUG main            d.u.i.k.p.i.IntermediateProofReplayer Proof replay took 1.93ms 
84169      DEBUG main            d.u.i.k.p.r.p.TestFile    ... success: reloaded. 
84170      INFO  main            d.u.i.k.p.r.p.TestFile    Now processing file /home/runner/work/key/key/key.core/../key.ui/examples/heap/permissions/threads/AFilter_joinTransfer_accessible.key 
84170      INFO  main            d.u.i.k.p.i.AbstractProblemLoader Loading environment from /home/runner/work/key/key/key.core/../key.ui/examples/heap/permissions/threads/AFilter_joinTransfer_accessible.key 
84171      DEBUG main            d.u.i.k.p.i.AbstractProblemLoader Environment load took 101.01ns 
84171      INFO  main            d.u.i.k.p.i.AbstractProblemLoader Creating init config 
88849      DEBUG main            d.u.i.k.p.i.AbstractProblemLoader Init config took 4.68s 
88927      INFO  main            d.u.i.k.p.i.AbstractProblemLoader Replaying proof AFilter[ThreadSpec2::joinTransfer()].JML accessible clause.0 
88928      DEBUG main            d.u.i.k.p.i.IntermediateProofReplayer Proof replay took 6.5ns 
90035      INFO  main            d.u.i.k.p.r.p.TestFile    ... finished proof: closed. 
90273      INFO  main            d.u.i.k.p.i.AbstractProblemLoader Loading environment from /home/runner/work/key/key/key.core/../key.ui/examples/heap/permissions/threads/AFilter_joinTransfer_accessible.key.proof 
90274      DEBUG main            d.u.i.k.p.i.AbstractProblemLoader Environment load took 224.02ns 
90275      INFO  main            d.u.i.k.p.i.AbstractProblemLoader Creating init config 
94882      DEBUG main            d.u.i.k.p.i.AbstractProblemLoader Init config took 4.61s 
94966      INFO  main            d.u.i.k.p.i.AbstractProblemLoader Replaying proof AFilter[ThreadSpec2::joinTransfer()].JML accessible clause.0 
95110      DEBUG main            d.u.i.k.p.i.IntermediateProofReplayer Proof replay took 138.42ms 
95112      DEBUG main            d.u.i.k.p.r.p.TestFile    ... success: reloaded. 
95114      INFO  main            d.u.i.k.p.r.p.TestFile    Now processing file /home/runner/work/key/key/key.core/../key.ui/examples/heap/permissions/threads/AFilter_joinTransfer_contract.key 
95115      INFO  main            d.u.i.k.p.i.AbstractProblemLoader Loading environment from /home/runner/work/key/key/key.core/../key.ui/examples/heap/permissions/threads/AFilter_joinTransfer_contract.key 
95115      DEBUG main            d.u.i.k.p.i.AbstractProblemLoader Environment load took 239.62ns 
95116      INFO  main            d.u.i.k.p.i.AbstractProblemLoader Creating init config 
99751      DEBUG main            d.u.i.k.p.i.AbstractProblemLoader Init config took 4.63s 
99831      INFO  main            d.u.i.k.p.i.AbstractProblemLoader Replaying proof AFilter[ThreadSpec2::joinTransfer()].JML model_behavior operation contract.0 
99832      DEBUG main            d.u.i.k.p.i.IntermediateProofReplayer Proof replay took 6.4ns 
99937      INFO  main            d.u.i.k.p.r.p.TestFile    ... finished proof: closed. 
100180     INFO  main            d.u.i.k.p.i.AbstractProblemLoader Loading environment from /home/runner/work/key/key/key.core/../key.ui/examples/heap/permissions/threads/AFilter_joinTransfer_contract.key.proof 
100181     DEBUG main            d.u.i.k.p.i.AbstractProblemLoader Environment load took 156.91ns 
100182     INFO  main            d.u.i.k.p.i.AbstractProblemLoader Creating init config 
104744     DEBUG main            d.u.i.k.p.i.AbstractProblemLoader Init config took 4.56s 
104824     INFO  main            d.u.i.k.p.i.AbstractProblemLoader Replaying proof AFilter[ThreadSpec2::joinTransfer()].JML model_behavior operation contract.0 
104832     DEBUG main            d.u.i.k.p.i.IntermediateProofReplayer Proof replay took 7.5ms 
104833     DEBUG main            d.u.i.k.p.r.p.TestFile    ... success: reloaded. 
104834     INFO  main            d.u.i.k.p.r.p.TestFile    Now processing file /home/runner/work/key/key/key.core/../key.ui/examples/heap/permissions/threads/AFilter_postJoin_accessible.key 
104835     INFO  main            d.u.i.k.p.i.AbstractProblemLoader Loading environment from /home/runner/work/key/key/key.core/../key.ui/examples/heap/permissions/threads/AFilter_postJoin_accessible.key 
104835     DEBUG main            d.u.i.k.p.i.AbstractProblemLoader Environment load took 89.91ns 
104836     INFO  main            d.u.i.k.p.i.AbstractProblemLoader Creating init config 
109685     DEBUG main            d.u.i.k.p.i.AbstractProblemLoader Init config took 4.85s 
109786     INFO  main            d.u.i.k.p.i.AbstractProblemLoader Replaying proof AFilter[ThreadSpec2::postJoin(java.lang.Object)].JML accessible clause.0 
109790     DEBUG main            d.u.i.k.p.i.IntermediateProofReplayer Proof replay took 7.7ns 
109892     INFO  main            d.u.i.k.p.r.p.TestFile    ... finished proof: closed. 
110176     INFO  main            d.u.i.k.p.i.AbstractProblemLoader Loading environment from /home/runner/work/key/key/key.core/../key.ui/examples/heap/permissions/threads/AFilter_postJoin_accessible.key.proof 
110176     DEBUG main            d.u.i.k.p.i.AbstractProblemLoader Environment load took 127.61ns 
110177     INFO  main            d.u.i.k.p.i.AbstractProblemLoader Creating init config 
115150     DEBUG main            d.u.i.k.p.i.AbstractProblemLoader Init config took 4.97s 
115236     INFO  main            d.u.i.k.p.i.AbstractProblemLoader Replaying proof AFilter[ThreadSpec2::postJoin(java.lang.Object)].JML accessible clause.0 
115246     DEBUG main            d.u.i.k.p.i.IntermediateProofReplayer Proof replay took 8.18ms 
115247     DEBUG main            d.u.i.k.p.r.p.TestFile    ... success: reloaded. 
115248     INFO  main            d.u.i.k.p.r.p.TestFile    Now processing file /home/runner/work/key/key/key.core/../key.ui/examples/heap/permissions/threads/AFilter_preStart_accessible.key 
115248     INFO  main            d.u.i.k.p.i.AbstractProblemLoader Loading environment from /home/runner/work/key/key/key.core/../key.ui/examples/heap/permissions/threads/AFilter_preStart_accessible.key 
115248     DEBUG main            d.u.i.k.p.i.AbstractProblemLoader Environment load took 96.91ns 
115249     INFO  main            d.u.i.k.p.i.AbstractProblemLoader Creating init config 
120239     DEBUG main            d.u.i.k.p.i.AbstractProblemLoader Init config took 4.99s 
120347     INFO  main            d.u.i.k.p.i.AbstractProblemLoader Replaying proof AFilter[ThreadSpec2::preStart(java.lang.Object)].JML accessible clause.0 
120348     DEBUG main            d.u.i.k.p.i.IntermediateProofReplayer Proof replay took 6.7ns 
120657     INFO  main            d.u.i.k.p.r.p.TestFile    ... finished proof: closed. 
120974     INFO  main            d.u.i.k.p.i.AbstractProblemLoader Loading environment from /home/runner/work/key/key/key.core/../key.ui/examples/heap/permissions/threads/AFilter_preStart_accessible.key.proof 
120974     DEBUG main            d.u.i.k.p.i.AbstractProblemLoader Environment load took 513.34ns 
120975     INFO  main            d.u.i.k.p.i.AbstractProblemLoader Creating init config 
125516     DEBUG main            d.u.i.k.p.i.AbstractProblemLoader Init config took 4.54s 
125596     INFO  main            d.u.i.k.p.i.AbstractProblemLoader Replaying proof AFilter[ThreadSpec2::preStart(java.lang.Object)].JML accessible clause.0 
125634     DEBUG main            d.u.i.k.p.i.IntermediateProofReplayer Proof replay took 34.79ms 
125635     DEBUG main            d.u.i.k.p.r.p.TestFile    ... success: reloaded. 
125636     INFO  main            d.u.i.k.p.r.p.TestFile    Now processing file /home/runner/work/key/key/key.core/../key.ui/examples/heap/permissions/threads/AFilter_startTransfer_accessible.key 
125637     INFO  main            d.u.i.k.p.i.AbstractProblemLoader Loading environment from /home/runner/work/key/key/key.core/../key.ui/examples/heap/permissions/threads/AFilter_startTransfer_accessible.key 
125637     DEBUG main            d.u.i.k.p.i.AbstractProblemLoader Environment load took 208.82ns 
125638     INFO  main            d.u.i.k.p.i.AbstractProblemLoader Creating init config 
130392     DEBUG main            d.u.i.k.p.i.AbstractProblemLoader Init config took 4.75s 
130470     INFO  main            d.u.i.k.p.i.AbstractProblemLoader Replaying proof AFilter[ThreadSpec2::startTransfer()].JML accessible clause.0 
130472     DEBUG main            d.u.i.k.p.i.IntermediateProofReplayer Proof replay took 7.6ns 
140297     INFO  main            d.u.i.k.p.r.p.TestFile    ... finished proof: closed. 
140590     INFO  main            d.u.i.k.p.i.AbstractProblemLoader Loading environment from /home/runner/work/key/key/key.core/../key.ui/examples/heap/permissions/threads/AFilter_startTransfer_accessible.key.proof 
140593     DEBUG main            d.u.i.k.p.i.AbstractProblemLoader Environment load took 2.85ms 
140595     INFO  main            d.u.i.k.p.i.AbstractProblemLoader Creating init config 
145201     DEBUG main            d.u.i.k.p.i.AbstractProblemLoader Init config took 4.61s 
145282     INFO  main            d.u.i.k.p.i.AbstractProblemLoader Replaying proof AFilter[ThreadSpec2::startTransfer()].JML accessible clause.0 
146137     DEBUG main            d.u.i.k.p.i.IntermediateProofReplayer Proof replay took 835.03ms 
146139     DEBUG main            d.u.i.k.p.r.p.TestFile    ... success: reloaded. 
146140     INFO  main            d.u.i.k.p.r.p.TestFile    Now processing file /home/runner/work/key/key/key.core/../key.ui/examples/heap/permissions/threads/AFilter_startTransfer_contract.key 
146141     INFO  main            d.u.i.k.p.i.AbstractProblemLoader Loading environment from /home/runner/work/key/key/key.core/../key.ui/examples/heap/permissions/threads/AFilter_startTransfer_contract.key 
146141     DEBUG main            d.u.i.k.p.i.AbstractProblemLoader Environment load took 241.62ns 
146142     INFO  main            d.u.i.k.p.i.AbstractProblemLoader Creating init config 
150804     DEBUG main            d.u.i.k.p.i.AbstractProblemLoader Init config took 4.66s 
150890     INFO  main            d.u.i.k.p.i.AbstractProblemLoader Replaying proof AFilter[ThreadSpec2::startTransfer()].JML model_behavior operation contract.0 
150892     DEBUG main            d.u.i.k.p.i.IntermediateProofReplayer Proof replay took 7.1ns 
151298     INFO  main            d.u.i.k.p.r.p.TestFile    ... finished proof: closed. 
151577     INFO  main            d.u.i.k.p.i.AbstractProblemLoader Loading environment from /home/runner/work/key/key/key.core/../key.ui/examples/heap/permissions/threads/AFilter_startTransfer_contract.key.proof 
151577     DEBUG main            d.u.i.k.p.i.AbstractProblemLoader Environment load took 343.52ns 
151578     INFO  main            d.u.i.k.p.i.AbstractProblemLoader Creating init config 
156129     DEBUG main            d.u.i.k.p.i.AbstractProblemLoader Init config took 4.55s 
156223     INFO  main            d.u.i.k.p.i.AbstractProblemLoader Replaying proof AFilter[ThreadSpec2::startTransfer()].JML model_behavior operation contract.0 
156273     DEBUG main            d.u.i.k.p.i.IntermediateProofReplayer Proof replay took 46.7ms 
156275     DEBUG main            d.u.i.k.p.r.p.TestFile    ... success: reloaded. 
156276     INFO  main            d.u.i.k.p.r.p.TestFile    Now processing file /home/runner/work/key/key/key.core/../key.ui/examples/heap/permissions/threads/AFilter_stateInv_accessible.key 
156276     INFO  main            d.u.i.k.p.i.AbstractProblemLoader Loading environment from /home/runner/work/key/key/key.core/../key.ui/examples/heap/permissions/threads/AFilter_stateInv_accessible.key 
156276     DEBUG main            d.u.i.k.p.i.AbstractProblemLoader Environment load took 106.21ns 
156277     INFO  main            d.u.i.k.p.i.AbstractProblemLoader Creating init config 
160890     DEBUG main            d.u.i.k.p.i.AbstractProblemLoader Init config took 4.61s 
160984     INFO  main            d.u.i.k.p.i.AbstractProblemLoader Replaying proof AFilter[ThreadSpec2::stateInv()].JML accessible clause.0 
160986     DEBUG main            d.u.i.k.p.i.IntermediateProofReplayer Proof replay took 6.1ns 
161288     INFO  main            d.u.i.k.p.r.p.TestFile    ... finished proof: closed. 
161571     INFO  main            d.u.i.k.p.i.AbstractProblemLoader Loading environment from /home/runner/work/key/key/key.core/../key.ui/examples/heap/permissions/threads/AFilter_stateInv_accessible.key.proof 
161571     DEBUG main            d.u.i.k.p.i.AbstractProblemLoader Environment load took 132.81ns 
161572     INFO  main            d.u.i.k.p.i.AbstractProblemLoader Creating init config 
166091     DEBUG main            d.u.i.k.p.i.AbstractProblemLoader Init config took 4.52s 
166169     INFO  main            d.u.i.k.p.i.AbstractProblemLoader Replaying proof AFilter[ThreadSpec2::stateInv()].JML accessible clause.0 
166207     DEBUG main            d.u.i.k.p.i.IntermediateProofReplayer Proof replay took 35.09ms 
166208     DEBUG main            d.u.i.k.p.r.p.TestFile    ... success: reloaded. 
166209     INFO  main            d.u.i.k.p.r.p.TestFile    Now processing file /home/runner/work/key/key/key.core/../key.ui/examples/heap/permissions/threads/AFilter_staticPermissions_accessible.key 
166209     INFO  main            d.u.i.k.p.i.AbstractProblemLoader Loading environment from /home/runner/work/key/key/key.core/../key.ui/examples/heap/permissions/threads/AFilter_staticPermissions_accessible.key 
166209     DEBUG main            d.u.i.k.p.i.AbstractProblemLoader Environment load took 78.31ns 
166210     INFO  main            d.u.i.k.p.i.AbstractProblemLoader Creating init config 
170877     DEBUG main            d.u.i.k.p.i.AbstractProblemLoader Init config took 4.67s 
170972     INFO  main            d.u.i.k.p.i.AbstractProblemLoader Replaying proof AFilter[ThreadSpec2::staticPermissions()].JML accessible clause.0 
170973     DEBUG main            d.u.i.k.p.i.IntermediateProofReplayer Proof replay took 5.5ns 
171077     INFO  main            d.u.i.k.p.r.p.TestFile    ... finished proof: closed. 
171345     INFO  main            d.u.i.k.p.i.AbstractProblemLoader Loading environment from /home/runner/work/key/key/key.core/../key.ui/examples/heap/permissions/threads/AFilter_staticPermissions_accessible.key.proof 
171346     DEBUG main            d.u.i.k.p.i.AbstractProblemLoader Environment load took 127.91ns 
171347     INFO  main            d.u.i.k.p.i.AbstractProblemLoader Creating init config 
175879     DEBUG main            d.u.i.k.p.i.AbstractProblemLoader Init config took 4.53s 
175958     INFO  main            d.u.i.k.p.i.AbstractProblemLoader Replaying proof AFilter[ThreadSpec2::staticPermissions()].JML accessible clause.0 
175969     DEBUG main            d.u.i.k.p.i.IntermediateProofReplayer Proof replay took 9.3ms 
175970     DEBUG main            d.u.i.k.p.r.p.TestFile    ... success: reloaded. 
175971     INFO  main            d.u.i.k.p.r.p.TestFile    Now processing file /home/runner/work/key/key/key.core/../key.ui/examples/heap/permissions/threads/AFilter_workingPermissions_accessible.key 
175971     INFO  main            d.u.i.k.p.i.AbstractProblemLoader Loading environment from /home/runner/work/key/key/key.core/../key.ui/examples/heap/permissions/threads/AFilter_workingPermissions_accessible.key 
175971     DEBUG main            d.u.i.k.p.i.AbstractProblemLoader Environment load took 173.62ns 
175972     INFO  main            d.u.i.k.p.i.AbstractProblemLoader Creating init config 
180542     DEBUG main            d.u.i.k.p.i.AbstractProblemLoader Init config took 4.57s 
180617     INFO  main            d.u.i.k.p.i.AbstractProblemLoader Replaying proof AFilter[ThreadSpec2::workingPermissions()].JML accessible clause.0 
180619     DEBUG main            d.u.i.k.p.i.IntermediateProofReplayer Proof replay took 6.2ns 
180721     INFO  main            d.u.i.k.p.r.p.TestFile    ... finished proof: closed. 
181003     INFO  main            d.u.i.k.p.i.AbstractProblemLoader Loading environment from /home/runner/work/key/key/key.core/../key.ui/examples/heap/permissions/threads/AFilter_workingPermissions_accessible.key.proof 
181003     DEBUG main            d.u.i.k.p.i.AbstractProblemLoader Environment load took 121.51ns 
181004     INFO  main            d.u.i.k.p.i.AbstractProblemLoader Creating init config 
185507     DEBUG main            d.u.i.k.p.i.AbstractProblemLoader Init config took 4.5s 
185595     INFO  main            d.u.i.k.p.i.AbstractProblemLoader Replaying proof AFilter[ThreadSpec2::workingPermissions()].JML accessible clause.0 
185604     DEBUG main            d.u.i.k.p.i.IntermediateProofReplayer Proof replay took 7.42ms 
185605     DEBUG main            d.u.i.k.p.r.p.TestFile    ... success: reloaded. 
185606     INFO  main            d.u.i.k.p.r.p.TestFile    Now processing file /home/runner/work/key/key/key.core/../key.ui/examples/heap/permissions/threads/BFilter_BFilter.key 
185606     INFO  main            d.u.i.k.p.i.AbstractProblemLoader Loading environment from /home/runner/work/key/key/key.core/../key.ui/examples/heap/permissions/threads/BFilter_BFilter.key 
185606     DEBUG main            d.u.i.k.p.i.AbstractProblemLoader Environment load took 111.11ns 
185607     INFO  main            d.u.i.k.p.i.AbstractProblemLoader Creating init config 
190179     DEBUG main            d.u.i.k.p.i.AbstractProblemLoader Init config took 4.57s 
190261     INFO  main            d.u.i.k.p.i.AbstractProblemLoader Replaying proof BFilter[BFilter::BFilter(Sampler,Buffer)].JML normal_behavior operation contract.0 
190262     DEBUG main            d.u.i.k.p.i.IntermediateProofReplayer Proof replay took 5.9ns 
191270     INFO  main            d.u.i.k.p.r.p.TestFile    ... finished proof: closed. 
191589     INFO  main            d.u.i.k.p.i.AbstractProblemLoader Loading environment from /home/runner/work/key/key/key.core/../key.ui/examples/heap/permissions/threads/BFilter_BFilter.key.proof 
191590     DEBUG main            d.u.i.k.p.i.AbstractProblemLoader Environment load took 122.11ns 
191591     INFO  main            d.u.i.k.p.i.AbstractProblemLoader Creating init config 
196116     DEBUG main            d.u.i.k.p.i.AbstractProblemLoader Init config took 4.52s 
196207     INFO  main            d.u.i.k.p.i.AbstractProblemLoader Replaying proof BFilter[BFilter::BFilter(Sampler,Buffer)].JML normal_behavior operation contract.0 
196349     DEBUG main            d.u.i.k.p.i.IntermediateProofReplayer Proof replay took 138.07ms 
196350     DEBUG main            d.u.i.k.p.r.p.TestFile    ... success: reloaded. 
196351     INFO  main            d.u.i.k.p.r.p.TestFile    Now processing file /home/runner/work/key/key/key.core/../key.ui/examples/heap/permissions/threads/BFilter_initPost_accessible.key 
196352     INFO  main            d.u.i.k.p.i.AbstractProblemLoader Loading environment from /home/runner/work/key/key/key.core/../key.ui/examples/heap/permissions/threads/BFilter_initPost_accessible.key 
196352     DEBUG main            d.u.i.k.p.i.AbstractProblemLoader Environment load took 131.01ns 
196353     INFO  main            d.u.i.k.p.i.AbstractProblemLoader Creating init config 
200937     DEBUG main            d.u.i.k.p.i.AbstractProblemLoader Init config took 4.58s 
201030     INFO  main            d.u.i.k.p.i.AbstractProblemLoader Replaying proof BFilter[ThreadSpec2::initPost()].JML accessible clause.0 
201032     DEBUG main            d.u.i.k.p.i.IntermediateProofReplayer Proof replay took 6.6ns 
201138     INFO  main            d.u.i.k.p.r.p.TestFile    ... finished proof: closed. 
201425     INFO  main            d.u.i.k.p.i.AbstractProblemLoader Loading environment from /home/runner/work/key/key/key.core/../key.ui/examples/heap/permissions/threads/BFilter_initPost_accessible.key.proof 
201425     DEBUG main            d.u.i.k.p.i.AbstractProblemLoader Environment load took 133.21ns 
201426     INFO  main            d.u.i.k.p.i.AbstractProblemLoader Creating init config 
205958     DEBUG main            d.u.i.k.p.i.AbstractProblemLoader Init config took 4.53s 
206034     INFO  main            d.u.i.k.p.i.AbstractProblemLoader Replaying proof BFilter[ThreadSpec2::initPost()].JML accessible clause.0 
206046     DEBUG main            d.u.i.k.p.i.IntermediateProofReplayer Proof replay took 10.08ms 
206047     DEBUG main            d.u.i.k.p.r.p.TestFile    ... success: reloaded. 
206048     INFO  main            d.u.i.k.p.r.p.TestFile    Now processing file /home/runner/work/key/key/key.core/../key.ui/examples/heap/permissions/threads/BFilter_inv_accessible1.key 
206049     INFO  main            d.u.i.k.p.i.AbstractProblemLoader Loading environment from /home/runner/work/key/key/key.core/../key.ui/examples/heap/permissions/threads/BFilter_inv_accessible1.key 
206049     DEBUG main            d.u.i.k.p.i.AbstractProblemLoader Environment load took 80.31ns 
206050     INFO  main            d.u.i.k.p.i.AbstractProblemLoader Creating init config 
210711     DEBUG main            d.u.i.k.p.i.AbstractProblemLoader Init config took 4.66s 
210795     INFO  main            d.u.i.k.p.i.AbstractProblemLoader Replaying proof BFilter[java.lang.Object::<inv>()].JML accessible clause.0 
210796     DEBUG main            d.u.i.k.p.i.IntermediateProofReplayer Proof replay took 7.4ns 
210898     INFO  main            d.u.i.k.p.r.p.TestFile    ... finished proof: closed. 
211204     INFO  main            d.u.i.k.p.i.AbstractProblemLoader Loading environment from /home/runner/work/key/key/key.core/../key.ui/examples/heap/permissions/threads/BFilter_inv_accessible1.key.proof 
211204     DEBUG main            d.u.i.k.p.i.AbstractProblemLoader Environment load took 127.21ns 
211205     INFO  main            d.u.i.k.p.i.AbstractProblemLoader Creating init config 
215850     DEBUG main            d.u.i.k.p.i.AbstractProblemLoader Init config took 4.64s 
215932     INFO  main            d.u.i.k.p.i.AbstractProblemLoader Replaying proof BFilter[java.lang.Object::<inv>()].JML accessible clause.0 
215935     DEBUG main            d.u.i.k.p.i.IntermediateProofReplayer Proof replay took 1.53ms 
215936     DEBUG main            d.u.i.k.p.r.p.TestFile    ... success: reloaded. 
215937     INFO  main            d.u.i.k.p.r.p.TestFile    Now processing file /home/runner/work/key/key/key.core/../key.ui/examples/heap/permissions/threads/BFilter_inv_accessible2.key 
215937     INFO  main            d.u.i.k.p.i.AbstractProblemLoader Loading environment from /home/runner/work/key/key/key.core/../key.ui/examples/heap/permissions/threads/BFilter_inv_accessible2.key 
215937     DEBUG main            d.u.i.k.p.i.AbstractProblemLoader Environment load took 86.01ns 
215938     INFO  main            d.u.i.k.p.i.AbstractProblemLoader Creating init config 
220605     DEBUG main            d.u.i.k.p.i.AbstractProblemLoader Init config took 4.67s 
220685     INFO  main            d.u.i.k.p.i.AbstractProblemLoader Replaying proof BFilter[java.lang.Object::<inv>()].JML accessible clause.1 
220687     DEBUG main            d.u.i.k.p.i.IntermediateProofReplayer Proof replay took 6.2ns 
220789     INFO  main            d.u.i.k.p.r.p.TestFile    ... finished proof: closed. 
221108     INFO  main            d.u.i.k.p.i.AbstractProblemLoader Loading environment from /home/runner/work/key/key/key.core/../key.ui/examples/heap/permissions/threads/BFilter_inv_accessible2.key.proof 
221108     DEBUG main            d.u.i.k.p.i.AbstractProblemLoader Environment load took 116.91ns 
221109     INFO  main            d.u.i.k.p.i.AbstractProblemLoader Creating init config 
225633     DEBUG main            d.u.i.k.p.i.AbstractProblemLoader Init config took 4.52s 
225714     INFO  main            d.u.i.k.p.i.AbstractProblemLoader Replaying proof BFilter[java.lang.Object::<inv>()].JML accessible clause.1 
225718     DEBUG main            d.u.i.k.p.i.IntermediateProofReplayer Proof replay took 1.68ms 
225718     DEBUG main            d.u.i.k.p.r.p.TestFile    ... success: reloaded. 
225720     INFO  main            d.u.i.k.p.r.p.TestFile    Now processing file /home/runner/work/key/key/key.core/../key.ui/examples/heap/permissions/threads/BFilter_joinTransfer_accessible.key 
225720     INFO  main            d.u.i.k.p.i.AbstractProblemLoader Loading environment from /home/runner/work/key/key/key.core/../key.ui/examples/heap/permissions/threads/BFilter_joinTransfer_accessible.key 
225720     DEBUG main            d.u.i.k.p.i.AbstractProblemLoader Environment load took 121.41ns 
225721     INFO  main            d.u.i.k.p.i.AbstractProblemLoader Creating init config 
230375     DEBUG main            d.u.i.k.p.i.AbstractProblemLoader Init config took 4.65s 
230450     INFO  main            d.u.i.k.p.i.AbstractProblemLoader Replaying proof BFilter[ThreadSpec2::joinTransfer()].JML accessible clause.0 
230452     DEBUG main            d.u.i.k.p.i.IntermediateProofReplayer Proof replay took 7.4ns 
231559     INFO  main            d.u.i.k.p.r.p.TestFile    ... finished proof: closed. 
231897     INFO  main            d.u.i.k.p.i.AbstractProblemLoader Loading environment from /home/runner/work/key/key/key.core/../key.ui/examples/heap/permissions/threads/BFilter_joinTransfer_accessible.key.proof 
231898     DEBUG main            d.u.i.k.p.i.AbstractProblemLoader Environment load took 395.53ns 
231899     INFO  main            d.u.i.k.p.i.AbstractProblemLoader Creating init config 
236664     DEBUG main            d.u.i.k.p.i.AbstractProblemLoader Init config took 4.77s 
236746     INFO  main            d.u.i.k.p.i.AbstractProblemLoader Replaying proof BFilter[ThreadSpec2::joinTransfer()].JML accessible clause.0 
236861     DEBUG main            d.u.i.k.p.i.IntermediateProofReplayer Proof replay took 110.41ms 
236863     DEBUG main            d.u.i.k.p.r.p.TestFile    ... success: reloaded. 
236864     INFO  main            d.u.i.k.p.r.p.TestFile    Now processing file /home/runner/work/key/key/key.core/../key.ui/examples/heap/permissions/threads/BFilter_joinTransfer_contract.key 
236864     INFO  main            d.u.i.k.p.i.AbstractProblemLoader Loading environment from /home/runner/work/key/key/key.core/../key.ui/examples/heap/permissions/threads/BFilter_joinTransfer_contract.key 
236864     DEBUG main            d.u.i.k.p.i.AbstractProblemLoader Environment load took 189.82ns 
236865     INFO  main            d.u.i.k.p.i.AbstractProblemLoader Creating init config 
241623     DEBUG main            d.u.i.k.p.i.AbstractProblemLoader Init config took 4.76s 
241723     INFO  main            d.u.i.k.p.i.AbstractProblemLoader Replaying proof BFilter[ThreadSpec2::joinTransfer()].JML model_behavior operation contract.0 
241724     DEBUG main            d.u.i.k.p.i.IntermediateProofReplayer Proof replay took 6ns 
241829     INFO  main            d.u.i.k.p.r.p.TestFile    ... finished proof: closed. 
242165     INFO  main            d.u.i.k.p.i.AbstractProblemLoader Loading environment from /home/runner/work/key/key/key.core/../key.ui/examples/heap/permissions/threads/BFilter_joinTransfer_contract.key.proof 
242165     DEBUG main            d.u.i.k.p.i.AbstractProblemLoader Environment load took 119.01ns 
242165     INFO  main            d.u.i.k.p.i.AbstractProblemLoader Creating init config 
246888     DEBUG main            d.u.i.k.p.i.AbstractProblemLoader Init config took 4.72s 
246967     INFO  main            d.u.i.k.p.i.AbstractProblemLoader Replaying proof BFilter[ThreadSpec2::joinTransfer()].JML model_behavior operation contract.0 
246976     DEBUG main            d.u.i.k.p.i.IntermediateProofReplayer Proof replay took 7.13ms 
246977     DEBUG main            d.u.i.k.p.r.p.TestFile    ... success: reloaded. 
246978     INFO  main            d.u.i.k.p.r.p.TestFile    Now processing file /home/runner/work/key/key/key.core/../key.ui/examples/heap/permissions/threads/BFilter_postJoin_accessible.key 
246978     INFO  main            d.u.i.k.p.i.AbstractProblemLoader Loading environment from /home/runner/work/key/key/key.core/../key.ui/examples/heap/permissions/threads/BFilter_postJoin_accessible.key 
246978     DEBUG main            d.u.i.k.p.i.AbstractProblemLoader Environment load took 97.21ns 
246979     INFO  main            d.u.i.k.p.i.AbstractProblemLoader Creating init config 
251591     DEBUG main            d.u.i.k.p.i.AbstractProblemLoader Init config took 4.61s 
251680     INFO  main            d.u.i.k.p.i.AbstractProblemLoader Replaying proof BFilter[ThreadSpec2::postJoin(java.lang.Object)].JML accessible clause.0 
251682     DEBUG main            d.u.i.k.p.i.IntermediateProofReplayer Proof replay took 5.5ns 
251786     INFO  main            d.u.i.k.p.r.p.TestFile    ... finished proof: closed. 
252120     INFO  main            d.u.i.k.p.i.AbstractProblemLoader Loading environment from /home/runner/work/key/key/key.core/../key.ui/examples/heap/permissions/threads/BFilter_postJoin_accessible.key.proof 
252120     DEBUG main            d.u.i.k.p.i.AbstractProblemLoader Environment load took 106.91ns 
252121     INFO  main            d.u.i.k.p.i.AbstractProblemLoader Creating init config 
256629     DEBUG main            d.u.i.k.p.i.AbstractProblemLoader Init config took 4.51s 
256707     INFO  main            d.u.i.k.p.i.AbstractProblemLoader Replaying proof BFilter[ThreadSpec2::postJoin(java.lang.Object)].JML accessible clause.0 
256714     DEBUG main            d.u.i.k.p.i.IntermediateProofReplayer Proof replay took 6.02ms 
256715     DEBUG main            d.u.i.k.p.r.p.TestFile    ... success: reloaded. 
256716     INFO  main            d.u.i.k.p.r.p.TestFile    Now processing file /home/runner/work/key/key/key.core/../key.ui/examples/heap/permissions/threads/BFilter_preStart_accessible.key 
256716     INFO  main            d.u.i.k.p.i.AbstractProblemLoader Loading environment from /home/runner/work/key/key/key.core/../key.ui/examples/heap/permissions/threads/BFilter_preStart_accessible.key 
256716     DEBUG main            d.u.i.k.p.i.AbstractProblemLoader Environment load took 106.41ns 
256717     INFO  main            d.u.i.k.p.i.AbstractProblemLoader Creating init config 
261260     DEBUG main            d.u.i.k.p.i.AbstractProblemLoader Init config took 4.54s 
261333     INFO  main            d.u.i.k.p.i.AbstractProblemLoader Replaying proof BFilter[ThreadSpec2::preStart(java.lang.Object)].JML accessible clause.0 
261334     DEBUG main            d.u.i.k.p.i.IntermediateProofReplayer Proof replay took 6.2ns 
261638     INFO  main            d.u.i.k.p.r.p.TestFile    ... finished proof: closed. 
261989     INFO  main            d.u.i.k.p.i.AbstractProblemLoader Loading environment from /home/runner/work/key/key/key.core/../key.ui/examples/heap/permissions/threads/BFilter_preStart_accessible.key.proof 
261989     DEBUG main            d.u.i.k.p.i.AbstractProblemLoader Environment load took 127.61ns 
261994     INFO  main            d.u.i.k.p.i.AbstractProblemLoader Creating init config 
266634     DEBUG main            d.u.i.k.p.i.AbstractProblemLoader Init config took 4.64s 
266708     INFO  main            d.u.i.k.p.i.AbstractProblemLoader Replaying proof BFilter[ThreadSpec2::preStart(java.lang.Object)].JML accessible clause.0 
266738     DEBUG main            d.u.i.k.p.i.IntermediateProofReplayer Proof replay took 27.96ms 
266739     DEBUG main            d.u.i.k.p.r.p.TestFile    ... success: reloaded. 
266740     INFO  main            d.u.i.k.p.r.p.TestFile    Now processing file /home/runner/work/key/key/key.core/../key.ui/examples/heap/permissions/threads/BFilter_startTransfer_accessible.key 
266740     INFO  main            d.u.i.k.p.i.AbstractProblemLoader Loading environment from /home/runner/work/key/key/key.core/../key.ui/examples/heap/permissions/threads/BFilter_startTransfer_accessible.key 
266740     DEBUG main            d.u.i.k.p.i.AbstractProblemLoader Environment load took 80ns 
266741     INFO  main            d.u.i.k.p.i.AbstractProblemLoader Creating init config 
271467     DEBUG main            d.u.i.k.p.i.AbstractProblemLoader Init config took 4.73s 
271562     INFO  main            d.u.i.k.p.i.AbstractProblemLoader Replaying proof BFilter[ThreadSpec2::startTransfer()].JML accessible clause.0 
271563     DEBUG main            d.u.i.k.p.i.IntermediateProofReplayer Proof replay took 6.4ns 
281595     INFO  main            d.u.i.k.p.r.p.TestFile    ... finished proof: closed. 
281954     INFO  main            d.u.i.k.p.i.AbstractProblemLoader Loading environment from /home/runner/work/key/key/key.core/../key.ui/examples/heap/permissions/threads/BFilter_startTransfer_accessible.key.proof 
281954     DEBUG main            d.u.i.k.p.i.AbstractProblemLoader Environment load took 337.93ns 
281956     INFO  main            d.u.i.k.p.i.AbstractProblemLoader Creating init config 
286439     DEBUG main            d.u.i.k.p.i.AbstractProblemLoader Init config took 4.48s 
286550     INFO  main            d.u.i.k.p.i.AbstractProblemLoader Replaying proof BFilter[ThreadSpec2::startTransfer()].JML accessible clause.0 
287361     DEBUG main            d.u.i.k.p.i.IntermediateProofReplayer Proof replay took 790.51ms 
287363     DEBUG main            d.u.i.k.p.r.p.TestFile    ... success: reloaded. 
287364     INFO  main            d.u.i.k.p.r.p.TestFile    Now processing file /home/runner/work/key/key/key.core/../key.ui/examples/heap/permissions/threads/BFilter_startTransfer_contract.key 
287365     INFO  main            d.u.i.k.p.i.AbstractProblemLoader Loading environment from /home/runner/work/key/key/key.core/../key.ui/examples/heap/permissions/threads/BFilter_startTransfer_contract.key 
287365     DEBUG main            d.u.i.k.p.i.AbstractProblemLoader Environment load took 184.81ns 
287366     INFO  main            d.u.i.k.p.i.AbstractProblemLoader Creating init config 
292011     DEBUG main            d.u.i.k.p.i.AbstractProblemLoader Init config took 4.64s 
292106     INFO  main            d.u.i.k.p.i.AbstractProblemLoader Replaying proof BFilter[ThreadSpec2::startTransfer()].JML model_behavior operation contract.0 
292108     DEBUG main            d.u.i.k.p.i.IntermediateProofReplayer Proof replay took 6.9ns 
293213     INFO  main            d.u.i.k.p.r.p.TestFile    ... finished proof: closed. 
293558     INFO  main            d.u.i.k.p.i.AbstractProblemLoader Loading environment from /home/runner/work/key/key/key.core/../key.ui/examples/heap/permissions/threads/BFilter_startTransfer_contract.key.proof 
293560     DEBUG main            d.u.i.k.p.i.AbstractProblemLoader Environment load took 2.51ms 
293562     INFO  main            d.u.i.k.p.i.AbstractProblemLoader Creating init config 
298319     DEBUG main            d.u.i.k.p.i.AbstractProblemLoader Init config took 4.76s 
298402     INFO  main            d.u.i.k.p.i.AbstractProblemLoader Replaying proof BFilter[ThreadSpec2::startTransfer()].JML model_behavior operation contract.0 
298501     DEBUG main            d.u.i.k.p.i.IntermediateProofReplayer Proof replay took 93.62ms 
298502     DEBUG main            d.u.i.k.p.r.p.TestFile    ... success: reloaded. 
298503     INFO  main            d.u.i.k.p.r.p.TestFile    Now processing file /home/runner/work/key/key/key.core/../key.ui/examples/heap/permissions/threads/BFilter_stateInv_accessible.key 
298503     INFO  main            d.u.i.k.p.i.AbstractProblemLoader Loading environment from /home/runner/work/key/key/key.core/../key.ui/examples/heap/permissions/threads/BFilter_stateInv_accessible.key 
298503     DEBUG main            d.u.i.k.p.i.AbstractProblemLoader Environment load took 69.2ns 
298505     INFO  main            d.u.i.k.p.i.AbstractProblemLoader Creating init config 
303326     DEBUG main            d.u.i.k.p.i.AbstractProblemLoader Init config took 4.82s 
303428     INFO  main            d.u.i.k.p.i.AbstractProblemLoader Replaying proof BFilter[ThreadSpec2::stateInv()].JML accessible clause.0 
303429     DEBUG main            d.u.i.k.p.i.IntermediateProofReplayer Proof replay took 6.3ns 
303732     INFO  main            d.u.i.k.p.r.p.TestFile    ... finished proof: closed. 
304139     INFO  main            d.u.i.k.p.i.AbstractProblemLoader Loading environment from /home/runner/work/key/key/key.core/../key.ui/examples/heap/permissions/threads/BFilter_stateInv_accessible.key.proof 
304139     DEBUG main            d.u.i.k.p.i.AbstractProblemLoader Environment load took 119.91ns 
304140     INFO  main            d.u.i.k.p.i.AbstractProblemLoader Creating init config 
308912     DEBUG main            d.u.i.k.p.i.AbstractProblemLoader Init config took 4.77s 
308995     INFO  main            d.u.i.k.p.i.AbstractProblemLoader Replaying proof BFilter[ThreadSpec2::stateInv()].JML accessible clause.0 
309033     DEBUG main            d.u.i.k.p.i.IntermediateProofReplayer Proof replay took 35.92ms 
309034     DEBUG main            d.u.i.k.p.r.p.TestFile    ... success: reloaded. 
309035     INFO  main            d.u.i.k.p.r.p.TestFile    Now processing file /home/runner/work/key/key/key.core/../key.ui/examples/heap/permissions/threads/BFilter_staticPermissions_accessible.key 
309035     INFO  main            d.u.i.k.p.i.AbstractProblemLoader Loading environment from /home/runner/work/key/key/key.core/../key.ui/examples/heap/permissions/threads/BFilter_staticPermissions_accessible.key 
309036     DEBUG main            d.u.i.k.p.i.AbstractProblemLoader Environment load took 86.01ns 
309037     INFO  main            d.u.i.k.p.i.AbstractProblemLoader Creating init config 
313824     DEBUG main            d.u.i.k.p.i.AbstractProblemLoader Init config took 4.79s 
313900     INFO  main            d.u.i.k.p.i.AbstractProblemLoader Replaying proof BFilter[ThreadSpec2::staticPermissions()].JML accessible clause.0 
313901     DEBUG main            d.u.i.k.p.i.IntermediateProofReplayer Proof replay took 6.4ns 
314005     INFO  main            d.u.i.k.p.r.p.TestFile    ... finished proof: closed. 
314368     INFO  main            d.u.i.k.p.i.AbstractProblemLoader Loading environment from /home/runner/work/key/key/key.core/../key.ui/examples/heap/permissions/threads/BFilter_staticPermissions_accessible.key.proof 
314368     DEBUG main            d.u.i.k.p.i.AbstractProblemLoader Environment load took 100.71ns 
314369     INFO  main            d.u.i.k.p.i.AbstractProblemLoader Creating init config 
318918     DEBUG main            d.u.i.k.p.i.AbstractProblemLoader Init config took 4.55s 
318997     INFO  main            d.u.i.k.p.i.AbstractProblemLoader Replaying proof BFilter[ThreadSpec2::staticPermissions()].JML accessible clause.0 
319008     DEBUG main            d.u.i.k.p.i.IntermediateProofReplayer Proof replay took 8.87ms 
319009     DEBUG main            d.u.i.k.p.r.p.TestFile    ... success: reloaded. 
319010     INFO  main            d.u.i.k.p.r.p.TestFile    Now processing file /home/runner/work/key/key/key.core/../key.ui/examples/heap/permissions/threads/BFilter_workingPermissions_accessible.key 
319010     INFO  main            d.u.i.k.p.i.AbstractProblemLoader Loading environment from /home/runner/work/key/key/key.core/../key.ui/examples/heap/permissions/threads/BFilter_workingPermissions_accessible.key 
319011     DEBUG main            d.u.i.k.p.i.AbstractProblemLoader Environment load took 54.5ns 
319011     INFO  main            d.u.i.k.p.i.AbstractProblemLoader Creating init config 
323596     DEBUG main            d.u.i.k.p.i.AbstractProblemLoader Init config took 4.58s 
323668     INFO  main            d.u.i.k.p.i.AbstractProblemLoader Replaying proof BFilter[ThreadSpec2::workingPermissions()].JML accessible clause.0 
323669     DEBUG main            d.u.i.k.p.i.IntermediateProofReplayer Proof replay took 6.7ns 
323771     INFO  main            d.u.i.k.p.r.p.TestFile    ... finished proof: closed. 
324153     INFO  main            d.u.i.k.p.i.AbstractProblemLoader Loading environment from /home/runner/work/key/key/key.core/../key.ui/examples/heap/permissions/threads/BFilter_workingPermissions_accessible.key.proof 
324153     DEBUG main            d.u.i.k.p.i.AbstractProblemLoader Environment load took 109.31ns 
324154     INFO  main            d.u.i.k.p.i.AbstractProblemLoader Creating init config 
328812     DEBUG main            d.u.i.k.p.i.AbstractProblemLoader Init config took 4.66s 
328903     INFO  main            d.u.i.k.p.i.AbstractProblemLoader Replaying proof BFilter[ThreadSpec2::workingPermissions()].JML accessible clause.0 
328912     DEBUG main            d.u.i.k.p.i.IntermediateProofReplayer Proof replay took 7.77ms 
328913     DEBUG main            d.u.i.k.p.r.p.TestFile    ... success: reloaded. 
328914     INFO  main            d.u.i.k.p.r.p.TestFile    Now processing file /home/runner/work/key/key/key.core/../key.ui/examples/heap/permissions/threads/Fib_Fib.key 
328915     INFO  main            d.u.i.k.p.i.AbstractProblemLoader Loading environment from /home/runner/work/key/key/key.core/../key.ui/examples/heap/permissions/threads/Fib_Fib.key 
328915     DEBUG main            d.u.i.k.p.i.AbstractProblemLoader Environment load took 179.11ns 
328916     INFO  main            d.u.i.k.p.i.AbstractProblemLoader Creating init config 
333546     DEBUG main            d.u.i.k.p.i.AbstractProblemLoader Init config took 4.63s 
333636     INFO  main            d.u.i.k.p.i.AbstractProblemLoader Replaying proof Fib[Fib::Fib(int)].JML normal_behavior operation contract.0 
333637     DEBUG main            d.u.i.k.p.i.IntermediateProofReplayer Proof replay took 7.5ns 
334243     INFO  main            d.u.i.k.p.r.p.TestFile    ... finished proof: closed. 
334675     INFO  main            d.u.i.k.p.i.AbstractProblemLoader Loading environment from /home/runner/work/key/key/key.core/../key.ui/examples/heap/permissions/threads/Fib_Fib.key.proof 
334675     DEBUG main            d.u.i.k.p.i.AbstractProblemLoader Environment load took 138.31ns 
334676     INFO  main            d.u.i.k.p.i.AbstractProblemLoader Creating init config 
339342     DEBUG main            d.u.i.k.p.i.AbstractProblemLoader Init config took 4.67s 
339423     INFO  main            d.u.i.k.p.i.AbstractProblemLoader Replaying proof Fib[Fib::Fib(int)].JML normal_behavior operation contract.0 
339526     DEBUG main            d.u.i.k.p.i.IntermediateProofReplayer Proof replay took 95.96ms 
339527     DEBUG main            d.u.i.k.p.r.p.TestFile    ... success: reloaded. 
339528     INFO  main            d.u.i.k.p.r.p.TestFile    Now processing file /home/runner/work/key/key/key.core/../key.ui/examples/heap/permissions/threads/Fib_initPost_accessible.key 
339528     INFO  main            d.u.i.k.p.i.AbstractProblemLoader Loading environment from /home/runner/work/key/key/key.core/../key.ui/examples/heap/permissions/threads/Fib_initPost_accessible.key 
339528     DEBUG main            d.u.i.k.p.i.AbstractProblemLoader Environment load took 87.01ns 
339529     INFO  main            d.u.i.k.p.i.AbstractProblemLoader Creating init config 
344262     DEBUG main            d.u.i.k.p.i.AbstractProblemLoader Init config took 4.73s 
344337     INFO  main            d.u.i.k.p.i.AbstractProblemLoader Replaying proof Fib[ThreadSpec::initPost()].JML accessible clause.0 
344339     DEBUG main            d.u.i.k.p.i.IntermediateProofReplayer Proof replay took 6.2ns 
344443     INFO  main            d.u.i.k.p.r.p.TestFile    ... finished proof: closed. 
344834     INFO  main            d.u.i.k.p.i.AbstractProblemLoader Loading environment from /home/runner/work/key/key/key.core/../key.ui/examples/heap/permissions/threads/Fib_initPost_accessible.key.proof 
344834     DEBUG main            d.u.i.k.p.i.AbstractProblemLoader Environment load took 110.51ns 
344835     INFO  main            d.u.i.k.p.i.AbstractProblemLoader Creating init config 
349388     DEBUG main            d.u.i.k.p.i.AbstractProblemLoader Init config took 4.55s 
349479     INFO  main            d.u.i.k.p.i.AbstractProblemLoader Replaying proof Fib[ThreadSpec::initPost()].JML accessible clause.0 
349485     DEBUG main            d.u.i.k.p.i.IntermediateProofReplayer Proof replay took 4.9ms 
349486     DEBUG main            d.u.i.k.p.r.p.TestFile    ... success: reloaded. 
349487     INFO  main            d.u.i.k.p.r.p.TestFile    Now processing file /home/runner/work/key/key/key.core/../key.ui/examples/heap/permissions/threads/Fib_inv1_accessible.key 
349487     INFO  main            d.u.i.k.p.i.AbstractProblemLoader Loading environment from /home/runner/work/key/key/key.core/../key.ui/examples/heap/permissions/threads/Fib_inv1_accessible.key 
349488     DEBUG main            d.u.i.k.p.i.AbstractProblemLoader Environment load took 74.01ns 
349488     INFO  main            d.u.i.k.p.i.AbstractProblemLoader Creating init config 
354004     DEBUG main            d.u.i.k.p.i.AbstractProblemLoader Init config took 4.52s 
354081     INFO  main            d.u.i.k.p.i.AbstractProblemLoader Replaying proof Fib[java.lang.Object::<inv>()].JML accessible clause.0 
354082     DEBUG main            d.u.i.k.p.i.IntermediateProofReplayer Proof replay took 6ns 
354184     INFO  main            d.u.i.k.p.r.p.TestFile    ... finished proof: closed. 
354572     INFO  main            d.u.i.k.p.i.AbstractProblemLoader Loading environment from /home/runner/work/key/key/key.core/../key.ui/examples/heap/permissions/threads/Fib_inv1_accessible.key.proof 
354572     DEBUG main            d.u.i.k.p.i.AbstractProblemLoader Environment load took 89.91ns 
354573     INFO  main            d.u.i.k.p.i.AbstractProblemLoader Creating init config 
359283     DEBUG main            d.u.i.k.p.i.AbstractProblemLoader Init config took 4.71s 
359378     INFO  main            d.u.i.k.p.i.AbstractProblemLoader Replaying proof Fib[java.lang.Object::<inv>()].JML accessible clause.0 
359381     DEBUG main            d.u.i.k.p.i.IntermediateProofReplayer Proof replay took 1.9ms 
359382     DEBUG main            d.u.i.k.p.r.p.TestFile    ... success: reloaded. 
359383     INFO  main            d.u.i.k.p.r.p.TestFile    Now processing file /home/runner/work/key/key/key.core/../key.ui/examples/heap/permissions/threads/Fib_inv2_accessible.key 
359383     INFO  main            d.u.i.k.p.i.AbstractProblemLoader Loading environment from /home/runner/work/key/key/key.core/../key.ui/examples/heap/permissions/threads/Fib_inv2_accessible.key 
359383     DEBUG main            d.u.i.k.p.i.AbstractProblemLoader Environment load took 74.91ns 
359384     INFO  main            d.u.i.k.p.i.AbstractProblemLoader Creating init config 
364265     DEBUG main            d.u.i.k.p.i.AbstractProblemLoader Init config took 4.88s 
364347     INFO  main            d.u.i.k.p.i.AbstractProblemLoader Replaying proof Fib[java.lang.Object::<inv>()].JML accessible clause.1 
364349     DEBUG main            d.u.i.k.p.i.IntermediateProofReplayer Proof replay took 7.3ns 
364450     INFO  main            d.u.i.k.p.r.p.TestFile    ... finished proof: closed. 
364863     INFO  main            d.u.i.k.p.i.AbstractProblemLoader Loading environment from /home/runner/work/key/key/key.core/../key.ui/examples/heap/permissions/threads/Fib_inv2_accessible.key.proof 
364863     DEBUG main            d.u.i.k.p.i.AbstractProblemLoader Environment load took 102.71ns 
364864     INFO  main            d.u.i.k.p.i.AbstractProblemLoader Creating init config 
369571     DEBUG main            d.u.i.k.p.i.AbstractProblemLoader Init config took 4.71s 
369649     INFO  main            d.u.i.k.p.i.AbstractProblemLoader Replaying proof Fib[java.lang.Object::<inv>()].JML accessible clause.1 
369652     DEBUG main            d.u.i.k.p.i.IntermediateProofReplayer Proof replay took 1.7ms 
369652     DEBUG main            d.u.i.k.p.r.p.TestFile    ... success: reloaded. 
369653     INFO  main            d.u.i.k.p.r.p.TestFile    Now processing file /home/runner/work/key/key/key.core/../key.ui/examples/heap/permissions/threads/Fib_joinTransfer_accessible.key 
369654     INFO  main            d.u.i.k.p.i.AbstractProblemLoader Loading environment from /home/runner/work/key/key/key.core/../key.ui/examples/heap/permissions/threads/Fib_joinTransfer_accessible.key 
369654     DEBUG main            d.u.i.k.p.i.AbstractProblemLoader Environment load took 77.01ns 
369654     INFO  main            d.u.i.k.p.i.AbstractProblemLoader Creating init config 
374331     DEBUG main            d.u.i.k.p.i.AbstractProblemLoader Init config took 4.68s 
374406     INFO  main            d.u.i.k.p.i.AbstractProblemLoader Replaying proof Fib[ThreadSpec::joinTransfer()].JML accessible clause.0 
374407     DEBUG main            d.u.i.k.p.i.IntermediateProofReplayer Proof replay took 6.1ns 
374610     INFO  main            d.u.i.k.p.r.p.TestFile    ... finished proof: closed. 
375024     INFO  main            d.u.i.k.p.i.AbstractProblemLoader Loading environment from /home/runner/work/key/key/key.core/../key.ui/examples/heap/permissions/threads/Fib_joinTransfer_accessible.key.proof 
375025     DEBUG main            d.u.i.k.p.i.AbstractProblemLoader Environment load took 96.51ns 
375025     INFO  main            d.u.i.k.p.i.AbstractProblemLoader Creating init config 
379516     DEBUG main            d.u.i.k.p.i.AbstractProblemLoader Init config took 4.49s 
379591     INFO  main            d.u.i.k.p.i.AbstractProblemLoader Replaying proof Fib[ThreadSpec::joinTransfer()].JML accessible clause.0 
379615     DEBUG main            d.u.i.k.p.i.IntermediateProofReplayer Proof replay took 22.21ms 
379615     DEBUG main            d.u.i.k.p.r.p.TestFile    ... success: reloaded. 
379616     INFO  main            d.u.i.k.p.r.p.TestFile    Now processing file /home/runner/work/key/key/key.core/../key.ui/examples/heap/permissions/threads/Fib_joinTransfer_contract.key 
379616     INFO  main            d.u.i.k.p.i.AbstractProblemLoader Loading environment from /home/runner/work/key/key/key.core/../key.ui/examples/heap/permissions/threads/Fib_joinTransfer_contract.key 
379616     DEBUG main            d.u.i.k.p.i.AbstractProblemLoader Environment load took 66.7ns 
379617     INFO  main            d.u.i.k.p.i.AbstractProblemLoader Creating init config 
384192     DEBUG main            d.u.i.k.p.i.AbstractProblemLoader Init config took 4.57s 
384291     INFO  main            d.u.i.k.p.i.AbstractProblemLoader Replaying proof Fib[ThreadSpec::joinTransfer()].JML model_behavior operation contract.0 
384292     DEBUG main            d.u.i.k.p.i.IntermediateProofReplayer Proof replay took 6.8ns 
384394     INFO  main            d.u.i.k.p.r.p.TestFile    ... finished proof: closed. 
384800     INFO  main            d.u.i.k.p.i.AbstractProblemLoader Loading environment from /home/runner/work/key/key/key.core/../key.ui/examples/heap/permissions/threads/Fib_joinTransfer_contract.key.proof 
384801     DEBUG main            d.u.i.k.p.i.AbstractProblemLoader Environment load took 118.11ns 
384801     INFO  main            d.u.i.k.p.i.AbstractProblemLoader Creating init config 
389513     DEBUG main            d.u.i.k.p.i.AbstractProblemLoader Init config took 4.71s 
389595     INFO  main            d.u.i.k.p.i.AbstractProblemLoader Replaying proof Fib[ThreadSpec::joinTransfer()].JML model_behavior operation contract.0 
389604     DEBUG main            d.u.i.k.p.i.IntermediateProofReplayer Proof replay took 6.82ms 
389604     DEBUG main            d.u.i.k.p.r.p.TestFile    ... success: reloaded. 
389605     INFO  main            d.u.i.k.p.r.p.TestFile    Now processing file /home/runner/work/key/key/key.core/../key.ui/examples/heap/permissions/threads/Fib_postJoin_accessible.key 
389606     INFO  main            d.u.i.k.p.i.AbstractProblemLoader Loading environment from /home/runner/work/key/key/key.core/../key.ui/examples/heap/permissions/threads/Fib_postJoin_accessible.key 
389606     DEBUG main            d.u.i.k.p.i.AbstractProblemLoader Environment load took 157.81ns 
389607     INFO  main            d.u.i.k.p.i.AbstractProblemLoader Creating init config 
394273     DEBUG main            d.u.i.k.p.i.AbstractProblemLoader Init config took 4.67s 
394352     INFO  main            d.u.i.k.p.i.AbstractProblemLoader Replaying proof Fib[ThreadSpec::postJoin(java.lang.Object)].JML accessible clause.0 
394355     DEBUG main            d.u.i.k.p.i.IntermediateProofReplayer Proof replay took 6.5ns 
394456     INFO  main            d.u.i.k.p.r.p.TestFile    ... finished proof: closed. 
394886     INFO  main            d.u.i.k.p.i.AbstractProblemLoader Loading environment from /home/runner/work/key/key/key.core/../key.ui/examples/heap/permissions/threads/Fib_postJoin_accessible.key.proof 
394886     DEBUG main            d.u.i.k.p.i.AbstractProblemLoader Environment load took 97.31ns 
394887     INFO  main            d.u.i.k.p.i.AbstractProblemLoader Creating init config 
399595     DEBUG main            d.u.i.k.p.i.AbstractProblemLoader Init config took 4.71s 
399681     INFO  main            d.u.i.k.p.i.AbstractProblemLoader Replaying proof Fib[ThreadSpec::postJoin(java.lang.Object)].JML accessible clause.0 
399687     DEBUG main            d.u.i.k.p.i.IntermediateProofReplayer Proof replay took 4.76ms 
399688     DEBUG main            d.u.i.k.p.r.p.TestFile    ... success: reloaded. 
399689     INFO  main            d.u.i.k.p.r.p.TestFile    Now processing file /home/runner/work/key/key/key.core/../key.ui/examples/heap/permissions/threads/Fib_preStart_accessible.key 
399689     INFO  main            d.u.i.k.p.i.AbstractProblemLoader Loading environment from /home/runner/work/key/key/key.core/../key.ui/examples/heap/permissions/threads/Fib_preStart_accessible.key 
399689     DEBUG main            d.u.i.k.p.i.AbstractProblemLoader Environment load took 98.51ns 
399690     INFO  main            d.u.i.k.p.i.AbstractProblemLoader Creating init config 
404331     DEBUG main            d.u.i.k.p.i.AbstractProblemLoader Init config took 4.64s 
404412     INFO  main            d.u.i.k.p.i.AbstractProblemLoader Replaying proof Fib[ThreadSpec::preStart(java.lang.Object)].JML accessible clause.0 
404413     DEBUG main            d.u.i.k.p.i.IntermediateProofReplayer Proof replay took 6.6ns 
404515     INFO  main            d.u.i.k.p.r.p.TestFile    ... finished proof: closed. 
404946     INFO  main            d.u.i.k.p.i.AbstractProblemLoader Loading environment from /home/runner/work/key/key/key.core/../key.ui/examples/heap/permissions/threads/Fib_preStart_accessible.key.proof 
404946     DEBUG main            d.u.i.k.p.i.AbstractProblemLoader Environment load took 104.01ns 
404947     INFO  main            d.u.i.k.p.i.AbstractProblemLoader Creating init config 
409458     DEBUG main            d.u.i.k.p.i.AbstractProblemLoader Init config took 4.51s 
409538     INFO  main            d.u.i.k.p.i.AbstractProblemLoader Replaying proof Fib[ThreadSpec::preStart(java.lang.Object)].JML accessible clause.0 
409545     DEBUG main            d.u.i.k.p.i.IntermediateProofReplayer Proof replay took 5.6ms 
409546     DEBUG main            d.u.i.k.p.r.p.TestFile    ... success: reloaded. 
409547     INFO  main            d.u.i.k.p.r.p.TestFile    Now processing file /home/runner/work/key/key/key.core/../key.ui/examples/heap/permissions/threads/Fib_startTransfer_accessible.key 
409547     INFO  main            d.u.i.k.p.i.AbstractProblemLoader Loading environment from /home/runner/work/key/key/key.core/../key.ui/examples/heap/permissions/threads/Fib_startTransfer_accessible.key 
409548     DEBUG main            d.u.i.k.p.i.AbstractProblemLoader Environment load took 73.5ns 
409548     INFO  main            d.u.i.k.p.i.AbstractProblemLoader Creating init config 
414160     DEBUG main            d.u.i.k.p.i.AbstractProblemLoader Init config took 4.61s 
414235     INFO  main            d.u.i.k.p.i.AbstractProblemLoader Replaying proof Fib[ThreadSpec::startTransfer()].JML accessible clause.0 
414237     DEBUG main            d.u.i.k.p.i.IntermediateProofReplayer Proof replay took 6.5ns 
414440     INFO  main            d.u.i.k.p.r.p.TestFile    ... finished proof: closed. 
414873     INFO  main            d.u.i.k.p.i.AbstractProblemLoader Loading environment from /home/runner/work/key/key/key.core/../key.ui/examples/heap/permissions/threads/Fib_startTransfer_accessible.key.proof 
414874     DEBUG main            d.u.i.k.p.i.AbstractProblemLoader Environment load took 104.41ns 
414874     INFO  main            d.u.i.k.p.i.AbstractProblemLoader Creating init config 
419379     DEBUG main            d.u.i.k.p.i.AbstractProblemLoader Init config took 4.5s 
419452     INFO  main            d.u.i.k.p.i.AbstractProblemLoader Replaying proof Fib[ThreadSpec::startTransfer()].JML accessible clause.0 
419496     DEBUG main            d.u.i.k.p.i.IntermediateProofReplayer Proof replay took 38.88ms 
419497     DEBUG main            d.u.i.k.p.r.p.TestFile    ... success: reloaded. 
419498     INFO  main            d.u.i.k.p.r.p.TestFile    Now processing file /home/runner/work/key/key/key.core/../key.ui/examples/heap/permissions/threads/Fib_startTransfer_contract.key 
419498     INFO  main            d.u.i.k.p.i.AbstractProblemLoader Loading environment from /home/runner/work/key/key/key.core/../key.ui/examples/heap/permissions/threads/Fib_startTransfer_contract.key 
419498     DEBUG main            d.u.i.k.p.i.AbstractProblemLoader Environment load took 146.81ns 
419499     INFO  main            d.u.i.k.p.i.AbstractProblemLoader Creating init config 
424146     DEBUG main            d.u.i.k.p.i.AbstractProblemLoader Init config took 4.65s 
424222     INFO  main            d.u.i.k.p.i.AbstractProblemLoader Replaying proof Fib[ThreadSpec::startTransfer()].JML model_behavior operation contract.0 
424223     DEBUG main            d.u.i.k.p.i.IntermediateProofReplayer Proof replay took 6.9ns 
424328     INFO  main            d.u.i.k.p.r.p.TestFile    ... finished proof: closed. 
424772     INFO  main            d.u.i.k.p.i.AbstractProblemLoader Loading environment from /home/runner/work/key/key/key.core/../key.ui/examples/heap/permissions/threads/Fib_startTransfer_contract.key.proof 
424772     DEBUG main            d.u.i.k.p.i.AbstractProblemLoader Environment load took 116.21ns 
424773     INFO  main            d.u.i.k.p.i.AbstractProblemLoader Creating init config 
429327     DEBUG main            d.u.i.k.p.i.AbstractProblemLoader Init config took 4.55s 
429406     INFO  main            d.u.i.k.p.i.AbstractProblemLoader Replaying proof Fib[ThreadSpec::startTransfer()].JML model_behavior operation contract.0 
429413     DEBUG main            d.u.i.k.p.i.IntermediateProofReplayer Proof replay took 5.74ms 
429413     DEBUG main            d.u.i.k.p.r.p.TestFile    ... success: reloaded. 
429414     INFO  main            d.u.i.k.p.r.p.TestFile    Now processing file /home/runner/work/key/key/key.core/../key.ui/examples/heap/permissions/threads/Fib_workingPermissions_accessible.key 
429414     INFO  main            d.u.i.k.p.i.AbstractProblemLoader Loading environment from /home/runner/work/key/key/key.core/../key.ui/examples/heap/permissions/threads/Fib_workingPermissions_accessible.key 
429414     DEBUG main            d.u.i.k.p.i.AbstractProblemLoader Environment load took 47.9ns 
429415     INFO  main            d.u.i.k.p.i.AbstractProblemLoader Creating init config 
434099     DEBUG main            d.u.i.k.p.i.AbstractProblemLoader Init config took 4.68s 
434175     INFO  main            d.u.i.k.p.i.AbstractProblemLoader Replaying proof Fib[ThreadSpec::workingPermissions()].JML accessible clause.0 
434176     DEBUG main            d.u.i.k.p.i.IntermediateProofReplayer Proof replay took 6.6ns 
434278     INFO  main            d.u.i.k.p.r.p.TestFile    ... finished proof: closed. 
434732     INFO  main            d.u.i.k.p.i.AbstractProblemLoader Loading environment from /home/runner/work/key/key/key.core/../key.ui/examples/heap/permissions/threads/Fib_workingPermissions_accessible.key.proof 
434732     DEBUG main            d.u.i.k.p.i.AbstractProblemLoader Environment load took 135.81ns 
434733     INFO  main            d.u.i.k.p.i.AbstractProblemLoader Creating init config 
439436     DEBUG main            d.u.i.k.p.i.AbstractProblemLoader Init config took 4.7s 
439508     INFO  main            d.u.i.k.p.i.AbstractProblemLoader Replaying proof Fib[ThreadSpec::workingPermissions()].JML accessible clause.0 
439511     DEBUG main            d.u.i.k.p.i.IntermediateProofReplayer Proof replay took 2.05ms 
439512     DEBUG main            d.u.i.k.p.r.p.TestFile    ... success: reloaded. 
439512     INFO  main            d.u.i.k.p.r.p.TestFile    Now processing file /home/runner/work/key/key/key.core/../key.ui/examples/heap/permissions/threads/Plotter_initPost_accessible.key 
439513     INFO  main            d.u.i.k.p.i.AbstractProblemLoader Loading environment from /home/runner/work/key/key/key.core/../key.ui/examples/heap/permissions/threads/Plotter_initPost_accessible.key 
439513     DEBUG main            d.u.i.k.p.i.AbstractProblemLoader Environment load took 47.2ns 
439513     INFO  main            d.u.i.k.p.i.AbstractProblemLoader Creating init config 
444061     DEBUG main            d.u.i.k.p.i.AbstractProblemLoader Init config took 4.55s 
444159     INFO  main            d.u.i.k.p.i.AbstractProblemLoader Replaying proof Plotter[ThreadSpec2::initPost()].JML accessible clause.0 
444161     DEBUG main            d.u.i.k.p.i.IntermediateProofReplayer Proof replay took 7.1ns 
444263     INFO  main            d.u.i.k.p.r.p.TestFile    ... finished proof: closed. 
444722     INFO  main            d.u.i.k.p.i.AbstractProblemLoader Loading environment from /home/runner/work/key/key/key.core/../key.ui/examples/heap/permissions/threads/Plotter_initPost_accessible.key.proof 
444722     DEBUG main            d.u.i.k.p.i.AbstractProblemLoader Environment load took 100.71ns 
444723     INFO  main            d.u.i.k.p.i.AbstractProblemLoader Creating init config 
449391     DEBUG main            d.u.i.k.p.i.AbstractProblemLoader Init config took 4.67s 
449483     INFO  main            d.u.i.k.p.i.AbstractProblemLoader Replaying proof Plotter[ThreadSpec2::initPost()].JML accessible clause.0 
449499     DEBUG main            d.u.i.k.p.i.IntermediateProofReplayer Proof replay took 14.24ms 
449500     DEBUG main            d.u.i.k.p.r.p.TestFile    ... success: reloaded. 
449501     INFO  main            d.u.i.k.p.r.p.TestFile    Now processing file /home/runner/work/key/key/key.core/../key.ui/examples/heap/permissions/threads/Plotter_inv_accessible1.key 
449501     INFO  main            d.u.i.k.p.i.AbstractProblemLoader Loading environment from /home/runner/work/key/key/key.core/../key.ui/examples/heap/permissions/threads/Plotter_inv_accessible1.key 
449501     DEBUG main            d.u.i.k.p.i.AbstractProblemLoader Environment load took 49.9ns 
449502     INFO  main            d.u.i.k.p.i.AbstractProblemLoader Creating init config 
454110     DEBUG main            d.u.i.k.p.i.AbstractProblemLoader Init config took 4.61s 
454182     INFO  main            d.u.i.k.p.i.AbstractProblemLoader Replaying proof Plotter[java.lang.Object::<inv>()].JML accessible clause.0 
454184     DEBUG main            d.u.i.k.p.i.IntermediateProofReplayer Proof replay took 7.5ns 
454286     INFO  main            d.u.i.k.p.r.p.TestFile    ... finished proof: closed. 
454735     INFO  main            d.u.i.k.p.i.AbstractProblemLoader Loading environment from /home/runner/work/key/key/key.core/../key.ui/examples/heap/permissions/threads/Plotter_inv_accessible1.key.proof 
454735     DEBUG main            d.u.i.k.p.i.AbstractProblemLoader Environment load took 113.81ns 
454736     INFO  main            d.u.i.k.p.i.AbstractProblemLoader Creating init config 
459268     DEBUG main            d.u.i.k.p.i.AbstractProblemLoader Init config took 4.53s 
459359     INFO  main            d.u.i.k.p.i.AbstractProblemLoader Replaying proof Plotter[java.lang.Object::<inv>()].JML accessible clause.0 
459362     DEBUG main            d.u.i.k.p.i.IntermediateProofReplayer Proof replay took 1.73ms 
459363     DEBUG main            d.u.i.k.p.r.p.TestFile    ... success: reloaded. 
459364     INFO  main            d.u.i.k.p.r.p.TestFile    Now processing file /home/runner/work/key/key/key.core/../key.ui/examples/heap/permissions/threads/Plotter_inv_accessible2.key 
459364     INFO  main            d.u.i.k.p.i.AbstractProblemLoader Loading environment from /home/runner/work/key/key/key.core/../key.ui/examples/heap/permissions/threads/Plotter_inv_accessible2.key 
459364     DEBUG main            d.u.i.k.p.i.AbstractProblemLoader Environment load took 74.11ns 
459365     INFO  main            d.u.i.k.p.i.AbstractProblemLoader Creating init config 
464009     DEBUG main            d.u.i.k.p.i.AbstractProblemLoader Init config took 4.64s 
464084     INFO  main            d.u.i.k.p.i.AbstractProblemLoader Replaying proof Plotter[java.lang.Object::<inv>()].JML accessible clause.1 
464085     DEBUG main            d.u.i.k.p.i.IntermediateProofReplayer Proof replay took 6ns 
464187     INFO  main            d.u.i.k.p.r.p.TestFile    ... finished proof: closed. 
464645     INFO  main            d.u.i.k.p.i.AbstractProblemLoader Loading environment from /home/runner/work/key/key/key.core/../key.ui/examples/heap/permissions/threads/Plotter_inv_accessible2.key.proof 
464645     DEBUG main            d.u.i.k.p.i.AbstractProblemLoader Environment load took 92.4ns 
464646     INFO  main            d.u.i.k.p.i.AbstractProblemLoader Creating init config 
469215     DEBUG main            d.u.i.k.p.i.AbstractProblemLoader Init config took 4.57s 
469289     INFO  main            d.u.i.k.p.i.AbstractProblemLoader Replaying proof Plotter[java.lang.Object::<inv>()].JML accessible clause.1 
469292     DEBUG main            d.u.i.k.p.i.IntermediateProofReplayer Proof replay took 1.41ms 
469292     DEBUG main            d.u.i.k.p.r.p.TestFile    ... success: reloaded. 
469293     INFO  main            d.u.i.k.p.r.p.TestFile    Now processing file /home/runner/work/key/key/key.core/../key.ui/examples/heap/permissions/threads/Plotter_joinTransfer_contract.key 
469293     INFO  main            d.u.i.k.p.i.AbstractProblemLoader Loading environment from /home/runner/work/key/key/key.core/../key.ui/examples/heap/permissions/threads/Plotter_joinTransfer_contract.key 
469293     DEBUG main            d.u.i.k.p.i.AbstractProblemLoader Environment load took 45.5ns 
469294     INFO  main            d.u.i.k.p.i.AbstractProblemLoader Creating init config 
473911     DEBUG main            d.u.i.k.p.i.AbstractProblemLoader Init config took 4.62s 
473998     INFO  main            d.u.i.k.p.i.AbstractProblemLoader Replaying proof Plotter[ThreadSpec2::joinTransfer()].JML model_behavior operation contract.0 
474000     DEBUG main            d.u.i.k.p.i.IntermediateProofReplayer Proof replay took 6.8ns 
474102     INFO  main            d.u.i.k.p.r.p.TestFile    ... finished proof: closed. 
474565     INFO  main            d.u.i.k.p.i.AbstractProblemLoader Loading environment from /home/runner/work/key/key/key.core/../key.ui/examples/heap/permissions/threads/Plotter_joinTransfer_contract.key.proof 
474565     DEBUG main            d.u.i.k.p.i.AbstractProblemLoader Environment load took 94.21ns 
474566     INFO  main            d.u.i.k.p.i.AbstractProblemLoader Creating init config 
479119     DEBUG main            d.u.i.k.p.i.AbstractProblemLoader Init config took 4.55s 
479195     INFO  main            d.u.i.k.p.i.AbstractProblemLoader Replaying proof Plotter[ThreadSpec2::joinTransfer()].JML model_behavior operation contract.0 
479203     DEBUG main            d.u.i.k.p.i.IntermediateProofReplayer Proof replay took 6.67ms 
479204     DEBUG main            d.u.i.k.p.r.p.TestFile    ... success: reloaded. 
479205     INFO  main            d.u.i.k.p.r.p.TestFile    Now processing file /home/runner/work/key/key/key.core/../key.ui/examples/heap/permissions/threads/Plotter_Plotter.key 
479205     INFO  main            d.u.i.k.p.i.AbstractProblemLoader Loading environment from /home/runner/work/key/key/key.core/../key.ui/examples/heap/permissions/threads/Plotter_Plotter.key 
479205     DEBUG main            d.u.i.k.p.i.AbstractProblemLoader Environment load took 50.5ns 
479206     INFO  main            d.u.i.k.p.i.AbstractProblemLoader Creating init config 
483775     DEBUG main            d.u.i.k.p.i.AbstractProblemLoader Init config took 4.57s 
483867     INFO  main            d.u.i.k.p.i.AbstractProblemLoader Replaying proof Plotter[Plotter::Plotter(AFilter,BFilter,Buffer)].JML normal_behavior operation contract.0 
483868     DEBUG main            d.u.i.k.p.i.IntermediateProofReplayer Proof replay took 7.2ns 
485597     INFO  main            d.u.i.k.p.r.p.TestFile    ... finished proof: closed. 
486087     INFO  main            d.u.i.k.p.i.AbstractProblemLoader Loading environment from /home/runner/work/key/key/key.core/../key.ui/examples/heap/permissions/threads/Plotter_Plotter.key.proof 
486087     DEBUG main            d.u.i.k.p.i.AbstractProblemLoader Environment load took 352.83ns 
486088     INFO  main            d.u.i.k.p.i.AbstractProblemLoader Creating init config 
490575     DEBUG main            d.u.i.k.p.i.AbstractProblemLoader Init config took 4.49s 
490652     INFO  main            d.u.i.k.p.i.AbstractProblemLoader Replaying proof Plotter[Plotter::Plotter(AFilter,BFilter,Buffer)].JML normal_behavior operation contract.0 
490895     DEBUG main            d.u.i.k.p.i.IntermediateProofReplayer Proof replay took 239.2ms 
490896     DEBUG main            d.u.i.k.p.r.p.TestFile    ... success: reloaded. 
490897     INFO  main            d.u.i.k.p.r.p.TestFile    Now processing file /home/runner/work/key/key/key.core/../key.ui/examples/heap/permissions/threads/Plotter_postJoin_accessible.key 
490898     INFO  main            d.u.i.k.p.i.AbstractProblemLoader Loading environment from /home/runner/work/key/key/key.core/../key.ui/examples/heap/permissions/threads/Plotter_postJoin_accessible.key 
490898     DEBUG main            d.u.i.k.p.i.AbstractProblemLoader Environment load took 60.1ns 
490898     INFO  main            d.u.i.k.p.i.AbstractProblemLoader Creating init config 
495461     DEBUG main            d.u.i.k.p.i.AbstractProblemLoader Init config took 4.56s 
495537     INFO  main            d.u.i.k.p.i.AbstractProblemLoader Replaying proof Plotter[ThreadSpec2::postJoin(java.lang.Object)].JML accessible clause.0 
495538     DEBUG main            d.u.i.k.p.i.IntermediateProofReplayer Proof replay took 6.2ns 
495640     INFO  main            d.u.i.k.p.r.p.TestFile    ... finished proof: closed. 
496140     INFO  main            d.u.i.k.p.i.AbstractProblemLoader Loading environment from /home/runner/work/key/key/key.core/../key.ui/examples/heap/permissions/threads/Plotter_postJoin_accessible.key.proof 
496140     DEBUG main            d.u.i.k.p.i.AbstractProblemLoader Environment load took 97.31ns 
496140     INFO  main            d.u.i.k.p.i.AbstractProblemLoader Creating init config 
500611     DEBUG main            d.u.i.k.p.i.AbstractProblemLoader Init config took 4.47s 
500686     INFO  main            d.u.i.k.p.i.AbstractProblemLoader Replaying proof Plotter[ThreadSpec2::postJoin(java.lang.Object)].JML accessible clause.0 
500698     DEBUG main            d.u.i.k.p.i.IntermediateProofReplayer Proof replay took 11.22ms 
500699     DEBUG main            d.u.i.k.p.r.p.TestFile    ... success: reloaded. 
500700     INFO  main            d.u.i.k.p.r.p.TestFile    Now processing file /home/runner/work/key/key/key.core/../key.ui/examples/heap/permissions/threads/Plotter_preStart_accessible.key 
500700     INFO  main            d.u.i.k.p.i.AbstractProblemLoader Loading environment from /home/runner/work/key/key/key.core/../key.ui/examples/heap/permissions/threads/Plotter_preStart_accessible.key 
500700     DEBUG main            d.u.i.k.p.i.AbstractProblemLoader Environment load took 71.5ns 
500701     INFO  main            d.u.i.k.p.i.AbstractProblemLoader Creating init config 
505238     DEBUG main            d.u.i.k.p.i.AbstractProblemLoader Init config took 4.54s 
505313     INFO  main            d.u.i.k.p.i.AbstractProblemLoader Replaying proof Plotter[ThreadSpec2::preStart(java.lang.Object)].JML accessible clause.0 
505314     DEBUG main            d.u.i.k.p.i.IntermediateProofReplayer Proof replay took 7.5ns 
506418     INFO  main            d.u.i.k.p.r.p.TestFile    ... finished proof: closed. 
506910     INFO  main            d.u.i.k.p.i.AbstractProblemLoader Loading environment from /home/runner/work/key/key/key.core/../key.ui/examples/heap/permissions/threads/Plotter_preStart_accessible.key.proof 
506910     DEBUG main            d.u.i.k.p.i.AbstractProblemLoader Environment load took 89.81ns 
506911     INFO  main            d.u.i.k.p.i.AbstractProblemLoader Creating init config 
511410     DEBUG main            d.u.i.k.p.i.AbstractProblemLoader Init config took 4.5s 
511482     INFO  main            d.u.i.k.p.i.AbstractProblemLoader Replaying proof Plotter[ThreadSpec2::preStart(java.lang.Object)].JML accessible clause.0 
511561     DEBUG main            d.u.i.k.p.i.IntermediateProofReplayer Proof replay took 75.67ms 
511562     DEBUG main            d.u.i.k.p.r.p.TestFile    ... success: reloaded. 
511563     INFO  main            d.u.i.k.p.r.p.TestFile    Now processing file /home/runner/work/key/key/key.core/../key.ui/examples/heap/permissions/threads/Plotter_stateInv_accessible.key 
511563     INFO  main            d.u.i.k.p.i.AbstractProblemLoader Loading environment from /home/runner/work/key/key/key.core/../key.ui/examples/heap/permissions/threads/Plotter_stateInv_accessible.key 
511563     DEBUG main            d.u.i.k.p.i.AbstractProblemLoader Environment load took 51.4ns 
511564     INFO  main            d.u.i.k.p.i.AbstractProblemLoader Creating init config 
516152     DEBUG main            d.u.i.k.p.i.AbstractProblemLoader Init config took 4.59s 
516228     INFO  main            d.u.i.k.p.i.AbstractProblemLoader Replaying proof Plotter[ThreadSpec2::stateInv()].JML accessible clause.0 
516229     DEBUG main            d.u.i.k.p.i.IntermediateProofReplayer Proof replay took 5.5ns 
523877     INFO  main            d.u.i.k.p.r.p.TestFile    ... finished proof: closed. 
524395     INFO  main            d.u.i.k.p.i.AbstractProblemLoader Loading environment from /home/runner/work/key/key/key.core/../key.ui/examples/heap/permissions/threads/Plotter_stateInv_accessible.key.proof 
524395     DEBUG main            d.u.i.k.p.i.AbstractProblemLoader Environment load took 92.51ns 
524397     INFO  main            d.u.i.k.p.i.AbstractProblemLoader Creating init config 
528868     DEBUG main            d.u.i.k.p.i.AbstractProblemLoader Init config took 4.47s 
528954     INFO  main            d.u.i.k.p.i.AbstractProblemLoader Replaying proof Plotter[ThreadSpec2::stateInv()].JML accessible clause.0 
529572     DEBUG main            d.u.i.k.p.i.IntermediateProofReplayer Proof replay took 604.17ms 
529573     DEBUG main            d.u.i.k.p.r.p.TestFile    ... success: reloaded. 
529574     INFO  main            d.u.i.k.p.r.p.TestFile    Now processing file /home/runner/work/key/key/key.core/../key.ui/examples/heap/permissions/threads/Plotter_staticPermissions_accessible.key 
529575     INFO  main            d.u.i.k.p.i.AbstractProblemLoader Loading environment from /home/runner/work/key/key/key.core/../key.ui/examples/heap/permissions/threads/Plotter_staticPermissions_accessible.key 
529575     DEBUG main            d.u.i.k.p.i.AbstractProblemLoader Environment load took 74.81ns 
529576     INFO  main            d.u.i.k.p.i.AbstractProblemLoader Creating init config 
534218     DEBUG main            d.u.i.k.p.i.AbstractProblemLoader Init config took 4.64s 
534292     INFO  main            d.u.i.k.p.i.AbstractProblemLoader Replaying proof Plotter[ThreadSpec2::staticPermissions()].JML accessible clause.0 
534293     DEBUG main            d.u.i.k.p.i.IntermediateProofReplayer Proof replay took 33.9ns 
534996     INFO  main            d.u.i.k.p.r.p.TestFile    ... finished proof: closed. 
535512     INFO  main            d.u.i.k.p.i.AbstractProblemLoader Loading environment from /home/runner/work/key/key/key.core/../key.ui/examples/heap/permissions/threads/Plotter_staticPermissions_accessible.key.proof 
535512     DEBUG main            d.u.i.k.p.i.AbstractProblemLoader Environment load took 83.71ns 
535513     INFO  main            d.u.i.k.p.i.AbstractProblemLoader Creating init config 
540023     DEBUG main            d.u.i.k.p.i.AbstractProblemLoader Init config took 4.51s 
540101     INFO  main            d.u.i.k.p.i.AbstractProblemLoader Replaying proof Plotter[ThreadSpec2::staticPermissions()].JML accessible clause.0 
540157     DEBUG main            d.u.i.k.p.i.IntermediateProofReplayer Proof replay took 53.84ms 
540158     DEBUG main            d.u.i.k.p.r.p.TestFile    ... success: reloaded. 
540159     INFO  main            d.u.i.k.p.r.p.TestFile    Now processing file /home/runner/work/key/key/key.core/../key.ui/examples/heap/permissions/threads/Plotter_workingPermissions_accessible.key 
540159     INFO  main            d.u.i.k.p.i.AbstractProblemLoader Loading environment from /home/runner/work/key/key/key.core/../key.ui/examples/heap/permissions/threads/Plotter_workingPermissions_accessible.key 
540159     DEBUG main            d.u.i.k.p.i.AbstractProblemLoader Environment load took 97.61ns 
540160     INFO  main            d.u.i.k.p.i.AbstractProblemLoader Creating init config 
544707     DEBUG main            d.u.i.k.p.i.AbstractProblemLoader Init config took 4.55s 
544790     INFO  main            d.u.i.k.p.i.AbstractProblemLoader Replaying proof Plotter[ThreadSpec2::workingPermissions()].JML accessible clause.0 
544792     DEBUG main            d.u.i.k.p.i.IntermediateProofReplayer Proof replay took 2.9ns 
544994     INFO  main            d.u.i.k.p.r.p.TestFile    ... finished proof: closed. 
545522     INFO  main            d.u.i.k.p.i.AbstractProblemLoader Loading environment from /home/runner/work/key/key/key.core/../key.ui/examples/heap/permissions/threads/Plotter_workingPermissions_accessible.key.proof 
545522     DEBUG main            d.u.i.k.p.i.AbstractProblemLoader Environment load took 81.5ns 
545522     INFO  main            d.u.i.k.p.i.AbstractProblemLoader Creating init config 
550209     DEBUG main            d.u.i.k.p.i.AbstractProblemLoader Init config took 4.69s 
550288     INFO  main            d.u.i.k.p.i.AbstractProblemLoader Replaying proof Plotter[ThreadSpec2::workingPermissions()].JML accessible clause.0 
550303     DEBUG main            d.u.i.k.p.i.IntermediateProofReplayer Proof replay took 14.1ms 
550304     DEBUG main            d.u.i.k.p.r.p.TestFile    ... success: reloaded. 
550305     INFO  main            d.u.i.k.p.r.p.TestFile    Now processing file /home/runner/work/key/key/key.core/../key.ui/examples/heap/permissions/threads/Sampler_initPost_accessible.key 
550305     INFO  main            d.u.i.k.p.i.AbstractProblemLoader Loading environment from /home/runner/work/key/key/key.core/../key.ui/examples/heap/permissions/threads/Sampler_initPost_accessible.key 
550305     DEBUG main            d.u.i.k.p.i.AbstractProblemLoader Environment load took 68.61ns 
550306     INFO  main            d.u.i.k.p.i.AbstractProblemLoader Creating init config 
555048     DEBUG main            d.u.i.k.p.i.AbstractProblemLoader Init config took 4.74s 
555127     INFO  main            d.u.i.k.p.i.AbstractProblemLoader Replaying proof Sampler[ThreadSpec2::initPost()].JML accessible clause.0 
555128     DEBUG main            d.u.i.k.p.i.IntermediateProofReplayer Proof replay took 3.5ns 
555230     INFO  main            d.u.i.k.p.r.p.TestFile    ... finished proof: closed. 
555763     INFO  main            d.u.i.k.p.i.AbstractProblemLoader Loading environment from /home/runner/work/key/key/key.core/../key.ui/examples/heap/permissions/threads/Sampler_initPost_accessible.key.proof 
555763     DEBUG main            d.u.i.k.p.i.AbstractProblemLoader Environment load took 83.61ns 
555764     INFO  main            d.u.i.k.p.i.AbstractProblemLoader Creating init config 
560376     DEBUG main            d.u.i.k.p.i.AbstractProblemLoader Init config took 4.61s 
560450     INFO  main            d.u.i.k.p.i.AbstractProblemLoader Replaying proof Sampler[ThreadSpec2::initPost()].JML accessible clause.0 
560457     DEBUG main            d.u.i.k.p.i.IntermediateProofReplayer Proof replay took 5.65ms 
560458     DEBUG main            d.u.i.k.p.r.p.TestFile    ... success: reloaded. 
560459     INFO  main            d.u.i.k.p.r.p.TestFile    Now processing file /home/runner/work/key/key/key.core/../key.ui/examples/heap/permissions/threads/Sampler_inv_accessible1.key 
560459     INFO  main            d.u.i.k.p.i.AbstractProblemLoader Loading environment from /home/runner/work/key/key/key.core/../key.ui/examples/heap/permissions/threads/Sampler_inv_accessible1.key 
560459     DEBUG main            d.u.i.k.p.i.AbstractProblemLoader Environment load took 44ns 
560460     INFO  main            d.u.i.k.p.i.AbstractProblemLoader Creating init config 
565000     DEBUG main            d.u.i.k.p.i.AbstractProblemLoader Init config took 4.54s 
565074     INFO  main            d.u.i.k.p.i.AbstractProblemLoader Replaying proof Sampler[java.lang.Object::<inv>()].JML accessible clause.0 
565075     DEBUG main            d.u.i.k.p.i.IntermediateProofReplayer Proof replay took 2.8ns 
565180     INFO  main            d.u.i.k.p.r.p.TestFile    ... finished proof: closed. 
565703     INFO  main            d.u.i.k.p.i.AbstractProblemLoader Loading environment from /home/runner/work/key/key/key.core/../key.ui/examples/heap/permissions/threads/Sampler_inv_accessible1.key.proof 
565704     DEBUG main            d.u.i.k.p.i.AbstractProblemLoader Environment load took 86.51ns 
565704     INFO  main            d.u.i.k.p.i.AbstractProblemLoader Creating init config 
570357     DEBUG main            d.u.i.k.p.i.AbstractProblemLoader Init config took 4.65s 
570429     INFO  main            d.u.i.k.p.i.AbstractProblemLoader Replaying proof Sampler[java.lang.Object::<inv>()].JML accessible clause.0 
570431     DEBUG main            d.u.i.k.p.i.IntermediateProofReplayer Proof replay took 1.52ms 
570432     DEBUG main            d.u.i.k.p.r.p.TestFile    ... success: reloaded. 
570433     INFO  main            d.u.i.k.p.r.p.TestFile    Now processing file /home/runner/work/key/key/key.core/../key.ui/examples/heap/permissions/threads/Sampler_inv_accessible2.key 
570433     INFO  main            d.u.i.k.p.i.AbstractProblemLoader Loading environment from /home/runner/work/key/key/key.core/../key.ui/examples/heap/permissions/threads/Sampler_inv_accessible2.key 
570433     DEBUG main            d.u.i.k.p.i.AbstractProblemLoader Environment load took 36ns 
570434     INFO  main            d.u.i.k.p.i.AbstractProblemLoader Creating init config 
575026     DEBUG main            d.u.i.k.p.i.AbstractProblemLoader Init config took 4.59s 
575116     INFO  main            d.u.i.k.p.i.AbstractProblemLoader Replaying proof Sampler[java.lang.Object::<inv>()].JML accessible clause.1 
575118     DEBUG main            d.u.i.k.p.i.IntermediateProofReplayer Proof replay took 2.7ns 
575219     INFO  main            d.u.i.k.p.r.p.TestFile    ... finished proof: closed. 
575730     INFO  main            d.u.i.k.p.i.AbstractProblemLoader Loading environment from /home/runner/work/key/key/key.core/../key.ui/examples/heap/permissions/threads/Sampler_inv_accessible2.key.proof 
575730     DEBUG main            d.u.i.k.p.i.AbstractProblemLoader Environment load took 104.81ns 
575731     INFO  main            d.u.i.k.p.i.AbstractProblemLoader Creating init config 
580257     DEBUG main            d.u.i.k.p.i.AbstractProblemLoader Init config took 4.53s 
580334     INFO  main            d.u.i.k.p.i.AbstractProblemLoader Replaying proof Sampler[java.lang.Object::<inv>()].JML accessible clause.1 
580336     DEBUG main            d.u.i.k.p.i.IntermediateProofReplayer Proof replay took 1.5ms 
580337     DEBUG main            d.u.i.k.p.r.p.TestFile    ... success: reloaded. 
580338     INFO  main            d.u.i.k.p.r.p.TestFile    Now processing file /home/runner/work/key/key/key.core/../key.ui/examples/heap/permissions/threads/Sampler_joinTransfer_accessible.key 
580338     INFO  main            d.u.i.k.p.i.AbstractProblemLoader Loading environment from /home/runner/work/key/key/key.core/../key.ui/examples/heap/permissions/threads/Sampler_joinTransfer_accessible.key 
580338     DEBUG main            d.u.i.k.p.i.AbstractProblemLoader Environment load took 76.2ns 
580339     INFO  main            d.u.i.k.p.i.AbstractProblemLoader Creating init config 
584918     DEBUG main            d.u.i.k.p.i.AbstractProblemLoader Init config took 4.58s 
584991     INFO  main            d.u.i.k.p.i.AbstractProblemLoader Replaying proof Sampler[ThreadSpec2::joinTransfer()].JML accessible clause.0 
584993     DEBUG main            d.u.i.k.p.i.IntermediateProofReplayer Proof replay took 3ns 
588532     INFO  main            d.u.i.k.p.r.p.TestFile    ... finished proof: closed. 
589082     INFO  main            d.u.i.k.p.i.AbstractProblemLoader Loading environment from /home/runner/work/key/key/key.core/../key.ui/examples/heap/permissions/threads/Sampler_joinTransfer_accessible.key.proof 
589082     DEBUG main            d.u.i.k.p.i.AbstractProblemLoader Environment load took 86.71ns 
589083     INFO  main            d.u.i.k.p.i.AbstractProblemLoader Creating init config 
593644     DEBUG main            d.u.i.k.p.i.AbstractProblemLoader Init config took 4.56s 
593717     INFO  main            d.u.i.k.p.i.AbstractProblemLoader Replaying proof Sampler[ThreadSpec2::joinTransfer()].JML accessible clause.0 
594361     DEBUG main            d.u.i.k.p.i.IntermediateProofReplayer Proof replay took 634.45ms 
594363     DEBUG main            d.u.i.k.p.r.p.TestFile    ... success: reloaded. 
594364     INFO  main            d.u.i.k.p.r.p.TestFile    Now processing file /home/runner/work/key/key/key.core/../key.ui/examples/heap/permissions/threads/Sampler_joinTransfer_contract.key 
594364     INFO  main            d.u.i.k.p.i.AbstractProblemLoader Loading environment from /home/runner/work/key/key/key.core/../key.ui/examples/heap/permissions/threads/Sampler_joinTransfer_contract.key 
594364     DEBUG main            d.u.i.k.p.i.AbstractProblemLoader Environment load took 153.51ns 
594365     INFO  main            d.u.i.k.p.i.AbstractProblemLoader Creating init config 
598921     DEBUG main            d.u.i.k.p.i.AbstractProblemLoader Init config took 4.56s 
598996     INFO  main            d.u.i.k.p.i.AbstractProblemLoader Replaying proof Sampler[ThreadSpec2::joinTransfer()].JML model_behavior operation contract.0 
598997     DEBUG main            d.u.i.k.p.i.IntermediateProofReplayer Proof replay took 2.6ns 
599099     INFO  main            d.u.i.k.p.r.p.TestFile    ... finished proof: closed. 
599638     INFO  main            d.u.i.k.p.i.AbstractProblemLoader Loading environment from /home/runner/work/key/key/key.core/../key.ui/examples/heap/permissions/threads/Sampler_joinTransfer_contract.key.proof 
599638     DEBUG main            d.u.i.k.p.i.AbstractProblemLoader Environment load took 76.81ns 
599639     INFO  main            d.u.i.k.p.i.AbstractProblemLoader Creating init config 
604188     DEBUG main            d.u.i.k.p.i.AbstractProblemLoader Init config took 4.55s 
604263     INFO  main            d.u.i.k.p.i.AbstractProblemLoader Replaying proof Sampler[ThreadSpec2::joinTransfer()].JML model_behavior operation contract.0 
604270     DEBUG main            d.u.i.k.p.i.IntermediateProofReplayer Proof replay took 5.87ms 
604271     DEBUG main            d.u.i.k.p.r.p.TestFile    ... success: reloaded. 
604271     INFO  main            d.u.i.k.p.r.p.TestFile    Now processing file /home/runner/work/key/key/key.core/../key.ui/examples/heap/permissions/threads/Sampler_postJoin_accessible.key 
604272     INFO  main            d.u.i.k.p.i.AbstractProblemLoader Loading environment from /home/runner/work/key/key/key.core/../key.ui/examples/heap/permissions/threads/Sampler_postJoin_accessible.key 
604272     DEBUG main            d.u.i.k.p.i.AbstractProblemLoader Environment load took 62.8ns 
604272     INFO  main            d.u.i.k.p.i.AbstractProblemLoader Creating init config 
608860     DEBUG main            d.u.i.k.p.i.AbstractProblemLoader Init config took 4.59s 
608941     INFO  main            d.u.i.k.p.i.AbstractProblemLoader Replaying proof Sampler[ThreadSpec2::postJoin(java.lang.Object)].JML accessible clause.0 
608945     DEBUG main            d.u.i.k.p.i.IntermediateProofReplayer Proof replay took 3.6ns 
609047     INFO  main            d.u.i.k.p.r.p.TestFile    ... finished proof: closed. 
609599     INFO  main            d.u.i.k.p.i.AbstractProblemLoader Loading environment from /home/runner/work/key/key/key.core/../key.ui/examples/heap/permissions/threads/Sampler_postJoin_accessible.key.proof 
609599     DEBUG main            d.u.i.k.p.i.AbstractProblemLoader Environment load took 85.71ns 
609600     INFO  main            d.u.i.k.p.i.AbstractProblemLoader Creating init config 
614157     DEBUG main            d.u.i.k.p.i.AbstractProblemLoader Init config took 4.56s 
614228     INFO  main            d.u.i.k.p.i.AbstractProblemLoader Replaying proof Sampler[ThreadSpec2::postJoin(java.lang.Object)].JML accessible clause.0 
614238     DEBUG main            d.u.i.k.p.i.IntermediateProofReplayer Proof replay took 8.14ms 
614238     DEBUG main            d.u.i.k.p.r.p.TestFile    ... success: reloaded. 
614239     INFO  main            d.u.i.k.p.r.p.TestFile    Now processing file /home/runner/work/key/key/key.core/../key.ui/examples/heap/permissions/threads/Sampler_preStart_accessible.key 
614239     INFO  main            d.u.i.k.p.i.AbstractProblemLoader Loading environment from /home/runner/work/key/key/key.core/../key.ui/examples/heap/permissions/threads/Sampler_preStart_accessible.key 
614239     DEBUG main            d.u.i.k.p.i.AbstractProblemLoader Environment load took 108.01ns 
614240     INFO  main            d.u.i.k.p.i.AbstractProblemLoader Creating init config 
618840     DEBUG main            d.u.i.k.p.i.AbstractProblemLoader Init config took 4.6s 
618930     INFO  main            d.u.i.k.p.i.AbstractProblemLoader Replaying proof Sampler[ThreadSpec2::preStart(java.lang.Object)].JML accessible clause.0 
618931     DEBUG main            d.u.i.k.p.i.IntermediateProofReplayer Proof replay took 2.2ns 
619033     INFO  main            d.u.i.k.p.r.p.TestFile    ... finished proof: closed. 
619591     INFO  main            d.u.i.k.p.i.AbstractProblemLoader Loading environment from /home/runner/work/key/key/key.core/../key.ui/examples/heap/permissions/threads/Sampler_preStart_accessible.key.proof 
619591     DEBUG main            d.u.i.k.p.i.AbstractProblemLoader Environment load took 83.91ns 
619592     INFO  main            d.u.i.k.p.i.AbstractProblemLoader Creating init config 
624020     DEBUG main            d.u.i.k.p.i.AbstractProblemLoader Init config took 4.43s 
624102     INFO  main            d.u.i.k.p.i.AbstractProblemLoader Replaying proof Sampler[ThreadSpec2::preStart(java.lang.Object)].JML accessible clause.0 
624111     DEBUG main            d.u.i.k.p.i.IntermediateProofReplayer Proof replay took 7.67ms 
624112     DEBUG main            d.u.i.k.p.r.p.TestFile    ... success: reloaded. 
624113     INFO  main            d.u.i.k.p.r.p.TestFile    Now processing file /home/runner/work/key/key/key.core/../key.ui/examples/heap/permissions/threads/Sampler_run.key 
624113     INFO  main            d.u.i.k.p.i.AbstractProblemLoader Loading environment from /home/runner/work/key/key/key.core/../key.ui/examples/heap/permissions/threads/Sampler_run.key 
624113     DEBUG main            d.u.i.k.p.i.AbstractProblemLoader Environment load took 75.61ns 
624114     INFO  main            d.u.i.k.p.i.AbstractProblemLoader Creating init config 
628677     DEBUG main            d.u.i.k.p.i.AbstractProblemLoader Init config took 4.56s 
628753     INFO  main            d.u.i.k.p.i.AbstractProblemLoader Replaying proof Sampler[ThreadSpec2::run()].JML normal_behavior operation contract.0 
628754     DEBUG main            d.u.i.k.p.i.IntermediateProofReplayer Proof replay took 3.1ns 
628855     INFO  main            d.u.i.k.p.r.p.TestFile    ... finished proof: closed. 
629436     INFO  main            d.u.i.k.p.i.AbstractProblemLoader Loading environment from /home/runner/work/key/key/key.core/../key.ui/examples/heap/permissions/threads/Sampler_run.key.proof 
629436     DEBUG main            d.u.i.k.p.i.AbstractProblemLoader Environment load took 74.91ns 
629437     INFO  main            d.u.i.k.p.i.AbstractProblemLoader Creating init config 
633964     DEBUG main            d.u.i.k.p.i.AbstractProblemLoader Init config took 4.53s 
634049     INFO  main            d.u.i.k.p.i.AbstractProblemLoader Replaying proof Sampler[ThreadSpec2::run()].JML normal_behavior operation contract.0 
634086     DEBUG main            d.u.i.k.p.i.IntermediateProofReplayer Proof replay took 34.9ms 
634087     DEBUG main            d.u.i.k.p.r.p.TestFile    ... success: reloaded. 
634087     INFO  main            d.u.i.k.p.r.p.TestFile    Now processing file /home/runner/work/key/key/key.core/../key.ui/examples/heap/permissions/threads/Sampler_Sampler.key 
634087     INFO  main            d.u.i.k.p.i.AbstractProblemLoader Loading environment from /home/runner/work/key/key/key.core/../key.ui/examples/heap/permissions/threads/Sampler_Sampler.key 
634088     DEBUG main            d.u.i.k.p.i.AbstractProblemLoader Environment load took 59.7ns 
634088     INFO  main            d.u.i.k.p.i.AbstractProblemLoader Creating init config 
638651     DEBUG main            d.u.i.k.p.i.AbstractProblemLoader Init config took 4.56s 
638722     INFO  main            d.u.i.k.p.i.AbstractProblemLoader Replaying proof Sampler[Sampler::Sampler(Buffer)].JML normal_behavior operation contract.0 
638724     DEBUG main            d.u.i.k.p.i.IntermediateProofReplayer Proof replay took 2.9ns 
639327     INFO  main            d.u.i.k.p.r.p.TestFile    ... finished proof: closed. 
639880     INFO  main            d.u.i.k.p.i.AbstractProblemLoader Loading environment from /home/runner/work/key/key/key.core/../key.ui/examples/heap/permissions/threads/Sampler_Sampler.key.proof 
639880     DEBUG main            d.u.i.k.p.i.AbstractProblemLoader Environment load took 76.4ns 
639881     INFO  main            d.u.i.k.p.i.AbstractProblemLoader Creating init config 
644334     DEBUG main            d.u.i.k.p.i.AbstractProblemLoader Init config took 4.45s 
644409     INFO  main            d.u.i.k.p.i.AbstractProblemLoader Replaying proof Sampler[Sampler::Sampler(Buffer)].JML normal_behavior operation contract.0 
644497     DEBUG main            d.u.i.k.p.i.IntermediateProofReplayer Proof replay took 85.6ms 
644498     DEBUG main            d.u.i.k.p.r.p.TestFile    ... success: reloaded. 
644499     INFO  main            d.u.i.k.p.r.p.TestFile    Now processing file /home/runner/work/key/key/key.core/../key.ui/examples/heap/permissions/threads/Sampler_startTransfer_accessible.key 
644499     INFO  main            d.u.i.k.p.i.AbstractProblemLoader Loading environment from /home/runner/work/key/key/key.core/../key.ui/examples/heap/permissions/threads/Sampler_startTransfer_accessible.key 
644499     DEBUG main            d.u.i.k.p.i.AbstractProblemLoader Environment load took 46.3ns 
644500     INFO  main            d.u.i.k.p.i.AbstractProblemLoader Creating init config 
649212     DEBUG main            d.u.i.k.p.i.AbstractProblemLoader Init config took 4.71s 
649305     INFO  main            d.u.i.k.p.i.AbstractProblemLoader Replaying proof Sampler[ThreadSpec2::startTransfer()].JML accessible clause.0 
649307     DEBUG main            d.u.i.k.p.i.IntermediateProofReplayer Proof replay took 2.4ns 
653558     INFO  main            d.u.i.k.p.r.p.TestFile    ... finished proof: closed. 
654129     INFO  main            d.u.i.k.p.i.AbstractProblemLoader Loading environment from /home/runner/work/key/key/key.core/../key.ui/examples/heap/permissions/threads/Sampler_startTransfer_accessible.key.proof 
654130     DEBUG main            d.u.i.k.p.i.AbstractProblemLoader Environment load took 348.62ns 
654131     INFO  main            d.u.i.k.p.i.AbstractProblemLoader Creating init config 
658678     DEBUG main            d.u.i.k.p.i.AbstractProblemLoader Init config took 4.55s 
658754     INFO  main            d.u.i.k.p.i.AbstractProblemLoader Replaying proof Sampler[ThreadSpec2::startTransfer()].JML accessible clause.0 
659425     DEBUG main            d.u.i.k.p.i.IntermediateProofReplayer Proof replay took 660.15ms 
659426     DEBUG main            d.u.i.k.p.r.p.TestFile    ... success: reloaded. 
659427     INFO  main            d.u.i.k.p.r.p.TestFile    Now processing file /home/runner/work/key/key/key.core/../key.ui/examples/heap/permissions/threads/Sampler_startTransfer_contract.key 
659427     INFO  main            d.u.i.k.p.i.AbstractProblemLoader Loading environment from /home/runner/work/key/key/key.core/../key.ui/examples/heap/permissions/threads/Sampler_startTransfer_contract.key 
659427     DEBUG main            d.u.i.k.p.i.AbstractProblemLoader Environment load took 116.11ns 
659428     INFO  main            d.u.i.k.p.i.AbstractProblemLoader Creating init config 
664333     DEBUG main            d.u.i.k.p.i.AbstractProblemLoader Init config took 4.91s 
664405     INFO  main            d.u.i.k.p.i.AbstractProblemLoader Replaying proof Sampler[ThreadSpec2::startTransfer()].JML model_behavior operation contract.0 
664406     DEBUG main            d.u.i.k.p.i.IntermediateProofReplayer Proof replay took 2.6ns 
664508     INFO  main            d.u.i.k.p.r.p.TestFile    ... finished proof: closed. 
665092     INFO  main            d.u.i.k.p.i.AbstractProblemLoader Loading environment from /home/runner/work/key/key/key.core/../key.ui/examples/heap/permissions/threads/Sampler_startTransfer_contract.key.proof 
665092     DEBUG main            d.u.i.k.p.i.AbstractProblemLoader Environment load took 77ns 
665093     INFO  main            d.u.i.k.p.i.AbstractProblemLoader Creating init config 
669673     DEBUG main            d.u.i.k.p.i.AbstractProblemLoader Init config took 4.58s 
669768     INFO  main            d.u.i.k.p.i.AbstractProblemLoader Replaying proof Sampler[ThreadSpec2::startTransfer()].JML model_behavior operation contract.0 
669777     DEBUG main            d.u.i.k.p.i.IntermediateProofReplayer Proof replay took 7.08ms 
669777     DEBUG main            d.u.i.k.p.r.p.TestFile    ... success: reloaded. 
669778     INFO  main            d.u.i.k.p.r.p.TestFile    Now processing file /home/runner/work/key/key/key.core/../key.ui/examples/heap/permissions/threads/Sampler_stateInv_accessible.key 
669778     INFO  main            d.u.i.k.p.i.AbstractProblemLoader Loading environment from /home/runner/work/key/key/key.core/../key.ui/examples/heap/permissions/threads/Sampler_stateInv_accessible.key 
669778     DEBUG main            d.u.i.k.p.i.AbstractProblemLoader Environment load took 40.6ns 
669779     INFO  main            d.u.i.k.p.i.AbstractProblemLoader Creating init config 
674487     DEBUG main            d.u.i.k.p.i.AbstractProblemLoader Init config took 4.71s 
674566     INFO  main            d.u.i.k.p.i.AbstractProblemLoader Replaying proof Sampler[ThreadSpec2::stateInv()].JML accessible clause.0 
674567     DEBUG main            d.u.i.k.p.i.IntermediateProofReplayer Proof replay took 2.6ns 
674669     INFO  main            d.u.i.k.p.r.p.TestFile    ... finished proof: closed. 
675272     INFO  main            d.u.i.k.p.i.AbstractProblemLoader Loading environment from /home/runner/work/key/key/key.core/../key.ui/examples/heap/permissions/threads/Sampler_stateInv_accessible.key.proof 
675272     DEBUG main            d.u.i.k.p.i.AbstractProblemLoader Environment load took 70ns 
675272     INFO  main            d.u.i.k.p.i.AbstractProblemLoader Creating init config 
680086     DEBUG main            d.u.i.k.p.i.AbstractProblemLoader Init config took 4.81s 
680179     INFO  main            d.u.i.k.p.i.AbstractProblemLoader Replaying proof Sampler[ThreadSpec2::stateInv()].JML accessible clause.0 
680216     DEBUG main            d.u.i.k.p.i.IntermediateProofReplayer Proof replay took 26.5ms 
680220     DEBUG main            d.u.i.k.p.r.p.TestFile    ... success: reloaded. 
680221     INFO  main            d.u.i.k.p.r.p.TestFile    Now processing file /home/runner/work/key/key/key.core/../key.ui/examples/heap/permissions/threads/Sampler_staticPermissions_accessible.key 
680221     INFO  main            d.u.i.k.p.i.AbstractProblemLoader Loading environment from /home/runner/work/key/key/key.core/../key.ui/examples/heap/permissions/threads/Sampler_staticPermissions_accessible.key 
680221     DEBUG main            d.u.i.k.p.i.AbstractProblemLoader Environment load took 133.21ns 
680222     INFO  main            d.u.i.k.p.i.AbstractProblemLoader Creating init config 
684953     DEBUG main            d.u.i.k.p.i.AbstractProblemLoader Init config took 4.73s 
685038     INFO  main            d.u.i.k.p.i.AbstractProblemLoader Replaying proof Sampler[ThreadSpec2::staticPermissions()].JML accessible clause.0 
685040     DEBUG main            d.u.i.k.p.i.IntermediateProofReplayer Proof replay took 3.2ns 
685141     INFO  main            d.u.i.k.p.r.p.TestFile    ... finished proof: closed. 
685729     INFO  main            d.u.i.k.p.i.AbstractProblemLoader Loading environment from /home/runner/work/key/key/key.core/../key.ui/examples/heap/permissions/threads/Sampler_staticPermissions_accessible.key.proof 
685729     DEBUG main            d.u.i.k.p.i.AbstractProblemLoader Environment load took 76.41ns 
685730     INFO  main            d.u.i.k.p.i.AbstractProblemLoader Creating init config 
690433     DEBUG main            d.u.i.k.p.i.AbstractProblemLoader Init config took 4.7s 
690527     INFO  main            d.u.i.k.p.i.AbstractProblemLoader Replaying proof Sampler[ThreadSpec2::staticPermissions()].JML accessible clause.0 
690533     DEBUG main            d.u.i.k.p.i.IntermediateProofReplayer Proof replay took 4.01ms 
690538     DEBUG main            d.u.i.k.p.r.p.TestFile    ... success: reloaded. 
690539     INFO  main            d.u.i.k.p.r.p.TestFile    Now processing file /home/runner/work/key/key/key.core/../key.ui/examples/heap/permissions/threads/Sampler_workingPermissions_accessible.key 
690540     INFO  main            d.u.i.k.p.i.AbstractProblemLoader Loading environment from /home/runner/work/key/key/key.core/../key.ui/examples/heap/permissions/threads/Sampler_workingPermissions_accessible.key 
690540     DEBUG main            d.u.i.k.p.i.AbstractProblemLoader Environment load took 74.61ns 
690541     INFO  main            d.u.i.k.p.i.AbstractProblemLoader Creating init config 
695378     DEBUG main            d.u.i.k.p.i.AbstractProblemLoader Init config took 4.84s 
695450     INFO  main            d.u.i.k.p.i.AbstractProblemLoader Replaying proof Sampler[ThreadSpec2::workingPermissions()].JML accessible clause.0 
695453     DEBUG main            d.u.i.k.p.i.IntermediateProofReplayer Proof replay took 3.2ns 
695555     INFO  main            d.u.i.k.p.r.p.TestFile    ... finished proof: closed. 
696132     INFO  main            d.u.i.k.p.i.AbstractProblemLoader Loading environment from /home/runner/work/key/key/key.core/../key.ui/examples/heap/permissions/threads/Sampler_workingPermissions_accessible.key.proof 
696132     DEBUG main            d.u.i.k.p.i.AbstractProblemLoader Environment load took 82.81ns 
696133     INFO  main            d.u.i.k.p.i.AbstractProblemLoader Creating init config 
701037     DEBUG main            d.u.i.k.p.i.AbstractProblemLoader Init config took 4.9s 
701142     INFO  main            d.u.i.k.p.i.AbstractProblemLoader Replaying proof Sampler[ThreadSpec2::workingPermissions()].JML accessible clause.0 
701148     DEBUG main            d.u.i.k.p.i.IntermediateProofReplayer Proof replay took 4.54ms 
701149     DEBUG main            d.u.i.k.p.r.p.TestFile    ... success: reloaded. 
701150     INFO  main            d.u.i.k.p.r.p.TestFile    Now processing file /home/runner/work/key/key/key.core/../key.ui/examples/heap/permissions/mulleretal/ReadWrite_doRead_contract.key 
701150     INFO  main            d.u.i.k.p.i.AbstractProblemLoader Loading environment from /home/runner/work/key/key/key.core/../key.ui/examples/heap/permissions/mulleretal/ReadWrite_doRead_contract.key 
701150     DEBUG main            d.u.i.k.p.i.AbstractProblemLoader Environment load took 167.01ns 
701151     INFO  main            d.u.i.k.p.i.AbstractProblemLoader Creating init config 
704119     DEBUG main            d.u.i.k.p.i.AbstractProblemLoader Init config took 2.97s 
704150     INFO  main            d.u.i.k.p.i.AbstractProblemLoader Replaying proof ReadWrite[ReadWrite::doRead()].JML normal_behavior operation contract.0 
704152     DEBUG main            d.u.i.k.p.i.IntermediateProofReplayer Proof replay took 2.7ns 
706343     INFO  main            d.u.i.k.p.r.p.TestFile    ... finished proof: closed. 
706947     INFO  main            d.u.i.k.p.i.AbstractProblemLoader Loading environment from /home/runner/work/key/key/key.core/../key.ui/examples/heap/permissions/mulleretal/ReadWrite_doRead_contract.key.proof 
706948     DEBUG main            d.u.i.k.p.i.AbstractProblemLoader Environment load took 326.52ns 
706949     INFO  main            d.u.i.k.p.i.AbstractProblemLoader Creating init config 
709707     DEBUG main            d.u.i.k.p.i.AbstractProblemLoader Init config took 2.76s 
709745     INFO  main            d.u.i.k.p.i.AbstractProblemLoader Replaying proof ReadWrite[ReadWrite::doRead()].JML normal_behavior operation contract.0 
710191     DEBUG main            d.u.i.k.p.i.IntermediateProofReplayer Proof replay took 438.29ms 
710192     DEBUG main            d.u.i.k.p.r.p.TestFile    ... success: reloaded. 
710193     INFO  main            d.u.i.k.p.r.p.TestFile    Now processing file /home/runner/work/key/key/key.core/../key.ui/examples/heap/permissions/mulleretal/ReadWrite_doWrite_contract.key 
710193     INFO  main            d.u.i.k.p.i.AbstractProblemLoader Loading environment from /home/runner/work/key/key/key.core/../key.ui/examples/heap/permissions/mulleretal/ReadWrite_doWrite_contract.key 
710193     DEBUG main            d.u.i.k.p.i.AbstractProblemLoader Environment load took 213.81ns 
710194     INFO  main            d.u.i.k.p.i.AbstractProblemLoader Creating init config 
712966     DEBUG main            d.u.i.k.p.i.AbstractProblemLoader Init config took 2.77s 
712996     INFO  main            d.u.i.k.p.i.AbstractProblemLoader Replaying proof ReadWrite[ReadWrite::doWrite()].JML normal_behavior operation contract.0 
712997     DEBUG main            d.u.i.k.p.i.IntermediateProofReplayer Proof replay took 2.3ns 
714620     INFO  main            d.u.i.k.p.r.p.TestFile    ... finished proof: closed. 
715233     INFO  main            d.u.i.k.p.i.AbstractProblemLoader Loading environment from /home/runner/work/key/key/key.core/../key.ui/examples/heap/permissions/mulleretal/ReadWrite_doWrite_contract.key.proof 
715234     DEBUG main            d.u.i.k.p.i.AbstractProblemLoader Environment load took 834.36ns 
715236     INFO  main            d.u.i.k.p.i.AbstractProblemLoader Creating init config 
717740     DEBUG main            d.u.i.k.p.i.AbstractProblemLoader Init config took 2.5s 
717774     INFO  main            d.u.i.k.p.i.AbstractProblemLoader Replaying proof ReadWrite[ReadWrite::doWrite()].JML normal_behavior operation contract.0 
718121     DEBUG main            d.u.i.k.p.i.IntermediateProofReplayer Proof replay took 342.35ms 
718122     DEBUG main            d.u.i.k.p.r.p.TestFile    ... success: reloaded. 
718122     INFO  main            d.u.i.k.p.r.p.TestFile    Now processing file /home/runner/work/key/key/key.core/../key.ui/examples/heap/permissions/mulleretal/ReadWrite_read_contract.key 
718123     INFO  main            d.u.i.k.p.i.AbstractProblemLoader Loading environment from /home/runner/work/key/key/key.core/../key.ui/examples/heap/permissions/mulleretal/ReadWrite_read_contract.key 
718123     DEBUG main            d.u.i.k.p.i.AbstractProblemLoader Environment load took 92.21ns 
718123     INFO  main            d.u.i.k.p.i.AbstractProblemLoader Creating init config 
720677     DEBUG main            d.u.i.k.p.i.AbstractProblemLoader Init config took 2.55s 
720707     INFO  main            d.u.i.k.p.i.AbstractProblemLoader Replaying proof ReadWrite[ReadWrite::read()].JML normal_behavior operation contract.0 
720708     DEBUG main            d.u.i.k.p.i.IntermediateProofReplayer Proof replay took 2ns 
720810     INFO  main            d.u.i.k.p.r.p.TestFile    ... finished proof: closed. 
721408     INFO  main            d.u.i.k.p.i.AbstractProblemLoader Loading environment from /home/runner/work/key/key/key.core/../key.ui/examples/heap/permissions/mulleretal/ReadWrite_read_contract.key.proof 
721408     DEBUG main            d.u.i.k.p.i.AbstractProblemLoader Environment load took 71.41ns 
721409     INFO  main            d.u.i.k.p.i.AbstractProblemLoader Creating init config 
723916     DEBUG main            d.u.i.k.p.i.AbstractProblemLoader Init config took 2.51s 
723946     INFO  main            d.u.i.k.p.i.AbstractProblemLoader Replaying proof ReadWrite[ReadWrite::read()].JML normal_behavior operation contract.0 
723954     DEBUG main            d.u.i.k.p.i.IntermediateProofReplayer Proof replay took 6.42ms 
723955     DEBUG main            d.u.i.k.p.r.p.TestFile    ... success: reloaded. 
723955     INFO  main            d.u.i.k.p.r.p.TestFile    Now processing file /home/runner/work/key/key/key.core/../key.ui/examples/heap/permissions/mulleretal/ReadWrite_write_contract.key 
723955     INFO  main            d.u.i.k.p.i.AbstractProblemLoader Loading environment from /home/runner/work/key/key/key.core/../key.ui/examples/heap/permissions/mulleretal/ReadWrite_write_contract.key 
723955     DEBUG main            d.u.i.k.p.i.AbstractProblemLoader Environment load took 57.8ns 
723956     INFO  main            d.u.i.k.p.i.AbstractProblemLoader Creating init config 
726472     DEBUG main            d.u.i.k.p.i.AbstractProblemLoader Init config took 2.52s 
726504     INFO  main            d.u.i.k.p.i.AbstractProblemLoader Replaying proof ReadWrite[ReadWrite::write()].JML normal_behavior operation contract.0 
726505     DEBUG main            d.u.i.k.p.i.IntermediateProofReplayer Proof replay took 2.2ns 
726606     INFO  main            d.u.i.k.p.r.p.TestFile    ... finished proof: closed. 
727230     INFO  main            d.u.i.k.p.i.AbstractProblemLoader Loading environment from /home/runner/work/key/key/key.core/../key.ui/examples/heap/permissions/mulleretal/ReadWrite_write_contract.key.proof 
727230     DEBUG main            d.u.i.k.p.i.AbstractProblemLoader Environment load took 74.31ns 
727231     INFO  main            d.u.i.k.p.i.AbstractProblemLoader Creating init config 
729704     DEBUG main            d.u.i.k.p.i.AbstractProblemLoader Init config took 2.47s 
729736     INFO  main            d.u.i.k.p.i.AbstractProblemLoader Replaying proof ReadWrite[ReadWrite::write()].JML normal_behavior operation contract.0 
729763     DEBUG main            d.u.i.k.p.i.IntermediateProofReplayer Proof replay took 24.6ms 
729763     DEBUG main            d.u.i.k.p.r.p.TestFile    ... success: reloaded. 
729764     INFO  main            d.u.i.k.p.r.p.TestFile    Now processing file /home/runner/work/key/key/key.core/../key.ui/examples/heap/permissions/mulleretal/ReadWrite_inv1_accessible.key 
729764     INFO  main            d.u.i.k.p.i.AbstractProblemLoader Loading environment from /home/runner/work/key/key/key.core/../key.ui/examples/heap/permissions/mulleretal/ReadWrite_inv1_accessible.key 
729764     DEBUG main            d.u.i.k.p.i.AbstractProblemLoader Environment load took 48.2ns 
729765     INFO  main            d.u.i.k.p.i.AbstractProblemLoader Creating init config 
732284     DEBUG main            d.u.i.k.p.i.AbstractProblemLoader Init config took 2.52s 
732314     INFO  main            d.u.i.k.p.i.AbstractProblemLoader Replaying proof ReadWrite[java.lang.Object::<inv>()].JML accessible clause.0 
732315     DEBUG main            d.u.i.k.p.i.IntermediateProofReplayer Proof replay took 2.4ns 
732416     INFO  main            d.u.i.k.p.r.p.TestFile    ... finished proof: closed. 
733041     INFO  main            d.u.i.k.p.i.AbstractProblemLoader Loading environment from /home/runner/work/key/key/key.core/../key.ui/examples/heap/permissions/mulleretal/ReadWrite_inv1_accessible.key.proof 
733041     DEBUG main            d.u.i.k.p.i.AbstractProblemLoader Environment load took 78.31ns 
733042     INFO  main            d.u.i.k.p.i.AbstractProblemLoader Creating init config 
735539     DEBUG main            d.u.i.k.p.i.AbstractProblemLoader Init config took 2.5s 
735570     INFO  main            d.u.i.k.p.i.AbstractProblemLoader Replaying proof ReadWrite[java.lang.Object::<inv>()].JML accessible clause.0 
735573     DEBUG main            d.u.i.k.p.i.IntermediateProofReplayer Proof replay took 1.28ms 
735573     DEBUG main            d.u.i.k.p.r.p.TestFile    ... success: reloaded. 
735574     INFO  main            d.u.i.k.p.r.p.TestFile    Now processing file /home/runner/work/key/key/key.core/../key.ui/examples/heap/permissions/mulleretal/ReadWrite_inv2_accessible.key 
735574     INFO  main            d.u.i.k.p.i.AbstractProblemLoader Loading environment from /home/runner/work/key/key/key.core/../key.ui/examples/heap/permissions/mulleretal/ReadWrite_inv2_accessible.key 
735574     DEBUG main            d.u.i.k.p.i.AbstractProblemLoader Environment load took 43.3ns 
735575     INFO  main            d.u.i.k.p.i.AbstractProblemLoader Creating init config 
738140     DEBUG main            d.u.i.k.p.i.AbstractProblemLoader Init config took 2.57s 
738171     INFO  main            d.u.i.k.p.i.AbstractProblemLoader Replaying proof ReadWrite[java.lang.Object::<inv>()].JML accessible clause.1 
738172     DEBUG main            d.u.i.k.p.i.IntermediateProofReplayer Proof replay took 2.4ns 
738274     INFO  main            d.u.i.k.p.r.p.TestFile    ... finished proof: closed. 
738898     INFO  main            d.u.i.k.p.i.AbstractProblemLoader Loading environment from /home/runner/work/key/key/key.core/../key.ui/examples/heap/permissions/mulleretal/ReadWrite_inv2_accessible.key.proof 
738898     DEBUG main            d.u.i.k.p.i.AbstractProblemLoader Environment load took 76.7ns 
738899     INFO  main            d.u.i.k.p.i.AbstractProblemLoader Creating init config 
741383     DEBUG main            d.u.i.k.p.i.AbstractProblemLoader Init config took 2.48s 
741413     INFO  main            d.u.i.k.p.i.AbstractProblemLoader Replaying proof ReadWrite[java.lang.Object::<inv>()].JML accessible clause.1 
741415     DEBUG main            d.u.i.k.p.i.IntermediateProofReplayer Proof replay took 1.63ms 
741416     DEBUG main            d.u.i.k.p.r.p.TestFile    ... success: reloaded. 
741417     INFO  main            d.u.i.k.p.r.p.TestFile    Now processing file /home/runner/work/key/key/key.core/../key.ui/examples/heap/permissions/lockspec/Counter_lockConsistent_contract.key 
741417     INFO  main            d.u.i.k.p.i.AbstractProblemLoader Loading environment from /home/runner/work/key/key/key.core/../key.ui/examples/heap/permissions/lockspec/Counter_lockConsistent_contract.key 
741417     DEBUG main            d.u.i.k.p.i.AbstractProblemLoader Environment load took 42.7ns 
741418     INFO  main            d.u.i.k.p.i.AbstractProblemLoader Creating init config 
744444     DEBUG main            d.u.i.k.p.i.AbstractProblemLoader Init config took 3.03s 
744494     INFO  main            d.u.i.k.p.i.AbstractProblemLoader Replaying proof Counter[LockSpec::lockConsistent()].JML model_behavior operation contract.0 
744495     DEBUG main            d.u.i.k.p.i.IntermediateProofReplayer Proof replay took 2.3ns 
745504     INFO  main            d.u.i.k.p.r.p.TestFile    ... finished proof: closed. 
746212     INFO  main            d.u.i.k.p.i.AbstractProblemLoader Loading environment from /home/runner/work/key/key/key.core/../key.ui/examples/heap/permissions/lockspec/Counter_lockConsistent_contract.key.proof 
746212     DEBUG main            d.u.i.k.p.i.AbstractProblemLoader Environment load took 78.11ns 
746213     INFO  main            d.u.i.k.p.i.AbstractProblemLoader Creating init config 
749145     DEBUG main            d.u.i.k.p.i.AbstractProblemLoader Init config took 2.93s 
749197     INFO  main            d.u.i.k.p.i.AbstractProblemLoader Replaying proof Counter[LockSpec::lockConsistent()].JML model_behavior operation contract.0 
749352     DEBUG main            d.u.i.k.p.i.IntermediateProofReplayer Proof replay took 148.71ms 
749353     DEBUG main            d.u.i.k.p.r.p.TestFile    ... success: reloaded. 
749354     INFO  main            d.u.i.k.p.r.p.TestFile    Now processing file /home/runner/work/key/key/key.core/../key.ui/examples/heap/permissions/lockspec/Counter_increase_contract.key 
749354     INFO  main            d.u.i.k.p.i.AbstractProblemLoader Loading environment from /home/runner/work/key/key/key.core/../key.ui/examples/heap/permissions/lockspec/Counter_increase_contract.key 
749354     DEBUG main            d.u.i.k.p.i.AbstractProblemLoader Environment load took 217.11ns 
749355     INFO  main            d.u.i.k.p.i.AbstractProblemLoader Creating init config 
752470     DEBUG main            d.u.i.k.p.i.AbstractProblemLoader Init config took 3.11s 
752516     INFO  main            d.u.i.k.p.i.AbstractProblemLoader Replaying proof Counter[Counter::increase()].JML normal_behavior operation contract.0 
752522     DEBUG main            d.u.i.k.p.i.IntermediateProofReplayer Proof replay took 3.7ns 
754037     INFO  main            d.u.i.k.p.r.p.TestFile    ... finished proof: closed. 
754764     INFO  main            d.u.i.k.p.i.AbstractProblemLoader Loading environment from /home/runner/work/key/key/key.core/../key.ui/examples/heap/permissions/lockspec/Counter_increase_contract.key.proof 
754765     DEBUG main            d.u.i.k.p.i.AbstractProblemLoader Environment load took 353.52ns 
754766     INFO  main            d.u.i.k.p.i.AbstractProblemLoader Creating init config 
757827     DEBUG main            d.u.i.k.p.i.AbstractProblemLoader Init config took 3.06s 
757878     INFO  main            d.u.i.k.p.i.AbstractProblemLoader Replaying proof Counter[Counter::increase()].JML normal_behavior operation contract.0 
758151     DEBUG main            d.u.i.k.p.i.IntermediateProofReplayer Proof replay took 256.24ms 
758154     DEBUG main            d.u.i.k.p.r.p.TestFile    ... success: reloaded. 
758155     INFO  main            d.u.i.k.p.r.p.TestFile    Now processing file /home/runner/work/key/key/key.core/../key.ui/examples/heap/permissions/lockspec/Counter_fp_accessible.key 
758155     INFO  main            d.u.i.k.p.i.AbstractProblemLoader Loading environment from /home/runner/work/key/key/key.core/../key.ui/examples/heap/permissions/lockspec/Counter_fp_accessible.key 
758155     DEBUG main            d.u.i.k.p.i.AbstractProblemLoader Environment load took 179.51ns 
758156     INFO  main            d.u.i.k.p.i.AbstractProblemLoader Creating init config 
761229     DEBUG main            d.u.i.k.p.i.AbstractProblemLoader Init config took 3.07s 
761278     INFO  main            d.u.i.k.p.i.AbstractProblemLoader Replaying proof Counter[LockSpec::fp()].JML accessible clause.0 
761280     DEBUG main            d.u.i.k.p.i.IntermediateProofReplayer Proof replay took 2.5ns 
761382     INFO  main            d.u.i.k.p.r.p.TestFile    ... finished proof: closed. 
762035     INFO  main            d.u.i.k.p.i.AbstractProblemLoader Loading environment from /home/runner/work/key/key/key.core/../key.ui/examples/heap/permissions/lockspec/Counter_fp_accessible.key.proof 
762035     DEBUG main            d.u.i.k.p.i.AbstractProblemLoader Environment load took 211.81ns 
762036     INFO  main            d.u.i.k.p.i.AbstractProblemLoader Creating init config 
765097     DEBUG main            d.u.i.k.p.i.AbstractProblemLoader Init config took 3.06s 
765146     INFO  main            d.u.i.k.p.i.AbstractProblemLoader Replaying proof Counter[LockSpec::fp()].JML accessible clause.0 
765155     DEBUG main            d.u.i.k.p.i.IntermediateProofReplayer Proof replay took 8.04ms 
765156     DEBUG main            d.u.i.k.p.r.p.TestFile    ... success: reloaded. 
765156     INFO  main            d.u.i.k.p.r.p.TestFile    Now processing file /home/runner/work/key/key/key.core/../key.ui/examples/heap/permissions/lockspec/Counter_fpLock_accessible.key 
765157     INFO  main            d.u.i.k.p.i.AbstractProblemLoader Loading environment from /home/runner/work/key/key/key.core/../key.ui/examples/heap/permissions/lockspec/Counter_fpLock_accessible.key 
765157     DEBUG main            d.u.i.k.p.i.AbstractProblemLoader Environment load took 76.71ns 
765157     INFO  main            d.u.i.k.p.i.AbstractProblemLoader Creating init config 
768224     DEBUG main            d.u.i.k.p.i.AbstractProblemLoader Init config took 3.07s 
768271     INFO  main            d.u.i.k.p.i.AbstractProblemLoader Replaying proof Counter[LockSpec::fpLock()].JML accessible clause.0 
768272     DEBUG main            d.u.i.k.p.i.IntermediateProofReplayer Proof replay took 2.7ns 
768373     INFO  main            d.u.i.k.p.r.p.TestFile    ... finished proof: closed. 
769026     INFO  main            d.u.i.k.p.i.AbstractProblemLoader Loading environment from /home/runner/work/key/key/key.core/../key.ui/examples/heap/permissions/lockspec/Counter_fpLock_accessible.key.proof 
769026     DEBUG main            d.u.i.k.p.i.AbstractProblemLoader Environment load took 85.21ns 
769027     INFO  main            d.u.i.k.p.i.AbstractProblemLoader Creating init config 
772033     DEBUG main            d.u.i.k.p.i.AbstractProblemLoader Init config took 3.01s 
772081     INFO  main            d.u.i.k.p.i.AbstractProblemLoader Replaying proof Counter[LockSpec::fpLock()].JML accessible clause.0 
772091     DEBUG main            d.u.i.k.p.i.IntermediateProofReplayer Proof replay took 8.43ms 
772092     DEBUG main            d.u.i.k.p.r.p.TestFile    ... success: reloaded. 
772092     INFO  main            d.u.i.k.p.r.p.TestFile    Now processing file /home/runner/work/key/key/key.core/../key.ui/examples/heap/permissions/lockspec/Counter_fpPerm_accessible.key 
772092     INFO  main            d.u.i.k.p.i.AbstractProblemLoader Loading environment from /home/runner/work/key/key/key.core/../key.ui/examples/heap/permissions/lockspec/Counter_fpPerm_accessible.key 
772093     DEBUG main            d.u.i.k.p.i.AbstractProblemLoader Environment load took 65.7ns 
772093     INFO  main            d.u.i.k.p.i.AbstractProblemLoader Creating init config 
775083     DEBUG main            d.u.i.k.p.i.AbstractProblemLoader Init config took 2.99s 
775130     INFO  main            d.u.i.k.p.i.AbstractProblemLoader Replaying proof Counter[LockSpec::fpPerm()].JML accessible clause.0 
775132     DEBUG main            d.u.i.k.p.i.IntermediateProofReplayer Proof replay took 3.5ns 
775233     INFO  main            d.u.i.k.p.r.p.TestFile    ... finished proof: closed. 
775881     INFO  main            d.u.i.k.p.i.AbstractProblemLoader Loading environment from /home/runner/work/key/key/key.core/../key.ui/examples/heap/permissions/lockspec/Counter_fpPerm_accessible.key.proof 
775881     DEBUG main            d.u.i.k.p.i.AbstractProblemLoader Environment load took 71.5ns 
775882     INFO  main            d.u.i.k.p.i.AbstractProblemLoader Creating init config 
778849     DEBUG main            d.u.i.k.p.i.AbstractProblemLoader Init config took 2.97s 
778896     INFO  main            d.u.i.k.p.i.AbstractProblemLoader Replaying proof Counter[LockSpec::fpPerm()].JML accessible clause.0 
778905     DEBUG main            d.u.i.k.p.i.IntermediateProofReplayer Proof replay took 7.27ms 
778906     DEBUG main            d.u.i.k.p.r.p.TestFile    ... success: reloaded. 
778906     INFO  main            d.u.i.k.p.r.p.TestFile    Now processing file /home/runner/work/key/key/key.core/../key.ui/examples/heap/permissions/lockspec/Counter_inv_accessible1.key 
778907     INFO  main            d.u.i.k.p.i.AbstractProblemLoader Loading environment from /home/runner/work/key/key/key.core/../key.ui/examples/heap/permissions/lockspec/Counter_inv_accessible1.key 
778907     DEBUG main            d.u.i.k.p.i.AbstractProblemLoader Environment load took 43.3ns 
778907     INFO  main            d.u.i.k.p.i.AbstractProblemLoader Creating init config 
781856     DEBUG main            d.u.i.k.p.i.AbstractProblemLoader Init config took 2.95s 
781903     INFO  main            d.u.i.k.p.i.AbstractProblemLoader Replaying proof Counter[java.lang.Object::<inv>()].JML accessible clause.0 
781904     DEBUG main            d.u.i.k.p.i.IntermediateProofReplayer Proof replay took 2.8ns 
782006     INFO  main            d.u.i.k.p.r.p.TestFile    ... finished proof: closed. 
782668     INFO  main            d.u.i.k.p.i.AbstractProblemLoader Loading environment from /home/runner/work/key/key/key.core/../key.ui/examples/heap/permissions/lockspec/Counter_inv_accessible1.key.proof 
782669     DEBUG main            d.u.i.k.p.i.AbstractProblemLoader Environment load took 76.5ns 
782669     INFO  main            d.u.i.k.p.i.AbstractProblemLoader Creating init config 
785561     DEBUG main            d.u.i.k.p.i.AbstractProblemLoader Init config took 2.89s 
785610     INFO  main            d.u.i.k.p.i.AbstractProblemLoader Replaying proof Counter[java.lang.Object::<inv>()].JML accessible clause.0 
785621     DEBUG main            d.u.i.k.p.i.IntermediateProofReplayer Proof replay took 9.52ms 
785621     DEBUG main            d.u.i.k.p.r.p.TestFile    ... success: reloaded. 
785622     INFO  main            d.u.i.k.p.r.p.TestFile    Now processing file /home/runner/work/key/key/key.core/../key.ui/examples/heap/permissions/lockspec/Counter_inv_accessible2.key 
785622     INFO  main            d.u.i.k.p.i.AbstractProblemLoader Loading environment from /home/runner/work/key/key/key.core/../key.ui/examples/heap/permissions/lockspec/Counter_inv_accessible2.key 
785622     DEBUG main            d.u.i.k.p.i.AbstractProblemLoader Environment load took 44.2ns 
785623     INFO  main            d.u.i.k.p.i.AbstractProblemLoader Creating init config 
788639     DEBUG main            d.u.i.k.p.i.AbstractProblemLoader Init config took 3.02s 
788690     INFO  main            d.u.i.k.p.i.AbstractProblemLoader Replaying proof Counter[java.lang.Object::<inv>()].JML accessible clause.1 
788692     DEBUG main            d.u.i.k.p.i.IntermediateProofReplayer Proof replay took 2.9ns 
788794     INFO  main            d.u.i.k.p.r.p.TestFile    ... finished proof: closed. 
789566     INFO  main            d.u.i.k.p.i.AbstractProblemLoader Loading environment from /home/runner/work/key/key/key.core/../key.ui/examples/heap/permissions/lockspec/Counter_inv_accessible2.key.proof 
789566     DEBUG main            d.u.i.k.p.i.AbstractProblemLoader Environment load took 74.9ns 
789567     INFO  main            d.u.i.k.p.i.AbstractProblemLoader Creating init config 
792600     DEBUG main            d.u.i.k.p.i.AbstractProblemLoader Init config took 3.03s 
792648     INFO  main            d.u.i.k.p.i.AbstractProblemLoader Replaying proof Counter[java.lang.Object::<inv>()].JML accessible clause.1 
792658     DEBUG main            d.u.i.k.p.i.IntermediateProofReplayer Proof replay took 8.69ms 
792659     DEBUG main            d.u.i.k.p.r.p.TestFile    ... success: reloaded. 
792659     INFO  main            d.u.i.k.p.r.p.TestFile    Now processing file /home/runner/work/key/key/key.core/../key.ui/examples/heap/permissions/lockspec/Counter_lockRef_accessible.key 
792659     INFO  main            d.u.i.k.p.i.AbstractProblemLoader Loading environment from /home/runner/work/key/key/key.core/../key.ui/examples/heap/permissions/lockspec/Counter_lockRef_accessible.key 
792659     DEBUG main            d.u.i.k.p.i.AbstractProblemLoader Environment load took 45.5ns 
792660     INFO  main            d.u.i.k.p.i.AbstractProblemLoader Creating init config 
795597     DEBUG main            d.u.i.k.p.i.AbstractProblemLoader Init config took 2.94s 
795646     INFO  main            d.u.i.k.p.i.AbstractProblemLoader Replaying proof Counter[LockSpec::lockRef()].JML accessible clause.0 
795648     DEBUG main            d.u.i.k.p.i.IntermediateProofReplayer Proof replay took 2.7ns 
795850     INFO  main            d.u.i.k.p.r.p.TestFile    ... finished proof: closed. 
796538     INFO  main            d.u.i.k.p.i.AbstractProblemLoader Loading environment from /home/runner/work/key/key/key.core/../key.ui/examples/heap/permissions/lockspec/Counter_lockRef_accessible.key.proof 
796539     DEBUG main            d.u.i.k.p.i.AbstractProblemLoader Environment load took 79.7ns 
796539     INFO  main            d.u.i.k.p.i.AbstractProblemLoader Creating init config 
799447     DEBUG main            d.u.i.k.p.i.AbstractProblemLoader Init config took 2.91s 
799495     INFO  main            d.u.i.k.p.i.AbstractProblemLoader Replaying proof Counter[LockSpec::lockRef()].JML accessible clause.0 
799528     DEBUG main            d.u.i.k.p.i.IntermediateProofReplayer Proof replay took 31.1ms 
799528     DEBUG main            d.u.i.k.p.r.p.TestFile    ... success: reloaded. 
799529     INFO  main            d.u.i.k.p.r.p.TestFile    Now processing file /home/runner/work/key/key/key.core/../key.ui/examples/heap/permissions/lockspec/Counter_lockRef_contract1.key 
799529     INFO  main            d.u.i.k.p.i.AbstractProblemLoader Loading environment from /home/runner/work/key/key/key.core/../key.ui/examples/heap/permissions/lockspec/Counter_lockRef_contract1.key 
799529     DEBUG main            d.u.i.k.p.i.AbstractProblemLoader Environment load took 79.21ns 
799530     INFO  main            d.u.i.k.p.i.AbstractProblemLoader Creating init config 
802486     DEBUG main            d.u.i.k.p.i.AbstractProblemLoader Init config took 2.96s 
802532     INFO  main            d.u.i.k.p.i.AbstractProblemLoader Replaying proof Counter[LockSpec::lockRef()].JML model_behavior operation contract.0 
802533     DEBUG main            d.u.i.k.p.i.IntermediateProofReplayer Proof replay took 2.1ns 
802635     INFO  main            d.u.i.k.p.r.p.TestFile    ... finished proof: closed. 
803307     INFO  main            d.u.i.k.p.i.AbstractProblemLoader Loading environment from /home/runner/work/key/key/key.core/../key.ui/examples/heap/permissions/lockspec/Counter_lockRef_contract1.key.proof 
803307     DEBUG main            d.u.i.k.p.i.AbstractProblemLoader Environment load took 73.5ns 
803308     INFO  main            d.u.i.k.p.i.AbstractProblemLoader Creating init config 
806261     DEBUG main            d.u.i.k.p.i.AbstractProblemLoader Init config took 2.95s 
806309     INFO  main            d.u.i.k.p.i.AbstractProblemLoader Replaying proof Counter[LockSpec::lockRef()].JML model_behavior operation contract.0 
806313     DEBUG main            d.u.i.k.p.i.IntermediateProofReplayer Proof replay took 3.25ms 
806314     DEBUG main            d.u.i.k.p.r.p.TestFile    ... success: reloaded. 
806314     INFO  main            d.u.i.k.p.r.p.TestFile    Now processing file /home/runner/work/key/key/key.core/../key.ui/examples/heap/permissions/lockspec/Counter_lockRef_contract2.key 
806314     INFO  main            d.u.i.k.p.i.AbstractProblemLoader Loading environment from /home/runner/work/key/key/key.core/../key.ui/examples/heap/permissions/lockspec/Counter_lockRef_contract2.key 
806314     DEBUG main            d.u.i.k.p.i.AbstractProblemLoader Environment load took 47.3ns 
806315     INFO  main            d.u.i.k.p.i.AbstractProblemLoader Creating init config 
809297     DEBUG main            d.u.i.k.p.i.AbstractProblemLoader Init config took 2.98s 
809344     INFO  main            d.u.i.k.p.i.AbstractProblemLoader Replaying proof Counter[Counter::lockRef()].JML model_behavior operation contract.0 
809345     DEBUG main            d.u.i.k.p.i.IntermediateProofReplayer Proof replay took 3ns 
809447     INFO  main            d.u.i.k.p.r.p.TestFile    ... finished proof: closed. 
810133     INFO  main            d.u.i.k.p.i.AbstractProblemLoader Loading environment from /home/runner/work/key/key/key.core/../key.ui/examples/heap/permissions/lockspec/Counter_lockRef_contract2.key.proof 
810133     DEBUG main            d.u.i.k.p.i.AbstractProblemLoader Environment load took 71.2ns 
810134     INFO  main            d.u.i.k.p.i.AbstractProblemLoader Creating init config 
813105     DEBUG main            d.u.i.k.p.i.AbstractProblemLoader Init config took 2.97s 
813154     INFO  main            d.u.i.k.p.i.AbstractProblemLoader Replaying proof Counter[Counter::lockRef()].JML model_behavior operation contract.0 
813158     DEBUG main            d.u.i.k.p.i.IntermediateProofReplayer Proof replay took 3.2ms 
813159     DEBUG main            d.u.i.k.p.r.p.TestFile    ... success: reloaded. 
813159     INFO  main            d.u.i.k.p.r.p.TestFile    Now processing file /home/runner/work/key/key/key.core/../key.ui/examples/heap/permissions/lockspec/Counter_lockState_accessible.key 
813160     INFO  main            d.u.i.k.p.i.AbstractProblemLoader Loading environment from /home/runner/work/key/key/key.core/../key.ui/examples/heap/permissions/lockspec/Counter_lockState_accessible.key 
813160     DEBUG main            d.u.i.k.p.i.AbstractProblemLoader Environment load took 88.41ns 
813161     INFO  main            d.u.i.k.p.i.AbstractProblemLoader Creating init config 
816126     DEBUG main            d.u.i.k.p.i.AbstractProblemLoader Init config took 2.97s 
816175     INFO  main            d.u.i.k.p.i.AbstractProblemLoader Replaying proof Counter[LockSpec::lockState(boolean)].JML accessible clause.0 
816176     DEBUG main            d.u.i.k.p.i.IntermediateProofReplayer Proof replay took 3.1ns 
816479     INFO  main            d.u.i.k.p.r.p.TestFile    ... finished proof: closed. 
817193     INFO  main            d.u.i.k.p.i.AbstractProblemLoader Loading environment from /home/runner/work/key/key/key.core/../key.ui/examples/heap/permissions/lockspec/Counter_lockState_accessible.key.proof 
817193     DEBUG main            d.u.i.k.p.i.AbstractProblemLoader Environment load took 73.81ns 
817193     INFO  main            d.u.i.k.p.i.AbstractProblemLoader Creating init config 
820142     DEBUG main            d.u.i.k.p.i.AbstractProblemLoader Init config took 2.95s 
820190     INFO  main            d.u.i.k.p.i.AbstractProblemLoader Replaying proof Counter[LockSpec::lockState(boolean)].JML accessible clause.0 
820250     DEBUG main            d.u.i.k.p.i.IntermediateProofReplayer Proof replay took 57.38ms 
820250     DEBUG main            d.u.i.k.p.r.p.TestFile    ... success: reloaded. 
820251     INFO  main            d.u.i.k.p.r.p.TestFile    Now processing file /home/runner/work/key/key/key.core/../key.ui/examples/heap/permissions/lockspec/Counter_lockStatus_accessible.key 
820251     INFO  main            d.u.i.k.p.i.AbstractProblemLoader Loading environment from /home/runner/work/key/key/key.core/../key.ui/examples/heap/permissions/lockspec/Counter_lockStatus_accessible.key 
820251     DEBUG main            d.u.i.k.p.i.AbstractProblemLoader Environment load took 83.5ns 
820252     INFO  main            d.u.i.k.p.i.AbstractProblemLoader Creating init config 
823232     DEBUG main            d.u.i.k.p.i.AbstractProblemLoader Init config took 2.98s 
823280     INFO  main            d.u.i.k.p.i.AbstractProblemLoader Replaying proof Counter[LockSpec::lockStatus(boolean)].JML accessible clause.0 
823283     DEBUG main            d.u.i.k.p.i.IntermediateProofReplayer Proof replay took 2.6ns 
823385     INFO  main            d.u.i.k.p.r.p.TestFile    ... finished proof: closed. 
824076     INFO  main            d.u.i.k.p.i.AbstractProblemLoader Loading environment from /home/runner/work/key/key/key.core/../key.ui/examples/heap/permissions/lockspec/Counter_lockStatus_accessible.key.proof 
824076     DEBUG main            d.u.i.k.p.i.AbstractProblemLoader Environment load took 73.61ns 
824077     INFO  main            d.u.i.k.p.i.AbstractProblemLoader Creating init config 
826973     DEBUG main            d.u.i.k.p.i.AbstractProblemLoader Init config took 2.9s 
827020     INFO  main            d.u.i.k.p.i.AbstractProblemLoader Replaying proof Counter[LockSpec::lockStatus(boolean)].JML accessible clause.0 
827039     DEBUG main            d.u.i.k.p.i.IntermediateProofReplayer Proof replay took 16.92ms 
827039     DEBUG main            d.u.i.k.p.r.p.TestFile    ... success: reloaded. 
827040     INFO  main            d.u.i.k.p.r.p.TestFile    Now processing file /home/runner/work/key/key/key.core/../key.ui/examples/heap/permissions/lockspec/Counter_lockTransfer_accessible.key 
827040     INFO  main            d.u.i.k.p.i.AbstractProblemLoader Loading environment from /home/runner/work/key/key/key.core/../key.ui/examples/heap/permissions/lockspec/Counter_lockTransfer_accessible.key 
827040     DEBUG main            d.u.i.k.p.i.AbstractProblemLoader Environment load took 78.61ns 
827041     INFO  main            d.u.i.k.p.i.AbstractProblemLoader Creating init config 
830026     DEBUG main            d.u.i.k.p.i.AbstractProblemLoader Init config took 2.99s 
830073     INFO  main            d.u.i.k.p.i.AbstractProblemLoader Replaying proof Counter[LockSpec::lockTransfer()].JML accessible clause.0 
830074     DEBUG main            d.u.i.k.p.i.IntermediateProofReplayer Proof replay took 2.6ns 
830376     INFO  main            d.u.i.k.p.r.p.TestFile    ... finished proof: closed. 
831068     INFO  main            d.u.i.k.p.i.AbstractProblemLoader Loading environment from /home/runner/work/key/key/key.core/../key.ui/examples/heap/permissions/lockspec/Counter_lockTransfer_accessible.key.proof 
831068     DEBUG main            d.u.i.k.p.i.AbstractProblemLoader Environment load took 83.51ns 
831069     INFO  main            d.u.i.k.p.i.AbstractProblemLoader Creating init config 
833994     DEBUG main            d.u.i.k.p.i.AbstractProblemLoader Init config took 2.93s 
834044     INFO  main            d.u.i.k.p.i.AbstractProblemLoader Replaying proof Counter[LockSpec::lockTransfer()].JML accessible clause.0 
834101     DEBUG main            d.u.i.k.p.i.IntermediateProofReplayer Proof replay took 54.84ms 
834102     DEBUG main            d.u.i.k.p.r.p.TestFile    ... success: reloaded. 
834102     INFO  main            d.u.i.k.p.r.p.TestFile    Now processing file /home/runner/work/key/key/key.core/../key.ui/examples/heap/permissions/lockspec/Counter_unlockTransfer_accessible.key 
834103     INFO  main            d.u.i.k.p.i.AbstractProblemLoader Loading environment from /home/runner/work/key/key/key.core/../key.ui/examples/heap/permissions/lockspec/Counter_unlockTransfer_accessible.key 
834103     DEBUG main            d.u.i.k.p.i.AbstractProblemLoader Environment load took 95.01ns 
834103     INFO  main            d.u.i.k.p.i.AbstractProblemLoader Creating init config 
837079     DEBUG main            d.u.i.k.p.i.AbstractProblemLoader Init config took 2.98s 
837128     INFO  main            d.u.i.k.p.i.AbstractProblemLoader Replaying proof Counter[LockSpec::unlockTransfer()].JML accessible clause.0 
837129     DEBUG main            d.u.i.k.p.i.IntermediateProofReplayer Proof replay took 3.3ns 
837433     INFO  main            d.u.i.k.p.r.p.TestFile    ... finished proof: closed. 
838152     INFO  main            d.u.i.k.p.i.AbstractProblemLoader Loading environment from /home/runner/work/key/key/key.core/../key.ui/examples/heap/permissions/lockspec/Counter_unlockTransfer_accessible.key.proof 
838152     DEBUG main            d.u.i.k.p.i.AbstractProblemLoader Environment load took 76.5ns 
838154     INFO  main            d.u.i.k.p.i.AbstractProblemLoader Creating init config 
841211     DEBUG main            d.u.i.k.p.i.AbstractProblemLoader Init config took 3.06s 
841266     INFO  main            d.u.i.k.p.i.AbstractProblemLoader Replaying proof Counter[LockSpec::unlockTransfer()].JML accessible clause.0 
841341     DEBUG main            d.u.i.k.p.i.IntermediateProofReplayer Proof replay took 72.18ms 
841341     DEBUG main            d.u.i.k.p.r.p.TestFile    ... success: reloaded. 
841342     INFO  main            d.u.i.k.p.r.p.TestFile    Now processing file /home/runner/work/key/key/key.core/../key.ui/examples/heap/permissions/threads/Plotter_startTransfer_contract.proof 
841342     INFO  main            d.u.i.k.p.i.AbstractProblemLoader Loading environment from /home/runner/work/key/key/key.core/../key.ui/examples/heap/permissions/threads/Plotter_startTransfer_contract.proof 
841342     DEBUG main            d.u.i.k.p.i.AbstractProblemLoader Environment load took 49.2ns 
841343     INFO  main            d.u.i.k.p.i.AbstractProblemLoader Creating init config 
845993     DEBUG main            d.u.i.k.p.i.AbstractProblemLoader Init config took 4.65s 
846072     INFO  main            d.u.i.k.p.i.AbstractProblemLoader Replaying proof Plotter[ThreadSpec2::startTransfer()].JML model_behavior operation contract.0 
846166     DEBUG main            d.u.i.k.p.i.IntermediateProofReplayer Proof replay took 88.15ms 
846167     INFO  main            d.u.i.k.p.r.p.TestFile    ... success: loaded 
846168     INFO  main            d.u.i.k.p.r.p.TestFile    Now processing file /home/runner/work/key/key/key.core/../key.ui/examples/heap/permissions/threads/Plotter_startTransfer_accessible.proof 
846168     INFO  main            d.u.i.k.p.i.AbstractProblemLoader Loading environment from /home/runner/work/key/key/key.core/../key.ui/examples/heap/permissions/threads/Plotter_startTransfer_accessible.proof 
846168     DEBUG main            d.u.i.k.p.i.AbstractProblemLoader Environment load took 154.31ns 
846169     INFO  main            d.u.i.k.p.i.AbstractProblemLoader Creating init config 
850773     DEBUG main            d.u.i.k.p.i.AbstractProblemLoader Init config took 4.6s 
850854     INFO  main            d.u.i.k.p.i.AbstractProblemLoader Replaying proof Plotter[ThreadSpec2::startTransfer()].JML accessible clause.0 
850952     DEBUG main            d.u.i.k.p.i.IntermediateProofReplayer Proof replay took 89.22ms 
850953     INFO  main            d.u.i.k.p.r.p.TestFile    ... success: loaded 
850954     INFO  main            d.u.i.k.p.r.p.TestFile    Now processing file /home/runner/work/key/key/key.core/../key.ui/examples/heap/permissions/threads/Plotter_joinTransfer_accessible.proof 
850954     INFO  main            d.u.i.k.p.i.AbstractProblemLoader Loading environment from /home/runner/work/key/key/key.core/../key.ui/examples/heap/permissions/threads/Plotter_joinTransfer_accessible.proof 
850954     DEBUG main            d.u.i.k.p.i.AbstractProblemLoader Environment load took 57.5ns 
850955     INFO  main            d.u.i.k.p.i.AbstractProblemLoader Creating init config 
855534     DEBUG main            d.u.i.k.p.i.AbstractProblemLoader Init config took 4.58s 
855632     INFO  main            d.u.i.k.p.i.AbstractProblemLoader Replaying proof Plotter[ThreadSpec2::joinTransfer()].JML accessible clause.0 
855639     WARN  main            d.u.i.k.p.i.IntermediateProofReplayer Proof contains wrong number of \assumes instatiations for Definition_axiom_for_stateInv_in_Plotter 
855641     WARN  main            d.u.i.k.p.i.IntermediateProofReplayer Proof contains wrong number of \assumes instatiations for Definition_axiom_for_stateInv_in_Plotter 
855643     WARN  main            d.u.i.k.p.i.IntermediateProofReplayer Proof contains wrong number of \assumes instatiations for Definition_axiom_for_workingPermissions_in_Plotter 
855644     WARN  main            d.u.i.k.p.i.IntermediateProofReplayer Proof contains wrong number of \assumes instatiations for Definition_axiom_for_staticPermissions_in_Plotter 
855645     WARN  main            d.u.i.k.p.i.IntermediateProofReplayer Proof contains wrong number of \assumes instatiations for Definition_axiom_for_joinTransfer_in_Plotter 
855646     WARN  main            d.u.i.k.p.i.IntermediateProofReplayer Proof contains wrong number of \assumes instatiations for Definition_axiom_for_stateInv_in_BFilter 
855648     WARN  main            d.u.i.k.p.i.IntermediateProofReplayer Proof contains wrong number of \assumes instatiations for Definition_axiom_for_stateInv_in_AFilter 
855649     WARN  main            d.u.i.k.p.i.IntermediateProofReplayer Proof contains wrong number of \assumes instatiations for Definition_axiom_for_stateInv_in_BFilter 
855651     WARN  main            d.u.i.k.p.i.IntermediateProofReplayer Proof contains wrong number of \assumes instatiations for Definition_axiom_for_stateInv_in_AFilter 
855652     WARN  main            d.u.i.k.p.i.IntermediateProofReplayer Proof contains wrong number of \assumes instatiations for Definition_axiom_for_staticPermissions_in_AFilter 
855653     WARN  main            d.u.i.k.p.i.IntermediateProofReplayer Proof contains wrong number of \assumes instatiations for Definition_axiom_for_staticPermissions_in_Plotter 
855654     WARN  main            d.u.i.k.p.i.IntermediateProofReplayer Proof contains wrong number of \assumes instatiations for Definition_axiom_for_staticPermissions_in_BFilter 
855655     WARN  main            d.u.i.k.p.i.IntermediateProofReplayer Proof contains wrong number of \assumes instatiations for Definition_axiom_for_workingPermissions_in_Plotter 
855655     WARN  main            d.u.i.k.p.i.IntermediateProofReplayer Proof contains wrong number of \assumes instatiations for Definition_axiom_for_stateInv_in_Sampler 
855656     WARN  main            d.u.i.k.p.i.IntermediateProofReplayer Proof contains wrong number of \assumes instatiations for Definition_axiom_for_stateInv_in_Sampler 
855657     WARN  main            d.u.i.k.p.i.IntermediateProofReplayer Proof contains wrong number of \assumes instatiations for Definition_axiom_for_staticPermissions_in_Sampler 
855658     WARN  main            d.u.i.k.p.i.IntermediateProofReplayer Proof contains wrong number of \assumes instatiations for Definition_axiom_for_staticPermissions_in_BFilter 
855659     WARN  main            d.u.i.k.p.i.IntermediateProofReplayer Proof contains wrong number of \assumes instatiations for Definition_axiom_for_staticPermissions_in_AFilter 
855659     WARN  main            d.u.i.k.p.i.IntermediateProofReplayer Proof contains wrong number of \assumes instatiations for Definition_axiom_for_staticPermissions_in_Sampler 
855660     WARN  main            d.u.i.k.p.i.IntermediateProofReplayer Proof contains wrong number of \assumes instatiations for Definition_axiom_for_staticPermissions_in_Sampler 
855661     WARN  main            d.u.i.k.p.i.IntermediateProofReplayer Proof contains wrong number of \assumes instatiations for Definition_axiom_for_staticPermissions_in_Sampler 
855661     WARN  main            d.u.i.k.p.i.IntermediateProofReplayer Proof contains wrong number of \assumes instatiations for Definition_axiom_for_joinTransfer_in_Plotter 
855738     DEBUG main            d.u.i.k.p.i.IntermediateProofReplayer Proof replay took 103.06ms 
855739     INFO  main            d.u.i.k.p.r.p.TestFile    ... success: loaded 
5121733    INFO  Test worker     d.u.i.k.p.r.RunAllProofsTestUnit Returning from test permissionHeap 
5121734    INFO  Test worker     d.u.i.k.p.r.RunAllProofsTestUnit Running test completionScopes 
319        INFO  Timeout watchdog d.u.i.k.p.r.p.ForkedTestFileRunner Timeout watcher launched (2000 secs.) 
339        WARN  main            d.u.i.k.s.ProofSettings   The settings in /home/runner/.key/proof-settings.props are *not* read. 
365        INFO  main            d.u.i.k.p.r.p.TestFile    Now processing file /home/runner/work/key/key/key.core/../key.ui/examples/completionscopes/testCcatchReturnVal.key 
473        INFO  main            d.u.i.k.p.i.AbstractProblemLoader Loading environment from /home/runner/work/key/key/key.core/../key.ui/examples/completionscopes/testCcatchReturnVal.key 
490        DEBUG main            d.u.i.k.p.i.AbstractProblemLoader Environment load took 2.06ms 
730        INFO  main            d.u.i.k.p.i.AbstractProblemLoader Creating init config 
1717       DEBUG main            d.u.i.k.j.TypeConverter   No LDT found for Meta 
1718       DEBUG main            d.u.i.k.j.TypeConverter   No LDT found for Meta 
1721       DEBUG main            d.u.i.k.j.TypeConverter   No LDT found for Meta 
1722       DEBUG main            d.u.i.k.j.TypeConverter   No LDT found for Meta 
3057       DEBUG main            d.u.i.k.j.TypeConverter   No LDT found for JavaBigintExpression 
8001       DEBUG main            d.u.i.k.p.i.AbstractProblemLoader Init config took 7.27s 
8167       INFO  main            d.u.i.k.p.i.AbstractProblemLoader Replaying proof CompletionScopes[CompletionScopes::testCcatchReturnVal()].JML normal_behavior operation contract.0 
8201       DEBUG main            d.u.i.k.p.i.IntermediateProofReplayer Proof replay took 29ns 
8745       INFO  main            d.u.i.k.p.r.p.TestFile    ... finished proof: closed. 
8852       INFO  main            d.u.i.k.p.i.AbstractProblemLoader Loading environment from /home/runner/work/key/key/key.core/../key.ui/examples/completionscopes/testCcatchReturnVal.key.proof 
8852       DEBUG main            d.u.i.k.p.i.AbstractProblemLoader Environment load took 164.01ns 
8854       INFO  main            d.u.i.k.p.i.AbstractProblemLoader Creating init config 
11783      DEBUG main            d.u.i.k.p.i.AbstractProblemLoader Init config took 2.93s 
11852      INFO  main            d.u.i.k.p.i.AbstractProblemLoader Replaying proof CompletionScopes[CompletionScopes::testCcatchReturnVal()].JML normal_behavior operation contract.0 
11890      DEBUG main            d.u.i.k.p.i.IntermediateProofReplayer Proof replay took 33.09ms 
11897      DEBUG main            d.u.i.k.p.r.p.TestFile    ... success: reloaded. 
11899      INFO  main            d.u.i.k.p.r.p.TestFile    Now processing file /home/runner/work/key/key/key.core/../key.ui/examples/completionscopes/testMultCcatchClauses.key 
11899      INFO  main            d.u.i.k.p.i.AbstractProblemLoader Loading environment from /home/runner/work/key/key/key.core/../key.ui/examples/completionscopes/testMultCcatchClauses.key 
11899      DEBUG main            d.u.i.k.p.i.AbstractProblemLoader Environment load took 225.72ns 
11901      INFO  main            d.u.i.k.p.i.AbstractProblemLoader Creating init config 
14609      DEBUG main            d.u.i.k.p.i.AbstractProblemLoader Init config took 2.71s 
14672      INFO  main            d.u.i.k.p.i.AbstractProblemLoader Replaying proof CompletionScopes[CompletionScopes::testMultCcatchClauses()].JML normal_behavior operation contract.0 
14679      DEBUG main            d.u.i.k.p.i.IntermediateProofReplayer Proof replay took 6ns 
15184      INFO  main            d.u.i.k.p.r.p.TestFile    ... finished proof: closed. 
15311      INFO  main            d.u.i.k.p.i.AbstractProblemLoader Loading environment from /home/runner/work/key/key/key.core/../key.ui/examples/completionscopes/testMultCcatchClauses.key.proof 
15312      DEBUG main            d.u.i.k.p.i.AbstractProblemLoader Environment load took 1.71ms 
15314      INFO  main            d.u.i.k.p.i.AbstractProblemLoader Creating init config 
17895      DEBUG main            d.u.i.k.p.i.AbstractProblemLoader Init config took 2.58s 
17947      INFO  main            d.u.i.k.p.i.AbstractProblemLoader Replaying proof CompletionScopes[CompletionScopes::testMultCcatchClauses()].JML normal_behavior operation contract.0 
18034      DEBUG main            d.u.i.k.p.i.IntermediateProofReplayer Proof replay took 84.51ms 
18035      DEBUG main            d.u.i.k.p.r.p.TestFile    ... success: reloaded. 
18036      INFO  main            d.u.i.k.p.r.p.TestFile    Now processing file /home/runner/work/key/key/key.core/../key.ui/examples/completionscopes/testNestedExec.key 
18037      INFO  main            d.u.i.k.p.i.AbstractProblemLoader Loading environment from /home/runner/work/key/key/key.core/../key.ui/examples/completionscopes/testNestedExec.key 
18037      DEBUG main            d.u.i.k.p.i.AbstractProblemLoader Environment load took 193.61ns 
18038      INFO  main            d.u.i.k.p.i.AbstractProblemLoader Creating init config 
20609      DEBUG main            d.u.i.k.p.i.AbstractProblemLoader Init config took 2.57s 
20659      INFO  main            d.u.i.k.p.i.AbstractProblemLoader Replaying proof CompletionScopes[CompletionScopes::testMultCcatchClauses()].JML normal_behavior operation contract.0 
20661      DEBUG main            d.u.i.k.p.i.IntermediateProofReplayer Proof replay took 5.5ns 
20966      INFO  main            d.u.i.k.p.r.p.TestFile    ... finished proof: closed. 
21114      INFO  main            d.u.i.k.p.i.AbstractProblemLoader Loading environment from /home/runner/work/key/key/key.core/../key.ui/examples/completionscopes/testNestedExec.key.proof 
21115      DEBUG main            d.u.i.k.p.i.AbstractProblemLoader Environment load took 366.62ns 
21116      INFO  main            d.u.i.k.p.i.AbstractProblemLoader Creating init config 
23576      DEBUG main            d.u.i.k.p.i.AbstractProblemLoader Init config took 2.46s 
23620      INFO  main            d.u.i.k.p.i.AbstractProblemLoader Replaying proof CompletionScopes[CompletionScopes::testMultCcatchClauses()].JML normal_behavior operation contract.0 
23688      DEBUG main            d.u.i.k.p.i.IntermediateProofReplayer Proof replay took 64.58ms 
23689      DEBUG main            d.u.i.k.p.r.p.TestFile    ... success: reloaded. 
23690      INFO  main            d.u.i.k.p.r.p.TestFile    Now processing file /home/runner/work/key/key/key.core/../key.ui/examples/completionscopes/testCcatchBreakLabel.key 
23690      INFO  main            d.u.i.k.p.i.AbstractProblemLoader Loading environment from /home/runner/work/key/key/key.core/../key.ui/examples/completionscopes/testCcatchBreakLabel.key 
23690      DEBUG main            d.u.i.k.p.i.AbstractProblemLoader Environment load took 223.01ns 
23692      INFO  main            d.u.i.k.p.i.AbstractProblemLoader Creating init config 
26139      DEBUG main            d.u.i.k.p.i.AbstractProblemLoader Init config took 2.45s 
26182      INFO  main            d.u.i.k.p.i.AbstractProblemLoader Replaying proof CompletionScopes[CompletionScopes::testBreakLabel()].JML normal_behavior operation contract.0 
26183      DEBUG main            d.u.i.k.p.i.IntermediateProofReplayer Proof replay took 5.2ns 
26205      DEBUG Thread-10       d.u.i.k.l.o.ProgramSV     Match failed: Former match of  SchemaVariable incompatible with  the current match. 
26287      INFO  main            d.u.i.k.p.r.p.TestFile    ... finished proof: closed. 
26439      INFO  main            d.u.i.k.p.i.AbstractProblemLoader Loading environment from /home/runner/work/key/key/key.core/../key.ui/examples/completionscopes/testCcatchBreakLabel.key.proof 
26439      DEBUG main            d.u.i.k.p.i.AbstractProblemLoader Environment load took 137.91ns 
26440      INFO  main            d.u.i.k.p.i.AbstractProblemLoader Creating init config 
28858      DEBUG main            d.u.i.k.p.i.AbstractProblemLoader Init config took 2.42s 
28910      INFO  main            d.u.i.k.p.i.AbstractProblemLoader Replaying proof CompletionScopes[CompletionScopes::testBreakLabel()].JML normal_behavior operation contract.0 
28922      DEBUG main            d.u.i.k.p.i.IntermediateProofReplayer Proof replay took 8.86ms 
28923      DEBUG main            d.u.i.k.p.r.p.TestFile    ... success: reloaded. 
28924      INFO  main            d.u.i.k.p.r.p.TestFile    Now processing file /home/runner/work/key/key/key.core/../key.ui/examples/completionscopes/testCcatchContinueLabel.key 
28925      INFO  main            d.u.i.k.p.i.AbstractProblemLoader Loading environment from /home/runner/work/key/key/key.core/../key.ui/examples/completionscopes/testCcatchContinueLabel.key 
28925      DEBUG main            d.u.i.k.p.i.AbstractProblemLoader Environment load took 198.11ns 
28926      INFO  main            d.u.i.k.p.i.AbstractProblemLoader Creating init config 
31401      DEBUG main            d.u.i.k.p.i.AbstractProblemLoader Init config took 2.47s 
31443      INFO  main            d.u.i.k.p.i.AbstractProblemLoader Replaying proof CompletionScopes[CompletionScopes::testContinueLabel()].JML normal_behavior operation contract.0 
31445      DEBUG main            d.u.i.k.p.i.IntermediateProofReplayer Proof replay took 5.4ns 
31461      DEBUG Thread-13       d.u.i.k.l.o.ProgramSV     Match failed: Former match of  SchemaVariable incompatible with  the current match. 
31547      INFO  main            d.u.i.k.p.r.p.TestFile    ... finished proof: closed. 
31701      INFO  main            d.u.i.k.p.i.AbstractProblemLoader Loading environment from /home/runner/work/key/key/key.core/../key.ui/examples/completionscopes/testCcatchContinueLabel.key.proof 
31701      DEBUG main            d.u.i.k.p.i.AbstractProblemLoader Environment load took 140.21ns 
31702      INFO  main            d.u.i.k.p.i.AbstractProblemLoader Creating init config 
34211      DEBUG main            d.u.i.k.p.i.AbstractProblemLoader Init config took 2.51s 
34258      INFO  main            d.u.i.k.p.i.AbstractProblemLoader Replaying proof CompletionScopes[CompletionScopes::testContinueLabel()].JML normal_behavior operation contract.0 
34268      DEBUG main            d.u.i.k.p.i.IntermediateProofReplayer Proof replay took 8.46ms 
34269      DEBUG main            d.u.i.k.p.r.p.TestFile    ... success: reloaded. 
34271      INFO  main            d.u.i.k.p.r.p.TestFile    Now processing file /home/runner/work/key/key/key.core/../key.ui/examples/completionscopes/testCcatchBreakLabelWildcard.key 
34271      INFO  main            d.u.i.k.p.i.AbstractProblemLoader Loading environment from /home/runner/work/key/key/key.core/../key.ui/examples/completionscopes/testCcatchBreakLabelWildcard.key 
34271      DEBUG main            d.u.i.k.p.i.AbstractProblemLoader Environment load took 199.61ns 
34272      INFO  main            d.u.i.k.p.i.AbstractProblemLoader Creating init config 
36685      DEBUG main            d.u.i.k.p.i.AbstractProblemLoader Init config took 2.41s 
36726      INFO  main            d.u.i.k.p.i.AbstractProblemLoader Replaying proof CompletionScopes[CompletionScopes::testBreakLabelWildcard()].JML normal_behavior operation contract.0 
36728      DEBUG main            d.u.i.k.p.i.IntermediateProofReplayer Proof replay took 6.8ns 
36742      DEBUG Thread-16       d.u.i.k.l.o.ProgramSV     Match failed: Former match of  SchemaVariable incompatible with  the current match. 
36743      DEBUG Thread-16       d.u.i.k.l.o.ProgramSV     Match failed: Former match of  SchemaVariable incompatible with  the current match. 
36831      INFO  main            d.u.i.k.p.r.p.TestFile    ... finished proof: closed. 
37052      INFO  main            d.u.i.k.p.i.AbstractProblemLoader Loading environment from /home/runner/work/key/key/key.core/../key.ui/examples/completionscopes/testCcatchBreakLabelWildcard.key.proof 
37052      DEBUG main            d.u.i.k.p.i.AbstractProblemLoader Environment load took 128.61ns 
37053      INFO  main            d.u.i.k.p.i.AbstractProblemLoader Creating init config 
39445      DEBUG main            d.u.i.k.p.i.AbstractProblemLoader Init config took 2.39s 
39497      INFO  main            d.u.i.k.p.i.AbstractProblemLoader Replaying proof CompletionScopes[CompletionScopes::testBreakLabelWildcard()].JML normal_behavior operation contract.0 
39506      DEBUG main            d.u.i.k.p.i.IntermediateProofReplayer Proof replay took 7.05ms 
39507      DEBUG main            d.u.i.k.p.r.p.TestFile    ... success: reloaded. 
39508      INFO  main            d.u.i.k.p.r.p.TestFile    Now processing file /home/runner/work/key/key/key.core/../key.ui/examples/completionscopes/testCcatchContinueLabelWildcard.key 
39508      INFO  main            d.u.i.k.p.i.AbstractProblemLoader Loading environment from /home/runner/work/key/key/key.core/../key.ui/examples/completionscopes/testCcatchContinueLabelWildcard.key 
39508      DEBUG main            d.u.i.k.p.i.AbstractProblemLoader Environment load took 241.32ns 
39509      INFO  main            d.u.i.k.p.i.AbstractProblemLoader Creating init config 
41950      DEBUG main            d.u.i.k.p.i.AbstractProblemLoader Init config took 2.44s 
41989      INFO  main            d.u.i.k.p.i.AbstractProblemLoader Replaying proof CompletionScopes[CompletionScopes::testContinueLabelWildcard()].JML normal_behavior operation contract.0 
41990      DEBUG main            d.u.i.k.p.i.IntermediateProofReplayer Proof replay took 6.4ns 
42007      DEBUG Thread-19       d.u.i.k.l.o.ProgramSV     Match failed: Former match of  SchemaVariable incompatible with  the current match. 
42008      DEBUG Thread-19       d.u.i.k.l.o.ProgramSV     Match failed: Former match of  SchemaVariable incompatible with  the current match. 
42092      INFO  main            d.u.i.k.p.r.p.TestFile    ... finished proof: closed. 
42260      INFO  main            d.u.i.k.p.i.AbstractProblemLoader Loading environment from /home/runner/work/key/key/key.core/../key.ui/examples/completionscopes/testCcatchContinueLabelWildcard.key.proof 
42260      DEBUG main            d.u.i.k.p.i.AbstractProblemLoader Environment load took 140.41ns 
42261      INFO  main            d.u.i.k.p.i.AbstractProblemLoader Creating init config 
44696      DEBUG main            d.u.i.k.p.i.AbstractProblemLoader Init config took 2.43s 
44744      INFO  main            d.u.i.k.p.i.AbstractProblemLoader Replaying proof CompletionScopes[CompletionScopes::testContinueLabelWildcard()].JML normal_behavior operation contract.0 
44755      DEBUG main            d.u.i.k.p.i.IntermediateProofReplayer Proof replay took 8.7ms 
44756      DEBUG main            d.u.i.k.p.r.p.TestFile    ... success: reloaded. 
44757      INFO  main            d.u.i.k.p.r.p.TestFile    Now processing file /home/runner/work/key/key/key.core/../key.ui/examples/completionscopes/testCcatchBreakLabelNonmatchingNested.key 
44757      INFO  main            d.u.i.k.p.i.AbstractProblemLoader Loading environment from /home/runner/work/key/key/key.core/../key.ui/examples/completionscopes/testCcatchBreakLabelNonmatchingNested.key 
44757      DEBUG main            d.u.i.k.p.i.AbstractProblemLoader Environment load took 209.61ns 
44758      INFO  main            d.u.i.k.p.i.AbstractProblemLoader Creating init config 
47254      DEBUG main            d.u.i.k.p.i.AbstractProblemLoader Init config took 2.5s 
47295      INFO  main            d.u.i.k.p.i.AbstractProblemLoader Replaying proof CompletionScopes[CompletionScopes::testBreakLabelNonmatchingNested()].JML normal_behavior operation contract.0 
47296      DEBUG main            d.u.i.k.p.i.IntermediateProofReplayer Proof replay took 6.9ns 
47314      DEBUG Thread-22       d.u.i.k.l.o.ProgramSV     Match failed: Former match of  SchemaVariable incompatible with  the current match. 
47315      DEBUG Thread-22       d.u.i.k.l.o.ProgramSV     Match failed: Former match of  SchemaVariable incompatible with  the current match. 
47402      INFO  main            d.u.i.k.p.r.p.TestFile    ... finished proof: closed. 
47577      INFO  main            d.u.i.k.p.i.AbstractProblemLoader Loading environment from /home/runner/work/key/key/key.core/../key.ui/examples/completionscopes/testCcatchBreakLabelNonmatchingNested.key.proof 
47577      DEBUG main            d.u.i.k.p.i.AbstractProblemLoader Environment load took 122.21ns 
47578      INFO  main            d.u.i.k.p.i.AbstractProblemLoader Creating init config 
50014      DEBUG main            d.u.i.k.p.i.AbstractProblemLoader Init config took 2.44s 
50060      INFO  main            d.u.i.k.p.i.AbstractProblemLoader Replaying proof CompletionScopes[CompletionScopes::testBreakLabelNonmatchingNested()].JML normal_behavior operation contract.0 
50077      DEBUG main            d.u.i.k.p.i.IntermediateProofReplayer Proof replay took 12.19ms 
50078      DEBUG main            d.u.i.k.p.r.p.TestFile    ... success: reloaded. 
5171994    INFO  Test worker     d.u.i.k.p.r.RunAllProofsTestUnit Returning from test completionScopes 
5171995    INFO  Test worker     d.u.i.k.p.r.RunAllProofsTestUnit Running test reload_examples 
363        INFO  Timeout watchdog d.u.i.k.p.r.p.ForkedTestFileRunner Timeout watcher launched (2000 secs.) 
375        WARN  main            d.u.i.k.s.ProofSettings   The settings in /home/runner/.key/proof-settings.props are *not* read. 
426        INFO  main            d.u.i.k.p.r.p.TestFile    Now processing file /home/runner/work/key/key/key.core/../key.ui/examples/firstTouch/05-ReverseArray/reverseArray.key 
552        INFO  main            d.u.i.k.p.i.AbstractProblemLoader Loading environment from /home/runner/work/key/key/key.core/../key.ui/examples/firstTouch/05-ReverseArray/reverseArray.key 
574        DEBUG main            d.u.i.k.p.i.AbstractProblemLoader Environment load took 2.06ms 
802        INFO  main            d.u.i.k.p.i.AbstractProblemLoader Creating init config 
1778       DEBUG main            d.u.i.k.j.TypeConverter   No LDT found for Meta 
1779       DEBUG main            d.u.i.k.j.TypeConverter   No LDT found for Meta 
1780       DEBUG main            d.u.i.k.j.TypeConverter   No LDT found for Meta 
1780       DEBUG main            d.u.i.k.j.TypeConverter   No LDT found for Meta 
3340       DEBUG main            d.u.i.k.j.TypeConverter   No LDT found for JavaBigintExpression 
8494       DEBUG main            d.u.i.k.p.i.AbstractProblemLoader Init config took 7.69s 
8669       INFO  main            d.u.i.k.p.i.AbstractProblemLoader Replaying proof ReverseArray[ReverseArray::reverse()].JML normal_behavior operation contract.0 
8732       DEBUG main            d.u.i.k.p.i.IntermediateProofReplayer Proof replay took 35ns 
18468      INFO  main            d.u.i.k.p.r.p.TestFile    ... finished proof: closed. 
18708      INFO  main            d.u.i.k.p.i.AbstractProblemLoader Loading environment from /home/runner/work/key/key/key.core/../key.ui/examples/firstTouch/05-ReverseArray/reverseArray.key.proof 
18708      DEBUG main            d.u.i.k.p.i.AbstractProblemLoader Environment load took 393.23ns 
18713      INFO  main            d.u.i.k.p.i.AbstractProblemLoader Creating init config 
21509      DEBUG main            d.u.i.k.p.i.AbstractProblemLoader Init config took 2.8s 
21591      INFO  main            d.u.i.k.p.i.AbstractProblemLoader Replaying proof ReverseArray[ReverseArray::reverse()].JML normal_behavior operation contract.0 
22837      DEBUG main            d.u.i.k.p.i.IntermediateProofReplayer Proof replay took 1.2s 
22848      DEBUG main            d.u.i.k.p.r.p.TestFile    ... success: reloaded. 
22849      INFO  main            d.u.i.k.p.r.p.TestFile    Now processing file /home/runner/work/key/key/key.core/../key.ui/examples/standard_key/arith/saveProofTest.key.proof 
22850      INFO  main            d.u.i.k.p.i.AbstractProblemLoader Loading environment from /home/runner/work/key/key/key.core/../key.ui/examples/standard_key/arith/saveProofTest.key.proof 
22850      DEBUG main            d.u.i.k.p.i.AbstractProblemLoader Environment load took 246.12ns 
22852      INFO  main            d.u.i.k.p.i.AbstractProblemLoader Creating init config 
25372      DEBUG main            d.u.i.k.p.i.AbstractProblemLoader Init config took 2.52s 
25395      INFO  main            d.u.i.k.p.i.AbstractProblemLoader Replaying proof saveProofTest.key.proof 
25402      DEBUG main            d.u.i.k.p.i.IntermediateProofReplayer Proof replay took 3.28ms 
25403      INFO  main            d.u.i.k.p.r.p.TestFile    ... success: loaded 
25405      INFO  main            d.u.i.k.p.r.p.TestFile    Now processing file /home/runner/work/key/key/key.core/../key.ui/examples/heap/permutedSum/perm.proof 
25405      INFO  main            d.u.i.k.p.i.AbstractProblemLoader Loading environment from /home/runner/work/key/key/key.core/../key.ui/examples/heap/permutedSum/perm.proof 
25405      DEBUG main            d.u.i.k.p.i.AbstractProblemLoader Environment load took 256.12ns 
25408      INFO  main            d.u.i.k.p.i.AbstractProblemLoader Creating init config 
28365      DEBUG main            d.u.i.k.p.i.AbstractProblemLoader Init config took 2.96s 
28437      INFO  main            d.u.i.k.p.i.AbstractProblemLoader Replaying proof Perm[Perm::foo()].JML normal_behavior operation contract.0 
29630      DEBUG main            d.u.i.k.p.i.IntermediateProofReplayer Proof replay took 1.16s 
29634      INFO  main            d.u.i.k.p.r.p.TestFile    ... success: loaded 
29636      INFO  main            d.u.i.k.p.r.p.TestFile    Now processing file /home/runner/work/key/key/key.core/../key.ui/examples/firstTouch/05-ReverseArray/reverseArray.proof 
29636      INFO  main            d.u.i.k.p.i.AbstractProblemLoader Loading environment from /home/runner/work/key/key/key.core/../key.ui/examples/firstTouch/05-ReverseArray/reverseArray.proof 
29636      DEBUG main            d.u.i.k.p.i.AbstractProblemLoader Environment load took 214.21ns 
29639      INFO  main            d.u.i.k.p.i.AbstractProblemLoader Creating init config 
32318      DEBUG main            d.u.i.k.p.i.AbstractProblemLoader Init config took 2.68s 
32360      INFO  main            d.u.i.k.p.i.AbstractProblemLoader Replaying proof ReverseArray[ReverseArray::reverse()].JML normal_behavior operation contract.0 
33466      DEBUG main            d.u.i.k.p.i.IntermediateProofReplayer Proof replay took 1.07s 
33470      INFO  main            d.u.i.k.p.r.p.TestFile    ... success: loaded 
33471      INFO  main            d.u.i.k.p.r.p.TestFile    Now processing file /home/runner/work/key/key/key.core/../key.ui/examples/heap/verifyThis15_1_RelaxedPrefix/relax.proof 
33472      INFO  main            d.u.i.k.p.i.AbstractProblemLoader Loading environment from /home/runner/work/key/key/key.core/../key.ui/examples/heap/verifyThis15_1_RelaxedPrefix/relax.proof 
33472      DEBUG main            d.u.i.k.p.i.AbstractProblemLoader Environment load took 185.41ns 
33474      INFO  main            d.u.i.k.p.i.AbstractProblemLoader Creating init config 
36131      DEBUG main            d.u.i.k.p.i.AbstractProblemLoader Init config took 2.66s 
36177      INFO  main            d.u.i.k.p.i.AbstractProblemLoader Replaying proof Relaxed[Relaxed::isRelaxedPrefix([I,[I)].JML operation contract.0 
36673      DEBUG main            d.u.i.k.p.i.IntermediateProofReplayer Proof replay took 481.52ms 
36674      INFO  main            d.u.i.k.p.r.p.TestFile    ... success: loaded 
36677      INFO  main            d.u.i.k.p.r.p.TestFile    Now processing file /home/runner/work/key/key/key.core/../key.ui/examples/heap/verifyThis15_3_DLL/doUndo.proof 
36677      INFO  main            d.u.i.k.p.i.AbstractProblemLoader Loading environment from /home/runner/work/key/key/key.core/../key.ui/examples/heap/verifyThis15_3_DLL/doUndo.proof 
36677      DEBUG main            d.u.i.k.p.i.AbstractProblemLoader Environment load took 205.01ns 
36680      INFO  main            d.u.i.k.p.i.AbstractProblemLoader Creating init config 
37646      DEBUG main            d.u.i.k.j.r.ClassPreparationMethodBuilder clPrepBuilder: Inner Class detected. Reject building class initialisation methods. 
39535      DEBUG main            d.u.i.k.p.i.AbstractProblemLoader Init config took 2.86s 
39619      INFO  main            d.u.i.k.p.i.AbstractProblemLoader Replaying proof DoubleLinkedList[DoubleLinkedList::doUndo(DoubleLinkedList.Node,int)].JML normal_behavior operation contract.0 
40449      DEBUG main            d.u.i.k.p.i.IntermediateProofReplayer Proof replay took 803.78ms 
40451      INFO  main            d.u.i.k.p.r.p.TestFile    ... success: loaded 
40453      INFO  main            d.u.i.k.p.r.p.TestFile    Now processing file /home/runner/work/key/key/key.core/../key.ui/examples/heap/verifyThis15_2_ParallelGcd/parallelGcd.proof 
40453      INFO  main            d.u.i.k.p.i.AbstractProblemLoader Loading environment from /home/runner/work/key/key/key.core/../key.ui/examples/heap/verifyThis15_2_ParallelGcd/parallelGcd.proof 
40453      DEBUG main            d.u.i.k.p.i.AbstractProblemLoader Environment load took 105.41ns 
40455      INFO  main            d.u.i.k.p.i.AbstractProblemLoader Creating init config 
43085      DEBUG main            d.u.i.k.p.i.AbstractProblemLoader Init config took 2.63s 
43137      INFO  main            d.u.i.k.p.i.AbstractProblemLoader Replaying proof ParallelGcd[ParallelGcd::parallelGcd(int,int,[Z)].JML behavior operation contract.0 
43851      DEBUG main            d.u.i.k.p.i.IntermediateProofReplayer Proof replay took 702.04ms 
43852      INFO  main            d.u.i.k.p.r.p.TestFile    ... success: loaded 
5216041    INFO  Test worker     d.u.i.k.p.r.RunAllProofsTestUnit Returning from test reload_examples 
5216042    INFO  Test worker     d.u.i.k.p.r.RunAllProofsTestUnit Running test proofLoadRepair 
361        INFO  Timeout watchdog d.u.i.k.p.r.p.ForkedTestFileRunner Timeout watcher launched (2000 secs.) 
370        WARN  main            d.u.i.k.s.ProofSettings   The settings in /home/runner/.key/proof-settings.props are *not* read. 
417        INFO  main            d.u.i.k.p.r.p.TestFile    Now processing file /home/runner/work/key/key/key.core/../key.ui/examples/proofLoadRepair/disjConj-manipulated.proof 
544        INFO  main            d.u.i.k.p.i.AbstractProblemLoader Loading environment from /home/runner/work/key/key/key.core/../key.ui/examples/proofLoadRepair/disjConj-manipulated.proof 
574        DEBUG main            d.u.i.k.p.i.AbstractProblemLoader Environment load took 2.11ms 
802        INFO  main            d.u.i.k.p.i.AbstractProblemLoader Creating init config 
1725       DEBUG main            d.u.i.k.j.TypeConverter   No LDT found for Meta 
1725       DEBUG main            d.u.i.k.j.TypeConverter   No LDT found for Meta 
1726       DEBUG main            d.u.i.k.j.TypeConverter   No LDT found for Meta 
1726       DEBUG main            d.u.i.k.j.TypeConverter   No LDT found for Meta 
2909       DEBUG main            d.u.i.k.j.TypeConverter   No LDT found for JavaBigintExpression 
7833       DEBUG main            d.u.i.k.p.i.AbstractProblemLoader Init config took 7.03s 
7890       INFO  main            d.u.i.k.p.i.AbstractProblemLoader Replaying proof disjConj-manipulated.proof 
7935       WARN  main            d.u.i.k.p.i.IntermediateProofReplayer Proof contains wrong number of \assumes instatiations for andLeft 
7936       WARN  main            d.u.i.k.p.i.IntermediateProofReplayer Proof contains wrong number of \assumes instatiations for replace_known_right 
7940       WARN  main            d.u.i.k.p.i.IntermediateProofReplayer Proof contains wrong number of \assumes instatiations for close 
7941       DEBUG main            d.u.i.k.p.i.IntermediateProofReplayer Proof replay took 16.23ms 
7945       INFO  main            d.u.i.k.p.r.p.TestFile    ... success: loaded 
7949       INFO  main            d.u.i.k.p.r.p.TestFile    Now processing file /home/runner/work/key/key/key.core/../key.ui/examples/proofLoadRepair/insufficient-manipulated.proof 
7949       INFO  main            d.u.i.k.p.i.AbstractProblemLoader Loading environment from /home/runner/work/key/key/key.core/../key.ui/examples/proofLoadRepair/insufficient-manipulated.proof 
7949       DEBUG main            d.u.i.k.p.i.AbstractProblemLoader Environment load took 302.72ns 
7953       INFO  main            d.u.i.k.p.i.AbstractProblemLoader Creating init config 
10727      DEBUG main            d.u.i.k.p.i.AbstractProblemLoader Init config took 2.77s 
10743      INFO  main            d.u.i.k.p.i.AbstractProblemLoader Replaying proof insufficient-manipulated.proof 
10760      WARN  main            d.u.i.k.p.i.IntermediateProofReplayer Proof contains wrong number of \assumes instatiations for applyEq 
10769      DEBUG main            d.u.i.k.p.i.IntermediateProofReplayer Proof replay took 12.28ms 
10772      INFO  main            d.u.i.k.p.r.p.TestFile    ... success: loading failed 
10773      INFO  main            d.u.i.k.p.r.p.TestFile    Now processing file /home/runner/work/key/key/key.core/../key.ui/examples/../../key.core/src/test/resources/testcase/issues/1716/incorrectPolarity.proof 
10774      INFO  main            d.u.i.k.p.i.AbstractProblemLoader Loading environment from /home/runner/work/key/key/key.core/../key.ui/examples/../../key.core/src/test/resources/testcase/issues/1716/incorrectPolarity.proof 
10774      DEBUG main            d.u.i.k.p.i.AbstractProblemLoader Environment load took 250.72ns 
10776      INFO  main            d.u.i.k.p.i.AbstractProblemLoader Creating init config 
13478      DEBUG main            d.u.i.k.p.i.AbstractProblemLoader Init config took 2.7s 
13505      INFO  main            d.u.i.k.p.i.AbstractProblemLoader Replaying proof incorrectPolarity.proof 
13507      DEBUG main            d.u.i.k.p.i.IntermediateProofReplayer Proof replay took 202.01ns 
13507      INFO  main            d.u.i.k.p.r.p.TestFile    ... success: loading failed 
13508      INFO  main            d.u.i.k.p.r.p.TestFile    Now processing file /home/runner/work/key/key/key.core/../key.ui/examples/../../key.core/src/test/resources/testcase/issues/1716/incorrectPolarity2.proof 
13509      INFO  main            d.u.i.k.p.i.AbstractProblemLoader Loading environment from /home/runner/work/key/key/key.core/../key.ui/examples/../../key.core/src/test/resources/testcase/issues/1716/incorrectPolarity2.proof 
13509      DEBUG main            d.u.i.k.p.i.AbstractProblemLoader Environment load took 117.11ns 
13510      INFO  main            d.u.i.k.p.i.AbstractProblemLoader Creating init config 
16267      DEBUG main            d.u.i.k.p.i.AbstractProblemLoader Init config took 2.76s 
16298      INFO  main            d.u.i.k.p.i.AbstractProblemLoader Replaying proof incorrectPolarity2.proof 
16302      DEBUG main            d.u.i.k.p.i.IntermediateProofReplayer Proof replay took 392.73ns 
16303      INFO  main            d.u.i.k.p.r.p.TestFile    ... success: loading failed 
16304      INFO  main            d.u.i.k.p.r.p.TestFile    Now processing file /home/runner/work/key/key/key.core/../key.ui/examples/../../key.core/src/test/resources/testcase/issues/1716/incorrectPolarity3.proof 
16305      INFO  main            d.u.i.k.p.i.AbstractProblemLoader Loading environment from /home/runner/work/key/key/key.core/../key.ui/examples/../../key.core/src/test/resources/testcase/issues/1716/incorrectPolarity3.proof 
16305      DEBUG main            d.u.i.k.p.i.AbstractProblemLoader Environment load took 120.81ns 
16307      INFO  main            d.u.i.k.p.i.AbstractProblemLoader Creating init config 
18932      DEBUG main            d.u.i.k.p.i.AbstractProblemLoader Init config took 2.62s 
18954      INFO  main            d.u.i.k.p.i.AbstractProblemLoader Replaying proof incorrectPolarity3.proof 
18962      DEBUG main            d.u.i.k.p.i.IntermediateProofReplayer Proof replay took 3.37ms 
18966      INFO  main            d.u.i.k.p.r.p.TestFile    ... success: loading failed 
5235195    INFO  Test worker     d.u.i.k.p.r.RunAllProofsTestUnit Returning from test proofLoadRepair 
5235196    INFO  Test worker     d.u.i.k.p.r.RunAllProofsTestUnit Running test switch 
330        INFO  Timeout watchdog d.u.i.k.p.r.p.ForkedTestFileRunner Timeout watcher launched (2000 secs.) 
351        WARN  main            d.u.i.k.s.ProofSettings   The settings in /home/runner/.key/proof-settings.props are *not* read. 
405        INFO  main            d.u.i.k.p.r.p.TestFile    Now processing file /home/runner/work/key/key/key.core/../key.ui/examples/standard_key/java_dl/switch/labeled_case.key 
575        INFO  main            d.u.i.k.p.i.AbstractProblemLoader Loading environment from /home/runner/work/key/key/key.core/../key.ui/examples/standard_key/java_dl/switch/labeled_case.key 
591        DEBUG main            d.u.i.k.p.i.AbstractProblemLoader Environment load took 2.08ms 
808        INFO  main            d.u.i.k.p.i.AbstractProblemLoader Creating init config 
1813       DEBUG main            d.u.i.k.j.TypeConverter   No LDT found for Meta 
1816       DEBUG main            d.u.i.k.j.TypeConverter   No LDT found for Meta 
1817       DEBUG main            d.u.i.k.j.TypeConverter   No LDT found for Meta 
1818       DEBUG main            d.u.i.k.j.TypeConverter   No LDT found for Meta 
3157       DEBUG main            d.u.i.k.j.TypeConverter   No LDT found for JavaBigintExpression 
8502       DEBUG main            d.u.i.k.p.i.AbstractProblemLoader Init config took 7.69s 
8657       INFO  main            d.u.i.k.p.i.AbstractProblemLoader Replaying proof LabeledCase[LabeledCase::m(int)].JML normal_behavior operation contract.0 
8695       DEBUG main            d.u.i.k.p.i.IntermediateProofReplayer Proof replay took 30.1ns 
9473       INFO  main            d.u.i.k.p.r.p.TestFile    ... finished proof: closed. 
9588       INFO  main            d.u.i.k.p.i.AbstractProblemLoader Loading environment from /home/runner/work/key/key/key.core/../key.ui/examples/standard_key/java_dl/switch/labeled_case.key.proof 
9589       DEBUG main            d.u.i.k.p.i.AbstractProblemLoader Environment load took 141.51ns 
9591       INFO  main            d.u.i.k.p.i.AbstractProblemLoader Creating init config 
12613      DEBUG main            d.u.i.k.p.i.AbstractProblemLoader Init config took 3.02s 
12670      INFO  main            d.u.i.k.p.i.AbstractProblemLoader Replaying proof LabeledCase[LabeledCase::m(int)].JML normal_behavior operation contract.0 
12730      DEBUG main            d.u.i.k.p.i.IntermediateProofReplayer Proof replay took 54.37ms 
12737      DEBUG main            d.u.i.k.p.r.p.TestFile    ... success: reloaded. 
12738      INFO  main            d.u.i.k.p.r.p.TestFile    Now processing file /home/runner/work/key/key/key.core/../key.ui/examples/standard_key/java_dl/switch/empty_switch.key 
12738      INFO  main            d.u.i.k.p.i.AbstractProblemLoader Loading environment from /home/runner/work/key/key/key.core/../key.ui/examples/standard_key/java_dl/switch/empty_switch.key 
12738      DEBUG main            d.u.i.k.p.i.AbstractProblemLoader Environment load took 188.21ns 
12740      INFO  main            d.u.i.k.p.i.AbstractProblemLoader Creating init config 
15361      DEBUG main            d.u.i.k.p.i.AbstractProblemLoader Init config took 2.62s 
15385      INFO  main            d.u.i.k.p.i.AbstractProblemLoader Replaying proof empty_switch.key 
15388      DEBUG main            d.u.i.k.p.i.IntermediateProofReplayer Proof replay took 5.9ns 
15494      INFO  main            d.u.i.k.p.r.p.TestFile    ... finished proof: closed. 
15624      INFO  main            d.u.i.k.p.i.AbstractProblemLoader Loading environment from /home/runner/work/key/key/key.core/../key.ui/examples/standard_key/java_dl/switch/empty_switch.key.proof 
15624      DEBUG main            d.u.i.k.p.i.AbstractProblemLoader Environment load took 126.42ns 
15627      INFO  main            d.u.i.k.p.i.AbstractProblemLoader Creating init config 
18271      DEBUG main            d.u.i.k.p.i.AbstractProblemLoader Init config took 2.64s 
18295      INFO  main            d.u.i.k.p.i.AbstractProblemLoader Replaying proof empty_switch.key.proof 
18300      DEBUG main            d.u.i.k.p.i.IntermediateProofReplayer Proof replay took 2.38ms 
18301      DEBUG main            d.u.i.k.p.r.p.TestFile    ... success: reloaded. 
18302      INFO  main            d.u.i.k.p.r.p.TestFile    Now processing file /home/runner/work/key/key/key.core/../key.ui/examples/standard_key/java_dl/switch/empty_switch_null.key 
18302      INFO  main            d.u.i.k.p.i.AbstractProblemLoader Loading environment from /home/runner/work/key/key/key.core/../key.ui/examples/standard_key/java_dl/switch/empty_switch_null.key 
18302      DEBUG main            d.u.i.k.p.i.AbstractProblemLoader Environment load took 194.01ns 
18303      INFO  main            d.u.i.k.p.i.AbstractProblemLoader Creating init config 
20822      DEBUG main            d.u.i.k.p.i.AbstractProblemLoader Init config took 2.52s 
20845      INFO  main            d.u.i.k.p.i.AbstractProblemLoader Replaying proof empty_switch_null.key 
20846      DEBUG main            d.u.i.k.p.i.IntermediateProofReplayer Proof replay took 5.6ns 
21051      INFO  main            d.u.i.k.p.r.p.TestFile    ... finished proof: closed. 
21192      INFO  main            d.u.i.k.p.i.AbstractProblemLoader Loading environment from /home/runner/work/key/key/key.core/../key.ui/examples/standard_key/java_dl/switch/empty_switch_null.key.proof 
21192      DEBUG main            d.u.i.k.p.i.AbstractProblemLoader Environment load took 576.93ns 
21194      INFO  main            d.u.i.k.p.i.AbstractProblemLoader Creating init config 
23697      DEBUG main            d.u.i.k.p.i.AbstractProblemLoader Init config took 2.5s 
23737      INFO  main            d.u.i.k.p.i.AbstractProblemLoader Replaying proof empty_switch_null.key.proof 
23769      DEBUG main            d.u.i.k.p.i.IntermediateProofReplayer Proof replay took 29.29ms 
23770      DEBUG main            d.u.i.k.p.r.p.TestFile    ... success: reloaded. 
23771      INFO  main            d.u.i.k.p.r.p.TestFile    Now processing file /home/runner/work/key/key/key.core/../key.ui/examples/standard_key/java_dl/switch/empty_switch_null_catch.key 
23771      INFO  main            d.u.i.k.p.i.AbstractProblemLoader Loading environment from /home/runner/work/key/key/key.core/../key.ui/examples/standard_key/java_dl/switch/empty_switch_null_catch.key 
23771      DEBUG main            d.u.i.k.p.i.AbstractProblemLoader Environment load took 175.02ns 
23772      INFO  main            d.u.i.k.p.i.AbstractProblemLoader Creating init config 
26387      DEBUG main            d.u.i.k.p.i.AbstractProblemLoader Init config took 2.61s 
26409      INFO  main            d.u.i.k.p.i.AbstractProblemLoader Replaying proof empty_switch_null_catch.key 
26410      DEBUG main            d.u.i.k.p.i.IntermediateProofReplayer Proof replay took 5.1ns 
26615      INFO  main            d.u.i.k.p.r.p.TestFile    ... finished proof: closed. 
26766      INFO  main            d.u.i.k.p.i.AbstractProblemLoader Loading environment from /home/runner/work/key/key/key.core/../key.ui/examples/standard_key/java_dl/switch/empty_switch_null_catch.key.proof 
26766      DEBUG main            d.u.i.k.p.i.AbstractProblemLoader Environment load took 197.82ns 
26768      INFO  main            d.u.i.k.p.i.AbstractProblemLoader Creating init config 
29213      DEBUG main            d.u.i.k.p.i.AbstractProblemLoader Init config took 2.45s 
29234      INFO  main            d.u.i.k.p.i.AbstractProblemLoader Replaying proof empty_switch_null_catch.key.proof 
29271      DEBUG main            d.u.i.k.p.i.IntermediateProofReplayer Proof replay took 35.08ms 
29272      DEBUG main            d.u.i.k.p.r.p.TestFile    ... success: reloaded. 
29273      INFO  main            d.u.i.k.p.r.p.TestFile    Now processing file /home/runner/work/key/key/key.core/../key.ui/examples/standard_key/java_dl/switch/empty_switch_array_out_of_bounds.key 
29273      INFO  main            d.u.i.k.p.i.AbstractProblemLoader Loading environment from /home/runner/work/key/key/key.core/../key.ui/examples/standard_key/java_dl/switch/empty_switch_array_out_of_bounds.key 
29273      DEBUG main            d.u.i.k.p.i.AbstractProblemLoader Environment load took 169.72ns 
29274      INFO  main            d.u.i.k.p.i.AbstractProblemLoader Creating init config 
31786      DEBUG main            d.u.i.k.p.i.AbstractProblemLoader Init config took 2.51s 
31806      INFO  main            d.u.i.k.p.i.AbstractProblemLoader Replaying proof empty_switch_array_out_of_bounds.key 
31809      DEBUG main            d.u.i.k.p.i.IntermediateProofReplayer Proof replay took 5.8ns 
32013      INFO  main            d.u.i.k.p.r.p.TestFile    ... finished proof: closed. 
32169      INFO  main            d.u.i.k.p.i.AbstractProblemLoader Loading environment from /home/runner/work/key/key/key.core/../key.ui/examples/standard_key/java_dl/switch/empty_switch_array_out_of_bounds.key.proof 
32171      DEBUG main            d.u.i.k.p.i.AbstractProblemLoader Environment load took 2.04ms 
32173      INFO  main            d.u.i.k.p.i.AbstractProblemLoader Creating init config 
34621      DEBUG main            d.u.i.k.p.i.AbstractProblemLoader Init config took 2.45s 
34641      INFO  main            d.u.i.k.p.i.AbstractProblemLoader Replaying proof empty_switch_array_out_of_bounds.key.proof 
34694      DEBUG main            d.u.i.k.p.i.IntermediateProofReplayer Proof replay took 50.52ms 
34695      DEBUG main            d.u.i.k.p.r.p.TestFile    ... success: reloaded. 
34696      INFO  main            d.u.i.k.p.r.p.TestFile    Now processing file /home/runner/work/key/key/key.core/../key.ui/examples/standard_key/java_dl/switch/empty_switch_array_out_of_bounds_catch.key 
34696      INFO  main            d.u.i.k.p.i.AbstractProblemLoader Loading environment from /home/runner/work/key/key/key.core/../key.ui/examples/standard_key/java_dl/switch/empty_switch_array_out_of_bounds_catch.key 
34697      DEBUG main            d.u.i.k.p.i.AbstractProblemLoader Environment load took 244.63ns 
34698      INFO  main            d.u.i.k.p.i.AbstractProblemLoader Creating init config 
37198      DEBUG main            d.u.i.k.p.i.AbstractProblemLoader Init config took 2.5s 
37218      INFO  main            d.u.i.k.p.i.AbstractProblemLoader Replaying proof empty_switch_array_out_of_bounds_catch.key 
37222      DEBUG main            d.u.i.k.p.i.IntermediateProofReplayer Proof replay took 5.9ns 
37426      INFO  main            d.u.i.k.p.r.p.TestFile    ... finished proof: closed. 
37607      INFO  main            d.u.i.k.p.i.AbstractProblemLoader Loading environment from /home/runner/work/key/key/key.core/../key.ui/examples/standard_key/java_dl/switch/empty_switch_array_out_of_bounds_catch.key.proof 
37607      DEBUG main            d.u.i.k.p.i.AbstractProblemLoader Environment load took 148.12ns 
37608      INFO  main            d.u.i.k.p.i.AbstractProblemLoader Creating init config 
39986      DEBUG main            d.u.i.k.p.i.AbstractProblemLoader Init config took 2.38s 
40004      INFO  main            d.u.i.k.p.i.AbstractProblemLoader Replaying proof empty_switch_array_out_of_bounds_catch.key.proof 
40045      DEBUG main            d.u.i.k.p.i.IntermediateProofReplayer Proof replay took 38.23ms 
40046      DEBUG main            d.u.i.k.p.r.p.TestFile    ... success: reloaded. 
40047      INFO  main            d.u.i.k.p.r.p.TestFile    Now processing file /home/runner/work/key/key/key.core/../key.ui/examples/standard_key/java_dl/switch/switch_in_switch.key 
40048      INFO  main            d.u.i.k.p.i.AbstractProblemLoader Loading environment from /home/runner/work/key/key/key.core/../key.ui/examples/standard_key/java_dl/switch/switch_in_switch.key 
40048      DEBUG main            d.u.i.k.p.i.AbstractProblemLoader Environment load took 208.92ns 
40049      INFO  main            d.u.i.k.p.i.AbstractProblemLoader Creating init config 
42631      DEBUG main            d.u.i.k.p.i.AbstractProblemLoader Init config took 2.58s 
42672      INFO  main            d.u.i.k.p.i.AbstractProblemLoader Replaying proof SwitchInSwitch[SwitchInSwitch::m(int)].JML normal_behavior operation contract.0 
42673      DEBUG main            d.u.i.k.p.i.IntermediateProofReplayer Proof replay took 6.3ns 
47121      INFO  main            d.u.i.k.p.r.p.TestFile    ... finished proof: closed. 
47374      INFO  main            d.u.i.k.p.i.AbstractProblemLoader Loading environment from /home/runner/work/key/key/key.core/../key.ui/examples/standard_key/java_dl/switch/switch_in_switch.key.proof 
47374      DEBUG main            d.u.i.k.p.i.AbstractProblemLoader Environment load took 376.54ns 
47376      INFO  main            d.u.i.k.p.i.AbstractProblemLoader Creating init config 
49825      DEBUG main            d.u.i.k.p.i.AbstractProblemLoader Init config took 2.45s 
49881      INFO  main            d.u.i.k.p.i.AbstractProblemLoader Replaying proof SwitchInSwitch[SwitchInSwitch::m(int)].JML normal_behavior operation contract.0 
50446      DEBUG main            d.u.i.k.p.i.IntermediateProofReplayer Proof replay took 534.57ms 
50448      DEBUG main            d.u.i.k.p.r.p.TestFile    ... success: reloaded. 
50449      INFO  main            d.u.i.k.p.r.p.TestFile    Now processing file /home/runner/work/key/key/key.core/../key.ui/examples/standard_key/java_dl/switch/while_and_switch.key 
50450      INFO  main            d.u.i.k.p.i.AbstractProblemLoader Loading environment from /home/runner/work/key/key/key.core/../key.ui/examples/standard_key/java_dl/switch/while_and_switch.key 
50450      DEBUG main            d.u.i.k.p.i.AbstractProblemLoader Environment load took 203.62ns 
50451      INFO  main            d.u.i.k.p.i.AbstractProblemLoader Creating init config 
53027      DEBUG main            d.u.i.k.p.i.AbstractProblemLoader Init config took 2.58s 
53087      INFO  main            d.u.i.k.p.i.AbstractProblemLoader Replaying proof WhileAndSwitch[WhileAndSwitch::m(int)].JML normal_behavior operation contract.0 
53089      DEBUG main            d.u.i.k.p.i.IntermediateProofReplayer Proof replay took 7.7ns 
53897      INFO  main            d.u.i.k.p.r.p.TestFile    ... finished proof: closed. 
54087      INFO  main            d.u.i.k.p.i.AbstractProblemLoader Loading environment from /home/runner/work/key/key/key.core/../key.ui/examples/standard_key/java_dl/switch/while_and_switch.key.proof 
54087      DEBUG main            d.u.i.k.p.i.AbstractProblemLoader Environment load took 151.12ns 
54089      INFO  main            d.u.i.k.p.i.AbstractProblemLoader Creating init config 
56584      DEBUG main            d.u.i.k.p.i.AbstractProblemLoader Init config took 2.5s 
56630      INFO  main            d.u.i.k.p.i.AbstractProblemLoader Replaying proof WhileAndSwitch[WhileAndSwitch::m(int)].JML normal_behavior operation contract.0 
56764      DEBUG main            d.u.i.k.p.i.IntermediateProofReplayer Proof replay took 128.7ms 
56765      DEBUG main            d.u.i.k.p.r.p.TestFile    ... success: reloaded. 
56767      INFO  main            d.u.i.k.p.r.p.TestFile    Now processing file /home/runner/work/key/key/key.core/../key.ui/examples/standard_key/java_dl/switch/large_switch.key 
56767      INFO  main            d.u.i.k.p.i.AbstractProblemLoader Loading environment from /home/runner/work/key/key/key.core/../key.ui/examples/standard_key/java_dl/switch/large_switch.key 
56767      DEBUG main            d.u.i.k.p.i.AbstractProblemLoader Environment load took 237.32ns 
56768      INFO  main            d.u.i.k.p.i.AbstractProblemLoader Creating init config 
59313      DEBUG main            d.u.i.k.p.i.AbstractProblemLoader Init config took 2.54s 
59369      INFO  main            d.u.i.k.p.i.AbstractProblemLoader Replaying proof LargeSwitch[LargeSwitch::m(int)].JML normal_behavior operation contract.0 
59372      DEBUG main            d.u.i.k.p.i.IntermediateProofReplayer Proof replay took 17.4ns 
60781      INFO  main            d.u.i.k.p.r.p.TestFile    ... finished proof: closed. 
60981      INFO  main            d.u.i.k.p.i.AbstractProblemLoader Loading environment from /home/runner/work/key/key/key.core/../key.ui/examples/standard_key/java_dl/switch/large_switch.key.proof 
60981      DEBUG main            d.u.i.k.p.i.AbstractProblemLoader Environment load took 398.84ns 
60983      INFO  main            d.u.i.k.p.i.AbstractProblemLoader Creating init config 
63484      DEBUG main            d.u.i.k.p.i.AbstractProblemLoader Init config took 2.5s 
63519      INFO  main            d.u.i.k.p.i.AbstractProblemLoader Replaying proof LargeSwitch[LargeSwitch::m(int)].JML normal_behavior operation contract.0 
63865      DEBUG main            d.u.i.k.p.i.IntermediateProofReplayer Proof replay took 332.55ms 
63866      DEBUG main            d.u.i.k.p.r.p.TestFile    ... success: reloaded. 
5299242    INFO  Test worker     d.u.i.k.p.r.RunAllProofsTestUnit Returning from test switch 
5299243    INFO  Test worker     d.u.i.k.p.r.RunAllProofsTestUnit Running test redux 
319        INFO  Timeout watchdog d.u.i.k.p.r.p.ForkedTestFileRunner Timeout watcher launched (2000 secs.) 
331        WARN  main            d.u.i.k.s.ProofSettings   The settings in /home/runner/.key/proof-settings.props are *not* read. 
362        INFO  main            d.u.i.k.p.r.p.TestFile    Now processing file /home/runner/work/key/key/key.core/../key.ui/examples/redux/arrays/Arrays.copyOf.key 
468        INFO  main            d.u.i.k.p.i.AbstractProblemLoader Loading environment from /home/runner/work/key/key/key.core/../key.ui/examples/redux/arrays/Arrays.copyOf.key 
488        DEBUG main            d.u.i.k.p.i.AbstractProblemLoader Environment load took 1.82ms 
696        INFO  main            d.u.i.k.p.i.AbstractProblemLoader Creating init config 
1509       DEBUG main            d.u.i.k.j.TypeConverter   No LDT found for Meta 
1510       DEBUG main            d.u.i.k.j.TypeConverter   No LDT found for Meta 
1511       DEBUG main            d.u.i.k.j.TypeConverter   No LDT found for Meta 
1511       DEBUG main            d.u.i.k.j.TypeConverter   No LDT found for Meta 
3314       DEBUG main            d.u.i.k.j.TypeConverter   No LDT found for JavaBigintExpression 
9003       DEBUG main            d.u.i.k.p.i.AbstractProblemLoader Init config took 8.31s 
9121       INFO  main            d.u.i.k.p.i.AbstractProblemLoader Replaying proof Arrays[Arrays::copyOf([I,int)].JML normal_behavior operation contract.0 
9151       DEBUG main            d.u.i.k.p.i.IntermediateProofReplayer Proof replay took 25.6ns 
14301      INFO  main            d.u.i.k.p.r.p.TestFile    ... finished proof: closed. 
14547      INFO  main            d.u.i.k.p.i.AbstractProblemLoader Loading environment from /home/runner/work/key/key/key.core/../key.ui/examples/redux/arrays/Arrays.copyOf.key.proof 
14548      DEBUG main            d.u.i.k.p.i.AbstractProblemLoader Environment load took 826.48ns 
14550      INFO  main            d.u.i.k.p.i.AbstractProblemLoader Creating init config 
17988      DEBUG main            d.u.i.k.p.i.AbstractProblemLoader Init config took 3.44s 
18053      INFO  main            d.u.i.k.p.i.AbstractProblemLoader Replaying proof Arrays[Arrays::copyOf([I,int)].JML normal_behavior operation contract.0 
18651      DEBUG main            d.u.i.k.p.i.IntermediateProofReplayer Proof replay took 568.59ms 
18660      DEBUG main            d.u.i.k.p.r.p.TestFile    ... success: reloaded. 
18661      INFO  main            d.u.i.k.p.r.p.TestFile    Now processing file /home/runner/work/key/key/key.core/../key.ui/examples/redux/arrays/Arrays.copyOf.float.key 
18661      INFO  main            d.u.i.k.p.i.AbstractProblemLoader Loading environment from /home/runner/work/key/key/key.core/../key.ui/examples/redux/arrays/Arrays.copyOf.float.key 
18661      DEBUG main            d.u.i.k.p.i.AbstractProblemLoader Environment load took 208.12ns 
18663      INFO  main            d.u.i.k.p.i.AbstractProblemLoader Creating init config 
22178      DEBUG main            d.u.i.k.p.i.AbstractProblemLoader Init config took 3.51s 
22230      INFO  main            d.u.i.k.p.i.AbstractProblemLoader Replaying proof Arrays[Arrays::copyOf([F,int)].JML normal_behavior operation contract.0 
22232      DEBUG main            d.u.i.k.p.i.IntermediateProofReplayer Proof replay took 6.7ns 
22257      DEBUG main            d.u.i.k.m.s.ProofScriptEngine 1: 'macro autopilot' 
26695      DEBUG main            d.u.i.k.m.s.ProofScriptEngine 2: 'smt solver=Z3' 
26787      INFO  main            d.u.i.k.m.s.SMTCommand    Finished run on goal 17 in 58ms, result is valid 
26791      DEBUG main            d.u.i.k.m.s.ProofScriptEngine 3: 'tryclose' 
28582      INFO  main            d.u.i.k.p.r.p.TestFile    ... finished proof: closed. 
28756      INFO  main            d.u.i.k.p.i.AbstractProblemLoader Loading environment from /home/runner/work/key/key/key.core/../key.ui/examples/redux/arrays/Arrays.copyOf.float.key.proof 
28757      DEBUG main            d.u.i.k.p.i.AbstractProblemLoader Environment load took 389.54ns 
28761      INFO  main            d.u.i.k.p.i.AbstractProblemLoader Creating init config 
32004      DEBUG main            d.u.i.k.p.i.AbstractProblemLoader Init config took 3.24s 
32057      INFO  main            d.u.i.k.p.i.AbstractProblemLoader Replaying proof Arrays[Arrays::copyOf([F,int)].JML normal_behavior operation contract.0 
32825      DEBUG main            d.u.i.k.p.i.IntermediateProofReplayer Proof replay took 740.43ms 
32827      DEBUG main            d.u.i.k.p.r.p.TestFile    ... success: reloaded. 
32828      INFO  main            d.u.i.k.p.r.p.TestFile    Now processing file /home/runner/work/key/key/key.core/../key.ui/examples/redux/arrays/Arrays.copyOfRange.key 
32828      INFO  main            d.u.i.k.p.i.AbstractProblemLoader Loading environment from /home/runner/work/key/key/key.core/../key.ui/examples/redux/arrays/Arrays.copyOfRange.key 
32829      DEBUG main            d.u.i.k.p.i.AbstractProblemLoader Environment load took 211.52ns 
32830      INFO  main            d.u.i.k.p.i.AbstractProblemLoader Creating init config 
36238      DEBUG main            d.u.i.k.p.i.AbstractProblemLoader Init config took 3.41s 
36285      INFO  main            d.u.i.k.p.i.AbstractProblemLoader Replaying proof Arrays[Arrays::copyOfRange([I,int,int)].JML normal_behavior operation contract.0 
36286      DEBUG main            d.u.i.k.p.i.IntermediateProofReplayer Proof replay took 5.8ns 
41108      INFO  main            d.u.i.k.p.r.p.TestFile    ... finished proof: closed. 
41345      INFO  main            d.u.i.k.p.i.AbstractProblemLoader Loading environment from /home/runner/work/key/key/key.core/../key.ui/examples/redux/arrays/Arrays.copyOfRange.key.proof 
41345      DEBUG main            d.u.i.k.p.i.AbstractProblemLoader Environment load took 356.13ns 
41347      INFO  main            d.u.i.k.p.i.AbstractProblemLoader Creating init config 
44536      DEBUG main            d.u.i.k.p.i.AbstractProblemLoader Init config took 3.19s 
44582      INFO  main            d.u.i.k.p.i.AbstractProblemLoader Replaying proof Arrays[Arrays::copyOfRange([I,int,int)].JML normal_behavior operation contract.0 
45110      DEBUG main            d.u.i.k.p.i.IntermediateProofReplayer Proof replay took 508.82ms 
45112      DEBUG main            d.u.i.k.p.r.p.TestFile    ... success: reloaded. 
45113      INFO  main            d.u.i.k.p.r.p.TestFile    Now processing file /home/runner/work/key/key/key.core/../key.ui/examples/redux/arrays/Arrays.copyOfRange.float.key 
45113      INFO  main            d.u.i.k.p.i.AbstractProblemLoader Loading environment from /home/runner/work/key/key/key.core/../key.ui/examples/redux/arrays/Arrays.copyOfRange.float.key 
45114      DEBUG main            d.u.i.k.p.i.AbstractProblemLoader Environment load took 196.22ns 
45115      INFO  main            d.u.i.k.p.i.AbstractProblemLoader Creating init config 
48310      DEBUG main            d.u.i.k.p.i.AbstractProblemLoader Init config took 3.2s 
48353      INFO  main            d.u.i.k.p.i.AbstractProblemLoader Replaying proof Arrays[Arrays::copyOfRange([F,int,int)].JML normal_behavior operation contract.0 
48355      DEBUG main            d.u.i.k.p.i.IntermediateProofReplayer Proof replay took 5ns 
48355      DEBUG main            d.u.i.k.m.s.ProofScriptEngine 1: 'macro autopilot' 
54263      DEBUG main            d.u.i.k.m.s.ProofScriptEngine 2: 'smt solver=Z3' 
54307      INFO  main            d.u.i.k.m.s.SMTCommand    Finished run on goal 27 in 40ms, result is valid 
54307      DEBUG main            d.u.i.k.m.s.ProofScriptEngine 3: 'tryclose' 
57869      INFO  main            d.u.i.k.p.r.p.TestFile    ... finished proof: closed. 
58091      INFO  main            d.u.i.k.p.i.AbstractProblemLoader Loading environment from /home/runner/work/key/key/key.core/../key.ui/examples/redux/arrays/Arrays.copyOfRange.float.key.proof 
58091      DEBUG main            d.u.i.k.p.i.AbstractProblemLoader Environment load took 404.04ns 
58093      INFO  main            d.u.i.k.p.i.AbstractProblemLoader Creating init config 
61311      DEBUG main            d.u.i.k.p.i.AbstractProblemLoader Init config took 3.22s 
61362      INFO  main            d.u.i.k.p.i.AbstractProblemLoader Replaying proof Arrays[Arrays::copyOfRange([F,int,int)].JML normal_behavior operation contract.0 
62372      DEBUG main            d.u.i.k.p.i.IntermediateProofReplayer Proof replay took 985.81ms 
62375      DEBUG main            d.u.i.k.p.r.p.TestFile    ... success: reloaded. 
62376      INFO  main            d.u.i.k.p.r.p.TestFile    Now processing file /home/runner/work/key/key/key.core/../key.ui/examples/redux/arrays/Arrays.equals.key 
62376      INFO  main            d.u.i.k.p.i.AbstractProblemLoader Loading environment from /home/runner/work/key/key/key.core/../key.ui/examples/redux/arrays/Arrays.equals.key 
62376      DEBUG main            d.u.i.k.p.i.AbstractProblemLoader Environment load took 198.82ns 
62377      INFO  main            d.u.i.k.p.i.AbstractProblemLoader Creating init config 
65632      DEBUG main            d.u.i.k.p.i.AbstractProblemLoader Init config took 3.26s 
65679      INFO  main            d.u.i.k.p.i.AbstractProblemLoader Replaying proof Arrays[Arrays::equals([B,[B)].JML normal_behavior operation contract.0 
65680      DEBUG main            d.u.i.k.p.i.IntermediateProofReplayer Proof replay took 5.4ns 
66186      INFO  main            d.u.i.k.p.r.p.TestFile    ... finished proof: closed. 
66452      INFO  main            d.u.i.k.p.i.AbstractProblemLoader Loading environment from /home/runner/work/key/key/key.core/../key.ui/examples/redux/arrays/Arrays.equals.key.proof 
66452      DEBUG main            d.u.i.k.p.i.AbstractProblemLoader Environment load took 432.94ns 
66453      INFO  main            d.u.i.k.p.i.AbstractProblemLoader Creating init config 
69591      DEBUG main            d.u.i.k.p.i.AbstractProblemLoader Init config took 3.14s 
69635      INFO  main            d.u.i.k.p.i.AbstractProblemLoader Replaying proof Arrays[Arrays::equals([B,[B)].JML normal_behavior operation contract.0 
69810      DEBUG main            d.u.i.k.p.i.IntermediateProofReplayer Proof replay took 171.25ms 
69812      DEBUG main            d.u.i.k.p.r.p.TestFile    ... success: reloaded. 
69813      INFO  main            d.u.i.k.p.r.p.TestFile    Now processing file /home/runner/work/key/key/key.core/../key.ui/examples/redux/arrays/Arrays.fill.key 
69813      INFO  main            d.u.i.k.p.i.AbstractProblemLoader Loading environment from /home/runner/work/key/key/key.core/../key.ui/examples/redux/arrays/Arrays.fill.key 
69814      DEBUG main            d.u.i.k.p.i.AbstractProblemLoader Environment load took 202.41ns 
69816      INFO  main            d.u.i.k.p.i.AbstractProblemLoader Creating init config 
73084      DEBUG main            d.u.i.k.p.i.AbstractProblemLoader Init config took 3.27s 
73123      INFO  main            d.u.i.k.p.i.AbstractProblemLoader Replaying proof Arrays[Arrays::fill([I,int)].JML normal_behavior operation contract.0 
73125      DEBUG main            d.u.i.k.p.i.IntermediateProofReplayer Proof replay took 6.1ns 
73327      INFO  main            d.u.i.k.p.r.p.TestFile    ... finished proof: closed. 
73520      INFO  main            d.u.i.k.p.i.AbstractProblemLoader Loading environment from /home/runner/work/key/key/key.core/../key.ui/examples/redux/arrays/Arrays.fill.key.proof 
73520      DEBUG main            d.u.i.k.p.i.AbstractProblemLoader Environment load took 127.91ns 
73521      INFO  main            d.u.i.k.p.i.AbstractProblemLoader Creating init config 
76701      DEBUG main            d.u.i.k.p.i.AbstractProblemLoader Init config took 3.18s 
76745      INFO  main            d.u.i.k.p.i.AbstractProblemLoader Replaying proof Arrays[Arrays::fill([I,int)].JML normal_behavior operation contract.0 
76782      DEBUG main            d.u.i.k.p.i.IntermediateProofReplayer Proof replay took 34.89ms 
76783      DEBUG main            d.u.i.k.p.r.p.TestFile    ... success: reloaded. 
76784      INFO  main            d.u.i.k.p.r.p.TestFile    Now processing file /home/runner/work/key/key/key.core/../key.ui/examples/redux/arrays/Arrays.fill.float.key 
76785      INFO  main            d.u.i.k.p.i.AbstractProblemLoader Loading environment from /home/runner/work/key/key/key.core/../key.ui/examples/redux/arrays/Arrays.fill.float.key 
76785      DEBUG main            d.u.i.k.p.i.AbstractProblemLoader Environment load took 202.12ns 
76786      INFO  main            d.u.i.k.p.i.AbstractProblemLoader Creating init config 
80021      DEBUG main            d.u.i.k.p.i.AbstractProblemLoader Init config took 3.24s 
80062      INFO  main            d.u.i.k.p.i.AbstractProblemLoader Replaying proof Arrays[Arrays::fill([F,float)].JML normal_behavior operation contract.0 
80063      DEBUG main            d.u.i.k.p.i.IntermediateProofReplayer Proof replay took 6.1ns 
80267      INFO  main            d.u.i.k.p.r.p.TestFile    ... finished proof: closed. 
80475      INFO  main            d.u.i.k.p.i.AbstractProblemLoader Loading environment from /home/runner/work/key/key/key.core/../key.ui/examples/redux/arrays/Arrays.fill.float.key.proof 
80475      DEBUG main            d.u.i.k.p.i.AbstractProblemLoader Environment load took 147.11ns 
80476      INFO  main            d.u.i.k.p.i.AbstractProblemLoader Creating init config 
83674      DEBUG main            d.u.i.k.p.i.AbstractProblemLoader Init config took 3.2s 
83710      INFO  main            d.u.i.k.p.i.AbstractProblemLoader Replaying proof Arrays[Arrays::fill([F,float)].JML normal_behavior operation contract.0 
83752      DEBUG main            d.u.i.k.p.i.IntermediateProofReplayer Proof replay took 39.7ms 
83753      DEBUG main            d.u.i.k.p.r.p.TestFile    ... success: reloaded. 
83754      INFO  main            d.u.i.k.p.r.p.TestFile    Now processing file /home/runner/work/key/key/key.core/../key.ui/examples/redux/arrays/Arrays.fillFromTo.key 
83754      INFO  main            d.u.i.k.p.i.AbstractProblemLoader Loading environment from /home/runner/work/key/key/key.core/../key.ui/examples/redux/arrays/Arrays.fillFromTo.key 
83754      DEBUG main            d.u.i.k.p.i.AbstractProblemLoader Environment load took 91.91ns 
83755      INFO  main            d.u.i.k.p.i.AbstractProblemLoader Creating init config 
86879      DEBUG main            d.u.i.k.p.i.AbstractProblemLoader Init config took 3.12s 
86915      INFO  main            d.u.i.k.p.i.AbstractProblemLoader Replaying proof Arrays[Arrays::fill([I,int,int,int)].JML normal_behavior operation contract.0 
86916      DEBUG main            d.u.i.k.p.i.IntermediateProofReplayer Proof replay took 6.1ns 
87526      INFO  main            d.u.i.k.p.r.p.TestFile    ... finished proof: closed. 
87746      INFO  main            d.u.i.k.p.i.AbstractProblemLoader Loading environment from /home/runner/work/key/key/key.core/../key.ui/examples/redux/arrays/Arrays.fillFromTo.key.proof 
87747      DEBUG main            d.u.i.k.p.i.AbstractProblemLoader Environment load took 401.13ns 
87749      INFO  main            d.u.i.k.p.i.AbstractProblemLoader Creating init config 
90845      DEBUG main            d.u.i.k.p.i.AbstractProblemLoader Init config took 3.1s 
90880      INFO  main            d.u.i.k.p.i.AbstractProblemLoader Replaying proof Arrays[Arrays::fill([I,int,int,int)].JML normal_behavior operation contract.0 
91002      DEBUG main            d.u.i.k.p.i.IntermediateProofReplayer Proof replay took 118.32ms 
91002      DEBUG main            d.u.i.k.p.r.p.TestFile    ... success: reloaded. 
91003      INFO  main            d.u.i.k.p.r.p.TestFile    Now processing file /home/runner/work/key/key/key.core/../key.ui/examples/redux/arrays/Arrays.fillFromTo.float.key 
91004      INFO  main            d.u.i.k.p.i.AbstractProblemLoader Loading environment from /home/runner/work/key/key/key.core/../key.ui/examples/redux/arrays/Arrays.fillFromTo.float.key 
91004      DEBUG main            d.u.i.k.p.i.AbstractProblemLoader Environment load took 169.92ns 
91005      INFO  main            d.u.i.k.p.i.AbstractProblemLoader Creating init config 
94162      DEBUG main            d.u.i.k.p.i.AbstractProblemLoader Init config took 3.16s 
94198      INFO  main            d.u.i.k.p.i.AbstractProblemLoader Replaying proof Arrays[Arrays::fill([F,int,int,float)].JML normal_behavior operation contract.0 
94199      DEBUG main            d.u.i.k.p.i.IntermediateProofReplayer Proof replay took 5.7ns 
94910      INFO  main            d.u.i.k.p.r.p.TestFile    ... finished proof: closed. 
95135      INFO  main            d.u.i.k.p.i.AbstractProblemLoader Loading environment from /home/runner/work/key/key/key.core/../key.ui/examples/redux/arrays/Arrays.fillFromTo.float.key.proof 
95135      DEBUG main            d.u.i.k.p.i.AbstractProblemLoader Environment load took 360.73ns 
95137      INFO  main            d.u.i.k.p.i.AbstractProblemLoader Creating init config 
98280      DEBUG main            d.u.i.k.p.i.AbstractProblemLoader Init config took 3.14s 
98320      INFO  main            d.u.i.k.p.i.AbstractProblemLoader Replaying proof Arrays[Arrays::fill([F,int,int,float)].JML normal_behavior operation contract.0 
98484      DEBUG main            d.u.i.k.p.i.IntermediateProofReplayer Proof replay took 157.47ms 
98486      DEBUG main            d.u.i.k.p.r.p.TestFile    ... success: reloaded. 
98487      INFO  main            d.u.i.k.p.r.p.TestFile    Now processing file /home/runner/work/key/key/key.core/../key.ui/examples/redux/arrays/ArrayCopy.arraycopy.normal.0.key 
98487      INFO  main            d.u.i.k.p.i.AbstractProblemLoader Loading environment from /home/runner/work/key/key/key.core/../key.ui/examples/redux/arrays/ArrayCopy.arraycopy.normal.0.key 
98487      DEBUG main            d.u.i.k.p.i.AbstractProblemLoader Environment load took 199.82ns 
98488      INFO  main            d.u.i.k.p.i.AbstractProblemLoader Creating init config 
101718     DEBUG main            d.u.i.k.p.i.AbstractProblemLoader Init config took 3.23s 
101753     INFO  main            d.u.i.k.p.i.AbstractProblemLoader Replaying proof ArrayCopy[ArrayCopy::arraycopy(java.lang.Object,int,java.lang.Object,int,int)].JML normal_behavior operation contract.0 
101754     DEBUG main            d.u.i.k.p.i.IntermediateProofReplayer Proof replay took 5.3ns 
107983     INFO  main            d.u.i.k.p.r.p.TestFile    ... finished proof: closed. 
108210     INFO  main            d.u.i.k.p.i.AbstractProblemLoader Loading environment from /home/runner/work/key/key/key.core/../key.ui/examples/redux/arrays/ArrayCopy.arraycopy.normal.0.key.proof 
108210     DEBUG main            d.u.i.k.p.i.AbstractProblemLoader Environment load took 197.02ns 
108212     INFO  main            d.u.i.k.p.i.AbstractProblemLoader Creating init config 
111202     DEBUG main            d.u.i.k.p.i.AbstractProblemLoader Init config took 2.99s 
111240     INFO  main            d.u.i.k.p.i.AbstractProblemLoader Replaying proof ArrayCopy[ArrayCopy::arraycopy(java.lang.Object,int,java.lang.Object,int,int)].JML normal_behavior operation contract.0 
112174     DEBUG main            d.u.i.k.p.i.IntermediateProofReplayer Proof replay took 918.3ms 
112176     DEBUG main            d.u.i.k.p.r.p.TestFile    ... success: reloaded. 
112177     INFO  main            d.u.i.k.p.r.p.TestFile    Now processing file /home/runner/work/key/key/key.core/../key.ui/examples/redux/arrays/ArrayCopy.arraycopy.exceptional.0.key 
112177     INFO  main            d.u.i.k.p.i.AbstractProblemLoader Loading environment from /home/runner/work/key/key/key.core/../key.ui/examples/redux/arrays/ArrayCopy.arraycopy.exceptional.0.key 
112178     DEBUG main            d.u.i.k.p.i.AbstractProblemLoader Environment load took 192.62ns 
112178     INFO  main            d.u.i.k.p.i.AbstractProblemLoader Creating init config 
115316     DEBUG main            d.u.i.k.p.i.AbstractProblemLoader Init config took 3.14s 
115351     INFO  main            d.u.i.k.p.i.AbstractProblemLoader Replaying proof ArrayCopy[ArrayCopy::arraycopy(java.lang.Object,int,java.lang.Object,int,int)].JML exceptional_behavior operation contract.0 
115352     DEBUG main            d.u.i.k.p.i.IntermediateProofReplayer Proof replay took 6.4ns 
115759     INFO  main            d.u.i.k.p.r.p.TestFile    ... finished proof: closed. 
115986     INFO  main            d.u.i.k.p.i.AbstractProblemLoader Loading environment from /home/runner/work/key/key/key.core/../key.ui/examples/redux/arrays/ArrayCopy.arraycopy.exceptional.0.key.proof 
115986     DEBUG main            d.u.i.k.p.i.AbstractProblemLoader Environment load took 119.61ns 
115987     INFO  main            d.u.i.k.p.i.AbstractProblemLoader Creating init config 
119075     DEBUG main            d.u.i.k.p.i.AbstractProblemLoader Init config took 3.09s 
119110     INFO  main            d.u.i.k.p.i.AbstractProblemLoader Replaying proof ArrayCopy[ArrayCopy::arraycopy(java.lang.Object,int,java.lang.Object,int,int)].JML exceptional_behavior operation contract.0 
119228     DEBUG main            d.u.i.k.p.i.IntermediateProofReplayer Proof replay took 114.81ms 
119229     DEBUG main            d.u.i.k.p.r.p.TestFile    ... success: reloaded. 
119230     INFO  main            d.u.i.k.p.r.p.TestFile    Now processing file /home/runner/work/key/key/key.core/../key.ui/examples/redux/arrays/ArrayCopy.arraycopy.exceptional.1.key 
119230     INFO  main            d.u.i.k.p.i.AbstractProblemLoader Loading environment from /home/runner/work/key/key/key.core/../key.ui/examples/redux/arrays/ArrayCopy.arraycopy.exceptional.1.key 
119230     DEBUG main            d.u.i.k.p.i.AbstractProblemLoader Environment load took 101.81ns 
119232     INFO  main            d.u.i.k.p.i.AbstractProblemLoader Creating init config 
122293     DEBUG main            d.u.i.k.p.i.AbstractProblemLoader Init config took 3.06s 
122328     INFO  main            d.u.i.k.p.i.AbstractProblemLoader Replaying proof ArrayCopy[ArrayCopy::arraycopy(java.lang.Object,int,java.lang.Object,int,int)].JML exceptional_behavior operation contract.1 
122329     DEBUG main            d.u.i.k.p.i.IntermediateProofReplayer Proof replay took 6.5ns 
128502     INFO  main            d.u.i.k.p.r.p.TestFile    ... finished proof: closed. 
128741     INFO  main            d.u.i.k.p.i.AbstractProblemLoader Loading environment from /home/runner/work/key/key/key.core/../key.ui/examples/redux/arrays/ArrayCopy.arraycopy.exceptional.1.key.proof 
128742     DEBUG main            d.u.i.k.p.i.AbstractProblemLoader Environment load took 198.32ns 
128743     INFO  main            d.u.i.k.p.i.AbstractProblemLoader Creating init config 
131741     DEBUG main            d.u.i.k.p.i.AbstractProblemLoader Init config took 3s 
131773     INFO  main            d.u.i.k.p.i.AbstractProblemLoader Replaying proof ArrayCopy[ArrayCopy::arraycopy(java.lang.Object,int,java.lang.Object,int,int)].JML exceptional_behavior operation contract.1 
133462     DEBUG main            d.u.i.k.p.i.IntermediateProofReplayer Proof replay took 1.67s 
133464     DEBUG main            d.u.i.k.p.r.p.TestFile    ... success: reloaded. 
5432888    INFO  Test worker     d.u.i.k.p.r.RunAllProofsTestUnit Returning from test redux 
]]></system-out>
  <system-err><![CDATA[]]></system-err>
</testsuite>
