<?xml version="1.0" encoding="UTF-8"?>
<testsuite name="de.uka.ilkd.key.proof.TestOneStepSimplifier" tests="1" skipped="0" failures="0" errors="0" timestamp="2023-04-20T14:03:12" hostname="fv-az192-56" time="5.109">
  <properties/>
  <testcase name="loadWithRestriction()" classname="de.uka.ilkd.key.proof.TestOneStepSimplifier" time="5.109"/>
  <system-out><![CDATA[499619     INFO  Test worker     d.u.i.k.p.i.AbstractProblemLoader Loading environment from src\test\resources\testcase\ossRestriction.proof 
499619     DEBUG Test worker     d.u.i.k.p.i.AbstractProblemLoader Environment load took 203.6ns 
499619     INFO  Test worker     d.u.i.k.p.i.AbstractProblemLoader Creating init config 
499807     DEBUG Test worker     d.u.i.k.j.TypeConverter   No LDT found for Meta 
499807     DEBUG Test worker     d.u.i.k.j.TypeConverter   No LDT found for Meta 
499807     DEBUG Test worker     d.u.i.k.j.TypeConverter   No LDT found for Meta 
499807     DEBUG Test worker     d.u.i.k.j.TypeConverter   No LDT found for Meta 
500682     DEBUG Test worker     d.u.i.k.j.TypeConverter   No LDT found for JavaBigintExpression 
504685     DEBUG Test worker     d.u.i.k.p.i.AbstractProblemLoader Init config took 5.06s 
504716     INFO  Test worker     d.u.i.k.p.i.AbstractProblemLoader Replaying proof ossRestriction.proof 
504732     DEBUG Test worker     d.u.i.k.p.i.IntermediateProofReplayer Proof replay took 6.55ms 
]]></system-out>
  <system-err><![CDATA[]]></system-err>
</testsuite>
