<?xml version="1.0" encoding="UTF-8"?>
<testsuite name="de.uka.ilkd.key.parser.TestDeclParser" tests="14" skipped="2" failures="0" errors="0" timestamp="2023-04-20T13:59:02" hostname="fv-az192-56" time="12.987">
  <properties/>
  <testcase name="testGenericSortDecl1()" classname="de.uka.ilkd.key.parser.TestDeclParser" time="1.122"/>
  <testcase name="testGenericSortDecl2()" classname="de.uka.ilkd.key.parser.TestDeclParser" time="1.135"/>
  <testcase name="testGenericSortDecl3()" classname="de.uka.ilkd.key.parser.TestDeclParser" time="1.146"/>
  <testcase name="testGenericSortDecl4()" classname="de.uka.ilkd.key.parser.TestDeclParser" time="1.029"/>
  <testcase name="testGenericSortDecl5()" classname="de.uka.ilkd.key.parser.TestDeclParser" time="0.0">
    <skipped/>
  </testcase>
  <testcase name="testGenericSortDecl6()" classname="de.uka.ilkd.key.parser.TestDeclParser" time="1.101"/>
  <testcase name="testSortDecl()" classname="de.uka.ilkd.key.parser.TestDeclParser" time="1.1"/>
  <testcase name="testProxySortDecl()" classname="de.uka.ilkd.key.parser.TestDeclParser" time="1.045"/>
  <testcase name="testArrayDecl()" classname="de.uka.ilkd.key.parser.TestDeclParser" time="1.101"/>
  <testcase name="testAmbiguousDecls()" classname="de.uka.ilkd.key.parser.TestDeclParser" time="0.002">
    <skipped/>
  </testcase>
  <testcase name="testHeurDecl()" classname="de.uka.ilkd.key.parser.TestDeclParser" time="1.014"/>
  <testcase name="testFunctionDecl()" classname="de.uka.ilkd.key.parser.TestDeclParser" time="1.093"/>
  <testcase name="testPredicateDecl()" classname="de.uka.ilkd.key.parser.TestDeclParser" time="1.068"/>
  <testcase name="testSVDecl()" classname="de.uka.ilkd.key.parser.TestDeclParser" time="1.01"/>
  <system-out><![CDATA[250995     INFO  Test worker     d.u.i.k.n.KeyIO           Parsing took 0 ms 
250995     DEBUG Test worker     d.u.i.k.n.KeyIO           Load declarations of de.uka.ilkd.key.nparser.KeyAst$File:  <unknown>:1#1 
250995     INFO  Test worker     d.u.i.k.n.KeyIO           MODE: declarations took 0 ms 
250995     DEBUG Test worker     d.u.i.k.n.KeyIO           MODE: 2nd degree decls took 0 
250995     DEBUG Test worker     d.u.i.k.n.KeyIO           MODE: taclets took 0ms 
252136     INFO  Test worker     d.u.i.k.n.KeyIO           Parsing took 0 ms 
252136     DEBUG Test worker     d.u.i.k.n.KeyIO           Load declarations of de.uka.ilkd.key.nparser.KeyAst$File:  <unknown>:1#1 
252136     INFO  Test worker     d.u.i.k.n.KeyIO           MODE: declarations took 0 ms 
252136     DEBUG Test worker     d.u.i.k.n.KeyIO           MODE: 2nd degree decls took 0 
252136     DEBUG Test worker     d.u.i.k.n.KeyIO           MODE: taclets took 0ms 
253277     INFO  Test worker     d.u.i.k.n.KeyIO           Parsing took 0 ms 
253277     DEBUG Test worker     d.u.i.k.n.KeyIO           Load declarations of de.uka.ilkd.key.nparser.KeyAst$File:  <unknown>:1#1 
253277     INFO  Test worker     d.u.i.k.n.KeyIO           MODE: declarations took 0 ms 
253277     DEBUG Test worker     d.u.i.k.n.KeyIO           MODE: 2nd degree decls took 0 
253277     DEBUG Test worker     d.u.i.k.n.KeyIO           MODE: taclets took 0ms 
254308     INFO  Test worker     d.u.i.k.n.KeyIO           Parsing took 0 ms 
254308     DEBUG Test worker     d.u.i.k.n.KeyIO           Load declarations of de.uka.ilkd.key.nparser.KeyAst$File:  <unknown>:1#1 
254308     INFO  Test worker     d.u.i.k.n.KeyIO           MODE: declarations took 0 ms 
254308     DEBUG Test worker     d.u.i.k.n.KeyIO           MODE: 2nd degree decls took 0 
254308     DEBUG Test worker     d.u.i.k.n.KeyIO           MODE: taclets took 0ms 
255403     INFO  Test worker     d.u.i.k.n.KeyIO           Parsing took 0 ms 
255403     DEBUG Test worker     d.u.i.k.n.KeyIO           Load declarations of de.uka.ilkd.key.nparser.KeyAst$File:  <unknown>:1#1 
255403     INFO  Test worker     d.u.i.k.n.KeyIO           MODE: declarations took 0 ms 
255403     DEBUG Test worker     d.u.i.k.n.KeyIO           MODE: 2nd degree decls took 0 
255403     DEBUG Test worker     d.u.i.k.n.KeyIO           MODE: taclets took 0ms 
256513     INFO  Test worker     d.u.i.k.n.KeyIO           Parsing took 0 ms 
256513     DEBUG Test worker     d.u.i.k.n.KeyIO           Load declarations of de.uka.ilkd.key.nparser.KeyAst$File:  <unknown>:1#1 
256513     INFO  Test worker     d.u.i.k.n.KeyIO           MODE: declarations took 0 ms 
256513     DEBUG Test worker     d.u.i.k.n.KeyIO           MODE: 2nd degree decls took 0 
256513     DEBUG Test worker     d.u.i.k.n.KeyIO           MODE: taclets took 0ms 
257561     INFO  Test worker     d.u.i.k.n.KeyIO           Parsing took 0 ms 
257561     DEBUG Test worker     d.u.i.k.n.KeyIO           Load declarations of de.uka.ilkd.key.nparser.KeyAst$File:  <unknown>:1#1 
257561     INFO  Test worker     d.u.i.k.n.KeyIO           MODE: declarations took 0 ms 
257561     DEBUG Test worker     d.u.i.k.n.KeyIO           MODE: 2nd degree decls took 0 
257561     DEBUG Test worker     d.u.i.k.n.KeyIO           MODE: taclets took 0ms 
258670     INFO  Test worker     d.u.i.k.n.KeyIO           Parsing took 0 ms 
258670     DEBUG Test worker     d.u.i.k.n.KeyIO           Load declarations of de.uka.ilkd.key.nparser.KeyAst$File:  <unknown>:1#1 
258670     INFO  Test worker     d.u.i.k.n.KeyIO           MODE: declarations took 0 ms 
258670     DEBUG Test worker     d.u.i.k.n.KeyIO           MODE: 2nd degree decls took 0 
258670     DEBUG Test worker     d.u.i.k.n.KeyIO           MODE: taclets took 0ms 
259686     INFO  Test worker     d.u.i.k.n.KeyIO           Parsing took 0 ms 
259686     DEBUG Test worker     d.u.i.k.n.KeyIO           Load declarations of de.uka.ilkd.key.nparser.KeyAst$File:  <unknown>:1#1 
259686     INFO  Test worker     d.u.i.k.n.KeyIO           MODE: declarations took 0 ms 
259686     DEBUG Test worker     d.u.i.k.n.KeyIO           MODE: 2nd degree decls took 0 
259686     DEBUG Test worker     d.u.i.k.n.KeyIO           MODE: taclets took 0ms 
260780     INFO  Test worker     d.u.i.k.n.KeyIO           Parsing took 0 ms 
260780     DEBUG Test worker     d.u.i.k.n.KeyIO           Load declarations of de.uka.ilkd.key.nparser.KeyAst$File:  <unknown>:1#1 
260780     INFO  Test worker     d.u.i.k.n.KeyIO           MODE: declarations took 0 ms 
260780     DEBUG Test worker     d.u.i.k.n.KeyIO           MODE: 2nd degree decls took 0 
260780     DEBUG Test worker     d.u.i.k.n.KeyIO           MODE: taclets took 0ms 
261844     INFO  Test worker     d.u.i.k.n.KeyIO           Parsing took 0 ms 
261844     DEBUG Test worker     d.u.i.k.n.KeyIO           Load declarations of de.uka.ilkd.key.nparser.KeyAst$File:  <unknown>:1#1 
261844     INFO  Test worker     d.u.i.k.n.KeyIO           MODE: declarations took 0 ms 
261844     DEBUG Test worker     d.u.i.k.n.KeyIO           MODE: 2nd degree decls took 0 
261859     DEBUG Test worker     d.u.i.k.n.KeyIO           MODE: taclets took 0ms 
262859     INFO  Test worker     d.u.i.k.n.KeyIO           Parsing took 0 ms 
262859     DEBUG Test worker     d.u.i.k.n.KeyIO           Load declarations of de.uka.ilkd.key.nparser.KeyAst$File:  <unknown>:1#1 
262859     INFO  Test worker     d.u.i.k.n.KeyIO           MODE: declarations took 0 ms 
262859     DEBUG Test worker     d.u.i.k.n.KeyIO           MODE: 2nd degree decls took 0 
262859     DEBUG Test worker     d.u.i.k.n.KeyIO           MODE: taclets took 0ms 
]]></system-out>
  <system-err><![CDATA[]]></system-err>
</testsuite>
