<?xml version="1.0" encoding="UTF-8"?>
<testsuite name="de.uka.ilkd.key.proof.io.consistency.TestProofBundleIO" tests="3" skipped="0" failures="0" errors="0" timestamp="2023-04-20T14:03:27" hostname="fv-az192-56" time="9.704">
  <properties/>
  <testcase name="testSimpleFileRepo()" classname="de.uka.ilkd.key.proof.io.consistency.TestProofBundleIO" time="0.041"/>
  <testcase name="testComplexBundleGeneration()" classname="de.uka.ilkd.key.proof.io.consistency.TestProofBundleIO" time="1.9"/>
  <testcase name="testSimpleBundleGeneration()" classname="de.uka.ilkd.key.proof.io.consistency.TestProofBundleIO" time="7.762"/>
  <system-out><![CDATA[515082     INFO  Test worker     d.u.i.k.p.i.AbstractProblemLoader Loading environment from D:\a\key\key\key.core\src\test\resources\testcase\proofBundle\complexBundleGeneration\test.key 
515082     DEBUG Test worker     d.u.i.k.p.i.AbstractProblemLoader Environment load took 183.9ns 
515082     INFO  Test worker     d.u.i.k.p.i.AbstractProblemLoader Creating init config 
515723     DEBUG Test worker     d.u.i.k.p.i.AbstractProblemLoader Init config took 644.47ms 
515770     INFO  Test worker     d.u.i.k.p.i.AbstractProblemLoader Replaying proof Test[Test::constant()].JML normal_behavior operation contract.0 
515770     DEBUG Test worker     d.u.i.k.p.i.IntermediateProofReplayer Proof replay took 9ns 
515801     DEBUG Thread-52       d.u.i.k.j.JavaProgramElement Program match failed (pattern true;, source null;) 
515801     DEBUG Thread-52       d.u.i.k.j.JavaProgramElement Program match failed (pattern false;, source null;) 
515801     DEBUG Thread-52       d.u.i.k.j.JavaProgramElement Program match failed (pattern true;, source null;) 
515801     DEBUG Thread-52       d.u.i.k.j.JavaProgramElement Program match failed (pattern false;, source null;) 
515817     DEBUG Thread-52       d.u.i.k.j.JavaProgramElement Program match failed (pattern true;, source null;) 
515817     DEBUG Thread-52       d.u.i.k.j.JavaProgramElement Program match failed (pattern false;, source null;) 
515817     DEBUG Thread-52       d.u.i.k.j.JavaProgramElement Program match failed (pattern true;, source null;) 
515817     DEBUG Thread-52       d.u.i.k.j.JavaProgramElement Program match failed (pattern false;, source null;) 
515833     DEBUG Thread-52       d.u.i.k.j.JavaProgramElement Program match failed (pattern true;, source null;) 
515833     DEBUG Thread-52       d.u.i.k.j.JavaProgramElement Program match failed (pattern false;, source null;) 
515833     DEBUG Thread-52       d.u.i.k.j.JavaProgramElement Program match failed (pattern true;, source null;) 
515833     DEBUG Thread-52       d.u.i.k.j.JavaProgramElement Program match failed (pattern false;, source null;) 
515926     DEBUG Thread-52       d.u.i.k.j.JavaProgramElement Program match failed (pattern true;, source this.d.constant();) 
515942     DEBUG Thread-52       d.u.i.k.j.JavaProgramElement Program match failed (pattern false;, source this.d.constant();) 
515942     DEBUG Thread-52       d.u.i.k.j.JavaProgramElement Program match failed (pattern true;, source this.d.constant();) 
515942     DEBUG Thread-52       d.u.i.k.j.JavaProgramElement Program match failed (pattern false;, source this.d.constant();) 
515942     DEBUG Thread-52       d.u.i.k.j.JavaProgramElement Program match failed (pattern true;, source this.d;) 
515942     DEBUG Thread-52       d.u.i.k.j.JavaProgramElement Program match failed (pattern false;, source this.d;) 
515942     DEBUG Thread-52       d.u.i.k.j.JavaProgramElement Program match failed (pattern true;, source this.d;) 
515942     DEBUG Thread-52       d.u.i.k.j.JavaProgramElement Program match failed (pattern false;, source this.d;) 
515942     DEBUG Thread-52       d.u.i.k.j.JavaProgramElement Program match failed (pattern true;, source d.constant();) 
515942     DEBUG Thread-52       d.u.i.k.j.JavaProgramElement Program match failed (pattern false;, source d.constant();) 
515942     DEBUG Thread-52       d.u.i.k.j.JavaProgramElement Program match failed (pattern true;, source d.constant();) 
515942     DEBUG Thread-52       d.u.i.k.j.JavaProgramElement Program match failed (pattern false;, source d.constant();) 
515958     DEBUG Thread-52       d.u.i.k.j.JavaProgramElement Program match failed (pattern true;, source d.constant();) 
515958     DEBUG Thread-52       d.u.i.k.j.JavaProgramElement Program match failed (pattern false;, source d.constant();) 
515958     DEBUG Thread-52       d.u.i.k.j.JavaProgramElement Program match failed (pattern true;, source d.constant();) 
515958     DEBUG Thread-52       d.u.i.k.j.JavaProgramElement Program match failed (pattern false;, source d.constant();) 
515973     DEBUG Thread-52       d.u.i.k.j.JavaProgramElement Program match failed (pattern true;, source result_constant_0) 
515973     DEBUG Thread-52       d.u.i.k.j.JavaProgramElement Program match failed (pattern false;, source result_constant_0) 
515973     DEBUG Thread-52       d.u.i.k.j.JavaProgramElement Program match failed (pattern true;, source result_constant_0) 
515973     DEBUG Thread-52       d.u.i.k.j.JavaProgramElement Program match failed (pattern false;, source result_constant_0) 
516020     DEBUG Thread-52       d.u.i.k.j.JavaProgramElement Program match failed (pattern true;, source result_constant_0) 
516020     DEBUG Thread-52       d.u.i.k.j.JavaProgramElement Program match failed (pattern false;, source result_constant_0) 
516020     DEBUG Thread-52       d.u.i.k.j.JavaProgramElement Program match failed (pattern true;, source result_constant_0) 
516020     DEBUG Thread-52       d.u.i.k.j.JavaProgramElement Program match failed (pattern false;, source result_constant_0) 
516051     DEBUG Thread-52       d.u.i.k.j.JavaProgramElement Program match failed (pattern true;, source i) 
516051     DEBUG Thread-52       d.u.i.k.j.JavaProgramElement Program match failed (pattern false;, source i) 
516051     DEBUG Thread-52       d.u.i.k.j.JavaProgramElement Program match failed (pattern true;, source i) 
516051     DEBUG Thread-52       d.u.i.k.j.JavaProgramElement Program match failed (pattern false;, source i) 
516254     INFO  Test worker     d.u.i.k.p.i.AbstractProblemLoader Loading environment from D:\a\key\key\key.core\src\test\resources\testcase\proofBundle\complexBundleGeneration\test.zproof 
516301     DEBUG Test worker     d.u.i.k.p.i.AbstractProblemLoader Environment load took 56.45ms 
516317     INFO  Test worker     d.u.i.k.p.i.AbstractProblemLoader Creating init config 
516864     DEBUG Test worker     d.u.i.k.p.i.AbstractProblemLoader Init config took 549.01ms 
516895     INFO  Test worker     d.u.i.k.p.i.AbstractProblemLoader Replaying proof Test[Test::constant()].JML normal_behavior operation contract.0 
516973     DEBUG Test worker     d.u.i.k.p.i.IntermediateProofReplayer Proof replay took 67.2ms 
516973     INFO  Test worker     d.u.i.k.p.i.AbstractProblemLoader Loading environment from D:\a\key\key\key.core\src\test\resources\testcase\proofBundle\simpleBundleGeneration\test.key 
516973     DEBUG Test worker     d.u.i.k.p.i.AbstractProblemLoader Environment load took 121.6ns 
516973     INFO  Test worker     d.u.i.k.p.i.AbstractProblemLoader Creating init config 
520711     DEBUG Test worker     d.u.i.k.p.i.AbstractProblemLoader Init config took 3.72s 
520758     INFO  Test worker     d.u.i.k.p.i.AbstractProblemLoader Replaying proof Test[Test::constant()].JML normal_behavior operation contract.0 
520774     DEBUG Test worker     d.u.i.k.p.i.IntermediateProofReplayer Proof replay took 10.7ns 
520774     DEBUG Thread-56       d.u.i.k.j.JavaProgramElement Program match failed (pattern true;, source null;) 
520774     DEBUG Thread-56       d.u.i.k.j.JavaProgramElement Program match failed (pattern false;, source null;) 
520774     DEBUG Thread-56       d.u.i.k.j.JavaProgramElement Program match failed (pattern true;, source null;) 
520774     DEBUG Thread-56       d.u.i.k.j.JavaProgramElement Program match failed (pattern false;, source null;) 
520789     DEBUG Thread-56       d.u.i.k.j.JavaProgramElement Program match failed (pattern true;, source null;) 
520789     DEBUG Thread-56       d.u.i.k.j.JavaProgramElement Program match failed (pattern false;, source null;) 
520789     DEBUG Thread-56       d.u.i.k.j.JavaProgramElement Program match failed (pattern true;, source null;) 
520789     DEBUG Thread-56       d.u.i.k.j.JavaProgramElement Program match failed (pattern false;, source null;) 
520789     DEBUG Thread-56       d.u.i.k.j.JavaProgramElement Program match failed (pattern true;, source null;) 
520789     DEBUG Thread-56       d.u.i.k.j.JavaProgramElement Program match failed (pattern false;, source null;) 
520789     DEBUG Thread-56       d.u.i.k.j.JavaProgramElement Program match failed (pattern true;, source null;) 
520789     DEBUG Thread-56       d.u.i.k.j.JavaProgramElement Program match failed (pattern false;, source null;) 
520821     DEBUG Thread-56       d.u.i.k.j.JavaProgramElement Program match failed (pattern true;, source 5) 
520821     DEBUG Thread-56       d.u.i.k.j.JavaProgramElement Program match failed (pattern false;, source 5) 
520821     DEBUG Thread-56       d.u.i.k.j.JavaProgramElement Program match failed (pattern true;, source 5) 
520821     DEBUG Thread-56       d.u.i.k.j.JavaProgramElement Program match failed (pattern false;, source 5) 
520914     INFO  Test worker     d.u.i.k.p.i.AbstractProblemLoader Loading environment from D:\a\key\key\key.core\src\test\resources\testcase\proofBundle\simpleBundleGeneration\test.zproof 
520930     DEBUG Test worker     d.u.i.k.p.i.AbstractProblemLoader Environment load took 5.03ms 
520930     INFO  Test worker     d.u.i.k.p.i.AbstractProblemLoader Creating init config 
524620     DEBUG Test worker     d.u.i.k.p.i.AbstractProblemLoader Init config took 3.69s 
524698     INFO  Test worker     d.u.i.k.p.i.AbstractProblemLoader Replaying proof Test[Test::constant()].JML normal_behavior operation contract.0 
524729     DEBUG Test worker     d.u.i.k.p.i.IntermediateProofReplayer Proof replay took 29.87ms 
]]></system-out>
  <system-err><![CDATA[]]></system-err>
</testsuite>
