<?xml version="1.0" encoding="UTF-8"?>
<testsuite name="de.uka.ilkd.key.logic.TestClashFreeSubst" tests="14" skipped="2" failures="0" errors="0" timestamp="2023-04-20T13:55:38" hostname="fv-az192-56" time="60.394">
  <properties/>
  <testcase name="testMultiShareBound()" classname="de.uka.ilkd.key.logic.TestClashFreeSubst" time="1.135"/>
  <testcase name="testClash()" classname="de.uka.ilkd.key.logic.TestClashFreeSubst" time="1.216"/>
  <testcase name="testShare()" classname="de.uka.ilkd.key.logic.TestClashFreeSubst" time="1.141"/>
  <testcase name="testSubst()" classname="de.uka.ilkd.key.logic.TestClashFreeSubst" time="1.075"/>
  <testcase name="testWary0()" classname="de.uka.ilkd.key.logic.TestClashFreeSubst" time="1.224"/>
  <testcase name="testWary1()" classname="de.uka.ilkd.key.logic.TestClashFreeSubst" time="1.098"/>
  <testcase name="testWary2()" classname="de.uka.ilkd.key.logic.TestClashFreeSubst" time="1.125"/>
  <testcase name="testClashInSubstTerm()" classname="de.uka.ilkd.key.logic.TestClashFreeSubst" time="1.087"/>
  <testcase name="testShareWary()" classname="de.uka.ilkd.key.logic.TestClashFreeSubst" time="1.091"/>
  <testcase name="testMultiSubst()" classname="de.uka.ilkd.key.logic.TestClashFreeSubst" time="1.098"/>
  <testcase name="xtestMultiClash()" classname="de.uka.ilkd.key.logic.TestClashFreeSubst" time="0.0">
    <skipped/>
  </testcase>
  <testcase name="testSubstInSubstTerm()" classname="de.uka.ilkd.key.logic.TestClashFreeSubst" time="1.111"/>
  <testcase name="testSubstWary()" classname="de.uka.ilkd.key.logic.TestClashFreeSubst" time="1.023"/>
  <testcase name="xtestMultiClash1()" classname="de.uka.ilkd.key.logic.TestClashFreeSubst" time="0.0">
    <skipped/>
  </testcase>
  <system-out><![CDATA[46181      INFO  Test worker     d.u.i.k.n.KeyIO           Parsing took 0 ms 
46181      DEBUG Test worker     d.u.i.k.n.KeyIO           Load declarations of de.uka.ilkd.key.nparser.KeyAst$File:  <unknown>:1#1 
46181      INFO  Test worker     d.u.i.k.n.KeyIO           MODE: declarations took 0 ms 
46181      DEBUG Test worker     d.u.i.k.n.KeyIO           MODE: 2nd degree decls took 0 
47308      INFO  Test worker     d.u.i.k.n.KeyIO           Parsing took 0 ms 
47308      DEBUG Test worker     d.u.i.k.n.KeyIO           Load declarations of de.uka.ilkd.key.nparser.KeyAst$File:  <unknown>:1#1 
47308      INFO  Test worker     d.u.i.k.n.KeyIO           MODE: declarations took 0 ms 
47308      DEBUG Test worker     d.u.i.k.n.KeyIO           MODE: 2nd degree decls took 0 
51090      INFO  Test worker     d.u.i.k.n.KeyIO           Parsing took 0 ms 
51090      DEBUG Test worker     d.u.i.k.n.KeyIO           Load declarations of de.uka.ilkd.key.nparser.KeyAst$File:  <unknown>:1#1 
51137      INFO  Test worker     d.u.i.k.n.KeyIO           MODE: declarations took 47 ms 
51137      DEBUG Test worker     d.u.i.k.n.KeyIO           MODE: 2nd degree decls took 0 
52302      INFO  Test worker     d.u.i.k.n.KeyIO           Parsing took 0 ms 
52302      DEBUG Test worker     d.u.i.k.n.KeyIO           Load declarations of de.uka.ilkd.key.nparser.KeyAst$File:  <unknown>:1#1 
52302      INFO  Test worker     d.u.i.k.n.KeyIO           MODE: declarations took 0 ms 
52302      DEBUG Test worker     d.u.i.k.n.KeyIO           MODE: 2nd degree decls took 0 
56107      INFO  Test worker     d.u.i.k.n.KeyIO           Parsing took 0 ms 
56107      DEBUG Test worker     d.u.i.k.n.KeyIO           Load declarations of de.uka.ilkd.key.nparser.KeyAst$File:  <unknown>:1#1 
56107      INFO  Test worker     d.u.i.k.n.KeyIO           MODE: declarations took 0 ms 
56107      DEBUG Test worker     d.u.i.k.n.KeyIO           MODE: 2nd degree decls took 0 
57233      INFO  Test worker     d.u.i.k.n.KeyIO           Parsing took 0 ms 
57233      DEBUG Test worker     d.u.i.k.n.KeyIO           Load declarations of de.uka.ilkd.key.nparser.KeyAst$File:  <unknown>:1#1 
57233      INFO  Test worker     d.u.i.k.n.KeyIO           MODE: declarations took 0 ms 
57233      DEBUG Test worker     d.u.i.k.n.KeyIO           MODE: 2nd degree decls took 0 
60956      INFO  Test worker     d.u.i.k.n.KeyIO           Parsing took 0 ms 
60956      DEBUG Test worker     d.u.i.k.n.KeyIO           Load declarations of de.uka.ilkd.key.nparser.KeyAst$File:  <unknown>:1#1 
60956      INFO  Test worker     d.u.i.k.n.KeyIO           MODE: declarations took 0 ms 
60956      DEBUG Test worker     d.u.i.k.n.KeyIO           MODE: 2nd degree decls took 0 
62019      INFO  Test worker     d.u.i.k.n.KeyIO           Parsing took 0 ms 
62019      DEBUG Test worker     d.u.i.k.n.KeyIO           Load declarations of de.uka.ilkd.key.nparser.KeyAst$File:  <unknown>:1#1 
62019      INFO  Test worker     d.u.i.k.n.KeyIO           MODE: declarations took 0 ms 
62019      DEBUG Test worker     d.u.i.k.n.KeyIO           MODE: 2nd degree decls took 0 
65787      INFO  Test worker     d.u.i.k.n.KeyIO           Parsing took 0 ms 
65787      DEBUG Test worker     d.u.i.k.n.KeyIO           Load declarations of de.uka.ilkd.key.nparser.KeyAst$File:  <unknown>:1#1 
65787      INFO  Test worker     d.u.i.k.n.KeyIO           MODE: declarations took 0 ms 
65787      DEBUG Test worker     d.u.i.k.n.KeyIO           MODE: 2nd degree decls took 0 
67007      INFO  Test worker     d.u.i.k.n.KeyIO           Parsing took 0 ms 
67007      DEBUG Test worker     d.u.i.k.n.KeyIO           Load declarations of de.uka.ilkd.key.nparser.KeyAst$File:  <unknown>:1#1 
67007      INFO  Test worker     d.u.i.k.n.KeyIO           MODE: declarations took 0 ms 
67007      DEBUG Test worker     d.u.i.k.n.KeyIO           MODE: 2nd degree decls took 0 
70775      INFO  Test worker     d.u.i.k.n.KeyIO           Parsing took 0 ms 
70775      DEBUG Test worker     d.u.i.k.n.KeyIO           Load declarations of de.uka.ilkd.key.nparser.KeyAst$File:  <unknown>:1#1 
70775      INFO  Test worker     d.u.i.k.n.KeyIO           MODE: declarations took 0 ms 
70775      DEBUG Test worker     d.u.i.k.n.KeyIO           MODE: 2nd degree decls took 0 
71869      INFO  Test worker     d.u.i.k.n.KeyIO           Parsing took 0 ms 
71869      DEBUG Test worker     d.u.i.k.n.KeyIO           Load declarations of de.uka.ilkd.key.nparser.KeyAst$File:  <unknown>:1#1 
71869      INFO  Test worker     d.u.i.k.n.KeyIO           MODE: declarations took 0 ms 
71869      DEBUG Test worker     d.u.i.k.n.KeyIO           MODE: 2nd degree decls took 0 
75450      INFO  Test worker     d.u.i.k.n.KeyIO           Parsing took 0 ms 
75450      DEBUG Test worker     d.u.i.k.n.KeyIO           Load declarations of de.uka.ilkd.key.nparser.KeyAst$File:  <unknown>:1#1 
75450      INFO  Test worker     d.u.i.k.n.KeyIO           MODE: declarations took 0 ms 
75450      DEBUG Test worker     d.u.i.k.n.KeyIO           MODE: 2nd degree decls took 0 
76559      INFO  Test worker     d.u.i.k.n.KeyIO           Parsing took 0 ms 
76559      DEBUG Test worker     d.u.i.k.n.KeyIO           Load declarations of de.uka.ilkd.key.nparser.KeyAst$File:  <unknown>:1#1 
76559      INFO  Test worker     d.u.i.k.n.KeyIO           MODE: declarations took 0 ms 
76559      DEBUG Test worker     d.u.i.k.n.KeyIO           MODE: 2nd degree decls took 0 
80280      INFO  Test worker     d.u.i.k.n.KeyIO           Parsing took 0 ms 
80280      DEBUG Test worker     d.u.i.k.n.KeyIO           Load declarations of de.uka.ilkd.key.nparser.KeyAst$File:  <unknown>:1#1 
80280      INFO  Test worker     d.u.i.k.n.KeyIO           MODE: declarations took 0 ms 
80280      DEBUG Test worker     d.u.i.k.n.KeyIO           MODE: 2nd degree decls took 0 
81358      INFO  Test worker     d.u.i.k.n.KeyIO           Parsing took 0 ms 
81358      DEBUG Test worker     d.u.i.k.n.KeyIO           Load declarations of de.uka.ilkd.key.nparser.KeyAst$File:  <unknown>:1#1 
81358      INFO  Test worker     d.u.i.k.n.KeyIO           MODE: declarations took 0 ms 
81358      DEBUG Test worker     d.u.i.k.n.KeyIO           MODE: 2nd degree decls took 0 
84876      INFO  Test worker     d.u.i.k.n.KeyIO           Parsing took 0 ms 
84876      DEBUG Test worker     d.u.i.k.n.KeyIO           Load declarations of de.uka.ilkd.key.nparser.KeyAst$File:  <unknown>:1#1 
84876      INFO  Test worker     d.u.i.k.n.KeyIO           MODE: declarations took 0 ms 
84876      DEBUG Test worker     d.u.i.k.n.KeyIO           MODE: 2nd degree decls took 0 
85955      INFO  Test worker     d.u.i.k.n.KeyIO           Parsing took 0 ms 
85955      DEBUG Test worker     d.u.i.k.n.KeyIO           Load declarations of de.uka.ilkd.key.nparser.KeyAst$File:  <unknown>:1#1 
85955      INFO  Test worker     d.u.i.k.n.KeyIO           MODE: declarations took 0 ms 
85955      DEBUG Test worker     d.u.i.k.n.KeyIO           MODE: 2nd degree decls took 0 
89551      INFO  Test worker     d.u.i.k.n.KeyIO           Parsing took 0 ms 
89551      DEBUG Test worker     d.u.i.k.n.KeyIO           Load declarations of de.uka.ilkd.key.nparser.KeyAst$File:  <unknown>:1#1 
89551      INFO  Test worker     d.u.i.k.n.KeyIO           MODE: declarations took 0 ms 
89551      DEBUG Test worker     d.u.i.k.n.KeyIO           MODE: 2nd degree decls took 0 
90645      INFO  Test worker     d.u.i.k.n.KeyIO           Parsing took 0 ms 
90645      DEBUG Test worker     d.u.i.k.n.KeyIO           Load declarations of de.uka.ilkd.key.nparser.KeyAst$File:  <unknown>:1#1 
90645      INFO  Test worker     d.u.i.k.n.KeyIO           MODE: declarations took 0 ms 
90645      DEBUG Test worker     d.u.i.k.n.KeyIO           MODE: 2nd degree decls took 0 
97726      INFO  Test worker     d.u.i.k.n.KeyIO           Parsing took 0 ms 
97726      DEBUG Test worker     d.u.i.k.n.KeyIO           Load declarations of de.uka.ilkd.key.nparser.KeyAst$File:  <unknown>:1#1 
97726      INFO  Test worker     d.u.i.k.n.KeyIO           MODE: declarations took 0 ms 
97726      DEBUG Test worker     d.u.i.k.n.KeyIO           MODE: 2nd degree decls took 0 
98820      INFO  Test worker     d.u.i.k.n.KeyIO           Parsing took 0 ms 
98820      DEBUG Test worker     d.u.i.k.n.KeyIO           Load declarations of de.uka.ilkd.key.nparser.KeyAst$File:  <unknown>:1#1 
98820      INFO  Test worker     d.u.i.k.n.KeyIO           MODE: declarations took 0 ms 
98820      DEBUG Test worker     d.u.i.k.n.KeyIO           MODE: 2nd degree decls took 0 
102197     INFO  Test worker     d.u.i.k.n.KeyIO           Parsing took 0 ms 
102197     DEBUG Test worker     d.u.i.k.n.KeyIO           Load declarations of de.uka.ilkd.key.nparser.KeyAst$File:  <unknown>:1#1 
102197     INFO  Test worker     d.u.i.k.n.KeyIO           MODE: declarations took 0 ms 
102197     DEBUG Test worker     d.u.i.k.n.KeyIO           MODE: 2nd degree decls took 0 
103213     INFO  Test worker     d.u.i.k.n.KeyIO           Parsing took 0 ms 
103213     DEBUG Test worker     d.u.i.k.n.KeyIO           Load declarations of de.uka.ilkd.key.nparser.KeyAst$File:  <unknown>:1#1 
103213     INFO  Test worker     d.u.i.k.n.KeyIO           MODE: declarations took 0 ms 
103213     DEBUG Test worker     d.u.i.k.n.KeyIO           MODE: 2nd degree decls took 0 
]]></system-out>
  <system-err><![CDATA[]]></system-err>
</testsuite>
