<?xml version="1.0" encoding="UTF-8"?>
<testsuite name="de.uka.ilkd.key.rule.merge.PredicateAbstractionLatticeTests" tests="3" skipped="0" failures="0" errors="0" timestamp="2023-04-20T14:04:23" hostname="fv-az192-56" time="7.074">
  <properties/>
  <testcase name="testToAndFromString()" classname="de.uka.ilkd.key.rule.merge.PredicateAbstractionLatticeTests" time="3.416"/>
  <testcase name="testCreateSignLatticeWithPredicates()" classname="de.uka.ilkd.key.rule.merge.PredicateAbstractionLatticeTests" time="3.658"/>
  <testcase name="testTrivialPredicatesLattice()" classname="de.uka.ilkd.key.rule.merge.PredicateAbstractionLatticeTests" time="0.0"/>
  <system-out><![CDATA[571041     INFO  Test worker     d.u.i.k.p.i.AbstractProblemLoader Loading environment from src\test\resources\testcase\merge\dummy.key 
571041     DEBUG Test worker     d.u.i.k.p.i.AbstractProblemLoader Environment load took 307.4ns 
571041     INFO  Test worker     d.u.i.k.p.i.AbstractProblemLoader Creating init config 
574417     DEBUG Test worker     d.u.i.k.p.i.AbstractProblemLoader Init config took 3.37s 
574433     INFO  Test worker     d.u.i.k.p.i.AbstractProblemLoader Replaying proof dummy.key 
574433     DEBUG Test worker     d.u.i.k.p.i.IntermediateProofReplayer Proof replay took 20.2ns 
574449     INFO  Test worker     d.u.i.k.p.i.AbstractProblemLoader Loading environment from src\test\resources\testcase\merge\dummy.key 
574449     DEBUG Test worker     d.u.i.k.p.i.AbstractProblemLoader Environment load took 162.3ns 
574449     INFO  Test worker     d.u.i.k.p.i.AbstractProblemLoader Creating init config 
578075     DEBUG Test worker     d.u.i.k.p.i.AbstractProblemLoader Init config took 3.62s 
578091     INFO  Test worker     d.u.i.k.p.i.AbstractProblemLoader Replaying proof dummy.key 
578091     DEBUG Test worker     d.u.i.k.p.i.IntermediateProofReplayer Proof replay took 10.8ns 
]]></system-out>
  <system-err><![CDATA[]]></system-err>
</testsuite>
