<?xml version="1.0" encoding="UTF-8"?>
<testsuite name="de.uka.ilkd.key.java.TestContextStatementBlock" tests="1" skipped="0" failures="0" errors="0" timestamp="2023-04-20T13:55:21" hostname="fv-az192-56" time="1.416">
  <properties/>
  <testcase name="testContextTermInstantiation()" classname="de.uka.ilkd.key.java.TestContextStatementBlock" time="1.416"/>
  <system-out><![CDATA[30500      INFO  Test worker     d.u.i.k.n.KeyIO           Parsing took 0 ms 
30500      DEBUG Test worker     d.u.i.k.n.KeyIO           Load declarations of de.uka.ilkd.key.nparser.KeyAst$File:  D:\a\key\key\key.core\src\test\resources\testcase\testrules.key:9#1 
30516      INFO  Test worker     d.u.i.k.n.KeyIO           MODE: declarations took 16 ms 
30516      DEBUG Test worker     d.u.i.k.n.KeyIO           MODE: 2nd degree decls took 0 
30641      DEBUG Test worker     d.u.i.k.n.KeyIO           MODE: taclets took 125ms 
]]></system-out>
  <system-err><![CDATA[]]></system-err>
</testsuite>
