<?xml version="1.0" encoding="UTF-8"?>
<testsuite name="de.uka.ilkd.key.parser.TestTermParserSorts" tests="2" skipped="0" failures="0" errors="0" timestamp="2023-04-20T14:03:08" hostname="fv-az192-56" time="3.693">
  <properties/>
  <testcase name="testParseIntegerArgs()" classname="de.uka.ilkd.key.parser.TestTermParserSorts" time="0.019"/>
  <testcase name="testParseSequencePrettySyntax()" classname="de.uka.ilkd.key.parser.TestTermParserSorts" time="0.004"/>
  <system-out><![CDATA[495883     INFO  Test worker     d.u.i.k.n.KeyIO           Parsing took 0 ms 
495883     DEBUG Test worker     d.u.i.k.n.KeyIO           Load declarations of de.uka.ilkd.key.nparser.KeyAst$File:  <unknown>:1#1 
495883     INFO  Test worker     d.u.i.k.n.KeyIO           MODE: declarations took 0 ms 
495883     DEBUG Test worker     d.u.i.k.n.KeyIO           MODE: 2nd degree decls took 0 
495883     INFO  Test worker     d.u.i.k.n.KeyIO           Parsing took 0 ms 
495883     DEBUG Test worker     d.u.i.k.n.KeyIO           Load declarations of de.uka.ilkd.key.nparser.KeyAst$File:  <unknown>:1#1 
495883     INFO  Test worker     d.u.i.k.n.KeyIO           MODE: declarations took 0 ms 
495883     DEBUG Test worker     d.u.i.k.n.KeyIO           MODE: 2nd degree decls took 0 
495883     INFO  Test worker     d.u.i.k.n.KeyIO           Parsing took 0 ms 
495883     DEBUG Test worker     d.u.i.k.n.KeyIO           Load declarations of de.uka.ilkd.key.nparser.KeyAst$File:  <unknown>:1#1 
495883     INFO  Test worker     d.u.i.k.n.KeyIO           MODE: declarations took 0 ms 
495883     DEBUG Test worker     d.u.i.k.n.KeyIO           MODE: 2nd degree decls took 0 
499572     INFO  Test worker     d.u.i.k.n.KeyIO           Parsing took 0 ms 
499572     DEBUG Test worker     d.u.i.k.n.KeyIO           Load declarations of de.uka.ilkd.key.nparser.KeyAst$File:  <unknown>:1#1 
499572     INFO  Test worker     d.u.i.k.n.KeyIO           MODE: declarations took 0 ms 
499572     DEBUG Test worker     d.u.i.k.n.KeyIO           MODE: 2nd degree decls took 0 
499572     INFO  Test worker     d.u.i.k.n.KeyIO           Parsing took 0 ms 
499572     DEBUG Test worker     d.u.i.k.n.KeyIO           Load declarations of de.uka.ilkd.key.nparser.KeyAst$File:  <unknown>:1#1 
499572     INFO  Test worker     d.u.i.k.n.KeyIO           MODE: declarations took 0 ms 
499572     DEBUG Test worker     d.u.i.k.n.KeyIO           MODE: 2nd degree decls took 0 
499572     INFO  Test worker     d.u.i.k.n.KeyIO           Parsing took 0 ms 
499572     DEBUG Test worker     d.u.i.k.n.KeyIO           Load declarations of de.uka.ilkd.key.nparser.KeyAst$File:  <unknown>:1#1 
499572     INFO  Test worker     d.u.i.k.n.KeyIO           MODE: declarations took 0 ms 
499572     DEBUG Test worker     d.u.i.k.n.KeyIO           MODE: 2nd degree decls took 0 
]]></system-out>
  <system-err><![CDATA[]]></system-err>
</testsuite>
