<?xml version="1.0" encoding="UTF-8"?>
<testsuite name="de.uka.ilkd.key.util.TestSearchNodeReversePreorderIterator" tests="4" skipped="0" failures="0" errors="0" timestamp="2023-04-20T14:11:09" hostname="fv-az192-56" time="0.017">
  <properties/>
  <testcase name="testNodesThreeLevel()" classname="de.uka.ilkd.key.util.TestSearchNodeReversePreorderIterator" time="0.004"/>
  <testcase name="testEmptyRoot()" classname="de.uka.ilkd.key.util.TestSearchNodeReversePreorderIterator" time="0.004"/>
  <testcase name="testNodesTwoLevel()" classname="de.uka.ilkd.key.util.TestSearchNodeReversePreorderIterator" time="0.004"/>
  <testcase name="testNodesOneLevel()" classname="de.uka.ilkd.key.util.TestSearchNodeReversePreorderIterator" time="0.004"/>
  <system-out><![CDATA[]]></system-out>
  <system-err><![CDATA[]]></system-err>
</testsuite>
