<?xml version="1.0" encoding="UTF-8"?>
<testsuite name="de.uka.ilkd.key.parser.TestParser" tests="5" skipped="1" failures="0" errors="0" timestamp="2023-04-20T14:00:42" hostname="fv-az192-56" time="5.317">
  <properties/>
  <testcase name="testConstantEvaluationError()" classname="de.uka.ilkd.key.parser.TestParser" time="1.041"/>
  <testcase name="testGenericSort()" classname="de.uka.ilkd.key.parser.TestParser" time="0.003"/>
  <testcase name="testIssue1566()" classname="de.uka.ilkd.key.parser.TestParser" time="3.269"/>
  <testcase name="testIssue39()" classname="de.uka.ilkd.key.parser.TestParser" time="1.002"/>
  <testcase name="testRelativeInclude()" classname="de.uka.ilkd.key.parser.TestParser" time="0.001">
    <skipped/>
  </testcase>
  <system-out><![CDATA[350067     INFO  Test worker     d.u.i.k.p.i.AbstractProblemLoader Loading environment from src\test\resources\testcase\parserErrorTest\AssignToArray.java 
350067     DEBUG Test worker     d.u.i.k.p.i.AbstractProblemLoader Environment load took 172.8ns 
350067     INFO  Test worker     d.u.i.k.p.i.AbstractProblemLoader Creating init config 
351114     INFO  Test worker     d.u.i.k.n.KeyIO           Parsing took 0 ms 
351114     DEBUG Test worker     d.u.i.k.n.KeyIO           Load declarations of de.uka.ilkd.key.nparser.KeyAst$File:  <unknown>:1#1 
351114     INFO  Test worker     d.u.i.k.n.KeyIO           MODE: declarations took 0 ms 
351114     DEBUG Test worker     d.u.i.k.n.KeyIO           MODE: 2nd degree decls took 0 
351114     DEBUG Test worker     d.u.i.k.n.KeyIO           MODE: taclets took 0ms 
351114     INFO  Test worker     d.u.i.k.p.i.AbstractProblemLoader Loading environment from src\test\resources\testcase\issues\1566\a.key 
351114     DEBUG Test worker     d.u.i.k.p.i.AbstractProblemLoader Environment load took 123.9ns 
351114     INFO  Test worker     d.u.i.k.p.i.AbstractProblemLoader Creating init config 
354365     DEBUG Test worker     d.u.i.k.p.i.AbstractProblemLoader Init config took 3.25s 
354381     INFO  Test worker     d.u.i.k.p.i.AbstractProblemLoader Replaying proof a.key 
354381     DEBUG Test worker     d.u.i.k.p.i.IntermediateProofReplayer Proof replay took 8.7ns 
354381     INFO  Test worker     d.u.i.k.p.i.AbstractProblemLoader Loading environment from src\test\resources\testcase\issues\39\A.java 
354381     DEBUG Test worker     d.u.i.k.p.i.AbstractProblemLoader Environment load took 146.2ns 
354381     INFO  Test worker     d.u.i.k.p.i.AbstractProblemLoader Creating init config 
]]></system-out>
  <system-err><![CDATA[]]></system-err>
</testsuite>
