<?xml version="1.0" encoding="UTF-8"?>
<testsuite name="de.uka.ilkd.key.parser.TestTermParserHeap" tests="39" skipped="0" failures="0" errors="0" timestamp="2023-04-20T14:00:54" hostname="fv-az192-56" time="130.076">
  <properties/>
  <testcase name="testBracketHeapUpdate()" classname="de.uka.ilkd.key.parser.TestTermParserHeap" time="0.04"/>
  <testcase name="testStore()" classname="de.uka.ilkd.key.parser.TestTermParserHeap" time="0.014"/>
  <testcase name="testUnknownConstant()" classname="de.uka.ilkd.key.parser.TestTermParserHeap" time="0.009"/>
  <testcase name="testAllFieldsSelector()" classname="de.uka.ilkd.key.parser.TestTermParserHeap" time="0.004"/>
  <testcase name="testParsePrettyPrintedSelect()" classname="de.uka.ilkd.key.parser.TestTermParserHeap" time="0.005"/>
  <testcase name="testAccessStaticMembers()" classname="de.uka.ilkd.key.parser.TestTermParserHeap" time="0.009"/>
  <testcase name="testAtOperator_1()" classname="de.uka.ilkd.key.parser.TestTermParserHeap" time="0.014"/>
  <testcase name="testAtOperator_2()" classname="de.uka.ilkd.key.parser.TestTermParserHeap" time="0.005"/>
  <testcase name="testAtOperator_3()" classname="de.uka.ilkd.key.parser.TestTermParserHeap" time="0.007"/>
  <testcase name="testAtOperator_4()" classname="de.uka.ilkd.key.parser.TestTermParserHeap" time="0.006"/>
  <testcase name="testAtOperator_5()" classname="de.uka.ilkd.key.parser.TestTermParserHeap" time="0.008"/>
  <testcase name="testAtOperator_6()" classname="de.uka.ilkd.key.parser.TestTermParserHeap" time="0.005"/>
  <testcase name="testAtOperator_7()" classname="de.uka.ilkd.key.parser.TestTermParserHeap" time="0.005"/>
  <testcase name="testAtOperator_8()" classname="de.uka.ilkd.key.parser.TestTermParserHeap" time="0.006"/>
  <testcase name="testVerifyExceptionIfAtOperatorNotPreceededBySelectTerm()" classname="de.uka.ilkd.key.parser.TestTermParserHeap" time="0.011"/>
  <testcase name="testBugResettingCounter()" classname="de.uka.ilkd.key.parser.TestTermParserHeap" time="0.006"/>
  <testcase name="testLocationSets()" classname="de.uka.ilkd.key.parser.TestTermParserHeap" time="0.005"/>
  <testcase name="testQuantifiedSelect()" classname="de.uka.ilkd.key.parser.TestTermParserHeap" time="0.003"/>
  <testcase name="testGenericObjectProperties()" classname="de.uka.ilkd.key.parser.TestTermParserHeap" time="0.008"/>
  <testcase name="testQueryInheritance_1()" classname="de.uka.ilkd.key.parser.TestTermParserHeap" time="0.008"/>
  <testcase name="testQueryInheritance_2()" classname="de.uka.ilkd.key.parser.TestTermParserHeap" time="0.01"/>
  <testcase name="testQueryInheritance_3()" classname="de.uka.ilkd.key.parser.TestTermParserHeap" time="0.005"/>
  <testcase name="testQueryInheritance_4()" classname="de.uka.ilkd.key.parser.TestTermParserHeap" time="0.002"/>
  <testcase name="testQueryInheritance_5()" classname="de.uka.ilkd.key.parser.TestTermParserHeap" time="0.004"/>
  <testcase name="testQueryInheritance_6()" classname="de.uka.ilkd.key.parser.TestTermParserHeap" time="0.005"/>
  <testcase name="testQueryInheritance_7()" classname="de.uka.ilkd.key.parser.TestTermParserHeap" time="0.005"/>
  <testcase name="testQueryInheritance_8()" classname="de.uka.ilkd.key.parser.TestTermParserHeap" time="0.005"/>
  <testcase name="testQueryInheritance_9()" classname="de.uka.ilkd.key.parser.TestTermParserHeap" time="0.004"/>
  <testcase name="testQueryBasic_10()" classname="de.uka.ilkd.key.parser.TestTermParserHeap" time="0.002"/>
  <testcase name="testQueryBasic_11()" classname="de.uka.ilkd.key.parser.TestTermParserHeap" time="0.006"/>
  <testcase name="testQueryBasic_1()" classname="de.uka.ilkd.key.parser.TestTermParserHeap" time="0.009"/>
  <testcase name="testQueryBasic_2()" classname="de.uka.ilkd.key.parser.TestTermParserHeap" time="0.005"/>
  <testcase name="testQueryBasic_3()" classname="de.uka.ilkd.key.parser.TestTermParserHeap" time="0.008"/>
  <testcase name="testQueryBasic_4()" classname="de.uka.ilkd.key.parser.TestTermParserHeap" time="0.002"/>
  <testcase name="testQueryBasic_5()" classname="de.uka.ilkd.key.parser.TestTermParserHeap" time="0.004"/>
  <testcase name="testQueryBasic_6()" classname="de.uka.ilkd.key.parser.TestTermParserHeap" time="0.004"/>
  <testcase name="testQueryBasic_7()" classname="de.uka.ilkd.key.parser.TestTermParserHeap" time="0.011"/>
  <testcase name="testQueryBasic_8()" classname="de.uka.ilkd.key.parser.TestTermParserHeap" time="0.006"/>
  <testcase name="testQueryBasic_9()" classname="de.uka.ilkd.key.parser.TestTermParserHeap" time="0.004"/>
  <system-out><![CDATA[362121     INFO  Test worker     d.u.i.k.n.KeyIO           Parsing took 0 ms 
362121     DEBUG Test worker     d.u.i.k.n.KeyIO           Load declarations of de.uka.ilkd.key.nparser.KeyAst$File:  <unknown>:1#1 
362121     INFO  Test worker     d.u.i.k.n.KeyIO           MODE: declarations took 0 ms 
362121     DEBUG Test worker     d.u.i.k.n.KeyIO           MODE: 2nd degree decls took 0 
362121     INFO  Test worker     d.u.i.k.n.KeyIO           Parsing took 0 ms 
362121     DEBUG Test worker     d.u.i.k.n.KeyIO           Load declarations of de.uka.ilkd.key.nparser.KeyAst$File:  <unknown>:1#1 
362121     INFO  Test worker     d.u.i.k.n.KeyIO           MODE: declarations took 0 ms 
362121     DEBUG Test worker     d.u.i.k.n.KeyIO           MODE: 2nd degree decls took 0 
362121     INFO  Test worker     d.u.i.k.n.KeyIO           Parsing took 0 ms 
362121     DEBUG Test worker     d.u.i.k.n.KeyIO           Load declarations of de.uka.ilkd.key.nparser.KeyAst$File:  <unknown>:1#1 
362121     INFO  Test worker     d.u.i.k.n.KeyIO           MODE: declarations took 0 ms 
362121     DEBUG Test worker     d.u.i.k.n.KeyIO           MODE: 2nd degree decls took 0 
362121     INFO  Test worker     d.u.i.k.n.KeyIO           Parsing took 0 ms 
362121     DEBUG Test worker     d.u.i.k.n.KeyIO           Load declarations of de.uka.ilkd.key.nparser.KeyAst$File:  <unknown>:1#1 
362121     INFO  Test worker     d.u.i.k.n.KeyIO           MODE: declarations took 0 ms 
362121     DEBUG Test worker     d.u.i.k.n.KeyIO           MODE: 2nd degree decls took 0 
362121     INFO  Test worker     d.u.i.k.n.KeyIO           Parsing took 0 ms 
362121     DEBUG Test worker     d.u.i.k.n.KeyIO           Load declarations of de.uka.ilkd.key.nparser.KeyAst$File:  <unknown>:1#1 
362121     INFO  Test worker     d.u.i.k.n.KeyIO           MODE: declarations took 0 ms 
362121     DEBUG Test worker     d.u.i.k.n.KeyIO           MODE: 2nd degree decls took 0 
365311     INFO  Test worker     d.u.i.k.n.KeyIO           Parsing took 0 ms 
365311     DEBUG Test worker     d.u.i.k.n.KeyIO           Load declarations of de.uka.ilkd.key.nparser.KeyAst$File:  <unknown>:1#1 
365311     INFO  Test worker     d.u.i.k.n.KeyIO           MODE: declarations took 0 ms 
365311     DEBUG Test worker     d.u.i.k.n.KeyIO           MODE: 2nd degree decls took 0 
365311     INFO  Test worker     d.u.i.k.n.KeyIO           Parsing took 0 ms 
365311     DEBUG Test worker     d.u.i.k.n.KeyIO           Load declarations of de.uka.ilkd.key.nparser.KeyAst$File:  <unknown>:1#1 
365311     INFO  Test worker     d.u.i.k.n.KeyIO           MODE: declarations took 0 ms 
365311     DEBUG Test worker     d.u.i.k.n.KeyIO           MODE: 2nd degree decls took 0 
365311     INFO  Test worker     d.u.i.k.n.KeyIO           Parsing took 0 ms 
365311     DEBUG Test worker     d.u.i.k.n.KeyIO           Load declarations of de.uka.ilkd.key.nparser.KeyAst$File:  <unknown>:1#1 
365311     INFO  Test worker     d.u.i.k.n.KeyIO           MODE: declarations took 0 ms 
365311     DEBUG Test worker     d.u.i.k.n.KeyIO           MODE: 2nd degree decls took 0 
365311     INFO  Test worker     d.u.i.k.n.KeyIO           Parsing took 0 ms 
365311     DEBUG Test worker     d.u.i.k.n.KeyIO           Load declarations of de.uka.ilkd.key.nparser.KeyAst$File:  <unknown>:1#1 
365327     INFO  Test worker     d.u.i.k.n.KeyIO           MODE: declarations took 16 ms 
365327     DEBUG Test worker     d.u.i.k.n.KeyIO           MODE: 2nd degree decls took 0 
365327     INFO  Test worker     d.u.i.k.n.KeyIO           Parsing took 0 ms 
365327     DEBUG Test worker     d.u.i.k.n.KeyIO           Load declarations of de.uka.ilkd.key.nparser.KeyAst$File:  <unknown>:1#1 
365327     INFO  Test worker     d.u.i.k.n.KeyIO           MODE: declarations took 0 ms 
365327     DEBUG Test worker     d.u.i.k.n.KeyIO           MODE: 2nd degree decls took 0 
368454     INFO  Test worker     d.u.i.k.n.KeyIO           Parsing took 0 ms 
368454     DEBUG Test worker     d.u.i.k.n.KeyIO           Load declarations of de.uka.ilkd.key.nparser.KeyAst$File:  <unknown>:1#1 
368454     INFO  Test worker     d.u.i.k.n.KeyIO           MODE: declarations took 0 ms 
368454     DEBUG Test worker     d.u.i.k.n.KeyIO           MODE: 2nd degree decls took 0 
368454     INFO  Test worker     d.u.i.k.n.KeyIO           Parsing took 0 ms 
368454     DEBUG Test worker     d.u.i.k.n.KeyIO           Load declarations of de.uka.ilkd.key.nparser.KeyAst$File:  <unknown>:1#1 
368454     INFO  Test worker     d.u.i.k.n.KeyIO           MODE: declarations took 0 ms 
368454     DEBUG Test worker     d.u.i.k.n.KeyIO           MODE: 2nd degree decls took 0 
368454     INFO  Test worker     d.u.i.k.n.KeyIO           Parsing took 0 ms 
368454     DEBUG Test worker     d.u.i.k.n.KeyIO           Load declarations of de.uka.ilkd.key.nparser.KeyAst$File:  <unknown>:1#1 
368454     INFO  Test worker     d.u.i.k.n.KeyIO           MODE: declarations took 0 ms 
368454     DEBUG Test worker     d.u.i.k.n.KeyIO           MODE: 2nd degree decls took 0 
368454     INFO  Test worker     d.u.i.k.n.KeyIO           Parsing took 0 ms 
368454     DEBUG Test worker     d.u.i.k.n.KeyIO           Load declarations of de.uka.ilkd.key.nparser.KeyAst$File:  <unknown>:1#1 
368454     INFO  Test worker     d.u.i.k.n.KeyIO           MODE: declarations took 0 ms 
368454     DEBUG Test worker     d.u.i.k.n.KeyIO           MODE: 2nd degree decls took 0 
368454     INFO  Test worker     d.u.i.k.n.KeyIO           Parsing took 0 ms 
368454     DEBUG Test worker     d.u.i.k.n.KeyIO           Load declarations of de.uka.ilkd.key.nparser.KeyAst$File:  <unknown>:1#1 
368454     INFO  Test worker     d.u.i.k.n.KeyIO           MODE: declarations took 0 ms 
368454     DEBUG Test worker     d.u.i.k.n.KeyIO           MODE: 2nd degree decls took 0 
368454     INFO  Test worker     d.u.i.k.n.KeyIO           Parsing took 0 ms 
368454     DEBUG Test worker     d.u.i.k.n.KeyIO           Load declarations of de.uka.ilkd.key.nparser.KeyAst$File:  <unknown>:1#1 
368454     INFO  Test worker     d.u.i.k.n.KeyIO           MODE: declarations took 0 ms 
368454     DEBUG Test worker     d.u.i.k.n.KeyIO           MODE: 2nd degree decls took 0 
371471     INFO  Test worker     d.u.i.k.n.KeyIO           Parsing took 0 ms 
371471     DEBUG Test worker     d.u.i.k.n.KeyIO           Load declarations of de.uka.ilkd.key.nparser.KeyAst$File:  <unknown>:1#1 
371471     INFO  Test worker     d.u.i.k.n.KeyIO           MODE: declarations took 0 ms 
371471     DEBUG Test worker     d.u.i.k.n.KeyIO           MODE: 2nd degree decls took 0 
371471     INFO  Test worker     d.u.i.k.n.KeyIO           Parsing took 0 ms 
371471     DEBUG Test worker     d.u.i.k.n.KeyIO           Load declarations of de.uka.ilkd.key.nparser.KeyAst$File:  <unknown>:1#1 
371471     INFO  Test worker     d.u.i.k.n.KeyIO           MODE: declarations took 0 ms 
371471     DEBUG Test worker     d.u.i.k.n.KeyIO           MODE: 2nd degree decls took 0 
371471     INFO  Test worker     d.u.i.k.n.KeyIO           Parsing took 0 ms 
371471     DEBUG Test worker     d.u.i.k.n.KeyIO           Load declarations of de.uka.ilkd.key.nparser.KeyAst$File:  <unknown>:1#1 
371471     INFO  Test worker     d.u.i.k.n.KeyIO           MODE: declarations took 0 ms 
371471     DEBUG Test worker     d.u.i.k.n.KeyIO           MODE: 2nd degree decls took 0 
371471     INFO  Test worker     d.u.i.k.n.KeyIO           Parsing took 0 ms 
371471     DEBUG Test worker     d.u.i.k.n.KeyIO           Load declarations of de.uka.ilkd.key.nparser.KeyAst$File:  <unknown>:1#1 
371471     INFO  Test worker     d.u.i.k.n.KeyIO           MODE: declarations took 0 ms 
371471     DEBUG Test worker     d.u.i.k.n.KeyIO           MODE: 2nd degree decls took 0 
371471     INFO  Test worker     d.u.i.k.n.KeyIO           Parsing took 0 ms 
371471     DEBUG Test worker     d.u.i.k.n.KeyIO           Load declarations of de.uka.ilkd.key.nparser.KeyAst$File:  <unknown>:1#1 
371471     INFO  Test worker     d.u.i.k.n.KeyIO           MODE: declarations took 0 ms 
371471     DEBUG Test worker     d.u.i.k.n.KeyIO           MODE: 2nd degree decls took 0 
374693     INFO  Test worker     d.u.i.k.n.KeyIO           Parsing took 0 ms 
374693     DEBUG Test worker     d.u.i.k.n.KeyIO           Load declarations of de.uka.ilkd.key.nparser.KeyAst$File:  <unknown>:1#1 
374693     INFO  Test worker     d.u.i.k.n.KeyIO           MODE: declarations took 0 ms 
374693     DEBUG Test worker     d.u.i.k.n.KeyIO           MODE: 2nd degree decls took 0 
374693     INFO  Test worker     d.u.i.k.n.KeyIO           Parsing took 0 ms 
374693     DEBUG Test worker     d.u.i.k.n.KeyIO           Load declarations of de.uka.ilkd.key.nparser.KeyAst$File:  <unknown>:1#1 
374693     INFO  Test worker     d.u.i.k.n.KeyIO           MODE: declarations took 0 ms 
374693     DEBUG Test worker     d.u.i.k.n.KeyIO           MODE: 2nd degree decls took 0 
374693     INFO  Test worker     d.u.i.k.n.KeyIO           Parsing took 0 ms 
374693     DEBUG Test worker     d.u.i.k.n.KeyIO           Load declarations of de.uka.ilkd.key.nparser.KeyAst$File:  <unknown>:1#1 
374693     INFO  Test worker     d.u.i.k.n.KeyIO           MODE: declarations took 0 ms 
374693     DEBUG Test worker     d.u.i.k.n.KeyIO           MODE: 2nd degree decls took 0 
374693     INFO  Test worker     d.u.i.k.n.KeyIO           Parsing took 0 ms 
374693     DEBUG Test worker     d.u.i.k.n.KeyIO           Load declarations of de.uka.ilkd.key.nparser.KeyAst$File:  <unknown>:1#1 
374693     INFO  Test worker     d.u.i.k.n.KeyIO           MODE: declarations took 0 ms 
374693     DEBUG Test worker     d.u.i.k.n.KeyIO           MODE: 2nd degree decls took 0 
374693     INFO  Test worker     d.u.i.k.n.KeyIO           Parsing took 0 ms 
374693     DEBUG Test worker     d.u.i.k.n.KeyIO           Load declarations of de.uka.ilkd.key.nparser.KeyAst$File:  <unknown>:1#1 
374693     INFO  Test worker     d.u.i.k.n.KeyIO           MODE: declarations took 0 ms 
374693     DEBUG Test worker     d.u.i.k.n.KeyIO           MODE: 2nd degree decls took 0 
377789     INFO  Test worker     d.u.i.k.n.KeyIO           Parsing took 0 ms 
377789     DEBUG Test worker     d.u.i.k.n.KeyIO           Load declarations of de.uka.ilkd.key.nparser.KeyAst$File:  <unknown>:1#1 
377804     INFO  Test worker     d.u.i.k.n.KeyIO           MODE: declarations took 15 ms 
377804     DEBUG Test worker     d.u.i.k.n.KeyIO           MODE: 2nd degree decls took 0 
377804     INFO  Test worker     d.u.i.k.n.KeyIO           Parsing took 0 ms 
377804     DEBUG Test worker     d.u.i.k.n.KeyIO           Load declarations of de.uka.ilkd.key.nparser.KeyAst$File:  <unknown>:1#1 
377804     INFO  Test worker     d.u.i.k.n.KeyIO           MODE: declarations took 0 ms 
377804     DEBUG Test worker     d.u.i.k.n.KeyIO           MODE: 2nd degree decls took 0 
377804     INFO  Test worker     d.u.i.k.n.KeyIO           Parsing took 0 ms 
377804     DEBUG Test worker     d.u.i.k.n.KeyIO           Load declarations of de.uka.ilkd.key.nparser.KeyAst$File:  <unknown>:1#1 
377804     INFO  Test worker     d.u.i.k.n.KeyIO           MODE: declarations took 0 ms 
377804     DEBUG Test worker     d.u.i.k.n.KeyIO           MODE: 2nd degree decls took 0 
377804     INFO  Test worker     d.u.i.k.n.KeyIO           Parsing took 0 ms 
377804     DEBUG Test worker     d.u.i.k.n.KeyIO           Load declarations of de.uka.ilkd.key.nparser.KeyAst$File:  <unknown>:1#1 
377804     INFO  Test worker     d.u.i.k.n.KeyIO           MODE: declarations took 0 ms 
377804     DEBUG Test worker     d.u.i.k.n.KeyIO           MODE: 2nd degree decls took 0 
377804     INFO  Test worker     d.u.i.k.n.KeyIO           Parsing took 0 ms 
377804     DEBUG Test worker     d.u.i.k.n.KeyIO           Load declarations of de.uka.ilkd.key.nparser.KeyAst$File:  <unknown>:1#1 
377804     INFO  Test worker     d.u.i.k.n.KeyIO           MODE: declarations took 0 ms 
377804     DEBUG Test worker     d.u.i.k.n.KeyIO           MODE: 2nd degree decls took 0 
380977     INFO  Test worker     d.u.i.k.n.KeyIO           Parsing took 0 ms 
380977     DEBUG Test worker     d.u.i.k.n.KeyIO           Load declarations of de.uka.ilkd.key.nparser.KeyAst$File:  <unknown>:1#1 
380977     INFO  Test worker     d.u.i.k.n.KeyIO           MODE: declarations took 0 ms 
380977     DEBUG Test worker     d.u.i.k.n.KeyIO           MODE: 2nd degree decls took 0 
380977     INFO  Test worker     d.u.i.k.n.KeyIO           Parsing took 0 ms 
380977     DEBUG Test worker     d.u.i.k.n.KeyIO           Load declarations of de.uka.ilkd.key.nparser.KeyAst$File:  <unknown>:1#1 
380977     INFO  Test worker     d.u.i.k.n.KeyIO           MODE: declarations took 0 ms 
380977     DEBUG Test worker     d.u.i.k.n.KeyIO           MODE: 2nd degree decls took 0 
380977     INFO  Test worker     d.u.i.k.n.KeyIO           Parsing took 0 ms 
380977     DEBUG Test worker     d.u.i.k.n.KeyIO           Load declarations of de.uka.ilkd.key.nparser.KeyAst$File:  <unknown>:1#1 
380977     INFO  Test worker     d.u.i.k.n.KeyIO           MODE: declarations took 0 ms 
380977     DEBUG Test worker     d.u.i.k.n.KeyIO           MODE: 2nd degree decls took 0 
380977     INFO  Test worker     d.u.i.k.n.KeyIO           Parsing took 0 ms 
380977     DEBUG Test worker     d.u.i.k.n.KeyIO           Load declarations of de.uka.ilkd.key.nparser.KeyAst$File:  <unknown>:1#1 
380977     INFO  Test worker     d.u.i.k.n.KeyIO           MODE: declarations took 0 ms 
380977     DEBUG Test worker     d.u.i.k.n.KeyIO           MODE: 2nd degree decls took 0 
380977     INFO  Test worker     d.u.i.k.n.KeyIO           Parsing took 0 ms 
380977     DEBUG Test worker     d.u.i.k.n.KeyIO           Load declarations of de.uka.ilkd.key.nparser.KeyAst$File:  <unknown>:1#1 
380977     INFO  Test worker     d.u.i.k.n.KeyIO           MODE: declarations took 0 ms 
380977     DEBUG Test worker     d.u.i.k.n.KeyIO           MODE: 2nd degree decls took 0 
384229     INFO  Test worker     d.u.i.k.n.KeyIO           Parsing took 0 ms 
384229     DEBUG Test worker     d.u.i.k.n.KeyIO           Load declarations of de.uka.ilkd.key.nparser.KeyAst$File:  <unknown>:1#1 
384229     INFO  Test worker     d.u.i.k.n.KeyIO           MODE: declarations took 0 ms 
384229     DEBUG Test worker     d.u.i.k.n.KeyIO           MODE: 2nd degree decls took 0 
384229     INFO  Test worker     d.u.i.k.n.KeyIO           Parsing took 0 ms 
384229     DEBUG Test worker     d.u.i.k.n.KeyIO           Load declarations of de.uka.ilkd.key.nparser.KeyAst$File:  <unknown>:1#1 
384229     INFO  Test worker     d.u.i.k.n.KeyIO           MODE: declarations took 0 ms 
384229     DEBUG Test worker     d.u.i.k.n.KeyIO           MODE: 2nd degree decls took 0 
384229     INFO  Test worker     d.u.i.k.n.KeyIO           Parsing took 0 ms 
384229     DEBUG Test worker     d.u.i.k.n.KeyIO           Load declarations of de.uka.ilkd.key.nparser.KeyAst$File:  <unknown>:1#1 
384229     INFO  Test worker     d.u.i.k.n.KeyIO           MODE: declarations took 0 ms 
384229     DEBUG Test worker     d.u.i.k.n.KeyIO           MODE: 2nd degree decls took 0 
384229     INFO  Test worker     d.u.i.k.n.KeyIO           Parsing took 0 ms 
384229     DEBUG Test worker     d.u.i.k.n.KeyIO           Load declarations of de.uka.ilkd.key.nparser.KeyAst$File:  <unknown>:1#1 
384229     INFO  Test worker     d.u.i.k.n.KeyIO           MODE: declarations took 0 ms 
384229     DEBUG Test worker     d.u.i.k.n.KeyIO           MODE: 2nd degree decls took 0 
384229     INFO  Test worker     d.u.i.k.n.KeyIO           Parsing took 0 ms 
384229     DEBUG Test worker     d.u.i.k.n.KeyIO           Load declarations of de.uka.ilkd.key.nparser.KeyAst$File:  <unknown>:1#1 
384229     INFO  Test worker     d.u.i.k.n.KeyIO           MODE: declarations took 0 ms 
384229     DEBUG Test worker     d.u.i.k.n.KeyIO           MODE: 2nd degree decls took 0 
387687     INFO  Test worker     d.u.i.k.n.KeyIO           Parsing took 0 ms 
387687     DEBUG Test worker     d.u.i.k.n.KeyIO           Load declarations of de.uka.ilkd.key.nparser.KeyAst$File:  <unknown>:1#1 
387687     INFO  Test worker     d.u.i.k.n.KeyIO           MODE: declarations took 0 ms 
387687     DEBUG Test worker     d.u.i.k.n.KeyIO           MODE: 2nd degree decls took 0 
387687     INFO  Test worker     d.u.i.k.n.KeyIO           Parsing took 0 ms 
387687     DEBUG Test worker     d.u.i.k.n.KeyIO           Load declarations of de.uka.ilkd.key.nparser.KeyAst$File:  <unknown>:1#1 
387687     INFO  Test worker     d.u.i.k.n.KeyIO           MODE: declarations took 0 ms 
387687     DEBUG Test worker     d.u.i.k.n.KeyIO           MODE: 2nd degree decls took 0 
387687     INFO  Test worker     d.u.i.k.n.KeyIO           Parsing took 0 ms 
387687     DEBUG Test worker     d.u.i.k.n.KeyIO           Load declarations of de.uka.ilkd.key.nparser.KeyAst$File:  <unknown>:1#1 
387687     INFO  Test worker     d.u.i.k.n.KeyIO           MODE: declarations took 0 ms 
387687     DEBUG Test worker     d.u.i.k.n.KeyIO           MODE: 2nd degree decls took 0 
387687     INFO  Test worker     d.u.i.k.n.KeyIO           Parsing took 0 ms 
387687     DEBUG Test worker     d.u.i.k.n.KeyIO           Load declarations of de.uka.ilkd.key.nparser.KeyAst$File:  <unknown>:1#1 
387687     INFO  Test worker     d.u.i.k.n.KeyIO           MODE: declarations took 0 ms 
387687     DEBUG Test worker     d.u.i.k.n.KeyIO           MODE: 2nd degree decls took 0 
387687     INFO  Test worker     d.u.i.k.n.KeyIO           Parsing took 0 ms 
387687     DEBUG Test worker     d.u.i.k.n.KeyIO           Load declarations of de.uka.ilkd.key.nparser.KeyAst$File:  <unknown>:1#1 
387687     INFO  Test worker     d.u.i.k.n.KeyIO           MODE: declarations took 0 ms 
387687     DEBUG Test worker     d.u.i.k.n.KeyIO           MODE: 2nd degree decls took 0 
391098     INFO  Test worker     d.u.i.k.n.KeyIO           Parsing took 0 ms 
391098     DEBUG Test worker     d.u.i.k.n.KeyIO           Load declarations of de.uka.ilkd.key.nparser.KeyAst$File:  <unknown>:1#1 
391098     INFO  Test worker     d.u.i.k.n.KeyIO           MODE: declarations took 0 ms 
391098     DEBUG Test worker     d.u.i.k.n.KeyIO           MODE: 2nd degree decls took 0 
391098     INFO  Test worker     d.u.i.k.n.KeyIO           Parsing took 0 ms 
391098     DEBUG Test worker     d.u.i.k.n.KeyIO           Load declarations of de.uka.ilkd.key.nparser.KeyAst$File:  <unknown>:1#1 
391098     INFO  Test worker     d.u.i.k.n.KeyIO           MODE: declarations took 0 ms 
391098     DEBUG Test worker     d.u.i.k.n.KeyIO           MODE: 2nd degree decls took 0 
391098     INFO  Test worker     d.u.i.k.n.KeyIO           Parsing took 0 ms 
391098     DEBUG Test worker     d.u.i.k.n.KeyIO           Load declarations of de.uka.ilkd.key.nparser.KeyAst$File:  <unknown>:1#1 
391098     INFO  Test worker     d.u.i.k.n.KeyIO           MODE: declarations took 0 ms 
391098     DEBUG Test worker     d.u.i.k.n.KeyIO           MODE: 2nd degree decls took 0 
391098     INFO  Test worker     d.u.i.k.n.KeyIO           Parsing took 0 ms 
391098     DEBUG Test worker     d.u.i.k.n.KeyIO           Load declarations of de.uka.ilkd.key.nparser.KeyAst$File:  <unknown>:1#1 
391098     INFO  Test worker     d.u.i.k.n.KeyIO           MODE: declarations took 0 ms 
391098     DEBUG Test worker     d.u.i.k.n.KeyIO           MODE: 2nd degree decls took 0 
391098     INFO  Test worker     d.u.i.k.n.KeyIO           Parsing took 0 ms 
391098     DEBUG Test worker     d.u.i.k.n.KeyIO           Load declarations of de.uka.ilkd.key.nparser.KeyAst$File:  <unknown>:1#1 
391098     INFO  Test worker     d.u.i.k.n.KeyIO           MODE: declarations took 0 ms 
391098     DEBUG Test worker     d.u.i.k.n.KeyIO           MODE: 2nd degree decls took 0 
394396     INFO  Test worker     d.u.i.k.n.KeyIO           Parsing took 0 ms 
394396     DEBUG Test worker     d.u.i.k.n.KeyIO           Load declarations of de.uka.ilkd.key.nparser.KeyAst$File:  <unknown>:1#1 
394396     INFO  Test worker     d.u.i.k.n.KeyIO           MODE: declarations took 0 ms 
394396     DEBUG Test worker     d.u.i.k.n.KeyIO           MODE: 2nd degree decls took 0 
394396     INFO  Test worker     d.u.i.k.n.KeyIO           Parsing took 0 ms 
394396     DEBUG Test worker     d.u.i.k.n.KeyIO           Load declarations of de.uka.ilkd.key.nparser.KeyAst$File:  <unknown>:1#1 
394396     INFO  Test worker     d.u.i.k.n.KeyIO           MODE: declarations took 0 ms 
394396     DEBUG Test worker     d.u.i.k.n.KeyIO           MODE: 2nd degree decls took 0 
394396     INFO  Test worker     d.u.i.k.n.KeyIO           Parsing took 0 ms 
394396     DEBUG Test worker     d.u.i.k.n.KeyIO           Load declarations of de.uka.ilkd.key.nparser.KeyAst$File:  <unknown>:1#1 
394396     INFO  Test worker     d.u.i.k.n.KeyIO           MODE: declarations took 0 ms 
394396     DEBUG Test worker     d.u.i.k.n.KeyIO           MODE: 2nd degree decls took 0 
394396     INFO  Test worker     d.u.i.k.n.KeyIO           Parsing took 0 ms 
394396     DEBUG Test worker     d.u.i.k.n.KeyIO           Load declarations of de.uka.ilkd.key.nparser.KeyAst$File:  <unknown>:1#1 
394396     INFO  Test worker     d.u.i.k.n.KeyIO           MODE: declarations took 0 ms 
394396     DEBUG Test worker     d.u.i.k.n.KeyIO           MODE: 2nd degree decls took 0 
394396     INFO  Test worker     d.u.i.k.n.KeyIO           Parsing took 0 ms 
394396     DEBUG Test worker     d.u.i.k.n.KeyIO           Load declarations of de.uka.ilkd.key.nparser.KeyAst$File:  <unknown>:1#1 
394411     INFO  Test worker     d.u.i.k.n.KeyIO           MODE: declarations took 15 ms 
394411     DEBUG Test worker     d.u.i.k.n.KeyIO           MODE: 2nd degree decls took 0 
397867     INFO  Test worker     d.u.i.k.n.KeyIO           Parsing took 0 ms 
397867     DEBUG Test worker     d.u.i.k.n.KeyIO           Load declarations of de.uka.ilkd.key.nparser.KeyAst$File:  <unknown>:1#1 
397867     INFO  Test worker     d.u.i.k.n.KeyIO           MODE: declarations took 0 ms 
397867     DEBUG Test worker     d.u.i.k.n.KeyIO           MODE: 2nd degree decls took 0 
397867     INFO  Test worker     d.u.i.k.n.KeyIO           Parsing took 0 ms 
397867     DEBUG Test worker     d.u.i.k.n.KeyIO           Load declarations of de.uka.ilkd.key.nparser.KeyAst$File:  <unknown>:1#1 
397867     INFO  Test worker     d.u.i.k.n.KeyIO           MODE: declarations took 0 ms 
397867     DEBUG Test worker     d.u.i.k.n.KeyIO           MODE: 2nd degree decls took 0 
397867     INFO  Test worker     d.u.i.k.n.KeyIO           Parsing took 0 ms 
397867     DEBUG Test worker     d.u.i.k.n.KeyIO           Load declarations of de.uka.ilkd.key.nparser.KeyAst$File:  <unknown>:1#1 
397867     INFO  Test worker     d.u.i.k.n.KeyIO           MODE: declarations took 0 ms 
397867     DEBUG Test worker     d.u.i.k.n.KeyIO           MODE: 2nd degree decls took 0 
397867     INFO  Test worker     d.u.i.k.n.KeyIO           Parsing took 0 ms 
397867     DEBUG Test worker     d.u.i.k.n.KeyIO           Load declarations of de.uka.ilkd.key.nparser.KeyAst$File:  <unknown>:1#1 
397867     INFO  Test worker     d.u.i.k.n.KeyIO           MODE: declarations took 0 ms 
397867     DEBUG Test worker     d.u.i.k.n.KeyIO           MODE: 2nd degree decls took 0 
397867     INFO  Test worker     d.u.i.k.n.KeyIO           Parsing took 0 ms 
397867     DEBUG Test worker     d.u.i.k.n.KeyIO           Load declarations of de.uka.ilkd.key.nparser.KeyAst$File:  <unknown>:1#1 
397867     INFO  Test worker     d.u.i.k.n.KeyIO           MODE: declarations took 0 ms 
397867     DEBUG Test worker     d.u.i.k.n.KeyIO           MODE: 2nd degree decls took 0 
401416     INFO  Test worker     d.u.i.k.n.KeyIO           Parsing took 0 ms 
401416     DEBUG Test worker     d.u.i.k.n.KeyIO           Load declarations of de.uka.ilkd.key.nparser.KeyAst$File:  <unknown>:1#1 
401416     INFO  Test worker     d.u.i.k.n.KeyIO           MODE: declarations took 0 ms 
401416     DEBUG Test worker     d.u.i.k.n.KeyIO           MODE: 2nd degree decls took 0 
401416     INFO  Test worker     d.u.i.k.n.KeyIO           Parsing took 0 ms 
401416     DEBUG Test worker     d.u.i.k.n.KeyIO           Load declarations of de.uka.ilkd.key.nparser.KeyAst$File:  <unknown>:1#1 
401416     INFO  Test worker     d.u.i.k.n.KeyIO           MODE: declarations took 0 ms 
401416     DEBUG Test worker     d.u.i.k.n.KeyIO           MODE: 2nd degree decls took 0 
401416     INFO  Test worker     d.u.i.k.n.KeyIO           Parsing took 0 ms 
401416     DEBUG Test worker     d.u.i.k.n.KeyIO           Load declarations of de.uka.ilkd.key.nparser.KeyAst$File:  <unknown>:1#1 
401416     INFO  Test worker     d.u.i.k.n.KeyIO           MODE: declarations took 0 ms 
401416     DEBUG Test worker     d.u.i.k.n.KeyIO           MODE: 2nd degree decls took 0 
401416     INFO  Test worker     d.u.i.k.n.KeyIO           Parsing took 0 ms 
401416     DEBUG Test worker     d.u.i.k.n.KeyIO           Load declarations of de.uka.ilkd.key.nparser.KeyAst$File:  <unknown>:1#1 
401416     INFO  Test worker     d.u.i.k.n.KeyIO           MODE: declarations took 0 ms 
401416     DEBUG Test worker     d.u.i.k.n.KeyIO           MODE: 2nd degree decls took 0 
401416     INFO  Test worker     d.u.i.k.n.KeyIO           Parsing took 0 ms 
401416     DEBUG Test worker     d.u.i.k.n.KeyIO           Load declarations of de.uka.ilkd.key.nparser.KeyAst$File:  <unknown>:1#1 
401431     INFO  Test worker     d.u.i.k.n.KeyIO           MODE: declarations took 15 ms 
401431     DEBUG Test worker     d.u.i.k.n.KeyIO           MODE: 2nd degree decls took 0 
404920     INFO  Test worker     d.u.i.k.n.KeyIO           Parsing took 0 ms 
404920     DEBUG Test worker     d.u.i.k.n.KeyIO           Load declarations of de.uka.ilkd.key.nparser.KeyAst$File:  <unknown>:1#1 
404920     INFO  Test worker     d.u.i.k.n.KeyIO           MODE: declarations took 0 ms 
404920     DEBUG Test worker     d.u.i.k.n.KeyIO           MODE: 2nd degree decls took 0 
404920     INFO  Test worker     d.u.i.k.n.KeyIO           Parsing took 0 ms 
404920     DEBUG Test worker     d.u.i.k.n.KeyIO           Load declarations of de.uka.ilkd.key.nparser.KeyAst$File:  <unknown>:1#1 
404920     INFO  Test worker     d.u.i.k.n.KeyIO           MODE: declarations took 0 ms 
404920     DEBUG Test worker     d.u.i.k.n.KeyIO           MODE: 2nd degree decls took 0 
404920     INFO  Test worker     d.u.i.k.n.KeyIO           Parsing took 0 ms 
404920     DEBUG Test worker     d.u.i.k.n.KeyIO           Load declarations of de.uka.ilkd.key.nparser.KeyAst$File:  <unknown>:1#1 
404920     INFO  Test worker     d.u.i.k.n.KeyIO           MODE: declarations took 0 ms 
404920     DEBUG Test worker     d.u.i.k.n.KeyIO           MODE: 2nd degree decls took 0 
404920     INFO  Test worker     d.u.i.k.n.KeyIO           Parsing took 0 ms 
404920     DEBUG Test worker     d.u.i.k.n.KeyIO           Load declarations of de.uka.ilkd.key.nparser.KeyAst$File:  <unknown>:1#1 
404920     INFO  Test worker     d.u.i.k.n.KeyIO           MODE: declarations took 0 ms 
404920     DEBUG Test worker     d.u.i.k.n.KeyIO           MODE: 2nd degree decls took 0 
404936     INFO  Test worker     d.u.i.k.n.KeyIO           Parsing took 0 ms 
404936     DEBUG Test worker     d.u.i.k.n.KeyIO           Load declarations of de.uka.ilkd.key.nparser.KeyAst$File:  <unknown>:1#1 
404936     INFO  Test worker     d.u.i.k.n.KeyIO           MODE: declarations took 0 ms 
404936     DEBUG Test worker     d.u.i.k.n.KeyIO           MODE: 2nd degree decls took 0 
408312     INFO  Test worker     d.u.i.k.n.KeyIO           Parsing took 0 ms 
408312     DEBUG Test worker     d.u.i.k.n.KeyIO           Load declarations of de.uka.ilkd.key.nparser.KeyAst$File:  <unknown>:1#1 
408312     INFO  Test worker     d.u.i.k.n.KeyIO           MODE: declarations took 0 ms 
408312     DEBUG Test worker     d.u.i.k.n.KeyIO           MODE: 2nd degree decls took 0 
408312     INFO  Test worker     d.u.i.k.n.KeyIO           Parsing took 0 ms 
408312     DEBUG Test worker     d.u.i.k.n.KeyIO           Load declarations of de.uka.ilkd.key.nparser.KeyAst$File:  <unknown>:1#1 
408312     INFO  Test worker     d.u.i.k.n.KeyIO           MODE: declarations took 0 ms 
408312     DEBUG Test worker     d.u.i.k.n.KeyIO           MODE: 2nd degree decls took 0 
408312     INFO  Test worker     d.u.i.k.n.KeyIO           Parsing took 0 ms 
408312     DEBUG Test worker     d.u.i.k.n.KeyIO           Load declarations of de.uka.ilkd.key.nparser.KeyAst$File:  <unknown>:1#1 
408312     INFO  Test worker     d.u.i.k.n.KeyIO           MODE: declarations took 0 ms 
408312     DEBUG Test worker     d.u.i.k.n.KeyIO           MODE: 2nd degree decls took 0 
408312     INFO  Test worker     d.u.i.k.n.KeyIO           Parsing took 0 ms 
408312     DEBUG Test worker     d.u.i.k.n.KeyIO           Load declarations of de.uka.ilkd.key.nparser.KeyAst$File:  <unknown>:1#1 
408312     INFO  Test worker     d.u.i.k.n.KeyIO           MODE: declarations took 0 ms 
408312     DEBUG Test worker     d.u.i.k.n.KeyIO           MODE: 2nd degree decls took 0 
408312     INFO  Test worker     d.u.i.k.n.KeyIO           Parsing took 0 ms 
408312     DEBUG Test worker     d.u.i.k.n.KeyIO           Load declarations of de.uka.ilkd.key.nparser.KeyAst$File:  <unknown>:1#1 
408312     INFO  Test worker     d.u.i.k.n.KeyIO           MODE: declarations took 0 ms 
408312     DEBUG Test worker     d.u.i.k.n.KeyIO           MODE: 2nd degree decls took 0 
408312     WARN  Test worker     d.u.i.k.n.KeYParser       [syntax-error] <unknown>:1:11: mismatched input '@' expecting {'/', ':=', '.', '(', ')', '{', '[', '@', PARALLEL, OR, AND, IMP, '=', NOT_EQUALS, '%', '*', '-', '+', '>', GREATEREQUAL, '<', LESSEQUAL, LGUILLEMETS, EQV} [@11,11:11='@',<153>,1:11] (termEOF) 
411704     INFO  Test worker     d.u.i.k.n.KeyIO           Parsing took 0 ms 
411704     DEBUG Test worker     d.u.i.k.n.KeyIO           Load declarations of de.uka.ilkd.key.nparser.KeyAst$File:  <unknown>:1#1 
411704     INFO  Test worker     d.u.i.k.n.KeyIO           MODE: declarations took 0 ms 
411720     DEBUG Test worker     d.u.i.k.n.KeyIO           MODE: 2nd degree decls took 0 
411720     INFO  Test worker     d.u.i.k.n.KeyIO           Parsing took 0 ms 
411720     DEBUG Test worker     d.u.i.k.n.KeyIO           Load declarations of de.uka.ilkd.key.nparser.KeyAst$File:  <unknown>:1#1 
411720     INFO  Test worker     d.u.i.k.n.KeyIO           MODE: declarations took 0 ms 
411720     DEBUG Test worker     d.u.i.k.n.KeyIO           MODE: 2nd degree decls took 0 
411720     INFO  Test worker     d.u.i.k.n.KeyIO           Parsing took 0 ms 
411720     DEBUG Test worker     d.u.i.k.n.KeyIO           Load declarations of de.uka.ilkd.key.nparser.KeyAst$File:  <unknown>:1#1 
411720     INFO  Test worker     d.u.i.k.n.KeyIO           MODE: declarations took 0 ms 
411720     DEBUG Test worker     d.u.i.k.n.KeyIO           MODE: 2nd degree decls took 0 
411720     INFO  Test worker     d.u.i.k.n.KeyIO           Parsing took 0 ms 
411720     DEBUG Test worker     d.u.i.k.n.KeyIO           Load declarations of de.uka.ilkd.key.nparser.KeyAst$File:  <unknown>:1#1 
411720     INFO  Test worker     d.u.i.k.n.KeyIO           MODE: declarations took 0 ms 
411720     DEBUG Test worker     d.u.i.k.n.KeyIO           MODE: 2nd degree decls took 0 
411720     INFO  Test worker     d.u.i.k.n.KeyIO           Parsing took 0 ms 
411720     DEBUG Test worker     d.u.i.k.n.KeyIO           Load declarations of de.uka.ilkd.key.nparser.KeyAst$File:  <unknown>:1#1 
411720     INFO  Test worker     d.u.i.k.n.KeyIO           MODE: declarations took 0 ms 
411720     DEBUG Test worker     d.u.i.k.n.KeyIO           MODE: 2nd degree decls took 0 
415270     INFO  Test worker     d.u.i.k.n.KeyIO           Parsing took 0 ms 
415270     DEBUG Test worker     d.u.i.k.n.KeyIO           Load declarations of de.uka.ilkd.key.nparser.KeyAst$File:  <unknown>:1#1 
415270     INFO  Test worker     d.u.i.k.n.KeyIO           MODE: declarations took 0 ms 
415270     DEBUG Test worker     d.u.i.k.n.KeyIO           MODE: 2nd degree decls took 0 
415270     INFO  Test worker     d.u.i.k.n.KeyIO           Parsing took 0 ms 
415270     DEBUG Test worker     d.u.i.k.n.KeyIO           Load declarations of de.uka.ilkd.key.nparser.KeyAst$File:  <unknown>:1#1 
415270     INFO  Test worker     d.u.i.k.n.KeyIO           MODE: declarations took 0 ms 
415270     DEBUG Test worker     d.u.i.k.n.KeyIO           MODE: 2nd degree decls took 0 
415270     INFO  Test worker     d.u.i.k.n.KeyIO           Parsing took 0 ms 
415270     DEBUG Test worker     d.u.i.k.n.KeyIO           Load declarations of de.uka.ilkd.key.nparser.KeyAst$File:  <unknown>:1#1 
415270     INFO  Test worker     d.u.i.k.n.KeyIO           MODE: declarations took 0 ms 
415270     DEBUG Test worker     d.u.i.k.n.KeyIO           MODE: 2nd degree decls took 0 
415270     INFO  Test worker     d.u.i.k.n.KeyIO           Parsing took 0 ms 
415270     DEBUG Test worker     d.u.i.k.n.KeyIO           Load declarations of de.uka.ilkd.key.nparser.KeyAst$File:  <unknown>:1#1 
415270     INFO  Test worker     d.u.i.k.n.KeyIO           MODE: declarations took 0 ms 
415270     DEBUG Test worker     d.u.i.k.n.KeyIO           MODE: 2nd degree decls took 0 
415270     INFO  Test worker     d.u.i.k.n.KeyIO           Parsing took 0 ms 
415270     DEBUG Test worker     d.u.i.k.n.KeyIO           Load declarations of de.uka.ilkd.key.nparser.KeyAst$File:  <unknown>:1#1 
415270     INFO  Test worker     d.u.i.k.n.KeyIO           MODE: declarations took 0 ms 
415270     DEBUG Test worker     d.u.i.k.n.KeyIO           MODE: 2nd degree decls took 0 
418803     INFO  Test worker     d.u.i.k.n.KeyIO           Parsing took 0 ms 
418803     DEBUG Test worker     d.u.i.k.n.KeyIO           Load declarations of de.uka.ilkd.key.nparser.KeyAst$File:  <unknown>:1#1 
418803     INFO  Test worker     d.u.i.k.n.KeyIO           MODE: declarations took 0 ms 
418803     DEBUG Test worker     d.u.i.k.n.KeyIO           MODE: 2nd degree decls took 0 
418803     INFO  Test worker     d.u.i.k.n.KeyIO           Parsing took 0 ms 
418803     DEBUG Test worker     d.u.i.k.n.KeyIO           Load declarations of de.uka.ilkd.key.nparser.KeyAst$File:  <unknown>:1#1 
418803     INFO  Test worker     d.u.i.k.n.KeyIO           MODE: declarations took 0 ms 
418803     DEBUG Test worker     d.u.i.k.n.KeyIO           MODE: 2nd degree decls took 0 
418803     INFO  Test worker     d.u.i.k.n.KeyIO           Parsing took 0 ms 
418803     DEBUG Test worker     d.u.i.k.n.KeyIO           Load declarations of de.uka.ilkd.key.nparser.KeyAst$File:  <unknown>:1#1 
418803     INFO  Test worker     d.u.i.k.n.KeyIO           MODE: declarations took 0 ms 
418803     DEBUG Test worker     d.u.i.k.n.KeyIO           MODE: 2nd degree decls took 0 
418803     INFO  Test worker     d.u.i.k.n.KeyIO           Parsing took 0 ms 
418803     DEBUG Test worker     d.u.i.k.n.KeyIO           Load declarations of de.uka.ilkd.key.nparser.KeyAst$File:  <unknown>:1#1 
418803     INFO  Test worker     d.u.i.k.n.KeyIO           MODE: declarations took 0 ms 
418803     DEBUG Test worker     d.u.i.k.n.KeyIO           MODE: 2nd degree decls took 0 
418803     INFO  Test worker     d.u.i.k.n.KeyIO           Parsing took 0 ms 
418803     DEBUG Test worker     d.u.i.k.n.KeyIO           Load declarations of de.uka.ilkd.key.nparser.KeyAst$File:  <unknown>:1#1 
418803     INFO  Test worker     d.u.i.k.n.KeyIO           MODE: declarations took 0 ms 
418803     DEBUG Test worker     d.u.i.k.n.KeyIO           MODE: 2nd degree decls took 0 
422289     INFO  Test worker     d.u.i.k.n.KeyIO           Parsing took 0 ms 
422289     DEBUG Test worker     d.u.i.k.n.KeyIO           Load declarations of de.uka.ilkd.key.nparser.KeyAst$File:  <unknown>:1#1 
422289     INFO  Test worker     d.u.i.k.n.KeyIO           MODE: declarations took 0 ms 
422289     DEBUG Test worker     d.u.i.k.n.KeyIO           MODE: 2nd degree decls took 0 
422289     INFO  Test worker     d.u.i.k.n.KeyIO           Parsing took 0 ms 
422289     DEBUG Test worker     d.u.i.k.n.KeyIO           Load declarations of de.uka.ilkd.key.nparser.KeyAst$File:  <unknown>:1#1 
422289     INFO  Test worker     d.u.i.k.n.KeyIO           MODE: declarations took 0 ms 
422289     DEBUG Test worker     d.u.i.k.n.KeyIO           MODE: 2nd degree decls took 0 
422289     INFO  Test worker     d.u.i.k.n.KeyIO           Parsing took 0 ms 
422289     DEBUG Test worker     d.u.i.k.n.KeyIO           Load declarations of de.uka.ilkd.key.nparser.KeyAst$File:  <unknown>:1#1 
422289     INFO  Test worker     d.u.i.k.n.KeyIO           MODE: declarations took 0 ms 
422289     DEBUG Test worker     d.u.i.k.n.KeyIO           MODE: 2nd degree decls took 0 
422289     INFO  Test worker     d.u.i.k.n.KeyIO           Parsing took 0 ms 
422304     DEBUG Test worker     d.u.i.k.n.KeyIO           Load declarations of de.uka.ilkd.key.nparser.KeyAst$File:  <unknown>:1#1 
422304     INFO  Test worker     d.u.i.k.n.KeyIO           MODE: declarations took 0 ms 
422304     DEBUG Test worker     d.u.i.k.n.KeyIO           MODE: 2nd degree decls took 0 
422304     INFO  Test worker     d.u.i.k.n.KeyIO           Parsing took 0 ms 
422304     DEBUG Test worker     d.u.i.k.n.KeyIO           Load declarations of de.uka.ilkd.key.nparser.KeyAst$File:  <unknown>:1#1 
422304     INFO  Test worker     d.u.i.k.n.KeyIO           MODE: declarations took 0 ms 
422304     DEBUG Test worker     d.u.i.k.n.KeyIO           MODE: 2nd degree decls took 0 
425728     INFO  Test worker     d.u.i.k.n.KeyIO           Parsing took 0 ms 
425728     DEBUG Test worker     d.u.i.k.n.KeyIO           Load declarations of de.uka.ilkd.key.nparser.KeyAst$File:  <unknown>:1#1 
425744     INFO  Test worker     d.u.i.k.n.KeyIO           MODE: declarations took 16 ms 
425744     DEBUG Test worker     d.u.i.k.n.KeyIO           MODE: 2nd degree decls took 0 
425744     INFO  Test worker     d.u.i.k.n.KeyIO           Parsing took 0 ms 
425744     DEBUG Test worker     d.u.i.k.n.KeyIO           Load declarations of de.uka.ilkd.key.nparser.KeyAst$File:  <unknown>:1#1 
425744     INFO  Test worker     d.u.i.k.n.KeyIO           MODE: declarations took 0 ms 
425744     DEBUG Test worker     d.u.i.k.n.KeyIO           MODE: 2nd degree decls took 0 
425744     INFO  Test worker     d.u.i.k.n.KeyIO           Parsing took 0 ms 
425744     DEBUG Test worker     d.u.i.k.n.KeyIO           Load declarations of de.uka.ilkd.key.nparser.KeyAst$File:  <unknown>:1#1 
425744     INFO  Test worker     d.u.i.k.n.KeyIO           MODE: declarations took 0 ms 
425744     DEBUG Test worker     d.u.i.k.n.KeyIO           MODE: 2nd degree decls took 0 
425744     INFO  Test worker     d.u.i.k.n.KeyIO           Parsing took 0 ms 
425744     DEBUG Test worker     d.u.i.k.n.KeyIO           Load declarations of de.uka.ilkd.key.nparser.KeyAst$File:  <unknown>:1#1 
425744     INFO  Test worker     d.u.i.k.n.KeyIO           MODE: declarations took 0 ms 
425744     DEBUG Test worker     d.u.i.k.n.KeyIO           MODE: 2nd degree decls took 0 
425744     INFO  Test worker     d.u.i.k.n.KeyIO           Parsing took 0 ms 
425744     DEBUG Test worker     d.u.i.k.n.KeyIO           Load declarations of de.uka.ilkd.key.nparser.KeyAst$File:  <unknown>:1#1 
425744     INFO  Test worker     d.u.i.k.n.KeyIO           MODE: declarations took 0 ms 
425744     DEBUG Test worker     d.u.i.k.n.KeyIO           MODE: 2nd degree decls took 0 
429122     INFO  Test worker     d.u.i.k.n.KeyIO           Parsing took 0 ms 
429122     DEBUG Test worker     d.u.i.k.n.KeyIO           Load declarations of de.uka.ilkd.key.nparser.KeyAst$File:  <unknown>:1#1 
429122     INFO  Test worker     d.u.i.k.n.KeyIO           MODE: declarations took 0 ms 
429122     DEBUG Test worker     d.u.i.k.n.KeyIO           MODE: 2nd degree decls took 0 
429122     INFO  Test worker     d.u.i.k.n.KeyIO           Parsing took 0 ms 
429122     DEBUG Test worker     d.u.i.k.n.KeyIO           Load declarations of de.uka.ilkd.key.nparser.KeyAst$File:  <unknown>:1#1 
429122     INFO  Test worker     d.u.i.k.n.KeyIO           MODE: declarations took 0 ms 
429122     DEBUG Test worker     d.u.i.k.n.KeyIO           MODE: 2nd degree decls took 0 
429122     INFO  Test worker     d.u.i.k.n.KeyIO           Parsing took 0 ms 
429122     DEBUG Test worker     d.u.i.k.n.KeyIO           Load declarations of de.uka.ilkd.key.nparser.KeyAst$File:  <unknown>:1#1 
429122     INFO  Test worker     d.u.i.k.n.KeyIO           MODE: declarations took 0 ms 
429122     DEBUG Test worker     d.u.i.k.n.KeyIO           MODE: 2nd degree decls took 0 
429122     INFO  Test worker     d.u.i.k.n.KeyIO           Parsing took 0 ms 
429122     DEBUG Test worker     d.u.i.k.n.KeyIO           Load declarations of de.uka.ilkd.key.nparser.KeyAst$File:  <unknown>:1#1 
429122     INFO  Test worker     d.u.i.k.n.KeyIO           MODE: declarations took 0 ms 
429137     DEBUG Test worker     d.u.i.k.n.KeyIO           MODE: 2nd degree decls took 0 
429137     INFO  Test worker     d.u.i.k.n.KeyIO           Parsing took 0 ms 
429137     DEBUG Test worker     d.u.i.k.n.KeyIO           Load declarations of de.uka.ilkd.key.nparser.KeyAst$File:  <unknown>:1#1 
429137     INFO  Test worker     d.u.i.k.n.KeyIO           MODE: declarations took 0 ms 
429137     DEBUG Test worker     d.u.i.k.n.KeyIO           MODE: 2nd degree decls took 0 
432811     INFO  Test worker     d.u.i.k.n.KeyIO           Parsing took 0 ms 
432811     DEBUG Test worker     d.u.i.k.n.KeyIO           Load declarations of de.uka.ilkd.key.nparser.KeyAst$File:  <unknown>:1#1 
432811     INFO  Test worker     d.u.i.k.n.KeyIO           MODE: declarations took 0 ms 
432811     DEBUG Test worker     d.u.i.k.n.KeyIO           MODE: 2nd degree decls took 0 
432811     INFO  Test worker     d.u.i.k.n.KeyIO           Parsing took 0 ms 
432811     DEBUG Test worker     d.u.i.k.n.KeyIO           Load declarations of de.uka.ilkd.key.nparser.KeyAst$File:  <unknown>:1#1 
432811     INFO  Test worker     d.u.i.k.n.KeyIO           MODE: declarations took 0 ms 
432811     DEBUG Test worker     d.u.i.k.n.KeyIO           MODE: 2nd degree decls took 0 
432811     INFO  Test worker     d.u.i.k.n.KeyIO           Parsing took 0 ms 
432811     DEBUG Test worker     d.u.i.k.n.KeyIO           Load declarations of de.uka.ilkd.key.nparser.KeyAst$File:  <unknown>:1#1 
432811     INFO  Test worker     d.u.i.k.n.KeyIO           MODE: declarations took 0 ms 
432811     DEBUG Test worker     d.u.i.k.n.KeyIO           MODE: 2nd degree decls took 0 
432811     INFO  Test worker     d.u.i.k.n.KeyIO           Parsing took 0 ms 
432811     DEBUG Test worker     d.u.i.k.n.KeyIO           Load declarations of de.uka.ilkd.key.nparser.KeyAst$File:  <unknown>:1#1 
432811     INFO  Test worker     d.u.i.k.n.KeyIO           MODE: declarations took 0 ms 
432811     DEBUG Test worker     d.u.i.k.n.KeyIO           MODE: 2nd degree decls took 0 
432811     INFO  Test worker     d.u.i.k.n.KeyIO           Parsing took 0 ms 
432811     DEBUG Test worker     d.u.i.k.n.KeyIO           Load declarations of de.uka.ilkd.key.nparser.KeyAst$File:  <unknown>:1#1 
432811     INFO  Test worker     d.u.i.k.n.KeyIO           MODE: declarations took 0 ms 
432811     DEBUG Test worker     d.u.i.k.n.KeyIO           MODE: 2nd degree decls took 0 
436454     INFO  Test worker     d.u.i.k.n.KeyIO           Parsing took 0 ms 
436454     DEBUG Test worker     d.u.i.k.n.KeyIO           Load declarations of de.uka.ilkd.key.nparser.KeyAst$File:  <unknown>:1#1 
436454     INFO  Test worker     d.u.i.k.n.KeyIO           MODE: declarations took 0 ms 
436454     DEBUG Test worker     d.u.i.k.n.KeyIO           MODE: 2nd degree decls took 0 
436454     INFO  Test worker     d.u.i.k.n.KeyIO           Parsing took 0 ms 
436454     DEBUG Test worker     d.u.i.k.n.KeyIO           Load declarations of de.uka.ilkd.key.nparser.KeyAst$File:  <unknown>:1#1 
436454     INFO  Test worker     d.u.i.k.n.KeyIO           MODE: declarations took 0 ms 
436454     DEBUG Test worker     d.u.i.k.n.KeyIO           MODE: 2nd degree decls took 0 
436454     INFO  Test worker     d.u.i.k.n.KeyIO           Parsing took 0 ms 
436454     DEBUG Test worker     d.u.i.k.n.KeyIO           Load declarations of de.uka.ilkd.key.nparser.KeyAst$File:  <unknown>:1#1 
436454     INFO  Test worker     d.u.i.k.n.KeyIO           MODE: declarations took 0 ms 
436454     DEBUG Test worker     d.u.i.k.n.KeyIO           MODE: 2nd degree decls took 0 
436454     INFO  Test worker     d.u.i.k.n.KeyIO           Parsing took 0 ms 
436454     DEBUG Test worker     d.u.i.k.n.KeyIO           Load declarations of de.uka.ilkd.key.nparser.KeyAst$File:  <unknown>:1#1 
436454     INFO  Test worker     d.u.i.k.n.KeyIO           MODE: declarations took 0 ms 
436454     DEBUG Test worker     d.u.i.k.n.KeyIO           MODE: 2nd degree decls took 0 
436454     INFO  Test worker     d.u.i.k.n.KeyIO           Parsing took 0 ms 
436454     DEBUG Test worker     d.u.i.k.n.KeyIO           Load declarations of de.uka.ilkd.key.nparser.KeyAst$File:  <unknown>:1#1 
436454     INFO  Test worker     d.u.i.k.n.KeyIO           MODE: declarations took 0 ms 
436454     DEBUG Test worker     d.u.i.k.n.KeyIO           MODE: 2nd degree decls took 0 
440052     INFO  Test worker     d.u.i.k.n.KeyIO           Parsing took 0 ms 
440052     DEBUG Test worker     d.u.i.k.n.KeyIO           Load declarations of de.uka.ilkd.key.nparser.KeyAst$File:  <unknown>:1#1 
440052     INFO  Test worker     d.u.i.k.n.KeyIO           MODE: declarations took 0 ms 
440052     DEBUG Test worker     d.u.i.k.n.KeyIO           MODE: 2nd degree decls took 0 
440052     INFO  Test worker     d.u.i.k.n.KeyIO           Parsing took 0 ms 
440052     DEBUG Test worker     d.u.i.k.n.KeyIO           Load declarations of de.uka.ilkd.key.nparser.KeyAst$File:  <unknown>:1#1 
440052     INFO  Test worker     d.u.i.k.n.KeyIO           MODE: declarations took 0 ms 
440052     DEBUG Test worker     d.u.i.k.n.KeyIO           MODE: 2nd degree decls took 0 
440052     INFO  Test worker     d.u.i.k.n.KeyIO           Parsing took 0 ms 
440052     DEBUG Test worker     d.u.i.k.n.KeyIO           Load declarations of de.uka.ilkd.key.nparser.KeyAst$File:  <unknown>:1#1 
440052     INFO  Test worker     d.u.i.k.n.KeyIO           MODE: declarations took 0 ms 
440052     DEBUG Test worker     d.u.i.k.n.KeyIO           MODE: 2nd degree decls took 0 
440052     INFO  Test worker     d.u.i.k.n.KeyIO           Parsing took 0 ms 
440052     DEBUG Test worker     d.u.i.k.n.KeyIO           Load declarations of de.uka.ilkd.key.nparser.KeyAst$File:  <unknown>:1#1 
440052     INFO  Test worker     d.u.i.k.n.KeyIO           MODE: declarations took 0 ms 
440052     DEBUG Test worker     d.u.i.k.n.KeyIO           MODE: 2nd degree decls took 0 
440052     INFO  Test worker     d.u.i.k.n.KeyIO           Parsing took 0 ms 
440052     DEBUG Test worker     d.u.i.k.n.KeyIO           Load declarations of de.uka.ilkd.key.nparser.KeyAst$File:  <unknown>:1#1 
440052     INFO  Test worker     d.u.i.k.n.KeyIO           MODE: declarations took 0 ms 
440052     DEBUG Test worker     d.u.i.k.n.KeyIO           MODE: 2nd degree decls took 0 
443507     INFO  Test worker     d.u.i.k.n.KeyIO           Parsing took 0 ms 
443507     DEBUG Test worker     d.u.i.k.n.KeyIO           Load declarations of de.uka.ilkd.key.nparser.KeyAst$File:  <unknown>:1#1 
443507     INFO  Test worker     d.u.i.k.n.KeyIO           MODE: declarations took 0 ms 
443507     DEBUG Test worker     d.u.i.k.n.KeyIO           MODE: 2nd degree decls took 0 
443507     INFO  Test worker     d.u.i.k.n.KeyIO           Parsing took 0 ms 
443507     DEBUG Test worker     d.u.i.k.n.KeyIO           Load declarations of de.uka.ilkd.key.nparser.KeyAst$File:  <unknown>:1#1 
443507     INFO  Test worker     d.u.i.k.n.KeyIO           MODE: declarations took 0 ms 
443507     DEBUG Test worker     d.u.i.k.n.KeyIO           MODE: 2nd degree decls took 0 
443507     INFO  Test worker     d.u.i.k.n.KeyIO           Parsing took 0 ms 
443507     DEBUG Test worker     d.u.i.k.n.KeyIO           Load declarations of de.uka.ilkd.key.nparser.KeyAst$File:  <unknown>:1#1 
443507     INFO  Test worker     d.u.i.k.n.KeyIO           MODE: declarations took 0 ms 
443507     DEBUG Test worker     d.u.i.k.n.KeyIO           MODE: 2nd degree decls took 0 
443507     INFO  Test worker     d.u.i.k.n.KeyIO           Parsing took 0 ms 
443507     DEBUG Test worker     d.u.i.k.n.KeyIO           Load declarations of de.uka.ilkd.key.nparser.KeyAst$File:  <unknown>:1#1 
443507     INFO  Test worker     d.u.i.k.n.KeyIO           MODE: declarations took 0 ms 
443507     DEBUG Test worker     d.u.i.k.n.KeyIO           MODE: 2nd degree decls took 0 
443507     INFO  Test worker     d.u.i.k.n.KeyIO           Parsing took 0 ms 
443507     DEBUG Test worker     d.u.i.k.n.KeyIO           Load declarations of de.uka.ilkd.key.nparser.KeyAst$File:  <unknown>:1#1 
443507     INFO  Test worker     d.u.i.k.n.KeyIO           MODE: declarations took 0 ms 
443507     DEBUG Test worker     d.u.i.k.n.KeyIO           MODE: 2nd degree decls took 0 
447774     INFO  Test worker     d.u.i.k.n.KeyIO           Parsing took 0 ms 
447774     DEBUG Test worker     d.u.i.k.n.KeyIO           Load declarations of de.uka.ilkd.key.nparser.KeyAst$File:  <unknown>:1#1 
447774     INFO  Test worker     d.u.i.k.n.KeyIO           MODE: declarations took 0 ms 
447774     DEBUG Test worker     d.u.i.k.n.KeyIO           MODE: 2nd degree decls took 0 
447774     INFO  Test worker     d.u.i.k.n.KeyIO           Parsing took 0 ms 
447774     DEBUG Test worker     d.u.i.k.n.KeyIO           Load declarations of de.uka.ilkd.key.nparser.KeyAst$File:  <unknown>:1#1 
447774     INFO  Test worker     d.u.i.k.n.KeyIO           MODE: declarations took 0 ms 
447774     DEBUG Test worker     d.u.i.k.n.KeyIO           MODE: 2nd degree decls took 0 
447774     INFO  Test worker     d.u.i.k.n.KeyIO           Parsing took 0 ms 
447774     DEBUG Test worker     d.u.i.k.n.KeyIO           Load declarations of de.uka.ilkd.key.nparser.KeyAst$File:  <unknown>:1#1 
447774     INFO  Test worker     d.u.i.k.n.KeyIO           MODE: declarations took 0 ms 
447774     DEBUG Test worker     d.u.i.k.n.KeyIO           MODE: 2nd degree decls took 0 
447774     INFO  Test worker     d.u.i.k.n.KeyIO           Parsing took 0 ms 
447774     DEBUG Test worker     d.u.i.k.n.KeyIO           Load declarations of de.uka.ilkd.key.nparser.KeyAst$File:  <unknown>:1#1 
447774     INFO  Test worker     d.u.i.k.n.KeyIO           MODE: declarations took 0 ms 
447774     DEBUG Test worker     d.u.i.k.n.KeyIO           MODE: 2nd degree decls took 0 
447774     INFO  Test worker     d.u.i.k.n.KeyIO           Parsing took 0 ms 
447774     DEBUG Test worker     d.u.i.k.n.KeyIO           Load declarations of de.uka.ilkd.key.nparser.KeyAst$File:  <unknown>:1#1 
447774     INFO  Test worker     d.u.i.k.n.KeyIO           MODE: declarations took 0 ms 
447774     DEBUG Test worker     d.u.i.k.n.KeyIO           MODE: 2nd degree decls took 0 
451167     INFO  Test worker     d.u.i.k.n.KeyIO           Parsing took 0 ms 
451167     DEBUG Test worker     d.u.i.k.n.KeyIO           Load declarations of de.uka.ilkd.key.nparser.KeyAst$File:  <unknown>:1#1 
451167     INFO  Test worker     d.u.i.k.n.KeyIO           MODE: declarations took 0 ms 
451167     DEBUG Test worker     d.u.i.k.n.KeyIO           MODE: 2nd degree decls took 0 
451167     INFO  Test worker     d.u.i.k.n.KeyIO           Parsing took 0 ms 
451167     DEBUG Test worker     d.u.i.k.n.KeyIO           Load declarations of de.uka.ilkd.key.nparser.KeyAst$File:  <unknown>:1#1 
451167     INFO  Test worker     d.u.i.k.n.KeyIO           MODE: declarations took 0 ms 
451167     DEBUG Test worker     d.u.i.k.n.KeyIO           MODE: 2nd degree decls took 0 
451167     INFO  Test worker     d.u.i.k.n.KeyIO           Parsing took 0 ms 
451167     DEBUG Test worker     d.u.i.k.n.KeyIO           Load declarations of de.uka.ilkd.key.nparser.KeyAst$File:  <unknown>:1#1 
451167     INFO  Test worker     d.u.i.k.n.KeyIO           MODE: declarations took 0 ms 
451167     DEBUG Test worker     d.u.i.k.n.KeyIO           MODE: 2nd degree decls took 0 
451167     INFO  Test worker     d.u.i.k.n.KeyIO           Parsing took 0 ms 
451167     DEBUG Test worker     d.u.i.k.n.KeyIO           Load declarations of de.uka.ilkd.key.nparser.KeyAst$File:  <unknown>:1#1 
451167     INFO  Test worker     d.u.i.k.n.KeyIO           MODE: declarations took 0 ms 
451167     DEBUG Test worker     d.u.i.k.n.KeyIO           MODE: 2nd degree decls took 0 
451167     INFO  Test worker     d.u.i.k.n.KeyIO           Parsing took 0 ms 
451167     DEBUG Test worker     d.u.i.k.n.KeyIO           Load declarations of de.uka.ilkd.key.nparser.KeyAst$File:  <unknown>:1#1 
451167     INFO  Test worker     d.u.i.k.n.KeyIO           MODE: declarations took 0 ms 
451167     DEBUG Test worker     d.u.i.k.n.KeyIO           MODE: 2nd degree decls took 0 
454638     INFO  Test worker     d.u.i.k.n.KeyIO           Parsing took 0 ms 
454638     DEBUG Test worker     d.u.i.k.n.KeyIO           Load declarations of de.uka.ilkd.key.nparser.KeyAst$File:  <unknown>:1#1 
454638     INFO  Test worker     d.u.i.k.n.KeyIO           MODE: declarations took 0 ms 
454638     DEBUG Test worker     d.u.i.k.n.KeyIO           MODE: 2nd degree decls took 0 
454638     INFO  Test worker     d.u.i.k.n.KeyIO           Parsing took 0 ms 
454638     DEBUG Test worker     d.u.i.k.n.KeyIO           Load declarations of de.uka.ilkd.key.nparser.KeyAst$File:  <unknown>:1#1 
454638     INFO  Test worker     d.u.i.k.n.KeyIO           MODE: declarations took 0 ms 
454638     DEBUG Test worker     d.u.i.k.n.KeyIO           MODE: 2nd degree decls took 0 
454638     INFO  Test worker     d.u.i.k.n.KeyIO           Parsing took 0 ms 
454638     DEBUG Test worker     d.u.i.k.n.KeyIO           Load declarations of de.uka.ilkd.key.nparser.KeyAst$File:  <unknown>:1#1 
454638     INFO  Test worker     d.u.i.k.n.KeyIO           MODE: declarations took 0 ms 
454638     DEBUG Test worker     d.u.i.k.n.KeyIO           MODE: 2nd degree decls took 0 
454638     INFO  Test worker     d.u.i.k.n.KeyIO           Parsing took 0 ms 
454638     DEBUG Test worker     d.u.i.k.n.KeyIO           Load declarations of de.uka.ilkd.key.nparser.KeyAst$File:  <unknown>:1#1 
454638     INFO  Test worker     d.u.i.k.n.KeyIO           MODE: declarations took 0 ms 
454638     DEBUG Test worker     d.u.i.k.n.KeyIO           MODE: 2nd degree decls took 0 
454638     INFO  Test worker     d.u.i.k.n.KeyIO           Parsing took 0 ms 
454638     DEBUG Test worker     d.u.i.k.n.KeyIO           Load declarations of de.uka.ilkd.key.nparser.KeyAst$File:  <unknown>:1#1 
454638     INFO  Test worker     d.u.i.k.n.KeyIO           MODE: declarations took 0 ms 
454638     DEBUG Test worker     d.u.i.k.n.KeyIO           MODE: 2nd degree decls took 0 
457969     INFO  Test worker     d.u.i.k.n.KeyIO           Parsing took 0 ms 
457969     DEBUG Test worker     d.u.i.k.n.KeyIO           Load declarations of de.uka.ilkd.key.nparser.KeyAst$File:  <unknown>:1#1 
457969     INFO  Test worker     d.u.i.k.n.KeyIO           MODE: declarations took 0 ms 
457969     DEBUG Test worker     d.u.i.k.n.KeyIO           MODE: 2nd degree decls took 0 
457969     INFO  Test worker     d.u.i.k.n.KeyIO           Parsing took 0 ms 
457969     DEBUG Test worker     d.u.i.k.n.KeyIO           Load declarations of de.uka.ilkd.key.nparser.KeyAst$File:  <unknown>:1#1 
457969     INFO  Test worker     d.u.i.k.n.KeyIO           MODE: declarations took 0 ms 
457969     DEBUG Test worker     d.u.i.k.n.KeyIO           MODE: 2nd degree decls took 0 
457969     INFO  Test worker     d.u.i.k.n.KeyIO           Parsing took 0 ms 
457969     DEBUG Test worker     d.u.i.k.n.KeyIO           Load declarations of de.uka.ilkd.key.nparser.KeyAst$File:  <unknown>:1#1 
457969     INFO  Test worker     d.u.i.k.n.KeyIO           MODE: declarations took 0 ms 
457969     DEBUG Test worker     d.u.i.k.n.KeyIO           MODE: 2nd degree decls took 0 
457969     INFO  Test worker     d.u.i.k.n.KeyIO           Parsing took 0 ms 
457969     DEBUG Test worker     d.u.i.k.n.KeyIO           Load declarations of de.uka.ilkd.key.nparser.KeyAst$File:  <unknown>:1#1 
457969     INFO  Test worker     d.u.i.k.n.KeyIO           MODE: declarations took 0 ms 
457969     DEBUG Test worker     d.u.i.k.n.KeyIO           MODE: 2nd degree decls took 0 
457969     INFO  Test worker     d.u.i.k.n.KeyIO           Parsing took 0 ms 
457969     DEBUG Test worker     d.u.i.k.n.KeyIO           Load declarations of de.uka.ilkd.key.nparser.KeyAst$File:  <unknown>:1#1 
457985     INFO  Test worker     d.u.i.k.n.KeyIO           MODE: declarations took 16 ms 
457985     DEBUG Test worker     d.u.i.k.n.KeyIO           MODE: 2nd degree decls took 0 
461331     INFO  Test worker     d.u.i.k.n.KeyIO           Parsing took 0 ms 
461331     DEBUG Test worker     d.u.i.k.n.KeyIO           Load declarations of de.uka.ilkd.key.nparser.KeyAst$File:  <unknown>:1#1 
461331     INFO  Test worker     d.u.i.k.n.KeyIO           MODE: declarations took 0 ms 
461331     DEBUG Test worker     d.u.i.k.n.KeyIO           MODE: 2nd degree decls took 0 
461331     INFO  Test worker     d.u.i.k.n.KeyIO           Parsing took 0 ms 
461331     DEBUG Test worker     d.u.i.k.n.KeyIO           Load declarations of de.uka.ilkd.key.nparser.KeyAst$File:  <unknown>:1#1 
461331     INFO  Test worker     d.u.i.k.n.KeyIO           MODE: declarations took 0 ms 
461331     DEBUG Test worker     d.u.i.k.n.KeyIO           MODE: 2nd degree decls took 0 
461331     INFO  Test worker     d.u.i.k.n.KeyIO           Parsing took 0 ms 
461331     DEBUG Test worker     d.u.i.k.n.KeyIO           Load declarations of de.uka.ilkd.key.nparser.KeyAst$File:  <unknown>:1#1 
461331     INFO  Test worker     d.u.i.k.n.KeyIO           MODE: declarations took 0 ms 
461331     DEBUG Test worker     d.u.i.k.n.KeyIO           MODE: 2nd degree decls took 0 
461331     INFO  Test worker     d.u.i.k.n.KeyIO           Parsing took 0 ms 
461331     DEBUG Test worker     d.u.i.k.n.KeyIO           Load declarations of de.uka.ilkd.key.nparser.KeyAst$File:  <unknown>:1#1 
461331     INFO  Test worker     d.u.i.k.n.KeyIO           MODE: declarations took 0 ms 
461331     DEBUG Test worker     d.u.i.k.n.KeyIO           MODE: 2nd degree decls took 0 
461331     INFO  Test worker     d.u.i.k.n.KeyIO           Parsing took 0 ms 
461331     DEBUG Test worker     d.u.i.k.n.KeyIO           Load declarations of de.uka.ilkd.key.nparser.KeyAst$File:  <unknown>:1#1 
461331     INFO  Test worker     d.u.i.k.n.KeyIO           MODE: declarations took 0 ms 
461331     DEBUG Test worker     d.u.i.k.n.KeyIO           MODE: 2nd degree decls took 0 
464613     INFO  Test worker     d.u.i.k.n.KeyIO           Parsing took 0 ms 
464613     DEBUG Test worker     d.u.i.k.n.KeyIO           Load declarations of de.uka.ilkd.key.nparser.KeyAst$File:  <unknown>:1#1 
464613     INFO  Test worker     d.u.i.k.n.KeyIO           MODE: declarations took 0 ms 
464613     DEBUG Test worker     d.u.i.k.n.KeyIO           MODE: 2nd degree decls took 0 
464613     INFO  Test worker     d.u.i.k.n.KeyIO           Parsing took 0 ms 
464613     DEBUG Test worker     d.u.i.k.n.KeyIO           Load declarations of de.uka.ilkd.key.nparser.KeyAst$File:  <unknown>:1#1 
464613     INFO  Test worker     d.u.i.k.n.KeyIO           MODE: declarations took 0 ms 
464613     DEBUG Test worker     d.u.i.k.n.KeyIO           MODE: 2nd degree decls took 0 
464613     INFO  Test worker     d.u.i.k.n.KeyIO           Parsing took 0 ms 
464613     DEBUG Test worker     d.u.i.k.n.KeyIO           Load declarations of de.uka.ilkd.key.nparser.KeyAst$File:  <unknown>:1#1 
464613     INFO  Test worker     d.u.i.k.n.KeyIO           MODE: declarations took 0 ms 
464613     DEBUG Test worker     d.u.i.k.n.KeyIO           MODE: 2nd degree decls took 0 
464613     INFO  Test worker     d.u.i.k.n.KeyIO           Parsing took 0 ms 
464613     DEBUG Test worker     d.u.i.k.n.KeyIO           Load declarations of de.uka.ilkd.key.nparser.KeyAst$File:  <unknown>:1#1 
464613     INFO  Test worker     d.u.i.k.n.KeyIO           MODE: declarations took 0 ms 
464613     DEBUG Test worker     d.u.i.k.n.KeyIO           MODE: 2nd degree decls took 0 
464613     INFO  Test worker     d.u.i.k.n.KeyIO           Parsing took 0 ms 
464613     DEBUG Test worker     d.u.i.k.n.KeyIO           Load declarations of de.uka.ilkd.key.nparser.KeyAst$File:  <unknown>:1#1 
464613     INFO  Test worker     d.u.i.k.n.KeyIO           MODE: declarations took 0 ms 
464613     DEBUG Test worker     d.u.i.k.n.KeyIO           MODE: 2nd degree decls took 0 
467833     INFO  Test worker     d.u.i.k.n.KeyIO           Parsing took 0 ms 
467833     DEBUG Test worker     d.u.i.k.n.KeyIO           Load declarations of de.uka.ilkd.key.nparser.KeyAst$File:  <unknown>:1#1 
467833     INFO  Test worker     d.u.i.k.n.KeyIO           MODE: declarations took 0 ms 
467833     DEBUG Test worker     d.u.i.k.n.KeyIO           MODE: 2nd degree decls took 0 
467833     INFO  Test worker     d.u.i.k.n.KeyIO           Parsing took 0 ms 
467833     DEBUG Test worker     d.u.i.k.n.KeyIO           Load declarations of de.uka.ilkd.key.nparser.KeyAst$File:  <unknown>:1#1 
467833     INFO  Test worker     d.u.i.k.n.KeyIO           MODE: declarations took 0 ms 
467833     DEBUG Test worker     d.u.i.k.n.KeyIO           MODE: 2nd degree decls took 0 
467833     INFO  Test worker     d.u.i.k.n.KeyIO           Parsing took 0 ms 
467833     DEBUG Test worker     d.u.i.k.n.KeyIO           Load declarations of de.uka.ilkd.key.nparser.KeyAst$File:  <unknown>:1#1 
467833     INFO  Test worker     d.u.i.k.n.KeyIO           MODE: declarations took 0 ms 
467833     DEBUG Test worker     d.u.i.k.n.KeyIO           MODE: 2nd degree decls took 0 
467833     INFO  Test worker     d.u.i.k.n.KeyIO           Parsing took 0 ms 
467833     DEBUG Test worker     d.u.i.k.n.KeyIO           Load declarations of de.uka.ilkd.key.nparser.KeyAst$File:  <unknown>:1#1 
467833     INFO  Test worker     d.u.i.k.n.KeyIO           MODE: declarations took 0 ms 
467833     DEBUG Test worker     d.u.i.k.n.KeyIO           MODE: 2nd degree decls took 0 
467833     INFO  Test worker     d.u.i.k.n.KeyIO           Parsing took 0 ms 
467833     DEBUG Test worker     d.u.i.k.n.KeyIO           Load declarations of de.uka.ilkd.key.nparser.KeyAst$File:  <unknown>:1#1 
467833     INFO  Test worker     d.u.i.k.n.KeyIO           MODE: declarations took 0 ms 
467833     DEBUG Test worker     d.u.i.k.n.KeyIO           MODE: 2nd degree decls took 0 
471383     INFO  Test worker     d.u.i.k.n.KeyIO           Parsing took 0 ms 
471383     DEBUG Test worker     d.u.i.k.n.KeyIO           Load declarations of de.uka.ilkd.key.nparser.KeyAst$File:  <unknown>:1#1 
471383     INFO  Test worker     d.u.i.k.n.KeyIO           MODE: declarations took 0 ms 
471383     DEBUG Test worker     d.u.i.k.n.KeyIO           MODE: 2nd degree decls took 0 
471383     INFO  Test worker     d.u.i.k.n.KeyIO           Parsing took 0 ms 
471383     DEBUG Test worker     d.u.i.k.n.KeyIO           Load declarations of de.uka.ilkd.key.nparser.KeyAst$File:  <unknown>:1#1 
471383     INFO  Test worker     d.u.i.k.n.KeyIO           MODE: declarations took 0 ms 
471383     DEBUG Test worker     d.u.i.k.n.KeyIO           MODE: 2nd degree decls took 0 
471383     INFO  Test worker     d.u.i.k.n.KeyIO           Parsing took 0 ms 
471383     DEBUG Test worker     d.u.i.k.n.KeyIO           Load declarations of de.uka.ilkd.key.nparser.KeyAst$File:  <unknown>:1#1 
471383     INFO  Test worker     d.u.i.k.n.KeyIO           MODE: declarations took 0 ms 
471383     DEBUG Test worker     d.u.i.k.n.KeyIO           MODE: 2nd degree decls took 0 
471383     INFO  Test worker     d.u.i.k.n.KeyIO           Parsing took 0 ms 
471383     DEBUG Test worker     d.u.i.k.n.KeyIO           Load declarations of de.uka.ilkd.key.nparser.KeyAst$File:  <unknown>:1#1 
471383     INFO  Test worker     d.u.i.k.n.KeyIO           MODE: declarations took 0 ms 
471383     DEBUG Test worker     d.u.i.k.n.KeyIO           MODE: 2nd degree decls took 0 
471383     INFO  Test worker     d.u.i.k.n.KeyIO           Parsing took 0 ms 
471383     DEBUG Test worker     d.u.i.k.n.KeyIO           Load declarations of de.uka.ilkd.key.nparser.KeyAst$File:  <unknown>:1#1 
471383     INFO  Test worker     d.u.i.k.n.KeyIO           MODE: declarations took 0 ms 
471383     DEBUG Test worker     d.u.i.k.n.KeyIO           MODE: 2nd degree decls took 0 
474886     INFO  Test worker     d.u.i.k.n.KeyIO           Parsing took 0 ms 
474886     DEBUG Test worker     d.u.i.k.n.KeyIO           Load declarations of de.uka.ilkd.key.nparser.KeyAst$File:  <unknown>:1#1 
474886     INFO  Test worker     d.u.i.k.n.KeyIO           MODE: declarations took 0 ms 
474886     DEBUG Test worker     d.u.i.k.n.KeyIO           MODE: 2nd degree decls took 0 
474886     INFO  Test worker     d.u.i.k.n.KeyIO           Parsing took 0 ms 
474886     DEBUG Test worker     d.u.i.k.n.KeyIO           Load declarations of de.uka.ilkd.key.nparser.KeyAst$File:  <unknown>:1#1 
474886     INFO  Test worker     d.u.i.k.n.KeyIO           MODE: declarations took 0 ms 
474886     DEBUG Test worker     d.u.i.k.n.KeyIO           MODE: 2nd degree decls took 0 
474886     INFO  Test worker     d.u.i.k.n.KeyIO           Parsing took 0 ms 
474886     DEBUG Test worker     d.u.i.k.n.KeyIO           Load declarations of de.uka.ilkd.key.nparser.KeyAst$File:  <unknown>:1#1 
474886     INFO  Test worker     d.u.i.k.n.KeyIO           MODE: declarations took 0 ms 
474886     DEBUG Test worker     d.u.i.k.n.KeyIO           MODE: 2nd degree decls took 0 
474886     INFO  Test worker     d.u.i.k.n.KeyIO           Parsing took 0 ms 
474886     DEBUG Test worker     d.u.i.k.n.KeyIO           Load declarations of de.uka.ilkd.key.nparser.KeyAst$File:  <unknown>:1#1 
474886     INFO  Test worker     d.u.i.k.n.KeyIO           MODE: declarations took 0 ms 
474886     DEBUG Test worker     d.u.i.k.n.KeyIO           MODE: 2nd degree decls took 0 
474886     INFO  Test worker     d.u.i.k.n.KeyIO           Parsing took 0 ms 
474886     DEBUG Test worker     d.u.i.k.n.KeyIO           Load declarations of de.uka.ilkd.key.nparser.KeyAst$File:  <unknown>:1#1 
474886     INFO  Test worker     d.u.i.k.n.KeyIO           MODE: declarations took 0 ms 
474886     DEBUG Test worker     d.u.i.k.n.KeyIO           MODE: 2nd degree decls took 0 
478262     INFO  Test worker     d.u.i.k.n.KeyIO           Parsing took 0 ms 
478262     DEBUG Test worker     d.u.i.k.n.KeyIO           Load declarations of de.uka.ilkd.key.nparser.KeyAst$File:  <unknown>:1#1 
478262     INFO  Test worker     d.u.i.k.n.KeyIO           MODE: declarations took 0 ms 
478262     DEBUG Test worker     d.u.i.k.n.KeyIO           MODE: 2nd degree decls took 0 
478262     INFO  Test worker     d.u.i.k.n.KeyIO           Parsing took 0 ms 
478262     DEBUG Test worker     d.u.i.k.n.KeyIO           Load declarations of de.uka.ilkd.key.nparser.KeyAst$File:  <unknown>:1#1 
478262     INFO  Test worker     d.u.i.k.n.KeyIO           MODE: declarations took 0 ms 
478262     DEBUG Test worker     d.u.i.k.n.KeyIO           MODE: 2nd degree decls took 0 
478262     INFO  Test worker     d.u.i.k.n.KeyIO           Parsing took 0 ms 
478262     DEBUG Test worker     d.u.i.k.n.KeyIO           Load declarations of de.uka.ilkd.key.nparser.KeyAst$File:  <unknown>:1#1 
478262     INFO  Test worker     d.u.i.k.n.KeyIO           MODE: declarations took 0 ms 
478262     DEBUG Test worker     d.u.i.k.n.KeyIO           MODE: 2nd degree decls took 0 
478262     INFO  Test worker     d.u.i.k.n.KeyIO           Parsing took 0 ms 
478262     DEBUG Test worker     d.u.i.k.n.KeyIO           Load declarations of de.uka.ilkd.key.nparser.KeyAst$File:  <unknown>:1#1 
478262     INFO  Test worker     d.u.i.k.n.KeyIO           MODE: declarations took 0 ms 
478262     DEBUG Test worker     d.u.i.k.n.KeyIO           MODE: 2nd degree decls took 0 
478262     INFO  Test worker     d.u.i.k.n.KeyIO           Parsing took 0 ms 
478262     DEBUG Test worker     d.u.i.k.n.KeyIO           Load declarations of de.uka.ilkd.key.nparser.KeyAst$File:  <unknown>:1#1 
478262     INFO  Test worker     d.u.i.k.n.KeyIO           MODE: declarations took 0 ms 
478262     DEBUG Test worker     d.u.i.k.n.KeyIO           MODE: 2nd degree decls took 0 
481672     INFO  Test worker     d.u.i.k.n.KeyIO           Parsing took 0 ms 
481672     DEBUG Test worker     d.u.i.k.n.KeyIO           Load declarations of de.uka.ilkd.key.nparser.KeyAst$File:  <unknown>:1#1 
481672     INFO  Test worker     d.u.i.k.n.KeyIO           MODE: declarations took 0 ms 
481672     DEBUG Test worker     d.u.i.k.n.KeyIO           MODE: 2nd degree decls took 0 
481672     INFO  Test worker     d.u.i.k.n.KeyIO           Parsing took 0 ms 
481672     DEBUG Test worker     d.u.i.k.n.KeyIO           Load declarations of de.uka.ilkd.key.nparser.KeyAst$File:  <unknown>:1#1 
481672     INFO  Test worker     d.u.i.k.n.KeyIO           MODE: declarations took 0 ms 
481672     DEBUG Test worker     d.u.i.k.n.KeyIO           MODE: 2nd degree decls took 0 
481672     INFO  Test worker     d.u.i.k.n.KeyIO           Parsing took 0 ms 
481672     DEBUG Test worker     d.u.i.k.n.KeyIO           Load declarations of de.uka.ilkd.key.nparser.KeyAst$File:  <unknown>:1#1 
481672     INFO  Test worker     d.u.i.k.n.KeyIO           MODE: declarations took 0 ms 
481672     DEBUG Test worker     d.u.i.k.n.KeyIO           MODE: 2nd degree decls took 0 
481672     INFO  Test worker     d.u.i.k.n.KeyIO           Parsing took 0 ms 
481672     DEBUG Test worker     d.u.i.k.n.KeyIO           Load declarations of de.uka.ilkd.key.nparser.KeyAst$File:  <unknown>:1#1 
481672     INFO  Test worker     d.u.i.k.n.KeyIO           MODE: declarations took 0 ms 
481672     DEBUG Test worker     d.u.i.k.n.KeyIO           MODE: 2nd degree decls took 0 
481672     INFO  Test worker     d.u.i.k.n.KeyIO           Parsing took 0 ms 
481672     DEBUG Test worker     d.u.i.k.n.KeyIO           Load declarations of de.uka.ilkd.key.nparser.KeyAst$File:  <unknown>:1#1 
481672     INFO  Test worker     d.u.i.k.n.KeyIO           MODE: declarations took 0 ms 
481672     DEBUG Test worker     d.u.i.k.n.KeyIO           MODE: 2nd degree decls took 0 
485127     INFO  Test worker     d.u.i.k.n.KeyIO           Parsing took 0 ms 
485127     DEBUG Test worker     d.u.i.k.n.KeyIO           Load declarations of de.uka.ilkd.key.nparser.KeyAst$File:  <unknown>:1#1 
485127     INFO  Test worker     d.u.i.k.n.KeyIO           MODE: declarations took 0 ms 
485127     DEBUG Test worker     d.u.i.k.n.KeyIO           MODE: 2nd degree decls took 0 
485127     INFO  Test worker     d.u.i.k.n.KeyIO           Parsing took 0 ms 
485127     DEBUG Test worker     d.u.i.k.n.KeyIO           Load declarations of de.uka.ilkd.key.nparser.KeyAst$File:  <unknown>:1#1 
485127     INFO  Test worker     d.u.i.k.n.KeyIO           MODE: declarations took 0 ms 
485127     DEBUG Test worker     d.u.i.k.n.KeyIO           MODE: 2nd degree decls took 0 
485127     INFO  Test worker     d.u.i.k.n.KeyIO           Parsing took 0 ms 
485127     DEBUG Test worker     d.u.i.k.n.KeyIO           Load declarations of de.uka.ilkd.key.nparser.KeyAst$File:  <unknown>:1#1 
485127     INFO  Test worker     d.u.i.k.n.KeyIO           MODE: declarations took 0 ms 
485127     DEBUG Test worker     d.u.i.k.n.KeyIO           MODE: 2nd degree decls took 0 
485127     INFO  Test worker     d.u.i.k.n.KeyIO           Parsing took 0 ms 
485127     DEBUG Test worker     d.u.i.k.n.KeyIO           Load declarations of de.uka.ilkd.key.nparser.KeyAst$File:  <unknown>:1#1 
485127     INFO  Test worker     d.u.i.k.n.KeyIO           MODE: declarations took 0 ms 
485143     DEBUG Test worker     d.u.i.k.n.KeyIO           MODE: 2nd degree decls took 0 
485143     INFO  Test worker     d.u.i.k.n.KeyIO           Parsing took 0 ms 
485143     DEBUG Test worker     d.u.i.k.n.KeyIO           Load declarations of de.uka.ilkd.key.nparser.KeyAst$File:  <unknown>:1#1 
485143     INFO  Test worker     d.u.i.k.n.KeyIO           MODE: declarations took 0 ms 
485143     DEBUG Test worker     d.u.i.k.n.KeyIO           MODE: 2nd degree decls took 0 
488567     INFO  Test worker     d.u.i.k.n.KeyIO           Parsing took 0 ms 
488567     DEBUG Test worker     d.u.i.k.n.KeyIO           Load declarations of de.uka.ilkd.key.nparser.KeyAst$File:  <unknown>:1#1 
488567     INFO  Test worker     d.u.i.k.n.KeyIO           MODE: declarations took 0 ms 
488567     DEBUG Test worker     d.u.i.k.n.KeyIO           MODE: 2nd degree decls took 0 
488567     INFO  Test worker     d.u.i.k.n.KeyIO           Parsing took 0 ms 
488567     DEBUG Test worker     d.u.i.k.n.KeyIO           Load declarations of de.uka.ilkd.key.nparser.KeyAst$File:  <unknown>:1#1 
488567     INFO  Test worker     d.u.i.k.n.KeyIO           MODE: declarations took 0 ms 
488567     DEBUG Test worker     d.u.i.k.n.KeyIO           MODE: 2nd degree decls took 0 
488567     INFO  Test worker     d.u.i.k.n.KeyIO           Parsing took 0 ms 
488567     DEBUG Test worker     d.u.i.k.n.KeyIO           Load declarations of de.uka.ilkd.key.nparser.KeyAst$File:  <unknown>:1#1 
488567     INFO  Test worker     d.u.i.k.n.KeyIO           MODE: declarations took 0 ms 
488567     DEBUG Test worker     d.u.i.k.n.KeyIO           MODE: 2nd degree decls took 0 
488567     INFO  Test worker     d.u.i.k.n.KeyIO           Parsing took 0 ms 
488567     DEBUG Test worker     d.u.i.k.n.KeyIO           Load declarations of de.uka.ilkd.key.nparser.KeyAst$File:  <unknown>:1#1 
488567     INFO  Test worker     d.u.i.k.n.KeyIO           MODE: declarations took 0 ms 
488567     DEBUG Test worker     d.u.i.k.n.KeyIO           MODE: 2nd degree decls took 0 
488567     INFO  Test worker     d.u.i.k.n.KeyIO           Parsing took 0 ms 
488567     DEBUG Test worker     d.u.i.k.n.KeyIO           Load declarations of de.uka.ilkd.key.nparser.KeyAst$File:  <unknown>:1#1 
488567     INFO  Test worker     d.u.i.k.n.KeyIO           MODE: declarations took 0 ms 
488567     DEBUG Test worker     d.u.i.k.n.KeyIO           MODE: 2nd degree decls took 0 
492193     INFO  Test worker     d.u.i.k.n.KeyIO           Parsing took 0 ms 
492193     DEBUG Test worker     d.u.i.k.n.KeyIO           Load declarations of de.uka.ilkd.key.nparser.KeyAst$File:  <unknown>:1#1 
492193     INFO  Test worker     d.u.i.k.n.KeyIO           MODE: declarations took 0 ms 
492193     DEBUG Test worker     d.u.i.k.n.KeyIO           MODE: 2nd degree decls took 0 
492193     INFO  Test worker     d.u.i.k.n.KeyIO           Parsing took 0 ms 
492193     DEBUG Test worker     d.u.i.k.n.KeyIO           Load declarations of de.uka.ilkd.key.nparser.KeyAst$File:  <unknown>:1#1 
492193     INFO  Test worker     d.u.i.k.n.KeyIO           MODE: declarations took 0 ms 
492193     DEBUG Test worker     d.u.i.k.n.KeyIO           MODE: 2nd degree decls took 0 
492193     INFO  Test worker     d.u.i.k.n.KeyIO           Parsing took 0 ms 
492193     DEBUG Test worker     d.u.i.k.n.KeyIO           Load declarations of de.uka.ilkd.key.nparser.KeyAst$File:  <unknown>:1#1 
492193     INFO  Test worker     d.u.i.k.n.KeyIO           MODE: declarations took 0 ms 
492193     DEBUG Test worker     d.u.i.k.n.KeyIO           MODE: 2nd degree decls took 0 
492193     INFO  Test worker     d.u.i.k.n.KeyIO           Parsing took 0 ms 
492193     DEBUG Test worker     d.u.i.k.n.KeyIO           Load declarations of de.uka.ilkd.key.nparser.KeyAst$File:  <unknown>:1#1 
492193     INFO  Test worker     d.u.i.k.n.KeyIO           MODE: declarations took 0 ms 
492193     DEBUG Test worker     d.u.i.k.n.KeyIO           MODE: 2nd degree decls took 0 
492193     INFO  Test worker     d.u.i.k.n.KeyIO           Parsing took 0 ms 
492193     DEBUG Test worker     d.u.i.k.n.KeyIO           Load declarations of de.uka.ilkd.key.nparser.KeyAst$File:  <unknown>:1#1 
492193     INFO  Test worker     d.u.i.k.n.KeyIO           MODE: declarations took 0 ms 
492193     DEBUG Test worker     d.u.i.k.n.KeyIO           MODE: 2nd degree decls took 0 
]]></system-out>
  <system-err><![CDATA[]]></system-err>
</testsuite>
