<?xml version="1.0" encoding="UTF-8"?>
<testsuite name="de.uka.ilkd.key.symbolic_execution.testcase.strategy.TestStepReturnSymbolicExecutionTreeNodesStopCondition" tests="1" skipped="0" failures="0" errors="0" timestamp="2023-01-30T18:01:54" hostname="fv-az450-535" time="4.583">
  <properties/>
  <testcase name="testStepReturn()" classname="de.uka.ilkd.key.symbolic_execution.testcase.strategy.TestStepReturnSymbolicExecutionTreeNodesStopCondition" time="4.583"/>
  <system-out><![CDATA[]]></system-out>
  <system-err><![CDATA[]]></system-err>
</testsuite>
