<?xml version="1.0" encoding="UTF-8"?>
<testsuite name="de.uka.ilkd.key.symbolic_execution.testcase.strategy.TestKeYWatchpointGlobalVariablesOnSatisfiable" tests="1" skipped="0" failures="0" errors="0" timestamp="2023-02-02T13:43:56" hostname="fv-az268-633" time="3.858">
  <properties/>
  <testcase name="testBreakpointStopCondition()" classname="de.uka.ilkd.key.symbolic_execution.testcase.strategy.TestKeYWatchpointGlobalVariablesOnSatisfiable" time="3.858"/>
  <system-out><![CDATA[]]></system-out>
  <system-err><![CDATA[]]></system-err>
</testsuite>
