<?xml version="1.0" encoding="UTF-8"?>
<testsuite name="de.uka.ilkd.key.symbolic_execution.testcase.po.TestProgramMethodSubsetPO" tests="12" skipped="0" failures="0" errors="0" timestamp="2023-02-02T13:40:03" hostname="fv-az268-633" time="73.681">
  <properties/>
  <testcase name="testDoSomethingElseBranch()" classname="de.uka.ilkd.key.symbolic_execution.testcase.po.TestProgramMethodSubsetPO" time="6.066"/>
  <testcase name="testDoSomethingNoReturn()" classname="de.uka.ilkd.key.symbolic_execution.testcase.po.TestProgramMethodSubsetPO" time="6.139"/>
  <testcase name="testDoSomethingIfBranch()" classname="de.uka.ilkd.key.symbolic_execution.testcase.po.TestProgramMethodSubsetPO" time="6.104"/>
  <testcase name="testDoSomethingIfWithSurroundingStatements()" classname="de.uka.ilkd.key.symbolic_execution.testcase.po.TestProgramMethodSubsetPO" time="6.388"/>
  <testcase name="testVoidMethodWithReturn()" classname="de.uka.ilkd.key.symbolic_execution.testcase.po.TestProgramMethodSubsetPO" time="6.017"/>
  <testcase name="testVoidMethodNoReturn()" classname="de.uka.ilkd.key.symbolic_execution.testcase.po.TestProgramMethodSubsetPO" time="5.997"/>
  <testcase name="testDoSomethingIf()" classname="de.uka.ilkd.key.symbolic_execution.testcase.po.TestProgramMethodSubsetPO" time="6.335"/>
  <testcase name="testDoSomethingNoReturn_Precondition()" classname="de.uka.ilkd.key.symbolic_execution.testcase.po.TestProgramMethodSubsetPO" time="6.116"/>
  <testcase name="testVoidMethodNoReturn_Precondition()" classname="de.uka.ilkd.key.symbolic_execution.testcase.po.TestProgramMethodSubsetPO" time="6.065"/>
  <testcase name="testDoSomethingWithReturn()" classname="de.uka.ilkd.key.symbolic_execution.testcase.po.TestProgramMethodSubsetPO" time="6.226"/>
  <testcase name="testDoSomethingWithReturn_Precondition()" classname="de.uka.ilkd.key.symbolic_execution.testcase.po.TestProgramMethodSubsetPO" time="6.206"/>
  <testcase name="testVoidMethodWithReturn_Precondition()" classname="de.uka.ilkd.key.symbolic_execution.testcase.po.TestProgramMethodSubsetPO" time="6.02"/>
  <system-out><![CDATA[]]></system-out>
  <system-err><![CDATA[]]></system-err>
</testsuite>
