<?xml version="1.0" encoding="UTF-8"?>
<testsuite name="de.uka.ilkd.key.symbolic_execution.testcase.TestExecutionNodeWriterAndReader" tests="8" skipped="0" failures="0" errors="0" timestamp="2023-02-02T13:21:43" hostname="fv-az268-633" time="0.203">
  <properties/>
  <testcase name="testWritingAndReading_noReturnValues()" classname="de.uka.ilkd.key.symbolic_execution.testcase.TestExecutionNodeWriterAndReader" time="0.045"/>
  <testcase name="testWritingAndReading_withoutCallStack_withReturnValues()" classname="de.uka.ilkd.key.symbolic_execution.testcase.TestExecutionNodeWriterAndReader" time="0.026"/>
  <testcase name="testWritingAndReading_withoutVariables_and_withoutCallStack_noReturnValues()" classname="de.uka.ilkd.key.symbolic_execution.testcase.TestExecutionNodeWriterAndReader" time="0.013"/>
  <testcase name="testWritingAndReading_withoutVariables_withReturnValues()" classname="de.uka.ilkd.key.symbolic_execution.testcase.TestExecutionNodeWriterAndReader" time="0.024"/>
  <testcase name="testWritingAndReading_withReturnValues()" classname="de.uka.ilkd.key.symbolic_execution.testcase.TestExecutionNodeWriterAndReader" time="0.023"/>
  <testcase name="testWritingAndReading_withoutCallStack_noReturnValues()" classname="de.uka.ilkd.key.symbolic_execution.testcase.TestExecutionNodeWriterAndReader" time="0.027"/>
  <testcase name="testWritingAndReading_withoutVariables_noReturnValues()" classname="de.uka.ilkd.key.symbolic_execution.testcase.TestExecutionNodeWriterAndReader" time="0.017"/>
  <testcase name="testWritingAndReading_withoutVariables_and_withoutCallStack_withReturnValues()" classname="de.uka.ilkd.key.symbolic_execution.testcase.TestExecutionNodeWriterAndReader" time="0.021"/>
  <system-out><![CDATA[]]></system-out>
  <system-err><![CDATA[]]></system-err>
</testsuite>
