<?xml version="1.0" encoding="UTF-8"?>
<testsuite name="de.uka.ilkd.key.symbolic_execution.testcase.slicing.TestThinBackwardSlicer" tests="44" skipped="0" failures="0" errors="0" timestamp="2023-02-02T13:41:17" hostname="fv-az268-633" time="134.346">
  <properties/>
  <testcase name="testAliasChanged()" classname="de.uka.ilkd.key.symbolic_execution.testcase.slicing.TestThinBackwardSlicer" time="3.117"/>
  <testcase name="testAliasNotAvailable()" classname="de.uka.ilkd.key.symbolic_execution.testcase.slicing.TestThinBackwardSlicer" time="3.087"/>
  <testcase name="testAliasedByExecutionTest()" classname="de.uka.ilkd.key.symbolic_execution.testcase.slicing.TestThinBackwardSlicer" time="3.038"/>
  <testcase name="testAliasing()" classname="de.uka.ilkd.key.symbolic_execution.testcase.slicing.TestThinBackwardSlicer" time="3.02"/>
  <testcase name="testArrayIndexAsVariableFieldTest()" classname="de.uka.ilkd.key.symbolic_execution.testcase.slicing.TestThinBackwardSlicer" time="3.072"/>
  <testcase name="testArrayIndexSideeffectsAfter()" classname="de.uka.ilkd.key.symbolic_execution.testcase.slicing.TestThinBackwardSlicer" time="2.99"/>
  <testcase name="testArrayIndexSideeffectsBevore()" classname="de.uka.ilkd.key.symbolic_execution.testcase.slicing.TestThinBackwardSlicer" time="3.018"/>
  <testcase name="testArrayIndexVariableTest()" classname="de.uka.ilkd.key.symbolic_execution.testcase.slicing.TestThinBackwardSlicer" time="3.083"/>
  <testcase name="testBlockContractAssignableEverything()" classname="de.uka.ilkd.key.symbolic_execution.testcase.slicing.TestThinBackwardSlicer" time="3.056"/>
  <testcase name="testBlockContractAssignableLocationNotRequested()" classname="de.uka.ilkd.key.symbolic_execution.testcase.slicing.TestThinBackwardSlicer" time="3.036"/>
  <testcase name="testBlockContractAssignableRequestedLocation()" classname="de.uka.ilkd.key.symbolic_execution.testcase.slicing.TestThinBackwardSlicer" time="3.053"/>
  <testcase name="testEquivalenceClasses_Index_0()" classname="de.uka.ilkd.key.symbolic_execution.testcase.slicing.TestThinBackwardSlicer" time="3.108"/>
  <testcase name="testEquivalenceClasses_Index_0_no_OSS()" classname="de.uka.ilkd.key.symbolic_execution.testcase.slicing.TestThinBackwardSlicer" time="3.057"/>
  <testcase name="testEquivalenceClasses_Index_1()" classname="de.uka.ilkd.key.symbolic_execution.testcase.slicing.TestThinBackwardSlicer" time="3.048"/>
  <testcase name="testEquivalenceClasses_Index_1_no_OSS()" classname="de.uka.ilkd.key.symbolic_execution.testcase.slicing.TestThinBackwardSlicer" time="3.067"/>
  <testcase name="testFigure2Instance_right()" classname="de.uka.ilkd.key.symbolic_execution.testcase.slicing.TestThinBackwardSlicer" time="3.149"/>
  <testcase name="testFigure2Local_right()" classname="de.uka.ilkd.key.symbolic_execution.testcase.slicing.TestThinBackwardSlicer" time="3.053"/>
  <testcase name="testFigure2Param_right()" classname="de.uka.ilkd.key.symbolic_execution.testcase.slicing.TestThinBackwardSlicer" time="3.025"/>
  <testcase name="testFigure2_left()" classname="de.uka.ilkd.key.symbolic_execution.testcase.slicing.TestThinBackwardSlicer" time="3.07"/>
  <testcase name="testFigure2_right()" classname="de.uka.ilkd.key.symbolic_execution.testcase.slicing.TestThinBackwardSlicer" time="3.094"/>
  <testcase name="testInstanceFieldsAliased()" classname="de.uka.ilkd.key.symbolic_execution.testcase.slicing.TestThinBackwardSlicer" time="3.036"/>
  <testcase name="testIntEndTest()" classname="de.uka.ilkd.key.symbolic_execution.testcase.slicing.TestThinBackwardSlicer" time="3.073"/>
  <testcase name="testLoopInvariantInListFieldsTest()" classname="de.uka.ilkd.key.symbolic_execution.testcase.slicing.TestThinBackwardSlicer" time="3.162"/>
  <testcase name="testLoopInvariantNestedListFieldsTest()" classname="de.uka.ilkd.key.symbolic_execution.testcase.slicing.TestThinBackwardSlicer" time="3.286"/>
  <testcase name="testLoopInvariantNotInListFieldsTest()" classname="de.uka.ilkd.key.symbolic_execution.testcase.slicing.TestThinBackwardSlicer" time="3.118"/>
  <testcase name="testLoopInvariantStarFieldsTest()" classname="de.uka.ilkd.key.symbolic_execution.testcase.slicing.TestThinBackwardSlicer" time="3.092"/>
  <testcase name="testMethodCallTest()" classname="de.uka.ilkd.key.symbolic_execution.testcase.slicing.TestThinBackwardSlicer" time="2.977"/>
  <testcase name="testMethodContractAssignableEverything()" classname="de.uka.ilkd.key.symbolic_execution.testcase.slicing.TestThinBackwardSlicer" time="2.977"/>
  <testcase name="testMethodContractAssignableLocationNotRequested()" classname="de.uka.ilkd.key.symbolic_execution.testcase.slicing.TestThinBackwardSlicer" time="2.989"/>
  <testcase name="testMethodContractAssignableRequestedLocation()" classname="de.uka.ilkd.key.symbolic_execution.testcase.slicing.TestThinBackwardSlicer" time="2.976"/>
  <testcase name="testNestedInstanceAccess_subResult()" classname="de.uka.ilkd.key.symbolic_execution.testcase.slicing.TestThinBackwardSlicer" time="3.022"/>
  <testcase name="testNestedInstanceFields()" classname="de.uka.ilkd.key.symbolic_execution.testcase.slicing.TestThinBackwardSlicer" time="2.997"/>
  <testcase name="testNotAliasedByExecutionTest()" classname="de.uka.ilkd.key.symbolic_execution.testcase.slicing.TestThinBackwardSlicer" time="2.965"/>
  <testcase name="testReadWriteTest()" classname="de.uka.ilkd.key.symbolic_execution.testcase.slicing.TestThinBackwardSlicer" time="2.98"/>
  <testcase name="testSimpleAliasChanged()" classname="de.uka.ilkd.key.symbolic_execution.testcase.slicing.TestThinBackwardSlicer" time="3.036"/>
  <testcase name="testSimpleArrayTest()" classname="de.uka.ilkd.key.symbolic_execution.testcase.slicing.TestThinBackwardSlicer" time="3.023"/>
  <testcase name="testSimpleInstanceFields()" classname="de.uka.ilkd.key.symbolic_execution.testcase.slicing.TestThinBackwardSlicer" time="3.012"/>
  <testcase name="testSimpleLocalVariables()" classname="de.uka.ilkd.key.symbolic_execution.testcase.slicing.TestThinBackwardSlicer" time="2.98"/>
  <testcase name="testSimpleLoopInvariantTest()" classname="de.uka.ilkd.key.symbolic_execution.testcase.slicing.TestThinBackwardSlicer" time="3.033"/>
  <testcase name="testSimpleMultidimensionArrayTest()" classname="de.uka.ilkd.key.symbolic_execution.testcase.slicing.TestThinBackwardSlicer" time="3.138"/>
  <testcase name="testSimpleStaticFields()" classname="de.uka.ilkd.key.symbolic_execution.testcase.slicing.TestThinBackwardSlicer" time="3.067"/>
  <testcase name="testSimpleStaticLoopInvariantTest()" classname="de.uka.ilkd.key.symbolic_execution.testcase.slicing.TestThinBackwardSlicer" time="3.041"/>
  <testcase name="testSimpleThisInstanceFields()" classname="de.uka.ilkd.key.symbolic_execution.testcase.slicing.TestThinBackwardSlicer" time="3.041"/>
  <testcase name="testValueChange()" classname="de.uka.ilkd.key.symbolic_execution.testcase.slicing.TestThinBackwardSlicer" time="3.074"/>
  <system-out><![CDATA[1194758    WARN  Test worker     d.u.i.k.p.i.IntermediateProofReplayer Proof contains wrong number of \assumes instatiations for Partial_inv_axiom_for_JML_class_invariant_nr_0_in_AliasChanged 
1194758    WARN  Test worker     d.u.i.k.p.i.IntermediateProofReplayer Proof contains wrong number of \assumes instatiations for Partial_inv_axiom_for_JML_class_invariant_nr_0_in_AliasChanged 
1194779    WARN  Test worker     d.u.i.k.p.i.IntermediateProofReplayer Proof contains wrong number of \assumes instatiations for Partial_inv_axiom_for_JML_class_invariant_nr_0_in_AliasChanged 
1194779    WARN  Test worker     d.u.i.k.p.i.IntermediateProofReplayer Proof contains wrong number of \assumes instatiations for Partial_inv_axiom_for_JML_class_invariant_nr_0_in_AliasChanged 
1197850    WARN  Test worker     d.u.i.k.p.i.IntermediateProofReplayer Proof contains wrong number of \assumes instatiations for Partial_inv_axiom_for_JML_class_invariant_nr_0_in_AliasNotAvailable 
1197851    WARN  Test worker     d.u.i.k.p.i.IntermediateProofReplayer Proof contains wrong number of \assumes instatiations for Partial_inv_axiom_for_JML_class_invariant_nr_0_in_AliasNotAvailable 
1197854    WARN  Test worker     d.u.i.k.p.i.IntermediateProofReplayer Proof contains wrong number of \assumes instatiations for Partial_inv_axiom_for_JML_class_invariant_nr_0_in_AliasNotAvailable 
1197855    WARN  Test worker     d.u.i.k.p.i.IntermediateProofReplayer Proof contains wrong number of \assumes instatiations for Partial_inv_axiom_for_JML_class_invariant_nr_0_in_AliasNotAvailable 
1255939    WARN  Test worker     d.u.i.k.p.i.IntermediateProofReplayer Proof contains wrong number of \assumes instatiations for Partial_inv_axiom_for_JML_class_invariant_nr_0_in_InstanceFieldsAliased 
1255940    WARN  Test worker     d.u.i.k.p.i.IntermediateProofReplayer Proof contains wrong number of \assumes instatiations for Partial_inv_axiom_for_JML_class_invariant_nr_0_in_InstanceFieldsAliased 
1255965    WARN  Test worker     d.u.i.k.p.i.IntermediateProofReplayer Proof contains wrong number of \assumes instatiations for Partial_inv_axiom_for_JML_class_invariant_nr_0_in_InstanceFieldsAliased 
1255965    WARN  Test worker     d.u.i.k.p.i.IntermediateProofReplayer Proof contains wrong number of \assumes instatiations for Partial_inv_axiom_for_JML_class_invariant_nr_0_in_InstanceFieldsAliased 
1265248    WARN  Test worker     d.u.i.k.p.i.IntermediateProofReplayer Proof contains wrong number of \assumes instatiations for Partial_inv_axiom_for_JML_class_invariant_nr_1_in_LoopInvariantNestedListFieldsTest 
1265248    WARN  Test worker     d.u.i.k.p.i.IntermediateProofReplayer Proof contains wrong number of \assumes instatiations for Partial_inv_axiom_for_JML_class_invariant_nr_2_in_LoopInvariantNestedListFieldsTest 
1265249    WARN  Test worker     d.u.i.k.p.i.IntermediateProofReplayer Proof contains wrong number of \assumes instatiations for Partial_inv_axiom_for_JML_class_invariant_nr_0_in_LoopInvariantNestedListFieldsTest 
1265347    WARN  Test worker     d.u.i.k.p.i.IntermediateProofReplayer Proof contains wrong number of \assumes instatiations for Partial_inv_axiom_for_JML_class_invariant_nr_2_in_LoopInvariantNestedListFieldsTest 
1265348    WARN  Test worker     d.u.i.k.p.i.IntermediateProofReplayer Proof contains wrong number of \assumes instatiations for Partial_inv_axiom_for_JML_class_invariant_nr_0_in_LoopInvariantNestedListFieldsTest 
1265348    WARN  Test worker     d.u.i.k.p.i.IntermediateProofReplayer Proof contains wrong number of \assumes instatiations for Partial_inv_axiom_for_JML_class_invariant_nr_1_in_LoopInvariantNestedListFieldsTest 
1265456    WARN  Test worker     d.u.i.k.p.i.IntermediateProofReplayer Proof contains wrong number of \assumes instatiations for Partial_inv_axiom_for_JML_class_invariant_nr_2_in_LoopInvariantNestedListFieldsTest 
1265457    WARN  Test worker     d.u.i.k.p.i.IntermediateProofReplayer Proof contains wrong number of \assumes instatiations for Partial_inv_axiom_for_JML_class_invariant_nr_1_in_LoopInvariantNestedListFieldsTest 
1265458    WARN  Test worker     d.u.i.k.p.i.IntermediateProofReplayer Proof contains wrong number of \assumes instatiations for Partial_inv_axiom_for_JML_class_invariant_nr_0_in_LoopInvariantNestedListFieldsTest 
1286673    WARN  Test worker     d.u.i.k.p.i.IntermediateProofReplayer Proof contains wrong number of \assumes instatiations for Class_invariant_axiom_for_java_lang_Class 
1286675    WARN  Test worker     d.u.i.k.p.i.IntermediateProofReplayer Proof contains wrong number of \assumes instatiations for Class_invariant_axiom_for_java_lang_Character 
1289621    WARN  Test worker     d.u.i.k.p.i.IntermediateProofReplayer Proof contains wrong number of \assumes instatiations for Partial_inv_axiom_for_JML_class_invariant_nr_0_in_NestedInstanceFields 
1289640    WARN  Test worker     d.u.i.k.p.i.IntermediateProofReplayer Proof contains wrong number of \assumes instatiations for Partial_inv_axiom_for_JML_class_invariant_nr_0_in_NestedInstanceFields 
]]></system-out>
  <system-err><![CDATA[]]></system-err>
</testsuite>
