<?xml version="1.0" encoding="UTF-8"?>
<testsuite name="de.uka.ilkd.key.logic.TestClashFreeSubst" tests="14" skipped="2" failures="0" errors="0" timestamp="2023-04-20T12:45:39" hostname="fv-az1246-748" time="51.32">
  <properties/>
  <testcase name="testMultiShareBound()" classname="de.uka.ilkd.key.logic.TestClashFreeSubst" time="0.979"/>
  <testcase name="testClash()" classname="de.uka.ilkd.key.logic.TestClashFreeSubst" time="0.984"/>
  <testcase name="testShare()" classname="de.uka.ilkd.key.logic.TestClashFreeSubst" time="0.986"/>
  <testcase name="testSubst()" classname="de.uka.ilkd.key.logic.TestClashFreeSubst" time="0.98"/>
  <testcase name="testWary0()" classname="de.uka.ilkd.key.logic.TestClashFreeSubst" time="0.947"/>
  <testcase name="testWary1()" classname="de.uka.ilkd.key.logic.TestClashFreeSubst" time="0.898"/>
  <testcase name="testWary2()" classname="de.uka.ilkd.key.logic.TestClashFreeSubst" time="0.928"/>
  <testcase name="testClashInSubstTerm()" classname="de.uka.ilkd.key.logic.TestClashFreeSubst" time="0.945"/>
  <testcase name="testShareWary()" classname="de.uka.ilkd.key.logic.TestClashFreeSubst" time="0.902"/>
  <testcase name="testMultiSubst()" classname="de.uka.ilkd.key.logic.TestClashFreeSubst" time="0.929"/>
  <testcase name="xtestMultiClash()" classname="de.uka.ilkd.key.logic.TestClashFreeSubst" time="0.0">
    <skipped/>
  </testcase>
  <testcase name="testSubstInSubstTerm()" classname="de.uka.ilkd.key.logic.TestClashFreeSubst" time="0.935"/>
  <testcase name="testSubstWary()" classname="de.uka.ilkd.key.logic.TestClashFreeSubst" time="0.965"/>
  <testcase name="xtestMultiClash1()" classname="de.uka.ilkd.key.logic.TestClashFreeSubst" time="0.0">
    <skipped/>
  </testcase>
  <system-out><![CDATA[38352      INFO  Test worker     d.u.i.k.n.KeyIO           Parsing took 0 ms 
38352      DEBUG Test worker     d.u.i.k.n.KeyIO           Load declarations of de.uka.ilkd.key.nparser.KeyAst$File:  <unknown>:1#1 
38353      INFO  Test worker     d.u.i.k.n.KeyIO           MODE: declarations took 1 ms 
38353      DEBUG Test worker     d.u.i.k.n.KeyIO           MODE: 2nd degree decls took 0 
39327      INFO  Test worker     d.u.i.k.n.KeyIO           Parsing took 0 ms 
39327      DEBUG Test worker     d.u.i.k.n.KeyIO           Load declarations of de.uka.ilkd.key.nparser.KeyAst$File:  <unknown>:1#1 
39328      INFO  Test worker     d.u.i.k.n.KeyIO           MODE: declarations took 1 ms 
39328      DEBUG Test worker     d.u.i.k.n.KeyIO           MODE: 2nd degree decls took 0 
42558      INFO  Test worker     d.u.i.k.n.KeyIO           Parsing took 0 ms 
42566      DEBUG Test worker     d.u.i.k.n.KeyIO           Load declarations of de.uka.ilkd.key.nparser.KeyAst$File:  <unknown>:1#1 
42567      INFO  Test worker     d.u.i.k.n.KeyIO           MODE: declarations took 1 ms 
42568      DEBUG Test worker     d.u.i.k.n.KeyIO           MODE: 2nd degree decls took 0 
43535      INFO  Test worker     d.u.i.k.n.KeyIO           Parsing took 0 ms 
43536      DEBUG Test worker     d.u.i.k.n.KeyIO           Load declarations of de.uka.ilkd.key.nparser.KeyAst$File:  <unknown>:1#1 
43537      INFO  Test worker     d.u.i.k.n.KeyIO           MODE: declarations took 1 ms 
43537      DEBUG Test worker     d.u.i.k.n.KeyIO           MODE: 2nd degree decls took 0 
46736      INFO  Test worker     d.u.i.k.n.KeyIO           Parsing took 0 ms 
46737      DEBUG Test worker     d.u.i.k.n.KeyIO           Load declarations of de.uka.ilkd.key.nparser.KeyAst$File:  <unknown>:1#1 
46737      INFO  Test worker     d.u.i.k.n.KeyIO           MODE: declarations took 0 ms 
46738      DEBUG Test worker     d.u.i.k.n.KeyIO           MODE: 2nd degree decls took 0 
47714      INFO  Test worker     d.u.i.k.n.KeyIO           Parsing took 0 ms 
47715      DEBUG Test worker     d.u.i.k.n.KeyIO           Load declarations of de.uka.ilkd.key.nparser.KeyAst$File:  <unknown>:1#1 
47716      INFO  Test worker     d.u.i.k.n.KeyIO           MODE: declarations took 1 ms 
47716      DEBUG Test worker     d.u.i.k.n.KeyIO           MODE: 2nd degree decls took 0 
50849      INFO  Test worker     d.u.i.k.n.KeyIO           Parsing took 0 ms 
50849      DEBUG Test worker     d.u.i.k.n.KeyIO           Load declarations of de.uka.ilkd.key.nparser.KeyAst$File:  <unknown>:1#1 
50850      INFO  Test worker     d.u.i.k.n.KeyIO           MODE: declarations took 1 ms 
50850      DEBUG Test worker     d.u.i.k.n.KeyIO           MODE: 2nd degree decls took 0 
51827      INFO  Test worker     d.u.i.k.n.KeyIO           Parsing took 1 ms 
51827      DEBUG Test worker     d.u.i.k.n.KeyIO           Load declarations of de.uka.ilkd.key.nparser.KeyAst$File:  <unknown>:1#1 
51827      INFO  Test worker     d.u.i.k.n.KeyIO           MODE: declarations took 0 ms 
51827      DEBUG Test worker     d.u.i.k.n.KeyIO           MODE: 2nd degree decls took 0 
54930      INFO  Test worker     d.u.i.k.n.KeyIO           Parsing took 0 ms 
54931      DEBUG Test worker     d.u.i.k.n.KeyIO           Load declarations of de.uka.ilkd.key.nparser.KeyAst$File:  <unknown>:1#1 
54932      INFO  Test worker     d.u.i.k.n.KeyIO           MODE: declarations took 1 ms 
54932      DEBUG Test worker     d.u.i.k.n.KeyIO           MODE: 2nd degree decls took 0 
55872      INFO  Test worker     d.u.i.k.n.KeyIO           Parsing took 1 ms 
55873      DEBUG Test worker     d.u.i.k.n.KeyIO           Load declarations of de.uka.ilkd.key.nparser.KeyAst$File:  <unknown>:1#1 
55873      INFO  Test worker     d.u.i.k.n.KeyIO           MODE: declarations took 1 ms 
55874      DEBUG Test worker     d.u.i.k.n.KeyIO           MODE: 2nd degree decls took 0 
58989      INFO  Test worker     d.u.i.k.n.KeyIO           Parsing took 0 ms 
58990      DEBUG Test worker     d.u.i.k.n.KeyIO           Load declarations of de.uka.ilkd.key.nparser.KeyAst$File:  <unknown>:1#1 
58990      INFO  Test worker     d.u.i.k.n.KeyIO           MODE: declarations took 0 ms 
58991      DEBUG Test worker     d.u.i.k.n.KeyIO           MODE: 2nd degree decls took 0 
59883      INFO  Test worker     d.u.i.k.n.KeyIO           Parsing took 0 ms 
59883      DEBUG Test worker     d.u.i.k.n.KeyIO           Load declarations of de.uka.ilkd.key.nparser.KeyAst$File:  <unknown>:1#1 
59884      INFO  Test worker     d.u.i.k.n.KeyIO           MODE: declarations took 1 ms 
59884      DEBUG Test worker     d.u.i.k.n.KeyIO           MODE: 2nd degree decls took 0 
62869      INFO  Test worker     d.u.i.k.n.KeyIO           Parsing took 0 ms 
62870      DEBUG Test worker     d.u.i.k.n.KeyIO           Load declarations of de.uka.ilkd.key.nparser.KeyAst$File:  <unknown>:1#1 
62871      INFO  Test worker     d.u.i.k.n.KeyIO           MODE: declarations took 1 ms 
62871      DEBUG Test worker     d.u.i.k.n.KeyIO           MODE: 2nd degree decls took 0 
63793      INFO  Test worker     d.u.i.k.n.KeyIO           Parsing took 0 ms 
63793      DEBUG Test worker     d.u.i.k.n.KeyIO           Load declarations of de.uka.ilkd.key.nparser.KeyAst$File:  <unknown>:1#1 
63794      INFO  Test worker     d.u.i.k.n.KeyIO           MODE: declarations took 1 ms 
63794      DEBUG Test worker     d.u.i.k.n.KeyIO           MODE: 2nd degree decls took 0 
66861      INFO  Test worker     d.u.i.k.n.KeyIO           Parsing took 0 ms 
66862      DEBUG Test worker     d.u.i.k.n.KeyIO           Load declarations of de.uka.ilkd.key.nparser.KeyAst$File:  <unknown>:1#1 
66863      INFO  Test worker     d.u.i.k.n.KeyIO           MODE: declarations took 1 ms 
66863      DEBUG Test worker     d.u.i.k.n.KeyIO           MODE: 2nd degree decls took 0 
67801      INFO  Test worker     d.u.i.k.n.KeyIO           Parsing took 0 ms 
67802      DEBUG Test worker     d.u.i.k.n.KeyIO           Load declarations of de.uka.ilkd.key.nparser.KeyAst$File:  <unknown>:1#1 
67802      INFO  Test worker     d.u.i.k.n.KeyIO           MODE: declarations took 0 ms 
67803      DEBUG Test worker     d.u.i.k.n.KeyIO           MODE: 2nd degree decls took 1 
70820      INFO  Test worker     d.u.i.k.n.KeyIO           Parsing took 0 ms 
70820      DEBUG Test worker     d.u.i.k.n.KeyIO           Load declarations of de.uka.ilkd.key.nparser.KeyAst$File:  <unknown>:1#1 
70820      INFO  Test worker     d.u.i.k.n.KeyIO           MODE: declarations took 0 ms 
70820      DEBUG Test worker     d.u.i.k.n.KeyIO           MODE: 2nd degree decls took 0 
71720      INFO  Test worker     d.u.i.k.n.KeyIO           Parsing took 1 ms 
71720      DEBUG Test worker     d.u.i.k.n.KeyIO           Load declarations of de.uka.ilkd.key.nparser.KeyAst$File:  <unknown>:1#1 
71720      INFO  Test worker     d.u.i.k.n.KeyIO           MODE: declarations took 0 ms 
71720      DEBUG Test worker     d.u.i.k.n.KeyIO           MODE: 2nd degree decls took 0 
74709      INFO  Test worker     d.u.i.k.n.KeyIO           Parsing took 0 ms 
74709      DEBUG Test worker     d.u.i.k.n.KeyIO           Load declarations of de.uka.ilkd.key.nparser.KeyAst$File:  <unknown>:1#1 
74709      INFO  Test worker     d.u.i.k.n.KeyIO           MODE: declarations took 0 ms 
74709      DEBUG Test worker     d.u.i.k.n.KeyIO           MODE: 2nd degree decls took 0 
75635      INFO  Test worker     d.u.i.k.n.KeyIO           Parsing took 0 ms 
75635      DEBUG Test worker     d.u.i.k.n.KeyIO           Load declarations of de.uka.ilkd.key.nparser.KeyAst$File:  <unknown>:1#1 
75635      INFO  Test worker     d.u.i.k.n.KeyIO           MODE: declarations took 0 ms 
75635      DEBUG Test worker     d.u.i.k.n.KeyIO           MODE: 2nd degree decls took 0 
81722      INFO  Test worker     d.u.i.k.n.KeyIO           Parsing took 0 ms 
81722      DEBUG Test worker     d.u.i.k.n.KeyIO           Load declarations of de.uka.ilkd.key.nparser.KeyAst$File:  <unknown>:1#1 
81723      INFO  Test worker     d.u.i.k.n.KeyIO           MODE: declarations took 1 ms 
81723      DEBUG Test worker     d.u.i.k.n.KeyIO           MODE: 2nd degree decls took 0 
82653      INFO  Test worker     d.u.i.k.n.KeyIO           Parsing took 0 ms 
82654      DEBUG Test worker     d.u.i.k.n.KeyIO           Load declarations of de.uka.ilkd.key.nparser.KeyAst$File:  <unknown>:1#1 
82654      INFO  Test worker     d.u.i.k.n.KeyIO           MODE: declarations took 0 ms 
82654      DEBUG Test worker     d.u.i.k.n.KeyIO           MODE: 2nd degree decls took 0 
85642      INFO  Test worker     d.u.i.k.n.KeyIO           Parsing took 0 ms 
85642      DEBUG Test worker     d.u.i.k.n.KeyIO           Load declarations of de.uka.ilkd.key.nparser.KeyAst$File:  <unknown>:1#1 
85642      INFO  Test worker     d.u.i.k.n.KeyIO           MODE: declarations took 0 ms 
85646      DEBUG Test worker     d.u.i.k.n.KeyIO           MODE: 2nd degree decls took 1 
86599      INFO  Test worker     d.u.i.k.n.KeyIO           Parsing took 0 ms 
86600      DEBUG Test worker     d.u.i.k.n.KeyIO           Load declarations of de.uka.ilkd.key.nparser.KeyAst$File:  <unknown>:1#1 
86600      INFO  Test worker     d.u.i.k.n.KeyIO           MODE: declarations took 0 ms 
86600      DEBUG Test worker     d.u.i.k.n.KeyIO           MODE: 2nd degree decls took 0 
]]></system-out>
  <system-err><![CDATA[]]></system-err>
</testsuite>
