<?xml version="1.0" encoding="UTF-8"?>
<testsuite name="de.uka.ilkd.key.parser.TestTacletParser" tests="20" skipped="0" failures="0" errors="0" timestamp="2023-04-20T12:50:15" hostname="fv-az1246-748" time="0.092">
  <properties/>
  <testcase name="testAllRight()" classname="de.uka.ilkd.key.parser.TestTacletParser" time="0.007"/>
  <testcase name="testSchemaJava0()" classname="de.uka.ilkd.key.parser.TestTacletParser" time="0.007"/>
  <testcase name="testSchemaJava1()" classname="de.uka.ilkd.key.parser.TestTacletParser" time="0.016"/>
  <testcase name="testSchemaJava2()" classname="de.uka.ilkd.key.parser.TestTacletParser" time="0.015"/>
  <testcase name="testSchemaJava4()" classname="de.uka.ilkd.key.parser.TestTacletParser" time="0.003"/>
  <testcase name="testSchemaJava6()" classname="de.uka.ilkd.key.parser.TestTacletParser" time="0.002"/>
  <testcase name="testSchemaJava8()" classname="de.uka.ilkd.key.parser.TestTacletParser" time="0.007"/>
  <testcase name="testCut()" classname="de.uka.ilkd.key.parser.TestTacletParser" time="0.001"/>
  <testcase name="testMakeInsertEq()" classname="de.uka.ilkd.key.parser.TestTacletParser" time="0.001"/>
  <testcase name="testAllLeft()" classname="de.uka.ilkd.key.parser.TestTacletParser" time="0.002"/>
  <testcase name="testClose()" classname="de.uka.ilkd.key.parser.TestTacletParser" time="0.001"/>
  <testcase name="testSchemaJava10()" classname="de.uka.ilkd.key.parser.TestTacletParser" time="0.002"/>
  <testcase name="testSchemaJava11()" classname="de.uka.ilkd.key.parser.TestTacletParser" time="0.004"/>
  <testcase name="testFIdempotent()" classname="de.uka.ilkd.key.parser.TestTacletParser" time="0.002"/>
  <testcase name="testImpRight()" classname="de.uka.ilkd.key.parser.TestTacletParser" time="0.001"/>
  <testcase name="testVarcondNew()" classname="de.uka.ilkd.key.parser.TestTacletParser" time="0.002"/>
  <testcase name="testFreeReplacewithVariables()" classname="de.uka.ilkd.key.parser.TestTacletParser" time="0.002"/>
  <testcase name="testImpLeft()" classname="de.uka.ilkd.key.parser.TestTacletParser" time="0.002"/>
  <testcase name="testContraposition()" classname="de.uka.ilkd.key.parser.TestTacletParser" time="0.001"/>
  <testcase name="testExConjSplit()" classname="de.uka.ilkd.key.parser.TestTacletParser" time="0.002"/>
  <system-out><![CDATA[314974     INFO  Test worker     d.u.i.k.n.KeyIO           Parsing took 0 ms 
314974     DEBUG Test worker     d.u.i.k.n.KeyIO           Load declarations of de.uka.ilkd.key.nparser.KeyAst$File:  <unknown>:1#1 
314974     INFO  Test worker     d.u.i.k.n.KeyIO           MODE: declarations took 0 ms 
314974     DEBUG Test worker     d.u.i.k.n.KeyIO           MODE: 2nd degree decls took 0 
314975     DEBUG Test worker     d.u.i.k.n.KeyIO           MODE: taclets took 0ms 
314978     INFO  Test worker     d.u.i.k.n.KeyIO           Parsing took 0 ms 
314979     DEBUG Test worker     d.u.i.k.n.KeyIO           Load declarations of de.uka.ilkd.key.nparser.KeyAst$File:  <unknown>:2#1 
314979     INFO  Test worker     d.u.i.k.n.KeyIO           MODE: declarations took 0 ms 
314979     DEBUG Test worker     d.u.i.k.n.KeyIO           MODE: 2nd degree decls took 0 
314980     DEBUG Test worker     d.u.i.k.n.KeyIO           MODE: taclets took 1ms 
314983     INFO  Test worker     d.u.i.k.n.KeyIO           Parsing took 0 ms 
314983     DEBUG Test worker     d.u.i.k.n.KeyIO           Load declarations of de.uka.ilkd.key.nparser.KeyAst$File:  <unknown>:1#1 
314984     INFO  Test worker     d.u.i.k.n.KeyIO           MODE: declarations took 1 ms 
314984     DEBUG Test worker     d.u.i.k.n.KeyIO           MODE: 2nd degree decls took 0 
314985     DEBUG Test worker     d.u.i.k.n.KeyIO           MODE: taclets took 0ms 
314985     INFO  Test worker     d.u.i.k.n.KeyIO           Parsing took 0 ms 
314985     DEBUG Test worker     d.u.i.k.n.KeyIO           Load declarations of de.uka.ilkd.key.nparser.KeyAst$File:  <unknown>:2#1 
314986     INFO  Test worker     d.u.i.k.n.KeyIO           MODE: declarations took 1 ms 
314986     DEBUG Test worker     d.u.i.k.n.KeyIO           MODE: 2nd degree decls took 0 
314989     DEBUG Test worker     d.u.i.k.n.KeyIO           MODE: taclets took 1ms 
314993     INFO  Test worker     d.u.i.k.n.KeyIO           Parsing took 0 ms 
314993     DEBUG Test worker     d.u.i.k.n.KeyIO           Load declarations of de.uka.ilkd.key.nparser.KeyAst$File:  <unknown>:1#1 
314993     INFO  Test worker     d.u.i.k.n.KeyIO           MODE: declarations took 0 ms 
314993     DEBUG Test worker     d.u.i.k.n.KeyIO           MODE: 2nd degree decls took 0 
314994     DEBUG Test worker     d.u.i.k.n.KeyIO           MODE: taclets took 0ms 
314995     WARN  Test worker     d.u.i.k.n.KeYParser       [syntax-error] <unknown>:2:21: extraneous input '<' expecting {MODALITY, FORALL, EXISTS, '\if', '\ifEx', 'true', 'false', '(', ')', '{', '@', NOT, '-', STRING_LITERAL, CHAR_LITERAL, BIN_LITERAL, HEX_LITERAL, IDENT, INT_LITERAL, FLOAT_LITERAL, DOUBLE_LITERAL, REAL_LITERAL} [@12,22:22='<',<173>,2:21] (argument_list, call, accessterm, primitive_term, primitive_labeled_term, bracket_term, atom_prefix, strong_arith_term_2, strong_arith_term_1, weak_arith_term, comparison_term, equality_term, term60, conjunction_term, disjunction_term, implication_term, equivalence_term, elementary_update_term, parallel_term, term, taclet, rulesOrAxioms, decls, file) 
315003     WARN  Test worker     d.u.i.k.n.KeYParser       [syntax-error] <unknown>:2:23: no viable alternative at input '{..' [@14,24:25='..',<144>,2:23] (atom_prefix, strong_arith_term_2, strong_arith_term_1, weak_arith_term, comparison_term, equality_term, term60, conjunction_term, disjunction_term, implication_term, equivalence_term, elementary_update_term, parallel_term, term, argument_list, call, accessterm, primitive_term, primitive_labeled_term, bracket_term, atom_prefix, strong_arith_term_2, strong_arith_term_1, weak_arith_term, comparison_term, equality_term, term60, conjunction_term, disjunction_term, implication_term, equivalence_term, elementary_update_term, parallel_term, term, taclet, rulesOrAxioms, decls, file) 
315004     WARN  Test worker     d.u.i.k.n.KeYParser       [syntax-error] <unknown>:2:33: mismatched input ';' expecting {',', ')'} [@21,34:34=';',<138>,2:33] (argument_list, call, accessterm, primitive_term, primitive_labeled_term, bracket_term, atom_prefix, strong_arith_term_2, strong_arith_term_1, weak_arith_term, comparison_term, equality_term, term60, conjunction_term, disjunction_term, implication_term, equivalence_term, elementary_update_term, parallel_term, term, taclet, rulesOrAxioms, decls, file) 
315005     WARN  Test worker     d.u.i.k.n.KeYParser       [syntax-error] <unknown>:2:41: no viable alternative at input '#i;' [@26,42:42=';',<138>,2:41] (option_list, taclet, rulesOrAxioms, decls, file) 
315005     WARN  Test worker     d.u.i.k.n.KeYParser       [syntax-error] <unknown>:2:43: mismatched input '<' expecting {'(', '{'} [@28,44:44='<',<173>,2:43] (taclet, rulesOrAxioms, decls, file) 
315006     WARN  Test worker     d.u.i.k.n.KeYParser       [syntax-error] <unknown>:2:47: mismatched input '+' expecting {'(', '{'} [@32,48:48='+',<167>,2:47] (taclet, rulesOrAxioms, decls, file) 
315006     WARN  Test worker     d.u.i.k.n.KeYParser       [syntax-error] <unknown>:2:52: extraneous input '..' expecting {'\lemma', '}', IDENT, '/*!'} [@37,53:54='..',<144>,2:52] (rulesOrAxioms, decls, file) 
315007     WARN  Test worker     d.u.i.k.n.KeYParser       [syntax-error] <unknown>:2:56: mismatched input '>' expecting {<EOF>, '\problem', '\chooseContract', '\proofObligation', '\proof'} [@40,57:57='>',<168>,2:56] (file) 
315020     INFO  Test worker     d.u.i.k.n.KeyIO           Parsing took 6 ms 
315020     DEBUG Test worker     d.u.i.k.n.KeyIO           Load declarations of de.uka.ilkd.key.nparser.KeyAst$File:  <unknown>:1#1 
315021     INFO  Test worker     d.u.i.k.n.KeyIO           MODE: declarations took 1 ms 
315021     DEBUG Test worker     d.u.i.k.n.KeyIO           MODE: 2nd degree decls took 0 
315022     DEBUG Test worker     d.u.i.k.n.KeyIO           MODE: taclets took 1ms 
315024     WARN  Test worker     d.u.i.k.n.KeYParser       [syntax-error] <unknown>:2:21: extraneous input '<' expecting {MODALITY, FORALL, EXISTS, '\if', '\ifEx', 'true', 'false', '(', ')', '{', '@', NOT, '-', STRING_LITERAL, CHAR_LITERAL, BIN_LITERAL, HEX_LITERAL, IDENT, INT_LITERAL, FLOAT_LITERAL, DOUBLE_LITERAL, REAL_LITERAL} [@12,22:22='<',<173>,2:21] (argument_list, call, accessterm, primitive_term, primitive_labeled_term, bracket_term, atom_prefix, strong_arith_term_2, strong_arith_term_1, weak_arith_term, comparison_term, equality_term, term60, conjunction_term, disjunction_term, implication_term, equivalence_term, elementary_update_term, parallel_term, term, taclet, rulesOrAxioms, decls, file) 
315025     WARN  Test worker     d.u.i.k.n.KeYParser       [syntax-error] <unknown>:2:23: no viable alternative at input '{..' [@14,24:25='..',<144>,2:23] (atom_prefix, strong_arith_term_2, strong_arith_term_1, weak_arith_term, comparison_term, equality_term, term60, conjunction_term, disjunction_term, implication_term, equivalence_term, elementary_update_term, parallel_term, term, argument_list, call, accessterm, primitive_term, primitive_labeled_term, bracket_term, atom_prefix, strong_arith_term_2, strong_arith_term_1, weak_arith_term, comparison_term, equality_term, term60, conjunction_term, disjunction_term, implication_term, equivalence_term, elementary_update_term, parallel_term, term, taclet, rulesOrAxioms, decls, file) 
315025     WARN  Test worker     d.u.i.k.n.KeYParser       [syntax-error] <unknown>:2:33: mismatched input ';' expecting {',', ')'} [@21,34:34=';',<138>,2:33] (argument_list, call, accessterm, primitive_term, primitive_labeled_term, bracket_term, atom_prefix, strong_arith_term_2, strong_arith_term_1, weak_arith_term, comparison_term, equality_term, term60, conjunction_term, disjunction_term, implication_term, equivalence_term, elementary_update_term, parallel_term, term, taclet, rulesOrAxioms, decls, file) 
315027     WARN  Test worker     d.u.i.k.n.KeYParser       [syntax-error] <unknown>:2:43: no viable alternative at input '#lab;' [@26,44:44=';',<138>,2:43] (option_list, taclet, rulesOrAxioms, decls, file) 
315027     WARN  Test worker     d.u.i.k.n.KeYParser       [syntax-error] <unknown>:2:45: mismatched input '<' expecting {'(', '{'} [@28,46:46='<',<173>,2:45] (taclet, rulesOrAxioms, decls, file) 
315027     WARN  Test worker     d.u.i.k.n.KeYParser       [syntax-error] <unknown>:2:50: mismatched input '+' expecting {'(', '{'} [@32,51:51='+',<167>,2:50] (taclet, rulesOrAxioms, decls, file) 
315027     WARN  Test worker     d.u.i.k.n.KeYParser       [syntax-error] <unknown>:2:56: extraneous input '..' expecting {'\lemma', '}', IDENT, '/*!'} [@38,57:58='..',<144>,2:56] (rulesOrAxioms, decls, file) 
315027     WARN  Test worker     d.u.i.k.n.KeYParser       [syntax-error] <unknown>:2:60: mismatched input '>' expecting {<EOF>, '\problem', '\chooseContract', '\proofObligation', '\proof'} [@41,61:61='>',<168>,2:60] (file) 
315028     INFO  Test worker     d.u.i.k.n.KeyIO           Parsing took 0 ms 
315028     DEBUG Test worker     d.u.i.k.n.KeyIO           Load declarations of de.uka.ilkd.key.nparser.KeyAst$File:  <unknown>:1#1 
315029     INFO  Test worker     d.u.i.k.n.KeyIO           MODE: declarations took 1 ms 
315029     DEBUG Test worker     d.u.i.k.n.KeyIO           MODE: 2nd degree decls took 0 
315029     DEBUG Test worker     d.u.i.k.n.KeyIO           MODE: taclets took 0ms 
315029     INFO  Test worker     d.u.i.k.n.KeyIO           Parsing took 0 ms 
315029     DEBUG Test worker     d.u.i.k.n.KeyIO           Load declarations of de.uka.ilkd.key.nparser.KeyAst$File:  <unknown>:2#1 
315030     INFO  Test worker     d.u.i.k.n.KeyIO           MODE: declarations took 1 ms 
315030     DEBUG Test worker     d.u.i.k.n.KeyIO           MODE: 2nd degree decls took 0 
315031     DEBUG Test worker     d.u.i.k.n.KeyIO           MODE: taclets took 1ms 
315031     INFO  Test worker     d.u.i.k.n.KeyIO           Parsing took 0 ms 
315031     DEBUG Test worker     d.u.i.k.n.KeyIO           Load declarations of de.uka.ilkd.key.nparser.KeyAst$File:  <unknown>:1#1 
315031     INFO  Test worker     d.u.i.k.n.KeyIO           MODE: declarations took 0 ms 
315031     DEBUG Test worker     d.u.i.k.n.KeyIO           MODE: 2nd degree decls took 0 
315032     DEBUG Test worker     d.u.i.k.n.KeyIO           MODE: taclets took 0ms 
315032     INFO  Test worker     d.u.i.k.n.KeyIO           Parsing took 0 ms 
315032     DEBUG Test worker     d.u.i.k.n.KeyIO           Load declarations of de.uka.ilkd.key.nparser.KeyAst$File:  <unknown>:2#1 
315032     INFO  Test worker     d.u.i.k.n.KeyIO           MODE: declarations took 0 ms 
315032     DEBUG Test worker     d.u.i.k.n.KeyIO           MODE: 2nd degree decls took 0 
315033     DEBUG Test worker     d.u.i.k.n.KeyIO           MODE: taclets took 1ms 
315039     INFO  Test worker     d.u.i.k.n.KeyIO           Parsing took 0 ms 
315039     DEBUG Test worker     d.u.i.k.n.KeyIO           Load declarations of de.uka.ilkd.key.nparser.KeyAst$File:  <unknown>:1#1 
315039     INFO  Test worker     d.u.i.k.n.KeyIO           MODE: declarations took 0 ms 
315039     DEBUG Test worker     d.u.i.k.n.KeyIO           MODE: 2nd degree decls took 0 
315039     DEBUG Test worker     d.u.i.k.n.KeyIO           MODE: taclets took 0ms 
315039     INFO  Test worker     d.u.i.k.n.KeyIO           Parsing took 0 ms 
315039     DEBUG Test worker     d.u.i.k.n.KeyIO           Load declarations of de.uka.ilkd.key.nparser.KeyAst$File:  <unknown>:2#1 
315039     INFO  Test worker     d.u.i.k.n.KeyIO           MODE: declarations took 0 ms 
315039     DEBUG Test worker     d.u.i.k.n.KeyIO           MODE: 2nd degree decls took 0 
315040     DEBUG Test worker     d.u.i.k.n.KeyIO           MODE: taclets took 0ms 
315040     INFO  Test worker     d.u.i.k.n.KeyIO           Parsing took 0 ms 
315040     DEBUG Test worker     d.u.i.k.n.KeyIO           Load declarations of de.uka.ilkd.key.nparser.KeyAst$File:  <unknown>:1#1 
315041     INFO  Test worker     d.u.i.k.n.KeyIO           MODE: declarations took 1 ms 
315041     DEBUG Test worker     d.u.i.k.n.KeyIO           MODE: 2nd degree decls took 0 
315041     DEBUG Test worker     d.u.i.k.n.KeyIO           MODE: taclets took 0ms 
315041     INFO  Test worker     d.u.i.k.n.KeyIO           Parsing took 0 ms 
315041     DEBUG Test worker     d.u.i.k.n.KeyIO           Load declarations of de.uka.ilkd.key.nparser.KeyAst$File:  <unknown>:2#1 
315041     INFO  Test worker     d.u.i.k.n.KeyIO           MODE: declarations took 0 ms 
315041     DEBUG Test worker     d.u.i.k.n.KeyIO           MODE: 2nd degree decls took 0 
315042     DEBUG Test worker     d.u.i.k.n.KeyIO           MODE: taclets took 1ms 
315042     INFO  Test worker     d.u.i.k.n.KeyIO           Parsing took 0 ms 
315042     DEBUG Test worker     d.u.i.k.n.KeyIO           Load declarations of de.uka.ilkd.key.nparser.KeyAst$File:  <unknown>:1#1 
315042     INFO  Test worker     d.u.i.k.n.KeyIO           MODE: declarations took 0 ms 
315042     DEBUG Test worker     d.u.i.k.n.KeyIO           MODE: 2nd degree decls took 0 
315043     DEBUG Test worker     d.u.i.k.n.KeyIO           MODE: taclets took 1ms 
315043     INFO  Test worker     d.u.i.k.n.KeyIO           Parsing took 0 ms 
315043     DEBUG Test worker     d.u.i.k.n.KeyIO           Load declarations of de.uka.ilkd.key.nparser.KeyAst$File:  <unknown>:2#1 
315043     INFO  Test worker     d.u.i.k.n.KeyIO           MODE: declarations took 0 ms 
315043     DEBUG Test worker     d.u.i.k.n.KeyIO           MODE: 2nd degree decls took 0 
315043     DEBUG Test worker     d.u.i.k.n.KeyIO           MODE: taclets took 0ms 
315044     INFO  Test worker     d.u.i.k.n.KeyIO           Parsing took 0 ms 
315044     DEBUG Test worker     d.u.i.k.n.KeyIO           Load declarations of de.uka.ilkd.key.nparser.KeyAst$File:  <unknown>:1#1 
315044     INFO  Test worker     d.u.i.k.n.KeyIO           MODE: declarations took 0 ms 
315044     DEBUG Test worker     d.u.i.k.n.KeyIO           MODE: 2nd degree decls took 0 
315044     DEBUG Test worker     d.u.i.k.n.KeyIO           MODE: taclets took 0ms 
315045     INFO  Test worker     d.u.i.k.n.KeyIO           Parsing took 0 ms 
315045     DEBUG Test worker     d.u.i.k.n.KeyIO           Load declarations of de.uka.ilkd.key.nparser.KeyAst$File:  <unknown>:2#1 
315045     INFO  Test worker     d.u.i.k.n.KeyIO           MODE: declarations took 0 ms 
315045     DEBUG Test worker     d.u.i.k.n.KeyIO           MODE: 2nd degree decls took 0 
315045     DEBUG Test worker     d.u.i.k.n.KeyIO           MODE: taclets took 0ms 
315046     INFO  Test worker     d.u.i.k.n.KeyIO           Parsing took 1 ms 
315046     DEBUG Test worker     d.u.i.k.n.KeyIO           Load declarations of de.uka.ilkd.key.nparser.KeyAst$File:  <unknown>:1#1 
315046     INFO  Test worker     d.u.i.k.n.KeyIO           MODE: declarations took 0 ms 
315046     DEBUG Test worker     d.u.i.k.n.KeyIO           MODE: 2nd degree decls took 0 
315046     DEBUG Test worker     d.u.i.k.n.KeyIO           MODE: taclets took 0ms 
315046     INFO  Test worker     d.u.i.k.n.KeyIO           Parsing took 0 ms 
315046     DEBUG Test worker     d.u.i.k.n.KeyIO           Load declarations of de.uka.ilkd.key.nparser.KeyAst$File:  <unknown>:2#1 
315046     INFO  Test worker     d.u.i.k.n.KeyIO           MODE: declarations took 0 ms 
315046     DEBUG Test worker     d.u.i.k.n.KeyIO           MODE: 2nd degree decls took 0 
315046     DEBUG Test worker     d.u.i.k.n.KeyIO           MODE: taclets took 0ms 
315047     INFO  Test worker     d.u.i.k.n.KeyIO           Parsing took 0 ms 
315047     DEBUG Test worker     d.u.i.k.n.KeyIO           Load declarations of de.uka.ilkd.key.nparser.KeyAst$File:  <unknown>:1#1 
315047     INFO  Test worker     d.u.i.k.n.KeyIO           MODE: declarations took 0 ms 
315047     DEBUG Test worker     d.u.i.k.n.KeyIO           MODE: 2nd degree decls took 0 
315047     DEBUG Test worker     d.u.i.k.n.KeyIO           MODE: taclets took 0ms 
315047     INFO  Test worker     d.u.i.k.n.KeyIO           Parsing took 0 ms 
315047     DEBUG Test worker     d.u.i.k.n.KeyIO           Load declarations of de.uka.ilkd.key.nparser.KeyAst$File:  <unknown>:2#1 
315047     INFO  Test worker     d.u.i.k.n.KeyIO           MODE: declarations took 0 ms 
315047     DEBUG Test worker     d.u.i.k.n.KeyIO           MODE: 2nd degree decls took 0 
315048     DEBUG Test worker     d.u.i.k.n.KeyIO           MODE: taclets took 0ms 
315048     INFO  Test worker     d.u.i.k.n.KeyIO           Parsing took 0 ms 
315048     DEBUG Test worker     d.u.i.k.n.KeyIO           Load declarations of de.uka.ilkd.key.nparser.KeyAst$File:  <unknown>:1#1 
315048     INFO  Test worker     d.u.i.k.n.KeyIO           MODE: declarations took 0 ms 
315048     DEBUG Test worker     d.u.i.k.n.KeyIO           MODE: 2nd degree decls took 0 
315049     DEBUG Test worker     d.u.i.k.n.KeyIO           MODE: taclets took 0ms 
315050     INFO  Test worker     d.u.i.k.n.KeyIO           Parsing took 1 ms 
315050     DEBUG Test worker     d.u.i.k.n.KeyIO           Load declarations of de.uka.ilkd.key.nparser.KeyAst$File:  <unknown>:2#1 
315050     INFO  Test worker     d.u.i.k.n.KeyIO           MODE: declarations took 0 ms 
315050     DEBUG Test worker     d.u.i.k.n.KeyIO           MODE: 2nd degree decls took 0 
315052     DEBUG Test worker     d.u.i.k.n.KeyIO           MODE: taclets took 2ms 
315053     INFO  Test worker     d.u.i.k.n.KeyIO           Parsing took 1 ms 
315053     DEBUG Test worker     d.u.i.k.n.KeyIO           Load declarations of de.uka.ilkd.key.nparser.KeyAst$File:  <unknown>:1#1 
315053     INFO  Test worker     d.u.i.k.n.KeyIO           MODE: declarations took 0 ms 
315053     DEBUG Test worker     d.u.i.k.n.KeyIO           MODE: 2nd degree decls took 0 
315053     DEBUG Test worker     d.u.i.k.n.KeyIO           MODE: taclets took 0ms 
315053     INFO  Test worker     d.u.i.k.n.KeyIO           Parsing took 0 ms 
315053     DEBUG Test worker     d.u.i.k.n.KeyIO           Load declarations of de.uka.ilkd.key.nparser.KeyAst$File:  <unknown>:2#1 
315053     INFO  Test worker     d.u.i.k.n.KeyIO           MODE: declarations took 0 ms 
315053     DEBUG Test worker     d.u.i.k.n.KeyIO           MODE: 2nd degree decls took 0 
315054     DEBUG Test worker     d.u.i.k.n.KeyIO           MODE: taclets took 0ms 
315054     INFO  Test worker     d.u.i.k.n.KeyIO           Parsing took 0 ms 
315054     DEBUG Test worker     d.u.i.k.n.KeyIO           Load declarations of de.uka.ilkd.key.nparser.KeyAst$File:  <unknown>:1#1 
315054     INFO  Test worker     d.u.i.k.n.KeyIO           MODE: declarations took 0 ms 
315054     DEBUG Test worker     d.u.i.k.n.KeyIO           MODE: 2nd degree decls took 0 
315055     DEBUG Test worker     d.u.i.k.n.KeyIO           MODE: taclets took 1ms 
315055     INFO  Test worker     d.u.i.k.n.KeyIO           Parsing took 0 ms 
315055     DEBUG Test worker     d.u.i.k.n.KeyIO           Load declarations of de.uka.ilkd.key.nparser.KeyAst$File:  <unknown>:2#1 
315055     INFO  Test worker     d.u.i.k.n.KeyIO           MODE: declarations took 0 ms 
315055     DEBUG Test worker     d.u.i.k.n.KeyIO           MODE: 2nd degree decls took 0 
315055     DEBUG Test worker     d.u.i.k.n.KeyIO           MODE: taclets took 0ms 
315056     INFO  Test worker     d.u.i.k.n.KeyIO           Parsing took 0 ms 
315056     DEBUG Test worker     d.u.i.k.n.KeyIO           Load declarations of de.uka.ilkd.key.nparser.KeyAst$File:  <unknown>:1#1 
315056     INFO  Test worker     d.u.i.k.n.KeyIO           MODE: declarations took 0 ms 
315056     DEBUG Test worker     d.u.i.k.n.KeyIO           MODE: 2nd degree decls took 0 
315057     DEBUG Test worker     d.u.i.k.n.KeyIO           MODE: taclets took 1ms 
315057     INFO  Test worker     d.u.i.k.n.KeyIO           Parsing took 0 ms 
315057     DEBUG Test worker     d.u.i.k.n.KeyIO           Load declarations of de.uka.ilkd.key.nparser.KeyAst$File:  <unknown>:2#1 
315057     INFO  Test worker     d.u.i.k.n.KeyIO           MODE: declarations took 0 ms 
315057     DEBUG Test worker     d.u.i.k.n.KeyIO           MODE: 2nd degree decls took 0 
315057     DEBUG Test worker     d.u.i.k.n.KeyIO           MODE: taclets took 0ms 
315058     INFO  Test worker     d.u.i.k.n.KeyIO           Parsing took 1 ms 
315058     DEBUG Test worker     d.u.i.k.n.KeyIO           Load declarations of de.uka.ilkd.key.nparser.KeyAst$File:  <unknown>:2#1 
315058     INFO  Test worker     d.u.i.k.n.KeyIO           MODE: declarations took 0 ms 
315058     DEBUG Test worker     d.u.i.k.n.KeyIO           MODE: 2nd degree decls took 0 
315058     DEBUG Test worker     d.u.i.k.n.KeyIO           MODE: taclets took 0ms 
315058     INFO  Test worker     d.u.i.k.n.KeyIO           Parsing took 0 ms 
315058     DEBUG Test worker     d.u.i.k.n.KeyIO           Load declarations of de.uka.ilkd.key.nparser.KeyAst$File:  <unknown>:1#1 
315058     INFO  Test worker     d.u.i.k.n.KeyIO           MODE: declarations took 0 ms 
315058     DEBUG Test worker     d.u.i.k.n.KeyIO           MODE: 2nd degree decls took 0 
315059     DEBUG Test worker     d.u.i.k.n.KeyIO           MODE: taclets took 0ms 
315059     INFO  Test worker     d.u.i.k.n.KeyIO           Parsing took 0 ms 
315059     DEBUG Test worker     d.u.i.k.n.KeyIO           Load declarations of de.uka.ilkd.key.nparser.KeyAst$File:  <unknown>:2#1 
315059     INFO  Test worker     d.u.i.k.n.KeyIO           MODE: declarations took 0 ms 
315059     DEBUG Test worker     d.u.i.k.n.KeyIO           MODE: 2nd degree decls took 0 
315061     INFO  Test worker     d.u.i.k.n.KeyIO           Parsing took 1 ms 
315061     DEBUG Test worker     d.u.i.k.n.KeyIO           Load declarations of de.uka.ilkd.key.nparser.KeyAst$File:  <unknown>:1#1 
315061     INFO  Test worker     d.u.i.k.n.KeyIO           MODE: declarations took 0 ms 
315061     DEBUG Test worker     d.u.i.k.n.KeyIO           MODE: 2nd degree decls took 0 
315061     DEBUG Test worker     d.u.i.k.n.KeyIO           MODE: taclets took 0ms 
315061     INFO  Test worker     d.u.i.k.n.KeyIO           Parsing took 0 ms 
315061     DEBUG Test worker     d.u.i.k.n.KeyIO           Load declarations of de.uka.ilkd.key.nparser.KeyAst$File:  <unknown>:2#1 
315061     INFO  Test worker     d.u.i.k.n.KeyIO           MODE: declarations took 0 ms 
315061     DEBUG Test worker     d.u.i.k.n.KeyIO           MODE: 2nd degree decls took 0 
315062     DEBUG Test worker     d.u.i.k.n.KeyIO           MODE: taclets took 0ms 
315062     INFO  Test worker     d.u.i.k.n.KeyIO           Parsing took 0 ms 
315062     DEBUG Test worker     d.u.i.k.n.KeyIO           Load declarations of de.uka.ilkd.key.nparser.KeyAst$File:  <unknown>:1#1 
315062     INFO  Test worker     d.u.i.k.n.KeyIO           MODE: declarations took 0 ms 
315062     DEBUG Test worker     d.u.i.k.n.KeyIO           MODE: 2nd degree decls took 0 
315063     DEBUG Test worker     d.u.i.k.n.KeyIO           MODE: taclets took 0ms 
315063     INFO  Test worker     d.u.i.k.n.KeyIO           Parsing took 0 ms 
315063     DEBUG Test worker     d.u.i.k.n.KeyIO           Load declarations of de.uka.ilkd.key.nparser.KeyAst$File:  <unknown>:2#1 
315063     INFO  Test worker     d.u.i.k.n.KeyIO           MODE: declarations took 0 ms 
315063     DEBUG Test worker     d.u.i.k.n.KeyIO           MODE: 2nd degree decls took 0 
315063     DEBUG Test worker     d.u.i.k.n.KeyIO           MODE: taclets took 0ms 
315064     INFO  Test worker     d.u.i.k.n.KeyIO           Parsing took 0 ms 
315064     DEBUG Test worker     d.u.i.k.n.KeyIO           Load declarations of de.uka.ilkd.key.nparser.KeyAst$File:  <unknown>:1#1 
315064     INFO  Test worker     d.u.i.k.n.KeyIO           MODE: declarations took 0 ms 
315064     DEBUG Test worker     d.u.i.k.n.KeyIO           MODE: 2nd degree decls took 0 
315064     DEBUG Test worker     d.u.i.k.n.KeyIO           MODE: taclets took 0ms 
315065     INFO  Test worker     d.u.i.k.n.KeyIO           Parsing took 1 ms 
315065     DEBUG Test worker     d.u.i.k.n.KeyIO           Load declarations of de.uka.ilkd.key.nparser.KeyAst$File:  <unknown>:2#1 
315065     INFO  Test worker     d.u.i.k.n.KeyIO           MODE: declarations took 0 ms 
315065     DEBUG Test worker     d.u.i.k.n.KeyIO           MODE: 2nd degree decls took 0 
315065     DEBUG Test worker     d.u.i.k.n.KeyIO           MODE: taclets took 0ms 
]]></system-out>
  <system-err><![CDATA[]]></system-err>
</testsuite>
