<?xml version="1.0" encoding="UTF-8"?>
<testsuite name="de.uka.ilkd.key.macros.scripts.SMTCommandTest" tests="1" skipped="0" failures="0" errors="0" timestamp="2023-04-20T12:48:00" hostname="fv-az1246-748" time="0.005">
  <properties/>
  <testcase name="testInstantiation()" classname="de.uka.ilkd.key.macros.scripts.SMTCommandTest" time="0.005"/>
  <system-out><![CDATA[]]></system-out>
  <system-err><![CDATA[]]></system-err>
</testsuite>
