<?xml version="1.0" encoding="UTF-8"?>
<testsuite name="de.uka.ilkd.key.logic.TestTermLabelManager" tests="21" skipped="0" failures="0" errors="0" timestamp="2023-04-20T12:46:54" hostname="fv-az1246-748" time="59.029">
  <properties/>
  <testcase name="testInstantiateLabels_directChildPolicies_allRules()" classname="de.uka.ilkd.key.logic.TestTermLabelManager" time="4.511"/>
  <testcase name="testInstantiateLabels_childAndGrandchildPolicies_ruleSpecific()" classname="de.uka.ilkd.key.logic.TestTermLabelManager" time="3.023"/>
  <testcase name="testParseLabel()" classname="de.uka.ilkd.key.logic.TestTermLabelManager" time="3.089"/>
  <testcase name="testrefactorGoal_childrenAndGrandchildren_ruleSpecific()" classname="de.uka.ilkd.key.logic.TestTermLabelManager" time="3.023"/>
  <testcase name="testrefactorGoal_directChildren_allRules()" classname="de.uka.ilkd.key.logic.TestTermLabelManager" time="3.046"/>
  <testcase name="testInstantiateLabels_childAndGrandchildPolicies_allRules()" classname="de.uka.ilkd.key.logic.TestTermLabelManager" time="3.122"/>
  <testcase name="testInstantiateLabels_taclet()" classname="de.uka.ilkd.key.logic.TestTermLabelManager" time="3.08"/>
  <testcase name="testrefactorGoal_none_ruleSpecific()" classname="de.uka.ilkd.key.logic.TestTermLabelManager" time="3.106"/>
  <testcase name="testInstantiateLabels_updates_ruleSpecific()" classname="de.uka.ilkd.key.logic.TestTermLabelManager" time="2.976"/>
  <testcase name="testrefactorGoal_sequent_ruleSpecific()" classname="de.uka.ilkd.key.logic.TestTermLabelManager" time="2.98"/>
  <testcase name="testInstantiateLabels_updates_allRules()" classname="de.uka.ilkd.key.logic.TestTermLabelManager" time="3.018"/>
  <testcase name="testrefactorGoal_sequent_allRules()" classname="de.uka.ilkd.key.logic.TestTermLabelManager" time="2.959"/>
  <testcase name="testrefactorGoal_childrenAndGrandchildren_allRules()" classname="de.uka.ilkd.key.logic.TestTermLabelManager" time="3.062"/>
  <testcase name="testGetTermLabelManager()" classname="de.uka.ilkd.key.logic.TestTermLabelManager" time="0.001"/>
  <testcase name="testInstantiateLabels_applicationTermPolicies()" classname="de.uka.ilkd.key.logic.TestTermLabelManager" time="3.055"/>
  <testcase name="testInstantiateLabels_modalityTermPolicies()" classname="de.uka.ilkd.key.logic.TestTermLabelManager" time="2.951"/>
  <testcase name="testrefactorGoal_none_allRules()" classname="de.uka.ilkd.key.logic.TestTermLabelManager" time="2.997"/>
  <testcase name="testInstantiateLabels_null()" classname="de.uka.ilkd.key.logic.TestTermLabelManager" time="0.0"/>
  <testcase name="testrefactorGoal_directChildren_ruleSpecific()" classname="de.uka.ilkd.key.logic.TestTermLabelManager" time="3.069"/>
  <testcase name="testInstantiateLabels_directChildPolicies_ruleSpecific()" classname="de.uka.ilkd.key.logic.TestTermLabelManager" time="2.977"/>
  <testcase name="testGetSupportedTermLabelNames()" classname="de.uka.ilkd.key.logic.TestTermLabelManager" time="2.976"/>
  <system-out><![CDATA[113968     INFO  Test worker     d.u.i.k.p.i.AbstractProblemLoader Loading environment from src/test/resources/testcase/termLabels/flatSteps/FlatSteps.java 
113969     DEBUG Test worker     d.u.i.k.p.i.AbstractProblemLoader Environment load took 701.4ns 
113970     INFO  Test worker     d.u.i.k.p.i.AbstractProblemLoader Creating init config 
114141     DEBUG Test worker     d.u.i.k.j.TypeConverter   No LDT found for Meta 
114142     DEBUG Test worker     d.u.i.k.j.TypeConverter   No LDT found for Meta 
114143     DEBUG Test worker     d.u.i.k.j.TypeConverter   No LDT found for Meta 
114144     DEBUG Test worker     d.u.i.k.j.TypeConverter   No LDT found for Meta 
114925     DEBUG Test worker     d.u.i.k.j.TypeConverter   No LDT found for JavaBigintExpression 
118470     DEBUG Test worker     d.u.i.k.p.i.AbstractProblemLoader Init config took 4.5s 
118480     INFO  Test worker     d.u.i.k.p.i.AbstractProblemLoader Loading environment from src/test/resources/testcase/termLabels/flatSteps/FlatSteps.java 
118480     DEBUG Test worker     d.u.i.k.p.i.AbstractProblemLoader Environment load took 478.6ns 
118482     INFO  Test worker     d.u.i.k.p.i.AbstractProblemLoader Creating init config 
121497     DEBUG Test worker     d.u.i.k.p.i.AbstractProblemLoader Init config took 3.01s 
121501     INFO  Test worker     d.u.i.k.p.i.AbstractProblemLoader Loading environment from src/test/resources/testcase/termLabels/flatSteps/FlatSteps.java 
121501     DEBUG Test worker     d.u.i.k.p.i.AbstractProblemLoader Environment load took 133.2ns 
121502     INFO  Test worker     d.u.i.k.p.i.AbstractProblemLoader Creating init config 
124586     DEBUG Test worker     d.u.i.k.p.i.AbstractProblemLoader Init config took 3.08s 
124590     INFO  Test worker     d.u.i.k.p.i.AbstractProblemLoader Loading environment from src/test/resources/testcase/termLabels/flatSteps/FlatSteps.java 
124590     DEBUG Test worker     d.u.i.k.p.i.AbstractProblemLoader Environment load took 131.6ns 
124591     INFO  Test worker     d.u.i.k.p.i.AbstractProblemLoader Creating init config 
127605     DEBUG Test worker     d.u.i.k.p.i.AbstractProblemLoader Init config took 3.01s 
127613     INFO  Test worker     d.u.i.k.p.i.AbstractProblemLoader Loading environment from src/test/resources/testcase/termLabels/flatSteps/FlatSteps.java 
127613     DEBUG Test worker     d.u.i.k.p.i.AbstractProblemLoader Environment load took 118.3ns 
127614     INFO  Test worker     d.u.i.k.p.i.AbstractProblemLoader Creating init config 
130652     DEBUG Test worker     d.u.i.k.p.i.AbstractProblemLoader Init config took 3.04s 
130659     INFO  Test worker     d.u.i.k.p.i.AbstractProblemLoader Loading environment from src/test/resources/testcase/termLabels/flatSteps/FlatSteps.java 
130659     DEBUG Test worker     d.u.i.k.p.i.AbstractProblemLoader Environment load took 125.5ns 
130660     INFO  Test worker     d.u.i.k.p.i.AbstractProblemLoader Creating init config 
133777     DEBUG Test worker     d.u.i.k.p.i.AbstractProblemLoader Init config took 3.12s 
133782     INFO  Test worker     d.u.i.k.p.i.AbstractProblemLoader Loading environment from src/test/resources/testcase/termLabels/flatSteps/FlatSteps.java 
133783     DEBUG Test worker     d.u.i.k.p.i.AbstractProblemLoader Environment load took 433.7ns 
133784     INFO  Test worker     d.u.i.k.p.i.AbstractProblemLoader Creating init config 
136858     DEBUG Test worker     d.u.i.k.p.i.AbstractProblemLoader Init config took 3.07s 
136863     INFO  Test worker     d.u.i.k.p.i.AbstractProblemLoader Loading environment from src/test/resources/testcase/termLabels/flatSteps/FlatSteps.java 
136863     DEBUG Test worker     d.u.i.k.p.i.AbstractProblemLoader Environment load took 490.8ns 
136864     INFO  Test worker     d.u.i.k.p.i.AbstractProblemLoader Creating init config 
139961     DEBUG Test worker     d.u.i.k.p.i.AbstractProblemLoader Init config took 3.1s 
139968     INFO  Test worker     d.u.i.k.p.i.AbstractProblemLoader Loading environment from src/test/resources/testcase/termLabels/flatSteps/FlatSteps.java 
139969     DEBUG Test worker     d.u.i.k.p.i.AbstractProblemLoader Environment load took 200.6ns 
139970     INFO  Test worker     d.u.i.k.p.i.AbstractProblemLoader Creating init config 
142942     DEBUG Test worker     d.u.i.k.p.i.AbstractProblemLoader Init config took 2.97s 
142945     INFO  Test worker     d.u.i.k.p.i.AbstractProblemLoader Loading environment from src/test/resources/testcase/termLabels/flatSteps/FlatSteps.java 
142945     DEBUG Test worker     d.u.i.k.p.i.AbstractProblemLoader Environment load took 95.1ns 
142946     INFO  Test worker     d.u.i.k.p.i.AbstractProblemLoader Creating init config 
145917     DEBUG Test worker     d.u.i.k.p.i.AbstractProblemLoader Init config took 2.97s 
145926     INFO  Test worker     d.u.i.k.p.i.AbstractProblemLoader Loading environment from src/test/resources/testcase/termLabels/flatSteps/FlatSteps.java 
145926     DEBUG Test worker     d.u.i.k.p.i.AbstractProblemLoader Environment load took 143.8ns 
145927     INFO  Test worker     d.u.i.k.p.i.AbstractProblemLoader Creating init config 
148938     DEBUG Test worker     d.u.i.k.p.i.AbstractProblemLoader Init config took 3.01s 
148944     INFO  Test worker     d.u.i.k.p.i.AbstractProblemLoader Loading environment from src/test/resources/testcase/termLabels/flatSteps/FlatSteps.java 
148945     DEBUG Test worker     d.u.i.k.p.i.AbstractProblemLoader Environment load took 474.8ns 
148946     INFO  Test worker     d.u.i.k.p.i.AbstractProblemLoader Creating init config 
151892     DEBUG Test worker     d.u.i.k.p.i.AbstractProblemLoader Init config took 2.95s 
151907     INFO  Test worker     d.u.i.k.p.i.AbstractProblemLoader Loading environment from src/test/resources/testcase/termLabels/flatSteps/FlatSteps.java 
151907     DEBUG Test worker     d.u.i.k.p.i.AbstractProblemLoader Environment load took 490ns 
151908     INFO  Test worker     d.u.i.k.p.i.AbstractProblemLoader Creating init config 
154961     DEBUG Test worker     d.u.i.k.p.i.AbstractProblemLoader Init config took 3.05s 
154970     INFO  Test worker     d.u.i.k.p.i.AbstractProblemLoader Loading environment from src/test/resources/testcase/termLabels/flatSteps/FlatSteps.java 
154970     DEBUG Test worker     d.u.i.k.p.i.AbstractProblemLoader Environment load took 487.3ns 
154971     INFO  Test worker     d.u.i.k.p.i.AbstractProblemLoader Creating init config 
158022     DEBUG Test worker     d.u.i.k.p.i.AbstractProblemLoader Init config took 3.05s 
158025     INFO  Test worker     d.u.i.k.p.i.AbstractProblemLoader Loading environment from src/test/resources/testcase/termLabels/flatSteps/FlatSteps.java 
158025     DEBUG Test worker     d.u.i.k.p.i.AbstractProblemLoader Environment load took 115.1ns 
158026     INFO  Test worker     d.u.i.k.p.i.AbstractProblemLoader Creating init config 
160973     DEBUG Test worker     d.u.i.k.p.i.AbstractProblemLoader Init config took 2.95s 
160976     INFO  Test worker     d.u.i.k.p.i.AbstractProblemLoader Loading environment from src/test/resources/testcase/termLabels/flatSteps/FlatSteps.java 
160976     DEBUG Test worker     d.u.i.k.p.i.AbstractProblemLoader Environment load took 100ns 
160977     INFO  Test worker     d.u.i.k.p.i.AbstractProblemLoader Creating init config 
163966     DEBUG Test worker     d.u.i.k.p.i.AbstractProblemLoader Init config took 2.99s 
163973     INFO  Test worker     d.u.i.k.p.i.AbstractProblemLoader Loading environment from src/test/resources/testcase/termLabels/flatSteps/FlatSteps.java 
163973     DEBUG Test worker     d.u.i.k.p.i.AbstractProblemLoader Environment load took 100.6ns 
163974     INFO  Test worker     d.u.i.k.p.i.AbstractProblemLoader Creating init config 
167034     DEBUG Test worker     d.u.i.k.p.i.AbstractProblemLoader Init config took 3.06s 
167042     INFO  Test worker     d.u.i.k.p.i.AbstractProblemLoader Loading environment from src/test/resources/testcase/termLabels/flatSteps/FlatSteps.java 
167042     DEBUG Test worker     d.u.i.k.p.i.AbstractProblemLoader Environment load took 167.8ns 
167043     INFO  Test worker     d.u.i.k.p.i.AbstractProblemLoader Creating init config 
170016     DEBUG Test worker     d.u.i.k.p.i.AbstractProblemLoader Init config took 2.97s 
170019     INFO  Test worker     d.u.i.k.p.i.AbstractProblemLoader Loading environment from src/test/resources/testcase/termLabels/flatSteps/FlatSteps.java 
170020     DEBUG Test worker     d.u.i.k.p.i.AbstractProblemLoader Environment load took 688.2ns 
170021     INFO  Test worker     d.u.i.k.p.i.AbstractProblemLoader Creating init config 
172993     DEBUG Test worker     d.u.i.k.p.i.AbstractProblemLoader Init config took 2.97s 
]]></system-out>
  <system-err><![CDATA[]]></system-err>
</testsuite>
