<?xml version="1.0" encoding="UTF-8"?>
<testsuite name="de.uka.ilkd.key.rule.merge.PredicateAbstractionLatticeTests" tests="3" skipped="0" failures="0" errors="0" timestamp="2023-04-20T12:54:34" hostname="fv-az1246-748" time="6.185">
  <properties/>
  <testcase name="testToAndFromString()" classname="de.uka.ilkd.key.rule.merge.PredicateAbstractionLatticeTests" time="3.074"/>
  <testcase name="testCreateSignLatticeWithPredicates()" classname="de.uka.ilkd.key.rule.merge.PredicateAbstractionLatticeTests" time="3.111"/>
  <testcase name="testTrivialPredicatesLattice()" classname="de.uka.ilkd.key.rule.merge.PredicateAbstractionLatticeTests" time="0.0"/>
  <system-out><![CDATA[574053     INFO  Test worker     d.u.i.k.p.i.AbstractProblemLoader Loading environment from src/test/resources/testcase/merge/dummy.key 
574053     DEBUG Test worker     d.u.i.k.p.i.AbstractProblemLoader Environment load took 66.2ns 
574053     INFO  Test worker     d.u.i.k.p.i.AbstractProblemLoader Creating init config 
577109     DEBUG Test worker     d.u.i.k.p.i.AbstractProblemLoader Init config took 3.06s 
577123     INFO  Test worker     d.u.i.k.p.i.AbstractProblemLoader Replaying proof dummy.key 
577124     DEBUG Test worker     d.u.i.k.p.i.IntermediateProofReplayer Proof replay took 51.8ns 
577126     INFO  Test worker     d.u.i.k.p.i.AbstractProblemLoader Loading environment from src/test/resources/testcase/merge/dummy.key 
577126     DEBUG Test worker     d.u.i.k.p.i.AbstractProblemLoader Environment load took 75ns 
577126     INFO  Test worker     d.u.i.k.p.i.AbstractProblemLoader Creating init config 
580220     DEBUG Test worker     d.u.i.k.p.i.AbstractProblemLoader Init config took 3.09s 
580234     INFO  Test worker     d.u.i.k.p.i.AbstractProblemLoader Replaying proof dummy.key 
580235     DEBUG Test worker     d.u.i.k.p.i.IntermediateProofReplayer Proof replay took 3.6ns 
]]></system-out>
  <system-err><![CDATA[]]></system-err>
</testsuite>
