<?xml version="1.0" encoding="UTF-8"?>
<testsuite name="de.uka.ilkd.key.taclettranslation.TestTacletTranslator" tests="5" skipped="0" failures="0" errors="0" timestamp="2023-04-20T12:59:14" hostname="fv-az1246-748" time="0.01">
  <properties/>
  <testcase name="testPropositional1()" classname="de.uka.ilkd.key.taclettranslation.TestTacletTranslator" time="0.003"/>
  <testcase name="testPropositional2()" classname="de.uka.ilkd.key.taclettranslation.TestTacletTranslator" time="0.001"/>
  <testcase name="testNegativePolarity()" classname="de.uka.ilkd.key.taclettranslation.TestTacletTranslator" time="0.001"/>
  <testcase name="testNoPolarity()" classname="de.uka.ilkd.key.taclettranslation.TestTacletTranslator" time="0.004"/>
  <testcase name="testPositivePolarity()" classname="de.uka.ilkd.key.taclettranslation.TestTacletTranslator" time="0.001"/>
  <system-out><![CDATA[853267     INFO  Test worker     d.u.i.k.n.KeyIO           Parsing took 0 ms 
853267     DEBUG Test worker     d.u.i.k.n.KeyIO           Load declarations of de.uka.ilkd.key.nparser.KeyAst$File:  <unknown>:1#1 
853267     INFO  Test worker     d.u.i.k.n.KeyIO           MODE: declarations took 0 ms 
853267     DEBUG Test worker     d.u.i.k.n.KeyIO           MODE: 2nd degree decls took 0 
853267     DEBUG Test worker     d.u.i.k.n.KeyIO           MODE: taclets took 0ms 
853270     INFO  Test worker     d.u.i.k.n.KeyIO           Parsing took 0 ms 
853270     DEBUG Test worker     d.u.i.k.n.KeyIO           Load declarations of de.uka.ilkd.key.nparser.KeyAst$File:  <unknown>:1#1 
853270     INFO  Test worker     d.u.i.k.n.KeyIO           MODE: declarations took 0 ms 
853270     DEBUG Test worker     d.u.i.k.n.KeyIO           MODE: 2nd degree decls took 0 
853270     DEBUG Test worker     d.u.i.k.n.KeyIO           MODE: taclets took 0ms 
853271     INFO  Test worker     d.u.i.k.n.KeyIO           Parsing took 0 ms 
853271     DEBUG Test worker     d.u.i.k.n.KeyIO           Load declarations of de.uka.ilkd.key.nparser.KeyAst$File:  <unknown>:1#1 
853271     INFO  Test worker     d.u.i.k.n.KeyIO           MODE: declarations took 0 ms 
853271     DEBUG Test worker     d.u.i.k.n.KeyIO           MODE: 2nd degree decls took 0 
853271     DEBUG Test worker     d.u.i.k.n.KeyIO           MODE: taclets took 0ms 
853275     INFO  Test worker     d.u.i.k.n.KeyIO           Parsing took 0 ms 
853275     DEBUG Test worker     d.u.i.k.n.KeyIO           Load declarations of de.uka.ilkd.key.nparser.KeyAst$File:  <unknown>:1#1 
853275     INFO  Test worker     d.u.i.k.n.KeyIO           MODE: declarations took 0 ms 
853275     DEBUG Test worker     d.u.i.k.n.KeyIO           MODE: 2nd degree decls took 0 
853275     DEBUG Test worker     d.u.i.k.n.KeyIO           MODE: taclets took 0ms 
853276     INFO  Test worker     d.u.i.k.n.KeyIO           Parsing took 0 ms 
853276     DEBUG Test worker     d.u.i.k.n.KeyIO           Load declarations of de.uka.ilkd.key.nparser.KeyAst$File:  <unknown>:1#1 
853276     INFO  Test worker     d.u.i.k.n.KeyIO           MODE: declarations took 0 ms 
853276     DEBUG Test worker     d.u.i.k.n.KeyIO           MODE: 2nd degree decls took 0 
853277     DEBUG Test worker     d.u.i.k.n.KeyIO           MODE: taclets took 1ms 
]]></system-out>
  <system-err><![CDATA[]]></system-err>
</testsuite>
