<?xml version="1.0" encoding="UTF-8"?>
<testsuite name="de.uka.ilkd.key.proof.TestOneStepSimplifier" tests="1" skipped="0" failures="0" errors="0" timestamp="2023-04-20T12:52:24" hostname="fv-az1246-748" time="4.127">
  <properties/>
  <testcase name="loadWithRestriction()" classname="de.uka.ilkd.key.proof.TestOneStepSimplifier" time="4.127"/>
  <system-out><![CDATA[443448     INFO  Test worker     d.u.i.k.p.i.AbstractProblemLoader Loading environment from src/test/resources/testcase/ossRestriction.proof 
443448     DEBUG Test worker     d.u.i.k.p.i.AbstractProblemLoader Environment load took 349ns 
443452     INFO  Test worker     d.u.i.k.p.i.AbstractProblemLoader Creating init config 
443592     DEBUG Test worker     d.u.i.k.j.TypeConverter   No LDT found for Meta 
443593     DEBUG Test worker     d.u.i.k.j.TypeConverter   No LDT found for Meta 
443593     DEBUG Test worker     d.u.i.k.j.TypeConverter   No LDT found for Meta 
443594     DEBUG Test worker     d.u.i.k.j.TypeConverter   No LDT found for Meta 
444228     DEBUG Test worker     d.u.i.k.j.TypeConverter   No LDT found for JavaBigintExpression 
447547     DEBUG Test worker     d.u.i.k.p.i.AbstractProblemLoader Init config took 4.09s 
447571     INFO  Test worker     d.u.i.k.p.i.AbstractProblemLoader Replaying proof ossRestriction.proof 
447574     DEBUG Test worker     d.u.i.k.p.i.IntermediateProofReplayer Proof replay took 987.21ns 
]]></system-out>
  <system-err><![CDATA[]]></system-err>
</testsuite>
