<?xml version="1.0" encoding="UTF-8"?>
<testsuite name="de.uka.ilkd.key.java.TestContextStatementBlock" tests="1" skipped="0" failures="0" errors="0" timestamp="2023-04-20T12:45:24" hostname="fv-az1246-748" time="1.202">
  <properties/>
  <testcase name="testContextTermInstantiation()" classname="de.uka.ilkd.key.java.TestContextStatementBlock" time="1.202"/>
  <system-out><![CDATA[24361      INFO  Test worker     d.u.i.k.n.KeyIO           Parsing took 3 ms 
24361      DEBUG Test worker     d.u.i.k.n.KeyIO           Load declarations of de.uka.ilkd.key.nparser.KeyAst$File:  /home/runner/work/key/key/key.core/src/test/resources/testcase/testrules.key:9#1 
24376      INFO  Test worker     d.u.i.k.n.KeyIO           MODE: declarations took 15 ms 
24376      DEBUG Test worker     d.u.i.k.n.KeyIO           MODE: 2nd degree decls took 0 
24486      DEBUG Test worker     d.u.i.k.n.KeyIO           MODE: taclets took 109ms 
]]></system-out>
  <system-err><![CDATA[]]></system-err>
</testsuite>
