<?xml version="1.0" encoding="UTF-8"?>
<testsuite name="de.uka.ilkd.key.rule.tacletbuilder.TestTacletBuild" tests="5" skipped="0" failures="0" errors="0" timestamp="2023-04-20T12:54:41" hostname="fv-az1246-748" time="4.167">
  <properties/>
  <testcase name="testSchemavariablesInAddrulesRespectPrefix()" classname="de.uka.ilkd.key.rule.tacletbuilder.TestTacletBuild" time="4.162"/>
  <testcase name="testUniquenessOfIfAndFindVarSVBothInIf()" classname="de.uka.ilkd.key.rule.tacletbuilder.TestTacletBuild" time="0.0"/>
  <testcase name="test0()" classname="de.uka.ilkd.key.rule.tacletbuilder.TestTacletBuild" time="0.003"/>
  <testcase name="testUniquenessOfIfAndFindVarSVsInFind()" classname="de.uka.ilkd.key.rule.tacletbuilder.TestTacletBuild" time="0.001"/>
  <testcase name="testUniquenessOfIfAndFindVarSVsInIfAndFind()" classname="de.uka.ilkd.key.rule.tacletbuilder.TestTacletBuild" time="0.0"/>
  <system-out><![CDATA[581281     INFO  Test worker     d.u.i.k.n.KeyIO           Parsing took 3 ms 
581281     DEBUG Test worker     d.u.i.k.n.KeyIO           Load declarations of de.uka.ilkd.key.nparser.KeyAst$File:  /home/runner/work/key/key/key.core/src/test/resources/testcase/testrules.key:9#1 
581281     INFO  Test worker     d.u.i.k.n.KeyIO           MODE: declarations took 0 ms 
581281     DEBUG Test worker     d.u.i.k.n.KeyIO           MODE: 2nd degree decls took 0 
581319     DEBUG Test worker     d.u.i.k.n.KeyIO           MODE: taclets took 37ms 
]]></system-out>
  <system-err><![CDATA[]]></system-err>
</testsuite>
