<?xml version="1.0" encoding="UTF-8"?>
<testsuite name="de.uka.ilkd.key.rule.loop.LoopScopeInvRuleTests" tests="1" skipped="0" failures="0" errors="0" timestamp="2023-04-20T12:53:07" hostname="fv-az1246-748" time="4.844">
  <properties/>
  <testcase name="testDoAutomaticProofOfBenchmarkWithLabeledBreaksAndContinues()" classname="de.uka.ilkd.key.rule.loop.LoopScopeInvRuleTests" time="4.844"/>
  <system-out><![CDATA[486301     INFO  Test worker     d.u.i.k.p.i.AbstractProblemLoader Loading environment from src/test/resources/testcase/loopScopeInvRule/Test.key 
486302     DEBUG Test worker     d.u.i.k.p.i.AbstractProblemLoader Environment load took 416.3ns 
486303     INFO  Test worker     d.u.i.k.p.i.AbstractProblemLoader Creating init config 
486455     DEBUG Test worker     d.u.i.k.j.TypeConverter   No LDT found for Meta 
486456     DEBUG Test worker     d.u.i.k.j.TypeConverter   No LDT found for Meta 
486457     DEBUG Test worker     d.u.i.k.j.TypeConverter   No LDT found for Meta 
486457     DEBUG Test worker     d.u.i.k.j.TypeConverter   No LDT found for Meta 
487015     DEBUG Test worker     d.u.i.k.j.TypeConverter   No LDT found for JavaBigintExpression 
490512     DEBUG Test worker     d.u.i.k.p.i.AbstractProblemLoader Init config took 4.21s 
490555     INFO  Test worker     d.u.i.k.p.i.AbstractProblemLoader Replaying proof Test[Test::loopScopeRuleBenchmark(int,boolean)].JML normal_behavior operation contract.0 
490557     DEBUG Test worker     d.u.i.k.p.i.IntermediateProofReplayer Proof replay took 15.2ns 
]]></system-out>
  <system-err><![CDATA[]]></system-err>
</testsuite>
