<?xml version="1.0" encoding="UTF-8"?>
<testsuite name="de.uka.ilkd.key.proof.replay.TestCopyingReplayer" tests="1" skipped="0" failures="0" errors="0" timestamp="2023-04-20T12:52:53" hostname="fv-az1246-748" time="8.341">
  <properties/>
  <testcase name="testJavaProof()" classname="de.uka.ilkd.key.proof.replay.TestCopyingReplayer" time="8.341"/>
  <system-out><![CDATA[472170     INFO  Test worker     d.u.i.k.p.i.AbstractProblemLoader Loading environment from src/test/resources/testcase/../../../../../key.ui/examples/heap/verifyThis15_1_RelaxedPrefix/relax.proof 
472171     DEBUG Test worker     d.u.i.k.p.i.AbstractProblemLoader Environment load took 494.2ns 
472172     INFO  Test worker     d.u.i.k.p.i.AbstractProblemLoader Creating init config 
475307     DEBUG Test worker     d.u.i.k.p.i.AbstractProblemLoader Init config took 3.13s 
475381     INFO  Test worker     d.u.i.k.p.i.AbstractProblemLoader Replaying proof Relaxed[Relaxed::isRelaxedPrefix([I,[I)].JML operation contract.0 
475978     DEBUG Test worker     d.u.i.k.p.i.IntermediateProofReplayer Proof replay took 581.32ms 
475980     INFO  Test worker     d.u.i.k.p.i.AbstractProblemLoader Loading environment from src/test/resources/testcase/../../../../../key.ui/examples/heap/verifyThis15_1_RelaxedPrefix/relax.proof 
475980     DEBUG Test worker     d.u.i.k.p.i.AbstractProblemLoader Environment load took 240.6ns 
475981     INFO  Test worker     d.u.i.k.p.i.AbstractProblemLoader Creating init config 
479183     DEBUG Test worker     d.u.i.k.p.i.AbstractProblemLoader Init config took 3.2s 
479226     INFO  Test worker     d.u.i.k.p.i.AbstractProblemLoader Replaying proof Relaxed[Relaxed::isRelaxedPrefix([I,[I)].JML operation contract.0 
479769     DEBUG Test worker     d.u.i.k.p.i.IntermediateProofReplayer Proof replay took 528.4ms 
]]></system-out>
  <system-err><![CDATA[]]></system-err>
</testsuite>
