<?xml version="1.0" encoding="UTF-8"?>
<testsuite name="de.uka.ilkd.key.parser.TestDeclParser" tests="14" skipped="2" failures="0" errors="0" timestamp="2023-04-20T12:48:41" hostname="fv-az1246-748" time="11.535">
  <properties/>
  <testcase name="testGenericSortDecl1()" classname="de.uka.ilkd.key.parser.TestDeclParser" time="1.048"/>
  <testcase name="testGenericSortDecl2()" classname="de.uka.ilkd.key.parser.TestDeclParser" time="0.945"/>
  <testcase name="testGenericSortDecl3()" classname="de.uka.ilkd.key.parser.TestDeclParser" time="0.971"/>
  <testcase name="testGenericSortDecl4()" classname="de.uka.ilkd.key.parser.TestDeclParser" time="0.946"/>
  <testcase name="testGenericSortDecl5()" classname="de.uka.ilkd.key.parser.TestDeclParser" time="0.0">
    <skipped/>
  </testcase>
  <testcase name="testGenericSortDecl6()" classname="de.uka.ilkd.key.parser.TestDeclParser" time="0.982"/>
  <testcase name="testSortDecl()" classname="de.uka.ilkd.key.parser.TestDeclParser" time="1.017"/>
  <testcase name="testProxySortDecl()" classname="de.uka.ilkd.key.parser.TestDeclParser" time="0.925"/>
  <testcase name="testArrayDecl()" classname="de.uka.ilkd.key.parser.TestDeclParser" time="0.951"/>
  <testcase name="testAmbiguousDecls()" classname="de.uka.ilkd.key.parser.TestDeclParser" time="0.0">
    <skipped/>
  </testcase>
  <testcase name="testHeurDecl()" classname="de.uka.ilkd.key.parser.TestDeclParser" time="0.954"/>
  <testcase name="testFunctionDecl()" classname="de.uka.ilkd.key.parser.TestDeclParser" time="0.938"/>
  <testcase name="testPredicateDecl()" classname="de.uka.ilkd.key.parser.TestDeclParser" time="0.883"/>
  <testcase name="testSVDecl()" classname="de.uka.ilkd.key.parser.TestDeclParser" time="0.971"/>
  <system-out><![CDATA[221832     INFO  Test worker     d.u.i.k.n.KeyIO           Parsing took 0 ms 
221832     DEBUG Test worker     d.u.i.k.n.KeyIO           Load declarations of de.uka.ilkd.key.nparser.KeyAst$File:  <unknown>:1#1 
221832     INFO  Test worker     d.u.i.k.n.KeyIO           MODE: declarations took 0 ms 
221832     DEBUG Test worker     d.u.i.k.n.KeyIO           MODE: 2nd degree decls took 0 
221832     DEBUG Test worker     d.u.i.k.n.KeyIO           MODE: taclets took 0ms 
222776     INFO  Test worker     d.u.i.k.n.KeyIO           Parsing took 0 ms 
222777     DEBUG Test worker     d.u.i.k.n.KeyIO           Load declarations of de.uka.ilkd.key.nparser.KeyAst$File:  <unknown>:1#1 
222777     INFO  Test worker     d.u.i.k.n.KeyIO           MODE: declarations took 0 ms 
222777     DEBUG Test worker     d.u.i.k.n.KeyIO           MODE: 2nd degree decls took 0 
222777     DEBUG Test worker     d.u.i.k.n.KeyIO           MODE: taclets took 0ms 
223747     INFO  Test worker     d.u.i.k.n.KeyIO           Parsing took 0 ms 
223747     DEBUG Test worker     d.u.i.k.n.KeyIO           Load declarations of de.uka.ilkd.key.nparser.KeyAst$File:  <unknown>:1#1 
223747     INFO  Test worker     d.u.i.k.n.KeyIO           MODE: declarations took 0 ms 
223747     DEBUG Test worker     d.u.i.k.n.KeyIO           MODE: 2nd degree decls took 0 
223747     DEBUG Test worker     d.u.i.k.n.KeyIO           MODE: taclets took 0ms 
224693     INFO  Test worker     d.u.i.k.n.KeyIO           Parsing took 0 ms 
224693     DEBUG Test worker     d.u.i.k.n.KeyIO           Load declarations of de.uka.ilkd.key.nparser.KeyAst$File:  <unknown>:1#1 
224694     INFO  Test worker     d.u.i.k.n.KeyIO           MODE: declarations took 1 ms 
224694     DEBUG Test worker     d.u.i.k.n.KeyIO           MODE: 2nd degree decls took 0 
224694     DEBUG Test worker     d.u.i.k.n.KeyIO           MODE: taclets took 0ms 
225677     INFO  Test worker     d.u.i.k.n.KeyIO           Parsing took 0 ms 
225677     DEBUG Test worker     d.u.i.k.n.KeyIO           Load declarations of de.uka.ilkd.key.nparser.KeyAst$File:  <unknown>:1#1 
225677     INFO  Test worker     d.u.i.k.n.KeyIO           MODE: declarations took 0 ms 
225677     DEBUG Test worker     d.u.i.k.n.KeyIO           MODE: 2nd degree decls took 0 
225678     DEBUG Test worker     d.u.i.k.n.KeyIO           MODE: taclets took 0ms 
226694     INFO  Test worker     d.u.i.k.n.KeyIO           Parsing took 0 ms 
226694     DEBUG Test worker     d.u.i.k.n.KeyIO           Load declarations of de.uka.ilkd.key.nparser.KeyAst$File:  <unknown>:1#1 
226695     INFO  Test worker     d.u.i.k.n.KeyIO           MODE: declarations took 1 ms 
226695     DEBUG Test worker     d.u.i.k.n.KeyIO           MODE: 2nd degree decls took 0 
226695     DEBUG Test worker     d.u.i.k.n.KeyIO           MODE: taclets took 0ms 
227619     INFO  Test worker     d.u.i.k.n.KeyIO           Parsing took 0 ms 
227619     DEBUG Test worker     d.u.i.k.n.KeyIO           Load declarations of de.uka.ilkd.key.nparser.KeyAst$File:  <unknown>:1#1 
227620     INFO  Test worker     d.u.i.k.n.KeyIO           MODE: declarations took 1 ms 
227620     DEBUG Test worker     d.u.i.k.n.KeyIO           MODE: 2nd degree decls took 0 
227620     DEBUG Test worker     d.u.i.k.n.KeyIO           MODE: taclets took 0ms 
228570     INFO  Test worker     d.u.i.k.n.KeyIO           Parsing took 0 ms 
228571     DEBUG Test worker     d.u.i.k.n.KeyIO           Load declarations of de.uka.ilkd.key.nparser.KeyAst$File:  <unknown>:1#1 
228571     INFO  Test worker     d.u.i.k.n.KeyIO           MODE: declarations took 0 ms 
228571     DEBUG Test worker     d.u.i.k.n.KeyIO           MODE: 2nd degree decls took 0 
228571     DEBUG Test worker     d.u.i.k.n.KeyIO           MODE: taclets took 0ms 
229526     INFO  Test worker     d.u.i.k.n.KeyIO           Parsing took 0 ms 
229526     DEBUG Test worker     d.u.i.k.n.KeyIO           Load declarations of de.uka.ilkd.key.nparser.KeyAst$File:  <unknown>:1#1 
229526     INFO  Test worker     d.u.i.k.n.KeyIO           MODE: declarations took 0 ms 
229526     DEBUG Test worker     d.u.i.k.n.KeyIO           MODE: 2nd degree decls took 0 
229526     DEBUG Test worker     d.u.i.k.n.KeyIO           MODE: taclets took 0ms 
230464     INFO  Test worker     d.u.i.k.n.KeyIO           Parsing took 1 ms 
230464     DEBUG Test worker     d.u.i.k.n.KeyIO           Load declarations of de.uka.ilkd.key.nparser.KeyAst$File:  <unknown>:1#1 
230464     INFO  Test worker     d.u.i.k.n.KeyIO           MODE: declarations took 0 ms 
230464     DEBUG Test worker     d.u.i.k.n.KeyIO           MODE: 2nd degree decls took 0 
230464     DEBUG Test worker     d.u.i.k.n.KeyIO           MODE: taclets took 0ms 
231348     INFO  Test worker     d.u.i.k.n.KeyIO           Parsing took 0 ms 
231348     DEBUG Test worker     d.u.i.k.n.KeyIO           Load declarations of de.uka.ilkd.key.nparser.KeyAst$File:  <unknown>:1#1 
231348     INFO  Test worker     d.u.i.k.n.KeyIO           MODE: declarations took 0 ms 
231348     DEBUG Test worker     d.u.i.k.n.KeyIO           MODE: 2nd degree decls took 0 
231348     DEBUG Test worker     d.u.i.k.n.KeyIO           MODE: taclets took 0ms 
232319     INFO  Test worker     d.u.i.k.n.KeyIO           Parsing took 0 ms 
232319     DEBUG Test worker     d.u.i.k.n.KeyIO           Load declarations of de.uka.ilkd.key.nparser.KeyAst$File:  <unknown>:1#1 
232319     INFO  Test worker     d.u.i.k.n.KeyIO           MODE: declarations took 0 ms 
232319     DEBUG Test worker     d.u.i.k.n.KeyIO           MODE: 2nd degree decls took 0 
232319     DEBUG Test worker     d.u.i.k.n.KeyIO           MODE: taclets took 0ms 
]]></system-out>
  <system-err><![CDATA[]]></system-err>
</testsuite>
