<?xml version="1.0" encoding="UTF-8"?>
<testsuite name="de.uka.ilkd.key.testcase.smt.testgen.TestTestgen" tests="1" skipped="0" failures="0" errors="0" timestamp="2023-05-26T21:57:02" hostname="fv-az564-471" time="5.303">
  <properties/>
  <testcase name="testMiddle()" classname="de.uka.ilkd.key.testcase.smt.testgen.TestTestgen" time="5.303"/>
  <system-out><![CDATA[17236      WARN  Test worker     d.u.i.k.t.s.t.TestTestgen Warning: Z3_CE is not installed, tests skipped. 
17237      WARN  Test worker     d.u.i.k.t.s.t.TestTestgen Maybe use JVM system property "z3SolverPath" to define the path to the Z3 command. 
17238      INFO  Test worker     d.u.i.k.p.i.AbstractProblemLoader Loading environment from src/test/resources/testcase/smt/tg/middle.key 
17239      DEBUG Test worker     d.u.i.k.p.i.AbstractProblemLoader Environment load took 383.61ns 
17241      INFO  Test worker     d.u.i.k.p.i.AbstractProblemLoader Creating init config 
21740      DEBUG Test worker     d.u.i.k.p.i.AbstractProblemLoader Init config took 4.5s 
21836      INFO  Test worker     d.u.i.k.p.i.AbstractProblemLoader Replaying proof Middle[Middle::middle(int,int,int)].JML normal_behavior operation contract.0 
21846      DEBUG Test worker     d.u.i.k.p.i.IntermediateProofReplayer Proof replay took 15.5ns 
]]></system-out>
  <system-err><![CDATA[]]></system-err>
</testsuite>
