<?xml version="1.0" encoding="UTF-8"?>
<testsuite name="de.uka.ilkd.key.testcase.smt.testgen.TestTestgen" tests="1" skipped="0" failures="0" errors="0" timestamp="2023-05-26T21:50:18" hostname="fv-az319-950" time="5.626">
  <properties/>
  <testcase name="testMiddle()" classname="de.uka.ilkd.key.testcase.smt.testgen.TestTestgen" time="5.626"/>
  <system-out><![CDATA[17961      WARN  Test worker     d.u.i.k.t.s.t.TestTestgen Warning: Z3_CE is not installed, tests skipped. 
17961      WARN  Test worker     d.u.i.k.t.s.t.TestTestgen Maybe use JVM system property "z3SolverPath" to define the path to the Z3 command. 
18039      INFO  Test worker     d.u.i.k.p.i.AbstractProblemLoader Loading environment from src\test\resources\testcase\smt\tg\middle.key 
18039      DEBUG Test worker     d.u.i.k.p.i.AbstractProblemLoader Environment load took 301.3ns 
18320      INFO  Test worker     d.u.i.k.p.i.AbstractProblemLoader Creating init config 
22784      DEBUG Test worker     d.u.i.k.p.i.AbstractProblemLoader Init config took 4.46s 
22894      INFO  Test worker     d.u.i.k.p.i.AbstractProblemLoader Replaying proof Middle[Middle::middle(int,int,int)].JML normal_behavior operation contract.0 
22909      DEBUG Test worker     d.u.i.k.p.i.IntermediateProofReplayer Proof replay took 15.2ns 
]]></system-out>
  <system-err><![CDATA[]]></system-err>
</testsuite>
