<?xml version="1.0" encoding="UTF-8"?>
<testsuite name="recoder.testsuite.basic.analysis.LocalVariableXReferenceCompletenessTest" tests="1" skipped="0" failures="0" errors="0" timestamp="2023-03-22T16:20:53" hostname="fv-az576-191" time="0.003">
  <properties/>
  <testcase name="testLocalVariableXReferenceCompletenessTest" classname="recoder.testsuite.basic.analysis.LocalVariableXReferenceCompletenessTest" time="0.003"/>
  <system-out><![CDATA[]]></system-out>
  <system-err><![CDATA[]]></system-err>
</testsuite>
