<?xml version="1.0" encoding="UTF-8"?>
<testsuite name="de.uka.ilkd.key.testcase.smt.testgen.TestTestgen" tests="1" skipped="0" failures="0" errors="0" timestamp="2023-05-20T14:53:08" hostname="fv-az448-277" time="4.343">
  <properties/>
  <testcase name="testMiddle()" classname="de.uka.ilkd.key.testcase.smt.testgen.TestTestgen" time="4.343"/>
  <system-out><![CDATA[14206      WARN  Test worker     d.u.i.k.t.s.t.TestTestgen Warning: Z3_CE is not installed, tests skipped. 
14206      WARN  Test worker     d.u.i.k.t.s.t.TestTestgen Maybe use JVM system property "z3SolverPath" to define the path to the Z3 command. 
14284      INFO  Test worker     d.u.i.k.p.i.AbstractProblemLoader Loading environment from src\test\resources\testcase\smt\tg\middle.key 
14284      DEBUG Test worker     d.u.i.k.p.i.AbstractProblemLoader Environment load took 358.9ns 
14284      INFO  Test worker     d.u.i.k.p.i.AbstractProblemLoader Creating init config 
17755      DEBUG Test worker     d.u.i.k.p.i.AbstractProblemLoader Init config took 3.47s 
17864      INFO  Test worker     d.u.i.k.p.i.AbstractProblemLoader Replaying proof Middle[Middle::middle(int,int,int)].JML normal_behavior operation contract.0 
17864      DEBUG Test worker     d.u.i.k.p.i.IntermediateProofReplayer Proof replay took 22.1ns 
]]></system-out>
  <system-err><![CDATA[]]></system-err>
</testsuite>
