<?xml version="1.0" encoding="UTF-8"?>
<testsuite name="de.uka.ilkd.key.testcase.smt.ce.TestCE" tests="12" skipped="0" failures="0" errors="0" timestamp="2023-02-02T16:10:53" hostname="fv-az389-92" time="10.447">
  <properties/>
  <testcase name="testOverFlow1()" classname="de.uka.ilkd.key.testcase.smt.ce.TestCE" time="0.101"/>
  <testcase name="testOverFlow2()" classname="de.uka.ilkd.key.testcase.smt.ce.TestCE" time="0.003"/>
  <testcase name="testMiddle()" classname="de.uka.ilkd.key.testcase.smt.ce.TestCE" time="10.326"/>
  <testcase name="testTypes1()" classname="de.uka.ilkd.key.testcase.smt.ce.TestCE" time="0.0"/>
  <testcase name="testTypes2()" classname="de.uka.ilkd.key.testcase.smt.ce.TestCE" time="0.0"/>
  <testcase name="testTypes3()" classname="de.uka.ilkd.key.testcase.smt.ce.TestCE" time="0.0"/>
  <testcase name="testTypes4()" classname="de.uka.ilkd.key.testcase.smt.ce.TestCE" time="0.0"/>
  <testcase name="testTypes5()" classname="de.uka.ilkd.key.testcase.smt.ce.TestCE" time="0.0"/>
  <testcase name="testTypes6()" classname="de.uka.ilkd.key.testcase.smt.ce.TestCE" time="0.0"/>
  <testcase name="testTypes7()" classname="de.uka.ilkd.key.testcase.smt.ce.TestCE" time="0.0"/>
  <testcase name="testTypes8()" classname="de.uka.ilkd.key.testcase.smt.ce.TestCE" time="0.0"/>
  <testcase name="testTypes9()" classname="de.uka.ilkd.key.testcase.smt.ce.TestCE" time="0.001"/>
  <system-out><![CDATA[16:10:53,289 |-INFO in ch.qos.logback.classic.LoggerContext[default] - Could NOT find resource [logback-test.xml]
16:10:53,289 |-INFO in ch.qos.logback.classic.LoggerContext[default] - Found resource [logback.xml] at [file:/home/runner/work/key/key/key.core.testgen/build/resources/test/logback.xml]
16:10:53,366 |-INFO in ch.qos.logback.classic.joran.action.ConfigurationAction - debug attribute not set
16:10:53,366 |-INFO in ch.qos.logback.core.joran.action.AppenderAction - About to instantiate appender of type [ch.qos.logback.core.ConsoleAppender]
16:10:53,370 |-INFO in ch.qos.logback.core.joran.action.AppenderAction - Naming appender as [STDOUT]
16:10:53,373 |-ERROR in ch.qos.logback.core.joran.spi.Interpreter@3:15 - no applicable action for [file], current ElementPath  is [[configuration][appender][file]]
16:10:53,373 |-ERROR in ch.qos.logback.core.joran.spi.Interpreter@4:17 - no applicable action for [append], current ElementPath  is [[configuration][appender][append]]
16:10:53,374 |-INFO in ch.qos.logback.core.joran.action.NestedComplexPropertyIA - Assuming default type [ch.qos.logback.classic.encoder.PatternLayoutEncoder] for [encoder] property
16:10:53,387 |-INFO in ch.qos.logback.classic.joran.action.RootLoggerAction - Setting level of ROOT logger to WARN
16:10:53,387 |-INFO in ch.qos.logback.core.joran.action.AppenderRefAction - Attaching appender named [STDOUT] to Logger[ROOT]
16:10:53,387 |-INFO in ch.qos.logback.classic.joran.action.ConfigurationAction - End of configuration.
16:10:53,388 |-INFO in ch.qos.logback.classic.joran.JoranConfigurator@2ece4966 - Registering current configuration as safe fallback point

269        WARN  Test worker     d.u.i.k.t.s.c.TestCE      Warning: Z3_CE is not installed, tests skipped. 
272        WARN  Test worker     d.u.i.k.t.s.c.TestCE      Maybe use JVM system property "z3SolverPath" to define the path to the Z3 command. 
355        WARN  Test worker     d.u.i.k.s.ProofIndependentSettings The settings in /home/runner/.key/proofIndependentSettings.props are *not* read due to flag 'key.disregardSettings' 
661        WARN  Test worker     d.u.i.k.s.ProofSettings   The settings in /home/runner/.key/proof-settings.props are *not* read. 
]]></system-out>
  <system-err><![CDATA[]]></system-err>
</testsuite>
