<?xml version="1.0" encoding="UTF-8"?>
<testsuite name="de.uka.ilkd.key.proof.runallproofs.RunAllProofsFunctional" tests="34" skipped="0" failures="3" errors="0" timestamp="2023-06-05T17:00:18" hostname="fv-az359-27" time="5174.97">
  <properties/>
  <testcase name="newBook" classname="de.uka.ilkd.key.proof.runallproofs.RunAllProofsFunctional" time="62.21"/>
  <testcase name="oldBook" classname="de.uka.ilkd.key.proof.runallproofs.RunAllProofsFunctional" time="17.924"/>
  <testcase name="comprehensions" classname="de.uka.ilkd.key.proof.runallproofs.RunAllProofsFunctional" time="66.052"/>
  <testcase name="performance" classname="de.uka.ilkd.key.proof.runallproofs.RunAllProofsFunctional" time="215.367"/>
  <testcase name="performancePOConstruction" classname="de.uka.ilkd.key.proof.runallproofs.RunAllProofsFunctional" time="74.968"/>
  <testcase name="applicationRestrictions" classname="de.uka.ilkd.key.proof.runallproofs.RunAllProofsFunctional" time="49.62"/>
  <testcase name="blockContracts" classname="de.uka.ilkd.key.proof.runallproofs.RunAllProofsFunctional" time="134.456"/>
  <testcase name="jmlAsserts" classname="de.uka.ilkd.key.proof.runallproofs.RunAllProofsFunctional" time="90.861"/>
  <testcase name="javaCard" classname="de.uka.ilkd.key.proof.runallproofs.RunAllProofsFunctional" time="129.682"/>
  <testcase name="list" classname="de.uka.ilkd.key.proof.runallproofs.RunAllProofsFunctional" time="257.586">
    <failure message="org.opentest4j.AssertionFailedError: Executed process terminated with non-zero exit value. ==&gt; expected: &lt;0&gt; but was: &lt;1&gt;" type="org.opentest4j.AssertionFailedError">org.opentest4j.AssertionFailedError: Executed process terminated with non-zero exit value. ==&gt; expected: &lt;0&gt; but was: &lt;1&gt;
	at app//org.junit.jupiter.api.AssertionFailureBuilder.build(AssertionFailureBuilder.java:151)
	at app//org.junit.jupiter.api.AssertionFailureBuilder.buildAndThrow(AssertionFailureBuilder.java:132)
	at app//org.junit.jupiter.api.AssertEquals.failNotEqual(AssertEquals.java:197)
	at app//org.junit.jupiter.api.AssertEquals.assertEquals(AssertEquals.java:150)
	at app//org.junit.jupiter.api.Assertions.assertEquals(Assertions.java:560)
	at app//de.uka.ilkd.key.proof.runallproofs.proofcollection.ForkedTestFileRunner.processTestFiles(ForkedTestFileRunner.java:130)
	at app//de.uka.ilkd.key.proof.runallproofs.RunAllProofsTestUnit.runTest(RunAllProofsTestUnit.java:89)
	at app//de.uka.ilkd.key.proof.runallproofs.RunAllProofsTest.lambda$data$0(RunAllProofsTest.java:77)
	at app//org.junit.jupiter.engine.descriptor.DynamicTestTestDescriptor.lambda$execute$0(DynamicTestTestDescriptor.java:53)
	at app//org.junit.jupiter.engine.execution.InvocationInterceptorChain$ValidatingInvocation.proceed(InvocationInterceptorChain.java:131)
	at app//org.junit.jupiter.api.extension.InvocationInterceptor.interceptDynamicTest(InvocationInterceptor.java:167)
	at app//org.junit.jupiter.api.extension.InvocationInterceptor.interceptDynamicTest(InvocationInterceptor.java:184)
	at app//org.junit.jupiter.engine.descriptor.DynamicTestTestDescriptor.lambda$execute$1(DynamicTestTestDescriptor.java:61)
	at app//org.junit.jupiter.engine.execution.InvocationInterceptorChain$InterceptorCall.lambda$ofVoid$0(InvocationInterceptorChain.java:78)
	at app//org.junit.jupiter.engine.execution.InvocationInterceptorChain$InterceptedInvocation.proceed(InvocationInterceptorChain.java:106)
	at app//org.junit.jupiter.engine.execution.InvocationInterceptorChain.proceed(InvocationInterceptorChain.java:64)
	at app//org.junit.jupiter.engine.execution.InvocationInterceptorChain.chainAndInvoke(InvocationInterceptorChain.java:45)
	at app//org.junit.jupiter.engine.execution.InvocationInterceptorChain.invoke(InvocationInterceptorChain.java:37)
	at app//org.junit.jupiter.engine.descriptor.DynamicTestTestDescriptor.execute(DynamicTestTestDescriptor.java:60)
	at app//org.junit.jupiter.engine.descriptor.DynamicTestTestDescriptor.execute(DynamicTestTestDescriptor.java:32)
	at app//org.junit.platform.engine.support.hierarchical.NodeTestTask.lambda$executeRecursively$6(NodeTestTask.java:151)
	at app//org.junit.platform.engine.support.hierarchical.ThrowableCollector.execute(ThrowableCollector.java:73)
	at app//org.junit.platform.engine.support.hierarchical.NodeTestTask.lambda$executeRecursively$8(NodeTestTask.java:141)
	at app//org.junit.platform.engine.support.hierarchical.Node.around(Node.java:137)
	at app//org.junit.platform.engine.support.hierarchical.NodeTestTask.lambda$executeRecursively$9(NodeTestTask.java:139)
	at app//org.junit.platform.engine.support.hierarchical.ThrowableCollector.execute(ThrowableCollector.java:73)
	at app//org.junit.platform.engine.support.hierarchical.NodeTestTask.executeRecursively(NodeTestTask.java:138)
	at app//org.junit.platform.engine.support.hierarchical.NodeTestTask.execute(NodeTestTask.java:95)
	at app//org.junit.platform.engine.support.hierarchical.SameThreadHierarchicalTestExecutorService.submit(SameThreadHierarchicalTestExecutorService.java:35)
	at app//org.junit.platform.engine.support.hierarchical.NodeTestTask$DefaultDynamicTestExecutor.execute(NodeTestTask.java:226)
	at app//org.junit.platform.engine.support.hierarchical.NodeTestTask$DefaultDynamicTestExecutor.execute(NodeTestTask.java:204)
	at java.base@11.0.19/java.util.Optional.ifPresent(Optional.java:183)
	at app//org.junit.jupiter.engine.descriptor.TestFactoryTestDescriptor.lambda$invokeTestMethod$1(TestFactoryTestDescriptor.java:108)
	at app//org.junit.platform.engine.support.hierarchical.ThrowableCollector.execute(ThrowableCollector.java:73)
	at app//org.junit.jupiter.engine.descriptor.TestFactoryTestDescriptor.invokeTestMethod(TestFactoryTestDescriptor.java:95)
	at app//org.junit.jupiter.engine.descriptor.TestMethodTestDescriptor.execute(TestMethodTestDescriptor.java:138)
	at app//org.junit.jupiter.engine.descriptor.TestMethodTestDescriptor.execute(TestMethodTestDescriptor.java:68)
	at app//org.junit.platform.engine.support.hierarchical.NodeTestTask.lambda$executeRecursively$6(NodeTestTask.java:151)
	at app//org.junit.platform.engine.support.hierarchical.ThrowableCollector.execute(ThrowableCollector.java:73)
	at app//org.junit.platform.engine.support.hierarchical.NodeTestTask.lambda$executeRecursively$8(NodeTestTask.java:141)
	at app//org.junit.platform.engine.support.hierarchical.Node.around(Node.java:137)
	at app//org.junit.platform.engine.support.hierarchical.NodeTestTask.lambda$executeRecursively$9(NodeTestTask.java:139)
	at app//org.junit.platform.engine.support.hierarchical.ThrowableCollector.execute(ThrowableCollector.java:73)
	at app//org.junit.platform.engine.support.hierarchical.NodeTestTask.executeRecursively(NodeTestTask.java:138)
	at app//org.junit.platform.engine.support.hierarchical.NodeTestTask.execute(NodeTestTask.java:95)
	at java.base@11.0.19/java.util.ArrayList.forEach(ArrayList.java:1541)
	at app//org.junit.platform.engine.support.hierarchical.SameThreadHierarchicalTestExecutorService.invokeAll(SameThreadHierarchicalTestExecutorService.java:41)
	at app//org.junit.platform.engine.support.hierarchical.NodeTestTask.lambda$executeRecursively$6(NodeTestTask.java:155)
	at app//org.junit.platform.engine.support.hierarchical.ThrowableCollector.execute(ThrowableCollector.java:73)
	at app//org.junit.platform.engine.support.hierarchical.NodeTestTask.lambda$executeRecursively$8(NodeTestTask.java:141)
	at app//org.junit.platform.engine.support.hierarchical.Node.around(Node.java:137)
	at app//org.junit.platform.engine.support.hierarchical.NodeTestTask.lambda$executeRecursively$9(NodeTestTask.java:139)
	at app//org.junit.platform.engine.support.hierarchical.ThrowableCollector.execute(ThrowableCollector.java:73)
	at app//org.junit.platform.engine.support.hierarchical.NodeTestTask.executeRecursively(NodeTestTask.java:138)
	at app//org.junit.platform.engine.support.hierarchical.NodeTestTask.execute(NodeTestTask.java:95)
	at java.base@11.0.19/java.util.ArrayList.forEach(ArrayList.java:1541)
	at app//org.junit.platform.engine.support.hierarchical.SameThreadHierarchicalTestExecutorService.invokeAll(SameThreadHierarchicalTestExecutorService.java:41)
	at app//org.junit.platform.engine.support.hierarchical.NodeTestTask.lambda$executeRecursively$6(NodeTestTask.java:155)
	at app//org.junit.platform.engine.support.hierarchical.ThrowableCollector.execute(ThrowableCollector.java:73)
	at app//org.junit.platform.engine.support.hierarchical.NodeTestTask.lambda$executeRecursively$8(NodeTestTask.java:141)
	at app//org.junit.platform.engine.support.hierarchical.Node.around(Node.java:137)
	at app//org.junit.platform.engine.support.hierarchical.NodeTestTask.lambda$executeRecursively$9(NodeTestTask.java:139)
	at app//org.junit.platform.engine.support.hierarchical.ThrowableCollector.execute(ThrowableCollector.java:73)
	at app//org.junit.platform.engine.support.hierarchical.NodeTestTask.executeRecursively(NodeTestTask.java:138)
	at app//org.junit.platform.engine.support.hierarchical.NodeTestTask.execute(NodeTestTask.java:95)
	at app//org.junit.platform.engine.support.hierarchical.SameThreadHierarchicalTestExecutorService.submit(SameThreadHierarchicalTestExecutorService.java:35)
	at app//org.junit.platform.engine.support.hierarchical.HierarchicalTestExecutor.execute(HierarchicalTestExecutor.java:57)
	at app//org.junit.platform.engine.support.hierarchical.HierarchicalTestEngine.execute(HierarchicalTestEngine.java:54)
	at app//org.junit.platform.launcher.core.EngineExecutionOrchestrator.execute(EngineExecutionOrchestrator.java:107)
	at app//org.junit.platform.launcher.core.EngineExecutionOrchestrator.execute(EngineExecutionOrchestrator.java:88)
	at app//org.junit.platform.launcher.core.EngineExecutionOrchestrator.lambda$execute$0(EngineExecutionOrchestrator.java:54)
	at app//org.junit.platform.launcher.core.EngineExecutionOrchestrator.withInterceptedStreams(EngineExecutionOrchestrator.java:67)
	at app//org.junit.platform.launcher.core.EngineExecutionOrchestrator.execute(EngineExecutionOrchestrator.java:52)
	at app//org.junit.platform.launcher.core.DefaultLauncher.execute(DefaultLauncher.java:114)
	at app//org.junit.platform.launcher.core.DefaultLauncher.execute(DefaultLauncher.java:86)
	at app//org.junit.platform.launcher.core.DefaultLauncherSession$DelegatingLauncher.execute(DefaultLauncherSession.java:86)
	at org.gradle.api.internal.tasks.testing.junitplatform.JUnitPlatformTestClassProcessor$CollectAllTestClassesExecutor.processAllTestClasses(JUnitPlatformTestClassProcessor.java:110)
	at org.gradle.api.internal.tasks.testing.junitplatform.JUnitPlatformTestClassProcessor$CollectAllTestClassesExecutor.access$000(JUnitPlatformTestClassProcessor.java:90)
	at org.gradle.api.internal.tasks.testing.junitplatform.JUnitPlatformTestClassProcessor.stop(JUnitPlatformTestClassProcessor.java:85)
	at org.gradle.api.internal.tasks.testing.SuiteTestClassProcessor.stop(SuiteTestClassProcessor.java:62)
	at java.base@11.0.19/jdk.internal.reflect.NativeMethodAccessorImpl.invoke0(Native Method)
	at java.base@11.0.19/jdk.internal.reflect.NativeMethodAccessorImpl.invoke(NativeMethodAccessorImpl.java:62)
	at java.base@11.0.19/jdk.internal.reflect.DelegatingMethodAccessorImpl.invoke(DelegatingMethodAccessorImpl.java:43)
	at java.base@11.0.19/java.lang.reflect.Method.invoke(Method.java:566)
	at org.gradle.internal.dispatch.ReflectionDispatch.dispatch(ReflectionDispatch.java:36)
	at org.gradle.internal.dispatch.ReflectionDispatch.dispatch(ReflectionDispatch.java:24)
	at org.gradle.internal.dispatch.ContextClassLoaderDispatch.dispatch(ContextClassLoaderDispatch.java:33)
	at org.gradle.internal.dispatch.ProxyDispatchAdapter$DispatchingInvocationHandler.invoke(ProxyDispatchAdapter.java:94)
	at com.sun.proxy.$Proxy2.stop(Unknown Source)
	at org.gradle.api.internal.tasks.testing.worker.TestWorker$3.run(TestWorker.java:193)
	at org.gradle.api.internal.tasks.testing.worker.TestWorker.executeAndMaintainThreadName(TestWorker.java:129)
	at org.gradle.api.internal.tasks.testing.worker.TestWorker.execute(TestWorker.java:100)
	at org.gradle.api.internal.tasks.testing.worker.TestWorker.execute(TestWorker.java:60)
	at org.gradle.process.internal.worker.child.ActionExecutionWorker.execute(ActionExecutionWorker.java:56)
	at org.gradle.process.internal.worker.child.SystemApplicationClassLoaderWorker.call(SystemApplicationClassLoaderWorker.java:113)
	at org.gradle.process.internal.worker.child.SystemApplicationClassLoaderWorker.call(SystemApplicationClassLoaderWorker.java:65)
	at app//worker.org.gradle.process.internal.worker.GradleWorkerMain.run(GradleWorkerMain.java:69)
	at app//worker.org.gradle.process.internal.worker.GradleWorkerMain.main(GradleWorkerMain.java:74)
</failure>
  </testcase>
  <testcase name="list_ghost" classname="de.uka.ilkd.key.proof.runallproofs.RunAllProofsFunctional" time="67.859"/>
  <testcase name="list_recursive" classname="de.uka.ilkd.key.proof.runallproofs.RunAllProofsFunctional" time="22.302"/>
  <testcase name="list_seq" classname="de.uka.ilkd.key.proof.runallproofs.RunAllProofsFunctional" time="156.681">
    <failure message="org.opentest4j.AssertionFailedError: Executed process terminated with non-zero exit value. ==&gt; expected: &lt;0&gt; but was: &lt;1&gt;" type="org.opentest4j.AssertionFailedError">org.opentest4j.AssertionFailedError: Executed process terminated with non-zero exit value. ==&gt; expected: &lt;0&gt; but was: &lt;1&gt;
	at app//org.junit.jupiter.api.AssertionFailureBuilder.build(AssertionFailureBuilder.java:151)
	at app//org.junit.jupiter.api.AssertionFailureBuilder.buildAndThrow(AssertionFailureBuilder.java:132)
	at app//org.junit.jupiter.api.AssertEquals.failNotEqual(AssertEquals.java:197)
	at app//org.junit.jupiter.api.AssertEquals.assertEquals(AssertEquals.java:150)
	at app//org.junit.jupiter.api.Assertions.assertEquals(Assertions.java:560)
	at app//de.uka.ilkd.key.proof.runallproofs.proofcollection.ForkedTestFileRunner.processTestFiles(ForkedTestFileRunner.java:130)
	at app//de.uka.ilkd.key.proof.runallproofs.RunAllProofsTestUnit.runTest(RunAllProofsTestUnit.java:89)
	at app//de.uka.ilkd.key.proof.runallproofs.RunAllProofsTest.lambda$data$0(RunAllProofsTest.java:77)
	at app//org.junit.jupiter.engine.descriptor.DynamicTestTestDescriptor.lambda$execute$0(DynamicTestTestDescriptor.java:53)
	at app//org.junit.jupiter.engine.execution.InvocationInterceptorChain$ValidatingInvocation.proceed(InvocationInterceptorChain.java:131)
	at app//org.junit.jupiter.api.extension.InvocationInterceptor.interceptDynamicTest(InvocationInterceptor.java:167)
	at app//org.junit.jupiter.api.extension.InvocationInterceptor.interceptDynamicTest(InvocationInterceptor.java:184)
	at app//org.junit.jupiter.engine.descriptor.DynamicTestTestDescriptor.lambda$execute$1(DynamicTestTestDescriptor.java:61)
	at app//org.junit.jupiter.engine.execution.InvocationInterceptorChain$InterceptorCall.lambda$ofVoid$0(InvocationInterceptorChain.java:78)
	at app//org.junit.jupiter.engine.execution.InvocationInterceptorChain$InterceptedInvocation.proceed(InvocationInterceptorChain.java:106)
	at app//org.junit.jupiter.engine.execution.InvocationInterceptorChain.proceed(InvocationInterceptorChain.java:64)
	at app//org.junit.jupiter.engine.execution.InvocationInterceptorChain.chainAndInvoke(InvocationInterceptorChain.java:45)
	at app//org.junit.jupiter.engine.execution.InvocationInterceptorChain.invoke(InvocationInterceptorChain.java:37)
	at app//org.junit.jupiter.engine.descriptor.DynamicTestTestDescriptor.execute(DynamicTestTestDescriptor.java:60)
	at app//org.junit.jupiter.engine.descriptor.DynamicTestTestDescriptor.execute(DynamicTestTestDescriptor.java:32)
	at app//org.junit.platform.engine.support.hierarchical.NodeTestTask.lambda$executeRecursively$6(NodeTestTask.java:151)
	at app//org.junit.platform.engine.support.hierarchical.ThrowableCollector.execute(ThrowableCollector.java:73)
	at app//org.junit.platform.engine.support.hierarchical.NodeTestTask.lambda$executeRecursively$8(NodeTestTask.java:141)
	at app//org.junit.platform.engine.support.hierarchical.Node.around(Node.java:137)
	at app//org.junit.platform.engine.support.hierarchical.NodeTestTask.lambda$executeRecursively$9(NodeTestTask.java:139)
	at app//org.junit.platform.engine.support.hierarchical.ThrowableCollector.execute(ThrowableCollector.java:73)
	at app//org.junit.platform.engine.support.hierarchical.NodeTestTask.executeRecursively(NodeTestTask.java:138)
	at app//org.junit.platform.engine.support.hierarchical.NodeTestTask.execute(NodeTestTask.java:95)
	at app//org.junit.platform.engine.support.hierarchical.SameThreadHierarchicalTestExecutorService.submit(SameThreadHierarchicalTestExecutorService.java:35)
	at app//org.junit.platform.engine.support.hierarchical.NodeTestTask$DefaultDynamicTestExecutor.execute(NodeTestTask.java:226)
	at app//org.junit.platform.engine.support.hierarchical.NodeTestTask$DefaultDynamicTestExecutor.execute(NodeTestTask.java:204)
	at java.base@11.0.19/java.util.Optional.ifPresent(Optional.java:183)
	at app//org.junit.jupiter.engine.descriptor.TestFactoryTestDescriptor.lambda$invokeTestMethod$1(TestFactoryTestDescriptor.java:108)
	at app//org.junit.platform.engine.support.hierarchical.ThrowableCollector.execute(ThrowableCollector.java:73)
	at app//org.junit.jupiter.engine.descriptor.TestFactoryTestDescriptor.invokeTestMethod(TestFactoryTestDescriptor.java:95)
	at app//org.junit.jupiter.engine.descriptor.TestMethodTestDescriptor.execute(TestMethodTestDescriptor.java:138)
	at app//org.junit.jupiter.engine.descriptor.TestMethodTestDescriptor.execute(TestMethodTestDescriptor.java:68)
	at app//org.junit.platform.engine.support.hierarchical.NodeTestTask.lambda$executeRecursively$6(NodeTestTask.java:151)
	at app//org.junit.platform.engine.support.hierarchical.ThrowableCollector.execute(ThrowableCollector.java:73)
	at app//org.junit.platform.engine.support.hierarchical.NodeTestTask.lambda$executeRecursively$8(NodeTestTask.java:141)
	at app//org.junit.platform.engine.support.hierarchical.Node.around(Node.java:137)
	at app//org.junit.platform.engine.support.hierarchical.NodeTestTask.lambda$executeRecursively$9(NodeTestTask.java:139)
	at app//org.junit.platform.engine.support.hierarchical.ThrowableCollector.execute(ThrowableCollector.java:73)
	at app//org.junit.platform.engine.support.hierarchical.NodeTestTask.executeRecursively(NodeTestTask.java:138)
	at app//org.junit.platform.engine.support.hierarchical.NodeTestTask.execute(NodeTestTask.java:95)
	at java.base@11.0.19/java.util.ArrayList.forEach(ArrayList.java:1541)
	at app//org.junit.platform.engine.support.hierarchical.SameThreadHierarchicalTestExecutorService.invokeAll(SameThreadHierarchicalTestExecutorService.java:41)
	at app//org.junit.platform.engine.support.hierarchical.NodeTestTask.lambda$executeRecursively$6(NodeTestTask.java:155)
	at app//org.junit.platform.engine.support.hierarchical.ThrowableCollector.execute(ThrowableCollector.java:73)
	at app//org.junit.platform.engine.support.hierarchical.NodeTestTask.lambda$executeRecursively$8(NodeTestTask.java:141)
	at app//org.junit.platform.engine.support.hierarchical.Node.around(Node.java:137)
	at app//org.junit.platform.engine.support.hierarchical.NodeTestTask.lambda$executeRecursively$9(NodeTestTask.java:139)
	at app//org.junit.platform.engine.support.hierarchical.ThrowableCollector.execute(ThrowableCollector.java:73)
	at app//org.junit.platform.engine.support.hierarchical.NodeTestTask.executeRecursively(NodeTestTask.java:138)
	at app//org.junit.platform.engine.support.hierarchical.NodeTestTask.execute(NodeTestTask.java:95)
	at java.base@11.0.19/java.util.ArrayList.forEach(ArrayList.java:1541)
	at app//org.junit.platform.engine.support.hierarchical.SameThreadHierarchicalTestExecutorService.invokeAll(SameThreadHierarchicalTestExecutorService.java:41)
	at app//org.junit.platform.engine.support.hierarchical.NodeTestTask.lambda$executeRecursively$6(NodeTestTask.java:155)
	at app//org.junit.platform.engine.support.hierarchical.ThrowableCollector.execute(ThrowableCollector.java:73)
	at app//org.junit.platform.engine.support.hierarchical.NodeTestTask.lambda$executeRecursively$8(NodeTestTask.java:141)
	at app//org.junit.platform.engine.support.hierarchical.Node.around(Node.java:137)
	at app//org.junit.platform.engine.support.hierarchical.NodeTestTask.lambda$executeRecursively$9(NodeTestTask.java:139)
	at app//org.junit.platform.engine.support.hierarchical.ThrowableCollector.execute(ThrowableCollector.java:73)
	at app//org.junit.platform.engine.support.hierarchical.NodeTestTask.executeRecursively(NodeTestTask.java:138)
	at app//org.junit.platform.engine.support.hierarchical.NodeTestTask.execute(NodeTestTask.java:95)
	at app//org.junit.platform.engine.support.hierarchical.SameThreadHierarchicalTestExecutorService.submit(SameThreadHierarchicalTestExecutorService.java:35)
	at app//org.junit.platform.engine.support.hierarchical.HierarchicalTestExecutor.execute(HierarchicalTestExecutor.java:57)
	at app//org.junit.platform.engine.support.hierarchical.HierarchicalTestEngine.execute(HierarchicalTestEngine.java:54)
	at app//org.junit.platform.launcher.core.EngineExecutionOrchestrator.execute(EngineExecutionOrchestrator.java:107)
	at app//org.junit.platform.launcher.core.EngineExecutionOrchestrator.execute(EngineExecutionOrchestrator.java:88)
	at app//org.junit.platform.launcher.core.EngineExecutionOrchestrator.lambda$execute$0(EngineExecutionOrchestrator.java:54)
	at app//org.junit.platform.launcher.core.EngineExecutionOrchestrator.withInterceptedStreams(EngineExecutionOrchestrator.java:67)
	at app//org.junit.platform.launcher.core.EngineExecutionOrchestrator.execute(EngineExecutionOrchestrator.java:52)
	at app//org.junit.platform.launcher.core.DefaultLauncher.execute(DefaultLauncher.java:114)
	at app//org.junit.platform.launcher.core.DefaultLauncher.execute(DefaultLauncher.java:86)
	at app//org.junit.platform.launcher.core.DefaultLauncherSession$DelegatingLauncher.execute(DefaultLauncherSession.java:86)
	at org.gradle.api.internal.tasks.testing.junitplatform.JUnitPlatformTestClassProcessor$CollectAllTestClassesExecutor.processAllTestClasses(JUnitPlatformTestClassProcessor.java:110)
	at org.gradle.api.internal.tasks.testing.junitplatform.JUnitPlatformTestClassProcessor$CollectAllTestClassesExecutor.access$000(JUnitPlatformTestClassProcessor.java:90)
	at org.gradle.api.internal.tasks.testing.junitplatform.JUnitPlatformTestClassProcessor.stop(JUnitPlatformTestClassProcessor.java:85)
	at org.gradle.api.internal.tasks.testing.SuiteTestClassProcessor.stop(SuiteTestClassProcessor.java:62)
	at java.base@11.0.19/jdk.internal.reflect.NativeMethodAccessorImpl.invoke0(Native Method)
	at java.base@11.0.19/jdk.internal.reflect.NativeMethodAccessorImpl.invoke(NativeMethodAccessorImpl.java:62)
	at java.base@11.0.19/jdk.internal.reflect.DelegatingMethodAccessorImpl.invoke(DelegatingMethodAccessorImpl.java:43)
	at java.base@11.0.19/java.lang.reflect.Method.invoke(Method.java:566)
	at org.gradle.internal.dispatch.ReflectionDispatch.dispatch(ReflectionDispatch.java:36)
	at org.gradle.internal.dispatch.ReflectionDispatch.dispatch(ReflectionDispatch.java:24)
	at org.gradle.internal.dispatch.ContextClassLoaderDispatch.dispatch(ContextClassLoaderDispatch.java:33)
	at org.gradle.internal.dispatch.ProxyDispatchAdapter$DispatchingInvocationHandler.invoke(ProxyDispatchAdapter.java:94)
	at com.sun.proxy.$Proxy2.stop(Unknown Source)
	at org.gradle.api.internal.tasks.testing.worker.TestWorker$3.run(TestWorker.java:193)
	at org.gradle.api.internal.tasks.testing.worker.TestWorker.executeAndMaintainThreadName(TestWorker.java:129)
	at org.gradle.api.internal.tasks.testing.worker.TestWorker.execute(TestWorker.java:100)
	at org.gradle.api.internal.tasks.testing.worker.TestWorker.execute(TestWorker.java:60)
	at org.gradle.process.internal.worker.child.ActionExecutionWorker.execute(ActionExecutionWorker.java:56)
	at org.gradle.process.internal.worker.child.SystemApplicationClassLoaderWorker.call(SystemApplicationClassLoaderWorker.java:113)
	at org.gradle.process.internal.worker.child.SystemApplicationClassLoaderWorker.call(SystemApplicationClassLoaderWorker.java:65)
	at app//worker.org.gradle.process.internal.worker.GradleWorkerMain.run(GradleWorkerMain.java:69)
	at app//worker.org.gradle.process.internal.worker.GradleWorkerMain.main(GradleWorkerMain.java:74)
</failure>
  </testcase>
  <testcase name="observer" classname="de.uka.ilkd.key.proof.runallproofs.RunAllProofsFunctional" time="97.193"/>
  <testcase name="removeDups" classname="de.uka.ilkd.key.proof.runallproofs.RunAllProofsFunctional" time="128.59"/>
  <testcase name="quicksort" classname="de.uka.ilkd.key.proof.runallproofs.RunAllProofsFunctional" time="104.397">
    <failure message="org.opentest4j.AssertionFailedError: Executed process terminated with non-zero exit value. ==&gt; expected: &lt;0&gt; but was: &lt;1&gt;" type="org.opentest4j.AssertionFailedError">org.opentest4j.AssertionFailedError: Executed process terminated with non-zero exit value. ==&gt; expected: &lt;0&gt; but was: &lt;1&gt;
	at app//org.junit.jupiter.api.AssertionFailureBuilder.build(AssertionFailureBuilder.java:151)
	at app//org.junit.jupiter.api.AssertionFailureBuilder.buildAndThrow(AssertionFailureBuilder.java:132)
	at app//org.junit.jupiter.api.AssertEquals.failNotEqual(AssertEquals.java:197)
	at app//org.junit.jupiter.api.AssertEquals.assertEquals(AssertEquals.java:150)
	at app//org.junit.jupiter.api.Assertions.assertEquals(Assertions.java:560)
	at app//de.uka.ilkd.key.proof.runallproofs.proofcollection.ForkedTestFileRunner.processTestFiles(ForkedTestFileRunner.java:130)
	at app//de.uka.ilkd.key.proof.runallproofs.RunAllProofsTestUnit.runTest(RunAllProofsTestUnit.java:89)
	at app//de.uka.ilkd.key.proof.runallproofs.RunAllProofsTest.lambda$data$0(RunAllProofsTest.java:77)
	at app//org.junit.jupiter.engine.descriptor.DynamicTestTestDescriptor.lambda$execute$0(DynamicTestTestDescriptor.java:53)
	at app//org.junit.jupiter.engine.execution.InvocationInterceptorChain$ValidatingInvocation.proceed(InvocationInterceptorChain.java:131)
	at app//org.junit.jupiter.api.extension.InvocationInterceptor.interceptDynamicTest(InvocationInterceptor.java:167)
	at app//org.junit.jupiter.api.extension.InvocationInterceptor.interceptDynamicTest(InvocationInterceptor.java:184)
	at app//org.junit.jupiter.engine.descriptor.DynamicTestTestDescriptor.lambda$execute$1(DynamicTestTestDescriptor.java:61)
	at app//org.junit.jupiter.engine.execution.InvocationInterceptorChain$InterceptorCall.lambda$ofVoid$0(InvocationInterceptorChain.java:78)
	at app//org.junit.jupiter.engine.execution.InvocationInterceptorChain$InterceptedInvocation.proceed(InvocationInterceptorChain.java:106)
	at app//org.junit.jupiter.engine.execution.InvocationInterceptorChain.proceed(InvocationInterceptorChain.java:64)
	at app//org.junit.jupiter.engine.execution.InvocationInterceptorChain.chainAndInvoke(InvocationInterceptorChain.java:45)
	at app//org.junit.jupiter.engine.execution.InvocationInterceptorChain.invoke(InvocationInterceptorChain.java:37)
	at app//org.junit.jupiter.engine.descriptor.DynamicTestTestDescriptor.execute(DynamicTestTestDescriptor.java:60)
	at app//org.junit.jupiter.engine.descriptor.DynamicTestTestDescriptor.execute(DynamicTestTestDescriptor.java:32)
	at app//org.junit.platform.engine.support.hierarchical.NodeTestTask.lambda$executeRecursively$6(NodeTestTask.java:151)
	at app//org.junit.platform.engine.support.hierarchical.ThrowableCollector.execute(ThrowableCollector.java:73)
	at app//org.junit.platform.engine.support.hierarchical.NodeTestTask.lambda$executeRecursively$8(NodeTestTask.java:141)
	at app//org.junit.platform.engine.support.hierarchical.Node.around(Node.java:137)
	at app//org.junit.platform.engine.support.hierarchical.NodeTestTask.lambda$executeRecursively$9(NodeTestTask.java:139)
	at app//org.junit.platform.engine.support.hierarchical.ThrowableCollector.execute(ThrowableCollector.java:73)
	at app//org.junit.platform.engine.support.hierarchical.NodeTestTask.executeRecursively(NodeTestTask.java:138)
	at app//org.junit.platform.engine.support.hierarchical.NodeTestTask.execute(NodeTestTask.java:95)
	at app//org.junit.platform.engine.support.hierarchical.SameThreadHierarchicalTestExecutorService.submit(SameThreadHierarchicalTestExecutorService.java:35)
	at app//org.junit.platform.engine.support.hierarchical.NodeTestTask$DefaultDynamicTestExecutor.execute(NodeTestTask.java:226)
	at app//org.junit.platform.engine.support.hierarchical.NodeTestTask$DefaultDynamicTestExecutor.execute(NodeTestTask.java:204)
	at java.base@11.0.19/java.util.Optional.ifPresent(Optional.java:183)
	at app//org.junit.jupiter.engine.descriptor.TestFactoryTestDescriptor.lambda$invokeTestMethod$1(TestFactoryTestDescriptor.java:108)
	at app//org.junit.platform.engine.support.hierarchical.ThrowableCollector.execute(ThrowableCollector.java:73)
	at app//org.junit.jupiter.engine.descriptor.TestFactoryTestDescriptor.invokeTestMethod(TestFactoryTestDescriptor.java:95)
	at app//org.junit.jupiter.engine.descriptor.TestMethodTestDescriptor.execute(TestMethodTestDescriptor.java:138)
	at app//org.junit.jupiter.engine.descriptor.TestMethodTestDescriptor.execute(TestMethodTestDescriptor.java:68)
	at app//org.junit.platform.engine.support.hierarchical.NodeTestTask.lambda$executeRecursively$6(NodeTestTask.java:151)
	at app//org.junit.platform.engine.support.hierarchical.ThrowableCollector.execute(ThrowableCollector.java:73)
	at app//org.junit.platform.engine.support.hierarchical.NodeTestTask.lambda$executeRecursively$8(NodeTestTask.java:141)
	at app//org.junit.platform.engine.support.hierarchical.Node.around(Node.java:137)
	at app//org.junit.platform.engine.support.hierarchical.NodeTestTask.lambda$executeRecursively$9(NodeTestTask.java:139)
	at app//org.junit.platform.engine.support.hierarchical.ThrowableCollector.execute(ThrowableCollector.java:73)
	at app//org.junit.platform.engine.support.hierarchical.NodeTestTask.executeRecursively(NodeTestTask.java:138)
	at app//org.junit.platform.engine.support.hierarchical.NodeTestTask.execute(NodeTestTask.java:95)
	at java.base@11.0.19/java.util.ArrayList.forEach(ArrayList.java:1541)
	at app//org.junit.platform.engine.support.hierarchical.SameThreadHierarchicalTestExecutorService.invokeAll(SameThreadHierarchicalTestExecutorService.java:41)
	at app//org.junit.platform.engine.support.hierarchical.NodeTestTask.lambda$executeRecursively$6(NodeTestTask.java:155)
	at app//org.junit.platform.engine.support.hierarchical.ThrowableCollector.execute(ThrowableCollector.java:73)
	at app//org.junit.platform.engine.support.hierarchical.NodeTestTask.lambda$executeRecursively$8(NodeTestTask.java:141)
	at app//org.junit.platform.engine.support.hierarchical.Node.around(Node.java:137)
	at app//org.junit.platform.engine.support.hierarchical.NodeTestTask.lambda$executeRecursively$9(NodeTestTask.java:139)
	at app//org.junit.platform.engine.support.hierarchical.ThrowableCollector.execute(ThrowableCollector.java:73)
	at app//org.junit.platform.engine.support.hierarchical.NodeTestTask.executeRecursively(NodeTestTask.java:138)
	at app//org.junit.platform.engine.support.hierarchical.NodeTestTask.execute(NodeTestTask.java:95)
	at java.base@11.0.19/java.util.ArrayList.forEach(ArrayList.java:1541)
	at app//org.junit.platform.engine.support.hierarchical.SameThreadHierarchicalTestExecutorService.invokeAll(SameThreadHierarchicalTestExecutorService.java:41)
	at app//org.junit.platform.engine.support.hierarchical.NodeTestTask.lambda$executeRecursively$6(NodeTestTask.java:155)
	at app//org.junit.platform.engine.support.hierarchical.ThrowableCollector.execute(ThrowableCollector.java:73)
	at app//org.junit.platform.engine.support.hierarchical.NodeTestTask.lambda$executeRecursively$8(NodeTestTask.java:141)
	at app//org.junit.platform.engine.support.hierarchical.Node.around(Node.java:137)
	at app//org.junit.platform.engine.support.hierarchical.NodeTestTask.lambda$executeRecursively$9(NodeTestTask.java:139)
	at app//org.junit.platform.engine.support.hierarchical.ThrowableCollector.execute(ThrowableCollector.java:73)
	at app//org.junit.platform.engine.support.hierarchical.NodeTestTask.executeRecursively(NodeTestTask.java:138)
	at app//org.junit.platform.engine.support.hierarchical.NodeTestTask.execute(NodeTestTask.java:95)
	at app//org.junit.platform.engine.support.hierarchical.SameThreadHierarchicalTestExecutorService.submit(SameThreadHierarchicalTestExecutorService.java:35)
	at app//org.junit.platform.engine.support.hierarchical.HierarchicalTestExecutor.execute(HierarchicalTestExecutor.java:57)
	at app//org.junit.platform.engine.support.hierarchical.HierarchicalTestEngine.execute(HierarchicalTestEngine.java:54)
	at app//org.junit.platform.launcher.core.EngineExecutionOrchestrator.execute(EngineExecutionOrchestrator.java:107)
	at app//org.junit.platform.launcher.core.EngineExecutionOrchestrator.execute(EngineExecutionOrchestrator.java:88)
	at app//org.junit.platform.launcher.core.EngineExecutionOrchestrator.lambda$execute$0(EngineExecutionOrchestrator.java:54)
	at app//org.junit.platform.launcher.core.EngineExecutionOrchestrator.withInterceptedStreams(EngineExecutionOrchestrator.java:67)
	at app//org.junit.platform.launcher.core.EngineExecutionOrchestrator.execute(EngineExecutionOrchestrator.java:52)
	at app//org.junit.platform.launcher.core.DefaultLauncher.execute(DefaultLauncher.java:114)
	at app//org.junit.platform.launcher.core.DefaultLauncher.execute(DefaultLauncher.java:86)
	at app//org.junit.platform.launcher.core.DefaultLauncherSession$DelegatingLauncher.execute(DefaultLauncherSession.java:86)
	at org.gradle.api.internal.tasks.testing.junitplatform.JUnitPlatformTestClassProcessor$CollectAllTestClassesExecutor.processAllTestClasses(JUnitPlatformTestClassProcessor.java:110)
	at org.gradle.api.internal.tasks.testing.junitplatform.JUnitPlatformTestClassProcessor$CollectAllTestClassesExecutor.access$000(JUnitPlatformTestClassProcessor.java:90)
	at org.gradle.api.internal.tasks.testing.junitplatform.JUnitPlatformTestClassProcessor.stop(JUnitPlatformTestClassProcessor.java:85)
	at org.gradle.api.internal.tasks.testing.SuiteTestClassProcessor.stop(SuiteTestClassProcessor.java:62)
	at java.base@11.0.19/jdk.internal.reflect.NativeMethodAccessorImpl.invoke0(Native Method)
	at java.base@11.0.19/jdk.internal.reflect.NativeMethodAccessorImpl.invoke(NativeMethodAccessorImpl.java:62)
	at java.base@11.0.19/jdk.internal.reflect.DelegatingMethodAccessorImpl.invoke(DelegatingMethodAccessorImpl.java:43)
	at java.base@11.0.19/java.lang.reflect.Method.invoke(Method.java:566)
	at org.gradle.internal.dispatch.ReflectionDispatch.dispatch(ReflectionDispatch.java:36)
	at org.gradle.internal.dispatch.ReflectionDispatch.dispatch(ReflectionDispatch.java:24)
	at org.gradle.internal.dispatch.ContextClassLoaderDispatch.dispatch(ContextClassLoaderDispatch.java:33)
	at org.gradle.internal.dispatch.ProxyDispatchAdapter$DispatchingInvocationHandler.invoke(ProxyDispatchAdapter.java:94)
	at com.sun.proxy.$Proxy2.stop(Unknown Source)
	at org.gradle.api.internal.tasks.testing.worker.TestWorker$3.run(TestWorker.java:193)
	at org.gradle.api.internal.tasks.testing.worker.TestWorker.executeAndMaintainThreadName(TestWorker.java:129)
	at org.gradle.api.internal.tasks.testing.worker.TestWorker.execute(TestWorker.java:100)
	at org.gradle.api.internal.tasks.testing.worker.TestWorker.execute(TestWorker.java:60)
	at org.gradle.process.internal.worker.child.ActionExecutionWorker.execute(ActionExecutionWorker.java:56)
	at org.gradle.process.internal.worker.child.SystemApplicationClassLoaderWorker.call(SystemApplicationClassLoaderWorker.java:113)
	at org.gradle.process.internal.worker.child.SystemApplicationClassLoaderWorker.call(SystemApplicationClassLoaderWorker.java:65)
	at app//worker.org.gradle.process.internal.worker.GradleWorkerMain.run(GradleWorkerMain.java:69)
	at app//worker.org.gradle.process.internal.worker.GradleWorkerMain.main(GradleWorkerMain.java:74)
</failure>
  </testcase>
  <testcase name="simpleTests" classname="de.uka.ilkd.key.proof.runallproofs.RunAllProofsFunctional" time="150.509"/>
  <testcase name="SmansEtAl" classname="de.uka.ilkd.key.proof.runallproofs.RunAllProofsFunctional" time="198.277"/>
  <testcase name="VACID0" classname="de.uka.ilkd.key.proof.runallproofs.RunAllProofsFunctional" time="78.619"/>
  <testcase name="VSTTE10" classname="de.uka.ilkd.key.proof.runallproofs.RunAllProofsFunctional" time="174.451"/>
  <testcase name="WeideEtAl" classname="de.uka.ilkd.key.proof.runallproofs.RunAllProofsFunctional" time="28.408"/>
  <testcase name="arithmetic" classname="de.uka.ilkd.key.proof.runallproofs.RunAllProofsFunctional" time="494.701"/>
  <testcase name="arrays" classname="de.uka.ilkd.key.proof.runallproofs.RunAllProofsFunctional" time="59.571"/>
  <testcase name="javadl" classname="de.uka.ilkd.key.proof.runallproofs.RunAllProofsFunctional" time="590.818"/>
  <testcase name="FOL" classname="de.uka.ilkd.key.proof.runallproofs.RunAllProofsFunctional" time="284.884"/>
  <testcase name="strings" classname="de.uka.ilkd.key.proof.runallproofs.RunAllProofsFunctional" time="151.263"/>
  <testcase name="simple_info_flow" classname="de.uka.ilkd.key.proof.runallproofs.RunAllProofsFunctional" time="13.536"/>
  <testcase name="modelMethods" classname="de.uka.ilkd.key.proof.runallproofs.RunAllProofsFunctional" time="181.714"/>
  <testcase name="permissionHeap" classname="de.uka.ilkd.key.proof.runallproofs.RunAllProofsFunctional" time="791.392"/>
  <testcase name="completionScopes" classname="de.uka.ilkd.key.proof.runallproofs.RunAllProofsFunctional" time="52.558"/>
  <testcase name="reload_examples" classname="de.uka.ilkd.key.proof.runallproofs.RunAllProofsFunctional" time="41.457"/>
  <testcase name="proofLoadRepair" classname="de.uka.ilkd.key.proof.runallproofs.RunAllProofsFunctional" time="18.931"/>
  <testcase name="switch" classname="de.uka.ilkd.key.proof.runallproofs.RunAllProofsFunctional" time="61.97"/>
  <testcase name="redux" classname="de.uka.ilkd.key.proof.runallproofs.RunAllProofsFunctional" time="126.15"/>
  <system-out><![CDATA[352        INFO  Test worker     d.u.i.k.p.r.RunAllProofsTestUnit Running test newBook 
347        INFO  Timeout watchdog d.u.i.k.p.r.p.ForkedTestFileRunner Timeout watcher launched (2000 secs.) 
359        WARN  main            d.u.i.k.s.ProofSettings   No proof-settings could be loaded, using defaults java.io.FileNotFoundException: /home/runner/.key/proof-settings.props (No such file or directory)
	at java.base/java.io.FileInputStream.open0(Native Method)

411        INFO  main            d.u.i.k.p.r.p.TestFile    Now processing file /home/runner/work/key/key/key.core/../key.ui/examples/newBook/09.list_modelfield/ArrayList.add.key 
604        INFO  main            d.u.i.k.p.i.AbstractProblemLoader Loading environment from /home/runner/work/key/key/key.core/../key.ui/examples/newBook/09.list_modelfield/ArrayList.add.key 
625        DEBUG main            d.u.i.k.p.i.AbstractProblemLoader Environment load took 4.18ms 
879        INFO  main            d.u.i.k.p.i.AbstractProblemLoader Creating init config 
1841       DEBUG main            d.u.i.k.j.TypeConverter   No LDT found for Meta 
1841       DEBUG main            d.u.i.k.j.TypeConverter   No LDT found for Meta 
1842       DEBUG main            d.u.i.k.j.TypeConverter   No LDT found for Meta 
1843       DEBUG main            d.u.i.k.j.TypeConverter   No LDT found for Meta 
3466       DEBUG main            d.u.i.k.j.TypeConverter   No LDT found for JavaBigintExpression 
8925       DEBUG main            d.u.i.k.p.i.AbstractProblemLoader Init config took 8.05s 
9072       INFO  main            d.u.i.k.p.i.AbstractProblemLoader Replaying proof ArrayList[List::add(int)].JML normal_behavior operation contract.0 
9108       DEBUG main            d.u.i.k.p.i.IntermediateProofReplayer Proof replay took 37ns 
27807      INFO  main            d.u.i.k.p.r.p.TestFile    ... finished proof: closed. 
28044      INFO  main            d.u.i.k.p.i.AbstractProblemLoader Loading environment from /home/runner/work/key/key/key.core/../key.ui/examples/newBook/09.list_modelfield/ArrayList.add.key.proof 
28046      DEBUG main            d.u.i.k.p.i.AbstractProblemLoader Environment load took 1.32ms 
28052      INFO  main            d.u.i.k.p.i.AbstractProblemLoader Creating init config 
30975      DEBUG main            d.u.i.k.p.i.AbstractProblemLoader Init config took 2.92s 
31042      INFO  main            d.u.i.k.p.i.AbstractProblemLoader Replaying proof ArrayList[List::add(int)].JML normal_behavior operation contract.0 
31975      DEBUG main            d.u.i.k.p.i.IntermediateProofReplayer Proof replay took 869.11ms 
31990      DEBUG main            d.u.i.k.p.r.p.TestFile    ... success: reloaded. 
31994      INFO  main            d.u.i.k.p.r.p.TestFile    Now processing file /home/runner/work/key/key/key.core/../key.ui/examples/newBook/09.list_modelfield/ArrayList.remFirst.key 
31995      INFO  main            d.u.i.k.p.i.AbstractProblemLoader Loading environment from /home/runner/work/key/key/key.core/../key.ui/examples/newBook/09.list_modelfield/ArrayList.remFirst.key 
31996      DEBUG main            d.u.i.k.p.i.AbstractProblemLoader Environment load took 814.61ns 
32001      INFO  main            d.u.i.k.p.i.AbstractProblemLoader Creating init config 
34996      DEBUG main            d.u.i.k.p.i.AbstractProblemLoader Init config took 2.99s 
35074      INFO  main            d.u.i.k.p.i.AbstractProblemLoader Replaying proof ArrayList[List::remFirst()].JML normal_behavior operation contract.0 
35078      DEBUG main            d.u.i.k.p.i.IntermediateProofReplayer Proof replay took 18ns 
39296      INFO  main            d.u.i.k.p.r.p.TestFile    ... finished proof: closed. 
39566      INFO  main            d.u.i.k.p.i.AbstractProblemLoader Loading environment from /home/runner/work/key/key/key.core/../key.ui/examples/newBook/09.list_modelfield/ArrayList.remFirst.key.proof 
39566      DEBUG main            d.u.i.k.p.i.AbstractProblemLoader Environment load took 178.2ns 
39568      INFO  main            d.u.i.k.p.i.AbstractProblemLoader Creating init config 
42257      DEBUG main            d.u.i.k.p.i.AbstractProblemLoader Init config took 2.69s 
42309      INFO  main            d.u.i.k.p.i.AbstractProblemLoader Replaying proof ArrayList[List::remFirst()].JML normal_behavior operation contract.0 
42694      DEBUG main            d.u.i.k.p.i.IntermediateProofReplayer Proof replay took 369.71ms 
42696      DEBUG main            d.u.i.k.p.r.p.TestFile    ... success: reloaded. 
42697      INFO  main            d.u.i.k.p.r.p.TestFile    Now processing file /home/runner/work/key/key/key.core/../key.ui/examples/newBook/09.list_modelfield/ArrayList.empty.key 
42697      INFO  main            d.u.i.k.p.i.AbstractProblemLoader Loading environment from /home/runner/work/key/key/key.core/../key.ui/examples/newBook/09.list_modelfield/ArrayList.empty.key 
42697      DEBUG main            d.u.i.k.p.i.AbstractProblemLoader Environment load took 73.8ns 
42698      INFO  main            d.u.i.k.p.i.AbstractProblemLoader Creating init config 
45356      DEBUG main            d.u.i.k.p.i.AbstractProblemLoader Init config took 2.66s 
45406      INFO  main            d.u.i.k.p.i.AbstractProblemLoader Replaying proof ArrayList[List::empty()].JML normal_behavior operation contract.0 
45407      DEBUG main            d.u.i.k.p.i.IntermediateProofReplayer Proof replay took 6ns 
46515      INFO  main            d.u.i.k.p.r.p.TestFile    ... finished proof: closed. 
46713      INFO  main            d.u.i.k.p.i.AbstractProblemLoader Loading environment from /home/runner/work/key/key/key.core/../key.ui/examples/newBook/09.list_modelfield/ArrayList.empty.key.proof 
46713      DEBUG main            d.u.i.k.p.i.AbstractProblemLoader Environment load took 165.5ns 
46715      INFO  main            d.u.i.k.p.i.AbstractProblemLoader Creating init config 
49354      DEBUG main            d.u.i.k.p.i.AbstractProblemLoader Init config took 2.64s 
49405      INFO  main            d.u.i.k.p.i.AbstractProblemLoader Replaying proof ArrayList[List::empty()].JML normal_behavior operation contract.0 
49534      DEBUG main            d.u.i.k.p.i.IntermediateProofReplayer Proof replay took 122.92ms 
49536      DEBUG main            d.u.i.k.p.r.p.TestFile    ... success: reloaded. 
49538      INFO  main            d.u.i.k.p.r.p.TestFile    Now processing file /home/runner/work/key/key/key.core/../key.ui/examples/newBook/09.list_modelfield/ArrayList.size.key 
49539      INFO  main            d.u.i.k.p.i.AbstractProblemLoader Loading environment from /home/runner/work/key/key/key.core/../key.ui/examples/newBook/09.list_modelfield/ArrayList.size.key 
49540      DEBUG main            d.u.i.k.p.i.AbstractProblemLoader Environment load took 652.91ns 
49541      INFO  main            d.u.i.k.p.i.AbstractProblemLoader Creating init config 
52224      DEBUG main            d.u.i.k.p.i.AbstractProblemLoader Init config took 2.68s 
52273      INFO  main            d.u.i.k.p.i.AbstractProblemLoader Replaying proof ArrayList[List::size()].JML normal_behavior operation contract.0 
52275      DEBUG main            d.u.i.k.p.i.IntermediateProofReplayer Proof replay took 7.4ns 
52778      INFO  main            d.u.i.k.p.r.p.TestFile    ... finished proof: closed. 
52948      INFO  main            d.u.i.k.p.i.AbstractProblemLoader Loading environment from /home/runner/work/key/key/key.core/../key.ui/examples/newBook/09.list_modelfield/ArrayList.size.key.proof 
52948      DEBUG main            d.u.i.k.p.i.AbstractProblemLoader Environment load took 130.7ns 
52950      INFO  main            d.u.i.k.p.i.AbstractProblemLoader Creating init config 
55525      DEBUG main            d.u.i.k.p.i.AbstractProblemLoader Init config took 2.57s 
55584      INFO  main            d.u.i.k.p.i.AbstractProblemLoader Replaying proof ArrayList[List::size()].JML normal_behavior operation contract.0 
55620      DEBUG main            d.u.i.k.p.i.IntermediateProofReplayer Proof replay took 32.35ms 
55621      DEBUG main            d.u.i.k.p.r.p.TestFile    ... success: reloaded. 
55622      INFO  main            d.u.i.k.p.r.p.TestFile    Now processing file /home/runner/work/key/key/key.core/../key.ui/examples/newBook/09.list_modelfield/ArrayList.get.key 
55622      INFO  main            d.u.i.k.p.i.AbstractProblemLoader Loading environment from /home/runner/work/key/key/key.core/../key.ui/examples/newBook/09.list_modelfield/ArrayList.get.key 
55622      DEBUG main            d.u.i.k.p.i.AbstractProblemLoader Environment load took 135.5ns 
55623      INFO  main            d.u.i.k.p.i.AbstractProblemLoader Creating init config 
58125      DEBUG main            d.u.i.k.p.i.AbstractProblemLoader Init config took 2.5s 
58170      INFO  main            d.u.i.k.p.i.AbstractProblemLoader Replaying proof ArrayList[List::get(int)].JML normal_behavior operation contract.0 
58172      DEBUG main            d.u.i.k.p.i.IntermediateProofReplayer Proof replay took 5.9ns 
59079      INFO  main            d.u.i.k.p.r.p.TestFile    ... finished proof: closed. 
59322      INFO  main            d.u.i.k.p.i.AbstractProblemLoader Loading environment from /home/runner/work/key/key/key.core/../key.ui/examples/newBook/09.list_modelfield/ArrayList.get.key.proof 
59322      DEBUG main            d.u.i.k.p.i.AbstractProblemLoader Environment load took 206.2ns 
59323      INFO  main            d.u.i.k.p.i.AbstractProblemLoader Creating init config 
61867      DEBUG main            d.u.i.k.p.i.AbstractProblemLoader Init config took 2.54s 
61912      INFO  main            d.u.i.k.p.i.AbstractProblemLoader Replaying proof ArrayList[List::get(int)].JML normal_behavior operation contract.0 
61972      DEBUG main            d.u.i.k.p.i.IntermediateProofReplayer Proof replay took 55.91ms 
61973      DEBUG main            d.u.i.k.p.r.p.TestFile    ... success: reloaded. 
62554      INFO  Test worker     d.u.i.k.p.r.RunAllProofsTestUnit Returning from test newBook 
62564      INFO  Test worker     d.u.i.k.p.r.RunAllProofsTestUnit Running test oldBook 
347        INFO  Timeout watchdog d.u.i.k.p.r.p.ForkedTestFileRunner Timeout watcher launched (2000 secs.) 
363        WARN  main            d.u.i.k.s.ProofSettings   The settings in /home/runner/.key/proof-settings.props are *not* read. 
407        INFO  main            d.u.i.k.p.r.p.TestFile    Now processing file /home/runner/work/key/key/key.core/../key.ui/examples/standard_key/BookExamples/02FirstOrderLogic/Ex2.58.key 
546        INFO  main            d.u.i.k.p.i.AbstractProblemLoader Loading environment from /home/runner/work/key/key/key.core/../key.ui/examples/standard_key/BookExamples/02FirstOrderLogic/Ex2.58.key 
562        DEBUG main            d.u.i.k.p.i.AbstractProblemLoader Environment load took 1.84ms 
799        INFO  main            d.u.i.k.p.i.AbstractProblemLoader Creating init config 
1498       DEBUG main            d.u.i.k.j.TypeConverter   No LDT found for Meta 
1499       DEBUG main            d.u.i.k.j.TypeConverter   No LDT found for Meta 
1501       DEBUG main            d.u.i.k.j.TypeConverter   No LDT found for Meta 
1501       DEBUG main            d.u.i.k.j.TypeConverter   No LDT found for Meta 
3125       DEBUG main            d.u.i.k.j.TypeConverter   No LDT found for JavaBigintExpression 
8379       DEBUG main            d.u.i.k.p.i.AbstractProblemLoader Init config took 7.58s 
8436       INFO  main            d.u.i.k.p.i.AbstractProblemLoader Replaying proof Ex2.58.key 
8468       DEBUG main            d.u.i.k.p.i.IntermediateProofReplayer Proof replay took 31.9ns 
8647       INFO  main            d.u.i.k.p.r.p.TestFile    ... finished proof: closed. 
8741       INFO  main            d.u.i.k.p.i.AbstractProblemLoader Loading environment from /home/runner/work/key/key/key.core/../key.ui/examples/standard_key/BookExamples/02FirstOrderLogic/Ex2.58.key.proof 
8741       DEBUG main            d.u.i.k.p.i.AbstractProblemLoader Environment load took 144.3ns 
8748       INFO  main            d.u.i.k.p.i.AbstractProblemLoader Creating init config 
11577      DEBUG main            d.u.i.k.p.i.AbstractProblemLoader Init config took 2.83s 
11620      INFO  main            d.u.i.k.p.i.AbstractProblemLoader Replaying proof Ex2.58.key.proof 
11628      DEBUG main            d.u.i.k.p.i.IntermediateProofReplayer Proof replay took 2.79ms 
11639      DEBUG main            d.u.i.k.p.r.p.TestFile    ... success: reloaded. 
11641      INFO  main            d.u.i.k.p.r.p.TestFile    Now processing file /home/runner/work/key/key/key.core/../key.ui/examples/standard_key/BookExamples/03DynamicLogic/Sect3.3.1.key 
11642      INFO  main            d.u.i.k.p.i.AbstractProblemLoader Loading environment from /home/runner/work/key/key/key.core/../key.ui/examples/standard_key/BookExamples/03DynamicLogic/Sect3.3.1.key 
11643      DEBUG main            d.u.i.k.p.i.AbstractProblemLoader Environment load took 420.31ns 
11644      INFO  main            d.u.i.k.p.i.AbstractProblemLoader Creating init config 
14375      DEBUG main            d.u.i.k.p.i.AbstractProblemLoader Init config took 2.73s 
14408      INFO  main            d.u.i.k.p.i.AbstractProblemLoader Replaying proof Sect3.3.1.key 
14412      DEBUG main            d.u.i.k.p.i.IntermediateProofReplayer Proof replay took 7.3ns 
14918      INFO  main            d.u.i.k.p.r.p.TestFile    ... finished proof: closed. 
15050      INFO  main            d.u.i.k.p.i.AbstractProblemLoader Loading environment from /home/runner/work/key/key/key.core/../key.ui/examples/standard_key/BookExamples/03DynamicLogic/Sect3.3.1.key.proof 
15051      DEBUG main            d.u.i.k.p.i.AbstractProblemLoader Environment load took 133.5ns 
15053      INFO  main            d.u.i.k.p.i.AbstractProblemLoader Creating init config 
17604      DEBUG main            d.u.i.k.p.i.AbstractProblemLoader Init config took 2.55s 
17634      INFO  main            d.u.i.k.p.i.AbstractProblemLoader Replaying proof Sect3.3.1.key.proof 
17685      DEBUG main            d.u.i.k.p.i.IntermediateProofReplayer Proof replay took 45.92ms 
17687      DEBUG main            d.u.i.k.p.r.p.TestFile    ... success: reloaded. 
80486      INFO  Test worker     d.u.i.k.p.r.RunAllProofsTestUnit Returning from test oldBook 
80488      INFO  Test worker     d.u.i.k.p.r.RunAllProofsTestUnit Running test comprehensions 
311        INFO  Timeout watchdog d.u.i.k.p.r.p.ForkedTestFileRunner Timeout watcher launched (2000 secs.) 
347        WARN  main            d.u.i.k.s.ProofSettings   The settings in /home/runner/.key/proof-settings.props are *not* read. 
374        INFO  main            d.u.i.k.p.r.p.TestFile    Now processing file /home/runner/work/key/key/key.core/../key.ui/examples/heap/comprehensions/general_sum.key 
478        INFO  main            d.u.i.k.p.i.AbstractProblemLoader Loading environment from /home/runner/work/key/key/key.core/../key.ui/examples/heap/comprehensions/general_sum.key 
494        DEBUG main            d.u.i.k.p.i.AbstractProblemLoader Environment load took 2.32ms 
722        INFO  main            d.u.i.k.p.i.AbstractProblemLoader Creating init config 
1710       DEBUG main            d.u.i.k.j.TypeConverter   No LDT found for Meta 
1711       DEBUG main            d.u.i.k.j.TypeConverter   No LDT found for Meta 
1715       DEBUG main            d.u.i.k.j.TypeConverter   No LDT found for Meta 
1716       DEBUG main            d.u.i.k.j.TypeConverter   No LDT found for Meta 
3253       DEBUG main            d.u.i.k.j.TypeConverter   No LDT found for JavaBigintExpression 
8522       DEBUG main            d.u.i.k.p.i.AbstractProblemLoader Init config took 7.8s 
8644       INFO  main            d.u.i.k.p.i.AbstractProblemLoader Replaying proof GSum[GSum::doNothing()].JML operation contract.0 
8677       DEBUG main            d.u.i.k.p.i.IntermediateProofReplayer Proof replay took 34.2ns 
9111       INFO  main            d.u.i.k.p.r.p.TestFile    ... finished proof: closed. 
9232       INFO  main            d.u.i.k.p.i.AbstractProblemLoader Loading environment from /home/runner/work/key/key/key.core/../key.ui/examples/heap/comprehensions/general_sum.key.proof 
9232       DEBUG main            d.u.i.k.p.i.AbstractProblemLoader Environment load took 160.9ns 
9234       INFO  main            d.u.i.k.p.i.AbstractProblemLoader Creating init config 
12096      DEBUG main            d.u.i.k.p.i.AbstractProblemLoader Init config took 2.86s 
12181      INFO  main            d.u.i.k.p.i.AbstractProblemLoader Replaying proof GSum[GSum::doNothing()].JML operation contract.0 
12198      DEBUG main            d.u.i.k.p.i.IntermediateProofReplayer Proof replay took 11.54ms 
12206      DEBUG main            d.u.i.k.p.r.p.TestFile    ... success: reloaded. 
12207      INFO  main            d.u.i.k.p.r.p.TestFile    Now processing file /home/runner/work/key/key/key.core/../key.ui/examples/heap/comprehensions/sum0.key 
12207      INFO  main            d.u.i.k.p.i.AbstractProblemLoader Loading environment from /home/runner/work/key/key/key.core/../key.ui/examples/heap/comprehensions/sum0.key 
12207      DEBUG main            d.u.i.k.p.i.AbstractProblemLoader Environment load took 74.4ns 
12210      INFO  main            d.u.i.k.p.i.AbstractProblemLoader Creating init config 
15003      DEBUG main            d.u.i.k.p.i.AbstractProblemLoader Init config took 2.79s 
15059      INFO  main            d.u.i.k.p.i.AbstractProblemLoader Replaying proof Sum[Sum::sum0([I)].JML normal_behavior operation contract.0 
15062      DEBUG main            d.u.i.k.p.i.IntermediateProofReplayer Proof replay took 5.9ns 
15158      DEBUG Thread-4        d.u.i.k.l.l.OriginTermLabel commonFileName is null! 
15159      DEBUG Thread-4        d.u.i.k.l.l.OriginTermLabel commonFileName is null! 
15387      DEBUG Thread-4        d.u.i.k.l.l.OriginTermLabel commonFileName is null! 
15388      DEBUG Thread-4        d.u.i.k.l.l.OriginTermLabel commonFileName is null! 
15607      DEBUG Thread-4        d.u.i.k.l.l.OriginTermLabel commonFileName is null! 
15872      INFO  main            d.u.i.k.p.r.p.TestFile    ... finished proof: closed. 
16019      INFO  main            d.u.i.k.p.i.AbstractProblemLoader Loading environment from /home/runner/work/key/key/key.core/../key.ui/examples/heap/comprehensions/sum0.key.proof 
16019      DEBUG main            d.u.i.k.p.i.AbstractProblemLoader Environment load took 142.6ns 
16025      INFO  main            d.u.i.k.p.i.AbstractProblemLoader Creating init config 
18695      DEBUG main            d.u.i.k.p.i.AbstractProblemLoader Init config took 2.67s 
18746      INFO  main            d.u.i.k.p.i.AbstractProblemLoader Replaying proof Sum[Sum::sum0([I)].JML normal_behavior operation contract.0 
18776      DEBUG main            d.u.i.k.l.l.OriginTermLabel commonFileName is null! 
18776      DEBUG main            d.u.i.k.l.l.OriginTermLabel commonFileName is null! 
18819      DEBUG main            d.u.i.k.l.l.OriginTermLabel commonFileName is null! 
18846      DEBUG main            d.u.i.k.l.l.OriginTermLabel commonFileName is null! 
18847      DEBUG main            d.u.i.k.l.l.OriginTermLabel commonFileName is null! 
18850      DEBUG main            d.u.i.k.p.i.IntermediateProofReplayer Proof replay took 98.43ms 
18851      DEBUG main            d.u.i.k.p.r.p.TestFile    ... success: reloaded. 
18853      INFO  main            d.u.i.k.p.r.p.TestFile    Now processing file /home/runner/work/key/key/key.core/../key.ui/examples/heap/comprehensions/sum1.key 
18853      INFO  main            d.u.i.k.p.i.AbstractProblemLoader Loading environment from /home/runner/work/key/key/key.core/../key.ui/examples/heap/comprehensions/sum1.key 
18854      DEBUG main            d.u.i.k.p.i.AbstractProblemLoader Environment load took 362.21ns 
18855      INFO  main            d.u.i.k.p.i.AbstractProblemLoader Creating init config 
21498      DEBUG main            d.u.i.k.p.i.AbstractProblemLoader Init config took 2.64s 
21545      INFO  main            d.u.i.k.p.i.AbstractProblemLoader Replaying proof Sum[Sum::sum1([I)].JML normal_behavior operation contract.0 
21547      DEBUG main            d.u.i.k.p.i.IntermediateProofReplayer Proof replay took 6.2ns 
21603      DEBUG Thread-7        d.u.i.k.l.l.OriginTermLabel commonFileName is null! 
21603      DEBUG Thread-7        d.u.i.k.l.l.OriginTermLabel commonFileName is null! 
21788      DEBUG Thread-7        d.u.i.k.l.l.OriginTermLabel commonFileName is null! 
21789      DEBUG Thread-7        d.u.i.k.l.l.OriginTermLabel commonFileName is null! 
21912      DEBUG Thread-7        d.u.i.k.l.l.OriginTermLabel commonFileName is null! 
22160      INFO  main            d.u.i.k.p.r.p.TestFile    ... finished proof: closed. 
22305      INFO  main            d.u.i.k.p.i.AbstractProblemLoader Loading environment from /home/runner/work/key/key/key.core/../key.ui/examples/heap/comprehensions/sum1.key.proof 
22309      DEBUG main            d.u.i.k.p.i.AbstractProblemLoader Environment load took 3.93ms 
22311      INFO  main            d.u.i.k.p.i.AbstractProblemLoader Creating init config 
24928      DEBUG main            d.u.i.k.p.i.AbstractProblemLoader Init config took 2.62s 
24972      INFO  main            d.u.i.k.p.i.AbstractProblemLoader Replaying proof Sum[Sum::sum1([I)].JML normal_behavior operation contract.0 
25003      DEBUG main            d.u.i.k.l.l.OriginTermLabel commonFileName is null! 
25004      DEBUG main            d.u.i.k.l.l.OriginTermLabel commonFileName is null! 
25040      DEBUG main            d.u.i.k.l.l.OriginTermLabel commonFileName is null! 
25064      DEBUG main            d.u.i.k.l.l.OriginTermLabel commonFileName is null! 
25065      DEBUG main            d.u.i.k.l.l.OriginTermLabel commonFileName is null! 
25068      DEBUG main            d.u.i.k.p.i.IntermediateProofReplayer Proof replay took 90.54ms 
25069      DEBUG main            d.u.i.k.p.r.p.TestFile    ... success: reloaded. 
25070      INFO  main            d.u.i.k.p.r.p.TestFile    Now processing file /home/runner/work/key/key/key.core/../key.ui/examples/heap/comprehensions/sum2.key 
25071      INFO  main            d.u.i.k.p.i.AbstractProblemLoader Loading environment from /home/runner/work/key/key/key.core/../key.ui/examples/heap/comprehensions/sum2.key 
25071      DEBUG main            d.u.i.k.p.i.AbstractProblemLoader Environment load took 338.51ns 
25072      INFO  main            d.u.i.k.p.i.AbstractProblemLoader Creating init config 
27723      DEBUG main            d.u.i.k.p.i.AbstractProblemLoader Init config took 2.65s 
27766      INFO  main            d.u.i.k.p.i.AbstractProblemLoader Replaying proof Sum[Sum::sum2([I)].JML normal_behavior operation contract.0 
27768      DEBUG main            d.u.i.k.p.i.IntermediateProofReplayer Proof replay took 5.9ns 
27814      DEBUG Thread-10       d.u.i.k.l.l.OriginTermLabel commonFileName is null! 
27816      DEBUG Thread-10       d.u.i.k.l.l.OriginTermLabel commonFileName is null! 
27919      DEBUG Thread-10       d.u.i.k.l.l.OriginTermLabel commonFileName is null! 
27919      DEBUG Thread-10       d.u.i.k.l.l.OriginTermLabel commonFileName is null! 
27995      DEBUG Thread-10       d.u.i.k.l.l.OriginTermLabel commonFileName is null! 
28175      INFO  main            d.u.i.k.p.r.p.TestFile    ... finished proof: closed. 
28336      INFO  main            d.u.i.k.p.i.AbstractProblemLoader Loading environment from /home/runner/work/key/key/key.core/../key.ui/examples/heap/comprehensions/sum2.key.proof 
28336      DEBUG main            d.u.i.k.p.i.AbstractProblemLoader Environment load took 134.9ns 
28338      INFO  main            d.u.i.k.p.i.AbstractProblemLoader Creating init config 
30957      DEBUG main            d.u.i.k.p.i.AbstractProblemLoader Init config took 2.62s 
30999      INFO  main            d.u.i.k.p.i.AbstractProblemLoader Replaying proof Sum[Sum::sum2([I)].JML normal_behavior operation contract.0 
31022      DEBUG main            d.u.i.k.l.l.OriginTermLabel commonFileName is null! 
31023      DEBUG main            d.u.i.k.l.l.OriginTermLabel commonFileName is null! 
31050      DEBUG main            d.u.i.k.l.l.OriginTermLabel commonFileName is null! 
31070      DEBUG main            d.u.i.k.l.l.OriginTermLabel commonFileName is null! 
31071      DEBUG main            d.u.i.k.l.l.OriginTermLabel commonFileName is null! 
31073      DEBUG main            d.u.i.k.p.i.IntermediateProofReplayer Proof replay took 69.97ms 
31074      DEBUG main            d.u.i.k.p.r.p.TestFile    ... success: reloaded. 
31075      INFO  main            d.u.i.k.p.r.p.TestFile    Now processing file /home/runner/work/key/key/key.core/../key.ui/examples/heap/comprehensions/sum3.key 
31076      INFO  main            d.u.i.k.p.i.AbstractProblemLoader Loading environment from /home/runner/work/key/key/key.core/../key.ui/examples/heap/comprehensions/sum3.key 
31076      DEBUG main            d.u.i.k.p.i.AbstractProblemLoader Environment load took 347.61ns 
31078      INFO  main            d.u.i.k.p.i.AbstractProblemLoader Creating init config 
33709      DEBUG main            d.u.i.k.p.i.AbstractProblemLoader Init config took 2.63s 
33750      INFO  main            d.u.i.k.p.i.AbstractProblemLoader Replaying proof Sum[Sum::sum3([I)].JML normal_behavior operation contract.0 
33752      DEBUG main            d.u.i.k.p.i.IntermediateProofReplayer Proof replay took 6.9ns 
33801      DEBUG Thread-13       d.u.i.k.l.l.OriginTermLabel commonFileName is null! 
33802      DEBUG Thread-13       d.u.i.k.l.l.OriginTermLabel commonFileName is null! 
33931      DEBUG Thread-13       d.u.i.k.l.l.OriginTermLabel commonFileName is null! 
33933      DEBUG Thread-13       d.u.i.k.l.l.OriginTermLabel commonFileName is null! 
34014      DEBUG Thread-13       d.u.i.k.l.l.OriginTermLabel commonFileName is null! 
34158      INFO  main            d.u.i.k.p.r.p.TestFile    ... finished proof: closed. 
34326      INFO  main            d.u.i.k.p.i.AbstractProblemLoader Loading environment from /home/runner/work/key/key/key.core/../key.ui/examples/heap/comprehensions/sum3.key.proof 
34327      DEBUG main            d.u.i.k.p.i.AbstractProblemLoader Environment load took 1.07ms 
34331      INFO  main            d.u.i.k.p.i.AbstractProblemLoader Creating init config 
36885      DEBUG main            d.u.i.k.p.i.AbstractProblemLoader Init config took 2.55s 
36927      INFO  main            d.u.i.k.p.i.AbstractProblemLoader Replaying proof Sum[Sum::sum3([I)].JML normal_behavior operation contract.0 
36951      DEBUG main            d.u.i.k.l.l.OriginTermLabel commonFileName is null! 
36952      DEBUG main            d.u.i.k.l.l.OriginTermLabel commonFileName is null! 
36980      DEBUG main            d.u.i.k.l.l.OriginTermLabel commonFileName is null! 
36998      DEBUG main            d.u.i.k.l.l.OriginTermLabel commonFileName is null! 
36999      DEBUG main            d.u.i.k.l.l.OriginTermLabel commonFileName is null! 
37001      DEBUG main            d.u.i.k.p.i.IntermediateProofReplayer Proof replay took 70.61ms 
37003      DEBUG main            d.u.i.k.p.r.p.TestFile    ... success: reloaded. 
37005      INFO  main            d.u.i.k.p.r.p.TestFile    Now processing file /home/runner/work/key/key/key.core/../key.ui/examples/heap/comprehensions/segsum.key 
37006      INFO  main            d.u.i.k.p.i.AbstractProblemLoader Loading environment from /home/runner/work/key/key/key.core/../key.ui/examples/heap/comprehensions/segsum.key 
37007      DEBUG main            d.u.i.k.p.i.AbstractProblemLoader Environment load took 903.72ns 
37008      INFO  main            d.u.i.k.p.i.AbstractProblemLoader Creating init config 
39572      DEBUG main            d.u.i.k.p.i.AbstractProblemLoader Init config took 2.56s 
39612      INFO  main            d.u.i.k.p.i.AbstractProblemLoader Replaying proof SegSum[SegSum::segSum([I,int,int)].JML normal_behavior operation contract.0 
39613      DEBUG main            d.u.i.k.p.i.IntermediateProofReplayer Proof replay took 6.5ns 
40017      INFO  main            d.u.i.k.p.r.p.TestFile    ... finished proof: closed. 
40174      INFO  main            d.u.i.k.p.i.AbstractProblemLoader Loading environment from /home/runner/work/key/key/key.core/../key.ui/examples/heap/comprehensions/segsum.key.proof 
40174      DEBUG main            d.u.i.k.p.i.AbstractProblemLoader Environment load took 141.3ns 
40176      INFO  main            d.u.i.k.p.i.AbstractProblemLoader Creating init config 
42700      DEBUG main            d.u.i.k.p.i.AbstractProblemLoader Init config took 2.52s 
42748      INFO  main            d.u.i.k.p.i.AbstractProblemLoader Replaying proof SegSum[SegSum::segSum([I,int,int)].JML normal_behavior operation contract.0 
42826      DEBUG main            d.u.i.k.p.i.IntermediateProofReplayer Proof replay took 66.64ms 
42827      DEBUG main            d.u.i.k.p.r.p.TestFile    ... success: reloaded. 
42829      INFO  main            d.u.i.k.p.r.p.TestFile    Now processing file /home/runner/work/key/key/key.core/../key.ui/examples/heap/comprehensions/bsum_negative.key 
42830      INFO  main            d.u.i.k.p.i.AbstractProblemLoader Loading environment from /home/runner/work/key/key/key.core/../key.ui/examples/heap/comprehensions/bsum_negative.key 
42832      DEBUG main            d.u.i.k.p.i.AbstractProblemLoader Environment load took 1.97ms 
42836      INFO  main            d.u.i.k.p.i.AbstractProblemLoader Creating init config 
45238      DEBUG main            d.u.i.k.p.i.AbstractProblemLoader Init config took 2.4s 
45256      INFO  main            d.u.i.k.p.i.AbstractProblemLoader Replaying proof bsum_negative.key 
45258      DEBUG main            d.u.i.k.p.i.IntermediateProofReplayer Proof replay took 7.3ns 
45364      INFO  main            d.u.i.k.p.r.p.TestFile    ... finished proof: closed. 
45521      INFO  main            d.u.i.k.p.i.AbstractProblemLoader Loading environment from /home/runner/work/key/key/key.core/../key.ui/examples/heap/comprehensions/bsum_negative.key.proof 
45522      DEBUG main            d.u.i.k.p.i.AbstractProblemLoader Environment load took 125ns 
45523      INFO  main            d.u.i.k.p.i.AbstractProblemLoader Creating init config 
47872      DEBUG main            d.u.i.k.p.i.AbstractProblemLoader Init config took 2.35s 
47889      INFO  main            d.u.i.k.p.i.AbstractProblemLoader Replaying proof bsum_negative.key.proof 
47892      DEBUG main            d.u.i.k.p.i.IntermediateProofReplayer Proof replay took 941.12ns 
47892      DEBUG main            d.u.i.k.p.r.p.TestFile    ... success: reloaded. 
47893      INFO  main            d.u.i.k.p.r.p.TestFile    Now processing file /home/runner/work/key/key/key.core/../key.ui/examples/heap/comprehensions/bsum_neg2.key 
47893      INFO  main            d.u.i.k.p.i.AbstractProblemLoader Loading environment from /home/runner/work/key/key/key.core/../key.ui/examples/heap/comprehensions/bsum_neg2.key 
47893      DEBUG main            d.u.i.k.p.i.AbstractProblemLoader Environment load took 66.8ns 
47894      INFO  main            d.u.i.k.p.i.AbstractProblemLoader Creating init config 
50287      DEBUG main            d.u.i.k.p.i.AbstractProblemLoader Init config took 2.39s 
50304      INFO  main            d.u.i.k.p.i.AbstractProblemLoader Replaying proof bsum_neg2.key 
50305      DEBUG main            d.u.i.k.p.i.IntermediateProofReplayer Proof replay took 6.2ns 
50410      INFO  main            d.u.i.k.p.r.p.TestFile    ... finished proof: closed. 
50597      INFO  main            d.u.i.k.p.i.AbstractProblemLoader Loading environment from /home/runner/work/key/key/key.core/../key.ui/examples/heap/comprehensions/bsum_neg2.key.proof 
50598      DEBUG main            d.u.i.k.p.i.AbstractProblemLoader Environment load took 123.3ns 
50599      INFO  main            d.u.i.k.p.i.AbstractProblemLoader Creating init config 
52952      DEBUG main            d.u.i.k.p.i.AbstractProblemLoader Init config took 2.35s 
52971      INFO  main            d.u.i.k.p.i.AbstractProblemLoader Replaying proof bsum_neg2.key.proof 
52973      DEBUG main            d.u.i.k.p.i.IntermediateProofReplayer Proof replay took 604.11ns 
52974      DEBUG main            d.u.i.k.p.r.p.TestFile    ... success: reloaded. 
52975      INFO  main            d.u.i.k.p.r.p.TestFile    Now processing file /home/runner/work/key/key/key.core/../key.ui/examples/heap/comprehensions/bsumSplit.key 
52976      INFO  main            d.u.i.k.p.i.AbstractProblemLoader Loading environment from /home/runner/work/key/key/key.core/../key.ui/examples/heap/comprehensions/bsumSplit.key 
52977      DEBUG main            d.u.i.k.p.i.AbstractProblemLoader Environment load took 348.01ns 
52978      INFO  main            d.u.i.k.p.i.AbstractProblemLoader Creating init config 
55390      DEBUG main            d.u.i.k.p.i.AbstractProblemLoader Init config took 2.41s 
55406      INFO  main            d.u.i.k.p.i.AbstractProblemLoader Replaying proof bsumSplit.key 
55408      DEBUG main            d.u.i.k.p.i.IntermediateProofReplayer Proof replay took 6ns 
55511      INFO  main            d.u.i.k.p.r.p.TestFile    ... finished proof: closed. 
55683      INFO  main            d.u.i.k.p.i.AbstractProblemLoader Loading environment from /home/runner/work/key/key/key.core/../key.ui/examples/heap/comprehensions/bsumSplit.key.proof 
55683      DEBUG main            d.u.i.k.p.i.AbstractProblemLoader Environment load took 118.8ns 
55685      INFO  main            d.u.i.k.p.i.AbstractProblemLoader Creating init config 
58042      DEBUG main            d.u.i.k.p.i.AbstractProblemLoader Init config took 2.36s 
58058      INFO  main            d.u.i.k.p.i.AbstractProblemLoader Replaying proof bsumSplit.key.proof 
58063      DEBUG main            d.u.i.k.p.i.IntermediateProofReplayer Proof replay took 2.82ms 
58064      DEBUG main            d.u.i.k.p.r.p.TestFile    ... success: reloaded. 
58064      INFO  main            d.u.i.k.p.r.p.TestFile    Now processing file /home/runner/work/key/key/key.core/../key.ui/examples/heap/comprehensions/bprodSplit.key 
58064      INFO  main            d.u.i.k.p.i.AbstractProblemLoader Loading environment from /home/runner/work/key/key/key.core/../key.ui/examples/heap/comprehensions/bprodSplit.key 
58065      DEBUG main            d.u.i.k.p.i.AbstractProblemLoader Environment load took 115ns 
58065      INFO  main            d.u.i.k.p.i.AbstractProblemLoader Creating init config 
60474      DEBUG main            d.u.i.k.p.i.AbstractProblemLoader Init config took 2.41s 
60489      INFO  main            d.u.i.k.p.i.AbstractProblemLoader Replaying proof bprodSplit.key 
60490      DEBUG main            d.u.i.k.p.i.IntermediateProofReplayer Proof replay took 6.8ns 
60595      INFO  main            d.u.i.k.p.r.p.TestFile    ... finished proof: closed. 
60775      INFO  main            d.u.i.k.p.i.AbstractProblemLoader Loading environment from /home/runner/work/key/key/key.core/../key.ui/examples/heap/comprehensions/bprodSplit.key.proof 
60775      DEBUG main            d.u.i.k.p.i.AbstractProblemLoader Environment load took 119.3ns 
60776      INFO  main            d.u.i.k.p.i.AbstractProblemLoader Creating init config 
63155      DEBUG main            d.u.i.k.p.i.AbstractProblemLoader Init config took 2.38s 
63173      INFO  main            d.u.i.k.p.i.AbstractProblemLoader Replaying proof bprodSplit.key.proof 
63177      DEBUG main            d.u.i.k.p.i.IntermediateProofReplayer Proof replay took 2.35ms 
63179      DEBUG main            d.u.i.k.p.r.p.TestFile    ... success: reloaded. 
63180      INFO  main            d.u.i.k.p.r.p.TestFile    Now processing file /home/runner/work/key/key/key.core/../key.ui/examples/heap/comprehensions/bsumSplitInvalid.key 
63181      INFO  main            d.u.i.k.p.i.AbstractProblemLoader Loading environment from /home/runner/work/key/key/key.core/../key.ui/examples/heap/comprehensions/bsumSplitInvalid.key 
63181      DEBUG main            d.u.i.k.p.i.AbstractProblemLoader Environment load took 314.61ns 
63182      INFO  main            d.u.i.k.p.i.AbstractProblemLoader Creating init config 
65559      DEBUG main            d.u.i.k.p.i.AbstractProblemLoader Init config took 2.38s 
65576      INFO  main            d.u.i.k.p.i.AbstractProblemLoader Replaying proof bsumSplitInvalid.key 
65577      DEBUG main            d.u.i.k.p.i.IntermediateProofReplayer Proof replay took 7.6ns 
65684      INFO  main            d.u.i.k.p.r.p.TestFile    ... finished proof: open goal(s) 
146538     INFO  Test worker     d.u.i.k.p.r.RunAllProofsTestUnit Returning from test comprehensions 
146540     INFO  Test worker     d.u.i.k.p.r.RunAllProofsTestUnit Running test performance 
342        INFO  Timeout watchdog d.u.i.k.p.r.p.ForkedTestFileRunner Timeout watcher launched (2000 secs.) 
358        WARN  main            d.u.i.k.s.ProofSettings   The settings in /home/runner/.key/proof-settings.props are *not* read. 
407        INFO  main            d.u.i.k.p.r.p.TestFile    Now processing file /home/runner/work/key/key/key.core/../key.ui/examples/performance-test/Disjoint(Disjoint__disjoint_08()).JML_operation_contract.0.key 
526        INFO  main            d.u.i.k.p.i.AbstractProblemLoader Loading environment from /home/runner/work/key/key/key.core/../key.ui/examples/performance-test/Disjoint(Disjoint__disjoint_08()).JML_operation_contract.0.key 
543        DEBUG main            d.u.i.k.p.i.AbstractProblemLoader Environment load took 2.37ms 
767        INFO  main            d.u.i.k.p.i.AbstractProblemLoader Creating init config 
1655       DEBUG main            d.u.i.k.j.TypeConverter   No LDT found for Meta 
1656       DEBUG main            d.u.i.k.j.TypeConverter   No LDT found for Meta 
1657       DEBUG main            d.u.i.k.j.TypeConverter   No LDT found for Meta 
1658       DEBUG main            d.u.i.k.j.TypeConverter   No LDT found for Meta 
2814       DEBUG main            d.u.i.k.j.TypeConverter   No LDT found for JavaBigintExpression 
8225       DEBUG main            d.u.i.k.j.r.ClassPreparationMethodBuilder clPrepBuilder: Inner Class detected. Reject building class initialisation methods. 
16261      DEBUG main            d.u.i.k.p.i.AbstractProblemLoader Init config took 15.49s 
16507      INFO  main            d.u.i.k.p.i.AbstractProblemLoader Replaying proof Disjoint[Disjoint::disjoint_8()].JML operation contract.0 
16573      DEBUG main            d.u.i.k.p.i.IntermediateProofReplayer Proof replay took 317.81ns 
19019      INFO  main            d.u.i.k.p.r.p.TestFile    ... finished proof: closed. 
19225      INFO  main            d.u.i.k.p.i.AbstractProblemLoader Loading environment from /home/runner/work/key/key/key.core/../key.ui/examples/performance-test/Disjoint(Disjoint__disjoint_08()).JML_operation_contract.0.key.proof 
19227      DEBUG main            d.u.i.k.p.i.AbstractProblemLoader Environment load took 1.74ms 
19229      INFO  main            d.u.i.k.p.i.AbstractProblemLoader Creating init config 
22402      DEBUG main            d.u.i.k.j.r.ClassPreparationMethodBuilder clPrepBuilder: Inner Class detected. Reject building class initialisation methods. 
29639      DEBUG main            d.u.i.k.p.i.AbstractProblemLoader Init config took 10.41s 
29755      INFO  main            d.u.i.k.p.i.AbstractProblemLoader Replaying proof Disjoint[Disjoint::disjoint_8()].JML operation contract.0 
30024      DEBUG main            d.u.i.k.p.i.IntermediateProofReplayer Proof replay took 257.31ms 
30033      DEBUG main            d.u.i.k.p.r.p.TestFile    ... success: reloaded. 
30035      INFO  main            d.u.i.k.p.r.p.TestFile    Now processing file /home/runner/work/key/key/key.core/../key.ui/examples/performance-test/Disjoint(Disjoint__disjoint2_08()).JML_operation_contract.0.key 
30036      INFO  main            d.u.i.k.p.i.AbstractProblemLoader Loading environment from /home/runner/work/key/key/key.core/../key.ui/examples/performance-test/Disjoint(Disjoint__disjoint2_08()).JML_operation_contract.0.key 
30037      DEBUG main            d.u.i.k.p.i.AbstractProblemLoader Environment load took 370.31ns 
30038      INFO  main            d.u.i.k.p.i.AbstractProblemLoader Creating init config 
33007      DEBUG main            d.u.i.k.j.r.ClassPreparationMethodBuilder clPrepBuilder: Inner Class detected. Reject building class initialisation methods. 
39937      DEBUG main            d.u.i.k.p.i.AbstractProblemLoader Init config took 9.9s 
40037      INFO  main            d.u.i.k.p.i.AbstractProblemLoader Replaying proof Disjoint[Disjoint::disjoint2_8()].JML operation contract.0 
40040      DEBUG main            d.u.i.k.p.i.IntermediateProofReplayer Proof replay took 21.1ns 
40944      INFO  main            d.u.i.k.p.r.p.TestFile    ... finished proof: closed. 
41226      INFO  main            d.u.i.k.p.i.AbstractProblemLoader Loading environment from /home/runner/work/key/key/key.core/../key.ui/examples/performance-test/Disjoint(Disjoint__disjoint2_08()).JML_operation_contract.0.key.proof 
41226      DEBUG main            d.u.i.k.p.i.AbstractProblemLoader Environment load took 138.7ns 
41227      INFO  main            d.u.i.k.p.i.AbstractProblemLoader Creating init config 
44122      DEBUG main            d.u.i.k.j.r.ClassPreparationMethodBuilder clPrepBuilder: Inner Class detected. Reject building class initialisation methods. 
50981      DEBUG main            d.u.i.k.p.i.AbstractProblemLoader Init config took 9.75s 
51077      INFO  main            d.u.i.k.p.i.AbstractProblemLoader Replaying proof Disjoint[Disjoint::disjoint2_8()].JML operation contract.0 
51149      DEBUG main            d.u.i.k.p.i.IntermediateProofReplayer Proof replay took 67.85ms 
51150      DEBUG main            d.u.i.k.p.r.p.TestFile    ... success: reloaded. 
51152      INFO  main            d.u.i.k.p.r.p.TestFile    Now processing file /home/runner/work/key/key/key.core/../key.ui/examples/performance-test/AccessChain1(AccessChain1__foo_08()).JML_operation_contract.0.key 
51152      INFO  main            d.u.i.k.p.i.AbstractProblemLoader Loading environment from /home/runner/work/key/key/key.core/../key.ui/examples/performance-test/AccessChain1(AccessChain1__foo_08()).JML_operation_contract.0.key 
51152      DEBUG main            d.u.i.k.p.i.AbstractProblemLoader Environment load took 69.8ns 
51153      INFO  main            d.u.i.k.p.i.AbstractProblemLoader Creating init config 
54046      DEBUG main            d.u.i.k.j.r.ClassPreparationMethodBuilder clPrepBuilder: Inner Class detected. Reject building class initialisation methods. 
60825      DEBUG main            d.u.i.k.p.i.AbstractProblemLoader Init config took 9.67s 
60927      INFO  main            d.u.i.k.p.i.AbstractProblemLoader Replaying proof AccessChain1[AccessChain1::foo_8()].JML operation contract.0 
60929      DEBUG main            d.u.i.k.p.i.IntermediateProofReplayer Proof replay took 10.3ns 
63443      INFO  main            d.u.i.k.p.r.p.TestFile    ... finished proof: closed. 
63780      INFO  main            d.u.i.k.p.i.AbstractProblemLoader Loading environment from /home/runner/work/key/key/key.core/../key.ui/examples/performance-test/AccessChain1(AccessChain1__foo_08()).JML_operation_contract.0.key.proof 
63784      DEBUG main            d.u.i.k.p.i.AbstractProblemLoader Environment load took 3.5ms 
63786      INFO  main            d.u.i.k.p.i.AbstractProblemLoader Creating init config 
66634      DEBUG main            d.u.i.k.j.r.ClassPreparationMethodBuilder clPrepBuilder: Inner Class detected. Reject building class initialisation methods. 
73360      DEBUG main            d.u.i.k.p.i.AbstractProblemLoader Init config took 9.57s 
73450      INFO  main            d.u.i.k.p.i.AbstractProblemLoader Replaying proof AccessChain1[AccessChain1::foo_8()].JML operation contract.0 
73880      DEBUG main            d.u.i.k.p.i.IntermediateProofReplayer Proof replay took 415.77ms 
73882      DEBUG main            d.u.i.k.p.r.p.TestFile    ... success: reloaded. 
73885      INFO  main            d.u.i.k.p.r.p.TestFile    Now processing file /home/runner/work/key/key/key.core/../key.ui/examples/performance-test/AccessChain4(AccessChain4__foo_08()).JML_operation_contract.0.key 
73886      INFO  main            d.u.i.k.p.i.AbstractProblemLoader Loading environment from /home/runner/work/key/key/key.core/../key.ui/examples/performance-test/AccessChain4(AccessChain4__foo_08()).JML_operation_contract.0.key 
73886      DEBUG main            d.u.i.k.p.i.AbstractProblemLoader Environment load took 342.01ns 
73887      INFO  main            d.u.i.k.p.i.AbstractProblemLoader Creating init config 
76870      DEBUG main            d.u.i.k.j.r.ClassPreparationMethodBuilder clPrepBuilder: Inner Class detected. Reject building class initialisation methods. 
83597      DEBUG main            d.u.i.k.p.i.AbstractProblemLoader Init config took 9.71s 
83696      INFO  main            d.u.i.k.p.i.AbstractProblemLoader Replaying proof AccessChain4[AccessChain4::foo_8()].JML operation contract.0 
83698      DEBUG main            d.u.i.k.p.i.IntermediateProofReplayer Proof replay took 11.4ns 
89532      INFO  main            d.u.i.k.p.r.p.TestFile    ... finished proof: closed. 
89908      INFO  main            d.u.i.k.p.i.AbstractProblemLoader Loading environment from /home/runner/work/key/key/key.core/../key.ui/examples/performance-test/AccessChain4(AccessChain4__foo_08()).JML_operation_contract.0.key.proof 
89916      DEBUG main            d.u.i.k.p.i.AbstractProblemLoader Environment load took 7.89ms 
89919      INFO  main            d.u.i.k.p.i.AbstractProblemLoader Creating init config 
92747      DEBUG main            d.u.i.k.j.r.ClassPreparationMethodBuilder clPrepBuilder: Inner Class detected. Reject building class initialisation methods. 
99485      DEBUG main            d.u.i.k.p.i.AbstractProblemLoader Init config took 9.57s 
99575      INFO  main            d.u.i.k.p.i.AbstractProblemLoader Replaying proof AccessChain4[AccessChain4::foo_8()].JML operation contract.0 
100241     DEBUG main            d.u.i.k.p.i.IntermediateProofReplayer Proof replay took 617.6ms 
100244     DEBUG main            d.u.i.k.p.r.p.TestFile    ... success: reloaded. 
100246     INFO  main            d.u.i.k.p.r.p.TestFile    Now processing file /home/runner/work/key/key/key.core/../key.ui/examples/performance-test/Disjoint(Disjoint__xZero_08()).JML_operation_contract.0.key 
100246     INFO  main            d.u.i.k.p.i.AbstractProblemLoader Loading environment from /home/runner/work/key/key/key.core/../key.ui/examples/performance-test/Disjoint(Disjoint__xZero_08()).JML_operation_contract.0.key 
100246     DEBUG main            d.u.i.k.p.i.AbstractProblemLoader Environment load took 323.81ns 
100248     INFO  main            d.u.i.k.p.i.AbstractProblemLoader Creating init config 
103193     DEBUG main            d.u.i.k.j.r.ClassPreparationMethodBuilder clPrepBuilder: Inner Class detected. Reject building class initialisation methods. 
109975     DEBUG main            d.u.i.k.p.i.AbstractProblemLoader Init config took 9.73s 
110058     INFO  main            d.u.i.k.p.i.AbstractProblemLoader Replaying proof Disjoint[Disjoint::xZero_8()].JML operation contract.0 
110060     DEBUG main            d.u.i.k.p.i.IntermediateProofReplayer Proof replay took 11.4ns 
110966     INFO  main            d.u.i.k.p.r.p.TestFile    ... finished proof: closed. 
111332     INFO  main            d.u.i.k.p.i.AbstractProblemLoader Loading environment from /home/runner/work/key/key/key.core/../key.ui/examples/performance-test/Disjoint(Disjoint__xZero_08()).JML_operation_contract.0.key.proof 
111333     DEBUG main            d.u.i.k.p.i.AbstractProblemLoader Environment load took 608.31ns 
111335     INFO  main            d.u.i.k.p.i.AbstractProblemLoader Creating init config 
114135     DEBUG main            d.u.i.k.j.r.ClassPreparationMethodBuilder clPrepBuilder: Inner Class detected. Reject building class initialisation methods. 
120863     DEBUG main            d.u.i.k.p.i.AbstractProblemLoader Init config took 9.53s 
120945     INFO  main            d.u.i.k.p.i.AbstractProblemLoader Replaying proof Disjoint[Disjoint::xZero_8()].JML operation contract.0 
121110     DEBUG main            d.u.i.k.p.i.IntermediateProofReplayer Proof replay took 157.7ms 
121112     DEBUG main            d.u.i.k.p.r.p.TestFile    ... success: reloaded. 
121113     INFO  main            d.u.i.k.p.r.p.TestFile    Now processing file /home/runner/work/key/key/key.core/../key.ui/examples/performance-test/Dynamic(Dynamic__foo_08()).JML_operation_contract.0.key 
121113     INFO  main            d.u.i.k.p.i.AbstractProblemLoader Loading environment from /home/runner/work/key/key/key.core/../key.ui/examples/performance-test/Dynamic(Dynamic__foo_08()).JML_operation_contract.0.key 
121114     DEBUG main            d.u.i.k.p.i.AbstractProblemLoader Environment load took 197.3ns 
121115     INFO  main            d.u.i.k.p.i.AbstractProblemLoader Creating init config 
124016     DEBUG main            d.u.i.k.j.r.ClassPreparationMethodBuilder clPrepBuilder: Inner Class detected. Reject building class initialisation methods. 
130725     DEBUG main            d.u.i.k.p.i.AbstractProblemLoader Init config took 9.61s 
130813     INFO  main            d.u.i.k.p.i.AbstractProblemLoader Replaying proof Dynamic[Dynamic::foo_8()].JML operation contract.0 
130815     DEBUG main            d.u.i.k.p.i.IntermediateProofReplayer Proof replay took 12.9ns 
135743     INFO  main            d.u.i.k.p.r.p.TestFile    ... finished proof: closed. 
136160     INFO  main            d.u.i.k.p.i.AbstractProblemLoader Loading environment from /home/runner/work/key/key/key.core/../key.ui/examples/performance-test/Dynamic(Dynamic__foo_08()).JML_operation_contract.0.key.proof 
136161     DEBUG main            d.u.i.k.p.i.AbstractProblemLoader Environment load took 588.41ns 
136163     INFO  main            d.u.i.k.p.i.AbstractProblemLoader Creating init config 
138986     DEBUG main            d.u.i.k.j.r.ClassPreparationMethodBuilder clPrepBuilder: Inner Class detected. Reject building class initialisation methods. 
145740     DEBUG main            d.u.i.k.p.i.AbstractProblemLoader Init config took 9.58s 
145822     INFO  main            d.u.i.k.p.i.AbstractProblemLoader Replaying proof Dynamic[Dynamic::foo_8()].JML operation contract.0 
146256     DEBUG main            d.u.i.k.p.i.IntermediateProofReplayer Proof replay took 409.9ms 
146259     DEBUG main            d.u.i.k.p.r.p.TestFile    ... success: reloaded. 
146261     INFO  main            d.u.i.k.p.r.p.TestFile    Now processing file /home/runner/work/key/key/key.core/../key.ui/examples/performance-test/DynamicGhost(DynamicGhost__dynamicGhost_08()).JML_normal_behavior_operation_contract.0.key 
146261     INFO  main            d.u.i.k.p.i.AbstractProblemLoader Loading environment from /home/runner/work/key/key/key.core/../key.ui/examples/performance-test/DynamicGhost(DynamicGhost__dynamicGhost_08()).JML_normal_behavior_operation_contract.0.key 
146262     DEBUG main            d.u.i.k.p.i.AbstractProblemLoader Environment load took 155.9ns 
146263     INFO  main            d.u.i.k.p.i.AbstractProblemLoader Creating init config 
149223     DEBUG main            d.u.i.k.j.r.ClassPreparationMethodBuilder clPrepBuilder: Inner Class detected. Reject building class initialisation methods. 
156005     DEBUG main            d.u.i.k.p.i.AbstractProblemLoader Init config took 9.74s 
156091     INFO  main            d.u.i.k.p.i.AbstractProblemLoader Replaying proof DynamicGhost[DynamicGhost::dynamicGhost_8()].JML normal_behavior operation contract.0 
156094     DEBUG main            d.u.i.k.p.i.IntermediateProofReplayer Proof replay took 24.5ns 
159912     INFO  main            d.u.i.k.p.r.p.TestFile    ... finished proof: closed. 
160368     INFO  main            d.u.i.k.p.i.AbstractProblemLoader Loading environment from /home/runner/work/key/key/key.core/../key.ui/examples/performance-test/DynamicGhost(DynamicGhost__dynamicGhost_08()).JML_normal_behavior_operation_contract.0.key.proof 
160368     DEBUG main            d.u.i.k.p.i.AbstractProblemLoader Environment load took 613.01ns 
160371     INFO  main            d.u.i.k.p.i.AbstractProblemLoader Creating init config 
163168     DEBUG main            d.u.i.k.j.r.ClassPreparationMethodBuilder clPrepBuilder: Inner Class detected. Reject building class initialisation methods. 
169920     DEBUG main            d.u.i.k.p.i.AbstractProblemLoader Init config took 9.55s 
170005     INFO  main            d.u.i.k.p.i.AbstractProblemLoader Replaying proof DynamicGhost[DynamicGhost::dynamicGhost_8()].JML normal_behavior operation contract.0 
170474     DEBUG main            d.u.i.k.p.i.IntermediateProofReplayer Proof replay took 446.98ms 
170477     DEBUG main            d.u.i.k.p.r.p.TestFile    ... success: reloaded. 
170478     INFO  main            d.u.i.k.p.r.p.TestFile    Now processing file /home/runner/work/key/key/key.core/../key.ui/examples/performance-test/GhostFrame(GhostFrame__foo_08()).JML_operation_contract.0.key 
170479     INFO  main            d.u.i.k.p.i.AbstractProblemLoader Loading environment from /home/runner/work/key/key/key.core/../key.ui/examples/performance-test/GhostFrame(GhostFrame__foo_08()).JML_operation_contract.0.key 
170479     DEBUG main            d.u.i.k.p.i.AbstractProblemLoader Environment load took 415.21ns 
170487     INFO  main            d.u.i.k.p.i.AbstractProblemLoader Creating init config 
173413     DEBUG main            d.u.i.k.j.r.ClassPreparationMethodBuilder clPrepBuilder: Inner Class detected. Reject building class initialisation methods. 
180198     DEBUG main            d.u.i.k.p.i.AbstractProblemLoader Init config took 9.71s 
180278     INFO  main            d.u.i.k.p.i.AbstractProblemLoader Replaying proof GhostFrame[GhostFrame::foo_8()].JML operation contract.0 
180280     DEBUG main            d.u.i.k.p.i.IntermediateProofReplayer Proof replay took 12.7ns 
182089     INFO  main            d.u.i.k.p.r.p.TestFile    ... finished proof: closed. 
182509     INFO  main            d.u.i.k.p.i.AbstractProblemLoader Loading environment from /home/runner/work/key/key/key.core/../key.ui/examples/performance-test/GhostFrame(GhostFrame__foo_08()).JML_operation_contract.0.key.proof 
182510     DEBUG main            d.u.i.k.p.i.AbstractProblemLoader Environment load took 1.28ms 
182512     INFO  main            d.u.i.k.p.i.AbstractProblemLoader Creating init config 
185303     DEBUG main            d.u.i.k.j.r.ClassPreparationMethodBuilder clPrepBuilder: Inner Class detected. Reject building class initialisation methods. 
192023     DEBUG main            d.u.i.k.p.i.AbstractProblemLoader Init config took 9.51s 
192104     INFO  main            d.u.i.k.p.i.AbstractProblemLoader Replaying proof GhostFrame[GhostFrame::foo_8()].JML operation contract.0 
192345     DEBUG main            d.u.i.k.p.i.IntermediateProofReplayer Proof replay took 233.41ms 
192346     DEBUG main            d.u.i.k.p.r.p.TestFile    ... success: reloaded. 
192348     INFO  main            d.u.i.k.p.r.p.TestFile    Now processing file /home/runner/work/key/key/key.core/../key.ui/examples/performance-test/Modelfield(Modelfield__foo_08()).JML_operation_contract.0.key 
192348     INFO  main            d.u.i.k.p.i.AbstractProblemLoader Loading environment from /home/runner/work/key/key/key.core/../key.ui/examples/performance-test/Modelfield(Modelfield__foo_08()).JML_operation_contract.0.key 
192348     DEBUG main            d.u.i.k.p.i.AbstractProblemLoader Environment load took 109.6ns 
192349     INFO  main            d.u.i.k.p.i.AbstractProblemLoader Creating init config 
195236     DEBUG main            d.u.i.k.j.r.ClassPreparationMethodBuilder clPrepBuilder: Inner Class detected. Reject building class initialisation methods. 
201980     DEBUG main            d.u.i.k.p.i.AbstractProblemLoader Init config took 9.63s 
202061     INFO  main            d.u.i.k.p.i.AbstractProblemLoader Replaying proof Modelfield[Modelfield::foo_8()].JML operation contract.0 
202062     DEBUG main            d.u.i.k.p.i.IntermediateProofReplayer Proof replay took 6ns 
204903     INFO  main            d.u.i.k.p.r.p.TestFile    ... finished proof: closed. 
205331     INFO  main            d.u.i.k.p.i.AbstractProblemLoader Loading environment from /home/runner/work/key/key/key.core/../key.ui/examples/performance-test/Modelfield(Modelfield__foo_08()).JML_operation_contract.0.key.proof 
205332     DEBUG main            d.u.i.k.p.i.AbstractProblemLoader Environment load took 591.81ns 
205334     INFO  main            d.u.i.k.p.i.AbstractProblemLoader Creating init config 
208103     DEBUG main            d.u.i.k.j.r.ClassPreparationMethodBuilder clPrepBuilder: Inner Class detected. Reject building class initialisation methods. 
214826     DEBUG main            d.u.i.k.p.i.AbstractProblemLoader Init config took 9.49s 
214907     INFO  main            d.u.i.k.p.i.AbstractProblemLoader Replaying proof Modelfield[Modelfield::foo_8()].JML operation contract.0 
215203     DEBUG main            d.u.i.k.p.i.IntermediateProofReplayer Proof replay took 283.03ms 
215204     DEBUG main            d.u.i.k.p.r.p.TestFile    ... success: reloaded. 
361906     INFO  Test worker     d.u.i.k.p.r.RunAllProofsTestUnit Returning from test performance 
361907     INFO  Test worker     d.u.i.k.p.r.RunAllProofsTestUnit Running test performancePOConstruction 
345        INFO  Timeout watchdog d.u.i.k.p.r.p.ForkedTestFileRunner Timeout watcher launched (2000 secs.) 
353        WARN  main            d.u.i.k.s.ProofSettings   The settings in /home/runner/.key/proof-settings.props are *not* read. 
392        INFO  main            d.u.i.k.p.r.p.TestFile    Now processing file /home/runner/work/key/key/key.core/../key.ui/examples/performance-test/Test(Test__a0(int)).JML_normal_behavior_operation_contract.0.key 
521        INFO  main            d.u.i.k.p.i.AbstractProblemLoader Loading environment from /home/runner/work/key/key/key.core/../key.ui/examples/performance-test/Test(Test__a0(int)).JML_normal_behavior_operation_contract.0.key 
537        DEBUG main            d.u.i.k.p.i.AbstractProblemLoader Environment load took 2.57ms 
754        INFO  main            d.u.i.k.p.i.AbstractProblemLoader Creating init config 
1614       DEBUG main            d.u.i.k.j.TypeConverter   No LDT found for Meta 
1619       DEBUG main            d.u.i.k.j.TypeConverter   No LDT found for Meta 
1620       DEBUG main            d.u.i.k.j.TypeConverter   No LDT found for Meta 
1621       DEBUG main            d.u.i.k.j.TypeConverter   No LDT found for Meta 
3008       DEBUG main            d.u.i.k.j.TypeConverter   No LDT found for JavaBigintExpression 
8522       DEBUG main            d.u.i.k.j.r.ClassPreparationMethodBuilder clPrepBuilder: Inner Class detected. Reject building class initialisation methods. 
16637      DEBUG main            d.u.i.k.p.i.AbstractProblemLoader Init config took 15.88s 
17766      INFO  main            d.u.i.k.p.i.AbstractProblemLoader Replaying proof Test[Test::a0(int)].JML normal_behavior operation contract.0 
17852      DEBUG main            d.u.i.k.p.i.IntermediateProofReplayer Proof replay took 32.9ns 
18190      INFO  main            d.u.i.k.p.r.p.TestFile    ... finished proof: closed. 
18361      INFO  main            d.u.i.k.p.i.AbstractProblemLoader Loading environment from /home/runner/work/key/key/key.core/../key.ui/examples/performance-test/Test(Test__a0(int)).JML_normal_behavior_operation_contract.0.key.proof 
18366      DEBUG main            d.u.i.k.p.i.AbstractProblemLoader Environment load took 4.98ms 
18368      INFO  main            d.u.i.k.p.i.AbstractProblemLoader Creating init config 
21527      DEBUG main            d.u.i.k.j.r.ClassPreparationMethodBuilder clPrepBuilder: Inner Class detected. Reject building class initialisation methods. 
28793      DEBUG main            d.u.i.k.p.i.AbstractProblemLoader Init config took 10.42s 
29671      INFO  main            d.u.i.k.p.i.AbstractProblemLoader Replaying proof Test[Test::a0(int)].JML normal_behavior operation contract.0 
29694      DEBUG main            d.u.i.k.p.i.IntermediateProofReplayer Proof replay took 18.14ms 
29701      DEBUG main            d.u.i.k.p.r.p.TestFile    ... success: reloaded. 
29702      INFO  main            d.u.i.k.p.r.p.TestFile    Now processing file /home/runner/work/key/key/key.core/../key.ui/examples/performance-test/Test(Test__a1(int)).JML_normal_behavior_operation_contract.0.key 
29703      INFO  main            d.u.i.k.p.i.AbstractProblemLoader Loading environment from /home/runner/work/key/key/key.core/../key.ui/examples/performance-test/Test(Test__a1(int)).JML_normal_behavior_operation_contract.0.key 
29703      DEBUG main            d.u.i.k.p.i.AbstractProblemLoader Environment load took 271.9ns 
29704      INFO  main            d.u.i.k.p.i.AbstractProblemLoader Creating init config 
32769      DEBUG main            d.u.i.k.j.r.ClassPreparationMethodBuilder clPrepBuilder: Inner Class detected. Reject building class initialisation methods. 
39911      DEBUG main            d.u.i.k.p.i.AbstractProblemLoader Init config took 10.21s 
40810      INFO  main            d.u.i.k.p.i.AbstractProblemLoader Replaying proof Test[Test::a1(int)].JML normal_behavior operation contract.0 
40812      DEBUG main            d.u.i.k.p.i.IntermediateProofReplayer Proof replay took 6.3ns 
41218      INFO  main            d.u.i.k.p.r.p.TestFile    ... finished proof: closed. 
41494      INFO  main            d.u.i.k.p.i.AbstractProblemLoader Loading environment from /home/runner/work/key/key/key.core/../key.ui/examples/performance-test/Test(Test__a1(int)).JML_normal_behavior_operation_contract.0.key.proof 
41496      DEBUG main            d.u.i.k.p.i.AbstractProblemLoader Environment load took 2.14ms 
41498      INFO  main            d.u.i.k.p.i.AbstractProblemLoader Creating init config 
44480      DEBUG main            d.u.i.k.j.r.ClassPreparationMethodBuilder clPrepBuilder: Inner Class detected. Reject building class initialisation methods. 
51545      DEBUG main            d.u.i.k.p.i.AbstractProblemLoader Init config took 10.05s 
52392      INFO  main            d.u.i.k.p.i.AbstractProblemLoader Replaying proof Test[Test::a1(int)].JML normal_behavior operation contract.0 
52482      DEBUG main            d.u.i.k.p.i.IntermediateProofReplayer Proof replay took 80.06ms 
52484      DEBUG main            d.u.i.k.p.r.p.TestFile    ... success: reloaded. 
52485      INFO  main            d.u.i.k.p.r.p.TestFile    Now processing file /home/runner/work/key/key/key.core/../key.ui/examples/performance-test/Test(Test__f1(int)).JML_normal_behavior_operation_contract.0.key 
52485      INFO  main            d.u.i.k.p.i.AbstractProblemLoader Loading environment from /home/runner/work/key/key/key.core/../key.ui/examples/performance-test/Test(Test__f1(int)).JML_normal_behavior_operation_contract.0.key 
52486      DEBUG main            d.u.i.k.p.i.AbstractProblemLoader Environment load took 248ns 
52487      INFO  main            d.u.i.k.p.i.AbstractProblemLoader Creating init config 
55518      DEBUG main            d.u.i.k.j.r.ClassPreparationMethodBuilder clPrepBuilder: Inner Class detected. Reject building class initialisation methods. 
62639      DEBUG main            d.u.i.k.p.i.AbstractProblemLoader Init config took 10.15s 
63481      INFO  main            d.u.i.k.p.i.AbstractProblemLoader Replaying proof Test[Test::f1(int)].JML normal_behavior operation contract.0 
63483      DEBUG main            d.u.i.k.p.i.IntermediateProofReplayer Proof replay took 6.4ns 
63688      INFO  main            d.u.i.k.p.r.p.TestFile    ... finished proof: closed. 
63946      INFO  main            d.u.i.k.p.i.AbstractProblemLoader Loading environment from /home/runner/work/key/key/key.core/../key.ui/examples/performance-test/Test(Test__f1(int)).JML_normal_behavior_operation_contract.0.key.proof 
63947      DEBUG main            d.u.i.k.p.i.AbstractProblemLoader Environment load took 612.71ns 
63948      INFO  main            d.u.i.k.p.i.AbstractProblemLoader Creating init config 
66892      DEBUG main            d.u.i.k.j.r.ClassPreparationMethodBuilder clPrepBuilder: Inner Class detected. Reject building class initialisation methods. 
73866      DEBUG main            d.u.i.k.p.i.AbstractProblemLoader Init config took 9.92s 
74702      INFO  main            d.u.i.k.p.i.AbstractProblemLoader Replaying proof Test[Test::f1(int)].JML normal_behavior operation contract.0 
74765      DEBUG main            d.u.i.k.p.i.IntermediateProofReplayer Proof replay took 56.45ms 
74766      DEBUG main            d.u.i.k.p.r.p.TestFile    ... success: reloaded. 
436874     INFO  Test worker     d.u.i.k.p.r.RunAllProofsTestUnit Returning from test performancePOConstruction 
436876     INFO  Test worker     d.u.i.k.p.r.RunAllProofsTestUnit Running test applicationRestrictions 
337        INFO  Timeout watchdog d.u.i.k.p.r.p.ForkedTestFileRunner Timeout watcher launched (2000 secs.) 
369        WARN  main            d.u.i.k.s.ProofSettings   The settings in /home/runner/.key/proof-settings.props are *not* read. 
412        INFO  main            d.u.i.k.p.r.p.TestFile    Now processing file /home/runner/work/key/key/key.core/../key.ui/examples/heap/polarity_tests/wellformed1.key 
529        INFO  main            d.u.i.k.p.i.AbstractProblemLoader Loading environment from /home/runner/work/key/key/key.core/../key.ui/examples/heap/polarity_tests/wellformed1.key 
550        DEBUG main            d.u.i.k.p.i.AbstractProblemLoader Environment load took 1.84ms 
773        INFO  main            d.u.i.k.p.i.AbstractProblemLoader Creating init config 
1615       DEBUG main            d.u.i.k.j.TypeConverter   No LDT found for Meta 
1616       DEBUG main            d.u.i.k.j.TypeConverter   No LDT found for Meta 
1616       DEBUG main            d.u.i.k.j.TypeConverter   No LDT found for Meta 
1617       DEBUG main            d.u.i.k.j.TypeConverter   No LDT found for Meta 
2941       DEBUG main            d.u.i.k.j.TypeConverter   No LDT found for JavaBigintExpression 
7769       DEBUG main            d.u.i.k.p.i.AbstractProblemLoader Init config took 7s 
7826       INFO  main            d.u.i.k.p.i.AbstractProblemLoader Replaying proof wellformed1.key 
7857       DEBUG main            d.u.i.k.p.i.IntermediateProofReplayer Proof replay took 31ns 
8023       INFO  main            d.u.i.k.p.r.p.TestFile    ... finished proof: closed. 
8114       INFO  main            d.u.i.k.p.i.AbstractProblemLoader Loading environment from /home/runner/work/key/key/key.core/../key.ui/examples/heap/polarity_tests/wellformed1.key.proof 
8115       DEBUG main            d.u.i.k.p.i.AbstractProblemLoader Environment load took 146ns 
8121       INFO  main            d.u.i.k.p.i.AbstractProblemLoader Creating init config 
11024      DEBUG main            d.u.i.k.p.i.AbstractProblemLoader Init config took 2.9s 
11054      INFO  main            d.u.i.k.p.i.AbstractProblemLoader Replaying proof wellformed1.key.proof 
11060      DEBUG main            d.u.i.k.p.i.IntermediateProofReplayer Proof replay took 2.06ms 
11069      DEBUG main            d.u.i.k.p.r.p.TestFile    ... success: reloaded. 
11070      INFO  main            d.u.i.k.p.r.p.TestFile    Now processing file /home/runner/work/key/key/key.core/../key.ui/examples/heap/polarity_tests/wellformed2.key 
11071      INFO  main            d.u.i.k.p.i.AbstractProblemLoader Loading environment from /home/runner/work/key/key/key.core/../key.ui/examples/heap/polarity_tests/wellformed2.key 
11071      DEBUG main            d.u.i.k.p.i.AbstractProblemLoader Environment load took 87.1ns 
11072      INFO  main            d.u.i.k.p.i.AbstractProblemLoader Creating init config 
13764      DEBUG main            d.u.i.k.p.i.AbstractProblemLoader Init config took 2.69s 
13793      INFO  main            d.u.i.k.p.i.AbstractProblemLoader Replaying proof wellformed2.key 
13795      DEBUG main            d.u.i.k.p.i.IntermediateProofReplayer Proof replay took 5.8ns 
13898      INFO  main            d.u.i.k.p.r.p.TestFile    ... finished proof: open goal(s) 
14018      INFO  main            d.u.i.k.p.r.p.TestFile    Now processing file /home/runner/work/key/key/key.core/../key.ui/examples/heap/polarity_tests/wellformed3.key 
14019      INFO  main            d.u.i.k.p.i.AbstractProblemLoader Loading environment from /home/runner/work/key/key/key.core/../key.ui/examples/heap/polarity_tests/wellformed3.key 
14019      DEBUG main            d.u.i.k.p.i.AbstractProblemLoader Environment load took 100.7ns 
14020      INFO  main            d.u.i.k.p.i.AbstractProblemLoader Creating init config 
16602      DEBUG main            d.u.i.k.p.i.AbstractProblemLoader Init config took 2.58s 
16627      INFO  main            d.u.i.k.p.i.AbstractProblemLoader Replaying proof wellformed3.key 
16629      DEBUG main            d.u.i.k.p.i.IntermediateProofReplayer Proof replay took 5.3ns 
16732      INFO  main            d.u.i.k.p.r.p.TestFile    ... finished proof: closed. 
16866      INFO  main            d.u.i.k.p.i.AbstractProblemLoader Loading environment from /home/runner/work/key/key/key.core/../key.ui/examples/heap/polarity_tests/wellformed3.key.proof 
16866      DEBUG main            d.u.i.k.p.i.AbstractProblemLoader Environment load took 138.5ns 
16867      INFO  main            d.u.i.k.p.i.AbstractProblemLoader Creating init config 
19501      DEBUG main            d.u.i.k.p.i.AbstractProblemLoader Init config took 2.63s 
19525      INFO  main            d.u.i.k.p.i.AbstractProblemLoader Replaying proof wellformed3.key.proof 
19534      DEBUG main            d.u.i.k.p.i.IntermediateProofReplayer Proof replay took 4.98ms 
19535      DEBUG main            d.u.i.k.p.r.p.TestFile    ... success: reloaded. 
19536      INFO  main            d.u.i.k.p.r.p.TestFile    Now processing file /home/runner/work/key/key/key.core/../key.ui/examples/heap/polarity_tests/wellformed4.key 
19536      INFO  main            d.u.i.k.p.i.AbstractProblemLoader Loading environment from /home/runner/work/key/key/key.core/../key.ui/examples/heap/polarity_tests/wellformed4.key 
19537      DEBUG main            d.u.i.k.p.i.AbstractProblemLoader Environment load took 247.1ns 
19541      INFO  main            d.u.i.k.p.i.AbstractProblemLoader Creating init config 
22125      DEBUG main            d.u.i.k.p.i.AbstractProblemLoader Init config took 2.58s 
22144      INFO  main            d.u.i.k.p.i.AbstractProblemLoader Replaying proof wellformed4.key 
22145      DEBUG main            d.u.i.k.p.i.IntermediateProofReplayer Proof replay took 5.5ns 
22249      INFO  main            d.u.i.k.p.r.p.TestFile    ... finished proof: open goal(s) 
22377      INFO  main            d.u.i.k.p.r.p.TestFile    Now processing file /home/runner/work/key/key/key.core/../key.ui/examples/heap/polarity_tests/wellformed5.key 
22377      INFO  main            d.u.i.k.p.i.AbstractProblemLoader Loading environment from /home/runner/work/key/key/key.core/../key.ui/examples/heap/polarity_tests/wellformed5.key 
22377      DEBUG main            d.u.i.k.p.i.AbstractProblemLoader Environment load took 96.4ns 
22378      INFO  main            d.u.i.k.p.i.AbstractProblemLoader Creating init config 
24936      DEBUG main            d.u.i.k.p.i.AbstractProblemLoader Init config took 2.56s 
24957      INFO  main            d.u.i.k.p.i.AbstractProblemLoader Replaying proof wellformed5.key 
24959      DEBUG main            d.u.i.k.p.i.IntermediateProofReplayer Proof replay took 5.7ns 
25063      INFO  main            d.u.i.k.p.r.p.TestFile    ... finished proof: closed. 
25183      INFO  main            d.u.i.k.p.i.AbstractProblemLoader Loading environment from /home/runner/work/key/key/key.core/../key.ui/examples/heap/polarity_tests/wellformed5.key.proof 
25183      DEBUG main            d.u.i.k.p.i.AbstractProblemLoader Environment load took 122.5ns 
25184      INFO  main            d.u.i.k.p.i.AbstractProblemLoader Creating init config 
27686      DEBUG main            d.u.i.k.p.i.AbstractProblemLoader Init config took 2.5s 
27705      INFO  main            d.u.i.k.p.i.AbstractProblemLoader Replaying proof wellformed5.key.proof 
27708      DEBUG main            d.u.i.k.p.i.IntermediateProofReplayer Proof replay took 843.72ns 
27709      DEBUG main            d.u.i.k.p.r.p.TestFile    ... success: reloaded. 
27710      INFO  main            d.u.i.k.p.r.p.TestFile    Now processing file /home/runner/work/key/key/key.core/../key.ui/examples/heap/polarity_tests/wellformed6.key 
27711      INFO  main            d.u.i.k.p.i.AbstractProblemLoader Loading environment from /home/runner/work/key/key/key.core/../key.ui/examples/heap/polarity_tests/wellformed6.key 
27711      DEBUG main            d.u.i.k.p.i.AbstractProblemLoader Environment load took 236.7ns 
27713      INFO  main            d.u.i.k.p.i.AbstractProblemLoader Creating init config 
30240      DEBUG main            d.u.i.k.p.i.AbstractProblemLoader Init config took 2.53s 
30259      INFO  main            d.u.i.k.p.i.AbstractProblemLoader Replaying proof wellformed6.key 
30261      DEBUG main            d.u.i.k.p.i.IntermediateProofReplayer Proof replay took 6.1ns 
30367      INFO  main            d.u.i.k.p.r.p.TestFile    ... finished proof: open goal(s) 
30500      INFO  main            d.u.i.k.p.r.p.TestFile    Now processing file /home/runner/work/key/key/key.core/../key.ui/examples/heap/polarity_tests/wellformed7.key 
30500      INFO  main            d.u.i.k.p.i.AbstractProblemLoader Loading environment from /home/runner/work/key/key/key.core/../key.ui/examples/heap/polarity_tests/wellformed7.key 
30501      DEBUG main            d.u.i.k.p.i.AbstractProblemLoader Environment load took 73.2ns 
30502      INFO  main            d.u.i.k.p.i.AbstractProblemLoader Creating init config 
33029      DEBUG main            d.u.i.k.p.i.AbstractProblemLoader Init config took 2.53s 
33086      INFO  main            d.u.i.k.p.i.AbstractProblemLoader Replaying proof wellformed7.key 
33089      DEBUG main            d.u.i.k.p.i.IntermediateProofReplayer Proof replay took 6.9ns 
33198      INFO  main            d.u.i.k.p.r.p.TestFile    ... finished proof: closed. 
33338      INFO  main            d.u.i.k.p.i.AbstractProblemLoader Loading environment from /home/runner/work/key/key/key.core/../key.ui/examples/heap/polarity_tests/wellformed7.key.proof 
33338      DEBUG main            d.u.i.k.p.i.AbstractProblemLoader Environment load took 119.7ns 
33339      INFO  main            d.u.i.k.p.i.AbstractProblemLoader Creating init config 
35870      DEBUG main            d.u.i.k.p.i.AbstractProblemLoader Init config took 2.53s 
35888      INFO  main            d.u.i.k.p.i.AbstractProblemLoader Replaying proof wellformed7.key.proof 
35891      DEBUG main            d.u.i.k.p.i.IntermediateProofReplayer Proof replay took 1.37ms 
35892      DEBUG main            d.u.i.k.p.r.p.TestFile    ... success: reloaded. 
35893      INFO  main            d.u.i.k.p.r.p.TestFile    Now processing file /home/runner/work/key/key/key.core/../key.ui/examples/heap/polarity_tests/wellformed8.key 
35893      INFO  main            d.u.i.k.p.i.AbstractProblemLoader Loading environment from /home/runner/work/key/key/key.core/../key.ui/examples/heap/polarity_tests/wellformed8.key 
35893      DEBUG main            d.u.i.k.p.i.AbstractProblemLoader Environment load took 138.7ns 
35894      INFO  main            d.u.i.k.p.i.AbstractProblemLoader Creating init config 
38410      DEBUG main            d.u.i.k.p.i.AbstractProblemLoader Init config took 2.52s 
38427      INFO  main            d.u.i.k.p.i.AbstractProblemLoader Replaying proof wellformed8.key 
38429      DEBUG main            d.u.i.k.p.i.IntermediateProofReplayer Proof replay took 7.1ns 
38531      INFO  main            d.u.i.k.p.r.p.TestFile    ... finished proof: open goal(s) 
38698      INFO  main            d.u.i.k.p.r.p.TestFile    Now processing file /home/runner/work/key/key/key.core/../key.ui/examples/heap/polarity_tests/wellformed9.key 
38699      INFO  main            d.u.i.k.p.i.AbstractProblemLoader Loading environment from /home/runner/work/key/key/key.core/../key.ui/examples/heap/polarity_tests/wellformed9.key 
38699      DEBUG main            d.u.i.k.p.i.AbstractProblemLoader Environment load took 72.9ns 
38700      INFO  main            d.u.i.k.p.i.AbstractProblemLoader Creating init config 
41174      DEBUG main            d.u.i.k.p.i.AbstractProblemLoader Init config took 2.47s 
41190      INFO  main            d.u.i.k.p.i.AbstractProblemLoader Replaying proof wellformed9.key 
41191      DEBUG main            d.u.i.k.p.i.IntermediateProofReplayer Proof replay took 6.3ns 
41294      INFO  main            d.u.i.k.p.r.p.TestFile    ... finished proof: closed. 
41433      INFO  main            d.u.i.k.p.i.AbstractProblemLoader Loading environment from /home/runner/work/key/key/key.core/../key.ui/examples/heap/polarity_tests/wellformed9.key.proof 
41433      DEBUG main            d.u.i.k.p.i.AbstractProblemLoader Environment load took 122.2ns 
41434      INFO  main            d.u.i.k.p.i.AbstractProblemLoader Creating init config 
43890      DEBUG main            d.u.i.k.p.i.AbstractProblemLoader Init config took 2.46s 
43907      INFO  main            d.u.i.k.p.i.AbstractProblemLoader Replaying proof wellformed9.key.proof 
43910      DEBUG main            d.u.i.k.p.i.IntermediateProofReplayer Proof replay took 1.25ms 
43911      DEBUG main            d.u.i.k.p.r.p.TestFile    ... success: reloaded. 
43912      INFO  main            d.u.i.k.p.r.p.TestFile    Now processing file /home/runner/work/key/key/key.core/../key.ui/examples/heap/polarity_tests/wellformed10.key 
43912      INFO  main            d.u.i.k.p.i.AbstractProblemLoader Loading environment from /home/runner/work/key/key/key.core/../key.ui/examples/heap/polarity_tests/wellformed10.key 
43913      DEBUG main            d.u.i.k.p.i.AbstractProblemLoader Environment load took 247.1ns 
43914      INFO  main            d.u.i.k.p.i.AbstractProblemLoader Creating init config 
46407      DEBUG main            d.u.i.k.p.i.AbstractProblemLoader Init config took 2.49s 
46422      INFO  main            d.u.i.k.p.i.AbstractProblemLoader Replaying proof wellformed10.key 
46424      DEBUG main            d.u.i.k.p.i.IntermediateProofReplayer Proof replay took 6.7ns 
46547      INFO  main            d.u.i.k.p.r.p.TestFile    ... finished proof: open goal(s) 
46698      INFO  main            d.u.i.k.p.r.p.TestFile    Now processing file /home/runner/work/key/key/key.core/../key.ui/examples/heap/polarity_tests/wellformed11.key 
46698      INFO  main            d.u.i.k.p.i.AbstractProblemLoader Loading environment from /home/runner/work/key/key/key.core/../key.ui/examples/heap/polarity_tests/wellformed11.key 
46698      DEBUG main            d.u.i.k.p.i.AbstractProblemLoader Environment load took 78.9ns 
46700      INFO  main            d.u.i.k.p.i.AbstractProblemLoader Creating init config 
49170      DEBUG main            d.u.i.k.p.i.AbstractProblemLoader Init config took 2.47s 
49206      INFO  main            d.u.i.k.p.i.AbstractProblemLoader Replaying proof wellformed11.key 
49211      DEBUG main            d.u.i.k.p.i.IntermediateProofReplayer Proof replay took 7.2ns 
49313      INFO  main            d.u.i.k.p.r.p.TestFile    ... finished proof: open goal(s) 
486495     INFO  Test worker     d.u.i.k.p.r.RunAllProofsTestUnit Returning from test applicationRestrictions 
486496     INFO  Test worker     d.u.i.k.p.r.RunAllProofsTestUnit Running test blockContracts 
397        INFO  Timeout watchdog d.u.i.k.p.r.p.ForkedTestFileRunner Timeout watcher launched (2000 secs.) 
407        WARN  main            d.u.i.k.s.ProofSettings   The settings in /home/runner/.key/proof-settings.props are *not* read. 
441        INFO  main            d.u.i.k.p.r.p.TestFile    Now processing file /home/runner/work/key/key/key.core/../key.ui/examples/heap/block_contracts/Simple__add.key 
543        INFO  main            d.u.i.k.p.i.AbstractProblemLoader Loading environment from /home/runner/work/key/key/key.core/../key.ui/examples/heap/block_contracts/Simple__add.key 
566        DEBUG main            d.u.i.k.p.i.AbstractProblemLoader Environment load took 2.22ms 
783        INFO  main            d.u.i.k.p.i.AbstractProblemLoader Creating init config 
1839       DEBUG main            d.u.i.k.j.TypeConverter   No LDT found for Meta 
1840       DEBUG main            d.u.i.k.j.TypeConverter   No LDT found for Meta 
1843       DEBUG main            d.u.i.k.j.TypeConverter   No LDT found for Meta 
1843       DEBUG main            d.u.i.k.j.TypeConverter   No LDT found for Meta 
3468       DEBUG main            d.u.i.k.j.TypeConverter   No LDT found for JavaBigintExpression 
9201       DEBUG main            d.u.i.k.p.i.AbstractProblemLoader Init config took 8.42s 
9319       INFO  main            d.u.i.k.p.i.AbstractProblemLoader Replaying proof Simple[Simple::add(int,int)].JML operation contract.0 
9410       DEBUG main            d.u.i.k.p.i.IntermediateProofReplayer Proof replay took 331.91ns 
10237      INFO  main            d.u.i.k.p.r.p.TestFile    ... finished proof: closed. 
10346      INFO  main            d.u.i.k.p.i.AbstractProblemLoader Loading environment from /home/runner/work/key/key/key.core/../key.ui/examples/heap/block_contracts/Simple__add.key.proof 
10346      DEBUG main            d.u.i.k.p.i.AbstractProblemLoader Environment load took 157.2ns 
10350      INFO  main            d.u.i.k.p.i.AbstractProblemLoader Creating init config 
13614      DEBUG main            d.u.i.k.p.i.AbstractProblemLoader Init config took 3.26s 
13686      INFO  main            d.u.i.k.p.i.AbstractProblemLoader Replaying proof Simple[Simple::add(int,int)].JML operation contract.0 
13747      DEBUG main            d.u.i.k.p.i.IntermediateProofReplayer Proof replay took 57.11ms 
13754      DEBUG main            d.u.i.k.p.r.p.TestFile    ... success: reloaded. 
13756      INFO  main            d.u.i.k.p.r.p.TestFile    Now processing file /home/runner/work/key/key/key.core/../key.ui/examples/heap/block_contracts/Simple__addAbsoluteValues.key 
13757      INFO  main            d.u.i.k.p.i.AbstractProblemLoader Loading environment from /home/runner/work/key/key/key.core/../key.ui/examples/heap/block_contracts/Simple__addAbsoluteValues.key 
13757      DEBUG main            d.u.i.k.p.i.AbstractProblemLoader Environment load took 290.4ns 
13759      INFO  main            d.u.i.k.p.i.AbstractProblemLoader Creating init config 
16795      DEBUG main            d.u.i.k.p.i.AbstractProblemLoader Init config took 3.04s 
16857      INFO  main            d.u.i.k.p.i.AbstractProblemLoader Replaying proof Simple[Simple::addAbsoluteValues(int,int)].JML normal_behavior operation contract.0 
16860      DEBUG main            d.u.i.k.p.i.IntermediateProofReplayer Proof replay took 15.2ns 
17878      INFO  main            d.u.i.k.p.r.p.TestFile    ... finished proof: closed. 
18056      INFO  main            d.u.i.k.p.i.AbstractProblemLoader Loading environment from /home/runner/work/key/key/key.core/../key.ui/examples/heap/block_contracts/Simple__addAbsoluteValues.key.proof 
18059      DEBUG main            d.u.i.k.p.i.AbstractProblemLoader Environment load took 2.89ms 
18060      INFO  main            d.u.i.k.p.i.AbstractProblemLoader Creating init config 
21058      DEBUG main            d.u.i.k.p.i.AbstractProblemLoader Init config took 3s 
21128      INFO  main            d.u.i.k.p.i.AbstractProblemLoader Replaying proof Simple[Simple::addAbsoluteValues(int,int)].JML normal_behavior operation contract.0 
21267      DEBUG main            d.u.i.k.p.i.IntermediateProofReplayer Proof replay took 130.61ms 
21268      DEBUG main            d.u.i.k.p.r.p.TestFile    ... success: reloaded. 
21270      INFO  main            d.u.i.k.p.r.p.TestFile    Now processing file /home/runner/work/key/key/key.core/../key.ui/examples/heap/block_contracts/Simple__addWithJump.key 
21270      INFO  main            d.u.i.k.p.i.AbstractProblemLoader Loading environment from /home/runner/work/key/key/key.core/../key.ui/examples/heap/block_contracts/Simple__addWithJump.key 
21270      DEBUG main            d.u.i.k.p.i.AbstractProblemLoader Environment load took 238.8ns 
21272      INFO  main            d.u.i.k.p.i.AbstractProblemLoader Creating init config 
24338      DEBUG main            d.u.i.k.p.i.AbstractProblemLoader Init config took 3.07s 
24385      INFO  main            d.u.i.k.p.i.AbstractProblemLoader Replaying proof Simple[Simple::addWithJump(int,int,int)].JML operation contract.0 
24387      DEBUG main            d.u.i.k.p.i.IntermediateProofReplayer Proof replay took 20.3ns 
24590      INFO  main            d.u.i.k.p.r.p.TestFile    ... finished proof: closed. 
24768      INFO  main            d.u.i.k.p.i.AbstractProblemLoader Loading environment from /home/runner/work/key/key/key.core/../key.ui/examples/heap/block_contracts/Simple__addWithJump.key.proof 
24768      DEBUG main            d.u.i.k.p.i.AbstractProblemLoader Environment load took 132.5ns 
24769      INFO  main            d.u.i.k.p.i.AbstractProblemLoader Creating init config 
27788      DEBUG main            d.u.i.k.p.i.AbstractProblemLoader Init config took 3.02s 
27841      INFO  main            d.u.i.k.p.i.AbstractProblemLoader Replaying proof Simple[Simple::addWithJump(int,int,int)].JML operation contract.0 
27887      DEBUG main            d.u.i.k.p.i.IntermediateProofReplayer Proof replay took 41.27ms 
27889      DEBUG main            d.u.i.k.p.r.p.TestFile    ... success: reloaded. 
27890      INFO  main            d.u.i.k.p.r.p.TestFile    Now processing file /home/runner/work/key/key/key.core/../key.ui/examples/heap/block_contracts/Simple__addWithTwoBlockContracts.key 
27891      INFO  main            d.u.i.k.p.i.AbstractProblemLoader Loading environment from /home/runner/work/key/key/key.core/../key.ui/examples/heap/block_contracts/Simple__addWithTwoBlockContracts.key 
27891      DEBUG main            d.u.i.k.p.i.AbstractProblemLoader Environment load took 109ns 
27892      INFO  main            d.u.i.k.p.i.AbstractProblemLoader Creating init config 
30861      DEBUG main            d.u.i.k.p.i.AbstractProblemLoader Init config took 2.97s 
30906      INFO  main            d.u.i.k.p.i.AbstractProblemLoader Replaying proof Simple[Simple::addWithTwoBlockContracts(int,int,int)].JML operation contract.0 
30908      DEBUG main            d.u.i.k.p.i.IntermediateProofReplayer Proof replay took 12.2ns 
31110      INFO  main            d.u.i.k.p.r.p.TestFile    ... finished proof: closed. 
31382      INFO  main            d.u.i.k.p.i.AbstractProblemLoader Loading environment from /home/runner/work/key/key/key.core/../key.ui/examples/heap/block_contracts/Simple__addWithTwoBlockContracts.key.proof 
31382      DEBUG main            d.u.i.k.p.i.AbstractProblemLoader Environment load took 125.7ns 
31383      INFO  main            d.u.i.k.p.i.AbstractProblemLoader Creating init config 
34389      DEBUG main            d.u.i.k.p.i.AbstractProblemLoader Init config took 3.01s 
34433      INFO  main            d.u.i.k.p.i.AbstractProblemLoader Replaying proof Simple[Simple::addWithTwoBlockContracts(int,int,int)].JML operation contract.0 
34497      DEBUG main            d.u.i.k.p.i.IntermediateProofReplayer Proof replay took 61.8ms 
34498      DEBUG main            d.u.i.k.p.r.p.TestFile    ... success: reloaded. 
34500      INFO  main            d.u.i.k.p.r.p.TestFile    Now processing file /home/runner/work/key/key/key.core/../key.ui/examples/heap/block_contracts/Simple__generateByteArray.key 
34500      INFO  main            d.u.i.k.p.i.AbstractProblemLoader Loading environment from /home/runner/work/key/key/key.core/../key.ui/examples/heap/block_contracts/Simple__generateByteArray.key 
34500      DEBUG main            d.u.i.k.p.i.AbstractProblemLoader Environment load took 239ns 
34501      INFO  main            d.u.i.k.p.i.AbstractProblemLoader Creating init config 
37610      DEBUG main            d.u.i.k.p.i.AbstractProblemLoader Init config took 3.11s 
37667      INFO  main            d.u.i.k.p.i.AbstractProblemLoader Replaying proof Simple[Simple::generateByteArray()].JML normal_behavior operation contract.0 
37669      DEBUG main            d.u.i.k.p.i.IntermediateProofReplayer Proof replay took 11.1ns 
39478      INFO  main            d.u.i.k.p.r.p.TestFile    ... finished proof: closed. 
39700      INFO  main            d.u.i.k.p.i.AbstractProblemLoader Loading environment from /home/runner/work/key/key/key.core/../key.ui/examples/heap/block_contracts/Simple__generateByteArray.key.proof 
39701      DEBUG main            d.u.i.k.p.i.AbstractProblemLoader Environment load took 645.21ns 
39702      INFO  main            d.u.i.k.p.i.AbstractProblemLoader Creating init config 
42636      DEBUG main            d.u.i.k.p.i.AbstractProblemLoader Init config took 2.93s 
42684      INFO  main            d.u.i.k.p.i.AbstractProblemLoader Replaying proof Simple[Simple::generateByteArray()].JML normal_behavior operation contract.0 
42895      DEBUG main            d.u.i.k.p.i.IntermediateProofReplayer Proof replay took 197.59ms 
42896      DEBUG main            d.u.i.k.p.r.p.TestFile    ... success: reloaded. 
42898      INFO  main            d.u.i.k.p.r.p.TestFile    Now processing file /home/runner/work/key/key/key.core/../key.ui/examples/heap/block_contracts/Simple__getLength.key 
42898      INFO  main            d.u.i.k.p.i.AbstractProblemLoader Loading environment from /home/runner/work/key/key/key.core/../key.ui/examples/heap/block_contracts/Simple__getLength.key 
42899      DEBUG main            d.u.i.k.p.i.AbstractProblemLoader Environment load took 578.41ns 
42900      INFO  main            d.u.i.k.p.i.AbstractProblemLoader Creating init config 
45904      DEBUG main            d.u.i.k.p.i.AbstractProblemLoader Init config took 3s 
45945      INFO  main            d.u.i.k.p.i.AbstractProblemLoader Replaying proof Simple[Simple::getLength()].JML normal_behavior operation contract.0 
45947      DEBUG main            d.u.i.k.p.i.IntermediateProofReplayer Proof replay took 11.2ns 
46049      INFO  main            d.u.i.k.p.r.p.TestFile    ... finished proof: closed. 
46254      INFO  main            d.u.i.k.p.i.AbstractProblemLoader Loading environment from /home/runner/work/key/key/key.core/../key.ui/examples/heap/block_contracts/Simple__getLength.key.proof 
46254      DEBUG main            d.u.i.k.p.i.AbstractProblemLoader Environment load took 130.9ns 
46255      INFO  main            d.u.i.k.p.i.AbstractProblemLoader Creating init config 
49170      DEBUG main            d.u.i.k.p.i.AbstractProblemLoader Init config took 2.92s 
49221      INFO  main            d.u.i.k.p.i.AbstractProblemLoader Replaying proof Simple[Simple::getLength()].JML normal_behavior operation contract.0 
49232      DEBUG main            d.u.i.k.p.i.IntermediateProofReplayer Proof replay took 7.25ms 
49233      DEBUG main            d.u.i.k.p.r.p.TestFile    ... success: reloaded. 
49235      INFO  main            d.u.i.k.p.r.p.TestFile    Now processing file /home/runner/work/key/key/key.core/../key.ui/examples/heap/block_contracts/Simple__square.key 
49235      INFO  main            d.u.i.k.p.i.AbstractProblemLoader Loading environment from /home/runner/work/key/key/key.core/../key.ui/examples/heap/block_contracts/Simple__square.key 
49235      DEBUG main            d.u.i.k.p.i.AbstractProblemLoader Environment load took 195.2ns 
49236      INFO  main            d.u.i.k.p.i.AbstractProblemLoader Creating init config 
52101      DEBUG main            d.u.i.k.p.i.AbstractProblemLoader Init config took 2.86s 
52149      INFO  main            d.u.i.k.p.i.AbstractProblemLoader Replaying proof Simple[Simple::square(int)].JML operation contract.0 
52152      DEBUG main            d.u.i.k.p.i.IntermediateProofReplayer Proof replay took 12.2ns 
52555      INFO  main            d.u.i.k.p.r.p.TestFile    ... finished proof: closed. 
52742      INFO  main            d.u.i.k.p.i.AbstractProblemLoader Loading environment from /home/runner/work/key/key/key.core/../key.ui/examples/heap/block_contracts/Simple__square.key.proof 
52742      DEBUG main            d.u.i.k.p.i.AbstractProblemLoader Environment load took 122.5ns 
52743      INFO  main            d.u.i.k.p.i.AbstractProblemLoader Creating init config 
55618      DEBUG main            d.u.i.k.p.i.AbstractProblemLoader Init config took 2.88s 
55658      INFO  main            d.u.i.k.p.i.AbstractProblemLoader Replaying proof Simple[Simple::square(int)].JML operation contract.0 
55734      DEBUG main            d.u.i.k.p.i.IntermediateProofReplayer Proof replay took 72.37ms 
55735      DEBUG main            d.u.i.k.p.r.p.TestFile    ... success: reloaded. 
55736      INFO  main            d.u.i.k.p.r.p.TestFile    Now processing file /home/runner/work/key/key/key.core/../key.ui/examples/heap/block_contracts/Simple__unnecessaryBlockContract.key 
55736      INFO  main            d.u.i.k.p.i.AbstractProblemLoader Loading environment from /home/runner/work/key/key/key.core/../key.ui/examples/heap/block_contracts/Simple__unnecessaryBlockContract.key 
55737      DEBUG main            d.u.i.k.p.i.AbstractProblemLoader Environment load took 100ns 
55737      INFO  main            d.u.i.k.p.i.AbstractProblemLoader Creating init config 
58657      DEBUG main            d.u.i.k.p.i.AbstractProblemLoader Init config took 2.92s 
58694      INFO  main            d.u.i.k.p.i.AbstractProblemLoader Replaying proof Simple[Simple::unnecessaryBlockContract()].JML operation contract.0 
58696      DEBUG main            d.u.i.k.p.i.IntermediateProofReplayer Proof replay took 13.3ns 
58801      INFO  main            d.u.i.k.p.r.p.TestFile    ... finished proof: closed. 
59005      INFO  main            d.u.i.k.p.i.AbstractProblemLoader Loading environment from /home/runner/work/key/key/key.core/../key.ui/examples/heap/block_contracts/Simple__unnecessaryBlockContract.key.proof 
59006      DEBUG main            d.u.i.k.p.i.AbstractProblemLoader Environment load took 136.2ns 
59006      INFO  main            d.u.i.k.p.i.AbstractProblemLoader Creating init config 
61866      DEBUG main            d.u.i.k.p.i.AbstractProblemLoader Init config took 2.86s 
61903      INFO  main            d.u.i.k.p.i.AbstractProblemLoader Replaying proof Simple[Simple::unnecessaryBlockContract()].JML operation contract.0 
61922      DEBUG main            d.u.i.k.p.i.IntermediateProofReplayer Proof replay took 16.54ms 
61923      DEBUG main            d.u.i.k.p.r.p.TestFile    ... success: reloaded. 
61924      INFO  main            d.u.i.k.p.r.p.TestFile    Now processing file /home/runner/work/key/key/key.core/../key.ui/examples/heap/block_contracts/Simple__unnecessaryLoopInvariant.key 
61924      INFO  main            d.u.i.k.p.i.AbstractProblemLoader Loading environment from /home/runner/work/key/key/key.core/../key.ui/examples/heap/block_contracts/Simple__unnecessaryLoopInvariant.key 
61924      DEBUG main            d.u.i.k.p.i.AbstractProblemLoader Environment load took 97.3ns 
61925      INFO  main            d.u.i.k.p.i.AbstractProblemLoader Creating init config 
64855      DEBUG main            d.u.i.k.p.i.AbstractProblemLoader Init config took 2.93s 
64891      INFO  main            d.u.i.k.p.i.AbstractProblemLoader Replaying proof Simple[Simple::unnecessaryLoopInvariant()].JML operation contract.0 
64893      DEBUG main            d.u.i.k.p.i.IntermediateProofReplayer Proof replay took 10.8ns 
64998      INFO  main            d.u.i.k.p.r.p.TestFile    ... finished proof: closed. 
65202      INFO  main            d.u.i.k.p.i.AbstractProblemLoader Loading environment from /home/runner/work/key/key/key.core/../key.ui/examples/heap/block_contracts/Simple__unnecessaryLoopInvariant.key.proof 
65203      DEBUG main            d.u.i.k.p.i.AbstractProblemLoader Environment load took 140.9ns 
65204      INFO  main            d.u.i.k.p.i.AbstractProblemLoader Creating init config 
68057      DEBUG main            d.u.i.k.p.i.AbstractProblemLoader Init config took 2.85s 
68107      INFO  main            d.u.i.k.p.i.AbstractProblemLoader Replaying proof Simple[Simple::unnecessaryLoopInvariant()].JML operation contract.0 
68125      DEBUG main            d.u.i.k.p.i.IntermediateProofReplayer Proof replay took 15.42ms 
68126      DEBUG main            d.u.i.k.p.r.p.TestFile    ... success: reloaded. 
68130      INFO  main            d.u.i.k.p.r.p.TestFile    Now processing file /home/runner/work/key/key/key.core/../key.ui/examples/standard_key/java_dl/jml-assert/assert.key 
68134      INFO  main            d.u.i.k.p.i.AbstractProblemLoader Loading environment from /home/runner/work/key/key/key.core/../key.ui/examples/standard_key/java_dl/jml-assert/assert.key 
68135      DEBUG main            d.u.i.k.p.i.AbstractProblemLoader Environment load took 95.7ns 
68135      INFO  main            d.u.i.k.p.i.AbstractProblemLoader Creating init config 
70711      DEBUG main            d.u.i.k.p.i.AbstractProblemLoader Init config took 2.58s 
70749      INFO  main            d.u.i.k.p.i.AbstractProblemLoader Replaying proof Assert[Assert::createArray(int)].JML normal_behavior operation contract.0 
70750      DEBUG main            d.u.i.k.p.i.IntermediateProofReplayer Proof replay took 6.7ns 
70954      INFO  main            d.u.i.k.p.r.p.TestFile    ... finished proof: closed. 
71133      INFO  main            d.u.i.k.p.i.AbstractProblemLoader Loading environment from /home/runner/work/key/key/key.core/../key.ui/examples/standard_key/java_dl/jml-assert/assert.key.proof 
71134      DEBUG main            d.u.i.k.p.i.AbstractProblemLoader Environment load took 124.9ns 
71135      INFO  main            d.u.i.k.p.i.AbstractProblemLoader Creating init config 
73633      DEBUG main            d.u.i.k.p.i.AbstractProblemLoader Init config took 2.5s 
73669      INFO  main            d.u.i.k.p.i.AbstractProblemLoader Replaying proof Assert[Assert::createArray(int)].JML normal_behavior operation contract.0 
73704      DEBUG main            d.u.i.k.p.i.IntermediateProofReplayer Proof replay took 32.76ms 
73706      DEBUG main            d.u.i.k.p.r.p.TestFile    ... success: reloaded. 
73707      INFO  main            d.u.i.k.p.r.p.TestFile    Now processing file /home/runner/work/key/key/key.core/../key.ui/examples/standard_key/java_dl/jml-assert/assert_assume_order.key 
73708      INFO  main            d.u.i.k.p.i.AbstractProblemLoader Loading environment from /home/runner/work/key/key/key.core/../key.ui/examples/standard_key/java_dl/jml-assert/assert_assume_order.key 
73708      DEBUG main            d.u.i.k.p.i.AbstractProblemLoader Environment load took 248.1ns 
73709      INFO  main            d.u.i.k.p.i.AbstractProblemLoader Creating init config 
76293      DEBUG main            d.u.i.k.p.i.AbstractProblemLoader Init config took 2.58s 
76328      INFO  main            d.u.i.k.p.i.AbstractProblemLoader Replaying proof AssertAssume[AssertAssume::singleAssumeAssert(int)].JML normal_behavior operation contract.0 
76329      DEBUG main            d.u.i.k.p.i.IntermediateProofReplayer Proof replay took 6.3ns 
76436      INFO  main            d.u.i.k.p.r.p.TestFile    ... finished proof: closed. 
76621      INFO  main            d.u.i.k.p.i.AbstractProblemLoader Loading environment from /home/runner/work/key/key/key.core/../key.ui/examples/standard_key/java_dl/jml-assert/assert_assume_order.key.proof 
76621      DEBUG main            d.u.i.k.p.i.AbstractProblemLoader Environment load took 119.9ns 
76622      INFO  main            d.u.i.k.p.i.AbstractProblemLoader Creating init config 
79084      DEBUG main            d.u.i.k.p.i.AbstractProblemLoader Init config took 2.46s 
79118      INFO  main            d.u.i.k.p.i.AbstractProblemLoader Replaying proof AssertAssume[AssertAssume::singleAssumeAssert(int)].JML normal_behavior operation contract.0 
79126      DEBUG main            d.u.i.k.p.i.IntermediateProofReplayer Proof replay took 6.7ms 
79128      DEBUG main            d.u.i.k.p.r.p.TestFile    ... success: reloaded. 
79129      INFO  main            d.u.i.k.p.r.p.TestFile    Now processing file /home/runner/work/key/key/key.core/../key.ui/examples/heap/block_loop_contracts/SimpleVariants/sum_onBlock_external.key 
79129      INFO  main            d.u.i.k.p.i.AbstractProblemLoader Loading environment from /home/runner/work/key/key/key.core/../key.ui/examples/heap/block_loop_contracts/SimpleVariants/sum_onBlock_external.key 
79130      DEBUG main            d.u.i.k.p.i.AbstractProblemLoader Environment load took 95.5ns 
79130      INFO  main            d.u.i.k.p.i.AbstractProblemLoader Creating init config 
82003      DEBUG main            d.u.i.k.p.i.AbstractProblemLoader Init config took 2.87s 
82037      INFO  main            d.u.i.k.p.i.AbstractProblemLoader Replaying proof LoopContractExamplesAll[LoopContractExamplesAll::sum_loopContract_onBlock([I)].JML normal_behavior operation contract.0 
82039      DEBUG main            d.u.i.k.p.i.IntermediateProofReplayer Proof replay took 11.4ns 
82141      INFO  main            d.u.i.k.p.r.p.TestFile    ... finished proof: closed. 
82369      INFO  main            d.u.i.k.p.i.AbstractProblemLoader Loading environment from /home/runner/work/key/key/key.core/../key.ui/examples/heap/block_loop_contracts/SimpleVariants/sum_onBlock_external.key.proof 
82369      DEBUG main            d.u.i.k.p.i.AbstractProblemLoader Environment load took 137.3ns 
82370      INFO  main            d.u.i.k.p.i.AbstractProblemLoader Creating init config 
85057      DEBUG main            d.u.i.k.p.i.AbstractProblemLoader Init config took 2.69s 
85090      INFO  main            d.u.i.k.p.i.AbstractProblemLoader Replaying proof LoopContractExamplesAll[LoopContractExamplesAll::sum_loopContract_onBlock([I)].JML normal_behavior operation contract.0 
85118      DEBUG main            d.u.i.k.p.i.IntermediateProofReplayer Proof replay took 26.08ms 
85118      DEBUG main            d.u.i.k.p.r.p.TestFile    ... success: reloaded. 
85119      INFO  main            d.u.i.k.p.r.p.TestFile    Now processing file /home/runner/work/key/key/key.core/../key.ui/examples/heap/block_loop_contracts/SimpleVariants/sum_onBlock_internal.key 
85120      INFO  main            d.u.i.k.p.i.AbstractProblemLoader Loading environment from /home/runner/work/key/key/key.core/../key.ui/examples/heap/block_loop_contracts/SimpleVariants/sum_onBlock_internal.key 
85120      DEBUG main            d.u.i.k.p.i.AbstractProblemLoader Environment load took 95.2ns 
85121      INFO  main            d.u.i.k.p.i.AbstractProblemLoader Creating init config 
87879      DEBUG main            d.u.i.k.p.i.AbstractProblemLoader Init config took 2.76s 
87912      INFO  main            d.u.i.k.p.i.AbstractProblemLoader Replaying proof LoopContractExamplesAll[LoopContractExamplesAll::sum_loopContract_onBlock([I)].JML normal_behavior operation contract.0 
87914      DEBUG main            d.u.i.k.p.i.IntermediateProofReplayer Proof replay took 12.3ns 
88621      INFO  main            d.u.i.k.p.r.p.TestFile    ... finished proof: closed. 
88865      INFO  main            d.u.i.k.p.i.AbstractProblemLoader Loading environment from /home/runner/work/key/key/key.core/../key.ui/examples/heap/block_loop_contracts/SimpleVariants/sum_onBlock_internal.key.proof 
88865      DEBUG main            d.u.i.k.p.i.AbstractProblemLoader Environment load took 122.2ns 
88866      INFO  main            d.u.i.k.p.i.AbstractProblemLoader Creating init config 
91522      DEBUG main            d.u.i.k.p.i.AbstractProblemLoader Init config took 2.66s 
91554      INFO  main            d.u.i.k.p.i.AbstractProblemLoader Replaying proof LoopContractExamplesAll[LoopContractExamplesAll::sum_loopContract_onBlock([I)].JML normal_behavior operation contract.0 
91726      DEBUG main            d.u.i.k.p.i.IntermediateProofReplayer Proof replay took 168.79ms 
91727      DEBUG main            d.u.i.k.p.r.p.TestFile    ... success: reloaded. 
91729      INFO  main            d.u.i.k.p.r.p.TestFile    Now processing file /home/runner/work/key/key/key.core/../key.ui/examples/heap/block_loop_contracts/SimpleVariants/sum_onBlock_loop.key 
91729      INFO  main            d.u.i.k.p.i.AbstractProblemLoader Loading environment from /home/runner/work/key/key/key.core/../key.ui/examples/heap/block_loop_contracts/SimpleVariants/sum_onBlock_loop.key 
91729      DEBUG main            d.u.i.k.p.i.AbstractProblemLoader Environment load took 220.3ns 
91730      INFO  main            d.u.i.k.p.i.AbstractProblemLoader Creating init config 
94493      DEBUG main            d.u.i.k.p.i.AbstractProblemLoader Init config took 2.76s 
94529      INFO  main            d.u.i.k.p.i.AbstractProblemLoader Replaying proof LoopContractExamplesAll[LoopContractExamplesAll::sum_loopContract_onBlock([I)].JML normal_behavior loop contract.0 
94531      DEBUG main            d.u.i.k.p.i.IntermediateProofReplayer Proof replay took 10.3ns 
95238      INFO  main            d.u.i.k.p.r.p.TestFile    ... finished proof: closed. 
95508      INFO  main            d.u.i.k.p.i.AbstractProblemLoader Loading environment from /home/runner/work/key/key/key.core/../key.ui/examples/heap/block_loop_contracts/SimpleVariants/sum_onBlock_loop.key.proof 
95508      DEBUG main            d.u.i.k.p.i.AbstractProblemLoader Environment load took 121.7ns 
95509      INFO  main            d.u.i.k.p.i.AbstractProblemLoader Creating init config 
98192      DEBUG main            d.u.i.k.p.i.AbstractProblemLoader Init config took 2.68s 
98241      INFO  main            d.u.i.k.p.i.AbstractProblemLoader Replaying proof LoopContractExamplesAll[LoopContractExamplesAll::sum_loopContract_onBlock([I)].JML normal_behavior loop contract.0 
98410      DEBUG main            d.u.i.k.p.i.IntermediateProofReplayer Proof replay took 165.26ms 
98411      DEBUG main            d.u.i.k.p.r.p.TestFile    ... success: reloaded. 
98412      INFO  main            d.u.i.k.p.r.p.TestFile    Now processing file /home/runner/work/key/key/key.core/../key.ui/examples/heap/block_loop_contracts/SimpleVariants/sum_onLoop_external.key 
98412      INFO  main            d.u.i.k.p.i.AbstractProblemLoader Loading environment from /home/runner/work/key/key/key.core/../key.ui/examples/heap/block_loop_contracts/SimpleVariants/sum_onLoop_external.key 
98413      DEBUG main            d.u.i.k.p.i.AbstractProblemLoader Environment load took 239.3ns 
98414      INFO  main            d.u.i.k.p.i.AbstractProblemLoader Creating init config 
101163     DEBUG main            d.u.i.k.p.i.AbstractProblemLoader Init config took 2.75s 
101196     INFO  main            d.u.i.k.p.i.AbstractProblemLoader Replaying proof LoopContractExamplesAll[LoopContractExamplesAll::sum_loopContract_onLoop([I)].JML normal_behavior operation contract.0 
101198     DEBUG main            d.u.i.k.p.i.IntermediateProofReplayer Proof replay took 26.7ns 
101302     INFO  main            d.u.i.k.p.r.p.TestFile    ... finished proof: closed. 
101564     INFO  main            d.u.i.k.p.i.AbstractProblemLoader Loading environment from /home/runner/work/key/key/key.core/../key.ui/examples/heap/block_loop_contracts/SimpleVariants/sum_onLoop_external.key.proof 
101564     DEBUG main            d.u.i.k.p.i.AbstractProblemLoader Environment load took 127.8ns 
101566     INFO  main            d.u.i.k.p.i.AbstractProblemLoader Creating init config 
104234     DEBUG main            d.u.i.k.p.i.AbstractProblemLoader Init config took 2.67s 
104278     INFO  main            d.u.i.k.p.i.AbstractProblemLoader Replaying proof LoopContractExamplesAll[LoopContractExamplesAll::sum_loopContract_onLoop([I)].JML normal_behavior operation contract.0 
104314     DEBUG main            d.u.i.k.p.i.IntermediateProofReplayer Proof replay took 33.78ms 
104315     DEBUG main            d.u.i.k.p.r.p.TestFile    ... success: reloaded. 
104316     INFO  main            d.u.i.k.p.r.p.TestFile    Now processing file /home/runner/work/key/key/key.core/../key.ui/examples/heap/block_loop_contracts/SimpleVariants/sum_onLoop_internal.key 
104316     INFO  main            d.u.i.k.p.i.AbstractProblemLoader Loading environment from /home/runner/work/key/key/key.core/../key.ui/examples/heap/block_loop_contracts/SimpleVariants/sum_onLoop_internal.key 
104316     DEBUG main            d.u.i.k.p.i.AbstractProblemLoader Environment load took 120.3ns 
104317     INFO  main            d.u.i.k.p.i.AbstractProblemLoader Creating init config 
107028     DEBUG main            d.u.i.k.p.i.AbstractProblemLoader Init config took 2.71s 
107060     INFO  main            d.u.i.k.p.i.AbstractProblemLoader Replaying proof LoopContractExamplesAll[LoopContractExamplesAll::sum_loopContract_onLoop([I)].JML normal_behavior operation contract.0 
107061     DEBUG main            d.u.i.k.p.i.IntermediateProofReplayer Proof replay took 12.3ns 
107665     INFO  main            d.u.i.k.p.r.p.TestFile    ... finished proof: closed. 
107930     INFO  main            d.u.i.k.p.i.AbstractProblemLoader Loading environment from /home/runner/work/key/key/key.core/../key.ui/examples/heap/block_loop_contracts/SimpleVariants/sum_onLoop_internal.key.proof 
107930     DEBUG main            d.u.i.k.p.i.AbstractProblemLoader Environment load took 124.6ns 
107931     INFO  main            d.u.i.k.p.i.AbstractProblemLoader Creating init config 
110610     DEBUG main            d.u.i.k.p.i.AbstractProblemLoader Init config took 2.68s 
110643     INFO  main            d.u.i.k.p.i.AbstractProblemLoader Replaying proof LoopContractExamplesAll[LoopContractExamplesAll::sum_loopContract_onLoop([I)].JML normal_behavior operation contract.0 
110790     DEBUG main            d.u.i.k.p.i.IntermediateProofReplayer Proof replay took 143.81ms 
110792     DEBUG main            d.u.i.k.p.r.p.TestFile    ... success: reloaded. 
110793     INFO  main            d.u.i.k.p.r.p.TestFile    Now processing file /home/runner/work/key/key/key.core/../key.ui/examples/heap/block_loop_contracts/SimpleVariants/sum_onLoop_loop.key 
110793     INFO  main            d.u.i.k.p.i.AbstractProblemLoader Loading environment from /home/runner/work/key/key/key.core/../key.ui/examples/heap/block_loop_contracts/SimpleVariants/sum_onLoop_loop.key 
110793     DEBUG main            d.u.i.k.p.i.AbstractProblemLoader Environment load took 220.5ns 
110794     INFO  main            d.u.i.k.p.i.AbstractProblemLoader Creating init config 
113509     DEBUG main            d.u.i.k.p.i.AbstractProblemLoader Init config took 2.71s 
113543     INFO  main            d.u.i.k.p.i.AbstractProblemLoader Replaying proof LoopContractExamplesAll[LoopContractExamplesAll::sum_loopContract_onLoop([I)].JML normal_behavior loop contract.0 
113545     DEBUG main            d.u.i.k.p.i.IntermediateProofReplayer Proof replay took 12.1ns 
114248     INFO  main            d.u.i.k.p.r.p.TestFile    ... finished proof: closed. 
114556     INFO  main            d.u.i.k.p.i.AbstractProblemLoader Loading environment from /home/runner/work/key/key/key.core/../key.ui/examples/heap/block_loop_contracts/SimpleVariants/sum_onLoop_loop.key.proof 
114556     DEBUG main            d.u.i.k.p.i.AbstractProblemLoader Environment load took 648.81ns 
114558     INFO  main            d.u.i.k.p.i.AbstractProblemLoader Creating init config 
117208     DEBUG main            d.u.i.k.p.i.AbstractProblemLoader Init config took 2.65s 
117249     INFO  main            d.u.i.k.p.i.AbstractProblemLoader Replaying proof LoopContractExamplesAll[LoopContractExamplesAll::sum_loopContract_onLoop([I)].JML normal_behavior loop contract.0 
117422     DEBUG main            d.u.i.k.p.i.IntermediateProofReplayer Proof replay took 168.31ms 
117423     DEBUG main            d.u.i.k.p.r.p.TestFile    ... success: reloaded. 
117424     INFO  main            d.u.i.k.p.r.p.TestFile    Now processing file /home/runner/work/key/key/key.core/../key.ui/examples/heap/block_loop_contracts/Free/blockContracts0.key 
117424     INFO  main            d.u.i.k.p.i.AbstractProblemLoader Loading environment from /home/runner/work/key/key/key.core/../key.ui/examples/heap/block_loop_contracts/Free/blockContracts0.key 
117424     DEBUG main            d.u.i.k.p.i.AbstractProblemLoader Environment load took 121.4ns 
117425     INFO  main            d.u.i.k.p.i.AbstractProblemLoader Creating init config 
119832     DEBUG main            d.u.i.k.p.i.AbstractProblemLoader Init config took 2.41s 
119865     INFO  main            d.u.i.k.p.i.AbstractProblemLoader Replaying proof FreeConditions[FreeConditions::blockContract0()].JML normal_behavior operation contract.0 
119867     DEBUG main            d.u.i.k.p.i.IntermediateProofReplayer Proof replay took 12.7ns 
119970     INFO  main            d.u.i.k.p.r.p.TestFile    ... finished proof: closed. 
120253     INFO  main            d.u.i.k.p.i.AbstractProblemLoader Loading environment from /home/runner/work/key/key/key.core/../key.ui/examples/heap/block_loop_contracts/Free/blockContracts0.key.proof 
120253     DEBUG main            d.u.i.k.p.i.AbstractProblemLoader Environment load took 115ns 
120254     INFO  main            d.u.i.k.p.i.AbstractProblemLoader Creating init config 
122568     DEBUG main            d.u.i.k.p.i.AbstractProblemLoader Init config took 2.31s 
122609     INFO  main            d.u.i.k.p.i.AbstractProblemLoader Replaying proof FreeConditions[FreeConditions::blockContract0()].JML normal_behavior operation contract.0 
122625     DEBUG main            d.u.i.k.p.i.IntermediateProofReplayer Proof replay took 14.64ms 
122627     DEBUG main            d.u.i.k.p.r.p.TestFile    ... success: reloaded. 
122628     INFO  main            d.u.i.k.p.r.p.TestFile    Now processing file /home/runner/work/key/key/key.core/../key.ui/examples/heap/block_loop_contracts/Free/blockContracts1.key 
122628     INFO  main            d.u.i.k.p.i.AbstractProblemLoader Loading environment from /home/runner/work/key/key/key.core/../key.ui/examples/heap/block_loop_contracts/Free/blockContracts1.key 
122628     DEBUG main            d.u.i.k.p.i.AbstractProblemLoader Environment load took 237ns 
122629     INFO  main            d.u.i.k.p.i.AbstractProblemLoader Creating init config 
124982     DEBUG main            d.u.i.k.p.i.AbstractProblemLoader Init config took 2.35s 
125013     INFO  main            d.u.i.k.p.i.AbstractProblemLoader Replaying proof FreeConditions[FreeConditions::blockContract1()].JML normal_behavior operation contract.0 
125015     DEBUG main            d.u.i.k.p.i.IntermediateProofReplayer Proof replay took 14ns 
125118     INFO  main            d.u.i.k.p.r.p.TestFile    ... finished proof: closed. 
125377     INFO  main            d.u.i.k.p.i.AbstractProblemLoader Loading environment from /home/runner/work/key/key/key.core/../key.ui/examples/heap/block_loop_contracts/Free/blockContracts1.key.proof 
125377     DEBUG main            d.u.i.k.p.i.AbstractProblemLoader Environment load took 119.1ns 
125378     INFO  main            d.u.i.k.p.i.AbstractProblemLoader Creating init config 
127713     DEBUG main            d.u.i.k.p.i.AbstractProblemLoader Init config took 2.33s 
127746     INFO  main            d.u.i.k.p.i.AbstractProblemLoader Replaying proof FreeConditions[FreeConditions::blockContract1()].JML normal_behavior operation contract.0 
127762     DEBUG main            d.u.i.k.p.i.IntermediateProofReplayer Proof replay took 12.73ms 
127763     DEBUG main            d.u.i.k.p.r.p.TestFile    ... success: reloaded. 
127764     INFO  main            d.u.i.k.p.r.p.TestFile    Now processing file /home/runner/work/key/key/key.core/../key.ui/examples/heap/block_loop_contracts/Finally/block_finally.key 
127764     INFO  main            d.u.i.k.p.i.AbstractProblemLoader Loading environment from /home/runner/work/key/key/key.core/../key.ui/examples/heap/block_loop_contracts/Finally/block_finally.key 
127764     DEBUG main            d.u.i.k.p.i.AbstractProblemLoader Environment load took 93.1ns 
127765     INFO  main            d.u.i.k.p.i.AbstractProblemLoader Creating init config 
130176     DEBUG main            d.u.i.k.p.i.AbstractProblemLoader Init config took 2.41s 
130208     INFO  main            d.u.i.k.p.i.AbstractProblemLoader Replaying proof AuxiliaryContractsFinally[AuxiliaryContractsFinally::breakThrowContinueBlockContract(java.lang.Exception)].JML block contract.0 
130210     DEBUG main            d.u.i.k.p.i.IntermediateProofReplayer Proof replay took 13.2ns 
130714     INFO  main            d.u.i.k.p.r.p.TestFile    ... finished proof: open goal(s) 
130995     INFO  main            d.u.i.k.p.r.p.TestFile    Now processing file /home/runner/work/key/key/key.core/../key.ui/examples/heap/block_loop_contracts/Finally/loop_finally.key 
130995     INFO  main            d.u.i.k.p.i.AbstractProblemLoader Loading environment from /home/runner/work/key/key/key.core/../key.ui/examples/heap/block_loop_contracts/Finally/loop_finally.key 
130995     DEBUG main            d.u.i.k.p.i.AbstractProblemLoader Environment load took 58.3ns 
130996     INFO  main            d.u.i.k.p.i.AbstractProblemLoader Creating init config 
133353     DEBUG main            d.u.i.k.p.i.AbstractProblemLoader Init config took 2.36s 
133388     INFO  main            d.u.i.k.p.i.AbstractProblemLoader Replaying proof AuxiliaryContractsFinally[AuxiliaryContractsFinally::breakThrowContinueLoopContract(java.lang.Exception)].JML normal_behavior loop contract.0 
133390     DEBUG main            d.u.i.k.p.i.IntermediateProofReplayer Proof replay took 12.4ns 
133999     INFO  main            d.u.i.k.p.r.p.TestFile    ... finished proof: open goal(s) 
620951     INFO  Test worker     d.u.i.k.p.r.RunAllProofsTestUnit Returning from test blockContracts 
620952     INFO  Test worker     d.u.i.k.p.r.RunAllProofsTestUnit Running test jmlAsserts 
342        INFO  Timeout watchdog d.u.i.k.p.r.p.ForkedTestFileRunner Timeout watcher launched (2000 secs.) 
360        WARN  main            d.u.i.k.s.ProofSettings   The settings in /home/runner/.key/proof-settings.props are *not* read. 
387        INFO  main            d.u.i.k.p.r.p.TestFile    Now processing file /home/runner/work/key/key/key.core/../key.ui/examples/standard_key/java_dl/jml-assert/assert.key 
533        INFO  main            d.u.i.k.p.i.AbstractProblemLoader Loading environment from /home/runner/work/key/key/key.core/../key.ui/examples/standard_key/java_dl/jml-assert/assert.key 
554        DEBUG main            d.u.i.k.p.i.AbstractProblemLoader Environment load took 1.93ms 
770        INFO  main            d.u.i.k.p.i.AbstractProblemLoader Creating init config 
1674       DEBUG main            d.u.i.k.j.TypeConverter   No LDT found for Meta 
1678       DEBUG main            d.u.i.k.j.TypeConverter   No LDT found for Meta 
1682       DEBUG main            d.u.i.k.j.TypeConverter   No LDT found for Meta 
1683       DEBUG main            d.u.i.k.j.TypeConverter   No LDT found for Meta 
3014       DEBUG main            d.u.i.k.j.TypeConverter   No LDT found for JavaBigintExpression 
8179       DEBUG main            d.u.i.k.p.i.AbstractProblemLoader Init config took 7.41s 
8303       INFO  main            d.u.i.k.p.i.AbstractProblemLoader Replaying proof Assert[Assert::createArray(int)].JML normal_behavior operation contract.0 
8337       DEBUG main            d.u.i.k.p.i.IntermediateProofReplayer Proof replay took 34.6ns 
9466       INFO  main            d.u.i.k.p.r.p.TestFile    ... finished proof: closed. 
9579       INFO  main            d.u.i.k.p.i.AbstractProblemLoader Loading environment from /home/runner/work/key/key/key.core/../key.ui/examples/standard_key/java_dl/jml-assert/assert.key.proof 
9584       DEBUG main            d.u.i.k.p.i.AbstractProblemLoader Environment load took 5.67ms 
9587       INFO  main            d.u.i.k.p.i.AbstractProblemLoader Creating init config 
12485      DEBUG main            d.u.i.k.p.i.AbstractProblemLoader Init config took 2.9s 
12561      INFO  main            d.u.i.k.p.i.AbstractProblemLoader Replaying proof Assert[Assert::createArray(int)].JML normal_behavior operation contract.0 
12636      DEBUG main            d.u.i.k.p.i.IntermediateProofReplayer Proof replay took 69.6ms 
12643      DEBUG main            d.u.i.k.p.r.p.TestFile    ... success: reloaded. 
12645      INFO  main            d.u.i.k.p.r.p.TestFile    Now processing file /home/runner/work/key/key/key.core/../key.ui/examples/heap/block_loop_contracts/Free/assertions0.key 
12646      INFO  main            d.u.i.k.p.i.AbstractProblemLoader Loading environment from /home/runner/work/key/key/key.core/../key.ui/examples/heap/block_loop_contracts/Free/assertions0.key 
12646      DEBUG main            d.u.i.k.p.i.AbstractProblemLoader Environment load took 247.1ns 
12648      INFO  main            d.u.i.k.p.i.AbstractProblemLoader Creating init config 
15393      DEBUG main            d.u.i.k.p.i.AbstractProblemLoader Init config took 2.74s 
15471      INFO  main            d.u.i.k.p.i.AbstractProblemLoader Replaying proof FreeConditions[FreeConditions::assertions0()].JML normal_behavior operation contract.0 
15475      DEBUG main            d.u.i.k.p.i.IntermediateProofReplayer Proof replay took 13.3ns 
15577      INFO  main            d.u.i.k.p.r.p.TestFile    ... finished proof: closed. 
15729      INFO  main            d.u.i.k.p.i.AbstractProblemLoader Loading environment from /home/runner/work/key/key/key.core/../key.ui/examples/heap/block_loop_contracts/Free/assertions0.key.proof 
15729      DEBUG main            d.u.i.k.p.i.AbstractProblemLoader Environment load took 145ns 
15731      INFO  main            d.u.i.k.p.i.AbstractProblemLoader Creating init config 
18343      DEBUG main            d.u.i.k.p.i.AbstractProblemLoader Init config took 2.61s 
18390      INFO  main            d.u.i.k.p.i.AbstractProblemLoader Replaying proof FreeConditions[FreeConditions::assertions0()].JML normal_behavior operation contract.0 
18412      DEBUG main            d.u.i.k.p.i.IntermediateProofReplayer Proof replay took 19.6ms 
18414      DEBUG main            d.u.i.k.p.r.p.TestFile    ... success: reloaded. 
18415      INFO  main            d.u.i.k.p.r.p.TestFile    Now processing file /home/runner/work/key/key/key.core/../key.ui/examples/heap/block_loop_contracts/Free/assertions1.key 
18415      INFO  main            d.u.i.k.p.i.AbstractProblemLoader Loading environment from /home/runner/work/key/key/key.core/../key.ui/examples/heap/block_loop_contracts/Free/assertions1.key 
18415      DEBUG main            d.u.i.k.p.i.AbstractProblemLoader Environment load took 172.9ns 
18417      INFO  main            d.u.i.k.p.i.AbstractProblemLoader Creating init config 
21032      DEBUG main            d.u.i.k.p.i.AbstractProblemLoader Init config took 2.62s 
21076      INFO  main            d.u.i.k.p.i.AbstractProblemLoader Replaying proof FreeConditions[FreeConditions::assertions1()].JML normal_behavior operation contract.0 
21079      DEBUG main            d.u.i.k.p.i.IntermediateProofReplayer Proof replay took 21.6ns 
21181      INFO  main            d.u.i.k.p.r.p.TestFile    ... finished proof: closed. 
21337      INFO  main            d.u.i.k.p.i.AbstractProblemLoader Loading environment from /home/runner/work/key/key/key.core/../key.ui/examples/heap/block_loop_contracts/Free/assertions1.key.proof 
21338      DEBUG main            d.u.i.k.p.i.AbstractProblemLoader Environment load took 144.6ns 
21339      INFO  main            d.u.i.k.p.i.AbstractProblemLoader Creating init config 
23868      DEBUG main            d.u.i.k.p.i.AbstractProblemLoader Init config took 2.53s 
23910      INFO  main            d.u.i.k.p.i.AbstractProblemLoader Replaying proof FreeConditions[FreeConditions::assertions1()].JML normal_behavior operation contract.0 
23918      DEBUG main            d.u.i.k.p.i.IntermediateProofReplayer Proof replay took 5.18ms 
23919      DEBUG main            d.u.i.k.p.r.p.TestFile    ... success: reloaded. 
23921      INFO  main            d.u.i.k.p.r.p.TestFile    Now processing file /home/runner/work/key/key/key.core/../key.ui/examples/standard_key/java_dl/jml-assert/recursion-assert.key 
23921      INFO  main            d.u.i.k.p.i.AbstractProblemLoader Loading environment from /home/runner/work/key/key/key.core/../key.ui/examples/standard_key/java_dl/jml-assert/recursion-assert.key 
23921      DEBUG main            d.u.i.k.p.i.AbstractProblemLoader Environment load took 237.4ns 
23923      INFO  main            d.u.i.k.p.i.AbstractProblemLoader Creating init config 
26598      DEBUG main            d.u.i.k.p.i.AbstractProblemLoader Init config took 2.68s 
26642      INFO  main            d.u.i.k.p.i.AbstractProblemLoader Replaying proof RecursiveMethod[RecursiveMethod::fac1(int)].JML normal_behavior operation contract.0 
26644      DEBUG main            d.u.i.k.p.i.IntermediateProofReplayer Proof replay took 6.6ns 
26848      INFO  main            d.u.i.k.p.r.p.TestFile    ... finished proof: closed. 
27024      INFO  main            d.u.i.k.p.i.AbstractProblemLoader Loading environment from /home/runner/work/key/key/key.core/../key.ui/examples/standard_key/java_dl/jml-assert/recursion-assert.key.proof 
27025      DEBUG main            d.u.i.k.p.i.AbstractProblemLoader Environment load took 685.31ns 
27027      INFO  main            d.u.i.k.p.i.AbstractProblemLoader Creating init config 
29653      DEBUG main            d.u.i.k.p.i.AbstractProblemLoader Init config took 2.63s 
29697      INFO  main            d.u.i.k.p.i.AbstractProblemLoader Replaying proof RecursiveMethod[RecursiveMethod::fac1(int)].JML normal_behavior operation contract.0 
29733      DEBUG main            d.u.i.k.p.i.IntermediateProofReplayer Proof replay took 33.32ms 
29735      DEBUG main            d.u.i.k.p.r.p.TestFile    ... success: reloaded. 
29736      INFO  main            d.u.i.k.p.r.p.TestFile    Now processing file /home/runner/work/key/key/key.core/../key.ui/examples/standard_key/java_dl/jml-assert/recursion-assume.key 
29737      INFO  main            d.u.i.k.p.i.AbstractProblemLoader Loading environment from /home/runner/work/key/key/key.core/../key.ui/examples/standard_key/java_dl/jml-assert/recursion-assume.key 
29737      DEBUG main            d.u.i.k.p.i.AbstractProblemLoader Environment load took 235.5ns 
29738      INFO  main            d.u.i.k.p.i.AbstractProblemLoader Creating init config 
32462      DEBUG main            d.u.i.k.p.i.AbstractProblemLoader Init config took 2.72s 
32504      INFO  main            d.u.i.k.p.i.AbstractProblemLoader Replaying proof RecursiveMethod[RecursiveMethod::fac2(int)].JML normal_behavior operation contract.0 
32505      DEBUG main            d.u.i.k.p.i.IntermediateProofReplayer Proof replay took 5.9ns 
32708      INFO  main            d.u.i.k.p.r.p.TestFile    ... finished proof: closed. 
32887      INFO  main            d.u.i.k.p.i.AbstractProblemLoader Loading environment from /home/runner/work/key/key/key.core/../key.ui/examples/standard_key/java_dl/jml-assert/recursion-assume.key.proof 
32887      DEBUG main            d.u.i.k.p.i.AbstractProblemLoader Environment load took 118.9ns 
32889      INFO  main            d.u.i.k.p.i.AbstractProblemLoader Creating init config 
35473      DEBUG main            d.u.i.k.p.i.AbstractProblemLoader Init config took 2.58s 
35515      INFO  main            d.u.i.k.p.i.AbstractProblemLoader Replaying proof RecursiveMethod[RecursiveMethod::fac2(int)].JML normal_behavior operation contract.0 
35549      DEBUG main            d.u.i.k.p.i.IntermediateProofReplayer Proof replay took 31.55ms 
35550      DEBUG main            d.u.i.k.p.r.p.TestFile    ... success: reloaded. 
35552      INFO  main            d.u.i.k.p.r.p.TestFile    Now processing file /home/runner/work/key/key/key.core/../key.ui/examples/standard_key/java_dl/jml-assert/quantor-assert.key 
35552      INFO  main            d.u.i.k.p.i.AbstractProblemLoader Loading environment from /home/runner/work/key/key/key.core/../key.ui/examples/standard_key/java_dl/jml-assert/quantor-assert.key 
35552      DEBUG main            d.u.i.k.p.i.AbstractProblemLoader Environment load took 246.7ns 
35553      INFO  main            d.u.i.k.p.i.AbstractProblemLoader Creating init config 
38263      DEBUG main            d.u.i.k.p.i.AbstractProblemLoader Init config took 2.71s 
38307      INFO  main            d.u.i.k.p.i.AbstractProblemLoader Replaying proof Quantor[Quantor::square1(int)].JML normal_behavior operation contract.0 
38310      DEBUG main            d.u.i.k.p.i.IntermediateProofReplayer Proof replay took 6.3ns 
38413      INFO  main            d.u.i.k.p.r.p.TestFile    ... finished proof: closed. 
38585      INFO  main            d.u.i.k.p.i.AbstractProblemLoader Loading environment from /home/runner/work/key/key/key.core/../key.ui/examples/standard_key/java_dl/jml-assert/quantor-assert.key.proof 
38586      DEBUG main            d.u.i.k.p.i.AbstractProblemLoader Environment load took 120.4ns 
38587      INFO  main            d.u.i.k.p.i.AbstractProblemLoader Creating init config 
41143      DEBUG main            d.u.i.k.p.i.AbstractProblemLoader Init config took 2.56s 
41182      INFO  main            d.u.i.k.p.i.AbstractProblemLoader Replaying proof Quantor[Quantor::square1(int)].JML normal_behavior operation contract.0 
41198      DEBUG main            d.u.i.k.p.i.IntermediateProofReplayer Proof replay took 12.97ms 
41198      DEBUG main            d.u.i.k.p.r.p.TestFile    ... success: reloaded. 
41199      INFO  main            d.u.i.k.p.r.p.TestFile    Now processing file /home/runner/work/key/key/key.core/../key.ui/examples/standard_key/java_dl/jml-assert/quantor-assume.key 
41200      INFO  main            d.u.i.k.p.i.AbstractProblemLoader Loading environment from /home/runner/work/key/key/key.core/../key.ui/examples/standard_key/java_dl/jml-assert/quantor-assume.key 
41200      DEBUG main            d.u.i.k.p.i.AbstractProblemLoader Environment load took 97.5ns 
41200      INFO  main            d.u.i.k.p.i.AbstractProblemLoader Creating init config 
43837      DEBUG main            d.u.i.k.p.i.AbstractProblemLoader Init config took 2.64s 
43876      INFO  main            d.u.i.k.p.i.AbstractProblemLoader Replaying proof Quantor[Quantor::square2(int)].JML normal_behavior operation contract.0 
43878      DEBUG main            d.u.i.k.p.i.IntermediateProofReplayer Proof replay took 6.5ns 
43980      INFO  main            d.u.i.k.p.r.p.TestFile    ... finished proof: closed. 
44174      INFO  main            d.u.i.k.p.i.AbstractProblemLoader Loading environment from /home/runner/work/key/key/key.core/../key.ui/examples/standard_key/java_dl/jml-assert/quantor-assume.key.proof 
44174      DEBUG main            d.u.i.k.p.i.AbstractProblemLoader Environment load took 119.5ns 
44175      INFO  main            d.u.i.k.p.i.AbstractProblemLoader Creating init config 
46754      DEBUG main            d.u.i.k.p.i.AbstractProblemLoader Init config took 2.58s 
46793      INFO  main            d.u.i.k.p.i.AbstractProblemLoader Replaying proof Quantor[Quantor::square2(int)].JML normal_behavior operation contract.0 
46806      DEBUG main            d.u.i.k.p.i.IntermediateProofReplayer Proof replay took 11.57ms 
46807      DEBUG main            d.u.i.k.p.r.p.TestFile    ... success: reloaded. 
46808      INFO  main            d.u.i.k.p.r.p.TestFile    Now processing file /home/runner/work/key/key/key.core/../key.ui/examples/standard_key/java_dl/jml-assert/model-methods-static-static.key 
46808      INFO  main            d.u.i.k.p.i.AbstractProblemLoader Loading environment from /home/runner/work/key/key/key.core/../key.ui/examples/standard_key/java_dl/jml-assert/model-methods-static-static.key 
46808      DEBUG main            d.u.i.k.p.i.AbstractProblemLoader Environment load took 101.1ns 
46809      INFO  main            d.u.i.k.p.i.AbstractProblemLoader Creating init config 
49433      DEBUG main            d.u.i.k.p.i.AbstractProblemLoader Init config took 2.62s 
49470      INFO  main            d.u.i.k.p.i.AbstractProblemLoader Replaying proof ModelMethods[ModelMethods::test1()].JML normal_behavior operation contract.0 
49472      DEBUG main            d.u.i.k.p.i.IntermediateProofReplayer Proof replay took 6.6ns 
49574      INFO  main            d.u.i.k.p.r.p.TestFile    ... finished proof: closed. 
49783      INFO  main            d.u.i.k.p.i.AbstractProblemLoader Loading environment from /home/runner/work/key/key/key.core/../key.ui/examples/standard_key/java_dl/jml-assert/model-methods-static-static.key.proof 
49785      DEBUG main            d.u.i.k.p.i.AbstractProblemLoader Environment load took 1.66ms 
49786      INFO  main            d.u.i.k.p.i.AbstractProblemLoader Creating init config 
52315      DEBUG main            d.u.i.k.p.i.AbstractProblemLoader Init config took 2.53s 
52353      INFO  main            d.u.i.k.p.i.AbstractProblemLoader Replaying proof ModelMethods[ModelMethods::test1()].JML normal_behavior operation contract.0 
52361      DEBUG main            d.u.i.k.p.i.IntermediateProofReplayer Proof replay took 6.13ms 
52362      DEBUG main            d.u.i.k.p.r.p.TestFile    ... success: reloaded. 
52363      INFO  main            d.u.i.k.p.r.p.TestFile    Now processing file /home/runner/work/key/key/key.core/../key.ui/examples/standard_key/java_dl/jml-assert/model-methods-instance-static.key 
52363      INFO  main            d.u.i.k.p.i.AbstractProblemLoader Loading environment from /home/runner/work/key/key/key.core/../key.ui/examples/standard_key/java_dl/jml-assert/model-methods-instance-static.key 
52363      DEBUG main            d.u.i.k.p.i.AbstractProblemLoader Environment load took 58.2ns 
52364      INFO  main            d.u.i.k.p.i.AbstractProblemLoader Creating init config 
54999      DEBUG main            d.u.i.k.p.i.AbstractProblemLoader Init config took 2.64s 
55035      INFO  main            d.u.i.k.p.i.AbstractProblemLoader Replaying proof ModelMethods[ModelMethods::test2()].JML normal_behavior operation contract.0 
55037      DEBUG main            d.u.i.k.p.i.IntermediateProofReplayer Proof replay took 6.5ns 
55139      INFO  main            d.u.i.k.p.r.p.TestFile    ... finished proof: closed. 
55398      INFO  main            d.u.i.k.p.i.AbstractProblemLoader Loading environment from /home/runner/work/key/key/key.core/../key.ui/examples/standard_key/java_dl/jml-assert/model-methods-instance-static.key.proof 
55398      DEBUG main            d.u.i.k.p.i.AbstractProblemLoader Environment load took 120ns 
55399      INFO  main            d.u.i.k.p.i.AbstractProblemLoader Creating init config 
57958      DEBUG main            d.u.i.k.p.i.AbstractProblemLoader Init config took 2.56s 
58009      INFO  main            d.u.i.k.p.i.AbstractProblemLoader Replaying proof ModelMethods[ModelMethods::test2()].JML normal_behavior operation contract.0 
58020      DEBUG main            d.u.i.k.p.i.IntermediateProofReplayer Proof replay took 8.22ms 
58021      DEBUG main            d.u.i.k.p.r.p.TestFile    ... success: reloaded. 
58022      INFO  main            d.u.i.k.p.r.p.TestFile    Now processing file /home/runner/work/key/key/key.core/../key.ui/examples/standard_key/java_dl/jml-assert/model-methods-instance-instance.key 
58023      INFO  main            d.u.i.k.p.i.AbstractProblemLoader Loading environment from /home/runner/work/key/key/key.core/../key.ui/examples/standard_key/java_dl/jml-assert/model-methods-instance-instance.key 
58023      DEBUG main            d.u.i.k.p.i.AbstractProblemLoader Environment load took 230.4ns 
58024      INFO  main            d.u.i.k.p.i.AbstractProblemLoader Creating init config 
60633      DEBUG main            d.u.i.k.p.i.AbstractProblemLoader Init config took 2.61s 
60678      INFO  main            d.u.i.k.p.i.AbstractProblemLoader Replaying proof ModelMethods[ModelMethods::test3()].JML normal_behavior operation contract.0 
60680      DEBUG main            d.u.i.k.p.i.IntermediateProofReplayer Proof replay took 6.9ns 
60785      INFO  main            d.u.i.k.p.r.p.TestFile    ... finished proof: closed. 
60981      INFO  main            d.u.i.k.p.i.AbstractProblemLoader Loading environment from /home/runner/work/key/key/key.core/../key.ui/examples/standard_key/java_dl/jml-assert/model-methods-instance-instance.key.proof 
60981      DEBUG main            d.u.i.k.p.i.AbstractProblemLoader Environment load took 157.3ns 
60982      INFO  main            d.u.i.k.p.i.AbstractProblemLoader Creating init config 
63561      DEBUG main            d.u.i.k.p.i.AbstractProblemLoader Init config took 2.58s 
63609      INFO  main            d.u.i.k.p.i.AbstractProblemLoader Replaying proof ModelMethods[ModelMethods::test3()].JML normal_behavior operation contract.0 
63620      DEBUG main            d.u.i.k.p.i.IntermediateProofReplayer Proof replay took 9.36ms 
63621      DEBUG main            d.u.i.k.p.r.p.TestFile    ... success: reloaded. 
63622      INFO  main            d.u.i.k.p.r.p.TestFile    Now processing file /home/runner/work/key/key/key.core/../key.ui/examples/standard_key/java_dl/jml-assert/model-methods-static-instance.key 
63622      INFO  main            d.u.i.k.p.i.AbstractProblemLoader Loading environment from /home/runner/work/key/key/key.core/../key.ui/examples/standard_key/java_dl/jml-assert/model-methods-static-instance.key 
63622      DEBUG main            d.u.i.k.p.i.AbstractProblemLoader Environment load took 150.7ns 
63623      INFO  main            d.u.i.k.p.i.AbstractProblemLoader Creating init config 
66157      DEBUG main            d.u.i.k.p.i.AbstractProblemLoader Init config took 2.53s 
66209      INFO  main            d.u.i.k.p.i.AbstractProblemLoader Replaying proof ModelMethods[ModelMethods::test4()].JML normal_behavior operation contract.0 
66210      DEBUG main            d.u.i.k.p.i.IntermediateProofReplayer Proof replay took 6.2ns 
66317      INFO  main            d.u.i.k.p.r.p.TestFile    ... finished proof: closed. 
66539      INFO  main            d.u.i.k.p.i.AbstractProblemLoader Loading environment from /home/runner/work/key/key/key.core/../key.ui/examples/standard_key/java_dl/jml-assert/model-methods-static-instance.key.proof 
66539      DEBUG main            d.u.i.k.p.i.AbstractProblemLoader Environment load took 122.7ns 
66540      INFO  main            d.u.i.k.p.i.AbstractProblemLoader Creating init config 
69122      DEBUG main            d.u.i.k.p.i.AbstractProblemLoader Init config took 2.58s 
69161      INFO  main            d.u.i.k.p.i.AbstractProblemLoader Replaying proof ModelMethods[ModelMethods::test4()].JML normal_behavior operation contract.0 
69188      DEBUG main            d.u.i.k.p.i.IntermediateProofReplayer Proof replay took 25.03ms 
69189      DEBUG main            d.u.i.k.p.r.p.TestFile    ... success: reloaded. 
69190      INFO  main            d.u.i.k.p.r.p.TestFile    Now processing file /home/runner/work/key/key/key.core/../key.ui/examples/standard_key/java_dl/jml-assert/assert-old/inc-field.key 
69190      INFO  main            d.u.i.k.p.i.AbstractProblemLoader Loading environment from /home/runner/work/key/key/key.core/../key.ui/examples/standard_key/java_dl/jml-assert/assert-old/inc-field.key 
69190      DEBUG main            d.u.i.k.p.i.AbstractProblemLoader Environment load took 98.7ns 
69191      INFO  main            d.u.i.k.p.i.AbstractProblemLoader Creating init config 
71650      DEBUG main            d.u.i.k.p.i.AbstractProblemLoader Init config took 2.46s 
71684      INFO  main            d.u.i.k.p.i.AbstractProblemLoader Replaying proof Inc[Inc::inc_field()].JML normal_behavior operation contract.0 
71685      DEBUG main            d.u.i.k.p.i.IntermediateProofReplayer Proof replay took 6.7ns 
71890      INFO  main            d.u.i.k.p.r.p.TestFile    ... finished proof: closed. 
72092      INFO  main            d.u.i.k.p.i.AbstractProblemLoader Loading environment from /home/runner/work/key/key/key.core/../key.ui/examples/standard_key/java_dl/jml-assert/assert-old/inc-field.key.proof 
72093      DEBUG main            d.u.i.k.p.i.AbstractProblemLoader Environment load took 120.2ns 
72093      INFO  main            d.u.i.k.p.i.AbstractProblemLoader Creating init config 
74543      DEBUG main            d.u.i.k.p.i.AbstractProblemLoader Init config took 2.45s 
74577      INFO  main            d.u.i.k.p.i.AbstractProblemLoader Replaying proof Inc[Inc::inc_field()].JML normal_behavior operation contract.0 
74600      DEBUG main            d.u.i.k.p.i.IntermediateProofReplayer Proof replay took 21.81ms 
74601      DEBUG main            d.u.i.k.p.r.p.TestFile    ... success: reloaded. 
74602      INFO  main            d.u.i.k.p.r.p.TestFile    Now processing file /home/runner/work/key/key/key.core/../key.ui/examples/standard_key/java_dl/jml-assert/assert-old/inc-parameter.key 
74602      INFO  main            d.u.i.k.p.i.AbstractProblemLoader Loading environment from /home/runner/work/key/key/key.core/../key.ui/examples/standard_key/java_dl/jml-assert/assert-old/inc-parameter.key 
74602      DEBUG main            d.u.i.k.p.i.AbstractProblemLoader Environment load took 101.8ns 
74603      INFO  main            d.u.i.k.p.i.AbstractProblemLoader Creating init config 
77057      DEBUG main            d.u.i.k.p.i.AbstractProblemLoader Init config took 2.45s 
77096      INFO  main            d.u.i.k.p.i.AbstractProblemLoader Replaying proof Inc[Inc::inc_parameter(int)].JML normal_behavior operation contract.0 
77098      DEBUG main            d.u.i.k.p.i.IntermediateProofReplayer Proof replay took 6.4ns 
77200      INFO  main            d.u.i.k.p.r.p.TestFile    ... finished proof: closed. 
77448      INFO  main            d.u.i.k.p.i.AbstractProblemLoader Loading environment from /home/runner/work/key/key/key.core/../key.ui/examples/standard_key/java_dl/jml-assert/assert-old/inc-parameter.key.proof 
77448      DEBUG main            d.u.i.k.p.i.AbstractProblemLoader Environment load took 120.5ns 
77449      INFO  main            d.u.i.k.p.i.AbstractProblemLoader Creating init config 
79896      DEBUG main            d.u.i.k.p.i.AbstractProblemLoader Init config took 2.45s 
79934      INFO  main            d.u.i.k.p.i.AbstractProblemLoader Replaying proof Inc[Inc::inc_parameter(int)].JML normal_behavior operation contract.0 
79953      DEBUG main            d.u.i.k.p.i.IntermediateProofReplayer Proof replay took 16.18ms 
79954      DEBUG main            d.u.i.k.p.r.p.TestFile    ... success: reloaded. 
79956      INFO  main            d.u.i.k.p.r.p.TestFile    Now processing file /home/runner/work/key/key/key.core/../key.ui/examples/standard_key/java_dl/jml-assert/assert-old/inc-parameter-field.key 
79956      INFO  main            d.u.i.k.p.i.AbstractProblemLoader Loading environment from /home/runner/work/key/key/key.core/../key.ui/examples/standard_key/java_dl/jml-assert/assert-old/inc-parameter-field.key 
79956      DEBUG main            d.u.i.k.p.i.AbstractProblemLoader Environment load took 231.7ns 
79957      INFO  main            d.u.i.k.p.i.AbstractProblemLoader Creating init config 
82495      DEBUG main            d.u.i.k.p.i.AbstractProblemLoader Init config took 2.54s 
82527      INFO  main            d.u.i.k.p.i.AbstractProblemLoader Replaying proof Inc[Inc::inc_parameter_field(Inc)].JML normal_behavior operation contract.0 
82528      DEBUG main            d.u.i.k.p.i.IntermediateProofReplayer Proof replay took 7.3ns 
82633      INFO  main            d.u.i.k.p.r.p.TestFile    ... finished proof: closed. 
82866      INFO  main            d.u.i.k.p.i.AbstractProblemLoader Loading environment from /home/runner/work/key/key/key.core/../key.ui/examples/standard_key/java_dl/jml-assert/assert-old/inc-parameter-field.key.proof 
82866      DEBUG main            d.u.i.k.p.i.AbstractProblemLoader Environment load took 116.3ns 
82867      INFO  main            d.u.i.k.p.i.AbstractProblemLoader Creating init config 
85268      DEBUG main            d.u.i.k.p.i.AbstractProblemLoader Init config took 2.4s 
85300      INFO  main            d.u.i.k.p.i.AbstractProblemLoader Replaying proof Inc[Inc::inc_parameter_field(Inc)].JML normal_behavior operation contract.0 
85327      DEBUG main            d.u.i.k.p.i.IntermediateProofReplayer Proof replay took 24.79ms 
85328      DEBUG main            d.u.i.k.p.r.p.TestFile    ... success: reloaded. 
85329      INFO  main            d.u.i.k.p.r.p.TestFile    Now processing file /home/runner/work/key/key/key.core/../key.ui/examples/standard_key/java_dl/jml-assert/assert-old/inc-ghost-field.key 
85329      INFO  main            d.u.i.k.p.i.AbstractProblemLoader Loading environment from /home/runner/work/key/key/key.core/../key.ui/examples/standard_key/java_dl/jml-assert/assert-old/inc-ghost-field.key 
85329      DEBUG main            d.u.i.k.p.i.AbstractProblemLoader Environment load took 82.9ns 
85330      INFO  main            d.u.i.k.p.i.AbstractProblemLoader Creating init config 
87836      DEBUG main            d.u.i.k.p.i.AbstractProblemLoader Init config took 2.51s 
87868      INFO  main            d.u.i.k.p.i.AbstractProblemLoader Replaying proof Inc[Inc::inc_ghost_field()].JML normal_behavior operation contract.0 
87870      DEBUG main            d.u.i.k.p.i.IntermediateProofReplayer Proof replay took 7.3ns 
87974      INFO  main            d.u.i.k.p.r.p.TestFile    ... finished proof: closed. 
88207      INFO  main            d.u.i.k.p.i.AbstractProblemLoader Loading environment from /home/runner/work/key/key/key.core/../key.ui/examples/standard_key/java_dl/jml-assert/assert-old/inc-ghost-field.key.proof 
88208      DEBUG main            d.u.i.k.p.i.AbstractProblemLoader Environment load took 135.8ns 
88210      INFO  main            d.u.i.k.p.i.AbstractProblemLoader Creating init config 
90617      DEBUG main            d.u.i.k.p.i.AbstractProblemLoader Init config took 2.41s 
90653      INFO  main            d.u.i.k.p.i.AbstractProblemLoader Replaying proof Inc[Inc::inc_ghost_field()].JML normal_behavior operation contract.0 
90688      DEBUG main            d.u.i.k.p.i.IntermediateProofReplayer Proof replay took 33.58ms 
90689      DEBUG main            d.u.i.k.p.r.p.TestFile    ... success: reloaded. 
711812     INFO  Test worker     d.u.i.k.p.r.RunAllProofsTestUnit Returning from test jmlAsserts 
711813     INFO  Test worker     d.u.i.k.p.r.RunAllProofsTestUnit Running test javaCard 
361        INFO  Timeout watchdog d.u.i.k.p.r.p.ForkedTestFileRunner Timeout watcher launched (2000 secs.) 
368        WARN  main            d.u.i.k.s.ProofSettings   The settings in /home/runner/.key/proof-settings.props are *not* read. 
398        INFO  main            d.u.i.k.p.r.p.TestFile    Now processing file /home/runner/work/key/key/key.core/../key.ui/examples/heap/javacard/updateBalance0.key 
501        INFO  main            d.u.i.k.p.i.AbstractProblemLoader Loading environment from /home/runner/work/key/key/key.core/../key.ui/examples/heap/javacard/updateBalance0.key 
530        DEBUG main            d.u.i.k.p.i.AbstractProblemLoader Environment load took 2.13ms 
776        INFO  main            d.u.i.k.p.i.AbstractProblemLoader Creating init config 
1621       DEBUG main            d.u.i.k.j.TypeConverter   No LDT found for Meta 
1622       DEBUG main            d.u.i.k.j.TypeConverter   No LDT found for Meta 
1624       DEBUG main            d.u.i.k.j.TypeConverter   No LDT found for Meta 
1624       DEBUG main            d.u.i.k.j.TypeConverter   No LDT found for Meta 
2807       DEBUG main            d.u.i.k.j.TypeConverter   No LDT found for JavaBigintExpression 
6208       DEBUG main            d.u.i.k.p.i.AbstractProblemLoader Init config took 5.43s 
6353       INFO  main            d.u.i.k.p.i.AbstractProblemLoader Replaying proof Examples[Examples::updateBalance(short)].JML normal_behavior operation contract.0 
6391       DEBUG main            d.u.i.k.p.i.IntermediateProofReplayer Proof replay took 33.3ns 
7929       INFO  main            d.u.i.k.p.r.p.TestFile    ... finished proof: closed. 
8065       INFO  main            d.u.i.k.p.i.AbstractProblemLoader Loading environment from /home/runner/work/key/key/key.core/../key.ui/examples/heap/javacard/updateBalance0.key.proof 
8067       DEBUG main            d.u.i.k.p.i.AbstractProblemLoader Environment load took 2.3ms 
8069       INFO  main            d.u.i.k.p.i.AbstractProblemLoader Creating init config 
9835       DEBUG main            d.u.i.k.p.i.AbstractProblemLoader Init config took 1.77s 
9888       INFO  main            d.u.i.k.p.i.AbstractProblemLoader Replaying proof Examples[Examples::updateBalance(short)].JML normal_behavior operation contract.0 
10024      DEBUG main            d.u.i.k.p.i.IntermediateProofReplayer Proof replay took 128.01ms 
10035      DEBUG main            d.u.i.k.p.r.p.TestFile    ... success: reloaded. 
10040      INFO  main            d.u.i.k.p.r.p.TestFile    Now processing file /home/runner/work/key/key/key.core/../key.ui/examples/heap/javacard/updateBalance1.key 
10040      INFO  main            d.u.i.k.p.i.AbstractProblemLoader Loading environment from /home/runner/work/key/key/key.core/../key.ui/examples/heap/javacard/updateBalance1.key 
10041      DEBUG main            d.u.i.k.p.i.AbstractProblemLoader Environment load took 252.81ns 
10043      INFO  main            d.u.i.k.p.i.AbstractProblemLoader Creating init config 
11739      DEBUG main            d.u.i.k.p.i.AbstractProblemLoader Init config took 1.7s 
11789      INFO  main            d.u.i.k.p.i.AbstractProblemLoader Replaying proof Examples[Examples::updateBalance(short)].JML normal_behavior operation contract.1 
11792      DEBUG main            d.u.i.k.p.i.IntermediateProofReplayer Proof replay took 5.2ns 
12400      INFO  main            d.u.i.k.p.r.p.TestFile    ... finished proof: closed. 
12505      INFO  main            d.u.i.k.p.i.AbstractProblemLoader Loading environment from /home/runner/work/key/key/key.core/../key.ui/examples/heap/javacard/updateBalance1.key.proof 
12509      DEBUG main            d.u.i.k.p.i.AbstractProblemLoader Environment load took 3.65ms 
12511      INFO  main            d.u.i.k.p.i.AbstractProblemLoader Creating init config 
14161      DEBUG main            d.u.i.k.p.i.AbstractProblemLoader Init config took 1.65s 
14205      INFO  main            d.u.i.k.p.i.AbstractProblemLoader Replaying proof Examples[Examples::updateBalance(short)].JML normal_behavior operation contract.1 
14298      DEBUG main            d.u.i.k.p.i.IntermediateProofReplayer Proof replay took 89ms 
14300      DEBUG main            d.u.i.k.p.r.p.TestFile    ... success: reloaded. 
14303      INFO  main            d.u.i.k.p.r.p.TestFile    Now processing file /home/runner/work/key/key/key.core/../key.ui/examples/heap/javacard/setArray1.key 
14303      INFO  main            d.u.i.k.p.i.AbstractProblemLoader Loading environment from /home/runner/work/key/key/key.core/../key.ui/examples/heap/javacard/setArray1.key 
14303      DEBUG main            d.u.i.k.p.i.AbstractProblemLoader Environment load took 281.81ns 
14305      INFO  main            d.u.i.k.p.i.AbstractProblemLoader Creating init config 
15972      DEBUG main            d.u.i.k.p.i.AbstractProblemLoader Init config took 1.67s 
16025      INFO  main            d.u.i.k.p.i.AbstractProblemLoader Replaying proof Examples[Examples::setArray1([B)].JML normal_behavior operation contract.0 
16027      DEBUG main            d.u.i.k.p.i.IntermediateProofReplayer Proof replay took 6.7ns 
17032      INFO  main            d.u.i.k.p.r.p.TestFile    ... finished proof: closed. 
17176      INFO  main            d.u.i.k.p.i.AbstractProblemLoader Loading environment from /home/runner/work/key/key/key.core/../key.ui/examples/heap/javacard/setArray1.key.proof 
17178      DEBUG main            d.u.i.k.p.i.AbstractProblemLoader Environment load took 2.15ms 
17180      INFO  main            d.u.i.k.p.i.AbstractProblemLoader Creating init config 
18771      DEBUG main            d.u.i.k.p.i.AbstractProblemLoader Init config took 1.59s 
18821      INFO  main            d.u.i.k.p.i.AbstractProblemLoader Replaying proof Examples[Examples::setArray1([B)].JML normal_behavior operation contract.0 
18985      DEBUG main            d.u.i.k.p.i.IntermediateProofReplayer Proof replay took 155.97ms 
18989      DEBUG main            d.u.i.k.p.r.p.TestFile    ... success: reloaded. 
18991      INFO  main            d.u.i.k.p.r.p.TestFile    Now processing file /home/runner/work/key/key/key.core/../key.ui/examples/heap/javacard/setArray2.key 
18991      INFO  main            d.u.i.k.p.i.AbstractProblemLoader Loading environment from /home/runner/work/key/key/key.core/../key.ui/examples/heap/javacard/setArray2.key 
18992      DEBUG main            d.u.i.k.p.i.AbstractProblemLoader Environment load took 240.1ns 
18993      INFO  main            d.u.i.k.p.i.AbstractProblemLoader Creating init config 
20598      DEBUG main            d.u.i.k.p.i.AbstractProblemLoader Init config took 1.61s 
20637      INFO  main            d.u.i.k.p.i.AbstractProblemLoader Replaying proof Examples[Examples::setArray2([B)].JML normal_behavior operation contract.0 
20639      DEBUG main            d.u.i.k.p.i.IntermediateProofReplayer Proof replay took 6ns 
21645      INFO  main            d.u.i.k.p.r.p.TestFile    ... finished proof: closed. 
21781      INFO  main            d.u.i.k.p.i.AbstractProblemLoader Loading environment from /home/runner/work/key/key/key.core/../key.ui/examples/heap/javacard/setArray2.key.proof 
21781      DEBUG main            d.u.i.k.p.i.AbstractProblemLoader Environment load took 506.11ns 
21783      INFO  main            d.u.i.k.p.i.AbstractProblemLoader Creating init config 
23338      DEBUG main            d.u.i.k.p.i.AbstractProblemLoader Init config took 1.56s 
23376      INFO  main            d.u.i.k.p.i.AbstractProblemLoader Replaying proof Examples[Examples::setArray2([B)].JML normal_behavior operation contract.0 
23553      DEBUG main            d.u.i.k.p.i.IntermediateProofReplayer Proof replay took 172.03ms 
23556      DEBUG main            d.u.i.k.p.r.p.TestFile    ... success: reloaded. 
23558      INFO  main            d.u.i.k.p.r.p.TestFile    Now processing file /home/runner/work/key/key/key.core/../key.ui/examples/heap/javacard/arrayFillNonAtomic.key 
23558      INFO  main            d.u.i.k.p.i.AbstractProblemLoader Loading environment from /home/runner/work/key/key/key.core/../key.ui/examples/heap/javacard/arrayFillNonAtomic.key 
23558      DEBUG main            d.u.i.k.p.i.AbstractProblemLoader Environment load took 227.4ns 
23559      INFO  main            d.u.i.k.p.i.AbstractProblemLoader Creating init config 
25166      DEBUG main            d.u.i.k.p.i.AbstractProblemLoader Init config took 1.61s 
25220      INFO  main            d.u.i.k.p.i.AbstractProblemLoader Replaying proof javacard.framework.Util[javacard.framework.Util::arrayFillNonAtomic([B,short,short,byte)].JML behavior operation contract.0.transaction_inactive 
25222      DEBUG main            d.u.i.k.p.i.IntermediateProofReplayer Proof replay took 5.9ns 
26003      DEBUG Thread-13       d.u.i.k.l.o.ProgramSV     Match failed: Former match of  SchemaVariable incompatible with  the current match. 
26004      DEBUG Thread-13       d.u.i.k.l.o.ProgramSV     Match failed: Former match of  SchemaVariable incompatible with  the current match. 
27283      DEBUG Thread-13       d.u.i.k.l.o.ProgramSV     Match failed: Former match of  SchemaVariable incompatible with  the current match. 
27284      DEBUG Thread-13       d.u.i.k.l.o.ProgramSV     Match failed: Former match of  SchemaVariable incompatible with  the current match. 
28815      INFO  main            d.u.i.k.p.r.p.TestFile    ... finished proof: closed. 
28994      INFO  main            d.u.i.k.p.i.AbstractProblemLoader Loading environment from /home/runner/work/key/key/key.core/../key.ui/examples/heap/javacard/arrayFillNonAtomic.key.proof 
28994      DEBUG main            d.u.i.k.p.i.AbstractProblemLoader Environment load took 139.4ns 
29000      INFO  main            d.u.i.k.p.i.AbstractProblemLoader Creating init config 
30551      DEBUG main            d.u.i.k.p.i.AbstractProblemLoader Init config took 1.55s 
30614      INFO  main            d.u.i.k.p.i.AbstractProblemLoader Replaying proof javacard.framework.Util[javacard.framework.Util::arrayFillNonAtomic([B,short,short,byte)].JML behavior operation contract.0.transaction_inactive 
31225      DEBUG main            d.u.i.k.p.i.IntermediateProofReplayer Proof replay took 594.97ms 
31226      DEBUG main            d.u.i.k.p.r.p.TestFile    ... success: reloaded. 
31228      INFO  main            d.u.i.k.p.r.p.TestFile    Now processing file /home/runner/work/key/key/key.core/../key.ui/examples/heap/coincidence_count/project.key 
31228      INFO  main            d.u.i.k.p.i.AbstractProblemLoader Loading environment from /home/runner/work/key/key/key.core/../key.ui/examples/heap/coincidence_count/project.key 
31228      DEBUG main            d.u.i.k.p.i.AbstractProblemLoader Environment load took 236.8ns 
31229      INFO  main            d.u.i.k.p.i.AbstractProblemLoader Creating init config 
34693      DEBUG main            d.u.i.k.p.i.AbstractProblemLoader Init config took 3.46s 
34739      INFO  main            d.u.i.k.p.i.AbstractProblemLoader Replaying proof CC[CC::calcCoinIndex([I,[I)].JML normal_behavior operation contract.0 
34743      DEBUG main            d.u.i.k.p.i.IntermediateProofReplayer Proof replay took 6.4ns 
51699      INFO  main            d.u.i.k.p.r.p.TestFile    ... finished proof: closed. 
51983      INFO  main            d.u.i.k.p.i.AbstractProblemLoader Loading environment from /home/runner/work/key/key/key.core/../key.ui/examples/heap/coincidence_count/project.key.proof 
51983      DEBUG main            d.u.i.k.p.i.AbstractProblemLoader Environment load took 224.9ns 
51987      INFO  main            d.u.i.k.p.i.AbstractProblemLoader Creating init config 
54602      DEBUG main            d.u.i.k.p.i.AbstractProblemLoader Init config took 2.62s 
54659      INFO  main            d.u.i.k.p.i.AbstractProblemLoader Replaying proof CC[CC::calcCoinIndex([I,[I)].JML normal_behavior operation contract.0 
55377      DEBUG main            d.u.i.k.p.i.IntermediateProofReplayer Proof replay took 657.15ms 
55381      DEBUG main            d.u.i.k.p.r.p.TestFile    ... success: reloaded. 
55383      INFO  main            d.u.i.k.p.r.p.TestFile    Now processing file /home/runner/work/key/key/key.core/../key.ui/examples/heap/verifyThis11_1_Maximum/project.key 
55383      INFO  main            d.u.i.k.p.i.AbstractProblemLoader Loading environment from /home/runner/work/key/key/key.core/../key.ui/examples/heap/verifyThis11_1_Maximum/project.key 
55383      DEBUG main            d.u.i.k.p.i.AbstractProblemLoader Environment load took 102.4ns 
55384      INFO  main            d.u.i.k.p.i.AbstractProblemLoader Creating init config 
58009      DEBUG main            d.u.i.k.p.i.AbstractProblemLoader Init config took 2.62s 
58072      INFO  main            d.u.i.k.p.i.AbstractProblemLoader Replaying proof Maximum[Maximum::maxIndex([I)].JML normal_behavior operation contract.0 
58073      DEBUG main            d.u.i.k.p.i.IntermediateProofReplayer Proof replay took 7.2ns 
58978      INFO  main            d.u.i.k.p.r.p.TestFile    ... finished proof: closed. 
59218      INFO  main            d.u.i.k.p.i.AbstractProblemLoader Loading environment from /home/runner/work/key/key/key.core/../key.ui/examples/heap/verifyThis11_1_Maximum/project.key.proof 
59219      DEBUG main            d.u.i.k.p.i.AbstractProblemLoader Environment load took 477.41ns 
59220      INFO  main            d.u.i.k.p.i.AbstractProblemLoader Creating init config 
61722      DEBUG main            d.u.i.k.p.i.AbstractProblemLoader Init config took 2.5s 
61770      INFO  main            d.u.i.k.p.i.AbstractProblemLoader Replaying proof Maximum[Maximum::maxIndex([I)].JML normal_behavior operation contract.0 
61881      DEBUG main            d.u.i.k.p.i.IntermediateProofReplayer Proof replay took 105.93ms 
61883      DEBUG main            d.u.i.k.p.r.p.TestFile    ... success: reloaded. 
61884      INFO  main            d.u.i.k.p.r.p.TestFile    Now processing file /home/runner/work/key/key/key.core/../key.ui/examples/heap/fm12_01_LRS/lcp.key 
61884      INFO  main            d.u.i.k.p.i.AbstractProblemLoader Loading environment from /home/runner/work/key/key/key.core/../key.ui/examples/heap/fm12_01_LRS/lcp.key 
61884      DEBUG main            d.u.i.k.p.i.AbstractProblemLoader Environment load took 219.3ns 
61885      INFO  main            d.u.i.k.p.i.AbstractProblemLoader Creating init config 
65155      DEBUG main            d.u.i.k.p.i.AbstractProblemLoader Init config took 3.27s 
65210      INFO  main            d.u.i.k.p.i.AbstractProblemLoader Replaying proof LCP[LCP::lcp([I,int,int)].JML normal_behavior operation contract.0 
65212      DEBUG main            d.u.i.k.p.i.IntermediateProofReplayer Proof replay took 7.8ns 
66117      INFO  main            d.u.i.k.p.r.p.TestFile    ... finished proof: closed. 
66372      INFO  main            d.u.i.k.p.i.AbstractProblemLoader Loading environment from /home/runner/work/key/key/key.core/../key.ui/examples/heap/fm12_01_LRS/lcp.key.proof 
66372      DEBUG main            d.u.i.k.p.i.AbstractProblemLoader Environment load took 491.61ns 
66374      INFO  main            d.u.i.k.p.i.AbstractProblemLoader Creating init config 
69354      DEBUG main            d.u.i.k.p.i.AbstractProblemLoader Init config took 2.98s 
69434      INFO  main            d.u.i.k.p.i.AbstractProblemLoader Replaying proof LCP[LCP::lcp([I,int,int)].JML normal_behavior operation contract.0 
69594      DEBUG main            d.u.i.k.p.i.IntermediateProofReplayer Proof replay took 154.62ms 
69596      DEBUG main            d.u.i.k.p.r.p.TestFile    ... success: reloaded. 
69600      INFO  main            d.u.i.k.p.r.p.TestFile    Now processing file /home/runner/work/key/key/key.core/../key.ui/examples/heap/SemanticSlicing/project.key 
69600      INFO  main            d.u.i.k.p.i.AbstractProblemLoader Loading environment from /home/runner/work/key/key/key.core/../key.ui/examples/heap/SemanticSlicing/project.key 
69601      DEBUG main            d.u.i.k.p.i.AbstractProblemLoader Environment load took 264.5ns 
69603      INFO  main            d.u.i.k.p.i.AbstractProblemLoader Creating init config 
72307      DEBUG main            d.u.i.k.p.i.AbstractProblemLoader Init config took 2.7s 
72356      INFO  main            d.u.i.k.p.i.AbstractProblemLoader Replaying proof unsatcore_after.competition.postcond5.scope333.LRS[unsatcore_after.competition.postcond5.scope333.LRS::doLRS()].JML operation contract.0 
72358      DEBUG main            d.u.i.k.p.i.IntermediateProofReplayer Proof replay took 6.1ns 
76039      INFO  main            d.u.i.k.p.r.p.TestFile    ... finished proof: closed. 
76316      INFO  main            d.u.i.k.p.i.AbstractProblemLoader Loading environment from /home/runner/work/key/key/key.core/../key.ui/examples/heap/SemanticSlicing/project.key.proof 
76318      DEBUG main            d.u.i.k.p.i.AbstractProblemLoader Environment load took 1.62ms 
76320      INFO  main            d.u.i.k.p.i.AbstractProblemLoader Creating init config 
78960      DEBUG main            d.u.i.k.p.i.AbstractProblemLoader Init config took 2.64s 
79020      INFO  main            d.u.i.k.p.i.AbstractProblemLoader Replaying proof unsatcore_after.competition.postcond5.scope333.LRS[unsatcore_after.competition.postcond5.scope333.LRS::doLRS()].JML operation contract.0 
79592      DEBUG main            d.u.i.k.p.i.IntermediateProofReplayer Proof replay took 561.58ms 
79593      DEBUG main            d.u.i.k.p.r.p.TestFile    ... success: reloaded. 
79594      INFO  main            d.u.i.k.p.r.p.TestFile    Now processing file /home/runner/work/key/key/key.core/../key.ui/examples/heap/information_flow/ArrayList_contains.key 
79594      INFO  main            d.u.i.k.p.i.AbstractProblemLoader Loading environment from /home/runner/work/key/key/key.core/../key.ui/examples/heap/information_flow/ArrayList_contains.key 
79594      DEBUG main            d.u.i.k.p.i.AbstractProblemLoader Environment load took 81.7ns 
79595      INFO  main            d.u.i.k.p.i.AbstractProblemLoader Creating init config 
82403      DEBUG main            d.u.i.k.p.i.AbstractProblemLoader Init config took 2.81s 
82442      INFO  main            d.u.i.k.p.i.AbstractProblemLoader Replaying proof ArrayList[ArrayList::get(int)].JML normal_behavior operation contract.0 
82443      DEBUG main            d.u.i.k.p.i.IntermediateProofReplayer Proof replay took 6.7ns 
82750      INFO  main            d.u.i.k.p.r.p.TestFile    ... finished proof: closed. 
83006      INFO  main            d.u.i.k.p.i.AbstractProblemLoader Loading environment from /home/runner/work/key/key/key.core/../key.ui/examples/heap/information_flow/ArrayList_contains.key.proof 
83006      DEBUG main            d.u.i.k.p.i.AbstractProblemLoader Environment load took 123.9ns 
83007      INFO  main            d.u.i.k.p.i.AbstractProblemLoader Creating init config 
85751      DEBUG main            d.u.i.k.p.i.AbstractProblemLoader Init config took 2.74s 
85789      INFO  main            d.u.i.k.p.i.AbstractProblemLoader Replaying proof ArrayList[ArrayList::get(int)].JML normal_behavior operation contract.0 
85830      DEBUG main            d.u.i.k.p.i.IntermediateProofReplayer Proof replay took 38.19ms 
85830      DEBUG main            d.u.i.k.p.r.p.TestFile    ... success: reloaded. 
85831      INFO  main            d.u.i.k.p.r.p.TestFile    Now processing file /home/runner/work/key/key/key.core/../key.ui/examples/heap/information_flow/ArrayList_get.key 
85831      INFO  main            d.u.i.k.p.i.AbstractProblemLoader Loading environment from /home/runner/work/key/key/key.core/../key.ui/examples/heap/information_flow/ArrayList_get.key 
85832      DEBUG main            d.u.i.k.p.i.AbstractProblemLoader Environment load took 102.7ns 
85832      INFO  main            d.u.i.k.p.i.AbstractProblemLoader Creating init config 
88603      DEBUG main            d.u.i.k.p.i.AbstractProblemLoader Init config took 2.77s 
88640      INFO  main            d.u.i.k.p.i.AbstractProblemLoader Replaying proof ArrayList[ArrayList::contains(java.lang.Object)].JML normal_behavior operation contract.0 
88642      DEBUG main            d.u.i.k.p.i.IntermediateProofReplayer Proof replay took 6.7ns 
89446      INFO  main            d.u.i.k.p.r.p.TestFile    ... finished proof: closed. 
89757      INFO  main            d.u.i.k.p.i.AbstractProblemLoader Loading environment from /home/runner/work/key/key/key.core/../key.ui/examples/heap/information_flow/ArrayList_get.key.proof 
89757      DEBUG main            d.u.i.k.p.i.AbstractProblemLoader Environment load took 215.5ns 
89758      INFO  main            d.u.i.k.p.i.AbstractProblemLoader Creating init config 
92487      DEBUG main            d.u.i.k.p.i.AbstractProblemLoader Init config took 2.73s 
92532      INFO  main            d.u.i.k.p.i.AbstractProblemLoader Replaying proof ArrayList[ArrayList::contains(java.lang.Object)].JML normal_behavior operation contract.0 
92654      DEBUG main            d.u.i.k.p.i.IntermediateProofReplayer Proof replay took 117.21ms 
92656      DEBUG main            d.u.i.k.p.r.p.TestFile    ... success: reloaded. 
92657      INFO  main            d.u.i.k.p.r.p.TestFile    Now processing file /home/runner/work/key/key/key.core/../key.ui/examples/heap/information_flow/ArrayList_size.key 
92657      INFO  main            d.u.i.k.p.i.AbstractProblemLoader Loading environment from /home/runner/work/key/key/key.core/../key.ui/examples/heap/information_flow/ArrayList_size.key 
92658      DEBUG main            d.u.i.k.p.i.AbstractProblemLoader Environment load took 238.6ns 
92659      INFO  main            d.u.i.k.p.i.AbstractProblemLoader Creating init config 
95404      DEBUG main            d.u.i.k.p.i.AbstractProblemLoader Init config took 2.75s 
95440      INFO  main            d.u.i.k.p.i.AbstractProblemLoader Replaying proof ArrayList[ArrayList::size()].JML normal_behavior operation contract.0 
95441      DEBUG main            d.u.i.k.p.i.IntermediateProofReplayer Proof replay took 6.1ns 
95543      INFO  main            d.u.i.k.p.r.p.TestFile    ... finished proof: closed. 
95801      INFO  main            d.u.i.k.p.i.AbstractProblemLoader Loading environment from /home/runner/work/key/key/key.core/../key.ui/examples/heap/information_flow/ArrayList_size.key.proof 
95801      DEBUG main            d.u.i.k.p.i.AbstractProblemLoader Environment load took 126.4ns 
95802      INFO  main            d.u.i.k.p.i.AbstractProblemLoader Creating init config 
98498      DEBUG main            d.u.i.k.p.i.AbstractProblemLoader Init config took 2.7s 
98534      INFO  main            d.u.i.k.p.i.AbstractProblemLoader Replaying proof ArrayList[ArrayList::size()].JML normal_behavior operation contract.0 
98545      DEBUG main            d.u.i.k.p.i.IntermediateProofReplayer Proof replay took 9.91ms 
98546      DEBUG main            d.u.i.k.p.r.p.TestFile    ... success: reloaded. 
98547      INFO  main            d.u.i.k.p.r.p.TestFile    Now processing file /home/runner/work/key/key/key.core/../key.ui/examples/heap/information_flow/UpdateAbstraction_ex7_3_secure.key 
98547      INFO  main            d.u.i.k.p.i.AbstractProblemLoader Loading environment from /home/runner/work/key/key/key.core/../key.ui/examples/heap/information_flow/UpdateAbstraction_ex7_3_secure.key 
98547      DEBUG main            d.u.i.k.p.i.AbstractProblemLoader Environment load took 98.7ns 
98548      INFO  main            d.u.i.k.p.i.AbstractProblemLoader Creating init config 
101346     DEBUG main            d.u.i.k.p.i.AbstractProblemLoader Init config took 2.8s 
101383     INFO  main            d.u.i.k.p.i.AbstractProblemLoader Replaying proof UpdateAbstraction[UpdateAbstraction::ex7_3_secure()].JML operation contract.0 
101384     DEBUG main            d.u.i.k.p.i.IntermediateProofReplayer Proof replay took 6ns 
101586     INFO  main            d.u.i.k.p.r.p.TestFile    ... finished proof: closed. 
101850     INFO  main            d.u.i.k.p.i.AbstractProblemLoader Loading environment from /home/runner/work/key/key/key.core/../key.ui/examples/heap/information_flow/UpdateAbstraction_ex7_3_secure.key.proof 
101850     DEBUG main            d.u.i.k.p.i.AbstractProblemLoader Environment load took 125.8ns 
101852     INFO  main            d.u.i.k.p.i.AbstractProblemLoader Creating init config 
104540     DEBUG main            d.u.i.k.p.i.AbstractProblemLoader Init config took 2.69s 
104575     INFO  main            d.u.i.k.p.i.AbstractProblemLoader Replaying proof UpdateAbstraction[UpdateAbstraction::ex7_3_secure()].JML operation contract.0 
104598     DEBUG main            d.u.i.k.p.i.IntermediateProofReplayer Proof replay took 21.53ms 
104600     DEBUG main            d.u.i.k.p.r.p.TestFile    ... success: reloaded. 
104600     INFO  main            d.u.i.k.p.r.p.TestFile    Now processing file /home/runner/work/key/key/key.core/../key.ui/examples/heap/information_flow/UpdateAbstraction_ex7_4_secure.key 
104601     INFO  main            d.u.i.k.p.i.AbstractProblemLoader Loading environment from /home/runner/work/key/key/key.core/../key.ui/examples/heap/information_flow/UpdateAbstraction_ex7_4_secure.key 
104601     DEBUG main            d.u.i.k.p.i.AbstractProblemLoader Environment load took 215ns 
104612     INFO  main            d.u.i.k.p.i.AbstractProblemLoader Creating init config 
107318     DEBUG main            d.u.i.k.p.i.AbstractProblemLoader Init config took 2.71s 
107352     INFO  main            d.u.i.k.p.i.AbstractProblemLoader Replaying proof UpdateAbstraction[UpdateAbstraction::ex7_4_secure()].JML operation contract.0 
107353     DEBUG main            d.u.i.k.p.i.IntermediateProofReplayer Proof replay took 5.9ns 
107557     INFO  main            d.u.i.k.p.r.p.TestFile    ... finished proof: closed. 
107810     INFO  main            d.u.i.k.p.i.AbstractProblemLoader Loading environment from /home/runner/work/key/key/key.core/../key.ui/examples/heap/information_flow/UpdateAbstraction_ex7_4_secure.key.proof 
107811     DEBUG main            d.u.i.k.p.i.AbstractProblemLoader Environment load took 162.5ns 
107812     INFO  main            d.u.i.k.p.i.AbstractProblemLoader Creating init config 
110500     DEBUG main            d.u.i.k.p.i.AbstractProblemLoader Init config took 2.69s 
110535     INFO  main            d.u.i.k.p.i.AbstractProblemLoader Replaying proof UpdateAbstraction[UpdateAbstraction::ex7_4_secure()].JML operation contract.0 
110569     DEBUG main            d.u.i.k.p.i.IntermediateProofReplayer Proof replay took 32.55ms 
110570     DEBUG main            d.u.i.k.p.r.p.TestFile    ... success: reloaded. 
110571     INFO  main            d.u.i.k.p.r.p.TestFile    Now processing file /home/runner/work/key/key/key.core/../key.ui/examples/heap/information_flow/UpdateAbstraction_ex7_5_secure.key 
110572     INFO  main            d.u.i.k.p.i.AbstractProblemLoader Loading environment from /home/runner/work/key/key/key.core/../key.ui/examples/heap/information_flow/UpdateAbstraction_ex7_5_secure.key 
110572     DEBUG main            d.u.i.k.p.i.AbstractProblemLoader Environment load took 226.6ns 
110573     INFO  main            d.u.i.k.p.i.AbstractProblemLoader Creating init config 
113305     DEBUG main            d.u.i.k.p.i.AbstractProblemLoader Init config took 2.73s 
113339     INFO  main            d.u.i.k.p.i.AbstractProblemLoader Replaying proof UpdateAbstraction[UpdateAbstraction::ex7_5_secure()].JML operation contract.0 
113340     DEBUG main            d.u.i.k.p.i.IntermediateProofReplayer Proof replay took 6.2ns 
113444     INFO  main            d.u.i.k.p.r.p.TestFile    ... finished proof: closed. 
113715     INFO  main            d.u.i.k.p.i.AbstractProblemLoader Loading environment from /home/runner/work/key/key/key.core/../key.ui/examples/heap/information_flow/UpdateAbstraction_ex7_5_secure.key.proof 
113716     DEBUG main            d.u.i.k.p.i.AbstractProblemLoader Environment load took 139.8ns 
113716     INFO  main            d.u.i.k.p.i.AbstractProblemLoader Creating init config 
116402     DEBUG main            d.u.i.k.p.i.AbstractProblemLoader Init config took 2.69s 
116436     INFO  main            d.u.i.k.p.i.AbstractProblemLoader Replaying proof UpdateAbstraction[UpdateAbstraction::ex7_5_secure()].JML operation contract.0 
116451     DEBUG main            d.u.i.k.p.i.IntermediateProofReplayer Proof replay took 13.31ms 
116452     DEBUG main            d.u.i.k.p.r.p.TestFile    ... success: reloaded. 
116452     INFO  main            d.u.i.k.p.r.p.TestFile    Now processing file /home/runner/work/key/key/key.core/../key.ui/examples/heap/information_flow/UpdateAbstraction_ex7_6_secure.key 
116452     INFO  main            d.u.i.k.p.i.AbstractProblemLoader Loading environment from /home/runner/work/key/key/key.core/../key.ui/examples/heap/information_flow/UpdateAbstraction_ex7_6_secure.key 
116453     DEBUG main            d.u.i.k.p.i.AbstractProblemLoader Environment load took 101.1ns 
116453     INFO  main            d.u.i.k.p.i.AbstractProblemLoader Creating init config 
119228     DEBUG main            d.u.i.k.p.i.AbstractProblemLoader Init config took 2.77s 
119262     INFO  main            d.u.i.k.p.i.AbstractProblemLoader Replaying proof UpdateAbstraction[UpdateAbstraction::ex7_6_secure()].JML operation contract.0 
119263     DEBUG main            d.u.i.k.p.i.IntermediateProofReplayer Proof replay took 6.5ns 
119565     INFO  main            d.u.i.k.p.r.p.TestFile    ... finished proof: closed. 
119857     INFO  main            d.u.i.k.p.i.AbstractProblemLoader Loading environment from /home/runner/work/key/key/key.core/../key.ui/examples/heap/information_flow/UpdateAbstraction_ex7_6_secure.key.proof 
119858     DEBUG main            d.u.i.k.p.i.AbstractProblemLoader Environment load took 122.9ns 
119858     INFO  main            d.u.i.k.p.i.AbstractProblemLoader Creating init config 
122565     DEBUG main            d.u.i.k.p.i.AbstractProblemLoader Init config took 2.71s 
122599     INFO  main            d.u.i.k.p.i.AbstractProblemLoader Replaying proof UpdateAbstraction[UpdateAbstraction::ex7_6_secure()].JML operation contract.0 
122644     DEBUG main            d.u.i.k.p.i.IntermediateProofReplayer Proof replay took 43.02ms 
122645     DEBUG main            d.u.i.k.p.r.p.TestFile    ... success: reloaded. 
122646     INFO  main            d.u.i.k.p.r.p.TestFile    Now processing file /home/runner/work/key/key/key.core/../key.ui/examples/heap/information_flow/UpdateAbstraction_ex9_secure.key 
122646     INFO  main            d.u.i.k.p.i.AbstractProblemLoader Loading environment from /home/runner/work/key/key/key.core/../key.ui/examples/heap/information_flow/UpdateAbstraction_ex9_secure.key 
122646     DEBUG main            d.u.i.k.p.i.AbstractProblemLoader Environment load took 84.6ns 
122647     INFO  main            d.u.i.k.p.i.AbstractProblemLoader Creating init config 
125382     DEBUG main            d.u.i.k.p.i.AbstractProblemLoader Init config took 2.73s 
125418     INFO  main            d.u.i.k.p.i.AbstractProblemLoader Replaying proof UpdateAbstraction[UpdateAbstraction::ex9_secure()].JML operation contract.0 
125419     DEBUG main            d.u.i.k.p.i.IntermediateProofReplayer Proof replay took 6.9ns 
126323     INFO  main            d.u.i.k.p.r.p.TestFile    ... finished proof: closed. 
126640     INFO  main            d.u.i.k.p.i.AbstractProblemLoader Loading environment from /home/runner/work/key/key/key.core/../key.ui/examples/heap/information_flow/UpdateAbstraction_ex9_secure.key.proof 
126640     DEBUG main            d.u.i.k.p.i.AbstractProblemLoader Environment load took 122.4ns 
126641     INFO  main            d.u.i.k.p.i.AbstractProblemLoader Creating init config 
129318     DEBUG main            d.u.i.k.p.i.AbstractProblemLoader Init config took 2.68s 
129356     INFO  main            d.u.i.k.p.i.AbstractProblemLoader Replaying proof UpdateAbstraction[UpdateAbstraction::ex9_secure()].JML operation contract.0 
129508     DEBUG main            d.u.i.k.p.i.IntermediateProofReplayer Proof replay took 147.78ms 
129509     DEBUG main            d.u.i.k.p.r.p.TestFile    ... success: reloaded. 
841494     INFO  Test worker     d.u.i.k.p.r.RunAllProofsTestUnit Returning from test javaCard 
841495     INFO  Test worker     d.u.i.k.p.r.RunAllProofsTestUnit Running test list 
335        INFO  Timeout watchdog d.u.i.k.p.r.p.ForkedTestFileRunner Timeout watcher launched (2000 secs.) 
338        WARN  main            d.u.i.k.s.ProofSettings   The settings in /home/runner/.key/proof-settings.props are *not* read. 
383        INFO  main            d.u.i.k.p.r.p.TestFile    Now processing file /home/runner/work/key/key/key.core/../key.ui/examples/heap/list/ArrayList_add.key 
555        INFO  main            d.u.i.k.p.i.AbstractProblemLoader Loading environment from /home/runner/work/key/key/key.core/../key.ui/examples/heap/list/ArrayList_add.key 
571        DEBUG main            d.u.i.k.p.i.AbstractProblemLoader Environment load took 2.67ms 
782        INFO  main            d.u.i.k.p.i.AbstractProblemLoader Creating init config 
1680       DEBUG main            d.u.i.k.j.TypeConverter   No LDT found for Meta 
1681       DEBUG main            d.u.i.k.j.TypeConverter   No LDT found for Meta 
1682       DEBUG main            d.u.i.k.j.TypeConverter   No LDT found for Meta 
1682       DEBUG main            d.u.i.k.j.TypeConverter   No LDT found for Meta 
2915       DEBUG main            d.u.i.k.j.TypeConverter   No LDT found for JavaBigintExpression 
6080       DEBUG main            d.u.i.k.j.r.ClassPreparationMethodBuilder clPrepBuilder: Inner Class detected. Reject building class initialisation methods. 
8893       DEBUG main            d.u.i.k.p.i.AbstractProblemLoader Init config took 8.11s 
9027       INFO  main            d.u.i.k.p.i.AbstractProblemLoader Replaying proof ArrayList[List::add(java.lang.Object)].JML normal_behavior operation contract.0 
9059       DEBUG main            d.u.i.k.p.i.IntermediateProofReplayer Proof replay took 30.6ns 
14620      INFO  main            d.u.i.k.p.r.p.TestFile    ... finished proof: closed. 
14819      INFO  main            d.u.i.k.p.i.AbstractProblemLoader Loading environment from /home/runner/work/key/key/key.core/../key.ui/examples/heap/list/ArrayList_add.key.proof 
14824      DEBUG main            d.u.i.k.p.i.AbstractProblemLoader Environment load took 5.44ms 
14827      INFO  main            d.u.i.k.p.i.AbstractProblemLoader Creating init config 
15971      DEBUG main            d.u.i.k.j.r.ClassPreparationMethodBuilder clPrepBuilder: Inner Class detected. Reject building class initialisation methods. 
18218      DEBUG main            d.u.i.k.p.i.AbstractProblemLoader Init config took 3.39s 
18289      INFO  main            d.u.i.k.p.i.AbstractProblemLoader Replaying proof ArrayList[List::add(java.lang.Object)].JML normal_behavior operation contract.0 
18875      DEBUG main            d.u.i.k.p.i.IntermediateProofReplayer Proof replay took 548.13ms 
18885      DEBUG main            d.u.i.k.p.r.p.TestFile    ... success: reloaded. 
18887      INFO  main            d.u.i.k.p.r.p.TestFile    Now processing file /home/runner/work/key/key/key.core/../key.ui/examples/heap/list/ArrayList_ArrayList.key 
18888      INFO  main            d.u.i.k.p.i.AbstractProblemLoader Loading environment from /home/runner/work/key/key/key.core/../key.ui/examples/heap/list/ArrayList_ArrayList.key 
18888      DEBUG main            d.u.i.k.p.i.AbstractProblemLoader Environment load took 308.91ns 
18889      INFO  main            d.u.i.k.p.i.AbstractProblemLoader Creating init config 
20003      DEBUG main            d.u.i.k.j.r.ClassPreparationMethodBuilder clPrepBuilder: Inner Class detected. Reject building class initialisation methods. 
22162      DEBUG main            d.u.i.k.p.i.AbstractProblemLoader Init config took 3.27s 
22226      INFO  main            d.u.i.k.p.i.AbstractProblemLoader Replaying proof ArrayList[ArrayList::ArrayList()].JML normal_behavior operation contract.0 
22229      DEBUG main            d.u.i.k.p.i.IntermediateProofReplayer Proof replay took 16.2ns 
23635      INFO  main            d.u.i.k.p.r.p.TestFile    ... finished proof: closed. 
23815      INFO  main            d.u.i.k.p.i.AbstractProblemLoader Loading environment from /home/runner/work/key/key/key.core/../key.ui/examples/heap/list/ArrayList_ArrayList.key.proof 
23816      DEBUG main            d.u.i.k.p.i.AbstractProblemLoader Environment load took 521.01ns 
23818      INFO  main            d.u.i.k.p.i.AbstractProblemLoader Creating init config 
24820      DEBUG main            d.u.i.k.j.r.ClassPreparationMethodBuilder clPrepBuilder: Inner Class detected. Reject building class initialisation methods. 
26971      DEBUG main            d.u.i.k.p.i.AbstractProblemLoader Init config took 3.15s 
27040      INFO  main            d.u.i.k.p.i.AbstractProblemLoader Replaying proof ArrayList[ArrayList::ArrayList()].JML normal_behavior operation contract.0 
27209      DEBUG main            d.u.i.k.p.i.IntermediateProofReplayer Proof replay took 158.69ms 
27211      DEBUG main            d.u.i.k.p.r.p.TestFile    ... success: reloaded. 
27213      INFO  main            d.u.i.k.p.r.p.TestFile    Now processing file /home/runner/work/key/key/key.core/../key.ui/examples/heap/list/ArrayList_concatenate.key 
27213      INFO  main            d.u.i.k.p.i.AbstractProblemLoader Loading environment from /home/runner/work/key/key/key.core/../key.ui/examples/heap/list/ArrayList_concatenate.key 
27213      DEBUG main            d.u.i.k.p.i.AbstractProblemLoader Environment load took 242.2ns 
27215      INFO  main            d.u.i.k.p.i.AbstractProblemLoader Creating init config 
28289      DEBUG main            d.u.i.k.j.r.ClassPreparationMethodBuilder clPrepBuilder: Inner Class detected. Reject building class initialisation methods. 
30384      DEBUG main            d.u.i.k.p.i.AbstractProblemLoader Init config took 3.17s 
30440      INFO  main            d.u.i.k.p.i.AbstractProblemLoader Replaying proof ArrayList[List::concatenate(List)].JML normal_behavior operation contract.0 
30444      DEBUG main            d.u.i.k.p.i.IntermediateProofReplayer Proof replay took 7ns 
53327      INFO  main            d.u.i.k.p.r.p.TestFile    ... finished proof: closed. 
53580      INFO  main            d.u.i.k.p.i.AbstractProblemLoader Loading environment from /home/runner/work/key/key/key.core/../key.ui/examples/heap/list/ArrayList_concatenate.key.proof 
53581      DEBUG main            d.u.i.k.p.i.AbstractProblemLoader Environment load took 509.71ns 
53585      INFO  main            d.u.i.k.p.i.AbstractProblemLoader Creating init config 
54628      DEBUG main            d.u.i.k.j.r.ClassPreparationMethodBuilder clPrepBuilder: Inner Class detected. Reject building class initialisation methods. 
56735      DEBUG main            d.u.i.k.p.i.AbstractProblemLoader Init config took 3.15s 
56809      INFO  main            d.u.i.k.p.i.AbstractProblemLoader Replaying proof ArrayList[List::concatenate(List)].JML normal_behavior operation contract.0 
58360      DEBUG main            d.u.i.k.p.i.IntermediateProofReplayer Proof replay took 1.48s 
58364      DEBUG main            d.u.i.k.p.r.p.TestFile    ... success: reloaded. 
58366      INFO  main            d.u.i.k.p.r.p.TestFile    Now processing file /home/runner/work/key/key/key.core/../key.ui/examples/heap/list/ArrayList_contains_dep.key 
58366      INFO  main            d.u.i.k.p.i.AbstractProblemLoader Loading environment from /home/runner/work/key/key/key.core/../key.ui/examples/heap/list/ArrayList_contains_dep.key 
58366      DEBUG main            d.u.i.k.p.i.AbstractProblemLoader Environment load took 118.8ns 
58367      INFO  main            d.u.i.k.p.i.AbstractProblemLoader Creating init config 
59375      DEBUG main            d.u.i.k.j.r.ClassPreparationMethodBuilder clPrepBuilder: Inner Class detected. Reject building class initialisation methods. 
61485      DEBUG main            d.u.i.k.p.i.AbstractProblemLoader Init config took 3.12s 
61540      INFO  main            d.u.i.k.p.i.AbstractProblemLoader Replaying proof ArrayList[List::contains(java.lang.Object)].JML accessible clause.0 
61542      DEBUG main            d.u.i.k.p.i.IntermediateProofReplayer Proof replay took 5.6ns 
64151      INFO  main            d.u.i.k.p.r.p.TestFile    ... finished proof: closed. 
64372      INFO  main            d.u.i.k.p.i.AbstractProblemLoader Loading environment from /home/runner/work/key/key/key.core/../key.ui/examples/heap/list/ArrayList_contains_dep.key.proof 
64373      DEBUG main            d.u.i.k.p.i.AbstractProblemLoader Environment load took 480.91ns 
64375      INFO  main            d.u.i.k.p.i.AbstractProblemLoader Creating init config 
65392      DEBUG main            d.u.i.k.j.r.ClassPreparationMethodBuilder clPrepBuilder: Inner Class detected. Reject building class initialisation methods. 
67487      DEBUG main            d.u.i.k.p.i.AbstractProblemLoader Init config took 3.11s 
67539      INFO  main            d.u.i.k.p.i.AbstractProblemLoader Replaying proof ArrayList[List::contains(java.lang.Object)].JML accessible clause.0 
67828      DEBUG main            d.u.i.k.p.i.IntermediateProofReplayer Proof replay took 277.94ms 
67830      DEBUG main            d.u.i.k.p.r.p.TestFile    ... success: reloaded. 
67831      INFO  main            d.u.i.k.p.r.p.TestFile    Now processing file /home/runner/work/key/key/key.core/../key.ui/examples/heap/list/ArrayList_enlarge.key 
67832      INFO  main            d.u.i.k.p.i.AbstractProblemLoader Loading environment from /home/runner/work/key/key/key.core/../key.ui/examples/heap/list/ArrayList_enlarge.key 
67832      DEBUG main            d.u.i.k.p.i.AbstractProblemLoader Environment load took 224.5ns 
67833      INFO  main            d.u.i.k.p.i.AbstractProblemLoader Creating init config 
68827      DEBUG main            d.u.i.k.j.r.ClassPreparationMethodBuilder clPrepBuilder: Inner Class detected. Reject building class initialisation methods. 
70946      DEBUG main            d.u.i.k.p.i.AbstractProblemLoader Init config took 3.11s 
70998      INFO  main            d.u.i.k.p.i.AbstractProblemLoader Replaying proof ArrayList[ArrayList::enlarge()].JML normal_behavior operation contract.0 
71000      DEBUG main            d.u.i.k.p.i.IntermediateProofReplayer Proof replay took 7.1ns 
73307      INFO  main            d.u.i.k.p.r.p.TestFile    ... finished proof: closed. 
73512      INFO  main            d.u.i.k.p.i.AbstractProblemLoader Loading environment from /home/runner/work/key/key/key.core/../key.ui/examples/heap/list/ArrayList_enlarge.key.proof 
73514      DEBUG main            d.u.i.k.p.i.AbstractProblemLoader Environment load took 1.84ms 
73520      INFO  main            d.u.i.k.p.i.AbstractProblemLoader Creating init config 
74505      DEBUG main            d.u.i.k.j.r.ClassPreparationMethodBuilder clPrepBuilder: Inner Class detected. Reject building class initialisation methods. 
76624      DEBUG main            d.u.i.k.p.i.AbstractProblemLoader Init config took 3.1s 
76672      INFO  main            d.u.i.k.p.i.AbstractProblemLoader Replaying proof ArrayList[ArrayList::enlarge()].JML normal_behavior operation contract.0 
76968      DEBUG main            d.u.i.k.p.i.IntermediateProofReplayer Proof replay took 287.69ms 
76970      DEBUG main            d.u.i.k.p.r.p.TestFile    ... success: reloaded. 
76972      INFO  main            d.u.i.k.p.r.p.TestFile    Now processing file /home/runner/work/key/key/key.core/../key.ui/examples/heap/list/ArrayList_footprint.key 
76972      INFO  main            d.u.i.k.p.i.AbstractProblemLoader Loading environment from /home/runner/work/key/key/key.core/../key.ui/examples/heap/list/ArrayList_footprint.key 
76972      DEBUG main            d.u.i.k.p.i.AbstractProblemLoader Environment load took 231.4ns 
76974      INFO  main            d.u.i.k.p.i.AbstractProblemLoader Creating init config 
77947      DEBUG main            d.u.i.k.j.r.ClassPreparationMethodBuilder clPrepBuilder: Inner Class detected. Reject building class initialisation methods. 
80069      DEBUG main            d.u.i.k.p.i.AbstractProblemLoader Init config took 3.1s 
80122      INFO  main            d.u.i.k.p.i.AbstractProblemLoader Replaying proof List[List::$footprint()].JML accessible clause.0 
80124      DEBUG main            d.u.i.k.p.i.IntermediateProofReplayer Proof replay took 5.9ns 
80229      INFO  main            d.u.i.k.p.r.p.TestFile    ... finished proof: closed. 
80403      INFO  main            d.u.i.k.p.i.AbstractProblemLoader Loading environment from /home/runner/work/key/key/key.core/../key.ui/examples/heap/list/ArrayList_footprint.key.proof 
80404      DEBUG main            d.u.i.k.p.i.AbstractProblemLoader Environment load took 133.2ns 
80405      INFO  main            d.u.i.k.p.i.AbstractProblemLoader Creating init config 
81367      DEBUG main            d.u.i.k.j.r.ClassPreparationMethodBuilder clPrepBuilder: Inner Class detected. Reject building class initialisation methods. 
83438      DEBUG main            d.u.i.k.p.i.AbstractProblemLoader Init config took 3.03s 
83480      INFO  main            d.u.i.k.p.i.AbstractProblemLoader Replaying proof List[List::$footprint()].JML accessible clause.0 
83482      DEBUG main            d.u.i.k.p.i.IntermediateProofReplayer Proof replay took 864.62ns 
83483      DEBUG main            d.u.i.k.p.r.p.TestFile    ... success: reloaded. 
83484      INFO  main            d.u.i.k.p.r.p.TestFile    Now processing file /home/runner/work/key/key/key.core/../key.ui/examples/heap/list/ArrayList_get_dep.key 
83485      INFO  main            d.u.i.k.p.i.AbstractProblemLoader Loading environment from /home/runner/work/key/key/key.core/../key.ui/examples/heap/list/ArrayList_get_dep.key 
83485      DEBUG main            d.u.i.k.p.i.AbstractProblemLoader Environment load took 129.1ns 
83486      INFO  main            d.u.i.k.p.i.AbstractProblemLoader Creating init config 
84473      DEBUG main            d.u.i.k.j.r.ClassPreparationMethodBuilder clPrepBuilder: Inner Class detected. Reject building class initialisation methods. 
86546      DEBUG main            d.u.i.k.p.i.AbstractProblemLoader Init config took 3.06s 
86592      INFO  main            d.u.i.k.p.i.AbstractProblemLoader Replaying proof ArrayList[List::get(int)].JML accessible clause.0 
86593      DEBUG main            d.u.i.k.p.i.IntermediateProofReplayer Proof replay took 6.1ns 
87005      INFO  main            d.u.i.k.p.r.p.TestFile    ... finished proof: closed. 
87186      INFO  main            d.u.i.k.p.i.AbstractProblemLoader Loading environment from /home/runner/work/key/key/key.core/../key.ui/examples/heap/list/ArrayList_get_dep.key.proof 
87186      DEBUG main            d.u.i.k.p.i.AbstractProblemLoader Environment load took 126.8ns 
87191      INFO  main            d.u.i.k.p.i.AbstractProblemLoader Creating init config 
88147      DEBUG main            d.u.i.k.j.r.ClassPreparationMethodBuilder clPrepBuilder: Inner Class detected. Reject building class initialisation methods. 
90192      DEBUG main            d.u.i.k.p.i.AbstractProblemLoader Init config took 3s 
90240      INFO  main            d.u.i.k.p.i.AbstractProblemLoader Replaying proof ArrayList[List::get(int)].JML accessible clause.0 
90305      DEBUG main            d.u.i.k.p.i.IntermediateProofReplayer Proof replay took 61.79ms 
90306      WARN  main            d.u.i.k.p.r.p.TestFile    Replay exception de.uka.ilkd.key.proof.io.ProblemLoaderException: Error loading proof.
Line 400, goal 332, rule allLeft not available or not applicable in this context.
	at de.uka.ilkd.key.proof.io.IntermediateProofReplayer.reportError(IntermediateProofReplayer.java:813)
Caused by: de.uka.ilkd.key.util.parsing.BuildingException: Malformed origin string: "accessible @ file:/home/runner/work/key/key/key.ui/examples/heap/list/src/List.java:19"
(Well-formed origins have one of the following formats: "spec_type @ file <file name> @ line <line number>")
spec_type @ node <node number> (<rule name>)")
spec_type (implicit)")
 at <unknown>:1:10
	at de.uka.ilkd.key.nparser.builder.ExpressionBuilder.visitSingle_label(ExpressionBuilder.java:932)
Caused by: de.uka.ilkd.key.logic.label.TermLabelException: Malformed origin string: "accessible @ file:/home/runner/work/key/key/key.ui/examples/heap/list/src/List.java:19"
(Well-formed origins have one of the following formats: "spec_type @ file <file name> @ line <line number>")
spec_type @ node <node number> (<rule name>)")
spec_type (implicit)")

	at de.uka.ilkd.key.logic.label.OriginTermLabelFactory.parseOrigin(OriginTermLabelFactory.java:116)

90310      DEBUG main            d.u.i.k.p.r.p.TestFile    Exception java.lang.Exception: Exception while loading proof (see cause for details): /home/runner/work/key/key/key.core/../key.ui/examples/heap/list/ArrayList_get_dep.key.proof
	at de.uka.ilkd.key.proof.runallproofs.proofcollection.TestFile.reloadProof(TestFile.java:314)
Caused by: de.uka.ilkd.key.proof.io.ProblemLoaderException: Error loading proof.
Line 400, goal 332, rule allLeft not available or not applicable in this context.
	at de.uka.ilkd.key.proof.io.IntermediateProofReplayer.reportError(IntermediateProofReplayer.java:813)
Caused by: de.uka.ilkd.key.util.parsing.BuildingException: Malformed origin string: "accessible @ file:/home/runner/work/key/key/key.ui/examples/heap/list/src/List.java:19"
(Well-formed origins have one of the following formats: "spec_type @ file <file name> @ line <line number>")
spec_type @ node <node number> (<rule name>)")
spec_type (implicit)")
 at <unknown>:1:10
	at de.uka.ilkd.key.nparser.builder.ExpressionBuilder.visitSingle_label(ExpressionBuilder.java:932)
Caused by: de.uka.ilkd.key.logic.label.TermLabelException: Malformed origin string: "accessible @ file:/home/runner/work/key/key/key.ui/examples/heap/list/src/List.java:19"
(Well-formed origins have one of the following formats: "spec_type @ file <file name> @ line <line number>")
spec_type @ node <node number> (<rule name>)")
spec_type (implicit)")

	at de.uka.ilkd.key.logic.label.OriginTermLabelFactory.parseOrigin(OriginTermLabelFactory.java:116)

90313      WARN  main            d.u.i.k.p.r.p.ForkedTestFileRunner Run failed java.lang.Exception: Exception while loading proof (see cause for details): /home/runner/work/key/key/key.core/../key.ui/examples/heap/list/ArrayList_get_dep.key.proof
	at de.uka.ilkd.key.proof.runallproofs.proofcollection.TestFile.reloadProof(TestFile.java:314)
Caused by: de.uka.ilkd.key.proof.io.ProblemLoaderException: Error loading proof.
Line 400, goal 332, rule allLeft not available or not applicable in this context.
	at de.uka.ilkd.key.proof.io.IntermediateProofReplayer.reportError(IntermediateProofReplayer.java:813)
Caused by: de.uka.ilkd.key.util.parsing.BuildingException: Malformed origin string: "accessible @ file:/home/runner/work/key/key/key.ui/examples/heap/list/src/List.java:19"
(Well-formed origins have one of the following formats: "spec_type @ file <file name> @ line <line number>")
spec_type @ node <node number> (<rule name>)")
spec_type (implicit)")
 at <unknown>:1:10
	at de.uka.ilkd.key.nparser.builder.ExpressionBuilder.visitSingle_label(ExpressionBuilder.java:932)
Caused by: de.uka.ilkd.key.logic.label.TermLabelException: Malformed origin string: "accessible @ file:/home/runner/work/key/key/key.ui/examples/heap/list/src/List.java:19"
(Well-formed origins have one of the following formats: "spec_type @ file <file name> @ line <line number>")
spec_type @ node <node number> (<rule name>)")
spec_type (implicit)")

	at de.uka.ilkd.key.logic.label.OriginTermLabelFactory.parseOrigin(OriginTermLabelFactory.java:116)

90315      INFO  main            d.u.i.k.p.r.p.TestFile    Now processing file /home/runner/work/key/key/key.core/../key.ui/examples/heap/list/ArrayList_get_exceptional.key 
90315      INFO  main            d.u.i.k.p.i.AbstractProblemLoader Loading environment from /home/runner/work/key/key/key.core/../key.ui/examples/heap/list/ArrayList_get_exceptional.key 
90316      DEBUG main            d.u.i.k.p.i.AbstractProblemLoader Environment load took 305.31ns 
90317      INFO  main            d.u.i.k.p.i.AbstractProblemLoader Creating init config 
91318      DEBUG main            d.u.i.k.j.r.ClassPreparationMethodBuilder clPrepBuilder: Inner Class detected. Reject building class initialisation methods. 
93374      DEBUG main            d.u.i.k.p.i.AbstractProblemLoader Init config took 3.06s 
93421      INFO  main            d.u.i.k.p.i.AbstractProblemLoader Replaying proof ArrayList[List::get(int)].JML exceptional_behavior operation contract.0 
93423      DEBUG main            d.u.i.k.p.i.IntermediateProofReplayer Proof replay took 5.8ns 
94528      INFO  main            d.u.i.k.p.r.p.TestFile    ... finished proof: closed. 
94742      INFO  main            d.u.i.k.p.i.AbstractProblemLoader Loading environment from /home/runner/work/key/key/key.core/../key.ui/examples/heap/list/ArrayList_get_exceptional.key.proof 
94743      DEBUG main            d.u.i.k.p.i.AbstractProblemLoader Environment load took 507.41ns 
94747      INFO  main            d.u.i.k.p.i.AbstractProblemLoader Creating init config 
95709      DEBUG main            d.u.i.k.j.r.ClassPreparationMethodBuilder clPrepBuilder: Inner Class detected. Reject building class initialisation methods. 
97705      DEBUG main            d.u.i.k.p.i.AbstractProblemLoader Init config took 2.96s 
97751      INFO  main            d.u.i.k.p.i.AbstractProblemLoader Replaying proof ArrayList[List::get(int)].JML exceptional_behavior operation contract.0 
97907      DEBUG main            d.u.i.k.p.i.IntermediateProofReplayer Proof replay took 149.79ms 
97909      DEBUG main            d.u.i.k.p.r.p.TestFile    ... success: reloaded. 
97910      INFO  main            d.u.i.k.p.r.p.TestFile    Now processing file /home/runner/work/key/key/key.core/../key.ui/examples/heap/list/ArrayList_get_normal.key 
97910      INFO  main            d.u.i.k.p.i.AbstractProblemLoader Loading environment from /home/runner/work/key/key/key.core/../key.ui/examples/heap/list/ArrayList_get_normal.key 
97911      DEBUG main            d.u.i.k.p.i.AbstractProblemLoader Environment load took 246.1ns 
97912      INFO  main            d.u.i.k.p.i.AbstractProblemLoader Creating init config 
98876      DEBUG main            d.u.i.k.j.r.ClassPreparationMethodBuilder clPrepBuilder: Inner Class detected. Reject building class initialisation methods. 
100963     DEBUG main            d.u.i.k.p.i.AbstractProblemLoader Init config took 3.05s 
101008     INFO  main            d.u.i.k.p.i.AbstractProblemLoader Replaying proof ArrayList[List::get(int)].JML normal_behavior operation contract.0 
101009     DEBUG main            d.u.i.k.p.i.IntermediateProofReplayer Proof replay took 6.4ns 
101412     INFO  main            d.u.i.k.p.r.p.TestFile    ... finished proof: closed. 
101610     INFO  main            d.u.i.k.p.i.AbstractProblemLoader Loading environment from /home/runner/work/key/key/key.core/../key.ui/examples/heap/list/ArrayList_get_normal.key.proof 
101610     DEBUG main            d.u.i.k.p.i.AbstractProblemLoader Environment load took 694.21ns 
101612     INFO  main            d.u.i.k.p.i.AbstractProblemLoader Creating init config 
102576     DEBUG main            d.u.i.k.j.r.ClassPreparationMethodBuilder clPrepBuilder: Inner Class detected. Reject building class initialisation methods. 
104642     DEBUG main            d.u.i.k.p.i.AbstractProblemLoader Init config took 3.03s 
104688     INFO  main            d.u.i.k.p.i.AbstractProblemLoader Replaying proof ArrayList[List::get(int)].JML normal_behavior operation contract.0 
104757     DEBUG main            d.u.i.k.p.i.IntermediateProofReplayer Proof replay took 64.84ms 
104758     DEBUG main            d.u.i.k.p.r.p.TestFile    ... success: reloaded. 
104759     INFO  main            d.u.i.k.p.r.p.TestFile    Now processing file /home/runner/work/key/key/key.core/../key.ui/examples/heap/list/ArrayList_inv.key 
104760     INFO  main            d.u.i.k.p.i.AbstractProblemLoader Loading environment from /home/runner/work/key/key/key.core/../key.ui/examples/heap/list/ArrayList_inv.key 
104760     DEBUG main            d.u.i.k.p.i.AbstractProblemLoader Environment load took 220.4ns 
104761     INFO  main            d.u.i.k.p.i.AbstractProblemLoader Creating init config 
105726     DEBUG main            d.u.i.k.j.r.ClassPreparationMethodBuilder clPrepBuilder: Inner Class detected. Reject building class initialisation methods. 
107757     DEBUG main            d.u.i.k.p.i.AbstractProblemLoader Init config took 3s 
107802     INFO  main            d.u.i.k.p.i.AbstractProblemLoader Replaying proof ArrayList[java.lang.Object::<inv>()].JML accessible clause.0 
107803     DEBUG main            d.u.i.k.p.i.IntermediateProofReplayer Proof replay took 5.6ns 
108206     INFO  main            d.u.i.k.p.r.p.TestFile    ... finished proof: closed. 
108436     INFO  main            d.u.i.k.p.i.AbstractProblemLoader Loading environment from /home/runner/work/key/key/key.core/../key.ui/examples/heap/list/ArrayList_inv.key.proof 
108436     DEBUG main            d.u.i.k.p.i.AbstractProblemLoader Environment load took 119.9ns 
108437     INFO  main            d.u.i.k.p.i.AbstractProblemLoader Creating init config 
109380     DEBUG main            d.u.i.k.j.r.ClassPreparationMethodBuilder clPrepBuilder: Inner Class detected. Reject building class initialisation methods. 
111413     DEBUG main            d.u.i.k.p.i.AbstractProblemLoader Init config took 2.98s 
111457     INFO  main            d.u.i.k.p.i.AbstractProblemLoader Replaying proof ArrayList[java.lang.Object::<inv>()].JML accessible clause.0 
111490     DEBUG main            d.u.i.k.p.i.IntermediateProofReplayer Proof replay took 29.48ms 
111491     DEBUG main            d.u.i.k.p.r.p.TestFile    ... success: reloaded. 
111492     INFO  main            d.u.i.k.p.r.p.TestFile    Now processing file /home/runner/work/key/key/key.core/../key.ui/examples/heap/list/ArrayList_iterator.key 
111492     INFO  main            d.u.i.k.p.i.AbstractProblemLoader Loading environment from /home/runner/work/key/key/key.core/../key.ui/examples/heap/list/ArrayList_iterator.key 
111492     DEBUG main            d.u.i.k.p.i.AbstractProblemLoader Environment load took 58.2ns 
111493     INFO  main            d.u.i.k.p.i.AbstractProblemLoader Creating init config 
112460     DEBUG main            d.u.i.k.j.r.ClassPreparationMethodBuilder clPrepBuilder: Inner Class detected. Reject building class initialisation methods. 
114496     DEBUG main            d.u.i.k.p.i.AbstractProblemLoader Init config took 3s 
114540     INFO  main            d.u.i.k.p.i.AbstractProblemLoader Replaying proof ArrayList[List::iterator()].JML normal_behavior operation contract.0 
114542     DEBUG main            d.u.i.k.p.i.IntermediateProofReplayer Proof replay took 6ns 
115047     INFO  main            d.u.i.k.p.r.p.TestFile    ... finished proof: closed. 
115279     INFO  main            d.u.i.k.p.i.AbstractProblemLoader Loading environment from /home/runner/work/key/key/key.core/../key.ui/examples/heap/list/ArrayList_iterator.key.proof 
115280     DEBUG main            d.u.i.k.p.i.AbstractProblemLoader Environment load took 625.91ns 
115281     INFO  main            d.u.i.k.p.i.AbstractProblemLoader Creating init config 
116219     DEBUG main            d.u.i.k.j.r.ClassPreparationMethodBuilder clPrepBuilder: Inner Class detected. Reject building class initialisation methods. 
118264     DEBUG main            d.u.i.k.p.i.AbstractProblemLoader Init config took 2.98s 
118309     INFO  main            d.u.i.k.p.i.AbstractProblemLoader Replaying proof ArrayList[List::iterator()].JML normal_behavior operation contract.0 
118371     DEBUG main            d.u.i.k.p.i.IntermediateProofReplayer Proof replay took 58.2ms 
118372     DEBUG main            d.u.i.k.p.r.p.TestFile    ... success: reloaded. 
118373     INFO  main            d.u.i.k.p.r.p.TestFile    Now processing file /home/runner/work/key/key/key.core/../key.ui/examples/heap/list/ArrayList_size_dep.key 
118374     INFO  main            d.u.i.k.p.i.AbstractProblemLoader Loading environment from /home/runner/work/key/key/key.core/../key.ui/examples/heap/list/ArrayList_size_dep.key 
118374     DEBUG main            d.u.i.k.p.i.AbstractProblemLoader Environment load took 99.8ns 
118374     INFO  main            d.u.i.k.p.i.AbstractProblemLoader Creating init config 
119380     DEBUG main            d.u.i.k.j.r.ClassPreparationMethodBuilder clPrepBuilder: Inner Class detected. Reject building class initialisation methods. 
121399     DEBUG main            d.u.i.k.p.i.AbstractProblemLoader Init config took 3.02s 
121463     INFO  main            d.u.i.k.p.i.AbstractProblemLoader Replaying proof ArrayList[List::size()].JML accessible clause.0 
121465     DEBUG main            d.u.i.k.p.i.IntermediateProofReplayer Proof replay took 6.1ns 
121670     INFO  main            d.u.i.k.p.r.p.TestFile    ... finished proof: closed. 
121890     INFO  main            d.u.i.k.p.i.AbstractProblemLoader Loading environment from /home/runner/work/key/key/key.core/../key.ui/examples/heap/list/ArrayList_size_dep.key.proof 
121890     DEBUG main            d.u.i.k.p.i.AbstractProblemLoader Environment load took 125ns 
121891     INFO  main            d.u.i.k.p.i.AbstractProblemLoader Creating init config 
122831     DEBUG main            d.u.i.k.j.r.ClassPreparationMethodBuilder clPrepBuilder: Inner Class detected. Reject building class initialisation methods. 
124836     DEBUG main            d.u.i.k.p.i.AbstractProblemLoader Init config took 2.94s 
124880     INFO  main            d.u.i.k.p.i.AbstractProblemLoader Replaying proof ArrayList[List::size()].JML accessible clause.0 
124897     DEBUG main            d.u.i.k.p.i.IntermediateProofReplayer Proof replay took 15.23ms 
124898     DEBUG main            d.u.i.k.p.r.p.TestFile    ... success: reloaded. 
124900     INFO  main            d.u.i.k.p.r.p.TestFile    Now processing file /home/runner/work/key/key/key.core/../key.ui/examples/heap/list/ArrayList_size.key 
124900     INFO  main            d.u.i.k.p.i.AbstractProblemLoader Loading environment from /home/runner/work/key/key/key.core/../key.ui/examples/heap/list/ArrayList_size.key 
124900     DEBUG main            d.u.i.k.p.i.AbstractProblemLoader Environment load took 88.6ns 
124901     INFO  main            d.u.i.k.p.i.AbstractProblemLoader Creating init config 
125900     DEBUG main            d.u.i.k.j.r.ClassPreparationMethodBuilder clPrepBuilder: Inner Class detected. Reject building class initialisation methods. 
128009     DEBUG main            d.u.i.k.p.i.AbstractProblemLoader Init config took 3.11s 
128054     INFO  main            d.u.i.k.p.i.AbstractProblemLoader Replaying proof ArrayList[List::size()].JML normal_behavior operation contract.0 
128056     DEBUG main            d.u.i.k.p.i.IntermediateProofReplayer Proof replay took 6ns 
128258     INFO  main            d.u.i.k.p.r.p.TestFile    ... finished proof: closed. 
128493     INFO  main            d.u.i.k.p.i.AbstractProblemLoader Loading environment from /home/runner/work/key/key/key.core/../key.ui/examples/heap/list/ArrayList_size.key.proof 
128493     DEBUG main            d.u.i.k.p.i.AbstractProblemLoader Environment load took 135.1ns 
128494     INFO  main            d.u.i.k.p.i.AbstractProblemLoader Creating init config 
129435     DEBUG main            d.u.i.k.j.r.ClassPreparationMethodBuilder clPrepBuilder: Inner Class detected. Reject building class initialisation methods. 
131437     DEBUG main            d.u.i.k.p.i.AbstractProblemLoader Init config took 2.94s 
131504     INFO  main            d.u.i.k.p.i.AbstractProblemLoader Replaying proof ArrayList[List::size()].JML normal_behavior operation contract.0 
131534     DEBUG main            d.u.i.k.p.i.IntermediateProofReplayer Proof replay took 26.13ms 
131535     DEBUG main            d.u.i.k.p.r.p.TestFile    ... success: reloaded. 
131536     INFO  main            d.u.i.k.p.r.p.TestFile    Now processing file /home/runner/work/key/key/key.core/../key.ui/examples/heap/list/ArrayList.ArrayListIterator_ArrayListIterator.key 
131537     INFO  main            d.u.i.k.p.i.AbstractProblemLoader Loading environment from /home/runner/work/key/key/key.core/../key.ui/examples/heap/list/ArrayList.ArrayListIterator_ArrayListIterator.key 
131537     DEBUG main            d.u.i.k.p.i.AbstractProblemLoader Environment load took 109.3ns 
131538     INFO  main            d.u.i.k.p.i.AbstractProblemLoader Creating init config 
132534     DEBUG main            d.u.i.k.j.r.ClassPreparationMethodBuilder clPrepBuilder: Inner Class detected. Reject building class initialisation methods. 
134525     DEBUG main            d.u.i.k.p.i.AbstractProblemLoader Init config took 2.99s 
134600     INFO  main            d.u.i.k.p.i.AbstractProblemLoader Replaying proof ArrayList.ArrayListIterator[ArrayList.ArrayListIterator::ArrayListIterator(ArrayList)].JML normal_behavior operation contract.0 
134601     DEBUG main            d.u.i.k.p.i.IntermediateProofReplayer Proof replay took 5.7ns 
135205     INFO  main            d.u.i.k.p.r.p.TestFile    ... finished proof: closed. 
135463     INFO  main            d.u.i.k.p.i.AbstractProblemLoader Loading environment from /home/runner/work/key/key/key.core/../key.ui/examples/heap/list/ArrayList.ArrayListIterator_ArrayListIterator.key.proof 
135464     DEBUG main            d.u.i.k.p.i.AbstractProblemLoader Environment load took 624.51ns 
135465     INFO  main            d.u.i.k.p.i.AbstractProblemLoader Creating init config 
136403     DEBUG main            d.u.i.k.j.r.ClassPreparationMethodBuilder clPrepBuilder: Inner Class detected. Reject building class initialisation methods. 
138436     DEBUG main            d.u.i.k.p.i.AbstractProblemLoader Init config took 2.97s 
138489     INFO  main            d.u.i.k.p.i.AbstractProblemLoader Replaying proof ArrayList.ArrayListIterator[ArrayList.ArrayListIterator::ArrayListIterator(ArrayList)].JML normal_behavior operation contract.0 
138562     DEBUG main            d.u.i.k.p.i.IntermediateProofReplayer Proof replay took 67.85ms 
138563     DEBUG main            d.u.i.k.p.r.p.TestFile    ... success: reloaded. 
138564     INFO  main            d.u.i.k.p.r.p.TestFile    Now processing file /home/runner/work/key/key/key.core/../key.ui/examples/heap/list/ArrayList.ArrayListIterator_hasNext_dep.key 
138564     INFO  main            d.u.i.k.p.i.AbstractProblemLoader Loading environment from /home/runner/work/key/key/key.core/../key.ui/examples/heap/list/ArrayList.ArrayListIterator_hasNext_dep.key 
138564     DEBUG main            d.u.i.k.p.i.AbstractProblemLoader Environment load took 87.6ns 
138565     INFO  main            d.u.i.k.p.i.AbstractProblemLoader Creating init config 
139510     DEBUG main            d.u.i.k.j.r.ClassPreparationMethodBuilder clPrepBuilder: Inner Class detected. Reject building class initialisation methods. 
141528     DEBUG main            d.u.i.k.p.i.AbstractProblemLoader Init config took 2.96s 
141581     INFO  main            d.u.i.k.p.i.AbstractProblemLoader Replaying proof ArrayList.ArrayListIterator[ListIterator::hasNext()].JML accessible clause.0 
141583     DEBUG main            d.u.i.k.p.i.IntermediateProofReplayer Proof replay took 6.1ns 
141890     INFO  main            d.u.i.k.p.r.p.TestFile    ... finished proof: closed. 
142145     INFO  main            d.u.i.k.p.i.AbstractProblemLoader Loading environment from /home/runner/work/key/key/key.core/../key.ui/examples/heap/list/ArrayList.ArrayListIterator_hasNext_dep.key.proof 
142145     DEBUG main            d.u.i.k.p.i.AbstractProblemLoader Environment load took 140.4ns 
142146     INFO  main            d.u.i.k.p.i.AbstractProblemLoader Creating init config 
143078     DEBUG main            d.u.i.k.j.r.ClassPreparationMethodBuilder clPrepBuilder: Inner Class detected. Reject building class initialisation methods. 
145074     DEBUG main            d.u.i.k.p.i.AbstractProblemLoader Init config took 2.93s 
145125     INFO  main            d.u.i.k.p.i.AbstractProblemLoader Replaying proof ArrayList.ArrayListIterator[ListIterator::hasNext()].JML accessible clause.0 
145160     DEBUG main            d.u.i.k.p.i.IntermediateProofReplayer Proof replay took 32.29ms 
145162     DEBUG main            d.u.i.k.p.r.p.TestFile    ... success: reloaded. 
145163     INFO  main            d.u.i.k.p.r.p.TestFile    Now processing file /home/runner/work/key/key/key.core/../key.ui/examples/heap/list/ArrayList.ArrayListIterator_hasNext.key 
145164     INFO  main            d.u.i.k.p.i.AbstractProblemLoader Loading environment from /home/runner/work/key/key/key.core/../key.ui/examples/heap/list/ArrayList.ArrayListIterator_hasNext.key 
145164     DEBUG main            d.u.i.k.p.i.AbstractProblemLoader Environment load took 246ns 
145165     INFO  main            d.u.i.k.p.i.AbstractProblemLoader Creating init config 
146137     DEBUG main            d.u.i.k.j.r.ClassPreparationMethodBuilder clPrepBuilder: Inner Class detected. Reject building class initialisation methods. 
148201     DEBUG main            d.u.i.k.p.i.AbstractProblemLoader Init config took 3.04s 
148252     INFO  main            d.u.i.k.p.i.AbstractProblemLoader Replaying proof ArrayList.ArrayListIterator[ListIterator::hasNext()].JML normal_behavior operation contract.0 
148254     DEBUG main            d.u.i.k.p.i.IntermediateProofReplayer Proof replay took 5.4ns 
148656     INFO  main            d.u.i.k.p.r.p.TestFile    ... finished proof: closed. 
148889     INFO  main            d.u.i.k.p.i.AbstractProblemLoader Loading environment from /home/runner/work/key/key/key.core/../key.ui/examples/heap/list/ArrayList.ArrayListIterator_hasNext.key.proof 
148889     DEBUG main            d.u.i.k.p.i.AbstractProblemLoader Environment load took 119.5ns 
148890     INFO  main            d.u.i.k.p.i.AbstractProblemLoader Creating init config 
149849     DEBUG main            d.u.i.k.j.r.ClassPreparationMethodBuilder clPrepBuilder: Inner Class detected. Reject building class initialisation methods. 
151818     DEBUG main            d.u.i.k.p.i.AbstractProblemLoader Init config took 2.93s 
151880     INFO  main            d.u.i.k.p.i.AbstractProblemLoader Replaying proof ArrayList.ArrayListIterator[ListIterator::hasNext()].JML normal_behavior operation contract.0 
151916     DEBUG main            d.u.i.k.p.i.IntermediateProofReplayer Proof replay took 33.54ms 
151917     DEBUG main            d.u.i.k.p.r.p.TestFile    ... success: reloaded. 
151918     INFO  main            d.u.i.k.p.r.p.TestFile    Now processing file /home/runner/work/key/key/key.core/../key.ui/examples/heap/list/ArrayList.ArrayListIterator_inv.key 
151919     INFO  main            d.u.i.k.p.i.AbstractProblemLoader Loading environment from /home/runner/work/key/key/key.core/../key.ui/examples/heap/list/ArrayList.ArrayListIterator_inv.key 
151919     DEBUG main            d.u.i.k.p.i.AbstractProblemLoader Environment load took 117.2ns 
151920     INFO  main            d.u.i.k.p.i.AbstractProblemLoader Creating init config 
152872     DEBUG main            d.u.i.k.j.r.ClassPreparationMethodBuilder clPrepBuilder: Inner Class detected. Reject building class initialisation methods. 
154876     DEBUG main            d.u.i.k.p.i.AbstractProblemLoader Init config took 2.96s 
154927     INFO  main            d.u.i.k.p.i.AbstractProblemLoader Replaying proof ArrayList.ArrayListIterator[java.lang.Object::<inv>()].JML accessible clause.0 
154932     DEBUG main            d.u.i.k.p.i.IntermediateProofReplayer Proof replay took 5.1ns 
155937     INFO  main            d.u.i.k.p.r.p.TestFile    ... finished proof: closed. 
156205     INFO  main            d.u.i.k.p.i.AbstractProblemLoader Loading environment from /home/runner/work/key/key/key.core/../key.ui/examples/heap/list/ArrayList.ArrayListIterator_inv.key.proof 
156205     DEBUG main            d.u.i.k.p.i.AbstractProblemLoader Environment load took 147.2ns 
156206     INFO  main            d.u.i.k.p.i.AbstractProblemLoader Creating init config 
157144     DEBUG main            d.u.i.k.j.r.ClassPreparationMethodBuilder clPrepBuilder: Inner Class detected. Reject building class initialisation methods. 
159146     DEBUG main            d.u.i.k.p.i.AbstractProblemLoader Init config took 2.94s 
159196     INFO  main            d.u.i.k.p.i.AbstractProblemLoader Replaying proof ArrayList.ArrayListIterator[java.lang.Object::<inv>()].JML accessible clause.0 
159266     DEBUG main            d.u.i.k.p.i.IntermediateProofReplayer Proof replay took 65.85ms 
159267     DEBUG main            d.u.i.k.p.r.p.TestFile    ... success: reloaded. 
159268     INFO  main            d.u.i.k.p.r.p.TestFile    Now processing file /home/runner/work/key/key/key.core/../key.ui/examples/heap/list/ArrayList.ArrayListIterator_list.key 
159268     INFO  main            d.u.i.k.p.i.AbstractProblemLoader Loading environment from /home/runner/work/key/key/key.core/../key.ui/examples/heap/list/ArrayList.ArrayListIterator_list.key 
159268     DEBUG main            d.u.i.k.p.i.AbstractProblemLoader Environment load took 101.8ns 
159269     INFO  main            d.u.i.k.p.i.AbstractProblemLoader Creating init config 
160233     DEBUG main            d.u.i.k.j.r.ClassPreparationMethodBuilder clPrepBuilder: Inner Class detected. Reject building class initialisation methods. 
162276     DEBUG main            d.u.i.k.p.i.AbstractProblemLoader Init config took 3.01s 
162316     INFO  main            d.u.i.k.p.i.AbstractProblemLoader Replaying proof ListIterator[ListIterator::$list()].JML accessible clause.0 
162318     DEBUG main            d.u.i.k.p.i.IntermediateProofReplayer Proof replay took 5.9ns 
162420     INFO  main            d.u.i.k.p.r.p.TestFile    ... finished proof: closed. 
162670     INFO  main            d.u.i.k.p.i.AbstractProblemLoader Loading environment from /home/runner/work/key/key/key.core/../key.ui/examples/heap/list/ArrayList.ArrayListIterator_list.key.proof 
162670     DEBUG main            d.u.i.k.p.i.AbstractProblemLoader Environment load took 130.9ns 
162671     INFO  main            d.u.i.k.p.i.AbstractProblemLoader Creating init config 
163605     DEBUG main            d.u.i.k.j.r.ClassPreparationMethodBuilder clPrepBuilder: Inner Class detected. Reject building class initialisation methods. 
165585     DEBUG main            d.u.i.k.p.i.AbstractProblemLoader Init config took 2.91s 
165623     INFO  main            d.u.i.k.p.i.AbstractProblemLoader Replaying proof ListIterator[ListIterator::$list()].JML accessible clause.0 
165625     DEBUG main            d.u.i.k.p.i.IntermediateProofReplayer Proof replay took 755.01ns 
165626     DEBUG main            d.u.i.k.p.r.p.TestFile    ... success: reloaded. 
165627     INFO  main            d.u.i.k.p.r.p.TestFile    Now processing file /home/runner/work/key/key/key.core/../key.ui/examples/heap/list/ArrayList.ArrayListIterator_next_exceptional.key 
165627     INFO  main            d.u.i.k.p.i.AbstractProblemLoader Loading environment from /home/runner/work/key/key/key.core/../key.ui/examples/heap/list/ArrayList.ArrayListIterator_next_exceptional.key 
165627     DEBUG main            d.u.i.k.p.i.AbstractProblemLoader Environment load took 152.8ns 
165628     INFO  main            d.u.i.k.p.i.AbstractProblemLoader Creating init config 
166622     DEBUG main            d.u.i.k.j.r.ClassPreparationMethodBuilder clPrepBuilder: Inner Class detected. Reject building class initialisation methods. 
168662     DEBUG main            d.u.i.k.p.i.AbstractProblemLoader Init config took 3.03s 
168712     INFO  main            d.u.i.k.p.i.AbstractProblemLoader Replaying proof ArrayList.ArrayListIterator[ListIterator::next()].JML exceptional_behavior operation contract.0 
168713     DEBUG main            d.u.i.k.p.i.IntermediateProofReplayer Proof replay took 5.7ns 
169520     INFO  main            d.u.i.k.p.r.p.TestFile    ... finished proof: closed. 
169814     INFO  main            d.u.i.k.p.i.AbstractProblemLoader Loading environment from /home/runner/work/key/key/key.core/../key.ui/examples/heap/list/ArrayList.ArrayListIterator_next_exceptional.key.proof 
169815     DEBUG main            d.u.i.k.p.i.AbstractProblemLoader Environment load took 480.31ns 
169816     INFO  main            d.u.i.k.p.i.AbstractProblemLoader Creating init config 
170756     DEBUG main            d.u.i.k.j.r.ClassPreparationMethodBuilder clPrepBuilder: Inner Class detected. Reject building class initialisation methods. 
172724     DEBUG main            d.u.i.k.p.i.AbstractProblemLoader Init config took 2.91s 
172773     INFO  main            d.u.i.k.p.i.AbstractProblemLoader Replaying proof ArrayList.ArrayListIterator[ListIterator::next()].JML exceptional_behavior operation contract.0 
172883     DEBUG main            d.u.i.k.p.i.IntermediateProofReplayer Proof replay took 105.49ms 
172885     DEBUG main            d.u.i.k.p.r.p.TestFile    ... success: reloaded. 
172886     INFO  main            d.u.i.k.p.r.p.TestFile    Now processing file /home/runner/work/key/key/key.core/../key.ui/examples/heap/list/ArrayList.ArrayListIterator_next_normal.key 
172886     INFO  main            d.u.i.k.p.i.AbstractProblemLoader Loading environment from /home/runner/work/key/key/key.core/../key.ui/examples/heap/list/ArrayList.ArrayListIterator_next_normal.key 
172886     DEBUG main            d.u.i.k.p.i.AbstractProblemLoader Environment load took 96ns 
172887     INFO  main            d.u.i.k.p.i.AbstractProblemLoader Creating init config 
173845     DEBUG main            d.u.i.k.j.r.ClassPreparationMethodBuilder clPrepBuilder: Inner Class detected. Reject building class initialisation methods. 
175890     DEBUG main            d.u.i.k.p.i.AbstractProblemLoader Init config took 3s 
175940     INFO  main            d.u.i.k.p.i.AbstractProblemLoader Replaying proof ArrayList.ArrayListIterator[ListIterator::next()].JML normal_behavior operation contract.0 
175941     DEBUG main            d.u.i.k.p.i.IntermediateProofReplayer Proof replay took 5.5ns 
176846     INFO  main            d.u.i.k.p.r.p.TestFile    ... finished proof: closed. 
177120     INFO  main            d.u.i.k.p.i.AbstractProblemLoader Loading environment from /home/runner/work/key/key/key.core/../key.ui/examples/heap/list/ArrayList.ArrayListIterator_next_normal.key.proof 
177120     DEBUG main            d.u.i.k.p.i.AbstractProblemLoader Environment load took 892.12ns 
177122     INFO  main            d.u.i.k.p.i.AbstractProblemLoader Creating init config 
178063     DEBUG main            d.u.i.k.j.r.ClassPreparationMethodBuilder clPrepBuilder: Inner Class detected. Reject building class initialisation methods. 
180038     DEBUG main            d.u.i.k.p.i.AbstractProblemLoader Init config took 2.92s 
180104     INFO  main            d.u.i.k.p.i.AbstractProblemLoader Replaying proof ArrayList.ArrayListIterator[ListIterator::next()].JML normal_behavior operation contract.0 
180205     DEBUG main            d.u.i.k.p.i.IntermediateProofReplayer Proof replay took 96.95ms 
180208     DEBUG main            d.u.i.k.p.r.p.TestFile    ... success: reloaded. 
180209     INFO  main            d.u.i.k.p.r.p.TestFile    Now processing file /home/runner/work/key/key/key.core/../key.ui/examples/heap/list/ArrayList.ArrayListIterator_pos.key 
180209     INFO  main            d.u.i.k.p.i.AbstractProblemLoader Loading environment from /home/runner/work/key/key/key.core/../key.ui/examples/heap/list/ArrayList.ArrayListIterator_pos.key 
180209     DEBUG main            d.u.i.k.p.i.AbstractProblemLoader Environment load took 88.2ns 
180210     INFO  main            d.u.i.k.p.i.AbstractProblemLoader Creating init config 
181157     DEBUG main            d.u.i.k.j.r.ClassPreparationMethodBuilder clPrepBuilder: Inner Class detected. Reject building class initialisation methods. 
183209     DEBUG main            d.u.i.k.p.i.AbstractProblemLoader Init config took 3s 
183247     INFO  main            d.u.i.k.p.i.AbstractProblemLoader Replaying proof ListIterator[ListIterator::$pos()].JML accessible clause.0 
183248     DEBUG main            d.u.i.k.p.i.IntermediateProofReplayer Proof replay took 5.8ns 
183351     INFO  main            d.u.i.k.p.r.p.TestFile    ... finished proof: closed. 
183617     INFO  main            d.u.i.k.p.i.AbstractProblemLoader Loading environment from /home/runner/work/key/key/key.core/../key.ui/examples/heap/list/ArrayList.ArrayListIterator_pos.key.proof 
183617     DEBUG main            d.u.i.k.p.i.AbstractProblemLoader Environment load took 125ns 
183618     INFO  main            d.u.i.k.p.i.AbstractProblemLoader Creating init config 
184563     DEBUG main            d.u.i.k.j.r.ClassPreparationMethodBuilder clPrepBuilder: Inner Class detected. Reject building class initialisation methods. 
186537     DEBUG main            d.u.i.k.p.i.AbstractProblemLoader Init config took 2.92s 
186576     INFO  main            d.u.i.k.p.i.AbstractProblemLoader Replaying proof ListIterator[ListIterator::$pos()].JML accessible clause.0 
186578     DEBUG main            d.u.i.k.p.i.IntermediateProofReplayer Proof replay took 760.71ns 
186579     DEBUG main            d.u.i.k.p.r.p.TestFile    ... success: reloaded. 
186580     INFO  main            d.u.i.k.p.r.p.TestFile    Now processing file /home/runner/work/key/key/key.core/../key.ui/examples/heap/list/Client_m.key 
186580     INFO  main            d.u.i.k.p.i.AbstractProblemLoader Loading environment from /home/runner/work/key/key/key.core/../key.ui/examples/heap/list/Client_m.key 
186580     DEBUG main            d.u.i.k.p.i.AbstractProblemLoader Environment load took 86.5ns 
186581     INFO  main            d.u.i.k.p.i.AbstractProblemLoader Creating init config 
187540     DEBUG main            d.u.i.k.j.r.ClassPreparationMethodBuilder clPrepBuilder: Inner Class detected. Reject building class initialisation methods. 
189568     DEBUG main            d.u.i.k.p.i.AbstractProblemLoader Init config took 2.99s 
189607     INFO  main            d.u.i.k.p.i.AbstractProblemLoader Replaying proof Client[Client::m(List)].JML normal_behavior operation contract.0 
189609     DEBUG main            d.u.i.k.p.i.IntermediateProofReplayer Proof replay took 5.9ns 
189915     INFO  main            d.u.i.k.p.r.p.TestFile    ... finished proof: closed. 
190211     INFO  main            d.u.i.k.p.i.AbstractProblemLoader Loading environment from /home/runner/work/key/key/key.core/../key.ui/examples/heap/list/Client_m.key.proof 
190211     DEBUG main            d.u.i.k.p.i.AbstractProblemLoader Environment load took 122.1ns 
190212     INFO  main            d.u.i.k.p.i.AbstractProblemLoader Creating init config 
191155     DEBUG main            d.u.i.k.j.r.ClassPreparationMethodBuilder clPrepBuilder: Inner Class detected. Reject building class initialisation methods. 
193153     DEBUG main            d.u.i.k.p.i.AbstractProblemLoader Init config took 2.94s 
193201     INFO  main            d.u.i.k.p.i.AbstractProblemLoader Replaying proof Client[Client::m(List)].JML normal_behavior operation contract.0 
193256     DEBUG main            d.u.i.k.p.i.IntermediateProofReplayer Proof replay took 52.1ms 
193257     DEBUG main            d.u.i.k.p.r.p.TestFile    ... success: reloaded. 
193258     INFO  main            d.u.i.k.p.r.p.TestFile    Now processing file /home/runner/work/key/key/key.core/../key.ui/examples/heap/list/Client_n.key 
193259     INFO  main            d.u.i.k.p.i.AbstractProblemLoader Loading environment from /home/runner/work/key/key/key.core/../key.ui/examples/heap/list/Client_n.key 
193259     DEBUG main            d.u.i.k.p.i.AbstractProblemLoader Environment load took 79.3ns 
193260     INFO  main            d.u.i.k.p.i.AbstractProblemLoader Creating init config 
194244     DEBUG main            d.u.i.k.j.r.ClassPreparationMethodBuilder clPrepBuilder: Inner Class detected. Reject building class initialisation methods. 
196252     DEBUG main            d.u.i.k.p.i.AbstractProblemLoader Init config took 2.99s 
196291     INFO  main            d.u.i.k.p.i.AbstractProblemLoader Replaying proof Client[Client::n(List)].JML normal_behavior operation contract.0 
196293     DEBUG main            d.u.i.k.p.i.IntermediateProofReplayer Proof replay took 6.6ns 
196397     INFO  main            d.u.i.k.p.r.p.TestFile    ... finished proof: closed. 
196832     INFO  main            d.u.i.k.p.i.AbstractProblemLoader Loading environment from /home/runner/work/key/key/key.core/../key.ui/examples/heap/list/Client_n.key.proof 
196833     DEBUG main            d.u.i.k.p.i.AbstractProblemLoader Environment load took 114.4ns 
196834     INFO  main            d.u.i.k.p.i.AbstractProblemLoader Creating init config 
197766     DEBUG main            d.u.i.k.j.r.ClassPreparationMethodBuilder clPrepBuilder: Inner Class detected. Reject building class initialisation methods. 
199771     DEBUG main            d.u.i.k.p.i.AbstractProblemLoader Init config took 2.94s 
199810     INFO  main            d.u.i.k.p.i.AbstractProblemLoader Replaying proof Client[Client::n(List)].JML normal_behavior operation contract.0 
199827     DEBUG main            d.u.i.k.p.i.IntermediateProofReplayer Proof replay took 14.8ms 
199828     DEBUG main            d.u.i.k.p.r.p.TestFile    ... success: reloaded. 
199829     INFO  main            d.u.i.k.p.r.p.TestFile    Now processing file /home/runner/work/key/key/key.core/../key.ui/examples/heap/list/LinkedList_get_exceptional.key 
199829     INFO  main            d.u.i.k.p.i.AbstractProblemLoader Loading environment from /home/runner/work/key/key/key.core/../key.ui/examples/heap/list/LinkedList_get_exceptional.key 
199829     DEBUG main            d.u.i.k.p.i.AbstractProblemLoader Environment load took 62.4ns 
199830     INFO  main            d.u.i.k.p.i.AbstractProblemLoader Creating init config 
200775     DEBUG main            d.u.i.k.j.r.ClassPreparationMethodBuilder clPrepBuilder: Inner Class detected. Reject building class initialisation methods. 
202800     DEBUG main            d.u.i.k.p.i.AbstractProblemLoader Init config took 2.97s 
202864     INFO  main            d.u.i.k.p.i.AbstractProblemLoader Replaying proof LinkedList[List::get(int)].JML exceptional_behavior operation contract.0 
202865     DEBUG main            d.u.i.k.p.i.IntermediateProofReplayer Proof replay took 6.6ns 
204882     INFO  main            d.u.i.k.p.r.p.TestFile    ... finished proof: closed. 
205188     INFO  main            d.u.i.k.p.i.AbstractProblemLoader Loading environment from /home/runner/work/key/key/key.core/../key.ui/examples/heap/list/LinkedList_get_exceptional.key.proof 
205188     DEBUG main            d.u.i.k.p.i.AbstractProblemLoader Environment load took 243.41ns 
205189     INFO  main            d.u.i.k.p.i.AbstractProblemLoader Creating init config 
206125     DEBUG main            d.u.i.k.j.r.ClassPreparationMethodBuilder clPrepBuilder: Inner Class detected. Reject building class initialisation methods. 
208110     DEBUG main            d.u.i.k.p.i.AbstractProblemLoader Init config took 2.92s 
208154     INFO  main            d.u.i.k.p.i.AbstractProblemLoader Replaying proof LinkedList[List::get(int)].JML exceptional_behavior operation contract.0 
208372     DEBUG main            d.u.i.k.p.i.IntermediateProofReplayer Proof replay took 209.6ms 
208374     DEBUG main            d.u.i.k.p.r.p.TestFile    ... success: reloaded. 
208374     INFO  main            d.u.i.k.p.r.p.TestFile    Now processing file /home/runner/work/key/key/key.core/../key.ui/examples/heap/list/LinkedList_get_normal.key 
208375     INFO  main            d.u.i.k.p.i.AbstractProblemLoader Loading environment from /home/runner/work/key/key/key.core/../key.ui/examples/heap/list/LinkedList_get_normal.key 
208375     DEBUG main            d.u.i.k.p.i.AbstractProblemLoader Environment load took 95.2ns 
208376     INFO  main            d.u.i.k.p.i.AbstractProblemLoader Creating init config 
209373     DEBUG main            d.u.i.k.j.r.ClassPreparationMethodBuilder clPrepBuilder: Inner Class detected. Reject building class initialisation methods. 
211390     DEBUG main            d.u.i.k.p.i.AbstractProblemLoader Init config took 3.01s 
211433     INFO  main            d.u.i.k.p.i.AbstractProblemLoader Replaying proof LinkedList[List::get(int)].JML normal_behavior operation contract.0 
211435     DEBUG main            d.u.i.k.p.i.IntermediateProofReplayer Proof replay took 5.8ns 
217566     INFO  main            d.u.i.k.p.r.p.TestFile    ... finished proof: closed. 
218000     INFO  main            d.u.i.k.p.i.AbstractProblemLoader Loading environment from /home/runner/work/key/key/key.core/../key.ui/examples/heap/list/LinkedList_get_normal.key.proof 
218001     DEBUG main            d.u.i.k.p.i.AbstractProblemLoader Environment load took 219.1ns 
218003     INFO  main            d.u.i.k.p.i.AbstractProblemLoader Creating init config 
218960     DEBUG main            d.u.i.k.j.r.ClassPreparationMethodBuilder clPrepBuilder: Inner Class detected. Reject building class initialisation methods. 
220954     DEBUG main            d.u.i.k.p.i.AbstractProblemLoader Init config took 2.95s 
220997     INFO  main            d.u.i.k.p.i.AbstractProblemLoader Replaying proof LinkedList[List::get(int)].JML normal_behavior operation contract.0 
221369     DEBUG main            d.u.i.k.p.i.IntermediateProofReplayer Proof replay took 347.96ms 
221372     DEBUG main            d.u.i.k.p.r.p.TestFile    ... success: reloaded. 
221373     INFO  main            d.u.i.k.p.r.p.TestFile    Now processing file /home/runner/work/key/key/key.core/../key.ui/examples/heap/list/LinkedList_LinkedList.key 
221373     INFO  main            d.u.i.k.p.i.AbstractProblemLoader Loading environment from /home/runner/work/key/key/key.core/../key.ui/examples/heap/list/LinkedList_LinkedList.key 
221373     DEBUG main            d.u.i.k.p.i.AbstractProblemLoader Environment load took 91.8ns 
221374     INFO  main            d.u.i.k.p.i.AbstractProblemLoader Creating init config 
222360     DEBUG main            d.u.i.k.j.r.ClassPreparationMethodBuilder clPrepBuilder: Inner Class detected. Reject building class initialisation methods. 
224377     DEBUG main            d.u.i.k.p.i.AbstractProblemLoader Init config took 3s 
224419     INFO  main            d.u.i.k.p.i.AbstractProblemLoader Replaying proof LinkedList[LinkedList::LinkedList()].JML normal_behavior operation contract.0 
224421     DEBUG main            d.u.i.k.p.i.IntermediateProofReplayer Proof replay took 6.4ns 
224926     INFO  main            d.u.i.k.p.r.p.TestFile    ... finished proof: closed. 
225226     INFO  main            d.u.i.k.p.i.AbstractProblemLoader Loading environment from /home/runner/work/key/key/key.core/../key.ui/examples/heap/list/LinkedList_LinkedList.key.proof 
225227     DEBUG main            d.u.i.k.p.i.AbstractProblemLoader Environment load took 118.2ns 
225228     INFO  main            d.u.i.k.p.i.AbstractProblemLoader Creating init config 
226163     DEBUG main            d.u.i.k.j.r.ClassPreparationMethodBuilder clPrepBuilder: Inner Class detected. Reject building class initialisation methods. 
228138     DEBUG main            d.u.i.k.p.i.AbstractProblemLoader Init config took 2.91s 
228180     INFO  main            d.u.i.k.p.i.AbstractProblemLoader Replaying proof LinkedList[LinkedList::LinkedList()].JML normal_behavior operation contract.0 
228243     DEBUG main            d.u.i.k.p.i.IntermediateProofReplayer Proof replay took 59.86ms 
228244     DEBUG main            d.u.i.k.p.r.p.TestFile    ... success: reloaded. 
228245     INFO  main            d.u.i.k.p.r.p.TestFile    Now processing file /home/runner/work/key/key/key.core/../key.ui/examples/heap/list/LinkedList_size_dep.key 
228245     INFO  main            d.u.i.k.p.i.AbstractProblemLoader Loading environment from /home/runner/work/key/key/key.core/../key.ui/examples/heap/list/LinkedList_size_dep.key 
228245     DEBUG main            d.u.i.k.p.i.AbstractProblemLoader Environment load took 81.2ns 
228246     INFO  main            d.u.i.k.p.i.AbstractProblemLoader Creating init config 
229204     DEBUG main            d.u.i.k.j.r.ClassPreparationMethodBuilder clPrepBuilder: Inner Class detected. Reject building class initialisation methods. 
231204     DEBUG main            d.u.i.k.p.i.AbstractProblemLoader Init config took 2.96s 
231270     INFO  main            d.u.i.k.p.i.AbstractProblemLoader Replaying proof LinkedList[List::size()].JML accessible clause.0 
231271     DEBUG main            d.u.i.k.p.i.IntermediateProofReplayer Proof replay took 5.8ns 
231774     INFO  main            d.u.i.k.p.r.p.TestFile    ... finished proof: closed. 
232093     INFO  main            d.u.i.k.p.i.AbstractProblemLoader Loading environment from /home/runner/work/key/key/key.core/../key.ui/examples/heap/list/LinkedList_size_dep.key.proof 
232093     DEBUG main            d.u.i.k.p.i.AbstractProblemLoader Environment load took 130.6ns 
232094     INFO  main            d.u.i.k.p.i.AbstractProblemLoader Creating init config 
233034     DEBUG main            d.u.i.k.j.r.ClassPreparationMethodBuilder clPrepBuilder: Inner Class detected. Reject building class initialisation methods. 
234998     DEBUG main            d.u.i.k.p.i.AbstractProblemLoader Init config took 2.9s 
235062     INFO  main            d.u.i.k.p.i.AbstractProblemLoader Replaying proof LinkedList[List::size()].JML accessible clause.0 
235094     DEBUG main            d.u.i.k.p.i.IntermediateProofReplayer Proof replay took 29.09ms 
235096     DEBUG main            d.u.i.k.p.r.p.TestFile    ... success: reloaded. 
235097     INFO  main            d.u.i.k.p.r.p.TestFile    Now processing file /home/runner/work/key/key/key.core/../key.ui/examples/heap/list/LinkedList_size.key 
235097     INFO  main            d.u.i.k.p.i.AbstractProblemLoader Loading environment from /home/runner/work/key/key/key.core/../key.ui/examples/heap/list/LinkedList_size.key 
235097     DEBUG main            d.u.i.k.p.i.AbstractProblemLoader Environment load took 204.7ns 
235098     INFO  main            d.u.i.k.p.i.AbstractProblemLoader Creating init config 
236053     DEBUG main            d.u.i.k.j.r.ClassPreparationMethodBuilder clPrepBuilder: Inner Class detected. Reject building class initialisation methods. 
238068     DEBUG main            d.u.i.k.p.i.AbstractProblemLoader Init config took 2.97s 
238110     INFO  main            d.u.i.k.p.i.AbstractProblemLoader Replaying proof LinkedList[List::size()].JML normal_behavior operation contract.0 
238112     DEBUG main            d.u.i.k.p.i.IntermediateProofReplayer Proof replay took 6.5ns 
238514     INFO  main            d.u.i.k.p.r.p.TestFile    ... finished proof: closed. 
238849     INFO  main            d.u.i.k.p.i.AbstractProblemLoader Loading environment from /home/runner/work/key/key/key.core/../key.ui/examples/heap/list/LinkedList_size.key.proof 
238849     DEBUG main            d.u.i.k.p.i.AbstractProblemLoader Environment load took 138.7ns 
238850     INFO  main            d.u.i.k.p.i.AbstractProblemLoader Creating init config 
239783     DEBUG main            d.u.i.k.j.r.ClassPreparationMethodBuilder clPrepBuilder: Inner Class detected. Reject building class initialisation methods. 
241754     DEBUG main            d.u.i.k.p.i.AbstractProblemLoader Init config took 2.9s 
241796     INFO  main            d.u.i.k.p.i.AbstractProblemLoader Replaying proof LinkedList[List::size()].JML normal_behavior operation contract.0 
241824     DEBUG main            d.u.i.k.p.i.IntermediateProofReplayer Proof replay took 26.14ms 
241825     DEBUG main            d.u.i.k.p.r.p.TestFile    ... success: reloaded. 
241826     INFO  main            d.u.i.k.p.r.p.TestFile    Now processing file /home/runner/work/key/key/key.core/../key.ui/examples/heap/list/MySet_footprint.key 
241826     INFO  main            d.u.i.k.p.i.AbstractProblemLoader Loading environment from /home/runner/work/key/key/key.core/../key.ui/examples/heap/list/MySet_footprint.key 
241826     DEBUG main            d.u.i.k.p.i.AbstractProblemLoader Environment load took 47.3ns 
241827     INFO  main            d.u.i.k.p.i.AbstractProblemLoader Creating init config 
242772     DEBUG main            d.u.i.k.j.r.ClassPreparationMethodBuilder clPrepBuilder: Inner Class detected. Reject building class initialisation methods. 
244791     DEBUG main            d.u.i.k.p.i.AbstractProblemLoader Init config took 2.96s 
244836     INFO  main            d.u.i.k.p.i.AbstractProblemLoader Replaying proof MySet[MySet::$footprint()].JML accessible clause.0 
244838     DEBUG main            d.u.i.k.p.i.IntermediateProofReplayer Proof replay took 6.9ns 
245140     INFO  main            d.u.i.k.p.r.p.TestFile    ... finished proof: closed. 
245486     INFO  main            d.u.i.k.p.i.AbstractProblemLoader Loading environment from /home/runner/work/key/key/key.core/../key.ui/examples/heap/list/MySet_footprint.key.proof 
245487     DEBUG main            d.u.i.k.p.i.AbstractProblemLoader Environment load took 115.1ns 
245487     INFO  main            d.u.i.k.p.i.AbstractProblemLoader Creating init config 
246419     DEBUG main            d.u.i.k.j.r.ClassPreparationMethodBuilder clPrepBuilder: Inner Class detected. Reject building class initialisation methods. 
248387     DEBUG main            d.u.i.k.p.i.AbstractProblemLoader Init config took 2.9s 
248432     INFO  main            d.u.i.k.p.i.AbstractProblemLoader Replaying proof MySet[MySet::$footprint()].JML accessible clause.0 
248453     DEBUG main            d.u.i.k.p.i.IntermediateProofReplayer Proof replay took 18.87ms 
248454     DEBUG main            d.u.i.k.p.r.p.TestFile    ... success: reloaded. 
248455     INFO  main            d.u.i.k.p.r.p.TestFile    Now processing file /home/runner/work/key/key/key.core/../key.ui/examples/heap/list/MySet_MySet.key 
248455     INFO  main            d.u.i.k.p.i.AbstractProblemLoader Loading environment from /home/runner/work/key/key/key.core/../key.ui/examples/heap/list/MySet_MySet.key 
248455     DEBUG main            d.u.i.k.p.i.AbstractProblemLoader Environment load took 140.9ns 
248456     INFO  main            d.u.i.k.p.i.AbstractProblemLoader Creating init config 
249404     DEBUG main            d.u.i.k.j.r.ClassPreparationMethodBuilder clPrepBuilder: Inner Class detected. Reject building class initialisation methods. 
251410     DEBUG main            d.u.i.k.p.i.AbstractProblemLoader Init config took 2.95s 
251455     INFO  main            d.u.i.k.p.i.AbstractProblemLoader Replaying proof MySet[MySet::MySet()].JML normal_behavior operation contract.0 
251456     DEBUG main            d.u.i.k.p.i.IntermediateProofReplayer Proof replay took 6.4ns 
253793     INFO  main            d.u.i.k.p.r.p.TestFile    ... finished proof: closed. 
254147     INFO  main            d.u.i.k.p.i.AbstractProblemLoader Loading environment from /home/runner/work/key/key/key.core/../key.ui/examples/heap/list/MySet_MySet.key.proof 
254148     DEBUG main            d.u.i.k.p.i.AbstractProblemLoader Environment load took 703.21ns 
254150     INFO  main            d.u.i.k.p.i.AbstractProblemLoader Creating init config 
255092     DEBUG main            d.u.i.k.j.r.ClassPreparationMethodBuilder clPrepBuilder: Inner Class detected. Reject building class initialisation methods. 
257083     DEBUG main            d.u.i.k.p.i.AbstractProblemLoader Init config took 2.93s 
257128     INFO  main            d.u.i.k.p.i.AbstractProblemLoader Replaying proof MySet[MySet::MySet()].JML normal_behavior operation contract.0 
257389     DEBUG main            d.u.i.k.p.i.IntermediateProofReplayer Proof replay took 249.03ms 
257391     DEBUG main            d.u.i.k.p.r.p.TestFile    ... success: reloaded. 
1099085    INFO  Test worker     d.u.i.k.p.r.RunAllProofsTestUnit Running test list_ghost 
529        INFO  Timeout watchdog d.u.i.k.p.r.p.ForkedTestFileRunner Timeout watcher launched (2000 secs.) 
565        WARN  main            d.u.i.k.s.ProofSettings   The settings in /home/runner/.key/proof-settings.props are *not* read. 
607        INFO  main            d.u.i.k.p.r.p.TestFile    Now processing file /home/runner/work/key/key/key.core/../key.ui/examples/heap/list_ghost/ArrayList_add.key 
732        INFO  main            d.u.i.k.p.i.AbstractProblemLoader Loading environment from /home/runner/work/key/key/key.core/../key.ui/examples/heap/list_ghost/ArrayList_add.key 
752        DEBUG main            d.u.i.k.p.i.AbstractProblemLoader Environment load took 2.1ms 
990        INFO  main            d.u.i.k.p.i.AbstractProblemLoader Creating init config 
1896       DEBUG main            d.u.i.k.j.TypeConverter   No LDT found for Meta 
1896       DEBUG main            d.u.i.k.j.TypeConverter   No LDT found for Meta 
1900       DEBUG main            d.u.i.k.j.TypeConverter   No LDT found for Meta 
1900       DEBUG main            d.u.i.k.j.TypeConverter   No LDT found for Meta 
3248       DEBUG main            d.u.i.k.j.TypeConverter   No LDT found for JavaBigintExpression 
8443       DEBUG main            d.u.i.k.p.i.AbstractProblemLoader Init config took 7.45s 
8624       INFO  main            d.u.i.k.p.i.AbstractProblemLoader Replaying proof ArrayList[List::add(java.lang.Object)].JML normal_behavior operation contract.0 
8665       DEBUG main            d.u.i.k.p.i.IntermediateProofReplayer Proof replay took 34.4ns 
13628      INFO  main            d.u.i.k.p.r.p.TestFile    ... finished proof: closed. 
13800      INFO  main            d.u.i.k.p.i.AbstractProblemLoader Loading environment from /home/runner/work/key/key/key.core/../key.ui/examples/heap/list_ghost/ArrayList_add.key.proof 
13801      DEBUG main            d.u.i.k.p.i.AbstractProblemLoader Environment load took 1.36ms 
13806      INFO  main            d.u.i.k.p.i.AbstractProblemLoader Creating init config 
16780      DEBUG main            d.u.i.k.p.i.AbstractProblemLoader Init config took 2.97s 
16858      INFO  main            d.u.i.k.p.i.AbstractProblemLoader Replaying proof ArrayList[List::add(java.lang.Object)].JML normal_behavior operation contract.0 
17406      DEBUG main            d.u.i.k.p.i.IntermediateProofReplayer Proof replay took 512.87ms 
17415      DEBUG main            d.u.i.k.p.r.p.TestFile    ... success: reloaded. 
17417      INFO  main            d.u.i.k.p.r.p.TestFile    Now processing file /home/runner/work/key/key/key.core/../key.ui/examples/heap/list_ghost/ArrayList_ArrayList.key 
17417      INFO  main            d.u.i.k.p.i.AbstractProblemLoader Loading environment from /home/runner/work/key/key/key.core/../key.ui/examples/heap/list_ghost/ArrayList_ArrayList.key 
17418      DEBUG main            d.u.i.k.p.i.AbstractProblemLoader Environment load took 341.81ns 
17419      INFO  main            d.u.i.k.p.i.AbstractProblemLoader Creating init config 
20204      DEBUG main            d.u.i.k.p.i.AbstractProblemLoader Init config took 2.78s 
20274      INFO  main            d.u.i.k.p.i.AbstractProblemLoader Replaying proof ArrayList[ArrayList::ArrayList()].JML normal_behavior operation contract.0 
20280      DEBUG main            d.u.i.k.p.i.IntermediateProofReplayer Proof replay took 18.3ns 
21289      INFO  main            d.u.i.k.p.r.p.TestFile    ... finished proof: closed. 
21468      INFO  main            d.u.i.k.p.i.AbstractProblemLoader Loading environment from /home/runner/work/key/key/key.core/../key.ui/examples/heap/list_ghost/ArrayList_ArrayList.key.proof 
21468      DEBUG main            d.u.i.k.p.i.AbstractProblemLoader Environment load took 527.21ns 
21471      INFO  main            d.u.i.k.p.i.AbstractProblemLoader Creating init config 
24218      DEBUG main            d.u.i.k.p.i.AbstractProblemLoader Init config took 2.75s 
24265      INFO  main            d.u.i.k.p.i.AbstractProblemLoader Replaying proof ArrayList[ArrayList::ArrayList()].JML normal_behavior operation contract.0 
24404      DEBUG main            d.u.i.k.p.i.IntermediateProofReplayer Proof replay took 131.06ms 
24406      DEBUG main            d.u.i.k.p.r.p.TestFile    ... success: reloaded. 
24407      INFO  main            d.u.i.k.p.r.p.TestFile    Now processing file /home/runner/work/key/key/key.core/../key.ui/examples/heap/list_ghost/ArrayList_enlarge.key 
24408      INFO  main            d.u.i.k.p.i.AbstractProblemLoader Loading environment from /home/runner/work/key/key/key.core/../key.ui/examples/heap/list_ghost/ArrayList_enlarge.key 
24408      DEBUG main            d.u.i.k.p.i.AbstractProblemLoader Environment load took 258.1ns 
24409      INFO  main            d.u.i.k.p.i.AbstractProblemLoader Creating init config 
27095      DEBUG main            d.u.i.k.p.i.AbstractProblemLoader Init config took 2.69s 
27142      INFO  main            d.u.i.k.p.i.AbstractProblemLoader Replaying proof ArrayList[ArrayList::enlarge()].JML normal_behavior operation contract.0 
27144      DEBUG main            d.u.i.k.p.i.IntermediateProofReplayer Proof replay took 6.5ns 
29268      INFO  main            d.u.i.k.p.r.p.TestFile    ... finished proof: closed. 
29429      INFO  main            d.u.i.k.p.i.AbstractProblemLoader Loading environment from /home/runner/work/key/key/key.core/../key.ui/examples/heap/list_ghost/ArrayList_enlarge.key.proof 
29430      DEBUG main            d.u.i.k.p.i.AbstractProblemLoader Environment load took 522.01ns 
29432      INFO  main            d.u.i.k.p.i.AbstractProblemLoader Creating init config 
32119      DEBUG main            d.u.i.k.p.i.AbstractProblemLoader Init config took 2.69s 
32166      INFO  main            d.u.i.k.p.i.AbstractProblemLoader Replaying proof ArrayList[ArrayList::enlarge()].JML normal_behavior operation contract.0 
32485      DEBUG main            d.u.i.k.p.i.IntermediateProofReplayer Proof replay took 307.8ms 
32487      DEBUG main            d.u.i.k.p.r.p.TestFile    ... success: reloaded. 
32488      INFO  main            d.u.i.k.p.r.p.TestFile    Now processing file /home/runner/work/key/key/key.core/../key.ui/examples/heap/list_ghost/ArrayList_get_dep.key 
32489      INFO  main            d.u.i.k.p.i.AbstractProblemLoader Loading environment from /home/runner/work/key/key/key.core/../key.ui/examples/heap/list_ghost/ArrayList_get_dep.key 
32489      DEBUG main            d.u.i.k.p.i.AbstractProblemLoader Environment load took 268.31ns 
32490      INFO  main            d.u.i.k.p.i.AbstractProblemLoader Creating init config 
35185      DEBUG main            d.u.i.k.p.i.AbstractProblemLoader Init config took 2.69s 
35231      INFO  main            d.u.i.k.p.i.AbstractProblemLoader Replaying proof ArrayList[List::get(int)].JML accessible clause.0 
35235      DEBUG main            d.u.i.k.p.i.IntermediateProofReplayer Proof replay took 5.9ns 
35639      INFO  main            d.u.i.k.p.r.p.TestFile    ... finished proof: closed. 
35803      INFO  main            d.u.i.k.p.i.AbstractProblemLoader Loading environment from /home/runner/work/key/key/key.core/../key.ui/examples/heap/list_ghost/ArrayList_get_dep.key.proof 
35803      DEBUG main            d.u.i.k.p.i.AbstractProblemLoader Environment load took 501.21ns 
35804      INFO  main            d.u.i.k.p.i.AbstractProblemLoader Creating init config 
38428      DEBUG main            d.u.i.k.p.i.AbstractProblemLoader Init config took 2.62s 
38475      INFO  main            d.u.i.k.p.i.AbstractProblemLoader Replaying proof ArrayList[List::get(int)].JML accessible clause.0 
38527      DEBUG main            d.u.i.k.p.i.IntermediateProofReplayer Proof replay took 48.16ms 
38529      DEBUG main            d.u.i.k.p.r.p.TestFile    ... success: reloaded. 
38530      INFO  main            d.u.i.k.p.r.p.TestFile    Now processing file /home/runner/work/key/key/key.core/../key.ui/examples/heap/list_ghost/ArrayList_get_exceptional.key 
38531      INFO  main            d.u.i.k.p.i.AbstractProblemLoader Loading environment from /home/runner/work/key/key/key.core/../key.ui/examples/heap/list_ghost/ArrayList_get_exceptional.key 
38531      DEBUG main            d.u.i.k.p.i.AbstractProblemLoader Environment load took 250.6ns 
38532      INFO  main            d.u.i.k.p.i.AbstractProblemLoader Creating init config 
41238      DEBUG main            d.u.i.k.p.i.AbstractProblemLoader Init config took 2.71s 
41280      INFO  main            d.u.i.k.p.i.AbstractProblemLoader Replaying proof ArrayList[List::get(int)].JML exceptional_behavior operation contract.0 
41282      DEBUG main            d.u.i.k.p.i.IntermediateProofReplayer Proof replay took 7.3ns 
41989      INFO  main            d.u.i.k.p.r.p.TestFile    ... finished proof: closed. 
42199      INFO  main            d.u.i.k.p.i.AbstractProblemLoader Loading environment from /home/runner/work/key/key/key.core/../key.ui/examples/heap/list_ghost/ArrayList_get_exceptional.key.proof 
42200      DEBUG main            d.u.i.k.p.i.AbstractProblemLoader Environment load took 562.81ns 
42201      INFO  main            d.u.i.k.p.i.AbstractProblemLoader Creating init config 
44812      DEBUG main            d.u.i.k.p.i.AbstractProblemLoader Init config took 2.61s 
44853      INFO  main            d.u.i.k.p.i.AbstractProblemLoader Replaying proof ArrayList[List::get(int)].JML exceptional_behavior operation contract.0 
44993      DEBUG main            d.u.i.k.p.i.IntermediateProofReplayer Proof replay took 133.74ms 
44995      DEBUG main            d.u.i.k.p.r.p.TestFile    ... success: reloaded. 
44996      INFO  main            d.u.i.k.p.r.p.TestFile    Now processing file /home/runner/work/key/key/key.core/../key.ui/examples/heap/list_ghost/ArrayList_get_normal.key 
44996      INFO  main            d.u.i.k.p.i.AbstractProblemLoader Loading environment from /home/runner/work/key/key/key.core/../key.ui/examples/heap/list_ghost/ArrayList_get_normal.key 
44997      DEBUG main            d.u.i.k.p.i.AbstractProblemLoader Environment load took 285ns 
44998      INFO  main            d.u.i.k.p.i.AbstractProblemLoader Creating init config 
47664      DEBUG main            d.u.i.k.p.i.AbstractProblemLoader Init config took 2.67s 
47709      INFO  main            d.u.i.k.p.i.AbstractProblemLoader Replaying proof ArrayList[List::get(int)].JML normal_behavior operation contract.0 
47711      DEBUG main            d.u.i.k.p.i.IntermediateProofReplayer Proof replay took 7.3ns 
48014      INFO  main            d.u.i.k.p.r.p.TestFile    ... finished proof: closed. 
48191      INFO  main            d.u.i.k.p.i.AbstractProblemLoader Loading environment from /home/runner/work/key/key/key.core/../key.ui/examples/heap/list_ghost/ArrayList_get_normal.key.proof 
48191      DEBUG main            d.u.i.k.p.i.AbstractProblemLoader Environment load took 140.2ns 
48192      INFO  main            d.u.i.k.p.i.AbstractProblemLoader Creating init config 
50773      DEBUG main            d.u.i.k.p.i.AbstractProblemLoader Init config took 2.58s 
50834      INFO  main            d.u.i.k.p.i.AbstractProblemLoader Replaying proof ArrayList[List::get(int)].JML normal_behavior operation contract.0 
50873      DEBUG main            d.u.i.k.p.i.IntermediateProofReplayer Proof replay took 35.69ms 
50875      DEBUG main            d.u.i.k.p.r.p.TestFile    ... success: reloaded. 
50876      INFO  main            d.u.i.k.p.r.p.TestFile    Now processing file /home/runner/work/key/key/key.core/../key.ui/examples/heap/list_ghost/ArrayList_inv.key 
50877      INFO  main            d.u.i.k.p.i.AbstractProblemLoader Loading environment from /home/runner/work/key/key/key.core/../key.ui/examples/heap/list_ghost/ArrayList_inv.key 
50877      DEBUG main            d.u.i.k.p.i.AbstractProblemLoader Environment load took 234.4ns 
50878      INFO  main            d.u.i.k.p.i.AbstractProblemLoader Creating init config 
53507      DEBUG main            d.u.i.k.p.i.AbstractProblemLoader Init config took 2.63s 
53559      INFO  main            d.u.i.k.p.i.AbstractProblemLoader Replaying proof ArrayList[java.lang.Object::<inv>()].JML accessible clause.0 
53561      DEBUG main            d.u.i.k.p.i.IntermediateProofReplayer Proof replay took 8.2ns 
53663      INFO  main            d.u.i.k.p.r.p.TestFile    ... finished proof: closed. 
53834      INFO  main            d.u.i.k.p.i.AbstractProblemLoader Loading environment from /home/runner/work/key/key/key.core/../key.ui/examples/heap/list_ghost/ArrayList_inv.key.proof 
53834      DEBUG main            d.u.i.k.p.i.AbstractProblemLoader Environment load took 127.5ns 
53835      INFO  main            d.u.i.k.p.i.AbstractProblemLoader Creating init config 
56433      DEBUG main            d.u.i.k.p.i.AbstractProblemLoader Init config took 2.6s 
56478      INFO  main            d.u.i.k.p.i.AbstractProblemLoader Replaying proof ArrayList[java.lang.Object::<inv>()].JML accessible clause.0 
56489      DEBUG main            d.u.i.k.p.i.IntermediateProofReplayer Proof replay took 8.74ms 
56490      DEBUG main            d.u.i.k.p.r.p.TestFile    ... success: reloaded. 
56491      INFO  main            d.u.i.k.p.r.p.TestFile    Now processing file /home/runner/work/key/key/key.core/../key.ui/examples/heap/list_ghost/ArrayList_size_dep.key 
56491      INFO  main            d.u.i.k.p.i.AbstractProblemLoader Loading environment from /home/runner/work/key/key/key.core/../key.ui/examples/heap/list_ghost/ArrayList_size_dep.key 
56491      DEBUG main            d.u.i.k.p.i.AbstractProblemLoader Environment load took 115.3ns 
56492      INFO  main            d.u.i.k.p.i.AbstractProblemLoader Creating init config 
59137      DEBUG main            d.u.i.k.p.i.AbstractProblemLoader Init config took 2.64s 
59182      INFO  main            d.u.i.k.p.i.AbstractProblemLoader Replaying proof ArrayList[List::size()].JML accessible clause.0 
59184      DEBUG main            d.u.i.k.p.i.IntermediateProofReplayer Proof replay took 8.8ns 
59286      INFO  main            d.u.i.k.p.r.p.TestFile    ... finished proof: closed. 
59462      INFO  main            d.u.i.k.p.i.AbstractProblemLoader Loading environment from /home/runner/work/key/key/key.core/../key.ui/examples/heap/list_ghost/ArrayList_size_dep.key.proof 
59463      DEBUG main            d.u.i.k.p.i.AbstractProblemLoader Environment load took 131ns 
59464      INFO  main            d.u.i.k.p.i.AbstractProblemLoader Creating init config 
62033      DEBUG main            d.u.i.k.p.i.AbstractProblemLoader Init config took 2.57s 
62072      INFO  main            d.u.i.k.p.i.AbstractProblemLoader Replaying proof ArrayList[List::size()].JML accessible clause.0 
62085      DEBUG main            d.u.i.k.p.i.IntermediateProofReplayer Proof replay took 10.39ms 
62086      DEBUG main            d.u.i.k.p.r.p.TestFile    ... success: reloaded. 
62088      INFO  main            d.u.i.k.p.r.p.TestFile    Now processing file /home/runner/work/key/key/key.core/../key.ui/examples/heap/list_ghost/ArrayList_size.key 
62088      INFO  main            d.u.i.k.p.i.AbstractProblemLoader Loading environment from /home/runner/work/key/key/key.core/../key.ui/examples/heap/list_ghost/ArrayList_size.key 
62089      DEBUG main            d.u.i.k.p.i.AbstractProblemLoader Environment load took 245.3ns 
62090      INFO  main            d.u.i.k.p.i.AbstractProblemLoader Creating init config 
64699      DEBUG main            d.u.i.k.p.i.AbstractProblemLoader Init config took 2.61s 
64736      INFO  main            d.u.i.k.p.i.AbstractProblemLoader Replaying proof ArrayList[List::size()].JML normal_behavior operation contract.0 
64738      DEBUG main            d.u.i.k.p.i.IntermediateProofReplayer Proof replay took 7.6ns 
64841      INFO  main            d.u.i.k.p.r.p.TestFile    ... finished proof: closed. 
65025      INFO  main            d.u.i.k.p.i.AbstractProblemLoader Loading environment from /home/runner/work/key/key/key.core/../key.ui/examples/heap/list_ghost/ArrayList_size.key.proof 
65025      DEBUG main            d.u.i.k.p.i.AbstractProblemLoader Environment load took 127.7ns 
65027      INFO  main            d.u.i.k.p.i.AbstractProblemLoader Creating init config 
67600      DEBUG main            d.u.i.k.p.i.AbstractProblemLoader Init config took 2.57s 
67639      INFO  main            d.u.i.k.p.i.AbstractProblemLoader Replaying proof ArrayList[List::size()].JML normal_behavior operation contract.0 
67653      DEBUG main            d.u.i.k.p.i.IntermediateProofReplayer Proof replay took 11.96ms 
67654      DEBUG main            d.u.i.k.p.r.p.TestFile    ... success: reloaded. 
1166942    INFO  Test worker     d.u.i.k.p.r.RunAllProofsTestUnit Returning from test list_ghost 
1166944    INFO  Test worker     d.u.i.k.p.r.RunAllProofsTestUnit Running test list_recursive 
345        INFO  Timeout watchdog d.u.i.k.p.r.p.ForkedTestFileRunner Timeout watcher launched (2000 secs.) 
353        WARN  main            d.u.i.k.s.ProofSettings   The settings in /home/runner/.key/proof-settings.props are *not* read. 
408        INFO  main            d.u.i.k.p.r.p.TestFile    Now processing file /home/runner/work/key/key/key.core/../key.ui/examples/heap/list_recursiveSpec/ListOperationsNonNull_getNextNN_normal_behavior.key 
536        INFO  main            d.u.i.k.p.i.AbstractProblemLoader Loading environment from /home/runner/work/key/key/key.core/../key.ui/examples/heap/list_recursiveSpec/ListOperationsNonNull_getNextNN_normal_behavior.key 
554        DEBUG main            d.u.i.k.p.i.AbstractProblemLoader Environment load took 2.48ms 
776        INFO  main            d.u.i.k.p.i.AbstractProblemLoader Creating init config 
1796       DEBUG main            d.u.i.k.j.TypeConverter   No LDT found for Meta 
1796       DEBUG main            d.u.i.k.j.TypeConverter   No LDT found for Meta 
1797       DEBUG main            d.u.i.k.j.TypeConverter   No LDT found for Meta 
1798       DEBUG main            d.u.i.k.j.TypeConverter   No LDT found for Meta 
3572       DEBUG main            d.u.i.k.j.TypeConverter   No LDT found for JavaBigintExpression 
8806       DEBUG main            d.u.i.k.p.i.AbstractProblemLoader Init config took 8.03s 
8953       INFO  main            d.u.i.k.p.i.AbstractProblemLoader Replaying proof ListOperationsNonNull[ListOperationsNonNull::getNextNN(ListNN,int)].JML normal_behavior operation contract.0 
8987       DEBUG main            d.u.i.k.p.i.IntermediateProofReplayer Proof replay took 34.8ns 
10226      INFO  main            d.u.i.k.p.r.p.TestFile    ... finished proof: closed. 
10360      INFO  main            d.u.i.k.p.i.AbstractProblemLoader Loading environment from /home/runner/work/key/key/key.core/../key.ui/examples/heap/list_recursiveSpec/ListOperationsNonNull_getNextNN_normal_behavior.key.proof 
10361      DEBUG main            d.u.i.k.p.i.AbstractProblemLoader Environment load took 602.71ns 
10363      INFO  main            d.u.i.k.p.i.AbstractProblemLoader Creating init config 
13284      DEBUG main            d.u.i.k.p.i.AbstractProblemLoader Init config took 2.92s 
13385      INFO  main            d.u.i.k.p.i.AbstractProblemLoader Replaying proof ListOperationsNonNull[ListOperationsNonNull::getNextNN(ListNN,int)].JML normal_behavior operation contract.0 
13565      DEBUG main            d.u.i.k.p.i.IntermediateProofReplayer Proof replay took 163.28ms 
13573      DEBUG main            d.u.i.k.p.r.p.TestFile    ... success: reloaded. 
13574      INFO  main            d.u.i.k.p.r.p.TestFile    Now processing file /home/runner/work/key/key/key.core/../key.ui/examples/heap/list_recursiveSpec/ListOperationsNonNull_setValueAt_normal_behavior.key 
13575      INFO  main            d.u.i.k.p.i.AbstractProblemLoader Loading environment from /home/runner/work/key/key/key.core/../key.ui/examples/heap/list_recursiveSpec/ListOperationsNonNull_setValueAt_normal_behavior.key 
13575      DEBUG main            d.u.i.k.p.i.AbstractProblemLoader Environment load took 270.2ns 
13577      INFO  main            d.u.i.k.p.i.AbstractProblemLoader Creating init config 
16338      DEBUG main            d.u.i.k.p.i.AbstractProblemLoader Init config took 2.76s 
16399      INFO  main            d.u.i.k.p.i.AbstractProblemLoader Replaying proof ListOperationsNonNull[ListOperationsNonNull::setValueAt_NN(ListNN,int,int)].JML normal_behavior operation contract.0 
16401      DEBUG main            d.u.i.k.p.i.IntermediateProofReplayer Proof replay took 6.2ns 
16432      DEBUG main            d.u.i.k.m.s.ProofScriptEngine [1] goal: 0, source line: 51, command: 'macro autopilot' 
19000      DEBUG main            d.u.i.k.m.s.ProofScriptEngine [2] goal: 79, source line: 52, command: 'macro simp-upd' 
19007      DEBUG main            d.u.i.k.m.s.ProofScriptEngine [3] goal: 1451, source line: 53, command: 'rule observerDependencyEQ' 
19025      DEBUG main            d.u.i.k.m.s.ProofScriptEngine [4] goal: 1452, source line: 54, command: 'tryclose' 
19096      INFO  main            d.u.i.k.p.r.p.TestFile    ... finished proof: closed. 
19250      INFO  main            d.u.i.k.p.i.AbstractProblemLoader Loading environment from /home/runner/work/key/key/key.core/../key.ui/examples/heap/list_recursiveSpec/ListOperationsNonNull_setValueAt_normal_behavior.key.proof 
19251      DEBUG main            d.u.i.k.p.i.AbstractProblemLoader Environment load took 1.13ms 
19254      INFO  main            d.u.i.k.p.i.AbstractProblemLoader Creating init config 
21942      DEBUG main            d.u.i.k.p.i.AbstractProblemLoader Init config took 2.69s 
22010      INFO  main            d.u.i.k.p.i.AbstractProblemLoader Replaying proof ListOperationsNonNull[ListOperationsNonNull::setValueAt_NN(ListNN,int,int)].JML normal_behavior operation contract.0 
22111      DEBUG main            d.u.i.k.p.i.IntermediateProofReplayer Proof replay took 95.7ms 
22113      DEBUG main            d.u.i.k.p.r.p.TestFile    ... success: reloaded. 
1189245    INFO  Test worker     d.u.i.k.p.r.RunAllProofsTestUnit Returning from test list_recursive 
1189247    INFO  Test worker     d.u.i.k.p.r.RunAllProofsTestUnit Running test list_seq 
356        INFO  Timeout watchdog d.u.i.k.p.r.p.ForkedTestFileRunner Timeout watcher launched (2000 secs.) 
376        WARN  main            d.u.i.k.s.ProofSettings   The settings in /home/runner/.key/proof-settings.props are *not* read. 
415        INFO  main            d.u.i.k.p.r.p.TestFile    Now processing file /home/runner/work/key/key/key.core/../key.ui/examples/heap/list_seq/SimplifiedLinkedList.remove.key 
523        INFO  main            d.u.i.k.p.i.AbstractProblemLoader Loading environment from /home/runner/work/key/key/key.core/../key.ui/examples/heap/list_seq/SimplifiedLinkedList.remove.key 
546        DEBUG main            d.u.i.k.p.i.AbstractProblemLoader Environment load took 2.29ms 
768        INFO  main            d.u.i.k.p.i.AbstractProblemLoader Creating init config 
1836       DEBUG main            d.u.i.k.j.TypeConverter   No LDT found for Meta 
1837       DEBUG main            d.u.i.k.j.TypeConverter   No LDT found for Meta 
1839       DEBUG main            d.u.i.k.j.TypeConverter   No LDT found for Meta 
1839       DEBUG main            d.u.i.k.j.TypeConverter   No LDT found for Meta 
3526       DEBUG main            d.u.i.k.j.TypeConverter   No LDT found for JavaBigintExpression 
9073       DEBUG main            d.u.i.k.p.i.AbstractProblemLoader Init config took 8.3s 
9253       INFO  main            d.u.i.k.p.i.AbstractProblemLoader Replaying proof SimplifiedLinkedList[SimplifiedLinkedList::remove(int)].JML normal_behavior operation contract.0 
9336       DEBUG main            d.u.i.k.p.i.IntermediateProofReplayer Proof replay took 45.8ns 
78383      INFO  main            d.u.i.k.p.r.p.TestFile    ... finished proof: closed. 
78757      INFO  main            d.u.i.k.p.i.AbstractProblemLoader Loading environment from /home/runner/work/key/key/key.core/../key.ui/examples/heap/list_seq/SimplifiedLinkedList.remove.key.proof 
78758      DEBUG main            d.u.i.k.p.i.AbstractProblemLoader Environment load took 1.28ms 
78774      INFO  main            d.u.i.k.p.i.AbstractProblemLoader Creating init config 
81884      DEBUG main            d.u.i.k.p.i.AbstractProblemLoader Init config took 3.11s 
81970      INFO  main            d.u.i.k.p.i.AbstractProblemLoader Replaying proof SimplifiedLinkedList[SimplifiedLinkedList::remove(int)].JML normal_behavior operation contract.0 
82503      DEBUG main            d.u.i.k.p.i.IntermediateProofReplayer Proof replay took 251.77ms 
82515      WARN  main            d.u.i.k.p.r.p.TestFile    Replay exception de.uka.ilkd.key.proof.io.ProblemLoaderException: Error loading proof.
Line 1484, goal 1418, rule allLeft not available or not applicable in this context.
	at de.uka.ilkd.key.proof.io.IntermediateProofReplayer.reportError(IntermediateProofReplayer.java:813)
Caused by: de.uka.ilkd.key.util.parsing.BuildingException: Malformed origin string: "requires @ file:/home/runner/work/key/key/key.ui/examples/heap/list_seq/src/SimplifiedLL.java:39"
(Well-formed origins have one of the following formats: "spec_type @ file <file name> @ line <line number>")
spec_type @ node <node number> (<rule name>)")
spec_type (implicit)")
 at <unknown>:1:4
	at de.uka.ilkd.key.nparser.builder.ExpressionBuilder.visitSingle_label(ExpressionBuilder.java:932)
Caused by: de.uka.ilkd.key.logic.label.TermLabelException: Malformed origin string: "requires @ file:/home/runner/work/key/key/key.ui/examples/heap/list_seq/src/SimplifiedLL.java:39"
(Well-formed origins have one of the following formats: "spec_type @ file <file name> @ line <line number>")
spec_type @ node <node number> (<rule name>)")
spec_type (implicit)")

	at de.uka.ilkd.key.logic.label.OriginTermLabelFactory.parseOrigin(OriginTermLabelFactory.java:116)

82523      DEBUG main            d.u.i.k.p.r.p.TestFile    Exception java.lang.Exception: Exception while loading proof (see cause for details): /home/runner/work/key/key/key.core/../key.ui/examples/heap/list_seq/SimplifiedLinkedList.remove.key.proof
	at de.uka.ilkd.key.proof.runallproofs.proofcollection.TestFile.reloadProof(TestFile.java:314)
Caused by: de.uka.ilkd.key.proof.io.ProblemLoaderException: Error loading proof.
Line 1484, goal 1418, rule allLeft not available or not applicable in this context.
	at de.uka.ilkd.key.proof.io.IntermediateProofReplayer.reportError(IntermediateProofReplayer.java:813)
Caused by: de.uka.ilkd.key.util.parsing.BuildingException: Malformed origin string: "requires @ file:/home/runner/work/key/key/key.ui/examples/heap/list_seq/src/SimplifiedLL.java:39"
(Well-formed origins have one of the following formats: "spec_type @ file <file name> @ line <line number>")
spec_type @ node <node number> (<rule name>)")
spec_type (implicit)")
 at <unknown>:1:4
	at de.uka.ilkd.key.nparser.builder.ExpressionBuilder.visitSingle_label(ExpressionBuilder.java:932)
Caused by: de.uka.ilkd.key.logic.label.TermLabelException: Malformed origin string: "requires @ file:/home/runner/work/key/key/key.ui/examples/heap/list_seq/src/SimplifiedLL.java:39"
(Well-formed origins have one of the following formats: "spec_type @ file <file name> @ line <line number>")
spec_type @ node <node number> (<rule name>)")
spec_type (implicit)")

	at de.uka.ilkd.key.logic.label.OriginTermLabelFactory.parseOrigin(OriginTermLabelFactory.java:116)

82531      WARN  main            d.u.i.k.p.r.p.ForkedTestFileRunner Run failed java.lang.Exception: Exception while loading proof (see cause for details): /home/runner/work/key/key/key.core/../key.ui/examples/heap/list_seq/SimplifiedLinkedList.remove.key.proof
	at de.uka.ilkd.key.proof.runallproofs.proofcollection.TestFile.reloadProof(TestFile.java:314)
Caused by: de.uka.ilkd.key.proof.io.ProblemLoaderException: Error loading proof.
Line 1484, goal 1418, rule allLeft not available or not applicable in this context.
	at de.uka.ilkd.key.proof.io.IntermediateProofReplayer.reportError(IntermediateProofReplayer.java:813)
Caused by: de.uka.ilkd.key.util.parsing.BuildingException: Malformed origin string: "requires @ file:/home/runner/work/key/key/key.ui/examples/heap/list_seq/src/SimplifiedLL.java:39"
(Well-formed origins have one of the following formats: "spec_type @ file <file name> @ line <line number>")
spec_type @ node <node number> (<rule name>)")
spec_type (implicit)")
 at <unknown>:1:4
	at de.uka.ilkd.key.nparser.builder.ExpressionBuilder.visitSingle_label(ExpressionBuilder.java:932)
Caused by: de.uka.ilkd.key.logic.label.TermLabelException: Malformed origin string: "requires @ file:/home/runner/work/key/key/key.ui/examples/heap/list_seq/src/SimplifiedLL.java:39"
(Well-formed origins have one of the following formats: "spec_type @ file <file name> @ line <line number>")
spec_type @ node <node number> (<rule name>)")
spec_type (implicit)")

	at de.uka.ilkd.key.logic.label.OriginTermLabelFactory.parseOrigin(OriginTermLabelFactory.java:116)

82532      INFO  main            d.u.i.k.p.r.p.TestFile    Now processing file /home/runner/work/key/key/key.core/../key.ui/examples/heap/list_seq/ArrayList.ArrayList.key 
82532      INFO  main            d.u.i.k.p.i.AbstractProblemLoader Loading environment from /home/runner/work/key/key/key.core/../key.ui/examples/heap/list_seq/ArrayList.ArrayList.key 
82532      DEBUG main            d.u.i.k.p.i.AbstractProblemLoader Environment load took 86.2ns 
82538      INFO  main            d.u.i.k.p.i.AbstractProblemLoader Creating init config 
85711      DEBUG main            d.u.i.k.p.i.AbstractProblemLoader Init config took 3.17s 
85826      INFO  main            d.u.i.k.p.i.AbstractProblemLoader Replaying proof ArrayList[ArrayList::ArrayList()].JML normal_behavior operation contract.0 
85830      DEBUG main            d.u.i.k.p.i.IntermediateProofReplayer Proof replay took 6.8ns 
86835      INFO  main            d.u.i.k.p.r.p.TestFile    ... finished proof: closed. 
87015      INFO  main            d.u.i.k.p.i.AbstractProblemLoader Loading environment from /home/runner/work/key/key/key.core/../key.ui/examples/heap/list_seq/ArrayList.ArrayList.key.proof 
87018      DEBUG main            d.u.i.k.p.i.AbstractProblemLoader Environment load took 3.33ms 
87020      INFO  main            d.u.i.k.p.i.AbstractProblemLoader Creating init config 
89974      DEBUG main            d.u.i.k.p.i.AbstractProblemLoader Init config took 2.95s 
90066      INFO  main            d.u.i.k.p.i.AbstractProblemLoader Replaying proof ArrayList[ArrayList::ArrayList()].JML normal_behavior operation contract.0 
90173      DEBUG main            d.u.i.k.p.i.IntermediateProofReplayer Proof replay took 102.81ms 
90176      DEBUG main            d.u.i.k.p.r.p.TestFile    ... success: reloaded. 
90178      INFO  main            d.u.i.k.p.r.p.TestFile    Now processing file /home/runner/work/key/key/key.core/../key.ui/examples/heap/list_seq/ArrayList.add.key 
90178      INFO  main            d.u.i.k.p.i.AbstractProblemLoader Loading environment from /home/runner/work/key/key/key.core/../key.ui/examples/heap/list_seq/ArrayList.add.key 
90178      DEBUG main            d.u.i.k.p.i.AbstractProblemLoader Environment load took 239.5ns 
90179      INFO  main            d.u.i.k.p.i.AbstractProblemLoader Creating init config 
93129      DEBUG main            d.u.i.k.p.i.AbstractProblemLoader Init config took 2.95s 
93209      INFO  main            d.u.i.k.p.i.AbstractProblemLoader Replaying proof ArrayList[List::add(java.lang.Object)].JML normal_behavior operation contract.0 
93211      DEBUG main            d.u.i.k.p.i.IntermediateProofReplayer Proof replay took 6.5ns 
96557      INFO  main            d.u.i.k.p.r.p.TestFile    ... finished proof: closed. 
96789      INFO  main            d.u.i.k.p.i.AbstractProblemLoader Loading environment from /home/runner/work/key/key/key.core/../key.ui/examples/heap/list_seq/ArrayList.add.key.proof 
96790      DEBUG main            d.u.i.k.p.i.AbstractProblemLoader Environment load took 498.31ns 
96792      INFO  main            d.u.i.k.p.i.AbstractProblemLoader Creating init config 
99663      DEBUG main            d.u.i.k.p.i.AbstractProblemLoader Init config took 2.87s 
99744      INFO  main            d.u.i.k.p.i.AbstractProblemLoader Replaying proof ArrayList[List::add(java.lang.Object)].JML normal_behavior operation contract.0 
100000     DEBUG main            d.u.i.k.p.i.IntermediateProofReplayer Proof replay took 241.46ms 
100002     DEBUG main            d.u.i.k.p.r.p.TestFile    ... success: reloaded. 
100003     INFO  main            d.u.i.k.p.r.p.TestFile    Now processing file /home/runner/work/key/key/key.core/../key.ui/examples/heap/list_seq/ArrayList.contains.key 
100003     INFO  main            d.u.i.k.p.i.AbstractProblemLoader Loading environment from /home/runner/work/key/key/key.core/../key.ui/examples/heap/list_seq/ArrayList.contains.key 
100004     DEBUG main            d.u.i.k.p.i.AbstractProblemLoader Environment load took 248.2ns 
100005     INFO  main            d.u.i.k.p.i.AbstractProblemLoader Creating init config 
102946     DEBUG main            d.u.i.k.p.i.AbstractProblemLoader Init config took 2.94s 
103025     INFO  main            d.u.i.k.p.i.AbstractProblemLoader Replaying proof ArrayList[List::contains(java.lang.Object)].JML normal_behavior operation contract.0 
103027     DEBUG main            d.u.i.k.p.i.IntermediateProofReplayer Proof replay took 7.1ns 
104634     INFO  main            d.u.i.k.p.r.p.TestFile    ... finished proof: closed. 
104826     INFO  main            d.u.i.k.p.i.AbstractProblemLoader Loading environment from /home/runner/work/key/key/key.core/../key.ui/examples/heap/list_seq/ArrayList.contains.key.proof 
104826     DEBUG main            d.u.i.k.p.i.AbstractProblemLoader Environment load took 540.91ns 
104828     INFO  main            d.u.i.k.p.i.AbstractProblemLoader Creating init config 
107790     DEBUG main            d.u.i.k.p.i.AbstractProblemLoader Init config took 2.96s 
107886     INFO  main            d.u.i.k.p.i.AbstractProblemLoader Replaying proof ArrayList[List::contains(java.lang.Object)].JML normal_behavior operation contract.0 
108058     DEBUG main            d.u.i.k.p.i.IntermediateProofReplayer Proof replay took 165.69ms 
108061     DEBUG main            d.u.i.k.p.r.p.TestFile    ... success: reloaded. 
108062     INFO  main            d.u.i.k.p.r.p.TestFile    Now processing file /home/runner/work/key/key/key.core/../key.ui/examples/heap/list_seq/ArrayList.enlarge.key 
108062     INFO  main            d.u.i.k.p.i.AbstractProblemLoader Loading environment from /home/runner/work/key/key/key.core/../key.ui/examples/heap/list_seq/ArrayList.enlarge.key 
108063     DEBUG main            d.u.i.k.p.i.AbstractProblemLoader Environment load took 243.6ns 
108064     INFO  main            d.u.i.k.p.i.AbstractProblemLoader Creating init config 
110954     DEBUG main            d.u.i.k.p.i.AbstractProblemLoader Init config took 2.89s 
111061     INFO  main            d.u.i.k.p.i.AbstractProblemLoader Replaying proof ArrayList[ArrayList::enlarge()].JML normal_behavior operation contract.0 
111063     DEBUG main            d.u.i.k.p.i.IntermediateProofReplayer Proof replay took 8.2ns 
113172     INFO  main            d.u.i.k.p.r.p.TestFile    ... finished proof: closed. 
113387     INFO  main            d.u.i.k.p.i.AbstractProblemLoader Loading environment from /home/runner/work/key/key/key.core/../key.ui/examples/heap/list_seq/ArrayList.enlarge.key.proof 
113387     DEBUG main            d.u.i.k.p.i.AbstractProblemLoader Environment load took 142.1ns 
113388     INFO  main            d.u.i.k.p.i.AbstractProblemLoader Creating init config 
116271     DEBUG main            d.u.i.k.p.i.AbstractProblemLoader Init config took 2.88s 
116350     INFO  main            d.u.i.k.p.i.AbstractProblemLoader Replaying proof ArrayList[ArrayList::enlarge()].JML normal_behavior operation contract.0 
116595     DEBUG main            d.u.i.k.p.i.IntermediateProofReplayer Proof replay took 237.48ms 
116598     DEBUG main            d.u.i.k.p.r.p.TestFile    ... success: reloaded. 
116599     INFO  main            d.u.i.k.p.r.p.TestFile    Now processing file /home/runner/work/key/key/key.core/../key.ui/examples/heap/list_seq/ArrayList.get.key 
116599     INFO  main            d.u.i.k.p.i.AbstractProblemLoader Loading environment from /home/runner/work/key/key/key.core/../key.ui/examples/heap/list_seq/ArrayList.get.key 
116600     DEBUG main            d.u.i.k.p.i.AbstractProblemLoader Environment load took 256.1ns 
116601     INFO  main            d.u.i.k.p.i.AbstractProblemLoader Creating init config 
119539     DEBUG main            d.u.i.k.p.i.AbstractProblemLoader Init config took 2.94s 
119622     INFO  main            d.u.i.k.p.i.AbstractProblemLoader Replaying proof ArrayList[List::get(int)].JML normal_behavior operation contract.0 
119625     DEBUG main            d.u.i.k.p.i.IntermediateProofReplayer Proof replay took 8.6ns 
120230     INFO  main            d.u.i.k.p.r.p.TestFile    ... finished proof: closed. 
120439     INFO  main            d.u.i.k.p.i.AbstractProblemLoader Loading environment from /home/runner/work/key/key/key.core/../key.ui/examples/heap/list_seq/ArrayList.get.key.proof 
120440     DEBUG main            d.u.i.k.p.i.AbstractProblemLoader Environment load took 859.71ns 
120442     INFO  main            d.u.i.k.p.i.AbstractProblemLoader Creating init config 
123304     DEBUG main            d.u.i.k.p.i.AbstractProblemLoader Init config took 2.86s 
123387     INFO  main            d.u.i.k.p.i.AbstractProblemLoader Replaying proof ArrayList[List::get(int)].JML normal_behavior operation contract.0 
123430     DEBUG main            d.u.i.k.p.i.IntermediateProofReplayer Proof replay took 39.59ms 
123431     DEBUG main            d.u.i.k.p.r.p.TestFile    ... success: reloaded. 
123432     INFO  main            d.u.i.k.p.r.p.TestFile    Now processing file /home/runner/work/key/key/key.core/../key.ui/examples/heap/list_seq/ArrayList.newArray.key 
123432     INFO  main            d.u.i.k.p.i.AbstractProblemLoader Loading environment from /home/runner/work/key/key/key.core/../key.ui/examples/heap/list_seq/ArrayList.newArray.key 
123433     DEBUG main            d.u.i.k.p.i.AbstractProblemLoader Environment load took 107.1ns 
123433     INFO  main            d.u.i.k.p.i.AbstractProblemLoader Creating init config 
126329     DEBUG main            d.u.i.k.p.i.AbstractProblemLoader Init config took 2.9s 
126402     INFO  main            d.u.i.k.p.i.AbstractProblemLoader Replaying proof ArrayList[ArrayList::newArray(int)].JML normal_behavior operation contract.0 
126404     DEBUG main            d.u.i.k.p.i.IntermediateProofReplayer Proof replay took 9.1ns 
126707     INFO  main            d.u.i.k.p.r.p.TestFile    ... finished proof: closed. 
126906     INFO  main            d.u.i.k.p.i.AbstractProblemLoader Loading environment from /home/runner/work/key/key/key.core/../key.ui/examples/heap/list_seq/ArrayList.newArray.key.proof 
126906     DEBUG main            d.u.i.k.p.i.AbstractProblemLoader Environment load took 142.4ns 
126907     INFO  main            d.u.i.k.p.i.AbstractProblemLoader Creating init config 
129711     DEBUG main            d.u.i.k.p.i.AbstractProblemLoader Init config took 2.8s 
129795     INFO  main            d.u.i.k.p.i.AbstractProblemLoader Replaying proof ArrayList[ArrayList::newArray(int)].JML normal_behavior operation contract.0 
129837     DEBUG main            d.u.i.k.p.i.IntermediateProofReplayer Proof replay took 39.11ms 
129838     DEBUG main            d.u.i.k.p.r.p.TestFile    ... success: reloaded. 
129839     INFO  main            d.u.i.k.p.r.p.TestFile    Now processing file /home/runner/work/key/key/key.core/../key.ui/examples/heap/list_seq/ArrayList.remove.0.key 
129840     INFO  main            d.u.i.k.p.i.AbstractProblemLoader Loading environment from /home/runner/work/key/key/key.core/../key.ui/examples/heap/list_seq/ArrayList.remove.0.key 
129840     DEBUG main            d.u.i.k.p.i.AbstractProblemLoader Environment load took 241.9ns 
129841     INFO  main            d.u.i.k.p.i.AbstractProblemLoader Creating init config 
132703     DEBUG main            d.u.i.k.p.i.AbstractProblemLoader Init config took 2.86s 
132775     INFO  main            d.u.i.k.p.i.AbstractProblemLoader Replaying proof ArrayList[List::remove(java.lang.Object)].JML normal_behavior operation contract.0 
132776     DEBUG main            d.u.i.k.p.i.IntermediateProofReplayer Proof replay took 7.8ns 
134692     INFO  main            d.u.i.k.p.r.p.TestFile    ... finished proof: closed. 
134905     INFO  main            d.u.i.k.p.i.AbstractProblemLoader Loading environment from /home/runner/work/key/key/key.core/../key.ui/examples/heap/list_seq/ArrayList.remove.0.key.proof 
134906     DEBUG main            d.u.i.k.p.i.AbstractProblemLoader Environment load took 527.71ns 
134907     INFO  main            d.u.i.k.p.i.AbstractProblemLoader Creating init config 
137747     DEBUG main            d.u.i.k.p.i.AbstractProblemLoader Init config took 2.84s 
137818     INFO  main            d.u.i.k.p.i.AbstractProblemLoader Replaying proof ArrayList[List::remove(java.lang.Object)].JML normal_behavior operation contract.0 
138153     DEBUG main            d.u.i.k.p.i.IntermediateProofReplayer Proof replay took 327.74ms 
138155     DEBUG main            d.u.i.k.p.r.p.TestFile    ... success: reloaded. 
138156     INFO  main            d.u.i.k.p.r.p.TestFile    Now processing file /home/runner/work/key/key/key.core/../key.ui/examples/heap/list_seq/ArrayList.remove.1.key 
138156     INFO  main            d.u.i.k.p.i.AbstractProblemLoader Loading environment from /home/runner/work/key/key/key.core/../key.ui/examples/heap/list_seq/ArrayList.remove.1.key 
138156     DEBUG main            d.u.i.k.p.i.AbstractProblemLoader Environment load took 237.1ns 
138157     INFO  main            d.u.i.k.p.i.AbstractProblemLoader Creating init config 
140989     DEBUG main            d.u.i.k.p.i.AbstractProblemLoader Init config took 2.83s 
141061     INFO  main            d.u.i.k.p.i.AbstractProblemLoader Replaying proof ArrayList[List::remove(java.lang.Object)].JML normal_behavior operation contract.1 
141063     DEBUG main            d.u.i.k.p.i.IntermediateProofReplayer Proof replay took 8.5ns 
152561     INFO  main            d.u.i.k.p.r.p.TestFile    ... finished proof: closed. 
152820     INFO  main            d.u.i.k.p.i.AbstractProblemLoader Loading environment from /home/runner/work/key/key/key.core/../key.ui/examples/heap/list_seq/ArrayList.remove.1.key.proof 
152820     DEBUG main            d.u.i.k.p.i.AbstractProblemLoader Environment load took 486.71ns 
152823     INFO  main            d.u.i.k.p.i.AbstractProblemLoader Creating init config 
155588     DEBUG main            d.u.i.k.p.i.AbstractProblemLoader Init config took 2.76s 
155663     INFO  main            d.u.i.k.p.i.AbstractProblemLoader Replaying proof ArrayList[List::remove(java.lang.Object)].JML normal_behavior operation contract.1 
156514     DEBUG main            d.u.i.k.p.i.IntermediateProofReplayer Proof replay took 795.28ms 
156517     DEBUG main            d.u.i.k.p.r.p.TestFile    ... success: reloaded. 
1345930    INFO  Test worker     d.u.i.k.p.r.RunAllProofsTestUnit Running test observer 
407        INFO  Timeout watchdog d.u.i.k.p.r.p.ForkedTestFileRunner Timeout watcher launched (2000 secs.) 
428        WARN  main            d.u.i.k.s.ProofSettings   The settings in /home/runner/.key/proof-settings.props are *not* read. 
467        INFO  main            d.u.i.k.p.r.p.TestFile    Now processing file /home/runner/work/key/key/key.core/../key.ui/examples/heap/observer/ExampleObserver_ExampleObserver.key 
625        INFO  main            d.u.i.k.p.i.AbstractProblemLoader Loading environment from /home/runner/work/key/key/key.core/../key.ui/examples/heap/observer/ExampleObserver_ExampleObserver.key 
651        DEBUG main            d.u.i.k.p.i.AbstractProblemLoader Environment load took 5.21ms 
867        INFO  main            d.u.i.k.p.i.AbstractProblemLoader Creating init config 
1776       DEBUG main            d.u.i.k.j.TypeConverter   No LDT found for Meta 
1776       DEBUG main            d.u.i.k.j.TypeConverter   No LDT found for Meta 
1777       DEBUG main            d.u.i.k.j.TypeConverter   No LDT found for Meta 
1777       DEBUG main            d.u.i.k.j.TypeConverter   No LDT found for Meta 
3369       DEBUG main            d.u.i.k.j.TypeConverter   No LDT found for JavaBigintExpression 
8498       DEBUG main            d.u.i.k.p.i.AbstractProblemLoader Init config took 7.63s 
8703       INFO  main            d.u.i.k.p.i.AbstractProblemLoader Replaying proof ExampleObserver[ExampleObserver::ExampleObserver(ExampleSubject)].JML normal_behavior operation contract.0 
8746       DEBUG main            d.u.i.k.p.i.IntermediateProofReplayer Proof replay took 34.9ns 
9774       INFO  main            d.u.i.k.p.r.p.TestFile    ... finished proof: closed. 
9897       INFO  main            d.u.i.k.p.i.AbstractProblemLoader Loading environment from /home/runner/work/key/key/key.core/../key.ui/examples/heap/observer/ExampleObserver_ExampleObserver.key.proof 
9897       DEBUG main            d.u.i.k.p.i.AbstractProblemLoader Environment load took 536.91ns 
9899       INFO  main            d.u.i.k.p.i.AbstractProblemLoader Creating init config 
12836      DEBUG main            d.u.i.k.p.i.AbstractProblemLoader Init config took 2.94s 
12905      INFO  main            d.u.i.k.p.i.AbstractProblemLoader Replaying proof ExampleObserver[ExampleObserver::ExampleObserver(ExampleSubject)].JML normal_behavior operation contract.0 
13003      DEBUG main            d.u.i.k.p.i.IntermediateProofReplayer Proof replay took 89.99ms 
13010      DEBUG main            d.u.i.k.p.r.p.TestFile    ... success: reloaded. 
13011      INFO  main            d.u.i.k.p.r.p.TestFile    Now processing file /home/runner/work/key/key/key.core/../key.ui/examples/heap/observer/ExampleObserver_inv.key 
13012      INFO  main            d.u.i.k.p.i.AbstractProblemLoader Loading environment from /home/runner/work/key/key/key.core/../key.ui/examples/heap/observer/ExampleObserver_inv.key 
13012      DEBUG main            d.u.i.k.p.i.AbstractProblemLoader Environment load took 250.9ns 
13014      INFO  main            d.u.i.k.p.i.AbstractProblemLoader Creating init config 
15817      DEBUG main            d.u.i.k.p.i.AbstractProblemLoader Init config took 2.8s 
15883      INFO  main            d.u.i.k.p.i.AbstractProblemLoader Replaying proof ExampleObserver[java.lang.Object::<inv>()].JML accessible clause.0 
15886      DEBUG main            d.u.i.k.p.i.IntermediateProofReplayer Proof replay took 7.2ns 
15989      INFO  main            d.u.i.k.p.r.p.TestFile    ... finished proof: closed. 
16135      INFO  main            d.u.i.k.p.i.AbstractProblemLoader Loading environment from /home/runner/work/key/key/key.core/../key.ui/examples/heap/observer/ExampleObserver_inv.key.proof 
16135      DEBUG main            d.u.i.k.p.i.AbstractProblemLoader Environment load took 138.4ns 
16137      INFO  main            d.u.i.k.p.i.AbstractProblemLoader Creating init config 
18892      DEBUG main            d.u.i.k.p.i.AbstractProblemLoader Init config took 2.75s 
18946      INFO  main            d.u.i.k.p.i.AbstractProblemLoader Replaying proof ExampleObserver[java.lang.Object::<inv>()].JML accessible clause.0 
18962      DEBUG main            d.u.i.k.p.i.IntermediateProofReplayer Proof replay took 13.69ms 
18963      DEBUG main            d.u.i.k.p.r.p.TestFile    ... success: reloaded. 
18965      INFO  main            d.u.i.k.p.r.p.TestFile    Now processing file /home/runner/work/key/key/key.core/../key.ui/examples/heap/observer/ExampleObserver_subject.key 
18965      INFO  main            d.u.i.k.p.i.AbstractProblemLoader Loading environment from /home/runner/work/key/key/key.core/../key.ui/examples/heap/observer/ExampleObserver_subject.key 
18965      DEBUG main            d.u.i.k.p.i.AbstractProblemLoader Environment load took 238.4ns 
18967      INFO  main            d.u.i.k.p.i.AbstractProblemLoader Creating init config 
21811      DEBUG main            d.u.i.k.p.i.AbstractProblemLoader Init config took 2.84s 
21863      INFO  main            d.u.i.k.p.i.AbstractProblemLoader Replaying proof Observer[Observer::$subject()].JML accessible clause.0 
21865      DEBUG main            d.u.i.k.p.i.IntermediateProofReplayer Proof replay took 8.2ns 
21970      INFO  main            d.u.i.k.p.r.p.TestFile    ... finished proof: closed. 
22127      INFO  main            d.u.i.k.p.i.AbstractProblemLoader Loading environment from /home/runner/work/key/key/key.core/../key.ui/examples/heap/observer/ExampleObserver_subject.key.proof 
22127      DEBUG main            d.u.i.k.p.i.AbstractProblemLoader Environment load took 132ns 
22128      INFO  main            d.u.i.k.p.i.AbstractProblemLoader Creating init config 
24889      DEBUG main            d.u.i.k.p.i.AbstractProblemLoader Init config took 2.76s 
24939      INFO  main            d.u.i.k.p.i.AbstractProblemLoader Replaying proof Observer[Observer::$subject()].JML accessible clause.0 
24943      DEBUG main            d.u.i.k.p.i.IntermediateProofReplayer Proof replay took 1.71ms 
24944      DEBUG main            d.u.i.k.p.r.p.TestFile    ... success: reloaded. 
24946      INFO  main            d.u.i.k.p.r.p.TestFile    Now processing file /home/runner/work/key/key/key.core/../key.ui/examples/heap/observer/ExampleObserver_update.key 
24946      INFO  main            d.u.i.k.p.i.AbstractProblemLoader Loading environment from /home/runner/work/key/key/key.core/../key.ui/examples/heap/observer/ExampleObserver_update.key 
24947      DEBUG main            d.u.i.k.p.i.AbstractProblemLoader Environment load took 238.2ns 
24948      INFO  main            d.u.i.k.p.i.AbstractProblemLoader Creating init config 
27721      DEBUG main            d.u.i.k.p.i.AbstractProblemLoader Init config took 2.77s 
27793      INFO  main            d.u.i.k.p.i.AbstractProblemLoader Replaying proof ExampleObserver[Observer::update()].JML normal_behavior operation contract.0 
27796      DEBUG main            d.u.i.k.p.i.IntermediateProofReplayer Proof replay took 8ns 
28200      INFO  main            d.u.i.k.p.r.p.TestFile    ... finished proof: closed. 
28368      INFO  main            d.u.i.k.p.i.AbstractProblemLoader Loading environment from /home/runner/work/key/key/key.core/../key.ui/examples/heap/observer/ExampleObserver_update.key.proof 
28369      DEBUG main            d.u.i.k.p.i.AbstractProblemLoader Environment load took 1.17ms 
28371      INFO  main            d.u.i.k.p.i.AbstractProblemLoader Creating init config 
31083      DEBUG main            d.u.i.k.p.i.AbstractProblemLoader Init config took 2.71s 
31131      INFO  main            d.u.i.k.p.i.AbstractProblemLoader Replaying proof ExampleObserver[Observer::update()].JML normal_behavior operation contract.0 
31183      DEBUG main            d.u.i.k.p.i.IntermediateProofReplayer Proof replay took 48.36ms 
31184      DEBUG main            d.u.i.k.p.r.p.TestFile    ... success: reloaded. 
31186      INFO  main            d.u.i.k.p.r.p.TestFile    Now processing file /home/runner/work/key/key/key.core/../key.ui/examples/heap/observer/ExampleObserver_upToDate.key 
31186      INFO  main            d.u.i.k.p.i.AbstractProblemLoader Loading environment from /home/runner/work/key/key/key.core/../key.ui/examples/heap/observer/ExampleObserver_upToDate.key 
31186      DEBUG main            d.u.i.k.p.i.AbstractProblemLoader Environment load took 240.4ns 
31188      INFO  main            d.u.i.k.p.i.AbstractProblemLoader Creating init config 
33958      DEBUG main            d.u.i.k.p.i.AbstractProblemLoader Init config took 2.77s 
34003      INFO  main            d.u.i.k.p.i.AbstractProblemLoader Replaying proof ExampleObserver[Observer::$upToDate()].JML accessible clause.0 
34005      DEBUG main            d.u.i.k.p.i.IntermediateProofReplayer Proof replay took 7.2ns 
34108      INFO  main            d.u.i.k.p.r.p.TestFile    ... finished proof: closed. 
34341      INFO  main            d.u.i.k.p.i.AbstractProblemLoader Loading environment from /home/runner/work/key/key/key.core/../key.ui/examples/heap/observer/ExampleObserver_upToDate.key.proof 
34342      DEBUG main            d.u.i.k.p.i.AbstractProblemLoader Environment load took 485.11ns 
34343      INFO  main            d.u.i.k.p.i.AbstractProblemLoader Creating init config 
37034      DEBUG main            d.u.i.k.p.i.AbstractProblemLoader Init config took 2.69s 
37085      INFO  main            d.u.i.k.p.i.AbstractProblemLoader Replaying proof ExampleObserver[Observer::$upToDate()].JML accessible clause.0 
37105      DEBUG main            d.u.i.k.p.i.IntermediateProofReplayer Proof replay took 17.38ms 
37106      DEBUG main            d.u.i.k.p.r.p.TestFile    ... success: reloaded. 
37108      INFO  main            d.u.i.k.p.r.p.TestFile    Now processing file /home/runner/work/key/key/key.core/../key.ui/examples/heap/observer/ExampleObserver_value.key 
37109      INFO  main            d.u.i.k.p.i.AbstractProblemLoader Loading environment from /home/runner/work/key/key/key.core/../key.ui/examples/heap/observer/ExampleObserver_value.key 
37109      DEBUG main            d.u.i.k.p.i.AbstractProblemLoader Environment load took 525.71ns 
37110      INFO  main            d.u.i.k.p.i.AbstractProblemLoader Creating init config 
39856      DEBUG main            d.u.i.k.p.i.AbstractProblemLoader Init config took 2.75s 
39904      INFO  main            d.u.i.k.p.i.AbstractProblemLoader Replaying proof ExampleObserver[ExampleObserver::value()].JML normal_behavior operation contract.0 
39906      DEBUG main            d.u.i.k.p.i.IntermediateProofReplayer Proof replay took 7.3ns 
40009      INFO  main            d.u.i.k.p.r.p.TestFile    ... finished proof: closed. 
40186      INFO  main            d.u.i.k.p.i.AbstractProblemLoader Loading environment from /home/runner/work/key/key/key.core/../key.ui/examples/heap/observer/ExampleObserver_value.key.proof 
40187      DEBUG main            d.u.i.k.p.i.AbstractProblemLoader Environment load took 130.1ns 
40188      INFO  main            d.u.i.k.p.i.AbstractProblemLoader Creating init config 
42911      DEBUG main            d.u.i.k.p.i.AbstractProblemLoader Init config took 2.72s 
42968      INFO  main            d.u.i.k.p.i.AbstractProblemLoader Replaying proof ExampleObserver[ExampleObserver::value()].JML normal_behavior operation contract.0 
42990      DEBUG main            d.u.i.k.p.i.IntermediateProofReplayer Proof replay took 17.27ms 
42991      DEBUG main            d.u.i.k.p.r.p.TestFile    ... success: reloaded. 
42993      INFO  main            d.u.i.k.p.r.p.TestFile    Now processing file /home/runner/work/key/key/key.core/../key.ui/examples/heap/observer/ExampleSubject_addObserver.key 
42993      INFO  main            d.u.i.k.p.i.AbstractProblemLoader Loading environment from /home/runner/work/key/key/key.core/../key.ui/examples/heap/observer/ExampleSubject_addObserver.key 
42993      DEBUG main            d.u.i.k.p.i.AbstractProblemLoader Environment load took 64.5ns 
42994      INFO  main            d.u.i.k.p.i.AbstractProblemLoader Creating init config 
45693      DEBUG main            d.u.i.k.p.i.AbstractProblemLoader Init config took 2.7s 
45744      INFO  main            d.u.i.k.p.i.AbstractProblemLoader Replaying proof ExampleSubject[Subject::addObserver(Observer)].JML normal_behavior operation contract.0 
45745      DEBUG main            d.u.i.k.p.i.IntermediateProofReplayer Proof replay took 7.3ns 
51010      INFO  main            d.u.i.k.p.r.p.TestFile    ... finished proof: closed. 
51253      INFO  main            d.u.i.k.p.i.AbstractProblemLoader Loading environment from /home/runner/work/key/key/key.core/../key.ui/examples/heap/observer/ExampleSubject_addObserver.key.proof 
51254      DEBUG main            d.u.i.k.p.i.AbstractProblemLoader Environment load took 146.9ns 
51255      INFO  main            d.u.i.k.p.i.AbstractProblemLoader Creating init config 
53908      DEBUG main            d.u.i.k.p.i.AbstractProblemLoader Init config took 2.65s 
53957      INFO  main            d.u.i.k.p.i.AbstractProblemLoader Replaying proof ExampleSubject[Subject::addObserver(Observer)].JML normal_behavior operation contract.0 
54460      DEBUG main            d.u.i.k.p.i.IntermediateProofReplayer Proof replay took 482.76ms 
54463      DEBUG main            d.u.i.k.p.r.p.TestFile    ... success: reloaded. 
54464      INFO  main            d.u.i.k.p.r.p.TestFile    Now processing file /home/runner/work/key/key/key.core/../key.ui/examples/heap/observer/ExampleSubject_change.key 
54465      INFO  main            d.u.i.k.p.i.AbstractProblemLoader Loading environment from /home/runner/work/key/key/key.core/../key.ui/examples/heap/observer/ExampleSubject_change.key 
54465      DEBUG main            d.u.i.k.p.i.AbstractProblemLoader Environment load took 268.7ns 
54466      INFO  main            d.u.i.k.p.i.AbstractProblemLoader Creating init config 
57148      DEBUG main            d.u.i.k.p.i.AbstractProblemLoader Init config took 2.68s 
57193      INFO  main            d.u.i.k.p.i.AbstractProblemLoader Replaying proof ExampleSubject[ExampleSubject::change()].JML normal_behavior operation contract.0 
57195      DEBUG main            d.u.i.k.p.i.IntermediateProofReplayer Proof replay took 6.6ns 
57701      INFO  main            d.u.i.k.p.r.p.TestFile    ... finished proof: closed. 
57896      INFO  main            d.u.i.k.p.i.AbstractProblemLoader Loading environment from /home/runner/work/key/key/key.core/../key.ui/examples/heap/observer/ExampleSubject_change.key.proof 
57896      DEBUG main            d.u.i.k.p.i.AbstractProblemLoader Environment load took 138.7ns 
57897      INFO  main            d.u.i.k.p.i.AbstractProblemLoader Creating init config 
60529      DEBUG main            d.u.i.k.p.i.AbstractProblemLoader Init config took 2.63s 
60587      INFO  main            d.u.i.k.p.i.AbstractProblemLoader Replaying proof ExampleSubject[ExampleSubject::change()].JML normal_behavior operation contract.0 
60639      DEBUG main            d.u.i.k.p.i.IntermediateProofReplayer Proof replay took 48.25ms 
60641      DEBUG main            d.u.i.k.p.r.p.TestFile    ... success: reloaded. 
60642      INFO  main            d.u.i.k.p.r.p.TestFile    Now processing file /home/runner/work/key/key/key.core/../key.ui/examples/heap/observer/ExampleSubject_ExampleSubject.key 
60643      INFO  main            d.u.i.k.p.i.AbstractProblemLoader Loading environment from /home/runner/work/key/key/key.core/../key.ui/examples/heap/observer/ExampleSubject_ExampleSubject.key 
60643      DEBUG main            d.u.i.k.p.i.AbstractProblemLoader Environment load took 235.1ns 
60644      INFO  main            d.u.i.k.p.i.AbstractProblemLoader Creating init config 
63370      DEBUG main            d.u.i.k.p.i.AbstractProblemLoader Init config took 2.73s 
63417      INFO  main            d.u.i.k.p.i.AbstractProblemLoader Replaying proof ExampleSubject[ExampleSubject::ExampleSubject()].JML normal_behavior operation contract.0 
63419      DEBUG main            d.u.i.k.p.i.IntermediateProofReplayer Proof replay took 8.1ns 
64423      INFO  main            d.u.i.k.p.r.p.TestFile    ... finished proof: closed. 
64626      INFO  main            d.u.i.k.p.i.AbstractProblemLoader Loading environment from /home/runner/work/key/key/key.core/../key.ui/examples/heap/observer/ExampleSubject_ExampleSubject.key.proof 
64626      DEBUG main            d.u.i.k.p.i.AbstractProblemLoader Environment load took 511.81ns 
64628      INFO  main            d.u.i.k.p.i.AbstractProblemLoader Creating init config 
67265      DEBUG main            d.u.i.k.p.i.AbstractProblemLoader Init config took 2.64s 
67324      INFO  main            d.u.i.k.p.i.AbstractProblemLoader Replaying proof ExampleSubject[ExampleSubject::ExampleSubject()].JML normal_behavior operation contract.0 
67458      DEBUG main            d.u.i.k.p.i.IntermediateProofReplayer Proof replay took 126.72ms 
67459      DEBUG main            d.u.i.k.p.r.p.TestFile    ... success: reloaded. 
67461      INFO  main            d.u.i.k.p.r.p.TestFile    Now processing file /home/runner/work/key/key/key.core/../key.ui/examples/heap/observer/ExampleSubject_footprint.key 
67461      INFO  main            d.u.i.k.p.i.AbstractProblemLoader Loading environment from /home/runner/work/key/key/key.core/../key.ui/examples/heap/observer/ExampleSubject_footprint.key 
67461      DEBUG main            d.u.i.k.p.i.AbstractProblemLoader Environment load took 258.5ns 
67462      INFO  main            d.u.i.k.p.i.AbstractProblemLoader Creating init config 
70150      DEBUG main            d.u.i.k.p.i.AbstractProblemLoader Init config took 2.69s 
70193      INFO  main            d.u.i.k.p.i.AbstractProblemLoader Replaying proof ExampleSubject[Subject::$footprint()].JML accessible clause.0 
70194      DEBUG main            d.u.i.k.p.i.IntermediateProofReplayer Proof replay took 7.1ns 
70297      INFO  main            d.u.i.k.p.r.p.TestFile    ... finished proof: closed. 
70493      INFO  main            d.u.i.k.p.i.AbstractProblemLoader Loading environment from /home/runner/work/key/key/key.core/../key.ui/examples/heap/observer/ExampleSubject_footprint.key.proof 
70493      DEBUG main            d.u.i.k.p.i.AbstractProblemLoader Environment load took 122.2ns 
70495      INFO  main            d.u.i.k.p.i.AbstractProblemLoader Creating init config 
73127      DEBUG main            d.u.i.k.p.i.AbstractProblemLoader Init config took 2.63s 
73171      INFO  main            d.u.i.k.p.i.AbstractProblemLoader Replaying proof ExampleSubject[Subject::$footprint()].JML accessible clause.0 
73184      DEBUG main            d.u.i.k.p.i.IntermediateProofReplayer Proof replay took 10.31ms 
73185      DEBUG main            d.u.i.k.p.r.p.TestFile    ... success: reloaded. 
73187      INFO  main            d.u.i.k.p.r.p.TestFile    Now processing file /home/runner/work/key/key/key.core/../key.ui/examples/heap/observer/ExampleSubject_inv.key 
73187      INFO  main            d.u.i.k.p.i.AbstractProblemLoader Loading environment from /home/runner/work/key/key/key.core/../key.ui/examples/heap/observer/ExampleSubject_inv.key 
73187      DEBUG main            d.u.i.k.p.i.AbstractProblemLoader Environment load took 222.1ns 
73188      INFO  main            d.u.i.k.p.i.AbstractProblemLoader Creating init config 
75878      DEBUG main            d.u.i.k.p.i.AbstractProblemLoader Init config took 2.69s 
75926      INFO  main            d.u.i.k.p.i.AbstractProblemLoader Replaying proof ExampleSubject[java.lang.Object::<inv>()].JML accessible clause.0 
75928      DEBUG main            d.u.i.k.p.i.IntermediateProofReplayer Proof replay took 6ns 
77036      INFO  main            d.u.i.k.p.r.p.TestFile    ... finished proof: closed. 
77243      INFO  main            d.u.i.k.p.i.AbstractProblemLoader Loading environment from /home/runner/work/key/key/key.core/../key.ui/examples/heap/observer/ExampleSubject_inv.key.proof 
77244      DEBUG main            d.u.i.k.p.i.AbstractProblemLoader Environment load took 511.11ns 
77251      INFO  main            d.u.i.k.p.i.AbstractProblemLoader Creating init config 
79893      DEBUG main            d.u.i.k.p.i.AbstractProblemLoader Init config took 2.64s 
79936      INFO  main            d.u.i.k.p.i.AbstractProblemLoader Replaying proof ExampleSubject[java.lang.Object::<inv>()].JML accessible clause.0 
80007      DEBUG main            d.u.i.k.p.i.IntermediateProofReplayer Proof replay took 64.15ms 
80009      DEBUG main            d.u.i.k.p.r.p.TestFile    ... success: reloaded. 
80010      INFO  main            d.u.i.k.p.r.p.TestFile    Now processing file /home/runner/work/key/key/key.core/../key.ui/examples/heap/observer/ExampleSubject_notifyObservers.key 
80011      INFO  main            d.u.i.k.p.i.AbstractProblemLoader Loading environment from /home/runner/work/key/key/key.core/../key.ui/examples/heap/observer/ExampleSubject_notifyObservers.key 
80011      DEBUG main            d.u.i.k.p.i.AbstractProblemLoader Environment load took 241.4ns 
80012      INFO  main            d.u.i.k.p.i.AbstractProblemLoader Creating init config 
82654      DEBUG main            d.u.i.k.p.i.AbstractProblemLoader Init config took 2.64s 
82696      INFO  main            d.u.i.k.p.i.AbstractProblemLoader Replaying proof Subject[Subject::notifyObservers()].JML normal_behavior operation contract.0 
82698      DEBUG main            d.u.i.k.p.i.IntermediateProofReplayer Proof replay took 6.1ns 
82800      INFO  main            d.u.i.k.p.r.p.TestFile    ... finished proof: closed. 
83001      INFO  main            d.u.i.k.p.i.AbstractProblemLoader Loading environment from /home/runner/work/key/key/key.core/../key.ui/examples/heap/observer/ExampleSubject_notifyObservers.key.proof 
83001      DEBUG main            d.u.i.k.p.i.AbstractProblemLoader Environment load took 129.1ns 
83002      INFO  main            d.u.i.k.p.i.AbstractProblemLoader Creating init config 
85607      DEBUG main            d.u.i.k.p.i.AbstractProblemLoader Init config took 2.61s 
85649      INFO  main            d.u.i.k.p.i.AbstractProblemLoader Replaying proof Subject[Subject::notifyObservers()].JML normal_behavior operation contract.0 
85653      DEBUG main            d.u.i.k.p.i.IntermediateProofReplayer Proof replay took 2.1ms 
85654      DEBUG main            d.u.i.k.p.r.p.TestFile    ... success: reloaded. 
85655      INFO  main            d.u.i.k.p.r.p.TestFile    Now processing file /home/runner/work/key/key/key.core/../key.ui/examples/heap/observer/ExampleSubject_value_dep.key 
85655      INFO  main            d.u.i.k.p.i.AbstractProblemLoader Loading environment from /home/runner/work/key/key/key.core/../key.ui/examples/heap/observer/ExampleSubject_value_dep.key 
85655      DEBUG main            d.u.i.k.p.i.AbstractProblemLoader Environment load took 98.1ns 
85656      INFO  main            d.u.i.k.p.i.AbstractProblemLoader Creating init config 
88335      DEBUG main            d.u.i.k.p.i.AbstractProblemLoader Init config took 2.68s 
88376      INFO  main            d.u.i.k.p.i.AbstractProblemLoader Replaying proof ExampleSubject[ExampleSubject::value()].JML accessible clause.0 
88378      DEBUG main            d.u.i.k.p.i.IntermediateProofReplayer Proof replay took 6.5ns 
88480      INFO  main            d.u.i.k.p.r.p.TestFile    ... finished proof: closed. 
88690      INFO  main            d.u.i.k.p.i.AbstractProblemLoader Loading environment from /home/runner/work/key/key/key.core/../key.ui/examples/heap/observer/ExampleSubject_value_dep.key.proof 
88690      DEBUG main            d.u.i.k.p.i.AbstractProblemLoader Environment load took 118.5ns 
88691      INFO  main            d.u.i.k.p.i.AbstractProblemLoader Creating init config 
91265      DEBUG main            d.u.i.k.p.i.AbstractProblemLoader Init config took 2.57s 
91309      INFO  main            d.u.i.k.p.i.AbstractProblemLoader Replaying proof ExampleSubject[ExampleSubject::value()].JML accessible clause.0 
91323      DEBUG main            d.u.i.k.p.i.IntermediateProofReplayer Proof replay took 9.83ms 
91324      DEBUG main            d.u.i.k.p.r.p.TestFile    ... success: reloaded. 
91325      INFO  main            d.u.i.k.p.r.p.TestFile    Now processing file /home/runner/work/key/key/key.core/../key.ui/examples/heap/observer/ExampleSubject_value.key 
91325      INFO  main            d.u.i.k.p.i.AbstractProblemLoader Loading environment from /home/runner/work/key/key/key.core/../key.ui/examples/heap/observer/ExampleSubject_value.key 
91326      DEBUG main            d.u.i.k.p.i.AbstractProblemLoader Environment load took 97.9ns 
91326      INFO  main            d.u.i.k.p.i.AbstractProblemLoader Creating init config 
94003      DEBUG main            d.u.i.k.p.i.AbstractProblemLoader Init config took 2.68s 
94044      INFO  main            d.u.i.k.p.i.AbstractProblemLoader Replaying proof ExampleSubject[ExampleSubject::value()].JML normal_behavior operation contract.0 
94046      DEBUG main            d.u.i.k.p.i.IntermediateProofReplayer Proof replay took 6.5ns 
94148      INFO  main            d.u.i.k.p.r.p.TestFile    ... finished proof: closed. 
94362      INFO  main            d.u.i.k.p.i.AbstractProblemLoader Loading environment from /home/runner/work/key/key/key.core/../key.ui/examples/heap/observer/ExampleSubject_value.key.proof 
94362      DEBUG main            d.u.i.k.p.i.AbstractProblemLoader Environment load took 118.3ns 
94363      INFO  main            d.u.i.k.p.i.AbstractProblemLoader Creating init config 
96940      DEBUG main            d.u.i.k.p.i.AbstractProblemLoader Init config took 2.58s 
96981      INFO  main            d.u.i.k.p.i.AbstractProblemLoader Replaying proof ExampleSubject[ExampleSubject::value()].JML normal_behavior operation contract.0 
96991      DEBUG main            d.u.i.k.p.i.IntermediateProofReplayer Proof replay took 8.54ms 
96992      DEBUG main            d.u.i.k.p.r.p.TestFile    ... success: reloaded. 
1443119    INFO  Test worker     d.u.i.k.p.r.RunAllProofsTestUnit Returning from test observer 
1443120    INFO  Test worker     d.u.i.k.p.r.RunAllProofsTestUnit Running test removeDups 
368        INFO  Timeout watchdog d.u.i.k.p.r.p.ForkedTestFileRunner Timeout watcher launched (2000 secs.) 
380        WARN  main            d.u.i.k.s.ProofSettings   The settings in /home/runner/.key/proof-settings.props are *not* read. 
407        INFO  main            d.u.i.k.p.r.p.TestFile    Now processing file /home/runner/work/key/key/key.core/../key.ui/examples/heap/removeDups/arrayPart.key 
565        INFO  main            d.u.i.k.p.i.AbstractProblemLoader Loading environment from /home/runner/work/key/key/key.core/../key.ui/examples/heap/removeDups/arrayPart.key 
583        DEBUG main            d.u.i.k.p.i.AbstractProblemLoader Environment load took 1.98ms 
796        INFO  main            d.u.i.k.p.i.AbstractProblemLoader Creating init config 
1780       DEBUG main            d.u.i.k.j.TypeConverter   No LDT found for Meta 
1780       DEBUG main            d.u.i.k.j.TypeConverter   No LDT found for Meta 
1783       DEBUG main            d.u.i.k.j.TypeConverter   No LDT found for Meta 
1783       DEBUG main            d.u.i.k.j.TypeConverter   No LDT found for Meta 
3242       DEBUG main            d.u.i.k.j.TypeConverter   No LDT found for JavaBigintExpression 
8089       DEBUG main            d.u.i.k.p.i.AbstractProblemLoader Init config took 7.29s 
8209       INFO  main            d.u.i.k.p.i.AbstractProblemLoader Replaying proof RemoveDup[RemoveDup::arrayPart([I,int)].JML normal_behavior operation contract.0 
8240       DEBUG main            d.u.i.k.p.i.IntermediateProofReplayer Proof replay took 30.7ns 
10965      INFO  main            d.u.i.k.p.r.p.TestFile    ... finished proof: closed. 
11102      INFO  main            d.u.i.k.p.i.AbstractProblemLoader Loading environment from /home/runner/work/key/key/key.core/../key.ui/examples/heap/removeDups/arrayPart.key.proof 
11103      DEBUG main            d.u.i.k.p.i.AbstractProblemLoader Environment load took 583.31ns 
11105      INFO  main            d.u.i.k.p.i.AbstractProblemLoader Creating init config 
13746      DEBUG main            d.u.i.k.p.i.AbstractProblemLoader Init config took 2.64s 
13844      INFO  main            d.u.i.k.p.i.AbstractProblemLoader Replaying proof RemoveDup[RemoveDup::arrayPart([I,int)].JML normal_behavior operation contract.0 
14232      DEBUG main            d.u.i.k.p.i.IntermediateProofReplayer Proof replay took 344.89ms 
14239      DEBUG main            d.u.i.k.p.r.p.TestFile    ... success: reloaded. 
14242      INFO  main            d.u.i.k.p.r.p.TestFile    Now processing file /home/runner/work/key/key/key.core/../key.ui/examples/heap/removeDups/contains.key 
14242      INFO  main            d.u.i.k.p.i.AbstractProblemLoader Loading environment from /home/runner/work/key/key/key.core/../key.ui/examples/heap/removeDups/contains.key 
14242      DEBUG main            d.u.i.k.p.i.AbstractProblemLoader Environment load took 250.4ns 
14246      INFO  main            d.u.i.k.p.i.AbstractProblemLoader Creating init config 
16849      DEBUG main            d.u.i.k.p.i.AbstractProblemLoader Init config took 2.6s 
16904      INFO  main            d.u.i.k.p.i.AbstractProblemLoader Replaying proof RemoveDup[RemoveDup::contains([I,int,int)].JML normal_behavior operation contract.0 
16907      DEBUG main            d.u.i.k.p.i.IntermediateProofReplayer Proof replay took 6.1ns 
17411      INFO  main            d.u.i.k.p.r.p.TestFile    ... finished proof: closed. 
17587      INFO  main            d.u.i.k.p.i.AbstractProblemLoader Loading environment from /home/runner/work/key/key/key.core/../key.ui/examples/heap/removeDups/contains.key.proof 
17588      DEBUG main            d.u.i.k.p.i.AbstractProblemLoader Environment load took 1.06ms 
17593      INFO  main            d.u.i.k.p.i.AbstractProblemLoader Creating init config 
20159      DEBUG main            d.u.i.k.p.i.AbstractProblemLoader Init config took 2.57s 
20206      INFO  main            d.u.i.k.p.i.AbstractProblemLoader Replaying proof RemoveDup[RemoveDup::contains([I,int,int)].JML normal_behavior operation contract.0 
20287      DEBUG main            d.u.i.k.p.i.IntermediateProofReplayer Proof replay took 75.65ms 
20288      DEBUG main            d.u.i.k.p.r.p.TestFile    ... success: reloaded. 
20289      INFO  main            d.u.i.k.p.r.p.TestFile    Now processing file /home/runner/work/key/key/key.core/../key.ui/examples/heap/removeDups/removeDup.key 
20289      INFO  main            d.u.i.k.p.i.AbstractProblemLoader Loading environment from /home/runner/work/key/key/key.core/../key.ui/examples/heap/removeDups/removeDup.key 
20290      DEBUG main            d.u.i.k.p.i.AbstractProblemLoader Environment load took 222.7ns 
20291      INFO  main            d.u.i.k.p.i.AbstractProblemLoader Creating init config 
22806      DEBUG main            d.u.i.k.p.i.AbstractProblemLoader Init config took 2.52s 
22874      INFO  main            d.u.i.k.p.i.AbstractProblemLoader Replaying proof RemoveDup[RemoveDup::removeDup([I)].JML normal_behavior operation contract.0 
22876      DEBUG main            d.u.i.k.p.i.IntermediateProofReplayer Proof replay took 6ns 
42605      INFO  main            d.u.i.k.p.r.p.TestFile    ... finished proof: closed. 
42866      INFO  main            d.u.i.k.p.i.AbstractProblemLoader Loading environment from /home/runner/work/key/key/key.core/../key.ui/examples/heap/removeDups/removeDup.key.proof 
42867      DEBUG main            d.u.i.k.p.i.AbstractProblemLoader Environment load took 259.2ns 
42876      INFO  main            d.u.i.k.p.i.AbstractProblemLoader Creating init config 
45298      DEBUG main            d.u.i.k.p.i.AbstractProblemLoader Init config took 2.42s 
45357      INFO  main            d.u.i.k.p.i.AbstractProblemLoader Replaying proof RemoveDup[RemoveDup::removeDup([I)].JML normal_behavior operation contract.0 
46685      DEBUG main            d.u.i.k.p.i.IntermediateProofReplayer Proof replay took 1.27s 
46688      DEBUG main            d.u.i.k.p.r.p.TestFile    ... success: reloaded. 
46691      INFO  main            d.u.i.k.p.r.p.TestFile    Now processing file /home/runner/work/key/key/key.core/../key.ui/examples/heap/saddleback_search/Saddleback_search.key 
46691      INFO  main            d.u.i.k.p.i.AbstractProblemLoader Loading environment from /home/runner/work/key/key/key.core/../key.ui/examples/heap/saddleback_search/Saddleback_search.key 
46691      DEBUG main            d.u.i.k.p.i.AbstractProblemLoader Environment load took 245ns 
46693      INFO  main            d.u.i.k.p.i.AbstractProblemLoader Creating init config 
49275      DEBUG main            d.u.i.k.p.i.AbstractProblemLoader Init config took 2.58s 
49338      INFO  main            d.u.i.k.p.i.AbstractProblemLoader Replaying proof Saddleback[Saddleback::search([[I,int)].JML normal_behavior operation contract.0 
49346      DEBUG main            d.u.i.k.p.i.IntermediateProofReplayer Proof replay took 6.5ns 
124045     INFO  main            d.u.i.k.p.r.p.TestFile    ... finished proof: closed. 
124399     INFO  main            d.u.i.k.p.i.AbstractProblemLoader Loading environment from /home/runner/work/key/key/key.core/../key.ui/examples/heap/saddleback_search/Saddleback_search.key.proof 
124399     DEBUG main            d.u.i.k.p.i.AbstractProblemLoader Environment load took 469.51ns 
124409     INFO  main            d.u.i.k.p.i.AbstractProblemLoader Creating init config 
126784     DEBUG main            d.u.i.k.p.i.AbstractProblemLoader Init config took 2.37s 
126831     INFO  main            d.u.i.k.p.i.AbstractProblemLoader Replaying proof Saddleback[Saddleback::search([[I,int)].JML normal_behavior operation contract.0 
128403     DEBUG main            d.u.i.k.p.i.IntermediateProofReplayer Proof replay took 1.43s 
128414     DEBUG main            d.u.i.k.p.r.p.TestFile    ... success: reloaded. 
1571710    INFO  Test worker     d.u.i.k.p.r.RunAllProofsTestUnit Returning from test removeDups 
1571711    INFO  Test worker     d.u.i.k.p.r.RunAllProofsTestUnit Running test quicksort 
362        INFO  Timeout watchdog d.u.i.k.p.r.p.ForkedTestFileRunner Timeout watcher launched (2000 secs.) 
371        WARN  main            d.u.i.k.s.ProofSettings   The settings in /home/runner/.key/proof-settings.props are *not* read. 
411        INFO  main            d.u.i.k.p.r.p.TestFile    Now processing file /home/runner/work/key/key/key.core/../key.ui/examples/heap/quicksort/toplevel.key 
559        INFO  main            d.u.i.k.p.i.AbstractProblemLoader Loading environment from /home/runner/work/key/key/key.core/../key.ui/examples/heap/quicksort/toplevel.key 
585        DEBUG main            d.u.i.k.p.i.AbstractProblemLoader Environment load took 2.07ms 
810        INFO  main            d.u.i.k.p.i.AbstractProblemLoader Creating init config 
1666       DEBUG main            d.u.i.k.j.TypeConverter   No LDT found for Meta 
1667       DEBUG main            d.u.i.k.j.TypeConverter   No LDT found for Meta 
1668       DEBUG main            d.u.i.k.j.TypeConverter   No LDT found for Meta 
1669       DEBUG main            d.u.i.k.j.TypeConverter   No LDT found for Meta 
2842       DEBUG main            d.u.i.k.j.TypeConverter   No LDT found for JavaBigintExpression 
7844       DEBUG main            d.u.i.k.p.i.AbstractProblemLoader Init config took 7.03s 
7967       INFO  main            d.u.i.k.p.i.AbstractProblemLoader Replaying proof Quicksort[Quicksort::sort([I)].JML normal_behavior operation contract.0 
8000       DEBUG main            d.u.i.k.p.i.IntermediateProofReplayer Proof replay took 30.5ns 
9249       INFO  main            d.u.i.k.p.r.p.TestFile    ... finished proof: closed. 
9379       INFO  main            d.u.i.k.p.i.AbstractProblemLoader Loading environment from /home/runner/work/key/key/key.core/../key.ui/examples/heap/quicksort/toplevel.key.proof 
9382       DEBUG main            d.u.i.k.p.i.AbstractProblemLoader Environment load took 2.08ms 
9384       INFO  main            d.u.i.k.p.i.AbstractProblemLoader Creating init config 
12325      DEBUG main            d.u.i.k.p.i.AbstractProblemLoader Init config took 2.94s 
12412      INFO  main            d.u.i.k.p.i.AbstractProblemLoader Replaying proof Quicksort[Quicksort::sort([I)].JML normal_behavior operation contract.0 
12544      DEBUG main            d.u.i.k.p.i.IntermediateProofReplayer Proof replay took 124.3ms 
12551      DEBUG main            d.u.i.k.p.r.p.TestFile    ... success: reloaded. 
12553      INFO  main            d.u.i.k.p.r.p.TestFile    Now processing file /home/runner/work/key/key/key.core/../key.ui/examples/heap/quicksort/sort.key 
12554      INFO  main            d.u.i.k.p.i.AbstractProblemLoader Loading environment from /home/runner/work/key/key/key.core/../key.ui/examples/heap/quicksort/sort.key 
12554      DEBUG main            d.u.i.k.p.i.AbstractProblemLoader Environment load took 255.41ns 
12556      INFO  main            d.u.i.k.p.i.AbstractProblemLoader Creating init config 
15384      DEBUG main            d.u.i.k.p.i.AbstractProblemLoader Init config took 2.83s 
15443      INFO  main            d.u.i.k.p.i.AbstractProblemLoader Replaying proof Quicksort[Quicksort::sort([I,int,int)].JML normal_behavior operation contract.0 
15447      DEBUG main            d.u.i.k.p.i.IntermediateProofReplayer Proof replay took 20.9ns 
15475      DEBUG main            d.u.i.k.m.s.ProofScriptEngine [1] goal: 0, source line: 7, command: 'script 'sort.script'' 
15476      INFO  main            d.u.i.k.m.s.ProofScriptCommand Included script /home/runner/work/key/key/key.core/../key.ui/examples/heap/quicksort/sort.script 
15478      DEBUG main            d.u.i.k.m.s.ProofScriptEngine [1] goal: 0, source line: 1, command: 'macro autopilot-prep' 
16525      DEBUG main            d.u.i.k.m.s.ProofScriptEngine [2] goal: 358, source line: 3, command: 'select formula="{heapAtPre:=heap || exc:=null || heap:=heapAfter_sort_0}
   seq ...' 
16529      DEBUG main            d.u.i.k.m.s.ProofScriptEngine [3] goal: 358, source line: 9, command: 'macro simp-upd' 
16542      DEBUG main            d.u.i.k.m.s.ProofScriptEngine [4] goal: 369, source line: 11, command: 'let   @seqPre="seqDef{int u;}(0, array.length, array[u])"
    @seqSplit="seqDef ...' 
16545      DEBUG main            d.u.i.k.m.s.ProofScriptEngine [5] goal: 369, source line: 16, command: 'rule seqPermSym 
  formula="seqPerm(@seqSplit, @seqPre)"' 
16562      DEBUG main            d.u.i.k.m.s.ProofScriptEngine [6] goal: 370, source line: 19, command: 'rule seqPermSym
  formula="seqPerm(@seqSort, @seqSplit)"' 
16564      DEBUG main            d.u.i.k.m.s.ProofScriptEngine [7] goal: 371, source line: 22, command: 'rule seqPermSym
  formula="seqPerm(@seqSort0, @seqSort)"' 
16566      DEBUG main            d.u.i.k.m.s.ProofScriptEngine [8] goal: 372, source line: 25, command: 'rule seqPermTrans
  formula="seqPerm(@seqPre, @seqSplit)"' 
16567      DEBUG main            d.u.i.k.m.s.ProofScriptEngine [9] goal: 373, source line: 28, command: 'rule seqPermTrans
  formula="seqPerm(@seqPre, @seqSort)"' 
16569      DEBUG main            d.u.i.k.m.s.ProofScriptEngine [10] goal: 374, source line: 31, command: 'rule seqPermSym
  formula="seqPerm(@seqPre, @seqSort0)"' 
16570      DEBUG main            d.u.i.k.m.s.ProofScriptEngine [11] goal: 375, source line: 34, command: 'tryclose' 
41515      INFO  main            d.u.i.k.p.r.p.TestFile    ... finished proof: closed. 
41812      INFO  main            d.u.i.k.p.i.AbstractProblemLoader Loading environment from /home/runner/work/key/key/key.core/../key.ui/examples/heap/quicksort/sort.key.proof 
41812      DEBUG main            d.u.i.k.p.i.AbstractProblemLoader Environment load took 512.01ns 
41825      INFO  main            d.u.i.k.p.i.AbstractProblemLoader Creating init config 
44621      DEBUG main            d.u.i.k.p.i.AbstractProblemLoader Init config took 2.8s 
44686      INFO  main            d.u.i.k.p.i.AbstractProblemLoader Replaying proof Quicksort[Quicksort::sort([I,int,int)].JML normal_behavior operation contract.0 
46049      DEBUG main            d.u.i.k.p.i.IntermediateProofReplayer Proof replay took 1.22s 
46057      WARN  main            d.u.i.k.p.r.p.TestFile    Replay exception de.uka.ilkd.key.proof.io.ProblemLoaderException: Error loading proof.
Line 3526, goal 3454, rule allLeft not available or not applicable in this context.
	at de.uka.ilkd.key.proof.io.IntermediateProofReplayer.reportError(IntermediateProofReplayer.java:813)
Caused by: de.uka.ilkd.key.util.parsing.BuildingException: Malformed origin string: "requires @ file:/home/runner/work/key/key/key.ui/examples/heap/quicksort/Quicksort.java:49"
(Well-formed origins have one of the following formats: "spec_type @ file <file name> @ line <line number>")
spec_type @ node <node number> (<rule name>)")
spec_type (implicit)")
 at <unknown>:1:5
	at de.uka.ilkd.key.nparser.builder.ExpressionBuilder.visitSingle_label(ExpressionBuilder.java:932)
Caused by: de.uka.ilkd.key.logic.label.TermLabelException: Malformed origin string: "requires @ file:/home/runner/work/key/key/key.ui/examples/heap/quicksort/Quicksort.java:49"
(Well-formed origins have one of the following formats: "spec_type @ file <file name> @ line <line number>")
spec_type @ node <node number> (<rule name>)")
spec_type (implicit)")

	at de.uka.ilkd.key.logic.label.OriginTermLabelFactory.parseOrigin(OriginTermLabelFactory.java:116)

46059      WARN  main            d.u.i.k.p.r.p.TestFile    Replay exception de.uka.ilkd.key.proof.io.ProblemLoaderException: Error loading proof.
Line 4724, goal 4100, rule allLeft not available or not applicable in this context.
	at de.uka.ilkd.key.proof.io.IntermediateProofReplayer.reportError(IntermediateProofReplayer.java:813)
Caused by: de.uka.ilkd.key.util.parsing.BuildingException: Malformed origin string: "requires @ file:/home/runner/work/key/key/key.ui/examples/heap/quicksort/Quicksort.java:49"
(Well-formed origins have one of the following formats: "spec_type @ file <file name> @ line <line number>")
spec_type @ node <node number> (<rule name>)")
spec_type (implicit)")
 at <unknown>:1:5
	at de.uka.ilkd.key.nparser.builder.ExpressionBuilder.visitSingle_label(ExpressionBuilder.java:932)
Caused by: de.uka.ilkd.key.logic.label.TermLabelException: Malformed origin string: "requires @ file:/home/runner/work/key/key/key.ui/examples/heap/quicksort/Quicksort.java:49"
(Well-formed origins have one of the following formats: "spec_type @ file <file name> @ line <line number>")
spec_type @ node <node number> (<rule name>)")
spec_type (implicit)")

	at de.uka.ilkd.key.logic.label.OriginTermLabelFactory.parseOrigin(OriginTermLabelFactory.java:116)

46062      WARN  main            d.u.i.k.p.r.p.TestFile    Replay exception de.uka.ilkd.key.proof.io.ProblemLoaderException: Error loading proof.
Line 5873, goal 4830, rule allLeft not available or not applicable in this context.
	at de.uka.ilkd.key.proof.io.IntermediateProofReplayer.reportError(IntermediateProofReplayer.java:813)
Caused by: de.uka.ilkd.key.util.parsing.BuildingException: Malformed origin string: "requires @ file:/home/runner/work/key/key/key.ui/examples/heap/quicksort/Quicksort.java:49"
(Well-formed origins have one of the following formats: "spec_type @ file <file name> @ line <line number>")
spec_type @ node <node number> (<rule name>)")
spec_type (implicit)")
 at <unknown>:1:5
	at de.uka.ilkd.key.nparser.builder.ExpressionBuilder.visitSingle_label(ExpressionBuilder.java:932)
Caused by: de.uka.ilkd.key.logic.label.TermLabelException: Malformed origin string: "requires @ file:/home/runner/work/key/key/key.ui/examples/heap/quicksort/Quicksort.java:49"
(Well-formed origins have one of the following formats: "spec_type @ file <file name> @ line <line number>")
spec_type @ node <node number> (<rule name>)")
spec_type (implicit)")

	at de.uka.ilkd.key.logic.label.OriginTermLabelFactory.parseOrigin(OriginTermLabelFactory.java:116)

46062      WARN  main            d.u.i.k.p.r.p.TestFile    Replay exception de.uka.ilkd.key.proof.io.ProblemLoaderException: Error loading proof.
Line 6260, goal 4880, rule allLeft not available or not applicable in this context.
	at de.uka.ilkd.key.proof.io.IntermediateProofReplayer.reportError(IntermediateProofReplayer.java:813)
Caused by: de.uka.ilkd.key.util.parsing.BuildingException: Malformed origin string: "requires @ file:/home/runner/work/key/key/key.ui/examples/heap/quicksort/Quicksort.java:49"
(Well-formed origins have one of the following formats: "spec_type @ file <file name> @ line <line number>")
spec_type @ node <node number> (<rule name>)")
spec_type (implicit)")
 at <unknown>:1:5
	at de.uka.ilkd.key.nparser.builder.ExpressionBuilder.visitSingle_label(ExpressionBuilder.java:932)
Caused by: de.uka.ilkd.key.logic.label.TermLabelException: Malformed origin string: "requires @ file:/home/runner/work/key/key/key.ui/examples/heap/quicksort/Quicksort.java:49"
(Well-formed origins have one of the following formats: "spec_type @ file <file name> @ line <line number>")
spec_type @ node <node number> (<rule name>)")
spec_type (implicit)")

	at de.uka.ilkd.key.logic.label.OriginTermLabelFactory.parseOrigin(OriginTermLabelFactory.java:116)

46063      WARN  main            d.u.i.k.p.r.p.TestFile    Replay exception de.uka.ilkd.key.proof.io.ProblemLoaderException: Error loading proof.
Line 8283, goal 6491, rule allLeft not available or not applicable in this context.
	at de.uka.ilkd.key.proof.io.IntermediateProofReplayer.reportError(IntermediateProofReplayer.java:813)
Caused by: de.uka.ilkd.key.util.parsing.BuildingException: Malformed origin string: "requires @ file:/home/runner/work/key/key/key.ui/examples/heap/quicksort/Quicksort.java:49"
(Well-formed origins have one of the following formats: "spec_type @ file <file name> @ line <line number>")
spec_type @ node <node number> (<rule name>)")
spec_type (implicit)")
 at <unknown>:1:5
	at de.uka.ilkd.key.nparser.builder.ExpressionBuilder.visitSingle_label(ExpressionBuilder.java:932)
Caused by: de.uka.ilkd.key.logic.label.TermLabelException: Malformed origin string: "requires @ file:/home/runner/work/key/key/key.ui/examples/heap/quicksort/Quicksort.java:49"
(Well-formed origins have one of the following formats: "spec_type @ file <file name> @ line <line number>")
spec_type @ node <node number> (<rule name>)")
spec_type (implicit)")

	at de.uka.ilkd.key.logic.label.OriginTermLabelFactory.parseOrigin(OriginTermLabelFactory.java:116)

46063      WARN  main            d.u.i.k.p.r.p.TestFile    Replay exception de.uka.ilkd.key.proof.io.ProblemLoaderException: Error loading proof.
Line 8586, goal 6699, rule allLeft not available or not applicable in this context.
	at de.uka.ilkd.key.proof.io.IntermediateProofReplayer.reportError(IntermediateProofReplayer.java:813)
Caused by: de.uka.ilkd.key.util.parsing.BuildingException: Malformed origin string: "ensures @ file:/home/runner/work/key/key/key.ui/examples/heap/quicksort/Quicksort.java:72"
(Well-formed origins have one of the following formats: "spec_type @ file <file name> @ line <line number>")
spec_type @ node <node number> (<rule name>)")
spec_type (implicit)")
 at <unknown>:1:15
	at de.uka.ilkd.key.nparser.builder.ExpressionBuilder.visitSingle_label(ExpressionBuilder.java:932)
Caused by: de.uka.ilkd.key.logic.label.TermLabelException: Malformed origin string: "ensures @ file:/home/runner/work/key/key/key.ui/examples/heap/quicksort/Quicksort.java:72"
(Well-formed origins have one of the following formats: "spec_type @ file <file name> @ line <line number>")
spec_type @ node <node number> (<rule name>)")
spec_type (implicit)")

	at de.uka.ilkd.key.logic.label.OriginTermLabelFactory.parseOrigin(OriginTermLabelFactory.java:116)

46063      WARN  main            d.u.i.k.p.r.p.TestFile    Replay exception de.uka.ilkd.key.proof.io.ProblemLoaderException: Error loading proof.
Line 9336, goal 7380, rule allLeft not available or not applicable in this context.
	at de.uka.ilkd.key.proof.io.IntermediateProofReplayer.reportError(IntermediateProofReplayer.java:813)
Caused by: de.uka.ilkd.key.util.parsing.BuildingException: Malformed origin string: "requires @ file:/home/runner/work/key/key/key.ui/examples/heap/quicksort/Quicksort.java:49"
(Well-formed origins have one of the following formats: "spec_type @ file <file name> @ line <line number>")
spec_type @ node <node number> (<rule name>)")
spec_type (implicit)")
 at <unknown>:1:5
	at de.uka.ilkd.key.nparser.builder.ExpressionBuilder.visitSingle_label(ExpressionBuilder.java:932)
Caused by: de.uka.ilkd.key.logic.label.TermLabelException: Malformed origin string: "requires @ file:/home/runner/work/key/key/key.ui/examples/heap/quicksort/Quicksort.java:49"
(Well-formed origins have one of the following formats: "spec_type @ file <file name> @ line <line number>")
spec_type @ node <node number> (<rule name>)")
spec_type (implicit)")

	at de.uka.ilkd.key.logic.label.OriginTermLabelFactory.parseOrigin(OriginTermLabelFactory.java:116)

46063      WARN  main            d.u.i.k.p.r.p.TestFile    Replay exception de.uka.ilkd.key.proof.io.ProblemLoaderException: Error loading proof.
Line 11342, goal 9214, rule allLeft not available or not applicable in this context.
	at de.uka.ilkd.key.proof.io.IntermediateProofReplayer.reportError(IntermediateProofReplayer.java:813)
Caused by: de.uka.ilkd.key.util.parsing.BuildingException: Malformed origin string: "requires @ file:/home/runner/work/key/key/key.ui/examples/heap/quicksort/Quicksort.java:49"
(Well-formed origins have one of the following formats: "spec_type @ file <file name> @ line <line number>")
spec_type @ node <node number> (<rule name>)")
spec_type (implicit)")
 at <unknown>:1:5
	at de.uka.ilkd.key.nparser.builder.ExpressionBuilder.visitSingle_label(ExpressionBuilder.java:932)
Caused by: de.uka.ilkd.key.logic.label.TermLabelException: Malformed origin string: "requires @ file:/home/runner/work/key/key/key.ui/examples/heap/quicksort/Quicksort.java:49"
(Well-formed origins have one of the following formats: "spec_type @ file <file name> @ line <line number>")
spec_type @ node <node number> (<rule name>)")
spec_type (implicit)")

	at de.uka.ilkd.key.logic.label.OriginTermLabelFactory.parseOrigin(OriginTermLabelFactory.java:116)

46064      WARN  main            d.u.i.k.p.r.p.TestFile    Replay exception de.uka.ilkd.key.proof.io.ProblemLoaderException: Error loading proof.
Line 15743, goal 13157, rule allLeft not available or not applicable in this context.
	at de.uka.ilkd.key.proof.io.IntermediateProofReplayer.reportError(IntermediateProofReplayer.java:813)
Caused by: de.uka.ilkd.key.util.parsing.BuildingException: Malformed origin string: "requires @ file:/home/runner/work/key/key/key.ui/examples/heap/quicksort/Quicksort.java:49"
(Well-formed origins have one of the following formats: "spec_type @ file <file name> @ line <line number>")
spec_type @ node <node number> (<rule name>)")
spec_type (implicit)")
 at <unknown>:1:5
	at de.uka.ilkd.key.nparser.builder.ExpressionBuilder.visitSingle_label(ExpressionBuilder.java:932)
Caused by: de.uka.ilkd.key.logic.label.TermLabelException: Malformed origin string: "requires @ file:/home/runner/work/key/key/key.ui/examples/heap/quicksort/Quicksort.java:49"
(Well-formed origins have one of the following formats: "spec_type @ file <file name> @ line <line number>")
spec_type @ node <node number> (<rule name>)")
spec_type (implicit)")

	at de.uka.ilkd.key.logic.label.OriginTermLabelFactory.parseOrigin(OriginTermLabelFactory.java:116)

46064      WARN  main            d.u.i.k.p.r.p.TestFile    Replay exception de.uka.ilkd.key.proof.io.ProblemLoaderException: Error loading proof.
Line 16670, goal 13713, rule allLeft not available or not applicable in this context.
	at de.uka.ilkd.key.proof.io.IntermediateProofReplayer.reportError(IntermediateProofReplayer.java:813)
Caused by: de.uka.ilkd.key.util.parsing.BuildingException: Malformed origin string: "requires @ file:/home/runner/work/key/key/key.ui/examples/heap/quicksort/Quicksort.java:49"
(Well-formed origins have one of the following formats: "spec_type @ file <file name> @ line <line number>")
spec_type @ node <node number> (<rule name>)")
spec_type (implicit)")
 at <unknown>:1:5
	at de.uka.ilkd.key.nparser.builder.ExpressionBuilder.visitSingle_label(ExpressionBuilder.java:932)
Caused by: de.uka.ilkd.key.logic.label.TermLabelException: Malformed origin string: "requires @ file:/home/runner/work/key/key/key.ui/examples/heap/quicksort/Quicksort.java:49"
(Well-formed origins have one of the following formats: "spec_type @ file <file name> @ line <line number>")
spec_type @ node <node number> (<rule name>)")
spec_type (implicit)")

	at de.uka.ilkd.key.logic.label.OriginTermLabelFactory.parseOrigin(OriginTermLabelFactory.java:116)

46065      WARN  main            d.u.i.k.p.r.p.TestFile    Replay exception de.uka.ilkd.key.proof.io.ProblemLoaderException: Error loading proof.
Line 18247, goal 15029, rule allLeft not available or not applicable in this context.
	at de.uka.ilkd.key.proof.io.IntermediateProofReplayer.reportError(IntermediateProofReplayer.java:813)
Caused by: de.uka.ilkd.key.util.parsing.BuildingException: Malformed origin string: "requires @ file:/home/runner/work/key/key/key.ui/examples/heap/quicksort/Quicksort.java:49"
(Well-formed origins have one of the following formats: "spec_type @ file <file name> @ line <line number>")
spec_type @ node <node number> (<rule name>)")
spec_type (implicit)")
 at <unknown>:1:5
	at de.uka.ilkd.key.nparser.builder.ExpressionBuilder.visitSingle_label(ExpressionBuilder.java:932)
Caused by: de.uka.ilkd.key.logic.label.TermLabelException: Malformed origin string: "requires @ file:/home/runner/work/key/key/key.ui/examples/heap/quicksort/Quicksort.java:49"
(Well-formed origins have one of the following formats: "spec_type @ file <file name> @ line <line number>")
spec_type @ node <node number> (<rule name>)")
spec_type (implicit)")

	at de.uka.ilkd.key.logic.label.OriginTermLabelFactory.parseOrigin(OriginTermLabelFactory.java:116)

46065      WARN  main            d.u.i.k.p.r.p.TestFile    Replay exception de.uka.ilkd.key.proof.io.ProblemLoaderException: Error loading proof.
Line 19160, goal 15737, rule allLeft not available or not applicable in this context.
	at de.uka.ilkd.key.proof.io.IntermediateProofReplayer.reportError(IntermediateProofReplayer.java:813)
Caused by: de.uka.ilkd.key.util.parsing.BuildingException: Malformed origin string: "requires @ file:/home/runner/work/key/key/key.ui/examples/heap/quicksort/Quicksort.java:49"
(Well-formed origins have one of the following formats: "spec_type @ file <file name> @ line <line number>")
spec_type @ node <node number> (<rule name>)")
spec_type (implicit)")
 at <unknown>:1:5
	at de.uka.ilkd.key.nparser.builder.ExpressionBuilder.visitSingle_label(ExpressionBuilder.java:932)
Caused by: de.uka.ilkd.key.logic.label.TermLabelException: Malformed origin string: "requires @ file:/home/runner/work/key/key/key.ui/examples/heap/quicksort/Quicksort.java:49"
(Well-formed origins have one of the following formats: "spec_type @ file <file name> @ line <line number>")
spec_type @ node <node number> (<rule name>)")
spec_type (implicit)")

	at de.uka.ilkd.key.logic.label.OriginTermLabelFactory.parseOrigin(OriginTermLabelFactory.java:116)

46065      WARN  main            d.u.i.k.p.r.p.TestFile    Replay exception de.uka.ilkd.key.proof.io.ProblemLoaderException: Error loading proof.
Line 20417, goal 16887, rule allLeft not available or not applicable in this context.
	at de.uka.ilkd.key.proof.io.IntermediateProofReplayer.reportError(IntermediateProofReplayer.java:813)
Caused by: de.uka.ilkd.key.util.parsing.BuildingException: Malformed origin string: "requires @ file:/home/runner/work/key/key/key.ui/examples/heap/quicksort/Quicksort.java:49"
(Well-formed origins have one of the following formats: "spec_type @ file <file name> @ line <line number>")
spec_type @ node <node number> (<rule name>)")
spec_type (implicit)")
 at <unknown>:1:5
	at de.uka.ilkd.key.nparser.builder.ExpressionBuilder.visitSingle_label(ExpressionBuilder.java:932)
Caused by: de.uka.ilkd.key.logic.label.TermLabelException: Malformed origin string: "requires @ file:/home/runner/work/key/key/key.ui/examples/heap/quicksort/Quicksort.java:49"
(Well-formed origins have one of the following formats: "spec_type @ file <file name> @ line <line number>")
spec_type @ node <node number> (<rule name>)")
spec_type (implicit)")

	at de.uka.ilkd.key.logic.label.OriginTermLabelFactory.parseOrigin(OriginTermLabelFactory.java:116)

46066      WARN  main            d.u.i.k.p.r.p.TestFile    Replay exception de.uka.ilkd.key.proof.io.ProblemLoaderException: Error loading proof.
Line 20743, goal 17060, rule allLeft not available or not applicable in this context.
	at de.uka.ilkd.key.proof.io.IntermediateProofReplayer.reportError(IntermediateProofReplayer.java:813)
Caused by: de.uka.ilkd.key.util.parsing.BuildingException: Malformed origin string: "requires @ file:/home/runner/work/key/key/key.ui/examples/heap/quicksort/Quicksort.java:49"
(Well-formed origins have one of the following formats: "spec_type @ file <file name> @ line <line number>")
spec_type @ node <node number> (<rule name>)")
spec_type (implicit)")
 at <unknown>:1:5
	at de.uka.ilkd.key.nparser.builder.ExpressionBuilder.visitSingle_label(ExpressionBuilder.java:932)
Caused by: de.uka.ilkd.key.logic.label.TermLabelException: Malformed origin string: "requires @ file:/home/runner/work/key/key/key.ui/examples/heap/quicksort/Quicksort.java:49"
(Well-formed origins have one of the following formats: "spec_type @ file <file name> @ line <line number>")
spec_type @ node <node number> (<rule name>)")
spec_type (implicit)")

	at de.uka.ilkd.key.logic.label.OriginTermLabelFactory.parseOrigin(OriginTermLabelFactory.java:116)

46067      DEBUG main            d.u.i.k.p.r.p.TestFile    Exception java.lang.Exception: Exception while loading proof (see cause for details): /home/runner/work/key/key/key.core/../key.ui/examples/heap/quicksort/sort.key.proof
	at de.uka.ilkd.key.proof.runallproofs.proofcollection.TestFile.reloadProof(TestFile.java:314)
Caused by: de.uka.ilkd.key.proof.io.ProblemLoaderException: Error loading proof.
Line 3526, goal 3454, rule allLeft not available or not applicable in this context.
	at de.uka.ilkd.key.proof.io.IntermediateProofReplayer.reportError(IntermediateProofReplayer.java:813)
Caused by: de.uka.ilkd.key.util.parsing.BuildingException: Malformed origin string: "requires @ file:/home/runner/work/key/key/key.ui/examples/heap/quicksort/Quicksort.java:49"
(Well-formed origins have one of the following formats: "spec_type @ file <file name> @ line <line number>")
spec_type @ node <node number> (<rule name>)")
spec_type (implicit)")
 at <unknown>:1:5
	at de.uka.ilkd.key.nparser.builder.ExpressionBuilder.visitSingle_label(ExpressionBuilder.java:932)
Caused by: de.uka.ilkd.key.logic.label.TermLabelException: Malformed origin string: "requires @ file:/home/runner/work/key/key/key.ui/examples/heap/quicksort/Quicksort.java:49"
(Well-formed origins have one of the following formats: "spec_type @ file <file name> @ line <line number>")
spec_type @ node <node number> (<rule name>)")
spec_type (implicit)")

	at de.uka.ilkd.key.logic.label.OriginTermLabelFactory.parseOrigin(OriginTermLabelFactory.java:116)

46069      WARN  main            d.u.i.k.p.r.p.ForkedTestFileRunner Run failed java.lang.Exception: Exception while loading proof (see cause for details): /home/runner/work/key/key/key.core/../key.ui/examples/heap/quicksort/sort.key.proof
	at de.uka.ilkd.key.proof.runallproofs.proofcollection.TestFile.reloadProof(TestFile.java:314)
Caused by: de.uka.ilkd.key.proof.io.ProblemLoaderException: Error loading proof.
Line 3526, goal 3454, rule allLeft not available or not applicable in this context.
	at de.uka.ilkd.key.proof.io.IntermediateProofReplayer.reportError(IntermediateProofReplayer.java:813)
Caused by: de.uka.ilkd.key.util.parsing.BuildingException: Malformed origin string: "requires @ file:/home/runner/work/key/key/key.ui/examples/heap/quicksort/Quicksort.java:49"
(Well-formed origins have one of the following formats: "spec_type @ file <file name> @ line <line number>")
spec_type @ node <node number> (<rule name>)")
spec_type (implicit)")
 at <unknown>:1:5
	at de.uka.ilkd.key.nparser.builder.ExpressionBuilder.visitSingle_label(ExpressionBuilder.java:932)
Caused by: de.uka.ilkd.key.logic.label.TermLabelException: Malformed origin string: "requires @ file:/home/runner/work/key/key/key.ui/examples/heap/quicksort/Quicksort.java:49"
(Well-formed origins have one of the following formats: "spec_type @ file <file name> @ line <line number>")
spec_type @ node <node number> (<rule name>)")
spec_type (implicit)")

	at de.uka.ilkd.key.logic.label.OriginTermLabelFactory.parseOrigin(OriginTermLabelFactory.java:116)

46071      INFO  main            d.u.i.k.p.r.p.TestFile    Now processing file /home/runner/work/key/key/key.core/../key.ui/examples/heap/quicksort/split.key 
46072      INFO  main            d.u.i.k.p.i.AbstractProblemLoader Loading environment from /home/runner/work/key/key/key.core/../key.ui/examples/heap/quicksort/split.key 
46072      DEBUG main            d.u.i.k.p.i.AbstractProblemLoader Environment load took 233ns 
46073      INFO  main            d.u.i.k.p.i.AbstractProblemLoader Creating init config 
48896      DEBUG main            d.u.i.k.p.i.AbstractProblemLoader Init config took 2.82s 
48941      INFO  main            d.u.i.k.p.i.AbstractProblemLoader Replaying proof Quicksort[Quicksort::split([I,int,int)].JML normal_behavior operation contract.0 
48944      DEBUG main            d.u.i.k.p.i.IntermediateProofReplayer Proof replay took 7ns 
48944      DEBUG main            d.u.i.k.m.s.ProofScriptEngine [1] goal: 0, source line: 15, command: 'macro autopilot-prep' 
50206      DEBUG main            d.u.i.k.m.s.ProofScriptEngine [2] goal: 520, source line: 17, command: 'tryclose' 
86956      DEBUG main            d.u.i.k.m.s.ProofScriptEngine [3] goal: 495, source line: 20, command: 'macro simp-upd' 
87094      DEBUG main            d.u.i.k.m.s.ProofScriptEngine [4] goal: 495, source line: 25, command: 'rule seqPermFromSwap' 
87108      DEBUG main            d.u.i.k.m.s.ProofScriptEngine [5] goal: 40829, source line: 26, command: 'rule andRight' 
87112      DEBUG main            d.u.i.k.m.s.ProofScriptEngine [6] goal: 40830, source line: 27, command: 'auto' 
87139      DEBUG main            d.u.i.k.m.s.ProofScriptEngine [7] goal: 40831, source line: 29, command: 'instantiate hide var=iv with=i_0' 
87141      DEBUG main            d.u.i.k.m.s.ProofScriptEngine [8] goal: 40836, source line: 31, command: 'instantiate hide var=jv with=j_0' 
87144      DEBUG main            d.u.i.k.m.s.ProofScriptEngine [9] goal: 40837, source line: 32, command: 'auto' 
93534      DEBUG main            d.u.i.k.m.s.ProofScriptEngine [10] goal: 190, source line: 34, command: 'macro simp-upd' 
93618      DEBUG main            d.u.i.k.m.s.ProofScriptEngine [11] goal: 46168, source line: 36, command: 'rule seqPermFromSwap' 
93619      DEBUG main            d.u.i.k.m.s.ProofScriptEngine [12] goal: 46169, source line: 37, command: 'rule andRight' 
93623      DEBUG main            d.u.i.k.m.s.ProofScriptEngine [13] goal: 46170, source line: 38, command: 'auto' 
93642      DEBUG main            d.u.i.k.m.s.ProofScriptEngine [14] goal: 46171, source line: 40, command: 'instantiate hide var=iv with=i_0' 
93643      DEBUG main            d.u.i.k.m.s.ProofScriptEngine [15] goal: 46176, source line: 42, command: 'instantiate hide var=jv with=to' 
93645      DEBUG main            d.u.i.k.m.s.ProofScriptEngine [16] goal: 46177, source line: 43, command: 'auto' 
98441      INFO  main            d.u.i.k.p.r.p.TestFile    ... finished proof: closed. 
98826      INFO  main            d.u.i.k.p.i.AbstractProblemLoader Loading environment from /home/runner/work/key/key/key.core/../key.ui/examples/heap/quicksort/split.key.proof 
98827      DEBUG main            d.u.i.k.p.i.AbstractProblemLoader Environment load took 480.01ns 
98840      INFO  main            d.u.i.k.p.i.AbstractProblemLoader Creating init config 
101476     DEBUG main            d.u.i.k.p.i.AbstractProblemLoader Init config took 2.64s 
101523     INFO  main            d.u.i.k.p.i.AbstractProblemLoader Replaying proof Quicksort[Quicksort::split([I,int,int)].JML normal_behavior operation contract.0 
104040     DEBUG main            d.u.i.k.p.i.IntermediateProofReplayer Proof replay took 2.32s 
104067     WARN  main            d.u.i.k.p.r.p.TestFile    Replay exception de.uka.ilkd.key.proof.io.ProblemLoaderException: Error loading proof.
Line 2438, goal 2341, rule allLeft not available or not applicable in this context.
	at de.uka.ilkd.key.proof.io.IntermediateProofReplayer.reportError(IntermediateProofReplayer.java:813)
Caused by: de.uka.ilkd.key.util.parsing.BuildingException: Malformed origin string: "assignable @ file:/home/runner/work/key/key/key.ui/examples/heap/quicksort/Quicksort.java:93"
(Well-formed origins have one of the following formats: "spec_type @ file <file name> @ line <line number>")
spec_type @ node <node number> (<rule name>)")
spec_type (implicit)")
 at <unknown>:1:5
	at de.uka.ilkd.key.nparser.builder.ExpressionBuilder.visitSingle_label(ExpressionBuilder.java:932)
Caused by: de.uka.ilkd.key.logic.label.TermLabelException: Malformed origin string: "assignable @ file:/home/runner/work/key/key/key.ui/examples/heap/quicksort/Quicksort.java:93"
(Well-formed origins have one of the following formats: "spec_type @ file <file name> @ line <line number>")
spec_type @ node <node number> (<rule name>)")
spec_type (implicit)")

	at de.uka.ilkd.key.logic.label.OriginTermLabelFactory.parseOrigin(OriginTermLabelFactory.java:116)

104067     WARN  main            d.u.i.k.p.r.p.TestFile    Replay exception de.uka.ilkd.key.proof.io.ProblemLoaderException: Error loading proof.
Line 2536, goal 2344, rule allLeft not available or not applicable in this context.
	at de.uka.ilkd.key.proof.io.IntermediateProofReplayer.reportError(IntermediateProofReplayer.java:813)
Caused by: de.uka.ilkd.key.util.parsing.BuildingException: Malformed origin string: "assignable @ file:/home/runner/work/key/key/key.ui/examples/heap/quicksort/Quicksort.java:93"
(Well-formed origins have one of the following formats: "spec_type @ file <file name> @ line <line number>")
spec_type @ node <node number> (<rule name>)")
spec_type (implicit)")
 at <unknown>:1:5
	at de.uka.ilkd.key.nparser.builder.ExpressionBuilder.visitSingle_label(ExpressionBuilder.java:932)
Caused by: de.uka.ilkd.key.logic.label.TermLabelException: Malformed origin string: "assignable @ file:/home/runner/work/key/key/key.ui/examples/heap/quicksort/Quicksort.java:93"
(Well-formed origins have one of the following formats: "spec_type @ file <file name> @ line <line number>")
spec_type @ node <node number> (<rule name>)")
spec_type (implicit)")

	at de.uka.ilkd.key.logic.label.OriginTermLabelFactory.parseOrigin(OriginTermLabelFactory.java:116)

104068     WARN  main            d.u.i.k.p.r.p.TestFile    Replay exception de.uka.ilkd.key.proof.io.ProblemLoaderException: Error loading proof.
Line 2855, goal 2572, rule allLeft not available or not applicable in this context.
	at de.uka.ilkd.key.proof.io.IntermediateProofReplayer.reportError(IntermediateProofReplayer.java:813)
Caused by: de.uka.ilkd.key.util.parsing.BuildingException: Malformed origin string: "assignable @ file:/home/runner/work/key/key/key.ui/examples/heap/quicksort/Quicksort.java:93"
(Well-formed origins have one of the following formats: "spec_type @ file <file name> @ line <line number>")
spec_type @ node <node number> (<rule name>)")
spec_type (implicit)")
 at <unknown>:1:5
	at de.uka.ilkd.key.nparser.builder.ExpressionBuilder.visitSingle_label(ExpressionBuilder.java:932)
Caused by: de.uka.ilkd.key.logic.label.TermLabelException: Malformed origin string: "assignable @ file:/home/runner/work/key/key/key.ui/examples/heap/quicksort/Quicksort.java:93"
(Well-formed origins have one of the following formats: "spec_type @ file <file name> @ line <line number>")
spec_type @ node <node number> (<rule name>)")
spec_type (implicit)")

	at de.uka.ilkd.key.logic.label.OriginTermLabelFactory.parseOrigin(OriginTermLabelFactory.java:116)

104068     WARN  main            d.u.i.k.p.r.p.TestFile    Replay exception de.uka.ilkd.key.proof.io.ProblemLoaderException: Error loading proof.
Line 3678, goal 2578, rule allLeft not available or not applicable in this context.
	at de.uka.ilkd.key.proof.io.IntermediateProofReplayer.reportError(IntermediateProofReplayer.java:813)
Caused by: de.uka.ilkd.key.util.parsing.BuildingException: Malformed origin string: "assignable @ file:/home/runner/work/key/key/key.ui/examples/heap/quicksort/Quicksort.java:93"
(Well-formed origins have one of the following formats: "spec_type @ file <file name> @ line <line number>")
spec_type @ node <node number> (<rule name>)")
spec_type (implicit)")
 at <unknown>:1:5
	at de.uka.ilkd.key.nparser.builder.ExpressionBuilder.visitSingle_label(ExpressionBuilder.java:932)
Caused by: de.uka.ilkd.key.logic.label.TermLabelException: Malformed origin string: "assignable @ file:/home/runner/work/key/key/key.ui/examples/heap/quicksort/Quicksort.java:93"
(Well-formed origins have one of the following formats: "spec_type @ file <file name> @ line <line number>")
spec_type @ node <node number> (<rule name>)")
spec_type (implicit)")

	at de.uka.ilkd.key.logic.label.OriginTermLabelFactory.parseOrigin(OriginTermLabelFactory.java:116)

104068     WARN  main            d.u.i.k.p.r.p.TestFile    Replay exception de.uka.ilkd.key.proof.io.ProblemLoaderException: Error loading proof.
Line 5368, goal 4152, rule allLeft not available or not applicable in this context.
	at de.uka.ilkd.key.proof.io.IntermediateProofReplayer.reportError(IntermediateProofReplayer.java:813)
Caused by: de.uka.ilkd.key.util.parsing.BuildingException: Malformed origin string: "requires @ file:/home/runner/work/key/key/key.ui/examples/heap/quicksort/Quicksort.java:68"
(Well-formed origins have one of the following formats: "spec_type @ file <file name> @ line <line number>")
spec_type @ node <node number> (<rule name>)")
spec_type (implicit)")
 at <unknown>:1:5
	at de.uka.ilkd.key.nparser.builder.ExpressionBuilder.visitSingle_label(ExpressionBuilder.java:932)
Caused by: de.uka.ilkd.key.logic.label.TermLabelException: Malformed origin string: "requires @ file:/home/runner/work/key/key/key.ui/examples/heap/quicksort/Quicksort.java:68"
(Well-formed origins have one of the following formats: "spec_type @ file <file name> @ line <line number>")
spec_type @ node <node number> (<rule name>)")
spec_type (implicit)")

	at de.uka.ilkd.key.logic.label.OriginTermLabelFactory.parseOrigin(OriginTermLabelFactory.java:116)

104068     WARN  main            d.u.i.k.p.r.p.TestFile    Replay exception de.uka.ilkd.key.proof.io.ProblemLoaderException: Error loading proof.
Line 5774, goal 4342, rule allLeft not available or not applicable in this context.
	at de.uka.ilkd.key.proof.io.IntermediateProofReplayer.reportError(IntermediateProofReplayer.java:813)
Caused by: de.uka.ilkd.key.util.parsing.BuildingException: Malformed origin string: "requires @ file:/home/runner/work/key/key/key.ui/examples/heap/quicksort/Quicksort.java:68"
(Well-formed origins have one of the following formats: "spec_type @ file <file name> @ line <line number>")
spec_type @ node <node number> (<rule name>)")
spec_type (implicit)")
 at <unknown>:1:5
	at de.uka.ilkd.key.nparser.builder.ExpressionBuilder.visitSingle_label(ExpressionBuilder.java:932)
Caused by: de.uka.ilkd.key.logic.label.TermLabelException: Malformed origin string: "requires @ file:/home/runner/work/key/key/key.ui/examples/heap/quicksort/Quicksort.java:68"
(Well-formed origins have one of the following formats: "spec_type @ file <file name> @ line <line number>")
spec_type @ node <node number> (<rule name>)")
spec_type (implicit)")

	at de.uka.ilkd.key.logic.label.OriginTermLabelFactory.parseOrigin(OriginTermLabelFactory.java:116)

104075     WARN  main            d.u.i.k.p.r.p.TestFile    Replay exception de.uka.ilkd.key.proof.io.ProblemLoaderException: Error loading proof.
Line 8024, goal 5942, rule allLeft not available or not applicable in this context.
	at de.uka.ilkd.key.proof.io.IntermediateProofReplayer.reportError(IntermediateProofReplayer.java:813)
Caused by: de.uka.ilkd.key.util.parsing.BuildingException: Malformed origin string: "requires @ file:/home/runner/work/key/key/key.ui/examples/heap/quicksort/Quicksort.java:70"
(Well-formed origins have one of the following formats: "spec_type @ file <file name> @ line <line number>")
spec_type @ node <node number> (<rule name>)")
spec_type (implicit)")
 at <unknown>:1:5
	at de.uka.ilkd.key.nparser.builder.ExpressionBuilder.visitSingle_label(ExpressionBuilder.java:932)
Caused by: de.uka.ilkd.key.logic.label.TermLabelException: Malformed origin string: "requires @ file:/home/runner/work/key/key/key.ui/examples/heap/quicksort/Quicksort.java:70"
(Well-formed origins have one of the following formats: "spec_type @ file <file name> @ line <line number>")
spec_type @ node <node number> (<rule name>)")
spec_type (implicit)")

	at de.uka.ilkd.key.logic.label.OriginTermLabelFactory.parseOrigin(OriginTermLabelFactory.java:116)

104076     WARN  main            d.u.i.k.p.r.p.TestFile    Replay exception de.uka.ilkd.key.proof.io.ProblemLoaderException: Error loading proof.
Line 8657, goal 6457, rule allLeft not available or not applicable in this context.
	at de.uka.ilkd.key.proof.io.IntermediateProofReplayer.reportError(IntermediateProofReplayer.java:813)
Caused by: de.uka.ilkd.key.util.parsing.BuildingException: Malformed origin string: "assignable @ file:/home/runner/work/key/key/key.ui/examples/heap/quicksort/Quicksort.java:93"
(Well-formed origins have one of the following formats: "spec_type @ file <file name> @ line <line number>")
spec_type @ node <node number> (<rule name>)")
spec_type (implicit)")
 at <unknown>:1:5
	at de.uka.ilkd.key.nparser.builder.ExpressionBuilder.visitSingle_label(ExpressionBuilder.java:932)
Caused by: de.uka.ilkd.key.logic.label.TermLabelException: Malformed origin string: "assignable @ file:/home/runner/work/key/key/key.ui/examples/heap/quicksort/Quicksort.java:93"
(Well-formed origins have one of the following formats: "spec_type @ file <file name> @ line <line number>")
spec_type @ node <node number> (<rule name>)")
spec_type (implicit)")

	at de.uka.ilkd.key.logic.label.OriginTermLabelFactory.parseOrigin(OriginTermLabelFactory.java:116)

104078     WARN  main            d.u.i.k.p.r.p.TestFile    Replay exception de.uka.ilkd.key.proof.io.ProblemLoaderException: Error loading proof.
Line 8772, goal 6478, rule allLeft not available or not applicable in this context.
	at de.uka.ilkd.key.proof.io.IntermediateProofReplayer.reportError(IntermediateProofReplayer.java:813)
Caused by: de.uka.ilkd.key.util.parsing.BuildingException: Malformed origin string: "assignable @ file:/home/runner/work/key/key/key.ui/examples/heap/quicksort/Quicksort.java:93"
(Well-formed origins have one of the following formats: "spec_type @ file <file name> @ line <line number>")
spec_type @ node <node number> (<rule name>)")
spec_type (implicit)")
 at <unknown>:1:5
	at de.uka.ilkd.key.nparser.builder.ExpressionBuilder.visitSingle_label(ExpressionBuilder.java:932)
Caused by: de.uka.ilkd.key.logic.label.TermLabelException: Malformed origin string: "assignable @ file:/home/runner/work/key/key/key.ui/examples/heap/quicksort/Quicksort.java:93"
(Well-formed origins have one of the following formats: "spec_type @ file <file name> @ line <line number>")
spec_type @ node <node number> (<rule name>)")
spec_type (implicit)")

	at de.uka.ilkd.key.logic.label.OriginTermLabelFactory.parseOrigin(OriginTermLabelFactory.java:116)

104078     WARN  main            d.u.i.k.p.r.p.TestFile    Replay exception de.uka.ilkd.key.proof.io.ProblemLoaderException: Error loading proof.
Line 8990, goal 6595, rule allLeft not available or not applicable in this context.
	at de.uka.ilkd.key.proof.io.IntermediateProofReplayer.reportError(IntermediateProofReplayer.java:813)
Caused by: de.uka.ilkd.key.util.parsing.BuildingException: Malformed origin string: "requires @ file:/home/runner/work/key/key/key.ui/examples/heap/quicksort/Quicksort.java:68"
(Well-formed origins have one of the following formats: "spec_type @ file <file name> @ line <line number>")
spec_type @ node <node number> (<rule name>)")
spec_type (implicit)")
 at <unknown>:1:5
	at de.uka.ilkd.key.nparser.builder.ExpressionBuilder.visitSingle_label(ExpressionBuilder.java:932)
Caused by: de.uka.ilkd.key.logic.label.TermLabelException: Malformed origin string: "requires @ file:/home/runner/work/key/key/key.ui/examples/heap/quicksort/Quicksort.java:68"
(Well-formed origins have one of the following formats: "spec_type @ file <file name> @ line <line number>")
spec_type @ node <node number> (<rule name>)")
spec_type (implicit)")

	at de.uka.ilkd.key.logic.label.OriginTermLabelFactory.parseOrigin(OriginTermLabelFactory.java:116)

104078     WARN  main            d.u.i.k.p.r.p.TestFile    Replay exception de.uka.ilkd.key.proof.io.ProblemLoaderException: Error loading proof.
Line 11806, goal 8787, rule allLeft not available or not applicable in this context.
	at de.uka.ilkd.key.proof.io.IntermediateProofReplayer.reportError(IntermediateProofReplayer.java:813)
Caused by: de.uka.ilkd.key.util.parsing.BuildingException: Malformed origin string: "requires @ file:/home/runner/work/key/key/key.ui/examples/heap/quicksort/Quicksort.java:68"
(Well-formed origins have one of the following formats: "spec_type @ file <file name> @ line <line number>")
spec_type @ node <node number> (<rule name>)")
spec_type (implicit)")
 at <unknown>:1:5
	at de.uka.ilkd.key.nparser.builder.ExpressionBuilder.visitSingle_label(ExpressionBuilder.java:932)
Caused by: de.uka.ilkd.key.logic.label.TermLabelException: Malformed origin string: "requires @ file:/home/runner/work/key/key/key.ui/examples/heap/quicksort/Quicksort.java:68"
(Well-formed origins have one of the following formats: "spec_type @ file <file name> @ line <line number>")
spec_type @ node <node number> (<rule name>)")
spec_type (implicit)")

	at de.uka.ilkd.key.logic.label.OriginTermLabelFactory.parseOrigin(OriginTermLabelFactory.java:116)

104078     WARN  main            d.u.i.k.p.r.p.TestFile    Replay exception de.uka.ilkd.key.proof.io.ProblemLoaderException: Error loading proof.
Line 12343, goal 8862, rule allLeft not available or not applicable in this context.
	at de.uka.ilkd.key.proof.io.IntermediateProofReplayer.reportError(IntermediateProofReplayer.java:813)
Caused by: de.uka.ilkd.key.util.parsing.BuildingException: Malformed origin string: "requires @ file:/home/runner/work/key/key/key.ui/examples/heap/quicksort/Quicksort.java:68"
(Well-formed origins have one of the following formats: "spec_type @ file <file name> @ line <line number>")
spec_type @ node <node number> (<rule name>)")
spec_type (implicit)")
 at <unknown>:1:5
	at de.uka.ilkd.key.nparser.builder.ExpressionBuilder.visitSingle_label(ExpressionBuilder.java:932)
Caused by: de.uka.ilkd.key.logic.label.TermLabelException: Malformed origin string: "requires @ file:/home/runner/work/key/key/key.ui/examples/heap/quicksort/Quicksort.java:68"
(Well-formed origins have one of the following formats: "spec_type @ file <file name> @ line <line number>")
spec_type @ node <node number> (<rule name>)")
spec_type (implicit)")

	at de.uka.ilkd.key.logic.label.OriginTermLabelFactory.parseOrigin(OriginTermLabelFactory.java:116)

104083     WARN  main            d.u.i.k.p.r.p.TestFile    Replay exception de.uka.ilkd.key.proof.io.ProblemLoaderException: Error loading proof.
Line 15921, goal 11962, rule allLeft not available or not applicable in this context.
	at de.uka.ilkd.key.proof.io.IntermediateProofReplayer.reportError(IntermediateProofReplayer.java:813)
Caused by: de.uka.ilkd.key.util.parsing.BuildingException: Malformed origin string: "requires @ file:/home/runner/work/key/key/key.ui/examples/heap/quicksort/Quicksort.java:68"
(Well-formed origins have one of the following formats: "spec_type @ file <file name> @ line <line number>")
spec_type @ node <node number> (<rule name>)")
spec_type (implicit)")
 at <unknown>:1:5
	at de.uka.ilkd.key.nparser.builder.ExpressionBuilder.visitSingle_label(ExpressionBuilder.java:932)
Caused by: de.uka.ilkd.key.logic.label.TermLabelException: Malformed origin string: "requires @ file:/home/runner/work/key/key/key.ui/examples/heap/quicksort/Quicksort.java:68"
(Well-formed origins have one of the following formats: "spec_type @ file <file name> @ line <line number>")
spec_type @ node <node number> (<rule name>)")
spec_type (implicit)")

	at de.uka.ilkd.key.logic.label.OriginTermLabelFactory.parseOrigin(OriginTermLabelFactory.java:116)

104083     WARN  main            d.u.i.k.p.r.p.TestFile    Replay exception de.uka.ilkd.key.proof.io.ProblemLoaderException: Error loading proof.
Line 16183, goal 12045, rule allLeft not available or not applicable in this context.
	at de.uka.ilkd.key.proof.io.IntermediateProofReplayer.reportError(IntermediateProofReplayer.java:813)
Caused by: de.uka.ilkd.key.util.parsing.BuildingException: Malformed origin string: "requires @ file:/home/runner/work/key/key/key.ui/examples/heap/quicksort/Quicksort.java:68"
(Well-formed origins have one of the following formats: "spec_type @ file <file name> @ line <line number>")
spec_type @ node <node number> (<rule name>)")
spec_type (implicit)")
 at <unknown>:1:5
	at de.uka.ilkd.key.nparser.builder.ExpressionBuilder.visitSingle_label(ExpressionBuilder.java:932)
Caused by: de.uka.ilkd.key.logic.label.TermLabelException: Malformed origin string: "requires @ file:/home/runner/work/key/key/key.ui/examples/heap/quicksort/Quicksort.java:68"
(Well-formed origins have one of the following formats: "spec_type @ file <file name> @ line <line number>")
spec_type @ node <node number> (<rule name>)")
spec_type (implicit)")

	at de.uka.ilkd.key.logic.label.OriginTermLabelFactory.parseOrigin(OriginTermLabelFactory.java:116)

104083     WARN  main            d.u.i.k.p.r.p.TestFile    Replay exception de.uka.ilkd.key.proof.io.ProblemLoaderException: Error loading proof.
Line 16543, goal 12164, rule allLeft not available or not applicable in this context.
	at de.uka.ilkd.key.proof.io.IntermediateProofReplayer.reportError(IntermediateProofReplayer.java:813)
Caused by: de.uka.ilkd.key.util.parsing.BuildingException: Malformed origin string: "requires @ file:/home/runner/work/key/key/key.ui/examples/heap/quicksort/Quicksort.java:68"
(Well-formed origins have one of the following formats: "spec_type @ file <file name> @ line <line number>")
spec_type @ node <node number> (<rule name>)")
spec_type (implicit)")
 at <unknown>:1:5
	at de.uka.ilkd.key.nparser.builder.ExpressionBuilder.visitSingle_label(ExpressionBuilder.java:932)
Caused by: de.uka.ilkd.key.logic.label.TermLabelException: Malformed origin string: "requires @ file:/home/runner/work/key/key/key.ui/examples/heap/quicksort/Quicksort.java:68"
(Well-formed origins have one of the following formats: "spec_type @ file <file name> @ line <line number>")
spec_type @ node <node number> (<rule name>)")
spec_type (implicit)")

	at de.uka.ilkd.key.logic.label.OriginTermLabelFactory.parseOrigin(OriginTermLabelFactory.java:116)

104083     WARN  main            d.u.i.k.p.r.p.TestFile    Replay exception de.uka.ilkd.key.proof.io.ProblemLoaderException: Error loading proof.
Line 17551, goal 13124, rule allLeft not available or not applicable in this context.
	at de.uka.ilkd.key.proof.io.IntermediateProofReplayer.reportError(IntermediateProofReplayer.java:813)
Caused by: de.uka.ilkd.key.util.parsing.BuildingException: Malformed origin string: "requires @ file:/home/runner/work/key/key/key.ui/examples/heap/quicksort/Quicksort.java:70"
(Well-formed origins have one of the following formats: "spec_type @ file <file name> @ line <line number>")
spec_type @ node <node number> (<rule name>)")
spec_type (implicit)")
 at <unknown>:1:5
	at de.uka.ilkd.key.nparser.builder.ExpressionBuilder.visitSingle_label(ExpressionBuilder.java:932)
Caused by: de.uka.ilkd.key.logic.label.TermLabelException: Malformed origin string: "requires @ file:/home/runner/work/key/key/key.ui/examples/heap/quicksort/Quicksort.java:70"
(Well-formed origins have one of the following formats: "spec_type @ file <file name> @ line <line number>")
spec_type @ node <node number> (<rule name>)")
spec_type (implicit)")

	at de.uka.ilkd.key.logic.label.OriginTermLabelFactory.parseOrigin(OriginTermLabelFactory.java:116)

104083     WARN  main            d.u.i.k.p.r.p.TestFile    Replay exception de.uka.ilkd.key.proof.io.ProblemLoaderException: Error loading proof.
Line 18177, goal 13585, rule allLeft not available or not applicable in this context.
	at de.uka.ilkd.key.proof.io.IntermediateProofReplayer.reportError(IntermediateProofReplayer.java:813)
Caused by: de.uka.ilkd.key.util.parsing.BuildingException: Malformed origin string: "requires @ file:/home/runner/work/key/key/key.ui/examples/heap/quicksort/Quicksort.java:70"
(Well-formed origins have one of the following formats: "spec_type @ file <file name> @ line <line number>")
spec_type @ node <node number> (<rule name>)")
spec_type (implicit)")
 at <unknown>:1:5
	at de.uka.ilkd.key.nparser.builder.ExpressionBuilder.visitSingle_label(ExpressionBuilder.java:932)
Caused by: de.uka.ilkd.key.logic.label.TermLabelException: Malformed origin string: "requires @ file:/home/runner/work/key/key/key.ui/examples/heap/quicksort/Quicksort.java:70"
(Well-formed origins have one of the following formats: "spec_type @ file <file name> @ line <line number>")
spec_type @ node <node number> (<rule name>)")
spec_type (implicit)")

	at de.uka.ilkd.key.logic.label.OriginTermLabelFactory.parseOrigin(OriginTermLabelFactory.java:116)

104084     WARN  main            d.u.i.k.p.r.p.TestFile    Replay exception de.uka.ilkd.key.proof.io.ProblemLoaderException: Error loading proof.
Line 23595, goal 18712, rule allLeft not available or not applicable in this context.
	at de.uka.ilkd.key.proof.io.IntermediateProofReplayer.reportError(IntermediateProofReplayer.java:813)
Caused by: de.uka.ilkd.key.util.parsing.BuildingException: Malformed origin string: "requires @ file:/home/runner/work/key/key/key.ui/examples/heap/quicksort/Quicksort.java:68"
(Well-formed origins have one of the following formats: "spec_type @ file <file name> @ line <line number>")
spec_type @ node <node number> (<rule name>)")
spec_type (implicit)")
 at <unknown>:1:5
	at de.uka.ilkd.key.nparser.builder.ExpressionBuilder.visitSingle_label(ExpressionBuilder.java:932)
Caused by: de.uka.ilkd.key.logic.label.TermLabelException: Malformed origin string: "requires @ file:/home/runner/work/key/key/key.ui/examples/heap/quicksort/Quicksort.java:68"
(Well-formed origins have one of the following formats: "spec_type @ file <file name> @ line <line number>")
spec_type @ node <node number> (<rule name>)")
spec_type (implicit)")

	at de.uka.ilkd.key.logic.label.OriginTermLabelFactory.parseOrigin(OriginTermLabelFactory.java:116)

104084     WARN  main            d.u.i.k.p.r.p.TestFile    Replay exception de.uka.ilkd.key.proof.io.ProblemLoaderException: Error loading proof.
Line 25367, goal 20251, rule allLeft not available or not applicable in this context.
	at de.uka.ilkd.key.proof.io.IntermediateProofReplayer.reportError(IntermediateProofReplayer.java:813)
Caused by: de.uka.ilkd.key.util.parsing.BuildingException: Malformed origin string: "requires @ file:/home/runner/work/key/key/key.ui/examples/heap/quicksort/Quicksort.java:68"
(Well-formed origins have one of the following formats: "spec_type @ file <file name> @ line <line number>")
spec_type @ node <node number> (<rule name>)")
spec_type (implicit)")
 at <unknown>:1:5
	at de.uka.ilkd.key.nparser.builder.ExpressionBuilder.visitSingle_label(ExpressionBuilder.java:932)
Caused by: de.uka.ilkd.key.logic.label.TermLabelException: Malformed origin string: "requires @ file:/home/runner/work/key/key/key.ui/examples/heap/quicksort/Quicksort.java:68"
(Well-formed origins have one of the following formats: "spec_type @ file <file name> @ line <line number>")
spec_type @ node <node number> (<rule name>)")
spec_type (implicit)")

	at de.uka.ilkd.key.logic.label.OriginTermLabelFactory.parseOrigin(OriginTermLabelFactory.java:116)

104084     WARN  main            d.u.i.k.p.r.p.TestFile    Replay exception de.uka.ilkd.key.proof.io.ProblemLoaderException: Error loading proof.
Line 28092, goal 22716, rule allLeft not available or not applicable in this context.
	at de.uka.ilkd.key.proof.io.IntermediateProofReplayer.reportError(IntermediateProofReplayer.java:813)
Caused by: de.uka.ilkd.key.util.parsing.BuildingException: Malformed origin string: "requires @ file:/home/runner/work/key/key/key.ui/examples/heap/quicksort/Quicksort.java:68"
(Well-formed origins have one of the following formats: "spec_type @ file <file name> @ line <line number>")
spec_type @ node <node number> (<rule name>)")
spec_type (implicit)")
 at <unknown>:1:5
	at de.uka.ilkd.key.nparser.builder.ExpressionBuilder.visitSingle_label(ExpressionBuilder.java:932)
Caused by: de.uka.ilkd.key.logic.label.TermLabelException: Malformed origin string: "requires @ file:/home/runner/work/key/key/key.ui/examples/heap/quicksort/Quicksort.java:68"
(Well-formed origins have one of the following formats: "spec_type @ file <file name> @ line <line number>")
spec_type @ node <node number> (<rule name>)")
spec_type (implicit)")

	at de.uka.ilkd.key.logic.label.OriginTermLabelFactory.parseOrigin(OriginTermLabelFactory.java:116)

104084     WARN  main            d.u.i.k.p.r.p.TestFile    Replay exception de.uka.ilkd.key.proof.io.ProblemLoaderException: Error loading proof.
Line 28496, goal 22813, rule allLeft not available or not applicable in this context.
	at de.uka.ilkd.key.proof.io.IntermediateProofReplayer.reportError(IntermediateProofReplayer.java:813)
Caused by: de.uka.ilkd.key.util.parsing.BuildingException: Malformed origin string: "requires @ file:/home/runner/work/key/key/key.ui/examples/heap/quicksort/Quicksort.java:68"
(Well-formed origins have one of the following formats: "spec_type @ file <file name> @ line <line number>")
spec_type @ node <node number> (<rule name>)")
spec_type (implicit)")
 at <unknown>:1:5
	at de.uka.ilkd.key.nparser.builder.ExpressionBuilder.visitSingle_label(ExpressionBuilder.java:932)
Caused by: de.uka.ilkd.key.logic.label.TermLabelException: Malformed origin string: "requires @ file:/home/runner/work/key/key/key.ui/examples/heap/quicksort/Quicksort.java:68"
(Well-formed origins have one of the following formats: "spec_type @ file <file name> @ line <line number>")
spec_type @ node <node number> (<rule name>)")
spec_type (implicit)")

	at de.uka.ilkd.key.logic.label.OriginTermLabelFactory.parseOrigin(OriginTermLabelFactory.java:116)

104084     WARN  main            d.u.i.k.p.r.p.TestFile    Replay exception de.uka.ilkd.key.proof.io.ProblemLoaderException: Error loading proof.
Line 28737, goal 22928, rule allLeft not available or not applicable in this context.
	at de.uka.ilkd.key.proof.io.IntermediateProofReplayer.reportError(IntermediateProofReplayer.java:813)
Caused by: de.uka.ilkd.key.util.parsing.BuildingException: Malformed origin string: "requires @ file:/home/runner/work/key/key/key.ui/examples/heap/quicksort/Quicksort.java:68"
(Well-formed origins have one of the following formats: "spec_type @ file <file name> @ line <line number>")
spec_type @ node <node number> (<rule name>)")
spec_type (implicit)")
 at <unknown>:1:5
	at de.uka.ilkd.key.nparser.builder.ExpressionBuilder.visitSingle_label(ExpressionBuilder.java:932)
Caused by: de.uka.ilkd.key.logic.label.TermLabelException: Malformed origin string: "requires @ file:/home/runner/work/key/key/key.ui/examples/heap/quicksort/Quicksort.java:68"
(Well-formed origins have one of the following formats: "spec_type @ file <file name> @ line <line number>")
spec_type @ node <node number> (<rule name>)")
spec_type (implicit)")

	at de.uka.ilkd.key.logic.label.OriginTermLabelFactory.parseOrigin(OriginTermLabelFactory.java:116)

104084     WARN  main            d.u.i.k.p.r.p.TestFile    Replay exception de.uka.ilkd.key.proof.io.ProblemLoaderException: Error loading proof.
Line 29796, goal 23842, rule allLeft not available or not applicable in this context.
	at de.uka.ilkd.key.proof.io.IntermediateProofReplayer.reportError(IntermediateProofReplayer.java:813)
Caused by: de.uka.ilkd.key.util.parsing.BuildingException: Malformed origin string: "requires @ file:/home/runner/work/key/key/key.ui/examples/heap/quicksort/Quicksort.java:68"
(Well-formed origins have one of the following formats: "spec_type @ file <file name> @ line <line number>")
spec_type @ node <node number> (<rule name>)")
spec_type (implicit)")
 at <unknown>:1:5
	at de.uka.ilkd.key.nparser.builder.ExpressionBuilder.visitSingle_label(ExpressionBuilder.java:932)
Caused by: de.uka.ilkd.key.logic.label.TermLabelException: Malformed origin string: "requires @ file:/home/runner/work/key/key/key.ui/examples/heap/quicksort/Quicksort.java:68"
(Well-formed origins have one of the following formats: "spec_type @ file <file name> @ line <line number>")
spec_type @ node <node number> (<rule name>)")
spec_type (implicit)")

	at de.uka.ilkd.key.logic.label.OriginTermLabelFactory.parseOrigin(OriginTermLabelFactory.java:116)

104084     WARN  main            d.u.i.k.p.r.p.TestFile    Replay exception de.uka.ilkd.key.proof.io.ProblemLoaderException: Error loading proof.
Line 30017, goal 23932, rule allLeft not available or not applicable in this context.
	at de.uka.ilkd.key.proof.io.IntermediateProofReplayer.reportError(IntermediateProofReplayer.java:813)
Caused by: de.uka.ilkd.key.util.parsing.BuildingException: Malformed origin string: "requires @ file:/home/runner/work/key/key/key.ui/examples/heap/quicksort/Quicksort.java:68"
(Well-formed origins have one of the following formats: "spec_type @ file <file name> @ line <line number>")
spec_type @ node <node number> (<rule name>)")
spec_type (implicit)")
 at <unknown>:1:5
	at de.uka.ilkd.key.nparser.builder.ExpressionBuilder.visitSingle_label(ExpressionBuilder.java:932)
Caused by: de.uka.ilkd.key.logic.label.TermLabelException: Malformed origin string: "requires @ file:/home/runner/work/key/key/key.ui/examples/heap/quicksort/Quicksort.java:68"
(Well-formed origins have one of the following formats: "spec_type @ file <file name> @ line <line number>")
spec_type @ node <node number> (<rule name>)")
spec_type (implicit)")

	at de.uka.ilkd.key.logic.label.OriginTermLabelFactory.parseOrigin(OriginTermLabelFactory.java:116)

104086     DEBUG main            d.u.i.k.p.r.p.TestFile    Exception java.lang.Exception: Exception while loading proof (see cause for details): /home/runner/work/key/key/key.core/../key.ui/examples/heap/quicksort/split.key.proof
	at de.uka.ilkd.key.proof.runallproofs.proofcollection.TestFile.reloadProof(TestFile.java:314)
Caused by: de.uka.ilkd.key.proof.io.ProblemLoaderException: Error loading proof.
Line 2438, goal 2341, rule allLeft not available or not applicable in this context.
	at de.uka.ilkd.key.proof.io.IntermediateProofReplayer.reportError(IntermediateProofReplayer.java:813)
Caused by: de.uka.ilkd.key.util.parsing.BuildingException: Malformed origin string: "assignable @ file:/home/runner/work/key/key/key.ui/examples/heap/quicksort/Quicksort.java:93"
(Well-formed origins have one of the following formats: "spec_type @ file <file name> @ line <line number>")
spec_type @ node <node number> (<rule name>)")
spec_type (implicit)")
 at <unknown>:1:5
	at de.uka.ilkd.key.nparser.builder.ExpressionBuilder.visitSingle_label(ExpressionBuilder.java:932)
Caused by: de.uka.ilkd.key.logic.label.TermLabelException: Malformed origin string: "assignable @ file:/home/runner/work/key/key/key.ui/examples/heap/quicksort/Quicksort.java:93"
(Well-formed origins have one of the following formats: "spec_type @ file <file name> @ line <line number>")
spec_type @ node <node number> (<rule name>)")
spec_type (implicit)")

	at de.uka.ilkd.key.logic.label.OriginTermLabelFactory.parseOrigin(OriginTermLabelFactory.java:116)

104086     WARN  main            d.u.i.k.p.r.p.ForkedTestFileRunner Run failed java.lang.Exception: Exception while loading proof (see cause for details): /home/runner/work/key/key/key.core/../key.ui/examples/heap/quicksort/split.key.proof
	at de.uka.ilkd.key.proof.runallproofs.proofcollection.TestFile.reloadProof(TestFile.java:314)
Caused by: de.uka.ilkd.key.proof.io.ProblemLoaderException: Error loading proof.
Line 2438, goal 2341, rule allLeft not available or not applicable in this context.
	at de.uka.ilkd.key.proof.io.IntermediateProofReplayer.reportError(IntermediateProofReplayer.java:813)
Caused by: de.uka.ilkd.key.util.parsing.BuildingException: Malformed origin string: "assignable @ file:/home/runner/work/key/key/key.ui/examples/heap/quicksort/Quicksort.java:93"
(Well-formed origins have one of the following formats: "spec_type @ file <file name> @ line <line number>")
spec_type @ node <node number> (<rule name>)")
spec_type (implicit)")
 at <unknown>:1:5
	at de.uka.ilkd.key.nparser.builder.ExpressionBuilder.visitSingle_label(ExpressionBuilder.java:932)
Caused by: de.uka.ilkd.key.logic.label.TermLabelException: Malformed origin string: "assignable @ file:/home/runner/work/key/key/key.ui/examples/heap/quicksort/Quicksort.java:93"
(Well-formed origins have one of the following formats: "spec_type @ file <file name> @ line <line number>")
spec_type @ node <node number> (<rule name>)")
spec_type (implicit)")

	at de.uka.ilkd.key.logic.label.OriginTermLabelFactory.parseOrigin(OriginTermLabelFactory.java:116)

1676109    INFO  Test worker     d.u.i.k.p.r.RunAllProofsTestUnit Running test simpleTests 
366        INFO  Timeout watchdog d.u.i.k.p.r.p.ForkedTestFileRunner Timeout watcher launched (2000 secs.) 
375        WARN  main            d.u.i.k.s.ProofSettings   The settings in /home/runner/.key/proof-settings.props are *not* read. 
433        INFO  main            d.u.i.k.p.r.p.TestFile    Now processing file /home/runner/work/key/key/key.core/../key.ui/examples/heap/simple/anonymise_datagroup.key 
625        INFO  main            d.u.i.k.p.i.AbstractProblemLoader Loading environment from /home/runner/work/key/key/key.core/../key.ui/examples/heap/simple/anonymise_datagroup.key 
660        DEBUG main            d.u.i.k.p.i.AbstractProblemLoader Environment load took 1.89ms 
937        INFO  main            d.u.i.k.p.i.AbstractProblemLoader Creating init config 
1802       DEBUG main            d.u.i.k.j.TypeConverter   No LDT found for Meta 
1802       DEBUG main            d.u.i.k.j.TypeConverter   No LDT found for Meta 
1803       DEBUG main            d.u.i.k.j.TypeConverter   No LDT found for Meta 
1804       DEBUG main            d.u.i.k.j.TypeConverter   No LDT found for Meta 
3152       DEBUG main            d.u.i.k.j.TypeConverter   No LDT found for JavaBigintExpression 
7497       DEBUG main            d.u.i.k.p.i.AbstractProblemLoader Init config took 6.56s 
7554       INFO  main            d.u.i.k.p.i.AbstractProblemLoader Replaying proof anonymise_datagroup.key 
7587       DEBUG main            d.u.i.k.p.i.IntermediateProofReplayer Proof replay took 34.3ns 
7859       INFO  main            d.u.i.k.p.r.p.TestFile    ... finished proof: closed. 
7963       INFO  main            d.u.i.k.p.i.AbstractProblemLoader Loading environment from /home/runner/work/key/key/key.core/../key.ui/examples/heap/simple/anonymise_datagroup.key.proof 
7967       DEBUG main            d.u.i.k.p.i.AbstractProblemLoader Environment load took 3.09ms 
7971       INFO  main            d.u.i.k.p.i.AbstractProblemLoader Creating init config 
10566      DEBUG main            d.u.i.k.p.i.AbstractProblemLoader Init config took 2.59s 
10599      INFO  main            d.u.i.k.p.i.AbstractProblemLoader Replaying proof anonymise_datagroup.key.proof 
10630      DEBUG main            d.u.i.k.p.i.IntermediateProofReplayer Proof replay took 22.63ms 
10648      DEBUG main            d.u.i.k.p.r.p.TestFile    ... success: reloaded. 
10649      INFO  main            d.u.i.k.p.r.p.TestFile    Now processing file /home/runner/work/key/key/key.core/../key.ui/examples/heap/simple/array_creation.key 
10650      INFO  main            d.u.i.k.p.i.AbstractProblemLoader Loading environment from /home/runner/work/key/key/key.core/../key.ui/examples/heap/simple/array_creation.key 
10650      DEBUG main            d.u.i.k.p.i.AbstractProblemLoader Environment load took 139.7ns 
10656      INFO  main            d.u.i.k.p.i.AbstractProblemLoader Creating init config 
13178      DEBUG main            d.u.i.k.p.i.AbstractProblemLoader Init config took 2.52s 
13211      INFO  main            d.u.i.k.p.i.AbstractProblemLoader Replaying proof array_creation.key 
13214      DEBUG main            d.u.i.k.p.i.IntermediateProofReplayer Proof replay took 6ns 
13924      INFO  main            d.u.i.k.p.r.p.TestFile    ... finished proof: closed. 
14066      INFO  main            d.u.i.k.p.i.AbstractProblemLoader Loading environment from /home/runner/work/key/key/key.core/../key.ui/examples/heap/simple/array_creation.key.proof 
14067      DEBUG main            d.u.i.k.p.i.AbstractProblemLoader Environment load took 966.02ns 
14072      INFO  main            d.u.i.k.p.i.AbstractProblemLoader Creating init config 
16511      DEBUG main            d.u.i.k.p.i.AbstractProblemLoader Init config took 2.44s 
16549      INFO  main            d.u.i.k.p.i.AbstractProblemLoader Replaying proof array_creation.key.proof 
16639      DEBUG main            d.u.i.k.p.i.IntermediateProofReplayer Proof replay took 84.97ms 
16640      DEBUG main            d.u.i.k.p.r.p.TestFile    ... success: reloaded. 
16641      INFO  main            d.u.i.k.p.r.p.TestFile    Now processing file /home/runner/work/key/key/key.core/../key.ui/examples/heap/simple/arrays_with_disjoint_sorts.key 
16642      INFO  main            d.u.i.k.p.i.AbstractProblemLoader Loading environment from /home/runner/work/key/key/key.core/../key.ui/examples/heap/simple/arrays_with_disjoint_sorts.key 
16642      DEBUG main            d.u.i.k.p.i.AbstractProblemLoader Environment load took 222.8ns 
16644      INFO  main            d.u.i.k.p.i.AbstractProblemLoader Creating init config 
19017      DEBUG main            d.u.i.k.p.i.AbstractProblemLoader Init config took 2.37s 
19041      INFO  main            d.u.i.k.p.i.AbstractProblemLoader Replaying proof arrays_with_disjoint_sorts.key 
19044      DEBUG main            d.u.i.k.p.i.IntermediateProofReplayer Proof replay took 5.9ns 
19147      INFO  main            d.u.i.k.p.r.p.TestFile    ... finished proof: closed. 
19292      INFO  main            d.u.i.k.p.i.AbstractProblemLoader Loading environment from /home/runner/work/key/key/key.core/../key.ui/examples/heap/simple/arrays_with_disjoint_sorts.key.proof 
19292      DEBUG main            d.u.i.k.p.i.AbstractProblemLoader Environment load took 476.91ns 
19294      INFO  main            d.u.i.k.p.i.AbstractProblemLoader Creating init config 
21628      DEBUG main            d.u.i.k.p.i.AbstractProblemLoader Init config took 2.33s 
21651      INFO  main            d.u.i.k.p.i.AbstractProblemLoader Replaying proof arrays_with_disjoint_sorts.key.proof 
21671      DEBUG main            d.u.i.k.p.i.IntermediateProofReplayer Proof replay took 16.58ms 
21673      DEBUG main            d.u.i.k.p.r.p.TestFile    ... success: reloaded. 
21674      INFO  main            d.u.i.k.p.r.p.TestFile    Now processing file /home/runner/work/key/key/key.core/../key.ui/examples/heap/simple/arrays.key 
21674      INFO  main            d.u.i.k.p.i.AbstractProblemLoader Loading environment from /home/runner/work/key/key/key.core/../key.ui/examples/heap/simple/arrays.key 
21674      DEBUG main            d.u.i.k.p.i.AbstractProblemLoader Environment load took 214.4ns 
21675      INFO  main            d.u.i.k.p.i.AbstractProblemLoader Creating init config 
23996      DEBUG main            d.u.i.k.p.i.AbstractProblemLoader Init config took 2.32s 
24017      INFO  main            d.u.i.k.p.i.AbstractProblemLoader Replaying proof arrays.key 
24020      DEBUG main            d.u.i.k.p.i.IntermediateProofReplayer Proof replay took 5.4ns 
24230      INFO  main            d.u.i.k.p.r.p.TestFile    ... finished proof: closed. 
24406      INFO  main            d.u.i.k.p.i.AbstractProblemLoader Loading environment from /home/runner/work/key/key/key.core/../key.ui/examples/heap/simple/arrays.key.proof 
24408      DEBUG main            d.u.i.k.p.i.AbstractProblemLoader Environment load took 1.93ms 
24410      INFO  main            d.u.i.k.p.i.AbstractProblemLoader Creating init config 
26729      DEBUG main            d.u.i.k.p.i.AbstractProblemLoader Init config took 2.32s 
26756      INFO  main            d.u.i.k.p.i.AbstractProblemLoader Replaying proof arrays.key.proof 
26788      DEBUG main            d.u.i.k.p.i.IntermediateProofReplayer Proof replay took 24.43ms 
26789      DEBUG main            d.u.i.k.p.r.p.TestFile    ... success: reloaded. 
26791      INFO  main            d.u.i.k.p.r.p.TestFile    Now processing file /home/runner/work/key/key/key.core/../key.ui/examples/heap/simple/attributes.key 
26791      INFO  main            d.u.i.k.p.i.AbstractProblemLoader Loading environment from /home/runner/work/key/key/key.core/../key.ui/examples/heap/simple/attributes.key 
26791      DEBUG main            d.u.i.k.p.i.AbstractProblemLoader Environment load took 214.6ns 
26792      INFO  main            d.u.i.k.p.i.AbstractProblemLoader Creating init config 
29116      DEBUG main            d.u.i.k.p.i.AbstractProblemLoader Init config took 2.32s 
29138      INFO  main            d.u.i.k.p.i.AbstractProblemLoader Replaying proof attributes.key 
29140      DEBUG main            d.u.i.k.p.i.IntermediateProofReplayer Proof replay took 6.3ns 
29247      INFO  main            d.u.i.k.p.r.p.TestFile    ... finished proof: closed. 
29390      INFO  main            d.u.i.k.p.i.AbstractProblemLoader Loading environment from /home/runner/work/key/key/key.core/../key.ui/examples/heap/simple/attributes.key.proof 
29391      DEBUG main            d.u.i.k.p.i.AbstractProblemLoader Environment load took 133.5ns 
29392      INFO  main            d.u.i.k.p.i.AbstractProblemLoader Creating init config 
31681      DEBUG main            d.u.i.k.p.i.AbstractProblemLoader Init config took 2.29s 
31703      INFO  main            d.u.i.k.p.i.AbstractProblemLoader Replaying proof attributes.key.proof 
31709      DEBUG main            d.u.i.k.p.i.IntermediateProofReplayer Proof replay took 2.55ms 
31710      DEBUG main            d.u.i.k.p.r.p.TestFile    ... success: reloaded. 
31711      INFO  main            d.u.i.k.p.r.p.TestFile    Now processing file /home/runner/work/key/key/key.core/../key.ui/examples/heap/simple/constructor_contracts.key 
31711      INFO  main            d.u.i.k.p.i.AbstractProblemLoader Loading environment from /home/runner/work/key/key/key.core/../key.ui/examples/heap/simple/constructor_contracts.key 
31711      DEBUG main            d.u.i.k.p.i.AbstractProblemLoader Environment load took 223.81ns 
31714      INFO  main            d.u.i.k.p.i.AbstractProblemLoader Creating init config 
34451      DEBUG main            d.u.i.k.p.i.AbstractProblemLoader Init config took 2.74s 
34495      INFO  main            d.u.i.k.p.i.AbstractProblemLoader Replaying proof constructor_contracts.key 
34498      DEBUG main            d.u.i.k.p.i.IntermediateProofReplayer Proof replay took 6.4ns 
35208      INFO  main            d.u.i.k.p.r.p.TestFile    ... finished proof: closed. 
35420      INFO  main            d.u.i.k.p.i.AbstractProblemLoader Loading environment from /home/runner/work/key/key/key.core/../key.ui/examples/heap/simple/constructor_contracts.key.proof 
35423      DEBUG main            d.u.i.k.p.i.AbstractProblemLoader Environment load took 3.43ms 
35425      INFO  main            d.u.i.k.p.i.AbstractProblemLoader Creating init config 
38009      DEBUG main            d.u.i.k.p.i.AbstractProblemLoader Init config took 2.58s 
38031      INFO  main            d.u.i.k.p.i.AbstractProblemLoader Replaying proof constructor_contracts.key.proof 
38131      DEBUG main            d.u.i.k.p.i.IntermediateProofReplayer Proof replay took 95.56ms 
38133      DEBUG main            d.u.i.k.p.r.p.TestFile    ... success: reloaded. 
38135      INFO  main            d.u.i.k.p.r.p.TestFile    Now processing file /home/runner/work/key/key/key.core/../key.ui/examples/heap/simple/dependencies.key 
38135      INFO  main            d.u.i.k.p.i.AbstractProblemLoader Loading environment from /home/runner/work/key/key/key.core/../key.ui/examples/heap/simple/dependencies.key 
38135      DEBUG main            d.u.i.k.p.i.AbstractProblemLoader Environment load took 219.6ns 
38137      INFO  main            d.u.i.k.p.i.AbstractProblemLoader Creating init config 
40483      DEBUG main            d.u.i.k.p.i.AbstractProblemLoader Init config took 2.35s 
40502      INFO  main            d.u.i.k.p.i.AbstractProblemLoader Replaying proof dependencies.key 
40503      DEBUG main            d.u.i.k.p.i.IntermediateProofReplayer Proof replay took 6.5ns 
40606      INFO  main            d.u.i.k.p.r.p.TestFile    ... finished proof: closed. 
40796      INFO  main            d.u.i.k.p.i.AbstractProblemLoader Loading environment from /home/runner/work/key/key/key.core/../key.ui/examples/heap/simple/dependencies.key.proof 
40796      DEBUG main            d.u.i.k.p.i.AbstractProblemLoader Environment load took 124.4ns 
40798      INFO  main            d.u.i.k.p.i.AbstractProblemLoader Creating init config 
43070      DEBUG main            d.u.i.k.p.i.AbstractProblemLoader Init config took 2.27s 
43088      INFO  main            d.u.i.k.p.i.AbstractProblemLoader Replaying proof dependencies.key.proof 
43096      DEBUG main            d.u.i.k.p.i.IntermediateProofReplayer Proof replay took 5.89ms 
43097      DEBUG main            d.u.i.k.p.r.p.TestFile    ... success: reloaded. 
43098      INFO  main            d.u.i.k.p.r.p.TestFile    Now processing file /home/runner/work/key/key/key.core/../key.ui/examples/heap/simple/dependency_contracts.key 
43098      INFO  main            d.u.i.k.p.i.AbstractProblemLoader Loading environment from /home/runner/work/key/key/key.core/../key.ui/examples/heap/simple/dependency_contracts.key 
43098      DEBUG main            d.u.i.k.p.i.AbstractProblemLoader Environment load took 98.7ns 
43099      INFO  main            d.u.i.k.p.i.AbstractProblemLoader Creating init config 
45673      DEBUG main            d.u.i.k.p.i.AbstractProblemLoader Init config took 2.57s 
45694      INFO  main            d.u.i.k.p.i.AbstractProblemLoader Replaying proof dependency_contracts.key 
45696      DEBUG main            d.u.i.k.p.i.IntermediateProofReplayer Proof replay took 6.5ns 
46935      INFO  main            d.u.i.k.p.r.p.TestFile    ... finished proof: closed. 
47122      INFO  main            d.u.i.k.p.i.AbstractProblemLoader Loading environment from /home/runner/work/key/key/key.core/../key.ui/examples/heap/simple/dependency_contracts.key.proof 
47122      DEBUG main            d.u.i.k.p.i.AbstractProblemLoader Environment load took 463.21ns 
47124      INFO  main            d.u.i.k.p.i.AbstractProblemLoader Creating init config 
49610      DEBUG main            d.u.i.k.p.i.AbstractProblemLoader Init config took 2.49s 
49633      INFO  main            d.u.i.k.p.i.AbstractProblemLoader Replaying proof dependency_contracts.key.proof 
49795      DEBUG main            d.u.i.k.p.i.IntermediateProofReplayer Proof replay took 152.87ms 
49798      DEBUG main            d.u.i.k.p.r.p.TestFile    ... success: reloaded. 
49799      INFO  main            d.u.i.k.p.r.p.TestFile    Now processing file /home/runner/work/key/key/key.core/../key.ui/examples/heap/simple/invariant_preservation.key 
49800      INFO  main            d.u.i.k.p.i.AbstractProblemLoader Loading environment from /home/runner/work/key/key/key.core/../key.ui/examples/heap/simple/invariant_preservation.key 
49800      DEBUG main            d.u.i.k.p.i.AbstractProblemLoader Environment load took 226ns 
49801      INFO  main            d.u.i.k.p.i.AbstractProblemLoader Creating init config 
52267      DEBUG main            d.u.i.k.p.i.AbstractProblemLoader Init config took 2.47s 
52288      INFO  main            d.u.i.k.p.i.AbstractProblemLoader Replaying proof invariant_preservation.key 
52289      DEBUG main            d.u.i.k.p.i.IntermediateProofReplayer Proof replay took 8.1ns 
52495      INFO  main            d.u.i.k.p.r.p.TestFile    ... finished proof: closed. 
52702      INFO  main            d.u.i.k.p.i.AbstractProblemLoader Loading environment from /home/runner/work/key/key/key.core/../key.ui/examples/heap/simple/invariant_preservation.key.proof 
52703      DEBUG main            d.u.i.k.p.i.AbstractProblemLoader Environment load took 148.6ns 
52704      INFO  main            d.u.i.k.p.i.AbstractProblemLoader Creating init config 
55157      DEBUG main            d.u.i.k.p.i.AbstractProblemLoader Init config took 2.45s 
55177      INFO  main            d.u.i.k.p.i.AbstractProblemLoader Replaying proof invariant_preservation.key.proof 
55203      DEBUG main            d.u.i.k.p.i.IntermediateProofReplayer Proof replay took 22.41ms 
55204      DEBUG main            d.u.i.k.p.r.p.TestFile    ... success: reloaded. 
55206      INFO  main            d.u.i.k.p.r.p.TestFile    Now processing file /home/runner/work/key/key/key.core/../key.ui/examples/heap/simple/locsets.key 
55206      INFO  main            d.u.i.k.p.i.AbstractProblemLoader Loading environment from /home/runner/work/key/key/key.core/../key.ui/examples/heap/simple/locsets.key 
55206      DEBUG main            d.u.i.k.p.i.AbstractProblemLoader Environment load took 228ns 
55208      INFO  main            d.u.i.k.p.i.AbstractProblemLoader Creating init config 
57482      DEBUG main            d.u.i.k.p.i.AbstractProblemLoader Init config took 2.27s 
57499      INFO  main            d.u.i.k.p.i.AbstractProblemLoader Replaying proof locsets.key 
57500      DEBUG main            d.u.i.k.p.i.IntermediateProofReplayer Proof replay took 8.2ns 
57602      INFO  main            d.u.i.k.p.r.p.TestFile    ... finished proof: closed. 
57786      INFO  main            d.u.i.k.p.i.AbstractProblemLoader Loading environment from /home/runner/work/key/key/key.core/../key.ui/examples/heap/simple/locsets.key.proof 
57786      DEBUG main            d.u.i.k.p.i.AbstractProblemLoader Environment load took 127.4ns 
57788      INFO  main            d.u.i.k.p.i.AbstractProblemLoader Creating init config 
60018      DEBUG main            d.u.i.k.p.i.AbstractProblemLoader Init config took 2.23s 
60034      INFO  main            d.u.i.k.p.i.AbstractProblemLoader Replaying proof locsets.key.proof 
60036      DEBUG main            d.u.i.k.p.i.IntermediateProofReplayer Proof replay took 1.1ms 
60037      DEBUG main            d.u.i.k.p.r.p.TestFile    ... success: reloaded. 
60038      INFO  main            d.u.i.k.p.r.p.TestFile    Now processing file /home/runner/work/key/key/key.core/../key.ui/examples/heap/simple/loop1.key 
60038      INFO  main            d.u.i.k.p.i.AbstractProblemLoader Loading environment from /home/runner/work/key/key/key.core/../key.ui/examples/heap/simple/loop1.key 
60038      DEBUG main            d.u.i.k.p.i.AbstractProblemLoader Environment load took 101.4ns 
60039      INFO  main            d.u.i.k.p.i.AbstractProblemLoader Creating init config 
62524      DEBUG main            d.u.i.k.p.i.AbstractProblemLoader Init config took 2.48s 
62541      INFO  main            d.u.i.k.p.i.AbstractProblemLoader Replaying proof loop1.key 
62543      DEBUG main            d.u.i.k.p.i.IntermediateProofReplayer Proof replay took 7.4ns 
62746      INFO  main            d.u.i.k.p.r.p.TestFile    ... finished proof: closed. 
62932      INFO  main            d.u.i.k.p.i.AbstractProblemLoader Loading environment from /home/runner/work/key/key/key.core/../key.ui/examples/heap/simple/loop1.key.proof 
62932      DEBUG main            d.u.i.k.p.i.AbstractProblemLoader Environment load took 128.7ns 
62934      INFO  main            d.u.i.k.p.i.AbstractProblemLoader Creating init config 
65370      DEBUG main            d.u.i.k.p.i.AbstractProblemLoader Init config took 2.44s 
65387      INFO  main            d.u.i.k.p.i.AbstractProblemLoader Replaying proof loop1.key.proof 
65448      DEBUG main            d.u.i.k.p.i.IntermediateProofReplayer Proof replay took 58.88ms 
65449      DEBUG main            d.u.i.k.p.r.p.TestFile    ... success: reloaded. 
65450      INFO  main            d.u.i.k.p.r.p.TestFile    Now processing file /home/runner/work/key/key/key.core/../key.ui/examples/heap/simple/loop2.key 
65450      INFO  main            d.u.i.k.p.i.AbstractProblemLoader Loading environment from /home/runner/work/key/key/key.core/../key.ui/examples/heap/simple/loop2.key 
65450      DEBUG main            d.u.i.k.p.i.AbstractProblemLoader Environment load took 93.5ns 
65451      INFO  main            d.u.i.k.p.i.AbstractProblemLoader Creating init config 
67959      DEBUG main            d.u.i.k.p.i.AbstractProblemLoader Init config took 2.51s 
67979      INFO  main            d.u.i.k.p.i.AbstractProblemLoader Replaying proof loop2.key 
67982      DEBUG main            d.u.i.k.p.i.IntermediateProofReplayer Proof replay took 7.7ns 
68586      INFO  main            d.u.i.k.p.r.p.TestFile    ... finished proof: closed. 
68806      INFO  main            d.u.i.k.p.i.AbstractProblemLoader Loading environment from /home/runner/work/key/key/key.core/../key.ui/examples/heap/simple/loop2.key.proof 
68806      DEBUG main            d.u.i.k.p.i.AbstractProblemLoader Environment load took 451.31ns 
68808      INFO  main            d.u.i.k.p.i.AbstractProblemLoader Creating init config 
71217      DEBUG main            d.u.i.k.p.i.AbstractProblemLoader Init config took 2.41s 
71234      INFO  main            d.u.i.k.p.i.AbstractProblemLoader Replaying proof loop2.key.proof 
71316      DEBUG main            d.u.i.k.p.i.IntermediateProofReplayer Proof replay took 77.52ms 
71317      DEBUG main            d.u.i.k.p.r.p.TestFile    ... success: reloaded. 
71319      INFO  main            d.u.i.k.p.r.p.TestFile    Now processing file /home/runner/work/key/key/key.core/../key.ui/examples/heap/simple/modifies_datagroup.key 
71319      INFO  main            d.u.i.k.p.i.AbstractProblemLoader Loading environment from /home/runner/work/key/key/key.core/../key.ui/examples/heap/simple/modifies_datagroup.key 
71319      DEBUG main            d.u.i.k.p.i.AbstractProblemLoader Environment load took 234ns 
71320      INFO  main            d.u.i.k.p.i.AbstractProblemLoader Creating init config 
73605      DEBUG main            d.u.i.k.p.i.AbstractProblemLoader Init config took 2.28s 
73625      INFO  main            d.u.i.k.p.i.AbstractProblemLoader Replaying proof modifies_datagroup.key 
73626      DEBUG main            d.u.i.k.p.i.IntermediateProofReplayer Proof replay took 7.3ns 
73728      INFO  main            d.u.i.k.p.r.p.TestFile    ... finished proof: closed. 
73944      INFO  main            d.u.i.k.p.i.AbstractProblemLoader Loading environment from /home/runner/work/key/key/key.core/../key.ui/examples/heap/simple/modifies_datagroup.key.proof 
73944      DEBUG main            d.u.i.k.p.i.AbstractProblemLoader Environment load took 118.4ns 
73945      INFO  main            d.u.i.k.p.i.AbstractProblemLoader Creating init config 
76173      DEBUG main            d.u.i.k.p.i.AbstractProblemLoader Init config took 2.23s 
76188      INFO  main            d.u.i.k.p.i.AbstractProblemLoader Replaying proof modifies_datagroup.key.proof 
76192      DEBUG main            d.u.i.k.p.i.IntermediateProofReplayer Proof replay took 2.59ms 
76193      DEBUG main            d.u.i.k.p.r.p.TestFile    ... success: reloaded. 
76194      INFO  main            d.u.i.k.p.r.p.TestFile    Now processing file /home/runner/work/key/key/key.core/../key.ui/examples/heap/simple/modifies.key 
76195      INFO  main            d.u.i.k.p.i.AbstractProblemLoader Loading environment from /home/runner/work/key/key/key.core/../key.ui/examples/heap/simple/modifies.key 
76195      DEBUG main            d.u.i.k.p.i.AbstractProblemLoader Environment load took 194.7ns 
76197      INFO  main            d.u.i.k.p.i.AbstractProblemLoader Creating init config 
78490      DEBUG main            d.u.i.k.p.i.AbstractProblemLoader Init config took 2.29s 
78507      INFO  main            d.u.i.k.p.i.AbstractProblemLoader Replaying proof modifies.key 
78509      DEBUG main            d.u.i.k.p.i.IntermediateProofReplayer Proof replay took 8.6ns 
78611      INFO  main            d.u.i.k.p.r.p.TestFile    ... finished proof: closed. 
78820      INFO  main            d.u.i.k.p.i.AbstractProblemLoader Loading environment from /home/runner/work/key/key/key.core/../key.ui/examples/heap/simple/modifies.key.proof 
78820      DEBUG main            d.u.i.k.p.i.AbstractProblemLoader Environment load took 123.7ns 
78826      INFO  main            d.u.i.k.p.i.AbstractProblemLoader Creating init config 
81001      DEBUG main            d.u.i.k.p.i.AbstractProblemLoader Init config took 2.18s 
81015      INFO  main            d.u.i.k.p.i.AbstractProblemLoader Replaying proof modifies.key.proof 
81027      DEBUG main            d.u.i.k.p.i.IntermediateProofReplayer Proof replay took 9.73ms 
81028      DEBUG main            d.u.i.k.p.r.p.TestFile    ... success: reloaded. 
81028      INFO  main            d.u.i.k.p.r.p.TestFile    Now processing file /home/runner/work/key/key/key.core/../key.ui/examples/heap/simple/object_creation.key 
81029      INFO  main            d.u.i.k.p.i.AbstractProblemLoader Loading environment from /home/runner/work/key/key/key.core/../key.ui/examples/heap/simple/object_creation.key 
81029      DEBUG main            d.u.i.k.p.i.AbstractProblemLoader Environment load took 94.8ns 
81030      INFO  main            d.u.i.k.p.i.AbstractProblemLoader Creating init config 
83276      DEBUG main            d.u.i.k.p.i.AbstractProblemLoader Init config took 2.25s 
83292      INFO  main            d.u.i.k.p.i.AbstractProblemLoader Replaying proof object_creation.key 
83293      DEBUG main            d.u.i.k.p.i.IntermediateProofReplayer Proof replay took 7.4ns 
83499      INFO  main            d.u.i.k.p.r.p.TestFile    ... finished proof: closed. 
83720      INFO  main            d.u.i.k.p.i.AbstractProblemLoader Loading environment from /home/runner/work/key/key/key.core/../key.ui/examples/heap/simple/object_creation.key.proof 
83720      DEBUG main            d.u.i.k.p.i.AbstractProblemLoader Environment load took 128.9ns 
83721      INFO  main            d.u.i.k.p.i.AbstractProblemLoader Creating init config 
85902      DEBUG main            d.u.i.k.p.i.AbstractProblemLoader Init config took 2.18s 
85917      INFO  main            d.u.i.k.p.i.AbstractProblemLoader Replaying proof object_creation.key.proof 
85961      DEBUG main            d.u.i.k.p.i.IntermediateProofReplayer Proof replay took 42.06ms 
85963      DEBUG main            d.u.i.k.p.r.p.TestFile    ... success: reloaded. 
85963      INFO  main            d.u.i.k.p.r.p.TestFile    Now processing file /home/runner/work/key/key/key.core/../key.ui/examples/heap/simple/operation_contracts.key 
85964      INFO  main            d.u.i.k.p.i.AbstractProblemLoader Loading environment from /home/runner/work/key/key/key.core/../key.ui/examples/heap/simple/operation_contracts.key 
85964      DEBUG main            d.u.i.k.p.i.AbstractProblemLoader Environment load took 215.2ns 
85966      INFO  main            d.u.i.k.p.i.AbstractProblemLoader Creating init config 
88477      DEBUG main            d.u.i.k.p.i.AbstractProblemLoader Init config took 2.51s 
88493      INFO  main            d.u.i.k.p.i.AbstractProblemLoader Replaying proof operation_contracts.key 
88494      DEBUG main            d.u.i.k.p.i.IntermediateProofReplayer Proof replay took 7.1ns 
89217      INFO  main            d.u.i.k.p.r.p.TestFile    ... finished proof: closed. 
89468      INFO  main            d.u.i.k.p.i.AbstractProblemLoader Loading environment from /home/runner/work/key/key/key.core/../key.ui/examples/heap/simple/operation_contracts.key.proof 
89469      DEBUG main            d.u.i.k.p.i.AbstractProblemLoader Environment load took 469.41ns 
89471      INFO  main            d.u.i.k.p.i.AbstractProblemLoader Creating init config 
91882      DEBUG main            d.u.i.k.p.i.AbstractProblemLoader Init config took 2.41s 
91899      INFO  main            d.u.i.k.p.i.AbstractProblemLoader Replaying proof operation_contracts.key.proof 
92018      DEBUG main            d.u.i.k.p.i.IntermediateProofReplayer Proof replay took 112.68ms 
92020      DEBUG main            d.u.i.k.p.r.p.TestFile    ... success: reloaded. 
92021      INFO  main            d.u.i.k.p.r.p.TestFile    Now processing file /home/runner/work/key/key/key.core/../key.ui/examples/heap/simple/select_store.key 
92022      INFO  main            d.u.i.k.p.i.AbstractProblemLoader Loading environment from /home/runner/work/key/key/key.core/../key.ui/examples/heap/simple/select_store.key 
92022      DEBUG main            d.u.i.k.p.i.AbstractProblemLoader Environment load took 96.4ns 
92023      INFO  main            d.u.i.k.p.i.AbstractProblemLoader Creating init config 
94309      DEBUG main            d.u.i.k.p.i.AbstractProblemLoader Init config took 2.29s 
94326      INFO  main            d.u.i.k.p.i.AbstractProblemLoader Replaying proof select_store.key 
94328      DEBUG main            d.u.i.k.p.i.IntermediateProofReplayer Proof replay took 7.6ns 
94430      INFO  main            d.u.i.k.p.r.p.TestFile    ... finished proof: closed. 
94674      INFO  main            d.u.i.k.p.i.AbstractProblemLoader Loading environment from /home/runner/work/key/key/key.core/../key.ui/examples/heap/simple/select_store.key.proof 
94674      DEBUG main            d.u.i.k.p.i.AbstractProblemLoader Environment load took 194.9ns 
94676      INFO  main            d.u.i.k.p.i.AbstractProblemLoader Creating init config 
96859      DEBUG main            d.u.i.k.p.i.AbstractProblemLoader Init config took 2.18s 
96873      INFO  main            d.u.i.k.p.i.AbstractProblemLoader Replaying proof select_store.key.proof 
96877      DEBUG main            d.u.i.k.p.i.IntermediateProofReplayer Proof replay took 1.96ms 
96878      DEBUG main            d.u.i.k.p.r.p.TestFile    ... success: reloaded. 
96878      INFO  main            d.u.i.k.p.r.p.TestFile    Now processing file /home/runner/work/key/key/key.core/../key.ui/examples/heap/simple/selection_sort.key 
96878      INFO  main            d.u.i.k.p.i.AbstractProblemLoader Loading environment from /home/runner/work/key/key/key.core/../key.ui/examples/heap/simple/selection_sort.key 
96878      DEBUG main            d.u.i.k.p.i.AbstractProblemLoader Environment load took 62.8ns 
96879      INFO  main            d.u.i.k.p.i.AbstractProblemLoader Creating init config 
99375      DEBUG main            d.u.i.k.p.i.AbstractProblemLoader Init config took 2.5s 
99390      INFO  main            d.u.i.k.p.i.AbstractProblemLoader Replaying proof selection_sort.key 
99392      DEBUG main            d.u.i.k.p.i.IntermediateProofReplayer Proof replay took 7.4ns 
102804     INFO  main            d.u.i.k.p.r.p.TestFile    ... finished proof: closed. 
103079     INFO  main            d.u.i.k.p.i.AbstractProblemLoader Loading environment from /home/runner/work/key/key/key.core/../key.ui/examples/heap/simple/selection_sort.key.proof 
103079     DEBUG main            d.u.i.k.p.i.AbstractProblemLoader Environment load took 619.11ns 
103081     INFO  main            d.u.i.k.p.i.AbstractProblemLoader Creating init config 
105463     DEBUG main            d.u.i.k.p.i.AbstractProblemLoader Init config took 2.38s 
105478     INFO  main            d.u.i.k.p.i.AbstractProblemLoader Replaying proof selection_sort.key.proof 
105875     DEBUG main            d.u.i.k.p.i.IntermediateProofReplayer Proof replay took 377.32ms 
105878     DEBUG main            d.u.i.k.p.r.p.TestFile    ... success: reloaded. 
105882     INFO  main            d.u.i.k.p.r.p.TestFile    Now processing file /home/runner/work/key/key/key.core/../key.ui/examples/heap/simple/seq.key 
105882     INFO  main            d.u.i.k.p.i.AbstractProblemLoader Loading environment from /home/runner/work/key/key/key.core/../key.ui/examples/heap/simple/seq.key 
105882     DEBUG main            d.u.i.k.p.i.AbstractProblemLoader Environment load took 93ns 
105883     INFO  main            d.u.i.k.p.i.AbstractProblemLoader Creating init config 
108120     DEBUG main            d.u.i.k.p.i.AbstractProblemLoader Init config took 2.24s 
108138     INFO  main            d.u.i.k.p.i.AbstractProblemLoader Replaying proof seq.key 
108139     DEBUG main            d.u.i.k.p.i.IntermediateProofReplayer Proof replay took 7.3ns 
108543     INFO  main            d.u.i.k.p.r.p.TestFile    ... finished proof: closed. 
108822     INFO  main            d.u.i.k.p.i.AbstractProblemLoader Loading environment from /home/runner/work/key/key/key.core/../key.ui/examples/heap/simple/seq.key.proof 
108822     DEBUG main            d.u.i.k.p.i.AbstractProblemLoader Environment load took 491.01ns 
108824     INFO  main            d.u.i.k.p.i.AbstractProblemLoader Creating init config 
110990     DEBUG main            d.u.i.k.p.i.AbstractProblemLoader Init config took 2.17s 
111005     INFO  main            d.u.i.k.p.i.AbstractProblemLoader Replaying proof seq.key.proof 
111038     DEBUG main            d.u.i.k.p.i.IntermediateProofReplayer Proof replay took 27.89ms 
111039     DEBUG main            d.u.i.k.p.r.p.TestFile    ... success: reloaded. 
111040     INFO  main            d.u.i.k.p.r.p.TestFile    Now processing file /home/runner/work/key/key/key.core/../key.ui/examples/heap/simple/oldForParams.key 
111040     INFO  main            d.u.i.k.p.i.AbstractProblemLoader Loading environment from /home/runner/work/key/key/key.core/../key.ui/examples/heap/simple/oldForParams.key 
111041     DEBUG main            d.u.i.k.p.i.AbstractProblemLoader Environment load took 212.5ns 
111042     INFO  main            d.u.i.k.p.i.AbstractProblemLoader Creating init config 
113482     DEBUG main            d.u.i.k.p.i.AbstractProblemLoader Init config took 2.44s 
113545     INFO  main            d.u.i.k.p.i.AbstractProblemLoader Replaying proof OldForParameters[OldForParameters::method(int)].JML operation contract.0 
113547     DEBUG main            d.u.i.k.p.i.IntermediateProofReplayer Proof replay took 6.9ns 
113751     INFO  main            d.u.i.k.p.r.p.TestFile    ... finished proof: closed. 
114014     INFO  main            d.u.i.k.p.i.AbstractProblemLoader Loading environment from /home/runner/work/key/key/key.core/../key.ui/examples/heap/simple/oldForParams.key.proof 
114014     DEBUG main            d.u.i.k.p.i.AbstractProblemLoader Environment load took 113.4ns 
114015     INFO  main            d.u.i.k.p.i.AbstractProblemLoader Creating init config 
116425     DEBUG main            d.u.i.k.p.i.AbstractProblemLoader Init config took 2.41s 
116465     INFO  main            d.u.i.k.p.i.AbstractProblemLoader Replaying proof OldForParameters[OldForParameters::method(int)].JML operation contract.0 
116502     DEBUG main            d.u.i.k.p.i.IntermediateProofReplayer Proof replay took 34.01ms 
116503     DEBUG main            d.u.i.k.p.r.p.TestFile    ... success: reloaded. 
116504     INFO  main            d.u.i.k.p.r.p.TestFile    Now processing file /home/runner/work/key/key/key.core/../key.ui/examples/heap/simple/parse_lmtd.key 
116504     INFO  main            d.u.i.k.p.i.AbstractProblemLoader Loading environment from /home/runner/work/key/key/key.core/../key.ui/examples/heap/simple/parse_lmtd.key 
116504     DEBUG main            d.u.i.k.p.i.AbstractProblemLoader Environment load took 94ns 
116505     INFO  main            d.u.i.k.p.i.AbstractProblemLoader Creating init config 
119019     DEBUG main            d.u.i.k.p.i.AbstractProblemLoader Init config took 2.51s 
119060     INFO  main            d.u.i.k.p.i.AbstractProblemLoader Replaying proof ParseLmtd[ParseLmtd::simple(int)].JML normal_behavior operation contract.0 
119061     DEBUG main            d.u.i.k.p.i.IntermediateProofReplayer Proof replay took 7.5ns 
119163     INFO  main            d.u.i.k.p.r.p.TestFile    ... finished proof: closed. 
119418     INFO  main            d.u.i.k.p.i.AbstractProblemLoader Loading environment from /home/runner/work/key/key/key.core/../key.ui/examples/heap/simple/parse_lmtd.key.proof 
119418     DEBUG main            d.u.i.k.p.i.AbstractProblemLoader Environment load took 114.4ns 
119419     INFO  main            d.u.i.k.p.i.AbstractProblemLoader Creating init config 
121848     DEBUG main            d.u.i.k.p.i.AbstractProblemLoader Init config took 2.43s 
121894     INFO  main            d.u.i.k.p.i.AbstractProblemLoader Replaying proof ParseLmtd[ParseLmtd::simple(int)].JML normal_behavior operation contract.0 
121916     DEBUG main            d.u.i.k.p.i.IntermediateProofReplayer Proof replay took 18.86ms 
121917     DEBUG main            d.u.i.k.p.r.p.TestFile    ... success: reloaded. 
121918     INFO  main            d.u.i.k.p.r.p.TestFile    Now processing file /home/runner/work/key/key/key.core/../key.ui/examples/heap/strictly_pure/strictlyPureMethod.key 
121918     INFO  main            d.u.i.k.p.i.AbstractProblemLoader Loading environment from /home/runner/work/key/key/key.core/../key.ui/examples/heap/strictly_pure/strictlyPureMethod.key 
121919     DEBUG main            d.u.i.k.p.i.AbstractProblemLoader Environment load took 210.1ns 
121920     INFO  main            d.u.i.k.p.i.AbstractProblemLoader Creating init config 
124267     DEBUG main            d.u.i.k.p.i.AbstractProblemLoader Init config took 2.35s 
124306     INFO  main            d.u.i.k.p.i.AbstractProblemLoader Replaying proof StrictlyPure[StrictlyPure::strictlyPureMethod()].JML operation contract.0 
124307     DEBUG main            d.u.i.k.p.i.IntermediateProofReplayer Proof replay took 7.5ns 
124513     INFO  main            d.u.i.k.p.r.p.TestFile    ... finished proof: closed. 
124772     INFO  main            d.u.i.k.p.i.AbstractProblemLoader Loading environment from /home/runner/work/key/key/key.core/../key.ui/examples/heap/strictly_pure/strictlyPureMethod.key.proof 
124772     DEBUG main            d.u.i.k.p.i.AbstractProblemLoader Environment load took 116.8ns 
124773     INFO  main            d.u.i.k.p.i.AbstractProblemLoader Creating init config 
127058     DEBUG main            d.u.i.k.p.i.AbstractProblemLoader Init config took 2.29s 
127096     INFO  main            d.u.i.k.p.i.AbstractProblemLoader Replaying proof StrictlyPure[StrictlyPure::strictlyPureMethod()].JML operation contract.0 
127127     DEBUG main            d.u.i.k.p.i.IntermediateProofReplayer Proof replay took 28.49ms 
127128     DEBUG main            d.u.i.k.p.r.p.TestFile    ... success: reloaded. 
127130     INFO  main            d.u.i.k.p.r.p.TestFile    Now processing file /home/runner/work/key/key/key.core/../key.ui/examples/heap/strictly_pure/useStrictlyPureMethod.key 
127130     INFO  main            d.u.i.k.p.i.AbstractProblemLoader Loading environment from /home/runner/work/key/key/key.core/../key.ui/examples/heap/strictly_pure/useStrictlyPureMethod.key 
127130     DEBUG main            d.u.i.k.p.i.AbstractProblemLoader Environment load took 209.9ns 
127131     INFO  main            d.u.i.k.p.i.AbstractProblemLoader Creating init config 
129438     DEBUG main            d.u.i.k.p.i.AbstractProblemLoader Init config took 2.31s 
129473     INFO  main            d.u.i.k.p.i.AbstractProblemLoader Replaying proof StrictlyPure[StrictlyPure::useStrictlyPureMethod(StrictlyPureClass)].JML operation contract.0 
129475     DEBUG main            d.u.i.k.p.i.IntermediateProofReplayer Proof replay took 7.2ns 
129677     INFO  main            d.u.i.k.p.r.p.TestFile    ... finished proof: closed. 
129947     INFO  main            d.u.i.k.p.i.AbstractProblemLoader Loading environment from /home/runner/work/key/key/key.core/../key.ui/examples/heap/strictly_pure/useStrictlyPureMethod.key.proof 
129947     DEBUG main            d.u.i.k.p.i.AbstractProblemLoader Environment load took 112.6ns 
129948     INFO  main            d.u.i.k.p.i.AbstractProblemLoader Creating init config 
132210     DEBUG main            d.u.i.k.p.i.AbstractProblemLoader Init config took 2.26s 
132245     INFO  main            d.u.i.k.p.i.AbstractProblemLoader Replaying proof StrictlyPure[StrictlyPure::useStrictlyPureMethod(StrictlyPureClass)].JML operation contract.0 
132303     DEBUG main            d.u.i.k.p.i.IntermediateProofReplayer Proof replay took 55.54ms 
132304     DEBUG main            d.u.i.k.p.r.p.TestFile    ... success: reloaded. 
132306     INFO  main            d.u.i.k.p.r.p.TestFile    Now processing file /home/runner/work/key/key/key.core/../key.ui/examples/heap/Wellfounded/ackermann.key 
132306     INFO  main            d.u.i.k.p.i.AbstractProblemLoader Loading environment from /home/runner/work/key/key/key.core/../key.ui/examples/heap/Wellfounded/ackermann.key 
132307     DEBUG main            d.u.i.k.p.i.AbstractProblemLoader Environment load took 219.4ns 
132308     INFO  main            d.u.i.k.p.i.AbstractProblemLoader Creating init config 
134665     DEBUG main            d.u.i.k.p.i.AbstractProblemLoader Init config took 2.36s 
134700     INFO  main            d.u.i.k.p.i.AbstractProblemLoader Replaying proof Ackermann[Ackermann::a(int,int)].JML normal_behavior operation contract.0 
134702     DEBUG main            d.u.i.k.p.i.IntermediateProofReplayer Proof replay took 7.8ns 
135005     INFO  main            d.u.i.k.p.r.p.TestFile    ... finished proof: closed. 
135301     INFO  main            d.u.i.k.p.i.AbstractProblemLoader Loading environment from /home/runner/work/key/key/key.core/../key.ui/examples/heap/Wellfounded/ackermann.key.proof 
135301     DEBUG main            d.u.i.k.p.i.AbstractProblemLoader Environment load took 115.3ns 
135302     INFO  main            d.u.i.k.p.i.AbstractProblemLoader Creating init config 
137609     DEBUG main            d.u.i.k.p.i.AbstractProblemLoader Init config took 2.31s 
137646     INFO  main            d.u.i.k.p.i.AbstractProblemLoader Replaying proof Ackermann[Ackermann::a(int,int)].JML normal_behavior operation contract.0 
137707     DEBUG main            d.u.i.k.p.i.IntermediateProofReplayer Proof replay took 56.84ms 
137708     DEBUG main            d.u.i.k.p.r.p.TestFile    ... success: reloaded. 
137709     INFO  main            d.u.i.k.p.r.p.TestFile    Now processing file /home/runner/work/key/key/key.core/../key.ui/examples/standard_key/unicode_test.key 
137710     INFO  main            d.u.i.k.p.i.AbstractProblemLoader Loading environment from /home/runner/work/key/key/key.core/../key.ui/examples/standard_key/unicode_test.key 
137710     DEBUG main            d.u.i.k.p.i.AbstractProblemLoader Environment load took 95.7ns 
137712     INFO  main            d.u.i.k.p.i.AbstractProblemLoader Creating init config 
140007     DEBUG main            d.u.i.k.p.i.AbstractProblemLoader Init config took 2.29s 
140020     INFO  main            d.u.i.k.p.i.AbstractProblemLoader Replaying proof unicode_test.key 
140021     DEBUG main            d.u.i.k.p.i.IntermediateProofReplayer Proof replay took 7.1ns 
140123     INFO  main            d.u.i.k.p.r.p.TestFile    ... finished proof: closed. 
140395     INFO  main            d.u.i.k.p.i.AbstractProblemLoader Loading environment from /home/runner/work/key/key/key.core/../key.ui/examples/standard_key/unicode_test.key.proof 
140395     DEBUG main            d.u.i.k.p.i.AbstractProblemLoader Environment load took 111.4ns 
140396     INFO  main            d.u.i.k.p.i.AbstractProblemLoader Creating init config 
142565     DEBUG main            d.u.i.k.p.i.AbstractProblemLoader Init config took 2.17s 
142578     INFO  main            d.u.i.k.p.i.AbstractProblemLoader Replaying proof unicode_test.key.proof 
142580     DEBUG main            d.u.i.k.p.i.IntermediateProofReplayer Proof replay took 353.51ns 
142580     DEBUG main            d.u.i.k.p.r.p.TestFile    ... success: reloaded. 
142581     INFO  main            d.u.i.k.p.r.p.TestFile    Now processing file /home/runner/work/key/key/key.core/../key.ui/examples/heap/strictlyModular/mayExpand.key 
142581     INFO  main            d.u.i.k.p.i.AbstractProblemLoader Loading environment from /home/runner/work/key/key/key.core/../key.ui/examples/heap/strictlyModular/mayExpand.key 
142582     DEBUG main            d.u.i.k.p.i.AbstractProblemLoader Environment load took 252.9ns 
142582     INFO  main            d.u.i.k.p.i.AbstractProblemLoader Creating init config 
144864     DEBUG main            d.u.i.k.p.i.AbstractProblemLoader Init config took 2.28s 
144898     INFO  main            d.u.i.k.p.i.AbstractProblemLoader Replaying proof Modular[Modular::m()].JML operation contract.0 
144900     DEBUG main            d.u.i.k.p.i.IntermediateProofReplayer Proof replay took 7.4ns 
145002     INFO  main            d.u.i.k.p.r.p.TestFile    ... finished proof: closed. 
145323     INFO  main            d.u.i.k.p.i.AbstractProblemLoader Loading environment from /home/runner/work/key/key/key.core/../key.ui/examples/heap/strictlyModular/mayExpand.key.proof 
145323     DEBUG main            d.u.i.k.p.i.AbstractProblemLoader Environment load took 110.4ns 
145324     INFO  main            d.u.i.k.p.i.AbstractProblemLoader Creating init config 
147557     DEBUG main            d.u.i.k.p.i.AbstractProblemLoader Init config took 2.23s 
147592     INFO  main            d.u.i.k.p.i.AbstractProblemLoader Replaying proof Modular[Modular::m()].JML operation contract.0 
147606     DEBUG main            d.u.i.k.p.i.IntermediateProofReplayer Proof replay took 11.78ms 
147607     DEBUG main            d.u.i.k.p.r.p.TestFile    ... success: reloaded. 
147608     INFO  main            d.u.i.k.p.r.p.TestFile    Now processing file /home/runner/work/key/key/key.core/../key.ui/examples/heap/strictlyModular/modularOnly.key 
147608     INFO  main            d.u.i.k.p.i.AbstractProblemLoader Loading environment from /home/runner/work/key/key/key.core/../key.ui/examples/heap/strictlyModular/modularOnly.key 
147609     DEBUG main            d.u.i.k.p.i.AbstractProblemLoader Environment load took 232ns 
147610     INFO  main            d.u.i.k.p.i.AbstractProblemLoader Creating init config 
149912     DEBUG main            d.u.i.k.p.i.AbstractProblemLoader Init config took 2.3s 
149947     INFO  main            d.u.i.k.p.i.AbstractProblemLoader Replaying proof Modular[Modular::m()].JML operation contract.0 
149948     DEBUG main            d.u.i.k.p.i.IntermediateProofReplayer Proof replay took 7.1ns 
150052     INFO  main            d.u.i.k.p.r.p.TestFile    ... finished proof: open goal(s) 
1826616    INFO  Test worker     d.u.i.k.p.r.RunAllProofsTestUnit Returning from test simpleTests 
1826617    INFO  Test worker     d.u.i.k.p.r.RunAllProofsTestUnit Running test SmansEtAl 
324        INFO  Timeout watchdog d.u.i.k.p.r.p.ForkedTestFileRunner Timeout watcher launched (2000 secs.) 
335        WARN  main            d.u.i.k.s.ProofSettings   The settings in /home/runner/.key/proof-settings.props are *not* read. 
378        INFO  main            d.u.i.k.p.r.p.TestFile    Now processing file /home/runner/work/key/key/key.core/../key.ui/examples/heap/SmansEtAl/ArrayList_add.key 
482        INFO  main            d.u.i.k.p.i.AbstractProblemLoader Loading environment from /home/runner/work/key/key/key.core/../key.ui/examples/heap/SmansEtAl/ArrayList_add.key 
507        DEBUG main            d.u.i.k.p.i.AbstractProblemLoader Environment load took 1.95ms 
726        INFO  main            d.u.i.k.p.i.AbstractProblemLoader Creating init config 
1677       DEBUG main            d.u.i.k.j.TypeConverter   No LDT found for Meta 
1678       DEBUG main            d.u.i.k.j.TypeConverter   No LDT found for Meta 
1680       DEBUG main            d.u.i.k.j.TypeConverter   No LDT found for Meta 
1680       DEBUG main            d.u.i.k.j.TypeConverter   No LDT found for Meta 
3118       DEBUG main            d.u.i.k.j.TypeConverter   No LDT found for JavaBigintExpression 
8440       DEBUG main            d.u.i.k.p.i.AbstractProblemLoader Init config took 7.71s 
8577       INFO  main            d.u.i.k.p.i.AbstractProblemLoader Replaying proof ArrayList[ArrayList::add(java.lang.Object)].JML normal_behavior operation contract.0 
8613       DEBUG main            d.u.i.k.p.i.IntermediateProofReplayer Proof replay took 32.9ns 
15704      INFO  main            d.u.i.k.p.r.p.TestFile    ... finished proof: closed. 
15969      INFO  main            d.u.i.k.p.i.AbstractProblemLoader Loading environment from /home/runner/work/key/key/key.core/../key.ui/examples/heap/SmansEtAl/ArrayList_add.key.proof 
15970      DEBUG main            d.u.i.k.p.i.AbstractProblemLoader Environment load took 1.1ms 
15979      INFO  main            d.u.i.k.p.i.AbstractProblemLoader Creating init config 
19048      DEBUG main            d.u.i.k.p.i.AbstractProblemLoader Init config took 3.07s 
19107      INFO  main            d.u.i.k.p.i.AbstractProblemLoader Replaying proof ArrayList[ArrayList::add(java.lang.Object)].JML normal_behavior operation contract.0 
19830      DEBUG main            d.u.i.k.p.i.IntermediateProofReplayer Proof replay took 694.34ms 
19840      DEBUG main            d.u.i.k.p.r.p.TestFile    ... success: reloaded. 
19842      INFO  main            d.u.i.k.p.r.p.TestFile    Now processing file /home/runner/work/key/key/key.core/../key.ui/examples/heap/SmansEtAl/ArrayList_ArrayList.key 
19843      INFO  main            d.u.i.k.p.i.AbstractProblemLoader Loading environment from /home/runner/work/key/key/key.core/../key.ui/examples/heap/SmansEtAl/ArrayList_ArrayList.key 
19843      DEBUG main            d.u.i.k.p.i.AbstractProblemLoader Environment load took 235.6ns 
19844      INFO  main            d.u.i.k.p.i.AbstractProblemLoader Creating init config 
22826      DEBUG main            d.u.i.k.p.i.AbstractProblemLoader Init config took 2.98s 
22881      INFO  main            d.u.i.k.p.i.AbstractProblemLoader Replaying proof ArrayList[ArrayList::ArrayList()].JML normal_behavior operation contract.0 
22884      DEBUG main            d.u.i.k.p.i.IntermediateProofReplayer Proof replay took 7.6ns 
23917      INFO  main            d.u.i.k.p.r.p.TestFile    ... finished proof: closed. 
24091      INFO  main            d.u.i.k.p.i.AbstractProblemLoader Loading environment from /home/runner/work/key/key/key.core/../key.ui/examples/heap/SmansEtAl/ArrayList_ArrayList.key.proof 
24091      DEBUG main            d.u.i.k.p.i.AbstractProblemLoader Environment load took 136.2ns 
24094      INFO  main            d.u.i.k.p.i.AbstractProblemLoader Creating init config 
26982      DEBUG main            d.u.i.k.p.i.AbstractProblemLoader Init config took 2.89s 
27030      INFO  main            d.u.i.k.p.i.AbstractProblemLoader Replaying proof ArrayList[ArrayList::ArrayList()].JML normal_behavior operation contract.0 
27158      DEBUG main            d.u.i.k.p.i.IntermediateProofReplayer Proof replay took 119.56ms 
27160      DEBUG main            d.u.i.k.p.r.p.TestFile    ... success: reloaded. 
27161      INFO  main            d.u.i.k.p.r.p.TestFile    Now processing file /home/runner/work/key/key/key.core/../key.ui/examples/heap/SmansEtAl/ArrayList_footprint.key 
27162      INFO  main            d.u.i.k.p.i.AbstractProblemLoader Loading environment from /home/runner/work/key/key/key.core/../key.ui/examples/heap/SmansEtAl/ArrayList_footprint.key 
27162      DEBUG main            d.u.i.k.p.i.AbstractProblemLoader Environment load took 236.7ns 
27163      INFO  main            d.u.i.k.p.i.AbstractProblemLoader Creating init config 
30076      DEBUG main            d.u.i.k.p.i.AbstractProblemLoader Init config took 2.91s 
30148      INFO  main            d.u.i.k.p.i.AbstractProblemLoader Replaying proof ArrayList[ArrayList::$footprint()].JML accessible clause.0 
30150      DEBUG main            d.u.i.k.p.i.IntermediateProofReplayer Proof replay took 7.2ns 
30252      INFO  main            d.u.i.k.p.r.p.TestFile    ... finished proof: closed. 
30402      INFO  main            d.u.i.k.p.i.AbstractProblemLoader Loading environment from /home/runner/work/key/key/key.core/../key.ui/examples/heap/SmansEtAl/ArrayList_footprint.key.proof 
30403      DEBUG main            d.u.i.k.p.i.AbstractProblemLoader Environment load took 127.3ns 
30404      INFO  main            d.u.i.k.p.i.AbstractProblemLoader Creating init config 
33229      DEBUG main            d.u.i.k.p.i.AbstractProblemLoader Init config took 2.82s 
33273      INFO  main            d.u.i.k.p.i.AbstractProblemLoader Replaying proof ArrayList[ArrayList::$footprint()].JML accessible clause.0 
33284      DEBUG main            d.u.i.k.p.i.IntermediateProofReplayer Proof replay took 8.74ms 
33285      DEBUG main            d.u.i.k.p.r.p.TestFile    ... success: reloaded. 
33287      INFO  main            d.u.i.k.p.r.p.TestFile    Now processing file /home/runner/work/key/key/key.core/../key.ui/examples/heap/SmansEtAl/ArrayList_get_dep.key 
33287      INFO  main            d.u.i.k.p.i.AbstractProblemLoader Loading environment from /home/runner/work/key/key/key.core/../key.ui/examples/heap/SmansEtAl/ArrayList_get_dep.key 
33288      DEBUG main            d.u.i.k.p.i.AbstractProblemLoader Environment load took 246.6ns 
33289      INFO  main            d.u.i.k.p.i.AbstractProblemLoader Creating init config 
36265      DEBUG main            d.u.i.k.p.i.AbstractProblemLoader Init config took 2.98s 
36308      INFO  main            d.u.i.k.p.i.AbstractProblemLoader Replaying proof ArrayList[ArrayList::get(int)].JML accessible clause.0 
36310      DEBUG main            d.u.i.k.p.i.IntermediateProofReplayer Proof replay took 5.9ns 
36613      INFO  main            d.u.i.k.p.r.p.TestFile    ... finished proof: closed. 
36778      INFO  main            d.u.i.k.p.i.AbstractProblemLoader Loading environment from /home/runner/work/key/key/key.core/../key.ui/examples/heap/SmansEtAl/ArrayList_get_dep.key.proof 
36778      DEBUG main            d.u.i.k.p.i.AbstractProblemLoader Environment load took 137.9ns 
36781      INFO  main            d.u.i.k.p.i.AbstractProblemLoader Creating init config 
39612      DEBUG main            d.u.i.k.p.i.AbstractProblemLoader Init config took 2.83s 
39664      INFO  main            d.u.i.k.p.i.AbstractProblemLoader Replaying proof ArrayList[ArrayList::get(int)].JML accessible clause.0 
39722      DEBUG main            d.u.i.k.p.i.IntermediateProofReplayer Proof replay took 54.52ms 
39723      DEBUG main            d.u.i.k.p.r.p.TestFile    ... success: reloaded. 
39724      INFO  main            d.u.i.k.p.r.p.TestFile    Now processing file /home/runner/work/key/key/key.core/../key.ui/examples/heap/SmansEtAl/ArrayList_get.key 
39724      INFO  main            d.u.i.k.p.i.AbstractProblemLoader Loading environment from /home/runner/work/key/key/key.core/../key.ui/examples/heap/SmansEtAl/ArrayList_get.key 
39725      DEBUG main            d.u.i.k.p.i.AbstractProblemLoader Environment load took 108.4ns 
39725      INFO  main            d.u.i.k.p.i.AbstractProblemLoader Creating init config 
42554      DEBUG main            d.u.i.k.p.i.AbstractProblemLoader Init config took 2.83s 
42596      INFO  main            d.u.i.k.p.i.AbstractProblemLoader Replaying proof ArrayList[ArrayList::get(int)].JML normal_behavior operation contract.0 
42598      DEBUG main            d.u.i.k.p.i.IntermediateProofReplayer Proof replay took 5.9ns 
42801      INFO  main            d.u.i.k.p.r.p.TestFile    ... finished proof: closed. 
42967      INFO  main            d.u.i.k.p.i.AbstractProblemLoader Loading environment from /home/runner/work/key/key/key.core/../key.ui/examples/heap/SmansEtAl/ArrayList_get.key.proof 
42968      DEBUG main            d.u.i.k.p.i.AbstractProblemLoader Environment load took 136.8ns 
42969      INFO  main            d.u.i.k.p.i.AbstractProblemLoader Creating init config 
45696      DEBUG main            d.u.i.k.p.i.AbstractProblemLoader Init config took 2.73s 
45738      INFO  main            d.u.i.k.p.i.AbstractProblemLoader Replaying proof ArrayList[ArrayList::get(int)].JML normal_behavior operation contract.0 
45790      DEBUG main            d.u.i.k.p.i.IntermediateProofReplayer Proof replay took 48.91ms 
45791      DEBUG main            d.u.i.k.p.r.p.TestFile    ... success: reloaded. 
45792      INFO  main            d.u.i.k.p.r.p.TestFile    Now processing file /home/runner/work/key/key/key.core/../key.ui/examples/heap/SmansEtAl/ArrayList_inv.key 
45792      INFO  main            d.u.i.k.p.i.AbstractProblemLoader Loading environment from /home/runner/work/key/key/key.core/../key.ui/examples/heap/SmansEtAl/ArrayList_inv.key 
45792      DEBUG main            d.u.i.k.p.i.AbstractProblemLoader Environment load took 122.6ns 
45793      INFO  main            d.u.i.k.p.i.AbstractProblemLoader Creating init config 
48665      DEBUG main            d.u.i.k.p.i.AbstractProblemLoader Init config took 2.87s 
48707      INFO  main            d.u.i.k.p.i.AbstractProblemLoader Replaying proof ArrayList[java.lang.Object::<inv>()].JML accessible clause.0 
48708      DEBUG main            d.u.i.k.p.i.IntermediateProofReplayer Proof replay took 7.1ns 
48811      INFO  main            d.u.i.k.p.r.p.TestFile    ... finished proof: closed. 
48990      INFO  main            d.u.i.k.p.i.AbstractProblemLoader Loading environment from /home/runner/work/key/key/key.core/../key.ui/examples/heap/SmansEtAl/ArrayList_inv.key.proof 
48991      DEBUG main            d.u.i.k.p.i.AbstractProblemLoader Environment load took 126.9ns 
48992      INFO  main            d.u.i.k.p.i.AbstractProblemLoader Creating init config 
51738      DEBUG main            d.u.i.k.p.i.AbstractProblemLoader Init config took 2.75s 
51778      INFO  main            d.u.i.k.p.i.AbstractProblemLoader Replaying proof ArrayList[java.lang.Object::<inv>()].JML accessible clause.0 
51788      DEBUG main            d.u.i.k.p.i.IntermediateProofReplayer Proof replay took 8.28ms 
51789      DEBUG main            d.u.i.k.p.r.p.TestFile    ... success: reloaded. 
51791      INFO  main            d.u.i.k.p.r.p.TestFile    Now processing file /home/runner/work/key/key/key.core/../key.ui/examples/heap/SmansEtAl/ArrayList_size_dep.key 
51791      INFO  main            d.u.i.k.p.i.AbstractProblemLoader Loading environment from /home/runner/work/key/key/key.core/../key.ui/examples/heap/SmansEtAl/ArrayList_size_dep.key 
51791      DEBUG main            d.u.i.k.p.i.AbstractProblemLoader Environment load took 224.7ns 
51792      INFO  main            d.u.i.k.p.i.AbstractProblemLoader Creating init config 
54547      DEBUG main            d.u.i.k.p.i.AbstractProblemLoader Init config took 2.75s 
54586      INFO  main            d.u.i.k.p.i.AbstractProblemLoader Replaying proof ArrayList[ArrayList::size()].JML accessible clause.0 
54587      DEBUG main            d.u.i.k.p.i.IntermediateProofReplayer Proof replay took 6.6ns 
54696      INFO  main            d.u.i.k.p.r.p.TestFile    ... finished proof: closed. 
54880      INFO  main            d.u.i.k.p.i.AbstractProblemLoader Loading environment from /home/runner/work/key/key/key.core/../key.ui/examples/heap/SmansEtAl/ArrayList_size_dep.key.proof 
54880      DEBUG main            d.u.i.k.p.i.AbstractProblemLoader Environment load took 119.1ns 
54881      INFO  main            d.u.i.k.p.i.AbstractProblemLoader Creating init config 
57603      DEBUG main            d.u.i.k.p.i.AbstractProblemLoader Init config took 2.72s 
57641      INFO  main            d.u.i.k.p.i.AbstractProblemLoader Replaying proof ArrayList[ArrayList::size()].JML accessible clause.0 
57655      DEBUG main            d.u.i.k.p.i.IntermediateProofReplayer Proof replay took 11.95ms 
57656      DEBUG main            d.u.i.k.p.r.p.TestFile    ... success: reloaded. 
57658      INFO  main            d.u.i.k.p.r.p.TestFile    Now processing file /home/runner/work/key/key/key.core/../key.ui/examples/heap/SmansEtAl/ArrayList_size.key 
57658      INFO  main            d.u.i.k.p.i.AbstractProblemLoader Loading environment from /home/runner/work/key/key/key.core/../key.ui/examples/heap/SmansEtAl/ArrayList_size.key 
57658      DEBUG main            d.u.i.k.p.i.AbstractProblemLoader Environment load took 206.7ns 
57659      INFO  main            d.u.i.k.p.i.AbstractProblemLoader Creating init config 
60403      DEBUG main            d.u.i.k.p.i.AbstractProblemLoader Init config took 2.74s 
60441      INFO  main            d.u.i.k.p.i.AbstractProblemLoader Replaying proof ArrayList[ArrayList::size()].JML normal_behavior operation contract.0 
60442      DEBUG main            d.u.i.k.p.i.IntermediateProofReplayer Proof replay took 6.9ns 
60546      INFO  main            d.u.i.k.p.r.p.TestFile    ... finished proof: closed. 
60727      INFO  main            d.u.i.k.p.i.AbstractProblemLoader Loading environment from /home/runner/work/key/key/key.core/../key.ui/examples/heap/SmansEtAl/ArrayList_size.key.proof 
60727      DEBUG main            d.u.i.k.p.i.AbstractProblemLoader Environment load took 127.1ns 
60728      INFO  main            d.u.i.k.p.i.AbstractProblemLoader Creating init config 
63525      DEBUG main            d.u.i.k.p.i.AbstractProblemLoader Init config took 2.8s 
63567      INFO  main            d.u.i.k.p.i.AbstractProblemLoader Replaying proof ArrayList[ArrayList::size()].JML normal_behavior operation contract.0 
63581      DEBUG main            d.u.i.k.p.i.IntermediateProofReplayer Proof replay took 11.77ms 
63583      DEBUG main            d.u.i.k.p.r.p.TestFile    ... success: reloaded. 
63588      INFO  main            d.u.i.k.p.r.p.TestFile    Now processing file /home/runner/work/key/key/key.core/../key.ui/examples/heap/SmansEtAl/Cell_Cell.key 
63590      INFO  main            d.u.i.k.p.i.AbstractProblemLoader Loading environment from /home/runner/work/key/key/key.core/../key.ui/examples/heap/SmansEtAl/Cell_Cell.key 
63590      DEBUG main            d.u.i.k.p.i.AbstractProblemLoader Environment load took 150ns 
63591      INFO  main            d.u.i.k.p.i.AbstractProblemLoader Creating init config 
66343      DEBUG main            d.u.i.k.p.i.AbstractProblemLoader Init config took 2.75s 
66379      INFO  main            d.u.i.k.p.i.AbstractProblemLoader Replaying proof Cell[Cell::Cell()].JML normal_behavior operation contract.0 
66380      DEBUG main            d.u.i.k.p.i.IntermediateProofReplayer Proof replay took 6.9ns 
66585      INFO  main            d.u.i.k.p.r.p.TestFile    ... finished proof: closed. 
66776      INFO  main            d.u.i.k.p.i.AbstractProblemLoader Loading environment from /home/runner/work/key/key/key.core/../key.ui/examples/heap/SmansEtAl/Cell_Cell.key.proof 
66776      DEBUG main            d.u.i.k.p.i.AbstractProblemLoader Environment load took 120.6ns 
66777      INFO  main            d.u.i.k.p.i.AbstractProblemLoader Creating init config 
69481      DEBUG main            d.u.i.k.p.i.AbstractProblemLoader Init config took 2.7s 
69517      INFO  main            d.u.i.k.p.i.AbstractProblemLoader Replaying proof Cell[Cell::Cell()].JML normal_behavior operation contract.0 
69572      DEBUG main            d.u.i.k.p.i.IntermediateProofReplayer Proof replay took 52.52ms 
69573      DEBUG main            d.u.i.k.p.r.p.TestFile    ... success: reloaded. 
69574      INFO  main            d.u.i.k.p.r.p.TestFile    Now processing file /home/runner/work/key/key/key.core/../key.ui/examples/heap/SmansEtAl/Cell_footprint.key 
69575      INFO  main            d.u.i.k.p.i.AbstractProblemLoader Loading environment from /home/runner/work/key/key/key.core/../key.ui/examples/heap/SmansEtAl/Cell_footprint.key 
69575      DEBUG main            d.u.i.k.p.i.AbstractProblemLoader Environment load took 235.6ns 
69576      INFO  main            d.u.i.k.p.i.AbstractProblemLoader Creating init config 
72338      DEBUG main            d.u.i.k.p.i.AbstractProblemLoader Init config took 2.76s 
72378      INFO  main            d.u.i.k.p.i.AbstractProblemLoader Replaying proof Cell[Cell::$footprint()].JML accessible clause.0 
72380      DEBUG main            d.u.i.k.p.i.IntermediateProofReplayer Proof replay took 6ns 
72483      INFO  main            d.u.i.k.p.r.p.TestFile    ... finished proof: closed. 
72692      INFO  main            d.u.i.k.p.i.AbstractProblemLoader Loading environment from /home/runner/work/key/key/key.core/../key.ui/examples/heap/SmansEtAl/Cell_footprint.key.proof 
72692      DEBUG main            d.u.i.k.p.i.AbstractProblemLoader Environment load took 121ns 
72693      INFO  main            d.u.i.k.p.i.AbstractProblemLoader Creating init config 
75408      DEBUG main            d.u.i.k.p.i.AbstractProblemLoader Init config took 2.71s 
75442      INFO  main            d.u.i.k.p.i.AbstractProblemLoader Replaying proof Cell[Cell::$footprint()].JML accessible clause.0 
75447      DEBUG main            d.u.i.k.p.i.IntermediateProofReplayer Proof replay took 3.21ms 
75448      DEBUG main            d.u.i.k.p.r.p.TestFile    ... success: reloaded. 
75449      INFO  main            d.u.i.k.p.r.p.TestFile    Now processing file /home/runner/work/key/key/key.core/../key.ui/examples/heap/SmansEtAl/Cell_getX_dep.key 
75449      INFO  main            d.u.i.k.p.i.AbstractProblemLoader Loading environment from /home/runner/work/key/key/key.core/../key.ui/examples/heap/SmansEtAl/Cell_getX_dep.key 
75449      DEBUG main            d.u.i.k.p.i.AbstractProblemLoader Environment load took 99.2ns 
75450      INFO  main            d.u.i.k.p.i.AbstractProblemLoader Creating init config 
78211      DEBUG main            d.u.i.k.p.i.AbstractProblemLoader Init config took 2.76s 
78246      INFO  main            d.u.i.k.p.i.AbstractProblemLoader Replaying proof Cell[Cell::getX()].JML accessible clause.0 
78247      DEBUG main            d.u.i.k.p.i.IntermediateProofReplayer Proof replay took 7.2ns 
78352      INFO  main            d.u.i.k.p.r.p.TestFile    ... finished proof: closed. 
78576      INFO  main            d.u.i.k.p.i.AbstractProblemLoader Loading environment from /home/runner/work/key/key/key.core/../key.ui/examples/heap/SmansEtAl/Cell_getX_dep.key.proof 
78576      DEBUG main            d.u.i.k.p.i.AbstractProblemLoader Environment load took 127.6ns 
78577      INFO  main            d.u.i.k.p.i.AbstractProblemLoader Creating init config 
81277      DEBUG main            d.u.i.k.p.i.AbstractProblemLoader Init config took 2.7s 
81317      INFO  main            d.u.i.k.p.i.AbstractProblemLoader Replaying proof Cell[Cell::getX()].JML accessible clause.0 
81334      DEBUG main            d.u.i.k.p.i.IntermediateProofReplayer Proof replay took 12.39ms 
81335      DEBUG main            d.u.i.k.p.r.p.TestFile    ... success: reloaded. 
81337      INFO  main            d.u.i.k.p.r.p.TestFile    Now processing file /home/runner/work/key/key/key.core/../key.ui/examples/heap/SmansEtAl/Cell_getX.key 
81337      INFO  main            d.u.i.k.p.i.AbstractProblemLoader Loading environment from /home/runner/work/key/key/key.core/../key.ui/examples/heap/SmansEtAl/Cell_getX.key 
81337      DEBUG main            d.u.i.k.p.i.AbstractProblemLoader Environment load took 94.9ns 
81338      INFO  main            d.u.i.k.p.i.AbstractProblemLoader Creating init config 
84085      DEBUG main            d.u.i.k.p.i.AbstractProblemLoader Init config took 2.75s 
84119      INFO  main            d.u.i.k.p.i.AbstractProblemLoader Replaying proof Cell[Cell::getX()].JML normal_behavior operation contract.0 
84121      DEBUG main            d.u.i.k.p.i.IntermediateProofReplayer Proof replay took 6.4ns 
84222      INFO  main            d.u.i.k.p.r.p.TestFile    ... finished proof: closed. 
84427      INFO  main            d.u.i.k.p.i.AbstractProblemLoader Loading environment from /home/runner/work/key/key/key.core/../key.ui/examples/heap/SmansEtAl/Cell_getX.key.proof 
84427      DEBUG main            d.u.i.k.p.i.AbstractProblemLoader Environment load took 121.4ns 
84428      INFO  main            d.u.i.k.p.i.AbstractProblemLoader Creating init config 
87102      DEBUG main            d.u.i.k.p.i.AbstractProblemLoader Init config took 2.67s 
87136      INFO  main            d.u.i.k.p.i.AbstractProblemLoader Replaying proof Cell[Cell::getX()].JML normal_behavior operation contract.0 
87148      DEBUG main            d.u.i.k.p.i.IntermediateProofReplayer Proof replay took 9.69ms 
87149      DEBUG main            d.u.i.k.p.r.p.TestFile    ... success: reloaded. 
87150      INFO  main            d.u.i.k.p.r.p.TestFile    Now processing file /home/runner/work/key/key/key.core/../key.ui/examples/heap/SmansEtAl/Cell_inv.key 
87151      INFO  main            d.u.i.k.p.i.AbstractProblemLoader Loading environment from /home/runner/work/key/key/key.core/../key.ui/examples/heap/SmansEtAl/Cell_inv.key 
87151      DEBUG main            d.u.i.k.p.i.AbstractProblemLoader Environment load took 205.4ns 
87152      INFO  main            d.u.i.k.p.i.AbstractProblemLoader Creating init config 
89922      DEBUG main            d.u.i.k.p.i.AbstractProblemLoader Init config took 2.77s 
89956      INFO  main            d.u.i.k.p.i.AbstractProblemLoader Replaying proof Cell[java.lang.Object::<inv>()].JML accessible clause.0 
89957      DEBUG main            d.u.i.k.p.i.IntermediateProofReplayer Proof replay took 7ns 
90060      INFO  main            d.u.i.k.p.r.p.TestFile    ... finished proof: closed. 
90271      INFO  main            d.u.i.k.p.i.AbstractProblemLoader Loading environment from /home/runner/work/key/key/key.core/../key.ui/examples/heap/SmansEtAl/Cell_inv.key.proof 
90271      DEBUG main            d.u.i.k.p.i.AbstractProblemLoader Environment load took 120.8ns 
90272      INFO  main            d.u.i.k.p.i.AbstractProblemLoader Creating init config 
92995      DEBUG main            d.u.i.k.p.i.AbstractProblemLoader Init config took 2.72s 
93027      INFO  main            d.u.i.k.p.i.AbstractProblemLoader Replaying proof Cell[java.lang.Object::<inv>()].JML accessible clause.0 
93030      DEBUG main            d.u.i.k.p.i.IntermediateProofReplayer Proof replay took 1.54ms 
93031      DEBUG main            d.u.i.k.p.r.p.TestFile    ... success: reloaded. 
93032      INFO  main            d.u.i.k.p.r.p.TestFile    Now processing file /home/runner/work/key/key/key.core/../key.ui/examples/heap/SmansEtAl/Cell_setX.key 
93032      INFO  main            d.u.i.k.p.i.AbstractProblemLoader Loading environment from /home/runner/work/key/key/key.core/../key.ui/examples/heap/SmansEtAl/Cell_setX.key 
93032      DEBUG main            d.u.i.k.p.i.AbstractProblemLoader Environment load took 77.2ns 
93033      INFO  main            d.u.i.k.p.i.AbstractProblemLoader Creating init config 
95752      DEBUG main            d.u.i.k.p.i.AbstractProblemLoader Init config took 2.72s 
95785      INFO  main            d.u.i.k.p.i.AbstractProblemLoader Replaying proof Cell[Cell::setX(int)].JML normal_behavior operation contract.0 
95787      DEBUG main            d.u.i.k.p.i.IntermediateProofReplayer Proof replay took 5.8ns 
95889      INFO  main            d.u.i.k.p.r.p.TestFile    ... finished proof: closed. 
96112      INFO  main            d.u.i.k.p.i.AbstractProblemLoader Loading environment from /home/runner/work/key/key/key.core/../key.ui/examples/heap/SmansEtAl/Cell_setX.key.proof 
96112      DEBUG main            d.u.i.k.p.i.AbstractProblemLoader Environment load took 119.2ns 
96113      INFO  main            d.u.i.k.p.i.AbstractProblemLoader Creating init config 
98768      DEBUG main            d.u.i.k.p.i.AbstractProblemLoader Init config took 2.65s 
98811      INFO  main            d.u.i.k.p.i.AbstractProblemLoader Replaying proof Cell[Cell::setX(int)].JML normal_behavior operation contract.0 
98830      DEBUG main            d.u.i.k.p.i.IntermediateProofReplayer Proof replay took 17.43ms 
98831      DEBUG main            d.u.i.k.p.r.p.TestFile    ... success: reloaded. 
98832      INFO  main            d.u.i.k.p.r.p.TestFile    Now processing file /home/runner/work/key/key/key.core/../key.ui/examples/heap/SmansEtAl/CellClient_m.key 
98832      INFO  main            d.u.i.k.p.i.AbstractProblemLoader Loading environment from /home/runner/work/key/key/key.core/../key.ui/examples/heap/SmansEtAl/CellClient_m.key 
98833      DEBUG main            d.u.i.k.p.i.AbstractProblemLoader Environment load took 112.8ns 
98833      INFO  main            d.u.i.k.p.i.AbstractProblemLoader Creating init config 
101571     DEBUG main            d.u.i.k.p.i.AbstractProblemLoader Init config took 2.74s 
101604     INFO  main            d.u.i.k.p.i.AbstractProblemLoader Replaying proof CellClient[CellClient::m()].JML operation contract.0 
101605     DEBUG main            d.u.i.k.p.i.IntermediateProofReplayer Proof replay took 6.8ns 
102109     INFO  main            d.u.i.k.p.r.p.TestFile    ... finished proof: closed. 
102351     INFO  main            d.u.i.k.p.i.AbstractProblemLoader Loading environment from /home/runner/work/key/key/key.core/../key.ui/examples/heap/SmansEtAl/CellClient_m.key.proof 
102351     DEBUG main            d.u.i.k.p.i.AbstractProblemLoader Environment load took 583.31ns 
102352     INFO  main            d.u.i.k.p.i.AbstractProblemLoader Creating init config 
105024     DEBUG main            d.u.i.k.p.i.AbstractProblemLoader Init config took 2.67s 
105062     INFO  main            d.u.i.k.p.i.AbstractProblemLoader Replaying proof CellClient[CellClient::m()].JML operation contract.0 
105156     DEBUG main            d.u.i.k.p.i.IntermediateProofReplayer Proof replay took 90.14ms 
105157     DEBUG main            d.u.i.k.p.r.p.TestFile    ... success: reloaded. 
105158     INFO  main            d.u.i.k.p.r.p.TestFile    Now processing file /home/runner/work/key/key/key.core/../key.ui/examples/heap/SmansEtAl/Iterator_footprint.key 
105159     INFO  main            d.u.i.k.p.i.AbstractProblemLoader Loading environment from /home/runner/work/key/key/key.core/../key.ui/examples/heap/SmansEtAl/Iterator_footprint.key 
105159     DEBUG main            d.u.i.k.p.i.AbstractProblemLoader Environment load took 147.2ns 
105160     INFO  main            d.u.i.k.p.i.AbstractProblemLoader Creating init config 
107850     DEBUG main            d.u.i.k.p.i.AbstractProblemLoader Init config took 2.69s 
107888     INFO  main            d.u.i.k.p.i.AbstractProblemLoader Replaying proof Iterator[Iterator::$footprint()].JML accessible clause.0 
107889     DEBUG main            d.u.i.k.p.i.IntermediateProofReplayer Proof replay took 6.5ns 
107992     INFO  main            d.u.i.k.p.r.p.TestFile    ... finished proof: closed. 
108221     INFO  main            d.u.i.k.p.i.AbstractProblemLoader Loading environment from /home/runner/work/key/key/key.core/../key.ui/examples/heap/SmansEtAl/Iterator_footprint.key.proof 
108221     DEBUG main            d.u.i.k.p.i.AbstractProblemLoader Environment load took 116.5ns 
108222     INFO  main            d.u.i.k.p.i.AbstractProblemLoader Creating init config 
110875     DEBUG main            d.u.i.k.p.i.AbstractProblemLoader Init config took 2.65s 
110913     INFO  main            d.u.i.k.p.i.AbstractProblemLoader Replaying proof Iterator[Iterator::$footprint()].JML accessible clause.0 
110925     DEBUG main            d.u.i.k.p.i.IntermediateProofReplayer Proof replay took 7.76ms 
110927     DEBUG main            d.u.i.k.p.r.p.TestFile    ... success: reloaded. 
110930     INFO  main            d.u.i.k.p.r.p.TestFile    Now processing file /home/runner/work/key/key/key.core/../key.ui/examples/heap/SmansEtAl/Iterator_hasNext_dep.key 
110930     INFO  main            d.u.i.k.p.i.AbstractProblemLoader Loading environment from /home/runner/work/key/key/key.core/../key.ui/examples/heap/SmansEtAl/Iterator_hasNext_dep.key 
110930     DEBUG main            d.u.i.k.p.i.AbstractProblemLoader Environment load took 226.3ns 
110931     INFO  main            d.u.i.k.p.i.AbstractProblemLoader Creating init config 
113649     DEBUG main            d.u.i.k.p.i.AbstractProblemLoader Init config took 2.72s 
113703     INFO  main            d.u.i.k.p.i.AbstractProblemLoader Replaying proof Iterator[Iterator::hasNext()].JML accessible clause.0 
113705     DEBUG main            d.u.i.k.p.i.IntermediateProofReplayer Proof replay took 6.5ns 
114310     INFO  main            d.u.i.k.p.r.p.TestFile    ... finished proof: closed. 
114565     INFO  main            d.u.i.k.p.i.AbstractProblemLoader Loading environment from /home/runner/work/key/key/key.core/../key.ui/examples/heap/SmansEtAl/Iterator_hasNext_dep.key.proof 
114565     DEBUG main            d.u.i.k.p.i.AbstractProblemLoader Environment load took 461.41ns 
114567     INFO  main            d.u.i.k.p.i.AbstractProblemLoader Creating init config 
117210     DEBUG main            d.u.i.k.p.i.AbstractProblemLoader Init config took 2.64s 
117250     INFO  main            d.u.i.k.p.i.AbstractProblemLoader Replaying proof Iterator[Iterator::hasNext()].JML accessible clause.0 
117320     DEBUG main            d.u.i.k.p.i.IntermediateProofReplayer Proof replay took 64.83ms 
117322     DEBUG main            d.u.i.k.p.r.p.TestFile    ... success: reloaded. 
117323     INFO  main            d.u.i.k.p.r.p.TestFile    Now processing file /home/runner/work/key/key/key.core/../key.ui/examples/heap/SmansEtAl/Iterator_hasNext.key 
117323     INFO  main            d.u.i.k.p.i.AbstractProblemLoader Loading environment from /home/runner/work/key/key/key.core/../key.ui/examples/heap/SmansEtAl/Iterator_hasNext.key 
117324     DEBUG main            d.u.i.k.p.i.AbstractProblemLoader Environment load took 233.6ns 
117325     INFO  main            d.u.i.k.p.i.AbstractProblemLoader Creating init config 
120035     DEBUG main            d.u.i.k.p.i.AbstractProblemLoader Init config took 2.71s 
120070     INFO  main            d.u.i.k.p.i.AbstractProblemLoader Replaying proof Iterator[Iterator::hasNext()].JML normal_behavior operation contract.0 
120071     DEBUG main            d.u.i.k.p.i.IntermediateProofReplayer Proof replay took 6.8ns 
120575     INFO  main            d.u.i.k.p.r.p.TestFile    ... finished proof: closed. 
120840     INFO  main            d.u.i.k.p.i.AbstractProblemLoader Loading environment from /home/runner/work/key/key/key.core/../key.ui/examples/heap/SmansEtAl/Iterator_hasNext.key.proof 
120840     DEBUG main            d.u.i.k.p.i.AbstractProblemLoader Environment load took 439.41ns 
120842     INFO  main            d.u.i.k.p.i.AbstractProblemLoader Creating init config 
123473     DEBUG main            d.u.i.k.p.i.AbstractProblemLoader Init config took 2.63s 
123512     INFO  main            d.u.i.k.p.i.AbstractProblemLoader Replaying proof Iterator[Iterator::hasNext()].JML normal_behavior operation contract.0 
123591     DEBUG main            d.u.i.k.p.i.IntermediateProofReplayer Proof replay took 70.99ms 
123592     DEBUG main            d.u.i.k.p.r.p.TestFile    ... success: reloaded. 
123594     INFO  main            d.u.i.k.p.r.p.TestFile    Now processing file /home/runner/work/key/key/key.core/../key.ui/examples/heap/SmansEtAl/Iterator_inv.key 
123594     INFO  main            d.u.i.k.p.i.AbstractProblemLoader Loading environment from /home/runner/work/key/key/key.core/../key.ui/examples/heap/SmansEtAl/Iterator_inv.key 
123594     DEBUG main            d.u.i.k.p.i.AbstractProblemLoader Environment load took 207.1ns 
123595     INFO  main            d.u.i.k.p.i.AbstractProblemLoader Creating init config 
126303     DEBUG main            d.u.i.k.p.i.AbstractProblemLoader Init config took 2.71s 
126340     INFO  main            d.u.i.k.p.i.AbstractProblemLoader Replaying proof Iterator[java.lang.Object::<inv>()].JML accessible clause.0 
126343     DEBUG main            d.u.i.k.p.i.IntermediateProofReplayer Proof replay took 7.7ns 
126549     INFO  main            d.u.i.k.p.r.p.TestFile    ... finished proof: closed. 
126829     INFO  main            d.u.i.k.p.i.AbstractProblemLoader Loading environment from /home/runner/work/key/key/key.core/../key.ui/examples/heap/SmansEtAl/Iterator_inv.key.proof 
126829     DEBUG main            d.u.i.k.p.i.AbstractProblemLoader Environment load took 115.7ns 
126830     INFO  main            d.u.i.k.p.i.AbstractProblemLoader Creating init config 
129453     DEBUG main            d.u.i.k.p.i.AbstractProblemLoader Init config took 2.62s 
129488     INFO  main            d.u.i.k.p.i.AbstractProblemLoader Replaying proof Iterator[java.lang.Object::<inv>()].JML accessible clause.0 
129510     DEBUG main            d.u.i.k.p.i.IntermediateProofReplayer Proof replay took 19.71ms 
129515     DEBUG main            d.u.i.k.p.r.p.TestFile    ... success: reloaded. 
129516     INFO  main            d.u.i.k.p.r.p.TestFile    Now processing file /home/runner/work/key/key/key.core/../key.ui/examples/heap/SmansEtAl/Iterator_Iterator.key 
129516     INFO  main            d.u.i.k.p.i.AbstractProblemLoader Loading environment from /home/runner/work/key/key/key.core/../key.ui/examples/heap/SmansEtAl/Iterator_Iterator.key 
129516     DEBUG main            d.u.i.k.p.i.AbstractProblemLoader Environment load took 89.2ns 
129517     INFO  main            d.u.i.k.p.i.AbstractProblemLoader Creating init config 
132230     DEBUG main            d.u.i.k.p.i.AbstractProblemLoader Init config took 2.71s 
132265     INFO  main            d.u.i.k.p.i.AbstractProblemLoader Replaying proof Iterator[Iterator::Iterator(ArrayList)].JML normal_behavior operation contract.0 
132266     DEBUG main            d.u.i.k.p.i.IntermediateProofReplayer Proof replay took 6.6ns 
133572     INFO  main            d.u.i.k.p.r.p.TestFile    ... finished proof: closed. 
133844     INFO  main            d.u.i.k.p.i.AbstractProblemLoader Loading environment from /home/runner/work/key/key/key.core/../key.ui/examples/heap/SmansEtAl/Iterator_Iterator.key.proof 
133844     DEBUG main            d.u.i.k.p.i.AbstractProblemLoader Environment load took 436.41ns 
133846     INFO  main            d.u.i.k.p.i.AbstractProblemLoader Creating init config 
136471     DEBUG main            d.u.i.k.p.i.AbstractProblemLoader Init config took 2.63s 
136505     INFO  main            d.u.i.k.p.i.AbstractProblemLoader Replaying proof Iterator[Iterator::Iterator(ArrayList)].JML normal_behavior operation contract.0 
136648     DEBUG main            d.u.i.k.p.i.IntermediateProofReplayer Proof replay took 131.78ms 
136650     DEBUG main            d.u.i.k.p.r.p.TestFile    ... success: reloaded. 
136650     INFO  main            d.u.i.k.p.r.p.TestFile    Now processing file /home/runner/work/key/key/key.core/../key.ui/examples/heap/SmansEtAl/Iterator_list_dep.key 
136651     INFO  main            d.u.i.k.p.i.AbstractProblemLoader Loading environment from /home/runner/work/key/key/key.core/../key.ui/examples/heap/SmansEtAl/Iterator_list_dep.key 
136651     DEBUG main            d.u.i.k.p.i.AbstractProblemLoader Environment load took 236ns 
136652     INFO  main            d.u.i.k.p.i.AbstractProblemLoader Creating init config 
139365     DEBUG main            d.u.i.k.p.i.AbstractProblemLoader Init config took 2.71s 
139398     INFO  main            d.u.i.k.p.i.AbstractProblemLoader Replaying proof Iterator[Iterator::list()].JML accessible clause.0 
139400     DEBUG main            d.u.i.k.p.i.IntermediateProofReplayer Proof replay took 7.1ns 
139502     INFO  main            d.u.i.k.p.r.p.TestFile    ... finished proof: closed. 
139756     INFO  main            d.u.i.k.p.i.AbstractProblemLoader Loading environment from /home/runner/work/key/key/key.core/../key.ui/examples/heap/SmansEtAl/Iterator_list_dep.key.proof 
139756     DEBUG main            d.u.i.k.p.i.AbstractProblemLoader Environment load took 109.7ns 
139757     INFO  main            d.u.i.k.p.i.AbstractProblemLoader Creating init config 
142398     DEBUG main            d.u.i.k.p.i.AbstractProblemLoader Init config took 2.64s 
142439     INFO  main            d.u.i.k.p.i.AbstractProblemLoader Replaying proof Iterator[Iterator::list()].JML accessible clause.0 
142471     DEBUG main            d.u.i.k.p.i.IntermediateProofReplayer Proof replay took 26.66ms 
142472     DEBUG main            d.u.i.k.p.r.p.TestFile    ... success: reloaded. 
142474     INFO  main            d.u.i.k.p.r.p.TestFile    Now processing file /home/runner/work/key/key/key.core/../key.ui/examples/heap/SmansEtAl/Iterator_list.key 
142474     INFO  main            d.u.i.k.p.i.AbstractProblemLoader Loading environment from /home/runner/work/key/key/key.core/../key.ui/examples/heap/SmansEtAl/Iterator_list.key 
142474     DEBUG main            d.u.i.k.p.i.AbstractProblemLoader Environment load took 217.5ns 
142475     INFO  main            d.u.i.k.p.i.AbstractProblemLoader Creating init config 
145146     DEBUG main            d.u.i.k.p.i.AbstractProblemLoader Init config took 2.67s 
145189     INFO  main            d.u.i.k.p.i.AbstractProblemLoader Replaying proof Iterator[Iterator::list()].JML normal_behavior operation contract.0 
145190     DEBUG main            d.u.i.k.p.i.IntermediateProofReplayer Proof replay took 6.1ns 
145296     INFO  main            d.u.i.k.p.r.p.TestFile    ... finished proof: closed. 
145561     INFO  main            d.u.i.k.p.i.AbstractProblemLoader Loading environment from /home/runner/work/key/key/key.core/../key.ui/examples/heap/SmansEtAl/Iterator_list.key.proof 
145561     DEBUG main            d.u.i.k.p.i.AbstractProblemLoader Environment load took 116ns 
145562     INFO  main            d.u.i.k.p.i.AbstractProblemLoader Creating init config 
148179     DEBUG main            d.u.i.k.p.i.AbstractProblemLoader Init config took 2.62s 
148214     INFO  main            d.u.i.k.p.i.AbstractProblemLoader Replaying proof Iterator[Iterator::list()].JML normal_behavior operation contract.0 
148242     DEBUG main            d.u.i.k.p.i.IntermediateProofReplayer Proof replay took 26.08ms 
148243     DEBUG main            d.u.i.k.p.r.p.TestFile    ... success: reloaded. 
148244     INFO  main            d.u.i.k.p.r.p.TestFile    Now processing file /home/runner/work/key/key/key.core/../key.ui/examples/heap/SmansEtAl/Iterator_next.key 
148244     INFO  main            d.u.i.k.p.i.AbstractProblemLoader Loading environment from /home/runner/work/key/key/key.core/../key.ui/examples/heap/SmansEtAl/Iterator_next.key 
148244     DEBUG main            d.u.i.k.p.i.AbstractProblemLoader Environment load took 78.1ns 
148245     INFO  main            d.u.i.k.p.i.AbstractProblemLoader Creating init config 
150929     DEBUG main            d.u.i.k.p.i.AbstractProblemLoader Init config took 2.68s 
150963     INFO  main            d.u.i.k.p.i.AbstractProblemLoader Replaying proof Iterator[Iterator::next()].JML normal_behavior operation contract.0 
150964     DEBUG main            d.u.i.k.p.i.IntermediateProofReplayer Proof replay took 7.4ns 
153474     INFO  main            d.u.i.k.p.r.p.TestFile    ... finished proof: closed. 
153793     INFO  main            d.u.i.k.p.i.AbstractProblemLoader Loading environment from /home/runner/work/key/key/key.core/../key.ui/examples/heap/SmansEtAl/Iterator_next.key.proof 
153793     DEBUG main            d.u.i.k.p.i.AbstractProblemLoader Environment load took 124.9ns 
153795     INFO  main            d.u.i.k.p.i.AbstractProblemLoader Creating init config 
156413     DEBUG main            d.u.i.k.p.i.AbstractProblemLoader Init config took 2.62s 
156447     INFO  main            d.u.i.k.p.i.AbstractProblemLoader Replaying proof Iterator[Iterator::next()].JML normal_behavior operation contract.0 
156671     DEBUG main            d.u.i.k.p.i.IntermediateProofReplayer Proof replay took 209.8ms 
156673     DEBUG main            d.u.i.k.p.r.p.TestFile    ... success: reloaded. 
156674     INFO  main            d.u.i.k.p.r.p.TestFile    Now processing file /home/runner/work/key/key/key.core/../key.ui/examples/heap/SmansEtAl/Stack_footprint.key 
156674     INFO  main            d.u.i.k.p.i.AbstractProblemLoader Loading environment from /home/runner/work/key/key/key.core/../key.ui/examples/heap/SmansEtAl/Stack_footprint.key 
156674     DEBUG main            d.u.i.k.p.i.AbstractProblemLoader Environment load took 263.9ns 
156675     INFO  main            d.u.i.k.p.i.AbstractProblemLoader Creating init config 
159367     DEBUG main            d.u.i.k.p.i.AbstractProblemLoader Init config took 2.69s 
159402     INFO  main            d.u.i.k.p.i.AbstractProblemLoader Replaying proof Stack[Stack::$footprint()].JML accessible clause.0 
159404     DEBUG main            d.u.i.k.p.i.IntermediateProofReplayer Proof replay took 6.5ns 
159607     INFO  main            d.u.i.k.p.r.p.TestFile    ... finished proof: closed. 
159900     INFO  main            d.u.i.k.p.i.AbstractProblemLoader Loading environment from /home/runner/work/key/key/key.core/../key.ui/examples/heap/SmansEtAl/Stack_footprint.key.proof 
159901     DEBUG main            d.u.i.k.p.i.AbstractProblemLoader Environment load took 110.3ns 
159902     INFO  main            d.u.i.k.p.i.AbstractProblemLoader Creating init config 
162541     DEBUG main            d.u.i.k.p.i.AbstractProblemLoader Init config took 2.64s 
162574     INFO  main            d.u.i.k.p.i.AbstractProblemLoader Replaying proof Stack[Stack::$footprint()].JML accessible clause.0 
162596     DEBUG main            d.u.i.k.p.i.IntermediateProofReplayer Proof replay took 19.35ms 
162597     DEBUG main            d.u.i.k.p.r.p.TestFile    ... success: reloaded. 
162598     INFO  main            d.u.i.k.p.r.p.TestFile    Now processing file /home/runner/work/key/key/key.core/../key.ui/examples/heap/SmansEtAl/Stack_inv.key 
162599     INFO  main            d.u.i.k.p.i.AbstractProblemLoader Loading environment from /home/runner/work/key/key/key.core/../key.ui/examples/heap/SmansEtAl/Stack_inv.key 
162599     DEBUG main            d.u.i.k.p.i.AbstractProblemLoader Environment load took 239.9ns 
162600     INFO  main            d.u.i.k.p.i.AbstractProblemLoader Creating init config 
165286     DEBUG main            d.u.i.k.p.i.AbstractProblemLoader Init config took 2.69s 
165318     INFO  main            d.u.i.k.p.i.AbstractProblemLoader Replaying proof Stack[java.lang.Object::<inv>()].JML accessible clause.0 
165320     DEBUG main            d.u.i.k.p.i.IntermediateProofReplayer Proof replay took 6.7ns 
165422     INFO  main            d.u.i.k.p.r.p.TestFile    ... finished proof: closed. 
165704     INFO  main            d.u.i.k.p.i.AbstractProblemLoader Loading environment from /home/runner/work/key/key/key.core/../key.ui/examples/heap/SmansEtAl/Stack_inv.key.proof 
165704     DEBUG main            d.u.i.k.p.i.AbstractProblemLoader Environment load took 111ns 
165705     INFO  main            d.u.i.k.p.i.AbstractProblemLoader Creating init config 
168334     DEBUG main            d.u.i.k.p.i.AbstractProblemLoader Init config took 2.63s 
168368     INFO  main            d.u.i.k.p.i.AbstractProblemLoader Replaying proof Stack[java.lang.Object::<inv>()].JML accessible clause.0 
168382     DEBUG main            d.u.i.k.p.i.IntermediateProofReplayer Proof replay took 8.59ms 
168386     DEBUG main            d.u.i.k.p.r.p.TestFile    ... success: reloaded. 
168388     INFO  main            d.u.i.k.p.r.p.TestFile    Now processing file /home/runner/work/key/key/key.core/../key.ui/examples/heap/SmansEtAl/Stack_push.key 
168389     INFO  main            d.u.i.k.p.i.AbstractProblemLoader Loading environment from /home/runner/work/key/key/key.core/../key.ui/examples/heap/SmansEtAl/Stack_push.key 
168392     DEBUG main            d.u.i.k.p.i.AbstractProblemLoader Environment load took 3.55ms 
168394     INFO  main            d.u.i.k.p.i.AbstractProblemLoader Creating init config 
171078     DEBUG main            d.u.i.k.p.i.AbstractProblemLoader Init config took 2.68s 
171111     INFO  main            d.u.i.k.p.i.AbstractProblemLoader Replaying proof Stack[Stack::push(java.lang.Object)].JML normal_behavior operation contract.0 
171113     DEBUG main            d.u.i.k.p.i.IntermediateProofReplayer Proof replay took 7.1ns 
171817     INFO  main            d.u.i.k.p.r.p.TestFile    ... finished proof: closed. 
172107     INFO  main            d.u.i.k.p.i.AbstractProblemLoader Loading environment from /home/runner/work/key/key/key.core/../key.ui/examples/heap/SmansEtAl/Stack_push.key.proof 
172107     DEBUG main            d.u.i.k.p.i.AbstractProblemLoader Environment load took 106ns 
172109     INFO  main            d.u.i.k.p.i.AbstractProblemLoader Creating init config 
174739     DEBUG main            d.u.i.k.p.i.AbstractProblemLoader Init config took 2.63s 
174772     INFO  main            d.u.i.k.p.i.AbstractProblemLoader Replaying proof Stack[Stack::push(java.lang.Object)].JML normal_behavior operation contract.0 
174862     DEBUG main            d.u.i.k.p.i.IntermediateProofReplayer Proof replay took 86.04ms 
174863     DEBUG main            d.u.i.k.p.r.p.TestFile    ... success: reloaded. 
174869     INFO  main            d.u.i.k.p.r.p.TestFile    Now processing file /home/runner/work/key/key/key.core/../key.ui/examples/heap/SmansEtAl/Stack_size.key 
174869     INFO  main            d.u.i.k.p.i.AbstractProblemLoader Loading environment from /home/runner/work/key/key/key.core/../key.ui/examples/heap/SmansEtAl/Stack_size.key 
174869     DEBUG main            d.u.i.k.p.i.AbstractProblemLoader Environment load took 70.8ns 
174870     INFO  main            d.u.i.k.p.i.AbstractProblemLoader Creating init config 
177587     DEBUG main            d.u.i.k.p.i.AbstractProblemLoader Init config took 2.72s 
177638     INFO  main            d.u.i.k.p.i.AbstractProblemLoader Replaying proof Stack[Stack::size()].JML accessible clause.0 
177640     DEBUG main            d.u.i.k.p.i.IntermediateProofReplayer Proof replay took 7.4ns 
177845     INFO  main            d.u.i.k.p.r.p.TestFile    ... finished proof: closed. 
178145     INFO  main            d.u.i.k.p.i.AbstractProblemLoader Loading environment from /home/runner/work/key/key/key.core/../key.ui/examples/heap/SmansEtAl/Stack_size.key.proof 
178145     DEBUG main            d.u.i.k.p.i.AbstractProblemLoader Environment load took 100.7ns 
178146     INFO  main            d.u.i.k.p.i.AbstractProblemLoader Creating init config 
180767     DEBUG main            d.u.i.k.p.i.AbstractProblemLoader Init config took 2.62s 
180800     INFO  main            d.u.i.k.p.i.AbstractProblemLoader Replaying proof Stack[Stack::size()].JML accessible clause.0 
180832     DEBUG main            d.u.i.k.p.i.IntermediateProofReplayer Proof replay took 29.46ms 
180834     DEBUG main            d.u.i.k.p.r.p.TestFile    ... success: reloaded. 
180835     INFO  main            d.u.i.k.p.r.p.TestFile    Now processing file /home/runner/work/key/key/key.core/../key.ui/examples/heap/SmansEtAl/Stack_Stack.key 
180835     INFO  main            d.u.i.k.p.i.AbstractProblemLoader Loading environment from /home/runner/work/key/key/key.core/../key.ui/examples/heap/SmansEtAl/Stack_Stack.key 
180835     DEBUG main            d.u.i.k.p.i.AbstractProblemLoader Environment load took 223ns 
180836     INFO  main            d.u.i.k.p.i.AbstractProblemLoader Creating init config 
183526     DEBUG main            d.u.i.k.p.i.AbstractProblemLoader Init config took 2.69s 
183578     INFO  main            d.u.i.k.p.i.AbstractProblemLoader Replaying proof Stack[Stack::Stack()].JML normal_behavior operation contract.0 
183580     DEBUG main            d.u.i.k.p.i.IntermediateProofReplayer Proof replay took 7.1ns 
184588     INFO  main            d.u.i.k.p.r.p.TestFile    ... finished proof: closed. 
184924     INFO  main            d.u.i.k.p.i.AbstractProblemLoader Loading environment from /home/runner/work/key/key/key.core/../key.ui/examples/heap/SmansEtAl/Stack_Stack.key.proof 
184924     DEBUG main            d.u.i.k.p.i.AbstractProblemLoader Environment load took 432.51ns 
184925     INFO  main            d.u.i.k.p.i.AbstractProblemLoader Creating init config 
187562     DEBUG main            d.u.i.k.p.i.AbstractProblemLoader Init config took 2.64s 
187595     INFO  main            d.u.i.k.p.i.AbstractProblemLoader Replaying proof Stack[Stack::Stack()].JML normal_behavior operation contract.0 
187753     DEBUG main            d.u.i.k.p.i.IntermediateProofReplayer Proof replay took 147.76ms 
187755     DEBUG main            d.u.i.k.p.r.p.TestFile    ... success: reloaded. 
187756     INFO  main            d.u.i.k.p.r.p.TestFile    Now processing file /home/runner/work/key/key/key.core/../key.ui/examples/heap/SmansEtAl/Stack_switchContents.key 
187756     INFO  main            d.u.i.k.p.i.AbstractProblemLoader Loading environment from /home/runner/work/key/key/key.core/../key.ui/examples/heap/SmansEtAl/Stack_switchContents.key 
187757     DEBUG main            d.u.i.k.p.i.AbstractProblemLoader Environment load took 201.7ns 
187758     INFO  main            d.u.i.k.p.i.AbstractProblemLoader Creating init config 
190453     DEBUG main            d.u.i.k.p.i.AbstractProblemLoader Init config took 2.7s 
190486     INFO  main            d.u.i.k.p.i.AbstractProblemLoader Replaying proof Stack[Stack::switchContents(Stack)].JML normal_behavior operation contract.0 
190488     DEBUG main            d.u.i.k.p.i.IntermediateProofReplayer Proof replay took 6.6ns 
194800     INFO  main            d.u.i.k.p.r.p.TestFile    ... finished proof: closed. 
195149     INFO  main            d.u.i.k.p.i.AbstractProblemLoader Loading environment from /home/runner/work/key/key/key.core/../key.ui/examples/heap/SmansEtAl/Stack_switchContents.key.proof 
195150     DEBUG main            d.u.i.k.p.i.AbstractProblemLoader Environment load took 427.61ns 
195156     INFO  main            d.u.i.k.p.i.AbstractProblemLoader Creating init config 
197768     DEBUG main            d.u.i.k.p.i.AbstractProblemLoader Init config took 2.61s 
197801     INFO  main            d.u.i.k.p.i.AbstractProblemLoader Replaying proof Stack[Stack::switchContents(Stack)].JML normal_behavior operation contract.0 
198092     DEBUG main            d.u.i.k.p.i.IntermediateProofReplayer Proof replay took 276.88ms 
198094     DEBUG main            d.u.i.k.p.r.p.TestFile    ... success: reloaded. 
2024894    INFO  Test worker     d.u.i.k.p.r.RunAllProofsTestUnit Returning from test SmansEtAl 
2024895    INFO  Test worker     d.u.i.k.p.r.RunAllProofsTestUnit Running test VACID0 
330        INFO  Timeout watchdog d.u.i.k.p.r.p.ForkedTestFileRunner Timeout watcher launched (2000 secs.) 
342        WARN  main            d.u.i.k.s.ProofSettings   The settings in /home/runner/.key/proof-settings.props are *not* read. 
368        INFO  main            d.u.i.k.p.r.p.TestFile    Now processing file /home/runner/work/key/key/key.core/../key.ui/examples/heap/vacid0_01_SparseArray/Harness_sparseArrayTestHarness1.key 
495        INFO  main            d.u.i.k.p.i.AbstractProblemLoader Loading environment from /home/runner/work/key/key/key.core/../key.ui/examples/heap/vacid0_01_SparseArray/Harness_sparseArrayTestHarness1.key 
515        DEBUG main            d.u.i.k.p.i.AbstractProblemLoader Environment load took 2.52ms 
742        INFO  main            d.u.i.k.p.i.AbstractProblemLoader Creating init config 
1642       DEBUG main            d.u.i.k.j.TypeConverter   No LDT found for Meta 
1644       DEBUG main            d.u.i.k.j.TypeConverter   No LDT found for Meta 
1655       DEBUG main            d.u.i.k.j.TypeConverter   No LDT found for Meta 
1655       DEBUG main            d.u.i.k.j.TypeConverter   No LDT found for Meta 
3020       DEBUG main            d.u.i.k.j.TypeConverter   No LDT found for JavaBigintExpression 
8217       DEBUG main            d.u.i.k.p.i.AbstractProblemLoader Init config took 7.47s 
8343       INFO  main            d.u.i.k.p.i.AbstractProblemLoader Replaying proof Harness[Harness::sparseArrayTestHarness1()].JML normal_behavior operation contract.0 
8376       DEBUG main            d.u.i.k.p.i.IntermediateProofReplayer Proof replay took 30.9ns 
10014      INFO  main            d.u.i.k.p.r.p.TestFile    ... finished proof: closed. 
10152      INFO  main            d.u.i.k.p.i.AbstractProblemLoader Loading environment from /home/runner/work/key/key/key.core/../key.ui/examples/heap/vacid0_01_SparseArray/Harness_sparseArrayTestHarness1.key.proof 
10152      DEBUG main            d.u.i.k.p.i.AbstractProblemLoader Environment load took 154ns 
10154      INFO  main            d.u.i.k.p.i.AbstractProblemLoader Creating init config 
13092      DEBUG main            d.u.i.k.p.i.AbstractProblemLoader Init config took 2.94s 
13152      INFO  main            d.u.i.k.p.i.AbstractProblemLoader Replaying proof Harness[Harness::sparseArrayTestHarness1()].JML normal_behavior operation contract.0 
13291      DEBUG main            d.u.i.k.p.i.IntermediateProofReplayer Proof replay took 130.73ms 
13299      DEBUG main            d.u.i.k.p.r.p.TestFile    ... success: reloaded. 
13303      INFO  main            d.u.i.k.p.r.p.TestFile    Now processing file /home/runner/work/key/key/key.core/../key.ui/examples/heap/vacid0_01_SparseArray/Harness_sparseArrayTestHarness2.key 
13303      INFO  main            d.u.i.k.p.i.AbstractProblemLoader Loading environment from /home/runner/work/key/key/key.core/../key.ui/examples/heap/vacid0_01_SparseArray/Harness_sparseArrayTestHarness2.key 
13305      DEBUG main            d.u.i.k.p.i.AbstractProblemLoader Environment load took 1.32ms 
13309      INFO  main            d.u.i.k.p.i.AbstractProblemLoader Creating init config 
16243      DEBUG main            d.u.i.k.p.i.AbstractProblemLoader Init config took 2.93s 
16299      INFO  main            d.u.i.k.p.i.AbstractProblemLoader Replaying proof Harness[Harness::sparseArrayTestHarness2()].JML normal_behavior operation contract.0 
16302      DEBUG main            d.u.i.k.p.i.IntermediateProofReplayer Proof replay took 6.6ns 
27969      INFO  main            d.u.i.k.p.r.p.TestFile    ... finished proof: closed. 
28214      INFO  main            d.u.i.k.p.i.AbstractProblemLoader Loading environment from /home/runner/work/key/key/key.core/../key.ui/examples/heap/vacid0_01_SparseArray/Harness_sparseArrayTestHarness2.key.proof 
28215      DEBUG main            d.u.i.k.p.i.AbstractProblemLoader Environment load took 711.01ns 
28226      INFO  main            d.u.i.k.p.i.AbstractProblemLoader Creating init config 
30993      DEBUG main            d.u.i.k.p.i.AbstractProblemLoader Init config took 2.77s 
31061      INFO  main            d.u.i.k.p.i.AbstractProblemLoader Replaying proof Harness[Harness::sparseArrayTestHarness2()].JML normal_behavior operation contract.0 
32163      DEBUG main            d.u.i.k.p.i.IntermediateProofReplayer Proof replay took 1.05s 
32166      DEBUG main            d.u.i.k.p.r.p.TestFile    ... success: reloaded. 
32168      INFO  main            d.u.i.k.p.r.p.TestFile    Now processing file /home/runner/work/key/key/key.core/../key.ui/examples/heap/vacid0_01_SparseArray/MemoryAllocator_alloc_unsigned.key 
32168      INFO  main            d.u.i.k.p.i.AbstractProblemLoader Loading environment from /home/runner/work/key/key/key.core/../key.ui/examples/heap/vacid0_01_SparseArray/MemoryAllocator_alloc_unsigned.key 
32169      DEBUG main            d.u.i.k.p.i.AbstractProblemLoader Environment load took 242ns 
32170      INFO  main            d.u.i.k.p.i.AbstractProblemLoader Creating init config 
34962      DEBUG main            d.u.i.k.p.i.AbstractProblemLoader Init config took 2.79s 
35015      INFO  main            d.u.i.k.p.i.AbstractProblemLoader Replaying proof MemoryAllocator[MemoryAllocator::alloc_unsigned(int)].JML normal_behavior operation contract.0 
35019      DEBUG main            d.u.i.k.p.i.IntermediateProofReplayer Proof replay took 7.1ns 
35924      INFO  main            d.u.i.k.p.r.p.TestFile    ... finished proof: closed. 
36143      INFO  main            d.u.i.k.p.i.AbstractProblemLoader Loading environment from /home/runner/work/key/key/key.core/../key.ui/examples/heap/vacid0_01_SparseArray/MemoryAllocator_alloc_unsigned.key.proof 
36143      DEBUG main            d.u.i.k.p.i.AbstractProblemLoader Environment load took 473.61ns 
36145      INFO  main            d.u.i.k.p.i.AbstractProblemLoader Creating init config 
38914      DEBUG main            d.u.i.k.p.i.AbstractProblemLoader Init config took 2.77s 
38966      INFO  main            d.u.i.k.p.i.AbstractProblemLoader Replaying proof MemoryAllocator[MemoryAllocator::alloc_unsigned(int)].JML normal_behavior operation contract.0 
39127      DEBUG main            d.u.i.k.p.i.IntermediateProofReplayer Proof replay took 152.94ms 
39129      DEBUG main            d.u.i.k.p.r.p.TestFile    ... success: reloaded. 
39130      INFO  main            d.u.i.k.p.r.p.TestFile    Now processing file /home/runner/work/key/key/key.core/../key.ui/examples/heap/vacid0_01_SparseArray/MemoryAllocator_alloc.key 
39131      INFO  main            d.u.i.k.p.i.AbstractProblemLoader Loading environment from /home/runner/work/key/key/key.core/../key.ui/examples/heap/vacid0_01_SparseArray/MemoryAllocator_alloc.key 
39131      DEBUG main            d.u.i.k.p.i.AbstractProblemLoader Environment load took 252ns 
39132      INFO  main            d.u.i.k.p.i.AbstractProblemLoader Creating init config 
41861      DEBUG main            d.u.i.k.p.i.AbstractProblemLoader Init config took 2.73s 
41901      INFO  main            d.u.i.k.p.i.AbstractProblemLoader Replaying proof MemoryAllocator[MemoryAllocator::alloc(int)].JML normal_behavior operation contract.0 
41903      DEBUG main            d.u.i.k.p.i.IntermediateProofReplayer Proof replay took 5.9ns 
42409      INFO  main            d.u.i.k.p.r.p.TestFile    ... finished proof: closed. 
42645      INFO  main            d.u.i.k.p.i.AbstractProblemLoader Loading environment from /home/runner/work/key/key/key.core/../key.ui/examples/heap/vacid0_01_SparseArray/MemoryAllocator_alloc.key.proof 
42648      DEBUG main            d.u.i.k.p.i.AbstractProblemLoader Environment load took 3.71ms 
42650      INFO  main            d.u.i.k.p.i.AbstractProblemLoader Creating init config 
45347      DEBUG main            d.u.i.k.p.i.AbstractProblemLoader Init config took 2.7s 
45389      INFO  main            d.u.i.k.p.i.AbstractProblemLoader Replaying proof MemoryAllocator[MemoryAllocator::alloc(int)].JML normal_behavior operation contract.0 
45487      DEBUG main            d.u.i.k.p.i.IntermediateProofReplayer Proof replay took 93.51ms 
45488      DEBUG main            d.u.i.k.p.r.p.TestFile    ... success: reloaded. 
45490      INFO  main            d.u.i.k.p.r.p.TestFile    Now processing file /home/runner/work/key/key/key.core/../key.ui/examples/heap/vacid0_01_SparseArray/SparseArray_get_dep.key 
45490      INFO  main            d.u.i.k.p.i.AbstractProblemLoader Loading environment from /home/runner/work/key/key/key.core/../key.ui/examples/heap/vacid0_01_SparseArray/SparseArray_get_dep.key 
45490      DEBUG main            d.u.i.k.p.i.AbstractProblemLoader Environment load took 167.1ns 
45491      INFO  main            d.u.i.k.p.i.AbstractProblemLoader Creating init config 
48258      DEBUG main            d.u.i.k.p.i.AbstractProblemLoader Init config took 2.77s 
48321      INFO  main            d.u.i.k.p.i.AbstractProblemLoader Replaying proof SparseArray[SparseArray::get(int)].JML accessible clause.0 
48323      DEBUG main            d.u.i.k.p.i.IntermediateProofReplayer Proof replay took 6.2ns 
50633      INFO  main            d.u.i.k.p.r.p.TestFile    ... finished proof: closed. 
50871      INFO  main            d.u.i.k.p.i.AbstractProblemLoader Loading environment from /home/runner/work/key/key/key.core/../key.ui/examples/heap/vacid0_01_SparseArray/SparseArray_get_dep.key.proof 
50871      DEBUG main            d.u.i.k.p.i.AbstractProblemLoader Environment load took 154.2ns 
50872      INFO  main            d.u.i.k.p.i.AbstractProblemLoader Creating init config 
53509      DEBUG main            d.u.i.k.p.i.AbstractProblemLoader Init config took 2.64s 
53568      INFO  main            d.u.i.k.p.i.AbstractProblemLoader Replaying proof SparseArray[SparseArray::get(int)].JML accessible clause.0 
53749      DEBUG main            d.u.i.k.p.i.IntermediateProofReplayer Proof replay took 171.48ms 
53750      DEBUG main            d.u.i.k.p.r.p.TestFile    ... success: reloaded. 
53752      INFO  main            d.u.i.k.p.r.p.TestFile    Now processing file /home/runner/work/key/key/key.core/../key.ui/examples/heap/vacid0_01_SparseArray/SparseArray_get.key 
53752      INFO  main            d.u.i.k.p.i.AbstractProblemLoader Loading environment from /home/runner/work/key/key/key.core/../key.ui/examples/heap/vacid0_01_SparseArray/SparseArray_get.key 
53753      DEBUG main            d.u.i.k.p.i.AbstractProblemLoader Environment load took 247.9ns 
53754      INFO  main            d.u.i.k.p.i.AbstractProblemLoader Creating init config 
56481      DEBUG main            d.u.i.k.p.i.AbstractProblemLoader Init config took 2.73s 
56544      INFO  main            d.u.i.k.p.i.AbstractProblemLoader Replaying proof SparseArray[SparseArray::get(int)].JML normal_behavior operation contract.0 
56547      DEBUG main            d.u.i.k.p.i.IntermediateProofReplayer Proof replay took 6.2ns 
58698      INFO  main            d.u.i.k.p.r.p.TestFile    ... finished proof: closed. 
58884      INFO  main            d.u.i.k.p.i.AbstractProblemLoader Loading environment from /home/runner/work/key/key/key.core/../key.ui/examples/heap/vacid0_01_SparseArray/SparseArray_get.key.proof 
58885      DEBUG main            d.u.i.k.p.i.AbstractProblemLoader Environment load took 458.11ns 
58886      INFO  main            d.u.i.k.p.i.AbstractProblemLoader Creating init config 
61574      DEBUG main            d.u.i.k.p.i.AbstractProblemLoader Init config took 2.69s 
61631      INFO  main            d.u.i.k.p.i.AbstractProblemLoader Replaying proof SparseArray[SparseArray::get(int)].JML normal_behavior operation contract.0 
61794      DEBUG main            d.u.i.k.p.i.IntermediateProofReplayer Proof replay took 154.81ms 
61796      DEBUG main            d.u.i.k.p.r.p.TestFile    ... success: reloaded. 
61797      INFO  main            d.u.i.k.p.r.p.TestFile    Now processing file /home/runner/work/key/key/key.core/../key.ui/examples/heap/vacid0_01_SparseArray/SparseArray_inv.key 
61798      INFO  main            d.u.i.k.p.i.AbstractProblemLoader Loading environment from /home/runner/work/key/key/key.core/../key.ui/examples/heap/vacid0_01_SparseArray/SparseArray_inv.key 
61798      DEBUG main            d.u.i.k.p.i.AbstractProblemLoader Environment load took 226.5ns 
61799      INFO  main            d.u.i.k.p.i.AbstractProblemLoader Creating init config 
64465      DEBUG main            d.u.i.k.p.i.AbstractProblemLoader Init config took 2.67s 
64521      INFO  main            d.u.i.k.p.i.AbstractProblemLoader Replaying proof SparseArray[java.lang.Object::<inv>()].JML accessible clause.0 
64523      DEBUG main            d.u.i.k.p.i.IntermediateProofReplayer Proof replay took 6.6ns 
66330      INFO  main            d.u.i.k.p.r.p.TestFile    ... finished proof: closed. 
66527      INFO  main            d.u.i.k.p.i.AbstractProblemLoader Loading environment from /home/runner/work/key/key/key.core/../key.ui/examples/heap/vacid0_01_SparseArray/SparseArray_inv.key.proof 
66528      DEBUG main            d.u.i.k.p.i.AbstractProblemLoader Environment load took 445.81ns 
66529      INFO  main            d.u.i.k.p.i.AbstractProblemLoader Creating init config 
69152      DEBUG main            d.u.i.k.p.i.AbstractProblemLoader Init config took 2.62s 
69217      INFO  main            d.u.i.k.p.i.AbstractProblemLoader Replaying proof SparseArray[java.lang.Object::<inv>()].JML accessible clause.0 
69281      DEBUG main            d.u.i.k.p.i.IntermediateProofReplayer Proof replay took 59.02ms 
69282      DEBUG main            d.u.i.k.p.r.p.TestFile    ... success: reloaded. 
69283      INFO  main            d.u.i.k.p.r.p.TestFile    Now processing file /home/runner/work/key/key/key.core/../key.ui/examples/heap/vacid0_01_SparseArray/SparseArray_SparseArray.key 
69284      INFO  main            d.u.i.k.p.i.AbstractProblemLoader Loading environment from /home/runner/work/key/key/key.core/../key.ui/examples/heap/vacid0_01_SparseArray/SparseArray_SparseArray.key 
69284      DEBUG main            d.u.i.k.p.i.AbstractProblemLoader Environment load took 226.8ns 
69285      INFO  main            d.u.i.k.p.i.AbstractProblemLoader Creating init config 
71941      DEBUG main            d.u.i.k.p.i.AbstractProblemLoader Init config took 2.66s 
71995      INFO  main            d.u.i.k.p.i.AbstractProblemLoader Replaying proof SparseArray[SparseArray::SparseArray(int)].JML normal_behavior operation contract.0 
71997      DEBUG main            d.u.i.k.p.i.IntermediateProofReplayer Proof replay took 6.7ns 
75206      INFO  main            d.u.i.k.p.r.p.TestFile    ... finished proof: closed. 
75425      INFO  main            d.u.i.k.p.i.AbstractProblemLoader Loading environment from /home/runner/work/key/key/key.core/../key.ui/examples/heap/vacid0_01_SparseArray/SparseArray_SparseArray.key.proof 
75425      DEBUG main            d.u.i.k.p.i.AbstractProblemLoader Environment load took 457.91ns 
75427      INFO  main            d.u.i.k.p.i.AbstractProblemLoader Creating init config 
78071      DEBUG main            d.u.i.k.p.i.AbstractProblemLoader Init config took 2.64s 
78130      INFO  main            d.u.i.k.p.i.AbstractProblemLoader Replaying proof SparseArray[SparseArray::SparseArray(int)].JML normal_behavior operation contract.0 
78414      DEBUG main            d.u.i.k.p.i.IntermediateProofReplayer Proof replay took 273.8ms 
78416      DEBUG main            d.u.i.k.p.r.p.TestFile    ... success: reloaded. 
2103513    INFO  Test worker     d.u.i.k.p.r.RunAllProofsTestUnit Returning from test VACID0 
2103513    INFO  Test worker     d.u.i.k.p.r.RunAllProofsTestUnit Running test VSTTE10 
353        INFO  Timeout watchdog d.u.i.k.p.r.p.ForkedTestFileRunner Timeout watcher launched (2000 secs.) 
366        WARN  main            d.u.i.k.s.ProofSettings   The settings in /home/runner/.key/proof-settings.props are *not* read. 
408        INFO  main            d.u.i.k.p.r.p.TestFile    Now processing file /home/runner/work/key/key/key.core/../key.ui/examples/heap/vstte10_01_SumAndMax/SumAndMax_sumAndMax.key 
574        INFO  main            d.u.i.k.p.i.AbstractProblemLoader Loading environment from /home/runner/work/key/key/key.core/../key.ui/examples/heap/vstte10_01_SumAndMax/SumAndMax_sumAndMax.key 
591        DEBUG main            d.u.i.k.p.i.AbstractProblemLoader Environment load took 2ms 
802        INFO  main            d.u.i.k.p.i.AbstractProblemLoader Creating init config 
1688       DEBUG main            d.u.i.k.j.TypeConverter   No LDT found for Meta 
1689       DEBUG main            d.u.i.k.j.TypeConverter   No LDT found for Meta 
1690       DEBUG main            d.u.i.k.j.TypeConverter   No LDT found for Meta 
1691       DEBUG main            d.u.i.k.j.TypeConverter   No LDT found for Meta 
3228       DEBUG main            d.u.i.k.j.TypeConverter   No LDT found for JavaBigintExpression 
7957       DEBUG main            d.u.i.k.p.i.AbstractProblemLoader Init config took 7.15s 
8087       INFO  main            d.u.i.k.p.i.AbstractProblemLoader Replaying proof SumAndMax[SumAndMax::sumAndMax([I)].JML normal_behavior operation contract.0 
8122       DEBUG main            d.u.i.k.p.i.IntermediateProofReplayer Proof replay took 33.1ns 
13296      INFO  main            d.u.i.k.p.r.p.TestFile    ... finished proof: closed. 
13473      INFO  main            d.u.i.k.p.i.AbstractProblemLoader Loading environment from /home/runner/work/key/key/key.core/../key.ui/examples/heap/vstte10_01_SumAndMax/SumAndMax_sumAndMax.key.proof 
13473      DEBUG main            d.u.i.k.p.i.AbstractProblemLoader Environment load took 494.41ns 
13476      INFO  main            d.u.i.k.p.i.AbstractProblemLoader Creating init config 
16149      DEBUG main            d.u.i.k.p.i.AbstractProblemLoader Init config took 2.67s 
16209      INFO  main            d.u.i.k.p.i.AbstractProblemLoader Replaying proof SumAndMax[SumAndMax::sumAndMax([I)].JML normal_behavior operation contract.0 
16699      DEBUG main            d.u.i.k.p.i.IntermediateProofReplayer Proof replay took 463.82ms 
16717      DEBUG main            d.u.i.k.p.r.p.TestFile    ... success: reloaded. 
16722      INFO  main            d.u.i.k.p.r.p.TestFile    Now processing file /home/runner/work/key/key/key.core/../key.ui/examples/heap/vstte10_03_LinkedList/Node_cons.key 
16724      INFO  main            d.u.i.k.p.i.AbstractProblemLoader Loading environment from /home/runner/work/key/key/key.core/../key.ui/examples/heap/vstte10_03_LinkedList/Node_cons.key 
16724      DEBUG main            d.u.i.k.p.i.AbstractProblemLoader Environment load took 164.1ns 
16726      INFO  main            d.u.i.k.p.i.AbstractProblemLoader Creating init config 
19571      DEBUG main            d.u.i.k.p.i.AbstractProblemLoader Init config took 2.85s 
19648      INFO  main            d.u.i.k.p.i.AbstractProblemLoader Replaying proof Node[Node::cons(int,Node)].JML normal_behavior operation contract.0 
19653      DEBUG main            d.u.i.k.p.i.IntermediateProofReplayer Proof replay took 6.6ns 
21284      INFO  main            d.u.i.k.p.r.p.TestFile    ... finished proof: closed. 
21453      INFO  main            d.u.i.k.p.i.AbstractProblemLoader Loading environment from /home/runner/work/key/key/key.core/../key.ui/examples/heap/vstte10_03_LinkedList/Node_cons.key.proof 
21453      DEBUG main            d.u.i.k.p.i.AbstractProblemLoader Environment load took 457.81ns 
21455      INFO  main            d.u.i.k.p.i.AbstractProblemLoader Creating init config 
24145      DEBUG main            d.u.i.k.p.i.AbstractProblemLoader Init config took 2.69s 
24211      INFO  main            d.u.i.k.p.i.AbstractProblemLoader Replaying proof Node[Node::cons(int,Node)].JML normal_behavior operation contract.0 
24457      DEBUG main            d.u.i.k.p.i.IntermediateProofReplayer Proof replay took 228.49ms 
24459      DEBUG main            d.u.i.k.p.r.p.TestFile    ... success: reloaded. 
24461      INFO  main            d.u.i.k.p.r.p.TestFile    Now processing file /home/runner/work/key/key/key.core/../key.ui/examples/heap/vstte10_03_LinkedList/Node_inv.key 
24461      INFO  main            d.u.i.k.p.i.AbstractProblemLoader Loading environment from /home/runner/work/key/key/key.core/../key.ui/examples/heap/vstte10_03_LinkedList/Node_inv.key 
24461      DEBUG main            d.u.i.k.p.i.AbstractProblemLoader Environment load took 314.2ns 
24463      INFO  main            d.u.i.k.p.i.AbstractProblemLoader Creating init config 
27136      DEBUG main            d.u.i.k.p.i.AbstractProblemLoader Init config took 2.67s 
27207      INFO  main            d.u.i.k.p.i.AbstractProblemLoader Replaying proof Node[java.lang.Object::<inv>()].JML accessible clause.0 
27210      DEBUG main            d.u.i.k.p.i.IntermediateProofReplayer Proof replay took 6.6ns 
27512      INFO  main            d.u.i.k.p.r.p.TestFile    ... finished proof: closed. 
27666      INFO  main            d.u.i.k.p.i.AbstractProblemLoader Loading environment from /home/runner/work/key/key/key.core/../key.ui/examples/heap/vstte10_03_LinkedList/Node_inv.key.proof 
27667      DEBUG main            d.u.i.k.p.i.AbstractProblemLoader Environment load took 451.61ns 
27668      INFO  main            d.u.i.k.p.i.AbstractProblemLoader Creating init config 
30250      DEBUG main            d.u.i.k.p.i.AbstractProblemLoader Init config took 2.58s 
30299      INFO  main            d.u.i.k.p.i.AbstractProblemLoader Replaying proof Node[java.lang.Object::<inv>()].JML accessible clause.0 
30326      DEBUG main            d.u.i.k.p.i.IntermediateProofReplayer Proof replay took 22.05ms 
30328      DEBUG main            d.u.i.k.p.r.p.TestFile    ... success: reloaded. 
30329      INFO  main            d.u.i.k.p.r.p.TestFile    Now processing file /home/runner/work/key/key/key.core/../key.ui/examples/heap/vstte10_03_LinkedList/Node_search.key 
30329      INFO  main            d.u.i.k.p.i.AbstractProblemLoader Loading environment from /home/runner/work/key/key/key.core/../key.ui/examples/heap/vstte10_03_LinkedList/Node_search.key 
30330      DEBUG main            d.u.i.k.p.i.AbstractProblemLoader Environment load took 216.3ns 
30331      INFO  main            d.u.i.k.p.i.AbstractProblemLoader Creating init config 
32880      DEBUG main            d.u.i.k.p.i.AbstractProblemLoader Init config took 2.55s 
32949      INFO  main            d.u.i.k.p.i.AbstractProblemLoader Replaying proof Node[Node::search()].JML normal_behavior operation contract.0 
32951      DEBUG main            d.u.i.k.p.i.IntermediateProofReplayer Proof replay took 7.2ns 
38877      INFO  main            d.u.i.k.p.r.p.TestFile    ... finished proof: closed. 
39095      INFO  main            d.u.i.k.p.i.AbstractProblemLoader Loading environment from /home/runner/work/key/key/key.core/../key.ui/examples/heap/vstte10_03_LinkedList/Node_search.key.proof 
39096      DEBUG main            d.u.i.k.p.i.AbstractProblemLoader Environment load took 491.71ns 
39099      INFO  main            d.u.i.k.p.i.AbstractProblemLoader Creating init config 
41631      DEBUG main            d.u.i.k.p.i.AbstractProblemLoader Init config took 2.53s 
41692      INFO  main            d.u.i.k.p.i.AbstractProblemLoader Replaying proof Node[Node::search()].JML normal_behavior operation contract.0 
42172      DEBUG main            d.u.i.k.p.i.IntermediateProofReplayer Proof replay took 422.62ms 
42175      DEBUG main            d.u.i.k.p.r.p.TestFile    ... success: reloaded. 
42177      INFO  main            d.u.i.k.p.r.p.TestFile    Now processing file /home/runner/work/key/key/key.core/../key.ui/examples/heap/vstte10_04_Queens/Queens_isConsistent.key 
42177      INFO  main            d.u.i.k.p.i.AbstractProblemLoader Loading environment from /home/runner/work/key/key/key.core/../key.ui/examples/heap/vstte10_04_Queens/Queens_isConsistent.key 
42177      DEBUG main            d.u.i.k.p.i.AbstractProblemLoader Environment load took 217.3ns 
42178      INFO  main            d.u.i.k.p.i.AbstractProblemLoader Creating init config 
45028      DEBUG main            d.u.i.k.p.i.AbstractProblemLoader Init config took 2.85s 
45068      INFO  main            d.u.i.k.p.i.AbstractProblemLoader Replaying proof Queens[Queens::isConsistent([I,int)].JML normal_behavior operation contract.0 
45070      DEBUG main            d.u.i.k.p.i.IntermediateProofReplayer Proof replay took 6.6ns 
46781      INFO  main            d.u.i.k.p.r.p.TestFile    ... finished proof: closed. 
46997      INFO  main            d.u.i.k.p.i.AbstractProblemLoader Loading environment from /home/runner/work/key/key/key.core/../key.ui/examples/heap/vstte10_04_Queens/Queens_isConsistent.key.proof 
46998      DEBUG main            d.u.i.k.p.i.AbstractProblemLoader Environment load took 1.05ms 
47000      INFO  main            d.u.i.k.p.i.AbstractProblemLoader Creating init config 
49611      DEBUG main            d.u.i.k.p.i.AbstractProblemLoader Init config took 2.61s 
49659      INFO  main            d.u.i.k.p.i.AbstractProblemLoader Replaying proof Queens[Queens::isConsistent([I,int)].JML normal_behavior operation contract.0 
49950      DEBUG main            d.u.i.k.p.i.IntermediateProofReplayer Proof replay took 278.03ms 
49951      DEBUG main            d.u.i.k.p.r.p.TestFile    ... success: reloaded. 
49952      INFO  main            d.u.i.k.p.r.p.TestFile    Now processing file /home/runner/work/key/key/key.core/../key.ui/examples/heap/vstte10_04_Queens/Queens_nQueens.key 
49953      INFO  main            d.u.i.k.p.i.AbstractProblemLoader Loading environment from /home/runner/work/key/key/key.core/../key.ui/examples/heap/vstte10_04_Queens/Queens_nQueens.key 
49953      DEBUG main            d.u.i.k.p.i.AbstractProblemLoader Environment load took 238.4ns 
49954      INFO  main            d.u.i.k.p.i.AbstractProblemLoader Creating init config 
52532      DEBUG main            d.u.i.k.p.i.AbstractProblemLoader Init config took 2.58s 
52571      INFO  main            d.u.i.k.p.i.AbstractProblemLoader Replaying proof Queens[Queens::nQueens(int)].JML normal_behavior operation contract.0 
52573      DEBUG main            d.u.i.k.p.i.IntermediateProofReplayer Proof replay took 6.3ns 
65059      INFO  main            d.u.i.k.p.r.p.TestFile    ... finished proof: closed. 
65278      INFO  main            d.u.i.k.p.i.AbstractProblemLoader Loading environment from /home/runner/work/key/key/key.core/../key.ui/examples/heap/vstte10_04_Queens/Queens_nQueens.key.proof 
65279      DEBUG main            d.u.i.k.p.i.AbstractProblemLoader Environment load took 486.41ns 
65281      INFO  main            d.u.i.k.p.i.AbstractProblemLoader Creating init config 
67809      DEBUG main            d.u.i.k.p.i.AbstractProblemLoader Init config took 2.53s 
67866      INFO  main            d.u.i.k.p.i.AbstractProblemLoader Replaying proof Queens[Queens::nQueens(int)].JML normal_behavior operation contract.0 
68272      DEBUG main            d.u.i.k.p.i.IntermediateProofReplayer Proof replay took 381.64ms 
68274      DEBUG main            d.u.i.k.p.r.p.TestFile    ... success: reloaded. 
68275      INFO  main            d.u.i.k.p.r.p.TestFile    Now processing file /home/runner/work/key/key/key.core/../key.ui/examples/heap/vstte10_05_Queue/AmortizedQueue_AmortizedQueue.key 
68275      INFO  main            d.u.i.k.p.i.AbstractProblemLoader Loading environment from /home/runner/work/key/key/key.core/../key.ui/examples/heap/vstte10_05_Queue/AmortizedQueue_AmortizedQueue.key 
68276      DEBUG main            d.u.i.k.p.i.AbstractProblemLoader Environment load took 221.8ns 
68277      INFO  main            d.u.i.k.p.i.AbstractProblemLoader Creating init config 
70964      DEBUG main            d.u.i.k.p.i.AbstractProblemLoader Init config took 2.69s 
71006      INFO  main            d.u.i.k.p.i.AbstractProblemLoader Replaying proof AmortizedQueue[AmortizedQueue::AmortizedQueue()].JML normal_behavior operation contract.0 
71008      DEBUG main            d.u.i.k.p.i.IntermediateProofReplayer Proof replay took 6.7ns 
72341      INFO  main            d.u.i.k.p.r.p.TestFile    ... finished proof: closed. 
72559      INFO  main            d.u.i.k.p.i.AbstractProblemLoader Loading environment from /home/runner/work/key/key/key.core/../key.ui/examples/heap/vstte10_05_Queue/AmortizedQueue_AmortizedQueue.key.proof 
72560      DEBUG main            d.u.i.k.p.i.AbstractProblemLoader Environment load took 705.61ns 
72561      INFO  main            d.u.i.k.p.i.AbstractProblemLoader Creating init config 
75109      DEBUG main            d.u.i.k.p.i.AbstractProblemLoader Init config took 2.55s 
75159      INFO  main            d.u.i.k.p.i.AbstractProblemLoader Replaying proof AmortizedQueue[AmortizedQueue::AmortizedQueue()].JML normal_behavior operation contract.0 
75335      DEBUG main            d.u.i.k.p.i.IntermediateProofReplayer Proof replay took 166.76ms 
75336      DEBUG main            d.u.i.k.p.r.p.TestFile    ... success: reloaded. 
75337      INFO  main            d.u.i.k.p.r.p.TestFile    Now processing file /home/runner/work/key/key/key.core/../key.ui/examples/heap/vstte10_05_Queue/AmortizedQueue_front.key 
75338      INFO  main            d.u.i.k.p.i.AbstractProblemLoader Loading environment from /home/runner/work/key/key/key.core/../key.ui/examples/heap/vstte10_05_Queue/AmortizedQueue_front.key 
75338      DEBUG main            d.u.i.k.p.i.AbstractProblemLoader Environment load took 231.1ns 
75339      INFO  main            d.u.i.k.p.i.AbstractProblemLoader Creating init config 
77902      DEBUG main            d.u.i.k.p.i.AbstractProblemLoader Init config took 2.56s 
77962      INFO  main            d.u.i.k.p.i.AbstractProblemLoader Replaying proof AmortizedQueue[AmortizedQueue::front()].JML normal_behavior operation contract.0 
77963      DEBUG main            d.u.i.k.p.i.IntermediateProofReplayer Proof replay took 6.7ns 
78369      INFO  main            d.u.i.k.p.r.p.TestFile    ... finished proof: closed. 
78582      INFO  main            d.u.i.k.p.i.AbstractProblemLoader Loading environment from /home/runner/work/key/key/key.core/../key.ui/examples/heap/vstte10_05_Queue/AmortizedQueue_front.key.proof 
78583      DEBUG main            d.u.i.k.p.i.AbstractProblemLoader Environment load took 227.3ns 
78584      INFO  main            d.u.i.k.p.i.AbstractProblemLoader Creating init config 
81087      DEBUG main            d.u.i.k.p.i.AbstractProblemLoader Init config took 2.5s 
81137      INFO  main            d.u.i.k.p.i.AbstractProblemLoader Replaying proof AmortizedQueue[AmortizedQueue::front()].JML normal_behavior operation contract.0 
81179      DEBUG main            d.u.i.k.p.i.IntermediateProofReplayer Proof replay took 38.02ms 
81181      DEBUG main            d.u.i.k.p.r.p.TestFile    ... success: reloaded. 
81183      INFO  main            d.u.i.k.p.r.p.TestFile    Now processing file /home/runner/work/key/key/key.core/../key.ui/examples/heap/vstte10_05_Queue/LinkedList_concat.key 
81185      INFO  main            d.u.i.k.p.i.AbstractProblemLoader Loading environment from /home/runner/work/key/key/key.core/../key.ui/examples/heap/vstte10_05_Queue/LinkedList_concat.key 
81185      DEBUG main            d.u.i.k.p.i.AbstractProblemLoader Environment load took 266ns 
81187      INFO  main            d.u.i.k.p.i.AbstractProblemLoader Creating init config 
83756      DEBUG main            d.u.i.k.p.i.AbstractProblemLoader Init config took 2.57s 
83799      INFO  main            d.u.i.k.p.i.AbstractProblemLoader Replaying proof LinkedList[LinkedList::concat(LinkedList)].JML normal_behavior operation contract.0 
83801      DEBUG main            d.u.i.k.p.i.IntermediateProofReplayer Proof replay took 6.3ns 
91517      INFO  main            d.u.i.k.p.r.p.TestFile    ... finished proof: closed. 
91789      INFO  main            d.u.i.k.p.i.AbstractProblemLoader Loading environment from /home/runner/work/key/key/key.core/../key.ui/examples/heap/vstte10_05_Queue/LinkedList_concat.key.proof 
91789      DEBUG main            d.u.i.k.p.i.AbstractProblemLoader Environment load took 441.21ns 
91792      INFO  main            d.u.i.k.p.i.AbstractProblemLoader Creating init config 
94273      DEBUG main            d.u.i.k.p.i.AbstractProblemLoader Init config took 2.48s 
94317      INFO  main            d.u.i.k.p.i.AbstractProblemLoader Replaying proof LinkedList[LinkedList::concat(LinkedList)].JML normal_behavior operation contract.0 
94737      DEBUG main            d.u.i.k.p.i.IntermediateProofReplayer Proof replay took 383.47ms 
94740      DEBUG main            d.u.i.k.p.r.p.TestFile    ... success: reloaded. 
94741      INFO  main            d.u.i.k.p.r.p.TestFile    Now processing file /home/runner/work/key/key/key.core/../key.ui/examples/heap/vstte10_05_Queue/LinkedList_cons.key 
94742      INFO  main            d.u.i.k.p.i.AbstractProblemLoader Loading environment from /home/runner/work/key/key/key.core/../key.ui/examples/heap/vstte10_05_Queue/LinkedList_cons.key 
94742      DEBUG main            d.u.i.k.p.i.AbstractProblemLoader Environment load took 248.2ns 
94743      INFO  main            d.u.i.k.p.i.AbstractProblemLoader Creating init config 
97336      DEBUG main            d.u.i.k.p.i.AbstractProblemLoader Init config took 2.59s 
97379      INFO  main            d.u.i.k.p.i.AbstractProblemLoader Replaying proof LinkedList[LinkedList::cons(int)].JML normal_behavior operation contract.0 
97380      DEBUG main            d.u.i.k.p.i.IntermediateProofReplayer Proof replay took 6.4ns 
99595      INFO  main            d.u.i.k.p.r.p.TestFile    ... finished proof: closed. 
99815      INFO  main            d.u.i.k.p.i.AbstractProblemLoader Loading environment from /home/runner/work/key/key/key.core/../key.ui/examples/heap/vstte10_05_Queue/LinkedList_cons.key.proof 
99817      DEBUG main            d.u.i.k.p.i.AbstractProblemLoader Environment load took 1.46ms 
99820      INFO  main            d.u.i.k.p.i.AbstractProblemLoader Creating init config 
102360     DEBUG main            d.u.i.k.p.i.AbstractProblemLoader Init config took 2.54s 
102414     INFO  main            d.u.i.k.p.i.AbstractProblemLoader Replaying proof LinkedList[LinkedList::cons(int)].JML normal_behavior operation contract.0 
102600     DEBUG main            d.u.i.k.p.i.IntermediateProofReplayer Proof replay took 173.17ms 
102601     DEBUG main            d.u.i.k.p.r.p.TestFile    ... success: reloaded. 
102602     INFO  main            d.u.i.k.p.r.p.TestFile    Now processing file /home/runner/work/key/key/key.core/../key.ui/examples/heap/vstte10_05_Queue/LinkedList_head.key 
102603     INFO  main            d.u.i.k.p.i.AbstractProblemLoader Loading environment from /home/runner/work/key/key/key.core/../key.ui/examples/heap/vstte10_05_Queue/LinkedList_head.key 
102603     DEBUG main            d.u.i.k.p.i.AbstractProblemLoader Environment load took 102.5ns 
102604     INFO  main            d.u.i.k.p.i.AbstractProblemLoader Creating init config 
105159     DEBUG main            d.u.i.k.p.i.AbstractProblemLoader Init config took 2.56s 
105211     INFO  main            d.u.i.k.p.i.AbstractProblemLoader Replaying proof LinkedList[LinkedList::head()].JML normal_behavior operation contract.0 
105213     DEBUG main            d.u.i.k.p.i.IntermediateProofReplayer Proof replay took 6.3ns 
105315     INFO  main            d.u.i.k.p.r.p.TestFile    ... finished proof: closed. 
105524     INFO  main            d.u.i.k.p.i.AbstractProblemLoader Loading environment from /home/runner/work/key/key/key.core/../key.ui/examples/heap/vstte10_05_Queue/LinkedList_head.key.proof 
105524     DEBUG main            d.u.i.k.p.i.AbstractProblemLoader Environment load took 127.2ns 
105525     INFO  main            d.u.i.k.p.i.AbstractProblemLoader Creating init config 
108028     DEBUG main            d.u.i.k.p.i.AbstractProblemLoader Init config took 2.5s 
108070     INFO  main            d.u.i.k.p.i.AbstractProblemLoader Replaying proof LinkedList[LinkedList::head()].JML normal_behavior operation contract.0 
108082     DEBUG main            d.u.i.k.p.i.IntermediateProofReplayer Proof replay took 9.69ms 
108083     DEBUG main            d.u.i.k.p.r.p.TestFile    ... success: reloaded. 
108084     INFO  main            d.u.i.k.p.r.p.TestFile    Now processing file /home/runner/work/key/key/key.core/../key.ui/examples/heap/vstte10_05_Queue/LinkedList_inv.key 
108085     INFO  main            d.u.i.k.p.i.AbstractProblemLoader Loading environment from /home/runner/work/key/key/key.core/../key.ui/examples/heap/vstte10_05_Queue/LinkedList_inv.key 
108085     DEBUG main            d.u.i.k.p.i.AbstractProblemLoader Environment load took 209.8ns 
108086     INFO  main            d.u.i.k.p.i.AbstractProblemLoader Creating init config 
110668     DEBUG main            d.u.i.k.p.i.AbstractProblemLoader Init config took 2.58s 
110726     INFO  main            d.u.i.k.p.i.AbstractProblemLoader Replaying proof LinkedList[java.lang.Object::<inv>()].JML accessible clause.0 
110727     DEBUG main            d.u.i.k.p.i.IntermediateProofReplayer Proof replay took 7ns 
111032     INFO  main            d.u.i.k.p.r.p.TestFile    ... finished proof: closed. 
111257     INFO  main            d.u.i.k.p.i.AbstractProblemLoader Loading environment from /home/runner/work/key/key/key.core/../key.ui/examples/heap/vstte10_05_Queue/LinkedList_inv.key.proof 
111257     DEBUG main            d.u.i.k.p.i.AbstractProblemLoader Environment load took 178.8ns 
111258     INFO  main            d.u.i.k.p.i.AbstractProblemLoader Creating init config 
113755     DEBUG main            d.u.i.k.p.i.AbstractProblemLoader Init config took 2.5s 
113795     INFO  main            d.u.i.k.p.i.AbstractProblemLoader Replaying proof LinkedList[java.lang.Object::<inv>()].JML accessible clause.0 
113815     DEBUG main            d.u.i.k.p.i.IntermediateProofReplayer Proof replay took 16.42ms 
113816     DEBUG main            d.u.i.k.p.r.p.TestFile    ... success: reloaded. 
113817     INFO  main            d.u.i.k.p.r.p.TestFile    Now processing file /home/runner/work/key/key/key.core/../key.ui/examples/heap/vstte10_05_Queue/LinkedList_length.key 
113817     INFO  main            d.u.i.k.p.i.AbstractProblemLoader Loading environment from /home/runner/work/key/key/key.core/../key.ui/examples/heap/vstte10_05_Queue/LinkedList_length.key 
113817     DEBUG main            d.u.i.k.p.i.AbstractProblemLoader Environment load took 140ns 
113818     INFO  main            d.u.i.k.p.i.AbstractProblemLoader Creating init config 
116367     DEBUG main            d.u.i.k.p.i.AbstractProblemLoader Init config took 2.55s 
116408     INFO  main            d.u.i.k.p.i.AbstractProblemLoader Replaying proof LinkedList[LinkedList::length()].JML normal_behavior operation contract.0 
116409     DEBUG main            d.u.i.k.p.i.IntermediateProofReplayer Proof replay took 6.3ns 
116611     INFO  main            d.u.i.k.p.r.p.TestFile    ... finished proof: closed. 
116811     INFO  main            d.u.i.k.p.i.AbstractProblemLoader Loading environment from /home/runner/work/key/key/key.core/../key.ui/examples/heap/vstte10_05_Queue/LinkedList_length.key.proof 
116812     DEBUG main            d.u.i.k.p.i.AbstractProblemLoader Environment load took 126.2ns 
116813     INFO  main            d.u.i.k.p.i.AbstractProblemLoader Creating init config 
119314     DEBUG main            d.u.i.k.p.i.AbstractProblemLoader Init config took 2.5s 
119369     INFO  main            d.u.i.k.p.i.AbstractProblemLoader Replaying proof LinkedList[LinkedList::length()].JML normal_behavior operation contract.0 
119382     DEBUG main            d.u.i.k.p.i.IntermediateProofReplayer Proof replay took 11ms 
119382     DEBUG main            d.u.i.k.p.r.p.TestFile    ... success: reloaded. 
119383     INFO  main            d.u.i.k.p.r.p.TestFile    Now processing file /home/runner/work/key/key/key.core/../key.ui/examples/heap/vstte10_05_Queue/LinkedList_LinkedList1.key 
119384     INFO  main            d.u.i.k.p.i.AbstractProblemLoader Loading environment from /home/runner/work/key/key/key.core/../key.ui/examples/heap/vstte10_05_Queue/LinkedList_LinkedList1.key 
119384     DEBUG main            d.u.i.k.p.i.AbstractProblemLoader Environment load took 121.8ns 
119385     INFO  main            d.u.i.k.p.i.AbstractProblemLoader Creating init config 
121899     DEBUG main            d.u.i.k.p.i.AbstractProblemLoader Init config took 2.51s 
121941     INFO  main            d.u.i.k.p.i.AbstractProblemLoader Replaying proof LinkedList[LinkedList::LinkedList(int,LinkedList)].JML normal_behavior operation contract.0 
121942     DEBUG main            d.u.i.k.p.i.IntermediateProofReplayer Proof replay took 6.2ns 
123759     INFO  main            d.u.i.k.p.r.p.TestFile    ... finished proof: closed. 
124021     INFO  main            d.u.i.k.p.i.AbstractProblemLoader Loading environment from /home/runner/work/key/key/key.core/../key.ui/examples/heap/vstte10_05_Queue/LinkedList_LinkedList1.key.proof 
124021     DEBUG main            d.u.i.k.p.i.AbstractProblemLoader Environment load took 127.6ns 
124022     INFO  main            d.u.i.k.p.i.AbstractProblemLoader Creating init config 
126482     DEBUG main            d.u.i.k.p.i.AbstractProblemLoader Init config took 2.46s 
126526     INFO  main            d.u.i.k.p.i.AbstractProblemLoader Replaying proof LinkedList[LinkedList::LinkedList(int,LinkedList)].JML normal_behavior operation contract.0 
126699     DEBUG main            d.u.i.k.p.i.IntermediateProofReplayer Proof replay took 161.98ms 
126700     DEBUG main            d.u.i.k.p.r.p.TestFile    ... success: reloaded. 
126702     INFO  main            d.u.i.k.p.r.p.TestFile    Now processing file /home/runner/work/key/key/key.core/../key.ui/examples/heap/vstte10_05_Queue/LinkedList_LinkedList2.key 
126702     INFO  main            d.u.i.k.p.i.AbstractProblemLoader Loading environment from /home/runner/work/key/key/key.core/../key.ui/examples/heap/vstte10_05_Queue/LinkedList_LinkedList2.key 
126702     DEBUG main            d.u.i.k.p.i.AbstractProblemLoader Environment load took 216.3ns 
126703     INFO  main            d.u.i.k.p.i.AbstractProblemLoader Creating init config 
129289     DEBUG main            d.u.i.k.p.i.AbstractProblemLoader Init config took 2.59s 
129331     INFO  main            d.u.i.k.p.i.AbstractProblemLoader Replaying proof LinkedList[LinkedList::LinkedList(int,LinkedList)].JML normal_behavior operation contract.0 
129333     DEBUG main            d.u.i.k.p.i.IntermediateProofReplayer Proof replay took 6.9ns 
131178     INFO  main            d.u.i.k.p.r.p.TestFile    ... finished proof: closed. 
131430     INFO  main            d.u.i.k.p.i.AbstractProblemLoader Loading environment from /home/runner/work/key/key/key.core/../key.ui/examples/heap/vstte10_05_Queue/LinkedList_LinkedList2.key.proof 
131430     DEBUG main            d.u.i.k.p.i.AbstractProblemLoader Environment load took 126.5ns 
131432     INFO  main            d.u.i.k.p.i.AbstractProblemLoader Creating init config 
133920     DEBUG main            d.u.i.k.p.i.AbstractProblemLoader Init config took 2.49s 
133961     INFO  main            d.u.i.k.p.i.AbstractProblemLoader Replaying proof LinkedList[LinkedList::LinkedList(int,LinkedList)].JML normal_behavior operation contract.0 
134127     DEBUG main            d.u.i.k.p.i.IntermediateProofReplayer Proof replay took 156.62ms 
134128     DEBUG main            d.u.i.k.p.r.p.TestFile    ... success: reloaded. 
134129     INFO  main            d.u.i.k.p.r.p.TestFile    Now processing file /home/runner/work/key/key/key.core/../key.ui/examples/heap/vstte10_05_Queue/LinkedList_LinkedList3.key 
134129     INFO  main            d.u.i.k.p.i.AbstractProblemLoader Loading environment from /home/runner/work/key/key/key.core/../key.ui/examples/heap/vstte10_05_Queue/LinkedList_LinkedList3.key 
134129     DEBUG main            d.u.i.k.p.i.AbstractProblemLoader Environment load took 65.3ns 
134130     INFO  main            d.u.i.k.p.i.AbstractProblemLoader Creating init config 
136635     DEBUG main            d.u.i.k.p.i.AbstractProblemLoader Init config took 2.5s 
136677     INFO  main            d.u.i.k.p.i.AbstractProblemLoader Replaying proof LinkedList[LinkedList::LinkedList(int,LinkedList)].JML normal_behavior operation contract.0 
136679     DEBUG main            d.u.i.k.p.i.IntermediateProofReplayer Proof replay took 6.9ns 
149779     INFO  main            d.u.i.k.p.r.p.TestFile    ... finished proof: closed. 
150137     INFO  main            d.u.i.k.p.i.AbstractProblemLoader Loading environment from /home/runner/work/key/key/key.core/../key.ui/examples/heap/vstte10_05_Queue/LinkedList_LinkedList3.key.proof 
150138     DEBUG main            d.u.i.k.p.i.AbstractProblemLoader Environment load took 498.71ns 
150144     INFO  main            d.u.i.k.p.i.AbstractProblemLoader Creating init config 
152603     DEBUG main            d.u.i.k.p.i.AbstractProblemLoader Init config took 2.46s 
152654     INFO  main            d.u.i.k.p.i.AbstractProblemLoader Replaying proof LinkedList[LinkedList::LinkedList(int,LinkedList)].JML normal_behavior operation contract.0 
153742     DEBUG main            d.u.i.k.p.i.IntermediateProofReplayer Proof replay took 957.68ms 
153749     DEBUG main            d.u.i.k.p.r.p.TestFile    ... success: reloaded. 
153750     INFO  main            d.u.i.k.p.r.p.TestFile    Now processing file /home/runner/work/key/key/key.core/../key.ui/examples/heap/vstte10_05_Queue/LinkedList_reverse.key 
153750     INFO  main            d.u.i.k.p.i.AbstractProblemLoader Loading environment from /home/runner/work/key/key/key.core/../key.ui/examples/heap/vstte10_05_Queue/LinkedList_reverse.key 
153750     DEBUG main            d.u.i.k.p.i.AbstractProblemLoader Environment load took 98.5ns 
153751     INFO  main            d.u.i.k.p.i.AbstractProblemLoader Creating init config 
156468     DEBUG main            d.u.i.k.p.i.AbstractProblemLoader Init config took 2.72s 
156511     INFO  main            d.u.i.k.p.i.AbstractProblemLoader Replaying proof LinkedList[LinkedList::reverse()].JML normal_behavior operation contract.0 
156512     DEBUG main            d.u.i.k.p.i.IntermediateProofReplayer Proof replay took 7ns 
165001     INFO  main            d.u.i.k.p.r.p.TestFile    ... finished proof: closed. 
165302     INFO  main            d.u.i.k.p.i.AbstractProblemLoader Loading environment from /home/runner/work/key/key/key.core/../key.ui/examples/heap/vstte10_05_Queue/LinkedList_reverse.key.proof 
165303     DEBUG main            d.u.i.k.p.i.AbstractProblemLoader Environment load took 564.31ns 
165305     INFO  main            d.u.i.k.p.i.AbstractProblemLoader Creating init config 
167764     DEBUG main            d.u.i.k.p.i.AbstractProblemLoader Init config took 2.46s 
167809     INFO  main            d.u.i.k.p.i.AbstractProblemLoader Replaying proof LinkedList[LinkedList::reverse()].JML normal_behavior operation contract.0 
168317     DEBUG main            d.u.i.k.p.i.IntermediateProofReplayer Proof replay took 466.44ms 
168320     DEBUG main            d.u.i.k.p.r.p.TestFile    ... success: reloaded. 
168321     INFO  main            d.u.i.k.p.r.p.TestFile    Now processing file /home/runner/work/key/key/key.core/../key.ui/examples/heap/vstte10_05_Queue/LinkedList_tail.key 
168321     INFO  main            d.u.i.k.p.i.AbstractProblemLoader Loading environment from /home/runner/work/key/key/key.core/../key.ui/examples/heap/vstte10_05_Queue/LinkedList_tail.key 
168321     DEBUG main            d.u.i.k.p.i.AbstractProblemLoader Environment load took 221.6ns 
168323     INFO  main            d.u.i.k.p.i.AbstractProblemLoader Creating init config 
170861     DEBUG main            d.u.i.k.p.i.AbstractProblemLoader Init config took 2.54s 
170924     INFO  main            d.u.i.k.p.i.AbstractProblemLoader Replaying proof LinkedList[LinkedList::tail()].JML normal_behavior operation contract.0 
170927     DEBUG main            d.u.i.k.p.i.IntermediateProofReplayer Proof replay took 41.6ns 
171431     INFO  main            d.u.i.k.p.r.p.TestFile    ... finished proof: closed. 
171701     INFO  main            d.u.i.k.p.i.AbstractProblemLoader Loading environment from /home/runner/work/key/key/key.core/../key.ui/examples/heap/vstte10_05_Queue/LinkedList_tail.key.proof 
171702     DEBUG main            d.u.i.k.p.i.AbstractProblemLoader Environment load took 114.5ns 
171703     INFO  main            d.u.i.k.p.i.AbstractProblemLoader Creating init config 
174154     DEBUG main            d.u.i.k.p.i.AbstractProblemLoader Init config took 2.45s 
174195     INFO  main            d.u.i.k.p.i.AbstractProblemLoader Replaying proof LinkedList[LinkedList::tail()].JML normal_behavior operation contract.0 
174268     DEBUG main            d.u.i.k.p.i.IntermediateProofReplayer Proof replay took 69.03ms 
174269     DEBUG main            d.u.i.k.p.r.p.TestFile    ... success: reloaded. 
2277964    INFO  Test worker     d.u.i.k.p.r.RunAllProofsTestUnit Returning from test VSTTE10 
2277965    INFO  Test worker     d.u.i.k.p.r.RunAllProofsTestUnit Running test WeideEtAl 
352        INFO  Timeout watchdog d.u.i.k.p.r.p.ForkedTestFileRunner Timeout watcher launched (2000 secs.) 
368        WARN  main            d.u.i.k.s.ProofSettings   The settings in /home/runner/.key/proof-settings.props are *not* read. 
397        INFO  main            d.u.i.k.p.r.p.TestFile    Now processing file /home/runner/work/key/key/key.core/../key.ui/examples/heap/WeideEtAl_01_AddAndMultiply/AddAndMultiply_add.key 
503        INFO  main            d.u.i.k.p.i.AbstractProblemLoader Loading environment from /home/runner/work/key/key/key.core/../key.ui/examples/heap/WeideEtAl_01_AddAndMultiply/AddAndMultiply_add.key 
524        DEBUG main            d.u.i.k.p.i.AbstractProblemLoader Environment load took 1.92ms 
741        INFO  main            d.u.i.k.p.i.AbstractProblemLoader Creating init config 
1720       DEBUG main            d.u.i.k.j.TypeConverter   No LDT found for Meta 
1721       DEBUG main            d.u.i.k.j.TypeConverter   No LDT found for Meta 
1724       DEBUG main            d.u.i.k.j.TypeConverter   No LDT found for Meta 
1724       DEBUG main            d.u.i.k.j.TypeConverter   No LDT found for Meta 
3087       DEBUG main            d.u.i.k.j.TypeConverter   No LDT found for JavaBigintExpression 
7830       DEBUG main            d.u.i.k.p.i.AbstractProblemLoader Init config took 7.09s 
7953       INFO  main            d.u.i.k.p.i.AbstractProblemLoader Replaying proof AddAndMultiply[AddAndMultiply::add(int,int)].JML normal_behavior operation contract.0 
7986       DEBUG main            d.u.i.k.p.i.IntermediateProofReplayer Proof replay took 35ns 
9726       INFO  main            d.u.i.k.p.r.p.TestFile    ... finished proof: closed. 
9923       INFO  main            d.u.i.k.p.i.AbstractProblemLoader Loading environment from /home/runner/work/key/key/key.core/../key.ui/examples/heap/WeideEtAl_01_AddAndMultiply/AddAndMultiply_add.key.proof 
9923       DEBUG main            d.u.i.k.p.i.AbstractProblemLoader Environment load took 481.51ns 
9926       INFO  main            d.u.i.k.p.i.AbstractProblemLoader Creating init config 
12648      DEBUG main            d.u.i.k.p.i.AbstractProblemLoader Init config took 2.72s 
12720      INFO  main            d.u.i.k.p.i.AbstractProblemLoader Replaying proof AddAndMultiply[AddAndMultiply::add(int,int)].JML normal_behavior operation contract.0 
12887      DEBUG main            d.u.i.k.p.i.IntermediateProofReplayer Proof replay took 157.29ms 
12894      DEBUG main            d.u.i.k.p.r.p.TestFile    ... success: reloaded. 
12896      INFO  main            d.u.i.k.p.r.p.TestFile    Now processing file /home/runner/work/key/key/key.core/../key.ui/examples/heap/WeideEtAl_01_AddAndMultiply/AddAndMultiply_mul.key 
12896      INFO  main            d.u.i.k.p.i.AbstractProblemLoader Loading environment from /home/runner/work/key/key/key.core/../key.ui/examples/heap/WeideEtAl_01_AddAndMultiply/AddAndMultiply_mul.key 
12897      DEBUG main            d.u.i.k.p.i.AbstractProblemLoader Environment load took 249.4ns 
12898      INFO  main            d.u.i.k.p.i.AbstractProblemLoader Creating init config 
15576      DEBUG main            d.u.i.k.p.i.AbstractProblemLoader Init config took 2.68s 
15647      INFO  main            d.u.i.k.p.i.AbstractProblemLoader Replaying proof AddAndMultiply[AddAndMultiply::mul(int,int)].JML normal_behavior operation contract.0 
15651      DEBUG main            d.u.i.k.p.i.IntermediateProofReplayer Proof replay took 7.6ns 
16259      INFO  main            d.u.i.k.p.r.p.TestFile    ... finished proof: closed. 
16410      INFO  main            d.u.i.k.p.i.AbstractProblemLoader Loading environment from /home/runner/work/key/key/key.core/../key.ui/examples/heap/WeideEtAl_01_AddAndMultiply/AddAndMultiply_mul.key.proof 
16411      DEBUG main            d.u.i.k.p.i.AbstractProblemLoader Environment load took 738.11ns 
16414      INFO  main            d.u.i.k.p.i.AbstractProblemLoader Creating init config 
18921      DEBUG main            d.u.i.k.p.i.AbstractProblemLoader Init config took 2.51s 
18992      INFO  main            d.u.i.k.p.i.AbstractProblemLoader Replaying proof AddAndMultiply[AddAndMultiply::mul(int,int)].JML normal_behavior operation contract.0 
19102      DEBUG main            d.u.i.k.p.i.IntermediateProofReplayer Proof replay took 103.65ms 
19104      DEBUG main            d.u.i.k.p.r.p.TestFile    ... success: reloaded. 
19106      INFO  main            d.u.i.k.p.r.p.TestFile    Now processing file /home/runner/work/key/key/key.core/../key.ui/examples/heap/WeideEtAl_02_BinarySearch/BinarySearch_search.key 
19106      INFO  main            d.u.i.k.p.i.AbstractProblemLoader Loading environment from /home/runner/work/key/key/key.core/../key.ui/examples/heap/WeideEtAl_02_BinarySearch/BinarySearch_search.key 
19106      DEBUG main            d.u.i.k.p.i.AbstractProblemLoader Environment load took 117.4ns 
19109      INFO  main            d.u.i.k.p.i.AbstractProblemLoader Creating init config 
21712      DEBUG main            d.u.i.k.p.i.AbstractProblemLoader Init config took 2.6s 
21758      INFO  main            d.u.i.k.p.i.AbstractProblemLoader Replaying proof BinarySearch[BinarySearch::search([I,int)].JML normal_behavior operation contract.0 
21762      DEBUG main            d.u.i.k.p.i.IntermediateProofReplayer Proof replay took 7.2ns 
25181      INFO  main            d.u.i.k.p.r.p.TestFile    ... finished proof: closed. 
25375      INFO  main            d.u.i.k.p.i.AbstractProblemLoader Loading environment from /home/runner/work/key/key/key.core/../key.ui/examples/heap/WeideEtAl_02_BinarySearch/BinarySearch_search.key.proof 
25376      DEBUG main            d.u.i.k.p.i.AbstractProblemLoader Environment load took 448.81ns 
25378      INFO  main            d.u.i.k.p.i.AbstractProblemLoader Creating init config 
27799      DEBUG main            d.u.i.k.p.i.AbstractProblemLoader Init config took 2.42s 
27864      INFO  main            d.u.i.k.p.i.AbstractProblemLoader Replaying proof BinarySearch[BinarySearch::search([I,int)].JML normal_behavior operation contract.0 
28236      DEBUG main            d.u.i.k.p.i.IntermediateProofReplayer Proof replay took 351.75ms 
28238      DEBUG main            d.u.i.k.p.r.p.TestFile    ... success: reloaded. 
2306372    INFO  Test worker     d.u.i.k.p.r.RunAllProofsTestUnit Returning from test WeideEtAl 
2306373    INFO  Test worker     d.u.i.k.p.r.RunAllProofsTestUnit Running test arithmetic 
398        INFO  Timeout watchdog d.u.i.k.p.r.p.ForkedTestFileRunner Timeout watcher launched (2000 secs.) 
439        WARN  main            d.u.i.k.s.ProofSettings   The settings in /home/runner/.key/proof-settings.props are *not* read. 
466        INFO  main            d.u.i.k.p.r.p.TestFile    Now processing file /home/runner/work/key/key/key.core/../key.ui/examples/standard_key/arith/binomial1.key 
581        INFO  main            d.u.i.k.p.i.AbstractProblemLoader Loading environment from /home/runner/work/key/key/key.core/../key.ui/examples/standard_key/arith/binomial1.key 
606        DEBUG main            d.u.i.k.p.i.AbstractProblemLoader Environment load took 3.22ms 
847        INFO  main            d.u.i.k.p.i.AbstractProblemLoader Creating init config 
1801       DEBUG main            d.u.i.k.j.TypeConverter   No LDT found for Meta 
1801       DEBUG main            d.u.i.k.j.TypeConverter   No LDT found for Meta 
1802       DEBUG main            d.u.i.k.j.TypeConverter   No LDT found for Meta 
1802       DEBUG main            d.u.i.k.j.TypeConverter   No LDT found for Meta 
3359       DEBUG main            d.u.i.k.j.TypeConverter   No LDT found for JavaBigintExpression 
8811       DEBUG main            d.u.i.k.p.i.AbstractProblemLoader Init config took 7.96s 
8870       INFO  main            d.u.i.k.p.i.AbstractProblemLoader Replaying proof binomial1.key 
8902       DEBUG main            d.u.i.k.p.i.IntermediateProofReplayer Proof replay took 36.5ns 
9182       INFO  main            d.u.i.k.p.r.p.TestFile    ... finished proof: closed. 
9283       INFO  main            d.u.i.k.p.i.AbstractProblemLoader Loading environment from /home/runner/work/key/key/key.core/../key.ui/examples/standard_key/arith/binomial1.key.proof 
9283       DEBUG main            d.u.i.k.p.i.AbstractProblemLoader Environment load took 473.91ns 
9291       INFO  main            d.u.i.k.p.i.AbstractProblemLoader Creating init config 
12029      DEBUG main            d.u.i.k.p.i.AbstractProblemLoader Init config took 2.74s 
12066      INFO  main            d.u.i.k.p.i.AbstractProblemLoader Replaying proof binomial1.key.proof 
12096      DEBUG main            d.u.i.k.p.i.IntermediateProofReplayer Proof replay took 21.2ms 
12107      DEBUG main            d.u.i.k.p.r.p.TestFile    ... success: reloaded. 
12108      INFO  main            d.u.i.k.p.r.p.TestFile    Now processing file /home/runner/work/key/key/key.core/../key.ui/examples/standard_key/arith/binomial2.key 
12109      INFO  main            d.u.i.k.p.i.AbstractProblemLoader Loading environment from /home/runner/work/key/key/key.core/../key.ui/examples/standard_key/arith/binomial2.key 
12109      DEBUG main            d.u.i.k.p.i.AbstractProblemLoader Environment load took 280.5ns 
12111      INFO  main            d.u.i.k.p.i.AbstractProblemLoader Creating init config 
14833      DEBUG main            d.u.i.k.p.i.AbstractProblemLoader Init config took 2.72s 
14878      INFO  main            d.u.i.k.p.i.AbstractProblemLoader Replaying proof binomial2.key 
14888      DEBUG main            d.u.i.k.p.i.IntermediateProofReplayer Proof replay took 6.9ns 
14991      INFO  main            d.u.i.k.p.r.p.TestFile    ... finished proof: closed. 
15122      INFO  main            d.u.i.k.p.i.AbstractProblemLoader Loading environment from /home/runner/work/key/key/key.core/../key.ui/examples/standard_key/arith/binomial2.key.proof 
15122      DEBUG main            d.u.i.k.p.i.AbstractProblemLoader Environment load took 138.4ns 
15124      INFO  main            d.u.i.k.p.i.AbstractProblemLoader Creating init config 
17763      DEBUG main            d.u.i.k.p.i.AbstractProblemLoader Init config took 2.64s 
17792      INFO  main            d.u.i.k.p.i.AbstractProblemLoader Replaying proof binomial2.key.proof 
17809      DEBUG main            d.u.i.k.p.i.IntermediateProofReplayer Proof replay took 11.17ms 
17811      DEBUG main            d.u.i.k.p.r.p.TestFile    ... success: reloaded. 
17812      INFO  main            d.u.i.k.p.r.p.TestFile    Now processing file /home/runner/work/key/key/key.core/../key.ui/examples/standard_key/arith/check_jdiv.key 
17812      INFO  main            d.u.i.k.p.i.AbstractProblemLoader Loading environment from /home/runner/work/key/key/key.core/../key.ui/examples/standard_key/arith/check_jdiv.key 
17813      DEBUG main            d.u.i.k.p.i.AbstractProblemLoader Environment load took 232.9ns 
17815      INFO  main            d.u.i.k.p.i.AbstractProblemLoader Creating init config 
20341      DEBUG main            d.u.i.k.p.i.AbstractProblemLoader Init config took 2.53s 
20363      INFO  main            d.u.i.k.p.i.AbstractProblemLoader Replaying proof check_jdiv.key 
20368      DEBUG main            d.u.i.k.p.i.IntermediateProofReplayer Proof replay took 30.7ns 
25415      INFO  main            d.u.i.k.p.r.p.TestFile    ... finished proof: closed. 
25626      INFO  main            d.u.i.k.p.i.AbstractProblemLoader Loading environment from /home/runner/work/key/key/key.core/../key.ui/examples/standard_key/arith/check_jdiv.key.proof 
25627      DEBUG main            d.u.i.k.p.i.AbstractProblemLoader Environment load took 457.71ns 
25633      INFO  main            d.u.i.k.p.i.AbstractProblemLoader Creating init config 
28140      DEBUG main            d.u.i.k.p.i.AbstractProblemLoader Init config took 2.51s 
28162      INFO  main            d.u.i.k.p.i.AbstractProblemLoader Replaying proof check_jdiv.key.proof 
28406      DEBUG main            d.u.i.k.p.i.IntermediateProofReplayer Proof replay took 207.67ms 
28408      DEBUG main            d.u.i.k.p.r.p.TestFile    ... success: reloaded. 
28410      INFO  main            d.u.i.k.p.r.p.TestFile    Now processing file /home/runner/work/key/key/key.core/../key.ui/examples/standard_key/arith/check_jdiv_concrete.key 
28410      INFO  main            d.u.i.k.p.i.AbstractProblemLoader Loading environment from /home/runner/work/key/key/key.core/../key.ui/examples/standard_key/arith/check_jdiv_concrete.key 
28410      DEBUG main            d.u.i.k.p.i.AbstractProblemLoader Environment load took 106.7ns 
28413      INFO  main            d.u.i.k.p.i.AbstractProblemLoader Creating init config 
30970      DEBUG main            d.u.i.k.p.i.AbstractProblemLoader Init config took 2.56s 
30990      INFO  main            d.u.i.k.p.i.AbstractProblemLoader Replaying proof check_jdiv_concrete.key 
30993      DEBUG main            d.u.i.k.p.i.IntermediateProofReplayer Proof replay took 6.9ns 
31098      INFO  main            d.u.i.k.p.r.p.TestFile    ... finished proof: closed. 
31293      INFO  main            d.u.i.k.p.i.AbstractProblemLoader Loading environment from /home/runner/work/key/key/key.core/../key.ui/examples/standard_key/arith/check_jdiv_concrete.key.proof 
31293      DEBUG main            d.u.i.k.p.i.AbstractProblemLoader Environment load took 134.3ns 
31295      INFO  main            d.u.i.k.p.i.AbstractProblemLoader Creating init config 
33787      DEBUG main            d.u.i.k.p.i.AbstractProblemLoader Init config took 2.49s 
33808      INFO  main            d.u.i.k.p.i.AbstractProblemLoader Replaying proof check_jdiv_concrete.key.proof 
33812      DEBUG main            d.u.i.k.p.i.IntermediateProofReplayer Proof replay took 2.51ms 
33813      DEBUG main            d.u.i.k.p.r.p.TestFile    ... success: reloaded. 
33814      INFO  main            d.u.i.k.p.r.p.TestFile    Now processing file /home/runner/work/key/key/key.core/../key.ui/examples/standard_key/arith/check_jdiv_instantiated.key 
33815      INFO  main            d.u.i.k.p.i.AbstractProblemLoader Loading environment from /home/runner/work/key/key/key.core/../key.ui/examples/standard_key/arith/check_jdiv_instantiated.key 
33815      DEBUG main            d.u.i.k.p.i.AbstractProblemLoader Environment load took 107.2ns 
33817      INFO  main            d.u.i.k.p.i.AbstractProblemLoader Creating init config 
36317      DEBUG main            d.u.i.k.p.i.AbstractProblemLoader Init config took 2.5s 
36337      INFO  main            d.u.i.k.p.i.AbstractProblemLoader Replaying proof check_jdiv_instantiated.key 
36339      DEBUG main            d.u.i.k.p.i.IntermediateProofReplayer Proof replay took 6.9ns 
39509      INFO  main            d.u.i.k.p.r.p.TestFile    ... finished proof: closed. 
39800      INFO  main            d.u.i.k.p.i.AbstractProblemLoader Loading environment from /home/runner/work/key/key/key.core/../key.ui/examples/standard_key/arith/check_jdiv_instantiated.key.proof 
39801      DEBUG main            d.u.i.k.p.i.AbstractProblemLoader Environment load took 477.41ns 
39803      INFO  main            d.u.i.k.p.i.AbstractProblemLoader Creating init config 
42255      DEBUG main            d.u.i.k.p.i.AbstractProblemLoader Init config took 2.45s 
42274      INFO  main            d.u.i.k.p.i.AbstractProblemLoader Replaying proof check_jdiv_instantiated.key.proof 
42411      DEBUG main            d.u.i.k.p.i.IntermediateProofReplayer Proof replay took 111.2ms 
42414      DEBUG main            d.u.i.k.p.r.p.TestFile    ... success: reloaded. 
42415      INFO  main            d.u.i.k.p.r.p.TestFile    Now processing file /home/runner/work/key/key/key.core/../key.ui/examples/standard_key/arith/check_jmod.key 
42415      INFO  main            d.u.i.k.p.i.AbstractProblemLoader Loading environment from /home/runner/work/key/key/key.core/../key.ui/examples/standard_key/arith/check_jmod.key 
42416      DEBUG main            d.u.i.k.p.i.AbstractProblemLoader Environment load took 267.5ns 
42417      INFO  main            d.u.i.k.p.i.AbstractProblemLoader Creating init config 
44846      DEBUG main            d.u.i.k.p.i.AbstractProblemLoader Init config took 2.43s 
44863      INFO  main            d.u.i.k.p.i.AbstractProblemLoader Replaying proof check_jmod.key 
44866      DEBUG main            d.u.i.k.p.i.IntermediateProofReplayer Proof replay took 7.8ns 
45370      INFO  main            d.u.i.k.p.r.p.TestFile    ... finished proof: closed. 
45595      INFO  main            d.u.i.k.p.i.AbstractProblemLoader Loading environment from /home/runner/work/key/key/key.core/../key.ui/examples/standard_key/arith/check_jmod.key.proof 
45596      DEBUG main            d.u.i.k.p.i.AbstractProblemLoader Environment load took 463.91ns 
45597      INFO  main            d.u.i.k.p.i.AbstractProblemLoader Creating init config 
47993      DEBUG main            d.u.i.k.p.i.AbstractProblemLoader Init config took 2.4s 
48011      INFO  main            d.u.i.k.p.i.AbstractProblemLoader Replaying proof check_jmod.key.proof 
48040      DEBUG main            d.u.i.k.p.i.IntermediateProofReplayer Proof replay took 23.72ms 
48042      DEBUG main            d.u.i.k.p.r.p.TestFile    ... success: reloaded. 
48043      INFO  main            d.u.i.k.p.r.p.TestFile    Now processing file /home/runner/work/key/key/key.core/../key.ui/examples/standard_key/arith/complexExpressions.key 
48043      INFO  main            d.u.i.k.p.i.AbstractProblemLoader Loading environment from /home/runner/work/key/key/key.core/../key.ui/examples/standard_key/arith/complexExpressions.key 
48043      DEBUG main            d.u.i.k.p.i.AbstractProblemLoader Environment load took 212ns 
48045      INFO  main            d.u.i.k.p.i.AbstractProblemLoader Creating init config 
50549      DEBUG main            d.u.i.k.p.i.AbstractProblemLoader Init config took 2.5s 
50573      INFO  main            d.u.i.k.p.i.AbstractProblemLoader Replaying proof complexExpressions.key 
50576      DEBUG main            d.u.i.k.p.i.IntermediateProofReplayer Proof replay took 7ns 
50793      INFO  main            d.u.i.k.p.r.p.TestFile    ... finished proof: closed. 
50961      INFO  main            d.u.i.k.p.i.AbstractProblemLoader Loading environment from /home/runner/work/key/key/key.core/../key.ui/examples/standard_key/arith/complexExpressions.key.proof 
50961      DEBUG main            d.u.i.k.p.i.AbstractProblemLoader Environment load took 129.8ns 
50965      INFO  main            d.u.i.k.p.i.AbstractProblemLoader Creating init config 
53386      DEBUG main            d.u.i.k.p.i.AbstractProblemLoader Init config took 2.42s 
53403      INFO  main            d.u.i.k.p.i.AbstractProblemLoader Replaying proof complexExpressions.key.proof 
53412      DEBUG main            d.u.i.k.p.i.IntermediateProofReplayer Proof replay took 6.55ms 
53413      DEBUG main            d.u.i.k.p.r.p.TestFile    ... success: reloaded. 
53414      INFO  main            d.u.i.k.p.r.p.TestFile    Now processing file /home/runner/work/key/key/key.core/../key.ui/examples/standard_key/arith/compound_unaryMinus.key 
53414      INFO  main            d.u.i.k.p.i.AbstractProblemLoader Loading environment from /home/runner/work/key/key/key.core/../key.ui/examples/standard_key/arith/compound_unaryMinus.key 
53414      DEBUG main            d.u.i.k.p.i.AbstractProblemLoader Environment load took 93.4ns 
53415      INFO  main            d.u.i.k.p.i.AbstractProblemLoader Creating init config 
55852      DEBUG main            d.u.i.k.p.i.AbstractProblemLoader Init config took 2.44s 
55870      INFO  main            d.u.i.k.p.i.AbstractProblemLoader Replaying proof compound_unaryMinus.key 
55871      DEBUG main            d.u.i.k.p.i.IntermediateProofReplayer Proof replay took 7.8ns 
55973      INFO  main            d.u.i.k.p.r.p.TestFile    ... finished proof: closed. 
56120      INFO  main            d.u.i.k.p.i.AbstractProblemLoader Loading environment from /home/runner/work/key/key/key.core/../key.ui/examples/standard_key/arith/compound_unaryMinus.key.proof 
56120      DEBUG main            d.u.i.k.p.i.AbstractProblemLoader Environment load took 165.6ns 
56121      INFO  main            d.u.i.k.p.i.AbstractProblemLoader Creating init config 
58555      DEBUG main            d.u.i.k.p.i.AbstractProblemLoader Init config took 2.43s 
58571      INFO  main            d.u.i.k.p.i.AbstractProblemLoader Replaying proof compound_unaryMinus.key.proof 
58576      DEBUG main            d.u.i.k.p.i.IntermediateProofReplayer Proof replay took 3.22ms 
58578      DEBUG main            d.u.i.k.p.r.p.TestFile    ... success: reloaded. 
58579      INFO  main            d.u.i.k.p.r.p.TestFile    Now processing file /home/runner/work/key/key/key.core/../key.ui/examples/standard_key/arith/computation.key 
58579      INFO  main            d.u.i.k.p.i.AbstractProblemLoader Loading environment from /home/runner/work/key/key/key.core/../key.ui/examples/standard_key/arith/computation.key 
58580      DEBUG main            d.u.i.k.p.i.AbstractProblemLoader Environment load took 146.6ns 
58581      INFO  main            d.u.i.k.p.i.AbstractProblemLoader Creating init config 
61049      DEBUG main            d.u.i.k.p.i.AbstractProblemLoader Init config took 2.47s 
61068      INFO  main            d.u.i.k.p.i.AbstractProblemLoader Replaying proof computation.key 
61069      DEBUG main            d.u.i.k.p.i.IntermediateProofReplayer Proof replay took 7ns 
62435      INFO  main            d.u.i.k.p.r.p.TestFile    ... finished proof: closed. 
62649      INFO  main            d.u.i.k.p.i.AbstractProblemLoader Loading environment from /home/runner/work/key/key/key.core/../key.ui/examples/standard_key/arith/computation.key.proof 
62649      DEBUG main            d.u.i.k.p.i.AbstractProblemLoader Environment load took 435.31ns 
62651      INFO  main            d.u.i.k.p.i.AbstractProblemLoader Creating init config 
65016      DEBUG main            d.u.i.k.p.i.AbstractProblemLoader Init config took 2.36s 
65033      INFO  main            d.u.i.k.p.i.AbstractProblemLoader Replaying proof computation.key.proof 
65096      DEBUG main            d.u.i.k.p.i.IntermediateProofReplayer Proof replay took 57.29ms 
65098      DEBUG main            d.u.i.k.p.r.p.TestFile    ... success: reloaded. 
65099      INFO  main            d.u.i.k.p.r.p.TestFile    Now processing file /home/runner/work/key/key/key.core/../key.ui/examples/standard_key/arith/cubicSum.key 
65100      INFO  main            d.u.i.k.p.i.AbstractProblemLoader Loading environment from /home/runner/work/key/key/key.core/../key.ui/examples/standard_key/arith/cubicSum.key 
65100      DEBUG main            d.u.i.k.p.i.AbstractProblemLoader Environment load took 262.5ns 
65101      INFO  main            d.u.i.k.p.i.AbstractProblemLoader Creating init config 
67767      DEBUG main            d.u.i.k.p.i.AbstractProblemLoader Init config took 2.67s 
67783      INFO  main            d.u.i.k.p.i.AbstractProblemLoader Replaying proof cubicSum.key 
67785      DEBUG main            d.u.i.k.p.i.IntermediateProofReplayer Proof replay took 6.6ns 
68893      INFO  main            d.u.i.k.p.r.p.TestFile    ... finished proof: closed. 
69176      INFO  main            d.u.i.k.p.i.AbstractProblemLoader Loading environment from /home/runner/work/key/key/key.core/../key.ui/examples/standard_key/arith/cubicSum.key.proof 
69177      DEBUG main            d.u.i.k.p.i.AbstractProblemLoader Environment load took 1.22ms 
69179      INFO  main            d.u.i.k.p.i.AbstractProblemLoader Creating init config 
71666      DEBUG main            d.u.i.k.p.i.AbstractProblemLoader Init config took 2.49s 
71684      INFO  main            d.u.i.k.p.i.AbstractProblemLoader Replaying proof cubicSum.key.proof 
71758      DEBUG main            d.u.i.k.p.i.IntermediateProofReplayer Proof replay took 70.28ms 
71760      DEBUG main            d.u.i.k.p.r.p.TestFile    ... success: reloaded. 
71761      INFO  main            d.u.i.k.p.r.p.TestFile    Now processing file /home/runner/work/key/key/key.core/../key.ui/examples/standard_key/arith/divByZero.key 
71761      INFO  main            d.u.i.k.p.i.AbstractProblemLoader Loading environment from /home/runner/work/key/key/key.core/../key.ui/examples/standard_key/arith/divByZero.key 
71762      DEBUG main            d.u.i.k.p.i.AbstractProblemLoader Environment load took 227.5ns 
71763      INFO  main            d.u.i.k.p.i.AbstractProblemLoader Creating init config 
74245      DEBUG main            d.u.i.k.p.i.AbstractProblemLoader Init config took 2.48s 
74261      INFO  main            d.u.i.k.p.i.AbstractProblemLoader Replaying proof divByZero.key 
74263      DEBUG main            d.u.i.k.p.i.IntermediateProofReplayer Proof replay took 7.5ns 
74466      INFO  main            d.u.i.k.p.r.p.TestFile    ... finished proof: closed. 
74680      INFO  main            d.u.i.k.p.i.AbstractProblemLoader Loading environment from /home/runner/work/key/key/key.core/../key.ui/examples/standard_key/arith/divByZero.key.proof 
74681      DEBUG main            d.u.i.k.p.i.AbstractProblemLoader Environment load took 135ns 
74682      INFO  main            d.u.i.k.p.i.AbstractProblemLoader Creating init config 
77123      DEBUG main            d.u.i.k.p.i.AbstractProblemLoader Init config took 2.44s 
77139      INFO  main            d.u.i.k.p.i.AbstractProblemLoader Replaying proof divByZero.key.proof 
77172      DEBUG main            d.u.i.k.p.i.IntermediateProofReplayer Proof replay took 29.83ms 
77173      DEBUG main            d.u.i.k.p.r.p.TestFile    ... success: reloaded. 
77174      INFO  main            d.u.i.k.p.r.p.TestFile    Now processing file /home/runner/work/key/key/key.core/../key.ui/examples/standard_key/arith/divisionAssoc.key 
77175      INFO  main            d.u.i.k.p.i.AbstractProblemLoader Loading environment from /home/runner/work/key/key/key.core/../key.ui/examples/standard_key/arith/divisionAssoc.key 
77175      DEBUG main            d.u.i.k.p.i.AbstractProblemLoader Environment load took 235.4ns 
77176      INFO  main            d.u.i.k.p.i.AbstractProblemLoader Creating init config 
79636      DEBUG main            d.u.i.k.p.i.AbstractProblemLoader Init config took 2.46s 
79650      INFO  main            d.u.i.k.p.i.AbstractProblemLoader Replaying proof divisionAssoc.key 
79651      DEBUG main            d.u.i.k.p.i.IntermediateProofReplayer Proof replay took 7ns 
80355      INFO  main            d.u.i.k.p.r.p.TestFile    ... finished proof: closed. 
80588      INFO  main            d.u.i.k.p.i.AbstractProblemLoader Loading environment from /home/runner/work/key/key/key.core/../key.ui/examples/standard_key/arith/divisionAssoc.key.proof 
80588      DEBUG main            d.u.i.k.p.i.AbstractProblemLoader Environment load took 144.6ns 
80589      INFO  main            d.u.i.k.p.i.AbstractProblemLoader Creating init config 
82968      DEBUG main            d.u.i.k.p.i.AbstractProblemLoader Init config took 2.38s 
82991      INFO  main            d.u.i.k.p.i.AbstractProblemLoader Replaying proof divisionAssoc.key.proof 
83023      DEBUG main            d.u.i.k.p.i.IntermediateProofReplayer Proof replay took 26.57ms 
83024      DEBUG main            d.u.i.k.p.r.p.TestFile    ... success: reloaded. 
83026      INFO  main            d.u.i.k.p.r.p.TestFile    Now processing file /home/runner/work/key/key/key.core/../key.ui/examples/standard_key/arith/divisionBy2.key 
83026      INFO  main            d.u.i.k.p.i.AbstractProblemLoader Loading environment from /home/runner/work/key/key/key.core/../key.ui/examples/standard_key/arith/divisionBy2.key 
83026      DEBUG main            d.u.i.k.p.i.AbstractProblemLoader Environment load took 227.8ns 
83027      INFO  main            d.u.i.k.p.i.AbstractProblemLoader Creating init config 
85503      DEBUG main            d.u.i.k.p.i.AbstractProblemLoader Init config took 2.48s 
85517      INFO  main            d.u.i.k.p.i.AbstractProblemLoader Replaying proof divisionBy2.key 
85518      DEBUG main            d.u.i.k.p.i.IntermediateProofReplayer Proof replay took 7.9ns 
85620      INFO  main            d.u.i.k.p.r.p.TestFile    ... finished proof: closed. 
85837      INFO  main            d.u.i.k.p.i.AbstractProblemLoader Loading environment from /home/runner/work/key/key/key.core/../key.ui/examples/standard_key/arith/divisionBy2.key.proof 
85837      DEBUG main            d.u.i.k.p.i.AbstractProblemLoader Environment load took 143.7ns 
85838      INFO  main            d.u.i.k.p.i.AbstractProblemLoader Creating init config 
88236      DEBUG main            d.u.i.k.p.i.AbstractProblemLoader Init config took 2.4s 
88250      INFO  main            d.u.i.k.p.i.AbstractProblemLoader Replaying proof divisionBy2.key.proof 
88256      DEBUG main            d.u.i.k.p.i.IntermediateProofReplayer Proof replay took 3.71ms 
88257      DEBUG main            d.u.i.k.p.r.p.TestFile    ... success: reloaded. 
88258      INFO  main            d.u.i.k.p.r.p.TestFile    Now processing file /home/runner/work/key/key/key.core/../key.ui/examples/standard_key/arith/euclidean/gcdHelp-post.key 
88258      INFO  main            d.u.i.k.p.i.AbstractProblemLoader Loading environment from /home/runner/work/key/key/key.core/../key.ui/examples/standard_key/arith/euclidean/gcdHelp-post.key 
88258      DEBUG main            d.u.i.k.p.i.AbstractProblemLoader Environment load took 191.3ns 
88260      INFO  main            d.u.i.k.p.i.AbstractProblemLoader Creating init config 
90879      DEBUG main            d.u.i.k.p.i.AbstractProblemLoader Init config took 2.62s 
90895      INFO  main            d.u.i.k.p.i.AbstractProblemLoader Replaying proof gcdHelp-post.key 
90896      DEBUG main            d.u.i.k.p.i.IntermediateProofReplayer Proof replay took 7.6ns 
93941      INFO  main            d.u.i.k.p.r.p.TestFile    ... finished proof: closed. 
94234      INFO  main            d.u.i.k.p.i.AbstractProblemLoader Loading environment from /home/runner/work/key/key/key.core/../key.ui/examples/standard_key/arith/euclidean/gcdHelp-post.key.proof 
94235      DEBUG main            d.u.i.k.p.i.AbstractProblemLoader Environment load took 474.01ns 
94237      INFO  main            d.u.i.k.p.i.AbstractProblemLoader Creating init config 
96731      DEBUG main            d.u.i.k.p.i.AbstractProblemLoader Init config took 2.49s 
96747      INFO  main            d.u.i.k.p.i.AbstractProblemLoader Replaying proof gcdHelp-post.key.proof 
96893      DEBUG main            d.u.i.k.p.i.IntermediateProofReplayer Proof replay took 136.31ms 
96895      DEBUG main            d.u.i.k.p.r.p.TestFile    ... success: reloaded. 
96896      INFO  main            d.u.i.k.p.r.p.TestFile    Now processing file /home/runner/work/key/key/key.core/../key.ui/examples/standard_key/arith/gemplusDecimal/add.key 
96897      INFO  main            d.u.i.k.p.i.AbstractProblemLoader Loading environment from /home/runner/work/key/key/key.core/../key.ui/examples/standard_key/arith/gemplusDecimal/add.key 
96897      DEBUG main            d.u.i.k.p.i.AbstractProblemLoader Environment load took 214.6ns 
96899      INFO  main            d.u.i.k.p.i.AbstractProblemLoader Creating init config 
99464      DEBUG main            d.u.i.k.p.i.AbstractProblemLoader Init config took 2.56s 
99495      INFO  main            d.u.i.k.p.i.AbstractProblemLoader Replaying proof add.key 
99498      DEBUG main            d.u.i.k.p.i.IntermediateProofReplayer Proof replay took 6.7ns 
140508     INFO  main            d.u.i.k.p.r.p.TestFile    ... finished proof: closed. 
140879     INFO  main            d.u.i.k.p.i.AbstractProblemLoader Loading environment from /home/runner/work/key/key/key.core/../key.ui/examples/standard_key/arith/gemplusDecimal/add.key.proof 
140879     DEBUG main            d.u.i.k.p.i.AbstractProblemLoader Environment load took 455.11ns 
140887     INFO  main            d.u.i.k.p.i.AbstractProblemLoader Creating init config 
143308     DEBUG main            d.u.i.k.p.i.AbstractProblemLoader Init config took 2.42s 
143325     INFO  main            d.u.i.k.p.i.AbstractProblemLoader Replaying proof add.key.proof 
145343     DEBUG main            d.u.i.k.p.i.IntermediateProofReplayer Proof replay took 1.9s 
145351     DEBUG main            d.u.i.k.p.r.p.TestFile    ... success: reloaded. 
145353     INFO  main            d.u.i.k.p.r.p.TestFile    Now processing file /home/runner/work/key/key/key.core/../key.ui/examples/standard_key/arith/jdivevenodd.key 
145353     INFO  main            d.u.i.k.p.i.AbstractProblemLoader Loading environment from /home/runner/work/key/key/key.core/../key.ui/examples/standard_key/arith/jdivevenodd.key 
145353     DEBUG main            d.u.i.k.p.i.AbstractProblemLoader Environment load took 234.1ns 
145355     INFO  main            d.u.i.k.p.i.AbstractProblemLoader Creating init config 
147802     DEBUG main            d.u.i.k.p.i.AbstractProblemLoader Init config took 2.45s 
147816     INFO  main            d.u.i.k.p.i.AbstractProblemLoader Replaying proof jdivevenodd.key 
147817     DEBUG main            d.u.i.k.p.i.IntermediateProofReplayer Proof replay took 6.3ns 
148022     INFO  main            d.u.i.k.p.r.p.TestFile    ... finished proof: closed. 
148382     INFO  main            d.u.i.k.p.i.AbstractProblemLoader Loading environment from /home/runner/work/key/key/key.core/../key.ui/examples/standard_key/arith/jdivevenodd.key.proof 
148382     DEBUG main            d.u.i.k.p.i.AbstractProblemLoader Environment load took 173ns 
148383     INFO  main            d.u.i.k.p.i.AbstractProblemLoader Creating init config 
150782     DEBUG main            d.u.i.k.p.i.AbstractProblemLoader Init config took 2.4s 
150796     INFO  main            d.u.i.k.p.i.AbstractProblemLoader Replaying proof jdivevenodd.key.proof 
150806     DEBUG main            d.u.i.k.p.i.IntermediateProofReplayer Proof replay took 6.95ms 
150807     DEBUG main            d.u.i.k.p.r.p.TestFile    ... success: reloaded. 
150808     INFO  main            d.u.i.k.p.r.p.TestFile    Now processing file /home/runner/work/key/key/key.core/../key.ui/examples/standard_key/arith/median.key 
150808     INFO  main            d.u.i.k.p.i.AbstractProblemLoader Loading environment from /home/runner/work/key/key/key.core/../key.ui/examples/standard_key/arith/median.key 
150809     DEBUG main            d.u.i.k.p.i.AbstractProblemLoader Environment load took 227.4ns 
150810     INFO  main            d.u.i.k.p.i.AbstractProblemLoader Creating init config 
153177     DEBUG main            d.u.i.k.p.i.AbstractProblemLoader Init config took 2.37s 
153193     INFO  main            d.u.i.k.p.i.AbstractProblemLoader Replaying proof median.key 
153196     DEBUG main            d.u.i.k.p.i.IntermediateProofReplayer Proof replay took 15.6ns 
167307     INFO  main            d.u.i.k.p.r.p.TestFile    ... finished proof: closed. 
167619     INFO  main            d.u.i.k.p.i.AbstractProblemLoader Loading environment from /home/runner/work/key/key/key.core/../key.ui/examples/standard_key/arith/median.key.proof 
167628     DEBUG main            d.u.i.k.p.i.AbstractProblemLoader Environment load took 9.83ms 
167632     INFO  main            d.u.i.k.p.i.AbstractProblemLoader Creating init config 
169968     DEBUG main            d.u.i.k.p.i.AbstractProblemLoader Init config took 2.34s 
169994     INFO  main            d.u.i.k.p.i.AbstractProblemLoader Replaying proof median.key.proof 
170543     DEBUG main            d.u.i.k.p.i.IntermediateProofReplayer Proof replay took 500.91ms 
170547     DEBUG main            d.u.i.k.p.r.p.TestFile    ... success: reloaded. 
170547     INFO  main            d.u.i.k.p.r.p.TestFile    Now processing file /home/runner/work/key/key/key.core/../key.ui/examples/standard_key/arith/mod1.key 
170548     INFO  main            d.u.i.k.p.i.AbstractProblemLoader Loading environment from /home/runner/work/key/key/key.core/../key.ui/examples/standard_key/arith/mod1.key 
170548     DEBUG main            d.u.i.k.p.i.AbstractProblemLoader Environment load took 97.4ns 
170549     INFO  main            d.u.i.k.p.i.AbstractProblemLoader Creating init config 
172913     DEBUG main            d.u.i.k.p.i.AbstractProblemLoader Init config took 2.36s 
172926     INFO  main            d.u.i.k.p.i.AbstractProblemLoader Replaying proof mod1.key 
172928     DEBUG main            d.u.i.k.p.i.IntermediateProofReplayer Proof replay took 6.7ns 
173030     INFO  main            d.u.i.k.p.r.p.TestFile    ... finished proof: closed. 
173338     INFO  main            d.u.i.k.p.i.AbstractProblemLoader Loading environment from /home/runner/work/key/key/key.core/../key.ui/examples/standard_key/arith/mod1.key.proof 
173338     DEBUG main            d.u.i.k.p.i.AbstractProblemLoader Environment load took 131.7ns 
173339     INFO  main            d.u.i.k.p.i.AbstractProblemLoader Creating init config 
175728     DEBUG main            d.u.i.k.p.i.AbstractProblemLoader Init config took 2.39s 
175741     INFO  main            d.u.i.k.p.i.AbstractProblemLoader Replaying proof mod1.key.proof 
175743     DEBUG main            d.u.i.k.p.i.IntermediateProofReplayer Proof replay took 1.41ms 
175744     DEBUG main            d.u.i.k.p.r.p.TestFile    ... success: reloaded. 
175745     INFO  main            d.u.i.k.p.r.p.TestFile    Now processing file /home/runner/work/key/key/key.core/../key.ui/examples/standard_key/arith/mod2.key 
175745     INFO  main            d.u.i.k.p.i.AbstractProblemLoader Loading environment from /home/runner/work/key/key/key.core/../key.ui/examples/standard_key/arith/mod2.key 
175745     DEBUG main            d.u.i.k.p.i.AbstractProblemLoader Environment load took 102.2ns 
175746     INFO  main            d.u.i.k.p.i.AbstractProblemLoader Creating init config 
178100     DEBUG main            d.u.i.k.p.i.AbstractProblemLoader Init config took 2.35s 
178117     INFO  main            d.u.i.k.p.i.AbstractProblemLoader Replaying proof mod2.key 
178120     DEBUG main            d.u.i.k.p.i.IntermediateProofReplayer Proof replay took 7.8ns 
178222     INFO  main            d.u.i.k.p.r.p.TestFile    ... finished proof: closed. 
178451     INFO  main            d.u.i.k.p.i.AbstractProblemLoader Loading environment from /home/runner/work/key/key/key.core/../key.ui/examples/standard_key/arith/mod2.key.proof 
178452     DEBUG main            d.u.i.k.p.i.AbstractProblemLoader Environment load took 115.9ns 
178453     INFO  main            d.u.i.k.p.i.AbstractProblemLoader Creating init config 
180795     DEBUG main            d.u.i.k.p.i.AbstractProblemLoader Init config took 2.34s 
180808     INFO  main            d.u.i.k.p.i.AbstractProblemLoader Replaying proof mod2.key.proof 
180810     DEBUG main            d.u.i.k.p.i.IntermediateProofReplayer Proof replay took 1.02ms 
180811     DEBUG main            d.u.i.k.p.r.p.TestFile    ... success: reloaded. 
180812     INFO  main            d.u.i.k.p.r.p.TestFile    Now processing file /home/runner/work/key/key/key.core/../key.ui/examples/standard_key/arith/mod7.key 
180812     INFO  main            d.u.i.k.p.i.AbstractProblemLoader Loading environment from /home/runner/work/key/key/key.core/../key.ui/examples/standard_key/arith/mod7.key 
180812     DEBUG main            d.u.i.k.p.i.AbstractProblemLoader Environment load took 68.5ns 
180813     INFO  main            d.u.i.k.p.i.AbstractProblemLoader Creating init config 
183210     DEBUG main            d.u.i.k.p.i.AbstractProblemLoader Init config took 2.4s 
183243     INFO  main            d.u.i.k.p.i.AbstractProblemLoader Replaying proof mod7.key 
183244     DEBUG main            d.u.i.k.p.i.IntermediateProofReplayer Proof replay took 7.8ns 
183350     INFO  main            d.u.i.k.p.r.p.TestFile    ... finished proof: closed. 
183581     INFO  main            d.u.i.k.p.i.AbstractProblemLoader Loading environment from /home/runner/work/key/key/key.core/../key.ui/examples/standard_key/arith/mod7.key.proof 
183581     DEBUG main            d.u.i.k.p.i.AbstractProblemLoader Environment load took 95.7ns 
183582     INFO  main            d.u.i.k.p.i.AbstractProblemLoader Creating init config 
185936     DEBUG main            d.u.i.k.p.i.AbstractProblemLoader Init config took 2.35s 
185949     INFO  main            d.u.i.k.p.i.AbstractProblemLoader Replaying proof mod7.key.proof 
185954     DEBUG main            d.u.i.k.p.i.IntermediateProofReplayer Proof replay took 2.87ms 
185954     DEBUG main            d.u.i.k.p.r.p.TestFile    ... success: reloaded. 
185955     INFO  main            d.u.i.k.p.r.p.TestFile    Now processing file /home/runner/work/key/key/key.core/../key.ui/examples/standard_key/arith/overflow_hija.key 
185955     INFO  main            d.u.i.k.p.i.AbstractProblemLoader Loading environment from /home/runner/work/key/key/key.core/../key.ui/examples/standard_key/arith/overflow_hija.key 
185955     DEBUG main            d.u.i.k.p.i.AbstractProblemLoader Environment load took 85.6ns 
185957     INFO  main            d.u.i.k.p.i.AbstractProblemLoader Creating init config 
188393     DEBUG main            d.u.i.k.p.i.AbstractProblemLoader Init config took 2.44s 
188409     INFO  main            d.u.i.k.p.i.AbstractProblemLoader Replaying proof overflow_hija.key 
188412     DEBUG main            d.u.i.k.p.i.IntermediateProofReplayer Proof replay took 7.6ns 
192838     INFO  main            d.u.i.k.p.r.p.TestFile    ... finished proof: closed. 
193120     INFO  main            d.u.i.k.p.i.AbstractProblemLoader Loading environment from /home/runner/work/key/key/key.core/../key.ui/examples/standard_key/arith/overflow_hija.key.proof 
193120     DEBUG main            d.u.i.k.p.i.AbstractProblemLoader Environment load took 425.21ns 
193123     INFO  main            d.u.i.k.p.i.AbstractProblemLoader Creating init config 
195491     DEBUG main            d.u.i.k.p.i.AbstractProblemLoader Init config took 2.37s 
195508     INFO  main            d.u.i.k.p.i.AbstractProblemLoader Replaying proof overflow_hija.key.proof 
195656     DEBUG main            d.u.i.k.p.i.IntermediateProofReplayer Proof replay took 137.14ms 
195658     DEBUG main            d.u.i.k.p.r.p.TestFile    ... success: reloaded. 
195659     INFO  main            d.u.i.k.p.r.p.TestFile    Now processing file /home/runner/work/key/key/key.core/../key.ui/examples/standard_key/arith/poly_division0.key 
195660     INFO  main            d.u.i.k.p.i.AbstractProblemLoader Loading environment from /home/runner/work/key/key/key.core/../key.ui/examples/standard_key/arith/poly_division0.key 
195660     DEBUG main            d.u.i.k.p.i.AbstractProblemLoader Environment load took 199.8ns 
195661     INFO  main            d.u.i.k.p.i.AbstractProblemLoader Creating init config 
198079     DEBUG main            d.u.i.k.p.i.AbstractProblemLoader Init config took 2.42s 
198092     INFO  main            d.u.i.k.p.i.AbstractProblemLoader Replaying proof poly_division0.key 
198093     DEBUG main            d.u.i.k.p.i.IntermediateProofReplayer Proof replay took 6.3ns 
198199     INFO  main            d.u.i.k.p.r.p.TestFile    ... finished proof: closed. 
198516     INFO  main            d.u.i.k.p.i.AbstractProblemLoader Loading environment from /home/runner/work/key/key/key.core/../key.ui/examples/standard_key/arith/poly_division0.key.proof 
198516     DEBUG main            d.u.i.k.p.i.AbstractProblemLoader Environment load took 109.5ns 
198518     INFO  main            d.u.i.k.p.i.AbstractProblemLoader Creating init config 
200833     DEBUG main            d.u.i.k.p.i.AbstractProblemLoader Init config took 2.32s 
200846     INFO  main            d.u.i.k.p.i.AbstractProblemLoader Replaying proof poly_division0.key.proof 
200852     DEBUG main            d.u.i.k.p.i.IntermediateProofReplayer Proof replay took 3.41ms 
200853     DEBUG main            d.u.i.k.p.r.p.TestFile    ... success: reloaded. 
200853     INFO  main            d.u.i.k.p.r.p.TestFile    Now processing file /home/runner/work/key/key/key.core/../key.ui/examples/standard_key/arith/poly_division1.key 
200853     INFO  main            d.u.i.k.p.i.AbstractProblemLoader Loading environment from /home/runner/work/key/key/key.core/../key.ui/examples/standard_key/arith/poly_division1.key 
200853     DEBUG main            d.u.i.k.p.i.AbstractProblemLoader Environment load took 73.3ns 
200854     INFO  main            d.u.i.k.p.i.AbstractProblemLoader Creating init config 
203218     DEBUG main            d.u.i.k.p.i.AbstractProblemLoader Init config took 2.36s 
203234     INFO  main            d.u.i.k.p.i.AbstractProblemLoader Replaying proof poly_division1.key 
203235     DEBUG main            d.u.i.k.p.i.IntermediateProofReplayer Proof replay took 7.1ns 
203337     INFO  main            d.u.i.k.p.r.p.TestFile    ... finished proof: closed. 
203595     INFO  main            d.u.i.k.p.i.AbstractProblemLoader Loading environment from /home/runner/work/key/key/key.core/../key.ui/examples/standard_key/arith/poly_division1.key.proof 
203595     DEBUG main            d.u.i.k.p.i.AbstractProblemLoader Environment load took 110.2ns 
203596     INFO  main            d.u.i.k.p.i.AbstractProblemLoader Creating init config 
205928     DEBUG main            d.u.i.k.p.i.AbstractProblemLoader Init config took 2.33s 
205942     INFO  main            d.u.i.k.p.i.AbstractProblemLoader Replaying proof poly_division1.key.proof 
205946     DEBUG main            d.u.i.k.p.i.IntermediateProofReplayer Proof replay took 2.92ms 
205947     DEBUG main            d.u.i.k.p.r.p.TestFile    ... success: reloaded. 
205947     INFO  main            d.u.i.k.p.r.p.TestFile    Now processing file /home/runner/work/key/key/key.core/../key.ui/examples/standard_key/inEqSimp/division.key 
205947     INFO  main            d.u.i.k.p.i.AbstractProblemLoader Loading environment from /home/runner/work/key/key/key.core/../key.ui/examples/standard_key/inEqSimp/division.key 
205948     DEBUG main            d.u.i.k.p.i.AbstractProblemLoader Environment load took 66.3ns 
205948     INFO  main            d.u.i.k.p.i.AbstractProblemLoader Creating init config 
208348     DEBUG main            d.u.i.k.p.i.AbstractProblemLoader Init config took 2.4s 
208364     INFO  main            d.u.i.k.p.i.AbstractProblemLoader Replaying proof division.key 
208365     DEBUG main            d.u.i.k.p.i.IntermediateProofReplayer Proof replay took 7.5ns 
210271     INFO  main            d.u.i.k.p.r.p.TestFile    ... finished proof: closed. 
210545     INFO  main            d.u.i.k.p.i.AbstractProblemLoader Loading environment from /home/runner/work/key/key/key.core/../key.ui/examples/standard_key/inEqSimp/division.key.proof 
210546     DEBUG main            d.u.i.k.p.i.AbstractProblemLoader Environment load took 397.61ns 
210547     INFO  main            d.u.i.k.p.i.AbstractProblemLoader Creating init config 
212877     DEBUG main            d.u.i.k.p.i.AbstractProblemLoader Init config took 2.33s 
212890     INFO  main            d.u.i.k.p.i.AbstractProblemLoader Replaying proof division.key.proof 
212944     DEBUG main            d.u.i.k.p.i.IntermediateProofReplayer Proof replay took 46.34ms 
212945     DEBUG main            d.u.i.k.p.r.p.TestFile    ... success: reloaded. 
212946     INFO  main            d.u.i.k.p.r.p.TestFile    Now processing file /home/runner/work/key/key/key.core/../key.ui/examples/standard_key/inEqSimp/inequations0.key 
212947     INFO  main            d.u.i.k.p.i.AbstractProblemLoader Loading environment from /home/runner/work/key/key/key.core/../key.ui/examples/standard_key/inEqSimp/inequations0.key 
212947     DEBUG main            d.u.i.k.p.i.AbstractProblemLoader Environment load took 205.1ns 
212948     INFO  main            d.u.i.k.p.i.AbstractProblemLoader Creating init config 
215358     DEBUG main            d.u.i.k.p.i.AbstractProblemLoader Init config took 2.41s 
215372     INFO  main            d.u.i.k.p.i.AbstractProblemLoader Replaying proof inequations0.key 
215373     DEBUG main            d.u.i.k.p.i.IntermediateProofReplayer Proof replay took 36.8ns 
215477     INFO  main            d.u.i.k.p.r.p.TestFile    ... finished proof: closed. 
215762     INFO  main            d.u.i.k.p.i.AbstractProblemLoader Loading environment from /home/runner/work/key/key/key.core/../key.ui/examples/standard_key/inEqSimp/inequations0.key.proof 
215762     DEBUG main            d.u.i.k.p.i.AbstractProblemLoader Environment load took 107.7ns 
215763     INFO  main            d.u.i.k.p.i.AbstractProblemLoader Creating init config 
218098     DEBUG main            d.u.i.k.p.i.AbstractProblemLoader Init config took 2.33s 
218111     INFO  main            d.u.i.k.p.i.AbstractProblemLoader Replaying proof inequations0.key.proof 
218114     DEBUG main            d.u.i.k.p.i.IntermediateProofReplayer Proof replay took 1.56ms 
218114     DEBUG main            d.u.i.k.p.r.p.TestFile    ... success: reloaded. 
218115     INFO  main            d.u.i.k.p.r.p.TestFile    Now processing file /home/runner/work/key/key/key.core/../key.ui/examples/standard_key/inEqSimp/inequations1.key 
218115     INFO  main            d.u.i.k.p.i.AbstractProblemLoader Loading environment from /home/runner/work/key/key/key.core/../key.ui/examples/standard_key/inEqSimp/inequations1.key 
218115     DEBUG main            d.u.i.k.p.i.AbstractProblemLoader Environment load took 74.7ns 
218116     INFO  main            d.u.i.k.p.i.AbstractProblemLoader Creating init config 
220477     DEBUG main            d.u.i.k.p.i.AbstractProblemLoader Init config took 2.36s 
220490     INFO  main            d.u.i.k.p.i.AbstractProblemLoader Replaying proof inequations1.key 
220491     DEBUG main            d.u.i.k.p.i.IntermediateProofReplayer Proof replay took 4.3ns 
220593     INFO  main            d.u.i.k.p.r.p.TestFile    ... finished proof: closed. 
220857     INFO  main            d.u.i.k.p.i.AbstractProblemLoader Loading environment from /home/runner/work/key/key/key.core/../key.ui/examples/standard_key/inEqSimp/inequations1.key.proof 
220857     DEBUG main            d.u.i.k.p.i.AbstractProblemLoader Environment load took 97.7ns 
220858     INFO  main            d.u.i.k.p.i.AbstractProblemLoader Creating init config 
223194     DEBUG main            d.u.i.k.p.i.AbstractProblemLoader Init config took 2.34s 
223207     INFO  main            d.u.i.k.p.i.AbstractProblemLoader Replaying proof inequations1.key.proof 
223209     DEBUG main            d.u.i.k.p.i.IntermediateProofReplayer Proof replay took 811.51ns 
223210     DEBUG main            d.u.i.k.p.r.p.TestFile    ... success: reloaded. 
223211     INFO  main            d.u.i.k.p.r.p.TestFile    Now processing file /home/runner/work/key/key/key.core/../key.ui/examples/standard_key/inEqSimp/inequations2.key 
223211     INFO  main            d.u.i.k.p.i.AbstractProblemLoader Loading environment from /home/runner/work/key/key/key.core/../key.ui/examples/standard_key/inEqSimp/inequations2.key 
223211     DEBUG main            d.u.i.k.p.i.AbstractProblemLoader Environment load took 80.5ns 
223212     INFO  main            d.u.i.k.p.i.AbstractProblemLoader Creating init config 
225572     DEBUG main            d.u.i.k.p.i.AbstractProblemLoader Init config took 2.36s 
225584     INFO  main            d.u.i.k.p.i.AbstractProblemLoader Replaying proof inequations2.key 
225586     DEBUG main            d.u.i.k.p.i.IntermediateProofReplayer Proof replay took 4ns 
225688     INFO  main            d.u.i.k.p.r.p.TestFile    ... finished proof: closed. 
225957     INFO  main            d.u.i.k.p.i.AbstractProblemLoader Loading environment from /home/runner/work/key/key/key.core/../key.ui/examples/standard_key/inEqSimp/inequations2.key.proof 
225957     DEBUG main            d.u.i.k.p.i.AbstractProblemLoader Environment load took 109.5ns 
225958     INFO  main            d.u.i.k.p.i.AbstractProblemLoader Creating init config 
228305     DEBUG main            d.u.i.k.p.i.AbstractProblemLoader Init config took 2.35s 
228318     INFO  main            d.u.i.k.p.i.AbstractProblemLoader Replaying proof inequations2.key.proof 
228321     DEBUG main            d.u.i.k.p.i.IntermediateProofReplayer Proof replay took 1.12ms 
228322     DEBUG main            d.u.i.k.p.r.p.TestFile    ... success: reloaded. 
228323     INFO  main            d.u.i.k.p.r.p.TestFile    Now processing file /home/runner/work/key/key/key.core/../key.ui/examples/standard_key/inEqSimp/linApprox.key 
228323     INFO  main            d.u.i.k.p.i.AbstractProblemLoader Loading environment from /home/runner/work/key/key/key.core/../key.ui/examples/standard_key/inEqSimp/linApprox.key 
228323     DEBUG main            d.u.i.k.p.i.AbstractProblemLoader Environment load took 78.1ns 
228324     INFO  main            d.u.i.k.p.i.AbstractProblemLoader Creating init config 
230714     DEBUG main            d.u.i.k.p.i.AbstractProblemLoader Init config took 2.39s 
230727     INFO  main            d.u.i.k.p.i.AbstractProblemLoader Replaying proof linApprox.key 
230728     DEBUG main            d.u.i.k.p.i.IntermediateProofReplayer Proof replay took 3.5ns 
230831     INFO  main            d.u.i.k.p.r.p.TestFile    ... finished proof: closed. 
231107     INFO  main            d.u.i.k.p.i.AbstractProblemLoader Loading environment from /home/runner/work/key/key/key.core/../key.ui/examples/standard_key/inEqSimp/linApprox.key.proof 
231107     DEBUG main            d.u.i.k.p.i.AbstractProblemLoader Environment load took 106.1ns 
231108     INFO  main            d.u.i.k.p.i.AbstractProblemLoader Creating init config 
233430     DEBUG main            d.u.i.k.p.i.AbstractProblemLoader Init config took 2.32s 
233443     INFO  main            d.u.i.k.p.i.AbstractProblemLoader Replaying proof linApprox.key.proof 
233445     DEBUG main            d.u.i.k.p.i.IntermediateProofReplayer Proof replay took 1.35ms 
233446     DEBUG main            d.u.i.k.p.r.p.TestFile    ... success: reloaded. 
233447     INFO  main            d.u.i.k.p.r.p.TestFile    Now processing file /home/runner/work/key/key/key.core/../key.ui/examples/standard_key/inEqSimp/nonLinInEqExample0.key 
233447     INFO  main            d.u.i.k.p.i.AbstractProblemLoader Loading environment from /home/runner/work/key/key/key.core/../key.ui/examples/standard_key/inEqSimp/nonLinInEqExample0.key 
233447     DEBUG main            d.u.i.k.p.i.AbstractProblemLoader Environment load took 48ns 
233448     INFO  main            d.u.i.k.p.i.AbstractProblemLoader Creating init config 
235856     DEBUG main            d.u.i.k.p.i.AbstractProblemLoader Init config took 2.41s 
235869     INFO  main            d.u.i.k.p.i.AbstractProblemLoader Replaying proof nonLinInEqExample0.key 
235870     DEBUG main            d.u.i.k.p.i.IntermediateProofReplayer Proof replay took 3.8ns 
235973     INFO  main            d.u.i.k.p.r.p.TestFile    ... finished proof: closed. 
236254     INFO  main            d.u.i.k.p.i.AbstractProblemLoader Loading environment from /home/runner/work/key/key/key.core/../key.ui/examples/standard_key/inEqSimp/nonLinInEqExample0.key.proof 
236254     DEBUG main            d.u.i.k.p.i.AbstractProblemLoader Environment load took 89.8ns 
236255     INFO  main            d.u.i.k.p.i.AbstractProblemLoader Creating init config 
238568     DEBUG main            d.u.i.k.p.i.AbstractProblemLoader Init config took 2.31s 
238581     INFO  main            d.u.i.k.p.i.AbstractProblemLoader Replaying proof nonLinInEqExample0.key.proof 
238583     DEBUG main            d.u.i.k.p.i.IntermediateProofReplayer Proof replay took 533.81ns 
238583     DEBUG main            d.u.i.k.p.r.p.TestFile    ... success: reloaded. 
238584     INFO  main            d.u.i.k.p.r.p.TestFile    Now processing file /home/runner/work/key/key/key.core/../key.ui/examples/standard_key/inEqSimp/nonLinInEqExample2.key 
238584     INFO  main            d.u.i.k.p.i.AbstractProblemLoader Loading environment from /home/runner/work/key/key/key.core/../key.ui/examples/standard_key/inEqSimp/nonLinInEqExample2.key 
238584     DEBUG main            d.u.i.k.p.i.AbstractProblemLoader Environment load took 70.1ns 
238585     INFO  main            d.u.i.k.p.i.AbstractProblemLoader Creating init config 
240978     DEBUG main            d.u.i.k.p.i.AbstractProblemLoader Init config took 2.39s 
240991     INFO  main            d.u.i.k.p.i.AbstractProblemLoader Replaying proof nonLinInEqExample2.key 
240993     DEBUG main            d.u.i.k.p.i.IntermediateProofReplayer Proof replay took 3.9ns 
241296     INFO  main            d.u.i.k.p.r.p.TestFile    ... finished proof: closed. 
241598     INFO  main            d.u.i.k.p.i.AbstractProblemLoader Loading environment from /home/runner/work/key/key/key.core/../key.ui/examples/standard_key/inEqSimp/nonLinInEqExample2.key.proof 
241604     DEBUG main            d.u.i.k.p.i.AbstractProblemLoader Environment load took 6.1ms 
241607     INFO  main            d.u.i.k.p.i.AbstractProblemLoader Creating init config 
243955     DEBUG main            d.u.i.k.p.i.AbstractProblemLoader Init config took 2.35s 
243969     INFO  main            d.u.i.k.p.i.AbstractProblemLoader Replaying proof nonLinInEqExample2.key.proof 
243992     DEBUG main            d.u.i.k.p.i.IntermediateProofReplayer Proof replay took 19.44ms 
243993     DEBUG main            d.u.i.k.p.r.p.TestFile    ... success: reloaded. 
243994     INFO  main            d.u.i.k.p.r.p.TestFile    Now processing file /home/runner/work/key/key/key.core/../key.ui/examples/standard_key/inEqSimp/nonLinInEqExample3.key 
243994     INFO  main            d.u.i.k.p.i.AbstractProblemLoader Loading environment from /home/runner/work/key/key/key.core/../key.ui/examples/standard_key/inEqSimp/nonLinInEqExample3.key 
243994     DEBUG main            d.u.i.k.p.i.AbstractProblemLoader Environment load took 86.9ns 
243995     INFO  main            d.u.i.k.p.i.AbstractProblemLoader Creating init config 
246370     DEBUG main            d.u.i.k.p.i.AbstractProblemLoader Init config took 2.37s 
246383     INFO  main            d.u.i.k.p.i.AbstractProblemLoader Replaying proof nonLinInEqExample3.key 
246384     DEBUG main            d.u.i.k.p.i.IntermediateProofReplayer Proof replay took 4.1ns 
246587     INFO  main            d.u.i.k.p.r.p.TestFile    ... finished proof: closed. 
246896     INFO  main            d.u.i.k.p.i.AbstractProblemLoader Loading environment from /home/runner/work/key/key/key.core/../key.ui/examples/standard_key/inEqSimp/nonLinInEqExample3.key.proof 
246896     DEBUG main            d.u.i.k.p.i.AbstractProblemLoader Environment load took 96.3ns 
246897     INFO  main            d.u.i.k.p.i.AbstractProblemLoader Creating init config 
249241     DEBUG main            d.u.i.k.p.i.AbstractProblemLoader Init config took 2.34s 
249254     INFO  main            d.u.i.k.p.i.AbstractProblemLoader Replaying proof nonLinInEqExample3.key.proof 
249267     DEBUG main            d.u.i.k.p.i.IntermediateProofReplayer Proof replay took 10.46ms 
249268     DEBUG main            d.u.i.k.p.r.p.TestFile    ... success: reloaded. 
249268     INFO  main            d.u.i.k.p.r.p.TestFile    Now processing file /home/runner/work/key/key/key.core/../key.ui/examples/standard_key/inEqSimp/nonLinInEqExample4.key 
249269     INFO  main            d.u.i.k.p.i.AbstractProblemLoader Loading environment from /home/runner/work/key/key/key.core/../key.ui/examples/standard_key/inEqSimp/nonLinInEqExample4.key 
249269     DEBUG main            d.u.i.k.p.i.AbstractProblemLoader Environment load took 66.8ns 
249270     INFO  main            d.u.i.k.p.i.AbstractProblemLoader Creating init config 
251631     DEBUG main            d.u.i.k.p.i.AbstractProblemLoader Init config took 2.36s 
251644     INFO  main            d.u.i.k.p.i.AbstractProblemLoader Replaying proof nonLinInEqExample4.key 
251645     DEBUG main            d.u.i.k.p.i.IntermediateProofReplayer Proof replay took 3.1ns 
251747     INFO  main            d.u.i.k.p.r.p.TestFile    ... finished proof: closed. 
252051     INFO  main            d.u.i.k.p.i.AbstractProblemLoader Loading environment from /home/runner/work/key/key/key.core/../key.ui/examples/standard_key/inEqSimp/nonLinInEqExample4.key.proof 
252051     DEBUG main            d.u.i.k.p.i.AbstractProblemLoader Environment load took 98.7ns 
252052     INFO  main            d.u.i.k.p.i.AbstractProblemLoader Creating init config 
254367     DEBUG main            d.u.i.k.p.i.AbstractProblemLoader Init config took 2.31s 
254380     INFO  main            d.u.i.k.p.i.AbstractProblemLoader Replaying proof nonLinInEqExample4.key.proof 
254384     DEBUG main            d.u.i.k.p.i.IntermediateProofReplayer Proof replay took 2.54ms 
254385     DEBUG main            d.u.i.k.p.r.p.TestFile    ... success: reloaded. 
254386     INFO  main            d.u.i.k.p.r.p.TestFile    Now processing file /home/runner/work/key/key/key.core/../key.ui/examples/standard_key/inEqSimp/quadraticInEq.key 
254386     INFO  main            d.u.i.k.p.i.AbstractProblemLoader Loading environment from /home/runner/work/key/key/key.core/../key.ui/examples/standard_key/inEqSimp/quadraticInEq.key 
254386     DEBUG main            d.u.i.k.p.i.AbstractProblemLoader Environment load took 61.3ns 
254387     INFO  main            d.u.i.k.p.i.AbstractProblemLoader Creating init config 
256747     DEBUG main            d.u.i.k.p.i.AbstractProblemLoader Init config took 2.36s 
256777     INFO  main            d.u.i.k.p.i.AbstractProblemLoader Replaying proof quadraticInEq.key 
256779     DEBUG main            d.u.i.k.p.i.IntermediateProofReplayer Proof replay took 3.7ns 
257083     INFO  main            d.u.i.k.p.r.p.TestFile    ... finished proof: closed. 
257394     INFO  main            d.u.i.k.p.i.AbstractProblemLoader Loading environment from /home/runner/work/key/key/key.core/../key.ui/examples/standard_key/inEqSimp/quadraticInEq.key.proof 
257400     DEBUG main            d.u.i.k.p.i.AbstractProblemLoader Environment load took 6.23ms 
257402     INFO  main            d.u.i.k.p.i.AbstractProblemLoader Creating init config 
259738     DEBUG main            d.u.i.k.p.i.AbstractProblemLoader Init config took 2.34s 
259762     INFO  main            d.u.i.k.p.i.AbstractProblemLoader Replaying proof quadraticInEq.key.proof 
259791     DEBUG main            d.u.i.k.p.i.IntermediateProofReplayer Proof replay took 24.69ms 
259792     DEBUG main            d.u.i.k.p.r.p.TestFile    ... success: reloaded. 
259793     INFO  main            d.u.i.k.p.r.p.TestFile    Now processing file /home/runner/work/key/key/key.core/../key.ui/examples/standard_key/inEqSimp/quadraticInEq10.key 
259793     INFO  main            d.u.i.k.p.i.AbstractProblemLoader Loading environment from /home/runner/work/key/key/key.core/../key.ui/examples/standard_key/inEqSimp/quadraticInEq10.key 
259793     DEBUG main            d.u.i.k.p.i.AbstractProblemLoader Environment load took 73.6ns 
259794     INFO  main            d.u.i.k.p.i.AbstractProblemLoader Creating init config 
262167     DEBUG main            d.u.i.k.p.i.AbstractProblemLoader Init config took 2.37s 
262180     INFO  main            d.u.i.k.p.i.AbstractProblemLoader Replaying proof quadraticInEq10.key 
262181     DEBUG main            d.u.i.k.p.i.IntermediateProofReplayer Proof replay took 3.1ns 
262384     INFO  main            d.u.i.k.p.r.p.TestFile    ... finished proof: closed. 
262705     INFO  main            d.u.i.k.p.i.AbstractProblemLoader Loading environment from /home/runner/work/key/key/key.core/../key.ui/examples/standard_key/inEqSimp/quadraticInEq10.key.proof 
262705     DEBUG main            d.u.i.k.p.i.AbstractProblemLoader Environment load took 106.9ns 
262706     INFO  main            d.u.i.k.p.i.AbstractProblemLoader Creating init config 
265049     DEBUG main            d.u.i.k.p.i.AbstractProblemLoader Init config took 2.34s 
265062     INFO  main            d.u.i.k.p.i.AbstractProblemLoader Replaying proof quadraticInEq10.key.proof 
265071     DEBUG main            d.u.i.k.p.i.IntermediateProofReplayer Proof replay took 7.16ms 
265072     DEBUG main            d.u.i.k.p.r.p.TestFile    ... success: reloaded. 
265072     INFO  main            d.u.i.k.p.r.p.TestFile    Now processing file /home/runner/work/key/key/key.core/../key.ui/examples/standard_key/inEqSimp/quadraticInEq13.key 
265073     INFO  main            d.u.i.k.p.i.AbstractProblemLoader Loading environment from /home/runner/work/key/key/key.core/../key.ui/examples/standard_key/inEqSimp/quadraticInEq13.key 
265073     DEBUG main            d.u.i.k.p.i.AbstractProblemLoader Environment load took 67.6ns 
265074     INFO  main            d.u.i.k.p.i.AbstractProblemLoader Creating init config 
267465     DEBUG main            d.u.i.k.p.i.AbstractProblemLoader Init config took 2.39s 
267478     INFO  main            d.u.i.k.p.i.AbstractProblemLoader Replaying proof quadraticInEq13.key 
267479     DEBUG main            d.u.i.k.p.i.IntermediateProofReplayer Proof replay took 3.3ns 
267681     INFO  main            d.u.i.k.p.r.p.TestFile    ... finished proof: closed. 
268013     INFO  main            d.u.i.k.p.i.AbstractProblemLoader Loading environment from /home/runner/work/key/key/key.core/../key.ui/examples/standard_key/inEqSimp/quadraticInEq13.key.proof 
268013     DEBUG main            d.u.i.k.p.i.AbstractProblemLoader Environment load took 102.4ns 
268015     INFO  main            d.u.i.k.p.i.AbstractProblemLoader Creating init config 
270324     DEBUG main            d.u.i.k.p.i.AbstractProblemLoader Init config took 2.31s 
270337     INFO  main            d.u.i.k.p.i.AbstractProblemLoader Replaying proof quadraticInEq13.key.proof 
270348     DEBUG main            d.u.i.k.p.i.IntermediateProofReplayer Proof replay took 8.5ms 
270348     DEBUG main            d.u.i.k.p.r.p.TestFile    ... success: reloaded. 
270349     INFO  main            d.u.i.k.p.r.p.TestFile    Now processing file /home/runner/work/key/key/key.core/../key.ui/examples/standard_key/inEqSimp/quadraticInEq14.key 
270349     INFO  main            d.u.i.k.p.i.AbstractProblemLoader Loading environment from /home/runner/work/key/key/key.core/../key.ui/examples/standard_key/inEqSimp/quadraticInEq14.key 
270349     DEBUG main            d.u.i.k.p.i.AbstractProblemLoader Environment load took 45.2ns 
270350     INFO  main            d.u.i.k.p.i.AbstractProblemLoader Creating init config 
272688     DEBUG main            d.u.i.k.p.i.AbstractProblemLoader Init config took 2.34s 
272701     INFO  main            d.u.i.k.p.i.AbstractProblemLoader Replaying proof quadraticInEq14.key 
272702     DEBUG main            d.u.i.k.p.i.IntermediateProofReplayer Proof replay took 3.6ns 
273006     INFO  main            d.u.i.k.p.r.p.TestFile    ... finished proof: closed. 
273329     INFO  main            d.u.i.k.p.i.AbstractProblemLoader Loading environment from /home/runner/work/key/key/key.core/../key.ui/examples/standard_key/inEqSimp/quadraticInEq14.key.proof 
273329     DEBUG main            d.u.i.k.p.i.AbstractProblemLoader Environment load took 88.9ns 
273330     INFO  main            d.u.i.k.p.i.AbstractProblemLoader Creating init config 
275637     DEBUG main            d.u.i.k.p.i.AbstractProblemLoader Init config took 2.31s 
275649     INFO  main            d.u.i.k.p.i.AbstractProblemLoader Replaying proof quadraticInEq14.key.proof 
275663     DEBUG main            d.u.i.k.p.i.IntermediateProofReplayer Proof replay took 10.75ms 
275663     DEBUG main            d.u.i.k.p.r.p.TestFile    ... success: reloaded. 
275664     INFO  main            d.u.i.k.p.r.p.TestFile    Now processing file /home/runner/work/key/key/key.core/../key.ui/examples/standard_key/inEqSimp/quadraticInEq2.key 
275664     INFO  main            d.u.i.k.p.i.AbstractProblemLoader Loading environment from /home/runner/work/key/key/key.core/../key.ui/examples/standard_key/inEqSimp/quadraticInEq2.key 
275664     DEBUG main            d.u.i.k.p.i.AbstractProblemLoader Environment load took 62ns 
275665     INFO  main            d.u.i.k.p.i.AbstractProblemLoader Creating init config 
278000     DEBUG main            d.u.i.k.p.i.AbstractProblemLoader Init config took 2.33s 
278013     INFO  main            d.u.i.k.p.i.AbstractProblemLoader Replaying proof quadraticInEq2.key 
278015     DEBUG main            d.u.i.k.p.i.IntermediateProofReplayer Proof replay took 4.5ns 
278118     INFO  main            d.u.i.k.p.r.p.TestFile    ... finished proof: closed. 
278460     INFO  main            d.u.i.k.p.i.AbstractProblemLoader Loading environment from /home/runner/work/key/key/key.core/../key.ui/examples/standard_key/inEqSimp/quadraticInEq2.key.proof 
278460     DEBUG main            d.u.i.k.p.i.AbstractProblemLoader Environment load took 86ns 
278461     INFO  main            d.u.i.k.p.i.AbstractProblemLoader Creating init config 
280765     DEBUG main            d.u.i.k.p.i.AbstractProblemLoader Init config took 2.3s 
280778     INFO  main            d.u.i.k.p.i.AbstractProblemLoader Replaying proof quadraticInEq2.key.proof 
280781     DEBUG main            d.u.i.k.p.i.IntermediateProofReplayer Proof replay took 1.68ms 
280782     DEBUG main            d.u.i.k.p.r.p.TestFile    ... success: reloaded. 
280783     INFO  main            d.u.i.k.p.r.p.TestFile    Now processing file /home/runner/work/key/key/key.core/../key.ui/examples/standard_key/inEqSimp/quadraticInEq3.key 
280783     INFO  main            d.u.i.k.p.i.AbstractProblemLoader Loading environment from /home/runner/work/key/key/key.core/../key.ui/examples/standard_key/inEqSimp/quadraticInEq3.key 
280783     DEBUG main            d.u.i.k.p.i.AbstractProblemLoader Environment load took 65.7ns 
280784     INFO  main            d.u.i.k.p.i.AbstractProblemLoader Creating init config 
283126     DEBUG main            d.u.i.k.p.i.AbstractProblemLoader Init config took 2.34s 
283140     INFO  main            d.u.i.k.p.i.AbstractProblemLoader Replaying proof quadraticInEq3.key 
283141     DEBUG main            d.u.i.k.p.i.IntermediateProofReplayer Proof replay took 2.9ns 
283243     INFO  main            d.u.i.k.p.r.p.TestFile    ... finished proof: closed. 
283573     INFO  main            d.u.i.k.p.i.AbstractProblemLoader Loading environment from /home/runner/work/key/key/key.core/../key.ui/examples/standard_key/inEqSimp/quadraticInEq3.key.proof 
283573     DEBUG main            d.u.i.k.p.i.AbstractProblemLoader Environment load took 87.6ns 
283574     INFO  main            d.u.i.k.p.i.AbstractProblemLoader Creating init config 
285879     DEBUG main            d.u.i.k.p.i.AbstractProblemLoader Init config took 2.3s 
285892     INFO  main            d.u.i.k.p.i.AbstractProblemLoader Replaying proof quadraticInEq3.key.proof 
285898     DEBUG main            d.u.i.k.p.i.IntermediateProofReplayer Proof replay took 4.36ms 
285899     DEBUG main            d.u.i.k.p.r.p.TestFile    ... success: reloaded. 
285900     INFO  main            d.u.i.k.p.r.p.TestFile    Now processing file /home/runner/work/key/key/key.core/../key.ui/examples/standard_key/inEqSimp/quadraticInEq4.key 
285900     INFO  main            d.u.i.k.p.i.AbstractProblemLoader Loading environment from /home/runner/work/key/key/key.core/../key.ui/examples/standard_key/inEqSimp/quadraticInEq4.key 
285900     DEBUG main            d.u.i.k.p.i.AbstractProblemLoader Environment load took 155.4ns 
285901     INFO  main            d.u.i.k.p.i.AbstractProblemLoader Creating init config 
288236     DEBUG main            d.u.i.k.p.i.AbstractProblemLoader Init config took 2.33s 
288249     INFO  main            d.u.i.k.p.i.AbstractProblemLoader Replaying proof quadraticInEq4.key 
288251     DEBUG main            d.u.i.k.p.i.IntermediateProofReplayer Proof replay took 3.8ns 
288352     INFO  main            d.u.i.k.p.r.p.TestFile    ... finished proof: closed. 
288681     INFO  main            d.u.i.k.p.i.AbstractProblemLoader Loading environment from /home/runner/work/key/key/key.core/../key.ui/examples/standard_key/inEqSimp/quadraticInEq4.key.proof 
288681     DEBUG main            d.u.i.k.p.i.AbstractProblemLoader Environment load took 88.8ns 
288682     INFO  main            d.u.i.k.p.i.AbstractProblemLoader Creating init config 
290980     DEBUG main            d.u.i.k.p.i.AbstractProblemLoader Init config took 2.3s 
290993     INFO  main            d.u.i.k.p.i.AbstractProblemLoader Replaying proof quadraticInEq4.key.proof 
290997     DEBUG main            d.u.i.k.p.i.IntermediateProofReplayer Proof replay took 2.43ms 
290997     DEBUG main            d.u.i.k.p.r.p.TestFile    ... success: reloaded. 
290998     INFO  main            d.u.i.k.p.r.p.TestFile    Now processing file /home/runner/work/key/key/key.core/../key.ui/examples/standard_key/inEqSimp/quadraticInEq5.key 
290998     INFO  main            d.u.i.k.p.i.AbstractProblemLoader Loading environment from /home/runner/work/key/key/key.core/../key.ui/examples/standard_key/inEqSimp/quadraticInEq5.key 
290998     DEBUG main            d.u.i.k.p.i.AbstractProblemLoader Environment load took 84.5ns 
290999     INFO  main            d.u.i.k.p.i.AbstractProblemLoader Creating init config 
293328     DEBUG main            d.u.i.k.p.i.AbstractProblemLoader Init config took 2.33s 
293343     INFO  main            d.u.i.k.p.i.AbstractProblemLoader Replaying proof quadraticInEq5.key 
293345     DEBUG main            d.u.i.k.p.i.IntermediateProofReplayer Proof replay took 3.4ns 
293447     INFO  main            d.u.i.k.p.r.p.TestFile    ... finished proof: closed. 
293789     INFO  main            d.u.i.k.p.i.AbstractProblemLoader Loading environment from /home/runner/work/key/key/key.core/../key.ui/examples/standard_key/inEqSimp/quadraticInEq5.key.proof 
293789     DEBUG main            d.u.i.k.p.i.AbstractProblemLoader Environment load took 82.6ns 
293790     INFO  main            d.u.i.k.p.i.AbstractProblemLoader Creating init config 
296092     DEBUG main            d.u.i.k.p.i.AbstractProblemLoader Init config took 2.3s 
296105     INFO  main            d.u.i.k.p.i.AbstractProblemLoader Replaying proof quadraticInEq5.key.proof 
296109     DEBUG main            d.u.i.k.p.i.IntermediateProofReplayer Proof replay took 2.59ms 
296109     DEBUG main            d.u.i.k.p.r.p.TestFile    ... success: reloaded. 
296110     INFO  main            d.u.i.k.p.r.p.TestFile    Now processing file /home/runner/work/key/key/key.core/../key.ui/examples/standard_key/inEqSimp/quadraticInEq6.key 
296110     INFO  main            d.u.i.k.p.i.AbstractProblemLoader Loading environment from /home/runner/work/key/key/key.core/../key.ui/examples/standard_key/inEqSimp/quadraticInEq6.key 
296110     DEBUG main            d.u.i.k.p.i.AbstractProblemLoader Environment load took 63.5ns 
296111     INFO  main            d.u.i.k.p.i.AbstractProblemLoader Creating init config 
298466     DEBUG main            d.u.i.k.p.i.AbstractProblemLoader Init config took 2.35s 
298479     INFO  main            d.u.i.k.p.i.AbstractProblemLoader Replaying proof quadraticInEq6.key 
298481     DEBUG main            d.u.i.k.p.i.IntermediateProofReplayer Proof replay took 3ns 
298582     INFO  main            d.u.i.k.p.r.p.TestFile    ... finished proof: closed. 
298924     INFO  main            d.u.i.k.p.i.AbstractProblemLoader Loading environment from /home/runner/work/key/key/key.core/../key.ui/examples/standard_key/inEqSimp/quadraticInEq6.key.proof 
298925     DEBUG main            d.u.i.k.p.i.AbstractProblemLoader Environment load took 86.7ns 
298925     INFO  main            d.u.i.k.p.i.AbstractProblemLoader Creating init config 
301221     DEBUG main            d.u.i.k.p.i.AbstractProblemLoader Init config took 2.3s 
301243     INFO  main            d.u.i.k.p.i.AbstractProblemLoader Replaying proof quadraticInEq6.key.proof 
301248     DEBUG main            d.u.i.k.p.i.IntermediateProofReplayer Proof replay took 2.97ms 
301249     DEBUG main            d.u.i.k.p.r.p.TestFile    ... success: reloaded. 
301249     INFO  main            d.u.i.k.p.r.p.TestFile    Now processing file /home/runner/work/key/key/key.core/../key.ui/examples/standard_key/inEqSimp/quadraticInEq7.key 
301249     INFO  main            d.u.i.k.p.i.AbstractProblemLoader Loading environment from /home/runner/work/key/key/key.core/../key.ui/examples/standard_key/inEqSimp/quadraticInEq7.key 
301249     DEBUG main            d.u.i.k.p.i.AbstractProblemLoader Environment load took 63.9ns 
301250     INFO  main            d.u.i.k.p.i.AbstractProblemLoader Creating init config 
303589     DEBUG main            d.u.i.k.p.i.AbstractProblemLoader Init config took 2.34s 
303601     INFO  main            d.u.i.k.p.i.AbstractProblemLoader Replaying proof quadraticInEq7.key 
303603     DEBUG main            d.u.i.k.p.i.IntermediateProofReplayer Proof replay took 3.5ns 
303704     INFO  main            d.u.i.k.p.r.p.TestFile    ... finished proof: closed. 
304055     INFO  main            d.u.i.k.p.i.AbstractProblemLoader Loading environment from /home/runner/work/key/key/key.core/../key.ui/examples/standard_key/inEqSimp/quadraticInEq7.key.proof 
304055     DEBUG main            d.u.i.k.p.i.AbstractProblemLoader Environment load took 88ns 
304056     INFO  main            d.u.i.k.p.i.AbstractProblemLoader Creating init config 
306370     DEBUG main            d.u.i.k.p.i.AbstractProblemLoader Init config took 2.31s 
306382     INFO  main            d.u.i.k.p.i.AbstractProblemLoader Replaying proof quadraticInEq7.key.proof 
306385     DEBUG main            d.u.i.k.p.i.IntermediateProofReplayer Proof replay took 1.33ms 
306386     DEBUG main            d.u.i.k.p.r.p.TestFile    ... success: reloaded. 
306386     INFO  main            d.u.i.k.p.r.p.TestFile    Now processing file /home/runner/work/key/key/key.core/../key.ui/examples/standard_key/inEqSimp/quadraticInEq8.key 
306387     INFO  main            d.u.i.k.p.i.AbstractProblemLoader Loading environment from /home/runner/work/key/key/key.core/../key.ui/examples/standard_key/inEqSimp/quadraticInEq8.key 
306387     DEBUG main            d.u.i.k.p.i.AbstractProblemLoader Environment load took 65.4ns 
306387     INFO  main            d.u.i.k.p.i.AbstractProblemLoader Creating init config 
308726     DEBUG main            d.u.i.k.p.i.AbstractProblemLoader Init config took 2.34s 
308739     INFO  main            d.u.i.k.p.i.AbstractProblemLoader Replaying proof quadraticInEq8.key 
308740     DEBUG main            d.u.i.k.p.i.IntermediateProofReplayer Proof replay took 3.1ns 
308842     INFO  main            d.u.i.k.p.r.p.TestFile    ... finished proof: closed. 
309193     INFO  main            d.u.i.k.p.i.AbstractProblemLoader Loading environment from /home/runner/work/key/key/key.core/../key.ui/examples/standard_key/inEqSimp/quadraticInEq8.key.proof 
309193     DEBUG main            d.u.i.k.p.i.AbstractProblemLoader Environment load took 97.2ns 
309194     INFO  main            d.u.i.k.p.i.AbstractProblemLoader Creating init config 
311504     DEBUG main            d.u.i.k.p.i.AbstractProblemLoader Init config took 2.31s 
311518     INFO  main            d.u.i.k.p.i.AbstractProblemLoader Replaying proof quadraticInEq8.key.proof 
311524     DEBUG main            d.u.i.k.p.i.IntermediateProofReplayer Proof replay took 3.87ms 
311524     DEBUG main            d.u.i.k.p.r.p.TestFile    ... success: reloaded. 
311525     INFO  main            d.u.i.k.p.r.p.TestFile    Now processing file /home/runner/work/key/key/key.core/../key.ui/examples/standard_key/inEqSimp/simplify0.key 
311525     INFO  main            d.u.i.k.p.i.AbstractProblemLoader Loading environment from /home/runner/work/key/key/key.core/../key.ui/examples/standard_key/inEqSimp/simplify0.key 
311525     DEBUG main            d.u.i.k.p.i.AbstractProblemLoader Environment load took 78.8ns 
311526     INFO  main            d.u.i.k.p.i.AbstractProblemLoader Creating init config 
313868     DEBUG main            d.u.i.k.p.i.AbstractProblemLoader Init config took 2.34s 
313881     INFO  main            d.u.i.k.p.i.AbstractProblemLoader Replaying proof simplify0.key 
313882     DEBUG main            d.u.i.k.p.i.IntermediateProofReplayer Proof replay took 3.2ns 
313984     INFO  main            d.u.i.k.p.r.p.TestFile    ... finished proof: closed. 
314340     INFO  main            d.u.i.k.p.i.AbstractProblemLoader Loading environment from /home/runner/work/key/key/key.core/../key.ui/examples/standard_key/inEqSimp/simplify0.key.proof 
314340     DEBUG main            d.u.i.k.p.i.AbstractProblemLoader Environment load took 85.1ns 
314341     INFO  main            d.u.i.k.p.i.AbstractProblemLoader Creating init config 
316646     DEBUG main            d.u.i.k.p.i.AbstractProblemLoader Init config took 2.3s 
316659     INFO  main            d.u.i.k.p.i.AbstractProblemLoader Replaying proof simplify0.key.proof 
316661     DEBUG main            d.u.i.k.p.i.IntermediateProofReplayer Proof replay took 704.21ns 
316662     DEBUG main            d.u.i.k.p.r.p.TestFile    ... success: reloaded. 
316662     INFO  main            d.u.i.k.p.r.p.TestFile    Now processing file /home/runner/work/key/key/key.core/../key.ui/examples/standard_key/inEqSimp/simplify1.key 
316662     INFO  main            d.u.i.k.p.i.AbstractProblemLoader Loading environment from /home/runner/work/key/key/key.core/../key.ui/examples/standard_key/inEqSimp/simplify1.key 
316662     DEBUG main            d.u.i.k.p.i.AbstractProblemLoader Environment load took 43.9ns 
316663     INFO  main            d.u.i.k.p.i.AbstractProblemLoader Creating init config 
319001     DEBUG main            d.u.i.k.p.i.AbstractProblemLoader Init config took 2.34s 
319014     INFO  main            d.u.i.k.p.i.AbstractProblemLoader Replaying proof simplify1.key 
319015     DEBUG main            d.u.i.k.p.i.IntermediateProofReplayer Proof replay took 4ns 
319121     INFO  main            d.u.i.k.p.r.p.TestFile    ... finished proof: closed. 
319475     INFO  main            d.u.i.k.p.i.AbstractProblemLoader Loading environment from /home/runner/work/key/key/key.core/../key.ui/examples/standard_key/inEqSimp/simplify1.key.proof 
319475     DEBUG main            d.u.i.k.p.i.AbstractProblemLoader Environment load took 78.7ns 
319476     INFO  main            d.u.i.k.p.i.AbstractProblemLoader Creating init config 
321783     DEBUG main            d.u.i.k.p.i.AbstractProblemLoader Init config took 2.31s 
321795     INFO  main            d.u.i.k.p.i.AbstractProblemLoader Replaying proof simplify1.key.proof 
321797     DEBUG main            d.u.i.k.p.i.IntermediateProofReplayer Proof replay took 766.61ns 
321798     DEBUG main            d.u.i.k.p.r.p.TestFile    ... success: reloaded. 
321798     INFO  main            d.u.i.k.p.r.p.TestFile    Now processing file /home/runner/work/key/key/key.core/../key.ui/examples/standard_key/inEqSimp/simplify2.key 
321799     INFO  main            d.u.i.k.p.i.AbstractProblemLoader Loading environment from /home/runner/work/key/key/key.core/../key.ui/examples/standard_key/inEqSimp/simplify2.key 
321799     DEBUG main            d.u.i.k.p.i.AbstractProblemLoader Environment load took 44.3ns 
321799     INFO  main            d.u.i.k.p.i.AbstractProblemLoader Creating init config 
324139     DEBUG main            d.u.i.k.p.i.AbstractProblemLoader Init config took 2.34s 
324152     INFO  main            d.u.i.k.p.i.AbstractProblemLoader Replaying proof simplify2.key 
324153     DEBUG main            d.u.i.k.p.i.IntermediateProofReplayer Proof replay took 3.4ns 
324255     INFO  main            d.u.i.k.p.r.p.TestFile    ... finished proof: closed. 
324624     INFO  main            d.u.i.k.p.i.AbstractProblemLoader Loading environment from /home/runner/work/key/key/key.core/../key.ui/examples/standard_key/inEqSimp/simplify2.key.proof 
324624     DEBUG main            d.u.i.k.p.i.AbstractProblemLoader Environment load took 108.7ns 
324625     INFO  main            d.u.i.k.p.i.AbstractProblemLoader Creating init config 
326935     DEBUG main            d.u.i.k.p.i.AbstractProblemLoader Init config took 2.31s 
326948     INFO  main            d.u.i.k.p.i.AbstractProblemLoader Replaying proof simplify2.key.proof 
326955     DEBUG main            d.u.i.k.p.i.IntermediateProofReplayer Proof replay took 5.89ms 
326956     DEBUG main            d.u.i.k.p.r.p.TestFile    ... success: reloaded. 
326957     INFO  main            d.u.i.k.p.r.p.TestFile    Now processing file /home/runner/work/key/key/key.core/../key.ui/examples/standard_key/inEqSimp/simplify3.key 
326957     INFO  main            d.u.i.k.p.i.AbstractProblemLoader Loading environment from /home/runner/work/key/key/key.core/../key.ui/examples/standard_key/inEqSimp/simplify3.key 
326957     DEBUG main            d.u.i.k.p.i.AbstractProblemLoader Environment load took 73.9ns 
326958     INFO  main            d.u.i.k.p.i.AbstractProblemLoader Creating init config 
329299     DEBUG main            d.u.i.k.p.i.AbstractProblemLoader Init config took 2.34s 
329311     INFO  main            d.u.i.k.p.i.AbstractProblemLoader Replaying proof simplify3.key 
329312     DEBUG main            d.u.i.k.p.i.IntermediateProofReplayer Proof replay took 3.4ns 
329414     INFO  main            d.u.i.k.p.r.p.TestFile    ... finished proof: closed. 
329792     INFO  main            d.u.i.k.p.i.AbstractProblemLoader Loading environment from /home/runner/work/key/key/key.core/../key.ui/examples/standard_key/inEqSimp/simplify3.key.proof 
329792     DEBUG main            d.u.i.k.p.i.AbstractProblemLoader Environment load took 84.3ns 
329793     INFO  main            d.u.i.k.p.i.AbstractProblemLoader Creating init config 
332108     DEBUG main            d.u.i.k.p.i.AbstractProblemLoader Init config took 2.32s 
332121     INFO  main            d.u.i.k.p.i.AbstractProblemLoader Replaying proof simplify3.key.proof 
332124     DEBUG main            d.u.i.k.p.i.IntermediateProofReplayer Proof replay took 1.33ms 
332124     DEBUG main            d.u.i.k.p.r.p.TestFile    ... success: reloaded. 
332125     INFO  main            d.u.i.k.p.r.p.TestFile    Now processing file /home/runner/work/key/key/key.core/../key.ui/examples/standard_key/inEqSimp/simplify4.key 
332125     INFO  main            d.u.i.k.p.i.AbstractProblemLoader Loading environment from /home/runner/work/key/key/key.core/../key.ui/examples/standard_key/inEqSimp/simplify4.key 
332125     DEBUG main            d.u.i.k.p.i.AbstractProblemLoader Environment load took 42.8ns 
332126     INFO  main            d.u.i.k.p.i.AbstractProblemLoader Creating init config 
334463     DEBUG main            d.u.i.k.p.i.AbstractProblemLoader Init config took 2.34s 
334476     INFO  main            d.u.i.k.p.i.AbstractProblemLoader Replaying proof simplify4.key 
334477     DEBUG main            d.u.i.k.p.i.IntermediateProofReplayer Proof replay took 3.1ns 
334579     INFO  main            d.u.i.k.p.r.p.TestFile    ... finished proof: closed. 
334967     INFO  main            d.u.i.k.p.i.AbstractProblemLoader Loading environment from /home/runner/work/key/key/key.core/../key.ui/examples/standard_key/inEqSimp/simplify4.key.proof 
334967     DEBUG main            d.u.i.k.p.i.AbstractProblemLoader Environment load took 84.1ns 
334968     INFO  main            d.u.i.k.p.i.AbstractProblemLoader Creating init config 
337278     DEBUG main            d.u.i.k.p.i.AbstractProblemLoader Init config took 2.31s 
337292     INFO  main            d.u.i.k.p.i.AbstractProblemLoader Replaying proof simplify4.key.proof 
337299     DEBUG main            d.u.i.k.p.i.IntermediateProofReplayer Proof replay took 4.69ms 
337299     DEBUG main            d.u.i.k.p.r.p.TestFile    ... success: reloaded. 
337300     INFO  main            d.u.i.k.p.r.p.TestFile    Now processing file /home/runner/work/key/key/key.core/../key.ui/examples/standard_key/inEqSimp/simplify5.key 
337300     INFO  main            d.u.i.k.p.i.AbstractProblemLoader Loading environment from /home/runner/work/key/key/key.core/../key.ui/examples/standard_key/inEqSimp/simplify5.key 
337300     DEBUG main            d.u.i.k.p.i.AbstractProblemLoader Environment load took 65.6ns 
337301     INFO  main            d.u.i.k.p.i.AbstractProblemLoader Creating init config 
339631     DEBUG main            d.u.i.k.p.i.AbstractProblemLoader Init config took 2.33s 
339644     INFO  main            d.u.i.k.p.i.AbstractProblemLoader Replaying proof simplify5.key 
339645     DEBUG main            d.u.i.k.p.i.IntermediateProofReplayer Proof replay took 3.1ns 
340149     INFO  main            d.u.i.k.p.r.p.TestFile    ... finished proof: closed. 
340561     INFO  main            d.u.i.k.p.i.AbstractProblemLoader Loading environment from /home/runner/work/key/key/key.core/../key.ui/examples/standard_key/inEqSimp/simplify5.key.proof 
340561     DEBUG main            d.u.i.k.p.i.AbstractProblemLoader Environment load took 357.61ns 
340562     INFO  main            d.u.i.k.p.i.AbstractProblemLoader Creating init config 
342870     DEBUG main            d.u.i.k.p.i.AbstractProblemLoader Init config took 2.31s 
342883     INFO  main            d.u.i.k.p.i.AbstractProblemLoader Replaying proof simplify5.key.proof 
342919     DEBUG main            d.u.i.k.p.i.IntermediateProofReplayer Proof replay took 31.26ms 
342920     DEBUG main            d.u.i.k.p.r.p.TestFile    ... success: reloaded. 
342921     INFO  main            d.u.i.k.p.r.p.TestFile    Now processing file /home/runner/work/key/key/key.core/../key.ui/examples/standard_key/inEqSimp/subsumptionExample.key 
342921     INFO  main            d.u.i.k.p.i.AbstractProblemLoader Loading environment from /home/runner/work/key/key/key.core/../key.ui/examples/standard_key/inEqSimp/subsumptionExample.key 
342921     DEBUG main            d.u.i.k.p.i.AbstractProblemLoader Environment load took 61.5ns 
342922     INFO  main            d.u.i.k.p.i.AbstractProblemLoader Creating init config 
345273     DEBUG main            d.u.i.k.p.i.AbstractProblemLoader Init config took 2.35s 
345286     INFO  main            d.u.i.k.p.i.AbstractProblemLoader Replaying proof subsumptionExample.key 
345287     DEBUG main            d.u.i.k.p.i.IntermediateProofReplayer Proof replay took 3.9ns 
345388     INFO  main            d.u.i.k.p.r.p.TestFile    ... finished proof: closed. 
345796     INFO  main            d.u.i.k.p.i.AbstractProblemLoader Loading environment from /home/runner/work/key/key/key.core/../key.ui/examples/standard_key/inEqSimp/subsumptionExample.key.proof 
345796     DEBUG main            d.u.i.k.p.i.AbstractProblemLoader Environment load took 78ns 
345797     INFO  main            d.u.i.k.p.i.AbstractProblemLoader Creating init config 
348127     DEBUG main            d.u.i.k.p.i.AbstractProblemLoader Init config took 2.33s 
348140     INFO  main            d.u.i.k.p.i.AbstractProblemLoader Replaying proof subsumptionExample.key.proof 
348141     DEBUG main            d.u.i.k.p.i.IntermediateProofReplayer Proof replay took 657.41ns 
348142     DEBUG main            d.u.i.k.p.r.p.TestFile    ... success: reloaded. 
348142     INFO  main            d.u.i.k.p.r.p.TestFile    Now processing file /home/runner/work/key/key/key.core/../key.ui/examples/standard_key/polySimp/simplify0.key 
348143     INFO  main            d.u.i.k.p.i.AbstractProblemLoader Loading environment from /home/runner/work/key/key/key.core/../key.ui/examples/standard_key/polySimp/simplify0.key 
348143     DEBUG main            d.u.i.k.p.i.AbstractProblemLoader Environment load took 45.8ns 
348144     INFO  main            d.u.i.k.p.i.AbstractProblemLoader Creating init config 
350506     DEBUG main            d.u.i.k.p.i.AbstractProblemLoader Init config took 2.36s 
350519     INFO  main            d.u.i.k.p.i.AbstractProblemLoader Replaying proof simplify0.key 
350520     DEBUG main            d.u.i.k.p.i.IntermediateProofReplayer Proof replay took 3.9ns 
350724     INFO  main            d.u.i.k.p.r.p.TestFile    ... finished proof: closed. 
351136     INFO  main            d.u.i.k.p.i.AbstractProblemLoader Loading environment from /home/runner/work/key/key/key.core/../key.ui/examples/standard_key/polySimp/simplify0.key.proof 
351136     DEBUG main            d.u.i.k.p.i.AbstractProblemLoader Environment load took 111.2ns 
351137     INFO  main            d.u.i.k.p.i.AbstractProblemLoader Creating init config 
353453     DEBUG main            d.u.i.k.p.i.AbstractProblemLoader Init config took 2.32s 
353466     INFO  main            d.u.i.k.p.i.AbstractProblemLoader Replaying proof simplify0.key.proof 
353472     DEBUG main            d.u.i.k.p.i.IntermediateProofReplayer Proof replay took 4.51ms 
353473     DEBUG main            d.u.i.k.p.r.p.TestFile    ... success: reloaded. 
353474     INFO  main            d.u.i.k.p.r.p.TestFile    Now processing file /home/runner/work/key/key/key.core/../key.ui/examples/standard_key/polySimp/simplify1.key 
353474     INFO  main            d.u.i.k.p.i.AbstractProblemLoader Loading environment from /home/runner/work/key/key/key.core/../key.ui/examples/standard_key/polySimp/simplify1.key 
353474     DEBUG main            d.u.i.k.p.i.AbstractProblemLoader Environment load took 83.6ns 
353475     INFO  main            d.u.i.k.p.i.AbstractProblemLoader Creating init config 
355835     DEBUG main            d.u.i.k.p.i.AbstractProblemLoader Init config took 2.36s 
355848     INFO  main            d.u.i.k.p.i.AbstractProblemLoader Replaying proof simplify1.key 
355849     DEBUG main            d.u.i.k.p.i.IntermediateProofReplayer Proof replay took 3.3ns 
356151     INFO  main            d.u.i.k.p.r.p.TestFile    ... finished proof: closed. 
356580     INFO  main            d.u.i.k.p.i.AbstractProblemLoader Loading environment from /home/runner/work/key/key/key.core/../key.ui/examples/standard_key/polySimp/simplify1.key.proof 
356581     DEBUG main            d.u.i.k.p.i.AbstractProblemLoader Environment load took 85.5ns 
356582     INFO  main            d.u.i.k.p.i.AbstractProblemLoader Creating init config 
358908     DEBUG main            d.u.i.k.p.i.AbstractProblemLoader Init config took 2.33s 
358921     INFO  main            d.u.i.k.p.i.AbstractProblemLoader Replaying proof simplify1.key.proof 
358930     DEBUG main            d.u.i.k.p.i.IntermediateProofReplayer Proof replay took 6.3ms 
358931     DEBUG main            d.u.i.k.p.r.p.TestFile    ... success: reloaded. 
358931     INFO  main            d.u.i.k.p.r.p.TestFile    Now processing file /home/runner/work/key/key/key.core/../key.ui/examples/standard_key/polySimp/simplify10.key 
358931     INFO  main            d.u.i.k.p.i.AbstractProblemLoader Loading environment from /home/runner/work/key/key/key.core/../key.ui/examples/standard_key/polySimp/simplify10.key 
358932     DEBUG main            d.u.i.k.p.i.AbstractProblemLoader Environment load took 73ns 
358933     INFO  main            d.u.i.k.p.i.AbstractProblemLoader Creating init config 
361298     DEBUG main            d.u.i.k.p.i.AbstractProblemLoader Init config took 2.37s 
361312     INFO  main            d.u.i.k.p.i.AbstractProblemLoader Replaying proof simplify10.key 
361313     DEBUG main            d.u.i.k.p.i.IntermediateProofReplayer Proof replay took 2.9ns 
361517     INFO  main            d.u.i.k.p.r.p.TestFile    ... finished proof: closed. 
361994     INFO  main            d.u.i.k.p.i.AbstractProblemLoader Loading environment from /home/runner/work/key/key/key.core/../key.ui/examples/standard_key/polySimp/simplify10.key.proof 
361994     DEBUG main            d.u.i.k.p.i.AbstractProblemLoader Environment load took 82.4ns 
361995     INFO  main            d.u.i.k.p.i.AbstractProblemLoader Creating init config 
364312     DEBUG main            d.u.i.k.p.i.AbstractProblemLoader Init config took 2.32s 
364327     INFO  main            d.u.i.k.p.i.AbstractProblemLoader Replaying proof simplify10.key.proof 
364338     DEBUG main            d.u.i.k.p.i.IntermediateProofReplayer Proof replay took 8.29ms 
364339     DEBUG main            d.u.i.k.p.r.p.TestFile    ... success: reloaded. 
364339     INFO  main            d.u.i.k.p.r.p.TestFile    Now processing file /home/runner/work/key/key/key.core/../key.ui/examples/standard_key/polySimp/simplify11.key 
364340     INFO  main            d.u.i.k.p.i.AbstractProblemLoader Loading environment from /home/runner/work/key/key/key.core/../key.ui/examples/standard_key/polySimp/simplify11.key 
364340     DEBUG main            d.u.i.k.p.i.AbstractProblemLoader Environment load took 60.1ns 
364341     INFO  main            d.u.i.k.p.i.AbstractProblemLoader Creating init config 
366701     DEBUG main            d.u.i.k.p.i.AbstractProblemLoader Init config took 2.36s 
366713     INFO  main            d.u.i.k.p.i.AbstractProblemLoader Replaying proof simplify11.key 
366714     DEBUG main            d.u.i.k.p.i.IntermediateProofReplayer Proof replay took 4.2ns 
366917     INFO  main            d.u.i.k.p.r.p.TestFile    ... finished proof: closed. 
367341     INFO  main            d.u.i.k.p.i.AbstractProblemLoader Loading environment from /home/runner/work/key/key/key.core/../key.ui/examples/standard_key/polySimp/simplify11.key.proof 
367342     DEBUG main            d.u.i.k.p.i.AbstractProblemLoader Environment load took 90.6ns 
367343     INFO  main            d.u.i.k.p.i.AbstractProblemLoader Creating init config 
369660     DEBUG main            d.u.i.k.p.i.AbstractProblemLoader Init config took 2.32s 
369674     INFO  main            d.u.i.k.p.i.AbstractProblemLoader Replaying proof simplify11.key.proof 
369683     DEBUG main            d.u.i.k.p.i.IntermediateProofReplayer Proof replay took 6.95ms 
369684     DEBUG main            d.u.i.k.p.r.p.TestFile    ... success: reloaded. 
369685     INFO  main            d.u.i.k.p.r.p.TestFile    Now processing file /home/runner/work/key/key/key.core/../key.ui/examples/standard_key/polySimp/simplify12.key 
369685     INFO  main            d.u.i.k.p.i.AbstractProblemLoader Loading environment from /home/runner/work/key/key/key.core/../key.ui/examples/standard_key/polySimp/simplify12.key 
369685     DEBUG main            d.u.i.k.p.i.AbstractProblemLoader Environment load took 45.8ns 
369686     INFO  main            d.u.i.k.p.i.AbstractProblemLoader Creating init config 
372047     DEBUG main            d.u.i.k.p.i.AbstractProblemLoader Init config took 2.36s 
372060     INFO  main            d.u.i.k.p.i.AbstractProblemLoader Replaying proof simplify12.key 
372061     DEBUG main            d.u.i.k.p.i.IntermediateProofReplayer Proof replay took 3.7ns 
372163     INFO  main            d.u.i.k.p.r.p.TestFile    ... finished proof: closed. 
372583     INFO  main            d.u.i.k.p.i.AbstractProblemLoader Loading environment from /home/runner/work/key/key/key.core/../key.ui/examples/standard_key/polySimp/simplify12.key.proof 
372584     DEBUG main            d.u.i.k.p.i.AbstractProblemLoader Environment load took 89.2ns 
372585     INFO  main            d.u.i.k.p.i.AbstractProblemLoader Creating init config 
374919     DEBUG main            d.u.i.k.p.i.AbstractProblemLoader Init config took 2.33s 
374932     INFO  main            d.u.i.k.p.i.AbstractProblemLoader Replaying proof simplify12.key.proof 
374937     DEBUG main            d.u.i.k.p.i.IntermediateProofReplayer Proof replay took 3.39ms 
374938     DEBUG main            d.u.i.k.p.r.p.TestFile    ... success: reloaded. 
374938     INFO  main            d.u.i.k.p.r.p.TestFile    Now processing file /home/runner/work/key/key/key.core/../key.ui/examples/standard_key/polySimp/simplify13.key 
374939     INFO  main            d.u.i.k.p.i.AbstractProblemLoader Loading environment from /home/runner/work/key/key/key.core/../key.ui/examples/standard_key/polySimp/simplify13.key 
374939     DEBUG main            d.u.i.k.p.i.AbstractProblemLoader Environment load took 60.5ns 
374940     INFO  main            d.u.i.k.p.i.AbstractProblemLoader Creating init config 
377310     DEBUG main            d.u.i.k.p.i.AbstractProblemLoader Init config took 2.37s 
377322     INFO  main            d.u.i.k.p.i.AbstractProblemLoader Replaying proof simplify13.key 
377323     DEBUG main            d.u.i.k.p.i.IntermediateProofReplayer Proof replay took 4.3ns 
377425     INFO  main            d.u.i.k.p.r.p.TestFile    ... finished proof: closed. 
377842     INFO  main            d.u.i.k.p.i.AbstractProblemLoader Loading environment from /home/runner/work/key/key/key.core/../key.ui/examples/standard_key/polySimp/simplify13.key.proof 
377842     DEBUG main            d.u.i.k.p.i.AbstractProblemLoader Environment load took 95.9ns 
377843     INFO  main            d.u.i.k.p.i.AbstractProblemLoader Creating init config 
380169     DEBUG main            d.u.i.k.p.i.AbstractProblemLoader Init config took 2.33s 
380184     INFO  main            d.u.i.k.p.i.AbstractProblemLoader Replaying proof simplify13.key.proof 
380188     DEBUG main            d.u.i.k.p.i.IntermediateProofReplayer Proof replay took 2.1ms 
380188     DEBUG main            d.u.i.k.p.r.p.TestFile    ... success: reloaded. 
380189     INFO  main            d.u.i.k.p.r.p.TestFile    Now processing file /home/runner/work/key/key/key.core/../key.ui/examples/standard_key/polySimp/simplify14.key 
380189     INFO  main            d.u.i.k.p.i.AbstractProblemLoader Loading environment from /home/runner/work/key/key/key.core/../key.ui/examples/standard_key/polySimp/simplify14.key 
380189     DEBUG main            d.u.i.k.p.i.AbstractProblemLoader Environment load took 44.7ns 
380190     INFO  main            d.u.i.k.p.i.AbstractProblemLoader Creating init config 
382546     DEBUG main            d.u.i.k.p.i.AbstractProblemLoader Init config took 2.36s 
382576     INFO  main            d.u.i.k.p.i.AbstractProblemLoader Replaying proof simplify14.key 
382577     DEBUG main            d.u.i.k.p.i.IntermediateProofReplayer Proof replay took 3.5ns 
382679     INFO  main            d.u.i.k.p.r.p.TestFile    ... finished proof: closed. 
383107     INFO  main            d.u.i.k.p.i.AbstractProblemLoader Loading environment from /home/runner/work/key/key/key.core/../key.ui/examples/standard_key/polySimp/simplify14.key.proof 
383107     DEBUG main            d.u.i.k.p.i.AbstractProblemLoader Environment load took 77.7ns 
383108     INFO  main            d.u.i.k.p.i.AbstractProblemLoader Creating init config 
385433     DEBUG main            d.u.i.k.p.i.AbstractProblemLoader Init config took 2.32s 
385446     INFO  main            d.u.i.k.p.i.AbstractProblemLoader Replaying proof simplify14.key.proof 
385449     DEBUG main            d.u.i.k.p.i.IntermediateProofReplayer Proof replay took 444.01ns 
385450     DEBUG main            d.u.i.k.p.r.p.TestFile    ... success: reloaded. 
385451     INFO  main            d.u.i.k.p.r.p.TestFile    Now processing file /home/runner/work/key/key/key.core/../key.ui/examples/standard_key/polySimp/simplify15.key 
385451     INFO  main            d.u.i.k.p.i.AbstractProblemLoader Loading environment from /home/runner/work/key/key/key.core/../key.ui/examples/standard_key/polySimp/simplify15.key 
385451     DEBUG main            d.u.i.k.p.i.AbstractProblemLoader Environment load took 47.1ns 
385452     INFO  main            d.u.i.k.p.i.AbstractProblemLoader Creating init config 
387829     DEBUG main            d.u.i.k.p.i.AbstractProblemLoader Init config took 2.38s 
387841     INFO  main            d.u.i.k.p.i.AbstractProblemLoader Replaying proof simplify15.key 
387842     DEBUG main            d.u.i.k.p.i.IntermediateProofReplayer Proof replay took 4ns 
387944     INFO  main            d.u.i.k.p.r.p.TestFile    ... finished proof: closed. 
388379     INFO  main            d.u.i.k.p.i.AbstractProblemLoader Loading environment from /home/runner/work/key/key/key.core/../key.ui/examples/standard_key/polySimp/simplify15.key.proof 
388379     DEBUG main            d.u.i.k.p.i.AbstractProblemLoader Environment load took 81.7ns 
388379     INFO  main            d.u.i.k.p.i.AbstractProblemLoader Creating init config 
390714     DEBUG main            d.u.i.k.p.i.AbstractProblemLoader Init config took 2.33s 
390727     INFO  main            d.u.i.k.p.i.AbstractProblemLoader Replaying proof simplify15.key.proof 
390728     DEBUG main            d.u.i.k.p.i.IntermediateProofReplayer Proof replay took 329.41ns 
390729     DEBUG main            d.u.i.k.p.r.p.TestFile    ... success: reloaded. 
390729     INFO  main            d.u.i.k.p.r.p.TestFile    Now processing file /home/runner/work/key/key/key.core/../key.ui/examples/standard_key/polySimp/simplify16.key 
390730     INFO  main            d.u.i.k.p.i.AbstractProblemLoader Loading environment from /home/runner/work/key/key/key.core/../key.ui/examples/standard_key/polySimp/simplify16.key 
390730     DEBUG main            d.u.i.k.p.i.AbstractProblemLoader Environment load took 48.8ns 
390730     INFO  main            d.u.i.k.p.i.AbstractProblemLoader Creating init config 
393096     DEBUG main            d.u.i.k.p.i.AbstractProblemLoader Init config took 2.37s 
393109     INFO  main            d.u.i.k.p.i.AbstractProblemLoader Replaying proof simplify16.key 
393110     DEBUG main            d.u.i.k.p.i.IntermediateProofReplayer Proof replay took 4.8ns 
393212     INFO  main            d.u.i.k.p.r.p.TestFile    ... finished proof: closed. 
393649     INFO  main            d.u.i.k.p.i.AbstractProblemLoader Loading environment from /home/runner/work/key/key/key.core/../key.ui/examples/standard_key/polySimp/simplify16.key.proof 
393649     DEBUG main            d.u.i.k.p.i.AbstractProblemLoader Environment load took 91.2ns 
393650     INFO  main            d.u.i.k.p.i.AbstractProblemLoader Creating init config 
395978     DEBUG main            d.u.i.k.p.i.AbstractProblemLoader Init config took 2.33s 
395990     INFO  main            d.u.i.k.p.i.AbstractProblemLoader Replaying proof simplify16.key.proof 
395992     DEBUG main            d.u.i.k.p.i.IntermediateProofReplayer Proof replay took 204.1ns 
395992     DEBUG main            d.u.i.k.p.r.p.TestFile    ... success: reloaded. 
395993     INFO  main            d.u.i.k.p.r.p.TestFile    Now processing file /home/runner/work/key/key/key.core/../key.ui/examples/standard_key/polySimp/simplify17.key 
395993     INFO  main            d.u.i.k.p.i.AbstractProblemLoader Loading environment from /home/runner/work/key/key/key.core/../key.ui/examples/standard_key/polySimp/simplify17.key 
395993     DEBUG main            d.u.i.k.p.i.AbstractProblemLoader Environment load took 45.3ns 
395994     INFO  main            d.u.i.k.p.i.AbstractProblemLoader Creating init config 
398351     DEBUG main            d.u.i.k.p.i.AbstractProblemLoader Init config took 2.36s 
398363     INFO  main            d.u.i.k.p.i.AbstractProblemLoader Replaying proof simplify17.key 
398364     DEBUG main            d.u.i.k.p.i.IntermediateProofReplayer Proof replay took 4.2ns 
398467     INFO  main            d.u.i.k.p.r.p.TestFile    ... finished proof: closed. 
398921     INFO  main            d.u.i.k.p.i.AbstractProblemLoader Loading environment from /home/runner/work/key/key/key.core/../key.ui/examples/standard_key/polySimp/simplify17.key.proof 
398921     DEBUG main            d.u.i.k.p.i.AbstractProblemLoader Environment load took 103.7ns 
398922     INFO  main            d.u.i.k.p.i.AbstractProblemLoader Creating init config 
401293     DEBUG main            d.u.i.k.p.i.AbstractProblemLoader Init config took 2.37s 
401306     INFO  main            d.u.i.k.p.i.AbstractProblemLoader Replaying proof simplify17.key.proof 
401311     DEBUG main            d.u.i.k.p.i.IntermediateProofReplayer Proof replay took 2.84ms 
401311     DEBUG main            d.u.i.k.p.r.p.TestFile    ... success: reloaded. 
401312     INFO  main            d.u.i.k.p.r.p.TestFile    Now processing file /home/runner/work/key/key/key.core/../key.ui/examples/standard_key/polySimp/simplify18.key 
401312     INFO  main            d.u.i.k.p.i.AbstractProblemLoader Loading environment from /home/runner/work/key/key/key.core/../key.ui/examples/standard_key/polySimp/simplify18.key 
401312     DEBUG main            d.u.i.k.p.i.AbstractProblemLoader Environment load took 62.2ns 
401313     INFO  main            d.u.i.k.p.i.AbstractProblemLoader Creating init config 
403677     DEBUG main            d.u.i.k.p.i.AbstractProblemLoader Init config took 2.36s 
403690     INFO  main            d.u.i.k.p.i.AbstractProblemLoader Replaying proof simplify18.key 
403691     DEBUG main            d.u.i.k.p.i.IntermediateProofReplayer Proof replay took 3.3ns 
403893     INFO  main            d.u.i.k.p.r.p.TestFile    ... finished proof: closed. 
404348     INFO  main            d.u.i.k.p.i.AbstractProblemLoader Loading environment from /home/runner/work/key/key/key.core/../key.ui/examples/standard_key/polySimp/simplify18.key.proof 
404349     DEBUG main            d.u.i.k.p.i.AbstractProblemLoader Environment load took 81.2ns 
404350     INFO  main            d.u.i.k.p.i.AbstractProblemLoader Creating init config 
406680     DEBUG main            d.u.i.k.p.i.AbstractProblemLoader Init config took 2.33s 
406694     INFO  main            d.u.i.k.p.i.AbstractProblemLoader Replaying proof simplify18.key.proof 
406702     DEBUG main            d.u.i.k.p.i.IntermediateProofReplayer Proof replay took 5.75ms 
406703     DEBUG main            d.u.i.k.p.r.p.TestFile    ... success: reloaded. 
406703     INFO  main            d.u.i.k.p.r.p.TestFile    Now processing file /home/runner/work/key/key/key.core/../key.ui/examples/standard_key/polySimp/simplify19.key 
406703     INFO  main            d.u.i.k.p.i.AbstractProblemLoader Loading environment from /home/runner/work/key/key/key.core/../key.ui/examples/standard_key/polySimp/simplify19.key 
406703     DEBUG main            d.u.i.k.p.i.AbstractProblemLoader Environment load took 72.3ns 
406704     INFO  main            d.u.i.k.p.i.AbstractProblemLoader Creating init config 
409056     DEBUG main            d.u.i.k.p.i.AbstractProblemLoader Init config took 2.35s 
409085     INFO  main            d.u.i.k.p.i.AbstractProblemLoader Replaying proof simplify19.key 
409086     DEBUG main            d.u.i.k.p.i.IntermediateProofReplayer Proof replay took 3.7ns 
412098     INFO  main            d.u.i.k.p.r.p.TestFile    ... finished proof: closed. 
412582     INFO  main            d.u.i.k.p.i.AbstractProblemLoader Loading environment from /home/runner/work/key/key/key.core/../key.ui/examples/standard_key/polySimp/simplify19.key.proof 
412582     DEBUG main            d.u.i.k.p.i.AbstractProblemLoader Environment load took 98.6ns 
412583     INFO  main            d.u.i.k.p.i.AbstractProblemLoader Creating init config 
415084     DEBUG main            d.u.i.k.p.i.AbstractProblemLoader Init config took 2.5s 
415097     INFO  main            d.u.i.k.p.i.AbstractProblemLoader Replaying proof simplify19.key.proof 
415193     DEBUG main            d.u.i.k.p.i.IntermediateProofReplayer Proof replay took 84.65ms 
415195     DEBUG main            d.u.i.k.p.r.p.TestFile    ... success: reloaded. 
415195     INFO  main            d.u.i.k.p.r.p.TestFile    Now processing file /home/runner/work/key/key/key.core/../key.ui/examples/standard_key/polySimp/simplify2.key 
415195     INFO  main            d.u.i.k.p.i.AbstractProblemLoader Loading environment from /home/runner/work/key/key/key.core/../key.ui/examples/standard_key/polySimp/simplify2.key 
415195     DEBUG main            d.u.i.k.p.i.AbstractProblemLoader Environment load took 62.4ns 
415196     INFO  main            d.u.i.k.p.i.AbstractProblemLoader Creating init config 
417560     DEBUG main            d.u.i.k.p.i.AbstractProblemLoader Init config took 2.36s 
417573     INFO  main            d.u.i.k.p.i.AbstractProblemLoader Replaying proof simplify2.key 
417573     DEBUG main            d.u.i.k.p.i.IntermediateProofReplayer Proof replay took 4ns 
417675     INFO  main            d.u.i.k.p.r.p.TestFile    ... finished proof: closed. 
418173     INFO  main            d.u.i.k.p.i.AbstractProblemLoader Loading environment from /home/runner/work/key/key/key.core/../key.ui/examples/standard_key/polySimp/simplify2.key.proof 
418173     DEBUG main            d.u.i.k.p.i.AbstractProblemLoader Environment load took 90.4ns 
418174     INFO  main            d.u.i.k.p.i.AbstractProblemLoader Creating init config 
420479     DEBUG main            d.u.i.k.p.i.AbstractProblemLoader Init config took 2.31s 
420492     INFO  main            d.u.i.k.p.i.AbstractProblemLoader Replaying proof simplify2.key.proof 
420494     DEBUG main            d.u.i.k.p.i.IntermediateProofReplayer Proof replay took 475.81ns 
420494     DEBUG main            d.u.i.k.p.r.p.TestFile    ... success: reloaded. 
420495     INFO  main            d.u.i.k.p.r.p.TestFile    Now processing file /home/runner/work/key/key/key.core/../key.ui/examples/standard_key/polySimp/simplify20.key 
420495     INFO  main            d.u.i.k.p.i.AbstractProblemLoader Loading environment from /home/runner/work/key/key/key.core/../key.ui/examples/standard_key/polySimp/simplify20.key 
420495     DEBUG main            d.u.i.k.p.i.AbstractProblemLoader Environment load took 44ns 
420496     INFO  main            d.u.i.k.p.i.AbstractProblemLoader Creating init config 
422839     DEBUG main            d.u.i.k.p.i.AbstractProblemLoader Init config took 2.34s 
422852     INFO  main            d.u.i.k.p.i.AbstractProblemLoader Replaying proof simplify20.key 
422853     DEBUG main            d.u.i.k.p.i.IntermediateProofReplayer Proof replay took 3.9ns 
423457     INFO  main            d.u.i.k.p.r.p.TestFile    ... finished proof: closed. 
423963     INFO  main            d.u.i.k.p.i.AbstractProblemLoader Loading environment from /home/runner/work/key/key/key.core/../key.ui/examples/standard_key/polySimp/simplify20.key.proof 
423963     DEBUG main            d.u.i.k.p.i.AbstractProblemLoader Environment load took 96.4ns 
423965     INFO  main            d.u.i.k.p.i.AbstractProblemLoader Creating init config 
426287     DEBUG main            d.u.i.k.p.i.AbstractProblemLoader Init config took 2.32s 
426301     INFO  main            d.u.i.k.p.i.AbstractProblemLoader Replaying proof simplify20.key.proof 
426330     DEBUG main            d.u.i.k.p.i.IntermediateProofReplayer Proof replay took 24.92ms 
426331     DEBUG main            d.u.i.k.p.r.p.TestFile    ... success: reloaded. 
426332     INFO  main            d.u.i.k.p.r.p.TestFile    Now processing file /home/runner/work/key/key/key.core/../key.ui/examples/standard_key/polySimp/simplify21.key 
426332     INFO  main            d.u.i.k.p.i.AbstractProblemLoader Loading environment from /home/runner/work/key/key/key.core/../key.ui/examples/standard_key/polySimp/simplify21.key 
426332     DEBUG main            d.u.i.k.p.i.AbstractProblemLoader Environment load took 73.1ns 
426335     INFO  main            d.u.i.k.p.i.AbstractProblemLoader Creating init config 
428696     DEBUG main            d.u.i.k.p.i.AbstractProblemLoader Init config took 2.36s 
428710     INFO  main            d.u.i.k.p.i.AbstractProblemLoader Replaying proof simplify21.key 
428711     DEBUG main            d.u.i.k.p.i.IntermediateProofReplayer Proof replay took 3.6ns 
429319     INFO  main            d.u.i.k.p.r.p.TestFile    ... finished proof: closed. 
429841     INFO  main            d.u.i.k.p.i.AbstractProblemLoader Loading environment from /home/runner/work/key/key/key.core/../key.ui/examples/standard_key/polySimp/simplify21.key.proof 
429841     DEBUG main            d.u.i.k.p.i.AbstractProblemLoader Environment load took 150.3ns 
429843     INFO  main            d.u.i.k.p.i.AbstractProblemLoader Creating init config 
432238     DEBUG main            d.u.i.k.p.i.AbstractProblemLoader Init config took 2.39s 
432254     INFO  main            d.u.i.k.p.i.AbstractProblemLoader Replaying proof simplify21.key.proof 
432287     DEBUG main            d.u.i.k.p.i.IntermediateProofReplayer Proof replay took 17.46ms 
432289     DEBUG main            d.u.i.k.p.r.p.TestFile    ... success: reloaded. 
432290     INFO  main            d.u.i.k.p.r.p.TestFile    Now processing file /home/runner/work/key/key/key.core/../key.ui/examples/standard_key/polySimp/simplify22.key 
432290     INFO  main            d.u.i.k.p.i.AbstractProblemLoader Loading environment from /home/runner/work/key/key/key.core/../key.ui/examples/standard_key/polySimp/simplify22.key 
432290     DEBUG main            d.u.i.k.p.i.AbstractProblemLoader Environment load took 45.6ns 
432291     INFO  main            d.u.i.k.p.i.AbstractProblemLoader Creating init config 
434650     DEBUG main            d.u.i.k.p.i.AbstractProblemLoader Init config took 2.36s 
434663     INFO  main            d.u.i.k.p.i.AbstractProblemLoader Replaying proof simplify22.key 
434664     DEBUG main            d.u.i.k.p.i.IntermediateProofReplayer Proof replay took 3.7ns 
434765     INFO  main            d.u.i.k.p.r.p.TestFile    ... finished proof: closed. 
435265     INFO  main            d.u.i.k.p.i.AbstractProblemLoader Loading environment from /home/runner/work/key/key/key.core/../key.ui/examples/standard_key/polySimp/simplify22.key.proof 
435265     DEBUG main            d.u.i.k.p.i.AbstractProblemLoader Environment load took 91.9ns 
435266     INFO  main            d.u.i.k.p.i.AbstractProblemLoader Creating init config 
437586     DEBUG main            d.u.i.k.p.i.AbstractProblemLoader Init config took 2.32s 
437599     INFO  main            d.u.i.k.p.i.AbstractProblemLoader Replaying proof simplify22.key.proof 
437602     DEBUG main            d.u.i.k.p.i.IntermediateProofReplayer Proof replay took 1.9ms 
437603     DEBUG main            d.u.i.k.p.r.p.TestFile    ... success: reloaded. 
437603     INFO  main            d.u.i.k.p.r.p.TestFile    Now processing file /home/runner/work/key/key/key.core/../key.ui/examples/standard_key/polySimp/simplify23.key 
437603     INFO  main            d.u.i.k.p.i.AbstractProblemLoader Loading environment from /home/runner/work/key/key/key.core/../key.ui/examples/standard_key/polySimp/simplify23.key 
437603     DEBUG main            d.u.i.k.p.i.AbstractProblemLoader Environment load took 72ns 
437604     INFO  main            d.u.i.k.p.i.AbstractProblemLoader Creating init config 
439964     DEBUG main            d.u.i.k.p.i.AbstractProblemLoader Init config took 2.36s 
439994     INFO  main            d.u.i.k.p.i.AbstractProblemLoader Replaying proof simplify23.key 
439995     DEBUG main            d.u.i.k.p.i.IntermediateProofReplayer Proof replay took 4.4ns 
440097     INFO  main            d.u.i.k.p.r.p.TestFile    ... finished proof: closed. 
440572     INFO  main            d.u.i.k.p.i.AbstractProblemLoader Loading environment from /home/runner/work/key/key/key.core/../key.ui/examples/standard_key/polySimp/simplify23.key.proof 
440573     DEBUG main            d.u.i.k.p.i.AbstractProblemLoader Environment load took 90.5ns 
440574     INFO  main            d.u.i.k.p.i.AbstractProblemLoader Creating init config 
442880     DEBUG main            d.u.i.k.p.i.AbstractProblemLoader Init config took 2.31s 
442893     INFO  main            d.u.i.k.p.i.AbstractProblemLoader Replaying proof simplify23.key.proof 
442903     DEBUG main            d.u.i.k.p.i.IntermediateProofReplayer Proof replay took 6.12ms 
442904     DEBUG main            d.u.i.k.p.r.p.TestFile    ... success: reloaded. 
442905     INFO  main            d.u.i.k.p.r.p.TestFile    Now processing file /home/runner/work/key/key/key.core/../key.ui/examples/standard_key/polySimp/simplify24.key 
442905     INFO  main            d.u.i.k.p.i.AbstractProblemLoader Loading environment from /home/runner/work/key/key/key.core/../key.ui/examples/standard_key/polySimp/simplify24.key 
442905     DEBUG main            d.u.i.k.p.i.AbstractProblemLoader Environment load took 190ns 
442906     INFO  main            d.u.i.k.p.i.AbstractProblemLoader Creating init config 
445278     DEBUG main            d.u.i.k.p.i.AbstractProblemLoader Init config took 2.37s 
445291     INFO  main            d.u.i.k.p.i.AbstractProblemLoader Replaying proof simplify24.key 
445292     DEBUG main            d.u.i.k.p.i.IntermediateProofReplayer Proof replay took 4.2ns 
445393     INFO  main            d.u.i.k.p.r.p.TestFile    ... finished proof: closed. 
445885     INFO  main            d.u.i.k.p.i.AbstractProblemLoader Loading environment from /home/runner/work/key/key/key.core/../key.ui/examples/standard_key/polySimp/simplify24.key.proof 
445885     DEBUG main            d.u.i.k.p.i.AbstractProblemLoader Environment load took 82ns 
445886     INFO  main            d.u.i.k.p.i.AbstractProblemLoader Creating init config 
448202     DEBUG main            d.u.i.k.p.i.AbstractProblemLoader Init config took 2.32s 
448215     INFO  main            d.u.i.k.p.i.AbstractProblemLoader Replaying proof simplify24.key.proof 
448217     DEBUG main            d.u.i.k.p.i.IntermediateProofReplayer Proof replay took 1.1ms 
448218     DEBUG main            d.u.i.k.p.r.p.TestFile    ... success: reloaded. 
448218     INFO  main            d.u.i.k.p.r.p.TestFile    Now processing file /home/runner/work/key/key/key.core/../key.ui/examples/standard_key/polySimp/simplify25.key 
448219     INFO  main            d.u.i.k.p.i.AbstractProblemLoader Loading environment from /home/runner/work/key/key/key.core/../key.ui/examples/standard_key/polySimp/simplify25.key 
448219     DEBUG main            d.u.i.k.p.i.AbstractProblemLoader Environment load took 45.3ns 
448219     INFO  main            d.u.i.k.p.i.AbstractProblemLoader Creating init config 
450625     DEBUG main            d.u.i.k.p.i.AbstractProblemLoader Init config took 2.41s 
450639     INFO  main            d.u.i.k.p.i.AbstractProblemLoader Replaying proof simplify25.key 
450640     DEBUG main            d.u.i.k.p.i.IntermediateProofReplayer Proof replay took 2.9ns 
450742     INFO  main            d.u.i.k.p.r.p.TestFile    ... finished proof: closed. 
451242     INFO  main            d.u.i.k.p.i.AbstractProblemLoader Loading environment from /home/runner/work/key/key/key.core/../key.ui/examples/standard_key/polySimp/simplify25.key.proof 
451242     DEBUG main            d.u.i.k.p.i.AbstractProblemLoader Environment load took 81.9ns 
451243     INFO  main            d.u.i.k.p.i.AbstractProblemLoader Creating init config 
453551     DEBUG main            d.u.i.k.p.i.AbstractProblemLoader Init config took 2.31s 
453564     INFO  main            d.u.i.k.p.i.AbstractProblemLoader Replaying proof simplify25.key.proof 
453567     DEBUG main            d.u.i.k.p.i.IntermediateProofReplayer Proof replay took 1.32ms 
453567     DEBUG main            d.u.i.k.p.r.p.TestFile    ... success: reloaded. 
453568     INFO  main            d.u.i.k.p.r.p.TestFile    Now processing file /home/runner/work/key/key/key.core/../key.ui/examples/standard_key/polySimp/simplify3.key 
453568     INFO  main            d.u.i.k.p.i.AbstractProblemLoader Loading environment from /home/runner/work/key/key/key.core/../key.ui/examples/standard_key/polySimp/simplify3.key 
453568     DEBUG main            d.u.i.k.p.i.AbstractProblemLoader Environment load took 43.3ns 
453569     INFO  main            d.u.i.k.p.i.AbstractProblemLoader Creating init config 
455898     DEBUG main            d.u.i.k.p.i.AbstractProblemLoader Init config took 2.33s 
455910     INFO  main            d.u.i.k.p.i.AbstractProblemLoader Replaying proof simplify3.key 
455911     DEBUG main            d.u.i.k.p.i.IntermediateProofReplayer Proof replay took 4.2ns 
456013     INFO  main            d.u.i.k.p.r.p.TestFile    ... finished proof: closed. 
456514     INFO  main            d.u.i.k.p.i.AbstractProblemLoader Loading environment from /home/runner/work/key/key/key.core/../key.ui/examples/standard_key/polySimp/simplify3.key.proof 
456514     DEBUG main            d.u.i.k.p.i.AbstractProblemLoader Environment load took 78.4ns 
456515     INFO  main            d.u.i.k.p.i.AbstractProblemLoader Creating init config 
458813     DEBUG main            d.u.i.k.p.i.AbstractProblemLoader Init config took 2.3s 
458826     INFO  main            d.u.i.k.p.i.AbstractProblemLoader Replaying proof simplify3.key.proof 
458828     DEBUG main            d.u.i.k.p.i.IntermediateProofReplayer Proof replay took 495.11ns 
458828     DEBUG main            d.u.i.k.p.r.p.TestFile    ... success: reloaded. 
458829     INFO  main            d.u.i.k.p.r.p.TestFile    Now processing file /home/runner/work/key/key/key.core/../key.ui/examples/standard_key/polySimp/simplify4.key 
458829     INFO  main            d.u.i.k.p.i.AbstractProblemLoader Loading environment from /home/runner/work/key/key/key.core/../key.ui/examples/standard_key/polySimp/simplify4.key 
458829     DEBUG main            d.u.i.k.p.i.AbstractProblemLoader Environment load took 42.7ns 
458830     INFO  main            d.u.i.k.p.i.AbstractProblemLoader Creating init config 
461160     DEBUG main            d.u.i.k.p.i.AbstractProblemLoader Init config took 2.33s 
461173     INFO  main            d.u.i.k.p.i.AbstractProblemLoader Replaying proof simplify4.key 
461174     DEBUG main            d.u.i.k.p.i.IntermediateProofReplayer Proof replay took 3.4ns 
461275     INFO  main            d.u.i.k.p.r.p.TestFile    ... finished proof: closed. 
461772     INFO  main            d.u.i.k.p.i.AbstractProblemLoader Loading environment from /home/runner/work/key/key/key.core/../key.ui/examples/standard_key/polySimp/simplify4.key.proof 
461772     DEBUG main            d.u.i.k.p.i.AbstractProblemLoader Environment load took 77.4ns 
461773     INFO  main            d.u.i.k.p.i.AbstractProblemLoader Creating init config 
464080     DEBUG main            d.u.i.k.p.i.AbstractProblemLoader Init config took 2.31s 
464093     INFO  main            d.u.i.k.p.i.AbstractProblemLoader Replaying proof simplify4.key.proof 
464095     DEBUG main            d.u.i.k.p.i.IntermediateProofReplayer Proof replay took 611.41ns 
464095     DEBUG main            d.u.i.k.p.r.p.TestFile    ... success: reloaded. 
464096     INFO  main            d.u.i.k.p.r.p.TestFile    Now processing file /home/runner/work/key/key/key.core/../key.ui/examples/standard_key/polySimp/simplify5.key 
464097     INFO  main            d.u.i.k.p.i.AbstractProblemLoader Loading environment from /home/runner/work/key/key/key.core/../key.ui/examples/standard_key/polySimp/simplify5.key 
464097     DEBUG main            d.u.i.k.p.i.AbstractProblemLoader Environment load took 54.4ns 
464098     INFO  main            d.u.i.k.p.i.AbstractProblemLoader Creating init config 
466427     DEBUG main            d.u.i.k.p.i.AbstractProblemLoader Init config took 2.33s 
466440     INFO  main            d.u.i.k.p.i.AbstractProblemLoader Replaying proof simplify5.key 
466441     DEBUG main            d.u.i.k.p.i.IntermediateProofReplayer Proof replay took 3.9ns 
466543     INFO  main            d.u.i.k.p.r.p.TestFile    ... finished proof: closed. 
467060     INFO  main            d.u.i.k.p.i.AbstractProblemLoader Loading environment from /home/runner/work/key/key/key.core/../key.ui/examples/standard_key/polySimp/simplify5.key.proof 
467060     DEBUG main            d.u.i.k.p.i.AbstractProblemLoader Environment load took 87.7ns 
467061     INFO  main            d.u.i.k.p.i.AbstractProblemLoader Creating init config 
469373     DEBUG main            d.u.i.k.p.i.AbstractProblemLoader Init config took 2.31s 
469385     INFO  main            d.u.i.k.p.i.AbstractProblemLoader Replaying proof simplify5.key.proof 
469389     DEBUG main            d.u.i.k.p.i.IntermediateProofReplayer Proof replay took 2.17ms 
469390     DEBUG main            d.u.i.k.p.r.p.TestFile    ... success: reloaded. 
469390     INFO  main            d.u.i.k.p.r.p.TestFile    Now processing file /home/runner/work/key/key/key.core/../key.ui/examples/standard_key/polySimp/simplify6.key 
469390     INFO  main            d.u.i.k.p.i.AbstractProblemLoader Loading environment from /home/runner/work/key/key/key.core/../key.ui/examples/standard_key/polySimp/simplify6.key 
469390     DEBUG main            d.u.i.k.p.i.AbstractProblemLoader Environment load took 41.1ns 
469391     INFO  main            d.u.i.k.p.i.AbstractProblemLoader Creating init config 
471725     DEBUG main            d.u.i.k.p.i.AbstractProblemLoader Init config took 2.33s 
471738     INFO  main            d.u.i.k.p.i.AbstractProblemLoader Replaying proof simplify6.key 
471739     DEBUG main            d.u.i.k.p.i.IntermediateProofReplayer Proof replay took 3.5ns 
471841     INFO  main            d.u.i.k.p.r.p.TestFile    ... finished proof: closed. 
472357     INFO  main            d.u.i.k.p.i.AbstractProblemLoader Loading environment from /home/runner/work/key/key/key.core/../key.ui/examples/standard_key/polySimp/simplify6.key.proof 
472357     DEBUG main            d.u.i.k.p.i.AbstractProblemLoader Environment load took 87.4ns 
472358     INFO  main            d.u.i.k.p.i.AbstractProblemLoader Creating init config 
474673     DEBUG main            d.u.i.k.p.i.AbstractProblemLoader Init config took 2.31s 
474686     INFO  main            d.u.i.k.p.i.AbstractProblemLoader Replaying proof simplify6.key.proof 
474687     DEBUG main            d.u.i.k.p.i.IntermediateProofReplayer Proof replay took 145.4ns 
474688     DEBUG main            d.u.i.k.p.r.p.TestFile    ... success: reloaded. 
474688     INFO  main            d.u.i.k.p.r.p.TestFile    Now processing file /home/runner/work/key/key/key.core/../key.ui/examples/standard_key/polySimp/simplify7.key 
474688     INFO  main            d.u.i.k.p.i.AbstractProblemLoader Loading environment from /home/runner/work/key/key/key.core/../key.ui/examples/standard_key/polySimp/simplify7.key 
474688     DEBUG main            d.u.i.k.p.i.AbstractProblemLoader Environment load took 42.8ns 
474689     INFO  main            d.u.i.k.p.i.AbstractProblemLoader Creating init config 
477023     DEBUG main            d.u.i.k.p.i.AbstractProblemLoader Init config took 2.33s 
477036     INFO  main            d.u.i.k.p.i.AbstractProblemLoader Replaying proof simplify7.key 
477037     DEBUG main            d.u.i.k.p.i.IntermediateProofReplayer Proof replay took 3.4ns 
477138     INFO  main            d.u.i.k.p.r.p.TestFile    ... finished proof: closed. 
477655     INFO  main            d.u.i.k.p.i.AbstractProblemLoader Loading environment from /home/runner/work/key/key/key.core/../key.ui/examples/standard_key/polySimp/simplify7.key.proof 
477655     DEBUG main            d.u.i.k.p.i.AbstractProblemLoader Environment load took 78.1ns 
477656     INFO  main            d.u.i.k.p.i.AbstractProblemLoader Creating init config 
479962     DEBUG main            d.u.i.k.p.i.AbstractProblemLoader Init config took 2.31s 
479975     INFO  main            d.u.i.k.p.i.AbstractProblemLoader Replaying proof simplify7.key.proof 
479977     DEBUG main            d.u.i.k.p.i.IntermediateProofReplayer Proof replay took 255.3ns 
479978     DEBUG main            d.u.i.k.p.r.p.TestFile    ... success: reloaded. 
479978     INFO  main            d.u.i.k.p.r.p.TestFile    Now processing file /home/runner/work/key/key/key.core/../key.ui/examples/standard_key/polySimp/simplify8.key 
479978     INFO  main            d.u.i.k.p.i.AbstractProblemLoader Loading environment from /home/runner/work/key/key/key.core/../key.ui/examples/standard_key/polySimp/simplify8.key 
479978     DEBUG main            d.u.i.k.p.i.AbstractProblemLoader Environment load took 43.4ns 
479981     INFO  main            d.u.i.k.p.i.AbstractProblemLoader Creating init config 
482319     DEBUG main            d.u.i.k.p.i.AbstractProblemLoader Init config took 2.34s 
482332     INFO  main            d.u.i.k.p.i.AbstractProblemLoader Replaying proof simplify8.key 
482333     DEBUG main            d.u.i.k.p.i.IntermediateProofReplayer Proof replay took 3.8ns 
486111     INFO  main            d.u.i.k.p.r.p.TestFile    ... finished proof: closed. 
486664     INFO  main            d.u.i.k.p.i.AbstractProblemLoader Loading environment from /home/runner/work/key/key/key.core/../key.ui/examples/standard_key/polySimp/simplify8.key.proof 
486664     DEBUG main            d.u.i.k.p.i.AbstractProblemLoader Environment load took 82.1ns 
486667     INFO  main            d.u.i.k.p.i.AbstractProblemLoader Creating init config 
488982     DEBUG main            d.u.i.k.p.i.AbstractProblemLoader Init config took 2.32s 
488998     INFO  main            d.u.i.k.p.i.AbstractProblemLoader Replaying proof simplify8.key.proof 
489042     DEBUG main            d.u.i.k.p.i.IntermediateProofReplayer Proof replay took 40.14ms 
489045     DEBUG main            d.u.i.k.p.r.p.TestFile    ... success: reloaded. 
489045     INFO  main            d.u.i.k.p.r.p.TestFile    Now processing file /home/runner/work/key/key/key.core/../key.ui/examples/standard_key/polySimp/simplify9.key 
489045     INFO  main            d.u.i.k.p.i.AbstractProblemLoader Loading environment from /home/runner/work/key/key/key.core/../key.ui/examples/standard_key/polySimp/simplify9.key 
489045     DEBUG main            d.u.i.k.p.i.AbstractProblemLoader Environment load took 46ns 
489046     INFO  main            d.u.i.k.p.i.AbstractProblemLoader Creating init config 
491405     DEBUG main            d.u.i.k.p.i.AbstractProblemLoader Init config took 2.36s 
491418     INFO  main            d.u.i.k.p.i.AbstractProblemLoader Replaying proof simplify9.key 
491419     DEBUG main            d.u.i.k.p.i.IntermediateProofReplayer Proof replay took 4.1ns 
491621     INFO  main            d.u.i.k.p.r.p.TestFile    ... finished proof: closed. 
492185     INFO  main            d.u.i.k.p.i.AbstractProblemLoader Loading environment from /home/runner/work/key/key/key.core/../key.ui/examples/standard_key/polySimp/simplify9.key.proof 
492185     DEBUG main            d.u.i.k.p.i.AbstractProblemLoader Environment load took 83.4ns 
492186     INFO  main            d.u.i.k.p.i.AbstractProblemLoader Creating init config 
494482     DEBUG main            d.u.i.k.p.i.AbstractProblemLoader Init config took 2.3s 
494496     INFO  main            d.u.i.k.p.i.AbstractProblemLoader Replaying proof simplify9.key.proof 
494500     DEBUG main            d.u.i.k.p.i.IntermediateProofReplayer Proof replay took 3.15ms 
494501     DEBUG main            d.u.i.k.p.r.p.TestFile    ... success: reloaded. 
2801073    INFO  Test worker     d.u.i.k.p.r.RunAllProofsTestUnit Returning from test arithmetic 
2801074    INFO  Test worker     d.u.i.k.p.r.RunAllProofsTestUnit Running test arrays 
342        INFO  Timeout watchdog d.u.i.k.p.r.p.ForkedTestFileRunner Timeout watcher launched (2000 secs.) 
349        WARN  main            d.u.i.k.s.ProofSettings   The settings in /home/runner/.key/proof-settings.props are *not* read. 
375        INFO  main            d.u.i.k.p.r.p.TestFile    Now processing file /home/runner/work/key/key/key.core/../key.ui/examples/standard_key/arrays/arrayStoreException/array2DimPrim.key 
485        INFO  main            d.u.i.k.p.i.AbstractProblemLoader Loading environment from /home/runner/work/key/key/key.core/../key.ui/examples/standard_key/arrays/arrayStoreException/array2DimPrim.key 
501        DEBUG main            d.u.i.k.p.i.AbstractProblemLoader Environment load took 1.96ms 
766        INFO  main            d.u.i.k.p.i.AbstractProblemLoader Creating init config 
1582       DEBUG main            d.u.i.k.j.TypeConverter   No LDT found for Meta 
1582       DEBUG main            d.u.i.k.j.TypeConverter   No LDT found for Meta 
1583       DEBUG main            d.u.i.k.j.TypeConverter   No LDT found for Meta 
1584       DEBUG main            d.u.i.k.j.TypeConverter   No LDT found for Meta 
3027       DEBUG main            d.u.i.k.j.TypeConverter   No LDT found for JavaBigintExpression 
8048       DEBUG main            d.u.i.k.p.i.AbstractProblemLoader Init config took 7.28s 
8115       INFO  main            d.u.i.k.p.i.AbstractProblemLoader Replaying proof array2DimPrim.key 
8148       DEBUG main            d.u.i.k.p.i.IntermediateProofReplayer Proof replay took 36.3ns 
12002      INFO  main            d.u.i.k.p.r.p.TestFile    ... finished proof: closed. 
12288      INFO  main            d.u.i.k.p.i.AbstractProblemLoader Loading environment from /home/runner/work/key/key/key.core/../key.ui/examples/standard_key/arrays/arrayStoreException/array2DimPrim.key.proof 
12288      DEBUG main            d.u.i.k.p.i.AbstractProblemLoader Environment load took 456.81ns 
12293      INFO  main            d.u.i.k.p.i.AbstractProblemLoader Creating init config 
15222      DEBUG main            d.u.i.k.p.i.AbstractProblemLoader Init config took 2.93s 
15254      INFO  main            d.u.i.k.p.i.AbstractProblemLoader Replaying proof array2DimPrim.key.proof 
15602      DEBUG main            d.u.i.k.p.i.IntermediateProofReplayer Proof replay took 332.45ms 
15616      DEBUG main            d.u.i.k.p.r.p.TestFile    ... success: reloaded. 
15618      INFO  main            d.u.i.k.p.r.p.TestFile    Now processing file /home/runner/work/key/key/key.core/../key.ui/examples/standard_key/arrays/arrayStoreException/arrayStoreKnownDynType.key 
15618      INFO  main            d.u.i.k.p.i.AbstractProblemLoader Loading environment from /home/runner/work/key/key/key.core/../key.ui/examples/standard_key/arrays/arrayStoreException/arrayStoreKnownDynType.key 
15618      DEBUG main            d.u.i.k.p.i.AbstractProblemLoader Environment load took 215.5ns 
15620      INFO  main            d.u.i.k.p.i.AbstractProblemLoader Creating init config 
18378      DEBUG main            d.u.i.k.p.i.AbstractProblemLoader Init config took 2.76s 
18407      INFO  main            d.u.i.k.p.i.AbstractProblemLoader Replaying proof arrayStoreKnownDynType.key 
18410      DEBUG main            d.u.i.k.p.i.IntermediateProofReplayer Proof replay took 7ns 
18613      INFO  main            d.u.i.k.p.r.p.TestFile    ... finished proof: closed. 
18849      INFO  main            d.u.i.k.p.i.AbstractProblemLoader Loading environment from /home/runner/work/key/key/key.core/../key.ui/examples/standard_key/arrays/arrayStoreException/arrayStoreKnownDynType.key.proof 
18849      DEBUG main            d.u.i.k.p.i.AbstractProblemLoader Environment load took 142.8ns 
18853      INFO  main            d.u.i.k.p.i.AbstractProblemLoader Creating init config 
21583      DEBUG main            d.u.i.k.p.i.AbstractProblemLoader Init config took 2.73s 
21621      INFO  main            d.u.i.k.p.i.AbstractProblemLoader Replaying proof arrayStoreKnownDynType.key.proof 
21656      DEBUG main            d.u.i.k.p.i.IntermediateProofReplayer Proof replay took 31.64ms 
21658      DEBUG main            d.u.i.k.p.r.p.TestFile    ... success: reloaded. 
21659      INFO  main            d.u.i.k.p.r.p.TestFile    Now processing file /home/runner/work/key/key/key.core/../key.ui/examples/standard_key/arrays/arrayStoreException/reverseArray.key 
21659      INFO  main            d.u.i.k.p.i.AbstractProblemLoader Loading environment from /home/runner/work/key/key/key.core/../key.ui/examples/standard_key/arrays/arrayStoreException/reverseArray.key 
21659      DEBUG main            d.u.i.k.p.i.AbstractProblemLoader Environment load took 215.7ns 
21661      INFO  main            d.u.i.k.p.i.AbstractProblemLoader Creating init config 
24537      DEBUG main            d.u.i.k.p.i.AbstractProblemLoader Init config took 2.88s 
24563      INFO  main            d.u.i.k.p.i.AbstractProblemLoader Replaying proof reverseArray.key 
24567      DEBUG main            d.u.i.k.p.i.IntermediateProofReplayer Proof replay took 8.4ns 
25181      INFO  main            d.u.i.k.p.r.p.TestFile    ... finished proof: closed. 
25342      INFO  main            d.u.i.k.p.i.AbstractProblemLoader Loading environment from /home/runner/work/key/key/key.core/../key.ui/examples/standard_key/arrays/arrayStoreException/reverseArray.key.proof 
25342      DEBUG main            d.u.i.k.p.i.AbstractProblemLoader Environment load took 416.41ns 
25344      INFO  main            d.u.i.k.p.i.AbstractProblemLoader Creating init config 
28155      DEBUG main            d.u.i.k.p.i.AbstractProblemLoader Init config took 2.81s 
28181      INFO  main            d.u.i.k.p.i.AbstractProblemLoader Replaying proof reverseArray.key.proof 
28308      DEBUG main            d.u.i.k.p.i.IntermediateProofReplayer Proof replay took 118.34ms 
28311      DEBUG main            d.u.i.k.p.r.p.TestFile    ... success: reloaded. 
28313      INFO  main            d.u.i.k.p.r.p.TestFile    Now processing file /home/runner/work/key/key/key.core/../key.ui/examples/standard_key/arrays/arrayStoreException/throwArrayStoreException.key 
28314      INFO  main            d.u.i.k.p.i.AbstractProblemLoader Loading environment from /home/runner/work/key/key/key.core/../key.ui/examples/standard_key/arrays/arrayStoreException/throwArrayStoreException.key 
28314      DEBUG main            d.u.i.k.p.i.AbstractProblemLoader Environment load took 211.9ns 
28317      INFO  main            d.u.i.k.p.i.AbstractProblemLoader Creating init config 
31101      DEBUG main            d.u.i.k.p.i.AbstractProblemLoader Init config took 2.78s 
31123      INFO  main            d.u.i.k.p.i.AbstractProblemLoader Replaying proof throwArrayStoreException.key 
31125      DEBUG main            d.u.i.k.p.i.IntermediateProofReplayer Proof replay took 7.6ns 
31532      INFO  main            d.u.i.k.p.r.p.TestFile    ... finished proof: closed. 
31720      INFO  main            d.u.i.k.p.i.AbstractProblemLoader Loading environment from /home/runner/work/key/key/key.core/../key.ui/examples/standard_key/arrays/arrayStoreException/throwArrayStoreException.key.proof 
31720      DEBUG main            d.u.i.k.p.i.AbstractProblemLoader Environment load took 418.81ns 
31722      INFO  main            d.u.i.k.p.i.AbstractProblemLoader Creating init config 
34467      DEBUG main            d.u.i.k.p.i.AbstractProblemLoader Init config took 2.75s 
34498      INFO  main            d.u.i.k.p.i.AbstractProblemLoader Replaying proof throwArrayStoreException.key.proof 
34601      DEBUG main            d.u.i.k.p.i.IntermediateProofReplayer Proof replay took 96.29ms 
34603      DEBUG main            d.u.i.k.p.r.p.TestFile    ... success: reloaded. 
34604      INFO  main            d.u.i.k.p.r.p.TestFile    Now processing file /home/runner/work/key/key/key.core/../key.ui/examples/standard_key/arrays/creation/arrayCreation1.key 
34604      INFO  main            d.u.i.k.p.i.AbstractProblemLoader Loading environment from /home/runner/work/key/key/key.core/../key.ui/examples/standard_key/arrays/creation/arrayCreation1.key 
34604      DEBUG main            d.u.i.k.p.i.AbstractProblemLoader Environment load took 97.7ns 
34605      INFO  main            d.u.i.k.p.i.AbstractProblemLoader Creating init config 
37312      DEBUG main            d.u.i.k.p.i.AbstractProblemLoader Init config took 2.71s 
37334      INFO  main            d.u.i.k.p.i.AbstractProblemLoader Replaying proof arrayCreation1.key 
37336      DEBUG main            d.u.i.k.p.i.IntermediateProofReplayer Proof replay took 8.3ns 
37439      INFO  main            d.u.i.k.p.r.p.TestFile    ... finished proof: closed. 
37605      INFO  main            d.u.i.k.p.i.AbstractProblemLoader Loading environment from /home/runner/work/key/key/key.core/../key.ui/examples/standard_key/arrays/creation/arrayCreation1.key.proof 
37606      DEBUG main            d.u.i.k.p.i.AbstractProblemLoader Environment load took 628.91ns 
37607      INFO  main            d.u.i.k.p.i.AbstractProblemLoader Creating init config 
40258      DEBUG main            d.u.i.k.p.i.AbstractProblemLoader Init config took 2.65s 
40281      INFO  main            d.u.i.k.p.i.AbstractProblemLoader Replaying proof arrayCreation1.key.proof 
40306      DEBUG main            d.u.i.k.p.i.IntermediateProofReplayer Proof replay took 21.19ms 
40307      DEBUG main            d.u.i.k.p.r.p.TestFile    ... success: reloaded. 
40308      INFO  main            d.u.i.k.p.r.p.TestFile    Now processing file /home/runner/work/key/key/key.core/../key.ui/examples/standard_key/arrays/arrayStoreException/array2Dim.key 
40308      INFO  main            d.u.i.k.p.i.AbstractProblemLoader Loading environment from /home/runner/work/key/key/key.core/../key.ui/examples/standard_key/arrays/arrayStoreException/array2Dim.key 
40308      DEBUG main            d.u.i.k.p.i.AbstractProblemLoader Environment load took 206.6ns 
40310      INFO  main            d.u.i.k.p.i.AbstractProblemLoader Creating init config 
43036      DEBUG main            d.u.i.k.p.i.AbstractProblemLoader Init config took 2.73s 
43063      INFO  main            d.u.i.k.p.i.AbstractProblemLoader Replaying proof array2Dim.key 
43066      DEBUG main            d.u.i.k.p.i.IntermediateProofReplayer Proof replay took 7.1ns 
46552      INFO  main            d.u.i.k.p.r.p.TestFile    ... finished proof: open goal(s) 
46810      INFO  main            d.u.i.k.p.r.p.TestFile    Now processing file /home/runner/work/key/key/key.core/../key.ui/examples/standard_key/arrays/arrayStoreException/array2DimClose.key 
46810      INFO  main            d.u.i.k.p.i.AbstractProblemLoader Loading environment from /home/runner/work/key/key/key.core/../key.ui/examples/standard_key/arrays/arrayStoreException/array2DimClose.key 
46810      DEBUG main            d.u.i.k.p.i.AbstractProblemLoader Environment load took 72.6ns 
46812      INFO  main            d.u.i.k.p.i.AbstractProblemLoader Creating init config 
49446      DEBUG main            d.u.i.k.p.i.AbstractProblemLoader Init config took 2.63s 
49466      INFO  main            d.u.i.k.p.i.AbstractProblemLoader Replaying proof array2DimClose.key 
49468      DEBUG main            d.u.i.k.p.i.IntermediateProofReplayer Proof replay took 16.2ns 
51708      INFO  main            d.u.i.k.p.r.p.TestFile    ... finished proof: open goal(s) 
52058      INFO  main            d.u.i.k.p.r.p.TestFile    Now processing file /home/runner/work/key/key/key.core/../key.ui/examples/standard_key/arrays/arrayStoreException/throwASEForPrim.key 
52059      INFO  main            d.u.i.k.p.i.AbstractProblemLoader Loading environment from /home/runner/work/key/key/key.core/../key.ui/examples/standard_key/arrays/arrayStoreException/throwASEForPrim.key 
52059      DEBUG main            d.u.i.k.p.i.AbstractProblemLoader Environment load took 105.5ns 
52060      INFO  main            d.u.i.k.p.i.AbstractProblemLoader Creating init config 
54629      DEBUG main            d.u.i.k.p.i.AbstractProblemLoader Init config took 2.57s 
54647      INFO  main            d.u.i.k.p.i.AbstractProblemLoader Replaying proof throwASEForPrim.key 
54649      DEBUG main            d.u.i.k.p.i.IntermediateProofReplayer Proof replay took 7.8ns 
59071      INFO  main            d.u.i.k.p.r.p.TestFile    ... finished proof: open goal(s) 
2860644    INFO  Test worker     d.u.i.k.p.r.RunAllProofsTestUnit Returning from test arrays 
2860645    INFO  Test worker     d.u.i.k.p.r.RunAllProofsTestUnit Running test javadl 
355        INFO  Timeout watchdog d.u.i.k.p.r.p.ForkedTestFileRunner Timeout watcher launched (2000 secs.) 
362        WARN  main            d.u.i.k.s.ProofSettings   The settings in /home/runner/.key/proof-settings.props are *not* read. 
399        INFO  main            d.u.i.k.p.r.p.TestFile    Now processing file /home/runner/work/key/key/key.core/../key.ui/examples/standard_key/instanceCreation/instanceCreation1.key 
537        INFO  main            d.u.i.k.p.i.AbstractProblemLoader Loading environment from /home/runner/work/key/key/key.core/../key.ui/examples/standard_key/instanceCreation/instanceCreation1.key 
563        DEBUG main            d.u.i.k.p.i.AbstractProblemLoader Environment load took 1.91ms 
829        INFO  main            d.u.i.k.p.i.AbstractProblemLoader Creating init config 
1758       DEBUG main            d.u.i.k.j.TypeConverter   No LDT found for Meta 
1762       DEBUG main            d.u.i.k.j.TypeConverter   No LDT found for Meta 
1766       DEBUG main            d.u.i.k.j.TypeConverter   No LDT found for Meta 
1766       DEBUG main            d.u.i.k.j.TypeConverter   No LDT found for Meta 
3228       DEBUG main            d.u.i.k.j.TypeConverter   No LDT found for JavaBigintExpression 
8094       DEBUG main            d.u.i.k.p.i.AbstractProblemLoader Init config took 7.26s 
8190       INFO  main            d.u.i.k.p.i.AbstractProblemLoader Replaying proof instanceCreation1.key 
8227       DEBUG main            d.u.i.k.p.i.IntermediateProofReplayer Proof replay took 37ns 
9277       INFO  main            d.u.i.k.p.r.p.TestFile    ... finished proof: closed. 
9395       INFO  main            d.u.i.k.p.i.AbstractProblemLoader Loading environment from /home/runner/work/key/key/key.core/../key.ui/examples/standard_key/instanceCreation/instanceCreation1.key.proof 
9398       DEBUG main            d.u.i.k.p.i.AbstractProblemLoader Environment load took 3.45ms 
9406       INFO  main            d.u.i.k.p.i.AbstractProblemLoader Creating init config 
12214      DEBUG main            d.u.i.k.p.i.AbstractProblemLoader Init config took 2.81s 
12248      INFO  main            d.u.i.k.p.i.AbstractProblemLoader Replaying proof instanceCreation1.key.proof 
12398      DEBUG main            d.u.i.k.p.i.IntermediateProofReplayer Proof replay took 136.09ms 
12411      DEBUG main            d.u.i.k.p.r.p.TestFile    ... success: reloaded. 
12415      INFO  main            d.u.i.k.p.r.p.TestFile    Now processing file /home/runner/work/key/key/key.core/../key.ui/examples/standard_key/instanceCreation/instanceCreation2.key 
12415      INFO  main            d.u.i.k.p.i.AbstractProblemLoader Loading environment from /home/runner/work/key/key/key.core/../key.ui/examples/standard_key/instanceCreation/instanceCreation2.key 
12416      DEBUG main            d.u.i.k.p.i.AbstractProblemLoader Environment load took 134.1ns 
12420      INFO  main            d.u.i.k.p.i.AbstractProblemLoader Creating init config 
15153      DEBUG main            d.u.i.k.p.i.AbstractProblemLoader Init config took 2.73s 
15183      INFO  main            d.u.i.k.p.i.AbstractProblemLoader Replaying proof instanceCreation2.key 
15185      DEBUG main            d.u.i.k.p.i.IntermediateProofReplayer Proof replay took 6.5ns 
15697      INFO  main            d.u.i.k.p.r.p.TestFile    ... finished proof: closed. 
15872      INFO  main            d.u.i.k.p.i.AbstractProblemLoader Loading environment from /home/runner/work/key/key/key.core/../key.ui/examples/standard_key/instanceCreation/instanceCreation2.key.proof 
15873      DEBUG main            d.u.i.k.p.i.AbstractProblemLoader Environment load took 573.61ns 
15878      INFO  main            d.u.i.k.p.i.AbstractProblemLoader Creating init config 
18496      DEBUG main            d.u.i.k.p.i.AbstractProblemLoader Init config took 2.62s 
18528      INFO  main            d.u.i.k.p.i.AbstractProblemLoader Replaying proof instanceCreation2.key.proof 
18638      DEBUG main            d.u.i.k.p.i.IntermediateProofReplayer Proof replay took 101.21ms 
18640      DEBUG main            d.u.i.k.p.r.p.TestFile    ... success: reloaded. 
18642      INFO  main            d.u.i.k.p.r.p.TestFile    Now processing file /home/runner/work/key/key/key.core/../key.ui/examples/standard_key/instanceCreation/interfacesAndAbstractClassesHaveNoInstances.key 
18643      INFO  main            d.u.i.k.p.i.AbstractProblemLoader Loading environment from /home/runner/work/key/key/key.core/../key.ui/examples/standard_key/instanceCreation/interfacesAndAbstractClassesHaveNoInstances.key 
18643      DEBUG main            d.u.i.k.p.i.AbstractProblemLoader Environment load took 113.9ns 
18645      INFO  main            d.u.i.k.p.i.AbstractProblemLoader Creating init config 
21260      DEBUG main            d.u.i.k.p.i.AbstractProblemLoader Init config took 2.62s 
21280      INFO  main            d.u.i.k.p.i.AbstractProblemLoader Replaying proof interfacesAndAbstractClassesHaveNoInstances.key 
21282      DEBUG main            d.u.i.k.p.i.IntermediateProofReplayer Proof replay took 5.5ns 
21385      INFO  main            d.u.i.k.p.r.p.TestFile    ... finished proof: closed. 
21539      INFO  main            d.u.i.k.p.i.AbstractProblemLoader Loading environment from /home/runner/work/key/key/key.core/../key.ui/examples/standard_key/instanceCreation/interfacesAndAbstractClassesHaveNoInstances.key.proof 
21539      DEBUG main            d.u.i.k.p.i.AbstractProblemLoader Environment load took 129.8ns 
21541      INFO  main            d.u.i.k.p.i.AbstractProblemLoader Creating init config 
24007      DEBUG main            d.u.i.k.p.i.AbstractProblemLoader Init config took 2.47s 
24027      INFO  main            d.u.i.k.p.i.AbstractProblemLoader Replaying proof interfacesAndAbstractClassesHaveNoInstances.key.proof 
24030      DEBUG main            d.u.i.k.p.i.IntermediateProofReplayer Proof replay took 1.16ms 
24031      DEBUG main            d.u.i.k.p.r.p.TestFile    ... success: reloaded. 
24032      INFO  main            d.u.i.k.p.r.p.TestFile    Now processing file /home/runner/work/key/key/key.core/../key.ui/examples/standard_key/instanceCreation/successiveCreatedObjectsAreDistinct.key 
24032      INFO  main            d.u.i.k.p.i.AbstractProblemLoader Loading environment from /home/runner/work/key/key/key.core/../key.ui/examples/standard_key/instanceCreation/successiveCreatedObjectsAreDistinct.key 
24033      DEBUG main            d.u.i.k.p.i.AbstractProblemLoader Environment load took 102.9ns 
24034      INFO  main            d.u.i.k.p.i.AbstractProblemLoader Creating init config 
26496      DEBUG main            d.u.i.k.p.i.AbstractProblemLoader Init config took 2.46s 
26518      INFO  main            d.u.i.k.p.i.AbstractProblemLoader Replaying proof successiveCreatedObjectsAreDistinct.key 
26520      DEBUG main            d.u.i.k.p.i.IntermediateProofReplayer Proof replay took 6.3ns 
26924      INFO  main            d.u.i.k.p.r.p.TestFile    ... finished proof: closed. 
27117      INFO  main            d.u.i.k.p.i.AbstractProblemLoader Loading environment from /home/runner/work/key/key/key.core/../key.ui/examples/standard_key/instanceCreation/successiveCreatedObjectsAreDistinct.key.proof 
27117      DEBUG main            d.u.i.k.p.i.AbstractProblemLoader Environment load took 420.41ns 
27118      INFO  main            d.u.i.k.p.i.AbstractProblemLoader Creating init config 
29575      DEBUG main            d.u.i.k.p.i.AbstractProblemLoader Init config took 2.46s 
29597      INFO  main            d.u.i.k.p.i.AbstractProblemLoader Replaying proof successiveCreatedObjectsAreDistinct.key.proof 
29648      DEBUG main            d.u.i.k.p.i.IntermediateProofReplayer Proof replay took 47.33ms 
29649      DEBUG main            d.u.i.k.p.r.p.TestFile    ... success: reloaded. 
29650      INFO  main            d.u.i.k.p.r.p.TestFile    Now processing file /home/runner/work/key/key/key.core/../key.ui/examples/standard_key/instanceCreation/testOverloadingConstructors.key 
29651      INFO  main            d.u.i.k.p.i.AbstractProblemLoader Loading environment from /home/runner/work/key/key/key.core/../key.ui/examples/standard_key/instanceCreation/testOverloadingConstructors.key 
29651      DEBUG main            d.u.i.k.p.i.AbstractProblemLoader Environment load took 215.4ns 
29652      INFO  main            d.u.i.k.p.i.AbstractProblemLoader Creating init config 
32147      DEBUG main            d.u.i.k.p.i.AbstractProblemLoader Init config took 2.49s 
32173      INFO  main            d.u.i.k.p.i.AbstractProblemLoader Replaying proof testOverloadingConstructors.key 
32176      DEBUG main            d.u.i.k.p.i.IntermediateProofReplayer Proof replay took 7.8ns 
32481      INFO  main            d.u.i.k.p.r.p.TestFile    ... finished proof: closed. 
32658      INFO  main            d.u.i.k.p.i.AbstractProblemLoader Loading environment from /home/runner/work/key/key/key.core/../key.ui/examples/standard_key/instanceCreation/testOverloadingConstructors.key.proof 
32661      DEBUG main            d.u.i.k.p.i.AbstractProblemLoader Environment load took 2.35ms 
32662      INFO  main            d.u.i.k.p.i.AbstractProblemLoader Creating init config 
35175      DEBUG main            d.u.i.k.p.i.AbstractProblemLoader Init config took 2.51s 
35197      INFO  main            d.u.i.k.p.i.AbstractProblemLoader Replaying proof testOverloadingConstructors.key.proof 
35244      DEBUG main            d.u.i.k.p.i.IntermediateProofReplayer Proof replay took 43.73ms 
35246      DEBUG main            d.u.i.k.p.r.p.TestFile    ... success: reloaded. 
35247      INFO  main            d.u.i.k.p.r.p.TestFile    Now processing file /home/runner/work/key/key/key.core/../key.ui/examples/standard_key/java_dl/SimpleAttributes.key 
35247      INFO  main            d.u.i.k.p.i.AbstractProblemLoader Loading environment from /home/runner/work/key/key/key.core/../key.ui/examples/standard_key/java_dl/SimpleAttributes.key 
35248      DEBUG main            d.u.i.k.p.i.AbstractProblemLoader Environment load took 236.8ns 
35249      INFO  main            d.u.i.k.p.i.AbstractProblemLoader Creating init config 
37715      DEBUG main            d.u.i.k.p.i.AbstractProblemLoader Init config took 2.47s 
37736      INFO  main            d.u.i.k.p.i.AbstractProblemLoader Replaying proof SimpleAttributes.key 
37737      DEBUG main            d.u.i.k.p.i.IntermediateProofReplayer Proof replay took 6.2ns 
37842      INFO  main            d.u.i.k.p.r.p.TestFile    ... finished proof: closed. 
38033      INFO  main            d.u.i.k.p.i.AbstractProblemLoader Loading environment from /home/runner/work/key/key/key.core/../key.ui/examples/standard_key/java_dl/SimpleAttributes.key.proof 
38033      DEBUG main            d.u.i.k.p.i.AbstractProblemLoader Environment load took 122.6ns 
38034      INFO  main            d.u.i.k.p.i.AbstractProblemLoader Creating init config 
40409      DEBUG main            d.u.i.k.p.i.AbstractProblemLoader Init config took 2.37s 
40430      INFO  main            d.u.i.k.p.i.AbstractProblemLoader Replaying proof SimpleAttributes.key.proof 
40452      DEBUG main            d.u.i.k.p.i.IntermediateProofReplayer Proof replay took 19.65ms 
40453      DEBUG main            d.u.i.k.p.r.p.TestFile    ... success: reloaded. 
40454      INFO  main            d.u.i.k.p.r.p.TestFile    Now processing file /home/runner/work/key/key/key.core/../key.ui/examples/standard_key/java_dl/arrayMax.key 
40454      INFO  main            d.u.i.k.p.i.AbstractProblemLoader Loading environment from /home/runner/work/key/key/key.core/../key.ui/examples/standard_key/java_dl/arrayMax.key 
40455      DEBUG main            d.u.i.k.p.i.AbstractProblemLoader Environment load took 190.2ns 
40457      INFO  main            d.u.i.k.p.i.AbstractProblemLoader Creating init config 
42916      DEBUG main            d.u.i.k.p.i.AbstractProblemLoader Init config took 2.46s 
42940      INFO  main            d.u.i.k.p.i.AbstractProblemLoader Replaying proof arrayMax.key 
42944      DEBUG main            d.u.i.k.p.i.IntermediateProofReplayer Proof replay took 8.2ns 
44251      INFO  main            d.u.i.k.p.r.p.TestFile    ... finished proof: closed. 
44462      INFO  main            d.u.i.k.p.i.AbstractProblemLoader Loading environment from /home/runner/work/key/key/key.core/../key.ui/examples/standard_key/java_dl/arrayMax.key.proof 
44465      DEBUG main            d.u.i.k.p.i.AbstractProblemLoader Environment load took 2.59ms 
44468      INFO  main            d.u.i.k.p.i.AbstractProblemLoader Creating init config 
46896      DEBUG main            d.u.i.k.p.i.AbstractProblemLoader Init config took 2.43s 
46918      INFO  main            d.u.i.k.p.i.AbstractProblemLoader Replaying proof arrayMax.key.proof 
47111      DEBUG main            d.u.i.k.p.i.IntermediateProofReplayer Proof replay took 185.29ms 
47113      DEBUG main            d.u.i.k.p.r.p.TestFile    ... success: reloaded. 
47121      INFO  main            d.u.i.k.p.r.p.TestFile    Now processing file /home/runner/work/key/key/key.core/../key.ui/examples/standard_key/java_dl/arrayUpdateSimp.key 
47132      INFO  main            d.u.i.k.p.i.AbstractProblemLoader Loading environment from /home/runner/work/key/key/key.core/../key.ui/examples/standard_key/java_dl/arrayUpdateSimp.key 
47132      DEBUG main            d.u.i.k.p.i.AbstractProblemLoader Environment load took 288.31ns 
47135      INFO  main            d.u.i.k.p.i.AbstractProblemLoader Creating init config 
47166      WARN  main            d.u.i.k.j.r.KeYCrossReferenceNameInfo Datatype java.io.PrintStream declared twice: Once in FILE:/home/runner/work/key/key/key.core/../key.ui/examples/standard_key/java_dl/./classpath/PrintStream.java and once in URL:file:/home/runner/work/key/key/key.core/build/resources/main/de/uka/ilkd/key/java/JavaRedux/java/io/PrintStream.java, Keeping one from URL:file:/home/runner/work/key/key/key.core/build/resources/main/de/uka/ilkd/key/java/JavaRedux/java/io/PrintStream.java 
47167      WARN  main            d.u.i.k.j.r.KeYCrossReferenceNameInfo Datatype java.lang.System declared twice: Once in FILE:/home/runner/work/key/key/key.core/../key.ui/examples/standard_key/java_dl/./classpath/System.java and once in URL:file:/home/runner/work/key/key/key.core/build/resources/main/de/uka/ilkd/key/java/JavaRedux/java/lang/System.java, Keeping one from URL:file:/home/runner/work/key/key/key.core/build/resources/main/de/uka/ilkd/key/java/JavaRedux/java/lang/System.java 
47167      WARN  main            d.u.i.k.j.r.KeYCrossReferenceNameInfo Datatype java.io.InputStream declared twice: Once in FILE:/home/runner/work/key/key/key.core/../key.ui/examples/standard_key/java_dl/./classpath/InputStream.java and once in URL:file:/home/runner/work/key/key/key.core/build/resources/main/de/uka/ilkd/key/java/JavaRedux/java/io/InputStream.java, Keeping one from URL:file:/home/runner/work/key/key/key.core/build/resources/main/de/uka/ilkd/key/java/JavaRedux/java/io/InputStream.java 
47173      DEBUG main            d.u.i.k.j.r.ClassFileDeclarationBuilder Parsing: package java.io; public class Closeable { } 
47173      DEBUG main            r.s.KeYCrossReferenceSourceInfo Dynamically created class: java.io.Closeable 
49618      DEBUG main            d.u.i.k.p.i.AbstractProblemLoader Init config took 2.48s 
49639      INFO  main            d.u.i.k.p.i.AbstractProblemLoader Replaying proof arrayUpdateSimp.key 
49641      DEBUG main            d.u.i.k.p.i.IntermediateProofReplayer Proof replay took 7.9ns 
49745      INFO  main            d.u.i.k.p.r.p.TestFile    ... finished proof: closed. 
49956      INFO  main            d.u.i.k.p.i.AbstractProblemLoader Loading environment from /home/runner/work/key/key/key.core/../key.ui/examples/standard_key/java_dl/arrayUpdateSimp.key.proof 
49956      DEBUG main            d.u.i.k.p.i.AbstractProblemLoader Environment load took 126.9ns 
49962      INFO  main            d.u.i.k.p.i.AbstractProblemLoader Creating init config 
49988      WARN  main            d.u.i.k.j.r.KeYCrossReferenceNameInfo Datatype java.io.PrintStream declared twice: Once in FILE:/home/runner/work/key/key/key.core/../key.ui/examples/standard_key/java_dl/classpath/PrintStream.java and once in URL:file:/home/runner/work/key/key/key.core/build/resources/main/de/uka/ilkd/key/java/JavaRedux/java/io/PrintStream.java, Keeping one from URL:file:/home/runner/work/key/key/key.core/build/resources/main/de/uka/ilkd/key/java/JavaRedux/java/io/PrintStream.java 
49988      WARN  main            d.u.i.k.j.r.KeYCrossReferenceNameInfo Datatype java.lang.System declared twice: Once in FILE:/home/runner/work/key/key/key.core/../key.ui/examples/standard_key/java_dl/classpath/System.java and once in URL:file:/home/runner/work/key/key/key.core/build/resources/main/de/uka/ilkd/key/java/JavaRedux/java/lang/System.java, Keeping one from URL:file:/home/runner/work/key/key/key.core/build/resources/main/de/uka/ilkd/key/java/JavaRedux/java/lang/System.java 
49989      WARN  main            d.u.i.k.j.r.KeYCrossReferenceNameInfo Datatype java.io.InputStream declared twice: Once in FILE:/home/runner/work/key/key/key.core/../key.ui/examples/standard_key/java_dl/classpath/InputStream.java and once in URL:file:/home/runner/work/key/key/key.core/build/resources/main/de/uka/ilkd/key/java/JavaRedux/java/io/InputStream.java, Keeping one from URL:file:/home/runner/work/key/key/key.core/build/resources/main/de/uka/ilkd/key/java/JavaRedux/java/io/InputStream.java 
49992      DEBUG main            d.u.i.k.j.r.ClassFileDeclarationBuilder Parsing: package java.io; public class Closeable { } 
49993      DEBUG main            r.s.KeYCrossReferenceSourceInfo Dynamically created class: java.io.Closeable 
52372      DEBUG main            d.u.i.k.p.i.AbstractProblemLoader Init config took 2.41s 
52394      INFO  main            d.u.i.k.p.i.AbstractProblemLoader Replaying proof arrayUpdateSimp.key.proof 
52396      DEBUG main            d.u.i.k.p.i.IntermediateProofReplayer Proof replay took 629.21ns 
52398      DEBUG main            d.u.i.k.p.r.p.TestFile    ... success: reloaded. 
52399      INFO  main            d.u.i.k.p.r.p.TestFile    Now processing file /home/runner/work/key/key/key.core/../key.ui/examples/standard_key/java_dl/attributes.key 
52399      INFO  main            d.u.i.k.p.i.AbstractProblemLoader Loading environment from /home/runner/work/key/key/key.core/../key.ui/examples/standard_key/java_dl/attributes.key 
52399      DEBUG main            d.u.i.k.p.i.AbstractProblemLoader Environment load took 112.6ns 
52400      INFO  main            d.u.i.k.p.i.AbstractProblemLoader Creating init config 
54850      DEBUG main            d.u.i.k.p.i.AbstractProblemLoader Init config took 2.45s 
54870      INFO  main            d.u.i.k.p.i.AbstractProblemLoader Replaying proof attributes.key 
54872      DEBUG main            d.u.i.k.p.i.IntermediateProofReplayer Proof replay took 7.4ns 
55077      INFO  main            d.u.i.k.p.r.p.TestFile    ... finished proof: closed. 
55286      INFO  main            d.u.i.k.p.i.AbstractProblemLoader Loading environment from /home/runner/work/key/key/key.core/../key.ui/examples/standard_key/java_dl/attributes.key.proof 
55286      DEBUG main            d.u.i.k.p.i.AbstractProblemLoader Environment load took 117.5ns 
55287      INFO  main            d.u.i.k.p.i.AbstractProblemLoader Creating init config 
57668      DEBUG main            d.u.i.k.p.i.AbstractProblemLoader Init config took 2.38s 
57685      INFO  main            d.u.i.k.p.i.AbstractProblemLoader Replaying proof attributes.key.proof 
57730      DEBUG main            d.u.i.k.p.i.IntermediateProofReplayer Proof replay took 42.25ms 
57731      DEBUG main            d.u.i.k.p.r.p.TestFile    ... success: reloaded. 
57731      INFO  main            d.u.i.k.p.r.p.TestFile    Now processing file /home/runner/work/key/key/key.core/../key.ui/examples/standard_key/java_dl/break.key 
57732      INFO  main            d.u.i.k.p.i.AbstractProblemLoader Loading environment from /home/runner/work/key/key/key.core/../key.ui/examples/standard_key/java_dl/break.key 
57732      DEBUG main            d.u.i.k.p.i.AbstractProblemLoader Environment load took 89.4ns 
57733      INFO  main            d.u.i.k.p.i.AbstractProblemLoader Creating init config 
57755      WARN  main            d.u.i.k.j.r.KeYCrossReferenceNameInfo Datatype java.io.PrintStream declared twice: Once in FILE:/home/runner/work/key/key/key.core/../key.ui/examples/standard_key/java_dl/classpath/PrintStream.java and once in URL:file:/home/runner/work/key/key/key.core/build/resources/main/de/uka/ilkd/key/java/JavaRedux/java/io/PrintStream.java, Keeping one from URL:file:/home/runner/work/key/key/key.core/build/resources/main/de/uka/ilkd/key/java/JavaRedux/java/io/PrintStream.java 
57755      WARN  main            d.u.i.k.j.r.KeYCrossReferenceNameInfo Datatype java.lang.System declared twice: Once in FILE:/home/runner/work/key/key/key.core/../key.ui/examples/standard_key/java_dl/classpath/System.java and once in URL:file:/home/runner/work/key/key/key.core/build/resources/main/de/uka/ilkd/key/java/JavaRedux/java/lang/System.java, Keeping one from URL:file:/home/runner/work/key/key/key.core/build/resources/main/de/uka/ilkd/key/java/JavaRedux/java/lang/System.java 
57755      WARN  main            d.u.i.k.j.r.KeYCrossReferenceNameInfo Datatype java.io.InputStream declared twice: Once in FILE:/home/runner/work/key/key/key.core/../key.ui/examples/standard_key/java_dl/classpath/InputStream.java and once in URL:file:/home/runner/work/key/key/key.core/build/resources/main/de/uka/ilkd/key/java/JavaRedux/java/io/InputStream.java, Keeping one from URL:file:/home/runner/work/key/key/key.core/build/resources/main/de/uka/ilkd/key/java/JavaRedux/java/io/InputStream.java 
57758      DEBUG main            d.u.i.k.j.r.ClassFileDeclarationBuilder Parsing: package java.io; public class Closeable { } 
57758      DEBUG main            r.s.KeYCrossReferenceSourceInfo Dynamically created class: java.io.Closeable 
60149      DEBUG main            d.u.i.k.p.i.AbstractProblemLoader Init config took 2.42s 
60167      INFO  main            d.u.i.k.p.i.AbstractProblemLoader Replaying proof break.key 
60168      DEBUG main            d.u.i.k.p.i.IntermediateProofReplayer Proof replay took 7.1ns 
60273      INFO  main            d.u.i.k.p.r.p.TestFile    ... finished proof: closed. 
60461      INFO  main            d.u.i.k.p.i.AbstractProblemLoader Loading environment from /home/runner/work/key/key/key.core/../key.ui/examples/standard_key/java_dl/break.key.proof 
60461      DEBUG main            d.u.i.k.p.i.AbstractProblemLoader Environment load took 113.6ns 
60463      INFO  main            d.u.i.k.p.i.AbstractProblemLoader Creating init config 
60487      WARN  main            d.u.i.k.j.r.KeYCrossReferenceNameInfo Datatype java.io.PrintStream declared twice: Once in FILE:/home/runner/work/key/key/key.core/../key.ui/examples/standard_key/java_dl/classpath/PrintStream.java and once in URL:file:/home/runner/work/key/key/key.core/build/resources/main/de/uka/ilkd/key/java/JavaRedux/java/io/PrintStream.java, Keeping one from URL:file:/home/runner/work/key/key/key.core/build/resources/main/de/uka/ilkd/key/java/JavaRedux/java/io/PrintStream.java 
60487      WARN  main            d.u.i.k.j.r.KeYCrossReferenceNameInfo Datatype java.lang.System declared twice: Once in FILE:/home/runner/work/key/key/key.core/../key.ui/examples/standard_key/java_dl/classpath/System.java and once in URL:file:/home/runner/work/key/key/key.core/build/resources/main/de/uka/ilkd/key/java/JavaRedux/java/lang/System.java, Keeping one from URL:file:/home/runner/work/key/key/key.core/build/resources/main/de/uka/ilkd/key/java/JavaRedux/java/lang/System.java 
60487      WARN  main            d.u.i.k.j.r.KeYCrossReferenceNameInfo Datatype java.io.InputStream declared twice: Once in FILE:/home/runner/work/key/key/key.core/../key.ui/examples/standard_key/java_dl/classpath/InputStream.java and once in URL:file:/home/runner/work/key/key/key.core/build/resources/main/de/uka/ilkd/key/java/JavaRedux/java/io/InputStream.java, Keeping one from URL:file:/home/runner/work/key/key/key.core/build/resources/main/de/uka/ilkd/key/java/JavaRedux/java/io/InputStream.java 
60491      DEBUG main            d.u.i.k.j.r.ClassFileDeclarationBuilder Parsing: package java.io; public class Closeable { } 
60491      DEBUG main            r.s.KeYCrossReferenceSourceInfo Dynamically created class: java.io.Closeable 
62862      DEBUG main            d.u.i.k.p.i.AbstractProblemLoader Init config took 2.4s 
62879      INFO  main            d.u.i.k.p.i.AbstractProblemLoader Replaying proof break.key.proof 
62888      DEBUG main            d.u.i.k.p.i.IntermediateProofReplayer Proof replay took 7.27ms 
62890      DEBUG main            d.u.i.k.p.r.p.TestFile    ... success: reloaded. 
62891      INFO  main            d.u.i.k.p.r.p.TestFile    Now processing file /home/runner/work/key/key/key.core/../key.ui/examples/standard_key/java_dl/char.key 
62891      INFO  main            d.u.i.k.p.i.AbstractProblemLoader Loading environment from /home/runner/work/key/key/key.core/../key.ui/examples/standard_key/java_dl/char.key 
62891      DEBUG main            d.u.i.k.p.i.AbstractProblemLoader Environment load took 107.4ns 
62892      INFO  main            d.u.i.k.p.i.AbstractProblemLoader Creating init config 
65238      DEBUG main            d.u.i.k.p.i.AbstractProblemLoader Init config took 2.35s 
65282      INFO  main            d.u.i.k.p.i.AbstractProblemLoader Replaying proof char.key 
65290      DEBUG main            d.u.i.k.p.i.IntermediateProofReplayer Proof replay took 7.7ns 
65393      INFO  main            d.u.i.k.p.r.p.TestFile    ... finished proof: closed. 
65578      INFO  main            d.u.i.k.p.i.AbstractProblemLoader Loading environment from /home/runner/work/key/key/key.core/../key.ui/examples/standard_key/java_dl/char.key.proof 
65578      DEBUG main            d.u.i.k.p.i.AbstractProblemLoader Environment load took 114ns 
65580      INFO  main            d.u.i.k.p.i.AbstractProblemLoader Creating init config 
67864      DEBUG main            d.u.i.k.p.i.AbstractProblemLoader Init config took 2.28s 
67880      INFO  main            d.u.i.k.p.i.AbstractProblemLoader Replaying proof char.key.proof 
67884      DEBUG main            d.u.i.k.p.i.IntermediateProofReplayer Proof replay took 2.18ms 
67885      DEBUG main            d.u.i.k.p.r.p.TestFile    ... success: reloaded. 
67886      INFO  main            d.u.i.k.p.r.p.TestFile    Now processing file /home/runner/work/key/key/key.core/../key.ui/examples/standard_key/java_dl/compileTimeConstants.key 
67886      INFO  main            d.u.i.k.p.i.AbstractProblemLoader Loading environment from /home/runner/work/key/key/key.core/../key.ui/examples/standard_key/java_dl/compileTimeConstants.key 
67887      DEBUG main            d.u.i.k.p.i.AbstractProblemLoader Environment load took 199.5ns 
67888      INFO  main            d.u.i.k.p.i.AbstractProblemLoader Creating init config 
70240      DEBUG main            d.u.i.k.p.i.AbstractProblemLoader Init config took 2.35s 
70256      INFO  main            d.u.i.k.p.i.AbstractProblemLoader Replaying proof compileTimeConstants.key 
70258      DEBUG main            d.u.i.k.p.i.IntermediateProofReplayer Proof replay took 6.9ns 
70360      INFO  main            d.u.i.k.p.r.p.TestFile    ... finished proof: closed. 
70612      INFO  main            d.u.i.k.p.i.AbstractProblemLoader Loading environment from /home/runner/work/key/key/key.core/../key.ui/examples/standard_key/java_dl/compileTimeConstants.key.proof 
70612      DEBUG main            d.u.i.k.p.i.AbstractProblemLoader Environment load took 125.1ns 
70613      INFO  main            d.u.i.k.p.i.AbstractProblemLoader Creating init config 
72962      DEBUG main            d.u.i.k.p.i.AbstractProblemLoader Init config took 2.35s 
72977      INFO  main            d.u.i.k.p.i.AbstractProblemLoader Replaying proof compileTimeConstants.key.proof 
72989      DEBUG main            d.u.i.k.p.i.IntermediateProofReplayer Proof replay took 9.51ms 
72990      DEBUG main            d.u.i.k.p.r.p.TestFile    ... success: reloaded. 
72990      INFO  main            d.u.i.k.p.r.p.TestFile    Now processing file /home/runner/work/key/key/key.core/../key.ui/examples/standard_key/java_dl/constructorException/test.key 
72991      INFO  main            d.u.i.k.p.i.AbstractProblemLoader Loading environment from /home/runner/work/key/key/key.core/../key.ui/examples/standard_key/java_dl/constructorException/test.key 
72991      DEBUG main            d.u.i.k.p.i.AbstractProblemLoader Environment load took 90.6ns 
72992      INFO  main            d.u.i.k.p.i.AbstractProblemLoader Creating init config 
75403      DEBUG main            d.u.i.k.p.i.AbstractProblemLoader Init config took 2.41s 
75462      INFO  main            d.u.i.k.p.i.AbstractProblemLoader Replaying proof Test[Test::Test(int)].JML operation contract.0 
75463      DEBUG main            d.u.i.k.p.i.IntermediateProofReplayer Proof replay took 6.4ns 
75669      INFO  main            d.u.i.k.p.r.p.TestFile    ... finished proof: closed. 
75956      INFO  main            d.u.i.k.p.i.AbstractProblemLoader Loading environment from /home/runner/work/key/key/key.core/../key.ui/examples/standard_key/java_dl/constructorException/test.key.proof 
75956      DEBUG main            d.u.i.k.p.i.AbstractProblemLoader Environment load took 118.6ns 
75957      INFO  main            d.u.i.k.p.i.AbstractProblemLoader Creating init config 
78319      DEBUG main            d.u.i.k.p.i.AbstractProblemLoader Init config took 2.36s 
78360      INFO  main            d.u.i.k.p.i.AbstractProblemLoader Replaying proof Test[Test::Test(int)].JML operation contract.0 
78405      DEBUG main            d.u.i.k.p.i.IntermediateProofReplayer Proof replay took 42.33ms 
78406      DEBUG main            d.u.i.k.p.r.p.TestFile    ... success: reloaded. 
78406      INFO  main            d.u.i.k.p.r.p.TestFile    Now processing file /home/runner/work/key/key/key.core/../key.ui/examples/standard_key/java_dl/constructorException/regressionTestBug1333.key 
78407      INFO  main            d.u.i.k.p.i.AbstractProblemLoader Loading environment from /home/runner/work/key/key/key.core/../key.ui/examples/standard_key/java_dl/constructorException/regressionTestBug1333.key 
78407      DEBUG main            d.u.i.k.p.i.AbstractProblemLoader Environment load took 193.2ns 
78408      INFO  main            d.u.i.k.p.i.AbstractProblemLoader Creating init config 
80808      DEBUG main            d.u.i.k.p.i.AbstractProblemLoader Init config took 2.4s 
80847      INFO  main            d.u.i.k.p.i.AbstractProblemLoader Replaying proof False[False::False()].JML normal_behavior operation contract.0 
80849      DEBUG main            d.u.i.k.p.i.IntermediateProofReplayer Proof replay took 6.4ns 
80952      INFO  main            d.u.i.k.p.r.p.TestFile    ... finished proof: open goal(s) 
81181      INFO  main            d.u.i.k.p.r.p.TestFile    Now processing file /home/runner/work/key/key/key.core/../key.ui/examples/standard_key/java_dl/continue1.key 
81181      INFO  main            d.u.i.k.p.i.AbstractProblemLoader Loading environment from /home/runner/work/key/key/key.core/../key.ui/examples/standard_key/java_dl/continue1.key 
81182      DEBUG main            d.u.i.k.p.i.AbstractProblemLoader Environment load took 516.61ns 
81183      INFO  main            d.u.i.k.p.i.AbstractProblemLoader Creating init config 
81205      WARN  main            d.u.i.k.j.r.KeYCrossReferenceNameInfo Datatype java.io.PrintStream declared twice: Once in FILE:/home/runner/work/key/key/key.core/../key.ui/examples/standard_key/java_dl/classpath/PrintStream.java and once in URL:file:/home/runner/work/key/key/key.core/build/resources/main/de/uka/ilkd/key/java/JavaRedux/java/io/PrintStream.java, Keeping one from URL:file:/home/runner/work/key/key/key.core/build/resources/main/de/uka/ilkd/key/java/JavaRedux/java/io/PrintStream.java 
81205      WARN  main            d.u.i.k.j.r.KeYCrossReferenceNameInfo Datatype java.lang.System declared twice: Once in FILE:/home/runner/work/key/key/key.core/../key.ui/examples/standard_key/java_dl/classpath/System.java and once in URL:file:/home/runner/work/key/key/key.core/build/resources/main/de/uka/ilkd/key/java/JavaRedux/java/lang/System.java, Keeping one from URL:file:/home/runner/work/key/key/key.core/build/resources/main/de/uka/ilkd/key/java/JavaRedux/java/lang/System.java 
81205      WARN  main            d.u.i.k.j.r.KeYCrossReferenceNameInfo Datatype java.io.InputStream declared twice: Once in FILE:/home/runner/work/key/key/key.core/../key.ui/examples/standard_key/java_dl/classpath/InputStream.java and once in URL:file:/home/runner/work/key/key/key.core/build/resources/main/de/uka/ilkd/key/java/JavaRedux/java/io/InputStream.java, Keeping one from URL:file:/home/runner/work/key/key/key.core/build/resources/main/de/uka/ilkd/key/java/JavaRedux/java/io/InputStream.java 
81208      DEBUG main            d.u.i.k.j.r.ClassFileDeclarationBuilder Parsing: package java.io; public class Closeable { } 
81209      DEBUG main            r.s.KeYCrossReferenceSourceInfo Dynamically created class: java.io.Closeable 
83499      DEBUG main            d.u.i.k.p.i.AbstractProblemLoader Init config took 2.32s 
83514      INFO  main            d.u.i.k.p.i.AbstractProblemLoader Replaying proof continue1.key 
83516      DEBUG main            d.u.i.k.p.i.IntermediateProofReplayer Proof replay took 7.7ns 
83618      INFO  main            d.u.i.k.p.r.p.TestFile    ... finished proof: closed. 
83852      INFO  main            d.u.i.k.p.i.AbstractProblemLoader Loading environment from /home/runner/work/key/key/key.core/../key.ui/examples/standard_key/java_dl/continue1.key.proof 
83852      DEBUG main            d.u.i.k.p.i.AbstractProblemLoader Environment load took 142.3ns 
83854      INFO  main            d.u.i.k.p.i.AbstractProblemLoader Creating init config 
83876      WARN  main            d.u.i.k.j.r.KeYCrossReferenceNameInfo Datatype java.io.PrintStream declared twice: Once in FILE:/home/runner/work/key/key/key.core/../key.ui/examples/standard_key/java_dl/classpath/PrintStream.java and once in URL:file:/home/runner/work/key/key/key.core/build/resources/main/de/uka/ilkd/key/java/JavaRedux/java/io/PrintStream.java, Keeping one from URL:file:/home/runner/work/key/key/key.core/build/resources/main/de/uka/ilkd/key/java/JavaRedux/java/io/PrintStream.java 
83876      WARN  main            d.u.i.k.j.r.KeYCrossReferenceNameInfo Datatype java.lang.System declared twice: Once in FILE:/home/runner/work/key/key/key.core/../key.ui/examples/standard_key/java_dl/classpath/System.java and once in URL:file:/home/runner/work/key/key/key.core/build/resources/main/de/uka/ilkd/key/java/JavaRedux/java/lang/System.java, Keeping one from URL:file:/home/runner/work/key/key/key.core/build/resources/main/de/uka/ilkd/key/java/JavaRedux/java/lang/System.java 
83876      WARN  main            d.u.i.k.j.r.KeYCrossReferenceNameInfo Datatype java.io.InputStream declared twice: Once in FILE:/home/runner/work/key/key/key.core/../key.ui/examples/standard_key/java_dl/classpath/InputStream.java and once in URL:file:/home/runner/work/key/key/key.core/build/resources/main/de/uka/ilkd/key/java/JavaRedux/java/io/InputStream.java, Keeping one from URL:file:/home/runner/work/key/key/key.core/build/resources/main/de/uka/ilkd/key/java/JavaRedux/java/io/InputStream.java 
83879      DEBUG main            d.u.i.k.j.r.ClassFileDeclarationBuilder Parsing: package java.io; public class Closeable { } 
83880      DEBUG main            r.s.KeYCrossReferenceSourceInfo Dynamically created class: java.io.Closeable 
86226      DEBUG main            d.u.i.k.p.i.AbstractProblemLoader Init config took 2.37s 
86241      INFO  main            d.u.i.k.p.i.AbstractProblemLoader Replaying proof continue1.key.proof 
86259      DEBUG main            d.u.i.k.p.i.IntermediateProofReplayer Proof replay took 15.18ms 
86260      DEBUG main            d.u.i.k.p.r.p.TestFile    ... success: reloaded. 
86261      INFO  main            d.u.i.k.p.r.p.TestFile    Now processing file /home/runner/work/key/key/key.core/../key.ui/examples/standard_key/java_dl/continue2.key 
86261      INFO  main            d.u.i.k.p.i.AbstractProblemLoader Loading environment from /home/runner/work/key/key/key.core/../key.ui/examples/standard_key/java_dl/continue2.key 
86262      DEBUG main            d.u.i.k.p.i.AbstractProblemLoader Environment load took 90.7ns 
86263      INFO  main            d.u.i.k.p.i.AbstractProblemLoader Creating init config 
86284      WARN  main            d.u.i.k.j.r.KeYCrossReferenceNameInfo Datatype java.io.PrintStream declared twice: Once in FILE:/home/runner/work/key/key/key.core/../key.ui/examples/standard_key/java_dl/classpath/PrintStream.java and once in URL:file:/home/runner/work/key/key/key.core/build/resources/main/de/uka/ilkd/key/java/JavaRedux/java/io/PrintStream.java, Keeping one from URL:file:/home/runner/work/key/key/key.core/build/resources/main/de/uka/ilkd/key/java/JavaRedux/java/io/PrintStream.java 
86284      WARN  main            d.u.i.k.j.r.KeYCrossReferenceNameInfo Datatype java.lang.System declared twice: Once in FILE:/home/runner/work/key/key/key.core/../key.ui/examples/standard_key/java_dl/classpath/System.java and once in URL:file:/home/runner/work/key/key/key.core/build/resources/main/de/uka/ilkd/key/java/JavaRedux/java/lang/System.java, Keeping one from URL:file:/home/runner/work/key/key/key.core/build/resources/main/de/uka/ilkd/key/java/JavaRedux/java/lang/System.java 
86284      WARN  main            d.u.i.k.j.r.KeYCrossReferenceNameInfo Datatype java.io.InputStream declared twice: Once in FILE:/home/runner/work/key/key/key.core/../key.ui/examples/standard_key/java_dl/classpath/InputStream.java and once in URL:file:/home/runner/work/key/key/key.core/build/resources/main/de/uka/ilkd/key/java/JavaRedux/java/io/InputStream.java, Keeping one from URL:file:/home/runner/work/key/key/key.core/build/resources/main/de/uka/ilkd/key/java/JavaRedux/java/io/InputStream.java 
86287      DEBUG main            d.u.i.k.j.r.ClassFileDeclarationBuilder Parsing: package java.io; public class Closeable { } 
86287      DEBUG main            r.s.KeYCrossReferenceSourceInfo Dynamically created class: java.io.Closeable 
88657      DEBUG main            d.u.i.k.p.i.AbstractProblemLoader Init config took 2.39s 
88673      INFO  main            d.u.i.k.p.i.AbstractProblemLoader Replaying proof continue2.key 
88675      DEBUG main            d.u.i.k.p.i.IntermediateProofReplayer Proof replay took 7.3ns 
88978      INFO  main            d.u.i.k.p.r.p.TestFile    ... finished proof: closed. 
89208      INFO  main            d.u.i.k.p.i.AbstractProblemLoader Loading environment from /home/runner/work/key/key/key.core/../key.ui/examples/standard_key/java_dl/continue2.key.proof 
89208      DEBUG main            d.u.i.k.p.i.AbstractProblemLoader Environment load took 113.5ns 
89209      INFO  main            d.u.i.k.p.i.AbstractProblemLoader Creating init config 
89231      WARN  main            d.u.i.k.j.r.KeYCrossReferenceNameInfo Datatype java.io.PrintStream declared twice: Once in FILE:/home/runner/work/key/key/key.core/../key.ui/examples/standard_key/java_dl/classpath/PrintStream.java and once in URL:file:/home/runner/work/key/key/key.core/build/resources/main/de/uka/ilkd/key/java/JavaRedux/java/io/PrintStream.java, Keeping one from URL:file:/home/runner/work/key/key/key.core/build/resources/main/de/uka/ilkd/key/java/JavaRedux/java/io/PrintStream.java 
89231      WARN  main            d.u.i.k.j.r.KeYCrossReferenceNameInfo Datatype java.lang.System declared twice: Once in FILE:/home/runner/work/key/key/key.core/../key.ui/examples/standard_key/java_dl/classpath/System.java and once in URL:file:/home/runner/work/key/key/key.core/build/resources/main/de/uka/ilkd/key/java/JavaRedux/java/lang/System.java, Keeping one from URL:file:/home/runner/work/key/key/key.core/build/resources/main/de/uka/ilkd/key/java/JavaRedux/java/lang/System.java 
89232      WARN  main            d.u.i.k.j.r.KeYCrossReferenceNameInfo Datatype java.io.InputStream declared twice: Once in FILE:/home/runner/work/key/key/key.core/../key.ui/examples/standard_key/java_dl/classpath/InputStream.java and once in URL:file:/home/runner/work/key/key/key.core/build/resources/main/de/uka/ilkd/key/java/JavaRedux/java/io/InputStream.java, Keeping one from URL:file:/home/runner/work/key/key/key.core/build/resources/main/de/uka/ilkd/key/java/JavaRedux/java/io/InputStream.java 
89235      DEBUG main            d.u.i.k.j.r.ClassFileDeclarationBuilder Parsing: package java.io; public class Closeable { } 
89236      DEBUG main            r.s.KeYCrossReferenceSourceInfo Dynamically created class: java.io.Closeable 
91517      DEBUG main            d.u.i.k.p.i.AbstractProblemLoader Init config took 2.31s 
91532      INFO  main            d.u.i.k.p.i.AbstractProblemLoader Replaying proof continue2.key.proof 
91589      DEBUG main            d.u.i.k.p.i.IntermediateProofReplayer Proof replay took 53.74ms 
91590      DEBUG main            d.u.i.k.p.r.p.TestFile    ... success: reloaded. 
91592      INFO  main            d.u.i.k.p.r.p.TestFile    Now processing file /home/runner/work/key/key/key.core/../key.ui/examples/standard_key/java_dl/complexAssignment.key 
91592      INFO  main            d.u.i.k.p.i.AbstractProblemLoader Loading environment from /home/runner/work/key/key/key.core/../key.ui/examples/standard_key/java_dl/complexAssignment.key 
91592      DEBUG main            d.u.i.k.p.i.AbstractProblemLoader Environment load took 209ns 
91593      INFO  main            d.u.i.k.p.i.AbstractProblemLoader Creating init config 
93927      DEBUG main            d.u.i.k.p.i.AbstractProblemLoader Init config took 2.33s 
93945      INFO  main            d.u.i.k.p.i.AbstractProblemLoader Replaying proof complexAssignment.key 
93946      DEBUG main            d.u.i.k.p.i.IntermediateProofReplayer Proof replay took 6.9ns 
94049      INFO  main            d.u.i.k.p.r.p.TestFile    ... finished proof: closed. 
94275      INFO  main            d.u.i.k.p.i.AbstractProblemLoader Loading environment from /home/runner/work/key/key/key.core/../key.ui/examples/standard_key/java_dl/complexAssignment.key.proof 
94275      DEBUG main            d.u.i.k.p.i.AbstractProblemLoader Environment load took 108.1ns 
94276      INFO  main            d.u.i.k.p.i.AbstractProblemLoader Creating init config 
96520      DEBUG main            d.u.i.k.p.i.AbstractProblemLoader Init config took 2.24s 
96535      INFO  main            d.u.i.k.p.i.AbstractProblemLoader Replaying proof complexAssignment.key.proof 
96542      DEBUG main            d.u.i.k.p.i.IntermediateProofReplayer Proof replay took 5ms 
96542      DEBUG main            d.u.i.k.p.r.p.TestFile    ... success: reloaded. 
96543      INFO  main            d.u.i.k.p.r.p.TestFile    Now processing file /home/runner/work/key/key/key.core/../key.ui/examples/standard_key/java_dl/danglingElseSolution1.key 
96543      INFO  main            d.u.i.k.p.i.AbstractProblemLoader Loading environment from /home/runner/work/key/key/key.core/../key.ui/examples/standard_key/java_dl/danglingElseSolution1.key 
96543      DEBUG main            d.u.i.k.p.i.AbstractProblemLoader Environment load took 70.4ns 
96544      INFO  main            d.u.i.k.p.i.AbstractProblemLoader Creating init config 
98874      DEBUG main            d.u.i.k.p.i.AbstractProblemLoader Init config took 2.33s 
98889      INFO  main            d.u.i.k.p.i.AbstractProblemLoader Replaying proof danglingElseSolution1.key 
98890      DEBUG main            d.u.i.k.p.i.IntermediateProofReplayer Proof replay took 7.2ns 
98993      INFO  main            d.u.i.k.p.r.p.TestFile    ... finished proof: closed. 
99250      INFO  main            d.u.i.k.p.i.AbstractProblemLoader Loading environment from /home/runner/work/key/key/key.core/../key.ui/examples/standard_key/java_dl/danglingElseSolution1.key.proof 
99250      DEBUG main            d.u.i.k.p.i.AbstractProblemLoader Environment load took 121.4ns 
99252      INFO  main            d.u.i.k.p.i.AbstractProblemLoader Creating init config 
101510     DEBUG main            d.u.i.k.p.i.AbstractProblemLoader Init config took 2.26s 
101525     INFO  main            d.u.i.k.p.i.AbstractProblemLoader Replaying proof danglingElseSolution1.key.proof 
101539     DEBUG main            d.u.i.k.p.i.IntermediateProofReplayer Proof replay took 12.52ms 
101540     DEBUG main            d.u.i.k.p.r.p.TestFile    ... success: reloaded. 
101541     INFO  main            d.u.i.k.p.r.p.TestFile    Now processing file /home/runner/work/key/key/key.core/../key.ui/examples/standard_key/java_dl/danglingElseSolution2.key 
101541     INFO  main            d.u.i.k.p.i.AbstractProblemLoader Loading environment from /home/runner/work/key/key/key.core/../key.ui/examples/standard_key/java_dl/danglingElseSolution2.key 
101543     DEBUG main            d.u.i.k.p.i.AbstractProblemLoader Environment load took 1.4ms 
101544     INFO  main            d.u.i.k.p.i.AbstractProblemLoader Creating init config 
103870     DEBUG main            d.u.i.k.p.i.AbstractProblemLoader Init config took 2.33s 
103885     INFO  main            d.u.i.k.p.i.AbstractProblemLoader Replaying proof danglingElseSolution2.key 
103886     DEBUG main            d.u.i.k.p.i.IntermediateProofReplayer Proof replay took 8.5ns 
103989     INFO  main            d.u.i.k.p.r.p.TestFile    ... finished proof: closed. 
104228     INFO  main            d.u.i.k.p.i.AbstractProblemLoader Loading environment from /home/runner/work/key/key/key.core/../key.ui/examples/standard_key/java_dl/danglingElseSolution2.key.proof 
104228     DEBUG main            d.u.i.k.p.i.AbstractProblemLoader Environment load took 112.4ns 
104229     INFO  main            d.u.i.k.p.i.AbstractProblemLoader Creating init config 
106485     DEBUG main            d.u.i.k.p.i.AbstractProblemLoader Init config took 2.26s 
106499     INFO  main            d.u.i.k.p.i.AbstractProblemLoader Replaying proof danglingElseSolution2.key.proof 
106514     DEBUG main            d.u.i.k.p.i.IntermediateProofReplayer Proof replay took 13.11ms 
106516     DEBUG main            d.u.i.k.p.r.p.TestFile    ... success: reloaded. 
106517     INFO  main            d.u.i.k.p.r.p.TestFile    Now processing file /home/runner/work/key/key/key.core/../key.ui/examples/standard_key/java_dl/deepNonNull/deepNonNull0.key 
106518     INFO  main            d.u.i.k.p.i.AbstractProblemLoader Loading environment from /home/runner/work/key/key/key.core/../key.ui/examples/standard_key/java_dl/deepNonNull/deepNonNull0.key 
106518     DEBUG main            d.u.i.k.p.i.AbstractProblemLoader Environment load took 182.5ns 
106519     INFO  main            d.u.i.k.p.i.AbstractProblemLoader Creating init config 
108933     DEBUG main            d.u.i.k.p.i.AbstractProblemLoader Init config took 2.41s 
108990     INFO  main            d.u.i.k.p.i.AbstractProblemLoader Replaying proof Arrays[Arrays::get()].JML operation contract.0 
108993     DEBUG main            d.u.i.k.p.i.IntermediateProofReplayer Proof replay took 8.2ns 
109196     INFO  main            d.u.i.k.p.r.p.TestFile    ... finished proof: closed. 
109445     INFO  main            d.u.i.k.p.i.AbstractProblemLoader Loading environment from /home/runner/work/key/key/key.core/../key.ui/examples/standard_key/java_dl/deepNonNull/deepNonNull0.key.proof 
109445     DEBUG main            d.u.i.k.p.i.AbstractProblemLoader Environment load took 109.2ns 
109446     INFO  main            d.u.i.k.p.i.AbstractProblemLoader Creating init config 
111762     DEBUG main            d.u.i.k.p.i.AbstractProblemLoader Init config took 2.32s 
111799     INFO  main            d.u.i.k.p.i.AbstractProblemLoader Replaying proof Arrays[Arrays::get()].JML operation contract.0 
111820     DEBUG main            d.u.i.k.p.i.IntermediateProofReplayer Proof replay took 18.33ms 
111822     DEBUG main            d.u.i.k.p.r.p.TestFile    ... success: reloaded. 
111823     INFO  main            d.u.i.k.p.r.p.TestFile    Now processing file /home/runner/work/key/key/key.core/../key.ui/examples/standard_key/java_dl/deepNonNull/deepNonNull1.key 
111824     INFO  main            d.u.i.k.p.i.AbstractProblemLoader Loading environment from /home/runner/work/key/key/key.core/../key.ui/examples/standard_key/java_dl/deepNonNull/deepNonNull1.key 
111824     DEBUG main            d.u.i.k.p.i.AbstractProblemLoader Environment load took 181.7ns 
111825     INFO  main            d.u.i.k.p.i.AbstractProblemLoader Creating init config 
114217     DEBUG main            d.u.i.k.p.i.AbstractProblemLoader Init config took 2.39s 
114253     INFO  main            d.u.i.k.p.i.AbstractProblemLoader Replaying proof Arrays[Arrays::head()].JML operation contract.0 
114254     DEBUG main            d.u.i.k.p.i.IntermediateProofReplayer Proof replay took 7.3ns 
114457     INFO  main            d.u.i.k.p.r.p.TestFile    ... finished proof: closed. 
114710     INFO  main            d.u.i.k.p.i.AbstractProblemLoader Loading environment from /home/runner/work/key/key/key.core/../key.ui/examples/standard_key/java_dl/deepNonNull/deepNonNull1.key.proof 
114710     DEBUG main            d.u.i.k.p.i.AbstractProblemLoader Environment load took 107ns 
114711     INFO  main            d.u.i.k.p.i.AbstractProblemLoader Creating init config 
117039     DEBUG main            d.u.i.k.p.i.AbstractProblemLoader Init config took 2.33s 
117073     INFO  main            d.u.i.k.p.i.AbstractProblemLoader Replaying proof Arrays[Arrays::head()].JML operation contract.0 
117092     DEBUG main            d.u.i.k.p.i.IntermediateProofReplayer Proof replay took 16.12ms 
117093     DEBUG main            d.u.i.k.p.r.p.TestFile    ... success: reloaded. 
117093     INFO  main            d.u.i.k.p.r.p.TestFile    Now processing file /home/runner/work/key/key/key.core/../key.ui/examples/standard_key/java_dl/deepNonNull/deepNonNull2.key 
117093     INFO  main            d.u.i.k.p.i.AbstractProblemLoader Loading environment from /home/runner/work/key/key/key.core/../key.ui/examples/standard_key/java_dl/deepNonNull/deepNonNull2.key 
117094     DEBUG main            d.u.i.k.p.i.AbstractProblemLoader Environment load took 94.7ns 
117094     INFO  main            d.u.i.k.p.i.AbstractProblemLoader Creating init config 
119449     DEBUG main            d.u.i.k.p.i.AbstractProblemLoader Init config took 2.35s 
119484     INFO  main            d.u.i.k.p.i.AbstractProblemLoader Replaying proof Arrays[Arrays::unprovable(java.lang.Object)].JML operation contract.0 
119485     DEBUG main            d.u.i.k.p.i.IntermediateProofReplayer Proof replay took 6.8ns 
119593     INFO  main            d.u.i.k.p.r.p.TestFile    ... finished proof: open goal(s) 
119864     INFO  main            d.u.i.k.p.r.p.TestFile    Now processing file /home/runner/work/key/key/key.core/../key.ui/examples/standard_key/java_dl/deepNonNull/deepNonNull3.key 
119865     INFO  main            d.u.i.k.p.i.AbstractProblemLoader Loading environment from /home/runner/work/key/key/key.core/../key.ui/examples/standard_key/java_dl/deepNonNull/deepNonNull3.key 
119865     DEBUG main            d.u.i.k.p.i.AbstractProblemLoader Environment load took 61.5ns 
119866     INFO  main            d.u.i.k.p.i.AbstractProblemLoader Creating init config 
122209     DEBUG main            d.u.i.k.p.i.AbstractProblemLoader Init config took 2.34s 
122243     INFO  main            d.u.i.k.p.i.AbstractProblemLoader Replaying proof Arrays[Arrays::head([[[[Ljava.lang.Object)].JML operation contract.0 
122244     DEBUG main            d.u.i.k.p.i.IntermediateProofReplayer Proof replay took 7.1ns 
123166     INFO  main            d.u.i.k.p.r.p.TestFile    ... finished proof: closed. 
123450     INFO  main            d.u.i.k.p.i.AbstractProblemLoader Loading environment from /home/runner/work/key/key/key.core/../key.ui/examples/standard_key/java_dl/deepNonNull/deepNonNull3.key.proof 
123450     DEBUG main            d.u.i.k.p.i.AbstractProblemLoader Environment load took 115.1ns 
123451     INFO  main            d.u.i.k.p.i.AbstractProblemLoader Creating init config 
125745     DEBUG main            d.u.i.k.p.i.AbstractProblemLoader Init config took 2.29s 
125779     INFO  main            d.u.i.k.p.i.AbstractProblemLoader Replaying proof Arrays[Arrays::head([[[[Ljava.lang.Object)].JML operation contract.0 
125843     DEBUG main            d.u.i.k.p.i.IntermediateProofReplayer Proof replay took 58.68ms 
125844     DEBUG main            d.u.i.k.p.r.p.TestFile    ... success: reloaded. 
125845     INFO  main            d.u.i.k.p.r.p.TestFile    Now processing file /home/runner/work/key/key/key.core/../key.ui/examples/standard_key/java_dl/exceptions.key 
125845     INFO  main            d.u.i.k.p.i.AbstractProblemLoader Loading environment from /home/runner/work/key/key/key.core/../key.ui/examples/standard_key/java_dl/exceptions.key 
125846     DEBUG main            d.u.i.k.p.i.AbstractProblemLoader Environment load took 1.16ms 
125847     INFO  main            d.u.i.k.p.i.AbstractProblemLoader Creating init config 
125871     WARN  main            d.u.i.k.j.r.KeYCrossReferenceNameInfo Datatype java.io.PrintStream declared twice: Once in FILE:/home/runner/work/key/key/key.core/../key.ui/examples/standard_key/java_dl/classpath/PrintStream.java and once in URL:file:/home/runner/work/key/key/key.core/build/resources/main/de/uka/ilkd/key/java/JavaRedux/java/io/PrintStream.java, Keeping one from URL:file:/home/runner/work/key/key/key.core/build/resources/main/de/uka/ilkd/key/java/JavaRedux/java/io/PrintStream.java 
125871     WARN  main            d.u.i.k.j.r.KeYCrossReferenceNameInfo Datatype java.lang.System declared twice: Once in FILE:/home/runner/work/key/key/key.core/../key.ui/examples/standard_key/java_dl/classpath/System.java and once in URL:file:/home/runner/work/key/key/key.core/build/resources/main/de/uka/ilkd/key/java/JavaRedux/java/lang/System.java, Keeping one from URL:file:/home/runner/work/key/key/key.core/build/resources/main/de/uka/ilkd/key/java/JavaRedux/java/lang/System.java 
125875     WARN  main            d.u.i.k.j.r.KeYCrossReferenceNameInfo Datatype java.io.InputStream declared twice: Once in FILE:/home/runner/work/key/key/key.core/../key.ui/examples/standard_key/java_dl/classpath/InputStream.java and once in URL:file:/home/runner/work/key/key/key.core/build/resources/main/de/uka/ilkd/key/java/JavaRedux/java/io/InputStream.java, Keeping one from URL:file:/home/runner/work/key/key/key.core/build/resources/main/de/uka/ilkd/key/java/JavaRedux/java/io/InputStream.java 
125880     DEBUG main            d.u.i.k.j.r.ClassFileDeclarationBuilder Parsing: package java.io; public class Closeable { } 
125881     DEBUG main            r.s.KeYCrossReferenceSourceInfo Dynamically created class: java.io.Closeable 
128259     DEBUG main            d.u.i.k.p.i.AbstractProblemLoader Init config took 2.41s 
128273     INFO  main            d.u.i.k.p.i.AbstractProblemLoader Replaying proof exceptions.key 
128274     DEBUG main            d.u.i.k.p.i.IntermediateProofReplayer Proof replay took 7.8ns 
128488     INFO  main            d.u.i.k.p.r.p.TestFile    ... finished proof: closed. 
128746     INFO  main            d.u.i.k.p.i.AbstractProblemLoader Loading environment from /home/runner/work/key/key/key.core/../key.ui/examples/standard_key/java_dl/exceptions.key.proof 
128746     DEBUG main            d.u.i.k.p.i.AbstractProblemLoader Environment load took 104.3ns 
128747     INFO  main            d.u.i.k.p.i.AbstractProblemLoader Creating init config 
128779     WARN  main            d.u.i.k.j.r.KeYCrossReferenceNameInfo Datatype java.io.PrintStream declared twice: Once in FILE:/home/runner/work/key/key/key.core/../key.ui/examples/standard_key/java_dl/classpath/PrintStream.java and once in URL:file:/home/runner/work/key/key/key.core/build/resources/main/de/uka/ilkd/key/java/JavaRedux/java/io/PrintStream.java, Keeping one from URL:file:/home/runner/work/key/key/key.core/build/resources/main/de/uka/ilkd/key/java/JavaRedux/java/io/PrintStream.java 
128779     WARN  main            d.u.i.k.j.r.KeYCrossReferenceNameInfo Datatype java.lang.System declared twice: Once in FILE:/home/runner/work/key/key/key.core/../key.ui/examples/standard_key/java_dl/classpath/System.java and once in URL:file:/home/runner/work/key/key/key.core/build/resources/main/de/uka/ilkd/key/java/JavaRedux/java/lang/System.java, Keeping one from URL:file:/home/runner/work/key/key/key.core/build/resources/main/de/uka/ilkd/key/java/JavaRedux/java/lang/System.java 
128780     WARN  main            d.u.i.k.j.r.KeYCrossReferenceNameInfo Datatype java.io.InputStream declared twice: Once in FILE:/home/runner/work/key/key/key.core/../key.ui/examples/standard_key/java_dl/classpath/InputStream.java and once in URL:file:/home/runner/work/key/key/key.core/build/resources/main/de/uka/ilkd/key/java/JavaRedux/java/io/InputStream.java, Keeping one from URL:file:/home/runner/work/key/key/key.core/build/resources/main/de/uka/ilkd/key/java/JavaRedux/java/io/InputStream.java 
128782     DEBUG main            d.u.i.k.j.r.ClassFileDeclarationBuilder Parsing: package java.io; public class Closeable { } 
128783     DEBUG main            r.s.KeYCrossReferenceSourceInfo Dynamically created class: java.io.Closeable 
131030     DEBUG main            d.u.i.k.p.i.AbstractProblemLoader Init config took 2.28s 
131045     INFO  main            d.u.i.k.p.i.AbstractProblemLoader Replaying proof exceptions.key.proof 
131076     DEBUG main            d.u.i.k.p.i.IntermediateProofReplayer Proof replay took 29.39ms 
131078     DEBUG main            d.u.i.k.p.r.p.TestFile    ... success: reloaded. 
131078     INFO  main            d.u.i.k.p.r.p.TestFile    Now processing file /home/runner/work/key/key/key.core/../key.ui/examples/standard_key/java_dl/exceptions1.key 
131078     INFO  main            d.u.i.k.p.i.AbstractProblemLoader Loading environment from /home/runner/work/key/key/key.core/../key.ui/examples/standard_key/java_dl/exceptions1.key 
131079     DEBUG main            d.u.i.k.p.i.AbstractProblemLoader Environment load took 77.1ns 
131079     INFO  main            d.u.i.k.p.i.AbstractProblemLoader Creating init config 
133350     DEBUG main            d.u.i.k.p.i.AbstractProblemLoader Init config took 2.27s 
133365     INFO  main            d.u.i.k.p.i.AbstractProblemLoader Replaying proof exceptions1.key 
133367     DEBUG main            d.u.i.k.p.i.IntermediateProofReplayer Proof replay took 7ns 
133570     INFO  main            d.u.i.k.p.r.p.TestFile    ... finished proof: closed. 
133830     INFO  main            d.u.i.k.p.i.AbstractProblemLoader Loading environment from /home/runner/work/key/key/key.core/../key.ui/examples/standard_key/java_dl/exceptions1.key.proof 
133830     DEBUG main            d.u.i.k.p.i.AbstractProblemLoader Environment load took 97ns 
133831     INFO  main            d.u.i.k.p.i.AbstractProblemLoader Creating init config 
136068     DEBUG main            d.u.i.k.p.i.AbstractProblemLoader Init config took 2.24s 
136084     INFO  main            d.u.i.k.p.i.AbstractProblemLoader Replaying proof exceptions1.key.proof 
136112     DEBUG main            d.u.i.k.p.i.IntermediateProofReplayer Proof replay took 25.8ms 
136113     DEBUG main            d.u.i.k.p.r.p.TestFile    ... success: reloaded. 
136114     INFO  main            d.u.i.k.p.r.p.TestFile    Now processing file /home/runner/work/key/key/key.core/../key.ui/examples/standard_key/java_dl/exceptions2.key 
136115     INFO  main            d.u.i.k.p.i.AbstractProblemLoader Loading environment from /home/runner/work/key/key/key.core/../key.ui/examples/standard_key/java_dl/exceptions2.key 
136115     DEBUG main            d.u.i.k.p.i.AbstractProblemLoader Environment load took 235.7ns 
136116     INFO  main            d.u.i.k.p.i.AbstractProblemLoader Creating init config 
138450     DEBUG main            d.u.i.k.p.i.AbstractProblemLoader Init config took 2.33s 
138464     INFO  main            d.u.i.k.p.i.AbstractProblemLoader Replaying proof exceptions2.key 
138466     DEBUG main            d.u.i.k.p.i.IntermediateProofReplayer Proof replay took 7.7ns 
138569     INFO  main            d.u.i.k.p.r.p.TestFile    ... finished proof: closed. 
138848     INFO  main            d.u.i.k.p.i.AbstractProblemLoader Loading environment from /home/runner/work/key/key/key.core/../key.ui/examples/standard_key/java_dl/exceptions2.key.proof 
138848     DEBUG main            d.u.i.k.p.i.AbstractProblemLoader Environment load took 99.1ns 
138849     INFO  main            d.u.i.k.p.i.AbstractProblemLoader Creating init config 
141081     DEBUG main            d.u.i.k.p.i.AbstractProblemLoader Init config took 2.23s 
141095     INFO  main            d.u.i.k.p.i.AbstractProblemLoader Replaying proof exceptions2.key.proof 
141123     DEBUG main            d.u.i.k.p.i.IntermediateProofReplayer Proof replay took 25.04ms 
141124     DEBUG main            d.u.i.k.p.r.p.TestFile    ... success: reloaded. 
141124     INFO  main            d.u.i.k.p.r.p.TestFile    Now processing file /home/runner/work/key/key/key.core/../key.ui/examples/standard_key/java_dl/exceptions3.key 
141125     INFO  main            d.u.i.k.p.i.AbstractProblemLoader Loading environment from /home/runner/work/key/key/key.core/../key.ui/examples/standard_key/java_dl/exceptions3.key 
141125     DEBUG main            d.u.i.k.p.i.AbstractProblemLoader Environment load took 75ns 
141126     INFO  main            d.u.i.k.p.i.AbstractProblemLoader Creating init config 
141147     WARN  main            d.u.i.k.j.r.KeYCrossReferenceNameInfo Datatype java.io.PrintStream declared twice: Once in FILE:/home/runner/work/key/key/key.core/../key.ui/examples/standard_key/java_dl/classpath/PrintStream.java and once in URL:file:/home/runner/work/key/key/key.core/build/resources/main/de/uka/ilkd/key/java/JavaRedux/java/io/PrintStream.java, Keeping one from URL:file:/home/runner/work/key/key/key.core/build/resources/main/de/uka/ilkd/key/java/JavaRedux/java/io/PrintStream.java 
141147     WARN  main            d.u.i.k.j.r.KeYCrossReferenceNameInfo Datatype java.lang.System declared twice: Once in FILE:/home/runner/work/key/key/key.core/../key.ui/examples/standard_key/java_dl/classpath/System.java and once in URL:file:/home/runner/work/key/key/key.core/build/resources/main/de/uka/ilkd/key/java/JavaRedux/java/lang/System.java, Keeping one from URL:file:/home/runner/work/key/key/key.core/build/resources/main/de/uka/ilkd/key/java/JavaRedux/java/lang/System.java 
141147     WARN  main            d.u.i.k.j.r.KeYCrossReferenceNameInfo Datatype java.io.InputStream declared twice: Once in FILE:/home/runner/work/key/key/key.core/../key.ui/examples/standard_key/java_dl/classpath/InputStream.java and once in URL:file:/home/runner/work/key/key/key.core/build/resources/main/de/uka/ilkd/key/java/JavaRedux/java/io/InputStream.java, Keeping one from URL:file:/home/runner/work/key/key/key.core/build/resources/main/de/uka/ilkd/key/java/JavaRedux/java/io/InputStream.java 
141150     DEBUG main            d.u.i.k.j.r.ClassFileDeclarationBuilder Parsing: package java.io; public class Closeable { } 
141150     DEBUG main            r.s.KeYCrossReferenceSourceInfo Dynamically created class: java.io.Closeable 
143528     DEBUG main            d.u.i.k.p.i.AbstractProblemLoader Init config took 2.4s 
143542     INFO  main            d.u.i.k.p.i.AbstractProblemLoader Replaying proof exceptions3.key 
143546     DEBUG main            d.u.i.k.p.i.IntermediateProofReplayer Proof replay took 7.7ns 
143648     INFO  main            d.u.i.k.p.r.p.TestFile    ... finished proof: closed. 
143923     INFO  main            d.u.i.k.p.i.AbstractProblemLoader Loading environment from /home/runner/work/key/key/key.core/../key.ui/examples/standard_key/java_dl/exceptions3.key.proof 
143923     DEBUG main            d.u.i.k.p.i.AbstractProblemLoader Environment load took 95.5ns 
143924     INFO  main            d.u.i.k.p.i.AbstractProblemLoader Creating init config 
143946     WARN  main            d.u.i.k.j.r.KeYCrossReferenceNameInfo Datatype java.io.PrintStream declared twice: Once in FILE:/home/runner/work/key/key/key.core/../key.ui/examples/standard_key/java_dl/classpath/PrintStream.java and once in URL:file:/home/runner/work/key/key/key.core/build/resources/main/de/uka/ilkd/key/java/JavaRedux/java/io/PrintStream.java, Keeping one from URL:file:/home/runner/work/key/key/key.core/build/resources/main/de/uka/ilkd/key/java/JavaRedux/java/io/PrintStream.java 
143947     WARN  main            d.u.i.k.j.r.KeYCrossReferenceNameInfo Datatype java.lang.System declared twice: Once in FILE:/home/runner/work/key/key/key.core/../key.ui/examples/standard_key/java_dl/classpath/System.java and once in URL:file:/home/runner/work/key/key/key.core/build/resources/main/de/uka/ilkd/key/java/JavaRedux/java/lang/System.java, Keeping one from URL:file:/home/runner/work/key/key/key.core/build/resources/main/de/uka/ilkd/key/java/JavaRedux/java/lang/System.java 
143947     WARN  main            d.u.i.k.j.r.KeYCrossReferenceNameInfo Datatype java.io.InputStream declared twice: Once in FILE:/home/runner/work/key/key/key.core/../key.ui/examples/standard_key/java_dl/classpath/InputStream.java and once in URL:file:/home/runner/work/key/key/key.core/build/resources/main/de/uka/ilkd/key/java/JavaRedux/java/io/InputStream.java, Keeping one from URL:file:/home/runner/work/key/key/key.core/build/resources/main/de/uka/ilkd/key/java/JavaRedux/java/io/InputStream.java 
143950     DEBUG main            d.u.i.k.j.r.ClassFileDeclarationBuilder Parsing: package java.io; public class Closeable { } 
143950     DEBUG main            r.s.KeYCrossReferenceSourceInfo Dynamically created class: java.io.Closeable 
146199     DEBUG main            d.u.i.k.p.i.AbstractProblemLoader Init config took 2.27s 
146213     INFO  main            d.u.i.k.p.i.AbstractProblemLoader Replaying proof exceptions3.key.proof 
146218     DEBUG main            d.u.i.k.p.i.IntermediateProofReplayer Proof replay took 3.05ms 
146219     DEBUG main            d.u.i.k.p.r.p.TestFile    ... success: reloaded. 
146219     INFO  main            d.u.i.k.p.r.p.TestFile    Now processing file /home/runner/work/key/key/key.core/../key.ui/examples/standard_key/java_dl/exchange.key 
146220     INFO  main            d.u.i.k.p.i.AbstractProblemLoader Loading environment from /home/runner/work/key/key/key.core/../key.ui/examples/standard_key/java_dl/exchange.key 
146220     DEBUG main            d.u.i.k.p.i.AbstractProblemLoader Environment load took 79.8ns 
146221     INFO  main            d.u.i.k.p.i.AbstractProblemLoader Creating init config 
148517     DEBUG main            d.u.i.k.p.i.AbstractProblemLoader Init config took 2.3s 
148531     INFO  main            d.u.i.k.p.i.AbstractProblemLoader Replaying proof exchange.key 
148533     DEBUG main            d.u.i.k.p.i.IntermediateProofReplayer Proof replay took 7.6ns 
148635     INFO  main            d.u.i.k.p.r.p.TestFile    ... finished proof: closed. 
148917     INFO  main            d.u.i.k.p.i.AbstractProblemLoader Loading environment from /home/runner/work/key/key/key.core/../key.ui/examples/standard_key/java_dl/exchange.key.proof 
148917     DEBUG main            d.u.i.k.p.i.AbstractProblemLoader Environment load took 98ns 
148918     INFO  main            d.u.i.k.p.i.AbstractProblemLoader Creating init config 
151157     DEBUG main            d.u.i.k.p.i.AbstractProblemLoader Init config took 2.24s 
151171     INFO  main            d.u.i.k.p.i.AbstractProblemLoader Replaying proof exchange.key.proof 
151176     DEBUG main            d.u.i.k.p.i.IntermediateProofReplayer Proof replay took 2.4ms 
151177     DEBUG main            d.u.i.k.p.r.p.TestFile    ... success: reloaded. 
151177     INFO  main            d.u.i.k.p.r.p.TestFile    Now processing file /home/runner/work/key/key/key.core/../key.ui/examples/standard_key/java_dl/if.key 
151178     INFO  main            d.u.i.k.p.i.AbstractProblemLoader Loading environment from /home/runner/work/key/key/key.core/../key.ui/examples/standard_key/java_dl/if.key 
151178     DEBUG main            d.u.i.k.p.i.AbstractProblemLoader Environment load took 162.6ns 
151179     INFO  main            d.u.i.k.p.i.AbstractProblemLoader Creating init config 
153455     DEBUG main            d.u.i.k.p.i.AbstractProblemLoader Init config took 2.28s 
153470     INFO  main            d.u.i.k.p.i.AbstractProblemLoader Replaying proof if.key 
153472     DEBUG main            d.u.i.k.p.i.IntermediateProofReplayer Proof replay took 7.7ns 
153574     INFO  main            d.u.i.k.p.r.p.TestFile    ... finished proof: closed. 
153938     INFO  main            d.u.i.k.p.i.AbstractProblemLoader Loading environment from /home/runner/work/key/key/key.core/../key.ui/examples/standard_key/java_dl/if.key.proof 
153938     DEBUG main            d.u.i.k.p.i.AbstractProblemLoader Environment load took 98.5ns 
153939     INFO  main            d.u.i.k.p.i.AbstractProblemLoader Creating init config 
156178     DEBUG main            d.u.i.k.p.i.AbstractProblemLoader Init config took 2.24s 
156192     INFO  main            d.u.i.k.p.i.AbstractProblemLoader Replaying proof if.key.proof 
156196     DEBUG main            d.u.i.k.p.i.IntermediateProofReplayer Proof replay took 2.64ms 
156197     DEBUG main            d.u.i.k.p.r.p.TestFile    ... success: reloaded. 
156197     INFO  main            d.u.i.k.p.r.p.TestFile    Now processing file /home/runner/work/key/key/key.core/../key.ui/examples/standard_key/java_dl/incrementcounter.key 
156197     INFO  main            d.u.i.k.p.i.AbstractProblemLoader Loading environment from /home/runner/work/key/key/key.core/../key.ui/examples/standard_key/java_dl/incrementcounter.key 
156197     DEBUG main            d.u.i.k.p.i.AbstractProblemLoader Environment load took 80.4ns 
156198     INFO  main            d.u.i.k.p.i.AbstractProblemLoader Creating init config 
158480     DEBUG main            d.u.i.k.p.i.AbstractProblemLoader Init config took 2.28s 
158495     INFO  main            d.u.i.k.p.i.AbstractProblemLoader Replaying proof incrementcounter.key 
158497     DEBUG main            d.u.i.k.p.i.IntermediateProofReplayer Proof replay took 8.6ns 
158598     INFO  main            d.u.i.k.p.r.p.TestFile    ... finished proof: closed. 
158894     INFO  main            d.u.i.k.p.i.AbstractProblemLoader Loading environment from /home/runner/work/key/key/key.core/../key.ui/examples/standard_key/java_dl/incrementcounter.key.proof 
158894     DEBUG main            d.u.i.k.p.i.AbstractProblemLoader Environment load took 96.4ns 
158895     INFO  main            d.u.i.k.p.i.AbstractProblemLoader Creating init config 
161128     DEBUG main            d.u.i.k.p.i.AbstractProblemLoader Init config took 2.23s 
161142     INFO  main            d.u.i.k.p.i.AbstractProblemLoader Replaying proof incrementcounter.key.proof 
161145     DEBUG main            d.u.i.k.p.i.IntermediateProofReplayer Proof replay took 1.45ms 
161145     DEBUG main            d.u.i.k.p.r.p.TestFile    ... success: reloaded. 
161146     INFO  main            d.u.i.k.p.r.p.TestFile    Now processing file /home/runner/work/key/key/key.core/../key.ui/examples/standard_key/java_dl/danglingElse.key 
161146     INFO  main            d.u.i.k.p.i.AbstractProblemLoader Loading environment from /home/runner/work/key/key/key.core/../key.ui/examples/standard_key/java_dl/danglingElse.key 
161146     DEBUG main            d.u.i.k.p.i.AbstractProblemLoader Environment load took 49.4ns 
161148     INFO  main            d.u.i.k.p.i.AbstractProblemLoader Creating init config 
163410     DEBUG main            d.u.i.k.p.i.AbstractProblemLoader Init config took 2.26s 
163424     INFO  main            d.u.i.k.p.i.AbstractProblemLoader Replaying proof danglingElse.key 
163426     DEBUG main            d.u.i.k.p.i.IntermediateProofReplayer Proof replay took 8.4ns 
163529     INFO  main            d.u.i.k.p.r.p.TestFile    ... finished proof: open goal(s) 
163859     INFO  main            d.u.i.k.p.r.p.TestFile    Now processing file /home/runner/work/key/key/key.core/../key.ui/examples/standard_key/java_dl/iteratedAssignment.key 
163860     INFO  main            d.u.i.k.p.i.AbstractProblemLoader Loading environment from /home/runner/work/key/key/key.core/../key.ui/examples/standard_key/java_dl/iteratedAssignment.key 
163860     DEBUG main            d.u.i.k.p.i.AbstractProblemLoader Environment load took 83.7ns 
163861     INFO  main            d.u.i.k.p.i.AbstractProblemLoader Creating init config 
166099     DEBUG main            d.u.i.k.p.i.AbstractProblemLoader Init config took 2.24s 
166114     INFO  main            d.u.i.k.p.i.AbstractProblemLoader Replaying proof iteratedAssignment.key 
166116     DEBUG main            d.u.i.k.p.i.IntermediateProofReplayer Proof replay took 8.6ns 
166425     INFO  main            d.u.i.k.p.r.p.TestFile    ... finished proof: closed. 
166737     INFO  main            d.u.i.k.p.i.AbstractProblemLoader Loading environment from /home/runner/work/key/key/key.core/../key.ui/examples/standard_key/java_dl/iteratedAssignment.key.proof 
166737     DEBUG main            d.u.i.k.p.i.AbstractProblemLoader Environment load took 106.4ns 
166738     INFO  main            d.u.i.k.p.i.AbstractProblemLoader Creating init config 
168961     DEBUG main            d.u.i.k.p.i.AbstractProblemLoader Init config took 2.22s 
168975     INFO  main            d.u.i.k.p.i.AbstractProblemLoader Replaying proof iteratedAssignment.key.proof 
169029     DEBUG main            d.u.i.k.p.i.IntermediateProofReplayer Proof replay took 50.53ms 
169030     DEBUG main            d.u.i.k.p.r.p.TestFile    ... success: reloaded. 
169031     INFO  main            d.u.i.k.p.r.p.TestFile    Now processing file /home/runner/work/key/key/key.core/../key.ui/examples/standard_key/java_dl/assert/assert1.key 
169031     INFO  main            d.u.i.k.p.i.AbstractProblemLoader Loading environment from /home/runner/work/key/key/key.core/../key.ui/examples/standard_key/java_dl/assert/assert1.key 
169031     DEBUG main            d.u.i.k.p.i.AbstractProblemLoader Environment load took 160.1ns 
169032     INFO  main            d.u.i.k.p.i.AbstractProblemLoader Creating init config 
171359     DEBUG main            d.u.i.k.p.i.AbstractProblemLoader Init config took 2.33s 
171391     INFO  main            d.u.i.k.p.i.AbstractProblemLoader Replaying proof C[C::foo()].JML normal_behavior operation contract.0 
171393     DEBUG main            d.u.i.k.p.i.IntermediateProofReplayer Proof replay took 7.1ns 
171597     INFO  main            d.u.i.k.p.r.p.TestFile    ... finished proof: open goal(s) 
171920     INFO  main            d.u.i.k.p.r.p.TestFile    Now processing file /home/runner/work/key/key/key.core/../key.ui/examples/standard_key/java_dl/assert/assert2.key 
171920     INFO  main            d.u.i.k.p.i.AbstractProblemLoader Loading environment from /home/runner/work/key/key/key.core/../key.ui/examples/standard_key/java_dl/assert/assert2.key 
171920     DEBUG main            d.u.i.k.p.i.AbstractProblemLoader Environment load took 55.5ns 
171921     INFO  main            d.u.i.k.p.i.AbstractProblemLoader Creating init config 
174198     DEBUG main            d.u.i.k.p.i.AbstractProblemLoader Init config took 2.28s 
174230     INFO  main            d.u.i.k.p.i.AbstractProblemLoader Replaying proof C[C::bar()].JML exceptional_behavior operation contract.0 
174231     DEBUG main            d.u.i.k.p.i.IntermediateProofReplayer Proof replay took 7.5ns 
174433     INFO  main            d.u.i.k.p.r.p.TestFile    ... finished proof: closed. 
174745     INFO  main            d.u.i.k.p.i.AbstractProblemLoader Loading environment from /home/runner/work/key/key/key.core/../key.ui/examples/standard_key/java_dl/assert/assert2.key.proof 
174745     DEBUG main            d.u.i.k.p.i.AbstractProblemLoader Environment load took 94.5ns 
174746     INFO  main            d.u.i.k.p.i.AbstractProblemLoader Creating init config 
177020     DEBUG main            d.u.i.k.p.i.AbstractProblemLoader Init config took 2.27s 
177051     INFO  main            d.u.i.k.p.i.AbstractProblemLoader Replaying proof C[C::bar()].JML exceptional_behavior operation contract.0 
177083     DEBUG main            d.u.i.k.p.i.IntermediateProofReplayer Proof replay took 29.11ms 
177084     DEBUG main            d.u.i.k.p.r.p.TestFile    ... success: reloaded. 
177085     INFO  main            d.u.i.k.p.r.p.TestFile    Now processing file /home/runner/work/key/key/key.core/../key.ui/examples/standard_key/java_dl/assert/assert3.key 
177085     INFO  main            d.u.i.k.p.i.AbstractProblemLoader Loading environment from /home/runner/work/key/key/key.core/../key.ui/examples/standard_key/java_dl/assert/assert3.key 
177085     DEBUG main            d.u.i.k.p.i.AbstractProblemLoader Environment load took 156.3ns 
177086     INFO  main            d.u.i.k.p.i.AbstractProblemLoader Creating init config 
179406     DEBUG main            d.u.i.k.p.i.AbstractProblemLoader Init config took 2.32s 
179437     INFO  main            d.u.i.k.p.i.AbstractProblemLoader Replaying proof C[C::foo()].JML normal_behavior operation contract.0 
179442     DEBUG main            d.u.i.k.p.i.IntermediateProofReplayer Proof replay took 8.2ns 
179543     INFO  main            d.u.i.k.p.r.p.TestFile    ... finished proof: open goal(s) 
179860     INFO  main            d.u.i.k.p.r.p.TestFile    Now processing file /home/runner/work/key/key/key.core/../key.ui/examples/standard_key/java_dl/java5/vararg.key 
179860     INFO  main            d.u.i.k.p.i.AbstractProblemLoader Loading environment from /home/runner/work/key/key/key.core/../key.ui/examples/standard_key/java_dl/java5/vararg.key 
179860     DEBUG main            d.u.i.k.p.i.AbstractProblemLoader Environment load took 57.1ns 
179861     INFO  main            d.u.i.k.p.i.AbstractProblemLoader Creating init config 
180722     DEBUG main            d.u.i.k.j.r.ClassPreparationMethodBuilder clPrepBuilder: Inner Class detected. Reject building class initialisation methods. 
182519     DEBUG main            d.u.i.k.p.i.AbstractProblemLoader Init config took 2.66s 
182544     INFO  main            d.u.i.k.p.i.AbstractProblemLoader Replaying proof vararg.key 
182550     DEBUG main            d.u.i.k.p.i.IntermediateProofReplayer Proof replay took 7.8ns 
183755     INFO  main            d.u.i.k.p.r.p.TestFile    ... finished proof: closed. 
184112     INFO  main            d.u.i.k.p.i.AbstractProblemLoader Loading environment from /home/runner/work/key/key/key.core/../key.ui/examples/standard_key/java_dl/java5/vararg.key.proof 
184112     DEBUG main            d.u.i.k.p.i.AbstractProblemLoader Environment load took 344.21ns 
184114     INFO  main            d.u.i.k.p.i.AbstractProblemLoader Creating init config 
184935     DEBUG main            d.u.i.k.j.r.ClassPreparationMethodBuilder clPrepBuilder: Inner Class detected. Reject building class initialisation methods. 
186692     DEBUG main            d.u.i.k.p.i.AbstractProblemLoader Init config took 2.58s 
186716     INFO  main            d.u.i.k.p.i.AbstractProblemLoader Replaying proof vararg.key.proof 
186991     DEBUG main            d.u.i.k.p.i.IntermediateProofReplayer Proof replay took 262.99ms 
186993     DEBUG main            d.u.i.k.p.r.p.TestFile    ... success: reloaded. 
186994     INFO  main            d.u.i.k.p.r.p.TestFile    Now processing file /home/runner/work/key/key/key.core/../key.ui/examples/standard_key/java_dl/java5/for_Array.key 
186994     INFO  main            d.u.i.k.p.i.AbstractProblemLoader Loading environment from /home/runner/work/key/key/key.core/../key.ui/examples/standard_key/java_dl/java5/for_Array.key 
186994     DEBUG main            d.u.i.k.p.i.AbstractProblemLoader Environment load took 164.4ns 
186995     INFO  main            d.u.i.k.p.i.AbstractProblemLoader Creating init config 
187802     DEBUG main            d.u.i.k.j.r.ClassPreparationMethodBuilder clPrepBuilder: Inner Class detected. Reject building class initialisation methods. 
189584     DEBUG main            d.u.i.k.p.i.AbstractProblemLoader Init config took 2.59s 
189649     INFO  main            d.u.i.k.p.i.AbstractProblemLoader Replaying proof For[For::sum([I)].JML operation contract.0 
189651     DEBUG main            d.u.i.k.p.i.IntermediateProofReplayer Proof replay took 8.8ns 
189954     INFO  main            d.u.i.k.p.r.p.TestFile    ... finished proof: closed. 
190361     INFO  main            d.u.i.k.p.i.AbstractProblemLoader Loading environment from /home/runner/work/key/key/key.core/../key.ui/examples/standard_key/java_dl/java5/for_Array.key.proof 
190361     DEBUG main            d.u.i.k.p.i.AbstractProblemLoader Environment load took 109.6ns 
190362     INFO  main            d.u.i.k.p.i.AbstractProblemLoader Creating init config 
191176     DEBUG main            d.u.i.k.j.r.ClassPreparationMethodBuilder clPrepBuilder: Inner Class detected. Reject building class initialisation methods. 
192866     DEBUG main            d.u.i.k.p.i.AbstractProblemLoader Init config took 2.5s 
192915     INFO  main            d.u.i.k.p.i.AbstractProblemLoader Replaying proof For[For::sum([I)].JML operation contract.0 
192980     DEBUG main            d.u.i.k.p.i.IntermediateProofReplayer Proof replay took 61.9ms 
192981     DEBUG main            d.u.i.k.p.r.p.TestFile    ... success: reloaded. 
192982     INFO  main            d.u.i.k.p.r.p.TestFile    Now processing file /home/runner/work/key/key/key.core/../key.ui/examples/standard_key/java_dl/java5/for_Iterable.key 
192982     INFO  main            d.u.i.k.p.i.AbstractProblemLoader Loading environment from /home/runner/work/key/key/key.core/../key.ui/examples/standard_key/java_dl/java5/for_Iterable.key 
192982     DEBUG main            d.u.i.k.p.i.AbstractProblemLoader Environment load took 75.6ns 
192983     INFO  main            d.u.i.k.p.i.AbstractProblemLoader Creating init config 
193792     DEBUG main            d.u.i.k.j.r.ClassPreparationMethodBuilder clPrepBuilder: Inner Class detected. Reject building class initialisation methods. 
195529     DEBUG main            d.u.i.k.p.i.AbstractProblemLoader Init config took 2.55s 
195598     INFO  main            d.u.i.k.p.i.AbstractProblemLoader Replaying proof For[For::infiniteLoop(For)].JML operation contract.0 
195599     DEBUG main            d.u.i.k.p.i.IntermediateProofReplayer Proof replay took 8.5ns 
195801     INFO  main            d.u.i.k.p.r.p.TestFile    ... finished proof: closed. 
196139     INFO  main            d.u.i.k.p.i.AbstractProblemLoader Loading environment from /home/runner/work/key/key/key.core/../key.ui/examples/standard_key/java_dl/java5/for_Iterable.key.proof 
196139     DEBUG main            d.u.i.k.p.i.AbstractProblemLoader Environment load took 99.3ns 
196141     INFO  main            d.u.i.k.p.i.AbstractProblemLoader Creating init config 
196913     DEBUG main            d.u.i.k.j.r.ClassPreparationMethodBuilder clPrepBuilder: Inner Class detected. Reject building class initialisation methods. 
198570     DEBUG main            d.u.i.k.p.i.AbstractProblemLoader Init config took 2.43s 
198616     INFO  main            d.u.i.k.p.i.AbstractProblemLoader Replaying proof For[For::infiniteLoop(For)].JML operation contract.0 
198656     DEBUG main            d.u.i.k.p.i.IntermediateProofReplayer Proof replay took 37.49ms 
198657     DEBUG main            d.u.i.k.p.r.p.TestFile    ... success: reloaded. 
198658     INFO  main            d.u.i.k.p.r.p.TestFile    Now processing file /home/runner/work/key/key/key.core/../key.ui/examples/standard_key/java_dl/java5/for_ReferenceArray.key 
198659     INFO  main            d.u.i.k.p.i.AbstractProblemLoader Loading environment from /home/runner/work/key/key/key.core/../key.ui/examples/standard_key/java_dl/java5/for_ReferenceArray.key 
198659     DEBUG main            d.u.i.k.p.i.AbstractProblemLoader Environment load took 190.4ns 
198660     INFO  main            d.u.i.k.p.i.AbstractProblemLoader Creating init config 
199452     DEBUG main            d.u.i.k.j.r.ClassPreparationMethodBuilder clPrepBuilder: Inner Class detected. Reject building class initialisation methods. 
201132     DEBUG main            d.u.i.k.p.i.AbstractProblemLoader Init config took 2.47s 
201178     INFO  main            d.u.i.k.p.i.AbstractProblemLoader Replaying proof ForReferenceArray[ForReferenceArray::foo([Ljava.lang.Object)].JML operation contract.0 
201180     DEBUG main            d.u.i.k.p.i.IntermediateProofReplayer Proof replay took 7.6ns 
201382     INFO  main            d.u.i.k.p.r.p.TestFile    ... finished proof: closed. 
201756     INFO  main            d.u.i.k.p.i.AbstractProblemLoader Loading environment from /home/runner/work/key/key/key.core/../key.ui/examples/standard_key/java_dl/java5/for_ReferenceArray.key.proof 
201756     DEBUG main            d.u.i.k.p.i.AbstractProblemLoader Environment load took 111.6ns 
201757     INFO  main            d.u.i.k.p.i.AbstractProblemLoader Creating init config 
202535     DEBUG main            d.u.i.k.j.r.ClassPreparationMethodBuilder clPrepBuilder: Inner Class detected. Reject building class initialisation methods. 
204224     DEBUG main            d.u.i.k.p.i.AbstractProblemLoader Init config took 2.47s 
204270     INFO  main            d.u.i.k.p.i.AbstractProblemLoader Replaying proof ForReferenceArray[ForReferenceArray::foo([Ljava.lang.Object)].JML operation contract.0 
204315     DEBUG main            d.u.i.k.p.i.IntermediateProofReplayer Proof replay took 41.1ms 
204316     DEBUG main            d.u.i.k.p.r.p.TestFile    ... success: reloaded. 
204317     INFO  main            d.u.i.k.p.r.p.TestFile    Now processing file /home/runner/work/key/key/key.core/../key.ui/examples/standard_key/java_dl/jml-bigint/cast.key 
204317     INFO  main            d.u.i.k.p.i.AbstractProblemLoader Loading environment from /home/runner/work/key/key/key.core/../key.ui/examples/standard_key/java_dl/jml-bigint/cast.key 
204317     DEBUG main            d.u.i.k.p.i.AbstractProblemLoader Environment load took 80.3ns 
204318     INFO  main            d.u.i.k.p.i.AbstractProblemLoader Creating init config 
206709     DEBUG main            d.u.i.k.p.i.AbstractProblemLoader Init config took 2.39s 
206742     INFO  main            d.u.i.k.p.i.AbstractProblemLoader Replaying proof Mult[Mult::cast()].JML operation contract.0 
206745     DEBUG main            d.u.i.k.p.i.IntermediateProofReplayer Proof replay took 6.7ns 
206847     INFO  main            d.u.i.k.p.r.p.TestFile    ... finished proof: closed. 
207260     INFO  main            d.u.i.k.p.i.AbstractProblemLoader Loading environment from /home/runner/work/key/key/key.core/../key.ui/examples/standard_key/java_dl/jml-bigint/cast.key.proof 
207260     DEBUG main            d.u.i.k.p.i.AbstractProblemLoader Environment load took 106.4ns 
207261     INFO  main            d.u.i.k.p.i.AbstractProblemLoader Creating init config 
209582     DEBUG main            d.u.i.k.p.i.AbstractProblemLoader Init config took 2.32s 
209613     INFO  main            d.u.i.k.p.i.AbstractProblemLoader Replaying proof Mult[Mult::cast()].JML operation contract.0 
209624     DEBUG main            d.u.i.k.p.i.IntermediateProofReplayer Proof replay took 9.07ms 
209624     DEBUG main            d.u.i.k.p.r.p.TestFile    ... success: reloaded. 
209625     INFO  main            d.u.i.k.p.r.p.TestFile    Now processing file /home/runner/work/key/key/key.core/../key.ui/examples/standard_key/java_dl/jml-free/loopInvFree.key 
209625     INFO  main            d.u.i.k.p.i.AbstractProblemLoader Loading environment from /home/runner/work/key/key/key.core/../key.ui/examples/standard_key/java_dl/jml-free/loopInvFree.key 
209625     DEBUG main            d.u.i.k.p.i.AbstractProblemLoader Environment load took 88.5ns 
209626     INFO  main            d.u.i.k.p.i.AbstractProblemLoader Creating init config 
211959     DEBUG main            d.u.i.k.p.i.AbstractProblemLoader Init config took 2.33s 
211991     INFO  main            d.u.i.k.p.i.AbstractProblemLoader Replaying proof LoopInvFree[LoopInvFree::test()].JML operation contract.0 
211993     DEBUG main            d.u.i.k.p.i.IntermediateProofReplayer Proof replay took 9.2ns 
212195     INFO  main            d.u.i.k.p.r.p.TestFile    ... finished proof: closed. 
212556     INFO  main            d.u.i.k.p.i.AbstractProblemLoader Loading environment from /home/runner/work/key/key/key.core/../key.ui/examples/standard_key/java_dl/jml-free/loopInvFree.key.proof 
212556     DEBUG main            d.u.i.k.p.i.AbstractProblemLoader Environment load took 90.1ns 
212557     INFO  main            d.u.i.k.p.i.AbstractProblemLoader Creating init config 
214837     DEBUG main            d.u.i.k.p.i.AbstractProblemLoader Init config took 2.28s 
214868     INFO  main            d.u.i.k.p.i.AbstractProblemLoader Replaying proof LoopInvFree[LoopInvFree::test()].JML operation contract.0 
214899     DEBUG main            d.u.i.k.p.i.IntermediateProofReplayer Proof replay took 29.41ms 
214900     DEBUG main            d.u.i.k.p.r.p.TestFile    ... success: reloaded. 
214901     INFO  main            d.u.i.k.p.r.p.TestFile    Now processing file /home/runner/work/key/key/key.core/../key.ui/examples/standard_key/java_dl/jml-free/ensuresFree.key 
214901     INFO  main            d.u.i.k.p.i.AbstractProblemLoader Loading environment from /home/runner/work/key/key/key.core/../key.ui/examples/standard_key/java_dl/jml-free/ensuresFree.key 
214901     DEBUG main            d.u.i.k.p.i.AbstractProblemLoader Environment load took 74.4ns 
214902     INFO  main            d.u.i.k.p.i.AbstractProblemLoader Creating init config 
217216     DEBUG main            d.u.i.k.p.i.AbstractProblemLoader Init config took 2.31s 
217247     INFO  main            d.u.i.k.p.i.AbstractProblemLoader Replaying proof EnsuresFree[EnsuresFree::test()].JML operation contract.0 
217248     DEBUG main            d.u.i.k.p.i.IntermediateProofReplayer Proof replay took 7.9ns 
217350     INFO  main            d.u.i.k.p.r.p.TestFile    ... finished proof: closed. 
217717     INFO  main            d.u.i.k.p.i.AbstractProblemLoader Loading environment from /home/runner/work/key/key/key.core/../key.ui/examples/standard_key/java_dl/jml-free/ensuresFree.key.proof 
217717     DEBUG main            d.u.i.k.p.i.AbstractProblemLoader Environment load took 82ns 
217717     INFO  main            d.u.i.k.p.i.AbstractProblemLoader Creating init config 
219996     DEBUG main            d.u.i.k.p.i.AbstractProblemLoader Init config took 2.28s 
220028     INFO  main            d.u.i.k.p.i.AbstractProblemLoader Replaying proof EnsuresFree[EnsuresFree::test()].JML operation contract.0 
220044     DEBUG main            d.u.i.k.p.i.IntermediateProofReplayer Proof replay took 14.3ms 
220045     DEBUG main            d.u.i.k.p.r.p.TestFile    ... success: reloaded. 
220046     INFO  main            d.u.i.k.p.r.p.TestFile    Now processing file /home/runner/work/key/key/key.core/../key.ui/examples/standard_key/java_dl/jml-information-flow.key 
220046     INFO  main            d.u.i.k.p.i.AbstractProblemLoader Loading environment from /home/runner/work/key/key/key.core/../key.ui/examples/standard_key/java_dl/jml-information-flow.key 
220046     DEBUG main            d.u.i.k.p.i.AbstractProblemLoader Environment load took 92.8ns 
220051     INFO  main            d.u.i.k.p.i.AbstractProblemLoader Creating init config 
222561     DEBUG main            d.u.i.k.p.i.AbstractProblemLoader Init config took 2.51s 
222580     INFO  main            d.u.i.k.p.i.AbstractProblemLoader Replaying proof jml-information-flow.key 
222582     DEBUG main            d.u.i.k.p.i.IntermediateProofReplayer Proof replay took 9.1ns 
332622     INFO  main            d.u.i.k.p.r.p.TestFile    ... finished proof: closed. 
333196     INFO  main            d.u.i.k.p.i.AbstractProblemLoader Loading environment from /home/runner/work/key/key/key.core/../key.ui/examples/standard_key/java_dl/jml-information-flow.key.proof 
333196     DEBUG main            d.u.i.k.p.i.AbstractProblemLoader Environment load took 339.81ns 
333205     INFO  main            d.u.i.k.p.i.AbstractProblemLoader Creating init config 
335625     DEBUG main            d.u.i.k.p.i.AbstractProblemLoader Init config took 2.42s 
335646     INFO  main            d.u.i.k.p.i.AbstractProblemLoader Replaying proof jml-information-flow.key.proof 
338365     DEBUG main            d.u.i.k.p.i.IntermediateProofReplayer Proof replay took 2.59s 
338374     DEBUG main            d.u.i.k.p.r.p.TestFile    ... success: reloaded. 
338375     INFO  main            d.u.i.k.p.r.p.TestFile    Now processing file /home/runner/work/key/key/key.core/../key.ui/examples/standard_key/java_dl/jml-min/min-unprovable1.key 
338375     INFO  main            d.u.i.k.p.i.AbstractProblemLoader Loading environment from /home/runner/work/key/key/key.core/../key.ui/examples/standard_key/java_dl/jml-min/min-unprovable1.key 
338375     DEBUG main            d.u.i.k.p.i.AbstractProblemLoader Environment load took 82.7ns 
338376     INFO  main            d.u.i.k.p.i.AbstractProblemLoader Creating init config 
340730     DEBUG main            d.u.i.k.p.i.AbstractProblemLoader Init config took 2.35s 
340763     INFO  main            d.u.i.k.p.i.AbstractProblemLoader Replaying proof Min[Min::foo()].JML operation contract.0 
340764     DEBUG main            d.u.i.k.p.i.IntermediateProofReplayer Proof replay took 6.6ns 
340866     INFO  main            d.u.i.k.p.r.p.TestFile    ... finished proof: open goal(s) 
341395     INFO  main            d.u.i.k.p.r.p.TestFile    Now processing file /home/runner/work/key/key/key.core/../key.ui/examples/standard_key/java_dl/jml-min/min-unprovable2.key 
341395     INFO  main            d.u.i.k.p.i.AbstractProblemLoader Loading environment from /home/runner/work/key/key/key.core/../key.ui/examples/standard_key/java_dl/jml-min/min-unprovable2.key 
341395     DEBUG main            d.u.i.k.p.i.AbstractProblemLoader Environment load took 47.4ns 
341396     INFO  main            d.u.i.k.p.i.AbstractProblemLoader Creating init config 
343659     DEBUG main            d.u.i.k.p.i.AbstractProblemLoader Init config took 2.26s 
343690     INFO  main            d.u.i.k.p.i.AbstractProblemLoader Replaying proof Min[Min::foo2()].JML operation contract.0 
343691     DEBUG main            d.u.i.k.p.i.IntermediateProofReplayer Proof replay took 6.8ns 
343793     INFO  main            d.u.i.k.p.r.p.TestFile    ... finished proof: open goal(s) 
344172     INFO  main            d.u.i.k.p.r.p.TestFile    Now processing file /home/runner/work/key/key/key.core/../key.ui/examples/standard_key/java_dl/methodCall.key 
344172     INFO  main            d.u.i.k.p.i.AbstractProblemLoader Loading environment from /home/runner/work/key/key/key.core/../key.ui/examples/standard_key/java_dl/methodCall.key 
344172     DEBUG main            d.u.i.k.p.i.AbstractProblemLoader Environment load took 47.9ns 
344173     INFO  main            d.u.i.k.p.i.AbstractProblemLoader Creating init config 
346542     DEBUG main            d.u.i.k.p.i.AbstractProblemLoader Init config took 2.37s 
346556     INFO  main            d.u.i.k.p.i.AbstractProblemLoader Replaying proof methodCall.key 
346557     DEBUG main            d.u.i.k.p.i.IntermediateProofReplayer Proof replay took 7.7ns 
346659     INFO  main            d.u.i.k.p.r.p.TestFile    ... finished proof: closed. 
347036     INFO  main            d.u.i.k.p.i.AbstractProblemLoader Loading environment from /home/runner/work/key/key/key.core/../key.ui/examples/standard_key/java_dl/methodCall.key.proof 
347036     DEBUG main            d.u.i.k.p.i.AbstractProblemLoader Environment load took 86.4ns 
347037     INFO  main            d.u.i.k.p.i.AbstractProblemLoader Creating init config 
349319     DEBUG main            d.u.i.k.p.i.AbstractProblemLoader Init config took 2.28s 
349332     INFO  main            d.u.i.k.p.i.AbstractProblemLoader Replaying proof methodCall.key.proof 
349336     DEBUG main            d.u.i.k.p.i.IntermediateProofReplayer Proof replay took 1.65ms 
349336     DEBUG main            d.u.i.k.p.r.p.TestFile    ... success: reloaded. 
349337     INFO  main            d.u.i.k.p.r.p.TestFile    Now processing file /home/runner/work/key/key/key.core/../key.ui/examples/standard_key/java_dl/methodCall1.key 
349337     INFO  main            d.u.i.k.p.i.AbstractProblemLoader Loading environment from /home/runner/work/key/key/key.core/../key.ui/examples/standard_key/java_dl/methodCall1.key 
349337     DEBUG main            d.u.i.k.p.i.AbstractProblemLoader Environment load took 46.2ns 
349338     INFO  main            d.u.i.k.p.i.AbstractProblemLoader Creating init config 
351621     DEBUG main            d.u.i.k.p.i.AbstractProblemLoader Init config took 2.28s 
351634     INFO  main            d.u.i.k.p.i.AbstractProblemLoader Replaying proof methodCall1.key 
351636     DEBUG main            d.u.i.k.p.i.IntermediateProofReplayer Proof replay took 7.3ns 
351738     INFO  main            d.u.i.k.p.r.p.TestFile    ... finished proof: closed. 
352122     INFO  main            d.u.i.k.p.i.AbstractProblemLoader Loading environment from /home/runner/work/key/key/key.core/../key.ui/examples/standard_key/java_dl/methodCall1.key.proof 
352122     DEBUG main            d.u.i.k.p.i.AbstractProblemLoader Environment load took 83.2ns 
352123     INFO  main            d.u.i.k.p.i.AbstractProblemLoader Creating init config 
354402     DEBUG main            d.u.i.k.p.i.AbstractProblemLoader Init config took 2.28s 
354416     INFO  main            d.u.i.k.p.i.AbstractProblemLoader Replaying proof methodCall1.key.proof 
354432     DEBUG main            d.u.i.k.p.i.IntermediateProofReplayer Proof replay took 13.14ms 
354433     DEBUG main            d.u.i.k.p.r.p.TestFile    ... success: reloaded. 
354434     INFO  main            d.u.i.k.p.r.p.TestFile    Now processing file /home/runner/work/key/key/key.core/../key.ui/examples/standard_key/java_dl/methodCall1box.key 
354434     INFO  main            d.u.i.k.p.i.AbstractProblemLoader Loading environment from /home/runner/work/key/key/key.core/../key.ui/examples/standard_key/java_dl/methodCall1box.key 
354434     DEBUG main            d.u.i.k.p.i.AbstractProblemLoader Environment load took 82ns 
354435     INFO  main            d.u.i.k.p.i.AbstractProblemLoader Creating init config 
356738     DEBUG main            d.u.i.k.p.i.AbstractProblemLoader Init config took 2.3s 
356752     INFO  main            d.u.i.k.p.i.AbstractProblemLoader Replaying proof methodCall1box.key 
356754     DEBUG main            d.u.i.k.p.i.IntermediateProofReplayer Proof replay took 8.8ns 
356856     INFO  main            d.u.i.k.p.r.p.TestFile    ... finished proof: closed. 
357248     INFO  main            d.u.i.k.p.i.AbstractProblemLoader Loading environment from /home/runner/work/key/key/key.core/../key.ui/examples/standard_key/java_dl/methodCall1box.key.proof 
357248     DEBUG main            d.u.i.k.p.i.AbstractProblemLoader Environment load took 82.7ns 
357249     INFO  main            d.u.i.k.p.i.AbstractProblemLoader Creating init config 
359503     DEBUG main            d.u.i.k.p.i.AbstractProblemLoader Init config took 2.25s 
359517     INFO  main            d.u.i.k.p.i.AbstractProblemLoader Replaying proof methodCall1box.key.proof 
359530     DEBUG main            d.u.i.k.p.i.IntermediateProofReplayer Proof replay took 11.32ms 
359531     DEBUG main            d.u.i.k.p.r.p.TestFile    ... success: reloaded. 
359532     INFO  main            d.u.i.k.p.r.p.TestFile    Now processing file /home/runner/work/key/key/key.core/../key.ui/examples/standard_key/java_dl/methodCall3.key 
359532     INFO  main            d.u.i.k.p.i.AbstractProblemLoader Loading environment from /home/runner/work/key/key/key.core/../key.ui/examples/standard_key/java_dl/methodCall3.key 
359532     DEBUG main            d.u.i.k.p.i.AbstractProblemLoader Environment load took 45.2ns 
359533     INFO  main            d.u.i.k.p.i.AbstractProblemLoader Creating init config 
361821     DEBUG main            d.u.i.k.p.i.AbstractProblemLoader Init config took 2.29s 
361834     INFO  main            d.u.i.k.p.i.AbstractProblemLoader Replaying proof methodCall3.key 
361836     DEBUG main            d.u.i.k.p.i.IntermediateProofReplayer Proof replay took 7.1ns 
361938     INFO  main            d.u.i.k.p.r.p.TestFile    ... finished proof: closed. 
362347     INFO  main            d.u.i.k.p.i.AbstractProblemLoader Loading environment from /home/runner/work/key/key/key.core/../key.ui/examples/standard_key/java_dl/methodCall3.key.proof 
362347     DEBUG main            d.u.i.k.p.i.AbstractProblemLoader Environment load took 106.4ns 
362348     INFO  main            d.u.i.k.p.i.AbstractProblemLoader Creating init config 
364633     DEBUG main            d.u.i.k.p.i.AbstractProblemLoader Init config took 2.29s 
364647     INFO  main            d.u.i.k.p.i.AbstractProblemLoader Replaying proof methodCall3.key.proof 
364655     DEBUG main            d.u.i.k.p.i.IntermediateProofReplayer Proof replay took 6.46ms 
364656     DEBUG main            d.u.i.k.p.r.p.TestFile    ... success: reloaded. 
364656     INFO  main            d.u.i.k.p.r.p.TestFile    Now processing file /home/runner/work/key/key/key.core/../key.ui/examples/standard_key/java_dl/polishFlagSort.key 
364656     INFO  main            d.u.i.k.p.i.AbstractProblemLoader Loading environment from /home/runner/work/key/key/key.core/../key.ui/examples/standard_key/java_dl/polishFlagSort.key 
364657     DEBUG main            d.u.i.k.p.i.AbstractProblemLoader Environment load took 48ns 
364658     INFO  main            d.u.i.k.p.i.AbstractProblemLoader Creating init config 
366978     DEBUG main            d.u.i.k.p.i.AbstractProblemLoader Init config took 2.32s 
366994     INFO  main            d.u.i.k.p.i.AbstractProblemLoader Replaying proof polishFlagSort.key 
366996     DEBUG main            d.u.i.k.p.i.IntermediateProofReplayer Proof replay took 7.3ns 
369104     INFO  main            d.u.i.k.p.r.p.TestFile    ... finished proof: closed. 
369555     INFO  main            d.u.i.k.p.i.AbstractProblemLoader Loading environment from /home/runner/work/key/key/key.core/../key.ui/examples/standard_key/java_dl/polishFlagSort.key.proof 
369555     DEBUG main            d.u.i.k.p.i.AbstractProblemLoader Environment load took 95.5ns 
369557     INFO  main            d.u.i.k.p.i.AbstractProblemLoader Creating init config 
371860     DEBUG main            d.u.i.k.p.i.AbstractProblemLoader Init config took 2.3s 
371874     INFO  main            d.u.i.k.p.i.AbstractProblemLoader Replaying proof polishFlagSort.key.proof 
372115     DEBUG main            d.u.i.k.p.i.IntermediateProofReplayer Proof replay took 229.43ms 
372117     DEBUG main            d.u.i.k.p.r.p.TestFile    ... success: reloaded. 
372118     INFO  main            d.u.i.k.p.r.p.TestFile    Now processing file /home/runner/work/key/key/key.core/../key.ui/examples/standard_key/java_dl/postConditionTaclets1.key 
372118     INFO  main            d.u.i.k.p.i.AbstractProblemLoader Loading environment from /home/runner/work/key/key/key.core/../key.ui/examples/standard_key/java_dl/postConditionTaclets1.key 
372119     DEBUG main            d.u.i.k.p.i.AbstractProblemLoader Environment load took 170.6ns 
372120     INFO  main            d.u.i.k.p.i.AbstractProblemLoader Creating init config 
374384     DEBUG main            d.u.i.k.p.i.AbstractProblemLoader Init config took 2.26s 
374398     INFO  main            d.u.i.k.p.i.AbstractProblemLoader Replaying proof postConditionTaclets1.key 
374400     DEBUG main            d.u.i.k.p.i.IntermediateProofReplayer Proof replay took 7ns 
374501     INFO  main            d.u.i.k.p.r.p.TestFile    ... finished proof: closed. 
374968     INFO  main            d.u.i.k.p.i.AbstractProblemLoader Loading environment from /home/runner/work/key/key/key.core/../key.ui/examples/standard_key/java_dl/postConditionTaclets1.key.proof 
374968     DEBUG main            d.u.i.k.p.i.AbstractProblemLoader Environment load took 84.6ns 
374968     INFO  main            d.u.i.k.p.i.AbstractProblemLoader Creating init config 
377174     DEBUG main            d.u.i.k.p.i.AbstractProblemLoader Init config took 2.21s 
377190     INFO  main            d.u.i.k.p.i.AbstractProblemLoader Replaying proof postConditionTaclets1.key.proof 
377192     DEBUG main            d.u.i.k.p.i.IntermediateProofReplayer Proof replay took 306.61ns 
377193     DEBUG main            d.u.i.k.p.r.p.TestFile    ... success: reloaded. 
377193     INFO  main            d.u.i.k.p.r.p.TestFile    Now processing file /home/runner/work/key/key/key.core/../key.ui/examples/standard_key/java_dl/postConditionTaclets2.key 
377194     INFO  main            d.u.i.k.p.i.AbstractProblemLoader Loading environment from /home/runner/work/key/key/key.core/../key.ui/examples/standard_key/java_dl/postConditionTaclets2.key 
377194     DEBUG main            d.u.i.k.p.i.AbstractProblemLoader Environment load took 178.2ns 
377195     INFO  main            d.u.i.k.p.i.AbstractProblemLoader Creating init config 
379437     DEBUG main            d.u.i.k.p.i.AbstractProblemLoader Init config took 2.24s 
379451     INFO  main            d.u.i.k.p.i.AbstractProblemLoader Replaying proof postConditionTaclets2.key 
379452     DEBUG main            d.u.i.k.p.i.IntermediateProofReplayer Proof replay took 8ns 
379556     INFO  main            d.u.i.k.p.r.p.TestFile    ... finished proof: closed. 
379984     INFO  main            d.u.i.k.p.i.AbstractProblemLoader Loading environment from /home/runner/work/key/key/key.core/../key.ui/examples/standard_key/java_dl/postConditionTaclets2.key.proof 
379984     DEBUG main            d.u.i.k.p.i.AbstractProblemLoader Environment load took 86.9ns 
379985     INFO  main            d.u.i.k.p.i.AbstractProblemLoader Creating init config 
382217     DEBUG main            d.u.i.k.p.i.AbstractProblemLoader Init config took 2.23s 
382231     INFO  main            d.u.i.k.p.i.AbstractProblemLoader Replaying proof postConditionTaclets2.key.proof 
382233     DEBUG main            d.u.i.k.p.i.IntermediateProofReplayer Proof replay took 515.31ns 
382233     DEBUG main            d.u.i.k.p.r.p.TestFile    ... success: reloaded. 
382234     INFO  main            d.u.i.k.p.r.p.TestFile    Now processing file /home/runner/work/key/key/key.core/../key.ui/examples/standard_key/java_dl/quantifiedQuery.key 
382234     INFO  main            d.u.i.k.p.i.AbstractProblemLoader Loading environment from /home/runner/work/key/key/key.core/../key.ui/examples/standard_key/java_dl/quantifiedQuery.key 
382234     DEBUG main            d.u.i.k.p.i.AbstractProblemLoader Environment load took 56.9ns 
382235     INFO  main            d.u.i.k.p.i.AbstractProblemLoader Creating init config 
384525     DEBUG main            d.u.i.k.p.i.AbstractProblemLoader Init config took 2.29s 
384540     INFO  main            d.u.i.k.p.i.AbstractProblemLoader Replaying proof quantifiedQuery.key 
384541     DEBUG main            d.u.i.k.p.i.IntermediateProofReplayer Proof replay took 8.2ns 
384644     INFO  main            d.u.i.k.p.r.p.TestFile    ... finished proof: closed. 
385073     INFO  main            d.u.i.k.p.i.AbstractProblemLoader Loading environment from /home/runner/work/key/key/key.core/../key.ui/examples/standard_key/java_dl/quantifiedQuery.key.proof 
385073     DEBUG main            d.u.i.k.p.i.AbstractProblemLoader Environment load took 80.5ns 
385074     INFO  main            d.u.i.k.p.i.AbstractProblemLoader Creating init config 
387360     DEBUG main            d.u.i.k.p.i.AbstractProblemLoader Init config took 2.29s 
387374     INFO  main            d.u.i.k.p.i.AbstractProblemLoader Replaying proof quantifiedQuery.key.proof 
387383     DEBUG main            d.u.i.k.p.i.IntermediateProofReplayer Proof replay took 7.2ms 
387384     DEBUG main            d.u.i.k.p.r.p.TestFile    ... success: reloaded. 
387385     INFO  main            d.u.i.k.p.r.p.TestFile    Now processing file /home/runner/work/key/key/key.core/../key.ui/examples/standard_key/java_dl/recursion/triangular.key 
387385     INFO  main            d.u.i.k.p.i.AbstractProblemLoader Loading environment from /home/runner/work/key/key/key.core/../key.ui/examples/standard_key/java_dl/recursion/triangular.key 
387385     DEBUG main            d.u.i.k.p.i.AbstractProblemLoader Environment load took 59.9ns 
387386     INFO  main            d.u.i.k.p.i.AbstractProblemLoader Creating init config 
389693     DEBUG main            d.u.i.k.p.i.AbstractProblemLoader Init config took 2.31s 
389748     INFO  main            d.u.i.k.p.i.AbstractProblemLoader Replaying proof Triangular[Triangular::tria(int)].JML normal_behavior operation contract.0 
389749     DEBUG main            d.u.i.k.p.i.IntermediateProofReplayer Proof replay took 8.8ns 
389952     INFO  main            d.u.i.k.p.r.p.TestFile    ... finished proof: closed. 
390394     INFO  main            d.u.i.k.p.i.AbstractProblemLoader Loading environment from /home/runner/work/key/key/key.core/../key.ui/examples/standard_key/java_dl/recursion/triangular.key.proof 
390394     DEBUG main            d.u.i.k.p.i.AbstractProblemLoader Environment load took 89.9ns 
390395     INFO  main            d.u.i.k.p.i.AbstractProblemLoader Creating init config 
392651     DEBUG main            d.u.i.k.p.i.AbstractProblemLoader Init config took 2.26s 
392682     INFO  main            d.u.i.k.p.i.AbstractProblemLoader Replaying proof Triangular[Triangular::tria(int)].JML normal_behavior operation contract.0 
392705     DEBUG main            d.u.i.k.p.i.IntermediateProofReplayer Proof replay took 21.67ms 
392706     DEBUG main            d.u.i.k.p.r.p.TestFile    ... success: reloaded. 
392706     INFO  main            d.u.i.k.p.r.p.TestFile    Now processing file /home/runner/work/key/key/key.core/../key.ui/examples/standard_key/java_dl/reverseArray.key 
392707     INFO  main            d.u.i.k.p.i.AbstractProblemLoader Loading environment from /home/runner/work/key/key/key.core/../key.ui/examples/standard_key/java_dl/reverseArray.key 
392707     DEBUG main            d.u.i.k.p.i.AbstractProblemLoader Environment load took 73.1ns 
392709     INFO  main            d.u.i.k.p.i.AbstractProblemLoader Creating init config 
392729     WARN  main            d.u.i.k.j.r.KeYCrossReferenceNameInfo Datatype java.io.PrintStream declared twice: Once in FILE:/home/runner/work/key/key/key.core/../key.ui/examples/standard_key/java_dl/./classpath/PrintStream.java and once in URL:file:/home/runner/work/key/key/key.core/build/resources/main/de/uka/ilkd/key/java/JavaRedux/java/io/PrintStream.java, Keeping one from URL:file:/home/runner/work/key/key/key.core/build/resources/main/de/uka/ilkd/key/java/JavaRedux/java/io/PrintStream.java 
392730     WARN  main            d.u.i.k.j.r.KeYCrossReferenceNameInfo Datatype java.lang.System declared twice: Once in FILE:/home/runner/work/key/key/key.core/../key.ui/examples/standard_key/java_dl/./classpath/System.java and once in URL:file:/home/runner/work/key/key/key.core/build/resources/main/de/uka/ilkd/key/java/JavaRedux/java/lang/System.java, Keeping one from URL:file:/home/runner/work/key/key/key.core/build/resources/main/de/uka/ilkd/key/java/JavaRedux/java/lang/System.java 
392730     WARN  main            d.u.i.k.j.r.KeYCrossReferenceNameInfo Datatype java.io.InputStream declared twice: Once in FILE:/home/runner/work/key/key/key.core/../key.ui/examples/standard_key/java_dl/./classpath/InputStream.java and once in URL:file:/home/runner/work/key/key/key.core/build/resources/main/de/uka/ilkd/key/java/JavaRedux/java/io/InputStream.java, Keeping one from URL:file:/home/runner/work/key/key/key.core/build/resources/main/de/uka/ilkd/key/java/JavaRedux/java/io/InputStream.java 
392733     DEBUG main            d.u.i.k.j.r.ClassFileDeclarationBuilder Parsing: package java.io; public class Closeable { } 
392733     DEBUG main            r.s.KeYCrossReferenceSourceInfo Dynamically created class: java.io.Closeable 
395085     DEBUG main            d.u.i.k.p.i.AbstractProblemLoader Init config took 2.38s 
395100     INFO  main            d.u.i.k.p.i.AbstractProblemLoader Replaying proof reverseArray.key 
395101     DEBUG main            d.u.i.k.p.i.IntermediateProofReplayer Proof replay took 7.4ns 
399316     INFO  main            d.u.i.k.p.r.p.TestFile    ... finished proof: closed. 
399806     INFO  main            d.u.i.k.p.i.AbstractProblemLoader Loading environment from /home/runner/work/key/key/key.core/../key.ui/examples/standard_key/java_dl/reverseArray.key.proof 
399806     DEBUG main            d.u.i.k.p.i.AbstractProblemLoader Environment load took 331.61ns 
399809     INFO  main            d.u.i.k.p.i.AbstractProblemLoader Creating init config 
399836     WARN  main            d.u.i.k.j.r.KeYCrossReferenceNameInfo Datatype java.io.PrintStream declared twice: Once in FILE:/home/runner/work/key/key/key.core/../key.ui/examples/standard_key/java_dl/classpath/PrintStream.java and once in URL:file:/home/runner/work/key/key/key.core/build/resources/main/de/uka/ilkd/key/java/JavaRedux/java/io/PrintStream.java, Keeping one from URL:file:/home/runner/work/key/key/key.core/build/resources/main/de/uka/ilkd/key/java/JavaRedux/java/io/PrintStream.java 
399837     WARN  main            d.u.i.k.j.r.KeYCrossReferenceNameInfo Datatype java.lang.System declared twice: Once in FILE:/home/runner/work/key/key/key.core/../key.ui/examples/standard_key/java_dl/classpath/System.java and once in URL:file:/home/runner/work/key/key/key.core/build/resources/main/de/uka/ilkd/key/java/JavaRedux/java/lang/System.java, Keeping one from URL:file:/home/runner/work/key/key/key.core/build/resources/main/de/uka/ilkd/key/java/JavaRedux/java/lang/System.java 
399837     WARN  main            d.u.i.k.j.r.KeYCrossReferenceNameInfo Datatype java.io.InputStream declared twice: Once in FILE:/home/runner/work/key/key/key.core/../key.ui/examples/standard_key/java_dl/classpath/InputStream.java and once in URL:file:/home/runner/work/key/key/key.core/build/resources/main/de/uka/ilkd/key/java/JavaRedux/java/io/InputStream.java, Keeping one from URL:file:/home/runner/work/key/key/key.core/build/resources/main/de/uka/ilkd/key/java/JavaRedux/java/io/InputStream.java 
399840     DEBUG main            d.u.i.k.j.r.ClassFileDeclarationBuilder Parsing: package java.io; public class Closeable { } 
399840     DEBUG main            r.s.KeYCrossReferenceSourceInfo Dynamically created class: java.io.Closeable 
402230     DEBUG main            d.u.i.k.p.i.AbstractProblemLoader Init config took 2.42s 
402249     INFO  main            d.u.i.k.p.i.AbstractProblemLoader Replaying proof reverseArray.key.proof 
402645     DEBUG main            d.u.i.k.p.i.IntermediateProofReplayer Proof replay took 383.37ms 
402647     DEBUG main            d.u.i.k.p.r.p.TestFile    ... success: reloaded. 
402648     INFO  main            d.u.i.k.p.r.p.TestFile    Now processing file /home/runner/work/key/key/key.core/../key.ui/examples/standard_key/java_dl/reverseArray2.key 
402648     INFO  main            d.u.i.k.p.i.AbstractProblemLoader Loading environment from /home/runner/work/key/key/key.core/../key.ui/examples/standard_key/java_dl/reverseArray2.key 
402648     DEBUG main            d.u.i.k.p.i.AbstractProblemLoader Environment load took 69.2ns 
402650     INFO  main            d.u.i.k.p.i.AbstractProblemLoader Creating init config 
402669     WARN  main            d.u.i.k.j.r.KeYCrossReferenceNameInfo Datatype java.io.PrintStream declared twice: Once in FILE:/home/runner/work/key/key/key.core/../key.ui/examples/standard_key/java_dl/classpath/PrintStream.java and once in URL:file:/home/runner/work/key/key/key.core/build/resources/main/de/uka/ilkd/key/java/JavaRedux/java/io/PrintStream.java, Keeping one from URL:file:/home/runner/work/key/key/key.core/build/resources/main/de/uka/ilkd/key/java/JavaRedux/java/io/PrintStream.java 
402670     WARN  main            d.u.i.k.j.r.KeYCrossReferenceNameInfo Datatype java.lang.System declared twice: Once in FILE:/home/runner/work/key/key/key.core/../key.ui/examples/standard_key/java_dl/classpath/System.java and once in URL:file:/home/runner/work/key/key/key.core/build/resources/main/de/uka/ilkd/key/java/JavaRedux/java/lang/System.java, Keeping one from URL:file:/home/runner/work/key/key/key.core/build/resources/main/de/uka/ilkd/key/java/JavaRedux/java/lang/System.java 
402670     WARN  main            d.u.i.k.j.r.KeYCrossReferenceNameInfo Datatype java.io.InputStream declared twice: Once in FILE:/home/runner/work/key/key/key.core/../key.ui/examples/standard_key/java_dl/classpath/InputStream.java and once in URL:file:/home/runner/work/key/key/key.core/build/resources/main/de/uka/ilkd/key/java/JavaRedux/java/io/InputStream.java, Keeping one from URL:file:/home/runner/work/key/key/key.core/build/resources/main/de/uka/ilkd/key/java/JavaRedux/java/io/InputStream.java 
402672     DEBUG main            d.u.i.k.j.r.ClassFileDeclarationBuilder Parsing: package java.io; public class Closeable { } 
402673     DEBUG main            r.s.KeYCrossReferenceSourceInfo Dynamically created class: java.io.Closeable 
405079     DEBUG main            d.u.i.k.p.i.AbstractProblemLoader Init config took 2.43s 
405094     INFO  main            d.u.i.k.p.i.AbstractProblemLoader Replaying proof reverseArray2.key 
405095     DEBUG main            d.u.i.k.p.i.IntermediateProofReplayer Proof replay took 43.1ns 
406401     INFO  main            d.u.i.k.p.r.p.TestFile    ... finished proof: closed. 
406945     INFO  main            d.u.i.k.p.i.AbstractProblemLoader Loading environment from /home/runner/work/key/key/key.core/../key.ui/examples/standard_key/java_dl/reverseArray2.key.proof 
406945     DEBUG main            d.u.i.k.p.i.AbstractProblemLoader Environment load took 320.61ns 
406947     INFO  main            d.u.i.k.p.i.AbstractProblemLoader Creating init config 
406967     WARN  main            d.u.i.k.j.r.KeYCrossReferenceNameInfo Datatype java.io.PrintStream declared twice: Once in FILE:/home/runner/work/key/key/key.core/../key.ui/examples/standard_key/java_dl/classpath/PrintStream.java and once in URL:file:/home/runner/work/key/key/key.core/build/resources/main/de/uka/ilkd/key/java/JavaRedux/java/io/PrintStream.java, Keeping one from URL:file:/home/runner/work/key/key/key.core/build/resources/main/de/uka/ilkd/key/java/JavaRedux/java/io/PrintStream.java 
406968     WARN  main            d.u.i.k.j.r.KeYCrossReferenceNameInfo Datatype java.lang.System declared twice: Once in FILE:/home/runner/work/key/key/key.core/../key.ui/examples/standard_key/java_dl/classpath/System.java and once in URL:file:/home/runner/work/key/key/key.core/build/resources/main/de/uka/ilkd/key/java/JavaRedux/java/lang/System.java, Keeping one from URL:file:/home/runner/work/key/key/key.core/build/resources/main/de/uka/ilkd/key/java/JavaRedux/java/lang/System.java 
406968     WARN  main            d.u.i.k.j.r.KeYCrossReferenceNameInfo Datatype java.io.InputStream declared twice: Once in FILE:/home/runner/work/key/key/key.core/../key.ui/examples/standard_key/java_dl/classpath/InputStream.java and once in URL:file:/home/runner/work/key/key/key.core/build/resources/main/de/uka/ilkd/key/java/JavaRedux/java/io/InputStream.java, Keeping one from URL:file:/home/runner/work/key/key/key.core/build/resources/main/de/uka/ilkd/key/java/JavaRedux/java/io/InputStream.java 
406971     DEBUG main            d.u.i.k.j.r.ClassFileDeclarationBuilder Parsing: package java.io; public class Closeable { } 
406971     DEBUG main            r.s.KeYCrossReferenceSourceInfo Dynamically created class: java.io.Closeable 
409285     DEBUG main            d.u.i.k.p.i.AbstractProblemLoader Init config took 2.34s 
409301     INFO  main            d.u.i.k.p.i.AbstractProblemLoader Replaying proof reverseArray2.key.proof 
409451     DEBUG main            d.u.i.k.p.i.IntermediateProofReplayer Proof replay took 145.13ms 
409452     DEBUG main            d.u.i.k.p.r.p.TestFile    ... success: reloaded. 
409453     INFO  main            d.u.i.k.p.r.p.TestFile    Now processing file /home/runner/work/key/key/key.core/../key.ui/examples/standard_key/java_dl/simpleAssignment.key 
409453     INFO  main            d.u.i.k.p.i.AbstractProblemLoader Loading environment from /home/runner/work/key/key/key.core/../key.ui/examples/standard_key/java_dl/simpleAssignment.key 
409454     DEBUG main            d.u.i.k.p.i.AbstractProblemLoader Environment load took 62.8ns 
409454     INFO  main            d.u.i.k.p.i.AbstractProblemLoader Creating init config 
411701     DEBUG main            d.u.i.k.p.i.AbstractProblemLoader Init config took 2.25s 
411715     INFO  main            d.u.i.k.p.i.AbstractProblemLoader Replaying proof simpleAssignment.key 
411716     DEBUG main            d.u.i.k.p.i.IntermediateProofReplayer Proof replay took 3.2ns 
411818     INFO  main            d.u.i.k.p.r.p.TestFile    ... finished proof: closed. 
412315     INFO  main            d.u.i.k.p.i.AbstractProblemLoader Loading environment from /home/runner/work/key/key/key.core/../key.ui/examples/standard_key/java_dl/simpleAssignment.key.proof 
412315     DEBUG main            d.u.i.k.p.i.AbstractProblemLoader Environment load took 81.7ns 
412316     INFO  main            d.u.i.k.p.i.AbstractProblemLoader Creating init config 
414507     DEBUG main            d.u.i.k.p.i.AbstractProblemLoader Init config took 2.19s 
414520     INFO  main            d.u.i.k.p.i.AbstractProblemLoader Replaying proof simpleAssignment.key.proof 
414522     DEBUG main            d.u.i.k.p.i.IntermediateProofReplayer Proof replay took 646.41ns 
414523     DEBUG main            d.u.i.k.p.r.p.TestFile    ... success: reloaded. 
414523     INFO  main            d.u.i.k.p.r.p.TestFile    Now processing file /home/runner/work/key/key/key.core/../key.ui/examples/standard_key/java_dl/simpleAssignment2.key 
414523     INFO  main            d.u.i.k.p.i.AbstractProblemLoader Loading environment from /home/runner/work/key/key/key.core/../key.ui/examples/standard_key/java_dl/simpleAssignment2.key 
414523     DEBUG main            d.u.i.k.p.i.AbstractProblemLoader Environment load took 52.7ns 
414524     INFO  main            d.u.i.k.p.i.AbstractProblemLoader Creating init config 
416757     DEBUG main            d.u.i.k.p.i.AbstractProblemLoader Init config took 2.23s 
416770     INFO  main            d.u.i.k.p.i.AbstractProblemLoader Replaying proof simpleAssignment2.key 
416771     DEBUG main            d.u.i.k.p.i.IntermediateProofReplayer Proof replay took 3.6ns 
416873     INFO  main            d.u.i.k.p.r.p.TestFile    ... finished proof: closed. 
417328     INFO  main            d.u.i.k.p.i.AbstractProblemLoader Loading environment from /home/runner/work/key/key/key.core/../key.ui/examples/standard_key/java_dl/simpleAssignment2.key.proof 
417328     DEBUG main            d.u.i.k.p.i.AbstractProblemLoader Environment load took 90.6ns 
417329     INFO  main            d.u.i.k.p.i.AbstractProblemLoader Creating init config 
419541     DEBUG main            d.u.i.k.p.i.AbstractProblemLoader Init config took 2.21s 
419554     INFO  main            d.u.i.k.p.i.AbstractProblemLoader Replaying proof simpleAssignment2.key.proof 
419556     DEBUG main            d.u.i.k.p.i.IntermediateProofReplayer Proof replay took 428.11ns 
419557     DEBUG main            d.u.i.k.p.r.p.TestFile    ... success: reloaded. 
419557     INFO  main            d.u.i.k.p.r.p.TestFile    Now processing file /home/runner/work/key/key/key.core/../key.ui/examples/standard_key/java_dl/splittingWithQueries.key 
419557     INFO  main            d.u.i.k.p.i.AbstractProblemLoader Loading environment from /home/runner/work/key/key/key.core/../key.ui/examples/standard_key/java_dl/splittingWithQueries.key 
419557     DEBUG main            d.u.i.k.p.i.AbstractProblemLoader Environment load took 44.2ns 
419558     INFO  main            d.u.i.k.p.i.AbstractProblemLoader Creating init config 
421854     DEBUG main            d.u.i.k.p.i.AbstractProblemLoader Init config took 2.3s 
421867     INFO  main            d.u.i.k.p.i.AbstractProblemLoader Replaying proof splittingWithQueries.key 
421868     DEBUG main            d.u.i.k.p.i.IntermediateProofReplayer Proof replay took 3.1ns 
421970     INFO  main            d.u.i.k.p.r.p.TestFile    ... finished proof: closed. 
422439     INFO  main            d.u.i.k.p.i.AbstractProblemLoader Loading environment from /home/runner/work/key/key/key.core/../key.ui/examples/standard_key/java_dl/splittingWithQueries.key.proof 
422439     DEBUG main            d.u.i.k.p.i.AbstractProblemLoader Environment load took 87.9ns 
422440     INFO  main            d.u.i.k.p.i.AbstractProblemLoader Creating init config 
424690     DEBUG main            d.u.i.k.p.i.AbstractProblemLoader Init config took 2.25s 
424708     INFO  main            d.u.i.k.p.i.AbstractProblemLoader Replaying proof splittingWithQueries.key.proof 
424711     DEBUG main            d.u.i.k.p.i.IntermediateProofReplayer Proof replay took 1.26ms 
424712     DEBUG main            d.u.i.k.p.r.p.TestFile    ... success: reloaded. 
424715     INFO  main            d.u.i.k.p.r.p.TestFile    Now processing file /home/runner/work/key/key/key.core/../key.ui/examples/standard_key/java_dl/strassen/strassen.key 
424715     INFO  main            d.u.i.k.p.i.AbstractProblemLoader Loading environment from /home/runner/work/key/key/key.core/../key.ui/examples/standard_key/java_dl/strassen/strassen.key 
424715     DEBUG main            d.u.i.k.p.i.AbstractProblemLoader Environment load took 168.5ns 
424716     INFO  main            d.u.i.k.p.i.AbstractProblemLoader Creating init config 
427102     DEBUG main            d.u.i.k.p.i.AbstractProblemLoader Init config took 2.39s 
427136     INFO  main            d.u.i.k.p.i.AbstractProblemLoader Replaying proof Matrix22[Matrix22::strassen(Matrix22,Matrix22)].JML normal_behavior operation contract.0 
427138     DEBUG main            d.u.i.k.p.i.IntermediateProofReplayer Proof replay took 2.9ns 
431681     INFO  main            d.u.i.k.p.r.p.TestFile    ... finished proof: closed. 
432297     INFO  main            d.u.i.k.p.i.AbstractProblemLoader Loading environment from /home/runner/work/key/key/key.core/../key.ui/examples/standard_key/java_dl/strassen/strassen.key.proof 
432298     DEBUG main            d.u.i.k.p.i.AbstractProblemLoader Environment load took 331.91ns 
432299     INFO  main            d.u.i.k.p.i.AbstractProblemLoader Creating init config 
434624     DEBUG main            d.u.i.k.p.i.AbstractProblemLoader Init config took 2.32s 
434657     INFO  main            d.u.i.k.p.i.AbstractProblemLoader Replaying proof Matrix22[Matrix22::strassen(Matrix22,Matrix22)].JML normal_behavior operation contract.0 
435044     DEBUG main            d.u.i.k.p.i.IntermediateProofReplayer Proof replay took 377.07ms 
435046     DEBUG main            d.u.i.k.p.r.p.TestFile    ... success: reloaded. 
435047     INFO  main            d.u.i.k.p.r.p.TestFile    Now processing file /home/runner/work/key/key/key.core/../key.ui/examples/standard_key/java_dl/symmArray.key 
435047     INFO  main            d.u.i.k.p.i.AbstractProblemLoader Loading environment from /home/runner/work/key/key/key.core/../key.ui/examples/standard_key/java_dl/symmArray.key 
435047     DEBUG main            d.u.i.k.p.i.AbstractProblemLoader Environment load took 88.7ns 
435050     INFO  main            d.u.i.k.p.i.AbstractProblemLoader Creating init config 
437500     DEBUG main            d.u.i.k.p.i.AbstractProblemLoader Init config took 2.45s 
437515     INFO  main            d.u.i.k.p.i.AbstractProblemLoader Replaying proof symmArray.key 
437517     DEBUG main            d.u.i.k.p.i.IntermediateProofReplayer Proof replay took 3.8ns 
513537     INFO  main            d.u.i.k.p.r.p.TestFile    ... finished proof: closed. 
514133     INFO  main            d.u.i.k.p.i.AbstractProblemLoader Loading environment from /home/runner/work/key/key/key.core/../key.ui/examples/standard_key/java_dl/symmArray.key.proof 
514133     DEBUG main            d.u.i.k.p.i.AbstractProblemLoader Environment load took 338.51ns 
514139     INFO  main            d.u.i.k.p.i.AbstractProblemLoader Creating init config 
516448     DEBUG main            d.u.i.k.p.i.AbstractProblemLoader Init config took 2.31s 
516464     INFO  main            d.u.i.k.p.i.AbstractProblemLoader Replaying proof symmArray.key.proof 
517286     DEBUG main            d.u.i.k.p.i.IntermediateProofReplayer Proof replay took 765.52ms 
517291     DEBUG main            d.u.i.k.p.r.p.TestFile    ... success: reloaded. 
517292     INFO  main            d.u.i.k.p.r.p.TestFile    Now processing file /home/runner/work/key/key/key.core/../key.ui/examples/standard_key/java_dl/testcontext.key 
517292     INFO  main            d.u.i.k.p.i.AbstractProblemLoader Loading environment from /home/runner/work/key/key/key.core/../key.ui/examples/standard_key/java_dl/testcontext.key 
517292     DEBUG main            d.u.i.k.p.i.AbstractProblemLoader Environment load took 75.1ns 
517293     INFO  main            d.u.i.k.p.i.AbstractProblemLoader Creating init config 
517313     WARN  main            d.u.i.k.j.r.KeYCrossReferenceNameInfo Datatype java.io.PrintStream declared twice: Once in FILE:/home/runner/work/key/key/key.core/../key.ui/examples/standard_key/java_dl/classpath/PrintStream.java and once in URL:file:/home/runner/work/key/key/key.core/build/resources/main/de/uka/ilkd/key/java/JavaRedux/java/io/PrintStream.java, Keeping one from URL:file:/home/runner/work/key/key/key.core/build/resources/main/de/uka/ilkd/key/java/JavaRedux/java/io/PrintStream.java 
517313     WARN  main            d.u.i.k.j.r.KeYCrossReferenceNameInfo Datatype java.lang.System declared twice: Once in FILE:/home/runner/work/key/key/key.core/../key.ui/examples/standard_key/java_dl/classpath/System.java and once in URL:file:/home/runner/work/key/key/key.core/build/resources/main/de/uka/ilkd/key/java/JavaRedux/java/lang/System.java, Keeping one from URL:file:/home/runner/work/key/key/key.core/build/resources/main/de/uka/ilkd/key/java/JavaRedux/java/lang/System.java 
517313     WARN  main            d.u.i.k.j.r.KeYCrossReferenceNameInfo Datatype java.io.InputStream declared twice: Once in FILE:/home/runner/work/key/key/key.core/../key.ui/examples/standard_key/java_dl/classpath/InputStream.java and once in URL:file:/home/runner/work/key/key/key.core/build/resources/main/de/uka/ilkd/key/java/JavaRedux/java/io/InputStream.java, Keeping one from URL:file:/home/runner/work/key/key/key.core/build/resources/main/de/uka/ilkd/key/java/JavaRedux/java/io/InputStream.java 
517316     DEBUG main            d.u.i.k.j.r.ClassFileDeclarationBuilder Parsing: package java.io; public class Closeable { } 
517316     DEBUG main            r.s.KeYCrossReferenceSourceInfo Dynamically created class: java.io.Closeable 
519653     DEBUG main            d.u.i.k.p.i.AbstractProblemLoader Init config took 2.36s 
519668     INFO  main            d.u.i.k.p.i.AbstractProblemLoader Replaying proof testcontext.key 
519670     DEBUG main            d.u.i.k.p.i.IntermediateProofReplayer Proof replay took 3.6ns 
519972     INFO  main            d.u.i.k.p.r.p.TestFile    ... finished proof: closed. 
520572     INFO  main            d.u.i.k.p.i.AbstractProblemLoader Loading environment from /home/runner/work/key/key/key.core/../key.ui/examples/standard_key/java_dl/testcontext.key.proof 
520572     DEBUG main            d.u.i.k.p.i.AbstractProblemLoader Environment load took 89.8ns 
520573     INFO  main            d.u.i.k.p.i.AbstractProblemLoader Creating init config 
520595     WARN  main            d.u.i.k.j.r.KeYCrossReferenceNameInfo Datatype java.io.PrintStream declared twice: Once in FILE:/home/runner/work/key/key/key.core/../key.ui/examples/standard_key/java_dl/classpath/PrintStream.java and once in URL:file:/home/runner/work/key/key/key.core/build/resources/main/de/uka/ilkd/key/java/JavaRedux/java/io/PrintStream.java, Keeping one from URL:file:/home/runner/work/key/key/key.core/build/resources/main/de/uka/ilkd/key/java/JavaRedux/java/io/PrintStream.java 
520595     WARN  main            d.u.i.k.j.r.KeYCrossReferenceNameInfo Datatype java.lang.System declared twice: Once in FILE:/home/runner/work/key/key/key.core/../key.ui/examples/standard_key/java_dl/classpath/System.java and once in URL:file:/home/runner/work/key/key/key.core/build/resources/main/de/uka/ilkd/key/java/JavaRedux/java/lang/System.java, Keeping one from URL:file:/home/runner/work/key/key/key.core/build/resources/main/de/uka/ilkd/key/java/JavaRedux/java/lang/System.java 
520595     WARN  main            d.u.i.k.j.r.KeYCrossReferenceNameInfo Datatype java.io.InputStream declared twice: Once in FILE:/home/runner/work/key/key/key.core/../key.ui/examples/standard_key/java_dl/classpath/InputStream.java and once in URL:file:/home/runner/work/key/key/key.core/build/resources/main/de/uka/ilkd/key/java/JavaRedux/java/io/InputStream.java, Keeping one from URL:file:/home/runner/work/key/key/key.core/build/resources/main/de/uka/ilkd/key/java/JavaRedux/java/io/InputStream.java 
520598     DEBUG main            d.u.i.k.j.r.ClassFileDeclarationBuilder Parsing: package java.io; public class Closeable { } 
520598     DEBUG main            r.s.KeYCrossReferenceSourceInfo Dynamically created class: java.io.Closeable 
522818     DEBUG main            d.u.i.k.p.i.AbstractProblemLoader Init config took 2.25s 
522832     INFO  main            d.u.i.k.p.i.AbstractProblemLoader Replaying proof testcontext.key.proof 
522872     DEBUG main            d.u.i.k.p.i.IntermediateProofReplayer Proof replay took 37.32ms 
522873     DEBUG main            d.u.i.k.p.r.p.TestFile    ... success: reloaded. 
522874     INFO  main            d.u.i.k.p.r.p.TestFile    Now processing file /home/runner/work/key/key/key.core/../key.ui/examples/standard_key/staticInitialisation/cascadeStaticInitialisation.key 
522874     INFO  main            d.u.i.k.p.i.AbstractProblemLoader Loading environment from /home/runner/work/key/key/key.core/../key.ui/examples/standard_key/staticInitialisation/cascadeStaticInitialisation.key 
522874     DEBUG main            d.u.i.k.p.i.AbstractProblemLoader Environment load took 75.2ns 
522876     INFO  main            d.u.i.k.p.i.AbstractProblemLoader Creating init config 
522896     WARN  main            d.u.i.k.j.r.KeYCrossReferenceNameInfo Datatype java.io.PrintStream declared twice: Once in FILE:/home/runner/work/key/key/key.core/../key.ui/examples/standard_key/staticInitialisation/classpath/PrintStream.java and once in URL:file:/home/runner/work/key/key/key.core/build/resources/main/de/uka/ilkd/key/java/JavaRedux/java/io/PrintStream.java, Keeping one from URL:file:/home/runner/work/key/key/key.core/build/resources/main/de/uka/ilkd/key/java/JavaRedux/java/io/PrintStream.java 
522896     WARN  main            d.u.i.k.j.r.KeYCrossReferenceNameInfo Datatype java.lang.System declared twice: Once in FILE:/home/runner/work/key/key/key.core/../key.ui/examples/standard_key/staticInitialisation/classpath/System.java and once in URL:file:/home/runner/work/key/key/key.core/build/resources/main/de/uka/ilkd/key/java/JavaRedux/java/lang/System.java, Keeping one from URL:file:/home/runner/work/key/key/key.core/build/resources/main/de/uka/ilkd/key/java/JavaRedux/java/lang/System.java 
525187     DEBUG main            d.u.i.k.p.i.AbstractProblemLoader Init config took 2.31s 
525202     INFO  main            d.u.i.k.p.i.AbstractProblemLoader Replaying proof cascadeStaticInitialisation.key 
525203     DEBUG main            d.u.i.k.p.i.IntermediateProofReplayer Proof replay took 3.6ns 
525808     INFO  main            d.u.i.k.p.r.p.TestFile    ... finished proof: closed. 
526363     INFO  main            d.u.i.k.p.i.AbstractProblemLoader Loading environment from /home/runner/work/key/key/key.core/../key.ui/examples/standard_key/staticInitialisation/cascadeStaticInitialisation.key.proof 
526363     DEBUG main            d.u.i.k.p.i.AbstractProblemLoader Environment load took 259.9ns 
526365     INFO  main            d.u.i.k.p.i.AbstractProblemLoader Creating init config 
526386     WARN  main            d.u.i.k.j.r.KeYCrossReferenceNameInfo Datatype java.io.PrintStream declared twice: Once in FILE:/home/runner/work/key/key/key.core/../key.ui/examples/standard_key/staticInitialisation/classpath/PrintStream.java and once in URL:file:/home/runner/work/key/key/key.core/build/resources/main/de/uka/ilkd/key/java/JavaRedux/java/io/PrintStream.java, Keeping one from URL:file:/home/runner/work/key/key/key.core/build/resources/main/de/uka/ilkd/key/java/JavaRedux/java/io/PrintStream.java 
526386     WARN  main            d.u.i.k.j.r.KeYCrossReferenceNameInfo Datatype java.lang.System declared twice: Once in FILE:/home/runner/work/key/key/key.core/../key.ui/examples/standard_key/staticInitialisation/classpath/System.java and once in URL:file:/home/runner/work/key/key/key.core/build/resources/main/de/uka/ilkd/key/java/JavaRedux/java/lang/System.java, Keeping one from URL:file:/home/runner/work/key/key/key.core/build/resources/main/de/uka/ilkd/key/java/JavaRedux/java/lang/System.java 
528699     DEBUG main            d.u.i.k.p.i.AbstractProblemLoader Init config took 2.33s 
528713     INFO  main            d.u.i.k.p.i.AbstractProblemLoader Replaying proof cascadeStaticInitialisation.key.proof 
528816     DEBUG main            d.u.i.k.p.i.IntermediateProofReplayer Proof replay took 100.62ms 
528818     DEBUG main            d.u.i.k.p.r.p.TestFile    ... success: reloaded. 
528818     INFO  main            d.u.i.k.p.r.p.TestFile    Now processing file /home/runner/work/key/key/key.core/../key.ui/examples/standard_key/staticInitialisation/erroneousClassImpliesErroneousSubclass.key 
528819     INFO  main            d.u.i.k.p.i.AbstractProblemLoader Loading environment from /home/runner/work/key/key/key.core/../key.ui/examples/standard_key/staticInitialisation/erroneousClassImpliesErroneousSubclass.key 
528819     DEBUG main            d.u.i.k.p.i.AbstractProblemLoader Environment load took 50.1ns 
528820     INFO  main            d.u.i.k.p.i.AbstractProblemLoader Creating init config 
528839     WARN  main            d.u.i.k.j.r.KeYCrossReferenceNameInfo Datatype java.io.PrintStream declared twice: Once in FILE:/home/runner/work/key/key/key.core/../key.ui/examples/standard_key/staticInitialisation/classpath/PrintStream.java and once in URL:file:/home/runner/work/key/key/key.core/build/resources/main/de/uka/ilkd/key/java/JavaRedux/java/io/PrintStream.java, Keeping one from URL:file:/home/runner/work/key/key/key.core/build/resources/main/de/uka/ilkd/key/java/JavaRedux/java/io/PrintStream.java 
528839     WARN  main            d.u.i.k.j.r.KeYCrossReferenceNameInfo Datatype java.lang.System declared twice: Once in FILE:/home/runner/work/key/key/key.core/../key.ui/examples/standard_key/staticInitialisation/classpath/System.java and once in URL:file:/home/runner/work/key/key/key.core/build/resources/main/de/uka/ilkd/key/java/JavaRedux/java/lang/System.java, Keeping one from URL:file:/home/runner/work/key/key/key.core/build/resources/main/de/uka/ilkd/key/java/JavaRedux/java/lang/System.java 
531124     DEBUG main            d.u.i.k.p.i.AbstractProblemLoader Init config took 2.3s 
531137     INFO  main            d.u.i.k.p.i.AbstractProblemLoader Replaying proof erroneousClassImpliesErroneousSubclass.key 
531138     DEBUG main            d.u.i.k.p.i.IntermediateProofReplayer Proof replay took 3ns 
531239     INFO  main            d.u.i.k.p.r.p.TestFile    ... finished proof: closed. 
531761     INFO  main            d.u.i.k.p.i.AbstractProblemLoader Loading environment from /home/runner/work/key/key/key.core/../key.ui/examples/standard_key/staticInitialisation/erroneousClassImpliesErroneousSubclass.key.proof 
531761     DEBUG main            d.u.i.k.p.i.AbstractProblemLoader Environment load took 79.5ns 
531762     INFO  main            d.u.i.k.p.i.AbstractProblemLoader Creating init config 
531781     WARN  main            d.u.i.k.j.r.KeYCrossReferenceNameInfo Datatype java.io.PrintStream declared twice: Once in FILE:/home/runner/work/key/key/key.core/../key.ui/examples/standard_key/staticInitialisation/classpath/PrintStream.java and once in URL:file:/home/runner/work/key/key/key.core/build/resources/main/de/uka/ilkd/key/java/JavaRedux/java/io/PrintStream.java, Keeping one from URL:file:/home/runner/work/key/key/key.core/build/resources/main/de/uka/ilkd/key/java/JavaRedux/java/io/PrintStream.java 
531782     WARN  main            d.u.i.k.j.r.KeYCrossReferenceNameInfo Datatype java.lang.System declared twice: Once in FILE:/home/runner/work/key/key/key.core/../key.ui/examples/standard_key/staticInitialisation/classpath/System.java and once in URL:file:/home/runner/work/key/key/key.core/build/resources/main/de/uka/ilkd/key/java/JavaRedux/java/lang/System.java, Keeping one from URL:file:/home/runner/work/key/key/key.core/build/resources/main/de/uka/ilkd/key/java/JavaRedux/java/lang/System.java 
534005     DEBUG main            d.u.i.k.p.i.AbstractProblemLoader Init config took 2.24s 
534018     INFO  main            d.u.i.k.p.i.AbstractProblemLoader Replaying proof erroneousClassImpliesErroneousSubclass.key.proof 
534020     DEBUG main            d.u.i.k.p.i.IntermediateProofReplayer Proof replay took 470.81ns 
534021     DEBUG main            d.u.i.k.p.r.p.TestFile    ... success: reloaded. 
534021     INFO  main            d.u.i.k.p.r.p.TestFile    Now processing file /home/runner/work/key/key/key.core/../key.ui/examples/standard_key/staticInitialisation/initializedSubclassImpliesInitializedSuperclass.key 
534021     INFO  main            d.u.i.k.p.i.AbstractProblemLoader Loading environment from /home/runner/work/key/key/key.core/../key.ui/examples/standard_key/staticInitialisation/initializedSubclassImpliesInitializedSuperclass.key 
534022     DEBUG main            d.u.i.k.p.i.AbstractProblemLoader Environment load took 88.1ns 
534022     INFO  main            d.u.i.k.p.i.AbstractProblemLoader Creating init config 
534041     WARN  main            d.u.i.k.j.r.KeYCrossReferenceNameInfo Datatype java.io.PrintStream declared twice: Once in FILE:/home/runner/work/key/key/key.core/../key.ui/examples/standard_key/staticInitialisation/classpath/PrintStream.java and once in URL:file:/home/runner/work/key/key/key.core/build/resources/main/de/uka/ilkd/key/java/JavaRedux/java/io/PrintStream.java, Keeping one from URL:file:/home/runner/work/key/key/key.core/build/resources/main/de/uka/ilkd/key/java/JavaRedux/java/io/PrintStream.java 
534041     WARN  main            d.u.i.k.j.r.KeYCrossReferenceNameInfo Datatype java.lang.System declared twice: Once in FILE:/home/runner/work/key/key/key.core/../key.ui/examples/standard_key/staticInitialisation/classpath/System.java and once in URL:file:/home/runner/work/key/key/key.core/build/resources/main/de/uka/ilkd/key/java/JavaRedux/java/lang/System.java, Keeping one from URL:file:/home/runner/work/key/key/key.core/build/resources/main/de/uka/ilkd/key/java/JavaRedux/java/lang/System.java 
536279     DEBUG main            d.u.i.k.p.i.AbstractProblemLoader Init config took 2.26s 
536292     INFO  main            d.u.i.k.p.i.AbstractProblemLoader Replaying proof initializedSubclassImpliesInitializedSuperclass.key 
536293     DEBUG main            d.u.i.k.p.i.IntermediateProofReplayer Proof replay took 2.7ns 
536396     INFO  main            d.u.i.k.p.r.p.TestFile    ... finished proof: closed. 
536912     INFO  main            d.u.i.k.p.i.AbstractProblemLoader Loading environment from /home/runner/work/key/key/key.core/../key.ui/examples/standard_key/staticInitialisation/initializedSubclassImpliesInitializedSuperclass.key.proof 
536912     DEBUG main            d.u.i.k.p.i.AbstractProblemLoader Environment load took 83.6ns 
536913     INFO  main            d.u.i.k.p.i.AbstractProblemLoader Creating init config 
536933     WARN  main            d.u.i.k.j.r.KeYCrossReferenceNameInfo Datatype java.io.PrintStream declared twice: Once in FILE:/home/runner/work/key/key/key.core/../key.ui/examples/standard_key/staticInitialisation/classpath/PrintStream.java and once in URL:file:/home/runner/work/key/key/key.core/build/resources/main/de/uka/ilkd/key/java/JavaRedux/java/io/PrintStream.java, Keeping one from URL:file:/home/runner/work/key/key/key.core/build/resources/main/de/uka/ilkd/key/java/JavaRedux/java/io/PrintStream.java 
536933     WARN  main            d.u.i.k.j.r.KeYCrossReferenceNameInfo Datatype java.lang.System declared twice: Once in FILE:/home/runner/work/key/key/key.core/../key.ui/examples/standard_key/staticInitialisation/classpath/System.java and once in URL:file:/home/runner/work/key/key/key.core/build/resources/main/de/uka/ilkd/key/java/JavaRedux/java/lang/System.java, Keeping one from URL:file:/home/runner/work/key/key/key.core/build/resources/main/de/uka/ilkd/key/java/JavaRedux/java/lang/System.java 
539163     DEBUG main            d.u.i.k.p.i.AbstractProblemLoader Init config took 2.25s 
539179     INFO  main            d.u.i.k.p.i.AbstractProblemLoader Replaying proof initializedSubclassImpliesInitializedSuperclass.key.proof 
539181     DEBUG main            d.u.i.k.p.i.IntermediateProofReplayer Proof replay took 340.61ns 
539182     DEBUG main            d.u.i.k.p.r.p.TestFile    ... success: reloaded. 
539183     INFO  main            d.u.i.k.p.r.p.TestFile    Now processing file /home/runner/work/key/key/key.core/../key.ui/examples/standard_key/staticInitialisation/localDeclared.key 
539183     INFO  main            d.u.i.k.p.i.AbstractProblemLoader Loading environment from /home/runner/work/key/key/key.core/../key.ui/examples/standard_key/staticInitialisation/localDeclared.key 
539183     DEBUG main            d.u.i.k.p.i.AbstractProblemLoader Environment load took 70.6ns 
539184     INFO  main            d.u.i.k.p.i.AbstractProblemLoader Creating init config 
539203     WARN  main            d.u.i.k.j.r.KeYCrossReferenceNameInfo Datatype java.io.PrintStream declared twice: Once in FILE:/home/runner/work/key/key/key.core/../key.ui/examples/standard_key/staticInitialisation/classpath/PrintStream.java and once in URL:file:/home/runner/work/key/key/key.core/build/resources/main/de/uka/ilkd/key/java/JavaRedux/java/io/PrintStream.java, Keeping one from URL:file:/home/runner/work/key/key/key.core/build/resources/main/de/uka/ilkd/key/java/JavaRedux/java/io/PrintStream.java 
539204     WARN  main            d.u.i.k.j.r.KeYCrossReferenceNameInfo Datatype java.lang.System declared twice: Once in FILE:/home/runner/work/key/key/key.core/../key.ui/examples/standard_key/staticInitialisation/classpath/System.java and once in URL:file:/home/runner/work/key/key/key.core/build/resources/main/de/uka/ilkd/key/java/JavaRedux/java/lang/System.java, Keeping one from URL:file:/home/runner/work/key/key/key.core/build/resources/main/de/uka/ilkd/key/java/JavaRedux/java/lang/System.java 
541529     DEBUG main            d.u.i.k.p.i.AbstractProblemLoader Init config took 2.34s 
541542     INFO  main            d.u.i.k.p.i.AbstractProblemLoader Replaying proof localDeclared.key 
541543     DEBUG main            d.u.i.k.p.i.IntermediateProofReplayer Proof replay took 2.5ns 
541847     INFO  main            d.u.i.k.p.r.p.TestFile    ... finished proof: closed. 
542366     INFO  main            d.u.i.k.p.i.AbstractProblemLoader Loading environment from /home/runner/work/key/key/key.core/../key.ui/examples/standard_key/staticInitialisation/localDeclared.key.proof 
542366     DEBUG main            d.u.i.k.p.i.AbstractProblemLoader Environment load took 89.5ns 
542367     INFO  main            d.u.i.k.p.i.AbstractProblemLoader Creating init config 
542386     WARN  main            d.u.i.k.j.r.KeYCrossReferenceNameInfo Datatype java.io.PrintStream declared twice: Once in FILE:/home/runner/work/key/key/key.core/../key.ui/examples/standard_key/staticInitialisation/classpath/PrintStream.java and once in URL:file:/home/runner/work/key/key/key.core/build/resources/main/de/uka/ilkd/key/java/JavaRedux/java/io/PrintStream.java, Keeping one from URL:file:/home/runner/work/key/key/key.core/build/resources/main/de/uka/ilkd/key/java/JavaRedux/java/io/PrintStream.java 
542386     WARN  main            d.u.i.k.j.r.KeYCrossReferenceNameInfo Datatype java.lang.System declared twice: Once in FILE:/home/runner/work/key/key/key.core/../key.ui/examples/standard_key/staticInitialisation/classpath/System.java and once in URL:file:/home/runner/work/key/key/key.core/build/resources/main/de/uka/ilkd/key/java/JavaRedux/java/lang/System.java, Keeping one from URL:file:/home/runner/work/key/key/key.core/build/resources/main/de/uka/ilkd/key/java/JavaRedux/java/lang/System.java 
544669     DEBUG main            d.u.i.k.p.i.AbstractProblemLoader Init config took 2.3s 
544683     INFO  main            d.u.i.k.p.i.AbstractProblemLoader Replaying proof localDeclared.key.proof 
544723     DEBUG main            d.u.i.k.p.i.IntermediateProofReplayer Proof replay took 38.76ms 
544725     DEBUG main            d.u.i.k.p.r.p.TestFile    ... success: reloaded. 
544725     INFO  main            d.u.i.k.p.r.p.TestFile    Now processing file /home/runner/work/key/key/key.core/../key.ui/examples/standard_key/staticInitialisation/localDeclaredMethod.key 
544725     INFO  main            d.u.i.k.p.i.AbstractProblemLoader Loading environment from /home/runner/work/key/key/key.core/../key.ui/examples/standard_key/staticInitialisation/localDeclaredMethod.key 
544726     DEBUG main            d.u.i.k.p.i.AbstractProblemLoader Environment load took 104.3ns 
544727     INFO  main            d.u.i.k.p.i.AbstractProblemLoader Creating init config 
544746     WARN  main            d.u.i.k.j.r.KeYCrossReferenceNameInfo Datatype java.io.PrintStream declared twice: Once in FILE:/home/runner/work/key/key/key.core/../key.ui/examples/standard_key/staticInitialisation/classpath/PrintStream.java and once in URL:file:/home/runner/work/key/key/key.core/build/resources/main/de/uka/ilkd/key/java/JavaRedux/java/io/PrintStream.java, Keeping one from URL:file:/home/runner/work/key/key/key.core/build/resources/main/de/uka/ilkd/key/java/JavaRedux/java/io/PrintStream.java 
544746     WARN  main            d.u.i.k.j.r.KeYCrossReferenceNameInfo Datatype java.lang.System declared twice: Once in FILE:/home/runner/work/key/key/key.core/../key.ui/examples/standard_key/staticInitialisation/classpath/System.java and once in URL:file:/home/runner/work/key/key/key.core/build/resources/main/de/uka/ilkd/key/java/JavaRedux/java/lang/System.java, Keeping one from URL:file:/home/runner/work/key/key/key.core/build/resources/main/de/uka/ilkd/key/java/JavaRedux/java/lang/System.java 
546991     DEBUG main            d.u.i.k.p.i.AbstractProblemLoader Init config took 2.26s 
547005     INFO  main            d.u.i.k.p.i.AbstractProblemLoader Replaying proof localDeclaredMethod.key 
547006     DEBUG main            d.u.i.k.p.i.IntermediateProofReplayer Proof replay took 3.4ns 
547311     INFO  main            d.u.i.k.p.r.p.TestFile    ... finished proof: closed. 
547828     INFO  main            d.u.i.k.p.i.AbstractProblemLoader Loading environment from /home/runner/work/key/key/key.core/../key.ui/examples/standard_key/staticInitialisation/localDeclaredMethod.key.proof 
547828     DEBUG main            d.u.i.k.p.i.AbstractProblemLoader Environment load took 84.1ns 
547829     INFO  main            d.u.i.k.p.i.AbstractProblemLoader Creating init config 
547848     WARN  main            d.u.i.k.j.r.KeYCrossReferenceNameInfo Datatype java.io.PrintStream declared twice: Once in FILE:/home/runner/work/key/key/key.core/../key.ui/examples/standard_key/staticInitialisation/classpath/PrintStream.java and once in URL:file:/home/runner/work/key/key/key.core/build/resources/main/de/uka/ilkd/key/java/JavaRedux/java/io/PrintStream.java, Keeping one from URL:file:/home/runner/work/key/key/key.core/build/resources/main/de/uka/ilkd/key/java/JavaRedux/java/io/PrintStream.java 
547848     WARN  main            d.u.i.k.j.r.KeYCrossReferenceNameInfo Datatype java.lang.System declared twice: Once in FILE:/home/runner/work/key/key/key.core/../key.ui/examples/standard_key/staticInitialisation/classpath/System.java and once in URL:file:/home/runner/work/key/key/key.core/build/resources/main/de/uka/ilkd/key/java/JavaRedux/java/lang/System.java, Keeping one from URL:file:/home/runner/work/key/key/key.core/build/resources/main/de/uka/ilkd/key/java/JavaRedux/java/lang/System.java 
550082     DEBUG main            d.u.i.k.p.i.AbstractProblemLoader Init config took 2.25s 
550096     INFO  main            d.u.i.k.p.i.AbstractProblemLoader Replaying proof localDeclaredMethod.key.proof 
550134     DEBUG main            d.u.i.k.p.i.IntermediateProofReplayer Proof replay took 36.67ms 
550136     DEBUG main            d.u.i.k.p.r.p.TestFile    ... success: reloaded. 
550136     INFO  main            d.u.i.k.p.r.p.TestFile    Now processing file /home/runner/work/key/key/key.core/../key.ui/examples/standard_key/staticInitialisation/objectOfErroneousClass.key 
550136     INFO  main            d.u.i.k.p.i.AbstractProblemLoader Loading environment from /home/runner/work/key/key/key.core/../key.ui/examples/standard_key/staticInitialisation/objectOfErroneousClass.key 
550137     DEBUG main            d.u.i.k.p.i.AbstractProblemLoader Environment load took 92.5ns 
550138     INFO  main            d.u.i.k.p.i.AbstractProblemLoader Creating init config 
550156     WARN  main            d.u.i.k.j.r.KeYCrossReferenceNameInfo Datatype java.io.PrintStream declared twice: Once in FILE:/home/runner/work/key/key/key.core/../key.ui/examples/standard_key/staticInitialisation/classpath/PrintStream.java and once in URL:file:/home/runner/work/key/key/key.core/build/resources/main/de/uka/ilkd/key/java/JavaRedux/java/io/PrintStream.java, Keeping one from URL:file:/home/runner/work/key/key/key.core/build/resources/main/de/uka/ilkd/key/java/JavaRedux/java/io/PrintStream.java 
550156     WARN  main            d.u.i.k.j.r.KeYCrossReferenceNameInfo Datatype java.lang.System declared twice: Once in FILE:/home/runner/work/key/key/key.core/../key.ui/examples/standard_key/staticInitialisation/classpath/System.java and once in URL:file:/home/runner/work/key/key/key.core/build/resources/main/de/uka/ilkd/key/java/JavaRedux/java/lang/System.java, Keeping one from URL:file:/home/runner/work/key/key/key.core/build/resources/main/de/uka/ilkd/key/java/JavaRedux/java/lang/System.java 
552405     DEBUG main            d.u.i.k.p.i.AbstractProblemLoader Init config took 2.27s 
552419     INFO  main            d.u.i.k.p.i.AbstractProblemLoader Replaying proof objectOfErroneousClass.key 
552422     DEBUG main            d.u.i.k.p.i.IntermediateProofReplayer Proof replay took 3.6ns 
564299     INFO  main            d.u.i.k.p.r.p.TestFile    ... finished proof: closed. 
564889     INFO  main            d.u.i.k.p.i.AbstractProblemLoader Loading environment from /home/runner/work/key/key/key.core/../key.ui/examples/standard_key/staticInitialisation/objectOfErroneousClass.key.proof 
564889     DEBUG main            d.u.i.k.p.i.AbstractProblemLoader Environment load took 161.9ns 
564893     INFO  main            d.u.i.k.p.i.AbstractProblemLoader Creating init config 
564911     WARN  main            d.u.i.k.j.r.KeYCrossReferenceNameInfo Datatype java.io.PrintStream declared twice: Once in FILE:/home/runner/work/key/key/key.core/../key.ui/examples/standard_key/staticInitialisation/classpath/PrintStream.java and once in URL:file:/home/runner/work/key/key/key.core/build/resources/main/de/uka/ilkd/key/java/JavaRedux/java/io/PrintStream.java, Keeping one from URL:file:/home/runner/work/key/key/key.core/build/resources/main/de/uka/ilkd/key/java/JavaRedux/java/io/PrintStream.java 
564911     WARN  main            d.u.i.k.j.r.KeYCrossReferenceNameInfo Datatype java.lang.System declared twice: Once in FILE:/home/runner/work/key/key/key.core/../key.ui/examples/standard_key/staticInitialisation/classpath/System.java and once in URL:file:/home/runner/work/key/key/key.core/build/resources/main/de/uka/ilkd/key/java/JavaRedux/java/lang/System.java, Keeping one from URL:file:/home/runner/work/key/key/key.core/build/resources/main/de/uka/ilkd/key/java/JavaRedux/java/lang/System.java 
567145     DEBUG main            d.u.i.k.p.i.AbstractProblemLoader Init config took 2.25s 
567160     INFO  main            d.u.i.k.p.i.AbstractProblemLoader Replaying proof objectOfErroneousClass.key.proof 
568586     DEBUG main            d.u.i.k.p.i.IntermediateProofReplayer Proof replay took 1.4s 
568590     DEBUG main            d.u.i.k.p.r.p.TestFile    ... success: reloaded. 
568591     INFO  main            d.u.i.k.p.r.p.TestFile    Now processing file /home/runner/work/key/key/key.core/../key.ui/examples/standard_key/staticInitialisation/staticInitialisersAreNonSimple.key 
568591     INFO  main            d.u.i.k.p.i.AbstractProblemLoader Loading environment from /home/runner/work/key/key/key.core/../key.ui/examples/standard_key/staticInitialisation/staticInitialisersAreNonSimple.key 
568591     DEBUG main            d.u.i.k.p.i.AbstractProblemLoader Environment load took 87ns 
568592     INFO  main            d.u.i.k.p.i.AbstractProblemLoader Creating init config 
568611     WARN  main            d.u.i.k.j.r.KeYCrossReferenceNameInfo Datatype java.io.PrintStream declared twice: Once in FILE:/home/runner/work/key/key/key.core/../key.ui/examples/standard_key/staticInitialisation/classpath/PrintStream.java and once in URL:file:/home/runner/work/key/key/key.core/build/resources/main/de/uka/ilkd/key/java/JavaRedux/java/io/PrintStream.java, Keeping one from URL:file:/home/runner/work/key/key/key.core/build/resources/main/de/uka/ilkd/key/java/JavaRedux/java/io/PrintStream.java 
568611     WARN  main            d.u.i.k.j.r.KeYCrossReferenceNameInfo Datatype java.lang.System declared twice: Once in FILE:/home/runner/work/key/key/key.core/../key.ui/examples/standard_key/staticInitialisation/classpath/System.java and once in URL:file:/home/runner/work/key/key/key.core/build/resources/main/de/uka/ilkd/key/java/JavaRedux/java/lang/System.java, Keeping one from URL:file:/home/runner/work/key/key/key.core/build/resources/main/de/uka/ilkd/key/java/JavaRedux/java/lang/System.java 
570910     DEBUG main            d.u.i.k.p.i.AbstractProblemLoader Init config took 2.32s 
570925     INFO  main            d.u.i.k.p.i.AbstractProblemLoader Replaying proof staticInitialisersAreNonSimple.key 
570926     DEBUG main            d.u.i.k.p.i.IntermediateProofReplayer Proof replay took 3.9ns 
571229     INFO  main            d.u.i.k.p.r.p.TestFile    ... finished proof: closed. 
571837     INFO  main            d.u.i.k.p.i.AbstractProblemLoader Loading environment from /home/runner/work/key/key/key.core/../key.ui/examples/standard_key/staticInitialisation/staticInitialisersAreNonSimple.key.proof 
571837     DEBUG main            d.u.i.k.p.i.AbstractProblemLoader Environment load took 85.6ns 
571838     INFO  main            d.u.i.k.p.i.AbstractProblemLoader Creating init config 
571856     WARN  main            d.u.i.k.j.r.KeYCrossReferenceNameInfo Datatype java.io.PrintStream declared twice: Once in FILE:/home/runner/work/key/key/key.core/../key.ui/examples/standard_key/staticInitialisation/classpath/PrintStream.java and once in URL:file:/home/runner/work/key/key/key.core/build/resources/main/de/uka/ilkd/key/java/JavaRedux/java/io/PrintStream.java, Keeping one from URL:file:/home/runner/work/key/key/key.core/build/resources/main/de/uka/ilkd/key/java/JavaRedux/java/io/PrintStream.java 
571857     WARN  main            d.u.i.k.j.r.KeYCrossReferenceNameInfo Datatype java.lang.System declared twice: Once in FILE:/home/runner/work/key/key/key.core/../key.ui/examples/standard_key/staticInitialisation/classpath/System.java and once in URL:file:/home/runner/work/key/key/key.core/build/resources/main/de/uka/ilkd/key/java/JavaRedux/java/lang/System.java, Keeping one from URL:file:/home/runner/work/key/key/key.core/build/resources/main/de/uka/ilkd/key/java/JavaRedux/java/lang/System.java 
574072     DEBUG main            d.u.i.k.p.i.AbstractProblemLoader Init config took 2.23s 
574086     INFO  main            d.u.i.k.p.i.AbstractProblemLoader Replaying proof staticInitialisersAreNonSimple.key.proof 
574141     DEBUG main            d.u.i.k.p.i.IntermediateProofReplayer Proof replay took 53.43ms 
574143     DEBUG main            d.u.i.k.p.r.p.TestFile    ... success: reloaded. 
574143     INFO  main            d.u.i.k.p.r.p.TestFile    Now processing file /home/runner/work/key/key/key.core/../key.ui/examples/standard_key/types/disjoint.key 
574144     INFO  main            d.u.i.k.p.i.AbstractProblemLoader Loading environment from /home/runner/work/key/key/key.core/../key.ui/examples/standard_key/types/disjoint.key 
574144     DEBUG main            d.u.i.k.p.i.AbstractProblemLoader Environment load took 46.4ns 
574144     INFO  main            d.u.i.k.p.i.AbstractProblemLoader Creating init config 
576372     DEBUG main            d.u.i.k.p.i.AbstractProblemLoader Init config took 2.23s 
576385     INFO  main            d.u.i.k.p.i.AbstractProblemLoader Replaying proof disjoint.key 
576386     DEBUG main            d.u.i.k.p.i.IntermediateProofReplayer Proof replay took 3.6ns 
576488     INFO  main            d.u.i.k.p.r.p.TestFile    ... finished proof: closed. 
577035     INFO  main            d.u.i.k.p.i.AbstractProblemLoader Loading environment from /home/runner/work/key/key/key.core/../key.ui/examples/standard_key/types/disjoint.key.proof 
577035     DEBUG main            d.u.i.k.p.i.AbstractProblemLoader Environment load took 82.4ns 
577036     INFO  main            d.u.i.k.p.i.AbstractProblemLoader Creating init config 
579215     DEBUG main            d.u.i.k.p.i.AbstractProblemLoader Init config took 2.18s 
579228     INFO  main            d.u.i.k.p.i.AbstractProblemLoader Replaying proof disjoint.key.proof 
579229     DEBUG main            d.u.i.k.p.i.IntermediateProofReplayer Proof replay took 271ns 
579230     DEBUG main            d.u.i.k.p.r.p.TestFile    ... success: reloaded. 
579231     INFO  main            d.u.i.k.p.r.p.TestFile    Now processing file /home/runner/work/key/key/key.core/../key.ui/examples/../../key.core/src/test/resources/testcase/classpath/classpath.key 
579231     INFO  main            d.u.i.k.p.i.AbstractProblemLoader Loading environment from /home/runner/work/key/key/key.core/../key.ui/examples/../../key.core/src/test/resources/testcase/classpath/classpath.key 
579231     DEBUG main            d.u.i.k.p.i.AbstractProblemLoader Environment load took 147.5ns 
579232     INFO  main            d.u.i.k.p.i.AbstractProblemLoader Creating init config 
579253     WARN  main            d.u.i.k.j.r.KeYCrossReferenceNameInfo Datatype cp.C declared twice: Once in FILE:/home/runner/work/key/key/key.core/../key.ui/examples/../../key.core/src/test/resources/testcase/classpath/classpath/C.class and once in FILE:/home/runner/work/key/key/key.core/../key.ui/examples/../../key.core/src/test/resources/testcase/classpath/classpath/C.jml, Keeping one from FILE:/home/runner/work/key/key/key.core/../key.ui/examples/../../key.core/src/test/resources/testcase/classpath/classpath/C.jml 
579256     DEBUG main            d.u.i.k.j.r.ClassFileDeclarationBuilder Parsing: package cp; public class Unresolved1 { } 
579256     DEBUG main            r.s.KeYCrossReferenceSourceInfo Dynamically created class: cp.Unresolved1 
579256     DEBUG main            d.u.i.k.j.r.ClassFileDeclarationBuilder Parsing: package cp; public class Unresolved2 { } 
579256     DEBUG main            r.s.KeYCrossReferenceSourceInfo Dynamically created class: cp.Unresolved2 
581593     DEBUG main            d.u.i.k.p.i.AbstractProblemLoader Init config took 2.36s 
581608     INFO  main            d.u.i.k.p.i.AbstractProblemLoader Replaying proof classpath.key 
581609     DEBUG main            d.u.i.k.p.i.IntermediateProofReplayer Proof replay took 3.2ns 
581711     INFO  main            d.u.i.k.p.r.p.TestFile    ... finished proof: closed. 
582250     INFO  main            d.u.i.k.p.i.AbstractProblemLoader Loading environment from /home/runner/work/key/key/key.core/../key.ui/examples/../../key.core/src/test/resources/testcase/classpath/classpath.key.proof 
582250     DEBUG main            d.u.i.k.p.i.AbstractProblemLoader Environment load took 106.5ns 
582251     INFO  main            d.u.i.k.p.i.AbstractProblemLoader Creating init config 
582274     WARN  main            d.u.i.k.j.r.KeYCrossReferenceNameInfo Datatype cp.C declared twice: Once in FILE:/home/runner/work/key/key/key.core/../key.ui/examples/../../key.core/src/test/resources/testcase/classpath/classpath/C.class and once in FILE:/home/runner/work/key/key/key.core/../key.ui/examples/../../key.core/src/test/resources/testcase/classpath/classpath/C.jml, Keeping one from FILE:/home/runner/work/key/key/key.core/../key.ui/examples/../../key.core/src/test/resources/testcase/classpath/classpath/C.jml 
582278     DEBUG main            d.u.i.k.j.r.ClassFileDeclarationBuilder Parsing: package cp; public class Unresolved1 { } 
582278     DEBUG main            r.s.KeYCrossReferenceSourceInfo Dynamically created class: cp.Unresolved1 
582278     DEBUG main            d.u.i.k.j.r.ClassFileDeclarationBuilder Parsing: package cp; public class Unresolved2 { } 
582278     DEBUG main            r.s.KeYCrossReferenceSourceInfo Dynamically created class: cp.Unresolved2 
584573     DEBUG main            d.u.i.k.p.i.AbstractProblemLoader Init config took 2.32s 
584587     INFO  main            d.u.i.k.p.i.AbstractProblemLoader Replaying proof classpath.key.proof 
584589     DEBUG main            d.u.i.k.p.i.IntermediateProofReplayer Proof replay took 457.91ns 
584590     DEBUG main            d.u.i.k.p.r.p.TestFile    ... success: reloaded. 
584591     INFO  main            d.u.i.k.p.r.p.TestFile    Now processing file /home/runner/work/key/key/key.core/../key.ui/examples/heap/inconsistent_represents/MyClass_m.key 
584591     INFO  main            d.u.i.k.p.i.AbstractProblemLoader Loading environment from /home/runner/work/key/key/key.core/../key.ui/examples/heap/inconsistent_represents/MyClass_m.key 
584591     DEBUG main            d.u.i.k.p.i.AbstractProblemLoader Environment load took 59.4ns 
584592     INFO  main            d.u.i.k.p.i.AbstractProblemLoader Creating init config 
586929     DEBUG main            d.u.i.k.p.i.AbstractProblemLoader Init config took 2.34s 
586964     INFO  main            d.u.i.k.p.i.AbstractProblemLoader Replaying proof MyClass[MyClass::m()].JML operation contract.0 
586965     DEBUG main            d.u.i.k.p.i.IntermediateProofReplayer Proof replay took 3.6ns 
587072     INFO  main            d.u.i.k.p.r.p.TestFile    ... finished proof: open goal(s) 
587620     INFO  main            d.u.i.k.p.r.p.TestFile    Now processing file /home/runner/work/key/key/key.core/../key.ui/examples/heap/inconsistent_represents/MyClass_n.key 
587620     INFO  main            d.u.i.k.p.i.AbstractProblemLoader Loading environment from /home/runner/work/key/key/key.core/../key.ui/examples/heap/inconsistent_represents/MyClass_n.key 
587620     DEBUG main            d.u.i.k.p.i.AbstractProblemLoader Environment load took 49.1ns 
587621     INFO  main            d.u.i.k.p.i.AbstractProblemLoader Creating init config 
589945     DEBUG main            d.u.i.k.p.i.AbstractProblemLoader Init config took 2.32s 
589978     INFO  main            d.u.i.k.p.i.AbstractProblemLoader Replaying proof MyClass[MyClass::n()].JML operation contract.0 
589979     DEBUG main            d.u.i.k.p.i.IntermediateProofReplayer Proof replay took 2.6ns 
590085     INFO  main            d.u.i.k.p.r.p.TestFile    ... finished proof: open goal(s) 
3451461    INFO  Test worker     d.u.i.k.p.r.RunAllProofsTestUnit Returning from test javadl 
3451463    INFO  Test worker     d.u.i.k.p.r.RunAllProofsTestUnit Running test FOL 
393        INFO  Timeout watchdog d.u.i.k.p.r.p.ForkedTestFileRunner Timeout watcher launched (2000 secs.) 
417        WARN  main            d.u.i.k.s.ProofSettings   The settings in /home/runner/.key/proof-settings.props are *not* read. 
451        INFO  main            d.u.i.k.p.r.p.TestFile    Now processing file /home/runner/work/key/key/key.core/../key.ui/examples/standard_key/pred_log/count.key 
556        INFO  main            d.u.i.k.p.i.AbstractProblemLoader Loading environment from /home/runner/work/key/key/key.core/../key.ui/examples/standard_key/pred_log/count.key 
576        DEBUG main            d.u.i.k.p.i.AbstractProblemLoader Environment load took 1.93ms 
806        INFO  main            d.u.i.k.p.i.AbstractProblemLoader Creating init config 
1798       DEBUG main            d.u.i.k.j.TypeConverter   No LDT found for Meta 
1799       DEBUG main            d.u.i.k.j.TypeConverter   No LDT found for Meta 
1801       DEBUG main            d.u.i.k.j.TypeConverter   No LDT found for Meta 
1802       DEBUG main            d.u.i.k.j.TypeConverter   No LDT found for Meta 
3405       DEBUG main            d.u.i.k.j.TypeConverter   No LDT found for JavaBigintExpression 
8218       DEBUG main            d.u.i.k.p.i.AbstractProblemLoader Init config took 7.41s 
8276       INFO  main            d.u.i.k.p.i.AbstractProblemLoader Replaying proof count.key 
8308       DEBUG main            d.u.i.k.p.i.IntermediateProofReplayer Proof replay took 35.6ns 
8573       INFO  main            d.u.i.k.p.r.p.TestFile    ... finished proof: closed. 
8678       INFO  main            d.u.i.k.p.i.AbstractProblemLoader Loading environment from /home/runner/work/key/key/key.core/../key.ui/examples/standard_key/pred_log/count.key.proof 
8678       DEBUG main            d.u.i.k.p.i.AbstractProblemLoader Environment load took 167.5ns 
8682       INFO  main            d.u.i.k.p.i.AbstractProblemLoader Creating init config 
11547      DEBUG main            d.u.i.k.p.i.AbstractProblemLoader Init config took 2.87s 
11576      INFO  main            d.u.i.k.p.i.AbstractProblemLoader Replaying proof count.key.proof 
11586      DEBUG main            d.u.i.k.p.i.IntermediateProofReplayer Proof replay took 5.71ms 
11597      DEBUG main            d.u.i.k.p.r.p.TestFile    ... success: reloaded. 
11599      INFO  main            d.u.i.k.p.r.p.TestFile    Now processing file /home/runner/work/key/key/key.core/../key.ui/examples/standard_key/pred_log/count2.key 
11599      INFO  main            d.u.i.k.p.i.AbstractProblemLoader Loading environment from /home/runner/work/key/key/key.core/../key.ui/examples/standard_key/pred_log/count2.key 
11599      DEBUG main            d.u.i.k.p.i.AbstractProblemLoader Environment load took 243.6ns 
11601      INFO  main            d.u.i.k.p.i.AbstractProblemLoader Creating init config 
14294      DEBUG main            d.u.i.k.p.i.AbstractProblemLoader Init config took 2.69s 
14335      INFO  main            d.u.i.k.p.i.AbstractProblemLoader Replaying proof count2.key 
14337      DEBUG main            d.u.i.k.p.i.IntermediateProofReplayer Proof replay took 7.3ns 
14442      INFO  main            d.u.i.k.p.r.p.TestFile    ... finished proof: closed. 
14560      INFO  main            d.u.i.k.p.i.AbstractProblemLoader Loading environment from /home/runner/work/key/key/key.core/../key.ui/examples/standard_key/pred_log/count2.key.proof 
14560      DEBUG main            d.u.i.k.p.i.AbstractProblemLoader Environment load took 138.6ns 
14561      INFO  main            d.u.i.k.p.i.AbstractProblemLoader Creating init config 
17144      DEBUG main            d.u.i.k.p.i.AbstractProblemLoader Init config took 2.58s 
17169      INFO  main            d.u.i.k.p.i.AbstractProblemLoader Replaying proof count2.key.proof 
17173      DEBUG main            d.u.i.k.p.i.IntermediateProofReplayer Proof replay took 2.18ms 
17175      DEBUG main            d.u.i.k.p.r.p.TestFile    ... success: reloaded. 
17176      INFO  main            d.u.i.k.p.r.p.TestFile    Now processing file /home/runner/work/key/key/key.core/../key.ui/examples/standard_key/pred_log/count3.key 
17176      INFO  main            d.u.i.k.p.i.AbstractProblemLoader Loading environment from /home/runner/work/key/key/key.core/../key.ui/examples/standard_key/pred_log/count3.key 
17176      DEBUG main            d.u.i.k.p.i.AbstractProblemLoader Environment load took 190.6ns 
17178      INFO  main            d.u.i.k.p.i.AbstractProblemLoader Creating init config 
19714      DEBUG main            d.u.i.k.p.i.AbstractProblemLoader Init config took 2.54s 
19737      INFO  main            d.u.i.k.p.i.AbstractProblemLoader Replaying proof count3.key 
19739      DEBUG main            d.u.i.k.p.i.IntermediateProofReplayer Proof replay took 7.2ns 
19842      INFO  main            d.u.i.k.p.r.p.TestFile    ... finished proof: closed. 
19972      INFO  main            d.u.i.k.p.i.AbstractProblemLoader Loading environment from /home/runner/work/key/key/key.core/../key.ui/examples/standard_key/pred_log/count3.key.proof 
19972      DEBUG main            d.u.i.k.p.i.AbstractProblemLoader Environment load took 136.2ns 
19974      INFO  main            d.u.i.k.p.i.AbstractProblemLoader Creating init config 
22568      DEBUG main            d.u.i.k.p.i.AbstractProblemLoader Init config took 2.59s 
22593      INFO  main            d.u.i.k.p.i.AbstractProblemLoader Replaying proof count3.key.proof 
22600      DEBUG main            d.u.i.k.p.i.IntermediateProofReplayer Proof replay took 4.23ms 
22601      DEBUG main            d.u.i.k.p.r.p.TestFile    ... success: reloaded. 
22603      INFO  main            d.u.i.k.p.r.p.TestFile    Now processing file /home/runner/work/key/key/key.core/../key.ui/examples/standard_key/pred_log/equalities.key 
22603      INFO  main            d.u.i.k.p.i.AbstractProblemLoader Loading environment from /home/runner/work/key/key/key.core/../key.ui/examples/standard_key/pred_log/equalities.key 
22603      DEBUG main            d.u.i.k.p.i.AbstractProblemLoader Environment load took 84.6ns 
22605      INFO  main            d.u.i.k.p.i.AbstractProblemLoader Creating init config 
25096      DEBUG main            d.u.i.k.p.i.AbstractProblemLoader Init config took 2.49s 
25115      INFO  main            d.u.i.k.p.i.AbstractProblemLoader Replaying proof equalities.key 
25117      DEBUG main            d.u.i.k.p.i.IntermediateProofReplayer Proof replay took 7ns 
25220      INFO  main            d.u.i.k.p.r.p.TestFile    ... finished proof: closed. 
25385      INFO  main            d.u.i.k.p.i.AbstractProblemLoader Loading environment from /home/runner/work/key/key/key.core/../key.ui/examples/standard_key/pred_log/equalities.key.proof 
25386      DEBUG main            d.u.i.k.p.i.AbstractProblemLoader Environment load took 137.5ns 
25387      INFO  main            d.u.i.k.p.i.AbstractProblemLoader Creating init config 
27882      DEBUG main            d.u.i.k.p.i.AbstractProblemLoader Init config took 2.5s 
27902      INFO  main            d.u.i.k.p.i.AbstractProblemLoader Replaying proof equalities.key.proof 
27905      DEBUG main            d.u.i.k.p.i.IntermediateProofReplayer Proof replay took 1.06ms 
27906      DEBUG main            d.u.i.k.p.r.p.TestFile    ... success: reloaded. 
27907      INFO  main            d.u.i.k.p.r.p.TestFile    Now processing file /home/runner/work/key/key/key.core/../key.ui/examples/standard_key/pred_log/equalities2.key 
27908      INFO  main            d.u.i.k.p.i.AbstractProblemLoader Loading environment from /home/runner/work/key/key/key.core/../key.ui/examples/standard_key/pred_log/equalities2.key 
27908      DEBUG main            d.u.i.k.p.i.AbstractProblemLoader Environment load took 185ns 
27909      INFO  main            d.u.i.k.p.i.AbstractProblemLoader Creating init config 
30423      DEBUG main            d.u.i.k.p.i.AbstractProblemLoader Init config took 2.51s 
30444      INFO  main            d.u.i.k.p.i.AbstractProblemLoader Replaying proof equalities2.key 
30446      DEBUG main            d.u.i.k.p.i.IntermediateProofReplayer Proof replay took 7.8ns 
30553      INFO  main            d.u.i.k.p.r.p.TestFile    ... finished proof: closed. 
30701      INFO  main            d.u.i.k.p.i.AbstractProblemLoader Loading environment from /home/runner/work/key/key/key.core/../key.ui/examples/standard_key/pred_log/equalities2.key.proof 
30701      DEBUG main            d.u.i.k.p.i.AbstractProblemLoader Environment load took 132.9ns 
30702      INFO  main            d.u.i.k.p.i.AbstractProblemLoader Creating init config 
33198      DEBUG main            d.u.i.k.p.i.AbstractProblemLoader Init config took 2.5s 
33216      INFO  main            d.u.i.k.p.i.AbstractProblemLoader Replaying proof equalities2.key.proof 
33221      DEBUG main            d.u.i.k.p.i.IntermediateProofReplayer Proof replay took 2.9ms 
33222      DEBUG main            d.u.i.k.p.r.p.TestFile    ... success: reloaded. 
33223      INFO  main            d.u.i.k.p.r.p.TestFile    Now processing file /home/runner/work/key/key/key.core/../key.ui/examples/standard_key/pred_log/equalities3.key 
33223      INFO  main            d.u.i.k.p.i.AbstractProblemLoader Loading environment from /home/runner/work/key/key/key.core/../key.ui/examples/standard_key/pred_log/equalities3.key 
33223      DEBUG main            d.u.i.k.p.i.AbstractProblemLoader Environment load took 216.8ns 
33224      INFO  main            d.u.i.k.p.i.AbstractProblemLoader Creating init config 
35719      DEBUG main            d.u.i.k.p.i.AbstractProblemLoader Init config took 2.5s 
35737      INFO  main            d.u.i.k.p.i.AbstractProblemLoader Replaying proof equalities3.key 
35738      DEBUG main            d.u.i.k.p.i.IntermediateProofReplayer Proof replay took 7.3ns 
35841      INFO  main            d.u.i.k.p.r.p.TestFile    ... finished proof: closed. 
35990      INFO  main            d.u.i.k.p.i.AbstractProblemLoader Loading environment from /home/runner/work/key/key/key.core/../key.ui/examples/standard_key/pred_log/equalities3.key.proof 
35990      DEBUG main            d.u.i.k.p.i.AbstractProblemLoader Environment load took 181.9ns 
35993      INFO  main            d.u.i.k.p.i.AbstractProblemLoader Creating init config 
38463      DEBUG main            d.u.i.k.p.i.AbstractProblemLoader Init config took 2.47s 
38481      INFO  main            d.u.i.k.p.i.AbstractProblemLoader Replaying proof equalities3.key.proof 
38490      DEBUG main            d.u.i.k.p.i.IntermediateProofReplayer Proof replay took 7.97ms 
38493      DEBUG main            d.u.i.k.p.r.p.TestFile    ... success: reloaded. 
38494      INFO  main            d.u.i.k.p.r.p.TestFile    Now processing file /home/runner/work/key/key/key.core/../key.ui/examples/standard_key/pred_log/functions.key 
38495      INFO  main            d.u.i.k.p.i.AbstractProblemLoader Loading environment from /home/runner/work/key/key/key.core/../key.ui/examples/standard_key/pred_log/functions.key 
38495      DEBUG main            d.u.i.k.p.i.AbstractProblemLoader Environment load took 184ns 
38496      INFO  main            d.u.i.k.p.i.AbstractProblemLoader Creating init config 
40981      DEBUG main            d.u.i.k.p.i.AbstractProblemLoader Init config took 2.48s 
40998      INFO  main            d.u.i.k.p.i.AbstractProblemLoader Replaying proof functions.key 
40999      DEBUG main            d.u.i.k.p.i.IntermediateProofReplayer Proof replay took 7.6ns 
41105      INFO  main            d.u.i.k.p.r.p.TestFile    ... finished proof: closed. 
41304      INFO  main            d.u.i.k.p.i.AbstractProblemLoader Loading environment from /home/runner/work/key/key/key.core/../key.ui/examples/standard_key/pred_log/functions.key.proof 
41304      DEBUG main            d.u.i.k.p.i.AbstractProblemLoader Environment load took 124.6ns 
41305      INFO  main            d.u.i.k.p.i.AbstractProblemLoader Creating init config 
43712      DEBUG main            d.u.i.k.p.i.AbstractProblemLoader Init config took 2.41s 
43729      INFO  main            d.u.i.k.p.i.AbstractProblemLoader Replaying proof functions.key.proof 
43732      DEBUG main            d.u.i.k.p.i.IntermediateProofReplayer Proof replay took 1.82ms 
43733      DEBUG main            d.u.i.k.p.r.p.TestFile    ... success: reloaded. 
43734      INFO  main            d.u.i.k.p.r.p.TestFile    Now processing file /home/runner/work/key/key/key.core/../key.ui/examples/standard_key/pred_log/mv1.key 
43734      INFO  main            d.u.i.k.p.i.AbstractProblemLoader Loading environment from /home/runner/work/key/key/key.core/../key.ui/examples/standard_key/pred_log/mv1.key 
43734      DEBUG main            d.u.i.k.p.i.AbstractProblemLoader Environment load took 94ns 
43735      INFO  main            d.u.i.k.p.i.AbstractProblemLoader Creating init config 
46225      DEBUG main            d.u.i.k.p.i.AbstractProblemLoader Init config took 2.49s 
46242      INFO  main            d.u.i.k.p.i.AbstractProblemLoader Replaying proof mv1.key 
46244      DEBUG main            d.u.i.k.p.i.IntermediateProofReplayer Proof replay took 6.8ns 
46348      INFO  main            d.u.i.k.p.r.p.TestFile    ... finished proof: closed. 
46515      INFO  main            d.u.i.k.p.i.AbstractProblemLoader Loading environment from /home/runner/work/key/key/key.core/../key.ui/examples/standard_key/pred_log/mv1.key.proof 
46515      DEBUG main            d.u.i.k.p.i.AbstractProblemLoader Environment load took 128.8ns 
46516      INFO  main            d.u.i.k.p.i.AbstractProblemLoader Creating init config 
48934      DEBUG main            d.u.i.k.p.i.AbstractProblemLoader Init config took 2.42s 
48951      INFO  main            d.u.i.k.p.i.AbstractProblemLoader Replaying proof mv1.key.proof 
48953      DEBUG main            d.u.i.k.p.i.IntermediateProofReplayer Proof replay took 791.61ns 
48954      DEBUG main            d.u.i.k.p.r.p.TestFile    ... success: reloaded. 
48955      INFO  main            d.u.i.k.p.r.p.TestFile    Now processing file /home/runner/work/key/key/key.core/../key.ui/examples/standard_key/pred_log/mv2.key 
48955      INFO  main            d.u.i.k.p.i.AbstractProblemLoader Loading environment from /home/runner/work/key/key/key.core/../key.ui/examples/standard_key/pred_log/mv2.key 
48955      DEBUG main            d.u.i.k.p.i.AbstractProblemLoader Environment load took 181.2ns 
48957      INFO  main            d.u.i.k.p.i.AbstractProblemLoader Creating init config 
51413      DEBUG main            d.u.i.k.p.i.AbstractProblemLoader Init config took 2.46s 
51431      INFO  main            d.u.i.k.p.i.AbstractProblemLoader Replaying proof mv2.key 
51433      DEBUG main            d.u.i.k.p.i.IntermediateProofReplayer Proof replay took 6.9ns 
51535      INFO  main            d.u.i.k.p.r.p.TestFile    ... finished proof: closed. 
51725      INFO  main            d.u.i.k.p.i.AbstractProblemLoader Loading environment from /home/runner/work/key/key/key.core/../key.ui/examples/standard_key/pred_log/mv2.key.proof 
51725      DEBUG main            d.u.i.k.p.i.AbstractProblemLoader Environment load took 120.3ns 
51726      INFO  main            d.u.i.k.p.i.AbstractProblemLoader Creating init config 
54119      DEBUG main            d.u.i.k.p.i.AbstractProblemLoader Init config took 2.39s 
54134      INFO  main            d.u.i.k.p.i.AbstractProblemLoader Replaying proof mv2.key.proof 
54137      DEBUG main            d.u.i.k.p.i.IntermediateProofReplayer Proof replay took 1.36ms 
54138      DEBUG main            d.u.i.k.p.r.p.TestFile    ... success: reloaded. 
54138      INFO  main            d.u.i.k.p.r.p.TestFile    Now processing file /home/runner/work/key/key/key.core/../key.ui/examples/standard_key/pred_log/quantifiers.key 
54138      INFO  main            d.u.i.k.p.i.AbstractProblemLoader Loading environment from /home/runner/work/key/key/key.core/../key.ui/examples/standard_key/pred_log/quantifiers.key 
54138      DEBUG main            d.u.i.k.p.i.AbstractProblemLoader Environment load took 100.5ns 
54139      INFO  main            d.u.i.k.p.i.AbstractProblemLoader Creating init config 
56592      DEBUG main            d.u.i.k.p.i.AbstractProblemLoader Init config took 2.45s 
56607      INFO  main            d.u.i.k.p.i.AbstractProblemLoader Replaying proof quantifiers.key 
56609      DEBUG main            d.u.i.k.p.i.IntermediateProofReplayer Proof replay took 7.6ns 
56712      INFO  main            d.u.i.k.p.r.p.TestFile    ... finished proof: closed. 
56879      INFO  main            d.u.i.k.p.i.AbstractProblemLoader Loading environment from /home/runner/work/key/key/key.core/../key.ui/examples/standard_key/pred_log/quantifiers.key.proof 
56879      DEBUG main            d.u.i.k.p.i.AbstractProblemLoader Environment load took 133.3ns 
56882      INFO  main            d.u.i.k.p.i.AbstractProblemLoader Creating init config 
59295      DEBUG main            d.u.i.k.p.i.AbstractProblemLoader Init config took 2.41s 
59310      INFO  main            d.u.i.k.p.i.AbstractProblemLoader Replaying proof quantifiers.key.proof 
59313      DEBUG main            d.u.i.k.p.i.IntermediateProofReplayer Proof replay took 1.51ms 
59314      DEBUG main            d.u.i.k.p.r.p.TestFile    ... success: reloaded. 
59315      INFO  main            d.u.i.k.p.r.p.TestFile    Now processing file /home/runner/work/key/key/key.core/../key.ui/examples/standard_key/pred_log/simpleEps.key 
59315      INFO  main            d.u.i.k.p.i.AbstractProblemLoader Loading environment from /home/runner/work/key/key/key.core/../key.ui/examples/standard_key/pred_log/simpleEps.key 
59315      DEBUG main            d.u.i.k.p.i.AbstractProblemLoader Environment load took 178.4ns 
59316      INFO  main            d.u.i.k.p.i.AbstractProblemLoader Creating init config 
61730      DEBUG main            d.u.i.k.p.i.AbstractProblemLoader Init config took 2.41s 
61744      INFO  main            d.u.i.k.p.i.AbstractProblemLoader Replaying proof simpleEps.key 
61745      DEBUG main            d.u.i.k.p.i.IntermediateProofReplayer Proof replay took 6.9ns 
61848      INFO  main            d.u.i.k.p.r.p.TestFile    ... finished proof: closed. 
62021      INFO  main            d.u.i.k.p.i.AbstractProblemLoader Loading environment from /home/runner/work/key/key/key.core/../key.ui/examples/standard_key/pred_log/simpleEps.key.proof 
62021      DEBUG main            d.u.i.k.p.i.AbstractProblemLoader Environment load took 124ns 
62022      INFO  main            d.u.i.k.p.i.AbstractProblemLoader Creating init config 
64421      DEBUG main            d.u.i.k.p.i.AbstractProblemLoader Init config took 2.4s 
64435      INFO  main            d.u.i.k.p.i.AbstractProblemLoader Replaying proof simpleEps.key.proof 
64437      DEBUG main            d.u.i.k.p.i.IntermediateProofReplayer Proof replay took 964.82ns 
64438      DEBUG main            d.u.i.k.p.r.p.TestFile    ... success: reloaded. 
64438      INFO  main            d.u.i.k.p.r.p.TestFile    Now processing file /home/runner/work/key/key/key.core/../key.ui/examples/standard_key/pred_log/steam1.key 
64439      INFO  main            d.u.i.k.p.i.AbstractProblemLoader Loading environment from /home/runner/work/key/key/key.core/../key.ui/examples/standard_key/pred_log/steam1.key 
64439      DEBUG main            d.u.i.k.p.i.AbstractProblemLoader Environment load took 89.2ns 
64441      INFO  main            d.u.i.k.p.i.AbstractProblemLoader Creating init config 
66894      DEBUG main            d.u.i.k.p.i.AbstractProblemLoader Init config took 2.45s 
66911      INFO  main            d.u.i.k.p.i.AbstractProblemLoader Replaying proof steam1.key 
66912      DEBUG main            d.u.i.k.p.i.IntermediateProofReplayer Proof replay took 7.2ns 
67218      INFO  main            d.u.i.k.p.r.p.TestFile    ... finished proof: closed. 
67419      INFO  main            d.u.i.k.p.i.AbstractProblemLoader Loading environment from /home/runner/work/key/key/key.core/../key.ui/examples/standard_key/pred_log/steam1.key.proof 
67419      DEBUG main            d.u.i.k.p.i.AbstractProblemLoader Environment load took 421.51ns 
67422      INFO  main            d.u.i.k.p.i.AbstractProblemLoader Creating init config 
69802      DEBUG main            d.u.i.k.p.i.AbstractProblemLoader Init config took 2.38s 
69824      INFO  main            d.u.i.k.p.i.AbstractProblemLoader Replaying proof steam1.key.proof 
69844      DEBUG main            d.u.i.k.p.i.IntermediateProofReplayer Proof replay took 16.93ms 
69847      DEBUG main            d.u.i.k.p.r.p.TestFile    ... success: reloaded. 
69847      INFO  main            d.u.i.k.p.r.p.TestFile    Now processing file /home/runner/work/key/key/key.core/../key.ui/examples/standard_key/pred_log/tptp/PUZ/PUZ001p1.key 
69848      INFO  main            d.u.i.k.p.i.AbstractProblemLoader Loading environment from /home/runner/work/key/key/key.core/../key.ui/examples/standard_key/pred_log/tptp/PUZ/PUZ001p1.key 
69848      DEBUG main            d.u.i.k.p.i.AbstractProblemLoader Environment load took 194ns 
69850      INFO  main            d.u.i.k.p.i.AbstractProblemLoader Creating init config 
72285      DEBUG main            d.u.i.k.p.i.AbstractProblemLoader Init config took 2.44s 
72301      INFO  main            d.u.i.k.p.i.AbstractProblemLoader Replaying proof PUZ001p1.key 
72302      DEBUG main            d.u.i.k.p.i.IntermediateProofReplayer Proof replay took 14.8ns 
75326      INFO  main            d.u.i.k.p.r.p.TestFile    ... finished proof: closed. 
75547      INFO  main            d.u.i.k.p.i.AbstractProblemLoader Loading environment from /home/runner/work/key/key/key.core/../key.ui/examples/standard_key/pred_log/tptp/PUZ/PUZ001p1.key.proof 
75547      DEBUG main            d.u.i.k.p.i.AbstractProblemLoader Environment load took 372.01ns 
75549      INFO  main            d.u.i.k.p.i.AbstractProblemLoader Creating init config 
77913      DEBUG main            d.u.i.k.p.i.AbstractProblemLoader Init config took 2.36s 
77929      INFO  main            d.u.i.k.p.i.AbstractProblemLoader Replaying proof PUZ001p1.key.proof 
78089      DEBUG main            d.u.i.k.p.i.IntermediateProofReplayer Proof replay took 150.95ms 
78090      DEBUG main            d.u.i.k.p.r.p.TestFile    ... success: reloaded. 
78091      INFO  main            d.u.i.k.p.r.p.TestFile    Now processing file /home/runner/work/key/key/key.core/../key.ui/examples/standard_key/pred_log/tptp/PUZ/PUZ001p1-eq.key 
78092      INFO  main            d.u.i.k.p.i.AbstractProblemLoader Loading environment from /home/runner/work/key/key/key.core/../key.ui/examples/standard_key/pred_log/tptp/PUZ/PUZ001p1-eq.key 
78092      DEBUG main            d.u.i.k.p.i.AbstractProblemLoader Environment load took 216.9ns 
78094      INFO  main            d.u.i.k.p.i.AbstractProblemLoader Creating init config 
80526      DEBUG main            d.u.i.k.p.i.AbstractProblemLoader Init config took 2.43s 
80541      INFO  main            d.u.i.k.p.i.AbstractProblemLoader Replaying proof PUZ001p1-eq.key 
80542      DEBUG main            d.u.i.k.p.i.IntermediateProofReplayer Proof replay took 8.4ns 
80645      INFO  main            d.u.i.k.p.r.p.TestFile    ... finished proof: closed. 
80891      INFO  main            d.u.i.k.p.i.AbstractProblemLoader Loading environment from /home/runner/work/key/key/key.core/../key.ui/examples/standard_key/pred_log/tptp/PUZ/PUZ001p1-eq.key.proof 
80891      DEBUG main            d.u.i.k.p.i.AbstractProblemLoader Environment load took 132.2ns 
80892      INFO  main            d.u.i.k.p.i.AbstractProblemLoader Creating init config 
83239      DEBUG main            d.u.i.k.p.i.AbstractProblemLoader Init config took 2.35s 
83254      INFO  main            d.u.i.k.p.i.AbstractProblemLoader Replaying proof PUZ001p1-eq.key.proof 
83265      DEBUG main            d.u.i.k.p.i.IntermediateProofReplayer Proof replay took 8.76ms 
83266      DEBUG main            d.u.i.k.p.r.p.TestFile    ... success: reloaded. 
83268      INFO  main            d.u.i.k.p.r.p.TestFile    Now processing file /home/runner/work/key/key/key.core/../key.ui/examples/standard_key/pred_log/tptp/PUZ/PUZ031p1.key 
83268      INFO  main            d.u.i.k.p.i.AbstractProblemLoader Loading environment from /home/runner/work/key/key/key.core/../key.ui/examples/standard_key/pred_log/tptp/PUZ/PUZ031p1.key 
83268      DEBUG main            d.u.i.k.p.i.AbstractProblemLoader Environment load took 175ns 
83270      INFO  main            d.u.i.k.p.i.AbstractProblemLoader Creating init config 
85705      DEBUG main            d.u.i.k.p.i.AbstractProblemLoader Init config took 2.43s 
85720      INFO  main            d.u.i.k.p.i.AbstractProblemLoader Replaying proof PUZ031p1.key 
85721      DEBUG main            d.u.i.k.p.i.IntermediateProofReplayer Proof replay took 6.6ns 
93774      INFO  main            d.u.i.k.p.r.p.TestFile    ... finished proof: closed. 
93994      INFO  main            d.u.i.k.p.i.AbstractProblemLoader Loading environment from /home/runner/work/key/key/key.core/../key.ui/examples/standard_key/pred_log/tptp/PUZ/PUZ031p1.key.proof 
93997      DEBUG main            d.u.i.k.p.i.AbstractProblemLoader Environment load took 1.47ms 
93999      INFO  main            d.u.i.k.p.i.AbstractProblemLoader Creating init config 
96362      DEBUG main            d.u.i.k.p.i.AbstractProblemLoader Init config took 2.36s 
96378      INFO  main            d.u.i.k.p.i.AbstractProblemLoader Replaying proof PUZ031p1.key.proof 
96421      DEBUG main            d.u.i.k.p.i.IntermediateProofReplayer Proof replay took 37.39ms 
96422      DEBUG main            d.u.i.k.p.r.p.TestFile    ... success: reloaded. 
96423      INFO  main            d.u.i.k.p.r.p.TestFile    Now processing file /home/runner/work/key/key/key.core/../key.ui/examples/standard_key/pred_log/tptp/SET/SET027p3.key 
96423      INFO  main            d.u.i.k.p.i.AbstractProblemLoader Loading environment from /home/runner/work/key/key/key.core/../key.ui/examples/standard_key/pred_log/tptp/SET/SET027p3.key 
96423      DEBUG main            d.u.i.k.p.i.AbstractProblemLoader Environment load took 107.6ns 
96424      INFO  main            d.u.i.k.p.i.AbstractProblemLoader Creating init config 
98831      DEBUG main            d.u.i.k.p.i.AbstractProblemLoader Init config took 2.41s 
98845      INFO  main            d.u.i.k.p.i.AbstractProblemLoader Replaying proof SET027p3.key 
98846      DEBUG main            d.u.i.k.p.i.IntermediateProofReplayer Proof replay took 7.9ns 
98948      INFO  main            d.u.i.k.p.r.p.TestFile    ... finished proof: closed. 
99169      INFO  main            d.u.i.k.p.i.AbstractProblemLoader Loading environment from /home/runner/work/key/key/key.core/../key.ui/examples/standard_key/pred_log/tptp/SET/SET027p3.key.proof 
99170      DEBUG main            d.u.i.k.p.i.AbstractProblemLoader Environment load took 137ns 
99171      INFO  main            d.u.i.k.p.i.AbstractProblemLoader Creating init config 
101503     DEBUG main            d.u.i.k.p.i.AbstractProblemLoader Init config took 2.33s 
101517     INFO  main            d.u.i.k.p.i.AbstractProblemLoader Replaying proof SET027p3.key.proof 
101521     DEBUG main            d.u.i.k.p.i.IntermediateProofReplayer Proof replay took 2.72ms 
101522     DEBUG main            d.u.i.k.p.r.p.TestFile    ... success: reloaded. 
101523     INFO  main            d.u.i.k.p.r.p.TestFile    Now processing file /home/runner/work/key/key/key.core/../key.ui/examples/standard_key/pred_log/tptp/SET/SET043p1.key 
101523     INFO  main            d.u.i.k.p.i.AbstractProblemLoader Loading environment from /home/runner/work/key/key/key.core/../key.ui/examples/standard_key/pred_log/tptp/SET/SET043p1.key 
101523     DEBUG main            d.u.i.k.p.i.AbstractProblemLoader Environment load took 99.8ns 
101524     INFO  main            d.u.i.k.p.i.AbstractProblemLoader Creating init config 
103945     DEBUG main            d.u.i.k.p.i.AbstractProblemLoader Init config took 2.42s 
103959     INFO  main            d.u.i.k.p.i.AbstractProblemLoader Replaying proof SET043p1.key 
103960     DEBUG main            d.u.i.k.p.i.IntermediateProofReplayer Proof replay took 7.8ns 
104063     INFO  main            d.u.i.k.p.r.p.TestFile    ... finished proof: closed. 
104277     INFO  main            d.u.i.k.p.i.AbstractProblemLoader Loading environment from /home/runner/work/key/key/key.core/../key.ui/examples/standard_key/pred_log/tptp/SET/SET043p1.key.proof 
104277     DEBUG main            d.u.i.k.p.i.AbstractProblemLoader Environment load took 163ns 
104278     INFO  main            d.u.i.k.p.i.AbstractProblemLoader Creating init config 
106629     DEBUG main            d.u.i.k.p.i.AbstractProblemLoader Init config took 2.35s 
106643     INFO  main            d.u.i.k.p.i.AbstractProblemLoader Replaying proof SET043p1.key.proof 
106646     DEBUG main            d.u.i.k.p.i.IntermediateProofReplayer Proof replay took 1.14ms 
106647     DEBUG main            d.u.i.k.p.r.p.TestFile    ... success: reloaded. 
106647     INFO  main            d.u.i.k.p.r.p.TestFile    Now processing file /home/runner/work/key/key/key.core/../key.ui/examples/standard_key/pred_log/tptp/SET/SET045p1.key 
106648     INFO  main            d.u.i.k.p.i.AbstractProblemLoader Loading environment from /home/runner/work/key/key/key.core/../key.ui/examples/standard_key/pred_log/tptp/SET/SET045p1.key 
106648     DEBUG main            d.u.i.k.p.i.AbstractProblemLoader Environment load took 185.6ns 
106649     INFO  main            d.u.i.k.p.i.AbstractProblemLoader Creating init config 
109100     DEBUG main            d.u.i.k.p.i.AbstractProblemLoader Init config took 2.45s 
109113     INFO  main            d.u.i.k.p.i.AbstractProblemLoader Replaying proof SET045p1.key 
109115     DEBUG main            d.u.i.k.p.i.IntermediateProofReplayer Proof replay took 7.3ns 
109217     INFO  main            d.u.i.k.p.r.p.TestFile    ... finished proof: closed. 
109438     INFO  main            d.u.i.k.p.i.AbstractProblemLoader Loading environment from /home/runner/work/key/key/key.core/../key.ui/examples/standard_key/pred_log/tptp/SET/SET045p1.key.proof 
109438     DEBUG main            d.u.i.k.p.i.AbstractProblemLoader Environment load took 113.2ns 
109440     INFO  main            d.u.i.k.p.i.AbstractProblemLoader Creating init config 
111786     DEBUG main            d.u.i.k.p.i.AbstractProblemLoader Init config took 2.35s 
111799     INFO  main            d.u.i.k.p.i.AbstractProblemLoader Replaying proof SET045p1.key.proof 
111803     DEBUG main            d.u.i.k.p.i.IntermediateProofReplayer Proof replay took 2.14ms 
111804     DEBUG main            d.u.i.k.p.r.p.TestFile    ... success: reloaded. 
111805     INFO  main            d.u.i.k.p.r.p.TestFile    Now processing file /home/runner/work/key/key/key.core/../key.ui/examples/standard_key/pred_log/tptp/SET/SET062p3.key 
111805     INFO  main            d.u.i.k.p.i.AbstractProblemLoader Loading environment from /home/runner/work/key/key/key.core/../key.ui/examples/standard_key/pred_log/tptp/SET/SET062p3.key 
111805     DEBUG main            d.u.i.k.p.i.AbstractProblemLoader Environment load took 180.3ns 
111806     INFO  main            d.u.i.k.p.i.AbstractProblemLoader Creating init config 
114189     DEBUG main            d.u.i.k.p.i.AbstractProblemLoader Init config took 2.38s 
114206     INFO  main            d.u.i.k.p.i.AbstractProblemLoader Replaying proof SET062p3.key 
114207     DEBUG main            d.u.i.k.p.i.IntermediateProofReplayer Proof replay took 7.2ns 
114311     INFO  main            d.u.i.k.p.r.p.TestFile    ... finished proof: closed. 
114532     INFO  main            d.u.i.k.p.i.AbstractProblemLoader Loading environment from /home/runner/work/key/key/key.core/../key.ui/examples/standard_key/pred_log/tptp/SET/SET062p3.key.proof 
114533     DEBUG main            d.u.i.k.p.i.AbstractProblemLoader Environment load took 131.2ns 
114534     INFO  main            d.u.i.k.p.i.AbstractProblemLoader Creating init config 
116889     DEBUG main            d.u.i.k.p.i.AbstractProblemLoader Init config took 2.35s 
116903     INFO  main            d.u.i.k.p.i.AbstractProblemLoader Replaying proof SET062p3.key.proof 
116907     DEBUG main            d.u.i.k.p.i.IntermediateProofReplayer Proof replay took 2.3ms 
116908     DEBUG main            d.u.i.k.p.r.p.TestFile    ... success: reloaded. 
116908     INFO  main            d.u.i.k.p.r.p.TestFile    Now processing file /home/runner/work/key/key/key.core/../key.ui/examples/standard_key/pred_log/tptp/SET/SET063p3.key 
116908     INFO  main            d.u.i.k.p.i.AbstractProblemLoader Loading environment from /home/runner/work/key/key/key.core/../key.ui/examples/standard_key/pred_log/tptp/SET/SET063p3.key 
116909     DEBUG main            d.u.i.k.p.i.AbstractProblemLoader Environment load took 89.4ns 
116910     INFO  main            d.u.i.k.p.i.AbstractProblemLoader Creating init config 
119309     DEBUG main            d.u.i.k.p.i.AbstractProblemLoader Init config took 2.4s 
119323     INFO  main            d.u.i.k.p.i.AbstractProblemLoader Replaying proof SET063p3.key 
119324     DEBUG main            d.u.i.k.p.i.IntermediateProofReplayer Proof replay took 7.4ns 
119429     INFO  main            d.u.i.k.p.r.p.TestFile    ... finished proof: closed. 
119652     INFO  main            d.u.i.k.p.i.AbstractProblemLoader Loading environment from /home/runner/work/key/key/key.core/../key.ui/examples/standard_key/pred_log/tptp/SET/SET063p3.key.proof 
119652     DEBUG main            d.u.i.k.p.i.AbstractProblemLoader Environment load took 116.4ns 
119654     INFO  main            d.u.i.k.p.i.AbstractProblemLoader Creating init config 
121974     DEBUG main            d.u.i.k.p.i.AbstractProblemLoader Init config took 2.32s 
121987     INFO  main            d.u.i.k.p.i.AbstractProblemLoader Replaying proof SET063p3.key.proof 
121991     DEBUG main            d.u.i.k.p.i.IntermediateProofReplayer Proof replay took 2.28ms 
121992     DEBUG main            d.u.i.k.p.r.p.TestFile    ... success: reloaded. 
121993     INFO  main            d.u.i.k.p.r.p.TestFile    Now processing file /home/runner/work/key/key/key.core/../key.ui/examples/standard_key/pred_log/tptp/SYN/SYN036p2.key 
121993     INFO  main            d.u.i.k.p.i.AbstractProblemLoader Loading environment from /home/runner/work/key/key/key.core/../key.ui/examples/standard_key/pred_log/tptp/SYN/SYN036p2.key 
121993     DEBUG main            d.u.i.k.p.i.AbstractProblemLoader Environment load took 60.3ns 
121994     INFO  main            d.u.i.k.p.i.AbstractProblemLoader Creating init config 
124397     DEBUG main            d.u.i.k.p.i.AbstractProblemLoader Init config took 2.4s 
124411     INFO  main            d.u.i.k.p.i.AbstractProblemLoader Replaying proof SYN036p2.key 
124412     DEBUG main            d.u.i.k.p.i.IntermediateProofReplayer Proof replay took 7.7ns 
124717     INFO  main            d.u.i.k.p.r.p.TestFile    ... finished proof: closed. 
124962     INFO  main            d.u.i.k.p.i.AbstractProblemLoader Loading environment from /home/runner/work/key/key/key.core/../key.ui/examples/standard_key/pred_log/tptp/SYN/SYN036p2.key.proof 
124962     DEBUG main            d.u.i.k.p.i.AbstractProblemLoader Environment load took 353.51ns 
124963     INFO  main            d.u.i.k.p.i.AbstractProblemLoader Creating init config 
127292     DEBUG main            d.u.i.k.p.i.AbstractProblemLoader Init config took 2.33s 
127306     INFO  main            d.u.i.k.p.i.AbstractProblemLoader Replaying proof SYN036p2.key.proof 
127359     DEBUG main            d.u.i.k.p.i.IntermediateProofReplayer Proof replay took 46.45ms 
127361     DEBUG main            d.u.i.k.p.r.p.TestFile    ... success: reloaded. 
127361     INFO  main            d.u.i.k.p.r.p.TestFile    Now processing file /home/runner/work/key/key/key.core/../key.ui/examples/standard_key/pred_log/tptp/SYN/SYN550p1.key 
127362     INFO  main            d.u.i.k.p.i.AbstractProblemLoader Loading environment from /home/runner/work/key/key/key.core/../key.ui/examples/standard_key/pred_log/tptp/SYN/SYN550p1.key 
127362     DEBUG main            d.u.i.k.p.i.AbstractProblemLoader Environment load took 78.6ns 
127363     INFO  main            d.u.i.k.p.i.AbstractProblemLoader Creating init config 
129747     DEBUG main            d.u.i.k.p.i.AbstractProblemLoader Init config took 2.38s 
129761     INFO  main            d.u.i.k.p.i.AbstractProblemLoader Replaying proof SYN550p1.key 
129762     DEBUG main            d.u.i.k.p.i.IntermediateProofReplayer Proof replay took 7.1ns 
132483     INFO  main            d.u.i.k.p.r.p.TestFile    ... finished proof: closed. 
132732     INFO  main            d.u.i.k.p.i.AbstractProblemLoader Loading environment from /home/runner/work/key/key/key.core/../key.ui/examples/standard_key/pred_log/tptp/SYN/SYN550p1.key.proof 
132732     DEBUG main            d.u.i.k.p.i.AbstractProblemLoader Environment load took 354.61ns 
132733     INFO  main            d.u.i.k.p.i.AbstractProblemLoader Creating init config 
135063     DEBUG main            d.u.i.k.p.i.AbstractProblemLoader Init config took 2.33s 
135077     INFO  main            d.u.i.k.p.i.AbstractProblemLoader Replaying proof SYN550p1.key.proof 
135154     DEBUG main            d.u.i.k.p.i.IntermediateProofReplayer Proof replay took 71.05ms 
135155     DEBUG main            d.u.i.k.p.r.p.TestFile    ... success: reloaded. 
135156     INFO  main            d.u.i.k.p.r.p.TestFile    Now processing file /home/runner/work/key/key/key.core/../key.ui/examples/standard_key/prop_log/reallySimple.key 
135156     INFO  main            d.u.i.k.p.i.AbstractProblemLoader Loading environment from /home/runner/work/key/key/key.core/../key.ui/examples/standard_key/prop_log/reallySimple.key 
135156     DEBUG main            d.u.i.k.p.i.AbstractProblemLoader Environment load took 174ns 
135157     INFO  main            d.u.i.k.p.i.AbstractProblemLoader Creating init config 
137542     DEBUG main            d.u.i.k.p.i.AbstractProblemLoader Init config took 2.38s 
137557     INFO  main            d.u.i.k.p.i.AbstractProblemLoader Replaying proof reallySimple.key 
137559     DEBUG main            d.u.i.k.p.i.IntermediateProofReplayer Proof replay took 9.7ns 
137663     INFO  main            d.u.i.k.p.r.p.TestFile    ... finished proof: open goal(s) 
137923     INFO  main            d.u.i.k.p.r.p.TestFile    Now processing file /home/runner/work/key/key/key.core/../key.ui/examples/standard_key/pred_log/sameName1.key 
137923     INFO  main            d.u.i.k.p.i.AbstractProblemLoader Loading environment from /home/runner/work/key/key/key.core/../key.ui/examples/standard_key/pred_log/sameName1.key 
137923     DEBUG main            d.u.i.k.p.i.AbstractProblemLoader Environment load took 58.2ns 
137924     INFO  main            d.u.i.k.p.i.AbstractProblemLoader Creating init config 
140247     DEBUG main            d.u.i.k.p.i.AbstractProblemLoader Init config took 2.32s 
140260     INFO  main            d.u.i.k.p.i.AbstractProblemLoader Replaying proof sameName1.key 
140261     DEBUG main            d.u.i.k.p.i.IntermediateProofReplayer Proof replay took 7.1ns 
140363     INFO  main            d.u.i.k.p.r.p.TestFile    ... finished proof: open goal(s) 
140594     INFO  main            d.u.i.k.p.r.p.TestFile    Now processing file /home/runner/work/key/key/key.core/../key.ui/examples/standard_key/pred_log/jbyteIfEx.key 
140594     INFO  main            d.u.i.k.p.i.AbstractProblemLoader Loading environment from /home/runner/work/key/key/key.core/../key.ui/examples/standard_key/pred_log/jbyteIfEx.key 
140595     DEBUG main            d.u.i.k.p.i.AbstractProblemLoader Environment load took 58.1ns 
140596     INFO  main            d.u.i.k.p.i.AbstractProblemLoader Creating init config 
142916     DEBUG main            d.u.i.k.p.i.AbstractProblemLoader Init config took 2.32s 
142930     INFO  main            d.u.i.k.p.i.AbstractProblemLoader Replaying proof jbyteIfEx.key 
142931     DEBUG main            d.u.i.k.p.i.IntermediateProofReplayer Proof replay took 7.6ns 
143037     INFO  main            d.u.i.k.p.r.p.TestFile    ... finished proof: closed. 
143321     INFO  main            d.u.i.k.p.i.AbstractProblemLoader Loading environment from /home/runner/work/key/key/key.core/../key.ui/examples/standard_key/pred_log/jbyteIfEx.key.proof 
143321     DEBUG main            d.u.i.k.p.i.AbstractProblemLoader Environment load took 117.9ns 
143322     INFO  main            d.u.i.k.p.i.AbstractProblemLoader Creating init config 
145654     DEBUG main            d.u.i.k.p.i.AbstractProblemLoader Init config took 2.33s 
145668     INFO  main            d.u.i.k.p.i.AbstractProblemLoader Replaying proof jbyteIfEx.key.proof 
145675     DEBUG main            d.u.i.k.p.i.IntermediateProofReplayer Proof replay took 4.38ms 
145675     DEBUG main            d.u.i.k.p.r.p.TestFile    ... success: reloaded. 
145676     INFO  main            d.u.i.k.p.r.p.TestFile    Now processing file /home/runner/work/key/key/key.core/../key.ui/examples/standard_key/prop_log/allClausesLength4.key 
145676     INFO  main            d.u.i.k.p.i.AbstractProblemLoader Loading environment from /home/runner/work/key/key/key.core/../key.ui/examples/standard_key/prop_log/allClausesLength4.key 
145676     DEBUG main            d.u.i.k.p.i.AbstractProblemLoader Environment load took 89.3ns 
145677     INFO  main            d.u.i.k.p.i.AbstractProblemLoader Creating init config 
148084     DEBUG main            d.u.i.k.p.i.AbstractProblemLoader Init config took 2.41s 
148098     INFO  main            d.u.i.k.p.i.AbstractProblemLoader Replaying proof allClausesLength4.key 
148099     DEBUG main            d.u.i.k.p.i.IntermediateProofReplayer Proof replay took 6.8ns 
148205     INFO  main            d.u.i.k.p.r.p.TestFile    ... finished proof: closed. 
148459     INFO  main            d.u.i.k.p.i.AbstractProblemLoader Loading environment from /home/runner/work/key/key/key.core/../key.ui/examples/standard_key/prop_log/allClausesLength4.key.proof 
148459     DEBUG main            d.u.i.k.p.i.AbstractProblemLoader Environment load took 128.7ns 
148460     INFO  main            d.u.i.k.p.i.AbstractProblemLoader Creating init config 
150786     DEBUG main            d.u.i.k.p.i.AbstractProblemLoader Init config took 2.33s 
150800     INFO  main            d.u.i.k.p.i.AbstractProblemLoader Replaying proof allClausesLength4.key.proof 
150811     DEBUG main            d.u.i.k.p.i.IntermediateProofReplayer Proof replay took 8.61ms 
150812     DEBUG main            d.u.i.k.p.r.p.TestFile    ... success: reloaded. 
150813     INFO  main            d.u.i.k.p.r.p.TestFile    Now processing file /home/runner/work/key/key/key.core/../key.ui/examples/standard_key/prop_log/allClausesLength5.key 
150813     INFO  main            d.u.i.k.p.i.AbstractProblemLoader Loading environment from /home/runner/work/key/key/key.core/../key.ui/examples/standard_key/prop_log/allClausesLength5.key 
150814     DEBUG main            d.u.i.k.p.i.AbstractProblemLoader Environment load took 170.1ns 
150815     INFO  main            d.u.i.k.p.i.AbstractProblemLoader Creating init config 
153183     DEBUG main            d.u.i.k.p.i.AbstractProblemLoader Init config took 2.37s 
153197     INFO  main            d.u.i.k.p.i.AbstractProblemLoader Replaying proof allClausesLength5.key 
153198     DEBUG main            d.u.i.k.p.i.IntermediateProofReplayer Proof replay took 7.7ns 
153506     INFO  main            d.u.i.k.p.r.p.TestFile    ... finished proof: closed. 
153765     INFO  main            d.u.i.k.p.i.AbstractProblemLoader Loading environment from /home/runner/work/key/key/key.core/../key.ui/examples/standard_key/prop_log/allClausesLength5.key.proof 
153766     DEBUG main            d.u.i.k.p.i.AbstractProblemLoader Environment load took 375.71ns 
153767     INFO  main            d.u.i.k.p.i.AbstractProblemLoader Creating init config 
156173     DEBUG main            d.u.i.k.p.i.AbstractProblemLoader Init config took 2.41s 
156187     INFO  main            d.u.i.k.p.i.AbstractProblemLoader Replaying proof allClausesLength5.key.proof 
156224     DEBUG main            d.u.i.k.p.i.IntermediateProofReplayer Proof replay took 28.29ms 
156226     DEBUG main            d.u.i.k.p.r.p.TestFile    ... success: reloaded. 
156226     INFO  main            d.u.i.k.p.r.p.TestFile    Now processing file /home/runner/work/key/key/key.core/../key.ui/examples/standard_key/prop_log/doubleNeg.key 
156227     INFO  main            d.u.i.k.p.i.AbstractProblemLoader Loading environment from /home/runner/work/key/key/key.core/../key.ui/examples/standard_key/prop_log/doubleNeg.key 
156227     DEBUG main            d.u.i.k.p.i.AbstractProblemLoader Environment load took 88.3ns 
156228     INFO  main            d.u.i.k.p.i.AbstractProblemLoader Creating init config 
158582     DEBUG main            d.u.i.k.p.i.AbstractProblemLoader Init config took 2.35s 
158595     INFO  main            d.u.i.k.p.i.AbstractProblemLoader Replaying proof doubleNeg.key 
158596     DEBUG main            d.u.i.k.p.i.IntermediateProofReplayer Proof replay took 7.4ns 
158705     INFO  main            d.u.i.k.p.r.p.TestFile    ... finished proof: closed. 
158985     INFO  main            d.u.i.k.p.i.AbstractProblemLoader Loading environment from /home/runner/work/key/key/key.core/../key.ui/examples/standard_key/prop_log/doubleNeg.key.proof 
158985     DEBUG main            d.u.i.k.p.i.AbstractProblemLoader Environment load took 109.8ns 
158986     INFO  main            d.u.i.k.p.i.AbstractProblemLoader Creating init config 
161296     DEBUG main            d.u.i.k.p.i.AbstractProblemLoader Init config took 2.31s 
161310     INFO  main            d.u.i.k.p.i.AbstractProblemLoader Replaying proof doubleNeg.key.proof 
161312     DEBUG main            d.u.i.k.p.i.IntermediateProofReplayer Proof replay took 371.31ns 
161312     DEBUG main            d.u.i.k.p.r.p.TestFile    ... success: reloaded. 
161313     INFO  main            d.u.i.k.p.r.p.TestFile    Now processing file /home/runner/work/key/key/key.core/../key.ui/examples/standard_key/prop_log/liarsville.key 
161313     INFO  main            d.u.i.k.p.i.AbstractProblemLoader Loading environment from /home/runner/work/key/key/key.core/../key.ui/examples/standard_key/prop_log/liarsville.key 
161314     DEBUG main            d.u.i.k.p.i.AbstractProblemLoader Environment load took 161.3ns 
161314     INFO  main            d.u.i.k.p.i.AbstractProblemLoader Creating init config 
163699     DEBUG main            d.u.i.k.p.i.AbstractProblemLoader Init config took 2.38s 
163712     INFO  main            d.u.i.k.p.i.AbstractProblemLoader Replaying proof liarsville.key 
163714     DEBUG main            d.u.i.k.p.i.IntermediateProofReplayer Proof replay took 7.3ns 
163817     INFO  main            d.u.i.k.p.r.p.TestFile    ... finished proof: closed. 
164087     INFO  main            d.u.i.k.p.i.AbstractProblemLoader Loading environment from /home/runner/work/key/key/key.core/../key.ui/examples/standard_key/prop_log/liarsville.key.proof 
164088     DEBUG main            d.u.i.k.p.i.AbstractProblemLoader Environment load took 109.6ns 
164089     INFO  main            d.u.i.k.p.i.AbstractProblemLoader Creating init config 
166428     DEBUG main            d.u.i.k.p.i.AbstractProblemLoader Init config took 2.34s 
166441     INFO  main            d.u.i.k.p.i.AbstractProblemLoader Replaying proof liarsville.key.proof 
166443     DEBUG main            d.u.i.k.p.i.IntermediateProofReplayer Proof replay took 888.42ns 
166446     DEBUG main            d.u.i.k.p.r.p.TestFile    ... success: reloaded. 
166446     INFO  main            d.u.i.k.p.r.p.TestFile    Now processing file /home/runner/work/key/key/key.core/../key.ui/examples/standard_key/prop_log/simplest.key 
166447     INFO  main            d.u.i.k.p.i.AbstractProblemLoader Loading environment from /home/runner/work/key/key/key.core/../key.ui/examples/standard_key/prop_log/simplest.key 
166447     DEBUG main            d.u.i.k.p.i.AbstractProblemLoader Environment load took 56.8ns 
166448     INFO  main            d.u.i.k.p.i.AbstractProblemLoader Creating init config 
168824     DEBUG main            d.u.i.k.p.i.AbstractProblemLoader Init config took 2.38s 
168836     INFO  main            d.u.i.k.p.i.AbstractProblemLoader Replaying proof simplest.key 
168838     DEBUG main            d.u.i.k.p.i.IntermediateProofReplayer Proof replay took 6.8ns 
168940     INFO  main            d.u.i.k.p.r.p.TestFile    ... finished proof: closed. 
169207     INFO  main            d.u.i.k.p.i.AbstractProblemLoader Loading environment from /home/runner/work/key/key/key.core/../key.ui/examples/standard_key/prop_log/simplest.key.proof 
169207     DEBUG main            d.u.i.k.p.i.AbstractProblemLoader Environment load took 102.4ns 
169208     INFO  main            d.u.i.k.p.i.AbstractProblemLoader Creating init config 
171504     DEBUG main            d.u.i.k.p.i.AbstractProblemLoader Init config took 2.3s 
171517     INFO  main            d.u.i.k.p.i.AbstractProblemLoader Replaying proof simplest.key.proof 
171518     DEBUG main            d.u.i.k.p.i.IntermediateProofReplayer Proof replay took 84.7ns 
171519     DEBUG main            d.u.i.k.p.r.p.TestFile    ... success: reloaded. 
171519     INFO  main            d.u.i.k.p.r.p.TestFile    Now processing file /home/runner/work/key/key/key.core/../key.ui/examples/standard_key/prop_log/contraposition.key 
171519     INFO  main            d.u.i.k.p.i.AbstractProblemLoader Loading environment from /home/runner/work/key/key/key.core/../key.ui/examples/standard_key/prop_log/contraposition.key 
171519     DEBUG main            d.u.i.k.p.i.AbstractProblemLoader Environment load took 84.4ns 
171520     INFO  main            d.u.i.k.p.i.AbstractProblemLoader Creating init config 
173903     DEBUG main            d.u.i.k.p.i.AbstractProblemLoader Init config took 2.38s 
173917     INFO  main            d.u.i.k.p.i.AbstractProblemLoader Replaying proof contraposition.key 
173918     DEBUG main            d.u.i.k.p.i.IntermediateProofReplayer Proof replay took 6.8ns 
174021     INFO  main            d.u.i.k.p.r.p.TestFile    ... finished proof: closed. 
174296     INFO  main            d.u.i.k.p.i.AbstractProblemLoader Loading environment from /home/runner/work/key/key/key.core/../key.ui/examples/standard_key/prop_log/contraposition.key.proof 
174296     DEBUG main            d.u.i.k.p.i.AbstractProblemLoader Environment load took 100ns 
174297     INFO  main            d.u.i.k.p.i.AbstractProblemLoader Creating init config 
176620     DEBUG main            d.u.i.k.p.i.AbstractProblemLoader Init config took 2.32s 
176633     INFO  main            d.u.i.k.p.i.AbstractProblemLoader Replaying proof contraposition.key.proof 
176635     DEBUG main            d.u.i.k.p.i.IntermediateProofReplayer Proof replay took 389.11ns 
176636     DEBUG main            d.u.i.k.p.r.p.TestFile    ... success: reloaded. 
176636     INFO  main            d.u.i.k.p.r.p.TestFile    Now processing file /home/runner/work/key/key/key.core/../key.ui/examples/standard_key/quantifiers/elimination0.key 
176636     INFO  main            d.u.i.k.p.i.AbstractProblemLoader Loading environment from /home/runner/work/key/key/key.core/../key.ui/examples/standard_key/quantifiers/elimination0.key 
176636     DEBUG main            d.u.i.k.p.i.AbstractProblemLoader Environment load took 53.4ns 
176637     INFO  main            d.u.i.k.p.i.AbstractProblemLoader Creating init config 
179004     DEBUG main            d.u.i.k.p.i.AbstractProblemLoader Init config took 2.37s 
179017     INFO  main            d.u.i.k.p.i.AbstractProblemLoader Replaying proof elimination0.key 
179018     DEBUG main            d.u.i.k.p.i.IntermediateProofReplayer Proof replay took 6.8ns 
179121     INFO  main            d.u.i.k.p.r.p.TestFile    ... finished proof: closed. 
179397     INFO  main            d.u.i.k.p.i.AbstractProblemLoader Loading environment from /home/runner/work/key/key/key.core/../key.ui/examples/standard_key/quantifiers/elimination0.key.proof 
179398     DEBUG main            d.u.i.k.p.i.AbstractProblemLoader Environment load took 95.1ns 
179398     INFO  main            d.u.i.k.p.i.AbstractProblemLoader Creating init config 
181701     DEBUG main            d.u.i.k.p.i.AbstractProblemLoader Init config took 2.3s 
181713     INFO  main            d.u.i.k.p.i.AbstractProblemLoader Replaying proof elimination0.key.proof 
181715     DEBUG main            d.u.i.k.p.i.IntermediateProofReplayer Proof replay took 865.01ns 
181716     DEBUG main            d.u.i.k.p.r.p.TestFile    ... success: reloaded. 
181717     INFO  main            d.u.i.k.p.r.p.TestFile    Now processing file /home/runner/work/key/key/key.core/../key.ui/examples/standard_key/quantifiers/heuristic_PUZ001p1-eq.key 
181717     INFO  main            d.u.i.k.p.i.AbstractProblemLoader Loading environment from /home/runner/work/key/key/key.core/../key.ui/examples/standard_key/quantifiers/heuristic_PUZ001p1-eq.key 
181717     DEBUG main            d.u.i.k.p.i.AbstractProblemLoader Environment load took 79.4ns 
181718     INFO  main            d.u.i.k.p.i.AbstractProblemLoader Creating init config 
184057     DEBUG main            d.u.i.k.p.i.AbstractProblemLoader Init config took 2.34s 
184070     INFO  main            d.u.i.k.p.i.AbstractProblemLoader Replaying proof heuristic_PUZ001p1-eq.key 
184072     DEBUG main            d.u.i.k.p.i.IntermediateProofReplayer Proof replay took 7.4ns 
184177     INFO  main            d.u.i.k.p.r.p.TestFile    ... finished proof: closed. 
184467     INFO  main            d.u.i.k.p.i.AbstractProblemLoader Loading environment from /home/runner/work/key/key/key.core/../key.ui/examples/standard_key/quantifiers/heuristic_PUZ001p1-eq.key.proof 
184467     DEBUG main            d.u.i.k.p.i.AbstractProblemLoader Environment load took 107.1ns 
184470     INFO  main            d.u.i.k.p.i.AbstractProblemLoader Creating init config 
186797     DEBUG main            d.u.i.k.p.i.AbstractProblemLoader Init config took 2.33s 
186811     INFO  main            d.u.i.k.p.i.AbstractProblemLoader Replaying proof heuristic_PUZ001p1-eq.key.proof 
186819     DEBUG main            d.u.i.k.p.i.IntermediateProofReplayer Proof replay took 5.92ms 
186820     DEBUG main            d.u.i.k.p.r.p.TestFile    ... success: reloaded. 
186821     INFO  main            d.u.i.k.p.r.p.TestFile    Now processing file /home/runner/work/key/key/key.core/../key.ui/examples/standard_key/quantifiers/heuristic_PUZ001p1.key 
186821     INFO  main            d.u.i.k.p.i.AbstractProblemLoader Loading environment from /home/runner/work/key/key/key.core/../key.ui/examples/standard_key/quantifiers/heuristic_PUZ001p1.key 
186821     DEBUG main            d.u.i.k.p.i.AbstractProblemLoader Environment load took 79.7ns 
186822     INFO  main            d.u.i.k.p.i.AbstractProblemLoader Creating init config 
189195     DEBUG main            d.u.i.k.p.i.AbstractProblemLoader Init config took 2.37s 
189209     INFO  main            d.u.i.k.p.i.AbstractProblemLoader Replaying proof heuristic_PUZ001p1.key 
189210     DEBUG main            d.u.i.k.p.i.IntermediateProofReplayer Proof replay took 6.6ns 
190417     INFO  main            d.u.i.k.p.r.p.TestFile    ... finished proof: closed. 
190719     INFO  main            d.u.i.k.p.i.AbstractProblemLoader Loading environment from /home/runner/work/key/key/key.core/../key.ui/examples/standard_key/quantifiers/heuristic_PUZ001p1.key.proof 
190720     DEBUG main            d.u.i.k.p.i.AbstractProblemLoader Environment load took 653.11ns 
190721     INFO  main            d.u.i.k.p.i.AbstractProblemLoader Creating init config 
193030     DEBUG main            d.u.i.k.p.i.AbstractProblemLoader Init config took 2.31s 
193045     INFO  main            d.u.i.k.p.i.AbstractProblemLoader Replaying proof heuristic_PUZ001p1.key.proof 
193077     DEBUG main            d.u.i.k.p.i.IntermediateProofReplayer Proof replay took 28.14ms 
193079     DEBUG main            d.u.i.k.p.r.p.TestFile    ... success: reloaded. 
193081     INFO  main            d.u.i.k.p.r.p.TestFile    Now processing file /home/runner/work/key/key/key.core/../key.ui/examples/standard_key/quantifiers/heuristic_PUZ031p1.key 
193081     INFO  main            d.u.i.k.p.i.AbstractProblemLoader Loading environment from /home/runner/work/key/key/key.core/../key.ui/examples/standard_key/quantifiers/heuristic_PUZ031p1.key 
193081     DEBUG main            d.u.i.k.p.i.AbstractProblemLoader Environment load took 84.6ns 
193083     INFO  main            d.u.i.k.p.i.AbstractProblemLoader Creating init config 
195459     DEBUG main            d.u.i.k.p.i.AbstractProblemLoader Init config took 2.38s 
195474     INFO  main            d.u.i.k.p.i.AbstractProblemLoader Replaying proof heuristic_PUZ031p1.key 
195475     DEBUG main            d.u.i.k.p.i.IntermediateProofReplayer Proof replay took 7.6ns 
199985     INFO  main            d.u.i.k.p.r.p.TestFile    ... finished proof: closed. 
200316     INFO  main            d.u.i.k.p.i.AbstractProblemLoader Loading environment from /home/runner/work/key/key/key.core/../key.ui/examples/standard_key/quantifiers/heuristic_PUZ031p1.key.proof 
200317     DEBUG main            d.u.i.k.p.i.AbstractProblemLoader Environment load took 593.01ns 
200319     INFO  main            d.u.i.k.p.i.AbstractProblemLoader Creating init config 
202607     DEBUG main            d.u.i.k.p.i.AbstractProblemLoader Init config took 2.29s 
202631     INFO  main            d.u.i.k.p.i.AbstractProblemLoader Replaying proof heuristic_PUZ031p1.key.proof 
202663     DEBUG main            d.u.i.k.p.i.IntermediateProofReplayer Proof replay took 27.97ms 
202664     DEBUG main            d.u.i.k.p.r.p.TestFile    ... success: reloaded. 
202665     INFO  main            d.u.i.k.p.r.p.TestFile    Now processing file /home/runner/work/key/key/key.core/../key.ui/examples/standard_key/quantifiers/heuristic_SYN036p2.key 
202665     INFO  main            d.u.i.k.p.i.AbstractProblemLoader Loading environment from /home/runner/work/key/key/key.core/../key.ui/examples/standard_key/quantifiers/heuristic_SYN036p2.key 
202665     DEBUG main            d.u.i.k.p.i.AbstractProblemLoader Environment load took 79.9ns 
202666     INFO  main            d.u.i.k.p.i.AbstractProblemLoader Creating init config 
205005     DEBUG main            d.u.i.k.p.i.AbstractProblemLoader Init config took 2.34s 
205018     INFO  main            d.u.i.k.p.i.AbstractProblemLoader Replaying proof heuristic_SYN036p2.key 
205019     DEBUG main            d.u.i.k.p.i.IntermediateProofReplayer Proof replay took 6.6ns 
205223     INFO  main            d.u.i.k.p.r.p.TestFile    ... finished proof: closed. 
205584     INFO  main            d.u.i.k.p.i.AbstractProblemLoader Loading environment from /home/runner/work/key/key/key.core/../key.ui/examples/standard_key/quantifiers/heuristic_SYN036p2.key.proof 
205584     DEBUG main            d.u.i.k.p.i.AbstractProblemLoader Environment load took 343.71ns 
205585     INFO  main            d.u.i.k.p.i.AbstractProblemLoader Creating init config 
207898     DEBUG main            d.u.i.k.p.i.AbstractProblemLoader Init config took 2.31s 
207912     INFO  main            d.u.i.k.p.i.AbstractProblemLoader Replaying proof heuristic_SYN036p2.key.proof 
207957     DEBUG main            d.u.i.k.p.i.IntermediateProofReplayer Proof replay took 37.92ms 
207958     DEBUG main            d.u.i.k.p.r.p.TestFile    ... success: reloaded. 
207959     INFO  main            d.u.i.k.p.r.p.TestFile    Now processing file /home/runner/work/key/key/key.core/../key.ui/examples/standard_key/quantifiers/injectivity.key 
207959     INFO  main            d.u.i.k.p.i.AbstractProblemLoader Loading environment from /home/runner/work/key/key/key.core/../key.ui/examples/standard_key/quantifiers/injectivity.key 
207959     DEBUG main            d.u.i.k.p.i.AbstractProblemLoader Environment load took 164.5ns 
207960     INFO  main            d.u.i.k.p.i.AbstractProblemLoader Creating init config 
210290     DEBUG main            d.u.i.k.p.i.AbstractProblemLoader Init config took 2.33s 
210302     INFO  main            d.u.i.k.p.i.AbstractProblemLoader Replaying proof injectivity.key 
210307     DEBUG main            d.u.i.k.p.i.IntermediateProofReplayer Proof replay took 7.2ns 
210409     INFO  main            d.u.i.k.p.r.p.TestFile    ... finished proof: closed. 
210722     INFO  main            d.u.i.k.p.i.AbstractProblemLoader Loading environment from /home/runner/work/key/key/key.core/../key.ui/examples/standard_key/quantifiers/injectivity.key.proof 
210722     DEBUG main            d.u.i.k.p.i.AbstractProblemLoader Environment load took 94.6ns 
210723     INFO  main            d.u.i.k.p.i.AbstractProblemLoader Creating init config 
213001     DEBUG main            d.u.i.k.p.i.AbstractProblemLoader Init config took 2.28s 
213013     INFO  main            d.u.i.k.p.i.AbstractProblemLoader Replaying proof injectivity.key.proof 
213016     DEBUG main            d.u.i.k.p.i.IntermediateProofReplayer Proof replay took 1.05ms 
213016     DEBUG main            d.u.i.k.p.r.p.TestFile    ... success: reloaded. 
213017     INFO  main            d.u.i.k.p.r.p.TestFile    Now processing file /home/runner/work/key/key/key.core/../key.ui/examples/standard_key/quantifiers/normalisation0.key 
213017     INFO  main            d.u.i.k.p.i.AbstractProblemLoader Loading environment from /home/runner/work/key/key/key.core/../key.ui/examples/standard_key/quantifiers/normalisation0.key 
213017     DEBUG main            d.u.i.k.p.i.AbstractProblemLoader Environment load took 63.7ns 
213018     INFO  main            d.u.i.k.p.i.AbstractProblemLoader Creating init config 
215359     DEBUG main            d.u.i.k.p.i.AbstractProblemLoader Init config took 2.34s 
215391     INFO  main            d.u.i.k.p.i.AbstractProblemLoader Replaying proof normalisation0.key 
215392     DEBUG main            d.u.i.k.p.i.IntermediateProofReplayer Proof replay took 6.6ns 
215498     INFO  main            d.u.i.k.p.r.p.TestFile    ... finished proof: closed. 
215801     INFO  main            d.u.i.k.p.i.AbstractProblemLoader Loading environment from /home/runner/work/key/key/key.core/../key.ui/examples/standard_key/quantifiers/normalisation0.key.proof 
215801     DEBUG main            d.u.i.k.p.i.AbstractProblemLoader Environment load took 99.8ns 
215803     INFO  main            d.u.i.k.p.i.AbstractProblemLoader Creating init config 
218116     DEBUG main            d.u.i.k.p.i.AbstractProblemLoader Init config took 2.31s 
218138     INFO  main            d.u.i.k.p.i.AbstractProblemLoader Replaying proof normalisation0.key.proof 
218140     DEBUG main            d.u.i.k.p.i.IntermediateProofReplayer Proof replay took 1.03ms 
218141     DEBUG main            d.u.i.k.p.r.p.TestFile    ... success: reloaded. 
218142     INFO  main            d.u.i.k.p.r.p.TestFile    Now processing file /home/runner/work/key/key/key.core/../key.ui/examples/standard_key/quantifiers/normalisation1.key 
218142     INFO  main            d.u.i.k.p.i.AbstractProblemLoader Loading environment from /home/runner/work/key/key/key.core/../key.ui/examples/standard_key/quantifiers/normalisation1.key 
218142     DEBUG main            d.u.i.k.p.i.AbstractProblemLoader Environment load took 47.1ns 
218143     INFO  main            d.u.i.k.p.i.AbstractProblemLoader Creating init config 
220465     DEBUG main            d.u.i.k.p.i.AbstractProblemLoader Init config took 2.32s 
220480     INFO  main            d.u.i.k.p.i.AbstractProblemLoader Replaying proof normalisation1.key 
220482     DEBUG main            d.u.i.k.p.i.IntermediateProofReplayer Proof replay took 7.4ns 
220587     INFO  main            d.u.i.k.p.r.p.TestFile    ... finished proof: closed. 
220912     INFO  main            d.u.i.k.p.i.AbstractProblemLoader Loading environment from /home/runner/work/key/key/key.core/../key.ui/examples/standard_key/quantifiers/normalisation1.key.proof 
220912     DEBUG main            d.u.i.k.p.i.AbstractProblemLoader Environment load took 91ns 
220913     INFO  main            d.u.i.k.p.i.AbstractProblemLoader Creating init config 
223223     DEBUG main            d.u.i.k.p.i.AbstractProblemLoader Init config took 2.31s 
223236     INFO  main            d.u.i.k.p.i.AbstractProblemLoader Replaying proof normalisation1.key.proof 
223238     DEBUG main            d.u.i.k.p.i.IntermediateProofReplayer Proof replay took 836.41ns 
223239     DEBUG main            d.u.i.k.p.r.p.TestFile    ... success: reloaded. 
223240     INFO  main            d.u.i.k.p.r.p.TestFile    Now processing file /home/runner/work/key/key/key.core/../key.ui/examples/standard_key/quantifiers/normalisation2.key 
223240     INFO  main            d.u.i.k.p.i.AbstractProblemLoader Loading environment from /home/runner/work/key/key/key.core/../key.ui/examples/standard_key/quantifiers/normalisation2.key 
223240     DEBUG main            d.u.i.k.p.i.AbstractProblemLoader Environment load took 62.2ns 
223241     INFO  main            d.u.i.k.p.i.AbstractProblemLoader Creating init config 
225581     DEBUG main            d.u.i.k.p.i.AbstractProblemLoader Init config took 2.34s 
225594     INFO  main            d.u.i.k.p.i.AbstractProblemLoader Replaying proof normalisation2.key 
225595     DEBUG main            d.u.i.k.p.i.IntermediateProofReplayer Proof replay took 7.8ns 
225697     INFO  main            d.u.i.k.p.r.p.TestFile    ... finished proof: closed. 
226030     INFO  main            d.u.i.k.p.i.AbstractProblemLoader Loading environment from /home/runner/work/key/key/key.core/../key.ui/examples/standard_key/quantifiers/normalisation2.key.proof 
226030     DEBUG main            d.u.i.k.p.i.AbstractProblemLoader Environment load took 94ns 
226031     INFO  main            d.u.i.k.p.i.AbstractProblemLoader Creating init config 
228328     DEBUG main            d.u.i.k.p.i.AbstractProblemLoader Init config took 2.3s 
228342     INFO  main            d.u.i.k.p.i.AbstractProblemLoader Replaying proof normalisation2.key.proof 
228344     DEBUG main            d.u.i.k.p.i.IntermediateProofReplayer Proof replay took 1.09ms 
228345     DEBUG main            d.u.i.k.p.r.p.TestFile    ... success: reloaded. 
228346     INFO  main            d.u.i.k.p.r.p.TestFile    Now processing file /home/runner/work/key/key/key.core/../key.ui/examples/standard_key/quantifiers/normalisation3.key 
228346     INFO  main            d.u.i.k.p.i.AbstractProblemLoader Loading environment from /home/runner/work/key/key/key.core/../key.ui/examples/standard_key/quantifiers/normalisation3.key 
228346     DEBUG main            d.u.i.k.p.i.AbstractProblemLoader Environment load took 79.2ns 
228347     INFO  main            d.u.i.k.p.i.AbstractProblemLoader Creating init config 
230688     DEBUG main            d.u.i.k.p.i.AbstractProblemLoader Init config took 2.34s 
230700     INFO  main            d.u.i.k.p.i.AbstractProblemLoader Replaying proof normalisation3.key 
230702     DEBUG main            d.u.i.k.p.i.IntermediateProofReplayer Proof replay took 7.5ns 
230804     INFO  main            d.u.i.k.p.r.p.TestFile    ... finished proof: closed. 
231123     INFO  main            d.u.i.k.p.i.AbstractProblemLoader Loading environment from /home/runner/work/key/key/key.core/../key.ui/examples/standard_key/quantifiers/normalisation3.key.proof 
231124     DEBUG main            d.u.i.k.p.i.AbstractProblemLoader Environment load took 92.6ns 
231125     INFO  main            d.u.i.k.p.i.AbstractProblemLoader Creating init config 
233432     DEBUG main            d.u.i.k.p.i.AbstractProblemLoader Init config took 2.31s 
233445     INFO  main            d.u.i.k.p.i.AbstractProblemLoader Replaying proof normalisation3.key.proof 
233447     DEBUG main            d.u.i.k.p.i.IntermediateProofReplayer Proof replay took 1.27ms 
233448     DEBUG main            d.u.i.k.p.r.p.TestFile    ... success: reloaded. 
233449     INFO  main            d.u.i.k.p.r.p.TestFile    Now processing file /home/runner/work/key/key/key.core/../key.ui/examples/standard_key/quantifiers/normalisation4.key 
233449     INFO  main            d.u.i.k.p.i.AbstractProblemLoader Loading environment from /home/runner/work/key/key/key.core/../key.ui/examples/standard_key/quantifiers/normalisation4.key 
233449     DEBUG main            d.u.i.k.p.i.AbstractProblemLoader Environment load took 72.5ns 
233450     INFO  main            d.u.i.k.p.i.AbstractProblemLoader Creating init config 
235797     DEBUG main            d.u.i.k.p.i.AbstractProblemLoader Init config took 2.35s 
235809     INFO  main            d.u.i.k.p.i.AbstractProblemLoader Replaying proof normalisation4.key 
235811     DEBUG main            d.u.i.k.p.i.IntermediateProofReplayer Proof replay took 8.3ns 
235916     INFO  main            d.u.i.k.p.r.p.TestFile    ... finished proof: closed. 
236246     INFO  main            d.u.i.k.p.i.AbstractProblemLoader Loading environment from /home/runner/work/key/key/key.core/../key.ui/examples/standard_key/quantifiers/normalisation4.key.proof 
236246     DEBUG main            d.u.i.k.p.i.AbstractProblemLoader Environment load took 94ns 
236247     INFO  main            d.u.i.k.p.i.AbstractProblemLoader Creating init config 
238537     DEBUG main            d.u.i.k.p.i.AbstractProblemLoader Init config took 2.29s 
238551     INFO  main            d.u.i.k.p.i.AbstractProblemLoader Replaying proof normalisation4.key.proof 
238555     DEBUG main            d.u.i.k.p.i.IntermediateProofReplayer Proof replay took 2.32ms 
238556     DEBUG main            d.u.i.k.p.r.p.TestFile    ... success: reloaded. 
238557     INFO  main            d.u.i.k.p.r.p.TestFile    Now processing file /home/runner/work/key/key/key.core/../key.ui/examples/standard_key/quantifiers/normalisation5.key 
238557     INFO  main            d.u.i.k.p.i.AbstractProblemLoader Loading environment from /home/runner/work/key/key/key.core/../key.ui/examples/standard_key/quantifiers/normalisation5.key 
238557     DEBUG main            d.u.i.k.p.i.AbstractProblemLoader Environment load took 84.6ns 
238558     INFO  main            d.u.i.k.p.i.AbstractProblemLoader Creating init config 
240883     DEBUG main            d.u.i.k.p.i.AbstractProblemLoader Init config took 2.32s 
240896     INFO  main            d.u.i.k.p.i.AbstractProblemLoader Replaying proof normalisation5.key 
240897     DEBUG main            d.u.i.k.p.i.IntermediateProofReplayer Proof replay took 7.2ns 
240999     INFO  main            d.u.i.k.p.r.p.TestFile    ... finished proof: closed. 
241340     INFO  main            d.u.i.k.p.i.AbstractProblemLoader Loading environment from /home/runner/work/key/key/key.core/../key.ui/examples/standard_key/quantifiers/normalisation5.key.proof 
241340     DEBUG main            d.u.i.k.p.i.AbstractProblemLoader Environment load took 93.3ns 
241341     INFO  main            d.u.i.k.p.i.AbstractProblemLoader Creating init config 
243642     DEBUG main            d.u.i.k.p.i.AbstractProblemLoader Init config took 2.3s 
243655     INFO  main            d.u.i.k.p.i.AbstractProblemLoader Replaying proof normalisation5.key.proof 
243658     DEBUG main            d.u.i.k.p.i.IntermediateProofReplayer Proof replay took 1.21ms 
243658     DEBUG main            d.u.i.k.p.r.p.TestFile    ... success: reloaded. 
243659     INFO  main            d.u.i.k.p.r.p.TestFile    Now processing file /home/runner/work/key/key/key.core/../key.ui/examples/standard_key/quantifiers/normalisation6.key 
243659     INFO  main            d.u.i.k.p.i.AbstractProblemLoader Loading environment from /home/runner/work/key/key/key.core/../key.ui/examples/standard_key/quantifiers/normalisation6.key 
243659     DEBUG main            d.u.i.k.p.i.AbstractProblemLoader Environment load took 114.3ns 
243660     INFO  main            d.u.i.k.p.i.AbstractProblemLoader Creating init config 
245986     DEBUG main            d.u.i.k.p.i.AbstractProblemLoader Init config took 2.33s 
245999     INFO  main            d.u.i.k.p.i.AbstractProblemLoader Replaying proof normalisation6.key 
246000     DEBUG main            d.u.i.k.p.i.IntermediateProofReplayer Proof replay took 6.9ns 
246101     INFO  main            d.u.i.k.p.r.p.TestFile    ... finished proof: closed. 
246442     INFO  main            d.u.i.k.p.i.AbstractProblemLoader Loading environment from /home/runner/work/key/key/key.core/../key.ui/examples/standard_key/quantifiers/normalisation6.key.proof 
246442     DEBUG main            d.u.i.k.p.i.AbstractProblemLoader Environment load took 91.5ns 
246443     INFO  main            d.u.i.k.p.i.AbstractProblemLoader Creating init config 
248730     DEBUG main            d.u.i.k.p.i.AbstractProblemLoader Init config took 2.29s 
248742     INFO  main            d.u.i.k.p.i.AbstractProblemLoader Replaying proof normalisation6.key.proof 
248745     DEBUG main            d.u.i.k.p.i.IntermediateProofReplayer Proof replay took 1.1ms 
248746     DEBUG main            d.u.i.k.p.r.p.TestFile    ... success: reloaded. 
248747     INFO  main            d.u.i.k.p.r.p.TestFile    Now processing file /home/runner/work/key/key/key.core/../key.ui/examples/standard_key/quantifiers/normalisation7.key 
248747     INFO  main            d.u.i.k.p.i.AbstractProblemLoader Loading environment from /home/runner/work/key/key/key.core/../key.ui/examples/standard_key/quantifiers/normalisation7.key 
248747     DEBUG main            d.u.i.k.p.i.AbstractProblemLoader Environment load took 67.1ns 
248748     INFO  main            d.u.i.k.p.i.AbstractProblemLoader Creating init config 
251062     DEBUG main            d.u.i.k.p.i.AbstractProblemLoader Init config took 2.31s 
251075     INFO  main            d.u.i.k.p.i.AbstractProblemLoader Replaying proof normalisation7.key 
251077     DEBUG main            d.u.i.k.p.i.IntermediateProofReplayer Proof replay took 7.9ns 
251178     INFO  main            d.u.i.k.p.r.p.TestFile    ... finished proof: closed. 
251523     INFO  main            d.u.i.k.p.i.AbstractProblemLoader Loading environment from /home/runner/work/key/key/key.core/../key.ui/examples/standard_key/quantifiers/normalisation7.key.proof 
251524     DEBUG main            d.u.i.k.p.i.AbstractProblemLoader Environment load took 101.7ns 
251524     INFO  main            d.u.i.k.p.i.AbstractProblemLoader Creating init config 
253828     DEBUG main            d.u.i.k.p.i.AbstractProblemLoader Init config took 2.3s 
253843     INFO  main            d.u.i.k.p.i.AbstractProblemLoader Replaying proof normalisation7.key.proof 
253846     DEBUG main            d.u.i.k.p.i.IntermediateProofReplayer Proof replay took 1.16ms 
253847     DEBUG main            d.u.i.k.p.r.p.TestFile    ... success: reloaded. 
253847     INFO  main            d.u.i.k.p.r.p.TestFile    Now processing file /home/runner/work/key/key/key.core/../key.ui/examples/standard_key/quantifiers/normalisation8.key 
253847     INFO  main            d.u.i.k.p.i.AbstractProblemLoader Loading environment from /home/runner/work/key/key/key.core/../key.ui/examples/standard_key/quantifiers/normalisation8.key 
253848     DEBUG main            d.u.i.k.p.i.AbstractProblemLoader Environment load took 45.7ns 
253848     INFO  main            d.u.i.k.p.i.AbstractProblemLoader Creating init config 
256167     DEBUG main            d.u.i.k.p.i.AbstractProblemLoader Init config took 2.32s 
256181     INFO  main            d.u.i.k.p.i.AbstractProblemLoader Replaying proof normalisation8.key 
256182     DEBUG main            d.u.i.k.p.i.IntermediateProofReplayer Proof replay took 6.6ns 
256288     INFO  main            d.u.i.k.p.r.p.TestFile    ... finished proof: closed. 
256640     INFO  main            d.u.i.k.p.i.AbstractProblemLoader Loading environment from /home/runner/work/key/key/key.core/../key.ui/examples/standard_key/quantifiers/normalisation8.key.proof 
256640     DEBUG main            d.u.i.k.p.i.AbstractProblemLoader Environment load took 81.9ns 
256641     INFO  main            d.u.i.k.p.i.AbstractProblemLoader Creating init config 
258925     DEBUG main            d.u.i.k.p.i.AbstractProblemLoader Init config took 2.28s 
258938     INFO  main            d.u.i.k.p.i.AbstractProblemLoader Replaying proof normalisation8.key.proof 
258942     DEBUG main            d.u.i.k.p.i.IntermediateProofReplayer Proof replay took 2.29ms 
258943     DEBUG main            d.u.i.k.p.r.p.TestFile    ... success: reloaded. 
258943     INFO  main            d.u.i.k.p.r.p.TestFile    Now processing file /home/runner/work/key/key/key.core/../key.ui/examples/standard_key/quantifiers/normalisation9.key 
258943     INFO  main            d.u.i.k.p.i.AbstractProblemLoader Loading environment from /home/runner/work/key/key/key.core/../key.ui/examples/standard_key/quantifiers/normalisation9.key 
258944     DEBUG main            d.u.i.k.p.i.AbstractProblemLoader Environment load took 59.6ns 
258944     INFO  main            d.u.i.k.p.i.AbstractProblemLoader Creating init config 
261289     DEBUG main            d.u.i.k.p.i.AbstractProblemLoader Init config took 2.34s 
261302     INFO  main            d.u.i.k.p.i.AbstractProblemLoader Replaying proof normalisation9.key 
261303     DEBUG main            d.u.i.k.p.i.IntermediateProofReplayer Proof replay took 7.5ns 
261405     INFO  main            d.u.i.k.p.r.p.TestFile    ... finished proof: closed. 
261767     INFO  main            d.u.i.k.p.i.AbstractProblemLoader Loading environment from /home/runner/work/key/key/key.core/../key.ui/examples/standard_key/quantifiers/normalisation9.key.proof 
261768     DEBUG main            d.u.i.k.p.i.AbstractProblemLoader Environment load took 89.9ns 
261769     INFO  main            d.u.i.k.p.i.AbstractProblemLoader Creating init config 
264068     DEBUG main            d.u.i.k.p.i.AbstractProblemLoader Init config took 2.3s 
264081     INFO  main            d.u.i.k.p.i.AbstractProblemLoader Replaying proof normalisation9.key.proof 
264085     DEBUG main            d.u.i.k.p.i.IntermediateProofReplayer Proof replay took 2.24ms 
264086     DEBUG main            d.u.i.k.p.r.p.TestFile    ... success: reloaded. 
264087     INFO  main            d.u.i.k.p.r.p.TestFile    Now processing file /home/runner/work/key/key/key.core/../key.ui/examples/standard_key/quantifiers/normalisation10.key 
264087     INFO  main            d.u.i.k.p.i.AbstractProblemLoader Loading environment from /home/runner/work/key/key/key.core/../key.ui/examples/standard_key/quantifiers/normalisation10.key 
264087     DEBUG main            d.u.i.k.p.i.AbstractProblemLoader Environment load took 70.6ns 
264088     INFO  main            d.u.i.k.p.i.AbstractProblemLoader Creating init config 
266424     DEBUG main            d.u.i.k.p.i.AbstractProblemLoader Init config took 2.34s 
266437     INFO  main            d.u.i.k.p.i.AbstractProblemLoader Replaying proof normalisation10.key 
266439     DEBUG main            d.u.i.k.p.i.IntermediateProofReplayer Proof replay took 6.7ns 
266541     INFO  main            d.u.i.k.p.r.p.TestFile    ... finished proof: closed. 
266910     INFO  main            d.u.i.k.p.i.AbstractProblemLoader Loading environment from /home/runner/work/key/key/key.core/../key.ui/examples/standard_key/quantifiers/normalisation10.key.proof 
266910     DEBUG main            d.u.i.k.p.i.AbstractProblemLoader Environment load took 88.21ns 
266911     INFO  main            d.u.i.k.p.i.AbstractProblemLoader Creating init config 
269198     DEBUG main            d.u.i.k.p.i.AbstractProblemLoader Init config took 2.29s 
269211     INFO  main            d.u.i.k.p.i.AbstractProblemLoader Replaying proof normalisation10.key.proof 
269215     DEBUG main            d.u.i.k.p.i.IntermediateProofReplayer Proof replay took 2.67ms 
269216     DEBUG main            d.u.i.k.p.r.p.TestFile    ... success: reloaded. 
269217     INFO  main            d.u.i.k.p.r.p.TestFile    Now processing file /home/runner/work/key/key/key.core/../key.ui/examples/standard_key/quantifiers/normalisation12.key 
269217     INFO  main            d.u.i.k.p.i.AbstractProblemLoader Loading environment from /home/runner/work/key/key/key.core/../key.ui/examples/standard_key/quantifiers/normalisation12.key 
269217     DEBUG main            d.u.i.k.p.i.AbstractProblemLoader Environment load took 46.8ns 
269218     INFO  main            d.u.i.k.p.i.AbstractProblemLoader Creating init config 
271560     DEBUG main            d.u.i.k.p.i.AbstractProblemLoader Init config took 2.34s 
271572     INFO  main            d.u.i.k.p.i.AbstractProblemLoader Replaying proof normalisation12.key 
271574     DEBUG main            d.u.i.k.p.i.IntermediateProofReplayer Proof replay took 7.3ns 
271676     INFO  main            d.u.i.k.p.r.p.TestFile    ... finished proof: closed. 
272046     INFO  main            d.u.i.k.p.i.AbstractProblemLoader Loading environment from /home/runner/work/key/key/key.core/../key.ui/examples/standard_key/quantifiers/normalisation12.key.proof 
272046     DEBUG main            d.u.i.k.p.i.AbstractProblemLoader Environment load took 87.2ns 
272047     INFO  main            d.u.i.k.p.i.AbstractProblemLoader Creating init config 
274351     DEBUG main            d.u.i.k.p.i.AbstractProblemLoader Init config took 2.3s 
274364     INFO  main            d.u.i.k.p.i.AbstractProblemLoader Replaying proof normalisation12.key.proof 
274366     DEBUG main            d.u.i.k.p.i.IntermediateProofReplayer Proof replay took 735.61ns 
274367     DEBUG main            d.u.i.k.p.r.p.TestFile    ... success: reloaded. 
274368     INFO  main            d.u.i.k.p.r.p.TestFile    Now processing file /home/runner/work/key/key/key.core/../key.ui/examples/standard_key/quantifiers/normalisation13.key 
274368     INFO  main            d.u.i.k.p.i.AbstractProblemLoader Loading environment from /home/runner/work/key/key/key.core/../key.ui/examples/standard_key/quantifiers/normalisation13.key 
274368     DEBUG main            d.u.i.k.p.i.AbstractProblemLoader Environment load took 110.2ns 
274369     INFO  main            d.u.i.k.p.i.AbstractProblemLoader Creating init config 
276712     DEBUG main            d.u.i.k.p.i.AbstractProblemLoader Init config took 2.34s 
276724     INFO  main            d.u.i.k.p.i.AbstractProblemLoader Replaying proof normalisation13.key 
276726     DEBUG main            d.u.i.k.p.i.IntermediateProofReplayer Proof replay took 7.7ns 
276828     INFO  main            d.u.i.k.p.r.p.TestFile    ... finished proof: closed. 
277201     INFO  main            d.u.i.k.p.i.AbstractProblemLoader Loading environment from /home/runner/work/key/key/key.core/../key.ui/examples/standard_key/quantifiers/normalisation13.key.proof 
277202     DEBUG main            d.u.i.k.p.i.AbstractProblemLoader Environment load took 90.7ns 
277202     INFO  main            d.u.i.k.p.i.AbstractProblemLoader Creating init config 
279487     DEBUG main            d.u.i.k.p.i.AbstractProblemLoader Init config took 2.28s 
279499     INFO  main            d.u.i.k.p.i.AbstractProblemLoader Replaying proof normalisation13.key.proof 
279501     DEBUG main            d.u.i.k.p.i.IntermediateProofReplayer Proof replay took 512.31ns 
279502     DEBUG main            d.u.i.k.p.r.p.TestFile    ... success: reloaded. 
279502     INFO  main            d.u.i.k.p.r.p.TestFile    Now processing file /home/runner/work/key/key/key.core/../key.ui/examples/standard_key/quantifiers/triggers0.key 
279503     INFO  main            d.u.i.k.p.i.AbstractProblemLoader Loading environment from /home/runner/work/key/key/key.core/../key.ui/examples/standard_key/quantifiers/triggers0.key 
279503     DEBUG main            d.u.i.k.p.i.AbstractProblemLoader Environment load took 47.4ns 
279504     INFO  main            d.u.i.k.p.i.AbstractProblemLoader Creating init config 
281855     DEBUG main            d.u.i.k.p.i.AbstractProblemLoader Init config took 2.35s 
281868     INFO  main            d.u.i.k.p.i.AbstractProblemLoader Replaying proof triggers0.key 
281872     DEBUG main            d.u.i.k.p.i.IntermediateProofReplayer Proof replay took 8.9ns 
281974     INFO  main            d.u.i.k.p.r.p.TestFile    ... finished proof: closed. 
282363     INFO  main            d.u.i.k.p.i.AbstractProblemLoader Loading environment from /home/runner/work/key/key/key.core/../key.ui/examples/standard_key/quantifiers/triggers0.key.proof 
282363     DEBUG main            d.u.i.k.p.i.AbstractProblemLoader Environment load took 89.2ns 
282364     INFO  main            d.u.i.k.p.i.AbstractProblemLoader Creating init config 
284666     DEBUG main            d.u.i.k.p.i.AbstractProblemLoader Init config took 2.3s 
284679     INFO  main            d.u.i.k.p.i.AbstractProblemLoader Replaying proof triggers0.key.proof 
284681     DEBUG main            d.u.i.k.p.i.IntermediateProofReplayer Proof replay took 897.72ns 
284682     DEBUG main            d.u.i.k.p.r.p.TestFile    ... success: reloaded. 
3736346    INFO  Test worker     d.u.i.k.p.r.RunAllProofsTestUnit Returning from test FOL 
3736347    INFO  Test worker     d.u.i.k.p.r.RunAllProofsTestUnit Running test strings 
362        INFO  Timeout watchdog d.u.i.k.p.r.p.ForkedTestFileRunner Timeout watcher launched (2000 secs.) 
370        WARN  main            d.u.i.k.s.ProofSettings   The settings in /home/runner/.key/proof-settings.props are *not* read. 
420        INFO  main            d.u.i.k.p.r.p.TestFile    Now processing file /home/runner/work/key/key/key.core/../key.ui/examples/standard_key/strings/charAt0.key 
552        INFO  main            d.u.i.k.p.i.AbstractProblemLoader Loading environment from /home/runner/work/key/key/key.core/../key.ui/examples/standard_key/strings/charAt0.key 
569        DEBUG main            d.u.i.k.p.i.AbstractProblemLoader Environment load took 1.93ms 
828        INFO  main            d.u.i.k.p.i.AbstractProblemLoader Creating init config 
1827       DEBUG main            d.u.i.k.j.TypeConverter   No LDT found for Meta 
1827       DEBUG main            d.u.i.k.j.TypeConverter   No LDT found for Meta 
1831       DEBUG main            d.u.i.k.j.TypeConverter   No LDT found for Meta 
1831       DEBUG main            d.u.i.k.j.TypeConverter   No LDT found for Meta 
3187       DEBUG main            d.u.i.k.j.TypeConverter   No LDT found for JavaBigintExpression 
8263       DEBUG main            d.u.i.k.p.i.AbstractProblemLoader Init config took 7.43s 
8338       INFO  main            d.u.i.k.p.i.AbstractProblemLoader Replaying proof charAt0.key 
8372       DEBUG main            d.u.i.k.p.i.IntermediateProofReplayer Proof replay took 40.6ns 
8733       INFO  main            d.u.i.k.p.r.p.TestFile    ... finished proof: closed. 
8835       INFO  main            d.u.i.k.p.i.AbstractProblemLoader Loading environment from /home/runner/work/key/key/key.core/../key.ui/examples/standard_key/strings/charAt0.key.proof 
8835       DEBUG main            d.u.i.k.p.i.AbstractProblemLoader Environment load took 167.3ns 
8839       INFO  main            d.u.i.k.p.i.AbstractProblemLoader Creating init config 
11485      DEBUG main            d.u.i.k.p.i.AbstractProblemLoader Init config took 2.65s 
11515      INFO  main            d.u.i.k.p.i.AbstractProblemLoader Replaying proof charAt0.key.proof 
11532      DEBUG main            d.u.i.k.p.i.IntermediateProofReplayer Proof replay took 11.79ms 
11543      DEBUG main            d.u.i.k.p.r.p.TestFile    ... success: reloaded. 
11544      INFO  main            d.u.i.k.p.r.p.TestFile    Now processing file /home/runner/work/key/key/key.core/../key.ui/examples/standard_key/strings/charAt1.key 
11545      INFO  main            d.u.i.k.p.i.AbstractProblemLoader Loading environment from /home/runner/work/key/key/key.core/../key.ui/examples/standard_key/strings/charAt1.key 
11545      DEBUG main            d.u.i.k.p.i.AbstractProblemLoader Environment load took 195.4ns 
11547      INFO  main            d.u.i.k.p.i.AbstractProblemLoader Creating init config 
14148      DEBUG main            d.u.i.k.p.i.AbstractProblemLoader Init config took 2.6s 
14175      INFO  main            d.u.i.k.p.i.AbstractProblemLoader Replaying proof charAt1.key 
14179      DEBUG main            d.u.i.k.p.i.IntermediateProofReplayer Proof replay took 7.4ns 
14384      INFO  main            d.u.i.k.p.r.p.TestFile    ... finished proof: closed. 
14513      INFO  main            d.u.i.k.p.i.AbstractProblemLoader Loading environment from /home/runner/work/key/key/key.core/../key.ui/examples/standard_key/strings/charAt1.key.proof 
14514      DEBUG main            d.u.i.k.p.i.AbstractProblemLoader Environment load took 628.51ns 
14519      INFO  main            d.u.i.k.p.i.AbstractProblemLoader Creating init config 
17071      DEBUG main            d.u.i.k.p.i.AbstractProblemLoader Init config took 2.55s 
17122      INFO  main            d.u.i.k.p.i.AbstractProblemLoader Replaying proof charAt1.key.proof 
17159      DEBUG main            d.u.i.k.p.i.IntermediateProofReplayer Proof replay took 27.01ms 
17160      DEBUG main            d.u.i.k.p.r.p.TestFile    ... success: reloaded. 
17163      INFO  main            d.u.i.k.p.r.p.TestFile    Now processing file /home/runner/work/key/key/key.core/../key.ui/examples/standard_key/strings/concat1.key 
17166      INFO  main            d.u.i.k.p.i.AbstractProblemLoader Loading environment from /home/runner/work/key/key/key.core/../key.ui/examples/standard_key/strings/concat1.key 
17166      DEBUG main            d.u.i.k.p.i.AbstractProblemLoader Environment load took 160.3ns 
17167      INFO  main            d.u.i.k.p.i.AbstractProblemLoader Creating init config 
19672      DEBUG main            d.u.i.k.p.i.AbstractProblemLoader Init config took 2.5s 
19693      INFO  main            d.u.i.k.p.i.AbstractProblemLoader Replaying proof concat1.key 
19695      DEBUG main            d.u.i.k.p.i.IntermediateProofReplayer Proof replay took 5.8ns 
19799      INFO  main            d.u.i.k.p.r.p.TestFile    ... finished proof: closed. 
19931      INFO  main            d.u.i.k.p.i.AbstractProblemLoader Loading environment from /home/runner/work/key/key/key.core/../key.ui/examples/standard_key/strings/concat1.key.proof 
19932      DEBUG main            d.u.i.k.p.i.AbstractProblemLoader Environment load took 133.4ns 
19936      INFO  main            d.u.i.k.p.i.AbstractProblemLoader Creating init config 
22406      DEBUG main            d.u.i.k.p.i.AbstractProblemLoader Init config took 2.47s 
22426      INFO  main            d.u.i.k.p.i.AbstractProblemLoader Replaying proof concat1.key.proof 
22429      DEBUG main            d.u.i.k.p.i.IntermediateProofReplayer Proof replay took 976.62ns 
22429      DEBUG main            d.u.i.k.p.r.p.TestFile    ... success: reloaded. 
22430      INFO  main            d.u.i.k.p.r.p.TestFile    Now processing file /home/runner/work/key/key/key.core/../key.ui/examples/standard_key/strings/concat2.key 
22430      INFO  main            d.u.i.k.p.i.AbstractProblemLoader Loading environment from /home/runner/work/key/key/key.core/../key.ui/examples/standard_key/strings/concat2.key 
22430      DEBUG main            d.u.i.k.p.i.AbstractProblemLoader Environment load took 91.1ns 
22432      INFO  main            d.u.i.k.p.i.AbstractProblemLoader Creating init config 
24875      DEBUG main            d.u.i.k.p.i.AbstractProblemLoader Init config took 2.44s 
24895      INFO  main            d.u.i.k.p.i.AbstractProblemLoader Replaying proof concat2.key 
24896      DEBUG main            d.u.i.k.p.i.IntermediateProofReplayer Proof replay took 6ns 
24999      INFO  main            d.u.i.k.p.r.p.TestFile    ... finished proof: closed. 
25133      INFO  main            d.u.i.k.p.i.AbstractProblemLoader Loading environment from /home/runner/work/key/key/key.core/../key.ui/examples/standard_key/strings/concat2.key.proof 
25134      DEBUG main            d.u.i.k.p.i.AbstractProblemLoader Environment load took 129.1ns 
25135      INFO  main            d.u.i.k.p.i.AbstractProblemLoader Creating init config 
27561      DEBUG main            d.u.i.k.p.i.AbstractProblemLoader Init config took 2.43s 
27580      INFO  main            d.u.i.k.p.i.AbstractProblemLoader Replaying proof concat2.key.proof 
27589      DEBUG main            d.u.i.k.p.i.IntermediateProofReplayer Proof replay took 6.55ms 
27591      DEBUG main            d.u.i.k.p.r.p.TestFile    ... success: reloaded. 
27592      INFO  main            d.u.i.k.p.r.p.TestFile    Now processing file /home/runner/work/key/key/key.core/../key.ui/examples/standard_key/strings/deriveLength1.key 
27592      INFO  main            d.u.i.k.p.i.AbstractProblemLoader Loading environment from /home/runner/work/key/key/key.core/../key.ui/examples/standard_key/strings/deriveLength1.key 
27593      DEBUG main            d.u.i.k.p.i.AbstractProblemLoader Environment load took 190.6ns 
27594      INFO  main            d.u.i.k.p.i.AbstractProblemLoader Creating init config 
30022      DEBUG main            d.u.i.k.p.i.AbstractProblemLoader Init config took 2.43s 
30041      INFO  main            d.u.i.k.p.i.AbstractProblemLoader Replaying proof deriveLength1.key 
30042      DEBUG main            d.u.i.k.p.i.IntermediateProofReplayer Proof replay took 6.3ns 
30146      INFO  main            d.u.i.k.p.r.p.TestFile    ... finished proof: closed. 
30305      INFO  main            d.u.i.k.p.i.AbstractProblemLoader Loading environment from /home/runner/work/key/key/key.core/../key.ui/examples/standard_key/strings/deriveLength1.key.proof 
30306      DEBUG main            d.u.i.k.p.i.AbstractProblemLoader Environment load took 423.21ns 
30308      INFO  main            d.u.i.k.p.i.AbstractProblemLoader Creating init config 
32707      DEBUG main            d.u.i.k.p.i.AbstractProblemLoader Init config took 2.4s 
32726      INFO  main            d.u.i.k.p.i.AbstractProblemLoader Replaying proof deriveLength1.key.proof 
32734      DEBUG main            d.u.i.k.p.i.IntermediateProofReplayer Proof replay took 5.76ms 
32735      DEBUG main            d.u.i.k.p.r.p.TestFile    ... success: reloaded. 
32736      INFO  main            d.u.i.k.p.r.p.TestFile    Now processing file /home/runner/work/key/key/key.core/../key.ui/examples/standard_key/strings/emptyStringLengthZero.key 
32736      INFO  main            d.u.i.k.p.i.AbstractProblemLoader Loading environment from /home/runner/work/key/key/key.core/../key.ui/examples/standard_key/strings/emptyStringLengthZero.key 
32736      DEBUG main            d.u.i.k.p.i.AbstractProblemLoader Environment load took 174.4ns 
32737      INFO  main            d.u.i.k.p.i.AbstractProblemLoader Creating init config 
35239      DEBUG main            d.u.i.k.p.i.AbstractProblemLoader Init config took 2.5s 
35260      INFO  main            d.u.i.k.p.i.AbstractProblemLoader Replaying proof emptyStringLengthZero.key 
35263      DEBUG main            d.u.i.k.p.i.IntermediateProofReplayer Proof replay took 12.2ns 
35366      INFO  main            d.u.i.k.p.r.p.TestFile    ... finished proof: closed. 
35525      INFO  main            d.u.i.k.p.i.AbstractProblemLoader Loading environment from /home/runner/work/key/key/key.core/../key.ui/examples/standard_key/strings/emptyStringLengthZero.key.proof 
35525      DEBUG main            d.u.i.k.p.i.AbstractProblemLoader Environment load took 125.2ns 
35526      INFO  main            d.u.i.k.p.i.AbstractProblemLoader Creating init config 
37939      DEBUG main            d.u.i.k.p.i.AbstractProblemLoader Init config took 2.41s 
37955      INFO  main            d.u.i.k.p.i.AbstractProblemLoader Replaying proof emptyStringLengthZero.key.proof 
37960      DEBUG main            d.u.i.k.p.i.IntermediateProofReplayer Proof replay took 2.59ms 
37961      DEBUG main            d.u.i.k.p.r.p.TestFile    ... success: reloaded. 
37961      INFO  main            d.u.i.k.p.r.p.TestFile    Now processing file /home/runner/work/key/key/key.core/../key.ui/examples/standard_key/strings/implicitBooleanStringConversion.key 
37962      INFO  main            d.u.i.k.p.i.AbstractProblemLoader Loading environment from /home/runner/work/key/key/key.core/../key.ui/examples/standard_key/strings/implicitBooleanStringConversion.key 
37962      DEBUG main            d.u.i.k.p.i.AbstractProblemLoader Environment load took 176.6ns 
37963      INFO  main            d.u.i.k.p.i.AbstractProblemLoader Creating init config 
40428      DEBUG main            d.u.i.k.p.i.AbstractProblemLoader Init config took 2.46s 
40446      INFO  main            d.u.i.k.p.i.AbstractProblemLoader Replaying proof implicitBooleanStringConversion.key 
40448      DEBUG main            d.u.i.k.p.i.IntermediateProofReplayer Proof replay took 6.2ns 
41265      INFO  main            d.u.i.k.p.r.p.TestFile    ... finished proof: closed. 
41488      INFO  main            d.u.i.k.p.i.AbstractProblemLoader Loading environment from /home/runner/work/key/key/key.core/../key.ui/examples/standard_key/strings/implicitBooleanStringConversion.key.proof 
41488      DEBUG main            d.u.i.k.p.i.AbstractProblemLoader Environment load took 750.41ns 
41490      INFO  main            d.u.i.k.p.i.AbstractProblemLoader Creating init config 
43972      DEBUG main            d.u.i.k.p.i.AbstractProblemLoader Init config took 2.48s 
43990      INFO  main            d.u.i.k.p.i.AbstractProblemLoader Replaying proof implicitBooleanStringConversion.key.proof 
44057      DEBUG main            d.u.i.k.p.i.IntermediateProofReplayer Proof replay took 61.37ms 
44058      DEBUG main            d.u.i.k.p.r.p.TestFile    ... success: reloaded. 
44059      INFO  main            d.u.i.k.p.r.p.TestFile    Now processing file /home/runner/work/key/key/key.core/../key.ui/examples/standard_key/strings/implicitBooleanStringConversion2.key 
44059      INFO  main            d.u.i.k.p.i.AbstractProblemLoader Loading environment from /home/runner/work/key/key/key.core/../key.ui/examples/standard_key/strings/implicitBooleanStringConversion2.key 
44060      DEBUG main            d.u.i.k.p.i.AbstractProblemLoader Environment load took 179.5ns 
44061      INFO  main            d.u.i.k.p.i.AbstractProblemLoader Creating init config 
46513      DEBUG main            d.u.i.k.p.i.AbstractProblemLoader Init config took 2.45s 
46531      INFO  main            d.u.i.k.p.i.AbstractProblemLoader Replaying proof implicitBooleanStringConversion2.key 
46533      DEBUG main            d.u.i.k.p.i.IntermediateProofReplayer Proof replay took 6.6ns 
46836      INFO  main            d.u.i.k.p.r.p.TestFile    ... finished proof: closed. 
47030      INFO  main            d.u.i.k.p.i.AbstractProblemLoader Loading environment from /home/runner/work/key/key/key.core/../key.ui/examples/standard_key/strings/implicitBooleanStringConversion2.key.proof 
47032      DEBUG main            d.u.i.k.p.i.AbstractProblemLoader Environment load took 1.46ms 
47033      INFO  main            d.u.i.k.p.i.AbstractProblemLoader Creating init config 
49394      DEBUG main            d.u.i.k.p.i.AbstractProblemLoader Init config took 2.36s 
49411      INFO  main            d.u.i.k.p.i.AbstractProblemLoader Replaying proof implicitBooleanStringConversion2.key.proof 
49433      DEBUG main            d.u.i.k.p.i.IntermediateProofReplayer Proof replay took 19.24ms 
49434      DEBUG main            d.u.i.k.p.r.p.TestFile    ... success: reloaded. 
49435      INFO  main            d.u.i.k.p.r.p.TestFile    Now processing file /home/runner/work/key/key/key.core/../key.ui/examples/standard_key/strings/implicitIntStringConversion.key 
49435      INFO  main            d.u.i.k.p.i.AbstractProblemLoader Loading environment from /home/runner/work/key/key/key.core/../key.ui/examples/standard_key/strings/implicitIntStringConversion.key 
49435      DEBUG main            d.u.i.k.p.i.AbstractProblemLoader Environment load took 82.8ns 
49436      INFO  main            d.u.i.k.p.i.AbstractProblemLoader Creating init config 
51908      DEBUG main            d.u.i.k.p.i.AbstractProblemLoader Init config took 2.47s 
51925      INFO  main            d.u.i.k.p.i.AbstractProblemLoader Replaying proof implicitIntStringConversion.key 
51926      DEBUG main            d.u.i.k.p.i.IntermediateProofReplayer Proof replay took 6.5ns 
52451      INFO  main            d.u.i.k.p.r.p.TestFile    ... finished proof: closed. 
52638      INFO  main            d.u.i.k.p.i.AbstractProblemLoader Loading environment from /home/runner/work/key/key/key.core/../key.ui/examples/standard_key/strings/implicitIntStringConversion.key.proof 
52641      DEBUG main            d.u.i.k.p.i.AbstractProblemLoader Environment load took 2.7ms 
52642      INFO  main            d.u.i.k.p.i.AbstractProblemLoader Creating init config 
55018      DEBUG main            d.u.i.k.p.i.AbstractProblemLoader Init config took 2.38s 
55041      INFO  main            d.u.i.k.p.i.AbstractProblemLoader Replaying proof implicitIntStringConversion.key.proof 
55100      DEBUG main            d.u.i.k.p.i.IntermediateProofReplayer Proof replay took 51.49ms 
55101      DEBUG main            d.u.i.k.p.r.p.TestFile    ... success: reloaded. 
55102      INFO  main            d.u.i.k.p.r.p.TestFile    Now processing file /home/runner/work/key/key/key.core/../key.ui/examples/standard_key/strings/implicitNullStringConversion.key 
55102      INFO  main            d.u.i.k.p.i.AbstractProblemLoader Loading environment from /home/runner/work/key/key/key.core/../key.ui/examples/standard_key/strings/implicitNullStringConversion.key 
55102      DEBUG main            d.u.i.k.p.i.AbstractProblemLoader Environment load took 664.11ns 
55103      INFO  main            d.u.i.k.p.i.AbstractProblemLoader Creating init config 
57520      DEBUG main            d.u.i.k.p.i.AbstractProblemLoader Init config took 2.42s 
57537      INFO  main            d.u.i.k.p.i.AbstractProblemLoader Replaying proof implicitNullStringConversion.key 
57538      DEBUG main            d.u.i.k.p.i.IntermediateProofReplayer Proof replay took 6.2ns 
57842      INFO  main            d.u.i.k.p.r.p.TestFile    ... finished proof: closed. 
58025      INFO  main            d.u.i.k.p.i.AbstractProblemLoader Loading environment from /home/runner/work/key/key/key.core/../key.ui/examples/standard_key/strings/implicitNullStringConversion.key.proof 
58025      DEBUG main            d.u.i.k.p.i.AbstractProblemLoader Environment load took 373.11ns 
58027      INFO  main            d.u.i.k.p.i.AbstractProblemLoader Creating init config 
60403      DEBUG main            d.u.i.k.p.i.AbstractProblemLoader Init config took 2.38s 
60419      INFO  main            d.u.i.k.p.i.AbstractProblemLoader Replaying proof implicitNullStringConversion.key.proof 
60440      DEBUG main            d.u.i.k.p.i.IntermediateProofReplayer Proof replay took 18.23ms 
60441      DEBUG main            d.u.i.k.p.r.p.TestFile    ... success: reloaded. 
60442      INFO  main            d.u.i.k.p.r.p.TestFile    Now processing file /home/runner/work/key/key/key.core/../key.ui/examples/standard_key/strings/implicitNullStringConversion2.key 
60442      INFO  main            d.u.i.k.p.i.AbstractProblemLoader Loading environment from /home/runner/work/key/key/key.core/../key.ui/examples/standard_key/strings/implicitNullStringConversion2.key 
60442      DEBUG main            d.u.i.k.p.i.AbstractProblemLoader Environment load took 97.5ns 
60443      INFO  main            d.u.i.k.p.i.AbstractProblemLoader Creating init config 
62812      DEBUG main            d.u.i.k.p.i.AbstractProblemLoader Init config took 2.37s 
62827      INFO  main            d.u.i.k.p.i.AbstractProblemLoader Replaying proof implicitNullStringConversion2.key 
62829      DEBUG main            d.u.i.k.p.i.IntermediateProofReplayer Proof replay took 6.2ns 
63033      INFO  main            d.u.i.k.p.r.p.TestFile    ... finished proof: closed. 
63226      INFO  main            d.u.i.k.p.i.AbstractProblemLoader Loading environment from /home/runner/work/key/key/key.core/../key.ui/examples/standard_key/strings/implicitNullStringConversion2.key.proof 
63226      DEBUG main            d.u.i.k.p.i.AbstractProblemLoader Environment load took 126.4ns 
63227      INFO  main            d.u.i.k.p.i.AbstractProblemLoader Creating init config 
65655      DEBUG main            d.u.i.k.p.i.AbstractProblemLoader Init config took 2.43s 
65676      INFO  main            d.u.i.k.p.i.AbstractProblemLoader Replaying proof implicitNullStringConversion2.key.proof 
65696      DEBUG main            d.u.i.k.p.i.IntermediateProofReplayer Proof replay took 16.73ms 
65698      DEBUG main            d.u.i.k.p.r.p.TestFile    ... success: reloaded. 
65699      INFO  main            d.u.i.k.p.r.p.TestFile    Now processing file /home/runner/work/key/key/key.core/../key.ui/examples/standard_key/strings/implicitObjectStringConversion.key 
65700      INFO  main            d.u.i.k.p.i.AbstractProblemLoader Loading environment from /home/runner/work/key/key/key.core/../key.ui/examples/standard_key/strings/implicitObjectStringConversion.key 
65700      DEBUG main            d.u.i.k.p.i.AbstractProblemLoader Environment load took 186.7ns 
65701      INFO  main            d.u.i.k.p.i.AbstractProblemLoader Creating init config 
68239      DEBUG main            d.u.i.k.p.i.AbstractProblemLoader Init config took 2.54s 
68254      INFO  main            d.u.i.k.p.i.AbstractProblemLoader Replaying proof implicitObjectStringConversion.key 
68256      DEBUG main            d.u.i.k.p.i.IntermediateProofReplayer Proof replay took 7ns 
68964      INFO  main            d.u.i.k.p.r.p.TestFile    ... finished proof: closed. 
69210      INFO  main            d.u.i.k.p.i.AbstractProblemLoader Loading environment from /home/runner/work/key/key/key.core/../key.ui/examples/standard_key/strings/implicitObjectStringConversion.key.proof 
69212      DEBUG main            d.u.i.k.p.i.AbstractProblemLoader Environment load took 1.68ms 
69213      INFO  main            d.u.i.k.p.i.AbstractProblemLoader Creating init config 
71794      DEBUG main            d.u.i.k.p.i.AbstractProblemLoader Init config took 2.58s 
71811      INFO  main            d.u.i.k.p.i.AbstractProblemLoader Replaying proof implicitObjectStringConversion.key.proof 
71857      DEBUG main            d.u.i.k.p.i.IntermediateProofReplayer Proof replay took 41.6ms 
71858      DEBUG main            d.u.i.k.p.r.p.TestFile    ... success: reloaded. 
71858      INFO  main            d.u.i.k.p.r.p.TestFile    Now processing file /home/runner/work/key/key/key.core/../key.ui/examples/standard_key/strings/literalEquality.key 
71859      INFO  main            d.u.i.k.p.i.AbstractProblemLoader Loading environment from /home/runner/work/key/key/key.core/../key.ui/examples/standard_key/strings/literalEquality.key 
71859      DEBUG main            d.u.i.k.p.i.AbstractProblemLoader Environment load took 80.6ns 
71860      INFO  main            d.u.i.k.p.i.AbstractProblemLoader Creating init config 
74205      DEBUG main            d.u.i.k.p.i.AbstractProblemLoader Init config took 2.35s 
74220      INFO  main            d.u.i.k.p.i.AbstractProblemLoader Replaying proof literalEquality.key 
74222      DEBUG main            d.u.i.k.p.i.IntermediateProofReplayer Proof replay took 6.6ns 
74325      INFO  main            d.u.i.k.p.r.p.TestFile    ... finished proof: closed. 
74530      INFO  main            d.u.i.k.p.i.AbstractProblemLoader Loading environment from /home/runner/work/key/key/key.core/../key.ui/examples/standard_key/strings/literalEquality.key.proof 
74530      DEBUG main            d.u.i.k.p.i.AbstractProblemLoader Environment load took 118ns 
74531      INFO  main            d.u.i.k.p.i.AbstractProblemLoader Creating init config 
76876      DEBUG main            d.u.i.k.p.i.AbstractProblemLoader Init config took 2.34s 
76894      INFO  main            d.u.i.k.p.i.AbstractProblemLoader Replaying proof literalEquality.key.proof 
76902      DEBUG main            d.u.i.k.p.i.IntermediateProofReplayer Proof replay took 3.2ms 
76904      DEBUG main            d.u.i.k.p.r.p.TestFile    ... success: reloaded. 
76905      INFO  main            d.u.i.k.p.r.p.TestFile    Now processing file /home/runner/work/key/key/key.core/../key.ui/examples/standard_key/strings/replace0.key 
76905      INFO  main            d.u.i.k.p.i.AbstractProblemLoader Loading environment from /home/runner/work/key/key/key.core/../key.ui/examples/standard_key/strings/replace0.key 
76905      DEBUG main            d.u.i.k.p.i.AbstractProblemLoader Environment load took 174.9ns 
76906      INFO  main            d.u.i.k.p.i.AbstractProblemLoader Creating init config 
79317      DEBUG main            d.u.i.k.p.i.AbstractProblemLoader Init config took 2.41s 
79332      INFO  main            d.u.i.k.p.i.AbstractProblemLoader Replaying proof replace0.key 
79335      DEBUG main            d.u.i.k.p.i.IntermediateProofReplayer Proof replay took 6.8ns 
79437      INFO  main            d.u.i.k.p.r.p.TestFile    ... finished proof: closed. 
79637      INFO  main            d.u.i.k.p.i.AbstractProblemLoader Loading environment from /home/runner/work/key/key/key.core/../key.ui/examples/standard_key/strings/replace0.key.proof 
79637      DEBUG main            d.u.i.k.p.i.AbstractProblemLoader Environment load took 123.6ns 
79639      INFO  main            d.u.i.k.p.i.AbstractProblemLoader Creating init config 
81947      DEBUG main            d.u.i.k.p.i.AbstractProblemLoader Init config took 2.31s 
81964      INFO  main            d.u.i.k.p.i.AbstractProblemLoader Replaying proof replace0.key.proof 
81968      DEBUG main            d.u.i.k.p.i.IntermediateProofReplayer Proof replay took 2.6ms 
81970      DEBUG main            d.u.i.k.p.r.p.TestFile    ... success: reloaded. 
81971      INFO  main            d.u.i.k.p.r.p.TestFile    Now processing file /home/runner/work/key/key/key.core/../key.ui/examples/standard_key/strings/replace1.key 
81971      INFO  main            d.u.i.k.p.i.AbstractProblemLoader Loading environment from /home/runner/work/key/key/key.core/../key.ui/examples/standard_key/strings/replace1.key 
81971      DEBUG main            d.u.i.k.p.i.AbstractProblemLoader Environment load took 173ns 
81972      INFO  main            d.u.i.k.p.i.AbstractProblemLoader Creating init config 
84349      DEBUG main            d.u.i.k.p.i.AbstractProblemLoader Init config took 2.38s 
84364      INFO  main            d.u.i.k.p.i.AbstractProblemLoader Replaying proof replace1.key 
84365      DEBUG main            d.u.i.k.p.i.IntermediateProofReplayer Proof replay took 7.8ns 
84467      INFO  main            d.u.i.k.p.r.p.TestFile    ... finished proof: closed. 
84678      INFO  main            d.u.i.k.p.i.AbstractProblemLoader Loading environment from /home/runner/work/key/key/key.core/../key.ui/examples/standard_key/strings/replace1.key.proof 
84678      DEBUG main            d.u.i.k.p.i.AbstractProblemLoader Environment load took 126.6ns 
84685      INFO  main            d.u.i.k.p.i.AbstractProblemLoader Creating init config 
87017      DEBUG main            d.u.i.k.p.i.AbstractProblemLoader Init config took 2.33s 
87031      INFO  main            d.u.i.k.p.i.AbstractProblemLoader Replaying proof replace1.key.proof 
87036      DEBUG main            d.u.i.k.p.i.IntermediateProofReplayer Proof replay took 3.79ms 
87037      DEBUG main            d.u.i.k.p.r.p.TestFile    ... success: reloaded. 
87037      INFO  main            d.u.i.k.p.r.p.TestFile    Now processing file /home/runner/work/key/key/key.core/../key.ui/examples/standard_key/strings/simpleAssignment.key 
87038      INFO  main            d.u.i.k.p.i.AbstractProblemLoader Loading environment from /home/runner/work/key/key/key.core/../key.ui/examples/standard_key/strings/simpleAssignment.key 
87038      DEBUG main            d.u.i.k.p.i.AbstractProblemLoader Environment load took 93.1ns 
87039      INFO  main            d.u.i.k.p.i.AbstractProblemLoader Creating init config 
89418      DEBUG main            d.u.i.k.p.i.AbstractProblemLoader Init config took 2.38s 
89432      INFO  main            d.u.i.k.p.i.AbstractProblemLoader Replaying proof simpleAssignment.key 
89434      DEBUG main            d.u.i.k.p.i.IntermediateProofReplayer Proof replay took 6ns 
89535      INFO  main            d.u.i.k.p.r.p.TestFile    ... finished proof: closed. 
89739      INFO  main            d.u.i.k.p.i.AbstractProblemLoader Loading environment from /home/runner/work/key/key/key.core/../key.ui/examples/standard_key/strings/simpleAssignment.key.proof 
89739      DEBUG main            d.u.i.k.p.i.AbstractProblemLoader Environment load took 121.3ns 
89740      INFO  main            d.u.i.k.p.i.AbstractProblemLoader Creating init config 
92037      DEBUG main            d.u.i.k.p.i.AbstractProblemLoader Init config took 2.3s 
92052      INFO  main            d.u.i.k.p.i.AbstractProblemLoader Replaying proof simpleAssignment.key.proof 
92058      DEBUG main            d.u.i.k.p.i.IntermediateProofReplayer Proof replay took 1.33ms 
92059      DEBUG main            d.u.i.k.p.r.p.TestFile    ... success: reloaded. 
92060      INFO  main            d.u.i.k.p.r.p.TestFile    Now processing file /home/runner/work/key/key/key.core/../key.ui/examples/standard_key/strings/simpleLengthComp.key 
92060      INFO  main            d.u.i.k.p.i.AbstractProblemLoader Loading environment from /home/runner/work/key/key/key.core/../key.ui/examples/standard_key/strings/simpleLengthComp.key 
92060      DEBUG main            d.u.i.k.p.i.AbstractProblemLoader Environment load took 77.6ns 
92062      INFO  main            d.u.i.k.p.i.AbstractProblemLoader Creating init config 
94459      DEBUG main            d.u.i.k.p.i.AbstractProblemLoader Init config took 2.4s 
94474      INFO  main            d.u.i.k.p.i.AbstractProblemLoader Replaying proof simpleLengthComp.key 
94477      DEBUG main            d.u.i.k.p.i.IntermediateProofReplayer Proof replay took 8.3ns 
94682      INFO  main            d.u.i.k.p.r.p.TestFile    ... finished proof: closed. 
94896      INFO  main            d.u.i.k.p.i.AbstractProblemLoader Loading environment from /home/runner/work/key/key/key.core/../key.ui/examples/standard_key/strings/simpleLengthComp.key.proof 
94896      DEBUG main            d.u.i.k.p.i.AbstractProblemLoader Environment load took 155ns 
94897      INFO  main            d.u.i.k.p.i.AbstractProblemLoader Creating init config 
97243      DEBUG main            d.u.i.k.p.i.AbstractProblemLoader Init config took 2.35s 
97258      INFO  main            d.u.i.k.p.i.AbstractProblemLoader Replaying proof simpleLengthComp.key.proof 
97282      DEBUG main            d.u.i.k.p.i.IntermediateProofReplayer Proof replay took 21.14ms 
97283      DEBUG main            d.u.i.k.p.r.p.TestFile    ... success: reloaded. 
97284      INFO  main            d.u.i.k.p.r.p.TestFile    Now processing file /home/runner/work/key/key/key.core/../key.ui/examples/standard_key/strings/stringCompileTimeConstant1.key 
97284      INFO  main            d.u.i.k.p.i.AbstractProblemLoader Loading environment from /home/runner/work/key/key/key.core/../key.ui/examples/standard_key/strings/stringCompileTimeConstant1.key 
97284      DEBUG main            d.u.i.k.p.i.AbstractProblemLoader Environment load took 104.3ns 
97285      INFO  main            d.u.i.k.p.i.AbstractProblemLoader Creating init config 
99657      DEBUG main            d.u.i.k.p.i.AbstractProblemLoader Init config took 2.37s 
99673      INFO  main            d.u.i.k.p.i.AbstractProblemLoader Replaying proof stringCompileTimeConstant1.key 
99674      DEBUG main            d.u.i.k.p.i.IntermediateProofReplayer Proof replay took 6ns 
99776      INFO  main            d.u.i.k.p.r.p.TestFile    ... finished proof: closed. 
99993      INFO  main            d.u.i.k.p.i.AbstractProblemLoader Loading environment from /home/runner/work/key/key/key.core/../key.ui/examples/standard_key/strings/stringCompileTimeConstant1.key.proof 
99993      DEBUG main            d.u.i.k.p.i.AbstractProblemLoader Environment load took 111.1ns 
99994      INFO  main            d.u.i.k.p.i.AbstractProblemLoader Creating init config 
102284     DEBUG main            d.u.i.k.p.i.AbstractProblemLoader Init config took 2.29s 
102299     INFO  main            d.u.i.k.p.i.AbstractProblemLoader Replaying proof stringCompileTimeConstant1.key.proof 
102306     DEBUG main            d.u.i.k.p.i.IntermediateProofReplayer Proof replay took 5.24ms 
102307     DEBUG main            d.u.i.k.p.r.p.TestFile    ... success: reloaded. 
102308     INFO  main            d.u.i.k.p.r.p.TestFile    Now processing file /home/runner/work/key/key/key.core/../key.ui/examples/standard_key/strings/stringCompileTimeConstant2.key 
102308     INFO  main            d.u.i.k.p.i.AbstractProblemLoader Loading environment from /home/runner/work/key/key/key.core/../key.ui/examples/standard_key/strings/stringCompileTimeConstant2.key 
102308     DEBUG main            d.u.i.k.p.i.AbstractProblemLoader Environment load took 184.2ns 
102309     INFO  main            d.u.i.k.p.i.AbstractProblemLoader Creating init config 
104831     DEBUG main            d.u.i.k.p.i.AbstractProblemLoader Init config took 2.52s 
104846     INFO  main            d.u.i.k.p.i.AbstractProblemLoader Replaying proof stringCompileTimeConstant2.key 
104847     DEBUG main            d.u.i.k.p.i.IntermediateProofReplayer Proof replay took 6.5ns 
107562     INFO  main            d.u.i.k.p.r.p.TestFile    ... finished proof: closed. 
107827     INFO  main            d.u.i.k.p.i.AbstractProblemLoader Loading environment from /home/runner/work/key/key/key.core/../key.ui/examples/standard_key/strings/stringCompileTimeConstant2.key.proof 
107827     DEBUG main            d.u.i.k.p.i.AbstractProblemLoader Environment load took 117.3ns 
107829     INFO  main            d.u.i.k.p.i.AbstractProblemLoader Creating init config 
110293     DEBUG main            d.u.i.k.p.i.AbstractProblemLoader Init config took 2.46s 
110309     INFO  main            d.u.i.k.p.i.AbstractProblemLoader Replaying proof stringCompileTimeConstant2.key.proof 
110580     DEBUG main            d.u.i.k.p.i.IntermediateProofReplayer Proof replay took 258.84ms 
110581     DEBUG main            d.u.i.k.p.r.p.TestFile    ... success: reloaded. 
110583     INFO  main            d.u.i.k.p.r.p.TestFile    Now processing file /home/runner/work/key/key/key.core/../key.ui/examples/standard_key/strings/stringEquality1.key 
110583     INFO  main            d.u.i.k.p.i.AbstractProblemLoader Loading environment from /home/runner/work/key/key/key.core/../key.ui/examples/standard_key/strings/stringEquality1.key 
110583     DEBUG main            d.u.i.k.p.i.AbstractProblemLoader Environment load took 165.9ns 
110584     INFO  main            d.u.i.k.p.i.AbstractProblemLoader Creating init config 
112959     DEBUG main            d.u.i.k.p.i.AbstractProblemLoader Init config took 2.38s 
112973     INFO  main            d.u.i.k.p.i.AbstractProblemLoader Replaying proof stringEquality1.key 
112974     DEBUG main            d.u.i.k.p.i.IntermediateProofReplayer Proof replay took 6.2ns 
113077     INFO  main            d.u.i.k.p.r.p.TestFile    ... finished proof: closed. 
113363     INFO  main            d.u.i.k.p.i.AbstractProblemLoader Loading environment from /home/runner/work/key/key/key.core/../key.ui/examples/standard_key/strings/stringEquality1.key.proof 
113364     DEBUG main            d.u.i.k.p.i.AbstractProblemLoader Environment load took 113.2ns 
113365     INFO  main            d.u.i.k.p.i.AbstractProblemLoader Creating init config 
115641     DEBUG main            d.u.i.k.p.i.AbstractProblemLoader Init config took 2.28s 
115655     INFO  main            d.u.i.k.p.i.AbstractProblemLoader Replaying proof stringEquality1.key.proof 
115661     DEBUG main            d.u.i.k.p.i.IntermediateProofReplayer Proof replay took 4.35ms 
115662     DEBUG main            d.u.i.k.p.r.p.TestFile    ... success: reloaded. 
115662     INFO  main            d.u.i.k.p.r.p.TestFile    Now processing file /home/runner/work/key/key/key.core/../key.ui/examples/standard_key/strings/stringEquality2.key 
115663     INFO  main            d.u.i.k.p.i.AbstractProblemLoader Loading environment from /home/runner/work/key/key/key.core/../key.ui/examples/standard_key/strings/stringEquality2.key 
115663     DEBUG main            d.u.i.k.p.i.AbstractProblemLoader Environment load took 89.2ns 
115664     INFO  main            d.u.i.k.p.i.AbstractProblemLoader Creating init config 
117962     DEBUG main            d.u.i.k.p.i.AbstractProblemLoader Init config took 2.3s 
117975     INFO  main            d.u.i.k.p.i.AbstractProblemLoader Replaying proof stringEquality2.key 
117977     DEBUG main            d.u.i.k.p.i.IntermediateProofReplayer Proof replay took 7.1ns 
118380     INFO  main            d.u.i.k.p.r.p.TestFile    ... finished proof: closed. 
118679     INFO  main            d.u.i.k.p.i.AbstractProblemLoader Loading environment from /home/runner/work/key/key/key.core/../key.ui/examples/standard_key/strings/stringEquality2.key.proof 
118679     DEBUG main            d.u.i.k.p.i.AbstractProblemLoader Environment load took 126.4ns 
118680     INFO  main            d.u.i.k.p.i.AbstractProblemLoader Creating init config 
121009     DEBUG main            d.u.i.k.p.i.AbstractProblemLoader Init config took 2.33s 
121023     INFO  main            d.u.i.k.p.i.AbstractProblemLoader Replaying proof stringEquality2.key.proof 
121044     DEBUG main            d.u.i.k.p.i.IntermediateProofReplayer Proof replay took 17.72ms 
121046     DEBUG main            d.u.i.k.p.r.p.TestFile    ... success: reloaded. 
121046     INFO  main            d.u.i.k.p.r.p.TestFile    Now processing file /home/runner/work/key/key/key.core/../key.ui/examples/standard_key/strings/substring0.key 
121047     INFO  main            d.u.i.k.p.i.AbstractProblemLoader Loading environment from /home/runner/work/key/key/key.core/../key.ui/examples/standard_key/strings/substring0.key 
121047     DEBUG main            d.u.i.k.p.i.AbstractProblemLoader Environment load took 202.3ns 
121048     INFO  main            d.u.i.k.p.i.AbstractProblemLoader Creating init config 
123387     DEBUG main            d.u.i.k.p.i.AbstractProblemLoader Init config took 2.34s 
123402     INFO  main            d.u.i.k.p.i.AbstractProblemLoader Replaying proof substring0.key 
123403     DEBUG main            d.u.i.k.p.i.IntermediateProofReplayer Proof replay took 5.8ns 
123509     INFO  main            d.u.i.k.p.r.p.TestFile    ... finished proof: closed. 
123759     INFO  main            d.u.i.k.p.i.AbstractProblemLoader Loading environment from /home/runner/work/key/key/key.core/../key.ui/examples/standard_key/strings/substring0.key.proof 
123759     DEBUG main            d.u.i.k.p.i.AbstractProblemLoader Environment load took 109.9ns 
123761     INFO  main            d.u.i.k.p.i.AbstractProblemLoader Creating init config 
126023     DEBUG main            d.u.i.k.p.i.AbstractProblemLoader Init config took 2.26s 
126037     INFO  main            d.u.i.k.p.i.AbstractProblemLoader Replaying proof substring0.key.proof 
126039     DEBUG main            d.u.i.k.p.i.IntermediateProofReplayer Proof replay took 425.61ns 
126040     DEBUG main            d.u.i.k.p.r.p.TestFile    ... success: reloaded. 
126041     INFO  main            d.u.i.k.p.r.p.TestFile    Now processing file /home/runner/work/key/key/key.core/../key.ui/examples/standard_key/strings/substring1.key 
126041     INFO  main            d.u.i.k.p.i.AbstractProblemLoader Loading environment from /home/runner/work/key/key/key.core/../key.ui/examples/standard_key/strings/substring1.key 
126041     DEBUG main            d.u.i.k.p.i.AbstractProblemLoader Environment load took 162.3ns 
126042     INFO  main            d.u.i.k.p.i.AbstractProblemLoader Creating init config 
128349     DEBUG main            d.u.i.k.p.i.AbstractProblemLoader Init config took 2.31s 
128362     INFO  main            d.u.i.k.p.i.AbstractProblemLoader Replaying proof substring1.key 
128363     DEBUG main            d.u.i.k.p.i.IntermediateProofReplayer Proof replay took 7.4ns 
128465     INFO  main            d.u.i.k.p.r.p.TestFile    ... finished proof: closed. 
128708     INFO  main            d.u.i.k.p.i.AbstractProblemLoader Loading environment from /home/runner/work/key/key/key.core/../key.ui/examples/standard_key/strings/substring1.key.proof 
128708     DEBUG main            d.u.i.k.p.i.AbstractProblemLoader Environment load took 104.7ns 
128709     INFO  main            d.u.i.k.p.i.AbstractProblemLoader Creating init config 
130981     DEBUG main            d.u.i.k.p.i.AbstractProblemLoader Init config took 2.27s 
130994     INFO  main            d.u.i.k.p.i.AbstractProblemLoader Replaying proof substring1.key.proof 
130996     DEBUG main            d.u.i.k.p.i.IntermediateProofReplayer Proof replay took 452.81ns 
130997     DEBUG main            d.u.i.k.p.r.p.TestFile    ... success: reloaded. 
130997     INFO  main            d.u.i.k.p.r.p.TestFile    Now processing file /home/runner/work/key/key/key.core/../key.ui/examples/standard_key/strings/substring2.key 
130997     INFO  main            d.u.i.k.p.i.AbstractProblemLoader Loading environment from /home/runner/work/key/key/key.core/../key.ui/examples/standard_key/strings/substring2.key 
130997     DEBUG main            d.u.i.k.p.i.AbstractProblemLoader Environment load took 56.1ns 
130998     INFO  main            d.u.i.k.p.i.AbstractProblemLoader Creating init config 
133295     DEBUG main            d.u.i.k.p.i.AbstractProblemLoader Init config took 2.3s 
133309     INFO  main            d.u.i.k.p.i.AbstractProblemLoader Replaying proof substring2.key 
133310     DEBUG main            d.u.i.k.p.i.IntermediateProofReplayer Proof replay took 6.9ns 
133413     INFO  main            d.u.i.k.p.r.p.TestFile    ... finished proof: closed. 
133658     INFO  main            d.u.i.k.p.i.AbstractProblemLoader Loading environment from /home/runner/work/key/key/key.core/../key.ui/examples/standard_key/strings/substring2.key.proof 
133658     DEBUG main            d.u.i.k.p.i.AbstractProblemLoader Environment load took 121ns 
133659     INFO  main            d.u.i.k.p.i.AbstractProblemLoader Creating init config 
135919     DEBUG main            d.u.i.k.p.i.AbstractProblemLoader Init config took 2.26s 
135932     INFO  main            d.u.i.k.p.i.AbstractProblemLoader Replaying proof substring2.key.proof 
135934     DEBUG main            d.u.i.k.p.i.IntermediateProofReplayer Proof replay took 615.91ns 
135934     DEBUG main            d.u.i.k.p.r.p.TestFile    ... success: reloaded. 
135935     INFO  main            d.u.i.k.p.r.p.TestFile    Now processing file /home/runner/work/key/key/key.core/../key.ui/examples/standard_key/strings/substring3.key 
135935     INFO  main            d.u.i.k.p.i.AbstractProblemLoader Loading environment from /home/runner/work/key/key/key.core/../key.ui/examples/standard_key/strings/substring3.key 
135935     DEBUG main            d.u.i.k.p.i.AbstractProblemLoader Environment load took 68.5ns 
135936     INFO  main            d.u.i.k.p.i.AbstractProblemLoader Creating init config 
138292     DEBUG main            d.u.i.k.p.i.AbstractProblemLoader Init config took 2.36s 
138305     INFO  main            d.u.i.k.p.i.AbstractProblemLoader Replaying proof substring3.key 
138307     DEBUG main            d.u.i.k.p.i.IntermediateProofReplayer Proof replay took 18.2ns 
138408     INFO  main            d.u.i.k.p.r.p.TestFile    ... finished proof: closed. 
138679     INFO  main            d.u.i.k.p.i.AbstractProblemLoader Loading environment from /home/runner/work/key/key/key.core/../key.ui/examples/standard_key/strings/substring3.key.proof 
138679     DEBUG main            d.u.i.k.p.i.AbstractProblemLoader Environment load took 113ns 
138681     INFO  main            d.u.i.k.p.i.AbstractProblemLoader Creating init config 
140952     DEBUG main            d.u.i.k.p.i.AbstractProblemLoader Init config took 2.27s 
140965     INFO  main            d.u.i.k.p.i.AbstractProblemLoader Replaying proof substring3.key.proof 
140968     DEBUG main            d.u.i.k.p.i.IntermediateProofReplayer Proof replay took 1.61ms 
140969     DEBUG main            d.u.i.k.p.r.p.TestFile    ... success: reloaded. 
140970     INFO  main            d.u.i.k.p.r.p.TestFile    Now processing file /home/runner/work/key/key/key.core/../key.ui/examples/standard_key/strings/substring4.key 
140970     INFO  main            d.u.i.k.p.i.AbstractProblemLoader Loading environment from /home/runner/work/key/key/key.core/../key.ui/examples/standard_key/strings/substring4.key 
140970     DEBUG main            d.u.i.k.p.i.AbstractProblemLoader Environment load took 280.61ns 
140971     INFO  main            d.u.i.k.p.i.AbstractProblemLoader Creating init config 
143263     DEBUG main            d.u.i.k.p.i.AbstractProblemLoader Init config took 2.29s 
143276     INFO  main            d.u.i.k.p.i.AbstractProblemLoader Replaying proof substring4.key 
143277     DEBUG main            d.u.i.k.p.i.IntermediateProofReplayer Proof replay took 6.6ns 
143378     INFO  main            d.u.i.k.p.r.p.TestFile    ... finished proof: closed. 
143641     INFO  main            d.u.i.k.p.i.AbstractProblemLoader Loading environment from /home/runner/work/key/key/key.core/../key.ui/examples/standard_key/strings/substring4.key.proof 
143641     DEBUG main            d.u.i.k.p.i.AbstractProblemLoader Environment load took 109.6ns 
143643     INFO  main            d.u.i.k.p.i.AbstractProblemLoader Creating init config 
145901     DEBUG main            d.u.i.k.p.i.AbstractProblemLoader Init config took 2.26s 
145914     INFO  main            d.u.i.k.p.i.AbstractProblemLoader Replaying proof substring4.key.proof 
145918     DEBUG main            d.u.i.k.p.i.IntermediateProofReplayer Proof replay took 2.04ms 
145919     DEBUG main            d.u.i.k.p.r.p.TestFile    ... success: reloaded. 
145919     INFO  main            d.u.i.k.p.r.p.TestFile    Now processing file /home/runner/work/key/key/key.core/../key.ui/examples/standard_key/strings/substring5.key 
145919     INFO  main            d.u.i.k.p.i.AbstractProblemLoader Loading environment from /home/runner/work/key/key/key.core/../key.ui/examples/standard_key/strings/substring5.key 
145920     DEBUG main            d.u.i.k.p.i.AbstractProblemLoader Environment load took 65.3ns 
145920     INFO  main            d.u.i.k.p.i.AbstractProblemLoader Creating init config 
148247     DEBUG main            d.u.i.k.p.i.AbstractProblemLoader Init config took 2.33s 
148262     INFO  main            d.u.i.k.p.i.AbstractProblemLoader Replaying proof substring5.key 
148263     DEBUG main            d.u.i.k.p.i.IntermediateProofReplayer Proof replay took 7.3ns 
148466     INFO  main            d.u.i.k.p.r.p.TestFile    ... finished proof: closed. 
148790     INFO  main            d.u.i.k.p.i.AbstractProblemLoader Loading environment from /home/runner/work/key/key/key.core/../key.ui/examples/standard_key/strings/substring5.key.proof 
148790     DEBUG main            d.u.i.k.p.i.AbstractProblemLoader Environment load took 108ns 
148791     INFO  main            d.u.i.k.p.i.AbstractProblemLoader Creating init config 
151050     DEBUG main            d.u.i.k.p.i.AbstractProblemLoader Init config took 2.26s 
151063     INFO  main            d.u.i.k.p.i.AbstractProblemLoader Replaying proof substring5.key.proof 
151079     DEBUG main            d.u.i.k.p.i.IntermediateProofReplayer Proof replay took 11.95ms 
151080     DEBUG main            d.u.i.k.p.r.p.TestFile    ... success: reloaded. 
3887610    INFO  Test worker     d.u.i.k.p.r.RunAllProofsTestUnit Returning from test strings 
3887611    INFO  Test worker     d.u.i.k.p.r.RunAllProofsTestUnit Running test simple_info_flow 
396        INFO  Timeout watchdog d.u.i.k.p.r.p.ForkedTestFileRunner Timeout watcher launched (2000 secs.) 
414        WARN  main            d.u.i.k.s.ProofSettings   The settings in /home/runner/.key/proof-settings.props are *not* read. 
457        INFO  main            d.u.i.k.p.r.p.TestFile    Now processing file /home/runner/work/key/key/key.core/../key.ui/examples/heap/information_flow/UpdateAbstraction_ex7_1_insecure.key 
572        INFO  main            d.u.i.k.p.i.AbstractProblemLoader Loading environment from /home/runner/work/key/key/key.core/../key.ui/examples/heap/information_flow/UpdateAbstraction_ex7_1_insecure.key 
588        DEBUG main            d.u.i.k.p.i.AbstractProblemLoader Environment load took 2.06ms 
801        INFO  main            d.u.i.k.p.i.AbstractProblemLoader Creating init config 
1863       DEBUG main            d.u.i.k.j.TypeConverter   No LDT found for Meta 
1864       DEBUG main            d.u.i.k.j.TypeConverter   No LDT found for Meta 
1866       DEBUG main            d.u.i.k.j.TypeConverter   No LDT found for Meta 
1866       DEBUG main            d.u.i.k.j.TypeConverter   No LDT found for Meta 
3384       DEBUG main            d.u.i.k.j.TypeConverter   No LDT found for JavaBigintExpression 
8728       DEBUG main            d.u.i.k.p.i.AbstractProblemLoader Init config took 7.93s 
8862       INFO  main            d.u.i.k.p.i.AbstractProblemLoader Replaying proof UpdateAbstraction[UpdateAbstraction::ex7_1_insecure()].JML operation contract.0 
8895       DEBUG main            d.u.i.k.p.i.IntermediateProofReplayer Proof replay took 33.4ns 
9533       INFO  main            d.u.i.k.p.r.p.TestFile    ... finished proof: open goal(s) 
9650       INFO  main            d.u.i.k.p.r.p.TestFile    Now processing file /home/runner/work/key/key/key.core/../key.ui/examples/heap/information_flow/UpdateAbstraction_ex7_2_insecure.key 
9653       INFO  main            d.u.i.k.p.i.AbstractProblemLoader Loading environment from /home/runner/work/key/key/key.core/../key.ui/examples/heap/information_flow/UpdateAbstraction_ex7_2_insecure.key 
9654       DEBUG main            d.u.i.k.p.i.AbstractProblemLoader Environment load took 331.21ns 
9656       INFO  main            d.u.i.k.p.i.AbstractProblemLoader Creating init config 
12643      DEBUG main            d.u.i.k.p.i.AbstractProblemLoader Init config took 2.99s 
12723      INFO  main            d.u.i.k.p.i.AbstractProblemLoader Replaying proof UpdateAbstraction[UpdateAbstraction::ex7_2_insecure()].JML operation contract.0 
12726      DEBUG main            d.u.i.k.p.i.IntermediateProofReplayer Proof replay took 7.3ns 
13233      INFO  main            d.u.i.k.p.r.p.TestFile    ... finished proof: open goal(s) 
3901146    INFO  Test worker     d.u.i.k.p.r.RunAllProofsTestUnit Returning from test simple_info_flow 
3901146    INFO  Test worker     d.u.i.k.p.r.RunAllProofsTestUnit Running test modelMethods 
372        INFO  Timeout watchdog d.u.i.k.p.r.p.ForkedTestFileRunner Timeout watcher launched (2000 secs.) 
388        WARN  main            d.u.i.k.s.ProofSettings   The settings in /home/runner/.key/proof-settings.props are *not* read. 
438        INFO  main            d.u.i.k.p.r.p.TestFile    Now processing file /home/runner/work/key/key/key.core/../key.ui/examples/heap/model_methods/Cell_footprint_acc.key 
564        INFO  main            d.u.i.k.p.i.AbstractProblemLoader Loading environment from /home/runner/work/key/key/key.core/../key.ui/examples/heap/model_methods/Cell_footprint_acc.key 
581        DEBUG main            d.u.i.k.p.i.AbstractProblemLoader Environment load took 2.16ms 
799        INFO  main            d.u.i.k.p.i.AbstractProblemLoader Creating init config 
1670       DEBUG main            d.u.i.k.j.TypeConverter   No LDT found for Meta 
1670       DEBUG main            d.u.i.k.j.TypeConverter   No LDT found for Meta 
1672       DEBUG main            d.u.i.k.j.TypeConverter   No LDT found for Meta 
1672       DEBUG main            d.u.i.k.j.TypeConverter   No LDT found for Meta 
2972       DEBUG main            d.u.i.k.j.TypeConverter   No LDT found for JavaBigintExpression 
8321       DEBUG main            d.u.i.k.p.i.AbstractProblemLoader Init config took 7.52s 
8480       INFO  main            d.u.i.k.p.i.AbstractProblemLoader Replaying proof Cell[Cell::footprint()].JML accessible clause.0 
8516       DEBUG main            d.u.i.k.p.i.IntermediateProofReplayer Proof replay took 35.4ns 
8953       INFO  main            d.u.i.k.p.r.p.TestFile    ... finished proof: closed. 
9067       INFO  main            d.u.i.k.p.i.AbstractProblemLoader Loading environment from /home/runner/work/key/key/key.core/../key.ui/examples/heap/model_methods/Cell_footprint_acc.key.proof 
9068       DEBUG main            d.u.i.k.p.i.AbstractProblemLoader Environment load took 156.7ns 
9072       INFO  main            d.u.i.k.p.i.AbstractProblemLoader Creating init config 
12173      DEBUG main            d.u.i.k.p.i.AbstractProblemLoader Init config took 3.1s 
12242      INFO  main            d.u.i.k.p.i.AbstractProblemLoader Replaying proof Cell[Cell::footprint()].JML accessible clause.0 
12262      DEBUG main            d.u.i.k.p.i.IntermediateProofReplayer Proof replay took 15.24ms 
12269      DEBUG main            d.u.i.k.p.r.p.TestFile    ... success: reloaded. 
12271      INFO  main            d.u.i.k.p.r.p.TestFile    Now processing file /home/runner/work/key/key/key.core/../key.ui/examples/heap/model_methods/Cell_footprint.key 
12271      INFO  main            d.u.i.k.p.i.AbstractProblemLoader Loading environment from /home/runner/work/key/key/key.core/../key.ui/examples/heap/model_methods/Cell_footprint.key 
12271      DEBUG main            d.u.i.k.p.i.AbstractProblemLoader Environment load took 221.7ns 
12273      INFO  main            d.u.i.k.p.i.AbstractProblemLoader Creating init config 
15081      DEBUG main            d.u.i.k.p.i.AbstractProblemLoader Init config took 2.81s 
15177      INFO  main            d.u.i.k.p.i.AbstractProblemLoader Replaying proof Cell[Cell::footprint()].JML model_behavior operation contract.0 
15181      DEBUG main            d.u.i.k.p.i.IntermediateProofReplayer Proof replay took 6.8ns 
15286      INFO  main            d.u.i.k.p.r.p.TestFile    ... finished proof: closed. 
15415      INFO  main            d.u.i.k.p.i.AbstractProblemLoader Loading environment from /home/runner/work/key/key/key.core/../key.ui/examples/heap/model_methods/Cell_footprint.key.proof 
15416      DEBUG main            d.u.i.k.p.i.AbstractProblemLoader Environment load took 134.9ns 
15417      INFO  main            d.u.i.k.p.i.AbstractProblemLoader Creating init config 
18249      DEBUG main            d.u.i.k.p.i.AbstractProblemLoader Init config took 2.83s 
18315      INFO  main            d.u.i.k.p.i.AbstractProblemLoader Replaying proof Cell[Cell::footprint()].JML model_behavior operation contract.0 
18324      DEBUG main            d.u.i.k.p.i.IntermediateProofReplayer Proof replay took 6.53ms 
18325      DEBUG main            d.u.i.k.p.r.p.TestFile    ... success: reloaded. 
18327      INFO  main            d.u.i.k.p.r.p.TestFile    Now processing file /home/runner/work/key/key/key.core/../key.ui/examples/heap/model_methods/Cell_get_acc.key 
18327      INFO  main            d.u.i.k.p.i.AbstractProblemLoader Loading environment from /home/runner/work/key/key/key.core/../key.ui/examples/heap/model_methods/Cell_get_acc.key 
18327      DEBUG main            d.u.i.k.p.i.AbstractProblemLoader Environment load took 184ns 
18329      INFO  main            d.u.i.k.p.i.AbstractProblemLoader Creating init config 
21103      DEBUG main            d.u.i.k.p.i.AbstractProblemLoader Init config took 2.77s 
21156      INFO  main            d.u.i.k.p.i.AbstractProblemLoader Replaying proof Cell[Cell::get()].JML accessible clause.0 
21158      DEBUG main            d.u.i.k.p.i.IntermediateProofReplayer Proof replay took 7.5ns 
21369      INFO  main            d.u.i.k.p.r.p.TestFile    ... finished proof: closed. 
21530      INFO  main            d.u.i.k.p.i.AbstractProblemLoader Loading environment from /home/runner/work/key/key/key.core/../key.ui/examples/heap/model_methods/Cell_get_acc.key.proof 
21532      DEBUG main            d.u.i.k.p.i.AbstractProblemLoader Environment load took 2.16ms 
21533      INFO  main            d.u.i.k.p.i.AbstractProblemLoader Creating init config 
24253      DEBUG main            d.u.i.k.p.i.AbstractProblemLoader Init config took 2.72s 
24303      INFO  main            d.u.i.k.p.i.AbstractProblemLoader Replaying proof Cell[Cell::get()].JML accessible clause.0 
24336      DEBUG main            d.u.i.k.p.i.IntermediateProofReplayer Proof replay took 30.67ms 
24337      DEBUG main            d.u.i.k.p.r.p.TestFile    ... success: reloaded. 
24339      INFO  main            d.u.i.k.p.r.p.TestFile    Now processing file /home/runner/work/key/key/key.core/../key.ui/examples/heap/model_methods/Cell_get.key 
24339      INFO  main            d.u.i.k.p.i.AbstractProblemLoader Loading environment from /home/runner/work/key/key/key.core/../key.ui/examples/heap/model_methods/Cell_get.key 
24339      DEBUG main            d.u.i.k.p.i.AbstractProblemLoader Environment load took 205.1ns 
24340      INFO  main            d.u.i.k.p.i.AbstractProblemLoader Creating init config 
27054      DEBUG main            d.u.i.k.p.i.AbstractProblemLoader Init config took 2.71s 
27103      INFO  main            d.u.i.k.p.i.AbstractProblemLoader Replaying proof Cell[Cell::get()].JML operation contract.0 
27105      DEBUG main            d.u.i.k.p.i.IntermediateProofReplayer Proof replay took 6.5ns 
27207      INFO  main            d.u.i.k.p.r.p.TestFile    ... finished proof: closed. 
27355      INFO  main            d.u.i.k.p.i.AbstractProblemLoader Loading environment from /home/runner/work/key/key/key.core/../key.ui/examples/heap/model_methods/Cell_get.key.proof 
27355      DEBUG main            d.u.i.k.p.i.AbstractProblemLoader Environment load took 131.1ns 
27356      INFO  main            d.u.i.k.p.i.AbstractProblemLoader Creating init config 
30056      DEBUG main            d.u.i.k.p.i.AbstractProblemLoader Init config took 2.7s 
30104      INFO  main            d.u.i.k.p.i.AbstractProblemLoader Replaying proof Cell[Cell::get()].JML operation contract.0 
30120      DEBUG main            d.u.i.k.p.i.IntermediateProofReplayer Proof replay took 14ms 
30121      DEBUG main            d.u.i.k.p.r.p.TestFile    ... success: reloaded. 
30122      INFO  main            d.u.i.k.p.r.p.TestFile    Now processing file /home/runner/work/key/key/key.core/../key.ui/examples/heap/model_methods/Cell_post_set.key 
30122      INFO  main            d.u.i.k.p.i.AbstractProblemLoader Loading environment from /home/runner/work/key/key/key.core/../key.ui/examples/heap/model_methods/Cell_post_set.key 
30123      DEBUG main            d.u.i.k.p.i.AbstractProblemLoader Environment load took 111.8ns 
30124      INFO  main            d.u.i.k.p.i.AbstractProblemLoader Creating init config 
32835      DEBUG main            d.u.i.k.p.i.AbstractProblemLoader Init config took 2.71s 
32886      INFO  main            d.u.i.k.p.i.AbstractProblemLoader Replaying proof Cell[Cell::post_set(int)].JML model_behavior operation contract.0 
32889      DEBUG main            d.u.i.k.p.i.IntermediateProofReplayer Proof replay took 6.4ns 
32991      INFO  main            d.u.i.k.p.r.p.TestFile    ... finished proof: closed. 
33138      INFO  main            d.u.i.k.p.i.AbstractProblemLoader Loading environment from /home/runner/work/key/key/key.core/../key.ui/examples/heap/model_methods/Cell_post_set.key.proof 
33138      DEBUG main            d.u.i.k.p.i.AbstractProblemLoader Environment load took 135.5ns 
33139      INFO  main            d.u.i.k.p.i.AbstractProblemLoader Creating init config 
35809      DEBUG main            d.u.i.k.p.i.AbstractProblemLoader Init config took 2.67s 
35856      INFO  main            d.u.i.k.p.i.AbstractProblemLoader Replaying proof Cell[Cell::post_set(int)].JML model_behavior operation contract.0 
35862      DEBUG main            d.u.i.k.p.i.IntermediateProofReplayer Proof replay took 4.59ms 
35863      DEBUG main            d.u.i.k.p.r.p.TestFile    ... success: reloaded. 
35865      INFO  main            d.u.i.k.p.r.p.TestFile    Now processing file /home/runner/work/key/key/key.core/../key.ui/examples/heap/model_methods/Cell_set.key 
35865      INFO  main            d.u.i.k.p.i.AbstractProblemLoader Loading environment from /home/runner/work/key/key/key.core/../key.ui/examples/heap/model_methods/Cell_set.key 
35865      DEBUG main            d.u.i.k.p.i.AbstractProblemLoader Environment load took 192.2ns 
35866      INFO  main            d.u.i.k.p.i.AbstractProblemLoader Creating init config 
38596      DEBUG main            d.u.i.k.p.i.AbstractProblemLoader Init config took 2.73s 
38643      INFO  main            d.u.i.k.p.i.AbstractProblemLoader Replaying proof Cell[Cell::set(int)].JML operation contract.0 
38645      DEBUG main            d.u.i.k.p.i.IntermediateProofReplayer Proof replay took 7ns 
44880      INFO  main            d.u.i.k.p.r.p.TestFile    ... finished proof: closed. 
45083      INFO  main            d.u.i.k.p.i.AbstractProblemLoader Loading environment from /home/runner/work/key/key/key.core/../key.ui/examples/heap/model_methods/Cell_set.key.proof 
45087      DEBUG main            d.u.i.k.p.i.AbstractProblemLoader Environment load took 4.09ms 
45089      INFO  main            d.u.i.k.p.i.AbstractProblemLoader Creating init config 
47724      DEBUG main            d.u.i.k.p.i.AbstractProblemLoader Init config took 2.63s 
47780      INFO  main            d.u.i.k.p.i.AbstractProblemLoader Replaying proof Cell[Cell::set(int)].JML operation contract.0 
48352      DEBUG main            d.u.i.k.p.i.IntermediateProofReplayer Proof replay took 551.07ms 
48354      DEBUG main            d.u.i.k.p.r.p.TestFile    ... success: reloaded. 
48355      INFO  main            d.u.i.k.p.r.p.TestFile    Now processing file /home/runner/work/key/key/key.core/../key.ui/examples/heap/model_methods/CellTest_callSet.key 
48355      INFO  main            d.u.i.k.p.i.AbstractProblemLoader Loading environment from /home/runner/work/key/key/key.core/../key.ui/examples/heap/model_methods/CellTest_callSet.key 
48356      DEBUG main            d.u.i.k.p.i.AbstractProblemLoader Environment load took 186.6ns 
48357      INFO  main            d.u.i.k.p.i.AbstractProblemLoader Creating init config 
51056      DEBUG main            d.u.i.k.p.i.AbstractProblemLoader Init config took 2.7s 
51100      INFO  main            d.u.i.k.p.i.AbstractProblemLoader Replaying proof CellTest[CellTest::callSet(Cell,int)].JML operation contract.0 
51102      DEBUG main            d.u.i.k.p.i.IntermediateProofReplayer Proof replay took 6.8ns 
51305      INFO  main            d.u.i.k.p.r.p.TestFile    ... finished proof: closed. 
51467      INFO  main            d.u.i.k.p.i.AbstractProblemLoader Loading environment from /home/runner/work/key/key/key.core/../key.ui/examples/heap/model_methods/CellTest_callSet.key.proof 
51468      DEBUG main            d.u.i.k.p.i.AbstractProblemLoader Environment load took 120.9ns 
51469      INFO  main            d.u.i.k.p.i.AbstractProblemLoader Creating init config 
54096      DEBUG main            d.u.i.k.p.i.AbstractProblemLoader Init config took 2.63s 
54155      INFO  main            d.u.i.k.p.i.AbstractProblemLoader Replaying proof CellTest[CellTest::callSet(Cell,int)].JML operation contract.0 
54194      DEBUG main            d.u.i.k.p.i.IntermediateProofReplayer Proof replay took 36.74ms 
54195      DEBUG main            d.u.i.k.p.r.p.TestFile    ... success: reloaded. 
54196      INFO  main            d.u.i.k.p.r.p.TestFile    Now processing file /home/runner/work/key/key/key.core/../key.ui/examples/heap/model_methods/CellTest_test2.key 
54196      INFO  main            d.u.i.k.p.i.AbstractProblemLoader Loading environment from /home/runner/work/key/key/key.core/../key.ui/examples/heap/model_methods/CellTest_test2.key 
54196      DEBUG main            d.u.i.k.p.i.AbstractProblemLoader Environment load took 101.5ns 
54197      INFO  main            d.u.i.k.p.i.AbstractProblemLoader Creating init config 
56865      DEBUG main            d.u.i.k.p.i.AbstractProblemLoader Init config took 2.67s 
56909      INFO  main            d.u.i.k.p.i.AbstractProblemLoader Replaying proof CellTest[CellTest::test2(Cell)].JML operation contract.0 
56911      DEBUG main            d.u.i.k.p.i.IntermediateProofReplayer Proof replay took 6.7ns 
57214      INFO  main            d.u.i.k.p.r.p.TestFile    ... finished proof: closed. 
57401      INFO  main            d.u.i.k.p.i.AbstractProblemLoader Loading environment from /home/runner/work/key/key/key.core/../key.ui/examples/heap/model_methods/CellTest_test2.key.proof 
57401      DEBUG main            d.u.i.k.p.i.AbstractProblemLoader Environment load took 365.31ns 
57402      INFO  main            d.u.i.k.p.i.AbstractProblemLoader Creating init config 
60027      DEBUG main            d.u.i.k.p.i.AbstractProblemLoader Init config took 2.62s 
60074      INFO  main            d.u.i.k.p.i.AbstractProblemLoader Replaying proof CellTest[CellTest::test2(Cell)].JML operation contract.0 
60140      DEBUG main            d.u.i.k.p.i.IntermediateProofReplayer Proof replay took 63.29ms 
60141      DEBUG main            d.u.i.k.p.r.p.TestFile    ... success: reloaded. 
60142      INFO  main            d.u.i.k.p.r.p.TestFile    Now processing file /home/runner/work/key/key/key.core/../key.ui/examples/heap/model_methods/CellTest_test.key 
60142      INFO  main            d.u.i.k.p.i.AbstractProblemLoader Loading environment from /home/runner/work/key/key/key.core/../key.ui/examples/heap/model_methods/CellTest_test.key 
60142      DEBUG main            d.u.i.k.p.i.AbstractProblemLoader Environment load took 142.8ns 
60143      INFO  main            d.u.i.k.p.i.AbstractProblemLoader Creating init config 
62835      DEBUG main            d.u.i.k.p.i.AbstractProblemLoader Init config took 2.69s 
62877      INFO  main            d.u.i.k.p.i.AbstractProblemLoader Replaying proof CellTest[CellTest::test(Recell)].JML operation contract.0 
62878      DEBUG main            d.u.i.k.p.i.IntermediateProofReplayer Proof replay took 6.8ns 
64616      INFO  main            d.u.i.k.p.r.p.TestFile    ... finished proof: closed. 
64830      INFO  main            d.u.i.k.p.i.AbstractProblemLoader Loading environment from /home/runner/work/key/key/key.core/../key.ui/examples/heap/model_methods/CellTest_test.key.proof 
64831      DEBUG main            d.u.i.k.p.i.AbstractProblemLoader Environment load took 368.01ns 
64832      INFO  main            d.u.i.k.p.i.AbstractProblemLoader Creating init config 
67430      DEBUG main            d.u.i.k.p.i.AbstractProblemLoader Init config took 2.6s 
67470      INFO  main            d.u.i.k.p.i.AbstractProblemLoader Replaying proof CellTest[CellTest::test(Recell)].JML operation contract.0 
67846      DEBUG main            d.u.i.k.p.i.IntermediateProofReplayer Proof replay took 362.63ms 
67847      DEBUG main            d.u.i.k.p.r.p.TestFile    ... success: reloaded. 
67849      INFO  main            d.u.i.k.p.r.p.TestFile    Now processing file /home/runner/work/key/key/key.core/../key.ui/examples/heap/model_methods/Coll1_add.key 
67849      INFO  main            d.u.i.k.p.i.AbstractProblemLoader Loading environment from /home/runner/work/key/key/key.core/../key.ui/examples/heap/model_methods/Coll1_add.key 
67849      DEBUG main            d.u.i.k.p.i.AbstractProblemLoader Environment load took 196ns 
67850      INFO  main            d.u.i.k.p.i.AbstractProblemLoader Creating init config 
70480      DEBUG main            d.u.i.k.p.i.AbstractProblemLoader Init config took 2.63s 
70520      INFO  main            d.u.i.k.p.i.AbstractProblemLoader Replaying proof Coll1[Coll::add(int)].JML operation contract.0 
70522      DEBUG main            d.u.i.k.p.i.IntermediateProofReplayer Proof replay took 6.1ns 
70623      INFO  main            d.u.i.k.p.r.p.TestFile    ... finished proof: closed. 
70813      INFO  main            d.u.i.k.p.i.AbstractProblemLoader Loading environment from /home/runner/work/key/key/key.core/../key.ui/examples/heap/model_methods/Coll1_add.key.proof 
70814      DEBUG main            d.u.i.k.p.i.AbstractProblemLoader Environment load took 125.7ns 
70815      INFO  main            d.u.i.k.p.i.AbstractProblemLoader Creating init config 
73442      DEBUG main            d.u.i.k.p.i.AbstractProblemLoader Init config took 2.63s 
73482      INFO  main            d.u.i.k.p.i.AbstractProblemLoader Replaying proof Coll1[Coll::add(int)].JML operation contract.0 
73491      DEBUG main            d.u.i.k.p.i.IntermediateProofReplayer Proof replay took 6.46ms 
73492      DEBUG main            d.u.i.k.p.r.p.TestFile    ... success: reloaded. 
73493      INFO  main            d.u.i.k.p.r.p.TestFile    Now processing file /home/runner/work/key/key/key.core/../key.ui/examples/heap/model_methods/Coll1_Coll1_add_pre.key 
73493      INFO  main            d.u.i.k.p.i.AbstractProblemLoader Loading environment from /home/runner/work/key/key/key.core/../key.ui/examples/heap/model_methods/Coll1_Coll1_add_pre.key 
73493      DEBUG main            d.u.i.k.p.i.AbstractProblemLoader Environment load took 91.6ns 
73494      INFO  main            d.u.i.k.p.i.AbstractProblemLoader Creating init config 
76151      DEBUG main            d.u.i.k.p.i.AbstractProblemLoader Init config took 2.66s 
76193      INFO  main            d.u.i.k.p.i.AbstractProblemLoader Replaying proof Coll1[Coll1::add_pre(int)].JML model_behavior operation contract.0 
76196      DEBUG main            d.u.i.k.p.i.IntermediateProofReplayer Proof replay took 7.5ns 
76298      INFO  main            d.u.i.k.p.r.p.TestFile    ... finished proof: closed. 
76529      INFO  main            d.u.i.k.p.i.AbstractProblemLoader Loading environment from /home/runner/work/key/key/key.core/../key.ui/examples/heap/model_methods/Coll1_Coll1_add_pre.key.proof 
76529      DEBUG main            d.u.i.k.p.i.AbstractProblemLoader Environment load took 130.3ns 
76530      INFO  main            d.u.i.k.p.i.AbstractProblemLoader Creating init config 
79131      DEBUG main            d.u.i.k.p.i.AbstractProblemLoader Init config took 2.6s 
79172      INFO  main            d.u.i.k.p.i.AbstractProblemLoader Replaying proof Coll1[Coll1::add_pre(int)].JML model_behavior operation contract.0 
79175      DEBUG main            d.u.i.k.p.i.IntermediateProofReplayer Proof replay took 1.39ms 
79176      DEBUG main            d.u.i.k.p.r.p.TestFile    ... success: reloaded. 
79177      INFO  main            d.u.i.k.p.r.p.TestFile    Now processing file /home/runner/work/key/key/key.core/../key.ui/examples/heap/model_methods/Coll1_Coll_add_pre.key 
79177      INFO  main            d.u.i.k.p.i.AbstractProblemLoader Loading environment from /home/runner/work/key/key/key.core/../key.ui/examples/heap/model_methods/Coll1_Coll_add_pre.key 
79177      DEBUG main            d.u.i.k.p.i.AbstractProblemLoader Environment load took 129ns 
79178      INFO  main            d.u.i.k.p.i.AbstractProblemLoader Creating init config 
81835      DEBUG main            d.u.i.k.p.i.AbstractProblemLoader Init config took 2.66s 
81874      INFO  main            d.u.i.k.p.i.AbstractProblemLoader Replaying proof Coll1[Coll::add_pre(int)].JML model_behavior operation contract.0 
81876      DEBUG main            d.u.i.k.p.i.IntermediateProofReplayer Proof replay took 7ns 
81981      INFO  main            d.u.i.k.p.r.p.TestFile    ... finished proof: closed. 
82179      INFO  main            d.u.i.k.p.i.AbstractProblemLoader Loading environment from /home/runner/work/key/key/key.core/../key.ui/examples/heap/model_methods/Coll1_Coll_add_pre.key.proof 
82179      DEBUG main            d.u.i.k.p.i.AbstractProblemLoader Environment load took 125ns 
82180      INFO  main            d.u.i.k.p.i.AbstractProblemLoader Creating init config 
84765      DEBUG main            d.u.i.k.p.i.AbstractProblemLoader Init config took 2.59s 
84803      INFO  main            d.u.i.k.p.i.AbstractProblemLoader Replaying proof Coll1[Coll::add_pre(int)].JML model_behavior operation contract.0 
84807      DEBUG main            d.u.i.k.p.i.IntermediateProofReplayer Proof replay took 1.99ms 
84808      DEBUG main            d.u.i.k.p.r.p.TestFile    ... success: reloaded. 
84808      INFO  main            d.u.i.k.p.r.p.TestFile    Now processing file /home/runner/work/key/key/key.core/../key.ui/examples/heap/model_methods/Coll2_add.key 
84809      INFO  main            d.u.i.k.p.i.AbstractProblemLoader Loading environment from /home/runner/work/key/key/key.core/../key.ui/examples/heap/model_methods/Coll2_add.key 
84809      DEBUG main            d.u.i.k.p.i.AbstractProblemLoader Environment load took 78.1ns 
84810      INFO  main            d.u.i.k.p.i.AbstractProblemLoader Creating init config 
87456      DEBUG main            d.u.i.k.p.i.AbstractProblemLoader Init config took 2.65s 
87495      INFO  main            d.u.i.k.p.i.AbstractProblemLoader Replaying proof Coll2[Coll::add(int)].JML operation contract.0 
87497      DEBUG main            d.u.i.k.p.i.IntermediateProofReplayer Proof replay took 6.5ns 
87599      INFO  main            d.u.i.k.p.r.p.TestFile    ... finished proof: closed. 
87803      INFO  main            d.u.i.k.p.i.AbstractProblemLoader Loading environment from /home/runner/work/key/key/key.core/../key.ui/examples/heap/model_methods/Coll2_add.key.proof 
87803      DEBUG main            d.u.i.k.p.i.AbstractProblemLoader Environment load took 118ns 
87804      INFO  main            d.u.i.k.p.i.AbstractProblemLoader Creating init config 
90374      DEBUG main            d.u.i.k.p.i.AbstractProblemLoader Init config took 2.57s 
90412      INFO  main            d.u.i.k.p.i.AbstractProblemLoader Replaying proof Coll2[Coll::add(int)].JML operation contract.0 
90420      DEBUG main            d.u.i.k.p.i.IntermediateProofReplayer Proof replay took 5.92ms 
90421      DEBUG main            d.u.i.k.p.r.p.TestFile    ... success: reloaded. 
90422      INFO  main            d.u.i.k.p.r.p.TestFile    Now processing file /home/runner/work/key/key/key.core/../key.ui/examples/heap/model_methods/Coll2_Coll2_add_pre.key 
90422      INFO  main            d.u.i.k.p.i.AbstractProblemLoader Loading environment from /home/runner/work/key/key/key.core/../key.ui/examples/heap/model_methods/Coll2_Coll2_add_pre.key 
90422      DEBUG main            d.u.i.k.p.i.AbstractProblemLoader Environment load took 169.6ns 
90423      INFO  main            d.u.i.k.p.i.AbstractProblemLoader Creating init config 
93066      DEBUG main            d.u.i.k.p.i.AbstractProblemLoader Init config took 2.64s 
93122      INFO  main            d.u.i.k.p.i.AbstractProblemLoader Replaying proof Coll2[Coll2::add_pre(int)].JML model_behavior operation contract.0 
93123      DEBUG main            d.u.i.k.p.i.IntermediateProofReplayer Proof replay took 8.3ns 
93225      INFO  main            d.u.i.k.p.r.p.TestFile    ... finished proof: closed. 
93429      INFO  main            d.u.i.k.p.i.AbstractProblemLoader Loading environment from /home/runner/work/key/key/key.core/../key.ui/examples/heap/model_methods/Coll2_Coll2_add_pre.key.proof 
93429      DEBUG main            d.u.i.k.p.i.AbstractProblemLoader Environment load took 119.2ns 
93430      INFO  main            d.u.i.k.p.i.AbstractProblemLoader Creating init config 
96007      DEBUG main            d.u.i.k.p.i.AbstractProblemLoader Init config took 2.58s 
96044      INFO  main            d.u.i.k.p.i.AbstractProblemLoader Replaying proof Coll2[Coll2::add_pre(int)].JML model_behavior operation contract.0 
96047      DEBUG main            d.u.i.k.p.i.IntermediateProofReplayer Proof replay took 1.36ms 
96048      DEBUG main            d.u.i.k.p.r.p.TestFile    ... success: reloaded. 
96049      INFO  main            d.u.i.k.p.r.p.TestFile    Now processing file /home/runner/work/key/key/key.core/../key.ui/examples/heap/model_methods/Coll2_Coll_add_pre.key 
96049      INFO  main            d.u.i.k.p.i.AbstractProblemLoader Loading environment from /home/runner/work/key/key/key.core/../key.ui/examples/heap/model_methods/Coll2_Coll_add_pre.key 
96049      DEBUG main            d.u.i.k.p.i.AbstractProblemLoader Environment load took 112.2ns 
96050      INFO  main            d.u.i.k.p.i.AbstractProblemLoader Creating init config 
98651      DEBUG main            d.u.i.k.p.i.AbstractProblemLoader Init config took 2.6s 
98688      INFO  main            d.u.i.k.p.i.AbstractProblemLoader Replaying proof Coll2[Coll::add_pre(int)].JML model_behavior operation contract.0 
98689      DEBUG main            d.u.i.k.p.i.IntermediateProofReplayer Proof replay took 6.9ns 
98791      INFO  main            d.u.i.k.p.r.p.TestFile    ... finished proof: closed. 
99007      INFO  main            d.u.i.k.p.i.AbstractProblemLoader Loading environment from /home/runner/work/key/key/key.core/../key.ui/examples/heap/model_methods/Coll2_Coll_add_pre.key.proof 
99007      DEBUG main            d.u.i.k.p.i.AbstractProblemLoader Environment load took 118.4ns 
99008      INFO  main            d.u.i.k.p.i.AbstractProblemLoader Creating init config 
101569     DEBUG main            d.u.i.k.p.i.AbstractProblemLoader Init config took 2.56s 
101611     INFO  main            d.u.i.k.p.i.AbstractProblemLoader Replaying proof Coll2[Coll::add_pre(int)].JML model_behavior operation contract.0 
101614     DEBUG main            d.u.i.k.p.i.IntermediateProofReplayer Proof replay took 1.96ms 
101615     DEBUG main            d.u.i.k.p.r.p.TestFile    ... success: reloaded. 
101616     INFO  main            d.u.i.k.p.r.p.TestFile    Now processing file /home/runner/work/key/key/key.core/../key.ui/examples/heap/model_methods/Coll_add.key 
101616     INFO  main            d.u.i.k.p.i.AbstractProblemLoader Loading environment from /home/runner/work/key/key/key.core/../key.ui/examples/heap/model_methods/Coll_add.key 
101616     DEBUG main            d.u.i.k.p.i.AbstractProblemLoader Environment load took 92.6ns 
101617     INFO  main            d.u.i.k.p.i.AbstractProblemLoader Creating init config 
104274     DEBUG main            d.u.i.k.p.i.AbstractProblemLoader Init config took 2.66s 
104313     INFO  main            d.u.i.k.p.i.AbstractProblemLoader Replaying proof Coll[Coll::add(int)].JML operation contract.0 
104315     DEBUG main            d.u.i.k.p.i.IntermediateProofReplayer Proof replay took 8.3ns 
104417     INFO  main            d.u.i.k.p.r.p.TestFile    ... finished proof: closed. 
104677     INFO  main            d.u.i.k.p.i.AbstractProblemLoader Loading environment from /home/runner/work/key/key/key.core/../key.ui/examples/heap/model_methods/Coll_add.key.proof 
104678     DEBUG main            d.u.i.k.p.i.AbstractProblemLoader Environment load took 147.7ns 
104678     INFO  main            d.u.i.k.p.i.AbstractProblemLoader Creating init config 
107227     DEBUG main            d.u.i.k.p.i.AbstractProblemLoader Init config took 2.55s 
107266     INFO  main            d.u.i.k.p.i.AbstractProblemLoader Replaying proof Coll[Coll::add(int)].JML operation contract.0 
107269     DEBUG main            d.u.i.k.p.i.IntermediateProofReplayer Proof replay took 1.86ms 
107270     DEBUG main            d.u.i.k.p.r.p.TestFile    ... success: reloaded. 
107271     INFO  main            d.u.i.k.p.r.p.TestFile    Now processing file /home/runner/work/key/key/key.core/../key.ui/examples/heap/model_methods/Coll_add_pre.key 
107271     INFO  main            d.u.i.k.p.i.AbstractProblemLoader Loading environment from /home/runner/work/key/key/key.core/../key.ui/examples/heap/model_methods/Coll_add_pre.key 
107271     DEBUG main            d.u.i.k.p.i.AbstractProblemLoader Environment load took 91.9ns 
107272     INFO  main            d.u.i.k.p.i.AbstractProblemLoader Creating init config 
109911     DEBUG main            d.u.i.k.p.i.AbstractProblemLoader Init config took 2.64s 
109949     INFO  main            d.u.i.k.p.i.AbstractProblemLoader Replaying proof Coll[Coll::add_pre(int)].JML model_behavior operation contract.0 
109950     DEBUG main            d.u.i.k.p.i.IntermediateProofReplayer Proof replay took 8ns 
110052     INFO  main            d.u.i.k.p.r.p.TestFile    ... finished proof: closed. 
110292     INFO  main            d.u.i.k.p.i.AbstractProblemLoader Loading environment from /home/runner/work/key/key/key.core/../key.ui/examples/heap/model_methods/Coll_add_pre.key.proof 
110292     DEBUG main            d.u.i.k.p.i.AbstractProblemLoader Environment load took 158.3ns 
110293     INFO  main            d.u.i.k.p.i.AbstractProblemLoader Creating init config 
112907     DEBUG main            d.u.i.k.p.i.AbstractProblemLoader Init config took 2.61s 
112952     INFO  main            d.u.i.k.p.i.AbstractProblemLoader Replaying proof Coll[Coll::add_pre(int)].JML model_behavior operation contract.0 
112956     DEBUG main            d.u.i.k.p.i.IntermediateProofReplayer Proof replay took 2.3ms 
112957     DEBUG main            d.u.i.k.p.r.p.TestFile    ... success: reloaded. 
112958     INFO  main            d.u.i.k.p.r.p.TestFile    Now processing file /home/runner/work/key/key/key.core/../key.ui/examples/heap/model_methods/Indirect_callAdd.key 
112958     INFO  main            d.u.i.k.p.i.AbstractProblemLoader Loading environment from /home/runner/work/key/key/key.core/../key.ui/examples/heap/model_methods/Indirect_callAdd.key 
112958     DEBUG main            d.u.i.k.p.i.AbstractProblemLoader Environment load took 93.1ns 
112960     INFO  main            d.u.i.k.p.i.AbstractProblemLoader Creating init config 
115545     DEBUG main            d.u.i.k.p.i.AbstractProblemLoader Init config took 2.59s 
115599     INFO  main            d.u.i.k.p.i.AbstractProblemLoader Replaying proof Indirect[Indirect::callAdd(Coll,int)].JML operation contract.0 
115600     DEBUG main            d.u.i.k.p.i.IntermediateProofReplayer Proof replay took 7.1ns 
115702     INFO  main            d.u.i.k.p.r.p.TestFile    ... finished proof: closed. 
115939     INFO  main            d.u.i.k.p.i.AbstractProblemLoader Loading environment from /home/runner/work/key/key/key.core/../key.ui/examples/heap/model_methods/Indirect_callAdd.key.proof 
115939     DEBUG main            d.u.i.k.p.i.AbstractProblemLoader Environment load took 111.1ns 
115941     INFO  main            d.u.i.k.p.i.AbstractProblemLoader Creating init config 
118481     DEBUG main            d.u.i.k.p.i.AbstractProblemLoader Init config took 2.54s 
118519     INFO  main            d.u.i.k.p.i.AbstractProblemLoader Replaying proof Indirect[Indirect::callAdd(Coll,int)].JML operation contract.0 
118540     DEBUG main            d.u.i.k.p.i.IntermediateProofReplayer Proof replay took 19.52ms 
118541     DEBUG main            d.u.i.k.p.r.p.TestFile    ... success: reloaded. 
118542     INFO  main            d.u.i.k.p.r.p.TestFile    Now processing file /home/runner/work/key/key/key.core/../key.ui/examples/heap/model_methods/Indirect_test.key 
118542     INFO  main            d.u.i.k.p.i.AbstractProblemLoader Loading environment from /home/runner/work/key/key/key.core/../key.ui/examples/heap/model_methods/Indirect_test.key 
118542     DEBUG main            d.u.i.k.p.i.AbstractProblemLoader Environment load took 74.5ns 
118543     INFO  main            d.u.i.k.p.i.AbstractProblemLoader Creating init config 
121197     DEBUG main            d.u.i.k.p.i.AbstractProblemLoader Init config took 2.65s 
121254     INFO  main            d.u.i.k.p.i.AbstractProblemLoader Replaying proof Indirect[Indirect::test(Coll1,Coll2)].JML operation contract.0 
121255     DEBUG main            d.u.i.k.p.i.IntermediateProofReplayer Proof replay took 7.1ns 
121458     INFO  main            d.u.i.k.p.r.p.TestFile    ... finished proof: closed. 
121787     INFO  main            d.u.i.k.p.i.AbstractProblemLoader Loading environment from /home/runner/work/key/key/key.core/../key.ui/examples/heap/model_methods/Indirect_test.key.proof 
121787     DEBUG main            d.u.i.k.p.i.AbstractProblemLoader Environment load took 123ns 
121788     INFO  main            d.u.i.k.p.i.AbstractProblemLoader Creating init config 
124328     DEBUG main            d.u.i.k.p.i.AbstractProblemLoader Init config took 2.54s 
124366     INFO  main            d.u.i.k.p.i.AbstractProblemLoader Replaying proof Indirect[Indirect::test(Coll1,Coll2)].JML operation contract.0 
124414     DEBUG main            d.u.i.k.p.i.IntermediateProofReplayer Proof replay took 45.12ms 
124415     DEBUG main            d.u.i.k.p.r.p.TestFile    ... success: reloaded. 
124416     INFO  main            d.u.i.k.p.r.p.TestFile    Now processing file /home/runner/work/key/key/key.core/../key.ui/examples/heap/model_methods/Recell_Cell_footprint.key 
124416     INFO  main            d.u.i.k.p.i.AbstractProblemLoader Loading environment from /home/runner/work/key/key/key.core/../key.ui/examples/heap/model_methods/Recell_Cell_footprint.key 
124416     DEBUG main            d.u.i.k.p.i.AbstractProblemLoader Environment load took 184.2ns 
124417     INFO  main            d.u.i.k.p.i.AbstractProblemLoader Creating init config 
127056     DEBUG main            d.u.i.k.p.i.AbstractProblemLoader Init config took 2.64s 
127092     INFO  main            d.u.i.k.p.i.AbstractProblemLoader Replaying proof Recell[Cell::footprint()].JML model_behavior operation contract.0 
127093     DEBUG main            d.u.i.k.p.i.IntermediateProofReplayer Proof replay took 6ns 
127195     INFO  main            d.u.i.k.p.r.p.TestFile    ... finished proof: closed. 
127442     INFO  main            d.u.i.k.p.i.AbstractProblemLoader Loading environment from /home/runner/work/key/key/key.core/../key.ui/examples/heap/model_methods/Recell_Cell_footprint.key.proof 
127442     DEBUG main            d.u.i.k.p.i.AbstractProblemLoader Environment load took 111.3ns 
127443     INFO  main            d.u.i.k.p.i.AbstractProblemLoader Creating init config 
129975     DEBUG main            d.u.i.k.p.i.AbstractProblemLoader Init config took 2.53s 
130012     INFO  main            d.u.i.k.p.i.AbstractProblemLoader Replaying proof Recell[Cell::footprint()].JML model_behavior operation contract.0 
130015     DEBUG main            d.u.i.k.p.i.IntermediateProofReplayer Proof replay took 2.36ms 
130016     DEBUG main            d.u.i.k.p.r.p.TestFile    ... success: reloaded. 
130017     INFO  main            d.u.i.k.p.r.p.TestFile    Now processing file /home/runner/work/key/key/key.core/../key.ui/examples/heap/model_methods/Recell_Cell_post_set.key 
130017     INFO  main            d.u.i.k.p.i.AbstractProblemLoader Loading environment from /home/runner/work/key/key/key.core/../key.ui/examples/heap/model_methods/Recell_Cell_post_set.key 
130017     DEBUG main            d.u.i.k.p.i.AbstractProblemLoader Environment load took 86.3ns 
130018     INFO  main            d.u.i.k.p.i.AbstractProblemLoader Creating init config 
132636     DEBUG main            d.u.i.k.p.i.AbstractProblemLoader Init config took 2.62s 
132672     INFO  main            d.u.i.k.p.i.AbstractProblemLoader Replaying proof Recell[Cell::post_set(int)].JML model_behavior operation contract.0 
132674     DEBUG main            d.u.i.k.p.i.IntermediateProofReplayer Proof replay took 7ns 
132777     INFO  main            d.u.i.k.p.r.p.TestFile    ... finished proof: closed. 
133029     INFO  main            d.u.i.k.p.i.AbstractProblemLoader Loading environment from /home/runner/work/key/key/key.core/../key.ui/examples/heap/model_methods/Recell_Cell_post_set.key.proof 
133029     DEBUG main            d.u.i.k.p.i.AbstractProblemLoader Environment load took 111.3ns 
133030     INFO  main            d.u.i.k.p.i.AbstractProblemLoader Creating init config 
135569     DEBUG main            d.u.i.k.p.i.AbstractProblemLoader Init config took 2.54s 
135604     INFO  main            d.u.i.k.p.i.AbstractProblemLoader Replaying proof Recell[Cell::post_set(int)].JML model_behavior operation contract.0 
135611     DEBUG main            d.u.i.k.p.i.IntermediateProofReplayer Proof replay took 3.49ms 
135612     DEBUG main            d.u.i.k.p.r.p.TestFile    ... success: reloaded. 
135613     INFO  main            d.u.i.k.p.r.p.TestFile    Now processing file /home/runner/work/key/key/key.core/../key.ui/examples/heap/model_methods/Recell_footprint_acc.key 
135613     INFO  main            d.u.i.k.p.i.AbstractProblemLoader Loading environment from /home/runner/work/key/key/key.core/../key.ui/examples/heap/model_methods/Recell_footprint_acc.key 
135614     DEBUG main            d.u.i.k.p.i.AbstractProblemLoader Environment load took 93.3ns 
135614     INFO  main            d.u.i.k.p.i.AbstractProblemLoader Creating init config 
138193     DEBUG main            d.u.i.k.p.i.AbstractProblemLoader Init config took 2.58s 
138230     INFO  main            d.u.i.k.p.i.AbstractProblemLoader Replaying proof Recell[Cell::footprint()].JML accessible clause.0 
138231     DEBUG main            d.u.i.k.p.i.IntermediateProofReplayer Proof replay took 7.7ns 
138337     INFO  main            d.u.i.k.p.r.p.TestFile    ... finished proof: closed. 
138600     INFO  main            d.u.i.k.p.i.AbstractProblemLoader Loading environment from /home/runner/work/key/key/key.core/../key.ui/examples/heap/model_methods/Recell_footprint_acc.key.proof 
138600     DEBUG main            d.u.i.k.p.i.AbstractProblemLoader Environment load took 282.11ns 
138601     INFO  main            d.u.i.k.p.i.AbstractProblemLoader Creating init config 
141172     DEBUG main            d.u.i.k.p.i.AbstractProblemLoader Init config took 2.57s 
141212     INFO  main            d.u.i.k.p.i.AbstractProblemLoader Replaying proof Recell[Cell::footprint()].JML accessible clause.0 
141230     DEBUG main            d.u.i.k.p.i.IntermediateProofReplayer Proof replay took 15.99ms 
141231     DEBUG main            d.u.i.k.p.r.p.TestFile    ... success: reloaded. 
141232     INFO  main            d.u.i.k.p.r.p.TestFile    Now processing file /home/runner/work/key/key/key.core/../key.ui/examples/heap/model_methods/Recell_get_acc.key 
141232     INFO  main            d.u.i.k.p.i.AbstractProblemLoader Loading environment from /home/runner/work/key/key/key.core/../key.ui/examples/heap/model_methods/Recell_get_acc.key 
141232     DEBUG main            d.u.i.k.p.i.AbstractProblemLoader Environment load took 77.4ns 
141233     INFO  main            d.u.i.k.p.i.AbstractProblemLoader Creating init config 
143814     DEBUG main            d.u.i.k.p.i.AbstractProblemLoader Init config took 2.58s 
143850     INFO  main            d.u.i.k.p.i.AbstractProblemLoader Replaying proof Recell[Cell::get()].JML accessible clause.0 
143851     DEBUG main            d.u.i.k.p.i.IntermediateProofReplayer Proof replay took 7.9ns 
143953     INFO  main            d.u.i.k.p.r.p.TestFile    ... finished proof: closed. 
144213     INFO  main            d.u.i.k.p.i.AbstractProblemLoader Loading environment from /home/runner/work/key/key/key.core/../key.ui/examples/heap/model_methods/Recell_get_acc.key.proof 
144213     DEBUG main            d.u.i.k.p.i.AbstractProblemLoader Environment load took 106.3ns 
144214     INFO  main            d.u.i.k.p.i.AbstractProblemLoader Creating init config 
146730     DEBUG main            d.u.i.k.p.i.AbstractProblemLoader Init config took 2.52s 
146766     INFO  main            d.u.i.k.p.i.AbstractProblemLoader Replaying proof Recell[Cell::get()].JML accessible clause.0 
146782     DEBUG main            d.u.i.k.p.i.IntermediateProofReplayer Proof replay took 13.83ms 
146783     DEBUG main            d.u.i.k.p.r.p.TestFile    ... success: reloaded. 
146784     INFO  main            d.u.i.k.p.r.p.TestFile    Now processing file /home/runner/work/key/key/key.core/../key.ui/examples/heap/model_methods/Recell_get.key 
146784     INFO  main            d.u.i.k.p.i.AbstractProblemLoader Loading environment from /home/runner/work/key/key/key.core/../key.ui/examples/heap/model_methods/Recell_get.key 
146784     DEBUG main            d.u.i.k.p.i.AbstractProblemLoader Environment load took 79.4ns 
146785     INFO  main            d.u.i.k.p.i.AbstractProblemLoader Creating init config 
149398     DEBUG main            d.u.i.k.p.i.AbstractProblemLoader Init config took 2.61s 
149437     INFO  main            d.u.i.k.p.i.AbstractProblemLoader Replaying proof Recell[Cell::get()].JML operation contract.0 
149438     DEBUG main            d.u.i.k.p.i.IntermediateProofReplayer Proof replay took 8.1ns 
149541     INFO  main            d.u.i.k.p.r.p.TestFile    ... finished proof: closed. 
149807     INFO  main            d.u.i.k.p.i.AbstractProblemLoader Loading environment from /home/runner/work/key/key/key.core/../key.ui/examples/heap/model_methods/Recell_get.key.proof 
149807     DEBUG main            d.u.i.k.p.i.AbstractProblemLoader Environment load took 113.4ns 
149808     INFO  main            d.u.i.k.p.i.AbstractProblemLoader Creating init config 
152342     DEBUG main            d.u.i.k.p.i.AbstractProblemLoader Init config took 2.53s 
152378     INFO  main            d.u.i.k.p.i.AbstractProblemLoader Replaying proof Recell[Cell::get()].JML operation contract.0 
152387     DEBUG main            d.u.i.k.p.i.IntermediateProofReplayer Proof replay took 7.1ms 
152387     DEBUG main            d.u.i.k.p.r.p.TestFile    ... success: reloaded. 
152388     INFO  main            d.u.i.k.p.r.p.TestFile    Now processing file /home/runner/work/key/key/key.core/../key.ui/examples/heap/model_methods/Recell_Recell_footprint.key 
152389     INFO  main            d.u.i.k.p.i.AbstractProblemLoader Loading environment from /home/runner/work/key/key/key.core/../key.ui/examples/heap/model_methods/Recell_Recell_footprint.key 
152389     DEBUG main            d.u.i.k.p.i.AbstractProblemLoader Environment load took 79.6ns 
152389     INFO  main            d.u.i.k.p.i.AbstractProblemLoader Creating init config 
154989     DEBUG main            d.u.i.k.p.i.AbstractProblemLoader Init config took 2.6s 
155025     INFO  main            d.u.i.k.p.i.AbstractProblemLoader Replaying proof Recell[Recell::footprint()].JML model_behavior operation contract.0 
155026     DEBUG main            d.u.i.k.p.i.IntermediateProofReplayer Proof replay took 7ns 
155129     INFO  main            d.u.i.k.p.r.p.TestFile    ... finished proof: closed. 
155400     INFO  main            d.u.i.k.p.i.AbstractProblemLoader Loading environment from /home/runner/work/key/key/key.core/../key.ui/examples/heap/model_methods/Recell_Recell_footprint.key.proof 
155400     DEBUG main            d.u.i.k.p.i.AbstractProblemLoader Environment load took 109ns 
155401     INFO  main            d.u.i.k.p.i.AbstractProblemLoader Creating init config 
157932     DEBUG main            d.u.i.k.p.i.AbstractProblemLoader Init config took 2.53s 
157968     INFO  main            d.u.i.k.p.i.AbstractProblemLoader Replaying proof Recell[Recell::footprint()].JML model_behavior operation contract.0 
157971     DEBUG main            d.u.i.k.p.i.IntermediateProofReplayer Proof replay took 1.3ms 
157972     DEBUG main            d.u.i.k.p.r.p.TestFile    ... success: reloaded. 
157973     INFO  main            d.u.i.k.p.r.p.TestFile    Now processing file /home/runner/work/key/key/key.core/../key.ui/examples/heap/model_methods/Recell_Recell_post_set.key 
157973     INFO  main            d.u.i.k.p.i.AbstractProblemLoader Loading environment from /home/runner/work/key/key/key.core/../key.ui/examples/heap/model_methods/Recell_Recell_post_set.key 
157973     DEBUG main            d.u.i.k.p.i.AbstractProblemLoader Environment load took 253.4ns 
157974     INFO  main            d.u.i.k.p.i.AbstractProblemLoader Creating init config 
160600     DEBUG main            d.u.i.k.p.i.AbstractProblemLoader Init config took 2.63s 
160636     INFO  main            d.u.i.k.p.i.AbstractProblemLoader Replaying proof Recell[Recell::post_set(int)].JML model_behavior operation contract.0 
160638     DEBUG main            d.u.i.k.p.i.IntermediateProofReplayer Proof replay took 8.9ns 
160741     INFO  main            d.u.i.k.p.r.p.TestFile    ... finished proof: closed. 
161015     INFO  main            d.u.i.k.p.i.AbstractProblemLoader Loading environment from /home/runner/work/key/key/key.core/../key.ui/examples/heap/model_methods/Recell_Recell_post_set.key.proof 
161015     DEBUG main            d.u.i.k.p.i.AbstractProblemLoader Environment load took 111.1ns 
161016     INFO  main            d.u.i.k.p.i.AbstractProblemLoader Creating init config 
163532     DEBUG main            d.u.i.k.p.i.AbstractProblemLoader Init config took 2.52s 
163571     INFO  main            d.u.i.k.p.i.AbstractProblemLoader Replaying proof Recell[Recell::post_set(int)].JML model_behavior operation contract.0 
163576     DEBUG main            d.u.i.k.p.i.IntermediateProofReplayer Proof replay took 2.3ms 
163577     DEBUG main            d.u.i.k.p.r.p.TestFile    ... success: reloaded. 
163577     INFO  main            d.u.i.k.p.r.p.TestFile    Now processing file /home/runner/work/key/key/key.core/../key.ui/examples/heap/model_methods/Recell_set.key 
163578     INFO  main            d.u.i.k.p.i.AbstractProblemLoader Loading environment from /home/runner/work/key/key/key.core/../key.ui/examples/heap/model_methods/Recell_set.key 
163578     DEBUG main            d.u.i.k.p.i.AbstractProblemLoader Environment load took 82.4ns 
163579     INFO  main            d.u.i.k.p.i.AbstractProblemLoader Creating init config 
166162     DEBUG main            d.u.i.k.p.i.AbstractProblemLoader Init config took 2.58s 
166217     INFO  main            d.u.i.k.p.i.AbstractProblemLoader Replaying proof Recell[Cell::set(int)].JML operation contract.0 
166219     DEBUG main            d.u.i.k.p.i.IntermediateProofReplayer Proof replay took 7.7ns 
172665     INFO  main            d.u.i.k.p.r.p.TestFile    ... finished proof: closed. 
172974     INFO  main            d.u.i.k.p.i.AbstractProblemLoader Loading environment from /home/runner/work/key/key/key.core/../key.ui/examples/heap/model_methods/Recell_set.key.proof 
172974     DEBUG main            d.u.i.k.p.i.AbstractProblemLoader Environment load took 327.2ns 
172976     INFO  main            d.u.i.k.p.i.AbstractProblemLoader Creating init config 
175486     DEBUG main            d.u.i.k.p.i.AbstractProblemLoader Init config took 2.51s 
175522     INFO  main            d.u.i.k.p.i.AbstractProblemLoader Replaying proof Recell[Cell::set(int)].JML operation contract.0 
175912     DEBUG main            d.u.i.k.p.i.IntermediateProofReplayer Proof replay took 374.22ms 
175914     DEBUG main            d.u.i.k.p.r.p.TestFile    ... success: reloaded. 
175915     INFO  main            d.u.i.k.p.r.p.TestFile    Now processing file /home/runner/work/key/key/key.core/../key.ui/examples/heap/model_methods/Recell_undo.key 
175915     INFO  main            d.u.i.k.p.i.AbstractProblemLoader Loading environment from /home/runner/work/key/key/key.core/../key.ui/examples/heap/model_methods/Recell_undo.key 
175915     DEBUG main            d.u.i.k.p.i.AbstractProblemLoader Environment load took 157.8ns 
175916     INFO  main            d.u.i.k.p.i.AbstractProblemLoader Creating init config 
178500     DEBUG main            d.u.i.k.p.i.AbstractProblemLoader Init config took 2.58s 
178537     INFO  main            d.u.i.k.p.i.AbstractProblemLoader Replaying proof Recell[Recell::undo()].JML operation contract.0 
178538     DEBUG main            d.u.i.k.p.i.IntermediateProofReplayer Proof replay took 9ns 
178640     INFO  main            d.u.i.k.p.r.p.TestFile    ... finished proof: closed. 
178945     INFO  main            d.u.i.k.p.i.AbstractProblemLoader Loading environment from /home/runner/work/key/key/key.core/../key.ui/examples/heap/model_methods/Recell_undo.key.proof 
178945     DEBUG main            d.u.i.k.p.i.AbstractProblemLoader Environment load took 97.2ns 
178946     INFO  main            d.u.i.k.p.i.AbstractProblemLoader Creating init config 
181469     DEBUG main            d.u.i.k.p.i.AbstractProblemLoader Init config took 2.52s 
181505     INFO  main            d.u.i.k.p.i.AbstractProblemLoader Replaying proof Recell[Recell::undo()].JML operation contract.0 
181532     DEBUG main            d.u.i.k.p.i.IntermediateProofReplayer Proof replay took 25.11ms 
181533     DEBUG main            d.u.i.k.p.r.p.TestFile    ... success: reloaded. 
4082860    INFO  Test worker     d.u.i.k.p.r.RunAllProofsTestUnit Returning from test modelMethods 
4082861    INFO  Test worker     d.u.i.k.p.r.RunAllProofsTestUnit Running test permissionHeap 
321        INFO  Timeout watchdog d.u.i.k.p.r.p.ForkedTestFileRunner Timeout watcher launched (2000 secs.) 
333        WARN  main            d.u.i.k.s.ProofSettings   The settings in /home/runner/.key/proof-settings.props are *not* read. 
367        INFO  main            d.u.i.k.p.r.p.TestFile    Now processing file /home/runner/work/key/key/key.core/../key.ui/examples/heap/permissions/permissions_method0.key 
511        INFO  main            d.u.i.k.p.i.AbstractProblemLoader Loading environment from /home/runner/work/key/key/key.core/../key.ui/examples/heap/permissions/permissions_method0.key 
534        DEBUG main            d.u.i.k.p.i.AbstractProblemLoader Environment load took 2.01ms 
752        INFO  main            d.u.i.k.p.i.AbstractProblemLoader Creating init config 
1631       DEBUG main            d.u.i.k.j.TypeConverter   No LDT found for Meta 
1632       DEBUG main            d.u.i.k.j.TypeConverter   No LDT found for Meta 
1633       DEBUG main            d.u.i.k.j.TypeConverter   No LDT found for Meta 
1633       DEBUG main            d.u.i.k.j.TypeConverter   No LDT found for Meta 
3430       DEBUG main            d.u.i.k.j.TypeConverter   No LDT found for JavaBigintExpression 
8364       DEBUG main            d.u.i.k.p.i.AbstractProblemLoader Init config took 7.61s 
8481       INFO  main            d.u.i.k.p.i.AbstractProblemLoader Replaying proof MyClass[MyClass::method0()].JML normal_behavior operation contract.0 
8513       DEBUG main            d.u.i.k.p.i.IntermediateProofReplayer Proof replay took 31ns 
9498       INFO  main            d.u.i.k.p.r.p.TestFile    ... finished proof: closed. 
9634       INFO  main            d.u.i.k.p.i.AbstractProblemLoader Loading environment from /home/runner/work/key/key/key.core/../key.ui/examples/heap/permissions/permissions_method0.key.proof 
9636       DEBUG main            d.u.i.k.p.i.AbstractProblemLoader Environment load took 2.11ms 
9640       INFO  main            d.u.i.k.p.i.AbstractProblemLoader Creating init config 
12541      DEBUG main            d.u.i.k.p.i.AbstractProblemLoader Init config took 2.9s 
12603      INFO  main            d.u.i.k.p.i.AbstractProblemLoader Replaying proof MyClass[MyClass::method0()].JML normal_behavior operation contract.0 
12697      DEBUG main            d.u.i.k.p.i.IntermediateProofReplayer Proof replay took 87.85ms 
12704      DEBUG main            d.u.i.k.p.r.p.TestFile    ... success: reloaded. 
12705      INFO  main            d.u.i.k.p.r.p.TestFile    Now processing file /home/runner/work/key/key/key.core/../key.ui/examples/heap/permissions/permissions_method1.key 
12706      INFO  main            d.u.i.k.p.i.AbstractProblemLoader Loading environment from /home/runner/work/key/key/key.core/../key.ui/examples/heap/permissions/permissions_method1.key 
12706      DEBUG main            d.u.i.k.p.i.AbstractProblemLoader Environment load took 206.7ns 
12708      INFO  main            d.u.i.k.p.i.AbstractProblemLoader Creating init config 
15325      DEBUG main            d.u.i.k.p.i.AbstractProblemLoader Init config took 2.62s 
15385      INFO  main            d.u.i.k.p.i.AbstractProblemLoader Replaying proof MyClass[MyClass::method1()].JML normal_behavior operation contract.0 
15388      DEBUG main            d.u.i.k.p.i.IntermediateProofReplayer Proof replay took 7.1ns 
15692      INFO  main            d.u.i.k.p.r.p.TestFile    ... finished proof: closed. 
15856      INFO  main            d.u.i.k.p.i.AbstractProblemLoader Loading environment from /home/runner/work/key/key/key.core/../key.ui/examples/heap/permissions/permissions_method1.key.proof 
15857      DEBUG main            d.u.i.k.p.i.AbstractProblemLoader Environment load took 374.81ns 
15861      INFO  main            d.u.i.k.p.i.AbstractProblemLoader Creating init config 
18433      DEBUG main            d.u.i.k.p.i.AbstractProblemLoader Init config took 2.57s 
18485      INFO  main            d.u.i.k.p.i.AbstractProblemLoader Replaying proof MyClass[MyClass::method1()].JML normal_behavior operation contract.0 
18555      DEBUG main            d.u.i.k.p.i.IntermediateProofReplayer Proof replay took 66.12ms 
18556      DEBUG main            d.u.i.k.p.r.p.TestFile    ... success: reloaded. 
18558      INFO  main            d.u.i.k.p.r.p.TestFile    Now processing file /home/runner/work/key/key/key.core/../key.ui/examples/heap/permissions/permissions_method3.key 
18558      INFO  main            d.u.i.k.p.i.AbstractProblemLoader Loading environment from /home/runner/work/key/key/key.core/../key.ui/examples/heap/permissions/permissions_method3.key 
18558      DEBUG main            d.u.i.k.p.i.AbstractProblemLoader Environment load took 110.1ns 
18561      INFO  main            d.u.i.k.p.i.AbstractProblemLoader Creating init config 
21127      DEBUG main            d.u.i.k.p.i.AbstractProblemLoader Init config took 2.57s 
21176      INFO  main            d.u.i.k.p.i.AbstractProblemLoader Replaying proof MyClass[MyClass::method3()].JML normal_behavior operation contract.0 
21179      DEBUG main            d.u.i.k.p.i.IntermediateProofReplayer Proof replay took 6.5ns 
22695      INFO  main            d.u.i.k.p.r.p.TestFile    ... finished proof: closed. 
22892      INFO  main            d.u.i.k.p.i.AbstractProblemLoader Loading environment from /home/runner/work/key/key/key.core/../key.ui/examples/heap/permissions/permissions_method3.key.proof 
22893      DEBUG main            d.u.i.k.p.i.AbstractProblemLoader Environment load took 1.27ms 
22894      INFO  main            d.u.i.k.p.i.AbstractProblemLoader Creating init config 
25384      DEBUG main            d.u.i.k.p.i.AbstractProblemLoader Init config took 2.49s 
25433      INFO  main            d.u.i.k.p.i.AbstractProblemLoader Replaying proof MyClass[MyClass::method3()].JML normal_behavior operation contract.0 
25632      DEBUG main            d.u.i.k.p.i.IntermediateProofReplayer Proof replay took 191.25ms 
25633      DEBUG main            d.u.i.k.p.r.p.TestFile    ... success: reloaded. 
25634      INFO  main            d.u.i.k.p.r.p.TestFile    Now processing file /home/runner/work/key/key/key.core/../key.ui/examples/heap/permissions/permissions_setAB.key 
25635      INFO  main            d.u.i.k.p.i.AbstractProblemLoader Loading environment from /home/runner/work/key/key/key.core/../key.ui/examples/heap/permissions/permissions_setAB.key 
25635      DEBUG main            d.u.i.k.p.i.AbstractProblemLoader Environment load took 184.4ns 
25636      INFO  main            d.u.i.k.p.i.AbstractProblemLoader Creating init config 
28172      DEBUG main            d.u.i.k.p.i.AbstractProblemLoader Init config took 2.54s 
28217      INFO  main            d.u.i.k.p.i.AbstractProblemLoader Replaying proof MyClass[MyClass::setAB()].JML normal_behavior operation contract.0 
28219      DEBUG main            d.u.i.k.p.i.IntermediateProofReplayer Proof replay took 5.9ns 
29825      INFO  main            d.u.i.k.p.r.p.TestFile    ... finished proof: closed. 
30006      INFO  main            d.u.i.k.p.i.AbstractProblemLoader Loading environment from /home/runner/work/key/key/key.core/../key.ui/examples/heap/permissions/permissions_setAB.key.proof 
30006      DEBUG main            d.u.i.k.p.i.AbstractProblemLoader Environment load took 655.21ns 
30009      INFO  main            d.u.i.k.p.i.AbstractProblemLoader Creating init config 
32452      DEBUG main            d.u.i.k.p.i.AbstractProblemLoader Init config took 2.44s 
32496      INFO  main            d.u.i.k.p.i.AbstractProblemLoader Replaying proof MyClass[MyClass::setAB()].JML normal_behavior operation contract.0 
32643      DEBUG main            d.u.i.k.p.i.IntermediateProofReplayer Proof replay took 140.32ms 
32644      DEBUG main            d.u.i.k.p.r.p.TestFile    ... success: reloaded. 
32645      INFO  main            d.u.i.k.p.r.p.TestFile    Now processing file /home/runner/work/key/key/key.core/../key.ui/examples/heap/permissions/permissionProperties.key 
32646      INFO  main            d.u.i.k.p.i.AbstractProblemLoader Loading environment from /home/runner/work/key/key/key.core/../key.ui/examples/heap/permissions/permissionProperties.key 
32646      DEBUG main            d.u.i.k.p.i.AbstractProblemLoader Environment load took 180.2ns 
32647      INFO  main            d.u.i.k.p.i.AbstractProblemLoader Creating init config 
32778      DEBUG main            d.u.i.k.j.TypeConverter   No LDT found for Meta 
32779      DEBUG main            d.u.i.k.j.TypeConverter   No LDT found for Meta 
32780      DEBUG main            d.u.i.k.j.TypeConverter   No LDT found for Meta 
32780      DEBUG main            d.u.i.k.j.TypeConverter   No LDT found for Meta 
33459      DEBUG main            d.u.i.k.j.TypeConverter   No LDT found for JavaBigintExpression 
36053      DEBUG main            d.u.i.k.p.i.AbstractProblemLoader Init config took 3.41s 
36074      INFO  main            d.u.i.k.p.i.AbstractProblemLoader Replaying proof permissionProperties.key 
36076      DEBUG main            d.u.i.k.p.i.IntermediateProofReplayer Proof replay took 7.9ns 
36179      INFO  main            d.u.i.k.p.r.p.TestFile    ... finished proof: closed. 
36361      INFO  main            d.u.i.k.p.i.AbstractProblemLoader Loading environment from /home/runner/work/key/key/key.core/../key.ui/examples/heap/permissions/permissionProperties.key.proof 
36361      DEBUG main            d.u.i.k.p.i.AbstractProblemLoader Environment load took 374.81ns 
36362      INFO  main            d.u.i.k.p.i.AbstractProblemLoader Creating init config 
38651      DEBUG main            d.u.i.k.p.i.AbstractProblemLoader Init config took 2.29s 
38672      INFO  main            d.u.i.k.p.i.AbstractProblemLoader Replaying proof permissionProperties.key.proof 
38687      DEBUG main            d.u.i.k.p.i.IntermediateProofReplayer Proof replay took 12.46ms 
38689      DEBUG main            d.u.i.k.p.r.p.TestFile    ... success: reloaded. 
38690      INFO  main            d.u.i.k.p.r.p.TestFile    Now processing file /home/runner/work/key/key/key.core/../key.ui/examples/heap/permissions/threads/AFilter_AFilter.key 
38690      INFO  main            d.u.i.k.p.i.AbstractProblemLoader Loading environment from /home/runner/work/key/key/key.core/../key.ui/examples/heap/permissions/threads/AFilter_AFilter.key 
38690      DEBUG main            d.u.i.k.p.i.AbstractProblemLoader Environment load took 115.2ns 
38691      INFO  main            d.u.i.k.p.i.AbstractProblemLoader Creating init config 
38804      DEBUG main            d.u.i.k.j.TypeConverter   No LDT found for Meta 
38805      DEBUG main            d.u.i.k.j.TypeConverter   No LDT found for Meta 
38805      DEBUG main            d.u.i.k.j.TypeConverter   No LDT found for Meta 
38805      DEBUG main            d.u.i.k.j.TypeConverter   No LDT found for Meta 
39390      DEBUG main            d.u.i.k.j.TypeConverter   No LDT found for JavaBigintExpression 
44483      DEBUG main            d.u.i.k.p.i.AbstractProblemLoader Init config took 5.79s 
44586      INFO  main            d.u.i.k.p.i.AbstractProblemLoader Replaying proof AFilter[AFilter::AFilter(Sampler,Buffer)].JML normal_behavior operation contract.0 
44588      DEBUG main            d.u.i.k.p.i.IntermediateProofReplayer Proof replay took 7.8ns 
45592      INFO  main            d.u.i.k.p.r.p.TestFile    ... finished proof: closed. 
45845      INFO  main            d.u.i.k.p.i.AbstractProblemLoader Loading environment from /home/runner/work/key/key/key.core/../key.ui/examples/heap/permissions/threads/AFilter_AFilter.key.proof 
45845      DEBUG main            d.u.i.k.p.i.AbstractProblemLoader Environment load took 138.1ns 
45846      INFO  main            d.u.i.k.p.i.AbstractProblemLoader Creating init config 
50185      DEBUG main            d.u.i.k.p.i.AbstractProblemLoader Init config took 4.34s 
50297      INFO  main            d.u.i.k.p.i.AbstractProblemLoader Replaying proof AFilter[AFilter::AFilter(Sampler,Buffer)].JML normal_behavior operation contract.0 
50419      DEBUG main            d.u.i.k.p.i.IntermediateProofReplayer Proof replay took 117ms 
50420      DEBUG main            d.u.i.k.p.r.p.TestFile    ... success: reloaded. 
50421      INFO  main            d.u.i.k.p.r.p.TestFile    Now processing file /home/runner/work/key/key/key.core/../key.ui/examples/heap/permissions/threads/AFilter_initPost_accessible.key 
50422      INFO  main            d.u.i.k.p.i.AbstractProblemLoader Loading environment from /home/runner/work/key/key/key.core/../key.ui/examples/heap/permissions/threads/AFilter_initPost_accessible.key 
50422      DEBUG main            d.u.i.k.p.i.AbstractProblemLoader Environment load took 194.8ns 
50423      INFO  main            d.u.i.k.p.i.AbstractProblemLoader Creating init config 
54791      DEBUG main            d.u.i.k.p.i.AbstractProblemLoader Init config took 4.37s 
54893      INFO  main            d.u.i.k.p.i.AbstractProblemLoader Replaying proof AFilter[ThreadSpec2::initPost()].JML accessible clause.0 
54897      DEBUG main            d.u.i.k.p.i.IntermediateProofReplayer Proof replay took 8.4ns 
55001      INFO  main            d.u.i.k.p.r.p.TestFile    ... finished proof: closed. 
55205      INFO  main            d.u.i.k.p.i.AbstractProblemLoader Loading environment from /home/runner/work/key/key/key.core/../key.ui/examples/heap/permissions/threads/AFilter_initPost_accessible.key.proof 
55205      DEBUG main            d.u.i.k.p.i.AbstractProblemLoader Environment load took 127.9ns 
55206      INFO  main            d.u.i.k.p.i.AbstractProblemLoader Creating init config 
59587      DEBUG main            d.u.i.k.p.i.AbstractProblemLoader Init config took 4.38s 
59673      INFO  main            d.u.i.k.p.i.AbstractProblemLoader Replaying proof AFilter[ThreadSpec2::initPost()].JML accessible clause.0 
59684      DEBUG main            d.u.i.k.p.i.IntermediateProofReplayer Proof replay took 9.44ms 
59685      DEBUG main            d.u.i.k.p.r.p.TestFile    ... success: reloaded. 
59687      INFO  main            d.u.i.k.p.r.p.TestFile    Now processing file /home/runner/work/key/key/key.core/../key.ui/examples/heap/permissions/threads/AFilter_inv_accessible1.key 
59687      INFO  main            d.u.i.k.p.i.AbstractProblemLoader Loading environment from /home/runner/work/key/key/key.core/../key.ui/examples/heap/permissions/threads/AFilter_inv_accessible1.key 
59687      DEBUG main            d.u.i.k.p.i.AbstractProblemLoader Environment load took 146.5ns 
59688      INFO  main            d.u.i.k.p.i.AbstractProblemLoader Creating init config 
64023      DEBUG main            d.u.i.k.p.i.AbstractProblemLoader Init config took 4.34s 
64123      INFO  main            d.u.i.k.p.i.AbstractProblemLoader Replaying proof AFilter[java.lang.Object::<inv>()].JML accessible clause.0 
64125      DEBUG main            d.u.i.k.p.i.IntermediateProofReplayer Proof replay took 8.1ns 
64229      INFO  main            d.u.i.k.p.r.p.TestFile    ... finished proof: closed. 
64433      INFO  main            d.u.i.k.p.i.AbstractProblemLoader Loading environment from /home/runner/work/key/key/key.core/../key.ui/examples/heap/permissions/threads/AFilter_inv_accessible1.key.proof 
64433      DEBUG main            d.u.i.k.p.i.AbstractProblemLoader Environment load took 125.1ns 
64434      INFO  main            d.u.i.k.p.i.AbstractProblemLoader Creating init config 
68797      DEBUG main            d.u.i.k.p.i.AbstractProblemLoader Init config took 4.36s 
68881      INFO  main            d.u.i.k.p.i.AbstractProblemLoader Replaying proof AFilter[java.lang.Object::<inv>()].JML accessible clause.0 
68884      DEBUG main            d.u.i.k.p.i.IntermediateProofReplayer Proof replay took 1.87ms 
68885      DEBUG main            d.u.i.k.p.r.p.TestFile    ... success: reloaded. 
68887      INFO  main            d.u.i.k.p.r.p.TestFile    Now processing file /home/runner/work/key/key/key.core/../key.ui/examples/heap/permissions/threads/AFilter_inv_accessible2.key 
68887      INFO  main            d.u.i.k.p.i.AbstractProblemLoader Loading environment from /home/runner/work/key/key/key.core/../key.ui/examples/heap/permissions/threads/AFilter_inv_accessible2.key 
68887      DEBUG main            d.u.i.k.p.i.AbstractProblemLoader Environment load took 171.4ns 
68888      INFO  main            d.u.i.k.p.i.AbstractProblemLoader Creating init config 
73193      DEBUG main            d.u.i.k.p.i.AbstractProblemLoader Init config took 4.31s 
73276      INFO  main            d.u.i.k.p.i.AbstractProblemLoader Replaying proof AFilter[java.lang.Object::<inv>()].JML accessible clause.1 
73278      DEBUG main            d.u.i.k.p.i.IntermediateProofReplayer Proof replay took 6.7ns 
73379      INFO  main            d.u.i.k.p.r.p.TestFile    ... finished proof: closed. 
73594      INFO  main            d.u.i.k.p.i.AbstractProblemLoader Loading environment from /home/runner/work/key/key/key.core/../key.ui/examples/heap/permissions/threads/AFilter_inv_accessible2.key.proof 
73594      DEBUG main            d.u.i.k.p.i.AbstractProblemLoader Environment load took 128.8ns 
73595      INFO  main            d.u.i.k.p.i.AbstractProblemLoader Creating init config 
77943      DEBUG main            d.u.i.k.p.i.AbstractProblemLoader Init config took 4.35s 
78028      INFO  main            d.u.i.k.p.i.AbstractProblemLoader Replaying proof AFilter[java.lang.Object::<inv>()].JML accessible clause.1 
78031      DEBUG main            d.u.i.k.p.i.IntermediateProofReplayer Proof replay took 1.82ms 
78032      DEBUG main            d.u.i.k.p.r.p.TestFile    ... success: reloaded. 
78034      INFO  main            d.u.i.k.p.r.p.TestFile    Now processing file /home/runner/work/key/key/key.core/../key.ui/examples/heap/permissions/threads/AFilter_joinTransfer_accessible.key 
78034      INFO  main            d.u.i.k.p.i.AbstractProblemLoader Loading environment from /home/runner/work/key/key/key.core/../key.ui/examples/heap/permissions/threads/AFilter_joinTransfer_accessible.key 
78034      DEBUG main            d.u.i.k.p.i.AbstractProblemLoader Environment load took 96.9ns 
78035      INFO  main            d.u.i.k.p.i.AbstractProblemLoader Creating init config 
82368      DEBUG main            d.u.i.k.p.i.AbstractProblemLoader Init config took 4.33s 
82466      INFO  main            d.u.i.k.p.i.AbstractProblemLoader Replaying proof AFilter[ThreadSpec2::joinTransfer()].JML accessible clause.0 
82467      DEBUG main            d.u.i.k.p.i.IntermediateProofReplayer Proof replay took 8.7ns 
85680      INFO  main            d.u.i.k.p.r.p.TestFile    ... finished proof: closed. 
85935      INFO  main            d.u.i.k.p.i.AbstractProblemLoader Loading environment from /home/runner/work/key/key/key.core/../key.ui/examples/heap/permissions/threads/AFilter_joinTransfer_accessible.key.proof 
85936      DEBUG main            d.u.i.k.p.i.AbstractProblemLoader Environment load took 182.4ns 
85942      INFO  main            d.u.i.k.p.i.AbstractProblemLoader Creating init config 
90237      DEBUG main            d.u.i.k.p.i.AbstractProblemLoader Init config took 4.29s 
90321      INFO  main            d.u.i.k.p.i.AbstractProblemLoader Replaying proof AFilter[ThreadSpec2::joinTransfer()].JML accessible clause.0 
90598      DEBUG main            d.u.i.k.p.i.IntermediateProofReplayer Proof replay took 266.51ms 
90600      DEBUG main            d.u.i.k.p.r.p.TestFile    ... success: reloaded. 
90601      INFO  main            d.u.i.k.p.r.p.TestFile    Now processing file /home/runner/work/key/key/key.core/../key.ui/examples/heap/permissions/threads/AFilter_joinTransfer_contract.key 
90601      INFO  main            d.u.i.k.p.i.AbstractProblemLoader Loading environment from /home/runner/work/key/key/key.core/../key.ui/examples/heap/permissions/threads/AFilter_joinTransfer_contract.key 
90601      DEBUG main            d.u.i.k.p.i.AbstractProblemLoader Environment load took 101.3ns 
90602      INFO  main            d.u.i.k.p.i.AbstractProblemLoader Creating init config 
94930      DEBUG main            d.u.i.k.p.i.AbstractProblemLoader Init config took 4.33s 
95014      INFO  main            d.u.i.k.p.i.AbstractProblemLoader Replaying proof AFilter[ThreadSpec2::joinTransfer()].JML model_behavior operation contract.0 
95016      DEBUG main            d.u.i.k.p.i.IntermediateProofReplayer Proof replay took 8ns 
95124      INFO  main            d.u.i.k.p.r.p.TestFile    ... finished proof: closed. 
95414      INFO  main            d.u.i.k.p.i.AbstractProblemLoader Loading environment from /home/runner/work/key/key/key.core/../key.ui/examples/heap/permissions/threads/AFilter_joinTransfer_contract.key.proof 
95414      DEBUG main            d.u.i.k.p.i.AbstractProblemLoader Environment load took 128ns 
95416      INFO  main            d.u.i.k.p.i.AbstractProblemLoader Creating init config 
99706      DEBUG main            d.u.i.k.p.i.AbstractProblemLoader Init config took 4.29s 
99808      INFO  main            d.u.i.k.p.i.AbstractProblemLoader Replaying proof AFilter[ThreadSpec2::joinTransfer()].JML model_behavior operation contract.0 
99816      DEBUG main            d.u.i.k.p.i.IntermediateProofReplayer Proof replay took 6.68ms 
99817      DEBUG main            d.u.i.k.p.r.p.TestFile    ... success: reloaded. 
99819      INFO  main            d.u.i.k.p.r.p.TestFile    Now processing file /home/runner/work/key/key/key.core/../key.ui/examples/heap/permissions/threads/AFilter_postJoin_accessible.key 
99819      INFO  main            d.u.i.k.p.i.AbstractProblemLoader Loading environment from /home/runner/work/key/key/key.core/../key.ui/examples/heap/permissions/threads/AFilter_postJoin_accessible.key 
99819      DEBUG main            d.u.i.k.p.i.AbstractProblemLoader Environment load took 177.6ns 
99820      INFO  main            d.u.i.k.p.i.AbstractProblemLoader Creating init config 
104142     DEBUG main            d.u.i.k.p.i.AbstractProblemLoader Init config took 4.32s 
104249     INFO  main            d.u.i.k.p.i.AbstractProblemLoader Replaying proof AFilter[ThreadSpec2::postJoin(java.lang.Object)].JML accessible clause.0 
104251     DEBUG main            d.u.i.k.p.i.IntermediateProofReplayer Proof replay took 7.7ns 
104353     INFO  main            d.u.i.k.p.r.p.TestFile    ... finished proof: closed. 
104618     INFO  main            d.u.i.k.p.i.AbstractProblemLoader Loading environment from /home/runner/work/key/key/key.core/../key.ui/examples/heap/permissions/threads/AFilter_postJoin_accessible.key.proof 
104618     DEBUG main            d.u.i.k.p.i.AbstractProblemLoader Environment load took 129.3ns 
104619     INFO  main            d.u.i.k.p.i.AbstractProblemLoader Creating init config 
108896     DEBUG main            d.u.i.k.p.i.AbstractProblemLoader Init config took 4.28s 
108977     INFO  main            d.u.i.k.p.i.AbstractProblemLoader Replaying proof AFilter[ThreadSpec2::postJoin(java.lang.Object)].JML accessible clause.0 
108984     DEBUG main            d.u.i.k.p.i.IntermediateProofReplayer Proof replay took 5.28ms 
108985     DEBUG main            d.u.i.k.p.r.p.TestFile    ... success: reloaded. 
108986     INFO  main            d.u.i.k.p.r.p.TestFile    Now processing file /home/runner/work/key/key/key.core/../key.ui/examples/heap/permissions/threads/AFilter_preStart_accessible.key 
108986     INFO  main            d.u.i.k.p.i.AbstractProblemLoader Loading environment from /home/runner/work/key/key/key.core/../key.ui/examples/heap/permissions/threads/AFilter_preStart_accessible.key 
108986     DEBUG main            d.u.i.k.p.i.AbstractProblemLoader Environment load took 90.2ns 
108987     INFO  main            d.u.i.k.p.i.AbstractProblemLoader Creating init config 
113291     DEBUG main            d.u.i.k.p.i.AbstractProblemLoader Init config took 4.3s 
113372     INFO  main            d.u.i.k.p.i.AbstractProblemLoader Replaying proof AFilter[ThreadSpec2::preStart(java.lang.Object)].JML accessible clause.0 
113373     DEBUG main            d.u.i.k.p.i.IntermediateProofReplayer Proof replay took 7.7ns 
113676     INFO  main            d.u.i.k.p.r.p.TestFile    ... finished proof: closed. 
113904     INFO  main            d.u.i.k.p.i.AbstractProblemLoader Loading environment from /home/runner/work/key/key/key.core/../key.ui/examples/heap/permissions/threads/AFilter_preStart_accessible.key.proof 
113904     DEBUG main            d.u.i.k.p.i.AbstractProblemLoader Environment load took 125ns 
113905     INFO  main            d.u.i.k.p.i.AbstractProblemLoader Creating init config 
118213     DEBUG main            d.u.i.k.p.i.AbstractProblemLoader Init config took 4.31s 
118294     INFO  main            d.u.i.k.p.i.AbstractProblemLoader Replaying proof AFilter[ThreadSpec2::preStart(java.lang.Object)].JML accessible clause.0 
118320     DEBUG main            d.u.i.k.p.i.IntermediateProofReplayer Proof replay took 23.23ms 
118321     DEBUG main            d.u.i.k.p.r.p.TestFile    ... success: reloaded. 
118323     INFO  main            d.u.i.k.p.r.p.TestFile    Now processing file /home/runner/work/key/key/key.core/../key.ui/examples/heap/permissions/threads/AFilter_startTransfer_accessible.key 
118323     INFO  main            d.u.i.k.p.i.AbstractProblemLoader Loading environment from /home/runner/work/key/key/key.core/../key.ui/examples/heap/permissions/threads/AFilter_startTransfer_accessible.key 
118323     DEBUG main            d.u.i.k.p.i.AbstractProblemLoader Environment load took 93.2ns 
118324     INFO  main            d.u.i.k.p.i.AbstractProblemLoader Creating init config 
122616     DEBUG main            d.u.i.k.p.i.AbstractProblemLoader Init config took 4.29s 
122697     INFO  main            d.u.i.k.p.i.AbstractProblemLoader Replaying proof AFilter[ThreadSpec2::startTransfer()].JML accessible clause.0 
122698     DEBUG main            d.u.i.k.p.i.IntermediateProofReplayer Proof replay took 7.3ns 
128512     INFO  main            d.u.i.k.p.r.p.TestFile    ... finished proof: closed. 
128792     INFO  main            d.u.i.k.p.i.AbstractProblemLoader Loading environment from /home/runner/work/key/key/key.core/../key.ui/examples/heap/permissions/threads/AFilter_startTransfer_accessible.key.proof 
128794     DEBUG main            d.u.i.k.p.i.AbstractProblemLoader Environment load took 2.79ms 
128796     INFO  main            d.u.i.k.p.i.AbstractProblemLoader Creating init config 
133012     DEBUG main            d.u.i.k.p.i.AbstractProblemLoader Init config took 4.22s 
133105     INFO  main            d.u.i.k.p.i.AbstractProblemLoader Replaying proof AFilter[ThreadSpec2::startTransfer()].JML accessible clause.0 
133426     DEBUG main            d.u.i.k.p.i.IntermediateProofReplayer Proof replay took 307.01ms 
133428     DEBUG main            d.u.i.k.p.r.p.TestFile    ... success: reloaded. 
133429     INFO  main            d.u.i.k.p.r.p.TestFile    Now processing file /home/runner/work/key/key/key.core/../key.ui/examples/heap/permissions/threads/AFilter_startTransfer_contract.key 
133429     INFO  main            d.u.i.k.p.i.AbstractProblemLoader Loading environment from /home/runner/work/key/key/key.core/../key.ui/examples/heap/permissions/threads/AFilter_startTransfer_contract.key 
133429     DEBUG main            d.u.i.k.p.i.AbstractProblemLoader Environment load took 173.2ns 
133430     INFO  main            d.u.i.k.p.i.AbstractProblemLoader Creating init config 
137756     DEBUG main            d.u.i.k.p.i.AbstractProblemLoader Init config took 4.33s 
137867     INFO  main            d.u.i.k.p.i.AbstractProblemLoader Replaying proof AFilter[ThreadSpec2::startTransfer()].JML model_behavior operation contract.0 
137868     DEBUG main            d.u.i.k.p.i.IntermediateProofReplayer Proof replay took 7.5ns 
138277     INFO  main            d.u.i.k.p.r.p.TestFile    ... finished proof: closed. 
138541     INFO  main            d.u.i.k.p.i.AbstractProblemLoader Loading environment from /home/runner/work/key/key/key.core/../key.ui/examples/heap/permissions/threads/AFilter_startTransfer_contract.key.proof 
138541     DEBUG main            d.u.i.k.p.i.AbstractProblemLoader Environment load took 375.61ns 
138542     INFO  main            d.u.i.k.p.i.AbstractProblemLoader Creating init config 
142763     DEBUG main            d.u.i.k.p.i.AbstractProblemLoader Init config took 4.22s 
142862     INFO  main            d.u.i.k.p.i.AbstractProblemLoader Replaying proof AFilter[ThreadSpec2::startTransfer()].JML model_behavior operation contract.0 
142912     DEBUG main            d.u.i.k.p.i.IntermediateProofReplayer Proof replay took 44.12ms 
142914     DEBUG main            d.u.i.k.p.r.p.TestFile    ... success: reloaded. 
142915     INFO  main            d.u.i.k.p.r.p.TestFile    Now processing file /home/runner/work/key/key/key.core/../key.ui/examples/heap/permissions/threads/AFilter_stateInv_accessible.key 
142916     INFO  main            d.u.i.k.p.i.AbstractProblemLoader Loading environment from /home/runner/work/key/key/key.core/../key.ui/examples/heap/permissions/threads/AFilter_stateInv_accessible.key 
142916     DEBUG main            d.u.i.k.p.i.AbstractProblemLoader Environment load took 188.5ns 
142917     INFO  main            d.u.i.k.p.i.AbstractProblemLoader Creating init config 
147254     DEBUG main            d.u.i.k.p.i.AbstractProblemLoader Init config took 4.34s 
147362     INFO  main            d.u.i.k.p.i.AbstractProblemLoader Replaying proof AFilter[ThreadSpec2::stateInv()].JML accessible clause.0 
147363     DEBUG main            d.u.i.k.p.i.IntermediateProofReplayer Proof replay took 7.4ns 
147666     INFO  main            d.u.i.k.p.r.p.TestFile    ... finished proof: closed. 
147938     INFO  main            d.u.i.k.p.i.AbstractProblemLoader Loading environment from /home/runner/work/key/key/key.core/../key.ui/examples/heap/permissions/threads/AFilter_stateInv_accessible.key.proof 
147938     DEBUG main            d.u.i.k.p.i.AbstractProblemLoader Environment load took 128.2ns 
147941     INFO  main            d.u.i.k.p.i.AbstractProblemLoader Creating init config 
152184     DEBUG main            d.u.i.k.p.i.AbstractProblemLoader Init config took 4.24s 
152263     INFO  main            d.u.i.k.p.i.AbstractProblemLoader Replaying proof AFilter[ThreadSpec2::stateInv()].JML accessible clause.0 
152291     DEBUG main            d.u.i.k.p.i.IntermediateProofReplayer Proof replay took 25.4ms 
152292     DEBUG main            d.u.i.k.p.r.p.TestFile    ... success: reloaded. 
152294     INFO  main            d.u.i.k.p.r.p.TestFile    Now processing file /home/runner/work/key/key/key.core/../key.ui/examples/heap/permissions/threads/AFilter_staticPermissions_accessible.key 
152294     INFO  main            d.u.i.k.p.i.AbstractProblemLoader Loading environment from /home/runner/work/key/key/key.core/../key.ui/examples/heap/permissions/threads/AFilter_staticPermissions_accessible.key 
152294     DEBUG main            d.u.i.k.p.i.AbstractProblemLoader Environment load took 216.2ns 
152295     INFO  main            d.u.i.k.p.i.AbstractProblemLoader Creating init config 
156624     DEBUG main            d.u.i.k.p.i.AbstractProblemLoader Init config took 4.33s 
156705     INFO  main            d.u.i.k.p.i.AbstractProblemLoader Replaying proof AFilter[ThreadSpec2::staticPermissions()].JML accessible clause.0 
156707     DEBUG main            d.u.i.k.p.i.IntermediateProofReplayer Proof replay took 7ns 
156809     INFO  main            d.u.i.k.p.r.p.TestFile    ... finished proof: closed. 
157074     INFO  main            d.u.i.k.p.i.AbstractProblemLoader Loading environment from /home/runner/work/key/key/key.core/../key.ui/examples/heap/permissions/threads/AFilter_staticPermissions_accessible.key.proof 
157074     DEBUG main            d.u.i.k.p.i.AbstractProblemLoader Environment load took 157.8ns 
157075     INFO  main            d.u.i.k.p.i.AbstractProblemLoader Creating init config 
161293     DEBUG main            d.u.i.k.p.i.AbstractProblemLoader Init config took 4.22s 
161373     INFO  main            d.u.i.k.p.i.AbstractProblemLoader Replaying proof AFilter[ThreadSpec2::staticPermissions()].JML accessible clause.0 
161381     DEBUG main            d.u.i.k.p.i.IntermediateProofReplayer Proof replay took 6.9ms 
161382     DEBUG main            d.u.i.k.p.r.p.TestFile    ... success: reloaded. 
161383     INFO  main            d.u.i.k.p.r.p.TestFile    Now processing file /home/runner/work/key/key/key.core/../key.ui/examples/heap/permissions/threads/AFilter_workingPermissions_accessible.key 
161384     INFO  main            d.u.i.k.p.i.AbstractProblemLoader Loading environment from /home/runner/work/key/key/key.core/../key.ui/examples/heap/permissions/threads/AFilter_workingPermissions_accessible.key 
161384     DEBUG main            d.u.i.k.p.i.AbstractProblemLoader Environment load took 114.7ns 
161385     INFO  main            d.u.i.k.p.i.AbstractProblemLoader Creating init config 
165709     DEBUG main            d.u.i.k.p.i.AbstractProblemLoader Init config took 4.32s 
165790     INFO  main            d.u.i.k.p.i.AbstractProblemLoader Replaying proof AFilter[ThreadSpec2::workingPermissions()].JML accessible clause.0 
165793     DEBUG main            d.u.i.k.p.i.IntermediateProofReplayer Proof replay took 7.8ns 
165894     INFO  main            d.u.i.k.p.r.p.TestFile    ... finished proof: closed. 
166164     INFO  main            d.u.i.k.p.i.AbstractProblemLoader Loading environment from /home/runner/work/key/key/key.core/../key.ui/examples/heap/permissions/threads/AFilter_workingPermissions_accessible.key.proof 
166164     DEBUG main            d.u.i.k.p.i.AbstractProblemLoader Environment load took 144.5ns 
166165     INFO  main            d.u.i.k.p.i.AbstractProblemLoader Creating init config 
170418     DEBUG main            d.u.i.k.p.i.AbstractProblemLoader Init config took 4.25s 
170496     INFO  main            d.u.i.k.p.i.AbstractProblemLoader Replaying proof AFilter[ThreadSpec2::workingPermissions()].JML accessible clause.0 
170504     DEBUG main            d.u.i.k.p.i.IntermediateProofReplayer Proof replay took 6.26ms 
170505     DEBUG main            d.u.i.k.p.r.p.TestFile    ... success: reloaded. 
170506     INFO  main            d.u.i.k.p.r.p.TestFile    Now processing file /home/runner/work/key/key/key.core/../key.ui/examples/heap/permissions/threads/BFilter_BFilter.key 
170506     INFO  main            d.u.i.k.p.i.AbstractProblemLoader Loading environment from /home/runner/work/key/key/key.core/../key.ui/examples/heap/permissions/threads/BFilter_BFilter.key 
170506     DEBUG main            d.u.i.k.p.i.AbstractProblemLoader Environment load took 94.4ns 
170507     INFO  main            d.u.i.k.p.i.AbstractProblemLoader Creating init config 
174788     DEBUG main            d.u.i.k.p.i.AbstractProblemLoader Init config took 4.28s 
174876     INFO  main            d.u.i.k.p.i.AbstractProblemLoader Replaying proof BFilter[BFilter::BFilter(Sampler,Buffer)].JML normal_behavior operation contract.0 
174880     DEBUG main            d.u.i.k.p.i.IntermediateProofReplayer Proof replay took 7.8ns 
175784     INFO  main            d.u.i.k.p.r.p.TestFile    ... finished proof: closed. 
176127     INFO  main            d.u.i.k.p.i.AbstractProblemLoader Loading environment from /home/runner/work/key/key/key.core/../key.ui/examples/heap/permissions/threads/BFilter_BFilter.key.proof 
176128     DEBUG main            d.u.i.k.p.i.AbstractProblemLoader Environment load took 1.37ms 
176130     INFO  main            d.u.i.k.p.i.AbstractProblemLoader Creating init config 
180336     DEBUG main            d.u.i.k.p.i.AbstractProblemLoader Init config took 4.21s 
180416     INFO  main            d.u.i.k.p.i.AbstractProblemLoader Replaying proof BFilter[BFilter::BFilter(Sampler,Buffer)].JML normal_behavior operation contract.0 
180542     DEBUG main            d.u.i.k.p.i.IntermediateProofReplayer Proof replay took 121.38ms 
180543     DEBUG main            d.u.i.k.p.r.p.TestFile    ... success: reloaded. 
180544     INFO  main            d.u.i.k.p.r.p.TestFile    Now processing file /home/runner/work/key/key/key.core/../key.ui/examples/heap/permissions/threads/BFilter_initPost_accessible.key 
180544     INFO  main            d.u.i.k.p.i.AbstractProblemLoader Loading environment from /home/runner/work/key/key/key.core/../key.ui/examples/heap/permissions/threads/BFilter_initPost_accessible.key 
180545     DEBUG main            d.u.i.k.p.i.AbstractProblemLoader Environment load took 202.1ns 
180545     INFO  main            d.u.i.k.p.i.AbstractProblemLoader Creating init config 
184868     DEBUG main            d.u.i.k.p.i.AbstractProblemLoader Init config took 4.32s 
184964     INFO  main            d.u.i.k.p.i.AbstractProblemLoader Replaying proof BFilter[ThreadSpec2::initPost()].JML accessible clause.0 
184966     DEBUG main            d.u.i.k.p.i.IntermediateProofReplayer Proof replay took 5.8ns 
185068     INFO  main            d.u.i.k.p.r.p.TestFile    ... finished proof: closed. 
185348     INFO  main            d.u.i.k.p.i.AbstractProblemLoader Loading environment from /home/runner/work/key/key/key.core/../key.ui/examples/heap/permissions/threads/BFilter_initPost_accessible.key.proof 
185348     DEBUG main            d.u.i.k.p.i.AbstractProblemLoader Environment load took 128.2ns 
185349     INFO  main            d.u.i.k.p.i.AbstractProblemLoader Creating init config 
189543     DEBUG main            d.u.i.k.p.i.AbstractProblemLoader Init config took 4.19s 
189622     INFO  main            d.u.i.k.p.i.AbstractProblemLoader Replaying proof BFilter[ThreadSpec2::initPost()].JML accessible clause.0 
189631     DEBUG main            d.u.i.k.p.i.IntermediateProofReplayer Proof replay took 7.41ms 
189632     DEBUG main            d.u.i.k.p.r.p.TestFile    ... success: reloaded. 
189633     INFO  main            d.u.i.k.p.r.p.TestFile    Now processing file /home/runner/work/key/key/key.core/../key.ui/examples/heap/permissions/threads/BFilter_inv_accessible1.key 
189634     INFO  main            d.u.i.k.p.i.AbstractProblemLoader Loading environment from /home/runner/work/key/key/key.core/../key.ui/examples/heap/permissions/threads/BFilter_inv_accessible1.key 
189634     DEBUG main            d.u.i.k.p.i.AbstractProblemLoader Environment load took 76.6ns 
189634     INFO  main            d.u.i.k.p.i.AbstractProblemLoader Creating init config 
193963     DEBUG main            d.u.i.k.p.i.AbstractProblemLoader Init config took 4.33s 
194042     INFO  main            d.u.i.k.p.i.AbstractProblemLoader Replaying proof BFilter[java.lang.Object::<inv>()].JML accessible clause.0 
194044     DEBUG main            d.u.i.k.p.i.IntermediateProofReplayer Proof replay took 6.7ns 
194146     INFO  main            d.u.i.k.p.r.p.TestFile    ... finished proof: closed. 
194430     INFO  main            d.u.i.k.p.i.AbstractProblemLoader Loading environment from /home/runner/work/key/key/key.core/../key.ui/examples/heap/permissions/threads/BFilter_inv_accessible1.key.proof 
194430     DEBUG main            d.u.i.k.p.i.AbstractProblemLoader Environment load took 111.5ns 
194431     INFO  main            d.u.i.k.p.i.AbstractProblemLoader Creating init config 
198638     DEBUG main            d.u.i.k.p.i.AbstractProblemLoader Init config took 4.21s 
198730     INFO  main            d.u.i.k.p.i.AbstractProblemLoader Replaying proof BFilter[java.lang.Object::<inv>()].JML accessible clause.0 
198733     DEBUG main            d.u.i.k.p.i.IntermediateProofReplayer Proof replay took 1.43ms 
198733     DEBUG main            d.u.i.k.p.r.p.TestFile    ... success: reloaded. 
198734     INFO  main            d.u.i.k.p.r.p.TestFile    Now processing file /home/runner/work/key/key/key.core/../key.ui/examples/heap/permissions/threads/BFilter_inv_accessible2.key 
198735     INFO  main            d.u.i.k.p.i.AbstractProblemLoader Loading environment from /home/runner/work/key/key/key.core/../key.ui/examples/heap/permissions/threads/BFilter_inv_accessible2.key 
198735     DEBUG main            d.u.i.k.p.i.AbstractProblemLoader Environment load took 66.5ns 
198736     INFO  main            d.u.i.k.p.i.AbstractProblemLoader Creating init config 
203008     DEBUG main            d.u.i.k.p.i.AbstractProblemLoader Init config took 4.27s 
203087     INFO  main            d.u.i.k.p.i.AbstractProblemLoader Replaying proof BFilter[java.lang.Object::<inv>()].JML accessible clause.1 
203089     DEBUG main            d.u.i.k.p.i.IntermediateProofReplayer Proof replay took 7ns 
203195     INFO  main            d.u.i.k.p.r.p.TestFile    ... finished proof: closed. 
203494     INFO  main            d.u.i.k.p.i.AbstractProblemLoader Loading environment from /home/runner/work/key/key/key.core/../key.ui/examples/heap/permissions/threads/BFilter_inv_accessible2.key.proof 
203494     DEBUG main            d.u.i.k.p.i.AbstractProblemLoader Environment load took 122.5ns 
203495     INFO  main            d.u.i.k.p.i.AbstractProblemLoader Creating init config 
207701     DEBUG main            d.u.i.k.p.i.AbstractProblemLoader Init config took 4.21s 
207785     INFO  main            d.u.i.k.p.i.AbstractProblemLoader Replaying proof BFilter[java.lang.Object::<inv>()].JML accessible clause.1 
207789     DEBUG main            d.u.i.k.p.i.IntermediateProofReplayer Proof replay took 1.5ms 
207794     DEBUG main            d.u.i.k.p.r.p.TestFile    ... success: reloaded. 
207795     INFO  main            d.u.i.k.p.r.p.TestFile    Now processing file /home/runner/work/key/key/key.core/../key.ui/examples/heap/permissions/threads/BFilter_joinTransfer_accessible.key 
207795     INFO  main            d.u.i.k.p.i.AbstractProblemLoader Loading environment from /home/runner/work/key/key/key.core/../key.ui/examples/heap/permissions/threads/BFilter_joinTransfer_accessible.key 
207795     DEBUG main            d.u.i.k.p.i.AbstractProblemLoader Environment load took 172.2ns 
207796     INFO  main            d.u.i.k.p.i.AbstractProblemLoader Creating init config 
212077     DEBUG main            d.u.i.k.p.i.AbstractProblemLoader Init config took 4.28s 
212170     INFO  main            d.u.i.k.p.i.AbstractProblemLoader Replaying proof BFilter[ThreadSpec2::joinTransfer()].JML accessible clause.0 
212172     DEBUG main            d.u.i.k.p.i.IntermediateProofReplayer Proof replay took 6.8ns 
215282     INFO  main            d.u.i.k.p.r.p.TestFile    ... finished proof: closed. 
215603     INFO  main            d.u.i.k.p.i.AbstractProblemLoader Loading environment from /home/runner/work/key/key/key.core/../key.ui/examples/heap/permissions/threads/BFilter_joinTransfer_accessible.key.proof 
215603     DEBUG main            d.u.i.k.p.i.AbstractProblemLoader Environment load took 367.31ns 
215605     INFO  main            d.u.i.k.p.i.AbstractProblemLoader Creating init config 
219825     DEBUG main            d.u.i.k.p.i.AbstractProblemLoader Init config took 4.22s 
219903     INFO  main            d.u.i.k.p.i.AbstractProblemLoader Replaying proof BFilter[ThreadSpec2::joinTransfer()].JML accessible clause.0 
220107     DEBUG main            d.u.i.k.p.i.IntermediateProofReplayer Proof replay took 194.43ms 
220108     DEBUG main            d.u.i.k.p.r.p.TestFile    ... success: reloaded. 
220109     INFO  main            d.u.i.k.p.r.p.TestFile    Now processing file /home/runner/work/key/key/key.core/../key.ui/examples/heap/permissions/threads/BFilter_joinTransfer_contract.key 
220109     INFO  main            d.u.i.k.p.i.AbstractProblemLoader Loading environment from /home/runner/work/key/key/key.core/../key.ui/examples/heap/permissions/threads/BFilter_joinTransfer_contract.key 
220109     DEBUG main            d.u.i.k.p.i.AbstractProblemLoader Environment load took 169.9ns 
220110     INFO  main            d.u.i.k.p.i.AbstractProblemLoader Creating init config 
224406     DEBUG main            d.u.i.k.p.i.AbstractProblemLoader Init config took 4.3s 
224488     INFO  main            d.u.i.k.p.i.AbstractProblemLoader Replaying proof BFilter[ThreadSpec2::joinTransfer()].JML model_behavior operation contract.0 
224490     DEBUG main            d.u.i.k.p.i.IntermediateProofReplayer Proof replay took 7.4ns 
224593     INFO  main            d.u.i.k.p.r.p.TestFile    ... finished proof: closed. 
225033     INFO  main            d.u.i.k.p.i.AbstractProblemLoader Loading environment from /home/runner/work/key/key/key.core/../key.ui/examples/heap/permissions/threads/BFilter_joinTransfer_contract.key.proof 
225033     DEBUG main            d.u.i.k.p.i.AbstractProblemLoader Environment load took 111.7ns 
225034     INFO  main            d.u.i.k.p.i.AbstractProblemLoader Creating init config 
229240     DEBUG main            d.u.i.k.p.i.AbstractProblemLoader Init config took 4.21s 
229331     INFO  main            d.u.i.k.p.i.AbstractProblemLoader Replaying proof BFilter[ThreadSpec2::joinTransfer()].JML model_behavior operation contract.0 
229339     DEBUG main            d.u.i.k.p.i.IntermediateProofReplayer Proof replay took 6.36ms 
229340     DEBUG main            d.u.i.k.p.r.p.TestFile    ... success: reloaded. 
229342     INFO  main            d.u.i.k.p.r.p.TestFile    Now processing file /home/runner/work/key/key/key.core/../key.ui/examples/heap/permissions/threads/BFilter_postJoin_accessible.key 
229342     INFO  main            d.u.i.k.p.i.AbstractProblemLoader Loading environment from /home/runner/work/key/key/key.core/../key.ui/examples/heap/permissions/threads/BFilter_postJoin_accessible.key 
229342     DEBUG main            d.u.i.k.p.i.AbstractProblemLoader Environment load took 182.5ns 
229343     INFO  main            d.u.i.k.p.i.AbstractProblemLoader Creating init config 
233638     DEBUG main            d.u.i.k.p.i.AbstractProblemLoader Init config took 4.3s 
233717     INFO  main            d.u.i.k.p.i.AbstractProblemLoader Replaying proof BFilter[ThreadSpec2::postJoin(java.lang.Object)].JML accessible clause.0 
233719     DEBUG main            d.u.i.k.p.i.IntermediateProofReplayer Proof replay took 6.6ns 
233822     INFO  main            d.u.i.k.p.r.p.TestFile    ... finished proof: closed. 
234187     INFO  main            d.u.i.k.p.i.AbstractProblemLoader Loading environment from /home/runner/work/key/key/key.core/../key.ui/examples/heap/permissions/threads/BFilter_postJoin_accessible.key.proof 
234187     DEBUG main            d.u.i.k.p.i.AbstractProblemLoader Environment load took 123.5ns 
234188     INFO  main            d.u.i.k.p.i.AbstractProblemLoader Creating init config 
238426     DEBUG main            d.u.i.k.p.i.AbstractProblemLoader Init config took 4.24s 
238504     INFO  main            d.u.i.k.p.i.AbstractProblemLoader Replaying proof BFilter[ThreadSpec2::postJoin(java.lang.Object)].JML accessible clause.0 
238510     DEBUG main            d.u.i.k.p.i.IntermediateProofReplayer Proof replay took 4.63ms 
238511     DEBUG main            d.u.i.k.p.r.p.TestFile    ... success: reloaded. 
238512     INFO  main            d.u.i.k.p.r.p.TestFile    Now processing file /home/runner/work/key/key/key.core/../key.ui/examples/heap/permissions/threads/BFilter_preStart_accessible.key 
238512     INFO  main            d.u.i.k.p.i.AbstractProblemLoader Loading environment from /home/runner/work/key/key/key.core/../key.ui/examples/heap/permissions/threads/BFilter_preStart_accessible.key 
238512     DEBUG main            d.u.i.k.p.i.AbstractProblemLoader Environment load took 50.1ns 
238513     INFO  main            d.u.i.k.p.i.AbstractProblemLoader Creating init config 
242747     DEBUG main            d.u.i.k.p.i.AbstractProblemLoader Init config took 4.23s 
242825     INFO  main            d.u.i.k.p.i.AbstractProblemLoader Replaying proof BFilter[ThreadSpec2::preStart(java.lang.Object)].JML accessible clause.0 
242826     DEBUG main            d.u.i.k.p.i.IntermediateProofReplayer Proof replay took 7.6ns 
243141     INFO  main            d.u.i.k.p.r.p.TestFile    ... finished proof: closed. 
243458     INFO  main            d.u.i.k.p.i.AbstractProblemLoader Loading environment from /home/runner/work/key/key/key.core/../key.ui/examples/heap/permissions/threads/BFilter_preStart_accessible.key.proof 
243458     DEBUG main            d.u.i.k.p.i.AbstractProblemLoader Environment load took 106.3ns 
243459     INFO  main            d.u.i.k.p.i.AbstractProblemLoader Creating init config 
247674     DEBUG main            d.u.i.k.p.i.AbstractProblemLoader Init config took 4.22s 
247752     INFO  main            d.u.i.k.p.i.AbstractProblemLoader Replaying proof BFilter[ThreadSpec2::preStart(java.lang.Object)].JML accessible clause.0 
247774     DEBUG main            d.u.i.k.p.i.IntermediateProofReplayer Proof replay took 19.08ms 
247775     DEBUG main            d.u.i.k.p.r.p.TestFile    ... success: reloaded. 
247775     INFO  main            d.u.i.k.p.r.p.TestFile    Now processing file /home/runner/work/key/key/key.core/../key.ui/examples/heap/permissions/threads/BFilter_startTransfer_accessible.key 
247776     INFO  main            d.u.i.k.p.i.AbstractProblemLoader Loading environment from /home/runner/work/key/key/key.core/../key.ui/examples/heap/permissions/threads/BFilter_startTransfer_accessible.key 
247776     DEBUG main            d.u.i.k.p.i.AbstractProblemLoader Environment load took 78.7ns 
247777     INFO  main            d.u.i.k.p.i.AbstractProblemLoader Creating init config 
252072     DEBUG main            d.u.i.k.p.i.AbstractProblemLoader Init config took 4.3s 
252149     INFO  main            d.u.i.k.p.i.AbstractProblemLoader Replaying proof BFilter[ThreadSpec2::startTransfer()].JML accessible clause.0 
252151     DEBUG main            d.u.i.k.p.i.IntermediateProofReplayer Proof replay took 7.1ns 
257685     INFO  main            d.u.i.k.p.r.p.TestFile    ... finished proof: closed. 
258039     INFO  main            d.u.i.k.p.i.AbstractProblemLoader Loading environment from /home/runner/work/key/key/key.core/../key.ui/examples/heap/permissions/threads/BFilter_startTransfer_accessible.key.proof 
258040     DEBUG main            d.u.i.k.p.i.AbstractProblemLoader Environment load took 112.4ns 
258041     INFO  main            d.u.i.k.p.i.AbstractProblemLoader Creating init config 
262273     DEBUG main            d.u.i.k.p.i.AbstractProblemLoader Init config took 4.23s 
262351     INFO  main            d.u.i.k.p.i.AbstractProblemLoader Replaying proof BFilter[ThreadSpec2::startTransfer()].JML accessible clause.0 
262656     DEBUG main            d.u.i.k.p.i.IntermediateProofReplayer Proof replay took 294.22ms 
262658     DEBUG main            d.u.i.k.p.r.p.TestFile    ... success: reloaded. 
262659     INFO  main            d.u.i.k.p.r.p.TestFile    Now processing file /home/runner/work/key/key/key.core/../key.ui/examples/heap/permissions/threads/BFilter_startTransfer_contract.key 
262659     INFO  main            d.u.i.k.p.i.AbstractProblemLoader Loading environment from /home/runner/work/key/key/key.core/../key.ui/examples/heap/permissions/threads/BFilter_startTransfer_contract.key 
262659     DEBUG main            d.u.i.k.p.i.AbstractProblemLoader Environment load took 77.2ns 
262660     INFO  main            d.u.i.k.p.i.AbstractProblemLoader Creating init config 
266961     DEBUG main            d.u.i.k.p.i.AbstractProblemLoader Init config took 4.3s 
267056     INFO  main            d.u.i.k.p.i.AbstractProblemLoader Replaying proof BFilter[ThreadSpec2::startTransfer()].JML model_behavior operation contract.0 
267058     DEBUG main            d.u.i.k.p.i.IntermediateProofReplayer Proof replay took 7.5ns 
268165     INFO  main            d.u.i.k.p.r.p.TestFile    ... finished proof: closed. 
268521     INFO  main            d.u.i.k.p.i.AbstractProblemLoader Loading environment from /home/runner/work/key/key/key.core/../key.ui/examples/heap/permissions/threads/BFilter_startTransfer_contract.key.proof 
268522     DEBUG main            d.u.i.k.p.i.AbstractProblemLoader Environment load took 340.41ns 
268523     INFO  main            d.u.i.k.p.i.AbstractProblemLoader Creating init config 
272739     DEBUG main            d.u.i.k.p.i.AbstractProblemLoader Init config took 4.22s 
272819     INFO  main            d.u.i.k.p.i.AbstractProblemLoader Replaying proof BFilter[ThreadSpec2::startTransfer()].JML model_behavior operation contract.0 
272913     DEBUG main            d.u.i.k.p.i.IntermediateProofReplayer Proof replay took 87.36ms 
272914     DEBUG main            d.u.i.k.p.r.p.TestFile    ... success: reloaded. 
272915     INFO  main            d.u.i.k.p.r.p.TestFile    Now processing file /home/runner/work/key/key/key.core/../key.ui/examples/heap/permissions/threads/BFilter_stateInv_accessible.key 
272915     INFO  main            d.u.i.k.p.i.AbstractProblemLoader Loading environment from /home/runner/work/key/key/key.core/../key.ui/examples/heap/permissions/threads/BFilter_stateInv_accessible.key 
272915     DEBUG main            d.u.i.k.p.i.AbstractProblemLoader Environment load took 92ns 
272916     INFO  main            d.u.i.k.p.i.AbstractProblemLoader Creating init config 
277194     DEBUG main            d.u.i.k.p.i.AbstractProblemLoader Init config took 4.28s 
277272     INFO  main            d.u.i.k.p.i.AbstractProblemLoader Replaying proof BFilter[ThreadSpec2::stateInv()].JML accessible clause.0 
277273     DEBUG main            d.u.i.k.p.i.IntermediateProofReplayer Proof replay took 7.6ns 
277575     INFO  main            d.u.i.k.p.r.p.TestFile    ... finished proof: closed. 
277911     INFO  main            d.u.i.k.p.i.AbstractProblemLoader Loading environment from /home/runner/work/key/key/key.core/../key.ui/examples/heap/permissions/threads/BFilter_stateInv_accessible.key.proof 
277911     DEBUG main            d.u.i.k.p.i.AbstractProblemLoader Environment load took 105.1ns 
277912     INFO  main            d.u.i.k.p.i.AbstractProblemLoader Creating init config 
282096     DEBUG main            d.u.i.k.p.i.AbstractProblemLoader Init config took 4.18s 
282185     INFO  main            d.u.i.k.p.i.AbstractProblemLoader Replaying proof BFilter[ThreadSpec2::stateInv()].JML accessible clause.0 
282212     DEBUG main            d.u.i.k.p.i.IntermediateProofReplayer Proof replay took 24.18ms 
282213     DEBUG main            d.u.i.k.p.r.p.TestFile    ... success: reloaded. 
282214     INFO  main            d.u.i.k.p.r.p.TestFile    Now processing file /home/runner/work/key/key/key.core/../key.ui/examples/heap/permissions/threads/BFilter_staticPermissions_accessible.key 
282214     INFO  main            d.u.i.k.p.i.AbstractProblemLoader Loading environment from /home/runner/work/key/key/key.core/../key.ui/examples/heap/permissions/threads/BFilter_staticPermissions_accessible.key 
282214     DEBUG main            d.u.i.k.p.i.AbstractProblemLoader Environment load took 80.8ns 
282215     INFO  main            d.u.i.k.p.i.AbstractProblemLoader Creating init config 
286487     DEBUG main            d.u.i.k.p.i.AbstractProblemLoader Init config took 4.27s 
286565     INFO  main            d.u.i.k.p.i.AbstractProblemLoader Replaying proof BFilter[ThreadSpec2::staticPermissions()].JML accessible clause.0 
286567     DEBUG main            d.u.i.k.p.i.IntermediateProofReplayer Proof replay took 6.8ns 
286668     INFO  main            d.u.i.k.p.r.p.TestFile    ... finished proof: closed. 
287022     INFO  main            d.u.i.k.p.i.AbstractProblemLoader Loading environment from /home/runner/work/key/key/key.core/../key.ui/examples/heap/permissions/threads/BFilter_staticPermissions_accessible.key.proof 
287022     DEBUG main            d.u.i.k.p.i.AbstractProblemLoader Environment load took 96.7ns 
287023     INFO  main            d.u.i.k.p.i.AbstractProblemLoader Creating init config 
291223     DEBUG main            d.u.i.k.p.i.AbstractProblemLoader Init config took 4.2s 
291300     INFO  main            d.u.i.k.p.i.AbstractProblemLoader Replaying proof BFilter[ThreadSpec2::staticPermissions()].JML accessible clause.0 
291308     DEBUG main            d.u.i.k.p.i.IntermediateProofReplayer Proof replay took 6.42ms 
291309     DEBUG main            d.u.i.k.p.r.p.TestFile    ... success: reloaded. 
291310     INFO  main            d.u.i.k.p.r.p.TestFile    Now processing file /home/runner/work/key/key/key.core/../key.ui/examples/heap/permissions/threads/BFilter_workingPermissions_accessible.key 
291310     INFO  main            d.u.i.k.p.i.AbstractProblemLoader Loading environment from /home/runner/work/key/key/key.core/../key.ui/examples/heap/permissions/threads/BFilter_workingPermissions_accessible.key 
291310     DEBUG main            d.u.i.k.p.i.AbstractProblemLoader Environment load took 88.2ns 
291311     INFO  main            d.u.i.k.p.i.AbstractProblemLoader Creating init config 
295567     DEBUG main            d.u.i.k.p.i.AbstractProblemLoader Init config took 4.26s 
295644     INFO  main            d.u.i.k.p.i.AbstractProblemLoader Replaying proof BFilter[ThreadSpec2::workingPermissions()].JML accessible clause.0 
295645     DEBUG main            d.u.i.k.p.i.IntermediateProofReplayer Proof replay took 7.2ns 
295747     INFO  main            d.u.i.k.p.r.p.TestFile    ... finished proof: closed. 
296101     INFO  main            d.u.i.k.p.i.AbstractProblemLoader Loading environment from /home/runner/work/key/key/key.core/../key.ui/examples/heap/permissions/threads/BFilter_workingPermissions_accessible.key.proof 
296101     DEBUG main            d.u.i.k.p.i.AbstractProblemLoader Environment load took 105.9ns 
296102     INFO  main            d.u.i.k.p.i.AbstractProblemLoader Creating init config 
300297     DEBUG main            d.u.i.k.p.i.AbstractProblemLoader Init config took 4.19s 
300374     INFO  main            d.u.i.k.p.i.AbstractProblemLoader Replaying proof BFilter[ThreadSpec2::workingPermissions()].JML accessible clause.0 
300381     DEBUG main            d.u.i.k.p.i.IntermediateProofReplayer Proof replay took 5.93ms 
300382     DEBUG main            d.u.i.k.p.r.p.TestFile    ... success: reloaded. 
300383     INFO  main            d.u.i.k.p.r.p.TestFile    Now processing file /home/runner/work/key/key/key.core/../key.ui/examples/heap/permissions/threads/Fib_Fib.key 
300383     INFO  main            d.u.i.k.p.i.AbstractProblemLoader Loading environment from /home/runner/work/key/key/key.core/../key.ui/examples/heap/permissions/threads/Fib_Fib.key 
300383     DEBUG main            d.u.i.k.p.i.AbstractProblemLoader Environment load took 59.4ns 
300384     INFO  main            d.u.i.k.p.i.AbstractProblemLoader Creating init config 
304639     DEBUG main            d.u.i.k.p.i.AbstractProblemLoader Init config took 4.25s 
304717     INFO  main            d.u.i.k.p.i.AbstractProblemLoader Replaying proof Fib[Fib::Fib(int)].JML normal_behavior operation contract.0 
304719     DEBUG main            d.u.i.k.p.i.IntermediateProofReplayer Proof replay took 6.6ns 
305349     INFO  main            d.u.i.k.p.r.p.TestFile    ... finished proof: closed. 
305718     INFO  main            d.u.i.k.p.i.AbstractProblemLoader Loading environment from /home/runner/work/key/key/key.core/../key.ui/examples/heap/permissions/threads/Fib_Fib.key.proof 
305718     DEBUG main            d.u.i.k.p.i.AbstractProblemLoader Environment load took 116.1ns 
305719     INFO  main            d.u.i.k.p.i.AbstractProblemLoader Creating init config 
309930     DEBUG main            d.u.i.k.p.i.AbstractProblemLoader Init config took 4.21s 
310007     INFO  main            d.u.i.k.p.i.AbstractProblemLoader Replaying proof Fib[Fib::Fib(int)].JML normal_behavior operation contract.0 
310093     DEBUG main            d.u.i.k.p.i.IntermediateProofReplayer Proof replay took 83.28ms 
310094     DEBUG main            d.u.i.k.p.r.p.TestFile    ... success: reloaded. 
310095     INFO  main            d.u.i.k.p.r.p.TestFile    Now processing file /home/runner/work/key/key/key.core/../key.ui/examples/heap/permissions/threads/Fib_initPost_accessible.key 
310095     INFO  main            d.u.i.k.p.i.AbstractProblemLoader Loading environment from /home/runner/work/key/key/key.core/../key.ui/examples/heap/permissions/threads/Fib_initPost_accessible.key 
310095     DEBUG main            d.u.i.k.p.i.AbstractProblemLoader Environment load took 77ns 
310096     INFO  main            d.u.i.k.p.i.AbstractProblemLoader Creating init config 
314367     DEBUG main            d.u.i.k.p.i.AbstractProblemLoader Init config took 4.27s 
314444     INFO  main            d.u.i.k.p.i.AbstractProblemLoader Replaying proof Fib[ThreadSpec::initPost()].JML accessible clause.0 
314445     DEBUG main            d.u.i.k.p.i.IntermediateProofReplayer Proof replay took 6.5ns 
314547     INFO  main            d.u.i.k.p.r.p.TestFile    ... finished proof: closed. 
314910     INFO  main            d.u.i.k.p.i.AbstractProblemLoader Loading environment from /home/runner/work/key/key/key.core/../key.ui/examples/heap/permissions/threads/Fib_initPost_accessible.key.proof 
314910     DEBUG main            d.u.i.k.p.i.AbstractProblemLoader Environment load took 107.3ns 
314911     INFO  main            d.u.i.k.p.i.AbstractProblemLoader Creating init config 
319111     DEBUG main            d.u.i.k.p.i.AbstractProblemLoader Init config took 4.2s 
319188     INFO  main            d.u.i.k.p.i.AbstractProblemLoader Replaying proof Fib[ThreadSpec::initPost()].JML accessible clause.0 
319193     DEBUG main            d.u.i.k.p.i.IntermediateProofReplayer Proof replay took 3.66ms 
319194     DEBUG main            d.u.i.k.p.r.p.TestFile    ... success: reloaded. 
319195     INFO  main            d.u.i.k.p.r.p.TestFile    Now processing file /home/runner/work/key/key/key.core/../key.ui/examples/heap/permissions/threads/Fib_inv1_accessible.key 
319195     INFO  main            d.u.i.k.p.i.AbstractProblemLoader Loading environment from /home/runner/work/key/key/key.core/../key.ui/examples/heap/permissions/threads/Fib_inv1_accessible.key 
319195     DEBUG main            d.u.i.k.p.i.AbstractProblemLoader Environment load took 75.6ns 
319196     INFO  main            d.u.i.k.p.i.AbstractProblemLoader Creating init config 
323449     DEBUG main            d.u.i.k.p.i.AbstractProblemLoader Init config took 4.25s 
323541     INFO  main            d.u.i.k.p.i.AbstractProblemLoader Replaying proof Fib[java.lang.Object::<inv>()].JML accessible clause.0 
323543     DEBUG main            d.u.i.k.p.i.IntermediateProofReplayer Proof replay took 6.3ns 
323644     INFO  main            d.u.i.k.p.r.p.TestFile    ... finished proof: closed. 
324012     INFO  main            d.u.i.k.p.i.AbstractProblemLoader Loading environment from /home/runner/work/key/key/key.core/../key.ui/examples/heap/permissions/threads/Fib_inv1_accessible.key.proof 
324012     DEBUG main            d.u.i.k.p.i.AbstractProblemLoader Environment load took 92.7ns 
324013     INFO  main            d.u.i.k.p.i.AbstractProblemLoader Creating init config 
328219     DEBUG main            d.u.i.k.p.i.AbstractProblemLoader Init config took 4.21s 
328295     INFO  main            d.u.i.k.p.i.AbstractProblemLoader Replaying proof Fib[java.lang.Object::<inv>()].JML accessible clause.0 
328298     DEBUG main            d.u.i.k.p.i.IntermediateProofReplayer Proof replay took 1.29ms 
328299     DEBUG main            d.u.i.k.p.r.p.TestFile    ... success: reloaded. 
328316     INFO  main            d.u.i.k.p.r.p.TestFile    Now processing file /home/runner/work/key/key/key.core/../key.ui/examples/heap/permissions/threads/Fib_inv2_accessible.key 
328316     INFO  main            d.u.i.k.p.i.AbstractProblemLoader Loading environment from /home/runner/work/key/key/key.core/../key.ui/examples/heap/permissions/threads/Fib_inv2_accessible.key 
328316     DEBUG main            d.u.i.k.p.i.AbstractProblemLoader Environment load took 65.4ns 
328317     INFO  main            d.u.i.k.p.i.AbstractProblemLoader Creating init config 
332572     DEBUG main            d.u.i.k.p.i.AbstractProblemLoader Init config took 4.25s 
332650     INFO  main            d.u.i.k.p.i.AbstractProblemLoader Replaying proof Fib[java.lang.Object::<inv>()].JML accessible clause.1 
332651     DEBUG main            d.u.i.k.p.i.IntermediateProofReplayer Proof replay took 7.6ns 
332752     INFO  main            d.u.i.k.p.r.p.TestFile    ... finished proof: closed. 
333127     INFO  main            d.u.i.k.p.i.AbstractProblemLoader Loading environment from /home/runner/work/key/key/key.core/../key.ui/examples/heap/permissions/threads/Fib_inv2_accessible.key.proof 
333127     DEBUG main            d.u.i.k.p.i.AbstractProblemLoader Environment load took 91.4ns 
333128     INFO  main            d.u.i.k.p.i.AbstractProblemLoader Creating init config 
337326     DEBUG main            d.u.i.k.p.i.AbstractProblemLoader Init config took 4.2s 
337414     INFO  main            d.u.i.k.p.i.AbstractProblemLoader Replaying proof Fib[java.lang.Object::<inv>()].JML accessible clause.1 
337417     DEBUG main            d.u.i.k.p.i.IntermediateProofReplayer Proof replay took 1.33ms 
337418     DEBUG main            d.u.i.k.p.r.p.TestFile    ... success: reloaded. 
337418     INFO  main            d.u.i.k.p.r.p.TestFile    Now processing file /home/runner/work/key/key/key.core/../key.ui/examples/heap/permissions/threads/Fib_joinTransfer_accessible.key 
337419     INFO  main            d.u.i.k.p.i.AbstractProblemLoader Loading environment from /home/runner/work/key/key/key.core/../key.ui/examples/heap/permissions/threads/Fib_joinTransfer_accessible.key 
337419     DEBUG main            d.u.i.k.p.i.AbstractProblemLoader Environment load took 50.6ns 
337420     INFO  main            d.u.i.k.p.i.AbstractProblemLoader Creating init config 
341664     DEBUG main            d.u.i.k.p.i.AbstractProblemLoader Init config took 4.24s 
341744     INFO  main            d.u.i.k.p.i.AbstractProblemLoader Replaying proof Fib[ThreadSpec::joinTransfer()].JML accessible clause.0 
341745     DEBUG main            d.u.i.k.p.i.IntermediateProofReplayer Proof replay took 6.9ns 
341947     INFO  main            d.u.i.k.p.r.p.TestFile    ... finished proof: closed. 
342336     INFO  main            d.u.i.k.p.i.AbstractProblemLoader Loading environment from /home/runner/work/key/key/key.core/../key.ui/examples/heap/permissions/threads/Fib_joinTransfer_accessible.key.proof 
342336     DEBUG main            d.u.i.k.p.i.AbstractProblemLoader Environment load took 103.1ns 
342337     INFO  main            d.u.i.k.p.i.AbstractProblemLoader Creating init config 
346530     DEBUG main            d.u.i.k.p.i.AbstractProblemLoader Init config took 4.19s 
346627     INFO  main            d.u.i.k.p.i.AbstractProblemLoader Replaying proof Fib[ThreadSpec::joinTransfer()].JML accessible clause.0 
346645     DEBUG main            d.u.i.k.p.i.IntermediateProofReplayer Proof replay took 16.71ms 
346646     DEBUG main            d.u.i.k.p.r.p.TestFile    ... success: reloaded. 
346647     INFO  main            d.u.i.k.p.r.p.TestFile    Now processing file /home/runner/work/key/key/key.core/../key.ui/examples/heap/permissions/threads/Fib_joinTransfer_contract.key 
346647     INFO  main            d.u.i.k.p.i.AbstractProblemLoader Loading environment from /home/runner/work/key/key/key.core/../key.ui/examples/heap/permissions/threads/Fib_joinTransfer_contract.key 
346647     DEBUG main            d.u.i.k.p.i.AbstractProblemLoader Environment load took 76.3ns 
346648     INFO  main            d.u.i.k.p.i.AbstractProblemLoader Creating init config 
350896     DEBUG main            d.u.i.k.p.i.AbstractProblemLoader Init config took 4.25s 
350973     INFO  main            d.u.i.k.p.i.AbstractProblemLoader Replaying proof Fib[ThreadSpec::joinTransfer()].JML model_behavior operation contract.0 
350974     DEBUG main            d.u.i.k.p.i.IntermediateProofReplayer Proof replay took 7.5ns 
351076     INFO  main            d.u.i.k.p.r.p.TestFile    ... finished proof: closed. 
351464     INFO  main            d.u.i.k.p.i.AbstractProblemLoader Loading environment from /home/runner/work/key/key/key.core/../key.ui/examples/heap/permissions/threads/Fib_joinTransfer_contract.key.proof 
351464     DEBUG main            d.u.i.k.p.i.AbstractProblemLoader Environment load took 94.8ns 
351465     INFO  main            d.u.i.k.p.i.AbstractProblemLoader Creating init config 
355672     DEBUG main            d.u.i.k.p.i.AbstractProblemLoader Init config took 4.21s 
355751     INFO  main            d.u.i.k.p.i.AbstractProblemLoader Replaying proof Fib[ThreadSpec::joinTransfer()].JML model_behavior operation contract.0 
355759     DEBUG main            d.u.i.k.p.i.IntermediateProofReplayer Proof replay took 5.77ms 
355760     DEBUG main            d.u.i.k.p.r.p.TestFile    ... success: reloaded. 
355761     INFO  main            d.u.i.k.p.r.p.TestFile    Now processing file /home/runner/work/key/key/key.core/../key.ui/examples/heap/permissions/threads/Fib_postJoin_accessible.key 
355761     INFO  main            d.u.i.k.p.i.AbstractProblemLoader Loading environment from /home/runner/work/key/key/key.core/../key.ui/examples/heap/permissions/threads/Fib_postJoin_accessible.key 
355761     DEBUG main            d.u.i.k.p.i.AbstractProblemLoader Environment load took 190.9ns 
355762     INFO  main            d.u.i.k.p.i.AbstractProblemLoader Creating init config 
360015     DEBUG main            d.u.i.k.p.i.AbstractProblemLoader Init config took 4.25s 
360108     INFO  main            d.u.i.k.p.i.AbstractProblemLoader Replaying proof Fib[ThreadSpec::postJoin(java.lang.Object)].JML accessible clause.0 
360110     DEBUG main            d.u.i.k.p.i.IntermediateProofReplayer Proof replay took 7.5ns 
360211     INFO  main            d.u.i.k.p.r.p.TestFile    ... finished proof: closed. 
360601     INFO  main            d.u.i.k.p.i.AbstractProblemLoader Loading environment from /home/runner/work/key/key/key.core/../key.ui/examples/heap/permissions/threads/Fib_postJoin_accessible.key.proof 
360602     DEBUG main            d.u.i.k.p.i.AbstractProblemLoader Environment load took 92.9ns 
360602     INFO  main            d.u.i.k.p.i.AbstractProblemLoader Creating init config 
364816     DEBUG main            d.u.i.k.p.i.AbstractProblemLoader Init config took 4.21s 
364893     INFO  main            d.u.i.k.p.i.AbstractProblemLoader Replaying proof Fib[ThreadSpec::postJoin(java.lang.Object)].JML accessible clause.0 
364899     DEBUG main            d.u.i.k.p.i.IntermediateProofReplayer Proof replay took 3.85ms 
364899     DEBUG main            d.u.i.k.p.r.p.TestFile    ... success: reloaded. 
364900     INFO  main            d.u.i.k.p.r.p.TestFile    Now processing file /home/runner/work/key/key/key.core/../key.ui/examples/heap/permissions/threads/Fib_preStart_accessible.key 
364900     INFO  main            d.u.i.k.p.i.AbstractProblemLoader Loading environment from /home/runner/work/key/key/key.core/../key.ui/examples/heap/permissions/threads/Fib_preStart_accessible.key 
364901     DEBUG main            d.u.i.k.p.i.AbstractProblemLoader Environment load took 121.3ns 
364901     INFO  main            d.u.i.k.p.i.AbstractProblemLoader Creating init config 
369168     DEBUG main            d.u.i.k.p.i.AbstractProblemLoader Init config took 4.27s 
369245     INFO  main            d.u.i.k.p.i.AbstractProblemLoader Replaying proof Fib[ThreadSpec::preStart(java.lang.Object)].JML accessible clause.0 
369246     DEBUG main            d.u.i.k.p.i.IntermediateProofReplayer Proof replay took 6.9ns 
369347     INFO  main            d.u.i.k.p.r.p.TestFile    ... finished proof: closed. 
369746     INFO  main            d.u.i.k.p.i.AbstractProblemLoader Loading environment from /home/runner/work/key/key/key.core/../key.ui/examples/heap/permissions/threads/Fib_preStart_accessible.key.proof 
369746     DEBUG main            d.u.i.k.p.i.AbstractProblemLoader Environment load took 89.5ns 
369747     INFO  main            d.u.i.k.p.i.AbstractProblemLoader Creating init config 
373968     DEBUG main            d.u.i.k.p.i.AbstractProblemLoader Init config took 4.22s 
374045     INFO  main            d.u.i.k.p.i.AbstractProblemLoader Replaying proof Fib[ThreadSpec::preStart(java.lang.Object)].JML accessible clause.0 
374051     DEBUG main            d.u.i.k.p.i.IntermediateProofReplayer Proof replay took 4.72ms 
374052     DEBUG main            d.u.i.k.p.r.p.TestFile    ... success: reloaded. 
374053     INFO  main            d.u.i.k.p.r.p.TestFile    Now processing file /home/runner/work/key/key/key.core/../key.ui/examples/heap/permissions/threads/Fib_startTransfer_accessible.key 
374054     INFO  main            d.u.i.k.p.i.AbstractProblemLoader Loading environment from /home/runner/work/key/key/key.core/../key.ui/examples/heap/permissions/threads/Fib_startTransfer_accessible.key 
374054     DEBUG main            d.u.i.k.p.i.AbstractProblemLoader Environment load took 173ns 
374055     INFO  main            d.u.i.k.p.i.AbstractProblemLoader Creating init config 
378324     DEBUG main            d.u.i.k.p.i.AbstractProblemLoader Init config took 4.27s 
378401     INFO  main            d.u.i.k.p.i.AbstractProblemLoader Replaying proof Fib[ThreadSpec::startTransfer()].JML accessible clause.0 
378402     DEBUG main            d.u.i.k.p.i.IntermediateProofReplayer Proof replay took 6ns 
378604     INFO  main            d.u.i.k.p.r.p.TestFile    ... finished proof: closed. 
379032     INFO  main            d.u.i.k.p.i.AbstractProblemLoader Loading environment from /home/runner/work/key/key/key.core/../key.ui/examples/heap/permissions/threads/Fib_startTransfer_accessible.key.proof 
379032     DEBUG main            d.u.i.k.p.i.AbstractProblemLoader Environment load took 93.5ns 
379033     INFO  main            d.u.i.k.p.i.AbstractProblemLoader Creating init config 
383234     DEBUG main            d.u.i.k.p.i.AbstractProblemLoader Init config took 4.2s 
383316     INFO  main            d.u.i.k.p.i.AbstractProblemLoader Replaying proof Fib[ThreadSpec::startTransfer()].JML accessible clause.0 
383335     DEBUG main            d.u.i.k.p.i.IntermediateProofReplayer Proof replay took 16.92ms 
383336     DEBUG main            d.u.i.k.p.r.p.TestFile    ... success: reloaded. 
383337     INFO  main            d.u.i.k.p.r.p.TestFile    Now processing file /home/runner/work/key/key/key.core/../key.ui/examples/heap/permissions/threads/Fib_startTransfer_contract.key 
383337     INFO  main            d.u.i.k.p.i.AbstractProblemLoader Loading environment from /home/runner/work/key/key/key.core/../key.ui/examples/heap/permissions/threads/Fib_startTransfer_contract.key 
383337     DEBUG main            d.u.i.k.p.i.AbstractProblemLoader Environment load took 50.9ns 
383338     INFO  main            d.u.i.k.p.i.AbstractProblemLoader Creating init config 
387614     DEBUG main            d.u.i.k.p.i.AbstractProblemLoader Init config took 4.28s 
387708     INFO  main            d.u.i.k.p.i.AbstractProblemLoader Replaying proof Fib[ThreadSpec::startTransfer()].JML model_behavior operation contract.0 
387709     DEBUG main            d.u.i.k.p.i.IntermediateProofReplayer Proof replay took 7.2ns 
387813     INFO  main            d.u.i.k.p.r.p.TestFile    ... finished proof: closed. 
388262     INFO  main            d.u.i.k.p.i.AbstractProblemLoader Loading environment from /home/runner/work/key/key/key.core/../key.ui/examples/heap/permissions/threads/Fib_startTransfer_contract.key.proof 
388262     DEBUG main            d.u.i.k.p.i.AbstractProblemLoader Environment load took 89.4ns 
388263     INFO  main            d.u.i.k.p.i.AbstractProblemLoader Creating init config 
392473     DEBUG main            d.u.i.k.p.i.AbstractProblemLoader Init config took 4.21s 
392552     INFO  main            d.u.i.k.p.i.AbstractProblemLoader Replaying proof Fib[ThreadSpec::startTransfer()].JML model_behavior operation contract.0 
392559     DEBUG main            d.u.i.k.p.i.IntermediateProofReplayer Proof replay took 5.97ms 
392560     DEBUG main            d.u.i.k.p.r.p.TestFile    ... success: reloaded. 
392561     INFO  main            d.u.i.k.p.r.p.TestFile    Now processing file /home/runner/work/key/key/key.core/../key.ui/examples/heap/permissions/threads/Fib_workingPermissions_accessible.key 
392561     INFO  main            d.u.i.k.p.i.AbstractProblemLoader Loading environment from /home/runner/work/key/key/key.core/../key.ui/examples/heap/permissions/threads/Fib_workingPermissions_accessible.key 
392561     DEBUG main            d.u.i.k.p.i.AbstractProblemLoader Environment load took 54.3ns 
392562     INFO  main            d.u.i.k.p.i.AbstractProblemLoader Creating init config 
396848     DEBUG main            d.u.i.k.p.i.AbstractProblemLoader Init config took 4.29s 
396925     INFO  main            d.u.i.k.p.i.AbstractProblemLoader Replaying proof Fib[ThreadSpec::workingPermissions()].JML accessible clause.0 
396926     DEBUG main            d.u.i.k.p.i.IntermediateProofReplayer Proof replay took 7.4ns 
397027     INFO  main            d.u.i.k.p.r.p.TestFile    ... finished proof: closed. 
397450     INFO  main            d.u.i.k.p.i.AbstractProblemLoader Loading environment from /home/runner/work/key/key/key.core/../key.ui/examples/heap/permissions/threads/Fib_workingPermissions_accessible.key.proof 
397450     DEBUG main            d.u.i.k.p.i.AbstractProblemLoader Environment load took 124.7ns 
397451     INFO  main            d.u.i.k.p.i.AbstractProblemLoader Creating init config 
401671     DEBUG main            d.u.i.k.p.i.AbstractProblemLoader Init config took 4.22s 
401761     INFO  main            d.u.i.k.p.i.AbstractProblemLoader Replaying proof Fib[ThreadSpec::workingPermissions()].JML accessible clause.0 
401765     DEBUG main            d.u.i.k.p.i.IntermediateProofReplayer Proof replay took 1.79ms 
401765     DEBUG main            d.u.i.k.p.r.p.TestFile    ... success: reloaded. 
401766     INFO  main            d.u.i.k.p.r.p.TestFile    Now processing file /home/runner/work/key/key/key.core/../key.ui/examples/heap/permissions/threads/Plotter_initPost_accessible.key 
401767     INFO  main            d.u.i.k.p.i.AbstractProblemLoader Loading environment from /home/runner/work/key/key/key.core/../key.ui/examples/heap/permissions/threads/Plotter_initPost_accessible.key 
401767     DEBUG main            d.u.i.k.p.i.AbstractProblemLoader Environment load took 65.5ns 
401767     INFO  main            d.u.i.k.p.i.AbstractProblemLoader Creating init config 
406051     DEBUG main            d.u.i.k.p.i.AbstractProblemLoader Init config took 4.28s 
406128     INFO  main            d.u.i.k.p.i.AbstractProblemLoader Replaying proof Plotter[ThreadSpec2::initPost()].JML accessible clause.0 
406130     DEBUG main            d.u.i.k.p.i.IntermediateProofReplayer Proof replay took 7.4ns 
406231     INFO  main            d.u.i.k.p.r.p.TestFile    ... finished proof: closed. 
406661     INFO  main            d.u.i.k.p.i.AbstractProblemLoader Loading environment from /home/runner/work/key/key/key.core/../key.ui/examples/heap/permissions/threads/Plotter_initPost_accessible.key.proof 
406661     DEBUG main            d.u.i.k.p.i.AbstractProblemLoader Environment load took 92.5ns 
406662     INFO  main            d.u.i.k.p.i.AbstractProblemLoader Creating init config 
410901     DEBUG main            d.u.i.k.p.i.AbstractProblemLoader Init config took 4.24s 
410978     INFO  main            d.u.i.k.p.i.AbstractProblemLoader Replaying proof Plotter[ThreadSpec2::initPost()].JML accessible clause.0 
410988     DEBUG main            d.u.i.k.p.i.IntermediateProofReplayer Proof replay took 8.5ms 
410989     DEBUG main            d.u.i.k.p.r.p.TestFile    ... success: reloaded. 
410990     INFO  main            d.u.i.k.p.r.p.TestFile    Now processing file /home/runner/work/key/key/key.core/../key.ui/examples/heap/permissions/threads/Plotter_inv_accessible1.key 
410990     INFO  main            d.u.i.k.p.i.AbstractProblemLoader Loading environment from /home/runner/work/key/key/key.core/../key.ui/examples/heap/permissions/threads/Plotter_inv_accessible1.key 
410990     DEBUG main            d.u.i.k.p.i.AbstractProblemLoader Environment load took 115.1ns 
410991     INFO  main            d.u.i.k.p.i.AbstractProblemLoader Creating init config 
415225     DEBUG main            d.u.i.k.p.i.AbstractProblemLoader Init config took 4.23s 
415301     INFO  main            d.u.i.k.p.i.AbstractProblemLoader Replaying proof Plotter[java.lang.Object::<inv>()].JML accessible clause.0 
415302     DEBUG main            d.u.i.k.p.i.IntermediateProofReplayer Proof replay took 6.9ns 
415404     INFO  main            d.u.i.k.p.r.p.TestFile    ... finished proof: closed. 
415849     INFO  main            d.u.i.k.p.i.AbstractProblemLoader Loading environment from /home/runner/work/key/key/key.core/../key.ui/examples/heap/permissions/threads/Plotter_inv_accessible1.key.proof 
415849     DEBUG main            d.u.i.k.p.i.AbstractProblemLoader Environment load took 97.9ns 
415850     INFO  main            d.u.i.k.p.i.AbstractProblemLoader Creating init config 
420031     DEBUG main            d.u.i.k.p.i.AbstractProblemLoader Init config took 4.18s 
420107     INFO  main            d.u.i.k.p.i.AbstractProblemLoader Replaying proof Plotter[java.lang.Object::<inv>()].JML accessible clause.0 
420110     DEBUG main            d.u.i.k.p.i.IntermediateProofReplayer Proof replay took 1.31ms 
420110     DEBUG main            d.u.i.k.p.r.p.TestFile    ... success: reloaded. 
420111     INFO  main            d.u.i.k.p.r.p.TestFile    Now processing file /home/runner/work/key/key/key.core/../key.ui/examples/heap/permissions/threads/Plotter_inv_accessible2.key 
420111     INFO  main            d.u.i.k.p.i.AbstractProblemLoader Loading environment from /home/runner/work/key/key/key.core/../key.ui/examples/heap/permissions/threads/Plotter_inv_accessible2.key 
420111     DEBUG main            d.u.i.k.p.i.AbstractProblemLoader Environment load took 45.8ns 
420112     INFO  main            d.u.i.k.p.i.AbstractProblemLoader Creating init config 
424326     DEBUG main            d.u.i.k.p.i.AbstractProblemLoader Init config took 4.21s 
424402     INFO  main            d.u.i.k.p.i.AbstractProblemLoader Replaying proof Plotter[java.lang.Object::<inv>()].JML accessible clause.1 
424403     DEBUG main            d.u.i.k.p.i.IntermediateProofReplayer Proof replay took 6.4ns 
424504     INFO  main            d.u.i.k.p.r.p.TestFile    ... finished proof: closed. 
424951     INFO  main            d.u.i.k.p.i.AbstractProblemLoader Loading environment from /home/runner/work/key/key/key.core/../key.ui/examples/heap/permissions/threads/Plotter_inv_accessible2.key.proof 
424951     DEBUG main            d.u.i.k.p.i.AbstractProblemLoader Environment load took 92.1ns 
424952     INFO  main            d.u.i.k.p.i.AbstractProblemLoader Creating init config 
429142     DEBUG main            d.u.i.k.p.i.AbstractProblemLoader Init config took 4.19s 
429219     INFO  main            d.u.i.k.p.i.AbstractProblemLoader Replaying proof Plotter[java.lang.Object::<inv>()].JML accessible clause.1 
429222     DEBUG main            d.u.i.k.p.i.IntermediateProofReplayer Proof replay took 1.34ms 
429223     DEBUG main            d.u.i.k.p.r.p.TestFile    ... success: reloaded. 
429224     INFO  main            d.u.i.k.p.r.p.TestFile    Now processing file /home/runner/work/key/key/key.core/../key.ui/examples/heap/permissions/threads/Plotter_joinTransfer_contract.key 
429224     INFO  main            d.u.i.k.p.i.AbstractProblemLoader Loading environment from /home/runner/work/key/key/key.core/../key.ui/examples/heap/permissions/threads/Plotter_joinTransfer_contract.key 
429224     DEBUG main            d.u.i.k.p.i.AbstractProblemLoader Environment load took 115.5ns 
429225     INFO  main            d.u.i.k.p.i.AbstractProblemLoader Creating init config 
433436     DEBUG main            d.u.i.k.p.i.AbstractProblemLoader Init config took 4.21s 
433513     INFO  main            d.u.i.k.p.i.AbstractProblemLoader Replaying proof Plotter[ThreadSpec2::joinTransfer()].JML model_behavior operation contract.0 
433515     DEBUG main            d.u.i.k.p.i.IntermediateProofReplayer Proof replay took 7.2ns 
433616     INFO  main            d.u.i.k.p.r.p.TestFile    ... finished proof: closed. 
434072     INFO  main            d.u.i.k.p.i.AbstractProblemLoader Loading environment from /home/runner/work/key/key/key.core/../key.ui/examples/heap/permissions/threads/Plotter_joinTransfer_contract.key.proof 
434073     DEBUG main            d.u.i.k.p.i.AbstractProblemLoader Environment load took 90.4ns 
434074     INFO  main            d.u.i.k.p.i.AbstractProblemLoader Creating init config 
438252     DEBUG main            d.u.i.k.p.i.AbstractProblemLoader Init config took 4.18s 
438330     INFO  main            d.u.i.k.p.i.AbstractProblemLoader Replaying proof Plotter[ThreadSpec2::joinTransfer()].JML model_behavior operation contract.0 
438338     DEBUG main            d.u.i.k.p.i.IntermediateProofReplayer Proof replay took 6.4ms 
438339     DEBUG main            d.u.i.k.p.r.p.TestFile    ... success: reloaded. 
438339     INFO  main            d.u.i.k.p.r.p.TestFile    Now processing file /home/runner/work/key/key/key.core/../key.ui/examples/heap/permissions/threads/Plotter_Plotter.key 
438340     INFO  main            d.u.i.k.p.i.AbstractProblemLoader Loading environment from /home/runner/work/key/key/key.core/../key.ui/examples/heap/permissions/threads/Plotter_Plotter.key 
438340     DEBUG main            d.u.i.k.p.i.AbstractProblemLoader Environment load took 72.9ns 
438340     INFO  main            d.u.i.k.p.i.AbstractProblemLoader Creating init config 
442563     DEBUG main            d.u.i.k.p.i.AbstractProblemLoader Init config took 4.22s 
442641     INFO  main            d.u.i.k.p.i.AbstractProblemLoader Replaying proof Plotter[Plotter::Plotter(AFilter,BFilter,Buffer)].JML normal_behavior operation contract.0 
442643     DEBUG main            d.u.i.k.p.i.IntermediateProofReplayer Proof replay took 7.4ns 
444249     INFO  main            d.u.i.k.p.r.p.TestFile    ... finished proof: closed. 
444728     INFO  main            d.u.i.k.p.i.AbstractProblemLoader Loading environment from /home/runner/work/key/key/key.core/../key.ui/examples/heap/permissions/threads/Plotter_Plotter.key.proof 
444728     DEBUG main            d.u.i.k.p.i.AbstractProblemLoader Environment load took 96.1ns 
444729     INFO  main            d.u.i.k.p.i.AbstractProblemLoader Creating init config 
448919     DEBUG main            d.u.i.k.p.i.AbstractProblemLoader Init config took 4.19s 
448997     INFO  main            d.u.i.k.p.i.AbstractProblemLoader Replaying proof Plotter[Plotter::Plotter(AFilter,BFilter,Buffer)].JML normal_behavior operation contract.0 
449148     DEBUG main            d.u.i.k.p.i.IntermediateProofReplayer Proof replay took 146.22ms 
449149     DEBUG main            d.u.i.k.p.r.p.TestFile    ... success: reloaded. 
449150     INFO  main            d.u.i.k.p.r.p.TestFile    Now processing file /home/runner/work/key/key/key.core/../key.ui/examples/heap/permissions/threads/Plotter_postJoin_accessible.key 
449150     INFO  main            d.u.i.k.p.i.AbstractProblemLoader Loading environment from /home/runner/work/key/key/key.core/../key.ui/examples/heap/permissions/threads/Plotter_postJoin_accessible.key 
449150     DEBUG main            d.u.i.k.p.i.AbstractProblemLoader Environment load took 71.1ns 
449151     INFO  main            d.u.i.k.p.i.AbstractProblemLoader Creating init config 
453426     DEBUG main            d.u.i.k.p.i.AbstractProblemLoader Init config took 4.28s 
453503     INFO  main            d.u.i.k.p.i.AbstractProblemLoader Replaying proof Plotter[ThreadSpec2::postJoin(java.lang.Object)].JML accessible clause.0 
453504     DEBUG main            d.u.i.k.p.i.IntermediateProofReplayer Proof replay took 8.4ns 
453606     INFO  main            d.u.i.k.p.r.p.TestFile    ... finished proof: closed. 
454070     INFO  main            d.u.i.k.p.i.AbstractProblemLoader Loading environment from /home/runner/work/key/key/key.core/../key.ui/examples/heap/permissions/threads/Plotter_postJoin_accessible.key.proof 
454070     DEBUG main            d.u.i.k.p.i.AbstractProblemLoader Environment load took 89.3ns 
454071     INFO  main            d.u.i.k.p.i.AbstractProblemLoader Creating init config 
458235     DEBUG main            d.u.i.k.p.i.AbstractProblemLoader Init config took 4.16s 
458312     INFO  main            d.u.i.k.p.i.AbstractProblemLoader Replaying proof Plotter[ThreadSpec2::postJoin(java.lang.Object)].JML accessible clause.0 
458322     DEBUG main            d.u.i.k.p.i.IntermediateProofReplayer Proof replay took 8.18ms 
458323     DEBUG main            d.u.i.k.p.r.p.TestFile    ... success: reloaded. 
458324     INFO  main            d.u.i.k.p.r.p.TestFile    Now processing file /home/runner/work/key/key/key.core/../key.ui/examples/heap/permissions/threads/Plotter_preStart_accessible.key 
458324     INFO  main            d.u.i.k.p.i.AbstractProblemLoader Loading environment from /home/runner/work/key/key/key.core/../key.ui/examples/heap/permissions/threads/Plotter_preStart_accessible.key 
458324     DEBUG main            d.u.i.k.p.i.AbstractProblemLoader Environment load took 74.9ns 
458325     INFO  main            d.u.i.k.p.i.AbstractProblemLoader Creating init config 
462589     DEBUG main            d.u.i.k.p.i.AbstractProblemLoader Init config took 4.26s 
462666     INFO  main            d.u.i.k.p.i.AbstractProblemLoader Replaying proof Plotter[ThreadSpec2::preStart(java.lang.Object)].JML accessible clause.0 
462667     DEBUG main            d.u.i.k.p.i.IntermediateProofReplayer Proof replay took 7.6ns 
463671     INFO  main            d.u.i.k.p.r.p.TestFile    ... finished proof: closed. 
464167     INFO  main            d.u.i.k.p.i.AbstractProblemLoader Loading environment from /home/runner/work/key/key/key.core/../key.ui/examples/heap/permissions/threads/Plotter_preStart_accessible.key.proof 
464167     DEBUG main            d.u.i.k.p.i.AbstractProblemLoader Environment load took 99.2ns 
464168     INFO  main            d.u.i.k.p.i.AbstractProblemLoader Creating init config 
468325     DEBUG main            d.u.i.k.p.i.AbstractProblemLoader Init config took 4.16s 
468403     INFO  main            d.u.i.k.p.i.AbstractProblemLoader Replaying proof Plotter[ThreadSpec2::preStart(java.lang.Object)].JML accessible clause.0 
468451     DEBUG main            d.u.i.k.p.i.IntermediateProofReplayer Proof replay took 45.2ms 
468452     DEBUG main            d.u.i.k.p.r.p.TestFile    ... success: reloaded. 
468453     INFO  main            d.u.i.k.p.r.p.TestFile    Now processing file /home/runner/work/key/key/key.core/../key.ui/examples/heap/permissions/threads/Plotter_stateInv_accessible.key 
468453     INFO  main            d.u.i.k.p.i.AbstractProblemLoader Loading environment from /home/runner/work/key/key/key.core/../key.ui/examples/heap/permissions/threads/Plotter_stateInv_accessible.key 
468453     DEBUG main            d.u.i.k.p.i.AbstractProblemLoader Environment load took 44.1ns 
468454     INFO  main            d.u.i.k.p.i.AbstractProblemLoader Creating init config 
472708     DEBUG main            d.u.i.k.p.i.AbstractProblemLoader Init config took 4.25s 
472785     INFO  main            d.u.i.k.p.i.AbstractProblemLoader Replaying proof Plotter[ThreadSpec2::stateInv()].JML accessible clause.0 
472786     DEBUG main            d.u.i.k.p.i.IntermediateProofReplayer Proof replay took 6.8ns 
480217     INFO  main            d.u.i.k.p.r.p.TestFile    ... finished proof: closed. 
480725     INFO  main            d.u.i.k.p.i.AbstractProblemLoader Loading environment from /home/runner/work/key/key/key.core/../key.ui/examples/heap/permissions/threads/Plotter_stateInv_accessible.key.proof 
480725     DEBUG main            d.u.i.k.p.i.AbstractProblemLoader Environment load took 99.5ns 
480727     INFO  main            d.u.i.k.p.i.AbstractProblemLoader Creating init config 
484888     DEBUG main            d.u.i.k.p.i.AbstractProblemLoader Init config took 4.16s 
484978     INFO  main            d.u.i.k.p.i.AbstractProblemLoader Replaying proof Plotter[ThreadSpec2::stateInv()].JML accessible clause.0 
485352     DEBUG main            d.u.i.k.p.i.IntermediateProofReplayer Proof replay took 359.12ms 
485353     DEBUG main            d.u.i.k.p.r.p.TestFile    ... success: reloaded. 
485354     INFO  main            d.u.i.k.p.r.p.TestFile    Now processing file /home/runner/work/key/key/key.core/../key.ui/examples/heap/permissions/threads/Plotter_staticPermissions_accessible.key 
485356     INFO  main            d.u.i.k.p.i.AbstractProblemLoader Loading environment from /home/runner/work/key/key/key.core/../key.ui/examples/heap/permissions/threads/Plotter_staticPermissions_accessible.key 
485356     DEBUG main            d.u.i.k.p.i.AbstractProblemLoader Environment load took 138.5ns 
485357     INFO  main            d.u.i.k.p.i.AbstractProblemLoader Creating init config 
489627     DEBUG main            d.u.i.k.p.i.AbstractProblemLoader Init config took 4.27s 
489703     INFO  main            d.u.i.k.p.i.AbstractProblemLoader Replaying proof Plotter[ThreadSpec2::staticPermissions()].JML accessible clause.0 
489705     DEBUG main            d.u.i.k.p.i.IntermediateProofReplayer Proof replay took 41.1ns 
490508     INFO  main            d.u.i.k.p.r.p.TestFile    ... finished proof: closed. 
491010     INFO  main            d.u.i.k.p.i.AbstractProblemLoader Loading environment from /home/runner/work/key/key/key.core/../key.ui/examples/heap/permissions/threads/Plotter_staticPermissions_accessible.key.proof 
491010     DEBUG main            d.u.i.k.p.i.AbstractProblemLoader Environment load took 86.3ns 
491011     INFO  main            d.u.i.k.p.i.AbstractProblemLoader Creating init config 
495157     DEBUG main            d.u.i.k.p.i.AbstractProblemLoader Init config took 4.15s 
495233     INFO  main            d.u.i.k.p.i.AbstractProblemLoader Replaying proof Plotter[ThreadSpec2::staticPermissions()].JML accessible clause.0 
495274     DEBUG main            d.u.i.k.p.i.IntermediateProofReplayer Proof replay took 38.05ms 
495276     DEBUG main            d.u.i.k.p.r.p.TestFile    ... success: reloaded. 
495277     INFO  main            d.u.i.k.p.r.p.TestFile    Now processing file /home/runner/work/key/key/key.core/../key.ui/examples/heap/permissions/threads/Plotter_workingPermissions_accessible.key 
495277     INFO  main            d.u.i.k.p.i.AbstractProblemLoader Loading environment from /home/runner/work/key/key/key.core/../key.ui/examples/heap/permissions/threads/Plotter_workingPermissions_accessible.key 
495277     DEBUG main            d.u.i.k.p.i.AbstractProblemLoader Environment load took 66.2ns 
495278     INFO  main            d.u.i.k.p.i.AbstractProblemLoader Creating init config 
499528     DEBUG main            d.u.i.k.p.i.AbstractProblemLoader Init config took 4.25s 
499609     INFO  main            d.u.i.k.p.i.AbstractProblemLoader Replaying proof Plotter[ThreadSpec2::workingPermissions()].JML accessible clause.0 
499610     DEBUG main            d.u.i.k.p.i.IntermediateProofReplayer Proof replay took 2.8ns 
499812     INFO  main            d.u.i.k.p.r.p.TestFile    ... finished proof: closed. 
500317     INFO  main            d.u.i.k.p.i.AbstractProblemLoader Loading environment from /home/runner/work/key/key/key.core/../key.ui/examples/heap/permissions/threads/Plotter_workingPermissions_accessible.key.proof 
500317     DEBUG main            d.u.i.k.p.i.AbstractProblemLoader Environment load took 84.4ns 
500318     INFO  main            d.u.i.k.p.i.AbstractProblemLoader Creating init config 
504477     DEBUG main            d.u.i.k.p.i.AbstractProblemLoader Init config took 4.16s 
504556     INFO  main            d.u.i.k.p.i.AbstractProblemLoader Replaying proof Plotter[ThreadSpec2::workingPermissions()].JML accessible clause.0 
504568     DEBUG main            d.u.i.k.p.i.IntermediateProofReplayer Proof replay took 10.79ms 
504569     DEBUG main            d.u.i.k.p.r.p.TestFile    ... success: reloaded. 
504570     INFO  main            d.u.i.k.p.r.p.TestFile    Now processing file /home/runner/work/key/key/key.core/../key.ui/examples/heap/permissions/threads/Sampler_initPost_accessible.key 
504570     INFO  main            d.u.i.k.p.i.AbstractProblemLoader Loading environment from /home/runner/work/key/key/key.core/../key.ui/examples/heap/permissions/threads/Sampler_initPost_accessible.key 
504570     DEBUG main            d.u.i.k.p.i.AbstractProblemLoader Environment load took 46.4ns 
504571     INFO  main            d.u.i.k.p.i.AbstractProblemLoader Creating init config 
508802     DEBUG main            d.u.i.k.p.i.AbstractProblemLoader Init config took 4.23s 
508877     INFO  main            d.u.i.k.p.i.AbstractProblemLoader Replaying proof Sampler[ThreadSpec2::initPost()].JML accessible clause.0 
508879     DEBUG main            d.u.i.k.p.i.IntermediateProofReplayer Proof replay took 3ns 
508980     INFO  main            d.u.i.k.p.r.p.TestFile    ... finished proof: closed. 
509474     INFO  main            d.u.i.k.p.i.AbstractProblemLoader Loading environment from /home/runner/work/key/key/key.core/../key.ui/examples/heap/permissions/threads/Sampler_initPost_accessible.key.proof 
509474     DEBUG main            d.u.i.k.p.i.AbstractProblemLoader Environment load took 82.5ns 
509475     INFO  main            d.u.i.k.p.i.AbstractProblemLoader Creating init config 
513657     DEBUG main            d.u.i.k.p.i.AbstractProblemLoader Init config took 4.18s 
513734     INFO  main            d.u.i.k.p.i.AbstractProblemLoader Replaying proof Sampler[ThreadSpec2::initPost()].JML accessible clause.0 
513739     DEBUG main            d.u.i.k.p.i.IntermediateProofReplayer Proof replay took 4.07ms 
513740     DEBUG main            d.u.i.k.p.r.p.TestFile    ... success: reloaded. 
513741     INFO  main            d.u.i.k.p.r.p.TestFile    Now processing file /home/runner/work/key/key/key.core/../key.ui/examples/heap/permissions/threads/Sampler_inv_accessible1.key 
513741     INFO  main            d.u.i.k.p.i.AbstractProblemLoader Loading environment from /home/runner/work/key/key/key.core/../key.ui/examples/heap/permissions/threads/Sampler_inv_accessible1.key 
513741     DEBUG main            d.u.i.k.p.i.AbstractProblemLoader Environment load took 72.2ns 
513742     INFO  main            d.u.i.k.p.i.AbstractProblemLoader Creating init config 
517975     DEBUG main            d.u.i.k.p.i.AbstractProblemLoader Init config took 4.23s 
518051     INFO  main            d.u.i.k.p.i.AbstractProblemLoader Replaying proof Sampler[java.lang.Object::<inv>()].JML accessible clause.0 
518052     DEBUG main            d.u.i.k.p.i.IntermediateProofReplayer Proof replay took 3.7ns 
518153     INFO  main            d.u.i.k.p.r.p.TestFile    ... finished proof: closed. 
518651     INFO  main            d.u.i.k.p.i.AbstractProblemLoader Loading environment from /home/runner/work/key/key/key.core/../key.ui/examples/heap/permissions/threads/Sampler_inv_accessible1.key.proof 
518651     DEBUG main            d.u.i.k.p.i.AbstractProblemLoader Environment load took 84ns 
518652     INFO  main            d.u.i.k.p.i.AbstractProblemLoader Creating init config 
522808     DEBUG main            d.u.i.k.p.i.AbstractProblemLoader Init config took 4.16s 
522885     INFO  main            d.u.i.k.p.i.AbstractProblemLoader Replaying proof Sampler[java.lang.Object::<inv>()].JML accessible clause.0 
522887     DEBUG main            d.u.i.k.p.i.IntermediateProofReplayer Proof replay took 1.3ms 
522888     DEBUG main            d.u.i.k.p.r.p.TestFile    ... success: reloaded. 
522889     INFO  main            d.u.i.k.p.r.p.TestFile    Now processing file /home/runner/work/key/key/key.core/../key.ui/examples/heap/permissions/threads/Sampler_inv_accessible2.key 
522889     INFO  main            d.u.i.k.p.i.AbstractProblemLoader Loading environment from /home/runner/work/key/key/key.core/../key.ui/examples/heap/permissions/threads/Sampler_inv_accessible2.key 
522889     DEBUG main            d.u.i.k.p.i.AbstractProblemLoader Environment load took 45.4ns 
522890     INFO  main            d.u.i.k.p.i.AbstractProblemLoader Creating init config 
527132     DEBUG main            d.u.i.k.p.i.AbstractProblemLoader Init config took 4.24s 
527229     INFO  main            d.u.i.k.p.i.AbstractProblemLoader Replaying proof Sampler[java.lang.Object::<inv>()].JML accessible clause.1 
527230     DEBUG main            d.u.i.k.p.i.IntermediateProofReplayer Proof replay took 3.6ns 
527331     INFO  main            d.u.i.k.p.r.p.TestFile    ... finished proof: closed. 
527836     INFO  main            d.u.i.k.p.i.AbstractProblemLoader Loading environment from /home/runner/work/key/key/key.core/../key.ui/examples/heap/permissions/threads/Sampler_inv_accessible2.key.proof 
527836     DEBUG main            d.u.i.k.p.i.AbstractProblemLoader Environment load took 82.5ns 
527837     INFO  main            d.u.i.k.p.i.AbstractProblemLoader Creating init config 
531987     DEBUG main            d.u.i.k.p.i.AbstractProblemLoader Init config took 4.15s 
532079     INFO  main            d.u.i.k.p.i.AbstractProblemLoader Replaying proof Sampler[java.lang.Object::<inv>()].JML accessible clause.1 
532081     DEBUG main            d.u.i.k.p.i.IntermediateProofReplayer Proof replay took 1.35ms 
532082     DEBUG main            d.u.i.k.p.r.p.TestFile    ... success: reloaded. 
532083     INFO  main            d.u.i.k.p.r.p.TestFile    Now processing file /home/runner/work/key/key/key.core/../key.ui/examples/heap/permissions/threads/Sampler_joinTransfer_accessible.key 
532086     INFO  main            d.u.i.k.p.i.AbstractProblemLoader Loading environment from /home/runner/work/key/key/key.core/../key.ui/examples/heap/permissions/threads/Sampler_joinTransfer_accessible.key 
532086     DEBUG main            d.u.i.k.p.i.AbstractProblemLoader Environment load took 99.5ns 
532087     INFO  main            d.u.i.k.p.i.AbstractProblemLoader Creating init config 
536343     DEBUG main            d.u.i.k.p.i.AbstractProblemLoader Init config took 4.26s 
536420     INFO  main            d.u.i.k.p.i.AbstractProblemLoader Replaying proof Sampler[ThreadSpec2::joinTransfer()].JML accessible clause.0 
536421     DEBUG main            d.u.i.k.p.i.IntermediateProofReplayer Proof replay took 3.3ns 
539554     INFO  main            d.u.i.k.p.r.p.TestFile    ... finished proof: closed. 
540088     INFO  main            d.u.i.k.p.i.AbstractProblemLoader Loading environment from /home/runner/work/key/key/key.core/../key.ui/examples/heap/permissions/threads/Sampler_joinTransfer_accessible.key.proof 
540088     DEBUG main            d.u.i.k.p.i.AbstractProblemLoader Environment load took 473.21ns 
540090     INFO  main            d.u.i.k.p.i.AbstractProblemLoader Creating init config 
544259     DEBUG main            d.u.i.k.p.i.AbstractProblemLoader Init config took 4.17s 
544338     INFO  main            d.u.i.k.p.i.AbstractProblemLoader Replaying proof Sampler[ThreadSpec2::joinTransfer()].JML accessible clause.0 
544758     DEBUG main            d.u.i.k.p.i.IntermediateProofReplayer Proof replay took 409.78ms 
544760     DEBUG main            d.u.i.k.p.r.p.TestFile    ... success: reloaded. 
544761     INFO  main            d.u.i.k.p.r.p.TestFile    Now processing file /home/runner/work/key/key/key.core/../key.ui/examples/heap/permissions/threads/Sampler_joinTransfer_contract.key 
544761     INFO  main            d.u.i.k.p.i.AbstractProblemLoader Loading environment from /home/runner/work/key/key/key.core/../key.ui/examples/heap/permissions/threads/Sampler_joinTransfer_contract.key 
544761     DEBUG main            d.u.i.k.p.i.AbstractProblemLoader Environment load took 48.6ns 
544762     INFO  main            d.u.i.k.p.i.AbstractProblemLoader Creating init config 
549045     DEBUG main            d.u.i.k.p.i.AbstractProblemLoader Init config took 4.28s 
549121     INFO  main            d.u.i.k.p.i.AbstractProblemLoader Replaying proof Sampler[ThreadSpec2::joinTransfer()].JML model_behavior operation contract.0 
549122     DEBUG main            d.u.i.k.p.i.IntermediateProofReplayer Proof replay took 2.7ns 
549224     INFO  main            d.u.i.k.p.r.p.TestFile    ... finished proof: closed. 
549745     INFO  main            d.u.i.k.p.i.AbstractProblemLoader Loading environment from /home/runner/work/key/key/key.core/../key.ui/examples/heap/permissions/threads/Sampler_joinTransfer_contract.key.proof 
549745     DEBUG main            d.u.i.k.p.i.AbstractProblemLoader Environment load took 80ns 
549746     INFO  main            d.u.i.k.p.i.AbstractProblemLoader Creating init config 
553905     DEBUG main            d.u.i.k.p.i.AbstractProblemLoader Init config took 4.16s 
553982     INFO  main            d.u.i.k.p.i.AbstractProblemLoader Replaying proof Sampler[ThreadSpec2::joinTransfer()].JML model_behavior operation contract.0 
553989     DEBUG main            d.u.i.k.p.i.IntermediateProofReplayer Proof replay took 5.79ms 
553990     DEBUG main            d.u.i.k.p.r.p.TestFile    ... success: reloaded. 
553991     INFO  main            d.u.i.k.p.r.p.TestFile    Now processing file /home/runner/work/key/key/key.core/../key.ui/examples/heap/permissions/threads/Sampler_postJoin_accessible.key 
553991     INFO  main            d.u.i.k.p.i.AbstractProblemLoader Loading environment from /home/runner/work/key/key/key.core/../key.ui/examples/heap/permissions/threads/Sampler_postJoin_accessible.key 
553991     DEBUG main            d.u.i.k.p.i.AbstractProblemLoader Environment load took 43.2ns 
553992     INFO  main            d.u.i.k.p.i.AbstractProblemLoader Creating init config 
558246     DEBUG main            d.u.i.k.p.i.AbstractProblemLoader Init config took 4.25s 
558322     INFO  main            d.u.i.k.p.i.AbstractProblemLoader Replaying proof Sampler[ThreadSpec2::postJoin(java.lang.Object)].JML accessible clause.0 
558324     DEBUG main            d.u.i.k.p.i.IntermediateProofReplayer Proof replay took 3.3ns 
558425     INFO  main            d.u.i.k.p.r.p.TestFile    ... finished proof: closed. 
558961     INFO  main            d.u.i.k.p.i.AbstractProblemLoader Loading environment from /home/runner/work/key/key/key.core/../key.ui/examples/heap/permissions/threads/Sampler_postJoin_accessible.key.proof 
558961     DEBUG main            d.u.i.k.p.i.AbstractProblemLoader Environment load took 85ns 
558962     INFO  main            d.u.i.k.p.i.AbstractProblemLoader Creating init config 
563145     DEBUG main            d.u.i.k.p.i.AbstractProblemLoader Init config took 4.18s 
563221     INFO  main            d.u.i.k.p.i.AbstractProblemLoader Replaying proof Sampler[ThreadSpec2::postJoin(java.lang.Object)].JML accessible clause.0 
563230     DEBUG main            d.u.i.k.p.i.IntermediateProofReplayer Proof replay took 6.98ms 
563230     DEBUG main            d.u.i.k.p.r.p.TestFile    ... success: reloaded. 
563231     INFO  main            d.u.i.k.p.r.p.TestFile    Now processing file /home/runner/work/key/key/key.core/../key.ui/examples/heap/permissions/threads/Sampler_preStart_accessible.key 
563231     INFO  main            d.u.i.k.p.i.AbstractProblemLoader Loading environment from /home/runner/work/key/key/key.core/../key.ui/examples/heap/permissions/threads/Sampler_preStart_accessible.key 
563231     DEBUG main            d.u.i.k.p.i.AbstractProblemLoader Environment load took 46.1ns 
563232     INFO  main            d.u.i.k.p.i.AbstractProblemLoader Creating init config 
567497     DEBUG main            d.u.i.k.p.i.AbstractProblemLoader Init config took 4.26s 
567573     INFO  main            d.u.i.k.p.i.AbstractProblemLoader Replaying proof Sampler[ThreadSpec2::preStart(java.lang.Object)].JML accessible clause.0 
567575     DEBUG main            d.u.i.k.p.i.IntermediateProofReplayer Proof replay took 3.2ns 
567676     INFO  main            d.u.i.k.p.r.p.TestFile    ... finished proof: closed. 
568300     INFO  main            d.u.i.k.p.i.AbstractProblemLoader Loading environment from /home/runner/work/key/key/key.core/../key.ui/examples/heap/permissions/threads/Sampler_preStart_accessible.key.proof 
568300     DEBUG main            d.u.i.k.p.i.AbstractProblemLoader Environment load took 80.7ns 
568301     INFO  main            d.u.i.k.p.i.AbstractProblemLoader Creating init config 
572475     DEBUG main            d.u.i.k.p.i.AbstractProblemLoader Init config took 4.17s 
572551     INFO  main            d.u.i.k.p.i.AbstractProblemLoader Replaying proof Sampler[ThreadSpec2::preStart(java.lang.Object)].JML accessible clause.0 
572559     DEBUG main            d.u.i.k.p.i.IntermediateProofReplayer Proof replay took 6.69ms 
572560     DEBUG main            d.u.i.k.p.r.p.TestFile    ... success: reloaded. 
572561     INFO  main            d.u.i.k.p.r.p.TestFile    Now processing file /home/runner/work/key/key/key.core/../key.ui/examples/heap/permissions/threads/Sampler_run.key 
572561     INFO  main            d.u.i.k.p.i.AbstractProblemLoader Loading environment from /home/runner/work/key/key/key.core/../key.ui/examples/heap/permissions/threads/Sampler_run.key 
572561     DEBUG main            d.u.i.k.p.i.AbstractProblemLoader Environment load took 45.5ns 
572562     INFO  main            d.u.i.k.p.i.AbstractProblemLoader Creating init config 
576791     DEBUG main            d.u.i.k.p.i.AbstractProblemLoader Init config took 4.23s 
576888     INFO  main            d.u.i.k.p.i.AbstractProblemLoader Replaying proof Sampler[ThreadSpec2::run()].JML normal_behavior operation contract.0 
576889     DEBUG main            d.u.i.k.p.i.IntermediateProofReplayer Proof replay took 3.1ns 
577091     INFO  main            d.u.i.k.p.r.p.TestFile    ... finished proof: closed. 
577633     INFO  main            d.u.i.k.p.i.AbstractProblemLoader Loading environment from /home/runner/work/key/key/key.core/../key.ui/examples/heap/permissions/threads/Sampler_run.key.proof 
577633     DEBUG main            d.u.i.k.p.i.AbstractProblemLoader Environment load took 80.1ns 
577633     INFO  main            d.u.i.k.p.i.AbstractProblemLoader Creating init config 
581792     DEBUG main            d.u.i.k.p.i.AbstractProblemLoader Init config took 4.16s 
581869     INFO  main            d.u.i.k.p.i.AbstractProblemLoader Replaying proof Sampler[ThreadSpec2::run()].JML normal_behavior operation contract.0 
581897     DEBUG main            d.u.i.k.p.i.IntermediateProofReplayer Proof replay took 25.48ms 
581898     DEBUG main            d.u.i.k.p.r.p.TestFile    ... success: reloaded. 
581898     INFO  main            d.u.i.k.p.r.p.TestFile    Now processing file /home/runner/work/key/key/key.core/../key.ui/examples/heap/permissions/threads/Sampler_Sampler.key 
581899     INFO  main            d.u.i.k.p.i.AbstractProblemLoader Loading environment from /home/runner/work/key/key/key.core/../key.ui/examples/heap/permissions/threads/Sampler_Sampler.key 
581899     DEBUG main            d.u.i.k.p.i.AbstractProblemLoader Environment load took 73.5ns 
581900     INFO  main            d.u.i.k.p.i.AbstractProblemLoader Creating init config 
586150     DEBUG main            d.u.i.k.p.i.AbstractProblemLoader Init config took 4.25s 
586226     INFO  main            d.u.i.k.p.i.AbstractProblemLoader Replaying proof Sampler[Sampler::Sampler(Buffer)].JML normal_behavior operation contract.0 
586228     DEBUG main            d.u.i.k.p.i.IntermediateProofReplayer Proof replay took 3ns 
586730     INFO  main            d.u.i.k.p.r.p.TestFile    ... finished proof: closed. 
587350     INFO  main            d.u.i.k.p.i.AbstractProblemLoader Loading environment from /home/runner/work/key/key/key.core/../key.ui/examples/heap/permissions/threads/Sampler_Sampler.key.proof 
587350     DEBUG main            d.u.i.k.p.i.AbstractProblemLoader Environment load took 86ns 
587351     INFO  main            d.u.i.k.p.i.AbstractProblemLoader Creating init config 
591556     DEBUG main            d.u.i.k.p.i.AbstractProblemLoader Init config took 4.21s 
591633     INFO  main            d.u.i.k.p.i.AbstractProblemLoader Replaying proof Sampler[Sampler::Sampler(Buffer)].JML normal_behavior operation contract.0 
591693     DEBUG main            d.u.i.k.p.i.IntermediateProofReplayer Proof replay took 58.52ms 
591694     DEBUG main            d.u.i.k.p.r.p.TestFile    ... success: reloaded. 
591695     INFO  main            d.u.i.k.p.r.p.TestFile    Now processing file /home/runner/work/key/key/key.core/../key.ui/examples/heap/permissions/threads/Sampler_startTransfer_accessible.key 
591695     INFO  main            d.u.i.k.p.i.AbstractProblemLoader Loading environment from /home/runner/work/key/key/key.core/../key.ui/examples/heap/permissions/threads/Sampler_startTransfer_accessible.key 
591695     DEBUG main            d.u.i.k.p.i.AbstractProblemLoader Environment load took 45.9ns 
591696     INFO  main            d.u.i.k.p.i.AbstractProblemLoader Creating init config 
595957     DEBUG main            d.u.i.k.p.i.AbstractProblemLoader Init config took 4.26s 
596033     INFO  main            d.u.i.k.p.i.AbstractProblemLoader Replaying proof Sampler[ThreadSpec2::startTransfer()].JML accessible clause.0 
596034     DEBUG main            d.u.i.k.p.i.IntermediateProofReplayer Proof replay took 3.6ns 
599379     INFO  main            d.u.i.k.p.r.p.TestFile    ... finished proof: closed. 
599940     INFO  main            d.u.i.k.p.i.AbstractProblemLoader Loading environment from /home/runner/work/key/key/key.core/../key.ui/examples/heap/permissions/threads/Sampler_startTransfer_accessible.key.proof 
599940     DEBUG main            d.u.i.k.p.i.AbstractProblemLoader Environment load took 92.2ns 
599941     INFO  main            d.u.i.k.p.i.AbstractProblemLoader Creating init config 
604119     DEBUG main            d.u.i.k.p.i.AbstractProblemLoader Init config took 4.18s 
604195     INFO  main            d.u.i.k.p.i.AbstractProblemLoader Replaying proof Sampler[ThreadSpec2::startTransfer()].JML accessible clause.0 
604541     DEBUG main            d.u.i.k.p.i.IntermediateProofReplayer Proof replay took 336.93ms 
604543     DEBUG main            d.u.i.k.p.r.p.TestFile    ... success: reloaded. 
604543     INFO  main            d.u.i.k.p.r.p.TestFile    Now processing file /home/runner/work/key/key/key.core/../key.ui/examples/heap/permissions/threads/Sampler_startTransfer_contract.key 
604543     INFO  main            d.u.i.k.p.i.AbstractProblemLoader Loading environment from /home/runner/work/key/key/key.core/../key.ui/examples/heap/permissions/threads/Sampler_startTransfer_contract.key 
604543     DEBUG main            d.u.i.k.p.i.AbstractProblemLoader Environment load took 46.3ns 
604544     INFO  main            d.u.i.k.p.i.AbstractProblemLoader Creating init config 
608789     DEBUG main            d.u.i.k.p.i.AbstractProblemLoader Init config took 4.24s 
608866     INFO  main            d.u.i.k.p.i.AbstractProblemLoader Replaying proof Sampler[ThreadSpec2::startTransfer()].JML model_behavior operation contract.0 
608867     DEBUG main            d.u.i.k.p.i.IntermediateProofReplayer Proof replay took 3.4ns 
608969     INFO  main            d.u.i.k.p.r.p.TestFile    ... finished proof: closed. 
609532     INFO  main            d.u.i.k.p.i.AbstractProblemLoader Loading environment from /home/runner/work/key/key/key.core/../key.ui/examples/heap/permissions/threads/Sampler_startTransfer_contract.key.proof 
609532     DEBUG main            d.u.i.k.p.i.AbstractProblemLoader Environment load took 127ns 
609533     INFO  main            d.u.i.k.p.i.AbstractProblemLoader Creating init config 
613702     DEBUG main            d.u.i.k.p.i.AbstractProblemLoader Init config took 4.17s 
613777     INFO  main            d.u.i.k.p.i.AbstractProblemLoader Replaying proof Sampler[ThreadSpec2::startTransfer()].JML model_behavior operation contract.0 
613784     DEBUG main            d.u.i.k.p.i.IntermediateProofReplayer Proof replay took 5.91ms 
613785     DEBUG main            d.u.i.k.p.r.p.TestFile    ... success: reloaded. 
613786     INFO  main            d.u.i.k.p.r.p.TestFile    Now processing file /home/runner/work/key/key/key.core/../key.ui/examples/heap/permissions/threads/Sampler_stateInv_accessible.key 
613786     INFO  main            d.u.i.k.p.i.AbstractProblemLoader Loading environment from /home/runner/work/key/key/key.core/../key.ui/examples/heap/permissions/threads/Sampler_stateInv_accessible.key 
613786     DEBUG main            d.u.i.k.p.i.AbstractProblemLoader Environment load took 85ns 
613787     INFO  main            d.u.i.k.p.i.AbstractProblemLoader Creating init config 
618017     DEBUG main            d.u.i.k.p.i.AbstractProblemLoader Init config took 4.23s 
618093     INFO  main            d.u.i.k.p.i.AbstractProblemLoader Replaying proof Sampler[ThreadSpec2::stateInv()].JML accessible clause.0 
618094     DEBUG main            d.u.i.k.p.i.IntermediateProofReplayer Proof replay took 3.4ns 
618196     INFO  main            d.u.i.k.p.r.p.TestFile    ... finished proof: closed. 
618762     INFO  main            d.u.i.k.p.i.AbstractProblemLoader Loading environment from /home/runner/work/key/key/key.core/../key.ui/examples/heap/permissions/threads/Sampler_stateInv_accessible.key.proof 
618762     DEBUG main            d.u.i.k.p.i.AbstractProblemLoader Environment load took 80.8ns 
618762     INFO  main            d.u.i.k.p.i.AbstractProblemLoader Creating init config 
622918     DEBUG main            d.u.i.k.p.i.AbstractProblemLoader Init config took 4.16s 
622994     INFO  main            d.u.i.k.p.i.AbstractProblemLoader Replaying proof Sampler[ThreadSpec2::stateInv()].JML accessible clause.0 
623000     DEBUG main            d.u.i.k.p.i.IntermediateProofReplayer Proof replay took 4.43ms 
623001     DEBUG main            d.u.i.k.p.r.p.TestFile    ... success: reloaded. 
623001     INFO  main            d.u.i.k.p.r.p.TestFile    Now processing file /home/runner/work/key/key/key.core/../key.ui/examples/heap/permissions/threads/Sampler_staticPermissions_accessible.key 
623002     INFO  main            d.u.i.k.p.i.AbstractProblemLoader Loading environment from /home/runner/work/key/key/key.core/../key.ui/examples/heap/permissions/threads/Sampler_staticPermissions_accessible.key 
623002     DEBUG main            d.u.i.k.p.i.AbstractProblemLoader Environment load took 149.2ns 
623003     INFO  main            d.u.i.k.p.i.AbstractProblemLoader Creating init config 
627233     DEBUG main            d.u.i.k.p.i.AbstractProblemLoader Init config took 4.23s 
627309     INFO  main            d.u.i.k.p.i.AbstractProblemLoader Replaying proof Sampler[ThreadSpec2::staticPermissions()].JML accessible clause.0 
627311     DEBUG main            d.u.i.k.p.i.IntermediateProofReplayer Proof replay took 3.4ns 
627414     INFO  main            d.u.i.k.p.r.p.TestFile    ... finished proof: closed. 
627987     INFO  main            d.u.i.k.p.i.AbstractProblemLoader Loading environment from /home/runner/work/key/key/key.core/../key.ui/examples/heap/permissions/threads/Sampler_staticPermissions_accessible.key.proof 
627987     DEBUG main            d.u.i.k.p.i.AbstractProblemLoader Environment load took 80.6ns 
627988     INFO  main            d.u.i.k.p.i.AbstractProblemLoader Creating init config 
632155     DEBUG main            d.u.i.k.p.i.AbstractProblemLoader Init config took 4.17s 
632231     INFO  main            d.u.i.k.p.i.AbstractProblemLoader Replaying proof Sampler[ThreadSpec2::staticPermissions()].JML accessible clause.0 
632235     DEBUG main            d.u.i.k.p.i.IntermediateProofReplayer Proof replay took 3.26ms 
632237     DEBUG main            d.u.i.k.p.r.p.TestFile    ... success: reloaded. 
632238     INFO  main            d.u.i.k.p.r.p.TestFile    Now processing file /home/runner/work/key/key/key.core/../key.ui/examples/heap/permissions/threads/Sampler_workingPermissions_accessible.key 
632238     INFO  main            d.u.i.k.p.i.AbstractProblemLoader Loading environment from /home/runner/work/key/key/key.core/../key.ui/examples/heap/permissions/threads/Sampler_workingPermissions_accessible.key 
632238     DEBUG main            d.u.i.k.p.i.AbstractProblemLoader Environment load took 51.5ns 
632239     INFO  main            d.u.i.k.p.i.AbstractProblemLoader Creating init config 
636460     DEBUG main            d.u.i.k.p.i.AbstractProblemLoader Init config took 4.22s 
636551     INFO  main            d.u.i.k.p.i.AbstractProblemLoader Replaying proof Sampler[ThreadSpec2::workingPermissions()].JML accessible clause.0 
636553     DEBUG main            d.u.i.k.p.i.IntermediateProofReplayer Proof replay took 2.9ns 
636654     INFO  main            d.u.i.k.p.r.p.TestFile    ... finished proof: closed. 
637226     INFO  main            d.u.i.k.p.i.AbstractProblemLoader Loading environment from /home/runner/work/key/key/key.core/../key.ui/examples/heap/permissions/threads/Sampler_workingPermissions_accessible.key.proof 
637226     DEBUG main            d.u.i.k.p.i.AbstractProblemLoader Environment load took 82.3ns 
637227     INFO  main            d.u.i.k.p.i.AbstractProblemLoader Creating init config 
641415     DEBUG main            d.u.i.k.p.i.AbstractProblemLoader Init config took 4.19s 
641503     INFO  main            d.u.i.k.p.i.AbstractProblemLoader Replaying proof Sampler[ThreadSpec2::workingPermissions()].JML accessible clause.0 
641508     DEBUG main            d.u.i.k.p.i.IntermediateProofReplayer Proof replay took 3.59ms 
641509     DEBUG main            d.u.i.k.p.r.p.TestFile    ... success: reloaded. 
641509     INFO  main            d.u.i.k.p.r.p.TestFile    Now processing file /home/runner/work/key/key/key.core/../key.ui/examples/heap/permissions/mulleretal/ReadWrite_doRead_contract.key 
641510     INFO  main            d.u.i.k.p.i.AbstractProblemLoader Loading environment from /home/runner/work/key/key/key.core/../key.ui/examples/heap/permissions/mulleretal/ReadWrite_doRead_contract.key 
641510     DEBUG main            d.u.i.k.p.i.AbstractProblemLoader Environment load took 59.8ns 
641510     INFO  main            d.u.i.k.p.i.AbstractProblemLoader Creating init config 
643934     DEBUG main            d.u.i.k.p.i.AbstractProblemLoader Init config took 2.42s 
643965     INFO  main            d.u.i.k.p.i.AbstractProblemLoader Replaying proof ReadWrite[ReadWrite::doRead()].JML normal_behavior operation contract.0 
643967     DEBUG main            d.u.i.k.p.i.IntermediateProofReplayer Proof replay took 2.6ns 
645472     INFO  main            d.u.i.k.p.r.p.TestFile    ... finished proof: closed. 
646078     INFO  main            d.u.i.k.p.i.AbstractProblemLoader Loading environment from /home/runner/work/key/key/key.core/../key.ui/examples/heap/permissions/mulleretal/ReadWrite_doRead_contract.key.proof 
646078     DEBUG main            d.u.i.k.p.i.AbstractProblemLoader Environment load took 314.71ns 
646079     INFO  main            d.u.i.k.p.i.AbstractProblemLoader Creating init config 
648453     DEBUG main            d.u.i.k.p.i.AbstractProblemLoader Init config took 2.37s 
648485     INFO  main            d.u.i.k.p.i.AbstractProblemLoader Replaying proof ReadWrite[ReadWrite::doRead()].JML normal_behavior operation contract.0 
648765     DEBUG main            d.u.i.k.p.i.IntermediateProofReplayer Proof replay took 274.15ms 
648766     DEBUG main            d.u.i.k.p.r.p.TestFile    ... success: reloaded. 
648767     INFO  main            d.u.i.k.p.r.p.TestFile    Now processing file /home/runner/work/key/key/key.core/../key.ui/examples/heap/permissions/mulleretal/ReadWrite_doWrite_contract.key 
648768     INFO  main            d.u.i.k.p.i.AbstractProblemLoader Loading environment from /home/runner/work/key/key/key.core/../key.ui/examples/heap/permissions/mulleretal/ReadWrite_doWrite_contract.key 
648768     DEBUG main            d.u.i.k.p.i.AbstractProblemLoader Environment load took 147.6ns 
648769     INFO  main            d.u.i.k.p.i.AbstractProblemLoader Creating init config 
651208     DEBUG main            d.u.i.k.p.i.AbstractProblemLoader Init config took 2.44s 
651240     INFO  main            d.u.i.k.p.i.AbstractProblemLoader Replaying proof ReadWrite[ReadWrite::doWrite()].JML normal_behavior operation contract.0 
651241     DEBUG main            d.u.i.k.p.i.IntermediateProofReplayer Proof replay took 3.2ns 
652647     INFO  main            d.u.i.k.p.r.p.TestFile    ... finished proof: closed. 
653278     INFO  main            d.u.i.k.p.i.AbstractProblemLoader Loading environment from /home/runner/work/key/key/key.core/../key.ui/examples/heap/permissions/mulleretal/ReadWrite_doWrite_contract.key.proof 
653278     DEBUG main            d.u.i.k.p.i.AbstractProblemLoader Environment load took 81ns 
653279     INFO  main            d.u.i.k.p.i.AbstractProblemLoader Creating init config 
655635     DEBUG main            d.u.i.k.p.i.AbstractProblemLoader Init config took 2.36s 
655666     INFO  main            d.u.i.k.p.i.AbstractProblemLoader Replaying proof ReadWrite[ReadWrite::doWrite()].JML normal_behavior operation contract.0 
655950     DEBUG main            d.u.i.k.p.i.IntermediateProofReplayer Proof replay took 279.39ms 
655951     DEBUG main            d.u.i.k.p.r.p.TestFile    ... success: reloaded. 
655952     INFO  main            d.u.i.k.p.r.p.TestFile    Now processing file /home/runner/work/key/key/key.core/../key.ui/examples/heap/permissions/mulleretal/ReadWrite_read_contract.key 
655952     INFO  main            d.u.i.k.p.i.AbstractProblemLoader Loading environment from /home/runner/work/key/key/key.core/../key.ui/examples/heap/permissions/mulleretal/ReadWrite_read_contract.key 
655952     DEBUG main            d.u.i.k.p.i.AbstractProblemLoader Environment load took 103.1ns 
655953     INFO  main            d.u.i.k.p.i.AbstractProblemLoader Creating init config 
658354     DEBUG main            d.u.i.k.p.i.AbstractProblemLoader Init config took 2.4s 
658386     INFO  main            d.u.i.k.p.i.AbstractProblemLoader Replaying proof ReadWrite[ReadWrite::read()].JML normal_behavior operation contract.0 
658387     DEBUG main            d.u.i.k.p.i.IntermediateProofReplayer Proof replay took 3.5ns 
658488     INFO  main            d.u.i.k.p.r.p.TestFile    ... finished proof: closed. 
659078     INFO  main            d.u.i.k.p.i.AbstractProblemLoader Loading environment from /home/runner/work/key/key/key.core/../key.ui/examples/heap/permissions/mulleretal/ReadWrite_read_contract.key.proof 
659079     DEBUG main            d.u.i.k.p.i.AbstractProblemLoader Environment load took 80.8ns 
659079     INFO  main            d.u.i.k.p.i.AbstractProblemLoader Creating init config 
661448     DEBUG main            d.u.i.k.p.i.AbstractProblemLoader Init config took 2.37s 
661480     INFO  main            d.u.i.k.p.i.AbstractProblemLoader Replaying proof ReadWrite[ReadWrite::read()].JML normal_behavior operation contract.0 
661486     DEBUG main            d.u.i.k.p.i.IntermediateProofReplayer Proof replay took 4.85ms 
661487     DEBUG main            d.u.i.k.p.r.p.TestFile    ... success: reloaded. 
661488     INFO  main            d.u.i.k.p.r.p.TestFile    Now processing file /home/runner/work/key/key/key.core/../key.ui/examples/heap/permissions/mulleretal/ReadWrite_write_contract.key 
661488     INFO  main            d.u.i.k.p.i.AbstractProblemLoader Loading environment from /home/runner/work/key/key/key.core/../key.ui/examples/heap/permissions/mulleretal/ReadWrite_write_contract.key 
661488     DEBUG main            d.u.i.k.p.i.AbstractProblemLoader Environment load took 54.9ns 
661489     INFO  main            d.u.i.k.p.i.AbstractProblemLoader Creating init config 
663884     DEBUG main            d.u.i.k.p.i.AbstractProblemLoader Init config took 2.4s 
663915     INFO  main            d.u.i.k.p.i.AbstractProblemLoader Replaying proof ReadWrite[ReadWrite::write()].JML normal_behavior operation contract.0 
663916     DEBUG main            d.u.i.k.p.i.IntermediateProofReplayer Proof replay took 3.2ns 
664018     INFO  main            d.u.i.k.p.r.p.TestFile    ... finished proof: closed. 
664623     INFO  main            d.u.i.k.p.i.AbstractProblemLoader Loading environment from /home/runner/work/key/key/key.core/../key.ui/examples/heap/permissions/mulleretal/ReadWrite_write_contract.key.proof 
664623     DEBUG main            d.u.i.k.p.i.AbstractProblemLoader Environment load took 83.5ns 
664624     INFO  main            d.u.i.k.p.i.AbstractProblemLoader Creating init config 
666976     DEBUG main            d.u.i.k.p.i.AbstractProblemLoader Init config took 2.35s 
667007     INFO  main            d.u.i.k.p.i.AbstractProblemLoader Replaying proof ReadWrite[ReadWrite::write()].JML normal_behavior operation contract.0 
667025     DEBUG main            d.u.i.k.p.i.IntermediateProofReplayer Proof replay took 16.62ms 
667026     DEBUG main            d.u.i.k.p.r.p.TestFile    ... success: reloaded. 
667026     INFO  main            d.u.i.k.p.r.p.TestFile    Now processing file /home/runner/work/key/key/key.core/../key.ui/examples/heap/permissions/mulleretal/ReadWrite_inv1_accessible.key 
667027     INFO  main            d.u.i.k.p.i.AbstractProblemLoader Loading environment from /home/runner/work/key/key/key.core/../key.ui/examples/heap/permissions/mulleretal/ReadWrite_inv1_accessible.key 
667027     DEBUG main            d.u.i.k.p.i.AbstractProblemLoader Environment load took 40.7ns 
667027     INFO  main            d.u.i.k.p.i.AbstractProblemLoader Creating init config 
669430     DEBUG main            d.u.i.k.p.i.AbstractProblemLoader Init config took 2.4s 
669461     INFO  main            d.u.i.k.p.i.AbstractProblemLoader Replaying proof ReadWrite[java.lang.Object::<inv>()].JML accessible clause.0 
669463     DEBUG main            d.u.i.k.p.i.IntermediateProofReplayer Proof replay took 3.7ns 
669564     INFO  main            d.u.i.k.p.r.p.TestFile    ... finished proof: closed. 
670161     INFO  main            d.u.i.k.p.i.AbstractProblemLoader Loading environment from /home/runner/work/key/key/key.core/../key.ui/examples/heap/permissions/mulleretal/ReadWrite_inv1_accessible.key.proof 
670161     DEBUG main            d.u.i.k.p.i.AbstractProblemLoader Environment load took 80.2ns 
670161     INFO  main            d.u.i.k.p.i.AbstractProblemLoader Creating init config 
672515     DEBUG main            d.u.i.k.p.i.AbstractProblemLoader Init config took 2.35s 
672545     INFO  main            d.u.i.k.p.i.AbstractProblemLoader Replaying proof ReadWrite[java.lang.Object::<inv>()].JML accessible clause.0 
672547     DEBUG main            d.u.i.k.p.i.IntermediateProofReplayer Proof replay took 1.21ms 
672548     DEBUG main            d.u.i.k.p.r.p.TestFile    ... success: reloaded. 
672549     INFO  main            d.u.i.k.p.r.p.TestFile    Now processing file /home/runner/work/key/key/key.core/../key.ui/examples/heap/permissions/mulleretal/ReadWrite_inv2_accessible.key 
672549     INFO  main            d.u.i.k.p.i.AbstractProblemLoader Loading environment from /home/runner/work/key/key/key.core/../key.ui/examples/heap/permissions/mulleretal/ReadWrite_inv2_accessible.key 
672549     DEBUG main            d.u.i.k.p.i.AbstractProblemLoader Environment load took 41ns 
672550     INFO  main            d.u.i.k.p.i.AbstractProblemLoader Creating init config 
674934     DEBUG main            d.u.i.k.p.i.AbstractProblemLoader Init config took 2.38s 
674965     INFO  main            d.u.i.k.p.i.AbstractProblemLoader Replaying proof ReadWrite[java.lang.Object::<inv>()].JML accessible clause.1 
674966     DEBUG main            d.u.i.k.p.i.IntermediateProofReplayer Proof replay took 2.5ns 
675069     INFO  main            d.u.i.k.p.r.p.TestFile    ... finished proof: closed. 
675661     INFO  main            d.u.i.k.p.i.AbstractProblemLoader Loading environment from /home/runner/work/key/key/key.core/../key.ui/examples/heap/permissions/mulleretal/ReadWrite_inv2_accessible.key.proof 
675661     DEBUG main            d.u.i.k.p.i.AbstractProblemLoader Environment load took 74.5ns 
675661     INFO  main            d.u.i.k.p.i.AbstractProblemLoader Creating init config 
678021     DEBUG main            d.u.i.k.p.i.AbstractProblemLoader Init config took 2.36s 
678052     INFO  main            d.u.i.k.p.i.AbstractProblemLoader Replaying proof ReadWrite[java.lang.Object::<inv>()].JML accessible clause.1 
678055     DEBUG main            d.u.i.k.p.i.IntermediateProofReplayer Proof replay took 1.25ms 
678055     DEBUG main            d.u.i.k.p.r.p.TestFile    ... success: reloaded. 
678056     INFO  main            d.u.i.k.p.r.p.TestFile    Now processing file /home/runner/work/key/key/key.core/../key.ui/examples/heap/permissions/lockspec/Counter_lockConsistent_contract.key 
678056     INFO  main            d.u.i.k.p.i.AbstractProblemLoader Loading environment from /home/runner/work/key/key/key.core/../key.ui/examples/heap/permissions/lockspec/Counter_lockConsistent_contract.key 
678056     DEBUG main            d.u.i.k.p.i.AbstractProblemLoader Environment load took 124.3ns 
678057     INFO  main            d.u.i.k.p.i.AbstractProblemLoader Creating init config 
681044     DEBUG main            d.u.i.k.p.i.AbstractProblemLoader Init config took 2.99s 
681094     INFO  main            d.u.i.k.p.i.AbstractProblemLoader Replaying proof Counter[LockSpec::lockConsistent()].JML model_behavior operation contract.0 
681096     DEBUG main            d.u.i.k.p.i.IntermediateProofReplayer Proof replay took 2.6ns 
681999     INFO  main            d.u.i.k.p.r.p.TestFile    ... finished proof: closed. 
682616     INFO  main            d.u.i.k.p.i.AbstractProblemLoader Loading environment from /home/runner/work/key/key/key.core/../key.ui/examples/heap/permissions/lockspec/Counter_lockConsistent_contract.key.proof 
682616     DEBUG main            d.u.i.k.p.i.AbstractProblemLoader Environment load took 78.6ns 
682617     INFO  main            d.u.i.k.p.i.AbstractProblemLoader Creating init config 
685524     DEBUG main            d.u.i.k.p.i.AbstractProblemLoader Init config took 2.91s 
685582     INFO  main            d.u.i.k.p.i.AbstractProblemLoader Replaying proof Counter[LockSpec::lockConsistent()].JML model_behavior operation contract.0 
685823     DEBUG main            d.u.i.k.p.i.IntermediateProofReplayer Proof replay took 231.96ms 
685824     DEBUG main            d.u.i.k.p.r.p.TestFile    ... success: reloaded. 
685832     INFO  main            d.u.i.k.p.r.p.TestFile    Now processing file /home/runner/work/key/key/key.core/../key.ui/examples/heap/permissions/lockspec/Counter_increase_contract.key 
685832     INFO  main            d.u.i.k.p.i.AbstractProblemLoader Loading environment from /home/runner/work/key/key/key.core/../key.ui/examples/heap/permissions/lockspec/Counter_increase_contract.key 
685832     DEBUG main            d.u.i.k.p.i.AbstractProblemLoader Environment load took 171.2ns 
685833     INFO  main            d.u.i.k.p.i.AbstractProblemLoader Creating init config 
688948     DEBUG main            d.u.i.k.p.i.AbstractProblemLoader Init config took 3.11s 
688994     INFO  main            d.u.i.k.p.i.AbstractProblemLoader Replaying proof Counter[Counter::increase()].JML normal_behavior operation contract.0 
688999     DEBUG main            d.u.i.k.p.i.IntermediateProofReplayer Proof replay took 3.6ns 
690609     INFO  main            d.u.i.k.p.r.p.TestFile    ... finished proof: closed. 
691253     INFO  main            d.u.i.k.p.i.AbstractProblemLoader Loading environment from /home/runner/work/key/key/key.core/../key.ui/examples/heap/permissions/lockspec/Counter_increase_contract.key.proof 
691253     DEBUG main            d.u.i.k.p.i.AbstractProblemLoader Environment load took 302.9ns 
691254     INFO  main            d.u.i.k.p.i.AbstractProblemLoader Creating init config 
694172     DEBUG main            d.u.i.k.p.i.AbstractProblemLoader Init config took 2.92s 
694223     INFO  main            d.u.i.k.p.i.AbstractProblemLoader Replaying proof Counter[Counter::increase()].JML normal_behavior operation contract.0 
694453     DEBUG main            d.u.i.k.p.i.IntermediateProofReplayer Proof replay took 211.47ms 
694455     DEBUG main            d.u.i.k.p.r.p.TestFile    ... success: reloaded. 
694455     INFO  main            d.u.i.k.p.r.p.TestFile    Now processing file /home/runner/work/key/key/key.core/../key.ui/examples/heap/permissions/lockspec/Counter_fp_accessible.key 
694456     INFO  main            d.u.i.k.p.i.AbstractProblemLoader Loading environment from /home/runner/work/key/key/key.core/../key.ui/examples/heap/permissions/lockspec/Counter_fp_accessible.key 
694456     DEBUG main            d.u.i.k.p.i.AbstractProblemLoader Environment load took 150.4ns 
694457     INFO  main            d.u.i.k.p.i.AbstractProblemLoader Creating init config 
697527     DEBUG main            d.u.i.k.p.i.AbstractProblemLoader Init config took 3.07s 
697605     INFO  main            d.u.i.k.p.i.AbstractProblemLoader Replaying proof Counter[LockSpec::fp()].JML accessible clause.0 
697608     DEBUG main            d.u.i.k.p.i.IntermediateProofReplayer Proof replay took 3.5ns 
697709     INFO  main            d.u.i.k.p.r.p.TestFile    ... finished proof: closed. 
698305     INFO  main            d.u.i.k.p.i.AbstractProblemLoader Loading environment from /home/runner/work/key/key/key.core/../key.ui/examples/heap/permissions/lockspec/Counter_fp_accessible.key.proof 
698305     DEBUG main            d.u.i.k.p.i.AbstractProblemLoader Environment load took 70.6ns 
698306     INFO  main            d.u.i.k.p.i.AbstractProblemLoader Creating init config 
701190     DEBUG main            d.u.i.k.p.i.AbstractProblemLoader Init config took 2.88s 
701245     INFO  main            d.u.i.k.p.i.AbstractProblemLoader Replaying proof Counter[LockSpec::fp()].JML accessible clause.0 
701254     DEBUG main            d.u.i.k.p.i.IntermediateProofReplayer Proof replay took 6.82ms 
701254     DEBUG main            d.u.i.k.p.r.p.TestFile    ... success: reloaded. 
701255     INFO  main            d.u.i.k.p.r.p.TestFile    Now processing file /home/runner/work/key/key/key.core/../key.ui/examples/heap/permissions/lockspec/Counter_fpLock_accessible.key 
701256     INFO  main            d.u.i.k.p.i.AbstractProblemLoader Loading environment from /home/runner/work/key/key/key.core/../key.ui/examples/heap/permissions/lockspec/Counter_fpLock_accessible.key 
701256     DEBUG main            d.u.i.k.p.i.AbstractProblemLoader Environment load took 84.6ns 
701257     INFO  main            d.u.i.k.p.i.AbstractProblemLoader Creating init config 
704233     DEBUG main            d.u.i.k.p.i.AbstractProblemLoader Init config took 2.98s 
704301     INFO  main            d.u.i.k.p.i.AbstractProblemLoader Replaying proof Counter[LockSpec::fpLock()].JML accessible clause.0 
704303     DEBUG main            d.u.i.k.p.i.IntermediateProofReplayer Proof replay took 3.2ns 
704413     INFO  main            d.u.i.k.p.r.p.TestFile    ... finished proof: closed. 
705149     INFO  main            d.u.i.k.p.i.AbstractProblemLoader Loading environment from /home/runner/work/key/key/key.core/../key.ui/examples/heap/permissions/lockspec/Counter_fpLock_accessible.key.proof 
705149     DEBUG main            d.u.i.k.p.i.AbstractProblemLoader Environment load took 69.7ns 
705150     INFO  main            d.u.i.k.p.i.AbstractProblemLoader Creating init config 
708046     DEBUG main            d.u.i.k.p.i.AbstractProblemLoader Init config took 2.9s 
708101     INFO  main            d.u.i.k.p.i.AbstractProblemLoader Replaying proof Counter[LockSpec::fpLock()].JML accessible clause.0 
708110     DEBUG main            d.u.i.k.p.i.IntermediateProofReplayer Proof replay took 6.59ms 
708111     DEBUG main            d.u.i.k.p.r.p.TestFile    ... success: reloaded. 
708111     INFO  main            d.u.i.k.p.r.p.TestFile    Now processing file /home/runner/work/key/key/key.core/../key.ui/examples/heap/permissions/lockspec/Counter_fpPerm_accessible.key 
708112     INFO  main            d.u.i.k.p.i.AbstractProblemLoader Loading environment from /home/runner/work/key/key/key.core/../key.ui/examples/heap/permissions/lockspec/Counter_fpPerm_accessible.key 
708112     DEBUG main            d.u.i.k.p.i.AbstractProblemLoader Environment load took 190.8ns 
708113     INFO  main            d.u.i.k.p.i.AbstractProblemLoader Creating init config 
711060     DEBUG main            d.u.i.k.p.i.AbstractProblemLoader Init config took 2.95s 
711108     INFO  main            d.u.i.k.p.i.AbstractProblemLoader Replaying proof Counter[LockSpec::fpPerm()].JML accessible clause.0 
711109     DEBUG main            d.u.i.k.p.i.IntermediateProofReplayer Proof replay took 2.9ns 
711210     INFO  main            d.u.i.k.p.r.p.TestFile    ... finished proof: closed. 
711840     INFO  main            d.u.i.k.p.i.AbstractProblemLoader Loading environment from /home/runner/work/key/key/key.core/../key.ui/examples/heap/permissions/lockspec/Counter_fpPerm_accessible.key.proof 
711840     DEBUG main            d.u.i.k.p.i.AbstractProblemLoader Environment load took 70.3ns 
711841     INFO  main            d.u.i.k.p.i.AbstractProblemLoader Creating init config 
714723     DEBUG main            d.u.i.k.p.i.AbstractProblemLoader Init config took 2.88s 
714778     INFO  main            d.u.i.k.p.i.AbstractProblemLoader Replaying proof Counter[LockSpec::fpPerm()].JML accessible clause.0 
714786     DEBUG main            d.u.i.k.p.i.IntermediateProofReplayer Proof replay took 6.05ms 
714793     DEBUG main            d.u.i.k.p.r.p.TestFile    ... success: reloaded. 
714797     INFO  main            d.u.i.k.p.r.p.TestFile    Now processing file /home/runner/work/key/key/key.core/../key.ui/examples/heap/permissions/lockspec/Counter_inv_accessible1.key 
714797     INFO  main            d.u.i.k.p.i.AbstractProblemLoader Loading environment from /home/runner/work/key/key/key.core/../key.ui/examples/heap/permissions/lockspec/Counter_inv_accessible1.key 
714797     DEBUG main            d.u.i.k.p.i.AbstractProblemLoader Environment load took 145.9ns 
714798     INFO  main            d.u.i.k.p.i.AbstractProblemLoader Creating init config 
717900     DEBUG main            d.u.i.k.p.i.AbstractProblemLoader Init config took 3.1s 
717974     INFO  main            d.u.i.k.p.i.AbstractProblemLoader Replaying proof Counter[java.lang.Object::<inv>()].JML accessible clause.0 
717975     DEBUG main            d.u.i.k.p.i.IntermediateProofReplayer Proof replay took 2.9ns 
718077     INFO  main            d.u.i.k.p.r.p.TestFile    ... finished proof: closed. 
718713     INFO  main            d.u.i.k.p.i.AbstractProblemLoader Loading environment from /home/runner/work/key/key/key.core/../key.ui/examples/heap/permissions/lockspec/Counter_inv_accessible1.key.proof 
718713     DEBUG main            d.u.i.k.p.i.AbstractProblemLoader Environment load took 71.9ns 
718714     INFO  main            d.u.i.k.p.i.AbstractProblemLoader Creating init config 
721583     DEBUG main            d.u.i.k.p.i.AbstractProblemLoader Init config took 2.87s 
721638     INFO  main            d.u.i.k.p.i.AbstractProblemLoader Replaying proof Counter[java.lang.Object::<inv>()].JML accessible clause.0 
721648     DEBUG main            d.u.i.k.p.i.IntermediateProofReplayer Proof replay took 8.54ms 
721649     DEBUG main            d.u.i.k.p.r.p.TestFile    ... success: reloaded. 
721649     INFO  main            d.u.i.k.p.r.p.TestFile    Now processing file /home/runner/work/key/key/key.core/../key.ui/examples/heap/permissions/lockspec/Counter_inv_accessible2.key 
721650     INFO  main            d.u.i.k.p.i.AbstractProblemLoader Loading environment from /home/runner/work/key/key/key.core/../key.ui/examples/heap/permissions/lockspec/Counter_inv_accessible2.key 
721650     DEBUG main            d.u.i.k.p.i.AbstractProblemLoader Environment load took 160.2ns 
721651     INFO  main            d.u.i.k.p.i.AbstractProblemLoader Creating init config 
724621     DEBUG main            d.u.i.k.p.i.AbstractProblemLoader Init config took 2.97s 
724670     INFO  main            d.u.i.k.p.i.AbstractProblemLoader Replaying proof Counter[java.lang.Object::<inv>()].JML accessible clause.1 
724671     DEBUG main            d.u.i.k.p.i.IntermediateProofReplayer Proof replay took 3ns 
724777     INFO  main            d.u.i.k.p.r.p.TestFile    ... finished proof: closed. 
725418     INFO  main            d.u.i.k.p.i.AbstractProblemLoader Loading environment from /home/runner/work/key/key/key.core/../key.ui/examples/heap/permissions/lockspec/Counter_inv_accessible2.key.proof 
725418     DEBUG main            d.u.i.k.p.i.AbstractProblemLoader Environment load took 75.1ns 
725419     INFO  main            d.u.i.k.p.i.AbstractProblemLoader Creating init config 
728352     DEBUG main            d.u.i.k.p.i.AbstractProblemLoader Init config took 2.93s 
728407     INFO  main            d.u.i.k.p.i.AbstractProblemLoader Replaying proof Counter[java.lang.Object::<inv>()].JML accessible clause.1 
728429     DEBUG main            d.u.i.k.p.i.IntermediateProofReplayer Proof replay took 19.86ms 
728430     DEBUG main            d.u.i.k.p.r.p.TestFile    ... success: reloaded. 
728430     INFO  main            d.u.i.k.p.r.p.TestFile    Now processing file /home/runner/work/key/key/key.core/../key.ui/examples/heap/permissions/lockspec/Counter_lockRef_accessible.key 
728431     INFO  main            d.u.i.k.p.i.AbstractProblemLoader Loading environment from /home/runner/work/key/key/key.core/../key.ui/examples/heap/permissions/lockspec/Counter_lockRef_accessible.key 
728431     DEBUG main            d.u.i.k.p.i.AbstractProblemLoader Environment load took 69.9ns 
728432     INFO  main            d.u.i.k.p.i.AbstractProblemLoader Creating init config 
731403     DEBUG main            d.u.i.k.p.i.AbstractProblemLoader Init config took 2.97s 
731451     INFO  main            d.u.i.k.p.i.AbstractProblemLoader Replaying proof Counter[LockSpec::lockRef()].JML accessible clause.0 
731452     DEBUG main            d.u.i.k.p.i.IntermediateProofReplayer Proof replay took 3.2ns 
731654     INFO  main            d.u.i.k.p.r.p.TestFile    ... finished proof: closed. 
732298     INFO  main            d.u.i.k.p.i.AbstractProblemLoader Loading environment from /home/runner/work/key/key/key.core/../key.ui/examples/heap/permissions/lockspec/Counter_lockRef_accessible.key.proof 
732298     DEBUG main            d.u.i.k.p.i.AbstractProblemLoader Environment load took 76.1ns 
732298     INFO  main            d.u.i.k.p.i.AbstractProblemLoader Creating init config 
735217     DEBUG main            d.u.i.k.p.i.AbstractProblemLoader Init config took 2.92s 
735272     INFO  main            d.u.i.k.p.i.AbstractProblemLoader Replaying proof Counter[LockSpec::lockRef()].JML accessible clause.0 
735300     DEBUG main            d.u.i.k.p.i.IntermediateProofReplayer Proof replay took 25.18ms 
735301     DEBUG main            d.u.i.k.p.r.p.TestFile    ... success: reloaded. 
735302     INFO  main            d.u.i.k.p.r.p.TestFile    Now processing file /home/runner/work/key/key/key.core/../key.ui/examples/heap/permissions/lockspec/Counter_lockRef_contract1.key 
735303     INFO  main            d.u.i.k.p.i.AbstractProblemLoader Loading environment from /home/runner/work/key/key/key.core/../key.ui/examples/heap/permissions/lockspec/Counter_lockRef_contract1.key 
735303     DEBUG main            d.u.i.k.p.i.AbstractProblemLoader Environment load took 169.4ns 
735304     INFO  main            d.u.i.k.p.i.AbstractProblemLoader Creating init config 
738277     DEBUG main            d.u.i.k.p.i.AbstractProblemLoader Init config took 2.97s 
738326     INFO  main            d.u.i.k.p.i.AbstractProblemLoader Replaying proof Counter[LockSpec::lockRef()].JML model_behavior operation contract.0 
738328     DEBUG main            d.u.i.k.p.i.IntermediateProofReplayer Proof replay took 2.8ns 
738430     INFO  main            d.u.i.k.p.r.p.TestFile    ... finished proof: closed. 
739074     INFO  main            d.u.i.k.p.i.AbstractProblemLoader Loading environment from /home/runner/work/key/key/key.core/../key.ui/examples/heap/permissions/lockspec/Counter_lockRef_contract1.key.proof 
739074     DEBUG main            d.u.i.k.p.i.AbstractProblemLoader Environment load took 75.2ns 
739075     INFO  main            d.u.i.k.p.i.AbstractProblemLoader Creating init config 
741960     DEBUG main            d.u.i.k.p.i.AbstractProblemLoader Init config took 2.89s 
742016     INFO  main            d.u.i.k.p.i.AbstractProblemLoader Replaying proof Counter[LockSpec::lockRef()].JML model_behavior operation contract.0 
742021     DEBUG main            d.u.i.k.p.i.IntermediateProofReplayer Proof replay took 3.45ms 
742021     DEBUG main            d.u.i.k.p.r.p.TestFile    ... success: reloaded. 
742022     INFO  main            d.u.i.k.p.r.p.TestFile    Now processing file /home/runner/work/key/key/key.core/../key.ui/examples/heap/permissions/lockspec/Counter_lockRef_contract2.key 
742022     INFO  main            d.u.i.k.p.i.AbstractProblemLoader Loading environment from /home/runner/work/key/key/key.core/../key.ui/examples/heap/permissions/lockspec/Counter_lockRef_contract2.key 
742022     DEBUG main            d.u.i.k.p.i.AbstractProblemLoader Environment load took 82.3ns 
742023     INFO  main            d.u.i.k.p.i.AbstractProblemLoader Creating init config 
745019     DEBUG main            d.u.i.k.p.i.AbstractProblemLoader Init config took 3s 
745067     INFO  main            d.u.i.k.p.i.AbstractProblemLoader Replaying proof Counter[Counter::lockRef()].JML model_behavior operation contract.0 
745069     DEBUG main            d.u.i.k.p.i.IntermediateProofReplayer Proof replay took 2.6ns 
745170     INFO  main            d.u.i.k.p.r.p.TestFile    ... finished proof: closed. 
745815     INFO  main            d.u.i.k.p.i.AbstractProblemLoader Loading environment from /home/runner/work/key/key/key.core/../key.ui/examples/heap/permissions/lockspec/Counter_lockRef_contract2.key.proof 
745815     DEBUG main            d.u.i.k.p.i.AbstractProblemLoader Environment load took 67.9ns 
745816     INFO  main            d.u.i.k.p.i.AbstractProblemLoader Creating init config 
748735     DEBUG main            d.u.i.k.p.i.AbstractProblemLoader Init config took 2.92s 
748791     INFO  main            d.u.i.k.p.i.AbstractProblemLoader Replaying proof Counter[Counter::lockRef()].JML model_behavior operation contract.0 
748795     DEBUG main            d.u.i.k.p.i.IntermediateProofReplayer Proof replay took 3.51ms 
748796     DEBUG main            d.u.i.k.p.r.p.TestFile    ... success: reloaded. 
748797     INFO  main            d.u.i.k.p.r.p.TestFile    Now processing file /home/runner/work/key/key/key.core/../key.ui/examples/heap/permissions/lockspec/Counter_lockState_accessible.key 
748797     INFO  main            d.u.i.k.p.i.AbstractProblemLoader Loading environment from /home/runner/work/key/key/key.core/../key.ui/examples/heap/permissions/lockspec/Counter_lockState_accessible.key 
748797     DEBUG main            d.u.i.k.p.i.AbstractProblemLoader Environment load took 118.6ns 
748798     INFO  main            d.u.i.k.p.i.AbstractProblemLoader Creating init config 
751757     DEBUG main            d.u.i.k.p.i.AbstractProblemLoader Init config took 2.96s 
751807     INFO  main            d.u.i.k.p.i.AbstractProblemLoader Replaying proof Counter[LockSpec::lockState(boolean)].JML accessible clause.0 
751808     DEBUG main            d.u.i.k.p.i.IntermediateProofReplayer Proof replay took 2.7ns 
752009     INFO  main            d.u.i.k.p.r.p.TestFile    ... finished proof: closed. 
752649     INFO  main            d.u.i.k.p.i.AbstractProblemLoader Loading environment from /home/runner/work/key/key/key.core/../key.ui/examples/heap/permissions/lockspec/Counter_lockState_accessible.key.proof 
752649     DEBUG main            d.u.i.k.p.i.AbstractProblemLoader Environment load took 75.7ns 
752649     INFO  main            d.u.i.k.p.i.AbstractProblemLoader Creating init config 
755557     DEBUG main            d.u.i.k.p.i.AbstractProblemLoader Init config took 2.91s 
755612     INFO  main            d.u.i.k.p.i.AbstractProblemLoader Replaying proof Counter[LockSpec::lockState(boolean)].JML accessible clause.0 
755656     DEBUG main            d.u.i.k.p.i.IntermediateProofReplayer Proof replay took 40.29ms 
755657     DEBUG main            d.u.i.k.p.r.p.TestFile    ... success: reloaded. 
755657     INFO  main            d.u.i.k.p.r.p.TestFile    Now processing file /home/runner/work/key/key/key.core/../key.ui/examples/heap/permissions/lockspec/Counter_lockStatus_accessible.key 
755658     INFO  main            d.u.i.k.p.i.AbstractProblemLoader Loading environment from /home/runner/work/key/key/key.core/../key.ui/examples/heap/permissions/lockspec/Counter_lockStatus_accessible.key 
755659     DEBUG main            d.u.i.k.p.i.AbstractProblemLoader Environment load took 175ns 
755659     INFO  main            d.u.i.k.p.i.AbstractProblemLoader Creating init config 
758719     DEBUG main            d.u.i.k.p.i.AbstractProblemLoader Init config took 3.06s 
758766     INFO  main            d.u.i.k.p.i.AbstractProblemLoader Replaying proof Counter[LockSpec::lockStatus(boolean)].JML accessible clause.0 
758767     DEBUG main            d.u.i.k.p.i.IntermediateProofReplayer Proof replay took 3.6ns 
758869     INFO  main            d.u.i.k.p.r.p.TestFile    ... finished proof: closed. 
759521     INFO  main            d.u.i.k.p.i.AbstractProblemLoader Loading environment from /home/runner/work/key/key/key.core/../key.ui/examples/heap/permissions/lockspec/Counter_lockStatus_accessible.key.proof 
759521     DEBUG main            d.u.i.k.p.i.AbstractProblemLoader Environment load took 75.1ns 
759522     INFO  main            d.u.i.k.p.i.AbstractProblemLoader Creating init config 
762369     DEBUG main            d.u.i.k.p.i.AbstractProblemLoader Init config took 2.85s 
762423     INFO  main            d.u.i.k.p.i.AbstractProblemLoader Replaying proof Counter[LockSpec::lockStatus(boolean)].JML accessible clause.0 
762441     DEBUG main            d.u.i.k.p.i.IntermediateProofReplayer Proof replay took 15.76ms 
762442     DEBUG main            d.u.i.k.p.r.p.TestFile    ... success: reloaded. 
762443     INFO  main            d.u.i.k.p.r.p.TestFile    Now processing file /home/runner/work/key/key/key.core/../key.ui/examples/heap/permissions/lockspec/Counter_lockTransfer_accessible.key 
762443     INFO  main            d.u.i.k.p.i.AbstractProblemLoader Loading environment from /home/runner/work/key/key/key.core/../key.ui/examples/heap/permissions/lockspec/Counter_lockTransfer_accessible.key 
762443     DEBUG main            d.u.i.k.p.i.AbstractProblemLoader Environment load took 154.5ns 
762444     INFO  main            d.u.i.k.p.i.AbstractProblemLoader Creating init config 
765422     DEBUG main            d.u.i.k.p.i.AbstractProblemLoader Init config took 2.98s 
765488     INFO  main            d.u.i.k.p.i.AbstractProblemLoader Replaying proof Counter[LockSpec::lockTransfer()].JML accessible clause.0 
765490     DEBUG main            d.u.i.k.p.i.IntermediateProofReplayer Proof replay took 2.6ns 
765892     INFO  main            d.u.i.k.p.r.p.TestFile    ... finished proof: closed. 
766569     INFO  main            d.u.i.k.p.i.AbstractProblemLoader Loading environment from /home/runner/work/key/key/key.core/../key.ui/examples/heap/permissions/lockspec/Counter_lockTransfer_accessible.key.proof 
766569     DEBUG main            d.u.i.k.p.i.AbstractProblemLoader Environment load took 77.6ns 
766570     INFO  main            d.u.i.k.p.i.AbstractProblemLoader Creating init config 
769508     DEBUG main            d.u.i.k.p.i.AbstractProblemLoader Init config took 2.94s 
769573     INFO  main            d.u.i.k.p.i.AbstractProblemLoader Replaying proof Counter[LockSpec::lockTransfer()].JML accessible clause.0 
769629     DEBUG main            d.u.i.k.p.i.IntermediateProofReplayer Proof replay took 52.37ms 
769630     DEBUG main            d.u.i.k.p.r.p.TestFile    ... success: reloaded. 
769631     INFO  main            d.u.i.k.p.r.p.TestFile    Now processing file /home/runner/work/key/key/key.core/../key.ui/examples/heap/permissions/lockspec/Counter_unlockTransfer_accessible.key 
769632     INFO  main            d.u.i.k.p.i.AbstractProblemLoader Loading environment from /home/runner/work/key/key/key.core/../key.ui/examples/heap/permissions/lockspec/Counter_unlockTransfer_accessible.key 
769632     DEBUG main            d.u.i.k.p.i.AbstractProblemLoader Environment load took 161.4ns 
769633     INFO  main            d.u.i.k.p.i.AbstractProblemLoader Creating init config 
772702     DEBUG main            d.u.i.k.p.i.AbstractProblemLoader Init config took 3.07s 
772752     INFO  main            d.u.i.k.p.i.AbstractProblemLoader Replaying proof Counter[LockSpec::unlockTransfer()].JML accessible clause.0 
772754     DEBUG main            d.u.i.k.p.i.IntermediateProofReplayer Proof replay took 2.6ns 
773056     INFO  main            d.u.i.k.p.r.p.TestFile    ... finished proof: closed. 
773758     INFO  main            d.u.i.k.p.i.AbstractProblemLoader Loading environment from /home/runner/work/key/key/key.core/../key.ui/examples/heap/permissions/lockspec/Counter_unlockTransfer_accessible.key.proof 
773758     DEBUG main            d.u.i.k.p.i.AbstractProblemLoader Environment load took 74.8ns 
773758     INFO  main            d.u.i.k.p.i.AbstractProblemLoader Creating init config 
776686     DEBUG main            d.u.i.k.p.i.AbstractProblemLoader Init config took 2.93s 
776741     INFO  main            d.u.i.k.p.i.AbstractProblemLoader Replaying proof Counter[LockSpec::unlockTransfer()].JML accessible clause.0 
776797     DEBUG main            d.u.i.k.p.i.IntermediateProofReplayer Proof replay took 51.43ms 
776798     DEBUG main            d.u.i.k.p.r.p.TestFile    ... success: reloaded. 
776798     INFO  main            d.u.i.k.p.r.p.TestFile    Now processing file /home/runner/work/key/key/key.core/../key.ui/examples/heap/permissions/threads/Plotter_startTransfer_contract.proof 
776799     INFO  main            d.u.i.k.p.i.AbstractProblemLoader Loading environment from /home/runner/work/key/key/key.core/../key.ui/examples/heap/permissions/threads/Plotter_startTransfer_contract.proof 
776799     DEBUG main            d.u.i.k.p.i.AbstractProblemLoader Environment load took 144.3ns 
776800     INFO  main            d.u.i.k.p.i.AbstractProblemLoader Creating init config 
781249     DEBUG main            d.u.i.k.p.i.AbstractProblemLoader Init config took 4.45s 
781330     INFO  main            d.u.i.k.p.i.AbstractProblemLoader Replaying proof Plotter[ThreadSpec2::startTransfer()].JML model_behavior operation contract.0 
781429     DEBUG main            d.u.i.k.p.i.IntermediateProofReplayer Proof replay took 91.23ms 
781430     INFO  main            d.u.i.k.p.r.p.TestFile    ... success: loaded 
781431     INFO  main            d.u.i.k.p.r.p.TestFile    Now processing file /home/runner/work/key/key/key.core/../key.ui/examples/heap/permissions/threads/Plotter_startTransfer_accessible.proof 
781431     INFO  main            d.u.i.k.p.i.AbstractProblemLoader Loading environment from /home/runner/work/key/key/key.core/../key.ui/examples/heap/permissions/threads/Plotter_startTransfer_accessible.proof 
781431     DEBUG main            d.u.i.k.p.i.AbstractProblemLoader Environment load took 143.8ns 
781432     INFO  main            d.u.i.k.p.i.AbstractProblemLoader Creating init config 
785891     DEBUG main            d.u.i.k.p.i.AbstractProblemLoader Init config took 4.46s 
785970     INFO  main            d.u.i.k.p.i.AbstractProblemLoader Replaying proof Plotter[ThreadSpec2::startTransfer()].JML accessible clause.0 
786026     DEBUG main            d.u.i.k.p.i.IntermediateProofReplayer Proof replay took 52.82ms 
786026     INFO  main            d.u.i.k.p.r.p.TestFile    ... success: loaded 
786027     INFO  main            d.u.i.k.p.r.p.TestFile    Now processing file /home/runner/work/key/key/key.core/../key.ui/examples/heap/permissions/threads/Plotter_joinTransfer_accessible.proof 
786028     INFO  main            d.u.i.k.p.i.AbstractProblemLoader Loading environment from /home/runner/work/key/key/key.core/../key.ui/examples/heap/permissions/threads/Plotter_joinTransfer_accessible.proof 
786028     DEBUG main            d.u.i.k.p.i.AbstractProblemLoader Environment load took 66.2ns 
786028     INFO  main            d.u.i.k.p.i.AbstractProblemLoader Creating init config 
790474     DEBUG main            d.u.i.k.p.i.AbstractProblemLoader Init config took 4.45s 
790576     INFO  main            d.u.i.k.p.i.AbstractProblemLoader Replaying proof Plotter[ThreadSpec2::joinTransfer()].JML accessible clause.0 
790592     WARN  main            d.u.i.k.p.i.IntermediateProofReplayer Proof contains wrong number of \assumes instatiations for Definition_axiom_for_stateInv_in_Plotter 
790595     WARN  main            d.u.i.k.p.i.IntermediateProofReplayer Proof contains wrong number of \assumes instatiations for Definition_axiom_for_stateInv_in_Plotter 
790598     WARN  main            d.u.i.k.p.i.IntermediateProofReplayer Proof contains wrong number of \assumes instatiations for Definition_axiom_for_workingPermissions_in_Plotter 
790599     WARN  main            d.u.i.k.p.i.IntermediateProofReplayer Proof contains wrong number of \assumes instatiations for Definition_axiom_for_staticPermissions_in_Plotter 
790602     WARN  main            d.u.i.k.p.i.IntermediateProofReplayer Proof contains wrong number of \assumes instatiations for Definition_axiom_for_joinTransfer_in_Plotter 
790603     WARN  main            d.u.i.k.p.i.IntermediateProofReplayer Proof contains wrong number of \assumes instatiations for Definition_axiom_for_stateInv_in_BFilter 
790605     WARN  main            d.u.i.k.p.i.IntermediateProofReplayer Proof contains wrong number of \assumes instatiations for Definition_axiom_for_stateInv_in_AFilter 
790607     WARN  main            d.u.i.k.p.i.IntermediateProofReplayer Proof contains wrong number of \assumes instatiations for Definition_axiom_for_stateInv_in_BFilter 
790608     WARN  main            d.u.i.k.p.i.IntermediateProofReplayer Proof contains wrong number of \assumes instatiations for Definition_axiom_for_stateInv_in_AFilter 
790610     WARN  main            d.u.i.k.p.i.IntermediateProofReplayer Proof contains wrong number of \assumes instatiations for Definition_axiom_for_staticPermissions_in_AFilter 
790610     WARN  main            d.u.i.k.p.i.IntermediateProofReplayer Proof contains wrong number of \assumes instatiations for Definition_axiom_for_staticPermissions_in_Plotter 
790611     WARN  main            d.u.i.k.p.i.IntermediateProofReplayer Proof contains wrong number of \assumes instatiations for Definition_axiom_for_staticPermissions_in_BFilter 
790611     WARN  main            d.u.i.k.p.i.IntermediateProofReplayer Proof contains wrong number of \assumes instatiations for Definition_axiom_for_workingPermissions_in_Plotter 
790612     WARN  main            d.u.i.k.p.i.IntermediateProofReplayer Proof contains wrong number of \assumes instatiations for Definition_axiom_for_stateInv_in_Sampler 
790613     WARN  main            d.u.i.k.p.i.IntermediateProofReplayer Proof contains wrong number of \assumes instatiations for Definition_axiom_for_stateInv_in_Sampler 
790614     WARN  main            d.u.i.k.p.i.IntermediateProofReplayer Proof contains wrong number of \assumes instatiations for Definition_axiom_for_staticPermissions_in_Sampler 
790614     WARN  main            d.u.i.k.p.i.IntermediateProofReplayer Proof contains wrong number of \assumes instatiations for Definition_axiom_for_staticPermissions_in_BFilter 
790615     WARN  main            d.u.i.k.p.i.IntermediateProofReplayer Proof contains wrong number of \assumes instatiations for Definition_axiom_for_staticPermissions_in_AFilter 
790615     WARN  main            d.u.i.k.p.i.IntermediateProofReplayer Proof contains wrong number of \assumes instatiations for Definition_axiom_for_staticPermissions_in_Sampler 
790616     WARN  main            d.u.i.k.p.i.IntermediateProofReplayer Proof contains wrong number of \assumes instatiations for Definition_axiom_for_staticPermissions_in_Sampler 
790616     WARN  main            d.u.i.k.p.i.IntermediateProofReplayer Proof contains wrong number of \assumes instatiations for Definition_axiom_for_staticPermissions_in_Sampler 
790617     WARN  main            d.u.i.k.p.i.IntermediateProofReplayer Proof contains wrong number of \assumes instatiations for Definition_axiom_for_joinTransfer_in_Plotter 
790722     DEBUG main            d.u.i.k.p.i.IntermediateProofReplayer Proof replay took 132.71ms 
790722     INFO  main            d.u.i.k.p.r.p.TestFile    ... success: loaded 
4874251    INFO  Test worker     d.u.i.k.p.r.RunAllProofsTestUnit Returning from test permissionHeap 
4874254    INFO  Test worker     d.u.i.k.p.r.RunAllProofsTestUnit Running test completionScopes 
358        INFO  Timeout watchdog d.u.i.k.p.r.p.ForkedTestFileRunner Timeout watcher launched (2000 secs.) 
366        WARN  main            d.u.i.k.s.ProofSettings   The settings in /home/runner/.key/proof-settings.props are *not* read. 
416        INFO  main            d.u.i.k.p.r.p.TestFile    Now processing file /home/runner/work/key/key/key.core/../key.ui/examples/completionscopes/testCcatchReturnVal.key 
570        INFO  main            d.u.i.k.p.i.AbstractProblemLoader Loading environment from /home/runner/work/key/key/key.core/../key.ui/examples/completionscopes/testCcatchReturnVal.key 
589        DEBUG main            d.u.i.k.p.i.AbstractProblemLoader Environment load took 2.06ms 
842        INFO  main            d.u.i.k.p.i.AbstractProblemLoader Creating init config 
1850       DEBUG main            d.u.i.k.j.TypeConverter   No LDT found for Meta 
1850       DEBUG main            d.u.i.k.j.TypeConverter   No LDT found for Meta 
1853       DEBUG main            d.u.i.k.j.TypeConverter   No LDT found for Meta 
1853       DEBUG main            d.u.i.k.j.TypeConverter   No LDT found for Meta 
3251       DEBUG main            d.u.i.k.j.TypeConverter   No LDT found for JavaBigintExpression 
8276       DEBUG main            d.u.i.k.p.i.AbstractProblemLoader Init config took 7.43s 
8396       INFO  main            d.u.i.k.p.i.AbstractProblemLoader Replaying proof CompletionScopes[CompletionScopes::testCcatchReturnVal()].JML normal_behavior operation contract.0 
8428       DEBUG main            d.u.i.k.p.i.IntermediateProofReplayer Proof replay took 32.4ns 
8967       INFO  main            d.u.i.k.p.r.p.TestFile    ... finished proof: closed. 
9071       INFO  main            d.u.i.k.p.i.AbstractProblemLoader Loading environment from /home/runner/work/key/key/key.core/../key.ui/examples/completionscopes/testCcatchReturnVal.key.proof 
9071       DEBUG main            d.u.i.k.p.i.AbstractProblemLoader Environment load took 402.61ns 
9073       INFO  main            d.u.i.k.p.i.AbstractProblemLoader Creating init config 
12035      DEBUG main            d.u.i.k.p.i.AbstractProblemLoader Init config took 2.96s 
12110      INFO  main            d.u.i.k.p.i.AbstractProblemLoader Replaying proof CompletionScopes[CompletionScopes::testCcatchReturnVal()].JML normal_behavior operation contract.0 
12175      DEBUG main            d.u.i.k.p.i.IntermediateProofReplayer Proof replay took 56.8ms 
12183      DEBUG main            d.u.i.k.p.r.p.TestFile    ... success: reloaded. 
12186      INFO  main            d.u.i.k.p.r.p.TestFile    Now processing file /home/runner/work/key/key/key.core/../key.ui/examples/completionscopes/testMultCcatchClauses.key 
12186      INFO  main            d.u.i.k.p.i.AbstractProblemLoader Loading environment from /home/runner/work/key/key/key.core/../key.ui/examples/completionscopes/testMultCcatchClauses.key 
12186      DEBUG main            d.u.i.k.p.i.AbstractProblemLoader Environment load took 123.8ns 
12190      INFO  main            d.u.i.k.p.i.AbstractProblemLoader Creating init config 
14932      DEBUG main            d.u.i.k.p.i.AbstractProblemLoader Init config took 2.74s 
14988      INFO  main            d.u.i.k.p.i.AbstractProblemLoader Replaying proof CompletionScopes[CompletionScopes::testMultCcatchClauses()].JML normal_behavior operation contract.0 
14991      DEBUG main            d.u.i.k.p.i.IntermediateProofReplayer Proof replay took 7ns 
15396      INFO  main            d.u.i.k.p.r.p.TestFile    ... finished proof: closed. 
15539      INFO  main            d.u.i.k.p.i.AbstractProblemLoader Loading environment from /home/runner/work/key/key/key.core/../key.ui/examples/completionscopes/testMultCcatchClauses.key.proof 
15541      DEBUG main            d.u.i.k.p.i.AbstractProblemLoader Environment load took 1.8ms 
15542      INFO  main            d.u.i.k.p.i.AbstractProblemLoader Creating init config 
18252      DEBUG main            d.u.i.k.p.i.AbstractProblemLoader Init config took 2.71s 
18304      INFO  main            d.u.i.k.p.i.AbstractProblemLoader Replaying proof CompletionScopes[CompletionScopes::testMultCcatchClauses()].JML normal_behavior operation contract.0 
18422      DEBUG main            d.u.i.k.p.i.IntermediateProofReplayer Proof replay took 114.37ms 
18424      DEBUG main            d.u.i.k.p.r.p.TestFile    ... success: reloaded. 
18426      INFO  main            d.u.i.k.p.r.p.TestFile    Now processing file /home/runner/work/key/key/key.core/../key.ui/examples/completionscopes/testNestedExec.key 
18426      INFO  main            d.u.i.k.p.i.AbstractProblemLoader Loading environment from /home/runner/work/key/key/key.core/../key.ui/examples/completionscopes/testNestedExec.key 
18427      DEBUG main            d.u.i.k.p.i.AbstractProblemLoader Environment load took 105.2ns 
18429      INFO  main            d.u.i.k.p.i.AbstractProblemLoader Creating init config 
21153      DEBUG main            d.u.i.k.p.i.AbstractProblemLoader Init config took 2.72s 
21211      INFO  main            d.u.i.k.p.i.AbstractProblemLoader Replaying proof CompletionScopes[CompletionScopes::testMultCcatchClauses()].JML normal_behavior operation contract.0 
21215      DEBUG main            d.u.i.k.p.i.IntermediateProofReplayer Proof replay took 8.3ns 
21619      INFO  main            d.u.i.k.p.r.p.TestFile    ... finished proof: closed. 
21776      INFO  main            d.u.i.k.p.i.AbstractProblemLoader Loading environment from /home/runner/work/key/key/key.core/../key.ui/examples/completionscopes/testNestedExec.key.proof 
21778      DEBUG main            d.u.i.k.p.i.AbstractProblemLoader Environment load took 2.75ms 
21780      INFO  main            d.u.i.k.p.i.AbstractProblemLoader Creating init config 
24387      DEBUG main            d.u.i.k.p.i.AbstractProblemLoader Init config took 2.61s 
24433      INFO  main            d.u.i.k.p.i.AbstractProblemLoader Replaying proof CompletionScopes[CompletionScopes::testMultCcatchClauses()].JML normal_behavior operation contract.0 
24492      DEBUG main            d.u.i.k.p.i.IntermediateProofReplayer Proof replay took 55.72ms 
24493      DEBUG main            d.u.i.k.p.r.p.TestFile    ... success: reloaded. 
24495      INFO  main            d.u.i.k.p.r.p.TestFile    Now processing file /home/runner/work/key/key/key.core/../key.ui/examples/completionscopes/testCcatchBreakLabel.key 
24495      INFO  main            d.u.i.k.p.i.AbstractProblemLoader Loading environment from /home/runner/work/key/key/key.core/../key.ui/examples/completionscopes/testCcatchBreakLabel.key 
24495      DEBUG main            d.u.i.k.p.i.AbstractProblemLoader Environment load took 183.8ns 
24496      INFO  main            d.u.i.k.p.i.AbstractProblemLoader Creating init config 
27113      DEBUG main            d.u.i.k.p.i.AbstractProblemLoader Init config took 2.62s 
27159      INFO  main            d.u.i.k.p.i.AbstractProblemLoader Replaying proof CompletionScopes[CompletionScopes::testBreakLabel()].JML normal_behavior operation contract.0 
27161      DEBUG main            d.u.i.k.p.i.IntermediateProofReplayer Proof replay took 6.4ns 
27184      DEBUG Thread-10       d.u.i.k.l.o.ProgramSV     Match failed: Former match of  SchemaVariable incompatible with  the current match. 
27265      INFO  main            d.u.i.k.p.r.p.TestFile    ... finished proof: closed. 
27405      INFO  main            d.u.i.k.p.i.AbstractProblemLoader Loading environment from /home/runner/work/key/key/key.core/../key.ui/examples/completionscopes/testCcatchBreakLabel.key.proof 
27405      DEBUG main            d.u.i.k.p.i.AbstractProblemLoader Environment load took 130.2ns 
27406      INFO  main            d.u.i.k.p.i.AbstractProblemLoader Creating init config 
29992      DEBUG main            d.u.i.k.p.i.AbstractProblemLoader Init config took 2.59s 
30052      INFO  main            d.u.i.k.p.i.AbstractProblemLoader Replaying proof CompletionScopes[CompletionScopes::testBreakLabel()].JML normal_behavior operation contract.0 
30065      DEBUG main            d.u.i.k.p.i.IntermediateProofReplayer Proof replay took 8.81ms 
30067      DEBUG main            d.u.i.k.p.r.p.TestFile    ... success: reloaded. 
30069      INFO  main            d.u.i.k.p.r.p.TestFile    Now processing file /home/runner/work/key/key/key.core/../key.ui/examples/completionscopes/testCcatchContinueLabel.key 
30069      INFO  main            d.u.i.k.p.i.AbstractProblemLoader Loading environment from /home/runner/work/key/key/key.core/../key.ui/examples/completionscopes/testCcatchContinueLabel.key 
30069      DEBUG main            d.u.i.k.p.i.AbstractProblemLoader Environment load took 185.8ns 
30070      INFO  main            d.u.i.k.p.i.AbstractProblemLoader Creating init config 
32723      DEBUG main            d.u.i.k.p.i.AbstractProblemLoader Init config took 2.65s 
32768      INFO  main            d.u.i.k.p.i.AbstractProblemLoader Replaying proof CompletionScopes[CompletionScopes::testContinueLabel()].JML normal_behavior operation contract.0 
32769      DEBUG main            d.u.i.k.p.i.IntermediateProofReplayer Proof replay took 6.2ns 
32786      DEBUG Thread-13       d.u.i.k.l.o.ProgramSV     Match failed: Former match of  SchemaVariable incompatible with  the current match. 
32872      INFO  main            d.u.i.k.p.r.p.TestFile    ... finished proof: closed. 
33021      INFO  main            d.u.i.k.p.i.AbstractProblemLoader Loading environment from /home/runner/work/key/key/key.core/../key.ui/examples/completionscopes/testCcatchContinueLabel.key.proof 
33021      DEBUG main            d.u.i.k.p.i.AbstractProblemLoader Environment load took 157.2ns 
33022      INFO  main            d.u.i.k.p.i.AbstractProblemLoader Creating init config 
35591      DEBUG main            d.u.i.k.p.i.AbstractProblemLoader Init config took 2.57s 
35649      INFO  main            d.u.i.k.p.i.AbstractProblemLoader Replaying proof CompletionScopes[CompletionScopes::testContinueLabel()].JML normal_behavior operation contract.0 
35657      DEBUG main            d.u.i.k.p.i.IntermediateProofReplayer Proof replay took 6.54ms 
35658      DEBUG main            d.u.i.k.p.r.p.TestFile    ... success: reloaded. 
35659      INFO  main            d.u.i.k.p.r.p.TestFile    Now processing file /home/runner/work/key/key/key.core/../key.ui/examples/completionscopes/testCcatchBreakLabelWildcard.key 
35659      INFO  main            d.u.i.k.p.i.AbstractProblemLoader Loading environment from /home/runner/work/key/key/key.core/../key.ui/examples/completionscopes/testCcatchBreakLabelWildcard.key 
35660      DEBUG main            d.u.i.k.p.i.AbstractProblemLoader Environment load took 176.8ns 
35661      INFO  main            d.u.i.k.p.i.AbstractProblemLoader Creating init config 
38256      DEBUG main            d.u.i.k.p.i.AbstractProblemLoader Init config took 2.6s 
38297      INFO  main            d.u.i.k.p.i.AbstractProblemLoader Replaying proof CompletionScopes[CompletionScopes::testBreakLabelWildcard()].JML normal_behavior operation contract.0 
38299      DEBUG main            d.u.i.k.p.i.IntermediateProofReplayer Proof replay took 8ns 
38316      DEBUG Thread-16       d.u.i.k.l.o.ProgramSV     Match failed: Former match of  SchemaVariable incompatible with  the current match. 
38317      DEBUG Thread-16       d.u.i.k.l.o.ProgramSV     Match failed: Former match of  SchemaVariable incompatible with  the current match. 
38402      INFO  main            d.u.i.k.p.r.p.TestFile    ... finished proof: closed. 
38654      INFO  main            d.u.i.k.p.i.AbstractProblemLoader Loading environment from /home/runner/work/key/key/key.core/../key.ui/examples/completionscopes/testCcatchBreakLabelWildcard.key.proof 
38654      DEBUG main            d.u.i.k.p.i.AbstractProblemLoader Environment load took 129.8ns 
38655      INFO  main            d.u.i.k.p.i.AbstractProblemLoader Creating init config 
41261      DEBUG main            d.u.i.k.p.i.AbstractProblemLoader Init config took 2.61s 
41314      INFO  main            d.u.i.k.p.i.AbstractProblemLoader Replaying proof CompletionScopes[CompletionScopes::testBreakLabelWildcard()].JML normal_behavior operation contract.0 
41324      DEBUG main            d.u.i.k.p.i.IntermediateProofReplayer Proof replay took 7.12ms 
41325      DEBUG main            d.u.i.k.p.r.p.TestFile    ... success: reloaded. 
41326      INFO  main            d.u.i.k.p.r.p.TestFile    Now processing file /home/runner/work/key/key/key.core/../key.ui/examples/completionscopes/testCcatchContinueLabelWildcard.key 
41327      INFO  main            d.u.i.k.p.i.AbstractProblemLoader Loading environment from /home/runner/work/key/key/key.core/../key.ui/examples/completionscopes/testCcatchContinueLabelWildcard.key 
41327      DEBUG main            d.u.i.k.p.i.AbstractProblemLoader Environment load took 206.3ns 
41328      INFO  main            d.u.i.k.p.i.AbstractProblemLoader Creating init config 
43907      DEBUG main            d.u.i.k.p.i.AbstractProblemLoader Init config took 2.58s 
43945      INFO  main            d.u.i.k.p.i.AbstractProblemLoader Replaying proof CompletionScopes[CompletionScopes::testContinueLabelWildcard()].JML normal_behavior operation contract.0 
43947      DEBUG main            d.u.i.k.p.i.IntermediateProofReplayer Proof replay took 7.3ns 
43964      DEBUG Thread-19       d.u.i.k.l.o.ProgramSV     Match failed: Former match of  SchemaVariable incompatible with  the current match. 
43965      DEBUG Thread-19       d.u.i.k.l.o.ProgramSV     Match failed: Former match of  SchemaVariable incompatible with  the current match. 
44049      INFO  main            d.u.i.k.p.r.p.TestFile    ... finished proof: closed. 
44210      INFO  main            d.u.i.k.p.i.AbstractProblemLoader Loading environment from /home/runner/work/key/key/key.core/../key.ui/examples/completionscopes/testCcatchContinueLabelWildcard.key.proof 
44210      DEBUG main            d.u.i.k.p.i.AbstractProblemLoader Environment load took 127ns 
44211      INFO  main            d.u.i.k.p.i.AbstractProblemLoader Creating init config 
46784      DEBUG main            d.u.i.k.p.i.AbstractProblemLoader Init config took 2.57s 
46822      INFO  main            d.u.i.k.p.i.AbstractProblemLoader Replaying proof CompletionScopes[CompletionScopes::testContinueLabelWildcard()].JML normal_behavior operation contract.0 
46831      DEBUG main            d.u.i.k.p.i.IntermediateProofReplayer Proof replay took 6.43ms 
46831      DEBUG main            d.u.i.k.p.r.p.TestFile    ... success: reloaded. 
46833      INFO  main            d.u.i.k.p.r.p.TestFile    Now processing file /home/runner/work/key/key/key.core/../key.ui/examples/completionscopes/testCcatchBreakLabelNonmatchingNested.key 
46833      INFO  main            d.u.i.k.p.i.AbstractProblemLoader Loading environment from /home/runner/work/key/key/key.core/../key.ui/examples/completionscopes/testCcatchBreakLabelNonmatchingNested.key 
46833      DEBUG main            d.u.i.k.p.i.AbstractProblemLoader Environment load took 185ns 
46834      INFO  main            d.u.i.k.p.i.AbstractProblemLoader Creating init config 
49455      DEBUG main            d.u.i.k.p.i.AbstractProblemLoader Init config took 2.62s 
49495      INFO  main            d.u.i.k.p.i.AbstractProblemLoader Replaying proof CompletionScopes[CompletionScopes::testBreakLabelNonmatchingNested()].JML normal_behavior operation contract.0 
49498      DEBUG main            d.u.i.k.p.i.IntermediateProofReplayer Proof replay took 7.7ns 
49514      DEBUG Thread-22       d.u.i.k.l.o.ProgramSV     Match failed: Former match of  SchemaVariable incompatible with  the current match. 
49515      DEBUG Thread-22       d.u.i.k.l.o.ProgramSV     Match failed: Former match of  SchemaVariable incompatible with  the current match. 
49601      INFO  main            d.u.i.k.p.r.p.TestFile    ... finished proof: closed. 
49820      INFO  main            d.u.i.k.p.i.AbstractProblemLoader Loading environment from /home/runner/work/key/key/key.core/../key.ui/examples/completionscopes/testCcatchBreakLabelNonmatchingNested.key.proof 
49820      DEBUG main            d.u.i.k.p.i.AbstractProblemLoader Environment load took 141.4ns 
49821      INFO  main            d.u.i.k.p.i.AbstractProblemLoader Creating init config 
52326      DEBUG main            d.u.i.k.p.i.AbstractProblemLoader Init config took 2.5s 
52365      INFO  main            d.u.i.k.p.i.AbstractProblemLoader Replaying proof CompletionScopes[CompletionScopes::testBreakLabelNonmatchingNested()].JML normal_behavior operation contract.0 
52374      DEBUG main            d.u.i.k.p.i.IntermediateProofReplayer Proof replay took 6.8ms 
52375      DEBUG main            d.u.i.k.p.r.p.TestFile    ... success: reloaded. 
4926809    INFO  Test worker     d.u.i.k.p.r.RunAllProofsTestUnit Returning from test completionScopes 
4926811    INFO  Test worker     d.u.i.k.p.r.RunAllProofsTestUnit Running test reload_examples 
391        INFO  Timeout watchdog d.u.i.k.p.r.p.ForkedTestFileRunner Timeout watcher launched (2000 secs.) 
393        WARN  main            d.u.i.k.s.ProofSettings   The settings in /home/runner/.key/proof-settings.props are *not* read. 
430        INFO  main            d.u.i.k.p.r.p.TestFile    Now processing file /home/runner/work/key/key/key.core/../key.ui/examples/firstTouch/05-ReverseArray/reverseArray.key 
535        INFO  main            d.u.i.k.p.i.AbstractProblemLoader Loading environment from /home/runner/work/key/key/key.core/../key.ui/examples/firstTouch/05-ReverseArray/reverseArray.key 
561        DEBUG main            d.u.i.k.p.i.AbstractProblemLoader Environment load took 1.99ms 
776        INFO  main            d.u.i.k.p.i.AbstractProblemLoader Creating init config 
1633       DEBUG main            d.u.i.k.j.TypeConverter   No LDT found for Meta 
1634       DEBUG main            d.u.i.k.j.TypeConverter   No LDT found for Meta 
1638       DEBUG main            d.u.i.k.j.TypeConverter   No LDT found for Meta 
1638       DEBUG main            d.u.i.k.j.TypeConverter   No LDT found for Meta 
3225       DEBUG main            d.u.i.k.j.TypeConverter   No LDT found for JavaBigintExpression 
8384       DEBUG main            d.u.i.k.p.i.AbstractProblemLoader Init config took 7.61s 
8532       INFO  main            d.u.i.k.p.i.AbstractProblemLoader Replaying proof ReverseArray[ReverseArray::reverse()].JML normal_behavior operation contract.0 
8595       DEBUG main            d.u.i.k.p.i.IntermediateProofReplayer Proof replay took 34.6ns 
18777      INFO  main            d.u.i.k.p.r.p.TestFile    ... finished proof: closed. 
19023      INFO  main            d.u.i.k.p.i.AbstractProblemLoader Loading environment from /home/runner/work/key/key/key.core/../key.ui/examples/firstTouch/05-ReverseArray/reverseArray.key.proof 
19024      DEBUG main            d.u.i.k.p.i.AbstractProblemLoader Environment load took 847.72ns 
19032      INFO  main            d.u.i.k.p.i.AbstractProblemLoader Creating init config 
21895      DEBUG main            d.u.i.k.p.i.AbstractProblemLoader Init config took 2.86s 
21943      INFO  main            d.u.i.k.p.i.AbstractProblemLoader Replaying proof ReverseArray[ReverseArray::reverse()].JML normal_behavior operation contract.0 
22432      DEBUG main            d.u.i.k.p.i.IntermediateProofReplayer Proof replay took 428.95ms 
22442      DEBUG main            d.u.i.k.p.r.p.TestFile    ... success: reloaded. 
22445      INFO  main            d.u.i.k.p.r.p.TestFile    Now processing file /home/runner/work/key/key/key.core/../key.ui/examples/standard_key/arith/saveProofTest.key.proof 
22446      INFO  main            d.u.i.k.p.i.AbstractProblemLoader Loading environment from /home/runner/work/key/key/key.core/../key.ui/examples/standard_key/arith/saveProofTest.key.proof 
22446      DEBUG main            d.u.i.k.p.i.AbstractProblemLoader Environment load took 217.7ns 
22449      INFO  main            d.u.i.k.p.i.AbstractProblemLoader Creating init config 
24962      DEBUG main            d.u.i.k.p.i.AbstractProblemLoader Init config took 2.51s 
24990      INFO  main            d.u.i.k.p.i.AbstractProblemLoader Replaying proof saveProofTest.key.proof 
24996      DEBUG main            d.u.i.k.p.i.IntermediateProofReplayer Proof replay took 2.47ms 
24997      INFO  main            d.u.i.k.p.r.p.TestFile    ... success: loaded 
24999      INFO  main            d.u.i.k.p.r.p.TestFile    Now processing file /home/runner/work/key/key/key.core/../key.ui/examples/heap/permutedSum/perm.proof 
24999      INFO  main            d.u.i.k.p.i.AbstractProblemLoader Loading environment from /home/runner/work/key/key/key.core/../key.ui/examples/heap/permutedSum/perm.proof 
24999      DEBUG main            d.u.i.k.p.i.AbstractProblemLoader Environment load took 232.4ns 
25002      INFO  main            d.u.i.k.p.i.AbstractProblemLoader Creating init config 
27695      DEBUG main            d.u.i.k.p.i.AbstractProblemLoader Init config took 2.69s 
27790      INFO  main            d.u.i.k.p.i.AbstractProblemLoader Replaying proof Perm[Perm::foo()].JML normal_behavior operation contract.0 
28560      DEBUG main            d.u.i.k.p.i.IntermediateProofReplayer Proof replay took 713.75ms 
28563      INFO  main            d.u.i.k.p.r.p.TestFile    ... success: loaded 
28564      INFO  main            d.u.i.k.p.r.p.TestFile    Now processing file /home/runner/work/key/key/key.core/../key.ui/examples/firstTouch/05-ReverseArray/reverseArray.proof 
28565      INFO  main            d.u.i.k.p.i.AbstractProblemLoader Loading environment from /home/runner/work/key/key/key.core/../key.ui/examples/firstTouch/05-ReverseArray/reverseArray.proof 
28565      DEBUG main            d.u.i.k.p.i.AbstractProblemLoader Environment load took 207.3ns 
28568      INFO  main            d.u.i.k.p.i.AbstractProblemLoader Creating init config 
31246      DEBUG main            d.u.i.k.p.i.AbstractProblemLoader Init config took 2.68s 
31286      INFO  main            d.u.i.k.p.i.AbstractProblemLoader Replaying proof ReverseArray[ReverseArray::reverse()].JML normal_behavior operation contract.0 
31739      DEBUG main            d.u.i.k.p.i.IntermediateProofReplayer Proof replay took 416.54ms 
31742      INFO  main            d.u.i.k.p.r.p.TestFile    ... success: loaded 
31743      INFO  main            d.u.i.k.p.r.p.TestFile    Now processing file /home/runner/work/key/key/key.core/../key.ui/examples/heap/verifyThis15_1_RelaxedPrefix/relax.proof 
31743      INFO  main            d.u.i.k.p.i.AbstractProblemLoader Loading environment from /home/runner/work/key/key/key.core/../key.ui/examples/heap/verifyThis15_1_RelaxedPrefix/relax.proof 
31744      DEBUG main            d.u.i.k.p.i.AbstractProblemLoader Environment load took 178.6ns 
31745      INFO  main            d.u.i.k.p.i.AbstractProblemLoader Creating init config 
34340      DEBUG main            d.u.i.k.p.i.AbstractProblemLoader Init config took 2.59s 
34387      INFO  main            d.u.i.k.p.i.AbstractProblemLoader Replaying proof Relaxed[Relaxed::isRelaxedPrefix([I,[I)].JML operation contract.0 
34782      DEBUG main            d.u.i.k.p.i.IntermediateProofReplayer Proof replay took 376.62ms 
34784      INFO  main            d.u.i.k.p.r.p.TestFile    ... success: loaded 
34785      INFO  main            d.u.i.k.p.r.p.TestFile    Now processing file /home/runner/work/key/key/key.core/../key.ui/examples/heap/verifyThis15_3_DLL/doUndo.proof 
34786      INFO  main            d.u.i.k.p.i.AbstractProblemLoader Loading environment from /home/runner/work/key/key/key.core/../key.ui/examples/heap/verifyThis15_3_DLL/doUndo.proof 
34786      DEBUG main            d.u.i.k.p.i.AbstractProblemLoader Environment load took 192.7ns 
34788      INFO  main            d.u.i.k.p.i.AbstractProblemLoader Creating init config 
35716      DEBUG main            d.u.i.k.j.r.ClassPreparationMethodBuilder clPrepBuilder: Inner Class detected. Reject building class initialisation methods. 
37609      DEBUG main            d.u.i.k.p.i.AbstractProblemLoader Init config took 2.82s 
37719      INFO  main            d.u.i.k.p.i.AbstractProblemLoader Replaying proof DoubleLinkedList[DoubleLinkedList::doUndo(DoubleLinkedList.Node,int)].JML normal_behavior operation contract.0 
38147      DEBUG main            d.u.i.k.p.i.IntermediateProofReplayer Proof replay took 397.63ms 
38149      INFO  main            d.u.i.k.p.r.p.TestFile    ... success: loaded 
38150      INFO  main            d.u.i.k.p.r.p.TestFile    Now processing file /home/runner/work/key/key/key.core/../key.ui/examples/heap/verifyThis15_2_ParallelGcd/parallelGcd.proof 
38151      INFO  main            d.u.i.k.p.i.AbstractProblemLoader Loading environment from /home/runner/work/key/key/key.core/../key.ui/examples/heap/verifyThis15_2_ParallelGcd/parallelGcd.proof 
38151      DEBUG main            d.u.i.k.p.i.AbstractProblemLoader Environment load took 193.3ns 
38153      INFO  main            d.u.i.k.p.i.AbstractProblemLoader Creating init config 
40768      DEBUG main            d.u.i.k.p.i.AbstractProblemLoader Init config took 2.62s 
40819      INFO  main            d.u.i.k.p.i.AbstractProblemLoader Replaying proof ParallelGcd[ParallelGcd::parallelGcd(int,int,[Z)].JML behavior operation contract.0 
41284      DEBUG main            d.u.i.k.p.i.IntermediateProofReplayer Proof replay took 451.66ms 
41286      INFO  main            d.u.i.k.p.r.p.TestFile    ... success: loaded 
4968267    INFO  Test worker     d.u.i.k.p.r.RunAllProofsTestUnit Returning from test reload_examples 
4968267    INFO  Test worker     d.u.i.k.p.r.RunAllProofsTestUnit Running test proofLoadRepair 
338        INFO  Timeout watchdog d.u.i.k.p.r.p.ForkedTestFileRunner Timeout watcher launched (2000 secs.) 
352        WARN  main            d.u.i.k.s.ProofSettings   The settings in /home/runner/.key/proof-settings.props are *not* read. 
385        INFO  main            d.u.i.k.p.r.p.TestFile    Now processing file /home/runner/work/key/key/key.core/../key.ui/examples/proofLoadRepair/disjConj-manipulated.proof 
496        INFO  main            d.u.i.k.p.i.AbstractProblemLoader Loading environment from /home/runner/work/key/key/key.core/../key.ui/examples/proofLoadRepair/disjConj-manipulated.proof 
513        DEBUG main            d.u.i.k.p.i.AbstractProblemLoader Environment load took 2.24ms 
744        INFO  main            d.u.i.k.p.i.AbstractProblemLoader Creating init config 
1674       DEBUG main            d.u.i.k.j.TypeConverter   No LDT found for Meta 
1674       DEBUG main            d.u.i.k.j.TypeConverter   No LDT found for Meta 
1675       DEBUG main            d.u.i.k.j.TypeConverter   No LDT found for Meta 
1675       DEBUG main            d.u.i.k.j.TypeConverter   No LDT found for Meta 
3187       DEBUG main            d.u.i.k.j.TypeConverter   No LDT found for JavaBigintExpression 
7886       DEBUG main            d.u.i.k.p.i.AbstractProblemLoader Init config took 7.14s 
7944       INFO  main            d.u.i.k.p.i.AbstractProblemLoader Replaying proof disjConj-manipulated.proof 
7986       WARN  main            d.u.i.k.p.i.IntermediateProofReplayer Proof contains wrong number of \assumes instatiations for andLeft 
7988       WARN  main            d.u.i.k.p.i.IntermediateProofReplayer Proof contains wrong number of \assumes instatiations for replace_known_right 
7991       WARN  main            d.u.i.k.p.i.IntermediateProofReplayer Proof contains wrong number of \assumes instatiations for close 
7991       DEBUG main            d.u.i.k.p.i.IntermediateProofReplayer Proof replay took 13.56ms 
7995       INFO  main            d.u.i.k.p.r.p.TestFile    ... success: loaded 
7999       INFO  main            d.u.i.k.p.r.p.TestFile    Now processing file /home/runner/work/key/key/key.core/../key.ui/examples/proofLoadRepair/insufficient-manipulated.proof 
8000       INFO  main            d.u.i.k.p.i.AbstractProblemLoader Loading environment from /home/runner/work/key/key/key.core/../key.ui/examples/proofLoadRepair/insufficient-manipulated.proof 
8000       DEBUG main            d.u.i.k.p.i.AbstractProblemLoader Environment load took 246.3ns 
8004       INFO  main            d.u.i.k.p.i.AbstractProblemLoader Creating init config 
10840      DEBUG main            d.u.i.k.p.i.AbstractProblemLoader Init config took 2.84s 
10858      INFO  main            d.u.i.k.p.i.AbstractProblemLoader Replaying proof insufficient-manipulated.proof 
10876      WARN  main            d.u.i.k.p.i.IntermediateProofReplayer Proof contains wrong number of \assumes instatiations for applyEq 
10885      DEBUG main            d.u.i.k.p.i.IntermediateProofReplayer Proof replay took 10.98ms 
10888      INFO  main            d.u.i.k.p.r.p.TestFile    ... success: loading failed 
10890      INFO  main            d.u.i.k.p.r.p.TestFile    Now processing file /home/runner/work/key/key/key.core/../key.ui/examples/../../key.core/src/test/resources/testcase/issues/1716/incorrectPolarity.proof 
10890      INFO  main            d.u.i.k.p.i.AbstractProblemLoader Loading environment from /home/runner/work/key/key/key.core/../key.ui/examples/../../key.core/src/test/resources/testcase/issues/1716/incorrectPolarity.proof 
10890      DEBUG main            d.u.i.k.p.i.AbstractProblemLoader Environment load took 128.7ns 
10892      INFO  main            d.u.i.k.p.i.AbstractProblemLoader Creating init config 
13704      DEBUG main            d.u.i.k.p.i.AbstractProblemLoader Init config took 2.81s 
13733      INFO  main            d.u.i.k.p.i.AbstractProblemLoader Replaying proof incorrectPolarity.proof 
13736      DEBUG main            d.u.i.k.p.i.IntermediateProofReplayer Proof replay took 210.5ns 
13737      INFO  main            d.u.i.k.p.r.p.TestFile    ... success: loading failed 
13738      INFO  main            d.u.i.k.p.r.p.TestFile    Now processing file /home/runner/work/key/key/key.core/../key.ui/examples/../../key.core/src/test/resources/testcase/issues/1716/incorrectPolarity2.proof 
13738      INFO  main            d.u.i.k.p.i.AbstractProblemLoader Loading environment from /home/runner/work/key/key/key.core/../key.ui/examples/../../key.core/src/test/resources/testcase/issues/1716/incorrectPolarity2.proof 
13738      DEBUG main            d.u.i.k.p.i.AbstractProblemLoader Environment load took 203.3ns 
13740      INFO  main            d.u.i.k.p.i.AbstractProblemLoader Creating init config 
16248      DEBUG main            d.u.i.k.p.i.AbstractProblemLoader Init config took 2.51s 
16272      INFO  main            d.u.i.k.p.i.AbstractProblemLoader Replaying proof incorrectPolarity2.proof 
16275      DEBUG main            d.u.i.k.p.i.IntermediateProofReplayer Proof replay took 348.61ns 
16276      INFO  main            d.u.i.k.p.r.p.TestFile    ... success: loading failed 
16277      INFO  main            d.u.i.k.p.r.p.TestFile    Now processing file /home/runner/work/key/key/key.core/../key.ui/examples/../../key.core/src/test/resources/testcase/issues/1716/incorrectPolarity3.proof 
16277      INFO  main            d.u.i.k.p.i.AbstractProblemLoader Loading environment from /home/runner/work/key/key/key.core/../key.ui/examples/../../key.core/src/test/resources/testcase/issues/1716/incorrectPolarity3.proof 
16277      DEBUG main            d.u.i.k.p.i.AbstractProblemLoader Environment load took 221.6ns 
16279      INFO  main            d.u.i.k.p.i.AbstractProblemLoader Creating init config 
18736      DEBUG main            d.u.i.k.p.i.AbstractProblemLoader Init config took 2.46s 
18757      INFO  main            d.u.i.k.p.i.AbstractProblemLoader Replaying proof incorrectPolarity3.proof 
18760      DEBUG main            d.u.i.k.p.i.IntermediateProofReplayer Proof replay took 1.07ms 
18760      INFO  main            d.u.i.k.p.r.p.TestFile    ... success: loading failed 
4987198    INFO  Test worker     d.u.i.k.p.r.RunAllProofsTestUnit Returning from test proofLoadRepair 
4987199    INFO  Test worker     d.u.i.k.p.r.RunAllProofsTestUnit Running test switch 
321        INFO  Timeout watchdog d.u.i.k.p.r.p.ForkedTestFileRunner Timeout watcher launched (2000 secs.) 
333        WARN  main            d.u.i.k.s.ProofSettings   The settings in /home/runner/.key/proof-settings.props are *not* read. 
370        INFO  main            d.u.i.k.p.r.p.TestFile    Now processing file /home/runner/work/key/key/key.core/../key.ui/examples/standard_key/java_dl/switch/labeled_case.key 
514        INFO  main            d.u.i.k.p.i.AbstractProblemLoader Loading environment from /home/runner/work/key/key/key.core/../key.ui/examples/standard_key/java_dl/switch/labeled_case.key 
533        DEBUG main            d.u.i.k.p.i.AbstractProblemLoader Environment load took 2.42ms 
793        INFO  main            d.u.i.k.p.i.AbstractProblemLoader Creating init config 
1753       DEBUG main            d.u.i.k.j.TypeConverter   No LDT found for Meta 
1753       DEBUG main            d.u.i.k.j.TypeConverter   No LDT found for Meta 
1755       DEBUG main            d.u.i.k.j.TypeConverter   No LDT found for Meta 
1755       DEBUG main            d.u.i.k.j.TypeConverter   No LDT found for Meta 
3192       DEBUG main            d.u.i.k.j.TypeConverter   No LDT found for JavaBigintExpression 
8296       DEBUG main            d.u.i.k.p.i.AbstractProblemLoader Init config took 7.5s 
8447       INFO  main            d.u.i.k.p.i.AbstractProblemLoader Replaying proof LabeledCase[LabeledCase::m(int)].JML normal_behavior operation contract.0 
8485       DEBUG main            d.u.i.k.p.i.IntermediateProofReplayer Proof replay took 33.9ns 
9212       INFO  main            d.u.i.k.p.r.p.TestFile    ... finished proof: closed. 
9316       INFO  main            d.u.i.k.p.i.AbstractProblemLoader Loading environment from /home/runner/work/key/key/key.core/../key.ui/examples/standard_key/java_dl/switch/labeled_case.key.proof 
9317       DEBUG main            d.u.i.k.p.i.AbstractProblemLoader Environment load took 174.7ns 
9319       INFO  main            d.u.i.k.p.i.AbstractProblemLoader Creating init config 
12024      DEBUG main            d.u.i.k.p.i.AbstractProblemLoader Init config took 2.71s 
12096      INFO  main            d.u.i.k.p.i.AbstractProblemLoader Replaying proof LabeledCase[LabeledCase::m(int)].JML normal_behavior operation contract.0 
12148      DEBUG main            d.u.i.k.p.i.IntermediateProofReplayer Proof replay took 46.6ms 
12155      DEBUG main            d.u.i.k.p.r.p.TestFile    ... success: reloaded. 
12157      INFO  main            d.u.i.k.p.r.p.TestFile    Now processing file /home/runner/work/key/key/key.core/../key.ui/examples/standard_key/java_dl/switch/empty_switch.key 
12157      INFO  main            d.u.i.k.p.i.AbstractProblemLoader Loading environment from /home/runner/work/key/key/key.core/../key.ui/examples/standard_key/java_dl/switch/empty_switch.key 
12157      DEBUG main            d.u.i.k.p.i.AbstractProblemLoader Environment load took 210.7ns 
12159      INFO  main            d.u.i.k.p.i.AbstractProblemLoader Creating init config 
14775      DEBUG main            d.u.i.k.p.i.AbstractProblemLoader Init config took 2.62s 
14804      INFO  main            d.u.i.k.p.i.AbstractProblemLoader Replaying proof empty_switch.key 
14807      DEBUG main            d.u.i.k.p.i.IntermediateProofReplayer Proof replay took 7ns 
14910      INFO  main            d.u.i.k.p.r.p.TestFile    ... finished proof: closed. 
15035      INFO  main            d.u.i.k.p.i.AbstractProblemLoader Loading environment from /home/runner/work/key/key/key.core/../key.ui/examples/standard_key/java_dl/switch/empty_switch.key.proof 
15035      DEBUG main            d.u.i.k.p.i.AbstractProblemLoader Environment load took 144.7ns 
15036      INFO  main            d.u.i.k.p.i.AbstractProblemLoader Creating init config 
17545      DEBUG main            d.u.i.k.p.i.AbstractProblemLoader Init config took 2.51s 
17580      INFO  main            d.u.i.k.p.i.AbstractProblemLoader Replaying proof empty_switch.key.proof 
17591      DEBUG main            d.u.i.k.p.i.IntermediateProofReplayer Proof replay took 4.98ms 
17593      DEBUG main            d.u.i.k.p.r.p.TestFile    ... success: reloaded. 
17594      INFO  main            d.u.i.k.p.r.p.TestFile    Now processing file /home/runner/work/key/key/key.core/../key.ui/examples/standard_key/java_dl/switch/empty_switch_null.key 
17594      INFO  main            d.u.i.k.p.i.AbstractProblemLoader Loading environment from /home/runner/work/key/key/key.core/../key.ui/examples/standard_key/java_dl/switch/empty_switch_null.key 
17595      DEBUG main            d.u.i.k.p.i.AbstractProblemLoader Environment load took 262.61ns 
17596      INFO  main            d.u.i.k.p.i.AbstractProblemLoader Creating init config 
20096      DEBUG main            d.u.i.k.p.i.AbstractProblemLoader Init config took 2.5s 
20120      INFO  main            d.u.i.k.p.i.AbstractProblemLoader Replaying proof empty_switch_null.key 
20122      DEBUG main            d.u.i.k.p.i.IntermediateProofReplayer Proof replay took 6.2ns 
20326      INFO  main            d.u.i.k.p.r.p.TestFile    ... finished proof: closed. 
20468      INFO  main            d.u.i.k.p.i.AbstractProblemLoader Loading environment from /home/runner/work/key/key/key.core/../key.ui/examples/standard_key/java_dl/switch/empty_switch_null.key.proof 
20469      DEBUG main            d.u.i.k.p.i.AbstractProblemLoader Environment load took 1.16ms 
20471      INFO  main            d.u.i.k.p.i.AbstractProblemLoader Creating init config 
23004      DEBUG main            d.u.i.k.p.i.AbstractProblemLoader Init config took 2.53s 
23031      INFO  main            d.u.i.k.p.i.AbstractProblemLoader Replaying proof empty_switch_null.key.proof 
23071      DEBUG main            d.u.i.k.p.i.IntermediateProofReplayer Proof replay took 36.77ms 
23072      DEBUG main            d.u.i.k.p.r.p.TestFile    ... success: reloaded. 
23074      INFO  main            d.u.i.k.p.r.p.TestFile    Now processing file /home/runner/work/key/key/key.core/../key.ui/examples/standard_key/java_dl/switch/empty_switch_null_catch.key 
23074      INFO  main            d.u.i.k.p.i.AbstractProblemLoader Loading environment from /home/runner/work/key/key/key.core/../key.ui/examples/standard_key/java_dl/switch/empty_switch_null_catch.key 
23074      DEBUG main            d.u.i.k.p.i.AbstractProblemLoader Environment load took 102.3ns 
23076      INFO  main            d.u.i.k.p.i.AbstractProblemLoader Creating init config 
25526      DEBUG main            d.u.i.k.p.i.AbstractProblemLoader Init config took 2.45s 
25548      INFO  main            d.u.i.k.p.i.AbstractProblemLoader Replaying proof empty_switch_null_catch.key 
25550      DEBUG main            d.u.i.k.p.i.IntermediateProofReplayer Proof replay took 6.2ns 
25757      INFO  main            d.u.i.k.p.r.p.TestFile    ... finished proof: closed. 
25907      INFO  main            d.u.i.k.p.i.AbstractProblemLoader Loading environment from /home/runner/work/key/key/key.core/../key.ui/examples/standard_key/java_dl/switch/empty_switch_null_catch.key.proof 
25908      DEBUG main            d.u.i.k.p.i.AbstractProblemLoader Environment load took 375.11ns 
25909      INFO  main            d.u.i.k.p.i.AbstractProblemLoader Creating init config 
28325      DEBUG main            d.u.i.k.p.i.AbstractProblemLoader Init config took 2.42s 
28347      INFO  main            d.u.i.k.p.i.AbstractProblemLoader Replaying proof empty_switch_null_catch.key.proof 
28382      DEBUG main            d.u.i.k.p.i.IntermediateProofReplayer Proof replay took 31.46ms 
28383      DEBUG main            d.u.i.k.p.r.p.TestFile    ... success: reloaded. 
28384      INFO  main            d.u.i.k.p.r.p.TestFile    Now processing file /home/runner/work/key/key/key.core/../key.ui/examples/standard_key/java_dl/switch/empty_switch_array_out_of_bounds.key 
28384      INFO  main            d.u.i.k.p.i.AbstractProblemLoader Loading environment from /home/runner/work/key/key/key.core/../key.ui/examples/standard_key/java_dl/switch/empty_switch_array_out_of_bounds.key 
28385      DEBUG main            d.u.i.k.p.i.AbstractProblemLoader Environment load took 191.3ns 
28386      INFO  main            d.u.i.k.p.i.AbstractProblemLoader Creating init config 
30852      DEBUG main            d.u.i.k.p.i.AbstractProblemLoader Init config took 2.47s 
30873      INFO  main            d.u.i.k.p.i.AbstractProblemLoader Replaying proof empty_switch_array_out_of_bounds.key 
30877      DEBUG main            d.u.i.k.p.i.IntermediateProofReplayer Proof replay took 6.7ns 
31185      INFO  main            d.u.i.k.p.r.p.TestFile    ... finished proof: closed. 
31347      INFO  main            d.u.i.k.p.i.AbstractProblemLoader Loading environment from /home/runner/work/key/key/key.core/../key.ui/examples/standard_key/java_dl/switch/empty_switch_array_out_of_bounds.key.proof 
31348      DEBUG main            d.u.i.k.p.i.AbstractProblemLoader Environment load took 897.62ns 
31350      INFO  main            d.u.i.k.p.i.AbstractProblemLoader Creating init config 
33746      DEBUG main            d.u.i.k.p.i.AbstractProblemLoader Init config took 2.4s 
33767      INFO  main            d.u.i.k.p.i.AbstractProblemLoader Replaying proof empty_switch_array_out_of_bounds.key.proof 
33820      DEBUG main            d.u.i.k.p.i.IntermediateProofReplayer Proof replay took 49.76ms 
33822      DEBUG main            d.u.i.k.p.r.p.TestFile    ... success: reloaded. 
33823      INFO  main            d.u.i.k.p.r.p.TestFile    Now processing file /home/runner/work/key/key/key.core/../key.ui/examples/standard_key/java_dl/switch/empty_switch_array_out_of_bounds_catch.key 
33823      INFO  main            d.u.i.k.p.i.AbstractProblemLoader Loading environment from /home/runner/work/key/key/key.core/../key.ui/examples/standard_key/java_dl/switch/empty_switch_array_out_of_bounds_catch.key 
33823      DEBUG main            d.u.i.k.p.i.AbstractProblemLoader Environment load took 194.3ns 
33824      INFO  main            d.u.i.k.p.i.AbstractProblemLoader Creating init config 
36182      DEBUG main            d.u.i.k.p.i.AbstractProblemLoader Init config took 2.36s 
36203      INFO  main            d.u.i.k.p.i.AbstractProblemLoader Replaying proof empty_switch_array_out_of_bounds_catch.key 
36206      DEBUG main            d.u.i.k.p.i.IntermediateProofReplayer Proof replay took 7.1ns 
36412      INFO  main            d.u.i.k.p.r.p.TestFile    ... finished proof: closed. 
36615      INFO  main            d.u.i.k.p.i.AbstractProblemLoader Loading environment from /home/runner/work/key/key/key.core/../key.ui/examples/standard_key/java_dl/switch/empty_switch_array_out_of_bounds_catch.key.proof 
36615      DEBUG main            d.u.i.k.p.i.AbstractProblemLoader Environment load took 125.3ns 
36616      INFO  main            d.u.i.k.p.i.AbstractProblemLoader Creating init config 
39001      DEBUG main            d.u.i.k.p.i.AbstractProblemLoader Init config took 2.39s 
39021      INFO  main            d.u.i.k.p.i.AbstractProblemLoader Replaying proof empty_switch_array_out_of_bounds_catch.key.proof 
39060      DEBUG main            d.u.i.k.p.i.IntermediateProofReplayer Proof replay took 35.34ms 
39061      DEBUG main            d.u.i.k.p.r.p.TestFile    ... success: reloaded. 
39063      INFO  main            d.u.i.k.p.r.p.TestFile    Now processing file /home/runner/work/key/key/key.core/../key.ui/examples/standard_key/java_dl/switch/switch_in_switch.key 
39063      INFO  main            d.u.i.k.p.i.AbstractProblemLoader Loading environment from /home/runner/work/key/key/key.core/../key.ui/examples/standard_key/java_dl/switch/switch_in_switch.key 
39063      DEBUG main            d.u.i.k.p.i.AbstractProblemLoader Environment load took 182.9ns 
39064      INFO  main            d.u.i.k.p.i.AbstractProblemLoader Creating init config 
41578      DEBUG main            d.u.i.k.p.i.AbstractProblemLoader Init config took 2.51s 
41621      INFO  main            d.u.i.k.p.i.AbstractProblemLoader Replaying proof SwitchInSwitch[SwitchInSwitch::m(int)].JML normal_behavior operation contract.0 
41622      DEBUG main            d.u.i.k.p.i.IntermediateProofReplayer Proof replay took 7.5ns 
45818      INFO  main            d.u.i.k.p.r.p.TestFile    ... finished proof: closed. 
46040      INFO  main            d.u.i.k.p.i.AbstractProblemLoader Loading environment from /home/runner/work/key/key/key.core/../key.ui/examples/standard_key/java_dl/switch/switch_in_switch.key.proof 
46042      DEBUG main            d.u.i.k.p.i.AbstractProblemLoader Environment load took 2.44ms 
46046      INFO  main            d.u.i.k.p.i.AbstractProblemLoader Creating init config 
48464      DEBUG main            d.u.i.k.p.i.AbstractProblemLoader Init config took 2.42s 
48505      INFO  main            d.u.i.k.p.i.AbstractProblemLoader Replaying proof SwitchInSwitch[SwitchInSwitch::m(int)].JML normal_behavior operation contract.0 
48864      DEBUG main            d.u.i.k.p.i.IntermediateProofReplayer Proof replay took 333.67ms 
48866      DEBUG main            d.u.i.k.p.r.p.TestFile    ... success: reloaded. 
48867      INFO  main            d.u.i.k.p.r.p.TestFile    Now processing file /home/runner/work/key/key/key.core/../key.ui/examples/standard_key/java_dl/switch/while_and_switch.key 
48867      INFO  main            d.u.i.k.p.i.AbstractProblemLoader Loading environment from /home/runner/work/key/key/key.core/../key.ui/examples/standard_key/java_dl/switch/while_and_switch.key 
48867      DEBUG main            d.u.i.k.p.i.AbstractProblemLoader Environment load took 107.5ns 
48868      INFO  main            d.u.i.k.p.i.AbstractProblemLoader Creating init config 
51326      DEBUG main            d.u.i.k.p.i.AbstractProblemLoader Init config took 2.46s 
51369      INFO  main            d.u.i.k.p.i.AbstractProblemLoader Replaying proof WhileAndSwitch[WhileAndSwitch::m(int)].JML normal_behavior operation contract.0 
51372      DEBUG main            d.u.i.k.p.i.IntermediateProofReplayer Proof replay took 8.4ns 
52078      INFO  main            d.u.i.k.p.r.p.TestFile    ... finished proof: closed. 
52286      INFO  main            d.u.i.k.p.i.AbstractProblemLoader Loading environment from /home/runner/work/key/key/key.core/../key.ui/examples/standard_key/java_dl/switch/while_and_switch.key.proof 
52288      DEBUG main            d.u.i.k.p.i.AbstractProblemLoader Environment load took 1.87ms 
52290      INFO  main            d.u.i.k.p.i.AbstractProblemLoader Creating init config 
54732      DEBUG main            d.u.i.k.p.i.AbstractProblemLoader Init config took 2.44s 
54773      INFO  main            d.u.i.k.p.i.AbstractProblemLoader Replaying proof WhileAndSwitch[WhileAndSwitch::m(int)].JML normal_behavior operation contract.0 
54872      DEBUG main            d.u.i.k.p.i.IntermediateProofReplayer Proof replay took 92.65ms 
54873      DEBUG main            d.u.i.k.p.r.p.TestFile    ... success: reloaded. 
54875      INFO  main            d.u.i.k.p.r.p.TestFile    Now processing file /home/runner/work/key/key/key.core/../key.ui/examples/standard_key/java_dl/switch/large_switch.key 
54875      INFO  main            d.u.i.k.p.i.AbstractProblemLoader Loading environment from /home/runner/work/key/key/key.core/../key.ui/examples/standard_key/java_dl/switch/large_switch.key 
54875      DEBUG main            d.u.i.k.p.i.AbstractProblemLoader Environment load took 178.5ns 
54876      INFO  main            d.u.i.k.p.i.AbstractProblemLoader Creating init config 
57315      DEBUG main            d.u.i.k.p.i.AbstractProblemLoader Init config took 2.44s 
57365      INFO  main            d.u.i.k.p.i.AbstractProblemLoader Replaying proof LargeSwitch[LargeSwitch::m(int)].JML normal_behavior operation contract.0 
57368      DEBUG main            d.u.i.k.p.i.IntermediateProofReplayer Proof replay took 7.1ns 
58776      INFO  main            d.u.i.k.p.r.p.TestFile    ... finished proof: closed. 
59000      INFO  main            d.u.i.k.p.i.AbstractProblemLoader Loading environment from /home/runner/work/key/key/key.core/../key.ui/examples/standard_key/java_dl/switch/large_switch.key.proof 
59000      DEBUG main            d.u.i.k.p.i.AbstractProblemLoader Environment load took 196.1ns 
59002      INFO  main            d.u.i.k.p.i.AbstractProblemLoader Creating init config 
61442      DEBUG main            d.u.i.k.p.i.AbstractProblemLoader Init config took 2.44s 
61485      INFO  main            d.u.i.k.p.i.AbstractProblemLoader Replaying proof LargeSwitch[LargeSwitch::m(int)].JML normal_behavior operation contract.0 
61787      DEBUG main            d.u.i.k.p.i.IntermediateProofReplayer Proof replay took 285.87ms 
61788      DEBUG main            d.u.i.k.p.r.p.TestFile    ... success: reloaded. 
5049168    INFO  Test worker     d.u.i.k.p.r.RunAllProofsTestUnit Returning from test switch 
5049169    INFO  Test worker     d.u.i.k.p.r.RunAllProofsTestUnit Running test redux 
350        INFO  Timeout watchdog d.u.i.k.p.r.p.ForkedTestFileRunner Timeout watcher launched (2000 secs.) 
362        WARN  main            d.u.i.k.s.ProofSettings   The settings in /home/runner/.key/proof-settings.props are *not* read. 
389        INFO  main            d.u.i.k.p.r.p.TestFile    Now processing file /home/runner/work/key/key/key.core/../key.ui/examples/redux/arrays/Arrays.copyOf.key 
504        INFO  main            d.u.i.k.p.i.AbstractProblemLoader Loading environment from /home/runner/work/key/key/key.core/../key.ui/examples/redux/arrays/Arrays.copyOf.key 
521        DEBUG main            d.u.i.k.p.i.AbstractProblemLoader Environment load took 2.05ms 
740        INFO  main            d.u.i.k.p.i.AbstractProblemLoader Creating init config 
1554       DEBUG main            d.u.i.k.j.TypeConverter   No LDT found for Meta 
1555       DEBUG main            d.u.i.k.j.TypeConverter   No LDT found for Meta 
1556       DEBUG main            d.u.i.k.j.TypeConverter   No LDT found for Meta 
1556       DEBUG main            d.u.i.k.j.TypeConverter   No LDT found for Meta 
2855       DEBUG main            d.u.i.k.j.TypeConverter   No LDT found for JavaBigintExpression 
8454       DEBUG main            d.u.i.k.p.i.AbstractProblemLoader Init config took 7.71s 
8581       INFO  main            d.u.i.k.p.i.AbstractProblemLoader Replaying proof Arrays[Arrays::copyOf([I,int)].JML normal_behavior operation contract.0 
8614       DEBUG main            d.u.i.k.p.i.IntermediateProofReplayer Proof replay took 40.1ns 
13661      INFO  main            d.u.i.k.p.r.p.TestFile    ... finished proof: closed. 
13905      INFO  main            d.u.i.k.p.i.AbstractProblemLoader Loading environment from /home/runner/work/key/key/key.core/../key.ui/examples/redux/arrays/Arrays.copyOf.key.proof 
13906      DEBUG main            d.u.i.k.p.i.AbstractProblemLoader Environment load took 402.21ns 
13909      INFO  main            d.u.i.k.p.i.AbstractProblemLoader Creating init config 
17279      DEBUG main            d.u.i.k.p.i.AbstractProblemLoader Init config took 3.37s 
17341      INFO  main            d.u.i.k.p.i.AbstractProblemLoader Replaying proof Arrays[Arrays::copyOf([I,int)].JML normal_behavior operation contract.0 
17838      DEBUG main            d.u.i.k.p.i.IntermediateProofReplayer Proof replay took 452.55ms 
17847      DEBUG main            d.u.i.k.p.r.p.TestFile    ... success: reloaded. 
17853      INFO  main            d.u.i.k.p.r.p.TestFile    Now processing file /home/runner/work/key/key/key.core/../key.ui/examples/redux/arrays/Arrays.copyOf.float.key 
17853      INFO  main            d.u.i.k.p.i.AbstractProblemLoader Loading environment from /home/runner/work/key/key/key.core/../key.ui/examples/redux/arrays/Arrays.copyOf.float.key 
17853      DEBUG main            d.u.i.k.p.i.AbstractProblemLoader Environment load took 126.4ns 
17858      INFO  main            d.u.i.k.p.i.AbstractProblemLoader Creating init config 
21067      DEBUG main            d.u.i.k.p.i.AbstractProblemLoader Init config took 3.21s 
21119      INFO  main            d.u.i.k.p.i.AbstractProblemLoader Replaying proof Arrays[Arrays::copyOf([F,int)].JML normal_behavior operation contract.0 
21121      DEBUG main            d.u.i.k.p.i.IntermediateProofReplayer Proof replay took 6.1ns 
21152      DEBUG main            d.u.i.k.m.s.ProofScriptEngine [1] goal: 0, source line: 6, command: 'macro autopilot' 
25497      DEBUG main            d.u.i.k.m.s.ProofScriptEngine [2] goal: 17, source line: 7, command: 'smt solver=Z3' 
25578      INFO  main            d.u.i.k.m.s.SMTCommand    Finished run on goal 17 in 56ms, result is valid 
25579      DEBUG main            d.u.i.k.m.s.ProofScriptEngine [3] goal: 309, source line: 8, command: 'tryclose' 
27301      INFO  main            d.u.i.k.p.r.p.TestFile    ... finished proof: closed. 
27491      INFO  main            d.u.i.k.p.i.AbstractProblemLoader Loading environment from /home/runner/work/key/key/key.core/../key.ui/examples/redux/arrays/Arrays.copyOf.float.key.proof 
27492      DEBUG main            d.u.i.k.p.i.AbstractProblemLoader Environment load took 405.41ns 
27496      INFO  main            d.u.i.k.p.i.AbstractProblemLoader Creating init config 
30638      DEBUG main            d.u.i.k.p.i.AbstractProblemLoader Init config took 3.14s 
30687      INFO  main            d.u.i.k.p.i.AbstractProblemLoader Replaying proof Arrays[Arrays::copyOf([F,int)].JML normal_behavior operation contract.0 
30776      INFO  main            d.u.i.k.s.SMTFocusResults Analyzing unsat core: (L_6) 
31261      DEBUG main            d.u.i.k.p.i.IntermediateProofReplayer Proof replay took 553.88ms 
31264      DEBUG main            d.u.i.k.p.r.p.TestFile    ... success: reloaded. 
31265      INFO  main            d.u.i.k.p.r.p.TestFile    Now processing file /home/runner/work/key/key/key.core/../key.ui/examples/redux/arrays/Arrays.copyOfRange.key 
31266      INFO  main            d.u.i.k.p.i.AbstractProblemLoader Loading environment from /home/runner/work/key/key/key.core/../key.ui/examples/redux/arrays/Arrays.copyOfRange.key 
31266      DEBUG main            d.u.i.k.p.i.AbstractProblemLoader Environment load took 190.5ns 
31267      INFO  main            d.u.i.k.p.i.AbstractProblemLoader Creating init config 
34388      DEBUG main            d.u.i.k.p.i.AbstractProblemLoader Init config took 3.12s 
34451      INFO  main            d.u.i.k.p.i.AbstractProblemLoader Replaying proof Arrays[Arrays::copyOfRange([I,int,int)].JML normal_behavior operation contract.0 
34452      DEBUG main            d.u.i.k.p.i.IntermediateProofReplayer Proof replay took 6.8ns 
38869      INFO  main            d.u.i.k.p.r.p.TestFile    ... finished proof: closed. 
39096      INFO  main            d.u.i.k.p.i.AbstractProblemLoader Loading environment from /home/runner/work/key/key/key.core/../key.ui/examples/redux/arrays/Arrays.copyOfRange.key.proof 
39096      DEBUG main            d.u.i.k.p.i.AbstractProblemLoader Environment load took 364.01ns 
39101      INFO  main            d.u.i.k.p.i.AbstractProblemLoader Creating init config 
42200      DEBUG main            d.u.i.k.p.i.AbstractProblemLoader Init config took 3.1s 
42244      INFO  main            d.u.i.k.p.i.AbstractProblemLoader Replaying proof Arrays[Arrays::copyOfRange([I,int,int)].JML normal_behavior operation contract.0 
42597      DEBUG main            d.u.i.k.p.i.IntermediateProofReplayer Proof replay took 331.65ms 
42598      DEBUG main            d.u.i.k.p.r.p.TestFile    ... success: reloaded. 
42599      INFO  main            d.u.i.k.p.r.p.TestFile    Now processing file /home/runner/work/key/key/key.core/../key.ui/examples/redux/arrays/Arrays.copyOfRange.float.key 
42600      INFO  main            d.u.i.k.p.i.AbstractProblemLoader Loading environment from /home/runner/work/key/key/key.core/../key.ui/examples/redux/arrays/Arrays.copyOfRange.float.key 
42600      DEBUG main            d.u.i.k.p.i.AbstractProblemLoader Environment load took 182.9ns 
42601      INFO  main            d.u.i.k.p.i.AbstractProblemLoader Creating init config 
45632      DEBUG main            d.u.i.k.p.i.AbstractProblemLoader Init config took 3.03s 
45674      INFO  main            d.u.i.k.p.i.AbstractProblemLoader Replaying proof Arrays[Arrays::copyOfRange([F,int,int)].JML normal_behavior operation contract.0 
45676      DEBUG main            d.u.i.k.p.i.IntermediateProofReplayer Proof replay took 7.7ns 
45676      DEBUG main            d.u.i.k.m.s.ProofScriptEngine [1] goal: 0, source line: 6, command: 'macro autopilot' 
51510      DEBUG main            d.u.i.k.m.s.ProofScriptEngine [2] goal: 27, source line: 7, command: 'smt solver=Z3' 
51554      INFO  main            d.u.i.k.m.s.SMTCommand    Finished run on goal 27 in 37ms, result is valid 
51554      DEBUG main            d.u.i.k.m.s.ProofScriptEngine [3] goal: 375, source line: 8, command: 'tryclose' 
54871      INFO  main            d.u.i.k.p.r.p.TestFile    ... finished proof: closed. 
55119      INFO  main            d.u.i.k.p.i.AbstractProblemLoader Loading environment from /home/runner/work/key/key/key.core/../key.ui/examples/redux/arrays/Arrays.copyOfRange.float.key.proof 
55120      DEBUG main            d.u.i.k.p.i.AbstractProblemLoader Environment load took 402.41ns 
55122      INFO  main            d.u.i.k.p.i.AbstractProblemLoader Creating init config 
58199      DEBUG main            d.u.i.k.p.i.AbstractProblemLoader Init config took 3.08s 
58242      INFO  main            d.u.i.k.p.i.AbstractProblemLoader Replaying proof Arrays[Arrays::copyOfRange([F,int,int)].JML normal_behavior operation contract.0 
58337      INFO  main            d.u.i.k.s.SMTFocusResults Analyzing unsat core: (L_8) 
58950      DEBUG main            d.u.i.k.p.i.IntermediateProofReplayer Proof replay took 682.38ms 
58952      DEBUG main            d.u.i.k.p.r.p.TestFile    ... success: reloaded. 
58955      INFO  main            d.u.i.k.p.r.p.TestFile    Now processing file /home/runner/work/key/key/key.core/../key.ui/examples/redux/arrays/Arrays.equals.key 
58955      INFO  main            d.u.i.k.p.i.AbstractProblemLoader Loading environment from /home/runner/work/key/key/key.core/../key.ui/examples/redux/arrays/Arrays.equals.key 
58955      DEBUG main            d.u.i.k.p.i.AbstractProblemLoader Environment load took 105.1ns 
58956      INFO  main            d.u.i.k.p.i.AbstractProblemLoader Creating init config 
62096      DEBUG main            d.u.i.k.p.i.AbstractProblemLoader Init config took 3.14s 
62137      INFO  main            d.u.i.k.p.i.AbstractProblemLoader Replaying proof Arrays[Arrays::equals([B,[B)].JML normal_behavior operation contract.0 
62139      DEBUG main            d.u.i.k.p.i.IntermediateProofReplayer Proof replay took 6.8ns 
62655      INFO  main            d.u.i.k.p.r.p.TestFile    ... finished proof: closed. 
62895      INFO  main            d.u.i.k.p.i.AbstractProblemLoader Loading environment from /home/runner/work/key/key/key.core/../key.ui/examples/redux/arrays/Arrays.equals.key.proof 
62896      DEBUG main            d.u.i.k.p.i.AbstractProblemLoader Environment load took 361.71ns 
62897      INFO  main            d.u.i.k.p.i.AbstractProblemLoader Creating init config 
65921      DEBUG main            d.u.i.k.p.i.AbstractProblemLoader Init config took 3.02s 
65960      INFO  main            d.u.i.k.p.i.AbstractProblemLoader Replaying proof Arrays[Arrays::equals([B,[B)].JML normal_behavior operation contract.0 
66068      DEBUG main            d.u.i.k.p.i.IntermediateProofReplayer Proof replay took 103.67ms 
66069      DEBUG main            d.u.i.k.p.r.p.TestFile    ... success: reloaded. 
66070      INFO  main            d.u.i.k.p.r.p.TestFile    Now processing file /home/runner/work/key/key/key.core/../key.ui/examples/redux/arrays/Arrays.fill.key 
66070      INFO  main            d.u.i.k.p.i.AbstractProblemLoader Loading environment from /home/runner/work/key/key/key.core/../key.ui/examples/redux/arrays/Arrays.fill.key 
66070      DEBUG main            d.u.i.k.p.i.AbstractProblemLoader Environment load took 107.6ns 
66071      INFO  main            d.u.i.k.p.i.AbstractProblemLoader Creating init config 
69122      DEBUG main            d.u.i.k.p.i.AbstractProblemLoader Init config took 3.05s 
69159      INFO  main            d.u.i.k.p.i.AbstractProblemLoader Replaying proof Arrays[Arrays::fill([I,int)].JML normal_behavior operation contract.0 
69161      DEBUG main            d.u.i.k.p.i.IntermediateProofReplayer Proof replay took 7.8ns 
69365      INFO  main            d.u.i.k.p.r.p.TestFile    ... finished proof: closed. 
69542      INFO  main            d.u.i.k.p.i.AbstractProblemLoader Loading environment from /home/runner/work/key/key/key.core/../key.ui/examples/redux/arrays/Arrays.fill.key.proof 
69542      DEBUG main            d.u.i.k.p.i.AbstractProblemLoader Environment load took 127.2ns 
69544      INFO  main            d.u.i.k.p.i.AbstractProblemLoader Creating init config 
72522      DEBUG main            d.u.i.k.p.i.AbstractProblemLoader Init config took 2.98s 
72559      INFO  main            d.u.i.k.p.i.AbstractProblemLoader Replaying proof Arrays[Arrays::fill([I,int)].JML normal_behavior operation contract.0 
72584      DEBUG main            d.u.i.k.p.i.IntermediateProofReplayer Proof replay took 22.5ms 
72585      DEBUG main            d.u.i.k.p.r.p.TestFile    ... success: reloaded. 
72586      INFO  main            d.u.i.k.p.r.p.TestFile    Now processing file /home/runner/work/key/key/key.core/../key.ui/examples/redux/arrays/Arrays.fill.float.key 
72587      INFO  main            d.u.i.k.p.i.AbstractProblemLoader Loading environment from /home/runner/work/key/key/key.core/../key.ui/examples/redux/arrays/Arrays.fill.float.key 
72587      DEBUG main            d.u.i.k.p.i.AbstractProblemLoader Environment load took 178.1ns 
72588      INFO  main            d.u.i.k.p.i.AbstractProblemLoader Creating init config 
75608      DEBUG main            d.u.i.k.p.i.AbstractProblemLoader Init config took 3.02s 
75647      INFO  main            d.u.i.k.p.i.AbstractProblemLoader Replaying proof Arrays[Arrays::fill([F,float)].JML normal_behavior operation contract.0 
75648      DEBUG main            d.u.i.k.p.i.IntermediateProofReplayer Proof replay took 8.1ns 
75852      INFO  main            d.u.i.k.p.r.p.TestFile    ... finished proof: closed. 
76045      INFO  main            d.u.i.k.p.i.AbstractProblemLoader Loading environment from /home/runner/work/key/key/key.core/../key.ui/examples/redux/arrays/Arrays.fill.float.key.proof 
76046      DEBUG main            d.u.i.k.p.i.AbstractProblemLoader Environment load took 130.5ns 
76046      INFO  main            d.u.i.k.p.i.AbstractProblemLoader Creating init config 
79048      DEBUG main            d.u.i.k.p.i.AbstractProblemLoader Init config took 3s 
79086      INFO  main            d.u.i.k.p.i.AbstractProblemLoader Replaying proof Arrays[Arrays::fill([F,float)].JML normal_behavior operation contract.0 
79121      DEBUG main            d.u.i.k.p.i.IntermediateProofReplayer Proof replay took 32.29ms 
79123      DEBUG main            d.u.i.k.p.r.p.TestFile    ... success: reloaded. 
79124      INFO  main            d.u.i.k.p.r.p.TestFile    Now processing file /home/runner/work/key/key/key.core/../key.ui/examples/redux/arrays/Arrays.fillFromTo.key 
79124      INFO  main            d.u.i.k.p.i.AbstractProblemLoader Loading environment from /home/runner/work/key/key/key.core/../key.ui/examples/redux/arrays/Arrays.fillFromTo.key 
79124      DEBUG main            d.u.i.k.p.i.AbstractProblemLoader Environment load took 189.7ns 
79125      INFO  main            d.u.i.k.p.i.AbstractProblemLoader Creating init config 
82143      DEBUG main            d.u.i.k.p.i.AbstractProblemLoader Init config took 3.02s 
82186      INFO  main            d.u.i.k.p.i.AbstractProblemLoader Replaying proof Arrays[Arrays::fill([I,int,int,int)].JML normal_behavior operation contract.0 
82187      DEBUG main            d.u.i.k.p.i.IntermediateProofReplayer Proof replay took 6.8ns 
82690      INFO  main            d.u.i.k.p.r.p.TestFile    ... finished proof: closed. 
82902      INFO  main            d.u.i.k.p.i.AbstractProblemLoader Loading environment from /home/runner/work/key/key/key.core/../key.ui/examples/redux/arrays/Arrays.fillFromTo.key.proof 
82902      DEBUG main            d.u.i.k.p.i.AbstractProblemLoader Environment load took 491.01ns 
82903      INFO  main            d.u.i.k.p.i.AbstractProblemLoader Creating init config 
85872      DEBUG main            d.u.i.k.p.i.AbstractProblemLoader Init config took 2.97s 
85909      INFO  main            d.u.i.k.p.i.AbstractProblemLoader Replaying proof Arrays[Arrays::fill([I,int,int,int)].JML normal_behavior operation contract.0 
85988      DEBUG main            d.u.i.k.p.i.IntermediateProofReplayer Proof replay took 74.12ms 
85989      DEBUG main            d.u.i.k.p.r.p.TestFile    ... success: reloaded. 
85990      INFO  main            d.u.i.k.p.r.p.TestFile    Now processing file /home/runner/work/key/key/key.core/../key.ui/examples/redux/arrays/Arrays.fillFromTo.float.key 
85990      INFO  main            d.u.i.k.p.i.AbstractProblemLoader Loading environment from /home/runner/work/key/key/key.core/../key.ui/examples/redux/arrays/Arrays.fillFromTo.float.key 
85990      DEBUG main            d.u.i.k.p.i.AbstractProblemLoader Environment load took 180ns 
85991      INFO  main            d.u.i.k.p.i.AbstractProblemLoader Creating init config 
89077      DEBUG main            d.u.i.k.p.i.AbstractProblemLoader Init config took 3.09s 
89113      INFO  main            d.u.i.k.p.i.AbstractProblemLoader Replaying proof Arrays[Arrays::fill([F,int,int,float)].JML normal_behavior operation contract.0 
89115      DEBUG main            d.u.i.k.p.i.IntermediateProofReplayer Proof replay took 7.8ns 
89819      INFO  main            d.u.i.k.p.r.p.TestFile    ... finished proof: closed. 
90032      INFO  main            d.u.i.k.p.i.AbstractProblemLoader Loading environment from /home/runner/work/key/key/key.core/../key.ui/examples/redux/arrays/Arrays.fillFromTo.float.key.proof 
90033      DEBUG main            d.u.i.k.p.i.AbstractProblemLoader Environment load took 400.71ns 
90034      INFO  main            d.u.i.k.p.i.AbstractProblemLoader Creating init config 
92993      DEBUG main            d.u.i.k.p.i.AbstractProblemLoader Init config took 2.96s 
93028      INFO  main            d.u.i.k.p.i.AbstractProblemLoader Replaying proof Arrays[Arrays::fill([F,int,int,float)].JML normal_behavior operation contract.0 
93127      DEBUG main            d.u.i.k.p.i.IntermediateProofReplayer Proof replay took 94.19ms 
93128      DEBUG main            d.u.i.k.p.r.p.TestFile    ... success: reloaded. 
93129      INFO  main            d.u.i.k.p.r.p.TestFile    Now processing file /home/runner/work/key/key/key.core/../key.ui/examples/redux/arrays/ArrayCopy.arraycopy.normal.0.key 
93129      INFO  main            d.u.i.k.p.i.AbstractProblemLoader Loading environment from /home/runner/work/key/key/key.core/../key.ui/examples/redux/arrays/ArrayCopy.arraycopy.normal.0.key 
93129      DEBUG main            d.u.i.k.p.i.AbstractProblemLoader Environment load took 93.3ns 
93130      INFO  main            d.u.i.k.p.i.AbstractProblemLoader Creating init config 
96117      DEBUG main            d.u.i.k.p.i.AbstractProblemLoader Init config took 2.99s 
96152      INFO  main            d.u.i.k.p.i.AbstractProblemLoader Replaying proof ArrayCopy[ArrayCopy::arraycopy(java.lang.Object,int,java.lang.Object,int,int)].JML normal_behavior operation contract.0 
96154      DEBUG main            d.u.i.k.p.i.IntermediateProofReplayer Proof replay took 7.8ns 
102089     INFO  main            d.u.i.k.p.r.p.TestFile    ... finished proof: closed. 
102320     INFO  main            d.u.i.k.p.i.AbstractProblemLoader Loading environment from /home/runner/work/key/key/key.core/../key.ui/examples/redux/arrays/ArrayCopy.arraycopy.normal.0.key.proof 
102320     DEBUG main            d.u.i.k.p.i.AbstractProblemLoader Environment load took 365.41ns 
102322     INFO  main            d.u.i.k.p.i.AbstractProblemLoader Creating init config 
105236     DEBUG main            d.u.i.k.p.i.AbstractProblemLoader Init config took 2.91s 
105270     INFO  main            d.u.i.k.p.i.AbstractProblemLoader Replaying proof ArrayCopy[ArrayCopy::arraycopy(java.lang.Object,int,java.lang.Object,int,int)].JML normal_behavior operation contract.0 
105872     DEBUG main            d.u.i.k.p.i.IntermediateProofReplayer Proof replay took 585.04ms 
105874     DEBUG main            d.u.i.k.p.r.p.TestFile    ... success: reloaded. 
105876     INFO  main            d.u.i.k.p.r.p.TestFile    Now processing file /home/runner/work/key/key/key.core/../key.ui/examples/redux/arrays/ArrayCopy.arraycopy.exceptional.0.key 
105876     INFO  main            d.u.i.k.p.i.AbstractProblemLoader Loading environment from /home/runner/work/key/key/key.core/../key.ui/examples/redux/arrays/ArrayCopy.arraycopy.exceptional.0.key 
105876     DEBUG main            d.u.i.k.p.i.AbstractProblemLoader Environment load took 194.7ns 
105877     INFO  main            d.u.i.k.p.i.AbstractProblemLoader Creating init config 
108942     DEBUG main            d.u.i.k.p.i.AbstractProblemLoader Init config took 3.06s 
108976     INFO  main            d.u.i.k.p.i.AbstractProblemLoader Replaying proof ArrayCopy[ArrayCopy::arraycopy(java.lang.Object,int,java.lang.Object,int,int)].JML exceptional_behavior operation contract.0 
108977     DEBUG main            d.u.i.k.p.i.IntermediateProofReplayer Proof replay took 8.4ns 
109382     INFO  main            d.u.i.k.p.r.p.TestFile    ... finished proof: closed. 
109589     INFO  main            d.u.i.k.p.i.AbstractProblemLoader Loading environment from /home/runner/work/key/key/key.core/../key.ui/examples/redux/arrays/ArrayCopy.arraycopy.exceptional.0.key.proof 
109590     DEBUG main            d.u.i.k.p.i.AbstractProblemLoader Environment load took 415.41ns 
109591     INFO  main            d.u.i.k.p.i.AbstractProblemLoader Creating init config 
112570     DEBUG main            d.u.i.k.p.i.AbstractProblemLoader Init config took 2.98s 
112603     INFO  main            d.u.i.k.p.i.AbstractProblemLoader Replaying proof ArrayCopy[ArrayCopy::arraycopy(java.lang.Object,int,java.lang.Object,int,int)].JML exceptional_behavior operation contract.0 
112694     DEBUG main            d.u.i.k.p.i.IntermediateProofReplayer Proof replay took 88.56ms 
112695     DEBUG main            d.u.i.k.p.r.p.TestFile    ... success: reloaded. 
112696     INFO  main            d.u.i.k.p.r.p.TestFile    Now processing file /home/runner/work/key/key/key.core/../key.ui/examples/redux/arrays/ArrayCopy.arraycopy.exceptional.1.key 
112696     INFO  main            d.u.i.k.p.i.AbstractProblemLoader Loading environment from /home/runner/work/key/key/key.core/../key.ui/examples/redux/arrays/ArrayCopy.arraycopy.exceptional.1.key 
112697     DEBUG main            d.u.i.k.p.i.AbstractProblemLoader Environment load took 99.5ns 
112698     INFO  main            d.u.i.k.p.i.AbstractProblemLoader Creating init config 
115648     DEBUG main            d.u.i.k.p.i.AbstractProblemLoader Init config took 2.95s 
115682     INFO  main            d.u.i.k.p.i.AbstractProblemLoader Replaying proof ArrayCopy[ArrayCopy::arraycopy(java.lang.Object,int,java.lang.Object,int,int)].JML exceptional_behavior operation contract.1 
115683     DEBUG main            d.u.i.k.p.i.IntermediateProofReplayer Proof replay took 6.2ns 
121621     INFO  main            d.u.i.k.p.r.p.TestFile    ... finished proof: closed. 
121862     INFO  main            d.u.i.k.p.i.AbstractProblemLoader Loading environment from /home/runner/work/key/key/key.core/../key.ui/examples/redux/arrays/ArrayCopy.arraycopy.exceptional.1.key.proof 
121862     DEBUG main            d.u.i.k.p.i.AbstractProblemLoader Environment load took 146.2ns 
121864     INFO  main            d.u.i.k.p.i.AbstractProblemLoader Creating init config 
124804     DEBUG main            d.u.i.k.p.i.AbstractProblemLoader Init config took 2.94s 
124839     INFO  main            d.u.i.k.p.i.AbstractProblemLoader Replaying proof ArrayCopy[ArrayCopy::arraycopy(java.lang.Object,int,java.lang.Object,int,int)].JML exceptional_behavior operation contract.1 
125985     DEBUG main            d.u.i.k.p.i.IntermediateProofReplayer Proof replay took 1.13s 
125987     DEBUG main            d.u.i.k.p.r.p.TestFile    ... success: reloaded. 
5175318    INFO  Test worker     d.u.i.k.p.r.RunAllProofsTestUnit Returning from test redux 
]]></system-out>
  <system-err><![CDATA[Exception in thread "main" org.opentest4j.AssertionFailedError: Exception during the execution of proofs. See log for more details.
	at org.junit.jupiter.api.AssertionUtils.fail(AssertionUtils.java:38)
	at org.junit.jupiter.api.Assertions.fail(Assertions.java:135)
	at de.uka.ilkd.key.proof.runallproofs.proofcollection.ForkedTestFileRunner.main(ForkedTestFileRunner.java:192)
Exception in thread "main" org.opentest4j.AssertionFailedError: Exception during the execution of proofs. See log for more details.
	at org.junit.jupiter.api.AssertionUtils.fail(AssertionUtils.java:38)
	at org.junit.jupiter.api.Assertions.fail(Assertions.java:135)
	at de.uka.ilkd.key.proof.runallproofs.proofcollection.ForkedTestFileRunner.main(ForkedTestFileRunner.java:192)
Exception in thread "main" org.opentest4j.AssertionFailedError: Exception during the execution of proofs. See log for more details.
	at org.junit.jupiter.api.AssertionUtils.fail(AssertionUtils.java:38)
	at org.junit.jupiter.api.Assertions.fail(Assertions.java:135)
	at de.uka.ilkd.key.proof.runallproofs.proofcollection.ForkedTestFileRunner.main(ForkedTestFileRunner.java:192)
]]></system-err>
</testsuite>
