<?xml version="1.0" encoding="UTF-8"?>
<testsuite name="org.key_project.exploration.ProofExplorationServiceTest" tests="3" skipped="0" failures="0" errors="0" timestamp="2023-03-22T16:15:34" hostname="fv-az576-191" time="20.291">
  <properties/>
  <testcase name="testAdditionAntec()" classname="org.key_project.exploration.ProofExplorationServiceTest" time="12.097"/>
  <testcase name="testChangeFormula()" classname="org.key_project.exploration.ProofExplorationServiceTest" time="4.283"/>
  <testcase name="testAdditionSucc()" classname="org.key_project.exploration.ProofExplorationServiceTest" time="3.908"/>
  <system-out><![CDATA[[16:15:34.622] ?[31mWARN ?[0;39m ?[36mProofIndependentSettings?[0;39m - The settings in /home/runner/.key/proofIndependentSettings.props are *not* read due to flag 'key.disregardSettings'
[16:15:34.970] ?[31mWARN ?[0;39m ?[36mProofSettings?[0;39m - The settings in /home/runner/.key/proof-settings.props are *not* read.
[16:15:35.724] ?[34mINFO ?[0;39m ?[36mBranchNamingFunctions?[0;39m - Register branch name function: \nameLabelOf
[16:15:35.726] ?[34mINFO ?[0;39m ?[36mBranchNamingFunctions?[0;39m - Register branch name function: \test
]]></system-out>
  <system-err><![CDATA[]]></system-err>
</testsuite>
