<?xml version="1.0" encoding="UTF-8"?>
<testsuite name="de.uka.ilkd.key.macros.scripts.meta.RewriteTest" tests="2" skipped="0" failures="0" errors="0" timestamp="2023-03-08T09:54:05" hostname="fv-az493-740" time="5.409">
  <properties/>
  <testcase name="testLessTransitive()" classname="de.uka.ilkd.key.macros.scripts.meta.RewriteTest" time="2.71"/>
  <testcase name="testTransitive()" classname="de.uka.ilkd.key.macros.scripts.meta.RewriteTest" time="2.698"/>
  <system-out><![CDATA[]]></system-out>
  <system-err><![CDATA[]]></system-err>
</testsuite>
