<?xml version="1.0" encoding="UTF-8"?>
<testsuite name="de.uka.ilkd.key.rule.loop.LoopScopeInvRuleTests" tests="1" skipped="0" failures="0" errors="0" timestamp="2023-03-08T09:57:56" hostname="fv-az493-740" time="3.969">
  <properties/>
  <testcase name="testDoAutomaticProofOfBenchmarkWithLabeledBreaksAndContinues()" classname="de.uka.ilkd.key.rule.loop.LoopScopeInvRuleTests" time="3.969"/>
  <system-out><![CDATA[]]></system-out>
  <system-err><![CDATA[]]></system-err>
</testsuite>
