<?xml version="1.0" encoding="UTF-8"?>
<testsuite name="recoder.testsuite.transformation.TransformationTests" tests="3" skipped="3" failures="0" errors="0" timestamp="2023-04-21T08:10:42" hostname="fv-az206-437" time="0.002">
  <properties/>
  <testcase name="testReadOnly()" classname="recoder.testsuite.transformation.TransformationTests" time="0.001">
    <skipped/>
  </testcase>
  <testcase name="testDefaultConstructorReferences1()" classname="recoder.testsuite.transformation.TransformationTests" time="0.001">
    <skipped/>
  </testcase>
  <testcase name="testDefaultConstructorReferences2()" classname="recoder.testsuite.transformation.TransformationTests" time="0.0">
    <skipped/>
  </testcase>
  <system-out><![CDATA[]]></system-out>
  <system-err><![CDATA[]]></system-err>
</testsuite>
