<?xml version="1.0" encoding="UTF-8"?>
<testsuite name="de.uka.ilkd.key.parser.TestDeclParser" tests="14" skipped="2" failures="0" errors="0" timestamp="2023-05-26T21:43:51" hostname="fv-az564-471" time="12.55">
  <properties/>
  <testcase name="testGenericSortDecl1()" classname="de.uka.ilkd.key.parser.TestDeclParser" time="0.989"/>
  <testcase name="testGenericSortDecl2()" classname="de.uka.ilkd.key.parser.TestDeclParser" time="1.067"/>
  <testcase name="testGenericSortDecl3()" classname="de.uka.ilkd.key.parser.TestDeclParser" time="1.059"/>
  <testcase name="testGenericSortDecl4()" classname="de.uka.ilkd.key.parser.TestDeclParser" time="1.053"/>
  <testcase name="testGenericSortDecl5()" classname="de.uka.ilkd.key.parser.TestDeclParser" time="0.0">
    <skipped/>
  </testcase>
  <testcase name="testGenericSortDecl6()" classname="de.uka.ilkd.key.parser.TestDeclParser" time="1.127"/>
  <testcase name="testSortDecl()" classname="de.uka.ilkd.key.parser.TestDeclParser" time="1.043"/>
  <testcase name="testProxySortDecl()" classname="de.uka.ilkd.key.parser.TestDeclParser" time="0.991"/>
  <testcase name="testArrayDecl()" classname="de.uka.ilkd.key.parser.TestDeclParser" time="1.053"/>
  <testcase name="testAmbiguousDecls()" classname="de.uka.ilkd.key.parser.TestDeclParser" time="0.0">
    <skipped/>
  </testcase>
  <testcase name="testHeurDecl()" classname="de.uka.ilkd.key.parser.TestDeclParser" time="1.07"/>
  <testcase name="testFunctionDecl()" classname="de.uka.ilkd.key.parser.TestDeclParser" time="1.057"/>
  <testcase name="testPredicateDecl()" classname="de.uka.ilkd.key.parser.TestDeclParser" time="1.047"/>
  <testcase name="testSVDecl()" classname="de.uka.ilkd.key.parser.TestDeclParser" time="0.986"/>
  <system-out><![CDATA[243081     INFO  Test worker     d.u.i.k.n.KeyIO           Parsing took 0 ms 
243082     DEBUG Test worker     d.u.i.k.n.KeyIO           Load declarations of de.uka.ilkd.key.nparser.KeyAst$File:  <unknown>:1#1 
243083     INFO  Test worker     d.u.i.k.n.KeyIO           MODE: declarations took 1 ms 
243083     DEBUG Test worker     d.u.i.k.n.KeyIO           MODE: 2nd degree decls took 0 
243083     DEBUG Test worker     d.u.i.k.n.KeyIO           MODE: taclets took 0ms 
244151     INFO  Test worker     d.u.i.k.n.KeyIO           Parsing took 0 ms 
244152     DEBUG Test worker     d.u.i.k.n.KeyIO           Load declarations of de.uka.ilkd.key.nparser.KeyAst$File:  <unknown>:1#1 
244152     INFO  Test worker     d.u.i.k.n.KeyIO           MODE: declarations took 0 ms 
244152     DEBUG Test worker     d.u.i.k.n.KeyIO           MODE: 2nd degree decls took 0 
244153     DEBUG Test worker     d.u.i.k.n.KeyIO           MODE: taclets took 0ms 
245213     INFO  Test worker     d.u.i.k.n.KeyIO           Parsing took 0 ms 
245213     DEBUG Test worker     d.u.i.k.n.KeyIO           Load declarations of de.uka.ilkd.key.nparser.KeyAst$File:  <unknown>:1#1 
245214     INFO  Test worker     d.u.i.k.n.KeyIO           MODE: declarations took 1 ms 
245214     DEBUG Test worker     d.u.i.k.n.KeyIO           MODE: 2nd degree decls took 0 
245214     DEBUG Test worker     d.u.i.k.n.KeyIO           MODE: taclets took 0ms 
246266     INFO  Test worker     d.u.i.k.n.KeyIO           Parsing took 0 ms 
246266     DEBUG Test worker     d.u.i.k.n.KeyIO           Load declarations of de.uka.ilkd.key.nparser.KeyAst$File:  <unknown>:1#1 
246266     INFO  Test worker     d.u.i.k.n.KeyIO           MODE: declarations took 0 ms 
246266     DEBUG Test worker     d.u.i.k.n.KeyIO           MODE: 2nd degree decls took 0 
246266     DEBUG Test worker     d.u.i.k.n.KeyIO           MODE: taclets took 0ms 
247394     INFO  Test worker     d.u.i.k.n.KeyIO           Parsing took 1 ms 
247394     DEBUG Test worker     d.u.i.k.n.KeyIO           Load declarations of de.uka.ilkd.key.nparser.KeyAst$File:  <unknown>:1#1 
247394     INFO  Test worker     d.u.i.k.n.KeyIO           MODE: declarations took 0 ms 
247394     DEBUG Test worker     d.u.i.k.n.KeyIO           MODE: 2nd degree decls took 0 
247394     DEBUG Test worker     d.u.i.k.n.KeyIO           MODE: taclets took 0ms 
248437     INFO  Test worker     d.u.i.k.n.KeyIO           Parsing took 0 ms 
248437     DEBUG Test worker     d.u.i.k.n.KeyIO           Load declarations of de.uka.ilkd.key.nparser.KeyAst$File:  <unknown>:1#1 
248437     INFO  Test worker     d.u.i.k.n.KeyIO           MODE: declarations took 0 ms 
248437     DEBUG Test worker     d.u.i.k.n.KeyIO           MODE: 2nd degree decls took 0 
248437     DEBUG Test worker     d.u.i.k.n.KeyIO           MODE: taclets took 0ms 
249427     INFO  Test worker     d.u.i.k.n.KeyIO           Parsing took 0 ms 
249427     DEBUG Test worker     d.u.i.k.n.KeyIO           Load declarations of de.uka.ilkd.key.nparser.KeyAst$File:  <unknown>:1#1 
249428     INFO  Test worker     d.u.i.k.n.KeyIO           MODE: declarations took 1 ms 
249428     DEBUG Test worker     d.u.i.k.n.KeyIO           MODE: 2nd degree decls took 0 
249428     DEBUG Test worker     d.u.i.k.n.KeyIO           MODE: taclets took 0ms 
250480     INFO  Test worker     d.u.i.k.n.KeyIO           Parsing took 1 ms 
250480     DEBUG Test worker     d.u.i.k.n.KeyIO           Load declarations of de.uka.ilkd.key.nparser.KeyAst$File:  <unknown>:1#1 
250480     INFO  Test worker     d.u.i.k.n.KeyIO           MODE: declarations took 0 ms 
250480     DEBUG Test worker     d.u.i.k.n.KeyIO           MODE: 2nd degree decls took 0 
250480     DEBUG Test worker     d.u.i.k.n.KeyIO           MODE: taclets took 0ms 
251553     INFO  Test worker     d.u.i.k.n.KeyIO           Parsing took 0 ms 
251553     DEBUG Test worker     d.u.i.k.n.KeyIO           Load declarations of de.uka.ilkd.key.nparser.KeyAst$File:  <unknown>:1#1 
251553     INFO  Test worker     d.u.i.k.n.KeyIO           MODE: declarations took 0 ms 
251553     DEBUG Test worker     d.u.i.k.n.KeyIO           MODE: 2nd degree decls took 0 
251553     DEBUG Test worker     d.u.i.k.n.KeyIO           MODE: taclets took 0ms 
252610     INFO  Test worker     d.u.i.k.n.KeyIO           Parsing took 0 ms 
252610     DEBUG Test worker     d.u.i.k.n.KeyIO           Load declarations of de.uka.ilkd.key.nparser.KeyAst$File:  <unknown>:1#1 
252610     INFO  Test worker     d.u.i.k.n.KeyIO           MODE: declarations took 0 ms 
252610     DEBUG Test worker     d.u.i.k.n.KeyIO           MODE: 2nd degree decls took 0 
252610     DEBUG Test worker     d.u.i.k.n.KeyIO           MODE: taclets took 0ms 
253657     INFO  Test worker     d.u.i.k.n.KeyIO           Parsing took 0 ms 
253657     DEBUG Test worker     d.u.i.k.n.KeyIO           Load declarations of de.uka.ilkd.key.nparser.KeyAst$File:  <unknown>:1#1 
253657     INFO  Test worker     d.u.i.k.n.KeyIO           MODE: declarations took 0 ms 
253657     DEBUG Test worker     d.u.i.k.n.KeyIO           MODE: 2nd degree decls took 0 
253657     DEBUG Test worker     d.u.i.k.n.KeyIO           MODE: taclets took 0ms 
254643     INFO  Test worker     d.u.i.k.n.KeyIO           Parsing took 0 ms 
254643     DEBUG Test worker     d.u.i.k.n.KeyIO           Load declarations of de.uka.ilkd.key.nparser.KeyAst$File:  <unknown>:1#1 
254643     INFO  Test worker     d.u.i.k.n.KeyIO           MODE: declarations took 0 ms 
254643     DEBUG Test worker     d.u.i.k.n.KeyIO           MODE: 2nd degree decls took 0 
254643     DEBUG Test worker     d.u.i.k.n.KeyIO           MODE: taclets took 0ms 
]]></system-out>
  <system-err><![CDATA[]]></system-err>
</testsuite>
