<?xml version="1.0" encoding="UTF-8"?>
<testsuite name="de.uka.ilkd.key.parser.TestTermParserHeap" tests="39" skipped="0" failures="0" errors="0" timestamp="2023-05-26T21:45:43" hostname="fv-az564-471" time="131.462">
  <properties/>
  <testcase name="testBracketHeapUpdate()" classname="de.uka.ilkd.key.parser.TestTermParserHeap" time="0.017"/>
  <testcase name="testStore()" classname="de.uka.ilkd.key.parser.TestTermParserHeap" time="0.008"/>
  <testcase name="testUnknownConstant()" classname="de.uka.ilkd.key.parser.TestTermParserHeap" time="0.002"/>
  <testcase name="testAllFieldsSelector()" classname="de.uka.ilkd.key.parser.TestTermParserHeap" time="0.004"/>
  <testcase name="testParsePrettyPrintedSelect()" classname="de.uka.ilkd.key.parser.TestTermParserHeap" time="0.002"/>
  <testcase name="testAccessStaticMembers()" classname="de.uka.ilkd.key.parser.TestTermParserHeap" time="0.003"/>
  <testcase name="testAtOperator_1()" classname="de.uka.ilkd.key.parser.TestTermParserHeap" time="0.001"/>
  <testcase name="testAtOperator_2()" classname="de.uka.ilkd.key.parser.TestTermParserHeap" time="0.006"/>
  <testcase name="testAtOperator_3()" classname="de.uka.ilkd.key.parser.TestTermParserHeap" time="0.002"/>
  <testcase name="testAtOperator_4()" classname="de.uka.ilkd.key.parser.TestTermParserHeap" time="0.005"/>
  <testcase name="testAtOperator_5()" classname="de.uka.ilkd.key.parser.TestTermParserHeap" time="0.004"/>
  <testcase name="testAtOperator_6()" classname="de.uka.ilkd.key.parser.TestTermParserHeap" time="0.002"/>
  <testcase name="testAtOperator_7()" classname="de.uka.ilkd.key.parser.TestTermParserHeap" time="0.002"/>
  <testcase name="testAtOperator_8()" classname="de.uka.ilkd.key.parser.TestTermParserHeap" time="0.002"/>
  <testcase name="testVerifyExceptionIfAtOperatorNotPreceededBySelectTerm()" classname="de.uka.ilkd.key.parser.TestTermParserHeap" time="0.002"/>
  <testcase name="testBugResettingCounter()" classname="de.uka.ilkd.key.parser.TestTermParserHeap" time="0.002"/>
  <testcase name="testLocationSets()" classname="de.uka.ilkd.key.parser.TestTermParserHeap" time="0.007"/>
  <testcase name="testQuantifiedSelect()" classname="de.uka.ilkd.key.parser.TestTermParserHeap" time="0.006"/>
  <testcase name="testGenericObjectProperties()" classname="de.uka.ilkd.key.parser.TestTermParserHeap" time="0.005"/>
  <testcase name="testQueryInheritance_1()" classname="de.uka.ilkd.key.parser.TestTermParserHeap" time="0.002"/>
  <testcase name="testQueryInheritance_2()" classname="de.uka.ilkd.key.parser.TestTermParserHeap" time="0.001"/>
  <testcase name="testQueryInheritance_3()" classname="de.uka.ilkd.key.parser.TestTermParserHeap" time="0.008"/>
  <testcase name="testQueryInheritance_4()" classname="de.uka.ilkd.key.parser.TestTermParserHeap" time="0.001"/>
  <testcase name="testQueryInheritance_5()" classname="de.uka.ilkd.key.parser.TestTermParserHeap" time="0.001"/>
  <testcase name="testQueryInheritance_6()" classname="de.uka.ilkd.key.parser.TestTermParserHeap" time="0.002"/>
  <testcase name="testQueryInheritance_7()" classname="de.uka.ilkd.key.parser.TestTermParserHeap" time="0.005"/>
  <testcase name="testQueryInheritance_8()" classname="de.uka.ilkd.key.parser.TestTermParserHeap" time="0.001"/>
  <testcase name="testQueryInheritance_9()" classname="de.uka.ilkd.key.parser.TestTermParserHeap" time="0.002"/>
  <testcase name="testQueryBasic_10()" classname="de.uka.ilkd.key.parser.TestTermParserHeap" time="0.001"/>
  <testcase name="testQueryBasic_11()" classname="de.uka.ilkd.key.parser.TestTermParserHeap" time="0.003"/>
  <testcase name="testQueryBasic_1()" classname="de.uka.ilkd.key.parser.TestTermParserHeap" time="0.001"/>
  <testcase name="testQueryBasic_2()" classname="de.uka.ilkd.key.parser.TestTermParserHeap" time="0.001"/>
  <testcase name="testQueryBasic_3()" classname="de.uka.ilkd.key.parser.TestTermParserHeap" time="0.002"/>
  <testcase name="testQueryBasic_4()" classname="de.uka.ilkd.key.parser.TestTermParserHeap" time="0.002"/>
  <testcase name="testQueryBasic_5()" classname="de.uka.ilkd.key.parser.TestTermParserHeap" time="0.002"/>
  <testcase name="testQueryBasic_6()" classname="de.uka.ilkd.key.parser.TestTermParserHeap" time="0.001"/>
  <testcase name="testQueryBasic_7()" classname="de.uka.ilkd.key.parser.TestTermParserHeap" time="0.001"/>
  <testcase name="testQueryBasic_8()" classname="de.uka.ilkd.key.parser.TestTermParserHeap" time="0.001"/>
  <testcase name="testQueryBasic_9()" classname="de.uka.ilkd.key.parser.TestTermParserHeap" time="0.002"/>
  <system-out><![CDATA[353770     INFO  Test worker     d.u.i.k.n.KeyIO           Parsing took 0 ms 
353770     DEBUG Test worker     d.u.i.k.n.KeyIO           Load declarations of de.uka.ilkd.key.nparser.KeyAst$File:  <unknown>:1#1 
353771     INFO  Test worker     d.u.i.k.n.KeyIO           MODE: declarations took 1 ms 
353771     DEBUG Test worker     d.u.i.k.n.KeyIO           MODE: 2nd degree decls took 0 
353771     INFO  Test worker     d.u.i.k.n.KeyIO           Parsing took 0 ms 
353771     DEBUG Test worker     d.u.i.k.n.KeyIO           Load declarations of de.uka.ilkd.key.nparser.KeyAst$File:  <unknown>:1#1 
353771     INFO  Test worker     d.u.i.k.n.KeyIO           MODE: declarations took 0 ms 
353771     DEBUG Test worker     d.u.i.k.n.KeyIO           MODE: 2nd degree decls took 0 
353771     INFO  Test worker     d.u.i.k.n.KeyIO           Parsing took 0 ms 
353771     DEBUG Test worker     d.u.i.k.n.KeyIO           Load declarations of de.uka.ilkd.key.nparser.KeyAst$File:  <unknown>:1#1 
353771     INFO  Test worker     d.u.i.k.n.KeyIO           MODE: declarations took 0 ms 
353771     DEBUG Test worker     d.u.i.k.n.KeyIO           MODE: 2nd degree decls took 0 
353771     INFO  Test worker     d.u.i.k.n.KeyIO           Parsing took 0 ms 
353771     DEBUG Test worker     d.u.i.k.n.KeyIO           Load declarations of de.uka.ilkd.key.nparser.KeyAst$File:  <unknown>:1#1 
353772     INFO  Test worker     d.u.i.k.n.KeyIO           MODE: declarations took 0 ms 
353772     DEBUG Test worker     d.u.i.k.n.KeyIO           MODE: 2nd degree decls took 0 
353772     INFO  Test worker     d.u.i.k.n.KeyIO           Parsing took 0 ms 
353772     DEBUG Test worker     d.u.i.k.n.KeyIO           Load declarations of de.uka.ilkd.key.nparser.KeyAst$File:  <unknown>:1#1 
353772     INFO  Test worker     d.u.i.k.n.KeyIO           MODE: declarations took 0 ms 
353772     DEBUG Test worker     d.u.i.k.n.KeyIO           MODE: 2nd degree decls took 0 
357303     INFO  Test worker     d.u.i.k.n.KeyIO           Parsing took 0 ms 
357304     DEBUG Test worker     d.u.i.k.n.KeyIO           Load declarations of de.uka.ilkd.key.nparser.KeyAst$File:  <unknown>:1#1 
357304     INFO  Test worker     d.u.i.k.n.KeyIO           MODE: declarations took 0 ms 
357304     DEBUG Test worker     d.u.i.k.n.KeyIO           MODE: 2nd degree decls took 0 
357304     INFO  Test worker     d.u.i.k.n.KeyIO           Parsing took 0 ms 
357304     DEBUG Test worker     d.u.i.k.n.KeyIO           Load declarations of de.uka.ilkd.key.nparser.KeyAst$File:  <unknown>:1#1 
357304     INFO  Test worker     d.u.i.k.n.KeyIO           MODE: declarations took 0 ms 
357304     DEBUG Test worker     d.u.i.k.n.KeyIO           MODE: 2nd degree decls took 0 
357304     INFO  Test worker     d.u.i.k.n.KeyIO           Parsing took 0 ms 
357304     DEBUG Test worker     d.u.i.k.n.KeyIO           Load declarations of de.uka.ilkd.key.nparser.KeyAst$File:  <unknown>:1#1 
357304     INFO  Test worker     d.u.i.k.n.KeyIO           MODE: declarations took 0 ms 
357304     DEBUG Test worker     d.u.i.k.n.KeyIO           MODE: 2nd degree decls took 0 
357304     INFO  Test worker     d.u.i.k.n.KeyIO           Parsing took 0 ms 
357304     DEBUG Test worker     d.u.i.k.n.KeyIO           Load declarations of de.uka.ilkd.key.nparser.KeyAst$File:  <unknown>:1#1 
357304     INFO  Test worker     d.u.i.k.n.KeyIO           MODE: declarations took 0 ms 
357304     DEBUG Test worker     d.u.i.k.n.KeyIO           MODE: 2nd degree decls took 0 
357304     INFO  Test worker     d.u.i.k.n.KeyIO           Parsing took 0 ms 
357304     DEBUG Test worker     d.u.i.k.n.KeyIO           Load declarations of de.uka.ilkd.key.nparser.KeyAst$File:  <unknown>:1#1 
357304     INFO  Test worker     d.u.i.k.n.KeyIO           MODE: declarations took 0 ms 
357304     DEBUG Test worker     d.u.i.k.n.KeyIO           MODE: 2nd degree decls took 0 
360832     INFO  Test worker     d.u.i.k.n.KeyIO           Parsing took 0 ms 
360833     DEBUG Test worker     d.u.i.k.n.KeyIO           Load declarations of de.uka.ilkd.key.nparser.KeyAst$File:  <unknown>:1#1 
360833     INFO  Test worker     d.u.i.k.n.KeyIO           MODE: declarations took 0 ms 
360833     DEBUG Test worker     d.u.i.k.n.KeyIO           MODE: 2nd degree decls took 0 
360833     INFO  Test worker     d.u.i.k.n.KeyIO           Parsing took 0 ms 
360833     DEBUG Test worker     d.u.i.k.n.KeyIO           Load declarations of de.uka.ilkd.key.nparser.KeyAst$File:  <unknown>:1#1 
360833     INFO  Test worker     d.u.i.k.n.KeyIO           MODE: declarations took 0 ms 
360833     DEBUG Test worker     d.u.i.k.n.KeyIO           MODE: 2nd degree decls took 0 
360833     INFO  Test worker     d.u.i.k.n.KeyIO           Parsing took 0 ms 
360833     DEBUG Test worker     d.u.i.k.n.KeyIO           Load declarations of de.uka.ilkd.key.nparser.KeyAst$File:  <unknown>:1#1 
360833     INFO  Test worker     d.u.i.k.n.KeyIO           MODE: declarations took 0 ms 
360833     DEBUG Test worker     d.u.i.k.n.KeyIO           MODE: 2nd degree decls took 0 
360833     INFO  Test worker     d.u.i.k.n.KeyIO           Parsing took 0 ms 
360833     DEBUG Test worker     d.u.i.k.n.KeyIO           Load declarations of de.uka.ilkd.key.nparser.KeyAst$File:  <unknown>:1#1 
360833     INFO  Test worker     d.u.i.k.n.KeyIO           MODE: declarations took 0 ms 
360833     DEBUG Test worker     d.u.i.k.n.KeyIO           MODE: 2nd degree decls took 0 
360833     INFO  Test worker     d.u.i.k.n.KeyIO           Parsing took 0 ms 
360833     DEBUG Test worker     d.u.i.k.n.KeyIO           Load declarations of de.uka.ilkd.key.nparser.KeyAst$File:  <unknown>:1#1 
360833     INFO  Test worker     d.u.i.k.n.KeyIO           MODE: declarations took 0 ms 
360833     DEBUG Test worker     d.u.i.k.n.KeyIO           MODE: 2nd degree decls took 0 
360833     INFO  Test worker     d.u.i.k.n.KeyIO           Parsing took 0 ms 
360833     DEBUG Test worker     d.u.i.k.n.KeyIO           Load declarations of de.uka.ilkd.key.nparser.KeyAst$File:  <unknown>:1#1 
360833     INFO  Test worker     d.u.i.k.n.KeyIO           MODE: declarations took 0 ms 
360833     DEBUG Test worker     d.u.i.k.n.KeyIO           MODE: 2nd degree decls took 0 
364274     INFO  Test worker     d.u.i.k.n.KeyIO           Parsing took 0 ms 
364274     DEBUG Test worker     d.u.i.k.n.KeyIO           Load declarations of de.uka.ilkd.key.nparser.KeyAst$File:  <unknown>:1#1 
364274     INFO  Test worker     d.u.i.k.n.KeyIO           MODE: declarations took 0 ms 
364275     DEBUG Test worker     d.u.i.k.n.KeyIO           MODE: 2nd degree decls took 0 
364275     INFO  Test worker     d.u.i.k.n.KeyIO           Parsing took 0 ms 
364275     DEBUG Test worker     d.u.i.k.n.KeyIO           Load declarations of de.uka.ilkd.key.nparser.KeyAst$File:  <unknown>:1#1 
364275     INFO  Test worker     d.u.i.k.n.KeyIO           MODE: declarations took 0 ms 
364275     DEBUG Test worker     d.u.i.k.n.KeyIO           MODE: 2nd degree decls took 0 
364275     INFO  Test worker     d.u.i.k.n.KeyIO           Parsing took 0 ms 
364275     DEBUG Test worker     d.u.i.k.n.KeyIO           Load declarations of de.uka.ilkd.key.nparser.KeyAst$File:  <unknown>:1#1 
364276     INFO  Test worker     d.u.i.k.n.KeyIO           MODE: declarations took 1 ms 
364276     DEBUG Test worker     d.u.i.k.n.KeyIO           MODE: 2nd degree decls took 0 
364276     INFO  Test worker     d.u.i.k.n.KeyIO           Parsing took 0 ms 
364276     DEBUG Test worker     d.u.i.k.n.KeyIO           Load declarations of de.uka.ilkd.key.nparser.KeyAst$File:  <unknown>:1#1 
364276     INFO  Test worker     d.u.i.k.n.KeyIO           MODE: declarations took 0 ms 
364276     DEBUG Test worker     d.u.i.k.n.KeyIO           MODE: 2nd degree decls took 0 
364276     INFO  Test worker     d.u.i.k.n.KeyIO           Parsing took 0 ms 
364277     DEBUG Test worker     d.u.i.k.n.KeyIO           Load declarations of de.uka.ilkd.key.nparser.KeyAst$File:  <unknown>:1#1 
364277     INFO  Test worker     d.u.i.k.n.KeyIO           MODE: declarations took 0 ms 
364277     DEBUG Test worker     d.u.i.k.n.KeyIO           MODE: 2nd degree decls took 0 
367627     INFO  Test worker     d.u.i.k.n.KeyIO           Parsing took 0 ms 
367627     DEBUG Test worker     d.u.i.k.n.KeyIO           Load declarations of de.uka.ilkd.key.nparser.KeyAst$File:  <unknown>:1#1 
367627     INFO  Test worker     d.u.i.k.n.KeyIO           MODE: declarations took 0 ms 
367627     DEBUG Test worker     d.u.i.k.n.KeyIO           MODE: 2nd degree decls took 0 
367627     INFO  Test worker     d.u.i.k.n.KeyIO           Parsing took 0 ms 
367627     DEBUG Test worker     d.u.i.k.n.KeyIO           Load declarations of de.uka.ilkd.key.nparser.KeyAst$File:  <unknown>:1#1 
367627     INFO  Test worker     d.u.i.k.n.KeyIO           MODE: declarations took 0 ms 
367627     DEBUG Test worker     d.u.i.k.n.KeyIO           MODE: 2nd degree decls took 0 
367627     INFO  Test worker     d.u.i.k.n.KeyIO           Parsing took 0 ms 
367627     DEBUG Test worker     d.u.i.k.n.KeyIO           Load declarations of de.uka.ilkd.key.nparser.KeyAst$File:  <unknown>:1#1 
367627     INFO  Test worker     d.u.i.k.n.KeyIO           MODE: declarations took 0 ms 
367627     DEBUG Test worker     d.u.i.k.n.KeyIO           MODE: 2nd degree decls took 0 
367628     INFO  Test worker     d.u.i.k.n.KeyIO           Parsing took 0 ms 
367628     DEBUG Test worker     d.u.i.k.n.KeyIO           Load declarations of de.uka.ilkd.key.nparser.KeyAst$File:  <unknown>:1#1 
367628     INFO  Test worker     d.u.i.k.n.KeyIO           MODE: declarations took 0 ms 
367628     DEBUG Test worker     d.u.i.k.n.KeyIO           MODE: 2nd degree decls took 0 
367628     INFO  Test worker     d.u.i.k.n.KeyIO           Parsing took 0 ms 
367628     DEBUG Test worker     d.u.i.k.n.KeyIO           Load declarations of de.uka.ilkd.key.nparser.KeyAst$File:  <unknown>:1#1 
367628     INFO  Test worker     d.u.i.k.n.KeyIO           MODE: declarations took 0 ms 
367628     DEBUG Test worker     d.u.i.k.n.KeyIO           MODE: 2nd degree decls took 0 
371005     INFO  Test worker     d.u.i.k.n.KeyIO           Parsing took 0 ms 
371005     DEBUG Test worker     d.u.i.k.n.KeyIO           Load declarations of de.uka.ilkd.key.nparser.KeyAst$File:  <unknown>:1#1 
371005     INFO  Test worker     d.u.i.k.n.KeyIO           MODE: declarations took 0 ms 
371005     DEBUG Test worker     d.u.i.k.n.KeyIO           MODE: 2nd degree decls took 0 
371005     INFO  Test worker     d.u.i.k.n.KeyIO           Parsing took 0 ms 
371005     DEBUG Test worker     d.u.i.k.n.KeyIO           Load declarations of de.uka.ilkd.key.nparser.KeyAst$File:  <unknown>:1#1 
371005     INFO  Test worker     d.u.i.k.n.KeyIO           MODE: declarations took 0 ms 
371005     DEBUG Test worker     d.u.i.k.n.KeyIO           MODE: 2nd degree decls took 0 
371005     INFO  Test worker     d.u.i.k.n.KeyIO           Parsing took 0 ms 
371005     DEBUG Test worker     d.u.i.k.n.KeyIO           Load declarations of de.uka.ilkd.key.nparser.KeyAst$File:  <unknown>:1#1 
371005     INFO  Test worker     d.u.i.k.n.KeyIO           MODE: declarations took 0 ms 
371005     DEBUG Test worker     d.u.i.k.n.KeyIO           MODE: 2nd degree decls took 0 
371005     INFO  Test worker     d.u.i.k.n.KeyIO           Parsing took 0 ms 
371005     DEBUG Test worker     d.u.i.k.n.KeyIO           Load declarations of de.uka.ilkd.key.nparser.KeyAst$File:  <unknown>:1#1 
371005     INFO  Test worker     d.u.i.k.n.KeyIO           MODE: declarations took 0 ms 
371005     DEBUG Test worker     d.u.i.k.n.KeyIO           MODE: 2nd degree decls took 0 
371005     INFO  Test worker     d.u.i.k.n.KeyIO           Parsing took 0 ms 
371005     DEBUG Test worker     d.u.i.k.n.KeyIO           Load declarations of de.uka.ilkd.key.nparser.KeyAst$File:  <unknown>:1#1 
371005     INFO  Test worker     d.u.i.k.n.KeyIO           MODE: declarations took 0 ms 
371005     DEBUG Test worker     d.u.i.k.n.KeyIO           MODE: 2nd degree decls took 0 
374397     INFO  Test worker     d.u.i.k.n.KeyIO           Parsing took 1 ms 
374397     DEBUG Test worker     d.u.i.k.n.KeyIO           Load declarations of de.uka.ilkd.key.nparser.KeyAst$File:  <unknown>:1#1 
374397     INFO  Test worker     d.u.i.k.n.KeyIO           MODE: declarations took 0 ms 
374397     DEBUG Test worker     d.u.i.k.n.KeyIO           MODE: 2nd degree decls took 0 
374397     INFO  Test worker     d.u.i.k.n.KeyIO           Parsing took 0 ms 
374397     DEBUG Test worker     d.u.i.k.n.KeyIO           Load declarations of de.uka.ilkd.key.nparser.KeyAst$File:  <unknown>:1#1 
374397     INFO  Test worker     d.u.i.k.n.KeyIO           MODE: declarations took 0 ms 
374397     DEBUG Test worker     d.u.i.k.n.KeyIO           MODE: 2nd degree decls took 0 
374397     INFO  Test worker     d.u.i.k.n.KeyIO           Parsing took 0 ms 
374397     DEBUG Test worker     d.u.i.k.n.KeyIO           Load declarations of de.uka.ilkd.key.nparser.KeyAst$File:  <unknown>:1#1 
374397     INFO  Test worker     d.u.i.k.n.KeyIO           MODE: declarations took 0 ms 
374397     DEBUG Test worker     d.u.i.k.n.KeyIO           MODE: 2nd degree decls took 0 
374397     INFO  Test worker     d.u.i.k.n.KeyIO           Parsing took 0 ms 
374397     DEBUG Test worker     d.u.i.k.n.KeyIO           Load declarations of de.uka.ilkd.key.nparser.KeyAst$File:  <unknown>:1#1 
374397     INFO  Test worker     d.u.i.k.n.KeyIO           MODE: declarations took 0 ms 
374397     DEBUG Test worker     d.u.i.k.n.KeyIO           MODE: 2nd degree decls took 0 
374397     INFO  Test worker     d.u.i.k.n.KeyIO           Parsing took 0 ms 
374397     DEBUG Test worker     d.u.i.k.n.KeyIO           Load declarations of de.uka.ilkd.key.nparser.KeyAst$File:  <unknown>:1#1 
374397     INFO  Test worker     d.u.i.k.n.KeyIO           MODE: declarations took 0 ms 
374397     DEBUG Test worker     d.u.i.k.n.KeyIO           MODE: 2nd degree decls took 0 
377852     INFO  Test worker     d.u.i.k.n.KeyIO           Parsing took 0 ms 
377852     DEBUG Test worker     d.u.i.k.n.KeyIO           Load declarations of de.uka.ilkd.key.nparser.KeyAst$File:  <unknown>:1#1 
377853     INFO  Test worker     d.u.i.k.n.KeyIO           MODE: declarations took 1 ms 
377853     DEBUG Test worker     d.u.i.k.n.KeyIO           MODE: 2nd degree decls took 0 
377853     INFO  Test worker     d.u.i.k.n.KeyIO           Parsing took 0 ms 
377853     DEBUG Test worker     d.u.i.k.n.KeyIO           Load declarations of de.uka.ilkd.key.nparser.KeyAst$File:  <unknown>:1#1 
377853     INFO  Test worker     d.u.i.k.n.KeyIO           MODE: declarations took 0 ms 
377854     DEBUG Test worker     d.u.i.k.n.KeyIO           MODE: 2nd degree decls took 0 
377854     INFO  Test worker     d.u.i.k.n.KeyIO           Parsing took 0 ms 
377854     DEBUG Test worker     d.u.i.k.n.KeyIO           Load declarations of de.uka.ilkd.key.nparser.KeyAst$File:  <unknown>:1#1 
377854     INFO  Test worker     d.u.i.k.n.KeyIO           MODE: declarations took 0 ms 
377854     DEBUG Test worker     d.u.i.k.n.KeyIO           MODE: 2nd degree decls took 0 
377855     INFO  Test worker     d.u.i.k.n.KeyIO           Parsing took 0 ms 
377855     DEBUG Test worker     d.u.i.k.n.KeyIO           Load declarations of de.uka.ilkd.key.nparser.KeyAst$File:  <unknown>:1#1 
377855     INFO  Test worker     d.u.i.k.n.KeyIO           MODE: declarations took 0 ms 
377855     DEBUG Test worker     d.u.i.k.n.KeyIO           MODE: 2nd degree decls took 0 
377855     INFO  Test worker     d.u.i.k.n.KeyIO           Parsing took 0 ms 
377855     DEBUG Test worker     d.u.i.k.n.KeyIO           Load declarations of de.uka.ilkd.key.nparser.KeyAst$File:  <unknown>:1#1 
377856     INFO  Test worker     d.u.i.k.n.KeyIO           MODE: declarations took 1 ms 
377856     DEBUG Test worker     d.u.i.k.n.KeyIO           MODE: 2nd degree decls took 0 
381303     INFO  Test worker     d.u.i.k.n.KeyIO           Parsing took 0 ms 
381303     DEBUG Test worker     d.u.i.k.n.KeyIO           Load declarations of de.uka.ilkd.key.nparser.KeyAst$File:  <unknown>:1#1 
381303     INFO  Test worker     d.u.i.k.n.KeyIO           MODE: declarations took 0 ms 
381303     DEBUG Test worker     d.u.i.k.n.KeyIO           MODE: 2nd degree decls took 0 
381303     INFO  Test worker     d.u.i.k.n.KeyIO           Parsing took 0 ms 
381303     DEBUG Test worker     d.u.i.k.n.KeyIO           Load declarations of de.uka.ilkd.key.nparser.KeyAst$File:  <unknown>:1#1 
381303     INFO  Test worker     d.u.i.k.n.KeyIO           MODE: declarations took 0 ms 
381303     DEBUG Test worker     d.u.i.k.n.KeyIO           MODE: 2nd degree decls took 0 
381303     INFO  Test worker     d.u.i.k.n.KeyIO           Parsing took 0 ms 
381303     DEBUG Test worker     d.u.i.k.n.KeyIO           Load declarations of de.uka.ilkd.key.nparser.KeyAst$File:  <unknown>:1#1 
381304     INFO  Test worker     d.u.i.k.n.KeyIO           MODE: declarations took 1 ms 
381304     DEBUG Test worker     d.u.i.k.n.KeyIO           MODE: 2nd degree decls took 0 
381304     INFO  Test worker     d.u.i.k.n.KeyIO           Parsing took 0 ms 
381304     DEBUG Test worker     d.u.i.k.n.KeyIO           Load declarations of de.uka.ilkd.key.nparser.KeyAst$File:  <unknown>:1#1 
381304     INFO  Test worker     d.u.i.k.n.KeyIO           MODE: declarations took 0 ms 
381304     DEBUG Test worker     d.u.i.k.n.KeyIO           MODE: 2nd degree decls took 0 
381304     INFO  Test worker     d.u.i.k.n.KeyIO           Parsing took 0 ms 
381304     DEBUG Test worker     d.u.i.k.n.KeyIO           Load declarations of de.uka.ilkd.key.nparser.KeyAst$File:  <unknown>:1#1 
381304     INFO  Test worker     d.u.i.k.n.KeyIO           MODE: declarations took 0 ms 
381304     DEBUG Test worker     d.u.i.k.n.KeyIO           MODE: 2nd degree decls took 0 
384781     INFO  Test worker     d.u.i.k.n.KeyIO           Parsing took 0 ms 
384781     DEBUG Test worker     d.u.i.k.n.KeyIO           Load declarations of de.uka.ilkd.key.nparser.KeyAst$File:  <unknown>:1#1 
384782     INFO  Test worker     d.u.i.k.n.KeyIO           MODE: declarations took 1 ms 
384782     DEBUG Test worker     d.u.i.k.n.KeyIO           MODE: 2nd degree decls took 0 
384782     INFO  Test worker     d.u.i.k.n.KeyIO           Parsing took 0 ms 
384782     DEBUG Test worker     d.u.i.k.n.KeyIO           Load declarations of de.uka.ilkd.key.nparser.KeyAst$File:  <unknown>:1#1 
384782     INFO  Test worker     d.u.i.k.n.KeyIO           MODE: declarations took 0 ms 
384782     DEBUG Test worker     d.u.i.k.n.KeyIO           MODE: 2nd degree decls took 0 
384782     INFO  Test worker     d.u.i.k.n.KeyIO           Parsing took 0 ms 
384782     DEBUG Test worker     d.u.i.k.n.KeyIO           Load declarations of de.uka.ilkd.key.nparser.KeyAst$File:  <unknown>:1#1 
384782     INFO  Test worker     d.u.i.k.n.KeyIO           MODE: declarations took 0 ms 
384782     DEBUG Test worker     d.u.i.k.n.KeyIO           MODE: 2nd degree decls took 0 
384782     INFO  Test worker     d.u.i.k.n.KeyIO           Parsing took 0 ms 
384782     DEBUG Test worker     d.u.i.k.n.KeyIO           Load declarations of de.uka.ilkd.key.nparser.KeyAst$File:  <unknown>:1#1 
384782     INFO  Test worker     d.u.i.k.n.KeyIO           MODE: declarations took 0 ms 
384782     DEBUG Test worker     d.u.i.k.n.KeyIO           MODE: 2nd degree decls took 0 
384782     INFO  Test worker     d.u.i.k.n.KeyIO           Parsing took 0 ms 
384782     DEBUG Test worker     d.u.i.k.n.KeyIO           Load declarations of de.uka.ilkd.key.nparser.KeyAst$File:  <unknown>:1#1 
384782     INFO  Test worker     d.u.i.k.n.KeyIO           MODE: declarations took 0 ms 
384782     DEBUG Test worker     d.u.i.k.n.KeyIO           MODE: 2nd degree decls took 0 
388215     INFO  Test worker     d.u.i.k.n.KeyIO           Parsing took 0 ms 
388215     DEBUG Test worker     d.u.i.k.n.KeyIO           Load declarations of de.uka.ilkd.key.nparser.KeyAst$File:  <unknown>:1#1 
388216     INFO  Test worker     d.u.i.k.n.KeyIO           MODE: declarations took 1 ms 
388216     DEBUG Test worker     d.u.i.k.n.KeyIO           MODE: 2nd degree decls took 0 
388216     INFO  Test worker     d.u.i.k.n.KeyIO           Parsing took 0 ms 
388216     DEBUG Test worker     d.u.i.k.n.KeyIO           Load declarations of de.uka.ilkd.key.nparser.KeyAst$File:  <unknown>:1#1 
388216     INFO  Test worker     d.u.i.k.n.KeyIO           MODE: declarations took 0 ms 
388216     DEBUG Test worker     d.u.i.k.n.KeyIO           MODE: 2nd degree decls took 0 
388216     INFO  Test worker     d.u.i.k.n.KeyIO           Parsing took 0 ms 
388216     DEBUG Test worker     d.u.i.k.n.KeyIO           Load declarations of de.uka.ilkd.key.nparser.KeyAst$File:  <unknown>:1#1 
388216     INFO  Test worker     d.u.i.k.n.KeyIO           MODE: declarations took 0 ms 
388216     DEBUG Test worker     d.u.i.k.n.KeyIO           MODE: 2nd degree decls took 0 
388216     INFO  Test worker     d.u.i.k.n.KeyIO           Parsing took 0 ms 
388216     DEBUG Test worker     d.u.i.k.n.KeyIO           Load declarations of de.uka.ilkd.key.nparser.KeyAst$File:  <unknown>:1#1 
388216     INFO  Test worker     d.u.i.k.n.KeyIO           MODE: declarations took 0 ms 
388216     DEBUG Test worker     d.u.i.k.n.KeyIO           MODE: 2nd degree decls took 0 
388216     INFO  Test worker     d.u.i.k.n.KeyIO           Parsing took 0 ms 
388216     DEBUG Test worker     d.u.i.k.n.KeyIO           Load declarations of de.uka.ilkd.key.nparser.KeyAst$File:  <unknown>:1#1 
388216     INFO  Test worker     d.u.i.k.n.KeyIO           MODE: declarations took 0 ms 
388216     DEBUG Test worker     d.u.i.k.n.KeyIO           MODE: 2nd degree decls took 0 
391685     INFO  Test worker     d.u.i.k.n.KeyIO           Parsing took 0 ms 
391685     DEBUG Test worker     d.u.i.k.n.KeyIO           Load declarations of de.uka.ilkd.key.nparser.KeyAst$File:  <unknown>:1#1 
391685     INFO  Test worker     d.u.i.k.n.KeyIO           MODE: declarations took 0 ms 
391685     DEBUG Test worker     d.u.i.k.n.KeyIO           MODE: 2nd degree decls took 0 
391685     INFO  Test worker     d.u.i.k.n.KeyIO           Parsing took 0 ms 
391685     DEBUG Test worker     d.u.i.k.n.KeyIO           Load declarations of de.uka.ilkd.key.nparser.KeyAst$File:  <unknown>:1#1 
391685     INFO  Test worker     d.u.i.k.n.KeyIO           MODE: declarations took 0 ms 
391685     DEBUG Test worker     d.u.i.k.n.KeyIO           MODE: 2nd degree decls took 0 
391685     INFO  Test worker     d.u.i.k.n.KeyIO           Parsing took 0 ms 
391685     DEBUG Test worker     d.u.i.k.n.KeyIO           Load declarations of de.uka.ilkd.key.nparser.KeyAst$File:  <unknown>:1#1 
391686     INFO  Test worker     d.u.i.k.n.KeyIO           MODE: declarations took 1 ms 
391686     DEBUG Test worker     d.u.i.k.n.KeyIO           MODE: 2nd degree decls took 0 
391686     INFO  Test worker     d.u.i.k.n.KeyIO           Parsing took 0 ms 
391686     DEBUG Test worker     d.u.i.k.n.KeyIO           Load declarations of de.uka.ilkd.key.nparser.KeyAst$File:  <unknown>:1#1 
391686     INFO  Test worker     d.u.i.k.n.KeyIO           MODE: declarations took 0 ms 
391686     DEBUG Test worker     d.u.i.k.n.KeyIO           MODE: 2nd degree decls took 0 
391686     INFO  Test worker     d.u.i.k.n.KeyIO           Parsing took 0 ms 
391686     DEBUG Test worker     d.u.i.k.n.KeyIO           Load declarations of de.uka.ilkd.key.nparser.KeyAst$File:  <unknown>:1#1 
391686     INFO  Test worker     d.u.i.k.n.KeyIO           MODE: declarations took 0 ms 
391686     DEBUG Test worker     d.u.i.k.n.KeyIO           MODE: 2nd degree decls took 0 
395120     INFO  Test worker     d.u.i.k.n.KeyIO           Parsing took 0 ms 
395120     DEBUG Test worker     d.u.i.k.n.KeyIO           Load declarations of de.uka.ilkd.key.nparser.KeyAst$File:  <unknown>:1#1 
395120     INFO  Test worker     d.u.i.k.n.KeyIO           MODE: declarations took 0 ms 
395120     DEBUG Test worker     d.u.i.k.n.KeyIO           MODE: 2nd degree decls took 0 
395120     INFO  Test worker     d.u.i.k.n.KeyIO           Parsing took 0 ms 
395120     DEBUG Test worker     d.u.i.k.n.KeyIO           Load declarations of de.uka.ilkd.key.nparser.KeyAst$File:  <unknown>:1#1 
395120     INFO  Test worker     d.u.i.k.n.KeyIO           MODE: declarations took 0 ms 
395120     DEBUG Test worker     d.u.i.k.n.KeyIO           MODE: 2nd degree decls took 0 
395120     INFO  Test worker     d.u.i.k.n.KeyIO           Parsing took 0 ms 
395120     DEBUG Test worker     d.u.i.k.n.KeyIO           Load declarations of de.uka.ilkd.key.nparser.KeyAst$File:  <unknown>:1#1 
395120     INFO  Test worker     d.u.i.k.n.KeyIO           MODE: declarations took 0 ms 
395120     DEBUG Test worker     d.u.i.k.n.KeyIO           MODE: 2nd degree decls took 0 
395120     INFO  Test worker     d.u.i.k.n.KeyIO           Parsing took 0 ms 
395120     DEBUG Test worker     d.u.i.k.n.KeyIO           Load declarations of de.uka.ilkd.key.nparser.KeyAst$File:  <unknown>:1#1 
395120     INFO  Test worker     d.u.i.k.n.KeyIO           MODE: declarations took 0 ms 
395120     DEBUG Test worker     d.u.i.k.n.KeyIO           MODE: 2nd degree decls took 0 
395120     INFO  Test worker     d.u.i.k.n.KeyIO           Parsing took 0 ms 
395120     DEBUG Test worker     d.u.i.k.n.KeyIO           Load declarations of de.uka.ilkd.key.nparser.KeyAst$File:  <unknown>:1#1 
395120     INFO  Test worker     d.u.i.k.n.KeyIO           MODE: declarations took 0 ms 
395120     DEBUG Test worker     d.u.i.k.n.KeyIO           MODE: 2nd degree decls took 0 
398602     INFO  Test worker     d.u.i.k.n.KeyIO           Parsing took 0 ms 
398602     DEBUG Test worker     d.u.i.k.n.KeyIO           Load declarations of de.uka.ilkd.key.nparser.KeyAst$File:  <unknown>:1#1 
398602     INFO  Test worker     d.u.i.k.n.KeyIO           MODE: declarations took 0 ms 
398602     DEBUG Test worker     d.u.i.k.n.KeyIO           MODE: 2nd degree decls took 0 
398602     INFO  Test worker     d.u.i.k.n.KeyIO           Parsing took 0 ms 
398602     DEBUG Test worker     d.u.i.k.n.KeyIO           Load declarations of de.uka.ilkd.key.nparser.KeyAst$File:  <unknown>:1#1 
398602     INFO  Test worker     d.u.i.k.n.KeyIO           MODE: declarations took 0 ms 
398602     DEBUG Test worker     d.u.i.k.n.KeyIO           MODE: 2nd degree decls took 0 
398602     INFO  Test worker     d.u.i.k.n.KeyIO           Parsing took 0 ms 
398602     DEBUG Test worker     d.u.i.k.n.KeyIO           Load declarations of de.uka.ilkd.key.nparser.KeyAst$File:  <unknown>:1#1 
398602     INFO  Test worker     d.u.i.k.n.KeyIO           MODE: declarations took 0 ms 
398602     DEBUG Test worker     d.u.i.k.n.KeyIO           MODE: 2nd degree decls took 0 
398602     INFO  Test worker     d.u.i.k.n.KeyIO           Parsing took 0 ms 
398602     DEBUG Test worker     d.u.i.k.n.KeyIO           Load declarations of de.uka.ilkd.key.nparser.KeyAst$File:  <unknown>:1#1 
398602     INFO  Test worker     d.u.i.k.n.KeyIO           MODE: declarations took 0 ms 
398602     DEBUG Test worker     d.u.i.k.n.KeyIO           MODE: 2nd degree decls took 0 
398602     INFO  Test worker     d.u.i.k.n.KeyIO           Parsing took 0 ms 
398602     DEBUG Test worker     d.u.i.k.n.KeyIO           Load declarations of de.uka.ilkd.key.nparser.KeyAst$File:  <unknown>:1#1 
398602     INFO  Test worker     d.u.i.k.n.KeyIO           MODE: declarations took 0 ms 
398602     DEBUG Test worker     d.u.i.k.n.KeyIO           MODE: 2nd degree decls took 0 
402142     INFO  Test worker     d.u.i.k.n.KeyIO           Parsing took 0 ms 
402142     DEBUG Test worker     d.u.i.k.n.KeyIO           Load declarations of de.uka.ilkd.key.nparser.KeyAst$File:  <unknown>:1#1 
402142     INFO  Test worker     d.u.i.k.n.KeyIO           MODE: declarations took 0 ms 
402142     DEBUG Test worker     d.u.i.k.n.KeyIO           MODE: 2nd degree decls took 0 
402142     INFO  Test worker     d.u.i.k.n.KeyIO           Parsing took 0 ms 
402142     DEBUG Test worker     d.u.i.k.n.KeyIO           Load declarations of de.uka.ilkd.key.nparser.KeyAst$File:  <unknown>:1#1 
402142     INFO  Test worker     d.u.i.k.n.KeyIO           MODE: declarations took 0 ms 
402142     DEBUG Test worker     d.u.i.k.n.KeyIO           MODE: 2nd degree decls took 0 
402142     INFO  Test worker     d.u.i.k.n.KeyIO           Parsing took 0 ms 
402142     DEBUG Test worker     d.u.i.k.n.KeyIO           Load declarations of de.uka.ilkd.key.nparser.KeyAst$File:  <unknown>:1#1 
402143     INFO  Test worker     d.u.i.k.n.KeyIO           MODE: declarations took 1 ms 
402143     DEBUG Test worker     d.u.i.k.n.KeyIO           MODE: 2nd degree decls took 0 
402143     INFO  Test worker     d.u.i.k.n.KeyIO           Parsing took 0 ms 
402143     DEBUG Test worker     d.u.i.k.n.KeyIO           Load declarations of de.uka.ilkd.key.nparser.KeyAst$File:  <unknown>:1#1 
402143     INFO  Test worker     d.u.i.k.n.KeyIO           MODE: declarations took 0 ms 
402143     DEBUG Test worker     d.u.i.k.n.KeyIO           MODE: 2nd degree decls took 0 
402143     INFO  Test worker     d.u.i.k.n.KeyIO           Parsing took 0 ms 
402143     DEBUG Test worker     d.u.i.k.n.KeyIO           Load declarations of de.uka.ilkd.key.nparser.KeyAst$File:  <unknown>:1#1 
402143     INFO  Test worker     d.u.i.k.n.KeyIO           MODE: declarations took 0 ms 
402143     DEBUG Test worker     d.u.i.k.n.KeyIO           MODE: 2nd degree decls took 0 
402144     WARN  Test worker     d.u.i.k.n.KeYParser       [syntax-error] <unknown>:1:11: mismatched input '@' expecting {'/', ':=', '.', '(', ')', '{', '[', '@', PARALLEL, OR, AND, IMP, '=', NOT_EQUALS, '%', '*', '-', '+', '>', GREATEREQUAL, '<', LESSEQUAL, LGUILLEMETS, EQV} [@11,11:11='@',<153>,1:11] (termEOF) 
405661     INFO  Test worker     d.u.i.k.n.KeyIO           Parsing took 0 ms 
405661     DEBUG Test worker     d.u.i.k.n.KeyIO           Load declarations of de.uka.ilkd.key.nparser.KeyAst$File:  <unknown>:1#1 
405661     INFO  Test worker     d.u.i.k.n.KeyIO           MODE: declarations took 0 ms 
405661     DEBUG Test worker     d.u.i.k.n.KeyIO           MODE: 2nd degree decls took 0 
405661     INFO  Test worker     d.u.i.k.n.KeyIO           Parsing took 0 ms 
405661     DEBUG Test worker     d.u.i.k.n.KeyIO           Load declarations of de.uka.ilkd.key.nparser.KeyAst$File:  <unknown>:1#1 
405661     INFO  Test worker     d.u.i.k.n.KeyIO           MODE: declarations took 0 ms 
405661     DEBUG Test worker     d.u.i.k.n.KeyIO           MODE: 2nd degree decls took 0 
405661     INFO  Test worker     d.u.i.k.n.KeyIO           Parsing took 0 ms 
405661     DEBUG Test worker     d.u.i.k.n.KeyIO           Load declarations of de.uka.ilkd.key.nparser.KeyAst$File:  <unknown>:1#1 
405661     INFO  Test worker     d.u.i.k.n.KeyIO           MODE: declarations took 0 ms 
405661     DEBUG Test worker     d.u.i.k.n.KeyIO           MODE: 2nd degree decls took 0 
405661     INFO  Test worker     d.u.i.k.n.KeyIO           Parsing took 0 ms 
405661     DEBUG Test worker     d.u.i.k.n.KeyIO           Load declarations of de.uka.ilkd.key.nparser.KeyAst$File:  <unknown>:1#1 
405661     INFO  Test worker     d.u.i.k.n.KeyIO           MODE: declarations took 0 ms 
405661     DEBUG Test worker     d.u.i.k.n.KeyIO           MODE: 2nd degree decls took 0 
405661     INFO  Test worker     d.u.i.k.n.KeyIO           Parsing took 0 ms 
405661     DEBUG Test worker     d.u.i.k.n.KeyIO           Load declarations of de.uka.ilkd.key.nparser.KeyAst$File:  <unknown>:1#1 
405661     INFO  Test worker     d.u.i.k.n.KeyIO           MODE: declarations took 0 ms 
405661     DEBUG Test worker     d.u.i.k.n.KeyIO           MODE: 2nd degree decls took 0 
409127     INFO  Test worker     d.u.i.k.n.KeyIO           Parsing took 0 ms 
409127     DEBUG Test worker     d.u.i.k.n.KeyIO           Load declarations of de.uka.ilkd.key.nparser.KeyAst$File:  <unknown>:1#1 
409128     INFO  Test worker     d.u.i.k.n.KeyIO           MODE: declarations took 1 ms 
409128     DEBUG Test worker     d.u.i.k.n.KeyIO           MODE: 2nd degree decls took 0 
409128     INFO  Test worker     d.u.i.k.n.KeyIO           Parsing took 0 ms 
409128     DEBUG Test worker     d.u.i.k.n.KeyIO           Load declarations of de.uka.ilkd.key.nparser.KeyAst$File:  <unknown>:1#1 
409128     INFO  Test worker     d.u.i.k.n.KeyIO           MODE: declarations took 0 ms 
409129     DEBUG Test worker     d.u.i.k.n.KeyIO           MODE: 2nd degree decls took 0 
409129     INFO  Test worker     d.u.i.k.n.KeyIO           Parsing took 0 ms 
409129     DEBUG Test worker     d.u.i.k.n.KeyIO           Load declarations of de.uka.ilkd.key.nparser.KeyAst$File:  <unknown>:1#1 
409129     INFO  Test worker     d.u.i.k.n.KeyIO           MODE: declarations took 0 ms 
409129     DEBUG Test worker     d.u.i.k.n.KeyIO           MODE: 2nd degree decls took 0 
409130     INFO  Test worker     d.u.i.k.n.KeyIO           Parsing took 0 ms 
409130     DEBUG Test worker     d.u.i.k.n.KeyIO           Load declarations of de.uka.ilkd.key.nparser.KeyAst$File:  <unknown>:1#1 
409130     INFO  Test worker     d.u.i.k.n.KeyIO           MODE: declarations took 0 ms 
409131     DEBUG Test worker     d.u.i.k.n.KeyIO           MODE: 2nd degree decls took 1 
409131     INFO  Test worker     d.u.i.k.n.KeyIO           Parsing took 0 ms 
409131     DEBUG Test worker     d.u.i.k.n.KeyIO           Load declarations of de.uka.ilkd.key.nparser.KeyAst$File:  <unknown>:1#1 
409131     INFO  Test worker     d.u.i.k.n.KeyIO           MODE: declarations took 0 ms 
409131     DEBUG Test worker     d.u.i.k.n.KeyIO           MODE: 2nd degree decls took 0 
412604     INFO  Test worker     d.u.i.k.n.KeyIO           Parsing took 0 ms 
412604     DEBUG Test worker     d.u.i.k.n.KeyIO           Load declarations of de.uka.ilkd.key.nparser.KeyAst$File:  <unknown>:1#1 
412604     INFO  Test worker     d.u.i.k.n.KeyIO           MODE: declarations took 0 ms 
412605     DEBUG Test worker     d.u.i.k.n.KeyIO           MODE: 2nd degree decls took 0 
412605     INFO  Test worker     d.u.i.k.n.KeyIO           Parsing took 0 ms 
412605     DEBUG Test worker     d.u.i.k.n.KeyIO           Load declarations of de.uka.ilkd.key.nparser.KeyAst$File:  <unknown>:1#1 
412605     INFO  Test worker     d.u.i.k.n.KeyIO           MODE: declarations took 0 ms 
412605     DEBUG Test worker     d.u.i.k.n.KeyIO           MODE: 2nd degree decls took 0 
412606     INFO  Test worker     d.u.i.k.n.KeyIO           Parsing took 0 ms 
412606     DEBUG Test worker     d.u.i.k.n.KeyIO           Load declarations of de.uka.ilkd.key.nparser.KeyAst$File:  <unknown>:1#1 
412606     INFO  Test worker     d.u.i.k.n.KeyIO           MODE: declarations took 0 ms 
412606     DEBUG Test worker     d.u.i.k.n.KeyIO           MODE: 2nd degree decls took 0 
412606     INFO  Test worker     d.u.i.k.n.KeyIO           Parsing took 0 ms 
412607     DEBUG Test worker     d.u.i.k.n.KeyIO           Load declarations of de.uka.ilkd.key.nparser.KeyAst$File:  <unknown>:1#1 
412607     INFO  Test worker     d.u.i.k.n.KeyIO           MODE: declarations took 0 ms 
412607     DEBUG Test worker     d.u.i.k.n.KeyIO           MODE: 2nd degree decls took 0 
412607     INFO  Test worker     d.u.i.k.n.KeyIO           Parsing took 0 ms 
412607     DEBUG Test worker     d.u.i.k.n.KeyIO           Load declarations of de.uka.ilkd.key.nparser.KeyAst$File:  <unknown>:1#1 
412608     INFO  Test worker     d.u.i.k.n.KeyIO           MODE: declarations took 1 ms 
412608     DEBUG Test worker     d.u.i.k.n.KeyIO           MODE: 2nd degree decls took 0 
416014     INFO  Test worker     d.u.i.k.n.KeyIO           Parsing took 0 ms 
416014     DEBUG Test worker     d.u.i.k.n.KeyIO           Load declarations of de.uka.ilkd.key.nparser.KeyAst$File:  <unknown>:1#1 
416014     INFO  Test worker     d.u.i.k.n.KeyIO           MODE: declarations took 0 ms 
416014     DEBUG Test worker     d.u.i.k.n.KeyIO           MODE: 2nd degree decls took 0 
416014     INFO  Test worker     d.u.i.k.n.KeyIO           Parsing took 0 ms 
416014     DEBUG Test worker     d.u.i.k.n.KeyIO           Load declarations of de.uka.ilkd.key.nparser.KeyAst$File:  <unknown>:1#1 
416014     INFO  Test worker     d.u.i.k.n.KeyIO           MODE: declarations took 0 ms 
416014     DEBUG Test worker     d.u.i.k.n.KeyIO           MODE: 2nd degree decls took 0 
416014     INFO  Test worker     d.u.i.k.n.KeyIO           Parsing took 0 ms 
416014     DEBUG Test worker     d.u.i.k.n.KeyIO           Load declarations of de.uka.ilkd.key.nparser.KeyAst$File:  <unknown>:1#1 
416014     INFO  Test worker     d.u.i.k.n.KeyIO           MODE: declarations took 0 ms 
416014     DEBUG Test worker     d.u.i.k.n.KeyIO           MODE: 2nd degree decls took 0 
416014     INFO  Test worker     d.u.i.k.n.KeyIO           Parsing took 0 ms 
416014     DEBUG Test worker     d.u.i.k.n.KeyIO           Load declarations of de.uka.ilkd.key.nparser.KeyAst$File:  <unknown>:1#1 
416014     INFO  Test worker     d.u.i.k.n.KeyIO           MODE: declarations took 0 ms 
416014     DEBUG Test worker     d.u.i.k.n.KeyIO           MODE: 2nd degree decls took 0 
416014     INFO  Test worker     d.u.i.k.n.KeyIO           Parsing took 0 ms 
416014     DEBUG Test worker     d.u.i.k.n.KeyIO           Load declarations of de.uka.ilkd.key.nparser.KeyAst$File:  <unknown>:1#1 
416015     INFO  Test worker     d.u.i.k.n.KeyIO           MODE: declarations took 1 ms 
416015     DEBUG Test worker     d.u.i.k.n.KeyIO           MODE: 2nd degree decls took 0 
419514     INFO  Test worker     d.u.i.k.n.KeyIO           Parsing took 0 ms 
419514     DEBUG Test worker     d.u.i.k.n.KeyIO           Load declarations of de.uka.ilkd.key.nparser.KeyAst$File:  <unknown>:1#1 
419514     INFO  Test worker     d.u.i.k.n.KeyIO           MODE: declarations took 0 ms 
419514     DEBUG Test worker     d.u.i.k.n.KeyIO           MODE: 2nd degree decls took 0 
419515     INFO  Test worker     d.u.i.k.n.KeyIO           Parsing took 1 ms 
419515     DEBUG Test worker     d.u.i.k.n.KeyIO           Load declarations of de.uka.ilkd.key.nparser.KeyAst$File:  <unknown>:1#1 
419515     INFO  Test worker     d.u.i.k.n.KeyIO           MODE: declarations took 0 ms 
419515     DEBUG Test worker     d.u.i.k.n.KeyIO           MODE: 2nd degree decls took 0 
419515     INFO  Test worker     d.u.i.k.n.KeyIO           Parsing took 0 ms 
419515     DEBUG Test worker     d.u.i.k.n.KeyIO           Load declarations of de.uka.ilkd.key.nparser.KeyAst$File:  <unknown>:1#1 
419515     INFO  Test worker     d.u.i.k.n.KeyIO           MODE: declarations took 0 ms 
419515     DEBUG Test worker     d.u.i.k.n.KeyIO           MODE: 2nd degree decls took 0 
419515     INFO  Test worker     d.u.i.k.n.KeyIO           Parsing took 0 ms 
419515     DEBUG Test worker     d.u.i.k.n.KeyIO           Load declarations of de.uka.ilkd.key.nparser.KeyAst$File:  <unknown>:1#1 
419515     INFO  Test worker     d.u.i.k.n.KeyIO           MODE: declarations took 0 ms 
419515     DEBUG Test worker     d.u.i.k.n.KeyIO           MODE: 2nd degree decls took 0 
419515     INFO  Test worker     d.u.i.k.n.KeyIO           Parsing took 0 ms 
419515     DEBUG Test worker     d.u.i.k.n.KeyIO           Load declarations of de.uka.ilkd.key.nparser.KeyAst$File:  <unknown>:1#1 
419515     INFO  Test worker     d.u.i.k.n.KeyIO           MODE: declarations took 0 ms 
419515     DEBUG Test worker     d.u.i.k.n.KeyIO           MODE: 2nd degree decls took 0 
422937     INFO  Test worker     d.u.i.k.n.KeyIO           Parsing took 0 ms 
422938     DEBUG Test worker     d.u.i.k.n.KeyIO           Load declarations of de.uka.ilkd.key.nparser.KeyAst$File:  <unknown>:1#1 
422938     INFO  Test worker     d.u.i.k.n.KeyIO           MODE: declarations took 0 ms 
422938     DEBUG Test worker     d.u.i.k.n.KeyIO           MODE: 2nd degree decls took 0 
422938     INFO  Test worker     d.u.i.k.n.KeyIO           Parsing took 0 ms 
422938     DEBUG Test worker     d.u.i.k.n.KeyIO           Load declarations of de.uka.ilkd.key.nparser.KeyAst$File:  <unknown>:1#1 
422938     INFO  Test worker     d.u.i.k.n.KeyIO           MODE: declarations took 0 ms 
422938     DEBUG Test worker     d.u.i.k.n.KeyIO           MODE: 2nd degree decls took 0 
422938     INFO  Test worker     d.u.i.k.n.KeyIO           Parsing took 0 ms 
422938     DEBUG Test worker     d.u.i.k.n.KeyIO           Load declarations of de.uka.ilkd.key.nparser.KeyAst$File:  <unknown>:1#1 
422938     INFO  Test worker     d.u.i.k.n.KeyIO           MODE: declarations took 0 ms 
422938     DEBUG Test worker     d.u.i.k.n.KeyIO           MODE: 2nd degree decls took 0 
422938     INFO  Test worker     d.u.i.k.n.KeyIO           Parsing took 0 ms 
422938     DEBUG Test worker     d.u.i.k.n.KeyIO           Load declarations of de.uka.ilkd.key.nparser.KeyAst$File:  <unknown>:1#1 
422938     INFO  Test worker     d.u.i.k.n.KeyIO           MODE: declarations took 0 ms 
422938     DEBUG Test worker     d.u.i.k.n.KeyIO           MODE: 2nd degree decls took 0 
422938     INFO  Test worker     d.u.i.k.n.KeyIO           Parsing took 0 ms 
422938     DEBUG Test worker     d.u.i.k.n.KeyIO           Load declarations of de.uka.ilkd.key.nparser.KeyAst$File:  <unknown>:1#1 
422938     INFO  Test worker     d.u.i.k.n.KeyIO           MODE: declarations took 0 ms 
422938     DEBUG Test worker     d.u.i.k.n.KeyIO           MODE: 2nd degree decls took 0 
426377     INFO  Test worker     d.u.i.k.n.KeyIO           Parsing took 0 ms 
426377     DEBUG Test worker     d.u.i.k.n.KeyIO           Load declarations of de.uka.ilkd.key.nparser.KeyAst$File:  <unknown>:1#1 
426381     INFO  Test worker     d.u.i.k.n.KeyIO           MODE: declarations took 4 ms 
426381     DEBUG Test worker     d.u.i.k.n.KeyIO           MODE: 2nd degree decls took 0 
426381     INFO  Test worker     d.u.i.k.n.KeyIO           Parsing took 0 ms 
426382     DEBUG Test worker     d.u.i.k.n.KeyIO           Load declarations of de.uka.ilkd.key.nparser.KeyAst$File:  <unknown>:1#1 
426382     INFO  Test worker     d.u.i.k.n.KeyIO           MODE: declarations took 0 ms 
426382     DEBUG Test worker     d.u.i.k.n.KeyIO           MODE: 2nd degree decls took 0 
426382     INFO  Test worker     d.u.i.k.n.KeyIO           Parsing took 0 ms 
426382     DEBUG Test worker     d.u.i.k.n.KeyIO           Load declarations of de.uka.ilkd.key.nparser.KeyAst$File:  <unknown>:1#1 
426383     INFO  Test worker     d.u.i.k.n.KeyIO           MODE: declarations took 1 ms 
426383     DEBUG Test worker     d.u.i.k.n.KeyIO           MODE: 2nd degree decls took 0 
426383     INFO  Test worker     d.u.i.k.n.KeyIO           Parsing took 0 ms 
426383     DEBUG Test worker     d.u.i.k.n.KeyIO           Load declarations of de.uka.ilkd.key.nparser.KeyAst$File:  <unknown>:1#1 
426384     INFO  Test worker     d.u.i.k.n.KeyIO           MODE: declarations took 1 ms 
426384     DEBUG Test worker     d.u.i.k.n.KeyIO           MODE: 2nd degree decls took 0 
426384     INFO  Test worker     d.u.i.k.n.KeyIO           Parsing took 0 ms 
426384     DEBUG Test worker     d.u.i.k.n.KeyIO           Load declarations of de.uka.ilkd.key.nparser.KeyAst$File:  <unknown>:1#1 
426384     INFO  Test worker     d.u.i.k.n.KeyIO           MODE: declarations took 0 ms 
426384     DEBUG Test worker     d.u.i.k.n.KeyIO           MODE: 2nd degree decls took 0 
429743     INFO  Test worker     d.u.i.k.n.KeyIO           Parsing took 0 ms 
429743     DEBUG Test worker     d.u.i.k.n.KeyIO           Load declarations of de.uka.ilkd.key.nparser.KeyAst$File:  <unknown>:1#1 
429743     INFO  Test worker     d.u.i.k.n.KeyIO           MODE: declarations took 0 ms 
429743     DEBUG Test worker     d.u.i.k.n.KeyIO           MODE: 2nd degree decls took 0 
429743     INFO  Test worker     d.u.i.k.n.KeyIO           Parsing took 0 ms 
429743     DEBUG Test worker     d.u.i.k.n.KeyIO           Load declarations of de.uka.ilkd.key.nparser.KeyAst$File:  <unknown>:1#1 
429743     INFO  Test worker     d.u.i.k.n.KeyIO           MODE: declarations took 0 ms 
429743     DEBUG Test worker     d.u.i.k.n.KeyIO           MODE: 2nd degree decls took 0 
429743     INFO  Test worker     d.u.i.k.n.KeyIO           Parsing took 0 ms 
429743     DEBUG Test worker     d.u.i.k.n.KeyIO           Load declarations of de.uka.ilkd.key.nparser.KeyAst$File:  <unknown>:1#1 
429743     INFO  Test worker     d.u.i.k.n.KeyIO           MODE: declarations took 0 ms 
429743     DEBUG Test worker     d.u.i.k.n.KeyIO           MODE: 2nd degree decls took 0 
429743     INFO  Test worker     d.u.i.k.n.KeyIO           Parsing took 0 ms 
429743     DEBUG Test worker     d.u.i.k.n.KeyIO           Load declarations of de.uka.ilkd.key.nparser.KeyAst$File:  <unknown>:1#1 
429744     INFO  Test worker     d.u.i.k.n.KeyIO           MODE: declarations took 1 ms 
429744     DEBUG Test worker     d.u.i.k.n.KeyIO           MODE: 2nd degree decls took 0 
429744     INFO  Test worker     d.u.i.k.n.KeyIO           Parsing took 0 ms 
429744     DEBUG Test worker     d.u.i.k.n.KeyIO           Load declarations of de.uka.ilkd.key.nparser.KeyAst$File:  <unknown>:1#1 
429744     INFO  Test worker     d.u.i.k.n.KeyIO           MODE: declarations took 0 ms 
429744     DEBUG Test worker     d.u.i.k.n.KeyIO           MODE: 2nd degree decls took 0 
433148     INFO  Test worker     d.u.i.k.n.KeyIO           Parsing took 0 ms 
433148     DEBUG Test worker     d.u.i.k.n.KeyIO           Load declarations of de.uka.ilkd.key.nparser.KeyAst$File:  <unknown>:1#1 
433148     INFO  Test worker     d.u.i.k.n.KeyIO           MODE: declarations took 0 ms 
433148     DEBUG Test worker     d.u.i.k.n.KeyIO           MODE: 2nd degree decls took 0 
433148     INFO  Test worker     d.u.i.k.n.KeyIO           Parsing took 0 ms 
433148     DEBUG Test worker     d.u.i.k.n.KeyIO           Load declarations of de.uka.ilkd.key.nparser.KeyAst$File:  <unknown>:1#1 
433148     INFO  Test worker     d.u.i.k.n.KeyIO           MODE: declarations took 0 ms 
433148     DEBUG Test worker     d.u.i.k.n.KeyIO           MODE: 2nd degree decls took 0 
433148     INFO  Test worker     d.u.i.k.n.KeyIO           Parsing took 0 ms 
433148     DEBUG Test worker     d.u.i.k.n.KeyIO           Load declarations of de.uka.ilkd.key.nparser.KeyAst$File:  <unknown>:1#1 
433148     INFO  Test worker     d.u.i.k.n.KeyIO           MODE: declarations took 0 ms 
433148     DEBUG Test worker     d.u.i.k.n.KeyIO           MODE: 2nd degree decls took 0 
433148     INFO  Test worker     d.u.i.k.n.KeyIO           Parsing took 0 ms 
433148     DEBUG Test worker     d.u.i.k.n.KeyIO           Load declarations of de.uka.ilkd.key.nparser.KeyAst$File:  <unknown>:1#1 
433148     INFO  Test worker     d.u.i.k.n.KeyIO           MODE: declarations took 0 ms 
433148     DEBUG Test worker     d.u.i.k.n.KeyIO           MODE: 2nd degree decls took 0 
433148     INFO  Test worker     d.u.i.k.n.KeyIO           Parsing took 0 ms 
433148     DEBUG Test worker     d.u.i.k.n.KeyIO           Load declarations of de.uka.ilkd.key.nparser.KeyAst$File:  <unknown>:1#1 
433148     INFO  Test worker     d.u.i.k.n.KeyIO           MODE: declarations took 0 ms 
433148     DEBUG Test worker     d.u.i.k.n.KeyIO           MODE: 2nd degree decls took 0 
436597     INFO  Test worker     d.u.i.k.n.KeyIO           Parsing took 0 ms 
436597     DEBUG Test worker     d.u.i.k.n.KeyIO           Load declarations of de.uka.ilkd.key.nparser.KeyAst$File:  <unknown>:1#1 
436597     INFO  Test worker     d.u.i.k.n.KeyIO           MODE: declarations took 0 ms 
436597     DEBUG Test worker     d.u.i.k.n.KeyIO           MODE: 2nd degree decls took 0 
436597     INFO  Test worker     d.u.i.k.n.KeyIO           Parsing took 0 ms 
436597     DEBUG Test worker     d.u.i.k.n.KeyIO           Load declarations of de.uka.ilkd.key.nparser.KeyAst$File:  <unknown>:1#1 
436597     INFO  Test worker     d.u.i.k.n.KeyIO           MODE: declarations took 0 ms 
436597     DEBUG Test worker     d.u.i.k.n.KeyIO           MODE: 2nd degree decls took 0 
436597     INFO  Test worker     d.u.i.k.n.KeyIO           Parsing took 0 ms 
436597     DEBUG Test worker     d.u.i.k.n.KeyIO           Load declarations of de.uka.ilkd.key.nparser.KeyAst$File:  <unknown>:1#1 
436597     INFO  Test worker     d.u.i.k.n.KeyIO           MODE: declarations took 0 ms 
436597     DEBUG Test worker     d.u.i.k.n.KeyIO           MODE: 2nd degree decls took 0 
436597     INFO  Test worker     d.u.i.k.n.KeyIO           Parsing took 0 ms 
436597     DEBUG Test worker     d.u.i.k.n.KeyIO           Load declarations of de.uka.ilkd.key.nparser.KeyAst$File:  <unknown>:1#1 
436597     INFO  Test worker     d.u.i.k.n.KeyIO           MODE: declarations took 0 ms 
436597     DEBUG Test worker     d.u.i.k.n.KeyIO           MODE: 2nd degree decls took 0 
436597     INFO  Test worker     d.u.i.k.n.KeyIO           Parsing took 0 ms 
436597     DEBUG Test worker     d.u.i.k.n.KeyIO           Load declarations of de.uka.ilkd.key.nparser.KeyAst$File:  <unknown>:1#1 
436597     INFO  Test worker     d.u.i.k.n.KeyIO           MODE: declarations took 0 ms 
436597     DEBUG Test worker     d.u.i.k.n.KeyIO           MODE: 2nd degree decls took 0 
440073     INFO  Test worker     d.u.i.k.n.KeyIO           Parsing took 2 ms 
440073     DEBUG Test worker     d.u.i.k.n.KeyIO           Load declarations of de.uka.ilkd.key.nparser.KeyAst$File:  <unknown>:1#1 
440073     INFO  Test worker     d.u.i.k.n.KeyIO           MODE: declarations took 0 ms 
440073     DEBUG Test worker     d.u.i.k.n.KeyIO           MODE: 2nd degree decls took 0 
440074     INFO  Test worker     d.u.i.k.n.KeyIO           Parsing took 0 ms 
440074     DEBUG Test worker     d.u.i.k.n.KeyIO           Load declarations of de.uka.ilkd.key.nparser.KeyAst$File:  <unknown>:1#1 
440074     INFO  Test worker     d.u.i.k.n.KeyIO           MODE: declarations took 0 ms 
440074     DEBUG Test worker     d.u.i.k.n.KeyIO           MODE: 2nd degree decls took 0 
440074     INFO  Test worker     d.u.i.k.n.KeyIO           Parsing took 0 ms 
440074     DEBUG Test worker     d.u.i.k.n.KeyIO           Load declarations of de.uka.ilkd.key.nparser.KeyAst$File:  <unknown>:1#1 
440075     INFO  Test worker     d.u.i.k.n.KeyIO           MODE: declarations took 1 ms 
440075     DEBUG Test worker     d.u.i.k.n.KeyIO           MODE: 2nd degree decls took 0 
440075     INFO  Test worker     d.u.i.k.n.KeyIO           Parsing took 0 ms 
440075     DEBUG Test worker     d.u.i.k.n.KeyIO           Load declarations of de.uka.ilkd.key.nparser.KeyAst$File:  <unknown>:1#1 
440075     INFO  Test worker     d.u.i.k.n.KeyIO           MODE: declarations took 0 ms 
440075     DEBUG Test worker     d.u.i.k.n.KeyIO           MODE: 2nd degree decls took 0 
440075     INFO  Test worker     d.u.i.k.n.KeyIO           Parsing took 0 ms 
440075     DEBUG Test worker     d.u.i.k.n.KeyIO           Load declarations of de.uka.ilkd.key.nparser.KeyAst$File:  <unknown>:1#1 
440075     INFO  Test worker     d.u.i.k.n.KeyIO           MODE: declarations took 0 ms 
440075     DEBUG Test worker     d.u.i.k.n.KeyIO           MODE: 2nd degree decls took 0 
443579     INFO  Test worker     d.u.i.k.n.KeyIO           Parsing took 0 ms 
443579     DEBUG Test worker     d.u.i.k.n.KeyIO           Load declarations of de.uka.ilkd.key.nparser.KeyAst$File:  <unknown>:1#1 
443579     INFO  Test worker     d.u.i.k.n.KeyIO           MODE: declarations took 0 ms 
443579     DEBUG Test worker     d.u.i.k.n.KeyIO           MODE: 2nd degree decls took 0 
443579     INFO  Test worker     d.u.i.k.n.KeyIO           Parsing took 0 ms 
443579     DEBUG Test worker     d.u.i.k.n.KeyIO           Load declarations of de.uka.ilkd.key.nparser.KeyAst$File:  <unknown>:1#1 
443579     INFO  Test worker     d.u.i.k.n.KeyIO           MODE: declarations took 0 ms 
443579     DEBUG Test worker     d.u.i.k.n.KeyIO           MODE: 2nd degree decls took 0 
443579     INFO  Test worker     d.u.i.k.n.KeyIO           Parsing took 0 ms 
443579     DEBUG Test worker     d.u.i.k.n.KeyIO           Load declarations of de.uka.ilkd.key.nparser.KeyAst$File:  <unknown>:1#1 
443579     INFO  Test worker     d.u.i.k.n.KeyIO           MODE: declarations took 0 ms 
443580     DEBUG Test worker     d.u.i.k.n.KeyIO           MODE: 2nd degree decls took 0 
443580     INFO  Test worker     d.u.i.k.n.KeyIO           Parsing took 0 ms 
443580     DEBUG Test worker     d.u.i.k.n.KeyIO           Load declarations of de.uka.ilkd.key.nparser.KeyAst$File:  <unknown>:1#1 
443580     INFO  Test worker     d.u.i.k.n.KeyIO           MODE: declarations took 0 ms 
443580     DEBUG Test worker     d.u.i.k.n.KeyIO           MODE: 2nd degree decls took 0 
443580     INFO  Test worker     d.u.i.k.n.KeyIO           Parsing took 0 ms 
443580     DEBUG Test worker     d.u.i.k.n.KeyIO           Load declarations of de.uka.ilkd.key.nparser.KeyAst$File:  <unknown>:1#1 
443580     INFO  Test worker     d.u.i.k.n.KeyIO           MODE: declarations took 0 ms 
443580     DEBUG Test worker     d.u.i.k.n.KeyIO           MODE: 2nd degree decls took 0 
447029     INFO  Test worker     d.u.i.k.n.KeyIO           Parsing took 0 ms 
447029     DEBUG Test worker     d.u.i.k.n.KeyIO           Load declarations of de.uka.ilkd.key.nparser.KeyAst$File:  <unknown>:1#1 
447029     INFO  Test worker     d.u.i.k.n.KeyIO           MODE: declarations took 0 ms 
447029     DEBUG Test worker     d.u.i.k.n.KeyIO           MODE: 2nd degree decls took 0 
447029     INFO  Test worker     d.u.i.k.n.KeyIO           Parsing took 0 ms 
447029     DEBUG Test worker     d.u.i.k.n.KeyIO           Load declarations of de.uka.ilkd.key.nparser.KeyAst$File:  <unknown>:1#1 
447029     INFO  Test worker     d.u.i.k.n.KeyIO           MODE: declarations took 0 ms 
447029     DEBUG Test worker     d.u.i.k.n.KeyIO           MODE: 2nd degree decls took 0 
447029     INFO  Test worker     d.u.i.k.n.KeyIO           Parsing took 0 ms 
447029     DEBUG Test worker     d.u.i.k.n.KeyIO           Load declarations of de.uka.ilkd.key.nparser.KeyAst$File:  <unknown>:1#1 
447029     INFO  Test worker     d.u.i.k.n.KeyIO           MODE: declarations took 0 ms 
447029     DEBUG Test worker     d.u.i.k.n.KeyIO           MODE: 2nd degree decls took 0 
447029     INFO  Test worker     d.u.i.k.n.KeyIO           Parsing took 0 ms 
447029     DEBUG Test worker     d.u.i.k.n.KeyIO           Load declarations of de.uka.ilkd.key.nparser.KeyAst$File:  <unknown>:1#1 
447029     INFO  Test worker     d.u.i.k.n.KeyIO           MODE: declarations took 0 ms 
447029     DEBUG Test worker     d.u.i.k.n.KeyIO           MODE: 2nd degree decls took 0 
447029     INFO  Test worker     d.u.i.k.n.KeyIO           Parsing took 0 ms 
447029     DEBUG Test worker     d.u.i.k.n.KeyIO           Load declarations of de.uka.ilkd.key.nparser.KeyAst$File:  <unknown>:1#1 
447029     INFO  Test worker     d.u.i.k.n.KeyIO           MODE: declarations took 0 ms 
447029     DEBUG Test worker     d.u.i.k.n.KeyIO           MODE: 2nd degree decls took 0 
450447     INFO  Test worker     d.u.i.k.n.KeyIO           Parsing took 0 ms 
450447     DEBUG Test worker     d.u.i.k.n.KeyIO           Load declarations of de.uka.ilkd.key.nparser.KeyAst$File:  <unknown>:1#1 
450448     INFO  Test worker     d.u.i.k.n.KeyIO           MODE: declarations took 1 ms 
450448     DEBUG Test worker     d.u.i.k.n.KeyIO           MODE: 2nd degree decls took 0 
450448     INFO  Test worker     d.u.i.k.n.KeyIO           Parsing took 0 ms 
450448     DEBUG Test worker     d.u.i.k.n.KeyIO           Load declarations of de.uka.ilkd.key.nparser.KeyAst$File:  <unknown>:1#1 
450448     INFO  Test worker     d.u.i.k.n.KeyIO           MODE: declarations took 0 ms 
450448     DEBUG Test worker     d.u.i.k.n.KeyIO           MODE: 2nd degree decls took 0 
450448     INFO  Test worker     d.u.i.k.n.KeyIO           Parsing took 0 ms 
450448     DEBUG Test worker     d.u.i.k.n.KeyIO           Load declarations of de.uka.ilkd.key.nparser.KeyAst$File:  <unknown>:1#1 
450448     INFO  Test worker     d.u.i.k.n.KeyIO           MODE: declarations took 0 ms 
450448     DEBUG Test worker     d.u.i.k.n.KeyIO           MODE: 2nd degree decls took 0 
450448     INFO  Test worker     d.u.i.k.n.KeyIO           Parsing took 0 ms 
450448     DEBUG Test worker     d.u.i.k.n.KeyIO           Load declarations of de.uka.ilkd.key.nparser.KeyAst$File:  <unknown>:1#1 
450448     INFO  Test worker     d.u.i.k.n.KeyIO           MODE: declarations took 0 ms 
450448     DEBUG Test worker     d.u.i.k.n.KeyIO           MODE: 2nd degree decls took 0 
450448     INFO  Test worker     d.u.i.k.n.KeyIO           Parsing took 0 ms 
450448     DEBUG Test worker     d.u.i.k.n.KeyIO           Load declarations of de.uka.ilkd.key.nparser.KeyAst$File:  <unknown>:1#1 
450448     INFO  Test worker     d.u.i.k.n.KeyIO           MODE: declarations took 0 ms 
450448     DEBUG Test worker     d.u.i.k.n.KeyIO           MODE: 2nd degree decls took 0 
453910     INFO  Test worker     d.u.i.k.n.KeyIO           Parsing took 0 ms 
453911     DEBUG Test worker     d.u.i.k.n.KeyIO           Load declarations of de.uka.ilkd.key.nparser.KeyAst$File:  <unknown>:1#1 
453911     INFO  Test worker     d.u.i.k.n.KeyIO           MODE: declarations took 0 ms 
453911     DEBUG Test worker     d.u.i.k.n.KeyIO           MODE: 2nd degree decls took 0 
453911     INFO  Test worker     d.u.i.k.n.KeyIO           Parsing took 0 ms 
453911     DEBUG Test worker     d.u.i.k.n.KeyIO           Load declarations of de.uka.ilkd.key.nparser.KeyAst$File:  <unknown>:1#1 
453912     INFO  Test worker     d.u.i.k.n.KeyIO           MODE: declarations took 1 ms 
453912     DEBUG Test worker     d.u.i.k.n.KeyIO           MODE: 2nd degree decls took 0 
453912     INFO  Test worker     d.u.i.k.n.KeyIO           Parsing took 0 ms 
453912     DEBUG Test worker     d.u.i.k.n.KeyIO           Load declarations of de.uka.ilkd.key.nparser.KeyAst$File:  <unknown>:1#1 
453912     INFO  Test worker     d.u.i.k.n.KeyIO           MODE: declarations took 0 ms 
453912     DEBUG Test worker     d.u.i.k.n.KeyIO           MODE: 2nd degree decls took 0 
453912     INFO  Test worker     d.u.i.k.n.KeyIO           Parsing took 0 ms 
453912     DEBUG Test worker     d.u.i.k.n.KeyIO           Load declarations of de.uka.ilkd.key.nparser.KeyAst$File:  <unknown>:1#1 
453912     INFO  Test worker     d.u.i.k.n.KeyIO           MODE: declarations took 0 ms 
453912     DEBUG Test worker     d.u.i.k.n.KeyIO           MODE: 2nd degree decls took 0 
453912     INFO  Test worker     d.u.i.k.n.KeyIO           Parsing took 0 ms 
453912     DEBUG Test worker     d.u.i.k.n.KeyIO           Load declarations of de.uka.ilkd.key.nparser.KeyAst$File:  <unknown>:1#1 
453912     INFO  Test worker     d.u.i.k.n.KeyIO           MODE: declarations took 0 ms 
453912     DEBUG Test worker     d.u.i.k.n.KeyIO           MODE: 2nd degree decls took 0 
457409     INFO  Test worker     d.u.i.k.n.KeyIO           Parsing took 0 ms 
457409     DEBUG Test worker     d.u.i.k.n.KeyIO           Load declarations of de.uka.ilkd.key.nparser.KeyAst$File:  <unknown>:1#1 
457409     INFO  Test worker     d.u.i.k.n.KeyIO           MODE: declarations took 0 ms 
457409     DEBUG Test worker     d.u.i.k.n.KeyIO           MODE: 2nd degree decls took 0 
457409     INFO  Test worker     d.u.i.k.n.KeyIO           Parsing took 0 ms 
457409     DEBUG Test worker     d.u.i.k.n.KeyIO           Load declarations of de.uka.ilkd.key.nparser.KeyAst$File:  <unknown>:1#1 
457409     INFO  Test worker     d.u.i.k.n.KeyIO           MODE: declarations took 0 ms 
457409     DEBUG Test worker     d.u.i.k.n.KeyIO           MODE: 2nd degree decls took 0 
457409     INFO  Test worker     d.u.i.k.n.KeyIO           Parsing took 0 ms 
457409     DEBUG Test worker     d.u.i.k.n.KeyIO           Load declarations of de.uka.ilkd.key.nparser.KeyAst$File:  <unknown>:1#1 
457409     INFO  Test worker     d.u.i.k.n.KeyIO           MODE: declarations took 0 ms 
457409     DEBUG Test worker     d.u.i.k.n.KeyIO           MODE: 2nd degree decls took 0 
457409     INFO  Test worker     d.u.i.k.n.KeyIO           Parsing took 0 ms 
457409     DEBUG Test worker     d.u.i.k.n.KeyIO           Load declarations of de.uka.ilkd.key.nparser.KeyAst$File:  <unknown>:1#1 
457409     INFO  Test worker     d.u.i.k.n.KeyIO           MODE: declarations took 0 ms 
457409     DEBUG Test worker     d.u.i.k.n.KeyIO           MODE: 2nd degree decls took 0 
457409     INFO  Test worker     d.u.i.k.n.KeyIO           Parsing took 0 ms 
457409     DEBUG Test worker     d.u.i.k.n.KeyIO           Load declarations of de.uka.ilkd.key.nparser.KeyAst$File:  <unknown>:1#1 
457409     INFO  Test worker     d.u.i.k.n.KeyIO           MODE: declarations took 0 ms 
457409     DEBUG Test worker     d.u.i.k.n.KeyIO           MODE: 2nd degree decls took 0 
460891     INFO  Test worker     d.u.i.k.n.KeyIO           Parsing took 0 ms 
460891     DEBUG Test worker     d.u.i.k.n.KeyIO           Load declarations of de.uka.ilkd.key.nparser.KeyAst$File:  <unknown>:1#1 
460891     INFO  Test worker     d.u.i.k.n.KeyIO           MODE: declarations took 0 ms 
460891     DEBUG Test worker     d.u.i.k.n.KeyIO           MODE: 2nd degree decls took 0 
460891     INFO  Test worker     d.u.i.k.n.KeyIO           Parsing took 0 ms 
460891     DEBUG Test worker     d.u.i.k.n.KeyIO           Load declarations of de.uka.ilkd.key.nparser.KeyAst$File:  <unknown>:1#1 
460891     INFO  Test worker     d.u.i.k.n.KeyIO           MODE: declarations took 0 ms 
460891     DEBUG Test worker     d.u.i.k.n.KeyIO           MODE: 2nd degree decls took 0 
460891     INFO  Test worker     d.u.i.k.n.KeyIO           Parsing took 0 ms 
460891     DEBUG Test worker     d.u.i.k.n.KeyIO           Load declarations of de.uka.ilkd.key.nparser.KeyAst$File:  <unknown>:1#1 
460891     INFO  Test worker     d.u.i.k.n.KeyIO           MODE: declarations took 0 ms 
460891     DEBUG Test worker     d.u.i.k.n.KeyIO           MODE: 2nd degree decls took 0 
460891     INFO  Test worker     d.u.i.k.n.KeyIO           Parsing took 0 ms 
460891     DEBUG Test worker     d.u.i.k.n.KeyIO           Load declarations of de.uka.ilkd.key.nparser.KeyAst$File:  <unknown>:1#1 
460891     INFO  Test worker     d.u.i.k.n.KeyIO           MODE: declarations took 0 ms 
460891     DEBUG Test worker     d.u.i.k.n.KeyIO           MODE: 2nd degree decls took 0 
460891     INFO  Test worker     d.u.i.k.n.KeyIO           Parsing took 0 ms 
460891     DEBUG Test worker     d.u.i.k.n.KeyIO           Load declarations of de.uka.ilkd.key.nparser.KeyAst$File:  <unknown>:1#1 
460891     INFO  Test worker     d.u.i.k.n.KeyIO           MODE: declarations took 0 ms 
460891     DEBUG Test worker     d.u.i.k.n.KeyIO           MODE: 2nd degree decls took 0 
464323     INFO  Test worker     d.u.i.k.n.KeyIO           Parsing took 0 ms 
464323     DEBUG Test worker     d.u.i.k.n.KeyIO           Load declarations of de.uka.ilkd.key.nparser.KeyAst$File:  <unknown>:1#1 
464323     INFO  Test worker     d.u.i.k.n.KeyIO           MODE: declarations took 0 ms 
464323     DEBUG Test worker     d.u.i.k.n.KeyIO           MODE: 2nd degree decls took 0 
464323     INFO  Test worker     d.u.i.k.n.KeyIO           Parsing took 0 ms 
464323     DEBUG Test worker     d.u.i.k.n.KeyIO           Load declarations of de.uka.ilkd.key.nparser.KeyAst$File:  <unknown>:1#1 
464323     INFO  Test worker     d.u.i.k.n.KeyIO           MODE: declarations took 0 ms 
464323     DEBUG Test worker     d.u.i.k.n.KeyIO           MODE: 2nd degree decls took 0 
464323     INFO  Test worker     d.u.i.k.n.KeyIO           Parsing took 0 ms 
464323     DEBUG Test worker     d.u.i.k.n.KeyIO           Load declarations of de.uka.ilkd.key.nparser.KeyAst$File:  <unknown>:1#1 
464323     INFO  Test worker     d.u.i.k.n.KeyIO           MODE: declarations took 0 ms 
464323     DEBUG Test worker     d.u.i.k.n.KeyIO           MODE: 2nd degree decls took 0 
464323     INFO  Test worker     d.u.i.k.n.KeyIO           Parsing took 0 ms 
464323     DEBUG Test worker     d.u.i.k.n.KeyIO           Load declarations of de.uka.ilkd.key.nparser.KeyAst$File:  <unknown>:1#1 
464323     INFO  Test worker     d.u.i.k.n.KeyIO           MODE: declarations took 0 ms 
464323     DEBUG Test worker     d.u.i.k.n.KeyIO           MODE: 2nd degree decls took 0 
464323     INFO  Test worker     d.u.i.k.n.KeyIO           Parsing took 0 ms 
464323     DEBUG Test worker     d.u.i.k.n.KeyIO           Load declarations of de.uka.ilkd.key.nparser.KeyAst$File:  <unknown>:1#1 
464323     INFO  Test worker     d.u.i.k.n.KeyIO           MODE: declarations took 0 ms 
464323     DEBUG Test worker     d.u.i.k.n.KeyIO           MODE: 2nd degree decls took 0 
467761     INFO  Test worker     d.u.i.k.n.KeyIO           Parsing took 0 ms 
467761     DEBUG Test worker     d.u.i.k.n.KeyIO           Load declarations of de.uka.ilkd.key.nparser.KeyAst$File:  <unknown>:1#1 
467761     INFO  Test worker     d.u.i.k.n.KeyIO           MODE: declarations took 0 ms 
467761     DEBUG Test worker     d.u.i.k.n.KeyIO           MODE: 2nd degree decls took 0 
467761     INFO  Test worker     d.u.i.k.n.KeyIO           Parsing took 0 ms 
467761     DEBUG Test worker     d.u.i.k.n.KeyIO           Load declarations of de.uka.ilkd.key.nparser.KeyAst$File:  <unknown>:1#1 
467761     INFO  Test worker     d.u.i.k.n.KeyIO           MODE: declarations took 0 ms 
467761     DEBUG Test worker     d.u.i.k.n.KeyIO           MODE: 2nd degree decls took 0 
467761     INFO  Test worker     d.u.i.k.n.KeyIO           Parsing took 0 ms 
467761     DEBUG Test worker     d.u.i.k.n.KeyIO           Load declarations of de.uka.ilkd.key.nparser.KeyAst$File:  <unknown>:1#1 
467761     INFO  Test worker     d.u.i.k.n.KeyIO           MODE: declarations took 0 ms 
467761     DEBUG Test worker     d.u.i.k.n.KeyIO           MODE: 2nd degree decls took 0 
467761     INFO  Test worker     d.u.i.k.n.KeyIO           Parsing took 0 ms 
467761     DEBUG Test worker     d.u.i.k.n.KeyIO           Load declarations of de.uka.ilkd.key.nparser.KeyAst$File:  <unknown>:1#1 
467761     INFO  Test worker     d.u.i.k.n.KeyIO           MODE: declarations took 0 ms 
467761     DEBUG Test worker     d.u.i.k.n.KeyIO           MODE: 2nd degree decls took 0 
467761     INFO  Test worker     d.u.i.k.n.KeyIO           Parsing took 0 ms 
467761     DEBUG Test worker     d.u.i.k.n.KeyIO           Load declarations of de.uka.ilkd.key.nparser.KeyAst$File:  <unknown>:1#1 
467761     INFO  Test worker     d.u.i.k.n.KeyIO           MODE: declarations took 0 ms 
467761     DEBUG Test worker     d.u.i.k.n.KeyIO           MODE: 2nd degree decls took 0 
471256     INFO  Test worker     d.u.i.k.n.KeyIO           Parsing took 0 ms 
471256     DEBUG Test worker     d.u.i.k.n.KeyIO           Load declarations of de.uka.ilkd.key.nparser.KeyAst$File:  <unknown>:1#1 
471256     INFO  Test worker     d.u.i.k.n.KeyIO           MODE: declarations took 0 ms 
471256     DEBUG Test worker     d.u.i.k.n.KeyIO           MODE: 2nd degree decls took 0 
471256     INFO  Test worker     d.u.i.k.n.KeyIO           Parsing took 0 ms 
471256     DEBUG Test worker     d.u.i.k.n.KeyIO           Load declarations of de.uka.ilkd.key.nparser.KeyAst$File:  <unknown>:1#1 
471256     INFO  Test worker     d.u.i.k.n.KeyIO           MODE: declarations took 0 ms 
471256     DEBUG Test worker     d.u.i.k.n.KeyIO           MODE: 2nd degree decls took 0 
471256     INFO  Test worker     d.u.i.k.n.KeyIO           Parsing took 0 ms 
471256     DEBUG Test worker     d.u.i.k.n.KeyIO           Load declarations of de.uka.ilkd.key.nparser.KeyAst$File:  <unknown>:1#1 
471256     INFO  Test worker     d.u.i.k.n.KeyIO           MODE: declarations took 0 ms 
471256     DEBUG Test worker     d.u.i.k.n.KeyIO           MODE: 2nd degree decls took 0 
471256     INFO  Test worker     d.u.i.k.n.KeyIO           Parsing took 0 ms 
471256     DEBUG Test worker     d.u.i.k.n.KeyIO           Load declarations of de.uka.ilkd.key.nparser.KeyAst$File:  <unknown>:1#1 
471256     INFO  Test worker     d.u.i.k.n.KeyIO           MODE: declarations took 0 ms 
471256     DEBUG Test worker     d.u.i.k.n.KeyIO           MODE: 2nd degree decls took 0 
471256     INFO  Test worker     d.u.i.k.n.KeyIO           Parsing took 0 ms 
471256     DEBUG Test worker     d.u.i.k.n.KeyIO           Load declarations of de.uka.ilkd.key.nparser.KeyAst$File:  <unknown>:1#1 
471256     INFO  Test worker     d.u.i.k.n.KeyIO           MODE: declarations took 0 ms 
471256     DEBUG Test worker     d.u.i.k.n.KeyIO           MODE: 2nd degree decls took 0 
474747     INFO  Test worker     d.u.i.k.n.KeyIO           Parsing took 0 ms 
474747     DEBUG Test worker     d.u.i.k.n.KeyIO           Load declarations of de.uka.ilkd.key.nparser.KeyAst$File:  <unknown>:1#1 
474748     INFO  Test worker     d.u.i.k.n.KeyIO           MODE: declarations took 1 ms 
474748     DEBUG Test worker     d.u.i.k.n.KeyIO           MODE: 2nd degree decls took 0 
474748     INFO  Test worker     d.u.i.k.n.KeyIO           Parsing took 0 ms 
474748     DEBUG Test worker     d.u.i.k.n.KeyIO           Load declarations of de.uka.ilkd.key.nparser.KeyAst$File:  <unknown>:1#1 
474748     INFO  Test worker     d.u.i.k.n.KeyIO           MODE: declarations took 0 ms 
474748     DEBUG Test worker     d.u.i.k.n.KeyIO           MODE: 2nd degree decls took 0 
474748     INFO  Test worker     d.u.i.k.n.KeyIO           Parsing took 0 ms 
474748     DEBUG Test worker     d.u.i.k.n.KeyIO           Load declarations of de.uka.ilkd.key.nparser.KeyAst$File:  <unknown>:1#1 
474748     INFO  Test worker     d.u.i.k.n.KeyIO           MODE: declarations took 0 ms 
474748     DEBUG Test worker     d.u.i.k.n.KeyIO           MODE: 2nd degree decls took 0 
474748     INFO  Test worker     d.u.i.k.n.KeyIO           Parsing took 0 ms 
474748     DEBUG Test worker     d.u.i.k.n.KeyIO           Load declarations of de.uka.ilkd.key.nparser.KeyAst$File:  <unknown>:1#1 
474748     INFO  Test worker     d.u.i.k.n.KeyIO           MODE: declarations took 0 ms 
474748     DEBUG Test worker     d.u.i.k.n.KeyIO           MODE: 2nd degree decls took 0 
474748     INFO  Test worker     d.u.i.k.n.KeyIO           Parsing took 0 ms 
474748     DEBUG Test worker     d.u.i.k.n.KeyIO           Load declarations of de.uka.ilkd.key.nparser.KeyAst$File:  <unknown>:1#1 
474748     INFO  Test worker     d.u.i.k.n.KeyIO           MODE: declarations took 0 ms 
474748     DEBUG Test worker     d.u.i.k.n.KeyIO           MODE: 2nd degree decls took 0 
478354     INFO  Test worker     d.u.i.k.n.KeyIO           Parsing took 0 ms 
478354     DEBUG Test worker     d.u.i.k.n.KeyIO           Load declarations of de.uka.ilkd.key.nparser.KeyAst$File:  <unknown>:1#1 
478354     INFO  Test worker     d.u.i.k.n.KeyIO           MODE: declarations took 0 ms 
478354     DEBUG Test worker     d.u.i.k.n.KeyIO           MODE: 2nd degree decls took 0 
478354     INFO  Test worker     d.u.i.k.n.KeyIO           Parsing took 0 ms 
478354     DEBUG Test worker     d.u.i.k.n.KeyIO           Load declarations of de.uka.ilkd.key.nparser.KeyAst$File:  <unknown>:1#1 
478354     INFO  Test worker     d.u.i.k.n.KeyIO           MODE: declarations took 0 ms 
478354     DEBUG Test worker     d.u.i.k.n.KeyIO           MODE: 2nd degree decls took 0 
478354     INFO  Test worker     d.u.i.k.n.KeyIO           Parsing took 0 ms 
478354     DEBUG Test worker     d.u.i.k.n.KeyIO           Load declarations of de.uka.ilkd.key.nparser.KeyAst$File:  <unknown>:1#1 
478354     INFO  Test worker     d.u.i.k.n.KeyIO           MODE: declarations took 0 ms 
478354     DEBUG Test worker     d.u.i.k.n.KeyIO           MODE: 2nd degree decls took 0 
478354     INFO  Test worker     d.u.i.k.n.KeyIO           Parsing took 0 ms 
478354     DEBUG Test worker     d.u.i.k.n.KeyIO           Load declarations of de.uka.ilkd.key.nparser.KeyAst$File:  <unknown>:1#1 
478354     INFO  Test worker     d.u.i.k.n.KeyIO           MODE: declarations took 0 ms 
478354     DEBUG Test worker     d.u.i.k.n.KeyIO           MODE: 2nd degree decls took 0 
478354     INFO  Test worker     d.u.i.k.n.KeyIO           Parsing took 0 ms 
478354     DEBUG Test worker     d.u.i.k.n.KeyIO           Load declarations of de.uka.ilkd.key.nparser.KeyAst$File:  <unknown>:1#1 
478354     INFO  Test worker     d.u.i.k.n.KeyIO           MODE: declarations took 0 ms 
478354     DEBUG Test worker     d.u.i.k.n.KeyIO           MODE: 2nd degree decls took 0 
481849     INFO  Test worker     d.u.i.k.n.KeyIO           Parsing took 0 ms 
481849     DEBUG Test worker     d.u.i.k.n.KeyIO           Load declarations of de.uka.ilkd.key.nparser.KeyAst$File:  <unknown>:1#1 
481849     INFO  Test worker     d.u.i.k.n.KeyIO           MODE: declarations took 0 ms 
481849     DEBUG Test worker     d.u.i.k.n.KeyIO           MODE: 2nd degree decls took 0 
481850     INFO  Test worker     d.u.i.k.n.KeyIO           Parsing took 1 ms 
481850     DEBUG Test worker     d.u.i.k.n.KeyIO           Load declarations of de.uka.ilkd.key.nparser.KeyAst$File:  <unknown>:1#1 
481850     INFO  Test worker     d.u.i.k.n.KeyIO           MODE: declarations took 0 ms 
481850     DEBUG Test worker     d.u.i.k.n.KeyIO           MODE: 2nd degree decls took 0 
481850     INFO  Test worker     d.u.i.k.n.KeyIO           Parsing took 0 ms 
481850     DEBUG Test worker     d.u.i.k.n.KeyIO           Load declarations of de.uka.ilkd.key.nparser.KeyAst$File:  <unknown>:1#1 
481850     INFO  Test worker     d.u.i.k.n.KeyIO           MODE: declarations took 0 ms 
481850     DEBUG Test worker     d.u.i.k.n.KeyIO           MODE: 2nd degree decls took 0 
481850     INFO  Test worker     d.u.i.k.n.KeyIO           Parsing took 0 ms 
481850     DEBUG Test worker     d.u.i.k.n.KeyIO           Load declarations of de.uka.ilkd.key.nparser.KeyAst$File:  <unknown>:1#1 
481850     INFO  Test worker     d.u.i.k.n.KeyIO           MODE: declarations took 0 ms 
481850     DEBUG Test worker     d.u.i.k.n.KeyIO           MODE: 2nd degree decls took 0 
481850     INFO  Test worker     d.u.i.k.n.KeyIO           Parsing took 0 ms 
481850     DEBUG Test worker     d.u.i.k.n.KeyIO           Load declarations of de.uka.ilkd.key.nparser.KeyAst$File:  <unknown>:1#1 
481850     INFO  Test worker     d.u.i.k.n.KeyIO           MODE: declarations took 0 ms 
481850     DEBUG Test worker     d.u.i.k.n.KeyIO           MODE: 2nd degree decls took 0 
485230     INFO  Test worker     d.u.i.k.n.KeyIO           Parsing took 0 ms 
485230     DEBUG Test worker     d.u.i.k.n.KeyIO           Load declarations of de.uka.ilkd.key.nparser.KeyAst$File:  <unknown>:1#1 
485230     INFO  Test worker     d.u.i.k.n.KeyIO           MODE: declarations took 0 ms 
485230     DEBUG Test worker     d.u.i.k.n.KeyIO           MODE: 2nd degree decls took 0 
485230     INFO  Test worker     d.u.i.k.n.KeyIO           Parsing took 0 ms 
485230     DEBUG Test worker     d.u.i.k.n.KeyIO           Load declarations of de.uka.ilkd.key.nparser.KeyAst$File:  <unknown>:1#1 
485230     INFO  Test worker     d.u.i.k.n.KeyIO           MODE: declarations took 0 ms 
485230     DEBUG Test worker     d.u.i.k.n.KeyIO           MODE: 2nd degree decls took 0 
485230     INFO  Test worker     d.u.i.k.n.KeyIO           Parsing took 0 ms 
485230     DEBUG Test worker     d.u.i.k.n.KeyIO           Load declarations of de.uka.ilkd.key.nparser.KeyAst$File:  <unknown>:1#1 
485230     INFO  Test worker     d.u.i.k.n.KeyIO           MODE: declarations took 0 ms 
485230     DEBUG Test worker     d.u.i.k.n.KeyIO           MODE: 2nd degree decls took 0 
485230     INFO  Test worker     d.u.i.k.n.KeyIO           Parsing took 0 ms 
485230     DEBUG Test worker     d.u.i.k.n.KeyIO           Load declarations of de.uka.ilkd.key.nparser.KeyAst$File:  <unknown>:1#1 
485230     INFO  Test worker     d.u.i.k.n.KeyIO           MODE: declarations took 0 ms 
485230     DEBUG Test worker     d.u.i.k.n.KeyIO           MODE: 2nd degree decls took 0 
485230     INFO  Test worker     d.u.i.k.n.KeyIO           Parsing took 0 ms 
485230     DEBUG Test worker     d.u.i.k.n.KeyIO           Load declarations of de.uka.ilkd.key.nparser.KeyAst$File:  <unknown>:1#1 
485230     INFO  Test worker     d.u.i.k.n.KeyIO           MODE: declarations took 0 ms 
485230     DEBUG Test worker     d.u.i.k.n.KeyIO           MODE: 2nd degree decls took 0 
]]></system-out>
  <system-err><![CDATA[]]></system-err>
</testsuite>
