<?xml version="1.0" encoding="UTF-8"?>
<testsuite name="de.uka.ilkd.key.parser.TestTacletParser" tests="20" skipped="0" failures="0" errors="0" timestamp="2023-05-26T21:45:36" hostname="fv-az564-471" time="0.169">
  <properties/>
  <testcase name="testAllRight()" classname="de.uka.ilkd.key.parser.TestTacletParser" time="0.009"/>
  <testcase name="testSchemaJava0()" classname="de.uka.ilkd.key.parser.TestTacletParser" time="0.009"/>
  <testcase name="testSchemaJava1()" classname="de.uka.ilkd.key.parser.TestTacletParser" time="0.015"/>
  <testcase name="testSchemaJava2()" classname="de.uka.ilkd.key.parser.TestTacletParser" time="0.02"/>
  <testcase name="testSchemaJava4()" classname="de.uka.ilkd.key.parser.TestTacletParser" time="0.006"/>
  <testcase name="testSchemaJava6()" classname="de.uka.ilkd.key.parser.TestTacletParser" time="0.005"/>
  <testcase name="testSchemaJava8()" classname="de.uka.ilkd.key.parser.TestTacletParser" time="0.004"/>
  <testcase name="testCut()" classname="de.uka.ilkd.key.parser.TestTacletParser" time="0.006"/>
  <testcase name="testMakeInsertEq()" classname="de.uka.ilkd.key.parser.TestTacletParser" time="0.006"/>
  <testcase name="testAllLeft()" classname="de.uka.ilkd.key.parser.TestTacletParser" time="0.004"/>
  <testcase name="testClose()" classname="de.uka.ilkd.key.parser.TestTacletParser" time="0.004"/>
  <testcase name="testSchemaJava10()" classname="de.uka.ilkd.key.parser.TestTacletParser" time="0.005"/>
  <testcase name="testSchemaJava11()" classname="de.uka.ilkd.key.parser.TestTacletParser" time="0.014"/>
  <testcase name="testFIdempotent()" classname="de.uka.ilkd.key.parser.TestTacletParser" time="0.005"/>
  <testcase name="testImpRight()" classname="de.uka.ilkd.key.parser.TestTacletParser" time="0.004"/>
  <testcase name="testVarcondNew()" classname="de.uka.ilkd.key.parser.TestTacletParser" time="0.006"/>
  <testcase name="testFreeReplacewithVariables()" classname="de.uka.ilkd.key.parser.TestTacletParser" time="0.016"/>
  <testcase name="testImpLeft()" classname="de.uka.ilkd.key.parser.TestTacletParser" time="0.005"/>
  <testcase name="testContraposition()" classname="de.uka.ilkd.key.parser.TestTacletParser" time="0.004"/>
  <testcase name="testExConjSplit()" classname="de.uka.ilkd.key.parser.TestTacletParser" time="0.011"/>
  <system-out><![CDATA[346316     INFO  Test worker     d.u.i.k.n.KeyIO           Parsing took 0 ms 
346316     DEBUG Test worker     d.u.i.k.n.KeyIO           Load declarations of de.uka.ilkd.key.nparser.KeyAst$File:  <unknown>:1#1 
346317     INFO  Test worker     d.u.i.k.n.KeyIO           MODE: declarations took 1 ms 
346317     DEBUG Test worker     d.u.i.k.n.KeyIO           MODE: 2nd degree decls took 0 
346318     DEBUG Test worker     d.u.i.k.n.KeyIO           MODE: taclets took 0ms 
346320     INFO  Test worker     d.u.i.k.n.KeyIO           Parsing took 1 ms 
346320     DEBUG Test worker     d.u.i.k.n.KeyIO           Load declarations of de.uka.ilkd.key.nparser.KeyAst$File:  <unknown>:2#1 
346320     INFO  Test worker     d.u.i.k.n.KeyIO           MODE: declarations took 0 ms 
346320     DEBUG Test worker     d.u.i.k.n.KeyIO           MODE: 2nd degree decls took 0 
346321     DEBUG Test worker     d.u.i.k.n.KeyIO           MODE: taclets took 0ms 
346325     INFO  Test worker     d.u.i.k.n.KeyIO           Parsing took 0 ms 
346326     DEBUG Test worker     d.u.i.k.n.KeyIO           Load declarations of de.uka.ilkd.key.nparser.KeyAst$File:  <unknown>:1#1 
346326     INFO  Test worker     d.u.i.k.n.KeyIO           MODE: declarations took 0 ms 
346326     DEBUG Test worker     d.u.i.k.n.KeyIO           MODE: 2nd degree decls took 0 
346328     DEBUG Test worker     d.u.i.k.n.KeyIO           MODE: taclets took 1ms 
346328     INFO  Test worker     d.u.i.k.n.KeyIO           Parsing took 0 ms 
346328     DEBUG Test worker     d.u.i.k.n.KeyIO           Load declarations of de.uka.ilkd.key.nparser.KeyAst$File:  <unknown>:2#1 
346328     INFO  Test worker     d.u.i.k.n.KeyIO           MODE: declarations took 0 ms 
346328     DEBUG Test worker     d.u.i.k.n.KeyIO           MODE: 2nd degree decls took 0 
346331     DEBUG Test worker     d.u.i.k.n.KeyIO           MODE: taclets took 1ms 
346336     INFO  Test worker     d.u.i.k.n.KeyIO           Parsing took 1 ms 
346336     DEBUG Test worker     d.u.i.k.n.KeyIO           Load declarations of de.uka.ilkd.key.nparser.KeyAst$File:  <unknown>:1#1 
346336     INFO  Test worker     d.u.i.k.n.KeyIO           MODE: declarations took 0 ms 
346336     DEBUG Test worker     d.u.i.k.n.KeyIO           MODE: 2nd degree decls took 0 
346337     DEBUG Test worker     d.u.i.k.n.KeyIO           MODE: taclets took 0ms 
346338     WARN  Test worker     d.u.i.k.n.KeYParser       [syntax-error] <unknown>:2:21: extraneous input '<' expecting {MODALITY, FORALL, EXISTS, '\if', '\ifEx', 'true', 'false', '(', ')', '{', '@', NOT, '-', STRING_LITERAL, CHAR_LITERAL, BIN_LITERAL, HEX_LITERAL, IDENT, INT_LITERAL, FLOAT_LITERAL, DOUBLE_LITERAL, REAL_LITERAL} [@12,22:22='<',<173>,2:21] (argument_list, call, accessterm, primitive_term, primitive_labeled_term, bracket_term, atom_prefix, strong_arith_term_2, strong_arith_term_1, weak_arith_term, comparison_term, equality_term, term60, conjunction_term, disjunction_term, implication_term, equivalence_term, elementary_update_term, parallel_term, term, taclet, rulesOrAxioms, decls, file) 
346345     WARN  Test worker     d.u.i.k.n.KeYParser       [syntax-error] <unknown>:2:23: no viable alternative at input '{..' [@14,24:25='..',<144>,2:23] (atom_prefix, strong_arith_term_2, strong_arith_term_1, weak_arith_term, comparison_term, equality_term, term60, conjunction_term, disjunction_term, implication_term, equivalence_term, elementary_update_term, parallel_term, term, argument_list, call, accessterm, primitive_term, primitive_labeled_term, bracket_term, atom_prefix, strong_arith_term_2, strong_arith_term_1, weak_arith_term, comparison_term, equality_term, term60, conjunction_term, disjunction_term, implication_term, equivalence_term, elementary_update_term, parallel_term, term, taclet, rulesOrAxioms, decls, file) 
346349     WARN  Test worker     d.u.i.k.n.KeYParser       [syntax-error] <unknown>:2:33: mismatched input ';' expecting {',', ')'} [@21,34:34=';',<138>,2:33] (argument_list, call, accessterm, primitive_term, primitive_labeled_term, bracket_term, atom_prefix, strong_arith_term_2, strong_arith_term_1, weak_arith_term, comparison_term, equality_term, term60, conjunction_term, disjunction_term, implication_term, equivalence_term, elementary_update_term, parallel_term, term, taclet, rulesOrAxioms, decls, file) 
346350     WARN  Test worker     d.u.i.k.n.KeYParser       [syntax-error] <unknown>:2:41: no viable alternative at input '#i;' [@26,42:42=';',<138>,2:41] (option_list, taclet, rulesOrAxioms, decls, file) 
346350     WARN  Test worker     d.u.i.k.n.KeYParser       [syntax-error] <unknown>:2:43: mismatched input '<' expecting {'(', '{'} [@28,44:44='<',<173>,2:43] (taclet, rulesOrAxioms, decls, file) 
346350     WARN  Test worker     d.u.i.k.n.KeYParser       [syntax-error] <unknown>:2:47: mismatched input '+' expecting {'(', '{'} [@32,48:48='+',<167>,2:47] (taclet, rulesOrAxioms, decls, file) 
346350     WARN  Test worker     d.u.i.k.n.KeYParser       [syntax-error] <unknown>:2:52: extraneous input '..' expecting {'\lemma', '}', IDENT, '/*!'} [@37,53:54='..',<144>,2:52] (rulesOrAxioms, decls, file) 
346350     WARN  Test worker     d.u.i.k.n.KeYParser       [syntax-error] <unknown>:2:56: mismatched input '>' expecting {<EOF>, '\problem', '\chooseContract', '\proofObligation', '\proof'} [@40,57:57='>',<168>,2:56] (file) 
346365     INFO  Test worker     d.u.i.k.n.KeyIO           Parsing took 14 ms 
346365     DEBUG Test worker     d.u.i.k.n.KeyIO           Load declarations of de.uka.ilkd.key.nparser.KeyAst$File:  <unknown>:1#1 
346366     INFO  Test worker     d.u.i.k.n.KeyIO           MODE: declarations took 1 ms 
346366     DEBUG Test worker     d.u.i.k.n.KeyIO           MODE: 2nd degree decls took 0 
346367     DEBUG Test worker     d.u.i.k.n.KeyIO           MODE: taclets took 0ms 
346368     WARN  Test worker     d.u.i.k.n.KeYParser       [syntax-error] <unknown>:2:21: extraneous input '<' expecting {MODALITY, FORALL, EXISTS, '\if', '\ifEx', 'true', 'false', '(', ')', '{', '@', NOT, '-', STRING_LITERAL, CHAR_LITERAL, BIN_LITERAL, HEX_LITERAL, IDENT, INT_LITERAL, FLOAT_LITERAL, DOUBLE_LITERAL, REAL_LITERAL} [@12,22:22='<',<173>,2:21] (argument_list, call, accessterm, primitive_term, primitive_labeled_term, bracket_term, atom_prefix, strong_arith_term_2, strong_arith_term_1, weak_arith_term, comparison_term, equality_term, term60, conjunction_term, disjunction_term, implication_term, equivalence_term, elementary_update_term, parallel_term, term, taclet, rulesOrAxioms, decls, file) 
346369     WARN  Test worker     d.u.i.k.n.KeYParser       [syntax-error] <unknown>:2:23: no viable alternative at input '{..' [@14,24:25='..',<144>,2:23] (atom_prefix, strong_arith_term_2, strong_arith_term_1, weak_arith_term, comparison_term, equality_term, term60, conjunction_term, disjunction_term, implication_term, equivalence_term, elementary_update_term, parallel_term, term, argument_list, call, accessterm, primitive_term, primitive_labeled_term, bracket_term, atom_prefix, strong_arith_term_2, strong_arith_term_1, weak_arith_term, comparison_term, equality_term, term60, conjunction_term, disjunction_term, implication_term, equivalence_term, elementary_update_term, parallel_term, term, taclet, rulesOrAxioms, decls, file) 
346370     WARN  Test worker     d.u.i.k.n.KeYParser       [syntax-error] <unknown>:2:33: mismatched input ';' expecting {',', ')'} [@21,34:34=';',<138>,2:33] (argument_list, call, accessterm, primitive_term, primitive_labeled_term, bracket_term, atom_prefix, strong_arith_term_2, strong_arith_term_1, weak_arith_term, comparison_term, equality_term, term60, conjunction_term, disjunction_term, implication_term, equivalence_term, elementary_update_term, parallel_term, term, taclet, rulesOrAxioms, decls, file) 
346370     WARN  Test worker     d.u.i.k.n.KeYParser       [syntax-error] <unknown>:2:43: no viable alternative at input '#lab;' [@26,44:44=';',<138>,2:43] (option_list, taclet, rulesOrAxioms, decls, file) 
346370     WARN  Test worker     d.u.i.k.n.KeYParser       [syntax-error] <unknown>:2:45: mismatched input '<' expecting {'(', '{'} [@28,46:46='<',<173>,2:45] (taclet, rulesOrAxioms, decls, file) 
346370     WARN  Test worker     d.u.i.k.n.KeYParser       [syntax-error] <unknown>:2:50: mismatched input '+' expecting {'(', '{'} [@32,51:51='+',<167>,2:50] (taclet, rulesOrAxioms, decls, file) 
346370     WARN  Test worker     d.u.i.k.n.KeYParser       [syntax-error] <unknown>:2:56: extraneous input '..' expecting {'\lemma', '}', IDENT, '/*!'} [@38,57:58='..',<144>,2:56] (rulesOrAxioms, decls, file) 
346370     WARN  Test worker     d.u.i.k.n.KeYParser       [syntax-error] <unknown>:2:60: mismatched input '>' expecting {<EOF>, '\problem', '\chooseContract', '\proofObligation', '\proof'} [@41,61:61='>',<168>,2:60] (file) 
346372     INFO  Test worker     d.u.i.k.n.KeyIO           Parsing took 0 ms 
346373     DEBUG Test worker     d.u.i.k.n.KeyIO           Load declarations of de.uka.ilkd.key.nparser.KeyAst$File:  <unknown>:1#1 
346373     INFO  Test worker     d.u.i.k.n.KeyIO           MODE: declarations took 0 ms 
346373     DEBUG Test worker     d.u.i.k.n.KeyIO           MODE: 2nd degree decls took 0 
346374     DEBUG Test worker     d.u.i.k.n.KeyIO           MODE: taclets took 0ms 
346374     INFO  Test worker     d.u.i.k.n.KeyIO           Parsing took 0 ms 
346375     DEBUG Test worker     d.u.i.k.n.KeyIO           Load declarations of de.uka.ilkd.key.nparser.KeyAst$File:  <unknown>:2#1 
346376     INFO  Test worker     d.u.i.k.n.KeyIO           MODE: declarations took 1 ms 
346376     DEBUG Test worker     d.u.i.k.n.KeyIO           MODE: 2nd degree decls took 0 
346377     DEBUG Test worker     d.u.i.k.n.KeyIO           MODE: taclets took 1ms 
346379     INFO  Test worker     d.u.i.k.n.KeyIO           Parsing took 1 ms 
346379     DEBUG Test worker     d.u.i.k.n.KeyIO           Load declarations of de.uka.ilkd.key.nparser.KeyAst$File:  <unknown>:1#1 
346379     INFO  Test worker     d.u.i.k.n.KeyIO           MODE: declarations took 0 ms 
346380     DEBUG Test worker     d.u.i.k.n.KeyIO           MODE: 2nd degree decls took 0 
346380     DEBUG Test worker     d.u.i.k.n.KeyIO           MODE: taclets took 0ms 
346381     INFO  Test worker     d.u.i.k.n.KeyIO           Parsing took 0 ms 
346381     DEBUG Test worker     d.u.i.k.n.KeyIO           Load declarations of de.uka.ilkd.key.nparser.KeyAst$File:  <unknown>:2#1 
346381     INFO  Test worker     d.u.i.k.n.KeyIO           MODE: declarations took 0 ms 
346381     DEBUG Test worker     d.u.i.k.n.KeyIO           MODE: 2nd degree decls took 0 
346383     DEBUG Test worker     d.u.i.k.n.KeyIO           MODE: taclets took 1ms 
346384     INFO  Test worker     d.u.i.k.n.KeyIO           Parsing took 0 ms 
346384     DEBUG Test worker     d.u.i.k.n.KeyIO           Load declarations of de.uka.ilkd.key.nparser.KeyAst$File:  <unknown>:1#1 
346384     INFO  Test worker     d.u.i.k.n.KeyIO           MODE: declarations took 0 ms 
346385     DEBUG Test worker     d.u.i.k.n.KeyIO           MODE: 2nd degree decls took 0 
346386     DEBUG Test worker     d.u.i.k.n.KeyIO           MODE: taclets took 0ms 
346386     INFO  Test worker     d.u.i.k.n.KeyIO           Parsing took 0 ms 
346386     DEBUG Test worker     d.u.i.k.n.KeyIO           Load declarations of de.uka.ilkd.key.nparser.KeyAst$File:  <unknown>:2#1 
346387     INFO  Test worker     d.u.i.k.n.KeyIO           MODE: declarations took 1 ms 
346387     DEBUG Test worker     d.u.i.k.n.KeyIO           MODE: 2nd degree decls took 0 
346388     DEBUG Test worker     d.u.i.k.n.KeyIO           MODE: taclets took 1ms 
346389     INFO  Test worker     d.u.i.k.n.KeyIO           Parsing took 1 ms 
346389     DEBUG Test worker     d.u.i.k.n.KeyIO           Load declarations of de.uka.ilkd.key.nparser.KeyAst$File:  <unknown>:1#1 
346389     INFO  Test worker     d.u.i.k.n.KeyIO           MODE: declarations took 0 ms 
346389     DEBUG Test worker     d.u.i.k.n.KeyIO           MODE: 2nd degree decls took 0 
346390     DEBUG Test worker     d.u.i.k.n.KeyIO           MODE: taclets took 0ms 
346392     INFO  Test worker     d.u.i.k.n.KeyIO           Parsing took 0 ms 
346392     DEBUG Test worker     d.u.i.k.n.KeyIO           Load declarations of de.uka.ilkd.key.nparser.KeyAst$File:  <unknown>:2#1 
346393     INFO  Test worker     d.u.i.k.n.KeyIO           MODE: declarations took 1 ms 
346393     DEBUG Test worker     d.u.i.k.n.KeyIO           MODE: 2nd degree decls took 0 
346394     DEBUG Test worker     d.u.i.k.n.KeyIO           MODE: taclets took 0ms 
346396     INFO  Test worker     d.u.i.k.n.KeyIO           Parsing took 0 ms 
346397     DEBUG Test worker     d.u.i.k.n.KeyIO           Load declarations of de.uka.ilkd.key.nparser.KeyAst$File:  <unknown>:1#1 
346397     INFO  Test worker     d.u.i.k.n.KeyIO           MODE: declarations took 0 ms 
346397     DEBUG Test worker     d.u.i.k.n.KeyIO           MODE: 2nd degree decls took 0 
346399     DEBUG Test worker     d.u.i.k.n.KeyIO           MODE: taclets took 0ms 
346399     INFO  Test worker     d.u.i.k.n.KeyIO           Parsing took 0 ms 
346400     DEBUG Test worker     d.u.i.k.n.KeyIO           Load declarations of de.uka.ilkd.key.nparser.KeyAst$File:  <unknown>:2#1 
346400     INFO  Test worker     d.u.i.k.n.KeyIO           MODE: declarations took 0 ms 
346400     DEBUG Test worker     d.u.i.k.n.KeyIO           MODE: 2nd degree decls took 0 
346401     DEBUG Test worker     d.u.i.k.n.KeyIO           MODE: taclets took 0ms 
346402     INFO  Test worker     d.u.i.k.n.KeyIO           Parsing took 0 ms 
346402     DEBUG Test worker     d.u.i.k.n.KeyIO           Load declarations of de.uka.ilkd.key.nparser.KeyAst$File:  <unknown>:1#1 
346403     INFO  Test worker     d.u.i.k.n.KeyIO           MODE: declarations took 1 ms 
346403     DEBUG Test worker     d.u.i.k.n.KeyIO           MODE: 2nd degree decls took 0 
346403     DEBUG Test worker     d.u.i.k.n.KeyIO           MODE: taclets took 0ms 
346404     INFO  Test worker     d.u.i.k.n.KeyIO           Parsing took 0 ms 
346404     DEBUG Test worker     d.u.i.k.n.KeyIO           Load declarations of de.uka.ilkd.key.nparser.KeyAst$File:  <unknown>:2#1 
346404     INFO  Test worker     d.u.i.k.n.KeyIO           MODE: declarations took 0 ms 
346405     DEBUG Test worker     d.u.i.k.n.KeyIO           MODE: 2nd degree decls took 0 
346405     DEBUG Test worker     d.u.i.k.n.KeyIO           MODE: taclets took 0ms 
346407     INFO  Test worker     d.u.i.k.n.KeyIO           Parsing took 0 ms 
346407     DEBUG Test worker     d.u.i.k.n.KeyIO           Load declarations of de.uka.ilkd.key.nparser.KeyAst$File:  <unknown>:1#1 
346407     INFO  Test worker     d.u.i.k.n.KeyIO           MODE: declarations took 0 ms 
346408     DEBUG Test worker     d.u.i.k.n.KeyIO           MODE: 2nd degree decls took 0 
346408     DEBUG Test worker     d.u.i.k.n.KeyIO           MODE: taclets took 0ms 
346409     INFO  Test worker     d.u.i.k.n.KeyIO           Parsing took 0 ms 
346409     DEBUG Test worker     d.u.i.k.n.KeyIO           Load declarations of de.uka.ilkd.key.nparser.KeyAst$File:  <unknown>:2#1 
346409     INFO  Test worker     d.u.i.k.n.KeyIO           MODE: declarations took 0 ms 
346409     DEBUG Test worker     d.u.i.k.n.KeyIO           MODE: 2nd degree decls took 0 
346410     DEBUG Test worker     d.u.i.k.n.KeyIO           MODE: taclets took 0ms 
346411     INFO  Test worker     d.u.i.k.n.KeyIO           Parsing took 0 ms 
346411     DEBUG Test worker     d.u.i.k.n.KeyIO           Load declarations of de.uka.ilkd.key.nparser.KeyAst$File:  <unknown>:1#1 
346412     INFO  Test worker     d.u.i.k.n.KeyIO           MODE: declarations took 1 ms 
346412     DEBUG Test worker     d.u.i.k.n.KeyIO           MODE: 2nd degree decls took 0 
346413     DEBUG Test worker     d.u.i.k.n.KeyIO           MODE: taclets took 1ms 
346413     INFO  Test worker     d.u.i.k.n.KeyIO           Parsing took 0 ms 
346413     DEBUG Test worker     d.u.i.k.n.KeyIO           Load declarations of de.uka.ilkd.key.nparser.KeyAst$File:  <unknown>:2#1 
346413     INFO  Test worker     d.u.i.k.n.KeyIO           MODE: declarations took 0 ms 
346414     DEBUG Test worker     d.u.i.k.n.KeyIO           MODE: 2nd degree decls took 0 
346415     DEBUG Test worker     d.u.i.k.n.KeyIO           MODE: taclets took 1ms 
346416     INFO  Test worker     d.u.i.k.n.KeyIO           Parsing took 0 ms 
346416     DEBUG Test worker     d.u.i.k.n.KeyIO           Load declarations of de.uka.ilkd.key.nparser.KeyAst$File:  <unknown>:1#1 
346417     INFO  Test worker     d.u.i.k.n.KeyIO           MODE: declarations took 1 ms 
346417     DEBUG Test worker     d.u.i.k.n.KeyIO           MODE: 2nd degree decls took 0 
346417     DEBUG Test worker     d.u.i.k.n.KeyIO           MODE: taclets took 0ms 
346419     INFO  Test worker     d.u.i.k.n.KeyIO           Parsing took 1 ms 
346426     DEBUG Test worker     d.u.i.k.n.KeyIO           Load declarations of de.uka.ilkd.key.nparser.KeyAst$File:  <unknown>:2#1 
346426     INFO  Test worker     d.u.i.k.n.KeyIO           MODE: declarations took 0 ms 
346426     DEBUG Test worker     d.u.i.k.n.KeyIO           MODE: 2nd degree decls took 0 
346429     DEBUG Test worker     d.u.i.k.n.KeyIO           MODE: taclets took 2ms 
346430     INFO  Test worker     d.u.i.k.n.KeyIO           Parsing took 0 ms 
346431     DEBUG Test worker     d.u.i.k.n.KeyIO           Load declarations of de.uka.ilkd.key.nparser.KeyAst$File:  <unknown>:1#1 
346431     INFO  Test worker     d.u.i.k.n.KeyIO           MODE: declarations took 0 ms 
346432     DEBUG Test worker     d.u.i.k.n.KeyIO           MODE: 2nd degree decls took 0 
346432     DEBUG Test worker     d.u.i.k.n.KeyIO           MODE: taclets took 0ms 
346433     INFO  Test worker     d.u.i.k.n.KeyIO           Parsing took 0 ms 
346433     DEBUG Test worker     d.u.i.k.n.KeyIO           Load declarations of de.uka.ilkd.key.nparser.KeyAst$File:  <unknown>:2#1 
346433     INFO  Test worker     d.u.i.k.n.KeyIO           MODE: declarations took 0 ms 
346433     DEBUG Test worker     d.u.i.k.n.KeyIO           MODE: 2nd degree decls took 0 
346434     DEBUG Test worker     d.u.i.k.n.KeyIO           MODE: taclets took 0ms 
346435     INFO  Test worker     d.u.i.k.n.KeyIO           Parsing took 0 ms 
346435     DEBUG Test worker     d.u.i.k.n.KeyIO           Load declarations of de.uka.ilkd.key.nparser.KeyAst$File:  <unknown>:1#1 
346435     INFO  Test worker     d.u.i.k.n.KeyIO           MODE: declarations took 0 ms 
346436     DEBUG Test worker     d.u.i.k.n.KeyIO           MODE: 2nd degree decls took 1 
346437     DEBUG Test worker     d.u.i.k.n.KeyIO           MODE: taclets took 1ms 
346437     INFO  Test worker     d.u.i.k.n.KeyIO           Parsing took 0 ms 
346438     DEBUG Test worker     d.u.i.k.n.KeyIO           Load declarations of de.uka.ilkd.key.nparser.KeyAst$File:  <unknown>:2#1 
346438     INFO  Test worker     d.u.i.k.n.KeyIO           MODE: declarations took 0 ms 
346438     DEBUG Test worker     d.u.i.k.n.KeyIO           MODE: 2nd degree decls took 0 
346438     DEBUG Test worker     d.u.i.k.n.KeyIO           MODE: taclets took 0ms 
346441     INFO  Test worker     d.u.i.k.n.KeyIO           Parsing took 0 ms 
346442     DEBUG Test worker     d.u.i.k.n.KeyIO           Load declarations of de.uka.ilkd.key.nparser.KeyAst$File:  <unknown>:1#1 
346442     INFO  Test worker     d.u.i.k.n.KeyIO           MODE: declarations took 0 ms 
346442     DEBUG Test worker     d.u.i.k.n.KeyIO           MODE: 2nd degree decls took 0 
346443     DEBUG Test worker     d.u.i.k.n.KeyIO           MODE: taclets took 0ms 
346444     INFO  Test worker     d.u.i.k.n.KeyIO           Parsing took 1 ms 
346444     DEBUG Test worker     d.u.i.k.n.KeyIO           Load declarations of de.uka.ilkd.key.nparser.KeyAst$File:  <unknown>:2#1 
346444     INFO  Test worker     d.u.i.k.n.KeyIO           MODE: declarations took 0 ms 
346444     DEBUG Test worker     d.u.i.k.n.KeyIO           MODE: 2nd degree decls took 0 
346445     DEBUG Test worker     d.u.i.k.n.KeyIO           MODE: taclets took 0ms 
346445     INFO  Test worker     d.u.i.k.n.KeyIO           Parsing took 0 ms 
346445     DEBUG Test worker     d.u.i.k.n.KeyIO           Load declarations of de.uka.ilkd.key.nparser.KeyAst$File:  <unknown>:2#1 
346446     INFO  Test worker     d.u.i.k.n.KeyIO           MODE: declarations took 1 ms 
346446     DEBUG Test worker     d.u.i.k.n.KeyIO           MODE: 2nd degree decls took 0 
346447     DEBUG Test worker     d.u.i.k.n.KeyIO           MODE: taclets took 1ms 
346448     INFO  Test worker     d.u.i.k.n.KeyIO           Parsing took 0 ms 
346448     DEBUG Test worker     d.u.i.k.n.KeyIO           Load declarations of de.uka.ilkd.key.nparser.KeyAst$File:  <unknown>:1#1 
346448     INFO  Test worker     d.u.i.k.n.KeyIO           MODE: declarations took 0 ms 
346448     DEBUG Test worker     d.u.i.k.n.KeyIO           MODE: 2nd degree decls took 0 
346449     DEBUG Test worker     d.u.i.k.n.KeyIO           MODE: taclets took 0ms 
346449     INFO  Test worker     d.u.i.k.n.KeyIO           Parsing took 0 ms 
346461     DEBUG Test worker     d.u.i.k.n.KeyIO           Load declarations of de.uka.ilkd.key.nparser.KeyAst$File:  <unknown>:2#1 
346462     INFO  Test worker     d.u.i.k.n.KeyIO           MODE: declarations took 0 ms 
346462     DEBUG Test worker     d.u.i.k.n.KeyIO           MODE: 2nd degree decls took 0 
346465     INFO  Test worker     d.u.i.k.n.KeyIO           Parsing took 1 ms 
346465     DEBUG Test worker     d.u.i.k.n.KeyIO           Load declarations of de.uka.ilkd.key.nparser.KeyAst$File:  <unknown>:1#1 
346465     INFO  Test worker     d.u.i.k.n.KeyIO           MODE: declarations took 0 ms 
346466     DEBUG Test worker     d.u.i.k.n.KeyIO           MODE: 2nd degree decls took 1 
346466     DEBUG Test worker     d.u.i.k.n.KeyIO           MODE: taclets took 0ms 
346467     INFO  Test worker     d.u.i.k.n.KeyIO           Parsing took 0 ms 
346467     DEBUG Test worker     d.u.i.k.n.KeyIO           Load declarations of de.uka.ilkd.key.nparser.KeyAst$File:  <unknown>:2#1 
346467     INFO  Test worker     d.u.i.k.n.KeyIO           MODE: declarations took 0 ms 
346467     DEBUG Test worker     d.u.i.k.n.KeyIO           MODE: 2nd degree decls took 0 
346468     DEBUG Test worker     d.u.i.k.n.KeyIO           MODE: taclets took 0ms 
346470     INFO  Test worker     d.u.i.k.n.KeyIO           Parsing took 0 ms 
346470     DEBUG Test worker     d.u.i.k.n.KeyIO           Load declarations of de.uka.ilkd.key.nparser.KeyAst$File:  <unknown>:1#1 
346470     INFO  Test worker     d.u.i.k.n.KeyIO           MODE: declarations took 0 ms 
346470     DEBUG Test worker     d.u.i.k.n.KeyIO           MODE: 2nd degree decls took 0 
346471     DEBUG Test worker     d.u.i.k.n.KeyIO           MODE: taclets took 0ms 
346472     INFO  Test worker     d.u.i.k.n.KeyIO           Parsing took 1 ms 
346472     DEBUG Test worker     d.u.i.k.n.KeyIO           Load declarations of de.uka.ilkd.key.nparser.KeyAst$File:  <unknown>:2#1 
346472     INFO  Test worker     d.u.i.k.n.KeyIO           MODE: declarations took 0 ms 
346472     DEBUG Test worker     d.u.i.k.n.KeyIO           MODE: 2nd degree decls took 0 
346473     DEBUG Test worker     d.u.i.k.n.KeyIO           MODE: taclets took 0ms 
346477     INFO  Test worker     d.u.i.k.n.KeyIO           Parsing took 0 ms 
346477     DEBUG Test worker     d.u.i.k.n.KeyIO           Load declarations of de.uka.ilkd.key.nparser.KeyAst$File:  <unknown>:1#1 
346478     INFO  Test worker     d.u.i.k.n.KeyIO           MODE: declarations took 1 ms 
346478     DEBUG Test worker     d.u.i.k.n.KeyIO           MODE: 2nd degree decls took 0 
346479     DEBUG Test worker     d.u.i.k.n.KeyIO           MODE: taclets took 1ms 
346480     INFO  Test worker     d.u.i.k.n.KeyIO           Parsing took 1 ms 
346480     DEBUG Test worker     d.u.i.k.n.KeyIO           Load declarations of de.uka.ilkd.key.nparser.KeyAst$File:  <unknown>:2#1 
346480     INFO  Test worker     d.u.i.k.n.KeyIO           MODE: declarations took 0 ms 
346480     DEBUG Test worker     d.u.i.k.n.KeyIO           MODE: 2nd degree decls took 0 
346482     DEBUG Test worker     d.u.i.k.n.KeyIO           MODE: taclets took 1ms 
]]></system-out>
  <system-err><![CDATA[]]></system-err>
</testsuite>
