<?xml version="1.0" encoding="UTF-8"?>
<testsuite name="de.uka.ilkd.key.rule.merge.PredicateAbstractionLatticeTests" tests="3" skipped="0" failures="0" errors="0" timestamp="2023-05-26T21:50:09" hostname="fv-az564-471" time="6.951">
  <properties/>
  <testcase name="testToAndFromString()" classname="de.uka.ilkd.key.rule.merge.PredicateAbstractionLatticeTests" time="3.447"/>
  <testcase name="testCreateSignLatticeWithPredicates()" classname="de.uka.ilkd.key.rule.merge.PredicateAbstractionLatticeTests" time="3.504"/>
  <testcase name="testTrivialPredicatesLattice()" classname="de.uka.ilkd.key.rule.merge.PredicateAbstractionLatticeTests" time="0.0"/>
  <system-out><![CDATA[619841     INFO  Test worker     d.u.i.k.p.i.AbstractProblemLoader Loading environment from src/test/resources/testcase/merge/dummy.key 
619842     DEBUG Test worker     d.u.i.k.p.i.AbstractProblemLoader Environment load took 83.8ns 
619842     INFO  Test worker     d.u.i.k.p.i.AbstractProblemLoader Creating init config 
623268     DEBUG Test worker     d.u.i.k.p.i.AbstractProblemLoader Init config took 3.43s 
623282     INFO  Test worker     d.u.i.k.p.i.AbstractProblemLoader Replaying proof dummy.key 
623285     DEBUG Test worker     d.u.i.k.p.i.IntermediateProofReplayer Proof replay took 25.1ns 
623287     INFO  Test worker     d.u.i.k.p.i.AbstractProblemLoader Loading environment from src/test/resources/testcase/merge/dummy.key 
623288     DEBUG Test worker     d.u.i.k.p.i.AbstractProblemLoader Environment load took 75.9ns 
623288     INFO  Test worker     d.u.i.k.p.i.AbstractProblemLoader Creating init config 
626770     DEBUG Test worker     d.u.i.k.p.i.AbstractProblemLoader Init config took 3.48s 
626787     INFO  Test worker     d.u.i.k.p.i.AbstractProblemLoader Replaying proof dummy.key 
626789     DEBUG Test worker     d.u.i.k.p.i.IntermediateProofReplayer Proof replay took 8.5ns 
]]></system-out>
  <system-err><![CDATA[]]></system-err>
</testsuite>
