<?xml version="1.0" encoding="UTF-8"?>
<testsuite name="de.uka.ilkd.key.util.TestProofStarter" tests="2" skipped="0" failures="0" errors="0" timestamp="2023-05-26T21:55:34" hostname="fv-az564-471" time="65.355">
  <properties/>
  <testcase name="testDirectProofWithOneStepSimplification()" classname="de.uka.ilkd.key.util.TestProofStarter" time="33.768"/>
  <testcase name="testDirectProof()" classname="de.uka.ilkd.key.util.TestProofStarter" time="31.587"/>
  <system-out><![CDATA[944628     INFO  Test worker     d.u.i.k.p.i.AbstractProblemLoader Loading environment from src/test/resources/testcase/proofStarter/CC/project.key 
944628     DEBUG Test worker     d.u.i.k.p.i.AbstractProblemLoader Environment load took 95.2ns 
944629     INFO  Test worker     d.u.i.k.p.i.AbstractProblemLoader Creating init config 
948385     DEBUG Test worker     d.u.i.k.p.i.AbstractProblemLoader Init config took 3.76s 
948434     INFO  Test worker     d.u.i.k.p.i.AbstractProblemLoader Replaying proof CC[CC::calcCoinIndex([I,[I)].JML normal_behavior operation contract.0 
948436     DEBUG Test worker     d.u.i.k.p.i.IntermediateProofReplayer Proof replay took 2.1ns 
978390     INFO  Test worker     d.u.i.k.p.i.AbstractProblemLoader Loading environment from src/test/resources/testcase/proofStarter/CC/project.key 
978390     DEBUG Test worker     d.u.i.k.p.i.AbstractProblemLoader Environment load took 342.2ns 
978391     INFO  Test worker     d.u.i.k.p.i.AbstractProblemLoader Creating init config 
982093     DEBUG Test worker     d.u.i.k.p.i.AbstractProblemLoader Init config took 3.7s 
982143     INFO  Test worker     d.u.i.k.p.i.AbstractProblemLoader Replaying proof CC[CC::calcCoinIndex([I,[I)].JML normal_behavior operation contract.0 
982145     DEBUG Test worker     d.u.i.k.p.i.IntermediateProofReplayer Proof replay took 2ns 
]]></system-out>
  <system-err><![CDATA[]]></system-err>
</testsuite>
