<?xml version="1.0" encoding="UTF-8"?>
<testsuite name="de.uka.ilkd.key.taclettranslation.TestTacletTranslator" tests="5" skipped="0" failures="0" errors="0" timestamp="2023-05-26T21:55:22" hostname="fv-az564-471" time="0.008">
  <properties/>
  <testcase name="testPropositional1()" classname="de.uka.ilkd.key.taclettranslation.TestTacletTranslator" time="0.003"/>
  <testcase name="testPropositional2()" classname="de.uka.ilkd.key.taclettranslation.TestTacletTranslator" time="0.001"/>
  <testcase name="testNegativePolarity()" classname="de.uka.ilkd.key.taclettranslation.TestTacletTranslator" time="0.001"/>
  <testcase name="testNoPolarity()" classname="de.uka.ilkd.key.taclettranslation.TestTacletTranslator" time="0.001"/>
  <testcase name="testPositivePolarity()" classname="de.uka.ilkd.key.taclettranslation.TestTacletTranslator" time="0.001"/>
  <system-out><![CDATA[932387     INFO  Test worker     d.u.i.k.n.KeyIO           Parsing took 0 ms 
932387     DEBUG Test worker     d.u.i.k.n.KeyIO           Load declarations of de.uka.ilkd.key.nparser.KeyAst$File:  <unknown>:1#1 
932387     INFO  Test worker     d.u.i.k.n.KeyIO           MODE: declarations took 0 ms 
932387     DEBUG Test worker     d.u.i.k.n.KeyIO           MODE: 2nd degree decls took 0 
932388     DEBUG Test worker     d.u.i.k.n.KeyIO           MODE: taclets took 1ms 
932390     INFO  Test worker     d.u.i.k.n.KeyIO           Parsing took 0 ms 
932390     DEBUG Test worker     d.u.i.k.n.KeyIO           Load declarations of de.uka.ilkd.key.nparser.KeyAst$File:  <unknown>:1#1 
932390     INFO  Test worker     d.u.i.k.n.KeyIO           MODE: declarations took 0 ms 
932390     DEBUG Test worker     d.u.i.k.n.KeyIO           MODE: 2nd degree decls took 0 
932391     DEBUG Test worker     d.u.i.k.n.KeyIO           MODE: taclets took 0ms 
932392     INFO  Test worker     d.u.i.k.n.KeyIO           Parsing took 0 ms 
932392     DEBUG Test worker     d.u.i.k.n.KeyIO           Load declarations of de.uka.ilkd.key.nparser.KeyAst$File:  <unknown>:1#1 
932392     INFO  Test worker     d.u.i.k.n.KeyIO           MODE: declarations took 0 ms 
932392     DEBUG Test worker     d.u.i.k.n.KeyIO           MODE: 2nd degree decls took 0 
932392     DEBUG Test worker     d.u.i.k.n.KeyIO           MODE: taclets took 0ms 
932393     INFO  Test worker     d.u.i.k.n.KeyIO           Parsing took 0 ms 
932393     DEBUG Test worker     d.u.i.k.n.KeyIO           Load declarations of de.uka.ilkd.key.nparser.KeyAst$File:  <unknown>:1#1 
932393     INFO  Test worker     d.u.i.k.n.KeyIO           MODE: declarations took 0 ms 
932393     DEBUG Test worker     d.u.i.k.n.KeyIO           MODE: 2nd degree decls took 0 
932393     DEBUG Test worker     d.u.i.k.n.KeyIO           MODE: taclets took 0ms 
932394     INFO  Test worker     d.u.i.k.n.KeyIO           Parsing took 0 ms 
932394     DEBUG Test worker     d.u.i.k.n.KeyIO           Load declarations of de.uka.ilkd.key.nparser.KeyAst$File:  <unknown>:1#1 
932394     INFO  Test worker     d.u.i.k.n.KeyIO           MODE: declarations took 0 ms 
932394     DEBUG Test worker     d.u.i.k.n.KeyIO           MODE: 2nd degree decls took 0 
932394     DEBUG Test worker     d.u.i.k.n.KeyIO           MODE: taclets took 0ms 
]]></system-out>
  <system-err><![CDATA[]]></system-err>
</testsuite>
