<?xml version="1.0" encoding="UTF-8"?>
<testsuite name="de.uka.ilkd.key.proof.runallproofs.RunAllProofsFunctional" tests="34" skipped="0" failures="0" errors="0" timestamp="2023-06-03T14:28:24" hostname="fv-az592-204" time="5013.304">
  <properties/>
  <testcase name="newBook" classname="de.uka.ilkd.key.proof.runallproofs.RunAllProofsFunctional" time="59.189"/>
  <testcase name="oldBook" classname="de.uka.ilkd.key.proof.runallproofs.RunAllProofsFunctional" time="16.854"/>
  <testcase name="comprehensions" classname="de.uka.ilkd.key.proof.runallproofs.RunAllProofsFunctional" time="63.662"/>
  <testcase name="performance" classname="de.uka.ilkd.key.proof.runallproofs.RunAllProofsFunctional" time="202.727"/>
  <testcase name="performancePOConstruction" classname="de.uka.ilkd.key.proof.runallproofs.RunAllProofsFunctional" time="68.896"/>
  <testcase name="applicationRestrictions" classname="de.uka.ilkd.key.proof.runallproofs.RunAllProofsFunctional" time="47.693"/>
  <testcase name="blockContracts" classname="de.uka.ilkd.key.proof.runallproofs.RunAllProofsFunctional" time="127.885"/>
  <testcase name="jmlAsserts" classname="de.uka.ilkd.key.proof.runallproofs.RunAllProofsFunctional" time="88.025"/>
  <testcase name="javaCard" classname="de.uka.ilkd.key.proof.runallproofs.RunAllProofsFunctional" time="124.237"/>
  <testcase name="list" classname="de.uka.ilkd.key.proof.runallproofs.RunAllProofsFunctional" time="247.459"/>
  <testcase name="list_ghost" classname="de.uka.ilkd.key.proof.runallproofs.RunAllProofsFunctional" time="63.731"/>
  <testcase name="list_recursive" classname="de.uka.ilkd.key.proof.runallproofs.RunAllProofsFunctional" time="21.123"/>
  <testcase name="list_seq" classname="de.uka.ilkd.key.proof.runallproofs.RunAllProofsFunctional" time="149.927"/>
  <testcase name="observer" classname="de.uka.ilkd.key.proof.runallproofs.RunAllProofsFunctional" time="96.052"/>
  <testcase name="removeDups" classname="de.uka.ilkd.key.proof.runallproofs.RunAllProofsFunctional" time="124.966"/>
  <testcase name="quicksort" classname="de.uka.ilkd.key.proof.runallproofs.RunAllProofsFunctional" time="102.112"/>
  <testcase name="simpleTests" classname="de.uka.ilkd.key.proof.runallproofs.RunAllProofsFunctional" time="152.213"/>
  <testcase name="SmansEtAl" classname="de.uka.ilkd.key.proof.runallproofs.RunAllProofsFunctional" time="185.163"/>
  <testcase name="VACID0" classname="de.uka.ilkd.key.proof.runallproofs.RunAllProofsFunctional" time="73.791"/>
  <testcase name="VSTTE10" classname="de.uka.ilkd.key.proof.runallproofs.RunAllProofsFunctional" time="175.866"/>
  <testcase name="WeideEtAl" classname="de.uka.ilkd.key.proof.runallproofs.RunAllProofsFunctional" time="27.235"/>
  <testcase name="arithmetic" classname="de.uka.ilkd.key.proof.runallproofs.RunAllProofsFunctional" time="481.888"/>
  <testcase name="arrays" classname="de.uka.ilkd.key.proof.runallproofs.RunAllProofsFunctional" time="55.715"/>
  <testcase name="javadl" classname="de.uka.ilkd.key.proof.runallproofs.RunAllProofsFunctional" time="571.898"/>
  <testcase name="FOL" classname="de.uka.ilkd.key.proof.runallproofs.RunAllProofsFunctional" time="271.441"/>
  <testcase name="strings" classname="de.uka.ilkd.key.proof.runallproofs.RunAllProofsFunctional" time="155.491"/>
  <testcase name="simple_info_flow" classname="de.uka.ilkd.key.proof.runallproofs.RunAllProofsFunctional" time="12.9"/>
  <testcase name="modelMethods" classname="de.uka.ilkd.key.proof.runallproofs.RunAllProofsFunctional" time="171.902"/>
  <testcase name="permissionHeap" classname="de.uka.ilkd.key.proof.runallproofs.RunAllProofsFunctional" time="779.799"/>
  <testcase name="completionScopes" classname="de.uka.ilkd.key.proof.runallproofs.RunAllProofsFunctional" time="51.737"/>
  <testcase name="reload_examples" classname="de.uka.ilkd.key.proof.runallproofs.RunAllProofsFunctional" time="40.925"/>
  <testcase name="proofLoadRepair" classname="de.uka.ilkd.key.proof.runallproofs.RunAllProofsFunctional" time="18.287"/>
  <testcase name="switch" classname="de.uka.ilkd.key.proof.runallproofs.RunAllProofsFunctional" time="62.191"/>
  <testcase name="redux" classname="de.uka.ilkd.key.proof.runallproofs.RunAllProofsFunctional" time="120.309"/>
  <system-out><![CDATA[264        INFO  Test worker     d.u.i.k.p.r.p.StatisticsFile Running test newBook 
377        INFO  Timeout watchdog d.u.i.k.p.r.p.ForkedTestFileRunner Timeout watcher launched (2000 secs.) 
392        WARN  main            d.u.i.k.s.ProofSettings   No proof-settings could be loaded, using defaults java.io.FileNotFoundException: /home/runner/.key/proof-settings.props (No such file or directory)
	at java.base/java.io.FileInputStream.open0(Native Method)

440        INFO  main            d.u.i.k.p.r.p.TestFile    Now processing file /home/runner/work/key/key/key.core/../key.ui/examples/newBook/09.list_modelfield/ArrayList.add.key 
577        INFO  main            d.u.i.k.p.i.AbstractProblemLoader Loading environment from /home/runner/work/key/key/key.core/../key.ui/examples/newBook/09.list_modelfield/ArrayList.add.key 
601        DEBUG main            d.u.i.k.p.i.AbstractProblemLoader Environment load took 2.36ms 
807        INFO  main            d.u.i.k.p.i.AbstractProblemLoader Creating init config 
1686       DEBUG main            d.u.i.k.j.TypeConverter   No LDT found for Meta 
1686       DEBUG main            d.u.i.k.j.TypeConverter   No LDT found for Meta 
1687       DEBUG main            d.u.i.k.j.TypeConverter   No LDT found for Meta 
1688       DEBUG main            d.u.i.k.j.TypeConverter   No LDT found for Meta 
2920       DEBUG main            d.u.i.k.j.TypeConverter   No LDT found for JavaBigintExpression 
8290       DEBUG main            d.u.i.k.p.i.AbstractProblemLoader Init config took 7.48s 
8415       INFO  main            d.u.i.k.p.i.AbstractProblemLoader Replaying proof ArrayList[List::add(int)].JML normal_behavior operation contract.0 
8445       DEBUG main            d.u.i.k.p.i.IntermediateProofReplayer Proof replay took 31.2ns 
25289      INFO  main            d.u.i.k.p.r.p.TestFile    ... finished proof: closed. 
25520      INFO  main            d.u.i.k.p.i.AbstractProblemLoader Loading environment from /home/runner/work/key/key/key.core/../key.ui/examples/newBook/09.list_modelfield/ArrayList.add.key.proof 
25521      DEBUG main            d.u.i.k.p.i.AbstractProblemLoader Environment load took 779.4ns 
25530      INFO  main            d.u.i.k.p.i.AbstractProblemLoader Creating init config 
28437      DEBUG main            d.u.i.k.p.i.AbstractProblemLoader Init config took 2.91s 
28498      INFO  main            d.u.i.k.p.i.AbstractProblemLoader Replaying proof ArrayList[List::add(int)].JML normal_behavior operation contract.0 
29349      DEBUG main            d.u.i.k.p.i.IntermediateProofReplayer Proof replay took 784.81ms 
29357      DEBUG main            d.u.i.k.p.r.p.TestFile    ... success: reloaded. 
29359      INFO  main            d.u.i.k.p.r.p.TestFile    Now processing file /home/runner/work/key/key/key.core/../key.ui/examples/newBook/09.list_modelfield/ArrayList.remFirst.key 
29359      INFO  main            d.u.i.k.p.i.AbstractProblemLoader Loading environment from /home/runner/work/key/key/key.core/../key.ui/examples/newBook/09.list_modelfield/ArrayList.remFirst.key 
29359      DEBUG main            d.u.i.k.p.i.AbstractProblemLoader Environment load took 71ns 
29360      INFO  main            d.u.i.k.p.i.AbstractProblemLoader Creating init config 
32287      DEBUG main            d.u.i.k.p.i.AbstractProblemLoader Init config took 2.93s 
32344      INFO  main            d.u.i.k.p.i.AbstractProblemLoader Replaying proof ArrayList[List::remFirst()].JML normal_behavior operation contract.0 
32346      DEBUG main            d.u.i.k.p.i.IntermediateProofReplayer Proof replay took 5ns 
35956      INFO  main            d.u.i.k.p.r.p.TestFile    ... finished proof: closed. 
36157      INFO  main            d.u.i.k.p.i.AbstractProblemLoader Loading environment from /home/runner/work/key/key/key.core/../key.ui/examples/newBook/09.list_modelfield/ArrayList.remFirst.key.proof 
36157      DEBUG main            d.u.i.k.p.i.AbstractProblemLoader Environment load took 139.8ns 
36161      INFO  main            d.u.i.k.p.i.AbstractProblemLoader Creating init config 
38905      DEBUG main            d.u.i.k.p.i.AbstractProblemLoader Init config took 2.74s 
38956      INFO  main            d.u.i.k.p.i.AbstractProblemLoader Replaying proof ArrayList[List::remFirst()].JML normal_behavior operation contract.0 
39341      DEBUG main            d.u.i.k.p.i.IntermediateProofReplayer Proof replay took 366.94ms 
39343      DEBUG main            d.u.i.k.p.r.p.TestFile    ... success: reloaded. 
39345      INFO  main            d.u.i.k.p.r.p.TestFile    Now processing file /home/runner/work/key/key/key.core/../key.ui/examples/newBook/09.list_modelfield/ArrayList.empty.key 
39345      INFO  main            d.u.i.k.p.i.AbstractProblemLoader Loading environment from /home/runner/work/key/key/key.core/../key.ui/examples/newBook/09.list_modelfield/ArrayList.empty.key 
39346      DEBUG main            d.u.i.k.p.i.AbstractProblemLoader Environment load took 395.8ns 
39347      INFO  main            d.u.i.k.p.i.AbstractProblemLoader Creating init config 
42073      DEBUG main            d.u.i.k.p.i.AbstractProblemLoader Init config took 2.73s 
42120      INFO  main            d.u.i.k.p.i.AbstractProblemLoader Replaying proof ArrayList[List::empty()].JML normal_behavior operation contract.0 
42122      DEBUG main            d.u.i.k.p.i.IntermediateProofReplayer Proof replay took 5ns 
43026      INFO  main            d.u.i.k.p.r.p.TestFile    ... finished proof: closed. 
43217      INFO  main            d.u.i.k.p.i.AbstractProblemLoader Loading environment from /home/runner/work/key/key/key.core/../key.ui/examples/newBook/09.list_modelfield/ArrayList.empty.key.proof 
43217      DEBUG main            d.u.i.k.p.i.AbstractProblemLoader Environment load took 115.7ns 
43219      INFO  main            d.u.i.k.p.i.AbstractProblemLoader Creating init config 
45909      DEBUG main            d.u.i.k.p.i.AbstractProblemLoader Init config took 2.69s 
45964      INFO  main            d.u.i.k.p.i.AbstractProblemLoader Replaying proof ArrayList[List::empty()].JML normal_behavior operation contract.0 
46047      DEBUG main            d.u.i.k.p.i.IntermediateProofReplayer Proof replay took 75.2ms 
46049      DEBUG main            d.u.i.k.p.r.p.TestFile    ... success: reloaded. 
46050      INFO  main            d.u.i.k.p.r.p.TestFile    Now processing file /home/runner/work/key/key/key.core/../key.ui/examples/newBook/09.list_modelfield/ArrayList.size.key 
46052      INFO  main            d.u.i.k.p.i.AbstractProblemLoader Loading environment from /home/runner/work/key/key/key.core/../key.ui/examples/newBook/09.list_modelfield/ArrayList.size.key 
46052      DEBUG main            d.u.i.k.p.i.AbstractProblemLoader Environment load took 402.3ns 
46053      INFO  main            d.u.i.k.p.i.AbstractProblemLoader Creating init config 
48770      DEBUG main            d.u.i.k.p.i.AbstractProblemLoader Init config took 2.72s 
48823      INFO  main            d.u.i.k.p.i.AbstractProblemLoader Replaying proof ArrayList[List::size()].JML normal_behavior operation contract.0 
48825      DEBUG main            d.u.i.k.p.i.IntermediateProofReplayer Proof replay took 5.4ns 
49229      INFO  main            d.u.i.k.p.r.p.TestFile    ... finished proof: closed. 
49402      INFO  main            d.u.i.k.p.i.AbstractProblemLoader Loading environment from /home/runner/work/key/key/key.core/../key.ui/examples/newBook/09.list_modelfield/ArrayList.size.key.proof 
49402      DEBUG main            d.u.i.k.p.i.AbstractProblemLoader Environment load took 443.9ns 
49404      INFO  main            d.u.i.k.p.i.AbstractProblemLoader Creating init config 
52064      DEBUG main            d.u.i.k.p.i.AbstractProblemLoader Init config took 2.66s 
52118      INFO  main            d.u.i.k.p.i.AbstractProblemLoader Replaying proof ArrayList[List::size()].JML normal_behavior operation contract.0 
52149      DEBUG main            d.u.i.k.p.i.IntermediateProofReplayer Proof replay took 27.29ms 
52150      DEBUG main            d.u.i.k.p.r.p.TestFile    ... success: reloaded. 
52151      INFO  main            d.u.i.k.p.r.p.TestFile    Now processing file /home/runner/work/key/key/key.core/../key.ui/examples/newBook/09.list_modelfield/ArrayList.get.key 
52151      INFO  main            d.u.i.k.p.i.AbstractProblemLoader Loading environment from /home/runner/work/key/key/key.core/../key.ui/examples/newBook/09.list_modelfield/ArrayList.get.key 
52151      DEBUG main            d.u.i.k.p.i.AbstractProblemLoader Environment load took 117.3ns 
52152      INFO  main            d.u.i.k.p.i.AbstractProblemLoader Creating init config 
54868      DEBUG main            d.u.i.k.p.i.AbstractProblemLoader Init config took 2.72s 
54912      INFO  main            d.u.i.k.p.i.AbstractProblemLoader Replaying proof ArrayList[List::get(int)].JML normal_behavior operation contract.0 
54914      DEBUG main            d.u.i.k.p.i.IntermediateProofReplayer Proof replay took 5.7ns 
55818      INFO  main            d.u.i.k.p.r.p.TestFile    ... finished proof: closed. 
56016      INFO  main            d.u.i.k.p.i.AbstractProblemLoader Loading environment from /home/runner/work/key/key/key.core/../key.ui/examples/newBook/09.list_modelfield/ArrayList.get.key.proof 
56018      DEBUG main            d.u.i.k.p.i.AbstractProblemLoader Environment load took 2.26ms 
56019      INFO  main            d.u.i.k.p.i.AbstractProblemLoader Creating init config 
58763      DEBUG main            d.u.i.k.p.i.AbstractProblemLoader Init config took 2.74s 
58817      INFO  main            d.u.i.k.p.i.AbstractProblemLoader Replaying proof ArrayList[List::get(int)].JML normal_behavior operation contract.0 
58874      DEBUG main            d.u.i.k.p.i.IntermediateProofReplayer Proof replay took 51.75ms 
58875      DEBUG main            d.u.i.k.p.r.p.TestFile    ... success: reloaded. 
59422      INFO  Test worker     d.u.i.k.p.r.p.StatisticsFile Returning from test newBook 
59448      INFO  Test worker     d.u.i.k.p.r.p.StatisticsFile Running test oldBook 
337        INFO  Timeout watchdog d.u.i.k.p.r.p.ForkedTestFileRunner Timeout watcher launched (2000 secs.) 
344        WARN  main            d.u.i.k.s.ProofSettings   The settings in /home/runner/.key/proof-settings.props are *not* read. 
370        INFO  main            d.u.i.k.p.r.p.TestFile    Now processing file /home/runner/work/key/key/key.core/../key.ui/examples/standard_key/BookExamples/02FirstOrderLogic/Ex2.58.key 
478        INFO  main            d.u.i.k.p.i.AbstractProblemLoader Loading environment from /home/runner/work/key/key/key.core/../key.ui/examples/standard_key/BookExamples/02FirstOrderLogic/Ex2.58.key 
495        DEBUG main            d.u.i.k.p.i.AbstractProblemLoader Environment load took 2.18ms 
736        INFO  main            d.u.i.k.p.i.AbstractProblemLoader Creating init config 
1790       DEBUG main            d.u.i.k.j.TypeConverter   No LDT found for Meta 
1791       DEBUG main            d.u.i.k.j.TypeConverter   No LDT found for Meta 
1793       DEBUG main            d.u.i.k.j.TypeConverter   No LDT found for Meta 
1794       DEBUG main            d.u.i.k.j.TypeConverter   No LDT found for Meta 
3289       DEBUG main            d.u.i.k.j.TypeConverter   No LDT found for JavaBigintExpression 
7932       DEBUG main            d.u.i.k.p.i.AbstractProblemLoader Init config took 7.19s 
8014       INFO  main            d.u.i.k.p.i.AbstractProblemLoader Replaying proof Ex2.58.key 
8047       DEBUG main            d.u.i.k.p.i.IntermediateProofReplayer Proof replay took 33.1ns 
8222       INFO  main            d.u.i.k.p.r.p.TestFile    ... finished proof: closed. 
8321       INFO  main            d.u.i.k.p.i.AbstractProblemLoader Loading environment from /home/runner/work/key/key/key.core/../key.ui/examples/standard_key/BookExamples/02FirstOrderLogic/Ex2.58.key.proof 
8321       DEBUG main            d.u.i.k.p.i.AbstractProblemLoader Environment load took 143.9ns 
8328       INFO  main            d.u.i.k.p.i.AbstractProblemLoader Creating init config 
10993      DEBUG main            d.u.i.k.p.i.AbstractProblemLoader Init config took 2.66s 
11037      INFO  main            d.u.i.k.p.i.AbstractProblemLoader Replaying proof Ex2.58.key.proof 
11043      DEBUG main            d.u.i.k.p.i.IntermediateProofReplayer Proof replay took 2.51ms 
11054      DEBUG main            d.u.i.k.p.r.p.TestFile    ... success: reloaded. 
11061      INFO  main            d.u.i.k.p.r.p.TestFile    Now processing file /home/runner/work/key/key/key.core/../key.ui/examples/standard_key/BookExamples/03DynamicLogic/Sect3.3.1.key 
11061      INFO  main            d.u.i.k.p.i.AbstractProblemLoader Loading environment from /home/runner/work/key/key/key.core/../key.ui/examples/standard_key/BookExamples/03DynamicLogic/Sect3.3.1.key 
11062      DEBUG main            d.u.i.k.p.i.AbstractProblemLoader Environment load took 1.32ms 
11064      INFO  main            d.u.i.k.p.i.AbstractProblemLoader Creating init config 
13560      DEBUG main            d.u.i.k.p.i.AbstractProblemLoader Init config took 2.5s 
13590      INFO  main            d.u.i.k.p.i.AbstractProblemLoader Replaying proof Sect3.3.1.key 
13594      DEBUG main            d.u.i.k.p.i.IntermediateProofReplayer Proof replay took 5.4ns 
14000      INFO  main            d.u.i.k.p.r.p.TestFile    ... finished proof: closed. 
14130      INFO  main            d.u.i.k.p.i.AbstractProblemLoader Loading environment from /home/runner/work/key/key/key.core/../key.ui/examples/standard_key/BookExamples/03DynamicLogic/Sect3.3.1.key.proof 
14131      DEBUG main            d.u.i.k.p.i.AbstractProblemLoader Environment load took 1.22ms 
14134      INFO  main            d.u.i.k.p.i.AbstractProblemLoader Creating init config 
16547      DEBUG main            d.u.i.k.p.i.AbstractProblemLoader Init config took 2.41s 
16583      INFO  main            d.u.i.k.p.i.AbstractProblemLoader Replaying proof Sect3.3.1.key.proof 
16679      DEBUG main            d.u.i.k.p.i.IntermediateProofReplayer Proof replay took 85.76ms 
16680      DEBUG main            d.u.i.k.p.r.p.TestFile    ... success: reloaded. 
76301      INFO  Test worker     d.u.i.k.p.r.p.StatisticsFile Returning from test oldBook 
76305      INFO  Test worker     d.u.i.k.p.r.p.StatisticsFile Running test comprehensions 
371        INFO  Timeout watchdog d.u.i.k.p.r.p.ForkedTestFileRunner Timeout watcher launched (2000 secs.) 
400        WARN  main            d.u.i.k.s.ProofSettings   The settings in /home/runner/.key/proof-settings.props are *not* read. 
443        INFO  main            d.u.i.k.p.r.p.TestFile    Now processing file /home/runner/work/key/key/key.core/../key.ui/examples/heap/comprehensions/general_sum.key 
560        INFO  main            d.u.i.k.p.i.AbstractProblemLoader Loading environment from /home/runner/work/key/key/key.core/../key.ui/examples/heap/comprehensions/general_sum.key 
576        DEBUG main            d.u.i.k.p.i.AbstractProblemLoader Environment load took 2.19ms 
779        INFO  main            d.u.i.k.p.i.AbstractProblemLoader Creating init config 
1803       DEBUG main            d.u.i.k.j.TypeConverter   No LDT found for Meta 
1804       DEBUG main            d.u.i.k.j.TypeConverter   No LDT found for Meta 
1807       DEBUG main            d.u.i.k.j.TypeConverter   No LDT found for Meta 
1807       DEBUG main            d.u.i.k.j.TypeConverter   No LDT found for Meta 
3261       DEBUG main            d.u.i.k.j.TypeConverter   No LDT found for JavaBigintExpression 
8038       DEBUG main            d.u.i.k.p.i.AbstractProblemLoader Init config took 7.26s 
8159       INFO  main            d.u.i.k.p.i.AbstractProblemLoader Replaying proof GSum[GSum::doNothing()].JML operation contract.0 
8190       DEBUG main            d.u.i.k.p.i.IntermediateProofReplayer Proof replay took 32.4ns 
8523       INFO  main            d.u.i.k.p.r.p.TestFile    ... finished proof: closed. 
8620       INFO  main            d.u.i.k.p.i.AbstractProblemLoader Loading environment from /home/runner/work/key/key/key.core/../key.ui/examples/heap/comprehensions/general_sum.key.proof 
8620       DEBUG main            d.u.i.k.p.i.AbstractProblemLoader Environment load took 129.8ns 
8623       INFO  main            d.u.i.k.p.i.AbstractProblemLoader Creating init config 
11387      DEBUG main            d.u.i.k.p.i.AbstractProblemLoader Init config took 2.76s 
11446      INFO  main            d.u.i.k.p.i.AbstractProblemLoader Replaying proof GSum[GSum::doNothing()].JML operation contract.0 
11461      DEBUG main            d.u.i.k.p.i.IntermediateProofReplayer Proof replay took 10.89ms 
11466      DEBUG main            d.u.i.k.p.r.p.TestFile    ... success: reloaded. 
11467      INFO  main            d.u.i.k.p.r.p.TestFile    Now processing file /home/runner/work/key/key/key.core/../key.ui/examples/heap/comprehensions/sum0.key 
11468      INFO  main            d.u.i.k.p.i.AbstractProblemLoader Loading environment from /home/runner/work/key/key/key.core/../key.ui/examples/heap/comprehensions/sum0.key 
11468      DEBUG main            d.u.i.k.p.i.AbstractProblemLoader Environment load took 71.5ns 
11469      INFO  main            d.u.i.k.p.i.AbstractProblemLoader Creating init config 
14048      DEBUG main            d.u.i.k.p.i.AbstractProblemLoader Init config took 2.58s 
14104      INFO  main            d.u.i.k.p.i.AbstractProblemLoader Replaying proof Sum[Sum::sum0([I)].JML normal_behavior operation contract.0 
14108      DEBUG main            d.u.i.k.p.i.IntermediateProofReplayer Proof replay took 5.1ns 
14198      DEBUG Thread-4        d.u.i.k.l.l.OriginTermLabel commonFileName is null! 
14199      DEBUG Thread-4        d.u.i.k.l.l.OriginTermLabel commonFileName is null! 
14420      DEBUG Thread-4        d.u.i.k.l.l.OriginTermLabel commonFileName is null! 
14421      DEBUG Thread-4        d.u.i.k.l.l.OriginTermLabel commonFileName is null! 
14582      DEBUG Thread-4        d.u.i.k.l.l.OriginTermLabel commonFileName is null! 
14723      INFO  main            d.u.i.k.p.r.p.TestFile    ... finished proof: closed. 
14872      INFO  main            d.u.i.k.p.i.AbstractProblemLoader Loading environment from /home/runner/work/key/key/key.core/../key.ui/examples/heap/comprehensions/sum0.key.proof 
14872      DEBUG main            d.u.i.k.p.i.AbstractProblemLoader Environment load took 608.9ns 
14874      INFO  main            d.u.i.k.p.i.AbstractProblemLoader Creating init config 
17498      DEBUG main            d.u.i.k.p.i.AbstractProblemLoader Init config took 2.62s 
17554      INFO  main            d.u.i.k.p.i.AbstractProblemLoader Replaying proof Sum[Sum::sum0([I)].JML normal_behavior operation contract.0 
17582      DEBUG main            d.u.i.k.l.l.OriginTermLabel commonFileName is null! 
17582      DEBUG main            d.u.i.k.l.l.OriginTermLabel commonFileName is null! 
17621      DEBUG main            d.u.i.k.l.l.OriginTermLabel commonFileName is null! 
17647      DEBUG main            d.u.i.k.l.l.OriginTermLabel commonFileName is null! 
17647      DEBUG main            d.u.i.k.l.l.OriginTermLabel commonFileName is null! 
17650      DEBUG main            d.u.i.k.p.i.IntermediateProofReplayer Proof replay took 90.34ms 
17650      DEBUG main            d.u.i.k.p.r.p.TestFile    ... success: reloaded. 
17652      INFO  main            d.u.i.k.p.r.p.TestFile    Now processing file /home/runner/work/key/key/key.core/../key.ui/examples/heap/comprehensions/sum1.key 
17652      INFO  main            d.u.i.k.p.i.AbstractProblemLoader Loading environment from /home/runner/work/key/key/key.core/../key.ui/examples/heap/comprehensions/sum1.key 
17652      DEBUG main            d.u.i.k.p.i.AbstractProblemLoader Environment load took 62.4ns 
17654      INFO  main            d.u.i.k.p.i.AbstractProblemLoader Creating init config 
20224      DEBUG main            d.u.i.k.p.i.AbstractProblemLoader Init config took 2.57s 
20268      INFO  main            d.u.i.k.p.i.AbstractProblemLoader Replaying proof Sum[Sum::sum1([I)].JML normal_behavior operation contract.0 
20270      DEBUG main            d.u.i.k.p.i.IntermediateProofReplayer Proof replay took 5.9ns 
20326      DEBUG Thread-7        d.u.i.k.l.l.OriginTermLabel commonFileName is null! 
20327      DEBUG Thread-7        d.u.i.k.l.l.OriginTermLabel commonFileName is null! 
20471      DEBUG Thread-7        d.u.i.k.l.l.OriginTermLabel commonFileName is null! 
20472      DEBUG Thread-7        d.u.i.k.l.l.OriginTermLabel commonFileName is null! 
20596      DEBUG Thread-7        d.u.i.k.l.l.OriginTermLabel commonFileName is null! 
20776      INFO  main            d.u.i.k.p.r.p.TestFile    ... finished proof: closed. 
20923      INFO  main            d.u.i.k.p.i.AbstractProblemLoader Loading environment from /home/runner/work/key/key/key.core/../key.ui/examples/heap/comprehensions/sum1.key.proof 
20923      DEBUG main            d.u.i.k.p.i.AbstractProblemLoader Environment load took 111.7ns 
20924      INFO  main            d.u.i.k.p.i.AbstractProblemLoader Creating init config 
23491      DEBUG main            d.u.i.k.p.i.AbstractProblemLoader Init config took 2.57s 
23533      INFO  main            d.u.i.k.p.i.AbstractProblemLoader Replaying proof Sum[Sum::sum1([I)].JML normal_behavior operation contract.0 
23559      DEBUG main            d.u.i.k.l.l.OriginTermLabel commonFileName is null! 
23560      DEBUG main            d.u.i.k.l.l.OriginTermLabel commonFileName is null! 
23593      DEBUG main            d.u.i.k.l.l.OriginTermLabel commonFileName is null! 
23616      DEBUG main            d.u.i.k.l.l.OriginTermLabel commonFileName is null! 
23617      DEBUG main            d.u.i.k.l.l.OriginTermLabel commonFileName is null! 
23619      DEBUG main            d.u.i.k.p.i.IntermediateProofReplayer Proof replay took 81.65ms 
23620      DEBUG main            d.u.i.k.p.r.p.TestFile    ... success: reloaded. 
23621      INFO  main            d.u.i.k.p.r.p.TestFile    Now processing file /home/runner/work/key/key/key.core/../key.ui/examples/heap/comprehensions/sum2.key 
23622      INFO  main            d.u.i.k.p.i.AbstractProblemLoader Loading environment from /home/runner/work/key/key/key.core/../key.ui/examples/heap/comprehensions/sum2.key 
23623      DEBUG main            d.u.i.k.p.i.AbstractProblemLoader Environment load took 323.1ns 
23624      INFO  main            d.u.i.k.p.i.AbstractProblemLoader Creating init config 
26174      DEBUG main            d.u.i.k.p.i.AbstractProblemLoader Init config took 2.55s 
26222      INFO  main            d.u.i.k.p.i.AbstractProblemLoader Replaying proof Sum[Sum::sum2([I)].JML normal_behavior operation contract.0 
26226      DEBUG main            d.u.i.k.p.i.IntermediateProofReplayer Proof replay took 6.1ns 
26316      DEBUG Thread-10       d.u.i.k.l.l.OriginTermLabel commonFileName is null! 
26316      DEBUG Thread-10       d.u.i.k.l.l.OriginTermLabel commonFileName is null! 
26439      DEBUG Thread-10       d.u.i.k.l.l.OriginTermLabel commonFileName is null! 
26441      DEBUG Thread-10       d.u.i.k.l.l.OriginTermLabel commonFileName is null! 
26526      DEBUG Thread-10       d.u.i.k.l.l.OriginTermLabel commonFileName is null! 
26731      INFO  main            d.u.i.k.p.r.p.TestFile    ... finished proof: closed. 
26866      INFO  main            d.u.i.k.p.i.AbstractProblemLoader Loading environment from /home/runner/work/key/key/key.core/../key.ui/examples/heap/comprehensions/sum2.key.proof 
26871      DEBUG main            d.u.i.k.p.i.AbstractProblemLoader Environment load took 4.07ms 
26872      INFO  main            d.u.i.k.p.i.AbstractProblemLoader Creating init config 
29406      DEBUG main            d.u.i.k.p.i.AbstractProblemLoader Init config took 2.53s 
29447      INFO  main            d.u.i.k.p.i.AbstractProblemLoader Replaying proof Sum[Sum::sum2([I)].JML normal_behavior operation contract.0 
29468      DEBUG main            d.u.i.k.l.l.OriginTermLabel commonFileName is null! 
29469      DEBUG main            d.u.i.k.l.l.OriginTermLabel commonFileName is null! 
29494      DEBUG main            d.u.i.k.l.l.OriginTermLabel commonFileName is null! 
29513      DEBUG main            d.u.i.k.l.l.OriginTermLabel commonFileName is null! 
29514      DEBUG main            d.u.i.k.l.l.OriginTermLabel commonFileName is null! 
29516      DEBUG main            d.u.i.k.p.i.IntermediateProofReplayer Proof replay took 65.59ms 
29517      DEBUG main            d.u.i.k.p.r.p.TestFile    ... success: reloaded. 
29518      INFO  main            d.u.i.k.p.r.p.TestFile    Now processing file /home/runner/work/key/key/key.core/../key.ui/examples/heap/comprehensions/sum3.key 
29519      INFO  main            d.u.i.k.p.i.AbstractProblemLoader Loading environment from /home/runner/work/key/key/key.core/../key.ui/examples/heap/comprehensions/sum3.key 
29519      DEBUG main            d.u.i.k.p.i.AbstractProblemLoader Environment load took 306.4ns 
29520      INFO  main            d.u.i.k.p.i.AbstractProblemLoader Creating init config 
32060      DEBUG main            d.u.i.k.p.i.AbstractProblemLoader Init config took 2.54s 
32101      INFO  main            d.u.i.k.p.i.AbstractProblemLoader Replaying proof Sum[Sum::sum3([I)].JML normal_behavior operation contract.0 
32104      DEBUG main            d.u.i.k.p.i.IntermediateProofReplayer Proof replay took 6.6ns 
32158      DEBUG Thread-13       d.u.i.k.l.l.OriginTermLabel commonFileName is null! 
32159      DEBUG Thread-13       d.u.i.k.l.l.OriginTermLabel commonFileName is null! 
32298      DEBUG Thread-13       d.u.i.k.l.l.OriginTermLabel commonFileName is null! 
32299      DEBUG Thread-13       d.u.i.k.l.l.OriginTermLabel commonFileName is null! 
32395      DEBUG Thread-13       d.u.i.k.l.l.OriginTermLabel commonFileName is null! 
32507      INFO  main            d.u.i.k.p.r.p.TestFile    ... finished proof: closed. 
32660      INFO  main            d.u.i.k.p.i.AbstractProblemLoader Loading environment from /home/runner/work/key/key/key.core/../key.ui/examples/heap/comprehensions/sum3.key.proof 
32667      DEBUG main            d.u.i.k.p.i.AbstractProblemLoader Environment load took 7.33ms 
32671      INFO  main            d.u.i.k.p.i.AbstractProblemLoader Creating init config 
35332      DEBUG main            d.u.i.k.p.i.AbstractProblemLoader Init config took 2.66s 
35387      INFO  main            d.u.i.k.p.i.AbstractProblemLoader Replaying proof Sum[Sum::sum3([I)].JML normal_behavior operation contract.0 
35414      DEBUG main            d.u.i.k.l.l.OriginTermLabel commonFileName is null! 
35416      DEBUG main            d.u.i.k.l.l.OriginTermLabel commonFileName is null! 
35446      DEBUG main            d.u.i.k.l.l.OriginTermLabel commonFileName is null! 
35466      DEBUG main            d.u.i.k.l.l.OriginTermLabel commonFileName is null! 
35469      DEBUG main            d.u.i.k.l.l.OriginTermLabel commonFileName is null! 
35472      DEBUG main            d.u.i.k.p.i.IntermediateProofReplayer Proof replay took 80.46ms 
35474      DEBUG main            d.u.i.k.p.r.p.TestFile    ... success: reloaded. 
35476      INFO  main            d.u.i.k.p.r.p.TestFile    Now processing file /home/runner/work/key/key/key.core/../key.ui/examples/heap/comprehensions/segsum.key 
35478      INFO  main            d.u.i.k.p.i.AbstractProblemLoader Loading environment from /home/runner/work/key/key/key.core/../key.ui/examples/heap/comprehensions/segsum.key 
35479      DEBUG main            d.u.i.k.p.i.AbstractProblemLoader Environment load took 1.21ms 
35482      INFO  main            d.u.i.k.p.i.AbstractProblemLoader Creating init config 
37979      DEBUG main            d.u.i.k.p.i.AbstractProblemLoader Init config took 2.5s 
38026      INFO  main            d.u.i.k.p.i.AbstractProblemLoader Replaying proof SegSum[SegSum::segSum([I,int,int)].JML normal_behavior operation contract.0 
38030      DEBUG main            d.u.i.k.p.i.IntermediateProofReplayer Proof replay took 5.8ns 
38434      INFO  main            d.u.i.k.p.r.p.TestFile    ... finished proof: closed. 
38631      INFO  main            d.u.i.k.p.i.AbstractProblemLoader Loading environment from /home/runner/work/key/key/key.core/../key.ui/examples/heap/comprehensions/segsum.key.proof 
38633      DEBUG main            d.u.i.k.p.i.AbstractProblemLoader Environment load took 1.66ms 
38635      INFO  main            d.u.i.k.p.i.AbstractProblemLoader Creating init config 
41077      DEBUG main            d.u.i.k.p.i.AbstractProblemLoader Init config took 2.44s 
41116      INFO  main            d.u.i.k.p.i.AbstractProblemLoader Replaying proof SegSum[SegSum::segSum([I,int,int)].JML normal_behavior operation contract.0 
41176      DEBUG main            d.u.i.k.p.i.IntermediateProofReplayer Proof replay took 56.34ms 
41176      DEBUG main            d.u.i.k.p.r.p.TestFile    ... success: reloaded. 
41177      INFO  main            d.u.i.k.p.r.p.TestFile    Now processing file /home/runner/work/key/key/key.core/../key.ui/examples/heap/comprehensions/bsum_negative.key 
41177      INFO  main            d.u.i.k.p.i.AbstractProblemLoader Loading environment from /home/runner/work/key/key/key.core/../key.ui/examples/heap/comprehensions/bsum_negative.key 
41177      DEBUG main            d.u.i.k.p.i.AbstractProblemLoader Environment load took 53.6ns 
41178      INFO  main            d.u.i.k.p.i.AbstractProblemLoader Creating init config 
43523      DEBUG main            d.u.i.k.p.i.AbstractProblemLoader Init config took 2.34s 
43544      INFO  main            d.u.i.k.p.i.AbstractProblemLoader Replaying proof bsum_negative.key 
43545      DEBUG main            d.u.i.k.p.i.IntermediateProofReplayer Proof replay took 5.2ns 
43648      INFO  main            d.u.i.k.p.r.p.TestFile    ... finished proof: closed. 
43793      INFO  main            d.u.i.k.p.i.AbstractProblemLoader Loading environment from /home/runner/work/key/key/key.core/../key.ui/examples/heap/comprehensions/bsum_negative.key.proof 
43794      DEBUG main            d.u.i.k.p.i.AbstractProblemLoader Environment load took 107.1ns 
43795      INFO  main            d.u.i.k.p.i.AbstractProblemLoader Creating init config 
46086      DEBUG main            d.u.i.k.p.i.AbstractProblemLoader Init config took 2.29s 
46104      INFO  main            d.u.i.k.p.i.AbstractProblemLoader Replaying proof bsum_negative.key.proof 
46107      DEBUG main            d.u.i.k.p.i.IntermediateProofReplayer Proof replay took 960ns 
46108      DEBUG main            d.u.i.k.p.r.p.TestFile    ... success: reloaded. 
46109      INFO  main            d.u.i.k.p.r.p.TestFile    Now processing file /home/runner/work/key/key/key.core/../key.ui/examples/heap/comprehensions/bsum_neg2.key 
46109      INFO  main            d.u.i.k.p.i.AbstractProblemLoader Loading environment from /home/runner/work/key/key/key.core/../key.ui/examples/heap/comprehensions/bsum_neg2.key 
46109      DEBUG main            d.u.i.k.p.i.AbstractProblemLoader Environment load took 272.8ns 
46110      INFO  main            d.u.i.k.p.i.AbstractProblemLoader Creating init config 
48464      DEBUG main            d.u.i.k.p.i.AbstractProblemLoader Init config took 2.35s 
48480      INFO  main            d.u.i.k.p.i.AbstractProblemLoader Replaying proof bsum_neg2.key 
48482      DEBUG main            d.u.i.k.p.i.IntermediateProofReplayer Proof replay took 6.3ns 
48584      INFO  main            d.u.i.k.p.r.p.TestFile    ... finished proof: closed. 
48742      INFO  main            d.u.i.k.p.i.AbstractProblemLoader Loading environment from /home/runner/work/key/key/key.core/../key.ui/examples/heap/comprehensions/bsum_neg2.key.proof 
48742      DEBUG main            d.u.i.k.p.i.AbstractProblemLoader Environment load took 113.6ns 
48743      INFO  main            d.u.i.k.p.i.AbstractProblemLoader Creating init config 
51060      DEBUG main            d.u.i.k.p.i.AbstractProblemLoader Init config took 2.32s 
51076      INFO  main            d.u.i.k.p.i.AbstractProblemLoader Replaying proof bsum_neg2.key.proof 
51078      DEBUG main            d.u.i.k.p.i.IntermediateProofReplayer Proof replay took 566.1ns 
51079      DEBUG main            d.u.i.k.p.r.p.TestFile    ... success: reloaded. 
51080      INFO  main            d.u.i.k.p.r.p.TestFile    Now processing file /home/runner/work/key/key/key.core/../key.ui/examples/heap/comprehensions/bsumSplit.key 
51081      INFO  main            d.u.i.k.p.i.AbstractProblemLoader Loading environment from /home/runner/work/key/key/key.core/../key.ui/examples/heap/comprehensions/bsumSplit.key 
51081      DEBUG main            d.u.i.k.p.i.AbstractProblemLoader Environment load took 303.9ns 
51082      INFO  main            d.u.i.k.p.i.AbstractProblemLoader Creating init config 
53381      DEBUG main            d.u.i.k.p.i.AbstractProblemLoader Init config took 2.3s 
53397      INFO  main            d.u.i.k.p.i.AbstractProblemLoader Replaying proof bsumSplit.key 
53398      DEBUG main            d.u.i.k.p.i.IntermediateProofReplayer Proof replay took 6ns 
53500      INFO  main            d.u.i.k.p.r.p.TestFile    ... finished proof: closed. 
53651      INFO  main            d.u.i.k.p.i.AbstractProblemLoader Loading environment from /home/runner/work/key/key/key.core/../key.ui/examples/heap/comprehensions/bsumSplit.key.proof 
53652      DEBUG main            d.u.i.k.p.i.AbstractProblemLoader Environment load took 106.1ns 
53654      INFO  main            d.u.i.k.p.i.AbstractProblemLoader Creating init config 
55966      DEBUG main            d.u.i.k.p.i.AbstractProblemLoader Init config took 2.31s 
55981      INFO  main            d.u.i.k.p.i.AbstractProblemLoader Replaying proof bsumSplit.key.proof 
55985      DEBUG main            d.u.i.k.p.i.IntermediateProofReplayer Proof replay took 2.64ms 
55986      DEBUG main            d.u.i.k.p.r.p.TestFile    ... success: reloaded. 
55987      INFO  main            d.u.i.k.p.r.p.TestFile    Now processing file /home/runner/work/key/key/key.core/../key.ui/examples/heap/comprehensions/bprodSplit.key 
55988      INFO  main            d.u.i.k.p.i.AbstractProblemLoader Loading environment from /home/runner/work/key/key/key.core/../key.ui/examples/heap/comprehensions/bprodSplit.key 
55988      DEBUG main            d.u.i.k.p.i.AbstractProblemLoader Environment load took 273.9ns 
55989      INFO  main            d.u.i.k.p.i.AbstractProblemLoader Creating init config 
58293      DEBUG main            d.u.i.k.p.i.AbstractProblemLoader Init config took 2.3s 
58308      INFO  main            d.u.i.k.p.i.AbstractProblemLoader Replaying proof bprodSplit.key 
58310      DEBUG main            d.u.i.k.p.i.IntermediateProofReplayer Proof replay took 6.1ns 
58414      INFO  main            d.u.i.k.p.r.p.TestFile    ... finished proof: closed. 
58582      INFO  main            d.u.i.k.p.i.AbstractProblemLoader Loading environment from /home/runner/work/key/key/key.core/../key.ui/examples/heap/comprehensions/bprodSplit.key.proof 
58582      DEBUG main            d.u.i.k.p.i.AbstractProblemLoader Environment load took 103.9ns 
58584      INFO  main            d.u.i.k.p.i.AbstractProblemLoader Creating init config 
60881      DEBUG main            d.u.i.k.p.i.AbstractProblemLoader Init config took 2.3s 
60897      INFO  main            d.u.i.k.p.i.AbstractProblemLoader Replaying proof bprodSplit.key.proof 
60900      DEBUG main            d.u.i.k.p.i.IntermediateProofReplayer Proof replay took 1.66ms 
60901      DEBUG main            d.u.i.k.p.r.p.TestFile    ... success: reloaded. 
60902      INFO  main            d.u.i.k.p.r.p.TestFile    Now processing file /home/runner/work/key/key/key.core/../key.ui/examples/heap/comprehensions/bsumSplitInvalid.key 
60903      INFO  main            d.u.i.k.p.i.AbstractProblemLoader Loading environment from /home/runner/work/key/key/key.core/../key.ui/examples/heap/comprehensions/bsumSplitInvalid.key 
60903      DEBUG main            d.u.i.k.p.i.AbstractProblemLoader Environment load took 273ns 
60904      INFO  main            d.u.i.k.p.i.AbstractProblemLoader Creating init config 
63203      DEBUG main            d.u.i.k.p.i.AbstractProblemLoader Init config took 2.3s 
63218      INFO  main            d.u.i.k.p.i.AbstractProblemLoader Replaying proof bsumSplitInvalid.key 
63220      DEBUG main            d.u.i.k.p.i.IntermediateProofReplayer Proof replay took 6.4ns 
63323      INFO  main            d.u.i.k.p.r.p.TestFile    ... finished proof: open goal(s) 
139963     INFO  Test worker     d.u.i.k.p.r.p.StatisticsFile Returning from test comprehensions 
139968     INFO  Test worker     d.u.i.k.p.r.p.StatisticsFile Running test performance 
382        INFO  Timeout watchdog d.u.i.k.p.r.p.ForkedTestFileRunner Timeout watcher launched (2000 secs.) 
389        WARN  main            d.u.i.k.s.ProofSettings   The settings in /home/runner/.key/proof-settings.props are *not* read. 
427        INFO  main            d.u.i.k.p.r.p.TestFile    Now processing file /home/runner/work/key/key/key.core/../key.ui/examples/performance-test/Disjoint(Disjoint__disjoint_08()).JML_operation_contract.0.key 
544        INFO  main            d.u.i.k.p.i.AbstractProblemLoader Loading environment from /home/runner/work/key/key/key.core/../key.ui/examples/performance-test/Disjoint(Disjoint__disjoint_08()).JML_operation_contract.0.key 
567        DEBUG main            d.u.i.k.p.i.AbstractProblemLoader Environment load took 1.78ms 
780        INFO  main            d.u.i.k.p.i.AbstractProblemLoader Creating init config 
1716       DEBUG main            d.u.i.k.j.TypeConverter   No LDT found for Meta 
1717       DEBUG main            d.u.i.k.j.TypeConverter   No LDT found for Meta 
1720       DEBUG main            d.u.i.k.j.TypeConverter   No LDT found for Meta 
1721       DEBUG main            d.u.i.k.j.TypeConverter   No LDT found for Meta 
3175       DEBUG main            d.u.i.k.j.TypeConverter   No LDT found for JavaBigintExpression 
8348       DEBUG main            d.u.i.k.j.r.ClassPreparationMethodBuilder clPrepBuilder: Inner Class detected. Reject building class initialisation methods. 
15724      DEBUG main            d.u.i.k.p.i.AbstractProblemLoader Init config took 14.94s 
15952      INFO  main            d.u.i.k.p.i.AbstractProblemLoader Replaying proof Disjoint[Disjoint::disjoint_8()].JML operation contract.0 
16027      DEBUG main            d.u.i.k.p.i.IntermediateProofReplayer Proof replay took 302.6ns 
18278      INFO  main            d.u.i.k.p.r.p.TestFile    ... finished proof: closed. 
18471      INFO  main            d.u.i.k.p.i.AbstractProblemLoader Loading environment from /home/runner/work/key/key/key.core/../key.ui/examples/performance-test/Disjoint(Disjoint__disjoint_08()).JML_operation_contract.0.key.proof 
18472      DEBUG main            d.u.i.k.p.i.AbstractProblemLoader Environment load took 642.3ns 
18476      INFO  main            d.u.i.k.p.i.AbstractProblemLoader Creating init config 
21455      DEBUG main            d.u.i.k.j.r.ClassPreparationMethodBuilder clPrepBuilder: Inner Class detected. Reject building class initialisation methods. 
28026      DEBUG main            d.u.i.k.p.i.AbstractProblemLoader Init config took 9.55s 
28128      INFO  main            d.u.i.k.p.i.AbstractProblemLoader Replaying proof Disjoint[Disjoint::disjoint_8()].JML operation contract.0 
28442      DEBUG main            d.u.i.k.p.i.IntermediateProofReplayer Proof replay took 302.17ms 
28458      DEBUG main            d.u.i.k.p.r.p.TestFile    ... success: reloaded. 
28460      INFO  main            d.u.i.k.p.r.p.TestFile    Now processing file /home/runner/work/key/key/key.core/../key.ui/examples/performance-test/Disjoint(Disjoint__disjoint2_08()).JML_operation_contract.0.key 
28461      INFO  main            d.u.i.k.p.i.AbstractProblemLoader Loading environment from /home/runner/work/key/key/key.core/../key.ui/examples/performance-test/Disjoint(Disjoint__disjoint2_08()).JML_operation_contract.0.key 
28462      DEBUG main            d.u.i.k.p.i.AbstractProblemLoader Environment load took 486ns 
28464      INFO  main            d.u.i.k.p.i.AbstractProblemLoader Creating init config 
31341      DEBUG main            d.u.i.k.j.r.ClassPreparationMethodBuilder clPrepBuilder: Inner Class detected. Reject building class initialisation methods. 
37737      DEBUG main            d.u.i.k.p.i.AbstractProblemLoader Init config took 9.27s 
37834      INFO  main            d.u.i.k.p.i.AbstractProblemLoader Replaying proof Disjoint[Disjoint::disjoint2_8()].JML operation contract.0 
37837      DEBUG main            d.u.i.k.p.i.IntermediateProofReplayer Proof replay took 19.4ns 
38842      INFO  main            d.u.i.k.p.r.p.TestFile    ... finished proof: closed. 
39097      INFO  main            d.u.i.k.p.i.AbstractProblemLoader Loading environment from /home/runner/work/key/key/key.core/../key.ui/examples/performance-test/Disjoint(Disjoint__disjoint2_08()).JML_operation_contract.0.key.proof 
39100      DEBUG main            d.u.i.k.p.i.AbstractProblemLoader Environment load took 2.76ms 
39102      INFO  main            d.u.i.k.p.i.AbstractProblemLoader Creating init config 
41855      DEBUG main            d.u.i.k.j.r.ClassPreparationMethodBuilder clPrepBuilder: Inner Class detected. Reject building class initialisation methods. 
48185      DEBUG main            d.u.i.k.p.i.AbstractProblemLoader Init config took 9.08s 
48294      INFO  main            d.u.i.k.p.i.AbstractProblemLoader Replaying proof Disjoint[Disjoint::disjoint2_8()].JML operation contract.0 
48404      DEBUG main            d.u.i.k.p.i.IntermediateProofReplayer Proof replay took 101.95ms 
48410      DEBUG main            d.u.i.k.p.r.p.TestFile    ... success: reloaded. 
48418      INFO  main            d.u.i.k.p.r.p.TestFile    Now processing file /home/runner/work/key/key/key.core/../key.ui/examples/performance-test/AccessChain1(AccessChain1__foo_08()).JML_operation_contract.0.key 
48418      INFO  main            d.u.i.k.p.i.AbstractProblemLoader Loading environment from /home/runner/work/key/key/key.core/../key.ui/examples/performance-test/AccessChain1(AccessChain1__foo_08()).JML_operation_contract.0.key 
48419      DEBUG main            d.u.i.k.p.i.AbstractProblemLoader Environment load took 661.5ns 
48422      INFO  main            d.u.i.k.p.i.AbstractProblemLoader Creating init config 
51170      DEBUG main            d.u.i.k.j.r.ClassPreparationMethodBuilder clPrepBuilder: Inner Class detected. Reject building class initialisation methods. 
57464      DEBUG main            d.u.i.k.p.i.AbstractProblemLoader Init config took 9.04s 
57549      INFO  main            d.u.i.k.p.i.AbstractProblemLoader Replaying proof AccessChain1[AccessChain1::foo_8()].JML operation contract.0 
57551      DEBUG main            d.u.i.k.p.i.IntermediateProofReplayer Proof replay took 10ns 
60094      INFO  main            d.u.i.k.p.r.p.TestFile    ... finished proof: closed. 
60410      INFO  main            d.u.i.k.p.i.AbstractProblemLoader Loading environment from /home/runner/work/key/key/key.core/../key.ui/examples/performance-test/AccessChain1(AccessChain1__foo_08()).JML_operation_contract.0.key.proof 
60410      DEBUG main            d.u.i.k.p.i.AbstractProblemLoader Environment load took 122.2ns 
60411      INFO  main            d.u.i.k.p.i.AbstractProblemLoader Creating init config 
63093      DEBUG main            d.u.i.k.j.r.ClassPreparationMethodBuilder clPrepBuilder: Inner Class detected. Reject building class initialisation methods. 
69323      DEBUG main            d.u.i.k.p.i.AbstractProblemLoader Init config took 8.91s 
69407      INFO  main            d.u.i.k.p.i.AbstractProblemLoader Replaying proof AccessChain1[AccessChain1::foo_8()].JML operation contract.0 
69752      DEBUG main            d.u.i.k.p.i.IntermediateProofReplayer Proof replay took 330.82ms 
69754      DEBUG main            d.u.i.k.p.r.p.TestFile    ... success: reloaded. 
69756      INFO  main            d.u.i.k.p.r.p.TestFile    Now processing file /home/runner/work/key/key/key.core/../key.ui/examples/performance-test/AccessChain4(AccessChain4__foo_08()).JML_operation_contract.0.key 
69756      INFO  main            d.u.i.k.p.i.AbstractProblemLoader Loading environment from /home/runner/work/key/key/key.core/../key.ui/examples/performance-test/AccessChain4(AccessChain4__foo_08()).JML_operation_contract.0.key 
69757      DEBUG main            d.u.i.k.p.i.AbstractProblemLoader Environment load took 289.3ns 
69758      INFO  main            d.u.i.k.p.i.AbstractProblemLoader Creating init config 
72510      DEBUG main            d.u.i.k.j.r.ClassPreparationMethodBuilder clPrepBuilder: Inner Class detected. Reject building class initialisation methods. 
78769      DEBUG main            d.u.i.k.p.i.AbstractProblemLoader Init config took 9.01s 
78853      INFO  main            d.u.i.k.p.i.AbstractProblemLoader Replaying proof AccessChain4[AccessChain4::foo_8()].JML operation contract.0 
78856      DEBUG main            d.u.i.k.p.i.IntermediateProofReplayer Proof replay took 9.1ns 
84626      INFO  main            d.u.i.k.p.r.p.TestFile    ... finished proof: closed. 
84961      INFO  main            d.u.i.k.p.i.AbstractProblemLoader Loading environment from /home/runner/work/key/key/key.core/../key.ui/examples/performance-test/AccessChain4(AccessChain4__foo_08()).JML_operation_contract.0.key.proof 
84962      DEBUG main            d.u.i.k.p.i.AbstractProblemLoader Environment load took 567.2ns 
84973      INFO  main            d.u.i.k.p.i.AbstractProblemLoader Creating init config 
87633      DEBUG main            d.u.i.k.j.r.ClassPreparationMethodBuilder clPrepBuilder: Inner Class detected. Reject building class initialisation methods. 
93877      DEBUG main            d.u.i.k.p.i.AbstractProblemLoader Init config took 8.9s 
93960      INFO  main            d.u.i.k.p.i.AbstractProblemLoader Replaying proof AccessChain4[AccessChain4::foo_8()].JML operation contract.0 
94641      DEBUG main            d.u.i.k.p.i.IntermediateProofReplayer Proof replay took 652.13ms 
94644      DEBUG main            d.u.i.k.p.r.p.TestFile    ... success: reloaded. 
94646      INFO  main            d.u.i.k.p.r.p.TestFile    Now processing file /home/runner/work/key/key/key.core/../key.ui/examples/performance-test/Disjoint(Disjoint__xZero_08()).JML_operation_contract.0.key 
94646      INFO  main            d.u.i.k.p.i.AbstractProblemLoader Loading environment from /home/runner/work/key/key/key.core/../key.ui/examples/performance-test/Disjoint(Disjoint__xZero_08()).JML_operation_contract.0.key 
94646      DEBUG main            d.u.i.k.p.i.AbstractProblemLoader Environment load took 245.1ns 
94647      INFO  main            d.u.i.k.p.i.AbstractProblemLoader Creating init config 
97425      DEBUG main            d.u.i.k.j.r.ClassPreparationMethodBuilder clPrepBuilder: Inner Class detected. Reject building class initialisation methods. 
103720     DEBUG main            d.u.i.k.p.i.AbstractProblemLoader Init config took 9.07s 
103815     INFO  main            d.u.i.k.p.i.AbstractProblemLoader Replaying proof Disjoint[Disjoint::xZero_8()].JML operation contract.0 
103817     DEBUG main            d.u.i.k.p.i.IntermediateProofReplayer Proof replay took 11.3ns 
104723     INFO  main            d.u.i.k.p.r.p.TestFile    ... finished proof: closed. 
105063     INFO  main            d.u.i.k.p.i.AbstractProblemLoader Loading environment from /home/runner/work/key/key/key.core/../key.ui/examples/performance-test/Disjoint(Disjoint__xZero_08()).JML_operation_contract.0.key.proof 
105065     DEBUG main            d.u.i.k.p.i.AbstractProblemLoader Environment load took 1.94ms 
105066     INFO  main            d.u.i.k.p.i.AbstractProblemLoader Creating init config 
107706     DEBUG main            d.u.i.k.j.r.ClassPreparationMethodBuilder clPrepBuilder: Inner Class detected. Reject building class initialisation methods. 
113906     DEBUG main            d.u.i.k.p.i.AbstractProblemLoader Init config took 8.84s 
113986     INFO  main            d.u.i.k.p.i.AbstractProblemLoader Replaying proof Disjoint[Disjoint::xZero_8()].JML operation contract.0 
114145     DEBUG main            d.u.i.k.p.i.IntermediateProofReplayer Proof replay took 152.47ms 
114147     DEBUG main            d.u.i.k.p.r.p.TestFile    ... success: reloaded. 
114148     INFO  main            d.u.i.k.p.r.p.TestFile    Now processing file /home/runner/work/key/key/key.core/../key.ui/examples/performance-test/Dynamic(Dynamic__foo_08()).JML_operation_contract.0.key 
114148     INFO  main            d.u.i.k.p.i.AbstractProblemLoader Loading environment from /home/runner/work/key/key/key.core/../key.ui/examples/performance-test/Dynamic(Dynamic__foo_08()).JML_operation_contract.0.key 
114149     DEBUG main            d.u.i.k.p.i.AbstractProblemLoader Environment load took 86.1ns 
114149     INFO  main            d.u.i.k.p.i.AbstractProblemLoader Creating init config 
116856     DEBUG main            d.u.i.k.j.r.ClassPreparationMethodBuilder clPrepBuilder: Inner Class detected. Reject building class initialisation methods. 
123127     DEBUG main            d.u.i.k.p.i.AbstractProblemLoader Init config took 8.98s 
123207     INFO  main            d.u.i.k.p.i.AbstractProblemLoader Replaying proof Dynamic[Dynamic::foo_8()].JML operation contract.0 
123209     DEBUG main            d.u.i.k.p.i.IntermediateProofReplayer Proof replay took 11.1ns 
128070     INFO  main            d.u.i.k.p.r.p.TestFile    ... finished proof: closed. 
128438     INFO  main            d.u.i.k.p.i.AbstractProblemLoader Loading environment from /home/runner/work/key/key/key.core/../key.ui/examples/performance-test/Dynamic(Dynamic__foo_08()).JML_operation_contract.0.key.proof 
128439     DEBUG main            d.u.i.k.p.i.AbstractProblemLoader Environment load took 219.8ns 
128441     INFO  main            d.u.i.k.p.i.AbstractProblemLoader Creating init config 
131124     DEBUG main            d.u.i.k.j.r.ClassPreparationMethodBuilder clPrepBuilder: Inner Class detected. Reject building class initialisation methods. 
137428     DEBUG main            d.u.i.k.p.i.AbstractProblemLoader Init config took 8.99s 
137530     INFO  main            d.u.i.k.p.i.AbstractProblemLoader Replaying proof Dynamic[Dynamic::foo_8()].JML operation contract.0 
137958     DEBUG main            d.u.i.k.p.i.IntermediateProofReplayer Proof replay took 406.65ms 
137960     DEBUG main            d.u.i.k.p.r.p.TestFile    ... success: reloaded. 
137962     INFO  main            d.u.i.k.p.r.p.TestFile    Now processing file /home/runner/work/key/key/key.core/../key.ui/examples/performance-test/DynamicGhost(DynamicGhost__dynamicGhost_08()).JML_normal_behavior_operation_contract.0.key 
137962     INFO  main            d.u.i.k.p.i.AbstractProblemLoader Loading environment from /home/runner/work/key/key/key.core/../key.ui/examples/performance-test/DynamicGhost(DynamicGhost__dynamicGhost_08()).JML_normal_behavior_operation_contract.0.key 
137963     DEBUG main            d.u.i.k.p.i.AbstractProblemLoader Environment load took 256.8ns 
137964     INFO  main            d.u.i.k.p.i.AbstractProblemLoader Creating init config 
140729     DEBUG main            d.u.i.k.j.r.ClassPreparationMethodBuilder clPrepBuilder: Inner Class detected. Reject building class initialisation methods. 
147012     DEBUG main            d.u.i.k.p.i.AbstractProblemLoader Init config took 9.05s 
147094     INFO  main            d.u.i.k.p.i.AbstractProblemLoader Replaying proof DynamicGhost[DynamicGhost::dynamicGhost_8()].JML normal_behavior operation contract.0 
147096     DEBUG main            d.u.i.k.p.i.IntermediateProofReplayer Proof replay took 10.8ns 
150912     INFO  main            d.u.i.k.p.r.p.TestFile    ... finished proof: closed. 
151313     INFO  main            d.u.i.k.p.i.AbstractProblemLoader Loading environment from /home/runner/work/key/key/key.core/../key.ui/examples/performance-test/DynamicGhost(DynamicGhost__dynamicGhost_08()).JML_normal_behavior_operation_contract.0.key.proof 
151314     DEBUG main            d.u.i.k.p.i.AbstractProblemLoader Environment load took 124.6ns 
151316     INFO  main            d.u.i.k.p.i.AbstractProblemLoader Creating init config 
153947     DEBUG main            d.u.i.k.j.r.ClassPreparationMethodBuilder clPrepBuilder: Inner Class detected. Reject building class initialisation methods. 
160244     DEBUG main            d.u.i.k.p.i.AbstractProblemLoader Init config took 8.93s 
160327     INFO  main            d.u.i.k.p.i.AbstractProblemLoader Replaying proof DynamicGhost[DynamicGhost::dynamicGhost_8()].JML normal_behavior operation contract.0 
160771     DEBUG main            d.u.i.k.p.i.IntermediateProofReplayer Proof replay took 424.97ms 
160773     DEBUG main            d.u.i.k.p.r.p.TestFile    ... success: reloaded. 
160775     INFO  main            d.u.i.k.p.r.p.TestFile    Now processing file /home/runner/work/key/key/key.core/../key.ui/examples/performance-test/GhostFrame(GhostFrame__foo_08()).JML_operation_contract.0.key 
160775     INFO  main            d.u.i.k.p.i.AbstractProblemLoader Loading environment from /home/runner/work/key/key/key.core/../key.ui/examples/performance-test/GhostFrame(GhostFrame__foo_08()).JML_operation_contract.0.key 
160775     DEBUG main            d.u.i.k.p.i.AbstractProblemLoader Environment load took 297.6ns 
160776     INFO  main            d.u.i.k.p.i.AbstractProblemLoader Creating init config 
163510     DEBUG main            d.u.i.k.j.r.ClassPreparationMethodBuilder clPrepBuilder: Inner Class detected. Reject building class initialisation methods. 
169803     DEBUG main            d.u.i.k.p.i.AbstractProblemLoader Init config took 9.03s 
169880     INFO  main            d.u.i.k.p.i.AbstractProblemLoader Replaying proof GhostFrame[GhostFrame::foo_8()].JML operation contract.0 
169882     DEBUG main            d.u.i.k.p.i.IntermediateProofReplayer Proof replay took 22.5ns 
171592     INFO  main            d.u.i.k.p.r.p.TestFile    ... finished proof: closed. 
171983     INFO  main            d.u.i.k.p.i.AbstractProblemLoader Loading environment from /home/runner/work/key/key/key.core/../key.ui/examples/performance-test/GhostFrame(GhostFrame__foo_08()).JML_operation_contract.0.key.proof 
171984     DEBUG main            d.u.i.k.p.i.AbstractProblemLoader Environment load took 562.4ns 
171985     INFO  main            d.u.i.k.p.i.AbstractProblemLoader Creating init config 
174612     DEBUG main            d.u.i.k.j.r.ClassPreparationMethodBuilder clPrepBuilder: Inner Class detected. Reject building class initialisation methods. 
180859     DEBUG main            d.u.i.k.p.i.AbstractProblemLoader Init config took 8.87s 
180936     INFO  main            d.u.i.k.p.i.AbstractProblemLoader Replaying proof GhostFrame[GhostFrame::foo_8()].JML operation contract.0 
181182     DEBUG main            d.u.i.k.p.i.IntermediateProofReplayer Proof replay took 237.28ms 
181183     DEBUG main            d.u.i.k.p.r.p.TestFile    ... success: reloaded. 
181185     INFO  main            d.u.i.k.p.r.p.TestFile    Now processing file /home/runner/work/key/key/key.core/../key.ui/examples/performance-test/Modelfield(Modelfield__foo_08()).JML_operation_contract.0.key 
181185     INFO  main            d.u.i.k.p.i.AbstractProblemLoader Loading environment from /home/runner/work/key/key/key.core/../key.ui/examples/performance-test/Modelfield(Modelfield__foo_08()).JML_operation_contract.0.key 
181185     DEBUG main            d.u.i.k.p.i.AbstractProblemLoader Environment load took 195.4ns 
181186     INFO  main            d.u.i.k.p.i.AbstractProblemLoader Creating init config 
183892     DEBUG main            d.u.i.k.j.r.ClassPreparationMethodBuilder clPrepBuilder: Inner Class detected. Reject building class initialisation methods. 
190152     DEBUG main            d.u.i.k.p.i.AbstractProblemLoader Init config took 8.97s 
190228     INFO  main            d.u.i.k.p.i.AbstractProblemLoader Replaying proof Modelfield[Modelfield::foo_8()].JML operation contract.0 
190229     DEBUG main            d.u.i.k.p.i.IntermediateProofReplayer Proof replay took 5.6ns 
192937     INFO  main            d.u.i.k.p.r.p.TestFile    ... finished proof: closed. 
193359     INFO  main            d.u.i.k.p.i.AbstractProblemLoader Loading environment from /home/runner/work/key/key/key.core/../key.ui/examples/performance-test/Modelfield(Modelfield__foo_08()).JML_operation_contract.0.key.proof 
193360     DEBUG main            d.u.i.k.p.i.AbstractProblemLoader Environment load took 511.8ns 
193361     INFO  main            d.u.i.k.p.i.AbstractProblemLoader Creating init config 
195965     DEBUG main            d.u.i.k.j.r.ClassPreparationMethodBuilder clPrepBuilder: Inner Class detected. Reject building class initialisation methods. 
202158     DEBUG main            d.u.i.k.p.i.AbstractProblemLoader Init config took 8.8s 
202255     INFO  main            d.u.i.k.p.i.AbstractProblemLoader Replaying proof Modelfield[Modelfield::foo_8()].JML operation contract.0 
202535     DEBUG main            d.u.i.k.p.i.IntermediateProofReplayer Proof replay took 266.83ms 
202536     DEBUG main            d.u.i.k.p.r.p.TestFile    ... success: reloaded. 
342692     INFO  Test worker     d.u.i.k.p.r.p.StatisticsFile Returning from test performance 
342699     INFO  Test worker     d.u.i.k.p.r.p.StatisticsFile Running test performancePOConstruction 
399        INFO  Timeout watchdog d.u.i.k.p.r.p.ForkedTestFileRunner Timeout watcher launched (2000 secs.) 
408        WARN  main            d.u.i.k.s.ProofSettings   The settings in /home/runner/.key/proof-settings.props are *not* read. 
458        INFO  main            d.u.i.k.p.r.p.TestFile    Now processing file /home/runner/work/key/key/key.core/../key.ui/examples/performance-test/Test(Test__a0(int)).JML_normal_behavior_operation_contract.0.key 
564        INFO  main            d.u.i.k.p.i.AbstractProblemLoader Loading environment from /home/runner/work/key/key/key.core/../key.ui/examples/performance-test/Test(Test__a0(int)).JML_normal_behavior_operation_contract.0.key 
584        DEBUG main            d.u.i.k.p.i.AbstractProblemLoader Environment load took 1.79ms 
796        INFO  main            d.u.i.k.p.i.AbstractProblemLoader Creating init config 
1834       DEBUG main            d.u.i.k.j.TypeConverter   No LDT found for Meta 
1838       DEBUG main            d.u.i.k.j.TypeConverter   No LDT found for Meta 
1841       DEBUG main            d.u.i.k.j.TypeConverter   No LDT found for Meta 
1841       DEBUG main            d.u.i.k.j.TypeConverter   No LDT found for Meta 
3242       DEBUG main            d.u.i.k.j.TypeConverter   No LDT found for JavaBigintExpression 
8506       DEBUG main            d.u.i.k.j.r.ClassPreparationMethodBuilder clPrepBuilder: Inner Class detected. Reject building class initialisation methods. 
15970      DEBUG main            d.u.i.k.p.i.AbstractProblemLoader Init config took 15.17s 
16882      INFO  main            d.u.i.k.p.i.AbstractProblemLoader Replaying proof Test[Test::a0(int)].JML normal_behavior operation contract.0 
16970      DEBUG main            d.u.i.k.p.i.IntermediateProofReplayer Proof replay took 34.9ns 
17432      INFO  main            d.u.i.k.p.r.p.TestFile    ... finished proof: closed. 
17584      INFO  main            d.u.i.k.p.i.AbstractProblemLoader Loading environment from /home/runner/work/key/key/key.core/../key.ui/examples/performance-test/Test(Test__a0(int)).JML_normal_behavior_operation_contract.0.key.proof 
17585      DEBUG main            d.u.i.k.p.i.AbstractProblemLoader Environment load took 140.2ns 
17586      INFO  main            d.u.i.k.p.i.AbstractProblemLoader Creating init config 
20555      DEBUG main            d.u.i.k.j.r.ClassPreparationMethodBuilder clPrepBuilder: Inner Class detected. Reject building class initialisation methods. 
27260      DEBUG main            d.u.i.k.p.i.AbstractProblemLoader Init config took 9.67s 
27966      INFO  main            d.u.i.k.p.i.AbstractProblemLoader Replaying proof Test[Test::a0(int)].JML normal_behavior operation contract.0 
28019      DEBUG main            d.u.i.k.p.i.IntermediateProofReplayer Proof replay took 37.83ms 
28037      DEBUG main            d.u.i.k.p.r.p.TestFile    ... success: reloaded. 
28039      INFO  main            d.u.i.k.p.r.p.TestFile    Now processing file /home/runner/work/key/key/key.core/../key.ui/examples/performance-test/Test(Test__a1(int)).JML_normal_behavior_operation_contract.0.key 
28039      INFO  main            d.u.i.k.p.i.AbstractProblemLoader Loading environment from /home/runner/work/key/key/key.core/../key.ui/examples/performance-test/Test(Test__a1(int)).JML_normal_behavior_operation_contract.0.key 
28039      DEBUG main            d.u.i.k.p.i.AbstractProblemLoader Environment load took 306.8ns 
28041      INFO  main            d.u.i.k.p.i.AbstractProblemLoader Creating init config 
30809      DEBUG main            d.u.i.k.j.r.ClassPreparationMethodBuilder clPrepBuilder: Inner Class detected. Reject building class initialisation methods. 
37299      DEBUG main            d.u.i.k.p.i.AbstractProblemLoader Init config took 9.26s 
37984      INFO  main            d.u.i.k.p.i.AbstractProblemLoader Replaying proof Test[Test::a1(int)].JML normal_behavior operation contract.0 
37986      DEBUG main            d.u.i.k.p.i.IntermediateProofReplayer Proof replay took 6.3ns 
38289      INFO  main            d.u.i.k.p.r.p.TestFile    ... finished proof: closed. 
38547      INFO  main            d.u.i.k.p.i.AbstractProblemLoader Loading environment from /home/runner/work/key/key/key.core/../key.ui/examples/performance-test/Test(Test__a1(int)).JML_normal_behavior_operation_contract.0.key.proof 
38551      DEBUG main            d.u.i.k.p.i.AbstractProblemLoader Environment load took 3.5ms 
38552      INFO  main            d.u.i.k.p.i.AbstractProblemLoader Creating init config 
41345      DEBUG main            d.u.i.k.j.r.ClassPreparationMethodBuilder clPrepBuilder: Inner Class detected. Reject building class initialisation methods. 
47856      DEBUG main            d.u.i.k.p.i.AbstractProblemLoader Init config took 9.3s 
48510      INFO  main            d.u.i.k.p.i.AbstractProblemLoader Replaying proof Test[Test::a1(int)].JML normal_behavior operation contract.0 
48582      DEBUG main            d.u.i.k.p.i.IntermediateProofReplayer Proof replay took 68.63ms 
48586      DEBUG main            d.u.i.k.p.r.p.TestFile    ... success: reloaded. 
48590      INFO  main            d.u.i.k.p.r.p.TestFile    Now processing file /home/runner/work/key/key/key.core/../key.ui/examples/performance-test/Test(Test__f1(int)).JML_normal_behavior_operation_contract.0.key 
48590      INFO  main            d.u.i.k.p.i.AbstractProblemLoader Loading environment from /home/runner/work/key/key/key.core/../key.ui/examples/performance-test/Test(Test__f1(int)).JML_normal_behavior_operation_contract.0.key 
48591      DEBUG main            d.u.i.k.p.i.AbstractProblemLoader Environment load took 467.3ns 
48593      INFO  main            d.u.i.k.p.i.AbstractProblemLoader Creating init config 
51374      DEBUG main            d.u.i.k.j.r.ClassPreparationMethodBuilder clPrepBuilder: Inner Class detected. Reject building class initialisation methods. 
57825      DEBUG main            d.u.i.k.p.i.AbstractProblemLoader Init config took 9.23s 
58468      INFO  main            d.u.i.k.p.i.AbstractProblemLoader Replaying proof Test[Test::f1(int)].JML normal_behavior operation contract.0 
58470      DEBUG main            d.u.i.k.p.i.IntermediateProofReplayer Proof replay took 5.6ns 
58673      INFO  main            d.u.i.k.p.r.p.TestFile    ... finished proof: closed. 
58921      INFO  main            d.u.i.k.p.i.AbstractProblemLoader Loading environment from /home/runner/work/key/key/key.core/../key.ui/examples/performance-test/Test(Test__f1(int)).JML_normal_behavior_operation_contract.0.key.proof 
58927      DEBUG main            d.u.i.k.p.i.AbstractProblemLoader Environment load took 6.07ms 
58932      INFO  main            d.u.i.k.p.i.AbstractProblemLoader Creating init config 
61666      DEBUG main            d.u.i.k.j.r.ClassPreparationMethodBuilder clPrepBuilder: Inner Class detected. Reject building class initialisation methods. 
68040      DEBUG main            d.u.i.k.p.i.AbstractProblemLoader Init config took 9.11s 
68685      INFO  main            d.u.i.k.p.i.AbstractProblemLoader Replaying proof Test[Test::f1(int)].JML normal_behavior operation contract.0 
68733      DEBUG main            d.u.i.k.p.i.IntermediateProofReplayer Proof replay took 45.05ms 
68735      DEBUG main            d.u.i.k.p.r.p.TestFile    ... success: reloaded. 
411589     INFO  Test worker     d.u.i.k.p.r.p.StatisticsFile Returning from test performancePOConstruction 
411598     INFO  Test worker     d.u.i.k.p.r.p.StatisticsFile Running test applicationRestrictions 
387        INFO  Timeout watchdog d.u.i.k.p.r.p.ForkedTestFileRunner Timeout watcher launched (2000 secs.) 
392        WARN  main            d.u.i.k.s.ProofSettings   The settings in /home/runner/.key/proof-settings.props are *not* read. 
435        INFO  main            d.u.i.k.p.r.p.TestFile    Now processing file /home/runner/work/key/key/key.core/../key.ui/examples/heap/polarity_tests/wellformed1.key 
537        INFO  main            d.u.i.k.p.i.AbstractProblemLoader Loading environment from /home/runner/work/key/key/key.core/../key.ui/examples/heap/polarity_tests/wellformed1.key 
557        DEBUG main            d.u.i.k.p.i.AbstractProblemLoader Environment load took 1.84ms 
782        INFO  main            d.u.i.k.p.i.AbstractProblemLoader Creating init config 
1727       DEBUG main            d.u.i.k.j.TypeConverter   No LDT found for Meta 
1727       DEBUG main            d.u.i.k.j.TypeConverter   No LDT found for Meta 
1728       DEBUG main            d.u.i.k.j.TypeConverter   No LDT found for Meta 
1728       DEBUG main            d.u.i.k.j.TypeConverter   No LDT found for Meta 
3605       DEBUG main            d.u.i.k.j.TypeConverter   No LDT found for JavaBigintExpression 
8484       DEBUG main            d.u.i.k.p.i.AbstractProblemLoader Init config took 7.7s 
8568       INFO  main            d.u.i.k.p.i.AbstractProblemLoader Replaying proof wellformed1.key 
8603       DEBUG main            d.u.i.k.p.i.IntermediateProofReplayer Proof replay took 36.2ns 
8766       INFO  main            d.u.i.k.p.r.p.TestFile    ... finished proof: closed. 
8863       INFO  main            d.u.i.k.p.i.AbstractProblemLoader Loading environment from /home/runner/work/key/key/key.core/../key.ui/examples/heap/polarity_tests/wellformed1.key.proof 
8863       DEBUG main            d.u.i.k.p.i.AbstractProblemLoader Environment load took 150.6ns 
8867       INFO  main            d.u.i.k.p.i.AbstractProblemLoader Creating init config 
11551      DEBUG main            d.u.i.k.p.i.AbstractProblemLoader Init config took 2.68s 
11595      INFO  main            d.u.i.k.p.i.AbstractProblemLoader Replaying proof wellformed1.key.proof 
11601      DEBUG main            d.u.i.k.p.i.IntermediateProofReplayer Proof replay took 2.12ms 
11611      DEBUG main            d.u.i.k.p.r.p.TestFile    ... success: reloaded. 
11612      INFO  main            d.u.i.k.p.r.p.TestFile    Now processing file /home/runner/work/key/key/key.core/../key.ui/examples/heap/polarity_tests/wellformed2.key 
11613      INFO  main            d.u.i.k.p.i.AbstractProblemLoader Loading environment from /home/runner/work/key/key/key.core/../key.ui/examples/heap/polarity_tests/wellformed2.key 
11613      DEBUG main            d.u.i.k.p.i.AbstractProblemLoader Environment load took 258.1ns 
11615      INFO  main            d.u.i.k.p.i.AbstractProblemLoader Creating init config 
14198      DEBUG main            d.u.i.k.p.i.AbstractProblemLoader Init config took 2.58s 
14228      INFO  main            d.u.i.k.p.i.AbstractProblemLoader Replaying proof wellformed2.key 
14230      DEBUG main            d.u.i.k.p.i.IntermediateProofReplayer Proof replay took 6.1ns 
14335      INFO  main            d.u.i.k.p.r.p.TestFile    ... finished proof: open goal(s) 
14447      INFO  main            d.u.i.k.p.r.p.TestFile    Now processing file /home/runner/work/key/key/key.core/../key.ui/examples/heap/polarity_tests/wellformed3.key 
14447      INFO  main            d.u.i.k.p.i.AbstractProblemLoader Loading environment from /home/runner/work/key/key/key.core/../key.ui/examples/heap/polarity_tests/wellformed3.key 
14447      DEBUG main            d.u.i.k.p.i.AbstractProblemLoader Environment load took 69.8ns 
14450      INFO  main            d.u.i.k.p.i.AbstractProblemLoader Creating init config 
16916      DEBUG main            d.u.i.k.p.i.AbstractProblemLoader Init config took 2.47s 
16940      INFO  main            d.u.i.k.p.i.AbstractProblemLoader Replaying proof wellformed3.key 
16942      DEBUG main            d.u.i.k.p.i.IntermediateProofReplayer Proof replay took 6.9ns 
17047      INFO  main            d.u.i.k.p.r.p.TestFile    ... finished proof: closed. 
17171      INFO  main            d.u.i.k.p.i.AbstractProblemLoader Loading environment from /home/runner/work/key/key/key.core/../key.ui/examples/heap/polarity_tests/wellformed3.key.proof 
17171      DEBUG main            d.u.i.k.p.i.AbstractProblemLoader Environment load took 121.61ns 
17173      INFO  main            d.u.i.k.p.i.AbstractProblemLoader Creating init config 
19600      DEBUG main            d.u.i.k.p.i.AbstractProblemLoader Init config took 2.43s 
19623      INFO  main            d.u.i.k.p.i.AbstractProblemLoader Replaying proof wellformed3.key.proof 
19627      DEBUG main            d.u.i.k.p.i.IntermediateProofReplayer Proof replay took 1.8ms 
19628      DEBUG main            d.u.i.k.p.r.p.TestFile    ... success: reloaded. 
19629      INFO  main            d.u.i.k.p.r.p.TestFile    Now processing file /home/runner/work/key/key/key.core/../key.ui/examples/heap/polarity_tests/wellformed4.key 
19629      INFO  main            d.u.i.k.p.i.AbstractProblemLoader Loading environment from /home/runner/work/key/key/key.core/../key.ui/examples/heap/polarity_tests/wellformed4.key 
19630      DEBUG main            d.u.i.k.p.i.AbstractProblemLoader Environment load took 257.4ns 
19631      INFO  main            d.u.i.k.p.i.AbstractProblemLoader Creating init config 
21997      DEBUG main            d.u.i.k.p.i.AbstractProblemLoader Init config took 2.37s 
22017      INFO  main            d.u.i.k.p.i.AbstractProblemLoader Replaying proof wellformed4.key 
22019      DEBUG main            d.u.i.k.p.i.IntermediateProofReplayer Proof replay took 6.8ns 
22124      INFO  main            d.u.i.k.p.r.p.TestFile    ... finished proof: open goal(s) 
22249      INFO  main            d.u.i.k.p.r.p.TestFile    Now processing file /home/runner/work/key/key/key.core/../key.ui/examples/heap/polarity_tests/wellformed5.key 
22249      INFO  main            d.u.i.k.p.i.AbstractProblemLoader Loading environment from /home/runner/work/key/key/key.core/../key.ui/examples/heap/polarity_tests/wellformed5.key 
22249      DEBUG main            d.u.i.k.p.i.AbstractProblemLoader Environment load took 67.8ns 
22250      INFO  main            d.u.i.k.p.i.AbstractProblemLoader Creating init config 
24571      DEBUG main            d.u.i.k.p.i.AbstractProblemLoader Init config took 2.32s 
24590      INFO  main            d.u.i.k.p.i.AbstractProblemLoader Replaying proof wellformed5.key 
24591      DEBUG main            d.u.i.k.p.i.IntermediateProofReplayer Proof replay took 6.4ns 
24695      INFO  main            d.u.i.k.p.r.p.TestFile    ... finished proof: closed. 
24808      INFO  main            d.u.i.k.p.i.AbstractProblemLoader Loading environment from /home/runner/work/key/key/key.core/../key.ui/examples/heap/polarity_tests/wellformed5.key.proof 
24808      DEBUG main            d.u.i.k.p.i.AbstractProblemLoader Environment load took 110.7ns 
24809      INFO  main            d.u.i.k.p.i.AbstractProblemLoader Creating init config 
27149      DEBUG main            d.u.i.k.p.i.AbstractProblemLoader Init config took 2.34s 
27168      INFO  main            d.u.i.k.p.i.AbstractProblemLoader Replaying proof wellformed5.key.proof 
27171      DEBUG main            d.u.i.k.p.i.IntermediateProofReplayer Proof replay took 934.31ns 
27176      DEBUG main            d.u.i.k.p.r.p.TestFile    ... success: reloaded. 
27177      INFO  main            d.u.i.k.p.r.p.TestFile    Now processing file /home/runner/work/key/key/key.core/../key.ui/examples/heap/polarity_tests/wellformed6.key 
27177      INFO  main            d.u.i.k.p.i.AbstractProblemLoader Loading environment from /home/runner/work/key/key/key.core/../key.ui/examples/heap/polarity_tests/wellformed6.key 
27177      DEBUG main            d.u.i.k.p.i.AbstractProblemLoader Environment load took 150.4ns 
27180      INFO  main            d.u.i.k.p.i.AbstractProblemLoader Creating init config 
29529      DEBUG main            d.u.i.k.p.i.AbstractProblemLoader Init config took 2.35s 
29546      INFO  main            d.u.i.k.p.i.AbstractProblemLoader Replaying proof wellformed6.key 
29547      DEBUG main            d.u.i.k.p.i.IntermediateProofReplayer Proof replay took 6.1ns 
29651      INFO  main            d.u.i.k.p.r.p.TestFile    ... finished proof: open goal(s) 
29787      INFO  main            d.u.i.k.p.r.p.TestFile    Now processing file /home/runner/work/key/key/key.core/../key.ui/examples/heap/polarity_tests/wellformed7.key 
29787      INFO  main            d.u.i.k.p.i.AbstractProblemLoader Loading environment from /home/runner/work/key/key/key.core/../key.ui/examples/heap/polarity_tests/wellformed7.key 
29787      DEBUG main            d.u.i.k.p.i.AbstractProblemLoader Environment load took 61.4ns 
29788      INFO  main            d.u.i.k.p.i.AbstractProblemLoader Creating init config 
32109      DEBUG main            d.u.i.k.p.i.AbstractProblemLoader Init config took 2.32s 
32126      INFO  main            d.u.i.k.p.i.AbstractProblemLoader Replaying proof wellformed7.key 
32128      DEBUG main            d.u.i.k.p.i.IntermediateProofReplayer Proof replay took 8.1ns 
32230      INFO  main            d.u.i.k.p.r.p.TestFile    ... finished proof: closed. 
32371      INFO  main            d.u.i.k.p.i.AbstractProblemLoader Loading environment from /home/runner/work/key/key/key.core/../key.ui/examples/heap/polarity_tests/wellformed7.key.proof 
32371      DEBUG main            d.u.i.k.p.i.AbstractProblemLoader Environment load took 113.6ns 
32373      INFO  main            d.u.i.k.p.i.AbstractProblemLoader Creating init config 
34706      DEBUG main            d.u.i.k.p.i.AbstractProblemLoader Init config took 2.33s 
34722      INFO  main            d.u.i.k.p.i.AbstractProblemLoader Replaying proof wellformed7.key.proof 
34725      DEBUG main            d.u.i.k.p.i.IntermediateProofReplayer Proof replay took 1.47ms 
34726      DEBUG main            d.u.i.k.p.r.p.TestFile    ... success: reloaded. 
34727      INFO  main            d.u.i.k.p.r.p.TestFile    Now processing file /home/runner/work/key/key/key.core/../key.ui/examples/heap/polarity_tests/wellformed8.key 
34727      INFO  main            d.u.i.k.p.i.AbstractProblemLoader Loading environment from /home/runner/work/key/key/key.core/../key.ui/examples/heap/polarity_tests/wellformed8.key 
34727      DEBUG main            d.u.i.k.p.i.AbstractProblemLoader Environment load took 222.7ns 
34728      INFO  main            d.u.i.k.p.i.AbstractProblemLoader Creating init config 
37078      DEBUG main            d.u.i.k.p.i.AbstractProblemLoader Init config took 2.35s 
37094      INFO  main            d.u.i.k.p.i.AbstractProblemLoader Replaying proof wellformed8.key 
37095      DEBUG main            d.u.i.k.p.i.IntermediateProofReplayer Proof replay took 7.5ns 
37199      INFO  main            d.u.i.k.p.r.p.TestFile    ... finished proof: open goal(s) 
37371      INFO  main            d.u.i.k.p.r.p.TestFile    Now processing file /home/runner/work/key/key/key.core/../key.ui/examples/heap/polarity_tests/wellformed9.key 
37371      INFO  main            d.u.i.k.p.i.AbstractProblemLoader Loading environment from /home/runner/work/key/key/key.core/../key.ui/examples/heap/polarity_tests/wellformed9.key 
37371      DEBUG main            d.u.i.k.p.i.AbstractProblemLoader Environment load took 67.4ns 
37372      INFO  main            d.u.i.k.p.i.AbstractProblemLoader Creating init config 
39703      DEBUG main            d.u.i.k.p.i.AbstractProblemLoader Init config took 2.33s 
39718      INFO  main            d.u.i.k.p.i.AbstractProblemLoader Replaying proof wellformed9.key 
39720      DEBUG main            d.u.i.k.p.i.IntermediateProofReplayer Proof replay took 7.1ns 
39822      INFO  main            d.u.i.k.p.r.p.TestFile    ... finished proof: closed. 
39951      INFO  main            d.u.i.k.p.i.AbstractProblemLoader Loading environment from /home/runner/work/key/key/key.core/../key.ui/examples/heap/polarity_tests/wellformed9.key.proof 
39951      DEBUG main            d.u.i.k.p.i.AbstractProblemLoader Environment load took 114ns 
39952      INFO  main            d.u.i.k.p.i.AbstractProblemLoader Creating init config 
42279      DEBUG main            d.u.i.k.p.i.AbstractProblemLoader Init config took 2.33s 
42295      INFO  main            d.u.i.k.p.i.AbstractProblemLoader Replaying proof wellformed9.key.proof 
42299      DEBUG main            d.u.i.k.p.i.IntermediateProofReplayer Proof replay took 1.67ms 
42300      DEBUG main            d.u.i.k.p.r.p.TestFile    ... success: reloaded. 
42301      INFO  main            d.u.i.k.p.r.p.TestFile    Now processing file /home/runner/work/key/key/key.core/../key.ui/examples/heap/polarity_tests/wellformed10.key 
42301      INFO  main            d.u.i.k.p.i.AbstractProblemLoader Loading environment from /home/runner/work/key/key/key.core/../key.ui/examples/heap/polarity_tests/wellformed10.key 
42302      DEBUG main            d.u.i.k.p.i.AbstractProblemLoader Environment load took 249.8ns 
42303      INFO  main            d.u.i.k.p.i.AbstractProblemLoader Creating init config 
44649      DEBUG main            d.u.i.k.p.i.AbstractProblemLoader Init config took 2.35s 
44664      INFO  main            d.u.i.k.p.i.AbstractProblemLoader Replaying proof wellformed10.key 
44666      DEBUG main            d.u.i.k.p.i.IntermediateProofReplayer Proof replay took 21.2ns 
44768      INFO  main            d.u.i.k.p.r.p.TestFile    ... finished proof: open goal(s) 
44967      INFO  main            d.u.i.k.p.r.p.TestFile    Now processing file /home/runner/work/key/key/key.core/../key.ui/examples/heap/polarity_tests/wellformed11.key 
44968      INFO  main            d.u.i.k.p.i.AbstractProblemLoader Loading environment from /home/runner/work/key/key/key.core/../key.ui/examples/heap/polarity_tests/wellformed11.key 
44968      DEBUG main            d.u.i.k.p.i.AbstractProblemLoader Environment load took 77ns 
44969      INFO  main            d.u.i.k.p.i.AbstractProblemLoader Creating init config 
47262      DEBUG main            d.u.i.k.p.i.AbstractProblemLoader Init config took 2.29s 
47277      INFO  main            d.u.i.k.p.i.AbstractProblemLoader Replaying proof wellformed11.key 
47278      DEBUG main            d.u.i.k.p.i.IntermediateProofReplayer Proof replay took 7.7ns 
47384      INFO  main            d.u.i.k.p.r.p.TestFile    ... finished proof: open goal(s) 
459287     INFO  Test worker     d.u.i.k.p.r.p.StatisticsFile Returning from test applicationRestrictions 
459290     INFO  Test worker     d.u.i.k.p.r.p.StatisticsFile Running test blockContracts 
360        INFO  Timeout watchdog d.u.i.k.p.r.p.ForkedTestFileRunner Timeout watcher launched (2000 secs.) 
372        WARN  main            d.u.i.k.s.ProofSettings   The settings in /home/runner/.key/proof-settings.props are *not* read. 
403        INFO  main            d.u.i.k.p.r.p.TestFile    Now processing file /home/runner/work/key/key/key.core/../key.ui/examples/heap/block_contracts/Simple__add.key 
530        INFO  main            d.u.i.k.p.i.AbstractProblemLoader Loading environment from /home/runner/work/key/key/key.core/../key.ui/examples/heap/block_contracts/Simple__add.key 
551        DEBUG main            d.u.i.k.p.i.AbstractProblemLoader Environment load took 2.11ms 
764        INFO  main            d.u.i.k.p.i.AbstractProblemLoader Creating init config 
1667       DEBUG main            d.u.i.k.j.TypeConverter   No LDT found for Meta 
1668       DEBUG main            d.u.i.k.j.TypeConverter   No LDT found for Meta 
1669       DEBUG main            d.u.i.k.j.TypeConverter   No LDT found for Meta 
1670       DEBUG main            d.u.i.k.j.TypeConverter   No LDT found for Meta 
3550       DEBUG main            d.u.i.k.j.TypeConverter   No LDT found for JavaBigintExpression 
8929       DEBUG main            d.u.i.k.p.i.AbstractProblemLoader Init config took 8.17s 
9052       INFO  main            d.u.i.k.p.i.AbstractProblemLoader Replaying proof Simple[Simple::add(int,int)].JML operation contract.0 
9118       DEBUG main            d.u.i.k.p.i.IntermediateProofReplayer Proof replay took 344.5ns 
9844       INFO  main            d.u.i.k.p.r.p.TestFile    ... finished proof: closed. 
9967       INFO  main            d.u.i.k.p.i.AbstractProblemLoader Loading environment from /home/runner/work/key/key/key.core/../key.ui/examples/heap/block_contracts/Simple__add.key.proof 
9968       DEBUG main            d.u.i.k.p.i.AbstractProblemLoader Environment load took 855.61ns 
9973       INFO  main            d.u.i.k.p.i.AbstractProblemLoader Creating init config 
13059      DEBUG main            d.u.i.k.p.i.AbstractProblemLoader Init config took 3.09s 
13121      INFO  main            d.u.i.k.p.i.AbstractProblemLoader Replaying proof Simple[Simple::add(int,int)].JML operation contract.0 
13218      DEBUG main            d.u.i.k.p.i.IntermediateProofReplayer Proof replay took 92.24ms 
13226      DEBUG main            d.u.i.k.p.r.p.TestFile    ... success: reloaded. 
13230      INFO  main            d.u.i.k.p.r.p.TestFile    Now processing file /home/runner/work/key/key/key.core/../key.ui/examples/heap/block_contracts/Simple__addAbsoluteValues.key 
13230      INFO  main            d.u.i.k.p.i.AbstractProblemLoader Loading environment from /home/runner/work/key/key/key.core/../key.ui/examples/heap/block_contracts/Simple__addAbsoluteValues.key 
13230      DEBUG main            d.u.i.k.p.i.AbstractProblemLoader Environment load took 115.8ns 
13233      INFO  main            d.u.i.k.p.i.AbstractProblemLoader Creating init config 
16296      DEBUG main            d.u.i.k.p.i.AbstractProblemLoader Init config took 3.06s 
16357      INFO  main            d.u.i.k.p.i.AbstractProblemLoader Replaying proof Simple[Simple::addAbsoluteValues(int,int)].JML normal_behavior operation contract.0 
16360      DEBUG main            d.u.i.k.p.i.IntermediateProofReplayer Proof replay took 16.4ns 
17368      INFO  main            d.u.i.k.p.r.p.TestFile    ... finished proof: closed. 
17553      INFO  main            d.u.i.k.p.i.AbstractProblemLoader Loading environment from /home/runner/work/key/key/key.core/../key.ui/examples/heap/block_contracts/Simple__addAbsoluteValues.key.proof 
17554      DEBUG main            d.u.i.k.p.i.AbstractProblemLoader Environment load took 527.8ns 
17559      INFO  main            d.u.i.k.p.i.AbstractProblemLoader Creating init config 
20502      DEBUG main            d.u.i.k.p.i.AbstractProblemLoader Init config took 2.94s 
20557      INFO  main            d.u.i.k.p.i.AbstractProblemLoader Replaying proof Simple[Simple::addAbsoluteValues(int,int)].JML normal_behavior operation contract.0 
20696      DEBUG main            d.u.i.k.p.i.IntermediateProofReplayer Proof replay took 130.65ms 
20697      DEBUG main            d.u.i.k.p.r.p.TestFile    ... success: reloaded. 
20699      INFO  main            d.u.i.k.p.r.p.TestFile    Now processing file /home/runner/work/key/key/key.core/../key.ui/examples/heap/block_contracts/Simple__addWithJump.key 
20699      INFO  main            d.u.i.k.p.i.AbstractProblemLoader Loading environment from /home/runner/work/key/key/key.core/../key.ui/examples/heap/block_contracts/Simple__addWithJump.key 
20700      DEBUG main            d.u.i.k.p.i.AbstractProblemLoader Environment load took 220.9ns 
20701      INFO  main            d.u.i.k.p.i.AbstractProblemLoader Creating init config 
23586      DEBUG main            d.u.i.k.p.i.AbstractProblemLoader Init config took 2.88s 
23638      INFO  main            d.u.i.k.p.i.AbstractProblemLoader Replaying proof Simple[Simple::addWithJump(int,int,int)].JML operation contract.0 
23641      DEBUG main            d.u.i.k.p.i.IntermediateProofReplayer Proof replay took 11.6ns 
23843      INFO  main            d.u.i.k.p.r.p.TestFile    ... finished proof: closed. 
24011      INFO  main            d.u.i.k.p.i.AbstractProblemLoader Loading environment from /home/runner/work/key/key/key.core/../key.ui/examples/heap/block_contracts/Simple__addWithJump.key.proof 
24011      DEBUG main            d.u.i.k.p.i.AbstractProblemLoader Environment load took 116.4ns 
24012      INFO  main            d.u.i.k.p.i.AbstractProblemLoader Creating init config 
26796      DEBUG main            d.u.i.k.p.i.AbstractProblemLoader Init config took 2.78s 
26844      INFO  main            d.u.i.k.p.i.AbstractProblemLoader Replaying proof Simple[Simple::addWithJump(int,int,int)].JML operation contract.0 
26881      DEBUG main            d.u.i.k.p.i.IntermediateProofReplayer Proof replay took 34.27ms 
26882      DEBUG main            d.u.i.k.p.r.p.TestFile    ... success: reloaded. 
26883      INFO  main            d.u.i.k.p.r.p.TestFile    Now processing file /home/runner/work/key/key/key.core/../key.ui/examples/heap/block_contracts/Simple__addWithTwoBlockContracts.key 
26884      INFO  main            d.u.i.k.p.i.AbstractProblemLoader Loading environment from /home/runner/work/key/key/key.core/../key.ui/examples/heap/block_contracts/Simple__addWithTwoBlockContracts.key 
26884      DEBUG main            d.u.i.k.p.i.AbstractProblemLoader Environment load took 215.4ns 
26885      INFO  main            d.u.i.k.p.i.AbstractProblemLoader Creating init config 
29705      DEBUG main            d.u.i.k.p.i.AbstractProblemLoader Init config took 2.82s 
29751      INFO  main            d.u.i.k.p.i.AbstractProblemLoader Replaying proof Simple[Simple::addWithTwoBlockContracts(int,int,int)].JML operation contract.0 
29753      DEBUG main            d.u.i.k.p.i.IntermediateProofReplayer Proof replay took 11.7ns 
29959      INFO  main            d.u.i.k.p.r.p.TestFile    ... finished proof: closed. 
30132      INFO  main            d.u.i.k.p.i.AbstractProblemLoader Loading environment from /home/runner/work/key/key/key.core/../key.ui/examples/heap/block_contracts/Simple__addWithTwoBlockContracts.key.proof 
30132      DEBUG main            d.u.i.k.p.i.AbstractProblemLoader Environment load took 133.7ns 
30134      INFO  main            d.u.i.k.p.i.AbstractProblemLoader Creating init config 
32945      DEBUG main            d.u.i.k.p.i.AbstractProblemLoader Init config took 2.81s 
32993      INFO  main            d.u.i.k.p.i.AbstractProblemLoader Replaying proof Simple[Simple::addWithTwoBlockContracts(int,int,int)].JML operation contract.0 
33042      DEBUG main            d.u.i.k.p.i.IntermediateProofReplayer Proof replay took 45.81ms 
33043      DEBUG main            d.u.i.k.p.r.p.TestFile    ... success: reloaded. 
33045      INFO  main            d.u.i.k.p.r.p.TestFile    Now processing file /home/runner/work/key/key/key.core/../key.ui/examples/heap/block_contracts/Simple__generateByteArray.key 
33045      INFO  main            d.u.i.k.p.i.AbstractProblemLoader Loading environment from /home/runner/work/key/key/key.core/../key.ui/examples/heap/block_contracts/Simple__generateByteArray.key 
33045      DEBUG main            d.u.i.k.p.i.AbstractProblemLoader Environment load took 216.5ns 
33046      INFO  main            d.u.i.k.p.i.AbstractProblemLoader Creating init config 
35877      DEBUG main            d.u.i.k.p.i.AbstractProblemLoader Init config took 2.83s 
35924      INFO  main            d.u.i.k.p.i.AbstractProblemLoader Replaying proof Simple[Simple::generateByteArray()].JML normal_behavior operation contract.0 
35926      DEBUG main            d.u.i.k.p.i.IntermediateProofReplayer Proof replay took 11ns 
37536      INFO  main            d.u.i.k.p.r.p.TestFile    ... finished proof: closed. 
37721      INFO  main            d.u.i.k.p.i.AbstractProblemLoader Loading environment from /home/runner/work/key/key/key.core/../key.ui/examples/heap/block_contracts/Simple__generateByteArray.key.proof 
37721      DEBUG main            d.u.i.k.p.i.AbstractProblemLoader Environment load took 469.7ns 
37723      INFO  main            d.u.i.k.p.i.AbstractProblemLoader Creating init config 
40479      DEBUG main            d.u.i.k.p.i.AbstractProblemLoader Init config took 2.76s 
40524      INFO  main            d.u.i.k.p.i.AbstractProblemLoader Replaying proof Simple[Simple::generateByteArray()].JML normal_behavior operation contract.0 
40717      DEBUG main            d.u.i.k.p.i.IntermediateProofReplayer Proof replay took 178.75ms 
40719      DEBUG main            d.u.i.k.p.r.p.TestFile    ... success: reloaded. 
40720      INFO  main            d.u.i.k.p.r.p.TestFile    Now processing file /home/runner/work/key/key/key.core/../key.ui/examples/heap/block_contracts/Simple__getLength.key 
40720      INFO  main            d.u.i.k.p.i.AbstractProblemLoader Loading environment from /home/runner/work/key/key/key.core/../key.ui/examples/heap/block_contracts/Simple__getLength.key 
40721      DEBUG main            d.u.i.k.p.i.AbstractProblemLoader Environment load took 228.5ns 
40724      INFO  main            d.u.i.k.p.i.AbstractProblemLoader Creating init config 
43543      DEBUG main            d.u.i.k.p.i.AbstractProblemLoader Init config took 2.82s 
43588      INFO  main            d.u.i.k.p.i.AbstractProblemLoader Replaying proof Simple[Simple::getLength()].JML normal_behavior operation contract.0 
43590      DEBUG main            d.u.i.k.p.i.IntermediateProofReplayer Proof replay took 10.9ns 
43695      INFO  main            d.u.i.k.p.r.p.TestFile    ... finished proof: closed. 
43884      INFO  main            d.u.i.k.p.i.AbstractProblemLoader Loading environment from /home/runner/work/key/key/key.core/../key.ui/examples/heap/block_contracts/Simple__getLength.key.proof 
43884      DEBUG main            d.u.i.k.p.i.AbstractProblemLoader Environment load took 120.7ns 
43885      INFO  main            d.u.i.k.p.i.AbstractProblemLoader Creating init config 
46605      DEBUG main            d.u.i.k.p.i.AbstractProblemLoader Init config took 2.72s 
46647      INFO  main            d.u.i.k.p.i.AbstractProblemLoader Replaying proof Simple[Simple::getLength()].JML normal_behavior operation contract.0 
46655      DEBUG main            d.u.i.k.p.i.IntermediateProofReplayer Proof replay took 6.08ms 
46656      DEBUG main            d.u.i.k.p.r.p.TestFile    ... success: reloaded. 
46657      INFO  main            d.u.i.k.p.r.p.TestFile    Now processing file /home/runner/work/key/key/key.core/../key.ui/examples/heap/block_contracts/Simple__square.key 
46657      INFO  main            d.u.i.k.p.i.AbstractProblemLoader Loading environment from /home/runner/work/key/key/key.core/../key.ui/examples/heap/block_contracts/Simple__square.key 
46657      DEBUG main            d.u.i.k.p.i.AbstractProblemLoader Environment load took 93.6ns 
46658      INFO  main            d.u.i.k.p.i.AbstractProblemLoader Creating init config 
49427      DEBUG main            d.u.i.k.p.i.AbstractProblemLoader Init config took 2.77s 
49472      INFO  main            d.u.i.k.p.i.AbstractProblemLoader Replaying proof Simple[Simple::square(int)].JML operation contract.0 
49474      DEBUG main            d.u.i.k.p.i.IntermediateProofReplayer Proof replay took 12.3ns 
49877      INFO  main            d.u.i.k.p.r.p.TestFile    ... finished proof: closed. 
50056      INFO  main            d.u.i.k.p.i.AbstractProblemLoader Loading environment from /home/runner/work/key/key/key.core/../key.ui/examples/heap/block_contracts/Simple__square.key.proof 
50057      DEBUG main            d.u.i.k.p.i.AbstractProblemLoader Environment load took 113.4ns 
50057      INFO  main            d.u.i.k.p.i.AbstractProblemLoader Creating init config 
52821      DEBUG main            d.u.i.k.p.i.AbstractProblemLoader Init config took 2.76s 
52892      INFO  main            d.u.i.k.p.i.AbstractProblemLoader Replaying proof Simple[Simple::square(int)].JML operation contract.0 
52974      DEBUG main            d.u.i.k.p.i.IntermediateProofReplayer Proof replay took 77.29ms 
52976      DEBUG main            d.u.i.k.p.r.p.TestFile    ... success: reloaded. 
52977      INFO  main            d.u.i.k.p.r.p.TestFile    Now processing file /home/runner/work/key/key/key.core/../key.ui/examples/heap/block_contracts/Simple__unnecessaryBlockContract.key 
52978      INFO  main            d.u.i.k.p.i.AbstractProblemLoader Loading environment from /home/runner/work/key/key/key.core/../key.ui/examples/heap/block_contracts/Simple__unnecessaryBlockContract.key 
52978      DEBUG main            d.u.i.k.p.i.AbstractProblemLoader Environment load took 220.7ns 
52979      INFO  main            d.u.i.k.p.i.AbstractProblemLoader Creating init config 
55736      DEBUG main            d.u.i.k.p.i.AbstractProblemLoader Init config took 2.76s 
55779      INFO  main            d.u.i.k.p.i.AbstractProblemLoader Replaying proof Simple[Simple::unnecessaryBlockContract()].JML operation contract.0 
55781      DEBUG main            d.u.i.k.p.i.IntermediateProofReplayer Proof replay took 13.5ns 
55884      INFO  main            d.u.i.k.p.r.p.TestFile    ... finished proof: closed. 
56086      INFO  main            d.u.i.k.p.i.AbstractProblemLoader Loading environment from /home/runner/work/key/key/key.core/../key.ui/examples/heap/block_contracts/Simple__unnecessaryBlockContract.key.proof 
56086      DEBUG main            d.u.i.k.p.i.AbstractProblemLoader Environment load took 136.7ns 
56088      INFO  main            d.u.i.k.p.i.AbstractProblemLoader Creating init config 
58824      DEBUG main            d.u.i.k.p.i.AbstractProblemLoader Init config took 2.74s 
58864      INFO  main            d.u.i.k.p.i.AbstractProblemLoader Replaying proof Simple[Simple::unnecessaryBlockContract()].JML operation contract.0 
58884      DEBUG main            d.u.i.k.p.i.IntermediateProofReplayer Proof replay took 17.9ms 
58886      DEBUG main            d.u.i.k.p.r.p.TestFile    ... success: reloaded. 
58888      INFO  main            d.u.i.k.p.r.p.TestFile    Now processing file /home/runner/work/key/key/key.core/../key.ui/examples/heap/block_contracts/Simple__unnecessaryLoopInvariant.key 
58890      INFO  main            d.u.i.k.p.i.AbstractProblemLoader Loading environment from /home/runner/work/key/key/key.core/../key.ui/examples/heap/block_contracts/Simple__unnecessaryLoopInvariant.key 
58890      DEBUG main            d.u.i.k.p.i.AbstractProblemLoader Environment load took 401.6ns 
58891      INFO  main            d.u.i.k.p.i.AbstractProblemLoader Creating init config 
61604      DEBUG main            d.u.i.k.p.i.AbstractProblemLoader Init config took 2.71s 
61643      INFO  main            d.u.i.k.p.i.AbstractProblemLoader Replaying proof Simple[Simple::unnecessaryLoopInvariant()].JML operation contract.0 
61645      DEBUG main            d.u.i.k.p.i.IntermediateProofReplayer Proof replay took 13.8ns 
61747      INFO  main            d.u.i.k.p.r.p.TestFile    ... finished proof: closed. 
61927      INFO  main            d.u.i.k.p.i.AbstractProblemLoader Loading environment from /home/runner/work/key/key/key.core/../key.ui/examples/heap/block_contracts/Simple__unnecessaryLoopInvariant.key.proof 
61927      DEBUG main            d.u.i.k.p.i.AbstractProblemLoader Environment load took 110.7ns 
61927      INFO  main            d.u.i.k.p.i.AbstractProblemLoader Creating init config 
64646      DEBUG main            d.u.i.k.p.i.AbstractProblemLoader Init config took 2.72s 
64684      INFO  main            d.u.i.k.p.i.AbstractProblemLoader Replaying proof Simple[Simple::unnecessaryLoopInvariant()].JML operation contract.0 
64694      DEBUG main            d.u.i.k.p.i.IntermediateProofReplayer Proof replay took 8.65ms 
64695      DEBUG main            d.u.i.k.p.r.p.TestFile    ... success: reloaded. 
64697      INFO  main            d.u.i.k.p.r.p.TestFile    Now processing file /home/runner/work/key/key/key.core/../key.ui/examples/standard_key/java_dl/jml-assert/assert.key 
64697      INFO  main            d.u.i.k.p.i.AbstractProblemLoader Loading environment from /home/runner/work/key/key/key.core/../key.ui/examples/standard_key/java_dl/jml-assert/assert.key 
64697      DEBUG main            d.u.i.k.p.i.AbstractProblemLoader Environment load took 207.3ns 
64698      INFO  main            d.u.i.k.p.i.AbstractProblemLoader Creating init config 
67186      DEBUG main            d.u.i.k.p.i.AbstractProblemLoader Init config took 2.49s 
67229      INFO  main            d.u.i.k.p.i.AbstractProblemLoader Replaying proof Assert[Assert::createArray(int)].JML normal_behavior operation contract.0 
67231      DEBUG main            d.u.i.k.p.i.IntermediateProofReplayer Proof replay took 6.5ns 
67434      INFO  main            d.u.i.k.p.r.p.TestFile    ... finished proof: closed. 
67627      INFO  main            d.u.i.k.p.i.AbstractProblemLoader Loading environment from /home/runner/work/key/key/key.core/../key.ui/examples/standard_key/java_dl/jml-assert/assert.key.proof 
67627      DEBUG main            d.u.i.k.p.i.AbstractProblemLoader Environment load took 113.3ns 
67628      INFO  main            d.u.i.k.p.i.AbstractProblemLoader Creating init config 
70003      DEBUG main            d.u.i.k.p.i.AbstractProblemLoader Init config took 2.37s 
70040      INFO  main            d.u.i.k.p.i.AbstractProblemLoader Replaying proof Assert[Assert::createArray(int)].JML normal_behavior operation contract.0 
70075      DEBUG main            d.u.i.k.p.i.IntermediateProofReplayer Proof replay took 32.77ms 
70076      DEBUG main            d.u.i.k.p.r.p.TestFile    ... success: reloaded. 
70077      INFO  main            d.u.i.k.p.r.p.TestFile    Now processing file /home/runner/work/key/key/key.core/../key.ui/examples/standard_key/java_dl/jml-assert/assert_assume_order.key 
70078      INFO  main            d.u.i.k.p.i.AbstractProblemLoader Loading environment from /home/runner/work/key/key/key.core/../key.ui/examples/standard_key/java_dl/jml-assert/assert_assume_order.key 
70078      DEBUG main            d.u.i.k.p.i.AbstractProblemLoader Environment load took 134.3ns 
70079      INFO  main            d.u.i.k.p.i.AbstractProblemLoader Creating init config 
72524      DEBUG main            d.u.i.k.p.i.AbstractProblemLoader Init config took 2.44s 
72560      INFO  main            d.u.i.k.p.i.AbstractProblemLoader Replaying proof AssertAssume[AssertAssume::singleAssumeAssert(int)].JML normal_behavior operation contract.0 
72562      DEBUG main            d.u.i.k.p.i.IntermediateProofReplayer Proof replay took 6.4ns 
72669      INFO  main            d.u.i.k.p.r.p.TestFile    ... finished proof: closed. 
72845      INFO  main            d.u.i.k.p.i.AbstractProblemLoader Loading environment from /home/runner/work/key/key/key.core/../key.ui/examples/standard_key/java_dl/jml-assert/assert_assume_order.key.proof 
72845      DEBUG main            d.u.i.k.p.i.AbstractProblemLoader Environment load took 114.6ns 
72846      INFO  main            d.u.i.k.p.i.AbstractProblemLoader Creating init config 
75179      DEBUG main            d.u.i.k.p.i.AbstractProblemLoader Init config took 2.33s 
75216      INFO  main            d.u.i.k.p.i.AbstractProblemLoader Replaying proof AssertAssume[AssertAssume::singleAssumeAssert(int)].JML normal_behavior operation contract.0 
75225      DEBUG main            d.u.i.k.p.i.IntermediateProofReplayer Proof replay took 6.67ms 
75226      DEBUG main            d.u.i.k.p.r.p.TestFile    ... success: reloaded. 
75227      INFO  main            d.u.i.k.p.r.p.TestFile    Now processing file /home/runner/work/key/key/key.core/../key.ui/examples/heap/block_loop_contracts/SimpleVariants/sum_onBlock_external.key 
75227      INFO  main            d.u.i.k.p.i.AbstractProblemLoader Loading environment from /home/runner/work/key/key/key.core/../key.ui/examples/heap/block_loop_contracts/SimpleVariants/sum_onBlock_external.key 
75227      DEBUG main            d.u.i.k.p.i.AbstractProblemLoader Environment load took 102.2ns 
75228      INFO  main            d.u.i.k.p.i.AbstractProblemLoader Creating init config 
77869      DEBUG main            d.u.i.k.p.i.AbstractProblemLoader Init config took 2.64s 
77905      INFO  main            d.u.i.k.p.i.AbstractProblemLoader Replaying proof LoopContractExamplesAll[LoopContractExamplesAll::sum_loopContract_onBlock([I)].JML normal_behavior operation contract.0 
77907      DEBUG main            d.u.i.k.p.i.IntermediateProofReplayer Proof replay took 12.5ns 
78011      INFO  main            d.u.i.k.p.r.p.TestFile    ... finished proof: closed. 
78225      INFO  main            d.u.i.k.p.i.AbstractProblemLoader Loading environment from /home/runner/work/key/key/key.core/../key.ui/examples/heap/block_loop_contracts/SimpleVariants/sum_onBlock_external.key.proof 
78226      DEBUG main            d.u.i.k.p.i.AbstractProblemLoader Environment load took 389.2ns 
78227      INFO  main            d.u.i.k.p.i.AbstractProblemLoader Creating init config 
80803      DEBUG main            d.u.i.k.p.i.AbstractProblemLoader Init config took 2.58s 
80839      INFO  main            d.u.i.k.p.i.AbstractProblemLoader Replaying proof LoopContractExamplesAll[LoopContractExamplesAll::sum_loopContract_onBlock([I)].JML normal_behavior operation contract.0 
80869      DEBUG main            d.u.i.k.p.i.IntermediateProofReplayer Proof replay took 27.78ms 
80870      DEBUG main            d.u.i.k.p.r.p.TestFile    ... success: reloaded. 
80871      INFO  main            d.u.i.k.p.r.p.TestFile    Now processing file /home/runner/work/key/key/key.core/../key.ui/examples/heap/block_loop_contracts/SimpleVariants/sum_onBlock_internal.key 
80872      INFO  main            d.u.i.k.p.i.AbstractProblemLoader Loading environment from /home/runner/work/key/key/key.core/../key.ui/examples/heap/block_loop_contracts/SimpleVariants/sum_onBlock_internal.key 
80872      DEBUG main            d.u.i.k.p.i.AbstractProblemLoader Environment load took 210.4ns 
80873      INFO  main            d.u.i.k.p.i.AbstractProblemLoader Creating init config 
83474      DEBUG main            d.u.i.k.p.i.AbstractProblemLoader Init config took 2.6s 
83509      INFO  main            d.u.i.k.p.i.AbstractProblemLoader Replaying proof LoopContractExamplesAll[LoopContractExamplesAll::sum_loopContract_onBlock([I)].JML normal_behavior operation contract.0 
83511      DEBUG main            d.u.i.k.p.i.IntermediateProofReplayer Proof replay took 11.5ns 
84114      INFO  main            d.u.i.k.p.r.p.TestFile    ... finished proof: closed. 
84355      INFO  main            d.u.i.k.p.i.AbstractProblemLoader Loading environment from /home/runner/work/key/key/key.core/../key.ui/examples/heap/block_loop_contracts/SimpleVariants/sum_onBlock_internal.key.proof 
84355      DEBUG main            d.u.i.k.p.i.AbstractProblemLoader Environment load took 107ns 
84356      INFO  main            d.u.i.k.p.i.AbstractProblemLoader Creating init config 
86904      DEBUG main            d.u.i.k.p.i.AbstractProblemLoader Init config took 2.55s 
86939      INFO  main            d.u.i.k.p.i.AbstractProblemLoader Replaying proof LoopContractExamplesAll[LoopContractExamplesAll::sum_loopContract_onBlock([I)].JML normal_behavior operation contract.0 
87115      DEBUG main            d.u.i.k.p.i.IntermediateProofReplayer Proof replay took 172.25ms 
87116      DEBUG main            d.u.i.k.p.r.p.TestFile    ... success: reloaded. 
87117      INFO  main            d.u.i.k.p.r.p.TestFile    Now processing file /home/runner/work/key/key/key.core/../key.ui/examples/heap/block_loop_contracts/SimpleVariants/sum_onBlock_loop.key 
87117      INFO  main            d.u.i.k.p.i.AbstractProblemLoader Loading environment from /home/runner/work/key/key/key.core/../key.ui/examples/heap/block_loop_contracts/SimpleVariants/sum_onBlock_loop.key 
87117      DEBUG main            d.u.i.k.p.i.AbstractProblemLoader Environment load took 79.1ns 
87118      INFO  main            d.u.i.k.p.i.AbstractProblemLoader Creating init config 
89725      DEBUG main            d.u.i.k.p.i.AbstractProblemLoader Init config took 2.61s 
89763      INFO  main            d.u.i.k.p.i.AbstractProblemLoader Replaying proof LoopContractExamplesAll[LoopContractExamplesAll::sum_loopContract_onBlock([I)].JML normal_behavior loop contract.0 
89765      DEBUG main            d.u.i.k.p.i.IntermediateProofReplayer Proof replay took 12.5ns 
90469      INFO  main            d.u.i.k.p.r.p.TestFile    ... finished proof: closed. 
90738      INFO  main            d.u.i.k.p.i.AbstractProblemLoader Loading environment from /home/runner/work/key/key/key.core/../key.ui/examples/heap/block_loop_contracts/SimpleVariants/sum_onBlock_loop.key.proof 
90738      DEBUG main            d.u.i.k.p.i.AbstractProblemLoader Environment load took 181.7ns 
90739      INFO  main            d.u.i.k.p.i.AbstractProblemLoader Creating init config 
93259      DEBUG main            d.u.i.k.p.i.AbstractProblemLoader Init config took 2.52s 
93296      INFO  main            d.u.i.k.p.i.AbstractProblemLoader Replaying proof LoopContractExamplesAll[LoopContractExamplesAll::sum_loopContract_onBlock([I)].JML normal_behavior loop contract.0 
93497      DEBUG main            d.u.i.k.p.i.IntermediateProofReplayer Proof replay took 197.38ms 
93498      DEBUG main            d.u.i.k.p.r.p.TestFile    ... success: reloaded. 
93499      INFO  main            d.u.i.k.p.r.p.TestFile    Now processing file /home/runner/work/key/key/key.core/../key.ui/examples/heap/block_loop_contracts/SimpleVariants/sum_onLoop_external.key 
93500      INFO  main            d.u.i.k.p.i.AbstractProblemLoader Loading environment from /home/runner/work/key/key/key.core/../key.ui/examples/heap/block_loop_contracts/SimpleVariants/sum_onLoop_external.key 
93500      DEBUG main            d.u.i.k.p.i.AbstractProblemLoader Environment load took 214.1ns 
93501      INFO  main            d.u.i.k.p.i.AbstractProblemLoader Creating init config 
96084      DEBUG main            d.u.i.k.p.i.AbstractProblemLoader Init config took 2.58s 
96119      INFO  main            d.u.i.k.p.i.AbstractProblemLoader Replaying proof LoopContractExamplesAll[LoopContractExamplesAll::sum_loopContract_onLoop([I)].JML normal_behavior operation contract.0 
96121      DEBUG main            d.u.i.k.p.i.IntermediateProofReplayer Proof replay took 25.6ns 
96227      INFO  main            d.u.i.k.p.r.p.TestFile    ... finished proof: closed. 
96483      INFO  main            d.u.i.k.p.i.AbstractProblemLoader Loading environment from /home/runner/work/key/key/key.core/../key.ui/examples/heap/block_loop_contracts/SimpleVariants/sum_onLoop_external.key.proof 
96483      DEBUG main            d.u.i.k.p.i.AbstractProblemLoader Environment load took 111.3ns 
96484      INFO  main            d.u.i.k.p.i.AbstractProblemLoader Creating init config 
98992      DEBUG main            d.u.i.k.p.i.AbstractProblemLoader Init config took 2.51s 
99026      INFO  main            d.u.i.k.p.i.AbstractProblemLoader Replaying proof LoopContractExamplesAll[LoopContractExamplesAll::sum_loopContract_onLoop([I)].JML normal_behavior operation contract.0 
99051      DEBUG main            d.u.i.k.p.i.IntermediateProofReplayer Proof replay took 23.14ms 
99052      DEBUG main            d.u.i.k.p.r.p.TestFile    ... success: reloaded. 
99053      INFO  main            d.u.i.k.p.r.p.TestFile    Now processing file /home/runner/work/key/key/key.core/../key.ui/examples/heap/block_loop_contracts/SimpleVariants/sum_onLoop_internal.key 
99053      INFO  main            d.u.i.k.p.i.AbstractProblemLoader Loading environment from /home/runner/work/key/key/key.core/../key.ui/examples/heap/block_loop_contracts/SimpleVariants/sum_onLoop_internal.key 
99053      DEBUG main            d.u.i.k.p.i.AbstractProblemLoader Environment load took 92.5ns 
99054      INFO  main            d.u.i.k.p.i.AbstractProblemLoader Creating init config 
101635     DEBUG main            d.u.i.k.p.i.AbstractProblemLoader Init config took 2.58s 
101694     INFO  main            d.u.i.k.p.i.AbstractProblemLoader Replaying proof LoopContractExamplesAll[LoopContractExamplesAll::sum_loopContract_onLoop([I)].JML normal_behavior operation contract.0 
101696     DEBUG main            d.u.i.k.p.i.IntermediateProofReplayer Proof replay took 13.1ns 
102299     INFO  main            d.u.i.k.p.r.p.TestFile    ... finished proof: closed. 
102606     INFO  main            d.u.i.k.p.i.AbstractProblemLoader Loading environment from /home/runner/work/key/key/key.core/../key.ui/examples/heap/block_loop_contracts/SimpleVariants/sum_onLoop_internal.key.proof 
102606     DEBUG main            d.u.i.k.p.i.AbstractProblemLoader Environment load took 107.9ns 
102607     INFO  main            d.u.i.k.p.i.AbstractProblemLoader Creating init config 
105123     DEBUG main            d.u.i.k.p.i.AbstractProblemLoader Init config took 2.52s 
105157     INFO  main            d.u.i.k.p.i.AbstractProblemLoader Replaying proof LoopContractExamplesAll[LoopContractExamplesAll::sum_loopContract_onLoop([I)].JML normal_behavior operation contract.0 
105334     DEBUG main            d.u.i.k.p.i.IntermediateProofReplayer Proof replay took 172.99ms 
105335     DEBUG main            d.u.i.k.p.r.p.TestFile    ... success: reloaded. 
105336     INFO  main            d.u.i.k.p.r.p.TestFile    Now processing file /home/runner/work/key/key/key.core/../key.ui/examples/heap/block_loop_contracts/SimpleVariants/sum_onLoop_loop.key 
105336     INFO  main            d.u.i.k.p.i.AbstractProblemLoader Loading environment from /home/runner/work/key/key/key.core/../key.ui/examples/heap/block_loop_contracts/SimpleVariants/sum_onLoop_loop.key 
105337     DEBUG main            d.u.i.k.p.i.AbstractProblemLoader Environment load took 210.5ns 
105338     INFO  main            d.u.i.k.p.i.AbstractProblemLoader Creating init config 
107930     DEBUG main            d.u.i.k.p.i.AbstractProblemLoader Init config took 2.59s 
107966     INFO  main            d.u.i.k.p.i.AbstractProblemLoader Replaying proof LoopContractExamplesAll[LoopContractExamplesAll::sum_loopContract_onLoop([I)].JML normal_behavior loop contract.0 
107968     DEBUG main            d.u.i.k.p.i.IntermediateProofReplayer Proof replay took 12.5ns 
108671     INFO  main            d.u.i.k.p.r.p.TestFile    ... finished proof: closed. 
108946     INFO  main            d.u.i.k.p.i.AbstractProblemLoader Loading environment from /home/runner/work/key/key/key.core/../key.ui/examples/heap/block_loop_contracts/SimpleVariants/sum_onLoop_loop.key.proof 
108946     DEBUG main            d.u.i.k.p.i.AbstractProblemLoader Environment load took 123.6ns 
108947     INFO  main            d.u.i.k.p.i.AbstractProblemLoader Creating init config 
111468     DEBUG main            d.u.i.k.p.i.AbstractProblemLoader Init config took 2.52s 
111509     INFO  main            d.u.i.k.p.i.AbstractProblemLoader Replaying proof LoopContractExamplesAll[LoopContractExamplesAll::sum_loopContract_onLoop([I)].JML normal_behavior loop contract.0 
111692     DEBUG main            d.u.i.k.p.i.IntermediateProofReplayer Proof replay took 178.42ms 
111693     DEBUG main            d.u.i.k.p.r.p.TestFile    ... success: reloaded. 
111694     INFO  main            d.u.i.k.p.r.p.TestFile    Now processing file /home/runner/work/key/key/key.core/../key.ui/examples/heap/block_loop_contracts/Free/blockContracts0.key 
111695     INFO  main            d.u.i.k.p.i.AbstractProblemLoader Loading environment from /home/runner/work/key/key/key.core/../key.ui/examples/heap/block_loop_contracts/Free/blockContracts0.key 
111695     DEBUG main            d.u.i.k.p.i.AbstractProblemLoader Environment load took 204.8ns 
111696     INFO  main            d.u.i.k.p.i.AbstractProblemLoader Creating init config 
113970     DEBUG main            d.u.i.k.p.i.AbstractProblemLoader Init config took 2.27s 
114006     INFO  main            d.u.i.k.p.i.AbstractProblemLoader Replaying proof FreeConditions[FreeConditions::blockContract0()].JML normal_behavior operation contract.0 
114008     DEBUG main            d.u.i.k.p.i.IntermediateProofReplayer Proof replay took 16ns 
114110     INFO  main            d.u.i.k.p.r.p.TestFile    ... finished proof: closed. 
114373     INFO  main            d.u.i.k.p.i.AbstractProblemLoader Loading environment from /home/runner/work/key/key/key.core/../key.ui/examples/heap/block_loop_contracts/Free/blockContracts0.key.proof 
114373     DEBUG main            d.u.i.k.p.i.AbstractProblemLoader Environment load took 97.8ns 
114374     INFO  main            d.u.i.k.p.i.AbstractProblemLoader Creating init config 
116560     DEBUG main            d.u.i.k.p.i.AbstractProblemLoader Init config took 2.19s 
116593     INFO  main            d.u.i.k.p.i.AbstractProblemLoader Replaying proof FreeConditions[FreeConditions::blockContract0()].JML normal_behavior operation contract.0 
116610     DEBUG main            d.u.i.k.p.i.IntermediateProofReplayer Proof replay took 15.12ms 
116611     DEBUG main            d.u.i.k.p.r.p.TestFile    ... success: reloaded. 
116612     INFO  main            d.u.i.k.p.r.p.TestFile    Now processing file /home/runner/work/key/key/key.core/../key.ui/examples/heap/block_loop_contracts/Free/blockContracts1.key 
116612     INFO  main            d.u.i.k.p.i.AbstractProblemLoader Loading environment from /home/runner/work/key/key/key.core/../key.ui/examples/heap/block_loop_contracts/Free/blockContracts1.key 
116612     DEBUG main            d.u.i.k.p.i.AbstractProblemLoader Environment load took 80.5ns 
116613     INFO  main            d.u.i.k.p.i.AbstractProblemLoader Creating init config 
118847     DEBUG main            d.u.i.k.p.i.AbstractProblemLoader Init config took 2.23s 
118898     INFO  main            d.u.i.k.p.i.AbstractProblemLoader Replaying proof FreeConditions[FreeConditions::blockContract1()].JML normal_behavior operation contract.0 
118899     DEBUG main            d.u.i.k.p.i.IntermediateProofReplayer Proof replay took 13.3ns 
119003     INFO  main            d.u.i.k.p.r.p.TestFile    ... finished proof: closed. 
119241     INFO  main            d.u.i.k.p.i.AbstractProblemLoader Loading environment from /home/runner/work/key/key/key.core/../key.ui/examples/heap/block_loop_contracts/Free/blockContracts1.key.proof 
119242     DEBUG main            d.u.i.k.p.i.AbstractProblemLoader Environment load took 130.4ns 
119242     INFO  main            d.u.i.k.p.i.AbstractProblemLoader Creating init config 
121437     DEBUG main            d.u.i.k.p.i.AbstractProblemLoader Init config took 2.19s 
121471     INFO  main            d.u.i.k.p.i.AbstractProblemLoader Replaying proof FreeConditions[FreeConditions::blockContract1()].JML normal_behavior operation contract.0 
121488     DEBUG main            d.u.i.k.p.i.IntermediateProofReplayer Proof replay took 13.33ms 
121489     DEBUG main            d.u.i.k.p.r.p.TestFile    ... success: reloaded. 
121490     INFO  main            d.u.i.k.p.r.p.TestFile    Now processing file /home/runner/work/key/key/key.core/../key.ui/examples/heap/block_loop_contracts/Finally/block_finally.key 
121491     INFO  main            d.u.i.k.p.i.AbstractProblemLoader Loading environment from /home/runner/work/key/key/key.core/../key.ui/examples/heap/block_loop_contracts/Finally/block_finally.key 
121491     DEBUG main            d.u.i.k.p.i.AbstractProblemLoader Environment load took 95.3ns 
121492     INFO  main            d.u.i.k.p.i.AbstractProblemLoader Creating init config 
123756     DEBUG main            d.u.i.k.p.i.AbstractProblemLoader Init config took 2.26s 
123791     INFO  main            d.u.i.k.p.i.AbstractProblemLoader Replaying proof AuxiliaryContractsFinally[AuxiliaryContractsFinally::breakThrowContinueBlockContract(java.lang.Exception)].JML block contract.0 
123793     DEBUG main            d.u.i.k.p.i.IntermediateProofReplayer Proof replay took 13.5ns 
124296     INFO  main            d.u.i.k.p.r.p.TestFile    ... finished proof: open goal(s) 
124579     INFO  main            d.u.i.k.p.r.p.TestFile    Now processing file /home/runner/work/key/key/key.core/../key.ui/examples/heap/block_loop_contracts/Finally/loop_finally.key 
124579     INFO  main            d.u.i.k.p.i.AbstractProblemLoader Loading environment from /home/runner/work/key/key/key.core/../key.ui/examples/heap/block_loop_contracts/Finally/loop_finally.key 
124579     DEBUG main            d.u.i.k.p.i.AbstractProblemLoader Environment load took 50.9ns 
124580     INFO  main            d.u.i.k.p.i.AbstractProblemLoader Creating init config 
126781     DEBUG main            d.u.i.k.p.i.AbstractProblemLoader Init config took 2.2s 
126818     INFO  main            d.u.i.k.p.i.AbstractProblemLoader Replaying proof AuxiliaryContractsFinally[AuxiliaryContractsFinally::breakThrowContinueLoopContract(java.lang.Exception)].JML normal_behavior loop contract.0 
126820     DEBUG main            d.u.i.k.p.i.IntermediateProofReplayer Proof replay took 14.9ns 
127432     INFO  main            d.u.i.k.p.r.p.TestFile    ... finished proof: open goal(s) 
587171     INFO  Test worker     d.u.i.k.p.r.p.StatisticsFile Returning from test blockContracts 
587176     INFO  Test worker     d.u.i.k.p.r.p.StatisticsFile Running test jmlAsserts 
376        INFO  Timeout watchdog d.u.i.k.p.r.p.ForkedTestFileRunner Timeout watcher launched (2000 secs.) 
407        WARN  main            d.u.i.k.s.ProofSettings   The settings in /home/runner/.key/proof-settings.props are *not* read. 
454        INFO  main            d.u.i.k.p.r.p.TestFile    Now processing file /home/runner/work/key/key/key.core/../key.ui/examples/standard_key/java_dl/jml-assert/assert.key 
577        INFO  main            d.u.i.k.p.i.AbstractProblemLoader Loading environment from /home/runner/work/key/key/key.core/../key.ui/examples/standard_key/java_dl/jml-assert/assert.key 
594        DEBUG main            d.u.i.k.p.i.AbstractProblemLoader Environment load took 2.22ms 
811        INFO  main            d.u.i.k.p.i.AbstractProblemLoader Creating init config 
1673       DEBUG main            d.u.i.k.j.TypeConverter   No LDT found for Meta 
1673       DEBUG main            d.u.i.k.j.TypeConverter   No LDT found for Meta 
1678       DEBUG main            d.u.i.k.j.TypeConverter   No LDT found for Meta 
1678       DEBUG main            d.u.i.k.j.TypeConverter   No LDT found for Meta 
3141       DEBUG main            d.u.i.k.j.TypeConverter   No LDT found for JavaBigintExpression 
8229       DEBUG main            d.u.i.k.p.i.AbstractProblemLoader Init config took 7.42s 
8435       INFO  main            d.u.i.k.p.i.AbstractProblemLoader Replaying proof Assert[Assert::createArray(int)].JML normal_behavior operation contract.0 
8473       DEBUG main            d.u.i.k.p.i.IntermediateProofReplayer Proof replay took 35.4ns 
9403       INFO  main            d.u.i.k.p.r.p.TestFile    ... finished proof: closed. 
9535       INFO  main            d.u.i.k.p.i.AbstractProblemLoader Loading environment from /home/runner/work/key/key/key.core/../key.ui/examples/standard_key/java_dl/jml-assert/assert.key.proof 
9536       DEBUG main            d.u.i.k.p.i.AbstractProblemLoader Environment load took 1.21ms 
9538       INFO  main            d.u.i.k.p.i.AbstractProblemLoader Creating init config 
12436      DEBUG main            d.u.i.k.p.i.AbstractProblemLoader Init config took 2.9s 
12501      INFO  main            d.u.i.k.p.i.AbstractProblemLoader Replaying proof Assert[Assert::createArray(int)].JML normal_behavior operation contract.0 
12621      DEBUG main            d.u.i.k.p.i.IntermediateProofReplayer Proof replay took 112.97ms 
12628      DEBUG main            d.u.i.k.p.r.p.TestFile    ... success: reloaded. 
12632      INFO  main            d.u.i.k.p.r.p.TestFile    Now processing file /home/runner/work/key/key/key.core/../key.ui/examples/heap/block_loop_contracts/Free/assertions0.key 
12632      INFO  main            d.u.i.k.p.i.AbstractProblemLoader Loading environment from /home/runner/work/key/key/key.core/../key.ui/examples/heap/block_loop_contracts/Free/assertions0.key 
12632      DEBUG main            d.u.i.k.p.i.AbstractProblemLoader Environment load took 124.7ns 
12636      INFO  main            d.u.i.k.p.i.AbstractProblemLoader Creating init config 
15254      DEBUG main            d.u.i.k.p.i.AbstractProblemLoader Init config took 2.62s 
15313      INFO  main            d.u.i.k.p.i.AbstractProblemLoader Replaying proof FreeConditions[FreeConditions::assertions0()].JML normal_behavior operation contract.0 
15317      DEBUG main            d.u.i.k.p.i.IntermediateProofReplayer Proof replay took 11.9ns 
15520      INFO  main            d.u.i.k.p.r.p.TestFile    ... finished proof: closed. 
15676      INFO  main            d.u.i.k.p.i.AbstractProblemLoader Loading environment from /home/runner/work/key/key/key.core/../key.ui/examples/heap/block_loop_contracts/Free/assertions0.key.proof 
15676      DEBUG main            d.u.i.k.p.i.AbstractProblemLoader Environment load took 124ns 
15684      INFO  main            d.u.i.k.p.i.AbstractProblemLoader Creating init config 
18224      DEBUG main            d.u.i.k.p.i.AbstractProblemLoader Init config took 2.54s 
18277      INFO  main            d.u.i.k.p.i.AbstractProblemLoader Replaying proof FreeConditions[FreeConditions::assertions0()].JML normal_behavior operation contract.0 
18299      DEBUG main            d.u.i.k.p.i.IntermediateProofReplayer Proof replay took 18.73ms 
18300      DEBUG main            d.u.i.k.p.r.p.TestFile    ... success: reloaded. 
18302      INFO  main            d.u.i.k.p.r.p.TestFile    Now processing file /home/runner/work/key/key/key.core/../key.ui/examples/heap/block_loop_contracts/Free/assertions1.key 
18302      INFO  main            d.u.i.k.p.i.AbstractProblemLoader Loading environment from /home/runner/work/key/key/key.core/../key.ui/examples/heap/block_loop_contracts/Free/assertions1.key 
18302      DEBUG main            d.u.i.k.p.i.AbstractProblemLoader Environment load took 237.4ns 
18303      INFO  main            d.u.i.k.p.i.AbstractProblemLoader Creating init config 
20777      DEBUG main            d.u.i.k.p.i.AbstractProblemLoader Init config took 2.47s 
20835      INFO  main            d.u.i.k.p.i.AbstractProblemLoader Replaying proof FreeConditions[FreeConditions::assertions1()].JML normal_behavior operation contract.0 
20839      DEBUG main            d.u.i.k.p.i.IntermediateProofReplayer Proof replay took 13.1ns 
20944      INFO  main            d.u.i.k.p.r.p.TestFile    ... finished proof: closed. 
21090      INFO  main            d.u.i.k.p.i.AbstractProblemLoader Loading environment from /home/runner/work/key/key/key.core/../key.ui/examples/heap/block_loop_contracts/Free/assertions1.key.proof 
21091      DEBUG main            d.u.i.k.p.i.AbstractProblemLoader Environment load took 1.01ms 
21092      INFO  main            d.u.i.k.p.i.AbstractProblemLoader Creating init config 
23500      DEBUG main            d.u.i.k.p.i.AbstractProblemLoader Init config took 2.41s 
23546      INFO  main            d.u.i.k.p.i.AbstractProblemLoader Replaying proof FreeConditions[FreeConditions::assertions1()].JML normal_behavior operation contract.0 
23553      DEBUG main            d.u.i.k.p.i.IntermediateProofReplayer Proof replay took 4.87ms 
23555      DEBUG main            d.u.i.k.p.r.p.TestFile    ... success: reloaded. 
23556      INFO  main            d.u.i.k.p.r.p.TestFile    Now processing file /home/runner/work/key/key/key.core/../key.ui/examples/standard_key/java_dl/jml-assert/recursion-assert.key 
23557      INFO  main            d.u.i.k.p.i.AbstractProblemLoader Loading environment from /home/runner/work/key/key/key.core/../key.ui/examples/standard_key/java_dl/jml-assert/recursion-assert.key 
23557      DEBUG main            d.u.i.k.p.i.AbstractProblemLoader Environment load took 220.9ns 
23558      INFO  main            d.u.i.k.p.i.AbstractProblemLoader Creating init config 
26178      DEBUG main            d.u.i.k.p.i.AbstractProblemLoader Init config took 2.62s 
26246      INFO  main            d.u.i.k.p.i.AbstractProblemLoader Replaying proof RecursiveMethod[RecursiveMethod::fac1(int)].JML normal_behavior operation contract.0 
26249      DEBUG main            d.u.i.k.p.i.IntermediateProofReplayer Proof replay took 7.8ns 
26451      INFO  main            d.u.i.k.p.r.p.TestFile    ... finished proof: closed. 
26657      INFO  main            d.u.i.k.p.i.AbstractProblemLoader Loading environment from /home/runner/work/key/key/key.core/../key.ui/examples/standard_key/java_dl/jml-assert/recursion-assert.key.proof 
26657      DEBUG main            d.u.i.k.p.i.AbstractProblemLoader Environment load took 113.3ns 
26659      INFO  main            d.u.i.k.p.i.AbstractProblemLoader Creating init config 
29195      DEBUG main            d.u.i.k.p.i.AbstractProblemLoader Init config took 2.54s 
29269      INFO  main            d.u.i.k.p.i.AbstractProblemLoader Replaying proof RecursiveMethod[RecursiveMethod::fac1(int)].JML normal_behavior operation contract.0 
29317      DEBUG main            d.u.i.k.p.i.IntermediateProofReplayer Proof replay took 41.37ms 
29319      DEBUG main            d.u.i.k.p.r.p.TestFile    ... success: reloaded. 
29320      INFO  main            d.u.i.k.p.r.p.TestFile    Now processing file /home/runner/work/key/key/key.core/../key.ui/examples/standard_key/java_dl/jml-assert/recursion-assume.key 
29320      INFO  main            d.u.i.k.p.i.AbstractProblemLoader Loading environment from /home/runner/work/key/key/key.core/../key.ui/examples/standard_key/java_dl/jml-assert/recursion-assume.key 
29320      DEBUG main            d.u.i.k.p.i.AbstractProblemLoader Environment load took 109.2ns 
29321      INFO  main            d.u.i.k.p.i.AbstractProblemLoader Creating init config 
31940      DEBUG main            d.u.i.k.p.i.AbstractProblemLoader Init config took 2.62s 
31985      INFO  main            d.u.i.k.p.i.AbstractProblemLoader Replaying proof RecursiveMethod[RecursiveMethod::fac2(int)].JML normal_behavior operation contract.0 
31986      DEBUG main            d.u.i.k.p.i.IntermediateProofReplayer Proof replay took 6.6ns 
32189      INFO  main            d.u.i.k.p.r.p.TestFile    ... finished proof: closed. 
32355      INFO  main            d.u.i.k.p.i.AbstractProblemLoader Loading environment from /home/runner/work/key/key/key.core/../key.ui/examples/standard_key/java_dl/jml-assert/recursion-assume.key.proof 
32355      DEBUG main            d.u.i.k.p.i.AbstractProblemLoader Environment load took 642.2ns 
32356      INFO  main            d.u.i.k.p.i.AbstractProblemLoader Creating init config 
34922      DEBUG main            d.u.i.k.p.i.AbstractProblemLoader Init config took 2.57s 
34969      INFO  main            d.u.i.k.p.i.AbstractProblemLoader Replaying proof RecursiveMethod[RecursiveMethod::fac2(int)].JML normal_behavior operation contract.0 
35002      DEBUG main            d.u.i.k.p.i.IntermediateProofReplayer Proof replay took 29.67ms 
35003      DEBUG main            d.u.i.k.p.r.p.TestFile    ... success: reloaded. 
35004      INFO  main            d.u.i.k.p.r.p.TestFile    Now processing file /home/runner/work/key/key/key.core/../key.ui/examples/standard_key/java_dl/jml-assert/quantor-assert.key 
35004      INFO  main            d.u.i.k.p.i.AbstractProblemLoader Loading environment from /home/runner/work/key/key/key.core/../key.ui/examples/standard_key/java_dl/jml-assert/quantor-assert.key 
35004      DEBUG main            d.u.i.k.p.i.AbstractProblemLoader Environment load took 79ns 
35005      INFO  main            d.u.i.k.p.i.AbstractProblemLoader Creating init config 
37562      DEBUG main            d.u.i.k.p.i.AbstractProblemLoader Init config took 2.56s 
37605      INFO  main            d.u.i.k.p.i.AbstractProblemLoader Replaying proof Quantor[Quantor::square1(int)].JML normal_behavior operation contract.0 
37607      DEBUG main            d.u.i.k.p.i.IntermediateProofReplayer Proof replay took 6.6ns 
37709      INFO  main            d.u.i.k.p.r.p.TestFile    ... finished proof: closed. 
37896      INFO  main            d.u.i.k.p.i.AbstractProblemLoader Loading environment from /home/runner/work/key/key/key.core/../key.ui/examples/standard_key/java_dl/jml-assert/quantor-assert.key.proof 
37896      DEBUG main            d.u.i.k.p.i.AbstractProblemLoader Environment load took 126.1ns 
37897      INFO  main            d.u.i.k.p.i.AbstractProblemLoader Creating init config 
40352      DEBUG main            d.u.i.k.p.i.AbstractProblemLoader Init config took 2.45s 
40406      INFO  main            d.u.i.k.p.i.AbstractProblemLoader Replaying proof Quantor[Quantor::square1(int)].JML normal_behavior operation contract.0 
40420      DEBUG main            d.u.i.k.p.i.IntermediateProofReplayer Proof replay took 11.96ms 
40421      DEBUG main            d.u.i.k.p.r.p.TestFile    ... success: reloaded. 
40422      INFO  main            d.u.i.k.p.r.p.TestFile    Now processing file /home/runner/work/key/key/key.core/../key.ui/examples/standard_key/java_dl/jml-assert/quantor-assume.key 
40423      INFO  main            d.u.i.k.p.i.AbstractProblemLoader Loading environment from /home/runner/work/key/key/key.core/../key.ui/examples/standard_key/java_dl/jml-assert/quantor-assume.key 
40423      DEBUG main            d.u.i.k.p.i.AbstractProblemLoader Environment load took 201.9ns 
40424      INFO  main            d.u.i.k.p.i.AbstractProblemLoader Creating init config 
42966      DEBUG main            d.u.i.k.p.i.AbstractProblemLoader Init config took 2.54s 
43007      INFO  main            d.u.i.k.p.i.AbstractProblemLoader Replaying proof Quantor[Quantor::square2(int)].JML normal_behavior operation contract.0 
43009      DEBUG main            d.u.i.k.p.i.IntermediateProofReplayer Proof replay took 6.9ns 
43111      INFO  main            d.u.i.k.p.r.p.TestFile    ... finished proof: closed. 
43337      INFO  main            d.u.i.k.p.i.AbstractProblemLoader Loading environment from /home/runner/work/key/key/key.core/../key.ui/examples/standard_key/java_dl/jml-assert/quantor-assume.key.proof 
43337      DEBUG main            d.u.i.k.p.i.AbstractProblemLoader Environment load took 110.7ns 
43338      INFO  main            d.u.i.k.p.i.AbstractProblemLoader Creating init config 
45807      DEBUG main            d.u.i.k.p.i.AbstractProblemLoader Init config took 2.47s 
45847      INFO  main            d.u.i.k.p.i.AbstractProblemLoader Replaying proof Quantor[Quantor::square2(int)].JML normal_behavior operation contract.0 
45859      DEBUG main            d.u.i.k.p.i.IntermediateProofReplayer Proof replay took 10.5ms 
45860      DEBUG main            d.u.i.k.p.r.p.TestFile    ... success: reloaded. 
45861      INFO  main            d.u.i.k.p.r.p.TestFile    Now processing file /home/runner/work/key/key/key.core/../key.ui/examples/standard_key/java_dl/jml-assert/model-methods-static-static.key 
45861      INFO  main            d.u.i.k.p.i.AbstractProblemLoader Loading environment from /home/runner/work/key/key/key.core/../key.ui/examples/standard_key/java_dl/jml-assert/model-methods-static-static.key 
45862      DEBUG main            d.u.i.k.p.i.AbstractProblemLoader Environment load took 90.9ns 
45862      INFO  main            d.u.i.k.p.i.AbstractProblemLoader Creating init config 
48389      DEBUG main            d.u.i.k.p.i.AbstractProblemLoader Init config took 2.53s 
48427      INFO  main            d.u.i.k.p.i.AbstractProblemLoader Replaying proof ModelMethods[ModelMethods::test1()].JML normal_behavior operation contract.0 
48428      DEBUG main            d.u.i.k.p.i.IntermediateProofReplayer Proof replay took 6.1ns 
48532      INFO  main            d.u.i.k.p.r.p.TestFile    ... finished proof: closed. 
48716      INFO  main            d.u.i.k.p.i.AbstractProblemLoader Loading environment from /home/runner/work/key/key/key.core/../key.ui/examples/standard_key/java_dl/jml-assert/model-methods-static-static.key.proof 
48716      DEBUG main            d.u.i.k.p.i.AbstractProblemLoader Environment load took 117.8ns 
48717      INFO  main            d.u.i.k.p.i.AbstractProblemLoader Creating init config 
51138      DEBUG main            d.u.i.k.p.i.AbstractProblemLoader Init config took 2.42s 
51177      INFO  main            d.u.i.k.p.i.AbstractProblemLoader Replaying proof ModelMethods[ModelMethods::test1()].JML normal_behavior operation contract.0 
51184      DEBUG main            d.u.i.k.p.i.IntermediateProofReplayer Proof replay took 5.18ms 
51185      DEBUG main            d.u.i.k.p.r.p.TestFile    ... success: reloaded. 
51186      INFO  main            d.u.i.k.p.r.p.TestFile    Now processing file /home/runner/work/key/key/key.core/../key.ui/examples/standard_key/java_dl/jml-assert/model-methods-instance-static.key 
51186      INFO  main            d.u.i.k.p.i.AbstractProblemLoader Loading environment from /home/runner/work/key/key/key.core/../key.ui/examples/standard_key/java_dl/jml-assert/model-methods-instance-static.key 
51186      DEBUG main            d.u.i.k.p.i.AbstractProblemLoader Environment load took 77.5ns 
51187      INFO  main            d.u.i.k.p.i.AbstractProblemLoader Creating init config 
53714      DEBUG main            d.u.i.k.p.i.AbstractProblemLoader Init config took 2.53s 
53776      INFO  main            d.u.i.k.p.i.AbstractProblemLoader Replaying proof ModelMethods[ModelMethods::test2()].JML normal_behavior operation contract.0 
53777      DEBUG main            d.u.i.k.p.i.IntermediateProofReplayer Proof replay took 6.9ns 
53880      INFO  main            d.u.i.k.p.r.p.TestFile    ... finished proof: closed. 
54062      INFO  main            d.u.i.k.p.i.AbstractProblemLoader Loading environment from /home/runner/work/key/key/key.core/../key.ui/examples/standard_key/java_dl/jml-assert/model-methods-instance-static.key.proof 
54062      DEBUG main            d.u.i.k.p.i.AbstractProblemLoader Environment load took 111.9ns 
54064      INFO  main            d.u.i.k.p.i.AbstractProblemLoader Creating init config 
56500      DEBUG main            d.u.i.k.p.i.AbstractProblemLoader Init config took 2.44s 
56539      INFO  main            d.u.i.k.p.i.AbstractProblemLoader Replaying proof ModelMethods[ModelMethods::test2()].JML normal_behavior operation contract.0 
56547      DEBUG main            d.u.i.k.p.i.IntermediateProofReplayer Proof replay took 6.95ms 
56549      DEBUG main            d.u.i.k.p.r.p.TestFile    ... success: reloaded. 
56550      INFO  main            d.u.i.k.p.r.p.TestFile    Now processing file /home/runner/work/key/key/key.core/../key.ui/examples/standard_key/java_dl/jml-assert/model-methods-instance-instance.key 
56550      INFO  main            d.u.i.k.p.i.AbstractProblemLoader Loading environment from /home/runner/work/key/key/key.core/../key.ui/examples/standard_key/java_dl/jml-assert/model-methods-instance-instance.key 
56550      DEBUG main            d.u.i.k.p.i.AbstractProblemLoader Environment load took 201.9ns 
56551      INFO  main            d.u.i.k.p.i.AbstractProblemLoader Creating init config 
59035      DEBUG main            d.u.i.k.p.i.AbstractProblemLoader Init config took 2.48s 
59072      INFO  main            d.u.i.k.p.i.AbstractProblemLoader Replaying proof ModelMethods[ModelMethods::test3()].JML normal_behavior operation contract.0 
59074      DEBUG main            d.u.i.k.p.i.IntermediateProofReplayer Proof replay took 5.6ns 
59180      INFO  main            d.u.i.k.p.r.p.TestFile    ... finished proof: closed. 
59380      INFO  main            d.u.i.k.p.i.AbstractProblemLoader Loading environment from /home/runner/work/key/key/key.core/../key.ui/examples/standard_key/java_dl/jml-assert/model-methods-instance-instance.key.proof 
59380      DEBUG main            d.u.i.k.p.i.AbstractProblemLoader Environment load took 117.1ns 
59381      INFO  main            d.u.i.k.p.i.AbstractProblemLoader Creating init config 
61807      DEBUG main            d.u.i.k.p.i.AbstractProblemLoader Init config took 2.43s 
61845      INFO  main            d.u.i.k.p.i.AbstractProblemLoader Replaying proof ModelMethods[ModelMethods::test3()].JML normal_behavior operation contract.0 
61856      DEBUG main            d.u.i.k.p.i.IntermediateProofReplayer Proof replay took 9.17ms 
61857      DEBUG main            d.u.i.k.p.r.p.TestFile    ... success: reloaded. 
61858      INFO  main            d.u.i.k.p.r.p.TestFile    Now processing file /home/runner/work/key/key/key.core/../key.ui/examples/standard_key/java_dl/jml-assert/model-methods-static-instance.key 
61858      INFO  main            d.u.i.k.p.i.AbstractProblemLoader Loading environment from /home/runner/work/key/key/key.core/../key.ui/examples/standard_key/java_dl/jml-assert/model-methods-static-instance.key 
61858      DEBUG main            d.u.i.k.p.i.AbstractProblemLoader Environment load took 134.8ns 
61859      INFO  main            d.u.i.k.p.i.AbstractProblemLoader Creating init config 
64343      DEBUG main            d.u.i.k.p.i.AbstractProblemLoader Init config took 2.48s 
64393      INFO  main            d.u.i.k.p.i.AbstractProblemLoader Replaying proof ModelMethods[ModelMethods::test4()].JML normal_behavior operation contract.0 
64394      DEBUG main            d.u.i.k.p.i.IntermediateProofReplayer Proof replay took 6.3ns 
64496      INFO  main            d.u.i.k.p.r.p.TestFile    ... finished proof: closed. 
64693      INFO  main            d.u.i.k.p.i.AbstractProblemLoader Loading environment from /home/runner/work/key/key/key.core/../key.ui/examples/standard_key/java_dl/jml-assert/model-methods-static-instance.key.proof 
64693      DEBUG main            d.u.i.k.p.i.AbstractProblemLoader Environment load took 110.7ns 
64694      INFO  main            d.u.i.k.p.i.AbstractProblemLoader Creating init config 
67130      DEBUG main            d.u.i.k.p.i.AbstractProblemLoader Init config took 2.44s 
67168      INFO  main            d.u.i.k.p.i.AbstractProblemLoader Replaying proof ModelMethods[ModelMethods::test4()].JML normal_behavior operation contract.0 
67193      DEBUG main            d.u.i.k.p.i.IntermediateProofReplayer Proof replay took 21.94ms 
67194      DEBUG main            d.u.i.k.p.r.p.TestFile    ... success: reloaded. 
67195      INFO  main            d.u.i.k.p.r.p.TestFile    Now processing file /home/runner/work/key/key/key.core/../key.ui/examples/standard_key/java_dl/jml-assert/assert-old/inc-field.key 
67196      INFO  main            d.u.i.k.p.i.AbstractProblemLoader Loading environment from /home/runner/work/key/key/key.core/../key.ui/examples/standard_key/java_dl/jml-assert/assert-old/inc-field.key 
67196      DEBUG main            d.u.i.k.p.i.AbstractProblemLoader Environment load took 205.4ns 
67197      INFO  main            d.u.i.k.p.i.AbstractProblemLoader Creating init config 
69550      DEBUG main            d.u.i.k.p.i.AbstractProblemLoader Init config took 2.35s 
69586      INFO  main            d.u.i.k.p.i.AbstractProblemLoader Replaying proof Inc[Inc::inc_field()].JML normal_behavior operation contract.0 
69587      DEBUG main            d.u.i.k.p.i.IntermediateProofReplayer Proof replay took 6.1ns 
69689      INFO  main            d.u.i.k.p.r.p.TestFile    ... finished proof: closed. 
69885      INFO  main            d.u.i.k.p.i.AbstractProblemLoader Loading environment from /home/runner/work/key/key/key.core/../key.ui/examples/standard_key/java_dl/jml-assert/assert-old/inc-field.key.proof 
69885      DEBUG main            d.u.i.k.p.i.AbstractProblemLoader Environment load took 112.8ns 
69886      INFO  main            d.u.i.k.p.i.AbstractProblemLoader Creating init config 
72213      DEBUG main            d.u.i.k.p.i.AbstractProblemLoader Init config took 2.33s 
72253      INFO  main            d.u.i.k.p.i.AbstractProblemLoader Replaying proof Inc[Inc::inc_field()].JML normal_behavior operation contract.0 
72286      DEBUG main            d.u.i.k.p.i.IntermediateProofReplayer Proof replay took 30.37ms 
72287      DEBUG main            d.u.i.k.p.r.p.TestFile    ... success: reloaded. 
72288      INFO  main            d.u.i.k.p.r.p.TestFile    Now processing file /home/runner/work/key/key/key.core/../key.ui/examples/standard_key/java_dl/jml-assert/assert-old/inc-parameter.key 
72288      INFO  main            d.u.i.k.p.i.AbstractProblemLoader Loading environment from /home/runner/work/key/key/key.core/../key.ui/examples/standard_key/java_dl/jml-assert/assert-old/inc-parameter.key 
72289      DEBUG main            d.u.i.k.p.i.AbstractProblemLoader Environment load took 227.6ns 
72290      INFO  main            d.u.i.k.p.i.AbstractProblemLoader Creating init config 
74674      DEBUG main            d.u.i.k.p.i.AbstractProblemLoader Init config took 2.38s 
74709      INFO  main            d.u.i.k.p.i.AbstractProblemLoader Replaying proof Inc[Inc::inc_parameter(int)].JML normal_behavior operation contract.0 
74710      DEBUG main            d.u.i.k.p.i.IntermediateProofReplayer Proof replay took 6.6ns 
74812      INFO  main            d.u.i.k.p.r.p.TestFile    ... finished proof: closed. 
75018      INFO  main            d.u.i.k.p.i.AbstractProblemLoader Loading environment from /home/runner/work/key/key/key.core/../key.ui/examples/standard_key/java_dl/jml-assert/assert-old/inc-parameter.key.proof 
75019      DEBUG main            d.u.i.k.p.i.AbstractProblemLoader Environment load took 999.01ns 
75020      INFO  main            d.u.i.k.p.i.AbstractProblemLoader Creating init config 
77353      DEBUG main            d.u.i.k.p.i.AbstractProblemLoader Init config took 2.33s 
77389      INFO  main            d.u.i.k.p.i.AbstractProblemLoader Replaying proof Inc[Inc::inc_parameter(int)].JML normal_behavior operation contract.0 
77402      DEBUG main            d.u.i.k.p.i.IntermediateProofReplayer Proof replay took 11.33ms 
77403      DEBUG main            d.u.i.k.p.r.p.TestFile    ... success: reloaded. 
77404      INFO  main            d.u.i.k.p.r.p.TestFile    Now processing file /home/runner/work/key/key/key.core/../key.ui/examples/standard_key/java_dl/jml-assert/assert-old/inc-parameter-field.key 
77405      INFO  main            d.u.i.k.p.i.AbstractProblemLoader Loading environment from /home/runner/work/key/key/key.core/../key.ui/examples/standard_key/java_dl/jml-assert/assert-old/inc-parameter-field.key 
77405      DEBUG main            d.u.i.k.p.i.AbstractProblemLoader Environment load took 204.3ns 
77406      INFO  main            d.u.i.k.p.i.AbstractProblemLoader Creating init config 
79855      DEBUG main            d.u.i.k.p.i.AbstractProblemLoader Init config took 2.45s 
79893      INFO  main            d.u.i.k.p.i.AbstractProblemLoader Replaying proof Inc[Inc::inc_parameter_field(Inc)].JML normal_behavior operation contract.0 
79895      DEBUG main            d.u.i.k.p.i.IntermediateProofReplayer Proof replay took 6.7ns 
80097      INFO  main            d.u.i.k.p.r.p.TestFile    ... finished proof: closed. 
80326      INFO  main            d.u.i.k.p.i.AbstractProblemLoader Loading environment from /home/runner/work/key/key/key.core/../key.ui/examples/standard_key/java_dl/jml-assert/assert-old/inc-parameter-field.key.proof 
80326      DEBUG main            d.u.i.k.p.i.AbstractProblemLoader Environment load took 105.3ns 
80327      INFO  main            d.u.i.k.p.i.AbstractProblemLoader Creating init config 
82654      DEBUG main            d.u.i.k.p.i.AbstractProblemLoader Init config took 2.33s 
82691      INFO  main            d.u.i.k.p.i.AbstractProblemLoader Replaying proof Inc[Inc::inc_parameter_field(Inc)].JML normal_behavior operation contract.0 
82716      DEBUG main            d.u.i.k.p.i.IntermediateProofReplayer Proof replay took 23.6ms 
82717      DEBUG main            d.u.i.k.p.r.p.TestFile    ... success: reloaded. 
82718      INFO  main            d.u.i.k.p.r.p.TestFile    Now processing file /home/runner/work/key/key/key.core/../key.ui/examples/standard_key/java_dl/jml-assert/assert-old/inc-ghost-field.key 
82718      INFO  main            d.u.i.k.p.i.AbstractProblemLoader Loading environment from /home/runner/work/key/key/key.core/../key.ui/examples/standard_key/java_dl/jml-assert/assert-old/inc-ghost-field.key 
82718      DEBUG main            d.u.i.k.p.i.AbstractProblemLoader Environment load took 76.4ns 
82729      INFO  main            d.u.i.k.p.i.AbstractProblemLoader Creating init config 
85125      DEBUG main            d.u.i.k.p.i.AbstractProblemLoader Init config took 2.4s 
85160      INFO  main            d.u.i.k.p.i.AbstractProblemLoader Replaying proof Inc[Inc::inc_ghost_field()].JML normal_behavior operation contract.0 
85161      DEBUG main            d.u.i.k.p.i.IntermediateProofReplayer Proof replay took 6.1ns 
85264      INFO  main            d.u.i.k.p.r.p.TestFile    ... finished proof: closed. 
85487      INFO  main            d.u.i.k.p.i.AbstractProblemLoader Loading environment from /home/runner/work/key/key/key.core/../key.ui/examples/standard_key/java_dl/jml-assert/assert-old/inc-ghost-field.key.proof 
85487      DEBUG main            d.u.i.k.p.i.AbstractProblemLoader Environment load took 107.6ns 
85488      INFO  main            d.u.i.k.p.i.AbstractProblemLoader Creating init config 
87797      DEBUG main            d.u.i.k.p.i.AbstractProblemLoader Init config took 2.31s 
87832      INFO  main            d.u.i.k.p.i.AbstractProblemLoader Replaying proof Inc[Inc::inc_ghost_field()].JML normal_behavior operation contract.0 
87853      DEBUG main            d.u.i.k.p.i.IntermediateProofReplayer Proof replay took 19.34ms 
87854      DEBUG main            d.u.i.k.p.r.p.TestFile    ... success: reloaded. 
675196     INFO  Test worker     d.u.i.k.p.r.p.StatisticsFile Returning from test jmlAsserts 
675201     INFO  Test worker     d.u.i.k.p.r.p.StatisticsFile Running test javaCard 
332        INFO  Timeout watchdog d.u.i.k.p.r.p.ForkedTestFileRunner Timeout watcher launched (2000 secs.) 
342        WARN  main            d.u.i.k.s.ProofSettings   The settings in /home/runner/.key/proof-settings.props are *not* read. 
382        INFO  main            d.u.i.k.p.r.p.TestFile    Now processing file /home/runner/work/key/key/key.core/../key.ui/examples/heap/javacard/updateBalance0.key 
502        INFO  main            d.u.i.k.p.i.AbstractProblemLoader Loading environment from /home/runner/work/key/key/key.core/../key.ui/examples/heap/javacard/updateBalance0.key 
523        DEBUG main            d.u.i.k.p.i.AbstractProblemLoader Environment load took 2.21ms 
736        INFO  main            d.u.i.k.p.i.AbstractProblemLoader Creating init config 
1684       DEBUG main            d.u.i.k.j.TypeConverter   No LDT found for Meta 
1684       DEBUG main            d.u.i.k.j.TypeConverter   No LDT found for Meta 
1687       DEBUG main            d.u.i.k.j.TypeConverter   No LDT found for Meta 
1687       DEBUG main            d.u.i.k.j.TypeConverter   No LDT found for Meta 
3204       DEBUG main            d.u.i.k.j.TypeConverter   No LDT found for JavaBigintExpression 
6568       DEBUG main            d.u.i.k.p.i.AbstractProblemLoader Init config took 5.83s 
6734       INFO  main            d.u.i.k.p.i.AbstractProblemLoader Replaying proof Examples[Examples::updateBalance(short)].JML normal_behavior operation contract.0 
6768       DEBUG main            d.u.i.k.p.i.IntermediateProofReplayer Proof replay took 34ns 
8103       INFO  main            d.u.i.k.p.r.p.TestFile    ... finished proof: closed. 
8215       INFO  main            d.u.i.k.p.i.AbstractProblemLoader Loading environment from /home/runner/work/key/key/key.core/../key.ui/examples/heap/javacard/updateBalance0.key.proof 
8215       DEBUG main            d.u.i.k.p.i.AbstractProblemLoader Environment load took 162.3ns 
8217       INFO  main            d.u.i.k.p.i.AbstractProblemLoader Creating init config 
9855       DEBUG main            d.u.i.k.p.i.AbstractProblemLoader Init config took 1.64s 
9911       INFO  main            d.u.i.k.p.i.AbstractProblemLoader Replaying proof Examples[Examples::updateBalance(short)].JML normal_behavior operation contract.0 
10062      DEBUG main            d.u.i.k.p.i.IntermediateProofReplayer Proof replay took 142.49ms 
10072      DEBUG main            d.u.i.k.p.r.p.TestFile    ... success: reloaded. 
10080      INFO  main            d.u.i.k.p.r.p.TestFile    Now processing file /home/runner/work/key/key/key.core/../key.ui/examples/heap/javacard/updateBalance1.key 
10080      INFO  main            d.u.i.k.p.i.AbstractProblemLoader Loading environment from /home/runner/work/key/key/key.core/../key.ui/examples/heap/javacard/updateBalance1.key 
10081      DEBUG main            d.u.i.k.p.i.AbstractProblemLoader Environment load took 307.8ns 
10083      INFO  main            d.u.i.k.p.i.AbstractProblemLoader Creating init config 
11703      DEBUG main            d.u.i.k.p.i.AbstractProblemLoader Init config took 1.62s 
11770      INFO  main            d.u.i.k.p.i.AbstractProblemLoader Replaying proof Examples[Examples::updateBalance(short)].JML normal_behavior operation contract.1 
11773      DEBUG main            d.u.i.k.p.i.IntermediateProofReplayer Proof replay took 7.2ns 
12377      INFO  main            d.u.i.k.p.r.p.TestFile    ... finished proof: closed. 
12498      INFO  main            d.u.i.k.p.i.AbstractProblemLoader Loading environment from /home/runner/work/key/key/key.core/../key.ui/examples/heap/javacard/updateBalance1.key.proof 
12499      DEBUG main            d.u.i.k.p.i.AbstractProblemLoader Environment load took 722.3ns 
12501      INFO  main            d.u.i.k.p.i.AbstractProblemLoader Creating init config 
14066      DEBUG main            d.u.i.k.p.i.AbstractProblemLoader Init config took 1.57s 
14111      INFO  main            d.u.i.k.p.i.AbstractProblemLoader Replaying proof Examples[Examples::updateBalance(short)].JML normal_behavior operation contract.1 
14207      DEBUG main            d.u.i.k.p.i.IntermediateProofReplayer Proof replay took 91.25ms 
14209      DEBUG main            d.u.i.k.p.r.p.TestFile    ... success: reloaded. 
14211      INFO  main            d.u.i.k.p.r.p.TestFile    Now processing file /home/runner/work/key/key/key.core/../key.ui/examples/heap/javacard/setArray1.key 
14212      INFO  main            d.u.i.k.p.i.AbstractProblemLoader Loading environment from /home/runner/work/key/key/key.core/../key.ui/examples/heap/javacard/setArray1.key 
14212      DEBUG main            d.u.i.k.p.i.AbstractProblemLoader Environment load took 231.5ns 
14213      INFO  main            d.u.i.k.p.i.AbstractProblemLoader Creating init config 
15711      DEBUG main            d.u.i.k.p.i.AbstractProblemLoader Init config took 1.5s 
15759      INFO  main            d.u.i.k.p.i.AbstractProblemLoader Replaying proof Examples[Examples::setArray1([B)].JML normal_behavior operation contract.0 
15763      DEBUG main            d.u.i.k.p.i.IntermediateProofReplayer Proof replay took 7.4ns 
16768      INFO  main            d.u.i.k.p.r.p.TestFile    ... finished proof: closed. 
16884      INFO  main            d.u.i.k.p.i.AbstractProblemLoader Loading environment from /home/runner/work/key/key/key.core/../key.ui/examples/heap/javacard/setArray1.key.proof 
16888      DEBUG main            d.u.i.k.p.i.AbstractProblemLoader Environment load took 4.14ms 
16890      INFO  main            d.u.i.k.p.i.AbstractProblemLoader Creating init config 
18384      DEBUG main            d.u.i.k.p.i.AbstractProblemLoader Init config took 1.49s 
18437      INFO  main            d.u.i.k.p.i.AbstractProblemLoader Replaying proof Examples[Examples::setArray1([B)].JML normal_behavior operation contract.0 
18623      DEBUG main            d.u.i.k.p.i.IntermediateProofReplayer Proof replay took 178.17ms 
18626      DEBUG main            d.u.i.k.p.r.p.TestFile    ... success: reloaded. 
18628      INFO  main            d.u.i.k.p.r.p.TestFile    Now processing file /home/runner/work/key/key/key.core/../key.ui/examples/heap/javacard/setArray2.key 
18628      INFO  main            d.u.i.k.p.i.AbstractProblemLoader Loading environment from /home/runner/work/key/key/key.core/../key.ui/examples/heap/javacard/setArray2.key 
18628      DEBUG main            d.u.i.k.p.i.AbstractProblemLoader Environment load took 215.7ns 
18629      INFO  main            d.u.i.k.p.i.AbstractProblemLoader Creating init config 
20168      DEBUG main            d.u.i.k.p.i.AbstractProblemLoader Init config took 1.54s 
20212      INFO  main            d.u.i.k.p.i.AbstractProblemLoader Replaying proof Examples[Examples::setArray2([B)].JML normal_behavior operation contract.0 
20216      DEBUG main            d.u.i.k.p.i.IntermediateProofReplayer Proof replay took 7.6ns 
21323      INFO  main            d.u.i.k.p.r.p.TestFile    ... finished proof: closed. 
21446      INFO  main            d.u.i.k.p.i.AbstractProblemLoader Loading environment from /home/runner/work/key/key/key.core/../key.ui/examples/heap/javacard/setArray2.key.proof 
21446      DEBUG main            d.u.i.k.p.i.AbstractProblemLoader Environment load took 468.5ns 
21448      INFO  main            d.u.i.k.p.i.AbstractProblemLoader Creating init config 
22900      DEBUG main            d.u.i.k.p.i.AbstractProblemLoader Init config took 1.45s 
22939      INFO  main            d.u.i.k.p.i.AbstractProblemLoader Replaying proof Examples[Examples::setArray2([B)].JML normal_behavior operation contract.0 
23091      DEBUG main            d.u.i.k.p.i.IntermediateProofReplayer Proof replay took 146.69ms 
23094      DEBUG main            d.u.i.k.p.r.p.TestFile    ... success: reloaded. 
23096      INFO  main            d.u.i.k.p.r.p.TestFile    Now processing file /home/runner/work/key/key/key.core/../key.ui/examples/heap/javacard/arrayFillNonAtomic.key 
23096      INFO  main            d.u.i.k.p.i.AbstractProblemLoader Loading environment from /home/runner/work/key/key/key.core/../key.ui/examples/heap/javacard/arrayFillNonAtomic.key 
23096      DEBUG main            d.u.i.k.p.i.AbstractProblemLoader Environment load took 209.8ns 
23097      INFO  main            d.u.i.k.p.i.AbstractProblemLoader Creating init config 
24560      DEBUG main            d.u.i.k.p.i.AbstractProblemLoader Init config took 1.46s 
24614      INFO  main            d.u.i.k.p.i.AbstractProblemLoader Replaying proof javacard.framework.Util[javacard.framework.Util::arrayFillNonAtomic([B,short,short,byte)].JML behavior operation contract.0.transaction_inactive 
24616      DEBUG main            d.u.i.k.p.i.IntermediateProofReplayer Proof replay took 5.8ns 
25392      DEBUG Thread-13       d.u.i.k.l.o.ProgramSV     Match failed: Former match of  SchemaVariable incompatible with  the current match. 
25393      DEBUG Thread-13       d.u.i.k.l.o.ProgramSV     Match failed: Former match of  SchemaVariable incompatible with  the current match. 
26777      DEBUG Thread-13       d.u.i.k.l.o.ProgramSV     Match failed: Former match of  SchemaVariable incompatible with  the current match. 
26777      DEBUG Thread-13       d.u.i.k.l.o.ProgramSV     Match failed: Former match of  SchemaVariable incompatible with  the current match. 
28178      INFO  main            d.u.i.k.p.r.p.TestFile    ... finished proof: closed. 
28334      INFO  main            d.u.i.k.p.i.AbstractProblemLoader Loading environment from /home/runner/work/key/key/key.core/../key.ui/examples/heap/javacard/arrayFillNonAtomic.key.proof 
28335      DEBUG main            d.u.i.k.p.i.AbstractProblemLoader Environment load took 443.9ns 
28336      INFO  main            d.u.i.k.p.i.AbstractProblemLoader Creating init config 
29778      DEBUG main            d.u.i.k.p.i.AbstractProblemLoader Init config took 1.44s 
29837      INFO  main            d.u.i.k.p.i.AbstractProblemLoader Replaying proof javacard.framework.Util[javacard.framework.Util::arrayFillNonAtomic([B,short,short,byte)].JML behavior operation contract.0.transaction_inactive 
30416      DEBUG main            d.u.i.k.p.i.IntermediateProofReplayer Proof replay took 560.14ms 
30420      DEBUG main            d.u.i.k.p.r.p.TestFile    ... success: reloaded. 
30422      INFO  main            d.u.i.k.p.r.p.TestFile    Now processing file /home/runner/work/key/key/key.core/../key.ui/examples/heap/coincidence_count/project.key 
30422      INFO  main            d.u.i.k.p.i.AbstractProblemLoader Loading environment from /home/runner/work/key/key/key.core/../key.ui/examples/heap/coincidence_count/project.key 
30423      DEBUG main            d.u.i.k.p.i.AbstractProblemLoader Environment load took 116.3ns 
30424      INFO  main            d.u.i.k.p.i.AbstractProblemLoader Creating init config 
33544      DEBUG main            d.u.i.k.p.i.AbstractProblemLoader Init config took 3.12s 
33588      INFO  main            d.u.i.k.p.i.AbstractProblemLoader Replaying proof CC[CC::calcCoinIndex([I,[I)].JML normal_behavior operation contract.0 
33592      DEBUG main            d.u.i.k.p.i.IntermediateProofReplayer Proof replay took 6.5ns 
50659      INFO  main            d.u.i.k.p.r.p.TestFile    ... finished proof: closed. 
50938      INFO  main            d.u.i.k.p.i.AbstractProblemLoader Loading environment from /home/runner/work/key/key/key.core/../key.ui/examples/heap/coincidence_count/project.key.proof 
50938      DEBUG main            d.u.i.k.p.i.AbstractProblemLoader Environment load took 431.7ns 
50941      INFO  main            d.u.i.k.p.i.AbstractProblemLoader Creating init config 
53365      DEBUG main            d.u.i.k.p.i.AbstractProblemLoader Init config took 2.42s 
53405      INFO  main            d.u.i.k.p.i.AbstractProblemLoader Replaying proof CC[CC::calcCoinIndex([I,[I)].JML normal_behavior operation contract.0 
54071      DEBUG main            d.u.i.k.p.i.IntermediateProofReplayer Proof replay took 599.21ms 
54074      DEBUG main            d.u.i.k.p.r.p.TestFile    ... success: reloaded. 
54076      INFO  main            d.u.i.k.p.r.p.TestFile    Now processing file /home/runner/work/key/key/key.core/../key.ui/examples/heap/verifyThis11_1_Maximum/project.key 
54076      INFO  main            d.u.i.k.p.i.AbstractProblemLoader Loading environment from /home/runner/work/key/key/key.core/../key.ui/examples/heap/verifyThis11_1_Maximum/project.key 
54077      DEBUG main            d.u.i.k.p.i.AbstractProblemLoader Environment load took 208.2ns 
54077      INFO  main            d.u.i.k.p.i.AbstractProblemLoader Creating init config 
56514      DEBUG main            d.u.i.k.p.i.AbstractProblemLoader Init config took 2.44s 
56555      INFO  main            d.u.i.k.p.i.AbstractProblemLoader Replaying proof Maximum[Maximum::maxIndex([I)].JML normal_behavior operation contract.0 
56556      DEBUG main            d.u.i.k.p.i.IntermediateProofReplayer Proof replay took 7ns 
57477      INFO  main            d.u.i.k.p.r.p.TestFile    ... finished proof: closed. 
57713      INFO  main            d.u.i.k.p.i.AbstractProblemLoader Loading environment from /home/runner/work/key/key/key.core/../key.ui/examples/heap/verifyThis11_1_Maximum/project.key.proof 
57714      DEBUG main            d.u.i.k.p.i.AbstractProblemLoader Environment load took 474.9ns 
57715      INFO  main            d.u.i.k.p.i.AbstractProblemLoader Creating init config 
60067      DEBUG main            d.u.i.k.p.i.AbstractProblemLoader Init config took 2.35s 
60108      INFO  main            d.u.i.k.p.i.AbstractProblemLoader Replaying proof Maximum[Maximum::maxIndex([I)].JML normal_behavior operation contract.0 
60230      DEBUG main            d.u.i.k.p.i.IntermediateProofReplayer Proof replay took 114.35ms 
60231      DEBUG main            d.u.i.k.p.r.p.TestFile    ... success: reloaded. 
60232      INFO  main            d.u.i.k.p.r.p.TestFile    Now processing file /home/runner/work/key/key/key.core/../key.ui/examples/heap/fm12_01_LRS/lcp.key 
60232      INFO  main            d.u.i.k.p.i.AbstractProblemLoader Loading environment from /home/runner/work/key/key/key.core/../key.ui/examples/heap/fm12_01_LRS/lcp.key 
60232      DEBUG main            d.u.i.k.p.i.AbstractProblemLoader Environment load took 205.1ns 
60233      INFO  main            d.u.i.k.p.i.AbstractProblemLoader Creating init config 
63259      DEBUG main            d.u.i.k.p.i.AbstractProblemLoader Init config took 3.03s 
63337      INFO  main            d.u.i.k.p.i.AbstractProblemLoader Replaying proof LCP[LCP::lcp([I,int,int)].JML normal_behavior operation contract.0 
63340      DEBUG main            d.u.i.k.p.i.IntermediateProofReplayer Proof replay took 6.3ns 
64246      INFO  main            d.u.i.k.p.r.p.TestFile    ... finished proof: closed. 
64502      INFO  main            d.u.i.k.p.i.AbstractProblemLoader Loading environment from /home/runner/work/key/key/key.core/../key.ui/examples/heap/fm12_01_LRS/lcp.key.proof 
64502      DEBUG main            d.u.i.k.p.i.AbstractProblemLoader Environment load took 123.5ns 
64504      INFO  main            d.u.i.k.p.i.AbstractProblemLoader Creating init config 
67273      DEBUG main            d.u.i.k.p.i.AbstractProblemLoader Init config took 2.77s 
67328      INFO  main            d.u.i.k.p.i.AbstractProblemLoader Replaying proof LCP[LCP::lcp([I,int,int)].JML normal_behavior operation contract.0 
67484      DEBUG main            d.u.i.k.p.i.IntermediateProofReplayer Proof replay took 150.37ms 
67485      DEBUG main            d.u.i.k.p.r.p.TestFile    ... success: reloaded. 
67486      INFO  main            d.u.i.k.p.r.p.TestFile    Now processing file /home/runner/work/key/key/key.core/../key.ui/examples/heap/SemanticSlicing/project.key 
67487      INFO  main            d.u.i.k.p.i.AbstractProblemLoader Loading environment from /home/runner/work/key/key/key.core/../key.ui/examples/heap/SemanticSlicing/project.key 
67487      DEBUG main            d.u.i.k.p.i.AbstractProblemLoader Environment load took 135ns 
67488      INFO  main            d.u.i.k.p.i.AbstractProblemLoader Creating init config 
69999      DEBUG main            d.u.i.k.p.i.AbstractProblemLoader Init config took 2.51s 
70050      INFO  main            d.u.i.k.p.i.AbstractProblemLoader Replaying proof unsatcore_after.competition.postcond5.scope333.LRS[unsatcore_after.competition.postcond5.scope333.LRS::doLRS()].JML operation contract.0 
70052      DEBUG main            d.u.i.k.p.i.IntermediateProofReplayer Proof replay took 6.7ns 
73764      INFO  main            d.u.i.k.p.r.p.TestFile    ... finished proof: closed. 
74039      INFO  main            d.u.i.k.p.i.AbstractProblemLoader Loading environment from /home/runner/work/key/key/key.core/../key.ui/examples/heap/SemanticSlicing/project.key.proof 
74039      DEBUG main            d.u.i.k.p.i.AbstractProblemLoader Environment load took 471.5ns 
74041      INFO  main            d.u.i.k.p.i.AbstractProblemLoader Creating init config 
76473      DEBUG main            d.u.i.k.p.i.AbstractProblemLoader Init config took 2.43s 
76541      INFO  main            d.u.i.k.p.i.AbstractProblemLoader Replaying proof unsatcore_after.competition.postcond5.scope333.LRS[unsatcore_after.competition.postcond5.scope333.LRS::doLRS()].JML operation contract.0 
77105      DEBUG main            d.u.i.k.p.i.IntermediateProofReplayer Proof replay took 549.2ms 
77106      DEBUG main            d.u.i.k.p.r.p.TestFile    ... success: reloaded. 
77107      INFO  main            d.u.i.k.p.r.p.TestFile    Now processing file /home/runner/work/key/key/key.core/../key.ui/examples/heap/information_flow/ArrayList_contains.key 
77108      INFO  main            d.u.i.k.p.i.AbstractProblemLoader Loading environment from /home/runner/work/key/key/key.core/../key.ui/examples/heap/information_flow/ArrayList_contains.key 
77108      DEBUG main            d.u.i.k.p.i.AbstractProblemLoader Environment load took 224.5ns 
77109      INFO  main            d.u.i.k.p.i.AbstractProblemLoader Creating init config 
79801      DEBUG main            d.u.i.k.p.i.AbstractProblemLoader Init config took 2.69s 
79841      INFO  main            d.u.i.k.p.i.AbstractProblemLoader Replaying proof ArrayList[ArrayList::get(int)].JML normal_behavior operation contract.0 
79843      DEBUG main            d.u.i.k.p.i.IntermediateProofReplayer Proof replay took 7ns 
80146      INFO  main            d.u.i.k.p.r.p.TestFile    ... finished proof: closed. 
80388      INFO  main            d.u.i.k.p.i.AbstractProblemLoader Loading environment from /home/runner/work/key/key/key.core/../key.ui/examples/heap/information_flow/ArrayList_contains.key.proof 
80388      DEBUG main            d.u.i.k.p.i.AbstractProblemLoader Environment load took 119.5ns 
80389      INFO  main            d.u.i.k.p.i.AbstractProblemLoader Creating init config 
82910      DEBUG main            d.u.i.k.p.i.AbstractProblemLoader Init config took 2.52s 
82949      INFO  main            d.u.i.k.p.i.AbstractProblemLoader Replaying proof ArrayList[ArrayList::get(int)].JML normal_behavior operation contract.0 
82988      DEBUG main            d.u.i.k.p.i.IntermediateProofReplayer Proof replay took 36.32ms 
82989      DEBUG main            d.u.i.k.p.r.p.TestFile    ... success: reloaded. 
82990      INFO  main            d.u.i.k.p.r.p.TestFile    Now processing file /home/runner/work/key/key/key.core/../key.ui/examples/heap/information_flow/ArrayList_get.key 
82990      INFO  main            d.u.i.k.p.i.AbstractProblemLoader Loading environment from /home/runner/work/key/key/key.core/../key.ui/examples/heap/information_flow/ArrayList_get.key 
82990      DEBUG main            d.u.i.k.p.i.AbstractProblemLoader Environment load took 223ns 
82991      INFO  main            d.u.i.k.p.i.AbstractProblemLoader Creating init config 
85614      DEBUG main            d.u.i.k.p.i.AbstractProblemLoader Init config took 2.62s 
85652      INFO  main            d.u.i.k.p.i.AbstractProblemLoader Replaying proof ArrayList[ArrayList::contains(java.lang.Object)].JML normal_behavior operation contract.0 
85653      DEBUG main            d.u.i.k.p.i.IntermediateProofReplayer Proof replay took 8.2ns 
86559      INFO  main            d.u.i.k.p.r.p.TestFile    ... finished proof: closed. 
86836      INFO  main            d.u.i.k.p.i.AbstractProblemLoader Loading environment from /home/runner/work/key/key/key.core/../key.ui/examples/heap/information_flow/ArrayList_get.key.proof 
86837      DEBUG main            d.u.i.k.p.i.AbstractProblemLoader Environment load took 580.3ns 
86838      INFO  main            d.u.i.k.p.i.AbstractProblemLoader Creating init config 
89384      DEBUG main            d.u.i.k.p.i.AbstractProblemLoader Init config took 2.55s 
89421      INFO  main            d.u.i.k.p.i.AbstractProblemLoader Replaying proof ArrayList[ArrayList::contains(java.lang.Object)].JML normal_behavior operation contract.0 
89533      DEBUG main            d.u.i.k.p.i.IntermediateProofReplayer Proof replay took 106.51ms 
89534      DEBUG main            d.u.i.k.p.r.p.TestFile    ... success: reloaded. 
89535      INFO  main            d.u.i.k.p.r.p.TestFile    Now processing file /home/runner/work/key/key/key.core/../key.ui/examples/heap/information_flow/ArrayList_size.key 
89535      INFO  main            d.u.i.k.p.i.AbstractProblemLoader Loading environment from /home/runner/work/key/key/key.core/../key.ui/examples/heap/information_flow/ArrayList_size.key 
89536      DEBUG main            d.u.i.k.p.i.AbstractProblemLoader Environment load took 220.62ns 
89537      INFO  main            d.u.i.k.p.i.AbstractProblemLoader Creating init config 
92093      DEBUG main            d.u.i.k.p.i.AbstractProblemLoader Init config took 2.56s 
92130      INFO  main            d.u.i.k.p.i.AbstractProblemLoader Replaying proof ArrayList[ArrayList::size()].JML normal_behavior operation contract.0 
92132      DEBUG main            d.u.i.k.p.i.IntermediateProofReplayer Proof replay took 6.3ns 
92234      INFO  main            d.u.i.k.p.r.p.TestFile    ... finished proof: closed. 
92506      INFO  main            d.u.i.k.p.i.AbstractProblemLoader Loading environment from /home/runner/work/key/key/key.core/../key.ui/examples/heap/information_flow/ArrayList_size.key.proof 
92506      DEBUG main            d.u.i.k.p.i.AbstractProblemLoader Environment load took 156.2ns 
92507      INFO  main            d.u.i.k.p.i.AbstractProblemLoader Creating init config 
95020      DEBUG main            d.u.i.k.p.i.AbstractProblemLoader Init config took 2.51s 
95058      INFO  main            d.u.i.k.p.i.AbstractProblemLoader Replaying proof ArrayList[ArrayList::size()].JML normal_behavior operation contract.0 
95070      DEBUG main            d.u.i.k.p.i.IntermediateProofReplayer Proof replay took 9.76ms 
95071      DEBUG main            d.u.i.k.p.r.p.TestFile    ... success: reloaded. 
95072      INFO  main            d.u.i.k.p.r.p.TestFile    Now processing file /home/runner/work/key/key/key.core/../key.ui/examples/heap/information_flow/UpdateAbstraction_ex7_3_secure.key 
95073      INFO  main            d.u.i.k.p.i.AbstractProblemLoader Loading environment from /home/runner/work/key/key/key.core/../key.ui/examples/heap/information_flow/UpdateAbstraction_ex7_3_secure.key 
95073      DEBUG main            d.u.i.k.p.i.AbstractProblemLoader Environment load took 127.4ns 
95074      INFO  main            d.u.i.k.p.i.AbstractProblemLoader Creating init config 
97633      DEBUG main            d.u.i.k.p.i.AbstractProblemLoader Init config took 2.56s 
97691      INFO  main            d.u.i.k.p.i.AbstractProblemLoader Replaying proof UpdateAbstraction[UpdateAbstraction::ex7_3_secure()].JML operation contract.0 
97694      DEBUG main            d.u.i.k.p.i.IntermediateProofReplayer Proof replay took 6.1ns 
97896      INFO  main            d.u.i.k.p.r.p.TestFile    ... finished proof: closed. 
98145      INFO  main            d.u.i.k.p.i.AbstractProblemLoader Loading environment from /home/runner/work/key/key/key.core/../key.ui/examples/heap/information_flow/UpdateAbstraction_ex7_3_secure.key.proof 
98145      DEBUG main            d.u.i.k.p.i.AbstractProblemLoader Environment load took 113.4ns 
98146      INFO  main            d.u.i.k.p.i.AbstractProblemLoader Creating init config 
100654     DEBUG main            d.u.i.k.p.i.AbstractProblemLoader Init config took 2.51s 
100689     INFO  main            d.u.i.k.p.i.AbstractProblemLoader Replaying proof UpdateAbstraction[UpdateAbstraction::ex7_3_secure()].JML operation contract.0 
100712     DEBUG main            d.u.i.k.p.i.IntermediateProofReplayer Proof replay took 21.7ms 
100713     DEBUG main            d.u.i.k.p.r.p.TestFile    ... success: reloaded. 
100714     INFO  main            d.u.i.k.p.r.p.TestFile    Now processing file /home/runner/work/key/key/key.core/../key.ui/examples/heap/information_flow/UpdateAbstraction_ex7_4_secure.key 
100714     INFO  main            d.u.i.k.p.i.AbstractProblemLoader Loading environment from /home/runner/work/key/key/key.core/../key.ui/examples/heap/information_flow/UpdateAbstraction_ex7_4_secure.key 
100714     DEBUG main            d.u.i.k.p.i.AbstractProblemLoader Environment load took 78.5ns 
100715     INFO  main            d.u.i.k.p.i.AbstractProblemLoader Creating init config 
103280     DEBUG main            d.u.i.k.p.i.AbstractProblemLoader Init config took 2.56s 
103314     INFO  main            d.u.i.k.p.i.AbstractProblemLoader Replaying proof UpdateAbstraction[UpdateAbstraction::ex7_4_secure()].JML operation contract.0 
103315     DEBUG main            d.u.i.k.p.i.IntermediateProofReplayer Proof replay took 7.1ns 
103518     INFO  main            d.u.i.k.p.r.p.TestFile    ... finished proof: closed. 
103772     INFO  main            d.u.i.k.p.i.AbstractProblemLoader Loading environment from /home/runner/work/key/key/key.core/../key.ui/examples/heap/information_flow/UpdateAbstraction_ex7_4_secure.key.proof 
103772     DEBUG main            d.u.i.k.p.i.AbstractProblemLoader Environment load took 106.3ns 
103773     INFO  main            d.u.i.k.p.i.AbstractProblemLoader Creating init config 
106265     DEBUG main            d.u.i.k.p.i.AbstractProblemLoader Init config took 2.49s 
106299     INFO  main            d.u.i.k.p.i.AbstractProblemLoader Replaying proof UpdateAbstraction[UpdateAbstraction::ex7_4_secure()].JML operation contract.0 
106338     DEBUG main            d.u.i.k.p.i.IntermediateProofReplayer Proof replay took 32.95ms 
106339     DEBUG main            d.u.i.k.p.r.p.TestFile    ... success: reloaded. 
106340     INFO  main            d.u.i.k.p.r.p.TestFile    Now processing file /home/runner/work/key/key/key.core/../key.ui/examples/heap/information_flow/UpdateAbstraction_ex7_5_secure.key 
106341     INFO  main            d.u.i.k.p.i.AbstractProblemLoader Loading environment from /home/runner/work/key/key/key.core/../key.ui/examples/heap/information_flow/UpdateAbstraction_ex7_5_secure.key 
106341     DEBUG main            d.u.i.k.p.i.AbstractProblemLoader Environment load took 206.8ns 
106342     INFO  main            d.u.i.k.p.i.AbstractProblemLoader Creating init config 
108926     DEBUG main            d.u.i.k.p.i.AbstractProblemLoader Init config took 2.58s 
108980     INFO  main            d.u.i.k.p.i.AbstractProblemLoader Replaying proof UpdateAbstraction[UpdateAbstraction::ex7_5_secure()].JML operation contract.0 
108982     DEBUG main            d.u.i.k.p.i.IntermediateProofReplayer Proof replay took 6.4ns 
109083     INFO  main            d.u.i.k.p.r.p.TestFile    ... finished proof: closed. 
109337     INFO  main            d.u.i.k.p.i.AbstractProblemLoader Loading environment from /home/runner/work/key/key/key.core/../key.ui/examples/heap/information_flow/UpdateAbstraction_ex7_5_secure.key.proof 
109338     DEBUG main            d.u.i.k.p.i.AbstractProblemLoader Environment load took 109ns 
109338     INFO  main            d.u.i.k.p.i.AbstractProblemLoader Creating init config 
111816     DEBUG main            d.u.i.k.p.i.AbstractProblemLoader Init config took 2.48s 
111850     INFO  main            d.u.i.k.p.i.AbstractProblemLoader Replaying proof UpdateAbstraction[UpdateAbstraction::ex7_5_secure()].JML operation contract.0 
111877     DEBUG main            d.u.i.k.p.i.IntermediateProofReplayer Proof replay took 25.04ms 
111878     DEBUG main            d.u.i.k.p.r.p.TestFile    ... success: reloaded. 
111879     INFO  main            d.u.i.k.p.r.p.TestFile    Now processing file /home/runner/work/key/key/key.core/../key.ui/examples/heap/information_flow/UpdateAbstraction_ex7_6_secure.key 
111880     INFO  main            d.u.i.k.p.i.AbstractProblemLoader Loading environment from /home/runner/work/key/key/key.core/../key.ui/examples/heap/information_flow/UpdateAbstraction_ex7_6_secure.key 
111880     DEBUG main            d.u.i.k.p.i.AbstractProblemLoader Environment load took 204.8ns 
111881     INFO  main            d.u.i.k.p.i.AbstractProblemLoader Creating init config 
114423     DEBUG main            d.u.i.k.p.i.AbstractProblemLoader Init config took 2.54s 
114457     INFO  main            d.u.i.k.p.i.AbstractProblemLoader Replaying proof UpdateAbstraction[UpdateAbstraction::ex7_6_secure()].JML operation contract.0 
114458     DEBUG main            d.u.i.k.p.i.IntermediateProofReplayer Proof replay took 6ns 
114760     INFO  main            d.u.i.k.p.r.p.TestFile    ... finished proof: closed. 
115043     INFO  main            d.u.i.k.p.i.AbstractProblemLoader Loading environment from /home/runner/work/key/key/key.core/../key.ui/examples/heap/information_flow/UpdateAbstraction_ex7_6_secure.key.proof 
115043     DEBUG main            d.u.i.k.p.i.AbstractProblemLoader Environment load took 110.8ns 
115044     INFO  main            d.u.i.k.p.i.AbstractProblemLoader Creating init config 
117503     DEBUG main            d.u.i.k.p.i.AbstractProblemLoader Init config took 2.46s 
117536     INFO  main            d.u.i.k.p.i.AbstractProblemLoader Replaying proof UpdateAbstraction[UpdateAbstraction::ex7_6_secure()].JML operation contract.0 
117579     DEBUG main            d.u.i.k.p.i.IntermediateProofReplayer Proof replay took 41.41ms 
117580     DEBUG main            d.u.i.k.p.r.p.TestFile    ... success: reloaded. 
117581     INFO  main            d.u.i.k.p.r.p.TestFile    Now processing file /home/runner/work/key/key/key.core/../key.ui/examples/heap/information_flow/UpdateAbstraction_ex9_secure.key 
117581     INFO  main            d.u.i.k.p.i.AbstractProblemLoader Loading environment from /home/runner/work/key/key/key.core/../key.ui/examples/heap/information_flow/UpdateAbstraction_ex9_secure.key 
117581     DEBUG main            d.u.i.k.p.i.AbstractProblemLoader Environment load took 120.3ns 
117582     INFO  main            d.u.i.k.p.i.AbstractProblemLoader Creating init config 
120146     DEBUG main            d.u.i.k.p.i.AbstractProblemLoader Init config took 2.56s 
120181     INFO  main            d.u.i.k.p.i.AbstractProblemLoader Replaying proof UpdateAbstraction[UpdateAbstraction::ex9_secure()].JML operation contract.0 
120183     DEBUG main            d.u.i.k.p.i.IntermediateProofReplayer Proof replay took 8ns 
121086     INFO  main            d.u.i.k.p.r.p.TestFile    ... finished proof: closed. 
121381     INFO  main            d.u.i.k.p.i.AbstractProblemLoader Loading environment from /home/runner/work/key/key/key.core/../key.ui/examples/heap/information_flow/UpdateAbstraction_ex9_secure.key.proof 
121381     DEBUG main            d.u.i.k.p.i.AbstractProblemLoader Environment load took 103.1ns 
121382     INFO  main            d.u.i.k.p.i.AbstractProblemLoader Creating init config 
123881     DEBUG main            d.u.i.k.p.i.AbstractProblemLoader Init config took 2.5s 
123914     INFO  main            d.u.i.k.p.i.AbstractProblemLoader Replaying proof UpdateAbstraction[UpdateAbstraction::ex9_secure()].JML operation contract.0 
124048     DEBUG main            d.u.i.k.p.i.IntermediateProofReplayer Proof replay took 130.69ms 
124049     DEBUG main            d.u.i.k.p.r.p.TestFile    ... success: reloaded. 
799435     INFO  Test worker     d.u.i.k.p.r.p.StatisticsFile Returning from test javaCard 
799438     INFO  Test worker     d.u.i.k.p.r.p.StatisticsFile Running test list 
345        INFO  Timeout watchdog d.u.i.k.p.r.p.ForkedTestFileRunner Timeout watcher launched (2000 secs.) 
362        WARN  main            d.u.i.k.s.ProofSettings   The settings in /home/runner/.key/proof-settings.props are *not* read. 
417        INFO  main            d.u.i.k.p.r.p.TestFile    Now processing file /home/runner/work/key/key/key.core/../key.ui/examples/heap/list/ArrayList_add.key 
554        INFO  main            d.u.i.k.p.i.AbstractProblemLoader Loading environment from /home/runner/work/key/key/key.core/../key.ui/examples/heap/list/ArrayList_add.key 
571        DEBUG main            d.u.i.k.p.i.AbstractProblemLoader Environment load took 2.2ms 
781        INFO  main            d.u.i.k.p.i.AbstractProblemLoader Creating init config 
1677       DEBUG main            d.u.i.k.j.TypeConverter   No LDT found for Meta 
1679       DEBUG main            d.u.i.k.j.TypeConverter   No LDT found for Meta 
1683       DEBUG main            d.u.i.k.j.TypeConverter   No LDT found for Meta 
1683       DEBUG main            d.u.i.k.j.TypeConverter   No LDT found for Meta 
2912       DEBUG main            d.u.i.k.j.TypeConverter   No LDT found for JavaBigintExpression 
5993       DEBUG main            d.u.i.k.j.r.ClassPreparationMethodBuilder clPrepBuilder: Inner Class detected. Reject building class initialisation methods. 
8470       DEBUG main            d.u.i.k.p.i.AbstractProblemLoader Init config took 7.69s 
8684       INFO  main            d.u.i.k.p.i.AbstractProblemLoader Replaying proof ArrayList[List::add(java.lang.Object)].JML normal_behavior operation contract.0 
8747       DEBUG main            d.u.i.k.p.i.IntermediateProofReplayer Proof replay took 35.6ns 
14475      INFO  main            d.u.i.k.p.r.p.TestFile    ... finished proof: closed. 
14705      INFO  main            d.u.i.k.p.i.AbstractProblemLoader Loading environment from /home/runner/work/key/key/key.core/../key.ui/examples/heap/list/ArrayList_add.key.proof 
14705      DEBUG main            d.u.i.k.p.i.AbstractProblemLoader Environment load took 229ns 
14709      INFO  main            d.u.i.k.p.i.AbstractProblemLoader Creating init config 
15876      DEBUG main            d.u.i.k.j.r.ClassPreparationMethodBuilder clPrepBuilder: Inner Class detected. Reject building class initialisation methods. 
18050      DEBUG main            d.u.i.k.p.i.AbstractProblemLoader Init config took 3.34s 
18130      INFO  main            d.u.i.k.p.i.AbstractProblemLoader Replaying proof ArrayList[List::add(java.lang.Object)].JML normal_behavior operation contract.0 
18711      DEBUG main            d.u.i.k.p.i.IntermediateProofReplayer Proof replay took 555.63ms 
18719      DEBUG main            d.u.i.k.p.r.p.TestFile    ... success: reloaded. 
18721      INFO  main            d.u.i.k.p.r.p.TestFile    Now processing file /home/runner/work/key/key/key.core/../key.ui/examples/heap/list/ArrayList_ArrayList.key 
18722      INFO  main            d.u.i.k.p.i.AbstractProblemLoader Loading environment from /home/runner/work/key/key/key.core/../key.ui/examples/heap/list/ArrayList_ArrayList.key 
18722      DEBUG main            d.u.i.k.p.i.AbstractProblemLoader Environment load took 246.6ns 
18724      INFO  main            d.u.i.k.p.i.AbstractProblemLoader Creating init config 
19781      DEBUG main            d.u.i.k.j.r.ClassPreparationMethodBuilder clPrepBuilder: Inner Class detected. Reject building class initialisation methods. 
21862      DEBUG main            d.u.i.k.p.i.AbstractProblemLoader Init config took 3.14s 
21927      INFO  main            d.u.i.k.p.i.AbstractProblemLoader Replaying proof ArrayList[ArrayList::ArrayList()].JML normal_behavior operation contract.0 
21930      DEBUG main            d.u.i.k.p.i.IntermediateProofReplayer Proof replay took 6.3ns 
23235      INFO  main            d.u.i.k.p.r.p.TestFile    ... finished proof: closed. 
23395      INFO  main            d.u.i.k.p.i.AbstractProblemLoader Loading environment from /home/runner/work/key/key/key.core/../key.ui/examples/heap/list/ArrayList_ArrayList.key.proof 
23398      DEBUG main            d.u.i.k.p.i.AbstractProblemLoader Environment load took 2.76ms 
23400      INFO  main            d.u.i.k.p.i.AbstractProblemLoader Creating init config 
24438      DEBUG main            d.u.i.k.j.r.ClassPreparationMethodBuilder clPrepBuilder: Inner Class detected. Reject building class initialisation methods. 
26479      DEBUG main            d.u.i.k.p.i.AbstractProblemLoader Init config took 3.08s 
26536      INFO  main            d.u.i.k.p.i.AbstractProblemLoader Replaying proof ArrayList[ArrayList::ArrayList()].JML normal_behavior operation contract.0 
26689      DEBUG main            d.u.i.k.p.i.IntermediateProofReplayer Proof replay took 143.02ms 
26690      DEBUG main            d.u.i.k.p.r.p.TestFile    ... success: reloaded. 
26692      INFO  main            d.u.i.k.p.r.p.TestFile    Now processing file /home/runner/work/key/key/key.core/../key.ui/examples/heap/list/ArrayList_concatenate.key 
26692      INFO  main            d.u.i.k.p.i.AbstractProblemLoader Loading environment from /home/runner/work/key/key/key.core/../key.ui/examples/heap/list/ArrayList_concatenate.key 
26692      DEBUG main            d.u.i.k.p.i.AbstractProblemLoader Environment load took 234ns 
26694      INFO  main            d.u.i.k.p.i.AbstractProblemLoader Creating init config 
27688      DEBUG main            d.u.i.k.j.r.ClassPreparationMethodBuilder clPrepBuilder: Inner Class detected. Reject building class initialisation methods. 
29716      DEBUG main            d.u.i.k.p.i.AbstractProblemLoader Init config took 3.02s 
29782      INFO  main            d.u.i.k.p.i.AbstractProblemLoader Replaying proof ArrayList[List::concatenate(List)].JML normal_behavior operation contract.0 
29785      DEBUG main            d.u.i.k.p.i.IntermediateProofReplayer Proof replay took 6.1ns 
52235      INFO  main            d.u.i.k.p.r.p.TestFile    ... finished proof: closed. 
52475      INFO  main            d.u.i.k.p.i.AbstractProblemLoader Loading environment from /home/runner/work/key/key/key.core/../key.ui/examples/heap/list/ArrayList_concatenate.key.proof 
52475      DEBUG main            d.u.i.k.p.i.AbstractProblemLoader Environment load took 247.4ns 
52482      INFO  main            d.u.i.k.p.i.AbstractProblemLoader Creating init config 
53452      DEBUG main            d.u.i.k.j.r.ClassPreparationMethodBuilder clPrepBuilder: Inner Class detected. Reject building class initialisation methods. 
55444      DEBUG main            d.u.i.k.p.i.AbstractProblemLoader Init config took 2.96s 
55513      INFO  main            d.u.i.k.p.i.AbstractProblemLoader Replaying proof ArrayList[List::concatenate(List)].JML normal_behavior operation contract.0 
56970      DEBUG main            d.u.i.k.p.i.IntermediateProofReplayer Proof replay took 1.39s 
56973      DEBUG main            d.u.i.k.p.r.p.TestFile    ... success: reloaded. 
56975      INFO  main            d.u.i.k.p.r.p.TestFile    Now processing file /home/runner/work/key/key/key.core/../key.ui/examples/heap/list/ArrayList_contains_dep.key 
56975      INFO  main            d.u.i.k.p.i.AbstractProblemLoader Loading environment from /home/runner/work/key/key/key.core/../key.ui/examples/heap/list/ArrayList_contains_dep.key 
56975      DEBUG main            d.u.i.k.p.i.AbstractProblemLoader Environment load took 222.9ns 
56976      INFO  main            d.u.i.k.p.i.AbstractProblemLoader Creating init config 
57944      DEBUG main            d.u.i.k.j.r.ClassPreparationMethodBuilder clPrepBuilder: Inner Class detected. Reject building class initialisation methods. 
59966      DEBUG main            d.u.i.k.p.i.AbstractProblemLoader Init config took 2.99s 
60032      INFO  main            d.u.i.k.p.i.AbstractProblemLoader Replaying proof ArrayList[List::contains(java.lang.Object)].JML accessible clause.0 
60035      DEBUG main            d.u.i.k.p.i.IntermediateProofReplayer Proof replay took 6.2ns 
62679      INFO  main            d.u.i.k.p.r.p.TestFile    ... finished proof: closed. 
62919      INFO  main            d.u.i.k.p.i.AbstractProblemLoader Loading environment from /home/runner/work/key/key/key.core/../key.ui/examples/heap/list/ArrayList_contains_dep.key.proof 
62920      DEBUG main            d.u.i.k.p.i.AbstractProblemLoader Environment load took 455.1ns 
62921      INFO  main            d.u.i.k.p.i.AbstractProblemLoader Creating init config 
63884      DEBUG main            d.u.i.k.j.r.ClassPreparationMethodBuilder clPrepBuilder: Inner Class detected. Reject building class initialisation methods. 
65831      DEBUG main            d.u.i.k.p.i.AbstractProblemLoader Init config took 2.91s 
65881      INFO  main            d.u.i.k.p.i.AbstractProblemLoader Replaying proof ArrayList[List::contains(java.lang.Object)].JML accessible clause.0 
66187      DEBUG main            d.u.i.k.p.i.IntermediateProofReplayer Proof replay took 295.38ms 
66189      DEBUG main            d.u.i.k.p.r.p.TestFile    ... success: reloaded. 
66190      INFO  main            d.u.i.k.p.r.p.TestFile    Now processing file /home/runner/work/key/key/key.core/../key.ui/examples/heap/list/ArrayList_enlarge.key 
66190      INFO  main            d.u.i.k.p.i.AbstractProblemLoader Loading environment from /home/runner/work/key/key/key.core/../key.ui/examples/heap/list/ArrayList_enlarge.key 
66190      DEBUG main            d.u.i.k.p.i.AbstractProblemLoader Environment load took 113.3ns 
66191      INFO  main            d.u.i.k.p.i.AbstractProblemLoader Creating init config 
67157      DEBUG main            d.u.i.k.j.r.ClassPreparationMethodBuilder clPrepBuilder: Inner Class detected. Reject building class initialisation methods. 
69148      DEBUG main            d.u.i.k.p.i.AbstractProblemLoader Init config took 2.96s 
69218      INFO  main            d.u.i.k.p.i.AbstractProblemLoader Replaying proof ArrayList[ArrayList::enlarge()].JML normal_behavior operation contract.0 
69220      DEBUG main            d.u.i.k.p.i.IntermediateProofReplayer Proof replay took 25.5ns 
71429      INFO  main            d.u.i.k.p.r.p.TestFile    ... finished proof: closed. 
71618      INFO  main            d.u.i.k.p.i.AbstractProblemLoader Loading environment from /home/runner/work/key/key/key.core/../key.ui/examples/heap/list/ArrayList_enlarge.key.proof 
71621      DEBUG main            d.u.i.k.p.i.AbstractProblemLoader Environment load took 3.45ms 
71624      INFO  main            d.u.i.k.p.i.AbstractProblemLoader Creating init config 
72561      DEBUG main            d.u.i.k.j.r.ClassPreparationMethodBuilder clPrepBuilder: Inner Class detected. Reject building class initialisation methods. 
74567      DEBUG main            d.u.i.k.p.i.AbstractProblemLoader Init config took 2.94s 
74617      INFO  main            d.u.i.k.p.i.AbstractProblemLoader Replaying proof ArrayList[ArrayList::enlarge()].JML normal_behavior operation contract.0 
74887      DEBUG main            d.u.i.k.p.i.IntermediateProofReplayer Proof replay took 261.61ms 
74888      DEBUG main            d.u.i.k.p.r.p.TestFile    ... success: reloaded. 
74890      INFO  main            d.u.i.k.p.r.p.TestFile    Now processing file /home/runner/work/key/key/key.core/../key.ui/examples/heap/list/ArrayList_footprint.key 
74890      INFO  main            d.u.i.k.p.i.AbstractProblemLoader Loading environment from /home/runner/work/key/key/key.core/../key.ui/examples/heap/list/ArrayList_footprint.key 
74890      DEBUG main            d.u.i.k.p.i.AbstractProblemLoader Environment load took 216.9ns 
74891      INFO  main            d.u.i.k.p.i.AbstractProblemLoader Creating init config 
75827      DEBUG main            d.u.i.k.j.r.ClassPreparationMethodBuilder clPrepBuilder: Inner Class detected. Reject building class initialisation methods. 
77850      DEBUG main            d.u.i.k.p.i.AbstractProblemLoader Init config took 2.96s 
77892      INFO  main            d.u.i.k.p.i.AbstractProblemLoader Replaying proof List[List::$footprint()].JML accessible clause.0 
77894      DEBUG main            d.u.i.k.p.i.IntermediateProofReplayer Proof replay took 5.6ns 
77995      INFO  main            d.u.i.k.p.r.p.TestFile    ... finished proof: closed. 
78167      INFO  main            d.u.i.k.p.i.AbstractProblemLoader Loading environment from /home/runner/work/key/key/key.core/../key.ui/examples/heap/list/ArrayList_footprint.key.proof 
78167      DEBUG main            d.u.i.k.p.i.AbstractProblemLoader Environment load took 114.1ns 
78169      INFO  main            d.u.i.k.p.i.AbstractProblemLoader Creating init config 
79097      DEBUG main            d.u.i.k.j.r.ClassPreparationMethodBuilder clPrepBuilder: Inner Class detected. Reject building class initialisation methods. 
81085      DEBUG main            d.u.i.k.p.i.AbstractProblemLoader Init config took 2.92s 
81133      INFO  main            d.u.i.k.p.i.AbstractProblemLoader Replaying proof List[List::$footprint()].JML accessible clause.0 
81138      DEBUG main            d.u.i.k.p.i.IntermediateProofReplayer Proof replay took 800ns 
81139      DEBUG main            d.u.i.k.p.r.p.TestFile    ... success: reloaded. 
81140      INFO  main            d.u.i.k.p.r.p.TestFile    Now processing file /home/runner/work/key/key/key.core/../key.ui/examples/heap/list/ArrayList_get_dep.key 
81140      INFO  main            d.u.i.k.p.i.AbstractProblemLoader Loading environment from /home/runner/work/key/key/key.core/../key.ui/examples/heap/list/ArrayList_get_dep.key 
81141      DEBUG main            d.u.i.k.p.i.AbstractProblemLoader Environment load took 199.9ns 
81142      INFO  main            d.u.i.k.p.i.AbstractProblemLoader Creating init config 
82088      DEBUG main            d.u.i.k.j.r.ClassPreparationMethodBuilder clPrepBuilder: Inner Class detected. Reject building class initialisation methods. 
84054      DEBUG main            d.u.i.k.p.i.AbstractProblemLoader Init config took 2.91s 
84101      INFO  main            d.u.i.k.p.i.AbstractProblemLoader Replaying proof ArrayList[List::get(int)].JML accessible clause.0 
84103      DEBUG main            d.u.i.k.p.i.IntermediateProofReplayer Proof replay took 5.7ns 
84509      INFO  main            d.u.i.k.p.r.p.TestFile    ... finished proof: closed. 
84685      INFO  main            d.u.i.k.p.i.AbstractProblemLoader Loading environment from /home/runner/work/key/key/key.core/../key.ui/examples/heap/list/ArrayList_get_dep.key.proof 
84686      DEBUG main            d.u.i.k.p.i.AbstractProblemLoader Environment load took 122.3ns 
84688      INFO  main            d.u.i.k.p.i.AbstractProblemLoader Creating init config 
85618      DEBUG main            d.u.i.k.j.r.ClassPreparationMethodBuilder clPrepBuilder: Inner Class detected. Reject building class initialisation methods. 
87545      DEBUG main            d.u.i.k.p.i.AbstractProblemLoader Init config took 2.86s 
87591      INFO  main            d.u.i.k.p.i.AbstractProblemLoader Replaying proof ArrayList[List::get(int)].JML accessible clause.0 
87643      DEBUG main            d.u.i.k.p.i.IntermediateProofReplayer Proof replay took 49.07ms 
87644      DEBUG main            d.u.i.k.p.r.p.TestFile    ... success: reloaded. 
87645      INFO  main            d.u.i.k.p.r.p.TestFile    Now processing file /home/runner/work/key/key/key.core/../key.ui/examples/heap/list/ArrayList_get_exceptional.key 
87645      INFO  main            d.u.i.k.p.i.AbstractProblemLoader Loading environment from /home/runner/work/key/key/key.core/../key.ui/examples/heap/list/ArrayList_get_exceptional.key 
87645      DEBUG main            d.u.i.k.p.i.AbstractProblemLoader Environment load took 165ns 
87646      INFO  main            d.u.i.k.p.i.AbstractProblemLoader Creating init config 
88580      DEBUG main            d.u.i.k.j.r.ClassPreparationMethodBuilder clPrepBuilder: Inner Class detected. Reject building class initialisation methods. 
90578      DEBUG main            d.u.i.k.p.i.AbstractProblemLoader Init config took 2.93s 
90624      INFO  main            d.u.i.k.p.i.AbstractProblemLoader Replaying proof ArrayList[List::get(int)].JML exceptional_behavior operation contract.0 
90625      DEBUG main            d.u.i.k.p.i.IntermediateProofReplayer Proof replay took 5.6ns 
91730      INFO  main            d.u.i.k.p.r.p.TestFile    ... finished proof: closed. 
91937      INFO  main            d.u.i.k.p.i.AbstractProblemLoader Loading environment from /home/runner/work/key/key/key.core/../key.ui/examples/heap/list/ArrayList_get_exceptional.key.proof 
91937      DEBUG main            d.u.i.k.p.i.AbstractProblemLoader Environment load took 430.3ns 
91939      INFO  main            d.u.i.k.p.i.AbstractProblemLoader Creating init config 
92853      DEBUG main            d.u.i.k.j.r.ClassPreparationMethodBuilder clPrepBuilder: Inner Class detected. Reject building class initialisation methods. 
94792      DEBUG main            d.u.i.k.p.i.AbstractProblemLoader Init config took 2.85s 
94838      INFO  main            d.u.i.k.p.i.AbstractProblemLoader Replaying proof ArrayList[List::get(int)].JML exceptional_behavior operation contract.0 
94989      DEBUG main            d.u.i.k.p.i.IntermediateProofReplayer Proof replay took 144.71ms 
94991      DEBUG main            d.u.i.k.p.r.p.TestFile    ... success: reloaded. 
94992      INFO  main            d.u.i.k.p.r.p.TestFile    Now processing file /home/runner/work/key/key/key.core/../key.ui/examples/heap/list/ArrayList_get_normal.key 
94992      INFO  main            d.u.i.k.p.i.AbstractProblemLoader Loading environment from /home/runner/work/key/key/key.core/../key.ui/examples/heap/list/ArrayList_get_normal.key 
94992      DEBUG main            d.u.i.k.p.i.AbstractProblemLoader Environment load took 90.3ns 
94993      INFO  main            d.u.i.k.p.i.AbstractProblemLoader Creating init config 
95933      DEBUG main            d.u.i.k.j.r.ClassPreparationMethodBuilder clPrepBuilder: Inner Class detected. Reject building class initialisation methods. 
97917      DEBUG main            d.u.i.k.p.i.AbstractProblemLoader Init config took 2.92s 
97966      INFO  main            d.u.i.k.p.i.AbstractProblemLoader Replaying proof ArrayList[List::get(int)].JML normal_behavior operation contract.0 
97968      DEBUG main            d.u.i.k.p.i.IntermediateProofReplayer Proof replay took 5ns 
98370      INFO  main            d.u.i.k.p.r.p.TestFile    ... finished proof: closed. 
98572      INFO  main            d.u.i.k.p.i.AbstractProblemLoader Loading environment from /home/runner/work/key/key/key.core/../key.ui/examples/heap/list/ArrayList_get_normal.key.proof 
98573      DEBUG main            d.u.i.k.p.i.AbstractProblemLoader Environment load took 110.1ns 
98575      INFO  main            d.u.i.k.p.i.AbstractProblemLoader Creating init config 
99488      DEBUG main            d.u.i.k.j.r.ClassPreparationMethodBuilder clPrepBuilder: Inner Class detected. Reject building class initialisation methods. 
101463     DEBUG main            d.u.i.k.p.i.AbstractProblemLoader Init config took 2.89s 
101509     INFO  main            d.u.i.k.p.i.AbstractProblemLoader Replaying proof ArrayList[List::get(int)].JML normal_behavior operation contract.0 
101561     DEBUG main            d.u.i.k.p.i.IntermediateProofReplayer Proof replay took 48.39ms 
101562     DEBUG main            d.u.i.k.p.r.p.TestFile    ... success: reloaded. 
101563     INFO  main            d.u.i.k.p.r.p.TestFile    Now processing file /home/runner/work/key/key/key.core/../key.ui/examples/heap/list/ArrayList_inv.key 
101564     INFO  main            d.u.i.k.p.i.AbstractProblemLoader Loading environment from /home/runner/work/key/key/key.core/../key.ui/examples/heap/list/ArrayList_inv.key 
101564     DEBUG main            d.u.i.k.p.i.AbstractProblemLoader Environment load took 97.4ns 
101565     INFO  main            d.u.i.k.p.i.AbstractProblemLoader Creating init config 
102480     DEBUG main            d.u.i.k.j.r.ClassPreparationMethodBuilder clPrepBuilder: Inner Class detected. Reject building class initialisation methods. 
104447     DEBUG main            d.u.i.k.p.i.AbstractProblemLoader Init config took 2.88s 
104492     INFO  main            d.u.i.k.p.i.AbstractProblemLoader Replaying proof ArrayList[java.lang.Object::<inv>()].JML accessible clause.0 
104494     DEBUG main            d.u.i.k.p.i.IntermediateProofReplayer Proof replay took 6.2ns 
104897     INFO  main            d.u.i.k.p.r.p.TestFile    ... finished proof: closed. 
105111     INFO  main            d.u.i.k.p.i.AbstractProblemLoader Loading environment from /home/runner/work/key/key/key.core/../key.ui/examples/heap/list/ArrayList_inv.key.proof 
105111     DEBUG main            d.u.i.k.p.i.AbstractProblemLoader Environment load took 110.9ns 
105112     INFO  main            d.u.i.k.p.i.AbstractProblemLoader Creating init config 
106019     DEBUG main            d.u.i.k.j.r.ClassPreparationMethodBuilder clPrepBuilder: Inner Class detected. Reject building class initialisation methods. 
107936     DEBUG main            d.u.i.k.p.i.AbstractProblemLoader Init config took 2.82s 
107991     INFO  main            d.u.i.k.p.i.AbstractProblemLoader Replaying proof ArrayList[java.lang.Object::<inv>()].JML accessible clause.0 
108021     DEBUG main            d.u.i.k.p.i.IntermediateProofReplayer Proof replay took 27.44ms 
108023     DEBUG main            d.u.i.k.p.r.p.TestFile    ... success: reloaded. 
108024     INFO  main            d.u.i.k.p.r.p.TestFile    Now processing file /home/runner/work/key/key/key.core/../key.ui/examples/heap/list/ArrayList_iterator.key 
108024     INFO  main            d.u.i.k.p.i.AbstractProblemLoader Loading environment from /home/runner/work/key/key/key.core/../key.ui/examples/heap/list/ArrayList_iterator.key 
108024     DEBUG main            d.u.i.k.p.i.AbstractProblemLoader Environment load took 90.7ns 
108025     INFO  main            d.u.i.k.p.i.AbstractProblemLoader Creating init config 
108950     DEBUG main            d.u.i.k.j.r.ClassPreparationMethodBuilder clPrepBuilder: Inner Class detected. Reject building class initialisation methods. 
110944     DEBUG main            d.u.i.k.p.i.AbstractProblemLoader Init config took 2.92s 
110988     INFO  main            d.u.i.k.p.i.AbstractProblemLoader Replaying proof ArrayList[List::iterator()].JML normal_behavior operation contract.0 
110990     DEBUG main            d.u.i.k.p.i.IntermediateProofReplayer Proof replay took 4.8ns 
111494     INFO  main            d.u.i.k.p.r.p.TestFile    ... finished proof: closed. 
111714     INFO  main            d.u.i.k.p.i.AbstractProblemLoader Loading environment from /home/runner/work/key/key/key.core/../key.ui/examples/heap/list/ArrayList_iterator.key.proof 
111714     DEBUG main            d.u.i.k.p.i.AbstractProblemLoader Environment load took 107.9ns 
111715     INFO  main            d.u.i.k.p.i.AbstractProblemLoader Creating init config 
112626     DEBUG main            d.u.i.k.j.r.ClassPreparationMethodBuilder clPrepBuilder: Inner Class detected. Reject building class initialisation methods. 
114568     DEBUG main            d.u.i.k.p.i.AbstractProblemLoader Init config took 2.85s 
114622     INFO  main            d.u.i.k.p.i.AbstractProblemLoader Replaying proof ArrayList[List::iterator()].JML normal_behavior operation contract.0 
114682     DEBUG main            d.u.i.k.p.i.IntermediateProofReplayer Proof replay took 54.89ms 
114683     DEBUG main            d.u.i.k.p.r.p.TestFile    ... success: reloaded. 
114684     INFO  main            d.u.i.k.p.r.p.TestFile    Now processing file /home/runner/work/key/key/key.core/../key.ui/examples/heap/list/ArrayList_size_dep.key 
114685     INFO  main            d.u.i.k.p.i.AbstractProblemLoader Loading environment from /home/runner/work/key/key/key.core/../key.ui/examples/heap/list/ArrayList_size_dep.key 
114685     DEBUG main            d.u.i.k.p.i.AbstractProblemLoader Environment load took 200.3ns 
114686     INFO  main            d.u.i.k.p.i.AbstractProblemLoader Creating init config 
115599     DEBUG main            d.u.i.k.j.r.ClassPreparationMethodBuilder clPrepBuilder: Inner Class detected. Reject building class initialisation methods. 
117557     DEBUG main            d.u.i.k.p.i.AbstractProblemLoader Init config took 2.87s 
117600     INFO  main            d.u.i.k.p.i.AbstractProblemLoader Replaying proof ArrayList[List::size()].JML accessible clause.0 
117602     DEBUG main            d.u.i.k.p.i.IntermediateProofReplayer Proof replay took 5.6ns 
117809     INFO  main            d.u.i.k.p.r.p.TestFile    ... finished proof: closed. 
118013     INFO  main            d.u.i.k.p.i.AbstractProblemLoader Loading environment from /home/runner/work/key/key/key.core/../key.ui/examples/heap/list/ArrayList_size_dep.key.proof 
118013     DEBUG main            d.u.i.k.p.i.AbstractProblemLoader Environment load took 126ns 
118014     INFO  main            d.u.i.k.p.i.AbstractProblemLoader Creating init config 
118914     DEBUG main            d.u.i.k.j.r.ClassPreparationMethodBuilder clPrepBuilder: Inner Class detected. Reject building class initialisation methods. 
120834     DEBUG main            d.u.i.k.p.i.AbstractProblemLoader Init config took 2.82s 
120879     INFO  main            d.u.i.k.p.i.AbstractProblemLoader Replaying proof ArrayList[List::size()].JML accessible clause.0 
120897     DEBUG main            d.u.i.k.p.i.IntermediateProofReplayer Proof replay took 14.46ms 
120898     DEBUG main            d.u.i.k.p.r.p.TestFile    ... success: reloaded. 
120900     INFO  main            d.u.i.k.p.r.p.TestFile    Now processing file /home/runner/work/key/key/key.core/../key.ui/examples/heap/list/ArrayList_size.key 
120901     INFO  main            d.u.i.k.p.i.AbstractProblemLoader Loading environment from /home/runner/work/key/key/key.core/../key.ui/examples/heap/list/ArrayList_size.key 
120901     DEBUG main            d.u.i.k.p.i.AbstractProblemLoader Environment load took 94.6ns 
120904     INFO  main            d.u.i.k.p.i.AbstractProblemLoader Creating init config 
121829     DEBUG main            d.u.i.k.j.r.ClassPreparationMethodBuilder clPrepBuilder: Inner Class detected. Reject building class initialisation methods. 
123800     DEBUG main            d.u.i.k.p.i.AbstractProblemLoader Init config took 2.9s 
123844     INFO  main            d.u.i.k.p.i.AbstractProblemLoader Replaying proof ArrayList[List::size()].JML normal_behavior operation contract.0 
123846     DEBUG main            d.u.i.k.p.i.IntermediateProofReplayer Proof replay took 5.2ns 
124148     INFO  main            d.u.i.k.p.r.p.TestFile    ... finished proof: closed. 
124347     INFO  main            d.u.i.k.p.i.AbstractProblemLoader Loading environment from /home/runner/work/key/key/key.core/../key.ui/examples/heap/list/ArrayList_size.key.proof 
124347     DEBUG main            d.u.i.k.p.i.AbstractProblemLoader Environment load took 108.3ns 
124348     INFO  main            d.u.i.k.p.i.AbstractProblemLoader Creating init config 
125251     DEBUG main            d.u.i.k.j.r.ClassPreparationMethodBuilder clPrepBuilder: Inner Class detected. Reject building class initialisation methods. 
127162     DEBUG main            d.u.i.k.p.i.AbstractProblemLoader Init config took 2.81s 
127206     INFO  main            d.u.i.k.p.i.AbstractProblemLoader Replaying proof ArrayList[List::size()].JML normal_behavior operation contract.0 
127239     DEBUG main            d.u.i.k.p.i.IntermediateProofReplayer Proof replay took 28.71ms 
127240     DEBUG main            d.u.i.k.p.r.p.TestFile    ... success: reloaded. 
127243     INFO  main            d.u.i.k.p.r.p.TestFile    Now processing file /home/runner/work/key/key/key.core/../key.ui/examples/heap/list/ArrayList.ArrayListIterator_ArrayListIterator.key 
127244     INFO  main            d.u.i.k.p.i.AbstractProblemLoader Loading environment from /home/runner/work/key/key/key.core/../key.ui/examples/heap/list/ArrayList.ArrayListIterator_ArrayListIterator.key 
127244     DEBUG main            d.u.i.k.p.i.AbstractProblemLoader Environment load took 205.8ns 
127245     INFO  main            d.u.i.k.p.i.AbstractProblemLoader Creating init config 
128171     DEBUG main            d.u.i.k.j.r.ClassPreparationMethodBuilder clPrepBuilder: Inner Class detected. Reject building class initialisation methods. 
130156     DEBUG main            d.u.i.k.p.i.AbstractProblemLoader Init config took 2.91s 
130210     INFO  main            d.u.i.k.p.i.AbstractProblemLoader Replaying proof ArrayList.ArrayListIterator[ArrayList.ArrayListIterator::ArrayListIterator(ArrayList)].JML normal_behavior operation contract.0 
130211     DEBUG main            d.u.i.k.p.i.IntermediateProofReplayer Proof replay took 5.6ns 
130817     INFO  main            d.u.i.k.p.r.p.TestFile    ... finished proof: closed. 
131043     INFO  main            d.u.i.k.p.i.AbstractProblemLoader Loading environment from /home/runner/work/key/key/key.core/../key.ui/examples/heap/list/ArrayList.ArrayListIterator_ArrayListIterator.key.proof 
131044     DEBUG main            d.u.i.k.p.i.AbstractProblemLoader Environment load took 456.4ns 
131045     INFO  main            d.u.i.k.p.i.AbstractProblemLoader Creating init config 
131951     DEBUG main            d.u.i.k.j.r.ClassPreparationMethodBuilder clPrepBuilder: Inner Class detected. Reject building class initialisation methods. 
133856     DEBUG main            d.u.i.k.p.i.AbstractProblemLoader Init config took 2.81s 
133908     INFO  main            d.u.i.k.p.i.AbstractProblemLoader Replaying proof ArrayList.ArrayListIterator[ArrayList.ArrayListIterator::ArrayListIterator(ArrayList)].JML normal_behavior operation contract.0 
133975     DEBUG main            d.u.i.k.p.i.IntermediateProofReplayer Proof replay took 62.23ms 
133976     DEBUG main            d.u.i.k.p.r.p.TestFile    ... success: reloaded. 
133977     INFO  main            d.u.i.k.p.r.p.TestFile    Now processing file /home/runner/work/key/key/key.core/../key.ui/examples/heap/list/ArrayList.ArrayListIterator_hasNext_dep.key 
133977     INFO  main            d.u.i.k.p.i.AbstractProblemLoader Loading environment from /home/runner/work/key/key/key.core/../key.ui/examples/heap/list/ArrayList.ArrayListIterator_hasNext_dep.key 
133977     DEBUG main            d.u.i.k.p.i.AbstractProblemLoader Environment load took 84.6ns 
133978     INFO  main            d.u.i.k.p.i.AbstractProblemLoader Creating init config 
134902     DEBUG main            d.u.i.k.j.r.ClassPreparationMethodBuilder clPrepBuilder: Inner Class detected. Reject building class initialisation methods. 
136862     DEBUG main            d.u.i.k.p.i.AbstractProblemLoader Init config took 2.88s 
136914     INFO  main            d.u.i.k.p.i.AbstractProblemLoader Replaying proof ArrayList.ArrayListIterator[ListIterator::hasNext()].JML accessible clause.0 
136915     DEBUG main            d.u.i.k.p.i.IntermediateProofReplayer Proof replay took 5.2ns 
137218     INFO  main            d.u.i.k.p.r.p.TestFile    ... finished proof: closed. 
137449     INFO  main            d.u.i.k.p.i.AbstractProblemLoader Loading environment from /home/runner/work/key/key/key.core/../key.ui/examples/heap/list/ArrayList.ArrayListIterator_hasNext_dep.key.proof 
137449     DEBUG main            d.u.i.k.p.i.AbstractProblemLoader Environment load took 131.5ns 
137450     INFO  main            d.u.i.k.p.i.AbstractProblemLoader Creating init config 
138349     DEBUG main            d.u.i.k.j.r.ClassPreparationMethodBuilder clPrepBuilder: Inner Class detected. Reject building class initialisation methods. 
140272     DEBUG main            d.u.i.k.p.i.AbstractProblemLoader Init config took 2.82s 
140322     INFO  main            d.u.i.k.p.i.AbstractProblemLoader Replaying proof ArrayList.ArrayListIterator[ListIterator::hasNext()].JML accessible clause.0 
140355     DEBUG main            d.u.i.k.p.i.IntermediateProofReplayer Proof replay took 30.09ms 
140356     DEBUG main            d.u.i.k.p.r.p.TestFile    ... success: reloaded. 
140357     INFO  main            d.u.i.k.p.r.p.TestFile    Now processing file /home/runner/work/key/key/key.core/../key.ui/examples/heap/list/ArrayList.ArrayListIterator_hasNext.key 
140357     INFO  main            d.u.i.k.p.i.AbstractProblemLoader Loading environment from /home/runner/work/key/key/key.core/../key.ui/examples/heap/list/ArrayList.ArrayListIterator_hasNext.key 
140357     DEBUG main            d.u.i.k.p.i.AbstractProblemLoader Environment load took 72.4ns 
140358     INFO  main            d.u.i.k.p.i.AbstractProblemLoader Creating init config 
141297     DEBUG main            d.u.i.k.j.r.ClassPreparationMethodBuilder clPrepBuilder: Inner Class detected. Reject building class initialisation methods. 
143261     DEBUG main            d.u.i.k.p.i.AbstractProblemLoader Init config took 2.9s 
143312     INFO  main            d.u.i.k.p.i.AbstractProblemLoader Replaying proof ArrayList.ArrayListIterator[ListIterator::hasNext()].JML normal_behavior operation contract.0 
143313     DEBUG main            d.u.i.k.p.i.IntermediateProofReplayer Proof replay took 5.1ns 
143719     INFO  main            d.u.i.k.p.r.p.TestFile    ... finished proof: closed. 
143927     INFO  main            d.u.i.k.p.i.AbstractProblemLoader Loading environment from /home/runner/work/key/key/key.core/../key.ui/examples/heap/list/ArrayList.ArrayListIterator_hasNext.key.proof 
143927     DEBUG main            d.u.i.k.p.i.AbstractProblemLoader Environment load took 104.7ns 
143929     INFO  main            d.u.i.k.p.i.AbstractProblemLoader Creating init config 
144839     DEBUG main            d.u.i.k.j.r.ClassPreparationMethodBuilder clPrepBuilder: Inner Class detected. Reject building class initialisation methods. 
146747     DEBUG main            d.u.i.k.p.i.AbstractProblemLoader Init config took 2.82s 
146797     INFO  main            d.u.i.k.p.i.AbstractProblemLoader Replaying proof ArrayList.ArrayListIterator[ListIterator::hasNext()].JML normal_behavior operation contract.0 
146831     DEBUG main            d.u.i.k.p.i.IntermediateProofReplayer Proof replay took 31.97ms 
146832     DEBUG main            d.u.i.k.p.r.p.TestFile    ... success: reloaded. 
146833     INFO  main            d.u.i.k.p.r.p.TestFile    Now processing file /home/runner/work/key/key/key.core/../key.ui/examples/heap/list/ArrayList.ArrayListIterator_inv.key 
146834     INFO  main            d.u.i.k.p.i.AbstractProblemLoader Loading environment from /home/runner/work/key/key/key.core/../key.ui/examples/heap/list/ArrayList.ArrayListIterator_inv.key 
146834     DEBUG main            d.u.i.k.p.i.AbstractProblemLoader Environment load took 93.7ns 
146835     INFO  main            d.u.i.k.p.i.AbstractProblemLoader Creating init config 
147743     DEBUG main            d.u.i.k.j.r.ClassPreparationMethodBuilder clPrepBuilder: Inner Class detected. Reject building class initialisation methods. 
149695     DEBUG main            d.u.i.k.p.i.AbstractProblemLoader Init config took 2.86s 
149743     INFO  main            d.u.i.k.p.i.AbstractProblemLoader Replaying proof ArrayList.ArrayListIterator[java.lang.Object::<inv>()].JML accessible clause.0 
149745     DEBUG main            d.u.i.k.p.i.IntermediateProofReplayer Proof replay took 5.2ns 
150750     INFO  main            d.u.i.k.p.r.p.TestFile    ... finished proof: closed. 
150993     INFO  main            d.u.i.k.p.i.AbstractProblemLoader Loading environment from /home/runner/work/key/key/key.core/../key.ui/examples/heap/list/ArrayList.ArrayListIterator_inv.key.proof 
150994     DEBUG main            d.u.i.k.p.i.AbstractProblemLoader Environment load took 405.9ns 
150995     INFO  main            d.u.i.k.p.i.AbstractProblemLoader Creating init config 
151898     DEBUG main            d.u.i.k.j.r.ClassPreparationMethodBuilder clPrepBuilder: Inner Class detected. Reject building class initialisation methods. 
153796     DEBUG main            d.u.i.k.p.i.AbstractProblemLoader Init config took 2.8s 
153845     INFO  main            d.u.i.k.p.i.AbstractProblemLoader Replaying proof ArrayList.ArrayListIterator[java.lang.Object::<inv>()].JML accessible clause.0 
153910     DEBUG main            d.u.i.k.p.i.IntermediateProofReplayer Proof replay took 60.67ms 
153911     DEBUG main            d.u.i.k.p.r.p.TestFile    ... success: reloaded. 
153912     INFO  main            d.u.i.k.p.r.p.TestFile    Now processing file /home/runner/work/key/key/key.core/../key.ui/examples/heap/list/ArrayList.ArrayListIterator_list.key 
153912     INFO  main            d.u.i.k.p.i.AbstractProblemLoader Loading environment from /home/runner/work/key/key/key.core/../key.ui/examples/heap/list/ArrayList.ArrayListIterator_list.key 
153912     DEBUG main            d.u.i.k.p.i.AbstractProblemLoader Environment load took 71.4ns 
153915     INFO  main            d.u.i.k.p.i.AbstractProblemLoader Creating init config 
154851     DEBUG main            d.u.i.k.j.r.ClassPreparationMethodBuilder clPrepBuilder: Inner Class detected. Reject building class initialisation methods. 
156780     DEBUG main            d.u.i.k.p.i.AbstractProblemLoader Init config took 2.86s 
156817     INFO  main            d.u.i.k.p.i.AbstractProblemLoader Replaying proof ListIterator[ListIterator::$list()].JML accessible clause.0 
156818     DEBUG main            d.u.i.k.p.i.IntermediateProofReplayer Proof replay took 5.6ns 
156920     INFO  main            d.u.i.k.p.r.p.TestFile    ... finished proof: closed. 
157153     INFO  main            d.u.i.k.p.i.AbstractProblemLoader Loading environment from /home/runner/work/key/key/key.core/../key.ui/examples/heap/list/ArrayList.ArrayListIterator_list.key.proof 
157153     DEBUG main            d.u.i.k.p.i.AbstractProblemLoader Environment load took 106.6ns 
157154     INFO  main            d.u.i.k.p.i.AbstractProblemLoader Creating init config 
158050     DEBUG main            d.u.i.k.j.r.ClassPreparationMethodBuilder clPrepBuilder: Inner Class detected. Reject building class initialisation methods. 
159945     DEBUG main            d.u.i.k.p.i.AbstractProblemLoader Init config took 2.79s 
159983     INFO  main            d.u.i.k.p.i.AbstractProblemLoader Replaying proof ListIterator[ListIterator::$list()].JML accessible clause.0 
159985     DEBUG main            d.u.i.k.p.i.IntermediateProofReplayer Proof replay took 736.81ns 
159985     DEBUG main            d.u.i.k.p.r.p.TestFile    ... success: reloaded. 
159986     INFO  main            d.u.i.k.p.r.p.TestFile    Now processing file /home/runner/work/key/key/key.core/../key.ui/examples/heap/list/ArrayList.ArrayListIterator_next_exceptional.key 
159986     INFO  main            d.u.i.k.p.i.AbstractProblemLoader Loading environment from /home/runner/work/key/key/key.core/../key.ui/examples/heap/list/ArrayList.ArrayListIterator_next_exceptional.key 
159986     DEBUG main            d.u.i.k.p.i.AbstractProblemLoader Environment load took 50.9ns 
159987     INFO  main            d.u.i.k.p.i.AbstractProblemLoader Creating init config 
160911     DEBUG main            d.u.i.k.j.r.ClassPreparationMethodBuilder clPrepBuilder: Inner Class detected. Reject building class initialisation methods. 
162865     DEBUG main            d.u.i.k.p.i.AbstractProblemLoader Init config took 2.88s 
162913     INFO  main            d.u.i.k.p.i.AbstractProblemLoader Replaying proof ArrayList.ArrayListIterator[ListIterator::next()].JML exceptional_behavior operation contract.0 
162915     DEBUG main            d.u.i.k.p.i.IntermediateProofReplayer Proof replay took 5.8ns 
163722     INFO  main            d.u.i.k.p.r.p.TestFile    ... finished proof: closed. 
163973     INFO  main            d.u.i.k.p.i.AbstractProblemLoader Loading environment from /home/runner/work/key/key/key.core/../key.ui/examples/heap/list/ArrayList.ArrayListIterator_next_exceptional.key.proof 
163973     DEBUG main            d.u.i.k.p.i.AbstractProblemLoader Environment load took 201.9ns 
163974     INFO  main            d.u.i.k.p.i.AbstractProblemLoader Creating init config 
164884     DEBUG main            d.u.i.k.j.r.ClassPreparationMethodBuilder clPrepBuilder: Inner Class detected. Reject building class initialisation methods. 
166788     DEBUG main            d.u.i.k.p.i.AbstractProblemLoader Init config took 2.81s 
166838     INFO  main            d.u.i.k.p.i.AbstractProblemLoader Replaying proof ArrayList.ArrayListIterator[ListIterator::next()].JML exceptional_behavior operation contract.0 
166924     DEBUG main            d.u.i.k.p.i.IntermediateProofReplayer Proof replay took 81.39ms 
166925     DEBUG main            d.u.i.k.p.r.p.TestFile    ... success: reloaded. 
166926     INFO  main            d.u.i.k.p.r.p.TestFile    Now processing file /home/runner/work/key/key/key.core/../key.ui/examples/heap/list/ArrayList.ArrayListIterator_next_normal.key 
166926     INFO  main            d.u.i.k.p.i.AbstractProblemLoader Loading environment from /home/runner/work/key/key/key.core/../key.ui/examples/heap/list/ArrayList.ArrayListIterator_next_normal.key 
166926     DEBUG main            d.u.i.k.p.i.AbstractProblemLoader Environment load took 191.8ns 
166927     INFO  main            d.u.i.k.p.i.AbstractProblemLoader Creating init config 
167862     DEBUG main            d.u.i.k.j.r.ClassPreparationMethodBuilder clPrepBuilder: Inner Class detected. Reject building class initialisation methods. 
169790     DEBUG main            d.u.i.k.p.i.AbstractProblemLoader Init config took 2.86s 
169839     INFO  main            d.u.i.k.p.i.AbstractProblemLoader Replaying proof ArrayList.ArrayListIterator[ListIterator::next()].JML normal_behavior operation contract.0 
169840     DEBUG main            d.u.i.k.p.i.IntermediateProofReplayer Proof replay took 5.8ns 
170649     INFO  main            d.u.i.k.p.r.p.TestFile    ... finished proof: closed. 
170912     INFO  main            d.u.i.k.p.i.AbstractProblemLoader Loading environment from /home/runner/work/key/key/key.core/../key.ui/examples/heap/list/ArrayList.ArrayListIterator_next_normal.key.proof 
170912     DEBUG main            d.u.i.k.p.i.AbstractProblemLoader Environment load took 109.1ns 
170913     INFO  main            d.u.i.k.p.i.AbstractProblemLoader Creating init config 
171809     DEBUG main            d.u.i.k.j.r.ClassPreparationMethodBuilder clPrepBuilder: Inner Class detected. Reject building class initialisation methods. 
173696     DEBUG main            d.u.i.k.p.i.AbstractProblemLoader Init config took 2.78s 
173744     INFO  main            d.u.i.k.p.i.AbstractProblemLoader Replaying proof ArrayList.ArrayListIterator[ListIterator::next()].JML normal_behavior operation contract.0 
173847     DEBUG main            d.u.i.k.p.i.IntermediateProofReplayer Proof replay took 98.25ms 
173848     DEBUG main            d.u.i.k.p.r.p.TestFile    ... success: reloaded. 
173849     INFO  main            d.u.i.k.p.r.p.TestFile    Now processing file /home/runner/work/key/key/key.core/../key.ui/examples/heap/list/ArrayList.ArrayListIterator_pos.key 
173849     INFO  main            d.u.i.k.p.i.AbstractProblemLoader Loading environment from /home/runner/work/key/key/key.core/../key.ui/examples/heap/list/ArrayList.ArrayListIterator_pos.key 
173849     DEBUG main            d.u.i.k.p.i.AbstractProblemLoader Environment load took 77.4ns 
173850     INFO  main            d.u.i.k.p.i.AbstractProblemLoader Creating init config 
174758     DEBUG main            d.u.i.k.j.r.ClassPreparationMethodBuilder clPrepBuilder: Inner Class detected. Reject building class initialisation methods. 
176697     DEBUG main            d.u.i.k.p.i.AbstractProblemLoader Init config took 2.85s 
176734     INFO  main            d.u.i.k.p.i.AbstractProblemLoader Replaying proof ListIterator[ListIterator::$pos()].JML accessible clause.0 
176735     DEBUG main            d.u.i.k.p.i.IntermediateProofReplayer Proof replay took 5.2ns 
176838     INFO  main            d.u.i.k.p.r.p.TestFile    ... finished proof: closed. 
177078     INFO  main            d.u.i.k.p.i.AbstractProblemLoader Loading environment from /home/runner/work/key/key/key.core/../key.ui/examples/heap/list/ArrayList.ArrayListIterator_pos.key.proof 
177078     DEBUG main            d.u.i.k.p.i.AbstractProblemLoader Environment load took 98.2ns 
177079     INFO  main            d.u.i.k.p.i.AbstractProblemLoader Creating init config 
177973     DEBUG main            d.u.i.k.j.r.ClassPreparationMethodBuilder clPrepBuilder: Inner Class detected. Reject building class initialisation methods. 
179859     DEBUG main            d.u.i.k.p.i.AbstractProblemLoader Init config took 2.78s 
179897     INFO  main            d.u.i.k.p.i.AbstractProblemLoader Replaying proof ListIterator[ListIterator::$pos()].JML accessible clause.0 
179901     DEBUG main            d.u.i.k.p.i.IntermediateProofReplayer Proof replay took 719.11ns 
179902     DEBUG main            d.u.i.k.p.r.p.TestFile    ... success: reloaded. 
179904     INFO  main            d.u.i.k.p.r.p.TestFile    Now processing file /home/runner/work/key/key/key.core/../key.ui/examples/heap/list/Client_m.key 
179904     INFO  main            d.u.i.k.p.i.AbstractProblemLoader Loading environment from /home/runner/work/key/key/key.core/../key.ui/examples/heap/list/Client_m.key 
179904     DEBUG main            d.u.i.k.p.i.AbstractProblemLoader Environment load took 189.6ns 
179905     INFO  main            d.u.i.k.p.i.AbstractProblemLoader Creating init config 
180842     DEBUG main            d.u.i.k.j.r.ClassPreparationMethodBuilder clPrepBuilder: Inner Class detected. Reject building class initialisation methods. 
182799     DEBUG main            d.u.i.k.p.i.AbstractProblemLoader Init config took 2.89s 
182837     INFO  main            d.u.i.k.p.i.AbstractProblemLoader Replaying proof Client[Client::m(List)].JML normal_behavior operation contract.0 
182838     DEBUG main            d.u.i.k.p.i.IntermediateProofReplayer Proof replay took 6.1ns 
183140     INFO  main            d.u.i.k.p.r.p.TestFile    ... finished proof: closed. 
183403     INFO  main            d.u.i.k.p.i.AbstractProblemLoader Loading environment from /home/runner/work/key/key/key.core/../key.ui/examples/heap/list/Client_m.key.proof 
183403     DEBUG main            d.u.i.k.p.i.AbstractProblemLoader Environment load took 101.7ns 
183404     INFO  main            d.u.i.k.p.i.AbstractProblemLoader Creating init config 
184303     DEBUG main            d.u.i.k.j.r.ClassPreparationMethodBuilder clPrepBuilder: Inner Class detected. Reject building class initialisation methods. 
186207     DEBUG main            d.u.i.k.p.i.AbstractProblemLoader Init config took 2.8s 
186244     INFO  main            d.u.i.k.p.i.AbstractProblemLoader Replaying proof Client[Client::m(List)].JML normal_behavior operation contract.0 
186291     DEBUG main            d.u.i.k.p.i.IntermediateProofReplayer Proof replay took 43.57ms 
186291     DEBUG main            d.u.i.k.p.r.p.TestFile    ... success: reloaded. 
186292     INFO  main            d.u.i.k.p.r.p.TestFile    Now processing file /home/runner/work/key/key/key.core/../key.ui/examples/heap/list/Client_n.key 
186293     INFO  main            d.u.i.k.p.i.AbstractProblemLoader Loading environment from /home/runner/work/key/key/key.core/../key.ui/examples/heap/list/Client_n.key 
186295     DEBUG main            d.u.i.k.p.i.AbstractProblemLoader Environment load took 70.9ns 
186298     INFO  main            d.u.i.k.p.i.AbstractProblemLoader Creating init config 
187212     DEBUG main            d.u.i.k.j.r.ClassPreparationMethodBuilder clPrepBuilder: Inner Class detected. Reject building class initialisation methods. 
189150     DEBUG main            d.u.i.k.p.i.AbstractProblemLoader Init config took 2.85s 
189187     INFO  main            d.u.i.k.p.i.AbstractProblemLoader Replaying proof Client[Client::n(List)].JML normal_behavior operation contract.0 
189189     DEBUG main            d.u.i.k.p.i.IntermediateProofReplayer Proof replay took 5.9ns 
189290     INFO  main            d.u.i.k.p.r.p.TestFile    ... finished proof: closed. 
189552     INFO  main            d.u.i.k.p.i.AbstractProblemLoader Loading environment from /home/runner/work/key/key/key.core/../key.ui/examples/heap/list/Client_n.key.proof 
189552     DEBUG main            d.u.i.k.p.i.AbstractProblemLoader Environment load took 89ns 
189553     INFO  main            d.u.i.k.p.i.AbstractProblemLoader Creating init config 
190450     DEBUG main            d.u.i.k.j.r.ClassPreparationMethodBuilder clPrepBuilder: Inner Class detected. Reject building class initialisation methods. 
192355     DEBUG main            d.u.i.k.p.i.AbstractProblemLoader Init config took 2.8s 
192392     INFO  main            d.u.i.k.p.i.AbstractProblemLoader Replaying proof Client[Client::n(List)].JML normal_behavior operation contract.0 
192407     DEBUG main            d.u.i.k.p.i.IntermediateProofReplayer Proof replay took 13.52ms 
192408     DEBUG main            d.u.i.k.p.r.p.TestFile    ... success: reloaded. 
192409     INFO  main            d.u.i.k.p.r.p.TestFile    Now processing file /home/runner/work/key/key/key.core/../key.ui/examples/heap/list/LinkedList_get_exceptional.key 
192409     INFO  main            d.u.i.k.p.i.AbstractProblemLoader Loading environment from /home/runner/work/key/key/key.core/../key.ui/examples/heap/list/LinkedList_get_exceptional.key 
192409     DEBUG main            d.u.i.k.p.i.AbstractProblemLoader Environment load took 74.6ns 
192410     INFO  main            d.u.i.k.p.i.AbstractProblemLoader Creating init config 
193322     DEBUG main            d.u.i.k.j.r.ClassPreparationMethodBuilder clPrepBuilder: Inner Class detected. Reject building class initialisation methods. 
195263     DEBUG main            d.u.i.k.p.i.AbstractProblemLoader Init config took 2.85s 
195306     INFO  main            d.u.i.k.p.i.AbstractProblemLoader Replaying proof LinkedList[List::get(int)].JML exceptional_behavior operation contract.0 
195307     DEBUG main            d.u.i.k.p.i.IntermediateProofReplayer Proof replay took 6.3ns 
197312     INFO  main            d.u.i.k.p.r.p.TestFile    ... finished proof: closed. 
197678     INFO  main            d.u.i.k.p.i.AbstractProblemLoader Loading environment from /home/runner/work/key/key/key.core/../key.ui/examples/heap/list/LinkedList_get_exceptional.key.proof 
197679     DEBUG main            d.u.i.k.p.i.AbstractProblemLoader Environment load took 403.1ns 
197680     INFO  main            d.u.i.k.p.i.AbstractProblemLoader Creating init config 
198573     DEBUG main            d.u.i.k.j.r.ClassPreparationMethodBuilder clPrepBuilder: Inner Class detected. Reject building class initialisation methods. 
200464     DEBUG main            d.u.i.k.p.i.AbstractProblemLoader Init config took 2.78s 
200506     INFO  main            d.u.i.k.p.i.AbstractProblemLoader Replaying proof LinkedList[List::get(int)].JML exceptional_behavior operation contract.0 
200730     DEBUG main            d.u.i.k.p.i.IntermediateProofReplayer Proof replay took 215.68ms 
200731     DEBUG main            d.u.i.k.p.r.p.TestFile    ... success: reloaded. 
200732     INFO  main            d.u.i.k.p.r.p.TestFile    Now processing file /home/runner/work/key/key/key.core/../key.ui/examples/heap/list/LinkedList_get_normal.key 
200733     INFO  main            d.u.i.k.p.i.AbstractProblemLoader Loading environment from /home/runner/work/key/key/key.core/../key.ui/examples/heap/list/LinkedList_get_normal.key 
200733     DEBUG main            d.u.i.k.p.i.AbstractProblemLoader Environment load took 227.4ns 
200734     INFO  main            d.u.i.k.p.i.AbstractProblemLoader Creating init config 
201685     DEBUG main            d.u.i.k.j.r.ClassPreparationMethodBuilder clPrepBuilder: Inner Class detected. Reject building class initialisation methods. 
203594     DEBUG main            d.u.i.k.p.i.AbstractProblemLoader Init config took 2.86s 
203637     INFO  main            d.u.i.k.p.i.AbstractProblemLoader Replaying proof LinkedList[List::get(int)].JML normal_behavior operation contract.0 
203638     DEBUG main            d.u.i.k.p.i.IntermediateProofReplayer Proof replay took 5.9ns 
209369     INFO  main            d.u.i.k.p.r.p.TestFile    ... finished proof: closed. 
209755     INFO  main            d.u.i.k.p.i.AbstractProblemLoader Loading environment from /home/runner/work/key/key/key.core/../key.ui/examples/heap/list/LinkedList_get_normal.key.proof 
209755     DEBUG main            d.u.i.k.p.i.AbstractProblemLoader Environment load took 413.2ns 
209757     INFO  main            d.u.i.k.p.i.AbstractProblemLoader Creating init config 
210658     DEBUG main            d.u.i.k.j.r.ClassPreparationMethodBuilder clPrepBuilder: Inner Class detected. Reject building class initialisation methods. 
212545     DEBUG main            d.u.i.k.p.i.AbstractProblemLoader Init config took 2.79s 
212588     INFO  main            d.u.i.k.p.i.AbstractProblemLoader Replaying proof LinkedList[List::get(int)].JML normal_behavior operation contract.0 
212969     DEBUG main            d.u.i.k.p.i.IntermediateProofReplayer Proof replay took 354.34ms 
212971     DEBUG main            d.u.i.k.p.r.p.TestFile    ... success: reloaded. 
212972     INFO  main            d.u.i.k.p.r.p.TestFile    Now processing file /home/runner/work/key/key/key.core/../key.ui/examples/heap/list/LinkedList_LinkedList.key 
212972     INFO  main            d.u.i.k.p.i.AbstractProblemLoader Loading environment from /home/runner/work/key/key/key.core/../key.ui/examples/heap/list/LinkedList_LinkedList.key 
212972     DEBUG main            d.u.i.k.p.i.AbstractProblemLoader Environment load took 82.3ns 
212973     INFO  main            d.u.i.k.p.i.AbstractProblemLoader Creating init config 
213894     DEBUG main            d.u.i.k.j.r.ClassPreparationMethodBuilder clPrepBuilder: Inner Class detected. Reject building class initialisation methods. 
215856     DEBUG main            d.u.i.k.p.i.AbstractProblemLoader Init config took 2.88s 
215898     INFO  main            d.u.i.k.p.i.AbstractProblemLoader Replaying proof LinkedList[LinkedList::LinkedList()].JML normal_behavior operation contract.0 
215899     DEBUG main            d.u.i.k.p.i.IntermediateProofReplayer Proof replay took 7ns 
216406     INFO  main            d.u.i.k.p.r.p.TestFile    ... finished proof: closed. 
216706     INFO  main            d.u.i.k.p.i.AbstractProblemLoader Loading environment from /home/runner/work/key/key/key.core/../key.ui/examples/heap/list/LinkedList_LinkedList.key.proof 
216706     DEBUG main            d.u.i.k.p.i.AbstractProblemLoader Environment load took 92.5ns 
216707     INFO  main            d.u.i.k.p.i.AbstractProblemLoader Creating init config 
217605     DEBUG main            d.u.i.k.j.r.ClassPreparationMethodBuilder clPrepBuilder: Inner Class detected. Reject building class initialisation methods. 
219511     DEBUG main            d.u.i.k.p.i.AbstractProblemLoader Init config took 2.8s 
219553     INFO  main            d.u.i.k.p.i.AbstractProblemLoader Replaying proof LinkedList[LinkedList::LinkedList()].JML normal_behavior operation contract.0 
219612     DEBUG main            d.u.i.k.p.i.IntermediateProofReplayer Proof replay took 56.18ms 
219613     DEBUG main            d.u.i.k.p.r.p.TestFile    ... success: reloaded. 
219614     INFO  main            d.u.i.k.p.r.p.TestFile    Now processing file /home/runner/work/key/key/key.core/../key.ui/examples/heap/list/LinkedList_size_dep.key 
219614     INFO  main            d.u.i.k.p.i.AbstractProblemLoader Loading environment from /home/runner/work/key/key/key.core/../key.ui/examples/heap/list/LinkedList_size_dep.key 
219614     DEBUG main            d.u.i.k.p.i.AbstractProblemLoader Environment load took 74.1ns 
219615     INFO  main            d.u.i.k.p.i.AbstractProblemLoader Creating init config 
220525     DEBUG main            d.u.i.k.j.r.ClassPreparationMethodBuilder clPrepBuilder: Inner Class detected. Reject building class initialisation methods. 
222413     DEBUG main            d.u.i.k.p.i.AbstractProblemLoader Init config took 2.8s 
222476     INFO  main            d.u.i.k.p.i.AbstractProblemLoader Replaying proof LinkedList[List::size()].JML accessible clause.0 
222477     DEBUG main            d.u.i.k.p.i.IntermediateProofReplayer Proof replay took 6.1ns 
222979     INFO  main            d.u.i.k.p.r.p.TestFile    ... finished proof: closed. 
223274     INFO  main            d.u.i.k.p.i.AbstractProblemLoader Loading environment from /home/runner/work/key/key/key.core/../key.ui/examples/heap/list/LinkedList_size_dep.key.proof 
223274     DEBUG main            d.u.i.k.p.i.AbstractProblemLoader Environment load took 87.9ns 
223275     INFO  main            d.u.i.k.p.i.AbstractProblemLoader Creating init config 
224171     DEBUG main            d.u.i.k.j.r.ClassPreparationMethodBuilder clPrepBuilder: Inner Class detected. Reject building class initialisation methods. 
226073     DEBUG main            d.u.i.k.p.i.AbstractProblemLoader Init config took 2.8s 
226115     INFO  main            d.u.i.k.p.i.AbstractProblemLoader Replaying proof LinkedList[List::size()].JML accessible clause.0 
226145     DEBUG main            d.u.i.k.p.i.IntermediateProofReplayer Proof replay took 27.86ms 
226146     DEBUG main            d.u.i.k.p.r.p.TestFile    ... success: reloaded. 
226147     INFO  main            d.u.i.k.p.r.p.TestFile    Now processing file /home/runner/work/key/key/key.core/../key.ui/examples/heap/list/LinkedList_size.key 
226148     INFO  main            d.u.i.k.p.i.AbstractProblemLoader Loading environment from /home/runner/work/key/key/key.core/../key.ui/examples/heap/list/LinkedList_size.key 
226148     DEBUG main            d.u.i.k.p.i.AbstractProblemLoader Environment load took 179.7ns 
226149     INFO  main            d.u.i.k.p.i.AbstractProblemLoader Creating init config 
227070     DEBUG main            d.u.i.k.j.r.ClassPreparationMethodBuilder clPrepBuilder: Inner Class detected. Reject building class initialisation methods. 
228990     DEBUG main            d.u.i.k.p.i.AbstractProblemLoader Init config took 2.84s 
229031     INFO  main            d.u.i.k.p.i.AbstractProblemLoader Replaying proof LinkedList[List::size()].JML normal_behavior operation contract.0 
229032     DEBUG main            d.u.i.k.p.i.IntermediateProofReplayer Proof replay took 5.6ns 
229434     INFO  main            d.u.i.k.p.r.p.TestFile    ... finished proof: closed. 
229732     INFO  main            d.u.i.k.p.i.AbstractProblemLoader Loading environment from /home/runner/work/key/key/key.core/../key.ui/examples/heap/list/LinkedList_size.key.proof 
229732     DEBUG main            d.u.i.k.p.i.AbstractProblemLoader Environment load took 90.1ns 
229733     INFO  main            d.u.i.k.p.i.AbstractProblemLoader Creating init config 
230629     DEBUG main            d.u.i.k.j.r.ClassPreparationMethodBuilder clPrepBuilder: Inner Class detected. Reject building class initialisation methods. 
232495     DEBUG main            d.u.i.k.p.i.AbstractProblemLoader Init config took 2.76s 
232537     INFO  main            d.u.i.k.p.i.AbstractProblemLoader Replaying proof LinkedList[List::size()].JML normal_behavior operation contract.0 
232564     DEBUG main            d.u.i.k.p.i.IntermediateProofReplayer Proof replay took 23.88ms 
232565     DEBUG main            d.u.i.k.p.r.p.TestFile    ... success: reloaded. 
232566     INFO  main            d.u.i.k.p.r.p.TestFile    Now processing file /home/runner/work/key/key/key.core/../key.ui/examples/heap/list/MySet_footprint.key 
232566     INFO  main            d.u.i.k.p.i.AbstractProblemLoader Loading environment from /home/runner/work/key/key/key.core/../key.ui/examples/heap/list/MySet_footprint.key 
232566     DEBUG main            d.u.i.k.p.i.AbstractProblemLoader Environment load took 189.1ns 
232567     INFO  main            d.u.i.k.p.i.AbstractProblemLoader Creating init config 
233468     DEBUG main            d.u.i.k.j.r.ClassPreparationMethodBuilder clPrepBuilder: Inner Class detected. Reject building class initialisation methods. 
235397     DEBUG main            d.u.i.k.p.i.AbstractProblemLoader Init config took 2.83s 
235441     INFO  main            d.u.i.k.p.i.AbstractProblemLoader Replaying proof MySet[MySet::$footprint()].JML accessible clause.0 
235443     DEBUG main            d.u.i.k.p.i.IntermediateProofReplayer Proof replay took 6.1ns 
235647     INFO  main            d.u.i.k.p.r.p.TestFile    ... finished proof: closed. 
235953     INFO  main            d.u.i.k.p.i.AbstractProblemLoader Loading environment from /home/runner/work/key/key/key.core/../key.ui/examples/heap/list/MySet_footprint.key.proof 
235953     DEBUG main            d.u.i.k.p.i.AbstractProblemLoader Environment load took 95.2ns 
235954     INFO  main            d.u.i.k.p.i.AbstractProblemLoader Creating init config 
236847     DEBUG main            d.u.i.k.j.r.ClassPreparationMethodBuilder clPrepBuilder: Inner Class detected. Reject building class initialisation methods. 
238722     DEBUG main            d.u.i.k.p.i.AbstractProblemLoader Init config took 2.77s 
238767     INFO  main            d.u.i.k.p.i.AbstractProblemLoader Replaying proof MySet[MySet::$footprint()].JML accessible clause.0 
238787     DEBUG main            d.u.i.k.p.i.IntermediateProofReplayer Proof replay took 17.61ms 
238788     DEBUG main            d.u.i.k.p.r.p.TestFile    ... success: reloaded. 
238789     INFO  main            d.u.i.k.p.r.p.TestFile    Now processing file /home/runner/work/key/key/key.core/../key.ui/examples/heap/list/MySet_MySet.key 
238789     INFO  main            d.u.i.k.p.i.AbstractProblemLoader Loading environment from /home/runner/work/key/key/key.core/../key.ui/examples/heap/list/MySet_MySet.key 
238789     DEBUG main            d.u.i.k.p.i.AbstractProblemLoader Environment load took 79.2ns 
238790     INFO  main            d.u.i.k.p.i.AbstractProblemLoader Creating init config 
239719     DEBUG main            d.u.i.k.j.r.ClassPreparationMethodBuilder clPrepBuilder: Inner Class detected. Reject building class initialisation methods. 
241626     DEBUG main            d.u.i.k.p.i.AbstractProblemLoader Init config took 2.84s 
241676     INFO  main            d.u.i.k.p.i.AbstractProblemLoader Replaying proof MySet[MySet::MySet()].JML normal_behavior operation contract.0 
241680     DEBUG main            d.u.i.k.p.i.IntermediateProofReplayer Proof replay took 6.8ns 
243898     INFO  main            d.u.i.k.p.r.p.TestFile    ... finished proof: closed. 
244226     INFO  main            d.u.i.k.p.i.AbstractProblemLoader Loading environment from /home/runner/work/key/key/key.core/../key.ui/examples/heap/list/MySet_MySet.key.proof 
244226     DEBUG main            d.u.i.k.p.i.AbstractProblemLoader Environment load took 430.1ns 
244228     INFO  main            d.u.i.k.p.i.AbstractProblemLoader Creating init config 
245118     DEBUG main            d.u.i.k.j.r.ClassPreparationMethodBuilder clPrepBuilder: Inner Class detected. Reject building class initialisation methods. 
246996     DEBUG main            d.u.i.k.p.i.AbstractProblemLoader Init config took 2.77s 
247041     INFO  main            d.u.i.k.p.i.AbstractProblemLoader Replaying proof MySet[MySet::MySet()].JML normal_behavior operation contract.0 
247280     DEBUG main            d.u.i.k.p.i.IntermediateProofReplayer Proof replay took 227.2ms 
247281     DEBUG main            d.u.i.k.p.r.p.TestFile    ... success: reloaded. 
1046893    INFO  Test worker     d.u.i.k.p.r.p.StatisticsFile Returning from test list 
1046896    INFO  Test worker     d.u.i.k.p.r.p.StatisticsFile Running test list_ghost 
347        INFO  Timeout watchdog d.u.i.k.p.r.p.ForkedTestFileRunner Timeout watcher launched (2000 secs.) 
367        WARN  main            d.u.i.k.s.ProofSettings   The settings in /home/runner/.key/proof-settings.props are *not* read. 
407        INFO  main            d.u.i.k.p.r.p.TestFile    Now processing file /home/runner/work/key/key/key.core/../key.ui/examples/heap/list_ghost/ArrayList_add.key 
522        INFO  main            d.u.i.k.p.i.AbstractProblemLoader Loading environment from /home/runner/work/key/key/key.core/../key.ui/examples/heap/list_ghost/ArrayList_add.key 
537        DEBUG main            d.u.i.k.p.i.AbstractProblemLoader Environment load took 1.83ms 
743        INFO  main            d.u.i.k.p.i.AbstractProblemLoader Creating init config 
1598       DEBUG main            d.u.i.k.j.TypeConverter   No LDT found for Meta 
1599       DEBUG main            d.u.i.k.j.TypeConverter   No LDT found for Meta 
1600       DEBUG main            d.u.i.k.j.TypeConverter   No LDT found for Meta 
1601       DEBUG main            d.u.i.k.j.TypeConverter   No LDT found for Meta 
2834       DEBUG main            d.u.i.k.j.TypeConverter   No LDT found for JavaBigintExpression 
7648       DEBUG main            d.u.i.k.p.i.AbstractProblemLoader Init config took 6.9s 
7776       INFO  main            d.u.i.k.p.i.AbstractProblemLoader Replaying proof ArrayList[List::add(java.lang.Object)].JML normal_behavior operation contract.0 
7806       DEBUG main            d.u.i.k.p.i.IntermediateProofReplayer Proof replay took 32.5ns 
12514      INFO  main            d.u.i.k.p.r.p.TestFile    ... finished proof: closed. 
12685      INFO  main            d.u.i.k.p.i.AbstractProblemLoader Loading environment from /home/runner/work/key/key/key.core/../key.ui/examples/heap/list_ghost/ArrayList_add.key.proof 
12685      DEBUG main            d.u.i.k.p.i.AbstractProblemLoader Environment load took 469.5ns 
12688      INFO  main            d.u.i.k.p.i.AbstractProblemLoader Creating init config 
15440      DEBUG main            d.u.i.k.p.i.AbstractProblemLoader Init config took 2.75s 
15513      INFO  main            d.u.i.k.p.i.AbstractProblemLoader Replaying proof ArrayList[List::add(java.lang.Object)].JML normal_behavior operation contract.0 
15940      DEBUG main            d.u.i.k.p.i.IntermediateProofReplayer Proof replay took 402.13ms 
15947      DEBUG main            d.u.i.k.p.r.p.TestFile    ... success: reloaded. 
15955      INFO  main            d.u.i.k.p.r.p.TestFile    Now processing file /home/runner/work/key/key/key.core/../key.ui/examples/heap/list_ghost/ArrayList_ArrayList.key 
15955      INFO  main            d.u.i.k.p.i.AbstractProblemLoader Loading environment from /home/runner/work/key/key/key.core/../key.ui/examples/heap/list_ghost/ArrayList_ArrayList.key 
15955      DEBUG main            d.u.i.k.p.i.AbstractProblemLoader Environment load took 106.7ns 
15959      INFO  main            d.u.i.k.p.i.AbstractProblemLoader Creating init config 
18651      DEBUG main            d.u.i.k.p.i.AbstractProblemLoader Init config took 2.69s 
18705      INFO  main            d.u.i.k.p.i.AbstractProblemLoader Replaying proof ArrayList[ArrayList::ArrayList()].JML normal_behavior operation contract.0 
18707      DEBUG main            d.u.i.k.p.i.IntermediateProofReplayer Proof replay took 4.8ns 
19712      INFO  main            d.u.i.k.p.r.p.TestFile    ... finished proof: closed. 
19845      INFO  main            d.u.i.k.p.i.AbstractProblemLoader Loading environment from /home/runner/work/key/key/key.core/../key.ui/examples/heap/list_ghost/ArrayList_ArrayList.key.proof 
19846      DEBUG main            d.u.i.k.p.i.AbstractProblemLoader Environment load took 881.61ns 
19847      INFO  main            d.u.i.k.p.i.AbstractProblemLoader Creating init config 
22494      DEBUG main            d.u.i.k.p.i.AbstractProblemLoader Init config took 2.65s 
22544      INFO  main            d.u.i.k.p.i.AbstractProblemLoader Replaying proof ArrayList[ArrayList::ArrayList()].JML normal_behavior operation contract.0 
22667      DEBUG main            d.u.i.k.p.i.IntermediateProofReplayer Proof replay took 114.89ms 
22669      DEBUG main            d.u.i.k.p.r.p.TestFile    ... success: reloaded. 
22670      INFO  main            d.u.i.k.p.r.p.TestFile    Now processing file /home/runner/work/key/key/key.core/../key.ui/examples/heap/list_ghost/ArrayList_enlarge.key 
22670      INFO  main            d.u.i.k.p.i.AbstractProblemLoader Loading environment from /home/runner/work/key/key/key.core/../key.ui/examples/heap/list_ghost/ArrayList_enlarge.key 
22671      DEBUG main            d.u.i.k.p.i.AbstractProblemLoader Environment load took 237ns 
22672      INFO  main            d.u.i.k.p.i.AbstractProblemLoader Creating init config 
25240      DEBUG main            d.u.i.k.p.i.AbstractProblemLoader Init config took 2.57s 
25294      INFO  main            d.u.i.k.p.i.AbstractProblemLoader Replaying proof ArrayList[ArrayList::enlarge()].JML normal_behavior operation contract.0 
25296      DEBUG main            d.u.i.k.p.i.IntermediateProofReplayer Proof replay took 5.5ns 
27202      INFO  main            d.u.i.k.p.r.p.TestFile    ... finished proof: closed. 
27373      INFO  main            d.u.i.k.p.i.AbstractProblemLoader Loading environment from /home/runner/work/key/key/key.core/../key.ui/examples/heap/list_ghost/ArrayList_enlarge.key.proof 
27374      DEBUG main            d.u.i.k.p.i.AbstractProblemLoader Environment load took 438.8ns 
27375      INFO  main            d.u.i.k.p.i.AbstractProblemLoader Creating init config 
29880      DEBUG main            d.u.i.k.p.i.AbstractProblemLoader Init config took 2.5s 
29933      INFO  main            d.u.i.k.p.i.AbstractProblemLoader Replaying proof ArrayList[ArrayList::enlarge()].JML normal_behavior operation contract.0 
30204      DEBUG main            d.u.i.k.p.i.IntermediateProofReplayer Proof replay took 259.98ms 
30205      DEBUG main            d.u.i.k.p.r.p.TestFile    ... success: reloaded. 
30206      INFO  main            d.u.i.k.p.r.p.TestFile    Now processing file /home/runner/work/key/key/key.core/../key.ui/examples/heap/list_ghost/ArrayList_get_dep.key 
30207      INFO  main            d.u.i.k.p.i.AbstractProblemLoader Loading environment from /home/runner/work/key/key/key.core/../key.ui/examples/heap/list_ghost/ArrayList_get_dep.key 
30207      DEBUG main            d.u.i.k.p.i.AbstractProblemLoader Environment load took 219.4ns 
30208      INFO  main            d.u.i.k.p.i.AbstractProblemLoader Creating init config 
32746      DEBUG main            d.u.i.k.p.i.AbstractProblemLoader Init config took 2.54s 
32790      INFO  main            d.u.i.k.p.i.AbstractProblemLoader Replaying proof ArrayList[List::get(int)].JML accessible clause.0 
32792      DEBUG main            d.u.i.k.p.i.IntermediateProofReplayer Proof replay took 5.2ns 
33097      INFO  main            d.u.i.k.p.r.p.TestFile    ... finished proof: closed. 
33278      INFO  main            d.u.i.k.p.i.AbstractProblemLoader Loading environment from /home/runner/work/key/key/key.core/../key.ui/examples/heap/list_ghost/ArrayList_get_dep.key.proof 
33278      DEBUG main            d.u.i.k.p.i.AbstractProblemLoader Environment load took 428.5ns 
33279      INFO  main            d.u.i.k.p.i.AbstractProblemLoader Creating init config 
35776      DEBUG main            d.u.i.k.p.i.AbstractProblemLoader Init config took 2.5s 
35819      INFO  main            d.u.i.k.p.i.AbstractProblemLoader Replaying proof ArrayList[List::get(int)].JML accessible clause.0 
35871      DEBUG main            d.u.i.k.p.i.IntermediateProofReplayer Proof replay took 46.46ms 
35872      DEBUG main            d.u.i.k.p.r.p.TestFile    ... success: reloaded. 
35873      INFO  main            d.u.i.k.p.r.p.TestFile    Now processing file /home/runner/work/key/key/key.core/../key.ui/examples/heap/list_ghost/ArrayList_get_exceptional.key 
35873      INFO  main            d.u.i.k.p.i.AbstractProblemLoader Loading environment from /home/runner/work/key/key/key.core/../key.ui/examples/heap/list_ghost/ArrayList_get_exceptional.key 
35873      DEBUG main            d.u.i.k.p.i.AbstractProblemLoader Environment load took 146ns 
35874      INFO  main            d.u.i.k.p.i.AbstractProblemLoader Creating init config 
38433      DEBUG main            d.u.i.k.p.i.AbstractProblemLoader Init config took 2.56s 
38475      INFO  main            d.u.i.k.p.i.AbstractProblemLoader Replaying proof ArrayList[List::get(int)].JML exceptional_behavior operation contract.0 
38478      DEBUG main            d.u.i.k.p.i.IntermediateProofReplayer Proof replay took 5.7ns 
39182      INFO  main            d.u.i.k.p.r.p.TestFile    ... finished proof: closed. 
39346      INFO  main            d.u.i.k.p.i.AbstractProblemLoader Loading environment from /home/runner/work/key/key/key.core/../key.ui/examples/heap/list_ghost/ArrayList_get_exceptional.key.proof 
39348      DEBUG main            d.u.i.k.p.i.AbstractProblemLoader Environment load took 1.77ms 
39350      INFO  main            d.u.i.k.p.i.AbstractProblemLoader Creating init config 
41835      DEBUG main            d.u.i.k.p.i.AbstractProblemLoader Init config took 2.49s 
41878      INFO  main            d.u.i.k.p.i.AbstractProblemLoader Replaying proof ArrayList[List::get(int)].JML exceptional_behavior operation contract.0 
41985      DEBUG main            d.u.i.k.p.i.IntermediateProofReplayer Proof replay took 100.63ms 
41986      DEBUG main            d.u.i.k.p.r.p.TestFile    ... success: reloaded. 
41988      INFO  main            d.u.i.k.p.r.p.TestFile    Now processing file /home/runner/work/key/key/key.core/../key.ui/examples/heap/list_ghost/ArrayList_get_normal.key 
41988      INFO  main            d.u.i.k.p.i.AbstractProblemLoader Loading environment from /home/runner/work/key/key/key.core/../key.ui/examples/heap/list_ghost/ArrayList_get_normal.key 
41988      DEBUG main            d.u.i.k.p.i.AbstractProblemLoader Environment load took 207.5ns 
41989      INFO  main            d.u.i.k.p.i.AbstractProblemLoader Creating init config 
44598      DEBUG main            d.u.i.k.p.i.AbstractProblemLoader Init config took 2.61s 
44653      INFO  main            d.u.i.k.p.i.AbstractProblemLoader Replaying proof ArrayList[List::get(int)].JML normal_behavior operation contract.0 
44654      DEBUG main            d.u.i.k.p.i.IntermediateProofReplayer Proof replay took 6.1ns 
44860      INFO  main            d.u.i.k.p.r.p.TestFile    ... finished proof: closed. 
45041      INFO  main            d.u.i.k.p.i.AbstractProblemLoader Loading environment from /home/runner/work/key/key/key.core/../key.ui/examples/heap/list_ghost/ArrayList_get_normal.key.proof 
45041      DEBUG main            d.u.i.k.p.i.AbstractProblemLoader Environment load took 115.1ns 
45042      INFO  main            d.u.i.k.p.i.AbstractProblemLoader Creating init config 
47532      DEBUG main            d.u.i.k.p.i.AbstractProblemLoader Init config took 2.49s 
47571      INFO  main            d.u.i.k.p.i.AbstractProblemLoader Replaying proof ArrayList[List::get(int)].JML normal_behavior operation contract.0 
47608      DEBUG main            d.u.i.k.p.i.IntermediateProofReplayer Proof replay took 33.68ms 
47609      DEBUG main            d.u.i.k.p.r.p.TestFile    ... success: reloaded. 
47610      INFO  main            d.u.i.k.p.r.p.TestFile    Now processing file /home/runner/work/key/key/key.core/../key.ui/examples/heap/list_ghost/ArrayList_inv.key 
47610      INFO  main            d.u.i.k.p.i.AbstractProblemLoader Loading environment from /home/runner/work/key/key/key.core/../key.ui/examples/heap/list_ghost/ArrayList_inv.key 
47610      DEBUG main            d.u.i.k.p.i.AbstractProblemLoader Environment load took 90.6ns 
47611      INFO  main            d.u.i.k.p.i.AbstractProblemLoader Creating init config 
50111      DEBUG main            d.u.i.k.p.i.AbstractProblemLoader Init config took 2.5s 
50150      INFO  main            d.u.i.k.p.i.AbstractProblemLoader Replaying proof ArrayList[java.lang.Object::<inv>()].JML accessible clause.0 
50152      DEBUG main            d.u.i.k.p.i.IntermediateProofReplayer Proof replay took 5.9ns 
50253      INFO  main            d.u.i.k.p.r.p.TestFile    ... finished proof: closed. 
50412      INFO  main            d.u.i.k.p.i.AbstractProblemLoader Loading environment from /home/runner/work/key/key/key.core/../key.ui/examples/heap/list_ghost/ArrayList_inv.key.proof 
50413      DEBUG main            d.u.i.k.p.i.AbstractProblemLoader Environment load took 107.4ns 
50414      INFO  main            d.u.i.k.p.i.AbstractProblemLoader Creating init config 
52851      DEBUG main            d.u.i.k.p.i.AbstractProblemLoader Init config took 2.44s 
52896      INFO  main            d.u.i.k.p.i.AbstractProblemLoader Replaying proof ArrayList[java.lang.Object::<inv>()].JML accessible clause.0 
52905      DEBUG main            d.u.i.k.p.i.IntermediateProofReplayer Proof replay took 6.61ms 
52906      DEBUG main            d.u.i.k.p.r.p.TestFile    ... success: reloaded. 
52907      INFO  main            d.u.i.k.p.r.p.TestFile    Now processing file /home/runner/work/key/key/key.core/../key.ui/examples/heap/list_ghost/ArrayList_size_dep.key 
52907      INFO  main            d.u.i.k.p.i.AbstractProblemLoader Loading environment from /home/runner/work/key/key/key.core/../key.ui/examples/heap/list_ghost/ArrayList_size_dep.key 
52907      DEBUG main            d.u.i.k.p.i.AbstractProblemLoader Environment load took 91.8ns 
52908      INFO  main            d.u.i.k.p.i.AbstractProblemLoader Creating init config 
55383      DEBUG main            d.u.i.k.p.i.AbstractProblemLoader Init config took 2.47s 
55420      INFO  main            d.u.i.k.p.i.AbstractProblemLoader Replaying proof ArrayList[List::size()].JML accessible clause.0 
55421      DEBUG main            d.u.i.k.p.i.IntermediateProofReplayer Proof replay took 5.5ns 
55523      INFO  main            d.u.i.k.p.r.p.TestFile    ... finished proof: closed. 
55742      INFO  main            d.u.i.k.p.i.AbstractProblemLoader Loading environment from /home/runner/work/key/key/key.core/../key.ui/examples/heap/list_ghost/ArrayList_size_dep.key.proof 
55742      DEBUG main            d.u.i.k.p.i.AbstractProblemLoader Environment load took 113.4ns 
55743      INFO  main            d.u.i.k.p.i.AbstractProblemLoader Creating init config 
58188      DEBUG main            d.u.i.k.p.i.AbstractProblemLoader Init config took 2.44s 
58225      INFO  main            d.u.i.k.p.i.AbstractProblemLoader Replaying proof ArrayList[List::size()].JML accessible clause.0 
58236      DEBUG main            d.u.i.k.p.i.IntermediateProofReplayer Proof replay took 9.42ms 
58237      DEBUG main            d.u.i.k.p.r.p.TestFile    ... success: reloaded. 
58238      INFO  main            d.u.i.k.p.r.p.TestFile    Now processing file /home/runner/work/key/key/key.core/../key.ui/examples/heap/list_ghost/ArrayList_size.key 
58240      INFO  main            d.u.i.k.p.i.AbstractProblemLoader Loading environment from /home/runner/work/key/key/key.core/../key.ui/examples/heap/list_ghost/ArrayList_size.key 
58240      DEBUG main            d.u.i.k.p.i.AbstractProblemLoader Environment load took 98.3ns 
58241      INFO  main            d.u.i.k.p.i.AbstractProblemLoader Creating init config 
60725      DEBUG main            d.u.i.k.p.i.AbstractProblemLoader Init config took 2.48s 
60763      INFO  main            d.u.i.k.p.i.AbstractProblemLoader Replaying proof ArrayList[List::size()].JML normal_behavior operation contract.0 
60764      DEBUG main            d.u.i.k.p.i.IntermediateProofReplayer Proof replay took 6.2ns 
60868      INFO  main            d.u.i.k.p.r.p.TestFile    ... finished proof: closed. 
61062      INFO  main            d.u.i.k.p.i.AbstractProblemLoader Loading environment from /home/runner/work/key/key/key.core/../key.ui/examples/heap/list_ghost/ArrayList_size.key.proof 
61062      DEBUG main            d.u.i.k.p.i.AbstractProblemLoader Environment load took 108.5ns 
61063      INFO  main            d.u.i.k.p.i.AbstractProblemLoader Creating init config 
63489      DEBUG main            d.u.i.k.p.i.AbstractProblemLoader Init config took 2.43s 
63539      INFO  main            d.u.i.k.p.i.AbstractProblemLoader Replaying proof ArrayList[List::size()].JML normal_behavior operation contract.0 
63551      DEBUG main            d.u.i.k.p.i.IntermediateProofReplayer Proof replay took 9.93ms 
63552      DEBUG main            d.u.i.k.p.r.p.TestFile    ... success: reloaded. 
1110626    INFO  Test worker     d.u.i.k.p.r.p.StatisticsFile Returning from test list_ghost 
1110628    INFO  Test worker     d.u.i.k.p.r.p.StatisticsFile Running test list_recursive 
375        INFO  Timeout watchdog d.u.i.k.p.r.p.ForkedTestFileRunner Timeout watcher launched (2000 secs.) 
383        WARN  main            d.u.i.k.s.ProofSettings   The settings in /home/runner/.key/proof-settings.props are *not* read. 
410        INFO  main            d.u.i.k.p.r.p.TestFile    Now processing file /home/runner/work/key/key/key.core/../key.ui/examples/heap/list_recursiveSpec/ListOperationsNonNull_getNextNN_normal_behavior.key 
512        INFO  main            d.u.i.k.p.i.AbstractProblemLoader Loading environment from /home/runner/work/key/key/key.core/../key.ui/examples/heap/list_recursiveSpec/ListOperationsNonNull_getNextNN_normal_behavior.key 
534        DEBUG main            d.u.i.k.p.i.AbstractProblemLoader Environment load took 2.1ms 
745        INFO  main            d.u.i.k.p.i.AbstractProblemLoader Creating init config 
1570       DEBUG main            d.u.i.k.j.TypeConverter   No LDT found for Meta 
1571       DEBUG main            d.u.i.k.j.TypeConverter   No LDT found for Meta 
1572       DEBUG main            d.u.i.k.j.TypeConverter   No LDT found for Meta 
1572       DEBUG main            d.u.i.k.j.TypeConverter   No LDT found for Meta 
2983       DEBUG main            d.u.i.k.j.TypeConverter   No LDT found for JavaBigintExpression 
7981       DEBUG main            d.u.i.k.p.i.AbstractProblemLoader Init config took 7.24s 
8152       INFO  main            d.u.i.k.p.i.AbstractProblemLoader Replaying proof ListOperationsNonNull[ListOperationsNonNull::getNextNN(ListNN,int)].JML normal_behavior operation contract.0 
8186       DEBUG main            d.u.i.k.p.i.IntermediateProofReplayer Proof replay took 32ns 
9318       INFO  main            d.u.i.k.p.r.p.TestFile    ... finished proof: closed. 
9449       INFO  main            d.u.i.k.p.i.AbstractProblemLoader Loading environment from /home/runner/work/key/key/key.core/../key.ui/examples/heap/list_recursiveSpec/ListOperationsNonNull_getNextNN_normal_behavior.key.proof 
9449       DEBUG main            d.u.i.k.p.i.AbstractProblemLoader Environment load took 145.6ns 
9451       INFO  main            d.u.i.k.p.i.AbstractProblemLoader Creating init config 
12338      DEBUG main            d.u.i.k.p.i.AbstractProblemLoader Init config took 2.89s 
12409      INFO  main            d.u.i.k.p.i.AbstractProblemLoader Replaying proof ListOperationsNonNull[ListOperationsNonNull::getNextNN(ListNN,int)].JML normal_behavior operation contract.0 
12552      DEBUG main            d.u.i.k.p.i.IntermediateProofReplayer Proof replay took 135.05ms 
12559      DEBUG main            d.u.i.k.p.r.p.TestFile    ... success: reloaded. 
12560      INFO  main            d.u.i.k.p.r.p.TestFile    Now processing file /home/runner/work/key/key/key.core/../key.ui/examples/heap/list_recursiveSpec/ListOperationsNonNull_setValueAt_normal_behavior.key 
12561      INFO  main            d.u.i.k.p.i.AbstractProblemLoader Loading environment from /home/runner/work/key/key/key.core/../key.ui/examples/heap/list_recursiveSpec/ListOperationsNonNull_setValueAt_normal_behavior.key 
12561      DEBUG main            d.u.i.k.p.i.AbstractProblemLoader Environment load took 227.5ns 
12563      INFO  main            d.u.i.k.p.i.AbstractProblemLoader Creating init config 
15331      DEBUG main            d.u.i.k.p.i.AbstractProblemLoader Init config took 2.77s 
15396      INFO  main            d.u.i.k.p.i.AbstractProblemLoader Replaying proof ListOperationsNonNull[ListOperationsNonNull::setValueAt_NN(ListNN,int,int)].JML normal_behavior operation contract.0 
15399      DEBUG main            d.u.i.k.p.i.IntermediateProofReplayer Proof replay took 5.4ns 
15423      DEBUG main            d.u.i.k.m.s.ProofScriptEngine 1: 'macro autopilot' 
17881      DEBUG main            d.u.i.k.m.s.ProofScriptEngine 2: 'macro simp-upd' 
17917      DEBUG main            d.u.i.k.m.s.ProofScriptEngine 3: 'rule observerDependencyEQ' 
17930      DEBUG main            d.u.i.k.m.s.ProofScriptEngine 4: 'tryclose' 
17959      INFO  main            d.u.i.k.p.r.p.TestFile    ... finished proof: closed. 
18101      INFO  main            d.u.i.k.p.i.AbstractProblemLoader Loading environment from /home/runner/work/key/key/key.core/../key.ui/examples/heap/list_recursiveSpec/ListOperationsNonNull_setValueAt_normal_behavior.key.proof 
18102      DEBUG main            d.u.i.k.p.i.AbstractProblemLoader Environment load took 600.9ns 
18103      INFO  main            d.u.i.k.p.i.AbstractProblemLoader Creating init config 
20801      DEBUG main            d.u.i.k.p.i.AbstractProblemLoader Init config took 2.7s 
20859      INFO  main            d.u.i.k.p.i.AbstractProblemLoader Replaying proof ListOperationsNonNull[ListOperationsNonNull::setValueAt_NN(ListNN,int,int)].JML normal_behavior operation contract.0 
20958      DEBUG main            d.u.i.k.p.i.IntermediateProofReplayer Proof replay took 92.91ms 
20959      DEBUG main            d.u.i.k.p.r.p.TestFile    ... success: reloaded. 
1131749    INFO  Test worker     d.u.i.k.p.r.p.StatisticsFile Returning from test list_recursive 
1131751    INFO  Test worker     d.u.i.k.p.r.p.StatisticsFile Running test list_seq 
345        INFO  Timeout watchdog d.u.i.k.p.r.p.ForkedTestFileRunner Timeout watcher launched (2000 secs.) 
375        WARN  main            d.u.i.k.s.ProofSettings   The settings in /home/runner/.key/proof-settings.props are *not* read. 
401        INFO  main            d.u.i.k.p.r.p.TestFile    Now processing file /home/runner/work/key/key/key.core/../key.ui/examples/heap/list_seq/SimplifiedLinkedList.remove.key 
520        INFO  main            d.u.i.k.p.i.AbstractProblemLoader Loading environment from /home/runner/work/key/key/key.core/../key.ui/examples/heap/list_seq/SimplifiedLinkedList.remove.key 
538        DEBUG main            d.u.i.k.p.i.AbstractProblemLoader Environment load took 1.86ms 
741        INFO  main            d.u.i.k.p.i.AbstractProblemLoader Creating init config 
1734       DEBUG main            d.u.i.k.j.TypeConverter   No LDT found for Meta 
1735       DEBUG main            d.u.i.k.j.TypeConverter   No LDT found for Meta 
1739       DEBUG main            d.u.i.k.j.TypeConverter   No LDT found for Meta 
1739       DEBUG main            d.u.i.k.j.TypeConverter   No LDT found for Meta 
3324       DEBUG main            d.u.i.k.j.TypeConverter   No LDT found for JavaBigintExpression 
8815       DEBUG main            d.u.i.k.p.i.AbstractProblemLoader Init config took 8.07s 
9045       INFO  main            d.u.i.k.p.i.AbstractProblemLoader Replaying proof SimplifiedLinkedList[SimplifiedLinkedList::remove(int)].JML normal_behavior operation contract.0 
9078       DEBUG main            d.u.i.k.p.i.IntermediateProofReplayer Proof replay took 32.2ns 
72182      INFO  main            d.u.i.k.p.r.p.TestFile    ... finished proof: closed. 
72514      INFO  main            d.u.i.k.p.i.AbstractProblemLoader Loading environment from /home/runner/work/key/key/key.core/../key.ui/examples/heap/list_seq/SimplifiedLinkedList.remove.key.proof 
72515      DEBUG main            d.u.i.k.p.i.AbstractProblemLoader Environment load took 516.7ns 
72532      INFO  main            d.u.i.k.p.i.AbstractProblemLoader Creating init config 
75674      DEBUG main            d.u.i.k.p.i.AbstractProblemLoader Init config took 3.14s 
75763      INFO  main            d.u.i.k.p.i.AbstractProblemLoader Replaying proof SimplifiedLinkedList[SimplifiedLinkedList::remove(int)].JML normal_behavior operation contract.0 
78401      DEBUG main            d.u.i.k.p.i.IntermediateProofReplayer Proof replay took 2.29s 
78426      DEBUG main            d.u.i.k.p.r.p.TestFile    ... success: reloaded. 
78428      INFO  main            d.u.i.k.p.r.p.TestFile    Now processing file /home/runner/work/key/key/key.core/../key.ui/examples/heap/list_seq/ArrayList.ArrayList.key 
78434      INFO  main            d.u.i.k.p.i.AbstractProblemLoader Loading environment from /home/runner/work/key/key/key.core/../key.ui/examples/heap/list_seq/ArrayList.ArrayList.key 
78434      DEBUG main            d.u.i.k.p.i.AbstractProblemLoader Environment load took 266.9ns 
78435      INFO  main            d.u.i.k.p.i.AbstractProblemLoader Creating init config 
81549      DEBUG main            d.u.i.k.p.i.AbstractProblemLoader Init config took 3.11s 
81639      INFO  main            d.u.i.k.p.i.AbstractProblemLoader Replaying proof ArrayList[ArrayList::ArrayList()].JML normal_behavior operation contract.0 
81641      DEBUG main            d.u.i.k.p.i.IntermediateProofReplayer Proof replay took 4.8ns 
82644      INFO  main            d.u.i.k.p.r.p.TestFile    ... finished proof: closed. 
82796      INFO  main            d.u.i.k.p.i.AbstractProblemLoader Loading environment from /home/runner/work/key/key/key.core/../key.ui/examples/heap/list_seq/ArrayList.ArrayList.key.proof 
82797      DEBUG main            d.u.i.k.p.i.AbstractProblemLoader Environment load took 424ns 
82798      INFO  main            d.u.i.k.p.i.AbstractProblemLoader Creating init config 
85686      DEBUG main            d.u.i.k.p.i.AbstractProblemLoader Init config took 2.89s 
85768      INFO  main            d.u.i.k.p.i.AbstractProblemLoader Replaying proof ArrayList[ArrayList::ArrayList()].JML normal_behavior operation contract.0 
85875      DEBUG main            d.u.i.k.p.i.IntermediateProofReplayer Proof replay took 101.75ms 
85876      DEBUG main            d.u.i.k.p.r.p.TestFile    ... success: reloaded. 
85878      INFO  main            d.u.i.k.p.r.p.TestFile    Now processing file /home/runner/work/key/key/key.core/../key.ui/examples/heap/list_seq/ArrayList.add.key 
85878      INFO  main            d.u.i.k.p.i.AbstractProblemLoader Loading environment from /home/runner/work/key/key/key.core/../key.ui/examples/heap/list_seq/ArrayList.add.key 
85878      DEBUG main            d.u.i.k.p.i.AbstractProblemLoader Environment load took 249.1ns 
85879      INFO  main            d.u.i.k.p.i.AbstractProblemLoader Creating init config 
88788      DEBUG main            d.u.i.k.p.i.AbstractProblemLoader Init config took 2.91s 
88867      INFO  main            d.u.i.k.p.i.AbstractProblemLoader Replaying proof ArrayList[List::add(java.lang.Object)].JML normal_behavior operation contract.0 
88869      DEBUG main            d.u.i.k.p.i.IntermediateProofReplayer Proof replay took 5.8ns 
92005      INFO  main            d.u.i.k.p.r.p.TestFile    ... finished proof: closed. 
92162      INFO  main            d.u.i.k.p.i.AbstractProblemLoader Loading environment from /home/runner/work/key/key/key.core/../key.ui/examples/heap/list_seq/ArrayList.add.key.proof 
92163      DEBUG main            d.u.i.k.p.i.AbstractProblemLoader Environment load took 475.9ns 
92165      INFO  main            d.u.i.k.p.i.AbstractProblemLoader Creating init config 
95054      DEBUG main            d.u.i.k.p.i.AbstractProblemLoader Init config took 2.89s 
95132      INFO  main            d.u.i.k.p.i.AbstractProblemLoader Replaying proof ArrayList[List::add(java.lang.Object)].JML normal_behavior operation contract.0 
95348      DEBUG main            d.u.i.k.p.i.IntermediateProofReplayer Proof replay took 201.02ms 
95349      DEBUG main            d.u.i.k.p.r.p.TestFile    ... success: reloaded. 
95350      INFO  main            d.u.i.k.p.r.p.TestFile    Now processing file /home/runner/work/key/key/key.core/../key.ui/examples/heap/list_seq/ArrayList.contains.key 
95351      INFO  main            d.u.i.k.p.i.AbstractProblemLoader Loading environment from /home/runner/work/key/key/key.core/../key.ui/examples/heap/list_seq/ArrayList.contains.key 
95354      DEBUG main            d.u.i.k.p.i.AbstractProblemLoader Environment load took 3.21ms 
95355      INFO  main            d.u.i.k.p.i.AbstractProblemLoader Creating init config 
98212      DEBUG main            d.u.i.k.p.i.AbstractProblemLoader Init config took 2.86s 
98303      INFO  main            d.u.i.k.p.i.AbstractProblemLoader Replaying proof ArrayList[List::contains(java.lang.Object)].JML normal_behavior operation contract.0 
98305      DEBUG main            d.u.i.k.p.i.IntermediateProofReplayer Proof replay took 5.8ns 
99811      INFO  main            d.u.i.k.p.r.p.TestFile    ... finished proof: closed. 
99996      INFO  main            d.u.i.k.p.i.AbstractProblemLoader Loading environment from /home/runner/work/key/key/key.core/../key.ui/examples/heap/list_seq/ArrayList.contains.key.proof 
99996      DEBUG main            d.u.i.k.p.i.AbstractProblemLoader Environment load took 449.5ns 
99998      INFO  main            d.u.i.k.p.i.AbstractProblemLoader Creating init config 
102841     DEBUG main            d.u.i.k.p.i.AbstractProblemLoader Init config took 2.84s 
102918     INFO  main            d.u.i.k.p.i.AbstractProblemLoader Replaying proof ArrayList[List::contains(java.lang.Object)].JML normal_behavior operation contract.0 
103067     DEBUG main            d.u.i.k.p.i.IntermediateProofReplayer Proof replay took 141.57ms 
103069     DEBUG main            d.u.i.k.p.r.p.TestFile    ... success: reloaded. 
103070     INFO  main            d.u.i.k.p.r.p.TestFile    Now processing file /home/runner/work/key/key/key.core/../key.ui/examples/heap/list_seq/ArrayList.enlarge.key 
103070     INFO  main            d.u.i.k.p.i.AbstractProblemLoader Loading environment from /home/runner/work/key/key/key.core/../key.ui/examples/heap/list_seq/ArrayList.enlarge.key 
103070     DEBUG main            d.u.i.k.p.i.AbstractProblemLoader Environment load took 209.8ns 
103071     INFO  main            d.u.i.k.p.i.AbstractProblemLoader Creating init config 
105928     DEBUG main            d.u.i.k.p.i.AbstractProblemLoader Init config took 2.86s 
106018     INFO  main            d.u.i.k.p.i.AbstractProblemLoader Replaying proof ArrayList[ArrayList::enlarge()].JML normal_behavior operation contract.0 
106020     DEBUG main            d.u.i.k.p.i.IntermediateProofReplayer Proof replay took 5.3ns 
107955     INFO  main            d.u.i.k.p.r.p.TestFile    ... finished proof: closed. 
108125     INFO  main            d.u.i.k.p.i.AbstractProblemLoader Loading environment from /home/runner/work/key/key/key.core/../key.ui/examples/heap/list_seq/ArrayList.enlarge.key.proof 
108126     DEBUG main            d.u.i.k.p.i.AbstractProblemLoader Environment load took 438.8ns 
108127     INFO  main            d.u.i.k.p.i.AbstractProblemLoader Creating init config 
110964     DEBUG main            d.u.i.k.p.i.AbstractProblemLoader Init config took 2.84s 
111041     INFO  main            d.u.i.k.p.i.AbstractProblemLoader Replaying proof ArrayList[ArrayList::enlarge()].JML normal_behavior operation contract.0 
111259     DEBUG main            d.u.i.k.p.i.IntermediateProofReplayer Proof replay took 208.77ms 
111260     DEBUG main            d.u.i.k.p.r.p.TestFile    ... success: reloaded. 
111262     INFO  main            d.u.i.k.p.r.p.TestFile    Now processing file /home/runner/work/key/key/key.core/../key.ui/examples/heap/list_seq/ArrayList.get.key 
111262     INFO  main            d.u.i.k.p.i.AbstractProblemLoader Loading environment from /home/runner/work/key/key/key.core/../key.ui/examples/heap/list_seq/ArrayList.get.key 
111262     DEBUG main            d.u.i.k.p.i.AbstractProblemLoader Environment load took 206.9ns 
111263     INFO  main            d.u.i.k.p.i.AbstractProblemLoader Creating init config 
114151     DEBUG main            d.u.i.k.p.i.AbstractProblemLoader Init config took 2.89s 
114227     INFO  main            d.u.i.k.p.i.AbstractProblemLoader Replaying proof ArrayList[List::get(int)].JML normal_behavior operation contract.0 
114229     DEBUG main            d.u.i.k.p.i.IntermediateProofReplayer Proof replay took 5.3ns 
114732     INFO  main            d.u.i.k.p.r.p.TestFile    ... finished proof: closed. 
114934     INFO  main            d.u.i.k.p.i.AbstractProblemLoader Loading environment from /home/runner/work/key/key/key.core/../key.ui/examples/heap/list_seq/ArrayList.get.key.proof 
114935     DEBUG main            d.u.i.k.p.i.AbstractProblemLoader Environment load took 443.9ns 
114936     INFO  main            d.u.i.k.p.i.AbstractProblemLoader Creating init config 
117770     DEBUG main            d.u.i.k.p.i.AbstractProblemLoader Init config took 2.83s 
117844     INFO  main            d.u.i.k.p.i.AbstractProblemLoader Replaying proof ArrayList[List::get(int)].JML normal_behavior operation contract.0 
117883     DEBUG main            d.u.i.k.p.i.IntermediateProofReplayer Proof replay took 35ms 
117884     DEBUG main            d.u.i.k.p.r.p.TestFile    ... success: reloaded. 
117885     INFO  main            d.u.i.k.p.r.p.TestFile    Now processing file /home/runner/work/key/key/key.core/../key.ui/examples/heap/list_seq/ArrayList.newArray.key 
117885     INFO  main            d.u.i.k.p.i.AbstractProblemLoader Loading environment from /home/runner/work/key/key/key.core/../key.ui/examples/heap/list_seq/ArrayList.newArray.key 
117885     DEBUG main            d.u.i.k.p.i.AbstractProblemLoader Environment load took 95.9ns 
117886     INFO  main            d.u.i.k.p.i.AbstractProblemLoader Creating init config 
120685     DEBUG main            d.u.i.k.p.i.AbstractProblemLoader Init config took 2.8s 
120779     INFO  main            d.u.i.k.p.i.AbstractProblemLoader Replaying proof ArrayList[ArrayList::newArray(int)].JML normal_behavior operation contract.0 
120781     DEBUG main            d.u.i.k.p.i.IntermediateProofReplayer Proof replay took 6ns 
121083     INFO  main            d.u.i.k.p.r.p.TestFile    ... finished proof: closed. 
121299     INFO  main            d.u.i.k.p.i.AbstractProblemLoader Loading environment from /home/runner/work/key/key/key.core/../key.ui/examples/heap/list_seq/ArrayList.newArray.key.proof 
121299     DEBUG main            d.u.i.k.p.i.AbstractProblemLoader Environment load took 154.7ns 
121300     INFO  main            d.u.i.k.p.i.AbstractProblemLoader Creating init config 
124063     DEBUG main            d.u.i.k.p.i.AbstractProblemLoader Init config took 2.76s 
124137     INFO  main            d.u.i.k.p.i.AbstractProblemLoader Replaying proof ArrayList[ArrayList::newArray(int)].JML normal_behavior operation contract.0 
124177     DEBUG main            d.u.i.k.p.i.IntermediateProofReplayer Proof replay took 36.9ms 
124178     DEBUG main            d.u.i.k.p.r.p.TestFile    ... success: reloaded. 
124179     INFO  main            d.u.i.k.p.r.p.TestFile    Now processing file /home/runner/work/key/key/key.core/../key.ui/examples/heap/list_seq/ArrayList.remove.0.key 
124180     INFO  main            d.u.i.k.p.i.AbstractProblemLoader Loading environment from /home/runner/work/key/key/key.core/../key.ui/examples/heap/list_seq/ArrayList.remove.0.key 
124180     DEBUG main            d.u.i.k.p.i.AbstractProblemLoader Environment load took 246.1ns 
124181     INFO  main            d.u.i.k.p.i.AbstractProblemLoader Creating init config 
127009     DEBUG main            d.u.i.k.p.i.AbstractProblemLoader Init config took 2.83s 
127084     INFO  main            d.u.i.k.p.i.AbstractProblemLoader Replaying proof ArrayList[List::remove(java.lang.Object)].JML normal_behavior operation contract.0 
127086     DEBUG main            d.u.i.k.p.i.IntermediateProofReplayer Proof replay took 5.3ns 
128896     INFO  main            d.u.i.k.p.r.p.TestFile    ... finished proof: closed. 
129084     INFO  main            d.u.i.k.p.i.AbstractProblemLoader Loading environment from /home/runner/work/key/key/key.core/../key.ui/examples/heap/list_seq/ArrayList.remove.0.key.proof 
129086     DEBUG main            d.u.i.k.p.i.AbstractProblemLoader Environment load took 1.95ms 
129087     INFO  main            d.u.i.k.p.i.AbstractProblemLoader Creating init config 
131903     DEBUG main            d.u.i.k.p.i.AbstractProblemLoader Init config took 2.82s 
131975     INFO  main            d.u.i.k.p.i.AbstractProblemLoader Replaying proof ArrayList[List::remove(java.lang.Object)].JML normal_behavior operation contract.0 
132288     DEBUG main            d.u.i.k.p.i.IntermediateProofReplayer Proof replay took 305.84ms 
132289     DEBUG main            d.u.i.k.p.r.p.TestFile    ... success: reloaded. 
132291     INFO  main            d.u.i.k.p.r.p.TestFile    Now processing file /home/runner/work/key/key/key.core/../key.ui/examples/heap/list_seq/ArrayList.remove.1.key 
132291     INFO  main            d.u.i.k.p.i.AbstractProblemLoader Loading environment from /home/runner/work/key/key/key.core/../key.ui/examples/heap/list_seq/ArrayList.remove.1.key 
132291     DEBUG main            d.u.i.k.p.i.AbstractProblemLoader Environment load took 205.8ns 
132292     INFO  main            d.u.i.k.p.i.AbstractProblemLoader Creating init config 
135072     DEBUG main            d.u.i.k.p.i.AbstractProblemLoader Init config took 2.78s 
135144     INFO  main            d.u.i.k.p.i.AbstractProblemLoader Replaying proof ArrayList[List::remove(java.lang.Object)].JML normal_behavior operation contract.1 
135146     DEBUG main            d.u.i.k.p.i.IntermediateProofReplayer Proof replay took 6.7ns 
145885     INFO  main            d.u.i.k.p.r.p.TestFile    ... finished proof: closed. 
146130     INFO  main            d.u.i.k.p.i.AbstractProblemLoader Loading environment from /home/runner/work/key/key/key.core/../key.ui/examples/heap/list_seq/ArrayList.remove.1.key.proof 
146130     DEBUG main            d.u.i.k.p.i.AbstractProblemLoader Environment load took 428ns 
146133     INFO  main            d.u.i.k.p.i.AbstractProblemLoader Creating init config 
148871     DEBUG main            d.u.i.k.p.i.AbstractProblemLoader Init config took 2.74s 
148942     INFO  main            d.u.i.k.p.i.AbstractProblemLoader Replaying proof ArrayList[List::remove(java.lang.Object)].JML normal_behavior operation contract.1 
149738     DEBUG main            d.u.i.k.p.i.IntermediateProofReplayer Proof replay took 757.72ms 
149740     DEBUG main            d.u.i.k.p.r.p.TestFile    ... success: reloaded. 
1281676    INFO  Test worker     d.u.i.k.p.r.p.StatisticsFile Returning from test list_seq 
1281684    INFO  Test worker     d.u.i.k.p.r.p.StatisticsFile Running test observer 
412        INFO  Timeout watchdog d.u.i.k.p.r.p.ForkedTestFileRunner Timeout watcher launched (2000 secs.) 
429        WARN  main            d.u.i.k.s.ProofSettings   The settings in /home/runner/.key/proof-settings.props are *not* read. 
475        INFO  main            d.u.i.k.p.r.p.TestFile    Now processing file /home/runner/work/key/key/key.core/../key.ui/examples/heap/observer/ExampleObserver_ExampleObserver.key 
590        INFO  main            d.u.i.k.p.i.AbstractProblemLoader Loading environment from /home/runner/work/key/key/key.core/../key.ui/examples/heap/observer/ExampleObserver_ExampleObserver.key 
610        DEBUG main            d.u.i.k.p.i.AbstractProblemLoader Environment load took 5.87ms 
823        INFO  main            d.u.i.k.p.i.AbstractProblemLoader Creating init config 
1756       DEBUG main            d.u.i.k.j.TypeConverter   No LDT found for Meta 
1756       DEBUG main            d.u.i.k.j.TypeConverter   No LDT found for Meta 
1759       DEBUG main            d.u.i.k.j.TypeConverter   No LDT found for Meta 
1759       DEBUG main            d.u.i.k.j.TypeConverter   No LDT found for Meta 
2971       DEBUG main            d.u.i.k.j.TypeConverter   No LDT found for JavaBigintExpression 
8209       DEBUG main            d.u.i.k.p.i.AbstractProblemLoader Init config took 7.39s 
8342       INFO  main            d.u.i.k.p.i.AbstractProblemLoader Replaying proof ExampleObserver[ExampleObserver::ExampleObserver(ExampleSubject)].JML normal_behavior operation contract.0 
8372       DEBUG main            d.u.i.k.p.i.IntermediateProofReplayer Proof replay took 32.2ns 
9225       INFO  main            d.u.i.k.p.r.p.TestFile    ... finished proof: closed. 
9343       INFO  main            d.u.i.k.p.i.AbstractProblemLoader Loading environment from /home/runner/work/key/key/key.core/../key.ui/examples/heap/observer/ExampleObserver_ExampleObserver.key.proof 
9348       DEBUG main            d.u.i.k.p.i.AbstractProblemLoader Environment load took 4.14ms 
9353       INFO  main            d.u.i.k.p.i.AbstractProblemLoader Creating init config 
12372      DEBUG main            d.u.i.k.p.i.AbstractProblemLoader Init config took 3.02s 
12442      INFO  main            d.u.i.k.p.i.AbstractProblemLoader Replaying proof ExampleObserver[ExampleObserver::ExampleObserver(ExampleSubject)].JML normal_behavior operation contract.0 
12552      DEBUG main            d.u.i.k.p.i.IntermediateProofReplayer Proof replay took 102.55ms 
12560      DEBUG main            d.u.i.k.p.r.p.TestFile    ... success: reloaded. 
12563      INFO  main            d.u.i.k.p.r.p.TestFile    Now processing file /home/runner/work/key/key/key.core/../key.ui/examples/heap/observer/ExampleObserver_inv.key 
12563      INFO  main            d.u.i.k.p.i.AbstractProblemLoader Loading environment from /home/runner/work/key/key/key.core/../key.ui/examples/heap/observer/ExampleObserver_inv.key 
12563      DEBUG main            d.u.i.k.p.i.AbstractProblemLoader Environment load took 221.5ns 
12566      INFO  main            d.u.i.k.p.i.AbstractProblemLoader Creating init config 
15448      DEBUG main            d.u.i.k.p.i.AbstractProblemLoader Init config took 2.88s 
15509      INFO  main            d.u.i.k.p.i.AbstractProblemLoader Replaying proof ExampleObserver[java.lang.Object::<inv>()].JML accessible clause.0 
15512      DEBUG main            d.u.i.k.p.i.IntermediateProofReplayer Proof replay took 6.3ns 
15617      INFO  main            d.u.i.k.p.r.p.TestFile    ... finished proof: closed. 
15744      INFO  main            d.u.i.k.p.i.AbstractProblemLoader Loading environment from /home/runner/work/key/key/key.core/../key.ui/examples/heap/observer/ExampleObserver_inv.key.proof 
15744      DEBUG main            d.u.i.k.p.i.AbstractProblemLoader Environment load took 121ns 
15746      INFO  main            d.u.i.k.p.i.AbstractProblemLoader Creating init config 
18555      DEBUG main            d.u.i.k.p.i.AbstractProblemLoader Init config took 2.81s 
18648      INFO  main            d.u.i.k.p.i.AbstractProblemLoader Replaying proof ExampleObserver[java.lang.Object::<inv>()].JML accessible clause.0 
18673      DEBUG main            d.u.i.k.p.i.IntermediateProofReplayer Proof replay took 19.07ms 
18674      DEBUG main            d.u.i.k.p.r.p.TestFile    ... success: reloaded. 
18676      INFO  main            d.u.i.k.p.r.p.TestFile    Now processing file /home/runner/work/key/key/key.core/../key.ui/examples/heap/observer/ExampleObserver_subject.key 
18676      INFO  main            d.u.i.k.p.i.AbstractProblemLoader Loading environment from /home/runner/work/key/key/key.core/../key.ui/examples/heap/observer/ExampleObserver_subject.key 
18676      DEBUG main            d.u.i.k.p.i.AbstractProblemLoader Environment load took 103ns 
18679      INFO  main            d.u.i.k.p.i.AbstractProblemLoader Creating init config 
21530      DEBUG main            d.u.i.k.p.i.AbstractProblemLoader Init config took 2.85s 
21578      INFO  main            d.u.i.k.p.i.AbstractProblemLoader Replaying proof Observer[Observer::$subject()].JML accessible clause.0 
21580      DEBUG main            d.u.i.k.p.i.IntermediateProofReplayer Proof replay took 5.3ns 
21682      INFO  main            d.u.i.k.p.r.p.TestFile    ... finished proof: closed. 
21815      INFO  main            d.u.i.k.p.i.AbstractProblemLoader Loading environment from /home/runner/work/key/key/key.core/../key.ui/examples/heap/observer/ExampleObserver_subject.key.proof 
21815      DEBUG main            d.u.i.k.p.i.AbstractProblemLoader Environment load took 114.5ns 
21820      INFO  main            d.u.i.k.p.i.AbstractProblemLoader Creating init config 
24548      DEBUG main            d.u.i.k.p.i.AbstractProblemLoader Init config took 2.73s 
24595      INFO  main            d.u.i.k.p.i.AbstractProblemLoader Replaying proof Observer[Observer::$subject()].JML accessible clause.0 
24601      DEBUG main            d.u.i.k.p.i.IntermediateProofReplayer Proof replay took 1.99ms 
24602      DEBUG main            d.u.i.k.p.r.p.TestFile    ... success: reloaded. 
24604      INFO  main            d.u.i.k.p.r.p.TestFile    Now processing file /home/runner/work/key/key/key.core/../key.ui/examples/heap/observer/ExampleObserver_update.key 
24604      INFO  main            d.u.i.k.p.i.AbstractProblemLoader Loading environment from /home/runner/work/key/key/key.core/../key.ui/examples/heap/observer/ExampleObserver_update.key 
24604      DEBUG main            d.u.i.k.p.i.AbstractProblemLoader Environment load took 203.2ns 
24605      INFO  main            d.u.i.k.p.i.AbstractProblemLoader Creating init config 
27368      DEBUG main            d.u.i.k.p.i.AbstractProblemLoader Init config took 2.76s 
27416      INFO  main            d.u.i.k.p.i.AbstractProblemLoader Replaying proof ExampleObserver[Observer::update()].JML normal_behavior operation contract.0 
27418      DEBUG main            d.u.i.k.p.i.IntermediateProofReplayer Proof replay took 4.9ns 
27721      INFO  main            d.u.i.k.p.r.p.TestFile    ... finished proof: closed. 
27901      INFO  main            d.u.i.k.p.i.AbstractProblemLoader Loading environment from /home/runner/work/key/key/key.core/../key.ui/examples/heap/observer/ExampleObserver_update.key.proof 
27902      DEBUG main            d.u.i.k.p.i.AbstractProblemLoader Environment load took 450.5ns 
27903      INFO  main            d.u.i.k.p.i.AbstractProblemLoader Creating init config 
30609      DEBUG main            d.u.i.k.p.i.AbstractProblemLoader Init config took 2.71s 
30668      INFO  main            d.u.i.k.p.i.AbstractProblemLoader Replaying proof ExampleObserver[Observer::update()].JML normal_behavior operation contract.0 
30721      DEBUG main            d.u.i.k.p.i.IntermediateProofReplayer Proof replay took 48.94ms 
30722      DEBUG main            d.u.i.k.p.r.p.TestFile    ... success: reloaded. 
30723      INFO  main            d.u.i.k.p.r.p.TestFile    Now processing file /home/runner/work/key/key/key.core/../key.ui/examples/heap/observer/ExampleObserver_upToDate.key 
30724      INFO  main            d.u.i.k.p.i.AbstractProblemLoader Loading environment from /home/runner/work/key/key/key.core/../key.ui/examples/heap/observer/ExampleObserver_upToDate.key 
30724      DEBUG main            d.u.i.k.p.i.AbstractProblemLoader Environment load took 213.8ns 
30725      INFO  main            d.u.i.k.p.i.AbstractProblemLoader Creating init config 
33462      DEBUG main            d.u.i.k.p.i.AbstractProblemLoader Init config took 2.74s 
33508      INFO  main            d.u.i.k.p.i.AbstractProblemLoader Replaying proof ExampleObserver[Observer::$upToDate()].JML accessible clause.0 
33510      DEBUG main            d.u.i.k.p.i.IntermediateProofReplayer Proof replay took 5.3ns 
33713      INFO  main            d.u.i.k.p.r.p.TestFile    ... finished proof: closed. 
33867      INFO  main            d.u.i.k.p.i.AbstractProblemLoader Loading environment from /home/runner/work/key/key/key.core/../key.ui/examples/heap/observer/ExampleObserver_upToDate.key.proof 
33867      DEBUG main            d.u.i.k.p.i.AbstractProblemLoader Environment load took 117.4ns 
33869      INFO  main            d.u.i.k.p.i.AbstractProblemLoader Creating init config 
36557      DEBUG main            d.u.i.k.p.i.AbstractProblemLoader Init config took 2.69s 
36601      INFO  main            d.u.i.k.p.i.AbstractProblemLoader Replaying proof ExampleObserver[Observer::$upToDate()].JML accessible clause.0 
36618      DEBUG main            d.u.i.k.p.i.IntermediateProofReplayer Proof replay took 15.34ms 
36620      DEBUG main            d.u.i.k.p.r.p.TestFile    ... success: reloaded. 
36621      INFO  main            d.u.i.k.p.r.p.TestFile    Now processing file /home/runner/work/key/key/key.core/../key.ui/examples/heap/observer/ExampleObserver_value.key 
36621      INFO  main            d.u.i.k.p.i.AbstractProblemLoader Loading environment from /home/runner/work/key/key/key.core/../key.ui/examples/heap/observer/ExampleObserver_value.key 
36621      DEBUG main            d.u.i.k.p.i.AbstractProblemLoader Environment load took 223.7ns 
36622      INFO  main            d.u.i.k.p.i.AbstractProblemLoader Creating init config 
39306      DEBUG main            d.u.i.k.p.i.AbstractProblemLoader Init config took 2.68s 
39362      INFO  main            d.u.i.k.p.i.AbstractProblemLoader Replaying proof ExampleObserver[ExampleObserver::value()].JML normal_behavior operation contract.0 
39364      DEBUG main            d.u.i.k.p.i.IntermediateProofReplayer Proof replay took 5.3ns 
39467      INFO  main            d.u.i.k.p.r.p.TestFile    ... finished proof: closed. 
39615      INFO  main            d.u.i.k.p.i.AbstractProblemLoader Loading environment from /home/runner/work/key/key/key.core/../key.ui/examples/heap/observer/ExampleObserver_value.key.proof 
39615      DEBUG main            d.u.i.k.p.i.AbstractProblemLoader Environment load took 110.2ns 
39616      INFO  main            d.u.i.k.p.i.AbstractProblemLoader Creating init config 
42245      DEBUG main            d.u.i.k.p.i.AbstractProblemLoader Init config took 2.63s 
42290      INFO  main            d.u.i.k.p.i.AbstractProblemLoader Replaying proof ExampleObserver[ExampleObserver::value()].JML normal_behavior operation contract.0 
42307      DEBUG main            d.u.i.k.p.i.IntermediateProofReplayer Proof replay took 15.56ms 
42309      DEBUG main            d.u.i.k.p.r.p.TestFile    ... success: reloaded. 
42310      INFO  main            d.u.i.k.p.r.p.TestFile    Now processing file /home/runner/work/key/key/key.core/../key.ui/examples/heap/observer/ExampleSubject_addObserver.key 
42310      INFO  main            d.u.i.k.p.i.AbstractProblemLoader Loading environment from /home/runner/work/key/key/key.core/../key.ui/examples/heap/observer/ExampleSubject_addObserver.key 
42311      DEBUG main            d.u.i.k.p.i.AbstractProblemLoader Environment load took 200.3ns 
42311      INFO  main            d.u.i.k.p.i.AbstractProblemLoader Creating init config 
45016      DEBUG main            d.u.i.k.p.i.AbstractProblemLoader Init config took 2.7s 
45066      INFO  main            d.u.i.k.p.i.AbstractProblemLoader Replaying proof ExampleSubject[Subject::addObserver(Observer)].JML normal_behavior operation contract.0 
45068      DEBUG main            d.u.i.k.p.i.IntermediateProofReplayer Proof replay took 6.5ns 
50417      INFO  main            d.u.i.k.p.r.p.TestFile    ... finished proof: closed. 
50623      INFO  main            d.u.i.k.p.i.AbstractProblemLoader Loading environment from /home/runner/work/key/key/key.core/../key.ui/examples/heap/observer/ExampleSubject_addObserver.key.proof 
50626      DEBUG main            d.u.i.k.p.i.AbstractProblemLoader Environment load took 3.23ms 
50628      INFO  main            d.u.i.k.p.i.AbstractProblemLoader Creating init config 
53259      DEBUG main            d.u.i.k.p.i.AbstractProblemLoader Init config took 2.63s 
53304      INFO  main            d.u.i.k.p.i.AbstractProblemLoader Replaying proof ExampleSubject[Subject::addObserver(Observer)].JML normal_behavior operation contract.0 
53781      DEBUG main            d.u.i.k.p.i.IntermediateProofReplayer Proof replay took 454.53ms 
53783      DEBUG main            d.u.i.k.p.r.p.TestFile    ... success: reloaded. 
53784      INFO  main            d.u.i.k.p.r.p.TestFile    Now processing file /home/runner/work/key/key/key.core/../key.ui/examples/heap/observer/ExampleSubject_change.key 
53785      INFO  main            d.u.i.k.p.i.AbstractProblemLoader Loading environment from /home/runner/work/key/key/key.core/../key.ui/examples/heap/observer/ExampleSubject_change.key 
53785      DEBUG main            d.u.i.k.p.i.AbstractProblemLoader Environment load took 209.6ns 
53786      INFO  main            d.u.i.k.p.i.AbstractProblemLoader Creating init config 
56482      DEBUG main            d.u.i.k.p.i.AbstractProblemLoader Init config took 2.7s 
56526      INFO  main            d.u.i.k.p.i.AbstractProblemLoader Replaying proof ExampleSubject[ExampleSubject::change()].JML normal_behavior operation contract.0 
56528      DEBUG main            d.u.i.k.p.i.IntermediateProofReplayer Proof replay took 13.3ns 
57035      INFO  main            d.u.i.k.p.r.p.TestFile    ... finished proof: closed. 
57202      INFO  main            d.u.i.k.p.i.AbstractProblemLoader Loading environment from /home/runner/work/key/key/key.core/../key.ui/examples/heap/observer/ExampleSubject_change.key.proof 
57204      DEBUG main            d.u.i.k.p.i.AbstractProblemLoader Environment load took 1.51ms 
57205      INFO  main            d.u.i.k.p.i.AbstractProblemLoader Creating init config 
59836      DEBUG main            d.u.i.k.p.i.AbstractProblemLoader Init config took 2.63s 
59880      INFO  main            d.u.i.k.p.i.AbstractProblemLoader Replaying proof ExampleSubject[ExampleSubject::change()].JML normal_behavior operation contract.0 
59940      DEBUG main            d.u.i.k.p.i.IntermediateProofReplayer Proof replay took 55.11ms 
59941      DEBUG main            d.u.i.k.p.r.p.TestFile    ... success: reloaded. 
59942      INFO  main            d.u.i.k.p.r.p.TestFile    Now processing file /home/runner/work/key/key/key.core/../key.ui/examples/heap/observer/ExampleSubject_ExampleSubject.key 
59943      INFO  main            d.u.i.k.p.i.AbstractProblemLoader Loading environment from /home/runner/work/key/key/key.core/../key.ui/examples/heap/observer/ExampleSubject_ExampleSubject.key 
59943      DEBUG main            d.u.i.k.p.i.AbstractProblemLoader Environment load took 205.1ns 
59944      INFO  main            d.u.i.k.p.i.AbstractProblemLoader Creating init config 
62622      DEBUG main            d.u.i.k.p.i.AbstractProblemLoader Init config took 2.68s 
62668      INFO  main            d.u.i.k.p.i.AbstractProblemLoader Replaying proof ExampleSubject[ExampleSubject::ExampleSubject()].JML normal_behavior operation contract.0 
62671      DEBUG main            d.u.i.k.p.i.IntermediateProofReplayer Proof replay took 5.9ns 
63675      INFO  main            d.u.i.k.p.r.p.TestFile    ... finished proof: closed. 
63854      INFO  main            d.u.i.k.p.i.AbstractProblemLoader Loading environment from /home/runner/work/key/key/key.core/../key.ui/examples/heap/observer/ExampleSubject_ExampleSubject.key.proof 
63854      DEBUG main            d.u.i.k.p.i.AbstractProblemLoader Environment load took 459.8ns 
63855      INFO  main            d.u.i.k.p.i.AbstractProblemLoader Creating init config 
66482      DEBUG main            d.u.i.k.p.i.AbstractProblemLoader Init config took 2.63s 
66526      INFO  main            d.u.i.k.p.i.AbstractProblemLoader Replaying proof ExampleSubject[ExampleSubject::ExampleSubject()].JML normal_behavior operation contract.0 
66640      DEBUG main            d.u.i.k.p.i.IntermediateProofReplayer Proof replay took 107.14ms 
66641      DEBUG main            d.u.i.k.p.r.p.TestFile    ... success: reloaded. 
66642      INFO  main            d.u.i.k.p.r.p.TestFile    Now processing file /home/runner/work/key/key/key.core/../key.ui/examples/heap/observer/ExampleSubject_footprint.key 
66643      INFO  main            d.u.i.k.p.i.AbstractProblemLoader Loading environment from /home/runner/work/key/key/key.core/../key.ui/examples/heap/observer/ExampleSubject_footprint.key 
66643      DEBUG main            d.u.i.k.p.i.AbstractProblemLoader Environment load took 124.7ns 
66643      INFO  main            d.u.i.k.p.i.AbstractProblemLoader Creating init config 
69269      DEBUG main            d.u.i.k.p.i.AbstractProblemLoader Init config took 2.63s 
69311      INFO  main            d.u.i.k.p.i.AbstractProblemLoader Replaying proof ExampleSubject[Subject::$footprint()].JML accessible clause.0 
69312      DEBUG main            d.u.i.k.p.i.IntermediateProofReplayer Proof replay took 5.7ns 
69415      INFO  main            d.u.i.k.p.r.p.TestFile    ... finished proof: closed. 
69597      INFO  main            d.u.i.k.p.i.AbstractProblemLoader Loading environment from /home/runner/work/key/key/key.core/../key.ui/examples/heap/observer/ExampleSubject_footprint.key.proof 
69598      DEBUG main            d.u.i.k.p.i.AbstractProblemLoader Environment load took 116.4ns 
69598      INFO  main            d.u.i.k.p.i.AbstractProblemLoader Creating init config 
72191      DEBUG main            d.u.i.k.p.i.AbstractProblemLoader Init config took 2.59s 
72234      INFO  main            d.u.i.k.p.i.AbstractProblemLoader Replaying proof ExampleSubject[Subject::$footprint()].JML accessible clause.0 
72245      DEBUG main            d.u.i.k.p.i.IntermediateProofReplayer Proof replay took 9.27ms 
72246      DEBUG main            d.u.i.k.p.r.p.TestFile    ... success: reloaded. 
72247      INFO  main            d.u.i.k.p.r.p.TestFile    Now processing file /home/runner/work/key/key/key.core/../key.ui/examples/heap/observer/ExampleSubject_inv.key 
72247      INFO  main            d.u.i.k.p.i.AbstractProblemLoader Loading environment from /home/runner/work/key/key/key.core/../key.ui/examples/heap/observer/ExampleSubject_inv.key 
72247      DEBUG main            d.u.i.k.p.i.AbstractProblemLoader Environment load took 96.4ns 
72248      INFO  main            d.u.i.k.p.i.AbstractProblemLoader Creating init config 
74912      DEBUG main            d.u.i.k.p.i.AbstractProblemLoader Init config took 2.66s 
74954      INFO  main            d.u.i.k.p.i.AbstractProblemLoader Replaying proof ExampleSubject[java.lang.Object::<inv>()].JML accessible clause.0 
74956      DEBUG main            d.u.i.k.p.i.IntermediateProofReplayer Proof replay took 6ns 
76063      INFO  main            d.u.i.k.p.r.p.TestFile    ... finished proof: closed. 
76250      INFO  main            d.u.i.k.p.i.AbstractProblemLoader Loading environment from /home/runner/work/key/key/key.core/../key.ui/examples/heap/observer/ExampleSubject_inv.key.proof 
76251      DEBUG main            d.u.i.k.p.i.AbstractProblemLoader Environment load took 472ns 
76252      INFO  main            d.u.i.k.p.i.AbstractProblemLoader Creating init config 
78859      DEBUG main            d.u.i.k.p.i.AbstractProblemLoader Init config took 2.61s 
78901      INFO  main            d.u.i.k.p.i.AbstractProblemLoader Replaying proof ExampleSubject[java.lang.Object::<inv>()].JML accessible clause.0 
78965      DEBUG main            d.u.i.k.p.i.IntermediateProofReplayer Proof replay took 56.58ms 
78966      DEBUG main            d.u.i.k.p.r.p.TestFile    ... success: reloaded. 
78967      INFO  main            d.u.i.k.p.r.p.TestFile    Now processing file /home/runner/work/key/key/key.core/../key.ui/examples/heap/observer/ExampleSubject_notifyObservers.key 
78968      INFO  main            d.u.i.k.p.i.AbstractProblemLoader Loading environment from /home/runner/work/key/key/key.core/../key.ui/examples/heap/observer/ExampleSubject_notifyObservers.key 
78968      DEBUG main            d.u.i.k.p.i.AbstractProblemLoader Environment load took 198.5ns 
78969      INFO  main            d.u.i.k.p.i.AbstractProblemLoader Creating init config 
81588      DEBUG main            d.u.i.k.p.i.AbstractProblemLoader Init config took 2.62s 
81635      INFO  main            d.u.i.k.p.i.AbstractProblemLoader Replaying proof Subject[Subject::notifyObservers()].JML normal_behavior operation contract.0 
81636      DEBUG main            d.u.i.k.p.i.IntermediateProofReplayer Proof replay took 4.9ns 
81738      INFO  main            d.u.i.k.p.r.p.TestFile    ... finished proof: closed. 
81918      INFO  main            d.u.i.k.p.i.AbstractProblemLoader Loading environment from /home/runner/work/key/key/key.core/../key.ui/examples/heap/observer/ExampleSubject_notifyObservers.key.proof 
81918      DEBUG main            d.u.i.k.p.i.AbstractProblemLoader Environment load took 107.3ns 
81919      INFO  main            d.u.i.k.p.i.AbstractProblemLoader Creating init config 
84538      DEBUG main            d.u.i.k.p.i.AbstractProblemLoader Init config took 2.62s 
84581      INFO  main            d.u.i.k.p.i.AbstractProblemLoader Replaying proof Subject[Subject::notifyObservers()].JML normal_behavior operation contract.0 
84584      DEBUG main            d.u.i.k.p.i.IntermediateProofReplayer Proof replay took 2.01ms 
84585      DEBUG main            d.u.i.k.p.r.p.TestFile    ... success: reloaded. 
84586      INFO  main            d.u.i.k.p.r.p.TestFile    Now processing file /home/runner/work/key/key/key.core/../key.ui/examples/heap/observer/ExampleSubject_value_dep.key 
84586      INFO  main            d.u.i.k.p.i.AbstractProblemLoader Loading environment from /home/runner/work/key/key/key.core/../key.ui/examples/heap/observer/ExampleSubject_value_dep.key 
84587      DEBUG main            d.u.i.k.p.i.AbstractProblemLoader Environment load took 930.71ns 
84588      INFO  main            d.u.i.k.p.i.AbstractProblemLoader Creating init config 
87188      DEBUG main            d.u.i.k.p.i.AbstractProblemLoader Init config took 2.6s 
87228      INFO  main            d.u.i.k.p.i.AbstractProblemLoader Replaying proof ExampleSubject[ExampleSubject::value()].JML accessible clause.0 
87229      DEBUG main            d.u.i.k.p.i.IntermediateProofReplayer Proof replay took 6.3ns 
87331      INFO  main            d.u.i.k.p.r.p.TestFile    ... finished proof: closed. 
87597      INFO  main            d.u.i.k.p.i.AbstractProblemLoader Loading environment from /home/runner/work/key/key/key.core/../key.ui/examples/heap/observer/ExampleSubject_value_dep.key.proof 
87597      DEBUG main            d.u.i.k.p.i.AbstractProblemLoader Environment load took 104.7ns 
87598      INFO  main            d.u.i.k.p.i.AbstractProblemLoader Creating init config 
90172      DEBUG main            d.u.i.k.p.i.AbstractProblemLoader Init config took 2.57s 
90212      INFO  main            d.u.i.k.p.i.AbstractProblemLoader Replaying proof ExampleSubject[ExampleSubject::value()].JML accessible clause.0 
90223      DEBUG main            d.u.i.k.p.i.IntermediateProofReplayer Proof replay took 9.05ms 
90223      DEBUG main            d.u.i.k.p.r.p.TestFile    ... success: reloaded. 
90224      INFO  main            d.u.i.k.p.r.p.TestFile    Now processing file /home/runner/work/key/key/key.core/../key.ui/examples/heap/observer/ExampleSubject_value.key 
90225      INFO  main            d.u.i.k.p.i.AbstractProblemLoader Loading environment from /home/runner/work/key/key/key.core/../key.ui/examples/heap/observer/ExampleSubject_value.key 
90225      DEBUG main            d.u.i.k.p.i.AbstractProblemLoader Environment load took 121.2ns 
90226      INFO  main            d.u.i.k.p.i.AbstractProblemLoader Creating init config 
92863      DEBUG main            d.u.i.k.p.i.AbstractProblemLoader Init config took 2.64s 
92915      INFO  main            d.u.i.k.p.i.AbstractProblemLoader Replaying proof ExampleSubject[ExampleSubject::value()].JML normal_behavior operation contract.0 
92916      DEBUG main            d.u.i.k.p.i.IntermediateProofReplayer Proof replay took 5.8ns 
93018      INFO  main            d.u.i.k.p.r.p.TestFile    ... finished proof: closed. 
93242      INFO  main            d.u.i.k.p.i.AbstractProblemLoader Loading environment from /home/runner/work/key/key/key.core/../key.ui/examples/heap/observer/ExampleSubject_value.key.proof 
93242      DEBUG main            d.u.i.k.p.i.AbstractProblemLoader Environment load took 102.2ns 
93243      INFO  main            d.u.i.k.p.i.AbstractProblemLoader Creating init config 
95827      DEBUG main            d.u.i.k.p.i.AbstractProblemLoader Init config took 2.58s 
95873      INFO  main            d.u.i.k.p.i.AbstractProblemLoader Replaying proof ExampleSubject[ExampleSubject::value()].JML normal_behavior operation contract.0 
95884      DEBUG main            d.u.i.k.p.i.IntermediateProofReplayer Proof replay took 9.23ms 
95885      DEBUG main            d.u.i.k.p.r.p.TestFile    ... success: reloaded. 
1377727    INFO  Test worker     d.u.i.k.p.r.p.StatisticsFile Returning from test observer 
1377730    INFO  Test worker     d.u.i.k.p.r.p.StatisticsFile Running test removeDups 
407        WARN  main            d.u.i.k.s.ProofSettings   The settings in /home/runner/.key/proof-settings.props are *not* read. 
411        INFO  Timeout watchdog d.u.i.k.p.r.p.ForkedTestFileRunner Timeout watcher launched (2000 secs.) 
454        INFO  main            d.u.i.k.p.r.p.TestFile    Now processing file /home/runner/work/key/key/key.core/../key.ui/examples/heap/removeDups/arrayPart.key 
565        INFO  main            d.u.i.k.p.i.AbstractProblemLoader Loading environment from /home/runner/work/key/key/key.core/../key.ui/examples/heap/removeDups/arrayPart.key 
580        DEBUG main            d.u.i.k.p.i.AbstractProblemLoader Environment load took 1.99ms 
782        INFO  main            d.u.i.k.p.i.AbstractProblemLoader Creating init config 
1495       DEBUG main            d.u.i.k.j.TypeConverter   No LDT found for Meta 
1499       DEBUG main            d.u.i.k.j.TypeConverter   No LDT found for Meta 
1501       DEBUG main            d.u.i.k.j.TypeConverter   No LDT found for Meta 
1501       DEBUG main            d.u.i.k.j.TypeConverter   No LDT found for Meta 
3115       DEBUG main            d.u.i.k.j.TypeConverter   No LDT found for JavaBigintExpression 
7878       DEBUG main            d.u.i.k.p.i.AbstractProblemLoader Init config took 7.1s 
8033       INFO  main            d.u.i.k.p.i.AbstractProblemLoader Replaying proof RemoveDup[RemoveDup::arrayPart([I,int)].JML normal_behavior operation contract.0 
8073       DEBUG main            d.u.i.k.p.i.IntermediateProofReplayer Proof replay took 32ns 
10711      INFO  main            d.u.i.k.p.r.p.TestFile    ... finished proof: closed. 
10851      INFO  main            d.u.i.k.p.i.AbstractProblemLoader Loading environment from /home/runner/work/key/key/key.core/../key.ui/examples/heap/removeDups/arrayPart.key.proof 
10851      DEBUG main            d.u.i.k.p.i.AbstractProblemLoader Environment load took 137.6ns 
10858      INFO  main            d.u.i.k.p.i.AbstractProblemLoader Creating init config 
13490      DEBUG main            d.u.i.k.p.i.AbstractProblemLoader Init config took 2.63s 
13551      INFO  main            d.u.i.k.p.i.AbstractProblemLoader Replaying proof RemoveDup[RemoveDup::arrayPart([I,int)].JML normal_behavior operation contract.0 
13789      DEBUG main            d.u.i.k.p.i.IntermediateProofReplayer Proof replay took 226.31ms 
13796      DEBUG main            d.u.i.k.p.r.p.TestFile    ... success: reloaded. 
13798      INFO  main            d.u.i.k.p.r.p.TestFile    Now processing file /home/runner/work/key/key/key.core/../key.ui/examples/heap/removeDups/contains.key 
13798      INFO  main            d.u.i.k.p.i.AbstractProblemLoader Loading environment from /home/runner/work/key/key/key.core/../key.ui/examples/heap/removeDups/contains.key 
13798      DEBUG main            d.u.i.k.p.i.AbstractProblemLoader Environment load took 231.4ns 
13800      INFO  main            d.u.i.k.p.i.AbstractProblemLoader Creating init config 
16356      DEBUG main            d.u.i.k.p.i.AbstractProblemLoader Init config took 2.56s 
16417      INFO  main            d.u.i.k.p.i.AbstractProblemLoader Replaying proof RemoveDup[RemoveDup::contains([I,int,int)].JML normal_behavior operation contract.0 
16420      DEBUG main            d.u.i.k.p.i.IntermediateProofReplayer Proof replay took 6.1ns 
16923      INFO  main            d.u.i.k.p.r.p.TestFile    ... finished proof: closed. 
17093      INFO  main            d.u.i.k.p.i.AbstractProblemLoader Loading environment from /home/runner/work/key/key/key.core/../key.ui/examples/heap/removeDups/contains.key.proof 
17096      DEBUG main            d.u.i.k.p.i.AbstractProblemLoader Environment load took 2.4ms 
17098      INFO  main            d.u.i.k.p.i.AbstractProblemLoader Creating init config 
19588      DEBUG main            d.u.i.k.p.i.AbstractProblemLoader Init config took 2.49s 
19640      INFO  main            d.u.i.k.p.i.AbstractProblemLoader Replaying proof RemoveDup[RemoveDup::contains([I,int,int)].JML normal_behavior operation contract.0 
19720      DEBUG main            d.u.i.k.p.i.IntermediateProofReplayer Proof replay took 75.06ms 
19721      DEBUG main            d.u.i.k.p.r.p.TestFile    ... success: reloaded. 
19722      INFO  main            d.u.i.k.p.r.p.TestFile    Now processing file /home/runner/work/key/key/key.core/../key.ui/examples/heap/removeDups/removeDup.key 
19723      INFO  main            d.u.i.k.p.i.AbstractProblemLoader Loading environment from /home/runner/work/key/key/key.core/../key.ui/examples/heap/removeDups/removeDup.key 
19723      DEBUG main            d.u.i.k.p.i.AbstractProblemLoader Environment load took 215.1ns 
19724      INFO  main            d.u.i.k.p.i.AbstractProblemLoader Creating init config 
22229      DEBUG main            d.u.i.k.p.i.AbstractProblemLoader Init config took 2.5s 
22279      INFO  main            d.u.i.k.p.i.AbstractProblemLoader Replaying proof RemoveDup[RemoveDup::removeDup([I)].JML normal_behavior operation contract.0 
22282      DEBUG main            d.u.i.k.p.i.IntermediateProofReplayer Proof replay took 6.4ns 
41642      INFO  main            d.u.i.k.p.r.p.TestFile    ... finished proof: closed. 
41885      INFO  main            d.u.i.k.p.i.AbstractProblemLoader Loading environment from /home/runner/work/key/key/key.core/../key.ui/examples/heap/removeDups/removeDup.key.proof 
41886      DEBUG main            d.u.i.k.p.i.AbstractProblemLoader Environment load took 460.8ns 
41896      INFO  main            d.u.i.k.p.i.AbstractProblemLoader Creating init config 
44302      DEBUG main            d.u.i.k.p.i.AbstractProblemLoader Init config took 2.41s 
44350      INFO  main            d.u.i.k.p.i.AbstractProblemLoader Replaying proof RemoveDup[RemoveDup::removeDup([I)].JML normal_behavior operation contract.0 
45551      DEBUG main            d.u.i.k.p.i.IntermediateProofReplayer Proof replay took 1.14s 
45554      DEBUG main            d.u.i.k.p.r.p.TestFile    ... success: reloaded. 
45556      INFO  main            d.u.i.k.p.r.p.TestFile    Now processing file /home/runner/work/key/key/key.core/../key.ui/examples/heap/saddleback_search/Saddleback_search.key 
45556      INFO  main            d.u.i.k.p.i.AbstractProblemLoader Loading environment from /home/runner/work/key/key/key.core/../key.ui/examples/heap/saddleback_search/Saddleback_search.key 
45558      DEBUG main            d.u.i.k.p.i.AbstractProblemLoader Environment load took 1.91ms 
45559      INFO  main            d.u.i.k.p.i.AbstractProblemLoader Creating init config 
48086      DEBUG main            d.u.i.k.p.i.AbstractProblemLoader Init config took 2.53s 
48125      INFO  main            d.u.i.k.p.i.AbstractProblemLoader Replaying proof Saddleback[Saddleback::search([[I,int)].JML normal_behavior operation contract.0 
48133      DEBUG main            d.u.i.k.p.i.IntermediateProofReplayer Proof replay took 5.7ns 
120593     INFO  main            d.u.i.k.p.r.p.TestFile    ... finished proof: closed. 
120917     INFO  main            d.u.i.k.p.i.AbstractProblemLoader Loading environment from /home/runner/work/key/key/key.core/../key.ui/examples/heap/saddleback_search/Saddleback_search.key.proof 
120917     DEBUG main            d.u.i.k.p.i.AbstractProblemLoader Environment load took 397.9ns 
120925     INFO  main            d.u.i.k.p.i.AbstractProblemLoader Creating init config 
123275     DEBUG main            d.u.i.k.p.i.AbstractProblemLoader Init config took 2.35s 
123322     INFO  main            d.u.i.k.p.i.AbstractProblemLoader Replaying proof Saddleback[Saddleback::search([[I,int)].JML normal_behavior operation contract.0 
124779     DEBUG main            d.u.i.k.p.i.IntermediateProofReplayer Proof replay took 1.31s 
124788     DEBUG main            d.u.i.k.p.r.p.TestFile    ... success: reloaded. 
1502694    INFO  Test worker     d.u.i.k.p.r.p.StatisticsFile Returning from test removeDups 
1502696    INFO  Test worker     d.u.i.k.p.r.p.StatisticsFile Running test quicksort 
332        INFO  Timeout watchdog d.u.i.k.p.r.p.ForkedTestFileRunner Timeout watcher launched (2000 secs.) 
347        WARN  main            d.u.i.k.s.ProofSettings   The settings in /home/runner/.key/proof-settings.props are *not* read. 
379        INFO  main            d.u.i.k.p.r.p.TestFile    Now processing file /home/runner/work/key/key/key.core/../key.ui/examples/heap/quicksort/toplevel.key 
499        INFO  main            d.u.i.k.p.i.AbstractProblemLoader Loading environment from /home/runner/work/key/key/key.core/../key.ui/examples/heap/quicksort/toplevel.key 
514        DEBUG main            d.u.i.k.p.i.AbstractProblemLoader Environment load took 1.98ms 
715        INFO  main            d.u.i.k.p.i.AbstractProblemLoader Creating init config 
1643       DEBUG main            d.u.i.k.j.TypeConverter   No LDT found for Meta 
1644       DEBUG main            d.u.i.k.j.TypeConverter   No LDT found for Meta 
1647       DEBUG main            d.u.i.k.j.TypeConverter   No LDT found for Meta 
1648       DEBUG main            d.u.i.k.j.TypeConverter   No LDT found for Meta 
2943       DEBUG main            d.u.i.k.j.TypeConverter   No LDT found for JavaBigintExpression 
7972       DEBUG main            d.u.i.k.p.i.AbstractProblemLoader Init config took 7.26s 
8144       INFO  main            d.u.i.k.p.i.AbstractProblemLoader Replaying proof Quicksort[Quicksort::sort([I)].JML normal_behavior operation contract.0 
8178       DEBUG main            d.u.i.k.p.i.IntermediateProofReplayer Proof replay took 28.7ns 
9453       INFO  main            d.u.i.k.p.r.p.TestFile    ... finished proof: closed. 
9595       INFO  main            d.u.i.k.p.i.AbstractProblemLoader Loading environment from /home/runner/work/key/key/key.core/../key.ui/examples/heap/quicksort/toplevel.key.proof 
9595       DEBUG main            d.u.i.k.p.i.AbstractProblemLoader Environment load took 432.4ns 
9598       INFO  main            d.u.i.k.p.i.AbstractProblemLoader Creating init config 
12294      DEBUG main            d.u.i.k.p.i.AbstractProblemLoader Init config took 2.7s 
12357      INFO  main            d.u.i.k.p.i.AbstractProblemLoader Replaying proof Quicksort[Quicksort::sort([I)].JML normal_behavior operation contract.0 
12488      DEBUG main            d.u.i.k.p.i.IntermediateProofReplayer Proof replay took 123.39ms 
12494      DEBUG main            d.u.i.k.p.r.p.TestFile    ... success: reloaded. 
12496      INFO  main            d.u.i.k.p.r.p.TestFile    Now processing file /home/runner/work/key/key/key.core/../key.ui/examples/heap/quicksort/sort.key 
12497      INFO  main            d.u.i.k.p.i.AbstractProblemLoader Loading environment from /home/runner/work/key/key/key.core/../key.ui/examples/heap/quicksort/sort.key 
12497      DEBUG main            d.u.i.k.p.i.AbstractProblemLoader Environment load took 227ns 
12499      INFO  main            d.u.i.k.p.i.AbstractProblemLoader Creating init config 
15186      DEBUG main            d.u.i.k.p.i.AbstractProblemLoader Init config took 2.69s 
15244      INFO  main            d.u.i.k.p.i.AbstractProblemLoader Replaying proof Quicksort[Quicksort::sort([I,int,int)].JML normal_behavior operation contract.0 
15247      DEBUG main            d.u.i.k.p.i.IntermediateProofReplayer Proof replay took 5.8ns 
15271      DEBUG main            d.u.i.k.m.s.ProofScriptEngine 1: 'script 'sort.script'' 
15274      INFO  main            d.u.i.k.m.s.ProofScriptCommand Included script /home/runner/work/key/key/key.core/../key.ui/examples/heap/quicksort/sort.script 
15274      DEBUG main            d.u.i.k.m.s.ProofScriptEngine 1: 'macro autopilot-prep' 
16215      DEBUG main            d.u.i.k.m.s.ProofScriptEngine 2: 'select formula="{heapAtPre:=heap || exc:=null || heap:=heapAfter_sort_0}
   seq ...' 
16218      DEBUG main            d.u.i.k.m.s.ProofScriptEngine 3: 'macro simp-upd' 
16227      DEBUG main            d.u.i.k.m.s.ProofScriptEngine 4: 'let   @seqPre="seqDef{int u;}(0, array.length, array[u])"
    @seqSplit="seqDef ...' 
16229      DEBUG main            d.u.i.k.m.s.ProofScriptEngine 5: 'rule seqPermSym 
  formula="seqPerm(@seqSplit, @seqPre)"' 
16242      DEBUG main            d.u.i.k.m.s.ProofScriptEngine 6: 'rule seqPermSym
  formula="seqPerm(@seqSort, @seqSplit)"' 
16244      DEBUG main            d.u.i.k.m.s.ProofScriptEngine 7: 'rule seqPermSym
  formula="seqPerm(@seqSort0, @seqSort)"' 
16245      DEBUG main            d.u.i.k.m.s.ProofScriptEngine 8: 'rule seqPermTrans
  formula="seqPerm(@seqPre, @seqSplit)"' 
16246      DEBUG main            d.u.i.k.m.s.ProofScriptEngine 9: 'rule seqPermTrans
  formula="seqPerm(@seqPre, @seqSort)"' 
16247      DEBUG main            d.u.i.k.m.s.ProofScriptEngine 10: 'rule seqPermSym
  formula="seqPerm(@seqPre, @seqSort0)"' 
16248      DEBUG main            d.u.i.k.m.s.ProofScriptEngine 11: 'tryclose' 
40332      INFO  main            d.u.i.k.p.r.p.TestFile    ... finished proof: closed. 
40596      INFO  main            d.u.i.k.p.i.AbstractProblemLoader Loading environment from /home/runner/work/key/key/key.core/../key.ui/examples/heap/quicksort/sort.key.proof 
40604      DEBUG main            d.u.i.k.p.i.AbstractProblemLoader Environment load took 7.27ms 
40632      INFO  main            d.u.i.k.p.i.AbstractProblemLoader Creating init config 
43282      DEBUG main            d.u.i.k.p.i.AbstractProblemLoader Init config took 2.65s 
43331      INFO  main            d.u.i.k.p.i.AbstractProblemLoader Replaying proof Quicksort[Quicksort::sort([I,int,int)].JML normal_behavior operation contract.0 
44839      DEBUG main            d.u.i.k.p.i.IntermediateProofReplayer Proof replay took 1.35s 
44881      DEBUG main            d.u.i.k.p.r.p.TestFile    ... success: reloaded. 
44885      INFO  main            d.u.i.k.p.r.p.TestFile    Now processing file /home/runner/work/key/key/key.core/../key.ui/examples/heap/quicksort/split.key 
44900      INFO  main            d.u.i.k.p.i.AbstractProblemLoader Loading environment from /home/runner/work/key/key/key.core/../key.ui/examples/heap/quicksort/split.key 
44901      DEBUG main            d.u.i.k.p.i.AbstractProblemLoader Environment load took 289.9ns 
44902      INFO  main            d.u.i.k.p.i.AbstractProblemLoader Creating init config 
47735      DEBUG main            d.u.i.k.p.i.AbstractProblemLoader Init config took 2.83s 
47780      INFO  main            d.u.i.k.p.i.AbstractProblemLoader Replaying proof Quicksort[Quicksort::split([I,int,int)].JML normal_behavior operation contract.0 
47783      DEBUG main            d.u.i.k.p.i.IntermediateProofReplayer Proof replay took 5ns 
47783      DEBUG main            d.u.i.k.m.s.ProofScriptEngine 1: 'macro autopilot-prep' 
48955      DEBUG main            d.u.i.k.m.s.ProofScriptEngine 2: 'tryclose' 
84750      DEBUG main            d.u.i.k.m.s.ProofScriptEngine 3: 'macro simp-upd' 
84860      DEBUG main            d.u.i.k.m.s.ProofScriptEngine 4: 'rule seqPermFromSwap' 
84875      DEBUG main            d.u.i.k.m.s.ProofScriptEngine 5: 'rule andRight' 
84879      DEBUG main            d.u.i.k.m.s.ProofScriptEngine 6: 'auto' 
84903      DEBUG main            d.u.i.k.m.s.ProofScriptEngine 7: 'instantiate hide var=iv with=i_0' 
84905      DEBUG main            d.u.i.k.m.s.ProofScriptEngine 8: 'instantiate hide var=jv with=j_0' 
84908      DEBUG main            d.u.i.k.m.s.ProofScriptEngine 9: 'auto' 
90884      DEBUG main            d.u.i.k.m.s.ProofScriptEngine 10: 'macro simp-upd' 
90954      DEBUG main            d.u.i.k.m.s.ProofScriptEngine 11: 'rule seqPermFromSwap' 
90956      DEBUG main            d.u.i.k.m.s.ProofScriptEngine 12: 'rule andRight' 
90959      DEBUG main            d.u.i.k.m.s.ProofScriptEngine 13: 'auto' 
90974      DEBUG main            d.u.i.k.m.s.ProofScriptEngine 14: 'instantiate hide var=iv with=i_0' 
90975      DEBUG main            d.u.i.k.m.s.ProofScriptEngine 15: 'instantiate hide var=jv with=to' 
90978      DEBUG main            d.u.i.k.m.s.ProofScriptEngine 16: 'auto' 
95675      INFO  main            d.u.i.k.p.r.p.TestFile    ... finished proof: closed. 
96115      INFO  main            d.u.i.k.p.i.AbstractProblemLoader Loading environment from /home/runner/work/key/key/key.core/../key.ui/examples/heap/quicksort/split.key.proof 
96115      DEBUG main            d.u.i.k.p.i.AbstractProblemLoader Environment load took 189.3ns 
96125      INFO  main            d.u.i.k.p.i.AbstractProblemLoader Creating init config 
98597      DEBUG main            d.u.i.k.p.i.AbstractProblemLoader Init config took 2.47s 
98644      INFO  main            d.u.i.k.p.i.AbstractProblemLoader Replaying proof Quicksort[Quicksort::split([I,int,int)].JML normal_behavior operation contract.0 
101129     DEBUG main            d.u.i.k.p.i.IntermediateProofReplayer Proof replay took 2.28s 
101181     DEBUG main            d.u.i.k.p.r.p.TestFile    ... success: reloaded. 
1604806    INFO  Test worker     d.u.i.k.p.r.p.StatisticsFile Returning from test quicksort 
1604808    INFO  Test worker     d.u.i.k.p.r.p.StatisticsFile Running test simpleTests 
343        INFO  Timeout watchdog d.u.i.k.p.r.p.ForkedTestFileRunner Timeout watcher launched (2000 secs.) 
352        WARN  main            d.u.i.k.s.ProofSettings   The settings in /home/runner/.key/proof-settings.props are *not* read. 
398        INFO  main            d.u.i.k.p.r.p.TestFile    Now processing file /home/runner/work/key/key/key.core/../key.ui/examples/heap/simple/anonymise_datagroup.key 
499        INFO  main            d.u.i.k.p.i.AbstractProblemLoader Loading environment from /home/runner/work/key/key/key.core/../key.ui/examples/heap/simple/anonymise_datagroup.key 
516        DEBUG main            d.u.i.k.p.i.AbstractProblemLoader Environment load took 2.04ms 
778        INFO  main            d.u.i.k.p.i.AbstractProblemLoader Creating init config 
1767       DEBUG main            d.u.i.k.j.TypeConverter   No LDT found for Meta 
1768       DEBUG main            d.u.i.k.j.TypeConverter   No LDT found for Meta 
1770       DEBUG main            d.u.i.k.j.TypeConverter   No LDT found for Meta 
1770       DEBUG main            d.u.i.k.j.TypeConverter   No LDT found for Meta 
3089       DEBUG main            d.u.i.k.j.TypeConverter   No LDT found for JavaBigintExpression 
7355       DEBUG main            d.u.i.k.p.i.AbstractProblemLoader Init config took 6.58s 
7416       INFO  main            d.u.i.k.p.i.AbstractProblemLoader Replaying proof anonymise_datagroup.key 
7445       DEBUG main            d.u.i.k.p.i.IntermediateProofReplayer Proof replay took 35.7ns 
7696       INFO  main            d.u.i.k.p.r.p.TestFile    ... finished proof: closed. 
7787       INFO  main            d.u.i.k.p.i.AbstractProblemLoader Loading environment from /home/runner/work/key/key/key.core/../key.ui/examples/heap/simple/anonymise_datagroup.key.proof 
7788       DEBUG main            d.u.i.k.p.i.AbstractProblemLoader Environment load took 1.21ms 
7794       INFO  main            d.u.i.k.p.i.AbstractProblemLoader Creating init config 
10366      DEBUG main            d.u.i.k.p.i.AbstractProblemLoader Init config took 2.57s 
10395      INFO  main            d.u.i.k.p.i.AbstractProblemLoader Replaying proof anonymise_datagroup.key.proof 
10407      DEBUG main            d.u.i.k.p.i.IntermediateProofReplayer Proof replay took 7.49ms 
10417      DEBUG main            d.u.i.k.p.r.p.TestFile    ... success: reloaded. 
10418      INFO  main            d.u.i.k.p.r.p.TestFile    Now processing file /home/runner/work/key/key/key.core/../key.ui/examples/heap/simple/array_creation.key 
10418      INFO  main            d.u.i.k.p.i.AbstractProblemLoader Loading environment from /home/runner/work/key/key/key.core/../key.ui/examples/heap/simple/array_creation.key 
10419      DEBUG main            d.u.i.k.p.i.AbstractProblemLoader Environment load took 93.8ns 
10421      INFO  main            d.u.i.k.p.i.AbstractProblemLoader Creating init config 
12882      DEBUG main            d.u.i.k.p.i.AbstractProblemLoader Init config took 2.46s 
12913      INFO  main            d.u.i.k.p.i.AbstractProblemLoader Replaying proof array_creation.key 
12917      DEBUG main            d.u.i.k.p.i.IntermediateProofReplayer Proof replay took 6ns 
13625      INFO  main            d.u.i.k.p.r.p.TestFile    ... finished proof: closed. 
13761      INFO  main            d.u.i.k.p.i.AbstractProblemLoader Loading environment from /home/runner/work/key/key/key.core/../key.ui/examples/heap/simple/array_creation.key.proof 
13767      DEBUG main            d.u.i.k.p.i.AbstractProblemLoader Environment load took 5.65ms 
13769      INFO  main            d.u.i.k.p.i.AbstractProblemLoader Creating init config 
16173      DEBUG main            d.u.i.k.p.i.AbstractProblemLoader Init config took 2.4s 
16199      INFO  main            d.u.i.k.p.i.AbstractProblemLoader Replaying proof array_creation.key.proof 
16278      DEBUG main            d.u.i.k.p.i.IntermediateProofReplayer Proof replay took 75.2ms 
16280      DEBUG main            d.u.i.k.p.r.p.TestFile    ... success: reloaded. 
16281      INFO  main            d.u.i.k.p.r.p.TestFile    Now processing file /home/runner/work/key/key/key.core/../key.ui/examples/heap/simple/arrays_with_disjoint_sorts.key 
16282      INFO  main            d.u.i.k.p.i.AbstractProblemLoader Loading environment from /home/runner/work/key/key/key.core/../key.ui/examples/heap/simple/arrays_with_disjoint_sorts.key 
16282      DEBUG main            d.u.i.k.p.i.AbstractProblemLoader Environment load took 190.3ns 
16283      INFO  main            d.u.i.k.p.i.AbstractProblemLoader Creating init config 
18655      DEBUG main            d.u.i.k.p.i.AbstractProblemLoader Init config took 2.37s 
18677      INFO  main            d.u.i.k.p.i.AbstractProblemLoader Replaying proof arrays_with_disjoint_sorts.key 
18679      DEBUG main            d.u.i.k.p.i.IntermediateProofReplayer Proof replay took 5.7ns 
18787      INFO  main            d.u.i.k.p.r.p.TestFile    ... finished proof: closed. 
18933      INFO  main            d.u.i.k.p.i.AbstractProblemLoader Loading environment from /home/runner/work/key/key/key.core/../key.ui/examples/heap/simple/arrays_with_disjoint_sorts.key.proof 
18936      DEBUG main            d.u.i.k.p.i.AbstractProblemLoader Environment load took 3.58ms 
18938      INFO  main            d.u.i.k.p.i.AbstractProblemLoader Creating init config 
21261      DEBUG main            d.u.i.k.p.i.AbstractProblemLoader Init config took 2.32s 
21286      INFO  main            d.u.i.k.p.i.AbstractProblemLoader Replaying proof arrays_with_disjoint_sorts.key.proof 
21327      DEBUG main            d.u.i.k.p.i.IntermediateProofReplayer Proof replay took 34.35ms 
21328      DEBUG main            d.u.i.k.p.r.p.TestFile    ... success: reloaded. 
21330      INFO  main            d.u.i.k.p.r.p.TestFile    Now processing file /home/runner/work/key/key/key.core/../key.ui/examples/heap/simple/arrays.key 
21330      INFO  main            d.u.i.k.p.i.AbstractProblemLoader Loading environment from /home/runner/work/key/key/key.core/../key.ui/examples/heap/simple/arrays.key 
21330      DEBUG main            d.u.i.k.p.i.AbstractProblemLoader Environment load took 192.4ns 
21333      INFO  main            d.u.i.k.p.i.AbstractProblemLoader Creating init config 
23700      DEBUG main            d.u.i.k.p.i.AbstractProblemLoader Init config took 2.37s 
23723      INFO  main            d.u.i.k.p.i.AbstractProblemLoader Replaying proof arrays.key 
23728      DEBUG main            d.u.i.k.p.i.IntermediateProofReplayer Proof replay took 5.4ns 
23931      INFO  main            d.u.i.k.p.r.p.TestFile    ... finished proof: closed. 
24060      INFO  main            d.u.i.k.p.i.AbstractProblemLoader Loading environment from /home/runner/work/key/key/key.core/../key.ui/examples/heap/simple/arrays.key.proof 
24061      DEBUG main            d.u.i.k.p.i.AbstractProblemLoader Environment load took 113.4ns 
24062      INFO  main            d.u.i.k.p.i.AbstractProblemLoader Creating init config 
26352      DEBUG main            d.u.i.k.p.i.AbstractProblemLoader Init config took 2.29s 
26372      INFO  main            d.u.i.k.p.i.AbstractProblemLoader Replaying proof arrays.key.proof 
26391      DEBUG main            d.u.i.k.p.i.IntermediateProofReplayer Proof replay took 15.2ms 
26392      DEBUG main            d.u.i.k.p.r.p.TestFile    ... success: reloaded. 
26393      INFO  main            d.u.i.k.p.r.p.TestFile    Now processing file /home/runner/work/key/key/key.core/../key.ui/examples/heap/simple/attributes.key 
26393      INFO  main            d.u.i.k.p.i.AbstractProblemLoader Loading environment from /home/runner/work/key/key/key.core/../key.ui/examples/heap/simple/attributes.key 
26393      DEBUG main            d.u.i.k.p.i.AbstractProblemLoader Environment load took 210.5ns 
26394      INFO  main            d.u.i.k.p.i.AbstractProblemLoader Creating init config 
28705      DEBUG main            d.u.i.k.p.i.AbstractProblemLoader Init config took 2.31s 
28725      INFO  main            d.u.i.k.p.i.AbstractProblemLoader Replaying proof attributes.key 
28727      DEBUG main            d.u.i.k.p.i.IntermediateProofReplayer Proof replay took 5.8ns 
28833      INFO  main            d.u.i.k.p.r.p.TestFile    ... finished proof: closed. 
28974      INFO  main            d.u.i.k.p.i.AbstractProblemLoader Loading environment from /home/runner/work/key/key/key.core/../key.ui/examples/heap/simple/attributes.key.proof 
28974      DEBUG main            d.u.i.k.p.i.AbstractProblemLoader Environment load took 118.2ns 
28975      INFO  main            d.u.i.k.p.i.AbstractProblemLoader Creating init config 
31266      DEBUG main            d.u.i.k.p.i.AbstractProblemLoader Init config took 2.29s 
31285      INFO  main            d.u.i.k.p.i.AbstractProblemLoader Replaying proof attributes.key.proof 
31289      DEBUG main            d.u.i.k.p.i.IntermediateProofReplayer Proof replay took 1.35ms 
31290      DEBUG main            d.u.i.k.p.r.p.TestFile    ... success: reloaded. 
31290      INFO  main            d.u.i.k.p.r.p.TestFile    Now processing file /home/runner/work/key/key/key.core/../key.ui/examples/heap/simple/constructor_contracts.key 
31291      INFO  main            d.u.i.k.p.i.AbstractProblemLoader Loading environment from /home/runner/work/key/key/key.core/../key.ui/examples/heap/simple/constructor_contracts.key 
31291      DEBUG main            d.u.i.k.p.i.AbstractProblemLoader Environment load took 196.3ns 
31293      INFO  main            d.u.i.k.p.i.AbstractProblemLoader Creating init config 
34035      DEBUG main            d.u.i.k.p.i.AbstractProblemLoader Init config took 2.74s 
34057      INFO  main            d.u.i.k.p.i.AbstractProblemLoader Replaying proof constructor_contracts.key 
34060      DEBUG main            d.u.i.k.p.i.IntermediateProofReplayer Proof replay took 6.1ns 
34570      INFO  main            d.u.i.k.p.r.p.TestFile    ... finished proof: closed. 
34766      INFO  main            d.u.i.k.p.i.AbstractProblemLoader Loading environment from /home/runner/work/key/key/key.core/../key.ui/examples/heap/simple/constructor_contracts.key.proof 
34768      DEBUG main            d.u.i.k.p.i.AbstractProblemLoader Environment load took 1.52ms 
34769      INFO  main            d.u.i.k.p.i.AbstractProblemLoader Creating init config 
37407      DEBUG main            d.u.i.k.p.i.AbstractProblemLoader Init config took 2.64s 
37427      INFO  main            d.u.i.k.p.i.AbstractProblemLoader Replaying proof constructor_contracts.key.proof 
37533      DEBUG main            d.u.i.k.p.i.IntermediateProofReplayer Proof replay took 97.53ms 
37537      DEBUG main            d.u.i.k.p.r.p.TestFile    ... success: reloaded. 
37539      INFO  main            d.u.i.k.p.r.p.TestFile    Now processing file /home/runner/work/key/key/key.core/../key.ui/examples/heap/simple/dependencies.key 
37540      INFO  main            d.u.i.k.p.i.AbstractProblemLoader Loading environment from /home/runner/work/key/key/key.core/../key.ui/examples/heap/simple/dependencies.key 
37540      DEBUG main            d.u.i.k.p.i.AbstractProblemLoader Environment load took 202.9ns 
37541      INFO  main            d.u.i.k.p.i.AbstractProblemLoader Creating init config 
39985      DEBUG main            d.u.i.k.p.i.AbstractProblemLoader Init config took 2.44s 
40004      INFO  main            d.u.i.k.p.i.AbstractProblemLoader Replaying proof dependencies.key 
40005      DEBUG main            d.u.i.k.p.i.IntermediateProofReplayer Proof replay took 6ns 
40107      INFO  main            d.u.i.k.p.r.p.TestFile    ... finished proof: closed. 
40267      INFO  main            d.u.i.k.p.i.AbstractProblemLoader Loading environment from /home/runner/work/key/key/key.core/../key.ui/examples/heap/simple/dependencies.key.proof 
40267      DEBUG main            d.u.i.k.p.i.AbstractProblemLoader Environment load took 108.7ns 
40269      INFO  main            d.u.i.k.p.i.AbstractProblemLoader Creating init config 
42576      DEBUG main            d.u.i.k.p.i.AbstractProblemLoader Init config took 2.31s 
42594      INFO  main            d.u.i.k.p.i.AbstractProblemLoader Replaying proof dependencies.key.proof 
42601      DEBUG main            d.u.i.k.p.i.IntermediateProofReplayer Proof replay took 4.99ms 
42602      DEBUG main            d.u.i.k.p.r.p.TestFile    ... success: reloaded. 
42603      INFO  main            d.u.i.k.p.r.p.TestFile    Now processing file /home/runner/work/key/key/key.core/../key.ui/examples/heap/simple/dependency_contracts.key 
42603      INFO  main            d.u.i.k.p.i.AbstractProblemLoader Loading environment from /home/runner/work/key/key/key.core/../key.ui/examples/heap/simple/dependency_contracts.key 
42603      DEBUG main            d.u.i.k.p.i.AbstractProblemLoader Environment load took 181.7ns 
42605      INFO  main            d.u.i.k.p.i.AbstractProblemLoader Creating init config 
45214      DEBUG main            d.u.i.k.p.i.AbstractProblemLoader Init config took 2.61s 
45233      INFO  main            d.u.i.k.p.i.AbstractProblemLoader Replaying proof dependency_contracts.key 
45235      DEBUG main            d.u.i.k.p.i.IntermediateProofReplayer Proof replay took 6ns 
46448      INFO  main            d.u.i.k.p.r.p.TestFile    ... finished proof: closed. 
46639      INFO  main            d.u.i.k.p.i.AbstractProblemLoader Loading environment from /home/runner/work/key/key/key.core/../key.ui/examples/heap/simple/dependency_contracts.key.proof 
46639      DEBUG main            d.u.i.k.p.i.AbstractProblemLoader Environment load took 387.3ns 
46641      INFO  main            d.u.i.k.p.i.AbstractProblemLoader Creating init config 
49217      DEBUG main            d.u.i.k.p.i.AbstractProblemLoader Init config took 2.58s 
49236      INFO  main            d.u.i.k.p.i.AbstractProblemLoader Replaying proof dependency_contracts.key.proof 
49414      DEBUG main            d.u.i.k.p.i.IntermediateProofReplayer Proof replay took 168.81ms 
49416      DEBUG main            d.u.i.k.p.r.p.TestFile    ... success: reloaded. 
49418      INFO  main            d.u.i.k.p.r.p.TestFile    Now processing file /home/runner/work/key/key/key.core/../key.ui/examples/heap/simple/invariant_preservation.key 
49418      INFO  main            d.u.i.k.p.i.AbstractProblemLoader Loading environment from /home/runner/work/key/key/key.core/../key.ui/examples/heap/simple/invariant_preservation.key 
49418      DEBUG main            d.u.i.k.p.i.AbstractProblemLoader Environment load took 194.8ns 
49420      INFO  main            d.u.i.k.p.i.AbstractProblemLoader Creating init config 
52001      DEBUG main            d.u.i.k.p.i.AbstractProblemLoader Init config took 2.58s 
52018      INFO  main            d.u.i.k.p.i.AbstractProblemLoader Replaying proof invariant_preservation.key 
52020      DEBUG main            d.u.i.k.p.i.IntermediateProofReplayer Proof replay took 6.2ns 
52225      INFO  main            d.u.i.k.p.r.p.TestFile    ... finished proof: closed. 
52421      INFO  main            d.u.i.k.p.i.AbstractProblemLoader Loading environment from /home/runner/work/key/key/key.core/../key.ui/examples/heap/simple/invariant_preservation.key.proof 
52422      DEBUG main            d.u.i.k.p.i.AbstractProblemLoader Environment load took 105.2ns 
52423      INFO  main            d.u.i.k.p.i.AbstractProblemLoader Creating init config 
55014      DEBUG main            d.u.i.k.p.i.AbstractProblemLoader Init config took 2.59s 
55031      INFO  main            d.u.i.k.p.i.AbstractProblemLoader Replaying proof invariant_preservation.key.proof 
55057      DEBUG main            d.u.i.k.p.i.IntermediateProofReplayer Proof replay took 22.68ms 
55059      DEBUG main            d.u.i.k.p.r.p.TestFile    ... success: reloaded. 
55060      INFO  main            d.u.i.k.p.r.p.TestFile    Now processing file /home/runner/work/key/key/key.core/../key.ui/examples/heap/simple/locsets.key 
55060      INFO  main            d.u.i.k.p.i.AbstractProblemLoader Loading environment from /home/runner/work/key/key/key.core/../key.ui/examples/heap/simple/locsets.key 
55060      DEBUG main            d.u.i.k.p.i.AbstractProblemLoader Environment load took 180.9ns 
55061      INFO  main            d.u.i.k.p.i.AbstractProblemLoader Creating init config 
57368      DEBUG main            d.u.i.k.p.i.AbstractProblemLoader Init config took 2.31s 
57383      INFO  main            d.u.i.k.p.i.AbstractProblemLoader Replaying proof locsets.key 
57384      DEBUG main            d.u.i.k.p.i.IntermediateProofReplayer Proof replay took 5.8ns 
57486      INFO  main            d.u.i.k.p.r.p.TestFile    ... finished proof: closed. 
57653      INFO  main            d.u.i.k.p.i.AbstractProblemLoader Loading environment from /home/runner/work/key/key/key.core/../key.ui/examples/heap/simple/locsets.key.proof 
57653      DEBUG main            d.u.i.k.p.i.AbstractProblemLoader Environment load took 106ns 
57654      INFO  main            d.u.i.k.p.i.AbstractProblemLoader Creating init config 
59966      DEBUG main            d.u.i.k.p.i.AbstractProblemLoader Init config took 2.31s 
59985      INFO  main            d.u.i.k.p.i.AbstractProblemLoader Replaying proof locsets.key.proof 
59989      DEBUG main            d.u.i.k.p.i.IntermediateProofReplayer Proof replay took 1.09ms 
59989      DEBUG main            d.u.i.k.p.r.p.TestFile    ... success: reloaded. 
59990      INFO  main            d.u.i.k.p.r.p.TestFile    Now processing file /home/runner/work/key/key/key.core/../key.ui/examples/heap/simple/loop1.key 
59990      INFO  main            d.u.i.k.p.i.AbstractProblemLoader Loading environment from /home/runner/work/key/key/key.core/../key.ui/examples/heap/simple/loop1.key 
59990      DEBUG main            d.u.i.k.p.i.AbstractProblemLoader Environment load took 70.8ns 
59992      INFO  main            d.u.i.k.p.i.AbstractProblemLoader Creating init config 
62535      DEBUG main            d.u.i.k.p.i.AbstractProblemLoader Init config took 2.54s 
62550      INFO  main            d.u.i.k.p.i.AbstractProblemLoader Replaying proof loop1.key 
62551      DEBUG main            d.u.i.k.p.i.IntermediateProofReplayer Proof replay took 5.8ns 
62754      INFO  main            d.u.i.k.p.r.p.TestFile    ... finished proof: closed. 
62926      INFO  main            d.u.i.k.p.i.AbstractProblemLoader Loading environment from /home/runner/work/key/key/key.core/../key.ui/examples/heap/simple/loop1.key.proof 
62926      DEBUG main            d.u.i.k.p.i.AbstractProblemLoader Environment load took 104.9ns 
62927      INFO  main            d.u.i.k.p.i.AbstractProblemLoader Creating init config 
65440      DEBUG main            d.u.i.k.p.i.AbstractProblemLoader Init config took 2.51s 
65456      INFO  main            d.u.i.k.p.i.AbstractProblemLoader Replaying proof loop1.key.proof 
65507      DEBUG main            d.u.i.k.p.i.IntermediateProofReplayer Proof replay took 49.21ms 
65509      DEBUG main            d.u.i.k.p.r.p.TestFile    ... success: reloaded. 
65509      INFO  main            d.u.i.k.p.r.p.TestFile    Now processing file /home/runner/work/key/key/key.core/../key.ui/examples/heap/simple/loop2.key 
65510      INFO  main            d.u.i.k.p.i.AbstractProblemLoader Loading environment from /home/runner/work/key/key/key.core/../key.ui/examples/heap/simple/loop2.key 
65510      DEBUG main            d.u.i.k.p.i.AbstractProblemLoader Environment load took 93.5ns 
65511      INFO  main            d.u.i.k.p.i.AbstractProblemLoader Creating init config 
68102      DEBUG main            d.u.i.k.p.i.AbstractProblemLoader Init config took 2.59s 
68117      INFO  main            d.u.i.k.p.i.AbstractProblemLoader Replaying proof loop2.key 
68119      DEBUG main            d.u.i.k.p.i.IntermediateProofReplayer Proof replay took 5.9ns 
68726      INFO  main            d.u.i.k.p.r.p.TestFile    ... finished proof: closed. 
68934      INFO  main            d.u.i.k.p.i.AbstractProblemLoader Loading environment from /home/runner/work/key/key/key.core/../key.ui/examples/heap/simple/loop2.key.proof 
68934      DEBUG main            d.u.i.k.p.i.AbstractProblemLoader Environment load took 547.3ns 
68936      INFO  main            d.u.i.k.p.i.AbstractProblemLoader Creating init config 
71469      DEBUG main            d.u.i.k.p.i.AbstractProblemLoader Init config took 2.53s 
71486      INFO  main            d.u.i.k.p.i.AbstractProblemLoader Replaying proof loop2.key.proof 
71577      DEBUG main            d.u.i.k.p.i.IntermediateProofReplayer Proof replay took 86.11ms 
71578      DEBUG main            d.u.i.k.p.r.p.TestFile    ... success: reloaded. 
71579      INFO  main            d.u.i.k.p.r.p.TestFile    Now processing file /home/runner/work/key/key/key.core/../key.ui/examples/heap/simple/modifies_datagroup.key 
71580      INFO  main            d.u.i.k.p.i.AbstractProblemLoader Loading environment from /home/runner/work/key/key/key.core/../key.ui/examples/heap/simple/modifies_datagroup.key 
71580      DEBUG main            d.u.i.k.p.i.AbstractProblemLoader Environment load took 187.9ns 
71581      INFO  main            d.u.i.k.p.i.AbstractProblemLoader Creating init config 
73882      DEBUG main            d.u.i.k.p.i.AbstractProblemLoader Init config took 2.3s 
73904      INFO  main            d.u.i.k.p.i.AbstractProblemLoader Replaying proof modifies_datagroup.key 
73906      DEBUG main            d.u.i.k.p.i.IntermediateProofReplayer Proof replay took 5.5ns 
74008      INFO  main            d.u.i.k.p.r.p.TestFile    ... finished proof: closed. 
74205      INFO  main            d.u.i.k.p.i.AbstractProblemLoader Loading environment from /home/runner/work/key/key/key.core/../key.ui/examples/heap/simple/modifies_datagroup.key.proof 
74206      DEBUG main            d.u.i.k.p.i.AbstractProblemLoader Environment load took 100.7ns 
74207      INFO  main            d.u.i.k.p.i.AbstractProblemLoader Creating init config 
76491      DEBUG main            d.u.i.k.p.i.AbstractProblemLoader Init config took 2.28s 
76505      INFO  main            d.u.i.k.p.i.AbstractProblemLoader Replaying proof modifies_datagroup.key.proof 
76510      DEBUG main            d.u.i.k.p.i.IntermediateProofReplayer Proof replay took 2.39ms 
76510      DEBUG main            d.u.i.k.p.r.p.TestFile    ... success: reloaded. 
76511      INFO  main            d.u.i.k.p.r.p.TestFile    Now processing file /home/runner/work/key/key/key.core/../key.ui/examples/heap/simple/modifies.key 
76511      INFO  main            d.u.i.k.p.i.AbstractProblemLoader Loading environment from /home/runner/work/key/key/key.core/../key.ui/examples/heap/simple/modifies.key 
76511      DEBUG main            d.u.i.k.p.i.AbstractProblemLoader Environment load took 79.8ns 
76513      INFO  main            d.u.i.k.p.i.AbstractProblemLoader Creating init config 
78806      DEBUG main            d.u.i.k.p.i.AbstractProblemLoader Init config took 2.29s 
78820      INFO  main            d.u.i.k.p.i.AbstractProblemLoader Replaying proof modifies.key 
78821      DEBUG main            d.u.i.k.p.i.IntermediateProofReplayer Proof replay took 5.4ns 
78925      INFO  main            d.u.i.k.p.r.p.TestFile    ... finished proof: closed. 
79116      INFO  main            d.u.i.k.p.i.AbstractProblemLoader Loading environment from /home/runner/work/key/key/key.core/../key.ui/examples/heap/simple/modifies.key.proof 
79116      DEBUG main            d.u.i.k.p.i.AbstractProblemLoader Environment load took 104.8ns 
79118      INFO  main            d.u.i.k.p.i.AbstractProblemLoader Creating init config 
81388      DEBUG main            d.u.i.k.p.i.AbstractProblemLoader Init config took 2.27s 
81403      INFO  main            d.u.i.k.p.i.AbstractProblemLoader Replaying proof modifies.key.proof 
81414      DEBUG main            d.u.i.k.p.i.IntermediateProofReplayer Proof replay took 9.3ms 
81415      DEBUG main            d.u.i.k.p.r.p.TestFile    ... success: reloaded. 
81416      INFO  main            d.u.i.k.p.r.p.TestFile    Now processing file /home/runner/work/key/key/key.core/../key.ui/examples/heap/simple/object_creation.key 
81416      INFO  main            d.u.i.k.p.i.AbstractProblemLoader Loading environment from /home/runner/work/key/key/key.core/../key.ui/examples/heap/simple/object_creation.key 
81416      DEBUG main            d.u.i.k.p.i.AbstractProblemLoader Environment load took 180.3ns 
81418      INFO  main            d.u.i.k.p.i.AbstractProblemLoader Creating init config 
83741      DEBUG main            d.u.i.k.p.i.AbstractProblemLoader Init config took 2.32s 
83755      INFO  main            d.u.i.k.p.i.AbstractProblemLoader Replaying proof object_creation.key 
83757      DEBUG main            d.u.i.k.p.i.IntermediateProofReplayer Proof replay took 6ns 
83959      INFO  main            d.u.i.k.p.r.p.TestFile    ... finished proof: closed. 
84161      INFO  main            d.u.i.k.p.i.AbstractProblemLoader Loading environment from /home/runner/work/key/key/key.core/../key.ui/examples/heap/simple/object_creation.key.proof 
84161      DEBUG main            d.u.i.k.p.i.AbstractProblemLoader Environment load took 104.7ns 
84162      INFO  main            d.u.i.k.p.i.AbstractProblemLoader Creating init config 
86430      DEBUG main            d.u.i.k.p.i.AbstractProblemLoader Init config took 2.27s 
86444      INFO  main            d.u.i.k.p.i.AbstractProblemLoader Replaying proof object_creation.key.proof 
86485      DEBUG main            d.u.i.k.p.i.IntermediateProofReplayer Proof replay took 37.75ms 
86486      DEBUG main            d.u.i.k.p.r.p.TestFile    ... success: reloaded. 
86486      INFO  main            d.u.i.k.p.r.p.TestFile    Now processing file /home/runner/work/key/key/key.core/../key.ui/examples/heap/simple/operation_contracts.key 
86487      INFO  main            d.u.i.k.p.i.AbstractProblemLoader Loading environment from /home/runner/work/key/key/key.core/../key.ui/examples/heap/simple/operation_contracts.key 
86487      DEBUG main            d.u.i.k.p.i.AbstractProblemLoader Environment load took 90ns 
86488      INFO  main            d.u.i.k.p.i.AbstractProblemLoader Creating init config 
89052      DEBUG main            d.u.i.k.p.i.AbstractProblemLoader Init config took 2.56s 
89067      INFO  main            d.u.i.k.p.i.AbstractProblemLoader Replaying proof operation_contracts.key 
89069      DEBUG main            d.u.i.k.p.i.IntermediateProofReplayer Proof replay took 5.9ns 
89879      INFO  main            d.u.i.k.p.r.p.TestFile    ... finished proof: closed. 
90094      INFO  main            d.u.i.k.p.i.AbstractProblemLoader Loading environment from /home/runner/work/key/key/key.core/../key.ui/examples/heap/simple/operation_contracts.key.proof 
90095      DEBUG main            d.u.i.k.p.i.AbstractProblemLoader Environment load took 391.7ns 
90097      INFO  main            d.u.i.k.p.i.AbstractProblemLoader Creating init config 
92611      DEBUG main            d.u.i.k.p.i.AbstractProblemLoader Init config took 2.51s 
92626      INFO  main            d.u.i.k.p.i.AbstractProblemLoader Replaying proof operation_contracts.key.proof 
92724      DEBUG main            d.u.i.k.p.i.IntermediateProofReplayer Proof replay took 88.88ms 
92725      DEBUG main            d.u.i.k.p.r.p.TestFile    ... success: reloaded. 
92727      INFO  main            d.u.i.k.p.r.p.TestFile    Now processing file /home/runner/work/key/key/key.core/../key.ui/examples/heap/simple/select_store.key 
92727      INFO  main            d.u.i.k.p.i.AbstractProblemLoader Loading environment from /home/runner/work/key/key/key.core/../key.ui/examples/heap/simple/select_store.key 
92727      DEBUG main            d.u.i.k.p.i.AbstractProblemLoader Environment load took 187.7ns 
92728      INFO  main            d.u.i.k.p.i.AbstractProblemLoader Creating init config 
95023      DEBUG main            d.u.i.k.p.i.AbstractProblemLoader Init config took 2.29s 
95037      INFO  main            d.u.i.k.p.i.AbstractProblemLoader Replaying proof select_store.key 
95038      DEBUG main            d.u.i.k.p.i.IntermediateProofReplayer Proof replay took 6.2ns 
95140      INFO  main            d.u.i.k.p.r.p.TestFile    ... finished proof: closed. 
95361      INFO  main            d.u.i.k.p.i.AbstractProblemLoader Loading environment from /home/runner/work/key/key/key.core/../key.ui/examples/heap/simple/select_store.key.proof 
95361      DEBUG main            d.u.i.k.p.i.AbstractProblemLoader Environment load took 147.5ns 
95362      INFO  main            d.u.i.k.p.i.AbstractProblemLoader Creating init config 
97610      DEBUG main            d.u.i.k.p.i.AbstractProblemLoader Init config took 2.25s 
97623      INFO  main            d.u.i.k.p.i.AbstractProblemLoader Replaying proof select_store.key.proof 
97627      DEBUG main            d.u.i.k.p.i.IntermediateProofReplayer Proof replay took 1.8ms 
97628      DEBUG main            d.u.i.k.p.r.p.TestFile    ... success: reloaded. 
97628      INFO  main            d.u.i.k.p.r.p.TestFile    Now processing file /home/runner/work/key/key/key.core/../key.ui/examples/heap/simple/selection_sort.key 
97629      INFO  main            d.u.i.k.p.i.AbstractProblemLoader Loading environment from /home/runner/work/key/key/key.core/../key.ui/examples/heap/simple/selection_sort.key 
97629      DEBUG main            d.u.i.k.p.i.AbstractProblemLoader Environment load took 112.7ns 
97630      INFO  main            d.u.i.k.p.i.AbstractProblemLoader Creating init config 
100173     DEBUG main            d.u.i.k.p.i.AbstractProblemLoader Init config took 2.54s 
100187     INFO  main            d.u.i.k.p.i.AbstractProblemLoader Replaying proof selection_sort.key 
100189     DEBUG main            d.u.i.k.p.i.IntermediateProofReplayer Proof replay took 6.4ns 
103599     INFO  main            d.u.i.k.p.r.p.TestFile    ... finished proof: closed. 
103857     INFO  main            d.u.i.k.p.i.AbstractProblemLoader Loading environment from /home/runner/work/key/key/key.core/../key.ui/examples/heap/simple/selection_sort.key.proof 
103857     DEBUG main            d.u.i.k.p.i.AbstractProblemLoader Environment load took 367.3ns 
103859     INFO  main            d.u.i.k.p.i.AbstractProblemLoader Creating init config 
106384     DEBUG main            d.u.i.k.p.i.AbstractProblemLoader Init config took 2.53s 
106398     INFO  main            d.u.i.k.p.i.AbstractProblemLoader Replaying proof selection_sort.key.proof 
106791     DEBUG main            d.u.i.k.p.i.IntermediateProofReplayer Proof replay took 369.65ms 
106792     DEBUG main            d.u.i.k.p.r.p.TestFile    ... success: reloaded. 
106794     INFO  main            d.u.i.k.p.r.p.TestFile    Now processing file /home/runner/work/key/key/key.core/../key.ui/examples/heap/simple/seq.key 
106794     INFO  main            d.u.i.k.p.i.AbstractProblemLoader Loading environment from /home/runner/work/key/key/key.core/../key.ui/examples/heap/simple/seq.key 
106794     DEBUG main            d.u.i.k.p.i.AbstractProblemLoader Environment load took 185.2ns 
106795     INFO  main            d.u.i.k.p.i.AbstractProblemLoader Creating init config 
109135     DEBUG main            d.u.i.k.p.i.AbstractProblemLoader Init config took 2.34s 
109149     INFO  main            d.u.i.k.p.i.AbstractProblemLoader Replaying proof seq.key 
109151     DEBUG main            d.u.i.k.p.i.IntermediateProofReplayer Proof replay took 7.9ns 
109558     INFO  main            d.u.i.k.p.r.p.TestFile    ... finished proof: closed. 
109876     INFO  main            d.u.i.k.p.i.AbstractProblemLoader Loading environment from /home/runner/work/key/key/key.core/../key.ui/examples/heap/simple/seq.key.proof 
109876     DEBUG main            d.u.i.k.p.i.AbstractProblemLoader Environment load took 101.3ns 
109878     INFO  main            d.u.i.k.p.i.AbstractProblemLoader Creating init config 
112127     DEBUG main            d.u.i.k.p.i.AbstractProblemLoader Init config took 2.25s 
112140     INFO  main            d.u.i.k.p.i.AbstractProblemLoader Replaying proof seq.key.proof 
112172     DEBUG main            d.u.i.k.p.i.IntermediateProofReplayer Proof replay took 26.79ms 
112173     DEBUG main            d.u.i.k.p.r.p.TestFile    ... success: reloaded. 
112173     INFO  main            d.u.i.k.p.r.p.TestFile    Now processing file /home/runner/work/key/key/key.core/../key.ui/examples/heap/simple/oldForParams.key 
112174     INFO  main            d.u.i.k.p.i.AbstractProblemLoader Loading environment from /home/runner/work/key/key/key.core/../key.ui/examples/heap/simple/oldForParams.key 
112174     DEBUG main            d.u.i.k.p.i.AbstractProblemLoader Environment load took 81.8ns 
112174     INFO  main            d.u.i.k.p.i.AbstractProblemLoader Creating init config 
114686     DEBUG main            d.u.i.k.p.i.AbstractProblemLoader Init config took 2.51s 
114766     INFO  main            d.u.i.k.p.i.AbstractProblemLoader Replaying proof OldForParameters[OldForParameters::method(int)].JML operation contract.0 
114768     DEBUG main            d.u.i.k.p.i.IntermediateProofReplayer Proof replay took 6.1ns 
114971     INFO  main            d.u.i.k.p.r.p.TestFile    ... finished proof: closed. 
115242     INFO  main            d.u.i.k.p.i.AbstractProblemLoader Loading environment from /home/runner/work/key/key/key.core/../key.ui/examples/heap/simple/oldForParams.key.proof 
115242     DEBUG main            d.u.i.k.p.i.AbstractProblemLoader Environment load took 98.6ns 
115243     INFO  main            d.u.i.k.p.i.AbstractProblemLoader Creating init config 
117708     DEBUG main            d.u.i.k.p.i.AbstractProblemLoader Init config took 2.47s 
117747     INFO  main            d.u.i.k.p.i.AbstractProblemLoader Replaying proof OldForParameters[OldForParameters::method(int)].JML operation contract.0 
117784     DEBUG main            d.u.i.k.p.i.IntermediateProofReplayer Proof replay took 34.67ms 
117785     DEBUG main            d.u.i.k.p.r.p.TestFile    ... success: reloaded. 
117786     INFO  main            d.u.i.k.p.r.p.TestFile    Now processing file /home/runner/work/key/key/key.core/../key.ui/examples/heap/simple/parse_lmtd.key 
117786     INFO  main            d.u.i.k.p.i.AbstractProblemLoader Loading environment from /home/runner/work/key/key/key.core/../key.ui/examples/heap/simple/parse_lmtd.key 
117787     DEBUG main            d.u.i.k.p.i.AbstractProblemLoader Environment load took 85.6ns 
117787     INFO  main            d.u.i.k.p.i.AbstractProblemLoader Creating init config 
120305     DEBUG main            d.u.i.k.p.i.AbstractProblemLoader Init config took 2.52s 
120344     INFO  main            d.u.i.k.p.i.AbstractProblemLoader Replaying proof ParseLmtd[ParseLmtd::simple(int)].JML normal_behavior operation contract.0 
120349     DEBUG main            d.u.i.k.p.i.IntermediateProofReplayer Proof replay took 6.1ns 
120453     INFO  main            d.u.i.k.p.r.p.TestFile    ... finished proof: closed. 
120692     INFO  main            d.u.i.k.p.i.AbstractProblemLoader Loading environment from /home/runner/work/key/key/key.core/../key.ui/examples/heap/simple/parse_lmtd.key.proof 
120692     DEBUG main            d.u.i.k.p.i.AbstractProblemLoader Environment load took 96.4ns 
120693     INFO  main            d.u.i.k.p.i.AbstractProblemLoader Creating init config 
123161     DEBUG main            d.u.i.k.p.i.AbstractProblemLoader Init config took 2.47s 
123198     INFO  main            d.u.i.k.p.i.AbstractProblemLoader Replaying proof ParseLmtd[ParseLmtd::simple(int)].JML normal_behavior operation contract.0 
123216     DEBUG main            d.u.i.k.p.i.IntermediateProofReplayer Proof replay took 16.14ms 
123217     DEBUG main            d.u.i.k.p.r.p.TestFile    ... success: reloaded. 
123217     INFO  main            d.u.i.k.p.r.p.TestFile    Now processing file /home/runner/work/key/key/key.core/../key.ui/examples/heap/strictly_pure/strictlyPureMethod.key 
123218     INFO  main            d.u.i.k.p.i.AbstractProblemLoader Loading environment from /home/runner/work/key/key/key.core/../key.ui/examples/heap/strictly_pure/strictlyPureMethod.key 
123218     DEBUG main            d.u.i.k.p.i.AbstractProblemLoader Environment load took 81.1ns 
123218     INFO  main            d.u.i.k.p.i.AbstractProblemLoader Creating init config 
125620     DEBUG main            d.u.i.k.p.i.AbstractProblemLoader Init config took 2.4s 
125655     INFO  main            d.u.i.k.p.i.AbstractProblemLoader Replaying proof StrictlyPure[StrictlyPure::strictlyPureMethod()].JML operation contract.0 
125656     DEBUG main            d.u.i.k.p.i.IntermediateProofReplayer Proof replay took 5.5ns 
125862     INFO  main            d.u.i.k.p.r.p.TestFile    ... finished proof: closed. 
126146     INFO  main            d.u.i.k.p.i.AbstractProblemLoader Loading environment from /home/runner/work/key/key/key.core/../key.ui/examples/heap/strictly_pure/strictlyPureMethod.key.proof 
126146     DEBUG main            d.u.i.k.p.i.AbstractProblemLoader Environment load took 96.9ns 
126147     INFO  main            d.u.i.k.p.i.AbstractProblemLoader Creating init config 
128466     DEBUG main            d.u.i.k.p.i.AbstractProblemLoader Init config took 2.32s 
128500     INFO  main            d.u.i.k.p.i.AbstractProblemLoader Replaying proof StrictlyPure[StrictlyPure::strictlyPureMethod()].JML operation contract.0 
128540     DEBUG main            d.u.i.k.p.i.IntermediateProofReplayer Proof replay took 37.72ms 
128541     DEBUG main            d.u.i.k.p.r.p.TestFile    ... success: reloaded. 
128541     INFO  main            d.u.i.k.p.r.p.TestFile    Now processing file /home/runner/work/key/key/key.core/../key.ui/examples/heap/strictly_pure/useStrictlyPureMethod.key 
128542     INFO  main            d.u.i.k.p.i.AbstractProblemLoader Loading environment from /home/runner/work/key/key/key.core/../key.ui/examples/heap/strictly_pure/useStrictlyPureMethod.key 
128542     DEBUG main            d.u.i.k.p.i.AbstractProblemLoader Environment load took 101.7ns 
128542     INFO  main            d.u.i.k.p.i.AbstractProblemLoader Creating init config 
130910     DEBUG main            d.u.i.k.p.i.AbstractProblemLoader Init config took 2.37s 
130943     INFO  main            d.u.i.k.p.i.AbstractProblemLoader Replaying proof StrictlyPure[StrictlyPure::useStrictlyPureMethod(StrictlyPureClass)].JML operation contract.0 
130944     DEBUG main            d.u.i.k.p.i.IntermediateProofReplayer Proof replay took 6ns 
131149     INFO  main            d.u.i.k.p.r.p.TestFile    ... finished proof: closed. 
131429     INFO  main            d.u.i.k.p.i.AbstractProblemLoader Loading environment from /home/runner/work/key/key/key.core/../key.ui/examples/heap/strictly_pure/useStrictlyPureMethod.key.proof 
131429     DEBUG main            d.u.i.k.p.i.AbstractProblemLoader Environment load took 98.7ns 
131430     INFO  main            d.u.i.k.p.i.AbstractProblemLoader Creating init config 
133741     DEBUG main            d.u.i.k.p.i.AbstractProblemLoader Init config took 2.31s 
133774     INFO  main            d.u.i.k.p.i.AbstractProblemLoader Replaying proof StrictlyPure[StrictlyPure::useStrictlyPureMethod(StrictlyPureClass)].JML operation contract.0 
133822     DEBUG main            d.u.i.k.p.i.IntermediateProofReplayer Proof replay took 45.48ms 
133823     DEBUG main            d.u.i.k.p.r.p.TestFile    ... success: reloaded. 
133825     INFO  main            d.u.i.k.p.r.p.TestFile    Now processing file /home/runner/work/key/key/key.core/../key.ui/examples/heap/Wellfounded/ackermann.key 
133825     INFO  main            d.u.i.k.p.i.AbstractProblemLoader Loading environment from /home/runner/work/key/key/key.core/../key.ui/examples/heap/Wellfounded/ackermann.key 
133825     DEBUG main            d.u.i.k.p.i.AbstractProblemLoader Environment load took 203.5ns 
133826     INFO  main            d.u.i.k.p.i.AbstractProblemLoader Creating init config 
136248     DEBUG main            d.u.i.k.p.i.AbstractProblemLoader Init config took 2.42s 
136298     INFO  main            d.u.i.k.p.i.AbstractProblemLoader Replaying proof Ackermann[Ackermann::a(int,int)].JML normal_behavior operation contract.0 
136300     DEBUG main            d.u.i.k.p.i.IntermediateProofReplayer Proof replay took 6.1ns 
136603     INFO  main            d.u.i.k.p.r.p.TestFile    ... finished proof: closed. 
136874     INFO  main            d.u.i.k.p.i.AbstractProblemLoader Loading environment from /home/runner/work/key/key/key.core/../key.ui/examples/heap/Wellfounded/ackermann.key.proof 
136874     DEBUG main            d.u.i.k.p.i.AbstractProblemLoader Environment load took 96.1ns 
136875     INFO  main            d.u.i.k.p.i.AbstractProblemLoader Creating init config 
139229     DEBUG main            d.u.i.k.p.i.AbstractProblemLoader Init config took 2.35s 
139261     INFO  main            d.u.i.k.p.i.AbstractProblemLoader Replaying proof Ackermann[Ackermann::a(int,int)].JML normal_behavior operation contract.0 
139308     DEBUG main            d.u.i.k.p.i.IntermediateProofReplayer Proof replay took 43.55ms 
139309     DEBUG main            d.u.i.k.p.r.p.TestFile    ... success: reloaded. 
139309     INFO  main            d.u.i.k.p.r.p.TestFile    Now processing file /home/runner/work/key/key/key.core/../key.ui/examples/standard_key/unicode_test.key 
139310     INFO  main            d.u.i.k.p.i.AbstractProblemLoader Loading environment from /home/runner/work/key/key/key.core/../key.ui/examples/standard_key/unicode_test.key 
139310     DEBUG main            d.u.i.k.p.i.AbstractProblemLoader Environment load took 54.5ns 
139311     INFO  main            d.u.i.k.p.i.AbstractProblemLoader Creating init config 
141625     DEBUG main            d.u.i.k.p.i.AbstractProblemLoader Init config took 2.31s 
141637     INFO  main            d.u.i.k.p.i.AbstractProblemLoader Replaying proof unicode_test.key 
141640     DEBUG main            d.u.i.k.p.i.IntermediateProofReplayer Proof replay took 5.5ns 
141741     INFO  main            d.u.i.k.p.r.p.TestFile    ... finished proof: closed. 
141986     INFO  main            d.u.i.k.p.i.AbstractProblemLoader Loading environment from /home/runner/work/key/key/key.core/../key.ui/examples/standard_key/unicode_test.key.proof 
141987     DEBUG main            d.u.i.k.p.i.AbstractProblemLoader Environment load took 97ns 
141987     INFO  main            d.u.i.k.p.i.AbstractProblemLoader Creating init config 
144215     DEBUG main            d.u.i.k.p.i.AbstractProblemLoader Init config took 2.23s 
144227     INFO  main            d.u.i.k.p.i.AbstractProblemLoader Replaying proof unicode_test.key.proof 
144228     DEBUG main            d.u.i.k.p.i.IntermediateProofReplayer Proof replay took 293.9ns 
144229     DEBUG main            d.u.i.k.p.r.p.TestFile    ... success: reloaded. 
144230     INFO  main            d.u.i.k.p.r.p.TestFile    Now processing file /home/runner/work/key/key/key.core/../key.ui/examples/heap/strictlyModular/mayExpand.key 
144230     INFO  main            d.u.i.k.p.i.AbstractProblemLoader Loading environment from /home/runner/work/key/key/key.core/../key.ui/examples/heap/strictlyModular/mayExpand.key 
144230     DEBUG main            d.u.i.k.p.i.AbstractProblemLoader Environment load took 207.3ns 
144231     INFO  main            d.u.i.k.p.i.AbstractProblemLoader Creating init config 
146576     DEBUG main            d.u.i.k.p.i.AbstractProblemLoader Init config took 2.35s 
146609     INFO  main            d.u.i.k.p.i.AbstractProblemLoader Replaying proof Modular[Modular::m()].JML operation contract.0 
146610     DEBUG main            d.u.i.k.p.i.IntermediateProofReplayer Proof replay took 5.9ns 
146712     INFO  main            d.u.i.k.p.r.p.TestFile    ... finished proof: closed. 
146961     INFO  main            d.u.i.k.p.i.AbstractProblemLoader Loading environment from /home/runner/work/key/key/key.core/../key.ui/examples/heap/strictlyModular/mayExpand.key.proof 
146961     DEBUG main            d.u.i.k.p.i.AbstractProblemLoader Environment load took 102.1ns 
146962     INFO  main            d.u.i.k.p.i.AbstractProblemLoader Creating init config 
149264     DEBUG main            d.u.i.k.p.i.AbstractProblemLoader Init config took 2.3s 
149296     INFO  main            d.u.i.k.p.i.AbstractProblemLoader Replaying proof Modular[Modular::m()].JML operation contract.0 
149309     DEBUG main            d.u.i.k.p.i.IntermediateProofReplayer Proof replay took 10.67ms 
149309     DEBUG main            d.u.i.k.p.r.p.TestFile    ... success: reloaded. 
149310     INFO  main            d.u.i.k.p.r.p.TestFile    Now processing file /home/runner/work/key/key/key.core/../key.ui/examples/heap/strictlyModular/modularOnly.key 
149310     INFO  main            d.u.i.k.p.i.AbstractProblemLoader Loading environment from /home/runner/work/key/key/key.core/../key.ui/examples/heap/strictlyModular/modularOnly.key 
149311     DEBUG main            d.u.i.k.p.i.AbstractProblemLoader Environment load took 137.5ns 
149311     INFO  main            d.u.i.k.p.i.AbstractProblemLoader Creating init config 
151652     DEBUG main            d.u.i.k.p.i.AbstractProblemLoader Init config took 2.34s 
151685     INFO  main            d.u.i.k.p.i.AbstractProblemLoader Replaying proof Modular[Modular::m()].JML operation contract.0 
151686     DEBUG main            d.u.i.k.p.i.IntermediateProofReplayer Proof replay took 5.9ns 
151789     INFO  main            d.u.i.k.p.r.p.TestFile    ... finished proof: open goal(s) 
1757018    INFO  Test worker     d.u.i.k.p.r.p.StatisticsFile Returning from test simpleTests 
1757021    INFO  Test worker     d.u.i.k.p.r.p.StatisticsFile Running test SmansEtAl 
348        INFO  Timeout watchdog d.u.i.k.p.r.p.ForkedTestFileRunner Timeout watcher launched (2000 secs.) 
361        WARN  main            d.u.i.k.s.ProofSettings   The settings in /home/runner/.key/proof-settings.props are *not* read. 
392        INFO  main            d.u.i.k.p.r.p.TestFile    Now processing file /home/runner/work/key/key/key.core/../key.ui/examples/heap/SmansEtAl/ArrayList_add.key 
523        INFO  main            d.u.i.k.p.i.AbstractProblemLoader Loading environment from /home/runner/work/key/key/key.core/../key.ui/examples/heap/SmansEtAl/ArrayList_add.key 
543        DEBUG main            d.u.i.k.p.i.AbstractProblemLoader Environment load took 2.05ms 
755        INFO  main            d.u.i.k.p.i.AbstractProblemLoader Creating init config 
1723       DEBUG main            d.u.i.k.j.TypeConverter   No LDT found for Meta 
1726       DEBUG main            d.u.i.k.j.TypeConverter   No LDT found for Meta 
1729       DEBUG main            d.u.i.k.j.TypeConverter   No LDT found for Meta 
1729       DEBUG main            d.u.i.k.j.TypeConverter   No LDT found for Meta 
3130       DEBUG main            d.u.i.k.j.TypeConverter   No LDT found for JavaBigintExpression 
8147       DEBUG main            d.u.i.k.p.i.AbstractProblemLoader Init config took 7.39s 
8280       INFO  main            d.u.i.k.p.i.AbstractProblemLoader Replaying proof ArrayList[ArrayList::add(java.lang.Object)].JML normal_behavior operation contract.0 
8310       DEBUG main            d.u.i.k.p.i.IntermediateProofReplayer Proof replay took 30.2ns 
15493      INFO  main            d.u.i.k.p.r.p.TestFile    ... finished proof: closed. 
15660      INFO  main            d.u.i.k.p.i.AbstractProblemLoader Loading environment from /home/runner/work/key/key/key.core/../key.ui/examples/heap/SmansEtAl/ArrayList_add.key.proof 
15660      DEBUG main            d.u.i.k.p.i.AbstractProblemLoader Environment load took 435.6ns 
15663      INFO  main            d.u.i.k.p.i.AbstractProblemLoader Creating init config 
18572      DEBUG main            d.u.i.k.p.i.AbstractProblemLoader Init config took 2.91s 
18631      INFO  main            d.u.i.k.p.i.AbstractProblemLoader Replaying proof ArrayList[ArrayList::add(java.lang.Object)].JML normal_behavior operation contract.0 
19301      DEBUG main            d.u.i.k.p.i.IntermediateProofReplayer Proof replay took 637.12ms 
19314      DEBUG main            d.u.i.k.p.r.p.TestFile    ... success: reloaded. 
19316      INFO  main            d.u.i.k.p.r.p.TestFile    Now processing file /home/runner/work/key/key/key.core/../key.ui/examples/heap/SmansEtAl/ArrayList_ArrayList.key 
19317      INFO  main            d.u.i.k.p.i.AbstractProblemLoader Loading environment from /home/runner/work/key/key/key.core/../key.ui/examples/heap/SmansEtAl/ArrayList_ArrayList.key 
19317      DEBUG main            d.u.i.k.p.i.AbstractProblemLoader Environment load took 224.8ns 
19318      INFO  main            d.u.i.k.p.i.AbstractProblemLoader Creating init config 
22022      DEBUG main            d.u.i.k.p.i.AbstractProblemLoader Init config took 2.7s 
22076      INFO  main            d.u.i.k.p.i.AbstractProblemLoader Replaying proof ArrayList[ArrayList::ArrayList()].JML normal_behavior operation contract.0 
22087      DEBUG main            d.u.i.k.p.i.IntermediateProofReplayer Proof replay took 9.3ns 
22891      INFO  main            d.u.i.k.p.r.p.TestFile    ... finished proof: closed. 
23044      INFO  main            d.u.i.k.p.i.AbstractProblemLoader Loading environment from /home/runner/work/key/key/key.core/../key.ui/examples/heap/SmansEtAl/ArrayList_ArrayList.key.proof 
23044      DEBUG main            d.u.i.k.p.i.AbstractProblemLoader Environment load took 521.2ns 
23046      INFO  main            d.u.i.k.p.i.AbstractProblemLoader Creating init config 
25705      DEBUG main            d.u.i.k.p.i.AbstractProblemLoader Init config took 2.66s 
25771      INFO  main            d.u.i.k.p.i.AbstractProblemLoader Replaying proof ArrayList[ArrayList::ArrayList()].JML normal_behavior operation contract.0 
25909      DEBUG main            d.u.i.k.p.i.IntermediateProofReplayer Proof replay took 122.08ms 
25911      DEBUG main            d.u.i.k.p.r.p.TestFile    ... success: reloaded. 
25913      INFO  main            d.u.i.k.p.r.p.TestFile    Now processing file /home/runner/work/key/key/key.core/../key.ui/examples/heap/SmansEtAl/ArrayList_footprint.key 
25914      INFO  main            d.u.i.k.p.i.AbstractProblemLoader Loading environment from /home/runner/work/key/key/key.core/../key.ui/examples/heap/SmansEtAl/ArrayList_footprint.key 
25914      DEBUG main            d.u.i.k.p.i.AbstractProblemLoader Environment load took 240.7ns 
25916      INFO  main            d.u.i.k.p.i.AbstractProblemLoader Creating init config 
28588      DEBUG main            d.u.i.k.p.i.AbstractProblemLoader Init config took 2.67s 
28658      INFO  main            d.u.i.k.p.i.AbstractProblemLoader Replaying proof ArrayList[ArrayList::$footprint()].JML accessible clause.0 
28660      DEBUG main            d.u.i.k.p.i.IntermediateProofReplayer Proof replay took 5.7ns 
28762      INFO  main            d.u.i.k.p.r.p.TestFile    ... finished proof: closed. 
28896      INFO  main            d.u.i.k.p.i.AbstractProblemLoader Loading environment from /home/runner/work/key/key/key.core/../key.ui/examples/heap/SmansEtAl/ArrayList_footprint.key.proof 
28896      DEBUG main            d.u.i.k.p.i.AbstractProblemLoader Environment load took 111.2ns 
28897      INFO  main            d.u.i.k.p.i.AbstractProblemLoader Creating init config 
31530      DEBUG main            d.u.i.k.p.i.AbstractProblemLoader Init config took 2.63s 
31573      INFO  main            d.u.i.k.p.i.AbstractProblemLoader Replaying proof ArrayList[ArrayList::$footprint()].JML accessible clause.0 
31583      DEBUG main            d.u.i.k.p.i.IntermediateProofReplayer Proof replay took 7.74ms 
31584      DEBUG main            d.u.i.k.p.r.p.TestFile    ... success: reloaded. 
31585      INFO  main            d.u.i.k.p.r.p.TestFile    Now processing file /home/runner/work/key/key/key.core/../key.ui/examples/heap/SmansEtAl/ArrayList_get_dep.key 
31586      INFO  main            d.u.i.k.p.i.AbstractProblemLoader Loading environment from /home/runner/work/key/key/key.core/../key.ui/examples/heap/SmansEtAl/ArrayList_get_dep.key 
31586      DEBUG main            d.u.i.k.p.i.AbstractProblemLoader Environment load took 241.3ns 
31587      INFO  main            d.u.i.k.p.i.AbstractProblemLoader Creating init config 
34209      DEBUG main            d.u.i.k.p.i.AbstractProblemLoader Init config took 2.62s 
34251      INFO  main            d.u.i.k.p.i.AbstractProblemLoader Replaying proof ArrayList[ArrayList::get(int)].JML accessible clause.0 
34252      DEBUG main            d.u.i.k.p.i.IntermediateProofReplayer Proof replay took 5.3ns 
34558      INFO  main            d.u.i.k.p.r.p.TestFile    ... finished proof: closed. 
34711      INFO  main            d.u.i.k.p.i.AbstractProblemLoader Loading environment from /home/runner/work/key/key/key.core/../key.ui/examples/heap/SmansEtAl/ArrayList_get_dep.key.proof 
34712      DEBUG main            d.u.i.k.p.i.AbstractProblemLoader Environment load took 113.7ns 
34717      INFO  main            d.u.i.k.p.i.AbstractProblemLoader Creating init config 
37283      DEBUG main            d.u.i.k.p.i.AbstractProblemLoader Init config took 2.57s 
37324      INFO  main            d.u.i.k.p.i.AbstractProblemLoader Replaying proof ArrayList[ArrayList::get(int)].JML accessible clause.0 
37366      DEBUG main            d.u.i.k.p.i.IntermediateProofReplayer Proof replay took 37.85ms 
37367      DEBUG main            d.u.i.k.p.r.p.TestFile    ... success: reloaded. 
37369      INFO  main            d.u.i.k.p.r.p.TestFile    Now processing file /home/runner/work/key/key/key.core/../key.ui/examples/heap/SmansEtAl/ArrayList_get.key 
37369      INFO  main            d.u.i.k.p.i.AbstractProblemLoader Loading environment from /home/runner/work/key/key/key.core/../key.ui/examples/heap/SmansEtAl/ArrayList_get.key 
37369      DEBUG main            d.u.i.k.p.i.AbstractProblemLoader Environment load took 206.8ns 
37370      INFO  main            d.u.i.k.p.i.AbstractProblemLoader Creating init config 
39989      DEBUG main            d.u.i.k.p.i.AbstractProblemLoader Init config took 2.62s 
40031      INFO  main            d.u.i.k.p.i.AbstractProblemLoader Replaying proof ArrayList[ArrayList::get(int)].JML normal_behavior operation contract.0 
40033      DEBUG main            d.u.i.k.p.i.IntermediateProofReplayer Proof replay took 6.4ns 
40235      INFO  main            d.u.i.k.p.r.p.TestFile    ... finished proof: closed. 
40390      INFO  main            d.u.i.k.p.i.AbstractProblemLoader Loading environment from /home/runner/work/key/key/key.core/../key.ui/examples/heap/SmansEtAl/ArrayList_get.key.proof 
40390      DEBUG main            d.u.i.k.p.i.AbstractProblemLoader Environment load took 126.4ns 
40391      INFO  main            d.u.i.k.p.i.AbstractProblemLoader Creating init config 
42948      DEBUG main            d.u.i.k.p.i.AbstractProblemLoader Init config took 2.56s 
42994      INFO  main            d.u.i.k.p.i.AbstractProblemLoader Replaying proof ArrayList[ArrayList::get(int)].JML normal_behavior operation contract.0 
43021      DEBUG main            d.u.i.k.p.i.IntermediateProofReplayer Proof replay took 23.92ms 
43023      DEBUG main            d.u.i.k.p.r.p.TestFile    ... success: reloaded. 
43024      INFO  main            d.u.i.k.p.r.p.TestFile    Now processing file /home/runner/work/key/key/key.core/../key.ui/examples/heap/SmansEtAl/ArrayList_inv.key 
43025      INFO  main            d.u.i.k.p.i.AbstractProblemLoader Loading environment from /home/runner/work/key/key/key.core/../key.ui/examples/heap/SmansEtAl/ArrayList_inv.key 
43025      DEBUG main            d.u.i.k.p.i.AbstractProblemLoader Environment load took 223.7ns 
43026      INFO  main            d.u.i.k.p.i.AbstractProblemLoader Creating init config 
45726      DEBUG main            d.u.i.k.p.i.AbstractProblemLoader Init config took 2.7s 
45789      INFO  main            d.u.i.k.p.i.AbstractProblemLoader Replaying proof ArrayList[java.lang.Object::<inv>()].JML accessible clause.0 
45791      DEBUG main            d.u.i.k.p.i.IntermediateProofReplayer Proof replay took 6ns 
45893      INFO  main            d.u.i.k.p.r.p.TestFile    ... finished proof: closed. 
46049      INFO  main            d.u.i.k.p.i.AbstractProblemLoader Loading environment from /home/runner/work/key/key/key.core/../key.ui/examples/heap/SmansEtAl/ArrayList_inv.key.proof 
46049      DEBUG main            d.u.i.k.p.i.AbstractProblemLoader Environment load took 111.5ns 
46050      INFO  main            d.u.i.k.p.i.AbstractProblemLoader Creating init config 
48581      DEBUG main            d.u.i.k.p.i.AbstractProblemLoader Init config took 2.53s 
48622      INFO  main            d.u.i.k.p.i.AbstractProblemLoader Replaying proof ArrayList[java.lang.Object::<inv>()].JML accessible clause.0 
48632      DEBUG main            d.u.i.k.p.i.IntermediateProofReplayer Proof replay took 7.9ms 
48634      DEBUG main            d.u.i.k.p.r.p.TestFile    ... success: reloaded. 
48635      INFO  main            d.u.i.k.p.r.p.TestFile    Now processing file /home/runner/work/key/key/key.core/../key.ui/examples/heap/SmansEtAl/ArrayList_size_dep.key 
48635      INFO  main            d.u.i.k.p.i.AbstractProblemLoader Loading environment from /home/runner/work/key/key/key.core/../key.ui/examples/heap/SmansEtAl/ArrayList_size_dep.key 
48636      DEBUG main            d.u.i.k.p.i.AbstractProblemLoader Environment load took 98.7ns 
48636      INFO  main            d.u.i.k.p.i.AbstractProblemLoader Creating init config 
51182      DEBUG main            d.u.i.k.p.i.AbstractProblemLoader Init config took 2.55s 
51220      INFO  main            d.u.i.k.p.i.AbstractProblemLoader Replaying proof ArrayList[ArrayList::size()].JML accessible clause.0 
51222      DEBUG main            d.u.i.k.p.i.IntermediateProofReplayer Proof replay took 6.4ns 
51323      INFO  main            d.u.i.k.p.r.p.TestFile    ... finished proof: closed. 
51516      INFO  main            d.u.i.k.p.i.AbstractProblemLoader Loading environment from /home/runner/work/key/key/key.core/../key.ui/examples/heap/SmansEtAl/ArrayList_size_dep.key.proof 
51516      DEBUG main            d.u.i.k.p.i.AbstractProblemLoader Environment load took 110.8ns 
51517      INFO  main            d.u.i.k.p.i.AbstractProblemLoader Creating init config 
54023      DEBUG main            d.u.i.k.p.i.AbstractProblemLoader Init config took 2.51s 
54078      INFO  main            d.u.i.k.p.i.AbstractProblemLoader Replaying proof ArrayList[ArrayList::size()].JML accessible clause.0 
54092      DEBUG main            d.u.i.k.p.i.IntermediateProofReplayer Proof replay took 11.58ms 
54093      DEBUG main            d.u.i.k.p.r.p.TestFile    ... success: reloaded. 
54094      INFO  main            d.u.i.k.p.r.p.TestFile    Now processing file /home/runner/work/key/key/key.core/../key.ui/examples/heap/SmansEtAl/ArrayList_size.key 
54095      INFO  main            d.u.i.k.p.i.AbstractProblemLoader Loading environment from /home/runner/work/key/key/key.core/../key.ui/examples/heap/SmansEtAl/ArrayList_size.key 
54095      DEBUG main            d.u.i.k.p.i.AbstractProblemLoader Environment load took 190.3ns 
54096      INFO  main            d.u.i.k.p.i.AbstractProblemLoader Creating init config 
56675      DEBUG main            d.u.i.k.p.i.AbstractProblemLoader Init config took 2.58s 
56714      INFO  main            d.u.i.k.p.i.AbstractProblemLoader Replaying proof ArrayList[ArrayList::size()].JML normal_behavior operation contract.0 
56715      DEBUG main            d.u.i.k.p.i.IntermediateProofReplayer Proof replay took 5.7ns 
56819      INFO  main            d.u.i.k.p.r.p.TestFile    ... finished proof: closed. 
56981      INFO  main            d.u.i.k.p.i.AbstractProblemLoader Loading environment from /home/runner/work/key/key/key.core/../key.ui/examples/heap/SmansEtAl/ArrayList_size.key.proof 
56981      DEBUG main            d.u.i.k.p.i.AbstractProblemLoader Environment load took 142.3ns 
56982      INFO  main            d.u.i.k.p.i.AbstractProblemLoader Creating init config 
59520      DEBUG main            d.u.i.k.p.i.AbstractProblemLoader Init config took 2.54s 
59558      INFO  main            d.u.i.k.p.i.AbstractProblemLoader Replaying proof ArrayList[ArrayList::size()].JML normal_behavior operation contract.0 
59570      DEBUG main            d.u.i.k.p.i.IntermediateProofReplayer Proof replay took 10.84ms 
59572      DEBUG main            d.u.i.k.p.r.p.TestFile    ... success: reloaded. 
59573      INFO  main            d.u.i.k.p.r.p.TestFile    Now processing file /home/runner/work/key/key/key.core/../key.ui/examples/heap/SmansEtAl/Cell_Cell.key 
59573      INFO  main            d.u.i.k.p.i.AbstractProblemLoader Loading environment from /home/runner/work/key/key/key.core/../key.ui/examples/heap/SmansEtAl/Cell_Cell.key 
59573      DEBUG main            d.u.i.k.p.i.AbstractProblemLoader Environment load took 217.6ns 
59574      INFO  main            d.u.i.k.p.i.AbstractProblemLoader Creating init config 
62109      DEBUG main            d.u.i.k.p.i.AbstractProblemLoader Init config took 2.53s 
62151      INFO  main            d.u.i.k.p.i.AbstractProblemLoader Replaying proof Cell[Cell::Cell()].JML normal_behavior operation contract.0 
62154      DEBUG main            d.u.i.k.p.i.IntermediateProofReplayer Proof replay took 6.3ns 
62359      INFO  main            d.u.i.k.p.r.p.TestFile    ... finished proof: closed. 
62535      INFO  main            d.u.i.k.p.i.AbstractProblemLoader Loading environment from /home/runner/work/key/key/key.core/../key.ui/examples/heap/SmansEtAl/Cell_Cell.key.proof 
62535      DEBUG main            d.u.i.k.p.i.AbstractProblemLoader Environment load took 104.9ns 
62536      INFO  main            d.u.i.k.p.i.AbstractProblemLoader Creating init config 
65023      DEBUG main            d.u.i.k.p.i.AbstractProblemLoader Init config took 2.49s 
65059      INFO  main            d.u.i.k.p.i.AbstractProblemLoader Replaying proof Cell[Cell::Cell()].JML normal_behavior operation contract.0 
65090      DEBUG main            d.u.i.k.p.i.IntermediateProofReplayer Proof replay took 28.81ms 
65091      DEBUG main            d.u.i.k.p.r.p.TestFile    ... success: reloaded. 
65092      INFO  main            d.u.i.k.p.r.p.TestFile    Now processing file /home/runner/work/key/key/key.core/../key.ui/examples/heap/SmansEtAl/Cell_footprint.key 
65092      INFO  main            d.u.i.k.p.i.AbstractProblemLoader Loading environment from /home/runner/work/key/key/key.core/../key.ui/examples/heap/SmansEtAl/Cell_footprint.key 
65092      DEBUG main            d.u.i.k.p.i.AbstractProblemLoader Environment load took 88.3ns 
65093      INFO  main            d.u.i.k.p.i.AbstractProblemLoader Creating init config 
67641      DEBUG main            d.u.i.k.p.i.AbstractProblemLoader Init config took 2.55s 
67675      INFO  main            d.u.i.k.p.i.AbstractProblemLoader Replaying proof Cell[Cell::$footprint()].JML accessible clause.0 
67677      DEBUG main            d.u.i.k.p.i.IntermediateProofReplayer Proof replay took 6.5ns 
67782      INFO  main            d.u.i.k.p.r.p.TestFile    ... finished proof: closed. 
67961      INFO  main            d.u.i.k.p.i.AbstractProblemLoader Loading environment from /home/runner/work/key/key/key.core/../key.ui/examples/heap/SmansEtAl/Cell_footprint.key.proof 
67961      DEBUG main            d.u.i.k.p.i.AbstractProblemLoader Environment load took 108.4ns 
67962      INFO  main            d.u.i.k.p.i.AbstractProblemLoader Creating init config 
70465      DEBUG main            d.u.i.k.p.i.AbstractProblemLoader Init config took 2.5s 
70499      INFO  main            d.u.i.k.p.i.AbstractProblemLoader Replaying proof Cell[Cell::$footprint()].JML accessible clause.0 
70504      DEBUG main            d.u.i.k.p.i.IntermediateProofReplayer Proof replay took 3.09ms 
70504      DEBUG main            d.u.i.k.p.r.p.TestFile    ... success: reloaded. 
70505      INFO  main            d.u.i.k.p.r.p.TestFile    Now processing file /home/runner/work/key/key/key.core/../key.ui/examples/heap/SmansEtAl/Cell_getX_dep.key 
70506      INFO  main            d.u.i.k.p.i.AbstractProblemLoader Loading environment from /home/runner/work/key/key/key.core/../key.ui/examples/heap/SmansEtAl/Cell_getX_dep.key 
70506      DEBUG main            d.u.i.k.p.i.AbstractProblemLoader Environment load took 89.2ns 
70506      INFO  main            d.u.i.k.p.i.AbstractProblemLoader Creating init config 
73052      DEBUG main            d.u.i.k.p.i.AbstractProblemLoader Init config took 2.55s 
73087      INFO  main            d.u.i.k.p.i.AbstractProblemLoader Replaying proof Cell[Cell::getX()].JML accessible clause.0 
73088      DEBUG main            d.u.i.k.p.i.IntermediateProofReplayer Proof replay took 5.8ns 
73194      INFO  main            d.u.i.k.p.r.p.TestFile    ... finished proof: closed. 
73392      INFO  main            d.u.i.k.p.i.AbstractProblemLoader Loading environment from /home/runner/work/key/key/key.core/../key.ui/examples/heap/SmansEtAl/Cell_getX_dep.key.proof 
73393      DEBUG main            d.u.i.k.p.i.AbstractProblemLoader Environment load took 129.2ns 
73394      INFO  main            d.u.i.k.p.i.AbstractProblemLoader Creating init config 
75906      DEBUG main            d.u.i.k.p.i.AbstractProblemLoader Init config took 2.51s 
75949      INFO  main            d.u.i.k.p.i.AbstractProblemLoader Replaying proof Cell[Cell::getX()].JML accessible clause.0 
75974      DEBUG main            d.u.i.k.p.i.IntermediateProofReplayer Proof replay took 20.08ms 
75976      DEBUG main            d.u.i.k.p.r.p.TestFile    ... success: reloaded. 
75980      INFO  main            d.u.i.k.p.r.p.TestFile    Now processing file /home/runner/work/key/key/key.core/../key.ui/examples/heap/SmansEtAl/Cell_getX.key 
75981      INFO  main            d.u.i.k.p.i.AbstractProblemLoader Loading environment from /home/runner/work/key/key/key.core/../key.ui/examples/heap/SmansEtAl/Cell_getX.key 
75981      DEBUG main            d.u.i.k.p.i.AbstractProblemLoader Environment load took 199.7ns 
75982      INFO  main            d.u.i.k.p.i.AbstractProblemLoader Creating init config 
78525      DEBUG main            d.u.i.k.p.i.AbstractProblemLoader Init config took 2.54s 
78559      INFO  main            d.u.i.k.p.i.AbstractProblemLoader Replaying proof Cell[Cell::getX()].JML normal_behavior operation contract.0 
78561      DEBUG main            d.u.i.k.p.i.IntermediateProofReplayer Proof replay took 5.8ns 
78665      INFO  main            d.u.i.k.p.r.p.TestFile    ... finished proof: closed. 
78852      INFO  main            d.u.i.k.p.i.AbstractProblemLoader Loading environment from /home/runner/work/key/key/key.core/../key.ui/examples/heap/SmansEtAl/Cell_getX.key.proof 
78852      DEBUG main            d.u.i.k.p.i.AbstractProblemLoader Environment load took 107.5ns 
78853      INFO  main            d.u.i.k.p.i.AbstractProblemLoader Creating init config 
81351      DEBUG main            d.u.i.k.p.i.AbstractProblemLoader Init config took 2.5s 
81390      INFO  main            d.u.i.k.p.i.AbstractProblemLoader Replaying proof Cell[Cell::getX()].JML normal_behavior operation contract.0 
81402      DEBUG main            d.u.i.k.p.i.IntermediateProofReplayer Proof replay took 9.86ms 
81403      DEBUG main            d.u.i.k.p.r.p.TestFile    ... success: reloaded. 
81404      INFO  main            d.u.i.k.p.r.p.TestFile    Now processing file /home/runner/work/key/key/key.core/../key.ui/examples/heap/SmansEtAl/Cell_inv.key 
81404      INFO  main            d.u.i.k.p.i.AbstractProblemLoader Loading environment from /home/runner/work/key/key/key.core/../key.ui/examples/heap/SmansEtAl/Cell_inv.key 
81405      DEBUG main            d.u.i.k.p.i.AbstractProblemLoader Environment load took 649.7ns 
81406      INFO  main            d.u.i.k.p.i.AbstractProblemLoader Creating init config 
83897      DEBUG main            d.u.i.k.p.i.AbstractProblemLoader Init config took 2.49s 
83951      INFO  main            d.u.i.k.p.i.AbstractProblemLoader Replaying proof Cell[java.lang.Object::<inv>()].JML accessible clause.0 
83952      DEBUG main            d.u.i.k.p.i.IntermediateProofReplayer Proof replay took 7.2ns 
84057      INFO  main            d.u.i.k.p.r.p.TestFile    ... finished proof: closed. 
84234      INFO  main            d.u.i.k.p.i.AbstractProblemLoader Loading environment from /home/runner/work/key/key/key.core/../key.ui/examples/heap/SmansEtAl/Cell_inv.key.proof 
84234      DEBUG main            d.u.i.k.p.i.AbstractProblemLoader Environment load took 103.7ns 
84235      INFO  main            d.u.i.k.p.i.AbstractProblemLoader Creating init config 
86715      DEBUG main            d.u.i.k.p.i.AbstractProblemLoader Init config took 2.48s 
86756      INFO  main            d.u.i.k.p.i.AbstractProblemLoader Replaying proof Cell[java.lang.Object::<inv>()].JML accessible clause.0 
86759      DEBUG main            d.u.i.k.p.i.IntermediateProofReplayer Proof replay took 1.31ms 
86760      DEBUG main            d.u.i.k.p.r.p.TestFile    ... success: reloaded. 
86762      INFO  main            d.u.i.k.p.r.p.TestFile    Now processing file /home/runner/work/key/key/key.core/../key.ui/examples/heap/SmansEtAl/Cell_setX.key 
86762      INFO  main            d.u.i.k.p.i.AbstractProblemLoader Loading environment from /home/runner/work/key/key/key.core/../key.ui/examples/heap/SmansEtAl/Cell_setX.key 
86762      DEBUG main            d.u.i.k.p.i.AbstractProblemLoader Environment load took 178.9ns 
86763      INFO  main            d.u.i.k.p.i.AbstractProblemLoader Creating init config 
89238      DEBUG main            d.u.i.k.p.i.AbstractProblemLoader Init config took 2.47s 
89270      INFO  main            d.u.i.k.p.i.AbstractProblemLoader Replaying proof Cell[Cell::setX(int)].JML normal_behavior operation contract.0 
89273      DEBUG main            d.u.i.k.p.i.IntermediateProofReplayer Proof replay took 5.9ns 
89375      INFO  main            d.u.i.k.p.r.p.TestFile    ... finished proof: closed. 
89576      INFO  main            d.u.i.k.p.i.AbstractProblemLoader Loading environment from /home/runner/work/key/key/key.core/../key.ui/examples/heap/SmansEtAl/Cell_setX.key.proof 
89577      DEBUG main            d.u.i.k.p.i.AbstractProblemLoader Environment load took 203.3ns 
89578      INFO  main            d.u.i.k.p.i.AbstractProblemLoader Creating init config 
92043      DEBUG main            d.u.i.k.p.i.AbstractProblemLoader Init config took 2.47s 
92085      INFO  main            d.u.i.k.p.i.AbstractProblemLoader Replaying proof Cell[Cell::setX(int)].JML normal_behavior operation contract.0 
92106      DEBUG main            d.u.i.k.p.i.IntermediateProofReplayer Proof replay took 18.67ms 
92107      DEBUG main            d.u.i.k.p.r.p.TestFile    ... success: reloaded. 
92108      INFO  main            d.u.i.k.p.r.p.TestFile    Now processing file /home/runner/work/key/key/key.core/../key.ui/examples/heap/SmansEtAl/CellClient_m.key 
92108      INFO  main            d.u.i.k.p.i.AbstractProblemLoader Loading environment from /home/runner/work/key/key/key.core/../key.ui/examples/heap/SmansEtAl/CellClient_m.key 
92108      DEBUG main            d.u.i.k.p.i.AbstractProblemLoader Environment load took 68.6ns 
92109      INFO  main            d.u.i.k.p.i.AbstractProblemLoader Creating init config 
94669      DEBUG main            d.u.i.k.p.i.AbstractProblemLoader Init config took 2.56s 
94704      INFO  main            d.u.i.k.p.i.AbstractProblemLoader Replaying proof CellClient[CellClient::m()].JML operation contract.0 
94706      DEBUG main            d.u.i.k.p.i.IntermediateProofReplayer Proof replay took 6.5ns 
95209      INFO  main            d.u.i.k.p.r.p.TestFile    ... finished proof: closed. 
95434      INFO  main            d.u.i.k.p.i.AbstractProblemLoader Loading environment from /home/runner/work/key/key/key.core/../key.ui/examples/heap/SmansEtAl/CellClient_m.key.proof 
95434      DEBUG main            d.u.i.k.p.i.AbstractProblemLoader Environment load took 394.6ns 
95435      INFO  main            d.u.i.k.p.i.AbstractProblemLoader Creating init config 
97880      DEBUG main            d.u.i.k.p.i.AbstractProblemLoader Init config took 2.44s 
97912      INFO  main            d.u.i.k.p.i.AbstractProblemLoader Replaying proof CellClient[CellClient::m()].JML operation contract.0 
98023      DEBUG main            d.u.i.k.p.i.IntermediateProofReplayer Proof replay took 106.28ms 
98024      DEBUG main            d.u.i.k.p.r.p.TestFile    ... success: reloaded. 
98025      INFO  main            d.u.i.k.p.r.p.TestFile    Now processing file /home/runner/work/key/key/key.core/../key.ui/examples/heap/SmansEtAl/Iterator_footprint.key 
98025      INFO  main            d.u.i.k.p.i.AbstractProblemLoader Loading environment from /home/runner/work/key/key/key.core/../key.ui/examples/heap/SmansEtAl/Iterator_footprint.key 
98025      DEBUG main            d.u.i.k.p.i.AbstractProblemLoader Environment load took 194.1ns 
98026      INFO  main            d.u.i.k.p.i.AbstractProblemLoader Creating init config 
100546     DEBUG main            d.u.i.k.p.i.AbstractProblemLoader Init config took 2.52s 
100583     INFO  main            d.u.i.k.p.i.AbstractProblemLoader Replaying proof Iterator[Iterator::$footprint()].JML accessible clause.0 
100584     DEBUG main            d.u.i.k.p.i.IntermediateProofReplayer Proof replay took 6.1ns 
100690     INFO  main            d.u.i.k.p.r.p.TestFile    ... finished proof: closed. 
100899     INFO  main            d.u.i.k.p.i.AbstractProblemLoader Loading environment from /home/runner/work/key/key/key.core/../key.ui/examples/heap/SmansEtAl/Iterator_footprint.key.proof 
100899     DEBUG main            d.u.i.k.p.i.AbstractProblemLoader Environment load took 108.3ns 
100900     INFO  main            d.u.i.k.p.i.AbstractProblemLoader Creating init config 
103356     DEBUG main            d.u.i.k.p.i.AbstractProblemLoader Init config took 2.46s 
103392     INFO  main            d.u.i.k.p.i.AbstractProblemLoader Replaying proof Iterator[Iterator::$footprint()].JML accessible clause.0 
103399     DEBUG main            d.u.i.k.p.i.IntermediateProofReplayer Proof replay took 5.06ms 
103400     DEBUG main            d.u.i.k.p.r.p.TestFile    ... success: reloaded. 
103401     INFO  main            d.u.i.k.p.r.p.TestFile    Now processing file /home/runner/work/key/key/key.core/../key.ui/examples/heap/SmansEtAl/Iterator_hasNext_dep.key 
103402     INFO  main            d.u.i.k.p.i.AbstractProblemLoader Loading environment from /home/runner/work/key/key/key.core/../key.ui/examples/heap/SmansEtAl/Iterator_hasNext_dep.key 
103402     DEBUG main            d.u.i.k.p.i.AbstractProblemLoader Environment load took 184.8ns 
103403     INFO  main            d.u.i.k.p.i.AbstractProblemLoader Creating init config 
105922     DEBUG main            d.u.i.k.p.i.AbstractProblemLoader Init config took 2.52s 
105972     INFO  main            d.u.i.k.p.i.AbstractProblemLoader Replaying proof Iterator[Iterator::hasNext()].JML accessible clause.0 
105973     DEBUG main            d.u.i.k.p.i.IntermediateProofReplayer Proof replay took 6.1ns 
106477     INFO  main            d.u.i.k.p.r.p.TestFile    ... finished proof: closed. 
106727     INFO  main            d.u.i.k.p.i.AbstractProblemLoader Loading environment from /home/runner/work/key/key/key.core/../key.ui/examples/heap/SmansEtAl/Iterator_hasNext_dep.key.proof 
106729     DEBUG main            d.u.i.k.p.i.AbstractProblemLoader Environment load took 1.24ms 
106730     INFO  main            d.u.i.k.p.i.AbstractProblemLoader Creating init config 
109174     DEBUG main            d.u.i.k.p.i.AbstractProblemLoader Init config took 2.44s 
109219     INFO  main            d.u.i.k.p.i.AbstractProblemLoader Replaying proof Iterator[Iterator::hasNext()].JML accessible clause.0 
109288     DEBUG main            d.u.i.k.p.i.IntermediateProofReplayer Proof replay took 63ms 
109289     DEBUG main            d.u.i.k.p.r.p.TestFile    ... success: reloaded. 
109290     INFO  main            d.u.i.k.p.r.p.TestFile    Now processing file /home/runner/work/key/key/key.core/../key.ui/examples/heap/SmansEtAl/Iterator_hasNext.key 
109290     INFO  main            d.u.i.k.p.i.AbstractProblemLoader Loading environment from /home/runner/work/key/key/key.core/../key.ui/examples/heap/SmansEtAl/Iterator_hasNext.key 
109290     DEBUG main            d.u.i.k.p.i.AbstractProblemLoader Environment load took 102.9ns 
109291     INFO  main            d.u.i.k.p.i.AbstractProblemLoader Creating init config 
111825     DEBUG main            d.u.i.k.p.i.AbstractProblemLoader Init config took 2.53s 
111860     INFO  main            d.u.i.k.p.i.AbstractProblemLoader Replaying proof Iterator[Iterator::hasNext()].JML normal_behavior operation contract.0 
111861     DEBUG main            d.u.i.k.p.i.IntermediateProofReplayer Proof replay took 5.7ns 
112366     INFO  main            d.u.i.k.p.r.p.TestFile    ... finished proof: closed. 
112611     INFO  main            d.u.i.k.p.i.AbstractProblemLoader Loading environment from /home/runner/work/key/key/key.core/../key.ui/examples/heap/SmansEtAl/Iterator_hasNext.key.proof 
112611     DEBUG main            d.u.i.k.p.i.AbstractProblemLoader Environment load took 360.3ns 
112612     INFO  main            d.u.i.k.p.i.AbstractProblemLoader Creating init config 
115059     DEBUG main            d.u.i.k.p.i.AbstractProblemLoader Init config took 2.45s 
115094     INFO  main            d.u.i.k.p.i.AbstractProblemLoader Replaying proof Iterator[Iterator::hasNext()].JML normal_behavior operation contract.0 
115158     DEBUG main            d.u.i.k.p.i.IntermediateProofReplayer Proof replay took 58.36ms 
115159     DEBUG main            d.u.i.k.p.r.p.TestFile    ... success: reloaded. 
115160     INFO  main            d.u.i.k.p.r.p.TestFile    Now processing file /home/runner/work/key/key/key.core/../key.ui/examples/heap/SmansEtAl/Iterator_inv.key 
115160     INFO  main            d.u.i.k.p.i.AbstractProblemLoader Loading environment from /home/runner/work/key/key/key.core/../key.ui/examples/heap/SmansEtAl/Iterator_inv.key 
115161     DEBUG main            d.u.i.k.p.i.AbstractProblemLoader Environment load took 97.7ns 
115161     INFO  main            d.u.i.k.p.i.AbstractProblemLoader Creating init config 
117676     DEBUG main            d.u.i.k.p.i.AbstractProblemLoader Init config took 2.51s 
117710     INFO  main            d.u.i.k.p.i.AbstractProblemLoader Replaying proof Iterator[java.lang.Object::<inv>()].JML accessible clause.0 
117711     DEBUG main            d.u.i.k.p.i.IntermediateProofReplayer Proof replay took 6.4ns 
117915     INFO  main            d.u.i.k.p.r.p.TestFile    ... finished proof: closed. 
118144     INFO  main            d.u.i.k.p.i.AbstractProblemLoader Loading environment from /home/runner/work/key/key/key.core/../key.ui/examples/heap/SmansEtAl/Iterator_inv.key.proof 
118144     DEBUG main            d.u.i.k.p.i.AbstractProblemLoader Environment load took 99.1ns 
118145     INFO  main            d.u.i.k.p.i.AbstractProblemLoader Creating init config 
120592     DEBUG main            d.u.i.k.p.i.AbstractProblemLoader Init config took 2.45s 
120627     INFO  main            d.u.i.k.p.i.AbstractProblemLoader Replaying proof Iterator[java.lang.Object::<inv>()].JML accessible clause.0 
120645     DEBUG main            d.u.i.k.p.i.IntermediateProofReplayer Proof replay took 15.68ms 
120646     DEBUG main            d.u.i.k.p.r.p.TestFile    ... success: reloaded. 
120647     INFO  main            d.u.i.k.p.r.p.TestFile    Now processing file /home/runner/work/key/key/key.core/../key.ui/examples/heap/SmansEtAl/Iterator_Iterator.key 
120647     INFO  main            d.u.i.k.p.i.AbstractProblemLoader Loading environment from /home/runner/work/key/key/key.core/../key.ui/examples/heap/SmansEtAl/Iterator_Iterator.key 
120647     DEBUG main            d.u.i.k.p.i.AbstractProblemLoader Environment load took 80.5ns 
120648     INFO  main            d.u.i.k.p.i.AbstractProblemLoader Creating init config 
123134     DEBUG main            d.u.i.k.p.i.AbstractProblemLoader Init config took 2.49s 
123169     INFO  main            d.u.i.k.p.i.AbstractProblemLoader Replaying proof Iterator[Iterator::Iterator(ArrayList)].JML normal_behavior operation contract.0 
123171     DEBUG main            d.u.i.k.p.i.IntermediateProofReplayer Proof replay took 6.2ns 
124377     INFO  main            d.u.i.k.p.r.p.TestFile    ... finished proof: closed. 
124626     INFO  main            d.u.i.k.p.i.AbstractProblemLoader Loading environment from /home/runner/work/key/key/key.core/../key.ui/examples/heap/SmansEtAl/Iterator_Iterator.key.proof 
124627     DEBUG main            d.u.i.k.p.i.AbstractProblemLoader Environment load took 370.1ns 
124628     INFO  main            d.u.i.k.p.i.AbstractProblemLoader Creating init config 
127066     DEBUG main            d.u.i.k.p.i.AbstractProblemLoader Init config took 2.44s 
127102     INFO  main            d.u.i.k.p.i.AbstractProblemLoader Replaying proof Iterator[Iterator::Iterator(ArrayList)].JML normal_behavior operation contract.0 
127245     DEBUG main            d.u.i.k.p.i.IntermediateProofReplayer Proof replay took 128.85ms 
127246     DEBUG main            d.u.i.k.p.r.p.TestFile    ... success: reloaded. 
127248     INFO  main            d.u.i.k.p.r.p.TestFile    Now processing file /home/runner/work/key/key/key.core/../key.ui/examples/heap/SmansEtAl/Iterator_list_dep.key 
127248     INFO  main            d.u.i.k.p.i.AbstractProblemLoader Loading environment from /home/runner/work/key/key/key.core/../key.ui/examples/heap/SmansEtAl/Iterator_list_dep.key 
127248     DEBUG main            d.u.i.k.p.i.AbstractProblemLoader Environment load took 186.6ns 
127249     INFO  main            d.u.i.k.p.i.AbstractProblemLoader Creating init config 
129742     DEBUG main            d.u.i.k.p.i.AbstractProblemLoader Init config took 2.49s 
129776     INFO  main            d.u.i.k.p.i.AbstractProblemLoader Replaying proof Iterator[Iterator::list()].JML accessible clause.0 
129777     DEBUG main            d.u.i.k.p.i.IntermediateProofReplayer Proof replay took 6.5ns 
129879     INFO  main            d.u.i.k.p.r.p.TestFile    ... finished proof: closed. 
130179     INFO  main            d.u.i.k.p.i.AbstractProblemLoader Loading environment from /home/runner/work/key/key/key.core/../key.ui/examples/heap/SmansEtAl/Iterator_list_dep.key.proof 
130179     DEBUG main            d.u.i.k.p.i.AbstractProblemLoader Environment load took 95.7ns 
130180     INFO  main            d.u.i.k.p.i.AbstractProblemLoader Creating init config 
132615     DEBUG main            d.u.i.k.p.i.AbstractProblemLoader Init config took 2.43s 
132648     INFO  main            d.u.i.k.p.i.AbstractProblemLoader Replaying proof Iterator[Iterator::list()].JML accessible clause.0 
132665     DEBUG main            d.u.i.k.p.i.IntermediateProofReplayer Proof replay took 15.53ms 
132666     DEBUG main            d.u.i.k.p.r.p.TestFile    ... success: reloaded. 
132667     INFO  main            d.u.i.k.p.r.p.TestFile    Now processing file /home/runner/work/key/key/key.core/../key.ui/examples/heap/SmansEtAl/Iterator_list.key 
132668     INFO  main            d.u.i.k.p.i.AbstractProblemLoader Loading environment from /home/runner/work/key/key/key.core/../key.ui/examples/heap/SmansEtAl/Iterator_list.key 
132668     DEBUG main            d.u.i.k.p.i.AbstractProblemLoader Environment load took 181.7ns 
132669     INFO  main            d.u.i.k.p.i.AbstractProblemLoader Creating init config 
135205     DEBUG main            d.u.i.k.p.i.AbstractProblemLoader Init config took 2.54s 
135239     INFO  main            d.u.i.k.p.i.AbstractProblemLoader Replaying proof Iterator[Iterator::list()].JML normal_behavior operation contract.0 
135240     DEBUG main            d.u.i.k.p.i.IntermediateProofReplayer Proof replay took 5.8ns 
135345     INFO  main            d.u.i.k.p.r.p.TestFile    ... finished proof: closed. 
135595     INFO  main            d.u.i.k.p.i.AbstractProblemLoader Loading environment from /home/runner/work/key/key/key.core/../key.ui/examples/heap/SmansEtAl/Iterator_list.key.proof 
135595     DEBUG main            d.u.i.k.p.i.AbstractProblemLoader Environment load took 98.4ns 
135596     INFO  main            d.u.i.k.p.i.AbstractProblemLoader Creating init config 
138032     DEBUG main            d.u.i.k.p.i.AbstractProblemLoader Init config took 2.44s 
138068     INFO  main            d.u.i.k.p.i.AbstractProblemLoader Replaying proof Iterator[Iterator::list()].JML normal_behavior operation contract.0 
138094     DEBUG main            d.u.i.k.p.i.IntermediateProofReplayer Proof replay took 24.59ms 
138095     DEBUG main            d.u.i.k.p.r.p.TestFile    ... success: reloaded. 
138095     INFO  main            d.u.i.k.p.r.p.TestFile    Now processing file /home/runner/work/key/key/key.core/../key.ui/examples/heap/SmansEtAl/Iterator_next.key 
138096     INFO  main            d.u.i.k.p.i.AbstractProblemLoader Loading environment from /home/runner/work/key/key/key.core/../key.ui/examples/heap/SmansEtAl/Iterator_next.key 
138096     DEBUG main            d.u.i.k.p.i.AbstractProblemLoader Environment load took 45.2ns 
138096     INFO  main            d.u.i.k.p.i.AbstractProblemLoader Creating init config 
140600     DEBUG main            d.u.i.k.p.i.AbstractProblemLoader Init config took 2.5s 
140635     INFO  main            d.u.i.k.p.i.AbstractProblemLoader Replaying proof Iterator[Iterator::next()].JML normal_behavior operation contract.0 
140637     DEBUG main            d.u.i.k.p.i.IntermediateProofReplayer Proof replay took 6.3ns 
143246     INFO  main            d.u.i.k.p.r.p.TestFile    ... finished proof: closed. 
143571     INFO  main            d.u.i.k.p.i.AbstractProblemLoader Loading environment from /home/runner/work/key/key/key.core/../key.ui/examples/heap/SmansEtAl/Iterator_next.key.proof 
143571     DEBUG main            d.u.i.k.p.i.AbstractProblemLoader Environment load took 397.3ns 
143573     INFO  main            d.u.i.k.p.i.AbstractProblemLoader Creating init config 
146034     DEBUG main            d.u.i.k.p.i.AbstractProblemLoader Init config took 2.46s 
146068     INFO  main            d.u.i.k.p.i.AbstractProblemLoader Replaying proof Iterator[Iterator::next()].JML normal_behavior operation contract.0 
146290     DEBUG main            d.u.i.k.p.i.IntermediateProofReplayer Proof replay took 204.63ms 
146291     DEBUG main            d.u.i.k.p.r.p.TestFile    ... success: reloaded. 
146292     INFO  main            d.u.i.k.p.r.p.TestFile    Now processing file /home/runner/work/key/key/key.core/../key.ui/examples/heap/SmansEtAl/Stack_footprint.key 
146292     INFO  main            d.u.i.k.p.i.AbstractProblemLoader Loading environment from /home/runner/work/key/key/key.core/../key.ui/examples/heap/SmansEtAl/Stack_footprint.key 
146292     DEBUG main            d.u.i.k.p.i.AbstractProblemLoader Environment load took 51.3ns 
146293     INFO  main            d.u.i.k.p.i.AbstractProblemLoader Creating init config 
148782     DEBUG main            d.u.i.k.p.i.AbstractProblemLoader Init config took 2.49s 
148814     INFO  main            d.u.i.k.p.i.AbstractProblemLoader Replaying proof Stack[Stack::$footprint()].JML accessible clause.0 
148816     DEBUG main            d.u.i.k.p.i.IntermediateProofReplayer Proof replay took 5.7ns 
149018     INFO  main            d.u.i.k.p.r.p.TestFile    ... finished proof: closed. 
149275     INFO  main            d.u.i.k.p.i.AbstractProblemLoader Loading environment from /home/runner/work/key/key/key.core/../key.ui/examples/heap/SmansEtAl/Stack_footprint.key.proof 
149275     DEBUG main            d.u.i.k.p.i.AbstractProblemLoader Environment load took 99.9ns 
149276     INFO  main            d.u.i.k.p.i.AbstractProblemLoader Creating init config 
151718     DEBUG main            d.u.i.k.p.i.AbstractProblemLoader Init config took 2.44s 
151752     INFO  main            d.u.i.k.p.i.AbstractProblemLoader Replaying proof Stack[Stack::$footprint()].JML accessible clause.0 
151777     DEBUG main            d.u.i.k.p.i.IntermediateProofReplayer Proof replay took 20.94ms 
151778     DEBUG main            d.u.i.k.p.r.p.TestFile    ... success: reloaded. 
151779     INFO  main            d.u.i.k.p.r.p.TestFile    Now processing file /home/runner/work/key/key/key.core/../key.ui/examples/heap/SmansEtAl/Stack_inv.key 
151779     INFO  main            d.u.i.k.p.i.AbstractProblemLoader Loading environment from /home/runner/work/key/key/key.core/../key.ui/examples/heap/SmansEtAl/Stack_inv.key 
151779     DEBUG main            d.u.i.k.p.i.AbstractProblemLoader Environment load took 180.6ns 
151781     INFO  main            d.u.i.k.p.i.AbstractProblemLoader Creating init config 
154320     DEBUG main            d.u.i.k.p.i.AbstractProblemLoader Init config took 2.54s 
154352     INFO  main            d.u.i.k.p.i.AbstractProblemLoader Replaying proof Stack[java.lang.Object::<inv>()].JML accessible clause.0 
154353     DEBUG main            d.u.i.k.p.i.IntermediateProofReplayer Proof replay took 6.4ns 
154455     INFO  main            d.u.i.k.p.r.p.TestFile    ... finished proof: closed. 
154712     INFO  main            d.u.i.k.p.i.AbstractProblemLoader Loading environment from /home/runner/work/key/key/key.core/../key.ui/examples/heap/SmansEtAl/Stack_inv.key.proof 
154712     DEBUG main            d.u.i.k.p.i.AbstractProblemLoader Environment load took 98.2ns 
154713     INFO  main            d.u.i.k.p.i.AbstractProblemLoader Creating init config 
157144     DEBUG main            d.u.i.k.p.i.AbstractProblemLoader Init config took 2.43s 
157177     INFO  main            d.u.i.k.p.i.AbstractProblemLoader Replaying proof Stack[java.lang.Object::<inv>()].JML accessible clause.0 
157186     DEBUG main            d.u.i.k.p.i.IntermediateProofReplayer Proof replay took 7.29ms 
157187     DEBUG main            d.u.i.k.p.r.p.TestFile    ... success: reloaded. 
157188     INFO  main            d.u.i.k.p.r.p.TestFile    Now processing file /home/runner/work/key/key/key.core/../key.ui/examples/heap/SmansEtAl/Stack_push.key 
157188     INFO  main            d.u.i.k.p.i.AbstractProblemLoader Loading environment from /home/runner/work/key/key/key.core/../key.ui/examples/heap/SmansEtAl/Stack_push.key 
157188     DEBUG main            d.u.i.k.p.i.AbstractProblemLoader Environment load took 95.2ns 
157189     INFO  main            d.u.i.k.p.i.AbstractProblemLoader Creating init config 
159709     DEBUG main            d.u.i.k.p.i.AbstractProblemLoader Init config took 2.52s 
159743     INFO  main            d.u.i.k.p.i.AbstractProblemLoader Replaying proof Stack[Stack::push(java.lang.Object)].JML normal_behavior operation contract.0 
159744     DEBUG main            d.u.i.k.p.i.IntermediateProofReplayer Proof replay took 6.1ns 
160347     INFO  main            d.u.i.k.p.r.p.TestFile    ... finished proof: closed. 
160643     INFO  main            d.u.i.k.p.i.AbstractProblemLoader Loading environment from /home/runner/work/key/key/key.core/../key.ui/examples/heap/SmansEtAl/Stack_push.key.proof 
160643     DEBUG main            d.u.i.k.p.i.AbstractProblemLoader Environment load took 165.9ns 
160644     INFO  main            d.u.i.k.p.i.AbstractProblemLoader Creating init config 
163100     DEBUG main            d.u.i.k.p.i.AbstractProblemLoader Init config took 2.46s 
163134     INFO  main            d.u.i.k.p.i.AbstractProblemLoader Replaying proof Stack[Stack::push(java.lang.Object)].JML normal_behavior operation contract.0 
163233     DEBUG main            d.u.i.k.p.i.IntermediateProofReplayer Proof replay took 88.37ms 
163234     DEBUG main            d.u.i.k.p.r.p.TestFile    ... success: reloaded. 
163238     INFO  main            d.u.i.k.p.r.p.TestFile    Now processing file /home/runner/work/key/key/key.core/../key.ui/examples/heap/SmansEtAl/Stack_size.key 
163238     INFO  main            d.u.i.k.p.i.AbstractProblemLoader Loading environment from /home/runner/work/key/key/key.core/../key.ui/examples/heap/SmansEtAl/Stack_size.key 
163238     DEBUG main            d.u.i.k.p.i.AbstractProblemLoader Environment load took 100.2ns 
163239     INFO  main            d.u.i.k.p.i.AbstractProblemLoader Creating init config 
165725     DEBUG main            d.u.i.k.p.i.AbstractProblemLoader Init config took 2.49s 
165758     INFO  main            d.u.i.k.p.i.AbstractProblemLoader Replaying proof Stack[Stack::size()].JML accessible clause.0 
165759     DEBUG main            d.u.i.k.p.i.IntermediateProofReplayer Proof replay took 6.6ns 
165961     INFO  main            d.u.i.k.p.r.p.TestFile    ... finished proof: closed. 
166244     INFO  main            d.u.i.k.p.i.AbstractProblemLoader Loading environment from /home/runner/work/key/key/key.core/../key.ui/examples/heap/SmansEtAl/Stack_size.key.proof 
166245     DEBUG main            d.u.i.k.p.i.AbstractProblemLoader Environment load took 198.9ns 
166246     INFO  main            d.u.i.k.p.i.AbstractProblemLoader Creating init config 
168687     DEBUG main            d.u.i.k.p.i.AbstractProblemLoader Init config took 2.44s 
168720     INFO  main            d.u.i.k.p.i.AbstractProblemLoader Replaying proof Stack[Stack::size()].JML accessible clause.0 
168753     DEBUG main            d.u.i.k.p.i.IntermediateProofReplayer Proof replay took 30.99ms 
168754     DEBUG main            d.u.i.k.p.r.p.TestFile    ... success: reloaded. 
168755     INFO  main            d.u.i.k.p.r.p.TestFile    Now processing file /home/runner/work/key/key/key.core/../key.ui/examples/heap/SmansEtAl/Stack_Stack.key 
168755     INFO  main            d.u.i.k.p.i.AbstractProblemLoader Loading environment from /home/runner/work/key/key/key.core/../key.ui/examples/heap/SmansEtAl/Stack_Stack.key 
168755     DEBUG main            d.u.i.k.p.i.AbstractProblemLoader Environment load took 74ns 
168756     INFO  main            d.u.i.k.p.i.AbstractProblemLoader Creating init config 
171248     DEBUG main            d.u.i.k.p.i.AbstractProblemLoader Init config took 2.49s 
171281     INFO  main            d.u.i.k.p.i.AbstractProblemLoader Replaying proof Stack[Stack::Stack()].JML normal_behavior operation contract.0 
171282     DEBUG main            d.u.i.k.p.i.IntermediateProofReplayer Proof replay took 6.6ns 
172299     INFO  main            d.u.i.k.p.r.p.TestFile    ... finished proof: closed. 
172580     INFO  main            d.u.i.k.p.i.AbstractProblemLoader Loading environment from /home/runner/work/key/key/key.core/../key.ui/examples/heap/SmansEtAl/Stack_Stack.key.proof 
172580     DEBUG main            d.u.i.k.p.i.AbstractProblemLoader Environment load took 376ns 
172583     INFO  main            d.u.i.k.p.i.AbstractProblemLoader Creating init config 
175020     DEBUG main            d.u.i.k.p.i.AbstractProblemLoader Init config took 2.44s 
175063     INFO  main            d.u.i.k.p.i.AbstractProblemLoader Replaying proof Stack[Stack::Stack()].JML normal_behavior operation contract.0 
175204     DEBUG main            d.u.i.k.p.i.IntermediateProofReplayer Proof replay took 134.29ms 
175205     DEBUG main            d.u.i.k.p.r.p.TestFile    ... success: reloaded. 
175206     INFO  main            d.u.i.k.p.r.p.TestFile    Now processing file /home/runner/work/key/key/key.core/../key.ui/examples/heap/SmansEtAl/Stack_switchContents.key 
175206     INFO  main            d.u.i.k.p.i.AbstractProblemLoader Loading environment from /home/runner/work/key/key/key.core/../key.ui/examples/heap/SmansEtAl/Stack_switchContents.key 
175206     DEBUG main            d.u.i.k.p.i.AbstractProblemLoader Environment load took 60.8ns 
175207     INFO  main            d.u.i.k.p.i.AbstractProblemLoader Creating init config 
177658     DEBUG main            d.u.i.k.p.i.AbstractProblemLoader Init config took 2.45s 
177691     INFO  main            d.u.i.k.p.i.AbstractProblemLoader Replaying proof Stack[Stack::switchContents(Stack)].JML normal_behavior operation contract.0 
177692     DEBUG main            d.u.i.k.p.i.IntermediateProofReplayer Proof replay took 6.2ns 
181933     INFO  main            d.u.i.k.p.r.p.TestFile    ... finished proof: closed. 
182246     INFO  main            d.u.i.k.p.i.AbstractProblemLoader Loading environment from /home/runner/work/key/key/key.core/../key.ui/examples/heap/SmansEtAl/Stack_switchContents.key.proof 
182247     DEBUG main            d.u.i.k.p.i.AbstractProblemLoader Environment load took 363.9ns 
182248     INFO  main            d.u.i.k.p.i.AbstractProblemLoader Creating init config 
184674     DEBUG main            d.u.i.k.p.i.AbstractProblemLoader Init config took 2.43s 
184707     INFO  main            d.u.i.k.p.i.AbstractProblemLoader Replaying proof Stack[Stack::switchContents(Stack)].JML normal_behavior operation contract.0 
184969     DEBUG main            d.u.i.k.p.i.IntermediateProofReplayer Proof replay took 245.79ms 
184970     DEBUG main            d.u.i.k.p.r.p.TestFile    ... success: reloaded. 
1942181    INFO  Test worker     d.u.i.k.p.r.p.StatisticsFile Returning from test SmansEtAl 
1942184    INFO  Test worker     d.u.i.k.p.r.p.StatisticsFile Running test VACID0 
358        INFO  Timeout watchdog d.u.i.k.p.r.p.ForkedTestFileRunner Timeout watcher launched (2000 secs.) 
360        WARN  main            d.u.i.k.s.ProofSettings   The settings in /home/runner/.key/proof-settings.props are *not* read. 
419        INFO  main            d.u.i.k.p.r.p.TestFile    Now processing file /home/runner/work/key/key/key.core/../key.ui/examples/heap/vacid0_01_SparseArray/Harness_sparseArrayTestHarness1.key 
533        INFO  main            d.u.i.k.p.i.AbstractProblemLoader Loading environment from /home/runner/work/key/key/key.core/../key.ui/examples/heap/vacid0_01_SparseArray/Harness_sparseArrayTestHarness1.key 
553        DEBUG main            d.u.i.k.p.i.AbstractProblemLoader Environment load took 1.77ms 
756        INFO  main            d.u.i.k.p.i.AbstractProblemLoader Creating init config 
1747       DEBUG main            d.u.i.k.j.TypeConverter   No LDT found for Meta 
1747       DEBUG main            d.u.i.k.j.TypeConverter   No LDT found for Meta 
1748       DEBUG main            d.u.i.k.j.TypeConverter   No LDT found for Meta 
1748       DEBUG main            d.u.i.k.j.TypeConverter   No LDT found for Meta 
3108       DEBUG main            d.u.i.k.j.TypeConverter   No LDT found for JavaBigintExpression 
7681       DEBUG main            d.u.i.k.p.i.AbstractProblemLoader Init config took 6.92s 
7859       INFO  main            d.u.i.k.p.i.AbstractProblemLoader Replaying proof Harness[Harness::sparseArrayTestHarness1()].JML normal_behavior operation contract.0 
7892       DEBUG main            d.u.i.k.p.i.IntermediateProofReplayer Proof replay took 30ns 
9225       INFO  main            d.u.i.k.p.r.p.TestFile    ... finished proof: closed. 
9357       INFO  main            d.u.i.k.p.i.AbstractProblemLoader Loading environment from /home/runner/work/key/key/key.core/../key.ui/examples/heap/vacid0_01_SparseArray/Harness_sparseArrayTestHarness1.key.proof 
9362       DEBUG main            d.u.i.k.p.i.AbstractProblemLoader Environment load took 5ms 
9365       INFO  main            d.u.i.k.p.i.AbstractProblemLoader Creating init config 
12155      DEBUG main            d.u.i.k.p.i.AbstractProblemLoader Init config took 2.79s 
12231      INFO  main            d.u.i.k.p.i.AbstractProblemLoader Replaying proof Harness[Harness::sparseArrayTestHarness1()].JML normal_behavior operation contract.0 
12421      DEBUG main            d.u.i.k.p.i.IntermediateProofReplayer Proof replay took 181.42ms 
12429      DEBUG main            d.u.i.k.p.r.p.TestFile    ... success: reloaded. 
12432      INFO  main            d.u.i.k.p.r.p.TestFile    Now processing file /home/runner/work/key/key/key.core/../key.ui/examples/heap/vacid0_01_SparseArray/Harness_sparseArrayTestHarness2.key 
12432      INFO  main            d.u.i.k.p.i.AbstractProblemLoader Loading environment from /home/runner/work/key/key/key.core/../key.ui/examples/heap/vacid0_01_SparseArray/Harness_sparseArrayTestHarness2.key 
12434      DEBUG main            d.u.i.k.p.i.AbstractProblemLoader Environment load took 1.4ms 
12437      INFO  main            d.u.i.k.p.i.AbstractProblemLoader Creating init config 
15196      DEBUG main            d.u.i.k.p.i.AbstractProblemLoader Init config took 2.76s 
15266      INFO  main            d.u.i.k.p.i.AbstractProblemLoader Replaying proof Harness[Harness::sparseArrayTestHarness2()].JML normal_behavior operation contract.0 
15268      DEBUG main            d.u.i.k.p.i.IntermediateProofReplayer Proof replay took 5.5ns 
26047      INFO  main            d.u.i.k.p.r.p.TestFile    ... finished proof: closed. 
26253      INFO  main            d.u.i.k.p.i.AbstractProblemLoader Loading environment from /home/runner/work/key/key/key.core/../key.ui/examples/heap/vacid0_01_SparseArray/Harness_sparseArrayTestHarness2.key.proof 
26254      DEBUG main            d.u.i.k.p.i.AbstractProblemLoader Environment load took 709.21ns 
26264      INFO  main            d.u.i.k.p.i.AbstractProblemLoader Creating init config 
28935      DEBUG main            d.u.i.k.p.i.AbstractProblemLoader Init config took 2.67s 
28984      INFO  main            d.u.i.k.p.i.AbstractProblemLoader Replaying proof Harness[Harness::sparseArrayTestHarness2()].JML normal_behavior operation contract.0 
29991      DEBUG main            d.u.i.k.p.i.IntermediateProofReplayer Proof replay took 955.32ms 
29994      DEBUG main            d.u.i.k.p.r.p.TestFile    ... success: reloaded. 
29995      INFO  main            d.u.i.k.p.r.p.TestFile    Now processing file /home/runner/work/key/key/key.core/../key.ui/examples/heap/vacid0_01_SparseArray/MemoryAllocator_alloc_unsigned.key 
29995      INFO  main            d.u.i.k.p.i.AbstractProblemLoader Loading environment from /home/runner/work/key/key/key.core/../key.ui/examples/heap/vacid0_01_SparseArray/MemoryAllocator_alloc_unsigned.key 
29996      DEBUG main            d.u.i.k.p.i.AbstractProblemLoader Environment load took 201.4ns 
29997      INFO  main            d.u.i.k.p.i.AbstractProblemLoader Creating init config 
32618      DEBUG main            d.u.i.k.p.i.AbstractProblemLoader Init config took 2.62s 
32661      INFO  main            d.u.i.k.p.i.AbstractProblemLoader Replaying proof MemoryAllocator[MemoryAllocator::alloc_unsigned(int)].JML normal_behavior operation contract.0 
32663      DEBUG main            d.u.i.k.p.i.IntermediateProofReplayer Proof replay took 5.2ns 
33579      INFO  main            d.u.i.k.p.r.p.TestFile    ... finished proof: closed. 
33738      INFO  main            d.u.i.k.p.i.AbstractProblemLoader Loading environment from /home/runner/work/key/key/key.core/../key.ui/examples/heap/vacid0_01_SparseArray/MemoryAllocator_alloc_unsigned.key.proof 
33740      DEBUG main            d.u.i.k.p.i.AbstractProblemLoader Environment load took 1.28ms 
33741      INFO  main            d.u.i.k.p.i.AbstractProblemLoader Creating init config 
36280      DEBUG main            d.u.i.k.p.i.AbstractProblemLoader Init config took 2.54s 
36322      INFO  main            d.u.i.k.p.i.AbstractProblemLoader Replaying proof MemoryAllocator[MemoryAllocator::alloc_unsigned(int)].JML normal_behavior operation contract.0 
36478      DEBUG main            d.u.i.k.p.i.IntermediateProofReplayer Proof replay took 150.37ms 
36479      DEBUG main            d.u.i.k.p.r.p.TestFile    ... success: reloaded. 
36481      INFO  main            d.u.i.k.p.r.p.TestFile    Now processing file /home/runner/work/key/key/key.core/../key.ui/examples/heap/vacid0_01_SparseArray/MemoryAllocator_alloc.key 
36481      INFO  main            d.u.i.k.p.i.AbstractProblemLoader Loading environment from /home/runner/work/key/key/key.core/../key.ui/examples/heap/vacid0_01_SparseArray/MemoryAllocator_alloc.key 
36481      DEBUG main            d.u.i.k.p.i.AbstractProblemLoader Environment load took 192.1ns 
36482      INFO  main            d.u.i.k.p.i.AbstractProblemLoader Creating init config 
39057      DEBUG main            d.u.i.k.p.i.AbstractProblemLoader Init config took 2.57s 
39097      INFO  main            d.u.i.k.p.i.AbstractProblemLoader Replaying proof MemoryAllocator[MemoryAllocator::alloc(int)].JML normal_behavior operation contract.0 
39099      DEBUG main            d.u.i.k.p.i.IntermediateProofReplayer Proof replay took 5.9ns 
39602      INFO  main            d.u.i.k.p.r.p.TestFile    ... finished proof: closed. 
39768      INFO  main            d.u.i.k.p.i.AbstractProblemLoader Loading environment from /home/runner/work/key/key/key.core/../key.ui/examples/heap/vacid0_01_SparseArray/MemoryAllocator_alloc.key.proof 
39768      DEBUG main            d.u.i.k.p.i.AbstractProblemLoader Environment load took 553.6ns 
39770      INFO  main            d.u.i.k.p.i.AbstractProblemLoader Creating init config 
42300      DEBUG main            d.u.i.k.p.i.AbstractProblemLoader Init config took 2.53s 
42345      INFO  main            d.u.i.k.p.i.AbstractProblemLoader Replaying proof MemoryAllocator[MemoryAllocator::alloc(int)].JML normal_behavior operation contract.0 
42484      DEBUG main            d.u.i.k.p.i.IntermediateProofReplayer Proof replay took 125.37ms 
42485      DEBUG main            d.u.i.k.p.r.p.TestFile    ... success: reloaded. 
42486      INFO  main            d.u.i.k.p.r.p.TestFile    Now processing file /home/runner/work/key/key/key.core/../key.ui/examples/heap/vacid0_01_SparseArray/SparseArray_get_dep.key 
42486      INFO  main            d.u.i.k.p.i.AbstractProblemLoader Loading environment from /home/runner/work/key/key/key.core/../key.ui/examples/heap/vacid0_01_SparseArray/SparseArray_get_dep.key 
42487      DEBUG main            d.u.i.k.p.i.AbstractProblemLoader Environment load took 188.6ns 
42488      INFO  main            d.u.i.k.p.i.AbstractProblemLoader Creating init config 
45017      DEBUG main            d.u.i.k.p.i.AbstractProblemLoader Init config took 2.53s 
45098      INFO  main            d.u.i.k.p.i.AbstractProblemLoader Replaying proof SparseArray[SparseArray::get(int)].JML accessible clause.0 
45101      DEBUG main            d.u.i.k.p.i.IntermediateProofReplayer Proof replay took 5.5ns 
47317      INFO  main            d.u.i.k.p.r.p.TestFile    ... finished proof: closed. 
47481      INFO  main            d.u.i.k.p.i.AbstractProblemLoader Loading environment from /home/runner/work/key/key/key.core/../key.ui/examples/heap/vacid0_01_SparseArray/SparseArray_get_dep.key.proof 
47482      DEBUG main            d.u.i.k.p.i.AbstractProblemLoader Environment load took 871.11ns 
47483      INFO  main            d.u.i.k.p.i.AbstractProblemLoader Creating init config 
49986      DEBUG main            d.u.i.k.p.i.AbstractProblemLoader Init config took 2.5s 
50058      INFO  main            d.u.i.k.p.i.AbstractProblemLoader Replaying proof SparseArray[SparseArray::get(int)].JML accessible clause.0 
50225      DEBUG main            d.u.i.k.p.i.IntermediateProofReplayer Proof replay took 157.04ms 
50227      DEBUG main            d.u.i.k.p.r.p.TestFile    ... success: reloaded. 
50228      INFO  main            d.u.i.k.p.r.p.TestFile    Now processing file /home/runner/work/key/key/key.core/../key.ui/examples/heap/vacid0_01_SparseArray/SparseArray_get.key 
50229      INFO  main            d.u.i.k.p.i.AbstractProblemLoader Loading environment from /home/runner/work/key/key/key.core/../key.ui/examples/heap/vacid0_01_SparseArray/SparseArray_get.key 
50229      DEBUG main            d.u.i.k.p.i.AbstractProblemLoader Environment load took 213.3ns 
50230      INFO  main            d.u.i.k.p.i.AbstractProblemLoader Creating init config 
52777      DEBUG main            d.u.i.k.p.i.AbstractProblemLoader Init config took 2.55s 
52835      INFO  main            d.u.i.k.p.i.AbstractProblemLoader Replaying proof SparseArray[SparseArray::get(int)].JML normal_behavior operation contract.0 
52837      DEBUG main            d.u.i.k.p.i.IntermediateProofReplayer Proof replay took 5.3ns 
54863      INFO  main            d.u.i.k.p.r.p.TestFile    ... finished proof: closed. 
55116      INFO  main            d.u.i.k.p.i.AbstractProblemLoader Loading environment from /home/runner/work/key/key/key.core/../key.ui/examples/heap/vacid0_01_SparseArray/SparseArray_get.key.proof 
55117      DEBUG main            d.u.i.k.p.i.AbstractProblemLoader Environment load took 389.2ns 
55118      INFO  main            d.u.i.k.p.i.AbstractProblemLoader Creating init config 
57608      DEBUG main            d.u.i.k.p.i.AbstractProblemLoader Init config took 2.49s 
57676      INFO  main            d.u.i.k.p.i.AbstractProblemLoader Replaying proof SparseArray[SparseArray::get(int)].JML normal_behavior operation contract.0 
57838      DEBUG main            d.u.i.k.p.i.IntermediateProofReplayer Proof replay took 154.06ms 
57840      DEBUG main            d.u.i.k.p.r.p.TestFile    ... success: reloaded. 
57841      INFO  main            d.u.i.k.p.r.p.TestFile    Now processing file /home/runner/work/key/key/key.core/../key.ui/examples/heap/vacid0_01_SparseArray/SparseArray_inv.key 
57841      INFO  main            d.u.i.k.p.i.AbstractProblemLoader Loading environment from /home/runner/work/key/key/key.core/../key.ui/examples/heap/vacid0_01_SparseArray/SparseArray_inv.key 
57842      DEBUG main            d.u.i.k.p.i.AbstractProblemLoader Environment load took 203.8ns 
57842      INFO  main            d.u.i.k.p.i.AbstractProblemLoader Creating init config 
60381      DEBUG main            d.u.i.k.p.i.AbstractProblemLoader Init config took 2.54s 
60438      INFO  main            d.u.i.k.p.i.AbstractProblemLoader Replaying proof SparseArray[java.lang.Object::<inv>()].JML accessible clause.0 
60440      DEBUG main            d.u.i.k.p.i.IntermediateProofReplayer Proof replay took 6ns 
62144      INFO  main            d.u.i.k.p.r.p.TestFile    ... finished proof: closed. 
62319      INFO  main            d.u.i.k.p.i.AbstractProblemLoader Loading environment from /home/runner/work/key/key/key.core/../key.ui/examples/heap/vacid0_01_SparseArray/SparseArray_inv.key.proof 
62319      DEBUG main            d.u.i.k.p.i.AbstractProblemLoader Environment load took 421.8ns 
62320      INFO  main            d.u.i.k.p.i.AbstractProblemLoader Creating init config 
64780      DEBUG main            d.u.i.k.p.i.AbstractProblemLoader Init config took 2.46s 
64836      INFO  main            d.u.i.k.p.i.AbstractProblemLoader Replaying proof SparseArray[java.lang.Object::<inv>()].JML accessible clause.0 
64899      DEBUG main            d.u.i.k.p.i.IntermediateProofReplayer Proof replay took 57.87ms 
64900      DEBUG main            d.u.i.k.p.r.p.TestFile    ... success: reloaded. 
64901      INFO  main            d.u.i.k.p.r.p.TestFile    Now processing file /home/runner/work/key/key/key.core/../key.ui/examples/heap/vacid0_01_SparseArray/SparseArray_SparseArray.key 
64901      INFO  main            d.u.i.k.p.i.AbstractProblemLoader Loading environment from /home/runner/work/key/key/key.core/../key.ui/examples/heap/vacid0_01_SparseArray/SparseArray_SparseArray.key 
64902      DEBUG main            d.u.i.k.p.i.AbstractProblemLoader Environment load took 218.6ns 
64903      INFO  main            d.u.i.k.p.i.AbstractProblemLoader Creating init config 
67408      DEBUG main            d.u.i.k.p.i.AbstractProblemLoader Init config took 2.51s 
67464      INFO  main            d.u.i.k.p.i.AbstractProblemLoader Replaying proof SparseArray[SparseArray::SparseArray(int)].JML normal_behavior operation contract.0 
67465      DEBUG main            d.u.i.k.p.i.IntermediateProofReplayer Proof replay took 6.1ns 
70598      INFO  main            d.u.i.k.p.r.p.TestFile    ... finished proof: closed. 
70798      INFO  main            d.u.i.k.p.i.AbstractProblemLoader Loading environment from /home/runner/work/key/key/key.core/../key.ui/examples/heap/vacid0_01_SparseArray/SparseArray_SparseArray.key.proof 
70798      DEBUG main            d.u.i.k.p.i.AbstractProblemLoader Environment load took 382.8ns 
70800      INFO  main            d.u.i.k.p.i.AbstractProblemLoader Creating init config 
73263      DEBUG main            d.u.i.k.p.i.AbstractProblemLoader Init config took 2.46s 
73318      INFO  main            d.u.i.k.p.i.AbstractProblemLoader Replaying proof SparseArray[SparseArray::SparseArray(int)].JML normal_behavior operation contract.0 
73610      DEBUG main            d.u.i.k.p.i.IntermediateProofReplayer Proof replay took 282.63ms 
73611      DEBUG main            d.u.i.k.p.r.p.TestFile    ... success: reloaded. 
2015973    INFO  Test worker     d.u.i.k.p.r.p.StatisticsFile Returning from test VACID0 
2015974    INFO  Test worker     d.u.i.k.p.r.p.StatisticsFile Running test VSTTE10 
359        INFO  Timeout watchdog d.u.i.k.p.r.p.ForkedTestFileRunner Timeout watcher launched (2000 secs.) 
359        WARN  main            d.u.i.k.s.ProofSettings   The settings in /home/runner/.key/proof-settings.props are *not* read. 
392        INFO  main            d.u.i.k.p.r.p.TestFile    Now processing file /home/runner/work/key/key/key.core/../key.ui/examples/heap/vstte10_01_SumAndMax/SumAndMax_sumAndMax.key 
496        INFO  main            d.u.i.k.p.i.AbstractProblemLoader Loading environment from /home/runner/work/key/key/key.core/../key.ui/examples/heap/vstte10_01_SumAndMax/SumAndMax_sumAndMax.key 
513        DEBUG main            d.u.i.k.p.i.AbstractProblemLoader Environment load took 2.11ms 
723        INFO  main            d.u.i.k.p.i.AbstractProblemLoader Creating init config 
1538       DEBUG main            d.u.i.k.j.TypeConverter   No LDT found for Meta 
1543       DEBUG main            d.u.i.k.j.TypeConverter   No LDT found for Meta 
1553       DEBUG main            d.u.i.k.j.TypeConverter   No LDT found for Meta 
1553       DEBUG main            d.u.i.k.j.TypeConverter   No LDT found for Meta 
2731       DEBUG main            d.u.i.k.j.TypeConverter   No LDT found for JavaBigintExpression 
8029       DEBUG main            d.u.i.k.p.i.AbstractProblemLoader Init config took 7.31s 
8209       INFO  main            d.u.i.k.p.i.AbstractProblemLoader Replaying proof SumAndMax[SumAndMax::sumAndMax([I)].JML normal_behavior operation contract.0 
8244       DEBUG main            d.u.i.k.p.i.IntermediateProofReplayer Proof replay took 29.9ns 
13083      INFO  main            d.u.i.k.p.r.p.TestFile    ... finished proof: closed. 
13249      INFO  main            d.u.i.k.p.i.AbstractProblemLoader Loading environment from /home/runner/work/key/key/key.core/../key.ui/examples/heap/vstte10_01_SumAndMax/SumAndMax_sumAndMax.key.proof 
13250      DEBUG main            d.u.i.k.p.i.AbstractProblemLoader Environment load took 651.9ns 
13252      INFO  main            d.u.i.k.p.i.AbstractProblemLoader Creating init config 
16092      DEBUG main            d.u.i.k.p.i.AbstractProblemLoader Init config took 2.84s 
16188      INFO  main            d.u.i.k.p.i.AbstractProblemLoader Replaying proof SumAndMax[SumAndMax::sumAndMax([I)].JML normal_behavior operation contract.0 
16653      DEBUG main            d.u.i.k.p.i.IntermediateProofReplayer Proof replay took 442.67ms 
16662      DEBUG main            d.u.i.k.p.r.p.TestFile    ... success: reloaded. 
16668      INFO  main            d.u.i.k.p.r.p.TestFile    Now processing file /home/runner/work/key/key/key.core/../key.ui/examples/heap/vstte10_03_LinkedList/Node_cons.key 
16668      INFO  main            d.u.i.k.p.i.AbstractProblemLoader Loading environment from /home/runner/work/key/key/key.core/../key.ui/examples/heap/vstte10_03_LinkedList/Node_cons.key 
16668      DEBUG main            d.u.i.k.p.i.AbstractProblemLoader Environment load took 113.3ns 
16671      INFO  main            d.u.i.k.p.i.AbstractProblemLoader Creating init config 
19516      DEBUG main            d.u.i.k.p.i.AbstractProblemLoader Init config took 2.84s 
19578      INFO  main            d.u.i.k.p.i.AbstractProblemLoader Replaying proof Node[Node::cons(int,Node)].JML normal_behavior operation contract.0 
19580      DEBUG main            d.u.i.k.p.i.IntermediateProofReplayer Proof replay took 5ns 
20988      INFO  main            d.u.i.k.p.r.p.TestFile    ... finished proof: closed. 
21137      INFO  main            d.u.i.k.p.i.AbstractProblemLoader Loading environment from /home/runner/work/key/key/key.core/../key.ui/examples/heap/vstte10_03_LinkedList/Node_cons.key.proof 
21137      DEBUG main            d.u.i.k.p.i.AbstractProblemLoader Environment load took 136ns 
21139      INFO  main            d.u.i.k.p.i.AbstractProblemLoader Creating init config 
23751      DEBUG main            d.u.i.k.p.i.AbstractProblemLoader Init config took 2.61s 
23805      INFO  main            d.u.i.k.p.i.AbstractProblemLoader Replaying proof Node[Node::cons(int,Node)].JML normal_behavior operation contract.0 
23990      DEBUG main            d.u.i.k.p.i.IntermediateProofReplayer Proof replay took 173ms 
23991      DEBUG main            d.u.i.k.p.r.p.TestFile    ... success: reloaded. 
23992      INFO  main            d.u.i.k.p.r.p.TestFile    Now processing file /home/runner/work/key/key/key.core/../key.ui/examples/heap/vstte10_03_LinkedList/Node_inv.key 
23993      INFO  main            d.u.i.k.p.i.AbstractProblemLoader Loading environment from /home/runner/work/key/key/key.core/../key.ui/examples/heap/vstte10_03_LinkedList/Node_inv.key 
23993      DEBUG main            d.u.i.k.p.i.AbstractProblemLoader Environment load took 200.1ns 
23994      INFO  main            d.u.i.k.p.i.AbstractProblemLoader Creating init config 
26614      DEBUG main            d.u.i.k.p.i.AbstractProblemLoader Init config took 2.62s 
26667      INFO  main            d.u.i.k.p.i.AbstractProblemLoader Replaying proof Node[java.lang.Object::<inv>()].JML accessible clause.0 
26669      DEBUG main            d.u.i.k.p.i.IntermediateProofReplayer Proof replay took 5.6ns 
26985      INFO  main            d.u.i.k.p.r.p.TestFile    ... finished proof: closed. 
27128      INFO  main            d.u.i.k.p.i.AbstractProblemLoader Loading environment from /home/runner/work/key/key/key.core/../key.ui/examples/heap/vstte10_03_LinkedList/Node_inv.key.proof 
27129      DEBUG main            d.u.i.k.p.i.AbstractProblemLoader Environment load took 116.4ns 
27130      INFO  main            d.u.i.k.p.i.AbstractProblemLoader Creating init config 
29741      DEBUG main            d.u.i.k.p.i.AbstractProblemLoader Init config took 2.61s 
29790      INFO  main            d.u.i.k.p.i.AbstractProblemLoader Replaying proof Node[java.lang.Object::<inv>()].JML accessible clause.0 
29816      DEBUG main            d.u.i.k.p.i.IntermediateProofReplayer Proof replay took 22.26ms 
29817      DEBUG main            d.u.i.k.p.r.p.TestFile    ... success: reloaded. 
29818      INFO  main            d.u.i.k.p.r.p.TestFile    Now processing file /home/runner/work/key/key/key.core/../key.ui/examples/heap/vstte10_03_LinkedList/Node_search.key 
29818      INFO  main            d.u.i.k.p.i.AbstractProblemLoader Loading environment from /home/runner/work/key/key/key.core/../key.ui/examples/heap/vstte10_03_LinkedList/Node_search.key 
29818      DEBUG main            d.u.i.k.p.i.AbstractProblemLoader Environment load took 114.7ns 
29819      INFO  main            d.u.i.k.p.i.AbstractProblemLoader Creating init config 
32441      DEBUG main            d.u.i.k.p.i.AbstractProblemLoader Init config took 2.62s 
32495      INFO  main            d.u.i.k.p.i.AbstractProblemLoader Replaying proof Node[Node::search()].JML normal_behavior operation contract.0 
32498      DEBUG main            d.u.i.k.p.i.IntermediateProofReplayer Proof replay took 7.6ns 
38463      INFO  main            d.u.i.k.p.r.p.TestFile    ... finished proof: closed. 
38652      INFO  main            d.u.i.k.p.i.AbstractProblemLoader Loading environment from /home/runner/work/key/key/key.core/../key.ui/examples/heap/vstte10_03_LinkedList/Node_search.key.proof 
38652      DEBUG main            d.u.i.k.p.i.AbstractProblemLoader Environment load took 214.7ns 
38654      INFO  main            d.u.i.k.p.i.AbstractProblemLoader Creating init config 
41214      DEBUG main            d.u.i.k.p.i.AbstractProblemLoader Init config took 2.56s 
41262      INFO  main            d.u.i.k.p.i.AbstractProblemLoader Replaying proof Node[Node::search()].JML normal_behavior operation contract.0 
41695      DEBUG main            d.u.i.k.p.i.IntermediateProofReplayer Proof replay took 389.65ms 
41697      DEBUG main            d.u.i.k.p.r.p.TestFile    ... success: reloaded. 
41698      INFO  main            d.u.i.k.p.r.p.TestFile    Now processing file /home/runner/work/key/key/key.core/../key.ui/examples/heap/vstte10_04_Queens/Queens_isConsistent.key 
41699      INFO  main            d.u.i.k.p.i.AbstractProblemLoader Loading environment from /home/runner/work/key/key/key.core/../key.ui/examples/heap/vstte10_04_Queens/Queens_isConsistent.key 
41699      DEBUG main            d.u.i.k.p.i.AbstractProblemLoader Environment load took 196.5ns 
41700      INFO  main            d.u.i.k.p.i.AbstractProblemLoader Creating init config 
44587      DEBUG main            d.u.i.k.p.i.AbstractProblemLoader Init config took 2.89s 
44627      INFO  main            d.u.i.k.p.i.AbstractProblemLoader Replaying proof Queens[Queens::isConsistent([I,int)].JML normal_behavior operation contract.0 
44629      DEBUG main            d.u.i.k.p.i.IntermediateProofReplayer Proof replay took 4.8ns 
46439      INFO  main            d.u.i.k.p.r.p.TestFile    ... finished proof: closed. 
46636      INFO  main            d.u.i.k.p.i.AbstractProblemLoader Loading environment from /home/runner/work/key/key/key.core/../key.ui/examples/heap/vstte10_04_Queens/Queens_isConsistent.key.proof 
46636      DEBUG main            d.u.i.k.p.i.AbstractProblemLoader Environment load took 120.5ns 
46637      INFO  main            d.u.i.k.p.i.AbstractProblemLoader Creating init config 
49254      DEBUG main            d.u.i.k.p.i.AbstractProblemLoader Init config took 2.62s 
49295      INFO  main            d.u.i.k.p.i.AbstractProblemLoader Replaying proof Queens[Queens::isConsistent([I,int)].JML normal_behavior operation contract.0 
49564      DEBUG main            d.u.i.k.p.i.IntermediateProofReplayer Proof replay took 260.19ms 
49565      DEBUG main            d.u.i.k.p.r.p.TestFile    ... success: reloaded. 
49566      INFO  main            d.u.i.k.p.r.p.TestFile    Now processing file /home/runner/work/key/key/key.core/../key.ui/examples/heap/vstte10_04_Queens/Queens_nQueens.key 
49567      INFO  main            d.u.i.k.p.i.AbstractProblemLoader Loading environment from /home/runner/work/key/key/key.core/../key.ui/examples/heap/vstte10_04_Queens/Queens_nQueens.key 
49567      DEBUG main            d.u.i.k.p.i.AbstractProblemLoader Environment load took 207.9ns 
49568      INFO  main            d.u.i.k.p.i.AbstractProblemLoader Creating init config 
52219      DEBUG main            d.u.i.k.p.i.AbstractProblemLoader Init config took 2.65s 
52260      INFO  main            d.u.i.k.p.i.AbstractProblemLoader Replaying proof Queens[Queens::nQueens(int)].JML normal_behavior operation contract.0 
52262      DEBUG main            d.u.i.k.p.i.IntermediateProofReplayer Proof replay took 5.1ns 
65139      INFO  main            d.u.i.k.p.r.p.TestFile    ... finished proof: closed. 
65353      INFO  main            d.u.i.k.p.i.AbstractProblemLoader Loading environment from /home/runner/work/key/key/key.core/../key.ui/examples/heap/vstte10_04_Queens/Queens_nQueens.key.proof 
65354      DEBUG main            d.u.i.k.p.i.AbstractProblemLoader Environment load took 405.2ns 
65355      INFO  main            d.u.i.k.p.i.AbstractProblemLoader Creating init config 
67968      DEBUG main            d.u.i.k.p.i.AbstractProblemLoader Init config took 2.61s 
68026      INFO  main            d.u.i.k.p.i.AbstractProblemLoader Replaying proof Queens[Queens::nQueens(int)].JML normal_behavior operation contract.0 
68438      DEBUG main            d.u.i.k.p.i.IntermediateProofReplayer Proof replay took 392.82ms 
68439      DEBUG main            d.u.i.k.p.r.p.TestFile    ... success: reloaded. 
68440      INFO  main            d.u.i.k.p.r.p.TestFile    Now processing file /home/runner/work/key/key/key.core/../key.ui/examples/heap/vstte10_05_Queue/AmortizedQueue_AmortizedQueue.key 
68440      INFO  main            d.u.i.k.p.i.AbstractProblemLoader Loading environment from /home/runner/work/key/key/key.core/../key.ui/examples/heap/vstte10_05_Queue/AmortizedQueue_AmortizedQueue.key 
68441      DEBUG main            d.u.i.k.p.i.AbstractProblemLoader Environment load took 96.3ns 
68441      INFO  main            d.u.i.k.p.i.AbstractProblemLoader Creating init config 
71210      DEBUG main            d.u.i.k.p.i.AbstractProblemLoader Init config took 2.77s 
71260      INFO  main            d.u.i.k.p.i.AbstractProblemLoader Replaying proof AmortizedQueue[AmortizedQueue::AmortizedQueue()].JML normal_behavior operation contract.0 
71261      DEBUG main            d.u.i.k.p.i.IntermediateProofReplayer Proof replay took 5.9ns 
72666      INFO  main            d.u.i.k.p.r.p.TestFile    ... finished proof: closed. 
72848      INFO  main            d.u.i.k.p.i.AbstractProblemLoader Loading environment from /home/runner/work/key/key/key.core/../key.ui/examples/heap/vstte10_05_Queue/AmortizedQueue_AmortizedQueue.key.proof 
72849      DEBUG main            d.u.i.k.p.i.AbstractProblemLoader Environment load took 405.9ns 
72850      INFO  main            d.u.i.k.p.i.AbstractProblemLoader Creating init config 
75482      DEBUG main            d.u.i.k.p.i.AbstractProblemLoader Init config took 2.63s 
75531      INFO  main            d.u.i.k.p.i.AbstractProblemLoader Replaying proof AmortizedQueue[AmortizedQueue::AmortizedQueue()].JML normal_behavior operation contract.0 
75698      DEBUG main            d.u.i.k.p.i.IntermediateProofReplayer Proof replay took 160.17ms 
75699      DEBUG main            d.u.i.k.p.r.p.TestFile    ... success: reloaded. 
75700      INFO  main            d.u.i.k.p.r.p.TestFile    Now processing file /home/runner/work/key/key/key.core/../key.ui/examples/heap/vstte10_05_Queue/AmortizedQueue_front.key 
75701      INFO  main            d.u.i.k.p.i.AbstractProblemLoader Loading environment from /home/runner/work/key/key/key.core/../key.ui/examples/heap/vstte10_05_Queue/AmortizedQueue_front.key 
75701      DEBUG main            d.u.i.k.p.i.AbstractProblemLoader Environment load took 220.6ns 
75702      INFO  main            d.u.i.k.p.i.AbstractProblemLoader Creating init config 
78340      DEBUG main            d.u.i.k.p.i.AbstractProblemLoader Init config took 2.64s 
78404      INFO  main            d.u.i.k.p.i.AbstractProblemLoader Replaying proof AmortizedQueue[AmortizedQueue::front()].JML normal_behavior operation contract.0 
78405      DEBUG main            d.u.i.k.p.i.IntermediateProofReplayer Proof replay took 5.7ns 
78908      INFO  main            d.u.i.k.p.r.p.TestFile    ... finished proof: closed. 
79097      INFO  main            d.u.i.k.p.i.AbstractProblemLoader Loading environment from /home/runner/work/key/key/key.core/../key.ui/examples/heap/vstte10_05_Queue/AmortizedQueue_front.key.proof 
79097      DEBUG main            d.u.i.k.p.i.AbstractProblemLoader Environment load took 109.6ns 
79098      INFO  main            d.u.i.k.p.i.AbstractProblemLoader Creating init config 
81688      DEBUG main            d.u.i.k.p.i.AbstractProblemLoader Init config took 2.59s 
81730      INFO  main            d.u.i.k.p.i.AbstractProblemLoader Replaying proof AmortizedQueue[AmortizedQueue::front()].JML normal_behavior operation contract.0 
81766      DEBUG main            d.u.i.k.p.i.IntermediateProofReplayer Proof replay took 33.13ms 
81767      DEBUG main            d.u.i.k.p.r.p.TestFile    ... success: reloaded. 
81768      INFO  main            d.u.i.k.p.r.p.TestFile    Now processing file /home/runner/work/key/key/key.core/../key.ui/examples/heap/vstte10_05_Queue/LinkedList_concat.key 
81768      INFO  main            d.u.i.k.p.i.AbstractProblemLoader Loading environment from /home/runner/work/key/key/key.core/../key.ui/examples/heap/vstte10_05_Queue/LinkedList_concat.key 
81769      DEBUG main            d.u.i.k.p.i.AbstractProblemLoader Environment load took 91.2ns 
81769      INFO  main            d.u.i.k.p.i.AbstractProblemLoader Creating init config 
84455      DEBUG main            d.u.i.k.p.i.AbstractProblemLoader Init config took 2.69s 
84500      INFO  main            d.u.i.k.p.i.AbstractProblemLoader Replaying proof LinkedList[LinkedList::concat(LinkedList)].JML normal_behavior operation contract.0 
84501      DEBUG main            d.u.i.k.p.i.IntermediateProofReplayer Proof replay took 5.7ns 
92228      INFO  main            d.u.i.k.p.r.p.TestFile    ... finished proof: closed. 
92493      INFO  main            d.u.i.k.p.i.AbstractProblemLoader Loading environment from /home/runner/work/key/key/key.core/../key.ui/examples/heap/vstte10_05_Queue/LinkedList_concat.key.proof 
92493      DEBUG main            d.u.i.k.p.i.AbstractProblemLoader Environment load took 396.8ns 
92496      INFO  main            d.u.i.k.p.i.AbstractProblemLoader Creating init config 
95135      DEBUG main            d.u.i.k.p.i.AbstractProblemLoader Init config took 2.64s 
95182      INFO  main            d.u.i.k.p.i.AbstractProblemLoader Replaying proof LinkedList[LinkedList::concat(LinkedList)].JML normal_behavior operation contract.0 
95657      DEBUG main            d.u.i.k.p.i.IntermediateProofReplayer Proof replay took 439.87ms 
95662      DEBUG main            d.u.i.k.p.r.p.TestFile    ... success: reloaded. 
95663      INFO  main            d.u.i.k.p.r.p.TestFile    Now processing file /home/runner/work/key/key/key.core/../key.ui/examples/heap/vstte10_05_Queue/LinkedList_cons.key 
95663      INFO  main            d.u.i.k.p.i.AbstractProblemLoader Loading environment from /home/runner/work/key/key/key.core/../key.ui/examples/heap/vstte10_05_Queue/LinkedList_cons.key 
95664      DEBUG main            d.u.i.k.p.i.AbstractProblemLoader Environment load took 188.3ns 
95665      INFO  main            d.u.i.k.p.i.AbstractProblemLoader Creating init config 
98305      DEBUG main            d.u.i.k.p.i.AbstractProblemLoader Init config took 2.64s 
98369      INFO  main            d.u.i.k.p.i.AbstractProblemLoader Replaying proof LinkedList[LinkedList::cons(int)].JML normal_behavior operation contract.0 
98370      DEBUG main            d.u.i.k.p.i.IntermediateProofReplayer Proof replay took 5.6ns 
100578     INFO  main            d.u.i.k.p.r.p.TestFile    ... finished proof: closed. 
100776     INFO  main            d.u.i.k.p.i.AbstractProblemLoader Loading environment from /home/runner/work/key/key/key.core/../key.ui/examples/heap/vstte10_05_Queue/LinkedList_cons.key.proof 
100776     DEBUG main            d.u.i.k.p.i.AbstractProblemLoader Environment load took 389.9ns 
100778     INFO  main            d.u.i.k.p.i.AbstractProblemLoader Creating init config 
103353     DEBUG main            d.u.i.k.p.i.AbstractProblemLoader Init config took 2.58s 
103396     INFO  main            d.u.i.k.p.i.AbstractProblemLoader Replaying proof LinkedList[LinkedList::cons(int)].JML normal_behavior operation contract.0 
103573     DEBUG main            d.u.i.k.p.i.IntermediateProofReplayer Proof replay took 166.46ms 
103574     DEBUG main            d.u.i.k.p.r.p.TestFile    ... success: reloaded. 
103575     INFO  main            d.u.i.k.p.r.p.TestFile    Now processing file /home/runner/work/key/key/key.core/../key.ui/examples/heap/vstte10_05_Queue/LinkedList_head.key 
103575     INFO  main            d.u.i.k.p.i.AbstractProblemLoader Loading environment from /home/runner/work/key/key/key.core/../key.ui/examples/heap/vstte10_05_Queue/LinkedList_head.key 
103576     DEBUG main            d.u.i.k.p.i.AbstractProblemLoader Environment load took 192.7ns 
103576     INFO  main            d.u.i.k.p.i.AbstractProblemLoader Creating init config 
106207     DEBUG main            d.u.i.k.p.i.AbstractProblemLoader Init config took 2.63s 
106250     INFO  main            d.u.i.k.p.i.AbstractProblemLoader Replaying proof LinkedList[LinkedList::head()].JML normal_behavior operation contract.0 
106252     DEBUG main            d.u.i.k.p.i.IntermediateProofReplayer Proof replay took 5.9ns 
106354     INFO  main            d.u.i.k.p.r.p.TestFile    ... finished proof: closed. 
106542     INFO  main            d.u.i.k.p.i.AbstractProblemLoader Loading environment from /home/runner/work/key/key/key.core/../key.ui/examples/heap/vstte10_05_Queue/LinkedList_head.key.proof 
106542     DEBUG main            d.u.i.k.p.i.AbstractProblemLoader Environment load took 113ns 
106543     INFO  main            d.u.i.k.p.i.AbstractProblemLoader Creating init config 
109160     DEBUG main            d.u.i.k.p.i.AbstractProblemLoader Init config took 2.62s 
109203     INFO  main            d.u.i.k.p.i.AbstractProblemLoader Replaying proof LinkedList[LinkedList::head()].JML normal_behavior operation contract.0 
109214     DEBUG main            d.u.i.k.p.i.IntermediateProofReplayer Proof replay took 9.99ms 
109215     DEBUG main            d.u.i.k.p.r.p.TestFile    ... success: reloaded. 
109216     INFO  main            d.u.i.k.p.r.p.TestFile    Now processing file /home/runner/work/key/key/key.core/../key.ui/examples/heap/vstte10_05_Queue/LinkedList_inv.key 
109216     INFO  main            d.u.i.k.p.i.AbstractProblemLoader Loading environment from /home/runner/work/key/key/key.core/../key.ui/examples/heap/vstte10_05_Queue/LinkedList_inv.key 
109216     DEBUG main            d.u.i.k.p.i.AbstractProblemLoader Environment load took 59.9ns 
109217     INFO  main            d.u.i.k.p.i.AbstractProblemLoader Creating init config 
111807     DEBUG main            d.u.i.k.p.i.AbstractProblemLoader Init config took 2.59s 
111849     INFO  main            d.u.i.k.p.i.AbstractProblemLoader Replaying proof LinkedList[java.lang.Object::<inv>()].JML accessible clause.0 
111851     DEBUG main            d.u.i.k.p.i.IntermediateProofReplayer Proof replay took 6.2ns 
112154     INFO  main            d.u.i.k.p.r.p.TestFile    ... finished proof: closed. 
112358     INFO  main            d.u.i.k.p.i.AbstractProblemLoader Loading environment from /home/runner/work/key/key/key.core/../key.ui/examples/heap/vstte10_05_Queue/LinkedList_inv.key.proof 
112358     DEBUG main            d.u.i.k.p.i.AbstractProblemLoader Environment load took 113.5ns 
112359     INFO  main            d.u.i.k.p.i.AbstractProblemLoader Creating init config 
114938     DEBUG main            d.u.i.k.p.i.AbstractProblemLoader Init config took 2.58s 
114982     INFO  main            d.u.i.k.p.i.AbstractProblemLoader Replaying proof LinkedList[java.lang.Object::<inv>()].JML accessible clause.0 
115002     DEBUG main            d.u.i.k.p.i.IntermediateProofReplayer Proof replay took 17.22ms 
115003     DEBUG main            d.u.i.k.p.r.p.TestFile    ... success: reloaded. 
115004     INFO  main            d.u.i.k.p.r.p.TestFile    Now processing file /home/runner/work/key/key/key.core/../key.ui/examples/heap/vstte10_05_Queue/LinkedList_length.key 
115005     INFO  main            d.u.i.k.p.i.AbstractProblemLoader Loading environment from /home/runner/work/key/key/key.core/../key.ui/examples/heap/vstte10_05_Queue/LinkedList_length.key 
115005     DEBUG main            d.u.i.k.p.i.AbstractProblemLoader Environment load took 134.8ns 
115006     INFO  main            d.u.i.k.p.i.AbstractProblemLoader Creating init config 
117625     DEBUG main            d.u.i.k.p.i.AbstractProblemLoader Init config took 2.62s 
117700     INFO  main            d.u.i.k.p.i.AbstractProblemLoader Replaying proof LinkedList[LinkedList::length()].JML normal_behavior operation contract.0 
117703     DEBUG main            d.u.i.k.p.i.IntermediateProofReplayer Proof replay took 6ns 
117805     INFO  main            d.u.i.k.p.r.p.TestFile    ... finished proof: closed. 
118003     INFO  main            d.u.i.k.p.i.AbstractProblemLoader Loading environment from /home/runner/work/key/key/key.core/../key.ui/examples/heap/vstte10_05_Queue/LinkedList_length.key.proof 
118003     DEBUG main            d.u.i.k.p.i.AbstractProblemLoader Environment load took 111.8ns 
118004     INFO  main            d.u.i.k.p.i.AbstractProblemLoader Creating init config 
120594     DEBUG main            d.u.i.k.p.i.AbstractProblemLoader Init config took 2.59s 
120636     INFO  main            d.u.i.k.p.i.AbstractProblemLoader Replaying proof LinkedList[LinkedList::length()].JML normal_behavior operation contract.0 
120647     DEBUG main            d.u.i.k.p.i.IntermediateProofReplayer Proof replay took 9.61ms 
120648     DEBUG main            d.u.i.k.p.r.p.TestFile    ... success: reloaded. 
120649     INFO  main            d.u.i.k.p.r.p.TestFile    Now processing file /home/runner/work/key/key/key.core/../key.ui/examples/heap/vstte10_05_Queue/LinkedList_LinkedList1.key 
120649     INFO  main            d.u.i.k.p.i.AbstractProblemLoader Loading environment from /home/runner/work/key/key/key.core/../key.ui/examples/heap/vstte10_05_Queue/LinkedList_LinkedList1.key 
120649     DEBUG main            d.u.i.k.p.i.AbstractProblemLoader Environment load took 107.6ns 
120650     INFO  main            d.u.i.k.p.i.AbstractProblemLoader Creating init config 
123229     DEBUG main            d.u.i.k.p.i.AbstractProblemLoader Init config took 2.58s 
123290     INFO  main            d.u.i.k.p.i.AbstractProblemLoader Replaying proof LinkedList[LinkedList::LinkedList(int,LinkedList)].JML normal_behavior operation contract.0 
123291     DEBUG main            d.u.i.k.p.i.IntermediateProofReplayer Proof replay took 6.8ns 
125099     INFO  main            d.u.i.k.p.r.p.TestFile    ... finished proof: closed. 
125332     INFO  main            d.u.i.k.p.i.AbstractProblemLoader Loading environment from /home/runner/work/key/key/key.core/../key.ui/examples/heap/vstte10_05_Queue/LinkedList_LinkedList1.key.proof 
125333     DEBUG main            d.u.i.k.p.i.AbstractProblemLoader Environment load took 412.2ns 
125334     INFO  main            d.u.i.k.p.i.AbstractProblemLoader Creating init config 
127883     DEBUG main            d.u.i.k.p.i.AbstractProblemLoader Init config took 2.55s 
127935     INFO  main            d.u.i.k.p.i.AbstractProblemLoader Replaying proof LinkedList[LinkedList::LinkedList(int,LinkedList)].JML normal_behavior operation contract.0 
128095     DEBUG main            d.u.i.k.p.i.IntermediateProofReplayer Proof replay took 153.15ms 
128096     DEBUG main            d.u.i.k.p.r.p.TestFile    ... success: reloaded. 
128097     INFO  main            d.u.i.k.p.r.p.TestFile    Now processing file /home/runner/work/key/key/key.core/../key.ui/examples/heap/vstte10_05_Queue/LinkedList_LinkedList2.key 
128098     INFO  main            d.u.i.k.p.i.AbstractProblemLoader Loading environment from /home/runner/work/key/key/key.core/../key.ui/examples/heap/vstte10_05_Queue/LinkedList_LinkedList2.key 
128098     DEBUG main            d.u.i.k.p.i.AbstractProblemLoader Environment load took 202.6ns 
128099     INFO  main            d.u.i.k.p.i.AbstractProblemLoader Creating init config 
130746     DEBUG main            d.u.i.k.p.i.AbstractProblemLoader Init config took 2.65s 
130789     INFO  main            d.u.i.k.p.i.AbstractProblemLoader Replaying proof LinkedList[LinkedList::LinkedList(int,LinkedList)].JML normal_behavior operation contract.0 
130791     DEBUG main            d.u.i.k.p.i.IntermediateProofReplayer Proof replay took 5.6ns 
132609     INFO  main            d.u.i.k.p.r.p.TestFile    ... finished proof: closed. 
132842     INFO  main            d.u.i.k.p.i.AbstractProblemLoader Loading environment from /home/runner/work/key/key/key.core/../key.ui/examples/heap/vstte10_05_Queue/LinkedList_LinkedList2.key.proof 
132842     DEBUG main            d.u.i.k.p.i.AbstractProblemLoader Environment load took 248.6ns 
132844     INFO  main            d.u.i.k.p.i.AbstractProblemLoader Creating init config 
135393     DEBUG main            d.u.i.k.p.i.AbstractProblemLoader Init config took 2.55s 
135434     INFO  main            d.u.i.k.p.i.AbstractProblemLoader Replaying proof LinkedList[LinkedList::LinkedList(int,LinkedList)].JML normal_behavior operation contract.0 
135590     DEBUG main            d.u.i.k.p.i.IntermediateProofReplayer Proof replay took 149.17ms 
135591     DEBUG main            d.u.i.k.p.r.p.TestFile    ... success: reloaded. 
135591     INFO  main            d.u.i.k.p.r.p.TestFile    Now processing file /home/runner/work/key/key/key.core/../key.ui/examples/heap/vstte10_05_Queue/LinkedList_LinkedList3.key 
135592     INFO  main            d.u.i.k.p.i.AbstractProblemLoader Loading environment from /home/runner/work/key/key/key.core/../key.ui/examples/heap/vstte10_05_Queue/LinkedList_LinkedList3.key 
135592     DEBUG main            d.u.i.k.p.i.AbstractProblemLoader Environment load took 59.9ns 
135593     INFO  main            d.u.i.k.p.i.AbstractProblemLoader Creating init config 
138187     DEBUG main            d.u.i.k.p.i.AbstractProblemLoader Init config took 2.59s 
138229     INFO  main            d.u.i.k.p.i.AbstractProblemLoader Replaying proof LinkedList[LinkedList::LinkedList(int,LinkedList)].JML normal_behavior operation contract.0 
138230     DEBUG main            d.u.i.k.p.i.IntermediateProofReplayer Proof replay took 5.3ns 
151091     INFO  main            d.u.i.k.p.r.p.TestFile    ... finished proof: closed. 
151412     INFO  main            d.u.i.k.p.i.AbstractProblemLoader Loading environment from /home/runner/work/key/key/key.core/../key.ui/examples/heap/vstte10_05_Queue/LinkedList_LinkedList3.key.proof 
151413     DEBUG main            d.u.i.k.p.i.AbstractProblemLoader Environment load took 418.7ns 
151418     INFO  main            d.u.i.k.p.i.AbstractProblemLoader Creating init config 
153970     DEBUG main            d.u.i.k.p.i.AbstractProblemLoader Init config took 2.55s 
154013     INFO  main            d.u.i.k.p.i.AbstractProblemLoader Replaying proof LinkedList[LinkedList::LinkedList(int,LinkedList)].JML normal_behavior operation contract.0 
154952     DEBUG main            d.u.i.k.p.i.IntermediateProofReplayer Proof replay took 858.2ms 
154957     DEBUG main            d.u.i.k.p.r.p.TestFile    ... success: reloaded. 
154957     INFO  main            d.u.i.k.p.r.p.TestFile    Now processing file /home/runner/work/key/key/key.core/../key.ui/examples/heap/vstte10_05_Queue/LinkedList_reverse.key 
154958     INFO  main            d.u.i.k.p.i.AbstractProblemLoader Loading environment from /home/runner/work/key/key/key.core/../key.ui/examples/heap/vstte10_05_Queue/LinkedList_reverse.key 
154958     DEBUG main            d.u.i.k.p.i.AbstractProblemLoader Environment load took 94.8ns 
154959     INFO  main            d.u.i.k.p.i.AbstractProblemLoader Creating init config 
157645     DEBUG main            d.u.i.k.p.i.AbstractProblemLoader Init config took 2.69s 
157687     INFO  main            d.u.i.k.p.i.AbstractProblemLoader Replaying proof LinkedList[LinkedList::reverse()].JML normal_behavior operation contract.0 
157688     DEBUG main            d.u.i.k.p.i.IntermediateProofReplayer Proof replay took 5.2ns 
166307     INFO  main            d.u.i.k.p.r.p.TestFile    ... finished proof: closed. 
166580     INFO  main            d.u.i.k.p.i.AbstractProblemLoader Loading environment from /home/runner/work/key/key/key.core/../key.ui/examples/heap/vstte10_05_Queue/LinkedList_reverse.key.proof 
166584     DEBUG main            d.u.i.k.p.i.AbstractProblemLoader Environment load took 5.49ms 
166586     INFO  main            d.u.i.k.p.i.AbstractProblemLoader Creating init config 
169163     DEBUG main            d.u.i.k.p.i.AbstractProblemLoader Init config took 2.58s 
169204     INFO  main            d.u.i.k.p.i.AbstractProblemLoader Replaying proof LinkedList[LinkedList::reverse()].JML normal_behavior operation contract.0 
169678     DEBUG main            d.u.i.k.p.i.IntermediateProofReplayer Proof replay took 448.15ms 
169681     DEBUG main            d.u.i.k.p.r.p.TestFile    ... success: reloaded. 
169682     INFO  main            d.u.i.k.p.r.p.TestFile    Now processing file /home/runner/work/key/key/key.core/../key.ui/examples/heap/vstte10_05_Queue/LinkedList_tail.key 
169682     INFO  main            d.u.i.k.p.i.AbstractProblemLoader Loading environment from /home/runner/work/key/key/key.core/../key.ui/examples/heap/vstte10_05_Queue/LinkedList_tail.key 
169682     DEBUG main            d.u.i.k.p.i.AbstractProblemLoader Environment load took 75.4ns 
169683     INFO  main            d.u.i.k.p.i.AbstractProblemLoader Creating init config 
172273     DEBUG main            d.u.i.k.p.i.AbstractProblemLoader Init config took 2.59s 
172313     INFO  main            d.u.i.k.p.i.AbstractProblemLoader Replaying proof LinkedList[LinkedList::tail()].JML normal_behavior operation contract.0 
172315     DEBUG main            d.u.i.k.p.i.IntermediateProofReplayer Proof replay took 39.2ns 
172817     INFO  main            d.u.i.k.p.r.p.TestFile    ... finished proof: closed. 
173043     INFO  main            d.u.i.k.p.i.AbstractProblemLoader Loading environment from /home/runner/work/key/key/key.core/../key.ui/examples/heap/vstte10_05_Queue/LinkedList_tail.key.proof 
173043     DEBUG main            d.u.i.k.p.i.AbstractProblemLoader Environment load took 90.8ns 
173044     INFO  main            d.u.i.k.p.i.AbstractProblemLoader Creating init config 
175579     DEBUG main            d.u.i.k.p.i.AbstractProblemLoader Init config took 2.53s 
175620     INFO  main            d.u.i.k.p.i.AbstractProblemLoader Replaying proof LinkedList[LinkedList::tail()].JML normal_behavior operation contract.0 
175687     DEBUG main            d.u.i.k.p.i.IntermediateProofReplayer Proof replay took 63.84ms 
175688     DEBUG main            d.u.i.k.p.r.p.TestFile    ... success: reloaded. 
2191839    INFO  Test worker     d.u.i.k.p.r.p.StatisticsFile Returning from test VSTTE10 
2191843    INFO  Test worker     d.u.i.k.p.r.p.StatisticsFile Running test WeideEtAl 
324        INFO  Timeout watchdog d.u.i.k.p.r.p.ForkedTestFileRunner Timeout watcher launched (2000 secs.) 
338        WARN  main            d.u.i.k.s.ProofSettings   The settings in /home/runner/.key/proof-settings.props are *not* read. 
375        INFO  main            d.u.i.k.p.r.p.TestFile    Now processing file /home/runner/work/key/key/key.core/../key.ui/examples/heap/WeideEtAl_01_AddAndMultiply/AddAndMultiply_add.key 
480        INFO  main            d.u.i.k.p.i.AbstractProblemLoader Loading environment from /home/runner/work/key/key/key.core/../key.ui/examples/heap/WeideEtAl_01_AddAndMultiply/AddAndMultiply_add.key 
496        DEBUG main            d.u.i.k.p.i.AbstractProblemLoader Environment load took 2ms 
699        INFO  main            d.u.i.k.p.i.AbstractProblemLoader Creating init config 
1563       DEBUG main            d.u.i.k.j.TypeConverter   No LDT found for Meta 
1563       DEBUG main            d.u.i.k.j.TypeConverter   No LDT found for Meta 
1565       DEBUG main            d.u.i.k.j.TypeConverter   No LDT found for Meta 
1565       DEBUG main            d.u.i.k.j.TypeConverter   No LDT found for Meta 
2960       DEBUG main            d.u.i.k.j.TypeConverter   No LDT found for JavaBigintExpression 
7906       DEBUG main            d.u.i.k.p.i.AbstractProblemLoader Init config took 7.21s 
8032       INFO  main            d.u.i.k.p.i.AbstractProblemLoader Replaying proof AddAndMultiply[AddAndMultiply::add(int,int)].JML normal_behavior operation contract.0 
8062       DEBUG main            d.u.i.k.p.i.IntermediateProofReplayer Proof replay took 32.4ns 
9706       INFO  main            d.u.i.k.p.r.p.TestFile    ... finished proof: closed. 
9832       INFO  main            d.u.i.k.p.i.AbstractProblemLoader Loading environment from /home/runner/work/key/key/key.core/../key.ui/examples/heap/WeideEtAl_01_AddAndMultiply/AddAndMultiply_add.key.proof 
9832       DEBUG main            d.u.i.k.p.i.AbstractProblemLoader Environment load took 151.7ns 
9834       INFO  main            d.u.i.k.p.i.AbstractProblemLoader Creating init config 
12507      DEBUG main            d.u.i.k.p.i.AbstractProblemLoader Init config took 2.67s 
12586      INFO  main            d.u.i.k.p.i.AbstractProblemLoader Replaying proof AddAndMultiply[AddAndMultiply::add(int,int)].JML normal_behavior operation contract.0 
12822      DEBUG main            d.u.i.k.p.i.IntermediateProofReplayer Proof replay took 214.51ms 
12831      DEBUG main            d.u.i.k.p.r.p.TestFile    ... success: reloaded. 
12835      INFO  main            d.u.i.k.p.r.p.TestFile    Now processing file /home/runner/work/key/key/key.core/../key.ui/examples/heap/WeideEtAl_01_AddAndMultiply/AddAndMultiply_mul.key 
12836      INFO  main            d.u.i.k.p.i.AbstractProblemLoader Loading environment from /home/runner/work/key/key/key.core/../key.ui/examples/heap/WeideEtAl_01_AddAndMultiply/AddAndMultiply_mul.key 
12836      DEBUG main            d.u.i.k.p.i.AbstractProblemLoader Environment load took 226.4ns 
12839      INFO  main            d.u.i.k.p.i.AbstractProblemLoader Creating init config 
15422      DEBUG main            d.u.i.k.p.i.AbstractProblemLoader Init config took 2.58s 
15477      INFO  main            d.u.i.k.p.i.AbstractProblemLoader Replaying proof AddAndMultiply[AddAndMultiply::mul(int,int)].JML normal_behavior operation contract.0 
15479      DEBUG main            d.u.i.k.p.i.IntermediateProofReplayer Proof replay took 5.4ns 
15883      INFO  main            d.u.i.k.p.r.p.TestFile    ... finished proof: closed. 
16022      INFO  main            d.u.i.k.p.i.AbstractProblemLoader Loading environment from /home/runner/work/key/key/key.core/../key.ui/examples/heap/WeideEtAl_01_AddAndMultiply/AddAndMultiply_mul.key.proof 
16022      DEBUG main            d.u.i.k.p.i.AbstractProblemLoader Environment load took 206.3ns 
16023      INFO  main            d.u.i.k.p.i.AbstractProblemLoader Creating init config 
18469      DEBUG main            d.u.i.k.p.i.AbstractProblemLoader Init config took 2.45s 
18518      INFO  main            d.u.i.k.p.i.AbstractProblemLoader Replaying proof AddAndMultiply[AddAndMultiply::mul(int,int)].JML normal_behavior operation contract.0 
18604      DEBUG main            d.u.i.k.p.i.IntermediateProofReplayer Proof replay took 80.99ms 
18605      DEBUG main            d.u.i.k.p.r.p.TestFile    ... success: reloaded. 
18607      INFO  main            d.u.i.k.p.r.p.TestFile    Now processing file /home/runner/work/key/key/key.core/../key.ui/examples/heap/WeideEtAl_02_BinarySearch/BinarySearch_search.key 
18607      INFO  main            d.u.i.k.p.i.AbstractProblemLoader Loading environment from /home/runner/work/key/key/key.core/../key.ui/examples/heap/WeideEtAl_02_BinarySearch/BinarySearch_search.key 
18607      DEBUG main            d.u.i.k.p.i.AbstractProblemLoader Environment load took 198.8ns 
18608      INFO  main            d.u.i.k.p.i.AbstractProblemLoader Creating init config 
21205      DEBUG main            d.u.i.k.p.i.AbstractProblemLoader Init config took 2.6s 
21257      INFO  main            d.u.i.k.p.i.AbstractProblemLoader Replaying proof BinarySearch[BinarySearch::search([I,int)].JML normal_behavior operation contract.0 
21262      DEBUG main            d.u.i.k.p.i.IntermediateProofReplayer Proof replay took 5.9ns 
24014      INFO  main            d.u.i.k.p.r.p.TestFile    ... finished proof: closed. 
24190      INFO  main            d.u.i.k.p.i.AbstractProblemLoader Loading environment from /home/runner/work/key/key/key.core/../key.ui/examples/heap/WeideEtAl_02_BinarySearch/BinarySearch_search.key.proof 
24190      DEBUG main            d.u.i.k.p.i.AbstractProblemLoader Environment load took 129.4ns 
24194      INFO  main            d.u.i.k.p.i.AbstractProblemLoader Creating init config 
26654      DEBUG main            d.u.i.k.p.i.AbstractProblemLoader Init config took 2.46s 
26697      INFO  main            d.u.i.k.p.i.AbstractProblemLoader Replaying proof BinarySearch[BinarySearch::search([I,int)].JML normal_behavior operation contract.0 
27046      DEBUG main            d.u.i.k.p.i.IntermediateProofReplayer Proof replay took 330.58ms 
27047      DEBUG main            d.u.i.k.p.r.p.TestFile    ... success: reloaded. 
2219076    INFO  Test worker     d.u.i.k.p.r.p.StatisticsFile Returning from test WeideEtAl 
2219078    INFO  Test worker     d.u.i.k.p.r.p.StatisticsFile Running test arithmetic 
365        INFO  Timeout watchdog d.u.i.k.p.r.p.ForkedTestFileRunner Timeout watcher launched (2000 secs.) 
369        WARN  main            d.u.i.k.s.ProofSettings   The settings in /home/runner/.key/proof-settings.props are *not* read. 
398        INFO  main            d.u.i.k.p.r.p.TestFile    Now processing file /home/runner/work/key/key/key.core/../key.ui/examples/standard_key/arith/binomial1.key 
520        INFO  main            d.u.i.k.p.i.AbstractProblemLoader Loading environment from /home/runner/work/key/key/key.core/../key.ui/examples/standard_key/arith/binomial1.key 
539        DEBUG main            d.u.i.k.p.i.AbstractProblemLoader Environment load took 2.65ms 
770        INFO  main            d.u.i.k.p.i.AbstractProblemLoader Creating init config 
1552       DEBUG main            d.u.i.k.j.TypeConverter   No LDT found for Meta 
1552       DEBUG main            d.u.i.k.j.TypeConverter   No LDT found for Meta 
1553       DEBUG main            d.u.i.k.j.TypeConverter   No LDT found for Meta 
1554       DEBUG main            d.u.i.k.j.TypeConverter   No LDT found for Meta 
2987       DEBUG main            d.u.i.k.j.TypeConverter   No LDT found for JavaBigintExpression 
7988       DEBUG main            d.u.i.k.p.i.AbstractProblemLoader Init config took 7.22s 
8047       INFO  main            d.u.i.k.p.i.AbstractProblemLoader Replaying proof binomial1.key 
8077       DEBUG main            d.u.i.k.p.i.IntermediateProofReplayer Proof replay took 33.8ns 
8343       INFO  main            d.u.i.k.p.r.p.TestFile    ... finished proof: closed. 
8444       INFO  main            d.u.i.k.p.i.AbstractProblemLoader Loading environment from /home/runner/work/key/key/key.core/../key.ui/examples/standard_key/arith/binomial1.key.proof 
8446       DEBUG main            d.u.i.k.p.i.AbstractProblemLoader Environment load took 1.68ms 
8450       INFO  main            d.u.i.k.p.i.AbstractProblemLoader Creating init config 
11149      DEBUG main            d.u.i.k.p.i.AbstractProblemLoader Init config took 2.7s 
11181      INFO  main            d.u.i.k.p.i.AbstractProblemLoader Replaying proof binomial1.key.proof 
11209      DEBUG main            d.u.i.k.p.i.IntermediateProofReplayer Proof replay took 19.66ms 
11225      DEBUG main            d.u.i.k.p.r.p.TestFile    ... success: reloaded. 
11231      INFO  main            d.u.i.k.p.r.p.TestFile    Now processing file /home/runner/work/key/key/key.core/../key.ui/examples/standard_key/arith/binomial2.key 
11232      INFO  main            d.u.i.k.p.i.AbstractProblemLoader Loading environment from /home/runner/work/key/key/key.core/../key.ui/examples/standard_key/arith/binomial2.key 
11232      DEBUG main            d.u.i.k.p.i.AbstractProblemLoader Environment load took 218.2ns 
11235      INFO  main            d.u.i.k.p.i.AbstractProblemLoader Creating init config 
13841      DEBUG main            d.u.i.k.p.i.AbstractProblemLoader Init config took 2.61s 
13868      INFO  main            d.u.i.k.p.i.AbstractProblemLoader Replaying proof binomial2.key 
13871      DEBUG main            d.u.i.k.p.i.IntermediateProofReplayer Proof replay took 6.3ns 
13974      INFO  main            d.u.i.k.p.r.p.TestFile    ... finished proof: closed. 
14092      INFO  main            d.u.i.k.p.i.AbstractProblemLoader Loading environment from /home/runner/work/key/key/key.core/../key.ui/examples/standard_key/arith/binomial2.key.proof 
14092      DEBUG main            d.u.i.k.p.i.AbstractProblemLoader Environment load took 115.6ns 
14094      INFO  main            d.u.i.k.p.i.AbstractProblemLoader Creating init config 
16607      DEBUG main            d.u.i.k.p.i.AbstractProblemLoader Init config took 2.51s 
16628      INFO  main            d.u.i.k.p.i.AbstractProblemLoader Replaying proof binomial2.key.proof 
16637      DEBUG main            d.u.i.k.p.i.IntermediateProofReplayer Proof replay took 6.62ms 
16638      DEBUG main            d.u.i.k.p.r.p.TestFile    ... success: reloaded. 
16639      INFO  main            d.u.i.k.p.r.p.TestFile    Now processing file /home/runner/work/key/key/key.core/../key.ui/examples/standard_key/arith/check_jdiv.key 
16640      INFO  main            d.u.i.k.p.i.AbstractProblemLoader Loading environment from /home/runner/work/key/key/key.core/../key.ui/examples/standard_key/arith/check_jdiv.key 
16640      DEBUG main            d.u.i.k.p.i.AbstractProblemLoader Environment load took 101.9ns 
16641      INFO  main            d.u.i.k.p.i.AbstractProblemLoader Creating init config 
19117      DEBUG main            d.u.i.k.p.i.AbstractProblemLoader Init config took 2.48s 
19146      INFO  main            d.u.i.k.p.i.AbstractProblemLoader Replaying proof check_jdiv.key 
19156      DEBUG main            d.u.i.k.p.i.IntermediateProofReplayer Proof replay took 6.7ns 
24022      INFO  main            d.u.i.k.p.r.p.TestFile    ... finished proof: closed. 
24216      INFO  main            d.u.i.k.p.i.AbstractProblemLoader Loading environment from /home/runner/work/key/key/key.core/../key.ui/examples/standard_key/arith/check_jdiv.key.proof 
24217      DEBUG main            d.u.i.k.p.i.AbstractProblemLoader Environment load took 1.05ms 
24222      INFO  main            d.u.i.k.p.i.AbstractProblemLoader Creating init config 
26649      DEBUG main            d.u.i.k.p.i.AbstractProblemLoader Init config took 2.43s 
26671      INFO  main            d.u.i.k.p.i.AbstractProblemLoader Replaying proof check_jdiv.key.proof 
26928      DEBUG main            d.u.i.k.p.i.IntermediateProofReplayer Proof replay took 221.88ms 
26930      DEBUG main            d.u.i.k.p.r.p.TestFile    ... success: reloaded. 
26932      INFO  main            d.u.i.k.p.r.p.TestFile    Now processing file /home/runner/work/key/key/key.core/../key.ui/examples/standard_key/arith/check_jdiv_concrete.key 
26932      INFO  main            d.u.i.k.p.i.AbstractProblemLoader Loading environment from /home/runner/work/key/key/key.core/../key.ui/examples/standard_key/arith/check_jdiv_concrete.key 
26932      DEBUG main            d.u.i.k.p.i.AbstractProblemLoader Environment load took 196.5ns 
26934      INFO  main            d.u.i.k.p.i.AbstractProblemLoader Creating init config 
29469      DEBUG main            d.u.i.k.p.i.AbstractProblemLoader Init config took 2.54s 
29488      INFO  main            d.u.i.k.p.i.AbstractProblemLoader Replaying proof check_jdiv_concrete.key 
29490      DEBUG main            d.u.i.k.p.i.IntermediateProofReplayer Proof replay took 5.3ns 
29596      INFO  main            d.u.i.k.p.r.p.TestFile    ... finished proof: closed. 
29772      INFO  main            d.u.i.k.p.i.AbstractProblemLoader Loading environment from /home/runner/work/key/key/key.core/../key.ui/examples/standard_key/arith/check_jdiv_concrete.key.proof 
29772      DEBUG main            d.u.i.k.p.i.AbstractProblemLoader Environment load took 112.7ns 
29773      INFO  main            d.u.i.k.p.i.AbstractProblemLoader Creating init config 
32152      DEBUG main            d.u.i.k.p.i.AbstractProblemLoader Init config took 2.38s 
32171      INFO  main            d.u.i.k.p.i.AbstractProblemLoader Replaying proof check_jdiv_concrete.key.proof 
32183      DEBUG main            d.u.i.k.p.i.IntermediateProofReplayer Proof replay took 9.83ms 
32185      DEBUG main            d.u.i.k.p.r.p.TestFile    ... success: reloaded. 
32186      INFO  main            d.u.i.k.p.r.p.TestFile    Now processing file /home/runner/work/key/key/key.core/../key.ui/examples/standard_key/arith/check_jdiv_instantiated.key 
32186      INFO  main            d.u.i.k.p.i.AbstractProblemLoader Loading environment from /home/runner/work/key/key/key.core/../key.ui/examples/standard_key/arith/check_jdiv_instantiated.key 
32186      DEBUG main            d.u.i.k.p.i.AbstractProblemLoader Environment load took 57ns 
32188      INFO  main            d.u.i.k.p.i.AbstractProblemLoader Creating init config 
34652      DEBUG main            d.u.i.k.p.i.AbstractProblemLoader Init config took 2.46s 
34672      INFO  main            d.u.i.k.p.i.AbstractProblemLoader Replaying proof check_jdiv_instantiated.key 
34674      DEBUG main            d.u.i.k.p.i.IntermediateProofReplayer Proof replay took 5.7ns 
37688      INFO  main            d.u.i.k.p.r.p.TestFile    ... finished proof: closed. 
37881      INFO  main            d.u.i.k.p.i.AbstractProblemLoader Loading environment from /home/runner/work/key/key/key.core/../key.ui/examples/standard_key/arith/check_jdiv_instantiated.key.proof 
37882      DEBUG main            d.u.i.k.p.i.AbstractProblemLoader Environment load took 383.2ns 
37884      INFO  main            d.u.i.k.p.i.AbstractProblemLoader Creating init config 
40252      DEBUG main            d.u.i.k.p.i.AbstractProblemLoader Init config took 2.37s 
40272      INFO  main            d.u.i.k.p.i.AbstractProblemLoader Replaying proof check_jdiv_instantiated.key.proof 
40434      DEBUG main            d.u.i.k.p.i.IntermediateProofReplayer Proof replay took 137.41ms 
40437      DEBUG main            d.u.i.k.p.r.p.TestFile    ... success: reloaded. 
40438      INFO  main            d.u.i.k.p.r.p.TestFile    Now processing file /home/runner/work/key/key/key.core/../key.ui/examples/standard_key/arith/check_jmod.key 
40438      INFO  main            d.u.i.k.p.i.AbstractProblemLoader Loading environment from /home/runner/work/key/key/key.core/../key.ui/examples/standard_key/arith/check_jmod.key 
40438      DEBUG main            d.u.i.k.p.i.AbstractProblemLoader Environment load took 109ns 
40439      INFO  main            d.u.i.k.p.i.AbstractProblemLoader Creating init config 
42886      DEBUG main            d.u.i.k.p.i.AbstractProblemLoader Init config took 2.45s 
42904      INFO  main            d.u.i.k.p.i.AbstractProblemLoader Replaying proof check_jmod.key 
42906      DEBUG main            d.u.i.k.p.i.IntermediateProofReplayer Proof replay took 5.7ns 
43414      INFO  main            d.u.i.k.p.r.p.TestFile    ... finished proof: closed. 
43611      INFO  main            d.u.i.k.p.i.AbstractProblemLoader Loading environment from /home/runner/work/key/key/key.core/../key.ui/examples/standard_key/arith/check_jmod.key.proof 
43611      DEBUG main            d.u.i.k.p.i.AbstractProblemLoader Environment load took 421.1ns 
43613      INFO  main            d.u.i.k.p.i.AbstractProblemLoader Creating init config 
45965      DEBUG main            d.u.i.k.p.i.AbstractProblemLoader Init config took 2.35s 
45984      INFO  main            d.u.i.k.p.i.AbstractProblemLoader Replaying proof check_jmod.key.proof 
46015      DEBUG main            d.u.i.k.p.i.IntermediateProofReplayer Proof replay took 23.98ms 
46019      DEBUG main            d.u.i.k.p.r.p.TestFile    ... success: reloaded. 
46020      INFO  main            d.u.i.k.p.r.p.TestFile    Now processing file /home/runner/work/key/key/key.core/../key.ui/examples/standard_key/arith/complexExpressions.key 
46020      INFO  main            d.u.i.k.p.i.AbstractProblemLoader Loading environment from /home/runner/work/key/key/key.core/../key.ui/examples/standard_key/arith/complexExpressions.key 
46021      DEBUG main            d.u.i.k.p.i.AbstractProblemLoader Environment load took 205.9ns 
46022      INFO  main            d.u.i.k.p.i.AbstractProblemLoader Creating init config 
48466      DEBUG main            d.u.i.k.p.i.AbstractProblemLoader Init config took 2.44s 
48487      INFO  main            d.u.i.k.p.i.AbstractProblemLoader Replaying proof complexExpressions.key 
48488      DEBUG main            d.u.i.k.p.i.IntermediateProofReplayer Proof replay took 4.9ns 
48696      INFO  main            d.u.i.k.p.r.p.TestFile    ... finished proof: closed. 
48860      INFO  main            d.u.i.k.p.i.AbstractProblemLoader Loading environment from /home/runner/work/key/key/key.core/../key.ui/examples/standard_key/arith/complexExpressions.key.proof 
48860      DEBUG main            d.u.i.k.p.i.AbstractProblemLoader Environment load took 110.4ns 
48862      INFO  main            d.u.i.k.p.i.AbstractProblemLoader Creating init config 
51233      DEBUG main            d.u.i.k.p.i.AbstractProblemLoader Init config took 2.37s 
51253      INFO  main            d.u.i.k.p.i.AbstractProblemLoader Replaying proof complexExpressions.key.proof 
51265      DEBUG main            d.u.i.k.p.i.IntermediateProofReplayer Proof replay took 8.36ms 
51265      DEBUG main            d.u.i.k.p.r.p.TestFile    ... success: reloaded. 
51266      INFO  main            d.u.i.k.p.r.p.TestFile    Now processing file /home/runner/work/key/key/key.core/../key.ui/examples/standard_key/arith/compound_unaryMinus.key 
51266      INFO  main            d.u.i.k.p.i.AbstractProblemLoader Loading environment from /home/runner/work/key/key/key.core/../key.ui/examples/standard_key/arith/compound_unaryMinus.key 
51266      DEBUG main            d.u.i.k.p.i.AbstractProblemLoader Environment load took 93.3ns 
51267      INFO  main            d.u.i.k.p.i.AbstractProblemLoader Creating init config 
53687      DEBUG main            d.u.i.k.p.i.AbstractProblemLoader Init config took 2.42s 
53705      INFO  main            d.u.i.k.p.i.AbstractProblemLoader Replaying proof compound_unaryMinus.key 
53706      DEBUG main            d.u.i.k.p.i.IntermediateProofReplayer Proof replay took 5.2ns 
53811      INFO  main            d.u.i.k.p.r.p.TestFile    ... finished proof: closed. 
53956      INFO  main            d.u.i.k.p.i.AbstractProblemLoader Loading environment from /home/runner/work/key/key/key.core/../key.ui/examples/standard_key/arith/compound_unaryMinus.key.proof 
53956      DEBUG main            d.u.i.k.p.i.AbstractProblemLoader Environment load took 112.9ns 
53957      INFO  main            d.u.i.k.p.i.AbstractProblemLoader Creating init config 
56342      DEBUG main            d.u.i.k.p.i.AbstractProblemLoader Init config took 2.38s 
56368      INFO  main            d.u.i.k.p.i.AbstractProblemLoader Replaying proof compound_unaryMinus.key.proof 
56380      DEBUG main            d.u.i.k.p.i.IntermediateProofReplayer Proof replay took 9.49ms 
56381      DEBUG main            d.u.i.k.p.r.p.TestFile    ... success: reloaded. 
56382      INFO  main            d.u.i.k.p.r.p.TestFile    Now processing file /home/runner/work/key/key/key.core/../key.ui/examples/standard_key/arith/computation.key 
56383      INFO  main            d.u.i.k.p.i.AbstractProblemLoader Loading environment from /home/runner/work/key/key/key.core/../key.ui/examples/standard_key/arith/computation.key 
56384      DEBUG main            d.u.i.k.p.i.AbstractProblemLoader Environment load took 419.3ns 
56385      INFO  main            d.u.i.k.p.i.AbstractProblemLoader Creating init config 
58743      DEBUG main            d.u.i.k.p.i.AbstractProblemLoader Init config took 2.36s 
58760      INFO  main            d.u.i.k.p.i.AbstractProblemLoader Replaying proof computation.key 
58763      DEBUG main            d.u.i.k.p.i.IntermediateProofReplayer Proof replay took 5.1ns 
60134      INFO  main            d.u.i.k.p.r.p.TestFile    ... finished proof: closed. 
60377      INFO  main            d.u.i.k.p.i.AbstractProblemLoader Loading environment from /home/runner/work/key/key/key.core/../key.ui/examples/standard_key/arith/computation.key.proof 
60377      DEBUG main            d.u.i.k.p.i.AbstractProblemLoader Environment load took 686.7ns 
60379      INFO  main            d.u.i.k.p.i.AbstractProblemLoader Creating init config 
62706      DEBUG main            d.u.i.k.p.i.AbstractProblemLoader Init config took 2.33s 
62723      INFO  main            d.u.i.k.p.i.AbstractProblemLoader Replaying proof computation.key.proof 
62784      DEBUG main            d.u.i.k.p.i.IntermediateProofReplayer Proof replay took 56.24ms 
62785      DEBUG main            d.u.i.k.p.r.p.TestFile    ... success: reloaded. 
62786      INFO  main            d.u.i.k.p.r.p.TestFile    Now processing file /home/runner/work/key/key/key.core/../key.ui/examples/standard_key/arith/cubicSum.key 
62786      INFO  main            d.u.i.k.p.i.AbstractProblemLoader Loading environment from /home/runner/work/key/key/key.core/../key.ui/examples/standard_key/arith/cubicSum.key 
62786      DEBUG main            d.u.i.k.p.i.AbstractProblemLoader Environment load took 191.2ns 
62788      INFO  main            d.u.i.k.p.i.AbstractProblemLoader Creating init config 
65340      DEBUG main            d.u.i.k.p.i.AbstractProblemLoader Init config took 2.55s 
65357      INFO  main            d.u.i.k.p.i.AbstractProblemLoader Replaying proof cubicSum.key 
65358      DEBUG main            d.u.i.k.p.i.IntermediateProofReplayer Proof replay took 5.4ns 
66365      INFO  main            d.u.i.k.p.r.p.TestFile    ... finished proof: closed. 
66636      INFO  main            d.u.i.k.p.i.AbstractProblemLoader Loading environment from /home/runner/work/key/key/key.core/../key.ui/examples/standard_key/arith/cubicSum.key.proof 
66636      DEBUG main            d.u.i.k.p.i.AbstractProblemLoader Environment load took 387.2ns 
66637      INFO  main            d.u.i.k.p.i.AbstractProblemLoader Creating init config 
69086      DEBUG main            d.u.i.k.p.i.AbstractProblemLoader Init config took 2.45s 
69103      INFO  main            d.u.i.k.p.i.AbstractProblemLoader Replaying proof cubicSum.key.proof 
69169      DEBUG main            d.u.i.k.p.i.IntermediateProofReplayer Proof replay took 62.02ms 
69170      DEBUG main            d.u.i.k.p.r.p.TestFile    ... success: reloaded. 
69171      INFO  main            d.u.i.k.p.r.p.TestFile    Now processing file /home/runner/work/key/key/key.core/../key.ui/examples/standard_key/arith/divByZero.key 
69172      INFO  main            d.u.i.k.p.i.AbstractProblemLoader Loading environment from /home/runner/work/key/key/key.core/../key.ui/examples/standard_key/arith/divByZero.key 
69172      DEBUG main            d.u.i.k.p.i.AbstractProblemLoader Environment load took 188.1ns 
69173      INFO  main            d.u.i.k.p.i.AbstractProblemLoader Creating init config 
71575      DEBUG main            d.u.i.k.p.i.AbstractProblemLoader Init config took 2.4s 
71591      INFO  main            d.u.i.k.p.i.AbstractProblemLoader Replaying proof divByZero.key 
71593      DEBUG main            d.u.i.k.p.i.IntermediateProofReplayer Proof replay took 5.3ns 
71794      INFO  main            d.u.i.k.p.r.p.TestFile    ... finished proof: closed. 
71979      INFO  main            d.u.i.k.p.i.AbstractProblemLoader Loading environment from /home/runner/work/key/key/key.core/../key.ui/examples/standard_key/arith/divByZero.key.proof 
71980      DEBUG main            d.u.i.k.p.i.AbstractProblemLoader Environment load took 105.9ns 
71980      INFO  main            d.u.i.k.p.i.AbstractProblemLoader Creating init config 
74348      DEBUG main            d.u.i.k.p.i.AbstractProblemLoader Init config took 2.37s 
74363      INFO  main            d.u.i.k.p.i.AbstractProblemLoader Replaying proof divByZero.key.proof 
74388      DEBUG main            d.u.i.k.p.i.IntermediateProofReplayer Proof replay took 22.23ms 
74388      DEBUG main            d.u.i.k.p.r.p.TestFile    ... success: reloaded. 
74389      INFO  main            d.u.i.k.p.r.p.TestFile    Now processing file /home/runner/work/key/key/key.core/../key.ui/examples/standard_key/arith/divisionAssoc.key 
74389      INFO  main            d.u.i.k.p.i.AbstractProblemLoader Loading environment from /home/runner/work/key/key/key.core/../key.ui/examples/standard_key/arith/divisionAssoc.key 
74390      DEBUG main            d.u.i.k.p.i.AbstractProblemLoader Environment load took 86ns 
74390      INFO  main            d.u.i.k.p.i.AbstractProblemLoader Creating init config 
76786      DEBUG main            d.u.i.k.p.i.AbstractProblemLoader Init config took 2.4s 
76801      INFO  main            d.u.i.k.p.i.AbstractProblemLoader Replaying proof divisionAssoc.key 
76803      DEBUG main            d.u.i.k.p.i.IntermediateProofReplayer Proof replay took 5.6ns 
77506      INFO  main            d.u.i.k.p.r.p.TestFile    ... finished proof: closed. 
77697      INFO  main            d.u.i.k.p.i.AbstractProblemLoader Loading environment from /home/runner/work/key/key/key.core/../key.ui/examples/standard_key/arith/divisionAssoc.key.proof 
77697      DEBUG main            d.u.i.k.p.i.AbstractProblemLoader Environment load took 108.5ns 
77698      INFO  main            d.u.i.k.p.i.AbstractProblemLoader Creating init config 
80018      DEBUG main            d.u.i.k.p.i.AbstractProblemLoader Init config took 2.32s 
80032      INFO  main            d.u.i.k.p.i.AbstractProblemLoader Replaying proof divisionAssoc.key.proof 
80062      DEBUG main            d.u.i.k.p.i.IntermediateProofReplayer Proof replay took 25.61ms 
80063      DEBUG main            d.u.i.k.p.r.p.TestFile    ... success: reloaded. 
80064      INFO  main            d.u.i.k.p.r.p.TestFile    Now processing file /home/runner/work/key/key/key.core/../key.ui/examples/standard_key/arith/divisionBy2.key 
80064      INFO  main            d.u.i.k.p.i.AbstractProblemLoader Loading environment from /home/runner/work/key/key/key.core/../key.ui/examples/standard_key/arith/divisionBy2.key 
80065      DEBUG main            d.u.i.k.p.i.AbstractProblemLoader Environment load took 299.9ns 
80066      INFO  main            d.u.i.k.p.i.AbstractProblemLoader Creating init config 
82450      DEBUG main            d.u.i.k.p.i.AbstractProblemLoader Init config took 2.38s 
82464      INFO  main            d.u.i.k.p.i.AbstractProblemLoader Replaying proof divisionBy2.key 
82466      DEBUG main            d.u.i.k.p.i.IntermediateProofReplayer Proof replay took 4.9ns 
82568      INFO  main            d.u.i.k.p.r.p.TestFile    ... finished proof: closed. 
82756      INFO  main            d.u.i.k.p.i.AbstractProblemLoader Loading environment from /home/runner/work/key/key/key.core/../key.ui/examples/standard_key/arith/divisionBy2.key.proof 
82756      DEBUG main            d.u.i.k.p.i.AbstractProblemLoader Environment load took 100.4ns 
82757      INFO  main            d.u.i.k.p.i.AbstractProblemLoader Creating init config 
85064      DEBUG main            d.u.i.k.p.i.AbstractProblemLoader Init config took 2.31s 
85077      INFO  main            d.u.i.k.p.i.AbstractProblemLoader Replaying proof divisionBy2.key.proof 
85083      DEBUG main            d.u.i.k.p.i.IntermediateProofReplayer Proof replay took 3.9ms 
85083      DEBUG main            d.u.i.k.p.r.p.TestFile    ... success: reloaded. 
85084      INFO  main            d.u.i.k.p.r.p.TestFile    Now processing file /home/runner/work/key/key/key.core/../key.ui/examples/standard_key/arith/euclidean/gcdHelp-post.key 
85084      INFO  main            d.u.i.k.p.i.AbstractProblemLoader Loading environment from /home/runner/work/key/key/key.core/../key.ui/examples/standard_key/arith/euclidean/gcdHelp-post.key 
85084      DEBUG main            d.u.i.k.p.i.AbstractProblemLoader Environment load took 88.7ns 
85085      INFO  main            d.u.i.k.p.i.AbstractProblemLoader Creating init config 
87610      DEBUG main            d.u.i.k.p.i.AbstractProblemLoader Init config took 2.52s 
87625      INFO  main            d.u.i.k.p.i.AbstractProblemLoader Replaying proof gcdHelp-post.key 
87627      DEBUG main            d.u.i.k.p.i.IntermediateProofReplayer Proof replay took 5.9ns 
90656      INFO  main            d.u.i.k.p.r.p.TestFile    ... finished proof: closed. 
90868      INFO  main            d.u.i.k.p.i.AbstractProblemLoader Loading environment from /home/runner/work/key/key/key.core/../key.ui/examples/standard_key/arith/euclidean/gcdHelp-post.key.proof 
90868      DEBUG main            d.u.i.k.p.i.AbstractProblemLoader Environment load took 113.6ns 
90869      INFO  main            d.u.i.k.p.i.AbstractProblemLoader Creating init config 
93296      DEBUG main            d.u.i.k.p.i.AbstractProblemLoader Init config took 2.43s 
93312      INFO  main            d.u.i.k.p.i.AbstractProblemLoader Replaying proof gcdHelp-post.key.proof 
93449      DEBUG main            d.u.i.k.p.i.IntermediateProofReplayer Proof replay took 127.76ms 
93451      DEBUG main            d.u.i.k.p.r.p.TestFile    ... success: reloaded. 
93452      INFO  main            d.u.i.k.p.r.p.TestFile    Now processing file /home/runner/work/key/key/key.core/../key.ui/examples/standard_key/arith/gemplusDecimal/add.key 
93453      INFO  main            d.u.i.k.p.i.AbstractProblemLoader Loading environment from /home/runner/work/key/key/key.core/../key.ui/examples/standard_key/arith/gemplusDecimal/add.key 
93453      DEBUG main            d.u.i.k.p.i.AbstractProblemLoader Environment load took 220.1ns 
93455      INFO  main            d.u.i.k.p.i.AbstractProblemLoader Creating init config 
95889      DEBUG main            d.u.i.k.p.i.AbstractProblemLoader Init config took 2.43s 
95905      INFO  main            d.u.i.k.p.i.AbstractProblemLoader Replaying proof add.key 
95907      DEBUG main            d.u.i.k.p.i.IntermediateProofReplayer Proof replay took 5.5ns 
136300     INFO  main            d.u.i.k.p.r.p.TestFile    ... finished proof: closed. 
136634     INFO  main            d.u.i.k.p.i.AbstractProblemLoader Loading environment from /home/runner/work/key/key/key.core/../key.ui/examples/standard_key/arith/gemplusDecimal/add.key.proof 
136635     DEBUG main            d.u.i.k.p.i.AbstractProblemLoader Environment load took 391.3ns 
136641     INFO  main            d.u.i.k.p.i.AbstractProblemLoader Creating init config 
139038     DEBUG main            d.u.i.k.p.i.AbstractProblemLoader Init config took 2.4s 
139055     INFO  main            d.u.i.k.p.i.AbstractProblemLoader Replaying proof add.key.proof 
140969     DEBUG main            d.u.i.k.p.i.IntermediateProofReplayer Proof replay took 1.76s 
140976     DEBUG main            d.u.i.k.p.r.p.TestFile    ... success: reloaded. 
140977     INFO  main            d.u.i.k.p.r.p.TestFile    Now processing file /home/runner/work/key/key/key.core/../key.ui/examples/standard_key/arith/jdivevenodd.key 
140977     INFO  main            d.u.i.k.p.i.AbstractProblemLoader Loading environment from /home/runner/work/key/key/key.core/../key.ui/examples/standard_key/arith/jdivevenodd.key 
140978     DEBUG main            d.u.i.k.p.i.AbstractProblemLoader Environment load took 192.5ns 
140979     INFO  main            d.u.i.k.p.i.AbstractProblemLoader Creating init config 
143421     DEBUG main            d.u.i.k.p.i.AbstractProblemLoader Init config took 2.44s 
143436     INFO  main            d.u.i.k.p.i.AbstractProblemLoader Replaying proof jdivevenodd.key 
143437     DEBUG main            d.u.i.k.p.i.IntermediateProofReplayer Proof replay took 5.1ns 
143640     INFO  main            d.u.i.k.p.r.p.TestFile    ... finished proof: closed. 
143977     INFO  main            d.u.i.k.p.i.AbstractProblemLoader Loading environment from /home/runner/work/key/key/key.core/../key.ui/examples/standard_key/arith/jdivevenodd.key.proof 
143977     DEBUG main            d.u.i.k.p.i.AbstractProblemLoader Environment load took 106.3ns 
143978     INFO  main            d.u.i.k.p.i.AbstractProblemLoader Creating init config 
146315     DEBUG main            d.u.i.k.p.i.AbstractProblemLoader Init config took 2.34s 
146329     INFO  main            d.u.i.k.p.i.AbstractProblemLoader Replaying proof jdivevenodd.key.proof 
146339     DEBUG main            d.u.i.k.p.i.IntermediateProofReplayer Proof replay took 7.81ms 
146340     DEBUG main            d.u.i.k.p.r.p.TestFile    ... success: reloaded. 
146341     INFO  main            d.u.i.k.p.r.p.TestFile    Now processing file /home/runner/work/key/key/key.core/../key.ui/examples/standard_key/arith/median.key 
146341     INFO  main            d.u.i.k.p.i.AbstractProblemLoader Loading environment from /home/runner/work/key/key/key.core/../key.ui/examples/standard_key/arith/median.key 
146342     DEBUG main            d.u.i.k.p.i.AbstractProblemLoader Environment load took 186.7ns 
146343     INFO  main            d.u.i.k.p.i.AbstractProblemLoader Creating init config 
148652     DEBUG main            d.u.i.k.p.i.AbstractProblemLoader Init config took 2.31s 
148667     INFO  main            d.u.i.k.p.i.AbstractProblemLoader Replaying proof median.key 
148669     DEBUG main            d.u.i.k.p.i.IntermediateProofReplayer Proof replay took 5.5ns 
162198     INFO  main            d.u.i.k.p.r.p.TestFile    ... finished proof: closed. 
162490     INFO  main            d.u.i.k.p.i.AbstractProblemLoader Loading environment from /home/runner/work/key/key/key.core/../key.ui/examples/standard_key/arith/median.key.proof 
162491     DEBUG main            d.u.i.k.p.i.AbstractProblemLoader Environment load took 473.5ns 
162494     INFO  main            d.u.i.k.p.i.AbstractProblemLoader Creating init config 
164787     DEBUG main            d.u.i.k.p.i.AbstractProblemLoader Init config took 2.29s 
164820     INFO  main            d.u.i.k.p.i.AbstractProblemLoader Replaying proof median.key.proof 
165377     DEBUG main            d.u.i.k.p.i.IntermediateProofReplayer Proof replay took 507.5ms 
165380     DEBUG main            d.u.i.k.p.r.p.TestFile    ... success: reloaded. 
165381     INFO  main            d.u.i.k.p.r.p.TestFile    Now processing file /home/runner/work/key/key/key.core/../key.ui/examples/standard_key/arith/mod1.key 
165381     INFO  main            d.u.i.k.p.i.AbstractProblemLoader Loading environment from /home/runner/work/key/key/key.core/../key.ui/examples/standard_key/arith/mod1.key 
165382     DEBUG main            d.u.i.k.p.i.AbstractProblemLoader Environment load took 184.4ns 
165385     INFO  main            d.u.i.k.p.i.AbstractProblemLoader Creating init config 
167703     DEBUG main            d.u.i.k.p.i.AbstractProblemLoader Init config took 2.32s 
167716     INFO  main            d.u.i.k.p.i.AbstractProblemLoader Replaying proof mod1.key 
167718     DEBUG main            d.u.i.k.p.i.IntermediateProofReplayer Proof replay took 5.9ns 
167819     INFO  main            d.u.i.k.p.r.p.TestFile    ... finished proof: closed. 
168109     INFO  main            d.u.i.k.p.i.AbstractProblemLoader Loading environment from /home/runner/work/key/key/key.core/../key.ui/examples/standard_key/arith/mod1.key.proof 
168109     DEBUG main            d.u.i.k.p.i.AbstractProblemLoader Environment load took 91.5ns 
168110     INFO  main            d.u.i.k.p.i.AbstractProblemLoader Creating init config 
170444     DEBUG main            d.u.i.k.p.i.AbstractProblemLoader Init config took 2.33s 
170457     INFO  main            d.u.i.k.p.i.AbstractProblemLoader Replaying proof mod1.key.proof 
170460     DEBUG main            d.u.i.k.p.i.IntermediateProofReplayer Proof replay took 1.38ms 
170461     DEBUG main            d.u.i.k.p.r.p.TestFile    ... success: reloaded. 
170462     INFO  main            d.u.i.k.p.r.p.TestFile    Now processing file /home/runner/work/key/key/key.core/../key.ui/examples/standard_key/arith/mod2.key 
170462     INFO  main            d.u.i.k.p.i.AbstractProblemLoader Loading environment from /home/runner/work/key/key/key.core/../key.ui/examples/standard_key/arith/mod2.key 
170462     DEBUG main            d.u.i.k.p.i.AbstractProblemLoader Environment load took 86.2ns 
170463     INFO  main            d.u.i.k.p.i.AbstractProblemLoader Creating init config 
172763     DEBUG main            d.u.i.k.p.i.AbstractProblemLoader Init config took 2.3s 
172780     INFO  main            d.u.i.k.p.i.AbstractProblemLoader Replaying proof mod2.key 
172782     DEBUG main            d.u.i.k.p.i.IntermediateProofReplayer Proof replay took 6.4ns 
172884     INFO  main            d.u.i.k.p.r.p.TestFile    ... finished proof: closed. 
173094     INFO  main            d.u.i.k.p.i.AbstractProblemLoader Loading environment from /home/runner/work/key/key/key.core/../key.ui/examples/standard_key/arith/mod2.key.proof 
173094     DEBUG main            d.u.i.k.p.i.AbstractProblemLoader Environment load took 93.3ns 
173095     INFO  main            d.u.i.k.p.i.AbstractProblemLoader Creating init config 
175383     DEBUG main            d.u.i.k.p.i.AbstractProblemLoader Init config took 2.29s 
175396     INFO  main            d.u.i.k.p.i.AbstractProblemLoader Replaying proof mod2.key.proof 
175399     DEBUG main            d.u.i.k.p.i.IntermediateProofReplayer Proof replay took 1.05ms 
175399     DEBUG main            d.u.i.k.p.r.p.TestFile    ... success: reloaded. 
175400     INFO  main            d.u.i.k.p.r.p.TestFile    Now processing file /home/runner/work/key/key/key.core/../key.ui/examples/standard_key/arith/mod7.key 
175401     INFO  main            d.u.i.k.p.i.AbstractProblemLoader Loading environment from /home/runner/work/key/key/key.core/../key.ui/examples/standard_key/arith/mod7.key 
175401     DEBUG main            d.u.i.k.p.i.AbstractProblemLoader Environment load took 71.2ns 
175403     INFO  main            d.u.i.k.p.i.AbstractProblemLoader Creating init config 
177758     DEBUG main            d.u.i.k.p.i.AbstractProblemLoader Init config took 2.35s 
177772     INFO  main            d.u.i.k.p.i.AbstractProblemLoader Replaying proof mod7.key 
177774     DEBUG main            d.u.i.k.p.i.IntermediateProofReplayer Proof replay took 5ns 
177875     INFO  main            d.u.i.k.p.r.p.TestFile    ... finished proof: closed. 
178088     INFO  main            d.u.i.k.p.i.AbstractProblemLoader Loading environment from /home/runner/work/key/key/key.core/../key.ui/examples/standard_key/arith/mod7.key.proof 
178088     DEBUG main            d.u.i.k.p.i.AbstractProblemLoader Environment load took 97ns 
178089     INFO  main            d.u.i.k.p.i.AbstractProblemLoader Creating init config 
180385     DEBUG main            d.u.i.k.p.i.AbstractProblemLoader Init config took 2.3s 
180398     INFO  main            d.u.i.k.p.i.AbstractProblemLoader Replaying proof mod7.key.proof 
180403     DEBUG main            d.u.i.k.p.i.IntermediateProofReplayer Proof replay took 2.93ms 
180404     DEBUG main            d.u.i.k.p.r.p.TestFile    ... success: reloaded. 
180404     INFO  main            d.u.i.k.p.r.p.TestFile    Now processing file /home/runner/work/key/key/key.core/../key.ui/examples/standard_key/arith/overflow_hija.key 
180405     INFO  main            d.u.i.k.p.i.AbstractProblemLoader Loading environment from /home/runner/work/key/key/key.core/../key.ui/examples/standard_key/arith/overflow_hija.key 
180405     DEBUG main            d.u.i.k.p.i.AbstractProblemLoader Environment load took 69.9ns 
180406     INFO  main            d.u.i.k.p.i.AbstractProblemLoader Creating init config 
182749     DEBUG main            d.u.i.k.p.i.AbstractProblemLoader Init config took 2.34s 
182766     INFO  main            d.u.i.k.p.i.AbstractProblemLoader Replaying proof overflow_hija.key 
182770     DEBUG main            d.u.i.k.p.i.IntermediateProofReplayer Proof replay took 5.8ns 
187215     INFO  main            d.u.i.k.p.r.p.TestFile    ... finished proof: closed. 
187471     INFO  main            d.u.i.k.p.i.AbstractProblemLoader Loading environment from /home/runner/work/key/key/key.core/../key.ui/examples/standard_key/arith/overflow_hija.key.proof 
187473     DEBUG main            d.u.i.k.p.i.AbstractProblemLoader Environment load took 1.62ms 
187475     INFO  main            d.u.i.k.p.i.AbstractProblemLoader Creating init config 
189778     DEBUG main            d.u.i.k.p.i.AbstractProblemLoader Init config took 2.3s 
189795     INFO  main            d.u.i.k.p.i.AbstractProblemLoader Replaying proof overflow_hija.key.proof 
189942     DEBUG main            d.u.i.k.p.i.IntermediateProofReplayer Proof replay took 137.7ms 
189944     DEBUG main            d.u.i.k.p.r.p.TestFile    ... success: reloaded. 
189945     INFO  main            d.u.i.k.p.r.p.TestFile    Now processing file /home/runner/work/key/key/key.core/../key.ui/examples/standard_key/arith/poly_division0.key 
189945     INFO  main            d.u.i.k.p.i.AbstractProblemLoader Loading environment from /home/runner/work/key/key/key.core/../key.ui/examples/standard_key/arith/poly_division0.key 
189946     DEBUG main            d.u.i.k.p.i.AbstractProblemLoader Environment load took 182.1ns 
189946     INFO  main            d.u.i.k.p.i.AbstractProblemLoader Creating init config 
192258     DEBUG main            d.u.i.k.p.i.AbstractProblemLoader Init config took 2.31s 
192271     INFO  main            d.u.i.k.p.i.AbstractProblemLoader Replaying proof poly_division0.key 
192272     DEBUG main            d.u.i.k.p.i.IntermediateProofReplayer Proof replay took 5.1ns 
192378     INFO  main            d.u.i.k.p.r.p.TestFile    ... finished proof: closed. 
192658     INFO  main            d.u.i.k.p.i.AbstractProblemLoader Loading environment from /home/runner/work/key/key/key.core/../key.ui/examples/standard_key/arith/poly_division0.key.proof 
192658     DEBUG main            d.u.i.k.p.i.AbstractProblemLoader Environment load took 94.8ns 
192659     INFO  main            d.u.i.k.p.i.AbstractProblemLoader Creating init config 
194935     DEBUG main            d.u.i.k.p.i.AbstractProblemLoader Init config took 2.28s 
194948     INFO  main            d.u.i.k.p.i.AbstractProblemLoader Replaying proof poly_division0.key.proof 
194953     DEBUG main            d.u.i.k.p.i.IntermediateProofReplayer Proof replay took 3.32ms 
194953     DEBUG main            d.u.i.k.p.r.p.TestFile    ... success: reloaded. 
194954     INFO  main            d.u.i.k.p.r.p.TestFile    Now processing file /home/runner/work/key/key/key.core/../key.ui/examples/standard_key/arith/poly_division1.key 
194954     INFO  main            d.u.i.k.p.i.AbstractProblemLoader Loading environment from /home/runner/work/key/key/key.core/../key.ui/examples/standard_key/arith/poly_division1.key 
194954     DEBUG main            d.u.i.k.p.i.AbstractProblemLoader Environment load took 63ns 
194955     INFO  main            d.u.i.k.p.i.AbstractProblemLoader Creating init config 
197274     DEBUG main            d.u.i.k.p.i.AbstractProblemLoader Init config took 2.32s 
197287     INFO  main            d.u.i.k.p.i.AbstractProblemLoader Replaying proof poly_division1.key 
197288     DEBUG main            d.u.i.k.p.i.IntermediateProofReplayer Proof replay took 5.6ns 
197390     INFO  main            d.u.i.k.p.r.p.TestFile    ... finished proof: closed. 
197618     INFO  main            d.u.i.k.p.i.AbstractProblemLoader Loading environment from /home/runner/work/key/key/key.core/../key.ui/examples/standard_key/arith/poly_division1.key.proof 
197618     DEBUG main            d.u.i.k.p.i.AbstractProblemLoader Environment load took 93.5ns 
197619     INFO  main            d.u.i.k.p.i.AbstractProblemLoader Creating init config 
199921     DEBUG main            d.u.i.k.p.i.AbstractProblemLoader Init config took 2.3s 
199933     INFO  main            d.u.i.k.p.i.AbstractProblemLoader Replaying proof poly_division1.key.proof 
199939     DEBUG main            d.u.i.k.p.i.IntermediateProofReplayer Proof replay took 2.83ms 
199941     DEBUG main            d.u.i.k.p.r.p.TestFile    ... success: reloaded. 
199941     INFO  main            d.u.i.k.p.r.p.TestFile    Now processing file /home/runner/work/key/key/key.core/../key.ui/examples/standard_key/inEqSimp/division.key 
199941     INFO  main            d.u.i.k.p.i.AbstractProblemLoader Loading environment from /home/runner/work/key/key/key.core/../key.ui/examples/standard_key/inEqSimp/division.key 
199942     DEBUG main            d.u.i.k.p.i.AbstractProblemLoader Environment load took 195.8ns 
199943     INFO  main            d.u.i.k.p.i.AbstractProblemLoader Creating init config 
202279     DEBUG main            d.u.i.k.p.i.AbstractProblemLoader Init config took 2.34s 
202293     INFO  main            d.u.i.k.p.i.AbstractProblemLoader Replaying proof division.key 
202295     DEBUG main            d.u.i.k.p.i.IntermediateProofReplayer Proof replay took 5.9ns 
204215     INFO  main            d.u.i.k.p.r.p.TestFile    ... finished proof: closed. 
204465     INFO  main            d.u.i.k.p.i.AbstractProblemLoader Loading environment from /home/runner/work/key/key/key.core/../key.ui/examples/standard_key/inEqSimp/division.key.proof 
204465     DEBUG main            d.u.i.k.p.i.AbstractProblemLoader Environment load took 363.1ns 
204467     INFO  main            d.u.i.k.p.i.AbstractProblemLoader Creating init config 
206773     DEBUG main            d.u.i.k.p.i.AbstractProblemLoader Init config took 2.31s 
206787     INFO  main            d.u.i.k.p.i.AbstractProblemLoader Replaying proof division.key.proof 
206869     DEBUG main            d.u.i.k.p.i.IntermediateProofReplayer Proof replay took 70.22ms 
206870     DEBUG main            d.u.i.k.p.r.p.TestFile    ... success: reloaded. 
206871     INFO  main            d.u.i.k.p.r.p.TestFile    Now processing file /home/runner/work/key/key/key.core/../key.ui/examples/standard_key/inEqSimp/inequations0.key 
206872     INFO  main            d.u.i.k.p.i.AbstractProblemLoader Loading environment from /home/runner/work/key/key/key.core/../key.ui/examples/standard_key/inEqSimp/inequations0.key 
206872     DEBUG main            d.u.i.k.p.i.AbstractProblemLoader Environment load took 218.9ns 
206873     INFO  main            d.u.i.k.p.i.AbstractProblemLoader Creating init config 
209221     DEBUG main            d.u.i.k.p.i.AbstractProblemLoader Init config took 2.35s 
209234     INFO  main            d.u.i.k.p.i.AbstractProblemLoader Replaying proof inequations0.key 
209235     DEBUG main            d.u.i.k.p.i.IntermediateProofReplayer Proof replay took 32.1ns 
209339     INFO  main            d.u.i.k.p.r.p.TestFile    ... finished proof: closed. 
209600     INFO  main            d.u.i.k.p.i.AbstractProblemLoader Loading environment from /home/runner/work/key/key/key.core/../key.ui/examples/standard_key/inEqSimp/inequations0.key.proof 
209600     DEBUG main            d.u.i.k.p.i.AbstractProblemLoader Environment load took 92.9ns 
209601     INFO  main            d.u.i.k.p.i.AbstractProblemLoader Creating init config 
211876     DEBUG main            d.u.i.k.p.i.AbstractProblemLoader Init config took 2.27s 
211888     INFO  main            d.u.i.k.p.i.AbstractProblemLoader Replaying proof inequations0.key.proof 
211891     DEBUG main            d.u.i.k.p.i.IntermediateProofReplayer Proof replay took 1.59ms 
211892     DEBUG main            d.u.i.k.p.r.p.TestFile    ... success: reloaded. 
211893     INFO  main            d.u.i.k.p.r.p.TestFile    Now processing file /home/runner/work/key/key/key.core/../key.ui/examples/standard_key/inEqSimp/inequations1.key 
211893     INFO  main            d.u.i.k.p.i.AbstractProblemLoader Loading environment from /home/runner/work/key/key/key.core/../key.ui/examples/standard_key/inEqSimp/inequations1.key 
211893     DEBUG main            d.u.i.k.p.i.AbstractProblemLoader Environment load took 172.7ns 
211894     INFO  main            d.u.i.k.p.i.AbstractProblemLoader Creating init config 
214237     DEBUG main            d.u.i.k.p.i.AbstractProblemLoader Init config took 2.34s 
214251     INFO  main            d.u.i.k.p.i.AbstractProblemLoader Replaying proof inequations1.key 
214252     DEBUG main            d.u.i.k.p.i.IntermediateProofReplayer Proof replay took 2.6ns 
214353     INFO  main            d.u.i.k.p.r.p.TestFile    ... finished proof: closed. 
214600     INFO  main            d.u.i.k.p.i.AbstractProblemLoader Loading environment from /home/runner/work/key/key/key.core/../key.ui/examples/standard_key/inEqSimp/inequations1.key.proof 
214600     DEBUG main            d.u.i.k.p.i.AbstractProblemLoader Environment load took 86.1ns 
214601     INFO  main            d.u.i.k.p.i.AbstractProblemLoader Creating init config 
216882     DEBUG main            d.u.i.k.p.i.AbstractProblemLoader Init config took 2.28s 
216895     INFO  main            d.u.i.k.p.i.AbstractProblemLoader Replaying proof inequations1.key.proof 
216897     DEBUG main            d.u.i.k.p.i.IntermediateProofReplayer Proof replay took 847.1ns 
216898     DEBUG main            d.u.i.k.p.r.p.TestFile    ... success: reloaded. 
216898     INFO  main            d.u.i.k.p.r.p.TestFile    Now processing file /home/runner/work/key/key/key.core/../key.ui/examples/standard_key/inEqSimp/inequations2.key 
216898     INFO  main            d.u.i.k.p.i.AbstractProblemLoader Loading environment from /home/runner/work/key/key/key.core/../key.ui/examples/standard_key/inEqSimp/inequations2.key 
216898     DEBUG main            d.u.i.k.p.i.AbstractProblemLoader Environment load took 71.8ns 
216899     INFO  main            d.u.i.k.p.i.AbstractProblemLoader Creating init config 
219223     DEBUG main            d.u.i.k.p.i.AbstractProblemLoader Init config took 2.32s 
219235     INFO  main            d.u.i.k.p.i.AbstractProblemLoader Replaying proof inequations2.key 
219236     DEBUG main            d.u.i.k.p.i.IntermediateProofReplayer Proof replay took 2.3ns 
219338     INFO  main            d.u.i.k.p.r.p.TestFile    ... finished proof: closed. 
219582     INFO  main            d.u.i.k.p.i.AbstractProblemLoader Loading environment from /home/runner/work/key/key/key.core/../key.ui/examples/standard_key/inEqSimp/inequations2.key.proof 
219582     DEBUG main            d.u.i.k.p.i.AbstractProblemLoader Environment load took 87.4ns 
219583     INFO  main            d.u.i.k.p.i.AbstractProblemLoader Creating init config 
221868     DEBUG main            d.u.i.k.p.i.AbstractProblemLoader Init config took 2.28s 
221881     INFO  main            d.u.i.k.p.i.AbstractProblemLoader Replaying proof inequations2.key.proof 
221884     DEBUG main            d.u.i.k.p.i.IntermediateProofReplayer Proof replay took 1.04ms 
221885     DEBUG main            d.u.i.k.p.r.p.TestFile    ... success: reloaded. 
221885     INFO  main            d.u.i.k.p.r.p.TestFile    Now processing file /home/runner/work/key/key/key.core/../key.ui/examples/standard_key/inEqSimp/linApprox.key 
221886     INFO  main            d.u.i.k.p.i.AbstractProblemLoader Loading environment from /home/runner/work/key/key/key.core/../key.ui/examples/standard_key/inEqSimp/linApprox.key 
221886     DEBUG main            d.u.i.k.p.i.AbstractProblemLoader Environment load took 109.9ns 
221887     INFO  main            d.u.i.k.p.i.AbstractProblemLoader Creating init config 
224226     DEBUG main            d.u.i.k.p.i.AbstractProblemLoader Init config took 2.34s 
224238     INFO  main            d.u.i.k.p.i.AbstractProblemLoader Replaying proof linApprox.key 
224240     DEBUG main            d.u.i.k.p.i.IntermediateProofReplayer Proof replay took 3.2ns 
224341     INFO  main            d.u.i.k.p.r.p.TestFile    ... finished proof: closed. 
224590     INFO  main            d.u.i.k.p.i.AbstractProblemLoader Loading environment from /home/runner/work/key/key/key.core/../key.ui/examples/standard_key/inEqSimp/linApprox.key.proof 
224590     DEBUG main            d.u.i.k.p.i.AbstractProblemLoader Environment load took 84.3ns 
224591     INFO  main            d.u.i.k.p.i.AbstractProblemLoader Creating init config 
226888     DEBUG main            d.u.i.k.p.i.AbstractProblemLoader Init config took 2.3s 
226901     INFO  main            d.u.i.k.p.i.AbstractProblemLoader Replaying proof linApprox.key.proof 
226904     DEBUG main            d.u.i.k.p.i.IntermediateProofReplayer Proof replay took 1.39ms 
226904     DEBUG main            d.u.i.k.p.r.p.TestFile    ... success: reloaded. 
226905     INFO  main            d.u.i.k.p.r.p.TestFile    Now processing file /home/runner/work/key/key/key.core/../key.ui/examples/standard_key/inEqSimp/nonLinInEqExample0.key 
226905     INFO  main            d.u.i.k.p.i.AbstractProblemLoader Loading environment from /home/runner/work/key/key/key.core/../key.ui/examples/standard_key/inEqSimp/nonLinInEqExample0.key 
226905     DEBUG main            d.u.i.k.p.i.AbstractProblemLoader Environment load took 108.6ns 
226906     INFO  main            d.u.i.k.p.i.AbstractProblemLoader Creating init config 
229216     DEBUG main            d.u.i.k.p.i.AbstractProblemLoader Init config took 2.31s 
229229     INFO  main            d.u.i.k.p.i.AbstractProblemLoader Replaying proof nonLinInEqExample0.key 
229230     DEBUG main            d.u.i.k.p.i.IntermediateProofReplayer Proof replay took 2.7ns 
229332     INFO  main            d.u.i.k.p.r.p.TestFile    ... finished proof: closed. 
229587     INFO  main            d.u.i.k.p.i.AbstractProblemLoader Loading environment from /home/runner/work/key/key/key.core/../key.ui/examples/standard_key/inEqSimp/nonLinInEqExample0.key.proof 
229587     DEBUG main            d.u.i.k.p.i.AbstractProblemLoader Environment load took 87.3ns 
229588     INFO  main            d.u.i.k.p.i.AbstractProblemLoader Creating init config 
231873     DEBUG main            d.u.i.k.p.i.AbstractProblemLoader Init config took 2.28s 
231886     INFO  main            d.u.i.k.p.i.AbstractProblemLoader Replaying proof nonLinInEqExample0.key.proof 
231888     DEBUG main            d.u.i.k.p.i.IntermediateProofReplayer Proof replay took 538.6ns 
231889     DEBUG main            d.u.i.k.p.r.p.TestFile    ... success: reloaded. 
231889     INFO  main            d.u.i.k.p.r.p.TestFile    Now processing file /home/runner/work/key/key/key.core/../key.ui/examples/standard_key/inEqSimp/nonLinInEqExample2.key 
231890     INFO  main            d.u.i.k.p.i.AbstractProblemLoader Loading environment from /home/runner/work/key/key/key.core/../key.ui/examples/standard_key/inEqSimp/nonLinInEqExample2.key 
231890     DEBUG main            d.u.i.k.p.i.AbstractProblemLoader Environment load took 74.2ns 
231891     INFO  main            d.u.i.k.p.i.AbstractProblemLoader Creating init config 
234211     DEBUG main            d.u.i.k.p.i.AbstractProblemLoader Init config took 2.32s 
234224     INFO  main            d.u.i.k.p.i.AbstractProblemLoader Replaying proof nonLinInEqExample2.key 
234225     DEBUG main            d.u.i.k.p.i.IntermediateProofReplayer Proof replay took 2.5ns 
234529     INFO  main            d.u.i.k.p.r.p.TestFile    ... finished proof: closed. 
234792     INFO  main            d.u.i.k.p.i.AbstractProblemLoader Loading environment from /home/runner/work/key/key/key.core/../key.ui/examples/standard_key/inEqSimp/nonLinInEqExample2.key.proof 
234792     DEBUG main            d.u.i.k.p.i.AbstractProblemLoader Environment load took 91.8ns 
234793     INFO  main            d.u.i.k.p.i.AbstractProblemLoader Creating init config 
237096     DEBUG main            d.u.i.k.p.i.AbstractProblemLoader Init config took 2.3s 
237109     INFO  main            d.u.i.k.p.i.AbstractProblemLoader Replaying proof nonLinInEqExample2.key.proof 
237130     DEBUG main            d.u.i.k.p.i.IntermediateProofReplayer Proof replay took 17.88ms 
237130     DEBUG main            d.u.i.k.p.r.p.TestFile    ... success: reloaded. 
237131     INFO  main            d.u.i.k.p.r.p.TestFile    Now processing file /home/runner/work/key/key/key.core/../key.ui/examples/standard_key/inEqSimp/nonLinInEqExample3.key 
237131     INFO  main            d.u.i.k.p.i.AbstractProblemLoader Loading environment from /home/runner/work/key/key/key.core/../key.ui/examples/standard_key/inEqSimp/nonLinInEqExample3.key 
237131     DEBUG main            d.u.i.k.p.i.AbstractProblemLoader Environment load took 51.1ns 
237132     INFO  main            d.u.i.k.p.i.AbstractProblemLoader Creating init config 
239459     DEBUG main            d.u.i.k.p.i.AbstractProblemLoader Init config took 2.33s 
239472     INFO  main            d.u.i.k.p.i.AbstractProblemLoader Replaying proof nonLinInEqExample3.key 
239475     DEBUG main            d.u.i.k.p.i.IntermediateProofReplayer Proof replay took 2.3ns 
239678     INFO  main            d.u.i.k.p.r.p.TestFile    ... finished proof: closed. 
239964     INFO  main            d.u.i.k.p.i.AbstractProblemLoader Loading environment from /home/runner/work/key/key/key.core/../key.ui/examples/standard_key/inEqSimp/nonLinInEqExample3.key.proof 
239964     DEBUG main            d.u.i.k.p.i.AbstractProblemLoader Environment load took 89.2ns 
239965     INFO  main            d.u.i.k.p.i.AbstractProblemLoader Creating init config 
242248     DEBUG main            d.u.i.k.p.i.AbstractProblemLoader Init config took 2.28s 
242261     INFO  main            d.u.i.k.p.i.AbstractProblemLoader Replaying proof nonLinInEqExample3.key.proof 
242273     DEBUG main            d.u.i.k.p.i.IntermediateProofReplayer Proof replay took 10.23ms 
242274     DEBUG main            d.u.i.k.p.r.p.TestFile    ... success: reloaded. 
242274     INFO  main            d.u.i.k.p.r.p.TestFile    Now processing file /home/runner/work/key/key/key.core/../key.ui/examples/standard_key/inEqSimp/nonLinInEqExample4.key 
242275     INFO  main            d.u.i.k.p.i.AbstractProblemLoader Loading environment from /home/runner/work/key/key/key.core/../key.ui/examples/standard_key/inEqSimp/nonLinInEqExample4.key 
242275     DEBUG main            d.u.i.k.p.i.AbstractProblemLoader Environment load took 82.8ns 
242276     INFO  main            d.u.i.k.p.i.AbstractProblemLoader Creating init config 
244598     DEBUG main            d.u.i.k.p.i.AbstractProblemLoader Init config took 2.32s 
244611     INFO  main            d.u.i.k.p.i.AbstractProblemLoader Replaying proof nonLinInEqExample4.key 
244612     DEBUG main            d.u.i.k.p.i.IntermediateProofReplayer Proof replay took 3.1ns 
244714     INFO  main            d.u.i.k.p.r.p.TestFile    ... finished proof: closed. 
244996     INFO  main            d.u.i.k.p.i.AbstractProblemLoader Loading environment from /home/runner/work/key/key/key.core/../key.ui/examples/standard_key/inEqSimp/nonLinInEqExample4.key.proof 
244997     DEBUG main            d.u.i.k.p.i.AbstractProblemLoader Environment load took 82ns 
244997     INFO  main            d.u.i.k.p.i.AbstractProblemLoader Creating init config 
247295     DEBUG main            d.u.i.k.p.i.AbstractProblemLoader Init config took 2.3s 
247308     INFO  main            d.u.i.k.p.i.AbstractProblemLoader Replaying proof nonLinInEqExample4.key.proof 
247312     DEBUG main            d.u.i.k.p.i.IntermediateProofReplayer Proof replay took 2.42ms 
247312     DEBUG main            d.u.i.k.p.r.p.TestFile    ... success: reloaded. 
247313     INFO  main            d.u.i.k.p.r.p.TestFile    Now processing file /home/runner/work/key/key/key.core/../key.ui/examples/standard_key/inEqSimp/quadraticInEq.key 
247313     INFO  main            d.u.i.k.p.i.AbstractProblemLoader Loading environment from /home/runner/work/key/key/key.core/../key.ui/examples/standard_key/inEqSimp/quadraticInEq.key 
247313     DEBUG main            d.u.i.k.p.i.AbstractProblemLoader Environment load took 136.4ns 
247314     INFO  main            d.u.i.k.p.i.AbstractProblemLoader Creating init config 
249650     DEBUG main            d.u.i.k.p.i.AbstractProblemLoader Init config took 2.34s 
249663     INFO  main            d.u.i.k.p.i.AbstractProblemLoader Replaying proof quadraticInEq.key 
249664     DEBUG main            d.u.i.k.p.i.IntermediateProofReplayer Proof replay took 2.6ns 
249968     INFO  main            d.u.i.k.p.r.p.TestFile    ... finished proof: closed. 
250261     INFO  main            d.u.i.k.p.i.AbstractProblemLoader Loading environment from /home/runner/work/key/key/key.core/../key.ui/examples/standard_key/inEqSimp/quadraticInEq.key.proof 
250261     DEBUG main            d.u.i.k.p.i.AbstractProblemLoader Environment load took 458.1ns 
250263     INFO  main            d.u.i.k.p.i.AbstractProblemLoader Creating init config 
252548     DEBUG main            d.u.i.k.p.i.AbstractProblemLoader Init config took 2.28s 
252561     INFO  main            d.u.i.k.p.i.AbstractProblemLoader Replaying proof quadraticInEq.key.proof 
252589     DEBUG main            d.u.i.k.p.i.IntermediateProofReplayer Proof replay took 23.9ms 
252590     DEBUG main            d.u.i.k.p.r.p.TestFile    ... success: reloaded. 
252591     INFO  main            d.u.i.k.p.r.p.TestFile    Now processing file /home/runner/work/key/key/key.core/../key.ui/examples/standard_key/inEqSimp/quadraticInEq10.key 
252591     INFO  main            d.u.i.k.p.i.AbstractProblemLoader Loading environment from /home/runner/work/key/key/key.core/../key.ui/examples/standard_key/inEqSimp/quadraticInEq10.key 
252591     DEBUG main            d.u.i.k.p.i.AbstractProblemLoader Environment load took 71.5ns 
252592     INFO  main            d.u.i.k.p.i.AbstractProblemLoader Creating init config 
254919     DEBUG main            d.u.i.k.p.i.AbstractProblemLoader Init config took 2.33s 
254931     INFO  main            d.u.i.k.p.i.AbstractProblemLoader Replaying proof quadraticInEq10.key 
254932     DEBUG main            d.u.i.k.p.i.IntermediateProofReplayer Proof replay took 2.4ns 
255136     INFO  main            d.u.i.k.p.r.p.TestFile    ... finished proof: closed. 
255424     INFO  main            d.u.i.k.p.i.AbstractProblemLoader Loading environment from /home/runner/work/key/key/key.core/../key.ui/examples/standard_key/inEqSimp/quadraticInEq10.key.proof 
255424     DEBUG main            d.u.i.k.p.i.AbstractProblemLoader Environment load took 100.5ns 
255425     INFO  main            d.u.i.k.p.i.AbstractProblemLoader Creating init config 
257706     DEBUG main            d.u.i.k.p.i.AbstractProblemLoader Init config took 2.28s 
257719     INFO  main            d.u.i.k.p.i.AbstractProblemLoader Replaying proof quadraticInEq10.key.proof 
257728     DEBUG main            d.u.i.k.p.i.IntermediateProofReplayer Proof replay took 7.26ms 
257729     DEBUG main            d.u.i.k.p.r.p.TestFile    ... success: reloaded. 
257729     INFO  main            d.u.i.k.p.r.p.TestFile    Now processing file /home/runner/work/key/key/key.core/../key.ui/examples/standard_key/inEqSimp/quadraticInEq13.key 
257729     INFO  main            d.u.i.k.p.i.AbstractProblemLoader Loading environment from /home/runner/work/key/key/key.core/../key.ui/examples/standard_key/inEqSimp/quadraticInEq13.key 
257730     DEBUG main            d.u.i.k.p.i.AbstractProblemLoader Environment load took 68.7ns 
257730     INFO  main            d.u.i.k.p.i.AbstractProblemLoader Creating init config 
260059     DEBUG main            d.u.i.k.p.i.AbstractProblemLoader Init config took 2.33s 
260072     INFO  main            d.u.i.k.p.i.AbstractProblemLoader Replaying proof quadraticInEq13.key 
260073     DEBUG main            d.u.i.k.p.i.IntermediateProofReplayer Proof replay took 2.1ns 
260275     INFO  main            d.u.i.k.p.r.p.TestFile    ... finished proof: closed. 
260576     INFO  main            d.u.i.k.p.i.AbstractProblemLoader Loading environment from /home/runner/work/key/key/key.core/../key.ui/examples/standard_key/inEqSimp/quadraticInEq13.key.proof 
260576     DEBUG main            d.u.i.k.p.i.AbstractProblemLoader Environment load took 80.8ns 
260577     INFO  main            d.u.i.k.p.i.AbstractProblemLoader Creating init config 
262848     DEBUG main            d.u.i.k.p.i.AbstractProblemLoader Init config took 2.27s 
262868     INFO  main            d.u.i.k.p.i.AbstractProblemLoader Replaying proof quadraticInEq13.key.proof 
262879     DEBUG main            d.u.i.k.p.i.IntermediateProofReplayer Proof replay took 8.88ms 
262880     DEBUG main            d.u.i.k.p.r.p.TestFile    ... success: reloaded. 
262881     INFO  main            d.u.i.k.p.r.p.TestFile    Now processing file /home/runner/work/key/key/key.core/../key.ui/examples/standard_key/inEqSimp/quadraticInEq14.key 
262881     INFO  main            d.u.i.k.p.i.AbstractProblemLoader Loading environment from /home/runner/work/key/key/key.core/../key.ui/examples/standard_key/inEqSimp/quadraticInEq14.key 
262881     DEBUG main            d.u.i.k.p.i.AbstractProblemLoader Environment load took 78.9ns 
262882     INFO  main            d.u.i.k.p.i.AbstractProblemLoader Creating init config 
265240     DEBUG main            d.u.i.k.p.i.AbstractProblemLoader Init config took 2.36s 
265253     INFO  main            d.u.i.k.p.i.AbstractProblemLoader Replaying proof quadraticInEq14.key 
265254     DEBUG main            d.u.i.k.p.i.IntermediateProofReplayer Proof replay took 2.6ns 
265557     INFO  main            d.u.i.k.p.r.p.TestFile    ... finished proof: closed. 
265872     INFO  main            d.u.i.k.p.i.AbstractProblemLoader Loading environment from /home/runner/work/key/key/key.core/../key.ui/examples/standard_key/inEqSimp/quadraticInEq14.key.proof 
265872     DEBUG main            d.u.i.k.p.i.AbstractProblemLoader Environment load took 83.3ns 
265873     INFO  main            d.u.i.k.p.i.AbstractProblemLoader Creating init config 
268156     DEBUG main            d.u.i.k.p.i.AbstractProblemLoader Init config took 2.28s 
268168     INFO  main            d.u.i.k.p.i.AbstractProblemLoader Replaying proof quadraticInEq14.key.proof 
268184     DEBUG main            d.u.i.k.p.i.IntermediateProofReplayer Proof replay took 11.72ms 
268185     DEBUG main            d.u.i.k.p.r.p.TestFile    ... success: reloaded. 
268187     INFO  main            d.u.i.k.p.r.p.TestFile    Now processing file /home/runner/work/key/key/key.core/../key.ui/examples/standard_key/inEqSimp/quadraticInEq2.key 
268187     INFO  main            d.u.i.k.p.i.AbstractProblemLoader Loading environment from /home/runner/work/key/key/key.core/../key.ui/examples/standard_key/inEqSimp/quadraticInEq2.key 
268187     DEBUG main            d.u.i.k.p.i.AbstractProblemLoader Environment load took 63.51ns 
268188     INFO  main            d.u.i.k.p.i.AbstractProblemLoader Creating init config 
270509     DEBUG main            d.u.i.k.p.i.AbstractProblemLoader Init config took 2.32s 
270521     INFO  main            d.u.i.k.p.i.AbstractProblemLoader Replaying proof quadraticInEq2.key 
270523     DEBUG main            d.u.i.k.p.i.IntermediateProofReplayer Proof replay took 2.6ns 
270627     INFO  main            d.u.i.k.p.r.p.TestFile    ... finished proof: closed. 
270933     INFO  main            d.u.i.k.p.i.AbstractProblemLoader Loading environment from /home/runner/work/key/key/key.core/../key.ui/examples/standard_key/inEqSimp/quadraticInEq2.key.proof 
270933     DEBUG main            d.u.i.k.p.i.AbstractProblemLoader Environment load took 78.4ns 
270934     INFO  main            d.u.i.k.p.i.AbstractProblemLoader Creating init config 
273221     DEBUG main            d.u.i.k.p.i.AbstractProblemLoader Init config took 2.29s 
273234     INFO  main            d.u.i.k.p.i.AbstractProblemLoader Replaying proof quadraticInEq2.key.proof 
273236     DEBUG main            d.u.i.k.p.i.IntermediateProofReplayer Proof replay took 1.56ms 
273237     DEBUG main            d.u.i.k.p.r.p.TestFile    ... success: reloaded. 
273238     INFO  main            d.u.i.k.p.r.p.TestFile    Now processing file /home/runner/work/key/key/key.core/../key.ui/examples/standard_key/inEqSimp/quadraticInEq3.key 
273238     INFO  main            d.u.i.k.p.i.AbstractProblemLoader Loading environment from /home/runner/work/key/key/key.core/../key.ui/examples/standard_key/inEqSimp/quadraticInEq3.key 
273238     DEBUG main            d.u.i.k.p.i.AbstractProblemLoader Environment load took 64.5ns 
273239     INFO  main            d.u.i.k.p.i.AbstractProblemLoader Creating init config 
275557     DEBUG main            d.u.i.k.p.i.AbstractProblemLoader Init config took 2.32s 
275570     INFO  main            d.u.i.k.p.i.AbstractProblemLoader Replaying proof quadraticInEq3.key 
275572     DEBUG main            d.u.i.k.p.i.IntermediateProofReplayer Proof replay took 2.6ns 
275673     INFO  main            d.u.i.k.p.r.p.TestFile    ... finished proof: closed. 
275974     INFO  main            d.u.i.k.p.i.AbstractProblemLoader Loading environment from /home/runner/work/key/key/key.core/../key.ui/examples/standard_key/inEqSimp/quadraticInEq3.key.proof 
275974     DEBUG main            d.u.i.k.p.i.AbstractProblemLoader Environment load took 79.6ns 
275975     INFO  main            d.u.i.k.p.i.AbstractProblemLoader Creating init config 
278256     DEBUG main            d.u.i.k.p.i.AbstractProblemLoader Init config took 2.28s 
278268     INFO  main            d.u.i.k.p.i.AbstractProblemLoader Replaying proof quadraticInEq3.key.proof 
278274     DEBUG main            d.u.i.k.p.i.IntermediateProofReplayer Proof replay took 4.06ms 
278275     DEBUG main            d.u.i.k.p.r.p.TestFile    ... success: reloaded. 
278275     INFO  main            d.u.i.k.p.r.p.TestFile    Now processing file /home/runner/work/key/key/key.core/../key.ui/examples/standard_key/inEqSimp/quadraticInEq4.key 
278275     INFO  main            d.u.i.k.p.i.AbstractProblemLoader Loading environment from /home/runner/work/key/key/key.core/../key.ui/examples/standard_key/inEqSimp/quadraticInEq4.key 
278276     DEBUG main            d.u.i.k.p.i.AbstractProblemLoader Environment load took 87.9ns 
278276     INFO  main            d.u.i.k.p.i.AbstractProblemLoader Creating init config 
280598     DEBUG main            d.u.i.k.p.i.AbstractProblemLoader Init config took 2.32s 
280611     INFO  main            d.u.i.k.p.i.AbstractProblemLoader Replaying proof quadraticInEq4.key 
280612     DEBUG main            d.u.i.k.p.i.IntermediateProofReplayer Proof replay took 2.5ns 
280714     INFO  main            d.u.i.k.p.r.p.TestFile    ... finished proof: closed. 
281018     INFO  main            d.u.i.k.p.i.AbstractProblemLoader Loading environment from /home/runner/work/key/key/key.core/../key.ui/examples/standard_key/inEqSimp/quadraticInEq4.key.proof 
281018     DEBUG main            d.u.i.k.p.i.AbstractProblemLoader Environment load took 80.2ns 
281019     INFO  main            d.u.i.k.p.i.AbstractProblemLoader Creating init config 
283304     DEBUG main            d.u.i.k.p.i.AbstractProblemLoader Init config took 2.28s 
283317     INFO  main            d.u.i.k.p.i.AbstractProblemLoader Replaying proof quadraticInEq4.key.proof 
283321     DEBUG main            d.u.i.k.p.i.IntermediateProofReplayer Proof replay took 2.45ms 
283322     DEBUG main            d.u.i.k.p.r.p.TestFile    ... success: reloaded. 
283322     INFO  main            d.u.i.k.p.r.p.TestFile    Now processing file /home/runner/work/key/key/key.core/../key.ui/examples/standard_key/inEqSimp/quadraticInEq5.key 
283322     INFO  main            d.u.i.k.p.i.AbstractProblemLoader Loading environment from /home/runner/work/key/key/key.core/../key.ui/examples/standard_key/inEqSimp/quadraticInEq5.key 
283322     DEBUG main            d.u.i.k.p.i.AbstractProblemLoader Environment load took 41.9ns 
283323     INFO  main            d.u.i.k.p.i.AbstractProblemLoader Creating init config 
285644     DEBUG main            d.u.i.k.p.i.AbstractProblemLoader Init config took 2.32s 
285657     INFO  main            d.u.i.k.p.i.AbstractProblemLoader Replaying proof quadraticInEq5.key 
285658     DEBUG main            d.u.i.k.p.i.IntermediateProofReplayer Proof replay took 2.5ns 
285760     INFO  main            d.u.i.k.p.r.p.TestFile    ... finished proof: closed. 
286071     INFO  main            d.u.i.k.p.i.AbstractProblemLoader Loading environment from /home/runner/work/key/key/key.core/../key.ui/examples/standard_key/inEqSimp/quadraticInEq5.key.proof 
286071     DEBUG main            d.u.i.k.p.i.AbstractProblemLoader Environment load took 81ns 
286072     INFO  main            d.u.i.k.p.i.AbstractProblemLoader Creating init config 
288350     DEBUG main            d.u.i.k.p.i.AbstractProblemLoader Init config took 2.28s 
288362     INFO  main            d.u.i.k.p.i.AbstractProblemLoader Replaying proof quadraticInEq5.key.proof 
288366     DEBUG main            d.u.i.k.p.i.IntermediateProofReplayer Proof replay took 2.58ms 
288367     DEBUG main            d.u.i.k.p.r.p.TestFile    ... success: reloaded. 
288367     INFO  main            d.u.i.k.p.r.p.TestFile    Now processing file /home/runner/work/key/key/key.core/../key.ui/examples/standard_key/inEqSimp/quadraticInEq6.key 
288368     INFO  main            d.u.i.k.p.i.AbstractProblemLoader Loading environment from /home/runner/work/key/key/key.core/../key.ui/examples/standard_key/inEqSimp/quadraticInEq6.key 
288368     DEBUG main            d.u.i.k.p.i.AbstractProblemLoader Environment load took 45ns 
288368     INFO  main            d.u.i.k.p.i.AbstractProblemLoader Creating init config 
290713     DEBUG main            d.u.i.k.p.i.AbstractProblemLoader Init config took 2.34s 
290726     INFO  main            d.u.i.k.p.i.AbstractProblemLoader Replaying proof quadraticInEq6.key 
290727     DEBUG main            d.u.i.k.p.i.IntermediateProofReplayer Proof replay took 2.4ns 
290829     INFO  main            d.u.i.k.p.r.p.TestFile    ... finished proof: closed. 
291134     INFO  main            d.u.i.k.p.i.AbstractProblemLoader Loading environment from /home/runner/work/key/key/key.core/../key.ui/examples/standard_key/inEqSimp/quadraticInEq6.key.proof 
291135     DEBUG main            d.u.i.k.p.i.AbstractProblemLoader Environment load took 80.5ns 
291135     INFO  main            d.u.i.k.p.i.AbstractProblemLoader Creating init config 
293422     DEBUG main            d.u.i.k.p.i.AbstractProblemLoader Init config took 2.29s 
293435     INFO  main            d.u.i.k.p.i.AbstractProblemLoader Replaying proof quadraticInEq6.key.proof 
293439     DEBUG main            d.u.i.k.p.i.IntermediateProofReplayer Proof replay took 2.9ms 
293440     DEBUG main            d.u.i.k.p.r.p.TestFile    ... success: reloaded. 
293440     INFO  main            d.u.i.k.p.r.p.TestFile    Now processing file /home/runner/work/key/key/key.core/../key.ui/examples/standard_key/inEqSimp/quadraticInEq7.key 
293440     INFO  main            d.u.i.k.p.i.AbstractProblemLoader Loading environment from /home/runner/work/key/key/key.core/../key.ui/examples/standard_key/inEqSimp/quadraticInEq7.key 
293440     DEBUG main            d.u.i.k.p.i.AbstractProblemLoader Environment load took 45.1ns 
293441     INFO  main            d.u.i.k.p.i.AbstractProblemLoader Creating init config 
295782     DEBUG main            d.u.i.k.p.i.AbstractProblemLoader Init config took 2.34s 
295795     INFO  main            d.u.i.k.p.i.AbstractProblemLoader Replaying proof quadraticInEq7.key 
295796     DEBUG main            d.u.i.k.p.i.IntermediateProofReplayer Proof replay took 2.7ns 
295897     INFO  main            d.u.i.k.p.r.p.TestFile    ... finished proof: closed. 
296210     INFO  main            d.u.i.k.p.i.AbstractProblemLoader Loading environment from /home/runner/work/key/key/key.core/../key.ui/examples/standard_key/inEqSimp/quadraticInEq7.key.proof 
296210     DEBUG main            d.u.i.k.p.i.AbstractProblemLoader Environment load took 81.2ns 
296211     INFO  main            d.u.i.k.p.i.AbstractProblemLoader Creating init config 
298496     DEBUG main            d.u.i.k.p.i.AbstractProblemLoader Init config took 2.28s 
298508     INFO  main            d.u.i.k.p.i.AbstractProblemLoader Replaying proof quadraticInEq7.key.proof 
298511     DEBUG main            d.u.i.k.p.i.IntermediateProofReplayer Proof replay took 1.34ms 
298511     DEBUG main            d.u.i.k.p.r.p.TestFile    ... success: reloaded. 
298512     INFO  main            d.u.i.k.p.r.p.TestFile    Now processing file /home/runner/work/key/key/key.core/../key.ui/examples/standard_key/inEqSimp/quadraticInEq8.key 
298512     INFO  main            d.u.i.k.p.i.AbstractProblemLoader Loading environment from /home/runner/work/key/key/key.core/../key.ui/examples/standard_key/inEqSimp/quadraticInEq8.key 
298512     DEBUG main            d.u.i.k.p.i.AbstractProblemLoader Environment load took 48.8ns 
298515     INFO  main            d.u.i.k.p.i.AbstractProblemLoader Creating init config 
300841     DEBUG main            d.u.i.k.p.i.AbstractProblemLoader Init config took 2.33s 
300853     INFO  main            d.u.i.k.p.i.AbstractProblemLoader Replaying proof quadraticInEq8.key 
300854     DEBUG main            d.u.i.k.p.i.IntermediateProofReplayer Proof replay took 2.9ns 
300956     INFO  main            d.u.i.k.p.r.p.TestFile    ... finished proof: closed. 
301276     INFO  main            d.u.i.k.p.i.AbstractProblemLoader Loading environment from /home/runner/work/key/key/key.core/../key.ui/examples/standard_key/inEqSimp/quadraticInEq8.key.proof 
301276     DEBUG main            d.u.i.k.p.i.AbstractProblemLoader Environment load took 75.1ns 
301277     INFO  main            d.u.i.k.p.i.AbstractProblemLoader Creating init config 
303554     DEBUG main            d.u.i.k.p.i.AbstractProblemLoader Init config took 2.28s 
303567     INFO  main            d.u.i.k.p.i.AbstractProblemLoader Replaying proof quadraticInEq8.key.proof 
303573     DEBUG main            d.u.i.k.p.i.IntermediateProofReplayer Proof replay took 3.9ms 
303573     DEBUG main            d.u.i.k.p.r.p.TestFile    ... success: reloaded. 
303574     INFO  main            d.u.i.k.p.r.p.TestFile    Now processing file /home/runner/work/key/key/key.core/../key.ui/examples/standard_key/inEqSimp/simplify0.key 
303574     INFO  main            d.u.i.k.p.i.AbstractProblemLoader Loading environment from /home/runner/work/key/key/key.core/../key.ui/examples/standard_key/inEqSimp/simplify0.key 
303574     DEBUG main            d.u.i.k.p.i.AbstractProblemLoader Environment load took 41.7ns 
303575     INFO  main            d.u.i.k.p.i.AbstractProblemLoader Creating init config 
305901     DEBUG main            d.u.i.k.p.i.AbstractProblemLoader Init config took 2.33s 
305914     INFO  main            d.u.i.k.p.i.AbstractProblemLoader Replaying proof simplify0.key 
305915     DEBUG main            d.u.i.k.p.i.IntermediateProofReplayer Proof replay took 3.5ns 
306023     INFO  main            d.u.i.k.p.r.p.TestFile    ... finished proof: closed. 
306352     INFO  main            d.u.i.k.p.i.AbstractProblemLoader Loading environment from /home/runner/work/key/key/key.core/../key.ui/examples/standard_key/inEqSimp/simplify0.key.proof 
306352     DEBUG main            d.u.i.k.p.i.AbstractProblemLoader Environment load took 74.1ns 
306353     INFO  main            d.u.i.k.p.i.AbstractProblemLoader Creating init config 
308630     DEBUG main            d.u.i.k.p.i.AbstractProblemLoader Init config took 2.28s 
308643     INFO  main            d.u.i.k.p.i.AbstractProblemLoader Replaying proof simplify0.key.proof 
308645     DEBUG main            d.u.i.k.p.i.IntermediateProofReplayer Proof replay took 725.61ns 
308646     DEBUG main            d.u.i.k.p.r.p.TestFile    ... success: reloaded. 
308646     INFO  main            d.u.i.k.p.r.p.TestFile    Now processing file /home/runner/work/key/key/key.core/../key.ui/examples/standard_key/inEqSimp/simplify1.key 
308646     INFO  main            d.u.i.k.p.i.AbstractProblemLoader Loading environment from /home/runner/work/key/key/key.core/../key.ui/examples/standard_key/inEqSimp/simplify1.key 
308646     DEBUG main            d.u.i.k.p.i.AbstractProblemLoader Environment load took 41.1ns 
308647     INFO  main            d.u.i.k.p.i.AbstractProblemLoader Creating init config 
310988     DEBUG main            d.u.i.k.p.i.AbstractProblemLoader Init config took 2.34s 
311000     INFO  main            d.u.i.k.p.i.AbstractProblemLoader Replaying proof simplify1.key 
311001     DEBUG main            d.u.i.k.p.i.IntermediateProofReplayer Proof replay took 2.4ns 
311103     INFO  main            d.u.i.k.p.r.p.TestFile    ... finished proof: closed. 
311428     INFO  main            d.u.i.k.p.i.AbstractProblemLoader Loading environment from /home/runner/work/key/key/key.core/../key.ui/examples/standard_key/inEqSimp/simplify1.key.proof 
311428     DEBUG main            d.u.i.k.p.i.AbstractProblemLoader Environment load took 71.4ns 
311429     INFO  main            d.u.i.k.p.i.AbstractProblemLoader Creating init config 
313711     DEBUG main            d.u.i.k.p.i.AbstractProblemLoader Init config took 2.28s 
313724     INFO  main            d.u.i.k.p.i.AbstractProblemLoader Replaying proof simplify1.key.proof 
313725     DEBUG main            d.u.i.k.p.i.IntermediateProofReplayer Proof replay took 744.21ns 
313726     DEBUG main            d.u.i.k.p.r.p.TestFile    ... success: reloaded. 
313726     INFO  main            d.u.i.k.p.r.p.TestFile    Now processing file /home/runner/work/key/key/key.core/../key.ui/examples/standard_key/inEqSimp/simplify2.key 
313727     INFO  main            d.u.i.k.p.i.AbstractProblemLoader Loading environment from /home/runner/work/key/key/key.core/../key.ui/examples/standard_key/inEqSimp/simplify2.key 
313727     DEBUG main            d.u.i.k.p.i.AbstractProblemLoader Environment load took 64.6ns 
313727     INFO  main            d.u.i.k.p.i.AbstractProblemLoader Creating init config 
316055     DEBUG main            d.u.i.k.p.i.AbstractProblemLoader Init config took 2.33s 
316068     INFO  main            d.u.i.k.p.i.AbstractProblemLoader Replaying proof simplify2.key 
316069     DEBUG main            d.u.i.k.p.i.IntermediateProofReplayer Proof replay took 2.8ns 
316171     INFO  main            d.u.i.k.p.r.p.TestFile    ... finished proof: closed. 
316512     INFO  main            d.u.i.k.p.i.AbstractProblemLoader Loading environment from /home/runner/work/key/key/key.core/../key.ui/examples/standard_key/inEqSimp/simplify2.key.proof 
316512     DEBUG main            d.u.i.k.p.i.AbstractProblemLoader Environment load took 77.8ns 
316513     INFO  main            d.u.i.k.p.i.AbstractProblemLoader Creating init config 
318814     DEBUG main            d.u.i.k.p.i.AbstractProblemLoader Init config took 2.3s 
318827     INFO  main            d.u.i.k.p.i.AbstractProblemLoader Replaying proof simplify2.key.proof 
318835     DEBUG main            d.u.i.k.p.i.IntermediateProofReplayer Proof replay took 6.13ms 
318836     DEBUG main            d.u.i.k.p.r.p.TestFile    ... success: reloaded. 
318837     INFO  main            d.u.i.k.p.r.p.TestFile    Now processing file /home/runner/work/key/key/key.core/../key.ui/examples/standard_key/inEqSimp/simplify3.key 
318837     INFO  main            d.u.i.k.p.i.AbstractProblemLoader Loading environment from /home/runner/work/key/key/key.core/../key.ui/examples/standard_key/inEqSimp/simplify3.key 
318837     DEBUG main            d.u.i.k.p.i.AbstractProblemLoader Environment load took 44.1ns 
318838     INFO  main            d.u.i.k.p.i.AbstractProblemLoader Creating init config 
321167     DEBUG main            d.u.i.k.p.i.AbstractProblemLoader Init config took 2.33s 
321179     INFO  main            d.u.i.k.p.i.AbstractProblemLoader Replaying proof simplify3.key 
321180     DEBUG main            d.u.i.k.p.i.IntermediateProofReplayer Proof replay took 2.4ns 
321281     INFO  main            d.u.i.k.p.r.p.TestFile    ... finished proof: closed. 
321627     INFO  main            d.u.i.k.p.i.AbstractProblemLoader Loading environment from /home/runner/work/key/key/key.core/../key.ui/examples/standard_key/inEqSimp/simplify3.key.proof 
321627     DEBUG main            d.u.i.k.p.i.AbstractProblemLoader Environment load took 74ns 
321628     INFO  main            d.u.i.k.p.i.AbstractProblemLoader Creating init config 
323896     DEBUG main            d.u.i.k.p.i.AbstractProblemLoader Init config took 2.27s 
323909     INFO  main            d.u.i.k.p.i.AbstractProblemLoader Replaying proof simplify3.key.proof 
323911     DEBUG main            d.u.i.k.p.i.IntermediateProofReplayer Proof replay took 1.25ms 
323912     DEBUG main            d.u.i.k.p.r.p.TestFile    ... success: reloaded. 
323912     INFO  main            d.u.i.k.p.r.p.TestFile    Now processing file /home/runner/work/key/key/key.core/../key.ui/examples/standard_key/inEqSimp/simplify4.key 
323913     INFO  main            d.u.i.k.p.i.AbstractProblemLoader Loading environment from /home/runner/work/key/key/key.core/../key.ui/examples/standard_key/inEqSimp/simplify4.key 
323913     DEBUG main            d.u.i.k.p.i.AbstractProblemLoader Environment load took 67.5ns 
323913     INFO  main            d.u.i.k.p.i.AbstractProblemLoader Creating init config 
326216     DEBUG main            d.u.i.k.p.i.AbstractProblemLoader Init config took 2.3s 
326229     INFO  main            d.u.i.k.p.i.AbstractProblemLoader Replaying proof simplify4.key 
326230     DEBUG main            d.u.i.k.p.i.IntermediateProofReplayer Proof replay took 2.7ns 
326332     INFO  main            d.u.i.k.p.r.p.TestFile    ... finished proof: closed. 
326695     INFO  main            d.u.i.k.p.i.AbstractProblemLoader Loading environment from /home/runner/work/key/key/key.core/../key.ui/examples/standard_key/inEqSimp/simplify4.key.proof 
326695     DEBUG main            d.u.i.k.p.i.AbstractProblemLoader Environment load took 74.8ns 
326696     INFO  main            d.u.i.k.p.i.AbstractProblemLoader Creating init config 
328964     DEBUG main            d.u.i.k.p.i.AbstractProblemLoader Init config took 2.27s 
328977     INFO  main            d.u.i.k.p.i.AbstractProblemLoader Replaying proof simplify4.key.proof 
328984     DEBUG main            d.u.i.k.p.i.IntermediateProofReplayer Proof replay took 4.69ms 
328985     DEBUG main            d.u.i.k.p.r.p.TestFile    ... success: reloaded. 
328985     INFO  main            d.u.i.k.p.r.p.TestFile    Now processing file /home/runner/work/key/key/key.core/../key.ui/examples/standard_key/inEqSimp/simplify5.key 
328985     INFO  main            d.u.i.k.p.i.AbstractProblemLoader Loading environment from /home/runner/work/key/key/key.core/../key.ui/examples/standard_key/inEqSimp/simplify5.key 
328985     DEBUG main            d.u.i.k.p.i.AbstractProblemLoader Environment load took 53.5ns 
328986     INFO  main            d.u.i.k.p.i.AbstractProblemLoader Creating init config 
331271     DEBUG main            d.u.i.k.p.i.AbstractProblemLoader Init config took 2.29s 
331284     INFO  main            d.u.i.k.p.i.AbstractProblemLoader Replaying proof simplify5.key 
331286     DEBUG main            d.u.i.k.p.i.IntermediateProofReplayer Proof replay took 2.2ns 
331789     INFO  main            d.u.i.k.p.r.p.TestFile    ... finished proof: closed. 
332148     INFO  main            d.u.i.k.p.i.AbstractProblemLoader Loading environment from /home/runner/work/key/key/key.core/../key.ui/examples/standard_key/inEqSimp/simplify5.key.proof 
332148     DEBUG main            d.u.i.k.p.i.AbstractProblemLoader Environment load took 81ns 
332150     INFO  main            d.u.i.k.p.i.AbstractProblemLoader Creating init config 
334414     DEBUG main            d.u.i.k.p.i.AbstractProblemLoader Init config took 2.26s 
334427     INFO  main            d.u.i.k.p.i.AbstractProblemLoader Replaying proof simplify5.key.proof 
334463     DEBUG main            d.u.i.k.p.i.IntermediateProofReplayer Proof replay took 31.08ms 
334464     DEBUG main            d.u.i.k.p.r.p.TestFile    ... success: reloaded. 
334464     INFO  main            d.u.i.k.p.r.p.TestFile    Now processing file /home/runner/work/key/key/key.core/../key.ui/examples/standard_key/inEqSimp/subsumptionExample.key 
334465     INFO  main            d.u.i.k.p.i.AbstractProblemLoader Loading environment from /home/runner/work/key/key/key.core/../key.ui/examples/standard_key/inEqSimp/subsumptionExample.key 
334465     DEBUG main            d.u.i.k.p.i.AbstractProblemLoader Environment load took 64.9ns 
334465     INFO  main            d.u.i.k.p.i.AbstractProblemLoader Creating init config 
336784     DEBUG main            d.u.i.k.p.i.AbstractProblemLoader Init config took 2.32s 
336796     INFO  main            d.u.i.k.p.i.AbstractProblemLoader Replaying proof subsumptionExample.key 
336797     DEBUG main            d.u.i.k.p.i.IntermediateProofReplayer Proof replay took 2.5ns 
336902     INFO  main            d.u.i.k.p.r.p.TestFile    ... finished proof: closed. 
337314     INFO  main            d.u.i.k.p.i.AbstractProblemLoader Loading environment from /home/runner/work/key/key/key.core/../key.ui/examples/standard_key/inEqSimp/subsumptionExample.key.proof 
337314     DEBUG main            d.u.i.k.p.i.AbstractProblemLoader Environment load took 78.5ns 
337315     INFO  main            d.u.i.k.p.i.AbstractProblemLoader Creating init config 
339657     DEBUG main            d.u.i.k.p.i.AbstractProblemLoader Init config took 2.34s 
339670     INFO  main            d.u.i.k.p.i.AbstractProblemLoader Replaying proof subsumptionExample.key.proof 
339672     DEBUG main            d.u.i.k.p.i.IntermediateProofReplayer Proof replay took 654.11ns 
339672     DEBUG main            d.u.i.k.p.r.p.TestFile    ... success: reloaded. 
339673     INFO  main            d.u.i.k.p.r.p.TestFile    Now processing file /home/runner/work/key/key/key.core/../key.ui/examples/standard_key/polySimp/simplify0.key 
339673     INFO  main            d.u.i.k.p.i.AbstractProblemLoader Loading environment from /home/runner/work/key/key/key.core/../key.ui/examples/standard_key/polySimp/simplify0.key 
339673     DEBUG main            d.u.i.k.p.i.AbstractProblemLoader Environment load took 53ns 
339674     INFO  main            d.u.i.k.p.i.AbstractProblemLoader Creating init config 
341956     DEBUG main            d.u.i.k.p.i.AbstractProblemLoader Init config took 2.28s 
341969     INFO  main            d.u.i.k.p.i.AbstractProblemLoader Replaying proof simplify0.key 
341970     DEBUG main            d.u.i.k.p.i.IntermediateProofReplayer Proof replay took 3.1ns 
342172     INFO  main            d.u.i.k.p.r.p.TestFile    ... finished proof: closed. 
342549     INFO  main            d.u.i.k.p.i.AbstractProblemLoader Loading environment from /home/runner/work/key/key/key.core/../key.ui/examples/standard_key/polySimp/simplify0.key.proof 
342549     DEBUG main            d.u.i.k.p.i.AbstractProblemLoader Environment load took 71.2ns 
342550     INFO  main            d.u.i.k.p.i.AbstractProblemLoader Creating init config 
344814     DEBUG main            d.u.i.k.p.i.AbstractProblemLoader Init config took 2.26s 
344828     INFO  main            d.u.i.k.p.i.AbstractProblemLoader Replaying proof simplify0.key.proof 
344834     DEBUG main            d.u.i.k.p.i.IntermediateProofReplayer Proof replay took 4.65ms 
344835     DEBUG main            d.u.i.k.p.r.p.TestFile    ... success: reloaded. 
344835     INFO  main            d.u.i.k.p.r.p.TestFile    Now processing file /home/runner/work/key/key/key.core/../key.ui/examples/standard_key/polySimp/simplify1.key 
344835     INFO  main            d.u.i.k.p.i.AbstractProblemLoader Loading environment from /home/runner/work/key/key/key.core/../key.ui/examples/standard_key/polySimp/simplify1.key 
344836     DEBUG main            d.u.i.k.p.i.AbstractProblemLoader Environment load took 82.3ns 
344836     INFO  main            d.u.i.k.p.i.AbstractProblemLoader Creating init config 
347115     DEBUG main            d.u.i.k.p.i.AbstractProblemLoader Init config took 2.28s 
347128     INFO  main            d.u.i.k.p.i.AbstractProblemLoader Replaying proof simplify1.key 
347129     DEBUG main            d.u.i.k.p.i.IntermediateProofReplayer Proof replay took 2.3ns 
347430     INFO  main            d.u.i.k.p.r.p.TestFile    ... finished proof: closed. 
347805     INFO  main            d.u.i.k.p.i.AbstractProblemLoader Loading environment from /home/runner/work/key/key/key.core/../key.ui/examples/standard_key/polySimp/simplify1.key.proof 
347805     DEBUG main            d.u.i.k.p.i.AbstractProblemLoader Environment load took 75.6ns 
347806     INFO  main            d.u.i.k.p.i.AbstractProblemLoader Creating init config 
350072     DEBUG main            d.u.i.k.p.i.AbstractProblemLoader Init config took 2.27s 
350085     INFO  main            d.u.i.k.p.i.AbstractProblemLoader Replaying proof simplify1.key.proof 
350094     DEBUG main            d.u.i.k.p.i.IntermediateProofReplayer Proof replay took 6.44ms 
350095     DEBUG main            d.u.i.k.p.r.p.TestFile    ... success: reloaded. 
350095     INFO  main            d.u.i.k.p.r.p.TestFile    Now processing file /home/runner/work/key/key/key.core/../key.ui/examples/standard_key/polySimp/simplify10.key 
350095     INFO  main            d.u.i.k.p.i.AbstractProblemLoader Loading environment from /home/runner/work/key/key/key.core/../key.ui/examples/standard_key/polySimp/simplify10.key 
350095     DEBUG main            d.u.i.k.p.i.AbstractProblemLoader Environment load took 41.2ns 
350097     INFO  main            d.u.i.k.p.i.AbstractProblemLoader Creating init config 
352410     DEBUG main            d.u.i.k.p.i.AbstractProblemLoader Init config took 2.31s 
352424     INFO  main            d.u.i.k.p.i.AbstractProblemLoader Replaying proof simplify10.key 
352425     DEBUG main            d.u.i.k.p.i.IntermediateProofReplayer Proof replay took 2.3ns 
352628     INFO  main            d.u.i.k.p.r.p.TestFile    ... finished proof: closed. 
353040     INFO  main            d.u.i.k.p.i.AbstractProblemLoader Loading environment from /home/runner/work/key/key/key.core/../key.ui/examples/standard_key/polySimp/simplify10.key.proof 
353040     DEBUG main            d.u.i.k.p.i.AbstractProblemLoader Environment load took 71.9ns 
353041     INFO  main            d.u.i.k.p.i.AbstractProblemLoader Creating init config 
355314     DEBUG main            d.u.i.k.p.i.AbstractProblemLoader Init config took 2.27s 
355331     INFO  main            d.u.i.k.p.i.AbstractProblemLoader Replaying proof simplify10.key.proof 
355342     DEBUG main            d.u.i.k.p.i.IntermediateProofReplayer Proof replay took 8.45ms 
355343     DEBUG main            d.u.i.k.p.r.p.TestFile    ... success: reloaded. 
355343     INFO  main            d.u.i.k.p.r.p.TestFile    Now processing file /home/runner/work/key/key/key.core/../key.ui/examples/standard_key/polySimp/simplify11.key 
355344     INFO  main            d.u.i.k.p.i.AbstractProblemLoader Loading environment from /home/runner/work/key/key/key.core/../key.ui/examples/standard_key/polySimp/simplify11.key 
355344     DEBUG main            d.u.i.k.p.i.AbstractProblemLoader Environment load took 63.3ns 
355345     INFO  main            d.u.i.k.p.i.AbstractProblemLoader Creating init config 
357639     DEBUG main            d.u.i.k.p.i.AbstractProblemLoader Init config took 2.29s 
357652     INFO  main            d.u.i.k.p.i.AbstractProblemLoader Replaying proof simplify11.key 
357653     DEBUG main            d.u.i.k.p.i.IntermediateProofReplayer Proof replay took 3.3ns 
357854     INFO  main            d.u.i.k.p.r.p.TestFile    ... finished proof: closed. 
358255     INFO  main            d.u.i.k.p.i.AbstractProblemLoader Loading environment from /home/runner/work/key/key/key.core/../key.ui/examples/standard_key/polySimp/simplify11.key.proof 
358255     DEBUG main            d.u.i.k.p.i.AbstractProblemLoader Environment load took 71.4ns 
358256     INFO  main            d.u.i.k.p.i.AbstractProblemLoader Creating init config 
360525     DEBUG main            d.u.i.k.p.i.AbstractProblemLoader Init config took 2.27s 
360539     INFO  main            d.u.i.k.p.i.AbstractProblemLoader Replaying proof simplify11.key.proof 
360548     DEBUG main            d.u.i.k.p.i.IntermediateProofReplayer Proof replay took 7.11ms 
360549     DEBUG main            d.u.i.k.p.r.p.TestFile    ... success: reloaded. 
360549     INFO  main            d.u.i.k.p.r.p.TestFile    Now processing file /home/runner/work/key/key/key.core/../key.ui/examples/standard_key/polySimp/simplify12.key 
360550     INFO  main            d.u.i.k.p.i.AbstractProblemLoader Loading environment from /home/runner/work/key/key/key.core/../key.ui/examples/standard_key/polySimp/simplify12.key 
360550     DEBUG main            d.u.i.k.p.i.AbstractProblemLoader Environment load took 41.3ns 
360550     INFO  main            d.u.i.k.p.i.AbstractProblemLoader Creating init config 
362850     DEBUG main            d.u.i.k.p.i.AbstractProblemLoader Init config took 2.3s 
362863     INFO  main            d.u.i.k.p.i.AbstractProblemLoader Replaying proof simplify12.key 
362863     DEBUG main            d.u.i.k.p.i.IntermediateProofReplayer Proof replay took 2ns 
362965     INFO  main            d.u.i.k.p.r.p.TestFile    ... finished proof: closed. 
363359     INFO  main            d.u.i.k.p.i.AbstractProblemLoader Loading environment from /home/runner/work/key/key/key.core/../key.ui/examples/standard_key/polySimp/simplify12.key.proof 
363359     DEBUG main            d.u.i.k.p.i.AbstractProblemLoader Environment load took 74.6ns 
363360     INFO  main            d.u.i.k.p.i.AbstractProblemLoader Creating init config 
365627     DEBUG main            d.u.i.k.p.i.AbstractProblemLoader Init config took 2.27s 
365640     INFO  main            d.u.i.k.p.i.AbstractProblemLoader Replaying proof simplify12.key.proof 
365645     DEBUG main            d.u.i.k.p.i.IntermediateProofReplayer Proof replay took 3.49ms 
365646     DEBUG main            d.u.i.k.p.r.p.TestFile    ... success: reloaded. 
365646     INFO  main            d.u.i.k.p.r.p.TestFile    Now processing file /home/runner/work/key/key/key.core/../key.ui/examples/standard_key/polySimp/simplify13.key 
365647     INFO  main            d.u.i.k.p.i.AbstractProblemLoader Loading environment from /home/runner/work/key/key/key.core/../key.ui/examples/standard_key/polySimp/simplify13.key 
365647     DEBUG main            d.u.i.k.p.i.AbstractProblemLoader Environment load took 43.8ns 
365647     INFO  main            d.u.i.k.p.i.AbstractProblemLoader Creating init config 
367951     DEBUG main            d.u.i.k.p.i.AbstractProblemLoader Init config took 2.3s 
367964     INFO  main            d.u.i.k.p.i.AbstractProblemLoader Replaying proof simplify13.key 
367965     DEBUG main            d.u.i.k.p.i.IntermediateProofReplayer Proof replay took 2.3ns 
368066     INFO  main            d.u.i.k.p.r.p.TestFile    ... finished proof: closed. 
368459     INFO  main            d.u.i.k.p.i.AbstractProblemLoader Loading environment from /home/runner/work/key/key/key.core/../key.ui/examples/standard_key/polySimp/simplify13.key.proof 
368459     DEBUG main            d.u.i.k.p.i.AbstractProblemLoader Environment load took 70.2ns 
368460     INFO  main            d.u.i.k.p.i.AbstractProblemLoader Creating init config 
370721     DEBUG main            d.u.i.k.p.i.AbstractProblemLoader Init config took 2.26s 
370735     INFO  main            d.u.i.k.p.i.AbstractProblemLoader Replaying proof simplify13.key.proof 
370738     DEBUG main            d.u.i.k.p.i.IntermediateProofReplayer Proof replay took 2.06ms 
370739     DEBUG main            d.u.i.k.p.r.p.TestFile    ... success: reloaded. 
370739     INFO  main            d.u.i.k.p.r.p.TestFile    Now processing file /home/runner/work/key/key/key.core/../key.ui/examples/standard_key/polySimp/simplify14.key 
370739     INFO  main            d.u.i.k.p.i.AbstractProblemLoader Loading environment from /home/runner/work/key/key/key.core/../key.ui/examples/standard_key/polySimp/simplify14.key 
370739     DEBUG main            d.u.i.k.p.i.AbstractProblemLoader Environment load took 40.7ns 
370740     INFO  main            d.u.i.k.p.i.AbstractProblemLoader Creating init config 
373038     DEBUG main            d.u.i.k.p.i.AbstractProblemLoader Init config took 2.3s 
373051     INFO  main            d.u.i.k.p.i.AbstractProblemLoader Replaying proof simplify14.key 
373052     DEBUG main            d.u.i.k.p.i.IntermediateProofReplayer Proof replay took 2ns 
373153     INFO  main            d.u.i.k.p.r.p.TestFile    ... finished proof: closed. 
373549     INFO  main            d.u.i.k.p.i.AbstractProblemLoader Loading environment from /home/runner/work/key/key/key.core/../key.ui/examples/standard_key/polySimp/simplify14.key.proof 
373549     DEBUG main            d.u.i.k.p.i.AbstractProblemLoader Environment load took 73.5ns 
373550     INFO  main            d.u.i.k.p.i.AbstractProblemLoader Creating init config 
375814     DEBUG main            d.u.i.k.p.i.AbstractProblemLoader Init config took 2.26s 
375828     INFO  main            d.u.i.k.p.i.AbstractProblemLoader Replaying proof simplify14.key.proof 
375829     DEBUG main            d.u.i.k.p.i.IntermediateProofReplayer Proof replay took 437.8ns 
375830     DEBUG main            d.u.i.k.p.r.p.TestFile    ... success: reloaded. 
375830     INFO  main            d.u.i.k.p.r.p.TestFile    Now processing file /home/runner/work/key/key/key.core/../key.ui/examples/standard_key/polySimp/simplify15.key 
375831     INFO  main            d.u.i.k.p.i.AbstractProblemLoader Loading environment from /home/runner/work/key/key/key.core/../key.ui/examples/standard_key/polySimp/simplify15.key 
375831     DEBUG main            d.u.i.k.p.i.AbstractProblemLoader Environment load took 41.2ns 
375831     INFO  main            d.u.i.k.p.i.AbstractProblemLoader Creating init config 
378127     DEBUG main            d.u.i.k.p.i.AbstractProblemLoader Init config took 2.3s 
378140     INFO  main            d.u.i.k.p.i.AbstractProblemLoader Replaying proof simplify15.key 
378141     DEBUG main            d.u.i.k.p.i.IntermediateProofReplayer Proof replay took 2.1ns 
378247     INFO  main            d.u.i.k.p.r.p.TestFile    ... finished proof: closed. 
378637     INFO  main            d.u.i.k.p.i.AbstractProblemLoader Loading environment from /home/runner/work/key/key/key.core/../key.ui/examples/standard_key/polySimp/simplify15.key.proof 
378637     DEBUG main            d.u.i.k.p.i.AbstractProblemLoader Environment load took 74.4ns 
378638     INFO  main            d.u.i.k.p.i.AbstractProblemLoader Creating init config 
380893     DEBUG main            d.u.i.k.p.i.AbstractProblemLoader Init config took 2.26s 
380906     INFO  main            d.u.i.k.p.i.AbstractProblemLoader Replaying proof simplify15.key.proof 
380907     DEBUG main            d.u.i.k.p.i.IntermediateProofReplayer Proof replay took 294.2ns 
380908     DEBUG main            d.u.i.k.p.r.p.TestFile    ... success: reloaded. 
380908     INFO  main            d.u.i.k.p.r.p.TestFile    Now processing file /home/runner/work/key/key/key.core/../key.ui/examples/standard_key/polySimp/simplify16.key 
380908     INFO  main            d.u.i.k.p.i.AbstractProblemLoader Loading environment from /home/runner/work/key/key/key.core/../key.ui/examples/standard_key/polySimp/simplify16.key 
380908     DEBUG main            d.u.i.k.p.i.AbstractProblemLoader Environment load took 36.2ns 
380909     INFO  main            d.u.i.k.p.i.AbstractProblemLoader Creating init config 
383207     DEBUG main            d.u.i.k.p.i.AbstractProblemLoader Init config took 2.3s 
383219     INFO  main            d.u.i.k.p.i.AbstractProblemLoader Replaying proof simplify16.key 
383220     DEBUG main            d.u.i.k.p.i.IntermediateProofReplayer Proof replay took 3ns 
383321     INFO  main            d.u.i.k.p.r.p.TestFile    ... finished proof: closed. 
383723     INFO  main            d.u.i.k.p.i.AbstractProblemLoader Loading environment from /home/runner/work/key/key/key.core/../key.ui/examples/standard_key/polySimp/simplify16.key.proof 
383723     DEBUG main            d.u.i.k.p.i.AbstractProblemLoader Environment load took 66.9ns 
383724     INFO  main            d.u.i.k.p.i.AbstractProblemLoader Creating init config 
385989     DEBUG main            d.u.i.k.p.i.AbstractProblemLoader Init config took 2.27s 
386002     INFO  main            d.u.i.k.p.i.AbstractProblemLoader Replaying proof simplify16.key.proof 
386003     DEBUG main            d.u.i.k.p.i.IntermediateProofReplayer Proof replay took 191.1ns 
386004     DEBUG main            d.u.i.k.p.r.p.TestFile    ... success: reloaded. 
386004     INFO  main            d.u.i.k.p.r.p.TestFile    Now processing file /home/runner/work/key/key/key.core/../key.ui/examples/standard_key/polySimp/simplify17.key 
386004     INFO  main            d.u.i.k.p.i.AbstractProblemLoader Loading environment from /home/runner/work/key/key/key.core/../key.ui/examples/standard_key/polySimp/simplify17.key 
386004     DEBUG main            d.u.i.k.p.i.AbstractProblemLoader Environment load took 39.7ns 
386005     INFO  main            d.u.i.k.p.i.AbstractProblemLoader Creating init config 
388308     DEBUG main            d.u.i.k.p.i.AbstractProblemLoader Init config took 2.3s 
388321     INFO  main            d.u.i.k.p.i.AbstractProblemLoader Replaying proof simplify17.key 
388322     DEBUG main            d.u.i.k.p.i.IntermediateProofReplayer Proof replay took 3.1ns 
388423     INFO  main            d.u.i.k.p.r.p.TestFile    ... finished proof: closed. 
388842     INFO  main            d.u.i.k.p.i.AbstractProblemLoader Loading environment from /home/runner/work/key/key/key.core/../key.ui/examples/standard_key/polySimp/simplify17.key.proof 
388843     DEBUG main            d.u.i.k.p.i.AbstractProblemLoader Environment load took 71.4ns 
388843     INFO  main            d.u.i.k.p.i.AbstractProblemLoader Creating init config 
391113     DEBUG main            d.u.i.k.p.i.AbstractProblemLoader Init config took 2.27s 
391126     INFO  main            d.u.i.k.p.i.AbstractProblemLoader Replaying proof simplify17.key.proof 
391130     DEBUG main            d.u.i.k.p.i.IntermediateProofReplayer Proof replay took 2.65ms 
391130     DEBUG main            d.u.i.k.p.r.p.TestFile    ... success: reloaded. 
391131     INFO  main            d.u.i.k.p.r.p.TestFile    Now processing file /home/runner/work/key/key/key.core/../key.ui/examples/standard_key/polySimp/simplify18.key 
391131     INFO  main            d.u.i.k.p.i.AbstractProblemLoader Loading environment from /home/runner/work/key/key/key.core/../key.ui/examples/standard_key/polySimp/simplify18.key 
391131     DEBUG main            d.u.i.k.p.i.AbstractProblemLoader Environment load took 41.6ns 
391132     INFO  main            d.u.i.k.p.i.AbstractProblemLoader Creating init config 
393469     DEBUG main            d.u.i.k.p.i.AbstractProblemLoader Init config took 2.34s 
393482     INFO  main            d.u.i.k.p.i.AbstractProblemLoader Replaying proof simplify18.key 
393483     DEBUG main            d.u.i.k.p.i.IntermediateProofReplayer Proof replay took 2.3ns 
393685     INFO  main            d.u.i.k.p.r.p.TestFile    ... finished proof: closed. 
394108     INFO  main            d.u.i.k.p.i.AbstractProblemLoader Loading environment from /home/runner/work/key/key/key.core/../key.ui/examples/standard_key/polySimp/simplify18.key.proof 
394108     DEBUG main            d.u.i.k.p.i.AbstractProblemLoader Environment load took 74.1ns 
394109     INFO  main            d.u.i.k.p.i.AbstractProblemLoader Creating init config 
396368     DEBUG main            d.u.i.k.p.i.AbstractProblemLoader Init config took 2.26s 
396382     INFO  main            d.u.i.k.p.i.AbstractProblemLoader Replaying proof simplify18.key.proof 
396389     DEBUG main            d.u.i.k.p.i.IntermediateProofReplayer Proof replay took 5.79ms 
396390     DEBUG main            d.u.i.k.p.r.p.TestFile    ... success: reloaded. 
396390     INFO  main            d.u.i.k.p.r.p.TestFile    Now processing file /home/runner/work/key/key/key.core/../key.ui/examples/standard_key/polySimp/simplify19.key 
396391     INFO  main            d.u.i.k.p.i.AbstractProblemLoader Loading environment from /home/runner/work/key/key/key.core/../key.ui/examples/standard_key/polySimp/simplify19.key 
396391     DEBUG main            d.u.i.k.p.i.AbstractProblemLoader Environment load took 64.7ns 
396392     INFO  main            d.u.i.k.p.i.AbstractProblemLoader Creating init config 
398689     DEBUG main            d.u.i.k.p.i.AbstractProblemLoader Init config took 2.3s 
398702     INFO  main            d.u.i.k.p.i.AbstractProblemLoader Replaying proof simplify19.key 
398703     DEBUG main            d.u.i.k.p.i.IntermediateProofReplayer Proof replay took 2.2ns 
401538     INFO  main            d.u.i.k.p.r.p.TestFile    ... finished proof: closed. 
401992     INFO  main            d.u.i.k.p.i.AbstractProblemLoader Loading environment from /home/runner/work/key/key/key.core/../key.ui/examples/standard_key/polySimp/simplify19.key.proof 
401992     DEBUG main            d.u.i.k.p.i.AbstractProblemLoader Environment load took 77.4ns 
401994     INFO  main            d.u.i.k.p.i.AbstractProblemLoader Creating init config 
404269     DEBUG main            d.u.i.k.p.i.AbstractProblemLoader Init config took 2.27s 
404282     INFO  main            d.u.i.k.p.i.AbstractProblemLoader Replaying proof simplify19.key.proof 
404382     DEBUG main            d.u.i.k.p.i.IntermediateProofReplayer Proof replay took 89.43ms 
404384     DEBUG main            d.u.i.k.p.r.p.TestFile    ... success: reloaded. 
404384     INFO  main            d.u.i.k.p.r.p.TestFile    Now processing file /home/runner/work/key/key/key.core/../key.ui/examples/standard_key/polySimp/simplify2.key 
404384     INFO  main            d.u.i.k.p.i.AbstractProblemLoader Loading environment from /home/runner/work/key/key/key.core/../key.ui/examples/standard_key/polySimp/simplify2.key 
404385     DEBUG main            d.u.i.k.p.i.AbstractProblemLoader Environment load took 353.9ns 
404385     INFO  main            d.u.i.k.p.i.AbstractProblemLoader Creating init config 
406686     DEBUG main            d.u.i.k.p.i.AbstractProblemLoader Init config took 2.3s 
406699     INFO  main            d.u.i.k.p.i.AbstractProblemLoader Replaying proof simplify2.key 
406700     DEBUG main            d.u.i.k.p.i.IntermediateProofReplayer Proof replay took 2.3ns 
406803     INFO  main            d.u.i.k.p.r.p.TestFile    ... finished proof: closed. 
407272     INFO  main            d.u.i.k.p.i.AbstractProblemLoader Loading environment from /home/runner/work/key/key/key.core/../key.ui/examples/standard_key/polySimp/simplify2.key.proof 
407272     DEBUG main            d.u.i.k.p.i.AbstractProblemLoader Environment load took 67.2ns 
407273     INFO  main            d.u.i.k.p.i.AbstractProblemLoader Creating init config 
409540     DEBUG main            d.u.i.k.p.i.AbstractProblemLoader Init config took 2.27s 
409552     INFO  main            d.u.i.k.p.i.AbstractProblemLoader Replaying proof simplify2.key.proof 
409554     DEBUG main            d.u.i.k.p.i.IntermediateProofReplayer Proof replay took 459.6ns 
409555     DEBUG main            d.u.i.k.p.r.p.TestFile    ... success: reloaded. 
409555     INFO  main            d.u.i.k.p.r.p.TestFile    Now processing file /home/runner/work/key/key/key.core/../key.ui/examples/standard_key/polySimp/simplify20.key 
409555     INFO  main            d.u.i.k.p.i.AbstractProblemLoader Loading environment from /home/runner/work/key/key/key.core/../key.ui/examples/standard_key/polySimp/simplify20.key 
409555     DEBUG main            d.u.i.k.p.i.AbstractProblemLoader Environment load took 39.2ns 
409556     INFO  main            d.u.i.k.p.i.AbstractProblemLoader Creating init config 
411852     DEBUG main            d.u.i.k.p.i.AbstractProblemLoader Init config took 2.3s 
411865     INFO  main            d.u.i.k.p.i.AbstractProblemLoader Replaying proof simplify20.key 
411866     DEBUG main            d.u.i.k.p.i.IntermediateProofReplayer Proof replay took 2.2ns 
412480     INFO  main            d.u.i.k.p.r.p.TestFile    ... finished proof: closed. 
412923     INFO  main            d.u.i.k.p.i.AbstractProblemLoader Loading environment from /home/runner/work/key/key/key.core/../key.ui/examples/standard_key/polySimp/simplify20.key.proof 
412923     DEBUG main            d.u.i.k.p.i.AbstractProblemLoader Environment load took 75.8ns 
412924     INFO  main            d.u.i.k.p.i.AbstractProblemLoader Creating init config 
415206     DEBUG main            d.u.i.k.p.i.AbstractProblemLoader Init config took 2.28s 
415220     INFO  main            d.u.i.k.p.i.AbstractProblemLoader Replaying proof simplify20.key.proof 
415249     DEBUG main            d.u.i.k.p.i.IntermediateProofReplayer Proof replay took 24.85ms 
415250     DEBUG main            d.u.i.k.p.r.p.TestFile    ... success: reloaded. 
415250     INFO  main            d.u.i.k.p.r.p.TestFile    Now processing file /home/runner/work/key/key/key.core/../key.ui/examples/standard_key/polySimp/simplify21.key 
415251     INFO  main            d.u.i.k.p.i.AbstractProblemLoader Loading environment from /home/runner/work/key/key/key.core/../key.ui/examples/standard_key/polySimp/simplify21.key 
415251     DEBUG main            d.u.i.k.p.i.AbstractProblemLoader Environment load took 75ns 
415253     INFO  main            d.u.i.k.p.i.AbstractProblemLoader Creating init config 
417563     DEBUG main            d.u.i.k.p.i.AbstractProblemLoader Init config took 2.31s 
417577     INFO  main            d.u.i.k.p.i.AbstractProblemLoader Replaying proof simplify21.key 
417578     DEBUG main            d.u.i.k.p.i.IntermediateProofReplayer Proof replay took 2.4ns 
418082     INFO  main            d.u.i.k.p.r.p.TestFile    ... finished proof: closed. 
418581     INFO  main            d.u.i.k.p.i.AbstractProblemLoader Loading environment from /home/runner/work/key/key/key.core/../key.ui/examples/standard_key/polySimp/simplify21.key.proof 
418581     DEBUG main            d.u.i.k.p.i.AbstractProblemLoader Environment load took 80.2ns 
418583     INFO  main            d.u.i.k.p.i.AbstractProblemLoader Creating init config 
420866     DEBUG main            d.u.i.k.p.i.AbstractProblemLoader Init config took 2.28s 
420882     INFO  main            d.u.i.k.p.i.AbstractProblemLoader Replaying proof simplify21.key.proof 
420904     DEBUG main            d.u.i.k.p.i.IntermediateProofReplayer Proof replay took 18.47ms 
420906     DEBUG main            d.u.i.k.p.r.p.TestFile    ... success: reloaded. 
420906     INFO  main            d.u.i.k.p.r.p.TestFile    Now processing file /home/runner/work/key/key/key.core/../key.ui/examples/standard_key/polySimp/simplify22.key 
420907     INFO  main            d.u.i.k.p.i.AbstractProblemLoader Loading environment from /home/runner/work/key/key/key.core/../key.ui/examples/standard_key/polySimp/simplify22.key 
420907     DEBUG main            d.u.i.k.p.i.AbstractProblemLoader Environment load took 73.8ns 
420907     INFO  main            d.u.i.k.p.i.AbstractProblemLoader Creating init config 
423205     DEBUG main            d.u.i.k.p.i.AbstractProblemLoader Init config took 2.3s 
423218     INFO  main            d.u.i.k.p.i.AbstractProblemLoader Replaying proof simplify22.key 
423219     DEBUG main            d.u.i.k.p.i.IntermediateProofReplayer Proof replay took 3ns 
423320     INFO  main            d.u.i.k.p.r.p.TestFile    ... finished proof: closed. 
423789     INFO  main            d.u.i.k.p.i.AbstractProblemLoader Loading environment from /home/runner/work/key/key/key.core/../key.ui/examples/standard_key/polySimp/simplify22.key.proof 
423789     DEBUG main            d.u.i.k.p.i.AbstractProblemLoader Environment load took 70.4ns 
423790     INFO  main            d.u.i.k.p.i.AbstractProblemLoader Creating init config 
426068     DEBUG main            d.u.i.k.p.i.AbstractProblemLoader Init config took 2.28s 
426081     INFO  main            d.u.i.k.p.i.AbstractProblemLoader Replaying proof simplify22.key.proof 
426087     DEBUG main            d.u.i.k.p.i.IntermediateProofReplayer Proof replay took 1.94ms 
426087     DEBUG main            d.u.i.k.p.r.p.TestFile    ... success: reloaded. 
426088     INFO  main            d.u.i.k.p.r.p.TestFile    Now processing file /home/runner/work/key/key/key.core/../key.ui/examples/standard_key/polySimp/simplify23.key 
426088     INFO  main            d.u.i.k.p.i.AbstractProblemLoader Loading environment from /home/runner/work/key/key/key.core/../key.ui/examples/standard_key/polySimp/simplify23.key 
426088     DEBUG main            d.u.i.k.p.i.AbstractProblemLoader Environment load took 67.4ns 
426089     INFO  main            d.u.i.k.p.i.AbstractProblemLoader Creating init config 
428393     DEBUG main            d.u.i.k.p.i.AbstractProblemLoader Init config took 2.3s 
428405     INFO  main            d.u.i.k.p.i.AbstractProblemLoader Replaying proof simplify23.key 
428407     DEBUG main            d.u.i.k.p.i.IntermediateProofReplayer Proof replay took 2.7ns 
428508     INFO  main            d.u.i.k.p.r.p.TestFile    ... finished proof: closed. 
428955     INFO  main            d.u.i.k.p.i.AbstractProblemLoader Loading environment from /home/runner/work/key/key/key.core/../key.ui/examples/standard_key/polySimp/simplify23.key.proof 
428955     DEBUG main            d.u.i.k.p.i.AbstractProblemLoader Environment load took 72.7ns 
428956     INFO  main            d.u.i.k.p.i.AbstractProblemLoader Creating init config 
431225     DEBUG main            d.u.i.k.p.i.AbstractProblemLoader Init config took 2.27s 
431238     INFO  main            d.u.i.k.p.i.AbstractProblemLoader Replaying proof simplify23.key.proof 
431244     DEBUG main            d.u.i.k.p.i.IntermediateProofReplayer Proof replay took 5.05ms 
431245     DEBUG main            d.u.i.k.p.r.p.TestFile    ... success: reloaded. 
431245     INFO  main            d.u.i.k.p.r.p.TestFile    Now processing file /home/runner/work/key/key/key.core/../key.ui/examples/standard_key/polySimp/simplify24.key 
431246     INFO  main            d.u.i.k.p.i.AbstractProblemLoader Loading environment from /home/runner/work/key/key/key.core/../key.ui/examples/standard_key/polySimp/simplify24.key 
431246     DEBUG main            d.u.i.k.p.i.AbstractProblemLoader Environment load took 39.4ns 
431246     INFO  main            d.u.i.k.p.i.AbstractProblemLoader Creating init config 
433559     DEBUG main            d.u.i.k.p.i.AbstractProblemLoader Init config took 2.31s 
433572     INFO  main            d.u.i.k.p.i.AbstractProblemLoader Replaying proof simplify24.key 
433573     DEBUG main            d.u.i.k.p.i.IntermediateProofReplayer Proof replay took 2.5ns 
433674     INFO  main            d.u.i.k.p.r.p.TestFile    ... finished proof: closed. 
434120     INFO  main            d.u.i.k.p.i.AbstractProblemLoader Loading environment from /home/runner/work/key/key/key.core/../key.ui/examples/standard_key/polySimp/simplify24.key.proof 
434120     DEBUG main            d.u.i.k.p.i.AbstractProblemLoader Environment load took 74.6ns 
434121     INFO  main            d.u.i.k.p.i.AbstractProblemLoader Creating init config 
436390     DEBUG main            d.u.i.k.p.i.AbstractProblemLoader Init config took 2.27s 
436402     INFO  main            d.u.i.k.p.i.AbstractProblemLoader Replaying proof simplify24.key.proof 
436405     DEBUG main            d.u.i.k.p.i.IntermediateProofReplayer Proof replay took 1.02ms 
436405     DEBUG main            d.u.i.k.p.r.p.TestFile    ... success: reloaded. 
436406     INFO  main            d.u.i.k.p.r.p.TestFile    Now processing file /home/runner/work/key/key/key.core/../key.ui/examples/standard_key/polySimp/simplify25.key 
436406     INFO  main            d.u.i.k.p.i.AbstractProblemLoader Loading environment from /home/runner/work/key/key/key.core/../key.ui/examples/standard_key/polySimp/simplify25.key 
436406     DEBUG main            d.u.i.k.p.i.AbstractProblemLoader Environment load took 54ns 
436407     INFO  main            d.u.i.k.p.i.AbstractProblemLoader Creating init config 
438704     DEBUG main            d.u.i.k.p.i.AbstractProblemLoader Init config took 2.3s 
438718     INFO  main            d.u.i.k.p.i.AbstractProblemLoader Replaying proof simplify25.key 
438719     DEBUG main            d.u.i.k.p.i.IntermediateProofReplayer Proof replay took 2.5ns 
438821     INFO  main            d.u.i.k.p.r.p.TestFile    ... finished proof: closed. 
439269     INFO  main            d.u.i.k.p.i.AbstractProblemLoader Loading environment from /home/runner/work/key/key/key.core/../key.ui/examples/standard_key/polySimp/simplify25.key.proof 
439269     DEBUG main            d.u.i.k.p.i.AbstractProblemLoader Environment load took 69.5ns 
439270     INFO  main            d.u.i.k.p.i.AbstractProblemLoader Creating init config 
441535     DEBUG main            d.u.i.k.p.i.AbstractProblemLoader Init config took 2.27s 
441548     INFO  main            d.u.i.k.p.i.AbstractProblemLoader Replaying proof simplify25.key.proof 
441551     DEBUG main            d.u.i.k.p.i.IntermediateProofReplayer Proof replay took 1.34ms 
441551     DEBUG main            d.u.i.k.p.r.p.TestFile    ... success: reloaded. 
441552     INFO  main            d.u.i.k.p.r.p.TestFile    Now processing file /home/runner/work/key/key/key.core/../key.ui/examples/standard_key/polySimp/simplify3.key 
441552     INFO  main            d.u.i.k.p.i.AbstractProblemLoader Loading environment from /home/runner/work/key/key/key.core/../key.ui/examples/standard_key/polySimp/simplify3.key 
441552     DEBUG main            d.u.i.k.p.i.AbstractProblemLoader Environment load took 38.9ns 
441553     INFO  main            d.u.i.k.p.i.AbstractProblemLoader Creating init config 
443851     DEBUG main            d.u.i.k.p.i.AbstractProblemLoader Init config took 2.3s 
443863     INFO  main            d.u.i.k.p.i.AbstractProblemLoader Replaying proof simplify3.key 
443864     DEBUG main            d.u.i.k.p.i.IntermediateProofReplayer Proof replay took 2.7ns 
443965     INFO  main            d.u.i.k.p.r.p.TestFile    ... finished proof: closed. 
444416     INFO  main            d.u.i.k.p.i.AbstractProblemLoader Loading environment from /home/runner/work/key/key/key.core/../key.ui/examples/standard_key/polySimp/simplify3.key.proof 
444416     DEBUG main            d.u.i.k.p.i.AbstractProblemLoader Environment load took 68.9ns 
444417     INFO  main            d.u.i.k.p.i.AbstractProblemLoader Creating init config 
446683     DEBUG main            d.u.i.k.p.i.AbstractProblemLoader Init config took 2.27s 
446695     INFO  main            d.u.i.k.p.i.AbstractProblemLoader Replaying proof simplify3.key.proof 
446697     DEBUG main            d.u.i.k.p.i.IntermediateProofReplayer Proof replay took 456.2ns 
446697     DEBUG main            d.u.i.k.p.r.p.TestFile    ... success: reloaded. 
446698     INFO  main            d.u.i.k.p.r.p.TestFile    Now processing file /home/runner/work/key/key/key.core/../key.ui/examples/standard_key/polySimp/simplify4.key 
446698     INFO  main            d.u.i.k.p.i.AbstractProblemLoader Loading environment from /home/runner/work/key/key/key.core/../key.ui/examples/standard_key/polySimp/simplify4.key 
446698     DEBUG main            d.u.i.k.p.i.AbstractProblemLoader Environment load took 40.2ns 
446699     INFO  main            d.u.i.k.p.i.AbstractProblemLoader Creating init config 
448995     DEBUG main            d.u.i.k.p.i.AbstractProblemLoader Init config took 2.3s 
449007     INFO  main            d.u.i.k.p.i.AbstractProblemLoader Replaying proof simplify4.key 
449008     DEBUG main            d.u.i.k.p.i.IntermediateProofReplayer Proof replay took 2.6ns 
449110     INFO  main            d.u.i.k.p.r.p.TestFile    ... finished proof: closed. 
449569     INFO  main            d.u.i.k.p.i.AbstractProblemLoader Loading environment from /home/runner/work/key/key/key.core/../key.ui/examples/standard_key/polySimp/simplify4.key.proof 
449569     DEBUG main            d.u.i.k.p.i.AbstractProblemLoader Environment load took 73.9ns 
449570     INFO  main            d.u.i.k.p.i.AbstractProblemLoader Creating init config 
451835     DEBUG main            d.u.i.k.p.i.AbstractProblemLoader Init config took 2.26s 
451847     INFO  main            d.u.i.k.p.i.AbstractProblemLoader Replaying proof simplify4.key.proof 
451849     DEBUG main            d.u.i.k.p.i.IntermediateProofReplayer Proof replay took 554.1ns 
451850     DEBUG main            d.u.i.k.p.r.p.TestFile    ... success: reloaded. 
451850     INFO  main            d.u.i.k.p.r.p.TestFile    Now processing file /home/runner/work/key/key/key.core/../key.ui/examples/standard_key/polySimp/simplify5.key 
451850     INFO  main            d.u.i.k.p.i.AbstractProblemLoader Loading environment from /home/runner/work/key/key/key.core/../key.ui/examples/standard_key/polySimp/simplify5.key 
451850     DEBUG main            d.u.i.k.p.i.AbstractProblemLoader Environment load took 53.1ns 
451851     INFO  main            d.u.i.k.p.i.AbstractProblemLoader Creating init config 
454141     DEBUG main            d.u.i.k.p.i.AbstractProblemLoader Init config took 2.29s 
454153     INFO  main            d.u.i.k.p.i.AbstractProblemLoader Replaying proof simplify5.key 
454154     DEBUG main            d.u.i.k.p.i.IntermediateProofReplayer Proof replay took 2.3ns 
454256     INFO  main            d.u.i.k.p.r.p.TestFile    ... finished proof: closed. 
454729     INFO  main            d.u.i.k.p.i.AbstractProblemLoader Loading environment from /home/runner/work/key/key/key.core/../key.ui/examples/standard_key/polySimp/simplify5.key.proof 
454729     DEBUG main            d.u.i.k.p.i.AbstractProblemLoader Environment load took 73.1ns 
454730     INFO  main            d.u.i.k.p.i.AbstractProblemLoader Creating init config 
456997     DEBUG main            d.u.i.k.p.i.AbstractProblemLoader Init config took 2.27s 
457010     INFO  main            d.u.i.k.p.i.AbstractProblemLoader Replaying proof simplify5.key.proof 
457013     DEBUG main            d.u.i.k.p.i.IntermediateProofReplayer Proof replay took 2.19ms 
457014     DEBUG main            d.u.i.k.p.r.p.TestFile    ... success: reloaded. 
457014     INFO  main            d.u.i.k.p.r.p.TestFile    Now processing file /home/runner/work/key/key/key.core/../key.ui/examples/standard_key/polySimp/simplify6.key 
457014     INFO  main            d.u.i.k.p.i.AbstractProblemLoader Loading environment from /home/runner/work/key/key/key.core/../key.ui/examples/standard_key/polySimp/simplify6.key 
457014     DEBUG main            d.u.i.k.p.i.AbstractProblemLoader Environment load took 40ns 
457015     INFO  main            d.u.i.k.p.i.AbstractProblemLoader Creating init config 
459309     DEBUG main            d.u.i.k.p.i.AbstractProblemLoader Init config took 2.29s 
459322     INFO  main            d.u.i.k.p.i.AbstractProblemLoader Replaying proof simplify6.key 
459322     DEBUG main            d.u.i.k.p.i.IntermediateProofReplayer Proof replay took 3ns 
459424     INFO  main            d.u.i.k.p.r.p.TestFile    ... finished proof: closed. 
459906     INFO  main            d.u.i.k.p.i.AbstractProblemLoader Loading environment from /home/runner/work/key/key/key.core/../key.ui/examples/standard_key/polySimp/simplify6.key.proof 
459906     DEBUG main            d.u.i.k.p.i.AbstractProblemLoader Environment load took 68.3ns 
459907     INFO  main            d.u.i.k.p.i.AbstractProblemLoader Creating init config 
462168     DEBUG main            d.u.i.k.p.i.AbstractProblemLoader Init config took 2.26s 
462181     INFO  main            d.u.i.k.p.i.AbstractProblemLoader Replaying proof simplify6.key.proof 
462182     DEBUG main            d.u.i.k.p.i.IntermediateProofReplayer Proof replay took 137.4ns 
462183     DEBUG main            d.u.i.k.p.r.p.TestFile    ... success: reloaded. 
462183     INFO  main            d.u.i.k.p.r.p.TestFile    Now processing file /home/runner/work/key/key/key.core/../key.ui/examples/standard_key/polySimp/simplify7.key 
462183     INFO  main            d.u.i.k.p.i.AbstractProblemLoader Loading environment from /home/runner/work/key/key/key.core/../key.ui/examples/standard_key/polySimp/simplify7.key 
462184     DEBUG main            d.u.i.k.p.i.AbstractProblemLoader Environment load took 39.6ns 
462184     INFO  main            d.u.i.k.p.i.AbstractProblemLoader Creating init config 
464490     DEBUG main            d.u.i.k.p.i.AbstractProblemLoader Init config took 2.31s 
464503     INFO  main            d.u.i.k.p.i.AbstractProblemLoader Replaying proof simplify7.key 
464504     DEBUG main            d.u.i.k.p.i.IntermediateProofReplayer Proof replay took 2.1ns 
464611     INFO  main            d.u.i.k.p.r.p.TestFile    ... finished proof: closed. 
465087     INFO  main            d.u.i.k.p.i.AbstractProblemLoader Loading environment from /home/runner/work/key/key/key.core/../key.ui/examples/standard_key/polySimp/simplify7.key.proof 
465087     DEBUG main            d.u.i.k.p.i.AbstractProblemLoader Environment load took 65.6ns 
465088     INFO  main            d.u.i.k.p.i.AbstractProblemLoader Creating init config 
467351     DEBUG main            d.u.i.k.p.i.AbstractProblemLoader Init config took 2.26s 
467364     INFO  main            d.u.i.k.p.i.AbstractProblemLoader Replaying proof simplify7.key.proof 
467365     DEBUG main            d.u.i.k.p.i.IntermediateProofReplayer Proof replay took 238.3ns 
467366     DEBUG main            d.u.i.k.p.r.p.TestFile    ... success: reloaded. 
467366     INFO  main            d.u.i.k.p.r.p.TestFile    Now processing file /home/runner/work/key/key/key.core/../key.ui/examples/standard_key/polySimp/simplify8.key 
467366     INFO  main            d.u.i.k.p.i.AbstractProblemLoader Loading environment from /home/runner/work/key/key/key.core/../key.ui/examples/standard_key/polySimp/simplify8.key 
467366     DEBUG main            d.u.i.k.p.i.AbstractProblemLoader Environment load took 38.9ns 
467369     INFO  main            d.u.i.k.p.i.AbstractProblemLoader Creating init config 
469674     DEBUG main            d.u.i.k.p.i.AbstractProblemLoader Init config took 2.3s 
469688     INFO  main            d.u.i.k.p.i.AbstractProblemLoader Replaying proof simplify8.key 
469688     DEBUG main            d.u.i.k.p.i.IntermediateProofReplayer Proof replay took 3.3ns 
473354     INFO  main            d.u.i.k.p.r.p.TestFile    ... finished proof: closed. 
473852     INFO  main            d.u.i.k.p.i.AbstractProblemLoader Loading environment from /home/runner/work/key/key/key.core/../key.ui/examples/standard_key/polySimp/simplify8.key.proof 
473852     DEBUG main            d.u.i.k.p.i.AbstractProblemLoader Environment load took 78.5ns 
473854     INFO  main            d.u.i.k.p.i.AbstractProblemLoader Creating init config 
476207     DEBUG main            d.u.i.k.p.i.AbstractProblemLoader Init config took 2.35s 
476225     INFO  main            d.u.i.k.p.i.AbstractProblemLoader Replaying proof simplify8.key.proof 
476297     DEBUG main            d.u.i.k.p.i.IntermediateProofReplayer Proof replay took 62.36ms 
476300     DEBUG main            d.u.i.k.p.r.p.TestFile    ... success: reloaded. 
476300     INFO  main            d.u.i.k.p.r.p.TestFile    Now processing file /home/runner/work/key/key/key.core/../key.ui/examples/standard_key/polySimp/simplify9.key 
476301     INFO  main            d.u.i.k.p.i.AbstractProblemLoader Loading environment from /home/runner/work/key/key/key.core/../key.ui/examples/standard_key/polySimp/simplify9.key 
476301     DEBUG main            d.u.i.k.p.i.AbstractProblemLoader Environment load took 183.2ns 
476302     INFO  main            d.u.i.k.p.i.AbstractProblemLoader Creating init config 
478658     DEBUG main            d.u.i.k.p.i.AbstractProblemLoader Init config took 2.36s 
478670     INFO  main            d.u.i.k.p.i.AbstractProblemLoader Replaying proof simplify9.key 
478671     DEBUG main            d.u.i.k.p.i.IntermediateProofReplayer Proof replay took 2.3ns 
478874     INFO  main            d.u.i.k.p.r.p.TestFile    ... finished proof: closed. 
479405     INFO  main            d.u.i.k.p.i.AbstractProblemLoader Loading environment from /home/runner/work/key/key/key.core/../key.ui/examples/standard_key/polySimp/simplify9.key.proof 
479405     DEBUG main            d.u.i.k.p.i.AbstractProblemLoader Environment load took 82.7ns 
479407     INFO  main            d.u.i.k.p.i.AbstractProblemLoader Creating init config 
481664     DEBUG main            d.u.i.k.p.i.AbstractProblemLoader Init config took 2.26s 
481678     INFO  main            d.u.i.k.p.i.AbstractProblemLoader Replaying proof simplify9.key.proof 
481682     DEBUG main            d.u.i.k.p.i.IntermediateProofReplayer Proof replay took 3.19ms 
481683     DEBUG main            d.u.i.k.p.r.p.TestFile    ... success: reloaded. 
2700959    INFO  Test worker     d.u.i.k.p.r.p.StatisticsFile Returning from test arithmetic 
2700966    INFO  Test worker     d.u.i.k.p.r.p.StatisticsFile Running test arrays 
345        INFO  Timeout watchdog d.u.i.k.p.r.p.ForkedTestFileRunner Timeout watcher launched (2000 secs.) 
362        WARN  main            d.u.i.k.s.ProofSettings   The settings in /home/runner/.key/proof-settings.props are *not* read. 
405        INFO  main            d.u.i.k.p.r.p.TestFile    Now processing file /home/runner/work/key/key/key.core/../key.ui/examples/standard_key/arrays/arrayStoreException/array2DimPrim.key 
561        INFO  main            d.u.i.k.p.i.AbstractProblemLoader Loading environment from /home/runner/work/key/key/key.core/../key.ui/examples/standard_key/arrays/arrayStoreException/array2DimPrim.key 
589        DEBUG main            d.u.i.k.p.i.AbstractProblemLoader Environment load took 6.58ms 
854        INFO  main            d.u.i.k.p.i.AbstractProblemLoader Creating init config 
1731       DEBUG main            d.u.i.k.j.TypeConverter   No LDT found for Meta 
1731       DEBUG main            d.u.i.k.j.TypeConverter   No LDT found for Meta 
1733       DEBUG main            d.u.i.k.j.TypeConverter   No LDT found for Meta 
1733       DEBUG main            d.u.i.k.j.TypeConverter   No LDT found for Meta 
2994       DEBUG main            d.u.i.k.j.TypeConverter   No LDT found for JavaBigintExpression 
8299       DEBUG main            d.u.i.k.p.i.AbstractProblemLoader Init config took 7.44s 
8386       INFO  main            d.u.i.k.p.i.AbstractProblemLoader Replaying proof array2DimPrim.key 
8428       DEBUG main            d.u.i.k.p.i.IntermediateProofReplayer Proof replay took 34ns 
12124      INFO  main            d.u.i.k.p.r.p.TestFile    ... finished proof: closed. 
12304      INFO  main            d.u.i.k.p.i.AbstractProblemLoader Loading environment from /home/runner/work/key/key/key.core/../key.ui/examples/standard_key/arrays/arrayStoreException/array2DimPrim.key.proof 
12306      DEBUG main            d.u.i.k.p.i.AbstractProblemLoader Environment load took 2.37ms 
12311      INFO  main            d.u.i.k.p.i.AbstractProblemLoader Creating init config 
14988      DEBUG main            d.u.i.k.p.i.AbstractProblemLoader Init config took 2.68s 
15019      INFO  main            d.u.i.k.p.i.AbstractProblemLoader Replaying proof array2DimPrim.key.proof 
15358      DEBUG main            d.u.i.k.p.i.IntermediateProofReplayer Proof replay took 323.61ms 
15369      DEBUG main            d.u.i.k.p.r.p.TestFile    ... success: reloaded. 
15371      INFO  main            d.u.i.k.p.r.p.TestFile    Now processing file /home/runner/work/key/key/key.core/../key.ui/examples/standard_key/arrays/arrayStoreException/arrayStoreKnownDynType.key 
15372      INFO  main            d.u.i.k.p.i.AbstractProblemLoader Loading environment from /home/runner/work/key/key/key.core/../key.ui/examples/standard_key/arrays/arrayStoreException/arrayStoreKnownDynType.key 
15372      DEBUG main            d.u.i.k.p.i.AbstractProblemLoader Environment load took 199.1ns 
15373      INFO  main            d.u.i.k.p.i.AbstractProblemLoader Creating init config 
17926      DEBUG main            d.u.i.k.p.i.AbstractProblemLoader Init config took 2.55s 
17954      INFO  main            d.u.i.k.p.i.AbstractProblemLoader Replaying proof arrayStoreKnownDynType.key 
17956      DEBUG main            d.u.i.k.p.i.IntermediateProofReplayer Proof replay took 5.8ns 
18159      INFO  main            d.u.i.k.p.r.p.TestFile    ... finished proof: closed. 
18382      INFO  main            d.u.i.k.p.i.AbstractProblemLoader Loading environment from /home/runner/work/key/key/key.core/../key.ui/examples/standard_key/arrays/arrayStoreException/arrayStoreKnownDynType.key.proof 
18382      DEBUG main            d.u.i.k.p.i.AbstractProblemLoader Environment load took 118ns 
18384      INFO  main            d.u.i.k.p.i.AbstractProblemLoader Creating init config 
20867      DEBUG main            d.u.i.k.p.i.AbstractProblemLoader Init config took 2.48s 
20890      INFO  main            d.u.i.k.p.i.AbstractProblemLoader Replaying proof arrayStoreKnownDynType.key.proof 
20938      DEBUG main            d.u.i.k.p.i.IntermediateProofReplayer Proof replay took 44.26ms 
20940      DEBUG main            d.u.i.k.p.r.p.TestFile    ... success: reloaded. 
20941      INFO  main            d.u.i.k.p.r.p.TestFile    Now processing file /home/runner/work/key/key/key.core/../key.ui/examples/standard_key/arrays/arrayStoreException/reverseArray.key 
20941      INFO  main            d.u.i.k.p.i.AbstractProblemLoader Loading environment from /home/runner/work/key/key/key.core/../key.ui/examples/standard_key/arrays/arrayStoreException/reverseArray.key 
20941      DEBUG main            d.u.i.k.p.i.AbstractProblemLoader Environment load took 62.9ns 
20943      INFO  main            d.u.i.k.p.i.AbstractProblemLoader Creating init config 
23521      DEBUG main            d.u.i.k.p.i.AbstractProblemLoader Init config took 2.58s 
23543      INFO  main            d.u.i.k.p.i.AbstractProblemLoader Replaying proof reverseArray.key 
23545      DEBUG main            d.u.i.k.p.i.IntermediateProofReplayer Proof replay took 5.6ns 
24152      INFO  main            d.u.i.k.p.r.p.TestFile    ... finished proof: closed. 
24325      INFO  main            d.u.i.k.p.i.AbstractProblemLoader Loading environment from /home/runner/work/key/key/key.core/../key.ui/examples/standard_key/arrays/arrayStoreException/reverseArray.key.proof 
24326      DEBUG main            d.u.i.k.p.i.AbstractProblemLoader Environment load took 430.8ns 
24327      INFO  main            d.u.i.k.p.i.AbstractProblemLoader Creating init config 
26812      DEBUG main            d.u.i.k.p.i.AbstractProblemLoader Init config took 2.49s 
26835      INFO  main            d.u.i.k.p.i.AbstractProblemLoader Replaying proof reverseArray.key.proof 
26932      DEBUG main            d.u.i.k.p.i.IntermediateProofReplayer Proof replay took 90.96ms 
26933      DEBUG main            d.u.i.k.p.r.p.TestFile    ... success: reloaded. 
26935      INFO  main            d.u.i.k.p.r.p.TestFile    Now processing file /home/runner/work/key/key/key.core/../key.ui/examples/standard_key/arrays/arrayStoreException/throwArrayStoreException.key 
26935      INFO  main            d.u.i.k.p.i.AbstractProblemLoader Loading environment from /home/runner/work/key/key/key.core/../key.ui/examples/standard_key/arrays/arrayStoreException/throwArrayStoreException.key 
26936      DEBUG main            d.u.i.k.p.i.AbstractProblemLoader Environment load took 208.2ns 
26937      INFO  main            d.u.i.k.p.i.AbstractProblemLoader Creating init config 
29437      DEBUG main            d.u.i.k.p.i.AbstractProblemLoader Init config took 2.5s 
29459      INFO  main            d.u.i.k.p.i.AbstractProblemLoader Replaying proof throwArrayStoreException.key 
29462      DEBUG main            d.u.i.k.p.i.IntermediateProofReplayer Proof replay took 5.8ns 
29966      INFO  main            d.u.i.k.p.r.p.TestFile    ... finished proof: closed. 
30115      INFO  main            d.u.i.k.p.i.AbstractProblemLoader Loading environment from /home/runner/work/key/key/key.core/../key.ui/examples/standard_key/arrays/arrayStoreException/throwArrayStoreException.key.proof 
30116      DEBUG main            d.u.i.k.p.i.AbstractProblemLoader Environment load took 477.5ns 
30117      INFO  main            d.u.i.k.p.i.AbstractProblemLoader Creating init config 
32563      DEBUG main            d.u.i.k.p.i.AbstractProblemLoader Init config took 2.45s 
32586      INFO  main            d.u.i.k.p.i.AbstractProblemLoader Replaying proof throwArrayStoreException.key.proof 
32653      DEBUG main            d.u.i.k.p.i.IntermediateProofReplayer Proof replay took 62.69ms 
32654      DEBUG main            d.u.i.k.p.r.p.TestFile    ... success: reloaded. 
32655      INFO  main            d.u.i.k.p.r.p.TestFile    Now processing file /home/runner/work/key/key/key.core/../key.ui/examples/standard_key/arrays/creation/arrayCreation1.key 
32656      INFO  main            d.u.i.k.p.i.AbstractProblemLoader Loading environment from /home/runner/work/key/key/key.core/../key.ui/examples/standard_key/arrays/creation/arrayCreation1.key 
32656      DEBUG main            d.u.i.k.p.i.AbstractProblemLoader Environment load took 186.2ns 
32657      INFO  main            d.u.i.k.p.i.AbstractProblemLoader Creating init config 
35116      DEBUG main            d.u.i.k.p.i.AbstractProblemLoader Init config took 2.46s 
35137      INFO  main            d.u.i.k.p.i.AbstractProblemLoader Replaying proof arrayCreation1.key 
35138      DEBUG main            d.u.i.k.p.i.IntermediateProofReplayer Proof replay took 6ns 
35341      INFO  main            d.u.i.k.p.r.p.TestFile    ... finished proof: closed. 
35507      INFO  main            d.u.i.k.p.i.AbstractProblemLoader Loading environment from /home/runner/work/key/key/key.core/../key.ui/examples/standard_key/arrays/creation/arrayCreation1.key.proof 
35507      DEBUG main            d.u.i.k.p.i.AbstractProblemLoader Environment load took 110.7ns 
35508      INFO  main            d.u.i.k.p.i.AbstractProblemLoader Creating init config 
37920      DEBUG main            d.u.i.k.p.i.AbstractProblemLoader Init config took 2.41s 
37942      INFO  main            d.u.i.k.p.i.AbstractProblemLoader Replaying proof arrayCreation1.key.proof 
37965      DEBUG main            d.u.i.k.p.i.IntermediateProofReplayer Proof replay took 20.52ms 
37967      DEBUG main            d.u.i.k.p.r.p.TestFile    ... success: reloaded. 
37968      INFO  main            d.u.i.k.p.r.p.TestFile    Now processing file /home/runner/work/key/key/key.core/../key.ui/examples/standard_key/arrays/arrayStoreException/array2Dim.key 
37968      INFO  main            d.u.i.k.p.i.AbstractProblemLoader Loading environment from /home/runner/work/key/key/key.core/../key.ui/examples/standard_key/arrays/arrayStoreException/array2Dim.key 
37968      DEBUG main            d.u.i.k.p.i.AbstractProblemLoader Environment load took 188.1ns 
37970      INFO  main            d.u.i.k.p.i.AbstractProblemLoader Creating init config 
40450      DEBUG main            d.u.i.k.p.i.AbstractProblemLoader Init config took 2.48s 
40492      INFO  main            d.u.i.k.p.i.AbstractProblemLoader Replaying proof array2Dim.key 
40494      DEBUG main            d.u.i.k.p.i.IntermediateProofReplayer Proof replay took 5.4ns 
43661      INFO  main            d.u.i.k.p.r.p.TestFile    ... finished proof: open goal(s) 
43902      INFO  main            d.u.i.k.p.r.p.TestFile    Now processing file /home/runner/work/key/key/key.core/../key.ui/examples/standard_key/arrays/arrayStoreException/array2DimClose.key 
43902      INFO  main            d.u.i.k.p.i.AbstractProblemLoader Loading environment from /home/runner/work/key/key/key.core/../key.ui/examples/standard_key/arrays/arrayStoreException/array2DimClose.key 
43903      DEBUG main            d.u.i.k.p.i.AbstractProblemLoader Environment load took 60.7ns 
43905      INFO  main            d.u.i.k.p.i.AbstractProblemLoader Creating init config 
46272      DEBUG main            d.u.i.k.p.i.AbstractProblemLoader Init config took 2.37s 
46300      INFO  main            d.u.i.k.p.i.AbstractProblemLoader Replaying proof array2DimClose.key 
46302      DEBUG main            d.u.i.k.p.i.IntermediateProofReplayer Proof replay took 11.2ns 
48416      INFO  main            d.u.i.k.p.r.p.TestFile    ... finished proof: open goal(s) 
48741      INFO  main            d.u.i.k.p.r.p.TestFile    Now processing file /home/runner/work/key/key/key.core/../key.ui/examples/standard_key/arrays/arrayStoreException/throwASEForPrim.key 
48741      INFO  main            d.u.i.k.p.i.AbstractProblemLoader Loading environment from /home/runner/work/key/key/key.core/../key.ui/examples/standard_key/arrays/arrayStoreException/throwASEForPrim.key 
48741      DEBUG main            d.u.i.k.p.i.AbstractProblemLoader Environment load took 62.1ns 
48743      INFO  main            d.u.i.k.p.i.AbstractProblemLoader Creating init config 
51090      DEBUG main            d.u.i.k.p.i.AbstractProblemLoader Init config took 2.35s 
51108      INFO  main            d.u.i.k.p.i.AbstractProblemLoader Replaying proof throwASEForPrim.key 
51110      DEBUG main            d.u.i.k.p.i.IntermediateProofReplayer Proof replay took 5.9ns 
55241      INFO  main            d.u.i.k.p.r.p.TestFile    ... finished proof: open goal(s) 
2756679    INFO  Test worker     d.u.i.k.p.r.p.StatisticsFile Returning from test arrays 
2756680    INFO  Test worker     d.u.i.k.p.r.p.StatisticsFile Running test javadl 
350        INFO  Timeout watchdog d.u.i.k.p.r.p.ForkedTestFileRunner Timeout watcher launched (2000 secs.) 
350        WARN  main            d.u.i.k.s.ProofSettings   The settings in /home/runner/.key/proof-settings.props are *not* read. 
395        INFO  main            d.u.i.k.p.r.p.TestFile    Now processing file /home/runner/work/key/key/key.core/../key.ui/examples/standard_key/instanceCreation/instanceCreation1.key 
538        INFO  main            d.u.i.k.p.i.AbstractProblemLoader Loading environment from /home/runner/work/key/key/key.core/../key.ui/examples/standard_key/instanceCreation/instanceCreation1.key 
553        DEBUG main            d.u.i.k.p.i.AbstractProblemLoader Environment load took 1.75ms 
787        INFO  main            d.u.i.k.p.i.AbstractProblemLoader Creating init config 
1736       DEBUG main            d.u.i.k.j.TypeConverter   No LDT found for Meta 
1737       DEBUG main            d.u.i.k.j.TypeConverter   No LDT found for Meta 
1740       DEBUG main            d.u.i.k.j.TypeConverter   No LDT found for Meta 
1741       DEBUG main            d.u.i.k.j.TypeConverter   No LDT found for Meta 
3239       DEBUG main            d.u.i.k.j.TypeConverter   No LDT found for JavaBigintExpression 
7811       DEBUG main            d.u.i.k.p.i.AbstractProblemLoader Init config took 7.02s 
7893       INFO  main            d.u.i.k.p.i.AbstractProblemLoader Replaying proof instanceCreation1.key 
7927       DEBUG main            d.u.i.k.p.i.IntermediateProofReplayer Proof replay took 35.3ns 
8962       INFO  main            d.u.i.k.p.r.p.TestFile    ... finished proof: closed. 
9089       INFO  main            d.u.i.k.p.i.AbstractProblemLoader Loading environment from /home/runner/work/key/key/key.core/../key.ui/examples/standard_key/instanceCreation/instanceCreation1.key.proof 
9090       DEBUG main            d.u.i.k.p.i.AbstractProblemLoader Environment load took 896.21ns 
9108       INFO  main            d.u.i.k.p.i.AbstractProblemLoader Creating init config 
11733      DEBUG main            d.u.i.k.p.i.AbstractProblemLoader Init config took 2.62s 
11763      INFO  main            d.u.i.k.p.i.AbstractProblemLoader Replaying proof instanceCreation1.key.proof 
11868      DEBUG main            d.u.i.k.p.i.IntermediateProofReplayer Proof replay took 98.66ms 
11879      DEBUG main            d.u.i.k.p.r.p.TestFile    ... success: reloaded. 
11883      INFO  main            d.u.i.k.p.r.p.TestFile    Now processing file /home/runner/work/key/key/key.core/../key.ui/examples/standard_key/instanceCreation/instanceCreation2.key 
11890      INFO  main            d.u.i.k.p.i.AbstractProblemLoader Loading environment from /home/runner/work/key/key/key.core/../key.ui/examples/standard_key/instanceCreation/instanceCreation2.key 
11900      DEBUG main            d.u.i.k.p.i.AbstractProblemLoader Environment load took 10.15ms 
11902      INFO  main            d.u.i.k.p.i.AbstractProblemLoader Creating init config 
14454      DEBUG main            d.u.i.k.p.i.AbstractProblemLoader Init config took 2.55s 
14521      INFO  main            d.u.i.k.p.i.AbstractProblemLoader Replaying proof instanceCreation2.key 
14523      DEBUG main            d.u.i.k.p.i.IntermediateProofReplayer Proof replay took 6.5ns 
15048      INFO  main            d.u.i.k.p.r.p.TestFile    ... finished proof: closed. 
15177      INFO  main            d.u.i.k.p.i.AbstractProblemLoader Loading environment from /home/runner/work/key/key/key.core/../key.ui/examples/standard_key/instanceCreation/instanceCreation2.key.proof 
15178      DEBUG main            d.u.i.k.p.i.AbstractProblemLoader Environment load took 395.8ns 
15180      INFO  main            d.u.i.k.p.i.AbstractProblemLoader Creating init config 
17619      DEBUG main            d.u.i.k.p.i.AbstractProblemLoader Init config took 2.44s 
17644      INFO  main            d.u.i.k.p.i.AbstractProblemLoader Replaying proof instanceCreation2.key.proof 
17720      DEBUG main            d.u.i.k.p.i.IntermediateProofReplayer Proof replay took 70.32ms 
17721      DEBUG main            d.u.i.k.p.r.p.TestFile    ... success: reloaded. 
17722      INFO  main            d.u.i.k.p.r.p.TestFile    Now processing file /home/runner/work/key/key/key.core/../key.ui/examples/standard_key/instanceCreation/interfacesAndAbstractClassesHaveNoInstances.key 
17722      INFO  main            d.u.i.k.p.i.AbstractProblemLoader Loading environment from /home/runner/work/key/key/key.core/../key.ui/examples/standard_key/instanceCreation/interfacesAndAbstractClassesHaveNoInstances.key 
17723      DEBUG main            d.u.i.k.p.i.AbstractProblemLoader Environment load took 196.2ns 
17724      INFO  main            d.u.i.k.p.i.AbstractProblemLoader Creating init config 
20172      DEBUG main            d.u.i.k.p.i.AbstractProblemLoader Init config took 2.45s 
20201      INFO  main            d.u.i.k.p.i.AbstractProblemLoader Replaying proof interfacesAndAbstractClassesHaveNoInstances.key 
20205      DEBUG main            d.u.i.k.p.i.IntermediateProofReplayer Proof replay took 6.2ns 
20307      INFO  main            d.u.i.k.p.r.p.TestFile    ... finished proof: closed. 
20464      INFO  main            d.u.i.k.p.i.AbstractProblemLoader Loading environment from /home/runner/work/key/key/key.core/../key.ui/examples/standard_key/instanceCreation/interfacesAndAbstractClassesHaveNoInstances.key.proof 
20464      DEBUG main            d.u.i.k.p.i.AbstractProblemLoader Environment load took 114.1ns 
20465      INFO  main            d.u.i.k.p.i.AbstractProblemLoader Creating init config 
22828      DEBUG main            d.u.i.k.p.i.AbstractProblemLoader Init config took 2.36s 
22852      INFO  main            d.u.i.k.p.i.AbstractProblemLoader Replaying proof interfacesAndAbstractClassesHaveNoInstances.key.proof 
22855      DEBUG main            d.u.i.k.p.i.IntermediateProofReplayer Proof replay took 1ms 
22856      DEBUG main            d.u.i.k.p.r.p.TestFile    ... success: reloaded. 
22857      INFO  main            d.u.i.k.p.r.p.TestFile    Now processing file /home/runner/work/key/key/key.core/../key.ui/examples/standard_key/instanceCreation/successiveCreatedObjectsAreDistinct.key 
22857      INFO  main            d.u.i.k.p.i.AbstractProblemLoader Loading environment from /home/runner/work/key/key/key.core/../key.ui/examples/standard_key/instanceCreation/successiveCreatedObjectsAreDistinct.key 
22858      DEBUG main            d.u.i.k.p.i.AbstractProblemLoader Environment load took 190.3ns 
22859      INFO  main            d.u.i.k.p.i.AbstractProblemLoader Creating init config 
25245      DEBUG main            d.u.i.k.p.i.AbstractProblemLoader Init config took 2.39s 
25270      INFO  main            d.u.i.k.p.i.AbstractProblemLoader Replaying proof successiveCreatedObjectsAreDistinct.key 
25273      DEBUG main            d.u.i.k.p.i.IntermediateProofReplayer Proof replay took 6.3ns 
25577      INFO  main            d.u.i.k.p.r.p.TestFile    ... finished proof: closed. 
25780      INFO  main            d.u.i.k.p.i.AbstractProblemLoader Loading environment from /home/runner/work/key/key/key.core/../key.ui/examples/standard_key/instanceCreation/successiveCreatedObjectsAreDistinct.key.proof 
25781      DEBUG main            d.u.i.k.p.i.AbstractProblemLoader Environment load took 458ns 
25782      INFO  main            d.u.i.k.p.i.AbstractProblemLoader Creating init config 
28128      DEBUG main            d.u.i.k.p.i.AbstractProblemLoader Init config took 2.35s 
28150      INFO  main            d.u.i.k.p.i.AbstractProblemLoader Replaying proof successiveCreatedObjectsAreDistinct.key.proof 
28202      DEBUG main            d.u.i.k.p.i.IntermediateProofReplayer Proof replay took 48.07ms 
28203      DEBUG main            d.u.i.k.p.r.p.TestFile    ... success: reloaded. 
28204      INFO  main            d.u.i.k.p.r.p.TestFile    Now processing file /home/runner/work/key/key/key.core/../key.ui/examples/standard_key/instanceCreation/testOverloadingConstructors.key 
28204      INFO  main            d.u.i.k.p.i.AbstractProblemLoader Loading environment from /home/runner/work/key/key/key.core/../key.ui/examples/standard_key/instanceCreation/testOverloadingConstructors.key 
28204      DEBUG main            d.u.i.k.p.i.AbstractProblemLoader Environment load took 87.9ns 
28205      INFO  main            d.u.i.k.p.i.AbstractProblemLoader Creating init config 
30587      DEBUG main            d.u.i.k.p.i.AbstractProblemLoader Init config took 2.38s 
30609      INFO  main            d.u.i.k.p.i.AbstractProblemLoader Replaying proof testOverloadingConstructors.key 
30611      DEBUG main            d.u.i.k.p.i.IntermediateProofReplayer Proof replay took 5.8ns 
30913      INFO  main            d.u.i.k.p.r.p.TestFile    ... finished proof: closed. 
31067      INFO  main            d.u.i.k.p.i.AbstractProblemLoader Loading environment from /home/runner/work/key/key/key.core/../key.ui/examples/standard_key/instanceCreation/testOverloadingConstructors.key.proof 
31068      DEBUG main            d.u.i.k.p.i.AbstractProblemLoader Environment load took 276.4ns 
31069      INFO  main            d.u.i.k.p.i.AbstractProblemLoader Creating init config 
33423      DEBUG main            d.u.i.k.p.i.AbstractProblemLoader Init config took 2.35s 
33443      INFO  main            d.u.i.k.p.i.AbstractProblemLoader Replaying proof testOverloadingConstructors.key.proof 
33483      DEBUG main            d.u.i.k.p.i.IntermediateProofReplayer Proof replay took 35.91ms 
33484      DEBUG main            d.u.i.k.p.r.p.TestFile    ... success: reloaded. 
33485      INFO  main            d.u.i.k.p.r.p.TestFile    Now processing file /home/runner/work/key/key/key.core/../key.ui/examples/standard_key/java_dl/SimpleAttributes.key 
33485      INFO  main            d.u.i.k.p.i.AbstractProblemLoader Loading environment from /home/runner/work/key/key/key.core/../key.ui/examples/standard_key/java_dl/SimpleAttributes.key 
33485      DEBUG main            d.u.i.k.p.i.AbstractProblemLoader Environment load took 131.1ns 
33486      INFO  main            d.u.i.k.p.i.AbstractProblemLoader Creating init config 
35824      DEBUG main            d.u.i.k.p.i.AbstractProblemLoader Init config took 2.34s 
35844      INFO  main            d.u.i.k.p.i.AbstractProblemLoader Replaying proof SimpleAttributes.key 
35846      DEBUG main            d.u.i.k.p.i.IntermediateProofReplayer Proof replay took 6.4ns 
35949      INFO  main            d.u.i.k.p.r.p.TestFile    ... finished proof: closed. 
36100      INFO  main            d.u.i.k.p.i.AbstractProblemLoader Loading environment from /home/runner/work/key/key/key.core/../key.ui/examples/standard_key/java_dl/SimpleAttributes.key.proof 
36100      DEBUG main            d.u.i.k.p.i.AbstractProblemLoader Environment load took 111.1ns 
36101      INFO  main            d.u.i.k.p.i.AbstractProblemLoader Creating init config 
38367      DEBUG main            d.u.i.k.p.i.AbstractProblemLoader Init config took 2.27s 
38387      INFO  main            d.u.i.k.p.i.AbstractProblemLoader Replaying proof SimpleAttributes.key.proof 
38407      DEBUG main            d.u.i.k.p.i.IntermediateProofReplayer Proof replay took 17.15ms 
38408      DEBUG main            d.u.i.k.p.r.p.TestFile    ... success: reloaded. 
38409      INFO  main            d.u.i.k.p.r.p.TestFile    Now processing file /home/runner/work/key/key/key.core/../key.ui/examples/standard_key/java_dl/arrayMax.key 
38409      INFO  main            d.u.i.k.p.i.AbstractProblemLoader Loading environment from /home/runner/work/key/key/key.core/../key.ui/examples/standard_key/java_dl/arrayMax.key 
38409      DEBUG main            d.u.i.k.p.i.AbstractProblemLoader Environment load took 140.8ns 
38411      INFO  main            d.u.i.k.p.i.AbstractProblemLoader Creating init config 
40783      DEBUG main            d.u.i.k.p.i.AbstractProblemLoader Init config took 2.37s 
40803      INFO  main            d.u.i.k.p.i.AbstractProblemLoader Replaying proof arrayMax.key 
40805      DEBUG main            d.u.i.k.p.i.IntermediateProofReplayer Proof replay took 5.2ns 
42111      INFO  main            d.u.i.k.p.r.p.TestFile    ... finished proof: closed. 
42285      INFO  main            d.u.i.k.p.i.AbstractProblemLoader Loading environment from /home/runner/work/key/key/key.core/../key.ui/examples/standard_key/java_dl/arrayMax.key.proof 
42286      DEBUG main            d.u.i.k.p.i.AbstractProblemLoader Environment load took 359.6ns 
42287      INFO  main            d.u.i.k.p.i.AbstractProblemLoader Creating init config 
44634      DEBUG main            d.u.i.k.p.i.AbstractProblemLoader Init config took 2.35s 
44654      INFO  main            d.u.i.k.p.i.AbstractProblemLoader Replaying proof arrayMax.key.proof 
44815      DEBUG main            d.u.i.k.p.i.IntermediateProofReplayer Proof replay took 153.33ms 
44817      DEBUG main            d.u.i.k.p.r.p.TestFile    ... success: reloaded. 
44818      INFO  main            d.u.i.k.p.r.p.TestFile    Now processing file /home/runner/work/key/key/key.core/../key.ui/examples/standard_key/java_dl/arrayUpdateSimp.key 
44818      INFO  main            d.u.i.k.p.i.AbstractProblemLoader Loading environment from /home/runner/work/key/key/key.core/../key.ui/examples/standard_key/java_dl/arrayUpdateSimp.key 
44818      DEBUG main            d.u.i.k.p.i.AbstractProblemLoader Environment load took 187.2ns 
44821      INFO  main            d.u.i.k.p.i.AbstractProblemLoader Creating init config 
44842      WARN  main            d.u.i.k.j.r.KeYCrossReferenceNameInfo Datatype java.io.PrintStream declared twice: Once in FILE:/home/runner/work/key/key/key.core/../key.ui/examples/standard_key/java_dl/./classpath/PrintStream.java and once in URL:file:/home/runner/work/key/key/key.core/build/resources/main/de/uka/ilkd/key/java/JavaRedux/java/io/PrintStream.java, Keeping one from URL:file:/home/runner/work/key/key/key.core/build/resources/main/de/uka/ilkd/key/java/JavaRedux/java/io/PrintStream.java 
44843      WARN  main            d.u.i.k.j.r.KeYCrossReferenceNameInfo Datatype java.lang.System declared twice: Once in FILE:/home/runner/work/key/key/key.core/../key.ui/examples/standard_key/java_dl/./classpath/System.java and once in URL:file:/home/runner/work/key/key/key.core/build/resources/main/de/uka/ilkd/key/java/JavaRedux/java/lang/System.java, Keeping one from URL:file:/home/runner/work/key/key/key.core/build/resources/main/de/uka/ilkd/key/java/JavaRedux/java/lang/System.java 
44843      WARN  main            d.u.i.k.j.r.KeYCrossReferenceNameInfo Datatype java.io.InputStream declared twice: Once in FILE:/home/runner/work/key/key/key.core/../key.ui/examples/standard_key/java_dl/./classpath/InputStream.java and once in URL:file:/home/runner/work/key/key/key.core/build/resources/main/de/uka/ilkd/key/java/JavaRedux/java/io/InputStream.java, Keeping one from URL:file:/home/runner/work/key/key/key.core/build/resources/main/de/uka/ilkd/key/java/JavaRedux/java/io/InputStream.java 
44849      DEBUG main            d.u.i.k.j.r.ClassFileDeclarationBuilder Parsing: package java.io; public class Closeable { } 
44849      DEBUG main            r.s.KeYCrossReferenceSourceInfo Dynamically created class: java.io.Closeable 
47201      DEBUG main            d.u.i.k.p.i.AbstractProblemLoader Init config took 2.38s 
47221      INFO  main            d.u.i.k.p.i.AbstractProblemLoader Replaying proof arrayUpdateSimp.key 
47222      DEBUG main            d.u.i.k.p.i.IntermediateProofReplayer Proof replay took 6.2ns 
47328      INFO  main            d.u.i.k.p.r.p.TestFile    ... finished proof: closed. 
47514      INFO  main            d.u.i.k.p.i.AbstractProblemLoader Loading environment from /home/runner/work/key/key/key.core/../key.ui/examples/standard_key/java_dl/arrayUpdateSimp.key.proof 
47514      DEBUG main            d.u.i.k.p.i.AbstractProblemLoader Environment load took 132.9ns 
47521      INFO  main            d.u.i.k.p.i.AbstractProblemLoader Creating init config 
47550      WARN  main            d.u.i.k.j.r.KeYCrossReferenceNameInfo Datatype java.io.PrintStream declared twice: Once in FILE:/home/runner/work/key/key/key.core/../key.ui/examples/standard_key/java_dl/classpath/PrintStream.java and once in URL:file:/home/runner/work/key/key/key.core/build/resources/main/de/uka/ilkd/key/java/JavaRedux/java/io/PrintStream.java, Keeping one from URL:file:/home/runner/work/key/key/key.core/build/resources/main/de/uka/ilkd/key/java/JavaRedux/java/io/PrintStream.java 
47550      WARN  main            d.u.i.k.j.r.KeYCrossReferenceNameInfo Datatype java.lang.System declared twice: Once in FILE:/home/runner/work/key/key/key.core/../key.ui/examples/standard_key/java_dl/classpath/System.java and once in URL:file:/home/runner/work/key/key/key.core/build/resources/main/de/uka/ilkd/key/java/JavaRedux/java/lang/System.java, Keeping one from URL:file:/home/runner/work/key/key/key.core/build/resources/main/de/uka/ilkd/key/java/JavaRedux/java/lang/System.java 
47550      WARN  main            d.u.i.k.j.r.KeYCrossReferenceNameInfo Datatype java.io.InputStream declared twice: Once in FILE:/home/runner/work/key/key/key.core/../key.ui/examples/standard_key/java_dl/classpath/InputStream.java and once in URL:file:/home/runner/work/key/key/key.core/build/resources/main/de/uka/ilkd/key/java/JavaRedux/java/io/InputStream.java, Keeping one from URL:file:/home/runner/work/key/key/key.core/build/resources/main/de/uka/ilkd/key/java/JavaRedux/java/io/InputStream.java 
47554      DEBUG main            d.u.i.k.j.r.ClassFileDeclarationBuilder Parsing: package java.io; public class Closeable { } 
47554      DEBUG main            r.s.KeYCrossReferenceSourceInfo Dynamically created class: java.io.Closeable 
49852      DEBUG main            d.u.i.k.p.i.AbstractProblemLoader Init config took 2.33s 
49873      INFO  main            d.u.i.k.p.i.AbstractProblemLoader Replaying proof arrayUpdateSimp.key.proof 
49875      DEBUG main            d.u.i.k.p.i.IntermediateProofReplayer Proof replay took 522.1ns 
49876      DEBUG main            d.u.i.k.p.r.p.TestFile    ... success: reloaded. 
49877      INFO  main            d.u.i.k.p.r.p.TestFile    Now processing file /home/runner/work/key/key/key.core/../key.ui/examples/standard_key/java_dl/attributes.key 
49878      INFO  main            d.u.i.k.p.i.AbstractProblemLoader Loading environment from /home/runner/work/key/key/key.core/../key.ui/examples/standard_key/java_dl/attributes.key 
49878      DEBUG main            d.u.i.k.p.i.AbstractProblemLoader Environment load took 79.9ns 
49879      INFO  main            d.u.i.k.p.i.AbstractProblemLoader Creating init config 
52246      DEBUG main            d.u.i.k.p.i.AbstractProblemLoader Init config took 2.37s 
52263      INFO  main            d.u.i.k.p.i.AbstractProblemLoader Replaying proof attributes.key 
52264      DEBUG main            d.u.i.k.p.i.IntermediateProofReplayer Proof replay took 6.3ns 
52467      INFO  main            d.u.i.k.p.r.p.TestFile    ... finished proof: closed. 
52643      INFO  main            d.u.i.k.p.i.AbstractProblemLoader Loading environment from /home/runner/work/key/key/key.core/../key.ui/examples/standard_key/java_dl/attributes.key.proof 
52643      DEBUG main            d.u.i.k.p.i.AbstractProblemLoader Environment load took 115.4ns 
52644      INFO  main            d.u.i.k.p.i.AbstractProblemLoader Creating init config 
54972      DEBUG main            d.u.i.k.p.i.AbstractProblemLoader Init config took 2.33s 
54990      INFO  main            d.u.i.k.p.i.AbstractProblemLoader Replaying proof attributes.key.proof 
55022      DEBUG main            d.u.i.k.p.i.IntermediateProofReplayer Proof replay took 29.77ms 
55023      DEBUG main            d.u.i.k.p.r.p.TestFile    ... success: reloaded. 
55024      INFO  main            d.u.i.k.p.r.p.TestFile    Now processing file /home/runner/work/key/key/key.core/../key.ui/examples/standard_key/java_dl/break.key 
55024      INFO  main            d.u.i.k.p.i.AbstractProblemLoader Loading environment from /home/runner/work/key/key/key.core/../key.ui/examples/standard_key/java_dl/break.key 
55024      DEBUG main            d.u.i.k.p.i.AbstractProblemLoader Environment load took 73.5ns 
55025      INFO  main            d.u.i.k.p.i.AbstractProblemLoader Creating init config 
55045      WARN  main            d.u.i.k.j.r.KeYCrossReferenceNameInfo Datatype java.io.PrintStream declared twice: Once in FILE:/home/runner/work/key/key/key.core/../key.ui/examples/standard_key/java_dl/classpath/PrintStream.java and once in URL:file:/home/runner/work/key/key/key.core/build/resources/main/de/uka/ilkd/key/java/JavaRedux/java/io/PrintStream.java, Keeping one from URL:file:/home/runner/work/key/key/key.core/build/resources/main/de/uka/ilkd/key/java/JavaRedux/java/io/PrintStream.java 
55045      WARN  main            d.u.i.k.j.r.KeYCrossReferenceNameInfo Datatype java.lang.System declared twice: Once in FILE:/home/runner/work/key/key/key.core/../key.ui/examples/standard_key/java_dl/classpath/System.java and once in URL:file:/home/runner/work/key/key/key.core/build/resources/main/de/uka/ilkd/key/java/JavaRedux/java/lang/System.java, Keeping one from URL:file:/home/runner/work/key/key/key.core/build/resources/main/de/uka/ilkd/key/java/JavaRedux/java/lang/System.java 
55045      WARN  main            d.u.i.k.j.r.KeYCrossReferenceNameInfo Datatype java.io.InputStream declared twice: Once in FILE:/home/runner/work/key/key/key.core/../key.ui/examples/standard_key/java_dl/classpath/InputStream.java and once in URL:file:/home/runner/work/key/key/key.core/build/resources/main/de/uka/ilkd/key/java/JavaRedux/java/io/InputStream.java, Keeping one from URL:file:/home/runner/work/key/key/key.core/build/resources/main/de/uka/ilkd/key/java/JavaRedux/java/io/InputStream.java 
55048      DEBUG main            d.u.i.k.j.r.ClassFileDeclarationBuilder Parsing: package java.io; public class Closeable { } 
55048      DEBUG main            r.s.KeYCrossReferenceSourceInfo Dynamically created class: java.io.Closeable 
57365      DEBUG main            d.u.i.k.p.i.AbstractProblemLoader Init config took 2.34s 
57381      INFO  main            d.u.i.k.p.i.AbstractProblemLoader Replaying proof break.key 
57383      DEBUG main            d.u.i.k.p.i.IntermediateProofReplayer Proof replay took 6ns 
57485      INFO  main            d.u.i.k.p.r.p.TestFile    ... finished proof: closed. 
57662      INFO  main            d.u.i.k.p.i.AbstractProblemLoader Loading environment from /home/runner/work/key/key/key.core/../key.ui/examples/standard_key/java_dl/break.key.proof 
57662      DEBUG main            d.u.i.k.p.i.AbstractProblemLoader Environment load took 109ns 
57663      INFO  main            d.u.i.k.p.i.AbstractProblemLoader Creating init config 
57685      WARN  main            d.u.i.k.j.r.KeYCrossReferenceNameInfo Datatype java.io.PrintStream declared twice: Once in FILE:/home/runner/work/key/key/key.core/../key.ui/examples/standard_key/java_dl/classpath/PrintStream.java and once in URL:file:/home/runner/work/key/key/key.core/build/resources/main/de/uka/ilkd/key/java/JavaRedux/java/io/PrintStream.java, Keeping one from URL:file:/home/runner/work/key/key/key.core/build/resources/main/de/uka/ilkd/key/java/JavaRedux/java/io/PrintStream.java 
57685      WARN  main            d.u.i.k.j.r.KeYCrossReferenceNameInfo Datatype java.lang.System declared twice: Once in FILE:/home/runner/work/key/key/key.core/../key.ui/examples/standard_key/java_dl/classpath/System.java and once in URL:file:/home/runner/work/key/key/key.core/build/resources/main/de/uka/ilkd/key/java/JavaRedux/java/lang/System.java, Keeping one from URL:file:/home/runner/work/key/key/key.core/build/resources/main/de/uka/ilkd/key/java/JavaRedux/java/lang/System.java 
57685      WARN  main            d.u.i.k.j.r.KeYCrossReferenceNameInfo Datatype java.io.InputStream declared twice: Once in FILE:/home/runner/work/key/key/key.core/../key.ui/examples/standard_key/java_dl/classpath/InputStream.java and once in URL:file:/home/runner/work/key/key/key.core/build/resources/main/de/uka/ilkd/key/java/JavaRedux/java/io/InputStream.java, Keeping one from URL:file:/home/runner/work/key/key/key.core/build/resources/main/de/uka/ilkd/key/java/JavaRedux/java/io/InputStream.java 
57689      DEBUG main            d.u.i.k.j.r.ClassFileDeclarationBuilder Parsing: package java.io; public class Closeable { } 
57689      DEBUG main            r.s.KeYCrossReferenceSourceInfo Dynamically created class: java.io.Closeable 
59999      DEBUG main            d.u.i.k.p.i.AbstractProblemLoader Init config took 2.34s 
60015      INFO  main            d.u.i.k.p.i.AbstractProblemLoader Replaying proof break.key.proof 
60023      DEBUG main            d.u.i.k.p.i.IntermediateProofReplayer Proof replay took 5.73ms 
60024      DEBUG main            d.u.i.k.p.r.p.TestFile    ... success: reloaded. 
60025      INFO  main            d.u.i.k.p.r.p.TestFile    Now processing file /home/runner/work/key/key/key.core/../key.ui/examples/standard_key/java_dl/char.key 
60025      INFO  main            d.u.i.k.p.i.AbstractProblemLoader Loading environment from /home/runner/work/key/key/key.core/../key.ui/examples/standard_key/java_dl/char.key 
60025      DEBUG main            d.u.i.k.p.i.AbstractProblemLoader Environment load took 53.3ns 
60026      INFO  main            d.u.i.k.p.i.AbstractProblemLoader Creating init config 
62279      DEBUG main            d.u.i.k.p.i.AbstractProblemLoader Init config took 2.25s 
62294      INFO  main            d.u.i.k.p.i.AbstractProblemLoader Replaying proof char.key 
62296      DEBUG main            d.u.i.k.p.i.IntermediateProofReplayer Proof replay took 6ns 
62397      INFO  main            d.u.i.k.p.r.p.TestFile    ... finished proof: closed. 
62572      INFO  main            d.u.i.k.p.i.AbstractProblemLoader Loading environment from /home/runner/work/key/key/key.core/../key.ui/examples/standard_key/java_dl/char.key.proof 
62573      DEBUG main            d.u.i.k.p.i.AbstractProblemLoader Environment load took 107ns 
62574      INFO  main            d.u.i.k.p.i.AbstractProblemLoader Creating init config 
64819      DEBUG main            d.u.i.k.p.i.AbstractProblemLoader Init config took 2.25s 
64834      INFO  main            d.u.i.k.p.i.AbstractProblemLoader Replaying proof char.key.proof 
64837      DEBUG main            d.u.i.k.p.i.IntermediateProofReplayer Proof replay took 1.88ms 
64838      DEBUG main            d.u.i.k.p.r.p.TestFile    ... success: reloaded. 
64839      INFO  main            d.u.i.k.p.r.p.TestFile    Now processing file /home/runner/work/key/key/key.core/../key.ui/examples/standard_key/java_dl/compileTimeConstants.key 
64839      INFO  main            d.u.i.k.p.i.AbstractProblemLoader Loading environment from /home/runner/work/key/key/key.core/../key.ui/examples/standard_key/java_dl/compileTimeConstants.key 
64839      DEBUG main            d.u.i.k.p.i.AbstractProblemLoader Environment load took 185.8ns 
64840      INFO  main            d.u.i.k.p.i.AbstractProblemLoader Creating init config 
67158      DEBUG main            d.u.i.k.p.i.AbstractProblemLoader Init config took 2.32s 
67174      INFO  main            d.u.i.k.p.i.AbstractProblemLoader Replaying proof compileTimeConstants.key 
67175      DEBUG main            d.u.i.k.p.i.IntermediateProofReplayer Proof replay took 6.3ns 
67277      INFO  main            d.u.i.k.p.r.p.TestFile    ... finished proof: closed. 
67458      INFO  main            d.u.i.k.p.i.AbstractProblemLoader Loading environment from /home/runner/work/key/key/key.core/../key.ui/examples/standard_key/java_dl/compileTimeConstants.key.proof 
67458      DEBUG main            d.u.i.k.p.i.AbstractProblemLoader Environment load took 110.9ns 
67459      INFO  main            d.u.i.k.p.i.AbstractProblemLoader Creating init config 
69729      DEBUG main            d.u.i.k.p.i.AbstractProblemLoader Init config took 2.27s 
69745      INFO  main            d.u.i.k.p.i.AbstractProblemLoader Replaying proof compileTimeConstants.key.proof 
69755      DEBUG main            d.u.i.k.p.i.IntermediateProofReplayer Proof replay took 8.56ms 
69756      DEBUG main            d.u.i.k.p.r.p.TestFile    ... success: reloaded. 
69761      INFO  main            d.u.i.k.p.r.p.TestFile    Now processing file /home/runner/work/key/key/key.core/../key.ui/examples/standard_key/java_dl/constructorException/test.key 
69762      INFO  main            d.u.i.k.p.i.AbstractProblemLoader Loading environment from /home/runner/work/key/key/key.core/../key.ui/examples/standard_key/java_dl/constructorException/test.key 
69762      DEBUG main            d.u.i.k.p.i.AbstractProblemLoader Environment load took 89.3ns 
69763      INFO  main            d.u.i.k.p.i.AbstractProblemLoader Creating init config 
72126      DEBUG main            d.u.i.k.p.i.AbstractProblemLoader Init config took 2.36s 
72228      INFO  main            d.u.i.k.p.i.AbstractProblemLoader Replaying proof Test[Test::Test(int)].JML operation contract.0 
72229      DEBUG main            d.u.i.k.p.i.IntermediateProofReplayer Proof replay took 7ns 
72431      INFO  main            d.u.i.k.p.r.p.TestFile    ... finished proof: closed. 
72629      INFO  main            d.u.i.k.p.i.AbstractProblemLoader Loading environment from /home/runner/work/key/key/key.core/../key.ui/examples/standard_key/java_dl/constructorException/test.key.proof 
72629      DEBUG main            d.u.i.k.p.i.AbstractProblemLoader Environment load took 102.4ns 
72630      INFO  main            d.u.i.k.p.i.AbstractProblemLoader Creating init config 
74974      DEBUG main            d.u.i.k.p.i.AbstractProblemLoader Init config took 2.34s 
75024      INFO  main            d.u.i.k.p.i.AbstractProblemLoader Replaying proof Test[Test::Test(int)].JML operation contract.0 
75073      DEBUG main            d.u.i.k.p.i.IntermediateProofReplayer Proof replay took 45.46ms 
75074      DEBUG main            d.u.i.k.p.r.p.TestFile    ... success: reloaded. 
75075      INFO  main            d.u.i.k.p.r.p.TestFile    Now processing file /home/runner/work/key/key/key.core/../key.ui/examples/standard_key/java_dl/constructorException/regressionTestBug1333.key 
75075      INFO  main            d.u.i.k.p.i.AbstractProblemLoader Loading environment from /home/runner/work/key/key/key.core/../key.ui/examples/standard_key/java_dl/constructorException/regressionTestBug1333.key 
75075      DEBUG main            d.u.i.k.p.i.AbstractProblemLoader Environment load took 113.3ns 
75076      INFO  main            d.u.i.k.p.i.AbstractProblemLoader Creating init config 
77378      DEBUG main            d.u.i.k.p.i.AbstractProblemLoader Init config took 2.3s 
77415      INFO  main            d.u.i.k.p.i.AbstractProblemLoader Replaying proof False[False::False()].JML normal_behavior operation contract.0 
77417      DEBUG main            d.u.i.k.p.i.IntermediateProofReplayer Proof replay took 5.7ns 
77534      INFO  main            d.u.i.k.p.r.p.TestFile    ... finished proof: open goal(s) 
77739      INFO  main            d.u.i.k.p.r.p.TestFile    Now processing file /home/runner/work/key/key/key.core/../key.ui/examples/standard_key/java_dl/continue1.key 
77740      INFO  main            d.u.i.k.p.i.AbstractProblemLoader Loading environment from /home/runner/work/key/key/key.core/../key.ui/examples/standard_key/java_dl/continue1.key 
77740      DEBUG main            d.u.i.k.p.i.AbstractProblemLoader Environment load took 118ns 
77741      INFO  main            d.u.i.k.p.i.AbstractProblemLoader Creating init config 
77760      WARN  main            d.u.i.k.j.r.KeYCrossReferenceNameInfo Datatype java.io.PrintStream declared twice: Once in FILE:/home/runner/work/key/key/key.core/../key.ui/examples/standard_key/java_dl/classpath/PrintStream.java and once in URL:file:/home/runner/work/key/key/key.core/build/resources/main/de/uka/ilkd/key/java/JavaRedux/java/io/PrintStream.java, Keeping one from URL:file:/home/runner/work/key/key/key.core/build/resources/main/de/uka/ilkd/key/java/JavaRedux/java/io/PrintStream.java 
77761      WARN  main            d.u.i.k.j.r.KeYCrossReferenceNameInfo Datatype java.lang.System declared twice: Once in FILE:/home/runner/work/key/key/key.core/../key.ui/examples/standard_key/java_dl/classpath/System.java and once in URL:file:/home/runner/work/key/key/key.core/build/resources/main/de/uka/ilkd/key/java/JavaRedux/java/lang/System.java, Keeping one from URL:file:/home/runner/work/key/key/key.core/build/resources/main/de/uka/ilkd/key/java/JavaRedux/java/lang/System.java 
77761      WARN  main            d.u.i.k.j.r.KeYCrossReferenceNameInfo Datatype java.io.InputStream declared twice: Once in FILE:/home/runner/work/key/key/key.core/../key.ui/examples/standard_key/java_dl/classpath/InputStream.java and once in URL:file:/home/runner/work/key/key/key.core/build/resources/main/de/uka/ilkd/key/java/JavaRedux/java/io/InputStream.java, Keeping one from URL:file:/home/runner/work/key/key/key.core/build/resources/main/de/uka/ilkd/key/java/JavaRedux/java/io/InputStream.java 
77764      DEBUG main            d.u.i.k.j.r.ClassFileDeclarationBuilder Parsing: package java.io; public class Closeable { } 
77764      DEBUG main            r.s.KeYCrossReferenceSourceInfo Dynamically created class: java.io.Closeable 
79989      DEBUG main            d.u.i.k.p.i.AbstractProblemLoader Init config took 2.25s 
80004      INFO  main            d.u.i.k.p.i.AbstractProblemLoader Replaying proof continue1.key 
80006      DEBUG main            d.u.i.k.p.i.IntermediateProofReplayer Proof replay took 5.7ns 
80109      INFO  main            d.u.i.k.p.r.p.TestFile    ... finished proof: closed. 
80286      INFO  main            d.u.i.k.p.i.AbstractProblemLoader Loading environment from /home/runner/work/key/key/key.core/../key.ui/examples/standard_key/java_dl/continue1.key.proof 
80287      DEBUG main            d.u.i.k.p.i.AbstractProblemLoader Environment load took 443.4ns 
80288      INFO  main            d.u.i.k.p.i.AbstractProblemLoader Creating init config 
80308      WARN  main            d.u.i.k.j.r.KeYCrossReferenceNameInfo Datatype java.io.PrintStream declared twice: Once in FILE:/home/runner/work/key/key/key.core/../key.ui/examples/standard_key/java_dl/classpath/PrintStream.java and once in URL:file:/home/runner/work/key/key/key.core/build/resources/main/de/uka/ilkd/key/java/JavaRedux/java/io/PrintStream.java, Keeping one from URL:file:/home/runner/work/key/key/key.core/build/resources/main/de/uka/ilkd/key/java/JavaRedux/java/io/PrintStream.java 
80308      WARN  main            d.u.i.k.j.r.KeYCrossReferenceNameInfo Datatype java.lang.System declared twice: Once in FILE:/home/runner/work/key/key/key.core/../key.ui/examples/standard_key/java_dl/classpath/System.java and once in URL:file:/home/runner/work/key/key/key.core/build/resources/main/de/uka/ilkd/key/java/JavaRedux/java/lang/System.java, Keeping one from URL:file:/home/runner/work/key/key/key.core/build/resources/main/de/uka/ilkd/key/java/JavaRedux/java/lang/System.java 
80308      WARN  main            d.u.i.k.j.r.KeYCrossReferenceNameInfo Datatype java.io.InputStream declared twice: Once in FILE:/home/runner/work/key/key/key.core/../key.ui/examples/standard_key/java_dl/classpath/InputStream.java and once in URL:file:/home/runner/work/key/key/key.core/build/resources/main/de/uka/ilkd/key/java/JavaRedux/java/io/InputStream.java, Keeping one from URL:file:/home/runner/work/key/key/key.core/build/resources/main/de/uka/ilkd/key/java/JavaRedux/java/io/InputStream.java 
80311      DEBUG main            d.u.i.k.j.r.ClassFileDeclarationBuilder Parsing: package java.io; public class Closeable { } 
80311      DEBUG main            r.s.KeYCrossReferenceSourceInfo Dynamically created class: java.io.Closeable 
82540      DEBUG main            d.u.i.k.p.i.AbstractProblemLoader Init config took 2.25s 
82554      INFO  main            d.u.i.k.p.i.AbstractProblemLoader Replaying proof continue1.key.proof 
82569      DEBUG main            d.u.i.k.p.i.IntermediateProofReplayer Proof replay took 13.34ms 
82571      DEBUG main            d.u.i.k.p.r.p.TestFile    ... success: reloaded. 
82572      INFO  main            d.u.i.k.p.r.p.TestFile    Now processing file /home/runner/work/key/key/key.core/../key.ui/examples/standard_key/java_dl/continue2.key 
82572      INFO  main            d.u.i.k.p.i.AbstractProblemLoader Loading environment from /home/runner/work/key/key/key.core/../key.ui/examples/standard_key/java_dl/continue2.key 
82573      DEBUG main            d.u.i.k.p.i.AbstractProblemLoader Environment load took 163.6ns 
82573      INFO  main            d.u.i.k.p.i.AbstractProblemLoader Creating init config 
82593      WARN  main            d.u.i.k.j.r.KeYCrossReferenceNameInfo Datatype java.io.PrintStream declared twice: Once in FILE:/home/runner/work/key/key/key.core/../key.ui/examples/standard_key/java_dl/classpath/PrintStream.java and once in URL:file:/home/runner/work/key/key/key.core/build/resources/main/de/uka/ilkd/key/java/JavaRedux/java/io/PrintStream.java, Keeping one from URL:file:/home/runner/work/key/key/key.core/build/resources/main/de/uka/ilkd/key/java/JavaRedux/java/io/PrintStream.java 
82593      WARN  main            d.u.i.k.j.r.KeYCrossReferenceNameInfo Datatype java.lang.System declared twice: Once in FILE:/home/runner/work/key/key/key.core/../key.ui/examples/standard_key/java_dl/classpath/System.java and once in URL:file:/home/runner/work/key/key/key.core/build/resources/main/de/uka/ilkd/key/java/JavaRedux/java/lang/System.java, Keeping one from URL:file:/home/runner/work/key/key/key.core/build/resources/main/de/uka/ilkd/key/java/JavaRedux/java/lang/System.java 
82593      WARN  main            d.u.i.k.j.r.KeYCrossReferenceNameInfo Datatype java.io.InputStream declared twice: Once in FILE:/home/runner/work/key/key/key.core/../key.ui/examples/standard_key/java_dl/classpath/InputStream.java and once in URL:file:/home/runner/work/key/key/key.core/build/resources/main/de/uka/ilkd/key/java/JavaRedux/java/io/InputStream.java, Keeping one from URL:file:/home/runner/work/key/key/key.core/build/resources/main/de/uka/ilkd/key/java/JavaRedux/java/io/InputStream.java 
82596      DEBUG main            d.u.i.k.j.r.ClassFileDeclarationBuilder Parsing: package java.io; public class Closeable { } 
82596      DEBUG main            r.s.KeYCrossReferenceSourceInfo Dynamically created class: java.io.Closeable 
84837      DEBUG main            d.u.i.k.p.i.AbstractProblemLoader Init config took 2.26s 
84851      INFO  main            d.u.i.k.p.i.AbstractProblemLoader Replaying proof continue2.key 
84853      DEBUG main            d.u.i.k.p.i.IntermediateProofReplayer Proof replay took 5.8ns 
85055      INFO  main            d.u.i.k.p.r.p.TestFile    ... finished proof: closed. 
85269      INFO  main            d.u.i.k.p.i.AbstractProblemLoader Loading environment from /home/runner/work/key/key/key.core/../key.ui/examples/standard_key/java_dl/continue2.key.proof 
85269      DEBUG main            d.u.i.k.p.i.AbstractProblemLoader Environment load took 93.3ns 
85270      INFO  main            d.u.i.k.p.i.AbstractProblemLoader Creating init config 
85290      WARN  main            d.u.i.k.j.r.KeYCrossReferenceNameInfo Datatype java.io.PrintStream declared twice: Once in FILE:/home/runner/work/key/key/key.core/../key.ui/examples/standard_key/java_dl/classpath/PrintStream.java and once in URL:file:/home/runner/work/key/key/key.core/build/resources/main/de/uka/ilkd/key/java/JavaRedux/java/io/PrintStream.java, Keeping one from URL:file:/home/runner/work/key/key/key.core/build/resources/main/de/uka/ilkd/key/java/JavaRedux/java/io/PrintStream.java 
85290      WARN  main            d.u.i.k.j.r.KeYCrossReferenceNameInfo Datatype java.lang.System declared twice: Once in FILE:/home/runner/work/key/key/key.core/../key.ui/examples/standard_key/java_dl/classpath/System.java and once in URL:file:/home/runner/work/key/key/key.core/build/resources/main/de/uka/ilkd/key/java/JavaRedux/java/lang/System.java, Keeping one from URL:file:/home/runner/work/key/key/key.core/build/resources/main/de/uka/ilkd/key/java/JavaRedux/java/lang/System.java 
85290      WARN  main            d.u.i.k.j.r.KeYCrossReferenceNameInfo Datatype java.io.InputStream declared twice: Once in FILE:/home/runner/work/key/key/key.core/../key.ui/examples/standard_key/java_dl/classpath/InputStream.java and once in URL:file:/home/runner/work/key/key/key.core/build/resources/main/de/uka/ilkd/key/java/JavaRedux/java/io/InputStream.java, Keeping one from URL:file:/home/runner/work/key/key/key.core/build/resources/main/de/uka/ilkd/key/java/JavaRedux/java/io/InputStream.java 
85293      DEBUG main            d.u.i.k.j.r.ClassFileDeclarationBuilder Parsing: package java.io; public class Closeable { } 
85294      DEBUG main            r.s.KeYCrossReferenceSourceInfo Dynamically created class: java.io.Closeable 
87507      DEBUG main            d.u.i.k.p.i.AbstractProblemLoader Init config took 2.24s 
87521      INFO  main            d.u.i.k.p.i.AbstractProblemLoader Replaying proof continue2.key.proof 
87573      DEBUG main            d.u.i.k.p.i.IntermediateProofReplayer Proof replay took 49.22ms 
87574      DEBUG main            d.u.i.k.p.r.p.TestFile    ... success: reloaded. 
87576      INFO  main            d.u.i.k.p.r.p.TestFile    Now processing file /home/runner/work/key/key/key.core/../key.ui/examples/standard_key/java_dl/complexAssignment.key 
87576      INFO  main            d.u.i.k.p.i.AbstractProblemLoader Loading environment from /home/runner/work/key/key/key.core/../key.ui/examples/standard_key/java_dl/complexAssignment.key 
87576      DEBUG main            d.u.i.k.p.i.AbstractProblemLoader Environment load took 161.2ns 
87577      INFO  main            d.u.i.k.p.i.AbstractProblemLoader Creating init config 
89840      DEBUG main            d.u.i.k.p.i.AbstractProblemLoader Init config took 2.26s 
89854      INFO  main            d.u.i.k.p.i.AbstractProblemLoader Replaying proof complexAssignment.key 
89855      DEBUG main            d.u.i.k.p.i.IntermediateProofReplayer Proof replay took 5.9ns 
89957      INFO  main            d.u.i.k.p.r.p.TestFile    ... finished proof: closed. 
90164      INFO  main            d.u.i.k.p.i.AbstractProblemLoader Loading environment from /home/runner/work/key/key/key.core/../key.ui/examples/standard_key/java_dl/complexAssignment.key.proof 
90165      DEBUG main            d.u.i.k.p.i.AbstractProblemLoader Environment load took 91.1ns 
90165      INFO  main            d.u.i.k.p.i.AbstractProblemLoader Creating init config 
92363      DEBUG main            d.u.i.k.p.i.AbstractProblemLoader Init config took 2.2s 
92381      INFO  main            d.u.i.k.p.i.AbstractProblemLoader Replaying proof complexAssignment.key.proof 
92390      DEBUG main            d.u.i.k.p.i.IntermediateProofReplayer Proof replay took 6.25ms 
92390      DEBUG main            d.u.i.k.p.r.p.TestFile    ... success: reloaded. 
92391      INFO  main            d.u.i.k.p.r.p.TestFile    Now processing file /home/runner/work/key/key/key.core/../key.ui/examples/standard_key/java_dl/danglingElseSolution1.key 
92391      INFO  main            d.u.i.k.p.i.AbstractProblemLoader Loading environment from /home/runner/work/key/key/key.core/../key.ui/examples/standard_key/java_dl/danglingElseSolution1.key 
92391      DEBUG main            d.u.i.k.p.i.AbstractProblemLoader Environment load took 146.5ns 
92392      INFO  main            d.u.i.k.p.i.AbstractProblemLoader Creating init config 
94670      DEBUG main            d.u.i.k.p.i.AbstractProblemLoader Init config took 2.28s 
94683      INFO  main            d.u.i.k.p.i.AbstractProblemLoader Replaying proof danglingElseSolution1.key 
94685      DEBUG main            d.u.i.k.p.i.IntermediateProofReplayer Proof replay took 6.7ns 
94789      INFO  main            d.u.i.k.p.r.p.TestFile    ... finished proof: closed. 
95001      INFO  main            d.u.i.k.p.i.AbstractProblemLoader Loading environment from /home/runner/work/key/key/key.core/../key.ui/examples/standard_key/java_dl/danglingElseSolution1.key.proof 
95001      DEBUG main            d.u.i.k.p.i.AbstractProblemLoader Environment load took 102.4ns 
95002      INFO  main            d.u.i.k.p.i.AbstractProblemLoader Creating init config 
97181      DEBUG main            d.u.i.k.p.i.AbstractProblemLoader Init config took 2.18s 
97195      INFO  main            d.u.i.k.p.i.AbstractProblemLoader Replaying proof danglingElseSolution1.key.proof 
97203      DEBUG main            d.u.i.k.p.i.IntermediateProofReplayer Proof replay took 5.54ms 
97204      DEBUG main            d.u.i.k.p.r.p.TestFile    ... success: reloaded. 
97204      INFO  main            d.u.i.k.p.r.p.TestFile    Now processing file /home/runner/work/key/key/key.core/../key.ui/examples/standard_key/java_dl/danglingElseSolution2.key 
97205      INFO  main            d.u.i.k.p.i.AbstractProblemLoader Loading environment from /home/runner/work/key/key/key.core/../key.ui/examples/standard_key/java_dl/danglingElseSolution2.key 
97205      DEBUG main            d.u.i.k.p.i.AbstractProblemLoader Environment load took 152.9ns 
97206      INFO  main            d.u.i.k.p.i.AbstractProblemLoader Creating init config 
99465      DEBUG main            d.u.i.k.p.i.AbstractProblemLoader Init config took 2.26s 
99479      INFO  main            d.u.i.k.p.i.AbstractProblemLoader Replaying proof danglingElseSolution2.key 
99480      DEBUG main            d.u.i.k.p.i.IntermediateProofReplayer Proof replay took 6.7ns 
99582      INFO  main            d.u.i.k.p.r.p.TestFile    ... finished proof: closed. 
99796      INFO  main            d.u.i.k.p.i.AbstractProblemLoader Loading environment from /home/runner/work/key/key/key.core/../key.ui/examples/standard_key/java_dl/danglingElseSolution2.key.proof 
99796      DEBUG main            d.u.i.k.p.i.AbstractProblemLoader Environment load took 93.9ns 
99798      INFO  main            d.u.i.k.p.i.AbstractProblemLoader Creating init config 
101988     DEBUG main            d.u.i.k.p.i.AbstractProblemLoader Init config took 2.19s 
102003     INFO  main            d.u.i.k.p.i.AbstractProblemLoader Replaying proof danglingElseSolution2.key.proof 
102012     DEBUG main            d.u.i.k.p.i.IntermediateProofReplayer Proof replay took 6.03ms 
102013     DEBUG main            d.u.i.k.p.r.p.TestFile    ... success: reloaded. 
102013     INFO  main            d.u.i.k.p.r.p.TestFile    Now processing file /home/runner/work/key/key/key.core/../key.ui/examples/standard_key/java_dl/deepNonNull/deepNonNull0.key 
102014     INFO  main            d.u.i.k.p.i.AbstractProblemLoader Loading environment from /home/runner/work/key/key/key.core/../key.ui/examples/standard_key/java_dl/deepNonNull/deepNonNull0.key 
102014     DEBUG main            d.u.i.k.p.i.AbstractProblemLoader Environment load took 74.6ns 
102014     INFO  main            d.u.i.k.p.i.AbstractProblemLoader Creating init config 
104324     DEBUG main            d.u.i.k.p.i.AbstractProblemLoader Init config took 2.31s 
104365     INFO  main            d.u.i.k.p.i.AbstractProblemLoader Replaying proof Arrays[Arrays::get()].JML operation contract.0 
104366     DEBUG main            d.u.i.k.p.i.IntermediateProofReplayer Proof replay took 6.6ns 
104568     INFO  main            d.u.i.k.p.r.p.TestFile    ... finished proof: closed. 
104792     INFO  main            d.u.i.k.p.i.AbstractProblemLoader Loading environment from /home/runner/work/key/key/key.core/../key.ui/examples/standard_key/java_dl/deepNonNull/deepNonNull0.key.proof 
104792     DEBUG main            d.u.i.k.p.i.AbstractProblemLoader Environment load took 91.2ns 
104793     INFO  main            d.u.i.k.p.i.AbstractProblemLoader Creating init config 
107078     DEBUG main            d.u.i.k.p.i.AbstractProblemLoader Init config took 2.28s 
107114     INFO  main            d.u.i.k.p.i.AbstractProblemLoader Replaying proof Arrays[Arrays::get()].JML operation contract.0 
107130     DEBUG main            d.u.i.k.p.i.IntermediateProofReplayer Proof replay took 14.35ms 
107131     DEBUG main            d.u.i.k.p.r.p.TestFile    ... success: reloaded. 
107132     INFO  main            d.u.i.k.p.r.p.TestFile    Now processing file /home/runner/work/key/key/key.core/../key.ui/examples/standard_key/java_dl/deepNonNull/deepNonNull1.key 
107132     INFO  main            d.u.i.k.p.i.AbstractProblemLoader Loading environment from /home/runner/work/key/key/key.core/../key.ui/examples/standard_key/java_dl/deepNonNull/deepNonNull1.key 
107132     DEBUG main            d.u.i.k.p.i.AbstractProblemLoader Environment load took 68.2ns 
107133     INFO  main            d.u.i.k.p.i.AbstractProblemLoader Creating init config 
109442     DEBUG main            d.u.i.k.p.i.AbstractProblemLoader Init config took 2.31s 
109477     INFO  main            d.u.i.k.p.i.AbstractProblemLoader Replaying proof Arrays[Arrays::head()].JML operation contract.0 
109478     DEBUG main            d.u.i.k.p.i.IntermediateProofReplayer Proof replay took 6.6ns 
109681     INFO  main            d.u.i.k.p.r.p.TestFile    ... finished proof: closed. 
109910     INFO  main            d.u.i.k.p.i.AbstractProblemLoader Loading environment from /home/runner/work/key/key/key.core/../key.ui/examples/standard_key/java_dl/deepNonNull/deepNonNull1.key.proof 
109911     DEBUG main            d.u.i.k.p.i.AbstractProblemLoader Environment load took 92.1ns 
109911     INFO  main            d.u.i.k.p.i.AbstractProblemLoader Creating init config 
112163     DEBUG main            d.u.i.k.p.i.AbstractProblemLoader Init config took 2.25s 
112197     INFO  main            d.u.i.k.p.i.AbstractProblemLoader Replaying proof Arrays[Arrays::head()].JML operation contract.0 
112214     DEBUG main            d.u.i.k.p.i.IntermediateProofReplayer Proof replay took 14.72ms 
112216     DEBUG main            d.u.i.k.p.r.p.TestFile    ... success: reloaded. 
112216     INFO  main            d.u.i.k.p.r.p.TestFile    Now processing file /home/runner/work/key/key/key.core/../key.ui/examples/standard_key/java_dl/deepNonNull/deepNonNull2.key 
112216     INFO  main            d.u.i.k.p.i.AbstractProblemLoader Loading environment from /home/runner/work/key/key/key.core/../key.ui/examples/standard_key/java_dl/deepNonNull/deepNonNull2.key 
112216     DEBUG main            d.u.i.k.p.i.AbstractProblemLoader Environment load took 73.5ns 
112217     INFO  main            d.u.i.k.p.i.AbstractProblemLoader Creating init config 
114514     DEBUG main            d.u.i.k.p.i.AbstractProblemLoader Init config took 2.3s 
114547     INFO  main            d.u.i.k.p.i.AbstractProblemLoader Replaying proof Arrays[Arrays::unprovable(java.lang.Object)].JML operation contract.0 
114548     DEBUG main            d.u.i.k.p.i.IntermediateProofReplayer Proof replay took 6.4ns 
114657     INFO  main            d.u.i.k.p.r.p.TestFile    ... finished proof: open goal(s) 
114884     INFO  main            d.u.i.k.p.r.p.TestFile    Now processing file /home/runner/work/key/key/key.core/../key.ui/examples/standard_key/java_dl/deepNonNull/deepNonNull3.key 
114885     INFO  main            d.u.i.k.p.i.AbstractProblemLoader Loading environment from /home/runner/work/key/key/key.core/../key.ui/examples/standard_key/java_dl/deepNonNull/deepNonNull3.key 
114885     DEBUG main            d.u.i.k.p.i.AbstractProblemLoader Environment load took 51.9ns 
114885     INFO  main            d.u.i.k.p.i.AbstractProblemLoader Creating init config 
117128     DEBUG main            d.u.i.k.p.i.AbstractProblemLoader Init config took 2.24s 
117171     INFO  main            d.u.i.k.p.i.AbstractProblemLoader Replaying proof Arrays[Arrays::head([[[[Ljava.lang.Object)].JML operation contract.0 
117172     DEBUG main            d.u.i.k.p.i.IntermediateProofReplayer Proof replay took 5.9ns 
117980     INFO  main            d.u.i.k.p.r.p.TestFile    ... finished proof: closed. 
118231     INFO  main            d.u.i.k.p.i.AbstractProblemLoader Loading environment from /home/runner/work/key/key/key.core/../key.ui/examples/standard_key/java_dl/deepNonNull/deepNonNull3.key.proof 
118231     DEBUG main            d.u.i.k.p.i.AbstractProblemLoader Environment load took 347.6ns 
118232     INFO  main            d.u.i.k.p.i.AbstractProblemLoader Creating init config 
120472     DEBUG main            d.u.i.k.p.i.AbstractProblemLoader Init config took 2.24s 
120516     INFO  main            d.u.i.k.p.i.AbstractProblemLoader Replaying proof Arrays[Arrays::head([[[[Ljava.lang.Object)].JML operation contract.0 
120575     DEBUG main            d.u.i.k.p.i.IntermediateProofReplayer Proof replay took 53.3ms 
120576     DEBUG main            d.u.i.k.p.r.p.TestFile    ... success: reloaded. 
120576     INFO  main            d.u.i.k.p.r.p.TestFile    Now processing file /home/runner/work/key/key/key.core/../key.ui/examples/standard_key/java_dl/exceptions.key 
120577     INFO  main            d.u.i.k.p.i.AbstractProblemLoader Loading environment from /home/runner/work/key/key/key.core/../key.ui/examples/standard_key/java_dl/exceptions.key 
120577     DEBUG main            d.u.i.k.p.i.AbstractProblemLoader Environment load took 177.7ns 
120578     INFO  main            d.u.i.k.p.i.AbstractProblemLoader Creating init config 
120596     WARN  main            d.u.i.k.j.r.KeYCrossReferenceNameInfo Datatype java.io.PrintStream declared twice: Once in FILE:/home/runner/work/key/key/key.core/../key.ui/examples/standard_key/java_dl/classpath/PrintStream.java and once in URL:file:/home/runner/work/key/key/key.core/build/resources/main/de/uka/ilkd/key/java/JavaRedux/java/io/PrintStream.java, Keeping one from URL:file:/home/runner/work/key/key/key.core/build/resources/main/de/uka/ilkd/key/java/JavaRedux/java/io/PrintStream.java 
120597     WARN  main            d.u.i.k.j.r.KeYCrossReferenceNameInfo Datatype java.lang.System declared twice: Once in FILE:/home/runner/work/key/key/key.core/../key.ui/examples/standard_key/java_dl/classpath/System.java and once in URL:file:/home/runner/work/key/key/key.core/build/resources/main/de/uka/ilkd/key/java/JavaRedux/java/lang/System.java, Keeping one from URL:file:/home/runner/work/key/key/key.core/build/resources/main/de/uka/ilkd/key/java/JavaRedux/java/lang/System.java 
120597     WARN  main            d.u.i.k.j.r.KeYCrossReferenceNameInfo Datatype java.io.InputStream declared twice: Once in FILE:/home/runner/work/key/key/key.core/../key.ui/examples/standard_key/java_dl/classpath/InputStream.java and once in URL:file:/home/runner/work/key/key/key.core/build/resources/main/de/uka/ilkd/key/java/JavaRedux/java/io/InputStream.java, Keeping one from URL:file:/home/runner/work/key/key/key.core/build/resources/main/de/uka/ilkd/key/java/JavaRedux/java/io/InputStream.java 
120600     DEBUG main            d.u.i.k.j.r.ClassFileDeclarationBuilder Parsing: package java.io; public class Closeable { } 
120600     DEBUG main            r.s.KeYCrossReferenceSourceInfo Dynamically created class: java.io.Closeable 
122854     DEBUG main            d.u.i.k.p.i.AbstractProblemLoader Init config took 2.28s 
122867     INFO  main            d.u.i.k.p.i.AbstractProblemLoader Replaying proof exceptions.key 
122868     DEBUG main            d.u.i.k.p.i.IntermediateProofReplayer Proof replay took 6.5ns 
123072     INFO  main            d.u.i.k.p.r.p.TestFile    ... finished proof: closed. 
123316     INFO  main            d.u.i.k.p.i.AbstractProblemLoader Loading environment from /home/runner/work/key/key/key.core/../key.ui/examples/standard_key/java_dl/exceptions.key.proof 
123316     DEBUG main            d.u.i.k.p.i.AbstractProblemLoader Environment load took 80.8ns 
123317     INFO  main            d.u.i.k.p.i.AbstractProblemLoader Creating init config 
123336     WARN  main            d.u.i.k.j.r.KeYCrossReferenceNameInfo Datatype java.io.PrintStream declared twice: Once in FILE:/home/runner/work/key/key/key.core/../key.ui/examples/standard_key/java_dl/classpath/PrintStream.java and once in URL:file:/home/runner/work/key/key/key.core/build/resources/main/de/uka/ilkd/key/java/JavaRedux/java/io/PrintStream.java, Keeping one from URL:file:/home/runner/work/key/key/key.core/build/resources/main/de/uka/ilkd/key/java/JavaRedux/java/io/PrintStream.java 
123337     WARN  main            d.u.i.k.j.r.KeYCrossReferenceNameInfo Datatype java.lang.System declared twice: Once in FILE:/home/runner/work/key/key/key.core/../key.ui/examples/standard_key/java_dl/classpath/System.java and once in URL:file:/home/runner/work/key/key/key.core/build/resources/main/de/uka/ilkd/key/java/JavaRedux/java/lang/System.java, Keeping one from URL:file:/home/runner/work/key/key/key.core/build/resources/main/de/uka/ilkd/key/java/JavaRedux/java/lang/System.java 
123337     WARN  main            d.u.i.k.j.r.KeYCrossReferenceNameInfo Datatype java.io.InputStream declared twice: Once in FILE:/home/runner/work/key/key/key.core/../key.ui/examples/standard_key/java_dl/classpath/InputStream.java and once in URL:file:/home/runner/work/key/key/key.core/build/resources/main/de/uka/ilkd/key/java/JavaRedux/java/io/InputStream.java, Keeping one from URL:file:/home/runner/work/key/key/key.core/build/resources/main/de/uka/ilkd/key/java/JavaRedux/java/io/InputStream.java 
123340     DEBUG main            d.u.i.k.j.r.ClassFileDeclarationBuilder Parsing: package java.io; public class Closeable { } 
123340     DEBUG main            r.s.KeYCrossReferenceSourceInfo Dynamically created class: java.io.Closeable 
125612     DEBUG main            d.u.i.k.p.i.AbstractProblemLoader Init config took 2.3s 
125627     INFO  main            d.u.i.k.p.i.AbstractProblemLoader Replaying proof exceptions.key.proof 
125660     DEBUG main            d.u.i.k.p.i.IntermediateProofReplayer Proof replay took 30.14ms 
125661     DEBUG main            d.u.i.k.p.r.p.TestFile    ... success: reloaded. 
125661     INFO  main            d.u.i.k.p.r.p.TestFile    Now processing file /home/runner/work/key/key/key.core/../key.ui/examples/standard_key/java_dl/exceptions1.key 
125661     INFO  main            d.u.i.k.p.i.AbstractProblemLoader Loading environment from /home/runner/work/key/key/key.core/../key.ui/examples/standard_key/java_dl/exceptions1.key 
125662     DEBUG main            d.u.i.k.p.i.AbstractProblemLoader Environment load took 65.5ns 
125662     INFO  main            d.u.i.k.p.i.AbstractProblemLoader Creating init config 
127883     DEBUG main            d.u.i.k.p.i.AbstractProblemLoader Init config took 2.22s 
127897     INFO  main            d.u.i.k.p.i.AbstractProblemLoader Replaying proof exceptions1.key 
127899     DEBUG main            d.u.i.k.p.i.IntermediateProofReplayer Proof replay took 6.7ns 
128001     INFO  main            d.u.i.k.p.r.p.TestFile    ... finished proof: closed. 
128252     INFO  main            d.u.i.k.p.i.AbstractProblemLoader Loading environment from /home/runner/work/key/key/key.core/../key.ui/examples/standard_key/java_dl/exceptions1.key.proof 
128252     DEBUG main            d.u.i.k.p.i.AbstractProblemLoader Environment load took 82.5ns 
128253     INFO  main            d.u.i.k.p.i.AbstractProblemLoader Creating init config 
130431     DEBUG main            d.u.i.k.p.i.AbstractProblemLoader Init config took 2.18s 
130444     INFO  main            d.u.i.k.p.i.AbstractProblemLoader Replaying proof exceptions1.key.proof 
130466     DEBUG main            d.u.i.k.p.i.IntermediateProofReplayer Proof replay took 18.62ms 
130466     DEBUG main            d.u.i.k.p.r.p.TestFile    ... success: reloaded. 
130467     INFO  main            d.u.i.k.p.r.p.TestFile    Now processing file /home/runner/work/key/key/key.core/../key.ui/examples/standard_key/java_dl/exceptions2.key 
130468     INFO  main            d.u.i.k.p.i.AbstractProblemLoader Loading environment from /home/runner/work/key/key/key.core/../key.ui/examples/standard_key/java_dl/exceptions2.key 
130468     DEBUG main            d.u.i.k.p.i.AbstractProblemLoader Environment load took 152.9ns 
130469     INFO  main            d.u.i.k.p.i.AbstractProblemLoader Creating init config 
132699     DEBUG main            d.u.i.k.p.i.AbstractProblemLoader Init config took 2.23s 
132712     INFO  main            d.u.i.k.p.i.AbstractProblemLoader Replaying proof exceptions2.key 
132714     DEBUG main            d.u.i.k.p.i.IntermediateProofReplayer Proof replay took 6.9ns 
132816     INFO  main            d.u.i.k.p.r.p.TestFile    ... finished proof: closed. 
133068     INFO  main            d.u.i.k.p.i.AbstractProblemLoader Loading environment from /home/runner/work/key/key/key.core/../key.ui/examples/standard_key/java_dl/exceptions2.key.proof 
133068     DEBUG main            d.u.i.k.p.i.AbstractProblemLoader Environment load took 83ns 
133069     INFO  main            d.u.i.k.p.i.AbstractProblemLoader Creating init config 
135243     DEBUG main            d.u.i.k.p.i.AbstractProblemLoader Init config took 2.17s 
135258     INFO  main            d.u.i.k.p.i.AbstractProblemLoader Replaying proof exceptions2.key.proof 
135285     DEBUG main            d.u.i.k.p.i.IntermediateProofReplayer Proof replay took 23.85ms 
135290     DEBUG main            d.u.i.k.p.r.p.TestFile    ... success: reloaded. 
135291     INFO  main            d.u.i.k.p.r.p.TestFile    Now processing file /home/runner/work/key/key/key.core/../key.ui/examples/standard_key/java_dl/exceptions3.key 
135291     INFO  main            d.u.i.k.p.i.AbstractProblemLoader Loading environment from /home/runner/work/key/key/key.core/../key.ui/examples/standard_key/java_dl/exceptions3.key 
135291     DEBUG main            d.u.i.k.p.i.AbstractProblemLoader Environment load took 118.2ns 
135292     INFO  main            d.u.i.k.p.i.AbstractProblemLoader Creating init config 
135315     WARN  main            d.u.i.k.j.r.KeYCrossReferenceNameInfo Datatype java.io.PrintStream declared twice: Once in FILE:/home/runner/work/key/key/key.core/../key.ui/examples/standard_key/java_dl/classpath/PrintStream.java and once in URL:file:/home/runner/work/key/key/key.core/build/resources/main/de/uka/ilkd/key/java/JavaRedux/java/io/PrintStream.java, Keeping one from URL:file:/home/runner/work/key/key/key.core/build/resources/main/de/uka/ilkd/key/java/JavaRedux/java/io/PrintStream.java 
135315     WARN  main            d.u.i.k.j.r.KeYCrossReferenceNameInfo Datatype java.lang.System declared twice: Once in FILE:/home/runner/work/key/key/key.core/../key.ui/examples/standard_key/java_dl/classpath/System.java and once in URL:file:/home/runner/work/key/key/key.core/build/resources/main/de/uka/ilkd/key/java/JavaRedux/java/lang/System.java, Keeping one from URL:file:/home/runner/work/key/key/key.core/build/resources/main/de/uka/ilkd/key/java/JavaRedux/java/lang/System.java 
135315     WARN  main            d.u.i.k.j.r.KeYCrossReferenceNameInfo Datatype java.io.InputStream declared twice: Once in FILE:/home/runner/work/key/key/key.core/../key.ui/examples/standard_key/java_dl/classpath/InputStream.java and once in URL:file:/home/runner/work/key/key/key.core/build/resources/main/de/uka/ilkd/key/java/JavaRedux/java/io/InputStream.java, Keeping one from URL:file:/home/runner/work/key/key/key.core/build/resources/main/de/uka/ilkd/key/java/JavaRedux/java/io/InputStream.java 
135318     DEBUG main            d.u.i.k.j.r.ClassFileDeclarationBuilder Parsing: package java.io; public class Closeable { } 
135318     DEBUG main            r.s.KeYCrossReferenceSourceInfo Dynamically created class: java.io.Closeable 
137544     DEBUG main            d.u.i.k.p.i.AbstractProblemLoader Init config took 2.25s 
137557     INFO  main            d.u.i.k.p.i.AbstractProblemLoader Replaying proof exceptions3.key 
137559     DEBUG main            d.u.i.k.p.i.IntermediateProofReplayer Proof replay took 6.2ns 
137661     INFO  main            d.u.i.k.p.r.p.TestFile    ... finished proof: closed. 
137913     INFO  main            d.u.i.k.p.i.AbstractProblemLoader Loading environment from /home/runner/work/key/key/key.core/../key.ui/examples/standard_key/java_dl/exceptions3.key.proof 
137913     DEBUG main            d.u.i.k.p.i.AbstractProblemLoader Environment load took 80ns 
137914     INFO  main            d.u.i.k.p.i.AbstractProblemLoader Creating init config 
137933     WARN  main            d.u.i.k.j.r.KeYCrossReferenceNameInfo Datatype java.io.PrintStream declared twice: Once in FILE:/home/runner/work/key/key/key.core/../key.ui/examples/standard_key/java_dl/classpath/PrintStream.java and once in URL:file:/home/runner/work/key/key/key.core/build/resources/main/de/uka/ilkd/key/java/JavaRedux/java/io/PrintStream.java, Keeping one from URL:file:/home/runner/work/key/key/key.core/build/resources/main/de/uka/ilkd/key/java/JavaRedux/java/io/PrintStream.java 
137933     WARN  main            d.u.i.k.j.r.KeYCrossReferenceNameInfo Datatype java.lang.System declared twice: Once in FILE:/home/runner/work/key/key/key.core/../key.ui/examples/standard_key/java_dl/classpath/System.java and once in URL:file:/home/runner/work/key/key/key.core/build/resources/main/de/uka/ilkd/key/java/JavaRedux/java/lang/System.java, Keeping one from URL:file:/home/runner/work/key/key/key.core/build/resources/main/de/uka/ilkd/key/java/JavaRedux/java/lang/System.java 
137933     WARN  main            d.u.i.k.j.r.KeYCrossReferenceNameInfo Datatype java.io.InputStream declared twice: Once in FILE:/home/runner/work/key/key/key.core/../key.ui/examples/standard_key/java_dl/classpath/InputStream.java and once in URL:file:/home/runner/work/key/key/key.core/build/resources/main/de/uka/ilkd/key/java/JavaRedux/java/io/InputStream.java, Keeping one from URL:file:/home/runner/work/key/key/key.core/build/resources/main/de/uka/ilkd/key/java/JavaRedux/java/io/InputStream.java 
137936     DEBUG main            d.u.i.k.j.r.ClassFileDeclarationBuilder Parsing: package java.io; public class Closeable { } 
137936     DEBUG main            r.s.KeYCrossReferenceSourceInfo Dynamically created class: java.io.Closeable 
140140     DEBUG main            d.u.i.k.p.i.AbstractProblemLoader Init config took 2.23s 
140155     INFO  main            d.u.i.k.p.i.AbstractProblemLoader Replaying proof exceptions3.key.proof 
140162     DEBUG main            d.u.i.k.p.i.IntermediateProofReplayer Proof replay took 3.61ms 
140163     DEBUG main            d.u.i.k.p.r.p.TestFile    ... success: reloaded. 
140164     INFO  main            d.u.i.k.p.r.p.TestFile    Now processing file /home/runner/work/key/key/key.core/../key.ui/examples/standard_key/java_dl/exchange.key 
140164     INFO  main            d.u.i.k.p.i.AbstractProblemLoader Loading environment from /home/runner/work/key/key/key.core/../key.ui/examples/standard_key/java_dl/exchange.key 
140164     DEBUG main            d.u.i.k.p.i.AbstractProblemLoader Environment load took 69.6ns 
140165     INFO  main            d.u.i.k.p.i.AbstractProblemLoader Creating init config 
142378     DEBUG main            d.u.i.k.p.i.AbstractProblemLoader Init config took 2.21s 
142392     INFO  main            d.u.i.k.p.i.AbstractProblemLoader Replaying proof exchange.key 
142394     DEBUG main            d.u.i.k.p.i.IntermediateProofReplayer Proof replay took 7.2ns 
142501     INFO  main            d.u.i.k.p.r.p.TestFile    ... finished proof: closed. 
142758     INFO  main            d.u.i.k.p.i.AbstractProblemLoader Loading environment from /home/runner/work/key/key/key.core/../key.ui/examples/standard_key/java_dl/exchange.key.proof 
142758     DEBUG main            d.u.i.k.p.i.AbstractProblemLoader Environment load took 81.3ns 
142759     INFO  main            d.u.i.k.p.i.AbstractProblemLoader Creating init config 
144930     DEBUG main            d.u.i.k.p.i.AbstractProblemLoader Init config took 2.17s 
144944     INFO  main            d.u.i.k.p.i.AbstractProblemLoader Replaying proof exchange.key.proof 
144948     DEBUG main            d.u.i.k.p.i.IntermediateProofReplayer Proof replay took 2.15ms 
144949     DEBUG main            d.u.i.k.p.r.p.TestFile    ... success: reloaded. 
144949     INFO  main            d.u.i.k.p.r.p.TestFile    Now processing file /home/runner/work/key/key/key.core/../key.ui/examples/standard_key/java_dl/if.key 
144949     INFO  main            d.u.i.k.p.i.AbstractProblemLoader Loading environment from /home/runner/work/key/key/key.core/../key.ui/examples/standard_key/java_dl/if.key 
144949     DEBUG main            d.u.i.k.p.i.AbstractProblemLoader Environment load took 66.9ns 
144950     INFO  main            d.u.i.k.p.i.AbstractProblemLoader Creating init config 
147158     DEBUG main            d.u.i.k.p.i.AbstractProblemLoader Init config took 2.21s 
147170     INFO  main            d.u.i.k.p.i.AbstractProblemLoader Replaying proof if.key 
147172     DEBUG main            d.u.i.k.p.i.IntermediateProofReplayer Proof replay took 6.5ns 
147274     INFO  main            d.u.i.k.p.r.p.TestFile    ... finished proof: closed. 
147532     INFO  main            d.u.i.k.p.i.AbstractProblemLoader Loading environment from /home/runner/work/key/key/key.core/../key.ui/examples/standard_key/java_dl/if.key.proof 
147532     DEBUG main            d.u.i.k.p.i.AbstractProblemLoader Environment load took 82.3ns 
147533     INFO  main            d.u.i.k.p.i.AbstractProblemLoader Creating init config 
149712     DEBUG main            d.u.i.k.p.i.AbstractProblemLoader Init config took 2.18s 
149725     INFO  main            d.u.i.k.p.i.AbstractProblemLoader Replaying proof if.key.proof 
149728     DEBUG main            d.u.i.k.p.i.IntermediateProofReplayer Proof replay took 2.2ms 
149729     DEBUG main            d.u.i.k.p.r.p.TestFile    ... success: reloaded. 
149729     INFO  main            d.u.i.k.p.r.p.TestFile    Now processing file /home/runner/work/key/key/key.core/../key.ui/examples/standard_key/java_dl/incrementcounter.key 
149730     INFO  main            d.u.i.k.p.i.AbstractProblemLoader Loading environment from /home/runner/work/key/key/key.core/../key.ui/examples/standard_key/java_dl/incrementcounter.key 
149730     DEBUG main            d.u.i.k.p.i.AbstractProblemLoader Environment load took 44.9ns 
149730     INFO  main            d.u.i.k.p.i.AbstractProblemLoader Creating init config 
152001     DEBUG main            d.u.i.k.p.i.AbstractProblemLoader Init config took 2.27s 
152015     INFO  main            d.u.i.k.p.i.AbstractProblemLoader Replaying proof incrementcounter.key 
152016     DEBUG main            d.u.i.k.p.i.IntermediateProofReplayer Proof replay took 6.6ns 
152119     INFO  main            d.u.i.k.p.r.p.TestFile    ... finished proof: closed. 
152380     INFO  main            d.u.i.k.p.i.AbstractProblemLoader Loading environment from /home/runner/work/key/key/key.core/../key.ui/examples/standard_key/java_dl/incrementcounter.key.proof 
152380     DEBUG main            d.u.i.k.p.i.AbstractProblemLoader Environment load took 97.9ns 
152381     INFO  main            d.u.i.k.p.i.AbstractProblemLoader Creating init config 
154548     DEBUG main            d.u.i.k.p.i.AbstractProblemLoader Init config took 2.17s 
154561     INFO  main            d.u.i.k.p.i.AbstractProblemLoader Replaying proof incrementcounter.key.proof 
154563     DEBUG main            d.u.i.k.p.i.IntermediateProofReplayer Proof replay took 1.23ms 
154564     DEBUG main            d.u.i.k.p.r.p.TestFile    ... success: reloaded. 
154564     INFO  main            d.u.i.k.p.r.p.TestFile    Now processing file /home/runner/work/key/key/key.core/../key.ui/examples/standard_key/java_dl/danglingElse.key 
154565     INFO  main            d.u.i.k.p.i.AbstractProblemLoader Loading environment from /home/runner/work/key/key/key.core/../key.ui/examples/standard_key/java_dl/danglingElse.key 
154565     DEBUG main            d.u.i.k.p.i.AbstractProblemLoader Environment load took 70.1ns 
154566     INFO  main            d.u.i.k.p.i.AbstractProblemLoader Creating init config 
156770     DEBUG main            d.u.i.k.p.i.AbstractProblemLoader Init config took 2.2s 
156785     INFO  main            d.u.i.k.p.i.AbstractProblemLoader Replaying proof danglingElse.key 
156786     DEBUG main            d.u.i.k.p.i.IntermediateProofReplayer Proof replay took 6.9ns 
156888     INFO  main            d.u.i.k.p.r.p.TestFile    ... finished proof: open goal(s) 
157163     INFO  main            d.u.i.k.p.r.p.TestFile    Now processing file /home/runner/work/key/key/key.core/../key.ui/examples/standard_key/java_dl/iteratedAssignment.key 
157163     INFO  main            d.u.i.k.p.i.AbstractProblemLoader Loading environment from /home/runner/work/key/key/key.core/../key.ui/examples/standard_key/java_dl/iteratedAssignment.key 
157163     DEBUG main            d.u.i.k.p.i.AbstractProblemLoader Environment load took 49ns 
157164     INFO  main            d.u.i.k.p.i.AbstractProblemLoader Creating init config 
159335     DEBUG main            d.u.i.k.p.i.AbstractProblemLoader Init config took 2.17s 
159350     INFO  main            d.u.i.k.p.i.AbstractProblemLoader Replaying proof iteratedAssignment.key 
159352     DEBUG main            d.u.i.k.p.i.IntermediateProofReplayer Proof replay took 6.4ns 
159667     INFO  main            d.u.i.k.p.r.p.TestFile    ... finished proof: closed. 
159949     INFO  main            d.u.i.k.p.i.AbstractProblemLoader Loading environment from /home/runner/work/key/key/key.core/../key.ui/examples/standard_key/java_dl/iteratedAssignment.key.proof 
159949     DEBUG main            d.u.i.k.p.i.AbstractProblemLoader Environment load took 81.4ns 
159950     INFO  main            d.u.i.k.p.i.AbstractProblemLoader Creating init config 
162118     DEBUG main            d.u.i.k.p.i.AbstractProblemLoader Init config took 2.17s 
162132     INFO  main            d.u.i.k.p.i.AbstractProblemLoader Replaying proof iteratedAssignment.key.proof 
162177     DEBUG main            d.u.i.k.p.i.IntermediateProofReplayer Proof replay took 41.65ms 
162178     DEBUG main            d.u.i.k.p.r.p.TestFile    ... success: reloaded. 
162179     INFO  main            d.u.i.k.p.r.p.TestFile    Now processing file /home/runner/work/key/key/key.core/../key.ui/examples/standard_key/java_dl/assert/assert1.key 
162179     INFO  main            d.u.i.k.p.i.AbstractProblemLoader Loading environment from /home/runner/work/key/key/key.core/../key.ui/examples/standard_key/java_dl/assert/assert1.key 
162179     DEBUG main            d.u.i.k.p.i.AbstractProblemLoader Environment load took 150.9ns 
162180     INFO  main            d.u.i.k.p.i.AbstractProblemLoader Creating init config 
164429     DEBUG main            d.u.i.k.p.i.AbstractProblemLoader Init config took 2.25s 
164461     INFO  main            d.u.i.k.p.i.AbstractProblemLoader Replaying proof C[C::foo()].JML normal_behavior operation contract.0 
164463     DEBUG main            d.u.i.k.p.i.IntermediateProofReplayer Proof replay took 5.8ns 
164565     INFO  main            d.u.i.k.p.r.p.TestFile    ... finished proof: open goal(s) 
164862     INFO  main            d.u.i.k.p.r.p.TestFile    Now processing file /home/runner/work/key/key/key.core/../key.ui/examples/standard_key/java_dl/assert/assert2.key 
164862     INFO  main            d.u.i.k.p.i.AbstractProblemLoader Loading environment from /home/runner/work/key/key/key.core/../key.ui/examples/standard_key/java_dl/assert/assert2.key 
164862     DEBUG main            d.u.i.k.p.i.AbstractProblemLoader Environment load took 85.1ns 
164863     INFO  main            d.u.i.k.p.i.AbstractProblemLoader Creating init config 
167074     DEBUG main            d.u.i.k.p.i.AbstractProblemLoader Init config took 2.21s 
167106     INFO  main            d.u.i.k.p.i.AbstractProblemLoader Replaying proof C[C::bar()].JML exceptional_behavior operation contract.0 
167108     DEBUG main            d.u.i.k.p.i.IntermediateProofReplayer Proof replay took 6.5ns 
167209     INFO  main            d.u.i.k.p.r.p.TestFile    ... finished proof: closed. 
167517     INFO  main            d.u.i.k.p.i.AbstractProblemLoader Loading environment from /home/runner/work/key/key/key.core/../key.ui/examples/standard_key/java_dl/assert/assert2.key.proof 
167517     DEBUG main            d.u.i.k.p.i.AbstractProblemLoader Environment load took 113ns 
167518     INFO  main            d.u.i.k.p.i.AbstractProblemLoader Creating init config 
169725     DEBUG main            d.u.i.k.p.i.AbstractProblemLoader Init config took 2.21s 
169758     INFO  main            d.u.i.k.p.i.AbstractProblemLoader Replaying proof C[C::bar()].JML exceptional_behavior operation contract.0 
169802     DEBUG main            d.u.i.k.p.i.IntermediateProofReplayer Proof replay took 34.61ms 
169803     DEBUG main            d.u.i.k.p.r.p.TestFile    ... success: reloaded. 
169803     INFO  main            d.u.i.k.p.r.p.TestFile    Now processing file /home/runner/work/key/key/key.core/../key.ui/examples/standard_key/java_dl/assert/assert3.key 
169804     INFO  main            d.u.i.k.p.i.AbstractProblemLoader Loading environment from /home/runner/work/key/key/key.core/../key.ui/examples/standard_key/java_dl/assert/assert3.key 
169804     DEBUG main            d.u.i.k.p.i.AbstractProblemLoader Environment load took 191.6ns 
169805     INFO  main            d.u.i.k.p.i.AbstractProblemLoader Creating init config 
172051     DEBUG main            d.u.i.k.p.i.AbstractProblemLoader Init config took 2.25s 
172082     INFO  main            d.u.i.k.p.i.AbstractProblemLoader Replaying proof C[C::foo()].JML normal_behavior operation contract.0 
172084     DEBUG main            d.u.i.k.p.i.IntermediateProofReplayer Proof replay took 6.7ns 
172185     INFO  main            d.u.i.k.p.r.p.TestFile    ... finished proof: open goal(s) 
172498     INFO  main            d.u.i.k.p.r.p.TestFile    Now processing file /home/runner/work/key/key/key.core/../key.ui/examples/standard_key/java_dl/java5/vararg.key 
172498     INFO  main            d.u.i.k.p.i.AbstractProblemLoader Loading environment from /home/runner/work/key/key/key.core/../key.ui/examples/standard_key/java_dl/java5/vararg.key 
172498     DEBUG main            d.u.i.k.p.i.AbstractProblemLoader Environment load took 42.6ns 
172500     INFO  main            d.u.i.k.p.i.AbstractProblemLoader Creating init config 
173299     DEBUG main            d.u.i.k.j.r.ClassPreparationMethodBuilder clPrepBuilder: Inner Class detected. Reject building class initialisation methods. 
174994     DEBUG main            d.u.i.k.p.i.AbstractProblemLoader Init config took 2.49s 
175055     INFO  main            d.u.i.k.p.i.AbstractProblemLoader Replaying proof vararg.key 
175057     DEBUG main            d.u.i.k.p.i.IntermediateProofReplayer Proof replay took 7ns 
176278     INFO  main            d.u.i.k.p.r.p.TestFile    ... finished proof: closed. 
176682     INFO  main            d.u.i.k.p.i.AbstractProblemLoader Loading environment from /home/runner/work/key/key/key.core/../key.ui/examples/standard_key/java_dl/java5/vararg.key.proof 
176682     DEBUG main            d.u.i.k.p.i.AbstractProblemLoader Environment load took 363.2ns 
176683     INFO  main            d.u.i.k.p.i.AbstractProblemLoader Creating init config 
177453     DEBUG main            d.u.i.k.j.r.ClassPreparationMethodBuilder clPrepBuilder: Inner Class detected. Reject building class initialisation methods. 
179109     DEBUG main            d.u.i.k.p.i.AbstractProblemLoader Init config took 2.43s 
179139     INFO  main            d.u.i.k.p.i.AbstractProblemLoader Replaying proof vararg.key.proof 
179402     DEBUG main            d.u.i.k.p.i.IntermediateProofReplayer Proof replay took 245.47ms 
179403     DEBUG main            d.u.i.k.p.r.p.TestFile    ... success: reloaded. 
179405     INFO  main            d.u.i.k.p.r.p.TestFile    Now processing file /home/runner/work/key/key/key.core/../key.ui/examples/standard_key/java_dl/java5/for_Array.key 
179405     INFO  main            d.u.i.k.p.i.AbstractProblemLoader Loading environment from /home/runner/work/key/key/key.core/../key.ui/examples/standard_key/java_dl/java5/for_Array.key 
179405     DEBUG main            d.u.i.k.p.i.AbstractProblemLoader Environment load took 147ns 
179406     INFO  main            d.u.i.k.p.i.AbstractProblemLoader Creating init config 
180187     DEBUG main            d.u.i.k.j.r.ClassPreparationMethodBuilder clPrepBuilder: Inner Class detected. Reject building class initialisation methods. 
181911     DEBUG main            d.u.i.k.p.i.AbstractProblemLoader Init config took 2.51s 
181960     INFO  main            d.u.i.k.p.i.AbstractProblemLoader Replaying proof For[For::sum([I)].JML operation contract.0 
181962     DEBUG main            d.u.i.k.p.i.IntermediateProofReplayer Proof replay took 6.2ns 
182265     INFO  main            d.u.i.k.p.r.p.TestFile    ... finished proof: closed. 
182656     INFO  main            d.u.i.k.p.i.AbstractProblemLoader Loading environment from /home/runner/work/key/key/key.core/../key.ui/examples/standard_key/java_dl/java5/for_Array.key.proof 
182657     DEBUG main            d.u.i.k.p.i.AbstractProblemLoader Environment load took 80ns 
182657     INFO  main            d.u.i.k.p.i.AbstractProblemLoader Creating init config 
183426     DEBUG main            d.u.i.k.j.r.ClassPreparationMethodBuilder clPrepBuilder: Inner Class detected. Reject building class initialisation methods. 
185062     DEBUG main            d.u.i.k.p.i.AbstractProblemLoader Init config took 2.4s 
185120     INFO  main            d.u.i.k.p.i.AbstractProblemLoader Replaying proof For[For::sum([I)].JML operation contract.0 
185189     DEBUG main            d.u.i.k.p.i.IntermediateProofReplayer Proof replay took 62.46ms 
185190     DEBUG main            d.u.i.k.p.r.p.TestFile    ... success: reloaded. 
185191     INFO  main            d.u.i.k.p.r.p.TestFile    Now processing file /home/runner/work/key/key/key.core/../key.ui/examples/standard_key/java_dl/java5/for_Iterable.key 
185191     INFO  main            d.u.i.k.p.i.AbstractProblemLoader Loading environment from /home/runner/work/key/key/key.core/../key.ui/examples/standard_key/java_dl/java5/for_Iterable.key 
185191     DEBUG main            d.u.i.k.p.i.AbstractProblemLoader Environment load took 145.7ns 
185192     INFO  main            d.u.i.k.p.i.AbstractProblemLoader Creating init config 
185971     DEBUG main            d.u.i.k.j.r.ClassPreparationMethodBuilder clPrepBuilder: Inner Class detected. Reject building class initialisation methods. 
187636     DEBUG main            d.u.i.k.p.i.AbstractProblemLoader Init config took 2.44s 
187687     INFO  main            d.u.i.k.p.i.AbstractProblemLoader Replaying proof For[For::infiniteLoop(For)].JML operation contract.0 
187688     DEBUG main            d.u.i.k.p.i.IntermediateProofReplayer Proof replay took 6.1ns 
187890     INFO  main            d.u.i.k.p.r.p.TestFile    ... finished proof: closed. 
188263     INFO  main            d.u.i.k.p.i.AbstractProblemLoader Loading environment from /home/runner/work/key/key/key.core/../key.ui/examples/standard_key/java_dl/java5/for_Iterable.key.proof 
188263     DEBUG main            d.u.i.k.p.i.AbstractProblemLoader Environment load took 77.6ns 
188263     INFO  main            d.u.i.k.p.i.AbstractProblemLoader Creating init config 
189019     DEBUG main            d.u.i.k.j.r.ClassPreparationMethodBuilder clPrepBuilder: Inner Class detected. Reject building class initialisation methods. 
190641     DEBUG main            d.u.i.k.p.i.AbstractProblemLoader Init config took 2.38s 
190691     INFO  main            d.u.i.k.p.i.AbstractProblemLoader Replaying proof For[For::infiniteLoop(For)].JML operation contract.0 
190731     DEBUG main            d.u.i.k.p.i.IntermediateProofReplayer Proof replay took 36.7ms 
190731     DEBUG main            d.u.i.k.p.r.p.TestFile    ... success: reloaded. 
190732     INFO  main            d.u.i.k.p.r.p.TestFile    Now processing file /home/runner/work/key/key/key.core/../key.ui/examples/standard_key/java_dl/java5/for_ReferenceArray.key 
190732     INFO  main            d.u.i.k.p.i.AbstractProblemLoader Loading environment from /home/runner/work/key/key/key.core/../key.ui/examples/standard_key/java_dl/java5/for_ReferenceArray.key 
190733     DEBUG main            d.u.i.k.p.i.AbstractProblemLoader Environment load took 52.1ns 
190733     INFO  main            d.u.i.k.p.i.AbstractProblemLoader Creating init config 
191504     DEBUG main            d.u.i.k.j.r.ClassPreparationMethodBuilder clPrepBuilder: Inner Class detected. Reject building class initialisation methods. 
193168     DEBUG main            d.u.i.k.p.i.AbstractProblemLoader Init config took 2.44s 
193215     INFO  main            d.u.i.k.p.i.AbstractProblemLoader Replaying proof ForReferenceArray[ForReferenceArray::foo([Ljava.lang.Object)].JML operation contract.0 
193217     DEBUG main            d.u.i.k.p.i.IntermediateProofReplayer Proof replay took 6.8ns 
193421     INFO  main            d.u.i.k.p.r.p.TestFile    ... finished proof: closed. 
193754     INFO  main            d.u.i.k.p.i.AbstractProblemLoader Loading environment from /home/runner/work/key/key/key.core/../key.ui/examples/standard_key/java_dl/java5/for_ReferenceArray.key.proof 
193754     DEBUG main            d.u.i.k.p.i.AbstractProblemLoader Environment load took 90.1ns 
193755     INFO  main            d.u.i.k.p.i.AbstractProblemLoader Creating init config 
194496     DEBUG main            d.u.i.k.j.r.ClassPreparationMethodBuilder clPrepBuilder: Inner Class detected. Reject building class initialisation methods. 
196113     DEBUG main            d.u.i.k.p.i.AbstractProblemLoader Init config took 2.36s 
196160     INFO  main            d.u.i.k.p.i.AbstractProblemLoader Replaying proof ForReferenceArray[ForReferenceArray::foo([Ljava.lang.Object)].JML operation contract.0 
196201     DEBUG main            d.u.i.k.p.i.IntermediateProofReplayer Proof replay took 37.77ms 
196202     DEBUG main            d.u.i.k.p.r.p.TestFile    ... success: reloaded. 
196203     INFO  main            d.u.i.k.p.r.p.TestFile    Now processing file /home/runner/work/key/key/key.core/../key.ui/examples/standard_key/java_dl/jml-bigint/cast.key 
196203     INFO  main            d.u.i.k.p.i.AbstractProblemLoader Loading environment from /home/runner/work/key/key/key.core/../key.ui/examples/standard_key/java_dl/jml-bigint/cast.key 
196203     DEBUG main            d.u.i.k.p.i.AbstractProblemLoader Environment load took 53.7ns 
196204     INFO  main            d.u.i.k.p.i.AbstractProblemLoader Creating init config 
198522     DEBUG main            d.u.i.k.p.i.AbstractProblemLoader Init config took 2.32s 
198570     INFO  main            d.u.i.k.p.i.AbstractProblemLoader Replaying proof Mult[Mult::cast()].JML operation contract.0 
198573     DEBUG main            d.u.i.k.p.i.IntermediateProofReplayer Proof replay took 6.3ns 
198674     INFO  main            d.u.i.k.p.r.p.TestFile    ... finished proof: closed. 
199047     INFO  main            d.u.i.k.p.i.AbstractProblemLoader Loading environment from /home/runner/work/key/key/key.core/../key.ui/examples/standard_key/java_dl/jml-bigint/cast.key.proof 
199047     DEBUG main            d.u.i.k.p.i.AbstractProblemLoader Environment load took 73.3ns 
199048     INFO  main            d.u.i.k.p.i.AbstractProblemLoader Creating init config 
201322     DEBUG main            d.u.i.k.p.i.AbstractProblemLoader Init config took 2.27s 
201354     INFO  main            d.u.i.k.p.i.AbstractProblemLoader Replaying proof Mult[Mult::cast()].JML operation contract.0 
201363     DEBUG main            d.u.i.k.p.i.IntermediateProofReplayer Proof replay took 8.43ms 
201364     DEBUG main            d.u.i.k.p.r.p.TestFile    ... success: reloaded. 
201367     INFO  main            d.u.i.k.p.r.p.TestFile    Now processing file /home/runner/work/key/key/key.core/../key.ui/examples/standard_key/java_dl/jml-free/loopInvFree.key 
201368     INFO  main            d.u.i.k.p.i.AbstractProblemLoader Loading environment from /home/runner/work/key/key/key.core/../key.ui/examples/standard_key/java_dl/jml-free/loopInvFree.key 
201368     DEBUG main            d.u.i.k.p.i.AbstractProblemLoader Environment load took 77.4ns 
201369     INFO  main            d.u.i.k.p.i.AbstractProblemLoader Creating init config 
203641     DEBUG main            d.u.i.k.p.i.AbstractProblemLoader Init config took 2.27s 
203673     INFO  main            d.u.i.k.p.i.AbstractProblemLoader Replaying proof LoopInvFree[LoopInvFree::test()].JML operation contract.0 
203674     DEBUG main            d.u.i.k.p.i.IntermediateProofReplayer Proof replay took 6ns 
203881     INFO  main            d.u.i.k.p.r.p.TestFile    ... finished proof: closed. 
204220     INFO  main            d.u.i.k.p.i.AbstractProblemLoader Loading environment from /home/runner/work/key/key/key.core/../key.ui/examples/standard_key/java_dl/jml-free/loopInvFree.key.proof 
204220     DEBUG main            d.u.i.k.p.i.AbstractProblemLoader Environment load took 67.6ns 
204221     INFO  main            d.u.i.k.p.i.AbstractProblemLoader Creating init config 
206438     DEBUG main            d.u.i.k.p.i.AbstractProblemLoader Init config took 2.22s 
206469     INFO  main            d.u.i.k.p.i.AbstractProblemLoader Replaying proof LoopInvFree[LoopInvFree::test()].JML operation contract.0 
206499     DEBUG main            d.u.i.k.p.i.IntermediateProofReplayer Proof replay took 27.78ms 
206500     DEBUG main            d.u.i.k.p.r.p.TestFile    ... success: reloaded. 
206500     INFO  main            d.u.i.k.p.r.p.TestFile    Now processing file /home/runner/work/key/key/key.core/../key.ui/examples/standard_key/java_dl/jml-free/ensuresFree.key 
206501     INFO  main            d.u.i.k.p.i.AbstractProblemLoader Loading environment from /home/runner/work/key/key/key.core/../key.ui/examples/standard_key/java_dl/jml-free/ensuresFree.key 
206501     DEBUG main            d.u.i.k.p.i.AbstractProblemLoader Environment load took 64.4ns 
206501     INFO  main            d.u.i.k.p.i.AbstractProblemLoader Creating init config 
208753     DEBUG main            d.u.i.k.p.i.AbstractProblemLoader Init config took 2.25s 
208784     INFO  main            d.u.i.k.p.i.AbstractProblemLoader Replaying proof EnsuresFree[EnsuresFree::test()].JML operation contract.0 
208786     DEBUG main            d.u.i.k.p.i.IntermediateProofReplayer Proof replay took 6.7ns 
208887     INFO  main            d.u.i.k.p.r.p.TestFile    ... finished proof: closed. 
209223     INFO  main            d.u.i.k.p.i.AbstractProblemLoader Loading environment from /home/runner/work/key/key/key.core/../key.ui/examples/standard_key/java_dl/jml-free/ensuresFree.key.proof 
209223     DEBUG main            d.u.i.k.p.i.AbstractProblemLoader Environment load took 70.2ns 
209224     INFO  main            d.u.i.k.p.i.AbstractProblemLoader Creating init config 
211447     DEBUG main            d.u.i.k.p.i.AbstractProblemLoader Init config took 2.22s 
211478     INFO  main            d.u.i.k.p.i.AbstractProblemLoader Replaying proof EnsuresFree[EnsuresFree::test()].JML operation contract.0 
211492     DEBUG main            d.u.i.k.p.i.IntermediateProofReplayer Proof replay took 12.36ms 
211493     DEBUG main            d.u.i.k.p.r.p.TestFile    ... success: reloaded. 
211494     INFO  main            d.u.i.k.p.r.p.TestFile    Now processing file /home/runner/work/key/key/key.core/../key.ui/examples/standard_key/java_dl/jml-information-flow.key 
211494     INFO  main            d.u.i.k.p.i.AbstractProblemLoader Loading environment from /home/runner/work/key/key/key.core/../key.ui/examples/standard_key/java_dl/jml-information-flow.key 
211494     DEBUG main            d.u.i.k.p.i.AbstractProblemLoader Environment load took 77.2ns 
211499     INFO  main            d.u.i.k.p.i.AbstractProblemLoader Creating init config 
213961     DEBUG main            d.u.i.k.p.i.AbstractProblemLoader Init config took 2.46s 
213983     INFO  main            d.u.i.k.p.i.AbstractProblemLoader Replaying proof jml-information-flow.key 
213984     DEBUG main            d.u.i.k.p.i.IntermediateProofReplayer Proof replay took 6.7ns 
321507     INFO  main            d.u.i.k.p.r.p.TestFile    ... finished proof: closed. 
322012     INFO  main            d.u.i.k.p.i.AbstractProblemLoader Loading environment from /home/runner/work/key/key/key.core/../key.ui/examples/standard_key/java_dl/jml-information-flow.key.proof 
322012     DEBUG main            d.u.i.k.p.i.AbstractProblemLoader Environment load took 278.1ns 
322020     INFO  main            d.u.i.k.p.i.AbstractProblemLoader Creating init config 
324341     DEBUG main            d.u.i.k.p.i.AbstractProblemLoader Init config took 2.32s 
324359     INFO  main            d.u.i.k.p.i.AbstractProblemLoader Replaying proof jml-information-flow.key.proof 
326861     DEBUG main            d.u.i.k.p.i.IntermediateProofReplayer Proof replay took 2.38s 
326868     DEBUG main            d.u.i.k.p.r.p.TestFile    ... success: reloaded. 
326869     INFO  main            d.u.i.k.p.r.p.TestFile    Now processing file /home/runner/work/key/key/key.core/../key.ui/examples/standard_key/java_dl/jml-min/min-unprovable1.key 
326869     INFO  main            d.u.i.k.p.i.AbstractProblemLoader Loading environment from /home/runner/work/key/key/key.core/../key.ui/examples/standard_key/java_dl/jml-min/min-unprovable1.key 
326869     DEBUG main            d.u.i.k.p.i.AbstractProblemLoader Environment load took 137ns 
326870     INFO  main            d.u.i.k.p.i.AbstractProblemLoader Creating init config 
329238     DEBUG main            d.u.i.k.p.i.AbstractProblemLoader Init config took 2.37s 
329270     INFO  main            d.u.i.k.p.i.AbstractProblemLoader Replaying proof Min[Min::foo()].JML operation contract.0 
329270     DEBUG main            d.u.i.k.p.i.IntermediateProofReplayer Proof replay took 6ns 
329372     INFO  main            d.u.i.k.p.r.p.TestFile    ... finished proof: open goal(s) 
329873     INFO  main            d.u.i.k.p.r.p.TestFile    Now processing file /home/runner/work/key/key/key.core/../key.ui/examples/standard_key/java_dl/jml-min/min-unprovable2.key 
329873     INFO  main            d.u.i.k.p.i.AbstractProblemLoader Loading environment from /home/runner/work/key/key/key.core/../key.ui/examples/standard_key/java_dl/jml-min/min-unprovable2.key 
329873     DEBUG main            d.u.i.k.p.i.AbstractProblemLoader Environment load took 40.7ns 
329874     INFO  main            d.u.i.k.p.i.AbstractProblemLoader Creating init config 
332099     DEBUG main            d.u.i.k.p.i.AbstractProblemLoader Init config took 2.22s 
332131     INFO  main            d.u.i.k.p.i.AbstractProblemLoader Replaying proof Min[Min::foo2()].JML operation contract.0 
332132     DEBUG main            d.u.i.k.p.i.IntermediateProofReplayer Proof replay took 8.2ns 
332233     INFO  main            d.u.i.k.p.r.p.TestFile    ... finished proof: open goal(s) 
332628     INFO  main            d.u.i.k.p.r.p.TestFile    Now processing file /home/runner/work/key/key/key.core/../key.ui/examples/standard_key/java_dl/methodCall.key 
332629     INFO  main            d.u.i.k.p.i.AbstractProblemLoader Loading environment from /home/runner/work/key/key/key.core/../key.ui/examples/standard_key/java_dl/methodCall.key 
332629     DEBUG main            d.u.i.k.p.i.AbstractProblemLoader Environment load took 39.6ns 
332629     INFO  main            d.u.i.k.p.i.AbstractProblemLoader Creating init config 
334837     DEBUG main            d.u.i.k.p.i.AbstractProblemLoader Init config took 2.21s 
334850     INFO  main            d.u.i.k.p.i.AbstractProblemLoader Replaying proof methodCall.key 
334851     DEBUG main            d.u.i.k.p.i.IntermediateProofReplayer Proof replay took 6.6ns 
334952     INFO  main            d.u.i.k.p.r.p.TestFile    ... finished proof: closed. 
335295     INFO  main            d.u.i.k.p.i.AbstractProblemLoader Loading environment from /home/runner/work/key/key/key.core/../key.ui/examples/standard_key/java_dl/methodCall.key.proof 
335295     DEBUG main            d.u.i.k.p.i.AbstractProblemLoader Environment load took 70.5ns 
335296     INFO  main            d.u.i.k.p.i.AbstractProblemLoader Creating init config 
337502     DEBUG main            d.u.i.k.p.i.AbstractProblemLoader Init config took 2.21s 
337515     INFO  main            d.u.i.k.p.i.AbstractProblemLoader Replaying proof methodCall.key.proof 
337518     DEBUG main            d.u.i.k.p.i.IntermediateProofReplayer Proof replay took 1.63ms 
337519     DEBUG main            d.u.i.k.p.r.p.TestFile    ... success: reloaded. 
337520     INFO  main            d.u.i.k.p.r.p.TestFile    Now processing file /home/runner/work/key/key/key.core/../key.ui/examples/standard_key/java_dl/methodCall1.key 
337520     INFO  main            d.u.i.k.p.i.AbstractProblemLoader Loading environment from /home/runner/work/key/key/key.core/../key.ui/examples/standard_key/java_dl/methodCall1.key 
337520     DEBUG main            d.u.i.k.p.i.AbstractProblemLoader Environment load took 42.3ns 
337521     INFO  main            d.u.i.k.p.i.AbstractProblemLoader Creating init config 
339736     DEBUG main            d.u.i.k.p.i.AbstractProblemLoader Init config took 2.22s 
339749     INFO  main            d.u.i.k.p.i.AbstractProblemLoader Replaying proof methodCall1.key 
339751     DEBUG main            d.u.i.k.p.i.IntermediateProofReplayer Proof replay took 6.5ns 
339853     INFO  main            d.u.i.k.p.r.p.TestFile    ... finished proof: closed. 
340213     INFO  main            d.u.i.k.p.i.AbstractProblemLoader Loading environment from /home/runner/work/key/key/key.core/../key.ui/examples/standard_key/java_dl/methodCall1.key.proof 
340214     DEBUG main            d.u.i.k.p.i.AbstractProblemLoader Environment load took 71.3ns 
340214     INFO  main            d.u.i.k.p.i.AbstractProblemLoader Creating init config 
342414     DEBUG main            d.u.i.k.p.i.AbstractProblemLoader Init config took 2.2s 
342427     INFO  main            d.u.i.k.p.i.AbstractProblemLoader Replaying proof methodCall1.key.proof 
342438     DEBUG main            d.u.i.k.p.i.IntermediateProofReplayer Proof replay took 8.97ms 
342439     DEBUG main            d.u.i.k.p.r.p.TestFile    ... success: reloaded. 
342439     INFO  main            d.u.i.k.p.r.p.TestFile    Now processing file /home/runner/work/key/key/key.core/../key.ui/examples/standard_key/java_dl/methodCall1box.key 
342439     INFO  main            d.u.i.k.p.i.AbstractProblemLoader Loading environment from /home/runner/work/key/key/key.core/../key.ui/examples/standard_key/java_dl/methodCall1box.key 
342439     DEBUG main            d.u.i.k.p.i.AbstractProblemLoader Environment load took 53.1ns 
342440     INFO  main            d.u.i.k.p.i.AbstractProblemLoader Creating init config 
344673     DEBUG main            d.u.i.k.p.i.AbstractProblemLoader Init config took 2.23s 
344686     INFO  main            d.u.i.k.p.i.AbstractProblemLoader Replaying proof methodCall1box.key 
344687     DEBUG main            d.u.i.k.p.i.IntermediateProofReplayer Proof replay took 7.7ns 
344789     INFO  main            d.u.i.k.p.r.p.TestFile    ... finished proof: closed. 
345148     INFO  main            d.u.i.k.p.i.AbstractProblemLoader Loading environment from /home/runner/work/key/key/key.core/../key.ui/examples/standard_key/java_dl/methodCall1box.key.proof 
345149     DEBUG main            d.u.i.k.p.i.AbstractProblemLoader Environment load took 71.6ns 
345149     INFO  main            d.u.i.k.p.i.AbstractProblemLoader Creating init config 
347344     DEBUG main            d.u.i.k.p.i.AbstractProblemLoader Init config took 2.2s 
347357     INFO  main            d.u.i.k.p.i.AbstractProblemLoader Replaying proof methodCall1box.key.proof 
347368     DEBUG main            d.u.i.k.p.i.IntermediateProofReplayer Proof replay took 8.72ms 
347369     DEBUG main            d.u.i.k.p.r.p.TestFile    ... success: reloaded. 
347369     INFO  main            d.u.i.k.p.r.p.TestFile    Now processing file /home/runner/work/key/key/key.core/../key.ui/examples/standard_key/java_dl/methodCall3.key 
347369     INFO  main            d.u.i.k.p.i.AbstractProblemLoader Loading environment from /home/runner/work/key/key/key.core/../key.ui/examples/standard_key/java_dl/methodCall3.key 
347369     DEBUG main            d.u.i.k.p.i.AbstractProblemLoader Environment load took 61.6ns 
347370     INFO  main            d.u.i.k.p.i.AbstractProblemLoader Creating init config 
349589     DEBUG main            d.u.i.k.p.i.AbstractProblemLoader Init config took 2.22s 
349602     INFO  main            d.u.i.k.p.i.AbstractProblemLoader Replaying proof methodCall3.key 
349603     DEBUG main            d.u.i.k.p.i.IntermediateProofReplayer Proof replay took 6.6ns 
349705     INFO  main            d.u.i.k.p.r.p.TestFile    ... finished proof: closed. 
350109     INFO  main            d.u.i.k.p.i.AbstractProblemLoader Loading environment from /home/runner/work/key/key/key.core/../key.ui/examples/standard_key/java_dl/methodCall3.key.proof 
350109     DEBUG main            d.u.i.k.p.i.AbstractProblemLoader Environment load took 69.6ns 
350110     INFO  main            d.u.i.k.p.i.AbstractProblemLoader Creating init config 
352306     DEBUG main            d.u.i.k.p.i.AbstractProblemLoader Init config took 2.2s 
352319     INFO  main            d.u.i.k.p.i.AbstractProblemLoader Replaying proof methodCall3.key.proof 
352327     DEBUG main            d.u.i.k.p.i.IntermediateProofReplayer Proof replay took 5.92ms 
352328     DEBUG main            d.u.i.k.p.r.p.TestFile    ... success: reloaded. 
352329     INFO  main            d.u.i.k.p.r.p.TestFile    Now processing file /home/runner/work/key/key/key.core/../key.ui/examples/standard_key/java_dl/polishFlagSort.key 
352329     INFO  main            d.u.i.k.p.i.AbstractProblemLoader Loading environment from /home/runner/work/key/key/key.core/../key.ui/examples/standard_key/java_dl/polishFlagSort.key 
352329     DEBUG main            d.u.i.k.p.i.AbstractProblemLoader Environment load took 41.1ns 
352330     INFO  main            d.u.i.k.p.i.AbstractProblemLoader Creating init config 
354598     DEBUG main            d.u.i.k.p.i.AbstractProblemLoader Init config took 2.27s 
354611     INFO  main            d.u.i.k.p.i.AbstractProblemLoader Replaying proof polishFlagSort.key 
354613     DEBUG main            d.u.i.k.p.i.IntermediateProofReplayer Proof replay took 7.2ns 
356649     INFO  main            d.u.i.k.p.r.p.TestFile    ... finished proof: closed. 
357064     INFO  main            d.u.i.k.p.i.AbstractProblemLoader Loading environment from /home/runner/work/key/key/key.core/../key.ui/examples/standard_key/java_dl/polishFlagSort.key.proof 
357064     DEBUG main            d.u.i.k.p.i.AbstractProblemLoader Environment load took 272.9ns 
357066     INFO  main            d.u.i.k.p.i.AbstractProblemLoader Creating init config 
359303     DEBUG main            d.u.i.k.p.i.AbstractProblemLoader Init config took 2.24s 
359319     INFO  main            d.u.i.k.p.i.AbstractProblemLoader Replaying proof polishFlagSort.key.proof 
359554     DEBUG main            d.u.i.k.p.i.IntermediateProofReplayer Proof replay took 224.03ms 
359556     DEBUG main            d.u.i.k.p.r.p.TestFile    ... success: reloaded. 
359557     INFO  main            d.u.i.k.p.r.p.TestFile    Now processing file /home/runner/work/key/key/key.core/../key.ui/examples/standard_key/java_dl/postConditionTaclets1.key 
359557     INFO  main            d.u.i.k.p.i.AbstractProblemLoader Loading environment from /home/runner/work/key/key/key.core/../key.ui/examples/standard_key/java_dl/postConditionTaclets1.key 
359557     DEBUG main            d.u.i.k.p.i.AbstractProblemLoader Environment load took 62.8ns 
359558     INFO  main            d.u.i.k.p.i.AbstractProblemLoader Creating init config 
361777     DEBUG main            d.u.i.k.p.i.AbstractProblemLoader Init config took 2.22s 
361790     INFO  main            d.u.i.k.p.i.AbstractProblemLoader Replaying proof postConditionTaclets1.key 
361792     DEBUG main            d.u.i.k.p.i.IntermediateProofReplayer Proof replay took 6.8ns 
361893     INFO  main            d.u.i.k.p.r.p.TestFile    ... finished proof: closed. 
362310     INFO  main            d.u.i.k.p.i.AbstractProblemLoader Loading environment from /home/runner/work/key/key/key.core/../key.ui/examples/standard_key/java_dl/postConditionTaclets1.key.proof 
362310     DEBUG main            d.u.i.k.p.i.AbstractProblemLoader Environment load took 82.5ns 
362311     INFO  main            d.u.i.k.p.i.AbstractProblemLoader Creating init config 
364458     DEBUG main            d.u.i.k.p.i.AbstractProblemLoader Init config took 2.15s 
364470     INFO  main            d.u.i.k.p.i.AbstractProblemLoader Replaying proof postConditionTaclets1.key.proof 
364472     DEBUG main            d.u.i.k.p.i.IntermediateProofReplayer Proof replay took 257.3ns 
364473     DEBUG main            d.u.i.k.p.r.p.TestFile    ... success: reloaded. 
364473     INFO  main            d.u.i.k.p.r.p.TestFile    Now processing file /home/runner/work/key/key/key.core/../key.ui/examples/standard_key/java_dl/postConditionTaclets2.key 
364473     INFO  main            d.u.i.k.p.i.AbstractProblemLoader Loading environment from /home/runner/work/key/key/key.core/../key.ui/examples/standard_key/java_dl/postConditionTaclets2.key 
364473     DEBUG main            d.u.i.k.p.i.AbstractProblemLoader Environment load took 55.3ns 
364474     INFO  main            d.u.i.k.p.i.AbstractProblemLoader Creating init config 
366652     DEBUG main            d.u.i.k.p.i.AbstractProblemLoader Init config took 2.18s 
366665     INFO  main            d.u.i.k.p.i.AbstractProblemLoader Replaying proof postConditionTaclets2.key 
366666     DEBUG main            d.u.i.k.p.i.IntermediateProofReplayer Proof replay took 6.9ns 
366768     INFO  main            d.u.i.k.p.r.p.TestFile    ... finished proof: closed. 
367155     INFO  main            d.u.i.k.p.i.AbstractProblemLoader Loading environment from /home/runner/work/key/key/key.core/../key.ui/examples/standard_key/java_dl/postConditionTaclets2.key.proof 
367155     DEBUG main            d.u.i.k.p.i.AbstractProblemLoader Environment load took 114ns 
367156     INFO  main            d.u.i.k.p.i.AbstractProblemLoader Creating init config 
369304     DEBUG main            d.u.i.k.p.i.AbstractProblemLoader Init config took 2.15s 
369317     INFO  main            d.u.i.k.p.i.AbstractProblemLoader Replaying proof postConditionTaclets2.key.proof 
369318     DEBUG main            d.u.i.k.p.i.IntermediateProofReplayer Proof replay took 448.9ns 
369319     DEBUG main            d.u.i.k.p.r.p.TestFile    ... success: reloaded. 
369319     INFO  main            d.u.i.k.p.r.p.TestFile    Now processing file /home/runner/work/key/key/key.core/../key.ui/examples/standard_key/java_dl/quantifiedQuery.key 
369320     INFO  main            d.u.i.k.p.i.AbstractProblemLoader Loading environment from /home/runner/work/key/key/key.core/../key.ui/examples/standard_key/java_dl/quantifiedQuery.key 
369320     DEBUG main            d.u.i.k.p.i.AbstractProblemLoader Environment load took 59ns 
369321     INFO  main            d.u.i.k.p.i.AbstractProblemLoader Creating init config 
371542     DEBUG main            d.u.i.k.p.i.AbstractProblemLoader Init config took 2.22s 
371556     INFO  main            d.u.i.k.p.i.AbstractProblemLoader Replaying proof quantifiedQuery.key 
371557     DEBUG main            d.u.i.k.p.i.IntermediateProofReplayer Proof replay took 6.9ns 
371661     INFO  main            d.u.i.k.p.r.p.TestFile    ... finished proof: closed. 
372045     INFO  main            d.u.i.k.p.i.AbstractProblemLoader Loading environment from /home/runner/work/key/key/key.core/../key.ui/examples/standard_key/java_dl/quantifiedQuery.key.proof 
372045     DEBUG main            d.u.i.k.p.i.AbstractProblemLoader Environment load took 76.4ns 
372046     INFO  main            d.u.i.k.p.i.AbstractProblemLoader Creating init config 
374253     DEBUG main            d.u.i.k.p.i.AbstractProblemLoader Init config took 2.21s 
374267     INFO  main            d.u.i.k.p.i.AbstractProblemLoader Replaying proof quantifiedQuery.key.proof 
374275     DEBUG main            d.u.i.k.p.i.IntermediateProofReplayer Proof replay took 6.3ms 
374276     DEBUG main            d.u.i.k.p.r.p.TestFile    ... success: reloaded. 
374276     INFO  main            d.u.i.k.p.r.p.TestFile    Now processing file /home/runner/work/key/key/key.core/../key.ui/examples/standard_key/java_dl/recursion/triangular.key 
374276     INFO  main            d.u.i.k.p.i.AbstractProblemLoader Loading environment from /home/runner/work/key/key/key.core/../key.ui/examples/standard_key/java_dl/recursion/triangular.key 
374276     DEBUG main            d.u.i.k.p.i.AbstractProblemLoader Environment load took 38.7ns 
374277     INFO  main            d.u.i.k.p.i.AbstractProblemLoader Creating init config 
376512     DEBUG main            d.u.i.k.p.i.AbstractProblemLoader Init config took 2.23s 
376546     INFO  main            d.u.i.k.p.i.AbstractProblemLoader Replaying proof Triangular[Triangular::tria(int)].JML normal_behavior operation contract.0 
376547     DEBUG main            d.u.i.k.p.i.IntermediateProofReplayer Proof replay took 6.1ns 
376749     INFO  main            d.u.i.k.p.r.p.TestFile    ... finished proof: closed. 
377185     INFO  main            d.u.i.k.p.i.AbstractProblemLoader Loading environment from /home/runner/work/key/key/key.core/../key.ui/examples/standard_key/java_dl/recursion/triangular.key.proof 
377186     DEBUG main            d.u.i.k.p.i.AbstractProblemLoader Environment load took 73.4ns 
377186     INFO  main            d.u.i.k.p.i.AbstractProblemLoader Creating init config 
379389     DEBUG main            d.u.i.k.p.i.AbstractProblemLoader Init config took 2.2s 
379420     INFO  main            d.u.i.k.p.i.AbstractProblemLoader Replaying proof Triangular[Triangular::tria(int)].JML normal_behavior operation contract.0 
379443     DEBUG main            d.u.i.k.p.i.IntermediateProofReplayer Proof replay took 20.86ms 
379443     DEBUG main            d.u.i.k.p.r.p.TestFile    ... success: reloaded. 
379444     INFO  main            d.u.i.k.p.r.p.TestFile    Now processing file /home/runner/work/key/key/key.core/../key.ui/examples/standard_key/java_dl/reverseArray.key 
379444     INFO  main            d.u.i.k.p.i.AbstractProblemLoader Loading environment from /home/runner/work/key/key/key.core/../key.ui/examples/standard_key/java_dl/reverseArray.key 
379444     DEBUG main            d.u.i.k.p.i.AbstractProblemLoader Environment load took 61.5ns 
379446     INFO  main            d.u.i.k.p.i.AbstractProblemLoader Creating init config 
379463     WARN  main            d.u.i.k.j.r.KeYCrossReferenceNameInfo Datatype java.io.PrintStream declared twice: Once in FILE:/home/runner/work/key/key/key.core/../key.ui/examples/standard_key/java_dl/./classpath/PrintStream.java and once in URL:file:/home/runner/work/key/key/key.core/build/resources/main/de/uka/ilkd/key/java/JavaRedux/java/io/PrintStream.java, Keeping one from URL:file:/home/runner/work/key/key/key.core/build/resources/main/de/uka/ilkd/key/java/JavaRedux/java/io/PrintStream.java 
379463     WARN  main            d.u.i.k.j.r.KeYCrossReferenceNameInfo Datatype java.lang.System declared twice: Once in FILE:/home/runner/work/key/key/key.core/../key.ui/examples/standard_key/java_dl/./classpath/System.java and once in URL:file:/home/runner/work/key/key/key.core/build/resources/main/de/uka/ilkd/key/java/JavaRedux/java/lang/System.java, Keeping one from URL:file:/home/runner/work/key/key/key.core/build/resources/main/de/uka/ilkd/key/java/JavaRedux/java/lang/System.java 
379463     WARN  main            d.u.i.k.j.r.KeYCrossReferenceNameInfo Datatype java.io.InputStream declared twice: Once in FILE:/home/runner/work/key/key/key.core/../key.ui/examples/standard_key/java_dl/./classpath/InputStream.java and once in URL:file:/home/runner/work/key/key/key.core/build/resources/main/de/uka/ilkd/key/java/JavaRedux/java/io/InputStream.java, Keeping one from URL:file:/home/runner/work/key/key/key.core/build/resources/main/de/uka/ilkd/key/java/JavaRedux/java/io/InputStream.java 
379466     DEBUG main            d.u.i.k.j.r.ClassFileDeclarationBuilder Parsing: package java.io; public class Closeable { } 
379466     DEBUG main            r.s.KeYCrossReferenceSourceInfo Dynamically created class: java.io.Closeable 
381780     DEBUG main            d.u.i.k.p.i.AbstractProblemLoader Init config took 2.33s 
381794     INFO  main            d.u.i.k.p.i.AbstractProblemLoader Replaying proof reverseArray.key 
381795     DEBUG main            d.u.i.k.p.i.IntermediateProofReplayer Proof replay took 6.4ns 
385933     INFO  main            d.u.i.k.p.r.p.TestFile    ... finished proof: closed. 
386380     INFO  main            d.u.i.k.p.i.AbstractProblemLoader Loading environment from /home/runner/work/key/key/key.core/../key.ui/examples/standard_key/java_dl/reverseArray.key.proof 
386382     DEBUG main            d.u.i.k.p.i.AbstractProblemLoader Environment load took 88.1ns 
386384     INFO  main            d.u.i.k.p.i.AbstractProblemLoader Creating init config 
386402     WARN  main            d.u.i.k.j.r.KeYCrossReferenceNameInfo Datatype java.io.PrintStream declared twice: Once in FILE:/home/runner/work/key/key/key.core/../key.ui/examples/standard_key/java_dl/classpath/PrintStream.java and once in URL:file:/home/runner/work/key/key/key.core/build/resources/main/de/uka/ilkd/key/java/JavaRedux/java/io/PrintStream.java, Keeping one from URL:file:/home/runner/work/key/key/key.core/build/resources/main/de/uka/ilkd/key/java/JavaRedux/java/io/PrintStream.java 
386402     WARN  main            d.u.i.k.j.r.KeYCrossReferenceNameInfo Datatype java.lang.System declared twice: Once in FILE:/home/runner/work/key/key/key.core/../key.ui/examples/standard_key/java_dl/classpath/System.java and once in URL:file:/home/runner/work/key/key/key.core/build/resources/main/de/uka/ilkd/key/java/JavaRedux/java/lang/System.java, Keeping one from URL:file:/home/runner/work/key/key/key.core/build/resources/main/de/uka/ilkd/key/java/JavaRedux/java/lang/System.java 
386402     WARN  main            d.u.i.k.j.r.KeYCrossReferenceNameInfo Datatype java.io.InputStream declared twice: Once in FILE:/home/runner/work/key/key/key.core/../key.ui/examples/standard_key/java_dl/classpath/InputStream.java and once in URL:file:/home/runner/work/key/key/key.core/build/resources/main/de/uka/ilkd/key/java/JavaRedux/java/io/InputStream.java, Keeping one from URL:file:/home/runner/work/key/key/key.core/build/resources/main/de/uka/ilkd/key/java/JavaRedux/java/io/InputStream.java 
386405     DEBUG main            d.u.i.k.j.r.ClassFileDeclarationBuilder Parsing: package java.io; public class Closeable { } 
386405     DEBUG main            r.s.KeYCrossReferenceSourceInfo Dynamically created class: java.io.Closeable 
388733     DEBUG main            d.u.i.k.p.i.AbstractProblemLoader Init config took 2.35s 
388747     INFO  main            d.u.i.k.p.i.AbstractProblemLoader Replaying proof reverseArray.key.proof 
389175     DEBUG main            d.u.i.k.p.i.IntermediateProofReplayer Proof replay took 414.46ms 
389176     DEBUG main            d.u.i.k.p.r.p.TestFile    ... success: reloaded. 
389177     INFO  main            d.u.i.k.p.r.p.TestFile    Now processing file /home/runner/work/key/key/key.core/../key.ui/examples/standard_key/java_dl/reverseArray2.key 
389177     INFO  main            d.u.i.k.p.i.AbstractProblemLoader Loading environment from /home/runner/work/key/key/key.core/../key.ui/examples/standard_key/java_dl/reverseArray2.key 
389177     DEBUG main            d.u.i.k.p.i.AbstractProblemLoader Environment load took 66ns 
389179     INFO  main            d.u.i.k.p.i.AbstractProblemLoader Creating init config 
389197     WARN  main            d.u.i.k.j.r.KeYCrossReferenceNameInfo Datatype java.io.PrintStream declared twice: Once in FILE:/home/runner/work/key/key/key.core/../key.ui/examples/standard_key/java_dl/classpath/PrintStream.java and once in URL:file:/home/runner/work/key/key/key.core/build/resources/main/de/uka/ilkd/key/java/JavaRedux/java/io/PrintStream.java, Keeping one from URL:file:/home/runner/work/key/key/key.core/build/resources/main/de/uka/ilkd/key/java/JavaRedux/java/io/PrintStream.java 
389197     WARN  main            d.u.i.k.j.r.KeYCrossReferenceNameInfo Datatype java.lang.System declared twice: Once in FILE:/home/runner/work/key/key/key.core/../key.ui/examples/standard_key/java_dl/classpath/System.java and once in URL:file:/home/runner/work/key/key/key.core/build/resources/main/de/uka/ilkd/key/java/JavaRedux/java/lang/System.java, Keeping one from URL:file:/home/runner/work/key/key/key.core/build/resources/main/de/uka/ilkd/key/java/JavaRedux/java/lang/System.java 
389197     WARN  main            d.u.i.k.j.r.KeYCrossReferenceNameInfo Datatype java.io.InputStream declared twice: Once in FILE:/home/runner/work/key/key/key.core/../key.ui/examples/standard_key/java_dl/classpath/InputStream.java and once in URL:file:/home/runner/work/key/key/key.core/build/resources/main/de/uka/ilkd/key/java/JavaRedux/java/io/InputStream.java, Keeping one from URL:file:/home/runner/work/key/key/key.core/build/resources/main/de/uka/ilkd/key/java/JavaRedux/java/io/InputStream.java 
389200     DEBUG main            d.u.i.k.j.r.ClassFileDeclarationBuilder Parsing: package java.io; public class Closeable { } 
389200     DEBUG main            r.s.KeYCrossReferenceSourceInfo Dynamically created class: java.io.Closeable 
391530     DEBUG main            d.u.i.k.p.i.AbstractProblemLoader Init config took 2.35s 
391544     INFO  main            d.u.i.k.p.i.AbstractProblemLoader Replaying proof reverseArray2.key 
391545     DEBUG main            d.u.i.k.p.i.IntermediateProofReplayer Proof replay took 34.2ns 
392766     INFO  main            d.u.i.k.p.r.p.TestFile    ... finished proof: closed. 
393277     INFO  main            d.u.i.k.p.i.AbstractProblemLoader Loading environment from /home/runner/work/key/key/key.core/../key.ui/examples/standard_key/java_dl/reverseArray2.key.proof 
393278     DEBUG main            d.u.i.k.p.i.AbstractProblemLoader Environment load took 316.9ns 
393279     INFO  main            d.u.i.k.p.i.AbstractProblemLoader Creating init config 
393297     WARN  main            d.u.i.k.j.r.KeYCrossReferenceNameInfo Datatype java.io.PrintStream declared twice: Once in FILE:/home/runner/work/key/key/key.core/../key.ui/examples/standard_key/java_dl/classpath/PrintStream.java and once in URL:file:/home/runner/work/key/key/key.core/build/resources/main/de/uka/ilkd/key/java/JavaRedux/java/io/PrintStream.java, Keeping one from URL:file:/home/runner/work/key/key/key.core/build/resources/main/de/uka/ilkd/key/java/JavaRedux/java/io/PrintStream.java 
393297     WARN  main            d.u.i.k.j.r.KeYCrossReferenceNameInfo Datatype java.lang.System declared twice: Once in FILE:/home/runner/work/key/key/key.core/../key.ui/examples/standard_key/java_dl/classpath/System.java and once in URL:file:/home/runner/work/key/key/key.core/build/resources/main/de/uka/ilkd/key/java/JavaRedux/java/lang/System.java, Keeping one from URL:file:/home/runner/work/key/key/key.core/build/resources/main/de/uka/ilkd/key/java/JavaRedux/java/lang/System.java 
393297     WARN  main            d.u.i.k.j.r.KeYCrossReferenceNameInfo Datatype java.io.InputStream declared twice: Once in FILE:/home/runner/work/key/key/key.core/../key.ui/examples/standard_key/java_dl/classpath/InputStream.java and once in URL:file:/home/runner/work/key/key/key.core/build/resources/main/de/uka/ilkd/key/java/JavaRedux/java/io/InputStream.java, Keeping one from URL:file:/home/runner/work/key/key/key.core/build/resources/main/de/uka/ilkd/key/java/JavaRedux/java/io/InputStream.java 
393300     DEBUG main            d.u.i.k.j.r.ClassFileDeclarationBuilder Parsing: package java.io; public class Closeable { } 
393300     DEBUG main            r.s.KeYCrossReferenceSourceInfo Dynamically created class: java.io.Closeable 
395545     DEBUG main            d.u.i.k.p.i.AbstractProblemLoader Init config took 2.27s 
395559     INFO  main            d.u.i.k.p.i.AbstractProblemLoader Replaying proof reverseArray2.key.proof 
395703     DEBUG main            d.u.i.k.p.i.IntermediateProofReplayer Proof replay took 139.34ms 
395704     DEBUG main            d.u.i.k.p.r.p.TestFile    ... success: reloaded. 
395705     INFO  main            d.u.i.k.p.r.p.TestFile    Now processing file /home/runner/work/key/key/key.core/../key.ui/examples/standard_key/java_dl/simpleAssignment.key 
395705     INFO  main            d.u.i.k.p.i.AbstractProblemLoader Loading environment from /home/runner/work/key/key/key.core/../key.ui/examples/standard_key/java_dl/simpleAssignment.key 
395705     DEBUG main            d.u.i.k.p.i.AbstractProblemLoader Environment load took 44.9ns 
395706     INFO  main            d.u.i.k.p.i.AbstractProblemLoader Creating init config 
397887     DEBUG main            d.u.i.k.p.i.AbstractProblemLoader Init config took 2.18s 
397917     INFO  main            d.u.i.k.p.i.AbstractProblemLoader Replaying proof simpleAssignment.key 
397918     DEBUG main            d.u.i.k.p.i.IntermediateProofReplayer Proof replay took 2.1ns 
398020     INFO  main            d.u.i.k.p.r.p.TestFile    ... finished proof: closed. 
398473     INFO  main            d.u.i.k.p.i.AbstractProblemLoader Loading environment from /home/runner/work/key/key/key.core/../key.ui/examples/standard_key/java_dl/simpleAssignment.key.proof 
398473     DEBUG main            d.u.i.k.p.i.AbstractProblemLoader Environment load took 65.8ns 
398474     INFO  main            d.u.i.k.p.i.AbstractProblemLoader Creating init config 
400634     DEBUG main            d.u.i.k.p.i.AbstractProblemLoader Init config took 2.16s 
400647     INFO  main            d.u.i.k.p.i.AbstractProblemLoader Replaying proof simpleAssignment.key.proof 
400653     DEBUG main            d.u.i.k.p.i.IntermediateProofReplayer Proof replay took 535.7ns 
400653     DEBUG main            d.u.i.k.p.r.p.TestFile    ... success: reloaded. 
400654     INFO  main            d.u.i.k.p.r.p.TestFile    Now processing file /home/runner/work/key/key/key.core/../key.ui/examples/standard_key/java_dl/simpleAssignment2.key 
400654     INFO  main            d.u.i.k.p.i.AbstractProblemLoader Loading environment from /home/runner/work/key/key/key.core/../key.ui/examples/standard_key/java_dl/simpleAssignment2.key 
400654     DEBUG main            d.u.i.k.p.i.AbstractProblemLoader Environment load took 41.1ns 
400654     INFO  main            d.u.i.k.p.i.AbstractProblemLoader Creating init config 
402838     DEBUG main            d.u.i.k.p.i.AbstractProblemLoader Init config took 2.18s 
402851     INFO  main            d.u.i.k.p.i.AbstractProblemLoader Replaying proof simpleAssignment2.key 
402852     DEBUG main            d.u.i.k.p.i.IntermediateProofReplayer Proof replay took 2.5ns 
402954     INFO  main            d.u.i.k.p.r.p.TestFile    ... finished proof: closed. 
403390     INFO  main            d.u.i.k.p.i.AbstractProblemLoader Loading environment from /home/runner/work/key/key/key.core/../key.ui/examples/standard_key/java_dl/simpleAssignment2.key.proof 
403390     DEBUG main            d.u.i.k.p.i.AbstractProblemLoader Environment load took 71ns 
403391     INFO  main            d.u.i.k.p.i.AbstractProblemLoader Creating init config 
405572     DEBUG main            d.u.i.k.p.i.AbstractProblemLoader Init config took 2.18s 
405584     INFO  main            d.u.i.k.p.i.AbstractProblemLoader Replaying proof simpleAssignment2.key.proof 
405586     DEBUG main            d.u.i.k.p.i.IntermediateProofReplayer Proof replay took 320.8ns 
405586     DEBUG main            d.u.i.k.p.r.p.TestFile    ... success: reloaded. 
405587     INFO  main            d.u.i.k.p.r.p.TestFile    Now processing file /home/runner/work/key/key/key.core/../key.ui/examples/standard_key/java_dl/splittingWithQueries.key 
405587     INFO  main            d.u.i.k.p.i.AbstractProblemLoader Loading environment from /home/runner/work/key/key/key.core/../key.ui/examples/standard_key/java_dl/splittingWithQueries.key 
405587     DEBUG main            d.u.i.k.p.i.AbstractProblemLoader Environment load took 38.8ns 
405588     INFO  main            d.u.i.k.p.i.AbstractProblemLoader Creating init config 
407811     DEBUG main            d.u.i.k.p.i.AbstractProblemLoader Init config took 2.22s 
407823     INFO  main            d.u.i.k.p.i.AbstractProblemLoader Replaying proof splittingWithQueries.key 
407824     DEBUG main            d.u.i.k.p.i.IntermediateProofReplayer Proof replay took 2.8ns 
407926     INFO  main            d.u.i.k.p.r.p.TestFile    ... finished proof: closed. 
408337     INFO  main            d.u.i.k.p.i.AbstractProblemLoader Loading environment from /home/runner/work/key/key/key.core/../key.ui/examples/standard_key/java_dl/splittingWithQueries.key.proof 
408337     DEBUG main            d.u.i.k.p.i.AbstractProblemLoader Environment load took 71.7ns 
408338     INFO  main            d.u.i.k.p.i.AbstractProblemLoader Creating init config 
410551     DEBUG main            d.u.i.k.p.i.AbstractProblemLoader Init config took 2.21s 
410569     INFO  main            d.u.i.k.p.i.AbstractProblemLoader Replaying proof splittingWithQueries.key.proof 
410572     DEBUG main            d.u.i.k.p.i.IntermediateProofReplayer Proof replay took 1.21ms 
410573     DEBUG main            d.u.i.k.p.r.p.TestFile    ... success: reloaded. 
410573     INFO  main            d.u.i.k.p.r.p.TestFile    Now processing file /home/runner/work/key/key/key.core/../key.ui/examples/standard_key/java_dl/strassen/strassen.key 
410574     INFO  main            d.u.i.k.p.i.AbstractProblemLoader Loading environment from /home/runner/work/key/key/key.core/../key.ui/examples/standard_key/java_dl/strassen/strassen.key 
410574     DEBUG main            d.u.i.k.p.i.AbstractProblemLoader Environment load took 138.1ns 
410574     INFO  main            d.u.i.k.p.i.AbstractProblemLoader Creating init config 
412892     DEBUG main            d.u.i.k.p.i.AbstractProblemLoader Init config took 2.32s 
412925     INFO  main            d.u.i.k.p.i.AbstractProblemLoader Replaying proof Matrix22[Matrix22::strassen(Matrix22,Matrix22)].JML normal_behavior operation contract.0 
412927     DEBUG main            d.u.i.k.p.i.IntermediateProofReplayer Proof replay took 2.8ns 
417303     INFO  main            d.u.i.k.p.r.p.TestFile    ... finished proof: closed. 
417857     INFO  main            d.u.i.k.p.i.AbstractProblemLoader Loading environment from /home/runner/work/key/key/key.core/../key.ui/examples/standard_key/java_dl/strassen/strassen.key.proof 
417857     DEBUG main            d.u.i.k.p.i.AbstractProblemLoader Environment load took 283.2ns 
417859     INFO  main            d.u.i.k.p.i.AbstractProblemLoader Creating init config 
420136     DEBUG main            d.u.i.k.p.i.AbstractProblemLoader Init config took 2.28s 
420170     INFO  main            d.u.i.k.p.i.AbstractProblemLoader Replaying proof Matrix22[Matrix22::strassen(Matrix22,Matrix22)].JML normal_behavior operation contract.0 
420536     DEBUG main            d.u.i.k.p.i.IntermediateProofReplayer Proof replay took 356.46ms 
420537     DEBUG main            d.u.i.k.p.r.p.TestFile    ... success: reloaded. 
420538     INFO  main            d.u.i.k.p.r.p.TestFile    Now processing file /home/runner/work/key/key/key.core/../key.ui/examples/standard_key/java_dl/symmArray.key 
420538     INFO  main            d.u.i.k.p.i.AbstractProblemLoader Loading environment from /home/runner/work/key/key/key.core/../key.ui/examples/standard_key/java_dl/symmArray.key 
420538     DEBUG main            d.u.i.k.p.i.AbstractProblemLoader Environment load took 132.3ns 
420541     INFO  main            d.u.i.k.p.i.AbstractProblemLoader Creating init config 
422870     DEBUG main            d.u.i.k.p.i.AbstractProblemLoader Init config took 2.33s 
422885     INFO  main            d.u.i.k.p.i.AbstractProblemLoader Replaying proof symmArray.key 
422886     DEBUG main            d.u.i.k.p.i.IntermediateProofReplayer Proof replay took 2.7ns 
497157     INFO  main            d.u.i.k.p.r.p.TestFile    ... finished proof: closed. 
497717     INFO  main            d.u.i.k.p.i.AbstractProblemLoader Loading environment from /home/runner/work/key/key/key.core/../key.ui/examples/standard_key/java_dl/symmArray.key.proof 
497718     DEBUG main            d.u.i.k.p.i.AbstractProblemLoader Environment load took 134.5ns 
497722     INFO  main            d.u.i.k.p.i.AbstractProblemLoader Creating init config 
499979     DEBUG main            d.u.i.k.p.i.AbstractProblemLoader Init config took 2.26s 
499994     INFO  main            d.u.i.k.p.i.AbstractProblemLoader Replaying proof symmArray.key.proof 
500740     DEBUG main            d.u.i.k.p.i.IntermediateProofReplayer Proof replay took 694.23ms 
500744     DEBUG main            d.u.i.k.p.r.p.TestFile    ... success: reloaded. 
500745     INFO  main            d.u.i.k.p.r.p.TestFile    Now processing file /home/runner/work/key/key/key.core/../key.ui/examples/standard_key/java_dl/testcontext.key 
500745     INFO  main            d.u.i.k.p.i.AbstractProblemLoader Loading environment from /home/runner/work/key/key/key.core/../key.ui/examples/standard_key/java_dl/testcontext.key 
500745     DEBUG main            d.u.i.k.p.i.AbstractProblemLoader Environment load took 63.7ns 
500746     INFO  main            d.u.i.k.p.i.AbstractProblemLoader Creating init config 
500763     WARN  main            d.u.i.k.j.r.KeYCrossReferenceNameInfo Datatype java.io.PrintStream declared twice: Once in FILE:/home/runner/work/key/key/key.core/../key.ui/examples/standard_key/java_dl/classpath/PrintStream.java and once in URL:file:/home/runner/work/key/key/key.core/build/resources/main/de/uka/ilkd/key/java/JavaRedux/java/io/PrintStream.java, Keeping one from URL:file:/home/runner/work/key/key/key.core/build/resources/main/de/uka/ilkd/key/java/JavaRedux/java/io/PrintStream.java 
500763     WARN  main            d.u.i.k.j.r.KeYCrossReferenceNameInfo Datatype java.lang.System declared twice: Once in FILE:/home/runner/work/key/key/key.core/../key.ui/examples/standard_key/java_dl/classpath/System.java and once in URL:file:/home/runner/work/key/key/key.core/build/resources/main/de/uka/ilkd/key/java/JavaRedux/java/lang/System.java, Keeping one from URL:file:/home/runner/work/key/key/key.core/build/resources/main/de/uka/ilkd/key/java/JavaRedux/java/lang/System.java 
500763     WARN  main            d.u.i.k.j.r.KeYCrossReferenceNameInfo Datatype java.io.InputStream declared twice: Once in FILE:/home/runner/work/key/key/key.core/../key.ui/examples/standard_key/java_dl/classpath/InputStream.java and once in URL:file:/home/runner/work/key/key/key.core/build/resources/main/de/uka/ilkd/key/java/JavaRedux/java/io/InputStream.java, Keeping one from URL:file:/home/runner/work/key/key/key.core/build/resources/main/de/uka/ilkd/key/java/JavaRedux/java/io/InputStream.java 
500766     DEBUG main            d.u.i.k.j.r.ClassFileDeclarationBuilder Parsing: package java.io; public class Closeable { } 
500766     DEBUG main            r.s.KeYCrossReferenceSourceInfo Dynamically created class: java.io.Closeable 
503015     DEBUG main            d.u.i.k.p.i.AbstractProblemLoader Init config took 2.27s 
503028     INFO  main            d.u.i.k.p.i.AbstractProblemLoader Replaying proof testcontext.key 
503029     DEBUG main            d.u.i.k.p.i.IntermediateProofReplayer Proof replay took 2.9ns 
503333     INFO  main            d.u.i.k.p.r.p.TestFile    ... finished proof: closed. 
503894     INFO  main            d.u.i.k.p.i.AbstractProblemLoader Loading environment from /home/runner/work/key/key/key.core/../key.ui/examples/standard_key/java_dl/testcontext.key.proof 
503894     DEBUG main            d.u.i.k.p.i.AbstractProblemLoader Environment load took 68.5ns 
503895     INFO  main            d.u.i.k.p.i.AbstractProblemLoader Creating init config 
503913     WARN  main            d.u.i.k.j.r.KeYCrossReferenceNameInfo Datatype java.io.PrintStream declared twice: Once in FILE:/home/runner/work/key/key/key.core/../key.ui/examples/standard_key/java_dl/classpath/PrintStream.java and once in URL:file:/home/runner/work/key/key/key.core/build/resources/main/de/uka/ilkd/key/java/JavaRedux/java/io/PrintStream.java, Keeping one from URL:file:/home/runner/work/key/key/key.core/build/resources/main/de/uka/ilkd/key/java/JavaRedux/java/io/PrintStream.java 
503914     WARN  main            d.u.i.k.j.r.KeYCrossReferenceNameInfo Datatype java.lang.System declared twice: Once in FILE:/home/runner/work/key/key/key.core/../key.ui/examples/standard_key/java_dl/classpath/System.java and once in URL:file:/home/runner/work/key/key/key.core/build/resources/main/de/uka/ilkd/key/java/JavaRedux/java/lang/System.java, Keeping one from URL:file:/home/runner/work/key/key/key.core/build/resources/main/de/uka/ilkd/key/java/JavaRedux/java/lang/System.java 
503914     WARN  main            d.u.i.k.j.r.KeYCrossReferenceNameInfo Datatype java.io.InputStream declared twice: Once in FILE:/home/runner/work/key/key/key.core/../key.ui/examples/standard_key/java_dl/classpath/InputStream.java and once in URL:file:/home/runner/work/key/key/key.core/build/resources/main/de/uka/ilkd/key/java/JavaRedux/java/io/InputStream.java, Keeping one from URL:file:/home/runner/work/key/key/key.core/build/resources/main/de/uka/ilkd/key/java/JavaRedux/java/io/InputStream.java 
503917     DEBUG main            d.u.i.k.j.r.ClassFileDeclarationBuilder Parsing: package java.io; public class Closeable { } 
503917     DEBUG main            r.s.KeYCrossReferenceSourceInfo Dynamically created class: java.io.Closeable 
506085     DEBUG main            d.u.i.k.p.i.AbstractProblemLoader Init config took 2.19s 
506098     INFO  main            d.u.i.k.p.i.AbstractProblemLoader Replaying proof testcontext.key.proof 
506136     DEBUG main            d.u.i.k.p.i.IntermediateProofReplayer Proof replay took 35.25ms 
506137     DEBUG main            d.u.i.k.p.r.p.TestFile    ... success: reloaded. 
506137     INFO  main            d.u.i.k.p.r.p.TestFile    Now processing file /home/runner/work/key/key/key.core/../key.ui/examples/standard_key/staticInitialisation/cascadeStaticInitialisation.key 
506138     INFO  main            d.u.i.k.p.i.AbstractProblemLoader Loading environment from /home/runner/work/key/key/key.core/../key.ui/examples/standard_key/staticInitialisation/cascadeStaticInitialisation.key 
506138     DEBUG main            d.u.i.k.p.i.AbstractProblemLoader Environment load took 43.7ns 
506140     INFO  main            d.u.i.k.p.i.AbstractProblemLoader Creating init config 
506157     WARN  main            d.u.i.k.j.r.KeYCrossReferenceNameInfo Datatype java.io.PrintStream declared twice: Once in FILE:/home/runner/work/key/key/key.core/../key.ui/examples/standard_key/staticInitialisation/classpath/PrintStream.java and once in URL:file:/home/runner/work/key/key/key.core/build/resources/main/de/uka/ilkd/key/java/JavaRedux/java/io/PrintStream.java, Keeping one from URL:file:/home/runner/work/key/key/key.core/build/resources/main/de/uka/ilkd/key/java/JavaRedux/java/io/PrintStream.java 
506157     WARN  main            d.u.i.k.j.r.KeYCrossReferenceNameInfo Datatype java.lang.System declared twice: Once in FILE:/home/runner/work/key/key/key.core/../key.ui/examples/standard_key/staticInitialisation/classpath/System.java and once in URL:file:/home/runner/work/key/key/key.core/build/resources/main/de/uka/ilkd/key/java/JavaRedux/java/lang/System.java, Keeping one from URL:file:/home/runner/work/key/key/key.core/build/resources/main/de/uka/ilkd/key/java/JavaRedux/java/lang/System.java 
508395     DEBUG main            d.u.i.k.p.i.AbstractProblemLoader Init config took 2.26s 
508420     INFO  main            d.u.i.k.p.i.AbstractProblemLoader Replaying proof cascadeStaticInitialisation.key 
508421     DEBUG main            d.u.i.k.p.i.IntermediateProofReplayer Proof replay took 2.5ns 
509026     INFO  main            d.u.i.k.p.r.p.TestFile    ... finished proof: closed. 
509501     INFO  main            d.u.i.k.p.i.AbstractProblemLoader Loading environment from /home/runner/work/key/key/key.core/../key.ui/examples/standard_key/staticInitialisation/cascadeStaticInitialisation.key.proof 
509501     DEBUG main            d.u.i.k.p.i.AbstractProblemLoader Environment load took 72.2ns 
509502     INFO  main            d.u.i.k.p.i.AbstractProblemLoader Creating init config 
509520     WARN  main            d.u.i.k.j.r.KeYCrossReferenceNameInfo Datatype java.io.PrintStream declared twice: Once in FILE:/home/runner/work/key/key/key.core/../key.ui/examples/standard_key/staticInitialisation/classpath/PrintStream.java and once in URL:file:/home/runner/work/key/key/key.core/build/resources/main/de/uka/ilkd/key/java/JavaRedux/java/io/PrintStream.java, Keeping one from URL:file:/home/runner/work/key/key/key.core/build/resources/main/de/uka/ilkd/key/java/JavaRedux/java/io/PrintStream.java 
509520     WARN  main            d.u.i.k.j.r.KeYCrossReferenceNameInfo Datatype java.lang.System declared twice: Once in FILE:/home/runner/work/key/key/key.core/../key.ui/examples/standard_key/staticInitialisation/classpath/System.java and once in URL:file:/home/runner/work/key/key/key.core/build/resources/main/de/uka/ilkd/key/java/JavaRedux/java/lang/System.java, Keeping one from URL:file:/home/runner/work/key/key/key.core/build/resources/main/de/uka/ilkd/key/java/JavaRedux/java/lang/System.java 
511781     DEBUG main            d.u.i.k.p.i.AbstractProblemLoader Init config took 2.28s 
511794     INFO  main            d.u.i.k.p.i.AbstractProblemLoader Replaying proof cascadeStaticInitialisation.key.proof 
511898     DEBUG main            d.u.i.k.p.i.IntermediateProofReplayer Proof replay took 100.66ms 
511899     DEBUG main            d.u.i.k.p.r.p.TestFile    ... success: reloaded. 
511899     INFO  main            d.u.i.k.p.r.p.TestFile    Now processing file /home/runner/work/key/key/key.core/../key.ui/examples/standard_key/staticInitialisation/erroneousClassImpliesErroneousSubclass.key 
511900     INFO  main            d.u.i.k.p.i.AbstractProblemLoader Loading environment from /home/runner/work/key/key/key.core/../key.ui/examples/standard_key/staticInitialisation/erroneousClassImpliesErroneousSubclass.key 
511900     DEBUG main            d.u.i.k.p.i.AbstractProblemLoader Environment load took 66.1ns 
511901     INFO  main            d.u.i.k.p.i.AbstractProblemLoader Creating init config 
511918     WARN  main            d.u.i.k.j.r.KeYCrossReferenceNameInfo Datatype java.io.PrintStream declared twice: Once in FILE:/home/runner/work/key/key/key.core/../key.ui/examples/standard_key/staticInitialisation/classpath/PrintStream.java and once in URL:file:/home/runner/work/key/key/key.core/build/resources/main/de/uka/ilkd/key/java/JavaRedux/java/io/PrintStream.java, Keeping one from URL:file:/home/runner/work/key/key/key.core/build/resources/main/de/uka/ilkd/key/java/JavaRedux/java/io/PrintStream.java 
511918     WARN  main            d.u.i.k.j.r.KeYCrossReferenceNameInfo Datatype java.lang.System declared twice: Once in FILE:/home/runner/work/key/key/key.core/../key.ui/examples/standard_key/staticInitialisation/classpath/System.java and once in URL:file:/home/runner/work/key/key/key.core/build/resources/main/de/uka/ilkd/key/java/JavaRedux/java/lang/System.java, Keeping one from URL:file:/home/runner/work/key/key/key.core/build/resources/main/de/uka/ilkd/key/java/JavaRedux/java/lang/System.java 
514148     DEBUG main            d.u.i.k.p.i.AbstractProblemLoader Init config took 2.25s 
514160     INFO  main            d.u.i.k.p.i.AbstractProblemLoader Replaying proof erroneousClassImpliesErroneousSubclass.key 
514161     DEBUG main            d.u.i.k.p.i.IntermediateProofReplayer Proof replay took 2.8ns 
514263     INFO  main            d.u.i.k.p.r.p.TestFile    ... finished proof: closed. 
514752     INFO  main            d.u.i.k.p.i.AbstractProblemLoader Loading environment from /home/runner/work/key/key/key.core/../key.ui/examples/standard_key/staticInitialisation/erroneousClassImpliesErroneousSubclass.key.proof 
514752     DEBUG main            d.u.i.k.p.i.AbstractProblemLoader Environment load took 73.3ns 
514753     INFO  main            d.u.i.k.p.i.AbstractProblemLoader Creating init config 
514773     WARN  main            d.u.i.k.j.r.KeYCrossReferenceNameInfo Datatype java.io.PrintStream declared twice: Once in FILE:/home/runner/work/key/key/key.core/../key.ui/examples/standard_key/staticInitialisation/classpath/PrintStream.java and once in URL:file:/home/runner/work/key/key/key.core/build/resources/main/de/uka/ilkd/key/java/JavaRedux/java/io/PrintStream.java, Keeping one from URL:file:/home/runner/work/key/key/key.core/build/resources/main/de/uka/ilkd/key/java/JavaRedux/java/io/PrintStream.java 
514773     WARN  main            d.u.i.k.j.r.KeYCrossReferenceNameInfo Datatype java.lang.System declared twice: Once in FILE:/home/runner/work/key/key/key.core/../key.ui/examples/standard_key/staticInitialisation/classpath/System.java and once in URL:file:/home/runner/work/key/key/key.core/build/resources/main/de/uka/ilkd/key/java/JavaRedux/java/lang/System.java, Keeping one from URL:file:/home/runner/work/key/key/key.core/build/resources/main/de/uka/ilkd/key/java/JavaRedux/java/lang/System.java 
516949     DEBUG main            d.u.i.k.p.i.AbstractProblemLoader Init config took 2.2s 
516961     INFO  main            d.u.i.k.p.i.AbstractProblemLoader Replaying proof erroneousClassImpliesErroneousSubclass.key.proof 
516962     DEBUG main            d.u.i.k.p.i.IntermediateProofReplayer Proof replay took 414.6ns 
516964     DEBUG main            d.u.i.k.p.r.p.TestFile    ... success: reloaded. 
516964     INFO  main            d.u.i.k.p.r.p.TestFile    Now processing file /home/runner/work/key/key/key.core/../key.ui/examples/standard_key/staticInitialisation/initializedSubclassImpliesInitializedSuperclass.key 
516965     INFO  main            d.u.i.k.p.i.AbstractProblemLoader Loading environment from /home/runner/work/key/key/key.core/../key.ui/examples/standard_key/staticInitialisation/initializedSubclassImpliesInitializedSuperclass.key 
516965     DEBUG main            d.u.i.k.p.i.AbstractProblemLoader Environment load took 75.1ns 
516966     INFO  main            d.u.i.k.p.i.AbstractProblemLoader Creating init config 
516982     WARN  main            d.u.i.k.j.r.KeYCrossReferenceNameInfo Datatype java.io.PrintStream declared twice: Once in FILE:/home/runner/work/key/key/key.core/../key.ui/examples/standard_key/staticInitialisation/classpath/PrintStream.java and once in URL:file:/home/runner/work/key/key/key.core/build/resources/main/de/uka/ilkd/key/java/JavaRedux/java/io/PrintStream.java, Keeping one from URL:file:/home/runner/work/key/key/key.core/build/resources/main/de/uka/ilkd/key/java/JavaRedux/java/io/PrintStream.java 
516982     WARN  main            d.u.i.k.j.r.KeYCrossReferenceNameInfo Datatype java.lang.System declared twice: Once in FILE:/home/runner/work/key/key/key.core/../key.ui/examples/standard_key/staticInitialisation/classpath/System.java and once in URL:file:/home/runner/work/key/key/key.core/build/resources/main/de/uka/ilkd/key/java/JavaRedux/java/lang/System.java, Keeping one from URL:file:/home/runner/work/key/key/key.core/build/resources/main/de/uka/ilkd/key/java/JavaRedux/java/lang/System.java 
519199     DEBUG main            d.u.i.k.p.i.AbstractProblemLoader Init config took 2.23s 
519211     INFO  main            d.u.i.k.p.i.AbstractProblemLoader Replaying proof initializedSubclassImpliesInitializedSuperclass.key 
519212     DEBUG main            d.u.i.k.p.i.IntermediateProofReplayer Proof replay took 2.8ns 
519313     INFO  main            d.u.i.k.p.r.p.TestFile    ... finished proof: closed. 
519776     INFO  main            d.u.i.k.p.i.AbstractProblemLoader Loading environment from /home/runner/work/key/key/key.core/../key.ui/examples/standard_key/staticInitialisation/initializedSubclassImpliesInitializedSuperclass.key.proof 
519776     DEBUG main            d.u.i.k.p.i.AbstractProblemLoader Environment load took 66.9ns 
519777     INFO  main            d.u.i.k.p.i.AbstractProblemLoader Creating init config 
519794     WARN  main            d.u.i.k.j.r.KeYCrossReferenceNameInfo Datatype java.io.PrintStream declared twice: Once in FILE:/home/runner/work/key/key/key.core/../key.ui/examples/standard_key/staticInitialisation/classpath/PrintStream.java and once in URL:file:/home/runner/work/key/key/key.core/build/resources/main/de/uka/ilkd/key/java/JavaRedux/java/io/PrintStream.java, Keeping one from URL:file:/home/runner/work/key/key/key.core/build/resources/main/de/uka/ilkd/key/java/JavaRedux/java/io/PrintStream.java 
519794     WARN  main            d.u.i.k.j.r.KeYCrossReferenceNameInfo Datatype java.lang.System declared twice: Once in FILE:/home/runner/work/key/key/key.core/../key.ui/examples/standard_key/staticInitialisation/classpath/System.java and once in URL:file:/home/runner/work/key/key/key.core/build/resources/main/de/uka/ilkd/key/java/JavaRedux/java/lang/System.java, Keeping one from URL:file:/home/runner/work/key/key/key.core/build/resources/main/de/uka/ilkd/key/java/JavaRedux/java/lang/System.java 
521984     DEBUG main            d.u.i.k.p.i.AbstractProblemLoader Init config took 2.21s 
521996     INFO  main            d.u.i.k.p.i.AbstractProblemLoader Replaying proof initializedSubclassImpliesInitializedSuperclass.key.proof 
521998     DEBUG main            d.u.i.k.p.i.IntermediateProofReplayer Proof replay took 313ns 
521999     DEBUG main            d.u.i.k.p.r.p.TestFile    ... success: reloaded. 
521999     INFO  main            d.u.i.k.p.r.p.TestFile    Now processing file /home/runner/work/key/key/key.core/../key.ui/examples/standard_key/staticInitialisation/localDeclared.key 
521999     INFO  main            d.u.i.k.p.i.AbstractProblemLoader Loading environment from /home/runner/work/key/key/key.core/../key.ui/examples/standard_key/staticInitialisation/localDeclared.key 
521999     DEBUG main            d.u.i.k.p.i.AbstractProblemLoader Environment load took 40.9ns 
522001     INFO  main            d.u.i.k.p.i.AbstractProblemLoader Creating init config 
522022     WARN  main            d.u.i.k.j.r.KeYCrossReferenceNameInfo Datatype java.io.PrintStream declared twice: Once in FILE:/home/runner/work/key/key/key.core/../key.ui/examples/standard_key/staticInitialisation/classpath/PrintStream.java and once in URL:file:/home/runner/work/key/key/key.core/build/resources/main/de/uka/ilkd/key/java/JavaRedux/java/io/PrintStream.java, Keeping one from URL:file:/home/runner/work/key/key/key.core/build/resources/main/de/uka/ilkd/key/java/JavaRedux/java/io/PrintStream.java 
522023     WARN  main            d.u.i.k.j.r.KeYCrossReferenceNameInfo Datatype java.lang.System declared twice: Once in FILE:/home/runner/work/key/key/key.core/../key.ui/examples/standard_key/staticInitialisation/classpath/System.java and once in URL:file:/home/runner/work/key/key/key.core/build/resources/main/de/uka/ilkd/key/java/JavaRedux/java/lang/System.java, Keeping one from URL:file:/home/runner/work/key/key/key.core/build/resources/main/de/uka/ilkd/key/java/JavaRedux/java/lang/System.java 
524306     DEBUG main            d.u.i.k.p.i.AbstractProblemLoader Init config took 2.3s 
524319     INFO  main            d.u.i.k.p.i.AbstractProblemLoader Replaying proof localDeclared.key 
524319     DEBUG main            d.u.i.k.p.i.IntermediateProofReplayer Proof replay took 2.4ns 
524622     INFO  main            d.u.i.k.p.r.p.TestFile    ... finished proof: closed. 
525092     INFO  main            d.u.i.k.p.i.AbstractProblemLoader Loading environment from /home/runner/work/key/key/key.core/../key.ui/examples/standard_key/staticInitialisation/localDeclared.key.proof 
525092     DEBUG main            d.u.i.k.p.i.AbstractProblemLoader Environment load took 70.5ns 
525093     INFO  main            d.u.i.k.p.i.AbstractProblemLoader Creating init config 
525109     WARN  main            d.u.i.k.j.r.KeYCrossReferenceNameInfo Datatype java.io.PrintStream declared twice: Once in FILE:/home/runner/work/key/key/key.core/../key.ui/examples/standard_key/staticInitialisation/classpath/PrintStream.java and once in URL:file:/home/runner/work/key/key/key.core/build/resources/main/de/uka/ilkd/key/java/JavaRedux/java/io/PrintStream.java, Keeping one from URL:file:/home/runner/work/key/key/key.core/build/resources/main/de/uka/ilkd/key/java/JavaRedux/java/io/PrintStream.java 
525110     WARN  main            d.u.i.k.j.r.KeYCrossReferenceNameInfo Datatype java.lang.System declared twice: Once in FILE:/home/runner/work/key/key/key.core/../key.ui/examples/standard_key/staticInitialisation/classpath/System.java and once in URL:file:/home/runner/work/key/key/key.core/build/resources/main/de/uka/ilkd/key/java/JavaRedux/java/lang/System.java, Keeping one from URL:file:/home/runner/work/key/key/key.core/build/resources/main/de/uka/ilkd/key/java/JavaRedux/java/lang/System.java 
527357     DEBUG main            d.u.i.k.p.i.AbstractProblemLoader Init config took 2.26s 
527370     INFO  main            d.u.i.k.p.i.AbstractProblemLoader Replaying proof localDeclared.key.proof 
527411     DEBUG main            d.u.i.k.p.i.IntermediateProofReplayer Proof replay took 38.79ms 
527412     DEBUG main            d.u.i.k.p.r.p.TestFile    ... success: reloaded. 
527413     INFO  main            d.u.i.k.p.r.p.TestFile    Now processing file /home/runner/work/key/key/key.core/../key.ui/examples/standard_key/staticInitialisation/localDeclaredMethod.key 
527413     INFO  main            d.u.i.k.p.i.AbstractProblemLoader Loading environment from /home/runner/work/key/key/key.core/../key.ui/examples/standard_key/staticInitialisation/localDeclaredMethod.key 
527413     DEBUG main            d.u.i.k.p.i.AbstractProblemLoader Environment load took 74.5ns 
527414     INFO  main            d.u.i.k.p.i.AbstractProblemLoader Creating init config 
527431     WARN  main            d.u.i.k.j.r.KeYCrossReferenceNameInfo Datatype java.io.PrintStream declared twice: Once in FILE:/home/runner/work/key/key/key.core/../key.ui/examples/standard_key/staticInitialisation/classpath/PrintStream.java and once in URL:file:/home/runner/work/key/key/key.core/build/resources/main/de/uka/ilkd/key/java/JavaRedux/java/io/PrintStream.java, Keeping one from URL:file:/home/runner/work/key/key/key.core/build/resources/main/de/uka/ilkd/key/java/JavaRedux/java/io/PrintStream.java 
527431     WARN  main            d.u.i.k.j.r.KeYCrossReferenceNameInfo Datatype java.lang.System declared twice: Once in FILE:/home/runner/work/key/key/key.core/../key.ui/examples/standard_key/staticInitialisation/classpath/System.java and once in URL:file:/home/runner/work/key/key/key.core/build/resources/main/de/uka/ilkd/key/java/JavaRedux/java/lang/System.java, Keeping one from URL:file:/home/runner/work/key/key/key.core/build/resources/main/de/uka/ilkd/key/java/JavaRedux/java/lang/System.java 
529642     DEBUG main            d.u.i.k.p.i.AbstractProblemLoader Init config took 2.23s 
529655     INFO  main            d.u.i.k.p.i.AbstractProblemLoader Replaying proof localDeclaredMethod.key 
529656     DEBUG main            d.u.i.k.p.i.IntermediateProofReplayer Proof replay took 2.3ns 
529858     INFO  main            d.u.i.k.p.r.p.TestFile    ... finished proof: closed. 
530345     INFO  main            d.u.i.k.p.i.AbstractProblemLoader Loading environment from /home/runner/work/key/key/key.core/../key.ui/examples/standard_key/staticInitialisation/localDeclaredMethod.key.proof 
530345     DEBUG main            d.u.i.k.p.i.AbstractProblemLoader Environment load took 70.5ns 
530346     INFO  main            d.u.i.k.p.i.AbstractProblemLoader Creating init config 
530362     WARN  main            d.u.i.k.j.r.KeYCrossReferenceNameInfo Datatype java.io.PrintStream declared twice: Once in FILE:/home/runner/work/key/key/key.core/../key.ui/examples/standard_key/staticInitialisation/classpath/PrintStream.java and once in URL:file:/home/runner/work/key/key/key.core/build/resources/main/de/uka/ilkd/key/java/JavaRedux/java/io/PrintStream.java, Keeping one from URL:file:/home/runner/work/key/key/key.core/build/resources/main/de/uka/ilkd/key/java/JavaRedux/java/io/PrintStream.java 
530362     WARN  main            d.u.i.k.j.r.KeYCrossReferenceNameInfo Datatype java.lang.System declared twice: Once in FILE:/home/runner/work/key/key/key.core/../key.ui/examples/standard_key/staticInitialisation/classpath/System.java and once in URL:file:/home/runner/work/key/key/key.core/build/resources/main/de/uka/ilkd/key/java/JavaRedux/java/lang/System.java, Keeping one from URL:file:/home/runner/work/key/key/key.core/build/resources/main/de/uka/ilkd/key/java/JavaRedux/java/lang/System.java 
532551     DEBUG main            d.u.i.k.p.i.AbstractProblemLoader Init config took 2.21s 
532564     INFO  main            d.u.i.k.p.i.AbstractProblemLoader Replaying proof localDeclaredMethod.key.proof 
532601     DEBUG main            d.u.i.k.p.i.IntermediateProofReplayer Proof replay took 35.62ms 
532603     DEBUG main            d.u.i.k.p.r.p.TestFile    ... success: reloaded. 
532603     INFO  main            d.u.i.k.p.r.p.TestFile    Now processing file /home/runner/work/key/key/key.core/../key.ui/examples/standard_key/staticInitialisation/objectOfErroneousClass.key 
532603     INFO  main            d.u.i.k.p.i.AbstractProblemLoader Loading environment from /home/runner/work/key/key/key.core/../key.ui/examples/standard_key/staticInitialisation/objectOfErroneousClass.key 
532603     DEBUG main            d.u.i.k.p.i.AbstractProblemLoader Environment load took 54.8ns 
532605     INFO  main            d.u.i.k.p.i.AbstractProblemLoader Creating init config 
532621     WARN  main            d.u.i.k.j.r.KeYCrossReferenceNameInfo Datatype java.io.PrintStream declared twice: Once in FILE:/home/runner/work/key/key/key.core/../key.ui/examples/standard_key/staticInitialisation/classpath/PrintStream.java and once in URL:file:/home/runner/work/key/key/key.core/build/resources/main/de/uka/ilkd/key/java/JavaRedux/java/io/PrintStream.java, Keeping one from URL:file:/home/runner/work/key/key/key.core/build/resources/main/de/uka/ilkd/key/java/JavaRedux/java/io/PrintStream.java 
532621     WARN  main            d.u.i.k.j.r.KeYCrossReferenceNameInfo Datatype java.lang.System declared twice: Once in FILE:/home/runner/work/key/key/key.core/../key.ui/examples/standard_key/staticInitialisation/classpath/System.java and once in URL:file:/home/runner/work/key/key/key.core/build/resources/main/de/uka/ilkd/key/java/JavaRedux/java/lang/System.java, Keeping one from URL:file:/home/runner/work/key/key/key.core/build/resources/main/de/uka/ilkd/key/java/JavaRedux/java/lang/System.java 
534844     DEBUG main            d.u.i.k.p.i.AbstractProblemLoader Init config took 2.24s 
534858     INFO  main            d.u.i.k.p.i.AbstractProblemLoader Replaying proof objectOfErroneousClass.key 
534862     DEBUG main            d.u.i.k.p.i.IntermediateProofReplayer Proof replay took 3.5ns 
546245     INFO  main            d.u.i.k.p.r.p.TestFile    ... finished proof: closed. 
546799     INFO  main            d.u.i.k.p.i.AbstractProblemLoader Loading environment from /home/runner/work/key/key/key.core/../key.ui/examples/standard_key/staticInitialisation/objectOfErroneousClass.key.proof 
546799     DEBUG main            d.u.i.k.p.i.AbstractProblemLoader Environment load took 283.3ns 
546802     INFO  main            d.u.i.k.p.i.AbstractProblemLoader Creating init config 
546819     WARN  main            d.u.i.k.j.r.KeYCrossReferenceNameInfo Datatype java.io.PrintStream declared twice: Once in FILE:/home/runner/work/key/key/key.core/../key.ui/examples/standard_key/staticInitialisation/classpath/PrintStream.java and once in URL:file:/home/runner/work/key/key/key.core/build/resources/main/de/uka/ilkd/key/java/JavaRedux/java/io/PrintStream.java, Keeping one from URL:file:/home/runner/work/key/key/key.core/build/resources/main/de/uka/ilkd/key/java/JavaRedux/java/io/PrintStream.java 
546819     WARN  main            d.u.i.k.j.r.KeYCrossReferenceNameInfo Datatype java.lang.System declared twice: Once in FILE:/home/runner/work/key/key/key.core/../key.ui/examples/standard_key/staticInitialisation/classpath/System.java and once in URL:file:/home/runner/work/key/key/key.core/build/resources/main/de/uka/ilkd/key/java/JavaRedux/java/lang/System.java, Keeping one from URL:file:/home/runner/work/key/key/key.core/build/resources/main/de/uka/ilkd/key/java/JavaRedux/java/lang/System.java 
549006     DEBUG main            d.u.i.k.p.i.AbstractProblemLoader Init config took 2.2s 
549020     INFO  main            d.u.i.k.p.i.AbstractProblemLoader Replaying proof objectOfErroneousClass.key.proof 
550353     DEBUG main            d.u.i.k.p.i.IntermediateProofReplayer Proof replay took 1.31s 
550356     DEBUG main            d.u.i.k.p.r.p.TestFile    ... success: reloaded. 
550357     INFO  main            d.u.i.k.p.r.p.TestFile    Now processing file /home/runner/work/key/key/key.core/../key.ui/examples/standard_key/staticInitialisation/staticInitialisersAreNonSimple.key 
550357     INFO  main            d.u.i.k.p.i.AbstractProblemLoader Loading environment from /home/runner/work/key/key/key.core/../key.ui/examples/standard_key/staticInitialisation/staticInitialisersAreNonSimple.key 
550357     DEBUG main            d.u.i.k.p.i.AbstractProblemLoader Environment load took 57.8ns 
550358     INFO  main            d.u.i.k.p.i.AbstractProblemLoader Creating init config 
550375     WARN  main            d.u.i.k.j.r.KeYCrossReferenceNameInfo Datatype java.io.PrintStream declared twice: Once in FILE:/home/runner/work/key/key/key.core/../key.ui/examples/standard_key/staticInitialisation/classpath/PrintStream.java and once in URL:file:/home/runner/work/key/key/key.core/build/resources/main/de/uka/ilkd/key/java/JavaRedux/java/io/PrintStream.java, Keeping one from URL:file:/home/runner/work/key/key/key.core/build/resources/main/de/uka/ilkd/key/java/JavaRedux/java/io/PrintStream.java 
550375     WARN  main            d.u.i.k.j.r.KeYCrossReferenceNameInfo Datatype java.lang.System declared twice: Once in FILE:/home/runner/work/key/key/key.core/../key.ui/examples/standard_key/staticInitialisation/classpath/System.java and once in URL:file:/home/runner/work/key/key/key.core/build/resources/main/de/uka/ilkd/key/java/JavaRedux/java/lang/System.java, Keeping one from URL:file:/home/runner/work/key/key/key.core/build/resources/main/de/uka/ilkd/key/java/JavaRedux/java/lang/System.java 
552613     DEBUG main            d.u.i.k.p.i.AbstractProblemLoader Init config took 2.25s 
552626     INFO  main            d.u.i.k.p.i.AbstractProblemLoader Replaying proof staticInitialisersAreNonSimple.key 
552627     DEBUG main            d.u.i.k.p.i.IntermediateProofReplayer Proof replay took 3.6ns 
552930     INFO  main            d.u.i.k.p.r.p.TestFile    ... finished proof: closed. 
553510     INFO  main            d.u.i.k.p.i.AbstractProblemLoader Loading environment from /home/runner/work/key/key/key.core/../key.ui/examples/standard_key/staticInitialisation/staticInitialisersAreNonSimple.key.proof 
553511     DEBUG main            d.u.i.k.p.i.AbstractProblemLoader Environment load took 66.2ns 
553512     INFO  main            d.u.i.k.p.i.AbstractProblemLoader Creating init config 
553529     WARN  main            d.u.i.k.j.r.KeYCrossReferenceNameInfo Datatype java.io.PrintStream declared twice: Once in FILE:/home/runner/work/key/key/key.core/../key.ui/examples/standard_key/staticInitialisation/classpath/PrintStream.java and once in URL:file:/home/runner/work/key/key/key.core/build/resources/main/de/uka/ilkd/key/java/JavaRedux/java/io/PrintStream.java, Keeping one from URL:file:/home/runner/work/key/key/key.core/build/resources/main/de/uka/ilkd/key/java/JavaRedux/java/io/PrintStream.java 
553530     WARN  main            d.u.i.k.j.r.KeYCrossReferenceNameInfo Datatype java.lang.System declared twice: Once in FILE:/home/runner/work/key/key/key.core/../key.ui/examples/standard_key/staticInitialisation/classpath/System.java and once in URL:file:/home/runner/work/key/key/key.core/build/resources/main/de/uka/ilkd/key/java/JavaRedux/java/lang/System.java, Keeping one from URL:file:/home/runner/work/key/key/key.core/build/resources/main/de/uka/ilkd/key/java/JavaRedux/java/lang/System.java 
555706     DEBUG main            d.u.i.k.p.i.AbstractProblemLoader Init config took 2.19s 
555720     INFO  main            d.u.i.k.p.i.AbstractProblemLoader Replaying proof staticInitialisersAreNonSimple.key.proof 
555788     DEBUG main            d.u.i.k.p.i.IntermediateProofReplayer Proof replay took 66.38ms 
555790     DEBUG main            d.u.i.k.p.r.p.TestFile    ... success: reloaded. 
555790     INFO  main            d.u.i.k.p.r.p.TestFile    Now processing file /home/runner/work/key/key/key.core/../key.ui/examples/standard_key/types/disjoint.key 
555790     INFO  main            d.u.i.k.p.i.AbstractProblemLoader Loading environment from /home/runner/work/key/key/key.core/../key.ui/examples/standard_key/types/disjoint.key 
555791     DEBUG main            d.u.i.k.p.i.AbstractProblemLoader Environment load took 74ns 
555791     INFO  main            d.u.i.k.p.i.AbstractProblemLoader Creating init config 
557961     DEBUG main            d.u.i.k.p.i.AbstractProblemLoader Init config took 2.17s 
557973     INFO  main            d.u.i.k.p.i.AbstractProblemLoader Replaying proof disjoint.key 
557974     DEBUG main            d.u.i.k.p.i.IntermediateProofReplayer Proof replay took 2.8ns 
558076     INFO  main            d.u.i.k.p.r.p.TestFile    ... finished proof: closed. 
558569     INFO  main            d.u.i.k.p.i.AbstractProblemLoader Loading environment from /home/runner/work/key/key/key.core/../key.ui/examples/standard_key/types/disjoint.key.proof 
558569     DEBUG main            d.u.i.k.p.i.AbstractProblemLoader Environment load took 102.2ns 
558570     INFO  main            d.u.i.k.p.i.AbstractProblemLoader Creating init config 
560698     DEBUG main            d.u.i.k.p.i.AbstractProblemLoader Init config took 2.13s 
560710     INFO  main            d.u.i.k.p.i.AbstractProblemLoader Replaying proof disjoint.key.proof 
560711     DEBUG main            d.u.i.k.p.i.IntermediateProofReplayer Proof replay took 232.9ns 
560712     DEBUG main            d.u.i.k.p.r.p.TestFile    ... success: reloaded. 
560712     INFO  main            d.u.i.k.p.r.p.TestFile    Now processing file /home/runner/work/key/key/key.core/../key.ui/examples/../../key.core/src/test/resources/testcase/classpath/classpath.key 
560712     INFO  main            d.u.i.k.p.i.AbstractProblemLoader Loading environment from /home/runner/work/key/key/key.core/../key.ui/examples/../../key.core/src/test/resources/testcase/classpath/classpath.key 
560713     DEBUG main            d.u.i.k.p.i.AbstractProblemLoader Environment load took 91.9ns 
560713     INFO  main            d.u.i.k.p.i.AbstractProblemLoader Creating init config 
560732     WARN  main            d.u.i.k.j.r.KeYCrossReferenceNameInfo Datatype cp.C declared twice: Once in FILE:/home/runner/work/key/key/key.core/../key.ui/examples/../../key.core/src/test/resources/testcase/classpath/classpath/C.class and once in FILE:/home/runner/work/key/key/key.core/../key.ui/examples/../../key.core/src/test/resources/testcase/classpath/classpath/C.jml, Keeping one from FILE:/home/runner/work/key/key/key.core/../key.ui/examples/../../key.core/src/test/resources/testcase/classpath/classpath/C.jml 
560735     DEBUG main            d.u.i.k.j.r.ClassFileDeclarationBuilder Parsing: package cp; public class Unresolved1 { } 
560735     DEBUG main            r.s.KeYCrossReferenceSourceInfo Dynamically created class: cp.Unresolved1 
560735     DEBUG main            d.u.i.k.j.r.ClassFileDeclarationBuilder Parsing: package cp; public class Unresolved2 { } 
560736     DEBUG main            r.s.KeYCrossReferenceSourceInfo Dynamically created class: cp.Unresolved2 
563029     DEBUG main            d.u.i.k.p.i.AbstractProblemLoader Init config took 2.32s 
563043     INFO  main            d.u.i.k.p.i.AbstractProblemLoader Replaying proof classpath.key 
563045     DEBUG main            d.u.i.k.p.i.IntermediateProofReplayer Proof replay took 3.1ns 
563147     INFO  main            d.u.i.k.p.r.p.TestFile    ... finished proof: closed. 
563647     INFO  main            d.u.i.k.p.i.AbstractProblemLoader Loading environment from /home/runner/work/key/key/key.core/../key.ui/examples/../../key.core/src/test/resources/testcase/classpath/classpath.key.proof 
563647     DEBUG main            d.u.i.k.p.i.AbstractProblemLoader Environment load took 68.3ns 
563648     INFO  main            d.u.i.k.p.i.AbstractProblemLoader Creating init config 
563681     WARN  main            d.u.i.k.j.r.KeYCrossReferenceNameInfo Datatype cp.C declared twice: Once in FILE:/home/runner/work/key/key/key.core/../key.ui/examples/../../key.core/src/test/resources/testcase/classpath/classpath/C.class and once in FILE:/home/runner/work/key/key/key.core/../key.ui/examples/../../key.core/src/test/resources/testcase/classpath/classpath/C.jml, Keeping one from FILE:/home/runner/work/key/key/key.core/../key.ui/examples/../../key.core/src/test/resources/testcase/classpath/classpath/C.jml 
563691     DEBUG main            d.u.i.k.j.r.ClassFileDeclarationBuilder Parsing: package cp; public class Unresolved1 { } 
563691     DEBUG main            r.s.KeYCrossReferenceSourceInfo Dynamically created class: cp.Unresolved1 
563691     DEBUG main            d.u.i.k.j.r.ClassFileDeclarationBuilder Parsing: package cp; public class Unresolved2 { } 
563691     DEBUG main            r.s.KeYCrossReferenceSourceInfo Dynamically created class: cp.Unresolved2 
565952     DEBUG main            d.u.i.k.p.i.AbstractProblemLoader Init config took 2.3s 
565966     INFO  main            d.u.i.k.p.i.AbstractProblemLoader Replaying proof classpath.key.proof 
565967     DEBUG main            d.u.i.k.p.i.IntermediateProofReplayer Proof replay took 379.6ns 
565968     DEBUG main            d.u.i.k.p.r.p.TestFile    ... success: reloaded. 
565969     INFO  main            d.u.i.k.p.r.p.TestFile    Now processing file /home/runner/work/key/key/key.core/../key.ui/examples/heap/inconsistent_represents/MyClass_m.key 
565969     INFO  main            d.u.i.k.p.i.AbstractProblemLoader Loading environment from /home/runner/work/key/key/key.core/../key.ui/examples/heap/inconsistent_represents/MyClass_m.key 
565969     DEBUG main            d.u.i.k.p.i.AbstractProblemLoader Environment load took 60.7ns 
565970     INFO  main            d.u.i.k.p.i.AbstractProblemLoader Creating init config 
568221     DEBUG main            d.u.i.k.p.i.AbstractProblemLoader Init config took 2.25s 
568255     INFO  main            d.u.i.k.p.i.AbstractProblemLoader Replaying proof MyClass[MyClass::m()].JML operation contract.0 
568256     DEBUG main            d.u.i.k.p.i.IntermediateProofReplayer Proof replay took 2.5ns 
568361     INFO  main            d.u.i.k.p.r.p.TestFile    ... finished proof: open goal(s) 
568859     INFO  main            d.u.i.k.p.r.p.TestFile    Now processing file /home/runner/work/key/key/key.core/../key.ui/examples/heap/inconsistent_represents/MyClass_n.key 
568859     INFO  main            d.u.i.k.p.i.AbstractProblemLoader Loading environment from /home/runner/work/key/key/key.core/../key.ui/examples/heap/inconsistent_represents/MyClass_n.key 
568860     DEBUG main            d.u.i.k.p.i.AbstractProblemLoader Environment load took 43.4ns 
568860     INFO  main            d.u.i.k.p.i.AbstractProblemLoader Creating init config 
571065     DEBUG main            d.u.i.k.p.i.AbstractProblemLoader Init config took 2.2s 
571096     INFO  main            d.u.i.k.p.i.AbstractProblemLoader Replaying proof MyClass[MyClass::n()].JML operation contract.0 
571098     DEBUG main            d.u.i.k.p.i.IntermediateProofReplayer Proof replay took 2.6ns 
571201     INFO  main            d.u.i.k.p.r.p.TestFile    ... finished proof: open goal(s) 
3328574    INFO  Test worker     d.u.i.k.p.r.p.StatisticsFile Returning from test javadl 
3328579    INFO  Test worker     d.u.i.k.p.r.p.StatisticsFile Running test FOL 
377        INFO  Timeout watchdog d.u.i.k.p.r.p.ForkedTestFileRunner Timeout watcher launched (2000 secs.) 
381        WARN  main            d.u.i.k.s.ProofSettings   The settings in /home/runner/.key/proof-settings.props are *not* read. 
413        INFO  main            d.u.i.k.p.r.p.TestFile    Now processing file /home/runner/work/key/key/key.core/../key.ui/examples/standard_key/pred_log/count.key 
546        INFO  main            d.u.i.k.p.i.AbstractProblemLoader Loading environment from /home/runner/work/key/key/key.core/../key.ui/examples/standard_key/pred_log/count.key 
569        DEBUG main            d.u.i.k.p.i.AbstractProblemLoader Environment load took 2.04ms 
796        INFO  main            d.u.i.k.p.i.AbstractProblemLoader Creating init config 
1702       DEBUG main            d.u.i.k.j.TypeConverter   No LDT found for Meta 
1707       DEBUG main            d.u.i.k.j.TypeConverter   No LDT found for Meta 
1710       DEBUG main            d.u.i.k.j.TypeConverter   No LDT found for Meta 
1711       DEBUG main            d.u.i.k.j.TypeConverter   No LDT found for Meta 
3096       DEBUG main            d.u.i.k.j.TypeConverter   No LDT found for JavaBigintExpression 
7468       DEBUG main            d.u.i.k.p.i.AbstractProblemLoader Init config took 6.67s 
7529       INFO  main            d.u.i.k.p.i.AbstractProblemLoader Replaying proof count.key 
7558       DEBUG main            d.u.i.k.p.i.IntermediateProofReplayer Proof replay took 31.9ns 
7723       INFO  main            d.u.i.k.p.r.p.TestFile    ... finished proof: closed. 
7810       INFO  main            d.u.i.k.p.i.AbstractProblemLoader Loading environment from /home/runner/work/key/key/key.core/../key.ui/examples/standard_key/pred_log/count.key.proof 
7812       DEBUG main            d.u.i.k.p.i.AbstractProblemLoader Environment load took 1.12ms 
7818       INFO  main            d.u.i.k.p.i.AbstractProblemLoader Creating init config 
10526      DEBUG main            d.u.i.k.p.i.AbstractProblemLoader Init config took 2.71s 
10555      INFO  main            d.u.i.k.p.i.AbstractProblemLoader Replaying proof count.key.proof 
10564      DEBUG main            d.u.i.k.p.i.IntermediateProofReplayer Proof replay took 5.31ms 
10574      DEBUG main            d.u.i.k.p.r.p.TestFile    ... success: reloaded. 
10575      INFO  main            d.u.i.k.p.r.p.TestFile    Now processing file /home/runner/work/key/key/key.core/../key.ui/examples/standard_key/pred_log/count2.key 
10575      INFO  main            d.u.i.k.p.i.AbstractProblemLoader Loading environment from /home/runner/work/key/key/key.core/../key.ui/examples/standard_key/pred_log/count2.key 
10576      DEBUG main            d.u.i.k.p.i.AbstractProblemLoader Environment load took 180.5ns 
10577      INFO  main            d.u.i.k.p.i.AbstractProblemLoader Creating init config 
13100      DEBUG main            d.u.i.k.p.i.AbstractProblemLoader Init config took 2.52s 
13137      INFO  main            d.u.i.k.p.i.AbstractProblemLoader Replaying proof count2.key 
13139      DEBUG main            d.u.i.k.p.i.IntermediateProofReplayer Proof replay took 6.7ns 
13241      INFO  main            d.u.i.k.p.r.p.TestFile    ... finished proof: closed. 
13378      INFO  main            d.u.i.k.p.i.AbstractProblemLoader Loading environment from /home/runner/work/key/key/key.core/../key.ui/examples/standard_key/pred_log/count2.key.proof 
13378      DEBUG main            d.u.i.k.p.i.AbstractProblemLoader Environment load took 119.5ns 
13385      INFO  main            d.u.i.k.p.i.AbstractProblemLoader Creating init config 
15792      DEBUG main            d.u.i.k.p.i.AbstractProblemLoader Init config took 2.41s 
15814      INFO  main            d.u.i.k.p.i.AbstractProblemLoader Replaying proof count2.key.proof 
15818      DEBUG main            d.u.i.k.p.i.IntermediateProofReplayer Proof replay took 2.29ms 
15819      DEBUG main            d.u.i.k.p.r.p.TestFile    ... success: reloaded. 
15820      INFO  main            d.u.i.k.p.r.p.TestFile    Now processing file /home/runner/work/key/key/key.core/../key.ui/examples/standard_key/pred_log/count3.key 
15820      INFO  main            d.u.i.k.p.i.AbstractProblemLoader Loading environment from /home/runner/work/key/key/key.core/../key.ui/examples/standard_key/pred_log/count3.key 
15820      DEBUG main            d.u.i.k.p.i.AbstractProblemLoader Environment load took 169.8ns 
15822      INFO  main            d.u.i.k.p.i.AbstractProblemLoader Creating init config 
18269      DEBUG main            d.u.i.k.p.i.AbstractProblemLoader Init config took 2.45s 
18289      INFO  main            d.u.i.k.p.i.AbstractProblemLoader Replaying proof count3.key 
18291      DEBUG main            d.u.i.k.p.i.IntermediateProofReplayer Proof replay took 6.2ns 
18393      INFO  main            d.u.i.k.p.r.p.TestFile    ... finished proof: closed. 
18510      INFO  main            d.u.i.k.p.i.AbstractProblemLoader Loading environment from /home/runner/work/key/key/key.core/../key.ui/examples/standard_key/pred_log/count3.key.proof 
18510      DEBUG main            d.u.i.k.p.i.AbstractProblemLoader Environment load took 122ns 
18511      INFO  main            d.u.i.k.p.i.AbstractProblemLoader Creating init config 
20896      DEBUG main            d.u.i.k.p.i.AbstractProblemLoader Init config took 2.38s 
20915      INFO  main            d.u.i.k.p.i.AbstractProblemLoader Replaying proof count3.key.proof 
20924      DEBUG main            d.u.i.k.p.i.IntermediateProofReplayer Proof replay took 6.25ms 
20925      DEBUG main            d.u.i.k.p.r.p.TestFile    ... success: reloaded. 
20927      INFO  main            d.u.i.k.p.r.p.TestFile    Now processing file /home/runner/work/key/key/key.core/../key.ui/examples/standard_key/pred_log/equalities.key 
20927      INFO  main            d.u.i.k.p.i.AbstractProblemLoader Loading environment from /home/runner/work/key/key/key.core/../key.ui/examples/standard_key/pred_log/equalities.key 
20928      DEBUG main            d.u.i.k.p.i.AbstractProblemLoader Environment load took 123.8ns 
20929      INFO  main            d.u.i.k.p.i.AbstractProblemLoader Creating init config 
23346      DEBUG main            d.u.i.k.p.i.AbstractProblemLoader Init config took 2.42s 
23366      INFO  main            d.u.i.k.p.i.AbstractProblemLoader Replaying proof equalities.key 
23369      DEBUG main            d.u.i.k.p.i.IntermediateProofReplayer Proof replay took 7.5ns 
23472      INFO  main            d.u.i.k.p.r.p.TestFile    ... finished proof: closed. 
23595      INFO  main            d.u.i.k.p.i.AbstractProblemLoader Loading environment from /home/runner/work/key/key/key.core/../key.ui/examples/standard_key/pred_log/equalities.key.proof 
23595      DEBUG main            d.u.i.k.p.i.AbstractProblemLoader Environment load took 114.3ns 
23596      INFO  main            d.u.i.k.p.i.AbstractProblemLoader Creating init config 
25936      DEBUG main            d.u.i.k.p.i.AbstractProblemLoader Init config took 2.34s 
25954      INFO  main            d.u.i.k.p.i.AbstractProblemLoader Replaying proof equalities.key.proof 
25957      DEBUG main            d.u.i.k.p.i.IntermediateProofReplayer Proof replay took 1.1ms 
25958      DEBUG main            d.u.i.k.p.r.p.TestFile    ... success: reloaded. 
25958      INFO  main            d.u.i.k.p.r.p.TestFile    Now processing file /home/runner/work/key/key/key.core/../key.ui/examples/standard_key/pred_log/equalities2.key 
25959      INFO  main            d.u.i.k.p.i.AbstractProblemLoader Loading environment from /home/runner/work/key/key/key.core/../key.ui/examples/standard_key/pred_log/equalities2.key 
25959      DEBUG main            d.u.i.k.p.i.AbstractProblemLoader Environment load took 71.7ns 
25960      INFO  main            d.u.i.k.p.i.AbstractProblemLoader Creating init config 
28388      DEBUG main            d.u.i.k.p.i.AbstractProblemLoader Init config took 2.43s 
28408      INFO  main            d.u.i.k.p.i.AbstractProblemLoader Replaying proof equalities2.key 
28410      DEBUG main            d.u.i.k.p.i.IntermediateProofReplayer Proof replay took 9.3ns 
28512      INFO  main            d.u.i.k.p.r.p.TestFile    ... finished proof: closed. 
28646      INFO  main            d.u.i.k.p.i.AbstractProblemLoader Loading environment from /home/runner/work/key/key/key.core/../key.ui/examples/standard_key/pred_log/equalities2.key.proof 
28647      DEBUG main            d.u.i.k.p.i.AbstractProblemLoader Environment load took 326.8ns 
28648      INFO  main            d.u.i.k.p.i.AbstractProblemLoader Creating init config 
31048      DEBUG main            d.u.i.k.p.i.AbstractProblemLoader Init config took 2.4s 
31076      INFO  main            d.u.i.k.p.i.AbstractProblemLoader Replaying proof equalities2.key.proof 
31080      DEBUG main            d.u.i.k.p.i.IntermediateProofReplayer Proof replay took 2.71ms 
31081      DEBUG main            d.u.i.k.p.r.p.TestFile    ... success: reloaded. 
31082      INFO  main            d.u.i.k.p.r.p.TestFile    Now processing file /home/runner/work/key/key/key.core/../key.ui/examples/standard_key/pred_log/equalities3.key 
31082      INFO  main            d.u.i.k.p.i.AbstractProblemLoader Loading environment from /home/runner/work/key/key/key.core/../key.ui/examples/standard_key/pred_log/equalities3.key 
31083      DEBUG main            d.u.i.k.p.i.AbstractProblemLoader Environment load took 182.7ns 
31084      INFO  main            d.u.i.k.p.i.AbstractProblemLoader Creating init config 
33407      DEBUG main            d.u.i.k.p.i.AbstractProblemLoader Init config took 2.32s 
33424      INFO  main            d.u.i.k.p.i.AbstractProblemLoader Replaying proof equalities3.key 
33425      DEBUG main            d.u.i.k.p.i.IntermediateProofReplayer Proof replay took 6.7ns 
33530      INFO  main            d.u.i.k.p.r.p.TestFile    ... finished proof: closed. 
33667      INFO  main            d.u.i.k.p.i.AbstractProblemLoader Loading environment from /home/runner/work/key/key/key.core/../key.ui/examples/standard_key/pred_log/equalities3.key.proof 
33667      DEBUG main            d.u.i.k.p.i.AbstractProblemLoader Environment load took 116.6ns 
33668      INFO  main            d.u.i.k.p.i.AbstractProblemLoader Creating init config 
35978      DEBUG main            d.u.i.k.p.i.AbstractProblemLoader Init config took 2.31s 
35995      INFO  main            d.u.i.k.p.i.AbstractProblemLoader Replaying proof equalities3.key.proof 
36001      DEBUG main            d.u.i.k.p.i.IntermediateProofReplayer Proof replay took 4.15ms 
36002      DEBUG main            d.u.i.k.p.r.p.TestFile    ... success: reloaded. 
36003      INFO  main            d.u.i.k.p.r.p.TestFile    Now processing file /home/runner/work/key/key/key.core/../key.ui/examples/standard_key/pred_log/functions.key 
36003      INFO  main            d.u.i.k.p.i.AbstractProblemLoader Loading environment from /home/runner/work/key/key/key.core/../key.ui/examples/standard_key/pred_log/functions.key 
36003      DEBUG main            d.u.i.k.p.i.AbstractProblemLoader Environment load took 148.4ns 
36004      INFO  main            d.u.i.k.p.i.AbstractProblemLoader Creating init config 
38359      DEBUG main            d.u.i.k.p.i.AbstractProblemLoader Init config took 2.35s 
38375      INFO  main            d.u.i.k.p.i.AbstractProblemLoader Replaying proof functions.key 
38377      DEBUG main            d.u.i.k.p.i.IntermediateProofReplayer Proof replay took 5.7ns 
38482      INFO  main            d.u.i.k.p.r.p.TestFile    ... finished proof: closed. 
38618      INFO  main            d.u.i.k.p.i.AbstractProblemLoader Loading environment from /home/runner/work/key/key/key.core/../key.ui/examples/standard_key/pred_log/functions.key.proof 
38618      DEBUG main            d.u.i.k.p.i.AbstractProblemLoader Environment load took 106.6ns 
38619      INFO  main            d.u.i.k.p.i.AbstractProblemLoader Creating init config 
40915      DEBUG main            d.u.i.k.p.i.AbstractProblemLoader Init config took 2.3s 
40931      INFO  main            d.u.i.k.p.i.AbstractProblemLoader Replaying proof functions.key.proof 
40951      DEBUG main            d.u.i.k.p.i.IntermediateProofReplayer Proof replay took 1.77ms 
40952      DEBUG main            d.u.i.k.p.r.p.TestFile    ... success: reloaded. 
40953      INFO  main            d.u.i.k.p.r.p.TestFile    Now processing file /home/runner/work/key/key/key.core/../key.ui/examples/standard_key/pred_log/mv1.key 
40953      INFO  main            d.u.i.k.p.i.AbstractProblemLoader Loading environment from /home/runner/work/key/key/key.core/../key.ui/examples/standard_key/pred_log/mv1.key 
40953      DEBUG main            d.u.i.k.p.i.AbstractProblemLoader Environment load took 152.6ns 
40954      INFO  main            d.u.i.k.p.i.AbstractProblemLoader Creating init config 
43332      DEBUG main            d.u.i.k.p.i.AbstractProblemLoader Init config took 2.38s 
43347      INFO  main            d.u.i.k.p.i.AbstractProblemLoader Replaying proof mv1.key 
43348      DEBUG main            d.u.i.k.p.i.IntermediateProofReplayer Proof replay took 21.8ns 
43450      INFO  main            d.u.i.k.p.r.p.TestFile    ... finished proof: closed. 
43588      INFO  main            d.u.i.k.p.i.AbstractProblemLoader Loading environment from /home/runner/work/key/key/key.core/../key.ui/examples/standard_key/pred_log/mv1.key.proof 
43588      DEBUG main            d.u.i.k.p.i.AbstractProblemLoader Environment load took 120ns 
43590      INFO  main            d.u.i.k.p.i.AbstractProblemLoader Creating init config 
45879      DEBUG main            d.u.i.k.p.i.AbstractProblemLoader Init config took 2.29s 
45894      INFO  main            d.u.i.k.p.i.AbstractProblemLoader Replaying proof mv1.key.proof 
45896      DEBUG main            d.u.i.k.p.i.IntermediateProofReplayer Proof replay took 661.5ns 
45896      DEBUG main            d.u.i.k.p.r.p.TestFile    ... success: reloaded. 
45897      INFO  main            d.u.i.k.p.r.p.TestFile    Now processing file /home/runner/work/key/key/key.core/../key.ui/examples/standard_key/pred_log/mv2.key 
45897      INFO  main            d.u.i.k.p.i.AbstractProblemLoader Loading environment from /home/runner/work/key/key/key.core/../key.ui/examples/standard_key/pred_log/mv2.key 
45897      DEBUG main            d.u.i.k.p.i.AbstractProblemLoader Environment load took 69.4ns 
45898      INFO  main            d.u.i.k.p.i.AbstractProblemLoader Creating init config 
48207      DEBUG main            d.u.i.k.p.i.AbstractProblemLoader Init config took 2.31s 
48221      INFO  main            d.u.i.k.p.i.AbstractProblemLoader Replaying proof mv2.key 
48223      DEBUG main            d.u.i.k.p.i.IntermediateProofReplayer Proof replay took 5.7ns 
48324      INFO  main            d.u.i.k.p.r.p.TestFile    ... finished proof: closed. 
48472      INFO  main            d.u.i.k.p.i.AbstractProblemLoader Loading environment from /home/runner/work/key/key/key.core/../key.ui/examples/standard_key/pred_log/mv2.key.proof 
48473      DEBUG main            d.u.i.k.p.i.AbstractProblemLoader Environment load took 104.1ns 
48474      INFO  main            d.u.i.k.p.i.AbstractProblemLoader Creating init config 
50777      DEBUG main            d.u.i.k.p.i.AbstractProblemLoader Init config took 2.3s 
50791      INFO  main            d.u.i.k.p.i.AbstractProblemLoader Replaying proof mv2.key.proof 
50795      DEBUG main            d.u.i.k.p.i.IntermediateProofReplayer Proof replay took 2.96ms 
50796      DEBUG main            d.u.i.k.p.r.p.TestFile    ... success: reloaded. 
50797      INFO  main            d.u.i.k.p.r.p.TestFile    Now processing file /home/runner/work/key/key/key.core/../key.ui/examples/standard_key/pred_log/quantifiers.key 
50797      INFO  main            d.u.i.k.p.i.AbstractProblemLoader Loading environment from /home/runner/work/key/key/key.core/../key.ui/examples/standard_key/pred_log/quantifiers.key 
50797      DEBUG main            d.u.i.k.p.i.AbstractProblemLoader Environment load took 149.7ns 
50798      INFO  main            d.u.i.k.p.i.AbstractProblemLoader Creating init config 
53118      DEBUG main            d.u.i.k.p.i.AbstractProblemLoader Init config took 2.32s 
53131      INFO  main            d.u.i.k.p.i.AbstractProblemLoader Replaying proof quantifiers.key 
53132      DEBUG main            d.u.i.k.p.i.IntermediateProofReplayer Proof replay took 6.6ns 
53238      INFO  main            d.u.i.k.p.r.p.TestFile    ... finished proof: closed. 
53391      INFO  main            d.u.i.k.p.i.AbstractProblemLoader Loading environment from /home/runner/work/key/key/key.core/../key.ui/examples/standard_key/pred_log/quantifiers.key.proof 
53391      DEBUG main            d.u.i.k.p.i.AbstractProblemLoader Environment load took 144.8ns 
53392      INFO  main            d.u.i.k.p.i.AbstractProblemLoader Creating init config 
55684      DEBUG main            d.u.i.k.p.i.AbstractProblemLoader Init config took 2.29s 
55698      INFO  main            d.u.i.k.p.i.AbstractProblemLoader Replaying proof quantifiers.key.proof 
55701      DEBUG main            d.u.i.k.p.i.IntermediateProofReplayer Proof replay took 1.46ms 
55702      DEBUG main            d.u.i.k.p.r.p.TestFile    ... success: reloaded. 
55703      INFO  main            d.u.i.k.p.r.p.TestFile    Now processing file /home/runner/work/key/key/key.core/../key.ui/examples/standard_key/pred_log/simpleEps.key 
55703      INFO  main            d.u.i.k.p.i.AbstractProblemLoader Loading environment from /home/runner/work/key/key/key.core/../key.ui/examples/standard_key/pred_log/simpleEps.key 
55703      DEBUG main            d.u.i.k.p.i.AbstractProblemLoader Environment load took 155.6ns 
55704      INFO  main            d.u.i.k.p.i.AbstractProblemLoader Creating init config 
58030      DEBUG main            d.u.i.k.p.i.AbstractProblemLoader Init config took 2.33s 
58043      INFO  main            d.u.i.k.p.i.AbstractProblemLoader Replaying proof simpleEps.key 
58044      DEBUG main            d.u.i.k.p.i.IntermediateProofReplayer Proof replay took 5.7ns 
58150      INFO  main            d.u.i.k.p.r.p.TestFile    ... finished proof: closed. 
58310      INFO  main            d.u.i.k.p.i.AbstractProblemLoader Loading environment from /home/runner/work/key/key/key.core/../key.ui/examples/standard_key/pred_log/simpleEps.key.proof 
58310      DEBUG main            d.u.i.k.p.i.AbstractProblemLoader Environment load took 104.8ns 
58312      INFO  main            d.u.i.k.p.i.AbstractProblemLoader Creating init config 
60594      DEBUG main            d.u.i.k.p.i.AbstractProblemLoader Init config took 2.28s 
60607      INFO  main            d.u.i.k.p.i.AbstractProblemLoader Replaying proof simpleEps.key.proof 
60610      DEBUG main            d.u.i.k.p.i.IntermediateProofReplayer Proof replay took 885.21ns 
60610      DEBUG main            d.u.i.k.p.r.p.TestFile    ... success: reloaded. 
60611      INFO  main            d.u.i.k.p.r.p.TestFile    Now processing file /home/runner/work/key/key/key.core/../key.ui/examples/standard_key/pred_log/steam1.key 
60611      INFO  main            d.u.i.k.p.i.AbstractProblemLoader Loading environment from /home/runner/work/key/key/key.core/../key.ui/examples/standard_key/pred_log/steam1.key 
60611      DEBUG main            d.u.i.k.p.i.AbstractProblemLoader Environment load took 82.3ns 
60613      INFO  main            d.u.i.k.p.i.AbstractProblemLoader Creating init config 
62980      DEBUG main            d.u.i.k.p.i.AbstractProblemLoader Init config took 2.37s 
62999      INFO  main            d.u.i.k.p.i.AbstractProblemLoader Replaying proof steam1.key 
63001      DEBUG main            d.u.i.k.p.i.IntermediateProofReplayer Proof replay took 6.2ns 
63407      INFO  main            d.u.i.k.p.r.p.TestFile    ... finished proof: closed. 
63599      INFO  main            d.u.i.k.p.i.AbstractProblemLoader Loading environment from /home/runner/work/key/key/key.core/../key.ui/examples/standard_key/pred_log/steam1.key.proof 
63600      DEBUG main            d.u.i.k.p.i.AbstractProblemLoader Environment load took 1.57ms 
63603      INFO  main            d.u.i.k.p.i.AbstractProblemLoader Creating init config 
65912      DEBUG main            d.u.i.k.p.i.AbstractProblemLoader Init config took 2.31s 
65940      INFO  main            d.u.i.k.p.i.AbstractProblemLoader Replaying proof steam1.key.proof 
65977      DEBUG main            d.u.i.k.p.i.IntermediateProofReplayer Proof replay took 25.97ms 
65980      DEBUG main            d.u.i.k.p.r.p.TestFile    ... success: reloaded. 
65981      INFO  main            d.u.i.k.p.r.p.TestFile    Now processing file /home/runner/work/key/key/key.core/../key.ui/examples/standard_key/pred_log/tptp/PUZ/PUZ001p1.key 
65981      INFO  main            d.u.i.k.p.i.AbstractProblemLoader Loading environment from /home/runner/work/key/key/key.core/../key.ui/examples/standard_key/pred_log/tptp/PUZ/PUZ001p1.key 
65981      DEBUG main            d.u.i.k.p.i.AbstractProblemLoader Environment load took 79.2ns 
65982      INFO  main            d.u.i.k.p.i.AbstractProblemLoader Creating init config 
68298      DEBUG main            d.u.i.k.p.i.AbstractProblemLoader Init config took 2.32s 
68315      INFO  main            d.u.i.k.p.i.AbstractProblemLoader Replaying proof PUZ001p1.key 
68316      DEBUG main            d.u.i.k.p.i.IntermediateProofReplayer Proof replay took 5.7ns 
71162      INFO  main            d.u.i.k.p.r.p.TestFile    ... finished proof: closed. 
71368      INFO  main            d.u.i.k.p.i.AbstractProblemLoader Loading environment from /home/runner/work/key/key/key.core/../key.ui/examples/standard_key/pred_log/tptp/PUZ/PUZ001p1.key.proof 
71372      DEBUG main            d.u.i.k.p.i.AbstractProblemLoader Environment load took 3.5ms 
71373      INFO  main            d.u.i.k.p.i.AbstractProblemLoader Creating init config 
73611      DEBUG main            d.u.i.k.p.i.AbstractProblemLoader Init config took 2.24s 
73628      INFO  main            d.u.i.k.p.i.AbstractProblemLoader Replaying proof PUZ001p1.key.proof 
73734      DEBUG main            d.u.i.k.p.i.IntermediateProofReplayer Proof replay took 93.26ms 
73736      DEBUG main            d.u.i.k.p.r.p.TestFile    ... success: reloaded. 
73736      INFO  main            d.u.i.k.p.r.p.TestFile    Now processing file /home/runner/work/key/key/key.core/../key.ui/examples/standard_key/pred_log/tptp/PUZ/PUZ001p1-eq.key 
73737      INFO  main            d.u.i.k.p.i.AbstractProblemLoader Loading environment from /home/runner/work/key/key/key.core/../key.ui/examples/standard_key/pred_log/tptp/PUZ/PUZ001p1-eq.key 
73737      DEBUG main            d.u.i.k.p.i.AbstractProblemLoader Environment load took 151.9ns 
73738      INFO  main            d.u.i.k.p.i.AbstractProblemLoader Creating init config 
76022      DEBUG main            d.u.i.k.p.i.AbstractProblemLoader Init config took 2.28s 
76036      INFO  main            d.u.i.k.p.i.AbstractProblemLoader Replaying proof PUZ001p1-eq.key 
76037      DEBUG main            d.u.i.k.p.i.IntermediateProofReplayer Proof replay took 5.5ns 
76142      INFO  main            d.u.i.k.p.r.p.TestFile    ... finished proof: closed. 
76366      INFO  main            d.u.i.k.p.i.AbstractProblemLoader Loading environment from /home/runner/work/key/key/key.core/../key.ui/examples/standard_key/pred_log/tptp/PUZ/PUZ001p1-eq.key.proof 
76366      DEBUG main            d.u.i.k.p.i.AbstractProblemLoader Environment load took 105.1ns 
76367      INFO  main            d.u.i.k.p.i.AbstractProblemLoader Creating init config 
78645      DEBUG main            d.u.i.k.p.i.AbstractProblemLoader Init config took 2.28s 
78660      INFO  main            d.u.i.k.p.i.AbstractProblemLoader Replaying proof PUZ001p1-eq.key.proof 
78671      DEBUG main            d.u.i.k.p.i.IntermediateProofReplayer Proof replay took 8.53ms 
78672      DEBUG main            d.u.i.k.p.r.p.TestFile    ... success: reloaded. 
78673      INFO  main            d.u.i.k.p.r.p.TestFile    Now processing file /home/runner/work/key/key/key.core/../key.ui/examples/standard_key/pred_log/tptp/PUZ/PUZ031p1.key 
78673      INFO  main            d.u.i.k.p.i.AbstractProblemLoader Loading environment from /home/runner/work/key/key/key.core/../key.ui/examples/standard_key/pred_log/tptp/PUZ/PUZ031p1.key 
78673      DEBUG main            d.u.i.k.p.i.AbstractProblemLoader Environment load took 79.9ns 
78674      INFO  main            d.u.i.k.p.i.AbstractProblemLoader Creating init config 
80947      DEBUG main            d.u.i.k.p.i.AbstractProblemLoader Init config took 2.27s 
80961      INFO  main            d.u.i.k.p.i.AbstractProblemLoader Replaying proof PUZ031p1.key 
80962      DEBUG main            d.u.i.k.p.i.IntermediateProofReplayer Proof replay took 5.5ns 
89006      INFO  main            d.u.i.k.p.r.p.TestFile    ... finished proof: closed. 
89199      INFO  main            d.u.i.k.p.i.AbstractProblemLoader Loading environment from /home/runner/work/key/key/key.core/../key.ui/examples/standard_key/pred_log/tptp/PUZ/PUZ031p1.key.proof 
89199      DEBUG main            d.u.i.k.p.i.AbstractProblemLoader Environment load took 383.4ns 
89201      INFO  main            d.u.i.k.p.i.AbstractProblemLoader Creating init config 
91435      DEBUG main            d.u.i.k.p.i.AbstractProblemLoader Init config took 2.23s 
91449      INFO  main            d.u.i.k.p.i.AbstractProblemLoader Replaying proof PUZ031p1.key.proof 
91487      DEBUG main            d.u.i.k.p.i.IntermediateProofReplayer Proof replay took 33.2ms 
91489      DEBUG main            d.u.i.k.p.r.p.TestFile    ... success: reloaded. 
91489      INFO  main            d.u.i.k.p.r.p.TestFile    Now processing file /home/runner/work/key/key/key.core/../key.ui/examples/standard_key/pred_log/tptp/SET/SET027p3.key 
91490      INFO  main            d.u.i.k.p.i.AbstractProblemLoader Loading environment from /home/runner/work/key/key/key.core/../key.ui/examples/standard_key/pred_log/tptp/SET/SET027p3.key 
91490      DEBUG main            d.u.i.k.p.i.AbstractProblemLoader Environment load took 155.5ns 
91491      INFO  main            d.u.i.k.p.i.AbstractProblemLoader Creating init config 
93799      DEBUG main            d.u.i.k.p.i.AbstractProblemLoader Init config took 2.31s 
93812      INFO  main            d.u.i.k.p.i.AbstractProblemLoader Replaying proof SET027p3.key 
93813      DEBUG main            d.u.i.k.p.i.IntermediateProofReplayer Proof replay took 5.9ns 
93917      INFO  main            d.u.i.k.p.r.p.TestFile    ... finished proof: closed. 
94112      INFO  main            d.u.i.k.p.i.AbstractProblemLoader Loading environment from /home/runner/work/key/key/key.core/../key.ui/examples/standard_key/pred_log/tptp/SET/SET027p3.key.proof 
94112      DEBUG main            d.u.i.k.p.i.AbstractProblemLoader Environment load took 103.9ns 
94113      INFO  main            d.u.i.k.p.i.AbstractProblemLoader Creating init config 
96339      DEBUG main            d.u.i.k.p.i.AbstractProblemLoader Init config took 2.23s 
96352      INFO  main            d.u.i.k.p.i.AbstractProblemLoader Replaying proof SET027p3.key.proof 
96360      DEBUG main            d.u.i.k.p.i.IntermediateProofReplayer Proof replay took 4.53ms 
96362      DEBUG main            d.u.i.k.p.r.p.TestFile    ... success: reloaded. 
96363      INFO  main            d.u.i.k.p.r.p.TestFile    Now processing file /home/runner/work/key/key/key.core/../key.ui/examples/standard_key/pred_log/tptp/SET/SET043p1.key 
96363      INFO  main            d.u.i.k.p.i.AbstractProblemLoader Loading environment from /home/runner/work/key/key/key.core/../key.ui/examples/standard_key/pred_log/tptp/SET/SET043p1.key 
96363      DEBUG main            d.u.i.k.p.i.AbstractProblemLoader Environment load took 154.4ns 
96364      INFO  main            d.u.i.k.p.i.AbstractProblemLoader Creating init config 
98640      DEBUG main            d.u.i.k.p.i.AbstractProblemLoader Init config took 2.28s 
98652      INFO  main            d.u.i.k.p.i.AbstractProblemLoader Replaying proof SET043p1.key 
98654      DEBUG main            d.u.i.k.p.i.IntermediateProofReplayer Proof replay took 6.6ns 
98755      INFO  main            d.u.i.k.p.r.p.TestFile    ... finished proof: closed. 
98948      INFO  main            d.u.i.k.p.i.AbstractProblemLoader Loading environment from /home/runner/work/key/key/key.core/../key.ui/examples/standard_key/pred_log/tptp/SET/SET043p1.key.proof 
98948      DEBUG main            d.u.i.k.p.i.AbstractProblemLoader Environment load took 144.5ns 
98949      INFO  main            d.u.i.k.p.i.AbstractProblemLoader Creating init config 
101182     DEBUG main            d.u.i.k.p.i.AbstractProblemLoader Init config took 2.23s 
101195     INFO  main            d.u.i.k.p.i.AbstractProblemLoader Replaying proof SET043p1.key.proof 
101199     DEBUG main            d.u.i.k.p.i.IntermediateProofReplayer Proof replay took 1ms 
101200     DEBUG main            d.u.i.k.p.r.p.TestFile    ... success: reloaded. 
101201     INFO  main            d.u.i.k.p.r.p.TestFile    Now processing file /home/runner/work/key/key/key.core/../key.ui/examples/standard_key/pred_log/tptp/SET/SET045p1.key 
101202     INFO  main            d.u.i.k.p.i.AbstractProblemLoader Loading environment from /home/runner/work/key/key/key.core/../key.ui/examples/standard_key/pred_log/tptp/SET/SET045p1.key 
101202     DEBUG main            d.u.i.k.p.i.AbstractProblemLoader Environment load took 155.8ns 
101205     INFO  main            d.u.i.k.p.i.AbstractProblemLoader Creating init config 
103491     DEBUG main            d.u.i.k.p.i.AbstractProblemLoader Init config took 2.29s 
103504     INFO  main            d.u.i.k.p.i.AbstractProblemLoader Replaying proof SET045p1.key 
103505     DEBUG main            d.u.i.k.p.i.IntermediateProofReplayer Proof replay took 5.9ns 
103606     INFO  main            d.u.i.k.p.r.p.TestFile    ... finished proof: closed. 
103799     INFO  main            d.u.i.k.p.i.AbstractProblemLoader Loading environment from /home/runner/work/key/key/key.core/../key.ui/examples/standard_key/pred_log/tptp/SET/SET045p1.key.proof 
103799     DEBUG main            d.u.i.k.p.i.AbstractProblemLoader Environment load took 90.8ns 
103800     INFO  main            d.u.i.k.p.i.AbstractProblemLoader Creating init config 
106018     DEBUG main            d.u.i.k.p.i.AbstractProblemLoader Init config took 2.22s 
106031     INFO  main            d.u.i.k.p.i.AbstractProblemLoader Replaying proof SET045p1.key.proof 
106034     DEBUG main            d.u.i.k.p.i.IntermediateProofReplayer Proof replay took 2.1ms 
106035     DEBUG main            d.u.i.k.p.r.p.TestFile    ... success: reloaded. 
106035     INFO  main            d.u.i.k.p.r.p.TestFile    Now processing file /home/runner/work/key/key/key.core/../key.ui/examples/standard_key/pred_log/tptp/SET/SET062p3.key 
106036     INFO  main            d.u.i.k.p.i.AbstractProblemLoader Loading environment from /home/runner/work/key/key/key.core/../key.ui/examples/standard_key/pred_log/tptp/SET/SET062p3.key 
106036     DEBUG main            d.u.i.k.p.i.AbstractProblemLoader Environment load took 76.9ns 
106036     INFO  main            d.u.i.k.p.i.AbstractProblemLoader Creating init config 
108320     DEBUG main            d.u.i.k.p.i.AbstractProblemLoader Init config took 2.28s 
108333     INFO  main            d.u.i.k.p.i.AbstractProblemLoader Replaying proof SET062p3.key 
108334     DEBUG main            d.u.i.k.p.i.IntermediateProofReplayer Proof replay took 5.6ns 
108438     INFO  main            d.u.i.k.p.r.p.TestFile    ... finished proof: closed. 
108642     INFO  main            d.u.i.k.p.i.AbstractProblemLoader Loading environment from /home/runner/work/key/key/key.core/../key.ui/examples/standard_key/pred_log/tptp/SET/SET062p3.key.proof 
108642     DEBUG main            d.u.i.k.p.i.AbstractProblemLoader Environment load took 95.1ns 
108643     INFO  main            d.u.i.k.p.i.AbstractProblemLoader Creating init config 
110852     DEBUG main            d.u.i.k.p.i.AbstractProblemLoader Init config took 2.21s 
110865     INFO  main            d.u.i.k.p.i.AbstractProblemLoader Replaying proof SET062p3.key.proof 
110869     DEBUG main            d.u.i.k.p.i.IntermediateProofReplayer Proof replay took 2.23ms 
110869     DEBUG main            d.u.i.k.p.r.p.TestFile    ... success: reloaded. 
110870     INFO  main            d.u.i.k.p.r.p.TestFile    Now processing file /home/runner/work/key/key/key.core/../key.ui/examples/standard_key/pred_log/tptp/SET/SET063p3.key 
110870     INFO  main            d.u.i.k.p.i.AbstractProblemLoader Loading environment from /home/runner/work/key/key/key.core/../key.ui/examples/standard_key/pred_log/tptp/SET/SET063p3.key 
110870     DEBUG main            d.u.i.k.p.i.AbstractProblemLoader Environment load took 60.8ns 
110871     INFO  main            d.u.i.k.p.i.AbstractProblemLoader Creating init config 
113143     DEBUG main            d.u.i.k.p.i.AbstractProblemLoader Init config took 2.27s 
113157     INFO  main            d.u.i.k.p.i.AbstractProblemLoader Replaying proof SET063p3.key 
113158     DEBUG main            d.u.i.k.p.i.IntermediateProofReplayer Proof replay took 5.9ns 
113262     INFO  main            d.u.i.k.p.r.p.TestFile    ... finished proof: closed. 
113466     INFO  main            d.u.i.k.p.i.AbstractProblemLoader Loading environment from /home/runner/work/key/key/key.core/../key.ui/examples/standard_key/pred_log/tptp/SET/SET063p3.key.proof 
113466     DEBUG main            d.u.i.k.p.i.AbstractProblemLoader Environment load took 93.2ns 
113467     INFO  main            d.u.i.k.p.i.AbstractProblemLoader Creating init config 
115669     DEBUG main            d.u.i.k.p.i.AbstractProblemLoader Init config took 2.2s 
115682     INFO  main            d.u.i.k.p.i.AbstractProblemLoader Replaying proof SET063p3.key.proof 
115685     DEBUG main            d.u.i.k.p.i.IntermediateProofReplayer Proof replay took 2.31ms 
115686     DEBUG main            d.u.i.k.p.r.p.TestFile    ... success: reloaded. 
115687     INFO  main            d.u.i.k.p.r.p.TestFile    Now processing file /home/runner/work/key/key/key.core/../key.ui/examples/standard_key/pred_log/tptp/SYN/SYN036p2.key 
115687     INFO  main            d.u.i.k.p.i.AbstractProblemLoader Loading environment from /home/runner/work/key/key/key.core/../key.ui/examples/standard_key/pred_log/tptp/SYN/SYN036p2.key 
115687     DEBUG main            d.u.i.k.p.i.AbstractProblemLoader Environment load took 75.2ns 
115688     INFO  main            d.u.i.k.p.i.AbstractProblemLoader Creating init config 
117985     DEBUG main            d.u.i.k.p.i.AbstractProblemLoader Init config took 2.3s 
117998     INFO  main            d.u.i.k.p.i.AbstractProblemLoader Replaying proof SYN036p2.key 
117999     DEBUG main            d.u.i.k.p.i.IntermediateProofReplayer Proof replay took 5.7ns 
118204     INFO  main            d.u.i.k.p.r.p.TestFile    ... finished proof: closed. 
118426     INFO  main            d.u.i.k.p.i.AbstractProblemLoader Loading environment from /home/runner/work/key/key/key.core/../key.ui/examples/standard_key/pred_log/tptp/SYN/SYN036p2.key.proof 
118427     DEBUG main            d.u.i.k.p.i.AbstractProblemLoader Environment load took 319.4ns 
118428     INFO  main            d.u.i.k.p.i.AbstractProblemLoader Creating init config 
120673     DEBUG main            d.u.i.k.p.i.AbstractProblemLoader Init config took 2.25s 
120686     INFO  main            d.u.i.k.p.i.AbstractProblemLoader Replaying proof SYN036p2.key.proof 
120737     DEBUG main            d.u.i.k.p.i.IntermediateProofReplayer Proof replay took 43.42ms 
120738     DEBUG main            d.u.i.k.p.r.p.TestFile    ... success: reloaded. 
120739     INFO  main            d.u.i.k.p.r.p.TestFile    Now processing file /home/runner/work/key/key/key.core/../key.ui/examples/standard_key/pred_log/tptp/SYN/SYN550p1.key 
120739     INFO  main            d.u.i.k.p.i.AbstractProblemLoader Loading environment from /home/runner/work/key/key/key.core/../key.ui/examples/standard_key/pred_log/tptp/SYN/SYN550p1.key 
120739     DEBUG main            d.u.i.k.p.i.AbstractProblemLoader Environment load took 63.6ns 
120740     INFO  main            d.u.i.k.p.i.AbstractProblemLoader Creating init config 
122989     DEBUG main            d.u.i.k.p.i.AbstractProblemLoader Init config took 2.25s 
123002     INFO  main            d.u.i.k.p.i.AbstractProblemLoader Replaying proof SYN550p1.key 
123003     DEBUG main            d.u.i.k.p.i.IntermediateProofReplayer Proof replay took 5.9ns 
125714     INFO  main            d.u.i.k.p.r.p.TestFile    ... finished proof: closed. 
125943     INFO  main            d.u.i.k.p.i.AbstractProblemLoader Loading environment from /home/runner/work/key/key/key.core/../key.ui/examples/standard_key/pred_log/tptp/SYN/SYN550p1.key.proof 
125943     DEBUG main            d.u.i.k.p.i.AbstractProblemLoader Environment load took 159.4ns 
125950     INFO  main            d.u.i.k.p.i.AbstractProblemLoader Creating init config 
128155     DEBUG main            d.u.i.k.p.i.AbstractProblemLoader Init config took 2.21s 
128168     INFO  main            d.u.i.k.p.i.AbstractProblemLoader Replaying proof SYN550p1.key.proof 
128229     DEBUG main            d.u.i.k.p.i.IntermediateProofReplayer Proof replay took 55.28ms 
128230     DEBUG main            d.u.i.k.p.r.p.TestFile    ... success: reloaded. 
128231     INFO  main            d.u.i.k.p.r.p.TestFile    Now processing file /home/runner/work/key/key/key.core/../key.ui/examples/standard_key/prop_log/reallySimple.key 
128231     INFO  main            d.u.i.k.p.i.AbstractProblemLoader Loading environment from /home/runner/work/key/key/key.core/../key.ui/examples/standard_key/prop_log/reallySimple.key 
128231     DEBUG main            d.u.i.k.p.i.AbstractProblemLoader Environment load took 60.3ns 
128232     INFO  main            d.u.i.k.p.i.AbstractProblemLoader Creating init config 
130490     DEBUG main            d.u.i.k.p.i.AbstractProblemLoader Init config took 2.26s 
130502     INFO  main            d.u.i.k.p.i.AbstractProblemLoader Replaying proof reallySimple.key 
130503     DEBUG main            d.u.i.k.p.i.IntermediateProofReplayer Proof replay took 5.8ns 
130605     INFO  main            d.u.i.k.p.r.p.TestFile    ... finished proof: open goal(s) 
130840     INFO  main            d.u.i.k.p.r.p.TestFile    Now processing file /home/runner/work/key/key/key.core/../key.ui/examples/standard_key/pred_log/sameName1.key 
130840     INFO  main            d.u.i.k.p.i.AbstractProblemLoader Loading environment from /home/runner/work/key/key/key.core/../key.ui/examples/standard_key/pred_log/sameName1.key 
130841     DEBUG main            d.u.i.k.p.i.AbstractProblemLoader Environment load took 182.8ns 
130842     INFO  main            d.u.i.k.p.i.AbstractProblemLoader Creating init config 
133057     DEBUG main            d.u.i.k.p.i.AbstractProblemLoader Init config took 2.22s 
133069     INFO  main            d.u.i.k.p.i.AbstractProblemLoader Replaying proof sameName1.key 
133070     DEBUG main            d.u.i.k.p.i.IntermediateProofReplayer Proof replay took 5.8ns 
133172     INFO  main            d.u.i.k.p.r.p.TestFile    ... finished proof: open goal(s) 
133388     INFO  main            d.u.i.k.p.r.p.TestFile    Now processing file /home/runner/work/key/key/key.core/../key.ui/examples/standard_key/pred_log/jbyteIfEx.key 
133388     INFO  main            d.u.i.k.p.i.AbstractProblemLoader Loading environment from /home/runner/work/key/key/key.core/../key.ui/examples/standard_key/pred_log/jbyteIfEx.key 
133388     DEBUG main            d.u.i.k.p.i.AbstractProblemLoader Environment load took 48.3ns 
133390     INFO  main            d.u.i.k.p.i.AbstractProblemLoader Creating init config 
135599     DEBUG main            d.u.i.k.p.i.AbstractProblemLoader Init config took 2.21s 
135611     INFO  main            d.u.i.k.p.i.AbstractProblemLoader Replaying proof jbyteIfEx.key 
135612     DEBUG main            d.u.i.k.p.i.IntermediateProofReplayer Proof replay took 6.7ns 
135714     INFO  main            d.u.i.k.p.r.p.TestFile    ... finished proof: closed. 
135930     INFO  main            d.u.i.k.p.i.AbstractProblemLoader Loading environment from /home/runner/work/key/key/key.core/../key.ui/examples/standard_key/pred_log/jbyteIfEx.key.proof 
135930     DEBUG main            d.u.i.k.p.i.AbstractProblemLoader Environment load took 97.2ns 
135931     INFO  main            d.u.i.k.p.i.AbstractProblemLoader Creating init config 
138128     DEBUG main            d.u.i.k.p.i.AbstractProblemLoader Init config took 2.2s 
138140     INFO  main            d.u.i.k.p.i.AbstractProblemLoader Replaying proof jbyteIfEx.key.proof 
138145     DEBUG main            d.u.i.k.p.i.IntermediateProofReplayer Proof replay took 2.81ms 
138146     DEBUG main            d.u.i.k.p.r.p.TestFile    ... success: reloaded. 
138146     INFO  main            d.u.i.k.p.r.p.TestFile    Now processing file /home/runner/work/key/key/key.core/../key.ui/examples/standard_key/prop_log/allClausesLength4.key 
138146     INFO  main            d.u.i.k.p.i.AbstractProblemLoader Loading environment from /home/runner/work/key/key/key.core/../key.ui/examples/standard_key/prop_log/allClausesLength4.key 
138146     DEBUG main            d.u.i.k.p.i.AbstractProblemLoader Environment load took 72.6ns 
138147     INFO  main            d.u.i.k.p.i.AbstractProblemLoader Creating init config 
140460     DEBUG main            d.u.i.k.p.i.AbstractProblemLoader Init config took 2.31s 
140472     INFO  main            d.u.i.k.p.i.AbstractProblemLoader Replaying proof allClausesLength4.key 
140473     DEBUG main            d.u.i.k.p.i.IntermediateProofReplayer Proof replay took 5.7ns 
140576     INFO  main            d.u.i.k.p.r.p.TestFile    ... finished proof: closed. 
140807     INFO  main            d.u.i.k.p.i.AbstractProblemLoader Loading environment from /home/runner/work/key/key/key.core/../key.ui/examples/standard_key/prop_log/allClausesLength4.key.proof 
140807     DEBUG main            d.u.i.k.p.i.AbstractProblemLoader Environment load took 101.3ns 
140808     INFO  main            d.u.i.k.p.i.AbstractProblemLoader Creating init config 
143013     DEBUG main            d.u.i.k.p.i.AbstractProblemLoader Init config took 2.21s 
143026     INFO  main            d.u.i.k.p.i.AbstractProblemLoader Replaying proof allClausesLength4.key.proof 
143037     DEBUG main            d.u.i.k.p.i.IntermediateProofReplayer Proof replay took 8.81ms 
143038     DEBUG main            d.u.i.k.p.r.p.TestFile    ... success: reloaded. 
143039     INFO  main            d.u.i.k.p.r.p.TestFile    Now processing file /home/runner/work/key/key/key.core/../key.ui/examples/standard_key/prop_log/allClausesLength5.key 
143039     INFO  main            d.u.i.k.p.i.AbstractProblemLoader Loading environment from /home/runner/work/key/key/key.core/../key.ui/examples/standard_key/prop_log/allClausesLength5.key 
143040     DEBUG main            d.u.i.k.p.i.AbstractProblemLoader Environment load took 146.5ns 
143041     INFO  main            d.u.i.k.p.i.AbstractProblemLoader Creating init config 
145362     DEBUG main            d.u.i.k.p.i.AbstractProblemLoader Init config took 2.32s 
145376     INFO  main            d.u.i.k.p.i.AbstractProblemLoader Replaying proof allClausesLength5.key 
145378     DEBUG main            d.u.i.k.p.i.IntermediateProofReplayer Proof replay took 6ns 
145683     INFO  main            d.u.i.k.p.r.p.TestFile    ... finished proof: closed. 
145928     INFO  main            d.u.i.k.p.i.AbstractProblemLoader Loading environment from /home/runner/work/key/key/key.core/../key.ui/examples/standard_key/prop_log/allClausesLength5.key.proof 
145928     DEBUG main            d.u.i.k.p.i.AbstractProblemLoader Environment load took 115.4ns 
145930     INFO  main            d.u.i.k.p.i.AbstractProblemLoader Creating init config 
148133     DEBUG main            d.u.i.k.p.i.AbstractProblemLoader Init config took 2.2s 
148146     INFO  main            d.u.i.k.p.i.AbstractProblemLoader Replaying proof allClausesLength5.key.proof 
148174     DEBUG main            d.u.i.k.p.i.IntermediateProofReplayer Proof replay took 22.97ms 
148175     DEBUG main            d.u.i.k.p.r.p.TestFile    ... success: reloaded. 
148176     INFO  main            d.u.i.k.p.r.p.TestFile    Now processing file /home/runner/work/key/key/key.core/../key.ui/examples/standard_key/prop_log/doubleNeg.key 
148176     INFO  main            d.u.i.k.p.i.AbstractProblemLoader Loading environment from /home/runner/work/key/key/key.core/../key.ui/examples/standard_key/prop_log/doubleNeg.key 
148176     DEBUG main            d.u.i.k.p.i.AbstractProblemLoader Environment load took 142.8ns 
148177     INFO  main            d.u.i.k.p.i.AbstractProblemLoader Creating init config 
150441     DEBUG main            d.u.i.k.p.i.AbstractProblemLoader Init config took 2.26s 
150453     INFO  main            d.u.i.k.p.i.AbstractProblemLoader Replaying proof doubleNeg.key 
150454     DEBUG main            d.u.i.k.p.i.IntermediateProofReplayer Proof replay took 6.4ns 
150555     INFO  main            d.u.i.k.p.r.p.TestFile    ... finished proof: closed. 
150809     INFO  main            d.u.i.k.p.i.AbstractProblemLoader Loading environment from /home/runner/work/key/key/key.core/../key.ui/examples/standard_key/prop_log/doubleNeg.key.proof 
150810     DEBUG main            d.u.i.k.p.i.AbstractProblemLoader Environment load took 83.3ns 
150810     INFO  main            d.u.i.k.p.i.AbstractProblemLoader Creating init config 
153020     DEBUG main            d.u.i.k.p.i.AbstractProblemLoader Init config took 2.21s 
153032     INFO  main            d.u.i.k.p.i.AbstractProblemLoader Replaying proof doubleNeg.key.proof 
153034     DEBUG main            d.u.i.k.p.i.IntermediateProofReplayer Proof replay took 357.2ns 
153035     DEBUG main            d.u.i.k.p.r.p.TestFile    ... success: reloaded. 
153035     INFO  main            d.u.i.k.p.r.p.TestFile    Now processing file /home/runner/work/key/key/key.core/../key.ui/examples/standard_key/prop_log/liarsville.key 
153036     INFO  main            d.u.i.k.p.i.AbstractProblemLoader Loading environment from /home/runner/work/key/key/key.core/../key.ui/examples/standard_key/prop_log/liarsville.key 
153036     DEBUG main            d.u.i.k.p.i.AbstractProblemLoader Environment load took 120.1ns 
153037     INFO  main            d.u.i.k.p.i.AbstractProblemLoader Creating init config 
155311     DEBUG main            d.u.i.k.p.i.AbstractProblemLoader Init config took 2.27s 
155323     INFO  main            d.u.i.k.p.i.AbstractProblemLoader Replaying proof liarsville.key 
155325     DEBUG main            d.u.i.k.p.i.IntermediateProofReplayer Proof replay took 6.6ns 
155426     INFO  main            d.u.i.k.p.r.p.TestFile    ... finished proof: closed. 
155675     INFO  main            d.u.i.k.p.i.AbstractProblemLoader Loading environment from /home/runner/work/key/key/key.core/../key.ui/examples/standard_key/prop_log/liarsville.key.proof 
155675     DEBUG main            d.u.i.k.p.i.AbstractProblemLoader Environment load took 85.2ns 
155676     INFO  main            d.u.i.k.p.i.AbstractProblemLoader Creating init config 
157878     DEBUG main            d.u.i.k.p.i.AbstractProblemLoader Init config took 2.2s 
157900     INFO  main            d.u.i.k.p.i.AbstractProblemLoader Replaying proof liarsville.key.proof 
157902     DEBUG main            d.u.i.k.p.i.IntermediateProofReplayer Proof replay took 891.61ns 
157903     DEBUG main            d.u.i.k.p.r.p.TestFile    ... success: reloaded. 
157903     INFO  main            d.u.i.k.p.r.p.TestFile    Now processing file /home/runner/work/key/key/key.core/../key.ui/examples/standard_key/prop_log/simplest.key 
157904     INFO  main            d.u.i.k.p.i.AbstractProblemLoader Loading environment from /home/runner/work/key/key/key.core/../key.ui/examples/standard_key/prop_log/simplest.key 
157904     DEBUG main            d.u.i.k.p.i.AbstractProblemLoader Environment load took 68.4ns 
157904     INFO  main            d.u.i.k.p.i.AbstractProblemLoader Creating init config 
160147     DEBUG main            d.u.i.k.p.i.AbstractProblemLoader Init config took 2.24s 
160159     INFO  main            d.u.i.k.p.i.AbstractProblemLoader Replaying proof simplest.key 
160159     DEBUG main            d.u.i.k.p.i.IntermediateProofReplayer Proof replay took 5.9ns 
160263     INFO  main            d.u.i.k.p.r.p.TestFile    ... finished proof: closed. 
160512     INFO  main            d.u.i.k.p.i.AbstractProblemLoader Loading environment from /home/runner/work/key/key/key.core/../key.ui/examples/standard_key/prop_log/simplest.key.proof 
160512     DEBUG main            d.u.i.k.p.i.AbstractProblemLoader Environment load took 82.1ns 
160513     INFO  main            d.u.i.k.p.i.AbstractProblemLoader Creating init config 
162734     DEBUG main            d.u.i.k.p.i.AbstractProblemLoader Init config took 2.22s 
162746     INFO  main            d.u.i.k.p.i.AbstractProblemLoader Replaying proof simplest.key.proof 
162747     DEBUG main            d.u.i.k.p.i.IntermediateProofReplayer Proof replay took 84.4ns 
162747     DEBUG main            d.u.i.k.p.r.p.TestFile    ... success: reloaded. 
162748     INFO  main            d.u.i.k.p.r.p.TestFile    Now processing file /home/runner/work/key/key/key.core/../key.ui/examples/standard_key/prop_log/contraposition.key 
162748     INFO  main            d.u.i.k.p.i.AbstractProblemLoader Loading environment from /home/runner/work/key/key/key.core/../key.ui/examples/standard_key/prop_log/contraposition.key 
162748     DEBUG main            d.u.i.k.p.i.AbstractProblemLoader Environment load took 52.8ns 
162749     INFO  main            d.u.i.k.p.i.AbstractProblemLoader Creating init config 
165009     DEBUG main            d.u.i.k.p.i.AbstractProblemLoader Init config took 2.26s 
165021     INFO  main            d.u.i.k.p.i.AbstractProblemLoader Replaying proof contraposition.key 
165022     DEBUG main            d.u.i.k.p.i.IntermediateProofReplayer Proof replay took 5.9ns 
165125     INFO  main            d.u.i.k.p.r.p.TestFile    ... finished proof: closed. 
165373     INFO  main            d.u.i.k.p.i.AbstractProblemLoader Loading environment from /home/runner/work/key/key/key.core/../key.ui/examples/standard_key/prop_log/contraposition.key.proof 
165373     DEBUG main            d.u.i.k.p.i.AbstractProblemLoader Environment load took 95.8ns 
165374     INFO  main            d.u.i.k.p.i.AbstractProblemLoader Creating init config 
167578     DEBUG main            d.u.i.k.p.i.AbstractProblemLoader Init config took 2.2s 
167590     INFO  main            d.u.i.k.p.i.AbstractProblemLoader Replaying proof contraposition.key.proof 
167591     DEBUG main            d.u.i.k.p.i.IntermediateProofReplayer Proof replay took 330ns 
167592     DEBUG main            d.u.i.k.p.r.p.TestFile    ... success: reloaded. 
167592     INFO  main            d.u.i.k.p.r.p.TestFile    Now processing file /home/runner/work/key/key/key.core/../key.ui/examples/standard_key/quantifiers/elimination0.key 
167592     INFO  main            d.u.i.k.p.i.AbstractProblemLoader Loading environment from /home/runner/work/key/key/key.core/../key.ui/examples/standard_key/quantifiers/elimination0.key 
167593     DEBUG main            d.u.i.k.p.i.AbstractProblemLoader Environment load took 70.2ns 
167594     INFO  main            d.u.i.k.p.i.AbstractProblemLoader Creating init config 
169827     DEBUG main            d.u.i.k.p.i.AbstractProblemLoader Init config took 2.23s 
169839     INFO  main            d.u.i.k.p.i.AbstractProblemLoader Replaying proof elimination0.key 
169841     DEBUG main            d.u.i.k.p.i.IntermediateProofReplayer Proof replay took 5.7ns 
169943     INFO  main            d.u.i.k.p.r.p.TestFile    ... finished proof: closed. 
170200     INFO  main            d.u.i.k.p.i.AbstractProblemLoader Loading environment from /home/runner/work/key/key/key.core/../key.ui/examples/standard_key/quantifiers/elimination0.key.proof 
170200     DEBUG main            d.u.i.k.p.i.AbstractProblemLoader Environment load took 84.2ns 
170200     INFO  main            d.u.i.k.p.i.AbstractProblemLoader Creating init config 
172408     DEBUG main            d.u.i.k.p.i.AbstractProblemLoader Init config took 2.21s 
172420     INFO  main            d.u.i.k.p.i.AbstractProblemLoader Replaying proof elimination0.key.proof 
172423     DEBUG main            d.u.i.k.p.i.IntermediateProofReplayer Proof replay took 681.3ns 
172423     DEBUG main            d.u.i.k.p.r.p.TestFile    ... success: reloaded. 
172424     INFO  main            d.u.i.k.p.r.p.TestFile    Now processing file /home/runner/work/key/key/key.core/../key.ui/examples/standard_key/quantifiers/heuristic_PUZ001p1-eq.key 
172425     INFO  main            d.u.i.k.p.i.AbstractProblemLoader Loading environment from /home/runner/work/key/key/key.core/../key.ui/examples/standard_key/quantifiers/heuristic_PUZ001p1-eq.key 
172425     DEBUG main            d.u.i.k.p.i.AbstractProblemLoader Environment load took 141.6ns 
172426     INFO  main            d.u.i.k.p.i.AbstractProblemLoader Creating init config 
174670     DEBUG main            d.u.i.k.p.i.AbstractProblemLoader Init config took 2.24s 
174683     INFO  main            d.u.i.k.p.i.AbstractProblemLoader Replaying proof heuristic_PUZ001p1-eq.key 
174685     DEBUG main            d.u.i.k.p.i.IntermediateProofReplayer Proof replay took 24.6ns 
174787     INFO  main            d.u.i.k.p.r.p.TestFile    ... finished proof: closed. 
175123     INFO  main            d.u.i.k.p.i.AbstractProblemLoader Loading environment from /home/runner/work/key/key/key.core/../key.ui/examples/standard_key/quantifiers/heuristic_PUZ001p1-eq.key.proof 
175123     DEBUG main            d.u.i.k.p.i.AbstractProblemLoader Environment load took 91.4ns 
175124     INFO  main            d.u.i.k.p.i.AbstractProblemLoader Creating init config 
177334     DEBUG main            d.u.i.k.p.i.AbstractProblemLoader Init config took 2.21s 
177347     INFO  main            d.u.i.k.p.i.AbstractProblemLoader Replaying proof heuristic_PUZ001p1-eq.key.proof 
177354     DEBUG main            d.u.i.k.p.i.IntermediateProofReplayer Proof replay took 5.25ms 
177355     DEBUG main            d.u.i.k.p.r.p.TestFile    ... success: reloaded. 
177356     INFO  main            d.u.i.k.p.r.p.TestFile    Now processing file /home/runner/work/key/key/key.core/../key.ui/examples/standard_key/quantifiers/heuristic_PUZ001p1.key 
177356     INFO  main            d.u.i.k.p.i.AbstractProblemLoader Loading environment from /home/runner/work/key/key/key.core/../key.ui/examples/standard_key/quantifiers/heuristic_PUZ001p1.key 
177356     DEBUG main            d.u.i.k.p.i.AbstractProblemLoader Environment load took 72.9ns 
177357     INFO  main            d.u.i.k.p.i.AbstractProblemLoader Creating init config 
179609     DEBUG main            d.u.i.k.p.i.AbstractProblemLoader Init config took 2.25s 
179624     INFO  main            d.u.i.k.p.i.AbstractProblemLoader Replaying proof heuristic_PUZ001p1.key 
179625     DEBUG main            d.u.i.k.p.i.IntermediateProofReplayer Proof replay took 5.2ns 
180956     INFO  main            d.u.i.k.p.r.p.TestFile    ... finished proof: closed. 
181239     INFO  main            d.u.i.k.p.i.AbstractProblemLoader Loading environment from /home/runner/work/key/key/key.core/../key.ui/examples/standard_key/quantifiers/heuristic_PUZ001p1.key.proof 
181240     DEBUG main            d.u.i.k.p.i.AbstractProblemLoader Environment load took 293.3ns 
181241     INFO  main            d.u.i.k.p.i.AbstractProblemLoader Creating init config 
183454     DEBUG main            d.u.i.k.p.i.AbstractProblemLoader Init config took 2.21s 
183467     INFO  main            d.u.i.k.p.i.AbstractProblemLoader Replaying proof heuristic_PUZ001p1.key.proof 
183495     DEBUG main            d.u.i.k.p.i.IntermediateProofReplayer Proof replay took 23.49ms 
183496     DEBUG main            d.u.i.k.p.r.p.TestFile    ... success: reloaded. 
183497     INFO  main            d.u.i.k.p.r.p.TestFile    Now processing file /home/runner/work/key/key/key.core/../key.ui/examples/standard_key/quantifiers/heuristic_PUZ031p1.key 
183498     INFO  main            d.u.i.k.p.i.AbstractProblemLoader Loading environment from /home/runner/work/key/key/key.core/../key.ui/examples/standard_key/quantifiers/heuristic_PUZ031p1.key 
183498     DEBUG main            d.u.i.k.p.i.AbstractProblemLoader Environment load took 139.4ns 
183499     INFO  main            d.u.i.k.p.i.AbstractProblemLoader Creating init config 
185769     DEBUG main            d.u.i.k.p.i.AbstractProblemLoader Init config took 2.27s 
185783     INFO  main            d.u.i.k.p.i.AbstractProblemLoader Replaying proof heuristic_PUZ031p1.key 
185784     DEBUG main            d.u.i.k.p.i.IntermediateProofReplayer Proof replay took 5.9ns 
190394     INFO  main            d.u.i.k.p.r.p.TestFile    ... finished proof: closed. 
190692     INFO  main            d.u.i.k.p.i.AbstractProblemLoader Loading environment from /home/runner/work/key/key/key.core/../key.ui/examples/standard_key/quantifiers/heuristic_PUZ031p1.key.proof 
190694     DEBUG main            d.u.i.k.p.i.AbstractProblemLoader Environment load took 2.26ms 
190696     INFO  main            d.u.i.k.p.i.AbstractProblemLoader Creating init config 
192883     DEBUG main            d.u.i.k.p.i.AbstractProblemLoader Init config took 2.19s 
192897     INFO  main            d.u.i.k.p.i.AbstractProblemLoader Replaying proof heuristic_PUZ031p1.key.proof 
192937     DEBUG main            d.u.i.k.p.i.IntermediateProofReplayer Proof replay took 36.09ms 
192938     DEBUG main            d.u.i.k.p.r.p.TestFile    ... success: reloaded. 
192938     INFO  main            d.u.i.k.p.r.p.TestFile    Now processing file /home/runner/work/key/key/key.core/../key.ui/examples/standard_key/quantifiers/heuristic_SYN036p2.key 
192939     INFO  main            d.u.i.k.p.i.AbstractProblemLoader Loading environment from /home/runner/work/key/key/key.core/../key.ui/examples/standard_key/quantifiers/heuristic_SYN036p2.key 
192939     DEBUG main            d.u.i.k.p.i.AbstractProblemLoader Environment load took 69.2ns 
192940     INFO  main            d.u.i.k.p.i.AbstractProblemLoader Creating init config 
195164     DEBUG main            d.u.i.k.p.i.AbstractProblemLoader Init config took 2.22s 
195176     INFO  main            d.u.i.k.p.i.AbstractProblemLoader Replaying proof heuristic_SYN036p2.key 
195177     DEBUG main            d.u.i.k.p.i.IntermediateProofReplayer Proof replay took 6.2ns 
195382     INFO  main            d.u.i.k.p.r.p.TestFile    ... finished proof: closed. 
195694     INFO  main            d.u.i.k.p.i.AbstractProblemLoader Loading environment from /home/runner/work/key/key/key.core/../key.ui/examples/standard_key/quantifiers/heuristic_SYN036p2.key.proof 
195694     DEBUG main            d.u.i.k.p.i.AbstractProblemLoader Environment load took 304.4ns 
195695     INFO  main            d.u.i.k.p.i.AbstractProblemLoader Creating init config 
197891     DEBUG main            d.u.i.k.p.i.AbstractProblemLoader Init config took 2.2s 
197903     INFO  main            d.u.i.k.p.i.AbstractProblemLoader Replaying proof heuristic_SYN036p2.key.proof 
197941     DEBUG main            d.u.i.k.p.i.IntermediateProofReplayer Proof replay took 31.5ms 
197942     DEBUG main            d.u.i.k.p.r.p.TestFile    ... success: reloaded. 
197943     INFO  main            d.u.i.k.p.r.p.TestFile    Now processing file /home/runner/work/key/key/key.core/../key.ui/examples/standard_key/quantifiers/injectivity.key 
197943     INFO  main            d.u.i.k.p.i.AbstractProblemLoader Loading environment from /home/runner/work/key/key/key.core/../key.ui/examples/standard_key/quantifiers/injectivity.key 
197943     DEBUG main            d.u.i.k.p.i.AbstractProblemLoader Environment load took 89.2ns 
197944     INFO  main            d.u.i.k.p.i.AbstractProblemLoader Creating init config 
200171     DEBUG main            d.u.i.k.p.i.AbstractProblemLoader Init config took 2.23s 
200183     INFO  main            d.u.i.k.p.i.AbstractProblemLoader Replaying proof injectivity.key 
200185     DEBUG main            d.u.i.k.p.i.IntermediateProofReplayer Proof replay took 6ns 
200286     INFO  main            d.u.i.k.p.r.p.TestFile    ... finished proof: closed. 
200572     INFO  main            d.u.i.k.p.i.AbstractProblemLoader Loading environment from /home/runner/work/key/key/key.core/../key.ui/examples/standard_key/quantifiers/injectivity.key.proof 
200572     DEBUG main            d.u.i.k.p.i.AbstractProblemLoader Environment load took 81ns 
200573     INFO  main            d.u.i.k.p.i.AbstractProblemLoader Creating init config 
202770     DEBUG main            d.u.i.k.p.i.AbstractProblemLoader Init config took 2.2s 
202782     INFO  main            d.u.i.k.p.i.AbstractProblemLoader Replaying proof injectivity.key.proof 
202784     DEBUG main            d.u.i.k.p.i.IntermediateProofReplayer Proof replay took 887.71ns 
202785     DEBUG main            d.u.i.k.p.r.p.TestFile    ... success: reloaded. 
202785     INFO  main            d.u.i.k.p.r.p.TestFile    Now processing file /home/runner/work/key/key/key.core/../key.ui/examples/standard_key/quantifiers/normalisation0.key 
202785     INFO  main            d.u.i.k.p.i.AbstractProblemLoader Loading environment from /home/runner/work/key/key/key.core/../key.ui/examples/standard_key/quantifiers/normalisation0.key 
202786     DEBUG main            d.u.i.k.p.i.AbstractProblemLoader Environment load took 44ns 
202787     INFO  main            d.u.i.k.p.i.AbstractProblemLoader Creating init config 
204997     DEBUG main            d.u.i.k.p.i.AbstractProblemLoader Init config took 2.21s 
205009     INFO  main            d.u.i.k.p.i.AbstractProblemLoader Replaying proof normalisation0.key 
205010     DEBUG main            d.u.i.k.p.i.IntermediateProofReplayer Proof replay took 5.5ns 
205113     INFO  main            d.u.i.k.p.r.p.TestFile    ... finished proof: closed. 
205477     INFO  main            d.u.i.k.p.i.AbstractProblemLoader Loading environment from /home/runner/work/key/key/key.core/../key.ui/examples/standard_key/quantifiers/normalisation0.key.proof 
205477     DEBUG main            d.u.i.k.p.i.AbstractProblemLoader Environment load took 76.4ns 
205478     INFO  main            d.u.i.k.p.i.AbstractProblemLoader Creating init config 
207661     DEBUG main            d.u.i.k.p.i.AbstractProblemLoader Init config took 2.18s 
207673     INFO  main            d.u.i.k.p.i.AbstractProblemLoader Replaying proof normalisation0.key.proof 
207677     DEBUG main            d.u.i.k.p.i.IntermediateProofReplayer Proof replay took 2.53ms 
207679     DEBUG main            d.u.i.k.p.r.p.TestFile    ... success: reloaded. 
207680     INFO  main            d.u.i.k.p.r.p.TestFile    Now processing file /home/runner/work/key/key/key.core/../key.ui/examples/standard_key/quantifiers/normalisation1.key 
207680     INFO  main            d.u.i.k.p.i.AbstractProblemLoader Loading environment from /home/runner/work/key/key/key.core/../key.ui/examples/standard_key/quantifiers/normalisation1.key 
207680     DEBUG main            d.u.i.k.p.i.AbstractProblemLoader Environment load took 43.3ns 
207681     INFO  main            d.u.i.k.p.i.AbstractProblemLoader Creating init config 
209901     DEBUG main            d.u.i.k.p.i.AbstractProblemLoader Init config took 2.22s 
209915     INFO  main            d.u.i.k.p.i.AbstractProblemLoader Replaying proof normalisation1.key 
209916     DEBUG main            d.u.i.k.p.i.IntermediateProofReplayer Proof replay took 6.3ns 
210021     INFO  main            d.u.i.k.p.r.p.TestFile    ... finished proof: closed. 
210324     INFO  main            d.u.i.k.p.i.AbstractProblemLoader Loading environment from /home/runner/work/key/key/key.core/../key.ui/examples/standard_key/quantifiers/normalisation1.key.proof 
210324     DEBUG main            d.u.i.k.p.i.AbstractProblemLoader Environment load took 82ns 
210325     INFO  main            d.u.i.k.p.i.AbstractProblemLoader Creating init config 
212514     DEBUG main            d.u.i.k.p.i.AbstractProblemLoader Init config took 2.19s 
212527     INFO  main            d.u.i.k.p.i.AbstractProblemLoader Replaying proof normalisation1.key.proof 
212529     DEBUG main            d.u.i.k.p.i.IntermediateProofReplayer Proof replay took 859.21ns 
212530     DEBUG main            d.u.i.k.p.r.p.TestFile    ... success: reloaded. 
212538     INFO  main            d.u.i.k.p.r.p.TestFile    Now processing file /home/runner/work/key/key/key.core/../key.ui/examples/standard_key/quantifiers/normalisation2.key 
212539     INFO  main            d.u.i.k.p.i.AbstractProblemLoader Loading environment from /home/runner/work/key/key/key.core/../key.ui/examples/standard_key/quantifiers/normalisation2.key 
212539     DEBUG main            d.u.i.k.p.i.AbstractProblemLoader Environment load took 70.5ns 
212540     INFO  main            d.u.i.k.p.i.AbstractProblemLoader Creating init config 
214758     DEBUG main            d.u.i.k.p.i.AbstractProblemLoader Init config took 2.22s 
214770     INFO  main            d.u.i.k.p.i.AbstractProblemLoader Replaying proof normalisation2.key 
214771     DEBUG main            d.u.i.k.p.i.IntermediateProofReplayer Proof replay took 6.9ns 
214873     INFO  main            d.u.i.k.p.r.p.TestFile    ... finished proof: closed. 
215281     INFO  main            d.u.i.k.p.i.AbstractProblemLoader Loading environment from /home/runner/work/key/key/key.core/../key.ui/examples/standard_key/quantifiers/normalisation2.key.proof 
215281     DEBUG main            d.u.i.k.p.i.AbstractProblemLoader Environment load took 80.8ns 
215282     INFO  main            d.u.i.k.p.i.AbstractProblemLoader Creating init config 
217469     DEBUG main            d.u.i.k.p.i.AbstractProblemLoader Init config took 2.19s 
217483     INFO  main            d.u.i.k.p.i.AbstractProblemLoader Replaying proof normalisation2.key.proof 
217485     DEBUG main            d.u.i.k.p.i.IntermediateProofReplayer Proof replay took 1.07ms 
217486     DEBUG main            d.u.i.k.p.r.p.TestFile    ... success: reloaded. 
217487     INFO  main            d.u.i.k.p.r.p.TestFile    Now processing file /home/runner/work/key/key/key.core/../key.ui/examples/standard_key/quantifiers/normalisation3.key 
217487     INFO  main            d.u.i.k.p.i.AbstractProblemLoader Loading environment from /home/runner/work/key/key/key.core/../key.ui/examples/standard_key/quantifiers/normalisation3.key 
217487     DEBUG main            d.u.i.k.p.i.AbstractProblemLoader Environment load took 136.7ns 
217488     INFO  main            d.u.i.k.p.i.AbstractProblemLoader Creating init config 
219716     DEBUG main            d.u.i.k.p.i.AbstractProblemLoader Init config took 2.23s 
219728     INFO  main            d.u.i.k.p.i.AbstractProblemLoader Replaying proof normalisation3.key 
219730     DEBUG main            d.u.i.k.p.i.IntermediateProofReplayer Proof replay took 6.6ns 
219831     INFO  main            d.u.i.k.p.r.p.TestFile    ... finished proof: closed. 
220126     INFO  main            d.u.i.k.p.i.AbstractProblemLoader Loading environment from /home/runner/work/key/key/key.core/../key.ui/examples/standard_key/quantifiers/normalisation3.key.proof 
220127     DEBUG main            d.u.i.k.p.i.AbstractProblemLoader Environment load took 81.8ns 
220128     INFO  main            d.u.i.k.p.i.AbstractProblemLoader Creating init config 
222308     DEBUG main            d.u.i.k.p.i.AbstractProblemLoader Init config took 2.18s 
222320     INFO  main            d.u.i.k.p.i.AbstractProblemLoader Replaying proof normalisation3.key.proof 
222322     DEBUG main            d.u.i.k.p.i.IntermediateProofReplayer Proof replay took 991.31ns 
222323     DEBUG main            d.u.i.k.p.r.p.TestFile    ... success: reloaded. 
222323     INFO  main            d.u.i.k.p.r.p.TestFile    Now processing file /home/runner/work/key/key/key.core/../key.ui/examples/standard_key/quantifiers/normalisation4.key 
222324     INFO  main            d.u.i.k.p.i.AbstractProblemLoader Loading environment from /home/runner/work/key/key/key.core/../key.ui/examples/standard_key/quantifiers/normalisation4.key 
222324     DEBUG main            d.u.i.k.p.i.AbstractProblemLoader Environment load took 85.1ns 
222325     INFO  main            d.u.i.k.p.i.AbstractProblemLoader Creating init config 
224551     DEBUG main            d.u.i.k.p.i.AbstractProblemLoader Init config took 2.23s 
224563     INFO  main            d.u.i.k.p.i.AbstractProblemLoader Replaying proof normalisation4.key 
224564     DEBUG main            d.u.i.k.p.i.IntermediateProofReplayer Proof replay took 6.9ns 
224666     INFO  main            d.u.i.k.p.r.p.TestFile    ... finished proof: closed. 
224972     INFO  main            d.u.i.k.p.i.AbstractProblemLoader Loading environment from /home/runner/work/key/key/key.core/../key.ui/examples/standard_key/quantifiers/normalisation4.key.proof 
224972     DEBUG main            d.u.i.k.p.i.AbstractProblemLoader Environment load took 84.2ns 
224973     INFO  main            d.u.i.k.p.i.AbstractProblemLoader Creating init config 
227161     DEBUG main            d.u.i.k.p.i.AbstractProblemLoader Init config took 2.19s 
227174     INFO  main            d.u.i.k.p.i.AbstractProblemLoader Replaying proof normalisation4.key.proof 
227177     DEBUG main            d.u.i.k.p.i.IntermediateProofReplayer Proof replay took 1.86ms 
227178     DEBUG main            d.u.i.k.p.r.p.TestFile    ... success: reloaded. 
227178     INFO  main            d.u.i.k.p.r.p.TestFile    Now processing file /home/runner/work/key/key/key.core/../key.ui/examples/standard_key/quantifiers/normalisation5.key 
227179     INFO  main            d.u.i.k.p.i.AbstractProblemLoader Loading environment from /home/runner/work/key/key/key.core/../key.ui/examples/standard_key/quantifiers/normalisation5.key 
227179     DEBUG main            d.u.i.k.p.i.AbstractProblemLoader Environment load took 137.3ns 
227180     INFO  main            d.u.i.k.p.i.AbstractProblemLoader Creating init config 
229392     DEBUG main            d.u.i.k.p.i.AbstractProblemLoader Init config took 2.21s 
229404     INFO  main            d.u.i.k.p.i.AbstractProblemLoader Replaying proof normalisation5.key 
229405     DEBUG main            d.u.i.k.p.i.IntermediateProofReplayer Proof replay took 5.8ns 
229507     INFO  main            d.u.i.k.p.r.p.TestFile    ... finished proof: closed. 
229813     INFO  main            d.u.i.k.p.i.AbstractProblemLoader Loading environment from /home/runner/work/key/key/key.core/../key.ui/examples/standard_key/quantifiers/normalisation5.key.proof 
229813     DEBUG main            d.u.i.k.p.i.AbstractProblemLoader Environment load took 85.8ns 
229814     INFO  main            d.u.i.k.p.i.AbstractProblemLoader Creating init config 
232051     DEBUG main            d.u.i.k.p.i.AbstractProblemLoader Init config took 2.24s 
232063     INFO  main            d.u.i.k.p.i.AbstractProblemLoader Replaying proof normalisation5.key.proof 
232066     DEBUG main            d.u.i.k.p.i.IntermediateProofReplayer Proof replay took 1.29ms 
232066     DEBUG main            d.u.i.k.p.r.p.TestFile    ... success: reloaded. 
232067     INFO  main            d.u.i.k.p.r.p.TestFile    Now processing file /home/runner/work/key/key/key.core/../key.ui/examples/standard_key/quantifiers/normalisation6.key 
232067     INFO  main            d.u.i.k.p.i.AbstractProblemLoader Loading environment from /home/runner/work/key/key/key.core/../key.ui/examples/standard_key/quantifiers/normalisation6.key 
232067     DEBUG main            d.u.i.k.p.i.AbstractProblemLoader Environment load took 131.2ns 
232068     INFO  main            d.u.i.k.p.i.AbstractProblemLoader Creating init config 
234316     DEBUG main            d.u.i.k.p.i.AbstractProblemLoader Init config took 2.25s 
234328     INFO  main            d.u.i.k.p.i.AbstractProblemLoader Replaying proof normalisation6.key 
234329     DEBUG main            d.u.i.k.p.i.IntermediateProofReplayer Proof replay took 6.3ns 
234431     INFO  main            d.u.i.k.p.r.p.TestFile    ... finished proof: closed. 
234742     INFO  main            d.u.i.k.p.i.AbstractProblemLoader Loading environment from /home/runner/work/key/key/key.core/../key.ui/examples/standard_key/quantifiers/normalisation6.key.proof 
234742     DEBUG main            d.u.i.k.p.i.AbstractProblemLoader Environment load took 77.4ns 
234743     INFO  main            d.u.i.k.p.i.AbstractProblemLoader Creating init config 
236944     DEBUG main            d.u.i.k.p.i.AbstractProblemLoader Init config took 2.2s 
236956     INFO  main            d.u.i.k.p.i.AbstractProblemLoader Replaying proof normalisation6.key.proof 
236959     DEBUG main            d.u.i.k.p.i.IntermediateProofReplayer Proof replay took 1.15ms 
236959     DEBUG main            d.u.i.k.p.r.p.TestFile    ... success: reloaded. 
236960     INFO  main            d.u.i.k.p.r.p.TestFile    Now processing file /home/runner/work/key/key/key.core/../key.ui/examples/standard_key/quantifiers/normalisation7.key 
236960     INFO  main            d.u.i.k.p.i.AbstractProblemLoader Loading environment from /home/runner/work/key/key/key.core/../key.ui/examples/standard_key/quantifiers/normalisation7.key 
236960     DEBUG main            d.u.i.k.p.i.AbstractProblemLoader Environment load took 68ns 
236961     INFO  main            d.u.i.k.p.i.AbstractProblemLoader Creating init config 
239186     DEBUG main            d.u.i.k.p.i.AbstractProblemLoader Init config took 2.22s 
239198     INFO  main            d.u.i.k.p.i.AbstractProblemLoader Replaying proof normalisation7.key 
239199     DEBUG main            d.u.i.k.p.i.IntermediateProofReplayer Proof replay took 6.5ns 
239301     INFO  main            d.u.i.k.p.r.p.TestFile    ... finished proof: closed. 
239624     INFO  main            d.u.i.k.p.i.AbstractProblemLoader Loading environment from /home/runner/work/key/key/key.core/../key.ui/examples/standard_key/quantifiers/normalisation7.key.proof 
239625     DEBUG main            d.u.i.k.p.i.AbstractProblemLoader Environment load took 114.2ns 
239625     INFO  main            d.u.i.k.p.i.AbstractProblemLoader Creating init config 
241812     DEBUG main            d.u.i.k.p.i.AbstractProblemLoader Init config took 2.19s 
241825     INFO  main            d.u.i.k.p.i.AbstractProblemLoader Replaying proof normalisation7.key.proof 
241827     DEBUG main            d.u.i.k.p.i.IntermediateProofReplayer Proof replay took 868.61ns 
241828     DEBUG main            d.u.i.k.p.r.p.TestFile    ... success: reloaded. 
241828     INFO  main            d.u.i.k.p.r.p.TestFile    Now processing file /home/runner/work/key/key/key.core/../key.ui/examples/standard_key/quantifiers/normalisation8.key 
241829     INFO  main            d.u.i.k.p.i.AbstractProblemLoader Loading environment from /home/runner/work/key/key/key.core/../key.ui/examples/standard_key/quantifiers/normalisation8.key 
241829     DEBUG main            d.u.i.k.p.i.AbstractProblemLoader Environment load took 69.7ns 
241830     INFO  main            d.u.i.k.p.i.AbstractProblemLoader Creating init config 
244043     DEBUG main            d.u.i.k.p.i.AbstractProblemLoader Init config took 2.21s 
244055     INFO  main            d.u.i.k.p.i.AbstractProblemLoader Replaying proof normalisation8.key 
244056     DEBUG main            d.u.i.k.p.i.IntermediateProofReplayer Proof replay took 6.1ns 
244159     INFO  main            d.u.i.k.p.r.p.TestFile    ... finished proof: closed. 
244494     INFO  main            d.u.i.k.p.i.AbstractProblemLoader Loading environment from /home/runner/work/key/key/key.core/../key.ui/examples/standard_key/quantifiers/normalisation8.key.proof 
244494     DEBUG main            d.u.i.k.p.i.AbstractProblemLoader Environment load took 78.9ns 
244495     INFO  main            d.u.i.k.p.i.AbstractProblemLoader Creating init config 
246679     DEBUG main            d.u.i.k.p.i.AbstractProblemLoader Init config took 2.18s 
246691     INFO  main            d.u.i.k.p.i.AbstractProblemLoader Replaying proof normalisation8.key.proof 
246694     DEBUG main            d.u.i.k.p.i.IntermediateProofReplayer Proof replay took 2.08ms 
246695     DEBUG main            d.u.i.k.p.r.p.TestFile    ... success: reloaded. 
246696     INFO  main            d.u.i.k.p.r.p.TestFile    Now processing file /home/runner/work/key/key/key.core/../key.ui/examples/standard_key/quantifiers/normalisation9.key 
246696     INFO  main            d.u.i.k.p.i.AbstractProblemLoader Loading environment from /home/runner/work/key/key/key.core/../key.ui/examples/standard_key/quantifiers/normalisation9.key 
246696     DEBUG main            d.u.i.k.p.i.AbstractProblemLoader Environment load took 85ns 
246697     INFO  main            d.u.i.k.p.i.AbstractProblemLoader Creating init config 
248910     DEBUG main            d.u.i.k.p.i.AbstractProblemLoader Init config took 2.21s 
248923     INFO  main            d.u.i.k.p.i.AbstractProblemLoader Replaying proof normalisation9.key 
248924     DEBUG main            d.u.i.k.p.i.IntermediateProofReplayer Proof replay took 6.9ns 
249025     INFO  main            d.u.i.k.p.r.p.TestFile    ... finished proof: closed. 
249362     INFO  main            d.u.i.k.p.i.AbstractProblemLoader Loading environment from /home/runner/work/key/key/key.core/../key.ui/examples/standard_key/quantifiers/normalisation9.key.proof 
249362     DEBUG main            d.u.i.k.p.i.AbstractProblemLoader Environment load took 76.5ns 
249363     INFO  main            d.u.i.k.p.i.AbstractProblemLoader Creating init config 
251557     DEBUG main            d.u.i.k.p.i.AbstractProblemLoader Init config took 2.19s 
251569     INFO  main            d.u.i.k.p.i.AbstractProblemLoader Replaying proof normalisation9.key.proof 
251573     DEBUG main            d.u.i.k.p.i.IntermediateProofReplayer Proof replay took 2.31ms 
251573     DEBUG main            d.u.i.k.p.r.p.TestFile    ... success: reloaded. 
251574     INFO  main            d.u.i.k.p.r.p.TestFile    Now processing file /home/runner/work/key/key/key.core/../key.ui/examples/standard_key/quantifiers/normalisation10.key 
251574     INFO  main            d.u.i.k.p.i.AbstractProblemLoader Loading environment from /home/runner/work/key/key/key.core/../key.ui/examples/standard_key/quantifiers/normalisation10.key 
251574     DEBUG main            d.u.i.k.p.i.AbstractProblemLoader Environment load took 43.8ns 
251575     INFO  main            d.u.i.k.p.i.AbstractProblemLoader Creating init config 
253807     DEBUG main            d.u.i.k.p.i.AbstractProblemLoader Init config took 2.23s 
253819     INFO  main            d.u.i.k.p.i.AbstractProblemLoader Replaying proof normalisation10.key 
253820     DEBUG main            d.u.i.k.p.i.IntermediateProofReplayer Proof replay took 6.2ns 
253922     INFO  main            d.u.i.k.p.r.p.TestFile    ... finished proof: closed. 
254265     INFO  main            d.u.i.k.p.i.AbstractProblemLoader Loading environment from /home/runner/work/key/key/key.core/../key.ui/examples/standard_key/quantifiers/normalisation10.key.proof 
254265     DEBUG main            d.u.i.k.p.i.AbstractProblemLoader Environment load took 75.4ns 
254266     INFO  main            d.u.i.k.p.i.AbstractProblemLoader Creating init config 
256485     DEBUG main            d.u.i.k.p.i.AbstractProblemLoader Init config took 2.22s 
256497     INFO  main            d.u.i.k.p.i.AbstractProblemLoader Replaying proof normalisation10.key.proof 
256501     DEBUG main            d.u.i.k.p.i.IntermediateProofReplayer Proof replay took 2.54ms 
256502     DEBUG main            d.u.i.k.p.r.p.TestFile    ... success: reloaded. 
256503     INFO  main            d.u.i.k.p.r.p.TestFile    Now processing file /home/runner/work/key/key/key.core/../key.ui/examples/standard_key/quantifiers/normalisation12.key 
256503     INFO  main            d.u.i.k.p.i.AbstractProblemLoader Loading environment from /home/runner/work/key/key/key.core/../key.ui/examples/standard_key/quantifiers/normalisation12.key 
256503     DEBUG main            d.u.i.k.p.i.AbstractProblemLoader Environment load took 66.2ns 
256504     INFO  main            d.u.i.k.p.i.AbstractProblemLoader Creating init config 
258755     DEBUG main            d.u.i.k.p.i.AbstractProblemLoader Init config took 2.25s 
258767     INFO  main            d.u.i.k.p.i.AbstractProblemLoader Replaying proof normalisation12.key 
258768     DEBUG main            d.u.i.k.p.i.IntermediateProofReplayer Proof replay took 6.6ns 
258869     INFO  main            d.u.i.k.p.r.p.TestFile    ... finished proof: closed. 
259213     INFO  main            d.u.i.k.p.i.AbstractProblemLoader Loading environment from /home/runner/work/key/key/key.core/../key.ui/examples/standard_key/quantifiers/normalisation12.key.proof 
259213     DEBUG main            d.u.i.k.p.i.AbstractProblemLoader Environment load took 76.1ns 
259214     INFO  main            d.u.i.k.p.i.AbstractProblemLoader Creating init config 
261407     DEBUG main            d.u.i.k.p.i.AbstractProblemLoader Init config took 2.19s 
261419     INFO  main            d.u.i.k.p.i.AbstractProblemLoader Replaying proof normalisation12.key.proof 
261421     DEBUG main            d.u.i.k.p.i.IntermediateProofReplayer Proof replay took 795.71ns 
261422     DEBUG main            d.u.i.k.p.r.p.TestFile    ... success: reloaded. 
261423     INFO  main            d.u.i.k.p.r.p.TestFile    Now processing file /home/runner/work/key/key/key.core/../key.ui/examples/standard_key/quantifiers/normalisation13.key 
261423     INFO  main            d.u.i.k.p.i.AbstractProblemLoader Loading environment from /home/runner/work/key/key/key.core/../key.ui/examples/standard_key/quantifiers/normalisation13.key 
261423     DEBUG main            d.u.i.k.p.i.AbstractProblemLoader Environment load took 131.6ns 
261424     INFO  main            d.u.i.k.p.i.AbstractProblemLoader Creating init config 
263649     DEBUG main            d.u.i.k.p.i.AbstractProblemLoader Init config took 2.23s 
263661     INFO  main            d.u.i.k.p.i.AbstractProblemLoader Replaying proof normalisation13.key 
263663     DEBUG main            d.u.i.k.p.i.IntermediateProofReplayer Proof replay took 7.3ns 
263764     INFO  main            d.u.i.k.p.r.p.TestFile    ... finished proof: closed. 
264115     INFO  main            d.u.i.k.p.i.AbstractProblemLoader Loading environment from /home/runner/work/key/key/key.core/../key.ui/examples/standard_key/quantifiers/normalisation13.key.proof 
264115     DEBUG main            d.u.i.k.p.i.AbstractProblemLoader Environment load took 76.6ns 
264116     INFO  main            d.u.i.k.p.i.AbstractProblemLoader Creating init config 
266349     DEBUG main            d.u.i.k.p.i.AbstractProblemLoader Init config took 2.23s 
266361     INFO  main            d.u.i.k.p.i.AbstractProblemLoader Replaying proof normalisation13.key.proof 
266362     DEBUG main            d.u.i.k.p.i.IntermediateProofReplayer Proof replay took 437.8ns 
266363     DEBUG main            d.u.i.k.p.r.p.TestFile    ... success: reloaded. 
266364     INFO  main            d.u.i.k.p.r.p.TestFile    Now processing file /home/runner/work/key/key/key.core/../key.ui/examples/standard_key/quantifiers/triggers0.key 
266364     INFO  main            d.u.i.k.p.i.AbstractProblemLoader Loading environment from /home/runner/work/key/key/key.core/../key.ui/examples/standard_key/quantifiers/triggers0.key 
266364     DEBUG main            d.u.i.k.p.i.AbstractProblemLoader Environment load took 43.7ns 
266365     INFO  main            d.u.i.k.p.i.AbstractProblemLoader Creating init config 
268595     DEBUG main            d.u.i.k.p.i.AbstractProblemLoader Init config took 2.23s 
268606     INFO  main            d.u.i.k.p.i.AbstractProblemLoader Replaying proof triggers0.key 
268608     DEBUG main            d.u.i.k.p.i.IntermediateProofReplayer Proof replay took 6.2ns 
268709     INFO  main            d.u.i.k.p.r.p.TestFile    ... finished proof: closed. 
269061     INFO  main            d.u.i.k.p.i.AbstractProblemLoader Loading environment from /home/runner/work/key/key/key.core/../key.ui/examples/standard_key/quantifiers/triggers0.key.proof 
269062     DEBUG main            d.u.i.k.p.i.AbstractProblemLoader Environment load took 79.7ns 
269062     INFO  main            d.u.i.k.p.i.AbstractProblemLoader Creating init config 
271244     DEBUG main            d.u.i.k.p.i.AbstractProblemLoader Init config took 2.18s 
271256     INFO  main            d.u.i.k.p.i.AbstractProblemLoader Replaying proof triggers0.key.proof 
271258     DEBUG main            d.u.i.k.p.i.IntermediateProofReplayer Proof replay took 762.81ns 
271258     DEBUG main            d.u.i.k.p.r.p.TestFile    ... success: reloaded. 
3600017    INFO  Test worker     d.u.i.k.p.r.p.StatisticsFile Returning from test FOL 
3600020    INFO  Test worker     d.u.i.k.p.r.p.StatisticsFile Running test strings 
356        INFO  Timeout watchdog d.u.i.k.p.r.p.ForkedTestFileRunner Timeout watcher launched (2000 secs.) 
369        WARN  main            d.u.i.k.s.ProofSettings   The settings in /home/runner/.key/proof-settings.props are *not* read. 
407        INFO  main            d.u.i.k.p.r.p.TestFile    Now processing file /home/runner/work/key/key/key.core/../key.ui/examples/standard_key/strings/charAt0.key 
558        INFO  main            d.u.i.k.p.i.AbstractProblemLoader Loading environment from /home/runner/work/key/key/key.core/../key.ui/examples/standard_key/strings/charAt0.key 
584        DEBUG main            d.u.i.k.p.i.AbstractProblemLoader Environment load took 5.91ms 
828        INFO  main            d.u.i.k.p.i.AbstractProblemLoader Creating init config 
1638       DEBUG main            d.u.i.k.j.TypeConverter   No LDT found for Meta 
1638       DEBUG main            d.u.i.k.j.TypeConverter   No LDT found for Meta 
1639       DEBUG main            d.u.i.k.j.TypeConverter   No LDT found for Meta 
1640       DEBUG main            d.u.i.k.j.TypeConverter   No LDT found for Meta 
2762       DEBUG main            d.u.i.k.j.TypeConverter   No LDT found for JavaBigintExpression 
7510       DEBUG main            d.u.i.k.p.i.AbstractProblemLoader Init config took 6.68s 
7596       INFO  main            d.u.i.k.p.i.AbstractProblemLoader Replaying proof charAt0.key 
7632       DEBUG main            d.u.i.k.p.i.IntermediateProofReplayer Proof replay took 33.2ns 
8088       INFO  main            d.u.i.k.p.r.p.TestFile    ... finished proof: closed. 
8177       INFO  main            d.u.i.k.p.i.AbstractProblemLoader Loading environment from /home/runner/work/key/key/key.core/../key.ui/examples/standard_key/strings/charAt0.key.proof 
8178       DEBUG main            d.u.i.k.p.i.AbstractProblemLoader Environment load took 876.31ns 
8182       INFO  main            d.u.i.k.p.i.AbstractProblemLoader Creating init config 
11065      DEBUG main            d.u.i.k.p.i.AbstractProblemLoader Init config took 2.88s 
11103      INFO  main            d.u.i.k.p.i.AbstractProblemLoader Replaying proof charAt0.key.proof 
11120      DEBUG main            d.u.i.k.p.i.IntermediateProofReplayer Proof replay took 12.29ms 
11130      DEBUG main            d.u.i.k.p.r.p.TestFile    ... success: reloaded. 
11131      INFO  main            d.u.i.k.p.r.p.TestFile    Now processing file /home/runner/work/key/key/key.core/../key.ui/examples/standard_key/strings/charAt1.key 
11131      INFO  main            d.u.i.k.p.i.AbstractProblemLoader Loading environment from /home/runner/work/key/key/key.core/../key.ui/examples/standard_key/strings/charAt1.key 
11132      DEBUG main            d.u.i.k.p.i.AbstractProblemLoader Environment load took 201.8ns 
11133      INFO  main            d.u.i.k.p.i.AbstractProblemLoader Creating init config 
13823      DEBUG main            d.u.i.k.p.i.AbstractProblemLoader Init config took 2.69s 
13850      INFO  main            d.u.i.k.p.i.AbstractProblemLoader Replaying proof charAt1.key 
13851      DEBUG main            d.u.i.k.p.i.IntermediateProofReplayer Proof replay took 6.1ns 
14058      INFO  main            d.u.i.k.p.r.p.TestFile    ... finished proof: closed. 
14184      INFO  main            d.u.i.k.p.i.AbstractProblemLoader Loading environment from /home/runner/work/key/key/key.core/../key.ui/examples/standard_key/strings/charAt1.key.proof 
14186      DEBUG main            d.u.i.k.p.i.AbstractProblemLoader Environment load took 1.26ms 
14192      INFO  main            d.u.i.k.p.i.AbstractProblemLoader Creating init config 
16843      DEBUG main            d.u.i.k.p.i.AbstractProblemLoader Init config took 2.65s 
16864      INFO  main            d.u.i.k.p.i.AbstractProblemLoader Replaying proof charAt1.key.proof 
16877      DEBUG main            d.u.i.k.p.i.IntermediateProofReplayer Proof replay took 9.65ms 
16878      DEBUG main            d.u.i.k.p.r.p.TestFile    ... success: reloaded. 
16878      INFO  main            d.u.i.k.p.r.p.TestFile    Now processing file /home/runner/work/key/key/key.core/../key.ui/examples/standard_key/strings/concat1.key 
16878      INFO  main            d.u.i.k.p.i.AbstractProblemLoader Loading environment from /home/runner/work/key/key/key.core/../key.ui/examples/standard_key/strings/concat1.key 
16879      DEBUG main            d.u.i.k.p.i.AbstractProblemLoader Environment load took 94.6ns 
16880      INFO  main            d.u.i.k.p.i.AbstractProblemLoader Creating init config 
19462      DEBUG main            d.u.i.k.p.i.AbstractProblemLoader Init config took 2.58s 
19481      INFO  main            d.u.i.k.p.i.AbstractProblemLoader Replaying proof concat1.key 
19483      DEBUG main            d.u.i.k.p.i.IntermediateProofReplayer Proof replay took 5.3ns 
19588      INFO  main            d.u.i.k.p.r.p.TestFile    ... finished proof: closed. 
19708      INFO  main            d.u.i.k.p.i.AbstractProblemLoader Loading environment from /home/runner/work/key/key/key.core/../key.ui/examples/standard_key/strings/concat1.key.proof 
19708      DEBUG main            d.u.i.k.p.i.AbstractProblemLoader Environment load took 118.3ns 
19709      INFO  main            d.u.i.k.p.i.AbstractProblemLoader Creating init config 
22263      DEBUG main            d.u.i.k.p.i.AbstractProblemLoader Init config took 2.55s 
22281      INFO  main            d.u.i.k.p.i.AbstractProblemLoader Replaying proof concat1.key.proof 
22284      DEBUG main            d.u.i.k.p.i.IntermediateProofReplayer Proof replay took 1.04ms 
22285      DEBUG main            d.u.i.k.p.r.p.TestFile    ... success: reloaded. 
22286      INFO  main            d.u.i.k.p.r.p.TestFile    Now processing file /home/runner/work/key/key/key.core/../key.ui/examples/standard_key/strings/concat2.key 
22286      INFO  main            d.u.i.k.p.i.AbstractProblemLoader Loading environment from /home/runner/work/key/key/key.core/../key.ui/examples/standard_key/strings/concat2.key 
22286      DEBUG main            d.u.i.k.p.i.AbstractProblemLoader Environment load took 70.6ns 
22287      INFO  main            d.u.i.k.p.i.AbstractProblemLoader Creating init config 
24841      DEBUG main            d.u.i.k.p.i.AbstractProblemLoader Init config took 2.55s 
24860      INFO  main            d.u.i.k.p.i.AbstractProblemLoader Replaying proof concat2.key 
24861      DEBUG main            d.u.i.k.p.i.IntermediateProofReplayer Proof replay took 5ns 
24964      INFO  main            d.u.i.k.p.r.p.TestFile    ... finished proof: closed. 
25094      INFO  main            d.u.i.k.p.i.AbstractProblemLoader Loading environment from /home/runner/work/key/key/key.core/../key.ui/examples/standard_key/strings/concat2.key.proof 
25095      DEBUG main            d.u.i.k.p.i.AbstractProblemLoader Environment load took 113.3ns 
25098      INFO  main            d.u.i.k.p.i.AbstractProblemLoader Creating init config 
27650      DEBUG main            d.u.i.k.p.i.AbstractProblemLoader Init config took 2.55s 
27670      INFO  main            d.u.i.k.p.i.AbstractProblemLoader Replaying proof concat2.key.proof 
27694      DEBUG main            d.u.i.k.p.i.IntermediateProofReplayer Proof replay took 18.74ms 
27696      DEBUG main            d.u.i.k.p.r.p.TestFile    ... success: reloaded. 
27697      INFO  main            d.u.i.k.p.r.p.TestFile    Now processing file /home/runner/work/key/key/key.core/../key.ui/examples/standard_key/strings/deriveLength1.key 
27697      INFO  main            d.u.i.k.p.i.AbstractProblemLoader Loading environment from /home/runner/work/key/key/key.core/../key.ui/examples/standard_key/strings/deriveLength1.key 
27698      DEBUG main            d.u.i.k.p.i.AbstractProblemLoader Environment load took 90.1ns 
27698      INFO  main            d.u.i.k.p.i.AbstractProblemLoader Creating init config 
30279      DEBUG main            d.u.i.k.p.i.AbstractProblemLoader Init config took 2.58s 
30297      INFO  main            d.u.i.k.p.i.AbstractProblemLoader Replaying proof deriveLength1.key 
30298      DEBUG main            d.u.i.k.p.i.IntermediateProofReplayer Proof replay took 5.4ns 
30400      INFO  main            d.u.i.k.p.r.p.TestFile    ... finished proof: closed. 
30529      INFO  main            d.u.i.k.p.i.AbstractProblemLoader Loading environment from /home/runner/work/key/key/key.core/../key.ui/examples/standard_key/strings/deriveLength1.key.proof 
30529      DEBUG main            d.u.i.k.p.i.AbstractProblemLoader Environment load took 107.6ns 
30530      INFO  main            d.u.i.k.p.i.AbstractProblemLoader Creating init config 
33014      DEBUG main            d.u.i.k.p.i.AbstractProblemLoader Init config took 2.48s 
33032      INFO  main            d.u.i.k.p.i.AbstractProblemLoader Replaying proof deriveLength1.key.proof 
33042      DEBUG main            d.u.i.k.p.i.IntermediateProofReplayer Proof replay took 8.05ms 
33045      DEBUG main            d.u.i.k.p.r.p.TestFile    ... success: reloaded. 
33047      INFO  main            d.u.i.k.p.r.p.TestFile    Now processing file /home/runner/work/key/key/key.core/../key.ui/examples/standard_key/strings/emptyStringLengthZero.key 
33047      INFO  main            d.u.i.k.p.i.AbstractProblemLoader Loading environment from /home/runner/work/key/key/key.core/../key.ui/examples/standard_key/strings/emptyStringLengthZero.key 
33047      DEBUG main            d.u.i.k.p.i.AbstractProblemLoader Environment load took 102.8ns 
33048      INFO  main            d.u.i.k.p.i.AbstractProblemLoader Creating init config 
35567      DEBUG main            d.u.i.k.p.i.AbstractProblemLoader Init config took 2.52s 
35585      INFO  main            d.u.i.k.p.i.AbstractProblemLoader Replaying proof emptyStringLengthZero.key 
35586      DEBUG main            d.u.i.k.p.i.IntermediateProofReplayer Proof replay took 6ns 
35689      INFO  main            d.u.i.k.p.r.p.TestFile    ... finished proof: closed. 
35828      INFO  main            d.u.i.k.p.i.AbstractProblemLoader Loading environment from /home/runner/work/key/key/key.core/../key.ui/examples/standard_key/strings/emptyStringLengthZero.key.proof 
35828      DEBUG main            d.u.i.k.p.i.AbstractProblemLoader Environment load took 114.9ns 
35829      INFO  main            d.u.i.k.p.i.AbstractProblemLoader Creating init config 
38283      DEBUG main            d.u.i.k.p.i.AbstractProblemLoader Init config took 2.45s 
38300      INFO  main            d.u.i.k.p.i.AbstractProblemLoader Replaying proof emptyStringLengthZero.key.proof 
38305      DEBUG main            d.u.i.k.p.i.IntermediateProofReplayer Proof replay took 2.48ms 
38306      DEBUG main            d.u.i.k.p.r.p.TestFile    ... success: reloaded. 
38306      INFO  main            d.u.i.k.p.r.p.TestFile    Now processing file /home/runner/work/key/key/key.core/../key.ui/examples/standard_key/strings/implicitBooleanStringConversion.key 
38307      INFO  main            d.u.i.k.p.i.AbstractProblemLoader Loading environment from /home/runner/work/key/key/key.core/../key.ui/examples/standard_key/strings/implicitBooleanStringConversion.key 
38307      DEBUG main            d.u.i.k.p.i.AbstractProblemLoader Environment load took 158ns 
38308      INFO  main            d.u.i.k.p.i.AbstractProblemLoader Creating init config 
40841      DEBUG main            d.u.i.k.p.i.AbstractProblemLoader Init config took 2.53s 
40860      INFO  main            d.u.i.k.p.i.AbstractProblemLoader Replaying proof implicitBooleanStringConversion.key 
40861      DEBUG main            d.u.i.k.p.i.IntermediateProofReplayer Proof replay took 5.1ns 
41771      INFO  main            d.u.i.k.p.r.p.TestFile    ... finished proof: closed. 
41949      INFO  main            d.u.i.k.p.i.AbstractProblemLoader Loading environment from /home/runner/work/key/key/key.core/../key.ui/examples/standard_key/strings/implicitBooleanStringConversion.key.proof 
41949      DEBUG main            d.u.i.k.p.i.AbstractProblemLoader Environment load took 454.4ns 
41950      INFO  main            d.u.i.k.p.i.AbstractProblemLoader Creating init config 
44470      DEBUG main            d.u.i.k.p.i.AbstractProblemLoader Init config took 2.52s 
44489      INFO  main            d.u.i.k.p.i.AbstractProblemLoader Replaying proof implicitBooleanStringConversion.key.proof 
44550      DEBUG main            d.u.i.k.p.i.IntermediateProofReplayer Proof replay took 56.13ms 
44551      DEBUG main            d.u.i.k.p.r.p.TestFile    ... success: reloaded. 
44551      INFO  main            d.u.i.k.p.r.p.TestFile    Now processing file /home/runner/work/key/key/key.core/../key.ui/examples/standard_key/strings/implicitBooleanStringConversion2.key 
44552      INFO  main            d.u.i.k.p.i.AbstractProblemLoader Loading environment from /home/runner/work/key/key/key.core/../key.ui/examples/standard_key/strings/implicitBooleanStringConversion2.key 
44552      DEBUG main            d.u.i.k.p.i.AbstractProblemLoader Environment load took 159.7ns 
44553      INFO  main            d.u.i.k.p.i.AbstractProblemLoader Creating init config 
47113      DEBUG main            d.u.i.k.p.i.AbstractProblemLoader Init config took 2.56s 
47130      INFO  main            d.u.i.k.p.i.AbstractProblemLoader Replaying proof implicitBooleanStringConversion2.key 
47132      DEBUG main            d.u.i.k.p.i.IntermediateProofReplayer Proof replay took 6.3ns 
47434      INFO  main            d.u.i.k.p.r.p.TestFile    ... finished proof: closed. 
47597      INFO  main            d.u.i.k.p.i.AbstractProblemLoader Loading environment from /home/runner/work/key/key/key.core/../key.ui/examples/standard_key/strings/implicitBooleanStringConversion2.key.proof 
47598      DEBUG main            d.u.i.k.p.i.AbstractProblemLoader Environment load took 148.5ns 
47599      INFO  main            d.u.i.k.p.i.AbstractProblemLoader Creating init config 
50078      DEBUG main            d.u.i.k.p.i.AbstractProblemLoader Init config took 2.48s 
50096      INFO  main            d.u.i.k.p.i.AbstractProblemLoader Replaying proof implicitBooleanStringConversion2.key.proof 
50117      DEBUG main            d.u.i.k.p.i.IntermediateProofReplayer Proof replay took 18.75ms 
50118      DEBUG main            d.u.i.k.p.r.p.TestFile    ... success: reloaded. 
50119      INFO  main            d.u.i.k.p.r.p.TestFile    Now processing file /home/runner/work/key/key/key.core/../key.ui/examples/standard_key/strings/implicitIntStringConversion.key 
50119      INFO  main            d.u.i.k.p.i.AbstractProblemLoader Loading environment from /home/runner/work/key/key/key.core/../key.ui/examples/standard_key/strings/implicitIntStringConversion.key 
50120      DEBUG main            d.u.i.k.p.i.AbstractProblemLoader Environment load took 182.3ns 
50121      INFO  main            d.u.i.k.p.i.AbstractProblemLoader Creating init config 
52600      DEBUG main            d.u.i.k.p.i.AbstractProblemLoader Init config took 2.48s 
52617      INFO  main            d.u.i.k.p.i.AbstractProblemLoader Replaying proof implicitIntStringConversion.key 
52619      DEBUG main            d.u.i.k.p.i.IntermediateProofReplayer Proof replay took 6.6ns 
53223      INFO  main            d.u.i.k.p.r.p.TestFile    ... finished proof: closed. 
53399      INFO  main            d.u.i.k.p.i.AbstractProblemLoader Loading environment from /home/runner/work/key/key/key.core/../key.ui/examples/standard_key/strings/implicitIntStringConversion.key.proof 
53400      DEBUG main            d.u.i.k.p.i.AbstractProblemLoader Environment load took 341.8ns 
53401      INFO  main            d.u.i.k.p.i.AbstractProblemLoader Creating init config 
55871      DEBUG main            d.u.i.k.p.i.AbstractProblemLoader Init config took 2.47s 
55891      INFO  main            d.u.i.k.p.i.AbstractProblemLoader Replaying proof implicitIntStringConversion.key.proof 
55940      DEBUG main            d.u.i.k.p.i.IntermediateProofReplayer Proof replay took 42.76ms 
55941      DEBUG main            d.u.i.k.p.r.p.TestFile    ... success: reloaded. 
55942      INFO  main            d.u.i.k.p.r.p.TestFile    Now processing file /home/runner/work/key/key/key.core/../key.ui/examples/standard_key/strings/implicitNullStringConversion.key 
55942      INFO  main            d.u.i.k.p.i.AbstractProblemLoader Loading environment from /home/runner/work/key/key/key.core/../key.ui/examples/standard_key/strings/implicitNullStringConversion.key 
55942      DEBUG main            d.u.i.k.p.i.AbstractProblemLoader Environment load took 152.3ns 
55943      INFO  main            d.u.i.k.p.i.AbstractProblemLoader Creating init config 
58441      DEBUG main            d.u.i.k.p.i.AbstractProblemLoader Init config took 2.5s 
58458      INFO  main            d.u.i.k.p.i.AbstractProblemLoader Replaying proof implicitNullStringConversion.key 
58459      DEBUG main            d.u.i.k.p.i.IntermediateProofReplayer Proof replay took 5.7ns 
58665      INFO  main            d.u.i.k.p.r.p.TestFile    ... finished proof: closed. 
58867      INFO  main            d.u.i.k.p.i.AbstractProblemLoader Loading environment from /home/runner/work/key/key/key.core/../key.ui/examples/standard_key/strings/implicitNullStringConversion.key.proof 
58867      DEBUG main            d.u.i.k.p.i.AbstractProblemLoader Environment load took 112.8ns 
58868      INFO  main            d.u.i.k.p.i.AbstractProblemLoader Creating init config 
61390      DEBUG main            d.u.i.k.p.i.AbstractProblemLoader Init config took 2.52s 
61407      INFO  main            d.u.i.k.p.i.AbstractProblemLoader Replaying proof implicitNullStringConversion.key.proof 
61432      DEBUG main            d.u.i.k.p.i.IntermediateProofReplayer Proof replay took 22.12ms 
61434      DEBUG main            d.u.i.k.p.r.p.TestFile    ... success: reloaded. 
61434      INFO  main            d.u.i.k.p.r.p.TestFile    Now processing file /home/runner/work/key/key/key.core/../key.ui/examples/standard_key/strings/implicitNullStringConversion2.key 
61435      INFO  main            d.u.i.k.p.i.AbstractProblemLoader Loading environment from /home/runner/work/key/key/key.core/../key.ui/examples/standard_key/strings/implicitNullStringConversion2.key 
61435      DEBUG main            d.u.i.k.p.i.AbstractProblemLoader Environment load took 154ns 
61436      INFO  main            d.u.i.k.p.i.AbstractProblemLoader Creating init config 
64007      DEBUG main            d.u.i.k.p.i.AbstractProblemLoader Init config took 2.57s 
64025      INFO  main            d.u.i.k.p.i.AbstractProblemLoader Replaying proof implicitNullStringConversion2.key 
64032      DEBUG main            d.u.i.k.p.i.IntermediateProofReplayer Proof replay took 6.8ns 
64235      INFO  main            d.u.i.k.p.r.p.TestFile    ... finished proof: closed. 
64408      INFO  main            d.u.i.k.p.i.AbstractProblemLoader Loading environment from /home/runner/work/key/key/key.core/../key.ui/examples/standard_key/strings/implicitNullStringConversion2.key.proof 
64408      DEBUG main            d.u.i.k.p.i.AbstractProblemLoader Environment load took 112.2ns 
64409      INFO  main            d.u.i.k.p.i.AbstractProblemLoader Creating init config 
67024      DEBUG main            d.u.i.k.p.i.AbstractProblemLoader Init config took 2.62s 
67040      INFO  main            d.u.i.k.p.i.AbstractProblemLoader Replaying proof implicitNullStringConversion2.key.proof 
67055      DEBUG main            d.u.i.k.p.i.IntermediateProofReplayer Proof replay took 12.26ms 
67056      DEBUG main            d.u.i.k.p.r.p.TestFile    ... success: reloaded. 
67057      INFO  main            d.u.i.k.p.r.p.TestFile    Now processing file /home/runner/work/key/key/key.core/../key.ui/examples/standard_key/strings/implicitObjectStringConversion.key 
67058      INFO  main            d.u.i.k.p.i.AbstractProblemLoader Loading environment from /home/runner/work/key/key/key.core/../key.ui/examples/standard_key/strings/implicitObjectStringConversion.key 
67058      DEBUG main            d.u.i.k.p.i.AbstractProblemLoader Environment load took 174.4ns 
67059      INFO  main            d.u.i.k.p.i.AbstractProblemLoader Creating init config 
69835      DEBUG main            d.u.i.k.p.i.AbstractProblemLoader Init config took 2.78s 
69852      INFO  main            d.u.i.k.p.i.AbstractProblemLoader Replaying proof implicitObjectStringConversion.key 
69853      DEBUG main            d.u.i.k.p.i.IntermediateProofReplayer Proof replay took 6.6ns 
70459      INFO  main            d.u.i.k.p.r.p.TestFile    ... finished proof: closed. 
70653      INFO  main            d.u.i.k.p.i.AbstractProblemLoader Loading environment from /home/runner/work/key/key/key.core/../key.ui/examples/standard_key/strings/implicitObjectStringConversion.key.proof 
70654      DEBUG main            d.u.i.k.p.i.AbstractProblemLoader Environment load took 130.4ns 
70655      INFO  main            d.u.i.k.p.i.AbstractProblemLoader Creating init config 
73273      DEBUG main            d.u.i.k.p.i.AbstractProblemLoader Init config took 2.62s 
73289      INFO  main            d.u.i.k.p.i.AbstractProblemLoader Replaying proof implicitObjectStringConversion.key.proof 
73328      DEBUG main            d.u.i.k.p.i.IntermediateProofReplayer Proof replay took 34.94ms 
73329      DEBUG main            d.u.i.k.p.r.p.TestFile    ... success: reloaded. 
73330      INFO  main            d.u.i.k.p.r.p.TestFile    Now processing file /home/runner/work/key/key/key.core/../key.ui/examples/standard_key/strings/literalEquality.key 
73330      INFO  main            d.u.i.k.p.i.AbstractProblemLoader Loading environment from /home/runner/work/key/key/key.core/../key.ui/examples/standard_key/strings/literalEquality.key 
73330      DEBUG main            d.u.i.k.p.i.AbstractProblemLoader Environment load took 148.8ns 
73331      INFO  main            d.u.i.k.p.i.AbstractProblemLoader Creating init config 
75839      DEBUG main            d.u.i.k.p.i.AbstractProblemLoader Init config took 2.51s 
75858      INFO  main            d.u.i.k.p.i.AbstractProblemLoader Replaying proof literalEquality.key 
75859      DEBUG main            d.u.i.k.p.i.IntermediateProofReplayer Proof replay took 5.6ns 
75961      INFO  main            d.u.i.k.p.r.p.TestFile    ... finished proof: closed. 
76147      INFO  main            d.u.i.k.p.i.AbstractProblemLoader Loading environment from /home/runner/work/key/key/key.core/../key.ui/examples/standard_key/strings/literalEquality.key.proof 
76147      DEBUG main            d.u.i.k.p.i.AbstractProblemLoader Environment load took 116.7ns 
76148      INFO  main            d.u.i.k.p.i.AbstractProblemLoader Creating init config 
78593      DEBUG main            d.u.i.k.p.i.AbstractProblemLoader Init config took 2.45s 
78607      INFO  main            d.u.i.k.p.i.AbstractProblemLoader Replaying proof literalEquality.key.proof 
78611      DEBUG main            d.u.i.k.p.i.IntermediateProofReplayer Proof replay took 1.66ms 
78612      DEBUG main            d.u.i.k.p.r.p.TestFile    ... success: reloaded. 
78612      INFO  main            d.u.i.k.p.r.p.TestFile    Now processing file /home/runner/work/key/key/key.core/../key.ui/examples/standard_key/strings/replace0.key 
78613      INFO  main            d.u.i.k.p.i.AbstractProblemLoader Loading environment from /home/runner/work/key/key/key.core/../key.ui/examples/standard_key/strings/replace0.key 
78613      DEBUG main            d.u.i.k.p.i.AbstractProblemLoader Environment load took 148.5ns 
78614      INFO  main            d.u.i.k.p.i.AbstractProblemLoader Creating init config 
81098      DEBUG main            d.u.i.k.p.i.AbstractProblemLoader Init config took 2.48s 
81111      INFO  main            d.u.i.k.p.i.AbstractProblemLoader Replaying proof replace0.key 
81112      DEBUG main            d.u.i.k.p.i.IntermediateProofReplayer Proof replay took 6.1ns 
81217      INFO  main            d.u.i.k.p.r.p.TestFile    ... finished proof: closed. 
81405      INFO  main            d.u.i.k.p.i.AbstractProblemLoader Loading environment from /home/runner/work/key/key/key.core/../key.ui/examples/standard_key/strings/replace0.key.proof 
81405      DEBUG main            d.u.i.k.p.i.AbstractProblemLoader Environment load took 104.1ns 
81406      INFO  main            d.u.i.k.p.i.AbstractProblemLoader Creating init config 
83822      DEBUG main            d.u.i.k.p.i.AbstractProblemLoader Init config took 2.42s 
83838      INFO  main            d.u.i.k.p.i.AbstractProblemLoader Replaying proof replace0.key.proof 
83849      DEBUG main            d.u.i.k.p.i.IntermediateProofReplayer Proof replay took 7.02ms 
83853      DEBUG main            d.u.i.k.p.r.p.TestFile    ... success: reloaded. 
83854      INFO  main            d.u.i.k.p.r.p.TestFile    Now processing file /home/runner/work/key/key/key.core/../key.ui/examples/standard_key/strings/replace1.key 
83854      INFO  main            d.u.i.k.p.i.AbstractProblemLoader Loading environment from /home/runner/work/key/key/key.core/../key.ui/examples/standard_key/strings/replace1.key 
83855      DEBUG main            d.u.i.k.p.i.AbstractProblemLoader Environment load took 153.7ns 
83856      INFO  main            d.u.i.k.p.i.AbstractProblemLoader Creating init config 
86357      DEBUG main            d.u.i.k.p.i.AbstractProblemLoader Init config took 2.5s 
86370      INFO  main            d.u.i.k.p.i.AbstractProblemLoader Replaying proof replace1.key 
86371      DEBUG main            d.u.i.k.p.i.IntermediateProofReplayer Proof replay took 6.4ns 
86477      INFO  main            d.u.i.k.p.r.p.TestFile    ... finished proof: closed. 
86657      INFO  main            d.u.i.k.p.i.AbstractProblemLoader Loading environment from /home/runner/work/key/key/key.core/../key.ui/examples/standard_key/strings/replace1.key.proof 
86657      DEBUG main            d.u.i.k.p.i.AbstractProblemLoader Environment load took 106.2ns 
86658      INFO  main            d.u.i.k.p.i.AbstractProblemLoader Creating init config 
89080      DEBUG main            d.u.i.k.p.i.AbstractProblemLoader Init config took 2.42s 
89093      INFO  main            d.u.i.k.p.i.AbstractProblemLoader Replaying proof replace1.key.proof 
89098      DEBUG main            d.u.i.k.p.i.IntermediateProofReplayer Proof replay took 4.05ms 
89099      DEBUG main            d.u.i.k.p.r.p.TestFile    ... success: reloaded. 
89100      INFO  main            d.u.i.k.p.r.p.TestFile    Now processing file /home/runner/work/key/key/key.core/../key.ui/examples/standard_key/strings/simpleAssignment.key 
89100      INFO  main            d.u.i.k.p.i.AbstractProblemLoader Loading environment from /home/runner/work/key/key/key.core/../key.ui/examples/standard_key/strings/simpleAssignment.key 
89100      DEBUG main            d.u.i.k.p.i.AbstractProblemLoader Environment load took 86.6ns 
89101      INFO  main            d.u.i.k.p.i.AbstractProblemLoader Creating init config 
91546      DEBUG main            d.u.i.k.p.i.AbstractProblemLoader Init config took 2.45s 
91560      INFO  main            d.u.i.k.p.i.AbstractProblemLoader Replaying proof simpleAssignment.key 
91561      DEBUG main            d.u.i.k.p.i.IntermediateProofReplayer Proof replay took 5.1ns 
91662      INFO  main            d.u.i.k.p.r.p.TestFile    ... finished proof: closed. 
91851      INFO  main            d.u.i.k.p.i.AbstractProblemLoader Loading environment from /home/runner/work/key/key/key.core/../key.ui/examples/standard_key/strings/simpleAssignment.key.proof 
91851      DEBUG main            d.u.i.k.p.i.AbstractProblemLoader Environment load took 102.6ns 
91852      INFO  main            d.u.i.k.p.i.AbstractProblemLoader Creating init config 
94283      DEBUG main            d.u.i.k.p.i.AbstractProblemLoader Init config took 2.43s 
94297      INFO  main            d.u.i.k.p.i.AbstractProblemLoader Replaying proof simpleAssignment.key.proof 
94300      DEBUG main            d.u.i.k.p.i.IntermediateProofReplayer Proof replay took 1.16ms 
94301      DEBUG main            d.u.i.k.p.r.p.TestFile    ... success: reloaded. 
94302      INFO  main            d.u.i.k.p.r.p.TestFile    Now processing file /home/runner/work/key/key/key.core/../key.ui/examples/standard_key/strings/simpleLengthComp.key 
94302      INFO  main            d.u.i.k.p.i.AbstractProblemLoader Loading environment from /home/runner/work/key/key/key.core/../key.ui/examples/standard_key/strings/simpleLengthComp.key 
94302      DEBUG main            d.u.i.k.p.i.AbstractProblemLoader Environment load took 109.4ns 
94303      INFO  main            d.u.i.k.p.i.AbstractProblemLoader Creating init config 
96753      DEBUG main            d.u.i.k.p.i.AbstractProblemLoader Init config took 2.45s 
96767      INFO  main            d.u.i.k.p.i.AbstractProblemLoader Replaying proof simpleLengthComp.key 
96770      DEBUG main            d.u.i.k.p.i.IntermediateProofReplayer Proof replay took 5.6ns 
96973      INFO  main            d.u.i.k.p.r.p.TestFile    ... finished proof: closed. 
97169      INFO  main            d.u.i.k.p.i.AbstractProblemLoader Loading environment from /home/runner/work/key/key/key.core/../key.ui/examples/standard_key/strings/simpleLengthComp.key.proof 
97169      DEBUG main            d.u.i.k.p.i.AbstractProblemLoader Environment load took 158ns 
97170      INFO  main            d.u.i.k.p.i.AbstractProblemLoader Creating init config 
99596      DEBUG main            d.u.i.k.p.i.AbstractProblemLoader Init config took 2.43s 
99611      INFO  main            d.u.i.k.p.i.AbstractProblemLoader Replaying proof simpleLengthComp.key.proof 
99632      DEBUG main            d.u.i.k.p.i.IntermediateProofReplayer Proof replay took 19.5ms 
99633      DEBUG main            d.u.i.k.p.r.p.TestFile    ... success: reloaded. 
99634      INFO  main            d.u.i.k.p.r.p.TestFile    Now processing file /home/runner/work/key/key/key.core/../key.ui/examples/standard_key/strings/stringCompileTimeConstant1.key 
99635      INFO  main            d.u.i.k.p.i.AbstractProblemLoader Loading environment from /home/runner/work/key/key/key.core/../key.ui/examples/standard_key/strings/stringCompileTimeConstant1.key 
99635      DEBUG main            d.u.i.k.p.i.AbstractProblemLoader Environment load took 149.5ns 
99636      INFO  main            d.u.i.k.p.i.AbstractProblemLoader Creating init config 
102135     DEBUG main            d.u.i.k.p.i.AbstractProblemLoader Init config took 2.5s 
102149     INFO  main            d.u.i.k.p.i.AbstractProblemLoader Replaying proof stringCompileTimeConstant1.key 
102150     DEBUG main            d.u.i.k.p.i.IntermediateProofReplayer Proof replay took 6.5ns 
102251     INFO  main            d.u.i.k.p.r.p.TestFile    ... finished proof: closed. 
102462     INFO  main            d.u.i.k.p.i.AbstractProblemLoader Loading environment from /home/runner/work/key/key/key.core/../key.ui/examples/standard_key/strings/stringCompileTimeConstant1.key.proof 
102462     DEBUG main            d.u.i.k.p.i.AbstractProblemLoader Environment load took 93.2ns 
102463     INFO  main            d.u.i.k.p.i.AbstractProblemLoader Creating init config 
104894     DEBUG main            d.u.i.k.p.i.AbstractProblemLoader Init config took 2.43s 
104908     INFO  main            d.u.i.k.p.i.AbstractProblemLoader Replaying proof stringCompileTimeConstant1.key.proof 
104912     DEBUG main            d.u.i.k.p.i.IntermediateProofReplayer Proof replay took 2.51ms 
104913     DEBUG main            d.u.i.k.p.r.p.TestFile    ... success: reloaded. 
104913     INFO  main            d.u.i.k.p.r.p.TestFile    Now processing file /home/runner/work/key/key/key.core/../key.ui/examples/standard_key/strings/stringCompileTimeConstant2.key 
104914     INFO  main            d.u.i.k.p.i.AbstractProblemLoader Loading environment from /home/runner/work/key/key/key.core/../key.ui/examples/standard_key/strings/stringCompileTimeConstant2.key 
104914     DEBUG main            d.u.i.k.p.i.AbstractProblemLoader Environment load took 75.7ns 
104914     INFO  main            d.u.i.k.p.i.AbstractProblemLoader Creating init config 
107527     DEBUG main            d.u.i.k.p.i.AbstractProblemLoader Init config took 2.61s 
107540     INFO  main            d.u.i.k.p.i.AbstractProblemLoader Replaying proof stringCompileTimeConstant2.key 
107542     DEBUG main            d.u.i.k.p.i.IntermediateProofReplayer Proof replay took 4.9ns 
110087     INFO  main            d.u.i.k.p.r.p.TestFile    ... finished proof: closed. 
110325     INFO  main            d.u.i.k.p.i.AbstractProblemLoader Loading environment from /home/runner/work/key/key/key.core/../key.ui/examples/standard_key/strings/stringCompileTimeConstant2.key.proof 
110325     DEBUG main            d.u.i.k.p.i.AbstractProblemLoader Environment load took 307.3ns 
110326     INFO  main            d.u.i.k.p.i.AbstractProblemLoader Creating init config 
112906     DEBUG main            d.u.i.k.p.i.AbstractProblemLoader Init config took 2.58s 
112920     INFO  main            d.u.i.k.p.i.AbstractProblemLoader Replaying proof stringCompileTimeConstant2.key.proof 
113156     DEBUG main            d.u.i.k.p.i.IntermediateProofReplayer Proof replay took 226.38ms 
113158     DEBUG main            d.u.i.k.p.r.p.TestFile    ... success: reloaded. 
113159     INFO  main            d.u.i.k.p.r.p.TestFile    Now processing file /home/runner/work/key/key/key.core/../key.ui/examples/standard_key/strings/stringEquality1.key 
113159     INFO  main            d.u.i.k.p.i.AbstractProblemLoader Loading environment from /home/runner/work/key/key/key.core/../key.ui/examples/standard_key/strings/stringEquality1.key 
113159     DEBUG main            d.u.i.k.p.i.AbstractProblemLoader Environment load took 75.9ns 
113160     INFO  main            d.u.i.k.p.i.AbstractProblemLoader Creating init config 
115592     DEBUG main            d.u.i.k.p.i.AbstractProblemLoader Init config took 2.43s 
115622     INFO  main            d.u.i.k.p.i.AbstractProblemLoader Replaying proof stringEquality1.key 
115623     DEBUG main            d.u.i.k.p.i.IntermediateProofReplayer Proof replay took 12.6ns 
115725     INFO  main            d.u.i.k.p.r.p.TestFile    ... finished proof: closed. 
115976     INFO  main            d.u.i.k.p.i.AbstractProblemLoader Loading environment from /home/runner/work/key/key/key.core/../key.ui/examples/standard_key/strings/stringEquality1.key.proof 
115976     DEBUG main            d.u.i.k.p.i.AbstractProblemLoader Environment load took 93.6ns 
115977     INFO  main            d.u.i.k.p.i.AbstractProblemLoader Creating init config 
118369     DEBUG main            d.u.i.k.p.i.AbstractProblemLoader Init config took 2.39s 
118381     INFO  main            d.u.i.k.p.i.AbstractProblemLoader Replaying proof stringEquality1.key.proof 
118387     DEBUG main            d.u.i.k.p.i.IntermediateProofReplayer Proof replay took 3.72ms 
118388     DEBUG main            d.u.i.k.p.r.p.TestFile    ... success: reloaded. 
118388     INFO  main            d.u.i.k.p.r.p.TestFile    Now processing file /home/runner/work/key/key/key.core/../key.ui/examples/standard_key/strings/stringEquality2.key 
118389     INFO  main            d.u.i.k.p.i.AbstractProblemLoader Loading environment from /home/runner/work/key/key/key.core/../key.ui/examples/standard_key/strings/stringEquality2.key 
118389     DEBUG main            d.u.i.k.p.i.AbstractProblemLoader Environment load took 76ns 
118389     INFO  main            d.u.i.k.p.i.AbstractProblemLoader Creating init config 
120815     DEBUG main            d.u.i.k.p.i.AbstractProblemLoader Init config took 2.43s 
120827     INFO  main            d.u.i.k.p.i.AbstractProblemLoader Replaying proof stringEquality2.key 
120828     DEBUG main            d.u.i.k.p.i.IntermediateProofReplayer Proof replay took 5.4ns 
121230     INFO  main            d.u.i.k.p.r.p.TestFile    ... finished proof: closed. 
121462     INFO  main            d.u.i.k.p.i.AbstractProblemLoader Loading environment from /home/runner/work/key/key/key.core/../key.ui/examples/standard_key/strings/stringEquality2.key.proof 
121462     DEBUG main            d.u.i.k.p.i.AbstractProblemLoader Environment load took 103.5ns 
121463     INFO  main            d.u.i.k.p.i.AbstractProblemLoader Creating init config 
123859     DEBUG main            d.u.i.k.p.i.AbstractProblemLoader Init config took 2.4s 
123872     INFO  main            d.u.i.k.p.i.AbstractProblemLoader Replaying proof stringEquality2.key.proof 
123894     DEBUG main            d.u.i.k.p.i.IntermediateProofReplayer Proof replay took 17.37ms 
123895     DEBUG main            d.u.i.k.p.r.p.TestFile    ... success: reloaded. 
123895     INFO  main            d.u.i.k.p.r.p.TestFile    Now processing file /home/runner/work/key/key/key.core/../key.ui/examples/standard_key/strings/substring0.key 
123895     INFO  main            d.u.i.k.p.i.AbstractProblemLoader Loading environment from /home/runner/work/key/key/key.core/../key.ui/examples/standard_key/strings/substring0.key 
123895     DEBUG main            d.u.i.k.p.i.AbstractProblemLoader Environment load took 61.2ns 
123896     INFO  main            d.u.i.k.p.i.AbstractProblemLoader Creating init config 
126355     DEBUG main            d.u.i.k.p.i.AbstractProblemLoader Init config took 2.46s 
126367     INFO  main            d.u.i.k.p.i.AbstractProblemLoader Replaying proof substring0.key 
126368     DEBUG main            d.u.i.k.p.i.IntermediateProofReplayer Proof replay took 6ns 
126473     INFO  main            d.u.i.k.p.r.p.TestFile    ... finished proof: closed. 
126699     INFO  main            d.u.i.k.p.i.AbstractProblemLoader Loading environment from /home/runner/work/key/key/key.core/../key.ui/examples/standard_key/strings/substring0.key.proof 
126699     DEBUG main            d.u.i.k.p.i.AbstractProblemLoader Environment load took 98.3ns 
126700     INFO  main            d.u.i.k.p.i.AbstractProblemLoader Creating init config 
129109     DEBUG main            d.u.i.k.p.i.AbstractProblemLoader Init config took 2.41s 
129122     INFO  main            d.u.i.k.p.i.AbstractProblemLoader Replaying proof substring0.key.proof 
129124     DEBUG main            d.u.i.k.p.i.IntermediateProofReplayer Proof replay took 335.5ns 
129125     DEBUG main            d.u.i.k.p.r.p.TestFile    ... success: reloaded. 
129126     INFO  main            d.u.i.k.p.r.p.TestFile    Now processing file /home/runner/work/key/key/key.core/../key.ui/examples/standard_key/strings/substring1.key 
129126     INFO  main            d.u.i.k.p.i.AbstractProblemLoader Loading environment from /home/runner/work/key/key/key.core/../key.ui/examples/standard_key/strings/substring1.key 
129126     DEBUG main            d.u.i.k.p.i.AbstractProblemLoader Environment load took 71.5ns 
129127     INFO  main            d.u.i.k.p.i.AbstractProblemLoader Creating init config 
131544     DEBUG main            d.u.i.k.p.i.AbstractProblemLoader Init config took 2.42s 
131556     INFO  main            d.u.i.k.p.i.AbstractProblemLoader Replaying proof substring1.key 
131557     DEBUG main            d.u.i.k.p.i.IntermediateProofReplayer Proof replay took 6ns 
131660     INFO  main            d.u.i.k.p.r.p.TestFile    ... finished proof: closed. 
131884     INFO  main            d.u.i.k.p.i.AbstractProblemLoader Loading environment from /home/runner/work/key/key/key.core/../key.ui/examples/standard_key/strings/substring1.key.proof 
131884     DEBUG main            d.u.i.k.p.i.AbstractProblemLoader Environment load took 92.5ns 
131885     INFO  main            d.u.i.k.p.i.AbstractProblemLoader Creating init config 
134279     DEBUG main            d.u.i.k.p.i.AbstractProblemLoader Init config took 2.39s 
134291     INFO  main            d.u.i.k.p.i.AbstractProblemLoader Replaying proof substring1.key.proof 
134293     DEBUG main            d.u.i.k.p.i.IntermediateProofReplayer Proof replay took 382.5ns 
134294     DEBUG main            d.u.i.k.p.r.p.TestFile    ... success: reloaded. 
134294     INFO  main            d.u.i.k.p.r.p.TestFile    Now processing file /home/runner/work/key/key/key.core/../key.ui/examples/standard_key/strings/substring2.key 
134294     INFO  main            d.u.i.k.p.i.AbstractProblemLoader Loading environment from /home/runner/work/key/key/key.core/../key.ui/examples/standard_key/strings/substring2.key 
134294     DEBUG main            d.u.i.k.p.i.AbstractProblemLoader Environment load took 82.6ns 
134295     INFO  main            d.u.i.k.p.i.AbstractProblemLoader Creating init config 
136739     DEBUG main            d.u.i.k.p.i.AbstractProblemLoader Init config took 2.44s 
136752     INFO  main            d.u.i.k.p.i.AbstractProblemLoader Replaying proof substring2.key 
136754     DEBUG main            d.u.i.k.p.i.IntermediateProofReplayer Proof replay took 6.6ns 
136855     INFO  main            d.u.i.k.p.r.p.TestFile    ... finished proof: closed. 
137082     INFO  main            d.u.i.k.p.i.AbstractProblemLoader Loading environment from /home/runner/work/key/key/key.core/../key.ui/examples/standard_key/strings/substring2.key.proof 
137082     DEBUG main            d.u.i.k.p.i.AbstractProblemLoader Environment load took 93.3ns 
137083     INFO  main            d.u.i.k.p.i.AbstractProblemLoader Creating init config 
139471     DEBUG main            d.u.i.k.p.i.AbstractProblemLoader Init config took 2.39s 
139483     INFO  main            d.u.i.k.p.i.AbstractProblemLoader Replaying proof substring2.key.proof 
139485     DEBUG main            d.u.i.k.p.i.IntermediateProofReplayer Proof replay took 628.4ns 
139486     DEBUG main            d.u.i.k.p.r.p.TestFile    ... success: reloaded. 
139487     INFO  main            d.u.i.k.p.r.p.TestFile    Now processing file /home/runner/work/key/key/key.core/../key.ui/examples/standard_key/strings/substring3.key 
139487     INFO  main            d.u.i.k.p.i.AbstractProblemLoader Loading environment from /home/runner/work/key/key/key.core/../key.ui/examples/standard_key/strings/substring3.key 
139487     DEBUG main            d.u.i.k.p.i.AbstractProblemLoader Environment load took 58.5ns 
139488     INFO  main            d.u.i.k.p.i.AbstractProblemLoader Creating init config 
141915     DEBUG main            d.u.i.k.p.i.AbstractProblemLoader Init config took 2.43s 
141927     INFO  main            d.u.i.k.p.i.AbstractProblemLoader Replaying proof substring3.key 
141928     DEBUG main            d.u.i.k.p.i.IntermediateProofReplayer Proof replay took 5.5ns 
142029     INFO  main            d.u.i.k.p.r.p.TestFile    ... finished proof: closed. 
142261     INFO  main            d.u.i.k.p.i.AbstractProblemLoader Loading environment from /home/runner/work/key/key/key.core/../key.ui/examples/standard_key/strings/substring3.key.proof 
142261     DEBUG main            d.u.i.k.p.i.AbstractProblemLoader Environment load took 90.6ns 
142262     INFO  main            d.u.i.k.p.i.AbstractProblemLoader Creating init config 
144669     DEBUG main            d.u.i.k.p.i.AbstractProblemLoader Init config took 2.41s 
144682     INFO  main            d.u.i.k.p.i.AbstractProblemLoader Replaying proof substring3.key.proof 
144685     DEBUG main            d.u.i.k.p.i.IntermediateProofReplayer Proof replay took 1.51ms 
144686     DEBUG main            d.u.i.k.p.r.p.TestFile    ... success: reloaded. 
144686     INFO  main            d.u.i.k.p.r.p.TestFile    Now processing file /home/runner/work/key/key/key.core/../key.ui/examples/standard_key/strings/substring4.key 
144686     INFO  main            d.u.i.k.p.i.AbstractProblemLoader Loading environment from /home/runner/work/key/key/key.core/../key.ui/examples/standard_key/strings/substring4.key 
144687     DEBUG main            d.u.i.k.p.i.AbstractProblemLoader Environment load took 163.7ns 
144687     INFO  main            d.u.i.k.p.i.AbstractProblemLoader Creating init config 
147139     DEBUG main            d.u.i.k.p.i.AbstractProblemLoader Init config took 2.45s 
147152     INFO  main            d.u.i.k.p.i.AbstractProblemLoader Replaying proof substring4.key 
147153     DEBUG main            d.u.i.k.p.i.IntermediateProofReplayer Proof replay took 6.9ns 
147257     INFO  main            d.u.i.k.p.r.p.TestFile    ... finished proof: closed. 
147500     INFO  main            d.u.i.k.p.i.AbstractProblemLoader Loading environment from /home/runner/work/key/key/key.core/../key.ui/examples/standard_key/strings/substring4.key.proof 
147500     DEBUG main            d.u.i.k.p.i.AbstractProblemLoader Environment load took 93.1ns 
147501     INFO  main            d.u.i.k.p.i.AbstractProblemLoader Creating init config 
149908     DEBUG main            d.u.i.k.p.i.AbstractProblemLoader Init config took 2.41s 
149921     INFO  main            d.u.i.k.p.i.AbstractProblemLoader Replaying proof substring4.key.proof 
149924     DEBUG main            d.u.i.k.p.i.IntermediateProofReplayer Proof replay took 1.86ms 
149925     DEBUG main            d.u.i.k.p.r.p.TestFile    ... success: reloaded. 
149926     INFO  main            d.u.i.k.p.r.p.TestFile    Now processing file /home/runner/work/key/key/key.core/../key.ui/examples/standard_key/strings/substring5.key 
149926     INFO  main            d.u.i.k.p.i.AbstractProblemLoader Loading environment from /home/runner/work/key/key/key.core/../key.ui/examples/standard_key/strings/substring5.key 
149926     DEBUG main            d.u.i.k.p.i.AbstractProblemLoader Environment load took 147.2ns 
149927     INFO  main            d.u.i.k.p.i.AbstractProblemLoader Creating init config 
152379     DEBUG main            d.u.i.k.p.i.AbstractProblemLoader Init config took 2.45s 
152391     INFO  main            d.u.i.k.p.i.AbstractProblemLoader Replaying proof substring5.key 
152392     DEBUG main            d.u.i.k.p.i.IntermediateProofReplayer Proof replay took 6.7ns 
152594     INFO  main            d.u.i.k.p.r.p.TestFile    ... finished proof: closed. 
152850     INFO  main            d.u.i.k.p.i.AbstractProblemLoader Loading environment from /home/runner/work/key/key/key.core/../key.ui/examples/standard_key/strings/substring5.key.proof 
152850     DEBUG main            d.u.i.k.p.i.AbstractProblemLoader Environment load took 102.8ns 
152851     INFO  main            d.u.i.k.p.i.AbstractProblemLoader Creating init config 
155261     DEBUG main            d.u.i.k.p.i.AbstractProblemLoader Init config took 2.41s 
155274     INFO  main            d.u.i.k.p.i.AbstractProblemLoader Replaying proof substring5.key.proof 
155289     DEBUG main            d.u.i.k.p.i.IntermediateProofReplayer Proof replay took 11.8ms 
155290     DEBUG main            d.u.i.k.p.r.p.TestFile    ... success: reloaded. 
3755506    INFO  Test worker     d.u.i.k.p.r.p.StatisticsFile Returning from test strings 
3755512    INFO  Test worker     d.u.i.k.p.r.p.StatisticsFile Running test simple_info_flow 
375        INFO  Timeout watchdog d.u.i.k.p.r.p.ForkedTestFileRunner Timeout watcher launched (2000 secs.) 
388        WARN  main            d.u.i.k.s.ProofSettings   The settings in /home/runner/.key/proof-settings.props are *not* read. 
416        INFO  main            d.u.i.k.p.r.p.TestFile    Now processing file /home/runner/work/key/key/key.core/../key.ui/examples/heap/information_flow/UpdateAbstraction_ex7_1_insecure.key 
562        INFO  main            d.u.i.k.p.i.AbstractProblemLoader Loading environment from /home/runner/work/key/key/key.core/../key.ui/examples/heap/information_flow/UpdateAbstraction_ex7_1_insecure.key 
578        DEBUG main            d.u.i.k.p.i.AbstractProblemLoader Environment load took 2.08ms 
782        INFO  main            d.u.i.k.p.i.AbstractProblemLoader Creating init config 
1731       DEBUG main            d.u.i.k.j.TypeConverter   No LDT found for Meta 
1731       DEBUG main            d.u.i.k.j.TypeConverter   No LDT found for Meta 
1732       DEBUG main            d.u.i.k.j.TypeConverter   No LDT found for Meta 
1732       DEBUG main            d.u.i.k.j.TypeConverter   No LDT found for Meta 
2941       DEBUG main            d.u.i.k.j.TypeConverter   No LDT found for JavaBigintExpression 
8291       DEBUG main            d.u.i.k.p.i.AbstractProblemLoader Init config took 7.51s 
8430       INFO  main            d.u.i.k.p.i.AbstractProblemLoader Replaying proof UpdateAbstraction[UpdateAbstraction::ex7_1_insecure()].JML operation contract.0 
8464       DEBUG main            d.u.i.k.p.i.IntermediateProofReplayer Proof replay took 31.2ns 
9026       INFO  main            d.u.i.k.p.r.p.TestFile    ... finished proof: open goal(s) 
9125       INFO  main            d.u.i.k.p.r.p.TestFile    Now processing file /home/runner/work/key/key/key.core/../key.ui/examples/heap/information_flow/UpdateAbstraction_ex7_2_insecure.key 
9126       INFO  main            d.u.i.k.p.i.AbstractProblemLoader Loading environment from /home/runner/work/key/key/key.core/../key.ui/examples/heap/information_flow/UpdateAbstraction_ex7_2_insecure.key 
9126       DEBUG main            d.u.i.k.p.i.AbstractProblemLoader Environment load took 226.5ns 
9127       INFO  main            d.u.i.k.p.i.AbstractProblemLoader Creating init config 
12088      DEBUG main            d.u.i.k.p.i.AbstractProblemLoader Init config took 2.96s 
12196      INFO  main            d.u.i.k.p.i.AbstractProblemLoader Replaying proof UpdateAbstraction[UpdateAbstraction::ex7_2_insecure()].JML operation contract.0 
12199      DEBUG main            d.u.i.k.p.i.IntermediateProofReplayer Proof replay took 6.4ns 
12604      INFO  main            d.u.i.k.p.r.p.TestFile    ... finished proof: open goal(s) 
3768410    INFO  Test worker     d.u.i.k.p.r.p.StatisticsFile Returning from test simple_info_flow 
3768412    INFO  Test worker     d.u.i.k.p.r.p.StatisticsFile Running test modelMethods 
381        INFO  Timeout watchdog d.u.i.k.p.r.p.ForkedTestFileRunner Timeout watcher launched (2000 secs.) 
390        WARN  main            d.u.i.k.s.ProofSettings   The settings in /home/runner/.key/proof-settings.props are *not* read. 
424        INFO  main            d.u.i.k.p.r.p.TestFile    Now processing file /home/runner/work/key/key/key.core/../key.ui/examples/heap/model_methods/Cell_footprint_acc.key 
522        INFO  main            d.u.i.k.p.i.AbstractProblemLoader Loading environment from /home/runner/work/key/key/key.core/../key.ui/examples/heap/model_methods/Cell_footprint_acc.key 
542        DEBUG main            d.u.i.k.p.i.AbstractProblemLoader Environment load took 1.91ms 
760        INFO  main            d.u.i.k.p.i.AbstractProblemLoader Creating init config 
1769       DEBUG main            d.u.i.k.j.TypeConverter   No LDT found for Meta 
1770       DEBUG main            d.u.i.k.j.TypeConverter   No LDT found for Meta 
1772       DEBUG main            d.u.i.k.j.TypeConverter   No LDT found for Meta 
1773       DEBUG main            d.u.i.k.j.TypeConverter   No LDT found for Meta 
3147       DEBUG main            d.u.i.k.j.TypeConverter   No LDT found for JavaBigintExpression 
8114       DEBUG main            d.u.i.k.p.i.AbstractProblemLoader Init config took 7.35s 
8247       INFO  main            d.u.i.k.p.i.AbstractProblemLoader Replaying proof Cell[Cell::footprint()].JML accessible clause.0 
8281       DEBUG main            d.u.i.k.p.i.IntermediateProofReplayer Proof replay took 31.3ns 
8715       INFO  main            d.u.i.k.p.r.p.TestFile    ... finished proof: closed. 
8815       INFO  main            d.u.i.k.p.i.AbstractProblemLoader Loading environment from /home/runner/work/key/key/key.core/../key.ui/examples/heap/model_methods/Cell_footprint_acc.key.proof 
8815       DEBUG main            d.u.i.k.p.i.AbstractProblemLoader Environment load took 147.5ns 
8817       INFO  main            d.u.i.k.p.i.AbstractProblemLoader Creating init config 
11641      DEBUG main            d.u.i.k.p.i.AbstractProblemLoader Init config took 2.82s 
11713      INFO  main            d.u.i.k.p.i.AbstractProblemLoader Replaying proof Cell[Cell::footprint()].JML accessible clause.0 
11732      DEBUG main            d.u.i.k.p.i.IntermediateProofReplayer Proof replay took 14.83ms 
11738      DEBUG main            d.u.i.k.p.r.p.TestFile    ... success: reloaded. 
11740      INFO  main            d.u.i.k.p.r.p.TestFile    Now processing file /home/runner/work/key/key/key.core/../key.ui/examples/heap/model_methods/Cell_footprint.key 
11740      INFO  main            d.u.i.k.p.i.AbstractProblemLoader Loading environment from /home/runner/work/key/key/key.core/../key.ui/examples/heap/model_methods/Cell_footprint.key 
11740      DEBUG main            d.u.i.k.p.i.AbstractProblemLoader Environment load took 173.2ns 
11742      INFO  main            d.u.i.k.p.i.AbstractProblemLoader Creating init config 
14410      DEBUG main            d.u.i.k.p.i.AbstractProblemLoader Init config took 2.67s 
14526      INFO  main            d.u.i.k.p.i.AbstractProblemLoader Replaying proof Cell[Cell::footprint()].JML model_behavior operation contract.0 
14530      DEBUG main            d.u.i.k.p.i.IntermediateProofReplayer Proof replay took 7.3ns 
14632      INFO  main            d.u.i.k.p.r.p.TestFile    ... finished proof: closed. 
14760      INFO  main            d.u.i.k.p.i.AbstractProblemLoader Loading environment from /home/runner/work/key/key/key.core/../key.ui/examples/heap/model_methods/Cell_footprint.key.proof 
14760      DEBUG main            d.u.i.k.p.i.AbstractProblemLoader Environment load took 131.8ns 
14762      INFO  main            d.u.i.k.p.i.AbstractProblemLoader Creating init config 
17407      DEBUG main            d.u.i.k.p.i.AbstractProblemLoader Init config took 2.64s 
17458      INFO  main            d.u.i.k.p.i.AbstractProblemLoader Replaying proof Cell[Cell::footprint()].JML model_behavior operation contract.0 
17467      DEBUG main            d.u.i.k.p.i.IntermediateProofReplayer Proof replay took 7.2ms 
17469      DEBUG main            d.u.i.k.p.r.p.TestFile    ... success: reloaded. 
17470      INFO  main            d.u.i.k.p.r.p.TestFile    Now processing file /home/runner/work/key/key/key.core/../key.ui/examples/heap/model_methods/Cell_get_acc.key 
17470      INFO  main            d.u.i.k.p.i.AbstractProblemLoader Loading environment from /home/runner/work/key/key/key.core/../key.ui/examples/heap/model_methods/Cell_get_acc.key 
17470      DEBUG main            d.u.i.k.p.i.AbstractProblemLoader Environment load took 170.1ns 
17471      INFO  main            d.u.i.k.p.i.AbstractProblemLoader Creating init config 
20125      DEBUG main            d.u.i.k.p.i.AbstractProblemLoader Init config took 2.65s 
20182      INFO  main            d.u.i.k.p.i.AbstractProblemLoader Replaying proof Cell[Cell::get()].JML accessible clause.0 
20184      DEBUG main            d.u.i.k.p.i.IntermediateProofReplayer Proof replay took 5.1ns 
20392      INFO  main            d.u.i.k.p.r.p.TestFile    ... finished proof: closed. 
20523      INFO  main            d.u.i.k.p.i.AbstractProblemLoader Loading environment from /home/runner/work/key/key/key.core/../key.ui/examples/heap/model_methods/Cell_get_acc.key.proof 
20524      DEBUG main            d.u.i.k.p.i.AbstractProblemLoader Environment load took 121.9ns 
20525      INFO  main            d.u.i.k.p.i.AbstractProblemLoader Creating init config 
23105      DEBUG main            d.u.i.k.p.i.AbstractProblemLoader Init config took 2.58s 
23153      INFO  main            d.u.i.k.p.i.AbstractProblemLoader Replaying proof Cell[Cell::get()].JML accessible clause.0 
23183      DEBUG main            d.u.i.k.p.i.IntermediateProofReplayer Proof replay took 27.79ms 
23184      DEBUG main            d.u.i.k.p.r.p.TestFile    ... success: reloaded. 
23186      INFO  main            d.u.i.k.p.r.p.TestFile    Now processing file /home/runner/work/key/key/key.core/../key.ui/examples/heap/model_methods/Cell_get.key 
23186      INFO  main            d.u.i.k.p.i.AbstractProblemLoader Loading environment from /home/runner/work/key/key/key.core/../key.ui/examples/heap/model_methods/Cell_get.key 
23186      DEBUG main            d.u.i.k.p.i.AbstractProblemLoader Environment load took 156.3ns 
23187      INFO  main            d.u.i.k.p.i.AbstractProblemLoader Creating init config 
25789      DEBUG main            d.u.i.k.p.i.AbstractProblemLoader Init config took 2.6s 
25840      INFO  main            d.u.i.k.p.i.AbstractProblemLoader Replaying proof Cell[Cell::get()].JML operation contract.0 
25842      DEBUG main            d.u.i.k.p.i.IntermediateProofReplayer Proof replay took 6.3ns 
25946      INFO  main            d.u.i.k.p.r.p.TestFile    ... finished proof: closed. 
26088      INFO  main            d.u.i.k.p.i.AbstractProblemLoader Loading environment from /home/runner/work/key/key/key.core/../key.ui/examples/heap/model_methods/Cell_get.key.proof 
26089      DEBUG main            d.u.i.k.p.i.AbstractProblemLoader Environment load took 128.2ns 
26090      INFO  main            d.u.i.k.p.i.AbstractProblemLoader Creating init config 
28658      DEBUG main            d.u.i.k.p.i.AbstractProblemLoader Init config took 2.57s 
28704      INFO  main            d.u.i.k.p.i.AbstractProblemLoader Replaying proof Cell[Cell::get()].JML operation contract.0 
28720      DEBUG main            d.u.i.k.p.i.IntermediateProofReplayer Proof replay took 13.66ms 
28721      DEBUG main            d.u.i.k.p.r.p.TestFile    ... success: reloaded. 
28722      INFO  main            d.u.i.k.p.r.p.TestFile    Now processing file /home/runner/work/key/key/key.core/../key.ui/examples/heap/model_methods/Cell_post_set.key 
28723      INFO  main            d.u.i.k.p.i.AbstractProblemLoader Loading environment from /home/runner/work/key/key/key.core/../key.ui/examples/heap/model_methods/Cell_post_set.key 
28723      DEBUG main            d.u.i.k.p.i.AbstractProblemLoader Environment load took 163.6ns 
28724      INFO  main            d.u.i.k.p.i.AbstractProblemLoader Creating init config 
31278      DEBUG main            d.u.i.k.p.i.AbstractProblemLoader Init config took 2.55s 
31325      INFO  main            d.u.i.k.p.i.AbstractProblemLoader Replaying proof Cell[Cell::post_set(int)].JML model_behavior operation contract.0 
31329      DEBUG main            d.u.i.k.p.i.IntermediateProofReplayer Proof replay took 6.3ns 
31430      INFO  main            d.u.i.k.p.r.p.TestFile    ... finished proof: closed. 
31572      INFO  main            d.u.i.k.p.i.AbstractProblemLoader Loading environment from /home/runner/work/key/key/key.core/../key.ui/examples/heap/model_methods/Cell_post_set.key.proof 
31572      DEBUG main            d.u.i.k.p.i.AbstractProblemLoader Environment load took 108.5ns 
31573      INFO  main            d.u.i.k.p.i.AbstractProblemLoader Creating init config 
34108      DEBUG main            d.u.i.k.p.i.AbstractProblemLoader Init config took 2.54s 
34154      INFO  main            d.u.i.k.p.i.AbstractProblemLoader Replaying proof Cell[Cell::post_set(int)].JML model_behavior operation contract.0 
34160      DEBUG main            d.u.i.k.p.i.IntermediateProofReplayer Proof replay took 4.62ms 
34161      DEBUG main            d.u.i.k.p.r.p.TestFile    ... success: reloaded. 
34162      INFO  main            d.u.i.k.p.r.p.TestFile    Now processing file /home/runner/work/key/key/key.core/../key.ui/examples/heap/model_methods/Cell_set.key 
34163      INFO  main            d.u.i.k.p.i.AbstractProblemLoader Loading environment from /home/runner/work/key/key/key.core/../key.ui/examples/heap/model_methods/Cell_set.key 
34163      DEBUG main            d.u.i.k.p.i.AbstractProblemLoader Environment load took 167ns 
34164      INFO  main            d.u.i.k.p.i.AbstractProblemLoader Creating init config 
36722      DEBUG main            d.u.i.k.p.i.AbstractProblemLoader Init config took 2.56s 
36767      INFO  main            d.u.i.k.p.i.AbstractProblemLoader Replaying proof Cell[Cell::set(int)].JML operation contract.0 
36769      DEBUG main            d.u.i.k.p.i.IntermediateProofReplayer Proof replay took 7.7ns 
42710      INFO  main            d.u.i.k.p.r.p.TestFile    ... finished proof: closed. 
42903      INFO  main            d.u.i.k.p.i.AbstractProblemLoader Loading environment from /home/runner/work/key/key/key.core/../key.ui/examples/heap/model_methods/Cell_set.key.proof 
42904      DEBUG main            d.u.i.k.p.i.AbstractProblemLoader Environment load took 127.9ns 
42905      INFO  main            d.u.i.k.p.i.AbstractProblemLoader Creating init config 
45386      DEBUG main            d.u.i.k.p.i.AbstractProblemLoader Init config took 2.48s 
45430      INFO  main            d.u.i.k.p.i.AbstractProblemLoader Replaying proof Cell[Cell::set(int)].JML operation contract.0 
45858      DEBUG main            d.u.i.k.p.i.IntermediateProofReplayer Proof replay took 409.28ms 
45859      DEBUG main            d.u.i.k.p.r.p.TestFile    ... success: reloaded. 
45861      INFO  main            d.u.i.k.p.r.p.TestFile    Now processing file /home/runner/work/key/key/key.core/../key.ui/examples/heap/model_methods/CellTest_callSet.key 
45861      INFO  main            d.u.i.k.p.i.AbstractProblemLoader Loading environment from /home/runner/work/key/key/key.core/../key.ui/examples/heap/model_methods/CellTest_callSet.key 
45861      DEBUG main            d.u.i.k.p.i.AbstractProblemLoader Environment load took 161ns 
45862      INFO  main            d.u.i.k.p.i.AbstractProblemLoader Creating init config 
48434      DEBUG main            d.u.i.k.p.i.AbstractProblemLoader Init config took 2.57s 
48476      INFO  main            d.u.i.k.p.i.AbstractProblemLoader Replaying proof CellTest[CellTest::callSet(Cell,int)].JML operation contract.0 
48478      DEBUG main            d.u.i.k.p.i.IntermediateProofReplayer Proof replay took 6.1ns 
48682      INFO  main            d.u.i.k.p.r.p.TestFile    ... finished proof: closed. 
48846      INFO  main            d.u.i.k.p.i.AbstractProblemLoader Loading environment from /home/runner/work/key/key/key.core/../key.ui/examples/heap/model_methods/CellTest_callSet.key.proof 
48846      DEBUG main            d.u.i.k.p.i.AbstractProblemLoader Environment load took 107.9ns 
48847      INFO  main            d.u.i.k.p.i.AbstractProblemLoader Creating init config 
51348      DEBUG main            d.u.i.k.p.i.AbstractProblemLoader Init config took 2.5s 
51390      INFO  main            d.u.i.k.p.i.AbstractProblemLoader Replaying proof CellTest[CellTest::callSet(Cell,int)].JML operation contract.0 
51428      DEBUG main            d.u.i.k.p.i.IntermediateProofReplayer Proof replay took 34.71ms 
51429      DEBUG main            d.u.i.k.p.r.p.TestFile    ... success: reloaded. 
51430      INFO  main            d.u.i.k.p.r.p.TestFile    Now processing file /home/runner/work/key/key/key.core/../key.ui/examples/heap/model_methods/CellTest_test2.key 
51430      INFO  main            d.u.i.k.p.i.AbstractProblemLoader Loading environment from /home/runner/work/key/key/key.core/../key.ui/examples/heap/model_methods/CellTest_test2.key 
51431      DEBUG main            d.u.i.k.p.i.AbstractProblemLoader Environment load took 164.4ns 
51431      INFO  main            d.u.i.k.p.i.AbstractProblemLoader Creating init config 
53979      DEBUG main            d.u.i.k.p.i.AbstractProblemLoader Init config took 2.55s 
54034      INFO  main            d.u.i.k.p.i.AbstractProblemLoader Replaying proof CellTest[CellTest::test2(Cell)].JML operation contract.0 
54036      DEBUG main            d.u.i.k.p.i.IntermediateProofReplayer Proof replay took 6.2ns 
54338      INFO  main            d.u.i.k.p.r.p.TestFile    ... finished proof: closed. 
54507      INFO  main            d.u.i.k.p.i.AbstractProblemLoader Loading environment from /home/runner/work/key/key/key.core/../key.ui/examples/heap/model_methods/CellTest_test2.key.proof 
54507      DEBUG main            d.u.i.k.p.i.AbstractProblemLoader Environment load took 108.2ns 
54508      INFO  main            d.u.i.k.p.i.AbstractProblemLoader Creating init config 
56993      DEBUG main            d.u.i.k.p.i.AbstractProblemLoader Init config took 2.49s 
57032      INFO  main            d.u.i.k.p.i.AbstractProblemLoader Replaying proof CellTest[CellTest::test2(Cell)].JML operation contract.0 
57096      DEBUG main            d.u.i.k.p.i.IntermediateProofReplayer Proof replay took 60.72ms 
57096      DEBUG main            d.u.i.k.p.r.p.TestFile    ... success: reloaded. 
57097      INFO  main            d.u.i.k.p.r.p.TestFile    Now processing file /home/runner/work/key/key/key.core/../key.ui/examples/heap/model_methods/CellTest_test.key 
57098      INFO  main            d.u.i.k.p.i.AbstractProblemLoader Loading environment from /home/runner/work/key/key/key.core/../key.ui/examples/heap/model_methods/CellTest_test.key 
57098      DEBUG main            d.u.i.k.p.i.AbstractProblemLoader Environment load took 170.7ns 
57099      INFO  main            d.u.i.k.p.i.AbstractProblemLoader Creating init config 
59604      DEBUG main            d.u.i.k.p.i.AbstractProblemLoader Init config took 2.51s 
59643      INFO  main            d.u.i.k.p.i.AbstractProblemLoader Replaying proof CellTest[CellTest::test(Recell)].JML operation contract.0 
59645      DEBUG main            d.u.i.k.p.i.IntermediateProofReplayer Proof replay took 6.1ns 
61354      INFO  main            d.u.i.k.p.r.p.TestFile    ... finished proof: closed. 
61551      INFO  main            d.u.i.k.p.i.AbstractProblemLoader Loading environment from /home/runner/work/key/key/key.core/../key.ui/examples/heap/model_methods/CellTest_test.key.proof 
61551      DEBUG main            d.u.i.k.p.i.AbstractProblemLoader Environment load took 306.7ns 
61552      INFO  main            d.u.i.k.p.i.AbstractProblemLoader Creating init config 
64004      DEBUG main            d.u.i.k.p.i.AbstractProblemLoader Init config took 2.45s 
64043      INFO  main            d.u.i.k.p.i.AbstractProblemLoader Replaying proof CellTest[CellTest::test(Recell)].JML operation contract.0 
64378      DEBUG main            d.u.i.k.p.i.IntermediateProofReplayer Proof replay took 318.49ms 
64380      DEBUG main            d.u.i.k.p.r.p.TestFile    ... success: reloaded. 
64381      INFO  main            d.u.i.k.p.r.p.TestFile    Now processing file /home/runner/work/key/key/key.core/../key.ui/examples/heap/model_methods/Coll1_add.key 
64381      INFO  main            d.u.i.k.p.i.AbstractProblemLoader Loading environment from /home/runner/work/key/key/key.core/../key.ui/examples/heap/model_methods/Coll1_add.key 
64381      DEBUG main            d.u.i.k.p.i.AbstractProblemLoader Environment load took 155.7ns 
64382      INFO  main            d.u.i.k.p.i.AbstractProblemLoader Creating init config 
66848      DEBUG main            d.u.i.k.p.i.AbstractProblemLoader Init config took 2.47s 
66887      INFO  main            d.u.i.k.p.i.AbstractProblemLoader Replaying proof Coll1[Coll::add(int)].JML operation contract.0 
66888      DEBUG main            d.u.i.k.p.i.IntermediateProofReplayer Proof replay took 5.9ns 
66993      INFO  main            d.u.i.k.p.r.p.TestFile    ... finished proof: closed. 
67169      INFO  main            d.u.i.k.p.i.AbstractProblemLoader Loading environment from /home/runner/work/key/key/key.core/../key.ui/examples/heap/model_methods/Coll1_add.key.proof 
67170      DEBUG main            d.u.i.k.p.i.AbstractProblemLoader Environment load took 106.9ns 
67170      INFO  main            d.u.i.k.p.i.AbstractProblemLoader Creating init config 
69614      DEBUG main            d.u.i.k.p.i.AbstractProblemLoader Init config took 2.44s 
69652      INFO  main            d.u.i.k.p.i.AbstractProblemLoader Replaying proof Coll1[Coll::add(int)].JML operation contract.0 
69659      DEBUG main            d.u.i.k.p.i.IntermediateProofReplayer Proof replay took 5.7ms 
69660      DEBUG main            d.u.i.k.p.r.p.TestFile    ... success: reloaded. 
69661      INFO  main            d.u.i.k.p.r.p.TestFile    Now processing file /home/runner/work/key/key/key.core/../key.ui/examples/heap/model_methods/Coll1_Coll1_add_pre.key 
69661      INFO  main            d.u.i.k.p.i.AbstractProblemLoader Loading environment from /home/runner/work/key/key/key.core/../key.ui/examples/heap/model_methods/Coll1_Coll1_add_pre.key 
69661      DEBUG main            d.u.i.k.p.i.AbstractProblemLoader Environment load took 71.1ns 
69662      INFO  main            d.u.i.k.p.i.AbstractProblemLoader Creating init config 
72185      DEBUG main            d.u.i.k.p.i.AbstractProblemLoader Init config took 2.52s 
72222      INFO  main            d.u.i.k.p.i.AbstractProblemLoader Replaying proof Coll1[Coll1::add_pre(int)].JML model_behavior operation contract.0 
72224      DEBUG main            d.u.i.k.p.i.IntermediateProofReplayer Proof replay took 6ns 
72325      INFO  main            d.u.i.k.p.r.p.TestFile    ... finished proof: closed. 
72500      INFO  main            d.u.i.k.p.i.AbstractProblemLoader Loading environment from /home/runner/work/key/key/key.core/../key.ui/examples/heap/model_methods/Coll1_Coll1_add_pre.key.proof 
72500      DEBUG main            d.u.i.k.p.i.AbstractProblemLoader Environment load took 106.1ns 
72501      INFO  main            d.u.i.k.p.i.AbstractProblemLoader Creating init config 
74947      DEBUG main            d.u.i.k.p.i.AbstractProblemLoader Init config took 2.45s 
74992      INFO  main            d.u.i.k.p.i.AbstractProblemLoader Replaying proof Coll1[Coll1::add_pre(int)].JML model_behavior operation contract.0 
74997      DEBUG main            d.u.i.k.p.i.IntermediateProofReplayer Proof replay took 1.67ms 
74998      DEBUG main            d.u.i.k.p.r.p.TestFile    ... success: reloaded. 
74999      INFO  main            d.u.i.k.p.r.p.TestFile    Now processing file /home/runner/work/key/key/key.core/../key.ui/examples/heap/model_methods/Coll1_Coll_add_pre.key 
74999      INFO  main            d.u.i.k.p.i.AbstractProblemLoader Loading environment from /home/runner/work/key/key/key.core/../key.ui/examples/heap/model_methods/Coll1_Coll_add_pre.key 
74999      DEBUG main            d.u.i.k.p.i.AbstractProblemLoader Environment load took 68.2ns 
75000      INFO  main            d.u.i.k.p.i.AbstractProblemLoader Creating init config 
77524      DEBUG main            d.u.i.k.p.i.AbstractProblemLoader Init config took 2.52s 
77561      INFO  main            d.u.i.k.p.i.AbstractProblemLoader Replaying proof Coll1[Coll::add_pre(int)].JML model_behavior operation contract.0 
77563      DEBUG main            d.u.i.k.p.i.IntermediateProofReplayer Proof replay took 6ns 
77664      INFO  main            d.u.i.k.p.r.p.TestFile    ... finished proof: closed. 
77850      INFO  main            d.u.i.k.p.i.AbstractProblemLoader Loading environment from /home/runner/work/key/key/key.core/../key.ui/examples/heap/model_methods/Coll1_Coll_add_pre.key.proof 
77850      DEBUG main            d.u.i.k.p.i.AbstractProblemLoader Environment load took 104.4ns 
77851      INFO  main            d.u.i.k.p.i.AbstractProblemLoader Creating init config 
80322      DEBUG main            d.u.i.k.p.i.AbstractProblemLoader Init config took 2.47s 
80359      INFO  main            d.u.i.k.p.i.AbstractProblemLoader Replaying proof Coll1[Coll::add_pre(int)].JML model_behavior operation contract.0 
80363      DEBUG main            d.u.i.k.p.i.IntermediateProofReplayer Proof replay took 2.13ms 
80364      DEBUG main            d.u.i.k.p.r.p.TestFile    ... success: reloaded. 
80365      INFO  main            d.u.i.k.p.r.p.TestFile    Now processing file /home/runner/work/key/key/key.core/../key.ui/examples/heap/model_methods/Coll2_add.key 
80365      INFO  main            d.u.i.k.p.i.AbstractProblemLoader Loading environment from /home/runner/work/key/key/key.core/../key.ui/examples/heap/model_methods/Coll2_add.key 
80365      DEBUG main            d.u.i.k.p.i.AbstractProblemLoader Environment load took 79.1ns 
80366      INFO  main            d.u.i.k.p.i.AbstractProblemLoader Creating init config 
82809      DEBUG main            d.u.i.k.p.i.AbstractProblemLoader Init config took 2.44s 
82847      INFO  main            d.u.i.k.p.i.AbstractProblemLoader Replaying proof Coll2[Coll::add(int)].JML operation contract.0 
82849      DEBUG main            d.u.i.k.p.i.IntermediateProofReplayer Proof replay took 6.2ns 
82950      INFO  main            d.u.i.k.p.r.p.TestFile    ... finished proof: closed. 
83136      INFO  main            d.u.i.k.p.i.AbstractProblemLoader Loading environment from /home/runner/work/key/key/key.core/../key.ui/examples/heap/model_methods/Coll2_add.key.proof 
83136      DEBUG main            d.u.i.k.p.i.AbstractProblemLoader Environment load took 101.4ns 
83137      INFO  main            d.u.i.k.p.i.AbstractProblemLoader Creating init config 
85600      DEBUG main            d.u.i.k.p.i.AbstractProblemLoader Init config took 2.46s 
85637      INFO  main            d.u.i.k.p.i.AbstractProblemLoader Replaying proof Coll2[Coll::add(int)].JML operation contract.0 
85663      DEBUG main            d.u.i.k.p.i.IntermediateProofReplayer Proof replay took 5.63ms 
85664      DEBUG main            d.u.i.k.p.r.p.TestFile    ... success: reloaded. 
85665      INFO  main            d.u.i.k.p.r.p.TestFile    Now processing file /home/runner/work/key/key/key.core/../key.ui/examples/heap/model_methods/Coll2_Coll2_add_pre.key 
85665      INFO  main            d.u.i.k.p.i.AbstractProblemLoader Loading environment from /home/runner/work/key/key/key.core/../key.ui/examples/heap/model_methods/Coll2_Coll2_add_pre.key 
85665      DEBUG main            d.u.i.k.p.i.AbstractProblemLoader Environment load took 82.7ns 
85666      INFO  main            d.u.i.k.p.i.AbstractProblemLoader Creating init config 
88115      DEBUG main            d.u.i.k.p.i.AbstractProblemLoader Init config took 2.45s 
88151      INFO  main            d.u.i.k.p.i.AbstractProblemLoader Replaying proof Coll2[Coll2::add_pre(int)].JML model_behavior operation contract.0 
88153      DEBUG main            d.u.i.k.p.i.IntermediateProofReplayer Proof replay took 6ns 
88254      INFO  main            d.u.i.k.p.r.p.TestFile    ... finished proof: closed. 
88445      INFO  main            d.u.i.k.p.i.AbstractProblemLoader Loading environment from /home/runner/work/key/key/key.core/../key.ui/examples/heap/model_methods/Coll2_Coll2_add_pre.key.proof 
88445      DEBUG main            d.u.i.k.p.i.AbstractProblemLoader Environment load took 105.5ns 
88446      INFO  main            d.u.i.k.p.i.AbstractProblemLoader Creating init config 
90890      DEBUG main            d.u.i.k.p.i.AbstractProblemLoader Init config took 2.44s 
90936      INFO  main            d.u.i.k.p.i.AbstractProblemLoader Replaying proof Coll2[Coll2::add_pre(int)].JML model_behavior operation contract.0 
90938      DEBUG main            d.u.i.k.p.i.IntermediateProofReplayer Proof replay took 1.33ms 
90939      DEBUG main            d.u.i.k.p.r.p.TestFile    ... success: reloaded. 
90940      INFO  main            d.u.i.k.p.r.p.TestFile    Now processing file /home/runner/work/key/key/key.core/../key.ui/examples/heap/model_methods/Coll2_Coll_add_pre.key 
90940      INFO  main            d.u.i.k.p.i.AbstractProblemLoader Loading environment from /home/runner/work/key/key/key.core/../key.ui/examples/heap/model_methods/Coll2_Coll_add_pre.key 
90940      DEBUG main            d.u.i.k.p.i.AbstractProblemLoader Environment load took 65.2ns 
90941      INFO  main            d.u.i.k.p.i.AbstractProblemLoader Creating init config 
93383      DEBUG main            d.u.i.k.p.i.AbstractProblemLoader Init config took 2.44s 
93419      INFO  main            d.u.i.k.p.i.AbstractProblemLoader Replaying proof Coll2[Coll::add_pre(int)].JML model_behavior operation contract.0 
93421      DEBUG main            d.u.i.k.p.i.IntermediateProofReplayer Proof replay took 6.4ns 
93523      INFO  main            d.u.i.k.p.r.p.TestFile    ... finished proof: closed. 
93721      INFO  main            d.u.i.k.p.i.AbstractProblemLoader Loading environment from /home/runner/work/key/key/key.core/../key.ui/examples/heap/model_methods/Coll2_Coll_add_pre.key.proof 
93721      DEBUG main            d.u.i.k.p.i.AbstractProblemLoader Environment load took 104.7ns 
93722      INFO  main            d.u.i.k.p.i.AbstractProblemLoader Creating init config 
96147      DEBUG main            d.u.i.k.p.i.AbstractProblemLoader Init config took 2.42s 
96184      INFO  main            d.u.i.k.p.i.AbstractProblemLoader Replaying proof Coll2[Coll::add_pre(int)].JML model_behavior operation contract.0 
96188      DEBUG main            d.u.i.k.p.i.IntermediateProofReplayer Proof replay took 1.95ms 
96189      DEBUG main            d.u.i.k.p.r.p.TestFile    ... success: reloaded. 
96190      INFO  main            d.u.i.k.p.r.p.TestFile    Now processing file /home/runner/work/key/key/key.core/../key.ui/examples/heap/model_methods/Coll_add.key 
96190      INFO  main            d.u.i.k.p.i.AbstractProblemLoader Loading environment from /home/runner/work/key/key/key.core/../key.ui/examples/heap/model_methods/Coll_add.key 
96190      DEBUG main            d.u.i.k.p.i.AbstractProblemLoader Environment load took 158.3ns 
96191      INFO  main            d.u.i.k.p.i.AbstractProblemLoader Creating init config 
98678      DEBUG main            d.u.i.k.p.i.AbstractProblemLoader Init config took 2.49s 
98715      INFO  main            d.u.i.k.p.i.AbstractProblemLoader Replaying proof Coll[Coll::add(int)].JML operation contract.0 
98717      DEBUG main            d.u.i.k.p.i.IntermediateProofReplayer Proof replay took 7.3ns 
98818      INFO  main            d.u.i.k.p.r.p.TestFile    ... finished proof: closed. 
99016      INFO  main            d.u.i.k.p.i.AbstractProblemLoader Loading environment from /home/runner/work/key/key/key.core/../key.ui/examples/heap/model_methods/Coll_add.key.proof 
99016      DEBUG main            d.u.i.k.p.i.AbstractProblemLoader Environment load took 100.9ns 
99017      INFO  main            d.u.i.k.p.i.AbstractProblemLoader Creating init config 
101446     DEBUG main            d.u.i.k.p.i.AbstractProblemLoader Init config took 2.43s 
101483     INFO  main            d.u.i.k.p.i.AbstractProblemLoader Replaying proof Coll[Coll::add(int)].JML operation contract.0 
101486     DEBUG main            d.u.i.k.p.i.IntermediateProofReplayer Proof replay took 1.81ms 
101487     DEBUG main            d.u.i.k.p.r.p.TestFile    ... success: reloaded. 
101487     INFO  main            d.u.i.k.p.r.p.TestFile    Now processing file /home/runner/work/key/key/key.core/../key.ui/examples/heap/model_methods/Coll_add_pre.key 
101488     INFO  main            d.u.i.k.p.i.AbstractProblemLoader Loading environment from /home/runner/work/key/key/key.core/../key.ui/examples/heap/model_methods/Coll_add_pre.key 
101488     DEBUG main            d.u.i.k.p.i.AbstractProblemLoader Environment load took 79.7ns 
101489     INFO  main            d.u.i.k.p.i.AbstractProblemLoader Creating init config 
103976     DEBUG main            d.u.i.k.p.i.AbstractProblemLoader Init config took 2.49s 
104012     INFO  main            d.u.i.k.p.i.AbstractProblemLoader Replaying proof Coll[Coll::add_pre(int)].JML model_behavior operation contract.0 
104014     DEBUG main            d.u.i.k.p.i.IntermediateProofReplayer Proof replay took 6.6ns 
104116     INFO  main            d.u.i.k.p.r.p.TestFile    ... finished proof: closed. 
104324     INFO  main            d.u.i.k.p.i.AbstractProblemLoader Loading environment from /home/runner/work/key/key/key.core/../key.ui/examples/heap/model_methods/Coll_add_pre.key.proof 
104324     DEBUG main            d.u.i.k.p.i.AbstractProblemLoader Environment load took 133.2ns 
104325     INFO  main            d.u.i.k.p.i.AbstractProblemLoader Creating init config 
106734     DEBUG main            d.u.i.k.p.i.AbstractProblemLoader Init config took 2.41s 
106770     INFO  main            d.u.i.k.p.i.AbstractProblemLoader Replaying proof Coll[Coll::add_pre(int)].JML model_behavior operation contract.0 
106774     DEBUG main            d.u.i.k.p.i.IntermediateProofReplayer Proof replay took 2.28ms 
106774     DEBUG main            d.u.i.k.p.r.p.TestFile    ... success: reloaded. 
106775     INFO  main            d.u.i.k.p.r.p.TestFile    Now processing file /home/runner/work/key/key/key.core/../key.ui/examples/heap/model_methods/Indirect_callAdd.key 
106776     INFO  main            d.u.i.k.p.i.AbstractProblemLoader Loading environment from /home/runner/work/key/key/key.core/../key.ui/examples/heap/model_methods/Indirect_callAdd.key 
106776     DEBUG main            d.u.i.k.p.i.AbstractProblemLoader Environment load took 154.4ns 
106777     INFO  main            d.u.i.k.p.i.AbstractProblemLoader Creating init config 
109257     DEBUG main            d.u.i.k.p.i.AbstractProblemLoader Init config took 2.48s 
109293     INFO  main            d.u.i.k.p.i.AbstractProblemLoader Replaying proof Indirect[Indirect::callAdd(Coll,int)].JML operation contract.0 
109294     DEBUG main            d.u.i.k.p.i.IntermediateProofReplayer Proof replay took 6.1ns 
109396     INFO  main            d.u.i.k.p.r.p.TestFile    ... finished proof: closed. 
109611     INFO  main            d.u.i.k.p.i.AbstractProblemLoader Loading environment from /home/runner/work/key/key/key.core/../key.ui/examples/heap/model_methods/Indirect_callAdd.key.proof 
109611     DEBUG main            d.u.i.k.p.i.AbstractProblemLoader Environment load took 97.3ns 
109612     INFO  main            d.u.i.k.p.i.AbstractProblemLoader Creating init config 
112009     DEBUG main            d.u.i.k.p.i.AbstractProblemLoader Init config took 2.4s 
112055     INFO  main            d.u.i.k.p.i.AbstractProblemLoader Replaying proof Indirect[Indirect::callAdd(Coll,int)].JML operation contract.0 
112076     DEBUG main            d.u.i.k.p.i.IntermediateProofReplayer Proof replay took 18.77ms 
112077     DEBUG main            d.u.i.k.p.r.p.TestFile    ... success: reloaded. 
112078     INFO  main            d.u.i.k.p.r.p.TestFile    Now processing file /home/runner/work/key/key/key.core/../key.ui/examples/heap/model_methods/Indirect_test.key 
112078     INFO  main            d.u.i.k.p.i.AbstractProblemLoader Loading environment from /home/runner/work/key/key/key.core/../key.ui/examples/heap/model_methods/Indirect_test.key 
112078     DEBUG main            d.u.i.k.p.i.AbstractProblemLoader Environment load took 150.6ns 
112079     INFO  main            d.u.i.k.p.i.AbstractProblemLoader Creating init config 
114551     DEBUG main            d.u.i.k.p.i.AbstractProblemLoader Init config took 2.47s 
114587     INFO  main            d.u.i.k.p.i.AbstractProblemLoader Replaying proof Indirect[Indirect::test(Coll1,Coll2)].JML operation contract.0 
114589     DEBUG main            d.u.i.k.p.i.IntermediateProofReplayer Proof replay took 7.3ns 
114792     INFO  main            d.u.i.k.p.r.p.TestFile    ... finished proof: closed. 
115023     INFO  main            d.u.i.k.p.i.AbstractProblemLoader Loading environment from /home/runner/work/key/key/key.core/../key.ui/examples/heap/model_methods/Indirect_test.key.proof 
115023     DEBUG main            d.u.i.k.p.i.AbstractProblemLoader Environment load took 96.6ns 
115024     INFO  main            d.u.i.k.p.i.AbstractProblemLoader Creating init config 
117426     DEBUG main            d.u.i.k.p.i.AbstractProblemLoader Init config took 2.4s 
117465     INFO  main            d.u.i.k.p.i.AbstractProblemLoader Replaying proof Indirect[Indirect::test(Coll1,Coll2)].JML operation contract.0 
117533     DEBUG main            d.u.i.k.p.i.IntermediateProofReplayer Proof replay took 65.41ms 
117534     DEBUG main            d.u.i.k.p.r.p.TestFile    ... success: reloaded. 
117535     INFO  main            d.u.i.k.p.r.p.TestFile    Now processing file /home/runner/work/key/key/key.core/../key.ui/examples/heap/model_methods/Recell_Cell_footprint.key 
117535     INFO  main            d.u.i.k.p.i.AbstractProblemLoader Loading environment from /home/runner/work/key/key/key.core/../key.ui/examples/heap/model_methods/Recell_Cell_footprint.key 
117535     DEBUG main            d.u.i.k.p.i.AbstractProblemLoader Environment load took 74.4ns 
117536     INFO  main            d.u.i.k.p.i.AbstractProblemLoader Creating init config 
119999     DEBUG main            d.u.i.k.p.i.AbstractProblemLoader Init config took 2.46s 
120034     INFO  main            d.u.i.k.p.i.AbstractProblemLoader Replaying proof Recell[Cell::footprint()].JML model_behavior operation contract.0 
120036     DEBUG main            d.u.i.k.p.i.IntermediateProofReplayer Proof replay took 6ns 
120137     INFO  main            d.u.i.k.p.r.p.TestFile    ... finished proof: closed. 
120359     INFO  main            d.u.i.k.p.i.AbstractProblemLoader Loading environment from /home/runner/work/key/key/key.core/../key.ui/examples/heap/model_methods/Recell_Cell_footprint.key.proof 
120359     DEBUG main            d.u.i.k.p.i.AbstractProblemLoader Environment load took 96ns 
120360     INFO  main            d.u.i.k.p.i.AbstractProblemLoader Creating init config 
122770     DEBUG main            d.u.i.k.p.i.AbstractProblemLoader Init config took 2.41s 
122814     INFO  main            d.u.i.k.p.i.AbstractProblemLoader Replaying proof Recell[Cell::footprint()].JML model_behavior operation contract.0 
122818     DEBUG main            d.u.i.k.p.i.IntermediateProofReplayer Proof replay took 2.4ms 
122819     DEBUG main            d.u.i.k.p.r.p.TestFile    ... success: reloaded. 
122819     INFO  main            d.u.i.k.p.r.p.TestFile    Now processing file /home/runner/work/key/key/key.core/../key.ui/examples/heap/model_methods/Recell_Cell_post_set.key 
122820     INFO  main            d.u.i.k.p.i.AbstractProblemLoader Loading environment from /home/runner/work/key/key/key.core/../key.ui/examples/heap/model_methods/Recell_Cell_post_set.key 
122820     DEBUG main            d.u.i.k.p.i.AbstractProblemLoader Environment load took 67.7ns 
122820     INFO  main            d.u.i.k.p.i.AbstractProblemLoader Creating init config 
125255     DEBUG main            d.u.i.k.p.i.AbstractProblemLoader Init config took 2.43s 
125290     INFO  main            d.u.i.k.p.i.AbstractProblemLoader Replaying proof Recell[Cell::post_set(int)].JML model_behavior operation contract.0 
125292     DEBUG main            d.u.i.k.p.i.IntermediateProofReplayer Proof replay took 6ns 
125393     INFO  main            d.u.i.k.p.r.p.TestFile    ... finished proof: closed. 
125619     INFO  main            d.u.i.k.p.i.AbstractProblemLoader Loading environment from /home/runner/work/key/key/key.core/../key.ui/examples/heap/model_methods/Recell_Cell_post_set.key.proof 
125619     DEBUG main            d.u.i.k.p.i.AbstractProblemLoader Environment load took 95.4ns 
125620     INFO  main            d.u.i.k.p.i.AbstractProblemLoader Creating init config 
128020     DEBUG main            d.u.i.k.p.i.AbstractProblemLoader Init config took 2.4s 
128055     INFO  main            d.u.i.k.p.i.AbstractProblemLoader Replaying proof Recell[Cell::post_set(int)].JML model_behavior operation contract.0 
128059     DEBUG main            d.u.i.k.p.i.IntermediateProofReplayer Proof replay took 3.25ms 
128060     DEBUG main            d.u.i.k.p.r.p.TestFile    ... success: reloaded. 
128061     INFO  main            d.u.i.k.p.r.p.TestFile    Now processing file /home/runner/work/key/key/key.core/../key.ui/examples/heap/model_methods/Recell_footprint_acc.key 
128061     INFO  main            d.u.i.k.p.i.AbstractProblemLoader Loading environment from /home/runner/work/key/key/key.core/../key.ui/examples/heap/model_methods/Recell_footprint_acc.key 
128061     DEBUG main            d.u.i.k.p.i.AbstractProblemLoader Environment load took 73.5ns 
128062     INFO  main            d.u.i.k.p.i.AbstractProblemLoader Creating init config 
130515     DEBUG main            d.u.i.k.p.i.AbstractProblemLoader Init config took 2.45s 
130550     INFO  main            d.u.i.k.p.i.AbstractProblemLoader Replaying proof Recell[Cell::footprint()].JML accessible clause.0 
130551     DEBUG main            d.u.i.k.p.i.IntermediateProofReplayer Proof replay took 6.9ns 
130658     INFO  main            d.u.i.k.p.r.p.TestFile    ... finished proof: closed. 
130890     INFO  main            d.u.i.k.p.i.AbstractProblemLoader Loading environment from /home/runner/work/key/key/key.core/../key.ui/examples/heap/model_methods/Recell_footprint_acc.key.proof 
130890     DEBUG main            d.u.i.k.p.i.AbstractProblemLoader Environment load took 90.8ns 
130895     INFO  main            d.u.i.k.p.i.AbstractProblemLoader Creating init config 
133300     DEBUG main            d.u.i.k.p.i.AbstractProblemLoader Init config took 2.4s 
133336     INFO  main            d.u.i.k.p.i.AbstractProblemLoader Replaying proof Recell[Cell::footprint()].JML accessible clause.0 
133352     DEBUG main            d.u.i.k.p.i.IntermediateProofReplayer Proof replay took 13.46ms 
133353     DEBUG main            d.u.i.k.p.r.p.TestFile    ... success: reloaded. 
133354     INFO  main            d.u.i.k.p.r.p.TestFile    Now processing file /home/runner/work/key/key/key.core/../key.ui/examples/heap/model_methods/Recell_get_acc.key 
133354     INFO  main            d.u.i.k.p.i.AbstractProblemLoader Loading environment from /home/runner/work/key/key/key.core/../key.ui/examples/heap/model_methods/Recell_get_acc.key 
133354     DEBUG main            d.u.i.k.p.i.AbstractProblemLoader Environment load took 59.4ns 
133355     INFO  main            d.u.i.k.p.i.AbstractProblemLoader Creating init config 
135822     DEBUG main            d.u.i.k.p.i.AbstractProblemLoader Init config took 2.47s 
135856     INFO  main            d.u.i.k.p.i.AbstractProblemLoader Replaying proof Recell[Cell::get()].JML accessible clause.0 
135858     DEBUG main            d.u.i.k.p.i.IntermediateProofReplayer Proof replay took 7.2ns 
135962     INFO  main            d.u.i.k.p.r.p.TestFile    ... finished proof: closed. 
136220     INFO  main            d.u.i.k.p.i.AbstractProblemLoader Loading environment from /home/runner/work/key/key/key.core/../key.ui/examples/heap/model_methods/Recell_get_acc.key.proof 
136220     DEBUG main            d.u.i.k.p.i.AbstractProblemLoader Environment load took 92.7ns 
136221     INFO  main            d.u.i.k.p.i.AbstractProblemLoader Creating init config 
138617     DEBUG main            d.u.i.k.p.i.AbstractProblemLoader Init config took 2.4s 
138652     INFO  main            d.u.i.k.p.i.AbstractProblemLoader Replaying proof Recell[Cell::get()].JML accessible clause.0 
138666     DEBUG main            d.u.i.k.p.i.IntermediateProofReplayer Proof replay took 12.62ms 
138667     DEBUG main            d.u.i.k.p.r.p.TestFile    ... success: reloaded. 
138668     INFO  main            d.u.i.k.p.r.p.TestFile    Now processing file /home/runner/work/key/key/key.core/../key.ui/examples/heap/model_methods/Recell_get.key 
138668     INFO  main            d.u.i.k.p.i.AbstractProblemLoader Loading environment from /home/runner/work/key/key/key.core/../key.ui/examples/heap/model_methods/Recell_get.key 
138668     DEBUG main            d.u.i.k.p.i.AbstractProblemLoader Environment load took 59ns 
138669     INFO  main            d.u.i.k.p.i.AbstractProblemLoader Creating init config 
141113     DEBUG main            d.u.i.k.p.i.AbstractProblemLoader Init config took 2.44s 
141148     INFO  main            d.u.i.k.p.i.AbstractProblemLoader Replaying proof Recell[Cell::get()].JML operation contract.0 
141149     DEBUG main            d.u.i.k.p.i.IntermediateProofReplayer Proof replay took 6.9ns 
141253     INFO  main            d.u.i.k.p.r.p.TestFile    ... finished proof: closed. 
141493     INFO  main            d.u.i.k.p.i.AbstractProblemLoader Loading environment from /home/runner/work/key/key/key.core/../key.ui/examples/heap/model_methods/Recell_get.key.proof 
141493     DEBUG main            d.u.i.k.p.i.AbstractProblemLoader Environment load took 95.7ns 
141494     INFO  main            d.u.i.k.p.i.AbstractProblemLoader Creating init config 
143888     DEBUG main            d.u.i.k.p.i.AbstractProblemLoader Init config took 2.39s 
143923     INFO  main            d.u.i.k.p.i.AbstractProblemLoader Replaying proof Recell[Cell::get()].JML operation contract.0 
143932     DEBUG main            d.u.i.k.p.i.IntermediateProofReplayer Proof replay took 6.67ms 
143933     DEBUG main            d.u.i.k.p.r.p.TestFile    ... success: reloaded. 
143933     INFO  main            d.u.i.k.p.r.p.TestFile    Now processing file /home/runner/work/key/key/key.core/../key.ui/examples/heap/model_methods/Recell_Recell_footprint.key 
143934     INFO  main            d.u.i.k.p.i.AbstractProblemLoader Loading environment from /home/runner/work/key/key/key.core/../key.ui/examples/heap/model_methods/Recell_Recell_footprint.key 
143934     DEBUG main            d.u.i.k.p.i.AbstractProblemLoader Environment load took 72ns 
143936     INFO  main            d.u.i.k.p.i.AbstractProblemLoader Creating init config 
146389     DEBUG main            d.u.i.k.p.i.AbstractProblemLoader Init config took 2.45s 
146426     INFO  main            d.u.i.k.p.i.AbstractProblemLoader Replaying proof Recell[Recell::footprint()].JML model_behavior operation contract.0 
146427     DEBUG main            d.u.i.k.p.i.IntermediateProofReplayer Proof replay took 6.4ns 
146528     INFO  main            d.u.i.k.p.r.p.TestFile    ... finished proof: closed. 
146788     INFO  main            d.u.i.k.p.i.AbstractProblemLoader Loading environment from /home/runner/work/key/key/key.core/../key.ui/examples/heap/model_methods/Recell_Recell_footprint.key.proof 
146788     DEBUG main            d.u.i.k.p.i.AbstractProblemLoader Environment load took 88.6ns 
146788     INFO  main            d.u.i.k.p.i.AbstractProblemLoader Creating init config 
149188     DEBUG main            d.u.i.k.p.i.AbstractProblemLoader Init config took 2.4s 
149223     INFO  main            d.u.i.k.p.i.AbstractProblemLoader Replaying proof Recell[Recell::footprint()].JML model_behavior operation contract.0 
149227     DEBUG main            d.u.i.k.p.i.IntermediateProofReplayer Proof replay took 1.19ms 
149228     DEBUG main            d.u.i.k.p.r.p.TestFile    ... success: reloaded. 
149229     INFO  main            d.u.i.k.p.r.p.TestFile    Now processing file /home/runner/work/key/key/key.core/../key.ui/examples/heap/model_methods/Recell_Recell_post_set.key 
149230     INFO  main            d.u.i.k.p.i.AbstractProblemLoader Loading environment from /home/runner/work/key/key/key.core/../key.ui/examples/heap/model_methods/Recell_Recell_post_set.key 
149235     DEBUG main            d.u.i.k.p.i.AbstractProblemLoader Environment load took 4.5ms 
149236     INFO  main            d.u.i.k.p.i.AbstractProblemLoader Creating init config 
151663     DEBUG main            d.u.i.k.p.i.AbstractProblemLoader Init config took 2.43s 
151713     INFO  main            d.u.i.k.p.i.AbstractProblemLoader Replaying proof Recell[Recell::post_set(int)].JML model_behavior operation contract.0 
151714     DEBUG main            d.u.i.k.p.i.IntermediateProofReplayer Proof replay took 7.1ns 
151817     INFO  main            d.u.i.k.p.r.p.TestFile    ... finished proof: closed. 
152065     INFO  main            d.u.i.k.p.i.AbstractProblemLoader Loading environment from /home/runner/work/key/key/key.core/../key.ui/examples/heap/model_methods/Recell_Recell_post_set.key.proof 
152065     DEBUG main            d.u.i.k.p.i.AbstractProblemLoader Environment load took 74.3ns 
152065     INFO  main            d.u.i.k.p.i.AbstractProblemLoader Creating init config 
154453     DEBUG main            d.u.i.k.p.i.AbstractProblemLoader Init config took 2.39s 
154488     INFO  main            d.u.i.k.p.i.AbstractProblemLoader Replaying proof Recell[Recell::post_set(int)].JML model_behavior operation contract.0 
154491     DEBUG main            d.u.i.k.p.i.IntermediateProofReplayer Proof replay took 2.02ms 
154492     DEBUG main            d.u.i.k.p.r.p.TestFile    ... success: reloaded. 
154493     INFO  main            d.u.i.k.p.r.p.TestFile    Now processing file /home/runner/work/key/key/key.core/../key.ui/examples/heap/model_methods/Recell_set.key 
154493     INFO  main            d.u.i.k.p.i.AbstractProblemLoader Loading environment from /home/runner/work/key/key/key.core/../key.ui/examples/heap/model_methods/Recell_set.key 
154493     DEBUG main            d.u.i.k.p.i.AbstractProblemLoader Environment load took 67.9ns 
154494     INFO  main            d.u.i.k.p.i.AbstractProblemLoader Creating init config 
156939     DEBUG main            d.u.i.k.p.i.AbstractProblemLoader Init config took 2.44s 
156974     INFO  main            d.u.i.k.p.i.AbstractProblemLoader Replaying proof Recell[Cell::set(int)].JML operation contract.0 
156975     DEBUG main            d.u.i.k.p.i.IntermediateProofReplayer Proof replay took 7.3ns 
163197     INFO  main            d.u.i.k.p.r.p.TestFile    ... finished proof: closed. 
163483     INFO  main            d.u.i.k.p.i.AbstractProblemLoader Loading environment from /home/runner/work/key/key/key.core/../key.ui/examples/heap/model_methods/Recell_set.key.proof 
163483     DEBUG main            d.u.i.k.p.i.AbstractProblemLoader Environment load took 139.4ns 
163484     INFO  main            d.u.i.k.p.i.AbstractProblemLoader Creating init config 
165884     DEBUG main            d.u.i.k.p.i.AbstractProblemLoader Init config took 2.4s 
165928     INFO  main            d.u.i.k.p.i.AbstractProblemLoader Replaying proof Recell[Cell::set(int)].JML operation contract.0 
166286     DEBUG main            d.u.i.k.p.i.IntermediateProofReplayer Proof replay took 333.22ms 
166287     DEBUG main            d.u.i.k.p.r.p.TestFile    ... success: reloaded. 
166288     INFO  main            d.u.i.k.p.r.p.TestFile    Now processing file /home/runner/work/key/key/key.core/../key.ui/examples/heap/model_methods/Recell_undo.key 
166288     INFO  main            d.u.i.k.p.i.AbstractProblemLoader Loading environment from /home/runner/work/key/key/key.core/../key.ui/examples/heap/model_methods/Recell_undo.key 
166289     DEBUG main            d.u.i.k.p.i.AbstractProblemLoader Environment load took 165.7ns 
166289     INFO  main            d.u.i.k.p.i.AbstractProblemLoader Creating init config 
168742     DEBUG main            d.u.i.k.p.i.AbstractProblemLoader Init config took 2.45s 
168777     INFO  main            d.u.i.k.p.i.AbstractProblemLoader Replaying proof Recell[Recell::undo()].JML operation contract.0 
168779     DEBUG main            d.u.i.k.p.i.IntermediateProofReplayer Proof replay took 7.5ns 
168982     INFO  main            d.u.i.k.p.r.p.TestFile    ... finished proof: closed. 
169260     INFO  main            d.u.i.k.p.i.AbstractProblemLoader Loading environment from /home/runner/work/key/key/key.core/../key.ui/examples/heap/model_methods/Recell_undo.key.proof 
169260     DEBUG main            d.u.i.k.p.i.AbstractProblemLoader Environment load took 87.5ns 
169264     INFO  main            d.u.i.k.p.i.AbstractProblemLoader Creating init config 
171670     DEBUG main            d.u.i.k.p.i.AbstractProblemLoader Init config took 2.41s 
171705     INFO  main            d.u.i.k.p.i.AbstractProblemLoader Replaying proof Recell[Recell::undo()].JML operation contract.0 
171730     DEBUG main            d.u.i.k.p.i.IntermediateProofReplayer Proof replay took 22.81ms 
171731     DEBUG main            d.u.i.k.p.r.p.TestFile    ... success: reloaded. 
3940312    INFO  Test worker     d.u.i.k.p.r.p.StatisticsFile Returning from test modelMethods 
3940314    INFO  Test worker     d.u.i.k.p.r.p.StatisticsFile Running test permissionHeap 
370        INFO  Timeout watchdog d.u.i.k.p.r.p.ForkedTestFileRunner Timeout watcher launched (2000 secs.) 
380        WARN  main            d.u.i.k.s.ProofSettings   The settings in /home/runner/.key/proof-settings.props are *not* read. 
405        INFO  main            d.u.i.k.p.r.p.TestFile    Now processing file /home/runner/work/key/key/key.core/../key.ui/examples/heap/permissions/permissions_method0.key 
516        INFO  main            d.u.i.k.p.i.AbstractProblemLoader Loading environment from /home/runner/work/key/key/key.core/../key.ui/examples/heap/permissions/permissions_method0.key 
532        DEBUG main            d.u.i.k.p.i.AbstractProblemLoader Environment load took 1.81ms 
736        INFO  main            d.u.i.k.p.i.AbstractProblemLoader Creating init config 
1603       DEBUG main            d.u.i.k.j.TypeConverter   No LDT found for Meta 
1604       DEBUG main            d.u.i.k.j.TypeConverter   No LDT found for Meta 
1605       DEBUG main            d.u.i.k.j.TypeConverter   No LDT found for Meta 
1606       DEBUG main            d.u.i.k.j.TypeConverter   No LDT found for Meta 
2894       DEBUG main            d.u.i.k.j.TypeConverter   No LDT found for JavaBigintExpression 
7819       DEBUG main            d.u.i.k.p.i.AbstractProblemLoader Init config took 7.08s 
7937       INFO  main            d.u.i.k.p.i.AbstractProblemLoader Replaying proof MyClass[MyClass::method0()].JML normal_behavior operation contract.0 
7966       DEBUG main            d.u.i.k.p.i.IntermediateProofReplayer Proof replay took 31.1ns 
8892       INFO  main            d.u.i.k.p.r.p.TestFile    ... finished proof: closed. 
9006       INFO  main            d.u.i.k.p.i.AbstractProblemLoader Loading environment from /home/runner/work/key/key/key.core/../key.ui/examples/heap/permissions/permissions_method0.key.proof 
9006       DEBUG main            d.u.i.k.p.i.AbstractProblemLoader Environment load took 803.5ns 
9008       INFO  main            d.u.i.k.p.i.AbstractProblemLoader Creating init config 
11702      DEBUG main            d.u.i.k.p.i.AbstractProblemLoader Init config took 2.69s 
11766      INFO  main            d.u.i.k.p.i.AbstractProblemLoader Replaying proof MyClass[MyClass::method0()].JML normal_behavior operation contract.0 
11855      DEBUG main            d.u.i.k.p.i.IntermediateProofReplayer Proof replay took 83.11ms 
11861      DEBUG main            d.u.i.k.p.r.p.TestFile    ... success: reloaded. 
11863      INFO  main            d.u.i.k.p.r.p.TestFile    Now processing file /home/runner/work/key/key/key.core/../key.ui/examples/heap/permissions/permissions_method1.key 
11863      INFO  main            d.u.i.k.p.i.AbstractProblemLoader Loading environment from /home/runner/work/key/key/key.core/../key.ui/examples/heap/permissions/permissions_method1.key 
11864      DEBUG main            d.u.i.k.p.i.AbstractProblemLoader Environment load took 176.5ns 
11865      INFO  main            d.u.i.k.p.i.AbstractProblemLoader Creating init config 
14510      DEBUG main            d.u.i.k.p.i.AbstractProblemLoader Init config took 2.64s 
14583      INFO  main            d.u.i.k.p.i.AbstractProblemLoader Replaying proof MyClass[MyClass::method1()].JML normal_behavior operation contract.0 
14590      DEBUG main            d.u.i.k.p.i.IntermediateProofReplayer Proof replay took 6.2ns 
14893      INFO  main            d.u.i.k.p.r.p.TestFile    ... finished proof: closed. 
15033      INFO  main            d.u.i.k.p.i.AbstractProblemLoader Loading environment from /home/runner/work/key/key/key.core/../key.ui/examples/heap/permissions/permissions_method1.key.proof 
15034      DEBUG main            d.u.i.k.p.i.AbstractProblemLoader Environment load took 465.9ns 
15035      INFO  main            d.u.i.k.p.i.AbstractProblemLoader Creating init config 
17561      DEBUG main            d.u.i.k.p.i.AbstractProblemLoader Init config took 2.53s 
17606      INFO  main            d.u.i.k.p.i.AbstractProblemLoader Replaying proof MyClass[MyClass::method1()].JML normal_behavior operation contract.0 
17658      DEBUG main            d.u.i.k.p.i.IntermediateProofReplayer Proof replay took 49.1ms 
17659      DEBUG main            d.u.i.k.p.r.p.TestFile    ... success: reloaded. 
17660      INFO  main            d.u.i.k.p.r.p.TestFile    Now processing file /home/runner/work/key/key/key.core/../key.ui/examples/heap/permissions/permissions_method3.key 
17661      INFO  main            d.u.i.k.p.i.AbstractProblemLoader Loading environment from /home/runner/work/key/key/key.core/../key.ui/examples/heap/permissions/permissions_method3.key 
17661      DEBUG main            d.u.i.k.p.i.AbstractProblemLoader Environment load took 163.6ns 
17662      INFO  main            d.u.i.k.p.i.AbstractProblemLoader Creating init config 
20193      DEBUG main            d.u.i.k.p.i.AbstractProblemLoader Init config took 2.53s 
20237      INFO  main            d.u.i.k.p.i.AbstractProblemLoader Replaying proof MyClass[MyClass::method3()].JML normal_behavior operation contract.0 
20239      DEBUG main            d.u.i.k.p.i.IntermediateProofReplayer Proof replay took 4.7ns 
21447      INFO  main            d.u.i.k.p.r.p.TestFile    ... finished proof: closed. 
21639      INFO  main            d.u.i.k.p.i.AbstractProblemLoader Loading environment from /home/runner/work/key/key/key.core/../key.ui/examples/heap/permissions/permissions_method3.key.proof 
21639      DEBUG main            d.u.i.k.p.i.AbstractProblemLoader Environment load took 321ns 
21640      INFO  main            d.u.i.k.p.i.AbstractProblemLoader Creating init config 
24175      DEBUG main            d.u.i.k.p.i.AbstractProblemLoader Init config took 2.54s 
24218      INFO  main            d.u.i.k.p.i.AbstractProblemLoader Replaying proof MyClass[MyClass::method3()].JML normal_behavior operation contract.0 
24433      DEBUG main            d.u.i.k.p.i.IntermediateProofReplayer Proof replay took 206.97ms 
24435      DEBUG main            d.u.i.k.p.r.p.TestFile    ... success: reloaded. 
24436      INFO  main            d.u.i.k.p.r.p.TestFile    Now processing file /home/runner/work/key/key/key.core/../key.ui/examples/heap/permissions/permissions_setAB.key 
24436      INFO  main            d.u.i.k.p.i.AbstractProblemLoader Loading environment from /home/runner/work/key/key/key.core/../key.ui/examples/heap/permissions/permissions_setAB.key 
24436      DEBUG main            d.u.i.k.p.i.AbstractProblemLoader Environment load took 86.8ns 
24438      INFO  main            d.u.i.k.p.i.AbstractProblemLoader Creating init config 
26941      DEBUG main            d.u.i.k.p.i.AbstractProblemLoader Init config took 2.5s 
26998      INFO  main            d.u.i.k.p.i.AbstractProblemLoader Replaying proof MyClass[MyClass::setAB()].JML normal_behavior operation contract.0 
27000      DEBUG main            d.u.i.k.p.i.IntermediateProofReplayer Proof replay took 5.3ns 
28310      INFO  main            d.u.i.k.p.r.p.TestFile    ... finished proof: closed. 
28493      INFO  main            d.u.i.k.p.i.AbstractProblemLoader Loading environment from /home/runner/work/key/key/key.core/../key.ui/examples/heap/permissions/permissions_setAB.key.proof 
28493      DEBUG main            d.u.i.k.p.i.AbstractProblemLoader Environment load took 118.3ns 
28494      INFO  main            d.u.i.k.p.i.AbstractProblemLoader Creating init config 
30908      DEBUG main            d.u.i.k.p.i.AbstractProblemLoader Init config took 2.41s 
30950      INFO  main            d.u.i.k.p.i.AbstractProblemLoader Replaying proof MyClass[MyClass::setAB()].JML normal_behavior operation contract.0 
31087      DEBUG main            d.u.i.k.p.i.IntermediateProofReplayer Proof replay took 131.48ms 
31088      DEBUG main            d.u.i.k.p.r.p.TestFile    ... success: reloaded. 
31090      INFO  main            d.u.i.k.p.r.p.TestFile    Now processing file /home/runner/work/key/key/key.core/../key.ui/examples/heap/permissions/permissionProperties.key 
31090      INFO  main            d.u.i.k.p.i.AbstractProblemLoader Loading environment from /home/runner/work/key/key/key.core/../key.ui/examples/heap/permissions/permissionProperties.key 
31090      DEBUG main            d.u.i.k.p.i.AbstractProblemLoader Environment load took 160.6ns 
31091      INFO  main            d.u.i.k.p.i.AbstractProblemLoader Creating init config 
31256      DEBUG main            d.u.i.k.j.TypeConverter   No LDT found for Meta 
31256      DEBUG main            d.u.i.k.j.TypeConverter   No LDT found for Meta 
31257      DEBUG main            d.u.i.k.j.TypeConverter   No LDT found for Meta 
31257      DEBUG main            d.u.i.k.j.TypeConverter   No LDT found for Meta 
31792      DEBUG main            d.u.i.k.j.TypeConverter   No LDT found for JavaBigintExpression 
34302      DEBUG main            d.u.i.k.p.i.AbstractProblemLoader Init config took 3.21s 
34326      INFO  main            d.u.i.k.p.i.AbstractProblemLoader Replaying proof permissionProperties.key 
34328      DEBUG main            d.u.i.k.p.i.IntermediateProofReplayer Proof replay took 4.9ns 
34431      INFO  main            d.u.i.k.p.r.p.TestFile    ... finished proof: closed. 
34588      INFO  main            d.u.i.k.p.i.AbstractProblemLoader Loading environment from /home/runner/work/key/key/key.core/../key.ui/examples/heap/permissions/permissionProperties.key.proof 
34589      DEBUG main            d.u.i.k.p.i.AbstractProblemLoader Environment load took 116ns 
34590      INFO  main            d.u.i.k.p.i.AbstractProblemLoader Creating init config 
36831      DEBUG main            d.u.i.k.p.i.AbstractProblemLoader Init config took 2.24s 
36850      INFO  main            d.u.i.k.p.i.AbstractProblemLoader Replaying proof permissionProperties.key.proof 
36863      DEBUG main            d.u.i.k.p.i.IntermediateProofReplayer Proof replay took 11.47ms 
36864      DEBUG main            d.u.i.k.p.r.p.TestFile    ... success: reloaded. 
36865      INFO  main            d.u.i.k.p.r.p.TestFile    Now processing file /home/runner/work/key/key/key.core/../key.ui/examples/heap/permissions/threads/AFilter_AFilter.key 
36865      INFO  main            d.u.i.k.p.i.AbstractProblemLoader Loading environment from /home/runner/work/key/key/key.core/../key.ui/examples/heap/permissions/threads/AFilter_AFilter.key 
36866      DEBUG main            d.u.i.k.p.i.AbstractProblemLoader Environment load took 109.5ns 
36866      INFO  main            d.u.i.k.p.i.AbstractProblemLoader Creating init config 
36980      DEBUG main            d.u.i.k.j.TypeConverter   No LDT found for Meta 
36980      DEBUG main            d.u.i.k.j.TypeConverter   No LDT found for Meta 
36981      DEBUG main            d.u.i.k.j.TypeConverter   No LDT found for Meta 
36981      DEBUG main            d.u.i.k.j.TypeConverter   No LDT found for Meta 
37466      DEBUG main            d.u.i.k.j.TypeConverter   No LDT found for JavaBigintExpression 
42313      DEBUG main            d.u.i.k.p.i.AbstractProblemLoader Init config took 5.45s 
42410      INFO  main            d.u.i.k.p.i.AbstractProblemLoader Replaying proof AFilter[AFilter::AFilter(Sampler,Buffer)].JML normal_behavior operation contract.0 
42412      DEBUG main            d.u.i.k.p.i.IntermediateProofReplayer Proof replay took 5.5ns 
43416      INFO  main            d.u.i.k.p.r.p.TestFile    ... finished proof: closed. 
43634      INFO  main            d.u.i.k.p.i.AbstractProblemLoader Loading environment from /home/runner/work/key/key/key.core/../key.ui/examples/heap/permissions/threads/AFilter_AFilter.key.proof 
43634      DEBUG main            d.u.i.k.p.i.AbstractProblemLoader Environment load took 310.1ns 
43635      INFO  main            d.u.i.k.p.i.AbstractProblemLoader Creating init config 
47952      DEBUG main            d.u.i.k.p.i.AbstractProblemLoader Init config took 4.32s 
48056      INFO  main            d.u.i.k.p.i.AbstractProblemLoader Replaying proof AFilter[AFilter::AFilter(Sampler,Buffer)].JML normal_behavior operation contract.0 
48169      DEBUG main            d.u.i.k.p.i.IntermediateProofReplayer Proof replay took 108.22ms 
48170      DEBUG main            d.u.i.k.p.r.p.TestFile    ... success: reloaded. 
48171      INFO  main            d.u.i.k.p.r.p.TestFile    Now processing file /home/runner/work/key/key/key.core/../key.ui/examples/heap/permissions/threads/AFilter_initPost_accessible.key 
48172      INFO  main            d.u.i.k.p.i.AbstractProblemLoader Loading environment from /home/runner/work/key/key/key.core/../key.ui/examples/heap/permissions/threads/AFilter_initPost_accessible.key 
48172      DEBUG main            d.u.i.k.p.i.AbstractProblemLoader Environment load took 160.1ns 
48173      INFO  main            d.u.i.k.p.i.AbstractProblemLoader Creating init config 
52492      DEBUG main            d.u.i.k.p.i.AbstractProblemLoader Init config took 4.32s 
52579      INFO  main            d.u.i.k.p.i.AbstractProblemLoader Replaying proof AFilter[ThreadSpec2::initPost()].JML accessible clause.0 
52581      DEBUG main            d.u.i.k.p.i.IntermediateProofReplayer Proof replay took 6ns 
52683      INFO  main            d.u.i.k.p.r.p.TestFile    ... finished proof: closed. 
52876      INFO  main            d.u.i.k.p.i.AbstractProblemLoader Loading environment from /home/runner/work/key/key/key.core/../key.ui/examples/heap/permissions/threads/AFilter_initPost_accessible.key.proof 
52876      DEBUG main            d.u.i.k.p.i.AbstractProblemLoader Environment load took 107.7ns 
52877      INFO  main            d.u.i.k.p.i.AbstractProblemLoader Creating init config 
57155      DEBUG main            d.u.i.k.p.i.AbstractProblemLoader Init config took 4.28s 
57253      INFO  main            d.u.i.k.p.i.AbstractProblemLoader Replaying proof AFilter[ThreadSpec2::initPost()].JML accessible clause.0 
57264      DEBUG main            d.u.i.k.p.i.IntermediateProofReplayer Proof replay took 9.34ms 
57266      DEBUG main            d.u.i.k.p.r.p.TestFile    ... success: reloaded. 
57267      INFO  main            d.u.i.k.p.r.p.TestFile    Now processing file /home/runner/work/key/key/key.core/../key.ui/examples/heap/permissions/threads/AFilter_inv_accessible1.key 
57267      INFO  main            d.u.i.k.p.i.AbstractProblemLoader Loading environment from /home/runner/work/key/key/key.core/../key.ui/examples/heap/permissions/threads/AFilter_inv_accessible1.key 
57267      DEBUG main            d.u.i.k.p.i.AbstractProblemLoader Environment load took 160.4ns 
57268      INFO  main            d.u.i.k.p.i.AbstractProblemLoader Creating init config 
61570      DEBUG main            d.u.i.k.p.i.AbstractProblemLoader Init config took 4.3s 
61674      INFO  main            d.u.i.k.p.i.AbstractProblemLoader Replaying proof AFilter[java.lang.Object::<inv>()].JML accessible clause.0 
61679      DEBUG main            d.u.i.k.p.i.IntermediateProofReplayer Proof replay took 6.4ns 
61781      INFO  main            d.u.i.k.p.r.p.TestFile    ... finished proof: closed. 
61971      INFO  main            d.u.i.k.p.i.AbstractProblemLoader Loading environment from /home/runner/work/key/key/key.core/../key.ui/examples/heap/permissions/threads/AFilter_inv_accessible1.key.proof 
61971      DEBUG main            d.u.i.k.p.i.AbstractProblemLoader Environment load took 100.5ns 
61972      INFO  main            d.u.i.k.p.i.AbstractProblemLoader Creating init config 
66240      DEBUG main            d.u.i.k.p.i.AbstractProblemLoader Init config took 4.27s 
66323      INFO  main            d.u.i.k.p.i.AbstractProblemLoader Replaying proof AFilter[java.lang.Object::<inv>()].JML accessible clause.0 
66326      DEBUG main            d.u.i.k.p.i.IntermediateProofReplayer Proof replay took 1.78ms 
66327      DEBUG main            d.u.i.k.p.r.p.TestFile    ... success: reloaded. 
66328      INFO  main            d.u.i.k.p.r.p.TestFile    Now processing file /home/runner/work/key/key/key.core/../key.ui/examples/heap/permissions/threads/AFilter_inv_accessible2.key 
66329      INFO  main            d.u.i.k.p.i.AbstractProblemLoader Loading environment from /home/runner/work/key/key/key.core/../key.ui/examples/heap/permissions/threads/AFilter_inv_accessible2.key 
66329      DEBUG main            d.u.i.k.p.i.AbstractProblemLoader Environment load took 78.7ns 
66330      INFO  main            d.u.i.k.p.i.AbstractProblemLoader Creating init config 
70645      DEBUG main            d.u.i.k.p.i.AbstractProblemLoader Init config took 4.32s 
70727      INFO  main            d.u.i.k.p.i.AbstractProblemLoader Replaying proof AFilter[java.lang.Object::<inv>()].JML accessible clause.1 
70729      DEBUG main            d.u.i.k.p.i.IntermediateProofReplayer Proof replay took 5.4ns 
70832      INFO  main            d.u.i.k.p.r.p.TestFile    ... finished proof: closed. 
71029      INFO  main            d.u.i.k.p.i.AbstractProblemLoader Loading environment from /home/runner/work/key/key/key.core/../key.ui/examples/heap/permissions/threads/AFilter_inv_accessible2.key.proof 
71029      DEBUG main            d.u.i.k.p.i.AbstractProblemLoader Environment load took 101.3ns 
71030      INFO  main            d.u.i.k.p.i.AbstractProblemLoader Creating init config 
75279      DEBUG main            d.u.i.k.p.i.AbstractProblemLoader Init config took 4.25s 
75368      INFO  main            d.u.i.k.p.i.AbstractProblemLoader Replaying proof AFilter[java.lang.Object::<inv>()].JML accessible clause.1 
75374      DEBUG main            d.u.i.k.p.i.IntermediateProofReplayer Proof replay took 2.16ms 
75376      DEBUG main            d.u.i.k.p.r.p.TestFile    ... success: reloaded. 
75378      INFO  main            d.u.i.k.p.r.p.TestFile    Now processing file /home/runner/work/key/key/key.core/../key.ui/examples/heap/permissions/threads/AFilter_joinTransfer_accessible.key 
75379      INFO  main            d.u.i.k.p.i.AbstractProblemLoader Loading environment from /home/runner/work/key/key/key.core/../key.ui/examples/heap/permissions/threads/AFilter_joinTransfer_accessible.key 
75379      DEBUG main            d.u.i.k.p.i.AbstractProblemLoader Environment load took 158.9ns 
75380      INFO  main            d.u.i.k.p.i.AbstractProblemLoader Creating init config 
79638      DEBUG main            d.u.i.k.p.i.AbstractProblemLoader Init config took 4.26s 
79732      INFO  main            d.u.i.k.p.i.AbstractProblemLoader Replaying proof AFilter[ThreadSpec2::joinTransfer()].JML accessible clause.0 
79734      DEBUG main            d.u.i.k.p.i.IntermediateProofReplayer Proof replay took 5.7ns 
83003      INFO  main            d.u.i.k.p.r.p.TestFile    ... finished proof: closed. 
83231      INFO  main            d.u.i.k.p.i.AbstractProblemLoader Loading environment from /home/runner/work/key/key/key.core/../key.ui/examples/heap/permissions/threads/AFilter_joinTransfer_accessible.key.proof 
83232      DEBUG main            d.u.i.k.p.i.AbstractProblemLoader Environment load took 310.1ns 
83233      INFO  main            d.u.i.k.p.i.AbstractProblemLoader Creating init config 
87519      DEBUG main            d.u.i.k.p.i.AbstractProblemLoader Init config took 4.29s 
87602      INFO  main            d.u.i.k.p.i.AbstractProblemLoader Replaying proof AFilter[ThreadSpec2::joinTransfer()].JML accessible clause.0 
87832      DEBUG main            d.u.i.k.p.i.IntermediateProofReplayer Proof replay took 219.6ms 
87834      DEBUG main            d.u.i.k.p.r.p.TestFile    ... success: reloaded. 
87835      INFO  main            d.u.i.k.p.r.p.TestFile    Now processing file /home/runner/work/key/key/key.core/../key.ui/examples/heap/permissions/threads/AFilter_joinTransfer_contract.key 
87835      INFO  main            d.u.i.k.p.i.AbstractProblemLoader Loading environment from /home/runner/work/key/key/key.core/../key.ui/examples/heap/permissions/threads/AFilter_joinTransfer_contract.key 
87835      DEBUG main            d.u.i.k.p.i.AbstractProblemLoader Environment load took 154.2ns 
87836      INFO  main            d.u.i.k.p.i.AbstractProblemLoader Creating init config 
92096      DEBUG main            d.u.i.k.p.i.AbstractProblemLoader Init config took 4.26s 
92177      INFO  main            d.u.i.k.p.i.AbstractProblemLoader Replaying proof AFilter[ThreadSpec2::joinTransfer()].JML model_behavior operation contract.0 
92179      DEBUG main            d.u.i.k.p.i.IntermediateProofReplayer Proof replay took 5.5ns 
92280      INFO  main            d.u.i.k.p.r.p.TestFile    ... finished proof: closed. 
92489      INFO  main            d.u.i.k.p.i.AbstractProblemLoader Loading environment from /home/runner/work/key/key/key.core/../key.ui/examples/heap/permissions/threads/AFilter_joinTransfer_contract.key.proof 
92489      DEBUG main            d.u.i.k.p.i.AbstractProblemLoader Environment load took 111.3ns 
92490      INFO  main            d.u.i.k.p.i.AbstractProblemLoader Creating init config 
96778      DEBUG main            d.u.i.k.p.i.AbstractProblemLoader Init config took 4.29s 
96858      INFO  main            d.u.i.k.p.i.AbstractProblemLoader Replaying proof AFilter[ThreadSpec2::joinTransfer()].JML model_behavior operation contract.0 
96866      DEBUG main            d.u.i.k.p.i.IntermediateProofReplayer Proof replay took 6.45ms 
96867      DEBUG main            d.u.i.k.p.r.p.TestFile    ... success: reloaded. 
96868      INFO  main            d.u.i.k.p.r.p.TestFile    Now processing file /home/runner/work/key/key/key.core/../key.ui/examples/heap/permissions/threads/AFilter_postJoin_accessible.key 
96868      INFO  main            d.u.i.k.p.i.AbstractProblemLoader Loading environment from /home/runner/work/key/key/key.core/../key.ui/examples/heap/permissions/threads/AFilter_postJoin_accessible.key 
96868      DEBUG main            d.u.i.k.p.i.AbstractProblemLoader Environment load took 77.9ns 
96869      INFO  main            d.u.i.k.p.i.AbstractProblemLoader Creating init config 
101132     DEBUG main            d.u.i.k.p.i.AbstractProblemLoader Init config took 4.26s 
101241     INFO  main            d.u.i.k.p.i.AbstractProblemLoader Replaying proof AFilter[ThreadSpec2::postJoin(java.lang.Object)].JML accessible clause.0 
101243     DEBUG main            d.u.i.k.p.i.IntermediateProofReplayer Proof replay took 19ns 
101344     INFO  main            d.u.i.k.p.r.p.TestFile    ... finished proof: closed. 
101556     INFO  main            d.u.i.k.p.i.AbstractProblemLoader Loading environment from /home/runner/work/key/key/key.core/../key.ui/examples/heap/permissions/threads/AFilter_postJoin_accessible.key.proof 
101556     DEBUG main            d.u.i.k.p.i.AbstractProblemLoader Environment load took 103.9ns 
101557     INFO  main            d.u.i.k.p.i.AbstractProblemLoader Creating init config 
105763     DEBUG main            d.u.i.k.p.i.AbstractProblemLoader Init config took 4.21s 
105843     INFO  main            d.u.i.k.p.i.AbstractProblemLoader Replaying proof AFilter[ThreadSpec2::postJoin(java.lang.Object)].JML accessible clause.0 
105850     DEBUG main            d.u.i.k.p.i.IntermediateProofReplayer Proof replay took 4.97ms 
105851     DEBUG main            d.u.i.k.p.r.p.TestFile    ... success: reloaded. 
105852     INFO  main            d.u.i.k.p.r.p.TestFile    Now processing file /home/runner/work/key/key/key.core/../key.ui/examples/heap/permissions/threads/AFilter_preStart_accessible.key 
105852     INFO  main            d.u.i.k.p.i.AbstractProblemLoader Loading environment from /home/runner/work/key/key/key.core/../key.ui/examples/heap/permissions/threads/AFilter_preStart_accessible.key 
105852     DEBUG main            d.u.i.k.p.i.AbstractProblemLoader Environment load took 78.1ns 
105853     INFO  main            d.u.i.k.p.i.AbstractProblemLoader Creating init config 
110152     DEBUG main            d.u.i.k.p.i.AbstractProblemLoader Init config took 4.3s 
110231     INFO  main            d.u.i.k.p.i.AbstractProblemLoader Replaying proof AFilter[ThreadSpec2::preStart(java.lang.Object)].JML accessible clause.0 
110232     DEBUG main            d.u.i.k.p.i.IntermediateProofReplayer Proof replay took 6.1ns 
110541     INFO  main            d.u.i.k.p.r.p.TestFile    ... finished proof: closed. 
110765     INFO  main            d.u.i.k.p.i.AbstractProblemLoader Loading environment from /home/runner/work/key/key/key.core/../key.ui/examples/heap/permissions/threads/AFilter_preStart_accessible.key.proof 
110765     DEBUG main            d.u.i.k.p.i.AbstractProblemLoader Environment load took 107.5ns 
110766     INFO  main            d.u.i.k.p.i.AbstractProblemLoader Creating init config 
115014     DEBUG main            d.u.i.k.p.i.AbstractProblemLoader Init config took 4.25s 
115093     INFO  main            d.u.i.k.p.i.AbstractProblemLoader Replaying proof AFilter[ThreadSpec2::preStart(java.lang.Object)].JML accessible clause.0 
115116     DEBUG main            d.u.i.k.p.i.IntermediateProofReplayer Proof replay took 20.48ms 
115117     DEBUG main            d.u.i.k.p.r.p.TestFile    ... success: reloaded. 
115119     INFO  main            d.u.i.k.p.r.p.TestFile    Now processing file /home/runner/work/key/key/key.core/../key.ui/examples/heap/permissions/threads/AFilter_startTransfer_accessible.key 
115119     INFO  main            d.u.i.k.p.i.AbstractProblemLoader Loading environment from /home/runner/work/key/key/key.core/../key.ui/examples/heap/permissions/threads/AFilter_startTransfer_accessible.key 
115119     DEBUG main            d.u.i.k.p.i.AbstractProblemLoader Environment load took 150.4ns 
115120     INFO  main            d.u.i.k.p.i.AbstractProblemLoader Creating init config 
119364     DEBUG main            d.u.i.k.p.i.AbstractProblemLoader Init config took 4.24s 
119442     INFO  main            d.u.i.k.p.i.AbstractProblemLoader Replaying proof AFilter[ThreadSpec2::startTransfer()].JML accessible clause.0 
119444     DEBUG main            d.u.i.k.p.i.IntermediateProofReplayer Proof replay took 6ns 
125053     INFO  main            d.u.i.k.p.r.p.TestFile    ... finished proof: closed. 
125305     INFO  main            d.u.i.k.p.i.AbstractProblemLoader Loading environment from /home/runner/work/key/key/key.core/../key.ui/examples/heap/permissions/threads/AFilter_startTransfer_accessible.key.proof 
125306     DEBUG main            d.u.i.k.p.i.AbstractProblemLoader Environment load took 318.3ns 
125307     INFO  main            d.u.i.k.p.i.AbstractProblemLoader Creating init config 
129503     DEBUG main            d.u.i.k.p.i.AbstractProblemLoader Init config took 4.2s 
129581     INFO  main            d.u.i.k.p.i.AbstractProblemLoader Replaying proof AFilter[ThreadSpec2::startTransfer()].JML accessible clause.0 
129897     DEBUG main            d.u.i.k.p.i.IntermediateProofReplayer Proof replay took 299.82ms 
129899     DEBUG main            d.u.i.k.p.r.p.TestFile    ... success: reloaded. 
129900     INFO  main            d.u.i.k.p.r.p.TestFile    Now processing file /home/runner/work/key/key/key.core/../key.ui/examples/heap/permissions/threads/AFilter_startTransfer_contract.key 
129900     INFO  main            d.u.i.k.p.i.AbstractProblemLoader Loading environment from /home/runner/work/key/key/key.core/../key.ui/examples/heap/permissions/threads/AFilter_startTransfer_contract.key 
129900     DEBUG main            d.u.i.k.p.i.AbstractProblemLoader Environment load took 151.8ns 
129901     INFO  main            d.u.i.k.p.i.AbstractProblemLoader Creating init config 
134165     DEBUG main            d.u.i.k.p.i.AbstractProblemLoader Init config took 4.26s 
134248     INFO  main            d.u.i.k.p.i.AbstractProblemLoader Replaying proof AFilter[ThreadSpec2::startTransfer()].JML model_behavior operation contract.0 
134249     DEBUG main            d.u.i.k.p.i.IntermediateProofReplayer Proof replay took 6.4ns 
134654     INFO  main            d.u.i.k.p.r.p.TestFile    ... finished proof: closed. 
134896     INFO  main            d.u.i.k.p.i.AbstractProblemLoader Loading environment from /home/runner/work/key/key/key.core/../key.ui/examples/heap/permissions/threads/AFilter_startTransfer_contract.key.proof 
134896     DEBUG main            d.u.i.k.p.i.AbstractProblemLoader Environment load took 105.2ns 
134897     INFO  main            d.u.i.k.p.i.AbstractProblemLoader Creating init config 
139083     DEBUG main            d.u.i.k.p.i.AbstractProblemLoader Init config took 4.19s 
139172     INFO  main            d.u.i.k.p.i.AbstractProblemLoader Replaying proof AFilter[ThreadSpec2::startTransfer()].JML model_behavior operation contract.0 
139214     DEBUG main            d.u.i.k.p.i.IntermediateProofReplayer Proof replay took 36.78ms 
139214     DEBUG main            d.u.i.k.p.r.p.TestFile    ... success: reloaded. 
139215     INFO  main            d.u.i.k.p.r.p.TestFile    Now processing file /home/runner/work/key/key/key.core/../key.ui/examples/heap/permissions/threads/AFilter_stateInv_accessible.key 
139216     INFO  main            d.u.i.k.p.i.AbstractProblemLoader Loading environment from /home/runner/work/key/key/key.core/../key.ui/examples/heap/permissions/threads/AFilter_stateInv_accessible.key 
139216     DEBUG main            d.u.i.k.p.i.AbstractProblemLoader Environment load took 79.9ns 
139217     INFO  main            d.u.i.k.p.i.AbstractProblemLoader Creating init config 
143463     DEBUG main            d.u.i.k.p.i.AbstractProblemLoader Init config took 4.25s 
143554     INFO  main            d.u.i.k.p.i.AbstractProblemLoader Replaying proof AFilter[ThreadSpec2::stateInv()].JML accessible clause.0 
143556     DEBUG main            d.u.i.k.p.i.IntermediateProofReplayer Proof replay took 6.1ns 
143858     INFO  main            d.u.i.k.p.r.p.TestFile    ... finished proof: closed. 
144122     INFO  main            d.u.i.k.p.i.AbstractProblemLoader Loading environment from /home/runner/work/key/key/key.core/../key.ui/examples/heap/permissions/threads/AFilter_stateInv_accessible.key.proof 
144122     DEBUG main            d.u.i.k.p.i.AbstractProblemLoader Environment load took 108.1ns 
144123     INFO  main            d.u.i.k.p.i.AbstractProblemLoader Creating init config 
148319     DEBUG main            d.u.i.k.p.i.AbstractProblemLoader Init config took 4.2s 
148398     INFO  main            d.u.i.k.p.i.AbstractProblemLoader Replaying proof AFilter[ThreadSpec2::stateInv()].JML accessible clause.0 
148425     DEBUG main            d.u.i.k.p.i.IntermediateProofReplayer Proof replay took 24.5ms 
148427     DEBUG main            d.u.i.k.p.r.p.TestFile    ... success: reloaded. 
148428     INFO  main            d.u.i.k.p.r.p.TestFile    Now processing file /home/runner/work/key/key/key.core/../key.ui/examples/heap/permissions/threads/AFilter_staticPermissions_accessible.key 
148428     INFO  main            d.u.i.k.p.i.AbstractProblemLoader Loading environment from /home/runner/work/key/key/key.core/../key.ui/examples/heap/permissions/threads/AFilter_staticPermissions_accessible.key 
148428     DEBUG main            d.u.i.k.p.i.AbstractProblemLoader Environment load took 179.8ns 
148429     INFO  main            d.u.i.k.p.i.AbstractProblemLoader Creating init config 
152723     DEBUG main            d.u.i.k.p.i.AbstractProblemLoader Init config took 4.29s 
152801     INFO  main            d.u.i.k.p.i.AbstractProblemLoader Replaying proof AFilter[ThreadSpec2::staticPermissions()].JML accessible clause.0 
152803     DEBUG main            d.u.i.k.p.i.IntermediateProofReplayer Proof replay took 6ns 
152908     INFO  main            d.u.i.k.p.r.p.TestFile    ... finished proof: closed. 
153164     INFO  main            d.u.i.k.p.i.AbstractProblemLoader Loading environment from /home/runner/work/key/key/key.core/../key.ui/examples/heap/permissions/threads/AFilter_staticPermissions_accessible.key.proof 
153164     DEBUG main            d.u.i.k.p.i.AbstractProblemLoader Environment load took 96ns 
153165     INFO  main            d.u.i.k.p.i.AbstractProblemLoader Creating init config 
157352     DEBUG main            d.u.i.k.p.i.AbstractProblemLoader Init config took 4.19s 
157430     INFO  main            d.u.i.k.p.i.AbstractProblemLoader Replaying proof AFilter[ThreadSpec2::staticPermissions()].JML accessible clause.0 
157438     DEBUG main            d.u.i.k.p.i.IntermediateProofReplayer Proof replay took 6.81ms 
157439     DEBUG main            d.u.i.k.p.r.p.TestFile    ... success: reloaded. 
157440     INFO  main            d.u.i.k.p.r.p.TestFile    Now processing file /home/runner/work/key/key/key.core/../key.ui/examples/heap/permissions/threads/AFilter_workingPermissions_accessible.key 
157440     INFO  main            d.u.i.k.p.i.AbstractProblemLoader Loading environment from /home/runner/work/key/key/key.core/../key.ui/examples/heap/permissions/threads/AFilter_workingPermissions_accessible.key 
157440     DEBUG main            d.u.i.k.p.i.AbstractProblemLoader Environment load took 70.1ns 
157441     INFO  main            d.u.i.k.p.i.AbstractProblemLoader Creating init config 
161693     DEBUG main            d.u.i.k.p.i.AbstractProblemLoader Init config took 4.25s 
161775     INFO  main            d.u.i.k.p.i.AbstractProblemLoader Replaying proof AFilter[ThreadSpec2::workingPermissions()].JML accessible clause.0 
161777     DEBUG main            d.u.i.k.p.i.IntermediateProofReplayer Proof replay took 5.7ns 
161880     INFO  main            d.u.i.k.p.r.p.TestFile    ... finished proof: closed. 
162131     INFO  main            d.u.i.k.p.i.AbstractProblemLoader Loading environment from /home/runner/work/key/key/key.core/../key.ui/examples/heap/permissions/threads/AFilter_workingPermissions_accessible.key.proof 
162131     DEBUG main            d.u.i.k.p.i.AbstractProblemLoader Environment load took 98.1ns 
162132     INFO  main            d.u.i.k.p.i.AbstractProblemLoader Creating init config 
166364     DEBUG main            d.u.i.k.p.i.AbstractProblemLoader Init config took 4.23s 
166444     INFO  main            d.u.i.k.p.i.AbstractProblemLoader Replaying proof AFilter[ThreadSpec2::workingPermissions()].JML accessible clause.0 
166452     DEBUG main            d.u.i.k.p.i.IntermediateProofReplayer Proof replay took 6.26ms 
166453     DEBUG main            d.u.i.k.p.r.p.TestFile    ... success: reloaded. 
166454     INFO  main            d.u.i.k.p.r.p.TestFile    Now processing file /home/runner/work/key/key/key.core/../key.ui/examples/heap/permissions/threads/BFilter_BFilter.key 
166454     INFO  main            d.u.i.k.p.i.AbstractProblemLoader Loading environment from /home/runner/work/key/key/key.core/../key.ui/examples/heap/permissions/threads/BFilter_BFilter.key 
166454     DEBUG main            d.u.i.k.p.i.AbstractProblemLoader Environment load took 56.5ns 
166455     INFO  main            d.u.i.k.p.i.AbstractProblemLoader Creating init config 
170728     DEBUG main            d.u.i.k.p.i.AbstractProblemLoader Init config took 4.27s 
170821     INFO  main            d.u.i.k.p.i.AbstractProblemLoader Replaying proof BFilter[BFilter::BFilter(Sampler,Buffer)].JML normal_behavior operation contract.0 
170822     DEBUG main            d.u.i.k.p.i.IntermediateProofReplayer Proof replay took 5.4ns 
171733     INFO  main            d.u.i.k.p.r.p.TestFile    ... finished proof: closed. 
172084     INFO  main            d.u.i.k.p.i.AbstractProblemLoader Loading environment from /home/runner/work/key/key/key.core/../key.ui/examples/heap/permissions/threads/BFilter_BFilter.key.proof 
172084     DEBUG main            d.u.i.k.p.i.AbstractProblemLoader Environment load took 312ns 
172085     INFO  main            d.u.i.k.p.i.AbstractProblemLoader Creating init config 
176278     DEBUG main            d.u.i.k.p.i.AbstractProblemLoader Init config took 4.19s 
176358     INFO  main            d.u.i.k.p.i.AbstractProblemLoader Replaying proof BFilter[BFilter::BFilter(Sampler,Buffer)].JML normal_behavior operation contract.0 
176459     DEBUG main            d.u.i.k.p.i.IntermediateProofReplayer Proof replay took 97.03ms 
176460     DEBUG main            d.u.i.k.p.r.p.TestFile    ... success: reloaded. 
176461     INFO  main            d.u.i.k.p.r.p.TestFile    Now processing file /home/runner/work/key/key/key.core/../key.ui/examples/heap/permissions/threads/BFilter_initPost_accessible.key 
176461     INFO  main            d.u.i.k.p.i.AbstractProblemLoader Loading environment from /home/runner/work/key/key/key.core/../key.ui/examples/heap/permissions/threads/BFilter_initPost_accessible.key 
176461     DEBUG main            d.u.i.k.p.i.AbstractProblemLoader Environment load took 101.5ns 
176462     INFO  main            d.u.i.k.p.i.AbstractProblemLoader Creating init config 
180741     DEBUG main            d.u.i.k.p.i.AbstractProblemLoader Init config took 4.28s 
180820     INFO  main            d.u.i.k.p.i.AbstractProblemLoader Replaying proof BFilter[ThreadSpec2::initPost()].JML accessible clause.0 
180821     DEBUG main            d.u.i.k.p.i.IntermediateProofReplayer Proof replay took 6.4ns 
180923     INFO  main            d.u.i.k.p.r.p.TestFile    ... finished proof: closed. 
181229     INFO  main            d.u.i.k.p.i.AbstractProblemLoader Loading environment from /home/runner/work/key/key/key.core/../key.ui/examples/heap/permissions/threads/BFilter_initPost_accessible.key.proof 
181229     DEBUG main            d.u.i.k.p.i.AbstractProblemLoader Environment load took 100ns 
181229     INFO  main            d.u.i.k.p.i.AbstractProblemLoader Creating init config 
185427     DEBUG main            d.u.i.k.p.i.AbstractProblemLoader Init config took 4.2s 
185505     INFO  main            d.u.i.k.p.i.AbstractProblemLoader Replaying proof BFilter[ThreadSpec2::initPost()].JML accessible clause.0 
185514     DEBUG main            d.u.i.k.p.i.IntermediateProofReplayer Proof replay took 7.25ms 
185514     DEBUG main            d.u.i.k.p.r.p.TestFile    ... success: reloaded. 
185515     INFO  main            d.u.i.k.p.r.p.TestFile    Now processing file /home/runner/work/key/key/key.core/../key.ui/examples/heap/permissions/threads/BFilter_inv_accessible1.key 
185516     INFO  main            d.u.i.k.p.i.AbstractProblemLoader Loading environment from /home/runner/work/key/key/key.core/../key.ui/examples/heap/permissions/threads/BFilter_inv_accessible1.key 
185516     DEBUG main            d.u.i.k.p.i.AbstractProblemLoader Environment load took 81.5ns 
185516     INFO  main            d.u.i.k.p.i.AbstractProblemLoader Creating init config 
189787     DEBUG main            d.u.i.k.p.i.AbstractProblemLoader Init config took 4.27s 
189877     INFO  main            d.u.i.k.p.i.AbstractProblemLoader Replaying proof BFilter[java.lang.Object::<inv>()].JML accessible clause.0 
189878     DEBUG main            d.u.i.k.p.i.IntermediateProofReplayer Proof replay took 6.8ns 
189982     INFO  main            d.u.i.k.p.r.p.TestFile    ... finished proof: closed. 
190244     INFO  main            d.u.i.k.p.i.AbstractProblemLoader Loading environment from /home/runner/work/key/key/key.core/../key.ui/examples/heap/permissions/threads/BFilter_inv_accessible1.key.proof 
190244     DEBUG main            d.u.i.k.p.i.AbstractProblemLoader Environment load took 92.1ns 
190245     INFO  main            d.u.i.k.p.i.AbstractProblemLoader Creating init config 
194450     DEBUG main            d.u.i.k.p.i.AbstractProblemLoader Init config took 4.21s 
194529     INFO  main            d.u.i.k.p.i.AbstractProblemLoader Replaying proof BFilter[java.lang.Object::<inv>()].JML accessible clause.0 
194532     DEBUG main            d.u.i.k.p.i.IntermediateProofReplayer Proof replay took 1.46ms 
194533     DEBUG main            d.u.i.k.p.r.p.TestFile    ... success: reloaded. 
194534     INFO  main            d.u.i.k.p.r.p.TestFile    Now processing file /home/runner/work/key/key/key.core/../key.ui/examples/heap/permissions/threads/BFilter_inv_accessible2.key 
194534     INFO  main            d.u.i.k.p.i.AbstractProblemLoader Loading environment from /home/runner/work/key/key/key.core/../key.ui/examples/heap/permissions/threads/BFilter_inv_accessible2.key 
194534     DEBUG main            d.u.i.k.p.i.AbstractProblemLoader Environment load took 71.5ns 
194535     INFO  main            d.u.i.k.p.i.AbstractProblemLoader Creating init config 
198895     DEBUG main            d.u.i.k.p.i.AbstractProblemLoader Init config took 4.36s 
198972     INFO  main            d.u.i.k.p.i.AbstractProblemLoader Replaying proof BFilter[java.lang.Object::<inv>()].JML accessible clause.1 
198974     DEBUG main            d.u.i.k.p.i.IntermediateProofReplayer Proof replay took 5.8ns 
199079     INFO  main            d.u.i.k.p.r.p.TestFile    ... finished proof: closed. 
199353     INFO  main            d.u.i.k.p.i.AbstractProblemLoader Loading environment from /home/runner/work/key/key/key.core/../key.ui/examples/heap/permissions/threads/BFilter_inv_accessible2.key.proof 
199353     DEBUG main            d.u.i.k.p.i.AbstractProblemLoader Environment load took 97.4ns 
199354     INFO  main            d.u.i.k.p.i.AbstractProblemLoader Creating init config 
203535     DEBUG main            d.u.i.k.p.i.AbstractProblemLoader Init config took 4.18s 
203618     INFO  main            d.u.i.k.p.i.AbstractProblemLoader Replaying proof BFilter[java.lang.Object::<inv>()].JML accessible clause.1 
203621     DEBUG main            d.u.i.k.p.i.IntermediateProofReplayer Proof replay took 1.33ms 
203625     DEBUG main            d.u.i.k.p.r.p.TestFile    ... success: reloaded. 
203626     INFO  main            d.u.i.k.p.r.p.TestFile    Now processing file /home/runner/work/key/key/key.core/../key.ui/examples/heap/permissions/threads/BFilter_joinTransfer_accessible.key 
203626     INFO  main            d.u.i.k.p.i.AbstractProblemLoader Loading environment from /home/runner/work/key/key/key.core/../key.ui/examples/heap/permissions/threads/BFilter_joinTransfer_accessible.key 
203627     DEBUG main            d.u.i.k.p.i.AbstractProblemLoader Environment load took 195ns 
203627     INFO  main            d.u.i.k.p.i.AbstractProblemLoader Creating init config 
207896     DEBUG main            d.u.i.k.p.i.AbstractProblemLoader Init config took 4.27s 
207987     INFO  main            d.u.i.k.p.i.AbstractProblemLoader Replaying proof BFilter[ThreadSpec2::joinTransfer()].JML accessible clause.0 
207988     DEBUG main            d.u.i.k.p.i.IntermediateProofReplayer Proof replay took 5.1ns 
211005     INFO  main            d.u.i.k.p.r.p.TestFile    ... finished proof: closed. 
211305     INFO  main            d.u.i.k.p.i.AbstractProblemLoader Loading environment from /home/runner/work/key/key/key.core/../key.ui/examples/heap/permissions/threads/BFilter_joinTransfer_accessible.key.proof 
211305     DEBUG main            d.u.i.k.p.i.AbstractProblemLoader Environment load took 326.1ns 
211306     INFO  main            d.u.i.k.p.i.AbstractProblemLoader Creating init config 
215495     DEBUG main            d.u.i.k.p.i.AbstractProblemLoader Init config took 4.19s 
215572     INFO  main            d.u.i.k.p.i.AbstractProblemLoader Replaying proof BFilter[ThreadSpec2::joinTransfer()].JML accessible clause.0 
215760     DEBUG main            d.u.i.k.p.i.IntermediateProofReplayer Proof replay took 178.47ms 
215761     DEBUG main            d.u.i.k.p.r.p.TestFile    ... success: reloaded. 
215762     INFO  main            d.u.i.k.p.r.p.TestFile    Now processing file /home/runner/work/key/key/key.core/../key.ui/examples/heap/permissions/threads/BFilter_joinTransfer_contract.key 
215762     INFO  main            d.u.i.k.p.i.AbstractProblemLoader Loading environment from /home/runner/work/key/key/key.core/../key.ui/examples/heap/permissions/threads/BFilter_joinTransfer_contract.key 
215762     DEBUG main            d.u.i.k.p.i.AbstractProblemLoader Environment load took 73.5ns 
215763     INFO  main            d.u.i.k.p.i.AbstractProblemLoader Creating init config 
220002     DEBUG main            d.u.i.k.p.i.AbstractProblemLoader Init config took 4.24s 
220106     INFO  main            d.u.i.k.p.i.AbstractProblemLoader Replaying proof BFilter[ThreadSpec2::joinTransfer()].JML model_behavior operation contract.0 
220107     DEBUG main            d.u.i.k.p.i.IntermediateProofReplayer Proof replay took 5.8ns 
220209     INFO  main            d.u.i.k.p.r.p.TestFile    ... finished proof: closed. 
220494     INFO  main            d.u.i.k.p.i.AbstractProblemLoader Loading environment from /home/runner/work/key/key/key.core/../key.ui/examples/heap/permissions/threads/BFilter_joinTransfer_contract.key.proof 
220495     DEBUG main            d.u.i.k.p.i.AbstractProblemLoader Environment load took 96.8ns 
220496     INFO  main            d.u.i.k.p.i.AbstractProblemLoader Creating init config 
224669     DEBUG main            d.u.i.k.p.i.AbstractProblemLoader Init config took 4.17s 
224747     INFO  main            d.u.i.k.p.i.AbstractProblemLoader Replaying proof BFilter[ThreadSpec2::joinTransfer()].JML model_behavior operation contract.0 
224755     DEBUG main            d.u.i.k.p.i.IntermediateProofReplayer Proof replay took 6.04ms 
224756     DEBUG main            d.u.i.k.p.r.p.TestFile    ... success: reloaded. 
224757     INFO  main            d.u.i.k.p.r.p.TestFile    Now processing file /home/runner/work/key/key/key.core/../key.ui/examples/heap/permissions/threads/BFilter_postJoin_accessible.key 
224757     INFO  main            d.u.i.k.p.i.AbstractProblemLoader Loading environment from /home/runner/work/key/key/key.core/../key.ui/examples/heap/permissions/threads/BFilter_postJoin_accessible.key 
224757     DEBUG main            d.u.i.k.p.i.AbstractProblemLoader Environment load took 142.1ns 
224758     INFO  main            d.u.i.k.p.i.AbstractProblemLoader Creating init config 
229049     DEBUG main            d.u.i.k.p.i.AbstractProblemLoader Init config took 4.29s 
229126     INFO  main            d.u.i.k.p.i.AbstractProblemLoader Replaying proof BFilter[ThreadSpec2::postJoin(java.lang.Object)].JML accessible clause.0 
229127     DEBUG main            d.u.i.k.p.i.IntermediateProofReplayer Proof replay took 5.8ns 
229231     INFO  main            d.u.i.k.p.r.p.TestFile    ... finished proof: closed. 
229544     INFO  main            d.u.i.k.p.i.AbstractProblemLoader Loading environment from /home/runner/work/key/key/key.core/../key.ui/examples/heap/permissions/threads/BFilter_postJoin_accessible.key.proof 
229544     DEBUG main            d.u.i.k.p.i.AbstractProblemLoader Environment load took 83.9ns 
229545     INFO  main            d.u.i.k.p.i.AbstractProblemLoader Creating init config 
233712     DEBUG main            d.u.i.k.p.i.AbstractProblemLoader Init config took 4.17s 
233790     INFO  main            d.u.i.k.p.i.AbstractProblemLoader Replaying proof BFilter[ThreadSpec2::postJoin(java.lang.Object)].JML accessible clause.0 
233796     DEBUG main            d.u.i.k.p.i.IntermediateProofReplayer Proof replay took 4.49ms 
233797     DEBUG main            d.u.i.k.p.r.p.TestFile    ... success: reloaded. 
233798     INFO  main            d.u.i.k.p.r.p.TestFile    Now processing file /home/runner/work/key/key/key.core/../key.ui/examples/heap/permissions/threads/BFilter_preStart_accessible.key 
233798     INFO  main            d.u.i.k.p.i.AbstractProblemLoader Loading environment from /home/runner/work/key/key/key.core/../key.ui/examples/heap/permissions/threads/BFilter_preStart_accessible.key 
233798     DEBUG main            d.u.i.k.p.i.AbstractProblemLoader Environment load took 137.4ns 
233799     INFO  main            d.u.i.k.p.i.AbstractProblemLoader Creating init config 
238047     DEBUG main            d.u.i.k.p.i.AbstractProblemLoader Init config took 4.25s 
238137     INFO  main            d.u.i.k.p.i.AbstractProblemLoader Replaying proof BFilter[ThreadSpec2::preStart(java.lang.Object)].JML accessible clause.0 
238139     DEBUG main            d.u.i.k.p.i.IntermediateProofReplayer Proof replay took 5.3ns 
238444     INFO  main            d.u.i.k.p.r.p.TestFile    ... finished proof: closed. 
238750     INFO  main            d.u.i.k.p.i.AbstractProblemLoader Loading environment from /home/runner/work/key/key/key.core/../key.ui/examples/heap/permissions/threads/BFilter_preStart_accessible.key.proof 
238750     DEBUG main            d.u.i.k.p.i.AbstractProblemLoader Environment load took 83.7ns 
238751     INFO  main            d.u.i.k.p.i.AbstractProblemLoader Creating init config 
242934     DEBUG main            d.u.i.k.p.i.AbstractProblemLoader Init config took 4.18s 
243010     INFO  main            d.u.i.k.p.i.AbstractProblemLoader Replaying proof BFilter[ThreadSpec2::preStart(java.lang.Object)].JML accessible clause.0 
243031     DEBUG main            d.u.i.k.p.i.IntermediateProofReplayer Proof replay took 17.75ms 
243032     DEBUG main            d.u.i.k.p.r.p.TestFile    ... success: reloaded. 
243033     INFO  main            d.u.i.k.p.r.p.TestFile    Now processing file /home/runner/work/key/key/key.core/../key.ui/examples/heap/permissions/threads/BFilter_startTransfer_accessible.key 
243033     INFO  main            d.u.i.k.p.i.AbstractProblemLoader Loading environment from /home/runner/work/key/key/key.core/../key.ui/examples/heap/permissions/threads/BFilter_startTransfer_accessible.key 
243033     DEBUG main            d.u.i.k.p.i.AbstractProblemLoader Environment load took 122.1ns 
243034     INFO  main            d.u.i.k.p.i.AbstractProblemLoader Creating init config 
247236     DEBUG main            d.u.i.k.p.i.AbstractProblemLoader Init config took 4.2s 
247332     INFO  main            d.u.i.k.p.i.AbstractProblemLoader Replaying proof BFilter[ThreadSpec2::startTransfer()].JML accessible clause.0 
247333     DEBUG main            d.u.i.k.p.i.IntermediateProofReplayer Proof replay took 5.6ns 
252741     INFO  main            d.u.i.k.p.r.p.TestFile    ... finished proof: closed. 
253063     INFO  main            d.u.i.k.p.i.AbstractProblemLoader Loading environment from /home/runner/work/key/key/key.core/../key.ui/examples/heap/permissions/threads/BFilter_startTransfer_accessible.key.proof 
253064     DEBUG main            d.u.i.k.p.i.AbstractProblemLoader Environment load took 91.3ns 
253065     INFO  main            d.u.i.k.p.i.AbstractProblemLoader Creating init config 
257227     DEBUG main            d.u.i.k.p.i.AbstractProblemLoader Init config took 4.16s 
257303     INFO  main            d.u.i.k.p.i.AbstractProblemLoader Replaying proof BFilter[ThreadSpec2::startTransfer()].JML accessible clause.0 
257577     DEBUG main            d.u.i.k.p.i.IntermediateProofReplayer Proof replay took 262.67ms 
257579     DEBUG main            d.u.i.k.p.r.p.TestFile    ... success: reloaded. 
257580     INFO  main            d.u.i.k.p.r.p.TestFile    Now processing file /home/runner/work/key/key/key.core/../key.ui/examples/heap/permissions/threads/BFilter_startTransfer_contract.key 
257580     INFO  main            d.u.i.k.p.i.AbstractProblemLoader Loading environment from /home/runner/work/key/key/key.core/../key.ui/examples/heap/permissions/threads/BFilter_startTransfer_contract.key 
257580     DEBUG main            d.u.i.k.p.i.AbstractProblemLoader Environment load took 140.1ns 
257581     INFO  main            d.u.i.k.p.i.AbstractProblemLoader Creating init config 
261803     DEBUG main            d.u.i.k.p.i.AbstractProblemLoader Init config took 4.22s 
261879     INFO  main            d.u.i.k.p.i.AbstractProblemLoader Replaying proof BFilter[ThreadSpec2::startTransfer()].JML model_behavior operation contract.0 
261881     DEBUG main            d.u.i.k.p.i.IntermediateProofReplayer Proof replay took 5.7ns 
262988     INFO  main            d.u.i.k.p.r.p.TestFile    ... finished proof: closed. 
263293     INFO  main            d.u.i.k.p.i.AbstractProblemLoader Loading environment from /home/runner/work/key/key/key.core/../key.ui/examples/heap/permissions/threads/BFilter_startTransfer_contract.key.proof 
263294     DEBUG main            d.u.i.k.p.i.AbstractProblemLoader Environment load took 376.2ns 
263295     INFO  main            d.u.i.k.p.i.AbstractProblemLoader Creating init config 
267459     DEBUG main            d.u.i.k.p.i.AbstractProblemLoader Init config took 4.16s 
267536     INFO  main            d.u.i.k.p.i.AbstractProblemLoader Replaying proof BFilter[ThreadSpec2::startTransfer()].JML model_behavior operation contract.0 
267619     DEBUG main            d.u.i.k.p.i.IntermediateProofReplayer Proof replay took 77.35ms 
267620     DEBUG main            d.u.i.k.p.r.p.TestFile    ... success: reloaded. 
267621     INFO  main            d.u.i.k.p.r.p.TestFile    Now processing file /home/runner/work/key/key/key.core/../key.ui/examples/heap/permissions/threads/BFilter_stateInv_accessible.key 
267621     INFO  main            d.u.i.k.p.i.AbstractProblemLoader Loading environment from /home/runner/work/key/key/key.core/../key.ui/examples/heap/permissions/threads/BFilter_stateInv_accessible.key 
267621     DEBUG main            d.u.i.k.p.i.AbstractProblemLoader Environment load took 45.1ns 
267621     INFO  main            d.u.i.k.p.i.AbstractProblemLoader Creating init config 
271865     DEBUG main            d.u.i.k.p.i.AbstractProblemLoader Init config took 4.24s 
271941     INFO  main            d.u.i.k.p.i.AbstractProblemLoader Replaying proof BFilter[ThreadSpec2::stateInv()].JML accessible clause.0 
271943     DEBUG main            d.u.i.k.p.i.IntermediateProofReplayer Proof replay took 6.2ns 
272245     INFO  main            d.u.i.k.p.r.p.TestFile    ... finished proof: closed. 
272566     INFO  main            d.u.i.k.p.i.AbstractProblemLoader Loading environment from /home/runner/work/key/key/key.core/../key.ui/examples/heap/permissions/threads/BFilter_stateInv_accessible.key.proof 
272566     DEBUG main            d.u.i.k.p.i.AbstractProblemLoader Environment load took 85.2ns 
272567     INFO  main            d.u.i.k.p.i.AbstractProblemLoader Creating init config 
276727     DEBUG main            d.u.i.k.p.i.AbstractProblemLoader Init config took 4.16s 
276804     INFO  main            d.u.i.k.p.i.AbstractProblemLoader Replaying proof BFilter[ThreadSpec2::stateInv()].JML accessible clause.0 
276829     DEBUG main            d.u.i.k.p.i.IntermediateProofReplayer Proof replay took 23ms 
276829     DEBUG main            d.u.i.k.p.r.p.TestFile    ... success: reloaded. 
276830     INFO  main            d.u.i.k.p.r.p.TestFile    Now processing file /home/runner/work/key/key/key.core/../key.ui/examples/heap/permissions/threads/BFilter_staticPermissions_accessible.key 
276830     INFO  main            d.u.i.k.p.i.AbstractProblemLoader Loading environment from /home/runner/work/key/key/key.core/../key.ui/examples/heap/permissions/threads/BFilter_staticPermissions_accessible.key 
276831     DEBUG main            d.u.i.k.p.i.AbstractProblemLoader Environment load took 86ns 
276832     INFO  main            d.u.i.k.p.i.AbstractProblemLoader Creating init config 
281057     DEBUG main            d.u.i.k.p.i.AbstractProblemLoader Init config took 4.23s 
281134     INFO  main            d.u.i.k.p.i.AbstractProblemLoader Replaying proof BFilter[ThreadSpec2::staticPermissions()].JML accessible clause.0 
281135     DEBUG main            d.u.i.k.p.i.IntermediateProofReplayer Proof replay took 6.2ns 
281236     INFO  main            d.u.i.k.p.r.p.TestFile    ... finished proof: closed. 
281549     INFO  main            d.u.i.k.p.i.AbstractProblemLoader Loading environment from /home/runner/work/key/key/key.core/../key.ui/examples/heap/permissions/threads/BFilter_staticPermissions_accessible.key.proof 
281549     DEBUG main            d.u.i.k.p.i.AbstractProblemLoader Environment load took 90.4ns 
281550     INFO  main            d.u.i.k.p.i.AbstractProblemLoader Creating init config 
285698     DEBUG main            d.u.i.k.p.i.AbstractProblemLoader Init config took 4.15s 
285774     INFO  main            d.u.i.k.p.i.AbstractProblemLoader Replaying proof BFilter[ThreadSpec2::staticPermissions()].JML accessible clause.0 
285782     DEBUG main            d.u.i.k.p.i.IntermediateProofReplayer Proof replay took 6.21ms 
285782     DEBUG main            d.u.i.k.p.r.p.TestFile    ... success: reloaded. 
285783     INFO  main            d.u.i.k.p.r.p.TestFile    Now processing file /home/runner/work/key/key/key.core/../key.ui/examples/heap/permissions/threads/BFilter_workingPermissions_accessible.key 
285783     INFO  main            d.u.i.k.p.i.AbstractProblemLoader Loading environment from /home/runner/work/key/key/key.core/../key.ui/examples/heap/permissions/threads/BFilter_workingPermissions_accessible.key 
285783     DEBUG main            d.u.i.k.p.i.AbstractProblemLoader Environment load took 45.2ns 
285784     INFO  main            d.u.i.k.p.i.AbstractProblemLoader Creating init config 
290013     DEBUG main            d.u.i.k.p.i.AbstractProblemLoader Init config took 4.23s 
290089     INFO  main            d.u.i.k.p.i.AbstractProblemLoader Replaying proof BFilter[ThreadSpec2::workingPermissions()].JML accessible clause.0 
290090     DEBUG main            d.u.i.k.p.i.IntermediateProofReplayer Proof replay took 5.9ns 
290191     INFO  main            d.u.i.k.p.r.p.TestFile    ... finished proof: closed. 
290514     INFO  main            d.u.i.k.p.i.AbstractProblemLoader Loading environment from /home/runner/work/key/key/key.core/../key.ui/examples/heap/permissions/threads/BFilter_workingPermissions_accessible.key.proof 
290514     DEBUG main            d.u.i.k.p.i.AbstractProblemLoader Environment load took 90.6ns 
290515     INFO  main            d.u.i.k.p.i.AbstractProblemLoader Creating init config 
294662     DEBUG main            d.u.i.k.p.i.AbstractProblemLoader Init config took 4.15s 
294738     INFO  main            d.u.i.k.p.i.AbstractProblemLoader Replaying proof BFilter[ThreadSpec2::workingPermissions()].JML accessible clause.0 
294745     DEBUG main            d.u.i.k.p.i.IntermediateProofReplayer Proof replay took 5.66ms 
294746     DEBUG main            d.u.i.k.p.r.p.TestFile    ... success: reloaded. 
294747     INFO  main            d.u.i.k.p.r.p.TestFile    Now processing file /home/runner/work/key/key/key.core/../key.ui/examples/heap/permissions/threads/Fib_Fib.key 
294747     INFO  main            d.u.i.k.p.i.AbstractProblemLoader Loading environment from /home/runner/work/key/key/key.core/../key.ui/examples/heap/permissions/threads/Fib_Fib.key 
294747     DEBUG main            d.u.i.k.p.i.AbstractProblemLoader Environment load took 45.2ns 
294748     INFO  main            d.u.i.k.p.i.AbstractProblemLoader Creating init config 
298972     DEBUG main            d.u.i.k.p.i.AbstractProblemLoader Init config took 4.22s 
299062     INFO  main            d.u.i.k.p.i.AbstractProblemLoader Replaying proof Fib[Fib::Fib(int)].JML normal_behavior operation contract.0 
299064     DEBUG main            d.u.i.k.p.i.IntermediateProofReplayer Proof replay took 6.3ns 
299666     INFO  main            d.u.i.k.p.r.p.TestFile    ... finished proof: closed. 
300037     INFO  main            d.u.i.k.p.i.AbstractProblemLoader Loading environment from /home/runner/work/key/key/key.core/../key.ui/examples/heap/permissions/threads/Fib_Fib.key.proof 
300037     DEBUG main            d.u.i.k.p.i.AbstractProblemLoader Environment load took 103.5ns 
300037     INFO  main            d.u.i.k.p.i.AbstractProblemLoader Creating init config 
304242     DEBUG main            d.u.i.k.p.i.AbstractProblemLoader Init config took 4.2s 
304319     INFO  main            d.u.i.k.p.i.AbstractProblemLoader Replaying proof Fib[Fib::Fib(int)].JML normal_behavior operation contract.0 
304387     DEBUG main            d.u.i.k.p.i.IntermediateProofReplayer Proof replay took 66.23ms 
304388     DEBUG main            d.u.i.k.p.r.p.TestFile    ... success: reloaded. 
304389     INFO  main            d.u.i.k.p.r.p.TestFile    Now processing file /home/runner/work/key/key/key.core/../key.ui/examples/heap/permissions/threads/Fib_initPost_accessible.key 
304389     INFO  main            d.u.i.k.p.i.AbstractProblemLoader Loading environment from /home/runner/work/key/key/key.core/../key.ui/examples/heap/permissions/threads/Fib_initPost_accessible.key 
304389     DEBUG main            d.u.i.k.p.i.AbstractProblemLoader Environment load took 66.4ns 
304390     INFO  main            d.u.i.k.p.i.AbstractProblemLoader Creating init config 
308621     DEBUG main            d.u.i.k.p.i.AbstractProblemLoader Init config took 4.23s 
308713     INFO  main            d.u.i.k.p.i.AbstractProblemLoader Replaying proof Fib[ThreadSpec::initPost()].JML accessible clause.0 
308714     DEBUG main            d.u.i.k.p.i.IntermediateProofReplayer Proof replay took 5.2ns 
308815     INFO  main            d.u.i.k.p.r.p.TestFile    ... finished proof: closed. 
309155     INFO  main            d.u.i.k.p.i.AbstractProblemLoader Loading environment from /home/runner/work/key/key/key.core/../key.ui/examples/heap/permissions/threads/Fib_initPost_accessible.key.proof 
309155     DEBUG main            d.u.i.k.p.i.AbstractProblemLoader Environment load took 83.5ns 
309156     INFO  main            d.u.i.k.p.i.AbstractProblemLoader Creating init config 
313304     DEBUG main            d.u.i.k.p.i.AbstractProblemLoader Init config took 4.15s 
313391     INFO  main            d.u.i.k.p.i.AbstractProblemLoader Replaying proof Fib[ThreadSpec::initPost()].JML accessible clause.0 
313396     DEBUG main            d.u.i.k.p.i.IntermediateProofReplayer Proof replay took 3.58ms 
313396     DEBUG main            d.u.i.k.p.r.p.TestFile    ... success: reloaded. 
313399     INFO  main            d.u.i.k.p.r.p.TestFile    Now processing file /home/runner/work/key/key/key.core/../key.ui/examples/heap/permissions/threads/Fib_inv1_accessible.key 
313399     INFO  main            d.u.i.k.p.i.AbstractProblemLoader Loading environment from /home/runner/work/key/key/key.core/../key.ui/examples/heap/permissions/threads/Fib_inv1_accessible.key 
313399     DEBUG main            d.u.i.k.p.i.AbstractProblemLoader Environment load took 80.4ns 
313400     INFO  main            d.u.i.k.p.i.AbstractProblemLoader Creating init config 
317620     DEBUG main            d.u.i.k.p.i.AbstractProblemLoader Init config took 4.22s 
317697     INFO  main            d.u.i.k.p.i.AbstractProblemLoader Replaying proof Fib[java.lang.Object::<inv>()].JML accessible clause.0 
317698     DEBUG main            d.u.i.k.p.i.IntermediateProofReplayer Proof replay took 5.6ns 
317799     INFO  main            d.u.i.k.p.r.p.TestFile    ... finished proof: closed. 
318138     INFO  main            d.u.i.k.p.i.AbstractProblemLoader Loading environment from /home/runner/work/key/key/key.core/../key.ui/examples/heap/permissions/threads/Fib_inv1_accessible.key.proof 
318138     DEBUG main            d.u.i.k.p.i.AbstractProblemLoader Environment load took 74.9ns 
318139     INFO  main            d.u.i.k.p.i.AbstractProblemLoader Creating init config 
322306     DEBUG main            d.u.i.k.p.i.AbstractProblemLoader Init config took 4.17s 
322383     INFO  main            d.u.i.k.p.i.AbstractProblemLoader Replaying proof Fib[java.lang.Object::<inv>()].JML accessible clause.0 
322385     DEBUG main            d.u.i.k.p.i.IntermediateProofReplayer Proof replay took 1.25ms 
322386     DEBUG main            d.u.i.k.p.r.p.TestFile    ... success: reloaded. 
322387     INFO  main            d.u.i.k.p.r.p.TestFile    Now processing file /home/runner/work/key/key/key.core/../key.ui/examples/heap/permissions/threads/Fib_inv2_accessible.key 
322387     INFO  main            d.u.i.k.p.i.AbstractProblemLoader Loading environment from /home/runner/work/key/key/key.core/../key.ui/examples/heap/permissions/threads/Fib_inv2_accessible.key 
322387     DEBUG main            d.u.i.k.p.i.AbstractProblemLoader Environment load took 63.3ns 
322388     INFO  main            d.u.i.k.p.i.AbstractProblemLoader Creating init config 
326664     DEBUG main            d.u.i.k.p.i.AbstractProblemLoader Init config took 4.28s 
326740     INFO  main            d.u.i.k.p.i.AbstractProblemLoader Replaying proof Fib[java.lang.Object::<inv>()].JML accessible clause.1 
326742     DEBUG main            d.u.i.k.p.i.IntermediateProofReplayer Proof replay took 5.9ns 
326843     INFO  main            d.u.i.k.p.r.p.TestFile    ... finished proof: closed. 
327191     INFO  main            d.u.i.k.p.i.AbstractProblemLoader Loading environment from /home/runner/work/key/key/key.core/../key.ui/examples/heap/permissions/threads/Fib_inv2_accessible.key.proof 
327191     DEBUG main            d.u.i.k.p.i.AbstractProblemLoader Environment load took 73.2ns 
327192     INFO  main            d.u.i.k.p.i.AbstractProblemLoader Creating init config 
331352     DEBUG main            d.u.i.k.p.i.AbstractProblemLoader Init config took 4.16s 
331428     INFO  main            d.u.i.k.p.i.AbstractProblemLoader Replaying proof Fib[java.lang.Object::<inv>()].JML accessible clause.1 
331430     DEBUG main            d.u.i.k.p.i.IntermediateProofReplayer Proof replay took 1.24ms 
331431     DEBUG main            d.u.i.k.p.r.p.TestFile    ... success: reloaded. 
331432     INFO  main            d.u.i.k.p.r.p.TestFile    Now processing file /home/runner/work/key/key/key.core/../key.ui/examples/heap/permissions/threads/Fib_joinTransfer_accessible.key 
331432     INFO  main            d.u.i.k.p.i.AbstractProblemLoader Loading environment from /home/runner/work/key/key/key.core/../key.ui/examples/heap/permissions/threads/Fib_joinTransfer_accessible.key 
331432     DEBUG main            d.u.i.k.p.i.AbstractProblemLoader Environment load took 63.3ns 
331433     INFO  main            d.u.i.k.p.i.AbstractProblemLoader Creating init config 
335650     DEBUG main            d.u.i.k.p.i.AbstractProblemLoader Init config took 4.22s 
335741     INFO  main            d.u.i.k.p.i.AbstractProblemLoader Replaying proof Fib[ThreadSpec::joinTransfer()].JML accessible clause.0 
335742     DEBUG main            d.u.i.k.p.i.IntermediateProofReplayer Proof replay took 5.5ns 
335943     INFO  main            d.u.i.k.p.r.p.TestFile    ... finished proof: closed. 
336296     INFO  main            d.u.i.k.p.i.AbstractProblemLoader Loading environment from /home/runner/work/key/key/key.core/../key.ui/examples/heap/permissions/threads/Fib_joinTransfer_accessible.key.proof 
336296     DEBUG main            d.u.i.k.p.i.AbstractProblemLoader Environment load took 80.3ns 
336297     INFO  main            d.u.i.k.p.i.AbstractProblemLoader Creating init config 
340461     DEBUG main            d.u.i.k.p.i.AbstractProblemLoader Init config took 4.16s 
340537     INFO  main            d.u.i.k.p.i.AbstractProblemLoader Replaying proof Fib[ThreadSpec::joinTransfer()].JML accessible clause.0 
340555     DEBUG main            d.u.i.k.p.i.IntermediateProofReplayer Proof replay took 15.51ms 
340555     DEBUG main            d.u.i.k.p.r.p.TestFile    ... success: reloaded. 
340556     INFO  main            d.u.i.k.p.r.p.TestFile    Now processing file /home/runner/work/key/key/key.core/../key.ui/examples/heap/permissions/threads/Fib_joinTransfer_contract.key 
340556     INFO  main            d.u.i.k.p.i.AbstractProblemLoader Loading environment from /home/runner/work/key/key/key.core/../key.ui/examples/heap/permissions/threads/Fib_joinTransfer_contract.key 
340556     DEBUG main            d.u.i.k.p.i.AbstractProblemLoader Environment load took 45.5ns 
340557     INFO  main            d.u.i.k.p.i.AbstractProblemLoader Creating init config 
344791     DEBUG main            d.u.i.k.p.i.AbstractProblemLoader Init config took 4.23s 
344867     INFO  main            d.u.i.k.p.i.AbstractProblemLoader Replaying proof Fib[ThreadSpec::joinTransfer()].JML model_behavior operation contract.0 
344868     DEBUG main            d.u.i.k.p.i.IntermediateProofReplayer Proof replay took 6ns 
344970     INFO  main            d.u.i.k.p.r.p.TestFile    ... finished proof: closed. 
345349     INFO  main            d.u.i.k.p.i.AbstractProblemLoader Loading environment from /home/runner/work/key/key/key.core/../key.ui/examples/heap/permissions/threads/Fib_joinTransfer_contract.key.proof 
345349     DEBUG main            d.u.i.k.p.i.AbstractProblemLoader Environment load took 73.3ns 
345350     INFO  main            d.u.i.k.p.i.AbstractProblemLoader Creating init config 
349510     DEBUG main            d.u.i.k.p.i.AbstractProblemLoader Init config took 4.16s 
349586     INFO  main            d.u.i.k.p.i.AbstractProblemLoader Replaying proof Fib[ThreadSpec::joinTransfer()].JML model_behavior operation contract.0 
349593     DEBUG main            d.u.i.k.p.i.IntermediateProofReplayer Proof replay took 5.5ms 
349594     DEBUG main            d.u.i.k.p.r.p.TestFile    ... success: reloaded. 
349595     INFO  main            d.u.i.k.p.r.p.TestFile    Now processing file /home/runner/work/key/key/key.core/../key.ui/examples/heap/permissions/threads/Fib_postJoin_accessible.key 
349595     INFO  main            d.u.i.k.p.i.AbstractProblemLoader Loading environment from /home/runner/work/key/key/key.core/../key.ui/examples/heap/permissions/threads/Fib_postJoin_accessible.key 
349595     DEBUG main            d.u.i.k.p.i.AbstractProblemLoader Environment load took 59.5ns 
349596     INFO  main            d.u.i.k.p.i.AbstractProblemLoader Creating init config 
353836     DEBUG main            d.u.i.k.p.i.AbstractProblemLoader Init config took 4.24s 
353912     INFO  main            d.u.i.k.p.i.AbstractProblemLoader Replaying proof Fib[ThreadSpec::postJoin(java.lang.Object)].JML accessible clause.0 
353913     DEBUG main            d.u.i.k.p.i.IntermediateProofReplayer Proof replay took 5.9ns 
354015     INFO  main            d.u.i.k.p.r.p.TestFile    ... finished proof: closed. 
354378     INFO  main            d.u.i.k.p.i.AbstractProblemLoader Loading environment from /home/runner/work/key/key/key.core/../key.ui/examples/heap/permissions/threads/Fib_postJoin_accessible.key.proof 
354378     DEBUG main            d.u.i.k.p.i.AbstractProblemLoader Environment load took 77.3ns 
354378     INFO  main            d.u.i.k.p.i.AbstractProblemLoader Creating init config 
358532     DEBUG main            d.u.i.k.p.i.AbstractProblemLoader Init config took 4.15s 
358610     INFO  main            d.u.i.k.p.i.AbstractProblemLoader Replaying proof Fib[ThreadSpec::postJoin(java.lang.Object)].JML accessible clause.0 
358616     DEBUG main            d.u.i.k.p.i.IntermediateProofReplayer Proof replay took 3.95ms 
358617     DEBUG main            d.u.i.k.p.r.p.TestFile    ... success: reloaded. 
358618     INFO  main            d.u.i.k.p.r.p.TestFile    Now processing file /home/runner/work/key/key/key.core/../key.ui/examples/heap/permissions/threads/Fib_preStart_accessible.key 
358618     INFO  main            d.u.i.k.p.i.AbstractProblemLoader Loading environment from /home/runner/work/key/key/key.core/../key.ui/examples/heap/permissions/threads/Fib_preStart_accessible.key 
358618     DEBUG main            d.u.i.k.p.i.AbstractProblemLoader Environment load took 135.5ns 
358619     INFO  main            d.u.i.k.p.i.AbstractProblemLoader Creating init config 
362840     DEBUG main            d.u.i.k.p.i.AbstractProblemLoader Init config took 4.22s 
362931     INFO  main            d.u.i.k.p.i.AbstractProblemLoader Replaying proof Fib[ThreadSpec::preStart(java.lang.Object)].JML accessible clause.0 
362932     DEBUG main            d.u.i.k.p.i.IntermediateProofReplayer Proof replay took 5.4ns 
363034     INFO  main            d.u.i.k.p.r.p.TestFile    ... finished proof: closed. 
363397     INFO  main            d.u.i.k.p.i.AbstractProblemLoader Loading environment from /home/runner/work/key/key/key.core/../key.ui/examples/heap/permissions/threads/Fib_preStart_accessible.key.proof 
363397     DEBUG main            d.u.i.k.p.i.AbstractProblemLoader Environment load took 86.3ns 
363398     INFO  main            d.u.i.k.p.i.AbstractProblemLoader Creating init config 
367548     DEBUG main            d.u.i.k.p.i.AbstractProblemLoader Init config took 4.15s 
367624     INFO  main            d.u.i.k.p.i.AbstractProblemLoader Replaying proof Fib[ThreadSpec::preStart(java.lang.Object)].JML accessible clause.0 
367629     DEBUG main            d.u.i.k.p.i.IntermediateProofReplayer Proof replay took 3.85ms 
367630     DEBUG main            d.u.i.k.p.r.p.TestFile    ... success: reloaded. 
367631     INFO  main            d.u.i.k.p.r.p.TestFile    Now processing file /home/runner/work/key/key/key.core/../key.ui/examples/heap/permissions/threads/Fib_startTransfer_accessible.key 
367631     INFO  main            d.u.i.k.p.i.AbstractProblemLoader Loading environment from /home/runner/work/key/key/key.core/../key.ui/examples/heap/permissions/threads/Fib_startTransfer_accessible.key 
367631     DEBUG main            d.u.i.k.p.i.AbstractProblemLoader Environment load took 79.7ns 
367632     INFO  main            d.u.i.k.p.i.AbstractProblemLoader Creating init config 
371861     DEBUG main            d.u.i.k.p.i.AbstractProblemLoader Init config took 4.23s 
371936     INFO  main            d.u.i.k.p.i.AbstractProblemLoader Replaying proof Fib[ThreadSpec::startTransfer()].JML accessible clause.0 
371938     DEBUG main            d.u.i.k.p.i.IntermediateProofReplayer Proof replay took 6ns 
372139     INFO  main            d.u.i.k.p.r.p.TestFile    ... finished proof: closed. 
372529     INFO  main            d.u.i.k.p.i.AbstractProblemLoader Loading environment from /home/runner/work/key/key/key.core/../key.ui/examples/heap/permissions/threads/Fib_startTransfer_accessible.key.proof 
372530     DEBUG main            d.u.i.k.p.i.AbstractProblemLoader Environment load took 78.5ns 
372530     INFO  main            d.u.i.k.p.i.AbstractProblemLoader Creating init config 
376689     DEBUG main            d.u.i.k.p.i.AbstractProblemLoader Init config took 4.16s 
376775     INFO  main            d.u.i.k.p.i.AbstractProblemLoader Replaying proof Fib[ThreadSpec::startTransfer()].JML accessible clause.0 
376793     DEBUG main            d.u.i.k.p.i.IntermediateProofReplayer Proof replay took 15.85ms 
376794     DEBUG main            d.u.i.k.p.r.p.TestFile    ... success: reloaded. 
376795     INFO  main            d.u.i.k.p.r.p.TestFile    Now processing file /home/runner/work/key/key/key.core/../key.ui/examples/heap/permissions/threads/Fib_startTransfer_contract.key 
376795     INFO  main            d.u.i.k.p.i.AbstractProblemLoader Loading environment from /home/runner/work/key/key/key.core/../key.ui/examples/heap/permissions/threads/Fib_startTransfer_contract.key 
376795     DEBUG main            d.u.i.k.p.i.AbstractProblemLoader Environment load took 71.4ns 
376796     INFO  main            d.u.i.k.p.i.AbstractProblemLoader Creating init config 
381026     DEBUG main            d.u.i.k.p.i.AbstractProblemLoader Init config took 4.23s 
381103     INFO  main            d.u.i.k.p.i.AbstractProblemLoader Replaying proof Fib[ThreadSpec::startTransfer()].JML model_behavior operation contract.0 
381104     DEBUG main            d.u.i.k.p.i.IntermediateProofReplayer Proof replay took 5.4ns 
381207     INFO  main            d.u.i.k.p.r.p.TestFile    ... finished proof: closed. 
381589     INFO  main            d.u.i.k.p.i.AbstractProblemLoader Loading environment from /home/runner/work/key/key/key.core/../key.ui/examples/heap/permissions/threads/Fib_startTransfer_contract.key.proof 
381589     DEBUG main            d.u.i.k.p.i.AbstractProblemLoader Environment load took 75.4ns 
381590     INFO  main            d.u.i.k.p.i.AbstractProblemLoader Creating init config 
385758     DEBUG main            d.u.i.k.p.i.AbstractProblemLoader Init config took 4.17s 
385834     INFO  main            d.u.i.k.p.i.AbstractProblemLoader Replaying proof Fib[ThreadSpec::startTransfer()].JML model_behavior operation contract.0 
385841     DEBUG main            d.u.i.k.p.i.IntermediateProofReplayer Proof replay took 5.65ms 
385842     DEBUG main            d.u.i.k.p.r.p.TestFile    ... success: reloaded. 
385843     INFO  main            d.u.i.k.p.r.p.TestFile    Now processing file /home/runner/work/key/key/key.core/../key.ui/examples/heap/permissions/threads/Fib_workingPermissions_accessible.key 
385843     INFO  main            d.u.i.k.p.i.AbstractProblemLoader Loading environment from /home/runner/work/key/key/key.core/../key.ui/examples/heap/permissions/threads/Fib_workingPermissions_accessible.key 
385843     DEBUG main            d.u.i.k.p.i.AbstractProblemLoader Environment load took 43.6ns 
385844     INFO  main            d.u.i.k.p.i.AbstractProblemLoader Creating init config 
390066     DEBUG main            d.u.i.k.p.i.AbstractProblemLoader Init config took 4.22s 
390155     INFO  main            d.u.i.k.p.i.AbstractProblemLoader Replaying proof Fib[ThreadSpec::workingPermissions()].JML accessible clause.0 
390156     DEBUG main            d.u.i.k.p.i.IntermediateProofReplayer Proof replay took 6.3ns 
390258     INFO  main            d.u.i.k.p.r.p.TestFile    ... finished proof: closed. 
390643     INFO  main            d.u.i.k.p.i.AbstractProblemLoader Loading environment from /home/runner/work/key/key/key.core/../key.ui/examples/heap/permissions/threads/Fib_workingPermissions_accessible.key.proof 
390643     DEBUG main            d.u.i.k.p.i.AbstractProblemLoader Environment load took 98.7ns 
390644     INFO  main            d.u.i.k.p.i.AbstractProblemLoader Creating init config 
394814     DEBUG main            d.u.i.k.p.i.AbstractProblemLoader Init config took 4.17s 
394890     INFO  main            d.u.i.k.p.i.AbstractProblemLoader Replaying proof Fib[ThreadSpec::workingPermissions()].JML accessible clause.0 
394892     DEBUG main            d.u.i.k.p.i.IntermediateProofReplayer Proof replay took 1.53ms 
394893     DEBUG main            d.u.i.k.p.r.p.TestFile    ... success: reloaded. 
394894     INFO  main            d.u.i.k.p.r.p.TestFile    Now processing file /home/runner/work/key/key/key.core/../key.ui/examples/heap/permissions/threads/Plotter_initPost_accessible.key 
394894     INFO  main            d.u.i.k.p.i.AbstractProblemLoader Loading environment from /home/runner/work/key/key/key.core/../key.ui/examples/heap/permissions/threads/Plotter_initPost_accessible.key 
394894     DEBUG main            d.u.i.k.p.i.AbstractProblemLoader Environment load took 41.5ns 
394895     INFO  main            d.u.i.k.p.i.AbstractProblemLoader Creating init config 
399128     DEBUG main            d.u.i.k.p.i.AbstractProblemLoader Init config took 4.23s 
399204     INFO  main            d.u.i.k.p.i.AbstractProblemLoader Replaying proof Plotter[ThreadSpec2::initPost()].JML accessible clause.0 
399205     DEBUG main            d.u.i.k.p.i.IntermediateProofReplayer Proof replay took 6.3ns 
399306     INFO  main            d.u.i.k.p.r.p.TestFile    ... finished proof: closed. 
399704     INFO  main            d.u.i.k.p.i.AbstractProblemLoader Loading environment from /home/runner/work/key/key/key.core/../key.ui/examples/heap/permissions/threads/Plotter_initPost_accessible.key.proof 
399704     DEBUG main            d.u.i.k.p.i.AbstractProblemLoader Environment load took 71.8ns 
399705     INFO  main            d.u.i.k.p.i.AbstractProblemLoader Creating init config 
403875     DEBUG main            d.u.i.k.p.i.AbstractProblemLoader Init config took 4.17s 
403950     INFO  main            d.u.i.k.p.i.AbstractProblemLoader Replaying proof Plotter[ThreadSpec2::initPost()].JML accessible clause.0 
403960     DEBUG main            d.u.i.k.p.i.IntermediateProofReplayer Proof replay took 8.1ms 
403960     DEBUG main            d.u.i.k.p.r.p.TestFile    ... success: reloaded. 
403961     INFO  main            d.u.i.k.p.r.p.TestFile    Now processing file /home/runner/work/key/key/key.core/../key.ui/examples/heap/permissions/threads/Plotter_inv_accessible1.key 
403961     INFO  main            d.u.i.k.p.i.AbstractProblemLoader Loading environment from /home/runner/work/key/key/key.core/../key.ui/examples/heap/permissions/threads/Plotter_inv_accessible1.key 
403961     DEBUG main            d.u.i.k.p.i.AbstractProblemLoader Environment load took 40ns 
403962     INFO  main            d.u.i.k.p.i.AbstractProblemLoader Creating init config 
408197     DEBUG main            d.u.i.k.p.i.AbstractProblemLoader Init config took 4.23s 
408272     INFO  main            d.u.i.k.p.i.AbstractProblemLoader Replaying proof Plotter[java.lang.Object::<inv>()].JML accessible clause.0 
408274     DEBUG main            d.u.i.k.p.i.IntermediateProofReplayer Proof replay took 6.6ns 
408375     INFO  main            d.u.i.k.p.r.p.TestFile    ... finished proof: closed. 
408783     INFO  main            d.u.i.k.p.i.AbstractProblemLoader Loading environment from /home/runner/work/key/key/key.core/../key.ui/examples/heap/permissions/threads/Plotter_inv_accessible1.key.proof 
408784     DEBUG main            d.u.i.k.p.i.AbstractProblemLoader Environment load took 73.3ns 
408784     INFO  main            d.u.i.k.p.i.AbstractProblemLoader Creating init config 
412942     DEBUG main            d.u.i.k.p.i.AbstractProblemLoader Init config took 4.16s 
413020     INFO  main            d.u.i.k.p.i.AbstractProblemLoader Replaying proof Plotter[java.lang.Object::<inv>()].JML accessible clause.0 
413022     DEBUG main            d.u.i.k.p.i.IntermediateProofReplayer Proof replay took 1.22ms 
413023     DEBUG main            d.u.i.k.p.r.p.TestFile    ... success: reloaded. 
413024     INFO  main            d.u.i.k.p.r.p.TestFile    Now processing file /home/runner/work/key/key/key.core/../key.ui/examples/heap/permissions/threads/Plotter_inv_accessible2.key 
413024     INFO  main            d.u.i.k.p.i.AbstractProblemLoader Loading environment from /home/runner/work/key/key/key.core/../key.ui/examples/heap/permissions/threads/Plotter_inv_accessible2.key 
413024     DEBUG main            d.u.i.k.p.i.AbstractProblemLoader Environment load took 56.8ns 
413025     INFO  main            d.u.i.k.p.i.AbstractProblemLoader Creating init config 
417252     DEBUG main            d.u.i.k.p.i.AbstractProblemLoader Init config took 4.23s 
417341     INFO  main            d.u.i.k.p.i.AbstractProblemLoader Replaying proof Plotter[java.lang.Object::<inv>()].JML accessible clause.1 
417342     DEBUG main            d.u.i.k.p.i.IntermediateProofReplayer Proof replay took 6.9ns 
417443     INFO  main            d.u.i.k.p.r.p.TestFile    ... finished proof: closed. 
417849     INFO  main            d.u.i.k.p.i.AbstractProblemLoader Loading environment from /home/runner/work/key/key/key.core/../key.ui/examples/heap/permissions/threads/Plotter_inv_accessible2.key.proof 
417849     DEBUG main            d.u.i.k.p.i.AbstractProblemLoader Environment load took 86.4ns 
417850     INFO  main            d.u.i.k.p.i.AbstractProblemLoader Creating init config 
422016     DEBUG main            d.u.i.k.p.i.AbstractProblemLoader Init config took 4.17s 
422092     INFO  main            d.u.i.k.p.i.AbstractProblemLoader Replaying proof Plotter[java.lang.Object::<inv>()].JML accessible clause.1 
422094     DEBUG main            d.u.i.k.p.i.IntermediateProofReplayer Proof replay took 1.26ms 
422095     DEBUG main            d.u.i.k.p.r.p.TestFile    ... success: reloaded. 
422095     INFO  main            d.u.i.k.p.r.p.TestFile    Now processing file /home/runner/work/key/key/key.core/../key.ui/examples/heap/permissions/threads/Plotter_joinTransfer_contract.key 
422096     INFO  main            d.u.i.k.p.i.AbstractProblemLoader Loading environment from /home/runner/work/key/key/key.core/../key.ui/examples/heap/permissions/threads/Plotter_joinTransfer_contract.key 
422096     DEBUG main            d.u.i.k.p.i.AbstractProblemLoader Environment load took 39.1ns 
422096     INFO  main            d.u.i.k.p.i.AbstractProblemLoader Creating init config 
426335     DEBUG main            d.u.i.k.p.i.AbstractProblemLoader Init config took 4.24s 
426412     INFO  main            d.u.i.k.p.i.AbstractProblemLoader Replaying proof Plotter[ThreadSpec2::joinTransfer()].JML model_behavior operation contract.0 
426414     DEBUG main            d.u.i.k.p.i.IntermediateProofReplayer Proof replay took 6ns 
426515     INFO  main            d.u.i.k.p.r.p.TestFile    ... finished proof: closed. 
426936     INFO  main            d.u.i.k.p.i.AbstractProblemLoader Loading environment from /home/runner/work/key/key/key.core/../key.ui/examples/heap/permissions/threads/Plotter_joinTransfer_contract.key.proof 
426936     DEBUG main            d.u.i.k.p.i.AbstractProblemLoader Environment load took 81.6ns 
426937     INFO  main            d.u.i.k.p.i.AbstractProblemLoader Creating init config 
431094     DEBUG main            d.u.i.k.p.i.AbstractProblemLoader Init config took 4.16s 
431182     INFO  main            d.u.i.k.p.i.AbstractProblemLoader Replaying proof Plotter[ThreadSpec2::joinTransfer()].JML model_behavior operation contract.0 
431189     DEBUG main            d.u.i.k.p.i.IntermediateProofReplayer Proof replay took 6.1ms 
431190     DEBUG main            d.u.i.k.p.r.p.TestFile    ... success: reloaded. 
431190     INFO  main            d.u.i.k.p.r.p.TestFile    Now processing file /home/runner/work/key/key/key.core/../key.ui/examples/heap/permissions/threads/Plotter_Plotter.key 
431191     INFO  main            d.u.i.k.p.i.AbstractProblemLoader Loading environment from /home/runner/work/key/key/key.core/../key.ui/examples/heap/permissions/threads/Plotter_Plotter.key 
431191     DEBUG main            d.u.i.k.p.i.AbstractProblemLoader Environment load took 42.2ns 
431191     INFO  main            d.u.i.k.p.i.AbstractProblemLoader Creating init config 
435420     DEBUG main            d.u.i.k.p.i.AbstractProblemLoader Init config took 4.23s 
435497     INFO  main            d.u.i.k.p.i.AbstractProblemLoader Replaying proof Plotter[Plotter::Plotter(AFilter,BFilter,Buffer)].JML normal_behavior operation contract.0 
435498     DEBUG main            d.u.i.k.p.i.IntermediateProofReplayer Proof replay took 6.8ns 
437102     INFO  main            d.u.i.k.p.r.p.TestFile    ... finished proof: closed. 
437536     INFO  main            d.u.i.k.p.i.AbstractProblemLoader Loading environment from /home/runner/work/key/key/key.core/../key.ui/examples/heap/permissions/threads/Plotter_Plotter.key.proof 
437536     DEBUG main            d.u.i.k.p.i.AbstractProblemLoader Environment load took 115.5ns 
437537     INFO  main            d.u.i.k.p.i.AbstractProblemLoader Creating init config 
441711     DEBUG main            d.u.i.k.p.i.AbstractProblemLoader Init config took 4.17s 
441787     INFO  main            d.u.i.k.p.i.AbstractProblemLoader Replaying proof Plotter[Plotter::Plotter(AFilter,BFilter,Buffer)].JML normal_behavior operation contract.0 
441947     DEBUG main            d.u.i.k.p.i.IntermediateProofReplayer Proof replay took 155.22ms 
441948     DEBUG main            d.u.i.k.p.r.p.TestFile    ... success: reloaded. 
441949     INFO  main            d.u.i.k.p.r.p.TestFile    Now processing file /home/runner/work/key/key/key.core/../key.ui/examples/heap/permissions/threads/Plotter_postJoin_accessible.key 
441949     INFO  main            d.u.i.k.p.i.AbstractProblemLoader Loading environment from /home/runner/work/key/key/key.core/../key.ui/examples/heap/permissions/threads/Plotter_postJoin_accessible.key 
441949     DEBUG main            d.u.i.k.p.i.AbstractProblemLoader Environment load took 58.5ns 
441950     INFO  main            d.u.i.k.p.i.AbstractProblemLoader Creating init config 
446298     DEBUG main            d.u.i.k.p.i.AbstractProblemLoader Init config took 4.35s 
446388     INFO  main            d.u.i.k.p.i.AbstractProblemLoader Replaying proof Plotter[ThreadSpec2::postJoin(java.lang.Object)].JML accessible clause.0 
446390     DEBUG main            d.u.i.k.p.i.IntermediateProofReplayer Proof replay took 7ns 
446491     INFO  main            d.u.i.k.p.r.p.TestFile    ... finished proof: closed. 
446912     INFO  main            d.u.i.k.p.i.AbstractProblemLoader Loading environment from /home/runner/work/key/key/key.core/../key.ui/examples/heap/permissions/threads/Plotter_postJoin_accessible.key.proof 
446912     DEBUG main            d.u.i.k.p.i.AbstractProblemLoader Environment load took 70.3ns 
446913     INFO  main            d.u.i.k.p.i.AbstractProblemLoader Creating init config 
451116     DEBUG main            d.u.i.k.p.i.AbstractProblemLoader Init config took 4.2s 
451192     INFO  main            d.u.i.k.p.i.AbstractProblemLoader Replaying proof Plotter[ThreadSpec2::postJoin(java.lang.Object)].JML accessible clause.0 
451208     DEBUG main            d.u.i.k.p.i.IntermediateProofReplayer Proof replay took 7.91ms 
451209     DEBUG main            d.u.i.k.p.r.p.TestFile    ... success: reloaded. 
451210     INFO  main            d.u.i.k.p.r.p.TestFile    Now processing file /home/runner/work/key/key/key.core/../key.ui/examples/heap/permissions/threads/Plotter_preStart_accessible.key 
451211     INFO  main            d.u.i.k.p.i.AbstractProblemLoader Loading environment from /home/runner/work/key/key/key.core/../key.ui/examples/heap/permissions/threads/Plotter_preStart_accessible.key 
451211     DEBUG main            d.u.i.k.p.i.AbstractProblemLoader Environment load took 102.7ns 
451211     INFO  main            d.u.i.k.p.i.AbstractProblemLoader Creating init config 
455406     DEBUG main            d.u.i.k.p.i.AbstractProblemLoader Init config took 4.19s 
455481     INFO  main            d.u.i.k.p.i.AbstractProblemLoader Replaying proof Plotter[ThreadSpec2::preStart(java.lang.Object)].JML accessible clause.0 
455483     DEBUG main            d.u.i.k.p.i.IntermediateProofReplayer Proof replay took 6.8ns 
456385     INFO  main            d.u.i.k.p.r.p.TestFile    ... finished proof: closed. 
456848     INFO  main            d.u.i.k.p.i.AbstractProblemLoader Loading environment from /home/runner/work/key/key/key.core/../key.ui/examples/heap/permissions/threads/Plotter_preStart_accessible.key.proof 
456848     DEBUG main            d.u.i.k.p.i.AbstractProblemLoader Environment load took 73.6ns 
456849     INFO  main            d.u.i.k.p.i.AbstractProblemLoader Creating init config 
460982     DEBUG main            d.u.i.k.p.i.AbstractProblemLoader Init config took 4.13s 
461057     INFO  main            d.u.i.k.p.i.AbstractProblemLoader Replaying proof Plotter[ThreadSpec2::preStart(java.lang.Object)].JML accessible clause.0 
461102     DEBUG main            d.u.i.k.p.i.IntermediateProofReplayer Proof replay took 42.18ms 
461103     DEBUG main            d.u.i.k.p.r.p.TestFile    ... success: reloaded. 
461104     INFO  main            d.u.i.k.p.r.p.TestFile    Now processing file /home/runner/work/key/key/key.core/../key.ui/examples/heap/permissions/threads/Plotter_stateInv_accessible.key 
461104     INFO  main            d.u.i.k.p.i.AbstractProblemLoader Loading environment from /home/runner/work/key/key/key.core/../key.ui/examples/heap/permissions/threads/Plotter_stateInv_accessible.key 
461104     DEBUG main            d.u.i.k.p.i.AbstractProblemLoader Environment load took 62.5ns 
461105     INFO  main            d.u.i.k.p.i.AbstractProblemLoader Creating init config 
465292     DEBUG main            d.u.i.k.p.i.AbstractProblemLoader Init config took 4.19s 
465367     INFO  main            d.u.i.k.p.i.AbstractProblemLoader Replaying proof Plotter[ThreadSpec2::stateInv()].JML accessible clause.0 
465368     DEBUG main            d.u.i.k.p.i.IntermediateProofReplayer Proof replay took 6.5ns 
472441     INFO  main            d.u.i.k.p.r.p.TestFile    ... finished proof: closed. 
472913     INFO  main            d.u.i.k.p.i.AbstractProblemLoader Loading environment from /home/runner/work/key/key/key.core/../key.ui/examples/heap/permissions/threads/Plotter_stateInv_accessible.key.proof 
472913     DEBUG main            d.u.i.k.p.i.AbstractProblemLoader Environment load took 78.3ns 
472915     INFO  main            d.u.i.k.p.i.AbstractProblemLoader Creating init config 
477052     DEBUG main            d.u.i.k.p.i.AbstractProblemLoader Init config took 4.14s 
477128     INFO  main            d.u.i.k.p.i.AbstractProblemLoader Replaying proof Plotter[ThreadSpec2::stateInv()].JML accessible clause.0 
477490     DEBUG main            d.u.i.k.p.i.IntermediateProofReplayer Proof replay took 347.07ms 
477491     DEBUG main            d.u.i.k.p.r.p.TestFile    ... success: reloaded. 
477492     INFO  main            d.u.i.k.p.r.p.TestFile    Now processing file /home/runner/work/key/key/key.core/../key.ui/examples/heap/permissions/threads/Plotter_staticPermissions_accessible.key 
477492     INFO  main            d.u.i.k.p.i.AbstractProblemLoader Loading environment from /home/runner/work/key/key/key.core/../key.ui/examples/heap/permissions/threads/Plotter_staticPermissions_accessible.key 
477492     DEBUG main            d.u.i.k.p.i.AbstractProblemLoader Environment load took 76.4ns 
477493     INFO  main            d.u.i.k.p.i.AbstractProblemLoader Creating init config 
481698     DEBUG main            d.u.i.k.p.i.AbstractProblemLoader Init config took 4.21s 
481773     INFO  main            d.u.i.k.p.i.AbstractProblemLoader Replaying proof Plotter[ThreadSpec2::staticPermissions()].JML accessible clause.0 
481774     DEBUG main            d.u.i.k.p.i.IntermediateProofReplayer Proof replay took 43.5ns 
482581     INFO  main            d.u.i.k.p.r.p.TestFile    ... finished proof: closed. 
483024     INFO  main            d.u.i.k.p.i.AbstractProblemLoader Loading environment from /home/runner/work/key/key/key.core/../key.ui/examples/heap/permissions/threads/Plotter_staticPermissions_accessible.key.proof 
483024     DEBUG main            d.u.i.k.p.i.AbstractProblemLoader Environment load took 73.8ns 
483025     INFO  main            d.u.i.k.p.i.AbstractProblemLoader Creating init config 
487155     DEBUG main            d.u.i.k.p.i.AbstractProblemLoader Init config took 4.13s 
487230     INFO  main            d.u.i.k.p.i.AbstractProblemLoader Replaying proof Plotter[ThreadSpec2::staticPermissions()].JML accessible clause.0 
487288     DEBUG main            d.u.i.k.p.i.IntermediateProofReplayer Proof replay took 54.39ms 
487288     DEBUG main            d.u.i.k.p.r.p.TestFile    ... success: reloaded. 
487289     INFO  main            d.u.i.k.p.r.p.TestFile    Now processing file /home/runner/work/key/key/key.core/../key.ui/examples/heap/permissions/threads/Plotter_workingPermissions_accessible.key 
487289     INFO  main            d.u.i.k.p.i.AbstractProblemLoader Loading environment from /home/runner/work/key/key/key.core/../key.ui/examples/heap/permissions/threads/Plotter_workingPermissions_accessible.key 
487289     DEBUG main            d.u.i.k.p.i.AbstractProblemLoader Environment load took 76.5ns 
487290     INFO  main            d.u.i.k.p.i.AbstractProblemLoader Creating init config 
491476     DEBUG main            d.u.i.k.p.i.AbstractProblemLoader Init config took 4.19s 
491571     INFO  main            d.u.i.k.p.i.AbstractProblemLoader Replaying proof Plotter[ThreadSpec2::workingPermissions()].JML accessible clause.0 
491572     DEBUG main            d.u.i.k.p.i.IntermediateProofReplayer Proof replay took 2.4ns 
491773     INFO  main            d.u.i.k.p.r.p.TestFile    ... finished proof: closed. 
492226     INFO  main            d.u.i.k.p.i.AbstractProblemLoader Loading environment from /home/runner/work/key/key/key.core/../key.ui/examples/heap/permissions/threads/Plotter_workingPermissions_accessible.key.proof 
492227     DEBUG main            d.u.i.k.p.i.AbstractProblemLoader Environment load took 71.2ns 
492228     INFO  main            d.u.i.k.p.i.AbstractProblemLoader Creating init config 
496350     DEBUG main            d.u.i.k.p.i.AbstractProblemLoader Init config took 4.12s 
496426     INFO  main            d.u.i.k.p.i.AbstractProblemLoader Replaying proof Plotter[ThreadSpec2::workingPermissions()].JML accessible clause.0 
496437     DEBUG main            d.u.i.k.p.i.IntermediateProofReplayer Proof replay took 10.11ms 
496438     DEBUG main            d.u.i.k.p.r.p.TestFile    ... success: reloaded. 
496439     INFO  main            d.u.i.k.p.r.p.TestFile    Now processing file /home/runner/work/key/key/key.core/../key.ui/examples/heap/permissions/threads/Sampler_initPost_accessible.key 
496439     INFO  main            d.u.i.k.p.i.AbstractProblemLoader Loading environment from /home/runner/work/key/key/key.core/../key.ui/examples/heap/permissions/threads/Sampler_initPost_accessible.key 
496439     DEBUG main            d.u.i.k.p.i.AbstractProblemLoader Environment load took 39.4ns 
496440     INFO  main            d.u.i.k.p.i.AbstractProblemLoader Creating init config 
500629     DEBUG main            d.u.i.k.p.i.AbstractProblemLoader Init config took 4.19s 
500704     INFO  main            d.u.i.k.p.i.AbstractProblemLoader Replaying proof Sampler[ThreadSpec2::initPost()].JML accessible clause.0 
500705     DEBUG main            d.u.i.k.p.i.IntermediateProofReplayer Proof replay took 2.1ns 
500806     INFO  main            d.u.i.k.p.r.p.TestFile    ... finished proof: closed. 
501265     INFO  main            d.u.i.k.p.i.AbstractProblemLoader Loading environment from /home/runner/work/key/key/key.core/../key.ui/examples/heap/permissions/threads/Sampler_initPost_accessible.key.proof 
501265     DEBUG main            d.u.i.k.p.i.AbstractProblemLoader Environment load took 69.6ns 
501266     INFO  main            d.u.i.k.p.i.AbstractProblemLoader Creating init config 
505420     DEBUG main            d.u.i.k.p.i.AbstractProblemLoader Init config took 4.15s 
505495     INFO  main            d.u.i.k.p.i.AbstractProblemLoader Replaying proof Sampler[ThreadSpec2::initPost()].JML accessible clause.0 
505501     DEBUG main            d.u.i.k.p.i.IntermediateProofReplayer Proof replay took 3.94ms 
505501     DEBUG main            d.u.i.k.p.r.p.TestFile    ... success: reloaded. 
505502     INFO  main            d.u.i.k.p.r.p.TestFile    Now processing file /home/runner/work/key/key/key.core/../key.ui/examples/heap/permissions/threads/Sampler_inv_accessible1.key 
505502     INFO  main            d.u.i.k.p.i.AbstractProblemLoader Loading environment from /home/runner/work/key/key/key.core/../key.ui/examples/heap/permissions/threads/Sampler_inv_accessible1.key 
505502     DEBUG main            d.u.i.k.p.i.AbstractProblemLoader Environment load took 38ns 
505503     INFO  main            d.u.i.k.p.i.AbstractProblemLoader Creating init config 
509697     DEBUG main            d.u.i.k.p.i.AbstractProblemLoader Init config took 4.19s 
509794     INFO  main            d.u.i.k.p.i.AbstractProblemLoader Replaying proof Sampler[java.lang.Object::<inv>()].JML accessible clause.0 
509795     DEBUG main            d.u.i.k.p.i.IntermediateProofReplayer Proof replay took 2.6ns 
509896     INFO  main            d.u.i.k.p.r.p.TestFile    ... finished proof: closed. 
510350     INFO  main            d.u.i.k.p.i.AbstractProblemLoader Loading environment from /home/runner/work/key/key/key.core/../key.ui/examples/heap/permissions/threads/Sampler_inv_accessible1.key.proof 
510350     DEBUG main            d.u.i.k.p.i.AbstractProblemLoader Environment load took 67.3ns 
510350     INFO  main            d.u.i.k.p.i.AbstractProblemLoader Creating init config 
514475     DEBUG main            d.u.i.k.p.i.AbstractProblemLoader Init config took 4.12s 
514561     INFO  main            d.u.i.k.p.i.AbstractProblemLoader Replaying proof Sampler[java.lang.Object::<inv>()].JML accessible clause.0 
514564     DEBUG main            d.u.i.k.p.i.IntermediateProofReplayer Proof replay took 1.24ms 
514565     DEBUG main            d.u.i.k.p.r.p.TestFile    ... success: reloaded. 
514565     INFO  main            d.u.i.k.p.r.p.TestFile    Now processing file /home/runner/work/key/key/key.core/../key.ui/examples/heap/permissions/threads/Sampler_inv_accessible2.key 
514565     INFO  main            d.u.i.k.p.i.AbstractProblemLoader Loading environment from /home/runner/work/key/key/key.core/../key.ui/examples/heap/permissions/threads/Sampler_inv_accessible2.key 
514566     DEBUG main            d.u.i.k.p.i.AbstractProblemLoader Environment load took 37.9ns 
514566     INFO  main            d.u.i.k.p.i.AbstractProblemLoader Creating init config 
518762     DEBUG main            d.u.i.k.p.i.AbstractProblemLoader Init config took 4.2s 
518837     INFO  main            d.u.i.k.p.i.AbstractProblemLoader Replaying proof Sampler[java.lang.Object::<inv>()].JML accessible clause.1 
518838     DEBUG main            d.u.i.k.p.i.IntermediateProofReplayer Proof replay took 2.1ns 
518939     INFO  main            d.u.i.k.p.r.p.TestFile    ... finished proof: closed. 
519400     INFO  main            d.u.i.k.p.i.AbstractProblemLoader Loading environment from /home/runner/work/key/key/key.core/../key.ui/examples/heap/permissions/threads/Sampler_inv_accessible2.key.proof 
519400     DEBUG main            d.u.i.k.p.i.AbstractProblemLoader Environment load took 66.3ns 
519401     INFO  main            d.u.i.k.p.i.AbstractProblemLoader Creating init config 
523529     DEBUG main            d.u.i.k.p.i.AbstractProblemLoader Init config took 4.13s 
523615     INFO  main            d.u.i.k.p.i.AbstractProblemLoader Replaying proof Sampler[java.lang.Object::<inv>()].JML accessible clause.1 
523617     DEBUG main            d.u.i.k.p.i.IntermediateProofReplayer Proof replay took 1.19ms 
523618     DEBUG main            d.u.i.k.p.r.p.TestFile    ... success: reloaded. 
523619     INFO  main            d.u.i.k.p.r.p.TestFile    Now processing file /home/runner/work/key/key/key.core/../key.ui/examples/heap/permissions/threads/Sampler_joinTransfer_accessible.key 
523619     INFO  main            d.u.i.k.p.i.AbstractProblemLoader Loading environment from /home/runner/work/key/key/key.core/../key.ui/examples/heap/permissions/threads/Sampler_joinTransfer_accessible.key 
523619     DEBUG main            d.u.i.k.p.i.AbstractProblemLoader Environment load took 37.8ns 
523620     INFO  main            d.u.i.k.p.i.AbstractProblemLoader Creating init config 
527830     DEBUG main            d.u.i.k.p.i.AbstractProblemLoader Init config took 4.21s 
527905     INFO  main            d.u.i.k.p.i.AbstractProblemLoader Replaying proof Sampler[ThreadSpec2::joinTransfer()].JML accessible clause.0 
527906     DEBUG main            d.u.i.k.p.i.IntermediateProofReplayer Proof replay took 2.4ns 
530913     INFO  main            d.u.i.k.p.r.p.TestFile    ... finished proof: closed. 
531398     INFO  main            d.u.i.k.p.i.AbstractProblemLoader Loading environment from /home/runner/work/key/key/key.core/../key.ui/examples/heap/permissions/threads/Sampler_joinTransfer_accessible.key.proof 
531398     DEBUG main            d.u.i.k.p.i.AbstractProblemLoader Environment load took 130.4ns 
531399     INFO  main            d.u.i.k.p.i.AbstractProblemLoader Creating init config 
535549     DEBUG main            d.u.i.k.p.i.AbstractProblemLoader Init config took 4.15s 
535624     INFO  main            d.u.i.k.p.i.AbstractProblemLoader Replaying proof Sampler[ThreadSpec2::joinTransfer()].JML accessible clause.0 
535998     DEBUG main            d.u.i.k.p.i.IntermediateProofReplayer Proof replay took 362.54ms 
535999     DEBUG main            d.u.i.k.p.r.p.TestFile    ... success: reloaded. 
536000     INFO  main            d.u.i.k.p.r.p.TestFile    Now processing file /home/runner/work/key/key/key.core/../key.ui/examples/heap/permissions/threads/Sampler_joinTransfer_contract.key 
536000     INFO  main            d.u.i.k.p.i.AbstractProblemLoader Loading environment from /home/runner/work/key/key/key.core/../key.ui/examples/heap/permissions/threads/Sampler_joinTransfer_contract.key 
536000     DEBUG main            d.u.i.k.p.i.AbstractProblemLoader Environment load took 40.7ns 
536001     INFO  main            d.u.i.k.p.i.AbstractProblemLoader Creating init config 
540229     DEBUG main            d.u.i.k.p.i.AbstractProblemLoader Init config took 4.23s 
540305     INFO  main            d.u.i.k.p.i.AbstractProblemLoader Replaying proof Sampler[ThreadSpec2::joinTransfer()].JML model_behavior operation contract.0 
540307     DEBUG main            d.u.i.k.p.i.IntermediateProofReplayer Proof replay took 2.4ns 
540408     INFO  main            d.u.i.k.p.r.p.TestFile    ... finished proof: closed. 
540886     INFO  main            d.u.i.k.p.i.AbstractProblemLoader Loading environment from /home/runner/work/key/key/key.core/../key.ui/examples/heap/permissions/threads/Sampler_joinTransfer_contract.key.proof 
540886     DEBUG main            d.u.i.k.p.i.AbstractProblemLoader Environment load took 65.9ns 
540887     INFO  main            d.u.i.k.p.i.AbstractProblemLoader Creating init config 
545034     DEBUG main            d.u.i.k.p.i.AbstractProblemLoader Init config took 4.15s 
545112     INFO  main            d.u.i.k.p.i.AbstractProblemLoader Replaying proof Sampler[ThreadSpec2::joinTransfer()].JML model_behavior operation contract.0 
545119     DEBUG main            d.u.i.k.p.i.IntermediateProofReplayer Proof replay took 5.95ms 
545119     DEBUG main            d.u.i.k.p.r.p.TestFile    ... success: reloaded. 
545120     INFO  main            d.u.i.k.p.r.p.TestFile    Now processing file /home/runner/work/key/key/key.core/../key.ui/examples/heap/permissions/threads/Sampler_postJoin_accessible.key 
545120     INFO  main            d.u.i.k.p.i.AbstractProblemLoader Loading environment from /home/runner/work/key/key/key.core/../key.ui/examples/heap/permissions/threads/Sampler_postJoin_accessible.key 
545120     DEBUG main            d.u.i.k.p.i.AbstractProblemLoader Environment load took 38.2ns 
545121     INFO  main            d.u.i.k.p.i.AbstractProblemLoader Creating init config 
549334     DEBUG main            d.u.i.k.p.i.AbstractProblemLoader Init config took 4.21s 
549409     INFO  main            d.u.i.k.p.i.AbstractProblemLoader Replaying proof Sampler[ThreadSpec2::postJoin(java.lang.Object)].JML accessible clause.0 
549410     DEBUG main            d.u.i.k.p.i.IntermediateProofReplayer Proof replay took 2.8ns 
549511     INFO  main            d.u.i.k.p.r.p.TestFile    ... finished proof: closed. 
549998     INFO  main            d.u.i.k.p.i.AbstractProblemLoader Loading environment from /home/runner/work/key/key/key.core/../key.ui/examples/heap/permissions/threads/Sampler_postJoin_accessible.key.proof 
549998     DEBUG main            d.u.i.k.p.i.AbstractProblemLoader Environment load took 65.3ns 
549998     INFO  main            d.u.i.k.p.i.AbstractProblemLoader Creating init config 
554133     DEBUG main            d.u.i.k.p.i.AbstractProblemLoader Init config took 4.13s 
554208     INFO  main            d.u.i.k.p.i.AbstractProblemLoader Replaying proof Sampler[ThreadSpec2::postJoin(java.lang.Object)].JML accessible clause.0 
554216     DEBUG main            d.u.i.k.p.i.IntermediateProofReplayer Proof replay took 6.39ms 
554217     DEBUG main            d.u.i.k.p.r.p.TestFile    ... success: reloaded. 
554217     INFO  main            d.u.i.k.p.r.p.TestFile    Now processing file /home/runner/work/key/key/key.core/../key.ui/examples/heap/permissions/threads/Sampler_preStart_accessible.key 
554218     INFO  main            d.u.i.k.p.i.AbstractProblemLoader Loading environment from /home/runner/work/key/key/key.core/../key.ui/examples/heap/permissions/threads/Sampler_preStart_accessible.key 
554218     DEBUG main            d.u.i.k.p.i.AbstractProblemLoader Environment load took 62.2ns 
554218     INFO  main            d.u.i.k.p.i.AbstractProblemLoader Creating init config 
558424     DEBUG main            d.u.i.k.p.i.AbstractProblemLoader Init config took 4.21s 
558500     INFO  main            d.u.i.k.p.i.AbstractProblemLoader Replaying proof Sampler[ThreadSpec2::preStart(java.lang.Object)].JML accessible clause.0 
558501     DEBUG main            d.u.i.k.p.i.IntermediateProofReplayer Proof replay took 2.3ns 
558602     INFO  main            d.u.i.k.p.r.p.TestFile    ... finished proof: closed. 
559075     INFO  main            d.u.i.k.p.i.AbstractProblemLoader Loading environment from /home/runner/work/key/key/key.core/../key.ui/examples/heap/permissions/threads/Sampler_preStart_accessible.key.proof 
559075     DEBUG main            d.u.i.k.p.i.AbstractProblemLoader Environment load took 67.9ns 
559076     INFO  main            d.u.i.k.p.i.AbstractProblemLoader Creating init config 
563227     DEBUG main            d.u.i.k.p.i.AbstractProblemLoader Init config took 4.15s 
563302     INFO  main            d.u.i.k.p.i.AbstractProblemLoader Replaying proof Sampler[ThreadSpec2::preStart(java.lang.Object)].JML accessible clause.0 
563310     DEBUG main            d.u.i.k.p.i.IntermediateProofReplayer Proof replay took 6.29ms 
563310     DEBUG main            d.u.i.k.p.r.p.TestFile    ... success: reloaded. 
563311     INFO  main            d.u.i.k.p.r.p.TestFile    Now processing file /home/runner/work/key/key/key.core/../key.ui/examples/heap/permissions/threads/Sampler_run.key 
563311     INFO  main            d.u.i.k.p.i.AbstractProblemLoader Loading environment from /home/runner/work/key/key/key.core/../key.ui/examples/heap/permissions/threads/Sampler_run.key 
563311     DEBUG main            d.u.i.k.p.i.AbstractProblemLoader Environment load took 40.2ns 
563312     INFO  main            d.u.i.k.p.i.AbstractProblemLoader Creating init config 
567515     DEBUG main            d.u.i.k.p.i.AbstractProblemLoader Init config took 4.2s 
567610     INFO  main            d.u.i.k.p.i.AbstractProblemLoader Replaying proof Sampler[ThreadSpec2::run()].JML normal_behavior operation contract.0 
567611     DEBUG main            d.u.i.k.p.i.IntermediateProofReplayer Proof replay took 2.2ns 
567713     INFO  main            d.u.i.k.p.r.p.TestFile    ... finished proof: closed. 
568214     INFO  main            d.u.i.k.p.i.AbstractProblemLoader Loading environment from /home/runner/work/key/key/key.core/../key.ui/examples/heap/permissions/threads/Sampler_run.key.proof 
568214     DEBUG main            d.u.i.k.p.i.AbstractProblemLoader Environment load took 71.5ns 
568215     INFO  main            d.u.i.k.p.i.AbstractProblemLoader Creating init config 
572371     DEBUG main            d.u.i.k.p.i.AbstractProblemLoader Init config took 4.16s 
572447     INFO  main            d.u.i.k.p.i.AbstractProblemLoader Replaying proof Sampler[ThreadSpec2::run()].JML normal_behavior operation contract.0 
572470     DEBUG main            d.u.i.k.p.i.IntermediateProofReplayer Proof replay took 22.13ms 
572471     DEBUG main            d.u.i.k.p.r.p.TestFile    ... success: reloaded. 
572472     INFO  main            d.u.i.k.p.r.p.TestFile    Now processing file /home/runner/work/key/key/key.core/../key.ui/examples/heap/permissions/threads/Sampler_Sampler.key 
572472     INFO  main            d.u.i.k.p.i.AbstractProblemLoader Loading environment from /home/runner/work/key/key/key.core/../key.ui/examples/heap/permissions/threads/Sampler_Sampler.key 
572472     DEBUG main            d.u.i.k.p.i.AbstractProblemLoader Environment load took 41.4ns 
572473     INFO  main            d.u.i.k.p.i.AbstractProblemLoader Creating init config 
576699     DEBUG main            d.u.i.k.p.i.AbstractProblemLoader Init config took 4.23s 
576775     INFO  main            d.u.i.k.p.i.AbstractProblemLoader Replaying proof Sampler[Sampler::Sampler(Buffer)].JML normal_behavior operation contract.0 
576776     DEBUG main            d.u.i.k.p.i.IntermediateProofReplayer Proof replay took 2.2ns 
577278     INFO  main            d.u.i.k.p.r.p.TestFile    ... finished proof: closed. 
577807     INFO  main            d.u.i.k.p.i.AbstractProblemLoader Loading environment from /home/runner/work/key/key/key.core/../key.ui/examples/heap/permissions/threads/Sampler_Sampler.key.proof 
577807     DEBUG main            d.u.i.k.p.i.AbstractProblemLoader Environment load took 67.4ns 
577808     INFO  main            d.u.i.k.p.i.AbstractProblemLoader Creating init config 
581984     DEBUG main            d.u.i.k.p.i.AbstractProblemLoader Init config took 4.18s 
582059     INFO  main            d.u.i.k.p.i.AbstractProblemLoader Replaying proof Sampler[Sampler::Sampler(Buffer)].JML normal_behavior operation contract.0 
582118     DEBUG main            d.u.i.k.p.i.IntermediateProofReplayer Proof replay took 56.34ms 
582119     DEBUG main            d.u.i.k.p.r.p.TestFile    ... success: reloaded. 
582119     INFO  main            d.u.i.k.p.r.p.TestFile    Now processing file /home/runner/work/key/key/key.core/../key.ui/examples/heap/permissions/threads/Sampler_startTransfer_accessible.key 
582120     INFO  main            d.u.i.k.p.i.AbstractProblemLoader Loading environment from /home/runner/work/key/key/key.core/../key.ui/examples/heap/permissions/threads/Sampler_startTransfer_accessible.key 
582120     DEBUG main            d.u.i.k.p.i.AbstractProblemLoader Environment load took 40.6ns 
582120     INFO  main            d.u.i.k.p.i.AbstractProblemLoader Creating init config 
586340     DEBUG main            d.u.i.k.p.i.AbstractProblemLoader Init config took 4.22s 
586415     INFO  main            d.u.i.k.p.i.AbstractProblemLoader Replaying proof Sampler[ThreadSpec2::startTransfer()].JML accessible clause.0 
586416     DEBUG main            d.u.i.k.p.i.IntermediateProofReplayer Proof replay took 1.9ns 
589626     INFO  main            d.u.i.k.p.r.p.TestFile    ... finished proof: closed. 
590175     INFO  main            d.u.i.k.p.i.AbstractProblemLoader Loading environment from /home/runner/work/key/key/key.core/../key.ui/examples/heap/permissions/threads/Sampler_startTransfer_accessible.key.proof 
590175     DEBUG main            d.u.i.k.p.i.AbstractProblemLoader Environment load took 67.4ns 
590176     INFO  main            d.u.i.k.p.i.AbstractProblemLoader Creating init config 
594329     DEBUG main            d.u.i.k.p.i.AbstractProblemLoader Init config took 4.15s 
594417     INFO  main            d.u.i.k.p.i.AbstractProblemLoader Replaying proof Sampler[ThreadSpec2::startTransfer()].JML accessible clause.0 
594729     DEBUG main            d.u.i.k.p.i.IntermediateProofReplayer Proof replay took 303.06ms 
594730     DEBUG main            d.u.i.k.p.r.p.TestFile    ... success: reloaded. 
594731     INFO  main            d.u.i.k.p.r.p.TestFile    Now processing file /home/runner/work/key/key/key.core/../key.ui/examples/heap/permissions/threads/Sampler_startTransfer_contract.key 
594731     INFO  main            d.u.i.k.p.i.AbstractProblemLoader Loading environment from /home/runner/work/key/key/key.core/../key.ui/examples/heap/permissions/threads/Sampler_startTransfer_contract.key 
594731     DEBUG main            d.u.i.k.p.i.AbstractProblemLoader Environment load took 38.4ns 
594732     INFO  main            d.u.i.k.p.i.AbstractProblemLoader Creating init config 
598955     DEBUG main            d.u.i.k.p.i.AbstractProblemLoader Init config took 4.22s 
599030     INFO  main            d.u.i.k.p.i.AbstractProblemLoader Replaying proof Sampler[ThreadSpec2::startTransfer()].JML model_behavior operation contract.0 
599031     DEBUG main            d.u.i.k.p.i.IntermediateProofReplayer Proof replay took 2.1ns 
599132     INFO  main            d.u.i.k.p.r.p.TestFile    ... finished proof: closed. 
599643     INFO  main            d.u.i.k.p.i.AbstractProblemLoader Loading environment from /home/runner/work/key/key/key.core/../key.ui/examples/heap/permissions/threads/Sampler_startTransfer_contract.key.proof 
599643     DEBUG main            d.u.i.k.p.i.AbstractProblemLoader Environment load took 64ns 
599644     INFO  main            d.u.i.k.p.i.AbstractProblemLoader Creating init config 
603777     DEBUG main            d.u.i.k.p.i.AbstractProblemLoader Init config took 4.13s 
603851     INFO  main            d.u.i.k.p.i.AbstractProblemLoader Replaying proof Sampler[ThreadSpec2::startTransfer()].JML model_behavior operation contract.0 
603858     DEBUG main            d.u.i.k.p.i.IntermediateProofReplayer Proof replay took 5.64ms 
603859     DEBUG main            d.u.i.k.p.r.p.TestFile    ... success: reloaded. 
603860     INFO  main            d.u.i.k.p.r.p.TestFile    Now processing file /home/runner/work/key/key/key.core/../key.ui/examples/heap/permissions/threads/Sampler_stateInv_accessible.key 
603860     INFO  main            d.u.i.k.p.i.AbstractProblemLoader Loading environment from /home/runner/work/key/key/key.core/../key.ui/examples/heap/permissions/threads/Sampler_stateInv_accessible.key 
603860     DEBUG main            d.u.i.k.p.i.AbstractProblemLoader Environment load took 58.3ns 
603861     INFO  main            d.u.i.k.p.i.AbstractProblemLoader Creating init config 
608063     DEBUG main            d.u.i.k.p.i.AbstractProblemLoader Init config took 4.2s 
608138     INFO  main            d.u.i.k.p.i.AbstractProblemLoader Replaying proof Sampler[ThreadSpec2::stateInv()].JML accessible clause.0 
608139     DEBUG main            d.u.i.k.p.i.IntermediateProofReplayer Proof replay took 2ns 
608241     INFO  main            d.u.i.k.p.r.p.TestFile    ... finished proof: closed. 
608761     INFO  main            d.u.i.k.p.i.AbstractProblemLoader Loading environment from /home/runner/work/key/key/key.core/../key.ui/examples/heap/permissions/threads/Sampler_stateInv_accessible.key.proof 
608761     DEBUG main            d.u.i.k.p.i.AbstractProblemLoader Environment load took 65.7ns 
608762     INFO  main            d.u.i.k.p.i.AbstractProblemLoader Creating init config 
612891     DEBUG main            d.u.i.k.p.i.AbstractProblemLoader Init config took 4.13s 
612966     INFO  main            d.u.i.k.p.i.AbstractProblemLoader Replaying proof Sampler[ThreadSpec2::stateInv()].JML accessible clause.0 
612971     DEBUG main            d.u.i.k.p.i.IntermediateProofReplayer Proof replay took 4.3ms 
612972     DEBUG main            d.u.i.k.p.r.p.TestFile    ... success: reloaded. 
612973     INFO  main            d.u.i.k.p.r.p.TestFile    Now processing file /home/runner/work/key/key/key.core/../key.ui/examples/heap/permissions/threads/Sampler_staticPermissions_accessible.key 
612973     INFO  main            d.u.i.k.p.i.AbstractProblemLoader Loading environment from /home/runner/work/key/key/key.core/../key.ui/examples/heap/permissions/threads/Sampler_staticPermissions_accessible.key 
612973     DEBUG main            d.u.i.k.p.i.AbstractProblemLoader Environment load took 39.8ns 
612974     INFO  main            d.u.i.k.p.i.AbstractProblemLoader Creating init config 
617191     DEBUG main            d.u.i.k.p.i.AbstractProblemLoader Init config took 4.22s 
617281     INFO  main            d.u.i.k.p.i.AbstractProblemLoader Replaying proof Sampler[ThreadSpec2::staticPermissions()].JML accessible clause.0 
617283     DEBUG main            d.u.i.k.p.i.IntermediateProofReplayer Proof replay took 2.3ns 
617387     INFO  main            d.u.i.k.p.r.p.TestFile    ... finished proof: closed. 
617910     INFO  main            d.u.i.k.p.i.AbstractProblemLoader Loading environment from /home/runner/work/key/key/key.core/../key.ui/examples/heap/permissions/threads/Sampler_staticPermissions_accessible.key.proof 
617910     DEBUG main            d.u.i.k.p.i.AbstractProblemLoader Environment load took 61ns 
617911     INFO  main            d.u.i.k.p.i.AbstractProblemLoader Creating init config 
622070     DEBUG main            d.u.i.k.p.i.AbstractProblemLoader Init config took 4.16s 
622158     INFO  main            d.u.i.k.p.i.AbstractProblemLoader Replaying proof Sampler[ThreadSpec2::staticPermissions()].JML accessible clause.0 
622165     DEBUG main            d.u.i.k.p.i.IntermediateProofReplayer Proof replay took 2.6ms 
622166     DEBUG main            d.u.i.k.p.r.p.TestFile    ... success: reloaded. 
622166     INFO  main            d.u.i.k.p.r.p.TestFile    Now processing file /home/runner/work/key/key/key.core/../key.ui/examples/heap/permissions/threads/Sampler_workingPermissions_accessible.key 
622167     INFO  main            d.u.i.k.p.i.AbstractProblemLoader Loading environment from /home/runner/work/key/key/key.core/../key.ui/examples/heap/permissions/threads/Sampler_workingPermissions_accessible.key 
622167     DEBUG main            d.u.i.k.p.i.AbstractProblemLoader Environment load took 54.4ns 
622167     INFO  main            d.u.i.k.p.i.AbstractProblemLoader Creating init config 
626401     DEBUG main            d.u.i.k.p.i.AbstractProblemLoader Init config took 4.23s 
626478     INFO  main            d.u.i.k.p.i.AbstractProblemLoader Replaying proof Sampler[ThreadSpec2::workingPermissions()].JML accessible clause.0 
626479     DEBUG main            d.u.i.k.p.i.IntermediateProofReplayer Proof replay took 2ns 
626581     INFO  main            d.u.i.k.p.r.p.TestFile    ... finished proof: closed. 
627115     INFO  main            d.u.i.k.p.i.AbstractProblemLoader Loading environment from /home/runner/work/key/key/key.core/../key.ui/examples/heap/permissions/threads/Sampler_workingPermissions_accessible.key.proof 
627115     DEBUG main            d.u.i.k.p.i.AbstractProblemLoader Environment load took 64.2ns 
627116     INFO  main            d.u.i.k.p.i.AbstractProblemLoader Creating init config 
631288     DEBUG main            d.u.i.k.p.i.AbstractProblemLoader Init config took 4.17s 
631374     INFO  main            d.u.i.k.p.i.AbstractProblemLoader Replaying proof Sampler[ThreadSpec2::workingPermissions()].JML accessible clause.0 
631379     DEBUG main            d.u.i.k.p.i.IntermediateProofReplayer Proof replay took 3.64ms 
631379     DEBUG main            d.u.i.k.p.r.p.TestFile    ... success: reloaded. 
631380     INFO  main            d.u.i.k.p.r.p.TestFile    Now processing file /home/runner/work/key/key/key.core/../key.ui/examples/heap/permissions/mulleretal/ReadWrite_doRead_contract.key 
631380     INFO  main            d.u.i.k.p.i.AbstractProblemLoader Loading environment from /home/runner/work/key/key/key.core/../key.ui/examples/heap/permissions/mulleretal/ReadWrite_doRead_contract.key 
631380     DEBUG main            d.u.i.k.p.i.AbstractProblemLoader Environment load took 40.7ns 
631381     INFO  main            d.u.i.k.p.i.AbstractProblemLoader Creating init config 
633825     DEBUG main            d.u.i.k.p.i.AbstractProblemLoader Init config took 2.44s 
633855     INFO  main            d.u.i.k.p.i.AbstractProblemLoader Replaying proof ReadWrite[ReadWrite::doRead()].JML normal_behavior operation contract.0 
633857     DEBUG main            d.u.i.k.p.i.IntermediateProofReplayer Proof replay took 2ns 
635261     INFO  main            d.u.i.k.p.r.p.TestFile    ... finished proof: closed. 
635827     INFO  main            d.u.i.k.p.i.AbstractProblemLoader Loading environment from /home/runner/work/key/key/key.core/../key.ui/examples/heap/permissions/mulleretal/ReadWrite_doRead_contract.key.proof 
635827     DEBUG main            d.u.i.k.p.i.AbstractProblemLoader Environment load took 126.4ns 
635828     INFO  main            d.u.i.k.p.i.AbstractProblemLoader Creating init config 
638206     DEBUG main            d.u.i.k.p.i.AbstractProblemLoader Init config took 2.38s 
638236     INFO  main            d.u.i.k.p.i.AbstractProblemLoader Replaying proof ReadWrite[ReadWrite::doRead()].JML normal_behavior operation contract.0 
638509     DEBUG main            d.u.i.k.p.i.IntermediateProofReplayer Proof replay took 267.67ms 
638510     DEBUG main            d.u.i.k.p.r.p.TestFile    ... success: reloaded. 
638510     INFO  main            d.u.i.k.p.r.p.TestFile    Now processing file /home/runner/work/key/key/key.core/../key.ui/examples/heap/permissions/mulleretal/ReadWrite_doWrite_contract.key 
638511     INFO  main            d.u.i.k.p.i.AbstractProblemLoader Loading environment from /home/runner/work/key/key/key.core/../key.ui/examples/heap/permissions/mulleretal/ReadWrite_doWrite_contract.key 
638511     DEBUG main            d.u.i.k.p.i.AbstractProblemLoader Environment load took 46.3ns 
638511     INFO  main            d.u.i.k.p.i.AbstractProblemLoader Creating init config 
640935     DEBUG main            d.u.i.k.p.i.AbstractProblemLoader Init config took 2.42s 
640967     INFO  main            d.u.i.k.p.i.AbstractProblemLoader Replaying proof ReadWrite[ReadWrite::doWrite()].JML normal_behavior operation contract.0 
640968     DEBUG main            d.u.i.k.p.i.IntermediateProofReplayer Proof replay took 2ns 
642373     INFO  main            d.u.i.k.p.r.p.TestFile    ... finished proof: closed. 
642944     INFO  main            d.u.i.k.p.i.AbstractProblemLoader Loading environment from /home/runner/work/key/key/key.core/../key.ui/examples/heap/permissions/mulleretal/ReadWrite_doWrite_contract.key.proof 
642944     DEBUG main            d.u.i.k.p.i.AbstractProblemLoader Environment load took 76.1ns 
642945     INFO  main            d.u.i.k.p.i.AbstractProblemLoader Creating init config 
645286     DEBUG main            d.u.i.k.p.i.AbstractProblemLoader Init config took 2.34s 
645316     INFO  main            d.u.i.k.p.i.AbstractProblemLoader Replaying proof ReadWrite[ReadWrite::doWrite()].JML normal_behavior operation contract.0 
645603     DEBUG main            d.u.i.k.p.i.IntermediateProofReplayer Proof replay took 281.13ms 
645603     DEBUG main            d.u.i.k.p.r.p.TestFile    ... success: reloaded. 
645604     INFO  main            d.u.i.k.p.r.p.TestFile    Now processing file /home/runner/work/key/key/key.core/../key.ui/examples/heap/permissions/mulleretal/ReadWrite_read_contract.key 
645604     INFO  main            d.u.i.k.p.i.AbstractProblemLoader Loading environment from /home/runner/work/key/key/key.core/../key.ui/examples/heap/permissions/mulleretal/ReadWrite_read_contract.key 
645604     DEBUG main            d.u.i.k.p.i.AbstractProblemLoader Environment load took 57.1ns 
645605     INFO  main            d.u.i.k.p.i.AbstractProblemLoader Creating init config 
648015     DEBUG main            d.u.i.k.p.i.AbstractProblemLoader Init config took 2.41s 
648045     INFO  main            d.u.i.k.p.i.AbstractProblemLoader Replaying proof ReadWrite[ReadWrite::read()].JML normal_behavior operation contract.0 
648046     DEBUG main            d.u.i.k.p.i.IntermediateProofReplayer Proof replay took 2.1ns 
648147     INFO  main            d.u.i.k.p.r.p.TestFile    ... finished proof: closed. 
648690     INFO  main            d.u.i.k.p.i.AbstractProblemLoader Loading environment from /home/runner/work/key/key/key.core/../key.ui/examples/heap/permissions/mulleretal/ReadWrite_read_contract.key.proof 
648690     DEBUG main            d.u.i.k.p.i.AbstractProblemLoader Environment load took 62.7ns 
648691     INFO  main            d.u.i.k.p.i.AbstractProblemLoader Creating init config 
651034     DEBUG main            d.u.i.k.p.i.AbstractProblemLoader Init config took 2.34s 
651064     INFO  main            d.u.i.k.p.i.AbstractProblemLoader Replaying proof ReadWrite[ReadWrite::read()].JML normal_behavior operation contract.0 
651070     DEBUG main            d.u.i.k.p.i.IntermediateProofReplayer Proof replay took 4.54ms 
651070     DEBUG main            d.u.i.k.p.r.p.TestFile    ... success: reloaded. 
651071     INFO  main            d.u.i.k.p.r.p.TestFile    Now processing file /home/runner/work/key/key/key.core/../key.ui/examples/heap/permissions/mulleretal/ReadWrite_write_contract.key 
651071     INFO  main            d.u.i.k.p.i.AbstractProblemLoader Loading environment from /home/runner/work/key/key/key.core/../key.ui/examples/heap/permissions/mulleretal/ReadWrite_write_contract.key 
651071     DEBUG main            d.u.i.k.p.i.AbstractProblemLoader Environment load took 48.3ns 
651072     INFO  main            d.u.i.k.p.i.AbstractProblemLoader Creating init config 
653450     DEBUG main            d.u.i.k.p.i.AbstractProblemLoader Init config took 2.38s 
653480     INFO  main            d.u.i.k.p.i.AbstractProblemLoader Replaying proof ReadWrite[ReadWrite::write()].JML normal_behavior operation contract.0 
653481     DEBUG main            d.u.i.k.p.i.IntermediateProofReplayer Proof replay took 2ns 
653583     INFO  main            d.u.i.k.p.r.p.TestFile    ... finished proof: closed. 
654142     INFO  main            d.u.i.k.p.i.AbstractProblemLoader Loading environment from /home/runner/work/key/key/key.core/../key.ui/examples/heap/permissions/mulleretal/ReadWrite_write_contract.key.proof 
654142     DEBUG main            d.u.i.k.p.i.AbstractProblemLoader Environment load took 67ns 
654143     INFO  main            d.u.i.k.p.i.AbstractProblemLoader Creating init config 
656505     DEBUG main            d.u.i.k.p.i.AbstractProblemLoader Init config took 2.36s 
656536     INFO  main            d.u.i.k.p.i.AbstractProblemLoader Replaying proof ReadWrite[ReadWrite::write()].JML normal_behavior operation contract.0 
656553     DEBUG main            d.u.i.k.p.i.IntermediateProofReplayer Proof replay took 15.93ms 
656554     DEBUG main            d.u.i.k.p.r.p.TestFile    ... success: reloaded. 
656554     INFO  main            d.u.i.k.p.r.p.TestFile    Now processing file /home/runner/work/key/key/key.core/../key.ui/examples/heap/permissions/mulleretal/ReadWrite_inv1_accessible.key 
656555     INFO  main            d.u.i.k.p.i.AbstractProblemLoader Loading environment from /home/runner/work/key/key/key.core/../key.ui/examples/heap/permissions/mulleretal/ReadWrite_inv1_accessible.key 
656555     DEBUG main            d.u.i.k.p.i.AbstractProblemLoader Environment load took 44.3ns 
656555     INFO  main            d.u.i.k.p.i.AbstractProblemLoader Creating init config 
658946     DEBUG main            d.u.i.k.p.i.AbstractProblemLoader Init config took 2.39s 
658975     INFO  main            d.u.i.k.p.i.AbstractProblemLoader Replaying proof ReadWrite[java.lang.Object::<inv>()].JML accessible clause.0 
658976     DEBUG main            d.u.i.k.p.i.IntermediateProofReplayer Proof replay took 2ns 
659077     INFO  main            d.u.i.k.p.r.p.TestFile    ... finished proof: closed. 
659631     INFO  main            d.u.i.k.p.i.AbstractProblemLoader Loading environment from /home/runner/work/key/key/key.core/../key.ui/examples/heap/permissions/mulleretal/ReadWrite_inv1_accessible.key.proof 
659632     DEBUG main            d.u.i.k.p.i.AbstractProblemLoader Environment load took 66.6ns 
659632     INFO  main            d.u.i.k.p.i.AbstractProblemLoader Creating init config 
661991     DEBUG main            d.u.i.k.p.i.AbstractProblemLoader Init config took 2.36s 
662020     INFO  main            d.u.i.k.p.i.AbstractProblemLoader Replaying proof ReadWrite[java.lang.Object::<inv>()].JML accessible clause.0 
662023     DEBUG main            d.u.i.k.p.i.IntermediateProofReplayer Proof replay took 1.18ms 
662023     DEBUG main            d.u.i.k.p.r.p.TestFile    ... success: reloaded. 
662024     INFO  main            d.u.i.k.p.r.p.TestFile    Now processing file /home/runner/work/key/key/key.core/../key.ui/examples/heap/permissions/mulleretal/ReadWrite_inv2_accessible.key 
662024     INFO  main            d.u.i.k.p.i.AbstractProblemLoader Loading environment from /home/runner/work/key/key/key.core/../key.ui/examples/heap/permissions/mulleretal/ReadWrite_inv2_accessible.key 
662024     DEBUG main            d.u.i.k.p.i.AbstractProblemLoader Environment load took 38.8ns 
662025     INFO  main            d.u.i.k.p.i.AbstractProblemLoader Creating init config 
664412     DEBUG main            d.u.i.k.p.i.AbstractProblemLoader Init config took 2.39s 
664442     INFO  main            d.u.i.k.p.i.AbstractProblemLoader Replaying proof ReadWrite[java.lang.Object::<inv>()].JML accessible clause.1 
664443     DEBUG main            d.u.i.k.p.i.IntermediateProofReplayer Proof replay took 2ns 
664544     INFO  main            d.u.i.k.p.r.p.TestFile    ... finished proof: closed. 
665098     INFO  main            d.u.i.k.p.i.AbstractProblemLoader Loading environment from /home/runner/work/key/key/key.core/../key.ui/examples/heap/permissions/mulleretal/ReadWrite_inv2_accessible.key.proof 
665098     DEBUG main            d.u.i.k.p.i.AbstractProblemLoader Environment load took 64.6ns 
665099     INFO  main            d.u.i.k.p.i.AbstractProblemLoader Creating init config 
667526     DEBUG main            d.u.i.k.p.i.AbstractProblemLoader Init config took 2.43s 
667557     INFO  main            d.u.i.k.p.i.AbstractProblemLoader Replaying proof ReadWrite[java.lang.Object::<inv>()].JML accessible clause.1 
667559     DEBUG main            d.u.i.k.p.i.IntermediateProofReplayer Proof replay took 1.18ms 
667560     DEBUG main            d.u.i.k.p.r.p.TestFile    ... success: reloaded. 
667560     INFO  main            d.u.i.k.p.r.p.TestFile    Now processing file /home/runner/work/key/key/key.core/../key.ui/examples/heap/permissions/lockspec/Counter_lockConsistent_contract.key 
667561     INFO  main            d.u.i.k.p.i.AbstractProblemLoader Loading environment from /home/runner/work/key/key/key.core/../key.ui/examples/heap/permissions/lockspec/Counter_lockConsistent_contract.key 
667561     DEBUG main            d.u.i.k.p.i.AbstractProblemLoader Environment load took 83.5ns 
667561     INFO  main            d.u.i.k.p.i.AbstractProblemLoader Creating init config 
670484     DEBUG main            d.u.i.k.p.i.AbstractProblemLoader Init config took 2.92s 
670533     INFO  main            d.u.i.k.p.i.AbstractProblemLoader Replaying proof Counter[LockSpec::lockConsistent()].JML model_behavior operation contract.0 
670534     DEBUG main            d.u.i.k.p.i.IntermediateProofReplayer Proof replay took 2.3ns 
671442     INFO  main            d.u.i.k.p.r.p.TestFile    ... finished proof: closed. 
672023     INFO  main            d.u.i.k.p.i.AbstractProblemLoader Loading environment from /home/runner/work/key/key/key.core/../key.ui/examples/heap/permissions/lockspec/Counter_lockConsistent_contract.key.proof 
672023     DEBUG main            d.u.i.k.p.i.AbstractProblemLoader Environment load took 124.8ns 
672024     INFO  main            d.u.i.k.p.i.AbstractProblemLoader Creating init config 
674907     DEBUG main            d.u.i.k.p.i.AbstractProblemLoader Init config took 2.88s 
674987     INFO  main            d.u.i.k.p.i.AbstractProblemLoader Replaying proof Counter[LockSpec::lockConsistent()].JML model_behavior operation contract.0 
675209     DEBUG main            d.u.i.k.p.i.IntermediateProofReplayer Proof replay took 213.27ms 
675209     DEBUG main            d.u.i.k.p.r.p.TestFile    ... success: reloaded. 
675210     INFO  main            d.u.i.k.p.r.p.TestFile    Now processing file /home/runner/work/key/key/key.core/../key.ui/examples/heap/permissions/lockspec/Counter_increase_contract.key 
675210     INFO  main            d.u.i.k.p.i.AbstractProblemLoader Loading environment from /home/runner/work/key/key/key.core/../key.ui/examples/heap/permissions/lockspec/Counter_increase_contract.key 
675210     DEBUG main            d.u.i.k.p.i.AbstractProblemLoader Environment load took 39.8ns 
675211     INFO  main            d.u.i.k.p.i.AbstractProblemLoader Creating init config 
678366     DEBUG main            d.u.i.k.p.i.AbstractProblemLoader Init config took 3.15s 
678429     INFO  main            d.u.i.k.p.i.AbstractProblemLoader Replaying proof Counter[Counter::increase()].JML normal_behavior operation contract.0 
678435     DEBUG main            d.u.i.k.p.i.IntermediateProofReplayer Proof replay took 3.2ns 
680241     INFO  main            d.u.i.k.p.r.p.TestFile    ... finished proof: closed. 
680818     INFO  main            d.u.i.k.p.i.AbstractProblemLoader Loading environment from /home/runner/work/key/key/key.core/../key.ui/examples/heap/permissions/lockspec/Counter_increase_contract.key.proof 
680819     DEBUG main            d.u.i.k.p.i.AbstractProblemLoader Environment load took 314.3ns 
680820     INFO  main            d.u.i.k.p.i.AbstractProblemLoader Creating init config 
683718     DEBUG main            d.u.i.k.p.i.AbstractProblemLoader Init config took 2.9s 
683769     INFO  main            d.u.i.k.p.i.AbstractProblemLoader Replaying proof Counter[Counter::increase()].JML normal_behavior operation contract.0 
683930     DEBUG main            d.u.i.k.p.i.IntermediateProofReplayer Proof replay took 145.08ms 
683932     DEBUG main            d.u.i.k.p.r.p.TestFile    ... success: reloaded. 
683933     INFO  main            d.u.i.k.p.r.p.TestFile    Now processing file /home/runner/work/key/key/key.core/../key.ui/examples/heap/permissions/lockspec/Counter_fp_accessible.key 
683933     INFO  main            d.u.i.k.p.i.AbstractProblemLoader Loading environment from /home/runner/work/key/key/key.core/../key.ui/examples/heap/permissions/lockspec/Counter_fp_accessible.key 
683933     DEBUG main            d.u.i.k.p.i.AbstractProblemLoader Environment load took 132.2ns 
683934     INFO  main            d.u.i.k.p.i.AbstractProblemLoader Creating init config 
686875     DEBUG main            d.u.i.k.p.i.AbstractProblemLoader Init config took 2.94s 
686928     INFO  main            d.u.i.k.p.i.AbstractProblemLoader Replaying proof Counter[LockSpec::fp()].JML accessible clause.0 
686930     DEBUG main            d.u.i.k.p.i.IntermediateProofReplayer Proof replay took 2.7ns 
687031     INFO  main            d.u.i.k.p.r.p.TestFile    ... finished proof: closed. 
687594     INFO  main            d.u.i.k.p.i.AbstractProblemLoader Loading environment from /home/runner/work/key/key/key.core/../key.ui/examples/heap/permissions/lockspec/Counter_fp_accessible.key.proof 
687594     DEBUG main            d.u.i.k.p.i.AbstractProblemLoader Environment load took 61.1ns 
687594     INFO  main            d.u.i.k.p.i.AbstractProblemLoader Creating init config 
690442     DEBUG main            d.u.i.k.p.i.AbstractProblemLoader Init config took 2.85s 
690496     INFO  main            d.u.i.k.p.i.AbstractProblemLoader Replaying proof Counter[LockSpec::fp()].JML accessible clause.0 
690504     DEBUG main            d.u.i.k.p.i.IntermediateProofReplayer Proof replay took 6.68ms 
690505     DEBUG main            d.u.i.k.p.r.p.TestFile    ... success: reloaded. 
690505     INFO  main            d.u.i.k.p.r.p.TestFile    Now processing file /home/runner/work/key/key/key.core/../key.ui/examples/heap/permissions/lockspec/Counter_fpLock_accessible.key 
690505     INFO  main            d.u.i.k.p.i.AbstractProblemLoader Loading environment from /home/runner/work/key/key/key.core/../key.ui/examples/heap/permissions/lockspec/Counter_fpLock_accessible.key 
690506     DEBUG main            d.u.i.k.p.i.AbstractProblemLoader Environment load took 59.3ns 
690506     INFO  main            d.u.i.k.p.i.AbstractProblemLoader Creating init config 
693891     DEBUG main            d.u.i.k.p.i.AbstractProblemLoader Init config took 3.38s 
693939     INFO  main            d.u.i.k.p.i.AbstractProblemLoader Replaying proof Counter[LockSpec::fpLock()].JML accessible clause.0 
693940     DEBUG main            d.u.i.k.p.i.IntermediateProofReplayer Proof replay took 2.4ns 
694042     INFO  main            d.u.i.k.p.r.p.TestFile    ... finished proof: closed. 
694625     INFO  main            d.u.i.k.p.i.AbstractProblemLoader Loading environment from /home/runner/work/key/key/key.core/../key.ui/examples/heap/permissions/lockspec/Counter_fpLock_accessible.key.proof 
694626     DEBUG main            d.u.i.k.p.i.AbstractProblemLoader Environment load took 60.7ns 
694626     INFO  main            d.u.i.k.p.i.AbstractProblemLoader Creating init config 
697491     DEBUG main            d.u.i.k.p.i.AbstractProblemLoader Init config took 2.86s 
697544     INFO  main            d.u.i.k.p.i.AbstractProblemLoader Replaying proof Counter[LockSpec::fpLock()].JML accessible clause.0 
697552     DEBUG main            d.u.i.k.p.i.IntermediateProofReplayer Proof replay took 6.54ms 
697553     DEBUG main            d.u.i.k.p.r.p.TestFile    ... success: reloaded. 
697553     INFO  main            d.u.i.k.p.r.p.TestFile    Now processing file /home/runner/work/key/key/key.core/../key.ui/examples/heap/permissions/lockspec/Counter_fpPerm_accessible.key 
697554     INFO  main            d.u.i.k.p.i.AbstractProblemLoader Loading environment from /home/runner/work/key/key/key.core/../key.ui/examples/heap/permissions/lockspec/Counter_fpPerm_accessible.key 
697554     DEBUG main            d.u.i.k.p.i.AbstractProblemLoader Environment load took 111.9ns 
697554     INFO  main            d.u.i.k.p.i.AbstractProblemLoader Creating init config 
700479     DEBUG main            d.u.i.k.p.i.AbstractProblemLoader Init config took 2.92s 
700553     INFO  main            d.u.i.k.p.i.AbstractProblemLoader Replaying proof Counter[LockSpec::fpPerm()].JML accessible clause.0 
700554     DEBUG main            d.u.i.k.p.i.IntermediateProofReplayer Proof replay took 2.6ns 
700667     INFO  main            d.u.i.k.p.r.p.TestFile    ... finished proof: closed. 
701249     INFO  main            d.u.i.k.p.i.AbstractProblemLoader Loading environment from /home/runner/work/key/key/key.core/../key.ui/examples/heap/permissions/lockspec/Counter_fpPerm_accessible.key.proof 
701249     DEBUG main            d.u.i.k.p.i.AbstractProblemLoader Environment load took 59.3ns 
701250     INFO  main            d.u.i.k.p.i.AbstractProblemLoader Creating init config 
704093     DEBUG main            d.u.i.k.p.i.AbstractProblemLoader Init config took 2.84s 
704146     INFO  main            d.u.i.k.p.i.AbstractProblemLoader Replaying proof Counter[LockSpec::fpPerm()].JML accessible clause.0 
704155     DEBUG main            d.u.i.k.p.i.IntermediateProofReplayer Proof replay took 6.04ms 
704156     DEBUG main            d.u.i.k.p.r.p.TestFile    ... success: reloaded. 
704156     INFO  main            d.u.i.k.p.r.p.TestFile    Now processing file /home/runner/work/key/key/key.core/../key.ui/examples/heap/permissions/lockspec/Counter_inv_accessible1.key 
704157     INFO  main            d.u.i.k.p.i.AbstractProblemLoader Loading environment from /home/runner/work/key/key/key.core/../key.ui/examples/heap/permissions/lockspec/Counter_inv_accessible1.key 
704157     DEBUG main            d.u.i.k.p.i.AbstractProblemLoader Environment load took 165.2ns 
704158     INFO  main            d.u.i.k.p.i.AbstractProblemLoader Creating init config 
707165     DEBUG main            d.u.i.k.p.i.AbstractProblemLoader Init config took 3.01s 
707213     INFO  main            d.u.i.k.p.i.AbstractProblemLoader Replaying proof Counter[java.lang.Object::<inv>()].JML accessible clause.0 
707214     DEBUG main            d.u.i.k.p.i.IntermediateProofReplayer Proof replay took 2.7ns 
707315     INFO  main            d.u.i.k.p.r.p.TestFile    ... finished proof: closed. 
707891     INFO  main            d.u.i.k.p.i.AbstractProblemLoader Loading environment from /home/runner/work/key/key/key.core/../key.ui/examples/heap/permissions/lockspec/Counter_inv_accessible1.key.proof 
707891     DEBUG main            d.u.i.k.p.i.AbstractProblemLoader Environment load took 63.8ns 
707892     INFO  main            d.u.i.k.p.i.AbstractProblemLoader Creating init config 
710756     DEBUG main            d.u.i.k.p.i.AbstractProblemLoader Init config took 2.86s 
710810     INFO  main            d.u.i.k.p.i.AbstractProblemLoader Replaying proof Counter[java.lang.Object::<inv>()].JML accessible clause.0 
710828     DEBUG main            d.u.i.k.p.i.IntermediateProofReplayer Proof replay took 16.53ms 
710829     DEBUG main            d.u.i.k.p.r.p.TestFile    ... success: reloaded. 
710830     INFO  main            d.u.i.k.p.r.p.TestFile    Now processing file /home/runner/work/key/key/key.core/../key.ui/examples/heap/permissions/lockspec/Counter_inv_accessible2.key 
710830     INFO  main            d.u.i.k.p.i.AbstractProblemLoader Loading environment from /home/runner/work/key/key/key.core/../key.ui/examples/heap/permissions/lockspec/Counter_inv_accessible2.key 
710830     DEBUG main            d.u.i.k.p.i.AbstractProblemLoader Environment load took 64ns 
710831     INFO  main            d.u.i.k.p.i.AbstractProblemLoader Creating init config 
713749     DEBUG main            d.u.i.k.p.i.AbstractProblemLoader Init config took 2.92s 
713803     INFO  main            d.u.i.k.p.i.AbstractProblemLoader Replaying proof Counter[java.lang.Object::<inv>()].JML accessible clause.1 
713804     DEBUG main            d.u.i.k.p.i.IntermediateProofReplayer Proof replay took 2.7ns 
713905     INFO  main            d.u.i.k.p.r.p.TestFile    ... finished proof: closed. 
714493     INFO  main            d.u.i.k.p.i.AbstractProblemLoader Loading environment from /home/runner/work/key/key/key.core/../key.ui/examples/heap/permissions/lockspec/Counter_inv_accessible2.key.proof 
714493     DEBUG main            d.u.i.k.p.i.AbstractProblemLoader Environment load took 64.5ns 
714494     INFO  main            d.u.i.k.p.i.AbstractProblemLoader Creating init config 
717338     DEBUG main            d.u.i.k.p.i.AbstractProblemLoader Init config took 2.84s 
717391     INFO  main            d.u.i.k.p.i.AbstractProblemLoader Replaying proof Counter[java.lang.Object::<inv>()].JML accessible clause.1 
717401     DEBUG main            d.u.i.k.p.i.IntermediateProofReplayer Proof replay took 7.84ms 
717402     DEBUG main            d.u.i.k.p.r.p.TestFile    ... success: reloaded. 
717403     INFO  main            d.u.i.k.p.r.p.TestFile    Now processing file /home/runner/work/key/key/key.core/../key.ui/examples/heap/permissions/lockspec/Counter_lockRef_accessible.key 
717403     INFO  main            d.u.i.k.p.i.AbstractProblemLoader Loading environment from /home/runner/work/key/key/key.core/../key.ui/examples/heap/permissions/lockspec/Counter_lockRef_accessible.key 
717403     DEBUG main            d.u.i.k.p.i.AbstractProblemLoader Environment load took 167.3ns 
717404     INFO  main            d.u.i.k.p.i.AbstractProblemLoader Creating init config 
720469     DEBUG main            d.u.i.k.p.i.AbstractProblemLoader Init config took 3.07s 
720516     INFO  main            d.u.i.k.p.i.AbstractProblemLoader Replaying proof Counter[LockSpec::lockRef()].JML accessible clause.0 
720517     DEBUG main            d.u.i.k.p.i.IntermediateProofReplayer Proof replay took 2.2ns 
720719     INFO  main            d.u.i.k.p.r.p.TestFile    ... finished proof: closed. 
721308     INFO  main            d.u.i.k.p.i.AbstractProblemLoader Loading environment from /home/runner/work/key/key/key.core/../key.ui/examples/heap/permissions/lockspec/Counter_lockRef_accessible.key.proof 
721308     DEBUG main            d.u.i.k.p.i.AbstractProblemLoader Environment load took 72.2ns 
721309     INFO  main            d.u.i.k.p.i.AbstractProblemLoader Creating init config 
724168     DEBUG main            d.u.i.k.p.i.AbstractProblemLoader Init config took 2.86s 
724227     INFO  main            d.u.i.k.p.i.AbstractProblemLoader Replaying proof Counter[LockSpec::lockRef()].JML accessible clause.0 
724253     DEBUG main            d.u.i.k.p.i.IntermediateProofReplayer Proof replay took 23.83ms 
724254     DEBUG main            d.u.i.k.p.r.p.TestFile    ... success: reloaded. 
724255     INFO  main            d.u.i.k.p.r.p.TestFile    Now processing file /home/runner/work/key/key/key.core/../key.ui/examples/heap/permissions/lockspec/Counter_lockRef_contract1.key 
724256     INFO  main            d.u.i.k.p.i.AbstractProblemLoader Loading environment from /home/runner/work/key/key/key.core/../key.ui/examples/heap/permissions/lockspec/Counter_lockRef_contract1.key 
724256     DEBUG main            d.u.i.k.p.i.AbstractProblemLoader Environment load took 159.1ns 
724257     INFO  main            d.u.i.k.p.i.AbstractProblemLoader Creating init config 
727199     DEBUG main            d.u.i.k.p.i.AbstractProblemLoader Init config took 2.94s 
727247     INFO  main            d.u.i.k.p.i.AbstractProblemLoader Replaying proof Counter[LockSpec::lockRef()].JML model_behavior operation contract.0 
727251     DEBUG main            d.u.i.k.p.i.IntermediateProofReplayer Proof replay took 2.1ns 
727352     INFO  main            d.u.i.k.p.r.p.TestFile    ... finished proof: closed. 
727949     INFO  main            d.u.i.k.p.i.AbstractProblemLoader Loading environment from /home/runner/work/key/key/key.core/../key.ui/examples/heap/permissions/lockspec/Counter_lockRef_contract1.key.proof 
727949     DEBUG main            d.u.i.k.p.i.AbstractProblemLoader Environment load took 66.5ns 
727950     INFO  main            d.u.i.k.p.i.AbstractProblemLoader Creating init config 
730828     DEBUG main            d.u.i.k.p.i.AbstractProblemLoader Init config took 2.88s 
730881     INFO  main            d.u.i.k.p.i.AbstractProblemLoader Replaying proof Counter[LockSpec::lockRef()].JML model_behavior operation contract.0 
730886     DEBUG main            d.u.i.k.p.i.IntermediateProofReplayer Proof replay took 3.34ms 
730887     DEBUG main            d.u.i.k.p.r.p.TestFile    ... success: reloaded. 
730888     INFO  main            d.u.i.k.p.r.p.TestFile    Now processing file /home/runner/work/key/key/key.core/../key.ui/examples/heap/permissions/lockspec/Counter_lockRef_contract2.key 
730888     INFO  main            d.u.i.k.p.i.AbstractProblemLoader Loading environment from /home/runner/work/key/key/key.core/../key.ui/examples/heap/permissions/lockspec/Counter_lockRef_contract2.key 
730888     DEBUG main            d.u.i.k.p.i.AbstractProblemLoader Environment load took 136.3ns 
730889     INFO  main            d.u.i.k.p.i.AbstractProblemLoader Creating init config 
733847     DEBUG main            d.u.i.k.p.i.AbstractProblemLoader Init config took 2.96s 
733893     INFO  main            d.u.i.k.p.i.AbstractProblemLoader Replaying proof Counter[Counter::lockRef()].JML model_behavior operation contract.0 
733894     DEBUG main            d.u.i.k.p.i.IntermediateProofReplayer Proof replay took 2.1ns 
733996     INFO  main            d.u.i.k.p.r.p.TestFile    ... finished proof: closed. 
734588     INFO  main            d.u.i.k.p.i.AbstractProblemLoader Loading environment from /home/runner/work/key/key/key.core/../key.ui/examples/heap/permissions/lockspec/Counter_lockRef_contract2.key.proof 
734588     DEBUG main            d.u.i.k.p.i.AbstractProblemLoader Environment load took 58.9ns 
734588     INFO  main            d.u.i.k.p.i.AbstractProblemLoader Creating init config 
737468     DEBUG main            d.u.i.k.p.i.AbstractProblemLoader Init config took 2.88s 
737522     INFO  main            d.u.i.k.p.i.AbstractProblemLoader Replaying proof Counter[Counter::lockRef()].JML model_behavior operation contract.0 
737542     DEBUG main            d.u.i.k.p.i.IntermediateProofReplayer Proof replay took 3.12ms 
737543     DEBUG main            d.u.i.k.p.r.p.TestFile    ... success: reloaded. 
737544     INFO  main            d.u.i.k.p.r.p.TestFile    Now processing file /home/runner/work/key/key/key.core/../key.ui/examples/heap/permissions/lockspec/Counter_lockState_accessible.key 
737544     INFO  main            d.u.i.k.p.i.AbstractProblemLoader Loading environment from /home/runner/work/key/key/key.core/../key.ui/examples/heap/permissions/lockspec/Counter_lockState_accessible.key 
737544     DEBUG main            d.u.i.k.p.i.AbstractProblemLoader Environment load took 67.1ns 
737545     INFO  main            d.u.i.k.p.i.AbstractProblemLoader Creating init config 
740440     DEBUG main            d.u.i.k.p.i.AbstractProblemLoader Init config took 2.9s 
740503     INFO  main            d.u.i.k.p.i.AbstractProblemLoader Replaying proof Counter[LockSpec::lockState(boolean)].JML accessible clause.0 
740504     DEBUG main            d.u.i.k.p.i.IntermediateProofReplayer Proof replay took 2.4ns 
740706     INFO  main            d.u.i.k.p.r.p.TestFile    ... finished proof: closed. 
741319     INFO  main            d.u.i.k.p.i.AbstractProblemLoader Loading environment from /home/runner/work/key/key/key.core/../key.ui/examples/heap/permissions/lockspec/Counter_lockState_accessible.key.proof 
741319     DEBUG main            d.u.i.k.p.i.AbstractProblemLoader Environment load took 65.5ns 
741320     INFO  main            d.u.i.k.p.i.AbstractProblemLoader Creating init config 
744341     DEBUG main            d.u.i.k.p.i.AbstractProblemLoader Init config took 3.02s 
744395     INFO  main            d.u.i.k.p.i.AbstractProblemLoader Replaying proof Counter[LockSpec::lockState(boolean)].JML accessible clause.0 
744441     DEBUG main            d.u.i.k.p.i.IntermediateProofReplayer Proof replay took 43.61ms 
744442     DEBUG main            d.u.i.k.p.r.p.TestFile    ... success: reloaded. 
744443     INFO  main            d.u.i.k.p.r.p.TestFile    Now processing file /home/runner/work/key/key/key.core/../key.ui/examples/heap/permissions/lockspec/Counter_lockStatus_accessible.key 
744445     INFO  main            d.u.i.k.p.i.AbstractProblemLoader Loading environment from /home/runner/work/key/key/key.core/../key.ui/examples/heap/permissions/lockspec/Counter_lockStatus_accessible.key 
744445     DEBUG main            d.u.i.k.p.i.AbstractProblemLoader Environment load took 179.4ns 
744446     INFO  main            d.u.i.k.p.i.AbstractProblemLoader Creating init config 
747407     DEBUG main            d.u.i.k.p.i.AbstractProblemLoader Init config took 2.96s 
747459     INFO  main            d.u.i.k.p.i.AbstractProblemLoader Replaying proof Counter[LockSpec::lockStatus(boolean)].JML accessible clause.0 
747460     DEBUG main            d.u.i.k.p.i.IntermediateProofReplayer Proof replay took 2.5ns 
747562     INFO  main            d.u.i.k.p.r.p.TestFile    ... finished proof: closed. 
748170     INFO  main            d.u.i.k.p.i.AbstractProblemLoader Loading environment from /home/runner/work/key/key/key.core/../key.ui/examples/heap/permissions/lockspec/Counter_lockStatus_accessible.key.proof 
748170     DEBUG main            d.u.i.k.p.i.AbstractProblemLoader Environment load took 64.5ns 
748171     INFO  main            d.u.i.k.p.i.AbstractProblemLoader Creating init config 
751007     DEBUG main            d.u.i.k.p.i.AbstractProblemLoader Init config took 2.84s 
751075     INFO  main            d.u.i.k.p.i.AbstractProblemLoader Replaying proof Counter[LockSpec::lockStatus(boolean)].JML accessible clause.0 
751093     DEBUG main            d.u.i.k.p.i.IntermediateProofReplayer Proof replay took 15.99ms 
751094     DEBUG main            d.u.i.k.p.r.p.TestFile    ... success: reloaded. 
751094     INFO  main            d.u.i.k.p.r.p.TestFile    Now processing file /home/runner/work/key/key/key.core/../key.ui/examples/heap/permissions/lockspec/Counter_lockTransfer_accessible.key 
751095     INFO  main            d.u.i.k.p.i.AbstractProblemLoader Loading environment from /home/runner/work/key/key/key.core/../key.ui/examples/heap/permissions/lockspec/Counter_lockTransfer_accessible.key 
751095     DEBUG main            d.u.i.k.p.i.AbstractProblemLoader Environment load took 137.8ns 
751096     INFO  main            d.u.i.k.p.i.AbstractProblemLoader Creating init config 
754145     DEBUG main            d.u.i.k.p.i.AbstractProblemLoader Init config took 3.05s 
754196     INFO  main            d.u.i.k.p.i.AbstractProblemLoader Replaying proof Counter[LockSpec::lockTransfer()].JML accessible clause.0 
754198     DEBUG main            d.u.i.k.p.i.IntermediateProofReplayer Proof replay took 2.4ns 
754500     INFO  main            d.u.i.k.p.r.p.TestFile    ... finished proof: closed. 
755137     INFO  main            d.u.i.k.p.i.AbstractProblemLoader Loading environment from /home/runner/work/key/key/key.core/../key.ui/examples/heap/permissions/lockspec/Counter_lockTransfer_accessible.key.proof 
755137     DEBUG main            d.u.i.k.p.i.AbstractProblemLoader Environment load took 69.5ns 
755138     INFO  main            d.u.i.k.p.i.AbstractProblemLoader Creating init config 
758224     DEBUG main            d.u.i.k.p.i.AbstractProblemLoader Init config took 3.09s 
758273     INFO  main            d.u.i.k.p.i.AbstractProblemLoader Replaying proof Counter[LockSpec::lockTransfer()].JML accessible clause.0 
758317     DEBUG main            d.u.i.k.p.i.IntermediateProofReplayer Proof replay took 40.89ms 
758317     DEBUG main            d.u.i.k.p.r.p.TestFile    ... success: reloaded. 
758318     INFO  main            d.u.i.k.p.r.p.TestFile    Now processing file /home/runner/work/key/key/key.core/../key.ui/examples/heap/permissions/lockspec/Counter_unlockTransfer_accessible.key 
758319     INFO  main            d.u.i.k.p.i.AbstractProblemLoader Loading environment from /home/runner/work/key/key/key.core/../key.ui/examples/heap/permissions/lockspec/Counter_unlockTransfer_accessible.key 
758319     DEBUG main            d.u.i.k.p.i.AbstractProblemLoader Environment load took 204ns 
758320     INFO  main            d.u.i.k.p.i.AbstractProblemLoader Creating init config 
761325     DEBUG main            d.u.i.k.p.i.AbstractProblemLoader Init config took 3s 
761373     INFO  main            d.u.i.k.p.i.AbstractProblemLoader Replaying proof Counter[LockSpec::unlockTransfer()].JML accessible clause.0 
761375     DEBUG main            d.u.i.k.p.i.IntermediateProofReplayer Proof replay took 2.6ns 
761679     INFO  main            d.u.i.k.p.r.p.TestFile    ... finished proof: closed. 
762331     INFO  main            d.u.i.k.p.i.AbstractProblemLoader Loading environment from /home/runner/work/key/key/key.core/../key.ui/examples/heap/permissions/lockspec/Counter_unlockTransfer_accessible.key.proof 
762331     DEBUG main            d.u.i.k.p.i.AbstractProblemLoader Environment load took 62.6ns 
762332     INFO  main            d.u.i.k.p.i.AbstractProblemLoader Creating init config 
765205     DEBUG main            d.u.i.k.p.i.AbstractProblemLoader Init config took 2.87s 
765261     INFO  main            d.u.i.k.p.i.AbstractProblemLoader Replaying proof Counter[LockSpec::unlockTransfer()].JML accessible clause.0 
765317     DEBUG main            d.u.i.k.p.i.IntermediateProofReplayer Proof replay took 49.94ms 
765318     DEBUG main            d.u.i.k.p.r.p.TestFile    ... success: reloaded. 
765319     INFO  main            d.u.i.k.p.r.p.TestFile    Now processing file /home/runner/work/key/key/key.core/../key.ui/examples/heap/permissions/threads/Plotter_startTransfer_contract.proof 
765319     INFO  main            d.u.i.k.p.i.AbstractProblemLoader Loading environment from /home/runner/work/key/key/key.core/../key.ui/examples/heap/permissions/threads/Plotter_startTransfer_contract.proof 
765320     DEBUG main            d.u.i.k.p.i.AbstractProblemLoader Environment load took 130.9ns 
765321     INFO  main            d.u.i.k.p.i.AbstractProblemLoader Creating init config 
769762     DEBUG main            d.u.i.k.p.i.AbstractProblemLoader Init config took 4.44s 
769935     INFO  main            d.u.i.k.p.i.AbstractProblemLoader Replaying proof Plotter[ThreadSpec2::startTransfer()].JML model_behavior operation contract.0 
770019     DEBUG main            d.u.i.k.p.i.IntermediateProofReplayer Proof replay took 68.3ms 
770020     INFO  main            d.u.i.k.p.r.p.TestFile    ... success: loaded 
770021     INFO  main            d.u.i.k.p.r.p.TestFile    Now processing file /home/runner/work/key/key/key.core/../key.ui/examples/heap/permissions/threads/Plotter_startTransfer_accessible.proof 
770021     INFO  main            d.u.i.k.p.i.AbstractProblemLoader Loading environment from /home/runner/work/key/key/key.core/../key.ui/examples/heap/permissions/threads/Plotter_startTransfer_accessible.proof 
770021     DEBUG main            d.u.i.k.p.i.AbstractProblemLoader Environment load took 158.5ns 
770022     INFO  main            d.u.i.k.p.i.AbstractProblemLoader Creating init config 
774444     DEBUG main            d.u.i.k.p.i.AbstractProblemLoader Init config took 4.42s 
774549     INFO  main            d.u.i.k.p.i.AbstractProblemLoader Replaying proof Plotter[ThreadSpec2::startTransfer()].JML accessible clause.0 
774614     DEBUG main            d.u.i.k.p.i.IntermediateProofReplayer Proof replay took 60.82ms 
774626     INFO  main            d.u.i.k.p.r.p.TestFile    ... success: loaded 
774627     INFO  main            d.u.i.k.p.r.p.TestFile    Now processing file /home/runner/work/key/key/key.core/../key.ui/examples/heap/permissions/threads/Plotter_joinTransfer_accessible.proof 
774627     INFO  main            d.u.i.k.p.i.AbstractProblemLoader Loading environment from /home/runner/work/key/key/key.core/../key.ui/examples/heap/permissions/threads/Plotter_joinTransfer_accessible.proof 
774627     DEBUG main            d.u.i.k.p.i.AbstractProblemLoader Environment load took 172.8ns 
774628     INFO  main            d.u.i.k.p.i.AbstractProblemLoader Creating init config 
779158     DEBUG main            d.u.i.k.p.i.AbstractProblemLoader Init config took 4.53s 
779242     INFO  main            d.u.i.k.p.i.AbstractProblemLoader Replaying proof Plotter[ThreadSpec2::joinTransfer()].JML accessible clause.0 
779249     WARN  main            d.u.i.k.p.i.IntermediateProofReplayer Proof contains wrong number of \assumes instatiations for Definition_axiom_for_stateInv_in_Plotter 
779254     WARN  main            d.u.i.k.p.i.IntermediateProofReplayer Proof contains wrong number of \assumes instatiations for Definition_axiom_for_stateInv_in_Plotter 
779256     WARN  main            d.u.i.k.p.i.IntermediateProofReplayer Proof contains wrong number of \assumes instatiations for Definition_axiom_for_workingPermissions_in_Plotter 
779256     WARN  main            d.u.i.k.p.i.IntermediateProofReplayer Proof contains wrong number of \assumes instatiations for Definition_axiom_for_staticPermissions_in_Plotter 
779257     WARN  main            d.u.i.k.p.i.IntermediateProofReplayer Proof contains wrong number of \assumes instatiations for Definition_axiom_for_joinTransfer_in_Plotter 
779257     WARN  main            d.u.i.k.p.i.IntermediateProofReplayer Proof contains wrong number of \assumes instatiations for Definition_axiom_for_stateInv_in_BFilter 
779260     WARN  main            d.u.i.k.p.i.IntermediateProofReplayer Proof contains wrong number of \assumes instatiations for Definition_axiom_for_stateInv_in_AFilter 
779269     WARN  main            d.u.i.k.p.i.IntermediateProofReplayer Proof contains wrong number of \assumes instatiations for Definition_axiom_for_stateInv_in_BFilter 
779271     WARN  main            d.u.i.k.p.i.IntermediateProofReplayer Proof contains wrong number of \assumes instatiations for Definition_axiom_for_stateInv_in_AFilter 
779280     WARN  main            d.u.i.k.p.i.IntermediateProofReplayer Proof contains wrong number of \assumes instatiations for Definition_axiom_for_staticPermissions_in_AFilter 
779281     WARN  main            d.u.i.k.p.i.IntermediateProofReplayer Proof contains wrong number of \assumes instatiations for Definition_axiom_for_staticPermissions_in_Plotter 
779281     WARN  main            d.u.i.k.p.i.IntermediateProofReplayer Proof contains wrong number of \assumes instatiations for Definition_axiom_for_staticPermissions_in_BFilter 
779282     WARN  main            d.u.i.k.p.i.IntermediateProofReplayer Proof contains wrong number of \assumes instatiations for Definition_axiom_for_workingPermissions_in_Plotter 
779282     WARN  main            d.u.i.k.p.i.IntermediateProofReplayer Proof contains wrong number of \assumes instatiations for Definition_axiom_for_stateInv_in_Sampler 
779283     WARN  main            d.u.i.k.p.i.IntermediateProofReplayer Proof contains wrong number of \assumes instatiations for Definition_axiom_for_stateInv_in_Sampler 
779283     WARN  main            d.u.i.k.p.i.IntermediateProofReplayer Proof contains wrong number of \assumes instatiations for Definition_axiom_for_staticPermissions_in_Sampler 
779284     WARN  main            d.u.i.k.p.i.IntermediateProofReplayer Proof contains wrong number of \assumes instatiations for Definition_axiom_for_staticPermissions_in_BFilter 
779285     WARN  main            d.u.i.k.p.i.IntermediateProofReplayer Proof contains wrong number of \assumes instatiations for Definition_axiom_for_staticPermissions_in_AFilter 
779285     WARN  main            d.u.i.k.p.i.IntermediateProofReplayer Proof contains wrong number of \assumes instatiations for Definition_axiom_for_staticPermissions_in_Sampler 
779286     WARN  main            d.u.i.k.p.i.IntermediateProofReplayer Proof contains wrong number of \assumes instatiations for Definition_axiom_for_staticPermissions_in_Sampler 
779286     WARN  main            d.u.i.k.p.i.IntermediateProofReplayer Proof contains wrong number of \assumes instatiations for Definition_axiom_for_staticPermissions_in_Sampler 
779287     WARN  main            d.u.i.k.p.i.IntermediateProofReplayer Proof contains wrong number of \assumes instatiations for Definition_axiom_for_joinTransfer_in_Plotter 
779348     DEBUG main            d.u.i.k.p.i.IntermediateProofReplayer Proof replay took 102.31ms 
779349     INFO  main            d.u.i.k.p.r.p.TestFile    ... success: loaded 
4720109    INFO  Test worker     d.u.i.k.p.r.p.StatisticsFile Returning from test permissionHeap 
4720113    INFO  Test worker     d.u.i.k.p.r.p.StatisticsFile Running test completionScopes 
395        INFO  Timeout watchdog d.u.i.k.p.r.p.ForkedTestFileRunner Timeout watcher launched (2000 secs.) 
398        WARN  main            d.u.i.k.s.ProofSettings   The settings in /home/runner/.key/proof-settings.props are *not* read. 
432        INFO  main            d.u.i.k.p.r.p.TestFile    Now processing file /home/runner/work/key/key/key.core/../key.ui/examples/completionscopes/testCcatchReturnVal.key 
549        INFO  main            d.u.i.k.p.i.AbstractProblemLoader Loading environment from /home/runner/work/key/key/key.core/../key.ui/examples/completionscopes/testCcatchReturnVal.key 
574        DEBUG main            d.u.i.k.p.i.AbstractProblemLoader Environment load took 1.89ms 
793        INFO  main            d.u.i.k.p.i.AbstractProblemLoader Creating init config 
1569       DEBUG main            d.u.i.k.j.TypeConverter   No LDT found for Meta 
1570       DEBUG main            d.u.i.k.j.TypeConverter   No LDT found for Meta 
1571       DEBUG main            d.u.i.k.j.TypeConverter   No LDT found for Meta 
1571       DEBUG main            d.u.i.k.j.TypeConverter   No LDT found for Meta 
2746       DEBUG main            d.u.i.k.j.TypeConverter   No LDT found for JavaBigintExpression 
7770       DEBUG main            d.u.i.k.p.i.AbstractProblemLoader Init config took 6.98s 
7970       INFO  main            d.u.i.k.p.i.AbstractProblemLoader Replaying proof CompletionScopes[CompletionScopes::testCcatchReturnVal()].JML normal_behavior operation contract.0 
8004       DEBUG main            d.u.i.k.p.i.IntermediateProofReplayer Proof replay took 34.7ns 
8444       INFO  main            d.u.i.k.p.r.p.TestFile    ... finished proof: closed. 
8537       INFO  main            d.u.i.k.p.i.AbstractProblemLoader Loading environment from /home/runner/work/key/key/key.core/../key.ui/examples/completionscopes/testCcatchReturnVal.key.proof 
8537       DEBUG main            d.u.i.k.p.i.AbstractProblemLoader Environment load took 145.6ns 
8541       INFO  main            d.u.i.k.p.i.AbstractProblemLoader Creating init config 
11427      DEBUG main            d.u.i.k.p.i.AbstractProblemLoader Init config took 2.89s 
11496      INFO  main            d.u.i.k.p.i.AbstractProblemLoader Replaying proof CompletionScopes[CompletionScopes::testCcatchReturnVal()].JML normal_behavior operation contract.0 
11527      DEBUG main            d.u.i.k.p.i.IntermediateProofReplayer Proof replay took 25.69ms 
11533      DEBUG main            d.u.i.k.p.r.p.TestFile    ... success: reloaded. 
11535      INFO  main            d.u.i.k.p.r.p.TestFile    Now processing file /home/runner/work/key/key/key.core/../key.ui/examples/completionscopes/testMultCcatchClauses.key 
11536      INFO  main            d.u.i.k.p.i.AbstractProblemLoader Loading environment from /home/runner/work/key/key/key.core/../key.ui/examples/completionscopes/testMultCcatchClauses.key 
11536      DEBUG main            d.u.i.k.p.i.AbstractProblemLoader Environment load took 190.2ns 
11538      INFO  main            d.u.i.k.p.i.AbstractProblemLoader Creating init config 
14311      DEBUG main            d.u.i.k.p.i.AbstractProblemLoader Init config took 2.77s 
14394      INFO  main            d.u.i.k.p.i.AbstractProblemLoader Replaying proof CompletionScopes[CompletionScopes::testMultCcatchClauses()].JML normal_behavior operation contract.0 
14399      DEBUG main            d.u.i.k.p.i.IntermediateProofReplayer Proof replay took 6.8ns 
14904      INFO  main            d.u.i.k.p.r.p.TestFile    ... finished proof: closed. 
15025      INFO  main            d.u.i.k.p.i.AbstractProblemLoader Loading environment from /home/runner/work/key/key/key.core/../key.ui/examples/completionscopes/testMultCcatchClauses.key.proof 
15026      DEBUG main            d.u.i.k.p.i.AbstractProblemLoader Environment load took 173.6ns 
15027      INFO  main            d.u.i.k.p.i.AbstractProblemLoader Creating init config 
17730      DEBUG main            d.u.i.k.p.i.AbstractProblemLoader Init config took 2.7s 
17781      INFO  main            d.u.i.k.p.i.AbstractProblemLoader Replaying proof CompletionScopes[CompletionScopes::testMultCcatchClauses()].JML normal_behavior operation contract.0 
17850      DEBUG main            d.u.i.k.p.i.IntermediateProofReplayer Proof replay took 66.02ms 
17852      DEBUG main            d.u.i.k.p.r.p.TestFile    ... success: reloaded. 
17854      INFO  main            d.u.i.k.p.r.p.TestFile    Now processing file /home/runner/work/key/key/key.core/../key.ui/examples/completionscopes/testNestedExec.key 
17854      INFO  main            d.u.i.k.p.i.AbstractProblemLoader Loading environment from /home/runner/work/key/key/key.core/../key.ui/examples/completionscopes/testNestedExec.key 
17855      DEBUG main            d.u.i.k.p.i.AbstractProblemLoader Environment load took 204.7ns 
17857      INFO  main            d.u.i.k.p.i.AbstractProblemLoader Creating init config 
20588      DEBUG main            d.u.i.k.p.i.AbstractProblemLoader Init config took 2.73s 
20634      INFO  main            d.u.i.k.p.i.AbstractProblemLoader Replaying proof CompletionScopes[CompletionScopes::testMultCcatchClauses()].JML normal_behavior operation contract.0 
20637      DEBUG main            d.u.i.k.p.i.IntermediateProofReplayer Proof replay took 6.6ns 
20940      INFO  main            d.u.i.k.p.r.p.TestFile    ... finished proof: closed. 
21081      INFO  main            d.u.i.k.p.i.AbstractProblemLoader Loading environment from /home/runner/work/key/key/key.core/../key.ui/examples/completionscopes/testNestedExec.key.proof 
21086      DEBUG main            d.u.i.k.p.i.AbstractProblemLoader Environment load took 5.07ms 
21087      INFO  main            d.u.i.k.p.i.AbstractProblemLoader Creating init config 
23755      DEBUG main            d.u.i.k.p.i.AbstractProblemLoader Init config took 2.67s 
23801      INFO  main            d.u.i.k.p.i.AbstractProblemLoader Replaying proof CompletionScopes[CompletionScopes::testMultCcatchClauses()].JML normal_behavior operation contract.0 
23853      DEBUG main            d.u.i.k.p.i.IntermediateProofReplayer Proof replay took 49.29ms 
23855      DEBUG main            d.u.i.k.p.r.p.TestFile    ... success: reloaded. 
23856      INFO  main            d.u.i.k.p.r.p.TestFile    Now processing file /home/runner/work/key/key/key.core/../key.ui/examples/completionscopes/testCcatchBreakLabel.key 
23856      INFO  main            d.u.i.k.p.i.AbstractProblemLoader Loading environment from /home/runner/work/key/key/key.core/../key.ui/examples/completionscopes/testCcatchBreakLabel.key 
23856      DEBUG main            d.u.i.k.p.i.AbstractProblemLoader Environment load took 157.1ns 
23857      INFO  main            d.u.i.k.p.i.AbstractProblemLoader Creating init config 
26512      DEBUG main            d.u.i.k.p.i.AbstractProblemLoader Init config took 2.65s 
26568      INFO  main            d.u.i.k.p.i.AbstractProblemLoader Replaying proof CompletionScopes[CompletionScopes::testBreakLabel()].JML normal_behavior operation contract.0 
26572      DEBUG main            d.u.i.k.p.i.IntermediateProofReplayer Proof replay took 7.1ns 
26597      DEBUG Thread-10       d.u.i.k.l.o.ProgramSV     Match failed: Former match of  SchemaVariable incompatible with  the current match. 
26675      INFO  main            d.u.i.k.p.r.p.TestFile    ... finished proof: closed. 
26805      INFO  main            d.u.i.k.p.i.AbstractProblemLoader Loading environment from /home/runner/work/key/key/key.core/../key.ui/examples/completionscopes/testCcatchBreakLabel.key.proof 
26805      DEBUG main            d.u.i.k.p.i.AbstractProblemLoader Environment load took 116.6ns 
26807      INFO  main            d.u.i.k.p.i.AbstractProblemLoader Creating init config 
29401      DEBUG main            d.u.i.k.p.i.AbstractProblemLoader Init config took 2.59s 
29446      INFO  main            d.u.i.k.p.i.AbstractProblemLoader Replaying proof CompletionScopes[CompletionScopes::testBreakLabel()].JML normal_behavior operation contract.0 
29454      DEBUG main            d.u.i.k.p.i.IntermediateProofReplayer Proof replay took 6.58ms 
29455      DEBUG main            d.u.i.k.p.r.p.TestFile    ... success: reloaded. 
29456      INFO  main            d.u.i.k.p.r.p.TestFile    Now processing file /home/runner/work/key/key/key.core/../key.ui/examples/completionscopes/testCcatchContinueLabel.key 
29457      INFO  main            d.u.i.k.p.i.AbstractProblemLoader Loading environment from /home/runner/work/key/key/key.core/../key.ui/examples/completionscopes/testCcatchContinueLabel.key 
29457      DEBUG main            d.u.i.k.p.i.AbstractProblemLoader Environment load took 156.9ns 
29458      INFO  main            d.u.i.k.p.i.AbstractProblemLoader Creating init config 
32104      DEBUG main            d.u.i.k.p.i.AbstractProblemLoader Init config took 2.65s 
32153      INFO  main            d.u.i.k.p.i.AbstractProblemLoader Replaying proof CompletionScopes[CompletionScopes::testContinueLabel()].JML normal_behavior operation contract.0 
32155      DEBUG main            d.u.i.k.p.i.IntermediateProofReplayer Proof replay took 6.8ns 
32172      DEBUG Thread-13       d.u.i.k.l.o.ProgramSV     Match failed: Former match of  SchemaVariable incompatible with  the current match. 
32257      INFO  main            d.u.i.k.p.r.p.TestFile    ... finished proof: closed. 
32400      INFO  main            d.u.i.k.p.i.AbstractProblemLoader Loading environment from /home/runner/work/key/key/key.core/../key.ui/examples/completionscopes/testCcatchContinueLabel.key.proof 
32400      DEBUG main            d.u.i.k.p.i.AbstractProblemLoader Environment load took 129.2ns 
32401      INFO  main            d.u.i.k.p.i.AbstractProblemLoader Creating init config 
34948      DEBUG main            d.u.i.k.p.i.AbstractProblemLoader Init config took 2.55s 
34994      INFO  main            d.u.i.k.p.i.AbstractProblemLoader Replaying proof CompletionScopes[CompletionScopes::testContinueLabel()].JML normal_behavior operation contract.0 
35002      DEBUG main            d.u.i.k.p.i.IntermediateProofReplayer Proof replay took 6.54ms 
35003      DEBUG main            d.u.i.k.p.r.p.TestFile    ... success: reloaded. 
35004      INFO  main            d.u.i.k.p.r.p.TestFile    Now processing file /home/runner/work/key/key/key.core/../key.ui/examples/completionscopes/testCcatchBreakLabelWildcard.key 
35004      INFO  main            d.u.i.k.p.i.AbstractProblemLoader Loading environment from /home/runner/work/key/key/key.core/../key.ui/examples/completionscopes/testCcatchBreakLabelWildcard.key 
35004      DEBUG main            d.u.i.k.p.i.AbstractProblemLoader Environment load took 95.6ns 
35005      INFO  main            d.u.i.k.p.i.AbstractProblemLoader Creating init config 
37605      DEBUG main            d.u.i.k.p.i.AbstractProblemLoader Init config took 2.6s 
37657      INFO  main            d.u.i.k.p.i.AbstractProblemLoader Replaying proof CompletionScopes[CompletionScopes::testBreakLabelWildcard()].JML normal_behavior operation contract.0 
37659      DEBUG main            d.u.i.k.p.i.IntermediateProofReplayer Proof replay took 6.6ns 
37673      DEBUG Thread-16       d.u.i.k.l.o.ProgramSV     Match failed: Former match of  SchemaVariable incompatible with  the current match. 
37674      DEBUG Thread-16       d.u.i.k.l.o.ProgramSV     Match failed: Former match of  SchemaVariable incompatible with  the current match. 
37761      INFO  main            d.u.i.k.p.r.p.TestFile    ... finished proof: closed. 
37904      INFO  main            d.u.i.k.p.i.AbstractProblemLoader Loading environment from /home/runner/work/key/key/key.core/../key.ui/examples/completionscopes/testCcatchBreakLabelWildcard.key.proof 
37904      DEBUG main            d.u.i.k.p.i.AbstractProblemLoader Environment load took 109.8ns 
37905      INFO  main            d.u.i.k.p.i.AbstractProblemLoader Creating init config 
40460      DEBUG main            d.u.i.k.p.i.AbstractProblemLoader Init config took 2.56s 
40502      INFO  main            d.u.i.k.p.i.AbstractProblemLoader Replaying proof CompletionScopes[CompletionScopes::testBreakLabelWildcard()].JML normal_behavior operation contract.0 
40510      DEBUG main            d.u.i.k.p.i.IntermediateProofReplayer Proof replay took 6.62ms 
40511      DEBUG main            d.u.i.k.p.r.p.TestFile    ... success: reloaded. 
40512      INFO  main            d.u.i.k.p.r.p.TestFile    Now processing file /home/runner/work/key/key/key.core/../key.ui/examples/completionscopes/testCcatchContinueLabelWildcard.key 
40512      INFO  main            d.u.i.k.p.i.AbstractProblemLoader Loading environment from /home/runner/work/key/key/key.core/../key.ui/examples/completionscopes/testCcatchContinueLabelWildcard.key 
40512      DEBUG main            d.u.i.k.p.i.AbstractProblemLoader Environment load took 84.9ns 
40513      INFO  main            d.u.i.k.p.i.AbstractProblemLoader Creating init config 
43106      DEBUG main            d.u.i.k.p.i.AbstractProblemLoader Init config took 2.59s 
43162      INFO  main            d.u.i.k.p.i.AbstractProblemLoader Replaying proof CompletionScopes[CompletionScopes::testContinueLabelWildcard()].JML normal_behavior operation contract.0 
43164      DEBUG main            d.u.i.k.p.i.IntermediateProofReplayer Proof replay took 7.6ns 
43181      DEBUG Thread-19       d.u.i.k.l.o.ProgramSV     Match failed: Former match of  SchemaVariable incompatible with  the current match. 
43182      DEBUG Thread-19       d.u.i.k.l.o.ProgramSV     Match failed: Former match of  SchemaVariable incompatible with  the current match. 
43267      INFO  main            d.u.i.k.p.r.p.TestFile    ... finished proof: closed. 
43404      INFO  main            d.u.i.k.p.i.AbstractProblemLoader Loading environment from /home/runner/work/key/key/key.core/../key.ui/examples/completionscopes/testCcatchContinueLabelWildcard.key.proof 
43404      DEBUG main            d.u.i.k.p.i.AbstractProblemLoader Environment load took 120.5ns 
43405      INFO  main            d.u.i.k.p.i.AbstractProblemLoader Creating init config 
45938      DEBUG main            d.u.i.k.p.i.AbstractProblemLoader Init config took 2.53s 
45983      INFO  main            d.u.i.k.p.i.AbstractProblemLoader Replaying proof CompletionScopes[CompletionScopes::testContinueLabelWildcard()].JML normal_behavior operation contract.0 
45994      DEBUG main            d.u.i.k.p.i.IntermediateProofReplayer Proof replay took 9.35ms 
45995      DEBUG main            d.u.i.k.p.r.p.TestFile    ... success: reloaded. 
45996      INFO  main            d.u.i.k.p.r.p.TestFile    Now processing file /home/runner/work/key/key/key.core/../key.ui/examples/completionscopes/testCcatchBreakLabelNonmatchingNested.key 
45996      INFO  main            d.u.i.k.p.i.AbstractProblemLoader Loading environment from /home/runner/work/key/key/key.core/../key.ui/examples/completionscopes/testCcatchBreakLabelNonmatchingNested.key 
45997      DEBUG main            d.u.i.k.p.i.AbstractProblemLoader Environment load took 157ns 
45998      INFO  main            d.u.i.k.p.i.AbstractProblemLoader Creating init config 
48611      DEBUG main            d.u.i.k.p.i.AbstractProblemLoader Init config took 2.61s 
48662      INFO  main            d.u.i.k.p.i.AbstractProblemLoader Replaying proof CompletionScopes[CompletionScopes::testBreakLabelNonmatchingNested()].JML normal_behavior operation contract.0 
48664      DEBUG main            d.u.i.k.p.i.IntermediateProofReplayer Proof replay took 7.8ns 
48681      DEBUG Thread-22       d.u.i.k.l.o.ProgramSV     Match failed: Former match of  SchemaVariable incompatible with  the current match. 
48682      DEBUG Thread-22       d.u.i.k.l.o.ProgramSV     Match failed: Former match of  SchemaVariable incompatible with  the current match. 
48766      INFO  main            d.u.i.k.p.r.p.TestFile    ... finished proof: closed. 
48932      INFO  main            d.u.i.k.p.i.AbstractProblemLoader Loading environment from /home/runner/work/key/key/key.core/../key.ui/examples/completionscopes/testCcatchBreakLabelNonmatchingNested.key.proof 
48932      DEBUG main            d.u.i.k.p.i.AbstractProblemLoader Environment load took 112.1ns 
48933      INFO  main            d.u.i.k.p.i.AbstractProblemLoader Creating init config 
51492      DEBUG main            d.u.i.k.p.i.AbstractProblemLoader Init config took 2.56s 
51530      INFO  main            d.u.i.k.p.i.AbstractProblemLoader Replaying proof CompletionScopes[CompletionScopes::testBreakLabelNonmatchingNested()].JML normal_behavior operation contract.0 
51539      DEBUG main            d.u.i.k.p.i.IntermediateProofReplayer Proof replay took 6.59ms 
51540      DEBUG main            d.u.i.k.p.r.p.TestFile    ... success: reloaded. 
4771848    INFO  Test worker     d.u.i.k.p.r.p.StatisticsFile Returning from test completionScopes 
4771850    INFO  Test worker     d.u.i.k.p.r.p.StatisticsFile Running test reload_examples 
365        INFO  Timeout watchdog d.u.i.k.p.r.p.ForkedTestFileRunner Timeout watcher launched (2000 secs.) 
373        WARN  main            d.u.i.k.s.ProofSettings   The settings in /home/runner/.key/proof-settings.props are *not* read. 
411        INFO  main            d.u.i.k.p.r.p.TestFile    Now processing file /home/runner/work/key/key/key.core/../key.ui/examples/firstTouch/05-ReverseArray/reverseArray.key 
539        INFO  main            d.u.i.k.p.i.AbstractProblemLoader Loading environment from /home/runner/work/key/key/key.core/../key.ui/examples/firstTouch/05-ReverseArray/reverseArray.key 
555        DEBUG main            d.u.i.k.p.i.AbstractProblemLoader Environment load took 1.92ms 
770        INFO  main            d.u.i.k.p.i.AbstractProblemLoader Creating init config 
1724       DEBUG main            d.u.i.k.j.TypeConverter   No LDT found for Meta 
1725       DEBUG main            d.u.i.k.j.TypeConverter   No LDT found for Meta 
1729       DEBUG main            d.u.i.k.j.TypeConverter   No LDT found for Meta 
1729       DEBUG main            d.u.i.k.j.TypeConverter   No LDT found for Meta 
2928       DEBUG main            d.u.i.k.j.TypeConverter   No LDT found for JavaBigintExpression 
7894       DEBUG main            d.u.i.k.p.i.AbstractProblemLoader Init config took 7.12s 
8025       INFO  main            d.u.i.k.p.i.AbstractProblemLoader Replaying proof ReverseArray[ReverseArray::reverse()].JML normal_behavior operation contract.0 
8088       DEBUG main            d.u.i.k.p.i.IntermediateProofReplayer Proof replay took 38.7ns 
19010      INFO  main            d.u.i.k.p.r.p.TestFile    ... finished proof: closed. 
19256      INFO  main            d.u.i.k.p.i.AbstractProblemLoader Loading environment from /home/runner/work/key/key/key.core/../key.ui/examples/firstTouch/05-ReverseArray/reverseArray.key.proof 
19256      DEBUG main            d.u.i.k.p.i.AbstractProblemLoader Environment load took 362.1ns 
19264      INFO  main            d.u.i.k.p.i.AbstractProblemLoader Creating init config 
21924      DEBUG main            d.u.i.k.p.i.AbstractProblemLoader Init config took 2.66s 
21969      INFO  main            d.u.i.k.p.i.AbstractProblemLoader Replaying proof ReverseArray[ReverseArray::reverse()].JML normal_behavior operation contract.0 
22506      DEBUG main            d.u.i.k.p.i.IntermediateProofReplayer Proof replay took 476.8ms 
22519      DEBUG main            d.u.i.k.p.r.p.TestFile    ... success: reloaded. 
22524      INFO  main            d.u.i.k.p.r.p.TestFile    Now processing file /home/runner/work/key/key/key.core/../key.ui/examples/standard_key/arith/saveProofTest.key.proof 
22525      INFO  main            d.u.i.k.p.i.AbstractProblemLoader Loading environment from /home/runner/work/key/key/key.core/../key.ui/examples/standard_key/arith/saveProofTest.key.proof 
22525      DEBUG main            d.u.i.k.p.i.AbstractProblemLoader Environment load took 119.8ns 
22528      INFO  main            d.u.i.k.p.i.AbstractProblemLoader Creating init config 
24944      DEBUG main            d.u.i.k.p.i.AbstractProblemLoader Init config took 2.42s 
24977      INFO  main            d.u.i.k.p.i.AbstractProblemLoader Replaying proof saveProofTest.key.proof 
24985      DEBUG main            d.u.i.k.p.i.IntermediateProofReplayer Proof replay took 2.63ms 
24986      INFO  main            d.u.i.k.p.r.p.TestFile    ... success: loaded 
24988      INFO  main            d.u.i.k.p.r.p.TestFile    Now processing file /home/runner/work/key/key/key.core/../key.ui/examples/heap/permutedSum/perm.proof 
24988      INFO  main            d.u.i.k.p.i.AbstractProblemLoader Loading environment from /home/runner/work/key/key/key.core/../key.ui/examples/heap/permutedSum/perm.proof 
24988      DEBUG main            d.u.i.k.p.i.AbstractProblemLoader Environment load took 557.7ns 
24992      INFO  main            d.u.i.k.p.i.AbstractProblemLoader Creating init config 
27625      DEBUG main            d.u.i.k.p.i.AbstractProblemLoader Init config took 2.63s 
27702      INFO  main            d.u.i.k.p.i.AbstractProblemLoader Replaying proof Perm[Perm::foo()].JML normal_behavior operation contract.0 
28473      DEBUG main            d.u.i.k.p.i.IntermediateProofReplayer Proof replay took 718.67ms 
28475      INFO  main            d.u.i.k.p.r.p.TestFile    ... success: loaded 
28476      INFO  main            d.u.i.k.p.r.p.TestFile    Now processing file /home/runner/work/key/key/key.core/../key.ui/examples/firstTouch/05-ReverseArray/reverseArray.proof 
28477      INFO  main            d.u.i.k.p.i.AbstractProblemLoader Loading environment from /home/runner/work/key/key/key.core/../key.ui/examples/firstTouch/05-ReverseArray/reverseArray.proof 
28477      DEBUG main            d.u.i.k.p.i.AbstractProblemLoader Environment load took 169.7ns 
28479      INFO  main            d.u.i.k.p.i.AbstractProblemLoader Creating init config 
30984      DEBUG main            d.u.i.k.p.i.AbstractProblemLoader Init config took 2.5s 
31026      INFO  main            d.u.i.k.p.i.AbstractProblemLoader Replaying proof ReverseArray[ReverseArray::reverse()].JML normal_behavior operation contract.0 
31482      DEBUG main            d.u.i.k.p.i.IntermediateProofReplayer Proof replay took 416.48ms 
31485      INFO  main            d.u.i.k.p.r.p.TestFile    ... success: loaded 
31487      INFO  main            d.u.i.k.p.r.p.TestFile    Now processing file /home/runner/work/key/key/key.core/../key.ui/examples/heap/verifyThis15_1_RelaxedPrefix/relax.proof 
31487      INFO  main            d.u.i.k.p.i.AbstractProblemLoader Loading environment from /home/runner/work/key/key/key.core/../key.ui/examples/heap/verifyThis15_1_RelaxedPrefix/relax.proof 
31487      DEBUG main            d.u.i.k.p.i.AbstractProblemLoader Environment load took 194.9ns 
31489      INFO  main            d.u.i.k.p.i.AbstractProblemLoader Creating init config 
33999      DEBUG main            d.u.i.k.p.i.AbstractProblemLoader Init config took 2.51s 
34047      INFO  main            d.u.i.k.p.i.AbstractProblemLoader Replaying proof Relaxed[Relaxed::isRelaxedPrefix([I,[I)].JML operation contract.0 
34426      DEBUG main            d.u.i.k.p.i.IntermediateProofReplayer Proof replay took 354.98ms 
34427      INFO  main            d.u.i.k.p.r.p.TestFile    ... success: loaded 
34428      INFO  main            d.u.i.k.p.r.p.TestFile    Now processing file /home/runner/work/key/key/key.core/../key.ui/examples/heap/verifyThis15_3_DLL/doUndo.proof 
34429      INFO  main            d.u.i.k.p.i.AbstractProblemLoader Loading environment from /home/runner/work/key/key/key.core/../key.ui/examples/heap/verifyThis15_3_DLL/doUndo.proof 
34429      DEBUG main            d.u.i.k.p.i.AbstractProblemLoader Environment load took 187.5ns 
34431      INFO  main            d.u.i.k.p.i.AbstractProblemLoader Creating init config 
35319      DEBUG main            d.u.i.k.j.r.ClassPreparationMethodBuilder clPrepBuilder: Inner Class detected. Reject building class initialisation methods. 
37122      DEBUG main            d.u.i.k.p.i.AbstractProblemLoader Init config took 2.69s 
37203      INFO  main            d.u.i.k.p.i.AbstractProblemLoader Replaying proof DoubleLinkedList[DoubleLinkedList::doUndo(DoubleLinkedList.Node,int)].JML normal_behavior operation contract.0 
37671      DEBUG main            d.u.i.k.p.i.IntermediateProofReplayer Proof replay took 435.69ms 
37672      INFO  main            d.u.i.k.p.r.p.TestFile    ... success: loaded 
37674      INFO  main            d.u.i.k.p.r.p.TestFile    Now processing file /home/runner/work/key/key/key.core/../key.ui/examples/heap/verifyThis15_2_ParallelGcd/parallelGcd.proof 
37674      INFO  main            d.u.i.k.p.i.AbstractProblemLoader Loading environment from /home/runner/work/key/key/key.core/../key.ui/examples/heap/verifyThis15_2_ParallelGcd/parallelGcd.proof 
37674      DEBUG main            d.u.i.k.p.i.AbstractProblemLoader Environment load took 165.3ns 
37676      INFO  main            d.u.i.k.p.i.AbstractProblemLoader Creating init config 
40245      DEBUG main            d.u.i.k.p.i.AbstractProblemLoader Init config took 2.57s 
40295      INFO  main            d.u.i.k.p.i.AbstractProblemLoader Replaying proof ParallelGcd[ParallelGcd::parallelGcd(int,int,[Z)].JML behavior operation contract.0 
40758      DEBUG main            d.u.i.k.p.i.IntermediateProofReplayer Proof replay took 447.51ms 
40759      INFO  main            d.u.i.k.p.r.p.TestFile    ... success: loaded 
4812774    INFO  Test worker     d.u.i.k.p.r.p.StatisticsFile Returning from test reload_examples 
4812776    INFO  Test worker     d.u.i.k.p.r.p.StatisticsFile Running test proofLoadRepair 
384        INFO  Timeout watchdog d.u.i.k.p.r.p.ForkedTestFileRunner Timeout watcher launched (2000 secs.) 
400        WARN  main            d.u.i.k.s.ProofSettings   The settings in /home/runner/.key/proof-settings.props are *not* read. 
445        INFO  main            d.u.i.k.p.r.p.TestFile    Now processing file /home/runner/work/key/key/key.core/../key.ui/examples/proofLoadRepair/disjConj-manipulated.proof 
546        INFO  main            d.u.i.k.p.i.AbstractProblemLoader Loading environment from /home/runner/work/key/key/key.core/../key.ui/examples/proofLoadRepair/disjConj-manipulated.proof 
567        DEBUG main            d.u.i.k.p.i.AbstractProblemLoader Environment load took 2.11ms 
796        INFO  main            d.u.i.k.p.i.AbstractProblemLoader Creating init config 
1663       DEBUG main            d.u.i.k.j.TypeConverter   No LDT found for Meta 
1663       DEBUG main            d.u.i.k.j.TypeConverter   No LDT found for Meta 
1665       DEBUG main            d.u.i.k.j.TypeConverter   No LDT found for Meta 
1665       DEBUG main            d.u.i.k.j.TypeConverter   No LDT found for Meta 
2908       DEBUG main            d.u.i.k.j.TypeConverter   No LDT found for JavaBigintExpression 
7529       DEBUG main            d.u.i.k.p.i.AbstractProblemLoader Init config took 6.73s 
7597       INFO  main            d.u.i.k.p.i.AbstractProblemLoader Replaying proof disjConj-manipulated.proof 
7638       WARN  main            d.u.i.k.p.i.IntermediateProofReplayer Proof contains wrong number of \assumes instatiations for andLeft 
7640       WARN  main            d.u.i.k.p.i.IntermediateProofReplayer Proof contains wrong number of \assumes instatiations for replace_known_right 
7642       WARN  main            d.u.i.k.p.i.IntermediateProofReplayer Proof contains wrong number of \assumes instatiations for close 
7643       DEBUG main            d.u.i.k.p.i.IntermediateProofReplayer Proof replay took 13.36ms 
7648       INFO  main            d.u.i.k.p.r.p.TestFile    ... success: loaded 
7652       INFO  main            d.u.i.k.p.r.p.TestFile    Now processing file /home/runner/work/key/key/key.core/../key.ui/examples/proofLoadRepair/insufficient-manipulated.proof 
7652       INFO  main            d.u.i.k.p.i.AbstractProblemLoader Loading environment from /home/runner/work/key/key/key.core/../key.ui/examples/proofLoadRepair/insufficient-manipulated.proof 
7652       DEBUG main            d.u.i.k.p.i.AbstractProblemLoader Environment load took 232ns 
7656       INFO  main            d.u.i.k.p.i.AbstractProblemLoader Creating init config 
10290      DEBUG main            d.u.i.k.p.i.AbstractProblemLoader Init config took 2.63s 
10306      INFO  main            d.u.i.k.p.i.AbstractProblemLoader Replaying proof insufficient-manipulated.proof 
10336      WARN  main            d.u.i.k.p.i.IntermediateProofReplayer Proof contains wrong number of \assumes instatiations for applyEq 
10352      DEBUG main            d.u.i.k.p.i.IntermediateProofReplayer Proof replay took 17.08ms 
10356      INFO  main            d.u.i.k.p.r.p.TestFile    ... success: loading failed 
10360      INFO  main            d.u.i.k.p.r.p.TestFile    Now processing file /home/runner/work/key/key/key.core/../key.ui/examples/../../key.core/src/test/resources/testcase/issues/1716/incorrectPolarity.proof 
10362      INFO  main            d.u.i.k.p.i.AbstractProblemLoader Loading environment from /home/runner/work/key/key/key.core/../key.ui/examples/../../key.core/src/test/resources/testcase/issues/1716/incorrectPolarity.proof 
10363      DEBUG main            d.u.i.k.p.i.AbstractProblemLoader Environment load took 220.6ns 
10364      INFO  main            d.u.i.k.p.i.AbstractProblemLoader Creating init config 
13140      DEBUG main            d.u.i.k.p.i.AbstractProblemLoader Init config took 2.78s 
13170      INFO  main            d.u.i.k.p.i.AbstractProblemLoader Replaying proof incorrectPolarity.proof 
13172      DEBUG main            d.u.i.k.p.i.IntermediateProofReplayer Proof replay took 199.6ns 
13173      INFO  main            d.u.i.k.p.r.p.TestFile    ... success: loading failed 
13175      INFO  main            d.u.i.k.p.r.p.TestFile    Now processing file /home/runner/work/key/key/key.core/../key.ui/examples/../../key.core/src/test/resources/testcase/issues/1716/incorrectPolarity2.proof 
13175      INFO  main            d.u.i.k.p.i.AbstractProblemLoader Loading environment from /home/runner/work/key/key/key.core/../key.ui/examples/../../key.core/src/test/resources/testcase/issues/1716/incorrectPolarity2.proof 
13175      DEBUG main            d.u.i.k.p.i.AbstractProblemLoader Environment load took 197.4ns 
13177      INFO  main            d.u.i.k.p.i.AbstractProblemLoader Creating init config 
15620      DEBUG main            d.u.i.k.p.i.AbstractProblemLoader Init config took 2.44s 
15644      INFO  main            d.u.i.k.p.i.AbstractProblemLoader Replaying proof incorrectPolarity2.proof 
15647      DEBUG main            d.u.i.k.p.i.IntermediateProofReplayer Proof replay took 339.4ns 
15647      INFO  main            d.u.i.k.p.r.p.TestFile    ... success: loading failed 
15648      INFO  main            d.u.i.k.p.r.p.TestFile    Now processing file /home/runner/work/key/key/key.core/../key.ui/examples/../../key.core/src/test/resources/testcase/issues/1716/incorrectPolarity3.proof 
15649      INFO  main            d.u.i.k.p.i.AbstractProblemLoader Loading environment from /home/runner/work/key/key/key.core/../key.ui/examples/../../key.core/src/test/resources/testcase/issues/1716/incorrectPolarity3.proof 
15649      DEBUG main            d.u.i.k.p.i.AbstractProblemLoader Environment load took 168.3ns 
15650      INFO  main            d.u.i.k.p.i.AbstractProblemLoader Creating init config 
18077      DEBUG main            d.u.i.k.p.i.AbstractProblemLoader Init config took 2.43s 
18097      INFO  main            d.u.i.k.p.i.AbstractProblemLoader Replaying proof incorrectPolarity3.proof 
18100      DEBUG main            d.u.i.k.p.i.IntermediateProofReplayer Proof replay took 1.04ms 
18101      INFO  main            d.u.i.k.p.r.p.TestFile    ... success: loading failed 
4831061    INFO  Test worker     d.u.i.k.p.r.p.StatisticsFile Returning from test proofLoadRepair 
4831063    INFO  Test worker     d.u.i.k.p.r.p.StatisticsFile Running test switch 
385        INFO  Timeout watchdog d.u.i.k.p.r.p.ForkedTestFileRunner Timeout watcher launched (2000 secs.) 
401        WARN  main            d.u.i.k.s.ProofSettings   The settings in /home/runner/.key/proof-settings.props are *not* read. 
429        INFO  main            d.u.i.k.p.r.p.TestFile    Now processing file /home/runner/work/key/key/key.core/../key.ui/examples/standard_key/java_dl/switch/labeled_case.key 
568        INFO  main            d.u.i.k.p.i.AbstractProblemLoader Loading environment from /home/runner/work/key/key/key.core/../key.ui/examples/standard_key/java_dl/switch/labeled_case.key 
585        DEBUG main            d.u.i.k.p.i.AbstractProblemLoader Environment load took 2.12ms 
808        INFO  main            d.u.i.k.p.i.AbstractProblemLoader Creating init config 
1756       DEBUG main            d.u.i.k.j.TypeConverter   No LDT found for Meta 
1756       DEBUG main            d.u.i.k.j.TypeConverter   No LDT found for Meta 
1757       DEBUG main            d.u.i.k.j.TypeConverter   No LDT found for Meta 
1757       DEBUG main            d.u.i.k.j.TypeConverter   No LDT found for Meta 
3075       DEBUG main            d.u.i.k.j.TypeConverter   No LDT found for JavaBigintExpression 
7930       DEBUG main            d.u.i.k.p.i.AbstractProblemLoader Init config took 7.12s 
8067       INFO  main            d.u.i.k.p.i.AbstractProblemLoader Replaying proof LabeledCase[LabeledCase::m(int)].JML normal_behavior operation contract.0 
8100       DEBUG main            d.u.i.k.p.i.IntermediateProofReplayer Proof replay took 31.3ns 
8722       INFO  main            d.u.i.k.p.r.p.TestFile    ... finished proof: closed. 
8814       INFO  main            d.u.i.k.p.i.AbstractProblemLoader Loading environment from /home/runner/work/key/key/key.core/../key.ui/examples/standard_key/java_dl/switch/labeled_case.key.proof 
8815       DEBUG main            d.u.i.k.p.i.AbstractProblemLoader Environment load took 337.3ns 
8817       INFO  main            d.u.i.k.p.i.AbstractProblemLoader Creating init config 
11602      DEBUG main            d.u.i.k.p.i.AbstractProblemLoader Init config took 2.79s 
11683      INFO  main            d.u.i.k.p.i.AbstractProblemLoader Replaying proof LabeledCase[LabeledCase::m(int)].JML normal_behavior operation contract.0 
11735      DEBUG main            d.u.i.k.p.i.IntermediateProofReplayer Proof replay took 46.56ms 
11741      DEBUG main            d.u.i.k.p.r.p.TestFile    ... success: reloaded. 
11742      INFO  main            d.u.i.k.p.r.p.TestFile    Now processing file /home/runner/work/key/key/key.core/../key.ui/examples/standard_key/java_dl/switch/empty_switch.key 
11743      INFO  main            d.u.i.k.p.i.AbstractProblemLoader Loading environment from /home/runner/work/key/key/key.core/../key.ui/examples/standard_key/java_dl/switch/empty_switch.key 
11743      DEBUG main            d.u.i.k.p.i.AbstractProblemLoader Environment load took 197.5ns 
11744      INFO  main            d.u.i.k.p.i.AbstractProblemLoader Creating init config 
14321      DEBUG main            d.u.i.k.p.i.AbstractProblemLoader Init config took 2.58s 
14350      INFO  main            d.u.i.k.p.i.AbstractProblemLoader Replaying proof empty_switch.key 
14353      DEBUG main            d.u.i.k.p.i.IntermediateProofReplayer Proof replay took 6.5ns 
14455      INFO  main            d.u.i.k.p.r.p.TestFile    ... finished proof: closed. 
14572      INFO  main            d.u.i.k.p.i.AbstractProblemLoader Loading environment from /home/runner/work/key/key/key.core/../key.ui/examples/standard_key/java_dl/switch/empty_switch.key.proof 
14572      DEBUG main            d.u.i.k.p.i.AbstractProblemLoader Environment load took 138.6ns 
14574      INFO  main            d.u.i.k.p.i.AbstractProblemLoader Creating init config 
17101      DEBUG main            d.u.i.k.p.i.AbstractProblemLoader Init config took 2.53s 
17123      INFO  main            d.u.i.k.p.i.AbstractProblemLoader Replaying proof empty_switch.key.proof 
17127      DEBUG main            d.u.i.k.p.i.IntermediateProofReplayer Proof replay took 1.56ms 
17128      DEBUG main            d.u.i.k.p.r.p.TestFile    ... success: reloaded. 
17128      INFO  main            d.u.i.k.p.r.p.TestFile    Now processing file /home/runner/work/key/key/key.core/../key.ui/examples/standard_key/java_dl/switch/empty_switch_null.key 
17129      INFO  main            d.u.i.k.p.i.AbstractProblemLoader Loading environment from /home/runner/work/key/key/key.core/../key.ui/examples/standard_key/java_dl/switch/empty_switch_null.key 
17129      DEBUG main            d.u.i.k.p.i.AbstractProblemLoader Environment load took 161.8ns 
17130      INFO  main            d.u.i.k.p.i.AbstractProblemLoader Creating init config 
19615      DEBUG main            d.u.i.k.p.i.AbstractProblemLoader Init config took 2.49s 
19637      INFO  main            d.u.i.k.p.i.AbstractProblemLoader Replaying proof empty_switch_null.key 
19639      DEBUG main            d.u.i.k.p.i.IntermediateProofReplayer Proof replay took 5.9ns 
19842      INFO  main            d.u.i.k.p.r.p.TestFile    ... finished proof: closed. 
19971      INFO  main            d.u.i.k.p.i.AbstractProblemLoader Loading environment from /home/runner/work/key/key/key.core/../key.ui/examples/standard_key/java_dl/switch/empty_switch_null.key.proof 
19972      DEBUG main            d.u.i.k.p.i.AbstractProblemLoader Environment load took 1.17ms 
19974      INFO  main            d.u.i.k.p.i.AbstractProblemLoader Creating init config 
22478      DEBUG main            d.u.i.k.p.i.AbstractProblemLoader Init config took 2.5s 
22498      INFO  main            d.u.i.k.p.i.AbstractProblemLoader Replaying proof empty_switch_null.key.proof 
22528      DEBUG main            d.u.i.k.p.i.IntermediateProofReplayer Proof replay took 26.9ms 
22529      DEBUG main            d.u.i.k.p.r.p.TestFile    ... success: reloaded. 
22530      INFO  main            d.u.i.k.p.r.p.TestFile    Now processing file /home/runner/work/key/key/key.core/../key.ui/examples/standard_key/java_dl/switch/empty_switch_null_catch.key 
22530      INFO  main            d.u.i.k.p.i.AbstractProblemLoader Loading environment from /home/runner/work/key/key/key.core/../key.ui/examples/standard_key/java_dl/switch/empty_switch_null_catch.key 
22530      DEBUG main            d.u.i.k.p.i.AbstractProblemLoader Environment load took 167.2ns 
22531      INFO  main            d.u.i.k.p.i.AbstractProblemLoader Creating init config 
25040      DEBUG main            d.u.i.k.p.i.AbstractProblemLoader Init config took 2.51s 
25063      INFO  main            d.u.i.k.p.i.AbstractProblemLoader Replaying proof empty_switch_null_catch.key 
25065      DEBUG main            d.u.i.k.p.i.IntermediateProofReplayer Proof replay took 6.3ns 
25272      INFO  main            d.u.i.k.p.r.p.TestFile    ... finished proof: closed. 
25410      INFO  main            d.u.i.k.p.i.AbstractProblemLoader Loading environment from /home/runner/work/key/key/key.core/../key.ui/examples/standard_key/java_dl/switch/empty_switch_null_catch.key.proof 
25410      DEBUG main            d.u.i.k.p.i.AbstractProblemLoader Environment load took 341.1ns 
25411      INFO  main            d.u.i.k.p.i.AbstractProblemLoader Creating init config 
27897      DEBUG main            d.u.i.k.p.i.AbstractProblemLoader Init config took 2.49s 
27918      INFO  main            d.u.i.k.p.i.AbstractProblemLoader Replaying proof empty_switch_null_catch.key.proof 
27950      DEBUG main            d.u.i.k.p.i.IntermediateProofReplayer Proof replay took 28.74ms 
27951      DEBUG main            d.u.i.k.p.r.p.TestFile    ... success: reloaded. 
27952      INFO  main            d.u.i.k.p.r.p.TestFile    Now processing file /home/runner/work/key/key/key.core/../key.ui/examples/standard_key/java_dl/switch/empty_switch_array_out_of_bounds.key 
27952      INFO  main            d.u.i.k.p.i.AbstractProblemLoader Loading environment from /home/runner/work/key/key/key.core/../key.ui/examples/standard_key/java_dl/switch/empty_switch_array_out_of_bounds.key 
27952      DEBUG main            d.u.i.k.p.i.AbstractProblemLoader Environment load took 173.3ns 
27953      INFO  main            d.u.i.k.p.i.AbstractProblemLoader Creating init config 
30422      DEBUG main            d.u.i.k.p.i.AbstractProblemLoader Init config took 2.47s 
30443      INFO  main            d.u.i.k.p.i.AbstractProblemLoader Replaying proof empty_switch_array_out_of_bounds.key 
30446      DEBUG main            d.u.i.k.p.i.IntermediateProofReplayer Proof replay took 6.4ns 
30654      INFO  main            d.u.i.k.p.r.p.TestFile    ... finished proof: closed. 
30811      INFO  main            d.u.i.k.p.i.AbstractProblemLoader Loading environment from /home/runner/work/key/key/key.core/../key.ui/examples/standard_key/java_dl/switch/empty_switch_array_out_of_bounds.key.proof 
30812      DEBUG main            d.u.i.k.p.i.AbstractProblemLoader Environment load took 368.2ns 
30813      INFO  main            d.u.i.k.p.i.AbstractProblemLoader Creating init config 
33289      DEBUG main            d.u.i.k.p.i.AbstractProblemLoader Init config took 2.48s 
33309      INFO  main            d.u.i.k.p.i.AbstractProblemLoader Replaying proof empty_switch_array_out_of_bounds.key.proof 
33353      DEBUG main            d.u.i.k.p.i.IntermediateProofReplayer Proof replay took 40.52ms 
33354      DEBUG main            d.u.i.k.p.r.p.TestFile    ... success: reloaded. 
33355      INFO  main            d.u.i.k.p.r.p.TestFile    Now processing file /home/runner/work/key/key/key.core/../key.ui/examples/standard_key/java_dl/switch/empty_switch_array_out_of_bounds_catch.key 
33355      INFO  main            d.u.i.k.p.i.AbstractProblemLoader Loading environment from /home/runner/work/key/key/key.core/../key.ui/examples/standard_key/java_dl/switch/empty_switch_array_out_of_bounds_catch.key 
33356      DEBUG main            d.u.i.k.p.i.AbstractProblemLoader Environment load took 172.1ns 
33357      INFO  main            d.u.i.k.p.i.AbstractProblemLoader Creating init config 
35805      DEBUG main            d.u.i.k.p.i.AbstractProblemLoader Init config took 2.45s 
35826      INFO  main            d.u.i.k.p.i.AbstractProblemLoader Replaying proof empty_switch_array_out_of_bounds_catch.key 
35829      DEBUG main            d.u.i.k.p.i.IntermediateProofReplayer Proof replay took 6.7ns 
36036      INFO  main            d.u.i.k.p.r.p.TestFile    ... finished proof: closed. 
36196      INFO  main            d.u.i.k.p.i.AbstractProblemLoader Loading environment from /home/runner/work/key/key/key.core/../key.ui/examples/standard_key/java_dl/switch/empty_switch_array_out_of_bounds_catch.key.proof 
36197      DEBUG main            d.u.i.k.p.i.AbstractProblemLoader Environment load took 118.1ns 
36198      INFO  main            d.u.i.k.p.i.AbstractProblemLoader Creating init config 
38649      DEBUG main            d.u.i.k.p.i.AbstractProblemLoader Init config took 2.45s 
38668      INFO  main            d.u.i.k.p.i.AbstractProblemLoader Replaying proof empty_switch_array_out_of_bounds_catch.key.proof 
38699      DEBUG main            d.u.i.k.p.i.IntermediateProofReplayer Proof replay took 28.76ms 
38701      DEBUG main            d.u.i.k.p.r.p.TestFile    ... success: reloaded. 
38702      INFO  main            d.u.i.k.p.r.p.TestFile    Now processing file /home/runner/work/key/key/key.core/../key.ui/examples/standard_key/java_dl/switch/switch_in_switch.key 
38702      INFO  main            d.u.i.k.p.i.AbstractProblemLoader Loading environment from /home/runner/work/key/key/key.core/../key.ui/examples/standard_key/java_dl/switch/switch_in_switch.key 
38702      DEBUG main            d.u.i.k.p.i.AbstractProblemLoader Environment load took 171.6ns 
38703      INFO  main            d.u.i.k.p.i.AbstractProblemLoader Creating init config 
41276      DEBUG main            d.u.i.k.p.i.AbstractProblemLoader Init config took 2.57s 
41322      INFO  main            d.u.i.k.p.i.AbstractProblemLoader Replaying proof SwitchInSwitch[SwitchInSwitch::m(int)].JML normal_behavior operation contract.0 
41323      DEBUG main            d.u.i.k.p.i.IntermediateProofReplayer Proof replay took 5.7ns 
45746      INFO  main            d.u.i.k.p.r.p.TestFile    ... finished proof: closed. 
45964      INFO  main            d.u.i.k.p.i.AbstractProblemLoader Loading environment from /home/runner/work/key/key/key.core/../key.ui/examples/standard_key/java_dl/switch/switch_in_switch.key.proof 
45968      DEBUG main            d.u.i.k.p.i.AbstractProblemLoader Environment load took 4.64ms 
45970      INFO  main            d.u.i.k.p.i.AbstractProblemLoader Creating init config 
48467      DEBUG main            d.u.i.k.p.i.AbstractProblemLoader Init config took 2.5s 
48508      INFO  main            d.u.i.k.p.i.AbstractProblemLoader Replaying proof SwitchInSwitch[SwitchInSwitch::m(int)].JML normal_behavior operation contract.0 
48869      DEBUG main            d.u.i.k.p.i.IntermediateProofReplayer Proof replay took 332.9ms 
48870      DEBUG main            d.u.i.k.p.r.p.TestFile    ... success: reloaded. 
48872      INFO  main            d.u.i.k.p.r.p.TestFile    Now processing file /home/runner/work/key/key/key.core/../key.ui/examples/standard_key/java_dl/switch/while_and_switch.key 
48872      INFO  main            d.u.i.k.p.i.AbstractProblemLoader Loading environment from /home/runner/work/key/key/key.core/../key.ui/examples/standard_key/java_dl/switch/while_and_switch.key 
48873      DEBUG main            d.u.i.k.p.i.AbstractProblemLoader Environment load took 395.1ns 
48874      INFO  main            d.u.i.k.p.i.AbstractProblemLoader Creating init config 
51492      DEBUG main            d.u.i.k.p.i.AbstractProblemLoader Init config took 2.62s 
51534      INFO  main            d.u.i.k.p.i.AbstractProblemLoader Replaying proof WhileAndSwitch[WhileAndSwitch::m(int)].JML normal_behavior operation contract.0 
51536      DEBUG main            d.u.i.k.p.i.IntermediateProofReplayer Proof replay took 6ns 
52341      INFO  main            d.u.i.k.p.r.p.TestFile    ... finished proof: closed. 
52521      INFO  main            d.u.i.k.p.i.AbstractProblemLoader Loading environment from /home/runner/work/key/key/key.core/../key.ui/examples/standard_key/java_dl/switch/while_and_switch.key.proof 
52522      DEBUG main            d.u.i.k.p.i.AbstractProblemLoader Environment load took 146.1ns 
52523      INFO  main            d.u.i.k.p.i.AbstractProblemLoader Creating init config 
55003      DEBUG main            d.u.i.k.p.i.AbstractProblemLoader Init config took 2.48s 
55044      INFO  main            d.u.i.k.p.i.AbstractProblemLoader Replaying proof WhileAndSwitch[WhileAndSwitch::m(int)].JML normal_behavior operation contract.0 
55144      DEBUG main            d.u.i.k.p.i.IntermediateProofReplayer Proof replay took 94.12ms 
55146      DEBUG main            d.u.i.k.p.r.p.TestFile    ... success: reloaded. 
55147      INFO  main            d.u.i.k.p.r.p.TestFile    Now processing file /home/runner/work/key/key/key.core/../key.ui/examples/standard_key/java_dl/switch/large_switch.key 
55147      INFO  main            d.u.i.k.p.i.AbstractProblemLoader Loading environment from /home/runner/work/key/key/key.core/../key.ui/examples/standard_key/java_dl/switch/large_switch.key 
55147      DEBUG main            d.u.i.k.p.i.AbstractProblemLoader Environment load took 183ns 
55148      INFO  main            d.u.i.k.p.i.AbstractProblemLoader Creating init config 
57668      DEBUG main            d.u.i.k.p.i.AbstractProblemLoader Init config took 2.52s 
57730      INFO  main            d.u.i.k.p.i.AbstractProblemLoader Replaying proof LargeSwitch[LargeSwitch::m(int)].JML normal_behavior operation contract.0 
57732      DEBUG main            d.u.i.k.p.i.IntermediateProofReplayer Proof replay took 7.9ns 
59045      INFO  main            d.u.i.k.p.r.p.TestFile    ... finished proof: closed. 
59239      INFO  main            d.u.i.k.p.i.AbstractProblemLoader Loading environment from /home/runner/work/key/key/key.core/../key.ui/examples/standard_key/java_dl/switch/large_switch.key.proof 
59239      DEBUG main            d.u.i.k.p.i.AbstractProblemLoader Environment load took 139.3ns 
59240      INFO  main            d.u.i.k.p.i.AbstractProblemLoader Creating init config 
61700      DEBUG main            d.u.i.k.p.i.AbstractProblemLoader Init config took 2.46s 
61738      INFO  main            d.u.i.k.p.i.AbstractProblemLoader Replaying proof LargeSwitch[LargeSwitch::m(int)].JML normal_behavior operation contract.0 
62005      DEBUG main            d.u.i.k.p.i.IntermediateProofReplayer Proof replay took 251.37ms 
62006      DEBUG main            d.u.i.k.p.r.p.TestFile    ... success: reloaded. 
4893253    INFO  Test worker     d.u.i.k.p.r.p.StatisticsFile Returning from test switch 
4893254    INFO  Test worker     d.u.i.k.p.r.p.StatisticsFile Running test redux 
360        INFO  Timeout watchdog d.u.i.k.p.r.p.ForkedTestFileRunner Timeout watcher launched (2000 secs.) 
371        WARN  main            d.u.i.k.s.ProofSettings   The settings in /home/runner/.key/proof-settings.props are *not* read. 
404        INFO  main            d.u.i.k.p.r.p.TestFile    Now processing file /home/runner/work/key/key/key.core/../key.ui/examples/redux/arrays/Arrays.copyOf.key 
512        INFO  main            d.u.i.k.p.i.AbstractProblemLoader Loading environment from /home/runner/work/key/key/key.core/../key.ui/examples/redux/arrays/Arrays.copyOf.key 
532        DEBUG main            d.u.i.k.p.i.AbstractProblemLoader Environment load took 2.06ms 
736        INFO  main            d.u.i.k.p.i.AbstractProblemLoader Creating init config 
1624       DEBUG main            d.u.i.k.j.TypeConverter   No LDT found for Meta 
1625       DEBUG main            d.u.i.k.j.TypeConverter   No LDT found for Meta 
1626       DEBUG main            d.u.i.k.j.TypeConverter   No LDT found for Meta 
1627       DEBUG main            d.u.i.k.j.TypeConverter   No LDT found for Meta 
3143       DEBUG main            d.u.i.k.j.TypeConverter   No LDT found for JavaBigintExpression 
8451       DEBUG main            d.u.i.k.p.i.AbstractProblemLoader Init config took 7.71s 
8584       INFO  main            d.u.i.k.p.i.AbstractProblemLoader Replaying proof Arrays[Arrays::copyOf([I,int)].JML normal_behavior operation contract.0 
8613       DEBUG main            d.u.i.k.p.i.IntermediateProofReplayer Proof replay took 31.7ns 
13654      INFO  main            d.u.i.k.p.r.p.TestFile    ... finished proof: closed. 
13807      INFO  main            d.u.i.k.p.i.AbstractProblemLoader Loading environment from /home/runner/work/key/key/key.core/../key.ui/examples/redux/arrays/Arrays.copyOf.key.proof 
13812      DEBUG main            d.u.i.k.p.i.AbstractProblemLoader Environment load took 4.58ms 
13815      INFO  main            d.u.i.k.p.i.AbstractProblemLoader Creating init config 
16953      DEBUG main            d.u.i.k.p.i.AbstractProblemLoader Init config took 3.14s 
17046      INFO  main            d.u.i.k.p.i.AbstractProblemLoader Replaying proof Arrays[Arrays::copyOf([I,int)].JML normal_behavior operation contract.0 
17504      DEBUG main            d.u.i.k.p.i.IntermediateProofReplayer Proof replay took 421.8ms 
17511      DEBUG main            d.u.i.k.p.r.p.TestFile    ... success: reloaded. 
17513      INFO  main            d.u.i.k.p.r.p.TestFile    Now processing file /home/runner/work/key/key/key.core/../key.ui/examples/redux/arrays/Arrays.copyOf.float.key 
17513      INFO  main            d.u.i.k.p.i.AbstractProblemLoader Loading environment from /home/runner/work/key/key/key.core/../key.ui/examples/redux/arrays/Arrays.copyOf.float.key 
17514      DEBUG main            d.u.i.k.p.i.AbstractProblemLoader Environment load took 184.4ns 
17515      INFO  main            d.u.i.k.p.i.AbstractProblemLoader Creating init config 
20523      DEBUG main            d.u.i.k.p.i.AbstractProblemLoader Init config took 3.01s 
20595      INFO  main            d.u.i.k.p.i.AbstractProblemLoader Replaying proof Arrays[Arrays::copyOf([F,int)].JML normal_behavior operation contract.0 
20600      DEBUG main            d.u.i.k.p.i.IntermediateProofReplayer Proof replay took 6.8ns 
20626      DEBUG main            d.u.i.k.m.s.ProofScriptEngine 1: 'macro autopilot' 
24730      DEBUG main            d.u.i.k.m.s.ProofScriptEngine 2: 'smt solver=Z3' 
24799      INFO  main            d.u.i.k.m.s.SMTCommand    Finished run on goal 17 in 42ms, result is valid 
24799      DEBUG main            d.u.i.k.m.s.ProofScriptEngine 3: 'tryclose' 
26446      INFO  main            d.u.i.k.p.r.p.TestFile    ... finished proof: closed. 
26634      INFO  main            d.u.i.k.p.i.AbstractProblemLoader Loading environment from /home/runner/work/key/key/key.core/../key.ui/examples/redux/arrays/Arrays.copyOf.float.key.proof 
26636      DEBUG main            d.u.i.k.p.i.AbstractProblemLoader Environment load took 1.89ms 
26639      INFO  main            d.u.i.k.p.i.AbstractProblemLoader Creating init config 
29542      DEBUG main            d.u.i.k.p.i.AbstractProblemLoader Init config took 2.9s 
29602      INFO  main            d.u.i.k.p.i.AbstractProblemLoader Replaying proof Arrays[Arrays::copyOf([F,int)].JML normal_behavior operation contract.0 
29669      INFO  main            d.u.i.k.s.SMTFocusResults Analyzing unsat core: (L_6) 
30139      DEBUG main            d.u.i.k.p.i.IntermediateProofReplayer Proof replay took 517.76ms 
30141      DEBUG main            d.u.i.k.p.r.p.TestFile    ... success: reloaded. 
30142      INFO  main            d.u.i.k.p.r.p.TestFile    Now processing file /home/runner/work/key/key/key.core/../key.ui/examples/redux/arrays/Arrays.copyOfRange.key 
30142      INFO  main            d.u.i.k.p.i.AbstractProblemLoader Loading environment from /home/runner/work/key/key/key.core/../key.ui/examples/redux/arrays/Arrays.copyOfRange.key 
30143      DEBUG main            d.u.i.k.p.i.AbstractProblemLoader Environment load took 164.1ns 
30144      INFO  main            d.u.i.k.p.i.AbstractProblemLoader Creating init config 
33127      DEBUG main            d.u.i.k.p.i.AbstractProblemLoader Init config took 2.98s 
33171      INFO  main            d.u.i.k.p.i.AbstractProblemLoader Replaying proof Arrays[Arrays::copyOfRange([I,int,int)].JML normal_behavior operation contract.0 
33173      DEBUG main            d.u.i.k.p.i.IntermediateProofReplayer Proof replay took 5.4ns 
37347      INFO  main            d.u.i.k.p.r.p.TestFile    ... finished proof: closed. 
37571      INFO  main            d.u.i.k.p.i.AbstractProblemLoader Loading environment from /home/runner/work/key/key/key.core/../key.ui/examples/redux/arrays/Arrays.copyOfRange.key.proof 
37572      DEBUG main            d.u.i.k.p.i.AbstractProblemLoader Environment load took 364.3ns 
37577      INFO  main            d.u.i.k.p.i.AbstractProblemLoader Creating init config 
40454      DEBUG main            d.u.i.k.p.i.AbstractProblemLoader Init config took 2.88s 
40516      INFO  main            d.u.i.k.p.i.AbstractProblemLoader Replaying proof Arrays[Arrays::copyOfRange([I,int,int)].JML normal_behavior operation contract.0 
40895      DEBUG main            d.u.i.k.p.i.IntermediateProofReplayer Proof replay took 354.99ms 
40897      DEBUG main            d.u.i.k.p.r.p.TestFile    ... success: reloaded. 
40898      INFO  main            d.u.i.k.p.r.p.TestFile    Now processing file /home/runner/work/key/key/key.core/../key.ui/examples/redux/arrays/Arrays.copyOfRange.float.key 
40898      INFO  main            d.u.i.k.p.i.AbstractProblemLoader Loading environment from /home/runner/work/key/key/key.core/../key.ui/examples/redux/arrays/Arrays.copyOfRange.float.key 
40898      DEBUG main            d.u.i.k.p.i.AbstractProblemLoader Environment load took 162.4ns 
40899      INFO  main            d.u.i.k.p.i.AbstractProblemLoader Creating init config 
43760      DEBUG main            d.u.i.k.p.i.AbstractProblemLoader Init config took 2.86s 
43802      INFO  main            d.u.i.k.p.i.AbstractProblemLoader Replaying proof Arrays[Arrays::copyOfRange([F,int,int)].JML normal_behavior operation contract.0 
43804      DEBUG main            d.u.i.k.p.i.IntermediateProofReplayer Proof replay took 5.8ns 
43804      DEBUG main            d.u.i.k.m.s.ProofScriptEngine 1: 'macro autopilot' 
49447      DEBUG main            d.u.i.k.m.s.ProofScriptEngine 2: 'smt solver=Z3' 
49487      INFO  main            d.u.i.k.m.s.SMTCommand    Finished run on goal 27 in 36ms, result is valid 
49487      DEBUG main            d.u.i.k.m.s.ProofScriptEngine 3: 'tryclose' 
52649      INFO  main            d.u.i.k.p.r.p.TestFile    ... finished proof: closed. 
52918      INFO  main            d.u.i.k.p.i.AbstractProblemLoader Loading environment from /home/runner/work/key/key/key.core/../key.ui/examples/redux/arrays/Arrays.copyOfRange.float.key.proof 
52918      DEBUG main            d.u.i.k.p.i.AbstractProblemLoader Environment load took 338.7ns 
52920      INFO  main            d.u.i.k.p.i.AbstractProblemLoader Creating init config 
55819      DEBUG main            d.u.i.k.p.i.AbstractProblemLoader Init config took 2.9s 
55861      INFO  main            d.u.i.k.p.i.AbstractProblemLoader Replaying proof Arrays[Arrays::copyOfRange([F,int,int)].JML normal_behavior operation contract.0 
55929      INFO  main            d.u.i.k.s.SMTFocusResults Analyzing unsat core: (L_8) 
56540      DEBUG main            d.u.i.k.p.i.IntermediateProofReplayer Proof replay took 656.36ms 
56551      DEBUG main            d.u.i.k.p.r.p.TestFile    ... success: reloaded. 
56552      INFO  main            d.u.i.k.p.r.p.TestFile    Now processing file /home/runner/work/key/key/key.core/../key.ui/examples/redux/arrays/Arrays.equals.key 
56552      INFO  main            d.u.i.k.p.i.AbstractProblemLoader Loading environment from /home/runner/work/key/key/key.core/../key.ui/examples/redux/arrays/Arrays.equals.key 
56553      DEBUG main            d.u.i.k.p.i.AbstractProblemLoader Environment load took 122.6ns 
56553      INFO  main            d.u.i.k.p.i.AbstractProblemLoader Creating init config 
59530      DEBUG main            d.u.i.k.p.i.AbstractProblemLoader Init config took 2.98s 
59568      INFO  main            d.u.i.k.p.i.AbstractProblemLoader Replaying proof Arrays[Arrays::equals([B,[B)].JML normal_behavior operation contract.0 
59570      DEBUG main            d.u.i.k.p.i.IntermediateProofReplayer Proof replay took 6.1ns 
60076      INFO  main            d.u.i.k.p.r.p.TestFile    ... finished proof: closed. 
60298      INFO  main            d.u.i.k.p.i.AbstractProblemLoader Loading environment from /home/runner/work/key/key/key.core/../key.ui/examples/redux/arrays/Arrays.equals.key.proof 
60298      DEBUG main            d.u.i.k.p.i.AbstractProblemLoader Environment load took 342.2ns 
60299      INFO  main            d.u.i.k.p.i.AbstractProblemLoader Creating init config 
63107      DEBUG main            d.u.i.k.p.i.AbstractProblemLoader Init config took 2.81s 
63147      INFO  main            d.u.i.k.p.i.AbstractProblemLoader Replaying proof Arrays[Arrays::equals([B,[B)].JML normal_behavior operation contract.0 
63265      DEBUG main            d.u.i.k.p.i.IntermediateProofReplayer Proof replay took 114.7ms 
63266      DEBUG main            d.u.i.k.p.r.p.TestFile    ... success: reloaded. 
63267      INFO  main            d.u.i.k.p.r.p.TestFile    Now processing file /home/runner/work/key/key/key.core/../key.ui/examples/redux/arrays/Arrays.fill.key 
63267      INFO  main            d.u.i.k.p.i.AbstractProblemLoader Loading environment from /home/runner/work/key/key/key.core/../key.ui/examples/redux/arrays/Arrays.fill.key 
63267      DEBUG main            d.u.i.k.p.i.AbstractProblemLoader Environment load took 176.6ns 
63268      INFO  main            d.u.i.k.p.i.AbstractProblemLoader Creating init config 
66115      DEBUG main            d.u.i.k.p.i.AbstractProblemLoader Init config took 2.85s 
66152      INFO  main            d.u.i.k.p.i.AbstractProblemLoader Replaying proof Arrays[Arrays::fill([I,int)].JML normal_behavior operation contract.0 
66153      DEBUG main            d.u.i.k.p.i.IntermediateProofReplayer Proof replay took 5.8ns 
66356      INFO  main            d.u.i.k.p.r.p.TestFile    ... finished proof: closed. 
66564      INFO  main            d.u.i.k.p.i.AbstractProblemLoader Loading environment from /home/runner/work/key/key/key.core/../key.ui/examples/redux/arrays/Arrays.fill.key.proof 
66564      DEBUG main            d.u.i.k.p.i.AbstractProblemLoader Environment load took 115.2ns 
66565      INFO  main            d.u.i.k.p.i.AbstractProblemLoader Creating init config 
69395      DEBUG main            d.u.i.k.p.i.AbstractProblemLoader Init config took 2.83s 
69431      INFO  main            d.u.i.k.p.i.AbstractProblemLoader Replaying proof Arrays[Arrays::fill([I,int)].JML normal_behavior operation contract.0 
69455      DEBUG main            d.u.i.k.p.i.IntermediateProofReplayer Proof replay took 21.59ms 
69456      DEBUG main            d.u.i.k.p.r.p.TestFile    ... success: reloaded. 
69457      INFO  main            d.u.i.k.p.r.p.TestFile    Now processing file /home/runner/work/key/key/key.core/../key.ui/examples/redux/arrays/Arrays.fill.float.key 
69457      INFO  main            d.u.i.k.p.i.AbstractProblemLoader Loading environment from /home/runner/work/key/key/key.core/../key.ui/examples/redux/arrays/Arrays.fill.float.key 
69457      DEBUG main            d.u.i.k.p.i.AbstractProblemLoader Environment load took 157.6ns 
69458      INFO  main            d.u.i.k.p.i.AbstractProblemLoader Creating init config 
72346      DEBUG main            d.u.i.k.p.i.AbstractProblemLoader Init config took 2.89s 
72382      INFO  main            d.u.i.k.p.i.AbstractProblemLoader Replaying proof Arrays[Arrays::fill([F,float)].JML normal_behavior operation contract.0 
72383      DEBUG main            d.u.i.k.p.i.IntermediateProofReplayer Proof replay took 6.5ns 
72587      INFO  main            d.u.i.k.p.r.p.TestFile    ... finished proof: closed. 
72762      INFO  main            d.u.i.k.p.i.AbstractProblemLoader Loading environment from /home/runner/work/key/key/key.core/../key.ui/examples/redux/arrays/Arrays.fill.float.key.proof 
72762      DEBUG main            d.u.i.k.p.i.AbstractProblemLoader Environment load took 120.8ns 
72763      INFO  main            d.u.i.k.p.i.AbstractProblemLoader Creating init config 
75533      DEBUG main            d.u.i.k.p.i.AbstractProblemLoader Init config took 2.77s 
75569      INFO  main            d.u.i.k.p.i.AbstractProblemLoader Replaying proof Arrays[Arrays::fill([F,float)].JML normal_behavior operation contract.0 
75601      DEBUG main            d.u.i.k.p.i.IntermediateProofReplayer Proof replay took 29.5ms 
75602      DEBUG main            d.u.i.k.p.r.p.TestFile    ... success: reloaded. 
75603      INFO  main            d.u.i.k.p.r.p.TestFile    Now processing file /home/runner/work/key/key/key.core/../key.ui/examples/redux/arrays/Arrays.fillFromTo.key 
75603      INFO  main            d.u.i.k.p.i.AbstractProblemLoader Loading environment from /home/runner/work/key/key/key.core/../key.ui/examples/redux/arrays/Arrays.fillFromTo.key 
75604      DEBUG main            d.u.i.k.p.i.AbstractProblemLoader Environment load took 156.2ns 
75604      INFO  main            d.u.i.k.p.i.AbstractProblemLoader Creating init config 
78427      DEBUG main            d.u.i.k.p.i.AbstractProblemLoader Init config took 2.82s 
78478      INFO  main            d.u.i.k.p.i.AbstractProblemLoader Replaying proof Arrays[Arrays::fill([I,int,int,int)].JML normal_behavior operation contract.0 
78482      DEBUG main            d.u.i.k.p.i.IntermediateProofReplayer Proof replay took 6.9ns 
78988      INFO  main            d.u.i.k.p.r.p.TestFile    ... finished proof: closed. 
79192      INFO  main            d.u.i.k.p.i.AbstractProblemLoader Loading environment from /home/runner/work/key/key/key.core/../key.ui/examples/redux/arrays/Arrays.fillFromTo.key.proof 
79194      DEBUG main            d.u.i.k.p.i.AbstractProblemLoader Environment load took 1.76ms 
79195      INFO  main            d.u.i.k.p.i.AbstractProblemLoader Creating init config 
82002      DEBUG main            d.u.i.k.p.i.AbstractProblemLoader Init config took 2.81s 
82043      INFO  main            d.u.i.k.p.i.AbstractProblemLoader Replaying proof Arrays[Arrays::fill([I,int,int,int)].JML normal_behavior operation contract.0 
82121      DEBUG main            d.u.i.k.p.i.IntermediateProofReplayer Proof replay took 74.34ms 
82123      DEBUG main            d.u.i.k.p.r.p.TestFile    ... success: reloaded. 
82123      INFO  main            d.u.i.k.p.r.p.TestFile    Now processing file /home/runner/work/key/key/key.core/../key.ui/examples/redux/arrays/Arrays.fillFromTo.float.key 
82123      INFO  main            d.u.i.k.p.i.AbstractProblemLoader Loading environment from /home/runner/work/key/key/key.core/../key.ui/examples/redux/arrays/Arrays.fillFromTo.float.key 
82124      DEBUG main            d.u.i.k.p.i.AbstractProblemLoader Environment load took 82.8ns 
82124      INFO  main            d.u.i.k.p.i.AbstractProblemLoader Creating init config 
84939      DEBUG main            d.u.i.k.p.i.AbstractProblemLoader Init config took 2.81s 
84974      INFO  main            d.u.i.k.p.i.AbstractProblemLoader Replaying proof Arrays[Arrays::fill([F,int,int,float)].JML normal_behavior operation contract.0 
84975      DEBUG main            d.u.i.k.p.i.IntermediateProofReplayer Proof replay took 5.6ns 
85579      INFO  main            d.u.i.k.p.r.p.TestFile    ... finished proof: closed. 
85791      INFO  main            d.u.i.k.p.i.AbstractProblemLoader Loading environment from /home/runner/work/key/key/key.core/../key.ui/examples/redux/arrays/Arrays.fillFromTo.float.key.proof 
85791      DEBUG main            d.u.i.k.p.i.AbstractProblemLoader Environment load took 318.9ns 
85792      INFO  main            d.u.i.k.p.i.AbstractProblemLoader Creating init config 
88588      DEBUG main            d.u.i.k.p.i.AbstractProblemLoader Init config took 2.8s 
88623      INFO  main            d.u.i.k.p.i.AbstractProblemLoader Replaying proof Arrays[Arrays::fill([F,int,int,float)].JML normal_behavior operation contract.0 
88732      DEBUG main            d.u.i.k.p.i.IntermediateProofReplayer Proof replay took 105.09ms 
88733      DEBUG main            d.u.i.k.p.r.p.TestFile    ... success: reloaded. 
88734      INFO  main            d.u.i.k.p.r.p.TestFile    Now processing file /home/runner/work/key/key/key.core/../key.ui/examples/redux/arrays/ArrayCopy.arraycopy.normal.0.key 
88734      INFO  main            d.u.i.k.p.i.AbstractProblemLoader Loading environment from /home/runner/work/key/key/key.core/../key.ui/examples/redux/arrays/ArrayCopy.arraycopy.normal.0.key 
88734      DEBUG main            d.u.i.k.p.i.AbstractProblemLoader Environment load took 82.1ns 
88735      INFO  main            d.u.i.k.p.i.AbstractProblemLoader Creating init config 
91545      DEBUG main            d.u.i.k.p.i.AbstractProblemLoader Init config took 2.81s 
91580      INFO  main            d.u.i.k.p.i.AbstractProblemLoader Replaying proof ArrayCopy[ArrayCopy::arraycopy(java.lang.Object,int,java.lang.Object,int,int)].JML normal_behavior operation contract.0 
91581      DEBUG main            d.u.i.k.p.i.IntermediateProofReplayer Proof replay took 6.3ns 
97420      INFO  main            d.u.i.k.p.r.p.TestFile    ... finished proof: closed. 
97683      INFO  main            d.u.i.k.p.i.AbstractProblemLoader Loading environment from /home/runner/work/key/key/key.core/../key.ui/examples/redux/arrays/ArrayCopy.arraycopy.normal.0.key.proof 
97683      DEBUG main            d.u.i.k.p.i.AbstractProblemLoader Environment load took 325.2ns 
97685      INFO  main            d.u.i.k.p.i.AbstractProblemLoader Creating init config 
100443     DEBUG main            d.u.i.k.p.i.AbstractProblemLoader Init config took 2.76s 
100477     INFO  main            d.u.i.k.p.i.AbstractProblemLoader Replaying proof ArrayCopy[ArrayCopy::arraycopy(java.lang.Object,int,java.lang.Object,int,int)].JML normal_behavior operation contract.0 
101068     DEBUG main            d.u.i.k.p.i.IntermediateProofReplayer Proof replay took 576.85ms 
101070     DEBUG main            d.u.i.k.p.r.p.TestFile    ... success: reloaded. 
101071     INFO  main            d.u.i.k.p.r.p.TestFile    Now processing file /home/runner/work/key/key/key.core/../key.ui/examples/redux/arrays/ArrayCopy.arraycopy.exceptional.0.key 
101071     INFO  main            d.u.i.k.p.i.AbstractProblemLoader Loading environment from /home/runner/work/key/key/key.core/../key.ui/examples/redux/arrays/ArrayCopy.arraycopy.exceptional.0.key 
101071     DEBUG main            d.u.i.k.p.i.AbstractProblemLoader Environment load took 152ns 
101072     INFO  main            d.u.i.k.p.i.AbstractProblemLoader Creating init config 
103917     DEBUG main            d.u.i.k.p.i.AbstractProblemLoader Init config took 2.85s 
103950     INFO  main            d.u.i.k.p.i.AbstractProblemLoader Replaying proof ArrayCopy[ArrayCopy::arraycopy(java.lang.Object,int,java.lang.Object,int,int)].JML exceptional_behavior operation contract.0 
103952     DEBUG main            d.u.i.k.p.i.IntermediateProofReplayer Proof replay took 6.1ns 
104255     INFO  main            d.u.i.k.p.r.p.TestFile    ... finished proof: closed. 
104501     INFO  main            d.u.i.k.p.i.AbstractProblemLoader Loading environment from /home/runner/work/key/key/key.core/../key.ui/examples/redux/arrays/ArrayCopy.arraycopy.exceptional.0.key.proof 
104501     DEBUG main            d.u.i.k.p.i.AbstractProblemLoader Environment load took 113ns 
104502     INFO  main            d.u.i.k.p.i.AbstractProblemLoader Creating init config 
107237     DEBUG main            d.u.i.k.p.i.AbstractProblemLoader Init config took 2.73s 
107271     INFO  main            d.u.i.k.p.i.AbstractProblemLoader Replaying proof ArrayCopy[ArrayCopy::arraycopy(java.lang.Object,int,java.lang.Object,int,int)].JML exceptional_behavior operation contract.0 
107371     DEBUG main            d.u.i.k.p.i.IntermediateProofReplayer Proof replay took 91.89ms 
107373     DEBUG main            d.u.i.k.p.r.p.TestFile    ... success: reloaded. 
107374     INFO  main            d.u.i.k.p.r.p.TestFile    Now processing file /home/runner/work/key/key/key.core/../key.ui/examples/redux/arrays/ArrayCopy.arraycopy.exceptional.1.key 
107374     INFO  main            d.u.i.k.p.i.AbstractProblemLoader Loading environment from /home/runner/work/key/key/key.core/../key.ui/examples/redux/arrays/ArrayCopy.arraycopy.exceptional.1.key 
107374     DEBUG main            d.u.i.k.p.i.AbstractProblemLoader Environment load took 157.1ns 
107376     INFO  main            d.u.i.k.p.i.AbstractProblemLoader Creating init config 
110245     DEBUG main            d.u.i.k.p.i.AbstractProblemLoader Init config took 2.87s 
110278     INFO  main            d.u.i.k.p.i.AbstractProblemLoader Replaying proof ArrayCopy[ArrayCopy::arraycopy(java.lang.Object,int,java.lang.Object,int,int)].JML exceptional_behavior operation contract.1 
110279     DEBUG main            d.u.i.k.p.i.IntermediateProofReplayer Proof replay took 5.9ns 
116005     INFO  main            d.u.i.k.p.r.p.TestFile    ... finished proof: closed. 
116233     INFO  main            d.u.i.k.p.i.AbstractProblemLoader Loading environment from /home/runner/work/key/key/key.core/../key.ui/examples/redux/arrays/ArrayCopy.arraycopy.exceptional.1.key.proof 
116234     DEBUG main            d.u.i.k.p.i.AbstractProblemLoader Environment load took 325.4ns 
116236     INFO  main            d.u.i.k.p.i.AbstractProblemLoader Creating init config 
119004     DEBUG main            d.u.i.k.p.i.AbstractProblemLoader Init config took 2.77s 
119036     INFO  main            d.u.i.k.p.i.AbstractProblemLoader Replaying proof ArrayCopy[ArrayCopy::arraycopy(java.lang.Object,int,java.lang.Object,int,int)].JML exceptional_behavior operation contract.1 
120135     DEBUG main            d.u.i.k.p.i.IntermediateProofReplayer Proof replay took 1.08s 
120137     DEBUG main            d.u.i.k.p.r.p.TestFile    ... success: reloaded. 
5013561    INFO  Test worker     d.u.i.k.p.r.p.StatisticsFile Returning from test redux 
]]></system-out>
  <system-err><![CDATA[]]></system-err>
</testsuite>
