<?xml version="1.0" encoding="UTF-8"?>
<testsuite name="de.uka.ilkd.key.taclettranslation.TestTacletTranslator" tests="5" skipped="0" failures="0" errors="0" timestamp="2023-06-12T07:23:00" hostname="fv-az613-599" time="0.01">
  <properties/>
  <testcase name="testPropositional1()" classname="de.uka.ilkd.key.taclettranslation.TestTacletTranslator" time="0.005"/>
  <testcase name="testPropositional2()" classname="de.uka.ilkd.key.taclettranslation.TestTacletTranslator" time="0.001"/>
  <testcase name="testNegativePolarity()" classname="de.uka.ilkd.key.taclettranslation.TestTacletTranslator" time="0.001"/>
  <testcase name="testNoPolarity()" classname="de.uka.ilkd.key.taclettranslation.TestTacletTranslator" time="0.001"/>
  <testcase name="testPositivePolarity()" classname="de.uka.ilkd.key.taclettranslation.TestTacletTranslator" time="0.001"/>
  <system-out><![CDATA[1303124    INFO  Test worker     d.u.i.k.n.KeyIO           Parsing took 0 ms 
1303125    DEBUG Test worker     d.u.i.k.n.KeyIO           Load declarations of de.uka.ilkd.key.nparser.KeyAst$File:  <unknown>:1#1 
1303125    INFO  Test worker     d.u.i.k.n.KeyIO           MODE: declarations took 0 ms 
1303125    DEBUG Test worker     d.u.i.k.n.KeyIO           MODE: 2nd degree decls took 0 
1303125    DEBUG Test worker     d.u.i.k.n.KeyIO           MODE: taclets took 0ms 
1303129    INFO  Test worker     d.u.i.k.n.KeyIO           Parsing took 0 ms 
1303129    DEBUG Test worker     d.u.i.k.n.KeyIO           Load declarations of de.uka.ilkd.key.nparser.KeyAst$File:  <unknown>:1#1 
1303129    INFO  Test worker     d.u.i.k.n.KeyIO           MODE: declarations took 0 ms 
1303129    DEBUG Test worker     d.u.i.k.n.KeyIO           MODE: 2nd degree decls took 0 
1303129    DEBUG Test worker     d.u.i.k.n.KeyIO           MODE: taclets took 0ms 
1303131    INFO  Test worker     d.u.i.k.n.KeyIO           Parsing took 1 ms 
1303131    DEBUG Test worker     d.u.i.k.n.KeyIO           Load declarations of de.uka.ilkd.key.nparser.KeyAst$File:  <unknown>:1#1 
1303131    INFO  Test worker     d.u.i.k.n.KeyIO           MODE: declarations took 0 ms 
1303131    DEBUG Test worker     d.u.i.k.n.KeyIO           MODE: 2nd degree decls took 0 
1303131    DEBUG Test worker     d.u.i.k.n.KeyIO           MODE: taclets took 0ms 
1303132    INFO  Test worker     d.u.i.k.n.KeyIO           Parsing took 0 ms 
1303132    DEBUG Test worker     d.u.i.k.n.KeyIO           Load declarations of de.uka.ilkd.key.nparser.KeyAst$File:  <unknown>:1#1 
1303132    INFO  Test worker     d.u.i.k.n.KeyIO           MODE: declarations took 0 ms 
1303132    DEBUG Test worker     d.u.i.k.n.KeyIO           MODE: 2nd degree decls took 0 
1303132    DEBUG Test worker     d.u.i.k.n.KeyIO           MODE: taclets took 0ms 
1303133    INFO  Test worker     d.u.i.k.n.KeyIO           Parsing took 0 ms 
1303133    DEBUG Test worker     d.u.i.k.n.KeyIO           Load declarations of de.uka.ilkd.key.nparser.KeyAst$File:  <unknown>:1#1 
1303133    INFO  Test worker     d.u.i.k.n.KeyIO           MODE: declarations took 0 ms 
1303133    DEBUG Test worker     d.u.i.k.n.KeyIO           MODE: 2nd degree decls took 0 
1303133    DEBUG Test worker     d.u.i.k.n.KeyIO           MODE: taclets took 0ms 
]]></system-out>
  <system-err><![CDATA[]]></system-err>
</testsuite>
