<?xml version="1.0" encoding="UTF-8"?>
<testsuite name="de.uka.ilkd.key.parser.TestParser" tests="5" skipped="1" failures="0" errors="0" timestamp="2023-06-12T07:09:15" hostname="fv-az613-599" time="7.732">
  <properties/>
  <testcase name="testConstantEvaluationError()" classname="de.uka.ilkd.key.parser.TestParser" time="1.554"/>
  <testcase name="testGenericSort()" classname="de.uka.ilkd.key.parser.TestParser" time="0.002"/>
  <testcase name="testIssue1566()" classname="de.uka.ilkd.key.parser.TestParser" time="4.737"/>
  <testcase name="testIssue39()" classname="de.uka.ilkd.key.parser.TestParser" time="1.436"/>
  <testcase name="testRelativeInclude()" classname="de.uka.ilkd.key.parser.TestParser" time="0.002">
    <skipped/>
  </testcase>
  <system-out><![CDATA[478678     INFO  Test worker     d.u.i.k.p.i.AbstractProblemLoader Loading environment from src/test/resources/testcase/parserErrorTest/AssignToArray.java 
478678     DEBUG Test worker     d.u.i.k.p.i.AbstractProblemLoader Environment load took 84.7ns 
478679     INFO  Test worker     d.u.i.k.p.i.AbstractProblemLoader Creating init config 
480231     INFO  Test worker     d.u.i.k.n.KeyIO           Parsing took 0 ms 
480231     DEBUG Test worker     d.u.i.k.n.KeyIO           Load declarations of de.uka.ilkd.key.nparser.KeyAst$File:  <unknown>:1#1 
480232     INFO  Test worker     d.u.i.k.n.KeyIO           MODE: declarations took 1 ms 
480232     DEBUG Test worker     d.u.i.k.n.KeyIO           MODE: 2nd degree decls took 0 
480233     DEBUG Test worker     d.u.i.k.n.KeyIO           MODE: taclets took 1ms 
480233     INFO  Test worker     d.u.i.k.p.i.AbstractProblemLoader Loading environment from src/test/resources/testcase/issues/1566/a.key 
480233     DEBUG Test worker     d.u.i.k.p.i.AbstractProblemLoader Environment load took 81.3ns 
480237     INFO  Test worker     d.u.i.k.p.i.AbstractProblemLoader Creating init config 
484948     DEBUG Test worker     d.u.i.k.p.i.AbstractProblemLoader Init config took 4.71s 
484967     INFO  Test worker     d.u.i.k.p.i.AbstractProblemLoader Replaying proof a.key 
484968     DEBUG Test worker     d.u.i.k.p.i.IntermediateProofReplayer Proof replay took 10.4ns 
484970     INFO  Test worker     d.u.i.k.p.i.AbstractProblemLoader Loading environment from src/test/resources/testcase/issues/39/A.java 
484971     DEBUG Test worker     d.u.i.k.p.i.AbstractProblemLoader Environment load took 89.5ns 
484971     INFO  Test worker     d.u.i.k.p.i.AbstractProblemLoader Creating init config 
]]></system-out>
  <system-err><![CDATA[]]></system-err>
</testsuite>
