<?xml version="1.0" encoding="UTF-8"?>
<testsuite name="de.uka.ilkd.key.proof.TestOneStepSimplifier" tests="1" skipped="0" failures="0" errors="0" timestamp="2023-06-12T07:12:42" hostname="fv-az613-599" time="6.225">
  <properties/>
  <testcase name="loadWithRestriction()" classname="de.uka.ilkd.key.proof.TestOneStepSimplifier" time="6.225"/>
  <system-out><![CDATA[685650     INFO  Test worker     d.u.i.k.p.i.AbstractProblemLoader Loading environment from src/test/resources/testcase/ossRestriction.proof 
685650     DEBUG Test worker     d.u.i.k.p.i.AbstractProblemLoader Environment load took 121.7ns 
685652     INFO  Test worker     d.u.i.k.p.i.AbstractProblemLoader Creating init config 
685860     DEBUG Test worker     d.u.i.k.j.TypeConverter   No LDT found for Meta 
685860     DEBUG Test worker     d.u.i.k.j.TypeConverter   No LDT found for Meta 
685861     DEBUG Test worker     d.u.i.k.j.TypeConverter   No LDT found for Meta 
685861     DEBUG Test worker     d.u.i.k.j.TypeConverter   No LDT found for Meta 
686680     DEBUG Test worker     d.u.i.k.j.TypeConverter   No LDT found for JavaBigintExpression 
691841     DEBUG Test worker     d.u.i.k.p.i.AbstractProblemLoader Init config took 6.19s 
691870     INFO  Test worker     d.u.i.k.p.i.AbstractProblemLoader Replaying proof ossRestriction.proof 
691874     DEBUG Test worker     d.u.i.k.p.i.IntermediateProofReplayer Proof replay took 1.1ms 
]]></system-out>
  <system-err><![CDATA[]]></system-err>
</testsuite>
