<?xml version="1.0" encoding="UTF-8"?>
<testsuite name="de.uka.ilkd.key.rule.loop.LoopScopeInvRuleTests" tests="1" skipped="0" failures="0" errors="0" timestamp="2023-06-12T07:13:46" hostname="fv-az613-599" time="7.046">
  <properties/>
  <testcase name="testDoAutomaticProofOfBenchmarkWithLabeledBreaksAndContinues()" classname="de.uka.ilkd.key.rule.loop.LoopScopeInvRuleTests" time="7.046"/>
  <system-out><![CDATA[748843     INFO  Test worker     d.u.i.k.p.i.AbstractProblemLoader Loading environment from src/test/resources/testcase/loopScopeInvRule/Test.key 
748843     DEBUG Test worker     d.u.i.k.p.i.AbstractProblemLoader Environment load took 97.6ns 
748844     INFO  Test worker     d.u.i.k.p.i.AbstractProblemLoader Creating init config 
749049     DEBUG Test worker     d.u.i.k.j.TypeConverter   No LDT found for Meta 
749049     DEBUG Test worker     d.u.i.k.j.TypeConverter   No LDT found for Meta 
749050     DEBUG Test worker     d.u.i.k.j.TypeConverter   No LDT found for Meta 
749050     DEBUG Test worker     d.u.i.k.j.TypeConverter   No LDT found for Meta 
749825     DEBUG Test worker     d.u.i.k.j.TypeConverter   No LDT found for JavaBigintExpression 
755096     DEBUG Test worker     d.u.i.k.p.i.AbstractProblemLoader Init config took 6.25s 
755148     INFO  Test worker     d.u.i.k.p.i.AbstractProblemLoader Replaying proof Test[Test::loopScopeRuleBenchmark(int,boolean)].JML normal_behavior operation contract.0 
755151     DEBUG Test worker     d.u.i.k.p.i.IntermediateProofReplayer Proof replay took 18.2ns 
]]></system-out>
  <system-err><![CDATA[]]></system-err>
</testsuite>
