<?xml version="1.0" encoding="UTF-8"?>
<testsuite name="de.uka.ilkd.key.java.TestContextStatementBlock" tests="1" skipped="0" failures="0" errors="0" timestamp="2023-06-12T07:01:56" hostname="fv-az613-599" time="2.055">
  <properties/>
  <testcase name="testContextTermInstantiation()" classname="de.uka.ilkd.key.java.TestContextStatementBlock" time="2.055"/>
  <system-out><![CDATA[41288      INFO  Test worker     d.u.i.k.n.KeyIO           Parsing took 7 ms 
41289      DEBUG Test worker     d.u.i.k.n.KeyIO           Load declarations of de.uka.ilkd.key.nparser.KeyAst$File:  /home/runner/work/key/key/key.core/src/test/resources/testcase/testrules.key:9#1 
41291      INFO  Test worker     d.u.i.k.n.KeyIO           MODE: declarations took 2 ms 
41292      DEBUG Test worker     d.u.i.k.n.KeyIO           MODE: 2nd degree decls took 1 
41405      DEBUG Test worker     d.u.i.k.n.KeyIO           MODE: taclets took 101ms 
]]></system-out>
  <system-err><![CDATA[]]></system-err>
</testsuite>
