<?xml version="1.0" encoding="UTF-8"?>
<testsuite name="de.uka.ilkd.key.rule.merge.PredicateAbstractionLatticeTests" tests="3" skipped="0" failures="0" errors="0" timestamp="2023-06-12T07:15:43" hostname="fv-az613-599" time="9.483">
  <properties/>
  <testcase name="testToAndFromString()" classname="de.uka.ilkd.key.rule.merge.PredicateAbstractionLatticeTests" time="4.77"/>
  <testcase name="testCreateSignLatticeWithPredicates()" classname="de.uka.ilkd.key.rule.merge.PredicateAbstractionLatticeTests" time="4.713"/>
  <testcase name="testTrivialPredicatesLattice()" classname="de.uka.ilkd.key.rule.merge.PredicateAbstractionLatticeTests" time="0.0"/>
  <system-out><![CDATA[865908     INFO  Test worker     d.u.i.k.p.i.AbstractProblemLoader Loading environment from src/test/resources/testcase/merge/dummy.key 
865908     DEBUG Test worker     d.u.i.k.p.i.AbstractProblemLoader Environment load took 291.4ns 
865909     INFO  Test worker     d.u.i.k.p.i.AbstractProblemLoader Creating init config 
870658     DEBUG Test worker     d.u.i.k.p.i.AbstractProblemLoader Init config took 4.75s 
870674     INFO  Test worker     d.u.i.k.p.i.AbstractProblemLoader Replaying proof dummy.key 
870676     DEBUG Test worker     d.u.i.k.p.i.IntermediateProofReplayer Proof replay took 35.4ns 
870677     INFO  Test worker     d.u.i.k.p.i.AbstractProblemLoader Loading environment from src/test/resources/testcase/merge/dummy.key 
870677     DEBUG Test worker     d.u.i.k.p.i.AbstractProblemLoader Environment load took 66.5ns 
870678     INFO  Test worker     d.u.i.k.p.i.AbstractProblemLoader Creating init config 
875370     DEBUG Test worker     d.u.i.k.p.i.AbstractProblemLoader Init config took 4.69s 
875387     INFO  Test worker     d.u.i.k.p.i.AbstractProblemLoader Replaying proof dummy.key 
875388     DEBUG Test worker     d.u.i.k.p.i.IntermediateProofReplayer Proof replay took 4.6ns 
]]></system-out>
  <system-err><![CDATA[]]></system-err>
</testsuite>
