<?xml version="1.0" encoding="UTF-8"?>
<testsuite name="de.uka.ilkd.key.parser.TestDeclParser" tests="14" skipped="2" failures="0" errors="0" timestamp="2023-06-12T07:06:57" hostname="fv-az613-599" time="17.504">
  <properties/>
  <testcase name="testGenericSortDecl1()" classname="de.uka.ilkd.key.parser.TestDeclParser" time="1.553"/>
  <testcase name="testGenericSortDecl2()" classname="de.uka.ilkd.key.parser.TestDeclParser" time="1.597"/>
  <testcase name="testGenericSortDecl3()" classname="de.uka.ilkd.key.parser.TestDeclParser" time="1.416"/>
  <testcase name="testGenericSortDecl4()" classname="de.uka.ilkd.key.parser.TestDeclParser" time="1.425"/>
  <testcase name="testGenericSortDecl5()" classname="de.uka.ilkd.key.parser.TestDeclParser" time="0.0">
    <skipped/>
  </testcase>
  <testcase name="testGenericSortDecl6()" classname="de.uka.ilkd.key.parser.TestDeclParser" time="1.421"/>
  <testcase name="testSortDecl()" classname="de.uka.ilkd.key.parser.TestDeclParser" time="1.387"/>
  <testcase name="testProxySortDecl()" classname="de.uka.ilkd.key.parser.TestDeclParser" time="1.417"/>
  <testcase name="testArrayDecl()" classname="de.uka.ilkd.key.parser.TestDeclParser" time="1.442"/>
  <testcase name="testAmbiguousDecls()" classname="de.uka.ilkd.key.parser.TestDeclParser" time="0.0">
    <skipped/>
  </testcase>
  <testcase name="testHeurDecl()" classname="de.uka.ilkd.key.parser.TestDeclParser" time="1.428"/>
  <testcase name="testFunctionDecl()" classname="de.uka.ilkd.key.parser.TestDeclParser" time="1.519"/>
  <testcase name="testPredicateDecl()" classname="de.uka.ilkd.key.parser.TestDeclParser" time="1.459"/>
  <testcase name="testSVDecl()" classname="de.uka.ilkd.key.parser.TestDeclParser" time="1.436"/>
  <system-out><![CDATA[341937     INFO  Test worker     d.u.i.k.n.KeyIO           Parsing took 0 ms 
341937     DEBUG Test worker     d.u.i.k.n.KeyIO           Load declarations of de.uka.ilkd.key.nparser.KeyAst$File:  <unknown>:1#1 
341937     INFO  Test worker     d.u.i.k.n.KeyIO           MODE: declarations took 0 ms 
341937     DEBUG Test worker     d.u.i.k.n.KeyIO           MODE: 2nd degree decls took 0 
341937     DEBUG Test worker     d.u.i.k.n.KeyIO           MODE: taclets took 0ms 
343535     INFO  Test worker     d.u.i.k.n.KeyIO           Parsing took 0 ms 
343535     DEBUG Test worker     d.u.i.k.n.KeyIO           Load declarations of de.uka.ilkd.key.nparser.KeyAst$File:  <unknown>:1#1 
343535     INFO  Test worker     d.u.i.k.n.KeyIO           MODE: declarations took 0 ms 
343535     DEBUG Test worker     d.u.i.k.n.KeyIO           MODE: 2nd degree decls took 0 
343536     DEBUG Test worker     d.u.i.k.n.KeyIO           MODE: taclets took 0ms 
344952     INFO  Test worker     d.u.i.k.n.KeyIO           Parsing took 0 ms 
344952     DEBUG Test worker     d.u.i.k.n.KeyIO           Load declarations of de.uka.ilkd.key.nparser.KeyAst$File:  <unknown>:1#1 
344952     INFO  Test worker     d.u.i.k.n.KeyIO           MODE: declarations took 0 ms 
344952     DEBUG Test worker     d.u.i.k.n.KeyIO           MODE: 2nd degree decls took 0 
344953     DEBUG Test worker     d.u.i.k.n.KeyIO           MODE: taclets took 0ms 
346377     INFO  Test worker     d.u.i.k.n.KeyIO           Parsing took 0 ms 
346377     DEBUG Test worker     d.u.i.k.n.KeyIO           Load declarations of de.uka.ilkd.key.nparser.KeyAst$File:  <unknown>:1#1 
346378     INFO  Test worker     d.u.i.k.n.KeyIO           MODE: declarations took 1 ms 
346378     DEBUG Test worker     d.u.i.k.n.KeyIO           MODE: 2nd degree decls took 0 
346378     DEBUG Test worker     d.u.i.k.n.KeyIO           MODE: taclets took 0ms 
347799     INFO  Test worker     d.u.i.k.n.KeyIO           Parsing took 0 ms 
347799     DEBUG Test worker     d.u.i.k.n.KeyIO           Load declarations of de.uka.ilkd.key.nparser.KeyAst$File:  <unknown>:1#1 
347799     INFO  Test worker     d.u.i.k.n.KeyIO           MODE: declarations took 0 ms 
347799     DEBUG Test worker     d.u.i.k.n.KeyIO           MODE: 2nd degree decls took 0 
347799     DEBUG Test worker     d.u.i.k.n.KeyIO           MODE: taclets took 0ms 
349186     INFO  Test worker     d.u.i.k.n.KeyIO           Parsing took 0 ms 
349186     DEBUG Test worker     d.u.i.k.n.KeyIO           Load declarations of de.uka.ilkd.key.nparser.KeyAst$File:  <unknown>:1#1 
349186     INFO  Test worker     d.u.i.k.n.KeyIO           MODE: declarations took 0 ms 
349186     DEBUG Test worker     d.u.i.k.n.KeyIO           MODE: 2nd degree decls took 0 
349186     DEBUG Test worker     d.u.i.k.n.KeyIO           MODE: taclets took 0ms 
350603     INFO  Test worker     d.u.i.k.n.KeyIO           Parsing took 0 ms 
350603     DEBUG Test worker     d.u.i.k.n.KeyIO           Load declarations of de.uka.ilkd.key.nparser.KeyAst$File:  <unknown>:1#1 
350604     INFO  Test worker     d.u.i.k.n.KeyIO           MODE: declarations took 1 ms 
350604     DEBUG Test worker     d.u.i.k.n.KeyIO           MODE: 2nd degree decls took 0 
350604     DEBUG Test worker     d.u.i.k.n.KeyIO           MODE: taclets took 0ms 
352044     INFO  Test worker     d.u.i.k.n.KeyIO           Parsing took 0 ms 
352044     DEBUG Test worker     d.u.i.k.n.KeyIO           Load declarations of de.uka.ilkd.key.nparser.KeyAst$File:  <unknown>:1#1 
352044     INFO  Test worker     d.u.i.k.n.KeyIO           MODE: declarations took 0 ms 
352045     DEBUG Test worker     d.u.i.k.n.KeyIO           MODE: 2nd degree decls took 1 
352045     DEBUG Test worker     d.u.i.k.n.KeyIO           MODE: taclets took 0ms 
353472     INFO  Test worker     d.u.i.k.n.KeyIO           Parsing took 0 ms 
353472     DEBUG Test worker     d.u.i.k.n.KeyIO           Load declarations of de.uka.ilkd.key.nparser.KeyAst$File:  <unknown>:1#1 
353473     INFO  Test worker     d.u.i.k.n.KeyIO           MODE: declarations took 1 ms 
353473     DEBUG Test worker     d.u.i.k.n.KeyIO           MODE: 2nd degree decls took 0 
353473     DEBUG Test worker     d.u.i.k.n.KeyIO           MODE: taclets took 0ms 
354990     INFO  Test worker     d.u.i.k.n.KeyIO           Parsing took 0 ms 
354991     DEBUG Test worker     d.u.i.k.n.KeyIO           Load declarations of de.uka.ilkd.key.nparser.KeyAst$File:  <unknown>:1#1 
354992     INFO  Test worker     d.u.i.k.n.KeyIO           MODE: declarations took 1 ms 
354992     DEBUG Test worker     d.u.i.k.n.KeyIO           MODE: 2nd degree decls took 0 
354993     DEBUG Test worker     d.u.i.k.n.KeyIO           MODE: taclets took 0ms 
356452     INFO  Test worker     d.u.i.k.n.KeyIO           Parsing took 0 ms 
356452     DEBUG Test worker     d.u.i.k.n.KeyIO           Load declarations of de.uka.ilkd.key.nparser.KeyAst$File:  <unknown>:1#1 
356452     INFO  Test worker     d.u.i.k.n.KeyIO           MODE: declarations took 0 ms 
356453     DEBUG Test worker     d.u.i.k.n.KeyIO           MODE: 2nd degree decls took 0 
356453     DEBUG Test worker     d.u.i.k.n.KeyIO           MODE: taclets took 0ms 
357888     INFO  Test worker     d.u.i.k.n.KeyIO           Parsing took 0 ms 
357889     DEBUG Test worker     d.u.i.k.n.KeyIO           Load declarations of de.uka.ilkd.key.nparser.KeyAst$File:  <unknown>:1#1 
357889     INFO  Test worker     d.u.i.k.n.KeyIO           MODE: declarations took 0 ms 
357889     DEBUG Test worker     d.u.i.k.n.KeyIO           MODE: 2nd degree decls took 0 
357889     DEBUG Test worker     d.u.i.k.n.KeyIO           MODE: taclets took 0ms 
]]></system-out>
  <system-err><![CDATA[]]></system-err>
</testsuite>
