<?xml version="1.0" encoding="UTF-8"?>
<testsuite name="de.uka.ilkd.key.parser.TestTermParserSorts" tests="2" skipped="0" failures="0" errors="0" timestamp="2023-06-12T07:12:38" hostname="fv-az613-599" time="4.85">
  <properties/>
  <testcase name="testParseIntegerArgs()" classname="de.uka.ilkd.key.parser.TestTermParserSorts" time="0.032"/>
  <testcase name="testParseSequencePrettySyntax()" classname="de.uka.ilkd.key.parser.TestTermParserSorts" time="0.002"/>
  <system-out><![CDATA[680771     INFO  Test worker     d.u.i.k.n.KeyIO           Parsing took 0 ms 
680772     DEBUG Test worker     d.u.i.k.n.KeyIO           Load declarations of de.uka.ilkd.key.nparser.KeyAst$File:  <unknown>:1#1 
680772     INFO  Test worker     d.u.i.k.n.KeyIO           MODE: declarations took 0 ms 
680772     DEBUG Test worker     d.u.i.k.n.KeyIO           MODE: 2nd degree decls took 0 
680773     INFO  Test worker     d.u.i.k.n.KeyIO           Parsing took 0 ms 
680773     DEBUG Test worker     d.u.i.k.n.KeyIO           Load declarations of de.uka.ilkd.key.nparser.KeyAst$File:  <unknown>:1#1 
680773     INFO  Test worker     d.u.i.k.n.KeyIO           MODE: declarations took 0 ms 
680773     DEBUG Test worker     d.u.i.k.n.KeyIO           MODE: 2nd degree decls took 0 
680774     INFO  Test worker     d.u.i.k.n.KeyIO           Parsing took 0 ms 
680774     DEBUG Test worker     d.u.i.k.n.KeyIO           Load declarations of de.uka.ilkd.key.nparser.KeyAst$File:  <unknown>:1#1 
680774     INFO  Test worker     d.u.i.k.n.KeyIO           MODE: declarations took 0 ms 
680774     DEBUG Test worker     d.u.i.k.n.KeyIO           MODE: 2nd degree decls took 0 
685616     INFO  Test worker     d.u.i.k.n.KeyIO           Parsing took 0 ms 
685616     DEBUG Test worker     d.u.i.k.n.KeyIO           Load declarations of de.uka.ilkd.key.nparser.KeyAst$File:  <unknown>:1#1 
685616     INFO  Test worker     d.u.i.k.n.KeyIO           MODE: declarations took 0 ms 
685616     DEBUG Test worker     d.u.i.k.n.KeyIO           MODE: 2nd degree decls took 0 
685617     INFO  Test worker     d.u.i.k.n.KeyIO           Parsing took 0 ms 
685617     DEBUG Test worker     d.u.i.k.n.KeyIO           Load declarations of de.uka.ilkd.key.nparser.KeyAst$File:  <unknown>:1#1 
685617     INFO  Test worker     d.u.i.k.n.KeyIO           MODE: declarations took 0 ms 
685617     DEBUG Test worker     d.u.i.k.n.KeyIO           MODE: 2nd degree decls took 0 
685617     INFO  Test worker     d.u.i.k.n.KeyIO           Parsing took 0 ms 
685617     DEBUG Test worker     d.u.i.k.n.KeyIO           Load declarations of de.uka.ilkd.key.nparser.KeyAst$File:  <unknown>:1#1 
685617     INFO  Test worker     d.u.i.k.n.KeyIO           MODE: declarations took 0 ms 
685617     DEBUG Test worker     d.u.i.k.n.KeyIO           MODE: 2nd degree decls took 0 
]]></system-out>
  <system-err><![CDATA[]]></system-err>
</testsuite>
