<?xml version="1.0" encoding="UTF-8"?>
<testsuite name="de.uka.ilkd.key.java.TestRecoder2KeY" tests="4" skipped="1" failures="0" errors="0" timestamp="2023-06-12T07:02:14" hostname="fv-az613-599" time="0.748">
  <properties/>
  <testcase name="xtestFileInput()" classname="de.uka.ilkd.key.java.TestRecoder2KeY" time="0.001">
    <skipped/>
  </testcase>
  <testcase name="testJClasses()" classname="de.uka.ilkd.key.java.TestRecoder2KeY" time="0.662"/>
  <testcase name="testReadBlockWithContext()" classname="de.uka.ilkd.key.java.TestRecoder2KeY" time="0.005"/>
  <testcase name="testJBlocks()" classname="de.uka.ilkd.key.java.TestRecoder2KeY" time="0.073"/>
  <system-out><![CDATA[57568      DEBUG Test worker     d.u.i.k.j.Recoder2KeY     Reading class A1 { public A1() { }}  
57636      DEBUG Test worker     d.u.i.k.j.Recoder2KeY     Reading package qwe.rty; import qwe.rty.A; import dfg.hjk.*; import java.util.*;public abstract class A implements Z{static {d=3; Object v = new Object()[...] 
57772      DEBUG Test worker     d.u.i.k.j.Recoder2KeY     Reading public class B extends Object {class E  { public E(Object s) {super();} }} 
57802      DEBUG Test worker     d.u.i.k.j.r.ClassPreparationMethodBuilder clPrepBuilder: Inner Class detected. Reject building class initialisation methods. 
57856      DEBUG Test worker     d.u.i.k.j.Recoder2KeY     Reading  class circ_A {   static int a = circ_B.b;   } class circ_B {   static int b = circ_A.a;   } 
57939      DEBUG Test worker     d.u.i.k.j.Recoder2KeY     Reading  class circ2_A {   static final int a = circ2_B.b;   } class circ2_B {   static final int b = circ2_A.a;   } 
58055      DEBUG Test worker     d.u.i.k.j.Recoder2KeY     Reading class Cycle1 { void m(Cycle2 c) {} } class Cycle2 { void m(Cycle1 c) {} } 
58139      DEBUG Test worker     d.u.i.k.j.Recoder2KeY     Reading class EmptyConstr { EmptyConstr(); }  
]]></system-out>
  <system-err><![CDATA[]]></system-err>
</testsuite>
