<?xml version="1.0" encoding="UTF-8"?>
<testsuite name="de.uka.ilkd.key.macros.scripts.meta.ValueInjectorTest" tests="3" skipped="0" failures="0" errors="0" timestamp="2023-06-12T07:06:40" hostname="fv-az613-599" time="0.016">
  <properties/>
  <testcase name="testRequired()" classname="de.uka.ilkd.key.macros.scripts.meta.ValueInjectorTest" time="0.015"/>
  <testcase name="testInjectionSimple()" classname="de.uka.ilkd.key.macros.scripts.meta.ValueInjectorTest" time="0.001"/>
  <testcase name="testInferScriptArguments()" classname="de.uka.ilkd.key.macros.scripts.meta.ValueInjectorTest" time="0.0"/>
  <system-out><![CDATA[]]></system-out>
  <system-err><![CDATA[]]></system-err>
</testsuite>
