<?xml version="1.0" encoding="UTF-8"?>
<testsuite name="de.uka.ilkd.key.proof_references.testcase.analyst.TestProgramVariableReferencesAnalyst" tests="63" skipped="0" failures="0" errors="0" timestamp="2023-04-03T11:28:40" hostname="fv-az459-302" time="176.757">
  <properties/>
  <testcase name="testAssignments_decrementEnd()" classname="de.uka.ilkd.key.proof_references.testcase.analyst.TestProgramVariableReferencesAnalyst" time="2.943"/>
  <testcase name="testConditionalsAndOther_ifEquals()" classname="de.uka.ilkd.key.proof_references.testcase.analyst.TestProgramVariableReferencesAnalyst" time="3.011"/>
  <testcase name="testConditionalsAndOther_doWhileEquals()" classname="de.uka.ilkd.key.proof_references.testcase.analyst.TestProgramVariableReferencesAnalyst" time="2.964"/>
  <testcase name="testVariableDeclarationAssign()" classname="de.uka.ilkd.key.proof_references.testcase.analyst.TestProgramVariableReferencesAnalyst" time="2.72"/>
  <testcase name="testConditionalsAndOther_forEquals()" classname="de.uka.ilkd.key.proof_references.testcase.analyst.TestProgramVariableReferencesAnalyst" time="2.833"/>
  <testcase name="testAssignments_assignmentWithSelf()" classname="de.uka.ilkd.key.proof_references.testcase.analyst.TestProgramVariableReferencesAnalyst" time="2.822"/>
  <testcase name="testConditionalsAndOther_ifGreaterEquals()" classname="de.uka.ilkd.key.proof_references.testcase.analyst.TestProgramVariableReferencesAnalyst" time="2.827"/>
  <testcase name="testAssignments_incrementBegin()" classname="de.uka.ilkd.key.proof_references.testcase.analyst.TestProgramVariableReferencesAnalyst" time="2.804"/>
  <testcase name="testActiveUseStaticFieldWriteAccess2()" classname="de.uka.ilkd.key.proof_references.testcase.analyst.TestProgramVariableReferencesAnalyst" time="2.679"/>
  <testcase name="testConditionalsAndOther_returnBoolean()" classname="de.uka.ilkd.key.proof_references.testcase.analyst.TestProgramVariableReferencesAnalyst" time="2.813"/>
  <testcase name="testConditionalsAndOther_whileEquals()" classname="de.uka.ilkd.key.proof_references.testcase.analyst.TestProgramVariableReferencesAnalyst" time="2.808"/>
  <testcase name="testConditionalsAndOther_questionLess()" classname="de.uka.ilkd.key.proof_references.testcase.analyst.TestProgramVariableReferencesAnalyst" time="2.82"/>
  <testcase name="testAssignment_to_primitive_array_component()" classname="de.uka.ilkd.key.proof_references.testcase.analyst.TestProgramVariableReferencesAnalyst" time="2.704"/>
  <testcase name="testAssignments_incrementArrayEnd()" classname="de.uka.ilkd.key.proof_references.testcase.analyst.TestProgramVariableReferencesAnalyst" time="2.89"/>
  <testcase name="testConditionalsAndOther_doWhileBoolean()" classname="de.uka.ilkd.key.proof_references.testcase.analyst.TestProgramVariableReferencesAnalyst" time="2.806"/>
  <testcase name="testConditionalsAndOther_returnEquals()" classname="de.uka.ilkd.key.proof_references.testcase.analyst.TestProgramVariableReferencesAnalyst" time="2.814"/>
  <testcase name="testActiveUseStaticFieldReadAccess2()" classname="de.uka.ilkd.key.proof_references.testcase.analyst.TestProgramVariableReferencesAnalyst" time="2.682"/>
  <testcase name="testAssignments_decrementBegin()" classname="de.uka.ilkd.key.proof_references.testcase.analyst.TestProgramVariableReferencesAnalyst" time="2.798"/>
  <testcase name="testConditionalsAndOther_switchInt()" classname="de.uka.ilkd.key.proof_references.testcase.analyst.TestProgramVariableReferencesAnalyst" time="2.809"/>
  <testcase name="testConditionalsAndOther_questionGreaterEquals()" classname="de.uka.ilkd.key.proof_references.testcase.analyst.TestProgramVariableReferencesAnalyst" time="2.835"/>
  <testcase name="testConditionalsAndOther_returnComplex()" classname="de.uka.ilkd.key.proof_references.testcase.analyst.TestProgramVariableReferencesAnalyst" time="2.909"/>
  <testcase name="testConditionalsAndOther_ifLess()" classname="de.uka.ilkd.key.proof_references.testcase.analyst.TestProgramVariableReferencesAnalyst" time="2.812"/>
  <testcase name="testEval_order_array_access5()" classname="de.uka.ilkd.key.proof_references.testcase.analyst.TestProgramVariableReferencesAnalyst" time="2.682"/>
  <testcase name="testAssignments_incrementEnd()" classname="de.uka.ilkd.key.proof_references.testcase.analyst.TestProgramVariableReferencesAnalyst" time="2.788"/>
  <testcase name="testConditionalsAndOther_forBoolean()" classname="de.uka.ilkd.key.proof_references.testcase.analyst.TestProgramVariableReferencesAnalyst" time="2.803"/>
  <testcase name="testAssignment_read_attribute()" classname="de.uka.ilkd.key.proof_references.testcase.analyst.TestProgramVariableReferencesAnalyst" time="2.68"/>
  <testcase name="testConditionalsAndOther_whileBoolean()" classname="de.uka.ilkd.key.proof_references.testcase.analyst.TestProgramVariableReferencesAnalyst" time="2.821"/>
  <testcase name="testArrayLength()" classname="de.uka.ilkd.key.proof_references.testcase.analyst.TestProgramVariableReferencesAnalyst" time="2.794"/>
  <testcase name="testAssignments_assign()" classname="de.uka.ilkd.key.proof_references.testcase.analyst.TestProgramVariableReferencesAnalyst" time="2.815"/>
  <testcase name="testAssignments_incrementArrayBegin()" classname="de.uka.ilkd.key.proof_references.testcase.analyst.TestProgramVariableReferencesAnalyst" time="2.894"/>
  <testcase name="testAssignment()" classname="de.uka.ilkd.key.proof_references.testcase.analyst.TestProgramVariableReferencesAnalyst" time="2.706"/>
  <testcase name="testConditionalsAndOther_ifBoolean()" classname="de.uka.ilkd.key.proof_references.testcase.analyst.TestProgramVariableReferencesAnalyst" time="2.819"/>
  <testcase name="testAssignment_read_length()" classname="de.uka.ilkd.key.proof_references.testcase.analyst.TestProgramVariableReferencesAnalyst" time="2.683"/>
  <testcase name="testConditionalsAndOther_questionNotEquals()" classname="de.uka.ilkd.key.proof_references.testcase.analyst.TestProgramVariableReferencesAnalyst" time="2.803"/>
  <testcase name="testAssignments_decrementArrayBegin()" classname="de.uka.ilkd.key.proof_references.testcase.analyst.TestProgramVariableReferencesAnalyst" time="2.883"/>
  <testcase name="testConditionalsAndOther_ifGreater()" classname="de.uka.ilkd.key.proof_references.testcase.analyst.TestProgramVariableReferencesAnalyst" time="2.796"/>
  <testcase name="testConditionalsAndOther_questionIncrementsAndDecrements()" classname="de.uka.ilkd.key.proof_references.testcase.analyst.TestProgramVariableReferencesAnalyst" time="3.023"/>
  <testcase name="testAssignment_write_static_attribute()" classname="de.uka.ilkd.key.proof_references.testcase.analyst.TestProgramVariableReferencesAnalyst" time="2.697"/>
  <testcase name="testConditionalsAndOther_questionBoolean()" classname="de.uka.ilkd.key.proof_references.testcase.analyst.TestProgramVariableReferencesAnalyst" time="2.799"/>
  <testcase name="testConditionalsAndOther_ifLessEquals()" classname="de.uka.ilkd.key.proof_references.testcase.analyst.TestProgramVariableReferencesAnalyst" time="2.807"/>
  <testcase name="testConditionalsAndOther_questionGreater()" classname="de.uka.ilkd.key.proof_references.testcase.analyst.TestProgramVariableReferencesAnalyst" time="2.788"/>
  <testcase name="testEval_order_access4()" classname="de.uka.ilkd.key.proof_references.testcase.analyst.TestProgramVariableReferencesAnalyst" time="2.676"/>
  <testcase name="testAssignment_to_reference_array_component()" classname="de.uka.ilkd.key.proof_references.testcase.analyst.TestProgramVariableReferencesAnalyst" time="2.69"/>
  <testcase name="testAssignments_decrementArrayEnd()" classname="de.uka.ilkd.key.proof_references.testcase.analyst.TestProgramVariableReferencesAnalyst" time="2.893"/>
  <testcase name="testAssignments_add()" classname="de.uka.ilkd.key.proof_references.testcase.analyst.TestProgramVariableReferencesAnalyst" time="2.791"/>
  <testcase name="testAssignments_div()" classname="de.uka.ilkd.key.proof_references.testcase.analyst.TestProgramVariableReferencesAnalyst" time="2.786"/>
  <testcase name="testAssignments_mod()" classname="de.uka.ilkd.key.proof_references.testcase.analyst.TestProgramVariableReferencesAnalyst" time="2.809"/>
  <testcase name="testAssignments_mul()" classname="de.uka.ilkd.key.proof_references.testcase.analyst.TestProgramVariableReferencesAnalyst" time="2.782"/>
  <testcase name="testAssignments_sub()" classname="de.uka.ilkd.key.proof_references.testcase.analyst.TestProgramVariableReferencesAnalyst" time="2.784"/>
  <testcase name="testAssignments_nestedValueAdd()" classname="de.uka.ilkd.key.proof_references.testcase.analyst.TestProgramVariableReferencesAnalyst" time="2.885"/>
  <testcase name="testAssignments_nestedArray()" classname="de.uka.ilkd.key.proof_references.testcase.analyst.TestProgramVariableReferencesAnalyst" time="2.884"/>
  <testcase name="testAssignments_nestedValue()" classname="de.uka.ilkd.key.proof_references.testcase.analyst.TestProgramVariableReferencesAnalyst" time="2.792"/>
  <testcase name="testConditionalsAndOther_methodCallAssignment()" classname="de.uka.ilkd.key.proof_references.testcase.analyst.TestProgramVariableReferencesAnalyst" time="2.798"/>
  <testcase name="testConditionalsAndOther_questionEquals()" classname="de.uka.ilkd.key.proof_references.testcase.analyst.TestProgramVariableReferencesAnalyst" time="2.83"/>
  <testcase name="testConditionalsAndOther_ifIncrementsAndDecrements()" classname="de.uka.ilkd.key.proof_references.testcase.analyst.TestProgramVariableReferencesAnalyst" time="2.994"/>
  <testcase name="testConditionalsAndOther_ifNotEquals()" classname="de.uka.ilkd.key.proof_references.testcase.analyst.TestProgramVariableReferencesAnalyst" time="2.8"/>
  <testcase name="testAssignment_write_attribute()" classname="de.uka.ilkd.key.proof_references.testcase.analyst.TestProgramVariableReferencesAnalyst" time="2.698"/>
  <testcase name="testConditionalsAndOther_methodCallConditional()" classname="de.uka.ilkd.key.proof_references.testcase.analyst.TestProgramVariableReferencesAnalyst" time="2.785"/>
  <testcase name="testConditionalsAndOther_questionLessEquals()" classname="de.uka.ilkd.key.proof_references.testcase.analyst.TestProgramVariableReferencesAnalyst" time="2.785"/>
  <testcase name="testConditionalsAndOther_throwsNestedException()" classname="de.uka.ilkd.key.proof_references.testcase.analyst.TestProgramVariableReferencesAnalyst" time="2.813"/>
  <testcase name="testConditionalsAndOther_methodCall()" classname="de.uka.ilkd.key.proof_references.testcase.analyst.TestProgramVariableReferencesAnalyst" time="2.793"/>
  <testcase name="testConditionalsAndOther_throwsException()" classname="de.uka.ilkd.key.proof_references.testcase.analyst.TestProgramVariableReferencesAnalyst" time="2.788"/>
  <testcase name="testAssignment_array2()" classname="de.uka.ilkd.key.proof_references.testcase.analyst.TestProgramVariableReferencesAnalyst" time="2.678"/>
  <system-out><![CDATA[]]></system-out>
  <system-err><![CDATA[]]></system-err>
</testsuite>
