<?xml version="1.0" encoding="UTF-8"?>
<testsuite name="de.uka.ilkd.key.rule.merge.PredicateAbstractionLatticeTests" tests="3" skipped="0" failures="0" errors="0" timestamp="2023-04-19T12:42:38" hostname="fv-az319-602" time="6.098">
  <properties/>
  <testcase name="testToAndFromString()" classname="de.uka.ilkd.key.rule.merge.PredicateAbstractionLatticeTests" time="3.001"/>
  <testcase name="testCreateSignLatticeWithPredicates()" classname="de.uka.ilkd.key.rule.merge.PredicateAbstractionLatticeTests" time="3.096"/>
  <testcase name="testTrivialPredicatesLattice()" classname="de.uka.ilkd.key.rule.merge.PredicateAbstractionLatticeTests" time="0.001"/>
  <system-out><![CDATA[608241     INFO  Test worker     d.u.i.k.p.i.AbstractProblemLoader Loading environment from src\test\resources\testcase\merge\dummy.key 
608241     DEBUG Test worker     d.u.i.k.p.i.AbstractProblemLoader Environment load took 178.8ns 
608241     INFO  Test worker     d.u.i.k.p.i.AbstractProblemLoader Creating init config 
611227     DEBUG Test worker     d.u.i.k.p.i.AbstractProblemLoader Init config took 2.99s 
611243     INFO  Test worker     d.u.i.k.p.i.AbstractProblemLoader Replaying proof dummy.key 
611243     DEBUG Test worker     d.u.i.k.p.i.IntermediateProofReplayer Proof replay took 9.1ns 
611243     INFO  Test worker     d.u.i.k.p.i.AbstractProblemLoader Loading environment from src\test\resources\testcase\merge\dummy.key 
611243     DEBUG Test worker     d.u.i.k.p.i.AbstractProblemLoader Environment load took 421.1ns 
611243     INFO  Test worker     d.u.i.k.p.i.AbstractProblemLoader Creating init config 
614323     DEBUG Test worker     d.u.i.k.p.i.AbstractProblemLoader Init config took 3.07s 
614339     INFO  Test worker     d.u.i.k.p.i.AbstractProblemLoader Replaying proof dummy.key 
614339     DEBUG Test worker     d.u.i.k.p.i.IntermediateProofReplayer Proof replay took 10ns 
]]></system-out>
  <system-err><![CDATA[]]></system-err>
</testsuite>
