<?xml version="1.0" encoding="UTF-8"?>
<testsuite name="de.uka.ilkd.key.proof.TestOneStepSimplifier" tests="1" skipped="0" failures="0" errors="0" timestamp="2023-04-19T12:40:39" hostname="fv-az319-602" time="4.018">
  <properties/>
  <testcase name="loadWithRestriction()" classname="de.uka.ilkd.key.proof.TestOneStepSimplifier" time="4.018"/>
  <system-out><![CDATA[488938     INFO  Test worker     d.u.i.k.p.i.AbstractProblemLoader Loading environment from src\test\resources\testcase\ossRestriction.proof 
488938     DEBUG Test worker     d.u.i.k.p.i.AbstractProblemLoader Environment load took 167.9ns 
488938     INFO  Test worker     d.u.i.k.p.i.AbstractProblemLoader Creating init config 
489063     DEBUG Test worker     d.u.i.k.j.TypeConverter   No LDT found for Meta 
489063     DEBUG Test worker     d.u.i.k.j.TypeConverter   No LDT found for Meta 
489063     DEBUG Test worker     d.u.i.k.j.TypeConverter   No LDT found for Meta 
489063     DEBUG Test worker     d.u.i.k.j.TypeConverter   No LDT found for Meta 
489719     DEBUG Test worker     d.u.i.k.j.TypeConverter   No LDT found for JavaBigintExpression 
492911     DEBUG Test worker     d.u.i.k.p.i.AbstractProblemLoader Init config took 3.98s 
492942     INFO  Test worker     d.u.i.k.p.i.AbstractProblemLoader Replaying proof ossRestriction.proof 
492942     DEBUG Test worker     d.u.i.k.p.i.IntermediateProofReplayer Proof replay took 930.9ns 
]]></system-out>
  <system-err><![CDATA[]]></system-err>
</testsuite>
