<?xml version="1.0" encoding="UTF-8"?>
<testsuite name="de.uka.ilkd.key.parser.TestDeclParser" tests="14" skipped="2" failures="0" errors="0" timestamp="2023-04-19T12:36:36" hostname="fv-az319-602" time="14.211">
  <properties/>
  <testcase name="testGenericSortDecl1()" classname="de.uka.ilkd.key.parser.TestDeclParser" time="1.341"/>
  <testcase name="testGenericSortDecl2()" classname="de.uka.ilkd.key.parser.TestDeclParser" time="1.146"/>
  <testcase name="testGenericSortDecl3()" classname="de.uka.ilkd.key.parser.TestDeclParser" time="1.141"/>
  <testcase name="testGenericSortDecl4()" classname="de.uka.ilkd.key.parser.TestDeclParser" time="1.071"/>
  <testcase name="testGenericSortDecl5()" classname="de.uka.ilkd.key.parser.TestDeclParser" time="0.0">
    <skipped/>
  </testcase>
  <testcase name="testGenericSortDecl6()" classname="de.uka.ilkd.key.parser.TestDeclParser" time="1.084"/>
  <testcase name="testSortDecl()" classname="de.uka.ilkd.key.parser.TestDeclParser" time="1.105"/>
  <testcase name="testProxySortDecl()" classname="de.uka.ilkd.key.parser.TestDeclParser" time="1.181"/>
  <testcase name="testArrayDecl()" classname="de.uka.ilkd.key.parser.TestDeclParser" time="1.303"/>
  <testcase name="testAmbiguousDecls()" classname="de.uka.ilkd.key.parser.TestDeclParser" time="0.0">
    <skipped/>
  </testcase>
  <testcase name="testHeurDecl()" classname="de.uka.ilkd.key.parser.TestDeclParser" time="1.228"/>
  <testcase name="testFunctionDecl()" classname="de.uka.ilkd.key.parser.TestDeclParser" time="1.185"/>
  <testcase name="testPredicateDecl()" classname="de.uka.ilkd.key.parser.TestDeclParser" time="1.267"/>
  <testcase name="testSVDecl()" classname="de.uka.ilkd.key.parser.TestDeclParser" time="1.154"/>
  <system-out><![CDATA[247334     INFO  Test worker     d.u.i.k.n.KeyIO           Parsing took 0 ms 
247334     DEBUG Test worker     d.u.i.k.n.KeyIO           Load declarations of de.uka.ilkd.key.nparser.KeyAst$File:  <unknown>:1#1 
247334     INFO  Test worker     d.u.i.k.n.KeyIO           MODE: declarations took 0 ms 
247334     DEBUG Test worker     d.u.i.k.n.KeyIO           MODE: 2nd degree decls took 0 
247334     DEBUG Test worker     d.u.i.k.n.KeyIO           MODE: taclets took 0ms 
248484     INFO  Test worker     d.u.i.k.n.KeyIO           Parsing took 0 ms 
248484     DEBUG Test worker     d.u.i.k.n.KeyIO           Load declarations of de.uka.ilkd.key.nparser.KeyAst$File:  <unknown>:1#1 
248484     INFO  Test worker     d.u.i.k.n.KeyIO           MODE: declarations took 0 ms 
248484     DEBUG Test worker     d.u.i.k.n.KeyIO           MODE: 2nd degree decls took 0 
248484     DEBUG Test worker     d.u.i.k.n.KeyIO           MODE: taclets took 0ms 
249631     INFO  Test worker     d.u.i.k.n.KeyIO           Parsing took 0 ms 
249631     DEBUG Test worker     d.u.i.k.n.KeyIO           Load declarations of de.uka.ilkd.key.nparser.KeyAst$File:  <unknown>:1#1 
249631     INFO  Test worker     d.u.i.k.n.KeyIO           MODE: declarations took 0 ms 
249631     DEBUG Test worker     d.u.i.k.n.KeyIO           MODE: 2nd degree decls took 0 
249631     DEBUG Test worker     d.u.i.k.n.KeyIO           MODE: taclets took 0ms 
250693     INFO  Test worker     d.u.i.k.n.KeyIO           Parsing took 0 ms 
250693     DEBUG Test worker     d.u.i.k.n.KeyIO           Load declarations of de.uka.ilkd.key.nparser.KeyAst$File:  <unknown>:1#1 
250693     INFO  Test worker     d.u.i.k.n.KeyIO           MODE: declarations took 0 ms 
250693     DEBUG Test worker     d.u.i.k.n.KeyIO           MODE: 2nd degree decls took 0 
250693     DEBUG Test worker     d.u.i.k.n.KeyIO           MODE: taclets took 0ms 
251779     INFO  Test worker     d.u.i.k.n.KeyIO           Parsing took 0 ms 
251779     DEBUG Test worker     d.u.i.k.n.KeyIO           Load declarations of de.uka.ilkd.key.nparser.KeyAst$File:  <unknown>:1#1 
251779     INFO  Test worker     d.u.i.k.n.KeyIO           MODE: declarations took 0 ms 
251779     DEBUG Test worker     d.u.i.k.n.KeyIO           MODE: 2nd degree decls took 0 
251779     DEBUG Test worker     d.u.i.k.n.KeyIO           MODE: taclets took 0ms 
252893     INFO  Test worker     d.u.i.k.n.KeyIO           Parsing took 0 ms 
252893     DEBUG Test worker     d.u.i.k.n.KeyIO           Load declarations of de.uka.ilkd.key.nparser.KeyAst$File:  <unknown>:1#1 
252893     INFO  Test worker     d.u.i.k.n.KeyIO           MODE: declarations took 0 ms 
252893     DEBUG Test worker     d.u.i.k.n.KeyIO           MODE: 2nd degree decls took 0 
252893     DEBUG Test worker     d.u.i.k.n.KeyIO           MODE: taclets took 0ms 
254065     INFO  Test worker     d.u.i.k.n.KeyIO           Parsing took 0 ms 
254065     DEBUG Test worker     d.u.i.k.n.KeyIO           Load declarations of de.uka.ilkd.key.nparser.KeyAst$File:  <unknown>:1#1 
254065     INFO  Test worker     d.u.i.k.n.KeyIO           MODE: declarations took 0 ms 
254065     DEBUG Test worker     d.u.i.k.n.KeyIO           MODE: 2nd degree decls took 0 
254065     DEBUG Test worker     d.u.i.k.n.KeyIO           MODE: taclets took 0ms 
255365     INFO  Test worker     d.u.i.k.n.KeyIO           Parsing took 0 ms 
255365     DEBUG Test worker     d.u.i.k.n.KeyIO           Load declarations of de.uka.ilkd.key.nparser.KeyAst$File:  <unknown>:1#1 
255381     INFO  Test worker     d.u.i.k.n.KeyIO           MODE: declarations took 16 ms 
255381     DEBUG Test worker     d.u.i.k.n.KeyIO           MODE: 2nd degree decls took 0 
255381     DEBUG Test worker     d.u.i.k.n.KeyIO           MODE: taclets took 0ms 
256603     INFO  Test worker     d.u.i.k.n.KeyIO           Parsing took 0 ms 
256603     DEBUG Test worker     d.u.i.k.n.KeyIO           Load declarations of de.uka.ilkd.key.nparser.KeyAst$File:  <unknown>:1#1 
256603     INFO  Test worker     d.u.i.k.n.KeyIO           MODE: declarations took 0 ms 
256603     DEBUG Test worker     d.u.i.k.n.KeyIO           MODE: 2nd degree decls took 0 
256603     DEBUG Test worker     d.u.i.k.n.KeyIO           MODE: taclets took 0ms 
257783     INFO  Test worker     d.u.i.k.n.KeyIO           Parsing took 0 ms 
257783     DEBUG Test worker     d.u.i.k.n.KeyIO           Load declarations of de.uka.ilkd.key.nparser.KeyAst$File:  <unknown>:1#1 
257783     INFO  Test worker     d.u.i.k.n.KeyIO           MODE: declarations took 0 ms 
257783     DEBUG Test worker     d.u.i.k.n.KeyIO           MODE: 2nd degree decls took 0 
257783     DEBUG Test worker     d.u.i.k.n.KeyIO           MODE: taclets took 0ms 
259052     INFO  Test worker     d.u.i.k.n.KeyIO           Parsing took 0 ms 
259052     DEBUG Test worker     d.u.i.k.n.KeyIO           Load declarations of de.uka.ilkd.key.nparser.KeyAst$File:  <unknown>:1#1 
259052     INFO  Test worker     d.u.i.k.n.KeyIO           MODE: declarations took 0 ms 
259052     DEBUG Test worker     d.u.i.k.n.KeyIO           MODE: 2nd degree decls took 0 
259052     DEBUG Test worker     d.u.i.k.n.KeyIO           MODE: taclets took 0ms 
260215     INFO  Test worker     d.u.i.k.n.KeyIO           Parsing took 16 ms 
260215     DEBUG Test worker     d.u.i.k.n.KeyIO           Load declarations of de.uka.ilkd.key.nparser.KeyAst$File:  <unknown>:1#1 
260215     INFO  Test worker     d.u.i.k.n.KeyIO           MODE: declarations took 0 ms 
260215     DEBUG Test worker     d.u.i.k.n.KeyIO           MODE: 2nd degree decls took 0 
260215     DEBUG Test worker     d.u.i.k.n.KeyIO           MODE: taclets took 0ms 
]]></system-out>
  <system-err><![CDATA[]]></system-err>
</testsuite>
