<?xml version="1.0" encoding="UTF-8"?>
<testsuite name="de.uka.ilkd.key.taclettranslation.TestTacletTranslator" tests="5" skipped="0" failures="0" errors="0" timestamp="2023-04-19T12:47:20" hostname="fv-az319-602" time="0.021">
  <properties/>
  <testcase name="testPropositional1()" classname="de.uka.ilkd.key.taclettranslation.TestTacletTranslator" time="0.009"/>
  <testcase name="testPropositional2()" classname="de.uka.ilkd.key.taclettranslation.TestTacletTranslator" time="0.003"/>
  <testcase name="testNegativePolarity()" classname="de.uka.ilkd.key.taclettranslation.TestTacletTranslator" time="0.003"/>
  <testcase name="testNoPolarity()" classname="de.uka.ilkd.key.taclettranslation.TestTacletTranslator" time="0.003"/>
  <testcase name="testPositivePolarity()" classname="de.uka.ilkd.key.taclettranslation.TestTacletTranslator" time="0.003"/>
  <system-out><![CDATA[890179     INFO  Test worker     d.u.i.k.n.KeyIO           Parsing took 0 ms 
890179     DEBUG Test worker     d.u.i.k.n.KeyIO           Load declarations of de.uka.ilkd.key.nparser.KeyAst$File:  <unknown>:1#1 
890179     INFO  Test worker     d.u.i.k.n.KeyIO           MODE: declarations took 0 ms 
890179     DEBUG Test worker     d.u.i.k.n.KeyIO           MODE: 2nd degree decls took 0 
890179     DEBUG Test worker     d.u.i.k.n.KeyIO           MODE: taclets took 0ms 
890195     INFO  Test worker     d.u.i.k.n.KeyIO           Parsing took 0 ms 
890195     DEBUG Test worker     d.u.i.k.n.KeyIO           Load declarations of de.uka.ilkd.key.nparser.KeyAst$File:  <unknown>:1#1 
890195     INFO  Test worker     d.u.i.k.n.KeyIO           MODE: declarations took 0 ms 
890195     DEBUG Test worker     d.u.i.k.n.KeyIO           MODE: 2nd degree decls took 0 
890195     DEBUG Test worker     d.u.i.k.n.KeyIO           MODE: taclets took 0ms 
890195     INFO  Test worker     d.u.i.k.n.KeyIO           Parsing took 0 ms 
890195     DEBUG Test worker     d.u.i.k.n.KeyIO           Load declarations of de.uka.ilkd.key.nparser.KeyAst$File:  <unknown>:1#1 
890195     INFO  Test worker     d.u.i.k.n.KeyIO           MODE: declarations took 0 ms 
890195     DEBUG Test worker     d.u.i.k.n.KeyIO           MODE: 2nd degree decls took 0 
890195     DEBUG Test worker     d.u.i.k.n.KeyIO           MODE: taclets took 0ms 
890195     INFO  Test worker     d.u.i.k.n.KeyIO           Parsing took 0 ms 
890195     DEBUG Test worker     d.u.i.k.n.KeyIO           Load declarations of de.uka.ilkd.key.nparser.KeyAst$File:  <unknown>:1#1 
890195     INFO  Test worker     d.u.i.k.n.KeyIO           MODE: declarations took 0 ms 
890195     DEBUG Test worker     d.u.i.k.n.KeyIO           MODE: 2nd degree decls took 0 
890195     DEBUG Test worker     d.u.i.k.n.KeyIO           MODE: taclets took 0ms 
890195     INFO  Test worker     d.u.i.k.n.KeyIO           Parsing took 0 ms 
890195     DEBUG Test worker     d.u.i.k.n.KeyIO           Load declarations of de.uka.ilkd.key.nparser.KeyAst$File:  <unknown>:1#1 
890195     INFO  Test worker     d.u.i.k.n.KeyIO           MODE: declarations took 0 ms 
890195     DEBUG Test worker     d.u.i.k.n.KeyIO           MODE: 2nd degree decls took 0 
890195     DEBUG Test worker     d.u.i.k.n.KeyIO           MODE: taclets took 0ms 
]]></system-out>
  <system-err><![CDATA[]]></system-err>
</testsuite>
