<?xml version="1.0" encoding="UTF-8"?>
<testsuite name="de.uka.ilkd.key.logic.TestClashFreeSubst" tests="14" skipped="2" failures="0" errors="0" timestamp="2023-04-19T12:33:11" hostname="fv-az319-602" time="56.81">
  <properties/>
  <testcase name="testMultiShareBound()" classname="de.uka.ilkd.key.logic.TestClashFreeSubst" time="1.036"/>
  <testcase name="testClash()" classname="de.uka.ilkd.key.logic.TestClashFreeSubst" time="1.001"/>
  <testcase name="testShare()" classname="de.uka.ilkd.key.logic.TestClashFreeSubst" time="1.04"/>
  <testcase name="testSubst()" classname="de.uka.ilkd.key.logic.TestClashFreeSubst" time="1.057"/>
  <testcase name="testWary0()" classname="de.uka.ilkd.key.logic.TestClashFreeSubst" time="1.068"/>
  <testcase name="testWary1()" classname="de.uka.ilkd.key.logic.TestClashFreeSubst" time="1.044"/>
  <testcase name="testWary2()" classname="de.uka.ilkd.key.logic.TestClashFreeSubst" time="1.041"/>
  <testcase name="testClashInSubstTerm()" classname="de.uka.ilkd.key.logic.TestClashFreeSubst" time="1.024"/>
  <testcase name="testShareWary()" classname="de.uka.ilkd.key.logic.TestClashFreeSubst" time="1.038"/>
  <testcase name="testMultiSubst()" classname="de.uka.ilkd.key.logic.TestClashFreeSubst" time="1.04"/>
  <testcase name="xtestMultiClash()" classname="de.uka.ilkd.key.logic.TestClashFreeSubst" time="0.0">
    <skipped/>
  </testcase>
  <testcase name="testSubstInSubstTerm()" classname="de.uka.ilkd.key.logic.TestClashFreeSubst" time="1.06"/>
  <testcase name="testSubstWary()" classname="de.uka.ilkd.key.logic.TestClashFreeSubst" time="1.034"/>
  <testcase name="xtestMultiClash1()" classname="de.uka.ilkd.key.logic.TestClashFreeSubst" time="0.0">
    <skipped/>
  </testcase>
  <system-out><![CDATA[41427      INFO  Test worker     d.u.i.k.n.KeyIO           Parsing took 0 ms 
41427      DEBUG Test worker     d.u.i.k.n.KeyIO           Load declarations of de.uka.ilkd.key.nparser.KeyAst$File:  <unknown>:1#1 
41427      INFO  Test worker     d.u.i.k.n.KeyIO           MODE: declarations took 0 ms 
41427      DEBUG Test worker     d.u.i.k.n.KeyIO           MODE: 2nd degree decls took 0 
42451      INFO  Test worker     d.u.i.k.n.KeyIO           Parsing took 0 ms 
42451      DEBUG Test worker     d.u.i.k.n.KeyIO           Load declarations of de.uka.ilkd.key.nparser.KeyAst$File:  <unknown>:1#1 
42451      INFO  Test worker     d.u.i.k.n.KeyIO           MODE: declarations took 0 ms 
42451      DEBUG Test worker     d.u.i.k.n.KeyIO           MODE: 2nd degree decls took 0 
45828      INFO  Test worker     d.u.i.k.n.KeyIO           Parsing took 0 ms 
45830      DEBUG Test worker     d.u.i.k.n.KeyIO           Load declarations of de.uka.ilkd.key.nparser.KeyAst$File:  <unknown>:1#1 
45830      INFO  Test worker     d.u.i.k.n.KeyIO           MODE: declarations took 0 ms 
45831      DEBUG Test worker     d.u.i.k.n.KeyIO           MODE: 2nd degree decls took 0 
46813      INFO  Test worker     d.u.i.k.n.KeyIO           Parsing took 0 ms 
46813      DEBUG Test worker     d.u.i.k.n.KeyIO           Load declarations of de.uka.ilkd.key.nparser.KeyAst$File:  <unknown>:1#1 
46813      INFO  Test worker     d.u.i.k.n.KeyIO           MODE: declarations took 0 ms 
46813      DEBUG Test worker     d.u.i.k.n.KeyIO           MODE: 2nd degree decls took 0 
50178      INFO  Test worker     d.u.i.k.n.KeyIO           Parsing took 0 ms 
50178      DEBUG Test worker     d.u.i.k.n.KeyIO           Load declarations of de.uka.ilkd.key.nparser.KeyAst$File:  <unknown>:1#1 
50178      INFO  Test worker     d.u.i.k.n.KeyIO           MODE: declarations took 0 ms 
50178      DEBUG Test worker     d.u.i.k.n.KeyIO           MODE: 2nd degree decls took 0 
51201      INFO  Test worker     d.u.i.k.n.KeyIO           Parsing took 0 ms 
51201      DEBUG Test worker     d.u.i.k.n.KeyIO           Load declarations of de.uka.ilkd.key.nparser.KeyAst$File:  <unknown>:1#1 
51201      INFO  Test worker     d.u.i.k.n.KeyIO           MODE: declarations took 0 ms 
51201      DEBUG Test worker     d.u.i.k.n.KeyIO           MODE: 2nd degree decls took 0 
54731      INFO  Test worker     d.u.i.k.n.KeyIO           Parsing took 0 ms 
54731      DEBUG Test worker     d.u.i.k.n.KeyIO           Load declarations of de.uka.ilkd.key.nparser.KeyAst$File:  <unknown>:1#1 
54731      INFO  Test worker     d.u.i.k.n.KeyIO           MODE: declarations took 0 ms 
54731      DEBUG Test worker     d.u.i.k.n.KeyIO           MODE: 2nd degree decls took 0 
55782      INFO  Test worker     d.u.i.k.n.KeyIO           Parsing took 0 ms 
55782      DEBUG Test worker     d.u.i.k.n.KeyIO           Load declarations of de.uka.ilkd.key.nparser.KeyAst$File:  <unknown>:1#1 
55782      INFO  Test worker     d.u.i.k.n.KeyIO           MODE: declarations took 0 ms 
55782      DEBUG Test worker     d.u.i.k.n.KeyIO           MODE: 2nd degree decls took 0 
59223      INFO  Test worker     d.u.i.k.n.KeyIO           Parsing took 0 ms 
59223      DEBUG Test worker     d.u.i.k.n.KeyIO           Load declarations of de.uka.ilkd.key.nparser.KeyAst$File:  <unknown>:1#1 
59223      INFO  Test worker     d.u.i.k.n.KeyIO           MODE: declarations took 0 ms 
59223      DEBUG Test worker     d.u.i.k.n.KeyIO           MODE: 2nd degree decls took 0 
60286      INFO  Test worker     d.u.i.k.n.KeyIO           Parsing took 0 ms 
60286      DEBUG Test worker     d.u.i.k.n.KeyIO           Load declarations of de.uka.ilkd.key.nparser.KeyAst$File:  <unknown>:1#1 
60286      INFO  Test worker     d.u.i.k.n.KeyIO           MODE: declarations took 0 ms 
60286      DEBUG Test worker     d.u.i.k.n.KeyIO           MODE: 2nd degree decls took 0 
63742      INFO  Test worker     d.u.i.k.n.KeyIO           Parsing took 0 ms 
63742      DEBUG Test worker     d.u.i.k.n.KeyIO           Load declarations of de.uka.ilkd.key.nparser.KeyAst$File:  <unknown>:1#1 
63742      INFO  Test worker     d.u.i.k.n.KeyIO           MODE: declarations took 0 ms 
63742      DEBUG Test worker     d.u.i.k.n.KeyIO           MODE: 2nd degree decls took 0 
64783      INFO  Test worker     d.u.i.k.n.KeyIO           Parsing took 0 ms 
64783      DEBUG Test worker     d.u.i.k.n.KeyIO           Load declarations of de.uka.ilkd.key.nparser.KeyAst$File:  <unknown>:1#1 
64783      INFO  Test worker     d.u.i.k.n.KeyIO           MODE: declarations took 0 ms 
64783      DEBUG Test worker     d.u.i.k.n.KeyIO           MODE: 2nd degree decls took 0 
68187      INFO  Test worker     d.u.i.k.n.KeyIO           Parsing took 0 ms 
68187      DEBUG Test worker     d.u.i.k.n.KeyIO           Load declarations of de.uka.ilkd.key.nparser.KeyAst$File:  <unknown>:1#1 
68187      INFO  Test worker     d.u.i.k.n.KeyIO           MODE: declarations took 0 ms 
68187      DEBUG Test worker     d.u.i.k.n.KeyIO           MODE: 2nd degree decls took 0 
69231      INFO  Test worker     d.u.i.k.n.KeyIO           Parsing took 0 ms 
69231      DEBUG Test worker     d.u.i.k.n.KeyIO           Load declarations of de.uka.ilkd.key.nparser.KeyAst$File:  <unknown>:1#1 
69231      INFO  Test worker     d.u.i.k.n.KeyIO           MODE: declarations took 0 ms 
69231      DEBUG Test worker     d.u.i.k.n.KeyIO           MODE: 2nd degree decls took 0 
72594      INFO  Test worker     d.u.i.k.n.KeyIO           Parsing took 0 ms 
72594      DEBUG Test worker     d.u.i.k.n.KeyIO           Load declarations of de.uka.ilkd.key.nparser.KeyAst$File:  <unknown>:1#1 
72594      INFO  Test worker     d.u.i.k.n.KeyIO           MODE: declarations took 0 ms 
72594      DEBUG Test worker     d.u.i.k.n.KeyIO           MODE: 2nd degree decls took 0 
73613      INFO  Test worker     d.u.i.k.n.KeyIO           Parsing took 0 ms 
73613      DEBUG Test worker     d.u.i.k.n.KeyIO           Load declarations of de.uka.ilkd.key.nparser.KeyAst$File:  <unknown>:1#1 
73613      INFO  Test worker     d.u.i.k.n.KeyIO           MODE: declarations took 0 ms 
73613      DEBUG Test worker     d.u.i.k.n.KeyIO           MODE: 2nd degree decls took 0 
77045      INFO  Test worker     d.u.i.k.n.KeyIO           Parsing took 0 ms 
77045      DEBUG Test worker     d.u.i.k.n.KeyIO           Load declarations of de.uka.ilkd.key.nparser.KeyAst$File:  <unknown>:1#1 
77045      INFO  Test worker     d.u.i.k.n.KeyIO           MODE: declarations took 0 ms 
77045      DEBUG Test worker     d.u.i.k.n.KeyIO           MODE: 2nd degree decls took 0 
78069      INFO  Test worker     d.u.i.k.n.KeyIO           Parsing took 0 ms 
78069      DEBUG Test worker     d.u.i.k.n.KeyIO           Load declarations of de.uka.ilkd.key.nparser.KeyAst$File:  <unknown>:1#1 
78069      INFO  Test worker     d.u.i.k.n.KeyIO           MODE: declarations took 0 ms 
78069      DEBUG Test worker     d.u.i.k.n.KeyIO           MODE: 2nd degree decls took 0 
81498      INFO  Test worker     d.u.i.k.n.KeyIO           Parsing took 0 ms 
81498      DEBUG Test worker     d.u.i.k.n.KeyIO           Load declarations of de.uka.ilkd.key.nparser.KeyAst$File:  <unknown>:1#1 
81498      INFO  Test worker     d.u.i.k.n.KeyIO           MODE: declarations took 0 ms 
81498      DEBUG Test worker     d.u.i.k.n.KeyIO           MODE: 2nd degree decls took 0 
82530      INFO  Test worker     d.u.i.k.n.KeyIO           Parsing took 0 ms 
82530      DEBUG Test worker     d.u.i.k.n.KeyIO           Load declarations of de.uka.ilkd.key.nparser.KeyAst$File:  <unknown>:1#1 
82530      INFO  Test worker     d.u.i.k.n.KeyIO           MODE: declarations took 0 ms 
82530      DEBUG Test worker     d.u.i.k.n.KeyIO           MODE: 2nd degree decls took 0 
89280      INFO  Test worker     d.u.i.k.n.KeyIO           Parsing took 0 ms 
89280      DEBUG Test worker     d.u.i.k.n.KeyIO           Load declarations of de.uka.ilkd.key.nparser.KeyAst$File:  <unknown>:1#1 
89296      INFO  Test worker     d.u.i.k.n.KeyIO           MODE: declarations took 16 ms 
89296      DEBUG Test worker     d.u.i.k.n.KeyIO           MODE: 2nd degree decls took 0 
90331      INFO  Test worker     d.u.i.k.n.KeyIO           Parsing took 0 ms 
90331      DEBUG Test worker     d.u.i.k.n.KeyIO           Load declarations of de.uka.ilkd.key.nparser.KeyAst$File:  <unknown>:1#1 
90331      INFO  Test worker     d.u.i.k.n.KeyIO           MODE: declarations took 0 ms 
90331      DEBUG Test worker     d.u.i.k.n.KeyIO           MODE: 2nd degree decls took 0 
93866      INFO  Test worker     d.u.i.k.n.KeyIO           Parsing took 0 ms 
93866      DEBUG Test worker     d.u.i.k.n.KeyIO           Load declarations of de.uka.ilkd.key.nparser.KeyAst$File:  <unknown>:1#1 
93866      INFO  Test worker     d.u.i.k.n.KeyIO           MODE: declarations took 0 ms 
93866      DEBUG Test worker     d.u.i.k.n.KeyIO           MODE: 2nd degree decls took 0 
94898      INFO  Test worker     d.u.i.k.n.KeyIO           Parsing took 0 ms 
94898      DEBUG Test worker     d.u.i.k.n.KeyIO           Load declarations of de.uka.ilkd.key.nparser.KeyAst$File:  <unknown>:1#1 
94898      INFO  Test worker     d.u.i.k.n.KeyIO           MODE: declarations took 0 ms 
94898      DEBUG Test worker     d.u.i.k.n.KeyIO           MODE: 2nd degree decls took 0 
]]></system-out>
  <system-err><![CDATA[]]></system-err>
</testsuite>
