<?xml version="1.0" encoding="UTF-8"?>
<testsuite name="de.uka.ilkd.key.rule.loop.LoopScopeInvRuleTests" tests="1" skipped="0" failures="0" errors="0" timestamp="2023-04-19T12:41:06" hostname="fv-az319-602" time="5.183">
  <properties/>
  <testcase name="testDoAutomaticProofOfBenchmarkWithLabeledBreaksAndContinues()" classname="de.uka.ilkd.key.rule.loop.LoopScopeInvRuleTests" time="5.183"/>
  <system-out><![CDATA[516014     INFO  Test worker     d.u.i.k.p.i.AbstractProblemLoader Loading environment from src\test\resources\testcase\loopScopeInvRule\Test.key 
516014     DEBUG Test worker     d.u.i.k.p.i.AbstractProblemLoader Environment load took 127.1ns 
516014     INFO  Test worker     d.u.i.k.p.i.AbstractProblemLoader Creating init config 
516155     DEBUG Test worker     d.u.i.k.j.TypeConverter   No LDT found for Meta 
516155     DEBUG Test worker     d.u.i.k.j.TypeConverter   No LDT found for Meta 
516155     DEBUG Test worker     d.u.i.k.j.TypeConverter   No LDT found for Meta 
516155     DEBUG Test worker     d.u.i.k.j.TypeConverter   No LDT found for Meta 
516825     DEBUG Test worker     d.u.i.k.j.TypeConverter   No LDT found for JavaBigintExpression 
520415     DEBUG Test worker     d.u.i.k.p.i.AbstractProblemLoader Init config took 4.4s 
520462     INFO  Test worker     d.u.i.k.p.i.AbstractProblemLoader Replaying proof Test[Test::loopScopeRuleBenchmark(int,boolean)].JML normal_behavior operation contract.0 
520462     DEBUG Test worker     d.u.i.k.p.i.IntermediateProofReplayer Proof replay took 15.7ns 
]]></system-out>
  <system-err><![CDATA[]]></system-err>
</testsuite>
