<?xml version="1.0" encoding="UTF-8"?>
<testsuite name="de.uka.ilkd.key.parser.TestTermParserSorts" tests="2" skipped="0" failures="0" errors="0" timestamp="2023-04-19T12:40:36" hostname="fv-az319-602" time="3.006">
  <properties/>
  <testcase name="testParseIntegerArgs()" classname="de.uka.ilkd.key.parser.TestTermParserSorts" time="0.016"/>
  <testcase name="testParseSequencePrettySyntax()" classname="de.uka.ilkd.key.parser.TestTermParserSorts" time="0.003"/>
  <system-out><![CDATA[485872     INFO  Test worker     d.u.i.k.n.KeyIO           Parsing took 0 ms 
485872     DEBUG Test worker     d.u.i.k.n.KeyIO           Load declarations of de.uka.ilkd.key.nparser.KeyAst$File:  <unknown>:1#1 
485872     INFO  Test worker     d.u.i.k.n.KeyIO           MODE: declarations took 0 ms 
485872     DEBUG Test worker     d.u.i.k.n.KeyIO           MODE: 2nd degree decls took 0 
485872     INFO  Test worker     d.u.i.k.n.KeyIO           Parsing took 0 ms 
485872     DEBUG Test worker     d.u.i.k.n.KeyIO           Load declarations of de.uka.ilkd.key.nparser.KeyAst$File:  <unknown>:1#1 
485872     INFO  Test worker     d.u.i.k.n.KeyIO           MODE: declarations took 0 ms 
485872     DEBUG Test worker     d.u.i.k.n.KeyIO           MODE: 2nd degree decls took 0 
485872     INFO  Test worker     d.u.i.k.n.KeyIO           Parsing took 0 ms 
485872     DEBUG Test worker     d.u.i.k.n.KeyIO           Load declarations of de.uka.ilkd.key.nparser.KeyAst$File:  <unknown>:1#1 
485872     INFO  Test worker     d.u.i.k.n.KeyIO           MODE: declarations took 0 ms 
485872     DEBUG Test worker     d.u.i.k.n.KeyIO           MODE: 2nd degree decls took 0 
488875     INFO  Test worker     d.u.i.k.n.KeyIO           Parsing took 0 ms 
488875     DEBUG Test worker     d.u.i.k.n.KeyIO           Load declarations of de.uka.ilkd.key.nparser.KeyAst$File:  <unknown>:1#1 
488875     INFO  Test worker     d.u.i.k.n.KeyIO           MODE: declarations took 0 ms 
488875     DEBUG Test worker     d.u.i.k.n.KeyIO           MODE: 2nd degree decls took 0 
488875     INFO  Test worker     d.u.i.k.n.KeyIO           Parsing took 0 ms 
488875     DEBUG Test worker     d.u.i.k.n.KeyIO           Load declarations of de.uka.ilkd.key.nparser.KeyAst$File:  <unknown>:1#1 
488875     INFO  Test worker     d.u.i.k.n.KeyIO           MODE: declarations took 0 ms 
488875     DEBUG Test worker     d.u.i.k.n.KeyIO           MODE: 2nd degree decls took 0 
488875     INFO  Test worker     d.u.i.k.n.KeyIO           Parsing took 0 ms 
488875     DEBUG Test worker     d.u.i.k.n.KeyIO           Load declarations of de.uka.ilkd.key.nparser.KeyAst$File:  <unknown>:1#1 
488875     INFO  Test worker     d.u.i.k.n.KeyIO           MODE: declarations took 0 ms 
488875     DEBUG Test worker     d.u.i.k.n.KeyIO           MODE: 2nd degree decls took 0 
]]></system-out>
  <system-err><![CDATA[]]></system-err>
</testsuite>
