<?xml version="1.0" encoding="UTF-8"?>
<testsuite name="de.uka.ilkd.key.rule.TestApplyTaclet" tests="29" skipped="0" failures="0" errors="0" timestamp="2023-04-19T12:40:59" hostname="fv-az319-602" time="3.05">
  <properties/>
  <testcase name="testCatchList()" classname="de.uka.ilkd.key.rule.TestApplyTaclet" time="1.15"/>
  <testcase name="testAntecTacletWithoutIf()" classname="de.uka.ilkd.key.rule.TestApplyTaclet" time="0.072"/>
  <testcase name="testAddExistingFormulaTwoInAntec2()" classname="de.uka.ilkd.key.rule.TestApplyTaclet" time="0.064"/>
  <testcase name="testAddExistingFormulaTwoInAntec()" classname="de.uka.ilkd.key.rule.TestApplyTaclet" time="0.073"/>
  <testcase name="testAddExistingFormulaTwoInSucc2()" classname="de.uka.ilkd.key.rule.TestApplyTaclet" time="0.061"/>
  <testcase name="testTacletWithIf()" classname="de.uka.ilkd.key.rule.TestApplyTaclet" time="0.061"/>
  <testcase name="testRemoveEmptyBlock()" classname="de.uka.ilkd.key.rule.TestApplyTaclet" time="0.064"/>
  <testcase name="testBugBrokenApply()" classname="de.uka.ilkd.key.rule.TestApplyTaclet" time="0.068"/>
  <testcase name="testCompleteContextAddBug()" classname="de.uka.ilkd.key.rule.TestApplyTaclet" time="0.07"/>
  <testcase name="testBugID176()" classname="de.uka.ilkd.key.rule.TestApplyTaclet" time="0.062"/>
  <testcase name="testBugID177()" classname="de.uka.ilkd.key.rule.TestApplyTaclet" time="0.063"/>
  <testcase name="testBugID188()" classname="de.uka.ilkd.key.rule.TestApplyTaclet" time="0.063"/>
  <testcase name="testSuccTacletWithoutIf()" classname="de.uka.ilkd.key.rule.TestApplyTaclet" time="0.065"/>
  <testcase name="testRewriteTacletWithoutIf()" classname="de.uka.ilkd.key.rule.TestApplyTaclet" time="0.068"/>
  <testcase name="testSuccTacletAllRight()" classname="de.uka.ilkd.key.rule.TestApplyTaclet" time="0.063"/>
  <testcase name="testTacletVariableCollector()" classname="de.uka.ilkd.key.rule.TestApplyTaclet" time="0.062"/>
  <testcase name="testIncompleteSuccTacletApp()" classname="de.uka.ilkd.key.rule.TestApplyTaclet" time="0.065"/>
  <testcase name="testAddExistingFormulaSucc()" classname="de.uka.ilkd.key.rule.TestApplyTaclet" time="0.071"/>
  <testcase name="testAddExistingFormulaTwoInSucc()" classname="de.uka.ilkd.key.rule.TestApplyTaclet" time="0.068"/>
  <testcase name="testIncompleteNoFindTacletApp()" classname="de.uka.ilkd.key.rule.TestApplyTaclet" time="0.066"/>
  <testcase name="testNoFindTacletWithoutIf()" classname="de.uka.ilkd.key.rule.TestApplyTaclet" time="0.073"/>
  <testcase name="testModalityLevel0()" classname="de.uka.ilkd.key.rule.TestApplyTaclet" time="0.073"/>
  <testcase name="testModalityLevel1()" classname="de.uka.ilkd.key.rule.TestApplyTaclet" time="0.073"/>
  <testcase name="testModalityLevel2()" classname="de.uka.ilkd.key.rule.TestApplyTaclet" time="0.073"/>
  <testcase name="testContextAdding()" classname="de.uka.ilkd.key.rule.TestApplyTaclet" time="0.069"/>
  <testcase name="testAddingRule()" classname="de.uka.ilkd.key.rule.TestApplyTaclet" time="0.076"/>
  <testcase name="testBugEmptyBlock()" classname="de.uka.ilkd.key.rule.TestApplyTaclet" time="0.067"/>
  <testcase name="testAddExistingFormulaAntec()" classname="de.uka.ilkd.key.rule.TestApplyTaclet" time="0.065"/>
  <testcase name="testPrgTacletApp()" classname="de.uka.ilkd.key.rule.TestApplyTaclet" time="0.069"/>
  <system-out><![CDATA[510147     INFO  Test worker     d.u.i.k.n.KeyIO           Parsing took 0 ms 
510147     DEBUG Test worker     d.u.i.k.n.KeyIO           Load declarations of de.uka.ilkd.key.nparser.KeyAst$File:  D:\a\key\key\key.core\src\test\resources\testcase\testrules.key:9#1 
510147     INFO  Test worker     d.u.i.k.n.KeyIO           MODE: declarations took 0 ms 
510163     DEBUG Test worker     d.u.i.k.n.KeyIO           MODE: 2nd degree decls took 16 
510210     DEBUG Test worker     d.u.i.k.n.KeyIO           MODE: taclets took 47ms 
]]></system-out>
  <system-err><![CDATA[]]></system-err>
</testsuite>
