<?xml version="1.0" encoding="UTF-8"?>
<testsuite name="de.uka.ilkd.key.speclang.jml.JMLUtilsTest" tests="2" skipped="0" failures="0" errors="0" timestamp="2023-04-19T12:46:45" hostname="fv-az319-602" time="0.005">
  <properties/>
  <testcase name="testSplitJmlFeatures()" classname="de.uka.ilkd.key.speclang.jml.JMLUtilsTest" time="0.003"/>
  <testcase name="testIsJmlCommentStarter()" classname="de.uka.ilkd.key.speclang.jml.JMLUtilsTest" time="0.002"/>
  <system-out><![CDATA[]]></system-out>
  <system-err><![CDATA[]]></system-err>
</testsuite>
