<?xml version="1.0" encoding="UTF-8"?>
<testsuite name="de.uka.ilkd.key.parser.TestDeclParser" tests="14" skipped="2" failures="0" errors="0" timestamp="2023-04-15T11:07:59" hostname="fv-az269-753" time="10.958">
  <properties/>
  <testcase name="testGenericSortDecl1()" classname="de.uka.ilkd.key.parser.TestDeclParser" time="1.15"/>
  <testcase name="testGenericSortDecl2()" classname="de.uka.ilkd.key.parser.TestDeclParser" time="0.952"/>
  <testcase name="testGenericSortDecl3()" classname="de.uka.ilkd.key.parser.TestDeclParser" time="0.826"/>
  <testcase name="testGenericSortDecl4()" classname="de.uka.ilkd.key.parser.TestDeclParser" time="0.933"/>
  <testcase name="testGenericSortDecl5()" classname="de.uka.ilkd.key.parser.TestDeclParser" time="0.0">
    <skipped/>
  </testcase>
  <testcase name="testGenericSortDecl6()" classname="de.uka.ilkd.key.parser.TestDeclParser" time="0.921"/>
  <testcase name="testSortDecl()" classname="de.uka.ilkd.key.parser.TestDeclParser" time="0.833"/>
  <testcase name="testProxySortDecl()" classname="de.uka.ilkd.key.parser.TestDeclParser" time="0.923"/>
  <testcase name="testArrayDecl()" classname="de.uka.ilkd.key.parser.TestDeclParser" time="0.916"/>
  <testcase name="testAmbiguousDecls()" classname="de.uka.ilkd.key.parser.TestDeclParser" time="0.0">
    <skipped/>
  </testcase>
  <testcase name="testHeurDecl()" classname="de.uka.ilkd.key.parser.TestDeclParser" time="0.835"/>
  <testcase name="testFunctionDecl()" classname="de.uka.ilkd.key.parser.TestDeclParser" time="0.923"/>
  <testcase name="testPredicateDecl()" classname="de.uka.ilkd.key.parser.TestDeclParser" time="0.827"/>
  <testcase name="testSVDecl()" classname="de.uka.ilkd.key.parser.TestDeclParser" time="0.912"/>
  <system-out><![CDATA[205265     INFO  Test worker     d.u.i.k.n.KeyIO           Parsing took 0 ms 
205265     INFO  Test worker     d.u.i.k.n.KeyIO           MODE: declarations took 0 ms 
206219     INFO  Test worker     d.u.i.k.n.KeyIO           Parsing took 0 ms 
206219     INFO  Test worker     d.u.i.k.n.KeyIO           MODE: declarations took 0 ms 
207047     INFO  Test worker     d.u.i.k.n.KeyIO           Parsing took 0 ms 
207047     INFO  Test worker     d.u.i.k.n.KeyIO           MODE: declarations took 0 ms 
207986     INFO  Test worker     d.u.i.k.n.KeyIO           Parsing took 0 ms 
207986     INFO  Test worker     d.u.i.k.n.KeyIO           MODE: declarations took 0 ms 
208909     INFO  Test worker     d.u.i.k.n.KeyIO           Parsing took 0 ms 
208909     INFO  Test worker     d.u.i.k.n.KeyIO           MODE: declarations took 0 ms 
209739     INFO  Test worker     d.u.i.k.n.KeyIO           Parsing took 0 ms 
209739     INFO  Test worker     d.u.i.k.n.KeyIO           MODE: declarations took 0 ms 
210661     INFO  Test worker     d.u.i.k.n.KeyIO           Parsing took 0 ms 
210661     INFO  Test worker     d.u.i.k.n.KeyIO           MODE: declarations took 0 ms 
211568     INFO  Test worker     d.u.i.k.n.KeyIO           Parsing took 0 ms 
211568     INFO  Test worker     d.u.i.k.n.KeyIO           MODE: declarations took 0 ms 
212412     INFO  Test worker     d.u.i.k.n.KeyIO           Parsing took 0 ms 
212412     INFO  Test worker     d.u.i.k.n.KeyIO           MODE: declarations took 0 ms 
213335     INFO  Test worker     d.u.i.k.n.KeyIO           Parsing took 0 ms 
213335     INFO  Test worker     d.u.i.k.n.KeyIO           MODE: declarations took 0 ms 
214164     INFO  Test worker     d.u.i.k.n.KeyIO           Parsing took 0 ms 
214164     INFO  Test worker     d.u.i.k.n.KeyIO           MODE: declarations took 0 ms 
215087     INFO  Test worker     d.u.i.k.n.KeyIO           Parsing took 0 ms 
215087     INFO  Test worker     d.u.i.k.n.KeyIO           MODE: declarations took 0 ms 
]]></system-out>
  <system-err><![CDATA[]]></system-err>
</testsuite>
