<?xml version="1.0" encoding="UTF-8"?>
<testsuite name="de.uka.ilkd.key.nparser.ParseLDTsTests" tests="2" skipped="0" failures="0" errors="0" timestamp="2023-04-15T11:07:49" hostname="fv-az269-753" time="0.863">
  <properties/>
  <testcase name="testLDT()" classname="de.uka.ilkd.key.nparser.ParseLDTsTests" time="0.027"/>
  <testcase name="testSR()" classname="de.uka.ilkd.key.nparser.ParseLDTsTests" time="0.836"/>
  <system-out><![CDATA[194277     INFO  Test worker     d.u.i.k.n.KeyIO           Parsing took 16 ms 
194277     INFO  Test worker     d.u.i.k.n.KeyIO           MODE: declarations took 0 ms 
194636     INFO  Test worker     d.u.i.k.n.KeyIO           Parsing took 344 ms 
194636     INFO  Test worker     d.u.i.k.n.KeyIO           MODE: declarations took 0 ms 
]]></system-out>
  <system-err><![CDATA[]]></system-err>
</testsuite>
