<?xml version="1.0" encoding="UTF-8"?>
<testsuite name="de.uka.ilkd.key.smt.communication.BufferedMessageReaderTest" tests="5" skipped="0" failures="0" errors="0" timestamp="2023-06-08T20:28:43" hostname="fv-az623-166" time="0.027">
  <properties/>
  <testcase name="testEmptyStart()" classname="de.uka.ilkd.key.smt.communication.BufferedMessageReaderTest" time="0.026"/>
  <testcase name="testDrain()" classname="de.uka.ilkd.key.smt.communication.BufferedMessageReaderTest" time="0.0"/>
  <testcase name="testXY()" classname="de.uka.ilkd.key.smt.communication.BufferedMessageReaderTest" time="0.0"/>
  <testcase name="testSplitting()" classname="de.uka.ilkd.key.smt.communication.BufferedMessageReaderTest" time="0.0"/>
  <testcase name="testNewline()" classname="de.uka.ilkd.key.smt.communication.BufferedMessageReaderTest" time="0.0"/>
  <system-out><![CDATA[]]></system-out>
  <system-err><![CDATA[]]></system-err>
</testsuite>
