<?xml version="1.0" encoding="UTF-8"?>
<testsuite name="de.uka.ilkd.key.proof.TestOneStepSimplifier" tests="1" skipped="0" failures="0" errors="0" timestamp="2023-06-08T20:25:34" hostname="fv-az623-166" time="6.629">
  <properties/>
  <testcase name="loadWithRestriction()" classname="de.uka.ilkd.key.proof.TestOneStepSimplifier" time="6.629"/>
  <system-out><![CDATA[744508     INFO  Test worker     d.u.i.k.p.i.AbstractProblemLoader Loading environment from src\test\resources\testcase\ossRestriction.proof 
744508     DEBUG Test worker     d.u.i.k.p.i.AbstractProblemLoader Environment load took 274.3ns 
744508     INFO  Test worker     d.u.i.k.p.i.AbstractProblemLoader Creating init config 
744758     DEBUG Test worker     d.u.i.k.j.TypeConverter   No LDT found for Meta 
744758     DEBUG Test worker     d.u.i.k.j.TypeConverter   No LDT found for Meta 
744758     DEBUG Test worker     d.u.i.k.j.TypeConverter   No LDT found for Meta 
744758     DEBUG Test worker     d.u.i.k.j.TypeConverter   No LDT found for Meta 
745625     DEBUG Test worker     d.u.i.k.j.TypeConverter   No LDT found for JavaBigintExpression 
751078     DEBUG Test worker     d.u.i.k.p.i.AbstractProblemLoader Init config took 6.57s 
751109     INFO  Test worker     d.u.i.k.p.i.AbstractProblemLoader Replaying proof ossRestriction.proof 
751125     DEBUG Test worker     d.u.i.k.p.i.IntermediateProofReplayer Proof replay took 1.83ms 
]]></system-out>
  <system-err><![CDATA[]]></system-err>
</testsuite>
