<?xml version="1.0" encoding="UTF-8"?>
<testsuite name="de.uka.ilkd.key.rule.merge.PredicateAbstractionLatticeTests" tests="3" skipped="0" failures="0" errors="0" timestamp="2023-06-08T20:28:24" hostname="fv-az623-166" time="11.676">
  <properties/>
  <testcase name="testToAndFromString()" classname="de.uka.ilkd.key.rule.merge.PredicateAbstractionLatticeTests" time="6.616"/>
  <testcase name="testCreateSignLatticeWithPredicates()" classname="de.uka.ilkd.key.rule.merge.PredicateAbstractionLatticeTests" time="5.06"/>
  <testcase name="testTrivialPredicatesLattice()" classname="de.uka.ilkd.key.rule.merge.PredicateAbstractionLatticeTests" time="0.0"/>
  <system-out><![CDATA[914112     INFO  Test worker     d.u.i.k.p.i.AbstractProblemLoader Loading environment from src\test\resources\testcase\merge\dummy.key 
914112     DEBUG Test worker     d.u.i.k.p.i.AbstractProblemLoader Environment load took 126.6ns 
914127     INFO  Test worker     d.u.i.k.p.i.AbstractProblemLoader Creating init config 
920698     DEBUG Test worker     d.u.i.k.p.i.AbstractProblemLoader Init config took 6.58s 
920730     INFO  Test worker     d.u.i.k.p.i.AbstractProblemLoader Replaying proof dummy.key 
920730     DEBUG Test worker     d.u.i.k.p.i.IntermediateProofReplayer Proof replay took 10.2ns 
920730     INFO  Test worker     d.u.i.k.p.i.AbstractProblemLoader Loading environment from src\test\resources\testcase\merge\dummy.key 
920730     DEBUG Test worker     d.u.i.k.p.i.AbstractProblemLoader Environment load took 106ns 
920730     INFO  Test worker     d.u.i.k.p.i.AbstractProblemLoader Creating init config 
925758     DEBUG Test worker     d.u.i.k.p.i.AbstractProblemLoader Init config took 5.03s 
925790     INFO  Test worker     d.u.i.k.p.i.AbstractProblemLoader Replaying proof dummy.key 
925790     DEBUG Test worker     d.u.i.k.p.i.IntermediateProofReplayer Proof replay took 9.8ns 
]]></system-out>
  <system-err><![CDATA[]]></system-err>
</testsuite>
