<?xml version="1.0" encoding="UTF-8"?>
<testsuite name="de.uka.ilkd.key.parser.TestDeclParser" tests="14" skipped="2" failures="0" errors="0" timestamp="2023-06-08T20:19:24" hostname="fv-az623-166" time="18.982">
  <properties/>
  <testcase name="testGenericSortDecl1()" classname="de.uka.ilkd.key.parser.TestDeclParser" time="1.7"/>
  <testcase name="testGenericSortDecl2()" classname="de.uka.ilkd.key.parser.TestDeclParser" time="1.595"/>
  <testcase name="testGenericSortDecl3()" classname="de.uka.ilkd.key.parser.TestDeclParser" time="1.572"/>
  <testcase name="testGenericSortDecl4()" classname="de.uka.ilkd.key.parser.TestDeclParser" time="1.612"/>
  <testcase name="testGenericSortDecl5()" classname="de.uka.ilkd.key.parser.TestDeclParser" time="0.0">
    <skipped/>
  </testcase>
  <testcase name="testGenericSortDecl6()" classname="de.uka.ilkd.key.parser.TestDeclParser" time="1.542"/>
  <testcase name="testSortDecl()" classname="de.uka.ilkd.key.parser.TestDeclParser" time="1.571"/>
  <testcase name="testProxySortDecl()" classname="de.uka.ilkd.key.parser.TestDeclParser" time="1.546"/>
  <testcase name="testArrayDecl()" classname="de.uka.ilkd.key.parser.TestDeclParser" time="1.547"/>
  <testcase name="testAmbiguousDecls()" classname="de.uka.ilkd.key.parser.TestDeclParser" time="0.0">
    <skipped/>
  </testcase>
  <testcase name="testHeurDecl()" classname="de.uka.ilkd.key.parser.TestDeclParser" time="1.608"/>
  <testcase name="testFunctionDecl()" classname="de.uka.ilkd.key.parser.TestDeclParser" time="1.539"/>
  <testcase name="testPredicateDecl()" classname="de.uka.ilkd.key.parser.TestDeclParser" time="1.59"/>
  <testcase name="testSVDecl()" classname="de.uka.ilkd.key.parser.TestDeclParser" time="1.557"/>
  <system-out><![CDATA[376114     INFO  Test worker     d.u.i.k.n.KeyIO           Parsing took 0 ms 
376114     DEBUG Test worker     d.u.i.k.n.KeyIO           Load declarations of de.uka.ilkd.key.nparser.KeyAst$File:  <unknown>:1#1 
376114     INFO  Test worker     d.u.i.k.n.KeyIO           MODE: declarations took 0 ms 
376114     DEBUG Test worker     d.u.i.k.n.KeyIO           MODE: 2nd degree decls took 0 
376114     DEBUG Test worker     d.u.i.k.n.KeyIO           MODE: taclets took 0ms 
377709     INFO  Test worker     d.u.i.k.n.KeyIO           Parsing took 0 ms 
377709     DEBUG Test worker     d.u.i.k.n.KeyIO           Load declarations of de.uka.ilkd.key.nparser.KeyAst$File:  <unknown>:1#1 
377709     INFO  Test worker     d.u.i.k.n.KeyIO           MODE: declarations took 0 ms 
377709     DEBUG Test worker     d.u.i.k.n.KeyIO           MODE: 2nd degree decls took 0 
377709     DEBUG Test worker     d.u.i.k.n.KeyIO           MODE: taclets took 0ms 
379281     INFO  Test worker     d.u.i.k.n.KeyIO           Parsing took 0 ms 
379281     DEBUG Test worker     d.u.i.k.n.KeyIO           Load declarations of de.uka.ilkd.key.nparser.KeyAst$File:  <unknown>:1#1 
379281     INFO  Test worker     d.u.i.k.n.KeyIO           MODE: declarations took 0 ms 
379281     DEBUG Test worker     d.u.i.k.n.KeyIO           MODE: 2nd degree decls took 0 
379281     DEBUG Test worker     d.u.i.k.n.KeyIO           MODE: taclets took 0ms 
380901     INFO  Test worker     d.u.i.k.n.KeyIO           Parsing took 0 ms 
380901     DEBUG Test worker     d.u.i.k.n.KeyIO           Load declarations of de.uka.ilkd.key.nparser.KeyAst$File:  <unknown>:1#1 
380901     INFO  Test worker     d.u.i.k.n.KeyIO           MODE: declarations took 0 ms 
380901     DEBUG Test worker     d.u.i.k.n.KeyIO           MODE: 2nd degree decls took 0 
380901     DEBUG Test worker     d.u.i.k.n.KeyIO           MODE: taclets took 0ms 
382437     INFO  Test worker     d.u.i.k.n.KeyIO           Parsing took 0 ms 
382437     DEBUG Test worker     d.u.i.k.n.KeyIO           Load declarations of de.uka.ilkd.key.nparser.KeyAst$File:  <unknown>:1#1 
382437     INFO  Test worker     d.u.i.k.n.KeyIO           MODE: declarations took 0 ms 
382437     DEBUG Test worker     d.u.i.k.n.KeyIO           MODE: 2nd degree decls took 0 
382437     DEBUG Test worker     d.u.i.k.n.KeyIO           MODE: taclets took 0ms 
384006     INFO  Test worker     d.u.i.k.n.KeyIO           Parsing took 0 ms 
384006     DEBUG Test worker     d.u.i.k.n.KeyIO           Load declarations of de.uka.ilkd.key.nparser.KeyAst$File:  <unknown>:1#1 
384006     INFO  Test worker     d.u.i.k.n.KeyIO           MODE: declarations took 0 ms 
384006     DEBUG Test worker     d.u.i.k.n.KeyIO           MODE: 2nd degree decls took 0 
384006     DEBUG Test worker     d.u.i.k.n.KeyIO           MODE: taclets took 0ms 
385554     INFO  Test worker     d.u.i.k.n.KeyIO           Parsing took 0 ms 
385554     DEBUG Test worker     d.u.i.k.n.KeyIO           Load declarations of de.uka.ilkd.key.nparser.KeyAst$File:  <unknown>:1#1 
385554     INFO  Test worker     d.u.i.k.n.KeyIO           MODE: declarations took 0 ms 
385554     DEBUG Test worker     d.u.i.k.n.KeyIO           MODE: 2nd degree decls took 0 
385554     DEBUG Test worker     d.u.i.k.n.KeyIO           MODE: taclets took 0ms 
387095     INFO  Test worker     d.u.i.k.n.KeyIO           Parsing took 0 ms 
387095     DEBUG Test worker     d.u.i.k.n.KeyIO           Load declarations of de.uka.ilkd.key.nparser.KeyAst$File:  <unknown>:1#1 
387095     INFO  Test worker     d.u.i.k.n.KeyIO           MODE: declarations took 0 ms 
387095     DEBUG Test worker     d.u.i.k.n.KeyIO           MODE: 2nd degree decls took 0 
387095     DEBUG Test worker     d.u.i.k.n.KeyIO           MODE: taclets took 0ms 
388710     INFO  Test worker     d.u.i.k.n.KeyIO           Parsing took 0 ms 
388710     DEBUG Test worker     d.u.i.k.n.KeyIO           Load declarations of de.uka.ilkd.key.nparser.KeyAst$File:  <unknown>:1#1 
388710     INFO  Test worker     d.u.i.k.n.KeyIO           MODE: declarations took 0 ms 
388710     DEBUG Test worker     d.u.i.k.n.KeyIO           MODE: 2nd degree decls took 0 
388710     DEBUG Test worker     d.u.i.k.n.KeyIO           MODE: taclets took 0ms 
390254     INFO  Test worker     d.u.i.k.n.KeyIO           Parsing took 0 ms 
390254     DEBUG Test worker     d.u.i.k.n.KeyIO           Load declarations of de.uka.ilkd.key.nparser.KeyAst$File:  <unknown>:1#1 
390254     INFO  Test worker     d.u.i.k.n.KeyIO           MODE: declarations took 0 ms 
390254     DEBUG Test worker     d.u.i.k.n.KeyIO           MODE: 2nd degree decls took 0 
390254     DEBUG Test worker     d.u.i.k.n.KeyIO           MODE: taclets took 0ms 
391839     INFO  Test worker     d.u.i.k.n.KeyIO           Parsing took 0 ms 
391839     DEBUG Test worker     d.u.i.k.n.KeyIO           Load declarations of de.uka.ilkd.key.nparser.KeyAst$File:  <unknown>:1#1 
391839     INFO  Test worker     d.u.i.k.n.KeyIO           MODE: declarations took 0 ms 
391839     DEBUG Test worker     d.u.i.k.n.KeyIO           MODE: 2nd degree decls took 0 
391839     DEBUG Test worker     d.u.i.k.n.KeyIO           MODE: taclets took 0ms 
393395     INFO  Test worker     d.u.i.k.n.KeyIO           Parsing took 0 ms 
393395     DEBUG Test worker     d.u.i.k.n.KeyIO           Load declarations of de.uka.ilkd.key.nparser.KeyAst$File:  <unknown>:1#1 
393395     INFO  Test worker     d.u.i.k.n.KeyIO           MODE: declarations took 0 ms 
393395     DEBUG Test worker     d.u.i.k.n.KeyIO           MODE: 2nd degree decls took 0 
393395     DEBUG Test worker     d.u.i.k.n.KeyIO           MODE: taclets took 0ms 
]]></system-out>
  <system-err><![CDATA[]]></system-err>
</testsuite>
