<?xml version="1.0" encoding="UTF-8"?>
<testsuite name="de.uka.ilkd.key.logic.TestVariableNamer" tests="3" skipped="0" failures="0" errors="0" timestamp="2023-06-08T20:18:09" hostname="fv-az623-166" time="0.022">
  <properties/>
  <testcase name="testInnerRename()" classname="de.uka.ilkd.key.logic.TestVariableNamer" time="0.005"/>
  <testcase name="testNameProposals()" classname="de.uka.ilkd.key.logic.TestVariableNamer" time="0.0"/>
  <testcase name="testInnerRenameUniqueness()" classname="de.uka.ilkd.key.logic.TestVariableNamer" time="0.001"/>
  <system-out><![CDATA[]]></system-out>
  <system-err><![CDATA[]]></system-err>
</testsuite>
