<?xml version="1.0" encoding="UTF-8"?>
<testsuite name="de.uka.ilkd.key.parser.TestTermParserSorts" tests="2" skipped="0" failures="0" errors="0" timestamp="2023-06-08T20:25:29" hostname="fv-az623-166" time="5.067">
  <properties/>
  <testcase name="testParseIntegerArgs()" classname="de.uka.ilkd.key.parser.TestTermParserSorts" time="0.031"/>
  <testcase name="testParseSequencePrettySyntax()" classname="de.uka.ilkd.key.parser.TestTermParserSorts" time="0.003"/>
  <system-out><![CDATA[739382     INFO  Test worker     d.u.i.k.n.KeyIO           Parsing took 0 ms 
739382     DEBUG Test worker     d.u.i.k.n.KeyIO           Load declarations of de.uka.ilkd.key.nparser.KeyAst$File:  <unknown>:1#1 
739382     INFO  Test worker     d.u.i.k.n.KeyIO           MODE: declarations took 0 ms 
739382     DEBUG Test worker     d.u.i.k.n.KeyIO           MODE: 2nd degree decls took 0 
739382     INFO  Test worker     d.u.i.k.n.KeyIO           Parsing took 0 ms 
739382     DEBUG Test worker     d.u.i.k.n.KeyIO           Load declarations of de.uka.ilkd.key.nparser.KeyAst$File:  <unknown>:1#1 
739382     INFO  Test worker     d.u.i.k.n.KeyIO           MODE: declarations took 0 ms 
739382     DEBUG Test worker     d.u.i.k.n.KeyIO           MODE: 2nd degree decls took 0 
739382     INFO  Test worker     d.u.i.k.n.KeyIO           Parsing took 0 ms 
739382     DEBUG Test worker     d.u.i.k.n.KeyIO           Load declarations of de.uka.ilkd.key.nparser.KeyAst$File:  <unknown>:1#1 
739382     INFO  Test worker     d.u.i.k.n.KeyIO           MODE: declarations took 0 ms 
739382     DEBUG Test worker     d.u.i.k.n.KeyIO           MODE: 2nd degree decls took 0 
744446     INFO  Test worker     d.u.i.k.n.KeyIO           Parsing took 0 ms 
744446     DEBUG Test worker     d.u.i.k.n.KeyIO           Load declarations of de.uka.ilkd.key.nparser.KeyAst$File:  <unknown>:1#1 
744446     INFO  Test worker     d.u.i.k.n.KeyIO           MODE: declarations took 0 ms 
744446     DEBUG Test worker     d.u.i.k.n.KeyIO           MODE: 2nd degree decls took 0 
744446     INFO  Test worker     d.u.i.k.n.KeyIO           Parsing took 0 ms 
744446     DEBUG Test worker     d.u.i.k.n.KeyIO           Load declarations of de.uka.ilkd.key.nparser.KeyAst$File:  <unknown>:1#1 
744446     INFO  Test worker     d.u.i.k.n.KeyIO           MODE: declarations took 0 ms 
744446     DEBUG Test worker     d.u.i.k.n.KeyIO           MODE: 2nd degree decls took 0 
744446     INFO  Test worker     d.u.i.k.n.KeyIO           Parsing took 0 ms 
744446     DEBUG Test worker     d.u.i.k.n.KeyIO           Load declarations of de.uka.ilkd.key.nparser.KeyAst$File:  <unknown>:1#1 
744446     INFO  Test worker     d.u.i.k.n.KeyIO           MODE: declarations took 0 ms 
744446     DEBUG Test worker     d.u.i.k.n.KeyIO           MODE: 2nd degree decls took 0 
]]></system-out>
  <system-err><![CDATA[]]></system-err>
</testsuite>
