<?xml version="1.0" encoding="UTF-8"?>
<testsuite name="de.uka.ilkd.key.logic.TestClashFreeSubst" tests="14" skipped="2" failures="0" errors="0" timestamp="2023-06-08T20:14:17" hostname="fv-az623-166" time="87.188">
  <properties/>
  <testcase name="testMultiShareBound()" classname="de.uka.ilkd.key.logic.TestClashFreeSubst" time="1.65"/>
  <testcase name="testClash()" classname="de.uka.ilkd.key.logic.TestClashFreeSubst" time="1.572"/>
  <testcase name="testShare()" classname="de.uka.ilkd.key.logic.TestClashFreeSubst" time="1.621"/>
  <testcase name="testSubst()" classname="de.uka.ilkd.key.logic.TestClashFreeSubst" time="1.715"/>
  <testcase name="testWary0()" classname="de.uka.ilkd.key.logic.TestClashFreeSubst" time="1.57"/>
  <testcase name="testWary1()" classname="de.uka.ilkd.key.logic.TestClashFreeSubst" time="1.572"/>
  <testcase name="testWary2()" classname="de.uka.ilkd.key.logic.TestClashFreeSubst" time="1.553"/>
  <testcase name="testClashInSubstTerm()" classname="de.uka.ilkd.key.logic.TestClashFreeSubst" time="1.567"/>
  <testcase name="testShareWary()" classname="de.uka.ilkd.key.logic.TestClashFreeSubst" time="1.65"/>
  <testcase name="testMultiSubst()" classname="de.uka.ilkd.key.logic.TestClashFreeSubst" time="1.618"/>
  <testcase name="xtestMultiClash()" classname="de.uka.ilkd.key.logic.TestClashFreeSubst" time="0.0">
    <skipped/>
  </testcase>
  <testcase name="testSubstInSubstTerm()" classname="de.uka.ilkd.key.logic.TestClashFreeSubst" time="1.759"/>
  <testcase name="testSubstWary()" classname="de.uka.ilkd.key.logic.TestClashFreeSubst" time="1.564"/>
  <testcase name="xtestMultiClash1()" classname="de.uka.ilkd.key.logic.TestClashFreeSubst" time="0.0">
    <skipped/>
  </testcase>
  <system-out><![CDATA[67319      INFO  Test worker     d.u.i.k.n.KeyIO           Parsing took 0 ms 
67319      DEBUG Test worker     d.u.i.k.n.KeyIO           Load declarations of de.uka.ilkd.key.nparser.KeyAst$File:  <unknown>:1#1 
67319      INFO  Test worker     d.u.i.k.n.KeyIO           MODE: declarations took 0 ms 
67319      DEBUG Test worker     d.u.i.k.n.KeyIO           MODE: 2nd degree decls took 0 
68952      INFO  Test worker     d.u.i.k.n.KeyIO           Parsing took 0 ms 
68952      DEBUG Test worker     d.u.i.k.n.KeyIO           Load declarations of de.uka.ilkd.key.nparser.KeyAst$File:  <unknown>:1#1 
68952      INFO  Test worker     d.u.i.k.n.KeyIO           MODE: declarations took 0 ms 
68952      DEBUG Test worker     d.u.i.k.n.KeyIO           MODE: 2nd degree decls took 0 
74191      INFO  Test worker     d.u.i.k.n.KeyIO           Parsing took 0 ms 
74191      DEBUG Test worker     d.u.i.k.n.KeyIO           Load declarations of de.uka.ilkd.key.nparser.KeyAst$File:  <unknown>:1#1 
74191      INFO  Test worker     d.u.i.k.n.KeyIO           MODE: declarations took 0 ms 
74191      DEBUG Test worker     d.u.i.k.n.KeyIO           MODE: 2nd degree decls took 0 
75759      INFO  Test worker     d.u.i.k.n.KeyIO           Parsing took 0 ms 
75759      DEBUG Test worker     d.u.i.k.n.KeyIO           Load declarations of de.uka.ilkd.key.nparser.KeyAst$File:  <unknown>:1#1 
75759      INFO  Test worker     d.u.i.k.n.KeyIO           MODE: declarations took 0 ms 
75759      DEBUG Test worker     d.u.i.k.n.KeyIO           MODE: 2nd degree decls took 0 
80917      INFO  Test worker     d.u.i.k.n.KeyIO           Parsing took 0 ms 
80917      DEBUG Test worker     d.u.i.k.n.KeyIO           Load declarations of de.uka.ilkd.key.nparser.KeyAst$File:  <unknown>:1#1 
80917      INFO  Test worker     d.u.i.k.n.KeyIO           MODE: declarations took 0 ms 
80933      DEBUG Test worker     d.u.i.k.n.KeyIO           MODE: 2nd degree decls took 0 
82528      INFO  Test worker     d.u.i.k.n.KeyIO           Parsing took 0 ms 
82528      DEBUG Test worker     d.u.i.k.n.KeyIO           Load declarations of de.uka.ilkd.key.nparser.KeyAst$File:  <unknown>:1#1 
82528      INFO  Test worker     d.u.i.k.n.KeyIO           MODE: declarations took 0 ms 
82528      DEBUG Test worker     d.u.i.k.n.KeyIO           MODE: 2nd degree decls took 0 
87922      INFO  Test worker     d.u.i.k.n.KeyIO           Parsing took 0 ms 
87922      DEBUG Test worker     d.u.i.k.n.KeyIO           Load declarations of de.uka.ilkd.key.nparser.KeyAst$File:  <unknown>:1#1 
87922      INFO  Test worker     d.u.i.k.n.KeyIO           MODE: declarations took 0 ms 
87922      DEBUG Test worker     d.u.i.k.n.KeyIO           MODE: 2nd degree decls took 0 
89641      INFO  Test worker     d.u.i.k.n.KeyIO           Parsing took 0 ms 
89642      DEBUG Test worker     d.u.i.k.n.KeyIO           Load declarations of de.uka.ilkd.key.nparser.KeyAst$File:  <unknown>:1#1 
89642      INFO  Test worker     d.u.i.k.n.KeyIO           MODE: declarations took 0 ms 
89642      DEBUG Test worker     d.u.i.k.n.KeyIO           MODE: 2nd degree decls took 0 
95162      INFO  Test worker     d.u.i.k.n.KeyIO           Parsing took 0 ms 
95162      DEBUG Test worker     d.u.i.k.n.KeyIO           Load declarations of de.uka.ilkd.key.nparser.KeyAst$File:  <unknown>:1#1 
95162      INFO  Test worker     d.u.i.k.n.KeyIO           MODE: declarations took 0 ms 
95162      DEBUG Test worker     d.u.i.k.n.KeyIO           MODE: 2nd degree decls took 0 
96711      INFO  Test worker     d.u.i.k.n.KeyIO           Parsing took 0 ms 
96711      DEBUG Test worker     d.u.i.k.n.KeyIO           Load declarations of de.uka.ilkd.key.nparser.KeyAst$File:  <unknown>:1#1 
96711      INFO  Test worker     d.u.i.k.n.KeyIO           MODE: declarations took 0 ms 
96711      DEBUG Test worker     d.u.i.k.n.KeyIO           MODE: 2nd degree decls took 0 
101798     INFO  Test worker     d.u.i.k.n.KeyIO           Parsing took 0 ms 
101798     DEBUG Test worker     d.u.i.k.n.KeyIO           Load declarations of de.uka.ilkd.key.nparser.KeyAst$File:  <unknown>:1#1 
101798     INFO  Test worker     d.u.i.k.n.KeyIO           MODE: declarations took 0 ms 
101798     DEBUG Test worker     d.u.i.k.n.KeyIO           MODE: 2nd degree decls took 0 
103356     INFO  Test worker     d.u.i.k.n.KeyIO           Parsing took 0 ms 
103356     DEBUG Test worker     d.u.i.k.n.KeyIO           Load declarations of de.uka.ilkd.key.nparser.KeyAst$File:  <unknown>:1#1 
103371     INFO  Test worker     d.u.i.k.n.KeyIO           MODE: declarations took 15 ms 
103371     DEBUG Test worker     d.u.i.k.n.KeyIO           MODE: 2nd degree decls took 0 
108434     INFO  Test worker     d.u.i.k.n.KeyIO           Parsing took 0 ms 
108434     DEBUG Test worker     d.u.i.k.n.KeyIO           Load declarations of de.uka.ilkd.key.nparser.KeyAst$File:  <unknown>:1#1 
108434     INFO  Test worker     d.u.i.k.n.KeyIO           MODE: declarations took 0 ms 
108434     DEBUG Test worker     d.u.i.k.n.KeyIO           MODE: 2nd degree decls took 0 
109979     INFO  Test worker     d.u.i.k.n.KeyIO           Parsing took 0 ms 
109979     DEBUG Test worker     d.u.i.k.n.KeyIO           Load declarations of de.uka.ilkd.key.nparser.KeyAst$File:  <unknown>:1#1 
109979     INFO  Test worker     d.u.i.k.n.KeyIO           MODE: declarations took 0 ms 
109979     DEBUG Test worker     d.u.i.k.n.KeyIO           MODE: 2nd degree decls took 0 
115067     INFO  Test worker     d.u.i.k.n.KeyIO           Parsing took 0 ms 
115067     DEBUG Test worker     d.u.i.k.n.KeyIO           Load declarations of de.uka.ilkd.key.nparser.KeyAst$File:  <unknown>:1#1 
115067     INFO  Test worker     d.u.i.k.n.KeyIO           MODE: declarations took 0 ms 
115067     DEBUG Test worker     d.u.i.k.n.KeyIO           MODE: 2nd degree decls took 0 
116631     INFO  Test worker     d.u.i.k.n.KeyIO           Parsing took 0 ms 
116631     DEBUG Test worker     d.u.i.k.n.KeyIO           Load declarations of de.uka.ilkd.key.nparser.KeyAst$File:  <unknown>:1#1 
116631     INFO  Test worker     d.u.i.k.n.KeyIO           MODE: declarations took 0 ms 
116631     DEBUG Test worker     d.u.i.k.n.KeyIO           MODE: 2nd degree decls took 0 
121818     INFO  Test worker     d.u.i.k.n.KeyIO           Parsing took 0 ms 
121818     DEBUG Test worker     d.u.i.k.n.KeyIO           Load declarations of de.uka.ilkd.key.nparser.KeyAst$File:  <unknown>:1#1 
121818     INFO  Test worker     d.u.i.k.n.KeyIO           MODE: declarations took 0 ms 
121833     DEBUG Test worker     d.u.i.k.n.KeyIO           MODE: 2nd degree decls took 0 
123453     INFO  Test worker     d.u.i.k.n.KeyIO           Parsing took 0 ms 
123453     DEBUG Test worker     d.u.i.k.n.KeyIO           Load declarations of de.uka.ilkd.key.nparser.KeyAst$File:  <unknown>:1#1 
123453     INFO  Test worker     d.u.i.k.n.KeyIO           MODE: declarations took 0 ms 
123468     DEBUG Test worker     d.u.i.k.n.KeyIO           MODE: 2nd degree decls took 0 
128685     INFO  Test worker     d.u.i.k.n.KeyIO           Parsing took 0 ms 
128685     DEBUG Test worker     d.u.i.k.n.KeyIO           Load declarations of de.uka.ilkd.key.nparser.KeyAst$File:  <unknown>:1#1 
128685     INFO  Test worker     d.u.i.k.n.KeyIO           MODE: declarations took 0 ms 
128685     DEBUG Test worker     d.u.i.k.n.KeyIO           MODE: 2nd degree decls took 0 
130289     INFO  Test worker     d.u.i.k.n.KeyIO           Parsing took 0 ms 
130289     DEBUG Test worker     d.u.i.k.n.KeyIO           Load declarations of de.uka.ilkd.key.nparser.KeyAst$File:  <unknown>:1#1 
130289     INFO  Test worker     d.u.i.k.n.KeyIO           MODE: declarations took 0 ms 
130289     DEBUG Test worker     d.u.i.k.n.KeyIO           MODE: 2nd degree decls took 0 
140831     INFO  Test worker     d.u.i.k.n.KeyIO           Parsing took 0 ms 
140831     DEBUG Test worker     d.u.i.k.n.KeyIO           Load declarations of de.uka.ilkd.key.nparser.KeyAst$File:  <unknown>:1#1 
140831     INFO  Test worker     d.u.i.k.n.KeyIO           MODE: declarations took 0 ms 
140831     DEBUG Test worker     d.u.i.k.n.KeyIO           MODE: 2nd degree decls took 0 
142577     INFO  Test worker     d.u.i.k.n.KeyIO           Parsing took 0 ms 
142577     DEBUG Test worker     d.u.i.k.n.KeyIO           Load declarations of de.uka.ilkd.key.nparser.KeyAst$File:  <unknown>:1#1 
142577     INFO  Test worker     d.u.i.k.n.KeyIO           MODE: declarations took 0 ms 
142577     DEBUG Test worker     d.u.i.k.n.KeyIO           MODE: 2nd degree decls took 0 
147675     INFO  Test worker     d.u.i.k.n.KeyIO           Parsing took 0 ms 
147675     DEBUG Test worker     d.u.i.k.n.KeyIO           Load declarations of de.uka.ilkd.key.nparser.KeyAst$File:  <unknown>:1#1 
147675     INFO  Test worker     d.u.i.k.n.KeyIO           MODE: declarations took 0 ms 
147675     DEBUG Test worker     d.u.i.k.n.KeyIO           MODE: 2nd degree decls took 0 
149226     INFO  Test worker     d.u.i.k.n.KeyIO           Parsing took 0 ms 
149226     DEBUG Test worker     d.u.i.k.n.KeyIO           Load declarations of de.uka.ilkd.key.nparser.KeyAst$File:  <unknown>:1#1 
149226     INFO  Test worker     d.u.i.k.n.KeyIO           MODE: declarations took 0 ms 
149226     DEBUG Test worker     d.u.i.k.n.KeyIO           MODE: 2nd degree decls took 0 
]]></system-out>
  <system-err><![CDATA[]]></system-err>
</testsuite>
