<?xml version="1.0" encoding="UTF-8"?>
<testsuite name="de.uka.ilkd.key.rule.loop.LoopScopeInvRuleTests" tests="1" skipped="0" failures="0" errors="0" timestamp="2023-06-08T20:26:16" hostname="fv-az623-166" time="7.829">
  <properties/>
  <testcase name="testDoAutomaticProofOfBenchmarkWithLabeledBreaksAndContinues()" classname="de.uka.ilkd.key.rule.loop.LoopScopeInvRuleTests" time="7.829"/>
  <system-out><![CDATA[786413     INFO  Test worker     d.u.i.k.p.i.AbstractProblemLoader Loading environment from src\test\resources\testcase\loopScopeInvRule\Test.key 
786413     DEBUG Test worker     d.u.i.k.p.i.AbstractProblemLoader Environment load took 658.2ns 
786428     INFO  Test worker     d.u.i.k.p.i.AbstractProblemLoader Creating init config 
786710     DEBUG Test worker     d.u.i.k.j.TypeConverter   No LDT found for Meta 
786710     DEBUG Test worker     d.u.i.k.j.TypeConverter   No LDT found for Meta 
786710     DEBUG Test worker     d.u.i.k.j.TypeConverter   No LDT found for Meta 
786710     DEBUG Test worker     d.u.i.k.j.TypeConverter   No LDT found for Meta 
787718     DEBUG Test worker     d.u.i.k.j.TypeConverter   No LDT found for JavaBigintExpression 
793362     DEBUG Test worker     d.u.i.k.p.i.AbstractProblemLoader Init config took 6.94s 
793409     INFO  Test worker     d.u.i.k.p.i.AbstractProblemLoader Replaying proof Test[Test::loopScopeRuleBenchmark(int,boolean)].JML normal_behavior operation contract.0 
793409     DEBUG Test worker     d.u.i.k.p.i.IntermediateProofReplayer Proof replay took 92.7ns 
]]></system-out>
  <system-err><![CDATA[]]></system-err>
</testsuite>
