<?xml version="1.0" encoding="UTF-8"?>
<testsuite name="de.uka.ilkd.key.util.TestProofStarter" tests="2" skipped="0" failures="0" errors="0" timestamp="2023-06-08T20:36:35" hostname="fv-az623-166" time="76.319">
  <properties/>
  <testcase name="testDirectProofWithOneStepSimplification()" classname="de.uka.ilkd.key.util.TestProofStarter" time="40.997"/>
  <testcase name="testDirectProof()" classname="de.uka.ilkd.key.util.TestProofStarter" time="35.322"/>
  <system-out><![CDATA[1405604    INFO  Test worker     d.u.i.k.p.i.AbstractProblemLoader Loading environment from src\test\resources\testcase\proofStarter\CC\project.key 
1405604    DEBUG Test worker     d.u.i.k.p.i.AbstractProblemLoader Environment load took 197.9ns 
1405619    INFO  Test worker     d.u.i.k.p.i.AbstractProblemLoader Creating init config 
1410778    DEBUG Test worker     d.u.i.k.p.i.AbstractProblemLoader Init config took 5.17s 
1410841    INFO  Test worker     d.u.i.k.p.i.AbstractProblemLoader Replaying proof CC[CC::calcCoinIndex([I,[I)].JML normal_behavior operation contract.0 
1410841    DEBUG Test worker     d.u.i.k.p.i.IntermediateProofReplayer Proof replay took 2.1ns 
1446581    INFO  Test worker     d.u.i.k.p.i.AbstractProblemLoader Loading environment from src\test\resources\testcase\proofStarter\CC\project.key 
1446581    DEBUG Test worker     d.u.i.k.p.i.AbstractProblemLoader Environment load took 232.1ns 
1446585    INFO  Test worker     d.u.i.k.p.i.AbstractProblemLoader Creating init config 
1453064    DEBUG Test worker     d.u.i.k.p.i.AbstractProblemLoader Init config took 6.49s 
1453111    INFO  Test worker     d.u.i.k.p.i.AbstractProblemLoader Replaying proof CC[CC::calcCoinIndex([I,[I)].JML normal_behavior operation contract.0 
1453111    DEBUG Test worker     d.u.i.k.p.i.IntermediateProofReplayer Proof replay took 2.2ns 
]]></system-out>
  <system-err><![CDATA[]]></system-err>
</testsuite>
