<?xml version="1.0" encoding="UTF-8"?>
<testsuite name="de.uka.ilkd.key.proof.runallproofs.RunAllProofsFunctional" tests="34" skipped="0" failures="0" errors="0" timestamp="2023-05-27T15:46:24" hostname="fv-az247-585" time="5907.011">
  <properties/>
  <testcase name="newBook" classname="de.uka.ilkd.key.proof.runallproofs.RunAllProofsFunctional" time="70.438"/>
  <testcase name="oldBook" classname="de.uka.ilkd.key.proof.runallproofs.RunAllProofsFunctional" time="20.375"/>
  <testcase name="comprehensions" classname="de.uka.ilkd.key.proof.runallproofs.RunAllProofsFunctional" time="73.231"/>
  <testcase name="performance" classname="de.uka.ilkd.key.proof.runallproofs.RunAllProofsFunctional" time="256.167"/>
  <testcase name="performancePOConstruction" classname="de.uka.ilkd.key.proof.runallproofs.RunAllProofsFunctional" time="83.649"/>
  <testcase name="applicationRestrictions" classname="de.uka.ilkd.key.proof.runallproofs.RunAllProofsFunctional" time="53.576"/>
  <testcase name="blockContracts" classname="de.uka.ilkd.key.proof.runallproofs.RunAllProofsFunctional" time="148.683"/>
  <testcase name="jmlAsserts" classname="de.uka.ilkd.key.proof.runallproofs.RunAllProofsFunctional" time="100.501"/>
  <testcase name="javaCard" classname="de.uka.ilkd.key.proof.runallproofs.RunAllProofsFunctional" time="150.012"/>
  <testcase name="list" classname="de.uka.ilkd.key.proof.runallproofs.RunAllProofsFunctional" time="290.495"/>
  <testcase name="list_ghost" classname="de.uka.ilkd.key.proof.runallproofs.RunAllProofsFunctional" time="76.525"/>
  <testcase name="list_recursive" classname="de.uka.ilkd.key.proof.runallproofs.RunAllProofsFunctional" time="25.543"/>
  <testcase name="list_seq" classname="de.uka.ilkd.key.proof.runallproofs.RunAllProofsFunctional" time="197.799"/>
  <testcase name="observer" classname="de.uka.ilkd.key.proof.runallproofs.RunAllProofsFunctional" time="108.03"/>
  <testcase name="removeDups" classname="de.uka.ilkd.key.proof.runallproofs.RunAllProofsFunctional" time="162.136"/>
  <testcase name="quicksort" classname="de.uka.ilkd.key.proof.runallproofs.RunAllProofsFunctional" time="122.493"/>
  <testcase name="simpleTests" classname="de.uka.ilkd.key.proof.runallproofs.RunAllProofsFunctional" time="170.712"/>
  <testcase name="SmansEtAl" classname="de.uka.ilkd.key.proof.runallproofs.RunAllProofsFunctional" time="211.954"/>
  <testcase name="VACID0" classname="de.uka.ilkd.key.proof.runallproofs.RunAllProofsFunctional" time="86.602"/>
  <testcase name="VSTTE10" classname="de.uka.ilkd.key.proof.runallproofs.RunAllProofsFunctional" time="202.386"/>
  <testcase name="WeideEtAl" classname="de.uka.ilkd.key.proof.runallproofs.RunAllProofsFunctional" time="33.443"/>
  <testcase name="arithmetic" classname="de.uka.ilkd.key.proof.runallproofs.RunAllProofsFunctional" time="532.933"/>
  <testcase name="arrays" classname="de.uka.ilkd.key.proof.runallproofs.RunAllProofsFunctional" time="64.307"/>
  <testcase name="javadl" classname="de.uka.ilkd.key.proof.runallproofs.RunAllProofsFunctional" time="694.803"/>
  <testcase name="FOL" classname="de.uka.ilkd.key.proof.runallproofs.RunAllProofsFunctional" time="307.774"/>
  <testcase name="strings" classname="de.uka.ilkd.key.proof.runallproofs.RunAllProofsFunctional" time="162.153"/>
  <testcase name="simple_info_flow" classname="de.uka.ilkd.key.proof.runallproofs.RunAllProofsFunctional" time="15.523"/>
  <testcase name="modelMethods" classname="de.uka.ilkd.key.proof.runallproofs.RunAllProofsFunctional" time="203.85"/>
  <testcase name="permissionHeap" classname="de.uka.ilkd.key.proof.runallproofs.RunAllProofsFunctional" time="937.941"/>
  <testcase name="completionScopes" classname="de.uka.ilkd.key.proof.runallproofs.RunAllProofsFunctional" time="57.112"/>
  <testcase name="reload_examples" classname="de.uka.ilkd.key.proof.runallproofs.RunAllProofsFunctional" time="48.991"/>
  <testcase name="proofLoadRepair" classname="de.uka.ilkd.key.proof.runallproofs.RunAllProofsFunctional" time="21.369"/>
  <testcase name="switch" classname="de.uka.ilkd.key.proof.runallproofs.RunAllProofsFunctional" time="68.985"/>
  <testcase name="redux" classname="de.uka.ilkd.key.proof.runallproofs.RunAllProofsFunctional" time="146.498"/>
  <system-out><![CDATA[261        INFO  Test worker     d.u.i.k.p.r.p.StatisticsFile Running test newBook 
412        INFO  Timeout watchdog d.u.i.k.p.r.p.ForkedTestFileRunner Timeout watcher launched (2000 secs.) 
435        WARN  main            d.u.i.k.s.ProofSettings   No proof-settings could be loaded, using defaults java.io.FileNotFoundException: /home/runner/.key/proof-settings.props (No such file or directory)
	at java.base/java.io.FileInputStream.open0(Native Method)

505        INFO  main            d.u.i.k.p.r.p.TestFile    Now processing file /home/runner/work/key/key/key.core/../key.ui/examples/newBook/09.list_modelfield/ArrayList.add.key 
634        INFO  main            d.u.i.k.p.i.AbstractProblemLoader Loading environment from /home/runner/work/key/key/key.core/../key.ui/examples/newBook/09.list_modelfield/ArrayList.add.key 
651        DEBUG main            d.u.i.k.p.i.AbstractProblemLoader Environment load took 1.84ms 
947        INFO  main            d.u.i.k.p.i.AbstractProblemLoader Creating init config 
2052       DEBUG main            d.u.i.k.j.TypeConverter   No LDT found for Meta 
2054       DEBUG main            d.u.i.k.j.TypeConverter   No LDT found for Meta 
2057       DEBUG main            d.u.i.k.j.TypeConverter   No LDT found for Meta 
2057       DEBUG main            d.u.i.k.j.TypeConverter   No LDT found for Meta 
3571       DEBUG main            d.u.i.k.j.TypeConverter   No LDT found for JavaBigintExpression 
9371       DEBUG main            d.u.i.k.p.i.AbstractProblemLoader Init config took 8.42s 
9553       INFO  main            d.u.i.k.p.i.AbstractProblemLoader Replaying proof ArrayList[List::add(int)].JML normal_behavior operation contract.0 
9594       DEBUG main            d.u.i.k.p.i.IntermediateProofReplayer Proof replay took 31ns 
30265      INFO  main            d.u.i.k.p.r.p.TestFile    ... finished proof: closed. 
30557      INFO  main            d.u.i.k.p.i.AbstractProblemLoader Loading environment from /home/runner/work/key/key/key.core/../key.ui/examples/newBook/09.list_modelfield/ArrayList.add.key.proof 
30558      DEBUG main            d.u.i.k.p.i.AbstractProblemLoader Environment load took 926.21ns 
30565      INFO  main            d.u.i.k.p.i.AbstractProblemLoader Creating init config 
33816      DEBUG main            d.u.i.k.p.i.AbstractProblemLoader Init config took 3.25s 
33893      INFO  main            d.u.i.k.p.i.AbstractProblemLoader Replaying proof ArrayList[List::add(int)].JML normal_behavior operation contract.0 
35596      DEBUG main            d.u.i.k.p.i.IntermediateProofReplayer Proof replay took 1.63s 
35608      DEBUG main            d.u.i.k.p.r.p.TestFile    ... success: reloaded. 
35610      INFO  main            d.u.i.k.p.r.p.TestFile    Now processing file /home/runner/work/key/key/key.core/../key.ui/examples/newBook/09.list_modelfield/ArrayList.remFirst.key 
35610      INFO  main            d.u.i.k.p.i.AbstractProblemLoader Loading environment from /home/runner/work/key/key/key.core/../key.ui/examples/newBook/09.list_modelfield/ArrayList.remFirst.key 
35611      DEBUG main            d.u.i.k.p.i.AbstractProblemLoader Environment load took 84.6ns 
35614      INFO  main            d.u.i.k.p.i.AbstractProblemLoader Creating init config 
38841      DEBUG main            d.u.i.k.p.i.AbstractProblemLoader Init config took 3.23s 
38908      INFO  main            d.u.i.k.p.i.AbstractProblemLoader Replaying proof ArrayList[List::remFirst()].JML normal_behavior operation contract.0 
38910      DEBUG main            d.u.i.k.p.i.IntermediateProofReplayer Proof replay took 6.5ns 
44056      INFO  main            d.u.i.k.p.r.p.TestFile    ... finished proof: closed. 
44259      INFO  main            d.u.i.k.p.i.AbstractProblemLoader Loading environment from /home/runner/work/key/key/key.core/../key.ui/examples/newBook/09.list_modelfield/ArrayList.remFirst.key.proof 
44260      DEBUG main            d.u.i.k.p.i.AbstractProblemLoader Environment load took 147.5ns 
44267      INFO  main            d.u.i.k.p.i.AbstractProblemLoader Creating init config 
47269      DEBUG main            d.u.i.k.p.i.AbstractProblemLoader Init config took 3s 
47386      INFO  main            d.u.i.k.p.i.AbstractProblemLoader Replaying proof ArrayList[List::remFirst()].JML normal_behavior operation contract.0 
48175      DEBUG main            d.u.i.k.p.i.IntermediateProofReplayer Proof replay took 761.36ms 
48181      DEBUG main            d.u.i.k.p.r.p.TestFile    ... success: reloaded. 
48183      INFO  main            d.u.i.k.p.r.p.TestFile    Now processing file /home/runner/work/key/key/key.core/../key.ui/examples/newBook/09.list_modelfield/ArrayList.empty.key 
48183      INFO  main            d.u.i.k.p.i.AbstractProblemLoader Loading environment from /home/runner/work/key/key/key.core/../key.ui/examples/newBook/09.list_modelfield/ArrayList.empty.key 
48184      DEBUG main            d.u.i.k.p.i.AbstractProblemLoader Environment load took 408.8ns 
48185      INFO  main            d.u.i.k.p.i.AbstractProblemLoader Creating init config 
51135      DEBUG main            d.u.i.k.p.i.AbstractProblemLoader Init config took 2.95s 
51191      INFO  main            d.u.i.k.p.i.AbstractProblemLoader Replaying proof ArrayList[List::empty()].JML normal_behavior operation contract.0 
51193      DEBUG main            d.u.i.k.p.i.IntermediateProofReplayer Proof replay took 5.7ns 
52299      INFO  main            d.u.i.k.p.r.p.TestFile    ... finished proof: closed. 
52506      INFO  main            d.u.i.k.p.i.AbstractProblemLoader Loading environment from /home/runner/work/key/key/key.core/../key.ui/examples/newBook/09.list_modelfield/ArrayList.empty.key.proof 
52508      DEBUG main            d.u.i.k.p.i.AbstractProblemLoader Environment load took 1.55ms 
52509      INFO  main            d.u.i.k.p.i.AbstractProblemLoader Creating init config 
55409      DEBUG main            d.u.i.k.p.i.AbstractProblemLoader Init config took 2.9s 
55472      INFO  main            d.u.i.k.p.i.AbstractProblemLoader Replaying proof ArrayList[List::empty()].JML normal_behavior operation contract.0 
55636      DEBUG main            d.u.i.k.p.i.IntermediateProofReplayer Proof replay took 157.5ms 
55637      DEBUG main            d.u.i.k.p.r.p.TestFile    ... success: reloaded. 
55638      INFO  main            d.u.i.k.p.r.p.TestFile    Now processing file /home/runner/work/key/key/key.core/../key.ui/examples/newBook/09.list_modelfield/ArrayList.size.key 
55638      INFO  main            d.u.i.k.p.i.AbstractProblemLoader Loading environment from /home/runner/work/key/key/key.core/../key.ui/examples/newBook/09.list_modelfield/ArrayList.size.key 
55638      DEBUG main            d.u.i.k.p.i.AbstractProblemLoader Environment load took 76.8ns 
55639      INFO  main            d.u.i.k.p.i.AbstractProblemLoader Creating init config 
58707      DEBUG main            d.u.i.k.p.i.AbstractProblemLoader Init config took 3.07s 
58756      INFO  main            d.u.i.k.p.i.AbstractProblemLoader Replaying proof ArrayList[List::size()].JML normal_behavior operation contract.0 
58757      DEBUG main            d.u.i.k.p.i.IntermediateProofReplayer Proof replay took 5.5ns 
59263      INFO  main            d.u.i.k.p.r.p.TestFile    ... finished proof: closed. 
59494      INFO  main            d.u.i.k.p.i.AbstractProblemLoader Loading environment from /home/runner/work/key/key/key.core/../key.ui/examples/newBook/09.list_modelfield/ArrayList.size.key.proof 
59495      DEBUG main            d.u.i.k.p.i.AbstractProblemLoader Environment load took 1.39ms 
59497      INFO  main            d.u.i.k.p.i.AbstractProblemLoader Creating init config 
62425      DEBUG main            d.u.i.k.p.i.AbstractProblemLoader Init config took 2.93s 
62473      INFO  main            d.u.i.k.p.i.AbstractProblemLoader Replaying proof ArrayList[List::size()].JML normal_behavior operation contract.0 
62546      DEBUG main            d.u.i.k.p.i.IntermediateProofReplayer Proof replay took 69.68ms 
62547      DEBUG main            d.u.i.k.p.r.p.TestFile    ... success: reloaded. 
62548      INFO  main            d.u.i.k.p.r.p.TestFile    Now processing file /home/runner/work/key/key/key.core/../key.ui/examples/newBook/09.list_modelfield/ArrayList.get.key 
62549      INFO  main            d.u.i.k.p.i.AbstractProblemLoader Loading environment from /home/runner/work/key/key/key.core/../key.ui/examples/newBook/09.list_modelfield/ArrayList.get.key 
62549      DEBUG main            d.u.i.k.p.i.AbstractProblemLoader Environment load took 75.6ns 
62549      INFO  main            d.u.i.k.p.i.AbstractProblemLoader Creating init config 
65447      DEBUG main            d.u.i.k.p.i.AbstractProblemLoader Init config took 2.9s 
65494      INFO  main            d.u.i.k.p.i.AbstractProblemLoader Replaying proof ArrayList[List::get(int)].JML normal_behavior operation contract.0 
65496      DEBUG main            d.u.i.k.p.i.IntermediateProofReplayer Proof replay took 6.6ns 
66703      INFO  main            d.u.i.k.p.r.p.TestFile    ... finished proof: closed. 
66993      INFO  main            d.u.i.k.p.i.AbstractProblemLoader Loading environment from /home/runner/work/key/key/key.core/../key.ui/examples/newBook/09.list_modelfield/ArrayList.get.key.proof 
66994      DEBUG main            d.u.i.k.p.i.AbstractProblemLoader Environment load took 1.25ms 
66996      INFO  main            d.u.i.k.p.i.AbstractProblemLoader Creating init config 
69887      DEBUG main            d.u.i.k.p.i.AbstractProblemLoader Init config took 2.89s 
69933      INFO  main            d.u.i.k.p.i.AbstractProblemLoader Replaying proof ArrayList[List::get(int)].JML normal_behavior operation contract.0 
70076      DEBUG main            d.u.i.k.p.i.IntermediateProofReplayer Proof replay took 137.82ms 
70078      DEBUG main            d.u.i.k.p.r.p.TestFile    ... success: reloaded. 
70674      INFO  Test worker     d.u.i.k.p.r.p.StatisticsFile Returning from test newBook 
70699      INFO  Test worker     d.u.i.k.p.r.p.StatisticsFile Running test oldBook 
392        INFO  Timeout watchdog d.u.i.k.p.r.p.ForkedTestFileRunner Timeout watcher launched (2000 secs.) 
400        WARN  main            d.u.i.k.s.ProofSettings   The settings in /home/runner/.key/proof-settings.props are *not* read. 
444        INFO  main            d.u.i.k.p.r.p.TestFile    Now processing file /home/runner/work/key/key/key.core/../key.ui/examples/standard_key/BookExamples/02FirstOrderLogic/Ex2.58.key 
554        INFO  main            d.u.i.k.p.i.AbstractProblemLoader Loading environment from /home/runner/work/key/key/key.core/../key.ui/examples/standard_key/BookExamples/02FirstOrderLogic/Ex2.58.key 
574        DEBUG main            d.u.i.k.p.i.AbstractProblemLoader Environment load took 3.37ms 
864        INFO  main            d.u.i.k.p.i.AbstractProblemLoader Creating init config 
1793       DEBUG main            d.u.i.k.j.TypeConverter   No LDT found for Meta 
1794       DEBUG main            d.u.i.k.j.TypeConverter   No LDT found for Meta 
1795       DEBUG main            d.u.i.k.j.TypeConverter   No LDT found for Meta 
1796       DEBUG main            d.u.i.k.j.TypeConverter   No LDT found for Meta 
3383       DEBUG main            d.u.i.k.j.TypeConverter   No LDT found for JavaBigintExpression 
9510       DEBUG main            d.u.i.k.p.i.AbstractProblemLoader Init config took 8.65s 
9597       INFO  main            d.u.i.k.p.i.AbstractProblemLoader Replaying proof Ex2.58.key 
9643       DEBUG main            d.u.i.k.p.i.IntermediateProofReplayer Proof replay took 38.5ns 
9912       INFO  main            d.u.i.k.p.r.p.TestFile    ... finished proof: closed. 
10028      INFO  main            d.u.i.k.p.i.AbstractProblemLoader Loading environment from /home/runner/work/key/key/key.core/../key.ui/examples/standard_key/BookExamples/02FirstOrderLogic/Ex2.58.key.proof 
10028      DEBUG main            d.u.i.k.p.i.AbstractProblemLoader Environment load took 173.8ns 
10032      INFO  main            d.u.i.k.p.i.AbstractProblemLoader Creating init config 
13094      DEBUG main            d.u.i.k.p.i.AbstractProblemLoader Init config took 3.06s 
13123      INFO  main            d.u.i.k.p.i.AbstractProblemLoader Replaying proof Ex2.58.key.proof 
13132      DEBUG main            d.u.i.k.p.i.IntermediateProofReplayer Proof replay took 4.15ms 
13143      DEBUG main            d.u.i.k.p.r.p.TestFile    ... success: reloaded. 
13145      INFO  main            d.u.i.k.p.r.p.TestFile    Now processing file /home/runner/work/key/key/key.core/../key.ui/examples/standard_key/BookExamples/03DynamicLogic/Sect3.3.1.key 
13146      INFO  main            d.u.i.k.p.i.AbstractProblemLoader Loading environment from /home/runner/work/key/key/key.core/../key.ui/examples/standard_key/BookExamples/03DynamicLogic/Sect3.3.1.key 
13146      DEBUG main            d.u.i.k.p.i.AbstractProblemLoader Environment load took 209.9ns 
13148      INFO  main            d.u.i.k.p.i.AbstractProblemLoader Creating init config 
16143      DEBUG main            d.u.i.k.p.i.AbstractProblemLoader Init config took 3s 
16175      INFO  main            d.u.i.k.p.i.AbstractProblemLoader Replaying proof Sect3.3.1.key 
16182      DEBUG main            d.u.i.k.p.i.IntermediateProofReplayer Proof replay took 7.2ns 
16889      INFO  main            d.u.i.k.p.r.p.TestFile    ... finished proof: closed. 
17043      INFO  main            d.u.i.k.p.i.AbstractProblemLoader Loading environment from /home/runner/work/key/key/key.core/../key.ui/examples/standard_key/BookExamples/03DynamicLogic/Sect3.3.1.key.proof 
17043      DEBUG main            d.u.i.k.p.i.AbstractProblemLoader Environment load took 153.6ns 
17048      INFO  main            d.u.i.k.p.i.AbstractProblemLoader Creating init config 
20044      DEBUG main            d.u.i.k.p.i.AbstractProblemLoader Init config took 3s 
20075      INFO  main            d.u.i.k.p.i.AbstractProblemLoader Replaying proof Sect3.3.1.key.proof 
20157      DEBUG main            d.u.i.k.p.i.IntermediateProofReplayer Proof replay took 76.26ms 
20159      DEBUG main            d.u.i.k.p.r.p.TestFile    ... success: reloaded. 
91071      INFO  Test worker     d.u.i.k.p.r.p.StatisticsFile Returning from test oldBook 
91078      INFO  Test worker     d.u.i.k.p.r.p.StatisticsFile Running test comprehensions 
406        INFO  Timeout watchdog d.u.i.k.p.r.p.ForkedTestFileRunner Timeout watcher launched (2000 secs.) 
425        WARN  main            d.u.i.k.s.ProofSettings   The settings in /home/runner/.key/proof-settings.props are *not* read. 
479        INFO  main            d.u.i.k.p.r.p.TestFile    Now processing file /home/runner/work/key/key/key.core/../key.ui/examples/heap/comprehensions/general_sum.key 
623        INFO  main            d.u.i.k.p.i.AbstractProblemLoader Loading environment from /home/runner/work/key/key/key.core/../key.ui/examples/heap/comprehensions/general_sum.key 
642        DEBUG main            d.u.i.k.p.i.AbstractProblemLoader Environment load took 2.12ms 
907        INFO  main            d.u.i.k.p.i.AbstractProblemLoader Creating init config 
2188       DEBUG main            d.u.i.k.j.TypeConverter   No LDT found for Meta 
2189       DEBUG main            d.u.i.k.j.TypeConverter   No LDT found for Meta 
2192       DEBUG main            d.u.i.k.j.TypeConverter   No LDT found for Meta 
2192       DEBUG main            d.u.i.k.j.TypeConverter   No LDT found for Meta 
4038       DEBUG main            d.u.i.k.j.TypeConverter   No LDT found for JavaBigintExpression 
10076      DEBUG main            d.u.i.k.p.i.AbstractProblemLoader Init config took 9.17s 
10237      INFO  main            d.u.i.k.p.i.AbstractProblemLoader Replaying proof GSum[GSum::doNothing()].JML operation contract.0 
10279      DEBUG main            d.u.i.k.p.i.IntermediateProofReplayer Proof replay took 34.1ns 
10690      INFO  main            d.u.i.k.p.r.p.TestFile    ... finished proof: closed. 
10818      INFO  main            d.u.i.k.p.i.AbstractProblemLoader Loading environment from /home/runner/work/key/key/key.core/../key.ui/examples/heap/comprehensions/general_sum.key.proof 
10818      DEBUG main            d.u.i.k.p.i.AbstractProblemLoader Environment load took 167.9ns 
10821      INFO  main            d.u.i.k.p.i.AbstractProblemLoader Creating init config 
13980      DEBUG main            d.u.i.k.p.i.AbstractProblemLoader Init config took 3.16s 
14045      INFO  main            d.u.i.k.p.i.AbstractProblemLoader Replaying proof GSum[GSum::doNothing()].JML operation contract.0 
14065      DEBUG main            d.u.i.k.p.i.IntermediateProofReplayer Proof replay took 14.59ms 
14072      DEBUG main            d.u.i.k.p.r.p.TestFile    ... success: reloaded. 
14073      INFO  main            d.u.i.k.p.r.p.TestFile    Now processing file /home/runner/work/key/key/key.core/../key.ui/examples/heap/comprehensions/sum0.key 
14074      INFO  main            d.u.i.k.p.i.AbstractProblemLoader Loading environment from /home/runner/work/key/key/key.core/../key.ui/examples/heap/comprehensions/sum0.key 
14074      DEBUG main            d.u.i.k.p.i.AbstractProblemLoader Environment load took 356.5ns 
14076      INFO  main            d.u.i.k.p.i.AbstractProblemLoader Creating init config 
17098      DEBUG main            d.u.i.k.p.i.AbstractProblemLoader Init config took 3.02s 
17184      INFO  main            d.u.i.k.p.i.AbstractProblemLoader Replaying proof Sum[Sum::sum0([I)].JML normal_behavior operation contract.0 
17191      DEBUG main            d.u.i.k.p.i.IntermediateProofReplayer Proof replay took 5.9ns 
17376      DEBUG Thread-4        d.u.i.k.l.l.OriginTermLabel commonFileName is null! 
17377      DEBUG Thread-4        d.u.i.k.l.l.OriginTermLabel commonFileName is null! 
17695      DEBUG Thread-4        d.u.i.k.l.l.OriginTermLabel commonFileName is null! 
17696      DEBUG Thread-4        d.u.i.k.l.l.OriginTermLabel commonFileName is null! 
17915      DEBUG Thread-4        d.u.i.k.l.l.OriginTermLabel commonFileName is null! 
18201      INFO  main            d.u.i.k.p.r.p.TestFile    ... finished proof: closed. 
18363      INFO  main            d.u.i.k.p.i.AbstractProblemLoader Loading environment from /home/runner/work/key/key/key.core/../key.ui/examples/heap/comprehensions/sum0.key.proof 
18369      DEBUG main            d.u.i.k.p.i.AbstractProblemLoader Environment load took 6.02ms 
18371      INFO  main            d.u.i.k.p.i.AbstractProblemLoader Creating init config 
21378      DEBUG main            d.u.i.k.p.i.AbstractProblemLoader Init config took 3.01s 
21435      INFO  main            d.u.i.k.p.i.AbstractProblemLoader Replaying proof Sum[Sum::sum0([I)].JML normal_behavior operation contract.0 
21471      DEBUG main            d.u.i.k.l.l.OriginTermLabel commonFileName is null! 
21472      DEBUG main            d.u.i.k.l.l.OriginTermLabel commonFileName is null! 
21581      DEBUG main            d.u.i.k.l.l.OriginTermLabel commonFileName is null! 
21626      DEBUG main            d.u.i.k.l.l.OriginTermLabel commonFileName is null! 
21628      DEBUG main            d.u.i.k.l.l.OriginTermLabel commonFileName is null! 
21631      DEBUG main            d.u.i.k.p.i.IntermediateProofReplayer Proof replay took 191.29ms 
21633      DEBUG main            d.u.i.k.p.r.p.TestFile    ... success: reloaded. 
21635      INFO  main            d.u.i.k.p.r.p.TestFile    Now processing file /home/runner/work/key/key/key.core/../key.ui/examples/heap/comprehensions/sum1.key 
21635      INFO  main            d.u.i.k.p.i.AbstractProblemLoader Loading environment from /home/runner/work/key/key/key.core/../key.ui/examples/heap/comprehensions/sum1.key 
21636      DEBUG main            d.u.i.k.p.i.AbstractProblemLoader Environment load took 458.5ns 
21638      INFO  main            d.u.i.k.p.i.AbstractProblemLoader Creating init config 
24557      DEBUG main            d.u.i.k.p.i.AbstractProblemLoader Init config took 2.92s 
24609      INFO  main            d.u.i.k.p.i.AbstractProblemLoader Replaying proof Sum[Sum::sum1([I)].JML normal_behavior operation contract.0 
24612      DEBUG main            d.u.i.k.p.i.IntermediateProofReplayer Proof replay took 6.2ns 
24673      DEBUG Thread-7        d.u.i.k.l.l.OriginTermLabel commonFileName is null! 
24674      DEBUG Thread-7        d.u.i.k.l.l.OriginTermLabel commonFileName is null! 
24850      DEBUG Thread-7        d.u.i.k.l.l.OriginTermLabel commonFileName is null! 
24851      DEBUG Thread-7        d.u.i.k.l.l.OriginTermLabel commonFileName is null! 
24989      DEBUG Thread-7        d.u.i.k.l.l.OriginTermLabel commonFileName is null! 
25217      INFO  main            d.u.i.k.p.r.p.TestFile    ... finished proof: closed. 
25445      INFO  main            d.u.i.k.p.i.AbstractProblemLoader Loading environment from /home/runner/work/key/key/key.core/../key.ui/examples/heap/comprehensions/sum1.key.proof 
25446      DEBUG main            d.u.i.k.p.i.AbstractProblemLoader Environment load took 866.4ns 
25450      INFO  main            d.u.i.k.p.i.AbstractProblemLoader Creating init config 
28253      DEBUG main            d.u.i.k.p.i.AbstractProblemLoader Init config took 2.8s 
28302      INFO  main            d.u.i.k.p.i.AbstractProblemLoader Replaying proof Sum[Sum::sum1([I)].JML normal_behavior operation contract.0 
28337      DEBUG main            d.u.i.k.l.l.OriginTermLabel commonFileName is null! 
28338      DEBUG main            d.u.i.k.l.l.OriginTermLabel commonFileName is null! 
28411      DEBUG main            d.u.i.k.l.l.OriginTermLabel commonFileName is null! 
28453      DEBUG main            d.u.i.k.l.l.OriginTermLabel commonFileName is null! 
28453      DEBUG main            d.u.i.k.l.l.OriginTermLabel commonFileName is null! 
28463      DEBUG main            d.u.i.k.p.i.IntermediateProofReplayer Proof replay took 155.78ms 
28464      DEBUG main            d.u.i.k.p.r.p.TestFile    ... success: reloaded. 
28465      INFO  main            d.u.i.k.p.r.p.TestFile    Now processing file /home/runner/work/key/key/key.core/../key.ui/examples/heap/comprehensions/sum2.key 
28465      INFO  main            d.u.i.k.p.i.AbstractProblemLoader Loading environment from /home/runner/work/key/key/key.core/../key.ui/examples/heap/comprehensions/sum2.key 
28465      DEBUG main            d.u.i.k.p.i.AbstractProblemLoader Environment load took 79.6ns 
28466      INFO  main            d.u.i.k.p.i.AbstractProblemLoader Creating init config 
31353      DEBUG main            d.u.i.k.p.i.AbstractProblemLoader Init config took 2.89s 
31405      INFO  main            d.u.i.k.p.i.AbstractProblemLoader Replaying proof Sum[Sum::sum2([I)].JML normal_behavior operation contract.0 
31407      DEBUG main            d.u.i.k.p.i.IntermediateProofReplayer Proof replay took 5.9ns 
31457      DEBUG Thread-10       d.u.i.k.l.l.OriginTermLabel commonFileName is null! 
31458      DEBUG Thread-10       d.u.i.k.l.l.OriginTermLabel commonFileName is null! 
31587      DEBUG Thread-10       d.u.i.k.l.l.OriginTermLabel commonFileName is null! 
31588      DEBUG Thread-10       d.u.i.k.l.l.OriginTermLabel commonFileName is null! 
31685      DEBUG Thread-10       d.u.i.k.l.l.OriginTermLabel commonFileName is null! 
31911      INFO  main            d.u.i.k.p.r.p.TestFile    ... finished proof: closed. 
32095      INFO  main            d.u.i.k.p.i.AbstractProblemLoader Loading environment from /home/runner/work/key/key/key.core/../key.ui/examples/heap/comprehensions/sum2.key.proof 
32097      DEBUG main            d.u.i.k.p.i.AbstractProblemLoader Environment load took 2.13ms 
32101      INFO  main            d.u.i.k.p.i.AbstractProblemLoader Creating init config 
34828      DEBUG main            d.u.i.k.p.i.AbstractProblemLoader Init config took 2.73s 
34876      INFO  main            d.u.i.k.p.i.AbstractProblemLoader Replaying proof Sum[Sum::sum2([I)].JML normal_behavior operation contract.0 
34905      DEBUG main            d.u.i.k.l.l.OriginTermLabel commonFileName is null! 
34906      DEBUG main            d.u.i.k.l.l.OriginTermLabel commonFileName is null! 
34949      DEBUG main            d.u.i.k.l.l.OriginTermLabel commonFileName is null! 
34982      DEBUG main            d.u.i.k.l.l.OriginTermLabel commonFileName is null! 
34983      DEBUG main            d.u.i.k.l.l.OriginTermLabel commonFileName is null! 
34985      DEBUG main            d.u.i.k.p.i.IntermediateProofReplayer Proof replay took 106.09ms 
34987      DEBUG main            d.u.i.k.p.r.p.TestFile    ... success: reloaded. 
34988      INFO  main            d.u.i.k.p.r.p.TestFile    Now processing file /home/runner/work/key/key/key.core/../key.ui/examples/heap/comprehensions/sum3.key 
34989      INFO  main            d.u.i.k.p.i.AbstractProblemLoader Loading environment from /home/runner/work/key/key/key.core/../key.ui/examples/heap/comprehensions/sum3.key 
34989      DEBUG main            d.u.i.k.p.i.AbstractProblemLoader Environment load took 340.5ns 
34990      INFO  main            d.u.i.k.p.i.AbstractProblemLoader Creating init config 
37883      DEBUG main            d.u.i.k.p.i.AbstractProblemLoader Init config took 2.89s 
37936      INFO  main            d.u.i.k.p.i.AbstractProblemLoader Replaying proof Sum[Sum::sum3([I)].JML normal_behavior operation contract.0 
37939      DEBUG main            d.u.i.k.p.i.IntermediateProofReplayer Proof replay took 6.7ns 
38008      DEBUG Thread-13       d.u.i.k.l.l.OriginTermLabel commonFileName is null! 
38009      DEBUG Thread-13       d.u.i.k.l.l.OriginTermLabel commonFileName is null! 
38148      DEBUG Thread-13       d.u.i.k.l.l.OriginTermLabel commonFileName is null! 
38149      DEBUG Thread-13       d.u.i.k.l.l.OriginTermLabel commonFileName is null! 
38236      DEBUG Thread-13       d.u.i.k.l.l.OriginTermLabel commonFileName is null! 
38343      INFO  main            d.u.i.k.p.r.p.TestFile    ... finished proof: closed. 
38530      INFO  main            d.u.i.k.p.i.AbstractProblemLoader Loading environment from /home/runner/work/key/key/key.core/../key.ui/examples/heap/comprehensions/sum3.key.proof 
38530      DEBUG main            d.u.i.k.p.i.AbstractProblemLoader Environment load took 129.8ns 
38531      INFO  main            d.u.i.k.p.i.AbstractProblemLoader Creating init config 
41353      DEBUG main            d.u.i.k.p.i.AbstractProblemLoader Init config took 2.82s 
41407      INFO  main            d.u.i.k.p.i.AbstractProblemLoader Replaying proof Sum[Sum::sum3([I)].JML normal_behavior operation contract.0 
41446      DEBUG main            d.u.i.k.l.l.OriginTermLabel commonFileName is null! 
41448      DEBUG main            d.u.i.k.l.l.OriginTermLabel commonFileName is null! 
41496      DEBUG main            d.u.i.k.l.l.OriginTermLabel commonFileName is null! 
41529      DEBUG main            d.u.i.k.l.l.OriginTermLabel commonFileName is null! 
41535      DEBUG main            d.u.i.k.l.l.OriginTermLabel commonFileName is null! 
41538      DEBUG main            d.u.i.k.p.i.IntermediateProofReplayer Proof replay took 125.75ms 
41540      DEBUG main            d.u.i.k.p.r.p.TestFile    ... success: reloaded. 
41543      INFO  main            d.u.i.k.p.r.p.TestFile    Now processing file /home/runner/work/key/key/key.core/../key.ui/examples/heap/comprehensions/segsum.key 
41543      INFO  main            d.u.i.k.p.i.AbstractProblemLoader Loading environment from /home/runner/work/key/key/key.core/../key.ui/examples/heap/comprehensions/segsum.key 
41544      DEBUG main            d.u.i.k.p.i.AbstractProblemLoader Environment load took 946.61ns 
41547      INFO  main            d.u.i.k.p.i.AbstractProblemLoader Creating init config 
44333      DEBUG main            d.u.i.k.p.i.AbstractProblemLoader Init config took 2.79s 
44376      INFO  main            d.u.i.k.p.i.AbstractProblemLoader Replaying proof SegSum[SegSum::segSum([I,int,int)].JML normal_behavior operation contract.0 
44378      DEBUG main            d.u.i.k.p.i.IntermediateProofReplayer Proof replay took 6.4ns 
44887      INFO  main            d.u.i.k.p.r.p.TestFile    ... finished proof: closed. 
45106      INFO  main            d.u.i.k.p.i.AbstractProblemLoader Loading environment from /home/runner/work/key/key/key.core/../key.ui/examples/heap/comprehensions/segsum.key.proof 
45106      DEBUG main            d.u.i.k.p.i.AbstractProblemLoader Environment load took 147.7ns 
45107      INFO  main            d.u.i.k.p.i.AbstractProblemLoader Creating init config 
47897      DEBUG main            d.u.i.k.p.i.AbstractProblemLoader Init config took 2.79s 
47950      INFO  main            d.u.i.k.p.i.AbstractProblemLoader Replaying proof SegSum[SegSum::segSum([I,int,int)].JML normal_behavior operation contract.0 
48073      DEBUG main            d.u.i.k.p.i.IntermediateProofReplayer Proof replay took 114.96ms 
48074      DEBUG main            d.u.i.k.p.r.p.TestFile    ... success: reloaded. 
48075      INFO  main            d.u.i.k.p.r.p.TestFile    Now processing file /home/runner/work/key/key/key.core/../key.ui/examples/heap/comprehensions/bsum_negative.key 
48076      INFO  main            d.u.i.k.p.i.AbstractProblemLoader Loading environment from /home/runner/work/key/key/key.core/../key.ui/examples/heap/comprehensions/bsum_negative.key 
48076      DEBUG main            d.u.i.k.p.i.AbstractProblemLoader Environment load took 812.71ns 
48080      INFO  main            d.u.i.k.p.i.AbstractProblemLoader Creating init config 
50698      DEBUG main            d.u.i.k.p.i.AbstractProblemLoader Init config took 2.62s 
50718      INFO  main            d.u.i.k.p.i.AbstractProblemLoader Replaying proof bsum_negative.key 
50720      DEBUG main            d.u.i.k.p.i.IntermediateProofReplayer Proof replay took 6.8ns 
50825      INFO  main            d.u.i.k.p.r.p.TestFile    ... finished proof: closed. 
51004      INFO  main            d.u.i.k.p.i.AbstractProblemLoader Loading environment from /home/runner/work/key/key/key.core/../key.ui/examples/heap/comprehensions/bsum_negative.key.proof 
51004      DEBUG main            d.u.i.k.p.i.AbstractProblemLoader Environment load took 124.2ns 
51006      INFO  main            d.u.i.k.p.i.AbstractProblemLoader Creating init config 
53544      DEBUG main            d.u.i.k.p.i.AbstractProblemLoader Init config took 2.54s 
53562      INFO  main            d.u.i.k.p.i.AbstractProblemLoader Replaying proof bsum_negative.key.proof 
53567      DEBUG main            d.u.i.k.p.i.IntermediateProofReplayer Proof replay took 2.5ms 
53568      DEBUG main            d.u.i.k.p.r.p.TestFile    ... success: reloaded. 
53568      INFO  main            d.u.i.k.p.r.p.TestFile    Now processing file /home/runner/work/key/key/key.core/../key.ui/examples/heap/comprehensions/bsum_neg2.key 
53568      INFO  main            d.u.i.k.p.i.AbstractProblemLoader Loading environment from /home/runner/work/key/key/key.core/../key.ui/examples/heap/comprehensions/bsum_neg2.key 
53569      DEBUG main            d.u.i.k.p.i.AbstractProblemLoader Environment load took 74.2ns 
53570      INFO  main            d.u.i.k.p.i.AbstractProblemLoader Creating init config 
56223      DEBUG main            d.u.i.k.p.i.AbstractProblemLoader Init config took 2.65s 
56240      INFO  main            d.u.i.k.p.i.AbstractProblemLoader Replaying proof bsum_neg2.key 
56241      DEBUG main            d.u.i.k.p.i.IntermediateProofReplayer Proof replay took 6.8ns 
56343      INFO  main            d.u.i.k.p.r.p.TestFile    ... finished proof: closed. 
56538      INFO  main            d.u.i.k.p.i.AbstractProblemLoader Loading environment from /home/runner/work/key/key/key.core/../key.ui/examples/heap/comprehensions/bsum_neg2.key.proof 
56538      DEBUG main            d.u.i.k.p.i.AbstractProblemLoader Environment load took 127.6ns 
56539      INFO  main            d.u.i.k.p.i.AbstractProblemLoader Creating init config 
59099      DEBUG main            d.u.i.k.p.i.AbstractProblemLoader Init config took 2.56s 
59119      INFO  main            d.u.i.k.p.i.AbstractProblemLoader Replaying proof bsum_neg2.key.proof 
59123      DEBUG main            d.u.i.k.p.i.IntermediateProofReplayer Proof replay took 1.22ms 
59124      DEBUG main            d.u.i.k.p.r.p.TestFile    ... success: reloaded. 
59125      INFO  main            d.u.i.k.p.r.p.TestFile    Now processing file /home/runner/work/key/key/key.core/../key.ui/examples/heap/comprehensions/bsumSplit.key 
59125      INFO  main            d.u.i.k.p.i.AbstractProblemLoader Loading environment from /home/runner/work/key/key/key.core/../key.ui/examples/heap/comprehensions/bsumSplit.key 
59126      DEBUG main            d.u.i.k.p.i.AbstractProblemLoader Environment load took 336.1ns 
59127      INFO  main            d.u.i.k.p.i.AbstractProblemLoader Creating init config 
61735      DEBUG main            d.u.i.k.p.i.AbstractProblemLoader Init config took 2.61s 
61755      INFO  main            d.u.i.k.p.i.AbstractProblemLoader Replaying proof bsumSplit.key 
61757      DEBUG main            d.u.i.k.p.i.IntermediateProofReplayer Proof replay took 7.1ns 
61860      INFO  main            d.u.i.k.p.r.p.TestFile    ... finished proof: closed. 
62071      INFO  main            d.u.i.k.p.i.AbstractProblemLoader Loading environment from /home/runner/work/key/key/key.core/../key.ui/examples/heap/comprehensions/bsumSplit.key.proof 
62071      DEBUG main            d.u.i.k.p.i.AbstractProblemLoader Environment load took 118.2ns 
62073      INFO  main            d.u.i.k.p.i.AbstractProblemLoader Creating init config 
64627      DEBUG main            d.u.i.k.p.i.AbstractProblemLoader Init config took 2.55s 
64651      INFO  main            d.u.i.k.p.i.AbstractProblemLoader Replaying proof bsumSplit.key.proof 
64662      DEBUG main            d.u.i.k.p.i.IntermediateProofReplayer Proof replay took 5.7ms 
64664      DEBUG main            d.u.i.k.p.r.p.TestFile    ... success: reloaded. 
64665      INFO  main            d.u.i.k.p.r.p.TestFile    Now processing file /home/runner/work/key/key/key.core/../key.ui/examples/heap/comprehensions/bprodSplit.key 
64665      INFO  main            d.u.i.k.p.i.AbstractProblemLoader Loading environment from /home/runner/work/key/key/key.core/../key.ui/examples/heap/comprehensions/bprodSplit.key 
64665      DEBUG main            d.u.i.k.p.i.AbstractProblemLoader Environment load took 310.7ns 
64667      INFO  main            d.u.i.k.p.i.AbstractProblemLoader Creating init config 
67233      DEBUG main            d.u.i.k.p.i.AbstractProblemLoader Init config took 2.57s 
67252      INFO  main            d.u.i.k.p.i.AbstractProblemLoader Replaying proof bprodSplit.key 
67255      DEBUG main            d.u.i.k.p.i.IntermediateProofReplayer Proof replay took 7ns 
67357      INFO  main            d.u.i.k.p.r.p.TestFile    ... finished proof: closed. 
67551      INFO  main            d.u.i.k.p.i.AbstractProblemLoader Loading environment from /home/runner/work/key/key/key.core/../key.ui/examples/heap/comprehensions/bprodSplit.key.proof 
67551      DEBUG main            d.u.i.k.p.i.AbstractProblemLoader Environment load took 120.9ns 
67553      INFO  main            d.u.i.k.p.i.AbstractProblemLoader Creating init config 
70055      DEBUG main            d.u.i.k.p.i.AbstractProblemLoader Init config took 2.5s 
70072      INFO  main            d.u.i.k.p.i.AbstractProblemLoader Replaying proof bprodSplit.key.proof 
70077      DEBUG main            d.u.i.k.p.i.IntermediateProofReplayer Proof replay took 3.13ms 
70079      DEBUG main            d.u.i.k.p.r.p.TestFile    ... success: reloaded. 
70080      INFO  main            d.u.i.k.p.r.p.TestFile    Now processing file /home/runner/work/key/key/key.core/../key.ui/examples/heap/comprehensions/bsumSplitInvalid.key 
70081      INFO  main            d.u.i.k.p.i.AbstractProblemLoader Loading environment from /home/runner/work/key/key/key.core/../key.ui/examples/heap/comprehensions/bsumSplitInvalid.key 
70081      DEBUG main            d.u.i.k.p.i.AbstractProblemLoader Environment load took 290.7ns 
70082      INFO  main            d.u.i.k.p.i.AbstractProblemLoader Creating init config 
72685      DEBUG main            d.u.i.k.p.i.AbstractProblemLoader Init config took 2.6s 
72700      INFO  main            d.u.i.k.p.i.AbstractProblemLoader Replaying proof bsumSplitInvalid.key 
72702      DEBUG main            d.u.i.k.p.i.IntermediateProofReplayer Proof replay took 6.7ns 
72809      INFO  main            d.u.i.k.p.r.p.TestFile    ... finished proof: open goal(s) 
164304     INFO  Test worker     d.u.i.k.p.r.p.StatisticsFile Returning from test comprehensions 
164309     INFO  Test worker     d.u.i.k.p.r.p.StatisticsFile Running test performance 
393        INFO  Timeout watchdog d.u.i.k.p.r.p.ForkedTestFileRunner Timeout watcher launched (2000 secs.) 
414        WARN  main            d.u.i.k.s.ProofSettings   The settings in /home/runner/.key/proof-settings.props are *not* read. 
465        INFO  main            d.u.i.k.p.r.p.TestFile    Now processing file /home/runner/work/key/key/key.core/../key.ui/examples/performance-test/Disjoint(Disjoint__disjoint_08()).JML_operation_contract.0.key 
605        INFO  main            d.u.i.k.p.i.AbstractProblemLoader Loading environment from /home/runner/work/key/key/key.core/../key.ui/examples/performance-test/Disjoint(Disjoint__disjoint_08()).JML_operation_contract.0.key 
628        DEBUG main            d.u.i.k.p.i.AbstractProblemLoader Environment load took 2.27ms 
877        INFO  main            d.u.i.k.p.i.AbstractProblemLoader Creating init config 
1940       DEBUG main            d.u.i.k.j.TypeConverter   No LDT found for Meta 
1941       DEBUG main            d.u.i.k.j.TypeConverter   No LDT found for Meta 
1944       DEBUG main            d.u.i.k.j.TypeConverter   No LDT found for Meta 
1945       DEBUG main            d.u.i.k.j.TypeConverter   No LDT found for Meta 
3613       DEBUG main            d.u.i.k.j.TypeConverter   No LDT found for JavaBigintExpression 
9983       DEBUG main            d.u.i.k.j.r.ClassPreparationMethodBuilder clPrepBuilder: Inner Class detected. Reject building class initialisation methods. 
19430      DEBUG main            d.u.i.k.p.i.AbstractProblemLoader Init config took 18.55s 
19655      INFO  main            d.u.i.k.p.i.AbstractProblemLoader Replaying proof Disjoint[Disjoint::disjoint_8()].JML operation contract.0 
19750      DEBUG main            d.u.i.k.p.i.IntermediateProofReplayer Proof replay took 423.7ns 
22941      INFO  main            d.u.i.k.p.r.p.TestFile    ... finished proof: closed. 
23139      INFO  main            d.u.i.k.p.i.AbstractProblemLoader Loading environment from /home/runner/work/key/key/key.core/../key.ui/examples/performance-test/Disjoint(Disjoint__disjoint_08()).JML_operation_contract.0.key.proof 
23144      DEBUG main            d.u.i.k.p.i.AbstractProblemLoader Environment load took 4.4ms 
23147      INFO  main            d.u.i.k.p.i.AbstractProblemLoader Creating init config 
27008      DEBUG main            d.u.i.k.j.r.ClassPreparationMethodBuilder clPrepBuilder: Inner Class detected. Reject building class initialisation methods. 
35365      DEBUG main            d.u.i.k.p.i.AbstractProblemLoader Init config took 12.22s 
35505      INFO  main            d.u.i.k.p.i.AbstractProblemLoader Replaying proof Disjoint[Disjoint::disjoint_8()].JML operation contract.0 
35920      DEBUG main            d.u.i.k.p.i.IntermediateProofReplayer Proof replay took 399.89ms 
35930      DEBUG main            d.u.i.k.p.r.p.TestFile    ... success: reloaded. 
35932      INFO  main            d.u.i.k.p.r.p.TestFile    Now processing file /home/runner/work/key/key/key.core/../key.ui/examples/performance-test/Disjoint(Disjoint__disjoint2_08()).JML_operation_contract.0.key 
35933      INFO  main            d.u.i.k.p.i.AbstractProblemLoader Loading environment from /home/runner/work/key/key/key.core/../key.ui/examples/performance-test/Disjoint(Disjoint__disjoint2_08()).JML_operation_contract.0.key 
35933      DEBUG main            d.u.i.k.p.i.AbstractProblemLoader Environment load took 325.2ns 
35935      INFO  main            d.u.i.k.p.i.AbstractProblemLoader Creating init config 
39578      DEBUG main            d.u.i.k.j.r.ClassPreparationMethodBuilder clPrepBuilder: Inner Class detected. Reject building class initialisation methods. 
47800      DEBUG main            d.u.i.k.p.i.AbstractProblemLoader Init config took 11.87s 
47920      INFO  main            d.u.i.k.p.i.AbstractProblemLoader Replaying proof Disjoint[Disjoint::disjoint2_8()].JML operation contract.0 
47923      DEBUG main            d.u.i.k.p.i.IntermediateProofReplayer Proof replay took 22.5ns 
49132      INFO  main            d.u.i.k.p.r.p.TestFile    ... finished proof: closed. 
49441      INFO  main            d.u.i.k.p.i.AbstractProblemLoader Loading environment from /home/runner/work/key/key/key.core/../key.ui/examples/performance-test/Disjoint(Disjoint__disjoint2_08()).JML_operation_contract.0.key.proof 
49442      DEBUG main            d.u.i.k.p.i.AbstractProblemLoader Environment load took 979.8ns 
49443      INFO  main            d.u.i.k.p.i.AbstractProblemLoader Creating init config 
52887      DEBUG main            d.u.i.k.j.r.ClassPreparationMethodBuilder clPrepBuilder: Inner Class detected. Reject building class initialisation methods. 
60866      DEBUG main            d.u.i.k.p.i.AbstractProblemLoader Init config took 11.42s 
60994      INFO  main            d.u.i.k.p.i.AbstractProblemLoader Replaying proof Disjoint[Disjoint::disjoint2_8()].JML operation contract.0 
61161      DEBUG main            d.u.i.k.p.i.IntermediateProofReplayer Proof replay took 155.65ms 
61164      DEBUG main            d.u.i.k.p.r.p.TestFile    ... success: reloaded. 
61172      INFO  main            d.u.i.k.p.r.p.TestFile    Now processing file /home/runner/work/key/key/key.core/../key.ui/examples/performance-test/AccessChain1(AccessChain1__foo_08()).JML_operation_contract.0.key 
61173      INFO  main            d.u.i.k.p.i.AbstractProblemLoader Loading environment from /home/runner/work/key/key/key.core/../key.ui/examples/performance-test/AccessChain1(AccessChain1__foo_08()).JML_operation_contract.0.key 
61174      DEBUG main            d.u.i.k.p.i.AbstractProblemLoader Environment load took 1.36ms 
61176      INFO  main            d.u.i.k.p.i.AbstractProblemLoader Creating init config 
64638      DEBUG main            d.u.i.k.j.r.ClassPreparationMethodBuilder clPrepBuilder: Inner Class detected. Reject building class initialisation methods. 
72449      DEBUG main            d.u.i.k.p.i.AbstractProblemLoader Init config took 11.27s 
72569      INFO  main            d.u.i.k.p.i.AbstractProblemLoader Replaying proof AccessChain1[AccessChain1::foo_8()].JML operation contract.0 
72572      DEBUG main            d.u.i.k.p.i.IntermediateProofReplayer Proof replay took 12.7ns 
75486      INFO  main            d.u.i.k.p.r.p.TestFile    ... finished proof: closed. 
75838      INFO  main            d.u.i.k.p.i.AbstractProblemLoader Loading environment from /home/runner/work/key/key/key.core/../key.ui/examples/performance-test/AccessChain1(AccessChain1__foo_08()).JML_operation_contract.0.key.proof 
75842      DEBUG main            d.u.i.k.p.i.AbstractProblemLoader Environment load took 4.04ms 
75848      INFO  main            d.u.i.k.p.i.AbstractProblemLoader Creating init config 
79232      DEBUG main            d.u.i.k.j.r.ClassPreparationMethodBuilder clPrepBuilder: Inner Class detected. Reject building class initialisation methods. 
87271      DEBUG main            d.u.i.k.p.i.AbstractProblemLoader Init config took 11.42s 
87380      INFO  main            d.u.i.k.p.i.AbstractProblemLoader Replaying proof AccessChain1[AccessChain1::foo_8()].JML operation contract.0 
87975      DEBUG main            d.u.i.k.p.i.IntermediateProofReplayer Proof replay took 579.42ms 
87978      DEBUG main            d.u.i.k.p.r.p.TestFile    ... success: reloaded. 
87980      INFO  main            d.u.i.k.p.r.p.TestFile    Now processing file /home/runner/work/key/key/key.core/../key.ui/examples/performance-test/AccessChain4(AccessChain4__foo_08()).JML_operation_contract.0.key 
87980      INFO  main            d.u.i.k.p.i.AbstractProblemLoader Loading environment from /home/runner/work/key/key/key.core/../key.ui/examples/performance-test/AccessChain4(AccessChain4__foo_08()).JML_operation_contract.0.key 
87981      DEBUG main            d.u.i.k.p.i.AbstractProblemLoader Environment load took 84.1ns 
87982      INFO  main            d.u.i.k.p.i.AbstractProblemLoader Creating init config 
91393      DEBUG main            d.u.i.k.j.r.ClassPreparationMethodBuilder clPrepBuilder: Inner Class detected. Reject building class initialisation methods. 
99227      DEBUG main            d.u.i.k.p.i.AbstractProblemLoader Init config took 11.24s 
99331      INFO  main            d.u.i.k.p.i.AbstractProblemLoader Replaying proof AccessChain4[AccessChain4::foo_8()].JML operation contract.0 
99334      DEBUG main            d.u.i.k.p.i.IntermediateProofReplayer Proof replay took 9.9ns 
106330     INFO  main            d.u.i.k.p.r.p.TestFile    ... finished proof: closed. 
106722     INFO  main            d.u.i.k.p.i.AbstractProblemLoader Loading environment from /home/runner/work/key/key/key.core/../key.ui/examples/performance-test/AccessChain4(AccessChain4__foo_08()).JML_operation_contract.0.key.proof 
106723     DEBUG main            d.u.i.k.p.i.AbstractProblemLoader Environment load took 793.5ns 
106734     INFO  main            d.u.i.k.p.i.AbstractProblemLoader Creating init config 
110011     DEBUG main            d.u.i.k.j.r.ClassPreparationMethodBuilder clPrepBuilder: Inner Class detected. Reject building class initialisation methods. 
117880     DEBUG main            d.u.i.k.p.i.AbstractProblemLoader Init config took 11.15s 
117993     INFO  main            d.u.i.k.p.i.AbstractProblemLoader Replaying proof AccessChain4[AccessChain4::foo_8()].JML operation contract.0 
119183     DEBUG main            d.u.i.k.p.i.IntermediateProofReplayer Proof replay took 1.16s 
119186     DEBUG main            d.u.i.k.p.r.p.TestFile    ... success: reloaded. 
119188     INFO  main            d.u.i.k.p.r.p.TestFile    Now processing file /home/runner/work/key/key/key.core/../key.ui/examples/performance-test/Disjoint(Disjoint__xZero_08()).JML_operation_contract.0.key 
119188     INFO  main            d.u.i.k.p.i.AbstractProblemLoader Loading environment from /home/runner/work/key/key/key.core/../key.ui/examples/performance-test/Disjoint(Disjoint__xZero_08()).JML_operation_contract.0.key 
119189     DEBUG main            d.u.i.k.p.i.AbstractProblemLoader Environment load took 295.8ns 
119190     INFO  main            d.u.i.k.p.i.AbstractProblemLoader Creating init config 
122584     DEBUG main            d.u.i.k.j.r.ClassPreparationMethodBuilder clPrepBuilder: Inner Class detected. Reject building class initialisation methods. 
130453     DEBUG main            d.u.i.k.p.i.AbstractProblemLoader Init config took 11.26s 
130568     INFO  main            d.u.i.k.p.i.AbstractProblemLoader Replaying proof Disjoint[Disjoint::xZero_8()].JML operation contract.0 
130570     DEBUG main            d.u.i.k.p.i.IntermediateProofReplayer Proof replay took 10.2ns 
131777     INFO  main            d.u.i.k.p.r.p.TestFile    ... finished proof: closed. 
132202     INFO  main            d.u.i.k.p.i.AbstractProblemLoader Loading environment from /home/runner/work/key/key/key.core/../key.ui/examples/performance-test/Disjoint(Disjoint__xZero_08()).JML_operation_contract.0.key.proof 
132202     DEBUG main            d.u.i.k.p.i.AbstractProblemLoader Environment load took 137.3ns 
132205     INFO  main            d.u.i.k.p.i.AbstractProblemLoader Creating init config 
135472     DEBUG main            d.u.i.k.j.r.ClassPreparationMethodBuilder clPrepBuilder: Inner Class detected. Reject building class initialisation methods. 
143505     DEBUG main            d.u.i.k.p.i.AbstractProblemLoader Init config took 11.3s 
143604     INFO  main            d.u.i.k.p.i.AbstractProblemLoader Replaying proof Disjoint[Disjoint::xZero_8()].JML operation contract.0 
143846     DEBUG main            d.u.i.k.p.i.IntermediateProofReplayer Proof replay took 235.71ms 
143848     DEBUG main            d.u.i.k.p.r.p.TestFile    ... success: reloaded. 
143850     INFO  main            d.u.i.k.p.r.p.TestFile    Now processing file /home/runner/work/key/key/key.core/../key.ui/examples/performance-test/Dynamic(Dynamic__foo_08()).JML_operation_contract.0.key 
143850     INFO  main            d.u.i.k.p.i.AbstractProblemLoader Loading environment from /home/runner/work/key/key/key.core/../key.ui/examples/performance-test/Dynamic(Dynamic__foo_08()).JML_operation_contract.0.key 
143850     DEBUG main            d.u.i.k.p.i.AbstractProblemLoader Environment load took 278.1ns 
143852     INFO  main            d.u.i.k.p.i.AbstractProblemLoader Creating init config 
147369     DEBUG main            d.u.i.k.j.r.ClassPreparationMethodBuilder clPrepBuilder: Inner Class detected. Reject building class initialisation methods. 
155208     DEBUG main            d.u.i.k.p.i.AbstractProblemLoader Init config took 11.36s 
155315     INFO  main            d.u.i.k.p.i.AbstractProblemLoader Replaying proof Dynamic[Dynamic::foo_8()].JML operation contract.0 
155317     DEBUG main            d.u.i.k.p.i.IntermediateProofReplayer Proof replay took 12.9ns 
161438     INFO  main            d.u.i.k.p.r.p.TestFile    ... finished proof: closed. 
161889     INFO  main            d.u.i.k.p.i.AbstractProblemLoader Loading environment from /home/runner/work/key/key/key.core/../key.ui/examples/performance-test/Dynamic(Dynamic__foo_08()).JML_operation_contract.0.key.proof 
161889     DEBUG main            d.u.i.k.p.i.AbstractProblemLoader Environment load took 254.3ns 
161891     INFO  main            d.u.i.k.p.i.AbstractProblemLoader Creating init config 
165267     DEBUG main            d.u.i.k.j.r.ClassPreparationMethodBuilder clPrepBuilder: Inner Class detected. Reject building class initialisation methods. 
173188     DEBUG main            d.u.i.k.p.i.AbstractProblemLoader Init config took 11.3s 
173289     INFO  main            d.u.i.k.p.i.AbstractProblemLoader Replaying proof Dynamic[Dynamic::foo_8()].JML operation contract.0 
174022     DEBUG main            d.u.i.k.p.i.IntermediateProofReplayer Proof replay took 698.26ms 
174024     DEBUG main            d.u.i.k.p.r.p.TestFile    ... success: reloaded. 
174026     INFO  main            d.u.i.k.p.r.p.TestFile    Now processing file /home/runner/work/key/key/key.core/../key.ui/examples/performance-test/DynamicGhost(DynamicGhost__dynamicGhost_08()).JML_normal_behavior_operation_contract.0.key 
174027     INFO  main            d.u.i.k.p.i.AbstractProblemLoader Loading environment from /home/runner/work/key/key/key.core/../key.ui/examples/performance-test/DynamicGhost(DynamicGhost__dynamicGhost_08()).JML_normal_behavior_operation_contract.0.key 
174027     DEBUG main            d.u.i.k.p.i.AbstractProblemLoader Environment load took 132.3ns 
174028     INFO  main            d.u.i.k.p.i.AbstractProblemLoader Creating init config 
177403     DEBUG main            d.u.i.k.j.r.ClassPreparationMethodBuilder clPrepBuilder: Inner Class detected. Reject building class initialisation methods. 
185290     DEBUG main            d.u.i.k.p.i.AbstractProblemLoader Init config took 11.26s 
185403     INFO  main            d.u.i.k.p.i.AbstractProblemLoader Replaying proof DynamicGhost[DynamicGhost::dynamicGhost_8()].JML normal_behavior operation contract.0 
185406     DEBUG main            d.u.i.k.p.i.IntermediateProofReplayer Proof replay took 32.4ns 
190428     INFO  main            d.u.i.k.p.r.p.TestFile    ... finished proof: closed. 
190885     INFO  main            d.u.i.k.p.i.AbstractProblemLoader Loading environment from /home/runner/work/key/key/key.core/../key.ui/examples/performance-test/DynamicGhost(DynamicGhost__dynamicGhost_08()).JML_normal_behavior_operation_contract.0.key.proof 
190886     DEBUG main            d.u.i.k.p.i.AbstractProblemLoader Environment load took 601.4ns 
190892     INFO  main            d.u.i.k.p.i.AbstractProblemLoader Creating init config 
194205     DEBUG main            d.u.i.k.j.r.ClassPreparationMethodBuilder clPrepBuilder: Inner Class detected. Reject building class initialisation methods. 
202142     DEBUG main            d.u.i.k.p.i.AbstractProblemLoader Init config took 11.25s 
202251     INFO  main            d.u.i.k.p.i.AbstractProblemLoader Replaying proof DynamicGhost[DynamicGhost::dynamicGhost_8()].JML normal_behavior operation contract.0 
203001     DEBUG main            d.u.i.k.p.i.IntermediateProofReplayer Proof replay took 723.88ms 
203004     DEBUG main            d.u.i.k.p.r.p.TestFile    ... success: reloaded. 
203005     INFO  main            d.u.i.k.p.r.p.TestFile    Now processing file /home/runner/work/key/key/key.core/../key.ui/examples/performance-test/GhostFrame(GhostFrame__foo_08()).JML_operation_contract.0.key 
203006     INFO  main            d.u.i.k.p.i.AbstractProblemLoader Loading environment from /home/runner/work/key/key/key.core/../key.ui/examples/performance-test/GhostFrame(GhostFrame__foo_08()).JML_operation_contract.0.key 
203006     DEBUG main            d.u.i.k.p.i.AbstractProblemLoader Environment load took 154.7ns 
203007     INFO  main            d.u.i.k.p.i.AbstractProblemLoader Creating init config 
206394     DEBUG main            d.u.i.k.j.r.ClassPreparationMethodBuilder clPrepBuilder: Inner Class detected. Reject building class initialisation methods. 
214319     DEBUG main            d.u.i.k.p.i.AbstractProblemLoader Init config took 11.31s 
214414     INFO  main            d.u.i.k.p.i.AbstractProblemLoader Replaying proof GhostFrame[GhostFrame::foo_8()].JML operation contract.0 
214416     DEBUG main            d.u.i.k.p.i.IntermediateProofReplayer Proof replay took 15.3ns 
216724     INFO  main            d.u.i.k.p.r.p.TestFile    ... finished proof: closed. 
217193     INFO  main            d.u.i.k.p.i.AbstractProblemLoader Loading environment from /home/runner/work/key/key/key.core/../key.ui/examples/performance-test/GhostFrame(GhostFrame__foo_08()).JML_operation_contract.0.key.proof 
217194     DEBUG main            d.u.i.k.p.i.AbstractProblemLoader Environment load took 1.22ms 
217201     INFO  main            d.u.i.k.p.i.AbstractProblemLoader Creating init config 
220514     DEBUG main            d.u.i.k.j.r.ClassPreparationMethodBuilder clPrepBuilder: Inner Class detected. Reject building class initialisation methods. 
228306     DEBUG main            d.u.i.k.p.i.AbstractProblemLoader Init config took 11.1s 
228435     INFO  main            d.u.i.k.p.i.AbstractProblemLoader Replaying proof GhostFrame[GhostFrame::foo_8()].JML operation contract.0 
228825     DEBUG main            d.u.i.k.p.i.IntermediateProofReplayer Proof replay took 382.94ms 
228827     DEBUG main            d.u.i.k.p.r.p.TestFile    ... success: reloaded. 
228834     INFO  main            d.u.i.k.p.r.p.TestFile    Now processing file /home/runner/work/key/key/key.core/../key.ui/examples/performance-test/Modelfield(Modelfield__foo_08()).JML_operation_contract.0.key 
228835     INFO  main            d.u.i.k.p.i.AbstractProblemLoader Loading environment from /home/runner/work/key/key/key.core/../key.ui/examples/performance-test/Modelfield(Modelfield__foo_08()).JML_operation_contract.0.key 
228836     DEBUG main            d.u.i.k.p.i.AbstractProblemLoader Environment load took 311.5ns 
228837     INFO  main            d.u.i.k.p.i.AbstractProblemLoader Creating init config 
232185     DEBUG main            d.u.i.k.j.r.ClassPreparationMethodBuilder clPrepBuilder: Inner Class detected. Reject building class initialisation methods. 
240185     DEBUG main            d.u.i.k.p.i.AbstractProblemLoader Init config took 11.35s 
240294     INFO  main            d.u.i.k.p.i.AbstractProblemLoader Replaying proof Modelfield[Modelfield::foo_8()].JML operation contract.0 
240296     DEBUG main            d.u.i.k.p.i.IntermediateProofReplayer Proof replay took 6ns 
243707     INFO  main            d.u.i.k.p.r.p.TestFile    ... finished proof: closed. 
244230     INFO  main            d.u.i.k.p.i.AbstractProblemLoader Loading environment from /home/runner/work/key/key/key.core/../key.ui/examples/performance-test/Modelfield(Modelfield__foo_08()).JML_operation_contract.0.key.proof 
244231     DEBUG main            d.u.i.k.p.i.AbstractProblemLoader Environment load took 623ns 
244233     INFO  main            d.u.i.k.p.i.AbstractProblemLoader Creating init config 
247462     DEBUG main            d.u.i.k.j.r.ClassPreparationMethodBuilder clPrepBuilder: Inner Class detected. Reject building class initialisation methods. 
255378     DEBUG main            d.u.i.k.p.i.AbstractProblemLoader Init config took 11.15s 
255471     INFO  main            d.u.i.k.p.i.AbstractProblemLoader Replaying proof Modelfield[Modelfield::foo_8()].JML operation contract.0 
255969     DEBUG main            d.u.i.k.p.i.IntermediateProofReplayer Proof replay took 486.57ms 
255971     DEBUG main            d.u.i.k.p.r.p.TestFile    ... success: reloaded. 
420473     INFO  Test worker     d.u.i.k.p.r.p.StatisticsFile Returning from test performance 
420478     INFO  Test worker     d.u.i.k.p.r.p.StatisticsFile Running test performancePOConstruction 
415        INFO  Timeout watchdog d.u.i.k.p.r.p.ForkedTestFileRunner Timeout watcher launched (2000 secs.) 
423        WARN  main            d.u.i.k.s.ProofSettings   The settings in /home/runner/.key/proof-settings.props are *not* read. 
474        INFO  main            d.u.i.k.p.r.p.TestFile    Now processing file /home/runner/work/key/key/key.core/../key.ui/examples/performance-test/Test(Test__a0(int)).JML_normal_behavior_operation_contract.0.key 
602        INFO  main            d.u.i.k.p.i.AbstractProblemLoader Loading environment from /home/runner/work/key/key/key.core/../key.ui/examples/performance-test/Test(Test__a0(int)).JML_normal_behavior_operation_contract.0.key 
620        DEBUG main            d.u.i.k.p.i.AbstractProblemLoader Environment load took 1.95ms 
923        INFO  main            d.u.i.k.p.i.AbstractProblemLoader Creating init config 
2109       DEBUG main            d.u.i.k.j.TypeConverter   No LDT found for Meta 
2109       DEBUG main            d.u.i.k.j.TypeConverter   No LDT found for Meta 
2110       DEBUG main            d.u.i.k.j.TypeConverter   No LDT found for Meta 
2110       DEBUG main            d.u.i.k.j.TypeConverter   No LDT found for Meta 
3984       DEBUG main            d.u.i.k.j.TypeConverter   No LDT found for JavaBigintExpression 
10338      DEBUG main            d.u.i.k.j.r.ClassPreparationMethodBuilder clPrepBuilder: Inner Class detected. Reject building class initialisation methods. 
19261      DEBUG main            d.u.i.k.p.i.AbstractProblemLoader Init config took 18.34s 
20631      INFO  main            d.u.i.k.p.i.AbstractProblemLoader Replaying proof Test[Test::a0(int)].JML normal_behavior operation contract.0 
20737      DEBUG main            d.u.i.k.p.i.IntermediateProofReplayer Proof replay took 35.6ns 
21201      INFO  main            d.u.i.k.p.r.p.TestFile    ... finished proof: closed. 
21409      INFO  main            d.u.i.k.p.i.AbstractProblemLoader Loading environment from /home/runner/work/key/key/key.core/../key.ui/examples/performance-test/Test(Test__a0(int)).JML_normal_behavior_operation_contract.0.key.proof 
21409      DEBUG main            d.u.i.k.p.i.AbstractProblemLoader Environment load took 268.2ns 
21411      INFO  main            d.u.i.k.p.i.AbstractProblemLoader Creating init config 
24892      DEBUG main            d.u.i.k.j.r.ClassPreparationMethodBuilder clPrepBuilder: Inner Class detected. Reject building class initialisation methods. 
32896      DEBUG main            d.u.i.k.p.i.AbstractProblemLoader Init config took 11.48s 
34020      INFO  main            d.u.i.k.p.i.AbstractProblemLoader Replaying proof Test[Test::a0(int)].JML normal_behavior operation contract.0 
34053      DEBUG main            d.u.i.k.p.i.IntermediateProofReplayer Proof replay took 26.95ms 
34061      DEBUG main            d.u.i.k.p.r.p.TestFile    ... success: reloaded. 
34063      INFO  main            d.u.i.k.p.r.p.TestFile    Now processing file /home/runner/work/key/key/key.core/../key.ui/examples/performance-test/Test(Test__a1(int)).JML_normal_behavior_operation_contract.0.key 
34064      INFO  main            d.u.i.k.p.i.AbstractProblemLoader Loading environment from /home/runner/work/key/key/key.core/../key.ui/examples/performance-test/Test(Test__a1(int)).JML_normal_behavior_operation_contract.0.key 
34064      DEBUG main            d.u.i.k.p.i.AbstractProblemLoader Environment load took 289ns 
34066      INFO  main            d.u.i.k.p.i.AbstractProblemLoader Creating init config 
37437      DEBUG main            d.u.i.k.j.r.ClassPreparationMethodBuilder clPrepBuilder: Inner Class detected. Reject building class initialisation methods. 
45264      DEBUG main            d.u.i.k.p.i.AbstractProblemLoader Init config took 11.2s 
46393      INFO  main            d.u.i.k.p.i.AbstractProblemLoader Replaying proof Test[Test::a1(int)].JML normal_behavior operation contract.0 
46395      DEBUG main            d.u.i.k.p.i.IntermediateProofReplayer Proof replay took 6.6ns 
46700      INFO  main            d.u.i.k.p.r.p.TestFile    ... finished proof: closed. 
46973      INFO  main            d.u.i.k.p.i.AbstractProblemLoader Loading environment from /home/runner/work/key/key/key.core/../key.ui/examples/performance-test/Test(Test__a1(int)).JML_normal_behavior_operation_contract.0.key.proof 
46974      DEBUG main            d.u.i.k.p.i.AbstractProblemLoader Environment load took 798.71ns 
46976      INFO  main            d.u.i.k.p.i.AbstractProblemLoader Creating init config 
50279      DEBUG main            d.u.i.k.j.r.ClassPreparationMethodBuilder clPrepBuilder: Inner Class detected. Reject building class initialisation methods. 
57954      DEBUG main            d.u.i.k.p.i.AbstractProblemLoader Init config took 10.98s 
59006      INFO  main            d.u.i.k.p.i.AbstractProblemLoader Replaying proof Test[Test::a1(int)].JML normal_behavior operation contract.0 
59098      DEBUG main            d.u.i.k.p.i.IntermediateProofReplayer Proof replay took 88.26ms 
59100      DEBUG main            d.u.i.k.p.r.p.TestFile    ... success: reloaded. 
59102      INFO  main            d.u.i.k.p.r.p.TestFile    Now processing file /home/runner/work/key/key/key.core/../key.ui/examples/performance-test/Test(Test__f1(int)).JML_normal_behavior_operation_contract.0.key 
59102      INFO  main            d.u.i.k.p.i.AbstractProblemLoader Loading environment from /home/runner/work/key/key/key.core/../key.ui/examples/performance-test/Test(Test__f1(int)).JML_normal_behavior_operation_contract.0.key 
59103      DEBUG main            d.u.i.k.p.i.AbstractProblemLoader Environment load took 327ns 
59104      INFO  main            d.u.i.k.p.i.AbstractProblemLoader Creating init config 
62387      DEBUG main            d.u.i.k.j.r.ClassPreparationMethodBuilder clPrepBuilder: Inner Class detected. Reject building class initialisation methods. 
69998      DEBUG main            d.u.i.k.p.i.AbstractProblemLoader Init config took 10.89s 
71038      INFO  main            d.u.i.k.p.i.AbstractProblemLoader Replaying proof Test[Test::f1(int)].JML normal_behavior operation contract.0 
71040      DEBUG main            d.u.i.k.p.i.IntermediateProofReplayer Proof replay took 6ns 
71243      INFO  main            d.u.i.k.p.r.p.TestFile    ... finished proof: closed. 
71543      INFO  main            d.u.i.k.p.i.AbstractProblemLoader Loading environment from /home/runner/work/key/key/key.core/../key.ui/examples/performance-test/Test(Test__f1(int)).JML_normal_behavior_operation_contract.0.key.proof 
71545      DEBUG main            d.u.i.k.p.i.AbstractProblemLoader Environment load took 1.37ms 
71546      INFO  main            d.u.i.k.p.i.AbstractProblemLoader Creating init config 
74813      DEBUG main            d.u.i.k.j.r.ClassPreparationMethodBuilder clPrepBuilder: Inner Class detected. Reject building class initialisation methods. 
82411      DEBUG main            d.u.i.k.p.i.AbstractProblemLoader Init config took 10.86s 
83384      INFO  main            d.u.i.k.p.i.AbstractProblemLoader Replaying proof Test[Test::f1(int)].JML normal_behavior operation contract.0 
83441      DEBUG main            d.u.i.k.p.i.IntermediateProofReplayer Proof replay took 53.41ms 
83443      DEBUG main            d.u.i.k.p.r.p.TestFile    ... success: reloaded. 
504121     INFO  Test worker     d.u.i.k.p.r.p.StatisticsFile Returning from test performancePOConstruction 
504129     INFO  Test worker     d.u.i.k.p.r.p.StatisticsFile Running test applicationRestrictions 
419        INFO  Timeout watchdog d.u.i.k.p.r.p.ForkedTestFileRunner Timeout watcher launched (2000 secs.) 
441        WARN  main            d.u.i.k.s.ProofSettings   The settings in /home/runner/.key/proof-settings.props are *not* read. 
485        INFO  main            d.u.i.k.p.r.p.TestFile    Now processing file /home/runner/work/key/key/key.core/../key.ui/examples/heap/polarity_tests/wellformed1.key 
646        INFO  main            d.u.i.k.p.i.AbstractProblemLoader Loading environment from /home/runner/work/key/key/key.core/../key.ui/examples/heap/polarity_tests/wellformed1.key 
669        DEBUG main            d.u.i.k.p.i.AbstractProblemLoader Environment load took 6.72ms 
923        INFO  main            d.u.i.k.p.i.AbstractProblemLoader Creating init config 
2193       DEBUG main            d.u.i.k.j.TypeConverter   No LDT found for Meta 
2194       DEBUG main            d.u.i.k.j.TypeConverter   No LDT found for Meta 
2198       DEBUG main            d.u.i.k.j.TypeConverter   No LDT found for Meta 
2199       DEBUG main            d.u.i.k.j.TypeConverter   No LDT found for Meta 
3885       DEBUG main            d.u.i.k.j.TypeConverter   No LDT found for JavaBigintExpression 
9474       DEBUG main            d.u.i.k.p.i.AbstractProblemLoader Init config took 8.55s 
9539       INFO  main            d.u.i.k.p.i.AbstractProblemLoader Replaying proof wellformed1.key 
9582       DEBUG main            d.u.i.k.p.i.IntermediateProofReplayer Proof replay took 34.3ns 
9748       INFO  main            d.u.i.k.p.r.p.TestFile    ... finished proof: closed. 
9857       INFO  main            d.u.i.k.p.i.AbstractProblemLoader Loading environment from /home/runner/work/key/key/key.core/../key.ui/examples/heap/polarity_tests/wellformed1.key.proof 
9858       DEBUG main            d.u.i.k.p.i.AbstractProblemLoader Environment load took 1.33ms 
9864       INFO  main            d.u.i.k.p.i.AbstractProblemLoader Creating init config 
12883      DEBUG main            d.u.i.k.p.i.AbstractProblemLoader Init config took 3.02s 
12914      INFO  main            d.u.i.k.p.i.AbstractProblemLoader Replaying proof wellformed1.key.proof 
12921      DEBUG main            d.u.i.k.p.i.IntermediateProofReplayer Proof replay took 2.77ms 
12934      DEBUG main            d.u.i.k.p.r.p.TestFile    ... success: reloaded. 
12935      INFO  main            d.u.i.k.p.r.p.TestFile    Now processing file /home/runner/work/key/key/key.core/../key.ui/examples/heap/polarity_tests/wellformed2.key 
12939      INFO  main            d.u.i.k.p.i.AbstractProblemLoader Loading environment from /home/runner/work/key/key/key.core/../key.ui/examples/heap/polarity_tests/wellformed2.key 
12940      DEBUG main            d.u.i.k.p.i.AbstractProblemLoader Environment load took 129.4ns 
12941      INFO  main            d.u.i.k.p.i.AbstractProblemLoader Creating init config 
15853      DEBUG main            d.u.i.k.p.i.AbstractProblemLoader Init config took 2.91s 
15883      INFO  main            d.u.i.k.p.i.AbstractProblemLoader Replaying proof wellformed2.key 
15888      DEBUG main            d.u.i.k.p.i.IntermediateProofReplayer Proof replay took 6.5ns 
15991      INFO  main            d.u.i.k.p.r.p.TestFile    ... finished proof: open goal(s) 
16126      INFO  main            d.u.i.k.p.r.p.TestFile    Now processing file /home/runner/work/key/key/key.core/../key.ui/examples/heap/polarity_tests/wellformed3.key 
16126      INFO  main            d.u.i.k.p.i.AbstractProblemLoader Loading environment from /home/runner/work/key/key/key.core/../key.ui/examples/heap/polarity_tests/wellformed3.key 
16127      DEBUG main            d.u.i.k.p.i.AbstractProblemLoader Environment load took 93.5ns 
16129      INFO  main            d.u.i.k.p.i.AbstractProblemLoader Creating init config 
18961      DEBUG main            d.u.i.k.p.i.AbstractProblemLoader Init config took 2.83s 
18987      INFO  main            d.u.i.k.p.i.AbstractProblemLoader Replaying proof wellformed3.key 
18989      DEBUG main            d.u.i.k.p.i.IntermediateProofReplayer Proof replay took 6.3ns 
19092      INFO  main            d.u.i.k.p.r.p.TestFile    ... finished proof: closed. 
19259      INFO  main            d.u.i.k.p.i.AbstractProblemLoader Loading environment from /home/runner/work/key/key/key.core/../key.ui/examples/heap/polarity_tests/wellformed3.key.proof 
19259      DEBUG main            d.u.i.k.p.i.AbstractProblemLoader Environment load took 151.2ns 
19261      INFO  main            d.u.i.k.p.i.AbstractProblemLoader Creating init config 
22045      DEBUG main            d.u.i.k.p.i.AbstractProblemLoader Init config took 2.78s 
22067      INFO  main            d.u.i.k.p.i.AbstractProblemLoader Replaying proof wellformed3.key.proof 
22073      DEBUG main            d.u.i.k.p.i.IntermediateProofReplayer Proof replay took 2.62ms 
22074      DEBUG main            d.u.i.k.p.r.p.TestFile    ... success: reloaded. 
22075      INFO  main            d.u.i.k.p.r.p.TestFile    Now processing file /home/runner/work/key/key/key.core/../key.ui/examples/heap/polarity_tests/wellformed4.key 
22076      INFO  main            d.u.i.k.p.i.AbstractProblemLoader Loading environment from /home/runner/work/key/key/key.core/../key.ui/examples/heap/polarity_tests/wellformed4.key 
22076      DEBUG main            d.u.i.k.p.i.AbstractProblemLoader Environment load took 272.4ns 
22078      INFO  main            d.u.i.k.p.i.AbstractProblemLoader Creating init config 
24769      DEBUG main            d.u.i.k.p.i.AbstractProblemLoader Init config took 2.69s 
24795      INFO  main            d.u.i.k.p.i.AbstractProblemLoader Replaying proof wellformed4.key 
24799      DEBUG main            d.u.i.k.p.i.IntermediateProofReplayer Proof replay took 6.2ns 
24902      INFO  main            d.u.i.k.p.r.p.TestFile    ... finished proof: open goal(s) 
25042      INFO  main            d.u.i.k.p.r.p.TestFile    Now processing file /home/runner/work/key/key/key.core/../key.ui/examples/heap/polarity_tests/wellformed5.key 
25042      INFO  main            d.u.i.k.p.i.AbstractProblemLoader Loading environment from /home/runner/work/key/key/key.core/../key.ui/examples/heap/polarity_tests/wellformed5.key 
25042      DEBUG main            d.u.i.k.p.i.AbstractProblemLoader Environment load took 75ns 
25043      INFO  main            d.u.i.k.p.i.AbstractProblemLoader Creating init config 
27711      DEBUG main            d.u.i.k.p.i.AbstractProblemLoader Init config took 2.67s 
27734      INFO  main            d.u.i.k.p.i.AbstractProblemLoader Replaying proof wellformed5.key 
27736      DEBUG main            d.u.i.k.p.i.IntermediateProofReplayer Proof replay took 6.4ns 
27840      INFO  main            d.u.i.k.p.r.p.TestFile    ... finished proof: closed. 
27978      INFO  main            d.u.i.k.p.i.AbstractProblemLoader Loading environment from /home/runner/work/key/key/key.core/../key.ui/examples/heap/polarity_tests/wellformed5.key.proof 
27978      DEBUG main            d.u.i.k.p.i.AbstractProblemLoader Environment load took 140.2ns 
27980      INFO  main            d.u.i.k.p.i.AbstractProblemLoader Creating init config 
30639      DEBUG main            d.u.i.k.p.i.AbstractProblemLoader Init config took 2.66s 
30659      INFO  main            d.u.i.k.p.i.AbstractProblemLoader Replaying proof wellformed5.key.proof 
30662      DEBUG main            d.u.i.k.p.i.IntermediateProofReplayer Proof replay took 1.35ms 
30664      DEBUG main            d.u.i.k.p.r.p.TestFile    ... success: reloaded. 
30665      INFO  main            d.u.i.k.p.r.p.TestFile    Now processing file /home/runner/work/key/key/key.core/../key.ui/examples/heap/polarity_tests/wellformed6.key 
30665      INFO  main            d.u.i.k.p.i.AbstractProblemLoader Loading environment from /home/runner/work/key/key/key.core/../key.ui/examples/heap/polarity_tests/wellformed6.key 
30665      DEBUG main            d.u.i.k.p.i.AbstractProblemLoader Environment load took 251.5ns 
30667      INFO  main            d.u.i.k.p.i.AbstractProblemLoader Creating init config 
33309      DEBUG main            d.u.i.k.p.i.AbstractProblemLoader Init config took 2.64s 
33330      INFO  main            d.u.i.k.p.i.AbstractProblemLoader Replaying proof wellformed6.key 
33332      DEBUG main            d.u.i.k.p.i.IntermediateProofReplayer Proof replay took 7.7ns 
33438      INFO  main            d.u.i.k.p.r.p.TestFile    ... finished proof: open goal(s) 
33596      INFO  main            d.u.i.k.p.r.p.TestFile    Now processing file /home/runner/work/key/key/key.core/../key.ui/examples/heap/polarity_tests/wellformed7.key 
33596      INFO  main            d.u.i.k.p.i.AbstractProblemLoader Loading environment from /home/runner/work/key/key/key.core/../key.ui/examples/heap/polarity_tests/wellformed7.key 
33596      DEBUG main            d.u.i.k.p.i.AbstractProblemLoader Environment load took 87.9ns 
33600      INFO  main            d.u.i.k.p.i.AbstractProblemLoader Creating init config 
36199      DEBUG main            d.u.i.k.p.i.AbstractProblemLoader Init config took 2.6s 
36219      INFO  main            d.u.i.k.p.i.AbstractProblemLoader Replaying proof wellformed7.key 
36220      DEBUG main            d.u.i.k.p.i.IntermediateProofReplayer Proof replay took 6.5ns 
36323      INFO  main            d.u.i.k.p.r.p.TestFile    ... finished proof: closed. 
36502      INFO  main            d.u.i.k.p.i.AbstractProblemLoader Loading environment from /home/runner/work/key/key/key.core/../key.ui/examples/heap/polarity_tests/wellformed7.key.proof 
36503      DEBUG main            d.u.i.k.p.i.AbstractProblemLoader Environment load took 122.9ns 
36504      INFO  main            d.u.i.k.p.i.AbstractProblemLoader Creating init config 
39106      DEBUG main            d.u.i.k.p.i.AbstractProblemLoader Init config took 2.6s 
39139      INFO  main            d.u.i.k.p.i.AbstractProblemLoader Replaying proof wellformed7.key.proof 
39144      DEBUG main            d.u.i.k.p.i.IntermediateProofReplayer Proof replay took 1.95ms 
39145      DEBUG main            d.u.i.k.p.r.p.TestFile    ... success: reloaded. 
39146      INFO  main            d.u.i.k.p.r.p.TestFile    Now processing file /home/runner/work/key/key/key.core/../key.ui/examples/heap/polarity_tests/wellformed8.key 
39147      INFO  main            d.u.i.k.p.i.AbstractProblemLoader Loading environment from /home/runner/work/key/key/key.core/../key.ui/examples/heap/polarity_tests/wellformed8.key 
39147      DEBUG main            d.u.i.k.p.i.AbstractProblemLoader Environment load took 262.9ns 
39148      INFO  main            d.u.i.k.p.i.AbstractProblemLoader Creating init config 
41805      DEBUG main            d.u.i.k.p.i.AbstractProblemLoader Init config took 2.66s 
41826      INFO  main            d.u.i.k.p.i.AbstractProblemLoader Replaying proof wellformed8.key 
41828      DEBUG main            d.u.i.k.p.i.IntermediateProofReplayer Proof replay took 7.6ns 
41935      INFO  main            d.u.i.k.p.r.p.TestFile    ... finished proof: open goal(s) 
42105      INFO  main            d.u.i.k.p.r.p.TestFile    Now processing file /home/runner/work/key/key/key.core/../key.ui/examples/heap/polarity_tests/wellformed9.key 
42105      INFO  main            d.u.i.k.p.i.AbstractProblemLoader Loading environment from /home/runner/work/key/key/key.core/../key.ui/examples/heap/polarity_tests/wellformed9.key 
42105      DEBUG main            d.u.i.k.p.i.AbstractProblemLoader Environment load took 83.9ns 
42106      INFO  main            d.u.i.k.p.i.AbstractProblemLoader Creating init config 
44744      DEBUG main            d.u.i.k.p.i.AbstractProblemLoader Init config took 2.64s 
44763      INFO  main            d.u.i.k.p.i.AbstractProblemLoader Replaying proof wellformed9.key 
44764      DEBUG main            d.u.i.k.p.i.IntermediateProofReplayer Proof replay took 6.9ns 
44870      INFO  main            d.u.i.k.p.r.p.TestFile    ... finished proof: closed. 
45026      INFO  main            d.u.i.k.p.i.AbstractProblemLoader Loading environment from /home/runner/work/key/key/key.core/../key.ui/examples/heap/polarity_tests/wellformed9.key.proof 
45026      DEBUG main            d.u.i.k.p.i.AbstractProblemLoader Environment load took 124ns 
45027      INFO  main            d.u.i.k.p.i.AbstractProblemLoader Creating init config 
47630      DEBUG main            d.u.i.k.p.i.AbstractProblemLoader Init config took 2.6s 
47647      INFO  main            d.u.i.k.p.i.AbstractProblemLoader Replaying proof wellformed9.key.proof 
47651      DEBUG main            d.u.i.k.p.i.IntermediateProofReplayer Proof replay took 1.56ms 
47652      DEBUG main            d.u.i.k.p.r.p.TestFile    ... success: reloaded. 
47653      INFO  main            d.u.i.k.p.r.p.TestFile    Now processing file /home/runner/work/key/key/key.core/../key.ui/examples/heap/polarity_tests/wellformed10.key 
47653      INFO  main            d.u.i.k.p.i.AbstractProblemLoader Loading environment from /home/runner/work/key/key/key.core/../key.ui/examples/heap/polarity_tests/wellformed10.key 
47653      DEBUG main            d.u.i.k.p.i.AbstractProblemLoader Environment load took 132.1ns 
47654      INFO  main            d.u.i.k.p.i.AbstractProblemLoader Creating init config 
50250      DEBUG main            d.u.i.k.p.i.AbstractProblemLoader Init config took 2.6s 
50267      INFO  main            d.u.i.k.p.i.AbstractProblemLoader Replaying proof wellformed10.key 
50268      DEBUG main            d.u.i.k.p.i.IntermediateProofReplayer Proof replay took 7.1ns 
50373      INFO  main            d.u.i.k.p.r.p.TestFile    ... finished proof: open goal(s) 
50552      INFO  main            d.u.i.k.p.r.p.TestFile    Now processing file /home/runner/work/key/key/key.core/../key.ui/examples/heap/polarity_tests/wellformed11.key 
50553      INFO  main            d.u.i.k.p.i.AbstractProblemLoader Loading environment from /home/runner/work/key/key/key.core/../key.ui/examples/heap/polarity_tests/wellformed11.key 
50553      DEBUG main            d.u.i.k.p.i.AbstractProblemLoader Environment load took 74.9ns 
50554      INFO  main            d.u.i.k.p.i.AbstractProblemLoader Creating init config 
53099      DEBUG main            d.u.i.k.p.i.AbstractProblemLoader Init config took 2.54s 
53123      INFO  main            d.u.i.k.p.i.AbstractProblemLoader Replaying proof wellformed11.key 
53126      DEBUG main            d.u.i.k.p.i.IntermediateProofReplayer Proof replay took 7.9ns 
53229      INFO  main            d.u.i.k.p.r.p.TestFile    ... finished proof: open goal(s) 
557693     INFO  Test worker     d.u.i.k.p.r.p.StatisticsFile Returning from test applicationRestrictions 
557706     INFO  Test worker     d.u.i.k.p.r.p.StatisticsFile Running test blockContracts 
376        INFO  Timeout watchdog d.u.i.k.p.r.p.ForkedTestFileRunner Timeout watcher launched (2000 secs.) 
386        WARN  main            d.u.i.k.s.ProofSettings   The settings in /home/runner/.key/proof-settings.props are *not* read. 
415        INFO  main            d.u.i.k.p.r.p.TestFile    Now processing file /home/runner/work/key/key/key.core/../key.ui/examples/heap/block_contracts/Simple__add.key 
534        INFO  main            d.u.i.k.p.i.AbstractProblemLoader Loading environment from /home/runner/work/key/key/key.core/../key.ui/examples/heap/block_contracts/Simple__add.key 
559        DEBUG main            d.u.i.k.p.i.AbstractProblemLoader Environment load took 2.25ms 
799        INFO  main            d.u.i.k.p.i.AbstractProblemLoader Creating init config 
1721       DEBUG main            d.u.i.k.j.TypeConverter   No LDT found for Meta 
1721       DEBUG main            d.u.i.k.j.TypeConverter   No LDT found for Meta 
1722       DEBUG main            d.u.i.k.j.TypeConverter   No LDT found for Meta 
1723       DEBUG main            d.u.i.k.j.TypeConverter   No LDT found for Meta 
3387       DEBUG main            d.u.i.k.j.TypeConverter   No LDT found for JavaBigintExpression 
9561       DEBUG main            d.u.i.k.p.i.AbstractProblemLoader Init config took 8.76s 
9710       INFO  main            d.u.i.k.p.i.AbstractProblemLoader Replaying proof Simple[Simple::add(int,int)].JML operation contract.0 
9811       DEBUG main            d.u.i.k.p.i.IntermediateProofReplayer Proof replay took 361.9ns 
10641      INFO  main            d.u.i.k.p.r.p.TestFile    ... finished proof: closed. 
10776      INFO  main            d.u.i.k.p.i.AbstractProblemLoader Loading environment from /home/runner/work/key/key/key.core/../key.ui/examples/heap/block_contracts/Simple__add.key.proof 
10777      DEBUG main            d.u.i.k.p.i.AbstractProblemLoader Environment load took 560.8ns 
10781      INFO  main            d.u.i.k.p.i.AbstractProblemLoader Creating init config 
14388      DEBUG main            d.u.i.k.p.i.AbstractProblemLoader Init config took 3.61s 
14466      INFO  main            d.u.i.k.p.i.AbstractProblemLoader Replaying proof Simple[Simple::add(int,int)].JML operation contract.0 
14611      DEBUG main            d.u.i.k.p.i.IntermediateProofReplayer Proof replay took 132.76ms 
14619      DEBUG main            d.u.i.k.p.r.p.TestFile    ... success: reloaded. 
14623      INFO  main            d.u.i.k.p.r.p.TestFile    Now processing file /home/runner/work/key/key/key.core/../key.ui/examples/heap/block_contracts/Simple__addAbsoluteValues.key 
14623      INFO  main            d.u.i.k.p.i.AbstractProblemLoader Loading environment from /home/runner/work/key/key/key.core/../key.ui/examples/heap/block_contracts/Simple__addAbsoluteValues.key 
14624      DEBUG main            d.u.i.k.p.i.AbstractProblemLoader Environment load took 222.9ns 
14627      INFO  main            d.u.i.k.p.i.AbstractProblemLoader Creating init config 
18146      DEBUG main            d.u.i.k.p.i.AbstractProblemLoader Init config took 3.52s 
18213      INFO  main            d.u.i.k.p.i.AbstractProblemLoader Replaying proof Simple[Simple::addAbsoluteValues(int,int)].JML normal_behavior operation contract.0 
18216      DEBUG main            d.u.i.k.p.i.IntermediateProofReplayer Proof replay took 15.4ns 
19430      INFO  main            d.u.i.k.p.r.p.TestFile    ... finished proof: closed. 
19645      INFO  main            d.u.i.k.p.i.AbstractProblemLoader Loading environment from /home/runner/work/key/key/key.core/../key.ui/examples/heap/block_contracts/Simple__addAbsoluteValues.key.proof 
19645      DEBUG main            d.u.i.k.p.i.AbstractProblemLoader Environment load took 154.8ns 
19646      INFO  main            d.u.i.k.p.i.AbstractProblemLoader Creating init config 
22930      DEBUG main            d.u.i.k.p.i.AbstractProblemLoader Init config took 3.28s 
23002      INFO  main            d.u.i.k.p.i.AbstractProblemLoader Replaying proof Simple[Simple::addAbsoluteValues(int,int)].JML normal_behavior operation contract.0 
23258      DEBUG main            d.u.i.k.p.i.IntermediateProofReplayer Proof replay took 246.24ms 
23260      DEBUG main            d.u.i.k.p.r.p.TestFile    ... success: reloaded. 
23263      INFO  main            d.u.i.k.p.r.p.TestFile    Now processing file /home/runner/work/key/key/key.core/../key.ui/examples/heap/block_contracts/Simple__addWithJump.key 
23263      INFO  main            d.u.i.k.p.i.AbstractProblemLoader Loading environment from /home/runner/work/key/key/key.core/../key.ui/examples/heap/block_contracts/Simple__addWithJump.key 
23263      DEBUG main            d.u.i.k.p.i.AbstractProblemLoader Environment load took 274.2ns 
23265      INFO  main            d.u.i.k.p.i.AbstractProblemLoader Creating init config 
26707      DEBUG main            d.u.i.k.p.i.AbstractProblemLoader Init config took 3.44s 
26762      INFO  main            d.u.i.k.p.i.AbstractProblemLoader Replaying proof Simple[Simple::addWithJump(int,int,int)].JML operation contract.0 
26765      DEBUG main            d.u.i.k.p.i.IntermediateProofReplayer Proof replay took 22.9ns 
26967      INFO  main            d.u.i.k.p.r.p.TestFile    ... finished proof: closed. 
27173      INFO  main            d.u.i.k.p.i.AbstractProblemLoader Loading environment from /home/runner/work/key/key/key.core/../key.ui/examples/heap/block_contracts/Simple__addWithJump.key.proof 
27173      DEBUG main            d.u.i.k.p.i.AbstractProblemLoader Environment load took 131.1ns 
27174      INFO  main            d.u.i.k.p.i.AbstractProblemLoader Creating init config 
30453      DEBUG main            d.u.i.k.p.i.AbstractProblemLoader Init config took 3.28s 
30527      INFO  main            d.u.i.k.p.i.AbstractProblemLoader Replaying proof Simple[Simple::addWithJump(int,int,int)].JML operation contract.0 
30592      DEBUG main            d.u.i.k.p.i.IntermediateProofReplayer Proof replay took 60.79ms 
30594      DEBUG main            d.u.i.k.p.r.p.TestFile    ... success: reloaded. 
30596      INFO  main            d.u.i.k.p.r.p.TestFile    Now processing file /home/runner/work/key/key/key.core/../key.ui/examples/heap/block_contracts/Simple__addWithTwoBlockContracts.key 
30597      INFO  main            d.u.i.k.p.i.AbstractProblemLoader Loading environment from /home/runner/work/key/key/key.core/../key.ui/examples/heap/block_contracts/Simple__addWithTwoBlockContracts.key 
30597      DEBUG main            d.u.i.k.p.i.AbstractProblemLoader Environment load took 300.4ns 
30601      INFO  main            d.u.i.k.p.i.AbstractProblemLoader Creating init config 
33894      DEBUG main            d.u.i.k.p.i.AbstractProblemLoader Init config took 3.29s 
33943      INFO  main            d.u.i.k.p.i.AbstractProblemLoader Replaying proof Simple[Simple::addWithTwoBlockContracts(int,int,int)].JML operation contract.0 
33945      DEBUG main            d.u.i.k.p.i.IntermediateProofReplayer Proof replay took 10.5ns 
34249      INFO  main            d.u.i.k.p.r.p.TestFile    ... finished proof: closed. 
34442      INFO  main            d.u.i.k.p.i.AbstractProblemLoader Loading environment from /home/runner/work/key/key/key.core/../key.ui/examples/heap/block_contracts/Simple__addWithTwoBlockContracts.key.proof 
34442      DEBUG main            d.u.i.k.p.i.AbstractProblemLoader Environment load took 131.4ns 
34443      INFO  main            d.u.i.k.p.i.AbstractProblemLoader Creating init config 
37683      DEBUG main            d.u.i.k.p.i.AbstractProblemLoader Init config took 3.24s 
37732      INFO  main            d.u.i.k.p.i.AbstractProblemLoader Replaying proof Simple[Simple::addWithTwoBlockContracts(int,int,int)].JML operation contract.0 
37801      DEBUG main            d.u.i.k.p.i.IntermediateProofReplayer Proof replay took 66.46ms 
37802      DEBUG main            d.u.i.k.p.r.p.TestFile    ... success: reloaded. 
37804      INFO  main            d.u.i.k.p.r.p.TestFile    Now processing file /home/runner/work/key/key/key.core/../key.ui/examples/heap/block_contracts/Simple__generateByteArray.key 
37804      INFO  main            d.u.i.k.p.i.AbstractProblemLoader Loading environment from /home/runner/work/key/key/key.core/../key.ui/examples/heap/block_contracts/Simple__generateByteArray.key 
37805      DEBUG main            d.u.i.k.p.i.AbstractProblemLoader Environment load took 222.4ns 
37805      INFO  main            d.u.i.k.p.i.AbstractProblemLoader Creating init config 
41220      DEBUG main            d.u.i.k.p.i.AbstractProblemLoader Init config took 3.41s 
41269      INFO  main            d.u.i.k.p.i.AbstractProblemLoader Replaying proof Simple[Simple::generateByteArray()].JML normal_behavior operation contract.0 
41272      DEBUG main            d.u.i.k.p.i.IntermediateProofReplayer Proof replay took 11.5ns 
43905      INFO  main            d.u.i.k.p.r.p.TestFile    ... finished proof: closed. 
44126      INFO  main            d.u.i.k.p.i.AbstractProblemLoader Loading environment from /home/runner/work/key/key/key.core/../key.ui/examples/heap/block_contracts/Simple__generateByteArray.key.proof 
44127      DEBUG main            d.u.i.k.p.i.AbstractProblemLoader Environment load took 576.6ns 
44129      INFO  main            d.u.i.k.p.i.AbstractProblemLoader Creating init config 
47372      DEBUG main            d.u.i.k.p.i.AbstractProblemLoader Init config took 3.24s 
47422      INFO  main            d.u.i.k.p.i.AbstractProblemLoader Replaying proof Simple[Simple::generateByteArray()].JML normal_behavior operation contract.0 
47802      DEBUG main            d.u.i.k.p.i.IntermediateProofReplayer Proof replay took 362.17ms 
47804      DEBUG main            d.u.i.k.p.r.p.TestFile    ... success: reloaded. 
47806      INFO  main            d.u.i.k.p.r.p.TestFile    Now processing file /home/runner/work/key/key/key.core/../key.ui/examples/heap/block_contracts/Simple__getLength.key 
47806      INFO  main            d.u.i.k.p.i.AbstractProblemLoader Loading environment from /home/runner/work/key/key/key.core/../key.ui/examples/heap/block_contracts/Simple__getLength.key 
47807      DEBUG main            d.u.i.k.p.i.AbstractProblemLoader Environment load took 293.6ns 
47808      INFO  main            d.u.i.k.p.i.AbstractProblemLoader Creating init config 
51054      DEBUG main            d.u.i.k.p.i.AbstractProblemLoader Init config took 3.25s 
51108      INFO  main            d.u.i.k.p.i.AbstractProblemLoader Replaying proof Simple[Simple::getLength()].JML normal_behavior operation contract.0 
51110      DEBUG main            d.u.i.k.p.i.IntermediateProofReplayer Proof replay took 13.2ns 
51216      INFO  main            d.u.i.k.p.r.p.TestFile    ... finished proof: closed. 
51440      INFO  main            d.u.i.k.p.i.AbstractProblemLoader Loading environment from /home/runner/work/key/key/key.core/../key.ui/examples/heap/block_contracts/Simple__getLength.key.proof 
51441      DEBUG main            d.u.i.k.p.i.AbstractProblemLoader Environment load took 200.4ns 
51442      INFO  main            d.u.i.k.p.i.AbstractProblemLoader Creating init config 
54608      DEBUG main            d.u.i.k.p.i.AbstractProblemLoader Init config took 3.17s 
54681      INFO  main            d.u.i.k.p.i.AbstractProblemLoader Replaying proof Simple[Simple::getLength()].JML normal_behavior operation contract.0 
54695      DEBUG main            d.u.i.k.p.i.IntermediateProofReplayer Proof replay took 10.15ms 
54696      DEBUG main            d.u.i.k.p.r.p.TestFile    ... success: reloaded. 
54698      INFO  main            d.u.i.k.p.r.p.TestFile    Now processing file /home/runner/work/key/key/key.core/../key.ui/examples/heap/block_contracts/Simple__square.key 
54699      INFO  main            d.u.i.k.p.i.AbstractProblemLoader Loading environment from /home/runner/work/key/key/key.core/../key.ui/examples/heap/block_contracts/Simple__square.key 
54699      DEBUG main            d.u.i.k.p.i.AbstractProblemLoader Environment load took 260ns 
54700      INFO  main            d.u.i.k.p.i.AbstractProblemLoader Creating init config 
57887      DEBUG main            d.u.i.k.p.i.AbstractProblemLoader Init config took 3.19s 
57936      INFO  main            d.u.i.k.p.i.AbstractProblemLoader Replaying proof Simple[Simple::square(int)].JML operation contract.0 
57938      DEBUG main            d.u.i.k.p.i.IntermediateProofReplayer Proof replay took 12ns 
58341      INFO  main            d.u.i.k.p.r.p.TestFile    ... finished proof: closed. 
58575      INFO  main            d.u.i.k.p.i.AbstractProblemLoader Loading environment from /home/runner/work/key/key/key.core/../key.ui/examples/heap/block_contracts/Simple__square.key.proof 
58576      DEBUG main            d.u.i.k.p.i.AbstractProblemLoader Environment load took 550ns 
58577      INFO  main            d.u.i.k.p.i.AbstractProblemLoader Creating init config 
61690      DEBUG main            d.u.i.k.p.i.AbstractProblemLoader Init config took 3.11s 
61745      INFO  main            d.u.i.k.p.i.AbstractProblemLoader Replaying proof Simple[Simple::square(int)].JML operation contract.0 
61866      DEBUG main            d.u.i.k.p.i.IntermediateProofReplayer Proof replay took 116.01ms 
61867      DEBUG main            d.u.i.k.p.r.p.TestFile    ... success: reloaded. 
61869      INFO  main            d.u.i.k.p.r.p.TestFile    Now processing file /home/runner/work/key/key/key.core/../key.ui/examples/heap/block_contracts/Simple__unnecessaryBlockContract.key 
61869      INFO  main            d.u.i.k.p.i.AbstractProblemLoader Loading environment from /home/runner/work/key/key/key.core/../key.ui/examples/heap/block_contracts/Simple__unnecessaryBlockContract.key 
61870      DEBUG main            d.u.i.k.p.i.AbstractProblemLoader Environment load took 239.2ns 
61871      INFO  main            d.u.i.k.p.i.AbstractProblemLoader Creating init config 
65073      DEBUG main            d.u.i.k.p.i.AbstractProblemLoader Init config took 3.2s 
65118      INFO  main            d.u.i.k.p.i.AbstractProblemLoader Replaying proof Simple[Simple::unnecessaryBlockContract()].JML operation contract.0 
65120      DEBUG main            d.u.i.k.p.i.IntermediateProofReplayer Proof replay took 22.2ns 
65221      INFO  main            d.u.i.k.p.r.p.TestFile    ... finished proof: closed. 
65454      INFO  main            d.u.i.k.p.i.AbstractProblemLoader Loading environment from /home/runner/work/key/key/key.core/../key.ui/examples/heap/block_contracts/Simple__unnecessaryBlockContract.key.proof 
65454      DEBUG main            d.u.i.k.p.i.AbstractProblemLoader Environment load took 132.5ns 
65457      INFO  main            d.u.i.k.p.i.AbstractProblemLoader Creating init config 
68602      DEBUG main            d.u.i.k.p.i.AbstractProblemLoader Init config took 3.15s 
68649      INFO  main            d.u.i.k.p.i.AbstractProblemLoader Replaying proof Simple[Simple::unnecessaryBlockContract()].JML operation contract.0 
68693      DEBUG main            d.u.i.k.p.i.IntermediateProofReplayer Proof replay took 42.53ms 
68694      DEBUG main            d.u.i.k.p.r.p.TestFile    ... success: reloaded. 
68696      INFO  main            d.u.i.k.p.r.p.TestFile    Now processing file /home/runner/work/key/key/key.core/../key.ui/examples/heap/block_contracts/Simple__unnecessaryLoopInvariant.key 
68696      INFO  main            d.u.i.k.p.i.AbstractProblemLoader Loading environment from /home/runner/work/key/key/key.core/../key.ui/examples/heap/block_contracts/Simple__unnecessaryLoopInvariant.key 
68703      DEBUG main            d.u.i.k.p.i.AbstractProblemLoader Environment load took 6.36ms 
68709      INFO  main            d.u.i.k.p.i.AbstractProblemLoader Creating init config 
71979      DEBUG main            d.u.i.k.p.i.AbstractProblemLoader Init config took 3.27s 
72022      INFO  main            d.u.i.k.p.i.AbstractProblemLoader Replaying proof Simple[Simple::unnecessaryLoopInvariant()].JML operation contract.0 
72024      DEBUG main            d.u.i.k.p.i.IntermediateProofReplayer Proof replay took 10.7ns 
72128      INFO  main            d.u.i.k.p.r.p.TestFile    ... finished proof: closed. 
72356      INFO  main            d.u.i.k.p.i.AbstractProblemLoader Loading environment from /home/runner/work/key/key/key.core/../key.ui/examples/heap/block_contracts/Simple__unnecessaryLoopInvariant.key.proof 
72356      DEBUG main            d.u.i.k.p.i.AbstractProblemLoader Environment load took 127.6ns 
72357      INFO  main            d.u.i.k.p.i.AbstractProblemLoader Creating init config 
75442      DEBUG main            d.u.i.k.p.i.AbstractProblemLoader Init config took 3.08s 
75510      INFO  main            d.u.i.k.p.i.AbstractProblemLoader Replaying proof Simple[Simple::unnecessaryLoopInvariant()].JML operation contract.0 
75543      DEBUG main            d.u.i.k.p.i.IntermediateProofReplayer Proof replay took 28.06ms 
75544      DEBUG main            d.u.i.k.p.r.p.TestFile    ... success: reloaded. 
75545      INFO  main            d.u.i.k.p.r.p.TestFile    Now processing file /home/runner/work/key/key/key.core/../key.ui/examples/standard_key/java_dl/jml-assert/assert.key 
75545      INFO  main            d.u.i.k.p.i.AbstractProblemLoader Loading environment from /home/runner/work/key/key/key.core/../key.ui/examples/standard_key/java_dl/jml-assert/assert.key 
75546      DEBUG main            d.u.i.k.p.i.AbstractProblemLoader Environment load took 148.2ns 
75547      INFO  main            d.u.i.k.p.i.AbstractProblemLoader Creating init config 
78371      DEBUG main            d.u.i.k.p.i.AbstractProblemLoader Init config took 2.82s 
78416      INFO  main            d.u.i.k.p.i.AbstractProblemLoader Replaying proof Assert[Assert::createArray(int)].JML normal_behavior operation contract.0 
78417      DEBUG main            d.u.i.k.p.i.IntermediateProofReplayer Proof replay took 6.9ns 
78720      INFO  main            d.u.i.k.p.r.p.TestFile    ... finished proof: closed. 
78924      INFO  main            d.u.i.k.p.i.AbstractProblemLoader Loading environment from /home/runner/work/key/key/key.core/../key.ui/examples/standard_key/java_dl/jml-assert/assert.key.proof 
78924      DEBUG main            d.u.i.k.p.i.AbstractProblemLoader Environment load took 137ns 
78926      INFO  main            d.u.i.k.p.i.AbstractProblemLoader Creating init config 
81662      DEBUG main            d.u.i.k.p.i.AbstractProblemLoader Init config took 2.74s 
81704      INFO  main            d.u.i.k.p.i.AbstractProblemLoader Replaying proof Assert[Assert::createArray(int)].JML normal_behavior operation contract.0 
81759      DEBUG main            d.u.i.k.p.i.IntermediateProofReplayer Proof replay took 51.7ms 
81760      DEBUG main            d.u.i.k.p.r.p.TestFile    ... success: reloaded. 
81761      INFO  main            d.u.i.k.p.r.p.TestFile    Now processing file /home/runner/work/key/key/key.core/../key.ui/examples/standard_key/java_dl/jml-assert/assert_assume_order.key 
81761      INFO  main            d.u.i.k.p.i.AbstractProblemLoader Loading environment from /home/runner/work/key/key/key.core/../key.ui/examples/standard_key/java_dl/jml-assert/assert_assume_order.key 
81761      DEBUG main            d.u.i.k.p.i.AbstractProblemLoader Environment load took 119.8ns 
81762      INFO  main            d.u.i.k.p.i.AbstractProblemLoader Creating init config 
84530      DEBUG main            d.u.i.k.p.i.AbstractProblemLoader Init config took 2.77s 
84571      INFO  main            d.u.i.k.p.i.AbstractProblemLoader Replaying proof AssertAssume[AssertAssume::singleAssumeAssert(int)].JML normal_behavior operation contract.0 
84573      DEBUG main            d.u.i.k.p.i.IntermediateProofReplayer Proof replay took 6.3ns 
84675      INFO  main            d.u.i.k.p.r.p.TestFile    ... finished proof: closed. 
84900      INFO  main            d.u.i.k.p.i.AbstractProblemLoader Loading environment from /home/runner/work/key/key/key.core/../key.ui/examples/standard_key/java_dl/jml-assert/assert_assume_order.key.proof 
84900      DEBUG main            d.u.i.k.p.i.AbstractProblemLoader Environment load took 129.1ns 
84901      INFO  main            d.u.i.k.p.i.AbstractProblemLoader Creating init config 
87588      DEBUG main            d.u.i.k.p.i.AbstractProblemLoader Init config took 2.69s 
87627      INFO  main            d.u.i.k.p.i.AbstractProblemLoader Replaying proof AssertAssume[AssertAssume::singleAssumeAssert(int)].JML normal_behavior operation contract.0 
87638      DEBUG main            d.u.i.k.p.i.IntermediateProofReplayer Proof replay took 9.02ms 
87639      DEBUG main            d.u.i.k.p.r.p.TestFile    ... success: reloaded. 
87641      INFO  main            d.u.i.k.p.r.p.TestFile    Now processing file /home/runner/work/key/key/key.core/../key.ui/examples/heap/block_loop_contracts/SimpleVariants/sum_onBlock_external.key 
87641      INFO  main            d.u.i.k.p.i.AbstractProblemLoader Loading environment from /home/runner/work/key/key/key.core/../key.ui/examples/heap/block_loop_contracts/SimpleVariants/sum_onBlock_external.key 
87641      DEBUG main            d.u.i.k.p.i.AbstractProblemLoader Environment load took 160.3ns 
87642      INFO  main            d.u.i.k.p.i.AbstractProblemLoader Creating init config 
90699      DEBUG main            d.u.i.k.p.i.AbstractProblemLoader Init config took 3.06s 
90740      INFO  main            d.u.i.k.p.i.AbstractProblemLoader Replaying proof LoopContractExamplesAll[LoopContractExamplesAll::sum_loopContract_onBlock([I)].JML normal_behavior operation contract.0 
90743      DEBUG main            d.u.i.k.p.i.IntermediateProofReplayer Proof replay took 11.6ns 
90845      INFO  main            d.u.i.k.p.r.p.TestFile    ... finished proof: closed. 
91092      INFO  main            d.u.i.k.p.i.AbstractProblemLoader Loading environment from /home/runner/work/key/key/key.core/../key.ui/examples/heap/block_loop_contracts/SimpleVariants/sum_onBlock_external.key.proof 
91092      DEBUG main            d.u.i.k.p.i.AbstractProblemLoader Environment load took 122.7ns 
91093      INFO  main            d.u.i.k.p.i.AbstractProblemLoader Creating init config 
94047      DEBUG main            d.u.i.k.p.i.AbstractProblemLoader Init config took 2.95s 
94084      INFO  main            d.u.i.k.p.i.AbstractProblemLoader Replaying proof LoopContractExamplesAll[LoopContractExamplesAll::sum_loopContract_onBlock([I)].JML normal_behavior operation contract.0 
94129      DEBUG main            d.u.i.k.p.i.IntermediateProofReplayer Proof replay took 43.22ms 
94132      DEBUG main            d.u.i.k.p.r.p.TestFile    ... success: reloaded. 
94133      INFO  main            d.u.i.k.p.r.p.TestFile    Now processing file /home/runner/work/key/key/key.core/../key.ui/examples/heap/block_loop_contracts/SimpleVariants/sum_onBlock_internal.key 
94133      INFO  main            d.u.i.k.p.i.AbstractProblemLoader Loading environment from /home/runner/work/key/key/key.core/../key.ui/examples/heap/block_loop_contracts/SimpleVariants/sum_onBlock_internal.key 
94134      DEBUG main            d.u.i.k.p.i.AbstractProblemLoader Environment load took 356.2ns 
94135      INFO  main            d.u.i.k.p.i.AbstractProblemLoader Creating init config 
97144      DEBUG main            d.u.i.k.p.i.AbstractProblemLoader Init config took 3.01s 
97183      INFO  main            d.u.i.k.p.i.AbstractProblemLoader Replaying proof LoopContractExamplesAll[LoopContractExamplesAll::sum_loopContract_onBlock([I)].JML normal_behavior operation contract.0 
97185      DEBUG main            d.u.i.k.p.i.IntermediateProofReplayer Proof replay took 11.9ns 
97989      INFO  main            d.u.i.k.p.r.p.TestFile    ... finished proof: closed. 
98264      INFO  main            d.u.i.k.p.i.AbstractProblemLoader Loading environment from /home/runner/work/key/key/key.core/../key.ui/examples/heap/block_loop_contracts/SimpleVariants/sum_onBlock_internal.key.proof 
98265      DEBUG main            d.u.i.k.p.i.AbstractProblemLoader Environment load took 641.9ns 
98266      INFO  main            d.u.i.k.p.i.AbstractProblemLoader Creating init config 
101166     DEBUG main            d.u.i.k.p.i.AbstractProblemLoader Init config took 2.9s 
101204     INFO  main            d.u.i.k.p.i.AbstractProblemLoader Replaying proof LoopContractExamplesAll[LoopContractExamplesAll::sum_loopContract_onBlock([I)].JML normal_behavior operation contract.0 
101525     DEBUG main            d.u.i.k.p.i.IntermediateProofReplayer Proof replay took 317.03ms 
101527     DEBUG main            d.u.i.k.p.r.p.TestFile    ... success: reloaded. 
101528     INFO  main            d.u.i.k.p.r.p.TestFile    Now processing file /home/runner/work/key/key/key.core/../key.ui/examples/heap/block_loop_contracts/SimpleVariants/sum_onBlock_loop.key 
101529     INFO  main            d.u.i.k.p.i.AbstractProblemLoader Loading environment from /home/runner/work/key/key/key.core/../key.ui/examples/heap/block_loop_contracts/SimpleVariants/sum_onBlock_loop.key 
101529     DEBUG main            d.u.i.k.p.i.AbstractProblemLoader Environment load took 240.9ns 
101530     INFO  main            d.u.i.k.p.i.AbstractProblemLoader Creating init config 
104508     DEBUG main            d.u.i.k.p.i.AbstractProblemLoader Init config took 2.98s 
104550     INFO  main            d.u.i.k.p.i.AbstractProblemLoader Replaying proof LoopContractExamplesAll[LoopContractExamplesAll::sum_loopContract_onBlock([I)].JML normal_behavior loop contract.0 
104552     DEBUG main            d.u.i.k.p.i.IntermediateProofReplayer Proof replay took 11.8ns 
105455     INFO  main            d.u.i.k.p.r.p.TestFile    ... finished proof: closed. 
105759     INFO  main            d.u.i.k.p.i.AbstractProblemLoader Loading environment from /home/runner/work/key/key/key.core/../key.ui/examples/heap/block_loop_contracts/SimpleVariants/sum_onBlock_loop.key.proof 
105759     DEBUG main            d.u.i.k.p.i.AbstractProblemLoader Environment load took 613.7ns 
105761     INFO  main            d.u.i.k.p.i.AbstractProblemLoader Creating init config 
108627     DEBUG main            d.u.i.k.p.i.AbstractProblemLoader Init config took 2.87s 
108667     INFO  main            d.u.i.k.p.i.AbstractProblemLoader Replaying proof LoopContractExamplesAll[LoopContractExamplesAll::sum_loopContract_onBlock([I)].JML normal_behavior loop contract.0 
108965     DEBUG main            d.u.i.k.p.i.IntermediateProofReplayer Proof replay took 293.75ms 
108966     DEBUG main            d.u.i.k.p.r.p.TestFile    ... success: reloaded. 
108967     INFO  main            d.u.i.k.p.r.p.TestFile    Now processing file /home/runner/work/key/key/key.core/../key.ui/examples/heap/block_loop_contracts/SimpleVariants/sum_onLoop_external.key 
108968     INFO  main            d.u.i.k.p.i.AbstractProblemLoader Loading environment from /home/runner/work/key/key/key.core/../key.ui/examples/heap/block_loop_contracts/SimpleVariants/sum_onLoop_external.key 
108968     DEBUG main            d.u.i.k.p.i.AbstractProblemLoader Environment load took 168.1ns 
108969     INFO  main            d.u.i.k.p.i.AbstractProblemLoader Creating init config 
111977     DEBUG main            d.u.i.k.p.i.AbstractProblemLoader Init config took 3.01s 
112034     INFO  main            d.u.i.k.p.i.AbstractProblemLoader Replaying proof LoopContractExamplesAll[LoopContractExamplesAll::sum_loopContract_onLoop([I)].JML normal_behavior operation contract.0 
112036     DEBUG main            d.u.i.k.p.i.IntermediateProofReplayer Proof replay took 12.1ns 
112138     INFO  main            d.u.i.k.p.r.p.TestFile    ... finished proof: closed. 
112443     INFO  main            d.u.i.k.p.i.AbstractProblemLoader Loading environment from /home/runner/work/key/key/key.core/../key.ui/examples/heap/block_loop_contracts/SimpleVariants/sum_onLoop_external.key.proof 
112443     DEBUG main            d.u.i.k.p.i.AbstractProblemLoader Environment load took 152.6ns 
112444     INFO  main            d.u.i.k.p.i.AbstractProblemLoader Creating init config 
115278     DEBUG main            d.u.i.k.p.i.AbstractProblemLoader Init config took 2.83s 
115324     INFO  main            d.u.i.k.p.i.AbstractProblemLoader Replaying proof LoopContractExamplesAll[LoopContractExamplesAll::sum_loopContract_onLoop([I)].JML normal_behavior operation contract.0 
115357     DEBUG main            d.u.i.k.p.i.IntermediateProofReplayer Proof replay took 31.17ms 
115358     DEBUG main            d.u.i.k.p.r.p.TestFile    ... success: reloaded. 
115359     INFO  main            d.u.i.k.p.r.p.TestFile    Now processing file /home/runner/work/key/key/key.core/../key.ui/examples/heap/block_loop_contracts/SimpleVariants/sum_onLoop_internal.key 
115359     INFO  main            d.u.i.k.p.i.AbstractProblemLoader Loading environment from /home/runner/work/key/key/key.core/../key.ui/examples/heap/block_loop_contracts/SimpleVariants/sum_onLoop_internal.key 
115359     DEBUG main            d.u.i.k.p.i.AbstractProblemLoader Environment load took 94ns 
115360     INFO  main            d.u.i.k.p.i.AbstractProblemLoader Creating init config 
118298     DEBUG main            d.u.i.k.p.i.AbstractProblemLoader Init config took 2.94s 
118355     INFO  main            d.u.i.k.p.i.AbstractProblemLoader Replaying proof LoopContractExamplesAll[LoopContractExamplesAll::sum_loopContract_onLoop([I)].JML normal_behavior operation contract.0 
118357     DEBUG main            d.u.i.k.p.i.IntermediateProofReplayer Proof replay took 22.3ns 
119061     INFO  main            d.u.i.k.p.r.p.TestFile    ... finished proof: closed. 
119367     INFO  main            d.u.i.k.p.i.AbstractProblemLoader Loading environment from /home/runner/work/key/key/key.core/../key.ui/examples/heap/block_loop_contracts/SimpleVariants/sum_onLoop_internal.key.proof 
119367     DEBUG main            d.u.i.k.p.i.AbstractProblemLoader Environment load took 565.8ns 
119369     INFO  main            d.u.i.k.p.i.AbstractProblemLoader Creating init config 
122342     DEBUG main            d.u.i.k.p.i.AbstractProblemLoader Init config took 2.97s 
122384     INFO  main            d.u.i.k.p.i.AbstractProblemLoader Replaying proof LoopContractExamplesAll[LoopContractExamplesAll::sum_loopContract_onLoop([I)].JML normal_behavior operation contract.0 
122689     DEBUG main            d.u.i.k.p.i.IntermediateProofReplayer Proof replay took 296.77ms 
122693     DEBUG main            d.u.i.k.p.r.p.TestFile    ... success: reloaded. 
122695     INFO  main            d.u.i.k.p.r.p.TestFile    Now processing file /home/runner/work/key/key/key.core/../key.ui/examples/heap/block_loop_contracts/SimpleVariants/sum_onLoop_loop.key 
122697     INFO  main            d.u.i.k.p.i.AbstractProblemLoader Loading environment from /home/runner/work/key/key/key.core/../key.ui/examples/heap/block_loop_contracts/SimpleVariants/sum_onLoop_loop.key 
122697     DEBUG main            d.u.i.k.p.i.AbstractProblemLoader Environment load took 296ns 
122698     INFO  main            d.u.i.k.p.i.AbstractProblemLoader Creating init config 
125662     DEBUG main            d.u.i.k.p.i.AbstractProblemLoader Init config took 2.96s 
125703     INFO  main            d.u.i.k.p.i.AbstractProblemLoader Replaying proof LoopContractExamplesAll[LoopContractExamplesAll::sum_loopContract_onLoop([I)].JML normal_behavior loop contract.0 
125707     DEBUG main            d.u.i.k.p.i.IntermediateProofReplayer Proof replay took 12.5ns 
126611     INFO  main            d.u.i.k.p.r.p.TestFile    ... finished proof: closed. 
126933     INFO  main            d.u.i.k.p.i.AbstractProblemLoader Loading environment from /home/runner/work/key/key/key.core/../key.ui/examples/heap/block_loop_contracts/SimpleVariants/sum_onLoop_loop.key.proof 
126933     DEBUG main            d.u.i.k.p.i.AbstractProblemLoader Environment load took 170ns 
126934     INFO  main            d.u.i.k.p.i.AbstractProblemLoader Creating init config 
129743     DEBUG main            d.u.i.k.p.i.AbstractProblemLoader Init config took 2.81s 
129791     INFO  main            d.u.i.k.p.i.AbstractProblemLoader Replaying proof LoopContractExamplesAll[LoopContractExamplesAll::sum_loopContract_onLoop([I)].JML normal_behavior loop contract.0 
130074     DEBUG main            d.u.i.k.p.i.IntermediateProofReplayer Proof replay took 275.94ms 
130075     DEBUG main            d.u.i.k.p.r.p.TestFile    ... success: reloaded. 
130078     INFO  main            d.u.i.k.p.r.p.TestFile    Now processing file /home/runner/work/key/key/key.core/../key.ui/examples/heap/block_loop_contracts/Free/blockContracts0.key 
130079     INFO  main            d.u.i.k.p.i.AbstractProblemLoader Loading environment from /home/runner/work/key/key/key.core/../key.ui/examples/heap/block_loop_contracts/Free/blockContracts0.key 
130079     DEBUG main            d.u.i.k.p.i.AbstractProblemLoader Environment load took 271.9ns 
130080     INFO  main            d.u.i.k.p.i.AbstractProblemLoader Creating init config 
132719     DEBUG main            d.u.i.k.p.i.AbstractProblemLoader Init config took 2.64s 
132755     INFO  main            d.u.i.k.p.i.AbstractProblemLoader Replaying proof FreeConditions[FreeConditions::blockContract0()].JML normal_behavior operation contract.0 
132757     DEBUG main            d.u.i.k.p.i.IntermediateProofReplayer Proof replay took 13.3ns 
132862     INFO  main            d.u.i.k.p.r.p.TestFile    ... finished proof: closed. 
133173     INFO  main            d.u.i.k.p.i.AbstractProblemLoader Loading environment from /home/runner/work/key/key/key.core/../key.ui/examples/heap/block_loop_contracts/Free/blockContracts0.key.proof 
133173     DEBUG main            d.u.i.k.p.i.AbstractProblemLoader Environment load took 112.5ns 
133174     INFO  main            d.u.i.k.p.i.AbstractProblemLoader Creating init config 
135670     DEBUG main            d.u.i.k.p.i.AbstractProblemLoader Init config took 2.5s 
135705     INFO  main            d.u.i.k.p.i.AbstractProblemLoader Replaying proof FreeConditions[FreeConditions::blockContract0()].JML normal_behavior operation contract.0 
135729     DEBUG main            d.u.i.k.p.i.IntermediateProofReplayer Proof replay took 21.8ms 
135730     DEBUG main            d.u.i.k.p.r.p.TestFile    ... success: reloaded. 
135731     INFO  main            d.u.i.k.p.r.p.TestFile    Now processing file /home/runner/work/key/key/key.core/../key.ui/examples/heap/block_loop_contracts/Free/blockContracts1.key 
135731     INFO  main            d.u.i.k.p.i.AbstractProblemLoader Loading environment from /home/runner/work/key/key/key.core/../key.ui/examples/heap/block_loop_contracts/Free/blockContracts1.key 
135731     DEBUG main            d.u.i.k.p.i.AbstractProblemLoader Environment load took 118.9ns 
135732     INFO  main            d.u.i.k.p.i.AbstractProblemLoader Creating init config 
138253     DEBUG main            d.u.i.k.p.i.AbstractProblemLoader Init config took 2.52s 
138288     INFO  main            d.u.i.k.p.i.AbstractProblemLoader Replaying proof FreeConditions[FreeConditions::blockContract1()].JML normal_behavior operation contract.0 
138290     DEBUG main            d.u.i.k.p.i.IntermediateProofReplayer Proof replay took 12.2ns 
138392     INFO  main            d.u.i.k.p.r.p.TestFile    ... finished proof: closed. 
138692     INFO  main            d.u.i.k.p.i.AbstractProblemLoader Loading environment from /home/runner/work/key/key/key.core/../key.ui/examples/heap/block_loop_contracts/Free/blockContracts1.key.proof 
138692     DEBUG main            d.u.i.k.p.i.AbstractProblemLoader Environment load took 120.2ns 
138693     INFO  main            d.u.i.k.p.i.AbstractProblemLoader Creating init config 
141207     DEBUG main            d.u.i.k.p.i.AbstractProblemLoader Init config took 2.51s 
141246     INFO  main            d.u.i.k.p.i.AbstractProblemLoader Replaying proof FreeConditions[FreeConditions::blockContract1()].JML normal_behavior operation contract.0 
141270     DEBUG main            d.u.i.k.p.i.IntermediateProofReplayer Proof replay took 18.69ms 
141271     DEBUG main            d.u.i.k.p.r.p.TestFile    ... success: reloaded. 
141272     INFO  main            d.u.i.k.p.r.p.TestFile    Now processing file /home/runner/work/key/key/key.core/../key.ui/examples/heap/block_loop_contracts/Finally/block_finally.key 
141272     INFO  main            d.u.i.k.p.i.AbstractProblemLoader Loading environment from /home/runner/work/key/key/key.core/../key.ui/examples/heap/block_loop_contracts/Finally/block_finally.key 
141273     DEBUG main            d.u.i.k.p.i.AbstractProblemLoader Environment load took 131.1ns 
141274     INFO  main            d.u.i.k.p.i.AbstractProblemLoader Creating init config 
143833     DEBUG main            d.u.i.k.p.i.AbstractProblemLoader Init config took 2.56s 
143874     INFO  main            d.u.i.k.p.i.AbstractProblemLoader Replaying proof AuxiliaryContractsFinally[AuxiliaryContractsFinally::breakThrowContinueBlockContract(java.lang.Exception)].JML block contract.0 
143877     DEBUG main            d.u.i.k.p.i.IntermediateProofReplayer Proof replay took 254.1ns 
144481     INFO  main            d.u.i.k.p.r.p.TestFile    ... finished proof: open goal(s) 
144803     INFO  main            d.u.i.k.p.r.p.TestFile    Now processing file /home/runner/work/key/key/key.core/../key.ui/examples/heap/block_loop_contracts/Finally/loop_finally.key 
144803     INFO  main            d.u.i.k.p.i.AbstractProblemLoader Loading environment from /home/runner/work/key/key/key.core/../key.ui/examples/heap/block_loop_contracts/Finally/loop_finally.key 
144804     DEBUG main            d.u.i.k.p.i.AbstractProblemLoader Environment load took 64.4ns 
144805     INFO  main            d.u.i.k.p.i.AbstractProblemLoader Creating init config 
147384     DEBUG main            d.u.i.k.p.i.AbstractProblemLoader Init config took 2.58s 
147426     INFO  main            d.u.i.k.p.i.AbstractProblemLoader Replaying proof AuxiliaryContractsFinally[AuxiliaryContractsFinally::breakThrowContinueLoopContract(java.lang.Exception)].JML normal_behavior loop contract.0 
147428     DEBUG main            d.u.i.k.p.i.IntermediateProofReplayer Proof replay took 13.6ns 
148165     INFO  main            d.u.i.k.p.r.p.TestFile    ... finished proof: open goal(s) 
706378     INFO  Test worker     d.u.i.k.p.r.p.StatisticsFile Returning from test blockContracts 
706388     INFO  Test worker     d.u.i.k.p.r.p.StatisticsFile Running test jmlAsserts 
420        INFO  Timeout watchdog d.u.i.k.p.r.p.ForkedTestFileRunner Timeout watcher launched (2000 secs.) 
470        WARN  main            d.u.i.k.s.ProofSettings   The settings in /home/runner/.key/proof-settings.props are *not* read. 
517        INFO  main            d.u.i.k.p.r.p.TestFile    Now processing file /home/runner/work/key/key/key.core/../key.ui/examples/standard_key/java_dl/jml-assert/assert.key 
645        INFO  main            d.u.i.k.p.i.AbstractProblemLoader Loading environment from /home/runner/work/key/key/key.core/../key.ui/examples/standard_key/java_dl/jml-assert/assert.key 
668        DEBUG main            d.u.i.k.p.i.AbstractProblemLoader Environment load took 2.24ms 
927        INFO  main            d.u.i.k.p.i.AbstractProblemLoader Creating init config 
1921       DEBUG main            d.u.i.k.j.TypeConverter   No LDT found for Meta 
1921       DEBUG main            d.u.i.k.j.TypeConverter   No LDT found for Meta 
1923       DEBUG main            d.u.i.k.j.TypeConverter   No LDT found for Meta 
1924       DEBUG main            d.u.i.k.j.TypeConverter   No LDT found for Meta 
3417       DEBUG main            d.u.i.k.j.TypeConverter   No LDT found for JavaBigintExpression 
8962       DEBUG main            d.u.i.k.p.i.AbstractProblemLoader Init config took 8.04s 
9139       INFO  main            d.u.i.k.p.i.AbstractProblemLoader Replaying proof Assert[Assert::createArray(int)].JML normal_behavior operation contract.0 
9181       DEBUG main            d.u.i.k.p.i.IntermediateProofReplayer Proof replay took 32.3ns 
10274      INFO  main            d.u.i.k.p.r.p.TestFile    ... finished proof: closed. 
10452      INFO  main            d.u.i.k.p.i.AbstractProblemLoader Loading environment from /home/runner/work/key/key/key.core/../key.ui/examples/standard_key/java_dl/jml-assert/assert.key.proof 
10456      DEBUG main            d.u.i.k.p.i.AbstractProblemLoader Environment load took 4.21ms 
10460      INFO  main            d.u.i.k.p.i.AbstractProblemLoader Creating init config 
13716      DEBUG main            d.u.i.k.p.i.AbstractProblemLoader Init config took 3.26s 
13817      INFO  main            d.u.i.k.p.i.AbstractProblemLoader Replaying proof Assert[Assert::createArray(int)].JML normal_behavior operation contract.0 
13971      DEBUG main            d.u.i.k.p.i.IntermediateProofReplayer Proof replay took 140.2ms 
13979      DEBUG main            d.u.i.k.p.r.p.TestFile    ... success: reloaded. 
13981      INFO  main            d.u.i.k.p.r.p.TestFile    Now processing file /home/runner/work/key/key/key.core/../key.ui/examples/heap/block_loop_contracts/Free/assertions0.key 
13982      INFO  main            d.u.i.k.p.i.AbstractProblemLoader Loading environment from /home/runner/work/key/key/key.core/../key.ui/examples/heap/block_loop_contracts/Free/assertions0.key 
13983      DEBUG main            d.u.i.k.p.i.AbstractProblemLoader Environment load took 1.14ms 
13987      INFO  main            d.u.i.k.p.i.AbstractProblemLoader Creating init config 
17024      DEBUG main            d.u.i.k.p.i.AbstractProblemLoader Init config took 3.04s 
17090      INFO  main            d.u.i.k.p.i.AbstractProblemLoader Replaying proof FreeConditions[FreeConditions::assertions0()].JML normal_behavior operation contract.0 
17095      DEBUG main            d.u.i.k.p.i.IntermediateProofReplayer Proof replay took 14.4ns 
17298      INFO  main            d.u.i.k.p.r.p.TestFile    ... finished proof: closed. 
17438      INFO  main            d.u.i.k.p.i.AbstractProblemLoader Loading environment from /home/runner/work/key/key/key.core/../key.ui/examples/heap/block_loop_contracts/Free/assertions0.key.proof 
17438      DEBUG main            d.u.i.k.p.i.AbstractProblemLoader Environment load took 148.2ns 
17441      INFO  main            d.u.i.k.p.i.AbstractProblemLoader Creating init config 
20373      DEBUG main            d.u.i.k.p.i.AbstractProblemLoader Init config took 2.93s 
20425      INFO  main            d.u.i.k.p.i.AbstractProblemLoader Replaying proof FreeConditions[FreeConditions::assertions0()].JML normal_behavior operation contract.0 
20456      DEBUG main            d.u.i.k.p.i.IntermediateProofReplayer Proof replay took 28.04ms 
20457      DEBUG main            d.u.i.k.p.r.p.TestFile    ... success: reloaded. 
20461      INFO  main            d.u.i.k.p.r.p.TestFile    Now processing file /home/runner/work/key/key/key.core/../key.ui/examples/heap/block_loop_contracts/Free/assertions1.key 
20461      INFO  main            d.u.i.k.p.i.AbstractProblemLoader Loading environment from /home/runner/work/key/key/key.core/../key.ui/examples/heap/block_loop_contracts/Free/assertions1.key 
20461      DEBUG main            d.u.i.k.p.i.AbstractProblemLoader Environment load took 335.1ns 
20463      INFO  main            d.u.i.k.p.i.AbstractProblemLoader Creating init config 
23376      DEBUG main            d.u.i.k.p.i.AbstractProblemLoader Init config took 2.91s 
23439      INFO  main            d.u.i.k.p.i.AbstractProblemLoader Replaying proof FreeConditions[FreeConditions::assertions1()].JML normal_behavior operation contract.0 
23442      DEBUG main            d.u.i.k.p.i.IntermediateProofReplayer Proof replay took 23.5ns 
23544      INFO  main            d.u.i.k.p.r.p.TestFile    ... finished proof: closed. 
23751      INFO  main            d.u.i.k.p.i.AbstractProblemLoader Loading environment from /home/runner/work/key/key/key.core/../key.ui/examples/heap/block_loop_contracts/Free/assertions1.key.proof 
23751      DEBUG main            d.u.i.k.p.i.AbstractProblemLoader Environment load took 174.2ns 
23753      INFO  main            d.u.i.k.p.i.AbstractProblemLoader Creating init config 
26546      DEBUG main            d.u.i.k.p.i.AbstractProblemLoader Init config took 2.79s 
26608      INFO  main            d.u.i.k.p.i.AbstractProblemLoader Replaying proof FreeConditions[FreeConditions::assertions1()].JML normal_behavior operation contract.0 
26625      DEBUG main            d.u.i.k.p.i.IntermediateProofReplayer Proof replay took 10.65ms 
26626      DEBUG main            d.u.i.k.p.r.p.TestFile    ... success: reloaded. 
26628      INFO  main            d.u.i.k.p.r.p.TestFile    Now processing file /home/runner/work/key/key/key.core/../key.ui/examples/standard_key/java_dl/jml-assert/recursion-assert.key 
26629      INFO  main            d.u.i.k.p.i.AbstractProblemLoader Loading environment from /home/runner/work/key/key/key.core/../key.ui/examples/standard_key/java_dl/jml-assert/recursion-assert.key 
26637      DEBUG main            d.u.i.k.p.i.AbstractProblemLoader Environment load took 8.52ms 
26639      INFO  main            d.u.i.k.p.i.AbstractProblemLoader Creating init config 
29610      DEBUG main            d.u.i.k.p.i.AbstractProblemLoader Init config took 2.97s 
29672      INFO  main            d.u.i.k.p.i.AbstractProblemLoader Replaying proof RecursiveMethod[RecursiveMethod::fac1(int)].JML normal_behavior operation contract.0 
29675      DEBUG main            d.u.i.k.p.i.IntermediateProofReplayer Proof replay took 6.7ns 
29978      INFO  main            d.u.i.k.p.r.p.TestFile    ... finished proof: closed. 
30165      INFO  main            d.u.i.k.p.i.AbstractProblemLoader Loading environment from /home/runner/work/key/key/key.core/../key.ui/examples/standard_key/java_dl/jml-assert/recursion-assert.key.proof 
30166      DEBUG main            d.u.i.k.p.i.AbstractProblemLoader Environment load took 716.61ns 
30167      INFO  main            d.u.i.k.p.i.AbstractProblemLoader Creating init config 
33136      DEBUG main            d.u.i.k.p.i.AbstractProblemLoader Init config took 2.97s 
33187      INFO  main            d.u.i.k.p.i.AbstractProblemLoader Replaying proof RecursiveMethod[RecursiveMethod::fac1(int)].JML normal_behavior operation contract.0 
33249      DEBUG main            d.u.i.k.p.i.IntermediateProofReplayer Proof replay took 58.49ms 
33251      DEBUG main            d.u.i.k.p.r.p.TestFile    ... success: reloaded. 
33252      INFO  main            d.u.i.k.p.r.p.TestFile    Now processing file /home/runner/work/key/key/key.core/../key.ui/examples/standard_key/java_dl/jml-assert/recursion-assume.key 
33253      INFO  main            d.u.i.k.p.i.AbstractProblemLoader Loading environment from /home/runner/work/key/key/key.core/../key.ui/examples/standard_key/java_dl/jml-assert/recursion-assume.key 
33253      DEBUG main            d.u.i.k.p.i.AbstractProblemLoader Environment load took 274ns 
33254      INFO  main            d.u.i.k.p.i.AbstractProblemLoader Creating init config 
36212      DEBUG main            d.u.i.k.p.i.AbstractProblemLoader Init config took 2.96s 
36260      INFO  main            d.u.i.k.p.i.AbstractProblemLoader Replaying proof RecursiveMethod[RecursiveMethod::fac2(int)].JML normal_behavior operation contract.0 
36262      DEBUG main            d.u.i.k.p.i.IntermediateProofReplayer Proof replay took 6.6ns 
36464      INFO  main            d.u.i.k.p.r.p.TestFile    ... finished proof: closed. 
36662      INFO  main            d.u.i.k.p.i.AbstractProblemLoader Loading environment from /home/runner/work/key/key/key.core/../key.ui/examples/standard_key/java_dl/jml-assert/recursion-assume.key.proof 
36663      DEBUG main            d.u.i.k.p.i.AbstractProblemLoader Environment load took 722.21ns 
36664      INFO  main            d.u.i.k.p.i.AbstractProblemLoader Creating init config 
39502      DEBUG main            d.u.i.k.p.i.AbstractProblemLoader Init config took 2.84s 
39565      INFO  main            d.u.i.k.p.i.AbstractProblemLoader Replaying proof RecursiveMethod[RecursiveMethod::fac2(int)].JML normal_behavior operation contract.0 
39621      DEBUG main            d.u.i.k.p.i.IntermediateProofReplayer Proof replay took 53.26ms 
39623      DEBUG main            d.u.i.k.p.r.p.TestFile    ... success: reloaded. 
39624      INFO  main            d.u.i.k.p.r.p.TestFile    Now processing file /home/runner/work/key/key/key.core/../key.ui/examples/standard_key/java_dl/jml-assert/quantor-assert.key 
39624      INFO  main            d.u.i.k.p.i.AbstractProblemLoader Loading environment from /home/runner/work/key/key/key.core/../key.ui/examples/standard_key/java_dl/jml-assert/quantor-assert.key 
39625      DEBUG main            d.u.i.k.p.i.AbstractProblemLoader Environment load took 252.1ns 
39626      INFO  main            d.u.i.k.p.i.AbstractProblemLoader Creating init config 
42646      DEBUG main            d.u.i.k.p.i.AbstractProblemLoader Init config took 3.02s 
42693      INFO  main            d.u.i.k.p.i.AbstractProblemLoader Replaying proof Quantor[Quantor::square1(int)].JML normal_behavior operation contract.0 
42695      DEBUG main            d.u.i.k.p.i.IntermediateProofReplayer Proof replay took 6.1ns 
42797      INFO  main            d.u.i.k.p.r.p.TestFile    ... finished proof: closed. 
43002      INFO  main            d.u.i.k.p.i.AbstractProblemLoader Loading environment from /home/runner/work/key/key/key.core/../key.ui/examples/standard_key/java_dl/jml-assert/quantor-assert.key.proof 
43003      DEBUG main            d.u.i.k.p.i.AbstractProblemLoader Environment load took 138.7ns 
43006      INFO  main            d.u.i.k.p.i.AbstractProblemLoader Creating init config 
45829      DEBUG main            d.u.i.k.p.i.AbstractProblemLoader Init config took 2.82s 
45884      INFO  main            d.u.i.k.p.i.AbstractProblemLoader Replaying proof Quantor[Quantor::square1(int)].JML normal_behavior operation contract.0 
45906      DEBUG main            d.u.i.k.p.i.IntermediateProofReplayer Proof replay took 19.39ms 
45907      DEBUG main            d.u.i.k.p.r.p.TestFile    ... success: reloaded. 
45908      INFO  main            d.u.i.k.p.r.p.TestFile    Now processing file /home/runner/work/key/key/key.core/../key.ui/examples/standard_key/java_dl/jml-assert/quantor-assume.key 
45909      INFO  main            d.u.i.k.p.i.AbstractProblemLoader Loading environment from /home/runner/work/key/key/key.core/../key.ui/examples/standard_key/java_dl/jml-assert/quantor-assume.key 
45909      DEBUG main            d.u.i.k.p.i.AbstractProblemLoader Environment load took 252.1ns 
45910      INFO  main            d.u.i.k.p.i.AbstractProblemLoader Creating init config 
48821      DEBUG main            d.u.i.k.p.i.AbstractProblemLoader Init config took 2.91s 
48863      INFO  main            d.u.i.k.p.i.AbstractProblemLoader Replaying proof Quantor[Quantor::square2(int)].JML normal_behavior operation contract.0 
48865      DEBUG main            d.u.i.k.p.i.IntermediateProofReplayer Proof replay took 6.7ns 
48968      INFO  main            d.u.i.k.p.r.p.TestFile    ... finished proof: closed. 
49182      INFO  main            d.u.i.k.p.i.AbstractProblemLoader Loading environment from /home/runner/work/key/key/key.core/../key.ui/examples/standard_key/java_dl/jml-assert/quantor-assume.key.proof 
49183      DEBUG main            d.u.i.k.p.i.AbstractProblemLoader Environment load took 143.9ns 
49184      INFO  main            d.u.i.k.p.i.AbstractProblemLoader Creating init config 
51964      DEBUG main            d.u.i.k.p.i.AbstractProblemLoader Init config took 2.78s 
52005      INFO  main            d.u.i.k.p.i.AbstractProblemLoader Replaying proof Quantor[Quantor::square2(int)].JML normal_behavior operation contract.0 
52024      DEBUG main            d.u.i.k.p.i.IntermediateProofReplayer Proof replay took 17.03ms 
52025      DEBUG main            d.u.i.k.p.r.p.TestFile    ... success: reloaded. 
52026      INFO  main            d.u.i.k.p.r.p.TestFile    Now processing file /home/runner/work/key/key/key.core/../key.ui/examples/standard_key/java_dl/jml-assert/model-methods-static-static.key 
52027      INFO  main            d.u.i.k.p.i.AbstractProblemLoader Loading environment from /home/runner/work/key/key/key.core/../key.ui/examples/standard_key/java_dl/jml-assert/model-methods-static-static.key 
52027      DEBUG main            d.u.i.k.p.i.AbstractProblemLoader Environment load took 112.1ns 
52027      INFO  main            d.u.i.k.p.i.AbstractProblemLoader Creating init config 
54932      DEBUG main            d.u.i.k.p.i.AbstractProblemLoader Init config took 2.9s 
54973      INFO  main            d.u.i.k.p.i.AbstractProblemLoader Replaying proof ModelMethods[ModelMethods::test1()].JML normal_behavior operation contract.0 
54975      DEBUG main            d.u.i.k.p.i.IntermediateProofReplayer Proof replay took 6.7ns 
55080      INFO  main            d.u.i.k.p.r.p.TestFile    ... finished proof: closed. 
55288      INFO  main            d.u.i.k.p.i.AbstractProblemLoader Loading environment from /home/runner/work/key/key/key.core/../key.ui/examples/standard_key/java_dl/jml-assert/model-methods-static-static.key.proof 
55288      DEBUG main            d.u.i.k.p.i.AbstractProblemLoader Environment load took 156.3ns 
55290      INFO  main            d.u.i.k.p.i.AbstractProblemLoader Creating init config 
58148      DEBUG main            d.u.i.k.p.i.AbstractProblemLoader Init config took 2.86s 
58196      INFO  main            d.u.i.k.p.i.AbstractProblemLoader Replaying proof ModelMethods[ModelMethods::test1()].JML normal_behavior operation contract.0 
58205      DEBUG main            d.u.i.k.p.i.IntermediateProofReplayer Proof replay took 7.2ms 
58206      DEBUG main            d.u.i.k.p.r.p.TestFile    ... success: reloaded. 
58207      INFO  main            d.u.i.k.p.r.p.TestFile    Now processing file /home/runner/work/key/key/key.core/../key.ui/examples/standard_key/java_dl/jml-assert/model-methods-instance-static.key 
58208      INFO  main            d.u.i.k.p.i.AbstractProblemLoader Loading environment from /home/runner/work/key/key/key.core/../key.ui/examples/standard_key/java_dl/jml-assert/model-methods-instance-static.key 
58208      DEBUG main            d.u.i.k.p.i.AbstractProblemLoader Environment load took 106.9ns 
58210      INFO  main            d.u.i.k.p.i.AbstractProblemLoader Creating init config 
61012      DEBUG main            d.u.i.k.p.i.AbstractProblemLoader Init config took 2.8s 
61053      INFO  main            d.u.i.k.p.i.AbstractProblemLoader Replaying proof ModelMethods[ModelMethods::test2()].JML normal_behavior operation contract.0 
61054      DEBUG main            d.u.i.k.p.i.IntermediateProofReplayer Proof replay took 6.8ns 
61160      INFO  main            d.u.i.k.p.r.p.TestFile    ... finished proof: closed. 
61380      INFO  main            d.u.i.k.p.i.AbstractProblemLoader Loading environment from /home/runner/work/key/key/key.core/../key.ui/examples/standard_key/java_dl/jml-assert/model-methods-instance-static.key.proof 
61380      DEBUG main            d.u.i.k.p.i.AbstractProblemLoader Environment load took 126.5ns 
61381      INFO  main            d.u.i.k.p.i.AbstractProblemLoader Creating init config 
64222      DEBUG main            d.u.i.k.p.i.AbstractProblemLoader Init config took 2.84s 
64278      INFO  main            d.u.i.k.p.i.AbstractProblemLoader Replaying proof ModelMethods[ModelMethods::test2()].JML normal_behavior operation contract.0 
64292      DEBUG main            d.u.i.k.p.i.IntermediateProofReplayer Proof replay took 10.84ms 
64294      DEBUG main            d.u.i.k.p.r.p.TestFile    ... success: reloaded. 
64296      INFO  main            d.u.i.k.p.r.p.TestFile    Now processing file /home/runner/work/key/key/key.core/../key.ui/examples/standard_key/java_dl/jml-assert/model-methods-instance-instance.key 
64296      INFO  main            d.u.i.k.p.i.AbstractProblemLoader Loading environment from /home/runner/work/key/key/key.core/../key.ui/examples/standard_key/java_dl/jml-assert/model-methods-instance-instance.key 
64296      DEBUG main            d.u.i.k.p.i.AbstractProblemLoader Environment load took 199.9ns 
64297      INFO  main            d.u.i.k.p.i.AbstractProblemLoader Creating init config 
67084      DEBUG main            d.u.i.k.p.i.AbstractProblemLoader Init config took 2.79s 
67124      INFO  main            d.u.i.k.p.i.AbstractProblemLoader Replaying proof ModelMethods[ModelMethods::test3()].JML normal_behavior operation contract.0 
67125      DEBUG main            d.u.i.k.p.i.IntermediateProofReplayer Proof replay took 6.7ns 
67228      INFO  main            d.u.i.k.p.r.p.TestFile    ... finished proof: closed. 
67451      INFO  main            d.u.i.k.p.i.AbstractProblemLoader Loading environment from /home/runner/work/key/key/key.core/../key.ui/examples/standard_key/java_dl/jml-assert/model-methods-instance-instance.key.proof 
67451      DEBUG main            d.u.i.k.p.i.AbstractProblemLoader Environment load took 136.1ns 
67452      INFO  main            d.u.i.k.p.i.AbstractProblemLoader Creating init config 
70290      DEBUG main            d.u.i.k.p.i.AbstractProblemLoader Init config took 2.84s 
70344      INFO  main            d.u.i.k.p.i.AbstractProblemLoader Replaying proof ModelMethods[ModelMethods::test3()].JML normal_behavior operation contract.0 
70359      DEBUG main            d.u.i.k.p.i.IntermediateProofReplayer Proof replay took 13.27ms 
70360      DEBUG main            d.u.i.k.p.r.p.TestFile    ... success: reloaded. 
70361      INFO  main            d.u.i.k.p.r.p.TestFile    Now processing file /home/runner/work/key/key/key.core/../key.ui/examples/standard_key/java_dl/jml-assert/model-methods-static-instance.key 
70361      INFO  main            d.u.i.k.p.i.AbstractProblemLoader Loading environment from /home/runner/work/key/key/key.core/../key.ui/examples/standard_key/java_dl/jml-assert/model-methods-static-instance.key 
70361      DEBUG main            d.u.i.k.p.i.AbstractProblemLoader Environment load took 119.4ns 
70362      INFO  main            d.u.i.k.p.i.AbstractProblemLoader Creating init config 
73225      DEBUG main            d.u.i.k.p.i.AbstractProblemLoader Init config took 2.86s 
73264      INFO  main            d.u.i.k.p.i.AbstractProblemLoader Replaying proof ModelMethods[ModelMethods::test4()].JML normal_behavior operation contract.0 
73266      DEBUG main            d.u.i.k.p.i.IntermediateProofReplayer Proof replay took 6.7ns 
73368      INFO  main            d.u.i.k.p.r.p.TestFile    ... finished proof: closed. 
73622      INFO  main            d.u.i.k.p.i.AbstractProblemLoader Loading environment from /home/runner/work/key/key/key.core/../key.ui/examples/standard_key/java_dl/jml-assert/model-methods-static-instance.key.proof 
73623      DEBUG main            d.u.i.k.p.i.AbstractProblemLoader Environment load took 125.3ns 
73624      INFO  main            d.u.i.k.p.i.AbstractProblemLoader Creating init config 
76398      DEBUG main            d.u.i.k.p.i.AbstractProblemLoader Init config took 2.77s 
76447      INFO  main            d.u.i.k.p.i.AbstractProblemLoader Replaying proof ModelMethods[ModelMethods::test4()].JML normal_behavior operation contract.0 
76485      DEBUG main            d.u.i.k.p.i.IntermediateProofReplayer Proof replay took 35.73ms 
76487      DEBUG main            d.u.i.k.p.r.p.TestFile    ... success: reloaded. 
76488      INFO  main            d.u.i.k.p.r.p.TestFile    Now processing file /home/runner/work/key/key/key.core/../key.ui/examples/standard_key/java_dl/jml-assert/assert-old/inc-field.key 
76488      INFO  main            d.u.i.k.p.i.AbstractProblemLoader Loading environment from /home/runner/work/key/key/key.core/../key.ui/examples/standard_key/java_dl/jml-assert/assert-old/inc-field.key 
76488      DEBUG main            d.u.i.k.p.i.AbstractProblemLoader Environment load took 121.3ns 
76489      INFO  main            d.u.i.k.p.i.AbstractProblemLoader Creating init config 
79253      DEBUG main            d.u.i.k.p.i.AbstractProblemLoader Init config took 2.76s 
79296      INFO  main            d.u.i.k.p.i.AbstractProblemLoader Replaying proof Inc[Inc::inc_field()].JML normal_behavior operation contract.0 
79298      DEBUG main            d.u.i.k.p.i.IntermediateProofReplayer Proof replay took 7.1ns 
79500      INFO  main            d.u.i.k.p.r.p.TestFile    ... finished proof: closed. 
79732      INFO  main            d.u.i.k.p.i.AbstractProblemLoader Loading environment from /home/runner/work/key/key/key.core/../key.ui/examples/standard_key/java_dl/jml-assert/assert-old/inc-field.key.proof 
79732      DEBUG main            d.u.i.k.p.i.AbstractProblemLoader Environment load took 127.6ns 
79734      INFO  main            d.u.i.k.p.i.AbstractProblemLoader Creating init config 
82470      DEBUG main            d.u.i.k.p.i.AbstractProblemLoader Init config took 2.74s 
82507      INFO  main            d.u.i.k.p.i.AbstractProblemLoader Replaying proof Inc[Inc::inc_field()].JML normal_behavior operation contract.0 
82544      DEBUG main            d.u.i.k.p.i.IntermediateProofReplayer Proof replay took 34ms 
82545      DEBUG main            d.u.i.k.p.r.p.TestFile    ... success: reloaded. 
82545      INFO  main            d.u.i.k.p.r.p.TestFile    Now processing file /home/runner/work/key/key/key.core/../key.ui/examples/standard_key/java_dl/jml-assert/assert-old/inc-parameter.key 
82546      INFO  main            d.u.i.k.p.i.AbstractProblemLoader Loading environment from /home/runner/work/key/key/key.core/../key.ui/examples/standard_key/java_dl/jml-assert/assert-old/inc-parameter.key 
82546      DEBUG main            d.u.i.k.p.i.AbstractProblemLoader Environment load took 247.8ns 
82547      INFO  main            d.u.i.k.p.i.AbstractProblemLoader Creating init config 
85245      DEBUG main            d.u.i.k.p.i.AbstractProblemLoader Init config took 2.7s 
85282      INFO  main            d.u.i.k.p.i.AbstractProblemLoader Replaying proof Inc[Inc::inc_parameter(int)].JML normal_behavior operation contract.0 
85283      DEBUG main            d.u.i.k.p.i.IntermediateProofReplayer Proof replay took 6.3ns 
85388      INFO  main            d.u.i.k.p.r.p.TestFile    ... finished proof: closed. 
85631      INFO  main            d.u.i.k.p.i.AbstractProblemLoader Loading environment from /home/runner/work/key/key/key.core/../key.ui/examples/standard_key/java_dl/jml-assert/assert-old/inc-parameter.key.proof 
85631      DEBUG main            d.u.i.k.p.i.AbstractProblemLoader Environment load took 116.4ns 
85633      INFO  main            d.u.i.k.p.i.AbstractProblemLoader Creating init config 
88288      DEBUG main            d.u.i.k.p.i.AbstractProblemLoader Init config took 2.65s 
88325      INFO  main            d.u.i.k.p.i.AbstractProblemLoader Replaying proof Inc[Inc::inc_parameter(int)].JML normal_behavior operation contract.0 
88345      DEBUG main            d.u.i.k.p.i.IntermediateProofReplayer Proof replay took 17.36ms 
88346      DEBUG main            d.u.i.k.p.r.p.TestFile    ... success: reloaded. 
88347      INFO  main            d.u.i.k.p.r.p.TestFile    Now processing file /home/runner/work/key/key/key.core/../key.ui/examples/standard_key/java_dl/jml-assert/assert-old/inc-parameter-field.key 
88347      INFO  main            d.u.i.k.p.i.AbstractProblemLoader Loading environment from /home/runner/work/key/key/key.core/../key.ui/examples/standard_key/java_dl/jml-assert/assert-old/inc-parameter-field.key 
88347      DEBUG main            d.u.i.k.p.i.AbstractProblemLoader Environment load took 236.9ns 
88348      INFO  main            d.u.i.k.p.i.AbstractProblemLoader Creating init config 
91097      DEBUG main            d.u.i.k.p.i.AbstractProblemLoader Init config took 2.75s 
91134      INFO  main            d.u.i.k.p.i.AbstractProblemLoader Replaying proof Inc[Inc::inc_parameter_field(Inc)].JML normal_behavior operation contract.0 
91136      DEBUG main            d.u.i.k.p.i.IntermediateProofReplayer Proof replay took 6.4ns 
91338      INFO  main            d.u.i.k.p.r.p.TestFile    ... finished proof: closed. 
91671      INFO  main            d.u.i.k.p.i.AbstractProblemLoader Loading environment from /home/runner/work/key/key/key.core/../key.ui/examples/standard_key/java_dl/jml-assert/assert-old/inc-parameter-field.key.proof 
91671      DEBUG main            d.u.i.k.p.i.AbstractProblemLoader Environment load took 123.6ns 
91672      INFO  main            d.u.i.k.p.i.AbstractProblemLoader Creating init config 
94336      DEBUG main            d.u.i.k.p.i.AbstractProblemLoader Init config took 2.66s 
94385      INFO  main            d.u.i.k.p.i.AbstractProblemLoader Replaying proof Inc[Inc::inc_parameter_field(Inc)].JML normal_behavior operation contract.0 
94427      DEBUG main            d.u.i.k.p.i.IntermediateProofReplayer Proof replay took 38.6ms 
94428      DEBUG main            d.u.i.k.p.r.p.TestFile    ... success: reloaded. 
94430      INFO  main            d.u.i.k.p.r.p.TestFile    Now processing file /home/runner/work/key/key/key.core/../key.ui/examples/standard_key/java_dl/jml-assert/assert-old/inc-ghost-field.key 
94430      INFO  main            d.u.i.k.p.i.AbstractProblemLoader Loading environment from /home/runner/work/key/key/key.core/../key.ui/examples/standard_key/java_dl/jml-assert/assert-old/inc-ghost-field.key 
94430      DEBUG main            d.u.i.k.p.i.AbstractProblemLoader Environment load took 124.8ns 
94431      INFO  main            d.u.i.k.p.i.AbstractProblemLoader Creating init config 
97143      DEBUG main            d.u.i.k.p.i.AbstractProblemLoader Init config took 2.71s 
97195      INFO  main            d.u.i.k.p.i.AbstractProblemLoader Replaying proof Inc[Inc::inc_ghost_field()].JML normal_behavior operation contract.0 
97196      DEBUG main            d.u.i.k.p.i.IntermediateProofReplayer Proof replay took 6.7ns 
97300      INFO  main            d.u.i.k.p.r.p.TestFile    ... finished proof: closed. 
97608      INFO  main            d.u.i.k.p.i.AbstractProblemLoader Loading environment from /home/runner/work/key/key/key.core/../key.ui/examples/standard_key/java_dl/jml-assert/assert-old/inc-ghost-field.key.proof 
97609      DEBUG main            d.u.i.k.p.i.AbstractProblemLoader Environment load took 121.9ns 
97610      INFO  main            d.u.i.k.p.i.AbstractProblemLoader Creating init config 
100224     DEBUG main            d.u.i.k.p.i.AbstractProblemLoader Init config took 2.61s 
100261     INFO  main            d.u.i.k.p.i.AbstractProblemLoader Replaying proof Inc[Inc::inc_ghost_field()].JML normal_behavior operation contract.0 
100300     DEBUG main            d.u.i.k.p.i.IntermediateProofReplayer Proof replay took 35.93ms 
100302     DEBUG main            d.u.i.k.p.r.p.TestFile    ... success: reloaded. 
806886     INFO  Test worker     d.u.i.k.p.r.p.StatisticsFile Returning from test jmlAsserts 
806891     INFO  Test worker     d.u.i.k.p.r.p.StatisticsFile Running test javaCard 
365        INFO  Timeout watchdog d.u.i.k.p.r.p.ForkedTestFileRunner Timeout watcher launched (2000 secs.) 
377        WARN  main            d.u.i.k.s.ProofSettings   The settings in /home/runner/.key/proof-settings.props are *not* read. 
408        INFO  main            d.u.i.k.p.r.p.TestFile    Now processing file /home/runner/work/key/key/key.core/../key.ui/examples/heap/javacard/updateBalance0.key 
520        INFO  main            d.u.i.k.p.i.AbstractProblemLoader Loading environment from /home/runner/work/key/key/key.core/../key.ui/examples/heap/javacard/updateBalance0.key 
543        DEBUG main            d.u.i.k.p.i.AbstractProblemLoader Environment load took 2.3ms 
805        INFO  main            d.u.i.k.p.i.AbstractProblemLoader Creating init config 
1938       DEBUG main            d.u.i.k.j.TypeConverter   No LDT found for Meta 
1939       DEBUG main            d.u.i.k.j.TypeConverter   No LDT found for Meta 
1942       DEBUG main            d.u.i.k.j.TypeConverter   No LDT found for Meta 
1942       DEBUG main            d.u.i.k.j.TypeConverter   No LDT found for Meta 
3353       DEBUG main            d.u.i.k.j.TypeConverter   No LDT found for JavaBigintExpression 
7347       DEBUG main            d.u.i.k.p.i.AbstractProblemLoader Init config took 6.54s 
7531       INFO  main            d.u.i.k.p.i.AbstractProblemLoader Replaying proof Examples[Examples::updateBalance(short)].JML normal_behavior operation contract.0 
7584       DEBUG main            d.u.i.k.p.i.IntermediateProofReplayer Proof replay took 35.7ns 
9336       INFO  main            d.u.i.k.p.r.p.TestFile    ... finished proof: closed. 
9473       INFO  main            d.u.i.k.p.i.AbstractProblemLoader Loading environment from /home/runner/work/key/key/key.core/../key.ui/examples/heap/javacard/updateBalance0.key.proof 
9473       DEBUG main            d.u.i.k.p.i.AbstractProblemLoader Environment load took 161.6ns 
9479       INFO  main            d.u.i.k.p.i.AbstractProblemLoader Creating init config 
11347      DEBUG main            d.u.i.k.p.i.AbstractProblemLoader Init config took 1.87s 
11422      INFO  main            d.u.i.k.p.i.AbstractProblemLoader Replaying proof Examples[Examples::updateBalance(short)].JML normal_behavior operation contract.0 
11675      DEBUG main            d.u.i.k.p.i.IntermediateProofReplayer Proof replay took 243.91ms 
11684      DEBUG main            d.u.i.k.p.r.p.TestFile    ... success: reloaded. 
11687      INFO  main            d.u.i.k.p.r.p.TestFile    Now processing file /home/runner/work/key/key/key.core/../key.ui/examples/heap/javacard/updateBalance1.key 
11687      INFO  main            d.u.i.k.p.i.AbstractProblemLoader Loading environment from /home/runner/work/key/key/key.core/../key.ui/examples/heap/javacard/updateBalance1.key 
11687      DEBUG main            d.u.i.k.p.i.AbstractProblemLoader Environment load took 261.6ns 
11690      INFO  main            d.u.i.k.p.i.AbstractProblemLoader Creating init config 
13699      DEBUG main            d.u.i.k.p.i.AbstractProblemLoader Init config took 2.01s 
13764      INFO  main            d.u.i.k.p.i.AbstractProblemLoader Replaying proof Examples[Examples::updateBalance(short)].JML normal_behavior operation contract.1 
13768      DEBUG main            d.u.i.k.p.i.IntermediateProofReplayer Proof replay took 6.6ns 
14574      INFO  main            d.u.i.k.p.r.p.TestFile    ... finished proof: closed. 
14715      INFO  main            d.u.i.k.p.i.AbstractProblemLoader Loading environment from /home/runner/work/key/key/key.core/../key.ui/examples/heap/javacard/updateBalance1.key.proof 
14716      DEBUG main            d.u.i.k.p.i.AbstractProblemLoader Environment load took 914.01ns 
14718      INFO  main            d.u.i.k.p.i.AbstractProblemLoader Creating init config 
16598      DEBUG main            d.u.i.k.p.i.AbstractProblemLoader Init config took 1.88s 
16679      INFO  main            d.u.i.k.p.i.AbstractProblemLoader Replaying proof Examples[Examples::updateBalance(short)].JML normal_behavior operation contract.1 
16872      DEBUG main            d.u.i.k.p.i.IntermediateProofReplayer Proof replay took 182.71ms 
16877      DEBUG main            d.u.i.k.p.r.p.TestFile    ... success: reloaded. 
16883      INFO  main            d.u.i.k.p.r.p.TestFile    Now processing file /home/runner/work/key/key/key.core/../key.ui/examples/heap/javacard/setArray1.key 
16883      INFO  main            d.u.i.k.p.i.AbstractProblemLoader Loading environment from /home/runner/work/key/key/key.core/../key.ui/examples/heap/javacard/setArray1.key 
16884      DEBUG main            d.u.i.k.p.i.AbstractProblemLoader Environment load took 370.3ns 
16888      INFO  main            d.u.i.k.p.i.AbstractProblemLoader Creating init config 
18765      DEBUG main            d.u.i.k.p.i.AbstractProblemLoader Init config took 1.88s 
18813      INFO  main            d.u.i.k.p.i.AbstractProblemLoader Replaying proof Examples[Examples::setArray1([B)].JML normal_behavior operation contract.0 
18815      DEBUG main            d.u.i.k.p.i.IntermediateProofReplayer Proof replay took 6.5ns 
20126      INFO  main            d.u.i.k.p.r.p.TestFile    ... finished proof: closed. 
20252      INFO  main            d.u.i.k.p.i.AbstractProblemLoader Loading environment from /home/runner/work/key/key/key.core/../key.ui/examples/heap/javacard/setArray1.key.proof 
20252      DEBUG main            d.u.i.k.p.i.AbstractProblemLoader Environment load took 548.8ns 
20254      INFO  main            d.u.i.k.p.i.AbstractProblemLoader Creating init config 
22008      DEBUG main            d.u.i.k.p.i.AbstractProblemLoader Init config took 1.75s 
22065      INFO  main            d.u.i.k.p.i.AbstractProblemLoader Replaying proof Examples[Examples::setArray1([B)].JML normal_behavior operation contract.0 
22328      DEBUG main            d.u.i.k.p.i.IntermediateProofReplayer Proof replay took 257.02ms 
22330      DEBUG main            d.u.i.k.p.r.p.TestFile    ... success: reloaded. 
22333      INFO  main            d.u.i.k.p.r.p.TestFile    Now processing file /home/runner/work/key/key/key.core/../key.ui/examples/heap/javacard/setArray2.key 
22333      INFO  main            d.u.i.k.p.i.AbstractProblemLoader Loading environment from /home/runner/work/key/key/key.core/../key.ui/examples/heap/javacard/setArray2.key 
22334      DEBUG main            d.u.i.k.p.i.AbstractProblemLoader Environment load took 256.2ns 
22335      INFO  main            d.u.i.k.p.i.AbstractProblemLoader Creating init config 
24166      DEBUG main            d.u.i.k.p.i.AbstractProblemLoader Init config took 1.83s 
24223      INFO  main            d.u.i.k.p.i.AbstractProblemLoader Replaying proof Examples[Examples::setArray2([B)].JML normal_behavior operation contract.0 
24226      DEBUG main            d.u.i.k.p.i.IntermediateProofReplayer Proof replay took 6.4ns 
25531      INFO  main            d.u.i.k.p.r.p.TestFile    ... finished proof: closed. 
25668      INFO  main            d.u.i.k.p.i.AbstractProblemLoader Loading environment from /home/runner/work/key/key/key.core/../key.ui/examples/heap/javacard/setArray2.key.proof 
25669      DEBUG main            d.u.i.k.p.i.AbstractProblemLoader Environment load took 517.4ns 
25670      INFO  main            d.u.i.k.p.i.AbstractProblemLoader Creating init config 
27461      DEBUG main            d.u.i.k.p.i.AbstractProblemLoader Init config took 1.79s 
27518      INFO  main            d.u.i.k.p.i.AbstractProblemLoader Replaying proof Examples[Examples::setArray2([B)].JML normal_behavior operation contract.0 
27799      DEBUG main            d.u.i.k.p.i.IntermediateProofReplayer Proof replay took 275.09ms 
27802      DEBUG main            d.u.i.k.p.r.p.TestFile    ... success: reloaded. 
27805      INFO  main            d.u.i.k.p.r.p.TestFile    Now processing file /home/runner/work/key/key/key.core/../key.ui/examples/heap/javacard/arrayFillNonAtomic.key 
27805      INFO  main            d.u.i.k.p.i.AbstractProblemLoader Loading environment from /home/runner/work/key/key/key.core/../key.ui/examples/heap/javacard/arrayFillNonAtomic.key 
27805      DEBUG main            d.u.i.k.p.i.AbstractProblemLoader Environment load took 292.4ns 
27807      INFO  main            d.u.i.k.p.i.AbstractProblemLoader Creating init config 
29582      DEBUG main            d.u.i.k.p.i.AbstractProblemLoader Init config took 1.78s 
29651      INFO  main            d.u.i.k.p.i.AbstractProblemLoader Replaying proof javacard.framework.Util[javacard.framework.Util::arrayFillNonAtomic([B,short,short,byte)].JML behavior operation contract.0.transaction_inactive 
29653      DEBUG main            d.u.i.k.p.i.IntermediateProofReplayer Proof replay took 6.2ns 
30626      DEBUG Thread-13       d.u.i.k.l.o.ProgramSV     Match failed: Former match of  SchemaVariable incompatible with  the current match. 
30627      DEBUG Thread-13       d.u.i.k.l.o.ProgramSV     Match failed: Former match of  SchemaVariable incompatible with  the current match. 
32268      DEBUG Thread-13       d.u.i.k.l.o.ProgramSV     Match failed: Former match of  SchemaVariable incompatible with  the current match. 
32269      DEBUG Thread-13       d.u.i.k.l.o.ProgramSV     Match failed: Former match of  SchemaVariable incompatible with  the current match. 
34109      INFO  main            d.u.i.k.p.r.p.TestFile    ... finished proof: closed. 
34324      INFO  main            d.u.i.k.p.i.AbstractProblemLoader Loading environment from /home/runner/work/key/key/key.core/../key.ui/examples/heap/javacard/arrayFillNonAtomic.key.proof 
34324      DEBUG main            d.u.i.k.p.i.AbstractProblemLoader Environment load took 209.4ns 
34326      INFO  main            d.u.i.k.p.i.AbstractProblemLoader Creating init config 
36050      DEBUG main            d.u.i.k.p.i.AbstractProblemLoader Init config took 1.72s 
36133      INFO  main            d.u.i.k.p.i.AbstractProblemLoader Replaying proof javacard.framework.Util[javacard.framework.Util::arrayFillNonAtomic([B,short,short,byte)].JML behavior operation contract.0.transaction_inactive 
37309      DEBUG main            d.u.i.k.p.i.IntermediateProofReplayer Proof replay took 1.14s 
37310      DEBUG main            d.u.i.k.p.r.p.TestFile    ... success: reloaded. 
37311      INFO  main            d.u.i.k.p.r.p.TestFile    Now processing file /home/runner/work/key/key/key.core/../key.ui/examples/heap/coincidence_count/project.key 
37312      INFO  main            d.u.i.k.p.i.AbstractProblemLoader Loading environment from /home/runner/work/key/key/key.core/../key.ui/examples/heap/coincidence_count/project.key 
37312      DEBUG main            d.u.i.k.p.i.AbstractProblemLoader Environment load took 257.1ns 
37313      INFO  main            d.u.i.k.p.i.AbstractProblemLoader Creating init config 
41181      DEBUG main            d.u.i.k.p.i.AbstractProblemLoader Init config took 3.87s 
41232      INFO  main            d.u.i.k.p.i.AbstractProblemLoader Replaying proof CC[CC::calcCoinIndex([I,[I)].JML normal_behavior operation contract.0 
41236      DEBUG main            d.u.i.k.p.i.IntermediateProofReplayer Proof replay took 6.8ns 
62560      INFO  main            d.u.i.k.p.r.p.TestFile    ... finished proof: closed. 
62889      INFO  main            d.u.i.k.p.i.AbstractProblemLoader Loading environment from /home/runner/work/key/key/key.core/../key.ui/examples/heap/coincidence_count/project.key.proof 
62893      DEBUG main            d.u.i.k.p.i.AbstractProblemLoader Environment load took 4.62ms 
62897      INFO  main            d.u.i.k.p.i.AbstractProblemLoader Creating init config 
65774      DEBUG main            d.u.i.k.p.i.AbstractProblemLoader Init config took 2.88s 
65848      INFO  main            d.u.i.k.p.i.AbstractProblemLoader Replaying proof CC[CC::calcCoinIndex([I,[I)].JML normal_behavior operation contract.0 
67233      DEBUG main            d.u.i.k.p.i.IntermediateProofReplayer Proof replay took 1.3s 
67236      DEBUG main            d.u.i.k.p.r.p.TestFile    ... success: reloaded. 
67238      INFO  main            d.u.i.k.p.r.p.TestFile    Now processing file /home/runner/work/key/key/key.core/../key.ui/examples/heap/verifyThis11_1_Maximum/project.key 
67238      INFO  main            d.u.i.k.p.i.AbstractProblemLoader Loading environment from /home/runner/work/key/key/key.core/../key.ui/examples/heap/verifyThis11_1_Maximum/project.key 
67238      DEBUG main            d.u.i.k.p.i.AbstractProblemLoader Environment load took 298.1ns 
67240      INFO  main            d.u.i.k.p.i.AbstractProblemLoader Creating init config 
70169      DEBUG main            d.u.i.k.p.i.AbstractProblemLoader Init config took 2.93s 
70214      INFO  main            d.u.i.k.p.i.AbstractProblemLoader Replaying proof Maximum[Maximum::maxIndex([I)].JML normal_behavior operation contract.0 
70215      DEBUG main            d.u.i.k.p.i.IntermediateProofReplayer Proof replay took 6.8ns 
71323      INFO  main            d.u.i.k.p.r.p.TestFile    ... finished proof: closed. 
71607      INFO  main            d.u.i.k.p.i.AbstractProblemLoader Loading environment from /home/runner/work/key/key/key.core/../key.ui/examples/heap/verifyThis11_1_Maximum/project.key.proof 
71607      DEBUG main            d.u.i.k.p.i.AbstractProblemLoader Environment load took 145.2ns 
71609      INFO  main            d.u.i.k.p.i.AbstractProblemLoader Creating init config 
74446      DEBUG main            d.u.i.k.p.i.AbstractProblemLoader Init config took 2.84s 
74489      INFO  main            d.u.i.k.p.i.AbstractProblemLoader Replaying proof Maximum[Maximum::maxIndex([I)].JML normal_behavior operation contract.0 
74715      DEBUG main            d.u.i.k.p.i.IntermediateProofReplayer Proof replay took 218.26ms 
74717      DEBUG main            d.u.i.k.p.r.p.TestFile    ... success: reloaded. 
74719      INFO  main            d.u.i.k.p.r.p.TestFile    Now processing file /home/runner/work/key/key/key.core/../key.ui/examples/heap/fm12_01_LRS/lcp.key 
74719      INFO  main            d.u.i.k.p.i.AbstractProblemLoader Loading environment from /home/runner/work/key/key/key.core/../key.ui/examples/heap/fm12_01_LRS/lcp.key 
74719      DEBUG main            d.u.i.k.p.i.AbstractProblemLoader Environment load took 263.3ns 
74720      INFO  main            d.u.i.k.p.i.AbstractProblemLoader Creating init config 
78344      DEBUG main            d.u.i.k.p.i.AbstractProblemLoader Init config took 3.62s 
78405      INFO  main            d.u.i.k.p.i.AbstractProblemLoader Replaying proof LCP[LCP::lcp([I,int,int)].JML normal_behavior operation contract.0 
78407      DEBUG main            d.u.i.k.p.i.IntermediateProofReplayer Proof replay took 6ns 
79539      INFO  main            d.u.i.k.p.r.p.TestFile    ... finished proof: closed. 
79819      INFO  main            d.u.i.k.p.i.AbstractProblemLoader Loading environment from /home/runner/work/key/key/key.core/../key.ui/examples/heap/fm12_01_LRS/lcp.key.proof 
79820      DEBUG main            d.u.i.k.p.i.AbstractProblemLoader Environment load took 524.3ns 
79821      INFO  main            d.u.i.k.p.i.AbstractProblemLoader Creating init config 
83070      DEBUG main            d.u.i.k.p.i.AbstractProblemLoader Init config took 3.25s 
83137      INFO  main            d.u.i.k.p.i.AbstractProblemLoader Replaying proof LCP[LCP::lcp([I,int,int)].JML normal_behavior operation contract.0 
83387      DEBUG main            d.u.i.k.p.i.IntermediateProofReplayer Proof replay took 243.84ms 
83388      DEBUG main            d.u.i.k.p.r.p.TestFile    ... success: reloaded. 
83389      INFO  main            d.u.i.k.p.r.p.TestFile    Now processing file /home/runner/work/key/key/key.core/../key.ui/examples/heap/SemanticSlicing/project.key 
83389      INFO  main            d.u.i.k.p.i.AbstractProblemLoader Loading environment from /home/runner/work/key/key/key.core/../key.ui/examples/heap/SemanticSlicing/project.key 
83389      DEBUG main            d.u.i.k.p.i.AbstractProblemLoader Environment load took 122.3ns 
83390      INFO  main            d.u.i.k.p.i.AbstractProblemLoader Creating init config 
86368      DEBUG main            d.u.i.k.p.i.AbstractProblemLoader Init config took 2.98s 
86424      INFO  main            d.u.i.k.p.i.AbstractProblemLoader Replaying proof unsatcore_after.competition.postcond5.scope333.LRS[unsatcore_after.competition.postcond5.scope333.LRS::doLRS()].JML operation contract.0 
86426      DEBUG main            d.u.i.k.p.i.IntermediateProofReplayer Proof replay took 6.1ns 
90903      INFO  main            d.u.i.k.p.r.p.TestFile    ... finished proof: closed. 
91239      INFO  main            d.u.i.k.p.i.AbstractProblemLoader Loading environment from /home/runner/work/key/key/key.core/../key.ui/examples/heap/SemanticSlicing/project.key.proof 
91239      DEBUG main            d.u.i.k.p.i.AbstractProblemLoader Environment load took 597.6ns 
91241      INFO  main            d.u.i.k.p.i.AbstractProblemLoader Creating init config 
94072      DEBUG main            d.u.i.k.p.i.AbstractProblemLoader Init config took 2.83s 
94137      INFO  main            d.u.i.k.p.i.AbstractProblemLoader Replaying proof unsatcore_after.competition.postcond5.scope333.LRS[unsatcore_after.competition.postcond5.scope333.LRS::doLRS()].JML operation contract.0 
95065      DEBUG main            d.u.i.k.p.i.IntermediateProofReplayer Proof replay took 915.33ms 
95066      DEBUG main            d.u.i.k.p.r.p.TestFile    ... success: reloaded. 
95067      INFO  main            d.u.i.k.p.r.p.TestFile    Now processing file /home/runner/work/key/key/key.core/../key.ui/examples/heap/information_flow/ArrayList_contains.key 
95068      INFO  main            d.u.i.k.p.i.AbstractProblemLoader Loading environment from /home/runner/work/key/key/key.core/../key.ui/examples/heap/information_flow/ArrayList_contains.key 
95068      DEBUG main            d.u.i.k.p.i.AbstractProblemLoader Environment load took 130.7ns 
95069      INFO  main            d.u.i.k.p.i.AbstractProblemLoader Creating init config 
98148      DEBUG main            d.u.i.k.p.i.AbstractProblemLoader Init config took 3.08s 
98206      INFO  main            d.u.i.k.p.i.AbstractProblemLoader Replaying proof ArrayList[ArrayList::get(int)].JML normal_behavior operation contract.0 
98209      DEBUG main            d.u.i.k.p.i.IntermediateProofReplayer Proof replay took 6.6ns 
98511      INFO  main            d.u.i.k.p.r.p.TestFile    ... finished proof: closed. 
98804      INFO  main            d.u.i.k.p.i.AbstractProblemLoader Loading environment from /home/runner/work/key/key/key.core/../key.ui/examples/heap/information_flow/ArrayList_contains.key.proof 
98804      DEBUG main            d.u.i.k.p.i.AbstractProblemLoader Environment load took 130ns 
98805      INFO  main            d.u.i.k.p.i.AbstractProblemLoader Creating init config 
101796     DEBUG main            d.u.i.k.p.i.AbstractProblemLoader Init config took 2.99s 
101837     INFO  main            d.u.i.k.p.i.AbstractProblemLoader Replaying proof ArrayList[ArrayList::get(int)].JML normal_behavior operation contract.0 
101932     DEBUG main            d.u.i.k.p.i.IntermediateProofReplayer Proof replay took 91.95ms 
101933     DEBUG main            d.u.i.k.p.r.p.TestFile    ... success: reloaded. 
101934     INFO  main            d.u.i.k.p.r.p.TestFile    Now processing file /home/runner/work/key/key/key.core/../key.ui/examples/heap/information_flow/ArrayList_get.key 
101935     INFO  main            d.u.i.k.p.i.AbstractProblemLoader Loading environment from /home/runner/work/key/key/key.core/../key.ui/examples/heap/information_flow/ArrayList_get.key 
101935     DEBUG main            d.u.i.k.p.i.AbstractProblemLoader Environment load took 140.9ns 
101936     INFO  main            d.u.i.k.p.i.AbstractProblemLoader Creating init config 
104979     DEBUG main            d.u.i.k.p.i.AbstractProblemLoader Init config took 3.04s 
105018     INFO  main            d.u.i.k.p.i.AbstractProblemLoader Replaying proof ArrayList[ArrayList::contains(java.lang.Object)].JML normal_behavior operation contract.0 
105019     DEBUG main            d.u.i.k.p.i.IntermediateProofReplayer Proof replay took 6.2ns 
106024     INFO  main            d.u.i.k.p.r.p.TestFile    ... finished proof: closed. 
106320     INFO  main            d.u.i.k.p.i.AbstractProblemLoader Loading environment from /home/runner/work/key/key/key.core/../key.ui/examples/heap/information_flow/ArrayList_get.key.proof 
106321     DEBUG main            d.u.i.k.p.i.AbstractProblemLoader Environment load took 563.9ns 
106322     INFO  main            d.u.i.k.p.i.AbstractProblemLoader Creating init config 
109277     DEBUG main            d.u.i.k.p.i.AbstractProblemLoader Init config took 2.95s 
109323     INFO  main            d.u.i.k.p.i.AbstractProblemLoader Replaying proof ArrayList[ArrayList::contains(java.lang.Object)].JML normal_behavior operation contract.0 
109517     DEBUG main            d.u.i.k.p.i.IntermediateProofReplayer Proof replay took 181.19ms 
109518     DEBUG main            d.u.i.k.p.r.p.TestFile    ... success: reloaded. 
109519     INFO  main            d.u.i.k.p.r.p.TestFile    Now processing file /home/runner/work/key/key/key.core/../key.ui/examples/heap/information_flow/ArrayList_size.key 
109520     INFO  main            d.u.i.k.p.i.AbstractProblemLoader Loading environment from /home/runner/work/key/key/key.core/../key.ui/examples/heap/information_flow/ArrayList_size.key 
109520     DEBUG main            d.u.i.k.p.i.AbstractProblemLoader Environment load took 235.2ns 
109521     INFO  main            d.u.i.k.p.i.AbstractProblemLoader Creating init config 
112479     DEBUG main            d.u.i.k.p.i.AbstractProblemLoader Init config took 2.96s 
112518     INFO  main            d.u.i.k.p.i.AbstractProblemLoader Replaying proof ArrayList[ArrayList::size()].JML normal_behavior operation contract.0 
112521     DEBUG main            d.u.i.k.p.i.IntermediateProofReplayer Proof replay took 6.3ns 
112626     INFO  main            d.u.i.k.p.r.p.TestFile    ... finished proof: closed. 
112975     INFO  main            d.u.i.k.p.i.AbstractProblemLoader Loading environment from /home/runner/work/key/key/key.core/../key.ui/examples/heap/information_flow/ArrayList_size.key.proof 
112976     DEBUG main            d.u.i.k.p.i.AbstractProblemLoader Environment load took 126.8ns 
112978     INFO  main            d.u.i.k.p.i.AbstractProblemLoader Creating init config 
115880     DEBUG main            d.u.i.k.p.i.AbstractProblemLoader Init config took 2.9s 
115920     INFO  main            d.u.i.k.p.i.AbstractProblemLoader Replaying proof ArrayList[ArrayList::size()].JML normal_behavior operation contract.0 
115937     DEBUG main            d.u.i.k.p.i.IntermediateProofReplayer Proof replay took 15.42ms 
115939     DEBUG main            d.u.i.k.p.r.p.TestFile    ... success: reloaded. 
115939     INFO  main            d.u.i.k.p.r.p.TestFile    Now processing file /home/runner/work/key/key/key.core/../key.ui/examples/heap/information_flow/UpdateAbstraction_ex7_3_secure.key 
115940     INFO  main            d.u.i.k.p.i.AbstractProblemLoader Loading environment from /home/runner/work/key/key/key.core/../key.ui/examples/heap/information_flow/UpdateAbstraction_ex7_3_secure.key 
115940     DEBUG main            d.u.i.k.p.i.AbstractProblemLoader Environment load took 238.2ns 
115941     INFO  main            d.u.i.k.p.i.AbstractProblemLoader Creating init config 
118919     DEBUG main            d.u.i.k.p.i.AbstractProblemLoader Init config took 2.98s 
118956     INFO  main            d.u.i.k.p.i.AbstractProblemLoader Replaying proof UpdateAbstraction[UpdateAbstraction::ex7_3_secure()].JML operation contract.0 
118958     DEBUG main            d.u.i.k.p.i.IntermediateProofReplayer Proof replay took 5.9ns 
119160     INFO  main            d.u.i.k.p.r.p.TestFile    ... finished proof: closed. 
119454     INFO  main            d.u.i.k.p.i.AbstractProblemLoader Loading environment from /home/runner/work/key/key/key.core/../key.ui/examples/heap/information_flow/UpdateAbstraction_ex7_3_secure.key.proof 
119454     DEBUG main            d.u.i.k.p.i.AbstractProblemLoader Environment load took 122.9ns 
119455     INFO  main            d.u.i.k.p.i.AbstractProblemLoader Creating init config 
122355     DEBUG main            d.u.i.k.p.i.AbstractProblemLoader Init config took 2.9s 
122393     INFO  main            d.u.i.k.p.i.AbstractProblemLoader Replaying proof UpdateAbstraction[UpdateAbstraction::ex7_3_secure()].JML operation contract.0 
122431     DEBUG main            d.u.i.k.p.i.IntermediateProofReplayer Proof replay took 36.15ms 
122432     DEBUG main            d.u.i.k.p.r.p.TestFile    ... success: reloaded. 
122433     INFO  main            d.u.i.k.p.r.p.TestFile    Now processing file /home/runner/work/key/key/key.core/../key.ui/examples/heap/information_flow/UpdateAbstraction_ex7_4_secure.key 
122434     INFO  main            d.u.i.k.p.i.AbstractProblemLoader Loading environment from /home/runner/work/key/key/key.core/../key.ui/examples/heap/information_flow/UpdateAbstraction_ex7_4_secure.key 
122434     DEBUG main            d.u.i.k.p.i.AbstractProblemLoader Environment load took 105.9ns 
122435     INFO  main            d.u.i.k.p.i.AbstractProblemLoader Creating init config 
125434     DEBUG main            d.u.i.k.p.i.AbstractProblemLoader Init config took 3s 
125489     INFO  main            d.u.i.k.p.i.AbstractProblemLoader Replaying proof UpdateAbstraction[UpdateAbstraction::ex7_4_secure()].JML operation contract.0 
125491     DEBUG main            d.u.i.k.p.i.IntermediateProofReplayer Proof replay took 6.1ns 
125694     INFO  main            d.u.i.k.p.r.p.TestFile    ... finished proof: closed. 
126029     INFO  main            d.u.i.k.p.i.AbstractProblemLoader Loading environment from /home/runner/work/key/key/key.core/../key.ui/examples/heap/information_flow/UpdateAbstraction_ex7_4_secure.key.proof 
126030     DEBUG main            d.u.i.k.p.i.AbstractProblemLoader Environment load took 121.8ns 
126031     INFO  main            d.u.i.k.p.i.AbstractProblemLoader Creating init config 
129031     DEBUG main            d.u.i.k.p.i.AbstractProblemLoader Init config took 3s 
129069     INFO  main            d.u.i.k.p.i.AbstractProblemLoader Replaying proof UpdateAbstraction[UpdateAbstraction::ex7_4_secure()].JML operation contract.0 
129127     DEBUG main            d.u.i.k.p.i.IntermediateProofReplayer Proof replay took 54.5ms 
129128     DEBUG main            d.u.i.k.p.r.p.TestFile    ... success: reloaded. 
129129     INFO  main            d.u.i.k.p.r.p.TestFile    Now processing file /home/runner/work/key/key/key.core/../key.ui/examples/heap/information_flow/UpdateAbstraction_ex7_5_secure.key 
129129     INFO  main            d.u.i.k.p.i.AbstractProblemLoader Loading environment from /home/runner/work/key/key/key.core/../key.ui/examples/heap/information_flow/UpdateAbstraction_ex7_5_secure.key 
129129     DEBUG main            d.u.i.k.p.i.AbstractProblemLoader Environment load took 297.5ns 
129131     INFO  main            d.u.i.k.p.i.AbstractProblemLoader Creating init config 
132027     DEBUG main            d.u.i.k.p.i.AbstractProblemLoader Init config took 2.9s 
132070     INFO  main            d.u.i.k.p.i.AbstractProblemLoader Replaying proof UpdateAbstraction[UpdateAbstraction::ex7_5_secure()].JML operation contract.0 
132071     DEBUG main            d.u.i.k.p.i.IntermediateProofReplayer Proof replay took 5.8ns 
132174     INFO  main            d.u.i.k.p.r.p.TestFile    ... finished proof: closed. 
132498     INFO  main            d.u.i.k.p.i.AbstractProblemLoader Loading environment from /home/runner/work/key/key/key.core/../key.ui/examples/heap/information_flow/UpdateAbstraction_ex7_5_secure.key.proof 
132498     DEBUG main            d.u.i.k.p.i.AbstractProblemLoader Environment load took 124.7ns 
132499     INFO  main            d.u.i.k.p.i.AbstractProblemLoader Creating init config 
135424     DEBUG main            d.u.i.k.p.i.AbstractProblemLoader Init config took 2.93s 
135460     INFO  main            d.u.i.k.p.i.AbstractProblemLoader Replaying proof UpdateAbstraction[UpdateAbstraction::ex7_5_secure()].JML operation contract.0 
135482     DEBUG main            d.u.i.k.p.i.IntermediateProofReplayer Proof replay took 20.45ms 
135483     DEBUG main            d.u.i.k.p.r.p.TestFile    ... success: reloaded. 
135483     INFO  main            d.u.i.k.p.r.p.TestFile    Now processing file /home/runner/work/key/key/key.core/../key.ui/examples/heap/information_flow/UpdateAbstraction_ex7_6_secure.key 
135484     INFO  main            d.u.i.k.p.i.AbstractProblemLoader Loading environment from /home/runner/work/key/key/key.core/../key.ui/examples/heap/information_flow/UpdateAbstraction_ex7_6_secure.key 
135484     DEBUG main            d.u.i.k.p.i.AbstractProblemLoader Environment load took 120.2ns 
135485     INFO  main            d.u.i.k.p.i.AbstractProblemLoader Creating init config 
138529     DEBUG main            d.u.i.k.p.i.AbstractProblemLoader Init config took 3.04s 
138572     INFO  main            d.u.i.k.p.i.AbstractProblemLoader Replaying proof UpdateAbstraction[UpdateAbstraction::ex7_6_secure()].JML operation contract.0 
138573     DEBUG main            d.u.i.k.p.i.IntermediateProofReplayer Proof replay took 6.8ns 
138876     INFO  main            d.u.i.k.p.r.p.TestFile    ... finished proof: closed. 
139222     INFO  main            d.u.i.k.p.i.AbstractProblemLoader Loading environment from /home/runner/work/key/key/key.core/../key.ui/examples/heap/information_flow/UpdateAbstraction_ex7_6_secure.key.proof 
139222     DEBUG main            d.u.i.k.p.i.AbstractProblemLoader Environment load took 143.6ns 
139223     INFO  main            d.u.i.k.p.i.AbstractProblemLoader Creating init config 
142110     DEBUG main            d.u.i.k.p.i.AbstractProblemLoader Init config took 2.89s 
142148     INFO  main            d.u.i.k.p.i.AbstractProblemLoader Replaying proof UpdateAbstraction[UpdateAbstraction::ex7_6_secure()].JML operation contract.0 
142225     DEBUG main            d.u.i.k.p.i.IntermediateProofReplayer Proof replay took 74.89ms 
142226     DEBUG main            d.u.i.k.p.r.p.TestFile    ... success: reloaded. 
142227     INFO  main            d.u.i.k.p.r.p.TestFile    Now processing file /home/runner/work/key/key/key.core/../key.ui/examples/heap/information_flow/UpdateAbstraction_ex9_secure.key 
142227     INFO  main            d.u.i.k.p.i.AbstractProblemLoader Loading environment from /home/runner/work/key/key/key.core/../key.ui/examples/heap/information_flow/UpdateAbstraction_ex9_secure.key 
142228     DEBUG main            d.u.i.k.p.i.AbstractProblemLoader Environment load took 234ns 
142229     INFO  main            d.u.i.k.p.i.AbstractProblemLoader Creating init config 
145175     DEBUG main            d.u.i.k.p.i.AbstractProblemLoader Init config took 2.95s 
145212     INFO  main            d.u.i.k.p.i.AbstractProblemLoader Replaying proof UpdateAbstraction[UpdateAbstraction::ex9_secure()].JML operation contract.0 
145213     DEBUG main            d.u.i.k.p.i.IntermediateProofReplayer Proof replay took 6.4ns 
146223     INFO  main            d.u.i.k.p.r.p.TestFile    ... finished proof: closed. 
146575     INFO  main            d.u.i.k.p.i.AbstractProblemLoader Loading environment from /home/runner/work/key/key/key.core/../key.ui/examples/heap/information_flow/UpdateAbstraction_ex9_secure.key.proof 
146575     DEBUG main            d.u.i.k.p.i.AbstractProblemLoader Environment load took 521.7ns 
146579     INFO  main            d.u.i.k.p.i.AbstractProblemLoader Creating init config 
149530     DEBUG main            d.u.i.k.p.i.AbstractProblemLoader Init config took 2.95s 
149568     INFO  main            d.u.i.k.p.i.AbstractProblemLoader Replaying proof UpdateAbstraction[UpdateAbstraction::ex9_secure()].JML operation contract.0 
149806     DEBUG main            d.u.i.k.p.i.IntermediateProofReplayer Proof replay took 233.57ms 
149808     DEBUG main            d.u.i.k.p.r.p.TestFile    ... success: reloaded. 
956900     INFO  Test worker     d.u.i.k.p.r.p.StatisticsFile Returning from test javaCard 
956903     INFO  Test worker     d.u.i.k.p.r.p.StatisticsFile Running test list 
402        INFO  Timeout watchdog d.u.i.k.p.r.p.ForkedTestFileRunner Timeout watcher launched (2000 secs.) 
422        WARN  main            d.u.i.k.s.ProofSettings   The settings in /home/runner/.key/proof-settings.props are *not* read. 
472        INFO  main            d.u.i.k.p.r.p.TestFile    Now processing file /home/runner/work/key/key/key.core/../key.ui/examples/heap/list/ArrayList_add.key 
627        INFO  main            d.u.i.k.p.i.AbstractProblemLoader Loading environment from /home/runner/work/key/key/key.core/../key.ui/examples/heap/list/ArrayList_add.key 
646        DEBUG main            d.u.i.k.p.i.AbstractProblemLoader Environment load took 2.08ms 
901        INFO  main            d.u.i.k.p.i.AbstractProblemLoader Creating init config 
1922       DEBUG main            d.u.i.k.j.TypeConverter   No LDT found for Meta 
1923       DEBUG main            d.u.i.k.j.TypeConverter   No LDT found for Meta 
1925       DEBUG main            d.u.i.k.j.TypeConverter   No LDT found for Meta 
1925       DEBUG main            d.u.i.k.j.TypeConverter   No LDT found for Meta 
3348       DEBUG main            d.u.i.k.j.TypeConverter   No LDT found for JavaBigintExpression 
6920       DEBUG main            d.u.i.k.j.r.ClassPreparationMethodBuilder clPrepBuilder: Inner Class detected. Reject building class initialisation methods. 
9932       DEBUG main            d.u.i.k.p.i.AbstractProblemLoader Init config took 9.03s 
10161      INFO  main            d.u.i.k.p.i.AbstractProblemLoader Replaying proof ArrayList[List::add(java.lang.Object)].JML normal_behavior operation contract.0 
10250      DEBUG main            d.u.i.k.p.i.IntermediateProofReplayer Proof replay took 42.1ns 
16979      INFO  main            d.u.i.k.p.r.p.TestFile    ... finished proof: closed. 
17216      INFO  main            d.u.i.k.p.i.AbstractProblemLoader Loading environment from /home/runner/work/key/key/key.core/../key.ui/examples/heap/list/ArrayList_add.key.proof 
17217      DEBUG main            d.u.i.k.p.i.AbstractProblemLoader Environment load took 559.8ns 
17223      INFO  main            d.u.i.k.p.i.AbstractProblemLoader Creating init config 
18561      DEBUG main            d.u.i.k.j.r.ClassPreparationMethodBuilder clPrepBuilder: Inner Class detected. Reject building class initialisation methods. 
21111      DEBUG main            d.u.i.k.p.i.AbstractProblemLoader Init config took 3.89s 
21203      INFO  main            d.u.i.k.p.i.AbstractProblemLoader Replaying proof ArrayList[List::add(java.lang.Object)].JML normal_behavior operation contract.0 
22496      DEBUG main            d.u.i.k.p.i.IntermediateProofReplayer Proof replay took 1.26s 
22504      DEBUG main            d.u.i.k.p.r.p.TestFile    ... success: reloaded. 
22507      INFO  main            d.u.i.k.p.r.p.TestFile    Now processing file /home/runner/work/key/key/key.core/../key.ui/examples/heap/list/ArrayList_ArrayList.key 
22507      INFO  main            d.u.i.k.p.i.AbstractProblemLoader Loading environment from /home/runner/work/key/key/key.core/../key.ui/examples/heap/list/ArrayList_ArrayList.key 
22507      DEBUG main            d.u.i.k.p.i.AbstractProblemLoader Environment load took 263.2ns 
22510      INFO  main            d.u.i.k.p.i.AbstractProblemLoader Creating init config 
23789      DEBUG main            d.u.i.k.j.r.ClassPreparationMethodBuilder clPrepBuilder: Inner Class detected. Reject building class initialisation methods. 
26342      DEBUG main            d.u.i.k.p.i.AbstractProblemLoader Init config took 3.83s 
26416      INFO  main            d.u.i.k.p.i.AbstractProblemLoader Replaying proof ArrayList[ArrayList::ArrayList()].JML normal_behavior operation contract.0 
26422      DEBUG main            d.u.i.k.p.i.IntermediateProofReplayer Proof replay took 6.7ns 
28229      INFO  main            d.u.i.k.p.r.p.TestFile    ... finished proof: closed. 
28452      INFO  main            d.u.i.k.p.i.AbstractProblemLoader Loading environment from /home/runner/work/key/key/key.core/../key.ui/examples/heap/list/ArrayList_ArrayList.key.proof 
28453      DEBUG main            d.u.i.k.p.i.AbstractProblemLoader Environment load took 796.21ns 
28454      INFO  main            d.u.i.k.p.i.AbstractProblemLoader Creating init config 
29569      DEBUG main            d.u.i.k.j.r.ClassPreparationMethodBuilder clPrepBuilder: Inner Class detected. Reject building class initialisation methods. 
31910      DEBUG main            d.u.i.k.p.i.AbstractProblemLoader Init config took 3.46s 
31999      INFO  main            d.u.i.k.p.i.AbstractProblemLoader Replaying proof ArrayList[ArrayList::ArrayList()].JML normal_behavior operation contract.0 
32281      DEBUG main            d.u.i.k.p.i.IntermediateProofReplayer Proof replay took 273ms 
32284      DEBUG main            d.u.i.k.p.r.p.TestFile    ... success: reloaded. 
32285      INFO  main            d.u.i.k.p.r.p.TestFile    Now processing file /home/runner/work/key/key/key.core/../key.ui/examples/heap/list/ArrayList_concatenate.key 
32286      INFO  main            d.u.i.k.p.i.AbstractProblemLoader Loading environment from /home/runner/work/key/key/key.core/../key.ui/examples/heap/list/ArrayList_concatenate.key 
32286      DEBUG main            d.u.i.k.p.i.AbstractProblemLoader Environment load took 320ns 
32287      INFO  main            d.u.i.k.p.i.AbstractProblemLoader Creating init config 
33461      DEBUG main            d.u.i.k.j.r.ClassPreparationMethodBuilder clPrepBuilder: Inner Class detected. Reject building class initialisation methods. 
35815      DEBUG main            d.u.i.k.p.i.AbstractProblemLoader Init config took 3.53s 
35881      INFO  main            d.u.i.k.p.i.AbstractProblemLoader Replaying proof ArrayList[List::concatenate(List)].JML normal_behavior operation contract.0 
35883      DEBUG main            d.u.i.k.p.i.IntermediateProofReplayer Proof replay took 5.9ns 
63976      INFO  main            d.u.i.k.p.r.p.TestFile    ... finished proof: closed. 
64254      INFO  main            d.u.i.k.p.i.AbstractProblemLoader Loading environment from /home/runner/work/key/key/key.core/../key.ui/examples/heap/list/ArrayList_concatenate.key.proof 
64255      DEBUG main            d.u.i.k.p.i.AbstractProblemLoader Environment load took 621ns 
64263      INFO  main            d.u.i.k.p.i.AbstractProblemLoader Creating init config 
65395      DEBUG main            d.u.i.k.j.r.ClassPreparationMethodBuilder clPrepBuilder: Inner Class detected. Reject building class initialisation methods. 
67685      DEBUG main            d.u.i.k.p.i.AbstractProblemLoader Init config took 3.42s 
67763      INFO  main            d.u.i.k.p.i.AbstractProblemLoader Replaying proof ArrayList[List::concatenate(List)].JML normal_behavior operation contract.0 
70399      DEBUG main            d.u.i.k.p.i.IntermediateProofReplayer Proof replay took 2.57s 
70404      DEBUG main            d.u.i.k.p.r.p.TestFile    ... success: reloaded. 
70406      INFO  main            d.u.i.k.p.r.p.TestFile    Now processing file /home/runner/work/key/key/key.core/../key.ui/examples/heap/list/ArrayList_contains_dep.key 
70407      INFO  main            d.u.i.k.p.i.AbstractProblemLoader Loading environment from /home/runner/work/key/key/key.core/../key.ui/examples/heap/list/ArrayList_contains_dep.key 
70407      DEBUG main            d.u.i.k.p.i.AbstractProblemLoader Environment load took 276.1ns 
70408      INFO  main            d.u.i.k.p.i.AbstractProblemLoader Creating init config 
71542      DEBUG main            d.u.i.k.j.r.ClassPreparationMethodBuilder clPrepBuilder: Inner Class detected. Reject building class initialisation methods. 
74026      DEBUG main            d.u.i.k.p.i.AbstractProblemLoader Init config took 3.62s 
74086      INFO  main            d.u.i.k.p.i.AbstractProblemLoader Replaying proof ArrayList[List::contains(java.lang.Object)].JML accessible clause.0 
74088      DEBUG main            d.u.i.k.p.i.IntermediateProofReplayer Proof replay took 5.1ns 
77298      INFO  main            d.u.i.k.p.r.p.TestFile    ... finished proof: closed. 
77562      INFO  main            d.u.i.k.p.i.AbstractProblemLoader Loading environment from /home/runner/work/key/key/key.core/../key.ui/examples/heap/list/ArrayList_contains_dep.key.proof 
77562      DEBUG main            d.u.i.k.p.i.AbstractProblemLoader Environment load took 134.8ns 
77564      INFO  main            d.u.i.k.p.i.AbstractProblemLoader Creating init config 
78618      DEBUG main            d.u.i.k.j.r.ClassPreparationMethodBuilder clPrepBuilder: Inner Class detected. Reject building class initialisation methods. 
81014      DEBUG main            d.u.i.k.p.i.AbstractProblemLoader Init config took 3.45s 
81070      INFO  main            d.u.i.k.p.i.AbstractProblemLoader Replaying proof ArrayList[List::contains(java.lang.Object)].JML accessible clause.0 
81647      DEBUG main            d.u.i.k.p.i.IntermediateProofReplayer Proof replay took 552.42ms 
81648      DEBUG main            d.u.i.k.p.r.p.TestFile    ... success: reloaded. 
81650      INFO  main            d.u.i.k.p.r.p.TestFile    Now processing file /home/runner/work/key/key/key.core/../key.ui/examples/heap/list/ArrayList_enlarge.key 
81650      INFO  main            d.u.i.k.p.i.AbstractProblemLoader Loading environment from /home/runner/work/key/key/key.core/../key.ui/examples/heap/list/ArrayList_enlarge.key 
81650      DEBUG main            d.u.i.k.p.i.AbstractProblemLoader Environment load took 120.7ns 
81651      INFO  main            d.u.i.k.p.i.AbstractProblemLoader Creating init config 
82732      DEBUG main            d.u.i.k.j.r.ClassPreparationMethodBuilder clPrepBuilder: Inner Class detected. Reject building class initialisation methods. 
85068      DEBUG main            d.u.i.k.p.i.AbstractProblemLoader Init config took 3.42s 
85122      INFO  main            d.u.i.k.p.i.AbstractProblemLoader Replaying proof ArrayList[ArrayList::enlarge()].JML normal_behavior operation contract.0 
85124      DEBUG main            d.u.i.k.p.i.IntermediateProofReplayer Proof replay took 5.3ns 
87846      INFO  main            d.u.i.k.p.r.p.TestFile    ... finished proof: closed. 
88084      INFO  main            d.u.i.k.p.i.AbstractProblemLoader Loading environment from /home/runner/work/key/key/key.core/../key.ui/examples/heap/list/ArrayList_enlarge.key.proof 
88084      DEBUG main            d.u.i.k.p.i.AbstractProblemLoader Environment load took 159.9ns 
88085      INFO  main            d.u.i.k.p.i.AbstractProblemLoader Creating init config 
89168      DEBUG main            d.u.i.k.j.r.ClassPreparationMethodBuilder clPrepBuilder: Inner Class detected. Reject building class initialisation methods. 
91520      DEBUG main            d.u.i.k.p.i.AbstractProblemLoader Init config took 3.43s 
91595      INFO  main            d.u.i.k.p.i.AbstractProblemLoader Replaying proof ArrayList[ArrayList::enlarge()].JML normal_behavior operation contract.0 
92072      DEBUG main            d.u.i.k.p.i.IntermediateProofReplayer Proof replay took 467.12ms 
92077      DEBUG main            d.u.i.k.p.r.p.TestFile    ... success: reloaded. 
92079      INFO  main            d.u.i.k.p.r.p.TestFile    Now processing file /home/runner/work/key/key/key.core/../key.ui/examples/heap/list/ArrayList_footprint.key 
92079      INFO  main            d.u.i.k.p.i.AbstractProblemLoader Loading environment from /home/runner/work/key/key/key.core/../key.ui/examples/heap/list/ArrayList_footprint.key 
92079      DEBUG main            d.u.i.k.p.i.AbstractProblemLoader Environment load took 83.9ns 
92080      INFO  main            d.u.i.k.p.i.AbstractProblemLoader Creating init config 
93261      DEBUG main            d.u.i.k.j.r.ClassPreparationMethodBuilder clPrepBuilder: Inner Class detected. Reject building class initialisation methods. 
95517      DEBUG main            d.u.i.k.p.i.AbstractProblemLoader Init config took 3.44s 
95571      INFO  main            d.u.i.k.p.i.AbstractProblemLoader Replaying proof List[List::$footprint()].JML accessible clause.0 
95572      DEBUG main            d.u.i.k.p.i.IntermediateProofReplayer Proof replay took 6ns 
95676      INFO  main            d.u.i.k.p.r.p.TestFile    ... finished proof: closed. 
95888      INFO  main            d.u.i.k.p.i.AbstractProblemLoader Loading environment from /home/runner/work/key/key/key.core/../key.ui/examples/heap/list/ArrayList_footprint.key.proof 
95888      DEBUG main            d.u.i.k.p.i.AbstractProblemLoader Environment load took 178.4ns 
95889      INFO  main            d.u.i.k.p.i.AbstractProblemLoader Creating init config 
96948      DEBUG main            d.u.i.k.j.r.ClassPreparationMethodBuilder clPrepBuilder: Inner Class detected. Reject building class initialisation methods. 
99188      DEBUG main            d.u.i.k.p.i.AbstractProblemLoader Init config took 3.3s 
99250      INFO  main            d.u.i.k.p.i.AbstractProblemLoader Replaying proof List[List::$footprint()].JML accessible clause.0 
99253      DEBUG main            d.u.i.k.p.i.IntermediateProofReplayer Proof replay took 1.42ms 
99254      DEBUG main            d.u.i.k.p.r.p.TestFile    ... success: reloaded. 
99256      INFO  main            d.u.i.k.p.r.p.TestFile    Now processing file /home/runner/work/key/key/key.core/../key.ui/examples/heap/list/ArrayList_get_dep.key 
99256      INFO  main            d.u.i.k.p.i.AbstractProblemLoader Loading environment from /home/runner/work/key/key/key.core/../key.ui/examples/heap/list/ArrayList_get_dep.key 
99257      DEBUG main            d.u.i.k.p.i.AbstractProblemLoader Environment load took 244ns 
99258      INFO  main            d.u.i.k.p.i.AbstractProblemLoader Creating init config 
100317     DEBUG main            d.u.i.k.j.r.ClassPreparationMethodBuilder clPrepBuilder: Inner Class detected. Reject building class initialisation methods. 
102549     DEBUG main            d.u.i.k.p.i.AbstractProblemLoader Init config took 3.29s 
102629     INFO  main            d.u.i.k.p.i.AbstractProblemLoader Replaying proof ArrayList[List::get(int)].JML accessible clause.0 
102632     DEBUG main            d.u.i.k.p.i.IntermediateProofReplayer Proof replay took 6.1ns 
103142     INFO  main            d.u.i.k.p.r.p.TestFile    ... finished proof: closed. 
103393     INFO  main            d.u.i.k.p.i.AbstractProblemLoader Loading environment from /home/runner/work/key/key/key.core/../key.ui/examples/heap/list/ArrayList_get_dep.key.proof 
103393     DEBUG main            d.u.i.k.p.i.AbstractProblemLoader Environment load took 563.7ns 
103395     INFO  main            d.u.i.k.p.i.AbstractProblemLoader Creating init config 
104418     DEBUG main            d.u.i.k.j.r.ClassPreparationMethodBuilder clPrepBuilder: Inner Class detected. Reject building class initialisation methods. 
106732     DEBUG main            d.u.i.k.p.i.AbstractProblemLoader Init config took 3.34s 
106786     INFO  main            d.u.i.k.p.i.AbstractProblemLoader Replaying proof ArrayList[List::get(int)].JML accessible clause.0 
106899     DEBUG main            d.u.i.k.p.i.IntermediateProofReplayer Proof replay took 108.75ms 
106900     DEBUG main            d.u.i.k.p.r.p.TestFile    ... success: reloaded. 
106901     INFO  main            d.u.i.k.p.r.p.TestFile    Now processing file /home/runner/work/key/key/key.core/../key.ui/examples/heap/list/ArrayList_get_exceptional.key 
106902     INFO  main            d.u.i.k.p.i.AbstractProblemLoader Loading environment from /home/runner/work/key/key/key.core/../key.ui/examples/heap/list/ArrayList_get_exceptional.key 
106902     DEBUG main            d.u.i.k.p.i.AbstractProblemLoader Environment load took 105.5ns 
106903     INFO  main            d.u.i.k.p.i.AbstractProblemLoader Creating init config 
108022     DEBUG main            d.u.i.k.j.r.ClassPreparationMethodBuilder clPrepBuilder: Inner Class detected. Reject building class initialisation methods. 
110258     DEBUG main            d.u.i.k.p.i.AbstractProblemLoader Init config took 3.35s 
110331     INFO  main            d.u.i.k.p.i.AbstractProblemLoader Replaying proof ArrayList[List::get(int)].JML exceptional_behavior operation contract.0 
110333     DEBUG main            d.u.i.k.p.i.IntermediateProofReplayer Proof replay took 5.7ns 
111639     INFO  main            d.u.i.k.p.r.p.TestFile    ... finished proof: closed. 
111869     INFO  main            d.u.i.k.p.i.AbstractProblemLoader Loading environment from /home/runner/work/key/key/key.core/../key.ui/examples/heap/list/ArrayList_get_exceptional.key.proof 
111869     DEBUG main            d.u.i.k.p.i.AbstractProblemLoader Environment load took 586.1ns 
111871     INFO  main            d.u.i.k.p.i.AbstractProblemLoader Creating init config 
112936     DEBUG main            d.u.i.k.j.r.ClassPreparationMethodBuilder clPrepBuilder: Inner Class detected. Reject building class initialisation methods. 
115170     DEBUG main            d.u.i.k.p.i.AbstractProblemLoader Init config took 3.3s 
115221     INFO  main            d.u.i.k.p.i.AbstractProblemLoader Replaying proof ArrayList[List::get(int)].JML exceptional_behavior operation contract.0 
115488     DEBUG main            d.u.i.k.p.i.IntermediateProofReplayer Proof replay took 260.82ms 
115490     DEBUG main            d.u.i.k.p.r.p.TestFile    ... success: reloaded. 
115494     INFO  main            d.u.i.k.p.r.p.TestFile    Now processing file /home/runner/work/key/key/key.core/../key.ui/examples/heap/list/ArrayList_get_normal.key 
115494     INFO  main            d.u.i.k.p.i.AbstractProblemLoader Loading environment from /home/runner/work/key/key/key.core/../key.ui/examples/heap/list/ArrayList_get_normal.key 
115494     DEBUG main            d.u.i.k.p.i.AbstractProblemLoader Environment load took 350.1ns 
115496     INFO  main            d.u.i.k.p.i.AbstractProblemLoader Creating init config 
116535     DEBUG main            d.u.i.k.j.r.ClassPreparationMethodBuilder clPrepBuilder: Inner Class detected. Reject building class initialisation methods. 
118790     DEBUG main            d.u.i.k.p.i.AbstractProblemLoader Init config took 3.29s 
118840     INFO  main            d.u.i.k.p.i.AbstractProblemLoader Replaying proof ArrayList[List::get(int)].JML normal_behavior operation contract.0 
118842     DEBUG main            d.u.i.k.p.i.IntermediateProofReplayer Proof replay took 6.2ns 
119345     INFO  main            d.u.i.k.p.r.p.TestFile    ... finished proof: closed. 
119635     INFO  main            d.u.i.k.p.i.AbstractProblemLoader Loading environment from /home/runner/work/key/key/key.core/../key.ui/examples/heap/list/ArrayList_get_normal.key.proof 
119636     DEBUG main            d.u.i.k.p.i.AbstractProblemLoader Environment load took 1.08ms 
119638     INFO  main            d.u.i.k.p.i.AbstractProblemLoader Creating init config 
120667     DEBUG main            d.u.i.k.j.r.ClassPreparationMethodBuilder clPrepBuilder: Inner Class detected. Reject building class initialisation methods. 
122942     DEBUG main            d.u.i.k.p.i.AbstractProblemLoader Init config took 3.3s 
122994     INFO  main            d.u.i.k.p.i.AbstractProblemLoader Replaying proof ArrayList[List::get(int)].JML normal_behavior operation contract.0 
123088     DEBUG main            d.u.i.k.p.i.IntermediateProofReplayer Proof replay took 90.42ms 
123089     DEBUG main            d.u.i.k.p.r.p.TestFile    ... success: reloaded. 
123090     INFO  main            d.u.i.k.p.r.p.TestFile    Now processing file /home/runner/work/key/key/key.core/../key.ui/examples/heap/list/ArrayList_inv.key 
123091     INFO  main            d.u.i.k.p.i.AbstractProblemLoader Loading environment from /home/runner/work/key/key/key.core/../key.ui/examples/heap/list/ArrayList_inv.key 
123091     DEBUG main            d.u.i.k.p.i.AbstractProblemLoader Environment load took 140.2ns 
123092     INFO  main            d.u.i.k.p.i.AbstractProblemLoader Creating init config 
124151     DEBUG main            d.u.i.k.j.r.ClassPreparationMethodBuilder clPrepBuilder: Inner Class detected. Reject building class initialisation methods. 
126346     DEBUG main            d.u.i.k.p.i.AbstractProblemLoader Init config took 3.25s 
126397     INFO  main            d.u.i.k.p.i.AbstractProblemLoader Replaying proof ArrayList[java.lang.Object::<inv>()].JML accessible clause.0 
126399     DEBUG main            d.u.i.k.p.i.IntermediateProofReplayer Proof replay took 6.2ns 
126802     INFO  main            d.u.i.k.p.r.p.TestFile    ... finished proof: closed. 
127032     INFO  main            d.u.i.k.p.i.AbstractProblemLoader Loading environment from /home/runner/work/key/key/key.core/../key.ui/examples/heap/list/ArrayList_inv.key.proof 
127034     DEBUG main            d.u.i.k.p.i.AbstractProblemLoader Environment load took 1.3ms 
127035     INFO  main            d.u.i.k.p.i.AbstractProblemLoader Creating init config 
128046     DEBUG main            d.u.i.k.j.r.ClassPreparationMethodBuilder clPrepBuilder: Inner Class detected. Reject building class initialisation methods. 
130274     DEBUG main            d.u.i.k.p.i.AbstractProblemLoader Init config took 3.24s 
130326     INFO  main            d.u.i.k.p.i.AbstractProblemLoader Replaying proof ArrayList[java.lang.Object::<inv>()].JML accessible clause.0 
130396     DEBUG main            d.u.i.k.p.i.IntermediateProofReplayer Proof replay took 66.35ms 
130398     DEBUG main            d.u.i.k.p.r.p.TestFile    ... success: reloaded. 
130399     INFO  main            d.u.i.k.p.r.p.TestFile    Now processing file /home/runner/work/key/key/key.core/../key.ui/examples/heap/list/ArrayList_iterator.key 
130400     INFO  main            d.u.i.k.p.i.AbstractProblemLoader Loading environment from /home/runner/work/key/key/key.core/../key.ui/examples/heap/list/ArrayList_iterator.key 
130400     DEBUG main            d.u.i.k.p.i.AbstractProblemLoader Environment load took 264.5ns 
130401     INFO  main            d.u.i.k.p.i.AbstractProblemLoader Creating init config 
131477     DEBUG main            d.u.i.k.j.r.ClassPreparationMethodBuilder clPrepBuilder: Inner Class detected. Reject building class initialisation methods. 
133742     DEBUG main            d.u.i.k.p.i.AbstractProblemLoader Init config took 3.34s 
133808     INFO  main            d.u.i.k.p.i.AbstractProblemLoader Replaying proof ArrayList[List::iterator()].JML normal_behavior operation contract.0 
133810     DEBUG main            d.u.i.k.p.i.IntermediateProofReplayer Proof replay took 6.3ns 
134415     INFO  main            d.u.i.k.p.r.p.TestFile    ... finished proof: closed. 
134670     INFO  main            d.u.i.k.p.i.AbstractProblemLoader Loading environment from /home/runner/work/key/key/key.core/../key.ui/examples/heap/list/ArrayList_iterator.key.proof 
134670     DEBUG main            d.u.i.k.p.i.AbstractProblemLoader Environment load took 211.5ns 
134671     INFO  main            d.u.i.k.p.i.AbstractProblemLoader Creating init config 
135691     DEBUG main            d.u.i.k.j.r.ClassPreparationMethodBuilder clPrepBuilder: Inner Class detected. Reject building class initialisation methods. 
137905     DEBUG main            d.u.i.k.p.i.AbstractProblemLoader Init config took 3.23s 
137956     INFO  main            d.u.i.k.p.i.AbstractProblemLoader Replaying proof ArrayList[List::iterator()].JML normal_behavior operation contract.0 
138054     DEBUG main            d.u.i.k.p.i.IntermediateProofReplayer Proof replay took 95.18ms 
138056     DEBUG main            d.u.i.k.p.r.p.TestFile    ... success: reloaded. 
138057     INFO  main            d.u.i.k.p.r.p.TestFile    Now processing file /home/runner/work/key/key/key.core/../key.ui/examples/heap/list/ArrayList_size_dep.key 
138057     INFO  main            d.u.i.k.p.i.AbstractProblemLoader Loading environment from /home/runner/work/key/key/key.core/../key.ui/examples/heap/list/ArrayList_size_dep.key 
138057     DEBUG main            d.u.i.k.p.i.AbstractProblemLoader Environment load took 91.1ns 
138058     INFO  main            d.u.i.k.p.i.AbstractProblemLoader Creating init config 
139125     DEBUG main            d.u.i.k.j.r.ClassPreparationMethodBuilder clPrepBuilder: Inner Class detected. Reject building class initialisation methods. 
141373     DEBUG main            d.u.i.k.p.i.AbstractProblemLoader Init config took 3.31s 
141427     INFO  main            d.u.i.k.p.i.AbstractProblemLoader Replaying proof ArrayList[List::size()].JML accessible clause.0 
141430     DEBUG main            d.u.i.k.p.i.IntermediateProofReplayer Proof replay took 6.3ns 
141632     INFO  main            d.u.i.k.p.r.p.TestFile    ... finished proof: closed. 
141929     INFO  main            d.u.i.k.p.i.AbstractProblemLoader Loading environment from /home/runner/work/key/key/key.core/../key.ui/examples/heap/list/ArrayList_size_dep.key.proof 
141929     DEBUG main            d.u.i.k.p.i.AbstractProblemLoader Environment load took 125.3ns 
141930     INFO  main            d.u.i.k.p.i.AbstractProblemLoader Creating init config 
142946     DEBUG main            d.u.i.k.j.r.ClassPreparationMethodBuilder clPrepBuilder: Inner Class detected. Reject building class initialisation methods. 
145188     DEBUG main            d.u.i.k.p.i.AbstractProblemLoader Init config took 3.26s 
145252     INFO  main            d.u.i.k.p.i.AbstractProblemLoader Replaying proof ArrayList[List::size()].JML accessible clause.0 
145285     DEBUG main            d.u.i.k.p.i.IntermediateProofReplayer Proof replay took 30.37ms 
145287     DEBUG main            d.u.i.k.p.r.p.TestFile    ... success: reloaded. 
145288     INFO  main            d.u.i.k.p.r.p.TestFile    Now processing file /home/runner/work/key/key/key.core/../key.ui/examples/heap/list/ArrayList_size.key 
145288     INFO  main            d.u.i.k.p.i.AbstractProblemLoader Loading environment from /home/runner/work/key/key/key.core/../key.ui/examples/heap/list/ArrayList_size.key 
145288     DEBUG main            d.u.i.k.p.i.AbstractProblemLoader Environment load took 139.6ns 
145290     INFO  main            d.u.i.k.p.i.AbstractProblemLoader Creating init config 
146293     DEBUG main            d.u.i.k.j.r.ClassPreparationMethodBuilder clPrepBuilder: Inner Class detected. Reject building class initialisation methods. 
148473     DEBUG main            d.u.i.k.p.i.AbstractProblemLoader Init config took 3.18s 
148526     INFO  main            d.u.i.k.p.i.AbstractProblemLoader Replaying proof ArrayList[List::size()].JML normal_behavior operation contract.0 
148527     DEBUG main            d.u.i.k.p.i.IntermediateProofReplayer Proof replay took 6.1ns 
148830     INFO  main            d.u.i.k.p.r.p.TestFile    ... finished proof: closed. 
149097     INFO  main            d.u.i.k.p.i.AbstractProblemLoader Loading environment from /home/runner/work/key/key/key.core/../key.ui/examples/heap/list/ArrayList_size.key.proof 
149097     DEBUG main            d.u.i.k.p.i.AbstractProblemLoader Environment load took 124.2ns 
149098     INFO  main            d.u.i.k.p.i.AbstractProblemLoader Creating init config 
150117     DEBUG main            d.u.i.k.j.r.ClassPreparationMethodBuilder clPrepBuilder: Inner Class detected. Reject building class initialisation methods. 
152270     DEBUG main            d.u.i.k.p.i.AbstractProblemLoader Init config took 3.17s 
152334     INFO  main            d.u.i.k.p.i.AbstractProblemLoader Replaying proof ArrayList[List::size()].JML normal_behavior operation contract.0 
152376     DEBUG main            d.u.i.k.p.i.IntermediateProofReplayer Proof replay took 39.41ms 
152377     DEBUG main            d.u.i.k.p.r.p.TestFile    ... success: reloaded. 
152378     INFO  main            d.u.i.k.p.r.p.TestFile    Now processing file /home/runner/work/key/key/key.core/../key.ui/examples/heap/list/ArrayList.ArrayListIterator_ArrayListIterator.key 
152379     INFO  main            d.u.i.k.p.i.AbstractProblemLoader Loading environment from /home/runner/work/key/key/key.core/../key.ui/examples/heap/list/ArrayList.ArrayListIterator_ArrayListIterator.key 
152379     DEBUG main            d.u.i.k.p.i.AbstractProblemLoader Environment load took 127.1ns 
152380     INFO  main            d.u.i.k.p.i.AbstractProblemLoader Creating init config 
153432     DEBUG main            d.u.i.k.j.r.ClassPreparationMethodBuilder clPrepBuilder: Inner Class detected. Reject building class initialisation methods. 
155673     DEBUG main            d.u.i.k.p.i.AbstractProblemLoader Init config took 3.29s 
155733     INFO  main            d.u.i.k.p.i.AbstractProblemLoader Replaying proof ArrayList.ArrayListIterator[ArrayList.ArrayListIterator::ArrayListIterator(ArrayList)].JML normal_behavior operation contract.0 
155735     DEBUG main            d.u.i.k.p.i.IntermediateProofReplayer Proof replay took 6.5ns 
156438     INFO  main            d.u.i.k.p.r.p.TestFile    ... finished proof: closed. 
156721     INFO  main            d.u.i.k.p.i.AbstractProblemLoader Loading environment from /home/runner/work/key/key/key.core/../key.ui/examples/heap/list/ArrayList.ArrayListIterator_ArrayListIterator.key.proof 
156721     DEBUG main            d.u.i.k.p.i.AbstractProblemLoader Environment load took 217.2ns 
156722     INFO  main            d.u.i.k.p.i.AbstractProblemLoader Creating init config 
157735     DEBUG main            d.u.i.k.j.r.ClassPreparationMethodBuilder clPrepBuilder: Inner Class detected. Reject building class initialisation methods. 
159951     DEBUG main            d.u.i.k.p.i.AbstractProblemLoader Init config took 3.23s 
160009     INFO  main            d.u.i.k.p.i.AbstractProblemLoader Replaying proof ArrayList.ArrayListIterator[ArrayList.ArrayListIterator::ArrayListIterator(ArrayList)].JML normal_behavior operation contract.0 
160141     DEBUG main            d.u.i.k.p.i.IntermediateProofReplayer Proof replay took 128.18ms 
160143     DEBUG main            d.u.i.k.p.r.p.TestFile    ... success: reloaded. 
160144     INFO  main            d.u.i.k.p.r.p.TestFile    Now processing file /home/runner/work/key/key/key.core/../key.ui/examples/heap/list/ArrayList.ArrayListIterator_hasNext_dep.key 
160144     INFO  main            d.u.i.k.p.i.AbstractProblemLoader Loading environment from /home/runner/work/key/key/key.core/../key.ui/examples/heap/list/ArrayList.ArrayListIterator_hasNext_dep.key 
160144     DEBUG main            d.u.i.k.p.i.AbstractProblemLoader Environment load took 76.3ns 
160145     INFO  main            d.u.i.k.p.i.AbstractProblemLoader Creating init config 
161186     DEBUG main            d.u.i.k.j.r.ClassPreparationMethodBuilder clPrepBuilder: Inner Class detected. Reject building class initialisation methods. 
163388     DEBUG main            d.u.i.k.p.i.AbstractProblemLoader Init config took 3.24s 
163444     INFO  main            d.u.i.k.p.i.AbstractProblemLoader Replaying proof ArrayList.ArrayListIterator[ListIterator::hasNext()].JML accessible clause.0 
163446     DEBUG main            d.u.i.k.p.i.IntermediateProofReplayer Proof replay took 6ns 
163850     INFO  main            d.u.i.k.p.r.p.TestFile    ... finished proof: closed. 
164113     INFO  main            d.u.i.k.p.i.AbstractProblemLoader Loading environment from /home/runner/work/key/key/key.core/../key.ui/examples/heap/list/ArrayList.ArrayListIterator_hasNext_dep.key.proof 
164113     DEBUG main            d.u.i.k.p.i.AbstractProblemLoader Environment load took 634.7ns 
164115     INFO  main            d.u.i.k.p.i.AbstractProblemLoader Creating init config 
165161     DEBUG main            d.u.i.k.j.r.ClassPreparationMethodBuilder clPrepBuilder: Inner Class detected. Reject building class initialisation methods. 
167388     DEBUG main            d.u.i.k.p.i.AbstractProblemLoader Init config took 3.27s 
167460     INFO  main            d.u.i.k.p.i.AbstractProblemLoader Replaying proof ArrayList.ArrayListIterator[ListIterator::hasNext()].JML accessible clause.0 
167540     DEBUG main            d.u.i.k.p.i.IntermediateProofReplayer Proof replay took 76.37ms 
167546     DEBUG main            d.u.i.k.p.r.p.TestFile    ... success: reloaded. 
167548     INFO  main            d.u.i.k.p.r.p.TestFile    Now processing file /home/runner/work/key/key/key.core/../key.ui/examples/heap/list/ArrayList.ArrayListIterator_hasNext.key 
167549     INFO  main            d.u.i.k.p.i.AbstractProblemLoader Loading environment from /home/runner/work/key/key/key.core/../key.ui/examples/heap/list/ArrayList.ArrayListIterator_hasNext.key 
167549     DEBUG main            d.u.i.k.p.i.AbstractProblemLoader Environment load took 316.5ns 
167551     INFO  main            d.u.i.k.p.i.AbstractProblemLoader Creating init config 
168590     DEBUG main            d.u.i.k.j.r.ClassPreparationMethodBuilder clPrepBuilder: Inner Class detected. Reject building class initialisation methods. 
170836     DEBUG main            d.u.i.k.p.i.AbstractProblemLoader Init config took 3.29s 
170892     INFO  main            d.u.i.k.p.i.AbstractProblemLoader Replaying proof ArrayList.ArrayListIterator[ListIterator::hasNext()].JML normal_behavior operation contract.0 
170894     DEBUG main            d.u.i.k.p.i.IntermediateProofReplayer Proof replay took 6.3ns 
171320     INFO  main            d.u.i.k.p.r.p.TestFile    ... finished proof: closed. 
171579     INFO  main            d.u.i.k.p.i.AbstractProblemLoader Loading environment from /home/runner/work/key/key/key.core/../key.ui/examples/heap/list/ArrayList.ArrayListIterator_hasNext.key.proof 
171579     DEBUG main            d.u.i.k.p.i.AbstractProblemLoader Environment load took 115.8ns 
171580     INFO  main            d.u.i.k.p.i.AbstractProblemLoader Creating init config 
172577     DEBUG main            d.u.i.k.j.r.ClassPreparationMethodBuilder clPrepBuilder: Inner Class detected. Reject building class initialisation methods. 
174768     DEBUG main            d.u.i.k.p.i.AbstractProblemLoader Init config took 3.19s 
174824     INFO  main            d.u.i.k.p.i.AbstractProblemLoader Replaying proof ArrayList.ArrayListIterator[ListIterator::hasNext()].JML normal_behavior operation contract.0 
174896     DEBUG main            d.u.i.k.p.i.IntermediateProofReplayer Proof replay took 66.49ms 
174897     DEBUG main            d.u.i.k.p.r.p.TestFile    ... success: reloaded. 
174898     INFO  main            d.u.i.k.p.r.p.TestFile    Now processing file /home/runner/work/key/key/key.core/../key.ui/examples/heap/list/ArrayList.ArrayListIterator_inv.key 
174898     INFO  main            d.u.i.k.p.i.AbstractProblemLoader Loading environment from /home/runner/work/key/key/key.core/../key.ui/examples/heap/list/ArrayList.ArrayListIterator_inv.key 
174899     DEBUG main            d.u.i.k.p.i.AbstractProblemLoader Environment load took 69.5ns 
174900     INFO  main            d.u.i.k.p.i.AbstractProblemLoader Creating init config 
175925     DEBUG main            d.u.i.k.j.r.ClassPreparationMethodBuilder clPrepBuilder: Inner Class detected. Reject building class initialisation methods. 
178263     DEBUG main            d.u.i.k.p.i.AbstractProblemLoader Init config took 3.36s 
178322     INFO  main            d.u.i.k.p.i.AbstractProblemLoader Replaying proof ArrayList.ArrayListIterator[java.lang.Object::<inv>()].JML accessible clause.0 
178324     DEBUG main            d.u.i.k.p.i.IntermediateProofReplayer Proof replay took 5.9ns 
179328     INFO  main            d.u.i.k.p.r.p.TestFile    ... finished proof: closed. 
179626     INFO  main            d.u.i.k.p.i.AbstractProblemLoader Loading environment from /home/runner/work/key/key/key.core/../key.ui/examples/heap/list/ArrayList.ArrayListIterator_inv.key.proof 
179627     DEBUG main            d.u.i.k.p.i.AbstractProblemLoader Environment load took 591.9ns 
179628     INFO  main            d.u.i.k.p.i.AbstractProblemLoader Creating init config 
180653     DEBUG main            d.u.i.k.j.r.ClassPreparationMethodBuilder clPrepBuilder: Inner Class detected. Reject building class initialisation methods. 
182867     DEBUG main            d.u.i.k.p.i.AbstractProblemLoader Init config took 3.24s 
182924     INFO  main            d.u.i.k.p.i.AbstractProblemLoader Replaying proof ArrayList.ArrayListIterator[java.lang.Object::<inv>()].JML accessible clause.0 
183064     DEBUG main            d.u.i.k.p.i.IntermediateProofReplayer Proof replay took 135.31ms 
183065     DEBUG main            d.u.i.k.p.r.p.TestFile    ... success: reloaded. 
183066     INFO  main            d.u.i.k.p.r.p.TestFile    Now processing file /home/runner/work/key/key/key.core/../key.ui/examples/heap/list/ArrayList.ArrayListIterator_list.key 
183066     INFO  main            d.u.i.k.p.i.AbstractProblemLoader Loading environment from /home/runner/work/key/key/key.core/../key.ui/examples/heap/list/ArrayList.ArrayListIterator_list.key 
183067     DEBUG main            d.u.i.k.p.i.AbstractProblemLoader Environment load took 64.7ns 
183067     INFO  main            d.u.i.k.p.i.AbstractProblemLoader Creating init config 
184156     DEBUG main            d.u.i.k.j.r.ClassPreparationMethodBuilder clPrepBuilder: Inner Class detected. Reject building class initialisation methods. 
186394     DEBUG main            d.u.i.k.p.i.AbstractProblemLoader Init config took 3.33s 
186440     INFO  main            d.u.i.k.p.i.AbstractProblemLoader Replaying proof ListIterator[ListIterator::$list()].JML accessible clause.0 
186441     DEBUG main            d.u.i.k.p.i.IntermediateProofReplayer Proof replay took 5.9ns 
186543     INFO  main            d.u.i.k.p.r.p.TestFile    ... finished proof: closed. 
186847     INFO  main            d.u.i.k.p.i.AbstractProblemLoader Loading environment from /home/runner/work/key/key/key.core/../key.ui/examples/heap/list/ArrayList.ArrayListIterator_list.key.proof 
186847     DEBUG main            d.u.i.k.p.i.AbstractProblemLoader Environment load took 320.9ns 
186848     INFO  main            d.u.i.k.p.i.AbstractProblemLoader Creating init config 
187888     DEBUG main            d.u.i.k.j.r.ClassPreparationMethodBuilder clPrepBuilder: Inner Class detected. Reject building class initialisation methods. 
190122     DEBUG main            d.u.i.k.p.i.AbstractProblemLoader Init config took 3.27s 
190165     INFO  main            d.u.i.k.p.i.AbstractProblemLoader Replaying proof ListIterator[ListIterator::$list()].JML accessible clause.0 
190168     DEBUG main            d.u.i.k.p.i.IntermediateProofReplayer Proof replay took 1.28ms 
190169     DEBUG main            d.u.i.k.p.r.p.TestFile    ... success: reloaded. 
190170     INFO  main            d.u.i.k.p.r.p.TestFile    Now processing file /home/runner/work/key/key/key.core/../key.ui/examples/heap/list/ArrayList.ArrayListIterator_next_exceptional.key 
190170     INFO  main            d.u.i.k.p.i.AbstractProblemLoader Loading environment from /home/runner/work/key/key/key.core/../key.ui/examples/heap/list/ArrayList.ArrayListIterator_next_exceptional.key 
190170     DEBUG main            d.u.i.k.p.i.AbstractProblemLoader Environment load took 123.4ns 
190171     INFO  main            d.u.i.k.p.i.AbstractProblemLoader Creating init config 
191228     DEBUG main            d.u.i.k.j.r.ClassPreparationMethodBuilder clPrepBuilder: Inner Class detected. Reject building class initialisation methods. 
193526     DEBUG main            d.u.i.k.p.i.AbstractProblemLoader Init config took 3.35s 
193582     INFO  main            d.u.i.k.p.i.AbstractProblemLoader Replaying proof ArrayList.ArrayListIterator[ListIterator::next()].JML exceptional_behavior operation contract.0 
193589     DEBUG main            d.u.i.k.p.i.IntermediateProofReplayer Proof replay took 6.8ns 
194495     INFO  main            d.u.i.k.p.r.p.TestFile    ... finished proof: closed. 
194818     INFO  main            d.u.i.k.p.i.AbstractProblemLoader Loading environment from /home/runner/work/key/key/key.core/../key.ui/examples/heap/list/ArrayList.ArrayListIterator_next_exceptional.key.proof 
194819     DEBUG main            d.u.i.k.p.i.AbstractProblemLoader Environment load took 894.21ns 
194820     INFO  main            d.u.i.k.p.i.AbstractProblemLoader Creating init config 
195823     DEBUG main            d.u.i.k.j.r.ClassPreparationMethodBuilder clPrepBuilder: Inner Class detected. Reject building class initialisation methods. 
198073     DEBUG main            d.u.i.k.p.i.AbstractProblemLoader Init config took 3.25s 
198137     INFO  main            d.u.i.k.p.i.AbstractProblemLoader Replaying proof ArrayList.ArrayListIterator[ListIterator::next()].JML exceptional_behavior operation contract.0 
198312     DEBUG main            d.u.i.k.p.i.IntermediateProofReplayer Proof replay took 169.93ms 
198313     DEBUG main            d.u.i.k.p.r.p.TestFile    ... success: reloaded. 
198314     INFO  main            d.u.i.k.p.r.p.TestFile    Now processing file /home/runner/work/key/key/key.core/../key.ui/examples/heap/list/ArrayList.ArrayListIterator_next_normal.key 
198315     INFO  main            d.u.i.k.p.i.AbstractProblemLoader Loading environment from /home/runner/work/key/key/key.core/../key.ui/examples/heap/list/ArrayList.ArrayListIterator_next_normal.key 
198315     DEBUG main            d.u.i.k.p.i.AbstractProblemLoader Environment load took 157.8ns 
198316     INFO  main            d.u.i.k.p.i.AbstractProblemLoader Creating init config 
199335     DEBUG main            d.u.i.k.j.r.ClassPreparationMethodBuilder clPrepBuilder: Inner Class detected. Reject building class initialisation methods. 
201561     DEBUG main            d.u.i.k.p.i.AbstractProblemLoader Init config took 3.25s 
201617     INFO  main            d.u.i.k.p.i.AbstractProblemLoader Replaying proof ArrayList.ArrayListIterator[ListIterator::next()].JML normal_behavior operation contract.0 
201619     DEBUG main            d.u.i.k.p.i.IntermediateProofReplayer Proof replay took 6ns 
202626     INFO  main            d.u.i.k.p.r.p.TestFile    ... finished proof: closed. 
202969     INFO  main            d.u.i.k.p.i.AbstractProblemLoader Loading environment from /home/runner/work/key/key/key.core/../key.ui/examples/heap/list/ArrayList.ArrayListIterator_next_normal.key.proof 
202970     DEBUG main            d.u.i.k.p.i.AbstractProblemLoader Environment load took 502.6ns 
202971     INFO  main            d.u.i.k.p.i.AbstractProblemLoader Creating init config 
203970     DEBUG main            d.u.i.k.j.r.ClassPreparationMethodBuilder clPrepBuilder: Inner Class detected. Reject building class initialisation methods. 
206098     DEBUG main            d.u.i.k.p.i.AbstractProblemLoader Init config took 3.13s 
206153     INFO  main            d.u.i.k.p.i.AbstractProblemLoader Replaying proof ArrayList.ArrayListIterator[ListIterator::next()].JML normal_behavior operation contract.0 
206389     DEBUG main            d.u.i.k.p.i.IntermediateProofReplayer Proof replay took 230.79ms 
206390     DEBUG main            d.u.i.k.p.r.p.TestFile    ... success: reloaded. 
206391     INFO  main            d.u.i.k.p.r.p.TestFile    Now processing file /home/runner/work/key/key/key.core/../key.ui/examples/heap/list/ArrayList.ArrayListIterator_pos.key 
206392     INFO  main            d.u.i.k.p.i.AbstractProblemLoader Loading environment from /home/runner/work/key/key/key.core/../key.ui/examples/heap/list/ArrayList.ArrayListIterator_pos.key 
206392     DEBUG main            d.u.i.k.p.i.AbstractProblemLoader Environment load took 111.7ns 
206393     INFO  main            d.u.i.k.p.i.AbstractProblemLoader Creating init config 
207434     DEBUG main            d.u.i.k.j.r.ClassPreparationMethodBuilder clPrepBuilder: Inner Class detected. Reject building class initialisation methods. 
209709     DEBUG main            d.u.i.k.p.i.AbstractProblemLoader Init config took 3.32s 
209751     INFO  main            d.u.i.k.p.i.AbstractProblemLoader Replaying proof ListIterator[ListIterator::$pos()].JML accessible clause.0 
209754     DEBUG main            d.u.i.k.p.i.IntermediateProofReplayer Proof replay took 6.5ns 
209856     INFO  main            d.u.i.k.p.r.p.TestFile    ... finished proof: closed. 
210155     INFO  main            d.u.i.k.p.i.AbstractProblemLoader Loading environment from /home/runner/work/key/key/key.core/../key.ui/examples/heap/list/ArrayList.ArrayListIterator_pos.key.proof 
210155     DEBUG main            d.u.i.k.p.i.AbstractProblemLoader Environment load took 113.2ns 
210156     INFO  main            d.u.i.k.p.i.AbstractProblemLoader Creating init config 
211192     DEBUG main            d.u.i.k.j.r.ClassPreparationMethodBuilder clPrepBuilder: Inner Class detected. Reject building class initialisation methods. 
213446     DEBUG main            d.u.i.k.p.i.AbstractProblemLoader Init config took 3.29s 
213488     INFO  main            d.u.i.k.p.i.AbstractProblemLoader Replaying proof ListIterator[ListIterator::$pos()].JML accessible clause.0 
213490     DEBUG main            d.u.i.k.p.i.IntermediateProofReplayer Proof replay took 1.11ms 
213491     DEBUG main            d.u.i.k.p.r.p.TestFile    ... success: reloaded. 
213492     INFO  main            d.u.i.k.p.r.p.TestFile    Now processing file /home/runner/work/key/key/key.core/../key.ui/examples/heap/list/Client_m.key 
213493     INFO  main            d.u.i.k.p.i.AbstractProblemLoader Loading environment from /home/runner/work/key/key/key.core/../key.ui/examples/heap/list/Client_m.key 
213493     DEBUG main            d.u.i.k.p.i.AbstractProblemLoader Environment load took 120.2ns 
213494     INFO  main            d.u.i.k.p.i.AbstractProblemLoader Creating init config 
214508     DEBUG main            d.u.i.k.j.r.ClassPreparationMethodBuilder clPrepBuilder: Inner Class detected. Reject building class initialisation methods. 
216701     DEBUG main            d.u.i.k.p.i.AbstractProblemLoader Init config took 3.21s 
216749     INFO  main            d.u.i.k.p.i.AbstractProblemLoader Replaying proof Client[Client::m(List)].JML normal_behavior operation contract.0 
216757     DEBUG main            d.u.i.k.p.i.IntermediateProofReplayer Proof replay took 5.6ns 
217059     INFO  main            d.u.i.k.p.r.p.TestFile    ... finished proof: closed. 
217393     INFO  main            d.u.i.k.p.i.AbstractProblemLoader Loading environment from /home/runner/work/key/key/key.core/../key.ui/examples/heap/list/Client_m.key.proof 
217393     DEBUG main            d.u.i.k.p.i.AbstractProblemLoader Environment load took 122.4ns 
217394     INFO  main            d.u.i.k.p.i.AbstractProblemLoader Creating init config 
218397     DEBUG main            d.u.i.k.j.r.ClassPreparationMethodBuilder clPrepBuilder: Inner Class detected. Reject building class initialisation methods. 
220575     DEBUG main            d.u.i.k.p.i.AbstractProblemLoader Init config took 3.18s 
220618     INFO  main            d.u.i.k.p.i.AbstractProblemLoader Replaying proof Client[Client::m(List)].JML normal_behavior operation contract.0 
220696     DEBUG main            d.u.i.k.p.i.IntermediateProofReplayer Proof replay took 75.4ms 
220697     DEBUG main            d.u.i.k.p.r.p.TestFile    ... success: reloaded. 
220698     INFO  main            d.u.i.k.p.r.p.TestFile    Now processing file /home/runner/work/key/key/key.core/../key.ui/examples/heap/list/Client_n.key 
220699     INFO  main            d.u.i.k.p.i.AbstractProblemLoader Loading environment from /home/runner/work/key/key/key.core/../key.ui/examples/heap/list/Client_n.key 
220699     DEBUG main            d.u.i.k.p.i.AbstractProblemLoader Environment load took 167.9ns 
220700     INFO  main            d.u.i.k.p.i.AbstractProblemLoader Creating init config 
221731     DEBUG main            d.u.i.k.j.r.ClassPreparationMethodBuilder clPrepBuilder: Inner Class detected. Reject building class initialisation methods. 
223962     DEBUG main            d.u.i.k.p.i.AbstractProblemLoader Init config took 3.26s 
224003     INFO  main            d.u.i.k.p.i.AbstractProblemLoader Replaying proof Client[Client::n(List)].JML normal_behavior operation contract.0 
224005     DEBUG main            d.u.i.k.p.i.IntermediateProofReplayer Proof replay took 6.3ns 
224108     INFO  main            d.u.i.k.p.r.p.TestFile    ... finished proof: closed. 
224433     INFO  main            d.u.i.k.p.i.AbstractProblemLoader Loading environment from /home/runner/work/key/key/key.core/../key.ui/examples/heap/list/Client_n.key.proof 
224433     DEBUG main            d.u.i.k.p.i.AbstractProblemLoader Environment load took 119.4ns 
224434     INFO  main            d.u.i.k.p.i.AbstractProblemLoader Creating init config 
225431     DEBUG main            d.u.i.k.j.r.ClassPreparationMethodBuilder clPrepBuilder: Inner Class detected. Reject building class initialisation methods. 
227611     DEBUG main            d.u.i.k.p.i.AbstractProblemLoader Init config took 3.18s 
227654     INFO  main            d.u.i.k.p.i.AbstractProblemLoader Replaying proof Client[Client::n(List)].JML normal_behavior operation contract.0 
227676     DEBUG main            d.u.i.k.p.i.IntermediateProofReplayer Proof replay took 20.27ms 
227677     DEBUG main            d.u.i.k.p.r.p.TestFile    ... success: reloaded. 
227678     INFO  main            d.u.i.k.p.r.p.TestFile    Now processing file /home/runner/work/key/key/key.core/../key.ui/examples/heap/list/LinkedList_get_exceptional.key 
227679     INFO  main            d.u.i.k.p.i.AbstractProblemLoader Loading environment from /home/runner/work/key/key/key.core/../key.ui/examples/heap/list/LinkedList_get_exceptional.key 
227679     DEBUG main            d.u.i.k.p.i.AbstractProblemLoader Environment load took 164.1ns 
227680     INFO  main            d.u.i.k.p.i.AbstractProblemLoader Creating init config 
228695     DEBUG main            d.u.i.k.j.r.ClassPreparationMethodBuilder clPrepBuilder: Inner Class detected. Reject building class initialisation methods. 
230884     DEBUG main            d.u.i.k.p.i.AbstractProblemLoader Init config took 3.2s 
230931     INFO  main            d.u.i.k.p.i.AbstractProblemLoader Replaying proof LinkedList[List::get(int)].JML exceptional_behavior operation contract.0 
230933     DEBUG main            d.u.i.k.p.i.IntermediateProofReplayer Proof replay took 5.9ns 
233352     INFO  main            d.u.i.k.p.r.p.TestFile    ... finished proof: closed. 
233719     INFO  main            d.u.i.k.p.i.AbstractProblemLoader Loading environment from /home/runner/work/key/key/key.core/../key.ui/examples/heap/list/LinkedList_get_exceptional.key.proof 
233719     DEBUG main            d.u.i.k.p.i.AbstractProblemLoader Environment load took 526ns 
233721     INFO  main            d.u.i.k.p.i.AbstractProblemLoader Creating init config 
234707     DEBUG main            d.u.i.k.j.r.ClassPreparationMethodBuilder clPrepBuilder: Inner Class detected. Reject building class initialisation methods. 
236893     DEBUG main            d.u.i.k.p.i.AbstractProblemLoader Init config took 3.17s 
236941     INFO  main            d.u.i.k.p.i.AbstractProblemLoader Replaying proof LinkedList[List::get(int)].JML exceptional_behavior operation contract.0 
237308     DEBUG main            d.u.i.k.p.i.IntermediateProofReplayer Proof replay took 358.02ms 
237309     DEBUG main            d.u.i.k.p.r.p.TestFile    ... success: reloaded. 
237310     INFO  main            d.u.i.k.p.r.p.TestFile    Now processing file /home/runner/work/key/key/key.core/../key.ui/examples/heap/list/LinkedList_get_normal.key 
237310     INFO  main            d.u.i.k.p.i.AbstractProblemLoader Loading environment from /home/runner/work/key/key/key.core/../key.ui/examples/heap/list/LinkedList_get_normal.key 
237310     DEBUG main            d.u.i.k.p.i.AbstractProblemLoader Environment load took 67.7ns 
237311     INFO  main            d.u.i.k.p.i.AbstractProblemLoader Creating init config 
238365     DEBUG main            d.u.i.k.j.r.ClassPreparationMethodBuilder clPrepBuilder: Inner Class detected. Reject building class initialisation methods. 
240532     DEBUG main            d.u.i.k.p.i.AbstractProblemLoader Init config took 3.22s 
240580     INFO  main            d.u.i.k.p.i.AbstractProblemLoader Replaying proof LinkedList[List::get(int)].JML normal_behavior operation contract.0 
240581     DEBUG main            d.u.i.k.p.i.IntermediateProofReplayer Proof replay took 6.7ns 
246500     INFO  main            d.u.i.k.p.r.p.TestFile    ... finished proof: closed. 
246893     INFO  main            d.u.i.k.p.i.AbstractProblemLoader Loading environment from /home/runner/work/key/key/key.core/../key.ui/examples/heap/list/LinkedList_get_normal.key.proof 
246893     DEBUG main            d.u.i.k.p.i.AbstractProblemLoader Environment load took 116ns 
246895     INFO  main            d.u.i.k.p.i.AbstractProblemLoader Creating init config 
247905     DEBUG main            d.u.i.k.j.r.ClassPreparationMethodBuilder clPrepBuilder: Inner Class detected. Reject building class initialisation methods. 
250064     DEBUG main            d.u.i.k.p.i.AbstractProblemLoader Init config took 3.17s 
250124     INFO  main            d.u.i.k.p.i.AbstractProblemLoader Replaying proof LinkedList[List::get(int)].JML normal_behavior operation contract.0 
250667     DEBUG main            d.u.i.k.p.i.IntermediateProofReplayer Proof replay took 522.25ms 
250669     DEBUG main            d.u.i.k.p.r.p.TestFile    ... success: reloaded. 
250671     INFO  main            d.u.i.k.p.r.p.TestFile    Now processing file /home/runner/work/key/key/key.core/../key.ui/examples/heap/list/LinkedList_LinkedList.key 
250671     INFO  main            d.u.i.k.p.i.AbstractProblemLoader Loading environment from /home/runner/work/key/key/key.core/../key.ui/examples/heap/list/LinkedList_LinkedList.key 
250671     DEBUG main            d.u.i.k.p.i.AbstractProblemLoader Environment load took 65.9ns 
250672     INFO  main            d.u.i.k.p.i.AbstractProblemLoader Creating init config 
251707     DEBUG main            d.u.i.k.j.r.ClassPreparationMethodBuilder clPrepBuilder: Inner Class detected. Reject building class initialisation methods. 
253874     DEBUG main            d.u.i.k.p.i.AbstractProblemLoader Init config took 3.2s 
253921     INFO  main            d.u.i.k.p.i.AbstractProblemLoader Replaying proof LinkedList[LinkedList::LinkedList()].JML normal_behavior operation contract.0 
253922     DEBUG main            d.u.i.k.p.i.IntermediateProofReplayer Proof replay took 6.4ns 
254527     INFO  main            d.u.i.k.p.r.p.TestFile    ... finished proof: closed. 
254879     INFO  main            d.u.i.k.p.i.AbstractProblemLoader Loading environment from /home/runner/work/key/key/key.core/../key.ui/examples/heap/list/LinkedList_LinkedList.key.proof 
254879     DEBUG main            d.u.i.k.p.i.AbstractProblemLoader Environment load took 107.3ns 
254880     INFO  main            d.u.i.k.p.i.AbstractProblemLoader Creating init config 
255901     DEBUG main            d.u.i.k.j.r.ClassPreparationMethodBuilder clPrepBuilder: Inner Class detected. Reject building class initialisation methods. 
258039     DEBUG main            d.u.i.k.p.i.AbstractProblemLoader Init config took 3.16s 
258089     INFO  main            d.u.i.k.p.i.AbstractProblemLoader Replaying proof LinkedList[LinkedList::LinkedList()].JML normal_behavior operation contract.0 
258221     DEBUG main            d.u.i.k.p.i.IntermediateProofReplayer Proof replay took 128.65ms 
258222     DEBUG main            d.u.i.k.p.r.p.TestFile    ... success: reloaded. 
258223     INFO  main            d.u.i.k.p.r.p.TestFile    Now processing file /home/runner/work/key/key/key.core/../key.ui/examples/heap/list/LinkedList_size_dep.key 
258223     INFO  main            d.u.i.k.p.i.AbstractProblemLoader Loading environment from /home/runner/work/key/key/key.core/../key.ui/examples/heap/list/LinkedList_size_dep.key 
258224     DEBUG main            d.u.i.k.p.i.AbstractProblemLoader Environment load took 90.3ns 
258224     INFO  main            d.u.i.k.p.i.AbstractProblemLoader Creating init config 
259240     DEBUG main            d.u.i.k.j.r.ClassPreparationMethodBuilder clPrepBuilder: Inner Class detected. Reject building class initialisation methods. 
261410     DEBUG main            d.u.i.k.p.i.AbstractProblemLoader Init config took 3.19s 
261456     INFO  main            d.u.i.k.p.i.AbstractProblemLoader Replaying proof LinkedList[List::size()].JML accessible clause.0 
261458     DEBUG main            d.u.i.k.p.i.IntermediateProofReplayer Proof replay took 6.8ns 
262061     INFO  main            d.u.i.k.p.r.p.TestFile    ... finished proof: closed. 
262413     INFO  main            d.u.i.k.p.i.AbstractProblemLoader Loading environment from /home/runner/work/key/key/key.core/../key.ui/examples/heap/list/LinkedList_size_dep.key.proof 
262413     DEBUG main            d.u.i.k.p.i.AbstractProblemLoader Environment load took 110.7ns 
262414     INFO  main            d.u.i.k.p.i.AbstractProblemLoader Creating init config 
263434     DEBUG main            d.u.i.k.j.r.ClassPreparationMethodBuilder clPrepBuilder: Inner Class detected. Reject building class initialisation methods. 
265578     DEBUG main            d.u.i.k.p.i.AbstractProblemLoader Init config took 3.16s 
265642     INFO  main            d.u.i.k.p.i.AbstractProblemLoader Replaying proof LinkedList[List::size()].JML accessible clause.0 
265701     DEBUG main            d.u.i.k.p.i.IntermediateProofReplayer Proof replay took 55.01ms 
265702     DEBUG main            d.u.i.k.p.r.p.TestFile    ... success: reloaded. 
265703     INFO  main            d.u.i.k.p.r.p.TestFile    Now processing file /home/runner/work/key/key/key.core/../key.ui/examples/heap/list/LinkedList_size.key 
265704     INFO  main            d.u.i.k.p.i.AbstractProblemLoader Loading environment from /home/runner/work/key/key/key.core/../key.ui/examples/heap/list/LinkedList_size.key 
265704     DEBUG main            d.u.i.k.p.i.AbstractProblemLoader Environment load took 231.6ns 
265705     INFO  main            d.u.i.k.p.i.AbstractProblemLoader Creating init config 
266755     DEBUG main            d.u.i.k.j.r.ClassPreparationMethodBuilder clPrepBuilder: Inner Class detected. Reject building class initialisation methods. 
268924     DEBUG main            d.u.i.k.p.i.AbstractProblemLoader Init config took 3.22s 
268970     INFO  main            d.u.i.k.p.i.AbstractProblemLoader Replaying proof LinkedList[List::size()].JML normal_behavior operation contract.0 
268973     DEBUG main            d.u.i.k.p.i.IntermediateProofReplayer Proof replay took 5.9ns 
269476     INFO  main            d.u.i.k.p.r.p.TestFile    ... finished proof: closed. 
269833     INFO  main            d.u.i.k.p.i.AbstractProblemLoader Loading environment from /home/runner/work/key/key/key.core/../key.ui/examples/heap/list/LinkedList_size.key.proof 
269833     DEBUG main            d.u.i.k.p.i.AbstractProblemLoader Environment load took 137.4ns 
269834     INFO  main            d.u.i.k.p.i.AbstractProblemLoader Creating init config 
270821     DEBUG main            d.u.i.k.j.r.ClassPreparationMethodBuilder clPrepBuilder: Inner Class detected. Reject building class initialisation methods. 
272985     DEBUG main            d.u.i.k.p.i.AbstractProblemLoader Init config took 3.15s 
273032     INFO  main            d.u.i.k.p.i.AbstractProblemLoader Replaying proof LinkedList[List::size()].JML normal_behavior operation contract.0 
273083     DEBUG main            d.u.i.k.p.i.IntermediateProofReplayer Proof replay took 49.04ms 
273084     DEBUG main            d.u.i.k.p.r.p.TestFile    ... success: reloaded. 
273085     INFO  main            d.u.i.k.p.r.p.TestFile    Now processing file /home/runner/work/key/key/key.core/../key.ui/examples/heap/list/MySet_footprint.key 
273085     INFO  main            d.u.i.k.p.i.AbstractProblemLoader Loading environment from /home/runner/work/key/key/key.core/../key.ui/examples/heap/list/MySet_footprint.key 
273085     DEBUG main            d.u.i.k.p.i.AbstractProblemLoader Environment load took 116.3ns 
273086     INFO  main            d.u.i.k.p.i.AbstractProblemLoader Creating init config 
274147     DEBUG main            d.u.i.k.j.r.ClassPreparationMethodBuilder clPrepBuilder: Inner Class detected. Reject building class initialisation methods. 
276324     DEBUG main            d.u.i.k.p.i.AbstractProblemLoader Init config took 3.24s 
276373     INFO  main            d.u.i.k.p.i.AbstractProblemLoader Replaying proof MySet[MySet::$footprint()].JML accessible clause.0 
276375     DEBUG main            d.u.i.k.p.i.IntermediateProofReplayer Proof replay took 5.9ns 
276677     INFO  main            d.u.i.k.p.r.p.TestFile    ... finished proof: closed. 
277036     INFO  main            d.u.i.k.p.i.AbstractProblemLoader Loading environment from /home/runner/work/key/key/key.core/../key.ui/examples/heap/list/MySet_footprint.key.proof 
277036     DEBUG main            d.u.i.k.p.i.AbstractProblemLoader Environment load took 104.6ns 
277037     INFO  main            d.u.i.k.p.i.AbstractProblemLoader Creating init config 
278031     DEBUG main            d.u.i.k.j.r.ClassPreparationMethodBuilder clPrepBuilder: Inner Class detected. Reject building class initialisation methods. 
280192     DEBUG main            d.u.i.k.p.i.AbstractProblemLoader Init config took 3.15s 
280241     INFO  main            d.u.i.k.p.i.AbstractProblemLoader Replaying proof MySet[MySet::$footprint()].JML accessible clause.0 
280278     DEBUG main            d.u.i.k.p.i.IntermediateProofReplayer Proof replay took 34.82ms 
280279     DEBUG main            d.u.i.k.p.r.p.TestFile    ... success: reloaded. 
280280     INFO  main            d.u.i.k.p.r.p.TestFile    Now processing file /home/runner/work/key/key/key.core/../key.ui/examples/heap/list/MySet_MySet.key 
280280     INFO  main            d.u.i.k.p.i.AbstractProblemLoader Loading environment from /home/runner/work/key/key/key.core/../key.ui/examples/heap/list/MySet_MySet.key 
280280     DEBUG main            d.u.i.k.p.i.AbstractProblemLoader Environment load took 133.4ns 
280281     INFO  main            d.u.i.k.p.i.AbstractProblemLoader Creating init config 
281274     DEBUG main            d.u.i.k.j.r.ClassPreparationMethodBuilder clPrepBuilder: Inner Class detected. Reject building class initialisation methods. 
283488     DEBUG main            d.u.i.k.p.i.AbstractProblemLoader Init config took 3.21s 
283544     INFO  main            d.u.i.k.p.i.AbstractProblemLoader Replaying proof MySet[MySet::MySet()].JML normal_behavior operation contract.0 
283546     DEBUG main            d.u.i.k.p.i.IntermediateProofReplayer Proof replay took 6.6ns 
286268     INFO  main            d.u.i.k.p.r.p.TestFile    ... finished proof: closed. 
286644     INFO  main            d.u.i.k.p.i.AbstractProblemLoader Loading environment from /home/runner/work/key/key/key.core/../key.ui/examples/heap/list/MySet_MySet.key.proof 
286645     DEBUG main            d.u.i.k.p.i.AbstractProblemLoader Environment load took 495.3ns 
286647     INFO  main            d.u.i.k.p.i.AbstractProblemLoader Creating init config 
287676     DEBUG main            d.u.i.k.j.r.ClassPreparationMethodBuilder clPrepBuilder: Inner Class detected. Reject building class initialisation methods. 
289811     DEBUG main            d.u.i.k.p.i.AbstractProblemLoader Init config took 3.16s 
289861     INFO  main            d.u.i.k.p.i.AbstractProblemLoader Replaying proof MySet[MySet::MySet()].JML normal_behavior operation contract.0 
290280     DEBUG main            d.u.i.k.p.i.IntermediateProofReplayer Proof replay took 407.98ms 
290282     DEBUG main            d.u.i.k.p.r.p.TestFile    ... success: reloaded. 
1247394    INFO  Test worker     d.u.i.k.p.r.p.StatisticsFile Returning from test list 
1247399    INFO  Test worker     d.u.i.k.p.r.p.StatisticsFile Running test list_ghost 
389        INFO  Timeout watchdog d.u.i.k.p.r.p.ForkedTestFileRunner Timeout watcher launched (2000 secs.) 
411        WARN  main            d.u.i.k.s.ProofSettings   The settings in /home/runner/.key/proof-settings.props are *not* read. 
467        INFO  main            d.u.i.k.p.r.p.TestFile    Now processing file /home/runner/work/key/key/key.core/../key.ui/examples/heap/list_ghost/ArrayList_add.key 
597        INFO  main            d.u.i.k.p.i.AbstractProblemLoader Loading environment from /home/runner/work/key/key/key.core/../key.ui/examples/heap/list_ghost/ArrayList_add.key 
616        DEBUG main            d.u.i.k.p.i.AbstractProblemLoader Environment load took 2.02ms 
884        INFO  main            d.u.i.k.p.i.AbstractProblemLoader Creating init config 
1858       DEBUG main            d.u.i.k.j.TypeConverter   No LDT found for Meta 
1859       DEBUG main            d.u.i.k.j.TypeConverter   No LDT found for Meta 
1864       DEBUG main            d.u.i.k.j.TypeConverter   No LDT found for Meta 
1864       DEBUG main            d.u.i.k.j.TypeConverter   No LDT found for Meta 
3310       DEBUG main            d.u.i.k.j.TypeConverter   No LDT found for JavaBigintExpression 
9179       DEBUG main            d.u.i.k.p.i.AbstractProblemLoader Init config took 8.29s 
9368       INFO  main            d.u.i.k.p.i.AbstractProblemLoader Replaying proof ArrayList[List::add(java.lang.Object)].JML normal_behavior operation contract.0 
9410       DEBUG main            d.u.i.k.p.i.IntermediateProofReplayer Proof replay took 33.1ns 
15251      INFO  main            d.u.i.k.p.r.p.TestFile    ... finished proof: closed. 
15449      INFO  main            d.u.i.k.p.i.AbstractProblemLoader Loading environment from /home/runner/work/key/key/key.core/../key.ui/examples/heap/list_ghost/ArrayList_add.key.proof 
15449      DEBUG main            d.u.i.k.p.i.AbstractProblemLoader Environment load took 156.4ns 
15457      INFO  main            d.u.i.k.p.i.AbstractProblemLoader Creating init config 
18792      DEBUG main            d.u.i.k.p.i.AbstractProblemLoader Init config took 3.33s 
18868      INFO  main            d.u.i.k.p.i.AbstractProblemLoader Replaying proof ArrayList[List::add(java.lang.Object)].JML normal_behavior operation contract.0 
19788      DEBUG main            d.u.i.k.p.i.IntermediateProofReplayer Proof replay took 889.56ms 
19798      DEBUG main            d.u.i.k.p.r.p.TestFile    ... success: reloaded. 
19800      INFO  main            d.u.i.k.p.r.p.TestFile    Now processing file /home/runner/work/key/key/key.core/../key.ui/examples/heap/list_ghost/ArrayList_ArrayList.key 
19800      INFO  main            d.u.i.k.p.i.AbstractProblemLoader Loading environment from /home/runner/work/key/key/key.core/../key.ui/examples/heap/list_ghost/ArrayList_ArrayList.key 
19801      DEBUG main            d.u.i.k.p.i.AbstractProblemLoader Environment load took 133.8ns 
19802      INFO  main            d.u.i.k.p.i.AbstractProblemLoader Creating init config 
23128      DEBUG main            d.u.i.k.p.i.AbstractProblemLoader Init config took 3.33s 
23196      INFO  main            d.u.i.k.p.i.AbstractProblemLoader Replaying proof ArrayList[ArrayList::ArrayList()].JML normal_behavior operation contract.0 
23199      DEBUG main            d.u.i.k.p.i.IntermediateProofReplayer Proof replay took 6.5ns 
24405      INFO  main            d.u.i.k.p.r.p.TestFile    ... finished proof: closed. 
24673      INFO  main            d.u.i.k.p.i.AbstractProblemLoader Loading environment from /home/runner/work/key/key/key.core/../key.ui/examples/heap/list_ghost/ArrayList_ArrayList.key.proof 
24674      DEBUG main            d.u.i.k.p.i.AbstractProblemLoader Environment load took 626ns 
24678      INFO  main            d.u.i.k.p.i.AbstractProblemLoader Creating init config 
27737      DEBUG main            d.u.i.k.p.i.AbstractProblemLoader Init config took 3.06s 
27790      INFO  main            d.u.i.k.p.i.AbstractProblemLoader Replaying proof ArrayList[ArrayList::ArrayList()].JML normal_behavior operation contract.0 
28028      DEBUG main            d.u.i.k.p.i.IntermediateProofReplayer Proof replay took 215.15ms 
28029      DEBUG main            d.u.i.k.p.r.p.TestFile    ... success: reloaded. 
28031      INFO  main            d.u.i.k.p.r.p.TestFile    Now processing file /home/runner/work/key/key/key.core/../key.ui/examples/heap/list_ghost/ArrayList_enlarge.key 
28031      INFO  main            d.u.i.k.p.i.AbstractProblemLoader Loading environment from /home/runner/work/key/key/key.core/../key.ui/examples/heap/list_ghost/ArrayList_enlarge.key 
28032      DEBUG main            d.u.i.k.p.i.AbstractProblemLoader Environment load took 259.5ns 
28033      INFO  main            d.u.i.k.p.i.AbstractProblemLoader Creating init config 
31155      DEBUG main            d.u.i.k.p.i.AbstractProblemLoader Init config took 3.12s 
31215      INFO  main            d.u.i.k.p.i.AbstractProblemLoader Replaying proof ArrayList[ArrayList::enlarge()].JML normal_behavior operation contract.0 
31219      DEBUG main            d.u.i.k.p.i.IntermediateProofReplayer Proof replay took 6.5ns 
33732      INFO  main            d.u.i.k.p.r.p.TestFile    ... finished proof: closed. 
33918      INFO  main            d.u.i.k.p.i.AbstractProblemLoader Loading environment from /home/runner/work/key/key/key.core/../key.ui/examples/heap/list_ghost/ArrayList_enlarge.key.proof 
33919      DEBUG main            d.u.i.k.p.i.AbstractProblemLoader Environment load took 148ns 
33927      INFO  main            d.u.i.k.p.i.AbstractProblemLoader Creating init config 
36885      DEBUG main            d.u.i.k.p.i.AbstractProblemLoader Init config took 2.96s 
36953      INFO  main            d.u.i.k.p.i.AbstractProblemLoader Replaying proof ArrayList[ArrayList::enlarge()].JML normal_behavior operation contract.0 
37457      DEBUG main            d.u.i.k.p.i.IntermediateProofReplayer Proof replay took 491.13ms 
37459      DEBUG main            d.u.i.k.p.r.p.TestFile    ... success: reloaded. 
37460      INFO  main            d.u.i.k.p.r.p.TestFile    Now processing file /home/runner/work/key/key/key.core/../key.ui/examples/heap/list_ghost/ArrayList_get_dep.key 
37461      INFO  main            d.u.i.k.p.i.AbstractProblemLoader Loading environment from /home/runner/work/key/key/key.core/../key.ui/examples/heap/list_ghost/ArrayList_get_dep.key 
37461      DEBUG main            d.u.i.k.p.i.AbstractProblemLoader Environment load took 238.4ns 
37462      INFO  main            d.u.i.k.p.i.AbstractProblemLoader Creating init config 
40423      DEBUG main            d.u.i.k.p.i.AbstractProblemLoader Init config took 2.96s 
40474      INFO  main            d.u.i.k.p.i.AbstractProblemLoader Replaying proof ArrayList[List::get(int)].JML accessible clause.0 
40479      DEBUG main            d.u.i.k.p.i.IntermediateProofReplayer Proof replay took 7.1ns 
40883      INFO  main            d.u.i.k.p.r.p.TestFile    ... finished proof: closed. 
41076      INFO  main            d.u.i.k.p.i.AbstractProblemLoader Loading environment from /home/runner/work/key/key/key.core/../key.ui/examples/heap/list_ghost/ArrayList_get_dep.key.proof 
41076      DEBUG main            d.u.i.k.p.i.AbstractProblemLoader Environment load took 506.7ns 
41078      INFO  main            d.u.i.k.p.i.AbstractProblemLoader Creating init config 
43997      DEBUG main            d.u.i.k.p.i.AbstractProblemLoader Init config took 2.92s 
44045      INFO  main            d.u.i.k.p.i.AbstractProblemLoader Replaying proof ArrayList[List::get(int)].JML accessible clause.0 
44132      DEBUG main            d.u.i.k.p.i.IntermediateProofReplayer Proof replay took 83.5ms 
44133      DEBUG main            d.u.i.k.p.r.p.TestFile    ... success: reloaded. 
44135      INFO  main            d.u.i.k.p.r.p.TestFile    Now processing file /home/runner/work/key/key/key.core/../key.ui/examples/heap/list_ghost/ArrayList_get_exceptional.key 
44135      INFO  main            d.u.i.k.p.i.AbstractProblemLoader Loading environment from /home/runner/work/key/key/key.core/../key.ui/examples/heap/list_ghost/ArrayList_get_exceptional.key 
44136      DEBUG main            d.u.i.k.p.i.AbstractProblemLoader Environment load took 300.2ns 
44137      INFO  main            d.u.i.k.p.i.AbstractProblemLoader Creating init config 
47129      DEBUG main            d.u.i.k.p.i.AbstractProblemLoader Init config took 2.99s 
47186      INFO  main            d.u.i.k.p.i.AbstractProblemLoader Replaying proof ArrayList[List::get(int)].JML exceptional_behavior operation contract.0 
47188      DEBUG main            d.u.i.k.p.i.IntermediateProofReplayer Proof replay took 5.9ns 
47994      INFO  main            d.u.i.k.p.r.p.TestFile    ... finished proof: closed. 
48233      INFO  main            d.u.i.k.p.i.AbstractProblemLoader Loading environment from /home/runner/work/key/key/key.core/../key.ui/examples/heap/list_ghost/ArrayList_get_exceptional.key.proof 
48234      DEBUG main            d.u.i.k.p.i.AbstractProblemLoader Environment load took 622.3ns 
48235      INFO  main            d.u.i.k.p.i.AbstractProblemLoader Creating init config 
51126      DEBUG main            d.u.i.k.p.i.AbstractProblemLoader Init config took 2.89s 
51178      INFO  main            d.u.i.k.p.i.AbstractProblemLoader Replaying proof ArrayList[List::get(int)].JML exceptional_behavior operation contract.0 
51403      DEBUG main            d.u.i.k.p.i.IntermediateProofReplayer Proof replay took 214.11ms 
51404      DEBUG main            d.u.i.k.p.r.p.TestFile    ... success: reloaded. 
51406      INFO  main            d.u.i.k.p.r.p.TestFile    Now processing file /home/runner/work/key/key/key.core/../key.ui/examples/heap/list_ghost/ArrayList_get_normal.key 
51407      INFO  main            d.u.i.k.p.i.AbstractProblemLoader Loading environment from /home/runner/work/key/key/key.core/../key.ui/examples/heap/list_ghost/ArrayList_get_normal.key 
51407      DEBUG main            d.u.i.k.p.i.AbstractProblemLoader Environment load took 616.4ns 
51408      INFO  main            d.u.i.k.p.i.AbstractProblemLoader Creating init config 
54289      DEBUG main            d.u.i.k.p.i.AbstractProblemLoader Init config took 2.88s 
54341      INFO  main            d.u.i.k.p.i.AbstractProblemLoader Replaying proof ArrayList[List::get(int)].JML normal_behavior operation contract.0 
54343      DEBUG main            d.u.i.k.p.i.IntermediateProofReplayer Proof replay took 6.4ns 
54646      INFO  main            d.u.i.k.p.r.p.TestFile    ... finished proof: closed. 
54861      INFO  main            d.u.i.k.p.i.AbstractProblemLoader Loading environment from /home/runner/work/key/key/key.core/../key.ui/examples/heap/list_ghost/ArrayList_get_normal.key.proof 
54861      DEBUG main            d.u.i.k.p.i.AbstractProblemLoader Environment load took 562.8ns 
54863      INFO  main            d.u.i.k.p.i.AbstractProblemLoader Creating init config 
57738      DEBUG main            d.u.i.k.p.i.AbstractProblemLoader Init config took 2.88s 
57784      INFO  main            d.u.i.k.p.i.AbstractProblemLoader Replaying proof ArrayList[List::get(int)].JML normal_behavior operation contract.0 
57849      DEBUG main            d.u.i.k.p.i.IntermediateProofReplayer Proof replay took 61.01ms 
57850      DEBUG main            d.u.i.k.p.r.p.TestFile    ... success: reloaded. 
57852      INFO  main            d.u.i.k.p.r.p.TestFile    Now processing file /home/runner/work/key/key/key.core/../key.ui/examples/heap/list_ghost/ArrayList_inv.key 
57852      INFO  main            d.u.i.k.p.i.AbstractProblemLoader Loading environment from /home/runner/work/key/key/key.core/../key.ui/examples/heap/list_ghost/ArrayList_inv.key 
57852      DEBUG main            d.u.i.k.p.i.AbstractProblemLoader Environment load took 239.8ns 
57853      INFO  main            d.u.i.k.p.i.AbstractProblemLoader Creating init config 
60739      DEBUG main            d.u.i.k.p.i.AbstractProblemLoader Init config took 2.89s 
60785      INFO  main            d.u.i.k.p.i.AbstractProblemLoader Replaying proof ArrayList[java.lang.Object::<inv>()].JML accessible clause.0 
60787      DEBUG main            d.u.i.k.p.i.IntermediateProofReplayer Proof replay took 6.9ns 
60889      INFO  main            d.u.i.k.p.r.p.TestFile    ... finished proof: closed. 
61158      INFO  main            d.u.i.k.p.i.AbstractProblemLoader Loading environment from /home/runner/work/key/key/key.core/../key.ui/examples/heap/list_ghost/ArrayList_inv.key.proof 
61158      DEBUG main            d.u.i.k.p.i.AbstractProblemLoader Environment load took 131.6ns 
61159      INFO  main            d.u.i.k.p.i.AbstractProblemLoader Creating init config 
63986      DEBUG main            d.u.i.k.p.i.AbstractProblemLoader Init config took 2.83s 
64031      INFO  main            d.u.i.k.p.i.AbstractProblemLoader Replaying proof ArrayList[java.lang.Object::<inv>()].JML accessible clause.0 
64047      DEBUG main            d.u.i.k.p.i.IntermediateProofReplayer Proof replay took 12.73ms 
64048      DEBUG main            d.u.i.k.p.r.p.TestFile    ... success: reloaded. 
64050      INFO  main            d.u.i.k.p.r.p.TestFile    Now processing file /home/runner/work/key/key/key.core/../key.ui/examples/heap/list_ghost/ArrayList_size_dep.key 
64050      INFO  main            d.u.i.k.p.i.AbstractProblemLoader Loading environment from /home/runner/work/key/key/key.core/../key.ui/examples/heap/list_ghost/ArrayList_size_dep.key 
64051      DEBUG main            d.u.i.k.p.i.AbstractProblemLoader Environment load took 259ns 
64052      INFO  main            d.u.i.k.p.i.AbstractProblemLoader Creating init config 
66982      DEBUG main            d.u.i.k.p.i.AbstractProblemLoader Init config took 2.93s 
67026      INFO  main            d.u.i.k.p.i.AbstractProblemLoader Replaying proof ArrayList[List::size()].JML accessible clause.0 
67028      DEBUG main            d.u.i.k.p.i.IntermediateProofReplayer Proof replay took 6.3ns 
67130      INFO  main            d.u.i.k.p.r.p.TestFile    ... finished proof: closed. 
67372      INFO  main            d.u.i.k.p.i.AbstractProblemLoader Loading environment from /home/runner/work/key/key/key.core/../key.ui/examples/heap/list_ghost/ArrayList_size_dep.key.proof 
67372      DEBUG main            d.u.i.k.p.i.AbstractProblemLoader Environment load took 128.8ns 
67373      INFO  main            d.u.i.k.p.i.AbstractProblemLoader Creating init config 
70151      DEBUG main            d.u.i.k.p.i.AbstractProblemLoader Init config took 2.78s 
70208      INFO  main            d.u.i.k.p.i.AbstractProblemLoader Replaying proof ArrayList[List::size()].JML accessible clause.0 
70228      DEBUG main            d.u.i.k.p.i.IntermediateProofReplayer Proof replay took 16.62ms 
70231      DEBUG main            d.u.i.k.p.r.p.TestFile    ... success: reloaded. 
70236      INFO  main            d.u.i.k.p.r.p.TestFile    Now processing file /home/runner/work/key/key/key.core/../key.ui/examples/heap/list_ghost/ArrayList_size.key 
70238      INFO  main            d.u.i.k.p.i.AbstractProblemLoader Loading environment from /home/runner/work/key/key/key.core/../key.ui/examples/heap/list_ghost/ArrayList_size.key 
70239      DEBUG main            d.u.i.k.p.i.AbstractProblemLoader Environment load took 485.5ns 
70240      INFO  main            d.u.i.k.p.i.AbstractProblemLoader Creating init config 
73078      DEBUG main            d.u.i.k.p.i.AbstractProblemLoader Init config took 2.84s 
73150      INFO  main            d.u.i.k.p.i.AbstractProblemLoader Replaying proof ArrayList[List::size()].JML normal_behavior operation contract.0 
73152      DEBUG main            d.u.i.k.p.i.IntermediateProofReplayer Proof replay took 7ns 
73254      INFO  main            d.u.i.k.p.r.p.TestFile    ... finished proof: closed. 
73462      INFO  main            d.u.i.k.p.i.AbstractProblemLoader Loading environment from /home/runner/work/key/key/key.core/../key.ui/examples/heap/list_ghost/ArrayList_size.key.proof 
73462      DEBUG main            d.u.i.k.p.i.AbstractProblemLoader Environment load took 141.8ns 
73463      INFO  main            d.u.i.k.p.i.AbstractProblemLoader Creating init config 
76258      DEBUG main            d.u.i.k.p.i.AbstractProblemLoader Init config took 2.8s 
76305      INFO  main            d.u.i.k.p.i.AbstractProblemLoader Replaying proof ArrayList[List::size()].JML normal_behavior operation contract.0 
76328      DEBUG main            d.u.i.k.p.i.IntermediateProofReplayer Proof replay took 18.58ms 
76329      DEBUG main            d.u.i.k.p.r.p.TestFile    ... success: reloaded. 
1323921    INFO  Test worker     d.u.i.k.p.r.p.StatisticsFile Returning from test list_ghost 
1323925    INFO  Test worker     d.u.i.k.p.r.p.StatisticsFile Running test list_recursive 
371        INFO  Timeout watchdog d.u.i.k.p.r.p.ForkedTestFileRunner Timeout watcher launched (2000 secs.) 
383        WARN  main            d.u.i.k.s.ProofSettings   The settings in /home/runner/.key/proof-settings.props are *not* read. 
419        INFO  main            d.u.i.k.p.r.p.TestFile    Now processing file /home/runner/work/key/key/key.core/../key.ui/examples/heap/list_recursiveSpec/ListOperationsNonNull_getNextNN_normal_behavior.key 
534        INFO  main            d.u.i.k.p.i.AbstractProblemLoader Loading environment from /home/runner/work/key/key/key.core/../key.ui/examples/heap/list_recursiveSpec/ListOperationsNonNull_getNextNN_normal_behavior.key 
553        DEBUG main            d.u.i.k.p.i.AbstractProblemLoader Environment load took 2.04ms 
822        INFO  main            d.u.i.k.p.i.AbstractProblemLoader Creating init config 
1823       DEBUG main            d.u.i.k.j.TypeConverter   No LDT found for Meta 
1824       DEBUG main            d.u.i.k.j.TypeConverter   No LDT found for Meta 
1829       DEBUG main            d.u.i.k.j.TypeConverter   No LDT found for Meta 
1829       DEBUG main            d.u.i.k.j.TypeConverter   No LDT found for Meta 
3543       DEBUG main            d.u.i.k.j.TypeConverter   No LDT found for JavaBigintExpression 
9519       DEBUG main            d.u.i.k.p.i.AbstractProblemLoader Init config took 8.7s 
9724       INFO  main            d.u.i.k.p.i.AbstractProblemLoader Replaying proof ListOperationsNonNull[ListOperationsNonNull::getNextNN(ListNN,int)].JML normal_behavior operation contract.0 
9772       DEBUG main            d.u.i.k.p.i.IntermediateProofReplayer Proof replay took 32.3ns 
11252      INFO  main            d.u.i.k.p.r.p.TestFile    ... finished proof: closed. 
11454      INFO  main            d.u.i.k.p.i.AbstractProblemLoader Loading environment from /home/runner/work/key/key/key.core/../key.ui/examples/heap/list_recursiveSpec/ListOperationsNonNull_getNextNN_normal_behavior.key.proof 
11454      DEBUG main            d.u.i.k.p.i.AbstractProblemLoader Environment load took 173.9ns 
11456      INFO  main            d.u.i.k.p.i.AbstractProblemLoader Creating init config 
14776      DEBUG main            d.u.i.k.p.i.AbstractProblemLoader Init config took 3.32s 
14875      INFO  main            d.u.i.k.p.i.AbstractProblemLoader Replaying proof ListOperationsNonNull[ListOperationsNonNull::getNextNN(ListNN,int)].JML normal_behavior operation contract.0 
15075      DEBUG main            d.u.i.k.p.i.IntermediateProofReplayer Proof replay took 190.78ms 
15084      DEBUG main            d.u.i.k.p.r.p.TestFile    ... success: reloaded. 
15086      INFO  main            d.u.i.k.p.r.p.TestFile    Now processing file /home/runner/work/key/key/key.core/../key.ui/examples/heap/list_recursiveSpec/ListOperationsNonNull_setValueAt_normal_behavior.key 
15086      INFO  main            d.u.i.k.p.i.AbstractProblemLoader Loading environment from /home/runner/work/key/key/key.core/../key.ui/examples/heap/list_recursiveSpec/ListOperationsNonNull_setValueAt_normal_behavior.key 
15087      DEBUG main            d.u.i.k.p.i.AbstractProblemLoader Environment load took 261.1ns 
15089      INFO  main            d.u.i.k.p.i.AbstractProblemLoader Creating init config 
18251      DEBUG main            d.u.i.k.p.i.AbstractProblemLoader Init config took 3.16s 
18325      INFO  main            d.u.i.k.p.i.AbstractProblemLoader Replaying proof ListOperationsNonNull[ListOperationsNonNull::setValueAt_NN(ListNN,int,int)].JML normal_behavior operation contract.0 
18328      DEBUG main            d.u.i.k.p.i.IntermediateProofReplayer Proof replay took 5.4ns 
18361      DEBUG main            d.u.i.k.m.s.ProofScriptEngine 1: 'macro autopilot' 
21643      DEBUG main            d.u.i.k.m.s.ProofScriptEngine 2: 'macro simp-upd' 
21651      DEBUG main            d.u.i.k.m.s.ProofScriptEngine 3: 'rule observerDependencyEQ' 
21672      DEBUG main            d.u.i.k.m.s.ProofScriptEngine 4: 'tryclose' 
21710      INFO  main            d.u.i.k.p.r.p.TestFile    ... finished proof: closed. 
21892      INFO  main            d.u.i.k.p.i.AbstractProblemLoader Loading environment from /home/runner/work/key/key/key.core/../key.ui/examples/heap/list_recursiveSpec/ListOperationsNonNull_setValueAt_normal_behavior.key.proof 
21893      DEBUG main            d.u.i.k.p.i.AbstractProblemLoader Environment load took 1ms 
21896      INFO  main            d.u.i.k.p.i.AbstractProblemLoader Creating init config 
25064      DEBUG main            d.u.i.k.p.i.AbstractProblemLoader Init config took 3.17s 
25133      INFO  main            d.u.i.k.p.i.AbstractProblemLoader Replaying proof ListOperationsNonNull[ListOperationsNonNull::setValueAt_NN(ListNN,int,int)].JML normal_behavior operation contract.0 
25338      DEBUG main            d.u.i.k.p.i.IntermediateProofReplayer Proof replay took 198.02ms 
25339      DEBUG main            d.u.i.k.p.r.p.TestFile    ... success: reloaded. 
1349467    INFO  Test worker     d.u.i.k.p.r.p.StatisticsFile Returning from test list_recursive 
1349468    INFO  Test worker     d.u.i.k.p.r.p.StatisticsFile Running test list_seq 
424        INFO  Timeout watchdog d.u.i.k.p.r.p.ForkedTestFileRunner Timeout watcher launched (2000 secs.) 
439        WARN  main            d.u.i.k.s.ProofSettings   The settings in /home/runner/.key/proof-settings.props are *not* read. 
491        INFO  main            d.u.i.k.p.r.p.TestFile    Now processing file /home/runner/work/key/key/key.core/../key.ui/examples/heap/list_seq/SimplifiedLinkedList.remove.key 
623        INFO  main            d.u.i.k.p.i.AbstractProblemLoader Loading environment from /home/runner/work/key/key/key.core/../key.ui/examples/heap/list_seq/SimplifiedLinkedList.remove.key 
640        DEBUG main            d.u.i.k.p.i.AbstractProblemLoader Environment load took 2.14ms 
889        INFO  main            d.u.i.k.p.i.AbstractProblemLoader Creating init config 
2029       DEBUG main            d.u.i.k.j.TypeConverter   No LDT found for Meta 
2030       DEBUG main            d.u.i.k.j.TypeConverter   No LDT found for Meta 
2033       DEBUG main            d.u.i.k.j.TypeConverter   No LDT found for Meta 
2033       DEBUG main            d.u.i.k.j.TypeConverter   No LDT found for Meta 
3573       DEBUG main            d.u.i.k.j.TypeConverter   No LDT found for JavaBigintExpression 
9999       DEBUG main            d.u.i.k.p.i.AbstractProblemLoader Init config took 9.11s 
10238      INFO  main            d.u.i.k.p.i.AbstractProblemLoader Replaying proof SimplifiedLinkedList[SimplifiedLinkedList::remove(int)].JML normal_behavior operation contract.0 
10333      DEBUG main            d.u.i.k.p.i.IntermediateProofReplayer Proof replay took 40.1ns 
104760     INFO  main            d.u.i.k.p.r.p.TestFile    ... finished proof: closed. 
105276     INFO  main            d.u.i.k.p.i.AbstractProblemLoader Loading environment from /home/runner/work/key/key/key.core/../key.ui/examples/heap/list_seq/SimplifiedLinkedList.remove.key.proof 
105277     DEBUG main            d.u.i.k.p.i.AbstractProblemLoader Environment load took 524.9ns 
105300     INFO  main            d.u.i.k.p.i.AbstractProblemLoader Creating init config 
108960     DEBUG main            d.u.i.k.p.i.AbstractProblemLoader Init config took 3.66s 
109097     INFO  main            d.u.i.k.p.i.AbstractProblemLoader Replaying proof SimplifiedLinkedList[SimplifiedLinkedList::remove(int)].JML normal_behavior operation contract.0 
113801     DEBUG main            d.u.i.k.p.i.IntermediateProofReplayer Proof replay took 4.45s 
113820     DEBUG main            d.u.i.k.p.r.p.TestFile    ... success: reloaded. 
113822     INFO  main            d.u.i.k.p.r.p.TestFile    Now processing file /home/runner/work/key/key/key.core/../key.ui/examples/heap/list_seq/ArrayList.ArrayList.key 
113823     INFO  main            d.u.i.k.p.i.AbstractProblemLoader Loading environment from /home/runner/work/key/key/key.core/../key.ui/examples/heap/list_seq/ArrayList.ArrayList.key 
113823     DEBUG main            d.u.i.k.p.i.AbstractProblemLoader Environment load took 266.2ns 
113824     INFO  main            d.u.i.k.p.i.AbstractProblemLoader Creating init config 
117503     DEBUG main            d.u.i.k.p.i.AbstractProblemLoader Init config took 3.68s 
117594     INFO  main            d.u.i.k.p.i.AbstractProblemLoader Replaying proof ArrayList[ArrayList::ArrayList()].JML normal_behavior operation contract.0 
117597     DEBUG main            d.u.i.k.p.i.IntermediateProofReplayer Proof replay took 5.4ns 
118501     INFO  main            d.u.i.k.p.r.p.TestFile    ... finished proof: closed. 
118711     INFO  main            d.u.i.k.p.i.AbstractProblemLoader Loading environment from /home/runner/work/key/key/key.core/../key.ui/examples/heap/list_seq/ArrayList.ArrayList.key.proof 
118712     DEBUG main            d.u.i.k.p.i.AbstractProblemLoader Environment load took 903.5ns 
118714     INFO  main            d.u.i.k.p.i.AbstractProblemLoader Creating init config 
121987     DEBUG main            d.u.i.k.p.i.AbstractProblemLoader Init config took 3.27s 
122090     INFO  main            d.u.i.k.p.i.AbstractProblemLoader Replaying proof ArrayList[ArrayList::ArrayList()].JML normal_behavior operation contract.0 
122253     DEBUG main            d.u.i.k.p.i.IntermediateProofReplayer Proof replay took 156.96ms 
122255     DEBUG main            d.u.i.k.p.r.p.TestFile    ... success: reloaded. 
122256     INFO  main            d.u.i.k.p.r.p.TestFile    Now processing file /home/runner/work/key/key/key.core/../key.ui/examples/heap/list_seq/ArrayList.add.key 
122259     INFO  main            d.u.i.k.p.i.AbstractProblemLoader Loading environment from /home/runner/work/key/key/key.core/../key.ui/examples/heap/list_seq/ArrayList.add.key 
122259     DEBUG main            d.u.i.k.p.i.AbstractProblemLoader Environment load took 299.8ns 
122261     INFO  main            d.u.i.k.p.i.AbstractProblemLoader Creating init config 
125652     DEBUG main            d.u.i.k.p.i.AbstractProblemLoader Init config took 3.39s 
125735     INFO  main            d.u.i.k.p.i.AbstractProblemLoader Replaying proof ArrayList[List::add(java.lang.Object)].JML normal_behavior operation contract.0 
125737     DEBUG main            d.u.i.k.p.i.IntermediateProofReplayer Proof replay took 6ns 
129446     INFO  main            d.u.i.k.p.r.p.TestFile    ... finished proof: closed. 
129675     INFO  main            d.u.i.k.p.i.AbstractProblemLoader Loading environment from /home/runner/work/key/key/key.core/../key.ui/examples/heap/list_seq/ArrayList.add.key.proof 
129675     DEBUG main            d.u.i.k.p.i.AbstractProblemLoader Environment load took 514.2ns 
129677     INFO  main            d.u.i.k.p.i.AbstractProblemLoader Creating init config 
132944     DEBUG main            d.u.i.k.p.i.AbstractProblemLoader Init config took 3.27s 
133034     INFO  main            d.u.i.k.p.i.AbstractProblemLoader Replaying proof ArrayList[List::add(java.lang.Object)].JML normal_behavior operation contract.0 
133581     DEBUG main            d.u.i.k.p.i.IntermediateProofReplayer Proof replay took 530.81ms 
133583     DEBUG main            d.u.i.k.p.r.p.TestFile    ... success: reloaded. 
133585     INFO  main            d.u.i.k.p.r.p.TestFile    Now processing file /home/runner/work/key/key/key.core/../key.ui/examples/heap/list_seq/ArrayList.contains.key 
133585     INFO  main            d.u.i.k.p.i.AbstractProblemLoader Loading environment from /home/runner/work/key/key/key.core/../key.ui/examples/heap/list_seq/ArrayList.contains.key 
133585     DEBUG main            d.u.i.k.p.i.AbstractProblemLoader Environment load took 295ns 
133587     INFO  main            d.u.i.k.p.i.AbstractProblemLoader Creating init config 
136968     DEBUG main            d.u.i.k.p.i.AbstractProblemLoader Init config took 3.38s 
137086     INFO  main            d.u.i.k.p.i.AbstractProblemLoader Replaying proof ArrayList[List::contains(java.lang.Object)].JML normal_behavior operation contract.0 
137088     DEBUG main            d.u.i.k.p.i.IntermediateProofReplayer Proof replay took 6.1ns 
138862     INFO  main            d.u.i.k.p.r.p.TestFile    ... finished proof: closed. 
139069     INFO  main            d.u.i.k.p.i.AbstractProblemLoader Loading environment from /home/runner/work/key/key/key.core/../key.ui/examples/heap/list_seq/ArrayList.contains.key.proof 
139069     DEBUG main            d.u.i.k.p.i.AbstractProblemLoader Environment load took 513.6ns 
139071     INFO  main            d.u.i.k.p.i.AbstractProblemLoader Creating init config 
142383     DEBUG main            d.u.i.k.p.i.AbstractProblemLoader Init config took 3.31s 
142463     INFO  main            d.u.i.k.p.i.AbstractProblemLoader Replaying proof ArrayList[List::contains(java.lang.Object)].JML normal_behavior operation contract.0 
142762     DEBUG main            d.u.i.k.p.i.IntermediateProofReplayer Proof replay took 292.02ms 
142764     DEBUG main            d.u.i.k.p.r.p.TestFile    ... success: reloaded. 
142766     INFO  main            d.u.i.k.p.r.p.TestFile    Now processing file /home/runner/work/key/key/key.core/../key.ui/examples/heap/list_seq/ArrayList.enlarge.key 
142766     INFO  main            d.u.i.k.p.i.AbstractProblemLoader Loading environment from /home/runner/work/key/key/key.core/../key.ui/examples/heap/list_seq/ArrayList.enlarge.key 
142766     DEBUG main            d.u.i.k.p.i.AbstractProblemLoader Environment load took 243.2ns 
142767     INFO  main            d.u.i.k.p.i.AbstractProblemLoader Creating init config 
146050     DEBUG main            d.u.i.k.p.i.AbstractProblemLoader Init config took 3.28s 
146135     INFO  main            d.u.i.k.p.i.AbstractProblemLoader Replaying proof ArrayList[ArrayList::enlarge()].JML normal_behavior operation contract.0 
146137     DEBUG main            d.u.i.k.p.i.IntermediateProofReplayer Proof replay took 5.8ns 
148448     INFO  main            d.u.i.k.p.r.p.TestFile    ... finished proof: closed. 
148681     INFO  main            d.u.i.k.p.i.AbstractProblemLoader Loading environment from /home/runner/work/key/key/key.core/../key.ui/examples/heap/list_seq/ArrayList.enlarge.key.proof 
148681     DEBUG main            d.u.i.k.p.i.AbstractProblemLoader Environment load took 225.9ns 
148683     INFO  main            d.u.i.k.p.i.AbstractProblemLoader Creating init config 
151879     DEBUG main            d.u.i.k.p.i.AbstractProblemLoader Init config took 3.2s 
151976     INFO  main            d.u.i.k.p.i.AbstractProblemLoader Replaying proof ArrayList[ArrayList::enlarge()].JML normal_behavior operation contract.0 
152344     DEBUG main            d.u.i.k.p.i.IntermediateProofReplayer Proof replay took 359.79ms 
152346     DEBUG main            d.u.i.k.p.r.p.TestFile    ... success: reloaded. 
152347     INFO  main            d.u.i.k.p.r.p.TestFile    Now processing file /home/runner/work/key/key/key.core/../key.ui/examples/heap/list_seq/ArrayList.get.key 
152347     INFO  main            d.u.i.k.p.i.AbstractProblemLoader Loading environment from /home/runner/work/key/key/key.core/../key.ui/examples/heap/list_seq/ArrayList.get.key 
152347     DEBUG main            d.u.i.k.p.i.AbstractProblemLoader Environment load took 124.8ns 
152348     INFO  main            d.u.i.k.p.i.AbstractProblemLoader Creating init config 
155643     DEBUG main            d.u.i.k.p.i.AbstractProblemLoader Init config took 3.29s 
155721     INFO  main            d.u.i.k.p.i.AbstractProblemLoader Replaying proof ArrayList[List::get(int)].JML normal_behavior operation contract.0 
155723     DEBUG main            d.u.i.k.p.i.IntermediateProofReplayer Proof replay took 6.5ns 
156351     INFO  main            d.u.i.k.p.r.p.TestFile    ... finished proof: closed. 
156541     INFO  main            d.u.i.k.p.i.AbstractProblemLoader Loading environment from /home/runner/work/key/key/key.core/../key.ui/examples/heap/list_seq/ArrayList.get.key.proof 
156541     DEBUG main            d.u.i.k.p.i.AbstractProblemLoader Environment load took 517.9ns 
156542     INFO  main            d.u.i.k.p.i.AbstractProblemLoader Creating init config 
159737     DEBUG main            d.u.i.k.p.i.AbstractProblemLoader Init config took 3.19s 
159815     INFO  main            d.u.i.k.p.i.AbstractProblemLoader Replaying proof ArrayList[List::get(int)].JML normal_behavior operation contract.0 
159892     DEBUG main            d.u.i.k.p.i.IntermediateProofReplayer Proof replay took 71.84ms 
159893     DEBUG main            d.u.i.k.p.r.p.TestFile    ... success: reloaded. 
159894     INFO  main            d.u.i.k.p.r.p.TestFile    Now processing file /home/runner/work/key/key/key.core/../key.ui/examples/heap/list_seq/ArrayList.newArray.key 
159895     INFO  main            d.u.i.k.p.i.AbstractProblemLoader Loading environment from /home/runner/work/key/key/key.core/../key.ui/examples/heap/list_seq/ArrayList.newArray.key 
159895     DEBUG main            d.u.i.k.p.i.AbstractProblemLoader Environment load took 130.3ns 
159896     INFO  main            d.u.i.k.p.i.AbstractProblemLoader Creating init config 
163132     DEBUG main            d.u.i.k.p.i.AbstractProblemLoader Init config took 3.24s 
163208     INFO  main            d.u.i.k.p.i.AbstractProblemLoader Replaying proof ArrayList[ArrayList::newArray(int)].JML normal_behavior operation contract.0 
163209     DEBUG main            d.u.i.k.p.i.IntermediateProofReplayer Proof replay took 6.1ns 
163514     INFO  main            d.u.i.k.p.r.p.TestFile    ... finished proof: closed. 
163706     INFO  main            d.u.i.k.p.i.AbstractProblemLoader Loading environment from /home/runner/work/key/key/key.core/../key.ui/examples/heap/list_seq/ArrayList.newArray.key.proof 
163706     DEBUG main            d.u.i.k.p.i.AbstractProblemLoader Environment load took 139.6ns 
163707     INFO  main            d.u.i.k.p.i.AbstractProblemLoader Creating init config 
166836     DEBUG main            d.u.i.k.p.i.AbstractProblemLoader Init config took 3.13s 
166925     INFO  main            d.u.i.k.p.i.AbstractProblemLoader Replaying proof ArrayList[ArrayList::newArray(int)].JML normal_behavior operation contract.0 
166992     DEBUG main            d.u.i.k.p.i.IntermediateProofReplayer Proof replay took 63.33ms 
166993     DEBUG main            d.u.i.k.p.r.p.TestFile    ... success: reloaded. 
166995     INFO  main            d.u.i.k.p.r.p.TestFile    Now processing file /home/runner/work/key/key/key.core/../key.ui/examples/heap/list_seq/ArrayList.remove.0.key 
166995     INFO  main            d.u.i.k.p.i.AbstractProblemLoader Loading environment from /home/runner/work/key/key/key.core/../key.ui/examples/heap/list_seq/ArrayList.remove.0.key 
166995     DEBUG main            d.u.i.k.p.i.AbstractProblemLoader Environment load took 246.8ns 
166997     INFO  main            d.u.i.k.p.i.AbstractProblemLoader Creating init config 
170196     DEBUG main            d.u.i.k.p.i.AbstractProblemLoader Init config took 3.2s 
170271     INFO  main            d.u.i.k.p.i.AbstractProblemLoader Replaying proof ArrayList[List::remove(java.lang.Object)].JML normal_behavior operation contract.0 
170273     DEBUG main            d.u.i.k.p.i.IntermediateProofReplayer Proof replay took 6.8ns 
172382     INFO  main            d.u.i.k.p.r.p.TestFile    ... finished proof: closed. 
172612     INFO  main            d.u.i.k.p.i.AbstractProblemLoader Loading environment from /home/runner/work/key/key/key.core/../key.ui/examples/heap/list_seq/ArrayList.remove.0.key.proof 
172613     DEBUG main            d.u.i.k.p.i.AbstractProblemLoader Environment load took 572.9ns 
172614     INFO  main            d.u.i.k.p.i.AbstractProblemLoader Creating init config 
175748     DEBUG main            d.u.i.k.p.i.AbstractProblemLoader Init config took 3.13s 
175829     INFO  main            d.u.i.k.p.i.AbstractProblemLoader Replaying proof ArrayList[List::remove(java.lang.Object)].JML normal_behavior operation contract.0 
176430     DEBUG main            d.u.i.k.p.i.IntermediateProofReplayer Proof replay took 592.87ms 
176432     DEBUG main            d.u.i.k.p.r.p.TestFile    ... success: reloaded. 
176433     INFO  main            d.u.i.k.p.r.p.TestFile    Now processing file /home/runner/work/key/key/key.core/../key.ui/examples/heap/list_seq/ArrayList.remove.1.key 
176434     INFO  main            d.u.i.k.p.i.AbstractProblemLoader Loading environment from /home/runner/work/key/key/key.core/../key.ui/examples/heap/list_seq/ArrayList.remove.1.key 
176434     DEBUG main            d.u.i.k.p.i.AbstractProblemLoader Environment load took 251.7ns 
176435     INFO  main            d.u.i.k.p.i.AbstractProblemLoader Creating init config 
179663     DEBUG main            d.u.i.k.p.i.AbstractProblemLoader Init config took 3.23s 
179734     INFO  main            d.u.i.k.p.i.AbstractProblemLoader Replaying proof ArrayList[List::remove(java.lang.Object)].JML normal_behavior operation contract.1 
179737     DEBUG main            d.u.i.k.p.i.IntermediateProofReplayer Proof replay took 6.7ns 
192352     INFO  main            d.u.i.k.p.r.p.TestFile    ... finished proof: closed. 
192642     INFO  main            d.u.i.k.p.i.AbstractProblemLoader Loading environment from /home/runner/work/key/key/key.core/../key.ui/examples/heap/list_seq/ArrayList.remove.1.key.proof 
192643     DEBUG main            d.u.i.k.p.i.AbstractProblemLoader Environment load took 505.9ns 
192645     INFO  main            d.u.i.k.p.i.AbstractProblemLoader Creating init config 
195890     DEBUG main            d.u.i.k.p.i.AbstractProblemLoader Init config took 3.24s 
195974     INFO  main            d.u.i.k.p.i.AbstractProblemLoader Replaying proof ArrayList[List::remove(java.lang.Object)].JML normal_behavior operation contract.1 
197595     DEBUG main            d.u.i.k.p.i.IntermediateProofReplayer Proof replay took 1.59s 
197597     DEBUG main            d.u.i.k.p.r.p.TestFile    ... success: reloaded. 
1547265    INFO  Test worker     d.u.i.k.p.r.p.StatisticsFile Returning from test list_seq 
1547268    INFO  Test worker     d.u.i.k.p.r.p.StatisticsFile Running test observer 
405        INFO  Timeout watchdog d.u.i.k.p.r.p.ForkedTestFileRunner Timeout watcher launched (2000 secs.) 
418        WARN  main            d.u.i.k.s.ProofSettings   The settings in /home/runner/.key/proof-settings.props are *not* read. 
448        INFO  main            d.u.i.k.p.r.p.TestFile    Now processing file /home/runner/work/key/key/key.core/../key.ui/examples/heap/observer/ExampleObserver_ExampleObserver.key 
563        INFO  main            d.u.i.k.p.i.AbstractProblemLoader Loading environment from /home/runner/work/key/key/key.core/../key.ui/examples/heap/observer/ExampleObserver_ExampleObserver.key 
590        DEBUG main            d.u.i.k.p.i.AbstractProblemLoader Environment load took 2.25ms 
888        INFO  main            d.u.i.k.p.i.AbstractProblemLoader Creating init config 
2103       DEBUG main            d.u.i.k.j.TypeConverter   No LDT found for Meta 
2103       DEBUG main            d.u.i.k.j.TypeConverter   No LDT found for Meta 
2106       DEBUG main            d.u.i.k.j.TypeConverter   No LDT found for Meta 
2107       DEBUG main            d.u.i.k.j.TypeConverter   No LDT found for Meta 
3523       DEBUG main            d.u.i.k.j.TypeConverter   No LDT found for JavaBigintExpression 
9551       DEBUG main            d.u.i.k.p.i.AbstractProblemLoader Init config took 8.66s 
9700       INFO  main            d.u.i.k.p.i.AbstractProblemLoader Replaying proof ExampleObserver[ExampleObserver::ExampleObserver(ExampleSubject)].JML normal_behavior operation contract.0 
9740       DEBUG main            d.u.i.k.p.i.IntermediateProofReplayer Proof replay took 35.4ns 
10943      INFO  main            d.u.i.k.p.r.p.TestFile    ... finished proof: closed. 
11079      INFO  main            d.u.i.k.p.i.AbstractProblemLoader Loading environment from /home/runner/work/key/key/key.core/../key.ui/examples/heap/observer/ExampleObserver_ExampleObserver.key.proof 
11087      DEBUG main            d.u.i.k.p.i.AbstractProblemLoader Environment load took 7.58ms 
11089      INFO  main            d.u.i.k.p.i.AbstractProblemLoader Creating init config 
14539      DEBUG main            d.u.i.k.p.i.AbstractProblemLoader Init config took 3.45s 
14631      INFO  main            d.u.i.k.p.i.AbstractProblemLoader Replaying proof ExampleObserver[ExampleObserver::ExampleObserver(ExampleSubject)].JML normal_behavior operation contract.0 
14830      DEBUG main            d.u.i.k.p.i.IntermediateProofReplayer Proof replay took 190.3ms 
14847      DEBUG main            d.u.i.k.p.r.p.TestFile    ... success: reloaded. 
14851      INFO  main            d.u.i.k.p.r.p.TestFile    Now processing file /home/runner/work/key/key/key.core/../key.ui/examples/heap/observer/ExampleObserver_inv.key 
14853      INFO  main            d.u.i.k.p.i.AbstractProblemLoader Loading environment from /home/runner/work/key/key/key.core/../key.ui/examples/heap/observer/ExampleObserver_inv.key 
14854      DEBUG main            d.u.i.k.p.i.AbstractProblemLoader Environment load took 159.8ns 
14855      INFO  main            d.u.i.k.p.i.AbstractProblemLoader Creating init config 
18056      DEBUG main            d.u.i.k.p.i.AbstractProblemLoader Init config took 3.2s 
18124      INFO  main            d.u.i.k.p.i.AbstractProblemLoader Replaying proof ExampleObserver[java.lang.Object::<inv>()].JML accessible clause.0 
18127      DEBUG main            d.u.i.k.p.i.IntermediateProofReplayer Proof replay took 5.3ns 
18230      INFO  main            d.u.i.k.p.r.p.TestFile    ... finished proof: closed. 
18388      INFO  main            d.u.i.k.p.i.AbstractProblemLoader Loading environment from /home/runner/work/key/key/key.core/../key.ui/examples/heap/observer/ExampleObserver_inv.key.proof 
18389      DEBUG main            d.u.i.k.p.i.AbstractProblemLoader Environment load took 495.5ns 
18391      INFO  main            d.u.i.k.p.i.AbstractProblemLoader Creating init config 
21557      DEBUG main            d.u.i.k.p.i.AbstractProblemLoader Init config took 3.17s 
21633      INFO  main            d.u.i.k.p.i.AbstractProblemLoader Replaying proof ExampleObserver[java.lang.Object::<inv>()].JML accessible clause.0 
21665      DEBUG main            d.u.i.k.p.i.IntermediateProofReplayer Proof replay took 26.55ms 
21667      DEBUG main            d.u.i.k.p.r.p.TestFile    ... success: reloaded. 
21669      INFO  main            d.u.i.k.p.r.p.TestFile    Now processing file /home/runner/work/key/key/key.core/../key.ui/examples/heap/observer/ExampleObserver_subject.key 
21670      INFO  main            d.u.i.k.p.i.AbstractProblemLoader Loading environment from /home/runner/work/key/key/key.core/../key.ui/examples/heap/observer/ExampleObserver_subject.key 
21670      DEBUG main            d.u.i.k.p.i.AbstractProblemLoader Environment load took 149.3ns 
21674      INFO  main            d.u.i.k.p.i.AbstractProblemLoader Creating init config 
24754      DEBUG main            d.u.i.k.p.i.AbstractProblemLoader Init config took 3.08s 
24814      INFO  main            d.u.i.k.p.i.AbstractProblemLoader Replaying proof Observer[Observer::$subject()].JML accessible clause.0 
24816      DEBUG main            d.u.i.k.p.i.IntermediateProofReplayer Proof replay took 5.5ns 
24920      INFO  main            d.u.i.k.p.r.p.TestFile    ... finished proof: closed. 
25090      INFO  main            d.u.i.k.p.i.AbstractProblemLoader Loading environment from /home/runner/work/key/key/key.core/../key.ui/examples/heap/observer/ExampleObserver_subject.key.proof 
25090      DEBUG main            d.u.i.k.p.i.AbstractProblemLoader Environment load took 156.8ns 
25091      INFO  main            d.u.i.k.p.i.AbstractProblemLoader Creating init config 
28047      DEBUG main            d.u.i.k.p.i.AbstractProblemLoader Init config took 2.96s 
28115      INFO  main            d.u.i.k.p.i.AbstractProblemLoader Replaying proof Observer[Observer::$subject()].JML accessible clause.0 
28121      DEBUG main            d.u.i.k.p.i.IntermediateProofReplayer Proof replay took 2.68ms 
28122      DEBUG main            d.u.i.k.p.r.p.TestFile    ... success: reloaded. 
28123      INFO  main            d.u.i.k.p.r.p.TestFile    Now processing file /home/runner/work/key/key/key.core/../key.ui/examples/heap/observer/ExampleObserver_update.key 
28124      INFO  main            d.u.i.k.p.i.AbstractProblemLoader Loading environment from /home/runner/work/key/key/key.core/../key.ui/examples/heap/observer/ExampleObserver_update.key 
28124      DEBUG main            d.u.i.k.p.i.AbstractProblemLoader Environment load took 232.4ns 
28125      INFO  main            d.u.i.k.p.i.AbstractProblemLoader Creating init config 
31078      DEBUG main            d.u.i.k.p.i.AbstractProblemLoader Init config took 2.95s 
31135      INFO  main            d.u.i.k.p.i.AbstractProblemLoader Replaying proof ExampleObserver[Observer::update()].JML normal_behavior operation contract.0 
31137      DEBUG main            d.u.i.k.p.i.IntermediateProofReplayer Proof replay took 5.6ns 
31541      INFO  main            d.u.i.k.p.r.p.TestFile    ... finished proof: closed. 
31726      INFO  main            d.u.i.k.p.i.AbstractProblemLoader Loading environment from /home/runner/work/key/key/key.core/../key.ui/examples/heap/observer/ExampleObserver_update.key.proof 
31727      DEBUG main            d.u.i.k.p.i.AbstractProblemLoader Environment load took 841ns 
31728      INFO  main            d.u.i.k.p.i.AbstractProblemLoader Creating init config 
34696      DEBUG main            d.u.i.k.p.i.AbstractProblemLoader Init config took 2.97s 
34755      INFO  main            d.u.i.k.p.i.AbstractProblemLoader Replaying proof ExampleObserver[Observer::update()].JML normal_behavior operation contract.0 
34836      DEBUG main            d.u.i.k.p.i.IntermediateProofReplayer Proof replay took 77.66ms 
34838      DEBUG main            d.u.i.k.p.r.p.TestFile    ... success: reloaded. 
34843      INFO  main            d.u.i.k.p.r.p.TestFile    Now processing file /home/runner/work/key/key/key.core/../key.ui/examples/heap/observer/ExampleObserver_upToDate.key 
34844      INFO  main            d.u.i.k.p.i.AbstractProblemLoader Loading environment from /home/runner/work/key/key/key.core/../key.ui/examples/heap/observer/ExampleObserver_upToDate.key 
34844      DEBUG main            d.u.i.k.p.i.AbstractProblemLoader Environment load took 309.8ns 
34846      INFO  main            d.u.i.k.p.i.AbstractProblemLoader Creating init config 
37938      DEBUG main            d.u.i.k.p.i.AbstractProblemLoader Init config took 3.09s 
37991      INFO  main            d.u.i.k.p.i.AbstractProblemLoader Replaying proof ExampleObserver[Observer::$upToDate()].JML accessible clause.0 
37993      DEBUG main            d.u.i.k.p.i.IntermediateProofReplayer Proof replay took 7ns 
38197      INFO  main            d.u.i.k.p.r.p.TestFile    ... finished proof: closed. 
38385      INFO  main            d.u.i.k.p.i.AbstractProblemLoader Loading environment from /home/runner/work/key/key/key.core/../key.ui/examples/heap/observer/ExampleObserver_upToDate.key.proof 
38387      DEBUG main            d.u.i.k.p.i.AbstractProblemLoader Environment load took 1.84ms 
38389      INFO  main            d.u.i.k.p.i.AbstractProblemLoader Creating init config 
41353      DEBUG main            d.u.i.k.p.i.AbstractProblemLoader Init config took 2.96s 
41419      INFO  main            d.u.i.k.p.i.AbstractProblemLoader Replaying proof ExampleObserver[Observer::$upToDate()].JML accessible clause.0 
41445      DEBUG main            d.u.i.k.p.i.IntermediateProofReplayer Proof replay took 22.78ms 
41446      DEBUG main            d.u.i.k.p.r.p.TestFile    ... success: reloaded. 
41448      INFO  main            d.u.i.k.p.r.p.TestFile    Now processing file /home/runner/work/key/key/key.core/../key.ui/examples/heap/observer/ExampleObserver_value.key 
41449      INFO  main            d.u.i.k.p.i.AbstractProblemLoader Loading environment from /home/runner/work/key/key/key.core/../key.ui/examples/heap/observer/ExampleObserver_value.key 
41449      DEBUG main            d.u.i.k.p.i.AbstractProblemLoader Environment load took 283.5ns 
41450      INFO  main            d.u.i.k.p.i.AbstractProblemLoader Creating init config 
44404      DEBUG main            d.u.i.k.p.i.AbstractProblemLoader Init config took 2.95s 
44456      INFO  main            d.u.i.k.p.i.AbstractProblemLoader Replaying proof ExampleObserver[ExampleObserver::value()].JML normal_behavior operation contract.0 
44458      DEBUG main            d.u.i.k.p.i.IntermediateProofReplayer Proof replay took 6.9ns 
44565      INFO  main            d.u.i.k.p.r.p.TestFile    ... finished proof: closed. 
44756      INFO  main            d.u.i.k.p.i.AbstractProblemLoader Loading environment from /home/runner/work/key/key/key.core/../key.ui/examples/heap/observer/ExampleObserver_value.key.proof 
44757      DEBUG main            d.u.i.k.p.i.AbstractProblemLoader Environment load took 130.2ns 
44758      INFO  main            d.u.i.k.p.i.AbstractProblemLoader Creating init config 
47619      DEBUG main            d.u.i.k.p.i.AbstractProblemLoader Init config took 2.86s 
47667      INFO  main            d.u.i.k.p.i.AbstractProblemLoader Replaying proof ExampleObserver[ExampleObserver::value()].JML normal_behavior operation contract.0 
47689      DEBUG main            d.u.i.k.p.i.IntermediateProofReplayer Proof replay took 20.17ms 
47690      DEBUG main            d.u.i.k.p.r.p.TestFile    ... success: reloaded. 
47691      INFO  main            d.u.i.k.p.r.p.TestFile    Now processing file /home/runner/work/key/key/key.core/../key.ui/examples/heap/observer/ExampleSubject_addObserver.key 
47692      INFO  main            d.u.i.k.p.i.AbstractProblemLoader Loading environment from /home/runner/work/key/key/key.core/../key.ui/examples/heap/observer/ExampleSubject_addObserver.key 
47692      DEBUG main            d.u.i.k.p.i.AbstractProblemLoader Environment load took 242.7ns 
47693      INFO  main            d.u.i.k.p.i.AbstractProblemLoader Creating init config 
50595      DEBUG main            d.u.i.k.p.i.AbstractProblemLoader Init config took 2.9s 
50659      INFO  main            d.u.i.k.p.i.AbstractProblemLoader Replaying proof ExampleSubject[Subject::addObserver(Observer)].JML normal_behavior operation contract.0 
50661      DEBUG main            d.u.i.k.p.i.IntermediateProofReplayer Proof replay took 6.2ns 
57326      INFO  main            d.u.i.k.p.r.p.TestFile    ... finished proof: closed. 
57600      INFO  main            d.u.i.k.p.i.AbstractProblemLoader Loading environment from /home/runner/work/key/key/key.core/../key.ui/examples/heap/observer/ExampleSubject_addObserver.key.proof 
57601      DEBUG main            d.u.i.k.p.i.AbstractProblemLoader Environment load took 566.3ns 
57603      INFO  main            d.u.i.k.p.i.AbstractProblemLoader Creating init config 
60447      DEBUG main            d.u.i.k.p.i.AbstractProblemLoader Init config took 2.84s 
60493      INFO  main            d.u.i.k.p.i.AbstractProblemLoader Replaying proof ExampleSubject[Subject::addObserver(Observer)].JML normal_behavior operation contract.0 
61379      DEBUG main            d.u.i.k.p.i.IntermediateProofReplayer Proof replay took 862.92ms 
61381      DEBUG main            d.u.i.k.p.r.p.TestFile    ... success: reloaded. 
61383      INFO  main            d.u.i.k.p.r.p.TestFile    Now processing file /home/runner/work/key/key/key.core/../key.ui/examples/heap/observer/ExampleSubject_change.key 
61383      INFO  main            d.u.i.k.p.i.AbstractProblemLoader Loading environment from /home/runner/work/key/key/key.core/../key.ui/examples/heap/observer/ExampleSubject_change.key 
61383      DEBUG main            d.u.i.k.p.i.AbstractProblemLoader Environment load took 231.2ns 
61384      INFO  main            d.u.i.k.p.i.AbstractProblemLoader Creating init config 
64275      DEBUG main            d.u.i.k.p.i.AbstractProblemLoader Init config took 2.89s 
64326      INFO  main            d.u.i.k.p.i.AbstractProblemLoader Replaying proof ExampleSubject[ExampleSubject::change()].JML normal_behavior operation contract.0 
64329      DEBUG main            d.u.i.k.p.i.IntermediateProofReplayer Proof replay took 6.8ns 
64933      INFO  main            d.u.i.k.p.r.p.TestFile    ... finished proof: closed. 
65173      INFO  main            d.u.i.k.p.i.AbstractProblemLoader Loading environment from /home/runner/work/key/key/key.core/../key.ui/examples/heap/observer/ExampleSubject_change.key.proof 
65173      DEBUG main            d.u.i.k.p.i.AbstractProblemLoader Environment load took 151.7ns 
65174      INFO  main            d.u.i.k.p.i.AbstractProblemLoader Creating init config 
68110      DEBUG main            d.u.i.k.p.i.AbstractProblemLoader Init config took 2.94s 
68154      INFO  main            d.u.i.k.p.i.AbstractProblemLoader Replaying proof ExampleSubject[ExampleSubject::change()].JML normal_behavior operation contract.0 
68267      DEBUG main            d.u.i.k.p.i.IntermediateProofReplayer Proof replay took 107.93ms 
68268      DEBUG main            d.u.i.k.p.r.p.TestFile    ... success: reloaded. 
68270      INFO  main            d.u.i.k.p.r.p.TestFile    Now processing file /home/runner/work/key/key/key.core/../key.ui/examples/heap/observer/ExampleSubject_ExampleSubject.key 
68270      INFO  main            d.u.i.k.p.i.AbstractProblemLoader Loading environment from /home/runner/work/key/key/key.core/../key.ui/examples/heap/observer/ExampleSubject_ExampleSubject.key 
68271      DEBUG main            d.u.i.k.p.i.AbstractProblemLoader Environment load took 271.2ns 
68272      INFO  main            d.u.i.k.p.i.AbstractProblemLoader Creating init config 
71096      DEBUG main            d.u.i.k.p.i.AbstractProblemLoader Init config took 2.82s 
71140      INFO  main            d.u.i.k.p.i.AbstractProblemLoader Replaying proof ExampleSubject[ExampleSubject::ExampleSubject()].JML normal_behavior operation contract.0 
71142      DEBUG main            d.u.i.k.p.i.IntermediateProofReplayer Proof replay took 6.5ns 
72347      INFO  main            d.u.i.k.p.r.p.TestFile    ... finished proof: closed. 
72576      INFO  main            d.u.i.k.p.i.AbstractProblemLoader Loading environment from /home/runner/work/key/key/key.core/../key.ui/examples/heap/observer/ExampleSubject_ExampleSubject.key.proof 
72576      DEBUG main            d.u.i.k.p.i.AbstractProblemLoader Environment load took 499ns 
72578      INFO  main            d.u.i.k.p.i.AbstractProblemLoader Creating init config 
75399      DEBUG main            d.u.i.k.p.i.AbstractProblemLoader Init config took 2.82s 
75443      INFO  main            d.u.i.k.p.i.AbstractProblemLoader Replaying proof ExampleSubject[ExampleSubject::ExampleSubject()].JML normal_behavior operation contract.0 
75687      DEBUG main            d.u.i.k.p.i.IntermediateProofReplayer Proof replay took 223.58ms 
75688      DEBUG main            d.u.i.k.p.r.p.TestFile    ... success: reloaded. 
75690      INFO  main            d.u.i.k.p.r.p.TestFile    Now processing file /home/runner/work/key/key/key.core/../key.ui/examples/heap/observer/ExampleSubject_footprint.key 
75690      INFO  main            d.u.i.k.p.i.AbstractProblemLoader Loading environment from /home/runner/work/key/key/key.core/../key.ui/examples/heap/observer/ExampleSubject_footprint.key 
75690      DEBUG main            d.u.i.k.p.i.AbstractProblemLoader Environment load took 128ns 
75691      INFO  main            d.u.i.k.p.i.AbstractProblemLoader Creating init config 
78598      DEBUG main            d.u.i.k.p.i.AbstractProblemLoader Init config took 2.91s 
78641      INFO  main            d.u.i.k.p.i.AbstractProblemLoader Replaying proof ExampleSubject[Subject::$footprint()].JML accessible clause.0 
78642      DEBUG main            d.u.i.k.p.i.IntermediateProofReplayer Proof replay took 6.5ns 
78848      INFO  main            d.u.i.k.p.r.p.TestFile    ... finished proof: closed. 
79040      INFO  main            d.u.i.k.p.i.AbstractProblemLoader Loading environment from /home/runner/work/key/key/key.core/../key.ui/examples/heap/observer/ExampleSubject_footprint.key.proof 
79040      DEBUG main            d.u.i.k.p.i.AbstractProblemLoader Environment load took 133.2ns 
79042      INFO  main            d.u.i.k.p.i.AbstractProblemLoader Creating init config 
81937      DEBUG main            d.u.i.k.p.i.AbstractProblemLoader Init config took 2.9s 
81990      INFO  main            d.u.i.k.p.i.AbstractProblemLoader Replaying proof ExampleSubject[Subject::$footprint()].JML accessible clause.0 
82016      DEBUG main            d.u.i.k.p.i.IntermediateProofReplayer Proof replay took 23.04ms 
82017      DEBUG main            d.u.i.k.p.r.p.TestFile    ... success: reloaded. 
82019      INFO  main            d.u.i.k.p.r.p.TestFile    Now processing file /home/runner/work/key/key/key.core/../key.ui/examples/heap/observer/ExampleSubject_inv.key 
82019      INFO  main            d.u.i.k.p.i.AbstractProblemLoader Loading environment from /home/runner/work/key/key/key.core/../key.ui/examples/heap/observer/ExampleSubject_inv.key 
82019      DEBUG main            d.u.i.k.p.i.AbstractProblemLoader Environment load took 201.4ns 
82020      INFO  main            d.u.i.k.p.i.AbstractProblemLoader Creating init config 
84858      DEBUG main            d.u.i.k.p.i.AbstractProblemLoader Init config took 2.84s 
84900      INFO  main            d.u.i.k.p.i.AbstractProblemLoader Replaying proof ExampleSubject[java.lang.Object::<inv>()].JML accessible clause.0 
84902      DEBUG main            d.u.i.k.p.i.IntermediateProofReplayer Proof replay took 5.9ns 
86207      INFO  main            d.u.i.k.p.r.p.TestFile    ... finished proof: closed. 
86490      INFO  main            d.u.i.k.p.i.AbstractProblemLoader Loading environment from /home/runner/work/key/key/key.core/../key.ui/examples/heap/observer/ExampleSubject_inv.key.proof 
86491      DEBUG main            d.u.i.k.p.i.AbstractProblemLoader Environment load took 150.9ns 
86492      INFO  main            d.u.i.k.p.i.AbstractProblemLoader Creating init config 
89296      DEBUG main            d.u.i.k.p.i.AbstractProblemLoader Init config took 2.8s 
89340      INFO  main            d.u.i.k.p.i.AbstractProblemLoader Replaying proof ExampleSubject[java.lang.Object::<inv>()].JML accessible clause.0 
89500      DEBUG main            d.u.i.k.p.i.IntermediateProofReplayer Proof replay took 152.1ms 
89501      DEBUG main            d.u.i.k.p.r.p.TestFile    ... success: reloaded. 
89503      INFO  main            d.u.i.k.p.r.p.TestFile    Now processing file /home/runner/work/key/key/key.core/../key.ui/examples/heap/observer/ExampleSubject_notifyObservers.key 
89503      INFO  main            d.u.i.k.p.i.AbstractProblemLoader Loading environment from /home/runner/work/key/key/key.core/../key.ui/examples/heap/observer/ExampleSubject_notifyObservers.key 
89503      DEBUG main            d.u.i.k.p.i.AbstractProblemLoader Environment load took 259.3ns 
89505      INFO  main            d.u.i.k.p.i.AbstractProblemLoader Creating init config 
92377      DEBUG main            d.u.i.k.p.i.AbstractProblemLoader Init config took 2.87s 
92426      INFO  main            d.u.i.k.p.i.AbstractProblemLoader Replaying proof Subject[Subject::notifyObservers()].JML normal_behavior operation contract.0 
92428      DEBUG main            d.u.i.k.p.i.IntermediateProofReplayer Proof replay took 7.1ns 
92532      INFO  main            d.u.i.k.p.r.p.TestFile    ... finished proof: closed. 
92760      INFO  main            d.u.i.k.p.i.AbstractProblemLoader Loading environment from /home/runner/work/key/key/key.core/../key.ui/examples/heap/observer/ExampleSubject_notifyObservers.key.proof 
92761      DEBUG main            d.u.i.k.p.i.AbstractProblemLoader Environment load took 135.5ns 
92762      INFO  main            d.u.i.k.p.i.AbstractProblemLoader Creating init config 
95531      DEBUG main            d.u.i.k.p.i.AbstractProblemLoader Init config took 2.77s 
95585      INFO  main            d.u.i.k.p.i.AbstractProblemLoader Replaying proof Subject[Subject::notifyObservers()].JML normal_behavior operation contract.0 
95590      DEBUG main            d.u.i.k.p.i.IntermediateProofReplayer Proof replay took 3.18ms 
95591      DEBUG main            d.u.i.k.p.r.p.TestFile    ... success: reloaded. 
95592      INFO  main            d.u.i.k.p.r.p.TestFile    Now processing file /home/runner/work/key/key/key.core/../key.ui/examples/heap/observer/ExampleSubject_value_dep.key 
95593      INFO  main            d.u.i.k.p.i.AbstractProblemLoader Loading environment from /home/runner/work/key/key/key.core/../key.ui/examples/heap/observer/ExampleSubject_value_dep.key 
95593      DEBUG main            d.u.i.k.p.i.AbstractProblemLoader Environment load took 161.6ns 
95594      INFO  main            d.u.i.k.p.i.AbstractProblemLoader Creating init config 
98419      DEBUG main            d.u.i.k.p.i.AbstractProblemLoader Init config took 2.83s 
98460      INFO  main            d.u.i.k.p.i.AbstractProblemLoader Replaying proof ExampleSubject[ExampleSubject::value()].JML accessible clause.0 
98462      DEBUG main            d.u.i.k.p.i.IntermediateProofReplayer Proof replay took 6.8ns 
98565      INFO  main            d.u.i.k.p.r.p.TestFile    ... finished proof: closed. 
98800      INFO  main            d.u.i.k.p.i.AbstractProblemLoader Loading environment from /home/runner/work/key/key/key.core/../key.ui/examples/heap/observer/ExampleSubject_value_dep.key.proof 
98800      DEBUG main            d.u.i.k.p.i.AbstractProblemLoader Environment load took 124.9ns 
98801      INFO  main            d.u.i.k.p.i.AbstractProblemLoader Creating init config 
101555     DEBUG main            d.u.i.k.p.i.AbstractProblemLoader Init config took 2.75s 
101595     INFO  main            d.u.i.k.p.i.AbstractProblemLoader Replaying proof ExampleSubject[ExampleSubject::value()].JML accessible clause.0 
101613     DEBUG main            d.u.i.k.p.i.IntermediateProofReplayer Proof replay took 15.61ms 
101614     DEBUG main            d.u.i.k.p.r.p.TestFile    ... success: reloaded. 
101615     INFO  main            d.u.i.k.p.r.p.TestFile    Now processing file /home/runner/work/key/key/key.core/../key.ui/examples/heap/observer/ExampleSubject_value.key 
101616     INFO  main            d.u.i.k.p.i.AbstractProblemLoader Loading environment from /home/runner/work/key/key/key.core/../key.ui/examples/heap/observer/ExampleSubject_value.key 
101616     DEBUG main            d.u.i.k.p.i.AbstractProblemLoader Environment load took 228.9ns 
101621     INFO  main            d.u.i.k.p.i.AbstractProblemLoader Creating init config 
104538     DEBUG main            d.u.i.k.p.i.AbstractProblemLoader Init config took 2.92s 
104578     INFO  main            d.u.i.k.p.i.AbstractProblemLoader Replaying proof ExampleSubject[ExampleSubject::value()].JML normal_behavior operation contract.0 
104580     DEBUG main            d.u.i.k.p.i.IntermediateProofReplayer Proof replay took 6.2ns 
104681     INFO  main            d.u.i.k.p.r.p.TestFile    ... finished proof: closed. 
104931     INFO  main            d.u.i.k.p.i.AbstractProblemLoader Loading environment from /home/runner/work/key/key/key.core/../key.ui/examples/heap/observer/ExampleSubject_value.key.proof 
104931     DEBUG main            d.u.i.k.p.i.AbstractProblemLoader Environment load took 118.1ns 
104932     INFO  main            d.u.i.k.p.i.AbstractProblemLoader Creating init config 
107779     DEBUG main            d.u.i.k.p.i.AbstractProblemLoader Init config took 2.85s 
107819     INFO  main            d.u.i.k.p.i.AbstractProblemLoader Replaying proof ExampleSubject[ExampleSubject::value()].JML normal_behavior operation contract.0 
107834     DEBUG main            d.u.i.k.p.i.IntermediateProofReplayer Proof replay took 12.98ms 
107835     DEBUG main            d.u.i.k.p.r.p.TestFile    ... success: reloaded. 
1655294    INFO  Test worker     d.u.i.k.p.r.p.StatisticsFile Returning from test observer 
1655297    INFO  Test worker     d.u.i.k.p.r.p.StatisticsFile Running test removeDups 
398        INFO  Timeout watchdog d.u.i.k.p.r.p.ForkedTestFileRunner Timeout watcher launched (2000 secs.) 
420        WARN  main            d.u.i.k.s.ProofSettings   The settings in /home/runner/.key/proof-settings.props are *not* read. 
457        INFO  main            d.u.i.k.p.r.p.TestFile    Now processing file /home/runner/work/key/key/key.core/../key.ui/examples/heap/removeDups/arrayPart.key 
583        INFO  main            d.u.i.k.p.i.AbstractProblemLoader Loading environment from /home/runner/work/key/key/key.core/../key.ui/examples/heap/removeDups/arrayPart.key 
601        DEBUG main            d.u.i.k.p.i.AbstractProblemLoader Environment load took 2.3ms 
842        INFO  main            d.u.i.k.p.i.AbstractProblemLoader Creating init config 
1924       DEBUG main            d.u.i.k.j.TypeConverter   No LDT found for Meta 
1924       DEBUG main            d.u.i.k.j.TypeConverter   No LDT found for Meta 
1926       DEBUG main            d.u.i.k.j.TypeConverter   No LDT found for Meta 
1926       DEBUG main            d.u.i.k.j.TypeConverter   No LDT found for Meta 
3558       DEBUG main            d.u.i.k.j.TypeConverter   No LDT found for JavaBigintExpression 
9179       DEBUG main            d.u.i.k.p.i.AbstractProblemLoader Init config took 8.33s 
9389       INFO  main            d.u.i.k.p.i.AbstractProblemLoader Replaying proof RemoveDup[RemoveDup::arrayPart([I,int)].JML normal_behavior operation contract.0 
9446       DEBUG main            d.u.i.k.p.i.IntermediateProofReplayer Proof replay took 38ns 
12622      INFO  main            d.u.i.k.p.r.p.TestFile    ... finished proof: closed. 
12818      INFO  main            d.u.i.k.p.i.AbstractProblemLoader Loading environment from /home/runner/work/key/key/key.core/../key.ui/examples/heap/removeDups/arrayPart.key.proof 
12819      DEBUG main            d.u.i.k.p.i.AbstractProblemLoader Environment load took 522.8ns 
12822      INFO  main            d.u.i.k.p.i.AbstractProblemLoader Creating init config 
16175      DEBUG main            d.u.i.k.p.i.AbstractProblemLoader Init config took 3.35s 
16279      INFO  main            d.u.i.k.p.i.AbstractProblemLoader Replaying proof RemoveDup[RemoveDup::arrayPart([I,int)].JML normal_behavior operation contract.0 
16737      DEBUG main            d.u.i.k.p.i.IntermediateProofReplayer Proof replay took 433.62ms 
16746      DEBUG main            d.u.i.k.p.r.p.TestFile    ... success: reloaded. 
16749      INFO  main            d.u.i.k.p.r.p.TestFile    Now processing file /home/runner/work/key/key/key.core/../key.ui/examples/heap/removeDups/contains.key 
16749      INFO  main            d.u.i.k.p.i.AbstractProblemLoader Loading environment from /home/runner/work/key/key/key.core/../key.ui/examples/heap/removeDups/contains.key 
16750      DEBUG main            d.u.i.k.p.i.AbstractProblemLoader Environment load took 251.4ns 
16753      INFO  main            d.u.i.k.p.i.AbstractProblemLoader Creating init config 
19888      DEBUG main            d.u.i.k.p.i.AbstractProblemLoader Init config took 3.13s 
19950      INFO  main            d.u.i.k.p.i.AbstractProblemLoader Replaying proof RemoveDup[RemoveDup::contains([I,int,int)].JML normal_behavior operation contract.0 
19952      DEBUG main            d.u.i.k.p.i.IntermediateProofReplayer Proof replay took 5.9ns 
20667      INFO  main            d.u.i.k.p.r.p.TestFile    ... finished proof: closed. 
20814      INFO  main            d.u.i.k.p.i.AbstractProblemLoader Loading environment from /home/runner/work/key/key/key.core/../key.ui/examples/heap/removeDups/contains.key.proof 
20815      DEBUG main            d.u.i.k.p.i.AbstractProblemLoader Environment load took 479.3ns 
20816      INFO  main            d.u.i.k.p.i.AbstractProblemLoader Creating init config 
23919      DEBUG main            d.u.i.k.p.i.AbstractProblemLoader Init config took 3.1s 
23973      INFO  main            d.u.i.k.p.i.AbstractProblemLoader Replaying proof RemoveDup[RemoveDup::contains([I,int,int)].JML normal_behavior operation contract.0 
24129      DEBUG main            d.u.i.k.p.i.IntermediateProofReplayer Proof replay took 150.91ms 
24130      DEBUG main            d.u.i.k.p.r.p.TestFile    ... success: reloaded. 
24132      INFO  main            d.u.i.k.p.r.p.TestFile    Now processing file /home/runner/work/key/key/key.core/../key.ui/examples/heap/removeDups/removeDup.key 
24132      INFO  main            d.u.i.k.p.i.AbstractProblemLoader Loading environment from /home/runner/work/key/key/key.core/../key.ui/examples/heap/removeDups/removeDup.key 
24132      DEBUG main            d.u.i.k.p.i.AbstractProblemLoader Environment load took 251.3ns 
24134      INFO  main            d.u.i.k.p.i.AbstractProblemLoader Creating init config 
27249      DEBUG main            d.u.i.k.p.i.AbstractProblemLoader Init config took 3.12s 
27302      INFO  main            d.u.i.k.p.i.AbstractProblemLoader Replaying proof RemoveDup[RemoveDup::removeDup([I)].JML normal_behavior operation contract.0 
27306      DEBUG main            d.u.i.k.p.i.IntermediateProofReplayer Proof replay took 5.7ns 
32983      DEBUG Thread-7        d.u.i.k.j.d.VariableSpecification Program match. Variables have different dimension (template #v0 = #vi;, source a#11[] = var;) 
56483      INFO  main            d.u.i.k.p.r.p.TestFile    ... finished proof: closed. 
56769      INFO  main            d.u.i.k.p.i.AbstractProblemLoader Loading environment from /home/runner/work/key/key/key.core/../key.ui/examples/heap/removeDups/removeDup.key.proof 
56769      DEBUG main            d.u.i.k.p.i.AbstractProblemLoader Environment load took 288.8ns 
56774      INFO  main            d.u.i.k.p.i.AbstractProblemLoader Creating init config 
59776      DEBUG main            d.u.i.k.p.i.AbstractProblemLoader Init config took 3s 
59837      INFO  main            d.u.i.k.p.i.AbstractProblemLoader Replaying proof RemoveDup[RemoveDup::removeDup([I)].JML normal_behavior operation contract.0 
61992      DEBUG main            d.u.i.k.p.i.IntermediateProofReplayer Proof replay took 2.08s 
61996      DEBUG main            d.u.i.k.p.r.p.TestFile    ... success: reloaded. 
61998      INFO  main            d.u.i.k.p.r.p.TestFile    Now processing file /home/runner/work/key/key/key.core/../key.ui/examples/heap/saddleback_search/Saddleback_search.key 
62000      INFO  main            d.u.i.k.p.i.AbstractProblemLoader Loading environment from /home/runner/work/key/key/key.core/../key.ui/examples/heap/saddleback_search/Saddleback_search.key 
62000      DEBUG main            d.u.i.k.p.i.AbstractProblemLoader Environment load took 276.4ns 
62001      INFO  main            d.u.i.k.p.i.AbstractProblemLoader Creating init config 
65143      DEBUG main            d.u.i.k.p.i.AbstractProblemLoader Init config took 3.14s 
65188      INFO  main            d.u.i.k.p.i.AbstractProblemLoader Replaying proof Saddleback[Saddleback::search([[I,int)].JML normal_behavior operation contract.0 
65196      DEBUG main            d.u.i.k.p.i.IntermediateProofReplayer Proof replay took 5.6ns 
154551     INFO  main            d.u.i.k.p.r.p.TestFile    ... finished proof: closed. 
154971     INFO  main            d.u.i.k.p.i.AbstractProblemLoader Loading environment from /home/runner/work/key/key/key.core/../key.ui/examples/heap/saddleback_search/Saddleback_search.key.proof 
154972     DEBUG main            d.u.i.k.p.i.AbstractProblemLoader Environment load took 548.9ns 
154985     INFO  main            d.u.i.k.p.i.AbstractProblemLoader Creating init config 
157862     DEBUG main            d.u.i.k.p.i.AbstractProblemLoader Init config took 2.88s 
157920     INFO  main            d.u.i.k.p.i.AbstractProblemLoader Replaying proof Saddleback[Saddleback::search([[I,int)].JML normal_behavior operation contract.0 
161046     DEBUG main            d.u.i.k.p.i.IntermediateProofReplayer Proof replay took 2.96s 
161097     DEBUG main            d.u.i.k.p.r.p.TestFile    ... success: reloaded. 
1817431    INFO  Test worker     d.u.i.k.p.r.p.StatisticsFile Returning from test removeDups 
1817433    INFO  Test worker     d.u.i.k.p.r.p.StatisticsFile Running test quicksort 
410        INFO  Timeout watchdog d.u.i.k.p.r.p.ForkedTestFileRunner Timeout watcher launched (2000 secs.) 
421        WARN  main            d.u.i.k.s.ProofSettings   The settings in /home/runner/.key/proof-settings.props are *not* read. 
462        INFO  main            d.u.i.k.p.r.p.TestFile    Now processing file /home/runner/work/key/key/key.core/../key.ui/examples/heap/quicksort/toplevel.key 
595        INFO  main            d.u.i.k.p.i.AbstractProblemLoader Loading environment from /home/runner/work/key/key/key.core/../key.ui/examples/heap/quicksort/toplevel.key 
613        DEBUG main            d.u.i.k.p.i.AbstractProblemLoader Environment load took 1.97ms 
897        INFO  main            d.u.i.k.p.i.AbstractProblemLoader Creating init config 
2002       DEBUG main            d.u.i.k.j.TypeConverter   No LDT found for Meta 
2003       DEBUG main            d.u.i.k.j.TypeConverter   No LDT found for Meta 
2004       DEBUG main            d.u.i.k.j.TypeConverter   No LDT found for Meta 
2004       DEBUG main            d.u.i.k.j.TypeConverter   No LDT found for Meta 
3401       DEBUG main            d.u.i.k.j.TypeConverter   No LDT found for JavaBigintExpression 
9308       DEBUG main            d.u.i.k.p.i.AbstractProblemLoader Init config took 8.41s 
9491       INFO  main            d.u.i.k.p.i.AbstractProblemLoader Replaying proof Quicksort[Quicksort::sort([I)].JML normal_behavior operation contract.0 
9538       DEBUG main            d.u.i.k.p.i.IntermediateProofReplayer Proof replay took 33.6ns 
10989      INFO  main            d.u.i.k.p.r.p.TestFile    ... finished proof: closed. 
11165      INFO  main            d.u.i.k.p.i.AbstractProblemLoader Loading environment from /home/runner/work/key/key/key.core/../key.ui/examples/heap/quicksort/toplevel.key.proof 
11165      DEBUG main            d.u.i.k.p.i.AbstractProblemLoader Environment load took 570.6ns 
11167      INFO  main            d.u.i.k.p.i.AbstractProblemLoader Creating init config 
14432      DEBUG main            d.u.i.k.p.i.AbstractProblemLoader Init config took 3.26s 
14519      INFO  main            d.u.i.k.p.i.AbstractProblemLoader Replaying proof Quicksort[Quicksort::sort([I)].JML normal_behavior operation contract.0 
14757      DEBUG main            d.u.i.k.p.i.IntermediateProofReplayer Proof replay took 229.45ms 
14765      DEBUG main            d.u.i.k.p.r.p.TestFile    ... success: reloaded. 
14768      INFO  main            d.u.i.k.p.r.p.TestFile    Now processing file /home/runner/work/key/key/key.core/../key.ui/examples/heap/quicksort/sort.key 
14768      INFO  main            d.u.i.k.p.i.AbstractProblemLoader Loading environment from /home/runner/work/key/key/key.core/../key.ui/examples/heap/quicksort/sort.key 
14769      DEBUG main            d.u.i.k.p.i.AbstractProblemLoader Environment load took 849.71ns 
14771      INFO  main            d.u.i.k.p.i.AbstractProblemLoader Creating init config 
17959      DEBUG main            d.u.i.k.p.i.AbstractProblemLoader Init config took 3.19s 
18028      INFO  main            d.u.i.k.p.i.AbstractProblemLoader Replaying proof Quicksort[Quicksort::sort([I,int,int)].JML normal_behavior operation contract.0 
18033      DEBUG main            d.u.i.k.p.i.IntermediateProofReplayer Proof replay took 7.5ns 
18071      DEBUG main            d.u.i.k.m.s.ProofScriptEngine 1: 'script 'sort.script'' 
18075      INFO  main            d.u.i.k.m.s.ProofScriptCommand Included script /home/runner/work/key/key/key.core/../key.ui/examples/heap/quicksort/sort.script 
18076      DEBUG main            d.u.i.k.m.s.ProofScriptEngine 1: 'macro autopilot-prep' 
19444      DEBUG main            d.u.i.k.m.s.ProofScriptEngine 2: 'select formula="{heapAtPre:=heap || exc:=null || heap:=heapAfter_sort_0}
   seq ...' 
19448      DEBUG main            d.u.i.k.m.s.ProofScriptEngine 3: 'macro simp-upd' 
19459      DEBUG main            d.u.i.k.m.s.ProofScriptEngine 4: 'let   @seqPre="seqDef{int u;}(0, array.length, array[u])"
    @seqSplit="seqDef ...' 
19462      DEBUG main            d.u.i.k.m.s.ProofScriptEngine 5: 'rule seqPermSym 
  formula="seqPerm(@seqSplit, @seqPre)"' 
19480      DEBUG main            d.u.i.k.m.s.ProofScriptEngine 6: 'rule seqPermSym
  formula="seqPerm(@seqSort, @seqSplit)"' 
19482      DEBUG main            d.u.i.k.m.s.ProofScriptEngine 7: 'rule seqPermSym
  formula="seqPerm(@seqSort0, @seqSort)"' 
19505      DEBUG main            d.u.i.k.m.s.ProofScriptEngine 8: 'rule seqPermTrans
  formula="seqPerm(@seqPre, @seqSplit)"' 
19507      DEBUG main            d.u.i.k.m.s.ProofScriptEngine 9: 'rule seqPermTrans
  formula="seqPerm(@seqPre, @seqSort)"' 
19512      DEBUG main            d.u.i.k.m.s.ProofScriptEngine 10: 'rule seqPermSym
  formula="seqPerm(@seqPre, @seqSort0)"' 
19514      DEBUG main            d.u.i.k.m.s.ProofScriptEngine 11: 'tryclose' 
48680      INFO  main            d.u.i.k.p.r.p.TestFile    ... finished proof: closed. 
48967      INFO  main            d.u.i.k.p.i.AbstractProblemLoader Loading environment from /home/runner/work/key/key/key.core/../key.ui/examples/heap/quicksort/sort.key.proof 
48968      DEBUG main            d.u.i.k.p.i.AbstractProblemLoader Environment load took 580.6ns 
48975      INFO  main            d.u.i.k.p.i.AbstractProblemLoader Creating init config 
52099      DEBUG main            d.u.i.k.p.i.AbstractProblemLoader Init config took 3.12s 
52154      INFO  main            d.u.i.k.p.i.AbstractProblemLoader Replaying proof Quicksort[Quicksort::sort([I,int,int)].JML normal_behavior operation contract.0 
54813      DEBUG main            d.u.i.k.p.i.IntermediateProofReplayer Proof replay took 2.54s 
54819      DEBUG main            d.u.i.k.p.r.p.TestFile    ... success: reloaded. 
54837      INFO  main            d.u.i.k.p.r.p.TestFile    Now processing file /home/runner/work/key/key/key.core/../key.ui/examples/heap/quicksort/split.key 
54837      INFO  main            d.u.i.k.p.i.AbstractProblemLoader Loading environment from /home/runner/work/key/key/key.core/../key.ui/examples/heap/quicksort/split.key 
54837      DEBUG main            d.u.i.k.p.i.AbstractProblemLoader Environment load took 96.8ns 
54838      INFO  main            d.u.i.k.p.i.AbstractProblemLoader Creating init config 
58030      DEBUG main            d.u.i.k.p.i.AbstractProblemLoader Init config took 3.19s 
58105      INFO  main            d.u.i.k.p.i.AbstractProblemLoader Replaying proof Quicksort[Quicksort::split([I,int,int)].JML normal_behavior operation contract.0 
58108      DEBUG main            d.u.i.k.p.i.IntermediateProofReplayer Proof replay took 6ns 
58109      DEBUG main            d.u.i.k.m.s.ProofScriptEngine 1: 'macro autopilot-prep' 
59426      DEBUG main            d.u.i.k.m.s.ProofScriptEngine 2: 'tryclose' 
100552     DEBUG main            d.u.i.k.m.s.ProofScriptEngine 3: 'macro simp-upd' 
100717     DEBUG main            d.u.i.k.m.s.ProofScriptEngine 4: 'rule seqPermFromSwap' 
100736     DEBUG main            d.u.i.k.m.s.ProofScriptEngine 5: 'rule andRight' 
100738     DEBUG main            d.u.i.k.m.s.ProofScriptEngine 6: 'auto' 
100764     DEBUG main            d.u.i.k.m.s.ProofScriptEngine 7: 'instantiate hide var=iv with=i_0' 
100769     DEBUG main            d.u.i.k.m.s.ProofScriptEngine 8: 'instantiate hide var=jv with=j_0' 
100771     DEBUG main            d.u.i.k.m.s.ProofScriptEngine 9: 'auto' 
107982     DEBUG main            d.u.i.k.m.s.ProofScriptEngine 10: 'macro simp-upd' 
108256     DEBUG main            d.u.i.k.m.s.ProofScriptEngine 11: 'rule seqPermFromSwap' 
108265     DEBUG main            d.u.i.k.m.s.ProofScriptEngine 12: 'rule andRight' 
108267     DEBUG main            d.u.i.k.m.s.ProofScriptEngine 13: 'auto' 
108284     DEBUG main            d.u.i.k.m.s.ProofScriptEngine 14: 'instantiate hide var=iv with=i_0' 
108288     DEBUG main            d.u.i.k.m.s.ProofScriptEngine 15: 'instantiate hide var=jv with=to' 
108290     DEBUG main            d.u.i.k.m.s.ProofScriptEngine 16: 'auto' 
113827     INFO  main            d.u.i.k.p.r.p.TestFile    ... finished proof: closed. 
114258     INFO  main            d.u.i.k.p.i.AbstractProblemLoader Loading environment from /home/runner/work/key/key/key.core/../key.ui/examples/heap/quicksort/split.key.proof 
114258     DEBUG main            d.u.i.k.p.i.AbstractProblemLoader Environment load took 496.3ns 
114269     INFO  main            d.u.i.k.p.i.AbstractProblemLoader Creating init config 
117178     DEBUG main            d.u.i.k.p.i.AbstractProblemLoader Init config took 2.91s 
117245     INFO  main            d.u.i.k.p.i.AbstractProblemLoader Replaying proof Quicksort[Quicksort::split([I,int,int)].JML normal_behavior operation contract.0 
121593     DEBUG main            d.u.i.k.p.i.IntermediateProofReplayer Proof replay took 4.12s 
121604     DEBUG main            d.u.i.k.p.r.p.TestFile    ... success: reloaded. 
1939924    INFO  Test worker     d.u.i.k.p.r.p.StatisticsFile Returning from test quicksort 
1939929    INFO  Test worker     d.u.i.k.p.r.p.StatisticsFile Running test simpleTests 
424        INFO  Timeout watchdog d.u.i.k.p.r.p.ForkedTestFileRunner Timeout watcher launched (2000 secs.) 
455        WARN  main            d.u.i.k.s.ProofSettings   The settings in /home/runner/.key/proof-settings.props are *not* read. 
495        INFO  main            d.u.i.k.p.r.p.TestFile    Now processing file /home/runner/work/key/key/key.core/../key.ui/examples/heap/simple/anonymise_datagroup.key 
636        INFO  main            d.u.i.k.p.i.AbstractProblemLoader Loading environment from /home/runner/work/key/key/key.core/../key.ui/examples/heap/simple/anonymise_datagroup.key 
656        DEBUG main            d.u.i.k.p.i.AbstractProblemLoader Environment load took 2.39ms 
952        INFO  main            d.u.i.k.p.i.AbstractProblemLoader Creating init config 
2153       DEBUG main            d.u.i.k.j.TypeConverter   No LDT found for Meta 
2154       DEBUG main            d.u.i.k.j.TypeConverter   No LDT found for Meta 
2158       DEBUG main            d.u.i.k.j.TypeConverter   No LDT found for Meta 
2158       DEBUG main            d.u.i.k.j.TypeConverter   No LDT found for Meta 
3918       DEBUG main            d.u.i.k.j.TypeConverter   No LDT found for JavaBigintExpression 
9185       DEBUG main            d.u.i.k.p.i.AbstractProblemLoader Init config took 8.23s 
9275       INFO  main            d.u.i.k.p.i.AbstractProblemLoader Replaying proof anonymise_datagroup.key 
9314       DEBUG main            d.u.i.k.p.i.IntermediateProofReplayer Proof replay took 33.7ns 
9589       INFO  main            d.u.i.k.p.r.p.TestFile    ... finished proof: closed. 
9699       INFO  main            d.u.i.k.p.i.AbstractProblemLoader Loading environment from /home/runner/work/key/key/key.core/../key.ui/examples/heap/simple/anonymise_datagroup.key.proof 
9700       DEBUG main            d.u.i.k.p.i.AbstractProblemLoader Environment load took 540ns 
9705       INFO  main            d.u.i.k.p.i.AbstractProblemLoader Creating init config 
12542      DEBUG main            d.u.i.k.p.i.AbstractProblemLoader Init config took 2.84s 
12598      INFO  main            d.u.i.k.p.i.AbstractProblemLoader Replaying proof anonymise_datagroup.key.proof 
12623      DEBUG main            d.u.i.k.p.i.IntermediateProofReplayer Proof replay took 20.1ms 
12641      DEBUG main            d.u.i.k.p.r.p.TestFile    ... success: reloaded. 
12645      INFO  main            d.u.i.k.p.r.p.TestFile    Now processing file /home/runner/work/key/key/key.core/../key.ui/examples/heap/simple/array_creation.key 
12645      INFO  main            d.u.i.k.p.i.AbstractProblemLoader Loading environment from /home/runner/work/key/key/key.core/../key.ui/examples/heap/simple/array_creation.key 
12645      DEBUG main            d.u.i.k.p.i.AbstractProblemLoader Environment load took 241.2ns 
12650      INFO  main            d.u.i.k.p.i.AbstractProblemLoader Creating init config 
15450      DEBUG main            d.u.i.k.p.i.AbstractProblemLoader Init config took 2.8s 
15484      INFO  main            d.u.i.k.p.i.AbstractProblemLoader Replaying proof array_creation.key 
15488      DEBUG main            d.u.i.k.p.i.IntermediateProofReplayer Proof replay took 6.6ns 
16404      INFO  main            d.u.i.k.p.r.p.TestFile    ... finished proof: closed. 
16573      INFO  main            d.u.i.k.p.i.AbstractProblemLoader Loading environment from /home/runner/work/key/key/key.core/../key.ui/examples/heap/simple/array_creation.key.proof 
16576      DEBUG main            d.u.i.k.p.i.AbstractProblemLoader Environment load took 2.87ms 
16580      INFO  main            d.u.i.k.p.i.AbstractProblemLoader Creating init config 
19323      DEBUG main            d.u.i.k.p.i.AbstractProblemLoader Init config took 2.74s 
19351      INFO  main            d.u.i.k.p.i.AbstractProblemLoader Replaying proof array_creation.key.proof 
19526      DEBUG main            d.u.i.k.p.i.IntermediateProofReplayer Proof replay took 169.06ms 
19528      DEBUG main            d.u.i.k.p.r.p.TestFile    ... success: reloaded. 
19531      INFO  main            d.u.i.k.p.r.p.TestFile    Now processing file /home/runner/work/key/key/key.core/../key.ui/examples/heap/simple/arrays_with_disjoint_sorts.key 
19531      INFO  main            d.u.i.k.p.i.AbstractProblemLoader Loading environment from /home/runner/work/key/key/key.core/../key.ui/examples/heap/simple/arrays_with_disjoint_sorts.key 
19532      DEBUG main            d.u.i.k.p.i.AbstractProblemLoader Environment load took 271.1ns 
19534      INFO  main            d.u.i.k.p.i.AbstractProblemLoader Creating init config 
22253      DEBUG main            d.u.i.k.p.i.AbstractProblemLoader Init config took 2.72s 
22277      INFO  main            d.u.i.k.p.i.AbstractProblemLoader Replaying proof arrays_with_disjoint_sorts.key 
22279      DEBUG main            d.u.i.k.p.i.IntermediateProofReplayer Proof replay took 6.8ns 
22483      INFO  main            d.u.i.k.p.r.p.TestFile    ... finished proof: closed. 
22668      INFO  main            d.u.i.k.p.i.AbstractProblemLoader Loading environment from /home/runner/work/key/key/key.core/../key.ui/examples/heap/simple/arrays_with_disjoint_sorts.key.proof 
22669      DEBUG main            d.u.i.k.p.i.AbstractProblemLoader Environment load took 466.4ns 
22671      INFO  main            d.u.i.k.p.i.AbstractProblemLoader Creating init config 
25342      DEBUG main            d.u.i.k.p.i.AbstractProblemLoader Init config took 2.67s 
25365      INFO  main            d.u.i.k.p.i.AbstractProblemLoader Replaying proof arrays_with_disjoint_sorts.key.proof 
25394      DEBUG main            d.u.i.k.p.i.IntermediateProofReplayer Proof replay took 25.38ms 
25395      DEBUG main            d.u.i.k.p.r.p.TestFile    ... success: reloaded. 
25396      INFO  main            d.u.i.k.p.r.p.TestFile    Now processing file /home/runner/work/key/key/key.core/../key.ui/examples/heap/simple/arrays.key 
25396      INFO  main            d.u.i.k.p.i.AbstractProblemLoader Loading environment from /home/runner/work/key/key/key.core/../key.ui/examples/heap/simple/arrays.key 
25397      DEBUG main            d.u.i.k.p.i.AbstractProblemLoader Environment load took 224.4ns 
25398      INFO  main            d.u.i.k.p.i.AbstractProblemLoader Creating init config 
28030      DEBUG main            d.u.i.k.p.i.AbstractProblemLoader Init config took 2.63s 
28052      INFO  main            d.u.i.k.p.i.AbstractProblemLoader Replaying proof arrays.key 
28056      DEBUG main            d.u.i.k.p.i.IntermediateProofReplayer Proof replay took 6ns 
28260      INFO  main            d.u.i.k.p.r.p.TestFile    ... finished proof: closed. 
28459      INFO  main            d.u.i.k.p.i.AbstractProblemLoader Loading environment from /home/runner/work/key/key/key.core/../key.ui/examples/heap/simple/arrays.key.proof 
28460      DEBUG main            d.u.i.k.p.i.AbstractProblemLoader Environment load took 477.6ns 
28462      INFO  main            d.u.i.k.p.i.AbstractProblemLoader Creating init config 
31047      DEBUG main            d.u.i.k.p.i.AbstractProblemLoader Init config took 2.59s 
31070      INFO  main            d.u.i.k.p.i.AbstractProblemLoader Replaying proof arrays.key.proof 
31099      DEBUG main            d.u.i.k.p.i.IntermediateProofReplayer Proof replay took 24.94ms 
31100      DEBUG main            d.u.i.k.p.r.p.TestFile    ... success: reloaded. 
31102      INFO  main            d.u.i.k.p.r.p.TestFile    Now processing file /home/runner/work/key/key/key.core/../key.ui/examples/heap/simple/attributes.key 
31103      INFO  main            d.u.i.k.p.i.AbstractProblemLoader Loading environment from /home/runner/work/key/key/key.core/../key.ui/examples/heap/simple/attributes.key 
31103      DEBUG main            d.u.i.k.p.i.AbstractProblemLoader Environment load took 247ns 
31104      INFO  main            d.u.i.k.p.i.AbstractProblemLoader Creating init config 
33712      DEBUG main            d.u.i.k.p.i.AbstractProblemLoader Init config took 2.61s 
33736      INFO  main            d.u.i.k.p.i.AbstractProblemLoader Replaying proof attributes.key 
33738      DEBUG main            d.u.i.k.p.i.IntermediateProofReplayer Proof replay took 6.5ns 
33843      INFO  main            d.u.i.k.p.r.p.TestFile    ... finished proof: closed. 
34013      INFO  main            d.u.i.k.p.i.AbstractProblemLoader Loading environment from /home/runner/work/key/key/key.core/../key.ui/examples/heap/simple/attributes.key.proof 
34013      DEBUG main            d.u.i.k.p.i.AbstractProblemLoader Environment load took 138.2ns 
34017      INFO  main            d.u.i.k.p.i.AbstractProblemLoader Creating init config 
36624      DEBUG main            d.u.i.k.p.i.AbstractProblemLoader Init config took 2.61s 
36650      INFO  main            d.u.i.k.p.i.AbstractProblemLoader Replaying proof attributes.key.proof 
36656      DEBUG main            d.u.i.k.p.i.IntermediateProofReplayer Proof replay took 3.21ms 
36657      DEBUG main            d.u.i.k.p.r.p.TestFile    ... success: reloaded. 
36658      INFO  main            d.u.i.k.p.r.p.TestFile    Now processing file /home/runner/work/key/key/key.core/../key.ui/examples/heap/simple/constructor_contracts.key 
36659      INFO  main            d.u.i.k.p.i.AbstractProblemLoader Loading environment from /home/runner/work/key/key/key.core/../key.ui/examples/heap/simple/constructor_contracts.key 
36659      DEBUG main            d.u.i.k.p.i.AbstractProblemLoader Environment load took 251.9ns 
36662      INFO  main            d.u.i.k.p.i.AbstractProblemLoader Creating init config 
39808      DEBUG main            d.u.i.k.p.i.AbstractProblemLoader Init config took 3.15s 
39833      INFO  main            d.u.i.k.p.i.AbstractProblemLoader Replaying proof constructor_contracts.key 
39835      DEBUG main            d.u.i.k.p.i.IntermediateProofReplayer Proof replay took 7.2ns 
40650      INFO  main            d.u.i.k.p.r.p.TestFile    ... finished proof: closed. 
40877      INFO  main            d.u.i.k.p.i.AbstractProblemLoader Loading environment from /home/runner/work/key/key/key.core/../key.ui/examples/heap/simple/constructor_contracts.key.proof 
40877      DEBUG main            d.u.i.k.p.i.AbstractProblemLoader Environment load took 621.7ns 
40879      INFO  main            d.u.i.k.p.i.AbstractProblemLoader Creating init config 
43749      DEBUG main            d.u.i.k.p.i.AbstractProblemLoader Init config took 2.87s 
43772      INFO  main            d.u.i.k.p.i.AbstractProblemLoader Replaying proof constructor_contracts.key.proof 
43906      DEBUG main            d.u.i.k.p.i.IntermediateProofReplayer Proof replay took 129.03ms 
43909      DEBUG main            d.u.i.k.p.r.p.TestFile    ... success: reloaded. 
43911      INFO  main            d.u.i.k.p.r.p.TestFile    Now processing file /home/runner/work/key/key/key.core/../key.ui/examples/heap/simple/dependencies.key 
43911      INFO  main            d.u.i.k.p.i.AbstractProblemLoader Loading environment from /home/runner/work/key/key/key.core/../key.ui/examples/heap/simple/dependencies.key 
43911      DEBUG main            d.u.i.k.p.i.AbstractProblemLoader Environment load took 220.9ns 
43913      INFO  main            d.u.i.k.p.i.AbstractProblemLoader Creating init config 
46508      DEBUG main            d.u.i.k.p.i.AbstractProblemLoader Init config took 2.6s 
46530      INFO  main            d.u.i.k.p.i.AbstractProblemLoader Replaying proof dependencies.key 
46532      DEBUG main            d.u.i.k.p.i.IntermediateProofReplayer Proof replay took 8.4ns 
46636      INFO  main            d.u.i.k.p.r.p.TestFile    ... finished proof: closed. 
46836      INFO  main            d.u.i.k.p.i.AbstractProblemLoader Loading environment from /home/runner/work/key/key/key.core/../key.ui/examples/heap/simple/dependencies.key.proof 
46836      DEBUG main            d.u.i.k.p.i.AbstractProblemLoader Environment load took 130.1ns 
46837      INFO  main            d.u.i.k.p.i.AbstractProblemLoader Creating init config 
49469      DEBUG main            d.u.i.k.p.i.AbstractProblemLoader Init config took 2.63s 
49492      INFO  main            d.u.i.k.p.i.AbstractProblemLoader Replaying proof dependencies.key.proof 
49505      DEBUG main            d.u.i.k.p.i.IntermediateProofReplayer Proof replay took 10.03ms 
49506      DEBUG main            d.u.i.k.p.r.p.TestFile    ... success: reloaded. 
49507      INFO  main            d.u.i.k.p.r.p.TestFile    Now processing file /home/runner/work/key/key/key.core/../key.ui/examples/heap/simple/dependency_contracts.key 
49507      INFO  main            d.u.i.k.p.i.AbstractProblemLoader Loading environment from /home/runner/work/key/key/key.core/../key.ui/examples/heap/simple/dependency_contracts.key 
49507      DEBUG main            d.u.i.k.p.i.AbstractProblemLoader Environment load took 227.8ns 
49509      INFO  main            d.u.i.k.p.i.AbstractProblemLoader Creating init config 
52458      DEBUG main            d.u.i.k.p.i.AbstractProblemLoader Init config took 2.95s 
52480      INFO  main            d.u.i.k.p.i.AbstractProblemLoader Replaying proof dependency_contracts.key 
52482      DEBUG main            d.u.i.k.p.i.IntermediateProofReplayer Proof replay took 6.9ns 
53789      INFO  main            d.u.i.k.p.r.p.TestFile    ... finished proof: closed. 
54020      INFO  main            d.u.i.k.p.i.AbstractProblemLoader Loading environment from /home/runner/work/key/key/key.core/../key.ui/examples/heap/simple/dependency_contracts.key.proof 
54021      DEBUG main            d.u.i.k.p.i.AbstractProblemLoader Environment load took 1.17ms 
54024      INFO  main            d.u.i.k.p.i.AbstractProblemLoader Creating init config 
56805      DEBUG main            d.u.i.k.p.i.AbstractProblemLoader Init config took 2.78s 
56828      INFO  main            d.u.i.k.p.i.AbstractProblemLoader Replaying proof dependency_contracts.key.proof 
57058      DEBUG main            d.u.i.k.p.i.IntermediateProofReplayer Proof replay took 221.28ms 
57060      DEBUG main            d.u.i.k.p.r.p.TestFile    ... success: reloaded. 
57062      INFO  main            d.u.i.k.p.r.p.TestFile    Now processing file /home/runner/work/key/key/key.core/../key.ui/examples/heap/simple/invariant_preservation.key 
57062      INFO  main            d.u.i.k.p.i.AbstractProblemLoader Loading environment from /home/runner/work/key/key/key.core/../key.ui/examples/heap/simple/invariant_preservation.key 
57062      DEBUG main            d.u.i.k.p.i.AbstractProblemLoader Environment load took 255.7ns 
57064      INFO  main            d.u.i.k.p.i.AbstractProblemLoader Creating init config 
59996      DEBUG main            d.u.i.k.p.i.AbstractProblemLoader Init config took 2.93s 
60018      INFO  main            d.u.i.k.p.i.AbstractProblemLoader Replaying proof invariant_preservation.key 
60020      DEBUG main            d.u.i.k.p.i.IntermediateProofReplayer Proof replay took 8.2ns 
60224      INFO  main            d.u.i.k.p.r.p.TestFile    ... finished proof: closed. 
60452      INFO  main            d.u.i.k.p.i.AbstractProblemLoader Loading environment from /home/runner/work/key/key/key.core/../key.ui/examples/heap/simple/invariant_preservation.key.proof 
60452      DEBUG main            d.u.i.k.p.i.AbstractProblemLoader Environment load took 124ns 
60454      INFO  main            d.u.i.k.p.i.AbstractProblemLoader Creating init config 
63223      DEBUG main            d.u.i.k.p.i.AbstractProblemLoader Init config took 2.77s 
63244      INFO  main            d.u.i.k.p.i.AbstractProblemLoader Replaying proof invariant_preservation.key.proof 
63283      DEBUG main            d.u.i.k.p.i.IntermediateProofReplayer Proof replay took 36.1ms 
63284      DEBUG main            d.u.i.k.p.r.p.TestFile    ... success: reloaded. 
63286      INFO  main            d.u.i.k.p.r.p.TestFile    Now processing file /home/runner/work/key/key/key.core/../key.ui/examples/heap/simple/locsets.key 
63286      INFO  main            d.u.i.k.p.i.AbstractProblemLoader Loading environment from /home/runner/work/key/key/key.core/../key.ui/examples/heap/simple/locsets.key 
63287      DEBUG main            d.u.i.k.p.i.AbstractProblemLoader Environment load took 113.3ns 
63288      INFO  main            d.u.i.k.p.i.AbstractProblemLoader Creating init config 
65843      DEBUG main            d.u.i.k.p.i.AbstractProblemLoader Init config took 2.55s 
65860      INFO  main            d.u.i.k.p.i.AbstractProblemLoader Replaying proof locsets.key 
65861      DEBUG main            d.u.i.k.p.i.IntermediateProofReplayer Proof replay took 7.5ns 
65967      INFO  main            d.u.i.k.p.r.p.TestFile    ... finished proof: closed. 
66167      INFO  main            d.u.i.k.p.i.AbstractProblemLoader Loading environment from /home/runner/work/key/key/key.core/../key.ui/examples/heap/simple/locsets.key.proof 
66167      DEBUG main            d.u.i.k.p.i.AbstractProblemLoader Environment load took 129.4ns 
66168      INFO  main            d.u.i.k.p.i.AbstractProblemLoader Creating init config 
68680      DEBUG main            d.u.i.k.p.i.AbstractProblemLoader Init config took 2.51s 
68699      INFO  main            d.u.i.k.p.i.AbstractProblemLoader Replaying proof locsets.key.proof 
68703      DEBUG main            d.u.i.k.p.i.IntermediateProofReplayer Proof replay took 2.05ms 
68704      DEBUG main            d.u.i.k.p.r.p.TestFile    ... success: reloaded. 
68705      INFO  main            d.u.i.k.p.r.p.TestFile    Now processing file /home/runner/work/key/key/key.core/../key.ui/examples/heap/simple/loop1.key 
68705      INFO  main            d.u.i.k.p.i.AbstractProblemLoader Loading environment from /home/runner/work/key/key/key.core/../key.ui/examples/heap/simple/loop1.key 
68705      DEBUG main            d.u.i.k.p.i.AbstractProblemLoader Environment load took 118.6ns 
68707      INFO  main            d.u.i.k.p.i.AbstractProblemLoader Creating init config 
71460      DEBUG main            d.u.i.k.p.i.AbstractProblemLoader Init config took 2.75s 
71478      INFO  main            d.u.i.k.p.i.AbstractProblemLoader Replaying proof loop1.key 
71480      DEBUG main            d.u.i.k.p.i.IntermediateProofReplayer Proof replay took 8ns 
71703      INFO  main            d.u.i.k.p.r.p.TestFile    ... finished proof: closed. 
71908      INFO  main            d.u.i.k.p.i.AbstractProblemLoader Loading environment from /home/runner/work/key/key/key.core/../key.ui/examples/heap/simple/loop1.key.proof 
71908      DEBUG main            d.u.i.k.p.i.AbstractProblemLoader Environment load took 131ns 
71910      INFO  main            d.u.i.k.p.i.AbstractProblemLoader Creating init config 
74694      DEBUG main            d.u.i.k.p.i.AbstractProblemLoader Init config took 2.78s 
74712      INFO  main            d.u.i.k.p.i.AbstractProblemLoader Replaying proof loop1.key.proof 
74782      DEBUG main            d.u.i.k.p.i.IntermediateProofReplayer Proof replay took 68.01ms 
74784      DEBUG main            d.u.i.k.p.r.p.TestFile    ... success: reloaded. 
74785      INFO  main            d.u.i.k.p.r.p.TestFile    Now processing file /home/runner/work/key/key/key.core/../key.ui/examples/heap/simple/loop2.key 
74785      INFO  main            d.u.i.k.p.i.AbstractProblemLoader Loading environment from /home/runner/work/key/key/key.core/../key.ui/examples/heap/simple/loop2.key 
74785      DEBUG main            d.u.i.k.p.i.AbstractProblemLoader Environment load took 114.7ns 
74787      INFO  main            d.u.i.k.p.i.AbstractProblemLoader Creating init config 
77533      DEBUG main            d.u.i.k.p.i.AbstractProblemLoader Init config took 2.75s 
77550      INFO  main            d.u.i.k.p.i.AbstractProblemLoader Replaying proof loop2.key 
77553      DEBUG main            d.u.i.k.p.i.IntermediateProofReplayer Proof replay took 13.9ns 
78160      INFO  main            d.u.i.k.p.r.p.TestFile    ... finished proof: closed. 
78403      INFO  main            d.u.i.k.p.i.AbstractProblemLoader Loading environment from /home/runner/work/key/key/key.core/../key.ui/examples/heap/simple/loop2.key.proof 
78403      DEBUG main            d.u.i.k.p.i.AbstractProblemLoader Environment load took 488.9ns 
78405      INFO  main            d.u.i.k.p.i.AbstractProblemLoader Creating init config 
81130      DEBUG main            d.u.i.k.p.i.AbstractProblemLoader Init config took 2.72s 
81149      INFO  main            d.u.i.k.p.i.AbstractProblemLoader Replaying proof loop2.key.proof 
81292      DEBUG main            d.u.i.k.p.i.IntermediateProofReplayer Proof replay took 138.27ms 
81294      DEBUG main            d.u.i.k.p.r.p.TestFile    ... success: reloaded. 
81295      INFO  main            d.u.i.k.p.r.p.TestFile    Now processing file /home/runner/work/key/key/key.core/../key.ui/examples/heap/simple/modifies_datagroup.key 
81295      INFO  main            d.u.i.k.p.i.AbstractProblemLoader Loading environment from /home/runner/work/key/key/key.core/../key.ui/examples/heap/simple/modifies_datagroup.key 
81296      DEBUG main            d.u.i.k.p.i.AbstractProblemLoader Environment load took 220.1ns 
81297      INFO  main            d.u.i.k.p.i.AbstractProblemLoader Creating init config 
83869      DEBUG main            d.u.i.k.p.i.AbstractProblemLoader Init config took 2.57s 
83884      INFO  main            d.u.i.k.p.i.AbstractProblemLoader Replaying proof modifies_datagroup.key 
83886      DEBUG main            d.u.i.k.p.i.IntermediateProofReplayer Proof replay took 8ns 
83995      INFO  main            d.u.i.k.p.r.p.TestFile    ... finished proof: closed. 
84245      INFO  main            d.u.i.k.p.i.AbstractProblemLoader Loading environment from /home/runner/work/key/key/key.core/../key.ui/examples/heap/simple/modifies_datagroup.key.proof 
84245      DEBUG main            d.u.i.k.p.i.AbstractProblemLoader Environment load took 122.9ns 
84246      INFO  main            d.u.i.k.p.i.AbstractProblemLoader Creating init config 
86806      DEBUG main            d.u.i.k.p.i.AbstractProblemLoader Init config took 2.56s 
86822      INFO  main            d.u.i.k.p.i.AbstractProblemLoader Replaying proof modifies_datagroup.key.proof 
86829      DEBUG main            d.u.i.k.p.i.IntermediateProofReplayer Proof replay took 4.42ms 
86830      DEBUG main            d.u.i.k.p.r.p.TestFile    ... success: reloaded. 
86831      INFO  main            d.u.i.k.p.r.p.TestFile    Now processing file /home/runner/work/key/key/key.core/../key.ui/examples/heap/simple/modifies.key 
86831      INFO  main            d.u.i.k.p.i.AbstractProblemLoader Loading environment from /home/runner/work/key/key/key.core/../key.ui/examples/heap/simple/modifies.key 
86831      DEBUG main            d.u.i.k.p.i.AbstractProblemLoader Environment load took 228.4ns 
86833      INFO  main            d.u.i.k.p.i.AbstractProblemLoader Creating init config 
89338      DEBUG main            d.u.i.k.p.i.AbstractProblemLoader Init config took 2.5s 
89354      INFO  main            d.u.i.k.p.i.AbstractProblemLoader Replaying proof modifies.key 
89355      DEBUG main            d.u.i.k.p.i.IntermediateProofReplayer Proof replay took 7.1ns 
89458      INFO  main            d.u.i.k.p.r.p.TestFile    ... finished proof: closed. 
89689      INFO  main            d.u.i.k.p.i.AbstractProblemLoader Loading environment from /home/runner/work/key/key/key.core/../key.ui/examples/heap/simple/modifies.key.proof 
89689      DEBUG main            d.u.i.k.p.i.AbstractProblemLoader Environment load took 121.9ns 
89691      INFO  main            d.u.i.k.p.i.AbstractProblemLoader Creating init config 
92102      DEBUG main            d.u.i.k.p.i.AbstractProblemLoader Init config took 2.41s 
92117      INFO  main            d.u.i.k.p.i.AbstractProblemLoader Replaying proof modifies.key.proof 
92133      DEBUG main            d.u.i.k.p.i.IntermediateProofReplayer Proof replay took 13.97ms 
92134      DEBUG main            d.u.i.k.p.r.p.TestFile    ... success: reloaded. 
92135      INFO  main            d.u.i.k.p.r.p.TestFile    Now processing file /home/runner/work/key/key/key.core/../key.ui/examples/heap/simple/object_creation.key 
92135      INFO  main            d.u.i.k.p.i.AbstractProblemLoader Loading environment from /home/runner/work/key/key/key.core/../key.ui/examples/heap/simple/object_creation.key 
92135      DEBUG main            d.u.i.k.p.i.AbstractProblemLoader Environment load took 94.5ns 
92136      INFO  main            d.u.i.k.p.i.AbstractProblemLoader Creating init config 
94674      DEBUG main            d.u.i.k.p.i.AbstractProblemLoader Init config took 2.54s 
94689      INFO  main            d.u.i.k.p.i.AbstractProblemLoader Replaying proof object_creation.key 
94690      DEBUG main            d.u.i.k.p.i.IntermediateProofReplayer Proof replay took 7.4ns 
94896      INFO  main            d.u.i.k.p.r.p.TestFile    ... finished proof: closed. 
95136      INFO  main            d.u.i.k.p.i.AbstractProblemLoader Loading environment from /home/runner/work/key/key/key.core/../key.ui/examples/heap/simple/object_creation.key.proof 
95136      DEBUG main            d.u.i.k.p.i.AbstractProblemLoader Environment load took 124.8ns 
95138      INFO  main            d.u.i.k.p.i.AbstractProblemLoader Creating init config 
97531      DEBUG main            d.u.i.k.p.i.AbstractProblemLoader Init config took 2.39s 
97547      INFO  main            d.u.i.k.p.i.AbstractProblemLoader Replaying proof object_creation.key.proof 
97605      DEBUG main            d.u.i.k.p.i.IntermediateProofReplayer Proof replay took 54.61ms 
97606      DEBUG main            d.u.i.k.p.r.p.TestFile    ... success: reloaded. 
97607      INFO  main            d.u.i.k.p.r.p.TestFile    Now processing file /home/runner/work/key/key/key.core/../key.ui/examples/heap/simple/operation_contracts.key 
97607      INFO  main            d.u.i.k.p.i.AbstractProblemLoader Loading environment from /home/runner/work/key/key/key.core/../key.ui/examples/heap/simple/operation_contracts.key 
97608      DEBUG main            d.u.i.k.p.i.AbstractProblemLoader Environment load took 224.8ns 
97609      INFO  main            d.u.i.k.p.i.AbstractProblemLoader Creating init config 
100389     DEBUG main            d.u.i.k.p.i.AbstractProblemLoader Init config took 2.78s 
100406     INFO  main            d.u.i.k.p.i.AbstractProblemLoader Replaying proof operation_contracts.key 
100408     DEBUG main            d.u.i.k.p.i.IntermediateProofReplayer Proof replay took 8.3ns 
101314     INFO  main            d.u.i.k.p.r.p.TestFile    ... finished proof: closed. 
101586     INFO  main            d.u.i.k.p.i.AbstractProblemLoader Loading environment from /home/runner/work/key/key/key.core/../key.ui/examples/heap/simple/operation_contracts.key.proof 
101586     DEBUG main            d.u.i.k.p.i.AbstractProblemLoader Environment load took 151.9ns 
101588     INFO  main            d.u.i.k.p.i.AbstractProblemLoader Creating init config 
104335     DEBUG main            d.u.i.k.p.i.AbstractProblemLoader Init config took 2.75s 
104352     INFO  main            d.u.i.k.p.i.AbstractProblemLoader Replaying proof operation_contracts.key.proof 
104496     DEBUG main            d.u.i.k.p.i.IntermediateProofReplayer Proof replay took 137.36ms 
104498     DEBUG main            d.u.i.k.p.r.p.TestFile    ... success: reloaded. 
104500     INFO  main            d.u.i.k.p.r.p.TestFile    Now processing file /home/runner/work/key/key/key.core/../key.ui/examples/heap/simple/select_store.key 
104500     INFO  main            d.u.i.k.p.i.AbstractProblemLoader Loading environment from /home/runner/work/key/key/key.core/../key.ui/examples/heap/simple/select_store.key 
104500     DEBUG main            d.u.i.k.p.i.AbstractProblemLoader Environment load took 244.3ns 
104501     INFO  main            d.u.i.k.p.i.AbstractProblemLoader Creating init config 
107091     DEBUG main            d.u.i.k.p.i.AbstractProblemLoader Init config took 2.59s 
107107     INFO  main            d.u.i.k.p.i.AbstractProblemLoader Replaying proof select_store.key 
107108     DEBUG main            d.u.i.k.p.i.IntermediateProofReplayer Proof replay took 7.6ns 
107210     INFO  main            d.u.i.k.p.r.p.TestFile    ... finished proof: closed. 
107474     INFO  main            d.u.i.k.p.i.AbstractProblemLoader Loading environment from /home/runner/work/key/key/key.core/../key.ui/examples/heap/simple/select_store.key.proof 
107475     DEBUG main            d.u.i.k.p.i.AbstractProblemLoader Environment load took 1.26ms 
107476     INFO  main            d.u.i.k.p.i.AbstractProblemLoader Creating init config 
109904     DEBUG main            d.u.i.k.p.i.AbstractProblemLoader Init config took 2.43s 
109921     INFO  main            d.u.i.k.p.i.AbstractProblemLoader Replaying proof select_store.key.proof 
109926     DEBUG main            d.u.i.k.p.i.IntermediateProofReplayer Proof replay took 2.59ms 
109927     DEBUG main            d.u.i.k.p.r.p.TestFile    ... success: reloaded. 
109928     INFO  main            d.u.i.k.p.r.p.TestFile    Now processing file /home/runner/work/key/key/key.core/../key.ui/examples/heap/simple/selection_sort.key 
109928     INFO  main            d.u.i.k.p.i.AbstractProblemLoader Loading environment from /home/runner/work/key/key/key.core/../key.ui/examples/heap/simple/selection_sort.key 
109929     DEBUG main            d.u.i.k.p.i.AbstractProblemLoader Environment load took 217.1ns 
109930     INFO  main            d.u.i.k.p.i.AbstractProblemLoader Creating init config 
112691     DEBUG main            d.u.i.k.p.i.AbstractProblemLoader Init config took 2.76s 
112705     INFO  main            d.u.i.k.p.i.AbstractProblemLoader Replaying proof selection_sort.key 
112708     DEBUG main            d.u.i.k.p.i.IntermediateProofReplayer Proof replay took 7.7ns 
116940     INFO  main            d.u.i.k.p.r.p.TestFile    ... finished proof: closed. 
117312     INFO  main            d.u.i.k.p.i.AbstractProblemLoader Loading environment from /home/runner/work/key/key/key.core/../key.ui/examples/heap/simple/selection_sort.key.proof 
117312     DEBUG main            d.u.i.k.p.i.AbstractProblemLoader Environment load took 506.1ns 
117314     INFO  main            d.u.i.k.p.i.AbstractProblemLoader Creating init config 
119962     DEBUG main            d.u.i.k.p.i.AbstractProblemLoader Init config took 2.65s 
119977     INFO  main            d.u.i.k.p.i.AbstractProblemLoader Replaying proof selection_sort.key.proof 
120821     DEBUG main            d.u.i.k.p.i.IntermediateProofReplayer Proof replay took 813.29ms 
120823     DEBUG main            d.u.i.k.p.r.p.TestFile    ... success: reloaded. 
120827     INFO  main            d.u.i.k.p.r.p.TestFile    Now processing file /home/runner/work/key/key/key.core/../key.ui/examples/heap/simple/seq.key 
120827     INFO  main            d.u.i.k.p.i.AbstractProblemLoader Loading environment from /home/runner/work/key/key/key.core/../key.ui/examples/heap/simple/seq.key 
120827     DEBUG main            d.u.i.k.p.i.AbstractProblemLoader Environment load took 241.6ns 
120829     INFO  main            d.u.i.k.p.i.AbstractProblemLoader Creating init config 
123392     DEBUG main            d.u.i.k.p.i.AbstractProblemLoader Init config took 2.56s 
123408     INFO  main            d.u.i.k.p.i.AbstractProblemLoader Replaying proof seq.key 
123409     DEBUG main            d.u.i.k.p.i.IntermediateProofReplayer Proof replay took 7.5ns 
123816     INFO  main            d.u.i.k.p.r.p.TestFile    ... finished proof: closed. 
124176     INFO  main            d.u.i.k.p.i.AbstractProblemLoader Loading environment from /home/runner/work/key/key/key.core/../key.ui/examples/heap/simple/seq.key.proof 
124176     DEBUG main            d.u.i.k.p.i.AbstractProblemLoader Environment load took 569ns 
124178     INFO  main            d.u.i.k.p.i.AbstractProblemLoader Creating init config 
126589     DEBUG main            d.u.i.k.p.i.AbstractProblemLoader Init config took 2.41s 
126603     INFO  main            d.u.i.k.p.i.AbstractProblemLoader Replaying proof seq.key.proof 
126672     DEBUG main            d.u.i.k.p.i.IntermediateProofReplayer Proof replay took 64.22ms 
126674     DEBUG main            d.u.i.k.p.r.p.TestFile    ... success: reloaded. 
126675     INFO  main            d.u.i.k.p.r.p.TestFile    Now processing file /home/runner/work/key/key/key.core/../key.ui/examples/heap/simple/oldForParams.key 
126675     INFO  main            d.u.i.k.p.i.AbstractProblemLoader Loading environment from /home/runner/work/key/key/key.core/../key.ui/examples/heap/simple/oldForParams.key 
126675     DEBUG main            d.u.i.k.p.i.AbstractProblemLoader Environment load took 213.1ns 
126676     INFO  main            d.u.i.k.p.i.AbstractProblemLoader Creating init config 
129379     DEBUG main            d.u.i.k.p.i.AbstractProblemLoader Init config took 2.7s 
129442     INFO  main            d.u.i.k.p.i.AbstractProblemLoader Replaying proof OldForParameters[OldForParameters::method(int)].JML operation contract.0 
129444     DEBUG main            d.u.i.k.p.i.IntermediateProofReplayer Proof replay took 6.9ns 
129652     INFO  main            d.u.i.k.p.r.p.TestFile    ... finished proof: closed. 
129994     INFO  main            d.u.i.k.p.i.AbstractProblemLoader Loading environment from /home/runner/work/key/key/key.core/../key.ui/examples/heap/simple/oldForParams.key.proof 
129994     DEBUG main            d.u.i.k.p.i.AbstractProblemLoader Environment load took 112.6ns 
129995     INFO  main            d.u.i.k.p.i.AbstractProblemLoader Creating init config 
132625     DEBUG main            d.u.i.k.p.i.AbstractProblemLoader Init config took 2.63s 
132670     INFO  main            d.u.i.k.p.i.AbstractProblemLoader Replaying proof OldForParameters[OldForParameters::method(int)].JML operation contract.0 
132729     DEBUG main            d.u.i.k.p.i.IntermediateProofReplayer Proof replay took 56.32ms 
132730     DEBUG main            d.u.i.k.p.r.p.TestFile    ... success: reloaded. 
132732     INFO  main            d.u.i.k.p.r.p.TestFile    Now processing file /home/runner/work/key/key/key.core/../key.ui/examples/heap/simple/parse_lmtd.key 
132732     INFO  main            d.u.i.k.p.i.AbstractProblemLoader Loading environment from /home/runner/work/key/key/key.core/../key.ui/examples/heap/simple/parse_lmtd.key 
132732     DEBUG main            d.u.i.k.p.i.AbstractProblemLoader Environment load took 100.8ns 
132733     INFO  main            d.u.i.k.p.i.AbstractProblemLoader Creating init config 
135476     DEBUG main            d.u.i.k.p.i.AbstractProblemLoader Init config took 2.74s 
135531     INFO  main            d.u.i.k.p.i.AbstractProblemLoader Replaying proof ParseLmtd[ParseLmtd::simple(int)].JML normal_behavior operation contract.0 
135533     DEBUG main            d.u.i.k.p.i.IntermediateProofReplayer Proof replay took 7ns 
135735     INFO  main            d.u.i.k.p.r.p.TestFile    ... finished proof: closed. 
136037     INFO  main            d.u.i.k.p.i.AbstractProblemLoader Loading environment from /home/runner/work/key/key/key.core/../key.ui/examples/heap/simple/parse_lmtd.key.proof 
136037     DEBUG main            d.u.i.k.p.i.AbstractProblemLoader Environment load took 116.3ns 
136040     INFO  main            d.u.i.k.p.i.AbstractProblemLoader Creating init config 
138678     DEBUG main            d.u.i.k.p.i.AbstractProblemLoader Init config took 2.64s 
138722     INFO  main            d.u.i.k.p.i.AbstractProblemLoader Replaying proof ParseLmtd[ParseLmtd::simple(int)].JML normal_behavior operation contract.0 
138753     DEBUG main            d.u.i.k.p.i.IntermediateProofReplayer Proof replay took 28.61ms 
138754     DEBUG main            d.u.i.k.p.r.p.TestFile    ... success: reloaded. 
138755     INFO  main            d.u.i.k.p.r.p.TestFile    Now processing file /home/runner/work/key/key/key.core/../key.ui/examples/heap/strictly_pure/strictlyPureMethod.key 
138755     INFO  main            d.u.i.k.p.i.AbstractProblemLoader Loading environment from /home/runner/work/key/key/key.core/../key.ui/examples/heap/strictly_pure/strictlyPureMethod.key 
138756     DEBUG main            d.u.i.k.p.i.AbstractProblemLoader Environment load took 213.2ns 
138757     INFO  main            d.u.i.k.p.i.AbstractProblemLoader Creating init config 
141344     DEBUG main            d.u.i.k.p.i.AbstractProblemLoader Init config took 2.59s 
141385     INFO  main            d.u.i.k.p.i.AbstractProblemLoader Replaying proof StrictlyPure[StrictlyPure::strictlyPureMethod()].JML operation contract.0 
141388     DEBUG main            d.u.i.k.p.i.IntermediateProofReplayer Proof replay took 7.2ns 
141590     INFO  main            d.u.i.k.p.r.p.TestFile    ... finished proof: closed. 
141889     INFO  main            d.u.i.k.p.i.AbstractProblemLoader Loading environment from /home/runner/work/key/key/key.core/../key.ui/examples/heap/strictly_pure/strictlyPureMethod.key.proof 
141889     DEBUG main            d.u.i.k.p.i.AbstractProblemLoader Environment load took 148.7ns 
141891     INFO  main            d.u.i.k.p.i.AbstractProblemLoader Creating init config 
144426     DEBUG main            d.u.i.k.p.i.AbstractProblemLoader Init config took 2.53s 
144464     INFO  main            d.u.i.k.p.i.AbstractProblemLoader Replaying proof StrictlyPure[StrictlyPure::strictlyPureMethod()].JML operation contract.0 
144511     DEBUG main            d.u.i.k.p.i.IntermediateProofReplayer Proof replay took 44.45ms 
144512     DEBUG main            d.u.i.k.p.r.p.TestFile    ... success: reloaded. 
144513     INFO  main            d.u.i.k.p.r.p.TestFile    Now processing file /home/runner/work/key/key/key.core/../key.ui/examples/heap/strictly_pure/useStrictlyPureMethod.key 
144514     INFO  main            d.u.i.k.p.i.AbstractProblemLoader Loading environment from /home/runner/work/key/key/key.core/../key.ui/examples/heap/strictly_pure/useStrictlyPureMethod.key 
144514     DEBUG main            d.u.i.k.p.i.AbstractProblemLoader Environment load took 111.8ns 
144515     INFO  main            d.u.i.k.p.i.AbstractProblemLoader Creating init config 
147110     DEBUG main            d.u.i.k.p.i.AbstractProblemLoader Init config took 2.59s 
147152     INFO  main            d.u.i.k.p.i.AbstractProblemLoader Replaying proof StrictlyPure[StrictlyPure::useStrictlyPureMethod(StrictlyPureClass)].JML operation contract.0 
147154     DEBUG main            d.u.i.k.p.i.IntermediateProofReplayer Proof replay took 7.2ns 
147457     INFO  main            d.u.i.k.p.r.p.TestFile    ... finished proof: closed. 
147811     INFO  main            d.u.i.k.p.i.AbstractProblemLoader Loading environment from /home/runner/work/key/key/key.core/../key.ui/examples/heap/strictly_pure/useStrictlyPureMethod.key.proof 
147812     DEBUG main            d.u.i.k.p.i.AbstractProblemLoader Environment load took 113ns 
147814     INFO  main            d.u.i.k.p.i.AbstractProblemLoader Creating init config 
150320     DEBUG main            d.u.i.k.p.i.AbstractProblemLoader Init config took 2.51s 
150365     INFO  main            d.u.i.k.p.i.AbstractProblemLoader Replaying proof StrictlyPure[StrictlyPure::useStrictlyPureMethod(StrictlyPureClass)].JML operation contract.0 
150431     DEBUG main            d.u.i.k.p.i.IntermediateProofReplayer Proof replay took 63.62ms 
150432     DEBUG main            d.u.i.k.p.r.p.TestFile    ... success: reloaded. 
150433     INFO  main            d.u.i.k.p.r.p.TestFile    Now processing file /home/runner/work/key/key/key.core/../key.ui/examples/heap/Wellfounded/ackermann.key 
150434     INFO  main            d.u.i.k.p.i.AbstractProblemLoader Loading environment from /home/runner/work/key/key/key.core/../key.ui/examples/heap/Wellfounded/ackermann.key 
150434     DEBUG main            d.u.i.k.p.i.AbstractProblemLoader Environment load took 128ns 
150435     INFO  main            d.u.i.k.p.i.AbstractProblemLoader Creating init config 
152991     DEBUG main            d.u.i.k.p.i.AbstractProblemLoader Init config took 2.56s 
153030     INFO  main            d.u.i.k.p.i.AbstractProblemLoader Replaying proof Ackermann[Ackermann::a(int,int)].JML normal_behavior operation contract.0 
153032     DEBUG main            d.u.i.k.p.i.IntermediateProofReplayer Proof replay took 6.5ns 
153335     INFO  main            d.u.i.k.p.r.p.TestFile    ... finished proof: closed. 
153690     INFO  main            d.u.i.k.p.i.AbstractProblemLoader Loading environment from /home/runner/work/key/key/key.core/../key.ui/examples/heap/Wellfounded/ackermann.key.proof 
153691     DEBUG main            d.u.i.k.p.i.AbstractProblemLoader Environment load took 469.6ns 
153692     INFO  main            d.u.i.k.p.i.AbstractProblemLoader Creating init config 
156307     DEBUG main            d.u.i.k.p.i.AbstractProblemLoader Init config took 2.62s 
156344     INFO  main            d.u.i.k.p.i.AbstractProblemLoader Replaying proof Ackermann[Ackermann::a(int,int)].JML normal_behavior operation contract.0 
156428     DEBUG main            d.u.i.k.p.i.IntermediateProofReplayer Proof replay took 79.46ms 
156429     DEBUG main            d.u.i.k.p.r.p.TestFile    ... success: reloaded. 
156430     INFO  main            d.u.i.k.p.r.p.TestFile    Now processing file /home/runner/work/key/key/key.core/../key.ui/examples/standard_key/unicode_test.key 
156431     INFO  main            d.u.i.k.p.i.AbstractProblemLoader Loading environment from /home/runner/work/key/key/key.core/../key.ui/examples/standard_key/unicode_test.key 
156431     DEBUG main            d.u.i.k.p.i.AbstractProblemLoader Environment load took 213ns 
156433     INFO  main            d.u.i.k.p.i.AbstractProblemLoader Creating init config 
158923     DEBUG main            d.u.i.k.p.i.AbstractProblemLoader Init config took 2.49s 
158939     INFO  main            d.u.i.k.p.i.AbstractProblemLoader Replaying proof unicode_test.key 
158940     DEBUG main            d.u.i.k.p.i.IntermediateProofReplayer Proof replay took 6.6ns 
159042     INFO  main            d.u.i.k.p.r.p.TestFile    ... finished proof: closed. 
159356     INFO  main            d.u.i.k.p.i.AbstractProblemLoader Loading environment from /home/runner/work/key/key/key.core/../key.ui/examples/standard_key/unicode_test.key.proof 
159356     DEBUG main            d.u.i.k.p.i.AbstractProblemLoader Environment load took 116.9ns 
159357     INFO  main            d.u.i.k.p.i.AbstractProblemLoader Creating init config 
161800     DEBUG main            d.u.i.k.p.i.AbstractProblemLoader Init config took 2.44s 
161813     INFO  main            d.u.i.k.p.i.AbstractProblemLoader Replaying proof unicode_test.key.proof 
161815     DEBUG main            d.u.i.k.p.i.IntermediateProofReplayer Proof replay took 415.8ns 
161816     DEBUG main            d.u.i.k.p.r.p.TestFile    ... success: reloaded. 
161817     INFO  main            d.u.i.k.p.r.p.TestFile    Now processing file /home/runner/work/key/key/key.core/../key.ui/examples/heap/strictlyModular/mayExpand.key 
161817     INFO  main            d.u.i.k.p.i.AbstractProblemLoader Loading environment from /home/runner/work/key/key/key.core/../key.ui/examples/heap/strictlyModular/mayExpand.key 
161818     DEBUG main            d.u.i.k.p.i.AbstractProblemLoader Environment load took 356.8ns 
161819     INFO  main            d.u.i.k.p.i.AbstractProblemLoader Creating init config 
164427     DEBUG main            d.u.i.k.p.i.AbstractProblemLoader Init config took 2.61s 
164464     INFO  main            d.u.i.k.p.i.AbstractProblemLoader Replaying proof Modular[Modular::m()].JML operation contract.0 
164466     DEBUG main            d.u.i.k.p.i.IntermediateProofReplayer Proof replay took 6.5ns 
164568     INFO  main            d.u.i.k.p.r.p.TestFile    ... finished proof: closed. 
164905     INFO  main            d.u.i.k.p.i.AbstractProblemLoader Loading environment from /home/runner/work/key/key/key.core/../key.ui/examples/heap/strictlyModular/mayExpand.key.proof 
164905     DEBUG main            d.u.i.k.p.i.AbstractProblemLoader Environment load took 107.2ns 
164906     INFO  main            d.u.i.k.p.i.AbstractProblemLoader Creating init config 
167418     DEBUG main            d.u.i.k.p.i.AbstractProblemLoader Init config took 2.51s 
167455     INFO  main            d.u.i.k.p.i.AbstractProblemLoader Replaying proof Modular[Modular::m()].JML operation contract.0 
167478     DEBUG main            d.u.i.k.p.i.IntermediateProofReplayer Proof replay took 20.59ms 
167479     DEBUG main            d.u.i.k.p.r.p.TestFile    ... success: reloaded. 
167480     INFO  main            d.u.i.k.p.r.p.TestFile    Now processing file /home/runner/work/key/key/key.core/../key.ui/examples/heap/strictlyModular/modularOnly.key 
167481     INFO  main            d.u.i.k.p.i.AbstractProblemLoader Loading environment from /home/runner/work/key/key/key.core/../key.ui/examples/heap/strictlyModular/modularOnly.key 
167481     DEBUG main            d.u.i.k.p.i.AbstractProblemLoader Environment load took 217.4ns 
167482     INFO  main            d.u.i.k.p.i.AbstractProblemLoader Creating init config 
170023     DEBUG main            d.u.i.k.p.i.AbstractProblemLoader Init config took 2.54s 
170059     INFO  main            d.u.i.k.p.i.AbstractProblemLoader Replaying proof Modular[Modular::m()].JML operation contract.0 
170060     DEBUG main            d.u.i.k.p.i.IntermediateProofReplayer Proof replay took 7.2ns 
170163     INFO  main            d.u.i.k.p.r.p.TestFile    ... finished proof: open goal(s) 
2110634    INFO  Test worker     d.u.i.k.p.r.p.StatisticsFile Returning from test simpleTests 
2110643    INFO  Test worker     d.u.i.k.p.r.p.StatisticsFile Running test SmansEtAl 
407        INFO  Timeout watchdog d.u.i.k.p.r.p.ForkedTestFileRunner Timeout watcher launched (2000 secs.) 
420        WARN  main            d.u.i.k.s.ProofSettings   The settings in /home/runner/.key/proof-settings.props are *not* read. 
460        INFO  main            d.u.i.k.p.r.p.TestFile    Now processing file /home/runner/work/key/key/key.core/../key.ui/examples/heap/SmansEtAl/ArrayList_add.key 
597        INFO  main            d.u.i.k.p.i.AbstractProblemLoader Loading environment from /home/runner/work/key/key/key.core/../key.ui/examples/heap/SmansEtAl/ArrayList_add.key 
624        DEBUG main            d.u.i.k.p.i.AbstractProblemLoader Environment load took 1.78ms 
879        INFO  main            d.u.i.k.p.i.AbstractProblemLoader Creating init config 
2049       DEBUG main            d.u.i.k.j.TypeConverter   No LDT found for Meta 
2050       DEBUG main            d.u.i.k.j.TypeConverter   No LDT found for Meta 
2053       DEBUG main            d.u.i.k.j.TypeConverter   No LDT found for Meta 
2053       DEBUG main            d.u.i.k.j.TypeConverter   No LDT found for Meta 
3999       DEBUG main            d.u.i.k.j.TypeConverter   No LDT found for JavaBigintExpression 
10117      DEBUG main            d.u.i.k.p.i.AbstractProblemLoader Init config took 9.24s 
10260      INFO  main            d.u.i.k.p.i.AbstractProblemLoader Replaying proof ArrayList[ArrayList::add(java.lang.Object)].JML normal_behavior operation contract.0 
10302      DEBUG main            d.u.i.k.p.i.IntermediateProofReplayer Proof replay took 33.4ns 
18429      INFO  main            d.u.i.k.p.r.p.TestFile    ... finished proof: closed. 
18713      INFO  main            d.u.i.k.p.i.AbstractProblemLoader Loading environment from /home/runner/work/key/key/key.core/../key.ui/examples/heap/SmansEtAl/ArrayList_add.key.proof 
18714      DEBUG main            d.u.i.k.p.i.AbstractProblemLoader Environment load took 560.9ns 
18721      INFO  main            d.u.i.k.p.i.AbstractProblemLoader Creating init config 
22020      DEBUG main            d.u.i.k.p.i.AbstractProblemLoader Init config took 3.3s 
22098      INFO  main            d.u.i.k.p.i.AbstractProblemLoader Replaying proof ArrayList[ArrayList::add(java.lang.Object)].JML normal_behavior operation contract.0 
23520      DEBUG main            d.u.i.k.p.i.IntermediateProofReplayer Proof replay took 1.39s 
23530      DEBUG main            d.u.i.k.p.r.p.TestFile    ... success: reloaded. 
23532      INFO  main            d.u.i.k.p.r.p.TestFile    Now processing file /home/runner/work/key/key/key.core/../key.ui/examples/heap/SmansEtAl/ArrayList_ArrayList.key 
23532      INFO  main            d.u.i.k.p.i.AbstractProblemLoader Loading environment from /home/runner/work/key/key/key.core/../key.ui/examples/heap/SmansEtAl/ArrayList_ArrayList.key 
23533      DEBUG main            d.u.i.k.p.i.AbstractProblemLoader Environment load took 236.9ns 
23534      INFO  main            d.u.i.k.p.i.AbstractProblemLoader Creating init config 
26625      DEBUG main            d.u.i.k.p.i.AbstractProblemLoader Init config took 3.09s 
26691      INFO  main            d.u.i.k.p.i.AbstractProblemLoader Replaying proof ArrayList[ArrayList::ArrayList()].JML normal_behavior operation contract.0 
26694      DEBUG main            d.u.i.k.p.i.IntermediateProofReplayer Proof replay took 6.1ns 
27902      INFO  main            d.u.i.k.p.r.p.TestFile    ... finished proof: closed. 
28074      INFO  main            d.u.i.k.p.i.AbstractProblemLoader Loading environment from /home/runner/work/key/key/key.core/../key.ui/examples/heap/SmansEtAl/ArrayList_ArrayList.key.proof 
28075      DEBUG main            d.u.i.k.p.i.AbstractProblemLoader Environment load took 506.9ns 
28077      INFO  main            d.u.i.k.p.i.AbstractProblemLoader Creating init config 
31125      DEBUG main            d.u.i.k.p.i.AbstractProblemLoader Init config took 3.05s 
31201      INFO  main            d.u.i.k.p.i.AbstractProblemLoader Replaying proof ArrayList[ArrayList::ArrayList()].JML normal_behavior operation contract.0 
31431      DEBUG main            d.u.i.k.p.i.IntermediateProofReplayer Proof replay took 212.67ms 
31433      DEBUG main            d.u.i.k.p.r.p.TestFile    ... success: reloaded. 
31435      INFO  main            d.u.i.k.p.r.p.TestFile    Now processing file /home/runner/work/key/key/key.core/../key.ui/examples/heap/SmansEtAl/ArrayList_footprint.key 
31436      INFO  main            d.u.i.k.p.i.AbstractProblemLoader Loading environment from /home/runner/work/key/key/key.core/../key.ui/examples/heap/SmansEtAl/ArrayList_footprint.key 
31436      DEBUG main            d.u.i.k.p.i.AbstractProblemLoader Environment load took 343.3ns 
31438      INFO  main            d.u.i.k.p.i.AbstractProblemLoader Creating init config 
34530      DEBUG main            d.u.i.k.p.i.AbstractProblemLoader Init config took 3.09s 
34593      INFO  main            d.u.i.k.p.i.AbstractProblemLoader Replaying proof ArrayList[ArrayList::$footprint()].JML accessible clause.0 
34596      DEBUG main            d.u.i.k.p.i.IntermediateProofReplayer Proof replay took 7.8ns 
34698      INFO  main            d.u.i.k.p.r.p.TestFile    ... finished proof: closed. 
34892      INFO  main            d.u.i.k.p.i.AbstractProblemLoader Loading environment from /home/runner/work/key/key/key.core/../key.ui/examples/heap/SmansEtAl/ArrayList_footprint.key.proof 
34892      DEBUG main            d.u.i.k.p.i.AbstractProblemLoader Environment load took 256.8ns 
34894      INFO  main            d.u.i.k.p.i.AbstractProblemLoader Creating init config 
37805      DEBUG main            d.u.i.k.p.i.AbstractProblemLoader Init config took 2.91s 
37873      INFO  main            d.u.i.k.p.i.AbstractProblemLoader Replaying proof ArrayList[ArrayList::$footprint()].JML accessible clause.0 
37889      DEBUG main            d.u.i.k.p.i.IntermediateProofReplayer Proof replay took 13.1ms 
37890      DEBUG main            d.u.i.k.p.r.p.TestFile    ... success: reloaded. 
37892      INFO  main            d.u.i.k.p.r.p.TestFile    Now processing file /home/runner/work/key/key/key.core/../key.ui/examples/heap/SmansEtAl/ArrayList_get_dep.key 
37892      INFO  main            d.u.i.k.p.i.AbstractProblemLoader Loading environment from /home/runner/work/key/key/key.core/../key.ui/examples/heap/SmansEtAl/ArrayList_get_dep.key 
37899      DEBUG main            d.u.i.k.p.i.AbstractProblemLoader Environment load took 6.87ms 
37900      INFO  main            d.u.i.k.p.i.AbstractProblemLoader Creating init config 
40844      DEBUG main            d.u.i.k.p.i.AbstractProblemLoader Init config took 2.94s 
40894      INFO  main            d.u.i.k.p.i.AbstractProblemLoader Replaying proof ArrayList[ArrayList::get(int)].JML accessible clause.0 
40896      DEBUG main            d.u.i.k.p.i.IntermediateProofReplayer Proof replay took 5.3ns 
41201      INFO  main            d.u.i.k.p.r.p.TestFile    ... finished proof: closed. 
41393      INFO  main            d.u.i.k.p.i.AbstractProblemLoader Loading environment from /home/runner/work/key/key/key.core/../key.ui/examples/heap/SmansEtAl/ArrayList_get_dep.key.proof 
41394      DEBUG main            d.u.i.k.p.i.AbstractProblemLoader Environment load took 1.03ms 
41396      INFO  main            d.u.i.k.p.i.AbstractProblemLoader Creating init config 
44342      DEBUG main            d.u.i.k.p.i.AbstractProblemLoader Init config took 2.95s 
44390      INFO  main            d.u.i.k.p.i.AbstractProblemLoader Replaying proof ArrayList[ArrayList::get(int)].JML accessible clause.0 
44470      DEBUG main            d.u.i.k.p.i.IntermediateProofReplayer Proof replay took 75.75ms 
44471      DEBUG main            d.u.i.k.p.r.p.TestFile    ... success: reloaded. 
44472      INFO  main            d.u.i.k.p.r.p.TestFile    Now processing file /home/runner/work/key/key/key.core/../key.ui/examples/heap/SmansEtAl/ArrayList_get.key 
44473      INFO  main            d.u.i.k.p.i.AbstractProblemLoader Loading environment from /home/runner/work/key/key/key.core/../key.ui/examples/heap/SmansEtAl/ArrayList_get.key 
44473      DEBUG main            d.u.i.k.p.i.AbstractProblemLoader Environment load took 258.9ns 
44474      INFO  main            d.u.i.k.p.i.AbstractProblemLoader Creating init config 
47441      DEBUG main            d.u.i.k.p.i.AbstractProblemLoader Init config took 2.97s 
47494      INFO  main            d.u.i.k.p.i.AbstractProblemLoader Replaying proof ArrayList[ArrayList::get(int)].JML normal_behavior operation contract.0 
47496      DEBUG main            d.u.i.k.p.i.IntermediateProofReplayer Proof replay took 5.9ns 
47699      INFO  main            d.u.i.k.p.r.p.TestFile    ... finished proof: closed. 
47885      INFO  main            d.u.i.k.p.i.AbstractProblemLoader Loading environment from /home/runner/work/key/key/key.core/../key.ui/examples/heap/SmansEtAl/ArrayList_get.key.proof 
47885      DEBUG main            d.u.i.k.p.i.AbstractProblemLoader Environment load took 140.1ns 
47887      INFO  main            d.u.i.k.p.i.AbstractProblemLoader Creating init config 
50771      DEBUG main            d.u.i.k.p.i.AbstractProblemLoader Init config took 2.88s 
50817      INFO  main            d.u.i.k.p.i.AbstractProblemLoader Replaying proof ArrayList[ArrayList::get(int)].JML normal_behavior operation contract.0 
50860      DEBUG main            d.u.i.k.p.i.IntermediateProofReplayer Proof replay took 39.19ms 
50861      DEBUG main            d.u.i.k.p.r.p.TestFile    ... success: reloaded. 
50863      INFO  main            d.u.i.k.p.r.p.TestFile    Now processing file /home/runner/work/key/key/key.core/../key.ui/examples/heap/SmansEtAl/ArrayList_inv.key 
50863      INFO  main            d.u.i.k.p.i.AbstractProblemLoader Loading environment from /home/runner/work/key/key/key.core/../key.ui/examples/heap/SmansEtAl/ArrayList_inv.key 
50863      DEBUG main            d.u.i.k.p.i.AbstractProblemLoader Environment load took 204.5ns 
50864      INFO  main            d.u.i.k.p.i.AbstractProblemLoader Creating init config 
53762      DEBUG main            d.u.i.k.p.i.AbstractProblemLoader Init config took 2.9s 
53808      INFO  main            d.u.i.k.p.i.AbstractProblemLoader Replaying proof ArrayList[java.lang.Object::<inv>()].JML accessible clause.0 
53811      DEBUG main            d.u.i.k.p.i.IntermediateProofReplayer Proof replay took 6.7ns 
53913      INFO  main            d.u.i.k.p.r.p.TestFile    ... finished proof: closed. 
54122      INFO  main            d.u.i.k.p.i.AbstractProblemLoader Loading environment from /home/runner/work/key/key/key.core/../key.ui/examples/heap/SmansEtAl/ArrayList_inv.key.proof 
54122      DEBUG main            d.u.i.k.p.i.AbstractProblemLoader Environment load took 648.1ns 
54124      INFO  main            d.u.i.k.p.i.AbstractProblemLoader Creating init config 
56988      DEBUG main            d.u.i.k.p.i.AbstractProblemLoader Init config took 2.86s 
57037      INFO  main            d.u.i.k.p.i.AbstractProblemLoader Replaying proof ArrayList[java.lang.Object::<inv>()].JML accessible clause.0 
57053      DEBUG main            d.u.i.k.p.i.IntermediateProofReplayer Proof replay took 13.22ms 
57054      DEBUG main            d.u.i.k.p.r.p.TestFile    ... success: reloaded. 
57056      INFO  main            d.u.i.k.p.r.p.TestFile    Now processing file /home/runner/work/key/key/key.core/../key.ui/examples/heap/SmansEtAl/ArrayList_size_dep.key 
57056      INFO  main            d.u.i.k.p.i.AbstractProblemLoader Loading environment from /home/runner/work/key/key/key.core/../key.ui/examples/heap/SmansEtAl/ArrayList_size_dep.key 
57056      DEBUG main            d.u.i.k.p.i.AbstractProblemLoader Environment load took 223.2ns 
57057      INFO  main            d.u.i.k.p.i.AbstractProblemLoader Creating init config 
59929      DEBUG main            d.u.i.k.p.i.AbstractProblemLoader Init config took 2.87s 
59976      INFO  main            d.u.i.k.p.i.AbstractProblemLoader Replaying proof ArrayList[ArrayList::size()].JML accessible clause.0 
59978      DEBUG main            d.u.i.k.p.i.IntermediateProofReplayer Proof replay took 6.1ns 
60080      INFO  main            d.u.i.k.p.r.p.TestFile    ... finished proof: closed. 
60280      INFO  main            d.u.i.k.p.i.AbstractProblemLoader Loading environment from /home/runner/work/key/key/key.core/../key.ui/examples/heap/SmansEtAl/ArrayList_size_dep.key.proof 
60281      DEBUG main            d.u.i.k.p.i.AbstractProblemLoader Environment load took 135.4ns 
60282      INFO  main            d.u.i.k.p.i.AbstractProblemLoader Creating init config 
63053      DEBUG main            d.u.i.k.p.i.AbstractProblemLoader Init config took 2.77s 
63112      INFO  main            d.u.i.k.p.i.AbstractProblemLoader Replaying proof ArrayList[ArrayList::size()].JML accessible clause.0 
63134      DEBUG main            d.u.i.k.p.i.IntermediateProofReplayer Proof replay took 19.44ms 
63135      DEBUG main            d.u.i.k.p.r.p.TestFile    ... success: reloaded. 
63136      INFO  main            d.u.i.k.p.r.p.TestFile    Now processing file /home/runner/work/key/key/key.core/../key.ui/examples/heap/SmansEtAl/ArrayList_size.key 
63137      INFO  main            d.u.i.k.p.i.AbstractProblemLoader Loading environment from /home/runner/work/key/key/key.core/../key.ui/examples/heap/SmansEtAl/ArrayList_size.key 
63137      DEBUG main            d.u.i.k.p.i.AbstractProblemLoader Environment load took 303ns 
63138      INFO  main            d.u.i.k.p.i.AbstractProblemLoader Creating init config 
66007      DEBUG main            d.u.i.k.p.i.AbstractProblemLoader Init config took 2.87s 
66055      INFO  main            d.u.i.k.p.i.AbstractProblemLoader Replaying proof ArrayList[ArrayList::size()].JML normal_behavior operation contract.0 
66057      DEBUG main            d.u.i.k.p.i.IntermediateProofReplayer Proof replay took 6.3ns 
66160      INFO  main            d.u.i.k.p.r.p.TestFile    ... finished proof: closed. 
66354      INFO  main            d.u.i.k.p.i.AbstractProblemLoader Loading environment from /home/runner/work/key/key/key.core/../key.ui/examples/heap/SmansEtAl/ArrayList_size.key.proof 
66354      DEBUG main            d.u.i.k.p.i.AbstractProblemLoader Environment load took 126.5ns 
66355      INFO  main            d.u.i.k.p.i.AbstractProblemLoader Creating init config 
69181      DEBUG main            d.u.i.k.p.i.AbstractProblemLoader Init config took 2.83s 
69230      INFO  main            d.u.i.k.p.i.AbstractProblemLoader Replaying proof ArrayList[ArrayList::size()].JML normal_behavior operation contract.0 
69250      DEBUG main            d.u.i.k.p.i.IntermediateProofReplayer Proof replay took 16.83ms 
69251      DEBUG main            d.u.i.k.p.r.p.TestFile    ... success: reloaded. 
69253      INFO  main            d.u.i.k.p.r.p.TestFile    Now processing file /home/runner/work/key/key/key.core/../key.ui/examples/heap/SmansEtAl/Cell_Cell.key 
69253      INFO  main            d.u.i.k.p.i.AbstractProblemLoader Loading environment from /home/runner/work/key/key/key.core/../key.ui/examples/heap/SmansEtAl/Cell_Cell.key 
69254      DEBUG main            d.u.i.k.p.i.AbstractProblemLoader Environment load took 260.8ns 
69255      INFO  main            d.u.i.k.p.i.AbstractProblemLoader Creating init config 
72088      DEBUG main            d.u.i.k.p.i.AbstractProblemLoader Init config took 2.83s 
72128      INFO  main            d.u.i.k.p.i.AbstractProblemLoader Replaying proof Cell[Cell::Cell()].JML normal_behavior operation contract.0 
72130      DEBUG main            d.u.i.k.p.i.IntermediateProofReplayer Proof replay took 6.3ns 
72332      INFO  main            d.u.i.k.p.r.p.TestFile    ... finished proof: closed. 
72550      INFO  main            d.u.i.k.p.i.AbstractProblemLoader Loading environment from /home/runner/work/key/key/key.core/../key.ui/examples/heap/SmansEtAl/Cell_Cell.key.proof 
72550      DEBUG main            d.u.i.k.p.i.AbstractProblemLoader Environment load took 235ns 
72555      INFO  main            d.u.i.k.p.i.AbstractProblemLoader Creating init config 
75419      DEBUG main            d.u.i.k.p.i.AbstractProblemLoader Init config took 2.86s 
75463      INFO  main            d.u.i.k.p.i.AbstractProblemLoader Replaying proof Cell[Cell::Cell()].JML normal_behavior operation contract.0 
75514      DEBUG main            d.u.i.k.p.i.IntermediateProofReplayer Proof replay took 48.78ms 
75515      DEBUG main            d.u.i.k.p.r.p.TestFile    ... success: reloaded. 
75517      INFO  main            d.u.i.k.p.r.p.TestFile    Now processing file /home/runner/work/key/key/key.core/../key.ui/examples/heap/SmansEtAl/Cell_footprint.key 
75517      INFO  main            d.u.i.k.p.i.AbstractProblemLoader Loading environment from /home/runner/work/key/key/key.core/../key.ui/examples/heap/SmansEtAl/Cell_footprint.key 
75517      DEBUG main            d.u.i.k.p.i.AbstractProblemLoader Environment load took 152ns 
75518      INFO  main            d.u.i.k.p.i.AbstractProblemLoader Creating init config 
78429      DEBUG main            d.u.i.k.p.i.AbstractProblemLoader Init config took 2.91s 
78475      INFO  main            d.u.i.k.p.i.AbstractProblemLoader Replaying proof Cell[Cell::$footprint()].JML accessible clause.0 
78477      DEBUG main            d.u.i.k.p.i.IntermediateProofReplayer Proof replay took 7ns 
78580      INFO  main            d.u.i.k.p.r.p.TestFile    ... finished proof: closed. 
78804      INFO  main            d.u.i.k.p.i.AbstractProblemLoader Loading environment from /home/runner/work/key/key/key.core/../key.ui/examples/heap/SmansEtAl/Cell_footprint.key.proof 
78804      DEBUG main            d.u.i.k.p.i.AbstractProblemLoader Environment load took 135.1ns 
78805      INFO  main            d.u.i.k.p.i.AbstractProblemLoader Creating init config 
81622      DEBUG main            d.u.i.k.p.i.AbstractProblemLoader Init config took 2.82s 
81661      INFO  main            d.u.i.k.p.i.AbstractProblemLoader Replaying proof Cell[Cell::$footprint()].JML accessible clause.0 
81668      DEBUG main            d.u.i.k.p.i.IntermediateProofReplayer Proof replay took 5.19ms 
81669      DEBUG main            d.u.i.k.p.r.p.TestFile    ... success: reloaded. 
81671      INFO  main            d.u.i.k.p.r.p.TestFile    Now processing file /home/runner/work/key/key/key.core/../key.ui/examples/heap/SmansEtAl/Cell_getX_dep.key 
81671      INFO  main            d.u.i.k.p.i.AbstractProblemLoader Loading environment from /home/runner/work/key/key/key.core/../key.ui/examples/heap/SmansEtAl/Cell_getX_dep.key 
81672      DEBUG main            d.u.i.k.p.i.AbstractProblemLoader Environment load took 230ns 
81673      INFO  main            d.u.i.k.p.i.AbstractProblemLoader Creating init config 
84481      DEBUG main            d.u.i.k.p.i.AbstractProblemLoader Init config took 2.81s 
84521      INFO  main            d.u.i.k.p.i.AbstractProblemLoader Replaying proof Cell[Cell::getX()].JML accessible clause.0 
84523      DEBUG main            d.u.i.k.p.i.IntermediateProofReplayer Proof replay took 6.9ns 
84625      INFO  main            d.u.i.k.p.r.p.TestFile    ... finished proof: closed. 
84880      INFO  main            d.u.i.k.p.i.AbstractProblemLoader Loading environment from /home/runner/work/key/key/key.core/../key.ui/examples/heap/SmansEtAl/Cell_getX_dep.key.proof 
84880      DEBUG main            d.u.i.k.p.i.AbstractProblemLoader Environment load took 231ns 
84881      INFO  main            d.u.i.k.p.i.AbstractProblemLoader Creating init config 
87637      DEBUG main            d.u.i.k.p.i.AbstractProblemLoader Init config took 2.76s 
87675      INFO  main            d.u.i.k.p.i.AbstractProblemLoader Replaying proof Cell[Cell::getX()].JML accessible clause.0 
87693      DEBUG main            d.u.i.k.p.i.IntermediateProofReplayer Proof replay took 15.29ms 
87694      DEBUG main            d.u.i.k.p.r.p.TestFile    ... success: reloaded. 
87696      INFO  main            d.u.i.k.p.r.p.TestFile    Now processing file /home/runner/work/key/key/key.core/../key.ui/examples/heap/SmansEtAl/Cell_getX.key 
87696      INFO  main            d.u.i.k.p.i.AbstractProblemLoader Loading environment from /home/runner/work/key/key/key.core/../key.ui/examples/heap/SmansEtAl/Cell_getX.key 
87697      DEBUG main            d.u.i.k.p.i.AbstractProblemLoader Environment load took 251.3ns 
87698      INFO  main            d.u.i.k.p.i.AbstractProblemLoader Creating init config 
90552      DEBUG main            d.u.i.k.p.i.AbstractProblemLoader Init config took 2.85s 
90591      INFO  main            d.u.i.k.p.i.AbstractProblemLoader Replaying proof Cell[Cell::getX()].JML normal_behavior operation contract.0 
90593      DEBUG main            d.u.i.k.p.i.IntermediateProofReplayer Proof replay took 6.8ns 
90695      INFO  main            d.u.i.k.p.r.p.TestFile    ... finished proof: closed. 
90932      INFO  main            d.u.i.k.p.i.AbstractProblemLoader Loading environment from /home/runner/work/key/key/key.core/../key.ui/examples/heap/SmansEtAl/Cell_getX.key.proof 
90932      DEBUG main            d.u.i.k.p.i.AbstractProblemLoader Environment load took 135.6ns 
90933      INFO  main            d.u.i.k.p.i.AbstractProblemLoader Creating init config 
93793      DEBUG main            d.u.i.k.p.i.AbstractProblemLoader Init config took 2.86s 
93854      INFO  main            d.u.i.k.p.i.AbstractProblemLoader Replaying proof Cell[Cell::getX()].JML normal_behavior operation contract.0 
93870      DEBUG main            d.u.i.k.p.i.IntermediateProofReplayer Proof replay took 14.38ms 
93871      DEBUG main            d.u.i.k.p.r.p.TestFile    ... success: reloaded. 
93873      INFO  main            d.u.i.k.p.r.p.TestFile    Now processing file /home/runner/work/key/key/key.core/../key.ui/examples/heap/SmansEtAl/Cell_inv.key 
93873      INFO  main            d.u.i.k.p.i.AbstractProblemLoader Loading environment from /home/runner/work/key/key/key.core/../key.ui/examples/heap/SmansEtAl/Cell_inv.key 
93873      DEBUG main            d.u.i.k.p.i.AbstractProblemLoader Environment load took 117.5ns 
93874      INFO  main            d.u.i.k.p.i.AbstractProblemLoader Creating init config 
96761      DEBUG main            d.u.i.k.p.i.AbstractProblemLoader Init config took 2.89s 
96799      INFO  main            d.u.i.k.p.i.AbstractProblemLoader Replaying proof Cell[java.lang.Object::<inv>()].JML accessible clause.0 
96801      DEBUG main            d.u.i.k.p.i.IntermediateProofReplayer Proof replay took 7ns 
96904      INFO  main            d.u.i.k.p.r.p.TestFile    ... finished proof: closed. 
97141      INFO  main            d.u.i.k.p.i.AbstractProblemLoader Loading environment from /home/runner/work/key/key/key.core/../key.ui/examples/heap/SmansEtAl/Cell_inv.key.proof 
97141      DEBUG main            d.u.i.k.p.i.AbstractProblemLoader Environment load took 132.8ns 
97142      INFO  main            d.u.i.k.p.i.AbstractProblemLoader Creating init config 
99919      DEBUG main            d.u.i.k.p.i.AbstractProblemLoader Init config took 2.78s 
99959      INFO  main            d.u.i.k.p.i.AbstractProblemLoader Replaying proof Cell[java.lang.Object::<inv>()].JML accessible clause.0 
99963      DEBUG main            d.u.i.k.p.i.IntermediateProofReplayer Proof replay took 2.12ms 
99964      DEBUG main            d.u.i.k.p.r.p.TestFile    ... success: reloaded. 
99965      INFO  main            d.u.i.k.p.r.p.TestFile    Now processing file /home/runner/work/key/key/key.core/../key.ui/examples/heap/SmansEtAl/Cell_setX.key 
99965      INFO  main            d.u.i.k.p.i.AbstractProblemLoader Loading environment from /home/runner/work/key/key/key.core/../key.ui/examples/heap/SmansEtAl/Cell_setX.key 
99965      DEBUG main            d.u.i.k.p.i.AbstractProblemLoader Environment load took 133.9ns 
99966      INFO  main            d.u.i.k.p.i.AbstractProblemLoader Creating init config 
102895     DEBUG main            d.u.i.k.p.i.AbstractProblemLoader Init config took 2.93s 
102935     INFO  main            d.u.i.k.p.i.AbstractProblemLoader Replaying proof Cell[Cell::setX(int)].JML normal_behavior operation contract.0 
102937     DEBUG main            d.u.i.k.p.i.IntermediateProofReplayer Proof replay took 8.1ns 
103039     INFO  main            d.u.i.k.p.r.p.TestFile    ... finished proof: closed. 
103288     INFO  main            d.u.i.k.p.i.AbstractProblemLoader Loading environment from /home/runner/work/key/key/key.core/../key.ui/examples/heap/SmansEtAl/Cell_setX.key.proof 
103288     DEBUG main            d.u.i.k.p.i.AbstractProblemLoader Environment load took 120.7ns 
103289     INFO  main            d.u.i.k.p.i.AbstractProblemLoader Creating init config 
106010     DEBUG main            d.u.i.k.p.i.AbstractProblemLoader Init config took 2.72s 
106057     INFO  main            d.u.i.k.p.i.AbstractProblemLoader Replaying proof Cell[Cell::setX(int)].JML normal_behavior operation contract.0 
106083     DEBUG main            d.u.i.k.p.i.IntermediateProofReplayer Proof replay took 24.21ms 
106084     DEBUG main            d.u.i.k.p.r.p.TestFile    ... success: reloaded. 
106086     INFO  main            d.u.i.k.p.r.p.TestFile    Now processing file /home/runner/work/key/key/key.core/../key.ui/examples/heap/SmansEtAl/CellClient_m.key 
106086     INFO  main            d.u.i.k.p.i.AbstractProblemLoader Loading environment from /home/runner/work/key/key/key.core/../key.ui/examples/heap/SmansEtAl/CellClient_m.key 
106086     DEBUG main            d.u.i.k.p.i.AbstractProblemLoader Environment load took 101.5ns 
106087     INFO  main            d.u.i.k.p.i.AbstractProblemLoader Creating init config 
108862     DEBUG main            d.u.i.k.p.i.AbstractProblemLoader Init config took 2.77s 
108899     INFO  main            d.u.i.k.p.i.AbstractProblemLoader Replaying proof CellClient[CellClient::m()].JML operation contract.0 
108901     DEBUG main            d.u.i.k.p.i.IntermediateProofReplayer Proof replay took 6.6ns 
109505     INFO  main            d.u.i.k.p.r.p.TestFile    ... finished proof: closed. 
109754     INFO  main            d.u.i.k.p.i.AbstractProblemLoader Loading environment from /home/runner/work/key/key/key.core/../key.ui/examples/heap/SmansEtAl/CellClient_m.key.proof 
109755     DEBUG main            d.u.i.k.p.i.AbstractProblemLoader Environment load took 490.4ns 
109756     INFO  main            d.u.i.k.p.i.AbstractProblemLoader Creating init config 
112472     DEBUG main            d.u.i.k.p.i.AbstractProblemLoader Init config took 2.72s 
112509     INFO  main            d.u.i.k.p.i.AbstractProblemLoader Replaying proof CellClient[CellClient::m()].JML operation contract.0 
112660     DEBUG main            d.u.i.k.p.i.IntermediateProofReplayer Proof replay took 146.98ms 
112661     DEBUG main            d.u.i.k.p.r.p.TestFile    ... success: reloaded. 
112662     INFO  main            d.u.i.k.p.r.p.TestFile    Now processing file /home/runner/work/key/key/key.core/../key.ui/examples/heap/SmansEtAl/Iterator_footprint.key 
112662     INFO  main            d.u.i.k.p.i.AbstractProblemLoader Loading environment from /home/runner/work/key/key/key.core/../key.ui/examples/heap/SmansEtAl/Iterator_footprint.key 
112663     DEBUG main            d.u.i.k.p.i.AbstractProblemLoader Environment load took 133ns 
112664     INFO  main            d.u.i.k.p.i.AbstractProblemLoader Creating init config 
115633     DEBUG main            d.u.i.k.p.i.AbstractProblemLoader Init config took 2.97s 
115694     INFO  main            d.u.i.k.p.i.AbstractProblemLoader Replaying proof Iterator[Iterator::$footprint()].JML accessible clause.0 
115698     DEBUG main            d.u.i.k.p.i.IntermediateProofReplayer Proof replay took 6.1ns 
115799     INFO  main            d.u.i.k.p.r.p.TestFile    ... finished proof: closed. 
116046     INFO  main            d.u.i.k.p.i.AbstractProblemLoader Loading environment from /home/runner/work/key/key/key.core/../key.ui/examples/heap/SmansEtAl/Iterator_footprint.key.proof 
116046     DEBUG main            d.u.i.k.p.i.AbstractProblemLoader Environment load took 148.8ns 
116048     INFO  main            d.u.i.k.p.i.AbstractProblemLoader Creating init config 
118870     DEBUG main            d.u.i.k.p.i.AbstractProblemLoader Init config took 2.82s 
118920     INFO  main            d.u.i.k.p.i.AbstractProblemLoader Replaying proof Iterator[Iterator::$footprint()].JML accessible clause.0 
118929     DEBUG main            d.u.i.k.p.i.IntermediateProofReplayer Proof replay took 7.21ms 
118930     DEBUG main            d.u.i.k.p.r.p.TestFile    ... success: reloaded. 
118931     INFO  main            d.u.i.k.p.r.p.TestFile    Now processing file /home/runner/work/key/key/key.core/../key.ui/examples/heap/SmansEtAl/Iterator_hasNext_dep.key 
118932     INFO  main            d.u.i.k.p.i.AbstractProblemLoader Loading environment from /home/runner/work/key/key/key.core/../key.ui/examples/heap/SmansEtAl/Iterator_hasNext_dep.key 
118932     DEBUG main            d.u.i.k.p.i.AbstractProblemLoader Environment load took 97.8ns 
118933     INFO  main            d.u.i.k.p.i.AbstractProblemLoader Creating init config 
121704     DEBUG main            d.u.i.k.p.i.AbstractProblemLoader Init config took 2.77s 
121748     INFO  main            d.u.i.k.p.i.AbstractProblemLoader Replaying proof Iterator[Iterator::hasNext()].JML accessible clause.0 
121750     DEBUG main            d.u.i.k.p.i.IntermediateProofReplayer Proof replay took 6.8ns 
122459     INFO  main            d.u.i.k.p.r.p.TestFile    ... finished proof: closed. 
122746     INFO  main            d.u.i.k.p.i.AbstractProblemLoader Loading environment from /home/runner/work/key/key/key.core/../key.ui/examples/heap/SmansEtAl/Iterator_hasNext_dep.key.proof 
122746     DEBUG main            d.u.i.k.p.i.AbstractProblemLoader Environment load took 601.4ns 
122748     INFO  main            d.u.i.k.p.i.AbstractProblemLoader Creating init config 
125432     DEBUG main            d.u.i.k.p.i.AbstractProblemLoader Init config took 2.68s 
125472     INFO  main            d.u.i.k.p.i.AbstractProblemLoader Replaying proof Iterator[Iterator::hasNext()].JML accessible clause.0 
125586     DEBUG main            d.u.i.k.p.i.IntermediateProofReplayer Proof replay took 107.96ms 
125588     DEBUG main            d.u.i.k.p.r.p.TestFile    ... success: reloaded. 
125589     INFO  main            d.u.i.k.p.r.p.TestFile    Now processing file /home/runner/work/key/key/key.core/../key.ui/examples/heap/SmansEtAl/Iterator_hasNext.key 
125589     INFO  main            d.u.i.k.p.i.AbstractProblemLoader Loading environment from /home/runner/work/key/key/key.core/../key.ui/examples/heap/SmansEtAl/Iterator_hasNext.key 
125590     DEBUG main            d.u.i.k.p.i.AbstractProblemLoader Environment load took 355.6ns 
125591     INFO  main            d.u.i.k.p.i.AbstractProblemLoader Creating init config 
128401     DEBUG main            d.u.i.k.p.i.AbstractProblemLoader Init config took 2.81s 
128444     INFO  main            d.u.i.k.p.i.AbstractProblemLoader Replaying proof Iterator[Iterator::hasNext()].JML normal_behavior operation contract.0 
128446     DEBUG main            d.u.i.k.p.i.IntermediateProofReplayer Proof replay took 7ns 
129051     INFO  main            d.u.i.k.p.r.p.TestFile    ... finished proof: closed. 
129345     INFO  main            d.u.i.k.p.i.AbstractProblemLoader Loading environment from /home/runner/work/key/key/key.core/../key.ui/examples/heap/SmansEtAl/Iterator_hasNext.key.proof 
129345     DEBUG main            d.u.i.k.p.i.AbstractProblemLoader Environment load took 468.7ns 
129346     INFO  main            d.u.i.k.p.i.AbstractProblemLoader Creating init config 
132066     DEBUG main            d.u.i.k.p.i.AbstractProblemLoader Init config took 2.72s 
132107     INFO  main            d.u.i.k.p.i.AbstractProblemLoader Replaying proof Iterator[Iterator::hasNext()].JML normal_behavior operation contract.0 
132211     DEBUG main            d.u.i.k.p.i.IntermediateProofReplayer Proof replay took 97.95ms 
132212     DEBUG main            d.u.i.k.p.r.p.TestFile    ... success: reloaded. 
132213     INFO  main            d.u.i.k.p.r.p.TestFile    Now processing file /home/runner/work/key/key/key.core/../key.ui/examples/heap/SmansEtAl/Iterator_inv.key 
132213     INFO  main            d.u.i.k.p.i.AbstractProblemLoader Loading environment from /home/runner/work/key/key/key.core/../key.ui/examples/heap/SmansEtAl/Iterator_inv.key 
132213     DEBUG main            d.u.i.k.p.i.AbstractProblemLoader Environment load took 116.2ns 
132214     INFO  main            d.u.i.k.p.i.AbstractProblemLoader Creating init config 
135028     DEBUG main            d.u.i.k.p.i.AbstractProblemLoader Init config took 2.81s 
135069     INFO  main            d.u.i.k.p.i.AbstractProblemLoader Replaying proof Iterator[java.lang.Object::<inv>()].JML accessible clause.0 
135071     DEBUG main            d.u.i.k.p.i.IntermediateProofReplayer Proof replay took 7.3ns 
135276     INFO  main            d.u.i.k.p.r.p.TestFile    ... finished proof: closed. 
135566     INFO  main            d.u.i.k.p.i.AbstractProblemLoader Loading environment from /home/runner/work/key/key/key.core/../key.ui/examples/heap/SmansEtAl/Iterator_inv.key.proof 
135566     DEBUG main            d.u.i.k.p.i.AbstractProblemLoader Environment load took 119.1ns 
135567     INFO  main            d.u.i.k.p.i.AbstractProblemLoader Creating init config 
138241     DEBUG main            d.u.i.k.p.i.AbstractProblemLoader Init config took 2.67s 
138283     INFO  main            d.u.i.k.p.i.AbstractProblemLoader Replaying proof Iterator[java.lang.Object::<inv>()].JML accessible clause.0 
138318     DEBUG main            d.u.i.k.p.i.IntermediateProofReplayer Proof replay took 30.64ms 
138323     DEBUG main            d.u.i.k.p.r.p.TestFile    ... success: reloaded. 
138324     INFO  main            d.u.i.k.p.r.p.TestFile    Now processing file /home/runner/work/key/key/key.core/../key.ui/examples/heap/SmansEtAl/Iterator_Iterator.key 
138325     INFO  main            d.u.i.k.p.i.AbstractProblemLoader Loading environment from /home/runner/work/key/key/key.core/../key.ui/examples/heap/SmansEtAl/Iterator_Iterator.key 
138325     DEBUG main            d.u.i.k.p.i.AbstractProblemLoader Environment load took 151.7ns 
138326     INFO  main            d.u.i.k.p.i.AbstractProblemLoader Creating init config 
141133     DEBUG main            d.u.i.k.p.i.AbstractProblemLoader Init config took 2.81s 
141173     INFO  main            d.u.i.k.p.i.AbstractProblemLoader Replaying proof Iterator[Iterator::Iterator(ArrayList)].JML normal_behavior operation contract.0 
141175     DEBUG main            d.u.i.k.p.i.IntermediateProofReplayer Proof replay took 6.3ns 
142685     INFO  main            d.u.i.k.p.r.p.TestFile    ... finished proof: closed. 
143017     INFO  main            d.u.i.k.p.i.AbstractProblemLoader Loading environment from /home/runner/work/key/key/key.core/../key.ui/examples/heap/SmansEtAl/Iterator_Iterator.key.proof 
143017     DEBUG main            d.u.i.k.p.i.AbstractProblemLoader Environment load took 471.1ns 
143019     INFO  main            d.u.i.k.p.i.AbstractProblemLoader Creating init config 
145713     DEBUG main            d.u.i.k.p.i.AbstractProblemLoader Init config took 2.69s 
145754     INFO  main            d.u.i.k.p.i.AbstractProblemLoader Replaying proof Iterator[Iterator::Iterator(ArrayList)].JML normal_behavior operation contract.0 
145988     DEBUG main            d.u.i.k.p.i.IntermediateProofReplayer Proof replay took 218.3ms 
145990     DEBUG main            d.u.i.k.p.r.p.TestFile    ... success: reloaded. 
145991     INFO  main            d.u.i.k.p.r.p.TestFile    Now processing file /home/runner/work/key/key/key.core/../key.ui/examples/heap/SmansEtAl/Iterator_list_dep.key 
145991     INFO  main            d.u.i.k.p.i.AbstractProblemLoader Loading environment from /home/runner/work/key/key/key.core/../key.ui/examples/heap/SmansEtAl/Iterator_list_dep.key 
145992     DEBUG main            d.u.i.k.p.i.AbstractProblemLoader Environment load took 229.6ns 
145993     INFO  main            d.u.i.k.p.i.AbstractProblemLoader Creating init config 
148762     DEBUG main            d.u.i.k.p.i.AbstractProblemLoader Init config took 2.77s 
148801     INFO  main            d.u.i.k.p.i.AbstractProblemLoader Replaying proof Iterator[Iterator::list()].JML accessible clause.0 
148802     DEBUG main            d.u.i.k.p.i.IntermediateProofReplayer Proof replay took 7.7ns 
148904     INFO  main            d.u.i.k.p.r.p.TestFile    ... finished proof: closed. 
149200     INFO  main            d.u.i.k.p.i.AbstractProblemLoader Loading environment from /home/runner/work/key/key/key.core/../key.ui/examples/heap/SmansEtAl/Iterator_list_dep.key.proof 
149200     DEBUG main            d.u.i.k.p.i.AbstractProblemLoader Environment load took 122.5ns 
149201     INFO  main            d.u.i.k.p.i.AbstractProblemLoader Creating init config 
151945     DEBUG main            d.u.i.k.p.i.AbstractProblemLoader Init config took 2.74s 
151983     INFO  main            d.u.i.k.p.i.AbstractProblemLoader Replaying proof Iterator[Iterator::list()].JML accessible clause.0 
152008     DEBUG main            d.u.i.k.p.i.IntermediateProofReplayer Proof replay took 22.68ms 
152009     DEBUG main            d.u.i.k.p.r.p.TestFile    ... success: reloaded. 
152010     INFO  main            d.u.i.k.p.r.p.TestFile    Now processing file /home/runner/work/key/key/key.core/../key.ui/examples/heap/SmansEtAl/Iterator_list.key 
152010     INFO  main            d.u.i.k.p.i.AbstractProblemLoader Loading environment from /home/runner/work/key/key/key.core/../key.ui/examples/heap/SmansEtAl/Iterator_list.key 
152010     DEBUG main            d.u.i.k.p.i.AbstractProblemLoader Environment load took 116.7ns 
152011     INFO  main            d.u.i.k.p.i.AbstractProblemLoader Creating init config 
154821     DEBUG main            d.u.i.k.p.i.AbstractProblemLoader Init config took 2.81s 
154862     INFO  main            d.u.i.k.p.i.AbstractProblemLoader Replaying proof Iterator[Iterator::list()].JML normal_behavior operation contract.0 
154864     DEBUG main            d.u.i.k.p.i.IntermediateProofReplayer Proof replay took 6.7ns 
154968     INFO  main            d.u.i.k.p.r.p.TestFile    ... finished proof: closed. 
155270     INFO  main            d.u.i.k.p.i.AbstractProblemLoader Loading environment from /home/runner/work/key/key/key.core/../key.ui/examples/heap/SmansEtAl/Iterator_list.key.proof 
155271     DEBUG main            d.u.i.k.p.i.AbstractProblemLoader Environment load took 120ns 
155272     INFO  main            d.u.i.k.p.i.AbstractProblemLoader Creating init config 
157976     DEBUG main            d.u.i.k.p.i.AbstractProblemLoader Init config took 2.7s 
158029     INFO  main            d.u.i.k.p.i.AbstractProblemLoader Replaying proof Iterator[Iterator::list()].JML normal_behavior operation contract.0 
158048     DEBUG main            d.u.i.k.p.i.IntermediateProofReplayer Proof replay took 16.23ms 
158048     DEBUG main            d.u.i.k.p.r.p.TestFile    ... success: reloaded. 
158050     INFO  main            d.u.i.k.p.r.p.TestFile    Now processing file /home/runner/work/key/key/key.core/../key.ui/examples/heap/SmansEtAl/Iterator_next.key 
158050     INFO  main            d.u.i.k.p.i.AbstractProblemLoader Loading environment from /home/runner/work/key/key/key.core/../key.ui/examples/heap/SmansEtAl/Iterator_next.key 
158050     DEBUG main            d.u.i.k.p.i.AbstractProblemLoader Environment load took 117.2ns 
158051     INFO  main            d.u.i.k.p.i.AbstractProblemLoader Creating init config 
160781     DEBUG main            d.u.i.k.p.i.AbstractProblemLoader Init config took 2.73s 
160824     INFO  main            d.u.i.k.p.i.AbstractProblemLoader Replaying proof Iterator[Iterator::next()].JML normal_behavior operation contract.0 
160825     DEBUG main            d.u.i.k.p.i.IntermediateProofReplayer Proof replay took 7.4ns 
163950     INFO  main            d.u.i.k.p.r.p.TestFile    ... finished proof: closed. 
164270     INFO  main            d.u.i.k.p.i.AbstractProblemLoader Loading environment from /home/runner/work/key/key/key.core/../key.ui/examples/heap/SmansEtAl/Iterator_next.key.proof 
164271     DEBUG main            d.u.i.k.p.i.AbstractProblemLoader Environment load took 865ns 
164273     INFO  main            d.u.i.k.p.i.AbstractProblemLoader Creating init config 
166989     DEBUG main            d.u.i.k.p.i.AbstractProblemLoader Init config took 2.72s 
167029     INFO  main            d.u.i.k.p.i.AbstractProblemLoader Replaying proof Iterator[Iterator::next()].JML normal_behavior operation contract.0 
167402     DEBUG main            d.u.i.k.p.i.IntermediateProofReplayer Proof replay took 354.73ms 
167404     DEBUG main            d.u.i.k.p.r.p.TestFile    ... success: reloaded. 
167405     INFO  main            d.u.i.k.p.r.p.TestFile    Now processing file /home/runner/work/key/key/key.core/../key.ui/examples/heap/SmansEtAl/Stack_footprint.key 
167405     INFO  main            d.u.i.k.p.i.AbstractProblemLoader Loading environment from /home/runner/work/key/key/key.core/../key.ui/examples/heap/SmansEtAl/Stack_footprint.key 
167405     DEBUG main            d.u.i.k.p.i.AbstractProblemLoader Environment load took 123ns 
167406     INFO  main            d.u.i.k.p.i.AbstractProblemLoader Creating init config 
170217     DEBUG main            d.u.i.k.p.i.AbstractProblemLoader Init config took 2.81s 
170254     INFO  main            d.u.i.k.p.i.AbstractProblemLoader Replaying proof Stack[Stack::$footprint()].JML accessible clause.0 
170256     DEBUG main            d.u.i.k.p.i.IntermediateProofReplayer Proof replay took 7.1ns 
170458     INFO  main            d.u.i.k.p.r.p.TestFile    ... finished proof: closed. 
170763     INFO  main            d.u.i.k.p.i.AbstractProblemLoader Loading environment from /home/runner/work/key/key/key.core/../key.ui/examples/heap/SmansEtAl/Stack_footprint.key.proof 
170763     DEBUG main            d.u.i.k.p.i.AbstractProblemLoader Environment load took 613.4ns 
170764     INFO  main            d.u.i.k.p.i.AbstractProblemLoader Creating init config 
173478     DEBUG main            d.u.i.k.p.i.AbstractProblemLoader Init config took 2.71s 
173518     INFO  main            d.u.i.k.p.i.AbstractProblemLoader Replaying proof Stack[Stack::$footprint()].JML accessible clause.0 
173557     DEBUG main            d.u.i.k.p.i.IntermediateProofReplayer Proof replay took 35.47ms 
173560     DEBUG main            d.u.i.k.p.r.p.TestFile    ... success: reloaded. 
173561     INFO  main            d.u.i.k.p.r.p.TestFile    Now processing file /home/runner/work/key/key/key.core/../key.ui/examples/heap/SmansEtAl/Stack_inv.key 
173562     INFO  main            d.u.i.k.p.i.AbstractProblemLoader Loading environment from /home/runner/work/key/key/key.core/../key.ui/examples/heap/SmansEtAl/Stack_inv.key 
173562     DEBUG main            d.u.i.k.p.i.AbstractProblemLoader Environment load took 228.8ns 
173564     INFO  main            d.u.i.k.p.i.AbstractProblemLoader Creating init config 
176356     DEBUG main            d.u.i.k.p.i.AbstractProblemLoader Init config took 2.79s 
176397     INFO  main            d.u.i.k.p.i.AbstractProblemLoader Replaying proof Stack[java.lang.Object::<inv>()].JML accessible clause.0 
176399     DEBUG main            d.u.i.k.p.i.IntermediateProofReplayer Proof replay took 8ns 
176501     INFO  main            d.u.i.k.p.r.p.TestFile    ... finished proof: closed. 
176818     INFO  main            d.u.i.k.p.i.AbstractProblemLoader Loading environment from /home/runner/work/key/key/key.core/../key.ui/examples/heap/SmansEtAl/Stack_inv.key.proof 
176819     DEBUG main            d.u.i.k.p.i.AbstractProblemLoader Environment load took 113.6ns 
176822     INFO  main            d.u.i.k.p.i.AbstractProblemLoader Creating init config 
179549     DEBUG main            d.u.i.k.p.i.AbstractProblemLoader Init config took 2.73s 
179586     INFO  main            d.u.i.k.p.i.AbstractProblemLoader Replaying proof Stack[java.lang.Object::<inv>()].JML accessible clause.0 
179601     DEBUG main            d.u.i.k.p.i.IntermediateProofReplayer Proof replay took 12.19ms 
179602     DEBUG main            d.u.i.k.p.r.p.TestFile    ... success: reloaded. 
179603     INFO  main            d.u.i.k.p.r.p.TestFile    Now processing file /home/runner/work/key/key/key.core/../key.ui/examples/heap/SmansEtAl/Stack_push.key 
179604     INFO  main            d.u.i.k.p.i.AbstractProblemLoader Loading environment from /home/runner/work/key/key/key.core/../key.ui/examples/heap/SmansEtAl/Stack_push.key 
179604     DEBUG main            d.u.i.k.p.i.AbstractProblemLoader Environment load took 237.3ns 
179605     INFO  main            d.u.i.k.p.i.AbstractProblemLoader Creating init config 
182354     DEBUG main            d.u.i.k.p.i.AbstractProblemLoader Init config took 2.75s 
182392     INFO  main            d.u.i.k.p.i.AbstractProblemLoader Replaying proof Stack[Stack::push(java.lang.Object)].JML normal_behavior operation contract.0 
182394     DEBUG main            d.u.i.k.p.i.IntermediateProofReplayer Proof replay took 7.5ns 
183198     INFO  main            d.u.i.k.p.r.p.TestFile    ... finished proof: closed. 
183577     INFO  main            d.u.i.k.p.i.AbstractProblemLoader Loading environment from /home/runner/work/key/key/key.core/../key.ui/examples/heap/SmansEtAl/Stack_push.key.proof 
183577     DEBUG main            d.u.i.k.p.i.AbstractProblemLoader Environment load took 137.4ns 
183578     INFO  main            d.u.i.k.p.i.AbstractProblemLoader Creating init config 
186249     DEBUG main            d.u.i.k.p.i.AbstractProblemLoader Init config took 2.67s 
186289     INFO  main            d.u.i.k.p.i.AbstractProblemLoader Replaying proof Stack[Stack::push(java.lang.Object)].JML normal_behavior operation contract.0 
186453     DEBUG main            d.u.i.k.p.i.IntermediateProofReplayer Proof replay took 159.53ms 
186455     DEBUG main            d.u.i.k.p.r.p.TestFile    ... success: reloaded. 
186456     INFO  main            d.u.i.k.p.r.p.TestFile    Now processing file /home/runner/work/key/key/key.core/../key.ui/examples/heap/SmansEtAl/Stack_size.key 
186456     INFO  main            d.u.i.k.p.i.AbstractProblemLoader Loading environment from /home/runner/work/key/key/key.core/../key.ui/examples/heap/SmansEtAl/Stack_size.key 
186456     DEBUG main            d.u.i.k.p.i.AbstractProblemLoader Environment load took 245.2ns 
186458     INFO  main            d.u.i.k.p.i.AbstractProblemLoader Creating init config 
189217     DEBUG main            d.u.i.k.p.i.AbstractProblemLoader Init config took 2.76s 
189258     INFO  main            d.u.i.k.p.i.AbstractProblemLoader Replaying proof Stack[Stack::size()].JML accessible clause.0 
189260     DEBUG main            d.u.i.k.p.i.IntermediateProofReplayer Proof replay took 7.3ns 
189562     INFO  main            d.u.i.k.p.r.p.TestFile    ... finished proof: closed. 
189914     INFO  main            d.u.i.k.p.i.AbstractProblemLoader Loading environment from /home/runner/work/key/key/key.core/../key.ui/examples/heap/SmansEtAl/Stack_size.key.proof 
189914     DEBUG main            d.u.i.k.p.i.AbstractProblemLoader Environment load took 108.4ns 
189916     INFO  main            d.u.i.k.p.i.AbstractProblemLoader Creating init config 
192600     DEBUG main            d.u.i.k.p.i.AbstractProblemLoader Init config took 2.68s 
192639     INFO  main            d.u.i.k.p.i.AbstractProblemLoader Replaying proof Stack[Stack::size()].JML accessible clause.0 
192690     DEBUG main            d.u.i.k.p.i.IntermediateProofReplayer Proof replay took 47.83ms 
192691     DEBUG main            d.u.i.k.p.r.p.TestFile    ... success: reloaded. 
192692     INFO  main            d.u.i.k.p.r.p.TestFile    Now processing file /home/runner/work/key/key/key.core/../key.ui/examples/heap/SmansEtAl/Stack_Stack.key 
192693     INFO  main            d.u.i.k.p.i.AbstractProblemLoader Loading environment from /home/runner/work/key/key/key.core/../key.ui/examples/heap/SmansEtAl/Stack_Stack.key 
192693     DEBUG main            d.u.i.k.p.i.AbstractProblemLoader Environment load took 220.7ns 
192694     INFO  main            d.u.i.k.p.i.AbstractProblemLoader Creating init config 
195450     DEBUG main            d.u.i.k.p.i.AbstractProblemLoader Init config took 2.76s 
195495     INFO  main            d.u.i.k.p.i.AbstractProblemLoader Replaying proof Stack[Stack::Stack()].JML normal_behavior operation contract.0 
195497     DEBUG main            d.u.i.k.p.i.IntermediateProofReplayer Proof replay took 7.9ns 
196702     INFO  main            d.u.i.k.p.r.p.TestFile    ... finished proof: closed. 
197058     INFO  main            d.u.i.k.p.i.AbstractProblemLoader Loading environment from /home/runner/work/key/key/key.core/../key.ui/examples/heap/SmansEtAl/Stack_Stack.key.proof 
197058     DEBUG main            d.u.i.k.p.i.AbstractProblemLoader Environment load took 107.5ns 
197064     INFO  main            d.u.i.k.p.i.AbstractProblemLoader Creating init config 
199772     DEBUG main            d.u.i.k.p.i.AbstractProblemLoader Init config took 2.71s 
199809     INFO  main            d.u.i.k.p.i.AbstractProblemLoader Replaying proof Stack[Stack::Stack()].JML normal_behavior operation contract.0 
200035     DEBUG main            d.u.i.k.p.i.IntermediateProofReplayer Proof replay took 217.13ms 
200036     DEBUG main            d.u.i.k.p.r.p.TestFile    ... success: reloaded. 
200037     INFO  main            d.u.i.k.p.r.p.TestFile    Now processing file /home/runner/work/key/key/key.core/../key.ui/examples/heap/SmansEtAl/Stack_switchContents.key 
200037     INFO  main            d.u.i.k.p.i.AbstractProblemLoader Loading environment from /home/runner/work/key/key/key.core/../key.ui/examples/heap/SmansEtAl/Stack_switchContents.key 
200037     DEBUG main            d.u.i.k.p.i.AbstractProblemLoader Environment load took 107.4ns 
200038     INFO  main            d.u.i.k.p.i.AbstractProblemLoader Creating init config 
202812     DEBUG main            d.u.i.k.p.i.AbstractProblemLoader Init config took 2.77s 
202851     INFO  main            d.u.i.k.p.i.AbstractProblemLoader Replaying proof Stack[Stack::switchContents(Stack)].JML normal_behavior operation contract.0 
202853     DEBUG main            d.u.i.k.p.i.IntermediateProofReplayer Proof replay took 7.1ns 
208039     INFO  main            d.u.i.k.p.r.p.TestFile    ... finished proof: closed. 
208418     INFO  main            d.u.i.k.p.i.AbstractProblemLoader Loading environment from /home/runner/work/key/key/key.core/../key.ui/examples/heap/SmansEtAl/Stack_switchContents.key.proof 
208418     DEBUG main            d.u.i.k.p.i.AbstractProblemLoader Environment load took 115.5ns 
208427     INFO  main            d.u.i.k.p.i.AbstractProblemLoader Creating init config 
211114     DEBUG main            d.u.i.k.p.i.AbstractProblemLoader Init config took 2.69s 
211153     INFO  main            d.u.i.k.p.i.AbstractProblemLoader Replaying proof Stack[Stack::switchContents(Stack)].JML normal_behavior operation contract.0 
211724     DEBUG main            d.u.i.k.p.i.IntermediateProofReplayer Proof replay took 552.57ms 
211727     DEBUG main            d.u.i.k.p.r.p.TestFile    ... success: reloaded. 
2322594    INFO  Test worker     d.u.i.k.p.r.p.StatisticsFile Returning from test SmansEtAl 
2322597    INFO  Test worker     d.u.i.k.p.r.p.StatisticsFile Running test VACID0 
436        INFO  Timeout watchdog d.u.i.k.p.r.p.ForkedTestFileRunner Timeout watcher launched (2000 secs.) 
453        WARN  main            d.u.i.k.s.ProofSettings   The settings in /home/runner/.key/proof-settings.props are *not* read. 
490        INFO  main            d.u.i.k.p.r.p.TestFile    Now processing file /home/runner/work/key/key/key.core/../key.ui/examples/heap/vacid0_01_SparseArray/Harness_sparseArrayTestHarness1.key 
609        INFO  main            d.u.i.k.p.i.AbstractProblemLoader Loading environment from /home/runner/work/key/key/key.core/../key.ui/examples/heap/vacid0_01_SparseArray/Harness_sparseArrayTestHarness1.key 
634        DEBUG main            d.u.i.k.p.i.AbstractProblemLoader Environment load took 2.07ms 
893        INFO  main            d.u.i.k.p.i.AbstractProblemLoader Creating init config 
1902       DEBUG main            d.u.i.k.j.TypeConverter   No LDT found for Meta 
1903       DEBUG main            d.u.i.k.j.TypeConverter   No LDT found for Meta 
1907       DEBUG main            d.u.i.k.j.TypeConverter   No LDT found for Meta 
1907       DEBUG main            d.u.i.k.j.TypeConverter   No LDT found for Meta 
3371       DEBUG main            d.u.i.k.j.TypeConverter   No LDT found for JavaBigintExpression 
9033       DEBUG main            d.u.i.k.p.i.AbstractProblemLoader Init config took 8.14s 
9218       INFO  main            d.u.i.k.p.i.AbstractProblemLoader Replaying proof Harness[Harness::sparseArrayTestHarness1()].JML normal_behavior operation contract.0 
9259       DEBUG main            d.u.i.k.p.i.IntermediateProofReplayer Proof replay took 60.6ns 
11194      INFO  main            d.u.i.k.p.r.p.TestFile    ... finished proof: closed. 
11351      INFO  main            d.u.i.k.p.i.AbstractProblemLoader Loading environment from /home/runner/work/key/key/key.core/../key.ui/examples/heap/vacid0_01_SparseArray/Harness_sparseArrayTestHarness1.key.proof 
11360      DEBUG main            d.u.i.k.p.i.AbstractProblemLoader Environment load took 8.45ms 
11363      INFO  main            d.u.i.k.p.i.AbstractProblemLoader Creating init config 
14606      DEBUG main            d.u.i.k.p.i.AbstractProblemLoader Init config took 3.24s 
14682      INFO  main            d.u.i.k.p.i.AbstractProblemLoader Replaying proof Harness[Harness::sparseArrayTestHarness1()].JML normal_behavior operation contract.0 
14936      DEBUG main            d.u.i.k.p.i.IntermediateProofReplayer Proof replay took 244.28ms 
14945      DEBUG main            d.u.i.k.p.r.p.TestFile    ... success: reloaded. 
14950      INFO  main            d.u.i.k.p.r.p.TestFile    Now processing file /home/runner/work/key/key/key.core/../key.ui/examples/heap/vacid0_01_SparseArray/Harness_sparseArrayTestHarness2.key 
14950      INFO  main            d.u.i.k.p.i.AbstractProblemLoader Loading environment from /home/runner/work/key/key/key.core/../key.ui/examples/heap/vacid0_01_SparseArray/Harness_sparseArrayTestHarness2.key 
14952      DEBUG main            d.u.i.k.p.i.AbstractProblemLoader Environment load took 2.39ms 
14957      INFO  main            d.u.i.k.p.i.AbstractProblemLoader Creating init config 
18164      DEBUG main            d.u.i.k.p.i.AbstractProblemLoader Init config took 3.21s 
18234      INFO  main            d.u.i.k.p.i.AbstractProblemLoader Replaying proof Harness[Harness::sparseArrayTestHarness2()].JML normal_behavior operation contract.0 
18239      DEBUG main            d.u.i.k.p.i.IntermediateProofReplayer Proof replay took 5.4ns 
28732      INFO  main            d.u.i.k.p.r.p.TestFile    ... finished proof: closed. 
28974      INFO  main            d.u.i.k.p.i.AbstractProblemLoader Loading environment from /home/runner/work/key/key/key.core/../key.ui/examples/heap/vacid0_01_SparseArray/Harness_sparseArrayTestHarness2.key.proof 
28974      DEBUG main            d.u.i.k.p.i.AbstractProblemLoader Environment load took 214ns 
28977      INFO  main            d.u.i.k.p.i.AbstractProblemLoader Creating init config 
32095      DEBUG main            d.u.i.k.p.i.AbstractProblemLoader Init config took 3.12s 
32149      INFO  main            d.u.i.k.p.i.AbstractProblemLoader Replaying proof Harness[Harness::sparseArrayTestHarness2()].JML normal_behavior operation contract.0 
33443      DEBUG main            d.u.i.k.p.i.IntermediateProofReplayer Proof replay took 1.25s 
33447      DEBUG main            d.u.i.k.p.r.p.TestFile    ... success: reloaded. 
33449      INFO  main            d.u.i.k.p.r.p.TestFile    Now processing file /home/runner/work/key/key/key.core/../key.ui/examples/heap/vacid0_01_SparseArray/MemoryAllocator_alloc_unsigned.key 
33449      INFO  main            d.u.i.k.p.i.AbstractProblemLoader Loading environment from /home/runner/work/key/key/key.core/../key.ui/examples/heap/vacid0_01_SparseArray/MemoryAllocator_alloc_unsigned.key 
33450      DEBUG main            d.u.i.k.p.i.AbstractProblemLoader Environment load took 233.5ns 
33459      INFO  main            d.u.i.k.p.i.AbstractProblemLoader Creating init config 
36555      DEBUG main            d.u.i.k.p.i.AbstractProblemLoader Init config took 3.1s 
36605      INFO  main            d.u.i.k.p.i.AbstractProblemLoader Replaying proof MemoryAllocator[MemoryAllocator::alloc_unsigned(int)].JML normal_behavior operation contract.0 
36607      DEBUG main            d.u.i.k.p.i.IntermediateProofReplayer Proof replay took 5.1ns 
37611      INFO  main            d.u.i.k.p.r.p.TestFile    ... finished proof: closed. 
37805      INFO  main            d.u.i.k.p.i.AbstractProblemLoader Loading environment from /home/runner/work/key/key/key.core/../key.ui/examples/heap/vacid0_01_SparseArray/MemoryAllocator_alloc_unsigned.key.proof 
37805      DEBUG main            d.u.i.k.p.i.AbstractProblemLoader Environment load took 154.1ns 
37807      INFO  main            d.u.i.k.p.i.AbstractProblemLoader Creating init config 
40785      DEBUG main            d.u.i.k.p.i.AbstractProblemLoader Init config took 2.98s 
40853      INFO  main            d.u.i.k.p.i.AbstractProblemLoader Replaying proof MemoryAllocator[MemoryAllocator::alloc_unsigned(int)].JML normal_behavior operation contract.0 
41124      DEBUG main            d.u.i.k.p.i.IntermediateProofReplayer Proof replay took 265.11ms 
41126      DEBUG main            d.u.i.k.p.r.p.TestFile    ... success: reloaded. 
41128      INFO  main            d.u.i.k.p.r.p.TestFile    Now processing file /home/runner/work/key/key/key.core/../key.ui/examples/heap/vacid0_01_SparseArray/MemoryAllocator_alloc.key 
41128      INFO  main            d.u.i.k.p.i.AbstractProblemLoader Loading environment from /home/runner/work/key/key/key.core/../key.ui/examples/heap/vacid0_01_SparseArray/MemoryAllocator_alloc.key 
41128      DEBUG main            d.u.i.k.p.i.AbstractProblemLoader Environment load took 120.2ns 
41129      INFO  main            d.u.i.k.p.i.AbstractProblemLoader Creating init config 
44155      DEBUG main            d.u.i.k.p.i.AbstractProblemLoader Init config took 3.03s 
44219      INFO  main            d.u.i.k.p.i.AbstractProblemLoader Replaying proof MemoryAllocator[MemoryAllocator::alloc(int)].JML normal_behavior operation contract.0 
44221      DEBUG main            d.u.i.k.p.i.IntermediateProofReplayer Proof replay took 5.3ns 
44824      INFO  main            d.u.i.k.p.r.p.TestFile    ... finished proof: closed. 
45017      INFO  main            d.u.i.k.p.i.AbstractProblemLoader Loading environment from /home/runner/work/key/key/key.core/../key.ui/examples/heap/vacid0_01_SparseArray/MemoryAllocator_alloc.key.proof 
45017      DEBUG main            d.u.i.k.p.i.AbstractProblemLoader Environment load took 575.8ns 
45019      INFO  main            d.u.i.k.p.i.AbstractProblemLoader Creating init config 
47908      DEBUG main            d.u.i.k.p.i.AbstractProblemLoader Init config took 2.89s 
47957      INFO  main            d.u.i.k.p.i.AbstractProblemLoader Replaying proof MemoryAllocator[MemoryAllocator::alloc(int)].JML normal_behavior operation contract.0 
48123      DEBUG main            d.u.i.k.p.i.IntermediateProofReplayer Proof replay took 160.4ms 
48124      DEBUG main            d.u.i.k.p.r.p.TestFile    ... success: reloaded. 
48126      INFO  main            d.u.i.k.p.r.p.TestFile    Now processing file /home/runner/work/key/key/key.core/../key.ui/examples/heap/vacid0_01_SparseArray/SparseArray_get_dep.key 
48126      INFO  main            d.u.i.k.p.i.AbstractProblemLoader Loading environment from /home/runner/work/key/key/key.core/../key.ui/examples/heap/vacid0_01_SparseArray/SparseArray_get_dep.key 
48126      DEBUG main            d.u.i.k.p.i.AbstractProblemLoader Environment load took 219.5ns 
48128      INFO  main            d.u.i.k.p.i.AbstractProblemLoader Creating init config 
51043      DEBUG main            d.u.i.k.p.i.AbstractProblemLoader Init config took 2.92s 
51113      INFO  main            d.u.i.k.p.i.AbstractProblemLoader Replaying proof SparseArray[SparseArray::get(int)].JML accessible clause.0 
51115      DEBUG main            d.u.i.k.p.i.IntermediateProofReplayer Proof replay took 6.2ns 
54593      INFO  main            d.u.i.k.p.r.p.TestFile    ... finished proof: closed. 
54915      INFO  main            d.u.i.k.p.i.AbstractProblemLoader Loading environment from /home/runner/work/key/key/key.core/../key.ui/examples/heap/vacid0_01_SparseArray/SparseArray_get_dep.key.proof 
54915      DEBUG main            d.u.i.k.p.i.AbstractProblemLoader Environment load took 457.2ns 
54917      INFO  main            d.u.i.k.p.i.AbstractProblemLoader Creating init config 
57801      DEBUG main            d.u.i.k.p.i.AbstractProblemLoader Init config took 2.88s 
57888      INFO  main            d.u.i.k.p.i.AbstractProblemLoader Replaying proof SparseArray[SparseArray::get(int)].JML accessible clause.0 
58309      DEBUG main            d.u.i.k.p.i.IntermediateProofReplayer Proof replay took 405.21ms 
58311      DEBUG main            d.u.i.k.p.r.p.TestFile    ... success: reloaded. 
58313      INFO  main            d.u.i.k.p.r.p.TestFile    Now processing file /home/runner/work/key/key/key.core/../key.ui/examples/heap/vacid0_01_SparseArray/SparseArray_get.key 
58313      INFO  main            d.u.i.k.p.i.AbstractProblemLoader Loading environment from /home/runner/work/key/key/key.core/../key.ui/examples/heap/vacid0_01_SparseArray/SparseArray_get.key 
58314      DEBUG main            d.u.i.k.p.i.AbstractProblemLoader Environment load took 561.6ns 
58315      INFO  main            d.u.i.k.p.i.AbstractProblemLoader Creating init config 
61266      DEBUG main            d.u.i.k.p.i.AbstractProblemLoader Init config took 2.95s 
61328      INFO  main            d.u.i.k.p.i.AbstractProblemLoader Replaying proof SparseArray[SparseArray::get(int)].JML normal_behavior operation contract.0 
61329      DEBUG main            d.u.i.k.p.i.IntermediateProofReplayer Proof replay took 5.7ns 
63775      INFO  main            d.u.i.k.p.r.p.TestFile    ... finished proof: closed. 
63988      INFO  main            d.u.i.k.p.i.AbstractProblemLoader Loading environment from /home/runner/work/key/key/key.core/../key.ui/examples/heap/vacid0_01_SparseArray/SparseArray_get.key.proof 
63989      DEBUG main            d.u.i.k.p.i.AbstractProblemLoader Environment load took 502.9ns 
63992      INFO  main            d.u.i.k.p.i.AbstractProblemLoader Creating init config 
66885      DEBUG main            d.u.i.k.p.i.AbstractProblemLoader Init config took 2.89s 
66959      INFO  main            d.u.i.k.p.i.AbstractProblemLoader Replaying proof SparseArray[SparseArray::get(int)].JML normal_behavior operation contract.0 
67281      DEBUG main            d.u.i.k.p.i.IntermediateProofReplayer Proof replay took 308.81ms 
67282      DEBUG main            d.u.i.k.p.r.p.TestFile    ... success: reloaded. 
67284      INFO  main            d.u.i.k.p.r.p.TestFile    Now processing file /home/runner/work/key/key/key.core/../key.ui/examples/heap/vacid0_01_SparseArray/SparseArray_inv.key 
67284      INFO  main            d.u.i.k.p.i.AbstractProblemLoader Loading environment from /home/runner/work/key/key/key.core/../key.ui/examples/heap/vacid0_01_SparseArray/SparseArray_inv.key 
67284      DEBUG main            d.u.i.k.p.i.AbstractProblemLoader Environment load took 117.9ns 
67285      INFO  main            d.u.i.k.p.i.AbstractProblemLoader Creating init config 
70199      DEBUG main            d.u.i.k.p.i.AbstractProblemLoader Init config took 2.91s 
70272      INFO  main            d.u.i.k.p.i.AbstractProblemLoader Replaying proof SparseArray[java.lang.Object::<inv>()].JML accessible clause.0 
70275      DEBUG main            d.u.i.k.p.i.IntermediateProofReplayer Proof replay took 5.8ns 
72307      INFO  main            d.u.i.k.p.r.p.TestFile    ... finished proof: closed. 
72518      INFO  main            d.u.i.k.p.i.AbstractProblemLoader Loading environment from /home/runner/work/key/key/key.core/../key.ui/examples/heap/vacid0_01_SparseArray/SparseArray_inv.key.proof 
72518      DEBUG main            d.u.i.k.p.i.AbstractProblemLoader Environment load took 451.8ns 
72520      INFO  main            d.u.i.k.p.i.AbstractProblemLoader Creating init config 
75442      DEBUG main            d.u.i.k.p.i.AbstractProblemLoader Init config took 2.92s 
75520      INFO  main            d.u.i.k.p.i.AbstractProblemLoader Replaying proof SparseArray[java.lang.Object::<inv>()].JML accessible clause.0 
75670      DEBUG main            d.u.i.k.p.i.IntermediateProofReplayer Proof replay took 143.11ms 
75672      DEBUG main            d.u.i.k.p.r.p.TestFile    ... success: reloaded. 
75673      INFO  main            d.u.i.k.p.r.p.TestFile    Now processing file /home/runner/work/key/key/key.core/../key.ui/examples/heap/vacid0_01_SparseArray/SparseArray_SparseArray.key 
75674      INFO  main            d.u.i.k.p.i.AbstractProblemLoader Loading environment from /home/runner/work/key/key/key.core/../key.ui/examples/heap/vacid0_01_SparseArray/SparseArray_SparseArray.key 
75674      DEBUG main            d.u.i.k.p.i.AbstractProblemLoader Environment load took 221.4ns 
75675      INFO  main            d.u.i.k.p.i.AbstractProblemLoader Creating init config 
78553      DEBUG main            d.u.i.k.p.i.AbstractProblemLoader Init config took 2.88s 
78617      INFO  main            d.u.i.k.p.i.AbstractProblemLoader Replaying proof SparseArray[SparseArray::SparseArray(int)].JML normal_behavior operation contract.0 
78619      DEBUG main            d.u.i.k.p.i.IntermediateProofReplayer Proof replay took 6.3ns 
82469      INFO  main            d.u.i.k.p.r.p.TestFile    ... finished proof: closed. 
82720      INFO  main            d.u.i.k.p.i.AbstractProblemLoader Loading environment from /home/runner/work/key/key/key.core/../key.ui/examples/heap/vacid0_01_SparseArray/SparseArray_SparseArray.key.proof 
82721      DEBUG main            d.u.i.k.p.i.AbstractProblemLoader Environment load took 480.7ns 
82722      INFO  main            d.u.i.k.p.i.AbstractProblemLoader Creating init config 
85741      DEBUG main            d.u.i.k.p.i.AbstractProblemLoader Init config took 3.02s 
85804      INFO  main            d.u.i.k.p.i.AbstractProblemLoader Replaying proof SparseArray[SparseArray::SparseArray(int)].JML normal_behavior operation contract.0 
86418      DEBUG main            d.u.i.k.p.i.IntermediateProofReplayer Proof replay took 603.69ms 
86420      DEBUG main            d.u.i.k.p.r.p.TestFile    ... success: reloaded. 
2409197    INFO  Test worker     d.u.i.k.p.r.p.StatisticsFile Returning from test VACID0 
2409199    INFO  Test worker     d.u.i.k.p.r.p.StatisticsFile Running test VSTTE10 
407        INFO  Timeout watchdog d.u.i.k.p.r.p.ForkedTestFileRunner Timeout watcher launched (2000 secs.) 
423        WARN  main            d.u.i.k.s.ProofSettings   The settings in /home/runner/.key/proof-settings.props are *not* read. 
453        INFO  main            d.u.i.k.p.r.p.TestFile    Now processing file /home/runner/work/key/key/key.core/../key.ui/examples/heap/vstte10_01_SumAndMax/SumAndMax_sumAndMax.key 
576        INFO  main            d.u.i.k.p.i.AbstractProblemLoader Loading environment from /home/runner/work/key/key/key.core/../key.ui/examples/heap/vstte10_01_SumAndMax/SumAndMax_sumAndMax.key 
599        DEBUG main            d.u.i.k.p.i.AbstractProblemLoader Environment load took 6.44ms 
855        INFO  main            d.u.i.k.p.i.AbstractProblemLoader Creating init config 
2021       DEBUG main            d.u.i.k.j.TypeConverter   No LDT found for Meta 
2021       DEBUG main            d.u.i.k.j.TypeConverter   No LDT found for Meta 
2025       DEBUG main            d.u.i.k.j.TypeConverter   No LDT found for Meta 
2025       DEBUG main            d.u.i.k.j.TypeConverter   No LDT found for Meta 
3943       DEBUG main            d.u.i.k.j.TypeConverter   No LDT found for JavaBigintExpression 
9615       DEBUG main            d.u.i.k.p.i.AbstractProblemLoader Init config took 8.76s 
9804       INFO  main            d.u.i.k.p.i.AbstractProblemLoader Replaying proof SumAndMax[SumAndMax::sumAndMax([I)].JML normal_behavior operation contract.0 
9854       DEBUG main            d.u.i.k.p.i.IntermediateProofReplayer Proof replay took 34.7ns 
15944      INFO  main            d.u.i.k.p.r.p.TestFile    ... finished proof: closed. 
16200      INFO  main            d.u.i.k.p.i.AbstractProblemLoader Loading environment from /home/runner/work/key/key/key.core/../key.ui/examples/heap/vstte10_01_SumAndMax/SumAndMax_sumAndMax.key.proof 
16200      DEBUG main            d.u.i.k.p.i.AbstractProblemLoader Environment load took 784.71ns 
16205      INFO  main            d.u.i.k.p.i.AbstractProblemLoader Creating init config 
19314      DEBUG main            d.u.i.k.p.i.AbstractProblemLoader Init config took 3.11s 
19406      INFO  main            d.u.i.k.p.i.AbstractProblemLoader Replaying proof SumAndMax[SumAndMax::sumAndMax([I)].JML normal_behavior operation contract.0 
20341      DEBUG main            d.u.i.k.p.i.IntermediateProofReplayer Proof replay took 899.44ms 
20351      DEBUG main            d.u.i.k.p.r.p.TestFile    ... success: reloaded. 
20354      INFO  main            d.u.i.k.p.r.p.TestFile    Now processing file /home/runner/work/key/key/key.core/../key.ui/examples/heap/vstte10_03_LinkedList/Node_cons.key 
20354      INFO  main            d.u.i.k.p.i.AbstractProblemLoader Loading environment from /home/runner/work/key/key/key.core/../key.ui/examples/heap/vstte10_03_LinkedList/Node_cons.key 
20354      DEBUG main            d.u.i.k.p.i.AbstractProblemLoader Environment load took 260ns 
20356      INFO  main            d.u.i.k.p.i.AbstractProblemLoader Creating init config 
23543      DEBUG main            d.u.i.k.p.i.AbstractProblemLoader Init config took 3.19s 
23615      INFO  main            d.u.i.k.p.i.AbstractProblemLoader Replaying proof Node[Node::cons(int,Node)].JML normal_behavior operation contract.0 
23619      DEBUG main            d.u.i.k.p.i.IntermediateProofReplayer Proof replay took 7.4ns 
25457      INFO  main            d.u.i.k.p.r.p.TestFile    ... finished proof: closed. 
25703      INFO  main            d.u.i.k.p.i.AbstractProblemLoader Loading environment from /home/runner/work/key/key/key.core/../key.ui/examples/heap/vstte10_03_LinkedList/Node_cons.key.proof 
25704      DEBUG main            d.u.i.k.p.i.AbstractProblemLoader Environment load took 904.11ns 
25707      INFO  main            d.u.i.k.p.i.AbstractProblemLoader Creating init config 
28644      DEBUG main            d.u.i.k.p.i.AbstractProblemLoader Init config took 2.94s 
28706      INFO  main            d.u.i.k.p.i.AbstractProblemLoader Replaying proof Node[Node::cons(int,Node)].JML normal_behavior operation contract.0 
29068      DEBUG main            d.u.i.k.p.i.IntermediateProofReplayer Proof replay took 348.23ms 
29070      DEBUG main            d.u.i.k.p.r.p.TestFile    ... success: reloaded. 
29071      INFO  main            d.u.i.k.p.r.p.TestFile    Now processing file /home/runner/work/key/key/key.core/../key.ui/examples/heap/vstte10_03_LinkedList/Node_inv.key 
29072      INFO  main            d.u.i.k.p.i.AbstractProblemLoader Loading environment from /home/runner/work/key/key/key.core/../key.ui/examples/heap/vstte10_03_LinkedList/Node_inv.key 
29072      DEBUG main            d.u.i.k.p.i.AbstractProblemLoader Environment load took 289.2ns 
29074      INFO  main            d.u.i.k.p.i.AbstractProblemLoader Creating init config 
31972      DEBUG main            d.u.i.k.p.i.AbstractProblemLoader Init config took 2.9s 
32034      INFO  main            d.u.i.k.p.i.AbstractProblemLoader Replaying proof Node[java.lang.Object::<inv>()].JML accessible clause.0 
32037      DEBUG main            d.u.i.k.p.i.IntermediateProofReplayer Proof replay took 8.5ns 
32440      INFO  main            d.u.i.k.p.r.p.TestFile    ... finished proof: closed. 
32597      INFO  main            d.u.i.k.p.i.AbstractProblemLoader Loading environment from /home/runner/work/key/key/key.core/../key.ui/examples/heap/vstte10_03_LinkedList/Node_inv.key.proof 
32598      DEBUG main            d.u.i.k.p.i.AbstractProblemLoader Environment load took 516.9ns 
32600      INFO  main            d.u.i.k.p.i.AbstractProblemLoader Creating init config 
35488      DEBUG main            d.u.i.k.p.i.AbstractProblemLoader Init config took 2.89s 
35543      INFO  main            d.u.i.k.p.i.AbstractProblemLoader Replaying proof Node[java.lang.Object::<inv>()].JML accessible clause.0 
35591      DEBUG main            d.u.i.k.p.i.IntermediateProofReplayer Proof replay took 42.96ms 
35592      DEBUG main            d.u.i.k.p.r.p.TestFile    ... success: reloaded. 
35593      INFO  main            d.u.i.k.p.r.p.TestFile    Now processing file /home/runner/work/key/key/key.core/../key.ui/examples/heap/vstte10_03_LinkedList/Node_search.key 
35594      INFO  main            d.u.i.k.p.i.AbstractProblemLoader Loading environment from /home/runner/work/key/key/key.core/../key.ui/examples/heap/vstte10_03_LinkedList/Node_search.key 
35594      DEBUG main            d.u.i.k.p.i.AbstractProblemLoader Environment load took 231ns 
35595      INFO  main            d.u.i.k.p.i.AbstractProblemLoader Creating init config 
38515      DEBUG main            d.u.i.k.p.i.AbstractProblemLoader Init config took 2.92s 
38571      INFO  main            d.u.i.k.p.i.AbstractProblemLoader Replaying proof Node[Node::search()].JML normal_behavior operation contract.0 
38574      DEBUG main            d.u.i.k.p.i.IntermediateProofReplayer Proof replay took 5.9ns 
45748      INFO  main            d.u.i.k.p.r.p.TestFile    ... finished proof: closed. 
45964      INFO  main            d.u.i.k.p.i.AbstractProblemLoader Loading environment from /home/runner/work/key/key/key.core/../key.ui/examples/heap/vstte10_03_LinkedList/Node_search.key.proof 
45964      DEBUG main            d.u.i.k.p.i.AbstractProblemLoader Environment load took 515.9ns 
45967      INFO  main            d.u.i.k.p.i.AbstractProblemLoader Creating init config 
48818      DEBUG main            d.u.i.k.p.i.AbstractProblemLoader Init config took 2.85s 
48890      INFO  main            d.u.i.k.p.i.AbstractProblemLoader Replaying proof Node[Node::search()].JML normal_behavior operation contract.0 
49875      DEBUG main            d.u.i.k.p.i.IntermediateProofReplayer Proof replay took 921.39ms 
49877      DEBUG main            d.u.i.k.p.r.p.TestFile    ... success: reloaded. 
49879      INFO  main            d.u.i.k.p.r.p.TestFile    Now processing file /home/runner/work/key/key/key.core/../key.ui/examples/heap/vstte10_04_Queens/Queens_isConsistent.key 
49879      INFO  main            d.u.i.k.p.i.AbstractProblemLoader Loading environment from /home/runner/work/key/key/key.core/../key.ui/examples/heap/vstte10_04_Queens/Queens_isConsistent.key 
49879      DEBUG main            d.u.i.k.p.i.AbstractProblemLoader Environment load took 261.8ns 
49880      INFO  main            d.u.i.k.p.i.AbstractProblemLoader Creating init config 
53057      DEBUG main            d.u.i.k.p.i.AbstractProblemLoader Init config took 3.18s 
53103      INFO  main            d.u.i.k.p.i.AbstractProblemLoader Replaying proof Queens[Queens::isConsistent([I,int)].JML normal_behavior operation contract.0 
53105      DEBUG main            d.u.i.k.p.i.IntermediateProofReplayer Proof replay took 5.3ns 
55255      INFO  main            d.u.i.k.p.r.p.TestFile    ... finished proof: closed. 
55496      INFO  main            d.u.i.k.p.i.AbstractProblemLoader Loading environment from /home/runner/work/key/key/key.core/../key.ui/examples/heap/vstte10_04_Queens/Queens_isConsistent.key.proof 
55496      DEBUG main            d.u.i.k.p.i.AbstractProblemLoader Environment load took 505.6ns 
55497      INFO  main            d.u.i.k.p.i.AbstractProblemLoader Creating init config 
58360      DEBUG main            d.u.i.k.p.i.AbstractProblemLoader Init config took 2.86s 
58440      INFO  main            d.u.i.k.p.i.AbstractProblemLoader Replaying proof Queens[Queens::isConsistent([I,int)].JML normal_behavior operation contract.0 
58917      DEBUG main            d.u.i.k.p.i.IntermediateProofReplayer Proof replay took 464.3ms 
58918      DEBUG main            d.u.i.k.p.r.p.TestFile    ... success: reloaded. 
58920      INFO  main            d.u.i.k.p.r.p.TestFile    Now processing file /home/runner/work/key/key/key.core/../key.ui/examples/heap/vstte10_04_Queens/Queens_nQueens.key 
58920      INFO  main            d.u.i.k.p.i.AbstractProblemLoader Loading environment from /home/runner/work/key/key/key.core/../key.ui/examples/heap/vstte10_04_Queens/Queens_nQueens.key 
58921      DEBUG main            d.u.i.k.p.i.AbstractProblemLoader Environment load took 335.4ns 
58922      INFO  main            d.u.i.k.p.i.AbstractProblemLoader Creating init config 
61917      DEBUG main            d.u.i.k.p.i.AbstractProblemLoader Init config took 3s 
61965      INFO  main            d.u.i.k.p.i.AbstractProblemLoader Replaying proof Queens[Queens::nQueens(int)].JML normal_behavior operation contract.0 
61967      DEBUG main            d.u.i.k.p.i.IntermediateProofReplayer Proof replay took 6.1ns 
75994      INFO  main            d.u.i.k.p.r.p.TestFile    ... finished proof: closed. 
76235      INFO  main            d.u.i.k.p.i.AbstractProblemLoader Loading environment from /home/runner/work/key/key/key.core/../key.ui/examples/heap/vstte10_04_Queens/Queens_nQueens.key.proof 
76236      DEBUG main            d.u.i.k.p.i.AbstractProblemLoader Environment load took 478.6ns 
76237      INFO  main            d.u.i.k.p.i.AbstractProblemLoader Creating init config 
79027      DEBUG main            d.u.i.k.p.i.AbstractProblemLoader Init config took 2.79s 
79081      INFO  main            d.u.i.k.p.i.AbstractProblemLoader Replaying proof Queens[Queens::nQueens(int)].JML normal_behavior operation contract.0 
80269      DEBUG main            d.u.i.k.p.i.IntermediateProofReplayer Proof replay took 1.17s 
80271      DEBUG main            d.u.i.k.p.r.p.TestFile    ... success: reloaded. 
80272      INFO  main            d.u.i.k.p.r.p.TestFile    Now processing file /home/runner/work/key/key/key.core/../key.ui/examples/heap/vstte10_05_Queue/AmortizedQueue_AmortizedQueue.key 
80273      INFO  main            d.u.i.k.p.i.AbstractProblemLoader Loading environment from /home/runner/work/key/key/key.core/../key.ui/examples/heap/vstte10_05_Queue/AmortizedQueue_AmortizedQueue.key 
80273      DEBUG main            d.u.i.k.p.i.AbstractProblemLoader Environment load took 138ns 
80274      INFO  main            d.u.i.k.p.i.AbstractProblemLoader Creating init config 
83313      DEBUG main            d.u.i.k.p.i.AbstractProblemLoader Init config took 3.04s 
83386      INFO  main            d.u.i.k.p.i.AbstractProblemLoader Replaying proof AmortizedQueue[AmortizedQueue::AmortizedQueue()].JML normal_behavior operation contract.0 
83388      DEBUG main            d.u.i.k.p.i.IntermediateProofReplayer Proof replay took 6.7ns 
84996      INFO  main            d.u.i.k.p.r.p.TestFile    ... finished proof: closed. 
85236      INFO  main            d.u.i.k.p.i.AbstractProblemLoader Loading environment from /home/runner/work/key/key/key.core/../key.ui/examples/heap/vstte10_05_Queue/AmortizedQueue_AmortizedQueue.key.proof 
85237      DEBUG main            d.u.i.k.p.i.AbstractProblemLoader Environment load took 476.9ns 
85238      INFO  main            d.u.i.k.p.i.AbstractProblemLoader Creating init config 
88091      DEBUG main            d.u.i.k.p.i.AbstractProblemLoader Init config took 2.85s 
88148      INFO  main            d.u.i.k.p.i.AbstractProblemLoader Replaying proof AmortizedQueue[AmortizedQueue::AmortizedQueue()].JML normal_behavior operation contract.0 
88429      DEBUG main            d.u.i.k.p.i.IntermediateProofReplayer Proof replay took 272.55ms 
88430      DEBUG main            d.u.i.k.p.r.p.TestFile    ... success: reloaded. 
88431      INFO  main            d.u.i.k.p.r.p.TestFile    Now processing file /home/runner/work/key/key/key.core/../key.ui/examples/heap/vstte10_05_Queue/AmortizedQueue_front.key 
88432      INFO  main            d.u.i.k.p.i.AbstractProblemLoader Loading environment from /home/runner/work/key/key/key.core/../key.ui/examples/heap/vstte10_05_Queue/AmortizedQueue_front.key 
88432      DEBUG main            d.u.i.k.p.i.AbstractProblemLoader Environment load took 246.1ns 
88433      INFO  main            d.u.i.k.p.i.AbstractProblemLoader Creating init config 
91395      DEBUG main            d.u.i.k.p.i.AbstractProblemLoader Init config took 2.96s 
91452      INFO  main            d.u.i.k.p.i.AbstractProblemLoader Replaying proof AmortizedQueue[AmortizedQueue::front()].JML normal_behavior operation contract.0 
91457      DEBUG main            d.u.i.k.p.i.IntermediateProofReplayer Proof replay took 6.8ns 
91960      INFO  main            d.u.i.k.p.r.p.TestFile    ... finished proof: closed. 
92191      INFO  main            d.u.i.k.p.i.AbstractProblemLoader Loading environment from /home/runner/work/key/key/key.core/../key.ui/examples/heap/vstte10_05_Queue/AmortizedQueue_front.key.proof 
92192      DEBUG main            d.u.i.k.p.i.AbstractProblemLoader Environment load took 753.11ns 
92193      INFO  main            d.u.i.k.p.i.AbstractProblemLoader Creating init config 
95001      DEBUG main            d.u.i.k.p.i.AbstractProblemLoader Init config took 2.81s 
95049      INFO  main            d.u.i.k.p.i.AbstractProblemLoader Replaying proof AmortizedQueue[AmortizedQueue::front()].JML normal_behavior operation contract.0 
95113      DEBUG main            d.u.i.k.p.i.IntermediateProofReplayer Proof replay took 59.92ms 
95114      DEBUG main            d.u.i.k.p.r.p.TestFile    ... success: reloaded. 
95116      INFO  main            d.u.i.k.p.r.p.TestFile    Now processing file /home/runner/work/key/key/key.core/../key.ui/examples/heap/vstte10_05_Queue/LinkedList_concat.key 
95119      INFO  main            d.u.i.k.p.i.AbstractProblemLoader Loading environment from /home/runner/work/key/key/key.core/../key.ui/examples/heap/vstte10_05_Queue/LinkedList_concat.key 
95119      DEBUG main            d.u.i.k.p.i.AbstractProblemLoader Environment load took 250ns 
95120      INFO  main            d.u.i.k.p.i.AbstractProblemLoader Creating init config 
98052      DEBUG main            d.u.i.k.p.i.AbstractProblemLoader Init config took 2.93s 
98100      INFO  main            d.u.i.k.p.i.AbstractProblemLoader Replaying proof LinkedList[LinkedList::concat(LinkedList)].JML normal_behavior operation contract.0 
98102      DEBUG main            d.u.i.k.p.i.IntermediateProofReplayer Proof replay took 6ns 
107844     INFO  main            d.u.i.k.p.r.p.TestFile    ... finished proof: closed. 
108139     INFO  main            d.u.i.k.p.i.AbstractProblemLoader Loading environment from /home/runner/work/key/key/key.core/../key.ui/examples/heap/vstte10_05_Queue/LinkedList_concat.key.proof 
108140     DEBUG main            d.u.i.k.p.i.AbstractProblemLoader Environment load took 470.6ns 
108142     INFO  main            d.u.i.k.p.i.AbstractProblemLoader Creating init config 
110919     DEBUG main            d.u.i.k.p.i.AbstractProblemLoader Init config took 2.78s 
110984     INFO  main            d.u.i.k.p.i.AbstractProblemLoader Replaying proof LinkedList[LinkedList::concat(LinkedList)].JML normal_behavior operation contract.0 
111927     DEBUG main            d.u.i.k.p.i.IntermediateProofReplayer Proof replay took 903.83ms 
111929     DEBUG main            d.u.i.k.p.r.p.TestFile    ... success: reloaded. 
111931     INFO  main            d.u.i.k.p.r.p.TestFile    Now processing file /home/runner/work/key/key/key.core/../key.ui/examples/heap/vstte10_05_Queue/LinkedList_cons.key 
111931     INFO  main            d.u.i.k.p.i.AbstractProblemLoader Loading environment from /home/runner/work/key/key/key.core/../key.ui/examples/heap/vstte10_05_Queue/LinkedList_cons.key 
111932     DEBUG main            d.u.i.k.p.i.AbstractProblemLoader Environment load took 257.7ns 
111933     INFO  main            d.u.i.k.p.i.AbstractProblemLoader Creating init config 
114794     DEBUG main            d.u.i.k.p.i.AbstractProblemLoader Init config took 2.86s 
114841     INFO  main            d.u.i.k.p.i.AbstractProblemLoader Replaying proof LinkedList[LinkedList::cons(int)].JML normal_behavior operation contract.0 
114843     DEBUG main            d.u.i.k.p.i.IntermediateProofReplayer Proof replay took 6.9ns 
117454     INFO  main            d.u.i.k.p.r.p.TestFile    ... finished proof: closed. 
117727     INFO  main            d.u.i.k.p.i.AbstractProblemLoader Loading environment from /home/runner/work/key/key/key.core/../key.ui/examples/heap/vstte10_05_Queue/LinkedList_cons.key.proof 
117728     DEBUG main            d.u.i.k.p.i.AbstractProblemLoader Environment load took 459.5ns 
117729     INFO  main            d.u.i.k.p.i.AbstractProblemLoader Creating init config 
120533     DEBUG main            d.u.i.k.p.i.AbstractProblemLoader Init config took 2.8s 
120580     INFO  main            d.u.i.k.p.i.AbstractProblemLoader Replaying proof LinkedList[LinkedList::cons(int)].JML normal_behavior operation contract.0 
120899     DEBUG main            d.u.i.k.p.i.IntermediateProofReplayer Proof replay took 309.45ms 
120901     DEBUG main            d.u.i.k.p.r.p.TestFile    ... success: reloaded. 
120902     INFO  main            d.u.i.k.p.r.p.TestFile    Now processing file /home/runner/work/key/key/key.core/../key.ui/examples/heap/vstte10_05_Queue/LinkedList_head.key 
120902     INFO  main            d.u.i.k.p.i.AbstractProblemLoader Loading environment from /home/runner/work/key/key/key.core/../key.ui/examples/heap/vstte10_05_Queue/LinkedList_head.key 
120902     DEBUG main            d.u.i.k.p.i.AbstractProblemLoader Environment load took 75.8ns 
120903     INFO  main            d.u.i.k.p.i.AbstractProblemLoader Creating init config 
123768     DEBUG main            d.u.i.k.p.i.AbstractProblemLoader Init config took 2.86s 
123815     INFO  main            d.u.i.k.p.i.AbstractProblemLoader Replaying proof LinkedList[LinkedList::head()].JML normal_behavior operation contract.0 
123816     DEBUG main            d.u.i.k.p.i.IntermediateProofReplayer Proof replay took 6.1ns 
123918     INFO  main            d.u.i.k.p.r.p.TestFile    ... finished proof: closed. 
124150     INFO  main            d.u.i.k.p.i.AbstractProblemLoader Loading environment from /home/runner/work/key/key/key.core/../key.ui/examples/heap/vstte10_05_Queue/LinkedList_head.key.proof 
124150     DEBUG main            d.u.i.k.p.i.AbstractProblemLoader Environment load took 122ns 
124151     INFO  main            d.u.i.k.p.i.AbstractProblemLoader Creating init config 
126988     DEBUG main            d.u.i.k.p.i.AbstractProblemLoader Init config took 2.84s 
127033     INFO  main            d.u.i.k.p.i.AbstractProblemLoader Replaying proof LinkedList[LinkedList::head()].JML normal_behavior operation contract.0 
127050     DEBUG main            d.u.i.k.p.i.IntermediateProofReplayer Proof replay took 14.01ms 
127051     DEBUG main            d.u.i.k.p.r.p.TestFile    ... success: reloaded. 
127052     INFO  main            d.u.i.k.p.r.p.TestFile    Now processing file /home/runner/work/key/key/key.core/../key.ui/examples/heap/vstte10_05_Queue/LinkedList_inv.key 
127052     INFO  main            d.u.i.k.p.i.AbstractProblemLoader Loading environment from /home/runner/work/key/key/key.core/../key.ui/examples/heap/vstte10_05_Queue/LinkedList_inv.key 
127053     DEBUG main            d.u.i.k.p.i.AbstractProblemLoader Environment load took 242.5ns 
127054     INFO  main            d.u.i.k.p.i.AbstractProblemLoader Creating init config 
129872     DEBUG main            d.u.i.k.p.i.AbstractProblemLoader Init config took 2.82s 
129922     INFO  main            d.u.i.k.p.i.AbstractProblemLoader Replaying proof LinkedList[java.lang.Object::<inv>()].JML accessible clause.0 
129925     DEBUG main            d.u.i.k.p.i.IntermediateProofReplayer Proof replay took 7.4ns 
130234     INFO  main            d.u.i.k.p.r.p.TestFile    ... finished proof: closed. 
130465     INFO  main            d.u.i.k.p.i.AbstractProblemLoader Loading environment from /home/runner/work/key/key/key.core/../key.ui/examples/heap/vstte10_05_Queue/LinkedList_inv.key.proof 
130465     DEBUG main            d.u.i.k.p.i.AbstractProblemLoader Environment load took 129.4ns 
130466     INFO  main            d.u.i.k.p.i.AbstractProblemLoader Creating init config 
133284     DEBUG main            d.u.i.k.p.i.AbstractProblemLoader Init config took 2.82s 
133333     INFO  main            d.u.i.k.p.i.AbstractProblemLoader Replaying proof LinkedList[java.lang.Object::<inv>()].JML accessible clause.0 
133367     DEBUG main            d.u.i.k.p.i.IntermediateProofReplayer Proof replay took 31.09ms 
133368     DEBUG main            d.u.i.k.p.r.p.TestFile    ... success: reloaded. 
133369     INFO  main            d.u.i.k.p.r.p.TestFile    Now processing file /home/runner/work/key/key/key.core/../key.ui/examples/heap/vstte10_05_Queue/LinkedList_length.key 
133369     INFO  main            d.u.i.k.p.i.AbstractProblemLoader Loading environment from /home/runner/work/key/key/key.core/../key.ui/examples/heap/vstte10_05_Queue/LinkedList_length.key 
133369     DEBUG main            d.u.i.k.p.i.AbstractProblemLoader Environment load took 112.4ns 
133370     INFO  main            d.u.i.k.p.i.AbstractProblemLoader Creating init config 
136152     DEBUG main            d.u.i.k.p.i.AbstractProblemLoader Init config took 2.78s 
136198     INFO  main            d.u.i.k.p.i.AbstractProblemLoader Replaying proof LinkedList[LinkedList::length()].JML normal_behavior operation contract.0 
136200     DEBUG main            d.u.i.k.p.i.IntermediateProofReplayer Proof replay took 6ns 
136302     INFO  main            d.u.i.k.p.r.p.TestFile    ... finished proof: closed. 
136560     INFO  main            d.u.i.k.p.i.AbstractProblemLoader Loading environment from /home/runner/work/key/key/key.core/../key.ui/examples/heap/vstte10_05_Queue/LinkedList_length.key.proof 
136561     DEBUG main            d.u.i.k.p.i.AbstractProblemLoader Environment load took 131.8ns 
136562     INFO  main            d.u.i.k.p.i.AbstractProblemLoader Creating init config 
139295     DEBUG main            d.u.i.k.p.i.AbstractProblemLoader Init config took 2.73s 
139339     INFO  main            d.u.i.k.p.i.AbstractProblemLoader Replaying proof LinkedList[LinkedList::length()].JML normal_behavior operation contract.0 
139354     DEBUG main            d.u.i.k.p.i.IntermediateProofReplayer Proof replay took 13.82ms 
139355     DEBUG main            d.u.i.k.p.r.p.TestFile    ... success: reloaded. 
139356     INFO  main            d.u.i.k.p.r.p.TestFile    Now processing file /home/runner/work/key/key/key.core/../key.ui/examples/heap/vstte10_05_Queue/LinkedList_LinkedList1.key 
139356     INFO  main            d.u.i.k.p.i.AbstractProblemLoader Loading environment from /home/runner/work/key/key/key.core/../key.ui/examples/heap/vstte10_05_Queue/LinkedList_LinkedList1.key 
139357     DEBUG main            d.u.i.k.p.i.AbstractProblemLoader Environment load took 97ns 
139357     INFO  main            d.u.i.k.p.i.AbstractProblemLoader Creating init config 
142209     DEBUG main            d.u.i.k.p.i.AbstractProblemLoader Init config took 2.85s 
142258     INFO  main            d.u.i.k.p.i.AbstractProblemLoader Replaying proof LinkedList[LinkedList::LinkedList(int,LinkedList)].JML normal_behavior operation contract.0 
142261     DEBUG main            d.u.i.k.p.i.IntermediateProofReplayer Proof replay took 5.7ns 
144270     INFO  main            d.u.i.k.p.r.p.TestFile    ... finished proof: closed. 
144553     INFO  main            d.u.i.k.p.i.AbstractProblemLoader Loading environment from /home/runner/work/key/key/key.core/../key.ui/examples/heap/vstte10_05_Queue/LinkedList_LinkedList1.key.proof 
144554     DEBUG main            d.u.i.k.p.i.AbstractProblemLoader Environment load took 464.5ns 
144555     INFO  main            d.u.i.k.p.i.AbstractProblemLoader Creating init config 
147300     DEBUG main            d.u.i.k.p.i.AbstractProblemLoader Init config took 2.74s 
147344     INFO  main            d.u.i.k.p.i.AbstractProblemLoader Replaying proof LinkedList[LinkedList::LinkedList(int,LinkedList)].JML normal_behavior operation contract.0 
147626     DEBUG main            d.u.i.k.p.i.IntermediateProofReplayer Proof replay took 272.38ms 
147627     DEBUG main            d.u.i.k.p.r.p.TestFile    ... success: reloaded. 
147629     INFO  main            d.u.i.k.p.r.p.TestFile    Now processing file /home/runner/work/key/key/key.core/../key.ui/examples/heap/vstte10_05_Queue/LinkedList_LinkedList2.key 
147629     INFO  main            d.u.i.k.p.i.AbstractProblemLoader Loading environment from /home/runner/work/key/key/key.core/../key.ui/examples/heap/vstte10_05_Queue/LinkedList_LinkedList2.key 
147630     DEBUG main            d.u.i.k.p.i.AbstractProblemLoader Environment load took 198.3ns 
147630     INFO  main            d.u.i.k.p.i.AbstractProblemLoader Creating init config 
150432     DEBUG main            d.u.i.k.p.i.AbstractProblemLoader Init config took 2.8s 
150500     INFO  main            d.u.i.k.p.i.AbstractProblemLoader Replaying proof LinkedList[LinkedList::LinkedList(int,LinkedList)].JML normal_behavior operation contract.0 
150504     DEBUG main            d.u.i.k.p.i.IntermediateProofReplayer Proof replay took 6ns 
152511     INFO  main            d.u.i.k.p.r.p.TestFile    ... finished proof: closed. 
152812     INFO  main            d.u.i.k.p.i.AbstractProblemLoader Loading environment from /home/runner/work/key/key/key.core/../key.ui/examples/heap/vstte10_05_Queue/LinkedList_LinkedList2.key.proof 
152812     DEBUG main            d.u.i.k.p.i.AbstractProblemLoader Environment load took 226.7ns 
152813     INFO  main            d.u.i.k.p.i.AbstractProblemLoader Creating init config 
155587     DEBUG main            d.u.i.k.p.i.AbstractProblemLoader Init config took 2.77s 
155634     INFO  main            d.u.i.k.p.i.AbstractProblemLoader Replaying proof LinkedList[LinkedList::LinkedList(int,LinkedList)].JML normal_behavior operation contract.0 
155949     DEBUG main            d.u.i.k.p.i.IntermediateProofReplayer Proof replay took 307.09ms 
155951     DEBUG main            d.u.i.k.p.r.p.TestFile    ... success: reloaded. 
155953     INFO  main            d.u.i.k.p.r.p.TestFile    Now processing file /home/runner/work/key/key/key.core/../key.ui/examples/heap/vstte10_05_Queue/LinkedList_LinkedList3.key 
155953     INFO  main            d.u.i.k.p.i.AbstractProblemLoader Loading environment from /home/runner/work/key/key/key.core/../key.ui/examples/heap/vstte10_05_Queue/LinkedList_LinkedList3.key 
155953     DEBUG main            d.u.i.k.p.i.AbstractProblemLoader Environment load took 111.1ns 
155954     INFO  main            d.u.i.k.p.i.AbstractProblemLoader Creating init config 
158723     DEBUG main            d.u.i.k.p.i.AbstractProblemLoader Init config took 2.77s 
158767     INFO  main            d.u.i.k.p.i.AbstractProblemLoader Replaying proof LinkedList[LinkedList::LinkedList(int,LinkedList)].JML normal_behavior operation contract.0 
158769     DEBUG main            d.u.i.k.p.i.IntermediateProofReplayer Proof replay took 5.7ns 
173656     INFO  main            d.u.i.k.p.r.p.TestFile    ... finished proof: closed. 
174029     INFO  main            d.u.i.k.p.i.AbstractProblemLoader Loading environment from /home/runner/work/key/key/key.core/../key.ui/examples/heap/vstte10_05_Queue/LinkedList_LinkedList3.key.proof 
174030     DEBUG main            d.u.i.k.p.i.AbstractProblemLoader Environment load took 488.9ns 
174036     INFO  main            d.u.i.k.p.i.AbstractProblemLoader Creating init config 
176833     DEBUG main            d.u.i.k.p.i.AbstractProblemLoader Init config took 2.8s 
176879     INFO  main            d.u.i.k.p.i.AbstractProblemLoader Replaying proof LinkedList[LinkedList::LinkedList(int,LinkedList)].JML normal_behavior operation contract.0 
178392     DEBUG main            d.u.i.k.p.i.IntermediateProofReplayer Proof replay took 1.41s 
178402     DEBUG main            d.u.i.k.p.r.p.TestFile    ... success: reloaded. 
178404     INFO  main            d.u.i.k.p.r.p.TestFile    Now processing file /home/runner/work/key/key/key.core/../key.ui/examples/heap/vstte10_05_Queue/LinkedList_reverse.key 
178404     INFO  main            d.u.i.k.p.i.AbstractProblemLoader Loading environment from /home/runner/work/key/key/key.core/../key.ui/examples/heap/vstte10_05_Queue/LinkedList_reverse.key 
178404     DEBUG main            d.u.i.k.p.i.AbstractProblemLoader Environment load took 253.3ns 
178406     INFO  main            d.u.i.k.p.i.AbstractProblemLoader Creating init config 
181297     DEBUG main            d.u.i.k.p.i.AbstractProblemLoader Init config took 2.89s 
181346     INFO  main            d.u.i.k.p.i.AbstractProblemLoader Replaying proof LinkedList[LinkedList::reverse()].JML normal_behavior operation contract.0 
181348     DEBUG main            d.u.i.k.p.i.IntermediateProofReplayer Proof replay took 5.6ns 
191506     INFO  main            d.u.i.k.p.r.p.TestFile    ... finished proof: closed. 
191870     INFO  main            d.u.i.k.p.i.AbstractProblemLoader Loading environment from /home/runner/work/key/key/key.core/../key.ui/examples/heap/vstte10_05_Queue/LinkedList_reverse.key.proof 
191871     DEBUG main            d.u.i.k.p.i.AbstractProblemLoader Environment load took 586.4ns 
191874     INFO  main            d.u.i.k.p.i.AbstractProblemLoader Creating init config 
194574     DEBUG main            d.u.i.k.p.i.AbstractProblemLoader Init config took 2.7s 
194617     INFO  main            d.u.i.k.p.i.AbstractProblemLoader Replaying proof LinkedList[LinkedList::reverse()].JML normal_behavior operation contract.0 
195490     DEBUG main            d.u.i.k.p.i.IntermediateProofReplayer Proof replay took 838.79ms 
195492     DEBUG main            d.u.i.k.p.r.p.TestFile    ... success: reloaded. 
195494     INFO  main            d.u.i.k.p.r.p.TestFile    Now processing file /home/runner/work/key/key/key.core/../key.ui/examples/heap/vstte10_05_Queue/LinkedList_tail.key 
195494     INFO  main            d.u.i.k.p.i.AbstractProblemLoader Loading environment from /home/runner/work/key/key/key.core/../key.ui/examples/heap/vstte10_05_Queue/LinkedList_tail.key 
195494     DEBUG main            d.u.i.k.p.i.AbstractProblemLoader Environment load took 118.1ns 
195495     INFO  main            d.u.i.k.p.i.AbstractProblemLoader Creating init config 
198314     DEBUG main            d.u.i.k.p.i.AbstractProblemLoader Init config took 2.82s 
198381     INFO  main            d.u.i.k.p.i.AbstractProblemLoader Replaying proof LinkedList[LinkedList::tail()].JML normal_behavior operation contract.0 
198383     DEBUG main            d.u.i.k.p.i.IntermediateProofReplayer Proof replay took 64.1ns 
198986     INFO  main            d.u.i.k.p.r.p.TestFile    ... finished proof: closed. 
199287     INFO  main            d.u.i.k.p.i.AbstractProblemLoader Loading environment from /home/runner/work/key/key/key.core/../key.ui/examples/heap/vstte10_05_Queue/LinkedList_tail.key.proof 
199287     DEBUG main            d.u.i.k.p.i.AbstractProblemLoader Environment load took 462.9ns 
199289     INFO  main            d.u.i.k.p.i.AbstractProblemLoader Creating init config 
202023     DEBUG main            d.u.i.k.p.i.AbstractProblemLoader Init config took 2.73s 
202067     INFO  main            d.u.i.k.p.i.AbstractProblemLoader Replaying proof LinkedList[LinkedList::tail()].JML normal_behavior operation contract.0 
202192     DEBUG main            d.u.i.k.p.i.IntermediateProofReplayer Proof replay took 121.6ms 
202193     DEBUG main            d.u.i.k.p.r.p.TestFile    ... success: reloaded. 
2611583    INFO  Test worker     d.u.i.k.p.r.p.StatisticsFile Returning from test VSTTE10 
2611585    INFO  Test worker     d.u.i.k.p.r.p.StatisticsFile Running test WeideEtAl 
366        INFO  Timeout watchdog d.u.i.k.p.r.p.ForkedTestFileRunner Timeout watcher launched (2000 secs.) 
378        WARN  main            d.u.i.k.s.ProofSettings   The settings in /home/runner/.key/proof-settings.props are *not* read. 
410        INFO  main            d.u.i.k.p.r.p.TestFile    Now processing file /home/runner/work/key/key/key.core/../key.ui/examples/heap/WeideEtAl_01_AddAndMultiply/AddAndMultiply_add.key 
536        INFO  main            d.u.i.k.p.i.AbstractProblemLoader Loading environment from /home/runner/work/key/key/key.core/../key.ui/examples/heap/WeideEtAl_01_AddAndMultiply/AddAndMultiply_add.key 
556        DEBUG main            d.u.i.k.p.i.AbstractProblemLoader Environment load took 2.2ms 
824        INFO  main            d.u.i.k.p.i.AbstractProblemLoader Creating init config 
1914       DEBUG main            d.u.i.k.j.TypeConverter   No LDT found for Meta 
1915       DEBUG main            d.u.i.k.j.TypeConverter   No LDT found for Meta 
1918       DEBUG main            d.u.i.k.j.TypeConverter   No LDT found for Meta 
1918       DEBUG main            d.u.i.k.j.TypeConverter   No LDT found for Meta 
3379       DEBUG main            d.u.i.k.j.TypeConverter   No LDT found for JavaBigintExpression 
9299       DEBUG main            d.u.i.k.p.i.AbstractProblemLoader Init config took 8.47s 
9429       INFO  main            d.u.i.k.p.i.AbstractProblemLoader Replaying proof AddAndMultiply[AddAndMultiply::add(int,int)].JML normal_behavior operation contract.0 
9473       DEBUG main            d.u.i.k.p.i.IntermediateProofReplayer Proof replay took 32.8ns 
11315      INFO  main            d.u.i.k.p.r.p.TestFile    ... finished proof: closed. 
11529      INFO  main            d.u.i.k.p.i.AbstractProblemLoader Loading environment from /home/runner/work/key/key/key.core/../key.ui/examples/heap/WeideEtAl_01_AddAndMultiply/AddAndMultiply_add.key.proof 
11530      DEBUG main            d.u.i.k.p.i.AbstractProblemLoader Environment load took 489.2ns 
11532      INFO  main            d.u.i.k.p.i.AbstractProblemLoader Creating init config 
14897      DEBUG main            d.u.i.k.p.i.AbstractProblemLoader Init config took 3.36s 
14980      INFO  main            d.u.i.k.p.i.AbstractProblemLoader Replaying proof AddAndMultiply[AddAndMultiply::add(int,int)].JML normal_behavior operation contract.0 
15297      DEBUG main            d.u.i.k.p.i.IntermediateProofReplayer Proof replay took 294.77ms 
15306      DEBUG main            d.u.i.k.p.r.p.TestFile    ... success: reloaded. 
15308      INFO  main            d.u.i.k.p.r.p.TestFile    Now processing file /home/runner/work/key/key/key.core/../key.ui/examples/heap/WeideEtAl_01_AddAndMultiply/AddAndMultiply_mul.key 
15309      INFO  main            d.u.i.k.p.i.AbstractProblemLoader Loading environment from /home/runner/work/key/key/key.core/../key.ui/examples/heap/WeideEtAl_01_AddAndMultiply/AddAndMultiply_mul.key 
15309      DEBUG main            d.u.i.k.p.i.AbstractProblemLoader Environment load took 244.4ns 
15311      INFO  main            d.u.i.k.p.i.AbstractProblemLoader Creating init config 
18606      DEBUG main            d.u.i.k.p.i.AbstractProblemLoader Init config took 3.3s 
18667      INFO  main            d.u.i.k.p.i.AbstractProblemLoader Replaying proof AddAndMultiply[AddAndMultiply::mul(int,int)].JML normal_behavior operation contract.0 
18670      DEBUG main            d.u.i.k.p.i.IntermediateProofReplayer Proof replay took 5.8ns 
19275      INFO  main            d.u.i.k.p.r.p.TestFile    ... finished proof: closed. 
19440      INFO  main            d.u.i.k.p.i.AbstractProblemLoader Loading environment from /home/runner/work/key/key/key.core/../key.ui/examples/heap/WeideEtAl_01_AddAndMultiply/AddAndMultiply_mul.key.proof 
19441      DEBUG main            d.u.i.k.p.i.AbstractProblemLoader Environment load took 761.71ns 
19443      INFO  main            d.u.i.k.p.i.AbstractProblemLoader Creating init config 
22554      DEBUG main            d.u.i.k.p.i.AbstractProblemLoader Init config took 3.11s 
22611      INFO  main            d.u.i.k.p.i.AbstractProblemLoader Replaying proof AddAndMultiply[AddAndMultiply::mul(int,int)].JML normal_behavior operation contract.0 
22752      DEBUG main            d.u.i.k.p.i.IntermediateProofReplayer Proof replay took 135.55ms 
22754      DEBUG main            d.u.i.k.p.r.p.TestFile    ... success: reloaded. 
22755      INFO  main            d.u.i.k.p.r.p.TestFile    Now processing file /home/runner/work/key/key/key.core/../key.ui/examples/heap/WeideEtAl_02_BinarySearch/BinarySearch_search.key 
22755      INFO  main            d.u.i.k.p.i.AbstractProblemLoader Loading environment from /home/runner/work/key/key/key.core/../key.ui/examples/heap/WeideEtAl_02_BinarySearch/BinarySearch_search.key 
22756      DEBUG main            d.u.i.k.p.i.AbstractProblemLoader Environment load took 268.4ns 
22757      INFO  main            d.u.i.k.p.i.AbstractProblemLoader Creating init config 
25769      DEBUG main            d.u.i.k.p.i.AbstractProblemLoader Init config took 3.01s 
25818      INFO  main            d.u.i.k.p.i.AbstractProblemLoader Replaying proof BinarySearch[BinarySearch::search([I,int)].JML normal_behavior operation contract.0 
25823      DEBUG main            d.u.i.k.p.i.IntermediateProofReplayer Proof replay took 5.8ns 
29300      INFO  main            d.u.i.k.p.r.p.TestFile    ... finished proof: closed. 
29530      INFO  main            d.u.i.k.p.i.AbstractProblemLoader Loading environment from /home/runner/work/key/key/key.core/../key.ui/examples/heap/WeideEtAl_02_BinarySearch/BinarySearch_search.key.proof 
29530      DEBUG main            d.u.i.k.p.i.AbstractProblemLoader Environment load took 214.8ns 
29532      INFO  main            d.u.i.k.p.i.AbstractProblemLoader Creating init config 
32522      DEBUG main            d.u.i.k.p.i.AbstractProblemLoader Init config took 2.99s 
32569      INFO  main            d.u.i.k.p.i.AbstractProblemLoader Replaying proof BinarySearch[BinarySearch::search([I,int)].JML normal_behavior operation contract.0 
33257      DEBUG main            d.u.i.k.p.i.IntermediateProofReplayer Proof replay took 662.98ms 
33259      DEBUG main            d.u.i.k.p.r.p.TestFile    ... success: reloaded. 
2645027    INFO  Test worker     d.u.i.k.p.r.p.StatisticsFile Returning from test WeideEtAl 
2645028    INFO  Test worker     d.u.i.k.p.r.p.StatisticsFile Running test arithmetic 
429        INFO  Timeout watchdog d.u.i.k.p.r.p.ForkedTestFileRunner Timeout watcher launched (2000 secs.) 
438        WARN  main            d.u.i.k.s.ProofSettings   The settings in /home/runner/.key/proof-settings.props are *not* read. 
471        INFO  main            d.u.i.k.p.r.p.TestFile    Now processing file /home/runner/work/key/key/key.core/../key.ui/examples/standard_key/arith/binomial1.key 
597        INFO  main            d.u.i.k.p.i.AbstractProblemLoader Loading environment from /home/runner/work/key/key/key.core/../key.ui/examples/standard_key/arith/binomial1.key 
616        DEBUG main            d.u.i.k.p.i.AbstractProblemLoader Environment load took 2.18ms 
906        INFO  main            d.u.i.k.p.i.AbstractProblemLoader Creating init config 
2088       DEBUG main            d.u.i.k.j.TypeConverter   No LDT found for Meta 
2089       DEBUG main            d.u.i.k.j.TypeConverter   No LDT found for Meta 
2090       DEBUG main            d.u.i.k.j.TypeConverter   No LDT found for Meta 
2091       DEBUG main            d.u.i.k.j.TypeConverter   No LDT found for Meta 
3780       DEBUG main            d.u.i.k.j.TypeConverter   No LDT found for JavaBigintExpression 
9303       DEBUG main            d.u.i.k.p.i.AbstractProblemLoader Init config took 8.4s 
9371       INFO  main            d.u.i.k.p.i.AbstractProblemLoader Replaying proof binomial1.key 
9414       DEBUG main            d.u.i.k.p.i.IntermediateProofReplayer Proof replay took 40.6ns 
9798       INFO  main            d.u.i.k.p.r.p.TestFile    ... finished proof: closed. 
9911       INFO  main            d.u.i.k.p.i.AbstractProblemLoader Loading environment from /home/runner/work/key/key/key.core/../key.ui/examples/standard_key/arith/binomial1.key.proof 
9912       DEBUG main            d.u.i.k.p.i.AbstractProblemLoader Environment load took 1.76ms 
9918       INFO  main            d.u.i.k.p.i.AbstractProblemLoader Creating init config 
12941      DEBUG main            d.u.i.k.p.i.AbstractProblemLoader Init config took 3.02s 
12973      INFO  main            d.u.i.k.p.i.AbstractProblemLoader Replaying proof binomial1.key.proof 
12992      DEBUG main            d.u.i.k.p.i.IntermediateProofReplayer Proof replay took 14.54ms 
13004      DEBUG main            d.u.i.k.p.r.p.TestFile    ... success: reloaded. 
13005      INFO  main            d.u.i.k.p.r.p.TestFile    Now processing file /home/runner/work/key/key/key.core/../key.ui/examples/standard_key/arith/binomial2.key 
13006      INFO  main            d.u.i.k.p.i.AbstractProblemLoader Loading environment from /home/runner/work/key/key/key.core/../key.ui/examples/standard_key/arith/binomial2.key 
13006      DEBUG main            d.u.i.k.p.i.AbstractProblemLoader Environment load took 236ns 
13008      INFO  main            d.u.i.k.p.i.AbstractProblemLoader Creating init config 
15796      DEBUG main            d.u.i.k.p.i.AbstractProblemLoader Init config took 2.79s 
15827      INFO  main            d.u.i.k.p.i.AbstractProblemLoader Replaying proof binomial2.key 
15831      DEBUG main            d.u.i.k.p.i.IntermediateProofReplayer Proof replay took 6.3ns 
15934      INFO  main            d.u.i.k.p.r.p.TestFile    ... finished proof: closed. 
16072      INFO  main            d.u.i.k.p.i.AbstractProblemLoader Loading environment from /home/runner/work/key/key/key.core/../key.ui/examples/standard_key/arith/binomial2.key.proof 
16073      DEBUG main            d.u.i.k.p.i.AbstractProblemLoader Environment load took 624.6ns 
16075      INFO  main            d.u.i.k.p.i.AbstractProblemLoader Creating init config 
18753      DEBUG main            d.u.i.k.p.i.AbstractProblemLoader Init config took 2.68s 
18778      INFO  main            d.u.i.k.p.i.AbstractProblemLoader Replaying proof binomial2.key.proof 
18794      DEBUG main            d.u.i.k.p.i.IntermediateProofReplayer Proof replay took 13.13ms 
18795      DEBUG main            d.u.i.k.p.r.p.TestFile    ... success: reloaded. 
18797      INFO  main            d.u.i.k.p.r.p.TestFile    Now processing file /home/runner/work/key/key/key.core/../key.ui/examples/standard_key/arith/check_jdiv.key 
18797      INFO  main            d.u.i.k.p.i.AbstractProblemLoader Loading environment from /home/runner/work/key/key/key.core/../key.ui/examples/standard_key/arith/check_jdiv.key 
18798      DEBUG main            d.u.i.k.p.i.AbstractProblemLoader Environment load took 285.9ns 
18800      INFO  main            d.u.i.k.p.i.AbstractProblemLoader Creating init config 
21499      DEBUG main            d.u.i.k.p.i.AbstractProblemLoader Init config took 2.7s 
21522      INFO  main            d.u.i.k.p.i.AbstractProblemLoader Replaying proof check_jdiv.key 
21528      DEBUG main            d.u.i.k.p.i.IntermediateProofReplayer Proof replay took 7.2ns 
27644      INFO  main            d.u.i.k.p.r.p.TestFile    ... finished proof: closed. 
27889      INFO  main            d.u.i.k.p.i.AbstractProblemLoader Loading environment from /home/runner/work/key/key/key.core/../key.ui/examples/standard_key/arith/check_jdiv.key.proof 
27890      DEBUG main            d.u.i.k.p.i.AbstractProblemLoader Environment load took 709.8ns 
27899      INFO  main            d.u.i.k.p.i.AbstractProblemLoader Creating init config 
30544      DEBUG main            d.u.i.k.p.i.AbstractProblemLoader Init config took 2.65s 
30565      INFO  main            d.u.i.k.p.i.AbstractProblemLoader Replaying proof check_jdiv.key.proof 
31116      DEBUG main            d.u.i.k.p.i.IntermediateProofReplayer Proof replay took 502.9ms 
31119      DEBUG main            d.u.i.k.p.r.p.TestFile    ... success: reloaded. 
31120      INFO  main            d.u.i.k.p.r.p.TestFile    Now processing file /home/runner/work/key/key/key.core/../key.ui/examples/standard_key/arith/check_jdiv_concrete.key 
31121      INFO  main            d.u.i.k.p.i.AbstractProblemLoader Loading environment from /home/runner/work/key/key/key.core/../key.ui/examples/standard_key/arith/check_jdiv_concrete.key 
31121      DEBUG main            d.u.i.k.p.i.AbstractProblemLoader Environment load took 311.3ns 
31124      INFO  main            d.u.i.k.p.i.AbstractProblemLoader Creating init config 
33764      DEBUG main            d.u.i.k.p.i.AbstractProblemLoader Init config took 2.64s 
33785      INFO  main            d.u.i.k.p.i.AbstractProblemLoader Replaying proof check_jdiv_concrete.key 
33787      DEBUG main            d.u.i.k.p.i.IntermediateProofReplayer Proof replay took 7.1ns 
33893      INFO  main            d.u.i.k.p.r.p.TestFile    ... finished proof: closed. 
34113      INFO  main            d.u.i.k.p.i.AbstractProblemLoader Loading environment from /home/runner/work/key/key/key.core/../key.ui/examples/standard_key/arith/check_jdiv_concrete.key.proof 
34113      DEBUG main            d.u.i.k.p.i.AbstractProblemLoader Environment load took 137.3ns 
34115      INFO  main            d.u.i.k.p.i.AbstractProblemLoader Creating init config 
36765      DEBUG main            d.u.i.k.p.i.AbstractProblemLoader Init config took 2.65s 
36792      INFO  main            d.u.i.k.p.i.AbstractProblemLoader Replaying proof check_jdiv_concrete.key.proof 
36799      DEBUG main            d.u.i.k.p.i.IntermediateProofReplayer Proof replay took 4.51ms 
36800      DEBUG main            d.u.i.k.p.r.p.TestFile    ... success: reloaded. 
36802      INFO  main            d.u.i.k.p.r.p.TestFile    Now processing file /home/runner/work/key/key/key.core/../key.ui/examples/standard_key/arith/check_jdiv_instantiated.key 
36802      INFO  main            d.u.i.k.p.i.AbstractProblemLoader Loading environment from /home/runner/work/key/key/key.core/../key.ui/examples/standard_key/arith/check_jdiv_instantiated.key 
36802      DEBUG main            d.u.i.k.p.i.AbstractProblemLoader Environment load took 267.7ns 
36804      INFO  main            d.u.i.k.p.i.AbstractProblemLoader Creating init config 
39557      DEBUG main            d.u.i.k.p.i.AbstractProblemLoader Init config took 2.75s 
39582      INFO  main            d.u.i.k.p.i.AbstractProblemLoader Replaying proof check_jdiv_instantiated.key 
39585      DEBUG main            d.u.i.k.p.i.IntermediateProofReplayer Proof replay took 7.1ns 
43541      INFO  main            d.u.i.k.p.r.p.TestFile    ... finished proof: closed. 
43754      INFO  main            d.u.i.k.p.i.AbstractProblemLoader Loading environment from /home/runner/work/key/key/key.core/../key.ui/examples/standard_key/arith/check_jdiv_instantiated.key.proof 
43754      DEBUG main            d.u.i.k.p.i.AbstractProblemLoader Environment load took 496.7ns 
43757      INFO  main            d.u.i.k.p.i.AbstractProblemLoader Creating init config 
46328      DEBUG main            d.u.i.k.p.i.AbstractProblemLoader Init config took 2.57s 
46365      INFO  main            d.u.i.k.p.i.AbstractProblemLoader Replaying proof check_jdiv_instantiated.key.proof 
46646      DEBUG main            d.u.i.k.p.i.IntermediateProofReplayer Proof replay took 252.66ms 
46649      DEBUG main            d.u.i.k.p.r.p.TestFile    ... success: reloaded. 
46651      INFO  main            d.u.i.k.p.r.p.TestFile    Now processing file /home/runner/work/key/key/key.core/../key.ui/examples/standard_key/arith/check_jmod.key 
46652      INFO  main            d.u.i.k.p.i.AbstractProblemLoader Loading environment from /home/runner/work/key/key/key.core/../key.ui/examples/standard_key/arith/check_jmod.key 
46653      DEBUG main            d.u.i.k.p.i.AbstractProblemLoader Environment load took 486.4ns 
46654      INFO  main            d.u.i.k.p.i.AbstractProblemLoader Creating init config 
49218      DEBUG main            d.u.i.k.p.i.AbstractProblemLoader Init config took 2.56s 
49238      INFO  main            d.u.i.k.p.i.AbstractProblemLoader Replaying proof check_jmod.key 
49241      DEBUG main            d.u.i.k.p.i.IntermediateProofReplayer Proof replay took 6.6ns 
49845      INFO  main            d.u.i.k.p.r.p.TestFile    ... finished proof: closed. 
50091      INFO  main            d.u.i.k.p.i.AbstractProblemLoader Loading environment from /home/runner/work/key/key/key.core/../key.ui/examples/standard_key/arith/check_jmod.key.proof 
50091      DEBUG main            d.u.i.k.p.i.AbstractProblemLoader Environment load took 466.2ns 
50093      INFO  main            d.u.i.k.p.i.AbstractProblemLoader Creating init config 
52586      DEBUG main            d.u.i.k.p.i.AbstractProblemLoader Init config took 2.49s 
52605      INFO  main            d.u.i.k.p.i.AbstractProblemLoader Replaying proof check_jmod.key.proof 
52671      DEBUG main            d.u.i.k.p.i.IntermediateProofReplayer Proof replay took 54.6ms 
52675      DEBUG main            d.u.i.k.p.r.p.TestFile    ... success: reloaded. 
52677      INFO  main            d.u.i.k.p.r.p.TestFile    Now processing file /home/runner/work/key/key/key.core/../key.ui/examples/standard_key/arith/complexExpressions.key 
52677      INFO  main            d.u.i.k.p.i.AbstractProblemLoader Loading environment from /home/runner/work/key/key/key.core/../key.ui/examples/standard_key/arith/complexExpressions.key 
52677      DEBUG main            d.u.i.k.p.i.AbstractProblemLoader Environment load took 234.8ns 
52679      INFO  main            d.u.i.k.p.i.AbstractProblemLoader Creating init config 
55313      DEBUG main            d.u.i.k.p.i.AbstractProblemLoader Init config took 2.63s 
55332      INFO  main            d.u.i.k.p.i.AbstractProblemLoader Replaying proof complexExpressions.key 
55334      DEBUG main            d.u.i.k.p.i.IntermediateProofReplayer Proof replay took 7.1ns 
55540      INFO  main            d.u.i.k.p.r.p.TestFile    ... finished proof: closed. 
55729      INFO  main            d.u.i.k.p.i.AbstractProblemLoader Loading environment from /home/runner/work/key/key/key.core/../key.ui/examples/standard_key/arith/complexExpressions.key.proof 
55729      DEBUG main            d.u.i.k.p.i.AbstractProblemLoader Environment load took 135.7ns 
55730      INFO  main            d.u.i.k.p.i.AbstractProblemLoader Creating init config 
58245      DEBUG main            d.u.i.k.p.i.AbstractProblemLoader Init config took 2.51s 
58264      INFO  main            d.u.i.k.p.i.AbstractProblemLoader Replaying proof complexExpressions.key.proof 
58278      DEBUG main            d.u.i.k.p.i.IntermediateProofReplayer Proof replay took 11.57ms 
58279      DEBUG main            d.u.i.k.p.r.p.TestFile    ... success: reloaded. 
58280      INFO  main            d.u.i.k.p.r.p.TestFile    Now processing file /home/runner/work/key/key/key.core/../key.ui/examples/standard_key/arith/compound_unaryMinus.key 
58280      INFO  main            d.u.i.k.p.i.AbstractProblemLoader Loading environment from /home/runner/work/key/key/key.core/../key.ui/examples/standard_key/arith/compound_unaryMinus.key 
58281      DEBUG main            d.u.i.k.p.i.AbstractProblemLoader Environment load took 221ns 
58282      INFO  main            d.u.i.k.p.i.AbstractProblemLoader Creating init config 
60859      DEBUG main            d.u.i.k.p.i.AbstractProblemLoader Init config took 2.58s 
60876      INFO  main            d.u.i.k.p.i.AbstractProblemLoader Replaying proof compound_unaryMinus.key 
60878      DEBUG main            d.u.i.k.p.i.IntermediateProofReplayer Proof replay took 6.7ns 
60981      INFO  main            d.u.i.k.p.r.p.TestFile    ... finished proof: closed. 
61169      INFO  main            d.u.i.k.p.i.AbstractProblemLoader Loading environment from /home/runner/work/key/key/key.core/../key.ui/examples/standard_key/arith/compound_unaryMinus.key.proof 
61170      DEBUG main            d.u.i.k.p.i.AbstractProblemLoader Environment load took 136.1ns 
61171      INFO  main            d.u.i.k.p.i.AbstractProblemLoader Creating init config 
63709      DEBUG main            d.u.i.k.p.i.AbstractProblemLoader Init config took 2.54s 
63726      INFO  main            d.u.i.k.p.i.AbstractProblemLoader Replaying proof compound_unaryMinus.key.proof 
63734      DEBUG main            d.u.i.k.p.i.IntermediateProofReplayer Proof replay took 4.73ms 
63735      DEBUG main            d.u.i.k.p.r.p.TestFile    ... success: reloaded. 
63736      INFO  main            d.u.i.k.p.r.p.TestFile    Now processing file /home/runner/work/key/key/key.core/../key.ui/examples/standard_key/arith/computation.key 
63736      INFO  main            d.u.i.k.p.i.AbstractProblemLoader Loading environment from /home/runner/work/key/key/key.core/../key.ui/examples/standard_key/arith/computation.key 
63736      DEBUG main            d.u.i.k.p.i.AbstractProblemLoader Environment load took 119.8ns 
63737      INFO  main            d.u.i.k.p.i.AbstractProblemLoader Creating init config 
66294      DEBUG main            d.u.i.k.p.i.AbstractProblemLoader Init config took 2.56s 
66319      INFO  main            d.u.i.k.p.i.AbstractProblemLoader Replaying proof computation.key 
66321      DEBUG main            d.u.i.k.p.i.IntermediateProofReplayer Proof replay took 7.9ns 
67944      INFO  main            d.u.i.k.p.r.p.TestFile    ... finished proof: closed. 
68217      INFO  main            d.u.i.k.p.i.AbstractProblemLoader Loading environment from /home/runner/work/key/key/key.core/../key.ui/examples/standard_key/arith/computation.key.proof 
68218      DEBUG main            d.u.i.k.p.i.AbstractProblemLoader Environment load took 630.3ns 
68220      INFO  main            d.u.i.k.p.i.AbstractProblemLoader Creating init config 
70679      DEBUG main            d.u.i.k.p.i.AbstractProblemLoader Init config took 2.46s 
70703      INFO  main            d.u.i.k.p.i.AbstractProblemLoader Replaying proof computation.key.proof 
70863      DEBUG main            d.u.i.k.p.i.IntermediateProofReplayer Proof replay took 154.23ms 
70864      DEBUG main            d.u.i.k.p.r.p.TestFile    ... success: reloaded. 
70865      INFO  main            d.u.i.k.p.r.p.TestFile    Now processing file /home/runner/work/key/key/key.core/../key.ui/examples/standard_key/arith/cubicSum.key 
70866      INFO  main            d.u.i.k.p.i.AbstractProblemLoader Loading environment from /home/runner/work/key/key/key.core/../key.ui/examples/standard_key/arith/cubicSum.key 
70866      DEBUG main            d.u.i.k.p.i.AbstractProblemLoader Environment load took 217.6ns 
70867      INFO  main            d.u.i.k.p.i.AbstractProblemLoader Creating init config 
73521      DEBUG main            d.u.i.k.p.i.AbstractProblemLoader Init config took 2.65s 
73539      INFO  main            d.u.i.k.p.i.AbstractProblemLoader Replaying proof cubicSum.key 
73541      DEBUG main            d.u.i.k.p.i.IntermediateProofReplayer Proof replay took 7.6ns 
74752      INFO  main            d.u.i.k.p.r.p.TestFile    ... finished proof: closed. 
75054      INFO  main            d.u.i.k.p.i.AbstractProblemLoader Loading environment from /home/runner/work/key/key/key.core/../key.ui/examples/standard_key/arith/cubicSum.key.proof 
75056      DEBUG main            d.u.i.k.p.i.AbstractProblemLoader Environment load took 1.27ms 
75057      INFO  main            d.u.i.k.p.i.AbstractProblemLoader Creating init config 
77697      DEBUG main            d.u.i.k.p.i.AbstractProblemLoader Init config took 2.64s 
77716      INFO  main            d.u.i.k.p.i.AbstractProblemLoader Replaying proof cubicSum.key.proof 
77900      DEBUG main            d.u.i.k.p.i.IntermediateProofReplayer Proof replay took 179.67ms 
77902      DEBUG main            d.u.i.k.p.r.p.TestFile    ... success: reloaded. 
77903      INFO  main            d.u.i.k.p.r.p.TestFile    Now processing file /home/runner/work/key/key/key.core/../key.ui/examples/standard_key/arith/divByZero.key 
77904      INFO  main            d.u.i.k.p.i.AbstractProblemLoader Loading environment from /home/runner/work/key/key/key.core/../key.ui/examples/standard_key/arith/divByZero.key 
77904      DEBUG main            d.u.i.k.p.i.AbstractProblemLoader Environment load took 260.5ns 
77905      INFO  main            d.u.i.k.p.i.AbstractProblemLoader Creating init config 
80508      DEBUG main            d.u.i.k.p.i.AbstractProblemLoader Init config took 2.6s 
80525      INFO  main            d.u.i.k.p.i.AbstractProblemLoader Replaying proof divByZero.key 
80528      DEBUG main            d.u.i.k.p.i.IntermediateProofReplayer Proof replay took 8.8ns 
80730      INFO  main            d.u.i.k.p.r.p.TestFile    ... finished proof: closed. 
80965      INFO  main            d.u.i.k.p.i.AbstractProblemLoader Loading environment from /home/runner/work/key/key/key.core/../key.ui/examples/standard_key/arith/divByZero.key.proof 
80966      DEBUG main            d.u.i.k.p.i.AbstractProblemLoader Environment load took 131.7ns 
80967      INFO  main            d.u.i.k.p.i.AbstractProblemLoader Creating init config 
83522      DEBUG main            d.u.i.k.p.i.AbstractProblemLoader Init config took 2.56s 
83539      INFO  main            d.u.i.k.p.i.AbstractProblemLoader Replaying proof divByZero.key.proof 
83586      DEBUG main            d.u.i.k.p.i.IntermediateProofReplayer Proof replay took 43.83ms 
83587      DEBUG main            d.u.i.k.p.r.p.TestFile    ... success: reloaded. 
83588      INFO  main            d.u.i.k.p.r.p.TestFile    Now processing file /home/runner/work/key/key/key.core/../key.ui/examples/standard_key/arith/divisionAssoc.key 
83589      INFO  main            d.u.i.k.p.i.AbstractProblemLoader Loading environment from /home/runner/work/key/key/key.core/../key.ui/examples/standard_key/arith/divisionAssoc.key 
83589      DEBUG main            d.u.i.k.p.i.AbstractProblemLoader Environment load took 289.2ns 
83590      INFO  main            d.u.i.k.p.i.AbstractProblemLoader Creating init config 
86176      DEBUG main            d.u.i.k.p.i.AbstractProblemLoader Init config took 2.59s 
86190      INFO  main            d.u.i.k.p.i.AbstractProblemLoader Replaying proof divisionAssoc.key 
86192      DEBUG main            d.u.i.k.p.i.IntermediateProofReplayer Proof replay took 7.6ns 
86999      INFO  main            d.u.i.k.p.r.p.TestFile    ... finished proof: closed. 
87243      INFO  main            d.u.i.k.p.i.AbstractProblemLoader Loading environment from /home/runner/work/key/key/key.core/../key.ui/examples/standard_key/arith/divisionAssoc.key.proof 
87244      DEBUG main            d.u.i.k.p.i.AbstractProblemLoader Environment load took 547.9ns 
87245      INFO  main            d.u.i.k.p.i.AbstractProblemLoader Creating init config 
89749      DEBUG main            d.u.i.k.p.i.AbstractProblemLoader Init config took 2.5s 
89763      INFO  main            d.u.i.k.p.i.AbstractProblemLoader Replaying proof divisionAssoc.key.proof 
89820      DEBUG main            d.u.i.k.p.i.IntermediateProofReplayer Proof replay took 52.04ms 
89821      DEBUG main            d.u.i.k.p.r.p.TestFile    ... success: reloaded. 
89822      INFO  main            d.u.i.k.p.r.p.TestFile    Now processing file /home/runner/work/key/key/key.core/../key.ui/examples/standard_key/arith/divisionBy2.key 
89822      INFO  main            d.u.i.k.p.i.AbstractProblemLoader Loading environment from /home/runner/work/key/key/key.core/../key.ui/examples/standard_key/arith/divisionBy2.key 
89822      DEBUG main            d.u.i.k.p.i.AbstractProblemLoader Environment load took 121.3ns 
89823      INFO  main            d.u.i.k.p.i.AbstractProblemLoader Creating init config 
92393      DEBUG main            d.u.i.k.p.i.AbstractProblemLoader Init config took 2.57s 
92409      INFO  main            d.u.i.k.p.i.AbstractProblemLoader Replaying proof divisionBy2.key 
92410      DEBUG main            d.u.i.k.p.i.IntermediateProofReplayer Proof replay took 7.4ns 
92512      INFO  main            d.u.i.k.p.r.p.TestFile    ... finished proof: closed. 
92758      INFO  main            d.u.i.k.p.i.AbstractProblemLoader Loading environment from /home/runner/work/key/key/key.core/../key.ui/examples/standard_key/arith/divisionBy2.key.proof 
92758      DEBUG main            d.u.i.k.p.i.AbstractProblemLoader Environment load took 125.8ns 
92759      INFO  main            d.u.i.k.p.i.AbstractProblemLoader Creating init config 
95246      DEBUG main            d.u.i.k.p.i.AbstractProblemLoader Init config took 2.49s 
95261      INFO  main            d.u.i.k.p.i.AbstractProblemLoader Replaying proof divisionBy2.key.proof 
95275      DEBUG main            d.u.i.k.p.i.IntermediateProofReplayer Proof replay took 8.25ms 
95276      DEBUG main            d.u.i.k.p.r.p.TestFile    ... success: reloaded. 
95277      INFO  main            d.u.i.k.p.r.p.TestFile    Now processing file /home/runner/work/key/key/key.core/../key.ui/examples/standard_key/arith/euclidean/gcdHelp-post.key 
95277      INFO  main            d.u.i.k.p.i.AbstractProblemLoader Loading environment from /home/runner/work/key/key/key.core/../key.ui/examples/standard_key/arith/euclidean/gcdHelp-post.key 
95277      DEBUG main            d.u.i.k.p.i.AbstractProblemLoader Environment load took 223.5ns 
95279      INFO  main            d.u.i.k.p.i.AbstractProblemLoader Creating init config 
97994      DEBUG main            d.u.i.k.p.i.AbstractProblemLoader Init config took 2.71s 
98009      INFO  main            d.u.i.k.p.i.AbstractProblemLoader Replaying proof gcdHelp-post.key 
98011      DEBUG main            d.u.i.k.p.i.IntermediateProofReplayer Proof replay took 7.6ns 
102122     INFO  main            d.u.i.k.p.r.p.TestFile    ... finished proof: closed. 
102393     INFO  main            d.u.i.k.p.i.AbstractProblemLoader Loading environment from /home/runner/work/key/key/key.core/../key.ui/examples/standard_key/arith/euclidean/gcdHelp-post.key.proof 
102394     DEBUG main            d.u.i.k.p.i.AbstractProblemLoader Environment load took 534.1ns 
102396     INFO  main            d.u.i.k.p.i.AbstractProblemLoader Creating init config 
104980     DEBUG main            d.u.i.k.p.i.AbstractProblemLoader Init config took 2.58s 
104998     INFO  main            d.u.i.k.p.i.AbstractProblemLoader Replaying proof gcdHelp-post.key.proof 
105275     DEBUG main            d.u.i.k.p.i.IntermediateProofReplayer Proof replay took 267.14ms 
105277     DEBUG main            d.u.i.k.p.r.p.TestFile    ... success: reloaded. 
105280     INFO  main            d.u.i.k.p.r.p.TestFile    Now processing file /home/runner/work/key/key/key.core/../key.ui/examples/standard_key/arith/gemplusDecimal/add.key 
105280     INFO  main            d.u.i.k.p.i.AbstractProblemLoader Loading environment from /home/runner/work/key/key/key.core/../key.ui/examples/standard_key/arith/gemplusDecimal/add.key 
105280     DEBUG main            d.u.i.k.p.i.AbstractProblemLoader Environment load took 125.8ns 
105282     INFO  main            d.u.i.k.p.i.AbstractProblemLoader Creating init config 
107900     DEBUG main            d.u.i.k.p.i.AbstractProblemLoader Init config took 2.62s 
107917     INFO  main            d.u.i.k.p.i.AbstractProblemLoader Replaying proof add.key 
107918     DEBUG main            d.u.i.k.p.i.IntermediateProofReplayer Proof replay took 7.2ns 
156715     INFO  main            d.u.i.k.p.r.p.TestFile    ... finished proof: closed. 
157177     INFO  main            d.u.i.k.p.i.AbstractProblemLoader Loading environment from /home/runner/work/key/key/key.core/../key.ui/examples/standard_key/arith/gemplusDecimal/add.key.proof 
157177     DEBUG main            d.u.i.k.p.i.AbstractProblemLoader Environment load took 268.9ns 
157185     INFO  main            d.u.i.k.p.i.AbstractProblemLoader Creating init config 
159724     DEBUG main            d.u.i.k.p.i.AbstractProblemLoader Init config took 2.54s 
159743     INFO  main            d.u.i.k.p.i.AbstractProblemLoader Replaying proof add.key.proof 
164203     DEBUG main            d.u.i.k.p.i.IntermediateProofReplayer Proof replay took 4.32s 
164211     DEBUG main            d.u.i.k.p.r.p.TestFile    ... success: reloaded. 
164212     INFO  main            d.u.i.k.p.r.p.TestFile    Now processing file /home/runner/work/key/key/key.core/../key.ui/examples/standard_key/arith/jdivevenodd.key 
164213     INFO  main            d.u.i.k.p.i.AbstractProblemLoader Loading environment from /home/runner/work/key/key/key.core/../key.ui/examples/standard_key/arith/jdivevenodd.key 
164213     DEBUG main            d.u.i.k.p.i.AbstractProblemLoader Environment load took 144.1ns 
164214     INFO  main            d.u.i.k.p.i.AbstractProblemLoader Creating init config 
166756     DEBUG main            d.u.i.k.p.i.AbstractProblemLoader Init config took 2.54s 
166770     INFO  main            d.u.i.k.p.i.AbstractProblemLoader Replaying proof jdivevenodd.key 
166771     DEBUG main            d.u.i.k.p.i.IntermediateProofReplayer Proof replay took 7.1ns 
166975     INFO  main            d.u.i.k.p.r.p.TestFile    ... finished proof: closed. 
167360     INFO  main            d.u.i.k.p.i.AbstractProblemLoader Loading environment from /home/runner/work/key/key/key.core/../key.ui/examples/standard_key/arith/jdivevenodd.key.proof 
167360     DEBUG main            d.u.i.k.p.i.AbstractProblemLoader Environment load took 176.2ns 
167361     INFO  main            d.u.i.k.p.i.AbstractProblemLoader Creating init config 
169835     DEBUG main            d.u.i.k.p.i.AbstractProblemLoader Init config took 2.47s 
169851     INFO  main            d.u.i.k.p.i.AbstractProblemLoader Replaying proof jdivevenodd.key.proof 
169871     DEBUG main            d.u.i.k.p.i.IntermediateProofReplayer Proof replay took 17.4ms 
169872     DEBUG main            d.u.i.k.p.r.p.TestFile    ... success: reloaded. 
169873     INFO  main            d.u.i.k.p.r.p.TestFile    Now processing file /home/runner/work/key/key/key.core/../key.ui/examples/standard_key/arith/median.key 
169873     INFO  main            d.u.i.k.p.i.AbstractProblemLoader Loading environment from /home/runner/work/key/key/key.core/../key.ui/examples/standard_key/arith/median.key 
169873     DEBUG main            d.u.i.k.p.i.AbstractProblemLoader Environment load took 98.2ns 
169875     INFO  main            d.u.i.k.p.i.AbstractProblemLoader Creating init config 
172283     DEBUG main            d.u.i.k.p.i.AbstractProblemLoader Init config took 2.41s 
172299     INFO  main            d.u.i.k.p.i.AbstractProblemLoader Replaying proof median.key 
172301     DEBUG main            d.u.i.k.p.i.IntermediateProofReplayer Proof replay took 6.8ns 
190038     INFO  main            d.u.i.k.p.r.p.TestFile    ... finished proof: closed. 
190384     INFO  main            d.u.i.k.p.i.AbstractProblemLoader Loading environment from /home/runner/work/key/key/key.core/../key.ui/examples/standard_key/arith/median.key.proof 
190389     DEBUG main            d.u.i.k.p.i.AbstractProblemLoader Environment load took 5.77ms 
190393     INFO  main            d.u.i.k.p.i.AbstractProblemLoader Creating init config 
192877     DEBUG main            d.u.i.k.p.i.AbstractProblemLoader Init config took 2.48s 
192914     INFO  main            d.u.i.k.p.i.AbstractProblemLoader Replaying proof median.key.proof 
194258     DEBUG main            d.u.i.k.p.i.IntermediateProofReplayer Proof replay took 1.3s 
194261     DEBUG main            d.u.i.k.p.r.p.TestFile    ... success: reloaded. 
194262     INFO  main            d.u.i.k.p.r.p.TestFile    Now processing file /home/runner/work/key/key/key.core/../key.ui/examples/standard_key/arith/mod1.key 
194262     INFO  main            d.u.i.k.p.i.AbstractProblemLoader Loading environment from /home/runner/work/key/key/key.core/../key.ui/examples/standard_key/arith/mod1.key 
194262     DEBUG main            d.u.i.k.p.i.AbstractProblemLoader Environment load took 116.2ns 
194263     INFO  main            d.u.i.k.p.i.AbstractProblemLoader Creating init config 
196760     DEBUG main            d.u.i.k.p.i.AbstractProblemLoader Init config took 2.5s 
196775     INFO  main            d.u.i.k.p.i.AbstractProblemLoader Replaying proof mod1.key 
196776     DEBUG main            d.u.i.k.p.i.IntermediateProofReplayer Proof replay took 6.9ns 
196880     INFO  main            d.u.i.k.p.r.p.TestFile    ... finished proof: closed. 
197228     INFO  main            d.u.i.k.p.i.AbstractProblemLoader Loading environment from /home/runner/work/key/key/key.core/../key.ui/examples/standard_key/arith/mod1.key.proof 
197228     DEBUG main            d.u.i.k.p.i.AbstractProblemLoader Environment load took 106.6ns 
197229     INFO  main            d.u.i.k.p.i.AbstractProblemLoader Creating init config 
199725     DEBUG main            d.u.i.k.p.i.AbstractProblemLoader Init config took 2.5s 
199739     INFO  main            d.u.i.k.p.i.AbstractProblemLoader Replaying proof mod1.key.proof 
199744     DEBUG main            d.u.i.k.p.i.IntermediateProofReplayer Proof replay took 2.56ms 
199745     DEBUG main            d.u.i.k.p.r.p.TestFile    ... success: reloaded. 
199746     INFO  main            d.u.i.k.p.r.p.TestFile    Now processing file /home/runner/work/key/key/key.core/../key.ui/examples/standard_key/arith/mod2.key 
199746     INFO  main            d.u.i.k.p.i.AbstractProblemLoader Loading environment from /home/runner/work/key/key/key.core/../key.ui/examples/standard_key/arith/mod2.key 
199747     DEBUG main            d.u.i.k.p.i.AbstractProblemLoader Environment load took 250.5ns 
199748     INFO  main            d.u.i.k.p.i.AbstractProblemLoader Creating init config 
202214     DEBUG main            d.u.i.k.p.i.AbstractProblemLoader Init config took 2.47s 
202228     INFO  main            d.u.i.k.p.i.AbstractProblemLoader Replaying proof mod2.key 
202230     DEBUG main            d.u.i.k.p.i.IntermediateProofReplayer Proof replay took 6ns 
202332     INFO  main            d.u.i.k.p.r.p.TestFile    ... finished proof: closed. 
202594     INFO  main            d.u.i.k.p.i.AbstractProblemLoader Loading environment from /home/runner/work/key/key/key.core/../key.ui/examples/standard_key/arith/mod2.key.proof 
202595     DEBUG main            d.u.i.k.p.i.AbstractProblemLoader Environment load took 101.5ns 
202596     INFO  main            d.u.i.k.p.i.AbstractProblemLoader Creating init config 
204999     DEBUG main            d.u.i.k.p.i.AbstractProblemLoader Init config took 2.4s 
205013     INFO  main            d.u.i.k.p.i.AbstractProblemLoader Replaying proof mod2.key.proof 
205017     DEBUG main            d.u.i.k.p.i.IntermediateProofReplayer Proof replay took 2.16ms 
205018     DEBUG main            d.u.i.k.p.r.p.TestFile    ... success: reloaded. 
205019     INFO  main            d.u.i.k.p.r.p.TestFile    Now processing file /home/runner/work/key/key/key.core/../key.ui/examples/standard_key/arith/mod7.key 
205019     INFO  main            d.u.i.k.p.i.AbstractProblemLoader Loading environment from /home/runner/work/key/key/key.core/../key.ui/examples/standard_key/arith/mod7.key 
205019     DEBUG main            d.u.i.k.p.i.AbstractProblemLoader Environment load took 92.5ns 
205020     INFO  main            d.u.i.k.p.i.AbstractProblemLoader Creating init config 
207530     DEBUG main            d.u.i.k.p.i.AbstractProblemLoader Init config took 2.51s 
207544     INFO  main            d.u.i.k.p.i.AbstractProblemLoader Replaying proof mod7.key 
207547     DEBUG main            d.u.i.k.p.i.IntermediateProofReplayer Proof replay took 7.2ns 
207649     INFO  main            d.u.i.k.p.r.p.TestFile    ... finished proof: closed. 
207917     INFO  main            d.u.i.k.p.i.AbstractProblemLoader Loading environment from /home/runner/work/key/key/key.core/../key.ui/examples/standard_key/arith/mod7.key.proof 
207917     DEBUG main            d.u.i.k.p.i.AbstractProblemLoader Environment load took 165.1ns 
207919     INFO  main            d.u.i.k.p.i.AbstractProblemLoader Creating init config 
210289     DEBUG main            d.u.i.k.p.i.AbstractProblemLoader Init config took 2.37s 
210304     INFO  main            d.u.i.k.p.i.AbstractProblemLoader Replaying proof mod7.key.proof 
210312     DEBUG main            d.u.i.k.p.i.IntermediateProofReplayer Proof replay took 7.01ms 
210313     DEBUG main            d.u.i.k.p.r.p.TestFile    ... success: reloaded. 
210313     INFO  main            d.u.i.k.p.r.p.TestFile    Now processing file /home/runner/work/key/key/key.core/../key.ui/examples/standard_key/arith/overflow_hija.key 
210314     INFO  main            d.u.i.k.p.i.AbstractProblemLoader Loading environment from /home/runner/work/key/key/key.core/../key.ui/examples/standard_key/arith/overflow_hija.key 
210314     DEBUG main            d.u.i.k.p.i.AbstractProblemLoader Environment load took 63.1ns 
210315     INFO  main            d.u.i.k.p.i.AbstractProblemLoader Creating init config 
212871     DEBUG main            d.u.i.k.p.i.AbstractProblemLoader Init config took 2.56s 
212888     INFO  main            d.u.i.k.p.i.AbstractProblemLoader Replaying proof overflow_hija.key 
212890     DEBUG main            d.u.i.k.p.i.IntermediateProofReplayer Proof replay took 7ns 
218047     INFO  main            d.u.i.k.p.r.p.TestFile    ... finished proof: closed. 
218362     INFO  main            d.u.i.k.p.i.AbstractProblemLoader Loading environment from /home/runner/work/key/key/key.core/../key.ui/examples/standard_key/arith/overflow_hija.key.proof 
218362     DEBUG main            d.u.i.k.p.i.AbstractProblemLoader Environment load took 193ns 
218364     INFO  main            d.u.i.k.p.i.AbstractProblemLoader Creating init config 
220788     DEBUG main            d.u.i.k.p.i.AbstractProblemLoader Init config took 2.42s 
220806     INFO  main            d.u.i.k.p.i.AbstractProblemLoader Replaying proof overflow_hija.key.proof 
221213     DEBUG main            d.u.i.k.p.i.IntermediateProofReplayer Proof replay took 399.21ms 
221215     DEBUG main            d.u.i.k.p.r.p.TestFile    ... success: reloaded. 
221216     INFO  main            d.u.i.k.p.r.p.TestFile    Now processing file /home/runner/work/key/key/key.core/../key.ui/examples/standard_key/arith/poly_division0.key 
221217     INFO  main            d.u.i.k.p.i.AbstractProblemLoader Loading environment from /home/runner/work/key/key/key.core/../key.ui/examples/standard_key/arith/poly_division0.key 
221217     DEBUG main            d.u.i.k.p.i.AbstractProblemLoader Environment load took 116.5ns 
221218     INFO  main            d.u.i.k.p.i.AbstractProblemLoader Creating init config 
223768     DEBUG main            d.u.i.k.p.i.AbstractProblemLoader Init config took 2.55s 
223784     INFO  main            d.u.i.k.p.i.AbstractProblemLoader Replaying proof poly_division0.key 
223786     DEBUG main            d.u.i.k.p.i.IntermediateProofReplayer Proof replay took 8.2ns 
223888     INFO  main            d.u.i.k.p.r.p.TestFile    ... finished proof: closed. 
224237     INFO  main            d.u.i.k.p.i.AbstractProblemLoader Loading environment from /home/runner/work/key/key/key.core/../key.ui/examples/standard_key/arith/poly_division0.key.proof 
224237     DEBUG main            d.u.i.k.p.i.AbstractProblemLoader Environment load took 106.9ns 
224238     INFO  main            d.u.i.k.p.i.AbstractProblemLoader Creating init config 
226626     DEBUG main            d.u.i.k.p.i.AbstractProblemLoader Init config took 2.39s 
226640     INFO  main            d.u.i.k.p.i.AbstractProblemLoader Replaying proof poly_division0.key.proof 
226654     DEBUG main            d.u.i.k.p.i.IntermediateProofReplayer Proof replay took 12.12ms 
226655     DEBUG main            d.u.i.k.p.r.p.TestFile    ... success: reloaded. 
226656     INFO  main            d.u.i.k.p.r.p.TestFile    Now processing file /home/runner/work/key/key/key.core/../key.ui/examples/standard_key/arith/poly_division1.key 
226656     INFO  main            d.u.i.k.p.i.AbstractProblemLoader Loading environment from /home/runner/work/key/key/key.core/../key.ui/examples/standard_key/arith/poly_division1.key 
226656     DEBUG main            d.u.i.k.p.i.AbstractProblemLoader Environment load took 98.5ns 
226657     INFO  main            d.u.i.k.p.i.AbstractProblemLoader Creating init config 
229118     DEBUG main            d.u.i.k.p.i.AbstractProblemLoader Init config took 2.46s 
229132     INFO  main            d.u.i.k.p.i.AbstractProblemLoader Replaying proof poly_division1.key 
229133     DEBUG main            d.u.i.k.p.i.IntermediateProofReplayer Proof replay took 7.4ns 
229237     INFO  main            d.u.i.k.p.r.p.TestFile    ... finished proof: closed. 
229510     INFO  main            d.u.i.k.p.i.AbstractProblemLoader Loading environment from /home/runner/work/key/key/key.core/../key.ui/examples/standard_key/arith/poly_division1.key.proof 
229510     DEBUG main            d.u.i.k.p.i.AbstractProblemLoader Environment load took 522.5ns 
229514     INFO  main            d.u.i.k.p.i.AbstractProblemLoader Creating init config 
232017     DEBUG main            d.u.i.k.p.i.AbstractProblemLoader Init config took 2.5s 
232030     INFO  main            d.u.i.k.p.i.AbstractProblemLoader Replaying proof poly_division1.key.proof 
232040     DEBUG main            d.u.i.k.p.i.IntermediateProofReplayer Proof replay took 7.37ms 
232040     DEBUG main            d.u.i.k.p.r.p.TestFile    ... success: reloaded. 
232041     INFO  main            d.u.i.k.p.r.p.TestFile    Now processing file /home/runner/work/key/key/key.core/../key.ui/examples/standard_key/inEqSimp/division.key 
232041     INFO  main            d.u.i.k.p.i.AbstractProblemLoader Loading environment from /home/runner/work/key/key/key.core/../key.ui/examples/standard_key/inEqSimp/division.key 
232041     DEBUG main            d.u.i.k.p.i.AbstractProblemLoader Environment load took 119ns 
232042     INFO  main            d.u.i.k.p.i.AbstractProblemLoader Creating init config 
234566     DEBUG main            d.u.i.k.p.i.AbstractProblemLoader Init config took 2.52s 
234579     INFO  main            d.u.i.k.p.i.AbstractProblemLoader Replaying proof division.key 
234581     DEBUG main            d.u.i.k.p.i.IntermediateProofReplayer Proof replay took 6.5ns 
236787     INFO  main            d.u.i.k.p.r.p.TestFile    ... finished proof: closed. 
237096     INFO  main            d.u.i.k.p.i.AbstractProblemLoader Loading environment from /home/runner/work/key/key/key.core/../key.ui/examples/standard_key/inEqSimp/division.key.proof 
237097     DEBUG main            d.u.i.k.p.i.AbstractProblemLoader Environment load took 189.1ns 
237098     INFO  main            d.u.i.k.p.i.AbstractProblemLoader Creating init config 
239514     DEBUG main            d.u.i.k.p.i.AbstractProblemLoader Init config took 2.42s 
239528     INFO  main            d.u.i.k.p.i.AbstractProblemLoader Replaying proof division.key.proof 
239635     DEBUG main            d.u.i.k.p.i.IntermediateProofReplayer Proof replay took 99.43ms 
239636     DEBUG main            d.u.i.k.p.r.p.TestFile    ... success: reloaded. 
239637     INFO  main            d.u.i.k.p.r.p.TestFile    Now processing file /home/runner/work/key/key/key.core/../key.ui/examples/standard_key/inEqSimp/inequations0.key 
239638     INFO  main            d.u.i.k.p.i.AbstractProblemLoader Loading environment from /home/runner/work/key/key/key.core/../key.ui/examples/standard_key/inEqSimp/inequations0.key 
239638     DEBUG main            d.u.i.k.p.i.AbstractProblemLoader Environment load took 217.4ns 
239639     INFO  main            d.u.i.k.p.i.AbstractProblemLoader Creating init config 
242153     DEBUG main            d.u.i.k.p.i.AbstractProblemLoader Init config took 2.51s 
242166     INFO  main            d.u.i.k.p.i.AbstractProblemLoader Replaying proof inequations0.key 
242168     DEBUG main            d.u.i.k.p.i.IntermediateProofReplayer Proof replay took 36.5ns 
242270     INFO  main            d.u.i.k.p.r.p.TestFile    ... finished proof: closed. 
242611     INFO  main            d.u.i.k.p.i.AbstractProblemLoader Loading environment from /home/runner/work/key/key/key.core/../key.ui/examples/standard_key/inEqSimp/inequations0.key.proof 
242611     DEBUG main            d.u.i.k.p.i.AbstractProblemLoader Environment load took 177ns 
242614     INFO  main            d.u.i.k.p.i.AbstractProblemLoader Creating init config 
245017     DEBUG main            d.u.i.k.p.i.AbstractProblemLoader Init config took 2.4s 
245030     INFO  main            d.u.i.k.p.i.AbstractProblemLoader Replaying proof inequations0.key.proof 
245034     DEBUG main            d.u.i.k.p.i.IntermediateProofReplayer Proof replay took 2.63ms 
245035     DEBUG main            d.u.i.k.p.r.p.TestFile    ... success: reloaded. 
245036     INFO  main            d.u.i.k.p.r.p.TestFile    Now processing file /home/runner/work/key/key/key.core/../key.ui/examples/standard_key/inEqSimp/inequations1.key 
245036     INFO  main            d.u.i.k.p.i.AbstractProblemLoader Loading environment from /home/runner/work/key/key/key.core/../key.ui/examples/standard_key/inEqSimp/inequations1.key 
245036     DEBUG main            d.u.i.k.p.i.AbstractProblemLoader Environment load took 97.5ns 
245037     INFO  main            d.u.i.k.p.i.AbstractProblemLoader Creating init config 
247456     DEBUG main            d.u.i.k.p.i.AbstractProblemLoader Init config took 2.42s 
247471     INFO  main            d.u.i.k.p.i.AbstractProblemLoader Replaying proof inequations1.key 
247473     DEBUG main            d.u.i.k.p.i.IntermediateProofReplayer Proof replay took 4ns 
247575     INFO  main            d.u.i.k.p.r.p.TestFile    ... finished proof: closed. 
247896     INFO  main            d.u.i.k.p.i.AbstractProblemLoader Loading environment from /home/runner/work/key/key/key.core/../key.ui/examples/standard_key/inEqSimp/inequations1.key.proof 
247896     DEBUG main            d.u.i.k.p.i.AbstractProblemLoader Environment load took 112.8ns 
247900     INFO  main            d.u.i.k.p.i.AbstractProblemLoader Creating init config 
250303     DEBUG main            d.u.i.k.p.i.AbstractProblemLoader Init config took 2.4s 
250317     INFO  main            d.u.i.k.p.i.AbstractProblemLoader Replaying proof inequations1.key.proof 
250320     DEBUG main            d.u.i.k.p.i.IntermediateProofReplayer Proof replay took 1.6ms 
250321     DEBUG main            d.u.i.k.p.r.p.TestFile    ... success: reloaded. 
250322     INFO  main            d.u.i.k.p.r.p.TestFile    Now processing file /home/runner/work/key/key/key.core/../key.ui/examples/standard_key/inEqSimp/inequations2.key 
250322     INFO  main            d.u.i.k.p.i.AbstractProblemLoader Loading environment from /home/runner/work/key/key/key.core/../key.ui/examples/standard_key/inEqSimp/inequations2.key 
250322     DEBUG main            d.u.i.k.p.i.AbstractProblemLoader Environment load took 100.7ns 
250323     INFO  main            d.u.i.k.p.i.AbstractProblemLoader Creating init config 
252763     DEBUG main            d.u.i.k.p.i.AbstractProblemLoader Init config took 2.44s 
252776     INFO  main            d.u.i.k.p.i.AbstractProblemLoader Replaying proof inequations2.key 
252780     DEBUG main            d.u.i.k.p.i.IntermediateProofReplayer Proof replay took 3.6ns 
252882     INFO  main            d.u.i.k.p.r.p.TestFile    ... finished proof: closed. 
253185     INFO  main            d.u.i.k.p.i.AbstractProblemLoader Loading environment from /home/runner/work/key/key/key.core/../key.ui/examples/standard_key/inEqSimp/inequations2.key.proof 
253185     DEBUG main            d.u.i.k.p.i.AbstractProblemLoader Environment load took 107.8ns 
253186     INFO  main            d.u.i.k.p.i.AbstractProblemLoader Creating init config 
255565     DEBUG main            d.u.i.k.p.i.AbstractProblemLoader Init config took 2.38s 
255580     INFO  main            d.u.i.k.p.i.AbstractProblemLoader Replaying proof inequations2.key.proof 
255584     DEBUG main            d.u.i.k.p.i.IntermediateProofReplayer Proof replay took 1.71ms 
255584     DEBUG main            d.u.i.k.p.r.p.TestFile    ... success: reloaded. 
255585     INFO  main            d.u.i.k.p.r.p.TestFile    Now processing file /home/runner/work/key/key/key.core/../key.ui/examples/standard_key/inEqSimp/linApprox.key 
255585     INFO  main            d.u.i.k.p.i.AbstractProblemLoader Loading environment from /home/runner/work/key/key/key.core/../key.ui/examples/standard_key/inEqSimp/linApprox.key 
255585     DEBUG main            d.u.i.k.p.i.AbstractProblemLoader Environment load took 114.7ns 
255586     INFO  main            d.u.i.k.p.i.AbstractProblemLoader Creating init config 
257995     DEBUG main            d.u.i.k.p.i.AbstractProblemLoader Init config took 2.41s 
258008     INFO  main            d.u.i.k.p.i.AbstractProblemLoader Replaying proof linApprox.key 
258009     DEBUG main            d.u.i.k.p.i.IntermediateProofReplayer Proof replay took 3ns 
258112     INFO  main            d.u.i.k.p.r.p.TestFile    ... finished proof: closed. 
258423     INFO  main            d.u.i.k.p.i.AbstractProblemLoader Loading environment from /home/runner/work/key/key/key.core/../key.ui/examples/standard_key/inEqSimp/linApprox.key.proof 
258423     DEBUG main            d.u.i.k.p.i.AbstractProblemLoader Environment load took 96.1ns 
258424     INFO  main            d.u.i.k.p.i.AbstractProblemLoader Creating init config 
260824     DEBUG main            d.u.i.k.p.i.AbstractProblemLoader Init config took 2.4s 
260837     INFO  main            d.u.i.k.p.i.AbstractProblemLoader Replaying proof linApprox.key.proof 
260842     DEBUG main            d.u.i.k.p.i.IntermediateProofReplayer Proof replay took 3.29ms 
260843     DEBUG main            d.u.i.k.p.r.p.TestFile    ... success: reloaded. 
260843     INFO  main            d.u.i.k.p.r.p.TestFile    Now processing file /home/runner/work/key/key/key.core/../key.ui/examples/standard_key/inEqSimp/nonLinInEqExample0.key 
260844     INFO  main            d.u.i.k.p.i.AbstractProblemLoader Loading environment from /home/runner/work/key/key/key.core/../key.ui/examples/standard_key/inEqSimp/nonLinInEqExample0.key 
260844     DEBUG main            d.u.i.k.p.i.AbstractProblemLoader Environment load took 123.4ns 
260845     INFO  main            d.u.i.k.p.i.AbstractProblemLoader Creating init config 
263253     DEBUG main            d.u.i.k.p.i.AbstractProblemLoader Init config took 2.41s 
263266     INFO  main            d.u.i.k.p.i.AbstractProblemLoader Replaying proof nonLinInEqExample0.key 
263268     DEBUG main            d.u.i.k.p.i.IntermediateProofReplayer Proof replay took 3.3ns 
263370     INFO  main            d.u.i.k.p.r.p.TestFile    ... finished proof: closed. 
263702     INFO  main            d.u.i.k.p.i.AbstractProblemLoader Loading environment from /home/runner/work/key/key/key.core/../key.ui/examples/standard_key/inEqSimp/nonLinInEqExample0.key.proof 
263702     DEBUG main            d.u.i.k.p.i.AbstractProblemLoader Environment load took 98.6ns 
263703     INFO  main            d.u.i.k.p.i.AbstractProblemLoader Creating init config 
266082     DEBUG main            d.u.i.k.p.i.AbstractProblemLoader Init config took 2.38s 
266095     INFO  main            d.u.i.k.p.i.AbstractProblemLoader Replaying proof nonLinInEqExample0.key.proof 
266098     DEBUG main            d.u.i.k.p.i.IntermediateProofReplayer Proof replay took 1.24ms 
266099     DEBUG main            d.u.i.k.p.r.p.TestFile    ... success: reloaded. 
266100     INFO  main            d.u.i.k.p.r.p.TestFile    Now processing file /home/runner/work/key/key/key.core/../key.ui/examples/standard_key/inEqSimp/nonLinInEqExample2.key 
266101     INFO  main            d.u.i.k.p.i.AbstractProblemLoader Loading environment from /home/runner/work/key/key/key.core/../key.ui/examples/standard_key/inEqSimp/nonLinInEqExample2.key 
266101     DEBUG main            d.u.i.k.p.i.AbstractProblemLoader Environment load took 113.8ns 
266102     INFO  main            d.u.i.k.p.i.AbstractProblemLoader Creating init config 
268538     DEBUG main            d.u.i.k.p.i.AbstractProblemLoader Init config took 2.44s 
268552     INFO  main            d.u.i.k.p.i.AbstractProblemLoader Replaying proof nonLinInEqExample2.key 
268553     DEBUG main            d.u.i.k.p.i.IntermediateProofReplayer Proof replay took 3.4ns 
268862     INFO  main            d.u.i.k.p.r.p.TestFile    ... finished proof: closed. 
269187     INFO  main            d.u.i.k.p.i.AbstractProblemLoader Loading environment from /home/runner/work/key/key/key.core/../key.ui/examples/standard_key/inEqSimp/nonLinInEqExample2.key.proof 
269187     DEBUG main            d.u.i.k.p.i.AbstractProblemLoader Environment load took 91.6ns 
269189     INFO  main            d.u.i.k.p.i.AbstractProblemLoader Creating init config 
271575     DEBUG main            d.u.i.k.p.i.AbstractProblemLoader Init config took 2.39s 
271588     INFO  main            d.u.i.k.p.i.AbstractProblemLoader Replaying proof nonLinInEqExample2.key.proof 
271623     DEBUG main            d.u.i.k.p.i.IntermediateProofReplayer Proof replay took 32.14ms 
271624     DEBUG main            d.u.i.k.p.r.p.TestFile    ... success: reloaded. 
271625     INFO  main            d.u.i.k.p.r.p.TestFile    Now processing file /home/runner/work/key/key/key.core/../key.ui/examples/standard_key/inEqSimp/nonLinInEqExample3.key 
271625     INFO  main            d.u.i.k.p.i.AbstractProblemLoader Loading environment from /home/runner/work/key/key/key.core/../key.ui/examples/standard_key/inEqSimp/nonLinInEqExample3.key 
271625     DEBUG main            d.u.i.k.p.i.AbstractProblemLoader Environment load took 65.7ns 
271626     INFO  main            d.u.i.k.p.i.AbstractProblemLoader Creating init config 
274082     DEBUG main            d.u.i.k.p.i.AbstractProblemLoader Init config took 2.46s 
274098     INFO  main            d.u.i.k.p.i.AbstractProblemLoader Replaying proof nonLinInEqExample3.key 
274100     DEBUG main            d.u.i.k.p.i.IntermediateProofReplayer Proof replay took 3.4ns 
274402     INFO  main            d.u.i.k.p.r.p.TestFile    ... finished proof: closed. 
274758     INFO  main            d.u.i.k.p.i.AbstractProblemLoader Loading environment from /home/runner/work/key/key/key.core/../key.ui/examples/standard_key/inEqSimp/nonLinInEqExample3.key.proof 
274758     DEBUG main            d.u.i.k.p.i.AbstractProblemLoader Environment load took 94.3ns 
274759     INFO  main            d.u.i.k.p.i.AbstractProblemLoader Creating init config 
277157     DEBUG main            d.u.i.k.p.i.AbstractProblemLoader Init config took 2.4s 
277170     INFO  main            d.u.i.k.p.i.AbstractProblemLoader Replaying proof nonLinInEqExample3.key.proof 
277191     DEBUG main            d.u.i.k.p.i.IntermediateProofReplayer Proof replay took 19.37ms 
277192     DEBUG main            d.u.i.k.p.r.p.TestFile    ... success: reloaded. 
277193     INFO  main            d.u.i.k.p.r.p.TestFile    Now processing file /home/runner/work/key/key/key.core/../key.ui/examples/standard_key/inEqSimp/nonLinInEqExample4.key 
277193     INFO  main            d.u.i.k.p.i.AbstractProblemLoader Loading environment from /home/runner/work/key/key/key.core/../key.ui/examples/standard_key/inEqSimp/nonLinInEqExample4.key 
277193     DEBUG main            d.u.i.k.p.i.AbstractProblemLoader Environment load took 69.4ns 
277195     INFO  main            d.u.i.k.p.i.AbstractProblemLoader Creating init config 
279695     DEBUG main            d.u.i.k.p.i.AbstractProblemLoader Init config took 2.5s 
279708     INFO  main            d.u.i.k.p.i.AbstractProblemLoader Replaying proof nonLinInEqExample4.key 
279709     DEBUG main            d.u.i.k.p.i.IntermediateProofReplayer Proof replay took 3ns 
279813     INFO  main            d.u.i.k.p.r.p.TestFile    ... finished proof: closed. 
280177     INFO  main            d.u.i.k.p.i.AbstractProblemLoader Loading environment from /home/runner/work/key/key/key.core/../key.ui/examples/standard_key/inEqSimp/nonLinInEqExample4.key.proof 
280177     DEBUG main            d.u.i.k.p.i.AbstractProblemLoader Environment load took 106.5ns 
280178     INFO  main            d.u.i.k.p.i.AbstractProblemLoader Creating init config 
282553     DEBUG main            d.u.i.k.p.i.AbstractProblemLoader Init config took 2.38s 
282568     INFO  main            d.u.i.k.p.i.AbstractProblemLoader Replaying proof nonLinInEqExample4.key.proof 
282577     DEBUG main            d.u.i.k.p.i.IntermediateProofReplayer Proof replay took 4.89ms 
282578     DEBUG main            d.u.i.k.p.r.p.TestFile    ... success: reloaded. 
282580     INFO  main            d.u.i.k.p.r.p.TestFile    Now processing file /home/runner/work/key/key/key.core/../key.ui/examples/standard_key/inEqSimp/quadraticInEq.key 
282581     INFO  main            d.u.i.k.p.i.AbstractProblemLoader Loading environment from /home/runner/work/key/key/key.core/../key.ui/examples/standard_key/inEqSimp/quadraticInEq.key 
282581     DEBUG main            d.u.i.k.p.i.AbstractProblemLoader Environment load took 218.7ns 
282583     INFO  main            d.u.i.k.p.i.AbstractProblemLoader Creating init config 
285019     DEBUG main            d.u.i.k.p.i.AbstractProblemLoader Init config took 2.44s 
285035     INFO  main            d.u.i.k.p.i.AbstractProblemLoader Replaying proof quadraticInEq.key 
285037     DEBUG main            d.u.i.k.p.i.IntermediateProofReplayer Proof replay took 3.6ns 
285441     INFO  main            d.u.i.k.p.r.p.TestFile    ... finished proof: closed. 
285814     INFO  main            d.u.i.k.p.i.AbstractProblemLoader Loading environment from /home/runner/work/key/key/key.core/../key.ui/examples/standard_key/inEqSimp/quadraticInEq.key.proof 
285815     DEBUG main            d.u.i.k.p.i.AbstractProblemLoader Environment load took 90.2ns 
285816     INFO  main            d.u.i.k.p.i.AbstractProblemLoader Creating init config 
288214     DEBUG main            d.u.i.k.p.i.AbstractProblemLoader Init config took 2.4s 
288229     INFO  main            d.u.i.k.p.i.AbstractProblemLoader Replaying proof quadraticInEq.key.proof 
288278     DEBUG main            d.u.i.k.p.i.IntermediateProofReplayer Proof replay took 45.37ms 
288282     DEBUG main            d.u.i.k.p.r.p.TestFile    ... success: reloaded. 
288283     INFO  main            d.u.i.k.p.r.p.TestFile    Now processing file /home/runner/work/key/key/key.core/../key.ui/examples/standard_key/inEqSimp/quadraticInEq10.key 
288283     INFO  main            d.u.i.k.p.i.AbstractProblemLoader Loading environment from /home/runner/work/key/key/key.core/../key.ui/examples/standard_key/inEqSimp/quadraticInEq10.key 
288283     DEBUG main            d.u.i.k.p.i.AbstractProblemLoader Environment load took 74.3ns 
288284     INFO  main            d.u.i.k.p.i.AbstractProblemLoader Creating init config 
290732     DEBUG main            d.u.i.k.p.i.AbstractProblemLoader Init config took 2.45s 
290744     INFO  main            d.u.i.k.p.i.AbstractProblemLoader Replaying proof quadraticInEq10.key 
290746     DEBUG main            d.u.i.k.p.i.IntermediateProofReplayer Proof replay took 3.2ns 
290949     INFO  main            d.u.i.k.p.r.p.TestFile    ... finished proof: closed. 
291309     INFO  main            d.u.i.k.p.i.AbstractProblemLoader Loading environment from /home/runner/work/key/key/key.core/../key.ui/examples/standard_key/inEqSimp/quadraticInEq10.key.proof 
291309     DEBUG main            d.u.i.k.p.i.AbstractProblemLoader Environment load took 122.5ns 
291310     INFO  main            d.u.i.k.p.i.AbstractProblemLoader Creating init config 
293684     DEBUG main            d.u.i.k.p.i.AbstractProblemLoader Init config took 2.37s 
293697     INFO  main            d.u.i.k.p.i.AbstractProblemLoader Replaying proof quadraticInEq10.key.proof 
293715     DEBUG main            d.u.i.k.p.i.IntermediateProofReplayer Proof replay took 15.43ms 
293716     DEBUG main            d.u.i.k.p.r.p.TestFile    ... success: reloaded. 
293717     INFO  main            d.u.i.k.p.r.p.TestFile    Now processing file /home/runner/work/key/key/key.core/../key.ui/examples/standard_key/inEqSimp/quadraticInEq13.key 
293717     INFO  main            d.u.i.k.p.i.AbstractProblemLoader Loading environment from /home/runner/work/key/key/key.core/../key.ui/examples/standard_key/inEqSimp/quadraticInEq13.key 
293717     DEBUG main            d.u.i.k.p.i.AbstractProblemLoader Environment load took 54.4ns 
293719     INFO  main            d.u.i.k.p.i.AbstractProblemLoader Creating init config 
296126     DEBUG main            d.u.i.k.p.i.AbstractProblemLoader Init config took 2.41s 
296140     INFO  main            d.u.i.k.p.i.AbstractProblemLoader Replaying proof quadraticInEq13.key 
296141     DEBUG main            d.u.i.k.p.i.IntermediateProofReplayer Proof replay took 2.9ns 
296443     INFO  main            d.u.i.k.p.r.p.TestFile    ... finished proof: closed. 
296807     INFO  main            d.u.i.k.p.i.AbstractProblemLoader Loading environment from /home/runner/work/key/key/key.core/../key.ui/examples/standard_key/inEqSimp/quadraticInEq13.key.proof 
296807     DEBUG main            d.u.i.k.p.i.AbstractProblemLoader Environment load took 85.7ns 
296808     INFO  main            d.u.i.k.p.i.AbstractProblemLoader Creating init config 
299212     DEBUG main            d.u.i.k.p.i.AbstractProblemLoader Init config took 2.4s 
299226     INFO  main            d.u.i.k.p.i.AbstractProblemLoader Replaying proof quadraticInEq13.key.proof 
299248     DEBUG main            d.u.i.k.p.i.IntermediateProofReplayer Proof replay took 20.09ms 
299249     DEBUG main            d.u.i.k.p.r.p.TestFile    ... success: reloaded. 
299250     INFO  main            d.u.i.k.p.r.p.TestFile    Now processing file /home/runner/work/key/key/key.core/../key.ui/examples/standard_key/inEqSimp/quadraticInEq14.key 
299250     INFO  main            d.u.i.k.p.i.AbstractProblemLoader Loading environment from /home/runner/work/key/key/key.core/../key.ui/examples/standard_key/inEqSimp/quadraticInEq14.key 
299250     DEBUG main            d.u.i.k.p.i.AbstractProblemLoader Environment load took 191.9ns 
299252     INFO  main            d.u.i.k.p.i.AbstractProblemLoader Creating init config 
301751     DEBUG main            d.u.i.k.p.i.AbstractProblemLoader Init config took 2.5s 
301780     INFO  main            d.u.i.k.p.i.AbstractProblemLoader Replaying proof quadraticInEq14.key 
301781     DEBUG main            d.u.i.k.p.i.IntermediateProofReplayer Proof replay took 2.9ns 
302088     INFO  main            d.u.i.k.p.r.p.TestFile    ... finished proof: closed. 
302467     INFO  main            d.u.i.k.p.i.AbstractProblemLoader Loading environment from /home/runner/work/key/key/key.core/../key.ui/examples/standard_key/inEqSimp/quadraticInEq14.key.proof 
302467     DEBUG main            d.u.i.k.p.i.AbstractProblemLoader Environment load took 86ns 
302468     INFO  main            d.u.i.k.p.i.AbstractProblemLoader Creating init config 
304928     DEBUG main            d.u.i.k.p.i.AbstractProblemLoader Init config took 2.46s 
304940     INFO  main            d.u.i.k.p.i.AbstractProblemLoader Replaying proof quadraticInEq14.key.proof 
304968     DEBUG main            d.u.i.k.p.i.IntermediateProofReplayer Proof replay took 24.23ms 
304969     DEBUG main            d.u.i.k.p.r.p.TestFile    ... success: reloaded. 
304970     INFO  main            d.u.i.k.p.r.p.TestFile    Now processing file /home/runner/work/key/key/key.core/../key.ui/examples/standard_key/inEqSimp/quadraticInEq2.key 
304970     INFO  main            d.u.i.k.p.i.AbstractProblemLoader Loading environment from /home/runner/work/key/key/key.core/../key.ui/examples/standard_key/inEqSimp/quadraticInEq2.key 
304970     DEBUG main            d.u.i.k.p.i.AbstractProblemLoader Environment load took 91.2ns 
304971     INFO  main            d.u.i.k.p.i.AbstractProblemLoader Creating init config 
307410     DEBUG main            d.u.i.k.p.i.AbstractProblemLoader Init config took 2.44s 
307424     INFO  main            d.u.i.k.p.i.AbstractProblemLoader Replaying proof quadraticInEq2.key 
307426     DEBUG main            d.u.i.k.p.i.IntermediateProofReplayer Proof replay took 3.5ns 
307529     INFO  main            d.u.i.k.p.r.p.TestFile    ... finished proof: closed. 
307941     INFO  main            d.u.i.k.p.i.AbstractProblemLoader Loading environment from /home/runner/work/key/key/key.core/../key.ui/examples/standard_key/inEqSimp/quadraticInEq2.key.proof 
307941     DEBUG main            d.u.i.k.p.i.AbstractProblemLoader Environment load took 91.5ns 
307942     INFO  main            d.u.i.k.p.i.AbstractProblemLoader Creating init config 
310353     DEBUG main            d.u.i.k.p.i.AbstractProblemLoader Init config took 2.41s 
310366     INFO  main            d.u.i.k.p.i.AbstractProblemLoader Replaying proof quadraticInEq2.key.proof 
310370     DEBUG main            d.u.i.k.p.i.IntermediateProofReplayer Proof replay took 2.39ms 
310371     DEBUG main            d.u.i.k.p.r.p.TestFile    ... success: reloaded. 
310371     INFO  main            d.u.i.k.p.r.p.TestFile    Now processing file /home/runner/work/key/key/key.core/../key.ui/examples/standard_key/inEqSimp/quadraticInEq3.key 
310372     INFO  main            d.u.i.k.p.i.AbstractProblemLoader Loading environment from /home/runner/work/key/key/key.core/../key.ui/examples/standard_key/inEqSimp/quadraticInEq3.key 
310372     DEBUG main            d.u.i.k.p.i.AbstractProblemLoader Environment load took 105.5ns 
310373     INFO  main            d.u.i.k.p.i.AbstractProblemLoader Creating init config 
312784     DEBUG main            d.u.i.k.p.i.AbstractProblemLoader Init config took 2.41s 
312796     INFO  main            d.u.i.k.p.i.AbstractProblemLoader Replaying proof quadraticInEq3.key 
312798     DEBUG main            d.u.i.k.p.i.IntermediateProofReplayer Proof replay took 3.6ns 
312904     INFO  main            d.u.i.k.p.r.p.TestFile    ... finished proof: closed. 
313277     INFO  main            d.u.i.k.p.i.AbstractProblemLoader Loading environment from /home/runner/work/key/key/key.core/../key.ui/examples/standard_key/inEqSimp/quadraticInEq3.key.proof 
313277     DEBUG main            d.u.i.k.p.i.AbstractProblemLoader Environment load took 95.9ns 
313278     INFO  main            d.u.i.k.p.i.AbstractProblemLoader Creating init config 
315652     DEBUG main            d.u.i.k.p.i.AbstractProblemLoader Init config took 2.37s 
315665     INFO  main            d.u.i.k.p.i.AbstractProblemLoader Replaying proof quadraticInEq3.key.proof 
315673     DEBUG main            d.u.i.k.p.i.IntermediateProofReplayer Proof replay took 6.53ms 
315674     DEBUG main            d.u.i.k.p.r.p.TestFile    ... success: reloaded. 
315674     INFO  main            d.u.i.k.p.r.p.TestFile    Now processing file /home/runner/work/key/key/key.core/../key.ui/examples/standard_key/inEqSimp/quadraticInEq4.key 
315675     INFO  main            d.u.i.k.p.i.AbstractProblemLoader Loading environment from /home/runner/work/key/key/key.core/../key.ui/examples/standard_key/inEqSimp/quadraticInEq4.key 
315675     DEBUG main            d.u.i.k.p.i.AbstractProblemLoader Environment load took 98.8ns 
315676     INFO  main            d.u.i.k.p.i.AbstractProblemLoader Creating init config 
318061     DEBUG main            d.u.i.k.p.i.AbstractProblemLoader Init config took 2.38s 
318074     INFO  main            d.u.i.k.p.i.AbstractProblemLoader Replaying proof quadraticInEq4.key 
318075     DEBUG main            d.u.i.k.p.i.IntermediateProofReplayer Proof replay took 2.9ns 
318176     INFO  main            d.u.i.k.p.r.p.TestFile    ... finished proof: closed. 
318560     INFO  main            d.u.i.k.p.i.AbstractProblemLoader Loading environment from /home/runner/work/key/key/key.core/../key.ui/examples/standard_key/inEqSimp/quadraticInEq4.key.proof 
318560     DEBUG main            d.u.i.k.p.i.AbstractProblemLoader Environment load took 86.2ns 
318562     INFO  main            d.u.i.k.p.i.AbstractProblemLoader Creating init config 
320953     DEBUG main            d.u.i.k.p.i.AbstractProblemLoader Init config took 2.39s 
320966     INFO  main            d.u.i.k.p.i.AbstractProblemLoader Replaying proof quadraticInEq4.key.proof 
320972     DEBUG main            d.u.i.k.p.i.IntermediateProofReplayer Proof replay took 4.89ms 
320973     DEBUG main            d.u.i.k.p.r.p.TestFile    ... success: reloaded. 
320974     INFO  main            d.u.i.k.p.r.p.TestFile    Now processing file /home/runner/work/key/key/key.core/../key.ui/examples/standard_key/inEqSimp/quadraticInEq5.key 
320974     INFO  main            d.u.i.k.p.i.AbstractProblemLoader Loading environment from /home/runner/work/key/key/key.core/../key.ui/examples/standard_key/inEqSimp/quadraticInEq5.key 
320974     DEBUG main            d.u.i.k.p.i.AbstractProblemLoader Environment load took 51.2ns 
320975     INFO  main            d.u.i.k.p.i.AbstractProblemLoader Creating init config 
323364     DEBUG main            d.u.i.k.p.i.AbstractProblemLoader Init config took 2.39s 
323377     INFO  main            d.u.i.k.p.i.AbstractProblemLoader Replaying proof quadraticInEq5.key 
323379     DEBUG main            d.u.i.k.p.i.IntermediateProofReplayer Proof replay took 3.4ns 
323480     INFO  main            d.u.i.k.p.r.p.TestFile    ... finished proof: closed. 
323868     INFO  main            d.u.i.k.p.i.AbstractProblemLoader Loading environment from /home/runner/work/key/key/key.core/../key.ui/examples/standard_key/inEqSimp/quadraticInEq5.key.proof 
323869     DEBUG main            d.u.i.k.p.i.AbstractProblemLoader Environment load took 89.8ns 
323870     INFO  main            d.u.i.k.p.i.AbstractProblemLoader Creating init config 
326233     DEBUG main            d.u.i.k.p.i.AbstractProblemLoader Init config took 2.36s 
326246     INFO  main            d.u.i.k.p.i.AbstractProblemLoader Replaying proof quadraticInEq5.key.proof 
326252     DEBUG main            d.u.i.k.p.i.IntermediateProofReplayer Proof replay took 4.82ms 
326253     DEBUG main            d.u.i.k.p.r.p.TestFile    ... success: reloaded. 
326253     INFO  main            d.u.i.k.p.r.p.TestFile    Now processing file /home/runner/work/key/key/key.core/../key.ui/examples/standard_key/inEqSimp/quadraticInEq6.key 
326254     INFO  main            d.u.i.k.p.i.AbstractProblemLoader Loading environment from /home/runner/work/key/key/key.core/../key.ui/examples/standard_key/inEqSimp/quadraticInEq6.key 
326254     DEBUG main            d.u.i.k.p.i.AbstractProblemLoader Environment load took 56.9ns 
326255     INFO  main            d.u.i.k.p.i.AbstractProblemLoader Creating init config 
328646     DEBUG main            d.u.i.k.p.i.AbstractProblemLoader Init config took 2.39s 
328659     INFO  main            d.u.i.k.p.i.AbstractProblemLoader Replaying proof quadraticInEq6.key 
328661     DEBUG main            d.u.i.k.p.i.IntermediateProofReplayer Proof replay took 3.2ns 
328762     INFO  main            d.u.i.k.p.r.p.TestFile    ... finished proof: closed. 
329146     INFO  main            d.u.i.k.p.i.AbstractProblemLoader Loading environment from /home/runner/work/key/key/key.core/../key.ui/examples/standard_key/inEqSimp/quadraticInEq6.key.proof 
329146     DEBUG main            d.u.i.k.p.i.AbstractProblemLoader Environment load took 99.8ns 
329147     INFO  main            d.u.i.k.p.i.AbstractProblemLoader Creating init config 
331495     DEBUG main            d.u.i.k.p.i.AbstractProblemLoader Init config took 2.35s 
331507     INFO  main            d.u.i.k.p.i.AbstractProblemLoader Replaying proof quadraticInEq6.key.proof 
331514     DEBUG main            d.u.i.k.p.i.IntermediateProofReplayer Proof replay took 4.8ms 
331515     DEBUG main            d.u.i.k.p.r.p.TestFile    ... success: reloaded. 
331515     INFO  main            d.u.i.k.p.r.p.TestFile    Now processing file /home/runner/work/key/key/key.core/../key.ui/examples/standard_key/inEqSimp/quadraticInEq7.key 
331516     INFO  main            d.u.i.k.p.i.AbstractProblemLoader Loading environment from /home/runner/work/key/key/key.core/../key.ui/examples/standard_key/inEqSimp/quadraticInEq7.key 
331516     DEBUG main            d.u.i.k.p.i.AbstractProblemLoader Environment load took 63.2ns 
331517     INFO  main            d.u.i.k.p.i.AbstractProblemLoader Creating init config 
333924     DEBUG main            d.u.i.k.p.i.AbstractProblemLoader Init config took 2.41s 
333936     INFO  main            d.u.i.k.p.i.AbstractProblemLoader Replaying proof quadraticInEq7.key 
333938     DEBUG main            d.u.i.k.p.i.IntermediateProofReplayer Proof replay took 3.3ns 
334039     INFO  main            d.u.i.k.p.r.p.TestFile    ... finished proof: closed. 
334434     INFO  main            d.u.i.k.p.i.AbstractProblemLoader Loading environment from /home/runner/work/key/key/key.core/../key.ui/examples/standard_key/inEqSimp/quadraticInEq7.key.proof 
334434     DEBUG main            d.u.i.k.p.i.AbstractProblemLoader Environment load took 99.1ns 
334435     INFO  main            d.u.i.k.p.i.AbstractProblemLoader Creating init config 
336780     DEBUG main            d.u.i.k.p.i.AbstractProblemLoader Init config took 2.34s 
336793     INFO  main            d.u.i.k.p.i.AbstractProblemLoader Replaying proof quadraticInEq7.key.proof 
336799     DEBUG main            d.u.i.k.p.i.IntermediateProofReplayer Proof replay took 2.78ms 
336799     DEBUG main            d.u.i.k.p.r.p.TestFile    ... success: reloaded. 
336802     INFO  main            d.u.i.k.p.r.p.TestFile    Now processing file /home/runner/work/key/key/key.core/../key.ui/examples/standard_key/inEqSimp/quadraticInEq8.key 
336802     INFO  main            d.u.i.k.p.i.AbstractProblemLoader Loading environment from /home/runner/work/key/key/key.core/../key.ui/examples/standard_key/inEqSimp/quadraticInEq8.key 
336802     DEBUG main            d.u.i.k.p.i.AbstractProblemLoader Environment load took 208.3ns 
336804     INFO  main            d.u.i.k.p.i.AbstractProblemLoader Creating init config 
339246     DEBUG main            d.u.i.k.p.i.AbstractProblemLoader Init config took 2.44s 
339259     INFO  main            d.u.i.k.p.i.AbstractProblemLoader Replaying proof quadraticInEq8.key 
339261     DEBUG main            d.u.i.k.p.i.IntermediateProofReplayer Proof replay took 3.8ns 
339463     INFO  main            d.u.i.k.p.r.p.TestFile    ... finished proof: closed. 
339883     INFO  main            d.u.i.k.p.i.AbstractProblemLoader Loading environment from /home/runner/work/key/key/key.core/../key.ui/examples/standard_key/inEqSimp/quadraticInEq8.key.proof 
339883     DEBUG main            d.u.i.k.p.i.AbstractProblemLoader Environment load took 93.2ns 
339884     INFO  main            d.u.i.k.p.i.AbstractProblemLoader Creating init config 
342253     DEBUG main            d.u.i.k.p.i.AbstractProblemLoader Init config took 2.37s 
342266     INFO  main            d.u.i.k.p.i.AbstractProblemLoader Replaying proof quadraticInEq8.key.proof 
342276     DEBUG main            d.u.i.k.p.i.IntermediateProofReplayer Proof replay took 8.23ms 
342277     DEBUG main            d.u.i.k.p.r.p.TestFile    ... success: reloaded. 
342277     INFO  main            d.u.i.k.p.r.p.TestFile    Now processing file /home/runner/work/key/key/key.core/../key.ui/examples/standard_key/inEqSimp/simplify0.key 
342278     INFO  main            d.u.i.k.p.i.AbstractProblemLoader Loading environment from /home/runner/work/key/key/key.core/../key.ui/examples/standard_key/inEqSimp/simplify0.key 
342278     DEBUG main            d.u.i.k.p.i.AbstractProblemLoader Environment load took 89.5ns 
342279     INFO  main            d.u.i.k.p.i.AbstractProblemLoader Creating init config 
344668     DEBUG main            d.u.i.k.p.i.AbstractProblemLoader Init config took 2.39s 
344682     INFO  main            d.u.i.k.p.i.AbstractProblemLoader Replaying proof simplify0.key 
344683     DEBUG main            d.u.i.k.p.i.IntermediateProofReplayer Proof replay took 3ns 
344785     INFO  main            d.u.i.k.p.r.p.TestFile    ... finished proof: closed. 
345214     INFO  main            d.u.i.k.p.i.AbstractProblemLoader Loading environment from /home/runner/work/key/key/key.core/../key.ui/examples/standard_key/inEqSimp/simplify0.key.proof 
345214     DEBUG main            d.u.i.k.p.i.AbstractProblemLoader Environment load took 85.1ns 
345215     INFO  main            d.u.i.k.p.i.AbstractProblemLoader Creating init config 
347615     DEBUG main            d.u.i.k.p.i.AbstractProblemLoader Init config took 2.4s 
347628     INFO  main            d.u.i.k.p.i.AbstractProblemLoader Replaying proof simplify0.key.proof 
347632     DEBUG main            d.u.i.k.p.i.IntermediateProofReplayer Proof replay took 2.66ms 
347633     DEBUG main            d.u.i.k.p.r.p.TestFile    ... success: reloaded. 
347634     INFO  main            d.u.i.k.p.r.p.TestFile    Now processing file /home/runner/work/key/key/key.core/../key.ui/examples/standard_key/inEqSimp/simplify1.key 
347634     INFO  main            d.u.i.k.p.i.AbstractProblemLoader Loading environment from /home/runner/work/key/key/key.core/../key.ui/examples/standard_key/inEqSimp/simplify1.key 
347634     DEBUG main            d.u.i.k.p.i.AbstractProblemLoader Environment load took 93.3ns 
347635     INFO  main            d.u.i.k.p.i.AbstractProblemLoader Creating init config 
350070     DEBUG main            d.u.i.k.p.i.AbstractProblemLoader Init config took 2.43s 
350082     INFO  main            d.u.i.k.p.i.AbstractProblemLoader Replaying proof simplify1.key 
350083     DEBUG main            d.u.i.k.p.i.IntermediateProofReplayer Proof replay took 3.4ns 
350184     INFO  main            d.u.i.k.p.r.p.TestFile    ... finished proof: closed. 
350607     INFO  main            d.u.i.k.p.i.AbstractProblemLoader Loading environment from /home/runner/work/key/key/key.core/../key.ui/examples/standard_key/inEqSimp/simplify1.key.proof 
350607     DEBUG main            d.u.i.k.p.i.AbstractProblemLoader Environment load took 79.3ns 
350608     INFO  main            d.u.i.k.p.i.AbstractProblemLoader Creating init config 
352974     DEBUG main            d.u.i.k.p.i.AbstractProblemLoader Init config took 2.37s 
352986     INFO  main            d.u.i.k.p.i.AbstractProblemLoader Replaying proof simplify1.key.proof 
352989     DEBUG main            d.u.i.k.p.i.IntermediateProofReplayer Proof replay took 1.27ms 
352989     DEBUG main            d.u.i.k.p.r.p.TestFile    ... success: reloaded. 
352990     INFO  main            d.u.i.k.p.r.p.TestFile    Now processing file /home/runner/work/key/key/key.core/../key.ui/examples/standard_key/inEqSimp/simplify2.key 
352991     INFO  main            d.u.i.k.p.i.AbstractProblemLoader Loading environment from /home/runner/work/key/key/key.core/../key.ui/examples/standard_key/inEqSimp/simplify2.key 
352991     DEBUG main            d.u.i.k.p.i.AbstractProblemLoader Environment load took 98.8ns 
352992     INFO  main            d.u.i.k.p.i.AbstractProblemLoader Creating init config 
355429     DEBUG main            d.u.i.k.p.i.AbstractProblemLoader Init config took 2.44s 
355445     INFO  main            d.u.i.k.p.i.AbstractProblemLoader Replaying proof simplify2.key 
355446     DEBUG main            d.u.i.k.p.i.IntermediateProofReplayer Proof replay took 3.3ns 
355547     INFO  main            d.u.i.k.p.r.p.TestFile    ... finished proof: closed. 
355972     INFO  main            d.u.i.k.p.i.AbstractProblemLoader Loading environment from /home/runner/work/key/key/key.core/../key.ui/examples/standard_key/inEqSimp/simplify2.key.proof 
355972     DEBUG main            d.u.i.k.p.i.AbstractProblemLoader Environment load took 86.5ns 
355973     INFO  main            d.u.i.k.p.i.AbstractProblemLoader Creating init config 
358333     DEBUG main            d.u.i.k.p.i.AbstractProblemLoader Init config took 2.36s 
358346     INFO  main            d.u.i.k.p.i.AbstractProblemLoader Replaying proof simplify2.key.proof 
358359     DEBUG main            d.u.i.k.p.i.IntermediateProofReplayer Proof replay took 11.7ms 
358360     DEBUG main            d.u.i.k.p.r.p.TestFile    ... success: reloaded. 
358361     INFO  main            d.u.i.k.p.r.p.TestFile    Now processing file /home/runner/work/key/key/key.core/../key.ui/examples/standard_key/inEqSimp/simplify3.key 
358361     INFO  main            d.u.i.k.p.i.AbstractProblemLoader Loading environment from /home/runner/work/key/key/key.core/../key.ui/examples/standard_key/inEqSimp/simplify3.key 
358361     DEBUG main            d.u.i.k.p.i.AbstractProblemLoader Environment load took 55.9ns 
358362     INFO  main            d.u.i.k.p.i.AbstractProblemLoader Creating init config 
360785     DEBUG main            d.u.i.k.p.i.AbstractProblemLoader Init config took 2.42s 
360798     INFO  main            d.u.i.k.p.i.AbstractProblemLoader Replaying proof simplify3.key 
360799     DEBUG main            d.u.i.k.p.i.IntermediateProofReplayer Proof replay took 3.1ns 
360901     INFO  main            d.u.i.k.p.r.p.TestFile    ... finished proof: closed. 
361319     INFO  main            d.u.i.k.p.i.AbstractProblemLoader Loading environment from /home/runner/work/key/key/key.core/../key.ui/examples/standard_key/inEqSimp/simplify3.key.proof 
361319     DEBUG main            d.u.i.k.p.i.AbstractProblemLoader Environment load took 85.1ns 
361320     INFO  main            d.u.i.k.p.i.AbstractProblemLoader Creating init config 
363729     DEBUG main            d.u.i.k.p.i.AbstractProblemLoader Init config took 2.41s 
363743     INFO  main            d.u.i.k.p.i.AbstractProblemLoader Replaying proof simplify3.key.proof 
363746     DEBUG main            d.u.i.k.p.i.IntermediateProofReplayer Proof replay took 1.97ms 
363747     DEBUG main            d.u.i.k.p.r.p.TestFile    ... success: reloaded. 
363747     INFO  main            d.u.i.k.p.r.p.TestFile    Now processing file /home/runner/work/key/key/key.core/../key.ui/examples/standard_key/inEqSimp/simplify4.key 
363747     INFO  main            d.u.i.k.p.i.AbstractProblemLoader Loading environment from /home/runner/work/key/key/key.core/../key.ui/examples/standard_key/inEqSimp/simplify4.key 
363747     DEBUG main            d.u.i.k.p.i.AbstractProblemLoader Environment load took 55.1ns 
363748     INFO  main            d.u.i.k.p.i.AbstractProblemLoader Creating init config 
366130     DEBUG main            d.u.i.k.p.i.AbstractProblemLoader Init config took 2.38s 
366143     INFO  main            d.u.i.k.p.i.AbstractProblemLoader Replaying proof simplify4.key 
366144     DEBUG main            d.u.i.k.p.i.IntermediateProofReplayer Proof replay took 3ns 
366246     INFO  main            d.u.i.k.p.r.p.TestFile    ... finished proof: closed. 
366677     INFO  main            d.u.i.k.p.i.AbstractProblemLoader Loading environment from /home/runner/work/key/key/key.core/../key.ui/examples/standard_key/inEqSimp/simplify4.key.proof 
366677     DEBUG main            d.u.i.k.p.i.AbstractProblemLoader Environment load took 81.2ns 
366679     INFO  main            d.u.i.k.p.i.AbstractProblemLoader Creating init config 
369083     DEBUG main            d.u.i.k.p.i.AbstractProblemLoader Init config took 2.4s 
369097     INFO  main            d.u.i.k.p.i.AbstractProblemLoader Replaying proof simplify4.key.proof 
369114     DEBUG main            d.u.i.k.p.i.IntermediateProofReplayer Proof replay took 14.62ms 
369115     DEBUG main            d.u.i.k.p.r.p.TestFile    ... success: reloaded. 
369115     INFO  main            d.u.i.k.p.r.p.TestFile    Now processing file /home/runner/work/key/key/key.core/../key.ui/examples/standard_key/inEqSimp/simplify5.key 
369116     INFO  main            d.u.i.k.p.i.AbstractProblemLoader Loading environment from /home/runner/work/key/key/key.core/../key.ui/examples/standard_key/inEqSimp/simplify5.key 
369116     DEBUG main            d.u.i.k.p.i.AbstractProblemLoader Environment load took 102.5ns 
369117     INFO  main            d.u.i.k.p.i.AbstractProblemLoader Creating init config 
371513     DEBUG main            d.u.i.k.p.i.AbstractProblemLoader Init config took 2.4s 
371526     INFO  main            d.u.i.k.p.i.AbstractProblemLoader Replaying proof simplify5.key 
371528     DEBUG main            d.u.i.k.p.i.IntermediateProofReplayer Proof replay took 3.6ns 
372232     INFO  main            d.u.i.k.p.r.p.TestFile    ... finished proof: closed. 
372694     INFO  main            d.u.i.k.p.i.AbstractProblemLoader Loading environment from /home/runner/work/key/key/key.core/../key.ui/examples/standard_key/inEqSimp/simplify5.key.proof 
372694     DEBUG main            d.u.i.k.p.i.AbstractProblemLoader Environment load took 96.3ns 
372696     INFO  main            d.u.i.k.p.i.AbstractProblemLoader Creating init config 
375080     DEBUG main            d.u.i.k.p.i.AbstractProblemLoader Init config took 2.38s 
375095     INFO  main            d.u.i.k.p.i.AbstractProblemLoader Replaying proof simplify5.key.proof 
375166     DEBUG main            d.u.i.k.p.i.IntermediateProofReplayer Proof replay took 63.75ms 
375167     DEBUG main            d.u.i.k.p.r.p.TestFile    ... success: reloaded. 
375168     INFO  main            d.u.i.k.p.r.p.TestFile    Now processing file /home/runner/work/key/key/key.core/../key.ui/examples/standard_key/inEqSimp/subsumptionExample.key 
375168     INFO  main            d.u.i.k.p.i.AbstractProblemLoader Loading environment from /home/runner/work/key/key/key.core/../key.ui/examples/standard_key/inEqSimp/subsumptionExample.key 
375168     DEBUG main            d.u.i.k.p.i.AbstractProblemLoader Environment load took 84.1ns 
375169     INFO  main            d.u.i.k.p.i.AbstractProblemLoader Creating init config 
377636     DEBUG main            d.u.i.k.p.i.AbstractProblemLoader Init config took 2.47s 
377652     INFO  main            d.u.i.k.p.i.AbstractProblemLoader Replaying proof subsumptionExample.key 
377653     DEBUG main            d.u.i.k.p.i.IntermediateProofReplayer Proof replay took 3.1ns 
377755     INFO  main            d.u.i.k.p.r.p.TestFile    ... finished proof: closed. 
378222     INFO  main            d.u.i.k.p.i.AbstractProblemLoader Loading environment from /home/runner/work/key/key/key.core/../key.ui/examples/standard_key/inEqSimp/subsumptionExample.key.proof 
378222     DEBUG main            d.u.i.k.p.i.AbstractProblemLoader Environment load took 83.1ns 
378223     INFO  main            d.u.i.k.p.i.AbstractProblemLoader Creating init config 
380585     DEBUG main            d.u.i.k.p.i.AbstractProblemLoader Init config took 2.36s 
380599     INFO  main            d.u.i.k.p.i.AbstractProblemLoader Replaying proof subsumptionExample.key.proof 
380601     DEBUG main            d.u.i.k.p.i.IntermediateProofReplayer Proof replay took 816.61ns 
380601     DEBUG main            d.u.i.k.p.r.p.TestFile    ... success: reloaded. 
380602     INFO  main            d.u.i.k.p.r.p.TestFile    Now processing file /home/runner/work/key/key/key.core/../key.ui/examples/standard_key/polySimp/simplify0.key 
380602     INFO  main            d.u.i.k.p.i.AbstractProblemLoader Loading environment from /home/runner/work/key/key/key.core/../key.ui/examples/standard_key/polySimp/simplify0.key 
380602     DEBUG main            d.u.i.k.p.i.AbstractProblemLoader Environment load took 56ns 
380603     INFO  main            d.u.i.k.p.i.AbstractProblemLoader Creating init config 
383058     DEBUG main            d.u.i.k.p.i.AbstractProblemLoader Init config took 2.46s 
383073     INFO  main            d.u.i.k.p.i.AbstractProblemLoader Replaying proof simplify0.key 
383074     DEBUG main            d.u.i.k.p.i.IntermediateProofReplayer Proof replay took 3.1ns 
383276     INFO  main            d.u.i.k.p.r.p.TestFile    ... finished proof: closed. 
383746     INFO  main            d.u.i.k.p.i.AbstractProblemLoader Loading environment from /home/runner/work/key/key/key.core/../key.ui/examples/standard_key/polySimp/simplify0.key.proof 
383746     DEBUG main            d.u.i.k.p.i.AbstractProblemLoader Environment load took 86.6ns 
383748     INFO  main            d.u.i.k.p.i.AbstractProblemLoader Creating init config 
386152     DEBUG main            d.u.i.k.p.i.AbstractProblemLoader Init config took 2.4s 
386166     INFO  main            d.u.i.k.p.i.AbstractProblemLoader Replaying proof simplify0.key.proof 
386183     DEBUG main            d.u.i.k.p.i.IntermediateProofReplayer Proof replay took 15.55ms 
386184     DEBUG main            d.u.i.k.p.r.p.TestFile    ... success: reloaded. 
386185     INFO  main            d.u.i.k.p.r.p.TestFile    Now processing file /home/runner/work/key/key/key.core/../key.ui/examples/standard_key/polySimp/simplify1.key 
386185     INFO  main            d.u.i.k.p.i.AbstractProblemLoader Loading environment from /home/runner/work/key/key/key.core/../key.ui/examples/standard_key/polySimp/simplify1.key 
386185     DEBUG main            d.u.i.k.p.i.AbstractProblemLoader Environment load took 99.1ns 
386186     INFO  main            d.u.i.k.p.i.AbstractProblemLoader Creating init config 
388609     DEBUG main            d.u.i.k.p.i.AbstractProblemLoader Init config took 2.42s 
388627     INFO  main            d.u.i.k.p.i.AbstractProblemLoader Replaying proof simplify1.key 
388629     DEBUG main            d.u.i.k.p.i.IntermediateProofReplayer Proof replay took 3.7ns 
388933     INFO  main            d.u.i.k.p.r.p.TestFile    ... finished proof: closed. 
389409     INFO  main            d.u.i.k.p.i.AbstractProblemLoader Loading environment from /home/runner/work/key/key/key.core/../key.ui/examples/standard_key/polySimp/simplify1.key.proof 
389409     DEBUG main            d.u.i.k.p.i.AbstractProblemLoader Environment load took 93ns 
389411     INFO  main            d.u.i.k.p.i.AbstractProblemLoader Creating init config 
391783     DEBUG main            d.u.i.k.p.i.AbstractProblemLoader Init config took 2.37s 
391798     INFO  main            d.u.i.k.p.i.AbstractProblemLoader Replaying proof simplify1.key.proof 
391823     DEBUG main            d.u.i.k.p.i.IntermediateProofReplayer Proof replay took 22.88ms 
391823     DEBUG main            d.u.i.k.p.r.p.TestFile    ... success: reloaded. 
391824     INFO  main            d.u.i.k.p.r.p.TestFile    Now processing file /home/runner/work/key/key/key.core/../key.ui/examples/standard_key/polySimp/simplify10.key 
391824     INFO  main            d.u.i.k.p.i.AbstractProblemLoader Loading environment from /home/runner/work/key/key/key.core/../key.ui/examples/standard_key/polySimp/simplify10.key 
391824     DEBUG main            d.u.i.k.p.i.AbstractProblemLoader Environment load took 56.5ns 
391826     INFO  main            d.u.i.k.p.i.AbstractProblemLoader Creating init config 
394291     DEBUG main            d.u.i.k.p.i.AbstractProblemLoader Init config took 2.47s 
394305     INFO  main            d.u.i.k.p.i.AbstractProblemLoader Replaying proof simplify10.key 
394306     DEBUG main            d.u.i.k.p.i.IntermediateProofReplayer Proof replay took 4.1ns 
394609     INFO  main            d.u.i.k.p.r.p.TestFile    ... finished proof: closed. 
395118     INFO  main            d.u.i.k.p.i.AbstractProblemLoader Loading environment from /home/runner/work/key/key/key.core/../key.ui/examples/standard_key/polySimp/simplify10.key.proof 
395118     DEBUG main            d.u.i.k.p.i.AbstractProblemLoader Environment load took 98.5ns 
395119     INFO  main            d.u.i.k.p.i.AbstractProblemLoader Creating init config 
397570     DEBUG main            d.u.i.k.p.i.AbstractProblemLoader Init config took 2.45s 
397597     INFO  main            d.u.i.k.p.i.AbstractProblemLoader Replaying proof simplify10.key.proof 
397632     DEBUG main            d.u.i.k.p.i.IntermediateProofReplayer Proof replay took 32.74ms 
397633     DEBUG main            d.u.i.k.p.r.p.TestFile    ... success: reloaded. 
397634     INFO  main            d.u.i.k.p.r.p.TestFile    Now processing file /home/runner/work/key/key/key.core/../key.ui/examples/standard_key/polySimp/simplify11.key 
397634     INFO  main            d.u.i.k.p.i.AbstractProblemLoader Loading environment from /home/runner/work/key/key/key.core/../key.ui/examples/standard_key/polySimp/simplify11.key 
397634     DEBUG main            d.u.i.k.p.i.AbstractProblemLoader Environment load took 59.2ns 
397635     INFO  main            d.u.i.k.p.i.AbstractProblemLoader Creating init config 
400087     DEBUG main            d.u.i.k.p.i.AbstractProblemLoader Init config took 2.45s 
400100     INFO  main            d.u.i.k.p.i.AbstractProblemLoader Replaying proof simplify11.key 
400101     DEBUG main            d.u.i.k.p.i.IntermediateProofReplayer Proof replay took 4ns 
400403     INFO  main            d.u.i.k.p.r.p.TestFile    ... finished proof: closed. 
400916     INFO  main            d.u.i.k.p.i.AbstractProblemLoader Loading environment from /home/runner/work/key/key/key.core/../key.ui/examples/standard_key/polySimp/simplify11.key.proof 
400917     DEBUG main            d.u.i.k.p.i.AbstractProblemLoader Environment load took 87.8ns 
400918     INFO  main            d.u.i.k.p.i.AbstractProblemLoader Creating init config 
403483     DEBUG main            d.u.i.k.p.i.AbstractProblemLoader Init config took 2.56s 
403498     INFO  main            d.u.i.k.p.i.AbstractProblemLoader Replaying proof simplify11.key.proof 
403524     DEBUG main            d.u.i.k.p.i.IntermediateProofReplayer Proof replay took 23.04ms 
403526     DEBUG main            d.u.i.k.p.r.p.TestFile    ... success: reloaded. 
403526     INFO  main            d.u.i.k.p.r.p.TestFile    Now processing file /home/runner/work/key/key/key.core/../key.ui/examples/standard_key/polySimp/simplify12.key 
403527     INFO  main            d.u.i.k.p.i.AbstractProblemLoader Loading environment from /home/runner/work/key/key/key.core/../key.ui/examples/standard_key/polySimp/simplify12.key 
403527     DEBUG main            d.u.i.k.p.i.AbstractProblemLoader Environment load took 207.4ns 
403528     INFO  main            d.u.i.k.p.i.AbstractProblemLoader Creating init config 
406220     DEBUG main            d.u.i.k.p.i.AbstractProblemLoader Init config took 2.69s 
406235     INFO  main            d.u.i.k.p.i.AbstractProblemLoader Replaying proof simplify12.key 
406261     DEBUG main            d.u.i.k.p.i.IntermediateProofReplayer Proof replay took 3ns 
406363     INFO  main            d.u.i.k.p.r.p.TestFile    ... finished proof: closed. 
406828     INFO  main            d.u.i.k.p.i.AbstractProblemLoader Loading environment from /home/runner/work/key/key/key.core/../key.ui/examples/standard_key/polySimp/simplify12.key.proof 
406828     DEBUG main            d.u.i.k.p.i.AbstractProblemLoader Environment load took 125.6ns 
406829     INFO  main            d.u.i.k.p.i.AbstractProblemLoader Creating init config 
409208     DEBUG main            d.u.i.k.p.i.AbstractProblemLoader Init config took 2.38s 
409226     INFO  main            d.u.i.k.p.i.AbstractProblemLoader Replaying proof simplify12.key.proof 
409244     DEBUG main            d.u.i.k.p.i.IntermediateProofReplayer Proof replay took 11.22ms 
409245     DEBUG main            d.u.i.k.p.r.p.TestFile    ... success: reloaded. 
409245     INFO  main            d.u.i.k.p.r.p.TestFile    Now processing file /home/runner/work/key/key/key.core/../key.ui/examples/standard_key/polySimp/simplify13.key 
409246     INFO  main            d.u.i.k.p.i.AbstractProblemLoader Loading environment from /home/runner/work/key/key/key.core/../key.ui/examples/standard_key/polySimp/simplify13.key 
409246     DEBUG main            d.u.i.k.p.i.AbstractProblemLoader Environment load took 58.2ns 
409247     INFO  main            d.u.i.k.p.i.AbstractProblemLoader Creating init config 
411704     DEBUG main            d.u.i.k.p.i.AbstractProblemLoader Init config took 2.46s 
411717     INFO  main            d.u.i.k.p.i.AbstractProblemLoader Replaying proof simplify13.key 
411718     DEBUG main            d.u.i.k.p.i.IntermediateProofReplayer Proof replay took 3.3ns 
411821     INFO  main            d.u.i.k.p.r.p.TestFile    ... finished proof: closed. 
412315     INFO  main            d.u.i.k.p.i.AbstractProblemLoader Loading environment from /home/runner/work/key/key/key.core/../key.ui/examples/standard_key/polySimp/simplify13.key.proof 
412315     DEBUG main            d.u.i.k.p.i.AbstractProblemLoader Environment load took 82.9ns 
412316     INFO  main            d.u.i.k.p.i.AbstractProblemLoader Creating init config 
414717     DEBUG main            d.u.i.k.p.i.AbstractProblemLoader Init config took 2.4s 
414733     INFO  main            d.u.i.k.p.i.AbstractProblemLoader Replaying proof simplify13.key.proof 
414740     DEBUG main            d.u.i.k.p.i.IntermediateProofReplayer Proof replay took 5.47ms 
414741     DEBUG main            d.u.i.k.p.r.p.TestFile    ... success: reloaded. 
414741     INFO  main            d.u.i.k.p.r.p.TestFile    Now processing file /home/runner/work/key/key/key.core/../key.ui/examples/standard_key/polySimp/simplify14.key 
414741     INFO  main            d.u.i.k.p.i.AbstractProblemLoader Loading environment from /home/runner/work/key/key/key.core/../key.ui/examples/standard_key/polySimp/simplify14.key 
414741     DEBUG main            d.u.i.k.p.i.AbstractProblemLoader Environment load took 53.2ns 
414742     INFO  main            d.u.i.k.p.i.AbstractProblemLoader Creating init config 
417095     DEBUG main            d.u.i.k.p.i.AbstractProblemLoader Init config took 2.35s 
417109     INFO  main            d.u.i.k.p.i.AbstractProblemLoader Replaying proof simplify14.key 
417110     DEBUG main            d.u.i.k.p.i.IntermediateProofReplayer Proof replay took 3.2ns 
417212     INFO  main            d.u.i.k.p.r.p.TestFile    ... finished proof: closed. 
417703     INFO  main            d.u.i.k.p.i.AbstractProblemLoader Loading environment from /home/runner/work/key/key/key.core/../key.ui/examples/standard_key/polySimp/simplify14.key.proof 
417703     DEBUG main            d.u.i.k.p.i.AbstractProblemLoader Environment load took 81.9ns 
417704     INFO  main            d.u.i.k.p.i.AbstractProblemLoader Creating init config 
420117     DEBUG main            d.u.i.k.p.i.AbstractProblemLoader Init config took 2.41s 
420132     INFO  main            d.u.i.k.p.i.AbstractProblemLoader Replaying proof simplify14.key.proof 
420135     DEBUG main            d.u.i.k.p.i.IntermediateProofReplayer Proof replay took 1.51ms 
420136     DEBUG main            d.u.i.k.p.r.p.TestFile    ... success: reloaded. 
420137     INFO  main            d.u.i.k.p.r.p.TestFile    Now processing file /home/runner/work/key/key/key.core/../key.ui/examples/standard_key/polySimp/simplify15.key 
420137     INFO  main            d.u.i.k.p.i.AbstractProblemLoader Loading environment from /home/runner/work/key/key/key.core/../key.ui/examples/standard_key/polySimp/simplify15.key 
420137     DEBUG main            d.u.i.k.p.i.AbstractProblemLoader Environment load took 95.2ns 
420138     INFO  main            d.u.i.k.p.i.AbstractProblemLoader Creating init config 
422565     DEBUG main            d.u.i.k.p.i.AbstractProblemLoader Init config took 2.43s 
422579     INFO  main            d.u.i.k.p.i.AbstractProblemLoader Replaying proof simplify15.key 
422580     DEBUG main            d.u.i.k.p.i.IntermediateProofReplayer Proof replay took 3.3ns 
422681     INFO  main            d.u.i.k.p.r.p.TestFile    ... finished proof: closed. 
423194     INFO  main            d.u.i.k.p.i.AbstractProblemLoader Loading environment from /home/runner/work/key/key/key.core/../key.ui/examples/standard_key/polySimp/simplify15.key.proof 
423194     DEBUG main            d.u.i.k.p.i.AbstractProblemLoader Environment load took 77.8ns 
423195     INFO  main            d.u.i.k.p.i.AbstractProblemLoader Creating init config 
425524     DEBUG main            d.u.i.k.p.i.AbstractProblemLoader Init config took 2.33s 
425537     INFO  main            d.u.i.k.p.i.AbstractProblemLoader Replaying proof simplify15.key.proof 
425539     DEBUG main            d.u.i.k.p.i.IntermediateProofReplayer Proof replay took 689.4ns 
425539     DEBUG main            d.u.i.k.p.r.p.TestFile    ... success: reloaded. 
425540     INFO  main            d.u.i.k.p.r.p.TestFile    Now processing file /home/runner/work/key/key/key.core/../key.ui/examples/standard_key/polySimp/simplify16.key 
425540     INFO  main            d.u.i.k.p.i.AbstractProblemLoader Loading environment from /home/runner/work/key/key/key.core/../key.ui/examples/standard_key/polySimp/simplify16.key 
425540     DEBUG main            d.u.i.k.p.i.AbstractProblemLoader Environment load took 53ns 
425541     INFO  main            d.u.i.k.p.i.AbstractProblemLoader Creating init config 
427903     DEBUG main            d.u.i.k.p.i.AbstractProblemLoader Init config took 2.36s 
427916     INFO  main            d.u.i.k.p.i.AbstractProblemLoader Replaying proof simplify16.key 
427917     DEBUG main            d.u.i.k.p.i.IntermediateProofReplayer Proof replay took 3.8ns 
428019     INFO  main            d.u.i.k.p.r.p.TestFile    ... finished proof: closed. 
428512     INFO  main            d.u.i.k.p.i.AbstractProblemLoader Loading environment from /home/runner/work/key/key/key.core/../key.ui/examples/standard_key/polySimp/simplify16.key.proof 
428512     DEBUG main            d.u.i.k.p.i.AbstractProblemLoader Environment load took 75.7ns 
428513     INFO  main            d.u.i.k.p.i.AbstractProblemLoader Creating init config 
430854     DEBUG main            d.u.i.k.p.i.AbstractProblemLoader Init config took 2.34s 
430867     INFO  main            d.u.i.k.p.i.AbstractProblemLoader Replaying proof simplify16.key.proof 
430869     DEBUG main            d.u.i.k.p.i.IntermediateProofReplayer Proof replay took 469.6ns 
430869     DEBUG main            d.u.i.k.p.r.p.TestFile    ... success: reloaded. 
430870     INFO  main            d.u.i.k.p.r.p.TestFile    Now processing file /home/runner/work/key/key/key.core/../key.ui/examples/standard_key/polySimp/simplify17.key 
430870     INFO  main            d.u.i.k.p.i.AbstractProblemLoader Loading environment from /home/runner/work/key/key/key.core/../key.ui/examples/standard_key/polySimp/simplify17.key 
430870     DEBUG main            d.u.i.k.p.i.AbstractProblemLoader Environment load took 52.2ns 
430871     INFO  main            d.u.i.k.p.i.AbstractProblemLoader Creating init config 
433222     DEBUG main            d.u.i.k.p.i.AbstractProblemLoader Init config took 2.35s 
433234     INFO  main            d.u.i.k.p.i.AbstractProblemLoader Replaying proof simplify17.key 
433235     DEBUG main            d.u.i.k.p.i.IntermediateProofReplayer Proof replay took 3.2ns 
433338     INFO  main            d.u.i.k.p.r.p.TestFile    ... finished proof: closed. 
433853     INFO  main            d.u.i.k.p.i.AbstractProblemLoader Loading environment from /home/runner/work/key/key/key.core/../key.ui/examples/standard_key/polySimp/simplify17.key.proof 
433853     DEBUG main            d.u.i.k.p.i.AbstractProblemLoader Environment load took 75.9ns 
433854     INFO  main            d.u.i.k.p.i.AbstractProblemLoader Creating init config 
436187     DEBUG main            d.u.i.k.p.i.AbstractProblemLoader Init config took 2.33s 
436200     INFO  main            d.u.i.k.p.i.AbstractProblemLoader Replaying proof simplify17.key.proof 
436207     DEBUG main            d.u.i.k.p.i.IntermediateProofReplayer Proof replay took 5.96ms 
436208     DEBUG main            d.u.i.k.p.r.p.TestFile    ... success: reloaded. 
436209     INFO  main            d.u.i.k.p.r.p.TestFile    Now processing file /home/runner/work/key/key/key.core/../key.ui/examples/standard_key/polySimp/simplify18.key 
436209     INFO  main            d.u.i.k.p.i.AbstractProblemLoader Loading environment from /home/runner/work/key/key/key.core/../key.ui/examples/standard_key/polySimp/simplify18.key 
436209     DEBUG main            d.u.i.k.p.i.AbstractProblemLoader Environment load took 53.2ns 
436210     INFO  main            d.u.i.k.p.i.AbstractProblemLoader Creating init config 
438570     DEBUG main            d.u.i.k.p.i.AbstractProblemLoader Init config took 2.36s 
438583     INFO  main            d.u.i.k.p.i.AbstractProblemLoader Replaying proof simplify18.key 
438584     DEBUG main            d.u.i.k.p.i.IntermediateProofReplayer Proof replay took 2.9ns 
438786     INFO  main            d.u.i.k.p.r.p.TestFile    ... finished proof: closed. 
439319     INFO  main            d.u.i.k.p.i.AbstractProblemLoader Loading environment from /home/runner/work/key/key/key.core/../key.ui/examples/standard_key/polySimp/simplify18.key.proof 
439319     DEBUG main            d.u.i.k.p.i.AbstractProblemLoader Environment load took 83.7ns 
439320     INFO  main            d.u.i.k.p.i.AbstractProblemLoader Creating init config 
441759     DEBUG main            d.u.i.k.p.i.AbstractProblemLoader Init config took 2.44s 
441773     INFO  main            d.u.i.k.p.i.AbstractProblemLoader Replaying proof simplify18.key.proof 
441791     DEBUG main            d.u.i.k.p.i.IntermediateProofReplayer Proof replay took 16.17ms 
441791     DEBUG main            d.u.i.k.p.r.p.TestFile    ... success: reloaded. 
441792     INFO  main            d.u.i.k.p.r.p.TestFile    Now processing file /home/runner/work/key/key/key.core/../key.ui/examples/standard_key/polySimp/simplify19.key 
441792     INFO  main            d.u.i.k.p.i.AbstractProblemLoader Loading environment from /home/runner/work/key/key/key.core/../key.ui/examples/standard_key/polySimp/simplify19.key 
441792     DEBUG main            d.u.i.k.p.i.AbstractProblemLoader Environment load took 103.4ns 
441793     INFO  main            d.u.i.k.p.i.AbstractProblemLoader Creating init config 
444138     DEBUG main            d.u.i.k.p.i.AbstractProblemLoader Init config took 2.34s 
444150     INFO  main            d.u.i.k.p.i.AbstractProblemLoader Replaying proof simplify19.key 
444151     DEBUG main            d.u.i.k.p.i.IntermediateProofReplayer Proof replay took 3.5ns 
447563     INFO  main            d.u.i.k.p.r.p.TestFile    ... finished proof: closed. 
448137     INFO  main            d.u.i.k.p.i.AbstractProblemLoader Loading environment from /home/runner/work/key/key/key.core/../key.ui/examples/standard_key/polySimp/simplify19.key.proof 
448137     DEBUG main            d.u.i.k.p.i.AbstractProblemLoader Environment load took 81.7ns 
448138     INFO  main            d.u.i.k.p.i.AbstractProblemLoader Creating init config 
450459     DEBUG main            d.u.i.k.p.i.AbstractProblemLoader Init config took 2.32s 
450474     INFO  main            d.u.i.k.p.i.AbstractProblemLoader Replaying proof simplify19.key.proof 
450757     DEBUG main            d.u.i.k.p.i.IntermediateProofReplayer Proof replay took 270.53ms 
450758     DEBUG main            d.u.i.k.p.r.p.TestFile    ... success: reloaded. 
450759     INFO  main            d.u.i.k.p.r.p.TestFile    Now processing file /home/runner/work/key/key/key.core/../key.ui/examples/standard_key/polySimp/simplify2.key 
450759     INFO  main            d.u.i.k.p.i.AbstractProblemLoader Loading environment from /home/runner/work/key/key/key.core/../key.ui/examples/standard_key/polySimp/simplify2.key 
450759     DEBUG main            d.u.i.k.p.i.AbstractProblemLoader Environment load took 136.7ns 
450760     INFO  main            d.u.i.k.p.i.AbstractProblemLoader Creating init config 
453162     DEBUG main            d.u.i.k.p.i.AbstractProblemLoader Init config took 2.4s 
453175     INFO  main            d.u.i.k.p.i.AbstractProblemLoader Replaying proof simplify2.key 
453176     DEBUG main            d.u.i.k.p.i.IntermediateProofReplayer Proof replay took 3.5ns 
453277     INFO  main            d.u.i.k.p.r.p.TestFile    ... finished proof: closed. 
453857     INFO  main            d.u.i.k.p.i.AbstractProblemLoader Loading environment from /home/runner/work/key/key/key.core/../key.ui/examples/standard_key/polySimp/simplify2.key.proof 
453857     DEBUG main            d.u.i.k.p.i.AbstractProblemLoader Environment load took 76.6ns 
453858     INFO  main            d.u.i.k.p.i.AbstractProblemLoader Creating init config 
456190     DEBUG main            d.u.i.k.p.i.AbstractProblemLoader Init config took 2.33s 
456203     INFO  main            d.u.i.k.p.i.AbstractProblemLoader Replaying proof simplify2.key.proof 
456205     DEBUG main            d.u.i.k.p.i.IntermediateProofReplayer Proof replay took 864.9ns 
456205     DEBUG main            d.u.i.k.p.r.p.TestFile    ... success: reloaded. 
456206     INFO  main            d.u.i.k.p.r.p.TestFile    Now processing file /home/runner/work/key/key/key.core/../key.ui/examples/standard_key/polySimp/simplify20.key 
456206     INFO  main            d.u.i.k.p.i.AbstractProblemLoader Loading environment from /home/runner/work/key/key/key.core/../key.ui/examples/standard_key/polySimp/simplify20.key 
456206     DEBUG main            d.u.i.k.p.i.AbstractProblemLoader Environment load took 53.4ns 
456207     INFO  main            d.u.i.k.p.i.AbstractProblemLoader Creating init config 
458562     DEBUG main            d.u.i.k.p.i.AbstractProblemLoader Init config took 2.36s 
458576     INFO  main            d.u.i.k.p.i.AbstractProblemLoader Replaying proof simplify20.key 
458577     DEBUG main            d.u.i.k.p.i.IntermediateProofReplayer Proof replay took 3.9ns 
459281     INFO  main            d.u.i.k.p.r.p.TestFile    ... finished proof: closed. 
459866     INFO  main            d.u.i.k.p.i.AbstractProblemLoader Loading environment from /home/runner/work/key/key/key.core/../key.ui/examples/standard_key/polySimp/simplify20.key.proof 
459867     DEBUG main            d.u.i.k.p.i.AbstractProblemLoader Environment load took 412.9ns 
459868     INFO  main            d.u.i.k.p.i.AbstractProblemLoader Creating init config 
462194     DEBUG main            d.u.i.k.p.i.AbstractProblemLoader Init config took 2.33s 
462208     INFO  main            d.u.i.k.p.i.AbstractProblemLoader Replaying proof simplify20.key.proof 
462282     DEBUG main            d.u.i.k.p.i.IntermediateProofReplayer Proof replay took 69.42ms 
462283     DEBUG main            d.u.i.k.p.r.p.TestFile    ... success: reloaded. 
462283     INFO  main            d.u.i.k.p.r.p.TestFile    Now processing file /home/runner/work/key/key/key.core/../key.ui/examples/standard_key/polySimp/simplify21.key 
462284     INFO  main            d.u.i.k.p.i.AbstractProblemLoader Loading environment from /home/runner/work/key/key/key.core/../key.ui/examples/standard_key/polySimp/simplify21.key 
462284     DEBUG main            d.u.i.k.p.i.AbstractProblemLoader Environment load took 92.4ns 
462287     INFO  main            d.u.i.k.p.i.AbstractProblemLoader Creating init config 
464646     DEBUG main            d.u.i.k.p.i.AbstractProblemLoader Init config took 2.36s 
464678     INFO  main            d.u.i.k.p.i.AbstractProblemLoader Replaying proof simplify21.key 
464681     DEBUG main            d.u.i.k.p.i.IntermediateProofReplayer Proof replay took 3.6ns 
465388     INFO  main            d.u.i.k.p.r.p.TestFile    ... finished proof: closed. 
466020     INFO  main            d.u.i.k.p.i.AbstractProblemLoader Loading environment from /home/runner/work/key/key/key.core/../key.ui/examples/standard_key/polySimp/simplify21.key.proof 
466020     DEBUG main            d.u.i.k.p.i.AbstractProblemLoader Environment load took 72.3ns 
466023     INFO  main            d.u.i.k.p.i.AbstractProblemLoader Creating init config 
468372     DEBUG main            d.u.i.k.p.i.AbstractProblemLoader Init config took 2.35s 
468388     INFO  main            d.u.i.k.p.i.AbstractProblemLoader Replaying proof simplify21.key.proof 
468450     DEBUG main            d.u.i.k.p.i.IntermediateProofReplayer Proof replay took 57.51ms 
468452     DEBUG main            d.u.i.k.p.r.p.TestFile    ... success: reloaded. 
468452     INFO  main            d.u.i.k.p.r.p.TestFile    Now processing file /home/runner/work/key/key/key.core/../key.ui/examples/standard_key/polySimp/simplify22.key 
468453     INFO  main            d.u.i.k.p.i.AbstractProblemLoader Loading environment from /home/runner/work/key/key/key.core/../key.ui/examples/standard_key/polySimp/simplify22.key 
468453     DEBUG main            d.u.i.k.p.i.AbstractProblemLoader Environment load took 90.2ns 
468454     INFO  main            d.u.i.k.p.i.AbstractProblemLoader Creating init config 
470847     DEBUG main            d.u.i.k.p.i.AbstractProblemLoader Init config took 2.39s 
470860     INFO  main            d.u.i.k.p.i.AbstractProblemLoader Replaying proof simplify22.key 
470861     DEBUG main            d.u.i.k.p.i.IntermediateProofReplayer Proof replay took 3.6ns 
470963     INFO  main            d.u.i.k.p.r.p.TestFile    ... finished proof: closed. 
471524     INFO  main            d.u.i.k.p.i.AbstractProblemLoader Loading environment from /home/runner/work/key/key/key.core/../key.ui/examples/standard_key/polySimp/simplify22.key.proof 
471525     DEBUG main            d.u.i.k.p.i.AbstractProblemLoader Environment load took 75.4ns 
471525     INFO  main            d.u.i.k.p.i.AbstractProblemLoader Creating init config 
473856     DEBUG main            d.u.i.k.p.i.AbstractProblemLoader Init config took 2.33s 
473869     INFO  main            d.u.i.k.p.i.AbstractProblemLoader Replaying proof simplify22.key.proof 
473873     DEBUG main            d.u.i.k.p.i.IntermediateProofReplayer Proof replay took 2.75ms 
473874     DEBUG main            d.u.i.k.p.r.p.TestFile    ... success: reloaded. 
473874     INFO  main            d.u.i.k.p.r.p.TestFile    Now processing file /home/runner/work/key/key/key.core/../key.ui/examples/standard_key/polySimp/simplify23.key 
473874     INFO  main            d.u.i.k.p.i.AbstractProblemLoader Loading environment from /home/runner/work/key/key/key.core/../key.ui/examples/standard_key/polySimp/simplify23.key 
473875     DEBUG main            d.u.i.k.p.i.AbstractProblemLoader Environment load took 73.5ns 
473875     INFO  main            d.u.i.k.p.i.AbstractProblemLoader Creating init config 
476268     DEBUG main            d.u.i.k.p.i.AbstractProblemLoader Init config took 2.39s 
476281     INFO  main            d.u.i.k.p.i.AbstractProblemLoader Replaying proof simplify23.key 
476282     DEBUG main            d.u.i.k.p.i.IntermediateProofReplayer Proof replay took 3.5ns 
476384     INFO  main            d.u.i.k.p.r.p.TestFile    ... finished proof: closed. 
476933     INFO  main            d.u.i.k.p.i.AbstractProblemLoader Loading environment from /home/runner/work/key/key/key.core/../key.ui/examples/standard_key/polySimp/simplify23.key.proof 
476933     DEBUG main            d.u.i.k.p.i.AbstractProblemLoader Environment load took 84.4ns 
476935     INFO  main            d.u.i.k.p.i.AbstractProblemLoader Creating init config 
479255     DEBUG main            d.u.i.k.p.i.AbstractProblemLoader Init config took 2.32s 
479268     INFO  main            d.u.i.k.p.i.AbstractProblemLoader Replaying proof simplify23.key.proof 
479282     DEBUG main            d.u.i.k.p.i.IntermediateProofReplayer Proof replay took 12.1ms 
479283     DEBUG main            d.u.i.k.p.r.p.TestFile    ... success: reloaded. 
479283     INFO  main            d.u.i.k.p.r.p.TestFile    Now processing file /home/runner/work/key/key/key.core/../key.ui/examples/standard_key/polySimp/simplify24.key 
479283     INFO  main            d.u.i.k.p.i.AbstractProblemLoader Loading environment from /home/runner/work/key/key/key.core/../key.ui/examples/standard_key/polySimp/simplify24.key 
479283     DEBUG main            d.u.i.k.p.i.AbstractProblemLoader Environment load took 49.9ns 
479284     INFO  main            d.u.i.k.p.i.AbstractProblemLoader Creating init config 
481715     DEBUG main            d.u.i.k.p.i.AbstractProblemLoader Init config took 2.43s 
481728     INFO  main            d.u.i.k.p.i.AbstractProblemLoader Replaying proof simplify24.key 
481729     DEBUG main            d.u.i.k.p.i.IntermediateProofReplayer Proof replay took 15.4ns 
481831     INFO  main            d.u.i.k.p.r.p.TestFile    ... finished proof: closed. 
482411     INFO  main            d.u.i.k.p.i.AbstractProblemLoader Loading environment from /home/runner/work/key/key/key.core/../key.ui/examples/standard_key/polySimp/simplify24.key.proof 
482411     DEBUG main            d.u.i.k.p.i.AbstractProblemLoader Environment load took 76.4ns 
482411     INFO  main            d.u.i.k.p.i.AbstractProblemLoader Creating init config 
484796     DEBUG main            d.u.i.k.p.i.AbstractProblemLoader Init config took 2.38s 
484810     INFO  main            d.u.i.k.p.i.AbstractProblemLoader Replaying proof simplify24.key.proof 
484815     DEBUG main            d.u.i.k.p.i.IntermediateProofReplayer Proof replay took 2.74ms 
484815     DEBUG main            d.u.i.k.p.r.p.TestFile    ... success: reloaded. 
484816     INFO  main            d.u.i.k.p.r.p.TestFile    Now processing file /home/runner/work/key/key/key.core/../key.ui/examples/standard_key/polySimp/simplify25.key 
484816     INFO  main            d.u.i.k.p.i.AbstractProblemLoader Loading environment from /home/runner/work/key/key/key.core/../key.ui/examples/standard_key/polySimp/simplify25.key 
484816     DEBUG main            d.u.i.k.p.i.AbstractProblemLoader Environment load took 82.9ns 
484817     INFO  main            d.u.i.k.p.i.AbstractProblemLoader Creating init config 
487173     DEBUG main            d.u.i.k.p.i.AbstractProblemLoader Init config took 2.36s 
487186     INFO  main            d.u.i.k.p.i.AbstractProblemLoader Replaying proof simplify25.key 
487187     DEBUG main            d.u.i.k.p.i.IntermediateProofReplayer Proof replay took 3.3ns 
487290     INFO  main            d.u.i.k.p.r.p.TestFile    ... finished proof: closed. 
487835     INFO  main            d.u.i.k.p.i.AbstractProblemLoader Loading environment from /home/runner/work/key/key/key.core/../key.ui/examples/standard_key/polySimp/simplify25.key.proof 
487835     DEBUG main            d.u.i.k.p.i.AbstractProblemLoader Environment load took 83.4ns 
487836     INFO  main            d.u.i.k.p.i.AbstractProblemLoader Creating init config 
490233     DEBUG main            d.u.i.k.p.i.AbstractProblemLoader Init config took 2.4s 
490246     INFO  main            d.u.i.k.p.i.AbstractProblemLoader Replaying proof simplify25.key.proof 
490250     DEBUG main            d.u.i.k.p.i.IntermediateProofReplayer Proof replay took 2.98ms 
490251     DEBUG main            d.u.i.k.p.r.p.TestFile    ... success: reloaded. 
490251     INFO  main            d.u.i.k.p.r.p.TestFile    Now processing file /home/runner/work/key/key/key.core/../key.ui/examples/standard_key/polySimp/simplify3.key 
490251     INFO  main            d.u.i.k.p.i.AbstractProblemLoader Loading environment from /home/runner/work/key/key/key.core/../key.ui/examples/standard_key/polySimp/simplify3.key 
490251     DEBUG main            d.u.i.k.p.i.AbstractProblemLoader Environment load took 50ns 
490252     INFO  main            d.u.i.k.p.i.AbstractProblemLoader Creating init config 
492599     DEBUG main            d.u.i.k.p.i.AbstractProblemLoader Init config took 2.35s 
492612     INFO  main            d.u.i.k.p.i.AbstractProblemLoader Replaying proof simplify3.key 
492613     DEBUG main            d.u.i.k.p.i.IntermediateProofReplayer Proof replay took 3.1ns 
492715     INFO  main            d.u.i.k.p.r.p.TestFile    ... finished proof: closed. 
493294     INFO  main            d.u.i.k.p.i.AbstractProblemLoader Loading environment from /home/runner/work/key/key/key.core/../key.ui/examples/standard_key/polySimp/simplify3.key.proof 
493294     DEBUG main            d.u.i.k.p.i.AbstractProblemLoader Environment load took 76.2ns 
493295     INFO  main            d.u.i.k.p.i.AbstractProblemLoader Creating init config 
495657     DEBUG main            d.u.i.k.p.i.AbstractProblemLoader Init config took 2.36s 
495670     INFO  main            d.u.i.k.p.i.AbstractProblemLoader Replaying proof simplify3.key.proof 
495672     DEBUG main            d.u.i.k.p.i.IntermediateProofReplayer Proof replay took 1.12ms 
495673     DEBUG main            d.u.i.k.p.r.p.TestFile    ... success: reloaded. 
495673     INFO  main            d.u.i.k.p.r.p.TestFile    Now processing file /home/runner/work/key/key/key.core/../key.ui/examples/standard_key/polySimp/simplify4.key 
495673     INFO  main            d.u.i.k.p.i.AbstractProblemLoader Loading environment from /home/runner/work/key/key/key.core/../key.ui/examples/standard_key/polySimp/simplify4.key 
495673     DEBUG main            d.u.i.k.p.i.AbstractProblemLoader Environment load took 49.3ns 
495674     INFO  main            d.u.i.k.p.i.AbstractProblemLoader Creating init config 
498041     DEBUG main            d.u.i.k.p.i.AbstractProblemLoader Init config took 2.37s 
498054     INFO  main            d.u.i.k.p.i.AbstractProblemLoader Replaying proof simplify4.key 
498054     DEBUG main            d.u.i.k.p.i.IntermediateProofReplayer Proof replay took 3.3ns 
498156     INFO  main            d.u.i.k.p.r.p.TestFile    ... finished proof: closed. 
498733     INFO  main            d.u.i.k.p.i.AbstractProblemLoader Loading environment from /home/runner/work/key/key/key.core/../key.ui/examples/standard_key/polySimp/simplify4.key.proof 
498733     DEBUG main            d.u.i.k.p.i.AbstractProblemLoader Environment load took 70ns 
498734     INFO  main            d.u.i.k.p.i.AbstractProblemLoader Creating init config 
501074     DEBUG main            d.u.i.k.p.i.AbstractProblemLoader Init config took 2.34s 
501087     INFO  main            d.u.i.k.p.i.AbstractProblemLoader Replaying proof simplify4.key.proof 
501090     DEBUG main            d.u.i.k.p.i.IntermediateProofReplayer Proof replay took 1.17ms 
501090     DEBUG main            d.u.i.k.p.r.p.TestFile    ... success: reloaded. 
501092     INFO  main            d.u.i.k.p.r.p.TestFile    Now processing file /home/runner/work/key/key/key.core/../key.ui/examples/standard_key/polySimp/simplify5.key 
501092     INFO  main            d.u.i.k.p.i.AbstractProblemLoader Loading environment from /home/runner/work/key/key/key.core/../key.ui/examples/standard_key/polySimp/simplify5.key 
501092     DEBUG main            d.u.i.k.p.i.AbstractProblemLoader Environment load took 97.6ns 
501093     INFO  main            d.u.i.k.p.i.AbstractProblemLoader Creating init config 
503492     DEBUG main            d.u.i.k.p.i.AbstractProblemLoader Init config took 2.4s 
503506     INFO  main            d.u.i.k.p.i.AbstractProblemLoader Replaying proof simplify5.key 
503507     DEBUG main            d.u.i.k.p.i.IntermediateProofReplayer Proof replay took 3.4ns 
503609     INFO  main            d.u.i.k.p.r.p.TestFile    ... finished proof: closed. 
504177     INFO  main            d.u.i.k.p.i.AbstractProblemLoader Loading environment from /home/runner/work/key/key/key.core/../key.ui/examples/standard_key/polySimp/simplify5.key.proof 
504177     DEBUG main            d.u.i.k.p.i.AbstractProblemLoader Environment load took 69.8ns 
504178     INFO  main            d.u.i.k.p.i.AbstractProblemLoader Creating init config 
506501     DEBUG main            d.u.i.k.p.i.AbstractProblemLoader Init config took 2.32s 
506514     INFO  main            d.u.i.k.p.i.AbstractProblemLoader Replaying proof simplify5.key.proof 
506523     DEBUG main            d.u.i.k.p.i.IntermediateProofReplayer Proof replay took 6.97ms 
506524     DEBUG main            d.u.i.k.p.r.p.TestFile    ... success: reloaded. 
506524     INFO  main            d.u.i.k.p.r.p.TestFile    Now processing file /home/runner/work/key/key/key.core/../key.ui/examples/standard_key/polySimp/simplify6.key 
506524     INFO  main            d.u.i.k.p.i.AbstractProblemLoader Loading environment from /home/runner/work/key/key/key.core/../key.ui/examples/standard_key/polySimp/simplify6.key 
506524     DEBUG main            d.u.i.k.p.i.AbstractProblemLoader Environment load took 47.1ns 
506525     INFO  main            d.u.i.k.p.i.AbstractProblemLoader Creating init config 
508914     DEBUG main            d.u.i.k.p.i.AbstractProblemLoader Init config took 2.39s 
508927     INFO  main            d.u.i.k.p.i.AbstractProblemLoader Replaying proof simplify6.key 
508928     DEBUG main            d.u.i.k.p.i.IntermediateProofReplayer Proof replay took 2.7ns 
509030     INFO  main            d.u.i.k.p.r.p.TestFile    ... finished proof: closed. 
509599     INFO  main            d.u.i.k.p.i.AbstractProblemLoader Loading environment from /home/runner/work/key/key/key.core/../key.ui/examples/standard_key/polySimp/simplify6.key.proof 
509599     DEBUG main            d.u.i.k.p.i.AbstractProblemLoader Environment load took 231.1ns 
509600     INFO  main            d.u.i.k.p.i.AbstractProblemLoader Creating init config 
511977     DEBUG main            d.u.i.k.p.i.AbstractProblemLoader Init config took 2.38s 
511991     INFO  main            d.u.i.k.p.i.AbstractProblemLoader Replaying proof simplify6.key.proof 
511993     DEBUG main            d.u.i.k.p.i.IntermediateProofReplayer Proof replay took 346.3ns 
511994     DEBUG main            d.u.i.k.p.r.p.TestFile    ... success: reloaded. 
511994     INFO  main            d.u.i.k.p.r.p.TestFile    Now processing file /home/runner/work/key/key/key.core/../key.ui/examples/standard_key/polySimp/simplify7.key 
511995     INFO  main            d.u.i.k.p.i.AbstractProblemLoader Loading environment from /home/runner/work/key/key/key.core/../key.ui/examples/standard_key/polySimp/simplify7.key 
511995     DEBUG main            d.u.i.k.p.i.AbstractProblemLoader Environment load took 104.4ns 
511996     INFO  main            d.u.i.k.p.i.AbstractProblemLoader Creating init config 
514392     DEBUG main            d.u.i.k.p.i.AbstractProblemLoader Init config took 2.4s 
514408     INFO  main            d.u.i.k.p.i.AbstractProblemLoader Replaying proof simplify7.key 
514409     DEBUG main            d.u.i.k.p.i.IntermediateProofReplayer Proof replay took 3.4ns 
514511     INFO  main            d.u.i.k.p.r.p.TestFile    ... finished proof: closed. 
515103     INFO  main            d.u.i.k.p.i.AbstractProblemLoader Loading environment from /home/runner/work/key/key/key.core/../key.ui/examples/standard_key/polySimp/simplify7.key.proof 
515103     DEBUG main            d.u.i.k.p.i.AbstractProblemLoader Environment load took 73.8ns 
515104     INFO  main            d.u.i.k.p.i.AbstractProblemLoader Creating init config 
517428     DEBUG main            d.u.i.k.p.i.AbstractProblemLoader Init config took 2.32s 
517442     INFO  main            d.u.i.k.p.i.AbstractProblemLoader Replaying proof simplify7.key.proof 
517443     DEBUG main            d.u.i.k.p.i.IntermediateProofReplayer Proof replay took 624.2ns 
517444     DEBUG main            d.u.i.k.p.r.p.TestFile    ... success: reloaded. 
517444     INFO  main            d.u.i.k.p.r.p.TestFile    Now processing file /home/runner/work/key/key/key.core/../key.ui/examples/standard_key/polySimp/simplify8.key 
517445     INFO  main            d.u.i.k.p.i.AbstractProblemLoader Loading environment from /home/runner/work/key/key/key.core/../key.ui/examples/standard_key/polySimp/simplify8.key 
517445     DEBUG main            d.u.i.k.p.i.AbstractProblemLoader Environment load took 67.5ns 
517448     INFO  main            d.u.i.k.p.i.AbstractProblemLoader Creating init config 
519853     DEBUG main            d.u.i.k.p.i.AbstractProblemLoader Init config took 2.41s 
519867     INFO  main            d.u.i.k.p.i.AbstractProblemLoader Replaying proof simplify8.key 
519868     DEBUG main            d.u.i.k.p.i.IntermediateProofReplayer Proof replay took 3.7ns 
523796     INFO  main            d.u.i.k.p.r.p.TestFile    ... finished proof: closed. 
524408     INFO  main            d.u.i.k.p.i.AbstractProblemLoader Loading environment from /home/runner/work/key/key/key.core/../key.ui/examples/standard_key/polySimp/simplify8.key.proof 
524408     DEBUG main            d.u.i.k.p.i.AbstractProblemLoader Environment load took 87.1ns 
524411     INFO  main            d.u.i.k.p.i.AbstractProblemLoader Creating init config 
526795     DEBUG main            d.u.i.k.p.i.AbstractProblemLoader Init config took 2.38s 
526811     INFO  main            d.u.i.k.p.i.AbstractProblemLoader Replaying proof simplify8.key.proof 
526992     DEBUG main            d.u.i.k.p.i.IntermediateProofReplayer Proof replay took 177.23ms 
526994     DEBUG main            d.u.i.k.p.r.p.TestFile    ... success: reloaded. 
526995     INFO  main            d.u.i.k.p.r.p.TestFile    Now processing file /home/runner/work/key/key/key.core/../key.ui/examples/standard_key/polySimp/simplify9.key 
526995     INFO  main            d.u.i.k.p.i.AbstractProblemLoader Loading environment from /home/runner/work/key/key/key.core/../key.ui/examples/standard_key/polySimp/simplify9.key 
526995     DEBUG main            d.u.i.k.p.i.AbstractProblemLoader Environment load took 50.7ns 
526996     INFO  main            d.u.i.k.p.i.AbstractProblemLoader Creating init config 
529427     DEBUG main            d.u.i.k.p.i.AbstractProblemLoader Init config took 2.43s 
529441     INFO  main            d.u.i.k.p.i.AbstractProblemLoader Replaying proof simplify9.key 
529442     DEBUG main            d.u.i.k.p.i.IntermediateProofReplayer Proof replay took 2.9ns 
529644     INFO  main            d.u.i.k.p.r.p.TestFile    ... finished proof: closed. 
530297     INFO  main            d.u.i.k.p.i.AbstractProblemLoader Loading environment from /home/runner/work/key/key/key.core/../key.ui/examples/standard_key/polySimp/simplify9.key.proof 
530297     DEBUG main            d.u.i.k.p.i.AbstractProblemLoader Environment load took 69.9ns 
530299     INFO  main            d.u.i.k.p.i.AbstractProblemLoader Creating init config 
532653     DEBUG main            d.u.i.k.p.i.AbstractProblemLoader Init config took 2.35s 
532667     INFO  main            d.u.i.k.p.i.AbstractProblemLoader Replaying proof simplify9.key.proof 
532679     DEBUG main            d.u.i.k.p.i.IntermediateProofReplayer Proof replay took 10.49ms 
532680     DEBUG main            d.u.i.k.p.r.p.TestFile    ... success: reloaded. 
3177952    INFO  Test worker     d.u.i.k.p.r.p.StatisticsFile Returning from test arithmetic 
3177961    INFO  Test worker     d.u.i.k.p.r.p.StatisticsFile Running test arrays 
380        INFO  Timeout watchdog d.u.i.k.p.r.p.ForkedTestFileRunner Timeout watcher launched (2000 secs.) 
391        WARN  main            d.u.i.k.s.ProofSettings   The settings in /home/runner/.key/proof-settings.props are *not* read. 
430        INFO  main            d.u.i.k.p.r.p.TestFile    Now processing file /home/runner/work/key/key/key.core/../key.ui/examples/standard_key/arrays/arrayStoreException/array2DimPrim.key 
577        INFO  main            d.u.i.k.p.i.AbstractProblemLoader Loading environment from /home/runner/work/key/key/key.core/../key.ui/examples/standard_key/arrays/arrayStoreException/array2DimPrim.key 
602        DEBUG main            d.u.i.k.p.i.AbstractProblemLoader Environment load took 8.05ms 
902        INFO  main            d.u.i.k.p.i.AbstractProblemLoader Creating init config 
2062       DEBUG main            d.u.i.k.j.TypeConverter   No LDT found for Meta 
2063       DEBUG main            d.u.i.k.j.TypeConverter   No LDT found for Meta 
2066       DEBUG main            d.u.i.k.j.TypeConverter   No LDT found for Meta 
2067       DEBUG main            d.u.i.k.j.TypeConverter   No LDT found for Meta 
3667       DEBUG main            d.u.i.k.j.TypeConverter   No LDT found for JavaBigintExpression 
9421       DEBUG main            d.u.i.k.p.i.AbstractProblemLoader Init config took 8.52s 
9490       INFO  main            d.u.i.k.p.i.AbstractProblemLoader Replaying proof array2DimPrim.key 
9531       DEBUG main            d.u.i.k.p.i.IntermediateProofReplayer Proof replay took 34.7ns 
14060      INFO  main            d.u.i.k.p.r.p.TestFile    ... finished proof: closed. 
14281      INFO  main            d.u.i.k.p.i.AbstractProblemLoader Loading environment from /home/runner/work/key/key/key.core/../key.ui/examples/standard_key/arrays/arrayStoreException/array2DimPrim.key.proof 
14281      DEBUG main            d.u.i.k.p.i.AbstractProblemLoader Environment load took 248.3ns 
14287      INFO  main            d.u.i.k.p.i.AbstractProblemLoader Creating init config 
17404      DEBUG main            d.u.i.k.p.i.AbstractProblemLoader Init config took 3.12s 
17447      INFO  main            d.u.i.k.p.i.AbstractProblemLoader Replaying proof array2DimPrim.key.proof 
18170      DEBUG main            d.u.i.k.p.i.IntermediateProofReplayer Proof replay took 687.89ms 
18193      DEBUG main            d.u.i.k.p.r.p.TestFile    ... success: reloaded. 
18198      INFO  main            d.u.i.k.p.r.p.TestFile    Now processing file /home/runner/work/key/key/key.core/../key.ui/examples/standard_key/arrays/arrayStoreException/arrayStoreKnownDynType.key 
18198      INFO  main            d.u.i.k.p.i.AbstractProblemLoader Loading environment from /home/runner/work/key/key/key.core/../key.ui/examples/standard_key/arrays/arrayStoreException/arrayStoreKnownDynType.key 
18198      DEBUG main            d.u.i.k.p.i.AbstractProblemLoader Environment load took 145.4ns 
18202      INFO  main            d.u.i.k.p.i.AbstractProblemLoader Creating init config 
21245      DEBUG main            d.u.i.k.p.i.AbstractProblemLoader Init config took 3.04s 
21273      INFO  main            d.u.i.k.p.i.AbstractProblemLoader Replaying proof arrayStoreKnownDynType.key 
21275      DEBUG main            d.u.i.k.p.i.IntermediateProofReplayer Proof replay took 6.8ns 
21579      INFO  main            d.u.i.k.p.r.p.TestFile    ... finished proof: closed. 
21843      INFO  main            d.u.i.k.p.i.AbstractProblemLoader Loading environment from /home/runner/work/key/key/key.core/../key.ui/examples/standard_key/arrays/arrayStoreException/arrayStoreKnownDynType.key.proof 
21846      DEBUG main            d.u.i.k.p.i.AbstractProblemLoader Environment load took 2.52ms 
21847      INFO  main            d.u.i.k.p.i.AbstractProblemLoader Creating init config 
24662      DEBUG main            d.u.i.k.p.i.AbstractProblemLoader Init config took 2.81s 
24687      INFO  main            d.u.i.k.p.i.AbstractProblemLoader Replaying proof arrayStoreKnownDynType.key.proof 
24740      DEBUG main            d.u.i.k.p.i.IntermediateProofReplayer Proof replay took 48.52ms 
24741      DEBUG main            d.u.i.k.p.r.p.TestFile    ... success: reloaded. 
24742      INFO  main            d.u.i.k.p.r.p.TestFile    Now processing file /home/runner/work/key/key/key.core/../key.ui/examples/standard_key/arrays/arrayStoreException/reverseArray.key 
24743      INFO  main            d.u.i.k.p.i.AbstractProblemLoader Loading environment from /home/runner/work/key/key/key.core/../key.ui/examples/standard_key/arrays/arrayStoreException/reverseArray.key 
24743      DEBUG main            d.u.i.k.p.i.AbstractProblemLoader Environment load took 228.8ns 
24744      INFO  main            d.u.i.k.p.i.AbstractProblemLoader Creating init config 
27622      DEBUG main            d.u.i.k.p.i.AbstractProblemLoader Init config took 2.88s 
27647      INFO  main            d.u.i.k.p.i.AbstractProblemLoader Replaying proof reverseArray.key 
27650      DEBUG main            d.u.i.k.p.i.IntermediateProofReplayer Proof replay took 6.7ns 
28393      INFO  main            d.u.i.k.p.r.p.TestFile    ... finished proof: closed. 
28576      INFO  main            d.u.i.k.p.i.AbstractProblemLoader Loading environment from /home/runner/work/key/key/key.core/../key.ui/examples/standard_key/arrays/arrayStoreException/reverseArray.key.proof 
28577      DEBUG main            d.u.i.k.p.i.AbstractProblemLoader Environment load took 802.3ns 
28579      INFO  main            d.u.i.k.p.i.AbstractProblemLoader Creating init config 
31319      DEBUG main            d.u.i.k.p.i.AbstractProblemLoader Init config took 2.74s 
31347      INFO  main            d.u.i.k.p.i.AbstractProblemLoader Replaying proof reverseArray.key.proof 
31526      DEBUG main            d.u.i.k.p.i.IntermediateProofReplayer Proof replay took 172.29ms 
31528      DEBUG main            d.u.i.k.p.r.p.TestFile    ... success: reloaded. 
31529      INFO  main            d.u.i.k.p.r.p.TestFile    Now processing file /home/runner/work/key/key/key.core/../key.ui/examples/standard_key/arrays/arrayStoreException/throwArrayStoreException.key 
31530      INFO  main            d.u.i.k.p.i.AbstractProblemLoader Loading environment from /home/runner/work/key/key/key.core/../key.ui/examples/standard_key/arrays/arrayStoreException/throwArrayStoreException.key 
31530      DEBUG main            d.u.i.k.p.i.AbstractProblemLoader Environment load took 222.5ns 
31532      INFO  main            d.u.i.k.p.i.AbstractProblemLoader Creating init config 
34357      DEBUG main            d.u.i.k.p.i.AbstractProblemLoader Init config took 2.83s 
34383      INFO  main            d.u.i.k.p.i.AbstractProblemLoader Replaying proof throwArrayStoreException.key 
34385      DEBUG main            d.u.i.k.p.i.IntermediateProofReplayer Proof replay took 7.5ns 
34897      INFO  main            d.u.i.k.p.r.p.TestFile    ... finished proof: closed. 
35105      INFO  main            d.u.i.k.p.i.AbstractProblemLoader Loading environment from /home/runner/work/key/key/key.core/../key.ui/examples/standard_key/arrays/arrayStoreException/throwArrayStoreException.key.proof 
35106      DEBUG main            d.u.i.k.p.i.AbstractProblemLoader Environment load took 1.04ms 
35108      INFO  main            d.u.i.k.p.i.AbstractProblemLoader Creating init config 
37800      DEBUG main            d.u.i.k.p.i.AbstractProblemLoader Init config took 2.69s 
37845      INFO  main            d.u.i.k.p.i.AbstractProblemLoader Replaying proof throwArrayStoreException.key.proof 
37976      DEBUG main            d.u.i.k.p.i.IntermediateProofReplayer Proof replay took 123.9ms 
37977      DEBUG main            d.u.i.k.p.r.p.TestFile    ... success: reloaded. 
37978      INFO  main            d.u.i.k.p.r.p.TestFile    Now processing file /home/runner/work/key/key/key.core/../key.ui/examples/standard_key/arrays/creation/arrayCreation1.key 
37979      INFO  main            d.u.i.k.p.i.AbstractProblemLoader Loading environment from /home/runner/work/key/key/key.core/../key.ui/examples/standard_key/arrays/creation/arrayCreation1.key 
37979      DEBUG main            d.u.i.k.p.i.AbstractProblemLoader Environment load took 135.4ns 
37980      INFO  main            d.u.i.k.p.i.AbstractProblemLoader Creating init config 
40710      DEBUG main            d.u.i.k.p.i.AbstractProblemLoader Init config took 2.73s 
40733      INFO  main            d.u.i.k.p.i.AbstractProblemLoader Replaying proof arrayCreation1.key 
40734      DEBUG main            d.u.i.k.p.i.IntermediateProofReplayer Proof replay took 6.1ns 
40940      INFO  main            d.u.i.k.p.r.p.TestFile    ... finished proof: closed. 
41159      INFO  main            d.u.i.k.p.i.AbstractProblemLoader Loading environment from /home/runner/work/key/key/key.core/../key.ui/examples/standard_key/arrays/creation/arrayCreation1.key.proof 
41160      DEBUG main            d.u.i.k.p.i.AbstractProblemLoader Environment load took 517.2ns 
41161      INFO  main            d.u.i.k.p.i.AbstractProblemLoader Creating init config 
43852      DEBUG main            d.u.i.k.p.i.AbstractProblemLoader Init config took 2.69s 
43874      INFO  main            d.u.i.k.p.i.AbstractProblemLoader Replaying proof arrayCreation1.key.proof 
43909      DEBUG main            d.u.i.k.p.i.IntermediateProofReplayer Proof replay took 31.07ms 
43910      DEBUG main            d.u.i.k.p.r.p.TestFile    ... success: reloaded. 
43911      INFO  main            d.u.i.k.p.r.p.TestFile    Now processing file /home/runner/work/key/key/key.core/../key.ui/examples/standard_key/arrays/arrayStoreException/array2Dim.key 
43912      INFO  main            d.u.i.k.p.i.AbstractProblemLoader Loading environment from /home/runner/work/key/key/key.core/../key.ui/examples/standard_key/arrays/arrayStoreException/array2Dim.key 
43912      DEBUG main            d.u.i.k.p.i.AbstractProblemLoader Environment load took 250.5ns 
43913      INFO  main            d.u.i.k.p.i.AbstractProblemLoader Creating init config 
46712      DEBUG main            d.u.i.k.p.i.AbstractProblemLoader Init config took 2.8s 
46748      INFO  main            d.u.i.k.p.i.AbstractProblemLoader Replaying proof array2Dim.key 
46751      DEBUG main            d.u.i.k.p.i.IntermediateProofReplayer Proof replay took 7.2ns 
50484      INFO  main            d.u.i.k.p.r.p.TestFile    ... finished proof: open goal(s) 
50759      INFO  main            d.u.i.k.p.r.p.TestFile    Now processing file /home/runner/work/key/key/key.core/../key.ui/examples/standard_key/arrays/arrayStoreException/array2DimClose.key 
50760      INFO  main            d.u.i.k.p.i.AbstractProblemLoader Loading environment from /home/runner/work/key/key/key.core/../key.ui/examples/standard_key/arrays/arrayStoreException/array2DimClose.key 
50760      DEBUG main            d.u.i.k.p.i.AbstractProblemLoader Environment load took 71.2ns 
50761      INFO  main            d.u.i.k.p.i.AbstractProblemLoader Creating init config 
53427      DEBUG main            d.u.i.k.p.i.AbstractProblemLoader Init config took 2.67s 
53448      INFO  main            d.u.i.k.p.i.AbstractProblemLoader Replaying proof array2DimClose.key 
53450      DEBUG main            d.u.i.k.p.i.IntermediateProofReplayer Proof replay took 7.5ns 
55964      INFO  main            d.u.i.k.p.r.p.TestFile    ... finished proof: open goal(s) 
56367      INFO  main            d.u.i.k.p.r.p.TestFile    Now processing file /home/runner/work/key/key/key.core/../key.ui/examples/standard_key/arrays/arrayStoreException/throwASEForPrim.key 
56368      INFO  main            d.u.i.k.p.i.AbstractProblemLoader Loading environment from /home/runner/work/key/key/key.core/../key.ui/examples/standard_key/arrays/arrayStoreException/throwASEForPrim.key 
56368      DEBUG main            d.u.i.k.p.i.AbstractProblemLoader Environment load took 103.7ns 
56369      INFO  main            d.u.i.k.p.i.AbstractProblemLoader Creating init config 
59013      DEBUG main            d.u.i.k.p.i.AbstractProblemLoader Init config took 2.64s 
59031      INFO  main            d.u.i.k.p.i.AbstractProblemLoader Replaying proof throwASEForPrim.key 
59034      DEBUG main            d.u.i.k.p.i.IntermediateProofReplayer Proof replay took 23.3ns 
63765      INFO  main            d.u.i.k.p.r.p.TestFile    ... finished proof: open goal(s) 
3242266    INFO  Test worker     d.u.i.k.p.r.p.StatisticsFile Returning from test arrays 
3242267    INFO  Test worker     d.u.i.k.p.r.p.StatisticsFile Running test javadl 
413        INFO  Timeout watchdog d.u.i.k.p.r.p.ForkedTestFileRunner Timeout watcher launched (2000 secs.) 
434        WARN  main            d.u.i.k.s.ProofSettings   The settings in /home/runner/.key/proof-settings.props are *not* read. 
470        INFO  main            d.u.i.k.p.r.p.TestFile    Now processing file /home/runner/work/key/key/key.core/../key.ui/examples/standard_key/instanceCreation/instanceCreation1.key 
588        INFO  main            d.u.i.k.p.i.AbstractProblemLoader Loading environment from /home/runner/work/key/key/key.core/../key.ui/examples/standard_key/instanceCreation/instanceCreation1.key 
605        DEBUG main            d.u.i.k.p.i.AbstractProblemLoader Environment load took 2.12ms 
906        INFO  main            d.u.i.k.p.i.AbstractProblemLoader Creating init config 
1968       DEBUG main            d.u.i.k.j.TypeConverter   No LDT found for Meta 
1969       DEBUG main            d.u.i.k.j.TypeConverter   No LDT found for Meta 
1971       DEBUG main            d.u.i.k.j.TypeConverter   No LDT found for Meta 
1971       DEBUG main            d.u.i.k.j.TypeConverter   No LDT found for Meta 
3637       DEBUG main            d.u.i.k.j.TypeConverter   No LDT found for JavaBigintExpression 
9210       DEBUG main            d.u.i.k.p.i.AbstractProblemLoader Init config took 8.3s 
9284       INFO  main            d.u.i.k.p.i.AbstractProblemLoader Replaying proof instanceCreation1.key 
9330       DEBUG main            d.u.i.k.p.i.IntermediateProofReplayer Proof replay took 37.5ns 
10469      INFO  main            d.u.i.k.p.r.p.TestFile    ... finished proof: closed. 
10655      INFO  main            d.u.i.k.p.i.AbstractProblemLoader Loading environment from /home/runner/work/key/key/key.core/../key.ui/examples/standard_key/instanceCreation/instanceCreation1.key.proof 
10659      DEBUG main            d.u.i.k.p.i.AbstractProblemLoader Environment load took 4.91ms 
10666      INFO  main            d.u.i.k.p.i.AbstractProblemLoader Creating init config 
13912      DEBUG main            d.u.i.k.p.i.AbstractProblemLoader Init config took 3.25s 
13956      INFO  main            d.u.i.k.p.i.AbstractProblemLoader Replaying proof instanceCreation1.key.proof 
14116      DEBUG main            d.u.i.k.p.i.IntermediateProofReplayer Proof replay took 146.39ms 
14134      DEBUG main            d.u.i.k.p.r.p.TestFile    ... success: reloaded. 
14145      INFO  main            d.u.i.k.p.r.p.TestFile    Now processing file /home/runner/work/key/key/key.core/../key.ui/examples/standard_key/instanceCreation/instanceCreation2.key 
14146      INFO  main            d.u.i.k.p.i.AbstractProblemLoader Loading environment from /home/runner/work/key/key/key.core/../key.ui/examples/standard_key/instanceCreation/instanceCreation2.key 
14146      DEBUG main            d.u.i.k.p.i.AbstractProblemLoader Environment load took 314.9ns 
14148      INFO  main            d.u.i.k.p.i.AbstractProblemLoader Creating init config 
17008      DEBUG main            d.u.i.k.p.i.AbstractProblemLoader Init config took 2.86s 
17051      INFO  main            d.u.i.k.p.i.AbstractProblemLoader Replaying proof instanceCreation2.key 
17054      DEBUG main            d.u.i.k.p.i.IntermediateProofReplayer Proof replay took 6.9ns 
17662      INFO  main            d.u.i.k.p.r.p.TestFile    ... finished proof: closed. 
17853      INFO  main            d.u.i.k.p.i.AbstractProblemLoader Loading environment from /home/runner/work/key/key/key.core/../key.ui/examples/standard_key/instanceCreation/instanceCreation2.key.proof 
17853      DEBUG main            d.u.i.k.p.i.AbstractProblemLoader Environment load took 457.8ns 
17855      INFO  main            d.u.i.k.p.i.AbstractProblemLoader Creating init config 
20688      DEBUG main            d.u.i.k.p.i.AbstractProblemLoader Init config took 2.83s 
20713      INFO  main            d.u.i.k.p.i.AbstractProblemLoader Replaying proof instanceCreation2.key.proof 
20846      DEBUG main            d.u.i.k.p.i.IntermediateProofReplayer Proof replay took 128.15ms 
20848      DEBUG main            d.u.i.k.p.r.p.TestFile    ... success: reloaded. 
20849      INFO  main            d.u.i.k.p.r.p.TestFile    Now processing file /home/runner/work/key/key/key.core/../key.ui/examples/standard_key/instanceCreation/interfacesAndAbstractClassesHaveNoInstances.key 
20849      INFO  main            d.u.i.k.p.i.AbstractProblemLoader Loading environment from /home/runner/work/key/key/key.core/../key.ui/examples/standard_key/instanceCreation/interfacesAndAbstractClassesHaveNoInstances.key 
20849      DEBUG main            d.u.i.k.p.i.AbstractProblemLoader Environment load took 227.4ns 
20851      INFO  main            d.u.i.k.p.i.AbstractProblemLoader Creating init config 
23656      DEBUG main            d.u.i.k.p.i.AbstractProblemLoader Init config took 2.8s 
23678      INFO  main            d.u.i.k.p.i.AbstractProblemLoader Replaying proof interfacesAndAbstractClassesHaveNoInstances.key 
23680      DEBUG main            d.u.i.k.p.i.IntermediateProofReplayer Proof replay took 6.7ns 
23783      INFO  main            d.u.i.k.p.r.p.TestFile    ... finished proof: closed. 
23946      INFO  main            d.u.i.k.p.i.AbstractProblemLoader Loading environment from /home/runner/work/key/key/key.core/../key.ui/examples/standard_key/instanceCreation/interfacesAndAbstractClassesHaveNoInstances.key.proof 
23946      DEBUG main            d.u.i.k.p.i.AbstractProblemLoader Environment load took 175ns 
23947      INFO  main            d.u.i.k.p.i.AbstractProblemLoader Creating init config 
26646      DEBUG main            d.u.i.k.p.i.AbstractProblemLoader Init config took 2.7s 
26668      INFO  main            d.u.i.k.p.i.AbstractProblemLoader Replaying proof interfacesAndAbstractClassesHaveNoInstances.key.proof 
26672      DEBUG main            d.u.i.k.p.i.IntermediateProofReplayer Proof replay took 1.44ms 
26673      DEBUG main            d.u.i.k.p.r.p.TestFile    ... success: reloaded. 
26674      INFO  main            d.u.i.k.p.r.p.TestFile    Now processing file /home/runner/work/key/key/key.core/../key.ui/examples/standard_key/instanceCreation/successiveCreatedObjectsAreDistinct.key 
26675      INFO  main            d.u.i.k.p.i.AbstractProblemLoader Loading environment from /home/runner/work/key/key/key.core/../key.ui/examples/standard_key/instanceCreation/successiveCreatedObjectsAreDistinct.key 
26675      DEBUG main            d.u.i.k.p.i.AbstractProblemLoader Environment load took 234.8ns 
26676      INFO  main            d.u.i.k.p.i.AbstractProblemLoader Creating init config 
29408      DEBUG main            d.u.i.k.p.i.AbstractProblemLoader Init config took 2.73s 
29433      INFO  main            d.u.i.k.p.i.AbstractProblemLoader Replaying proof successiveCreatedObjectsAreDistinct.key 
29435      DEBUG main            d.u.i.k.p.i.IntermediateProofReplayer Proof replay took 6.8ns 
29839      INFO  main            d.u.i.k.p.r.p.TestFile    ... finished proof: closed. 
30087      INFO  main            d.u.i.k.p.i.AbstractProblemLoader Loading environment from /home/runner/work/key/key/key.core/../key.ui/examples/standard_key/instanceCreation/successiveCreatedObjectsAreDistinct.key.proof 
30087      DEBUG main            d.u.i.k.p.i.AbstractProblemLoader Environment load took 660.5ns 
30089      INFO  main            d.u.i.k.p.i.AbstractProblemLoader Creating init config 
32798      DEBUG main            d.u.i.k.p.i.AbstractProblemLoader Init config took 2.71s 
32822      INFO  main            d.u.i.k.p.i.AbstractProblemLoader Replaying proof successiveCreatedObjectsAreDistinct.key.proof 
32891      DEBUG main            d.u.i.k.p.i.IntermediateProofReplayer Proof replay took 65.62ms 
32893      DEBUG main            d.u.i.k.p.r.p.TestFile    ... success: reloaded. 
32894      INFO  main            d.u.i.k.p.r.p.TestFile    Now processing file /home/runner/work/key/key/key.core/../key.ui/examples/standard_key/instanceCreation/testOverloadingConstructors.key 
32894      INFO  main            d.u.i.k.p.i.AbstractProblemLoader Loading environment from /home/runner/work/key/key/key.core/../key.ui/examples/standard_key/instanceCreation/testOverloadingConstructors.key 
32894      DEBUG main            d.u.i.k.p.i.AbstractProblemLoader Environment load took 223.4ns 
32896      INFO  main            d.u.i.k.p.i.AbstractProblemLoader Creating init config 
35610      DEBUG main            d.u.i.k.p.i.AbstractProblemLoader Init config took 2.71s 
35635      INFO  main            d.u.i.k.p.i.AbstractProblemLoader Replaying proof testOverloadingConstructors.key 
35638      DEBUG main            d.u.i.k.p.i.IntermediateProofReplayer Proof replay took 6.3ns 
35941      INFO  main            d.u.i.k.p.r.p.TestFile    ... finished proof: closed. 
36135      INFO  main            d.u.i.k.p.i.AbstractProblemLoader Loading environment from /home/runner/work/key/key/key.core/../key.ui/examples/standard_key/instanceCreation/testOverloadingConstructors.key.proof 
36135      DEBUG main            d.u.i.k.p.i.AbstractProblemLoader Environment load took 210ns 
36144      INFO  main            d.u.i.k.p.i.AbstractProblemLoader Creating init config 
38838      DEBUG main            d.u.i.k.p.i.AbstractProblemLoader Init config took 2.69s 
38875      INFO  main            d.u.i.k.p.i.AbstractProblemLoader Replaying proof testOverloadingConstructors.key.proof 
38945      DEBUG main            d.u.i.k.p.i.IntermediateProofReplayer Proof replay took 66.04ms 
38947      DEBUG main            d.u.i.k.p.r.p.TestFile    ... success: reloaded. 
38948      INFO  main            d.u.i.k.p.r.p.TestFile    Now processing file /home/runner/work/key/key/key.core/../key.ui/examples/standard_key/java_dl/SimpleAttributes.key 
38949      INFO  main            d.u.i.k.p.i.AbstractProblemLoader Loading environment from /home/runner/work/key/key/key.core/../key.ui/examples/standard_key/java_dl/SimpleAttributes.key 
38949      DEBUG main            d.u.i.k.p.i.AbstractProblemLoader Environment load took 257.2ns 
38950      INFO  main            d.u.i.k.p.i.AbstractProblemLoader Creating init config 
41629      DEBUG main            d.u.i.k.p.i.AbstractProblemLoader Init config took 2.68s 
41650      INFO  main            d.u.i.k.p.i.AbstractProblemLoader Replaying proof SimpleAttributes.key 
41652      DEBUG main            d.u.i.k.p.i.IntermediateProofReplayer Proof replay took 6.7ns 
41754      INFO  main            d.u.i.k.p.r.p.TestFile    ... finished proof: closed. 
41938      INFO  main            d.u.i.k.p.i.AbstractProblemLoader Loading environment from /home/runner/work/key/key/key.core/../key.ui/examples/standard_key/java_dl/SimpleAttributes.key.proof 
41938      DEBUG main            d.u.i.k.p.i.AbstractProblemLoader Environment load took 196.7ns 
41940      INFO  main            d.u.i.k.p.i.AbstractProblemLoader Creating init config 
44521      DEBUG main            d.u.i.k.p.i.AbstractProblemLoader Init config took 2.58s 
44543      INFO  main            d.u.i.k.p.i.AbstractProblemLoader Replaying proof SimpleAttributes.key.proof 
44575      DEBUG main            d.u.i.k.p.i.IntermediateProofReplayer Proof replay took 28.92ms 
44576      DEBUG main            d.u.i.k.p.r.p.TestFile    ... success: reloaded. 
44577      INFO  main            d.u.i.k.p.r.p.TestFile    Now processing file /home/runner/work/key/key/key.core/../key.ui/examples/standard_key/java_dl/arrayMax.key 
44577      INFO  main            d.u.i.k.p.i.AbstractProblemLoader Loading environment from /home/runner/work/key/key/key.core/../key.ui/examples/standard_key/java_dl/arrayMax.key 
44577      DEBUG main            d.u.i.k.p.i.AbstractProblemLoader Environment load took 153.9ns 
44579      INFO  main            d.u.i.k.p.i.AbstractProblemLoader Creating init config 
47213      DEBUG main            d.u.i.k.p.i.AbstractProblemLoader Init config took 2.63s 
47237      INFO  main            d.u.i.k.p.i.AbstractProblemLoader Replaying proof arrayMax.key 
47239      DEBUG main            d.u.i.k.p.i.IntermediateProofReplayer Proof replay took 6.7ns 
48750      INFO  main            d.u.i.k.p.r.p.TestFile    ... finished proof: closed. 
49057      INFO  main            d.u.i.k.p.i.AbstractProblemLoader Loading environment from /home/runner/work/key/key/key.core/../key.ui/examples/standard_key/java_dl/arrayMax.key.proof 
49058      DEBUG main            d.u.i.k.p.i.AbstractProblemLoader Environment load took 527.5ns 
49060      INFO  main            d.u.i.k.p.i.AbstractProblemLoader Creating init config 
51728      DEBUG main            d.u.i.k.p.i.AbstractProblemLoader Init config took 2.67s 
51751      INFO  main            d.u.i.k.p.i.AbstractProblemLoader Replaying proof arrayMax.key.proof 
52084      DEBUG main            d.u.i.k.p.i.IntermediateProofReplayer Proof replay took 323.44ms 
52086      DEBUG main            d.u.i.k.p.r.p.TestFile    ... success: reloaded. 
52087      INFO  main            d.u.i.k.p.r.p.TestFile    Now processing file /home/runner/work/key/key/key.core/../key.ui/examples/standard_key/java_dl/arrayUpdateSimp.key 
52088      INFO  main            d.u.i.k.p.i.AbstractProblemLoader Loading environment from /home/runner/work/key/key/key.core/../key.ui/examples/standard_key/java_dl/arrayUpdateSimp.key 
52088      DEBUG main            d.u.i.k.p.i.AbstractProblemLoader Environment load took 353.7ns 
52091      INFO  main            d.u.i.k.p.i.AbstractProblemLoader Creating init config 
52121      WARN  main            d.u.i.k.j.r.KeYCrossReferenceNameInfo Datatype java.io.InputStream declared twice: Once in FILE:/home/runner/work/key/key/key.core/../key.ui/examples/standard_key/java_dl/./classpath/InputStream.java and once in URL:file:/home/runner/work/key/key/key.core/build/resources/main/de/uka/ilkd/key/java/JavaRedux/java/io/InputStream.java, Keeping one from URL:file:/home/runner/work/key/key/key.core/build/resources/main/de/uka/ilkd/key/java/JavaRedux/java/io/InputStream.java 
52122      WARN  main            d.u.i.k.j.r.KeYCrossReferenceNameInfo Datatype java.lang.System declared twice: Once in FILE:/home/runner/work/key/key/key.core/../key.ui/examples/standard_key/java_dl/./classpath/System.java and once in URL:file:/home/runner/work/key/key/key.core/build/resources/main/de/uka/ilkd/key/java/JavaRedux/java/lang/System.java, Keeping one from URL:file:/home/runner/work/key/key/key.core/build/resources/main/de/uka/ilkd/key/java/JavaRedux/java/lang/System.java 
52122      WARN  main            d.u.i.k.j.r.KeYCrossReferenceNameInfo Datatype java.io.PrintStream declared twice: Once in FILE:/home/runner/work/key/key/key.core/../key.ui/examples/standard_key/java_dl/./classpath/PrintStream.java and once in URL:file:/home/runner/work/key/key/key.core/build/resources/main/de/uka/ilkd/key/java/JavaRedux/java/io/PrintStream.java, Keeping one from URL:file:/home/runner/work/key/key/key.core/build/resources/main/de/uka/ilkd/key/java/JavaRedux/java/io/PrintStream.java 
52128      DEBUG main            d.u.i.k.j.r.ClassFileDeclarationBuilder Parsing: package java.io; public class Closeable { } 
52128      DEBUG main            r.s.KeYCrossReferenceSourceInfo Dynamically created class: java.io.Closeable 
54777      DEBUG main            d.u.i.k.p.i.AbstractProblemLoader Init config took 2.69s 
54799      INFO  main            d.u.i.k.p.i.AbstractProblemLoader Replaying proof arrayUpdateSimp.key 
54801      DEBUG main            d.u.i.k.p.i.IntermediateProofReplayer Proof replay took 7.1ns 
54904      INFO  main            d.u.i.k.p.r.p.TestFile    ... finished proof: closed. 
55145      INFO  main            d.u.i.k.p.i.AbstractProblemLoader Loading environment from /home/runner/work/key/key/key.core/../key.ui/examples/standard_key/java_dl/arrayUpdateSimp.key.proof 
55146      DEBUG main            d.u.i.k.p.i.AbstractProblemLoader Environment load took 131.1ns 
55150      INFO  main            d.u.i.k.p.i.AbstractProblemLoader Creating init config 
55179      WARN  main            d.u.i.k.j.r.KeYCrossReferenceNameInfo Datatype java.io.InputStream declared twice: Once in FILE:/home/runner/work/key/key/key.core/../key.ui/examples/standard_key/java_dl/classpath/InputStream.java and once in URL:file:/home/runner/work/key/key/key.core/build/resources/main/de/uka/ilkd/key/java/JavaRedux/java/io/InputStream.java, Keeping one from URL:file:/home/runner/work/key/key/key.core/build/resources/main/de/uka/ilkd/key/java/JavaRedux/java/io/InputStream.java 
55179      WARN  main            d.u.i.k.j.r.KeYCrossReferenceNameInfo Datatype java.lang.System declared twice: Once in FILE:/home/runner/work/key/key/key.core/../key.ui/examples/standard_key/java_dl/classpath/System.java and once in URL:file:/home/runner/work/key/key/key.core/build/resources/main/de/uka/ilkd/key/java/JavaRedux/java/lang/System.java, Keeping one from URL:file:/home/runner/work/key/key/key.core/build/resources/main/de/uka/ilkd/key/java/JavaRedux/java/lang/System.java 
55179      WARN  main            d.u.i.k.j.r.KeYCrossReferenceNameInfo Datatype java.io.PrintStream declared twice: Once in FILE:/home/runner/work/key/key/key.core/../key.ui/examples/standard_key/java_dl/classpath/PrintStream.java and once in URL:file:/home/runner/work/key/key/key.core/build/resources/main/de/uka/ilkd/key/java/JavaRedux/java/io/PrintStream.java, Keeping one from URL:file:/home/runner/work/key/key/key.core/build/resources/main/de/uka/ilkd/key/java/JavaRedux/java/io/PrintStream.java 
55183      DEBUG main            d.u.i.k.j.r.ClassFileDeclarationBuilder Parsing: package java.io; public class Closeable { } 
55184      DEBUG main            r.s.KeYCrossReferenceSourceInfo Dynamically created class: java.io.Closeable 
57771      DEBUG main            d.u.i.k.p.i.AbstractProblemLoader Init config took 2.62s 
57803      INFO  main            d.u.i.k.p.i.AbstractProblemLoader Replaying proof arrayUpdateSimp.key.proof 
57806      DEBUG main            d.u.i.k.p.i.IntermediateProofReplayer Proof replay took 618.6ns 
57808      DEBUG main            d.u.i.k.p.r.p.TestFile    ... success: reloaded. 
57809      INFO  main            d.u.i.k.p.r.p.TestFile    Now processing file /home/runner/work/key/key/key.core/../key.ui/examples/standard_key/java_dl/attributes.key 
57809      INFO  main            d.u.i.k.p.i.AbstractProblemLoader Loading environment from /home/runner/work/key/key/key.core/../key.ui/examples/standard_key/java_dl/attributes.key 
57809      DEBUG main            d.u.i.k.p.i.AbstractProblemLoader Environment load took 212.2ns 
57811      INFO  main            d.u.i.k.p.i.AbstractProblemLoader Creating init config 
60461      DEBUG main            d.u.i.k.p.i.AbstractProblemLoader Init config took 2.65s 
60481      INFO  main            d.u.i.k.p.i.AbstractProblemLoader Replaying proof attributes.key 
60483      DEBUG main            d.u.i.k.p.i.IntermediateProofReplayer Proof replay took 6.9ns 
60686      INFO  main            d.u.i.k.p.r.p.TestFile    ... finished proof: closed. 
60901      INFO  main            d.u.i.k.p.i.AbstractProblemLoader Loading environment from /home/runner/work/key/key/key.core/../key.ui/examples/standard_key/java_dl/attributes.key.proof 
60902      DEBUG main            d.u.i.k.p.i.AbstractProblemLoader Environment load took 128.2ns 
60903      INFO  main            d.u.i.k.p.i.AbstractProblemLoader Creating init config 
63470      DEBUG main            d.u.i.k.p.i.AbstractProblemLoader Init config took 2.57s 
63490      INFO  main            d.u.i.k.p.i.AbstractProblemLoader Replaying proof attributes.key.proof 
63539      DEBUG main            d.u.i.k.p.i.IntermediateProofReplayer Proof replay took 45.66ms 
63540      DEBUG main            d.u.i.k.p.r.p.TestFile    ... success: reloaded. 
63541      INFO  main            d.u.i.k.p.r.p.TestFile    Now processing file /home/runner/work/key/key/key.core/../key.ui/examples/standard_key/java_dl/break.key 
63541      INFO  main            d.u.i.k.p.i.AbstractProblemLoader Loading environment from /home/runner/work/key/key/key.core/../key.ui/examples/standard_key/java_dl/break.key 
63541      DEBUG main            d.u.i.k.p.i.AbstractProblemLoader Environment load took 214ns 
63556      INFO  main            d.u.i.k.p.i.AbstractProblemLoader Creating init config 
63604      WARN  main            d.u.i.k.j.r.KeYCrossReferenceNameInfo Datatype java.io.InputStream declared twice: Once in FILE:/home/runner/work/key/key/key.core/../key.ui/examples/standard_key/java_dl/classpath/InputStream.java and once in URL:file:/home/runner/work/key/key/key.core/build/resources/main/de/uka/ilkd/key/java/JavaRedux/java/io/InputStream.java, Keeping one from URL:file:/home/runner/work/key/key/key.core/build/resources/main/de/uka/ilkd/key/java/JavaRedux/java/io/InputStream.java 
63605      WARN  main            d.u.i.k.j.r.KeYCrossReferenceNameInfo Datatype java.lang.System declared twice: Once in FILE:/home/runner/work/key/key/key.core/../key.ui/examples/standard_key/java_dl/classpath/System.java and once in URL:file:/home/runner/work/key/key/key.core/build/resources/main/de/uka/ilkd/key/java/JavaRedux/java/lang/System.java, Keeping one from URL:file:/home/runner/work/key/key/key.core/build/resources/main/de/uka/ilkd/key/java/JavaRedux/java/lang/System.java 
63605      WARN  main            d.u.i.k.j.r.KeYCrossReferenceNameInfo Datatype java.io.PrintStream declared twice: Once in FILE:/home/runner/work/key/key/key.core/../key.ui/examples/standard_key/java_dl/classpath/PrintStream.java and once in URL:file:/home/runner/work/key/key/key.core/build/resources/main/de/uka/ilkd/key/java/JavaRedux/java/io/PrintStream.java, Keeping one from URL:file:/home/runner/work/key/key/key.core/build/resources/main/de/uka/ilkd/key/java/JavaRedux/java/io/PrintStream.java 
63612      DEBUG main            d.u.i.k.j.r.ClassFileDeclarationBuilder Parsing: package java.io; public class Closeable { } 
63612      DEBUG main            r.s.KeYCrossReferenceSourceInfo Dynamically created class: java.io.Closeable 
66210      DEBUG main            d.u.i.k.p.i.AbstractProblemLoader Init config took 2.65s 
66230      INFO  main            d.u.i.k.p.i.AbstractProblemLoader Replaying proof break.key 
66232      DEBUG main            d.u.i.k.p.i.IntermediateProofReplayer Proof replay took 7.4ns 
66335      INFO  main            d.u.i.k.p.r.p.TestFile    ... finished proof: closed. 
66646      INFO  main            d.u.i.k.p.i.AbstractProblemLoader Loading environment from /home/runner/work/key/key/key.core/../key.ui/examples/standard_key/java_dl/break.key.proof 
66646      DEBUG main            d.u.i.k.p.i.AbstractProblemLoader Environment load took 138.9ns 
66647      INFO  main            d.u.i.k.p.i.AbstractProblemLoader Creating init config 
66674      WARN  main            d.u.i.k.j.r.KeYCrossReferenceNameInfo Datatype java.io.InputStream declared twice: Once in FILE:/home/runner/work/key/key/key.core/../key.ui/examples/standard_key/java_dl/classpath/InputStream.java and once in URL:file:/home/runner/work/key/key/key.core/build/resources/main/de/uka/ilkd/key/java/JavaRedux/java/io/InputStream.java, Keeping one from URL:file:/home/runner/work/key/key/key.core/build/resources/main/de/uka/ilkd/key/java/JavaRedux/java/io/InputStream.java 
66674      WARN  main            d.u.i.k.j.r.KeYCrossReferenceNameInfo Datatype java.lang.System declared twice: Once in FILE:/home/runner/work/key/key/key.core/../key.ui/examples/standard_key/java_dl/classpath/System.java and once in URL:file:/home/runner/work/key/key/key.core/build/resources/main/de/uka/ilkd/key/java/JavaRedux/java/lang/System.java, Keeping one from URL:file:/home/runner/work/key/key/key.core/build/resources/main/de/uka/ilkd/key/java/JavaRedux/java/lang/System.java 
66675      WARN  main            d.u.i.k.j.r.KeYCrossReferenceNameInfo Datatype java.io.PrintStream declared twice: Once in FILE:/home/runner/work/key/key/key.core/../key.ui/examples/standard_key/java_dl/classpath/PrintStream.java and once in URL:file:/home/runner/work/key/key/key.core/build/resources/main/de/uka/ilkd/key/java/JavaRedux/java/io/PrintStream.java, Keeping one from URL:file:/home/runner/work/key/key/key.core/build/resources/main/de/uka/ilkd/key/java/JavaRedux/java/io/PrintStream.java 
66678      DEBUG main            d.u.i.k.j.r.ClassFileDeclarationBuilder Parsing: package java.io; public class Closeable { } 
66678      DEBUG main            r.s.KeYCrossReferenceSourceInfo Dynamically created class: java.io.Closeable 
69178      DEBUG main            d.u.i.k.p.i.AbstractProblemLoader Init config took 2.53s 
69198      INFO  main            d.u.i.k.p.i.AbstractProblemLoader Replaying proof break.key.proof 
69212      DEBUG main            d.u.i.k.p.i.IntermediateProofReplayer Proof replay took 11.65ms 
69214      DEBUG main            d.u.i.k.p.r.p.TestFile    ... success: reloaded. 
69215      INFO  main            d.u.i.k.p.r.p.TestFile    Now processing file /home/runner/work/key/key/key.core/../key.ui/examples/standard_key/java_dl/char.key 
69215      INFO  main            d.u.i.k.p.i.AbstractProblemLoader Loading environment from /home/runner/work/key/key/key.core/../key.ui/examples/standard_key/java_dl/char.key 
69215      DEBUG main            d.u.i.k.p.i.AbstractProblemLoader Environment load took 201.2ns 
69217      INFO  main            d.u.i.k.p.i.AbstractProblemLoader Creating init config 
71730      DEBUG main            d.u.i.k.p.i.AbstractProblemLoader Init config took 2.51s 
71746      INFO  main            d.u.i.k.p.i.AbstractProblemLoader Replaying proof char.key 
71748      DEBUG main            d.u.i.k.p.i.IntermediateProofReplayer Proof replay took 7.3ns 
71854      INFO  main            d.u.i.k.p.r.p.TestFile    ... finished proof: closed. 
72114      INFO  main            d.u.i.k.p.i.AbstractProblemLoader Loading environment from /home/runner/work/key/key/key.core/../key.ui/examples/standard_key/java_dl/char.key.proof 
72114      DEBUG main            d.u.i.k.p.i.AbstractProblemLoader Environment load took 129.8ns 
72115      INFO  main            d.u.i.k.p.i.AbstractProblemLoader Creating init config 
74616      DEBUG main            d.u.i.k.p.i.AbstractProblemLoader Init config took 2.5s 
74632      INFO  main            d.u.i.k.p.i.AbstractProblemLoader Replaying proof char.key.proof 
74638      DEBUG main            d.u.i.k.p.i.IntermediateProofReplayer Proof replay took 3.99ms 
74639      DEBUG main            d.u.i.k.p.r.p.TestFile    ... success: reloaded. 
74640      INFO  main            d.u.i.k.p.r.p.TestFile    Now processing file /home/runner/work/key/key/key.core/../key.ui/examples/standard_key/java_dl/compileTimeConstants.key 
74640      INFO  main            d.u.i.k.p.i.AbstractProblemLoader Loading environment from /home/runner/work/key/key/key.core/../key.ui/examples/standard_key/java_dl/compileTimeConstants.key 
74640      DEBUG main            d.u.i.k.p.i.AbstractProblemLoader Environment load took 200.9ns 
74641      INFO  main            d.u.i.k.p.i.AbstractProblemLoader Creating init config 
77206      DEBUG main            d.u.i.k.p.i.AbstractProblemLoader Init config took 2.56s 
77222      INFO  main            d.u.i.k.p.i.AbstractProblemLoader Replaying proof compileTimeConstants.key 
77223      DEBUG main            d.u.i.k.p.i.IntermediateProofReplayer Proof replay took 7.5ns 
77325      INFO  main            d.u.i.k.p.r.p.TestFile    ... finished proof: closed. 
77544      INFO  main            d.u.i.k.p.i.AbstractProblemLoader Loading environment from /home/runner/work/key/key/key.core/../key.ui/examples/standard_key/java_dl/compileTimeConstants.key.proof 
77544      DEBUG main            d.u.i.k.p.i.AbstractProblemLoader Environment load took 133.3ns 
77546      INFO  main            d.u.i.k.p.i.AbstractProblemLoader Creating init config 
80073      DEBUG main            d.u.i.k.p.i.AbstractProblemLoader Init config took 2.53s 
80089      INFO  main            d.u.i.k.p.i.AbstractProblemLoader Replaying proof compileTimeConstants.key.proof 
80108      DEBUG main            d.u.i.k.p.i.IntermediateProofReplayer Proof replay took 15.76ms 
80109      DEBUG main            d.u.i.k.p.r.p.TestFile    ... success: reloaded. 
80110      INFO  main            d.u.i.k.p.r.p.TestFile    Now processing file /home/runner/work/key/key/key.core/../key.ui/examples/standard_key/java_dl/constructorException/test.key 
80110      INFO  main            d.u.i.k.p.i.AbstractProblemLoader Loading environment from /home/runner/work/key/key/key.core/../key.ui/examples/standard_key/java_dl/constructorException/test.key 
80110      DEBUG main            d.u.i.k.p.i.AbstractProblemLoader Environment load took 120.3ns 
80111      INFO  main            d.u.i.k.p.i.AbstractProblemLoader Creating init config 
82716      DEBUG main            d.u.i.k.p.i.AbstractProblemLoader Init config took 2.6s 
82786      INFO  main            d.u.i.k.p.i.AbstractProblemLoader Replaying proof Test[Test::Test(int)].JML operation contract.0 
82788      DEBUG main            d.u.i.k.p.i.IntermediateProofReplayer Proof replay took 7.2ns 
83090      INFO  main            d.u.i.k.p.r.p.TestFile    ... finished proof: closed. 
83374      INFO  main            d.u.i.k.p.i.AbstractProblemLoader Loading environment from /home/runner/work/key/key/key.core/../key.ui/examples/standard_key/java_dl/constructorException/test.key.proof 
83374      DEBUG main            d.u.i.k.p.i.AbstractProblemLoader Environment load took 125.4ns 
83375      INFO  main            d.u.i.k.p.i.AbstractProblemLoader Creating init config 
85972      DEBUG main            d.u.i.k.p.i.AbstractProblemLoader Init config took 2.6s 
86029      INFO  main            d.u.i.k.p.i.AbstractProblemLoader Replaying proof Test[Test::Test(int)].JML operation contract.0 
86102      DEBUG main            d.u.i.k.p.i.IntermediateProofReplayer Proof replay took 69.84ms 
86103      DEBUG main            d.u.i.k.p.r.p.TestFile    ... success: reloaded. 
86104      INFO  main            d.u.i.k.p.r.p.TestFile    Now processing file /home/runner/work/key/key/key.core/../key.ui/examples/standard_key/java_dl/constructorException/regressionTestBug1333.key 
86105      INFO  main            d.u.i.k.p.i.AbstractProblemLoader Loading environment from /home/runner/work/key/key/key.core/../key.ui/examples/standard_key/java_dl/constructorException/regressionTestBug1333.key 
86105      DEBUG main            d.u.i.k.p.i.AbstractProblemLoader Environment load took 200ns 
86106      INFO  main            d.u.i.k.p.i.AbstractProblemLoader Creating init config 
88734      DEBUG main            d.u.i.k.p.i.AbstractProblemLoader Init config took 2.63s 
88779      INFO  main            d.u.i.k.p.i.AbstractProblemLoader Replaying proof False[False::False()].JML normal_behavior operation contract.0 
88782      DEBUG main            d.u.i.k.p.i.IntermediateProofReplayer Proof replay took 6.5ns 
88884      INFO  main            d.u.i.k.p.r.p.TestFile    ... finished proof: open goal(s) 
89123      INFO  main            d.u.i.k.p.r.p.TestFile    Now processing file /home/runner/work/key/key/key.core/../key.ui/examples/standard_key/java_dl/continue1.key 
89123      INFO  main            d.u.i.k.p.i.AbstractProblemLoader Loading environment from /home/runner/work/key/key/key.core/../key.ui/examples/standard_key/java_dl/continue1.key 
89123      DEBUG main            d.u.i.k.p.i.AbstractProblemLoader Environment load took 71ns 
89125      INFO  main            d.u.i.k.p.i.AbstractProblemLoader Creating init config 
89158      WARN  main            d.u.i.k.j.r.KeYCrossReferenceNameInfo Datatype java.io.InputStream declared twice: Once in FILE:/home/runner/work/key/key/key.core/../key.ui/examples/standard_key/java_dl/classpath/InputStream.java and once in URL:file:/home/runner/work/key/key/key.core/build/resources/main/de/uka/ilkd/key/java/JavaRedux/java/io/InputStream.java, Keeping one from URL:file:/home/runner/work/key/key/key.core/build/resources/main/de/uka/ilkd/key/java/JavaRedux/java/io/InputStream.java 
89158      WARN  main            d.u.i.k.j.r.KeYCrossReferenceNameInfo Datatype java.lang.System declared twice: Once in FILE:/home/runner/work/key/key/key.core/../key.ui/examples/standard_key/java_dl/classpath/System.java and once in URL:file:/home/runner/work/key/key/key.core/build/resources/main/de/uka/ilkd/key/java/JavaRedux/java/lang/System.java, Keeping one from URL:file:/home/runner/work/key/key/key.core/build/resources/main/de/uka/ilkd/key/java/JavaRedux/java/lang/System.java 
89159      WARN  main            d.u.i.k.j.r.KeYCrossReferenceNameInfo Datatype java.io.PrintStream declared twice: Once in FILE:/home/runner/work/key/key/key.core/../key.ui/examples/standard_key/java_dl/classpath/PrintStream.java and once in URL:file:/home/runner/work/key/key/key.core/build/resources/main/de/uka/ilkd/key/java/JavaRedux/java/io/PrintStream.java, Keeping one from URL:file:/home/runner/work/key/key/key.core/build/resources/main/de/uka/ilkd/key/java/JavaRedux/java/io/PrintStream.java 
89162      DEBUG main            d.u.i.k.j.r.ClassFileDeclarationBuilder Parsing: package java.io; public class Closeable { } 
89162      DEBUG main            r.s.KeYCrossReferenceSourceInfo Dynamically created class: java.io.Closeable 
91658      DEBUG main            d.u.i.k.p.i.AbstractProblemLoader Init config took 2.53s 
91672      INFO  main            d.u.i.k.p.i.AbstractProblemLoader Replaying proof continue1.key 
91674      DEBUG main            d.u.i.k.p.i.IntermediateProofReplayer Proof replay took 7ns 
91777      INFO  main            d.u.i.k.p.r.p.TestFile    ... finished proof: closed. 
91997      INFO  main            d.u.i.k.p.i.AbstractProblemLoader Loading environment from /home/runner/work/key/key/key.core/../key.ui/examples/standard_key/java_dl/continue1.key.proof 
91997      DEBUG main            d.u.i.k.p.i.AbstractProblemLoader Environment load took 121.5ns 
92000      INFO  main            d.u.i.k.p.i.AbstractProblemLoader Creating init config 
92028      WARN  main            d.u.i.k.j.r.KeYCrossReferenceNameInfo Datatype java.io.InputStream declared twice: Once in FILE:/home/runner/work/key/key/key.core/../key.ui/examples/standard_key/java_dl/classpath/InputStream.java and once in URL:file:/home/runner/work/key/key/key.core/build/resources/main/de/uka/ilkd/key/java/JavaRedux/java/io/InputStream.java, Keeping one from URL:file:/home/runner/work/key/key/key.core/build/resources/main/de/uka/ilkd/key/java/JavaRedux/java/io/InputStream.java 
92029      WARN  main            d.u.i.k.j.r.KeYCrossReferenceNameInfo Datatype java.lang.System declared twice: Once in FILE:/home/runner/work/key/key/key.core/../key.ui/examples/standard_key/java_dl/classpath/System.java and once in URL:file:/home/runner/work/key/key/key.core/build/resources/main/de/uka/ilkd/key/java/JavaRedux/java/lang/System.java, Keeping one from URL:file:/home/runner/work/key/key/key.core/build/resources/main/de/uka/ilkd/key/java/JavaRedux/java/lang/System.java 
92029      WARN  main            d.u.i.k.j.r.KeYCrossReferenceNameInfo Datatype java.io.PrintStream declared twice: Once in FILE:/home/runner/work/key/key/key.core/../key.ui/examples/standard_key/java_dl/classpath/PrintStream.java and once in URL:file:/home/runner/work/key/key/key.core/build/resources/main/de/uka/ilkd/key/java/JavaRedux/java/io/PrintStream.java, Keeping one from URL:file:/home/runner/work/key/key/key.core/build/resources/main/de/uka/ilkd/key/java/JavaRedux/java/io/PrintStream.java 
92032      DEBUG main            d.u.i.k.j.r.ClassFileDeclarationBuilder Parsing: package java.io; public class Closeable { } 
92032      DEBUG main            r.s.KeYCrossReferenceSourceInfo Dynamically created class: java.io.Closeable 
94580      DEBUG main            d.u.i.k.p.i.AbstractProblemLoader Init config took 2.58s 
94596      INFO  main            d.u.i.k.p.i.AbstractProblemLoader Replaying proof continue1.key.proof 
94625      DEBUG main            d.u.i.k.p.i.IntermediateProofReplayer Proof replay took 25.5ms 
94626      DEBUG main            d.u.i.k.p.r.p.TestFile    ... success: reloaded. 
94628      INFO  main            d.u.i.k.p.r.p.TestFile    Now processing file /home/runner/work/key/key/key.core/../key.ui/examples/standard_key/java_dl/continue2.key 
94628      INFO  main            d.u.i.k.p.i.AbstractProblemLoader Loading environment from /home/runner/work/key/key/key.core/../key.ui/examples/standard_key/java_dl/continue2.key 
94628      DEBUG main            d.u.i.k.p.i.AbstractProblemLoader Environment load took 272.8ns 
94630      INFO  main            d.u.i.k.p.i.AbstractProblemLoader Creating init config 
94657      WARN  main            d.u.i.k.j.r.KeYCrossReferenceNameInfo Datatype java.io.InputStream declared twice: Once in FILE:/home/runner/work/key/key/key.core/../key.ui/examples/standard_key/java_dl/classpath/InputStream.java and once in URL:file:/home/runner/work/key/key/key.core/build/resources/main/de/uka/ilkd/key/java/JavaRedux/java/io/InputStream.java, Keeping one from URL:file:/home/runner/work/key/key/key.core/build/resources/main/de/uka/ilkd/key/java/JavaRedux/java/io/InputStream.java 
94657      WARN  main            d.u.i.k.j.r.KeYCrossReferenceNameInfo Datatype java.lang.System declared twice: Once in FILE:/home/runner/work/key/key/key.core/../key.ui/examples/standard_key/java_dl/classpath/System.java and once in URL:file:/home/runner/work/key/key/key.core/build/resources/main/de/uka/ilkd/key/java/JavaRedux/java/lang/System.java, Keeping one from URL:file:/home/runner/work/key/key/key.core/build/resources/main/de/uka/ilkd/key/java/JavaRedux/java/lang/System.java 
94658      WARN  main            d.u.i.k.j.r.KeYCrossReferenceNameInfo Datatype java.io.PrintStream declared twice: Once in FILE:/home/runner/work/key/key/key.core/../key.ui/examples/standard_key/java_dl/classpath/PrintStream.java and once in URL:file:/home/runner/work/key/key/key.core/build/resources/main/de/uka/ilkd/key/java/JavaRedux/java/io/PrintStream.java, Keeping one from URL:file:/home/runner/work/key/key/key.core/build/resources/main/de/uka/ilkd/key/java/JavaRedux/java/io/PrintStream.java 
94661      DEBUG main            d.u.i.k.j.r.ClassFileDeclarationBuilder Parsing: package java.io; public class Closeable { } 
94662      DEBUG main            r.s.KeYCrossReferenceSourceInfo Dynamically created class: java.io.Closeable 
97254      DEBUG main            d.u.i.k.p.i.AbstractProblemLoader Init config took 2.62s 
97268      INFO  main            d.u.i.k.p.i.AbstractProblemLoader Replaying proof continue2.key 
97270      DEBUG main            d.u.i.k.p.i.IntermediateProofReplayer Proof replay took 16ns 
97574      INFO  main            d.u.i.k.p.r.p.TestFile    ... finished proof: closed. 
97839      INFO  main            d.u.i.k.p.i.AbstractProblemLoader Loading environment from /home/runner/work/key/key/key.core/../key.ui/examples/standard_key/java_dl/continue2.key.proof 
97839      DEBUG main            d.u.i.k.p.i.AbstractProblemLoader Environment load took 126ns 
97841      INFO  main            d.u.i.k.p.i.AbstractProblemLoader Creating init config 
97867      WARN  main            d.u.i.k.j.r.KeYCrossReferenceNameInfo Datatype java.io.InputStream declared twice: Once in FILE:/home/runner/work/key/key/key.core/../key.ui/examples/standard_key/java_dl/classpath/InputStream.java and once in URL:file:/home/runner/work/key/key/key.core/build/resources/main/de/uka/ilkd/key/java/JavaRedux/java/io/InputStream.java, Keeping one from URL:file:/home/runner/work/key/key/key.core/build/resources/main/de/uka/ilkd/key/java/JavaRedux/java/io/InputStream.java 
97867      WARN  main            d.u.i.k.j.r.KeYCrossReferenceNameInfo Datatype java.lang.System declared twice: Once in FILE:/home/runner/work/key/key/key.core/../key.ui/examples/standard_key/java_dl/classpath/System.java and once in URL:file:/home/runner/work/key/key/key.core/build/resources/main/de/uka/ilkd/key/java/JavaRedux/java/lang/System.java, Keeping one from URL:file:/home/runner/work/key/key/key.core/build/resources/main/de/uka/ilkd/key/java/JavaRedux/java/lang/System.java 
97867      WARN  main            d.u.i.k.j.r.KeYCrossReferenceNameInfo Datatype java.io.PrintStream declared twice: Once in FILE:/home/runner/work/key/key/key.core/../key.ui/examples/standard_key/java_dl/classpath/PrintStream.java and once in URL:file:/home/runner/work/key/key/key.core/build/resources/main/de/uka/ilkd/key/java/JavaRedux/java/io/PrintStream.java, Keeping one from URL:file:/home/runner/work/key/key/key.core/build/resources/main/de/uka/ilkd/key/java/JavaRedux/java/io/PrintStream.java 
97870      DEBUG main            d.u.i.k.j.r.ClassFileDeclarationBuilder Parsing: package java.io; public class Closeable { } 
97871      DEBUG main            r.s.KeYCrossReferenceSourceInfo Dynamically created class: java.io.Closeable 
100313     DEBUG main            d.u.i.k.p.i.AbstractProblemLoader Init config took 2.47s 
100329     INFO  main            d.u.i.k.p.i.AbstractProblemLoader Replaying proof continue2.key.proof 
100416     DEBUG main            d.u.i.k.p.i.IntermediateProofReplayer Proof replay took 84.42ms 
100418     DEBUG main            d.u.i.k.p.r.p.TestFile    ... success: reloaded. 
100419     INFO  main            d.u.i.k.p.r.p.TestFile    Now processing file /home/runner/work/key/key/key.core/../key.ui/examples/standard_key/java_dl/complexAssignment.key 
100420     INFO  main            d.u.i.k.p.i.AbstractProblemLoader Loading environment from /home/runner/work/key/key/key.core/../key.ui/examples/standard_key/java_dl/complexAssignment.key 
100420     DEBUG main            d.u.i.k.p.i.AbstractProblemLoader Environment load took 109.7ns 
100429     INFO  main            d.u.i.k.p.i.AbstractProblemLoader Creating init config 
102999     DEBUG main            d.u.i.k.p.i.AbstractProblemLoader Init config took 2.57s 
103014     INFO  main            d.u.i.k.p.i.AbstractProblemLoader Replaying proof complexAssignment.key 
103016     DEBUG main            d.u.i.k.p.i.IntermediateProofReplayer Proof replay took 7.1ns 
103119     INFO  main            d.u.i.k.p.r.p.TestFile    ... finished proof: closed. 
103372     INFO  main            d.u.i.k.p.i.AbstractProblemLoader Loading environment from /home/runner/work/key/key/key.core/../key.ui/examples/standard_key/java_dl/complexAssignment.key.proof 
103372     DEBUG main            d.u.i.k.p.i.AbstractProblemLoader Environment load took 175.5ns 
103373     INFO  main            d.u.i.k.p.i.AbstractProblemLoader Creating init config 
105853     DEBUG main            d.u.i.k.p.i.AbstractProblemLoader Init config took 2.48s 
105867     INFO  main            d.u.i.k.p.i.AbstractProblemLoader Replaying proof complexAssignment.key.proof 
105877     DEBUG main            d.u.i.k.p.i.IntermediateProofReplayer Proof replay took 8ms 
105878     DEBUG main            d.u.i.k.p.r.p.TestFile    ... success: reloaded. 
105878     INFO  main            d.u.i.k.p.r.p.TestFile    Now processing file /home/runner/work/key/key/key.core/../key.ui/examples/standard_key/java_dl/danglingElseSolution1.key 
105879     INFO  main            d.u.i.k.p.i.AbstractProblemLoader Loading environment from /home/runner/work/key/key/key.core/../key.ui/examples/standard_key/java_dl/danglingElseSolution1.key 
105879     DEBUG main            d.u.i.k.p.i.AbstractProblemLoader Environment load took 107ns 
105880     INFO  main            d.u.i.k.p.i.AbstractProblemLoader Creating init config 
108459     DEBUG main            d.u.i.k.p.i.AbstractProblemLoader Init config took 2.58s 
108484     INFO  main            d.u.i.k.p.i.AbstractProblemLoader Replaying proof danglingElseSolution1.key 
108486     DEBUG main            d.u.i.k.p.i.IntermediateProofReplayer Proof replay took 7.6ns 
108589     INFO  main            d.u.i.k.p.r.p.TestFile    ... finished proof: closed. 
108858     INFO  main            d.u.i.k.p.i.AbstractProblemLoader Loading environment from /home/runner/work/key/key/key.core/../key.ui/examples/standard_key/java_dl/danglingElseSolution1.key.proof 
108858     DEBUG main            d.u.i.k.p.i.AbstractProblemLoader Environment load took 137.3ns 
108860     INFO  main            d.u.i.k.p.i.AbstractProblemLoader Creating init config 
111367     DEBUG main            d.u.i.k.p.i.AbstractProblemLoader Init config took 2.51s 
111382     INFO  main            d.u.i.k.p.i.AbstractProblemLoader Replaying proof danglingElseSolution1.key.proof 
111401     DEBUG main            d.u.i.k.p.i.IntermediateProofReplayer Proof replay took 16.83ms 
111403     DEBUG main            d.u.i.k.p.r.p.TestFile    ... success: reloaded. 
111403     INFO  main            d.u.i.k.p.r.p.TestFile    Now processing file /home/runner/work/key/key/key.core/../key.ui/examples/standard_key/java_dl/danglingElseSolution2.key 
111404     INFO  main            d.u.i.k.p.i.AbstractProblemLoader Loading environment from /home/runner/work/key/key/key.core/../key.ui/examples/standard_key/java_dl/danglingElseSolution2.key 
111404     DEBUG main            d.u.i.k.p.i.AbstractProblemLoader Environment load took 196ns 
111406     INFO  main            d.u.i.k.p.i.AbstractProblemLoader Creating init config 
113962     DEBUG main            d.u.i.k.p.i.AbstractProblemLoader Init config took 2.56s 
113982     INFO  main            d.u.i.k.p.i.AbstractProblemLoader Replaying proof danglingElseSolution2.key 
113984     DEBUG main            d.u.i.k.p.i.IntermediateProofReplayer Proof replay took 6.5ns 
114086     INFO  main            d.u.i.k.p.r.p.TestFile    ... finished proof: closed. 
114356     INFO  main            d.u.i.k.p.i.AbstractProblemLoader Loading environment from /home/runner/work/key/key/key.core/../key.ui/examples/standard_key/java_dl/danglingElseSolution2.key.proof 
114356     DEBUG main            d.u.i.k.p.i.AbstractProblemLoader Environment load took 115.1ns 
114358     INFO  main            d.u.i.k.p.i.AbstractProblemLoader Creating init config 
116823     DEBUG main            d.u.i.k.p.i.AbstractProblemLoader Init config took 2.47s 
116838     INFO  main            d.u.i.k.p.i.AbstractProblemLoader Replaying proof danglingElseSolution2.key.proof 
116852     DEBUG main            d.u.i.k.p.i.IntermediateProofReplayer Proof replay took 11.52ms 
116853     DEBUG main            d.u.i.k.p.r.p.TestFile    ... success: reloaded. 
116854     INFO  main            d.u.i.k.p.r.p.TestFile    Now processing file /home/runner/work/key/key/key.core/../key.ui/examples/standard_key/java_dl/deepNonNull/deepNonNull0.key 
116854     INFO  main            d.u.i.k.p.i.AbstractProblemLoader Loading environment from /home/runner/work/key/key/key.core/../key.ui/examples/standard_key/java_dl/deepNonNull/deepNonNull0.key 
116854     DEBUG main            d.u.i.k.p.i.AbstractProblemLoader Environment load took 191.6ns 
116855     INFO  main            d.u.i.k.p.i.AbstractProblemLoader Creating init config 
119498     DEBUG main            d.u.i.k.p.i.AbstractProblemLoader Init config took 2.64s 
119561     INFO  main            d.u.i.k.p.i.AbstractProblemLoader Replaying proof Arrays[Arrays::get()].JML operation contract.0 
119563     DEBUG main            d.u.i.k.p.i.IntermediateProofReplayer Proof replay took 6ns 
119773     INFO  main            d.u.i.k.p.r.p.TestFile    ... finished proof: closed. 
120074     INFO  main            d.u.i.k.p.i.AbstractProblemLoader Loading environment from /home/runner/work/key/key/key.core/../key.ui/examples/standard_key/java_dl/deepNonNull/deepNonNull0.key.proof 
120074     DEBUG main            d.u.i.k.p.i.AbstractProblemLoader Environment load took 113.1ns 
120075     INFO  main            d.u.i.k.p.i.AbstractProblemLoader Creating init config 
122636     DEBUG main            d.u.i.k.p.i.AbstractProblemLoader Init config took 2.56s 
122675     INFO  main            d.u.i.k.p.i.AbstractProblemLoader Replaying proof Arrays[Arrays::get()].JML operation contract.0 
122719     DEBUG main            d.u.i.k.p.i.IntermediateProofReplayer Proof replay took 41.08ms 
122720     DEBUG main            d.u.i.k.p.r.p.TestFile    ... success: reloaded. 
122722     INFO  main            d.u.i.k.p.r.p.TestFile    Now processing file /home/runner/work/key/key/key.core/../key.ui/examples/standard_key/java_dl/deepNonNull/deepNonNull1.key 
122722     INFO  main            d.u.i.k.p.i.AbstractProblemLoader Loading environment from /home/runner/work/key/key/key.core/../key.ui/examples/standard_key/java_dl/deepNonNull/deepNonNull1.key 
122722     DEBUG main            d.u.i.k.p.i.AbstractProblemLoader Environment load took 473ns 
122723     INFO  main            d.u.i.k.p.i.AbstractProblemLoader Creating init config 
125339     DEBUG main            d.u.i.k.p.i.AbstractProblemLoader Init config took 2.62s 
125381     INFO  main            d.u.i.k.p.i.AbstractProblemLoader Replaying proof Arrays[Arrays::head()].JML operation contract.0 
125382     DEBUG main            d.u.i.k.p.i.IntermediateProofReplayer Proof replay took 6.6ns 
125586     INFO  main            d.u.i.k.p.r.p.TestFile    ... finished proof: closed. 
125916     INFO  main            d.u.i.k.p.i.AbstractProblemLoader Loading environment from /home/runner/work/key/key/key.core/../key.ui/examples/standard_key/java_dl/deepNonNull/deepNonNull1.key.proof 
125916     DEBUG main            d.u.i.k.p.i.AbstractProblemLoader Environment load took 125.2ns 
125917     INFO  main            d.u.i.k.p.i.AbstractProblemLoader Creating init config 
128437     DEBUG main            d.u.i.k.p.i.AbstractProblemLoader Init config took 2.52s 
128474     INFO  main            d.u.i.k.p.i.AbstractProblemLoader Replaying proof Arrays[Arrays::head()].JML operation contract.0 
128506     DEBUG main            d.u.i.k.p.i.IntermediateProofReplayer Proof replay took 28.43ms 
128506     DEBUG main            d.u.i.k.p.r.p.TestFile    ... success: reloaded. 
128507     INFO  main            d.u.i.k.p.r.p.TestFile    Now processing file /home/runner/work/key/key/key.core/../key.ui/examples/standard_key/java_dl/deepNonNull/deepNonNull2.key 
128507     INFO  main            d.u.i.k.p.i.AbstractProblemLoader Loading environment from /home/runner/work/key/key/key.core/../key.ui/examples/standard_key/java_dl/deepNonNull/deepNonNull2.key 
128507     DEBUG main            d.u.i.k.p.i.AbstractProblemLoader Environment load took 131.6ns 
128508     INFO  main            d.u.i.k.p.i.AbstractProblemLoader Creating init config 
131078     DEBUG main            d.u.i.k.p.i.AbstractProblemLoader Init config took 2.57s 
131118     INFO  main            d.u.i.k.p.i.AbstractProblemLoader Replaying proof Arrays[Arrays::unprovable(java.lang.Object)].JML operation contract.0 
131119     DEBUG main            d.u.i.k.p.i.IntermediateProofReplayer Proof replay took 6.3ns 
131227     INFO  main            d.u.i.k.p.r.p.TestFile    ... finished proof: open goal(s) 
131521     INFO  main            d.u.i.k.p.r.p.TestFile    Now processing file /home/runner/work/key/key/key.core/../key.ui/examples/standard_key/java_dl/deepNonNull/deepNonNull3.key 
131521     INFO  main            d.u.i.k.p.i.AbstractProblemLoader Loading environment from /home/runner/work/key/key/key.core/../key.ui/examples/standard_key/java_dl/deepNonNull/deepNonNull3.key 
131521     DEBUG main            d.u.i.k.p.i.AbstractProblemLoader Environment load took 62.8ns 
131522     INFO  main            d.u.i.k.p.i.AbstractProblemLoader Creating init config 
134016     DEBUG main            d.u.i.k.p.i.AbstractProblemLoader Init config took 2.49s 
134056     INFO  main            d.u.i.k.p.i.AbstractProblemLoader Replaying proof Arrays[Arrays::head([[[[Ljava.lang.Object)].JML operation contract.0 
134057     DEBUG main            d.u.i.k.p.i.IntermediateProofReplayer Proof replay took 6.8ns 
135066     INFO  main            d.u.i.k.p.r.p.TestFile    ... finished proof: closed. 
135369     INFO  main            d.u.i.k.p.i.AbstractProblemLoader Loading environment from /home/runner/work/key/key/key.core/../key.ui/examples/standard_key/java_dl/deepNonNull/deepNonNull3.key.proof 
135370     DEBUG main            d.u.i.k.p.i.AbstractProblemLoader Environment load took 1.09ms 
135371     INFO  main            d.u.i.k.p.i.AbstractProblemLoader Creating init config 
137914     DEBUG main            d.u.i.k.p.i.AbstractProblemLoader Init config took 2.54s 
137952     INFO  main            d.u.i.k.p.i.AbstractProblemLoader Replaying proof Arrays[Arrays::head([[[[Ljava.lang.Object)].JML operation contract.0 
138106     DEBUG main            d.u.i.k.p.i.IntermediateProofReplayer Proof replay took 147.3ms 
138107     DEBUG main            d.u.i.k.p.r.p.TestFile    ... success: reloaded. 
138108     INFO  main            d.u.i.k.p.r.p.TestFile    Now processing file /home/runner/work/key/key/key.core/../key.ui/examples/standard_key/java_dl/exceptions.key 
138108     INFO  main            d.u.i.k.p.i.AbstractProblemLoader Loading environment from /home/runner/work/key/key/key.core/../key.ui/examples/standard_key/java_dl/exceptions.key 
138108     DEBUG main            d.u.i.k.p.i.AbstractProblemLoader Environment load took 216.4ns 
138110     INFO  main            d.u.i.k.p.i.AbstractProblemLoader Creating init config 
138137     WARN  main            d.u.i.k.j.r.KeYCrossReferenceNameInfo Datatype java.io.InputStream declared twice: Once in FILE:/home/runner/work/key/key/key.core/../key.ui/examples/standard_key/java_dl/classpath/InputStream.java and once in URL:file:/home/runner/work/key/key/key.core/build/resources/main/de/uka/ilkd/key/java/JavaRedux/java/io/InputStream.java, Keeping one from URL:file:/home/runner/work/key/key/key.core/build/resources/main/de/uka/ilkd/key/java/JavaRedux/java/io/InputStream.java 
138138     WARN  main            d.u.i.k.j.r.KeYCrossReferenceNameInfo Datatype java.lang.System declared twice: Once in FILE:/home/runner/work/key/key/key.core/../key.ui/examples/standard_key/java_dl/classpath/System.java and once in URL:file:/home/runner/work/key/key/key.core/build/resources/main/de/uka/ilkd/key/java/JavaRedux/java/lang/System.java, Keeping one from URL:file:/home/runner/work/key/key/key.core/build/resources/main/de/uka/ilkd/key/java/JavaRedux/java/lang/System.java 
138138     WARN  main            d.u.i.k.j.r.KeYCrossReferenceNameInfo Datatype java.io.PrintStream declared twice: Once in FILE:/home/runner/work/key/key/key.core/../key.ui/examples/standard_key/java_dl/classpath/PrintStream.java and once in URL:file:/home/runner/work/key/key/key.core/build/resources/main/de/uka/ilkd/key/java/JavaRedux/java/io/PrintStream.java, Keeping one from URL:file:/home/runner/work/key/key/key.core/build/resources/main/de/uka/ilkd/key/java/JavaRedux/java/io/PrintStream.java 
138142     DEBUG main            d.u.i.k.j.r.ClassFileDeclarationBuilder Parsing: package java.io; public class Closeable { } 
138148     DEBUG main            r.s.KeYCrossReferenceSourceInfo Dynamically created class: java.io.Closeable 
140730     DEBUG main            d.u.i.k.p.i.AbstractProblemLoader Init config took 2.62s 
140747     INFO  main            d.u.i.k.p.i.AbstractProblemLoader Replaying proof exceptions.key 
140749     DEBUG main            d.u.i.k.p.i.IntermediateProofReplayer Proof replay took 7.1ns 
140951     INFO  main            d.u.i.k.p.r.p.TestFile    ... finished proof: closed. 
141278     INFO  main            d.u.i.k.p.i.AbstractProblemLoader Loading environment from /home/runner/work/key/key/key.core/../key.ui/examples/standard_key/java_dl/exceptions.key.proof 
141278     DEBUG main            d.u.i.k.p.i.AbstractProblemLoader Environment load took 101.5ns 
141279     INFO  main            d.u.i.k.p.i.AbstractProblemLoader Creating init config 
141307     WARN  main            d.u.i.k.j.r.KeYCrossReferenceNameInfo Datatype java.io.InputStream declared twice: Once in FILE:/home/runner/work/key/key/key.core/../key.ui/examples/standard_key/java_dl/classpath/InputStream.java and once in URL:file:/home/runner/work/key/key/key.core/build/resources/main/de/uka/ilkd/key/java/JavaRedux/java/io/InputStream.java, Keeping one from URL:file:/home/runner/work/key/key/key.core/build/resources/main/de/uka/ilkd/key/java/JavaRedux/java/io/InputStream.java 
141307     WARN  main            d.u.i.k.j.r.KeYCrossReferenceNameInfo Datatype java.lang.System declared twice: Once in FILE:/home/runner/work/key/key/key.core/../key.ui/examples/standard_key/java_dl/classpath/System.java and once in URL:file:/home/runner/work/key/key/key.core/build/resources/main/de/uka/ilkd/key/java/JavaRedux/java/lang/System.java, Keeping one from URL:file:/home/runner/work/key/key/key.core/build/resources/main/de/uka/ilkd/key/java/JavaRedux/java/lang/System.java 
141308     WARN  main            d.u.i.k.j.r.KeYCrossReferenceNameInfo Datatype java.io.PrintStream declared twice: Once in FILE:/home/runner/work/key/key/key.core/../key.ui/examples/standard_key/java_dl/classpath/PrintStream.java and once in URL:file:/home/runner/work/key/key/key.core/build/resources/main/de/uka/ilkd/key/java/JavaRedux/java/io/PrintStream.java, Keeping one from URL:file:/home/runner/work/key/key/key.core/build/resources/main/de/uka/ilkd/key/java/JavaRedux/java/io/PrintStream.java 
141311     DEBUG main            d.u.i.k.j.r.ClassFileDeclarationBuilder Parsing: package java.io; public class Closeable { } 
141311     DEBUG main            r.s.KeYCrossReferenceSourceInfo Dynamically created class: java.io.Closeable 
143834     DEBUG main            d.u.i.k.p.i.AbstractProblemLoader Init config took 2.55s 
143847     INFO  main            d.u.i.k.p.i.AbstractProblemLoader Replaying proof exceptions.key.proof 
143899     DEBUG main            d.u.i.k.p.i.IntermediateProofReplayer Proof replay took 49.44ms 
143900     DEBUG main            d.u.i.k.p.r.p.TestFile    ... success: reloaded. 
143901     INFO  main            d.u.i.k.p.r.p.TestFile    Now processing file /home/runner/work/key/key/key.core/../key.ui/examples/standard_key/java_dl/exceptions1.key 
143901     INFO  main            d.u.i.k.p.i.AbstractProblemLoader Loading environment from /home/runner/work/key/key/key.core/../key.ui/examples/standard_key/java_dl/exceptions1.key 
143901     DEBUG main            d.u.i.k.p.i.AbstractProblemLoader Environment load took 93.7ns 
143902     INFO  main            d.u.i.k.p.i.AbstractProblemLoader Creating init config 
146395     DEBUG main            d.u.i.k.p.i.AbstractProblemLoader Init config took 2.49s 
146409     INFO  main            d.u.i.k.p.i.AbstractProblemLoader Replaying proof exceptions1.key 
146411     DEBUG main            d.u.i.k.p.i.IntermediateProofReplayer Proof replay took 6.4ns 
146618     INFO  main            d.u.i.k.p.r.p.TestFile    ... finished proof: closed. 
146921     INFO  main            d.u.i.k.p.i.AbstractProblemLoader Loading environment from /home/runner/work/key/key/key.core/../key.ui/examples/standard_key/java_dl/exceptions1.key.proof 
146921     DEBUG main            d.u.i.k.p.i.AbstractProblemLoader Environment load took 95ns 
146922     INFO  main            d.u.i.k.p.i.AbstractProblemLoader Creating init config 
149351     DEBUG main            d.u.i.k.p.i.AbstractProblemLoader Init config took 2.43s 
149366     INFO  main            d.u.i.k.p.i.AbstractProblemLoader Replaying proof exceptions1.key.proof 
149402     DEBUG main            d.u.i.k.p.i.IntermediateProofReplayer Proof replay took 34.41ms 
149403     DEBUG main            d.u.i.k.p.r.p.TestFile    ... success: reloaded. 
149404     INFO  main            d.u.i.k.p.r.p.TestFile    Now processing file /home/runner/work/key/key/key.core/../key.ui/examples/standard_key/java_dl/exceptions2.key 
149404     INFO  main            d.u.i.k.p.i.AbstractProblemLoader Loading environment from /home/runner/work/key/key/key.core/../key.ui/examples/standard_key/java_dl/exceptions2.key 
149404     DEBUG main            d.u.i.k.p.i.AbstractProblemLoader Environment load took 111.1ns 
149405     INFO  main            d.u.i.k.p.i.AbstractProblemLoader Creating init config 
151895     DEBUG main            d.u.i.k.p.i.AbstractProblemLoader Init config took 2.49s 
151910     INFO  main            d.u.i.k.p.i.AbstractProblemLoader Replaying proof exceptions2.key 
151913     DEBUG main            d.u.i.k.p.i.IntermediateProofReplayer Proof replay took 7ns 
152116     INFO  main            d.u.i.k.p.r.p.TestFile    ... finished proof: closed. 
152431     INFO  main            d.u.i.k.p.i.AbstractProblemLoader Loading environment from /home/runner/work/key/key/key.core/../key.ui/examples/standard_key/java_dl/exceptions2.key.proof 
152431     DEBUG main            d.u.i.k.p.i.AbstractProblemLoader Environment load took 91.6ns 
152433     INFO  main            d.u.i.k.p.i.AbstractProblemLoader Creating init config 
154844     DEBUG main            d.u.i.k.p.i.AbstractProblemLoader Init config took 2.41s 
154859     INFO  main            d.u.i.k.p.i.AbstractProblemLoader Replaying proof exceptions2.key.proof 
154898     DEBUG main            d.u.i.k.p.i.IntermediateProofReplayer Proof replay took 35.91ms 
154899     DEBUG main            d.u.i.k.p.r.p.TestFile    ... success: reloaded. 
154900     INFO  main            d.u.i.k.p.r.p.TestFile    Now processing file /home/runner/work/key/key/key.core/../key.ui/examples/standard_key/java_dl/exceptions3.key 
154901     INFO  main            d.u.i.k.p.i.AbstractProblemLoader Loading environment from /home/runner/work/key/key/key.core/../key.ui/examples/standard_key/java_dl/exceptions3.key 
154901     DEBUG main            d.u.i.k.p.i.AbstractProblemLoader Environment load took 223.9ns 
154902     INFO  main            d.u.i.k.p.i.AbstractProblemLoader Creating init config 
154926     WARN  main            d.u.i.k.j.r.KeYCrossReferenceNameInfo Datatype java.io.InputStream declared twice: Once in FILE:/home/runner/work/key/key/key.core/../key.ui/examples/standard_key/java_dl/classpath/InputStream.java and once in URL:file:/home/runner/work/key/key/key.core/build/resources/main/de/uka/ilkd/key/java/JavaRedux/java/io/InputStream.java, Keeping one from URL:file:/home/runner/work/key/key/key.core/build/resources/main/de/uka/ilkd/key/java/JavaRedux/java/io/InputStream.java 
154926     WARN  main            d.u.i.k.j.r.KeYCrossReferenceNameInfo Datatype java.lang.System declared twice: Once in FILE:/home/runner/work/key/key/key.core/../key.ui/examples/standard_key/java_dl/classpath/System.java and once in URL:file:/home/runner/work/key/key/key.core/build/resources/main/de/uka/ilkd/key/java/JavaRedux/java/lang/System.java, Keeping one from URL:file:/home/runner/work/key/key/key.core/build/resources/main/de/uka/ilkd/key/java/JavaRedux/java/lang/System.java 
154926     WARN  main            d.u.i.k.j.r.KeYCrossReferenceNameInfo Datatype java.io.PrintStream declared twice: Once in FILE:/home/runner/work/key/key/key.core/../key.ui/examples/standard_key/java_dl/classpath/PrintStream.java and once in URL:file:/home/runner/work/key/key/key.core/build/resources/main/de/uka/ilkd/key/java/JavaRedux/java/io/PrintStream.java, Keeping one from URL:file:/home/runner/work/key/key/key.core/build/resources/main/de/uka/ilkd/key/java/JavaRedux/java/io/PrintStream.java 
154929     DEBUG main            d.u.i.k.j.r.ClassFileDeclarationBuilder Parsing: package java.io; public class Closeable { } 
154929     DEBUG main            r.s.KeYCrossReferenceSourceInfo Dynamically created class: java.io.Closeable 
157621     DEBUG main            d.u.i.k.p.i.AbstractProblemLoader Init config took 2.72s 
157635     INFO  main            d.u.i.k.p.i.AbstractProblemLoader Replaying proof exceptions3.key 
157637     DEBUG main            d.u.i.k.p.i.IntermediateProofReplayer Proof replay took 6.4ns 
157741     INFO  main            d.u.i.k.p.r.p.TestFile    ... finished proof: closed. 
158084     INFO  main            d.u.i.k.p.i.AbstractProblemLoader Loading environment from /home/runner/work/key/key/key.core/../key.ui/examples/standard_key/java_dl/exceptions3.key.proof 
158084     DEBUG main            d.u.i.k.p.i.AbstractProblemLoader Environment load took 92ns 
158086     INFO  main            d.u.i.k.p.i.AbstractProblemLoader Creating init config 
158110     WARN  main            d.u.i.k.j.r.KeYCrossReferenceNameInfo Datatype java.io.InputStream declared twice: Once in FILE:/home/runner/work/key/key/key.core/../key.ui/examples/standard_key/java_dl/classpath/InputStream.java and once in URL:file:/home/runner/work/key/key/key.core/build/resources/main/de/uka/ilkd/key/java/JavaRedux/java/io/InputStream.java, Keeping one from URL:file:/home/runner/work/key/key/key.core/build/resources/main/de/uka/ilkd/key/java/JavaRedux/java/io/InputStream.java 
158118     WARN  main            d.u.i.k.j.r.KeYCrossReferenceNameInfo Datatype java.lang.System declared twice: Once in FILE:/home/runner/work/key/key/key.core/../key.ui/examples/standard_key/java_dl/classpath/System.java and once in URL:file:/home/runner/work/key/key/key.core/build/resources/main/de/uka/ilkd/key/java/JavaRedux/java/lang/System.java, Keeping one from URL:file:/home/runner/work/key/key/key.core/build/resources/main/de/uka/ilkd/key/java/JavaRedux/java/lang/System.java 
158118     WARN  main            d.u.i.k.j.r.KeYCrossReferenceNameInfo Datatype java.io.PrintStream declared twice: Once in FILE:/home/runner/work/key/key/key.core/../key.ui/examples/standard_key/java_dl/classpath/PrintStream.java and once in URL:file:/home/runner/work/key/key/key.core/build/resources/main/de/uka/ilkd/key/java/JavaRedux/java/io/PrintStream.java, Keeping one from URL:file:/home/runner/work/key/key/key.core/build/resources/main/de/uka/ilkd/key/java/JavaRedux/java/io/PrintStream.java 
158121     DEBUG main            d.u.i.k.j.r.ClassFileDeclarationBuilder Parsing: package java.io; public class Closeable { } 
158124     DEBUG main            r.s.KeYCrossReferenceSourceInfo Dynamically created class: java.io.Closeable 
160553     DEBUG main            d.u.i.k.p.i.AbstractProblemLoader Init config took 2.47s 
160568     INFO  main            d.u.i.k.p.i.AbstractProblemLoader Replaying proof exceptions3.key.proof 
160576     DEBUG main            d.u.i.k.p.i.IntermediateProofReplayer Proof replay took 6.41ms 
160577     DEBUG main            d.u.i.k.p.r.p.TestFile    ... success: reloaded. 
160578     INFO  main            d.u.i.k.p.r.p.TestFile    Now processing file /home/runner/work/key/key/key.core/../key.ui/examples/standard_key/java_dl/exchange.key 
160578     INFO  main            d.u.i.k.p.i.AbstractProblemLoader Loading environment from /home/runner/work/key/key/key.core/../key.ui/examples/standard_key/java_dl/exchange.key 
160578     DEBUG main            d.u.i.k.p.i.AbstractProblemLoader Environment load took 76.5ns 
160580     INFO  main            d.u.i.k.p.i.AbstractProblemLoader Creating init config 
163052     DEBUG main            d.u.i.k.p.i.AbstractProblemLoader Init config took 2.47s 
163066     INFO  main            d.u.i.k.p.i.AbstractProblemLoader Replaying proof exchange.key 
163068     DEBUG main            d.u.i.k.p.i.IntermediateProofReplayer Proof replay took 8.1ns 
163170     INFO  main            d.u.i.k.p.r.p.TestFile    ... finished proof: closed. 
163485     INFO  main            d.u.i.k.p.i.AbstractProblemLoader Loading environment from /home/runner/work/key/key/key.core/../key.ui/examples/standard_key/java_dl/exchange.key.proof 
163485     DEBUG main            d.u.i.k.p.i.AbstractProblemLoader Environment load took 96.2ns 
163486     INFO  main            d.u.i.k.p.i.AbstractProblemLoader Creating init config 
165949     DEBUG main            d.u.i.k.p.i.AbstractProblemLoader Init config took 2.46s 
165963     INFO  main            d.u.i.k.p.i.AbstractProblemLoader Replaying proof exchange.key.proof 
165973     DEBUG main            d.u.i.k.p.i.IntermediateProofReplayer Proof replay took 7.83ms 
165974     DEBUG main            d.u.i.k.p.r.p.TestFile    ... success: reloaded. 
165975     INFO  main            d.u.i.k.p.r.p.TestFile    Now processing file /home/runner/work/key/key/key.core/../key.ui/examples/standard_key/java_dl/if.key 
165975     INFO  main            d.u.i.k.p.i.AbstractProblemLoader Loading environment from /home/runner/work/key/key/key.core/../key.ui/examples/standard_key/java_dl/if.key 
165975     DEBUG main            d.u.i.k.p.i.AbstractProblemLoader Environment load took 95.3ns 
165976     INFO  main            d.u.i.k.p.i.AbstractProblemLoader Creating init config 
168461     DEBUG main            d.u.i.k.p.i.AbstractProblemLoader Init config took 2.49s 
168474     INFO  main            d.u.i.k.p.i.AbstractProblemLoader Replaying proof if.key 
168476     DEBUG main            d.u.i.k.p.i.IntermediateProofReplayer Proof replay took 7.1ns 
168578     INFO  main            d.u.i.k.p.r.p.TestFile    ... finished proof: closed. 
168902     INFO  main            d.u.i.k.p.i.AbstractProblemLoader Loading environment from /home/runner/work/key/key/key.core/../key.ui/examples/standard_key/java_dl/if.key.proof 
168902     DEBUG main            d.u.i.k.p.i.AbstractProblemLoader Environment load took 100.9ns 
168903     INFO  main            d.u.i.k.p.i.AbstractProblemLoader Creating init config 
171308     DEBUG main            d.u.i.k.p.i.AbstractProblemLoader Init config took 2.4s 
171322     INFO  main            d.u.i.k.p.i.AbstractProblemLoader Replaying proof if.key.proof 
171327     DEBUG main            d.u.i.k.p.i.IntermediateProofReplayer Proof replay took 3.6ms 
171328     DEBUG main            d.u.i.k.p.r.p.TestFile    ... success: reloaded. 
171328     INFO  main            d.u.i.k.p.r.p.TestFile    Now processing file /home/runner/work/key/key/key.core/../key.ui/examples/standard_key/java_dl/incrementcounter.key 
171329     INFO  main            d.u.i.k.p.i.AbstractProblemLoader Loading environment from /home/runner/work/key/key/key.core/../key.ui/examples/standard_key/java_dl/incrementcounter.key 
171329     DEBUG main            d.u.i.k.p.i.AbstractProblemLoader Environment load took 95.6ns 
171330     INFO  main            d.u.i.k.p.i.AbstractProblemLoader Creating init config 
173787     DEBUG main            d.u.i.k.p.i.AbstractProblemLoader Init config took 2.46s 
173800     INFO  main            d.u.i.k.p.i.AbstractProblemLoader Replaying proof incrementcounter.key 
173802     DEBUG main            d.u.i.k.p.i.IntermediateProofReplayer Proof replay took 7.2ns 
173905     INFO  main            d.u.i.k.p.r.p.TestFile    ... finished proof: closed. 
174242     INFO  main            d.u.i.k.p.i.AbstractProblemLoader Loading environment from /home/runner/work/key/key/key.core/../key.ui/examples/standard_key/java_dl/incrementcounter.key.proof 
174243     DEBUG main            d.u.i.k.p.i.AbstractProblemLoader Environment load took 93.9ns 
174244     INFO  main            d.u.i.k.p.i.AbstractProblemLoader Creating init config 
176663     DEBUG main            d.u.i.k.p.i.AbstractProblemLoader Init config took 2.42s 
176676     INFO  main            d.u.i.k.p.i.AbstractProblemLoader Replaying proof incrementcounter.key.proof 
176680     DEBUG main            d.u.i.k.p.i.IntermediateProofReplayer Proof replay took 2.41ms 
176681     DEBUG main            d.u.i.k.p.r.p.TestFile    ... success: reloaded. 
176681     INFO  main            d.u.i.k.p.r.p.TestFile    Now processing file /home/runner/work/key/key/key.core/../key.ui/examples/standard_key/java_dl/danglingElse.key 
176681     INFO  main            d.u.i.k.p.i.AbstractProblemLoader Loading environment from /home/runner/work/key/key/key.core/../key.ui/examples/standard_key/java_dl/danglingElse.key 
176681     DEBUG main            d.u.i.k.p.i.AbstractProblemLoader Environment load took 58.1ns 
176682     INFO  main            d.u.i.k.p.i.AbstractProblemLoader Creating init config 
179156     DEBUG main            d.u.i.k.p.i.AbstractProblemLoader Init config took 2.47s 
179171     INFO  main            d.u.i.k.p.i.AbstractProblemLoader Replaying proof danglingElse.key 
179172     DEBUG main            d.u.i.k.p.i.IntermediateProofReplayer Proof replay took 7.7ns 
179274     INFO  main            d.u.i.k.p.r.p.TestFile    ... finished proof: open goal(s) 
179621     INFO  main            d.u.i.k.p.r.p.TestFile    Now processing file /home/runner/work/key/key/key.core/../key.ui/examples/standard_key/java_dl/iteratedAssignment.key 
179621     INFO  main            d.u.i.k.p.i.AbstractProblemLoader Loading environment from /home/runner/work/key/key/key.core/../key.ui/examples/standard_key/java_dl/iteratedAssignment.key 
179621     DEBUG main            d.u.i.k.p.i.AbstractProblemLoader Environment load took 79.8ns 
179623     INFO  main            d.u.i.k.p.i.AbstractProblemLoader Creating init config 
182006     DEBUG main            d.u.i.k.p.i.AbstractProblemLoader Init config took 2.38s 
182020     INFO  main            d.u.i.k.p.i.AbstractProblemLoader Replaying proof iteratedAssignment.key 
182023     DEBUG main            d.u.i.k.p.i.IntermediateProofReplayer Proof replay took 7.7ns 
182329     INFO  main            d.u.i.k.p.r.p.TestFile    ... finished proof: closed. 
182681     INFO  main            d.u.i.k.p.i.AbstractProblemLoader Loading environment from /home/runner/work/key/key/key.core/../key.ui/examples/standard_key/java_dl/iteratedAssignment.key.proof 
182681     DEBUG main            d.u.i.k.p.i.AbstractProblemLoader Environment load took 91.7ns 
182683     INFO  main            d.u.i.k.p.i.AbstractProblemLoader Creating init config 
185135     DEBUG main            d.u.i.k.p.i.AbstractProblemLoader Init config took 2.45s 
185150     INFO  main            d.u.i.k.p.i.AbstractProblemLoader Replaying proof iteratedAssignment.key.proof 
185226     DEBUG main            d.u.i.k.p.i.IntermediateProofReplayer Proof replay took 73.06ms 
185227     DEBUG main            d.u.i.k.p.r.p.TestFile    ... success: reloaded. 
185227     INFO  main            d.u.i.k.p.r.p.TestFile    Now processing file /home/runner/work/key/key/key.core/../key.ui/examples/standard_key/java_dl/assert/assert1.key 
185228     INFO  main            d.u.i.k.p.i.AbstractProblemLoader Loading environment from /home/runner/work/key/key/key.core/../key.ui/examples/standard_key/java_dl/assert/assert1.key 
185228     DEBUG main            d.u.i.k.p.i.AbstractProblemLoader Environment load took 91.2ns 
185229     INFO  main            d.u.i.k.p.i.AbstractProblemLoader Creating init config 
187677     DEBUG main            d.u.i.k.p.i.AbstractProblemLoader Init config took 2.45s 
187712     INFO  main            d.u.i.k.p.i.AbstractProblemLoader Replaying proof C[C::foo()].JML normal_behavior operation contract.0 
187715     DEBUG main            d.u.i.k.p.i.IntermediateProofReplayer Proof replay took 7.2ns 
187918     INFO  main            d.u.i.k.p.r.p.TestFile    ... finished proof: open goal(s) 
188302     INFO  main            d.u.i.k.p.r.p.TestFile    Now processing file /home/runner/work/key/key/key.core/../key.ui/examples/standard_key/java_dl/assert/assert2.key 
188302     INFO  main            d.u.i.k.p.i.AbstractProblemLoader Loading environment from /home/runner/work/key/key/key.core/../key.ui/examples/standard_key/java_dl/assert/assert2.key 
188302     DEBUG main            d.u.i.k.p.i.AbstractProblemLoader Environment load took 53.6ns 
188303     INFO  main            d.u.i.k.p.i.AbstractProblemLoader Creating init config 
190779     DEBUG main            d.u.i.k.p.i.AbstractProblemLoader Init config took 2.48s 
190822     INFO  main            d.u.i.k.p.i.AbstractProblemLoader Replaying proof C[C::bar()].JML exceptional_behavior operation contract.0 
190824     DEBUG main            d.u.i.k.p.i.IntermediateProofReplayer Proof replay took 6.6ns 
191026     INFO  main            d.u.i.k.p.r.p.TestFile    ... finished proof: closed. 
191381     INFO  main            d.u.i.k.p.i.AbstractProblemLoader Loading environment from /home/runner/work/key/key/key.core/../key.ui/examples/standard_key/java_dl/assert/assert2.key.proof 
191381     DEBUG main            d.u.i.k.p.i.AbstractProblemLoader Environment load took 87.7ns 
191382     INFO  main            d.u.i.k.p.i.AbstractProblemLoader Creating init config 
193825     DEBUG main            d.u.i.k.p.i.AbstractProblemLoader Init config took 2.44s 
193860     INFO  main            d.u.i.k.p.i.AbstractProblemLoader Replaying proof C[C::bar()].JML exceptional_behavior operation contract.0 
193910     DEBUG main            d.u.i.k.p.i.IntermediateProofReplayer Proof replay took 47.25ms 
193911     DEBUG main            d.u.i.k.p.r.p.TestFile    ... success: reloaded. 
193912     INFO  main            d.u.i.k.p.r.p.TestFile    Now processing file /home/runner/work/key/key/key.core/../key.ui/examples/standard_key/java_dl/assert/assert3.key 
193912     INFO  main            d.u.i.k.p.i.AbstractProblemLoader Loading environment from /home/runner/work/key/key/key.core/../key.ui/examples/standard_key/java_dl/assert/assert3.key 
193912     DEBUG main            d.u.i.k.p.i.AbstractProblemLoader Environment load took 105.8ns 
193913     INFO  main            d.u.i.k.p.i.AbstractProblemLoader Creating init config 
196399     DEBUG main            d.u.i.k.p.i.AbstractProblemLoader Init config took 2.49s 
196434     INFO  main            d.u.i.k.p.i.AbstractProblemLoader Replaying proof C[C::foo()].JML normal_behavior operation contract.0 
196437     DEBUG main            d.u.i.k.p.i.IntermediateProofReplayer Proof replay took 7ns 
196538     INFO  main            d.u.i.k.p.r.p.TestFile    ... finished proof: open goal(s) 
196893     INFO  main            d.u.i.k.p.r.p.TestFile    Now processing file /home/runner/work/key/key/key.core/../key.ui/examples/standard_key/java_dl/java5/vararg.key 
196893     INFO  main            d.u.i.k.p.i.AbstractProblemLoader Loading environment from /home/runner/work/key/key/key.core/../key.ui/examples/standard_key/java_dl/java5/vararg.key 
196893     DEBUG main            d.u.i.k.p.i.AbstractProblemLoader Environment load took 56.3ns 
196895     INFO  main            d.u.i.k.p.i.AbstractProblemLoader Creating init config 
197758     DEBUG main            d.u.i.k.j.r.ClassPreparationMethodBuilder clPrepBuilder: Inner Class detected. Reject building class initialisation methods. 
199692     DEBUG main            d.u.i.k.p.i.AbstractProblemLoader Init config took 2.8s 
199718     INFO  main            d.u.i.k.p.i.AbstractProblemLoader Replaying proof vararg.key 
199719     DEBUG main            d.u.i.k.p.i.IntermediateProofReplayer Proof replay took 7ns 
200010     DEBUG Thread-101      d.u.i.k.j.d.VariableSpecification Program match. Variables have different dimension (template #v0 = #vi;, source var#17[] = new java.lang.Object[]{d1, d2};) 
200165     DEBUG Thread-101      d.u.i.k.j.d.VariableSpecification Program match. Variables have different dimension (template #v0 = #vi;, source var#24[] = new java.lang.Object[]{d1, d2};) 
200359     DEBUG Thread-101      d.u.i.k.j.d.VariableSpecification Program match. Variables have different dimension (template #v0 = #vi;, source var#33[] = new java.lang.Object[]{var_1};) 
200360     DEBUG Thread-101      d.u.i.k.j.d.VariableSpecification Program match. Variables have different dimension (template #v0 = #vi;, source var#33[] = new java.lang.Object[]{var_1};) 
200483     DEBUG Thread-101      d.u.i.k.j.d.VariableSpecification Program match. Variables have different dimension (template #v0 = #vi;, source var#39[] = new java.lang.Object[]{null, null};) 
200649     DEBUG Thread-101      d.u.i.k.j.d.VariableSpecification Program match. Variables have different dimension (template #v0 = #vi;, source var#46[] = new java.lang.Object[]{};) 
201027     INFO  main            d.u.i.k.p.r.p.TestFile    ... finished proof: closed. 
201470     INFO  main            d.u.i.k.p.i.AbstractProblemLoader Loading environment from /home/runner/work/key/key/key.core/../key.ui/examples/standard_key/java_dl/java5/vararg.key.proof 
201470     DEBUG main            d.u.i.k.p.i.AbstractProblemLoader Environment load took 352.4ns 
201472     INFO  main            d.u.i.k.p.i.AbstractProblemLoader Creating init config 
202340     DEBUG main            d.u.i.k.j.r.ClassPreparationMethodBuilder clPrepBuilder: Inner Class detected. Reject building class initialisation methods. 
204168     DEBUG main            d.u.i.k.p.i.AbstractProblemLoader Init config took 2.7s 
204193     INFO  main            d.u.i.k.p.i.AbstractProblemLoader Replaying proof vararg.key.proof 
204616     DEBUG main            d.u.i.k.p.i.IntermediateProofReplayer Proof replay took 412.31ms 
204618     DEBUG main            d.u.i.k.p.r.p.TestFile    ... success: reloaded. 
204619     INFO  main            d.u.i.k.p.r.p.TestFile    Now processing file /home/runner/work/key/key/key.core/../key.ui/examples/standard_key/java_dl/java5/for_Array.key 
204619     INFO  main            d.u.i.k.p.i.AbstractProblemLoader Loading environment from /home/runner/work/key/key/key.core/../key.ui/examples/standard_key/java_dl/java5/for_Array.key 
204619     DEBUG main            d.u.i.k.p.i.AbstractProblemLoader Environment load took 179.1ns 
204620     INFO  main            d.u.i.k.p.i.AbstractProblemLoader Creating init config 
205481     DEBUG main            d.u.i.k.j.r.ClassPreparationMethodBuilder clPrepBuilder: Inner Class detected. Reject building class initialisation methods. 
207355     DEBUG main            d.u.i.k.p.i.AbstractProblemLoader Init config took 2.74s 
207413     INFO  main            d.u.i.k.p.i.AbstractProblemLoader Replaying proof For[For::sum([I)].JML operation contract.0 
207414     DEBUG main            d.u.i.k.p.i.IntermediateProofReplayer Proof replay took 7ns 
207818     INFO  main            d.u.i.k.p.r.p.TestFile    ... finished proof: closed. 
208267     INFO  main            d.u.i.k.p.i.AbstractProblemLoader Loading environment from /home/runner/work/key/key/key.core/../key.ui/examples/standard_key/java_dl/java5/for_Array.key.proof 
208267     DEBUG main            d.u.i.k.p.i.AbstractProblemLoader Environment load took 91.3ns 
208268     INFO  main            d.u.i.k.p.i.AbstractProblemLoader Creating init config 
209087     DEBUG main            d.u.i.k.j.r.ClassPreparationMethodBuilder clPrepBuilder: Inner Class detected. Reject building class initialisation methods. 
210902     DEBUG main            d.u.i.k.p.i.AbstractProblemLoader Init config took 2.63s 
210959     INFO  main            d.u.i.k.p.i.AbstractProblemLoader Replaying proof For[For::sum([I)].JML operation contract.0 
211068     DEBUG main            d.u.i.k.p.i.IntermediateProofReplayer Proof replay took 105.54ms 
211069     DEBUG main            d.u.i.k.p.r.p.TestFile    ... success: reloaded. 
211070     INFO  main            d.u.i.k.p.r.p.TestFile    Now processing file /home/runner/work/key/key/key.core/../key.ui/examples/standard_key/java_dl/java5/for_Iterable.key 
211070     INFO  main            d.u.i.k.p.i.AbstractProblemLoader Loading environment from /home/runner/work/key/key/key.core/../key.ui/examples/standard_key/java_dl/java5/for_Iterable.key 
211070     DEBUG main            d.u.i.k.p.i.AbstractProblemLoader Environment load took 60ns 
211072     INFO  main            d.u.i.k.p.i.AbstractProblemLoader Creating init config 
211910     DEBUG main            d.u.i.k.j.r.ClassPreparationMethodBuilder clPrepBuilder: Inner Class detected. Reject building class initialisation methods. 
213733     DEBUG main            d.u.i.k.p.i.AbstractProblemLoader Init config took 2.66s 
213813     INFO  main            d.u.i.k.p.i.AbstractProblemLoader Replaying proof For[For::infiniteLoop(For)].JML operation contract.0 
213815     DEBUG main            d.u.i.k.p.i.IntermediateProofReplayer Proof replay took 8ns 
214017     INFO  main            d.u.i.k.p.r.p.TestFile    ... finished proof: closed. 
214408     INFO  main            d.u.i.k.p.i.AbstractProblemLoader Loading environment from /home/runner/work/key/key/key.core/../key.ui/examples/standard_key/java_dl/java5/for_Iterable.key.proof 
214409     DEBUG main            d.u.i.k.p.i.AbstractProblemLoader Environment load took 91.5ns 
214409     INFO  main            d.u.i.k.p.i.AbstractProblemLoader Creating init config 
215254     DEBUG main            d.u.i.k.j.r.ClassPreparationMethodBuilder clPrepBuilder: Inner Class detected. Reject building class initialisation methods. 
217040     DEBUG main            d.u.i.k.p.i.AbstractProblemLoader Init config took 2.63s 
217093     INFO  main            d.u.i.k.p.i.AbstractProblemLoader Replaying proof For[For::infiniteLoop(For)].JML operation contract.0 
217151     DEBUG main            d.u.i.k.p.i.IntermediateProofReplayer Proof replay took 56.26ms 
217152     DEBUG main            d.u.i.k.p.r.p.TestFile    ... success: reloaded. 
217153     INFO  main            d.u.i.k.p.r.p.TestFile    Now processing file /home/runner/work/key/key/key.core/../key.ui/examples/standard_key/java_dl/java5/for_ReferenceArray.key 
217154     INFO  main            d.u.i.k.p.i.AbstractProblemLoader Loading environment from /home/runner/work/key/key/key.core/../key.ui/examples/standard_key/java_dl/java5/for_ReferenceArray.key 
217154     DEBUG main            d.u.i.k.p.i.AbstractProblemLoader Environment load took 77.1ns 
217154     INFO  main            d.u.i.k.p.i.AbstractProblemLoader Creating init config 
217986     DEBUG main            d.u.i.k.j.r.ClassPreparationMethodBuilder clPrepBuilder: Inner Class detected. Reject building class initialisation methods. 
219831     DEBUG main            d.u.i.k.p.i.AbstractProblemLoader Init config took 2.68s 
219884     INFO  main            d.u.i.k.p.i.AbstractProblemLoader Replaying proof ForReferenceArray[ForReferenceArray::foo([Ljava.lang.Object)].JML operation contract.0 
219886     DEBUG main            d.u.i.k.p.i.IntermediateProofReplayer Proof replay took 6.7ns 
220190     INFO  main            d.u.i.k.p.r.p.TestFile    ... finished proof: closed. 
220609     INFO  main            d.u.i.k.p.i.AbstractProblemLoader Loading environment from /home/runner/work/key/key/key.core/../key.ui/examples/standard_key/java_dl/java5/for_ReferenceArray.key.proof 
220610     DEBUG main            d.u.i.k.p.i.AbstractProblemLoader Environment load took 112.5ns 
220611     INFO  main            d.u.i.k.p.i.AbstractProblemLoader Creating init config 
221478     DEBUG main            d.u.i.k.j.r.ClassPreparationMethodBuilder clPrepBuilder: Inner Class detected. Reject building class initialisation methods. 
223299     DEBUG main            d.u.i.k.p.i.AbstractProblemLoader Init config took 2.69s 
223363     INFO  main            d.u.i.k.p.i.AbstractProblemLoader Replaying proof ForReferenceArray[ForReferenceArray::foo([Ljava.lang.Object)].JML operation contract.0 
223433     DEBUG main            d.u.i.k.p.i.IntermediateProofReplayer Proof replay took 66.8ms 
223434     DEBUG main            d.u.i.k.p.r.p.TestFile    ... success: reloaded. 
223435     INFO  main            d.u.i.k.p.r.p.TestFile    Now processing file /home/runner/work/key/key/key.core/../key.ui/examples/standard_key/java_dl/jml-bigint/cast.key 
223435     INFO  main            d.u.i.k.p.i.AbstractProblemLoader Loading environment from /home/runner/work/key/key/key.core/../key.ui/examples/standard_key/java_dl/jml-bigint/cast.key 
223436     DEBUG main            d.u.i.k.p.i.AbstractProblemLoader Environment load took 128.9ns 
223437     INFO  main            d.u.i.k.p.i.AbstractProblemLoader Creating init config 
226053     DEBUG main            d.u.i.k.p.i.AbstractProblemLoader Init config took 2.62s 
226088     INFO  main            d.u.i.k.p.i.AbstractProblemLoader Replaying proof Mult[Mult::cast()].JML operation contract.0 
226090     DEBUG main            d.u.i.k.p.i.IntermediateProofReplayer Proof replay took 7ns 
226192     INFO  main            d.u.i.k.p.r.p.TestFile    ... finished proof: closed. 
226675     INFO  main            d.u.i.k.p.i.AbstractProblemLoader Loading environment from /home/runner/work/key/key/key.core/../key.ui/examples/standard_key/java_dl/jml-bigint/cast.key.proof 
226675     DEBUG main            d.u.i.k.p.i.AbstractProblemLoader Environment load took 112.7ns 
226677     INFO  main            d.u.i.k.p.i.AbstractProblemLoader Creating init config 
229211     DEBUG main            d.u.i.k.p.i.AbstractProblemLoader Init config took 2.53s 
229249     INFO  main            d.u.i.k.p.i.AbstractProblemLoader Replaying proof Mult[Mult::cast()].JML operation contract.0 
229265     DEBUG main            d.u.i.k.p.i.IntermediateProofReplayer Proof replay took 14.08ms 
229265     DEBUG main            d.u.i.k.p.r.p.TestFile    ... success: reloaded. 
229267     INFO  main            d.u.i.k.p.r.p.TestFile    Now processing file /home/runner/work/key/key/key.core/../key.ui/examples/standard_key/java_dl/jml-free/loopInvFree.key 
229267     INFO  main            d.u.i.k.p.i.AbstractProblemLoader Loading environment from /home/runner/work/key/key/key.core/../key.ui/examples/standard_key/java_dl/jml-free/loopInvFree.key 
229267     DEBUG main            d.u.i.k.p.i.AbstractProblemLoader Environment load took 105.5ns 
229268     INFO  main            d.u.i.k.p.i.AbstractProblemLoader Creating init config 
231842     DEBUG main            d.u.i.k.p.i.AbstractProblemLoader Init config took 2.57s 
231877     INFO  main            d.u.i.k.p.i.AbstractProblemLoader Replaying proof LoopInvFree[LoopInvFree::test()].JML operation contract.0 
231878     DEBUG main            d.u.i.k.p.i.IntermediateProofReplayer Proof replay took 7ns 
232081     INFO  main            d.u.i.k.p.r.p.TestFile    ... finished proof: closed. 
232515     INFO  main            d.u.i.k.p.i.AbstractProblemLoader Loading environment from /home/runner/work/key/key/key.core/../key.ui/examples/standard_key/java_dl/jml-free/loopInvFree.key.proof 
232516     DEBUG main            d.u.i.k.p.i.AbstractProblemLoader Environment load took 100.7ns 
232517     INFO  main            d.u.i.k.p.i.AbstractProblemLoader Creating init config 
234957     DEBUG main            d.u.i.k.p.i.AbstractProblemLoader Init config took 2.44s 
234991     INFO  main            d.u.i.k.p.i.AbstractProblemLoader Replaying proof LoopInvFree[LoopInvFree::test()].JML operation contract.0 
235041     DEBUG main            d.u.i.k.p.i.IntermediateProofReplayer Proof replay took 47.48ms 
235042     DEBUG main            d.u.i.k.p.r.p.TestFile    ... success: reloaded. 
235043     INFO  main            d.u.i.k.p.r.p.TestFile    Now processing file /home/runner/work/key/key/key.core/../key.ui/examples/standard_key/java_dl/jml-free/ensuresFree.key 
235043     INFO  main            d.u.i.k.p.i.AbstractProblemLoader Loading environment from /home/runner/work/key/key/key.core/../key.ui/examples/standard_key/java_dl/jml-free/ensuresFree.key 
235043     DEBUG main            d.u.i.k.p.i.AbstractProblemLoader Environment load took 92.2ns 
235044     INFO  main            d.u.i.k.p.i.AbstractProblemLoader Creating init config 
237569     DEBUG main            d.u.i.k.p.i.AbstractProblemLoader Init config took 2.52s 
237605     INFO  main            d.u.i.k.p.i.AbstractProblemLoader Replaying proof EnsuresFree[EnsuresFree::test()].JML operation contract.0 
237606     DEBUG main            d.u.i.k.p.i.IntermediateProofReplayer Proof replay took 6.7ns 
237708     INFO  main            d.u.i.k.p.r.p.TestFile    ... finished proof: closed. 
238123     INFO  main            d.u.i.k.p.i.AbstractProblemLoader Loading environment from /home/runner/work/key/key/key.core/../key.ui/examples/standard_key/java_dl/jml-free/ensuresFree.key.proof 
238123     DEBUG main            d.u.i.k.p.i.AbstractProblemLoader Environment load took 84ns 
238124     INFO  main            d.u.i.k.p.i.AbstractProblemLoader Creating init config 
240612     DEBUG main            d.u.i.k.p.i.AbstractProblemLoader Init config took 2.49s 
240646     INFO  main            d.u.i.k.p.i.AbstractProblemLoader Replaying proof EnsuresFree[EnsuresFree::test()].JML operation contract.0 
240667     DEBUG main            d.u.i.k.p.i.IntermediateProofReplayer Proof replay took 19.34ms 
240668     DEBUG main            d.u.i.k.p.r.p.TestFile    ... success: reloaded. 
240669     INFO  main            d.u.i.k.p.r.p.TestFile    Now processing file /home/runner/work/key/key/key.core/../key.ui/examples/standard_key/java_dl/jml-information-flow.key 
240669     INFO  main            d.u.i.k.p.i.AbstractProblemLoader Loading environment from /home/runner/work/key/key/key.core/../key.ui/examples/standard_key/java_dl/jml-information-flow.key 
240669     DEBUG main            d.u.i.k.p.i.AbstractProblemLoader Environment load took 95.9ns 
240675     INFO  main            d.u.i.k.p.i.AbstractProblemLoader Creating init config 
243388     DEBUG main            d.u.i.k.p.i.AbstractProblemLoader Init config took 2.71s 
243406     INFO  main            d.u.i.k.p.i.AbstractProblemLoader Replaying proof jml-information-flow.key 
243407     DEBUG main            d.u.i.k.p.i.IntermediateProofReplayer Proof replay took 6.8ns 
378489     INFO  main            d.u.i.k.p.r.p.TestFile    ... finished proof: closed. 
379121     INFO  main            d.u.i.k.p.i.AbstractProblemLoader Loading environment from /home/runner/work/key/key/key.core/../key.ui/examples/standard_key/java_dl/jml-information-flow.key.proof 
379122     DEBUG main            d.u.i.k.p.i.AbstractProblemLoader Environment load took 442.5ns 
379130     INFO  main            d.u.i.k.p.i.AbstractProblemLoader Creating init config 
381743     DEBUG main            d.u.i.k.p.i.AbstractProblemLoader Init config took 2.61s 
381765     INFO  main            d.u.i.k.p.i.AbstractProblemLoader Replaying proof jml-information-flow.key.proof 
386350     DEBUG main            d.u.i.k.p.i.IntermediateProofReplayer Proof replay took 4.47s 
386358     DEBUG main            d.u.i.k.p.r.p.TestFile    ... success: reloaded. 
386360     INFO  main            d.u.i.k.p.r.p.TestFile    Now processing file /home/runner/work/key/key/key.core/../key.ui/examples/standard_key/java_dl/jml-min/min-unprovable1.key 
386360     INFO  main            d.u.i.k.p.i.AbstractProblemLoader Loading environment from /home/runner/work/key/key/key.core/../key.ui/examples/standard_key/java_dl/jml-min/min-unprovable1.key 
386360     DEBUG main            d.u.i.k.p.i.AbstractProblemLoader Environment load took 278.7ns 
386361     INFO  main            d.u.i.k.p.i.AbstractProblemLoader Creating init config 
389204     DEBUG main            d.u.i.k.p.i.AbstractProblemLoader Init config took 2.84s 
389237     INFO  main            d.u.i.k.p.i.AbstractProblemLoader Replaying proof Min[Min::foo()].JML operation contract.0 
389239     DEBUG main            d.u.i.k.p.i.IntermediateProofReplayer Proof replay took 7.1ns 
389341     INFO  main            d.u.i.k.p.r.p.TestFile    ... finished proof: open goal(s) 
389785     INFO  main            d.u.i.k.p.r.p.TestFile    Now processing file /home/runner/work/key/key/key.core/../key.ui/examples/standard_key/java_dl/jml-min/min-unprovable2.key 
389785     INFO  main            d.u.i.k.p.i.AbstractProblemLoader Loading environment from /home/runner/work/key/key/key.core/../key.ui/examples/standard_key/java_dl/jml-min/min-unprovable2.key 
389785     DEBUG main            d.u.i.k.p.i.AbstractProblemLoader Environment load took 54.9ns 
389786     INFO  main            d.u.i.k.p.i.AbstractProblemLoader Creating init config 
392272     DEBUG main            d.u.i.k.p.i.AbstractProblemLoader Init config took 2.49s 
392305     INFO  main            d.u.i.k.p.i.AbstractProblemLoader Replaying proof Min[Min::foo2()].JML operation contract.0 
392307     DEBUG main            d.u.i.k.p.i.IntermediateProofReplayer Proof replay took 6.7ns 
392408     INFO  main            d.u.i.k.p.r.p.TestFile    ... finished proof: open goal(s) 
392834     INFO  main            d.u.i.k.p.r.p.TestFile    Now processing file /home/runner/work/key/key/key.core/../key.ui/examples/standard_key/java_dl/methodCall.key 
392834     INFO  main            d.u.i.k.p.i.AbstractProblemLoader Loading environment from /home/runner/work/key/key/key.core/../key.ui/examples/standard_key/java_dl/methodCall.key 
392834     DEBUG main            d.u.i.k.p.i.AbstractProblemLoader Environment load took 61.1ns 
392835     INFO  main            d.u.i.k.p.i.AbstractProblemLoader Creating init config 
395330     DEBUG main            d.u.i.k.p.i.AbstractProblemLoader Init config took 2.5s 
395344     INFO  main            d.u.i.k.p.i.AbstractProblemLoader Replaying proof methodCall.key 
395345     DEBUG main            d.u.i.k.p.i.IntermediateProofReplayer Proof replay took 6.3ns 
395446     INFO  main            d.u.i.k.p.r.p.TestFile    ... finished proof: closed. 
395871     INFO  main            d.u.i.k.p.i.AbstractProblemLoader Loading environment from /home/runner/work/key/key/key.core/../key.ui/examples/standard_key/java_dl/methodCall.key.proof 
395871     DEBUG main            d.u.i.k.p.i.AbstractProblemLoader Environment load took 97.9ns 
395872     INFO  main            d.u.i.k.p.i.AbstractProblemLoader Creating init config 
398387     DEBUG main            d.u.i.k.p.i.AbstractProblemLoader Init config took 2.51s 
398401     INFO  main            d.u.i.k.p.i.AbstractProblemLoader Replaying proof methodCall.key.proof 
398405     DEBUG main            d.u.i.k.p.i.IntermediateProofReplayer Proof replay took 2.33ms 
398406     DEBUG main            d.u.i.k.p.r.p.TestFile    ... success: reloaded. 
398407     INFO  main            d.u.i.k.p.r.p.TestFile    Now processing file /home/runner/work/key/key/key.core/../key.ui/examples/standard_key/java_dl/methodCall1.key 
398407     INFO  main            d.u.i.k.p.i.AbstractProblemLoader Loading environment from /home/runner/work/key/key/key.core/../key.ui/examples/standard_key/java_dl/methodCall1.key 
398407     DEBUG main            d.u.i.k.p.i.AbstractProblemLoader Environment load took 85.1ns 
398413     INFO  main            d.u.i.k.p.i.AbstractProblemLoader Creating init config 
400882     DEBUG main            d.u.i.k.p.i.AbstractProblemLoader Init config took 2.47s 
400896     INFO  main            d.u.i.k.p.i.AbstractProblemLoader Replaying proof methodCall1.key 
400897     DEBUG main            d.u.i.k.p.i.IntermediateProofReplayer Proof replay took 6.6ns 
400999     INFO  main            d.u.i.k.p.r.p.TestFile    ... finished proof: closed. 
401445     INFO  main            d.u.i.k.p.i.AbstractProblemLoader Loading environment from /home/runner/work/key/key/key.core/../key.ui/examples/standard_key/java_dl/methodCall1.key.proof 
401445     DEBUG main            d.u.i.k.p.i.AbstractProblemLoader Environment load took 93.8ns 
401446     INFO  main            d.u.i.k.p.i.AbstractProblemLoader Creating init config 
403902     DEBUG main            d.u.i.k.p.i.AbstractProblemLoader Init config took 2.46s 
403916     INFO  main            d.u.i.k.p.i.AbstractProblemLoader Replaying proof methodCall1.key.proof 
403933     DEBUG main            d.u.i.k.p.i.IntermediateProofReplayer Proof replay took 15.09ms 
403934     DEBUG main            d.u.i.k.p.r.p.TestFile    ... success: reloaded. 
403935     INFO  main            d.u.i.k.p.r.p.TestFile    Now processing file /home/runner/work/key/key/key.core/../key.ui/examples/standard_key/java_dl/methodCall1box.key 
403935     INFO  main            d.u.i.k.p.i.AbstractProblemLoader Loading environment from /home/runner/work/key/key/key.core/../key.ui/examples/standard_key/java_dl/methodCall1box.key 
403935     DEBUG main            d.u.i.k.p.i.AbstractProblemLoader Environment load took 107.2ns 
403936     INFO  main            d.u.i.k.p.i.AbstractProblemLoader Creating init config 
406458     DEBUG main            d.u.i.k.p.i.AbstractProblemLoader Init config took 2.52s 
406477     INFO  main            d.u.i.k.p.i.AbstractProblemLoader Replaying proof methodCall1box.key 
406478     DEBUG main            d.u.i.k.p.i.IntermediateProofReplayer Proof replay took 9.9ns 
406580     INFO  main            d.u.i.k.p.r.p.TestFile    ... finished proof: closed. 
407053     INFO  main            d.u.i.k.p.i.AbstractProblemLoader Loading environment from /home/runner/work/key/key/key.core/../key.ui/examples/standard_key/java_dl/methodCall1box.key.proof 
407053     DEBUG main            d.u.i.k.p.i.AbstractProblemLoader Environment load took 95.1ns 
407054     INFO  main            d.u.i.k.p.i.AbstractProblemLoader Creating init config 
409515     DEBUG main            d.u.i.k.p.i.AbstractProblemLoader Init config took 2.46s 
409529     INFO  main            d.u.i.k.p.i.AbstractProblemLoader Replaying proof methodCall1box.key.proof 
409545     DEBUG main            d.u.i.k.p.i.IntermediateProofReplayer Proof replay took 14.78ms 
409546     DEBUG main            d.u.i.k.p.r.p.TestFile    ... success: reloaded. 
409547     INFO  main            d.u.i.k.p.r.p.TestFile    Now processing file /home/runner/work/key/key/key.core/../key.ui/examples/standard_key/java_dl/methodCall3.key 
409547     INFO  main            d.u.i.k.p.i.AbstractProblemLoader Loading environment from /home/runner/work/key/key/key.core/../key.ui/examples/standard_key/java_dl/methodCall3.key 
409547     DEBUG main            d.u.i.k.p.i.AbstractProblemLoader Environment load took 76.5ns 
409548     INFO  main            d.u.i.k.p.i.AbstractProblemLoader Creating init config 
412055     DEBUG main            d.u.i.k.p.i.AbstractProblemLoader Init config took 2.51s 
412068     INFO  main            d.u.i.k.p.i.AbstractProblemLoader Replaying proof methodCall3.key 
412069     DEBUG main            d.u.i.k.p.i.IntermediateProofReplayer Proof replay took 6.4ns 
412171     INFO  main            d.u.i.k.p.r.p.TestFile    ... finished proof: closed. 
412615     INFO  main            d.u.i.k.p.i.AbstractProblemLoader Loading environment from /home/runner/work/key/key/key.core/../key.ui/examples/standard_key/java_dl/methodCall3.key.proof 
412615     DEBUG main            d.u.i.k.p.i.AbstractProblemLoader Environment load took 85.1ns 
412616     INFO  main            d.u.i.k.p.i.AbstractProblemLoader Creating init config 
415099     DEBUG main            d.u.i.k.p.i.AbstractProblemLoader Init config took 2.48s 
415113     INFO  main            d.u.i.k.p.i.AbstractProblemLoader Replaying proof methodCall3.key.proof 
415125     DEBUG main            d.u.i.k.p.i.IntermediateProofReplayer Proof replay took 9.76ms 
415126     DEBUG main            d.u.i.k.p.r.p.TestFile    ... success: reloaded. 
415126     INFO  main            d.u.i.k.p.r.p.TestFile    Now processing file /home/runner/work/key/key/key.core/../key.ui/examples/standard_key/java_dl/polishFlagSort.key 
415127     INFO  main            d.u.i.k.p.i.AbstractProblemLoader Loading environment from /home/runner/work/key/key/key.core/../key.ui/examples/standard_key/java_dl/polishFlagSort.key 
415127     DEBUG main            d.u.i.k.p.i.AbstractProblemLoader Environment load took 76.9ns 
415128     INFO  main            d.u.i.k.p.i.AbstractProblemLoader Creating init config 
417653     DEBUG main            d.u.i.k.p.i.AbstractProblemLoader Init config took 2.52s 
417668     INFO  main            d.u.i.k.p.i.AbstractProblemLoader Replaying proof polishFlagSort.key 
417669     DEBUG main            d.u.i.k.p.i.IntermediateProofReplayer Proof replay took 5.9ns 
420106     INFO  main            d.u.i.k.p.r.p.TestFile    ... finished proof: closed. 
420613     INFO  main            d.u.i.k.p.i.AbstractProblemLoader Loading environment from /home/runner/work/key/key/key.core/../key.ui/examples/standard_key/java_dl/polishFlagSort.key.proof 
420613     DEBUG main            d.u.i.k.p.i.AbstractProblemLoader Environment load took 360.1ns 
420617     INFO  main            d.u.i.k.p.i.AbstractProblemLoader Creating init config 
423102     DEBUG main            d.u.i.k.p.i.AbstractProblemLoader Init config took 2.49s 
423117     INFO  main            d.u.i.k.p.i.AbstractProblemLoader Replaying proof polishFlagSort.key.proof 
423549     DEBUG main            d.u.i.k.p.i.IntermediateProofReplayer Proof replay took 421.06ms 
423552     DEBUG main            d.u.i.k.p.r.p.TestFile    ... success: reloaded. 
423553     INFO  main            d.u.i.k.p.r.p.TestFile    Now processing file /home/runner/work/key/key/key.core/../key.ui/examples/standard_key/java_dl/postConditionTaclets1.key 
423554     INFO  main            d.u.i.k.p.i.AbstractProblemLoader Loading environment from /home/runner/work/key/key/key.core/../key.ui/examples/standard_key/java_dl/postConditionTaclets1.key 
423555     DEBUG main            d.u.i.k.p.i.AbstractProblemLoader Environment load took 324.3ns 
423556     INFO  main            d.u.i.k.p.i.AbstractProblemLoader Creating init config 
426048     DEBUG main            d.u.i.k.p.i.AbstractProblemLoader Init config took 2.49s 
426062     INFO  main            d.u.i.k.p.i.AbstractProblemLoader Replaying proof postConditionTaclets1.key 
426063     DEBUG main            d.u.i.k.p.i.IntermediateProofReplayer Proof replay took 6.6ns 
426169     INFO  main            d.u.i.k.p.r.p.TestFile    ... finished proof: closed. 
426703     INFO  main            d.u.i.k.p.i.AbstractProblemLoader Loading environment from /home/runner/work/key/key/key.core/../key.ui/examples/standard_key/java_dl/postConditionTaclets1.key.proof 
426703     DEBUG main            d.u.i.k.p.i.AbstractProblemLoader Environment load took 73.7ns 
426704     INFO  main            d.u.i.k.p.i.AbstractProblemLoader Creating init config 
429104     DEBUG main            d.u.i.k.p.i.AbstractProblemLoader Init config took 2.4s 
429121     INFO  main            d.u.i.k.p.i.AbstractProblemLoader Replaying proof postConditionTaclets1.key.proof 
429124     DEBUG main            d.u.i.k.p.i.IntermediateProofReplayer Proof replay took 482.1ns 
429125     DEBUG main            d.u.i.k.p.r.p.TestFile    ... success: reloaded. 
429125     INFO  main            d.u.i.k.p.r.p.TestFile    Now processing file /home/runner/work/key/key/key.core/../key.ui/examples/standard_key/java_dl/postConditionTaclets2.key 
429126     INFO  main            d.u.i.k.p.i.AbstractProblemLoader Loading environment from /home/runner/work/key/key/key.core/../key.ui/examples/standard_key/java_dl/postConditionTaclets2.key 
429126     DEBUG main            d.u.i.k.p.i.AbstractProblemLoader Environment load took 194.7ns 
429127     INFO  main            d.u.i.k.p.i.AbstractProblemLoader Creating init config 
431605     DEBUG main            d.u.i.k.p.i.AbstractProblemLoader Init config took 2.48s 
431620     INFO  main            d.u.i.k.p.i.AbstractProblemLoader Replaying proof postConditionTaclets2.key 
431621     DEBUG main            d.u.i.k.p.i.IntermediateProofReplayer Proof replay took 6.6ns 
431723     INFO  main            d.u.i.k.p.r.p.TestFile    ... finished proof: closed. 
432204     INFO  main            d.u.i.k.p.i.AbstractProblemLoader Loading environment from /home/runner/work/key/key/key.core/../key.ui/examples/standard_key/java_dl/postConditionTaclets2.key.proof 
432204     DEBUG main            d.u.i.k.p.i.AbstractProblemLoader Environment load took 82ns 
432205     INFO  main            d.u.i.k.p.i.AbstractProblemLoader Creating init config 
434605     DEBUG main            d.u.i.k.p.i.AbstractProblemLoader Init config took 2.4s 
434619     INFO  main            d.u.i.k.p.i.AbstractProblemLoader Replaying proof postConditionTaclets2.key.proof 
434620     DEBUG main            d.u.i.k.p.i.IntermediateProofReplayer Proof replay took 670.9ns 
434621     DEBUG main            d.u.i.k.p.r.p.TestFile    ... success: reloaded. 
434622     INFO  main            d.u.i.k.p.r.p.TestFile    Now processing file /home/runner/work/key/key/key.core/../key.ui/examples/standard_key/java_dl/quantifiedQuery.key 
434622     INFO  main            d.u.i.k.p.i.AbstractProblemLoader Loading environment from /home/runner/work/key/key/key.core/../key.ui/examples/standard_key/java_dl/quantifiedQuery.key 
434622     DEBUG main            d.u.i.k.p.i.AbstractProblemLoader Environment load took 84.6ns 
434623     INFO  main            d.u.i.k.p.i.AbstractProblemLoader Creating init config 
437102     DEBUG main            d.u.i.k.p.i.AbstractProblemLoader Init config took 2.48s 
437116     INFO  main            d.u.i.k.p.i.AbstractProblemLoader Replaying proof quantifiedQuery.key 
437117     DEBUG main            d.u.i.k.p.i.IntermediateProofReplayer Proof replay took 6.5ns 
437219     INFO  main            d.u.i.k.p.r.p.TestFile    ... finished proof: closed. 
437716     INFO  main            d.u.i.k.p.i.AbstractProblemLoader Loading environment from /home/runner/work/key/key/key.core/../key.ui/examples/standard_key/java_dl/quantifiedQuery.key.proof 
437716     DEBUG main            d.u.i.k.p.i.AbstractProblemLoader Environment load took 107.8ns 
437717     INFO  main            d.u.i.k.p.i.AbstractProblemLoader Creating init config 
440293     DEBUG main            d.u.i.k.p.i.AbstractProblemLoader Init config took 2.58s 
440307     INFO  main            d.u.i.k.p.i.AbstractProblemLoader Replaying proof quantifiedQuery.key.proof 
440322     DEBUG main            d.u.i.k.p.i.IntermediateProofReplayer Proof replay took 13.44ms 
440323     DEBUG main            d.u.i.k.p.r.p.TestFile    ... success: reloaded. 
440323     INFO  main            d.u.i.k.p.r.p.TestFile    Now processing file /home/runner/work/key/key/key.core/../key.ui/examples/standard_key/java_dl/recursion/triangular.key 
440324     INFO  main            d.u.i.k.p.i.AbstractProblemLoader Loading environment from /home/runner/work/key/key/key.core/../key.ui/examples/standard_key/java_dl/recursion/triangular.key 
440324     DEBUG main            d.u.i.k.p.i.AbstractProblemLoader Environment load took 53.8ns 
440324     INFO  main            d.u.i.k.p.i.AbstractProblemLoader Creating init config 
442860     DEBUG main            d.u.i.k.p.i.AbstractProblemLoader Init config took 2.54s 
442898     INFO  main            d.u.i.k.p.i.AbstractProblemLoader Replaying proof Triangular[Triangular::tria(int)].JML normal_behavior operation contract.0 
442899     DEBUG main            d.u.i.k.p.i.IntermediateProofReplayer Proof replay took 7.1ns 
443101     INFO  main            d.u.i.k.p.r.p.TestFile    ... finished proof: closed. 
443644     INFO  main            d.u.i.k.p.i.AbstractProblemLoader Loading environment from /home/runner/work/key/key/key.core/../key.ui/examples/standard_key/java_dl/recursion/triangular.key.proof 
443644     DEBUG main            d.u.i.k.p.i.AbstractProblemLoader Environment load took 79.3ns 
443645     INFO  main            d.u.i.k.p.i.AbstractProblemLoader Creating init config 
446119     DEBUG main            d.u.i.k.p.i.AbstractProblemLoader Init config took 2.47s 
446152     INFO  main            d.u.i.k.p.i.AbstractProblemLoader Replaying proof Triangular[Triangular::tria(int)].JML normal_behavior operation contract.0 
446193     DEBUG main            d.u.i.k.p.i.IntermediateProofReplayer Proof replay took 38.7ms 
446193     DEBUG main            d.u.i.k.p.r.p.TestFile    ... success: reloaded. 
446194     INFO  main            d.u.i.k.p.r.p.TestFile    Now processing file /home/runner/work/key/key/key.core/../key.ui/examples/standard_key/java_dl/reverseArray.key 
446194     INFO  main            d.u.i.k.p.i.AbstractProblemLoader Loading environment from /home/runner/work/key/key/key.core/../key.ui/examples/standard_key/java_dl/reverseArray.key 
446195     DEBUG main            d.u.i.k.p.i.AbstractProblemLoader Environment load took 164.4ns 
446197     INFO  main            d.u.i.k.p.i.AbstractProblemLoader Creating init config 
446221     WARN  main            d.u.i.k.j.r.KeYCrossReferenceNameInfo Datatype java.io.InputStream declared twice: Once in FILE:/home/runner/work/key/key/key.core/../key.ui/examples/standard_key/java_dl/./classpath/InputStream.java and once in URL:file:/home/runner/work/key/key/key.core/build/resources/main/de/uka/ilkd/key/java/JavaRedux/java/io/InputStream.java, Keeping one from URL:file:/home/runner/work/key/key/key.core/build/resources/main/de/uka/ilkd/key/java/JavaRedux/java/io/InputStream.java 
446221     WARN  main            d.u.i.k.j.r.KeYCrossReferenceNameInfo Datatype java.lang.System declared twice: Once in FILE:/home/runner/work/key/key/key.core/../key.ui/examples/standard_key/java_dl/./classpath/System.java and once in URL:file:/home/runner/work/key/key/key.core/build/resources/main/de/uka/ilkd/key/java/JavaRedux/java/lang/System.java, Keeping one from URL:file:/home/runner/work/key/key/key.core/build/resources/main/de/uka/ilkd/key/java/JavaRedux/java/lang/System.java 
446221     WARN  main            d.u.i.k.j.r.KeYCrossReferenceNameInfo Datatype java.io.PrintStream declared twice: Once in FILE:/home/runner/work/key/key/key.core/../key.ui/examples/standard_key/java_dl/./classpath/PrintStream.java and once in URL:file:/home/runner/work/key/key/key.core/build/resources/main/de/uka/ilkd/key/java/JavaRedux/java/io/PrintStream.java, Keeping one from URL:file:/home/runner/work/key/key/key.core/build/resources/main/de/uka/ilkd/key/java/JavaRedux/java/io/PrintStream.java 
446224     DEBUG main            d.u.i.k.j.r.ClassFileDeclarationBuilder Parsing: package java.io; public class Closeable { } 
446224     DEBUG main            r.s.KeYCrossReferenceSourceInfo Dynamically created class: java.io.Closeable 
448785     DEBUG main            d.u.i.k.p.i.AbstractProblemLoader Init config took 2.59s 
448800     INFO  main            d.u.i.k.p.i.AbstractProblemLoader Replaying proof reverseArray.key 
448802     DEBUG main            d.u.i.k.p.i.IntermediateProofReplayer Proof replay took 6.9ns 
453794     INFO  main            d.u.i.k.p.r.p.TestFile    ... finished proof: closed. 
454356     INFO  main            d.u.i.k.p.i.AbstractProblemLoader Loading environment from /home/runner/work/key/key/key.core/../key.ui/examples/standard_key/java_dl/reverseArray.key.proof 
454356     DEBUG main            d.u.i.k.p.i.AbstractProblemLoader Environment load took 132.8ns 
454358     INFO  main            d.u.i.k.p.i.AbstractProblemLoader Creating init config 
454380     WARN  main            d.u.i.k.j.r.KeYCrossReferenceNameInfo Datatype java.io.InputStream declared twice: Once in FILE:/home/runner/work/key/key/key.core/../key.ui/examples/standard_key/java_dl/classpath/InputStream.java and once in URL:file:/home/runner/work/key/key/key.core/build/resources/main/de/uka/ilkd/key/java/JavaRedux/java/io/InputStream.java, Keeping one from URL:file:/home/runner/work/key/key/key.core/build/resources/main/de/uka/ilkd/key/java/JavaRedux/java/io/InputStream.java 
454380     WARN  main            d.u.i.k.j.r.KeYCrossReferenceNameInfo Datatype java.lang.System declared twice: Once in FILE:/home/runner/work/key/key/key.core/../key.ui/examples/standard_key/java_dl/classpath/System.java and once in URL:file:/home/runner/work/key/key/key.core/build/resources/main/de/uka/ilkd/key/java/JavaRedux/java/lang/System.java, Keeping one from URL:file:/home/runner/work/key/key/key.core/build/resources/main/de/uka/ilkd/key/java/JavaRedux/java/lang/System.java 
454380     WARN  main            d.u.i.k.j.r.KeYCrossReferenceNameInfo Datatype java.io.PrintStream declared twice: Once in FILE:/home/runner/work/key/key/key.core/../key.ui/examples/standard_key/java_dl/classpath/PrintStream.java and once in URL:file:/home/runner/work/key/key/key.core/build/resources/main/de/uka/ilkd/key/java/JavaRedux/java/io/PrintStream.java, Keeping one from URL:file:/home/runner/work/key/key/key.core/build/resources/main/de/uka/ilkd/key/java/JavaRedux/java/io/PrintStream.java 
454383     DEBUG main            d.u.i.k.j.r.ClassFileDeclarationBuilder Parsing: package java.io; public class Closeable { } 
454383     DEBUG main            r.s.KeYCrossReferenceSourceInfo Dynamically created class: java.io.Closeable 
456869     DEBUG main            d.u.i.k.p.i.AbstractProblemLoader Init config took 2.51s 
456885     INFO  main            d.u.i.k.p.i.AbstractProblemLoader Replaying proof reverseArray.key.proof 
457667     DEBUG main            d.u.i.k.p.i.IntermediateProofReplayer Proof replay took 770.88ms 
457669     DEBUG main            d.u.i.k.p.r.p.TestFile    ... success: reloaded. 
457670     INFO  main            d.u.i.k.p.r.p.TestFile    Now processing file /home/runner/work/key/key/key.core/../key.ui/examples/standard_key/java_dl/reverseArray2.key 
457670     INFO  main            d.u.i.k.p.i.AbstractProblemLoader Loading environment from /home/runner/work/key/key/key.core/../key.ui/examples/standard_key/java_dl/reverseArray2.key 
457670     DEBUG main            d.u.i.k.p.i.AbstractProblemLoader Environment load took 73.6ns 
457672     INFO  main            d.u.i.k.p.i.AbstractProblemLoader Creating init config 
457694     WARN  main            d.u.i.k.j.r.KeYCrossReferenceNameInfo Datatype java.io.InputStream declared twice: Once in FILE:/home/runner/work/key/key/key.core/../key.ui/examples/standard_key/java_dl/classpath/InputStream.java and once in URL:file:/home/runner/work/key/key/key.core/build/resources/main/de/uka/ilkd/key/java/JavaRedux/java/io/InputStream.java, Keeping one from URL:file:/home/runner/work/key/key/key.core/build/resources/main/de/uka/ilkd/key/java/JavaRedux/java/io/InputStream.java 
457694     WARN  main            d.u.i.k.j.r.KeYCrossReferenceNameInfo Datatype java.lang.System declared twice: Once in FILE:/home/runner/work/key/key/key.core/../key.ui/examples/standard_key/java_dl/classpath/System.java and once in URL:file:/home/runner/work/key/key/key.core/build/resources/main/de/uka/ilkd/key/java/JavaRedux/java/lang/System.java, Keeping one from URL:file:/home/runner/work/key/key/key.core/build/resources/main/de/uka/ilkd/key/java/JavaRedux/java/lang/System.java 
457694     WARN  main            d.u.i.k.j.r.KeYCrossReferenceNameInfo Datatype java.io.PrintStream declared twice: Once in FILE:/home/runner/work/key/key/key.core/../key.ui/examples/standard_key/java_dl/classpath/PrintStream.java and once in URL:file:/home/runner/work/key/key/key.core/build/resources/main/de/uka/ilkd/key/java/JavaRedux/java/io/PrintStream.java, Keeping one from URL:file:/home/runner/work/key/key/key.core/build/resources/main/de/uka/ilkd/key/java/JavaRedux/java/io/PrintStream.java 
457697     DEBUG main            d.u.i.k.j.r.ClassFileDeclarationBuilder Parsing: package java.io; public class Closeable { } 
457697     DEBUG main            r.s.KeYCrossReferenceSourceInfo Dynamically created class: java.io.Closeable 
460392     DEBUG main            d.u.i.k.p.i.AbstractProblemLoader Init config took 2.72s 
460408     INFO  main            d.u.i.k.p.i.AbstractProblemLoader Replaying proof reverseArray2.key 
460410     DEBUG main            d.u.i.k.p.i.IntermediateProofReplayer Proof replay took 41.2ns 
461915     INFO  main            d.u.i.k.p.r.p.TestFile    ... finished proof: closed. 
462535     INFO  main            d.u.i.k.p.i.AbstractProblemLoader Loading environment from /home/runner/work/key/key/key.core/../key.ui/examples/standard_key/java_dl/reverseArray2.key.proof 
462536     DEBUG main            d.u.i.k.p.i.AbstractProblemLoader Environment load took 412.8ns 
462539     INFO  main            d.u.i.k.p.i.AbstractProblemLoader Creating init config 
462574     WARN  main            d.u.i.k.j.r.KeYCrossReferenceNameInfo Datatype java.io.InputStream declared twice: Once in FILE:/home/runner/work/key/key/key.core/../key.ui/examples/standard_key/java_dl/classpath/InputStream.java and once in URL:file:/home/runner/work/key/key/key.core/build/resources/main/de/uka/ilkd/key/java/JavaRedux/java/io/InputStream.java, Keeping one from URL:file:/home/runner/work/key/key/key.core/build/resources/main/de/uka/ilkd/key/java/JavaRedux/java/io/InputStream.java 
462575     WARN  main            d.u.i.k.j.r.KeYCrossReferenceNameInfo Datatype java.lang.System declared twice: Once in FILE:/home/runner/work/key/key/key.core/../key.ui/examples/standard_key/java_dl/classpath/System.java and once in URL:file:/home/runner/work/key/key/key.core/build/resources/main/de/uka/ilkd/key/java/JavaRedux/java/lang/System.java, Keeping one from URL:file:/home/runner/work/key/key/key.core/build/resources/main/de/uka/ilkd/key/java/JavaRedux/java/lang/System.java 
462575     WARN  main            d.u.i.k.j.r.KeYCrossReferenceNameInfo Datatype java.io.PrintStream declared twice: Once in FILE:/home/runner/work/key/key/key.core/../key.ui/examples/standard_key/java_dl/classpath/PrintStream.java and once in URL:file:/home/runner/work/key/key/key.core/build/resources/main/de/uka/ilkd/key/java/JavaRedux/java/io/PrintStream.java, Keeping one from URL:file:/home/runner/work/key/key/key.core/build/resources/main/de/uka/ilkd/key/java/JavaRedux/java/io/PrintStream.java 
462577     DEBUG main            d.u.i.k.j.r.ClassFileDeclarationBuilder Parsing: package java.io; public class Closeable { } 
462577     DEBUG main            r.s.KeYCrossReferenceSourceInfo Dynamically created class: java.io.Closeable 
465127     DEBUG main            d.u.i.k.p.i.AbstractProblemLoader Init config took 2.59s 
465141     INFO  main            d.u.i.k.p.i.AbstractProblemLoader Replaying proof reverseArray2.key.proof 
465399     DEBUG main            d.u.i.k.p.i.IntermediateProofReplayer Proof replay took 253.27ms 
465401     DEBUG main            d.u.i.k.p.r.p.TestFile    ... success: reloaded. 
465402     INFO  main            d.u.i.k.p.r.p.TestFile    Now processing file /home/runner/work/key/key/key.core/../key.ui/examples/standard_key/java_dl/simpleAssignment.key 
465402     INFO  main            d.u.i.k.p.i.AbstractProblemLoader Loading environment from /home/runner/work/key/key/key.core/../key.ui/examples/standard_key/java_dl/simpleAssignment.key 
465402     DEBUG main            d.u.i.k.p.i.AbstractProblemLoader Environment load took 93ns 
465403     INFO  main            d.u.i.k.p.i.AbstractProblemLoader Creating init config 
467826     DEBUG main            d.u.i.k.p.i.AbstractProblemLoader Init config took 2.42s 
467840     INFO  main            d.u.i.k.p.i.AbstractProblemLoader Replaying proof simpleAssignment.key 
467841     DEBUG main            d.u.i.k.p.i.IntermediateProofReplayer Proof replay took 3.5ns 
467942     INFO  main            d.u.i.k.p.r.p.TestFile    ... finished proof: closed. 
468510     INFO  main            d.u.i.k.p.i.AbstractProblemLoader Loading environment from /home/runner/work/key/key/key.core/../key.ui/examples/standard_key/java_dl/simpleAssignment.key.proof 
468510     DEBUG main            d.u.i.k.p.i.AbstractProblemLoader Environment load took 96.7ns 
468511     INFO  main            d.u.i.k.p.i.AbstractProblemLoader Creating init config 
470947     DEBUG main            d.u.i.k.p.i.AbstractProblemLoader Init config took 2.44s 
470960     INFO  main            d.u.i.k.p.i.AbstractProblemLoader Replaying proof simpleAssignment.key.proof 
470962     DEBUG main            d.u.i.k.p.i.IntermediateProofReplayer Proof replay took 845.21ns 
470963     DEBUG main            d.u.i.k.p.r.p.TestFile    ... success: reloaded. 
470964     INFO  main            d.u.i.k.p.r.p.TestFile    Now processing file /home/runner/work/key/key/key.core/../key.ui/examples/standard_key/java_dl/simpleAssignment2.key 
470964     INFO  main            d.u.i.k.p.i.AbstractProblemLoader Loading environment from /home/runner/work/key/key/key.core/../key.ui/examples/standard_key/java_dl/simpleAssignment2.key 
470964     DEBUG main            d.u.i.k.p.i.AbstractProblemLoader Environment load took 107ns 
470965     INFO  main            d.u.i.k.p.i.AbstractProblemLoader Creating init config 
473481     DEBUG main            d.u.i.k.p.i.AbstractProblemLoader Init config took 2.52s 
473496     INFO  main            d.u.i.k.p.i.AbstractProblemLoader Replaying proof simpleAssignment2.key 
473497     DEBUG main            d.u.i.k.p.i.IntermediateProofReplayer Proof replay took 3.2ns 
473599     INFO  main            d.u.i.k.p.r.p.TestFile    ... finished proof: closed. 
474123     INFO  main            d.u.i.k.p.i.AbstractProblemLoader Loading environment from /home/runner/work/key/key/key.core/../key.ui/examples/standard_key/java_dl/simpleAssignment2.key.proof 
474124     DEBUG main            d.u.i.k.p.i.AbstractProblemLoader Environment load took 89.4ns 
474125     INFO  main            d.u.i.k.p.i.AbstractProblemLoader Creating init config 
476493     DEBUG main            d.u.i.k.p.i.AbstractProblemLoader Init config took 2.37s 
476506     INFO  main            d.u.i.k.p.i.AbstractProblemLoader Replaying proof simpleAssignment2.key.proof 
476508     DEBUG main            d.u.i.k.p.i.IntermediateProofReplayer Proof replay took 436ns 
476508     DEBUG main            d.u.i.k.p.r.p.TestFile    ... success: reloaded. 
476509     INFO  main            d.u.i.k.p.r.p.TestFile    Now processing file /home/runner/work/key/key/key.core/../key.ui/examples/standard_key/java_dl/splittingWithQueries.key 
476509     INFO  main            d.u.i.k.p.i.AbstractProblemLoader Loading environment from /home/runner/work/key/key/key.core/../key.ui/examples/standard_key/java_dl/splittingWithQueries.key 
476509     DEBUG main            d.u.i.k.p.i.AbstractProblemLoader Environment load took 71.6ns 
476510     INFO  main            d.u.i.k.p.i.AbstractProblemLoader Creating init config 
479015     DEBUG main            d.u.i.k.p.i.AbstractProblemLoader Init config took 2.5s 
479031     INFO  main            d.u.i.k.p.i.AbstractProblemLoader Replaying proof splittingWithQueries.key 
479033     DEBUG main            d.u.i.k.p.i.IntermediateProofReplayer Proof replay took 3.8ns 
479135     INFO  main            d.u.i.k.p.r.p.TestFile    ... finished proof: closed. 
479703     INFO  main            d.u.i.k.p.i.AbstractProblemLoader Loading environment from /home/runner/work/key/key/key.core/../key.ui/examples/standard_key/java_dl/splittingWithQueries.key.proof 
479703     DEBUG main            d.u.i.k.p.i.AbstractProblemLoader Environment load took 83.4ns 
479704     INFO  main            d.u.i.k.p.i.AbstractProblemLoader Creating init config 
482141     DEBUG main            d.u.i.k.p.i.AbstractProblemLoader Init config took 2.44s 
482153     INFO  main            d.u.i.k.p.i.AbstractProblemLoader Replaying proof splittingWithQueries.key.proof 
482157     DEBUG main            d.u.i.k.p.i.IntermediateProofReplayer Proof replay took 2.05ms 
482158     DEBUG main            d.u.i.k.p.r.p.TestFile    ... success: reloaded. 
482159     INFO  main            d.u.i.k.p.r.p.TestFile    Now processing file /home/runner/work/key/key/key.core/../key.ui/examples/standard_key/java_dl/strassen/strassen.key 
482159     INFO  main            d.u.i.k.p.i.AbstractProblemLoader Loading environment from /home/runner/work/key/key/key.core/../key.ui/examples/standard_key/java_dl/strassen/strassen.key 
482159     DEBUG main            d.u.i.k.p.i.AbstractProblemLoader Environment load took 82.9ns 
482160     INFO  main            d.u.i.k.p.i.AbstractProblemLoader Creating init config 
484772     DEBUG main            d.u.i.k.p.i.AbstractProblemLoader Init config took 2.61s 
484813     INFO  main            d.u.i.k.p.i.AbstractProblemLoader Replaying proof Matrix22[Matrix22::strassen(Matrix22,Matrix22)].JML normal_behavior operation contract.0 
484814     DEBUG main            d.u.i.k.p.i.IntermediateProofReplayer Proof replay took 3.5ns 
490203     INFO  main            d.u.i.k.p.r.p.TestFile    ... finished proof: closed. 
490891     INFO  main            d.u.i.k.p.i.AbstractProblemLoader Loading environment from /home/runner/work/key/key/key.core/../key.ui/examples/standard_key/java_dl/strassen/strassen.key.proof 
490892     DEBUG main            d.u.i.k.p.i.AbstractProblemLoader Environment load took 340ns 
490893     INFO  main            d.u.i.k.p.i.AbstractProblemLoader Creating init config 
493391     DEBUG main            d.u.i.k.p.i.AbstractProblemLoader Init config took 2.5s 
493430     INFO  main            d.u.i.k.p.i.AbstractProblemLoader Replaying proof Matrix22[Matrix22::strassen(Matrix22,Matrix22)].JML normal_behavior operation contract.0 
494330     DEBUG main            d.u.i.k.p.i.IntermediateProofReplayer Proof replay took 890ms 
494331     DEBUG main            d.u.i.k.p.r.p.TestFile    ... success: reloaded. 
494332     INFO  main            d.u.i.k.p.r.p.TestFile    Now processing file /home/runner/work/key/key/key.core/../key.ui/examples/standard_key/java_dl/symmArray.key 
494333     INFO  main            d.u.i.k.p.i.AbstractProblemLoader Loading environment from /home/runner/work/key/key/key.core/../key.ui/examples/standard_key/java_dl/symmArray.key 
494333     DEBUG main            d.u.i.k.p.i.AbstractProblemLoader Environment load took 178ns 
494337     INFO  main            d.u.i.k.p.i.AbstractProblemLoader Creating init config 
496944     DEBUG main            d.u.i.k.p.i.AbstractProblemLoader Init config took 2.61s 
496960     INFO  main            d.u.i.k.p.i.AbstractProblemLoader Replaying proof symmArray.key 
496962     DEBUG main            d.u.i.k.p.i.IntermediateProofReplayer Proof replay took 3.4ns 
607701     INFO  main            d.u.i.k.p.r.p.TestFile    ... finished proof: closed. 
608394     INFO  main            d.u.i.k.p.i.AbstractProblemLoader Loading environment from /home/runner/work/key/key/key.core/../key.ui/examples/standard_key/java_dl/symmArray.key.proof 
608395     DEBUG main            d.u.i.k.p.i.AbstractProblemLoader Environment load took 413.8ns 
608401     INFO  main            d.u.i.k.p.i.AbstractProblemLoader Creating init config 
611001     DEBUG main            d.u.i.k.p.i.AbstractProblemLoader Init config took 2.6s 
611018     INFO  main            d.u.i.k.p.i.AbstractProblemLoader Replaying proof symmArray.key.proof 
612413     DEBUG main            d.u.i.k.p.i.IntermediateProofReplayer Proof replay took 1.34s 
612418     DEBUG main            d.u.i.k.p.r.p.TestFile    ... success: reloaded. 
612419     INFO  main            d.u.i.k.p.r.p.TestFile    Now processing file /home/runner/work/key/key/key.core/../key.ui/examples/standard_key/java_dl/testcontext.key 
612419     INFO  main            d.u.i.k.p.i.AbstractProblemLoader Loading environment from /home/runner/work/key/key/key.core/../key.ui/examples/standard_key/java_dl/testcontext.key 
612419     DEBUG main            d.u.i.k.p.i.AbstractProblemLoader Environment load took 56.9ns 
612420     INFO  main            d.u.i.k.p.i.AbstractProblemLoader Creating init config 
612442     WARN  main            d.u.i.k.j.r.KeYCrossReferenceNameInfo Datatype java.io.InputStream declared twice: Once in FILE:/home/runner/work/key/key/key.core/../key.ui/examples/standard_key/java_dl/classpath/InputStream.java and once in URL:file:/home/runner/work/key/key/key.core/build/resources/main/de/uka/ilkd/key/java/JavaRedux/java/io/InputStream.java, Keeping one from URL:file:/home/runner/work/key/key/key.core/build/resources/main/de/uka/ilkd/key/java/JavaRedux/java/io/InputStream.java 
612442     WARN  main            d.u.i.k.j.r.KeYCrossReferenceNameInfo Datatype java.lang.System declared twice: Once in FILE:/home/runner/work/key/key/key.core/../key.ui/examples/standard_key/java_dl/classpath/System.java and once in URL:file:/home/runner/work/key/key/key.core/build/resources/main/de/uka/ilkd/key/java/JavaRedux/java/lang/System.java, Keeping one from URL:file:/home/runner/work/key/key/key.core/build/resources/main/de/uka/ilkd/key/java/JavaRedux/java/lang/System.java 
612442     WARN  main            d.u.i.k.j.r.KeYCrossReferenceNameInfo Datatype java.io.PrintStream declared twice: Once in FILE:/home/runner/work/key/key/key.core/../key.ui/examples/standard_key/java_dl/classpath/PrintStream.java and once in URL:file:/home/runner/work/key/key/key.core/build/resources/main/de/uka/ilkd/key/java/JavaRedux/java/io/PrintStream.java, Keeping one from URL:file:/home/runner/work/key/key/key.core/build/resources/main/de/uka/ilkd/key/java/JavaRedux/java/io/PrintStream.java 
612445     DEBUG main            d.u.i.k.j.r.ClassFileDeclarationBuilder Parsing: package java.io; public class Closeable { } 
612445     DEBUG main            r.s.KeYCrossReferenceSourceInfo Dynamically created class: java.io.Closeable 
614987     DEBUG main            d.u.i.k.p.i.AbstractProblemLoader Init config took 2.57s 
615000     INFO  main            d.u.i.k.p.i.AbstractProblemLoader Replaying proof testcontext.key 
615002     DEBUG main            d.u.i.k.p.i.IntermediateProofReplayer Proof replay took 3.2ns 
615304     INFO  main            d.u.i.k.p.r.p.TestFile    ... finished proof: closed. 
616056     INFO  main            d.u.i.k.p.i.AbstractProblemLoader Loading environment from /home/runner/work/key/key/key.core/../key.ui/examples/standard_key/java_dl/testcontext.key.proof 
616056     DEBUG main            d.u.i.k.p.i.AbstractProblemLoader Environment load took 87ns 
616057     INFO  main            d.u.i.k.p.i.AbstractProblemLoader Creating init config 
616081     WARN  main            d.u.i.k.j.r.KeYCrossReferenceNameInfo Datatype java.io.InputStream declared twice: Once in FILE:/home/runner/work/key/key/key.core/../key.ui/examples/standard_key/java_dl/classpath/InputStream.java and once in URL:file:/home/runner/work/key/key/key.core/build/resources/main/de/uka/ilkd/key/java/JavaRedux/java/io/InputStream.java, Keeping one from URL:file:/home/runner/work/key/key/key.core/build/resources/main/de/uka/ilkd/key/java/JavaRedux/java/io/InputStream.java 
616081     WARN  main            d.u.i.k.j.r.KeYCrossReferenceNameInfo Datatype java.lang.System declared twice: Once in FILE:/home/runner/work/key/key/key.core/../key.ui/examples/standard_key/java_dl/classpath/System.java and once in URL:file:/home/runner/work/key/key/key.core/build/resources/main/de/uka/ilkd/key/java/JavaRedux/java/lang/System.java, Keeping one from URL:file:/home/runner/work/key/key/key.core/build/resources/main/de/uka/ilkd/key/java/JavaRedux/java/lang/System.java 
616081     WARN  main            d.u.i.k.j.r.KeYCrossReferenceNameInfo Datatype java.io.PrintStream declared twice: Once in FILE:/home/runner/work/key/key/key.core/../key.ui/examples/standard_key/java_dl/classpath/PrintStream.java and once in URL:file:/home/runner/work/key/key/key.core/build/resources/main/de/uka/ilkd/key/java/JavaRedux/java/io/PrintStream.java, Keeping one from URL:file:/home/runner/work/key/key/key.core/build/resources/main/de/uka/ilkd/key/java/JavaRedux/java/io/PrintStream.java 
616084     DEBUG main            d.u.i.k.j.r.ClassFileDeclarationBuilder Parsing: package java.io; public class Closeable { } 
616084     DEBUG main            r.s.KeYCrossReferenceSourceInfo Dynamically created class: java.io.Closeable 
618514     DEBUG main            d.u.i.k.p.i.AbstractProblemLoader Init config took 2.46s 
618527     INFO  main            d.u.i.k.p.i.AbstractProblemLoader Replaying proof testcontext.key.proof 
618594     DEBUG main            d.u.i.k.p.i.IntermediateProofReplayer Proof replay took 63.88ms 
618595     DEBUG main            d.u.i.k.p.r.p.TestFile    ... success: reloaded. 
618596     INFO  main            d.u.i.k.p.r.p.TestFile    Now processing file /home/runner/work/key/key/key.core/../key.ui/examples/standard_key/staticInitialisation/cascadeStaticInitialisation.key 
618597     INFO  main            d.u.i.k.p.i.AbstractProblemLoader Loading environment from /home/runner/work/key/key/key.core/../key.ui/examples/standard_key/staticInitialisation/cascadeStaticInitialisation.key 
618597     DEBUG main            d.u.i.k.p.i.AbstractProblemLoader Environment load took 91.9ns 
618599     INFO  main            d.u.i.k.p.i.AbstractProblemLoader Creating init config 
618623     WARN  main            d.u.i.k.j.r.KeYCrossReferenceNameInfo Datatype java.lang.System declared twice: Once in FILE:/home/runner/work/key/key/key.core/../key.ui/examples/standard_key/staticInitialisation/classpath/System.java and once in URL:file:/home/runner/work/key/key/key.core/build/resources/main/de/uka/ilkd/key/java/JavaRedux/java/lang/System.java, Keeping one from URL:file:/home/runner/work/key/key/key.core/build/resources/main/de/uka/ilkd/key/java/JavaRedux/java/lang/System.java 
618623     WARN  main            d.u.i.k.j.r.KeYCrossReferenceNameInfo Datatype java.io.PrintStream declared twice: Once in FILE:/home/runner/work/key/key/key.core/../key.ui/examples/standard_key/staticInitialisation/classpath/PrintStream.java and once in URL:file:/home/runner/work/key/key/key.core/build/resources/main/de/uka/ilkd/key/java/JavaRedux/java/io/PrintStream.java, Keeping one from URL:file:/home/runner/work/key/key/key.core/build/resources/main/de/uka/ilkd/key/java/JavaRedux/java/io/PrintStream.java 
621143     DEBUG main            d.u.i.k.p.i.AbstractProblemLoader Init config took 2.54s 
621157     INFO  main            d.u.i.k.p.i.AbstractProblemLoader Replaying proof cascadeStaticInitialisation.key 
621158     DEBUG main            d.u.i.k.p.i.IntermediateProofReplayer Proof replay took 3.1ns 
621863     INFO  main            d.u.i.k.p.r.p.TestFile    ... finished proof: closed. 
622486     INFO  main            d.u.i.k.p.i.AbstractProblemLoader Loading environment from /home/runner/work/key/key/key.core/../key.ui/examples/standard_key/staticInitialisation/cascadeStaticInitialisation.key.proof 
622486     DEBUG main            d.u.i.k.p.i.AbstractProblemLoader Environment load took 90.9ns 
622488     INFO  main            d.u.i.k.p.i.AbstractProblemLoader Creating init config 
622509     WARN  main            d.u.i.k.j.r.KeYCrossReferenceNameInfo Datatype java.lang.System declared twice: Once in FILE:/home/runner/work/key/key/key.core/../key.ui/examples/standard_key/staticInitialisation/classpath/System.java and once in URL:file:/home/runner/work/key/key/key.core/build/resources/main/de/uka/ilkd/key/java/JavaRedux/java/lang/System.java, Keeping one from URL:file:/home/runner/work/key/key/key.core/build/resources/main/de/uka/ilkd/key/java/JavaRedux/java/lang/System.java 
622509     WARN  main            d.u.i.k.j.r.KeYCrossReferenceNameInfo Datatype java.io.PrintStream declared twice: Once in FILE:/home/runner/work/key/key/key.core/../key.ui/examples/standard_key/staticInitialisation/classpath/PrintStream.java and once in URL:file:/home/runner/work/key/key/key.core/build/resources/main/de/uka/ilkd/key/java/JavaRedux/java/io/PrintStream.java, Keeping one from URL:file:/home/runner/work/key/key/key.core/build/resources/main/de/uka/ilkd/key/java/JavaRedux/java/io/PrintStream.java 
624980     DEBUG main            d.u.i.k.p.i.AbstractProblemLoader Init config took 2.49s 
624993     INFO  main            d.u.i.k.p.i.AbstractProblemLoader Replaying proof cascadeStaticInitialisation.key.proof 
625158     DEBUG main            d.u.i.k.p.i.IntermediateProofReplayer Proof replay took 162.39ms 
625160     DEBUG main            d.u.i.k.p.r.p.TestFile    ... success: reloaded. 
625161     INFO  main            d.u.i.k.p.r.p.TestFile    Now processing file /home/runner/work/key/key/key.core/../key.ui/examples/standard_key/staticInitialisation/erroneousClassImpliesErroneousSubclass.key 
625161     INFO  main            d.u.i.k.p.i.AbstractProblemLoader Loading environment from /home/runner/work/key/key/key.core/../key.ui/examples/standard_key/staticInitialisation/erroneousClassImpliesErroneousSubclass.key 
625161     DEBUG main            d.u.i.k.p.i.AbstractProblemLoader Environment load took 103.2ns 
625162     INFO  main            d.u.i.k.p.i.AbstractProblemLoader Creating init config 
625183     WARN  main            d.u.i.k.j.r.KeYCrossReferenceNameInfo Datatype java.lang.System declared twice: Once in FILE:/home/runner/work/key/key/key.core/../key.ui/examples/standard_key/staticInitialisation/classpath/System.java and once in URL:file:/home/runner/work/key/key/key.core/build/resources/main/de/uka/ilkd/key/java/JavaRedux/java/lang/System.java, Keeping one from URL:file:/home/runner/work/key/key/key.core/build/resources/main/de/uka/ilkd/key/java/JavaRedux/java/lang/System.java 
625183     WARN  main            d.u.i.k.j.r.KeYCrossReferenceNameInfo Datatype java.io.PrintStream declared twice: Once in FILE:/home/runner/work/key/key/key.core/../key.ui/examples/standard_key/staticInitialisation/classpath/PrintStream.java and once in URL:file:/home/runner/work/key/key/key.core/build/resources/main/de/uka/ilkd/key/java/JavaRedux/java/io/PrintStream.java, Keeping one from URL:file:/home/runner/work/key/key/key.core/build/resources/main/de/uka/ilkd/key/java/JavaRedux/java/io/PrintStream.java 
627665     DEBUG main            d.u.i.k.p.i.AbstractProblemLoader Init config took 2.5s 
627678     INFO  main            d.u.i.k.p.i.AbstractProblemLoader Replaying proof erroneousClassImpliesErroneousSubclass.key 
627679     DEBUG main            d.u.i.k.p.i.IntermediateProofReplayer Proof replay took 3ns 
627781     INFO  main            d.u.i.k.p.r.p.TestFile    ... finished proof: closed. 
628387     INFO  main            d.u.i.k.p.i.AbstractProblemLoader Loading environment from /home/runner/work/key/key/key.core/../key.ui/examples/standard_key/staticInitialisation/erroneousClassImpliesErroneousSubclass.key.proof 
628387     DEBUG main            d.u.i.k.p.i.AbstractProblemLoader Environment load took 78.7ns 
628389     INFO  main            d.u.i.k.p.i.AbstractProblemLoader Creating init config 
628410     WARN  main            d.u.i.k.j.r.KeYCrossReferenceNameInfo Datatype java.lang.System declared twice: Once in FILE:/home/runner/work/key/key/key.core/../key.ui/examples/standard_key/staticInitialisation/classpath/System.java and once in URL:file:/home/runner/work/key/key/key.core/build/resources/main/de/uka/ilkd/key/java/JavaRedux/java/lang/System.java, Keeping one from URL:file:/home/runner/work/key/key/key.core/build/resources/main/de/uka/ilkd/key/java/JavaRedux/java/lang/System.java 
628410     WARN  main            d.u.i.k.j.r.KeYCrossReferenceNameInfo Datatype java.io.PrintStream declared twice: Once in FILE:/home/runner/work/key/key/key.core/../key.ui/examples/standard_key/staticInitialisation/classpath/PrintStream.java and once in URL:file:/home/runner/work/key/key/key.core/build/resources/main/de/uka/ilkd/key/java/JavaRedux/java/io/PrintStream.java, Keeping one from URL:file:/home/runner/work/key/key/key.core/build/resources/main/de/uka/ilkd/key/java/JavaRedux/java/io/PrintStream.java 
630854     DEBUG main            d.u.i.k.p.i.AbstractProblemLoader Init config took 2.47s 
630867     INFO  main            d.u.i.k.p.i.AbstractProblemLoader Replaying proof erroneousClassImpliesErroneousSubclass.key.proof 
630869     DEBUG main            d.u.i.k.p.i.IntermediateProofReplayer Proof replay took 1.15ms 
630870     DEBUG main            d.u.i.k.p.r.p.TestFile    ... success: reloaded. 
630871     INFO  main            d.u.i.k.p.r.p.TestFile    Now processing file /home/runner/work/key/key/key.core/../key.ui/examples/standard_key/staticInitialisation/initializedSubclassImpliesInitializedSuperclass.key 
630871     INFO  main            d.u.i.k.p.i.AbstractProblemLoader Loading environment from /home/runner/work/key/key/key.core/../key.ui/examples/standard_key/staticInitialisation/initializedSubclassImpliesInitializedSuperclass.key 
630871     DEBUG main            d.u.i.k.p.i.AbstractProblemLoader Environment load took 73ns 
630872     INFO  main            d.u.i.k.p.i.AbstractProblemLoader Creating init config 
630893     WARN  main            d.u.i.k.j.r.KeYCrossReferenceNameInfo Datatype java.lang.System declared twice: Once in FILE:/home/runner/work/key/key/key.core/../key.ui/examples/standard_key/staticInitialisation/classpath/System.java and once in URL:file:/home/runner/work/key/key/key.core/build/resources/main/de/uka/ilkd/key/java/JavaRedux/java/lang/System.java, Keeping one from URL:file:/home/runner/work/key/key/key.core/build/resources/main/de/uka/ilkd/key/java/JavaRedux/java/lang/System.java 
630893     WARN  main            d.u.i.k.j.r.KeYCrossReferenceNameInfo Datatype java.io.PrintStream declared twice: Once in FILE:/home/runner/work/key/key/key.core/../key.ui/examples/standard_key/staticInitialisation/classpath/PrintStream.java and once in URL:file:/home/runner/work/key/key/key.core/build/resources/main/de/uka/ilkd/key/java/JavaRedux/java/io/PrintStream.java, Keeping one from URL:file:/home/runner/work/key/key/key.core/build/resources/main/de/uka/ilkd/key/java/JavaRedux/java/io/PrintStream.java 
633380     DEBUG main            d.u.i.k.p.i.AbstractProblemLoader Init config took 2.51s 
633393     INFO  main            d.u.i.k.p.i.AbstractProblemLoader Replaying proof initializedSubclassImpliesInitializedSuperclass.key 
633394     DEBUG main            d.u.i.k.p.i.IntermediateProofReplayer Proof replay took 3.4ns 
633495     INFO  main            d.u.i.k.p.r.p.TestFile    ... finished proof: closed. 
634073     INFO  main            d.u.i.k.p.i.AbstractProblemLoader Loading environment from /home/runner/work/key/key/key.core/../key.ui/examples/standard_key/staticInitialisation/initializedSubclassImpliesInitializedSuperclass.key.proof 
634073     DEBUG main            d.u.i.k.p.i.AbstractProblemLoader Environment load took 80.2ns 
634074     INFO  main            d.u.i.k.p.i.AbstractProblemLoader Creating init config 
634101     WARN  main            d.u.i.k.j.r.KeYCrossReferenceNameInfo Datatype java.lang.System declared twice: Once in FILE:/home/runner/work/key/key/key.core/../key.ui/examples/standard_key/staticInitialisation/classpath/System.java and once in URL:file:/home/runner/work/key/key/key.core/build/resources/main/de/uka/ilkd/key/java/JavaRedux/java/lang/System.java, Keeping one from URL:file:/home/runner/work/key/key/key.core/build/resources/main/de/uka/ilkd/key/java/JavaRedux/java/lang/System.java 
634101     WARN  main            d.u.i.k.j.r.KeYCrossReferenceNameInfo Datatype java.io.PrintStream declared twice: Once in FILE:/home/runner/work/key/key/key.core/../key.ui/examples/standard_key/staticInitialisation/classpath/PrintStream.java and once in URL:file:/home/runner/work/key/key/key.core/build/resources/main/de/uka/ilkd/key/java/JavaRedux/java/io/PrintStream.java, Keeping one from URL:file:/home/runner/work/key/key/key.core/build/resources/main/de/uka/ilkd/key/java/JavaRedux/java/io/PrintStream.java 
636528     DEBUG main            d.u.i.k.p.i.AbstractProblemLoader Init config took 2.45s 
636541     INFO  main            d.u.i.k.p.i.AbstractProblemLoader Replaying proof initializedSubclassImpliesInitializedSuperclass.key.proof 
636543     DEBUG main            d.u.i.k.p.i.IntermediateProofReplayer Proof replay took 478.1ns 
636544     DEBUG main            d.u.i.k.p.r.p.TestFile    ... success: reloaded. 
636545     INFO  main            d.u.i.k.p.r.p.TestFile    Now processing file /home/runner/work/key/key/key.core/../key.ui/examples/standard_key/staticInitialisation/localDeclared.key 
636545     INFO  main            d.u.i.k.p.i.AbstractProblemLoader Loading environment from /home/runner/work/key/key/key.core/../key.ui/examples/standard_key/staticInitialisation/localDeclared.key 
636545     DEBUG main            d.u.i.k.p.i.AbstractProblemLoader Environment load took 77ns 
636547     INFO  main            d.u.i.k.p.i.AbstractProblemLoader Creating init config 
636577     WARN  main            d.u.i.k.j.r.KeYCrossReferenceNameInfo Datatype java.lang.System declared twice: Once in FILE:/home/runner/work/key/key/key.core/../key.ui/examples/standard_key/staticInitialisation/classpath/System.java and once in URL:file:/home/runner/work/key/key/key.core/build/resources/main/de/uka/ilkd/key/java/JavaRedux/java/lang/System.java, Keeping one from URL:file:/home/runner/work/key/key/key.core/build/resources/main/de/uka/ilkd/key/java/JavaRedux/java/lang/System.java 
636577     WARN  main            d.u.i.k.j.r.KeYCrossReferenceNameInfo Datatype java.io.PrintStream declared twice: Once in FILE:/home/runner/work/key/key/key.core/../key.ui/examples/standard_key/staticInitialisation/classpath/PrintStream.java and once in URL:file:/home/runner/work/key/key/key.core/build/resources/main/de/uka/ilkd/key/java/JavaRedux/java/io/PrintStream.java, Keeping one from URL:file:/home/runner/work/key/key/key.core/build/resources/main/de/uka/ilkd/key/java/JavaRedux/java/io/PrintStream.java 
639061     DEBUG main            d.u.i.k.p.i.AbstractProblemLoader Init config took 2.51s 
639074     INFO  main            d.u.i.k.p.i.AbstractProblemLoader Replaying proof localDeclared.key 
639076     DEBUG main            d.u.i.k.p.i.IntermediateProofReplayer Proof replay took 2.9ns 
639379     INFO  main            d.u.i.k.p.r.p.TestFile    ... finished proof: closed. 
639970     INFO  main            d.u.i.k.p.i.AbstractProblemLoader Loading environment from /home/runner/work/key/key/key.core/../key.ui/examples/standard_key/staticInitialisation/localDeclared.key.proof 
639971     DEBUG main            d.u.i.k.p.i.AbstractProblemLoader Environment load took 89.9ns 
639972     INFO  main            d.u.i.k.p.i.AbstractProblemLoader Creating init config 
639996     WARN  main            d.u.i.k.j.r.KeYCrossReferenceNameInfo Datatype java.lang.System declared twice: Once in FILE:/home/runner/work/key/key/key.core/../key.ui/examples/standard_key/staticInitialisation/classpath/System.java and once in URL:file:/home/runner/work/key/key/key.core/build/resources/main/de/uka/ilkd/key/java/JavaRedux/java/lang/System.java, Keeping one from URL:file:/home/runner/work/key/key/key.core/build/resources/main/de/uka/ilkd/key/java/JavaRedux/java/lang/System.java 
639996     WARN  main            d.u.i.k.j.r.KeYCrossReferenceNameInfo Datatype java.io.PrintStream declared twice: Once in FILE:/home/runner/work/key/key/key.core/../key.ui/examples/standard_key/staticInitialisation/classpath/PrintStream.java and once in URL:file:/home/runner/work/key/key/key.core/build/resources/main/de/uka/ilkd/key/java/JavaRedux/java/io/PrintStream.java, Keeping one from URL:file:/home/runner/work/key/key/key.core/build/resources/main/de/uka/ilkd/key/java/JavaRedux/java/io/PrintStream.java 
642509     DEBUG main            d.u.i.k.p.i.AbstractProblemLoader Init config took 2.54s 
642522     INFO  main            d.u.i.k.p.i.AbstractProblemLoader Replaying proof localDeclared.key.proof 
642586     DEBUG main            d.u.i.k.p.i.IntermediateProofReplayer Proof replay took 62.2ms 
642588     DEBUG main            d.u.i.k.p.r.p.TestFile    ... success: reloaded. 
642588     INFO  main            d.u.i.k.p.r.p.TestFile    Now processing file /home/runner/work/key/key/key.core/../key.ui/examples/standard_key/staticInitialisation/localDeclaredMethod.key 
642588     INFO  main            d.u.i.k.p.i.AbstractProblemLoader Loading environment from /home/runner/work/key/key/key.core/../key.ui/examples/standard_key/staticInitialisation/localDeclaredMethod.key 
642589     DEBUG main            d.u.i.k.p.i.AbstractProblemLoader Environment load took 80.2ns 
642590     INFO  main            d.u.i.k.p.i.AbstractProblemLoader Creating init config 
642611     WARN  main            d.u.i.k.j.r.KeYCrossReferenceNameInfo Datatype java.lang.System declared twice: Once in FILE:/home/runner/work/key/key/key.core/../key.ui/examples/standard_key/staticInitialisation/classpath/System.java and once in URL:file:/home/runner/work/key/key/key.core/build/resources/main/de/uka/ilkd/key/java/JavaRedux/java/lang/System.java, Keeping one from URL:file:/home/runner/work/key/key/key.core/build/resources/main/de/uka/ilkd/key/java/JavaRedux/java/lang/System.java 
642611     WARN  main            d.u.i.k.j.r.KeYCrossReferenceNameInfo Datatype java.io.PrintStream declared twice: Once in FILE:/home/runner/work/key/key/key.core/../key.ui/examples/standard_key/staticInitialisation/classpath/PrintStream.java and once in URL:file:/home/runner/work/key/key/key.core/build/resources/main/de/uka/ilkd/key/java/JavaRedux/java/io/PrintStream.java, Keeping one from URL:file:/home/runner/work/key/key/key.core/build/resources/main/de/uka/ilkd/key/java/JavaRedux/java/io/PrintStream.java 
645041     DEBUG main            d.u.i.k.p.i.AbstractProblemLoader Init config took 2.45s 
645056     INFO  main            d.u.i.k.p.i.AbstractProblemLoader Replaying proof localDeclaredMethod.key 
645057     DEBUG main            d.u.i.k.p.i.IntermediateProofReplayer Proof replay took 2.9ns 
645359     INFO  main            d.u.i.k.p.r.p.TestFile    ... finished proof: closed. 
645944     INFO  main            d.u.i.k.p.i.AbstractProblemLoader Loading environment from /home/runner/work/key/key/key.core/../key.ui/examples/standard_key/staticInitialisation/localDeclaredMethod.key.proof 
645944     DEBUG main            d.u.i.k.p.i.AbstractProblemLoader Environment load took 83.3ns 
645945     INFO  main            d.u.i.k.p.i.AbstractProblemLoader Creating init config 
645966     WARN  main            d.u.i.k.j.r.KeYCrossReferenceNameInfo Datatype java.lang.System declared twice: Once in FILE:/home/runner/work/key/key/key.core/../key.ui/examples/standard_key/staticInitialisation/classpath/System.java and once in URL:file:/home/runner/work/key/key/key.core/build/resources/main/de/uka/ilkd/key/java/JavaRedux/java/lang/System.java, Keeping one from URL:file:/home/runner/work/key/key/key.core/build/resources/main/de/uka/ilkd/key/java/JavaRedux/java/lang/System.java 
645966     WARN  main            d.u.i.k.j.r.KeYCrossReferenceNameInfo Datatype java.io.PrintStream declared twice: Once in FILE:/home/runner/work/key/key/key.core/../key.ui/examples/standard_key/staticInitialisation/classpath/PrintStream.java and once in URL:file:/home/runner/work/key/key/key.core/build/resources/main/de/uka/ilkd/key/java/JavaRedux/java/io/PrintStream.java, Keeping one from URL:file:/home/runner/work/key/key/key.core/build/resources/main/de/uka/ilkd/key/java/JavaRedux/java/io/PrintStream.java 
648389     DEBUG main            d.u.i.k.p.i.AbstractProblemLoader Init config took 2.44s 
648404     INFO  main            d.u.i.k.p.i.AbstractProblemLoader Replaying proof localDeclaredMethod.key.proof 
648465     DEBUG main            d.u.i.k.p.i.IntermediateProofReplayer Proof replay took 59.91ms 
648467     DEBUG main            d.u.i.k.p.r.p.TestFile    ... success: reloaded. 
648467     INFO  main            d.u.i.k.p.r.p.TestFile    Now processing file /home/runner/work/key/key/key.core/../key.ui/examples/standard_key/staticInitialisation/objectOfErroneousClass.key 
648468     INFO  main            d.u.i.k.p.i.AbstractProblemLoader Loading environment from /home/runner/work/key/key/key.core/../key.ui/examples/standard_key/staticInitialisation/objectOfErroneousClass.key 
648468     DEBUG main            d.u.i.k.p.i.AbstractProblemLoader Environment load took 85.3ns 
648469     INFO  main            d.u.i.k.p.i.AbstractProblemLoader Creating init config 
648490     WARN  main            d.u.i.k.j.r.KeYCrossReferenceNameInfo Datatype java.lang.System declared twice: Once in FILE:/home/runner/work/key/key/key.core/../key.ui/examples/standard_key/staticInitialisation/classpath/System.java and once in URL:file:/home/runner/work/key/key/key.core/build/resources/main/de/uka/ilkd/key/java/JavaRedux/java/lang/System.java, Keeping one from URL:file:/home/runner/work/key/key/key.core/build/resources/main/de/uka/ilkd/key/java/JavaRedux/java/lang/System.java 
648490     WARN  main            d.u.i.k.j.r.KeYCrossReferenceNameInfo Datatype java.io.PrintStream declared twice: Once in FILE:/home/runner/work/key/key/key.core/../key.ui/examples/standard_key/staticInitialisation/classpath/PrintStream.java and once in URL:file:/home/runner/work/key/key/key.core/build/resources/main/de/uka/ilkd/key/java/JavaRedux/java/io/PrintStream.java, Keeping one from URL:file:/home/runner/work/key/key/key.core/build/resources/main/de/uka/ilkd/key/java/JavaRedux/java/io/PrintStream.java 
650923     DEBUG main            d.u.i.k.p.i.AbstractProblemLoader Init config took 2.45s 
650939     INFO  main            d.u.i.k.p.i.AbstractProblemLoader Replaying proof objectOfErroneousClass.key 
650944     DEBUG main            d.u.i.k.p.i.IntermediateProofReplayer Proof replay took 3.9ns 
665126     INFO  main            d.u.i.k.p.r.p.TestFile    ... finished proof: closed. 
665816     INFO  main            d.u.i.k.p.i.AbstractProblemLoader Loading environment from /home/runner/work/key/key/key.core/../key.ui/examples/standard_key/staticInitialisation/objectOfErroneousClass.key.proof 
665816     DEBUG main            d.u.i.k.p.i.AbstractProblemLoader Environment load took 86.8ns 
665819     INFO  main            d.u.i.k.p.i.AbstractProblemLoader Creating init config 
665840     WARN  main            d.u.i.k.j.r.KeYCrossReferenceNameInfo Datatype java.lang.System declared twice: Once in FILE:/home/runner/work/key/key/key.core/../key.ui/examples/standard_key/staticInitialisation/classpath/System.java and once in URL:file:/home/runner/work/key/key/key.core/build/resources/main/de/uka/ilkd/key/java/JavaRedux/java/lang/System.java, Keeping one from URL:file:/home/runner/work/key/key/key.core/build/resources/main/de/uka/ilkd/key/java/JavaRedux/java/lang/System.java 
665841     WARN  main            d.u.i.k.j.r.KeYCrossReferenceNameInfo Datatype java.io.PrintStream declared twice: Once in FILE:/home/runner/work/key/key/key.core/../key.ui/examples/standard_key/staticInitialisation/classpath/PrintStream.java and once in URL:file:/home/runner/work/key/key/key.core/build/resources/main/de/uka/ilkd/key/java/JavaRedux/java/io/PrintStream.java, Keeping one from URL:file:/home/runner/work/key/key/key.core/build/resources/main/de/uka/ilkd/key/java/JavaRedux/java/io/PrintStream.java 
668225     DEBUG main            d.u.i.k.p.i.AbstractProblemLoader Init config took 2.41s 
668240     INFO  main            d.u.i.k.p.i.AbstractProblemLoader Replaying proof objectOfErroneousClass.key.proof 
670560     DEBUG main            d.u.i.k.p.i.IntermediateProofReplayer Proof replay took 2.29s 
670565     DEBUG main            d.u.i.k.p.r.p.TestFile    ... success: reloaded. 
670566     INFO  main            d.u.i.k.p.r.p.TestFile    Now processing file /home/runner/work/key/key/key.core/../key.ui/examples/standard_key/staticInitialisation/staticInitialisersAreNonSimple.key 
670567     INFO  main            d.u.i.k.p.i.AbstractProblemLoader Loading environment from /home/runner/work/key/key/key.core/../key.ui/examples/standard_key/staticInitialisation/staticInitialisersAreNonSimple.key 
670567     DEBUG main            d.u.i.k.p.i.AbstractProblemLoader Environment load took 169.2ns 
670569     INFO  main            d.u.i.k.p.i.AbstractProblemLoader Creating init config 
670590     WARN  main            d.u.i.k.j.r.KeYCrossReferenceNameInfo Datatype java.lang.System declared twice: Once in FILE:/home/runner/work/key/key/key.core/../key.ui/examples/standard_key/staticInitialisation/classpath/System.java and once in URL:file:/home/runner/work/key/key/key.core/build/resources/main/de/uka/ilkd/key/java/JavaRedux/java/lang/System.java, Keeping one from URL:file:/home/runner/work/key/key/key.core/build/resources/main/de/uka/ilkd/key/java/JavaRedux/java/lang/System.java 
670590     WARN  main            d.u.i.k.j.r.KeYCrossReferenceNameInfo Datatype java.io.PrintStream declared twice: Once in FILE:/home/runner/work/key/key/key.core/../key.ui/examples/standard_key/staticInitialisation/classpath/PrintStream.java and once in URL:file:/home/runner/work/key/key/key.core/build/resources/main/de/uka/ilkd/key/java/JavaRedux/java/io/PrintStream.java, Keeping one from URL:file:/home/runner/work/key/key/key.core/build/resources/main/de/uka/ilkd/key/java/JavaRedux/java/io/PrintStream.java 
673092     DEBUG main            d.u.i.k.p.i.AbstractProblemLoader Init config took 2.52s 
673107     INFO  main            d.u.i.k.p.i.AbstractProblemLoader Replaying proof staticInitialisersAreNonSimple.key 
673108     DEBUG main            d.u.i.k.p.i.IntermediateProofReplayer Proof replay took 3.4ns 
673529     INFO  main            d.u.i.k.p.r.p.TestFile    ... finished proof: closed. 
674190     INFO  main            d.u.i.k.p.i.AbstractProblemLoader Loading environment from /home/runner/work/key/key/key.core/../key.ui/examples/standard_key/staticInitialisation/staticInitialisersAreNonSimple.key.proof 
674190     DEBUG main            d.u.i.k.p.i.AbstractProblemLoader Environment load took 82.7ns 
674192     INFO  main            d.u.i.k.p.i.AbstractProblemLoader Creating init config 
674216     WARN  main            d.u.i.k.j.r.KeYCrossReferenceNameInfo Datatype java.lang.System declared twice: Once in FILE:/home/runner/work/key/key/key.core/../key.ui/examples/standard_key/staticInitialisation/classpath/System.java and once in URL:file:/home/runner/work/key/key/key.core/build/resources/main/de/uka/ilkd/key/java/JavaRedux/java/lang/System.java, Keeping one from URL:file:/home/runner/work/key/key/key.core/build/resources/main/de/uka/ilkd/key/java/JavaRedux/java/lang/System.java 
674216     WARN  main            d.u.i.k.j.r.KeYCrossReferenceNameInfo Datatype java.io.PrintStream declared twice: Once in FILE:/home/runner/work/key/key/key.core/../key.ui/examples/standard_key/staticInitialisation/classpath/PrintStream.java and once in URL:file:/home/runner/work/key/key/key.core/build/resources/main/de/uka/ilkd/key/java/JavaRedux/java/io/PrintStream.java, Keeping one from URL:file:/home/runner/work/key/key/key.core/build/resources/main/de/uka/ilkd/key/java/JavaRedux/java/io/PrintStream.java 
676625     DEBUG main            d.u.i.k.p.i.AbstractProblemLoader Init config took 2.43s 
676638     INFO  main            d.u.i.k.p.i.AbstractProblemLoader Replaying proof staticInitialisersAreNonSimple.key.proof 
676728     DEBUG main            d.u.i.k.p.i.IntermediateProofReplayer Proof replay took 87.57ms 
676732     DEBUG main            d.u.i.k.p.r.p.TestFile    ... success: reloaded. 
676733     INFO  main            d.u.i.k.p.r.p.TestFile    Now processing file /home/runner/work/key/key/key.core/../key.ui/examples/standard_key/types/disjoint.key 
676733     INFO  main            d.u.i.k.p.i.AbstractProblemLoader Loading environment from /home/runner/work/key/key/key.core/../key.ui/examples/standard_key/types/disjoint.key 
676733     DEBUG main            d.u.i.k.p.i.AbstractProblemLoader Environment load took 103.2ns 
676734     INFO  main            d.u.i.k.p.i.AbstractProblemLoader Creating init config 
679109     DEBUG main            d.u.i.k.p.i.AbstractProblemLoader Init config took 2.37s 
679121     INFO  main            d.u.i.k.p.i.AbstractProblemLoader Replaying proof disjoint.key 
679122     DEBUG main            d.u.i.k.p.i.IntermediateProofReplayer Proof replay took 3.6ns 
679223     INFO  main            d.u.i.k.p.r.p.TestFile    ... finished proof: closed. 
679840     INFO  main            d.u.i.k.p.i.AbstractProblemLoader Loading environment from /home/runner/work/key/key/key.core/../key.ui/examples/standard_key/types/disjoint.key.proof 
679840     DEBUG main            d.u.i.k.p.i.AbstractProblemLoader Environment load took 97.6ns 
679841     INFO  main            d.u.i.k.p.i.AbstractProblemLoader Creating init config 
682225     DEBUG main            d.u.i.k.p.i.AbstractProblemLoader Init config took 2.38s 
682237     INFO  main            d.u.i.k.p.i.AbstractProblemLoader Replaying proof disjoint.key.proof 
682239     DEBUG main            d.u.i.k.p.i.IntermediateProofReplayer Proof replay took 519.5ns 
682240     DEBUG main            d.u.i.k.p.r.p.TestFile    ... success: reloaded. 
682240     INFO  main            d.u.i.k.p.r.p.TestFile    Now processing file /home/runner/work/key/key/key.core/../key.ui/examples/../../key.core/src/test/resources/testcase/classpath/classpath.key 
682241     INFO  main            d.u.i.k.p.i.AbstractProblemLoader Loading environment from /home/runner/work/key/key/key.core/../key.ui/examples/../../key.core/src/test/resources/testcase/classpath/classpath.key 
682241     DEBUG main            d.u.i.k.p.i.AbstractProblemLoader Environment load took 128.6ns 
682241     INFO  main            d.u.i.k.p.i.AbstractProblemLoader Creating init config 
682270     WARN  main            d.u.i.k.j.r.KeYCrossReferenceNameInfo Datatype cp.C declared twice: Once in FILE:/home/runner/work/key/key/key.core/../key.ui/examples/../../key.core/src/test/resources/testcase/classpath/classpath/C.class and once in FILE:/home/runner/work/key/key/key.core/../key.ui/examples/../../key.core/src/test/resources/testcase/classpath/classpath/C.jml, Keeping one from FILE:/home/runner/work/key/key/key.core/../key.ui/examples/../../key.core/src/test/resources/testcase/classpath/classpath/C.jml 
682272     DEBUG main            d.u.i.k.j.r.ClassFileDeclarationBuilder Parsing: package cp; public class Unresolved1 { } 
682273     DEBUG main            r.s.KeYCrossReferenceSourceInfo Dynamically created class: cp.Unresolved1 
682273     DEBUG main            d.u.i.k.j.r.ClassFileDeclarationBuilder Parsing: package cp; public class Unresolved2 { } 
682273     DEBUG main            r.s.KeYCrossReferenceSourceInfo Dynamically created class: cp.Unresolved2 
684808     DEBUG main            d.u.i.k.p.i.AbstractProblemLoader Init config took 2.57s 
684823     INFO  main            d.u.i.k.p.i.AbstractProblemLoader Replaying proof classpath.key 
684825     DEBUG main            d.u.i.k.p.i.IntermediateProofReplayer Proof replay took 3.4ns 
684929     INFO  main            d.u.i.k.p.r.p.TestFile    ... finished proof: closed. 
685529     INFO  main            d.u.i.k.p.i.AbstractProblemLoader Loading environment from /home/runner/work/key/key/key.core/../key.ui/examples/../../key.core/src/test/resources/testcase/classpath/classpath.key.proof 
685529     DEBUG main            d.u.i.k.p.i.AbstractProblemLoader Environment load took 87.2ns 
685530     INFO  main            d.u.i.k.p.i.AbstractProblemLoader Creating init config 
685558     WARN  main            d.u.i.k.j.r.KeYCrossReferenceNameInfo Datatype cp.C declared twice: Once in FILE:/home/runner/work/key/key/key.core/../key.ui/examples/../../key.core/src/test/resources/testcase/classpath/classpath/C.class and once in FILE:/home/runner/work/key/key/key.core/../key.ui/examples/../../key.core/src/test/resources/testcase/classpath/classpath/C.jml, Keeping one from FILE:/home/runner/work/key/key/key.core/../key.ui/examples/../../key.core/src/test/resources/testcase/classpath/classpath/C.jml 
685561     DEBUG main            d.u.i.k.j.r.ClassFileDeclarationBuilder Parsing: package cp; public class Unresolved1 { } 
685561     DEBUG main            r.s.KeYCrossReferenceSourceInfo Dynamically created class: cp.Unresolved1 
685562     DEBUG main            d.u.i.k.j.r.ClassFileDeclarationBuilder Parsing: package cp; public class Unresolved2 { } 
685562     DEBUG main            r.s.KeYCrossReferenceSourceInfo Dynamically created class: cp.Unresolved2 
688055     DEBUG main            d.u.i.k.p.i.AbstractProblemLoader Init config took 2.53s 
688070     INFO  main            d.u.i.k.p.i.AbstractProblemLoader Replaying proof classpath.key.proof 
688072     DEBUG main            d.u.i.k.p.i.IntermediateProofReplayer Proof replay took 691.8ns 
688073     DEBUG main            d.u.i.k.p.r.p.TestFile    ... success: reloaded. 
688073     INFO  main            d.u.i.k.p.r.p.TestFile    Now processing file /home/runner/work/key/key/key.core/../key.ui/examples/heap/inconsistent_represents/MyClass_m.key 
688074     INFO  main            d.u.i.k.p.i.AbstractProblemLoader Loading environment from /home/runner/work/key/key/key.core/../key.ui/examples/heap/inconsistent_represents/MyClass_m.key 
688074     DEBUG main            d.u.i.k.p.i.AbstractProblemLoader Environment load took 116.3ns 
688075     INFO  main            d.u.i.k.p.i.AbstractProblemLoader Creating init config 
690583     DEBUG main            d.u.i.k.p.i.AbstractProblemLoader Init config took 2.51s 
690620     INFO  main            d.u.i.k.p.i.AbstractProblemLoader Replaying proof MyClass[MyClass::m()].JML operation contract.0 
690621     DEBUG main            d.u.i.k.p.i.IntermediateProofReplayer Proof replay took 3.8ns 
690723     INFO  main            d.u.i.k.p.r.p.TestFile    ... finished proof: open goal(s) 
691334     INFO  main            d.u.i.k.p.r.p.TestFile    Now processing file /home/runner/work/key/key/key.core/../key.ui/examples/heap/inconsistent_represents/MyClass_n.key 
691334     INFO  main            d.u.i.k.p.i.AbstractProblemLoader Loading environment from /home/runner/work/key/key/key.core/../key.ui/examples/heap/inconsistent_represents/MyClass_n.key 
691334     DEBUG main            d.u.i.k.p.i.AbstractProblemLoader Environment load took 57.4ns 
691335     INFO  main            d.u.i.k.p.i.AbstractProblemLoader Creating init config 
693814     DEBUG main            d.u.i.k.p.i.AbstractProblemLoader Init config took 2.48s 
693848     INFO  main            d.u.i.k.p.i.AbstractProblemLoader Replaying proof MyClass[MyClass::n()].JML operation contract.0 
693849     DEBUG main            d.u.i.k.p.i.IntermediateProofReplayer Proof replay took 3.6ns 
693951     INFO  main            d.u.i.k.p.r.p.TestFile    ... finished proof: open goal(s) 
3937059    INFO  Test worker     d.u.i.k.p.r.p.StatisticsFile Returning from test javadl 
3937070    INFO  Test worker     d.u.i.k.p.r.p.StatisticsFile Running test FOL 
434        INFO  Timeout watchdog d.u.i.k.p.r.p.ForkedTestFileRunner Timeout watcher launched (2000 secs.) 
452        WARN  main            d.u.i.k.s.ProofSettings   The settings in /home/runner/.key/proof-settings.props are *not* read. 
481        INFO  main            d.u.i.k.p.r.p.TestFile    Now processing file /home/runner/work/key/key/key.core/../key.ui/examples/standard_key/pred_log/count.key 
630        INFO  main            d.u.i.k.p.i.AbstractProblemLoader Loading environment from /home/runner/work/key/key/key.core/../key.ui/examples/standard_key/pred_log/count.key 
649        DEBUG main            d.u.i.k.p.i.AbstractProblemLoader Environment load took 2.23ms 
906        INFO  main            d.u.i.k.p.i.AbstractProblemLoader Creating init config 
2059       DEBUG main            d.u.i.k.j.TypeConverter   No LDT found for Meta 
2060       DEBUG main            d.u.i.k.j.TypeConverter   No LDT found for Meta 
2064       DEBUG main            d.u.i.k.j.TypeConverter   No LDT found for Meta 
2064       DEBUG main            d.u.i.k.j.TypeConverter   No LDT found for Meta 
3360       DEBUG main            d.u.i.k.j.TypeConverter   No LDT found for JavaBigintExpression 
8631       DEBUG main            d.u.i.k.p.i.AbstractProblemLoader Init config took 7.72s 
8707       INFO  main            d.u.i.k.p.i.AbstractProblemLoader Replaying proof count.key 
8754       DEBUG main            d.u.i.k.p.i.IntermediateProofReplayer Proof replay took 40.1ns 
9016       INFO  main            d.u.i.k.p.r.p.TestFile    ... finished proof: closed. 
9123       INFO  main            d.u.i.k.p.i.AbstractProblemLoader Loading environment from /home/runner/work/key/key/key.core/../key.ui/examples/standard_key/pred_log/count.key.proof 
9124       DEBUG main            d.u.i.k.p.i.AbstractProblemLoader Environment load took 798ns 
9131       INFO  main            d.u.i.k.p.i.AbstractProblemLoader Creating init config 
12142      DEBUG main            d.u.i.k.p.i.AbstractProblemLoader Init config took 3.01s 
12176      INFO  main            d.u.i.k.p.i.AbstractProblemLoader Replaying proof count.key.proof 
12190      DEBUG main            d.u.i.k.p.i.IntermediateProofReplayer Proof replay took 8.79ms 
12203      DEBUG main            d.u.i.k.p.r.p.TestFile    ... success: reloaded. 
12204      INFO  main            d.u.i.k.p.r.p.TestFile    Now processing file /home/runner/work/key/key/key.core/../key.ui/examples/standard_key/pred_log/count2.key 
12204      INFO  main            d.u.i.k.p.i.AbstractProblemLoader Loading environment from /home/runner/work/key/key/key.core/../key.ui/examples/standard_key/pred_log/count2.key 
12205      DEBUG main            d.u.i.k.p.i.AbstractProblemLoader Environment load took 212.4ns 
12206      INFO  main            d.u.i.k.p.i.AbstractProblemLoader Creating init config 
14996      DEBUG main            d.u.i.k.p.i.AbstractProblemLoader Init config took 2.79s 
15026      INFO  main            d.u.i.k.p.i.AbstractProblemLoader Replaying proof count2.key 
15028      DEBUG main            d.u.i.k.p.i.IntermediateProofReplayer Proof replay took 5.6ns 
15130      INFO  main            d.u.i.k.p.r.p.TestFile    ... finished proof: closed. 
15278      INFO  main            d.u.i.k.p.i.AbstractProblemLoader Loading environment from /home/runner/work/key/key/key.core/../key.ui/examples/standard_key/pred_log/count2.key.proof 
15278      DEBUG main            d.u.i.k.p.i.AbstractProblemLoader Environment load took 149.4ns 
15279      INFO  main            d.u.i.k.p.i.AbstractProblemLoader Creating init config 
18066      DEBUG main            d.u.i.k.p.i.AbstractProblemLoader Init config took 2.79s 
18089      INFO  main            d.u.i.k.p.i.AbstractProblemLoader Replaying proof count2.key.proof 
18096      DEBUG main            d.u.i.k.p.i.IntermediateProofReplayer Proof replay took 4.29ms 
18097      DEBUG main            d.u.i.k.p.r.p.TestFile    ... success: reloaded. 
18098      INFO  main            d.u.i.k.p.r.p.TestFile    Now processing file /home/runner/work/key/key/key.core/../key.ui/examples/standard_key/pred_log/count3.key 
18099      INFO  main            d.u.i.k.p.i.AbstractProblemLoader Loading environment from /home/runner/work/key/key/key.core/../key.ui/examples/standard_key/pred_log/count3.key 
18099      DEBUG main            d.u.i.k.p.i.AbstractProblemLoader Environment load took 202.8ns 
18100      INFO  main            d.u.i.k.p.i.AbstractProblemLoader Creating init config 
20861      DEBUG main            d.u.i.k.p.i.AbstractProblemLoader Init config took 2.76s 
20882      INFO  main            d.u.i.k.p.i.AbstractProblemLoader Replaying proof count3.key 
20883      DEBUG main            d.u.i.k.p.i.IntermediateProofReplayer Proof replay took 5.9ns 
20990      INFO  main            d.u.i.k.p.r.p.TestFile    ... finished proof: closed. 
21136      INFO  main            d.u.i.k.p.i.AbstractProblemLoader Loading environment from /home/runner/work/key/key/key.core/../key.ui/examples/standard_key/pred_log/count3.key.proof 
21141      DEBUG main            d.u.i.k.p.i.AbstractProblemLoader Environment load took 4.82ms 
21143      INFO  main            d.u.i.k.p.i.AbstractProblemLoader Creating init config 
23918      DEBUG main            d.u.i.k.p.i.AbstractProblemLoader Init config took 2.78s 
23939      INFO  main            d.u.i.k.p.i.AbstractProblemLoader Replaying proof count3.key.proof 
23945      DEBUG main            d.u.i.k.p.i.IntermediateProofReplayer Proof replay took 4.3ms 
23946      DEBUG main            d.u.i.k.p.r.p.TestFile    ... success: reloaded. 
23947      INFO  main            d.u.i.k.p.r.p.TestFile    Now processing file /home/runner/work/key/key/key.core/../key.ui/examples/standard_key/pred_log/equalities.key 
23948      INFO  main            d.u.i.k.p.i.AbstractProblemLoader Loading environment from /home/runner/work/key/key/key.core/../key.ui/examples/standard_key/pred_log/equalities.key 
23948      DEBUG main            d.u.i.k.p.i.AbstractProblemLoader Environment load took 155.9ns 
23949      INFO  main            d.u.i.k.p.i.AbstractProblemLoader Creating init config 
26608      DEBUG main            d.u.i.k.p.i.AbstractProblemLoader Init config took 2.66s 
26636      INFO  main            d.u.i.k.p.i.AbstractProblemLoader Replaying proof equalities.key 
26638      DEBUG main            d.u.i.k.p.i.IntermediateProofReplayer Proof replay took 7.8ns 
26740      INFO  main            d.u.i.k.p.r.p.TestFile    ... finished proof: closed. 
26884      INFO  main            d.u.i.k.p.i.AbstractProblemLoader Loading environment from /home/runner/work/key/key/key.core/../key.ui/examples/standard_key/pred_log/equalities.key.proof 
26884      DEBUG main            d.u.i.k.p.i.AbstractProblemLoader Environment load took 132.8ns 
26887      INFO  main            d.u.i.k.p.i.AbstractProblemLoader Creating init config 
29583      DEBUG main            d.u.i.k.p.i.AbstractProblemLoader Init config took 2.7s 
29603      INFO  main            d.u.i.k.p.i.AbstractProblemLoader Replaying proof equalities.key.proof 
29607      DEBUG main            d.u.i.k.p.i.IntermediateProofReplayer Proof replay took 1.99ms 
29608      DEBUG main            d.u.i.k.p.r.p.TestFile    ... success: reloaded. 
29609      INFO  main            d.u.i.k.p.r.p.TestFile    Now processing file /home/runner/work/key/key/key.core/../key.ui/examples/standard_key/pred_log/equalities2.key 
29609      INFO  main            d.u.i.k.p.i.AbstractProblemLoader Loading environment from /home/runner/work/key/key/key.core/../key.ui/examples/standard_key/pred_log/equalities2.key 
29609      DEBUG main            d.u.i.k.p.i.AbstractProblemLoader Environment load took 131.9ns 
29610      INFO  main            d.u.i.k.p.i.AbstractProblemLoader Creating init config 
32344      DEBUG main            d.u.i.k.p.i.AbstractProblemLoader Init config took 2.73s 
32363      INFO  main            d.u.i.k.p.i.AbstractProblemLoader Replaying proof equalities2.key 
32365      DEBUG main            d.u.i.k.p.i.IntermediateProofReplayer Proof replay took 7.7ns 
32470      INFO  main            d.u.i.k.p.r.p.TestFile    ... finished proof: closed. 
32626      INFO  main            d.u.i.k.p.i.AbstractProblemLoader Loading environment from /home/runner/work/key/key/key.core/../key.ui/examples/standard_key/pred_log/equalities2.key.proof 
32628      DEBUG main            d.u.i.k.p.i.AbstractProblemLoader Environment load took 146.3ns 
32629      INFO  main            d.u.i.k.p.i.AbstractProblemLoader Creating init config 
35327      DEBUG main            d.u.i.k.p.i.AbstractProblemLoader Init config took 2.7s 
35346      INFO  main            d.u.i.k.p.i.AbstractProblemLoader Replaying proof equalities2.key.proof 
35353      DEBUG main            d.u.i.k.p.i.IntermediateProofReplayer Proof replay took 4.98ms 
35354      DEBUG main            d.u.i.k.p.r.p.TestFile    ... success: reloaded. 
35355      INFO  main            d.u.i.k.p.r.p.TestFile    Now processing file /home/runner/work/key/key/key.core/../key.ui/examples/standard_key/pred_log/equalities3.key 
35356      INFO  main            d.u.i.k.p.i.AbstractProblemLoader Loading environment from /home/runner/work/key/key/key.core/../key.ui/examples/standard_key/pred_log/equalities3.key 
35356      DEBUG main            d.u.i.k.p.i.AbstractProblemLoader Environment load took 195.5ns 
35357      INFO  main            d.u.i.k.p.i.AbstractProblemLoader Creating init config 
38008      DEBUG main            d.u.i.k.p.i.AbstractProblemLoader Init config took 2.65s 
38029      INFO  main            d.u.i.k.p.i.AbstractProblemLoader Replaying proof equalities3.key 
38031      DEBUG main            d.u.i.k.p.i.IntermediateProofReplayer Proof replay took 8.2ns 
38134      INFO  main            d.u.i.k.p.r.p.TestFile    ... finished proof: closed. 
38294      INFO  main            d.u.i.k.p.i.AbstractProblemLoader Loading environment from /home/runner/work/key/key/key.core/../key.ui/examples/standard_key/pred_log/equalities3.key.proof 
38294      DEBUG main            d.u.i.k.p.i.AbstractProblemLoader Environment load took 135.8ns 
38296      INFO  main            d.u.i.k.p.i.AbstractProblemLoader Creating init config 
40899      DEBUG main            d.u.i.k.p.i.AbstractProblemLoader Init config took 2.6s 
40918      INFO  main            d.u.i.k.p.i.AbstractProblemLoader Replaying proof equalities3.key.proof 
40928      DEBUG main            d.u.i.k.p.i.IntermediateProofReplayer Proof replay took 7.75ms 
40929      DEBUG main            d.u.i.k.p.r.p.TestFile    ... success: reloaded. 
40930      INFO  main            d.u.i.k.p.r.p.TestFile    Now processing file /home/runner/work/key/key/key.core/../key.ui/examples/standard_key/pred_log/functions.key 
40930      INFO  main            d.u.i.k.p.i.AbstractProblemLoader Loading environment from /home/runner/work/key/key/key.core/../key.ui/examples/standard_key/pred_log/functions.key 
40930      DEBUG main            d.u.i.k.p.i.AbstractProblemLoader Environment load took 226.2ns 
40932      INFO  main            d.u.i.k.p.i.AbstractProblemLoader Creating init config 
43596      DEBUG main            d.u.i.k.p.i.AbstractProblemLoader Init config took 2.66s 
43614      INFO  main            d.u.i.k.p.i.AbstractProblemLoader Replaying proof functions.key 
43616      DEBUG main            d.u.i.k.p.i.IntermediateProofReplayer Proof replay took 6.7ns 
43719      INFO  main            d.u.i.k.p.r.p.TestFile    ... finished proof: closed. 
43895      INFO  main            d.u.i.k.p.i.AbstractProblemLoader Loading environment from /home/runner/work/key/key/key.core/../key.ui/examples/standard_key/pred_log/functions.key.proof 
43895      DEBUG main            d.u.i.k.p.i.AbstractProblemLoader Environment load took 134ns 
43896      INFO  main            d.u.i.k.p.i.AbstractProblemLoader Creating init config 
46482      DEBUG main            d.u.i.k.p.i.AbstractProblemLoader Init config took 2.59s 
46500      INFO  main            d.u.i.k.p.i.AbstractProblemLoader Replaying proof functions.key.proof 
46506      DEBUG main            d.u.i.k.p.i.IntermediateProofReplayer Proof replay took 3.28ms 
46506      DEBUG main            d.u.i.k.p.r.p.TestFile    ... success: reloaded. 
46507      INFO  main            d.u.i.k.p.r.p.TestFile    Now processing file /home/runner/work/key/key/key.core/../key.ui/examples/standard_key/pred_log/mv1.key 
46508      INFO  main            d.u.i.k.p.i.AbstractProblemLoader Loading environment from /home/runner/work/key/key/key.core/../key.ui/examples/standard_key/pred_log/mv1.key 
46508      DEBUG main            d.u.i.k.p.i.AbstractProblemLoader Environment load took 209ns 
46509      INFO  main            d.u.i.k.p.i.AbstractProblemLoader Creating init config 
49199      DEBUG main            d.u.i.k.p.i.AbstractProblemLoader Init config took 2.69s 
49219      INFO  main            d.u.i.k.p.i.AbstractProblemLoader Replaying proof mv1.key 
49220      DEBUG main            d.u.i.k.p.i.IntermediateProofReplayer Proof replay took 7.8ns 
49327      INFO  main            d.u.i.k.p.r.p.TestFile    ... finished proof: closed. 
49528      INFO  main            d.u.i.k.p.i.AbstractProblemLoader Loading environment from /home/runner/work/key/key/key.core/../key.ui/examples/standard_key/pred_log/mv1.key.proof 
49528      DEBUG main            d.u.i.k.p.i.AbstractProblemLoader Environment load took 137.6ns 
49531      INFO  main            d.u.i.k.p.i.AbstractProblemLoader Creating init config 
52124      DEBUG main            d.u.i.k.p.i.AbstractProblemLoader Init config took 2.59s 
52142      INFO  main            d.u.i.k.p.i.AbstractProblemLoader Replaying proof mv1.key.proof 
52145      DEBUG main            d.u.i.k.p.i.IntermediateProofReplayer Proof replay took 1.28ms 
52146      DEBUG main            d.u.i.k.p.r.p.TestFile    ... success: reloaded. 
52147      INFO  main            d.u.i.k.p.r.p.TestFile    Now processing file /home/runner/work/key/key/key.core/../key.ui/examples/standard_key/pred_log/mv2.key 
52148      INFO  main            d.u.i.k.p.i.AbstractProblemLoader Loading environment from /home/runner/work/key/key/key.core/../key.ui/examples/standard_key/pred_log/mv2.key 
52148      DEBUG main            d.u.i.k.p.i.AbstractProblemLoader Environment load took 220.6ns 
52149      INFO  main            d.u.i.k.p.i.AbstractProblemLoader Creating init config 
54768      DEBUG main            d.u.i.k.p.i.AbstractProblemLoader Init config took 2.62s 
54784      INFO  main            d.u.i.k.p.i.AbstractProblemLoader Replaying proof mv2.key 
54785      DEBUG main            d.u.i.k.p.i.IntermediateProofReplayer Proof replay took 6.7ns 
54888      INFO  main            d.u.i.k.p.r.p.TestFile    ... finished proof: closed. 
55121      INFO  main            d.u.i.k.p.i.AbstractProblemLoader Loading environment from /home/runner/work/key/key/key.core/../key.ui/examples/standard_key/pred_log/mv2.key.proof 
55121      DEBUG main            d.u.i.k.p.i.AbstractProblemLoader Environment load took 133.4ns 
55122      INFO  main            d.u.i.k.p.i.AbstractProblemLoader Creating init config 
57704      DEBUG main            d.u.i.k.p.i.AbstractProblemLoader Init config took 2.58s 
57719      INFO  main            d.u.i.k.p.i.AbstractProblemLoader Replaying proof mv2.key.proof 
57723      DEBUG main            d.u.i.k.p.i.IntermediateProofReplayer Proof replay took 1.65ms 
57723      DEBUG main            d.u.i.k.p.r.p.TestFile    ... success: reloaded. 
57724      INFO  main            d.u.i.k.p.r.p.TestFile    Now processing file /home/runner/work/key/key/key.core/../key.ui/examples/standard_key/pred_log/quantifiers.key 
57724      INFO  main            d.u.i.k.p.i.AbstractProblemLoader Loading environment from /home/runner/work/key/key/key.core/../key.ui/examples/standard_key/pred_log/quantifiers.key 
57724      DEBUG main            d.u.i.k.p.i.AbstractProblemLoader Environment load took 113.1ns 
57725      INFO  main            d.u.i.k.p.i.AbstractProblemLoader Creating init config 
60366      DEBUG main            d.u.i.k.p.i.AbstractProblemLoader Init config took 2.64s 
60383      INFO  main            d.u.i.k.p.i.AbstractProblemLoader Replaying proof quantifiers.key 
60384      DEBUG main            d.u.i.k.p.i.IntermediateProofReplayer Proof replay took 6.9ns 
60487      INFO  main            d.u.i.k.p.r.p.TestFile    ... finished proof: closed. 
60763      INFO  main            d.u.i.k.p.i.AbstractProblemLoader Loading environment from /home/runner/work/key/key/key.core/../key.ui/examples/standard_key/pred_log/quantifiers.key.proof 
60763      DEBUG main            d.u.i.k.p.i.AbstractProblemLoader Environment load took 139.2ns 
60764      INFO  main            d.u.i.k.p.i.AbstractProblemLoader Creating init config 
63379      DEBUG main            d.u.i.k.p.i.AbstractProblemLoader Init config took 2.61s 
63395      INFO  main            d.u.i.k.p.i.AbstractProblemLoader Replaying proof quantifiers.key.proof 
63400      DEBUG main            d.u.i.k.p.i.IntermediateProofReplayer Proof replay took 3.33ms 
63401      DEBUG main            d.u.i.k.p.r.p.TestFile    ... success: reloaded. 
63401      INFO  main            d.u.i.k.p.r.p.TestFile    Now processing file /home/runner/work/key/key/key.core/../key.ui/examples/standard_key/pred_log/simpleEps.key 
63402      INFO  main            d.u.i.k.p.i.AbstractProblemLoader Loading environment from /home/runner/work/key/key/key.core/../key.ui/examples/standard_key/pred_log/simpleEps.key 
63402      DEBUG main            d.u.i.k.p.i.AbstractProblemLoader Environment load took 117.2ns 
63403      INFO  main            d.u.i.k.p.i.AbstractProblemLoader Creating init config 
65997      DEBUG main            d.u.i.k.p.i.AbstractProblemLoader Init config took 2.59s 
66015      INFO  main            d.u.i.k.p.i.AbstractProblemLoader Replaying proof simpleEps.key 
66016      DEBUG main            d.u.i.k.p.i.IntermediateProofReplayer Proof replay took 7.7ns 
66119      INFO  main            d.u.i.k.p.r.p.TestFile    ... finished proof: closed. 
66315      INFO  main            d.u.i.k.p.i.AbstractProblemLoader Loading environment from /home/runner/work/key/key/key.core/../key.ui/examples/standard_key/pred_log/simpleEps.key.proof 
66315      DEBUG main            d.u.i.k.p.i.AbstractProblemLoader Environment load took 124.9ns 
66316      INFO  main            d.u.i.k.p.i.AbstractProblemLoader Creating init config 
68921      DEBUG main            d.u.i.k.p.i.AbstractProblemLoader Init config took 2.61s 
68936      INFO  main            d.u.i.k.p.i.AbstractProblemLoader Replaying proof simpleEps.key.proof 
68940      DEBUG main            d.u.i.k.p.i.IntermediateProofReplayer Proof replay took 1.85ms 
68940      DEBUG main            d.u.i.k.p.r.p.TestFile    ... success: reloaded. 
68941      INFO  main            d.u.i.k.p.r.p.TestFile    Now processing file /home/runner/work/key/key/key.core/../key.ui/examples/standard_key/pred_log/steam1.key 
68941      INFO  main            d.u.i.k.p.i.AbstractProblemLoader Loading environment from /home/runner/work/key/key/key.core/../key.ui/examples/standard_key/pred_log/steam1.key 
68941      DEBUG main            d.u.i.k.p.i.AbstractProblemLoader Environment load took 109.2ns 
68943      INFO  main            d.u.i.k.p.i.AbstractProblemLoader Creating init config 
71647      DEBUG main            d.u.i.k.p.i.AbstractProblemLoader Init config took 2.7s 
71668      INFO  main            d.u.i.k.p.i.AbstractProblemLoader Replaying proof steam1.key 
71670      DEBUG main            d.u.i.k.p.i.IntermediateProofReplayer Proof replay took 6.4ns 
72080      INFO  main            d.u.i.k.p.r.p.TestFile    ... finished proof: closed. 
72279      INFO  main            d.u.i.k.p.i.AbstractProblemLoader Loading environment from /home/runner/work/key/key/key.core/../key.ui/examples/standard_key/pred_log/steam1.key.proof 
72279      DEBUG main            d.u.i.k.p.i.AbstractProblemLoader Environment load took 133.6ns 
72281      INFO  main            d.u.i.k.p.i.AbstractProblemLoader Creating init config 
74839      DEBUG main            d.u.i.k.p.i.AbstractProblemLoader Init config took 2.56s 
74861      INFO  main            d.u.i.k.p.i.AbstractProblemLoader Replaying proof steam1.key.proof 
74890      DEBUG main            d.u.i.k.p.i.IntermediateProofReplayer Proof replay took 25.55ms 
74892      DEBUG main            d.u.i.k.p.r.p.TestFile    ... success: reloaded. 
74892      INFO  main            d.u.i.k.p.r.p.TestFile    Now processing file /home/runner/work/key/key/key.core/../key.ui/examples/standard_key/pred_log/tptp/PUZ/PUZ001p1.key 
74893      INFO  main            d.u.i.k.p.i.AbstractProblemLoader Loading environment from /home/runner/work/key/key/key.core/../key.ui/examples/standard_key/pred_log/tptp/PUZ/PUZ001p1.key 
74893      DEBUG main            d.u.i.k.p.i.AbstractProblemLoader Environment load took 110ns 
74894      INFO  main            d.u.i.k.p.i.AbstractProblemLoader Creating init config 
77517      DEBUG main            d.u.i.k.p.i.AbstractProblemLoader Init config took 2.62s 
77538      INFO  main            d.u.i.k.p.i.AbstractProblemLoader Replaying proof PUZ001p1.key 
77540      DEBUG main            d.u.i.k.p.i.IntermediateProofReplayer Proof replay took 6.7ns 
80866      INFO  main            d.u.i.k.p.r.p.TestFile    ... finished proof: closed. 
81110      INFO  main            d.u.i.k.p.i.AbstractProblemLoader Loading environment from /home/runner/work/key/key/key.core/../key.ui/examples/standard_key/pred_log/tptp/PUZ/PUZ001p1.key.proof 
81112      DEBUG main            d.u.i.k.p.i.AbstractProblemLoader Environment load took 2.39ms 
81115      INFO  main            d.u.i.k.p.i.AbstractProblemLoader Creating init config 
83666      DEBUG main            d.u.i.k.p.i.AbstractProblemLoader Init config took 2.55s 
83683      INFO  main            d.u.i.k.p.i.AbstractProblemLoader Replaying proof PUZ001p1.key.proof 
83844      DEBUG main            d.u.i.k.p.i.IntermediateProofReplayer Proof replay took 152.65ms 
83846      DEBUG main            d.u.i.k.p.r.p.TestFile    ... success: reloaded. 
83846      INFO  main            d.u.i.k.p.r.p.TestFile    Now processing file /home/runner/work/key/key/key.core/../key.ui/examples/standard_key/pred_log/tptp/PUZ/PUZ001p1-eq.key 
83847      INFO  main            d.u.i.k.p.i.AbstractProblemLoader Loading environment from /home/runner/work/key/key/key.core/../key.ui/examples/standard_key/pred_log/tptp/PUZ/PUZ001p1-eq.key 
83847      DEBUG main            d.u.i.k.p.i.AbstractProblemLoader Environment load took 199.1ns 
83848      INFO  main            d.u.i.k.p.i.AbstractProblemLoader Creating init config 
86455      DEBUG main            d.u.i.k.p.i.AbstractProblemLoader Init config took 2.61s 
86470      INFO  main            d.u.i.k.p.i.AbstractProblemLoader Replaying proof PUZ001p1-eq.key 
86472      DEBUG main            d.u.i.k.p.i.IntermediateProofReplayer Proof replay took 7.3ns 
86675      INFO  main            d.u.i.k.p.r.p.TestFile    ... finished proof: closed. 
86915      INFO  main            d.u.i.k.p.i.AbstractProblemLoader Loading environment from /home/runner/work/key/key/key.core/../key.ui/examples/standard_key/pred_log/tptp/PUZ/PUZ001p1-eq.key.proof 
86915      DEBUG main            d.u.i.k.p.i.AbstractProblemLoader Environment load took 123.4ns 
86920      INFO  main            d.u.i.k.p.i.AbstractProblemLoader Creating init config 
89492      DEBUG main            d.u.i.k.p.i.AbstractProblemLoader Init config took 2.57s 
89506      INFO  main            d.u.i.k.p.i.AbstractProblemLoader Replaying proof PUZ001p1-eq.key.proof 
89525      DEBUG main            d.u.i.k.p.i.IntermediateProofReplayer Proof replay took 16.27ms 
89526      DEBUG main            d.u.i.k.p.r.p.TestFile    ... success: reloaded. 
89526      INFO  main            d.u.i.k.p.r.p.TestFile    Now processing file /home/runner/work/key/key/key.core/../key.ui/examples/standard_key/pred_log/tptp/PUZ/PUZ031p1.key 
89527      INFO  main            d.u.i.k.p.i.AbstractProblemLoader Loading environment from /home/runner/work/key/key/key.core/../key.ui/examples/standard_key/pred_log/tptp/PUZ/PUZ031p1.key 
89527      DEBUG main            d.u.i.k.p.i.AbstractProblemLoader Environment load took 111.5ns 
89528      INFO  main            d.u.i.k.p.i.AbstractProblemLoader Creating init config 
92067      DEBUG main            d.u.i.k.p.i.AbstractProblemLoader Init config took 2.54s 
92083      INFO  main            d.u.i.k.p.i.AbstractProblemLoader Replaying proof PUZ031p1.key 
92084      DEBUG main            d.u.i.k.p.i.IntermediateProofReplayer Proof replay took 7.1ns 
101329     INFO  main            d.u.i.k.p.r.p.TestFile    ... finished proof: closed. 
101567     INFO  main            d.u.i.k.p.i.AbstractProblemLoader Loading environment from /home/runner/work/key/key/key.core/../key.ui/examples/standard_key/pred_log/tptp/PUZ/PUZ031p1.key.proof 
101568     DEBUG main            d.u.i.k.p.i.AbstractProblemLoader Environment load took 403.6ns 
101574     INFO  main            d.u.i.k.p.i.AbstractProblemLoader Creating init config 
104049     DEBUG main            d.u.i.k.p.i.AbstractProblemLoader Init config took 2.48s 
104065     INFO  main            d.u.i.k.p.i.AbstractProblemLoader Replaying proof PUZ031p1.key.proof 
104141     DEBUG main            d.u.i.k.p.i.IntermediateProofReplayer Proof replay took 72.35ms 
104143     DEBUG main            d.u.i.k.p.r.p.TestFile    ... success: reloaded. 
104144     INFO  main            d.u.i.k.p.r.p.TestFile    Now processing file /home/runner/work/key/key/key.core/../key.ui/examples/standard_key/pred_log/tptp/SET/SET027p3.key 
104144     INFO  main            d.u.i.k.p.i.AbstractProblemLoader Loading environment from /home/runner/work/key/key/key.core/../key.ui/examples/standard_key/pred_log/tptp/SET/SET027p3.key 
104144     DEBUG main            d.u.i.k.p.i.AbstractProblemLoader Environment load took 109.2ns 
104145     INFO  main            d.u.i.k.p.i.AbstractProblemLoader Creating init config 
106777     DEBUG main            d.u.i.k.p.i.AbstractProblemLoader Init config took 2.63s 
106792     INFO  main            d.u.i.k.p.i.AbstractProblemLoader Replaying proof SET027p3.key 
106793     DEBUG main            d.u.i.k.p.i.IntermediateProofReplayer Proof replay took 8ns 
106898     INFO  main            d.u.i.k.p.r.p.TestFile    ... finished proof: closed. 
107146     INFO  main            d.u.i.k.p.i.AbstractProblemLoader Loading environment from /home/runner/work/key/key/key.core/../key.ui/examples/standard_key/pred_log/tptp/SET/SET027p3.key.proof 
107146     DEBUG main            d.u.i.k.p.i.AbstractProblemLoader Environment load took 126.8ns 
107147     INFO  main            d.u.i.k.p.i.AbstractProblemLoader Creating init config 
109694     DEBUG main            d.u.i.k.p.i.AbstractProblemLoader Init config took 2.55s 
109709     INFO  main            d.u.i.k.p.i.AbstractProblemLoader Replaying proof SET027p3.key.proof 
109718     DEBUG main            d.u.i.k.p.i.IntermediateProofReplayer Proof replay took 6.58ms 
109719     DEBUG main            d.u.i.k.p.r.p.TestFile    ... success: reloaded. 
109719     INFO  main            d.u.i.k.p.r.p.TestFile    Now processing file /home/runner/work/key/key/key.core/../key.ui/examples/standard_key/pred_log/tptp/SET/SET043p1.key 
109720     INFO  main            d.u.i.k.p.i.AbstractProblemLoader Loading environment from /home/runner/work/key/key/key.core/../key.ui/examples/standard_key/pred_log/tptp/SET/SET043p1.key 
109720     DEBUG main            d.u.i.k.p.i.AbstractProblemLoader Environment load took 209.9ns 
109721     INFO  main            d.u.i.k.p.i.AbstractProblemLoader Creating init config 
112280     DEBUG main            d.u.i.k.p.i.AbstractProblemLoader Init config took 2.56s 
112293     INFO  main            d.u.i.k.p.i.AbstractProblemLoader Replaying proof SET043p1.key 
112295     DEBUG main            d.u.i.k.p.i.IntermediateProofReplayer Proof replay took 7.7ns 
112396     INFO  main            d.u.i.k.p.r.p.TestFile    ... finished proof: closed. 
112635     INFO  main            d.u.i.k.p.i.AbstractProblemLoader Loading environment from /home/runner/work/key/key/key.core/../key.ui/examples/standard_key/pred_log/tptp/SET/SET043p1.key.proof 
112635     DEBUG main            d.u.i.k.p.i.AbstractProblemLoader Environment load took 240.3ns 
112636     INFO  main            d.u.i.k.p.i.AbstractProblemLoader Creating init config 
115165     DEBUG main            d.u.i.k.p.i.AbstractProblemLoader Init config took 2.53s 
115180     INFO  main            d.u.i.k.p.i.AbstractProblemLoader Replaying proof SET043p1.key.proof 
115186     DEBUG main            d.u.i.k.p.i.IntermediateProofReplayer Proof replay took 1.72ms 
115188     DEBUG main            d.u.i.k.p.r.p.TestFile    ... success: reloaded. 
115189     INFO  main            d.u.i.k.p.r.p.TestFile    Now processing file /home/runner/work/key/key/key.core/../key.ui/examples/standard_key/pred_log/tptp/SET/SET045p1.key 
115190     INFO  main            d.u.i.k.p.i.AbstractProblemLoader Loading environment from /home/runner/work/key/key/key.core/../key.ui/examples/standard_key/pred_log/tptp/SET/SET045p1.key 
115190     DEBUG main            d.u.i.k.p.i.AbstractProblemLoader Environment load took 214.3ns 
115191     INFO  main            d.u.i.k.p.i.AbstractProblemLoader Creating init config 
117751     DEBUG main            d.u.i.k.p.i.AbstractProblemLoader Init config took 2.56s 
117765     INFO  main            d.u.i.k.p.i.AbstractProblemLoader Replaying proof SET045p1.key 
117766     DEBUG main            d.u.i.k.p.i.IntermediateProofReplayer Proof replay took 6.8ns 
117871     INFO  main            d.u.i.k.p.r.p.TestFile    ... finished proof: closed. 
118124     INFO  main            d.u.i.k.p.i.AbstractProblemLoader Loading environment from /home/runner/work/key/key/key.core/../key.ui/examples/standard_key/pred_log/tptp/SET/SET045p1.key.proof 
118124     DEBUG main            d.u.i.k.p.i.AbstractProblemLoader Environment load took 112ns 
118125     INFO  main            d.u.i.k.p.i.AbstractProblemLoader Creating init config 
120670     DEBUG main            d.u.i.k.p.i.AbstractProblemLoader Init config took 2.54s 
120685     INFO  main            d.u.i.k.p.i.AbstractProblemLoader Replaying proof SET045p1.key.proof 
120692     DEBUG main            d.u.i.k.p.i.IntermediateProofReplayer Proof replay took 5.17ms 
120693     DEBUG main            d.u.i.k.p.r.p.TestFile    ... success: reloaded. 
120694     INFO  main            d.u.i.k.p.r.p.TestFile    Now processing file /home/runner/work/key/key/key.core/../key.ui/examples/standard_key/pred_log/tptp/SET/SET062p3.key 
120694     INFO  main            d.u.i.k.p.i.AbstractProblemLoader Loading environment from /home/runner/work/key/key/key.core/../key.ui/examples/standard_key/pred_log/tptp/SET/SET062p3.key 
120694     DEBUG main            d.u.i.k.p.i.AbstractProblemLoader Environment load took 100.8ns 
120695     INFO  main            d.u.i.k.p.i.AbstractProblemLoader Creating init config 
123342     DEBUG main            d.u.i.k.p.i.AbstractProblemLoader Init config took 2.65s 
123357     INFO  main            d.u.i.k.p.i.AbstractProblemLoader Replaying proof SET062p3.key 
123360     DEBUG main            d.u.i.k.p.i.IntermediateProofReplayer Proof replay took 8.2ns 
123462     INFO  main            d.u.i.k.p.r.p.TestFile    ... finished proof: closed. 
123736     INFO  main            d.u.i.k.p.i.AbstractProblemLoader Loading environment from /home/runner/work/key/key/key.core/../key.ui/examples/standard_key/pred_log/tptp/SET/SET062p3.key.proof 
123736     DEBUG main            d.u.i.k.p.i.AbstractProblemLoader Environment load took 117.1ns 
123740     INFO  main            d.u.i.k.p.i.AbstractProblemLoader Creating init config 
126237     DEBUG main            d.u.i.k.p.i.AbstractProblemLoader Init config took 2.5s 
126252     INFO  main            d.u.i.k.p.i.AbstractProblemLoader Replaying proof SET062p3.key.proof 
126258     DEBUG main            d.u.i.k.p.i.IntermediateProofReplayer Proof replay took 4.9ms 
126259     DEBUG main            d.u.i.k.p.r.p.TestFile    ... success: reloaded. 
126260     INFO  main            d.u.i.k.p.r.p.TestFile    Now processing file /home/runner/work/key/key/key.core/../key.ui/examples/standard_key/pred_log/tptp/SET/SET063p3.key 
126260     INFO  main            d.u.i.k.p.i.AbstractProblemLoader Loading environment from /home/runner/work/key/key/key.core/../key.ui/examples/standard_key/pred_log/tptp/SET/SET063p3.key 
126260     DEBUG main            d.u.i.k.p.i.AbstractProblemLoader Environment load took 89.2ns 
126261     INFO  main            d.u.i.k.p.i.AbstractProblemLoader Creating init config 
128852     DEBUG main            d.u.i.k.p.i.AbstractProblemLoader Init config took 2.59s 
128866     INFO  main            d.u.i.k.p.i.AbstractProblemLoader Replaying proof SET063p3.key 
128867     DEBUG main            d.u.i.k.p.i.IntermediateProofReplayer Proof replay took 6.3ns 
128970     INFO  main            d.u.i.k.p.r.p.TestFile    ... finished proof: closed. 
129268     INFO  main            d.u.i.k.p.i.AbstractProblemLoader Loading environment from /home/runner/work/key/key/key.core/../key.ui/examples/standard_key/pred_log/tptp/SET/SET063p3.key.proof 
129268     DEBUG main            d.u.i.k.p.i.AbstractProblemLoader Environment load took 120.2ns 
129270     INFO  main            d.u.i.k.p.i.AbstractProblemLoader Creating init config 
131781     DEBUG main            d.u.i.k.p.i.AbstractProblemLoader Init config took 2.51s 
131800     INFO  main            d.u.i.k.p.i.AbstractProblemLoader Replaying proof SET063p3.key.proof 
131809     DEBUG main            d.u.i.k.p.i.IntermediateProofReplayer Proof replay took 6.7ms 
131810     DEBUG main            d.u.i.k.p.r.p.TestFile    ... success: reloaded. 
131810     INFO  main            d.u.i.k.p.r.p.TestFile    Now processing file /home/runner/work/key/key/key.core/../key.ui/examples/standard_key/pred_log/tptp/SYN/SYN036p2.key 
131811     INFO  main            d.u.i.k.p.i.AbstractProblemLoader Loading environment from /home/runner/work/key/key/key.core/../key.ui/examples/standard_key/pred_log/tptp/SYN/SYN036p2.key 
131811     DEBUG main            d.u.i.k.p.i.AbstractProblemLoader Environment load took 182.4ns 
131812     INFO  main            d.u.i.k.p.i.AbstractProblemLoader Creating init config 
134384     DEBUG main            d.u.i.k.p.i.AbstractProblemLoader Init config took 2.57s 
134399     INFO  main            d.u.i.k.p.i.AbstractProblemLoader Replaying proof SYN036p2.key 
134400     DEBUG main            d.u.i.k.p.i.IntermediateProofReplayer Proof replay took 7.3ns 
134705     INFO  main            d.u.i.k.p.r.p.TestFile    ... finished proof: closed. 
134990     INFO  main            d.u.i.k.p.i.AbstractProblemLoader Loading environment from /home/runner/work/key/key/key.core/../key.ui/examples/standard_key/pred_log/tptp/SYN/SYN036p2.key.proof 
134990     DEBUG main            d.u.i.k.p.i.AbstractProblemLoader Environment load took 389.6ns 
134991     INFO  main            d.u.i.k.p.i.AbstractProblemLoader Creating init config 
137509     DEBUG main            d.u.i.k.p.i.AbstractProblemLoader Init config took 2.52s 
137522     INFO  main            d.u.i.k.p.i.AbstractProblemLoader Replaying proof SYN036p2.key.proof 
137625     DEBUG main            d.u.i.k.p.i.IntermediateProofReplayer Proof replay took 94.75ms 
137626     DEBUG main            d.u.i.k.p.r.p.TestFile    ... success: reloaded. 
137626     INFO  main            d.u.i.k.p.r.p.TestFile    Now processing file /home/runner/work/key/key/key.core/../key.ui/examples/standard_key/pred_log/tptp/SYN/SYN550p1.key 
137627     INFO  main            d.u.i.k.p.i.AbstractProblemLoader Loading environment from /home/runner/work/key/key/key.core/../key.ui/examples/standard_key/pred_log/tptp/SYN/SYN550p1.key 
137627     DEBUG main            d.u.i.k.p.i.AbstractProblemLoader Environment load took 86.8ns 
137628     INFO  main            d.u.i.k.p.i.AbstractProblemLoader Creating init config 
140196     DEBUG main            d.u.i.k.p.i.AbstractProblemLoader Init config took 2.57s 
140216     INFO  main            d.u.i.k.p.i.AbstractProblemLoader Replaying proof SYN550p1.key 
140217     DEBUG main            d.u.i.k.p.i.IntermediateProofReplayer Proof replay took 8.4ns 
143445     INFO  main            d.u.i.k.p.r.p.TestFile    ... finished proof: closed. 
143731     INFO  main            d.u.i.k.p.i.AbstractProblemLoader Loading environment from /home/runner/work/key/key/key.core/../key.ui/examples/standard_key/pred_log/tptp/SYN/SYN550p1.key.proof 
143732     DEBUG main            d.u.i.k.p.i.AbstractProblemLoader Environment load took 394ns 
143733     INFO  main            d.u.i.k.p.i.AbstractProblemLoader Creating init config 
146186     DEBUG main            d.u.i.k.p.i.AbstractProblemLoader Init config took 2.45s 
146199     INFO  main            d.u.i.k.p.i.AbstractProblemLoader Replaying proof SYN550p1.key.proof 
146306     DEBUG main            d.u.i.k.p.i.IntermediateProofReplayer Proof replay took 100.64ms 
146307     DEBUG main            d.u.i.k.p.r.p.TestFile    ... success: reloaded. 
146308     INFO  main            d.u.i.k.p.r.p.TestFile    Now processing file /home/runner/work/key/key/key.core/../key.ui/examples/standard_key/prop_log/reallySimple.key 
146308     INFO  main            d.u.i.k.p.i.AbstractProblemLoader Loading environment from /home/runner/work/key/key/key.core/../key.ui/examples/standard_key/prop_log/reallySimple.key 
146308     DEBUG main            d.u.i.k.p.i.AbstractProblemLoader Environment load took 85.6ns 
146309     INFO  main            d.u.i.k.p.i.AbstractProblemLoader Creating init config 
148884     DEBUG main            d.u.i.k.p.i.AbstractProblemLoader Init config took 2.57s 
148897     INFO  main            d.u.i.k.p.i.AbstractProblemLoader Replaying proof reallySimple.key 
148898     DEBUG main            d.u.i.k.p.i.IntermediateProofReplayer Proof replay took 7ns 
149000     INFO  main            d.u.i.k.p.r.p.TestFile    ... finished proof: open goal(s) 
149288     INFO  main            d.u.i.k.p.r.p.TestFile    Now processing file /home/runner/work/key/key/key.core/../key.ui/examples/standard_key/pred_log/sameName1.key 
149288     INFO  main            d.u.i.k.p.i.AbstractProblemLoader Loading environment from /home/runner/work/key/key/key.core/../key.ui/examples/standard_key/pred_log/sameName1.key 
149288     DEBUG main            d.u.i.k.p.i.AbstractProblemLoader Environment load took 63.2ns 
149289     INFO  main            d.u.i.k.p.i.AbstractProblemLoader Creating init config 
151786     DEBUG main            d.u.i.k.p.i.AbstractProblemLoader Init config took 2.5s 
151799     INFO  main            d.u.i.k.p.i.AbstractProblemLoader Replaying proof sameName1.key 
151800     DEBUG main            d.u.i.k.p.i.IntermediateProofReplayer Proof replay took 6.5ns 
151906     INFO  main            d.u.i.k.p.r.p.TestFile    ... finished proof: open goal(s) 
152180     INFO  main            d.u.i.k.p.r.p.TestFile    Now processing file /home/runner/work/key/key/key.core/../key.ui/examples/standard_key/pred_log/jbyteIfEx.key 
152180     INFO  main            d.u.i.k.p.i.AbstractProblemLoader Loading environment from /home/runner/work/key/key/key.core/../key.ui/examples/standard_key/pred_log/jbyteIfEx.key 
152180     DEBUG main            d.u.i.k.p.i.AbstractProblemLoader Environment load took 148.5ns 
152181     INFO  main            d.u.i.k.p.i.AbstractProblemLoader Creating init config 
154723     DEBUG main            d.u.i.k.p.i.AbstractProblemLoader Init config took 2.54s 
154739     INFO  main            d.u.i.k.p.i.AbstractProblemLoader Replaying proof jbyteIfEx.key 
154740     DEBUG main            d.u.i.k.p.i.IntermediateProofReplayer Proof replay took 6.6ns 
154842     INFO  main            d.u.i.k.p.r.p.TestFile    ... finished proof: closed. 
155112     INFO  main            d.u.i.k.p.i.AbstractProblemLoader Loading environment from /home/runner/work/key/key/key.core/../key.ui/examples/standard_key/pred_log/jbyteIfEx.key.proof 
155113     DEBUG main            d.u.i.k.p.i.AbstractProblemLoader Environment load took 416.3ns 
155114     INFO  main            d.u.i.k.p.i.AbstractProblemLoader Creating init config 
157611     DEBUG main            d.u.i.k.p.i.AbstractProblemLoader Init config took 2.5s 
157625     INFO  main            d.u.i.k.p.i.AbstractProblemLoader Replaying proof jbyteIfEx.key.proof 
157637     DEBUG main            d.u.i.k.p.i.IntermediateProofReplayer Proof replay took 8.86ms 
157638     DEBUG main            d.u.i.k.p.r.p.TestFile    ... success: reloaded. 
157639     INFO  main            d.u.i.k.p.r.p.TestFile    Now processing file /home/runner/work/key/key/key.core/../key.ui/examples/standard_key/prop_log/allClausesLength4.key 
157639     INFO  main            d.u.i.k.p.i.AbstractProblemLoader Loading environment from /home/runner/work/key/key/key.core/../key.ui/examples/standard_key/prop_log/allClausesLength4.key 
157639     DEBUG main            d.u.i.k.p.i.AbstractProblemLoader Environment load took 187.7ns 
157640     INFO  main            d.u.i.k.p.i.AbstractProblemLoader Creating init config 
160274     DEBUG main            d.u.i.k.p.i.AbstractProblemLoader Init config took 2.63s 
160292     INFO  main            d.u.i.k.p.i.AbstractProblemLoader Replaying proof allClausesLength4.key 
160293     DEBUG main            d.u.i.k.p.i.IntermediateProofReplayer Proof replay took 6.8ns 
160395     INFO  main            d.u.i.k.p.r.p.TestFile    ... finished proof: closed. 
160687     INFO  main            d.u.i.k.p.i.AbstractProblemLoader Loading environment from /home/runner/work/key/key/key.core/../key.ui/examples/standard_key/prop_log/allClausesLength4.key.proof 
160687     DEBUG main            d.u.i.k.p.i.AbstractProblemLoader Environment load took 114ns 
160688     INFO  main            d.u.i.k.p.i.AbstractProblemLoader Creating init config 
163223     DEBUG main            d.u.i.k.p.i.AbstractProblemLoader Init config took 2.54s 
163237     INFO  main            d.u.i.k.p.i.AbstractProblemLoader Replaying proof allClausesLength4.key.proof 
163256     DEBUG main            d.u.i.k.p.i.IntermediateProofReplayer Proof replay took 16.78ms 
163258     DEBUG main            d.u.i.k.p.r.p.TestFile    ... success: reloaded. 
163258     INFO  main            d.u.i.k.p.r.p.TestFile    Now processing file /home/runner/work/key/key/key.core/../key.ui/examples/standard_key/prop_log/allClausesLength5.key 
163259     INFO  main            d.u.i.k.p.i.AbstractProblemLoader Loading environment from /home/runner/work/key/key/key.core/../key.ui/examples/standard_key/prop_log/allClausesLength5.key 
163259     DEBUG main            d.u.i.k.p.i.AbstractProblemLoader Environment load took 96.6ns 
163260     INFO  main            d.u.i.k.p.i.AbstractProblemLoader Creating init config 
165808     DEBUG main            d.u.i.k.p.i.AbstractProblemLoader Init config took 2.55s 
165823     INFO  main            d.u.i.k.p.i.AbstractProblemLoader Replaying proof allClausesLength5.key 
165830     DEBUG main            d.u.i.k.p.i.IntermediateProofReplayer Proof replay took 7.3ns 
166134     INFO  main            d.u.i.k.p.r.p.TestFile    ... finished proof: closed. 
166423     INFO  main            d.u.i.k.p.i.AbstractProblemLoader Loading environment from /home/runner/work/key/key/key.core/../key.ui/examples/standard_key/prop_log/allClausesLength5.key.proof 
166424     DEBUG main            d.u.i.k.p.i.AbstractProblemLoader Environment load took 805.31ns 
166426     INFO  main            d.u.i.k.p.i.AbstractProblemLoader Creating init config 
168949     DEBUG main            d.u.i.k.p.i.AbstractProblemLoader Init config took 2.52s 
168963     INFO  main            d.u.i.k.p.i.AbstractProblemLoader Replaying proof allClausesLength5.key.proof 
169009     DEBUG main            d.u.i.k.p.i.IntermediateProofReplayer Proof replay took 41.37ms 
169011     DEBUG main            d.u.i.k.p.r.p.TestFile    ... success: reloaded. 
169012     INFO  main            d.u.i.k.p.r.p.TestFile    Now processing file /home/runner/work/key/key/key.core/../key.ui/examples/standard_key/prop_log/doubleNeg.key 
169012     INFO  main            d.u.i.k.p.i.AbstractProblemLoader Loading environment from /home/runner/work/key/key/key.core/../key.ui/examples/standard_key/prop_log/doubleNeg.key 
169012     DEBUG main            d.u.i.k.p.i.AbstractProblemLoader Environment load took 109ns 
169013     INFO  main            d.u.i.k.p.i.AbstractProblemLoader Creating init config 
171564     DEBUG main            d.u.i.k.p.i.AbstractProblemLoader Init config took 2.55s 
171577     INFO  main            d.u.i.k.p.i.AbstractProblemLoader Replaying proof doubleNeg.key 
171578     DEBUG main            d.u.i.k.p.i.IntermediateProofReplayer Proof replay took 5.9ns 
171681     INFO  main            d.u.i.k.p.r.p.TestFile    ... finished proof: closed. 
171969     INFO  main            d.u.i.k.p.i.AbstractProblemLoader Loading environment from /home/runner/work/key/key/key.core/../key.ui/examples/standard_key/prop_log/doubleNeg.key.proof 
171969     DEBUG main            d.u.i.k.p.i.AbstractProblemLoader Environment load took 111.7ns 
171970     INFO  main            d.u.i.k.p.i.AbstractProblemLoader Creating init config 
174436     DEBUG main            d.u.i.k.p.i.AbstractProblemLoader Init config took 2.47s 
174449     INFO  main            d.u.i.k.p.i.AbstractProblemLoader Replaying proof doubleNeg.key.proof 
174451     DEBUG main            d.u.i.k.p.i.IntermediateProofReplayer Proof replay took 372.9ns 
174452     DEBUG main            d.u.i.k.p.r.p.TestFile    ... success: reloaded. 
174452     INFO  main            d.u.i.k.p.r.p.TestFile    Now processing file /home/runner/work/key/key/key.core/../key.ui/examples/standard_key/prop_log/liarsville.key 
174452     INFO  main            d.u.i.k.p.i.AbstractProblemLoader Loading environment from /home/runner/work/key/key/key.core/../key.ui/examples/standard_key/prop_log/liarsville.key 
174452     DEBUG main            d.u.i.k.p.i.AbstractProblemLoader Environment load took 58.7ns 
174453     INFO  main            d.u.i.k.p.i.AbstractProblemLoader Creating init config 
176988     DEBUG main            d.u.i.k.p.i.AbstractProblemLoader Init config took 2.53s 
177001     INFO  main            d.u.i.k.p.i.AbstractProblemLoader Replaying proof liarsville.key 
177002     DEBUG main            d.u.i.k.p.i.IntermediateProofReplayer Proof replay took 6.1ns 
177107     INFO  main            d.u.i.k.p.r.p.TestFile    ... finished proof: closed. 
177406     INFO  main            d.u.i.k.p.i.AbstractProblemLoader Loading environment from /home/runner/work/key/key/key.core/../key.ui/examples/standard_key/prop_log/liarsville.key.proof 
177406     DEBUG main            d.u.i.k.p.i.AbstractProblemLoader Environment load took 101.7ns 
177407     INFO  main            d.u.i.k.p.i.AbstractProblemLoader Creating init config 
179930     DEBUG main            d.u.i.k.p.i.AbstractProblemLoader Init config took 2.52s 
179943     INFO  main            d.u.i.k.p.i.AbstractProblemLoader Replaying proof liarsville.key.proof 
179946     DEBUG main            d.u.i.k.p.i.IntermediateProofReplayer Proof replay took 1.14ms 
179947     DEBUG main            d.u.i.k.p.r.p.TestFile    ... success: reloaded. 
179948     INFO  main            d.u.i.k.p.r.p.TestFile    Now processing file /home/runner/work/key/key/key.core/../key.ui/examples/standard_key/prop_log/simplest.key 
179948     INFO  main            d.u.i.k.p.i.AbstractProblemLoader Loading environment from /home/runner/work/key/key/key.core/../key.ui/examples/standard_key/prop_log/simplest.key 
179948     DEBUG main            d.u.i.k.p.i.AbstractProblemLoader Environment load took 173.3ns 
179949     INFO  main            d.u.i.k.p.i.AbstractProblemLoader Creating init config 
182424     DEBUG main            d.u.i.k.p.i.AbstractProblemLoader Init config took 2.47s 
182438     INFO  main            d.u.i.k.p.i.AbstractProblemLoader Replaying proof simplest.key 
182439     DEBUG main            d.u.i.k.p.i.IntermediateProofReplayer Proof replay took 6.8ns 
182540     INFO  main            d.u.i.k.p.r.p.TestFile    ... finished proof: closed. 
182849     INFO  main            d.u.i.k.p.i.AbstractProblemLoader Loading environment from /home/runner/work/key/key/key.core/../key.ui/examples/standard_key/prop_log/simplest.key.proof 
182849     DEBUG main            d.u.i.k.p.i.AbstractProblemLoader Environment load took 104.3ns 
182850     INFO  main            d.u.i.k.p.i.AbstractProblemLoader Creating init config 
185360     DEBUG main            d.u.i.k.p.i.AbstractProblemLoader Init config took 2.51s 
185372     INFO  main            d.u.i.k.p.i.AbstractProblemLoader Replaying proof simplest.key.proof 
185374     DEBUG main            d.u.i.k.p.i.IntermediateProofReplayer Proof replay took 94.3ns 
185374     DEBUG main            d.u.i.k.p.r.p.TestFile    ... success: reloaded. 
185375     INFO  main            d.u.i.k.p.r.p.TestFile    Now processing file /home/runner/work/key/key/key.core/../key.ui/examples/standard_key/prop_log/contraposition.key 
185375     INFO  main            d.u.i.k.p.i.AbstractProblemLoader Loading environment from /home/runner/work/key/key/key.core/../key.ui/examples/standard_key/prop_log/contraposition.key 
185375     DEBUG main            d.u.i.k.p.i.AbstractProblemLoader Environment load took 59.7ns 
185376     INFO  main            d.u.i.k.p.i.AbstractProblemLoader Creating init config 
187852     DEBUG main            d.u.i.k.p.i.AbstractProblemLoader Init config took 2.48s 
187865     INFO  main            d.u.i.k.p.i.AbstractProblemLoader Replaying proof contraposition.key 
187866     DEBUG main            d.u.i.k.p.i.IntermediateProofReplayer Proof replay took 6.3ns 
187968     INFO  main            d.u.i.k.p.r.p.TestFile    ... finished proof: closed. 
188305     INFO  main            d.u.i.k.p.i.AbstractProblemLoader Loading environment from /home/runner/work/key/key/key.core/../key.ui/examples/standard_key/prop_log/contraposition.key.proof 
188305     DEBUG main            d.u.i.k.p.i.AbstractProblemLoader Environment load took 101.7ns 
188306     INFO  main            d.u.i.k.p.i.AbstractProblemLoader Creating init config 
190769     DEBUG main            d.u.i.k.p.i.AbstractProblemLoader Init config took 2.46s 
190783     INFO  main            d.u.i.k.p.i.AbstractProblemLoader Replaying proof contraposition.key.proof 
190785     DEBUG main            d.u.i.k.p.i.IntermediateProofReplayer Proof replay took 622.9ns 
190786     DEBUG main            d.u.i.k.p.r.p.TestFile    ... success: reloaded. 
190787     INFO  main            d.u.i.k.p.r.p.TestFile    Now processing file /home/runner/work/key/key/key.core/../key.ui/examples/standard_key/quantifiers/elimination0.key 
190787     INFO  main            d.u.i.k.p.i.AbstractProblemLoader Loading environment from /home/runner/work/key/key/key.core/../key.ui/examples/standard_key/quantifiers/elimination0.key 
190787     DEBUG main            d.u.i.k.p.i.AbstractProblemLoader Environment load took 83.3ns 
190788     INFO  main            d.u.i.k.p.i.AbstractProblemLoader Creating init config 
193264     DEBUG main            d.u.i.k.p.i.AbstractProblemLoader Init config took 2.48s 
193277     INFO  main            d.u.i.k.p.i.AbstractProblemLoader Replaying proof elimination0.key 
193279     DEBUG main            d.u.i.k.p.i.IntermediateProofReplayer Proof replay took 7.6ns 
193381     INFO  main            d.u.i.k.p.r.p.TestFile    ... finished proof: closed. 
193709     INFO  main            d.u.i.k.p.i.AbstractProblemLoader Loading environment from /home/runner/work/key/key/key.core/../key.ui/examples/standard_key/quantifiers/elimination0.key.proof 
193710     DEBUG main            d.u.i.k.p.i.AbstractProblemLoader Environment load took 104.9ns 
193711     INFO  main            d.u.i.k.p.i.AbstractProblemLoader Creating init config 
196139     DEBUG main            d.u.i.k.p.i.AbstractProblemLoader Init config took 2.43s 
196152     INFO  main            d.u.i.k.p.i.AbstractProblemLoader Replaying proof elimination0.key.proof 
196155     DEBUG main            d.u.i.k.p.i.IntermediateProofReplayer Proof replay took 1.31ms 
196156     DEBUG main            d.u.i.k.p.r.p.TestFile    ... success: reloaded. 
196156     INFO  main            d.u.i.k.p.r.p.TestFile    Now processing file /home/runner/work/key/key/key.core/../key.ui/examples/standard_key/quantifiers/heuristic_PUZ001p1-eq.key 
196157     INFO  main            d.u.i.k.p.i.AbstractProblemLoader Loading environment from /home/runner/work/key/key/key.core/../key.ui/examples/standard_key/quantifiers/heuristic_PUZ001p1-eq.key 
196157     DEBUG main            d.u.i.k.p.i.AbstractProblemLoader Environment load took 110.1ns 
196158     INFO  main            d.u.i.k.p.i.AbstractProblemLoader Creating init config 
198659     DEBUG main            d.u.i.k.p.i.AbstractProblemLoader Init config took 2.5s 
198673     INFO  main            d.u.i.k.p.i.AbstractProblemLoader Replaying proof heuristic_PUZ001p1-eq.key 
198675     DEBUG main            d.u.i.k.p.i.IntermediateProofReplayer Proof replay took 6.5ns 
198779     INFO  main            d.u.i.k.p.r.p.TestFile    ... finished proof: closed. 
199098     INFO  main            d.u.i.k.p.i.AbstractProblemLoader Loading environment from /home/runner/work/key/key/key.core/../key.ui/examples/standard_key/quantifiers/heuristic_PUZ001p1-eq.key.proof 
199098     DEBUG main            d.u.i.k.p.i.AbstractProblemLoader Environment load took 109.1ns 
199099     INFO  main            d.u.i.k.p.i.AbstractProblemLoader Creating init config 
201574     DEBUG main            d.u.i.k.p.i.AbstractProblemLoader Init config took 2.47s 
201588     INFO  main            d.u.i.k.p.i.AbstractProblemLoader Replaying proof heuristic_PUZ001p1-eq.key.proof 
201602     DEBUG main            d.u.i.k.p.i.IntermediateProofReplayer Proof replay took 12.03ms 
201603     DEBUG main            d.u.i.k.p.r.p.TestFile    ... success: reloaded. 
201604     INFO  main            d.u.i.k.p.r.p.TestFile    Now processing file /home/runner/work/key/key/key.core/../key.ui/examples/standard_key/quantifiers/heuristic_PUZ001p1.key 
201604     INFO  main            d.u.i.k.p.i.AbstractProblemLoader Loading environment from /home/runner/work/key/key/key.core/../key.ui/examples/standard_key/quantifiers/heuristic_PUZ001p1.key 
201605     DEBUG main            d.u.i.k.p.i.AbstractProblemLoader Environment load took 95.7ns 
201606     INFO  main            d.u.i.k.p.i.AbstractProblemLoader Creating init config 
204109     DEBUG main            d.u.i.k.p.i.AbstractProblemLoader Init config took 2.5s 
204124     INFO  main            d.u.i.k.p.i.AbstractProblemLoader Replaying proof heuristic_PUZ001p1.key 
204125     DEBUG main            d.u.i.k.p.i.IntermediateProofReplayer Proof replay took 6ns 
205532     INFO  main            d.u.i.k.p.r.p.TestFile    ... finished proof: closed. 
205876     INFO  main            d.u.i.k.p.i.AbstractProblemLoader Loading environment from /home/runner/work/key/key/key.core/../key.ui/examples/standard_key/quantifiers/heuristic_PUZ001p1.key.proof 
205876     DEBUG main            d.u.i.k.p.i.AbstractProblemLoader Environment load took 545ns 
205878     INFO  main            d.u.i.k.p.i.AbstractProblemLoader Creating init config 
208373     DEBUG main            d.u.i.k.p.i.AbstractProblemLoader Init config took 2.49s 
208390     INFO  main            d.u.i.k.p.i.AbstractProblemLoader Replaying proof heuristic_PUZ001p1.key.proof 
208452     DEBUG main            d.u.i.k.p.i.IntermediateProofReplayer Proof replay took 55.58ms 
208453     DEBUG main            d.u.i.k.p.r.p.TestFile    ... success: reloaded. 
208454     INFO  main            d.u.i.k.p.r.p.TestFile    Now processing file /home/runner/work/key/key/key.core/../key.ui/examples/standard_key/quantifiers/heuristic_PUZ031p1.key 
208455     INFO  main            d.u.i.k.p.i.AbstractProblemLoader Loading environment from /home/runner/work/key/key/key.core/../key.ui/examples/standard_key/quantifiers/heuristic_PUZ031p1.key 
208455     DEBUG main            d.u.i.k.p.i.AbstractProblemLoader Environment load took 202.3ns 
208456     INFO  main            d.u.i.k.p.i.AbstractProblemLoader Creating init config 
211010     DEBUG main            d.u.i.k.p.i.AbstractProblemLoader Init config took 2.55s 
211023     INFO  main            d.u.i.k.p.i.AbstractProblemLoader Replaying proof heuristic_PUZ031p1.key 
211025     DEBUG main            d.u.i.k.p.i.IntermediateProofReplayer Proof replay took 6.4ns 
216194     INFO  main            d.u.i.k.p.r.p.TestFile    ... finished proof: closed. 
216568     INFO  main            d.u.i.k.p.i.AbstractProblemLoader Loading environment from /home/runner/work/key/key/key.core/../key.ui/examples/standard_key/quantifiers/heuristic_PUZ031p1.key.proof 
216572     DEBUG main            d.u.i.k.p.i.AbstractProblemLoader Environment load took 4.49ms 
216574     INFO  main            d.u.i.k.p.i.AbstractProblemLoader Creating init config 
219009     DEBUG main            d.u.i.k.p.i.AbstractProblemLoader Init config took 2.44s 
219024     INFO  main            d.u.i.k.p.i.AbstractProblemLoader Replaying proof heuristic_PUZ031p1.key.proof 
219084     DEBUG main            d.u.i.k.p.i.IntermediateProofReplayer Proof replay took 55.9ms 
219086     DEBUG main            d.u.i.k.p.r.p.TestFile    ... success: reloaded. 
219087     INFO  main            d.u.i.k.p.r.p.TestFile    Now processing file /home/runner/work/key/key/key.core/../key.ui/examples/standard_key/quantifiers/heuristic_SYN036p2.key 
219087     INFO  main            d.u.i.k.p.i.AbstractProblemLoader Loading environment from /home/runner/work/key/key/key.core/../key.ui/examples/standard_key/quantifiers/heuristic_SYN036p2.key 
219087     DEBUG main            d.u.i.k.p.i.AbstractProblemLoader Environment load took 176ns 
219088     INFO  main            d.u.i.k.p.i.AbstractProblemLoader Creating init config 
221586     DEBUG main            d.u.i.k.p.i.AbstractProblemLoader Init config took 2.5s 
221599     INFO  main            d.u.i.k.p.i.AbstractProblemLoader Replaying proof heuristic_SYN036p2.key 
221601     DEBUG main            d.u.i.k.p.i.IntermediateProofReplayer Proof replay took 10.5ns 
221906     INFO  main            d.u.i.k.p.r.p.TestFile    ... finished proof: closed. 
222282     INFO  main            d.u.i.k.p.i.AbstractProblemLoader Loading environment from /home/runner/work/key/key/key.core/../key.ui/examples/standard_key/quantifiers/heuristic_SYN036p2.key.proof 
222282     DEBUG main            d.u.i.k.p.i.AbstractProblemLoader Environment load took 366.6ns 
222283     INFO  main            d.u.i.k.p.i.AbstractProblemLoader Creating init config 
224740     DEBUG main            d.u.i.k.p.i.AbstractProblemLoader Init config took 2.46s 
224753     INFO  main            d.u.i.k.p.i.AbstractProblemLoader Replaying proof heuristic_SYN036p2.key.proof 
224822     DEBUG main            d.u.i.k.p.i.IntermediateProofReplayer Proof replay took 63.21ms 
224823     DEBUG main            d.u.i.k.p.r.p.TestFile    ... success: reloaded. 
224824     INFO  main            d.u.i.k.p.r.p.TestFile    Now processing file /home/runner/work/key/key/key.core/../key.ui/examples/standard_key/quantifiers/injectivity.key 
224825     INFO  main            d.u.i.k.p.i.AbstractProblemLoader Loading environment from /home/runner/work/key/key/key.core/../key.ui/examples/standard_key/quantifiers/injectivity.key 
224825     DEBUG main            d.u.i.k.p.i.AbstractProblemLoader Environment load took 165.6ns 
224826     INFO  main            d.u.i.k.p.i.AbstractProblemLoader Creating init config 
227270     DEBUG main            d.u.i.k.p.i.AbstractProblemLoader Init config took 2.44s 
227283     INFO  main            d.u.i.k.p.i.AbstractProblemLoader Replaying proof injectivity.key 
227285     DEBUG main            d.u.i.k.p.i.IntermediateProofReplayer Proof replay took 6.8ns 
227386     INFO  main            d.u.i.k.p.r.p.TestFile    ... finished proof: closed. 
227756     INFO  main            d.u.i.k.p.i.AbstractProblemLoader Loading environment from /home/runner/work/key/key/key.core/../key.ui/examples/standard_key/quantifiers/injectivity.key.proof 
227756     DEBUG main            d.u.i.k.p.i.AbstractProblemLoader Environment load took 107.4ns 
227757     INFO  main            d.u.i.k.p.i.AbstractProblemLoader Creating init config 
230208     DEBUG main            d.u.i.k.p.i.AbstractProblemLoader Init config took 2.45s 
230221     INFO  main            d.u.i.k.p.i.AbstractProblemLoader Replaying proof injectivity.key.proof 
230224     DEBUG main            d.u.i.k.p.i.IntermediateProofReplayer Proof replay took 1.71ms 
230225     DEBUG main            d.u.i.k.p.r.p.TestFile    ... success: reloaded. 
230226     INFO  main            d.u.i.k.p.r.p.TestFile    Now processing file /home/runner/work/key/key/key.core/../key.ui/examples/standard_key/quantifiers/normalisation0.key 
230226     INFO  main            d.u.i.k.p.i.AbstractProblemLoader Loading environment from /home/runner/work/key/key/key.core/../key.ui/examples/standard_key/quantifiers/normalisation0.key 
230226     DEBUG main            d.u.i.k.p.i.AbstractProblemLoader Environment load took 59.8ns 
230227     INFO  main            d.u.i.k.p.i.AbstractProblemLoader Creating init config 
232711     DEBUG main            d.u.i.k.p.i.AbstractProblemLoader Init config took 2.48s 
232724     INFO  main            d.u.i.k.p.i.AbstractProblemLoader Replaying proof normalisation0.key 
232725     DEBUG main            d.u.i.k.p.i.IntermediateProofReplayer Proof replay took 7.1ns 
232827     INFO  main            d.u.i.k.p.r.p.TestFile    ... finished proof: closed. 
233189     INFO  main            d.u.i.k.p.i.AbstractProblemLoader Loading environment from /home/runner/work/key/key/key.core/../key.ui/examples/standard_key/quantifiers/normalisation0.key.proof 
233189     DEBUG main            d.u.i.k.p.i.AbstractProblemLoader Environment load took 94.3ns 
233191     INFO  main            d.u.i.k.p.i.AbstractProblemLoader Creating init config 
235623     DEBUG main            d.u.i.k.p.i.AbstractProblemLoader Init config took 2.43s 
235636     INFO  main            d.u.i.k.p.i.AbstractProblemLoader Replaying proof normalisation0.key.proof 
235640     DEBUG main            d.u.i.k.p.i.IntermediateProofReplayer Proof replay took 2.46ms 
235641     DEBUG main            d.u.i.k.p.r.p.TestFile    ... success: reloaded. 
235642     INFO  main            d.u.i.k.p.r.p.TestFile    Now processing file /home/runner/work/key/key/key.core/../key.ui/examples/standard_key/quantifiers/normalisation1.key 
235642     INFO  main            d.u.i.k.p.i.AbstractProblemLoader Loading environment from /home/runner/work/key/key/key.core/../key.ui/examples/standard_key/quantifiers/normalisation1.key 
235642     DEBUG main            d.u.i.k.p.i.AbstractProblemLoader Environment load took 92.6ns 
235643     INFO  main            d.u.i.k.p.i.AbstractProblemLoader Creating init config 
238119     DEBUG main            d.u.i.k.p.i.AbstractProblemLoader Init config took 2.48s 
238135     INFO  main            d.u.i.k.p.i.AbstractProblemLoader Replaying proof normalisation1.key 
238136     DEBUG main            d.u.i.k.p.i.IntermediateProofReplayer Proof replay took 6.6ns 
238241     INFO  main            d.u.i.k.p.r.p.TestFile    ... finished proof: closed. 
238604     INFO  main            d.u.i.k.p.i.AbstractProblemLoader Loading environment from /home/runner/work/key/key/key.core/../key.ui/examples/standard_key/quantifiers/normalisation1.key.proof 
238604     DEBUG main            d.u.i.k.p.i.AbstractProblemLoader Environment load took 97.3ns 
238606     INFO  main            d.u.i.k.p.i.AbstractProblemLoader Creating init config 
241066     DEBUG main            d.u.i.k.p.i.AbstractProblemLoader Init config took 2.46s 
241089     INFO  main            d.u.i.k.p.i.AbstractProblemLoader Replaying proof normalisation1.key.proof 
241093     DEBUG main            d.u.i.k.p.i.IntermediateProofReplayer Proof replay took 2.68ms 
241094     DEBUG main            d.u.i.k.p.r.p.TestFile    ... success: reloaded. 
241094     INFO  main            d.u.i.k.p.r.p.TestFile    Now processing file /home/runner/work/key/key/key.core/../key.ui/examples/standard_key/quantifiers/normalisation2.key 
241095     INFO  main            d.u.i.k.p.i.AbstractProblemLoader Loading environment from /home/runner/work/key/key/key.core/../key.ui/examples/standard_key/quantifiers/normalisation2.key 
241095     DEBUG main            d.u.i.k.p.i.AbstractProblemLoader Environment load took 90ns 
241096     INFO  main            d.u.i.k.p.i.AbstractProblemLoader Creating init config 
243563     DEBUG main            d.u.i.k.p.i.AbstractProblemLoader Init config took 2.47s 
243576     INFO  main            d.u.i.k.p.i.AbstractProblemLoader Replaying proof normalisation2.key 
243577     DEBUG main            d.u.i.k.p.i.IntermediateProofReplayer Proof replay took 6.9ns 
243679     INFO  main            d.u.i.k.p.r.p.TestFile    ... finished proof: closed. 
244132     INFO  main            d.u.i.k.p.i.AbstractProblemLoader Loading environment from /home/runner/work/key/key/key.core/../key.ui/examples/standard_key/quantifiers/normalisation2.key.proof 
244132     DEBUG main            d.u.i.k.p.i.AbstractProblemLoader Environment load took 97.2ns 
244134     INFO  main            d.u.i.k.p.i.AbstractProblemLoader Creating init config 
246612     DEBUG main            d.u.i.k.p.i.AbstractProblemLoader Init config took 2.48s 
246625     INFO  main            d.u.i.k.p.i.AbstractProblemLoader Replaying proof normalisation2.key.proof 
246629     DEBUG main            d.u.i.k.p.i.IntermediateProofReplayer Proof replay took 2.13ms 
246630     DEBUG main            d.u.i.k.p.r.p.TestFile    ... success: reloaded. 
246630     INFO  main            d.u.i.k.p.r.p.TestFile    Now processing file /home/runner/work/key/key/key.core/../key.ui/examples/standard_key/quantifiers/normalisation3.key 
246631     INFO  main            d.u.i.k.p.i.AbstractProblemLoader Loading environment from /home/runner/work/key/key/key.core/../key.ui/examples/standard_key/quantifiers/normalisation3.key 
246631     DEBUG main            d.u.i.k.p.i.AbstractProblemLoader Environment load took 95.4ns 
246631     INFO  main            d.u.i.k.p.i.AbstractProblemLoader Creating init config 
249104     DEBUG main            d.u.i.k.p.i.AbstractProblemLoader Init config took 2.47s 
249117     INFO  main            d.u.i.k.p.i.AbstractProblemLoader Replaying proof normalisation3.key 
249118     DEBUG main            d.u.i.k.p.i.IntermediateProofReplayer Proof replay took 7.2ns 
249220     INFO  main            d.u.i.k.p.r.p.TestFile    ... finished proof: closed. 
249598     INFO  main            d.u.i.k.p.i.AbstractProblemLoader Loading environment from /home/runner/work/key/key/key.core/../key.ui/examples/standard_key/quantifiers/normalisation3.key.proof 
249598     DEBUG main            d.u.i.k.p.i.AbstractProblemLoader Environment load took 103.5ns 
249599     INFO  main            d.u.i.k.p.i.AbstractProblemLoader Creating init config 
252065     DEBUG main            d.u.i.k.p.i.AbstractProblemLoader Init config took 2.47s 
252086     INFO  main            d.u.i.k.p.i.AbstractProblemLoader Replaying proof normalisation3.key.proof 
252091     DEBUG main            d.u.i.k.p.i.IntermediateProofReplayer Proof replay took 3.18ms 
252092     DEBUG main            d.u.i.k.p.r.p.TestFile    ... success: reloaded. 
252092     INFO  main            d.u.i.k.p.r.p.TestFile    Now processing file /home/runner/work/key/key/key.core/../key.ui/examples/standard_key/quantifiers/normalisation4.key 
252093     INFO  main            d.u.i.k.p.i.AbstractProblemLoader Loading environment from /home/runner/work/key/key/key.core/../key.ui/examples/standard_key/quantifiers/normalisation4.key 
252094     DEBUG main            d.u.i.k.p.i.AbstractProblemLoader Environment load took 147.4ns 
252095     INFO  main            d.u.i.k.p.i.AbstractProblemLoader Creating init config 
254581     DEBUG main            d.u.i.k.p.i.AbstractProblemLoader Init config took 2.49s 
254594     INFO  main            d.u.i.k.p.i.AbstractProblemLoader Replaying proof normalisation4.key 
254595     DEBUG main            d.u.i.k.p.i.IntermediateProofReplayer Proof replay took 6.2ns 
254697     INFO  main            d.u.i.k.p.r.p.TestFile    ... finished proof: closed. 
255077     INFO  main            d.u.i.k.p.i.AbstractProblemLoader Loading environment from /home/runner/work/key/key/key.core/../key.ui/examples/standard_key/quantifiers/normalisation4.key.proof 
255077     DEBUG main            d.u.i.k.p.i.AbstractProblemLoader Environment load took 95.2ns 
255085     INFO  main            d.u.i.k.p.i.AbstractProblemLoader Creating init config 
257553     DEBUG main            d.u.i.k.p.i.AbstractProblemLoader Init config took 2.47s 
257568     INFO  main            d.u.i.k.p.i.AbstractProblemLoader Replaying proof normalisation4.key.proof 
257575     DEBUG main            d.u.i.k.p.i.IntermediateProofReplayer Proof replay took 5.29ms 
257575     DEBUG main            d.u.i.k.p.r.p.TestFile    ... success: reloaded. 
257576     INFO  main            d.u.i.k.p.r.p.TestFile    Now processing file /home/runner/work/key/key/key.core/../key.ui/examples/standard_key/quantifiers/normalisation5.key 
257576     INFO  main            d.u.i.k.p.i.AbstractProblemLoader Loading environment from /home/runner/work/key/key/key.core/../key.ui/examples/standard_key/quantifiers/normalisation5.key 
257577     DEBUG main            d.u.i.k.p.i.AbstractProblemLoader Environment load took 86.4ns 
257578     INFO  main            d.u.i.k.p.i.AbstractProblemLoader Creating init config 
260029     DEBUG main            d.u.i.k.p.i.AbstractProblemLoader Init config took 2.45s 
260042     INFO  main            d.u.i.k.p.i.AbstractProblemLoader Replaying proof normalisation5.key 
260044     DEBUG main            d.u.i.k.p.i.IntermediateProofReplayer Proof replay took 7ns 
260146     INFO  main            d.u.i.k.p.r.p.TestFile    ... finished proof: closed. 
260577     INFO  main            d.u.i.k.p.i.AbstractProblemLoader Loading environment from /home/runner/work/key/key/key.core/../key.ui/examples/standard_key/quantifiers/normalisation5.key.proof 
260577     DEBUG main            d.u.i.k.p.i.AbstractProblemLoader Environment load took 104.4ns 
260578     INFO  main            d.u.i.k.p.i.AbstractProblemLoader Creating init config 
263090     DEBUG main            d.u.i.k.p.i.AbstractProblemLoader Init config took 2.51s 
263102     INFO  main            d.u.i.k.p.i.AbstractProblemLoader Replaying proof normalisation5.key.proof 
263109     DEBUG main            d.u.i.k.p.i.IntermediateProofReplayer Proof replay took 4.03ms 
263109     DEBUG main            d.u.i.k.p.r.p.TestFile    ... success: reloaded. 
263110     INFO  main            d.u.i.k.p.r.p.TestFile    Now processing file /home/runner/work/key/key/key.core/../key.ui/examples/standard_key/quantifiers/normalisation6.key 
263110     INFO  main            d.u.i.k.p.i.AbstractProblemLoader Loading environment from /home/runner/work/key/key/key.core/../key.ui/examples/standard_key/quantifiers/normalisation6.key 
263110     DEBUG main            d.u.i.k.p.i.AbstractProblemLoader Environment load took 172.4ns 
263111     INFO  main            d.u.i.k.p.i.AbstractProblemLoader Creating init config 
265601     DEBUG main            d.u.i.k.p.i.AbstractProblemLoader Init config took 2.49s 
265613     INFO  main            d.u.i.k.p.i.AbstractProblemLoader Replaying proof normalisation6.key 
265615     DEBUG main            d.u.i.k.p.i.IntermediateProofReplayer Proof replay took 6ns 
265716     INFO  main            d.u.i.k.p.r.p.TestFile    ... finished proof: closed. 
266117     INFO  main            d.u.i.k.p.i.AbstractProblemLoader Loading environment from /home/runner/work/key/key/key.core/../key.ui/examples/standard_key/quantifiers/normalisation6.key.proof 
266117     DEBUG main            d.u.i.k.p.i.AbstractProblemLoader Environment load took 129ns 
266118     INFO  main            d.u.i.k.p.i.AbstractProblemLoader Creating init config 
268678     DEBUG main            d.u.i.k.p.i.AbstractProblemLoader Init config took 2.56s 
268692     INFO  main            d.u.i.k.p.i.AbstractProblemLoader Replaying proof normalisation6.key.proof 
268696     DEBUG main            d.u.i.k.p.i.IntermediateProofReplayer Proof replay took 2.56ms 
268697     DEBUG main            d.u.i.k.p.r.p.TestFile    ... success: reloaded. 
268698     INFO  main            d.u.i.k.p.r.p.TestFile    Now processing file /home/runner/work/key/key/key.core/../key.ui/examples/standard_key/quantifiers/normalisation7.key 
268698     INFO  main            d.u.i.k.p.i.AbstractProblemLoader Loading environment from /home/runner/work/key/key/key.core/../key.ui/examples/standard_key/quantifiers/normalisation7.key 
268699     DEBUG main            d.u.i.k.p.i.AbstractProblemLoader Environment load took 98.1ns 
268699     INFO  main            d.u.i.k.p.i.AbstractProblemLoader Creating init config 
271243     DEBUG main            d.u.i.k.p.i.AbstractProblemLoader Init config took 2.54s 
271257     INFO  main            d.u.i.k.p.i.AbstractProblemLoader Replaying proof normalisation7.key 
271259     DEBUG main            d.u.i.k.p.i.IntermediateProofReplayer Proof replay took 7.8ns 
271365     INFO  main            d.u.i.k.p.r.p.TestFile    ... finished proof: closed. 
271775     INFO  main            d.u.i.k.p.i.AbstractProblemLoader Loading environment from /home/runner/work/key/key/key.core/../key.ui/examples/standard_key/quantifiers/normalisation7.key.proof 
271775     DEBUG main            d.u.i.k.p.i.AbstractProblemLoader Environment load took 114.6ns 
271777     INFO  main            d.u.i.k.p.i.AbstractProblemLoader Creating init config 
274257     DEBUG main            d.u.i.k.p.i.AbstractProblemLoader Init config took 2.48s 
274273     INFO  main            d.u.i.k.p.i.AbstractProblemLoader Replaying proof normalisation7.key.proof 
274276     DEBUG main            d.u.i.k.p.i.IntermediateProofReplayer Proof replay took 2.15ms 
274277     DEBUG main            d.u.i.k.p.r.p.TestFile    ... success: reloaded. 
274278     INFO  main            d.u.i.k.p.r.p.TestFile    Now processing file /home/runner/work/key/key/key.core/../key.ui/examples/standard_key/quantifiers/normalisation8.key 
274278     INFO  main            d.u.i.k.p.i.AbstractProblemLoader Loading environment from /home/runner/work/key/key/key.core/../key.ui/examples/standard_key/quantifiers/normalisation8.key 
274278     DEBUG main            d.u.i.k.p.i.AbstractProblemLoader Environment load took 92.9ns 
274279     INFO  main            d.u.i.k.p.i.AbstractProblemLoader Creating init config 
276766     DEBUG main            d.u.i.k.p.i.AbstractProblemLoader Init config took 2.49s 
276780     INFO  main            d.u.i.k.p.i.AbstractProblemLoader Replaying proof normalisation8.key 
276781     DEBUG main            d.u.i.k.p.i.IntermediateProofReplayer Proof replay took 6.9ns 
276883     INFO  main            d.u.i.k.p.r.p.TestFile    ... finished proof: closed. 
277290     INFO  main            d.u.i.k.p.i.AbstractProblemLoader Loading environment from /home/runner/work/key/key/key.core/../key.ui/examples/standard_key/quantifiers/normalisation8.key.proof 
277290     DEBUG main            d.u.i.k.p.i.AbstractProblemLoader Environment load took 100.8ns 
277291     INFO  main            d.u.i.k.p.i.AbstractProblemLoader Creating init config 
279725     DEBUG main            d.u.i.k.p.i.AbstractProblemLoader Init config took 2.43s 
279739     INFO  main            d.u.i.k.p.i.AbstractProblemLoader Replaying proof normalisation8.key.proof 
279746     DEBUG main            d.u.i.k.p.i.IntermediateProofReplayer Proof replay took 5.45ms 
279746     DEBUG main            d.u.i.k.p.r.p.TestFile    ... success: reloaded. 
279747     INFO  main            d.u.i.k.p.r.p.TestFile    Now processing file /home/runner/work/key/key/key.core/../key.ui/examples/standard_key/quantifiers/normalisation9.key 
279748     INFO  main            d.u.i.k.p.i.AbstractProblemLoader Loading environment from /home/runner/work/key/key/key.core/../key.ui/examples/standard_key/quantifiers/normalisation9.key 
279748     DEBUG main            d.u.i.k.p.i.AbstractProblemLoader Environment load took 88ns 
279749     INFO  main            d.u.i.k.p.i.AbstractProblemLoader Creating init config 
282227     DEBUG main            d.u.i.k.p.i.AbstractProblemLoader Init config took 2.48s 
282241     INFO  main            d.u.i.k.p.i.AbstractProblemLoader Replaying proof normalisation9.key 
282242     DEBUG main            d.u.i.k.p.i.IntermediateProofReplayer Proof replay took 7.3ns 
282344     INFO  main            d.u.i.k.p.r.p.TestFile    ... finished proof: closed. 
282779     INFO  main            d.u.i.k.p.i.AbstractProblemLoader Loading environment from /home/runner/work/key/key/key.core/../key.ui/examples/standard_key/quantifiers/normalisation9.key.proof 
282779     DEBUG main            d.u.i.k.p.i.AbstractProblemLoader Environment load took 89.9ns 
282781     INFO  main            d.u.i.k.p.i.AbstractProblemLoader Creating init config 
285288     DEBUG main            d.u.i.k.p.i.AbstractProblemLoader Init config took 2.51s 
285301     INFO  main            d.u.i.k.p.i.AbstractProblemLoader Replaying proof normalisation9.key.proof 
285309     DEBUG main            d.u.i.k.p.i.IntermediateProofReplayer Proof replay took 7.05ms 
285313     DEBUG main            d.u.i.k.p.r.p.TestFile    ... success: reloaded. 
285314     INFO  main            d.u.i.k.p.r.p.TestFile    Now processing file /home/runner/work/key/key/key.core/../key.ui/examples/standard_key/quantifiers/normalisation10.key 
285314     INFO  main            d.u.i.k.p.i.AbstractProblemLoader Loading environment from /home/runner/work/key/key/key.core/../key.ui/examples/standard_key/quantifiers/normalisation10.key 
285314     DEBUG main            d.u.i.k.p.i.AbstractProblemLoader Environment load took 91.6ns 
285315     INFO  main            d.u.i.k.p.i.AbstractProblemLoader Creating init config 
287863     DEBUG main            d.u.i.k.p.i.AbstractProblemLoader Init config took 2.55s 
287876     INFO  main            d.u.i.k.p.i.AbstractProblemLoader Replaying proof normalisation10.key 
287878     DEBUG main            d.u.i.k.p.i.IntermediateProofReplayer Proof replay took 6.9ns 
287980     INFO  main            d.u.i.k.p.r.p.TestFile    ... finished proof: closed. 
288403     INFO  main            d.u.i.k.p.i.AbstractProblemLoader Loading environment from /home/runner/work/key/key/key.core/../key.ui/examples/standard_key/quantifiers/normalisation10.key.proof 
288403     DEBUG main            d.u.i.k.p.i.AbstractProblemLoader Environment load took 96.4ns 
288405     INFO  main            d.u.i.k.p.i.AbstractProblemLoader Creating init config 
290867     DEBUG main            d.u.i.k.p.i.AbstractProblemLoader Init config took 2.46s 
290881     INFO  main            d.u.i.k.p.i.AbstractProblemLoader Replaying proof normalisation10.key.proof 
290888     DEBUG main            d.u.i.k.p.i.IntermediateProofReplayer Proof replay took 5.27ms 
290889     DEBUG main            d.u.i.k.p.r.p.TestFile    ... success: reloaded. 
290890     INFO  main            d.u.i.k.p.r.p.TestFile    Now processing file /home/runner/work/key/key/key.core/../key.ui/examples/standard_key/quantifiers/normalisation12.key 
290890     INFO  main            d.u.i.k.p.i.AbstractProblemLoader Loading environment from /home/runner/work/key/key/key.core/../key.ui/examples/standard_key/quantifiers/normalisation12.key 
290890     DEBUG main            d.u.i.k.p.i.AbstractProblemLoader Environment load took 97.6ns 
290891     INFO  main            d.u.i.k.p.i.AbstractProblemLoader Creating init config 
293372     DEBUG main            d.u.i.k.p.i.AbstractProblemLoader Init config took 2.48s 
293385     INFO  main            d.u.i.k.p.i.AbstractProblemLoader Replaying proof normalisation12.key 
293387     DEBUG main            d.u.i.k.p.i.IntermediateProofReplayer Proof replay took 7.9ns 
293488     INFO  main            d.u.i.k.p.r.p.TestFile    ... finished proof: closed. 
294043     INFO  main            d.u.i.k.p.i.AbstractProblemLoader Loading environment from /home/runner/work/key/key/key.core/../key.ui/examples/standard_key/quantifiers/normalisation12.key.proof 
294043     DEBUG main            d.u.i.k.p.i.AbstractProblemLoader Environment load took 87.9ns 
294044     INFO  main            d.u.i.k.p.i.AbstractProblemLoader Creating init config 
296483     DEBUG main            d.u.i.k.p.i.AbstractProblemLoader Init config took 2.44s 
296496     INFO  main            d.u.i.k.p.i.AbstractProblemLoader Replaying proof normalisation12.key.proof 
296500     DEBUG main            d.u.i.k.p.i.IntermediateProofReplayer Proof replay took 1.8ms 
296500     DEBUG main            d.u.i.k.p.r.p.TestFile    ... success: reloaded. 
296501     INFO  main            d.u.i.k.p.r.p.TestFile    Now processing file /home/runner/work/key/key/key.core/../key.ui/examples/standard_key/quantifiers/normalisation13.key 
296501     INFO  main            d.u.i.k.p.i.AbstractProblemLoader Loading environment from /home/runner/work/key/key/key.core/../key.ui/examples/standard_key/quantifiers/normalisation13.key 
296501     DEBUG main            d.u.i.k.p.i.AbstractProblemLoader Environment load took 103.1ns 
296502     INFO  main            d.u.i.k.p.i.AbstractProblemLoader Creating init config 
298980     DEBUG main            d.u.i.k.p.i.AbstractProblemLoader Init config took 2.48s 
298993     INFO  main            d.u.i.k.p.i.AbstractProblemLoader Replaying proof normalisation13.key 
298994     DEBUG main            d.u.i.k.p.i.IntermediateProofReplayer Proof replay took 6.9ns 
299096     INFO  main            d.u.i.k.p.r.p.TestFile    ... finished proof: closed. 
299528     INFO  main            d.u.i.k.p.i.AbstractProblemLoader Loading environment from /home/runner/work/key/key/key.core/../key.ui/examples/standard_key/quantifiers/normalisation13.key.proof 
299528     DEBUG main            d.u.i.k.p.i.AbstractProblemLoader Environment load took 93.3ns 
299529     INFO  main            d.u.i.k.p.i.AbstractProblemLoader Creating init config 
301991     DEBUG main            d.u.i.k.p.i.AbstractProblemLoader Init config took 2.46s 
302004     INFO  main            d.u.i.k.p.i.AbstractProblemLoader Replaying proof normalisation13.key.proof 
302006     DEBUG main            d.u.i.k.p.i.IntermediateProofReplayer Proof replay took 549.9ns 
302007     DEBUG main            d.u.i.k.p.r.p.TestFile    ... success: reloaded. 
302007     INFO  main            d.u.i.k.p.r.p.TestFile    Now processing file /home/runner/work/key/key/key.core/../key.ui/examples/standard_key/quantifiers/triggers0.key 
302008     INFO  main            d.u.i.k.p.i.AbstractProblemLoader Loading environment from /home/runner/work/key/key/key.core/../key.ui/examples/standard_key/quantifiers/triggers0.key 
302008     DEBUG main            d.u.i.k.p.i.AbstractProblemLoader Environment load took 129.6ns 
302009     INFO  main            d.u.i.k.p.i.AbstractProblemLoader Creating init config 
304503     DEBUG main            d.u.i.k.p.i.AbstractProblemLoader Init config took 2.49s 
304515     INFO  main            d.u.i.k.p.i.AbstractProblemLoader Replaying proof triggers0.key 
304516     DEBUG main            d.u.i.k.p.i.IntermediateProofReplayer Proof replay took 6.4ns 
304618     INFO  main            d.u.i.k.p.r.p.TestFile    ... finished proof: closed. 
305073     INFO  main            d.u.i.k.p.i.AbstractProblemLoader Loading environment from /home/runner/work/key/key/key.core/../key.ui/examples/standard_key/quantifiers/triggers0.key.proof 
305073     DEBUG main            d.u.i.k.p.i.AbstractProblemLoader Environment load took 103.1ns 
305074     INFO  main            d.u.i.k.p.i.AbstractProblemLoader Creating init config 
307554     DEBUG main            d.u.i.k.p.i.AbstractProblemLoader Init config took 2.48s 
307567     INFO  main            d.u.i.k.p.i.AbstractProblemLoader Replaying proof triggers0.key.proof 
307570     DEBUG main            d.u.i.k.p.i.IntermediateProofReplayer Proof replay took 1.6ms 
307571     DEBUG main            d.u.i.k.p.r.p.TestFile    ... success: reloaded. 
4244837    INFO  Test worker     d.u.i.k.p.r.p.StatisticsFile Returning from test FOL 
4244846    INFO  Test worker     d.u.i.k.p.r.p.StatisticsFile Running test strings 
379        INFO  Timeout watchdog d.u.i.k.p.r.p.ForkedTestFileRunner Timeout watcher launched (2000 secs.) 
389        WARN  main            d.u.i.k.s.ProofSettings   The settings in /home/runner/.key/proof-settings.props are *not* read. 
442        INFO  main            d.u.i.k.p.r.p.TestFile    Now processing file /home/runner/work/key/key/key.core/../key.ui/examples/standard_key/strings/charAt0.key 
573        INFO  main            d.u.i.k.p.i.AbstractProblemLoader Loading environment from /home/runner/work/key/key/key.core/../key.ui/examples/standard_key/strings/charAt0.key 
592        DEBUG main            d.u.i.k.p.i.AbstractProblemLoader Environment load took 2.05ms 
895        INFO  main            d.u.i.k.p.i.AbstractProblemLoader Creating init config 
1964       DEBUG main            d.u.i.k.j.TypeConverter   No LDT found for Meta 
1965       DEBUG main            d.u.i.k.j.TypeConverter   No LDT found for Meta 
1968       DEBUG main            d.u.i.k.j.TypeConverter   No LDT found for Meta 
1969       DEBUG main            d.u.i.k.j.TypeConverter   No LDT found for Meta 
3729       DEBUG main            d.u.i.k.j.TypeConverter   No LDT found for JavaBigintExpression 
8886       DEBUG main            d.u.i.k.p.i.AbstractProblemLoader Init config took 7.99s 
8981       INFO  main            d.u.i.k.p.i.AbstractProblemLoader Replaying proof charAt0.key 
9029       DEBUG main            d.u.i.k.p.i.IntermediateProofReplayer Proof replay took 40.4ns 
9423       INFO  main            d.u.i.k.p.r.p.TestFile    ... finished proof: closed. 
9535       INFO  main            d.u.i.k.p.i.AbstractProblemLoader Loading environment from /home/runner/work/key/key/key.core/../key.ui/examples/standard_key/strings/charAt0.key.proof 
9537       DEBUG main            d.u.i.k.p.i.AbstractProblemLoader Environment load took 1.28ms 
9546       INFO  main            d.u.i.k.p.i.AbstractProblemLoader Creating init config 
12681      DEBUG main            d.u.i.k.p.i.AbstractProblemLoader Init config took 3.14s 
12715      INFO  main            d.u.i.k.p.i.AbstractProblemLoader Replaying proof charAt0.key.proof 
12759      DEBUG main            d.u.i.k.p.i.IntermediateProofReplayer Proof replay took 36.94ms 
12775      DEBUG main            d.u.i.k.p.r.p.TestFile    ... success: reloaded. 
12777      INFO  main            d.u.i.k.p.r.p.TestFile    Now processing file /home/runner/work/key/key/key.core/../key.ui/examples/standard_key/strings/charAt1.key 
12777      INFO  main            d.u.i.k.p.i.AbstractProblemLoader Loading environment from /home/runner/work/key/key/key.core/../key.ui/examples/standard_key/strings/charAt1.key 
12777      DEBUG main            d.u.i.k.p.i.AbstractProblemLoader Environment load took 135.2ns 
12780      INFO  main            d.u.i.k.p.i.AbstractProblemLoader Creating init config 
15636      DEBUG main            d.u.i.k.p.i.AbstractProblemLoader Init config took 2.86s 
15667      INFO  main            d.u.i.k.p.i.AbstractProblemLoader Replaying proof charAt1.key 
15669      DEBUG main            d.u.i.k.p.i.IntermediateProofReplayer Proof replay took 6.2ns 
15880      INFO  main            d.u.i.k.p.r.p.TestFile    ... finished proof: closed. 
16040      INFO  main            d.u.i.k.p.i.AbstractProblemLoader Loading environment from /home/runner/work/key/key/key.core/../key.ui/examples/standard_key/strings/charAt1.key.proof 
16042      DEBUG main            d.u.i.k.p.i.AbstractProblemLoader Environment load took 2.16ms 
16044      INFO  main            d.u.i.k.p.i.AbstractProblemLoader Creating init config 
18652      DEBUG main            d.u.i.k.p.i.AbstractProblemLoader Init config took 2.61s 
18684      INFO  main            d.u.i.k.p.i.AbstractProblemLoader Replaying proof charAt1.key.proof 
18729      DEBUG main            d.u.i.k.p.i.IntermediateProofReplayer Proof replay took 38.86ms 
18733      DEBUG main            d.u.i.k.p.r.p.TestFile    ... success: reloaded. 
18735      INFO  main            d.u.i.k.p.r.p.TestFile    Now processing file /home/runner/work/key/key/key.core/../key.ui/examples/standard_key/strings/concat1.key 
18735      INFO  main            d.u.i.k.p.i.AbstractProblemLoader Loading environment from /home/runner/work/key/key/key.core/../key.ui/examples/standard_key/strings/concat1.key 
18736      DEBUG main            d.u.i.k.p.i.AbstractProblemLoader Environment load took 325.6ns 
18739      INFO  main            d.u.i.k.p.i.AbstractProblemLoader Creating init config 
21425      DEBUG main            d.u.i.k.p.i.AbstractProblemLoader Init config took 2.69s 
21446      INFO  main            d.u.i.k.p.i.AbstractProblemLoader Replaying proof concat1.key 
21448      DEBUG main            d.u.i.k.p.i.IntermediateProofReplayer Proof replay took 22.5ns 
21552      INFO  main            d.u.i.k.p.r.p.TestFile    ... finished proof: closed. 
21706      INFO  main            d.u.i.k.p.i.AbstractProblemLoader Loading environment from /home/runner/work/key/key/key.core/../key.ui/examples/standard_key/strings/concat1.key.proof 
21706      DEBUG main            d.u.i.k.p.i.AbstractProblemLoader Environment load took 137ns 
21707      INFO  main            d.u.i.k.p.i.AbstractProblemLoader Creating init config 
24418      DEBUG main            d.u.i.k.p.i.AbstractProblemLoader Init config took 2.71s 
24437      INFO  main            d.u.i.k.p.i.AbstractProblemLoader Replaying proof concat1.key.proof 
24441      DEBUG main            d.u.i.k.p.i.IntermediateProofReplayer Proof replay took 1.38ms 
24442      DEBUG main            d.u.i.k.p.r.p.TestFile    ... success: reloaded. 
24443      INFO  main            d.u.i.k.p.r.p.TestFile    Now processing file /home/runner/work/key/key/key.core/../key.ui/examples/standard_key/strings/concat2.key 
24443      INFO  main            d.u.i.k.p.i.AbstractProblemLoader Loading environment from /home/runner/work/key/key/key.core/../key.ui/examples/standard_key/strings/concat2.key 
24443      DEBUG main            d.u.i.k.p.i.AbstractProblemLoader Environment load took 231.4ns 
24444      INFO  main            d.u.i.k.p.i.AbstractProblemLoader Creating init config 
27046      DEBUG main            d.u.i.k.p.i.AbstractProblemLoader Init config took 2.6s 
27067      INFO  main            d.u.i.k.p.i.AbstractProblemLoader Replaying proof concat2.key 
27069      DEBUG main            d.u.i.k.p.i.IntermediateProofReplayer Proof replay took 6ns 
27175      INFO  main            d.u.i.k.p.r.p.TestFile    ... finished proof: closed. 
27326      INFO  main            d.u.i.k.p.i.AbstractProblemLoader Loading environment from /home/runner/work/key/key/key.core/../key.ui/examples/standard_key/strings/concat2.key.proof 
27331      DEBUG main            d.u.i.k.p.i.AbstractProblemLoader Environment load took 4.9ms 
27332      INFO  main            d.u.i.k.p.i.AbstractProblemLoader Creating init config 
29896      DEBUG main            d.u.i.k.p.i.AbstractProblemLoader Init config took 2.56s 
29915      INFO  main            d.u.i.k.p.i.AbstractProblemLoader Replaying proof concat2.key.proof 
29928      DEBUG main            d.u.i.k.p.i.IntermediateProofReplayer Proof replay took 10.91ms 
29929      DEBUG main            d.u.i.k.p.r.p.TestFile    ... success: reloaded. 
29930      INFO  main            d.u.i.k.p.r.p.TestFile    Now processing file /home/runner/work/key/key/key.core/../key.ui/examples/standard_key/strings/deriveLength1.key 
29930      INFO  main            d.u.i.k.p.i.AbstractProblemLoader Loading environment from /home/runner/work/key/key/key.core/../key.ui/examples/standard_key/strings/deriveLength1.key 
29931      DEBUG main            d.u.i.k.p.i.AbstractProblemLoader Environment load took 158.5ns 
29932      INFO  main            d.u.i.k.p.i.AbstractProblemLoader Creating init config 
32615      DEBUG main            d.u.i.k.p.i.AbstractProblemLoader Init config took 2.68s 
32635      INFO  main            d.u.i.k.p.i.AbstractProblemLoader Replaying proof deriveLength1.key 
32637      DEBUG main            d.u.i.k.p.i.IntermediateProofReplayer Proof replay took 5.5ns 
32740      INFO  main            d.u.i.k.p.r.p.TestFile    ... finished proof: closed. 
32906      INFO  main            d.u.i.k.p.i.AbstractProblemLoader Loading environment from /home/runner/work/key/key/key.core/../key.ui/examples/standard_key/strings/deriveLength1.key.proof 
32906      DEBUG main            d.u.i.k.p.i.AbstractProblemLoader Environment load took 425.5ns 
32908      INFO  main            d.u.i.k.p.i.AbstractProblemLoader Creating init config 
35441      DEBUG main            d.u.i.k.p.i.AbstractProblemLoader Init config took 2.53s 
35459      INFO  main            d.u.i.k.p.i.AbstractProblemLoader Replaying proof deriveLength1.key.proof 
35473      DEBUG main            d.u.i.k.p.i.IntermediateProofReplayer Proof replay took 10.94ms 
35474      DEBUG main            d.u.i.k.p.r.p.TestFile    ... success: reloaded. 
35474      INFO  main            d.u.i.k.p.r.p.TestFile    Now processing file /home/runner/work/key/key/key.core/../key.ui/examples/standard_key/strings/emptyStringLengthZero.key 
35475      INFO  main            d.u.i.k.p.i.AbstractProblemLoader Loading environment from /home/runner/work/key/key/key.core/../key.ui/examples/standard_key/strings/emptyStringLengthZero.key 
35475      DEBUG main            d.u.i.k.p.i.AbstractProblemLoader Environment load took 226.1ns 
35476      INFO  main            d.u.i.k.p.i.AbstractProblemLoader Creating init config 
38031      DEBUG main            d.u.i.k.p.i.AbstractProblemLoader Init config took 2.56s 
38050      INFO  main            d.u.i.k.p.i.AbstractProblemLoader Replaying proof emptyStringLengthZero.key 
38052      DEBUG main            d.u.i.k.p.i.IntermediateProofReplayer Proof replay took 6.4ns 
38155      INFO  main            d.u.i.k.p.r.p.TestFile    ... finished proof: closed. 
38313      INFO  main            d.u.i.k.p.i.AbstractProblemLoader Loading environment from /home/runner/work/key/key/key.core/../key.ui/examples/standard_key/strings/emptyStringLengthZero.key.proof 
38313      DEBUG main            d.u.i.k.p.i.AbstractProblemLoader Environment load took 136.6ns 
38315      INFO  main            d.u.i.k.p.i.AbstractProblemLoader Creating init config 
40881      DEBUG main            d.u.i.k.p.i.AbstractProblemLoader Init config took 2.57s 
40899      INFO  main            d.u.i.k.p.i.AbstractProblemLoader Replaying proof emptyStringLengthZero.key.proof 
40906      DEBUG main            d.u.i.k.p.i.IntermediateProofReplayer Proof replay took 4.92ms 
40907      DEBUG main            d.u.i.k.p.r.p.TestFile    ... success: reloaded. 
40908      INFO  main            d.u.i.k.p.r.p.TestFile    Now processing file /home/runner/work/key/key/key.core/../key.ui/examples/standard_key/strings/implicitBooleanStringConversion.key 
40908      INFO  main            d.u.i.k.p.i.AbstractProblemLoader Loading environment from /home/runner/work/key/key/key.core/../key.ui/examples/standard_key/strings/implicitBooleanStringConversion.key 
40909      DEBUG main            d.u.i.k.p.i.AbstractProblemLoader Environment load took 198.9ns 
40910      INFO  main            d.u.i.k.p.i.AbstractProblemLoader Creating init config 
43570      DEBUG main            d.u.i.k.p.i.AbstractProblemLoader Init config took 2.66s 
43589      INFO  main            d.u.i.k.p.i.AbstractProblemLoader Replaying proof implicitBooleanStringConversion.key 
43591      DEBUG main            d.u.i.k.p.i.IntermediateProofReplayer Proof replay took 6.4ns 
44800      INFO  main            d.u.i.k.p.r.p.TestFile    ... finished proof: closed. 
45006      INFO  main            d.u.i.k.p.i.AbstractProblemLoader Loading environment from /home/runner/work/key/key/key.core/../key.ui/examples/standard_key/strings/implicitBooleanStringConversion.key.proof 
45007      DEBUG main            d.u.i.k.p.i.AbstractProblemLoader Environment load took 161.2ns 
45008      INFO  main            d.u.i.k.p.i.AbstractProblemLoader Creating init config 
47575      DEBUG main            d.u.i.k.p.i.AbstractProblemLoader Init config took 2.57s 
47600      INFO  main            d.u.i.k.p.i.AbstractProblemLoader Replaying proof implicitBooleanStringConversion.key.proof 
47740      DEBUG main            d.u.i.k.p.i.IntermediateProofReplayer Proof replay took 129.26ms 
47742      DEBUG main            d.u.i.k.p.r.p.TestFile    ... success: reloaded. 
47743      INFO  main            d.u.i.k.p.r.p.TestFile    Now processing file /home/runner/work/key/key/key.core/../key.ui/examples/standard_key/strings/implicitBooleanStringConversion2.key 
47743      INFO  main            d.u.i.k.p.i.AbstractProblemLoader Loading environment from /home/runner/work/key/key/key.core/../key.ui/examples/standard_key/strings/implicitBooleanStringConversion2.key 
47743      DEBUG main            d.u.i.k.p.i.AbstractProblemLoader Environment load took 214.5ns 
47744      INFO  main            d.u.i.k.p.i.AbstractProblemLoader Creating init config 
50348      DEBUG main            d.u.i.k.p.i.AbstractProblemLoader Init config took 2.6s 
50365      INFO  main            d.u.i.k.p.i.AbstractProblemLoader Replaying proof implicitBooleanStringConversion2.key 
50367      DEBUG main            d.u.i.k.p.i.IntermediateProofReplayer Proof replay took 6.6ns 
50771      INFO  main            d.u.i.k.p.r.p.TestFile    ... finished proof: closed. 
50977      INFO  main            d.u.i.k.p.i.AbstractProblemLoader Loading environment from /home/runner/work/key/key/key.core/../key.ui/examples/standard_key/strings/implicitBooleanStringConversion2.key.proof 
50978      DEBUG main            d.u.i.k.p.i.AbstractProblemLoader Environment load took 450.5ns 
50979      INFO  main            d.u.i.k.p.i.AbstractProblemLoader Creating init config 
53500      DEBUG main            d.u.i.k.p.i.AbstractProblemLoader Init config took 2.52s 
53519      INFO  main            d.u.i.k.p.i.AbstractProblemLoader Replaying proof implicitBooleanStringConversion2.key.proof 
53569      DEBUG main            d.u.i.k.p.i.IntermediateProofReplayer Proof replay took 46.17ms 
53570      DEBUG main            d.u.i.k.p.r.p.TestFile    ... success: reloaded. 
53571      INFO  main            d.u.i.k.p.r.p.TestFile    Now processing file /home/runner/work/key/key/key.core/../key.ui/examples/standard_key/strings/implicitIntStringConversion.key 
53573      INFO  main            d.u.i.k.p.i.AbstractProblemLoader Loading environment from /home/runner/work/key/key/key.core/../key.ui/examples/standard_key/strings/implicitIntStringConversion.key 
53574      DEBUG main            d.u.i.k.p.i.AbstractProblemLoader Environment load took 218.8ns 
53575      INFO  main            d.u.i.k.p.i.AbstractProblemLoader Creating init config 
56138      DEBUG main            d.u.i.k.p.i.AbstractProblemLoader Init config took 2.56s 
56158      INFO  main            d.u.i.k.p.i.AbstractProblemLoader Replaying proof implicitIntStringConversion.key 
56160      DEBUG main            d.u.i.k.p.i.IntermediateProofReplayer Proof replay took 7.2ns 
57067      INFO  main            d.u.i.k.p.r.p.TestFile    ... finished proof: closed. 
57291      INFO  main            d.u.i.k.p.i.AbstractProblemLoader Loading environment from /home/runner/work/key/key/key.core/../key.ui/examples/standard_key/strings/implicitIntStringConversion.key.proof 
57291      DEBUG main            d.u.i.k.p.i.AbstractProblemLoader Environment load took 143.3ns 
57292      INFO  main            d.u.i.k.p.i.AbstractProblemLoader Creating init config 
59813      DEBUG main            d.u.i.k.p.i.AbstractProblemLoader Init config took 2.52s 
59831      INFO  main            d.u.i.k.p.i.AbstractProblemLoader Replaying proof implicitIntStringConversion.key.proof 
59928      DEBUG main            d.u.i.k.p.i.IntermediateProofReplayer Proof replay took 91.41ms 
59930      DEBUG main            d.u.i.k.p.r.p.TestFile    ... success: reloaded. 
59931      INFO  main            d.u.i.k.p.r.p.TestFile    Now processing file /home/runner/work/key/key/key.core/../key.ui/examples/standard_key/strings/implicitNullStringConversion.key 
59931      INFO  main            d.u.i.k.p.i.AbstractProblemLoader Loading environment from /home/runner/work/key/key/key.core/../key.ui/examples/standard_key/strings/implicitNullStringConversion.key 
59931      DEBUG main            d.u.i.k.p.i.AbstractProblemLoader Environment load took 194.7ns 
59933      INFO  main            d.u.i.k.p.i.AbstractProblemLoader Creating init config 
62449      DEBUG main            d.u.i.k.p.i.AbstractProblemLoader Init config took 2.52s 
62486      INFO  main            d.u.i.k.p.i.AbstractProblemLoader Replaying proof implicitNullStringConversion.key 
62488      DEBUG main            d.u.i.k.p.i.IntermediateProofReplayer Proof replay took 7.5ns 
62891      INFO  main            d.u.i.k.p.r.p.TestFile    ... finished proof: closed. 
63124      INFO  main            d.u.i.k.p.i.AbstractProblemLoader Loading environment from /home/runner/work/key/key/key.core/../key.ui/examples/standard_key/strings/implicitNullStringConversion.key.proof 
63125      DEBUG main            d.u.i.k.p.i.AbstractProblemLoader Environment load took 392.6ns 
63126      INFO  main            d.u.i.k.p.i.AbstractProblemLoader Creating init config 
65552      DEBUG main            d.u.i.k.p.i.AbstractProblemLoader Init config took 2.43s 
65569      INFO  main            d.u.i.k.p.i.AbstractProblemLoader Replaying proof implicitNullStringConversion.key.proof 
65612      DEBUG main            d.u.i.k.p.i.IntermediateProofReplayer Proof replay took 39.82ms 
65613      DEBUG main            d.u.i.k.p.r.p.TestFile    ... success: reloaded. 
65614      INFO  main            d.u.i.k.p.r.p.TestFile    Now processing file /home/runner/work/key/key/key.core/../key.ui/examples/standard_key/strings/implicitNullStringConversion2.key 
65614      INFO  main            d.u.i.k.p.i.AbstractProblemLoader Loading environment from /home/runner/work/key/key/key.core/../key.ui/examples/standard_key/strings/implicitNullStringConversion2.key 
65614      DEBUG main            d.u.i.k.p.i.AbstractProblemLoader Environment load took 125.1ns 
65615      INFO  main            d.u.i.k.p.i.AbstractProblemLoader Creating init config 
68252      DEBUG main            d.u.i.k.p.i.AbstractProblemLoader Init config took 2.64s 
68268      INFO  main            d.u.i.k.p.i.AbstractProblemLoader Replaying proof implicitNullStringConversion2.key 
68269      DEBUG main            d.u.i.k.p.i.IntermediateProofReplayer Proof replay took 6.7ns 
68575      INFO  main            d.u.i.k.p.r.p.TestFile    ... finished proof: closed. 
68843      INFO  main            d.u.i.k.p.i.AbstractProblemLoader Loading environment from /home/runner/work/key/key/key.core/../key.ui/examples/standard_key/strings/implicitNullStringConversion2.key.proof 
68844      DEBUG main            d.u.i.k.p.i.AbstractProblemLoader Environment load took 551.5ns 
68846      INFO  main            d.u.i.k.p.i.AbstractProblemLoader Creating init config 
71298      DEBUG main            d.u.i.k.p.i.AbstractProblemLoader Init config took 2.45s 
71315      INFO  main            d.u.i.k.p.i.AbstractProblemLoader Replaying proof implicitNullStringConversion2.key.proof 
71348      DEBUG main            d.u.i.k.p.i.IntermediateProofReplayer Proof replay took 30.51ms 
71349      DEBUG main            d.u.i.k.p.r.p.TestFile    ... success: reloaded. 
71350      INFO  main            d.u.i.k.p.r.p.TestFile    Now processing file /home/runner/work/key/key/key.core/../key.ui/examples/standard_key/strings/implicitObjectStringConversion.key 
71350      INFO  main            d.u.i.k.p.i.AbstractProblemLoader Loading environment from /home/runner/work/key/key/key.core/../key.ui/examples/standard_key/strings/implicitObjectStringConversion.key 
71351      DEBUG main            d.u.i.k.p.i.AbstractProblemLoader Environment load took 195.7ns 
71352      INFO  main            d.u.i.k.p.i.AbstractProblemLoader Creating init config 
74090      DEBUG main            d.u.i.k.p.i.AbstractProblemLoader Init config took 2.74s 
74110      INFO  main            d.u.i.k.p.i.AbstractProblemLoader Replaying proof implicitObjectStringConversion.key 
74111      DEBUG main            d.u.i.k.p.i.IntermediateProofReplayer Proof replay took 7.5ns 
74720      INFO  main            d.u.i.k.p.r.p.TestFile    ... finished proof: closed. 
74992      INFO  main            d.u.i.k.p.i.AbstractProblemLoader Loading environment from /home/runner/work/key/key/key.core/../key.ui/examples/standard_key/strings/implicitObjectStringConversion.key.proof 
74994      DEBUG main            d.u.i.k.p.i.AbstractProblemLoader Environment load took 2.56ms 
74996      INFO  main            d.u.i.k.p.i.AbstractProblemLoader Creating init config 
77729      DEBUG main            d.u.i.k.p.i.AbstractProblemLoader Init config took 2.73s 
77749      INFO  main            d.u.i.k.p.i.AbstractProblemLoader Replaying proof implicitObjectStringConversion.key.proof 
77819      DEBUG main            d.u.i.k.p.i.IntermediateProofReplayer Proof replay took 66.49ms 
77821      DEBUG main            d.u.i.k.p.r.p.TestFile    ... success: reloaded. 
77822      INFO  main            d.u.i.k.p.r.p.TestFile    Now processing file /home/runner/work/key/key/key.core/../key.ui/examples/standard_key/strings/literalEquality.key 
77822      INFO  main            d.u.i.k.p.i.AbstractProblemLoader Loading environment from /home/runner/work/key/key/key.core/../key.ui/examples/standard_key/strings/literalEquality.key 
77822      DEBUG main            d.u.i.k.p.i.AbstractProblemLoader Environment load took 219.3ns 
77823      INFO  main            d.u.i.k.p.i.AbstractProblemLoader Creating init config 
80406      DEBUG main            d.u.i.k.p.i.AbstractProblemLoader Init config took 2.58s 
80425      INFO  main            d.u.i.k.p.i.AbstractProblemLoader Replaying proof literalEquality.key 
80427      DEBUG main            d.u.i.k.p.i.IntermediateProofReplayer Proof replay took 6.8ns 
80529      INFO  main            d.u.i.k.p.r.p.TestFile    ... finished proof: closed. 
80751      INFO  main            d.u.i.k.p.i.AbstractProblemLoader Loading environment from /home/runner/work/key/key/key.core/../key.ui/examples/standard_key/strings/literalEquality.key.proof 
80751      DEBUG main            d.u.i.k.p.i.AbstractProblemLoader Environment load took 139.6ns 
80752      INFO  main            d.u.i.k.p.i.AbstractProblemLoader Creating init config 
83314      DEBUG main            d.u.i.k.p.i.AbstractProblemLoader Init config took 2.56s 
83331      INFO  main            d.u.i.k.p.i.AbstractProblemLoader Replaying proof literalEquality.key.proof 
83335      DEBUG main            d.u.i.k.p.i.IntermediateProofReplayer Proof replay took 2.77ms 
83336      DEBUG main            d.u.i.k.p.r.p.TestFile    ... success: reloaded. 
83337      INFO  main            d.u.i.k.p.r.p.TestFile    Now processing file /home/runner/work/key/key/key.core/../key.ui/examples/standard_key/strings/replace0.key 
83338      INFO  main            d.u.i.k.p.i.AbstractProblemLoader Loading environment from /home/runner/work/key/key/key.core/../key.ui/examples/standard_key/strings/replace0.key 
83338      DEBUG main            d.u.i.k.p.i.AbstractProblemLoader Environment load took 297.7ns 
83339      INFO  main            d.u.i.k.p.i.AbstractProblemLoader Creating init config 
85800      DEBUG main            d.u.i.k.p.i.AbstractProblemLoader Init config took 2.46s 
85814      INFO  main            d.u.i.k.p.i.AbstractProblemLoader Replaying proof replace0.key 
85816      DEBUG main            d.u.i.k.p.i.IntermediateProofReplayer Proof replay took 7.1ns 
85918      INFO  main            d.u.i.k.p.r.p.TestFile    ... finished proof: closed. 
86149      INFO  main            d.u.i.k.p.i.AbstractProblemLoader Loading environment from /home/runner/work/key/key/key.core/../key.ui/examples/standard_key/strings/replace0.key.proof 
86150      DEBUG main            d.u.i.k.p.i.AbstractProblemLoader Environment load took 123.5ns 
86151      INFO  main            d.u.i.k.p.i.AbstractProblemLoader Creating init config 
88644      DEBUG main            d.u.i.k.p.i.AbstractProblemLoader Init config took 2.49s 
88660      INFO  main            d.u.i.k.p.i.AbstractProblemLoader Replaying proof replace0.key.proof 
88667      DEBUG main            d.u.i.k.p.i.IntermediateProofReplayer Proof replay took 5.8ms 
88669      DEBUG main            d.u.i.k.p.r.p.TestFile    ... success: reloaded. 
88669      INFO  main            d.u.i.k.p.r.p.TestFile    Now processing file /home/runner/work/key/key/key.core/../key.ui/examples/standard_key/strings/replace1.key 
88670      INFO  main            d.u.i.k.p.i.AbstractProblemLoader Loading environment from /home/runner/work/key/key/key.core/../key.ui/examples/standard_key/strings/replace1.key 
88670      DEBUG main            d.u.i.k.p.i.AbstractProblemLoader Environment load took 203.8ns 
88671      INFO  main            d.u.i.k.p.i.AbstractProblemLoader Creating init config 
91155      DEBUG main            d.u.i.k.p.i.AbstractProblemLoader Init config took 2.48s 
91168      INFO  main            d.u.i.k.p.i.AbstractProblemLoader Replaying proof replace1.key 
91169      DEBUG main            d.u.i.k.p.i.IntermediateProofReplayer Proof replay took 6.8ns 
91274      INFO  main            d.u.i.k.p.r.p.TestFile    ... finished proof: closed. 
91498      INFO  main            d.u.i.k.p.i.AbstractProblemLoader Loading environment from /home/runner/work/key/key/key.core/../key.ui/examples/standard_key/strings/replace1.key.proof 
91498      DEBUG main            d.u.i.k.p.i.AbstractProblemLoader Environment load took 124.5ns 
91499      INFO  main            d.u.i.k.p.i.AbstractProblemLoader Creating init config 
93968      DEBUG main            d.u.i.k.p.i.AbstractProblemLoader Init config took 2.47s 
93985      INFO  main            d.u.i.k.p.i.AbstractProblemLoader Replaying proof replace1.key.proof 
93994      DEBUG main            d.u.i.k.p.i.IntermediateProofReplayer Proof replay took 7.26ms 
93996      DEBUG main            d.u.i.k.p.r.p.TestFile    ... success: reloaded. 
93996      INFO  main            d.u.i.k.p.r.p.TestFile    Now processing file /home/runner/work/key/key/key.core/../key.ui/examples/standard_key/strings/simpleAssignment.key 
93997      INFO  main            d.u.i.k.p.i.AbstractProblemLoader Loading environment from /home/runner/work/key/key/key.core/../key.ui/examples/standard_key/strings/simpleAssignment.key 
93997      DEBUG main            d.u.i.k.p.i.AbstractProblemLoader Environment load took 158.7ns 
93998      INFO  main            d.u.i.k.p.i.AbstractProblemLoader Creating init config 
96426      DEBUG main            d.u.i.k.p.i.AbstractProblemLoader Init config took 2.43s 
96441      INFO  main            d.u.i.k.p.i.AbstractProblemLoader Replaying proof simpleAssignment.key 
96443      DEBUG main            d.u.i.k.p.i.IntermediateProofReplayer Proof replay took 6.6ns 
96545      INFO  main            d.u.i.k.p.r.p.TestFile    ... finished proof: closed. 
96786      INFO  main            d.u.i.k.p.i.AbstractProblemLoader Loading environment from /home/runner/work/key/key/key.core/../key.ui/examples/standard_key/strings/simpleAssignment.key.proof 
96786      DEBUG main            d.u.i.k.p.i.AbstractProblemLoader Environment load took 125.2ns 
96788      INFO  main            d.u.i.k.p.i.AbstractProblemLoader Creating init config 
99234      DEBUG main            d.u.i.k.p.i.AbstractProblemLoader Init config took 2.45s 
99249      INFO  main            d.u.i.k.p.i.AbstractProblemLoader Replaying proof simpleAssignment.key.proof 
99252      DEBUG main            d.u.i.k.p.i.IntermediateProofReplayer Proof replay took 1.53ms 
99253      DEBUG main            d.u.i.k.p.r.p.TestFile    ... success: reloaded. 
99254      INFO  main            d.u.i.k.p.r.p.TestFile    Now processing file /home/runner/work/key/key/key.core/../key.ui/examples/standard_key/strings/simpleLengthComp.key 
99254      INFO  main            d.u.i.k.p.i.AbstractProblemLoader Loading environment from /home/runner/work/key/key/key.core/../key.ui/examples/standard_key/strings/simpleLengthComp.key 
99255      DEBUG main            d.u.i.k.p.i.AbstractProblemLoader Environment load took 188.7ns 
99256      INFO  main            d.u.i.k.p.i.AbstractProblemLoader Creating init config 
101729     DEBUG main            d.u.i.k.p.i.AbstractProblemLoader Init config took 2.47s 
101762     INFO  main            d.u.i.k.p.i.AbstractProblemLoader Replaying proof simpleLengthComp.key 
101765     DEBUG main            d.u.i.k.p.i.IntermediateProofReplayer Proof replay took 8.8ns 
101967     INFO  main            d.u.i.k.p.r.p.TestFile    ... finished proof: closed. 
102205     INFO  main            d.u.i.k.p.i.AbstractProblemLoader Loading environment from /home/runner/work/key/key/key.core/../key.ui/examples/standard_key/strings/simpleLengthComp.key.proof 
102205     DEBUG main            d.u.i.k.p.i.AbstractProblemLoader Environment load took 149.7ns 
102206     INFO  main            d.u.i.k.p.i.AbstractProblemLoader Creating init config 
104642     DEBUG main            d.u.i.k.p.i.AbstractProblemLoader Init config took 2.44s 
104659     INFO  main            d.u.i.k.p.i.AbstractProblemLoader Replaying proof simpleLengthComp.key.proof 
104696     DEBUG main            d.u.i.k.p.i.IntermediateProofReplayer Proof replay took 32.08ms 
104698     DEBUG main            d.u.i.k.p.r.p.TestFile    ... success: reloaded. 
104700     INFO  main            d.u.i.k.p.r.p.TestFile    Now processing file /home/runner/work/key/key/key.core/../key.ui/examples/standard_key/strings/stringCompileTimeConstant1.key 
104700     INFO  main            d.u.i.k.p.i.AbstractProblemLoader Loading environment from /home/runner/work/key/key/key.core/../key.ui/examples/standard_key/strings/stringCompileTimeConstant1.key 
104700     DEBUG main            d.u.i.k.p.i.AbstractProblemLoader Environment load took 189.6ns 
104702     INFO  main            d.u.i.k.p.i.AbstractProblemLoader Creating init config 
107207     DEBUG main            d.u.i.k.p.i.AbstractProblemLoader Init config took 2.51s 
107221     INFO  main            d.u.i.k.p.i.AbstractProblemLoader Replaying proof stringCompileTimeConstant1.key 
107222     DEBUG main            d.u.i.k.p.i.IntermediateProofReplayer Proof replay took 7.1ns 
107324     INFO  main            d.u.i.k.p.r.p.TestFile    ... finished proof: closed. 
107572     INFO  main            d.u.i.k.p.i.AbstractProblemLoader Loading environment from /home/runner/work/key/key/key.core/../key.ui/examples/standard_key/strings/stringCompileTimeConstant1.key.proof 
107572     DEBUG main            d.u.i.k.p.i.AbstractProblemLoader Environment load took 115.4ns 
107574     INFO  main            d.u.i.k.p.i.AbstractProblemLoader Creating init config 
109968     DEBUG main            d.u.i.k.p.i.AbstractProblemLoader Init config took 2.39s 
109983     INFO  main            d.u.i.k.p.i.AbstractProblemLoader Replaying proof stringCompileTimeConstant1.key.proof 
109989     DEBUG main            d.u.i.k.p.i.IntermediateProofReplayer Proof replay took 3.91ms 
109990     DEBUG main            d.u.i.k.p.r.p.TestFile    ... success: reloaded. 
109991     INFO  main            d.u.i.k.p.r.p.TestFile    Now processing file /home/runner/work/key/key/key.core/../key.ui/examples/standard_key/strings/stringCompileTimeConstant2.key 
109991     INFO  main            d.u.i.k.p.i.AbstractProblemLoader Loading environment from /home/runner/work/key/key/key.core/../key.ui/examples/standard_key/strings/stringCompileTimeConstant2.key 
109991     DEBUG main            d.u.i.k.p.i.AbstractProblemLoader Environment load took 113.6ns 
109992     INFO  main            d.u.i.k.p.i.AbstractProblemLoader Creating init config 
112656     DEBUG main            d.u.i.k.p.i.AbstractProblemLoader Init config took 2.66s 
112671     INFO  main            d.u.i.k.p.i.AbstractProblemLoader Replaying proof stringCompileTimeConstant2.key 
112673     DEBUG main            d.u.i.k.p.i.IntermediateProofReplayer Proof replay took 6.8ns 
115662     INFO  main            d.u.i.k.p.r.p.TestFile    ... finished proof: closed. 
115966     INFO  main            d.u.i.k.p.i.AbstractProblemLoader Loading environment from /home/runner/work/key/key/key.core/../key.ui/examples/standard_key/strings/stringCompileTimeConstant2.key.proof 
115967     DEBUG main            d.u.i.k.p.i.AbstractProblemLoader Environment load took 385.8ns 
115978     INFO  main            d.u.i.k.p.i.AbstractProblemLoader Creating init config 
118556     DEBUG main            d.u.i.k.p.i.AbstractProblemLoader Init config took 2.58s 
118571     INFO  main            d.u.i.k.p.i.AbstractProblemLoader Replaying proof stringCompileTimeConstant2.key.proof 
119031     DEBUG main            d.u.i.k.p.i.IntermediateProofReplayer Proof replay took 443.11ms 
119033     DEBUG main            d.u.i.k.p.r.p.TestFile    ... success: reloaded. 
119034     INFO  main            d.u.i.k.p.r.p.TestFile    Now processing file /home/runner/work/key/key/key.core/../key.ui/examples/standard_key/strings/stringEquality1.key 
119034     INFO  main            d.u.i.k.p.i.AbstractProblemLoader Loading environment from /home/runner/work/key/key/key.core/../key.ui/examples/standard_key/strings/stringEquality1.key 
119034     DEBUG main            d.u.i.k.p.i.AbstractProblemLoader Environment load took 276.4ns 
119036     INFO  main            d.u.i.k.p.i.AbstractProblemLoader Creating init config 
121474     DEBUG main            d.u.i.k.p.i.AbstractProblemLoader Init config took 2.44s 
121487     INFO  main            d.u.i.k.p.i.AbstractProblemLoader Replaying proof stringEquality1.key 
121489     DEBUG main            d.u.i.k.p.i.IntermediateProofReplayer Proof replay took 7.3ns 
121594     INFO  main            d.u.i.k.p.r.p.TestFile    ... finished proof: closed. 
121925     INFO  main            d.u.i.k.p.i.AbstractProblemLoader Loading environment from /home/runner/work/key/key/key.core/../key.ui/examples/standard_key/strings/stringEquality1.key.proof 
121925     DEBUG main            d.u.i.k.p.i.AbstractProblemLoader Environment load took 119.4ns 
121926     INFO  main            d.u.i.k.p.i.AbstractProblemLoader Creating init config 
124320     DEBUG main            d.u.i.k.p.i.AbstractProblemLoader Init config took 2.39s 
124334     INFO  main            d.u.i.k.p.i.AbstractProblemLoader Replaying proof stringEquality1.key.proof 
124347     DEBUG main            d.u.i.k.p.i.IntermediateProofReplayer Proof replay took 11.04ms 
124348     DEBUG main            d.u.i.k.p.r.p.TestFile    ... success: reloaded. 
124348     INFO  main            d.u.i.k.p.r.p.TestFile    Now processing file /home/runner/work/key/key/key.core/../key.ui/examples/standard_key/strings/stringEquality2.key 
124349     INFO  main            d.u.i.k.p.i.AbstractProblemLoader Loading environment from /home/runner/work/key/key/key.core/../key.ui/examples/standard_key/strings/stringEquality2.key 
124349     DEBUG main            d.u.i.k.p.i.AbstractProblemLoader Environment load took 142.4ns 
124350     INFO  main            d.u.i.k.p.i.AbstractProblemLoader Creating init config 
126813     DEBUG main            d.u.i.k.p.i.AbstractProblemLoader Init config took 2.46s 
126825     INFO  main            d.u.i.k.p.i.AbstractProblemLoader Replaying proof stringEquality2.key 
126827     DEBUG main            d.u.i.k.p.i.IntermediateProofReplayer Proof replay took 7.9ns 
127230     INFO  main            d.u.i.k.p.r.p.TestFile    ... finished proof: closed. 
127511     INFO  main            d.u.i.k.p.i.AbstractProblemLoader Loading environment from /home/runner/work/key/key/key.core/../key.ui/examples/standard_key/strings/stringEquality2.key.proof 
127513     DEBUG main            d.u.i.k.p.i.AbstractProblemLoader Environment load took 1.84ms 
127515     INFO  main            d.u.i.k.p.i.AbstractProblemLoader Creating init config 
129938     DEBUG main            d.u.i.k.p.i.AbstractProblemLoader Init config took 2.42s 
129951     INFO  main            d.u.i.k.p.i.AbstractProblemLoader Replaying proof stringEquality2.key.proof 
130015     DEBUG main            d.u.i.k.p.i.IntermediateProofReplayer Proof replay took 59.88ms 
130016     DEBUG main            d.u.i.k.p.r.p.TestFile    ... success: reloaded. 
130017     INFO  main            d.u.i.k.p.r.p.TestFile    Now processing file /home/runner/work/key/key/key.core/../key.ui/examples/standard_key/strings/substring0.key 
130017     INFO  main            d.u.i.k.p.i.AbstractProblemLoader Loading environment from /home/runner/work/key/key/key.core/../key.ui/examples/standard_key/strings/substring0.key 
130017     DEBUG main            d.u.i.k.p.i.AbstractProblemLoader Environment load took 87.9ns 
130018     INFO  main            d.u.i.k.p.i.AbstractProblemLoader Creating init config 
132482     DEBUG main            d.u.i.k.p.i.AbstractProblemLoader Init config took 2.46s 
132494     INFO  main            d.u.i.k.p.i.AbstractProblemLoader Replaying proof substring0.key 
132495     DEBUG main            d.u.i.k.p.i.IntermediateProofReplayer Proof replay took 6.6ns 
132600     INFO  main            d.u.i.k.p.r.p.TestFile    ... finished proof: closed. 
132889     INFO  main            d.u.i.k.p.i.AbstractProblemLoader Loading environment from /home/runner/work/key/key/key.core/../key.ui/examples/standard_key/strings/substring0.key.proof 
132889     DEBUG main            d.u.i.k.p.i.AbstractProblemLoader Environment load took 144.5ns 
132890     INFO  main            d.u.i.k.p.i.AbstractProblemLoader Creating init config 
135269     DEBUG main            d.u.i.k.p.i.AbstractProblemLoader Init config took 2.38s 
135283     INFO  main            d.u.i.k.p.i.AbstractProblemLoader Replaying proof substring0.key.proof 
135285     DEBUG main            d.u.i.k.p.i.IntermediateProofReplayer Proof replay took 424ns 
135286     DEBUG main            d.u.i.k.p.r.p.TestFile    ... success: reloaded. 
135287     INFO  main            d.u.i.k.p.r.p.TestFile    Now processing file /home/runner/work/key/key/key.core/../key.ui/examples/standard_key/strings/substring1.key 
135287     INFO  main            d.u.i.k.p.i.AbstractProblemLoader Loading environment from /home/runner/work/key/key/key.core/../key.ui/examples/standard_key/strings/substring1.key 
135287     DEBUG main            d.u.i.k.p.i.AbstractProblemLoader Environment load took 68.3ns 
135288     INFO  main            d.u.i.k.p.i.AbstractProblemLoader Creating init config 
137711     DEBUG main            d.u.i.k.p.i.AbstractProblemLoader Init config took 2.42s 
137724     INFO  main            d.u.i.k.p.i.AbstractProblemLoader Replaying proof substring1.key 
137725     DEBUG main            d.u.i.k.p.i.IntermediateProofReplayer Proof replay took 6.7ns 
137830     INFO  main            d.u.i.k.p.r.p.TestFile    ... finished proof: closed. 
138102     INFO  main            d.u.i.k.p.i.AbstractProblemLoader Loading environment from /home/runner/work/key/key/key.core/../key.ui/examples/standard_key/strings/substring1.key.proof 
138102     DEBUG main            d.u.i.k.p.i.AbstractProblemLoader Environment load took 129.6ns 
138103     INFO  main            d.u.i.k.p.i.AbstractProblemLoader Creating init config 
140457     DEBUG main            d.u.i.k.p.i.AbstractProblemLoader Init config took 2.35s 
140470     INFO  main            d.u.i.k.p.i.AbstractProblemLoader Replaying proof substring1.key.proof 
140472     DEBUG main            d.u.i.k.p.i.IntermediateProofReplayer Proof replay took 459.3ns 
140473     DEBUG main            d.u.i.k.p.r.p.TestFile    ... success: reloaded. 
140474     INFO  main            d.u.i.k.p.r.p.TestFile    Now processing file /home/runner/work/key/key/key.core/../key.ui/examples/standard_key/strings/substring2.key 
140474     INFO  main            d.u.i.k.p.i.AbstractProblemLoader Loading environment from /home/runner/work/key/key/key.core/../key.ui/examples/standard_key/strings/substring2.key 
140474     DEBUG main            d.u.i.k.p.i.AbstractProblemLoader Environment load took 145.4ns 
140475     INFO  main            d.u.i.k.p.i.AbstractProblemLoader Creating init config 
142922     DEBUG main            d.u.i.k.p.i.AbstractProblemLoader Init config took 2.45s 
142935     INFO  main            d.u.i.k.p.i.AbstractProblemLoader Replaying proof substring2.key 
142937     DEBUG main            d.u.i.k.p.i.IntermediateProofReplayer Proof replay took 7ns 
143039     INFO  main            d.u.i.k.p.r.p.TestFile    ... finished proof: closed. 
143316     INFO  main            d.u.i.k.p.i.AbstractProblemLoader Loading environment from /home/runner/work/key/key/key.core/../key.ui/examples/standard_key/strings/substring2.key.proof 
143316     DEBUG main            d.u.i.k.p.i.AbstractProblemLoader Environment load took 115.1ns 
143317     INFO  main            d.u.i.k.p.i.AbstractProblemLoader Creating init config 
145687     DEBUG main            d.u.i.k.p.i.AbstractProblemLoader Init config took 2.37s 
145700     INFO  main            d.u.i.k.p.i.AbstractProblemLoader Replaying proof substring2.key.proof 
145703     DEBUG main            d.u.i.k.p.i.IntermediateProofReplayer Proof replay took 1.16ms 
145704     DEBUG main            d.u.i.k.p.r.p.TestFile    ... success: reloaded. 
145706     INFO  main            d.u.i.k.p.r.p.TestFile    Now processing file /home/runner/work/key/key/key.core/../key.ui/examples/standard_key/strings/substring3.key 
145706     INFO  main            d.u.i.k.p.i.AbstractProblemLoader Loading environment from /home/runner/work/key/key/key.core/../key.ui/examples/standard_key/strings/substring3.key 
145706     DEBUG main            d.u.i.k.p.i.AbstractProblemLoader Environment load took 100.5ns 
145707     INFO  main            d.u.i.k.p.i.AbstractProblemLoader Creating init config 
148245     DEBUG main            d.u.i.k.p.i.AbstractProblemLoader Init config took 2.54s 
148258     INFO  main            d.u.i.k.p.i.AbstractProblemLoader Replaying proof substring3.key 
148259     DEBUG main            d.u.i.k.p.i.IntermediateProofReplayer Proof replay took 7.3ns 
148363     INFO  main            d.u.i.k.p.r.p.TestFile    ... finished proof: closed. 
148657     INFO  main            d.u.i.k.p.i.AbstractProblemLoader Loading environment from /home/runner/work/key/key/key.core/../key.ui/examples/standard_key/strings/substring3.key.proof 
148657     DEBUG main            d.u.i.k.p.i.AbstractProblemLoader Environment load took 122.1ns 
148658     INFO  main            d.u.i.k.p.i.AbstractProblemLoader Creating init config 
151065     DEBUG main            d.u.i.k.p.i.AbstractProblemLoader Init config took 2.41s 
151078     INFO  main            d.u.i.k.p.i.AbstractProblemLoader Replaying proof substring3.key.proof 
151083     DEBUG main            d.u.i.k.p.i.IntermediateProofReplayer Proof replay took 3.13ms 
151085     DEBUG main            d.u.i.k.p.r.p.TestFile    ... success: reloaded. 
151086     INFO  main            d.u.i.k.p.r.p.TestFile    Now processing file /home/runner/work/key/key/key.core/../key.ui/examples/standard_key/strings/substring4.key 
151087     INFO  main            d.u.i.k.p.i.AbstractProblemLoader Loading environment from /home/runner/work/key/key/key.core/../key.ui/examples/standard_key/strings/substring4.key 
151089     DEBUG main            d.u.i.k.p.i.AbstractProblemLoader Environment load took 2.13ms 
151090     INFO  main            d.u.i.k.p.i.AbstractProblemLoader Creating init config 
153535     DEBUG main            d.u.i.k.p.i.AbstractProblemLoader Init config took 2.44s 
153550     INFO  main            d.u.i.k.p.i.AbstractProblemLoader Replaying proof substring4.key 
153551     DEBUG main            d.u.i.k.p.i.IntermediateProofReplayer Proof replay took 6.9ns 
153654     INFO  main            d.u.i.k.p.r.p.TestFile    ... finished proof: closed. 
153966     INFO  main            d.u.i.k.p.i.AbstractProblemLoader Loading environment from /home/runner/work/key/key/key.core/../key.ui/examples/standard_key/strings/substring4.key.proof 
153966     DEBUG main            d.u.i.k.p.i.AbstractProblemLoader Environment load took 120.7ns 
153967     INFO  main            d.u.i.k.p.i.AbstractProblemLoader Creating init config 
156392     DEBUG main            d.u.i.k.p.i.AbstractProblemLoader Init config took 2.42s 
156405     INFO  main            d.u.i.k.p.i.AbstractProblemLoader Replaying proof substring4.key.proof 
156412     DEBUG main            d.u.i.k.p.i.IntermediateProofReplayer Proof replay took 4.24ms 
156413     DEBUG main            d.u.i.k.p.r.p.TestFile    ... success: reloaded. 
156414     INFO  main            d.u.i.k.p.r.p.TestFile    Now processing file /home/runner/work/key/key/key.core/../key.ui/examples/standard_key/strings/substring5.key 
156414     INFO  main            d.u.i.k.p.i.AbstractProblemLoader Loading environment from /home/runner/work/key/key/key.core/../key.ui/examples/standard_key/strings/substring5.key 
156414     DEBUG main            d.u.i.k.p.i.AbstractProblemLoader Environment load took 145.1ns 
156415     INFO  main            d.u.i.k.p.i.AbstractProblemLoader Creating init config 
158818     DEBUG main            d.u.i.k.p.i.AbstractProblemLoader Init config took 2.4s 
158832     INFO  main            d.u.i.k.p.i.AbstractProblemLoader Replaying proof substring5.key 
158834     DEBUG main            d.u.i.k.p.i.IntermediateProofReplayer Proof replay took 7.5ns 
159137     INFO  main            d.u.i.k.p.r.p.TestFile    ... finished proof: closed. 
159450     INFO  main            d.u.i.k.p.i.AbstractProblemLoader Loading environment from /home/runner/work/key/key/key.core/../key.ui/examples/standard_key/strings/substring5.key.proof 
159450     DEBUG main            d.u.i.k.p.i.AbstractProblemLoader Environment load took 103.6ns 
159452     INFO  main            d.u.i.k.p.i.AbstractProblemLoader Creating init config 
161834     DEBUG main            d.u.i.k.p.i.AbstractProblemLoader Init config took 2.38s 
161852     INFO  main            d.u.i.k.p.i.AbstractProblemLoader Replaying proof substring5.key.proof 
161892     DEBUG main            d.u.i.k.p.i.IntermediateProofReplayer Proof replay took 34.86ms 
161893     DEBUG main            d.u.i.k.p.r.p.TestFile    ... success: reloaded. 
4406996    INFO  Test worker     d.u.i.k.p.r.p.StatisticsFile Returning from test strings 
4406998    INFO  Test worker     d.u.i.k.p.r.p.StatisticsFile Running test simple_info_flow 
393        INFO  Timeout watchdog d.u.i.k.p.r.p.ForkedTestFileRunner Timeout watcher launched (2000 secs.) 
414        WARN  main            d.u.i.k.s.ProofSettings   The settings in /home/runner/.key/proof-settings.props are *not* read. 
462        INFO  main            d.u.i.k.p.r.p.TestFile    Now processing file /home/runner/work/key/key/key.core/../key.ui/examples/heap/information_flow/UpdateAbstraction_ex7_1_insecure.key 
596        INFO  main            d.u.i.k.p.i.AbstractProblemLoader Loading environment from /home/runner/work/key/key/key.core/../key.ui/examples/heap/information_flow/UpdateAbstraction_ex7_1_insecure.key 
615        DEBUG main            d.u.i.k.p.i.AbstractProblemLoader Environment load took 2.06ms 
876        INFO  main            d.u.i.k.p.i.AbstractProblemLoader Creating init config 
2053       DEBUG main            d.u.i.k.j.TypeConverter   No LDT found for Meta 
2053       DEBUG main            d.u.i.k.j.TypeConverter   No LDT found for Meta 
2057       DEBUG main            d.u.i.k.j.TypeConverter   No LDT found for Meta 
2057       DEBUG main            d.u.i.k.j.TypeConverter   No LDT found for Meta 
4123       DEBUG main            d.u.i.k.j.TypeConverter   No LDT found for JavaBigintExpression 
9903       DEBUG main            d.u.i.k.p.i.AbstractProblemLoader Init config took 9.03s 
10086      INFO  main            d.u.i.k.p.i.AbstractProblemLoader Replaying proof UpdateAbstraction[UpdateAbstraction::ex7_1_insecure()].JML operation contract.0 
10184      DEBUG main            d.u.i.k.p.i.IntermediateProofReplayer Proof replay took 45.4ns 
10943      INFO  main            d.u.i.k.p.r.p.TestFile    ... finished proof: open goal(s) 
11072      INFO  main            d.u.i.k.p.r.p.TestFile    Now processing file /home/runner/work/key/key/key.core/../key.ui/examples/heap/information_flow/UpdateAbstraction_ex7_2_insecure.key 
11074      INFO  main            d.u.i.k.p.i.AbstractProblemLoader Loading environment from /home/runner/work/key/key/key.core/../key.ui/examples/heap/information_flow/UpdateAbstraction_ex7_2_insecure.key 
11074      DEBUG main            d.u.i.k.p.i.AbstractProblemLoader Environment load took 223.3ns 
11076      INFO  main            d.u.i.k.p.i.AbstractProblemLoader Creating init config 
14547      DEBUG main            d.u.i.k.p.i.AbstractProblemLoader Init config took 3.47s 
14653      INFO  main            d.u.i.k.p.i.AbstractProblemLoader Replaying proof UpdateAbstraction[UpdateAbstraction::ex7_2_insecure()].JML operation contract.0 
14660      DEBUG main            d.u.i.k.p.i.IntermediateProofReplayer Proof replay took 6.4ns 
15170      INFO  main            d.u.i.k.p.r.p.TestFile    ... finished proof: open goal(s) 
4422519    INFO  Test worker     d.u.i.k.p.r.p.StatisticsFile Returning from test simple_info_flow 
4422521    INFO  Test worker     d.u.i.k.p.r.p.StatisticsFile Running test modelMethods 
469        INFO  Timeout watchdog d.u.i.k.p.r.p.ForkedTestFileRunner Timeout watcher launched (2000 secs.) 
493        WARN  main            d.u.i.k.s.ProofSettings   The settings in /home/runner/.key/proof-settings.props are *not* read. 
526        INFO  main            d.u.i.k.p.r.p.TestFile    Now processing file /home/runner/work/key/key/key.core/../key.ui/examples/heap/model_methods/Cell_footprint_acc.key 
637        INFO  main            d.u.i.k.p.i.AbstractProblemLoader Loading environment from /home/runner/work/key/key/key.core/../key.ui/examples/heap/model_methods/Cell_footprint_acc.key 
656        DEBUG main            d.u.i.k.p.i.AbstractProblemLoader Environment load took 2.56ms 
926        INFO  main            d.u.i.k.p.i.AbstractProblemLoader Creating init config 
2144       DEBUG main            d.u.i.k.j.TypeConverter   No LDT found for Meta 
2145       DEBUG main            d.u.i.k.j.TypeConverter   No LDT found for Meta 
2148       DEBUG main            d.u.i.k.j.TypeConverter   No LDT found for Meta 
2148       DEBUG main            d.u.i.k.j.TypeConverter   No LDT found for Meta 
3673       DEBUG main            d.u.i.k.j.TypeConverter   No LDT found for JavaBigintExpression 
9610       DEBUG main            d.u.i.k.p.i.AbstractProblemLoader Init config took 8.68s 
9748       INFO  main            d.u.i.k.p.i.AbstractProblemLoader Replaying proof Cell[Cell::footprint()].JML accessible clause.0 
9796       DEBUG main            d.u.i.k.p.i.IntermediateProofReplayer Proof replay took 34.6ns 
10365      INFO  main            d.u.i.k.p.r.p.TestFile    ... finished proof: closed. 
10493      INFO  main            d.u.i.k.p.i.AbstractProblemLoader Loading environment from /home/runner/work/key/key/key.core/../key.ui/examples/heap/model_methods/Cell_footprint_acc.key.proof 
10494      DEBUG main            d.u.i.k.p.i.AbstractProblemLoader Environment load took 188.6ns 
10499      INFO  main            d.u.i.k.p.i.AbstractProblemLoader Creating init config 
14069      DEBUG main            d.u.i.k.p.i.AbstractProblemLoader Init config took 3.57s 
14164      INFO  main            d.u.i.k.p.i.AbstractProblemLoader Replaying proof Cell[Cell::footprint()].JML accessible clause.0 
14210      DEBUG main            d.u.i.k.p.i.IntermediateProofReplayer Proof replay took 39.84ms 
14217      DEBUG main            d.u.i.k.p.r.p.TestFile    ... success: reloaded. 
14219      INFO  main            d.u.i.k.p.r.p.TestFile    Now processing file /home/runner/work/key/key/key.core/../key.ui/examples/heap/model_methods/Cell_footprint.key 
14219      INFO  main            d.u.i.k.p.i.AbstractProblemLoader Loading environment from /home/runner/work/key/key/key.core/../key.ui/examples/heap/model_methods/Cell_footprint.key 
14219      DEBUG main            d.u.i.k.p.i.AbstractProblemLoader Environment load took 204.1ns 
14221      INFO  main            d.u.i.k.p.i.AbstractProblemLoader Creating init config 
17560      DEBUG main            d.u.i.k.p.i.AbstractProblemLoader Init config took 3.34s 
17642      INFO  main            d.u.i.k.p.i.AbstractProblemLoader Replaying proof Cell[Cell::footprint()].JML model_behavior operation contract.0 
17645      DEBUG main            d.u.i.k.p.i.IntermediateProofReplayer Proof replay took 6.4ns 
17748      INFO  main            d.u.i.k.p.r.p.TestFile    ... finished proof: closed. 
17921      INFO  main            d.u.i.k.p.i.AbstractProblemLoader Loading environment from /home/runner/work/key/key/key.core/../key.ui/examples/heap/model_methods/Cell_footprint.key.proof 
17925      DEBUG main            d.u.i.k.p.i.AbstractProblemLoader Environment load took 154.7ns 
17927      INFO  main            d.u.i.k.p.i.AbstractProblemLoader Creating init config 
21060      DEBUG main            d.u.i.k.p.i.AbstractProblemLoader Init config took 3.13s 
21126      INFO  main            d.u.i.k.p.i.AbstractProblemLoader Replaying proof Cell[Cell::footprint()].JML model_behavior operation contract.0 
21137      DEBUG main            d.u.i.k.p.i.IntermediateProofReplayer Proof replay took 8.2ms 
21138      DEBUG main            d.u.i.k.p.r.p.TestFile    ... success: reloaded. 
21139      INFO  main            d.u.i.k.p.r.p.TestFile    Now processing file /home/runner/work/key/key/key.core/../key.ui/examples/heap/model_methods/Cell_get_acc.key 
21139      INFO  main            d.u.i.k.p.i.AbstractProblemLoader Loading environment from /home/runner/work/key/key/key.core/../key.ui/examples/heap/model_methods/Cell_get_acc.key 
21140      DEBUG main            d.u.i.k.p.i.AbstractProblemLoader Environment load took 240.6ns 
21141      INFO  main            d.u.i.k.p.i.AbstractProblemLoader Creating init config 
24295      DEBUG main            d.u.i.k.p.i.AbstractProblemLoader Init config took 3.15s 
24358      INFO  main            d.u.i.k.p.i.AbstractProblemLoader Replaying proof Cell[Cell::get()].JML accessible clause.0 
24361      DEBUG main            d.u.i.k.p.i.IntermediateProofReplayer Proof replay took 7.1ns 
24674      INFO  main            d.u.i.k.p.r.p.TestFile    ... finished proof: closed. 
24915      INFO  main            d.u.i.k.p.i.AbstractProblemLoader Loading environment from /home/runner/work/key/key/key.core/../key.ui/examples/heap/model_methods/Cell_get_acc.key.proof 
24915      DEBUG main            d.u.i.k.p.i.AbstractProblemLoader Environment load took 575.5ns 
24917      INFO  main            d.u.i.k.p.i.AbstractProblemLoader Creating init config 
27987      DEBUG main            d.u.i.k.p.i.AbstractProblemLoader Init config took 3.07s 
28052      INFO  main            d.u.i.k.p.i.AbstractProblemLoader Replaying proof Cell[Cell::get()].JML accessible clause.0 
28122      DEBUG main            d.u.i.k.p.i.IntermediateProofReplayer Proof replay took 67.13ms 
28126      DEBUG main            d.u.i.k.p.r.p.TestFile    ... success: reloaded. 
28127      INFO  main            d.u.i.k.p.r.p.TestFile    Now processing file /home/runner/work/key/key/key.core/../key.ui/examples/heap/model_methods/Cell_get.key 
28128      INFO  main            d.u.i.k.p.i.AbstractProblemLoader Loading environment from /home/runner/work/key/key/key.core/../key.ui/examples/heap/model_methods/Cell_get.key 
28128      DEBUG main            d.u.i.k.p.i.AbstractProblemLoader Environment load took 145.6ns 
28129      INFO  main            d.u.i.k.p.i.AbstractProblemLoader Creating init config 
31254      DEBUG main            d.u.i.k.p.i.AbstractProblemLoader Init config took 3.12s 
31308      INFO  main            d.u.i.k.p.i.AbstractProblemLoader Replaying proof Cell[Cell::get()].JML operation contract.0 
31310      DEBUG main            d.u.i.k.p.i.IntermediateProofReplayer Proof replay took 5.7ns 
31415      INFO  main            d.u.i.k.p.r.p.TestFile    ... finished proof: closed. 
31575      INFO  main            d.u.i.k.p.i.AbstractProblemLoader Loading environment from /home/runner/work/key/key/key.core/../key.ui/examples/heap/model_methods/Cell_get.key.proof 
31575      DEBUG main            d.u.i.k.p.i.AbstractProblemLoader Environment load took 130.5ns 
31576      INFO  main            d.u.i.k.p.i.AbstractProblemLoader Creating init config 
34529      DEBUG main            d.u.i.k.p.i.AbstractProblemLoader Init config took 2.95s 
34581      INFO  main            d.u.i.k.p.i.AbstractProblemLoader Replaying proof Cell[Cell::get()].JML operation contract.0 
34602      DEBUG main            d.u.i.k.p.i.IntermediateProofReplayer Proof replay took 18.93ms 
34603      DEBUG main            d.u.i.k.p.r.p.TestFile    ... success: reloaded. 
34605      INFO  main            d.u.i.k.p.r.p.TestFile    Now processing file /home/runner/work/key/key/key.core/../key.ui/examples/heap/model_methods/Cell_post_set.key 
34605      INFO  main            d.u.i.k.p.i.AbstractProblemLoader Loading environment from /home/runner/work/key/key/key.core/../key.ui/examples/heap/model_methods/Cell_post_set.key 
34606      DEBUG main            d.u.i.k.p.i.AbstractProblemLoader Environment load took 198.6ns 
34607      INFO  main            d.u.i.k.p.i.AbstractProblemLoader Creating init config 
37651      DEBUG main            d.u.i.k.p.i.AbstractProblemLoader Init config took 3.04s 
37702      INFO  main            d.u.i.k.p.i.AbstractProblemLoader Replaying proof Cell[Cell::post_set(int)].JML model_behavior operation contract.0 
37706      DEBUG main            d.u.i.k.p.i.IntermediateProofReplayer Proof replay took 6.2ns 
37808      INFO  main            d.u.i.k.p.r.p.TestFile    ... finished proof: closed. 
37992      INFO  main            d.u.i.k.p.i.AbstractProblemLoader Loading environment from /home/runner/work/key/key/key.core/../key.ui/examples/heap/model_methods/Cell_post_set.key.proof 
37992      DEBUG main            d.u.i.k.p.i.AbstractProblemLoader Environment load took 134.8ns 
37993      INFO  main            d.u.i.k.p.i.AbstractProblemLoader Creating init config 
40979      DEBUG main            d.u.i.k.p.i.AbstractProblemLoader Init config took 2.99s 
41035      INFO  main            d.u.i.k.p.i.AbstractProblemLoader Replaying proof Cell[Cell::post_set(int)].JML model_behavior operation contract.0 
41043      DEBUG main            d.u.i.k.p.i.IntermediateProofReplayer Proof replay took 6.08ms 
41044      DEBUG main            d.u.i.k.p.r.p.TestFile    ... success: reloaded. 
41046      INFO  main            d.u.i.k.p.r.p.TestFile    Now processing file /home/runner/work/key/key/key.core/../key.ui/examples/heap/model_methods/Cell_set.key 
41046      INFO  main            d.u.i.k.p.i.AbstractProblemLoader Loading environment from /home/runner/work/key/key/key.core/../key.ui/examples/heap/model_methods/Cell_set.key 
41046      DEBUG main            d.u.i.k.p.i.AbstractProblemLoader Environment load took 239.2ns 
41047      INFO  main            d.u.i.k.p.i.AbstractProblemLoader Creating init config 
44056      DEBUG main            d.u.i.k.p.i.AbstractProblemLoader Init config took 3.01s 
44115      INFO  main            d.u.i.k.p.i.AbstractProblemLoader Replaying proof Cell[Cell::set(int)].JML operation contract.0 
44117      DEBUG main            d.u.i.k.p.i.IntermediateProofReplayer Proof replay took 6.4ns 
50860      INFO  main            d.u.i.k.p.r.p.TestFile    ... finished proof: closed. 
51096      INFO  main            d.u.i.k.p.i.AbstractProblemLoader Loading environment from /home/runner/work/key/key/key.core/../key.ui/examples/heap/model_methods/Cell_set.key.proof 
51096      DEBUG main            d.u.i.k.p.i.AbstractProblemLoader Environment load took 526.3ns 
51098      INFO  main            d.u.i.k.p.i.AbstractProblemLoader Creating init config 
53965      DEBUG main            d.u.i.k.p.i.AbstractProblemLoader Init config took 2.87s 
54021      INFO  main            d.u.i.k.p.i.AbstractProblemLoader Replaying proof Cell[Cell::set(int)].JML operation contract.0 
54720      DEBUG main            d.u.i.k.p.i.IntermediateProofReplayer Proof replay took 681.34ms 
54722      DEBUG main            d.u.i.k.p.r.p.TestFile    ... success: reloaded. 
54723      INFO  main            d.u.i.k.p.r.p.TestFile    Now processing file /home/runner/work/key/key/key.core/../key.ui/examples/heap/model_methods/CellTest_callSet.key 
54724      INFO  main            d.u.i.k.p.i.AbstractProblemLoader Loading environment from /home/runner/work/key/key/key.core/../key.ui/examples/heap/model_methods/CellTest_callSet.key 
54724      DEBUG main            d.u.i.k.p.i.AbstractProblemLoader Environment load took 244.3ns 
54725      INFO  main            d.u.i.k.p.i.AbstractProblemLoader Creating init config 
57763      DEBUG main            d.u.i.k.p.i.AbstractProblemLoader Init config took 3.04s 
57812      INFO  main            d.u.i.k.p.i.AbstractProblemLoader Replaying proof CellTest[CellTest::callSet(Cell,int)].JML operation contract.0 
57814      DEBUG main            d.u.i.k.p.i.IntermediateProofReplayer Proof replay took 6.3ns 
58016      INFO  main            d.u.i.k.p.r.p.TestFile    ... finished proof: closed. 
58228      INFO  main            d.u.i.k.p.i.AbstractProblemLoader Loading environment from /home/runner/work/key/key/key.core/../key.ui/examples/heap/model_methods/CellTest_callSet.key.proof 
58228      DEBUG main            d.u.i.k.p.i.AbstractProblemLoader Environment load took 133.5ns 
58229      INFO  main            d.u.i.k.p.i.AbstractProblemLoader Creating init config 
61197      DEBUG main            d.u.i.k.p.i.AbstractProblemLoader Init config took 2.97s 
61246      INFO  main            d.u.i.k.p.i.AbstractProblemLoader Replaying proof CellTest[CellTest::callSet(Cell,int)].JML operation contract.0 
61297      DEBUG main            d.u.i.k.p.i.IntermediateProofReplayer Proof replay took 48.47ms 
61298      DEBUG main            d.u.i.k.p.r.p.TestFile    ... success: reloaded. 
61300      INFO  main            d.u.i.k.p.r.p.TestFile    Now processing file /home/runner/work/key/key/key.core/../key.ui/examples/heap/model_methods/CellTest_test2.key 
61300      INFO  main            d.u.i.k.p.i.AbstractProblemLoader Loading environment from /home/runner/work/key/key/key.core/../key.ui/examples/heap/model_methods/CellTest_test2.key 
61300      DEBUG main            d.u.i.k.p.i.AbstractProblemLoader Environment load took 118ns 
61301      INFO  main            d.u.i.k.p.i.AbstractProblemLoader Creating init config 
64235      DEBUG main            d.u.i.k.p.i.AbstractProblemLoader Init config took 2.93s 
64281      INFO  main            d.u.i.k.p.i.AbstractProblemLoader Replaying proof CellTest[CellTest::test2(Cell)].JML operation contract.0 
64283      DEBUG main            d.u.i.k.p.i.IntermediateProofReplayer Proof replay took 6.4ns 
64588      INFO  main            d.u.i.k.p.r.p.TestFile    ... finished proof: closed. 
64820      INFO  main            d.u.i.k.p.i.AbstractProblemLoader Loading environment from /home/runner/work/key/key/key.core/../key.ui/examples/heap/model_methods/CellTest_test2.key.proof 
64821      DEBUG main            d.u.i.k.p.i.AbstractProblemLoader Environment load took 521.3ns 
64822      INFO  main            d.u.i.k.p.i.AbstractProblemLoader Creating init config 
67720      DEBUG main            d.u.i.k.p.i.AbstractProblemLoader Init config took 2.9s 
67767      INFO  main            d.u.i.k.p.i.AbstractProblemLoader Replaying proof CellTest[CellTest::test2(Cell)].JML operation contract.0 
67858      DEBUG main            d.u.i.k.p.i.IntermediateProofReplayer Proof replay took 88.01ms 
67860      DEBUG main            d.u.i.k.p.r.p.TestFile    ... success: reloaded. 
67861      INFO  main            d.u.i.k.p.r.p.TestFile    Now processing file /home/runner/work/key/key/key.core/../key.ui/examples/heap/model_methods/CellTest_test.key 
67861      INFO  main            d.u.i.k.p.i.AbstractProblemLoader Loading environment from /home/runner/work/key/key/key.core/../key.ui/examples/heap/model_methods/CellTest_test.key 
67862      DEBUG main            d.u.i.k.p.i.AbstractProblemLoader Environment load took 190.2ns 
67863      INFO  main            d.u.i.k.p.i.AbstractProblemLoader Creating init config 
70793      DEBUG main            d.u.i.k.p.i.AbstractProblemLoader Init config took 2.93s 
70844      INFO  main            d.u.i.k.p.i.AbstractProblemLoader Replaying proof CellTest[CellTest::test(Recell)].JML operation contract.0 
70846      DEBUG main            d.u.i.k.p.i.IntermediateProofReplayer Proof replay took 6.6ns 
73787      INFO  main            d.u.i.k.p.r.p.TestFile    ... finished proof: closed. 
74015      INFO  main            d.u.i.k.p.i.AbstractProblemLoader Loading environment from /home/runner/work/key/key/key.core/../key.ui/examples/heap/model_methods/CellTest_test.key.proof 
74015      DEBUG main            d.u.i.k.p.i.AbstractProblemLoader Environment load took 138.3ns 
74019      INFO  main            d.u.i.k.p.i.AbstractProblemLoader Creating init config 
76906      DEBUG main            d.u.i.k.p.i.AbstractProblemLoader Init config took 2.89s 
76961      INFO  main            d.u.i.k.p.i.AbstractProblemLoader Replaying proof CellTest[CellTest::test(Recell)].JML operation contract.0 
77661      DEBUG main            d.u.i.k.p.i.IntermediateProofReplayer Proof replay took 677.48ms 
77663      DEBUG main            d.u.i.k.p.r.p.TestFile    ... success: reloaded. 
77666      INFO  main            d.u.i.k.p.r.p.TestFile    Now processing file /home/runner/work/key/key/key.core/../key.ui/examples/heap/model_methods/Coll1_add.key 
77666      INFO  main            d.u.i.k.p.i.AbstractProblemLoader Loading environment from /home/runner/work/key/key/key.core/../key.ui/examples/heap/model_methods/Coll1_add.key 
77666      DEBUG main            d.u.i.k.p.i.AbstractProblemLoader Environment load took 208.5ns 
77668      INFO  main            d.u.i.k.p.i.AbstractProblemLoader Creating init config 
80540      DEBUG main            d.u.i.k.p.i.AbstractProblemLoader Init config took 2.87s 
80584      INFO  main            d.u.i.k.p.i.AbstractProblemLoader Replaying proof Coll1[Coll::add(int)].JML operation contract.0 
80586      DEBUG main            d.u.i.k.p.i.IntermediateProofReplayer Proof replay took 6.9ns 
80691      INFO  main            d.u.i.k.p.r.p.TestFile    ... finished proof: closed. 
80914      INFO  main            d.u.i.k.p.i.AbstractProblemLoader Loading environment from /home/runner/work/key/key/key.core/../key.ui/examples/heap/model_methods/Coll1_add.key.proof 
80914      DEBUG main            d.u.i.k.p.i.AbstractProblemLoader Environment load took 122.5ns 
80915      INFO  main            d.u.i.k.p.i.AbstractProblemLoader Creating init config 
83843      DEBUG main            d.u.i.k.p.i.AbstractProblemLoader Init config took 2.93s 
83892      INFO  main            d.u.i.k.p.i.AbstractProblemLoader Replaying proof Coll1[Coll::add(int)].JML operation contract.0 
83904      DEBUG main            d.u.i.k.p.i.IntermediateProofReplayer Proof replay took 9.11ms 
83905      DEBUG main            d.u.i.k.p.r.p.TestFile    ... success: reloaded. 
83908      INFO  main            d.u.i.k.p.r.p.TestFile    Now processing file /home/runner/work/key/key/key.core/../key.ui/examples/heap/model_methods/Coll1_Coll1_add_pre.key 
83908      INFO  main            d.u.i.k.p.i.AbstractProblemLoader Loading environment from /home/runner/work/key/key/key.core/../key.ui/examples/heap/model_methods/Coll1_Coll1_add_pre.key 
83909      DEBUG main            d.u.i.k.p.i.AbstractProblemLoader Environment load took 197.9ns 
83910      INFO  main            d.u.i.k.p.i.AbstractProblemLoader Creating init config 
86881      DEBUG main            d.u.i.k.p.i.AbstractProblemLoader Init config took 2.97s 
86928      INFO  main            d.u.i.k.p.i.AbstractProblemLoader Replaying proof Coll1[Coll1::add_pre(int)].JML model_behavior operation contract.0 
86929      DEBUG main            d.u.i.k.p.i.IntermediateProofReplayer Proof replay took 7.1ns 
87031      INFO  main            d.u.i.k.p.r.p.TestFile    ... finished proof: closed. 
87242      INFO  main            d.u.i.k.p.i.AbstractProblemLoader Loading environment from /home/runner/work/key/key/key.core/../key.ui/examples/heap/model_methods/Coll1_Coll1_add_pre.key.proof 
87242      DEBUG main            d.u.i.k.p.i.AbstractProblemLoader Environment load took 129.7ns 
87243      INFO  main            d.u.i.k.p.i.AbstractProblemLoader Creating init config 
90165      DEBUG main            d.u.i.k.p.i.AbstractProblemLoader Init config took 2.92s 
90209      INFO  main            d.u.i.k.p.i.AbstractProblemLoader Replaying proof Coll1[Coll1::add_pre(int)].JML model_behavior operation contract.0 
90213      DEBUG main            d.u.i.k.p.i.IntermediateProofReplayer Proof replay took 1.61ms 
90214      DEBUG main            d.u.i.k.p.r.p.TestFile    ... success: reloaded. 
90215      INFO  main            d.u.i.k.p.r.p.TestFile    Now processing file /home/runner/work/key/key/key.core/../key.ui/examples/heap/model_methods/Coll1_Coll_add_pre.key 
90216      INFO  main            d.u.i.k.p.i.AbstractProblemLoader Loading environment from /home/runner/work/key/key/key.core/../key.ui/examples/heap/model_methods/Coll1_Coll_add_pre.key 
90216      DEBUG main            d.u.i.k.p.i.AbstractProblemLoader Environment load took 191.2ns 
90217      INFO  main            d.u.i.k.p.i.AbstractProblemLoader Creating init config 
93075      DEBUG main            d.u.i.k.p.i.AbstractProblemLoader Init config took 2.86s 
93118      INFO  main            d.u.i.k.p.i.AbstractProblemLoader Replaying proof Coll1[Coll::add_pre(int)].JML model_behavior operation contract.0 
93121      DEBUG main            d.u.i.k.p.i.IntermediateProofReplayer Proof replay took 6.9ns 
93223      INFO  main            d.u.i.k.p.r.p.TestFile    ... finished proof: closed. 
93440      INFO  main            d.u.i.k.p.i.AbstractProblemLoader Loading environment from /home/runner/work/key/key/key.core/../key.ui/examples/heap/model_methods/Coll1_Coll_add_pre.key.proof 
93440      DEBUG main            d.u.i.k.p.i.AbstractProblemLoader Environment load took 133.1ns 
93441      INFO  main            d.u.i.k.p.i.AbstractProblemLoader Creating init config 
96321      DEBUG main            d.u.i.k.p.i.AbstractProblemLoader Init config took 2.88s 
96367      INFO  main            d.u.i.k.p.i.AbstractProblemLoader Replaying proof Coll1[Coll::add_pre(int)].JML model_behavior operation contract.0 
96371      DEBUG main            d.u.i.k.p.i.IntermediateProofReplayer Proof replay took 2.58ms 
96372      DEBUG main            d.u.i.k.p.r.p.TestFile    ... success: reloaded. 
96373      INFO  main            d.u.i.k.p.r.p.TestFile    Now processing file /home/runner/work/key/key/key.core/../key.ui/examples/heap/model_methods/Coll2_add.key 
96373      INFO  main            d.u.i.k.p.i.AbstractProblemLoader Loading environment from /home/runner/work/key/key/key.core/../key.ui/examples/heap/model_methods/Coll2_add.key 
96374      DEBUG main            d.u.i.k.p.i.AbstractProblemLoader Environment load took 149.3ns 
96375      INFO  main            d.u.i.k.p.i.AbstractProblemLoader Creating init config 
99304      DEBUG main            d.u.i.k.p.i.AbstractProblemLoader Init config took 2.93s 
99348      INFO  main            d.u.i.k.p.i.AbstractProblemLoader Replaying proof Coll2[Coll::add(int)].JML operation contract.0 
99351      DEBUG main            d.u.i.k.p.i.IntermediateProofReplayer Proof replay took 6.1ns 
99453      INFO  main            d.u.i.k.p.r.p.TestFile    ... finished proof: closed. 
99676      INFO  main            d.u.i.k.p.i.AbstractProblemLoader Loading environment from /home/runner/work/key/key/key.core/../key.ui/examples/heap/model_methods/Coll2_add.key.proof 
99676      DEBUG main            d.u.i.k.p.i.AbstractProblemLoader Environment load took 225.9ns 
99677      INFO  main            d.u.i.k.p.i.AbstractProblemLoader Creating init config 
102581     DEBUG main            d.u.i.k.p.i.AbstractProblemLoader Init config took 2.9s 
102623     INFO  main            d.u.i.k.p.i.AbstractProblemLoader Replaying proof Coll2[Coll::add(int)].JML operation contract.0 
102633     DEBUG main            d.u.i.k.p.i.IntermediateProofReplayer Proof replay took 7.71ms 
102633     DEBUG main            d.u.i.k.p.r.p.TestFile    ... success: reloaded. 
102635     INFO  main            d.u.i.k.p.r.p.TestFile    Now processing file /home/runner/work/key/key/key.core/../key.ui/examples/heap/model_methods/Coll2_Coll2_add_pre.key 
102635     INFO  main            d.u.i.k.p.i.AbstractProblemLoader Loading environment from /home/runner/work/key/key/key.core/../key.ui/examples/heap/model_methods/Coll2_Coll2_add_pre.key 
102635     DEBUG main            d.u.i.k.p.i.AbstractProblemLoader Environment load took 181.8ns 
102636     INFO  main            d.u.i.k.p.i.AbstractProblemLoader Creating init config 
105553     DEBUG main            d.u.i.k.p.i.AbstractProblemLoader Init config took 2.92s 
105593     INFO  main            d.u.i.k.p.i.AbstractProblemLoader Replaying proof Coll2[Coll2::add_pre(int)].JML model_behavior operation contract.0 
105594     DEBUG main            d.u.i.k.p.i.IntermediateProofReplayer Proof replay took 6.4ns 
105699     INFO  main            d.u.i.k.p.r.p.TestFile    ... finished proof: closed. 
105941     INFO  main            d.u.i.k.p.i.AbstractProblemLoader Loading environment from /home/runner/work/key/key/key.core/../key.ui/examples/heap/model_methods/Coll2_Coll2_add_pre.key.proof 
105941     DEBUG main            d.u.i.k.p.i.AbstractProblemLoader Environment load took 146.6ns 
105942     INFO  main            d.u.i.k.p.i.AbstractProblemLoader Creating init config 
108872     DEBUG main            d.u.i.k.p.i.AbstractProblemLoader Init config took 2.93s 
108913     INFO  main            d.u.i.k.p.i.AbstractProblemLoader Replaying proof Coll2[Coll2::add_pre(int)].JML model_behavior operation contract.0 
108916     DEBUG main            d.u.i.k.p.i.IntermediateProofReplayer Proof replay took 1.81ms 
108917     DEBUG main            d.u.i.k.p.r.p.TestFile    ... success: reloaded. 
108919     INFO  main            d.u.i.k.p.r.p.TestFile    Now processing file /home/runner/work/key/key/key.core/../key.ui/examples/heap/model_methods/Coll2_Coll_add_pre.key 
108919     INFO  main            d.u.i.k.p.i.AbstractProblemLoader Loading environment from /home/runner/work/key/key/key.core/../key.ui/examples/heap/model_methods/Coll2_Coll_add_pre.key 
108919     DEBUG main            d.u.i.k.p.i.AbstractProblemLoader Environment load took 121.8ns 
108920     INFO  main            d.u.i.k.p.i.AbstractProblemLoader Creating init config 
111836     DEBUG main            d.u.i.k.p.i.AbstractProblemLoader Init config took 2.92s 
111886     INFO  main            d.u.i.k.p.i.AbstractProblemLoader Replaying proof Coll2[Coll::add_pre(int)].JML model_behavior operation contract.0 
111888     DEBUG main            d.u.i.k.p.i.IntermediateProofReplayer Proof replay took 7.1ns 
111990     INFO  main            d.u.i.k.p.r.p.TestFile    ... finished proof: closed. 
112234     INFO  main            d.u.i.k.p.i.AbstractProblemLoader Loading environment from /home/runner/work/key/key/key.core/../key.ui/examples/heap/model_methods/Coll2_Coll_add_pre.key.proof 
112234     DEBUG main            d.u.i.k.p.i.AbstractProblemLoader Environment load took 146.7ns 
112235     INFO  main            d.u.i.k.p.i.AbstractProblemLoader Creating init config 
115032     DEBUG main            d.u.i.k.p.i.AbstractProblemLoader Init config took 2.8s 
115079     INFO  main            d.u.i.k.p.i.AbstractProblemLoader Replaying proof Coll2[Coll::add_pre(int)].JML model_behavior operation contract.0 
115083     DEBUG main            d.u.i.k.p.i.IntermediateProofReplayer Proof replay took 2.55ms 
115084     DEBUG main            d.u.i.k.p.r.p.TestFile    ... success: reloaded. 
115087     INFO  main            d.u.i.k.p.r.p.TestFile    Now processing file /home/runner/work/key/key/key.core/../key.ui/examples/heap/model_methods/Coll_add.key 
115087     INFO  main            d.u.i.k.p.i.AbstractProblemLoader Loading environment from /home/runner/work/key/key/key.core/../key.ui/examples/heap/model_methods/Coll_add.key 
115087     DEBUG main            d.u.i.k.p.i.AbstractProblemLoader Environment load took 92.3ns 
115088     INFO  main            d.u.i.k.p.i.AbstractProblemLoader Creating init config 
118028     DEBUG main            d.u.i.k.p.i.AbstractProblemLoader Init config took 2.94s 
118072     INFO  main            d.u.i.k.p.i.AbstractProblemLoader Replaying proof Coll[Coll::add(int)].JML operation contract.0 
118074     DEBUG main            d.u.i.k.p.i.IntermediateProofReplayer Proof replay took 6.3ns 
118175     INFO  main            d.u.i.k.p.r.p.TestFile    ... finished proof: closed. 
118420     INFO  main            d.u.i.k.p.i.AbstractProblemLoader Loading environment from /home/runner/work/key/key/key.core/../key.ui/examples/heap/model_methods/Coll_add.key.proof 
118420     DEBUG main            d.u.i.k.p.i.AbstractProblemLoader Environment load took 133.9ns 
118421     INFO  main            d.u.i.k.p.i.AbstractProblemLoader Creating init config 
121268     DEBUG main            d.u.i.k.p.i.AbstractProblemLoader Init config took 2.85s 
121310     INFO  main            d.u.i.k.p.i.AbstractProblemLoader Replaying proof Coll[Coll::add(int)].JML operation contract.0 
121314     DEBUG main            d.u.i.k.p.i.IntermediateProofReplayer Proof replay took 2.52ms 
121315     DEBUG main            d.u.i.k.p.r.p.TestFile    ... success: reloaded. 
121316     INFO  main            d.u.i.k.p.r.p.TestFile    Now processing file /home/runner/work/key/key/key.core/../key.ui/examples/heap/model_methods/Coll_add_pre.key 
121317     INFO  main            d.u.i.k.p.i.AbstractProblemLoader Loading environment from /home/runner/work/key/key/key.core/../key.ui/examples/heap/model_methods/Coll_add_pre.key 
121317     DEBUG main            d.u.i.k.p.i.AbstractProblemLoader Environment load took 193.8ns 
121318     INFO  main            d.u.i.k.p.i.AbstractProblemLoader Creating init config 
124214     DEBUG main            d.u.i.k.p.i.AbstractProblemLoader Init config took 2.9s 
124255     INFO  main            d.u.i.k.p.i.AbstractProblemLoader Replaying proof Coll[Coll::add_pre(int)].JML model_behavior operation contract.0 
124257     DEBUG main            d.u.i.k.p.i.IntermediateProofReplayer Proof replay took 6.6ns 
124358     INFO  main            d.u.i.k.p.r.p.TestFile    ... finished proof: closed. 
124614     INFO  main            d.u.i.k.p.i.AbstractProblemLoader Loading environment from /home/runner/work/key/key/key.core/../key.ui/examples/heap/model_methods/Coll_add_pre.key.proof 
124614     DEBUG main            d.u.i.k.p.i.AbstractProblemLoader Environment load took 171.9ns 
124615     INFO  main            d.u.i.k.p.i.AbstractProblemLoader Creating init config 
127504     DEBUG main            d.u.i.k.p.i.AbstractProblemLoader Init config took 2.89s 
127543     INFO  main            d.u.i.k.p.i.AbstractProblemLoader Replaying proof Coll[Coll::add_pre(int)].JML model_behavior operation contract.0 
127548     DEBUG main            d.u.i.k.p.i.IntermediateProofReplayer Proof replay took 3.14ms 
127549     DEBUG main            d.u.i.k.p.r.p.TestFile    ... success: reloaded. 
127550     INFO  main            d.u.i.k.p.r.p.TestFile    Now processing file /home/runner/work/key/key/key.core/../key.ui/examples/heap/model_methods/Indirect_callAdd.key 
127550     INFO  main            d.u.i.k.p.i.AbstractProblemLoader Loading environment from /home/runner/work/key/key/key.core/../key.ui/examples/heap/model_methods/Indirect_callAdd.key 
127550     DEBUG main            d.u.i.k.p.i.AbstractProblemLoader Environment load took 97.8ns 
127551     INFO  main            d.u.i.k.p.i.AbstractProblemLoader Creating init config 
130434     DEBUG main            d.u.i.k.p.i.AbstractProblemLoader Init config took 2.88s 
130476     INFO  main            d.u.i.k.p.i.AbstractProblemLoader Replaying proof Indirect[Indirect::callAdd(Coll,int)].JML operation contract.0 
130479     DEBUG main            d.u.i.k.p.i.IntermediateProofReplayer Proof replay took 6.8ns 
130581     INFO  main            d.u.i.k.p.r.p.TestFile    ... finished proof: closed. 
130854     INFO  main            d.u.i.k.p.i.AbstractProblemLoader Loading environment from /home/runner/work/key/key/key.core/../key.ui/examples/heap/model_methods/Indirect_callAdd.key.proof 
130854     DEBUG main            d.u.i.k.p.i.AbstractProblemLoader Environment load took 125.8ns 
130855     INFO  main            d.u.i.k.p.i.AbstractProblemLoader Creating init config 
133699     DEBUG main            d.u.i.k.p.i.AbstractProblemLoader Init config took 2.84s 
133744     INFO  main            d.u.i.k.p.i.AbstractProblemLoader Replaying proof Indirect[Indirect::callAdd(Coll,int)].JML operation contract.0 
133773     DEBUG main            d.u.i.k.p.i.IntermediateProofReplayer Proof replay took 26.75ms 
133773     DEBUG main            d.u.i.k.p.r.p.TestFile    ... success: reloaded. 
133775     INFO  main            d.u.i.k.p.r.p.TestFile    Now processing file /home/runner/work/key/key/key.core/../key.ui/examples/heap/model_methods/Indirect_test.key 
133775     INFO  main            d.u.i.k.p.i.AbstractProblemLoader Loading environment from /home/runner/work/key/key/key.core/../key.ui/examples/heap/model_methods/Indirect_test.key 
133775     DEBUG main            d.u.i.k.p.i.AbstractProblemLoader Environment load took 97.2ns 
133776     INFO  main            d.u.i.k.p.i.AbstractProblemLoader Creating init config 
136681     DEBUG main            d.u.i.k.p.i.AbstractProblemLoader Init config took 2.9s 
136745     INFO  main            d.u.i.k.p.i.AbstractProblemLoader Replaying proof Indirect[Indirect::test(Coll1,Coll2)].JML operation contract.0 
136748     DEBUG main            d.u.i.k.p.i.IntermediateProofReplayer Proof replay took 7.4ns 
136951     INFO  main            d.u.i.k.p.r.p.TestFile    ... finished proof: closed. 
137244     INFO  main            d.u.i.k.p.i.AbstractProblemLoader Loading environment from /home/runner/work/key/key/key.core/../key.ui/examples/heap/model_methods/Indirect_test.key.proof 
137244     DEBUG main            d.u.i.k.p.i.AbstractProblemLoader Environment load took 115.7ns 
137245     INFO  main            d.u.i.k.p.i.AbstractProblemLoader Creating init config 
140117     DEBUG main            d.u.i.k.p.i.AbstractProblemLoader Init config took 2.87s 
140157     INFO  main            d.u.i.k.p.i.AbstractProblemLoader Replaying proof Indirect[Indirect::test(Coll1,Coll2)].JML operation contract.0 
140219     DEBUG main            d.u.i.k.p.i.IntermediateProofReplayer Proof replay took 58.68ms 
140220     DEBUG main            d.u.i.k.p.r.p.TestFile    ... success: reloaded. 
140221     INFO  main            d.u.i.k.p.r.p.TestFile    Now processing file /home/runner/work/key/key/key.core/../key.ui/examples/heap/model_methods/Recell_Cell_footprint.key 
140221     INFO  main            d.u.i.k.p.i.AbstractProblemLoader Loading environment from /home/runner/work/key/key/key.core/../key.ui/examples/heap/model_methods/Recell_Cell_footprint.key 
140222     DEBUG main            d.u.i.k.p.i.AbstractProblemLoader Environment load took 141.4ns 
140222     INFO  main            d.u.i.k.p.i.AbstractProblemLoader Creating init config 
143117     DEBUG main            d.u.i.k.p.i.AbstractProblemLoader Init config took 2.89s 
143159     INFO  main            d.u.i.k.p.i.AbstractProblemLoader Replaying proof Recell[Cell::footprint()].JML model_behavior operation contract.0 
143160     DEBUG main            d.u.i.k.p.i.IntermediateProofReplayer Proof replay took 6.7ns 
143262     INFO  main            d.u.i.k.p.r.p.TestFile    ... finished proof: closed. 
143530     INFO  main            d.u.i.k.p.i.AbstractProblemLoader Loading environment from /home/runner/work/key/key/key.core/../key.ui/examples/heap/model_methods/Recell_Cell_footprint.key.proof 
143530     DEBUG main            d.u.i.k.p.i.AbstractProblemLoader Environment load took 122.5ns 
143531     INFO  main            d.u.i.k.p.i.AbstractProblemLoader Creating init config 
146376     DEBUG main            d.u.i.k.p.i.AbstractProblemLoader Init config took 2.84s 
146423     INFO  main            d.u.i.k.p.i.AbstractProblemLoader Replaying proof Recell[Cell::footprint()].JML model_behavior operation contract.0 
146428     DEBUG main            d.u.i.k.p.i.IntermediateProofReplayer Proof replay took 3.61ms 
146429     DEBUG main            d.u.i.k.p.r.p.TestFile    ... success: reloaded. 
146430     INFO  main            d.u.i.k.p.r.p.TestFile    Now processing file /home/runner/work/key/key/key.core/../key.ui/examples/heap/model_methods/Recell_Cell_post_set.key 
146430     INFO  main            d.u.i.k.p.i.AbstractProblemLoader Loading environment from /home/runner/work/key/key/key.core/../key.ui/examples/heap/model_methods/Recell_Cell_post_set.key 
146430     DEBUG main            d.u.i.k.p.i.AbstractProblemLoader Environment load took 68.6ns 
146431     INFO  main            d.u.i.k.p.i.AbstractProblemLoader Creating init config 
149266     DEBUG main            d.u.i.k.p.i.AbstractProblemLoader Init config took 2.83s 
149309     INFO  main            d.u.i.k.p.i.AbstractProblemLoader Replaying proof Recell[Cell::post_set(int)].JML model_behavior operation contract.0 
149311     DEBUG main            d.u.i.k.p.i.IntermediateProofReplayer Proof replay took 6.8ns 
149412     INFO  main            d.u.i.k.p.r.p.TestFile    ... finished proof: closed. 
149710     INFO  main            d.u.i.k.p.i.AbstractProblemLoader Loading environment from /home/runner/work/key/key/key.core/../key.ui/examples/heap/model_methods/Recell_Cell_post_set.key.proof 
149710     DEBUG main            d.u.i.k.p.i.AbstractProblemLoader Environment load took 285ns 
149711     INFO  main            d.u.i.k.p.i.AbstractProblemLoader Creating init config 
152493     DEBUG main            d.u.i.k.p.i.AbstractProblemLoader Init config took 2.78s 
152533     INFO  main            d.u.i.k.p.i.AbstractProblemLoader Replaying proof Recell[Cell::post_set(int)].JML model_behavior operation contract.0 
152538     DEBUG main            d.u.i.k.p.i.IntermediateProofReplayer Proof replay took 4.04ms 
152539     DEBUG main            d.u.i.k.p.r.p.TestFile    ... success: reloaded. 
152540     INFO  main            d.u.i.k.p.r.p.TestFile    Now processing file /home/runner/work/key/key/key.core/../key.ui/examples/heap/model_methods/Recell_footprint_acc.key 
152540     INFO  main            d.u.i.k.p.i.AbstractProblemLoader Loading environment from /home/runner/work/key/key/key.core/../key.ui/examples/heap/model_methods/Recell_footprint_acc.key 
152540     DEBUG main            d.u.i.k.p.i.AbstractProblemLoader Environment load took 104.7ns 
152541     INFO  main            d.u.i.k.p.i.AbstractProblemLoader Creating init config 
155424     DEBUG main            d.u.i.k.p.i.AbstractProblemLoader Init config took 2.88s 
155462     INFO  main            d.u.i.k.p.i.AbstractProblemLoader Replaying proof Recell[Cell::footprint()].JML accessible clause.0 
155464     DEBUG main            d.u.i.k.p.i.IntermediateProofReplayer Proof replay took 17.1ns 
155566     INFO  main            d.u.i.k.p.r.p.TestFile    ... finished proof: closed. 
155864     INFO  main            d.u.i.k.p.i.AbstractProblemLoader Loading environment from /home/runner/work/key/key/key.core/../key.ui/examples/heap/model_methods/Recell_footprint_acc.key.proof 
155864     DEBUG main            d.u.i.k.p.i.AbstractProblemLoader Environment load took 119.2ns 
155865     INFO  main            d.u.i.k.p.i.AbstractProblemLoader Creating init config 
158691     DEBUG main            d.u.i.k.p.i.AbstractProblemLoader Init config took 2.83s 
158733     INFO  main            d.u.i.k.p.i.AbstractProblemLoader Replaying proof Recell[Cell::footprint()].JML accessible clause.0 
158756     DEBUG main            d.u.i.k.p.i.IntermediateProofReplayer Proof replay took 19.36ms 
158756     DEBUG main            d.u.i.k.p.r.p.TestFile    ... success: reloaded. 
158757     INFO  main            d.u.i.k.p.r.p.TestFile    Now processing file /home/runner/work/key/key/key.core/../key.ui/examples/heap/model_methods/Recell_get_acc.key 
158758     INFO  main            d.u.i.k.p.i.AbstractProblemLoader Loading environment from /home/runner/work/key/key/key.core/../key.ui/examples/heap/model_methods/Recell_get_acc.key 
158758     DEBUG main            d.u.i.k.p.i.AbstractProblemLoader Environment load took 199.9ns 
158759     INFO  main            d.u.i.k.p.i.AbstractProblemLoader Creating init config 
161610     DEBUG main            d.u.i.k.p.i.AbstractProblemLoader Init config took 2.85s 
161651     INFO  main            d.u.i.k.p.i.AbstractProblemLoader Replaying proof Recell[Cell::get()].JML accessible clause.0 
161652     DEBUG main            d.u.i.k.p.i.IntermediateProofReplayer Proof replay took 7.1ns 
161754     INFO  main            d.u.i.k.p.r.p.TestFile    ... finished proof: closed. 
162070     INFO  main            d.u.i.k.p.i.AbstractProblemLoader Loading environment from /home/runner/work/key/key/key.core/../key.ui/examples/heap/model_methods/Recell_get_acc.key.proof 
162070     DEBUG main            d.u.i.k.p.i.AbstractProblemLoader Environment load took 122.7ns 
162072     INFO  main            d.u.i.k.p.i.AbstractProblemLoader Creating init config 
164882     DEBUG main            d.u.i.k.p.i.AbstractProblemLoader Init config took 2.81s 
164931     INFO  main            d.u.i.k.p.i.AbstractProblemLoader Replaying proof Recell[Cell::get()].JML accessible clause.0 
164957     DEBUG main            d.u.i.k.p.i.IntermediateProofReplayer Proof replay took 23.79ms 
164958     DEBUG main            d.u.i.k.p.r.p.TestFile    ... success: reloaded. 
164960     INFO  main            d.u.i.k.p.r.p.TestFile    Now processing file /home/runner/work/key/key/key.core/../key.ui/examples/heap/model_methods/Recell_get.key 
164960     INFO  main            d.u.i.k.p.i.AbstractProblemLoader Loading environment from /home/runner/work/key/key/key.core/../key.ui/examples/heap/model_methods/Recell_get.key 
164960     DEBUG main            d.u.i.k.p.i.AbstractProblemLoader Environment load took 71.9ns 
164961     INFO  main            d.u.i.k.p.i.AbstractProblemLoader Creating init config 
167881     DEBUG main            d.u.i.k.p.i.AbstractProblemLoader Init config took 2.92s 
167925     INFO  main            d.u.i.k.p.i.AbstractProblemLoader Replaying proof Recell[Cell::get()].JML operation contract.0 
167928     DEBUG main            d.u.i.k.p.i.IntermediateProofReplayer Proof replay took 8.5ns 
168031     INFO  main            d.u.i.k.p.r.p.TestFile    ... finished proof: closed. 
168350     INFO  main            d.u.i.k.p.i.AbstractProblemLoader Loading environment from /home/runner/work/key/key/key.core/../key.ui/examples/heap/model_methods/Recell_get.key.proof 
168350     DEBUG main            d.u.i.k.p.i.AbstractProblemLoader Environment load took 112.5ns 
168351     INFO  main            d.u.i.k.p.i.AbstractProblemLoader Creating init config 
171151     DEBUG main            d.u.i.k.p.i.AbstractProblemLoader Init config took 2.8s 
171191     INFO  main            d.u.i.k.p.i.AbstractProblemLoader Replaying proof Recell[Cell::get()].JML operation contract.0 
171202     DEBUG main            d.u.i.k.p.i.IntermediateProofReplayer Proof replay took 9.17ms 
171203     DEBUG main            d.u.i.k.p.r.p.TestFile    ... success: reloaded. 
171204     INFO  main            d.u.i.k.p.r.p.TestFile    Now processing file /home/runner/work/key/key/key.core/../key.ui/examples/heap/model_methods/Recell_Recell_footprint.key 
171204     INFO  main            d.u.i.k.p.i.AbstractProblemLoader Loading environment from /home/runner/work/key/key/key.core/../key.ui/examples/heap/model_methods/Recell_Recell_footprint.key 
171204     DEBUG main            d.u.i.k.p.i.AbstractProblemLoader Environment load took 138.1ns 
171205     INFO  main            d.u.i.k.p.i.AbstractProblemLoader Creating init config 
174136     DEBUG main            d.u.i.k.p.i.AbstractProblemLoader Init config took 2.93s 
174177     INFO  main            d.u.i.k.p.i.AbstractProblemLoader Replaying proof Recell[Recell::footprint()].JML model_behavior operation contract.0 
174179     DEBUG main            d.u.i.k.p.i.IntermediateProofReplayer Proof replay took 8.1ns 
174280     INFO  main            d.u.i.k.p.r.p.TestFile    ... finished proof: closed. 
174597     INFO  main            d.u.i.k.p.i.AbstractProblemLoader Loading environment from /home/runner/work/key/key/key.core/../key.ui/examples/heap/model_methods/Recell_Recell_footprint.key.proof 
174597     DEBUG main            d.u.i.k.p.i.AbstractProblemLoader Environment load took 113.7ns 
174598     INFO  main            d.u.i.k.p.i.AbstractProblemLoader Creating init config 
177387     DEBUG main            d.u.i.k.p.i.AbstractProblemLoader Init config took 2.79s 
177428     INFO  main            d.u.i.k.p.i.AbstractProblemLoader Replaying proof Recell[Recell::footprint()].JML model_behavior operation contract.0 
177430     DEBUG main            d.u.i.k.p.i.IntermediateProofReplayer Proof replay took 1.42ms 
177431     DEBUG main            d.u.i.k.p.r.p.TestFile    ... success: reloaded. 
177432     INFO  main            d.u.i.k.p.r.p.TestFile    Now processing file /home/runner/work/key/key/key.core/../key.ui/examples/heap/model_methods/Recell_Recell_post_set.key 
177433     INFO  main            d.u.i.k.p.i.AbstractProblemLoader Loading environment from /home/runner/work/key/key/key.core/../key.ui/examples/heap/model_methods/Recell_Recell_post_set.key 
177433     DEBUG main            d.u.i.k.p.i.AbstractProblemLoader Environment load took 263.2ns 
177434     INFO  main            d.u.i.k.p.i.AbstractProblemLoader Creating init config 
180306     DEBUG main            d.u.i.k.p.i.AbstractProblemLoader Init config took 2.87s 
180345     INFO  main            d.u.i.k.p.i.AbstractProblemLoader Replaying proof Recell[Recell::post_set(int)].JML model_behavior operation contract.0 
180347     DEBUG main            d.u.i.k.p.i.IntermediateProofReplayer Proof replay took 7.6ns 
180449     INFO  main            d.u.i.k.p.r.p.TestFile    ... finished proof: closed. 
180773     INFO  main            d.u.i.k.p.i.AbstractProblemLoader Loading environment from /home/runner/work/key/key/key.core/../key.ui/examples/heap/model_methods/Recell_Recell_post_set.key.proof 
180773     DEBUG main            d.u.i.k.p.i.AbstractProblemLoader Environment load took 299.8ns 
180774     INFO  main            d.u.i.k.p.i.AbstractProblemLoader Creating init config 
183559     DEBUG main            d.u.i.k.p.i.AbstractProblemLoader Init config took 2.78s 
183598     INFO  main            d.u.i.k.p.i.AbstractProblemLoader Replaying proof Recell[Recell::post_set(int)].JML model_behavior operation contract.0 
183602     DEBUG main            d.u.i.k.p.i.IntermediateProofReplayer Proof replay took 2.45ms 
183603     DEBUG main            d.u.i.k.p.r.p.TestFile    ... success: reloaded. 
183604     INFO  main            d.u.i.k.p.r.p.TestFile    Now processing file /home/runner/work/key/key/key.core/../key.ui/examples/heap/model_methods/Recell_set.key 
183604     INFO  main            d.u.i.k.p.i.AbstractProblemLoader Loading environment from /home/runner/work/key/key/key.core/../key.ui/examples/heap/model_methods/Recell_set.key 
183604     DEBUG main            d.u.i.k.p.i.AbstractProblemLoader Environment load took 85.9ns 
183605     INFO  main            d.u.i.k.p.i.AbstractProblemLoader Creating init config 
186431     DEBUG main            d.u.i.k.p.i.AbstractProblemLoader Init config took 2.83s 
186470     INFO  main            d.u.i.k.p.i.AbstractProblemLoader Replaying proof Recell[Cell::set(int)].JML operation contract.0 
186472     DEBUG main            d.u.i.k.p.i.IntermediateProofReplayer Proof replay took 7.3ns 
193423     INFO  main            d.u.i.k.p.r.p.TestFile    ... finished proof: closed. 
193777     INFO  main            d.u.i.k.p.i.AbstractProblemLoader Loading environment from /home/runner/work/key/key/key.core/../key.ui/examples/heap/model_methods/Recell_set.key.proof 
193780     DEBUG main            d.u.i.k.p.i.AbstractProblemLoader Environment load took 2.8ms 
193781     INFO  main            d.u.i.k.p.i.AbstractProblemLoader Creating init config 
196614     DEBUG main            d.u.i.k.p.i.AbstractProblemLoader Init config took 2.83s 
196656     INFO  main            d.u.i.k.p.i.AbstractProblemLoader Replaying proof Recell[Cell::set(int)].JML operation contract.0 
197271     DEBUG main            d.u.i.k.p.i.IntermediateProofReplayer Proof replay took 592.99ms 
197272     DEBUG main            d.u.i.k.p.r.p.TestFile    ... success: reloaded. 
197273     INFO  main            d.u.i.k.p.r.p.TestFile    Now processing file /home/runner/work/key/key/key.core/../key.ui/examples/heap/model_methods/Recell_undo.key 
197273     INFO  main            d.u.i.k.p.i.AbstractProblemLoader Loading environment from /home/runner/work/key/key/key.core/../key.ui/examples/heap/model_methods/Recell_undo.key 
197274     DEBUG main            d.u.i.k.p.i.AbstractProblemLoader Environment load took 184.3ns 
197275     INFO  main            d.u.i.k.p.i.AbstractProblemLoader Creating init config 
200164     DEBUG main            d.u.i.k.p.i.AbstractProblemLoader Init config took 2.89s 
200208     INFO  main            d.u.i.k.p.i.AbstractProblemLoader Replaying proof Recell[Recell::undo()].JML operation contract.0 
200209     DEBUG main            d.u.i.k.p.i.IntermediateProofReplayer Proof replay took 6.9ns 
200413     INFO  main            d.u.i.k.p.r.p.TestFile    ... finished proof: closed. 
200728     INFO  main            d.u.i.k.p.i.AbstractProblemLoader Loading environment from /home/runner/work/key/key/key.core/../key.ui/examples/heap/model_methods/Recell_undo.key.proof 
200728     DEBUG main            d.u.i.k.p.i.AbstractProblemLoader Environment load took 107.1ns 
200729     INFO  main            d.u.i.k.p.i.AbstractProblemLoader Creating init config 
203547     DEBUG main            d.u.i.k.p.i.AbstractProblemLoader Init config took 2.82s 
203588     INFO  main            d.u.i.k.p.i.AbstractProblemLoader Replaying proof Recell[Recell::undo()].JML operation contract.0 
203623     DEBUG main            d.u.i.k.p.i.IntermediateProofReplayer Proof replay took 32.8ms 
203624     DEBUG main            d.u.i.k.p.r.p.TestFile    ... success: reloaded. 
4626368    INFO  Test worker     d.u.i.k.p.r.p.StatisticsFile Returning from test modelMethods 
4626370    INFO  Test worker     d.u.i.k.p.r.p.StatisticsFile Running test permissionHeap 
406        INFO  Timeout watchdog d.u.i.k.p.r.p.ForkedTestFileRunner Timeout watcher launched (2000 secs.) 
427        WARN  main            d.u.i.k.s.ProofSettings   The settings in /home/runner/.key/proof-settings.props are *not* read. 
467        INFO  main            d.u.i.k.p.r.p.TestFile    Now processing file /home/runner/work/key/key/key.core/../key.ui/examples/heap/permissions/permissions_method0.key 
664        INFO  main            d.u.i.k.p.i.AbstractProblemLoader Loading environment from /home/runner/work/key/key/key.core/../key.ui/examples/heap/permissions/permissions_method0.key 
685        DEBUG main            d.u.i.k.p.i.AbstractProblemLoader Environment load took 2.33ms 
938        INFO  main            d.u.i.k.p.i.AbstractProblemLoader Creating init config 
2139       DEBUG main            d.u.i.k.j.TypeConverter   No LDT found for Meta 
2140       DEBUG main            d.u.i.k.j.TypeConverter   No LDT found for Meta 
2144       DEBUG main            d.u.i.k.j.TypeConverter   No LDT found for Meta 
2144       DEBUG main            d.u.i.k.j.TypeConverter   No LDT found for Meta 
3648       DEBUG main            d.u.i.k.j.TypeConverter   No LDT found for JavaBigintExpression 
9410       DEBUG main            d.u.i.k.p.i.AbstractProblemLoader Init config took 8.47s 
9549       INFO  main            d.u.i.k.p.i.AbstractProblemLoader Replaying proof MyClass[MyClass::method0()].JML normal_behavior operation contract.0 
9590       DEBUG main            d.u.i.k.p.i.IntermediateProofReplayer Proof replay took 31.2ns 
10758      INFO  main            d.u.i.k.p.r.p.TestFile    ... finished proof: closed. 
10926      INFO  main            d.u.i.k.p.i.AbstractProblemLoader Loading environment from /home/runner/work/key/key/key.core/../key.ui/examples/heap/permissions/permissions_method0.key.proof 
10928      DEBUG main            d.u.i.k.p.i.AbstractProblemLoader Environment load took 2.34ms 
10931      INFO  main            d.u.i.k.p.i.AbstractProblemLoader Creating init config 
14239      DEBUG main            d.u.i.k.p.i.AbstractProblemLoader Init config took 3.31s 
14337      INFO  main            d.u.i.k.p.i.AbstractProblemLoader Replaying proof MyClass[MyClass::method0()].JML normal_behavior operation contract.0 
14468      DEBUG main            d.u.i.k.p.i.IntermediateProofReplayer Proof replay took 124.8ms 
14478      DEBUG main            d.u.i.k.p.r.p.TestFile    ... success: reloaded. 
14482      INFO  main            d.u.i.k.p.r.p.TestFile    Now processing file /home/runner/work/key/key/key.core/../key.ui/examples/heap/permissions/permissions_method1.key 
14482      INFO  main            d.u.i.k.p.i.AbstractProblemLoader Loading environment from /home/runner/work/key/key/key.core/../key.ui/examples/heap/permissions/permissions_method1.key 
14482      DEBUG main            d.u.i.k.p.i.AbstractProblemLoader Environment load took 224.3ns 
14486      INFO  main            d.u.i.k.p.i.AbstractProblemLoader Creating init config 
17684      DEBUG main            d.u.i.k.p.i.AbstractProblemLoader Init config took 3.2s 
17749      INFO  main            d.u.i.k.p.i.AbstractProblemLoader Replaying proof MyClass[MyClass::method1()].JML normal_behavior operation contract.0 
17754      DEBUG main            d.u.i.k.p.i.IntermediateProofReplayer Proof replay took 7.2ns 
18160      INFO  main            d.u.i.k.p.r.p.TestFile    ... finished proof: closed. 
18324      INFO  main            d.u.i.k.p.i.AbstractProblemLoader Loading environment from /home/runner/work/key/key/key.core/../key.ui/examples/heap/permissions/permissions_method1.key.proof 
18327      DEBUG main            d.u.i.k.p.i.AbstractProblemLoader Environment load took 3.19ms 
18328      INFO  main            d.u.i.k.p.i.AbstractProblemLoader Creating init config 
21468      DEBUG main            d.u.i.k.p.i.AbstractProblemLoader Init config took 3.14s 
21535      INFO  main            d.u.i.k.p.i.AbstractProblemLoader Replaying proof MyClass[MyClass::method1()].JML normal_behavior operation contract.0 
21628      DEBUG main            d.u.i.k.p.i.IntermediateProofReplayer Proof replay took 87.87ms 
21629      DEBUG main            d.u.i.k.p.r.p.TestFile    ... success: reloaded. 
21631      INFO  main            d.u.i.k.p.r.p.TestFile    Now processing file /home/runner/work/key/key/key.core/../key.ui/examples/heap/permissions/permissions_method3.key 
21631      INFO  main            d.u.i.k.p.i.AbstractProblemLoader Loading environment from /home/runner/work/key/key/key.core/../key.ui/examples/heap/permissions/permissions_method3.key 
21632      DEBUG main            d.u.i.k.p.i.AbstractProblemLoader Environment load took 205.5ns 
21634      INFO  main            d.u.i.k.p.i.AbstractProblemLoader Creating init config 
24730      DEBUG main            d.u.i.k.p.i.AbstractProblemLoader Init config took 3.1s 
24783      INFO  main            d.u.i.k.p.i.AbstractProblemLoader Replaying proof MyClass[MyClass::method3()].JML normal_behavior operation contract.0 
24786      DEBUG main            d.u.i.k.p.i.IntermediateProofReplayer Proof replay took 5.9ns 
26496      INFO  main            d.u.i.k.p.r.p.TestFile    ... finished proof: closed. 
26685      INFO  main            d.u.i.k.p.i.AbstractProblemLoader Loading environment from /home/runner/work/key/key/key.core/../key.ui/examples/heap/permissions/permissions_method3.key.proof 
26685      DEBUG main            d.u.i.k.p.i.AbstractProblemLoader Environment load took 391.1ns 
26687      INFO  main            d.u.i.k.p.i.AbstractProblemLoader Creating init config 
29666      DEBUG main            d.u.i.k.p.i.AbstractProblemLoader Init config took 2.98s 
29713      INFO  main            d.u.i.k.p.i.AbstractProblemLoader Replaying proof MyClass[MyClass::method3()].JML normal_behavior operation contract.0 
30022      DEBUG main            d.u.i.k.p.i.IntermediateProofReplayer Proof replay took 301.09ms 
30023      DEBUG main            d.u.i.k.p.r.p.TestFile    ... success: reloaded. 
30024      INFO  main            d.u.i.k.p.r.p.TestFile    Now processing file /home/runner/work/key/key/key.core/../key.ui/examples/heap/permissions/permissions_setAB.key 
30025      INFO  main            d.u.i.k.p.i.AbstractProblemLoader Loading environment from /home/runner/work/key/key/key.core/../key.ui/examples/heap/permissions/permissions_setAB.key 
30025      DEBUG main            d.u.i.k.p.i.AbstractProblemLoader Environment load took 192.5ns 
30026      INFO  main            d.u.i.k.p.i.AbstractProblemLoader Creating init config 
32964      DEBUG main            d.u.i.k.p.i.AbstractProblemLoader Init config took 2.94s 
33013      INFO  main            d.u.i.k.p.i.AbstractProblemLoader Replaying proof MyClass[MyClass::setAB()].JML normal_behavior operation contract.0 
33015      DEBUG main            d.u.i.k.p.i.IntermediateProofReplayer Proof replay took 5.6ns 
35039      INFO  main            d.u.i.k.p.r.p.TestFile    ... finished proof: closed. 
35321      INFO  main            d.u.i.k.p.i.AbstractProblemLoader Loading environment from /home/runner/work/key/key/key.core/../key.ui/examples/heap/permissions/permissions_setAB.key.proof 
35321      DEBUG main            d.u.i.k.p.i.AbstractProblemLoader Environment load took 136.3ns 
35322      INFO  main            d.u.i.k.p.i.AbstractProblemLoader Creating init config 
38338      DEBUG main            d.u.i.k.p.i.AbstractProblemLoader Init config took 3.02s 
38396      INFO  main            d.u.i.k.p.i.AbstractProblemLoader Replaying proof MyClass[MyClass::setAB()].JML normal_behavior operation contract.0 
38639      DEBUG main            d.u.i.k.p.i.IntermediateProofReplayer Proof replay took 237.38ms 
38641      DEBUG main            d.u.i.k.p.r.p.TestFile    ... success: reloaded. 
38642      INFO  main            d.u.i.k.p.r.p.TestFile    Now processing file /home/runner/work/key/key/key.core/../key.ui/examples/heap/permissions/permissionProperties.key 
38643      INFO  main            d.u.i.k.p.i.AbstractProblemLoader Loading environment from /home/runner/work/key/key/key.core/../key.ui/examples/heap/permissions/permissionProperties.key 
38643      DEBUG main            d.u.i.k.p.i.AbstractProblemLoader Environment load took 212.8ns 
38644      INFO  main            d.u.i.k.p.i.AbstractProblemLoader Creating init config 
38818      DEBUG main            d.u.i.k.j.TypeConverter   No LDT found for Meta 
38818      DEBUG main            d.u.i.k.j.TypeConverter   No LDT found for Meta 
38819      DEBUG main            d.u.i.k.j.TypeConverter   No LDT found for Meta 
38819      DEBUG main            d.u.i.k.j.TypeConverter   No LDT found for Meta 
39591      DEBUG main            d.u.i.k.j.TypeConverter   No LDT found for JavaBigintExpression 
42617      DEBUG main            d.u.i.k.p.i.AbstractProblemLoader Init config took 3.97s 
42650      INFO  main            d.u.i.k.p.i.AbstractProblemLoader Replaying proof permissionProperties.key 
42654      DEBUG main            d.u.i.k.p.i.IntermediateProofReplayer Proof replay took 6.3ns 
42757      INFO  main            d.u.i.k.p.r.p.TestFile    ... finished proof: closed. 
42938      INFO  main            d.u.i.k.p.i.AbstractProblemLoader Loading environment from /home/runner/work/key/key/key.core/../key.ui/examples/heap/permissions/permissionProperties.key.proof 
42940      DEBUG main            d.u.i.k.p.i.AbstractProblemLoader Environment load took 2.14ms 
42942      INFO  main            d.u.i.k.p.i.AbstractProblemLoader Creating init config 
45619      DEBUG main            d.u.i.k.p.i.AbstractProblemLoader Init config took 2.68s 
45641      INFO  main            d.u.i.k.p.i.AbstractProblemLoader Replaying proof permissionProperties.key.proof 
45665      DEBUG main            d.u.i.k.p.i.IntermediateProofReplayer Proof replay took 21.4ms 
45666      DEBUG main            d.u.i.k.p.r.p.TestFile    ... success: reloaded. 
45667      INFO  main            d.u.i.k.p.r.p.TestFile    Now processing file /home/runner/work/key/key/key.core/../key.ui/examples/heap/permissions/threads/AFilter_AFilter.key 
45668      INFO  main            d.u.i.k.p.i.AbstractProblemLoader Loading environment from /home/runner/work/key/key/key.core/../key.ui/examples/heap/permissions/threads/AFilter_AFilter.key 
45668      DEBUG main            d.u.i.k.p.i.AbstractProblemLoader Environment load took 199.9ns 
45669      INFO  main            d.u.i.k.p.i.AbstractProblemLoader Creating init config 
45851      DEBUG main            d.u.i.k.j.TypeConverter   No LDT found for Meta 
45852      DEBUG main            d.u.i.k.j.TypeConverter   No LDT found for Meta 
45853      DEBUG main            d.u.i.k.j.TypeConverter   No LDT found for Meta 
45853      DEBUG main            d.u.i.k.j.TypeConverter   No LDT found for Meta 
46525      DEBUG main            d.u.i.k.j.TypeConverter   No LDT found for JavaBigintExpression 
52252      DEBUG main            d.u.i.k.p.i.AbstractProblemLoader Init config took 6.58s 
52359      INFO  main            d.u.i.k.p.i.AbstractProblemLoader Replaying proof AFilter[AFilter::AFilter(Sampler,Buffer)].JML normal_behavior operation contract.0 
52361      DEBUG main            d.u.i.k.p.i.IntermediateProofReplayer Proof replay took 7ns 
53466      INFO  main            d.u.i.k.p.r.p.TestFile    ... finished proof: closed. 
53833      INFO  main            d.u.i.k.p.i.AbstractProblemLoader Loading environment from /home/runner/work/key/key/key.core/../key.ui/examples/heap/permissions/threads/AFilter_AFilter.key.proof 
53835      DEBUG main            d.u.i.k.p.i.AbstractProblemLoader Environment load took 1.98ms 
53837      INFO  main            d.u.i.k.p.i.AbstractProblemLoader Creating init config 
58937      DEBUG main            d.u.i.k.p.i.AbstractProblemLoader Init config took 5.1s 
59044      INFO  main            d.u.i.k.p.i.AbstractProblemLoader Replaying proof AFilter[AFilter::AFilter(Sampler,Buffer)].JML normal_behavior operation contract.0 
59243      DEBUG main            d.u.i.k.p.i.IntermediateProofReplayer Proof replay took 194.11ms 
59245      DEBUG main            d.u.i.k.p.r.p.TestFile    ... success: reloaded. 
59246      INFO  main            d.u.i.k.p.r.p.TestFile    Now processing file /home/runner/work/key/key/key.core/../key.ui/examples/heap/permissions/threads/AFilter_initPost_accessible.key 
59246      INFO  main            d.u.i.k.p.i.AbstractProblemLoader Loading environment from /home/runner/work/key/key/key.core/../key.ui/examples/heap/permissions/threads/AFilter_initPost_accessible.key 
59247      DEBUG main            d.u.i.k.p.i.AbstractProblemLoader Environment load took 185.3ns 
59248      INFO  main            d.u.i.k.p.i.AbstractProblemLoader Creating init config 
64501      DEBUG main            d.u.i.k.p.i.AbstractProblemLoader Init config took 5.25s 
64605      INFO  main            d.u.i.k.p.i.AbstractProblemLoader Replaying proof AFilter[ThreadSpec2::initPost()].JML accessible clause.0 
64607      DEBUG main            d.u.i.k.p.i.IntermediateProofReplayer Proof replay took 7.7ns 
64709      INFO  main            d.u.i.k.p.r.p.TestFile    ... finished proof: closed. 
64995      INFO  main            d.u.i.k.p.i.AbstractProblemLoader Loading environment from /home/runner/work/key/key/key.core/../key.ui/examples/heap/permissions/threads/AFilter_initPost_accessible.key.proof 
64995      DEBUG main            d.u.i.k.p.i.AbstractProblemLoader Environment load took 127.4ns 
64996      INFO  main            d.u.i.k.p.i.AbstractProblemLoader Creating init config 
70128      DEBUG main            d.u.i.k.p.i.AbstractProblemLoader Init config took 5.13s 
70233      INFO  main            d.u.i.k.p.i.AbstractProblemLoader Replaying proof AFilter[ThreadSpec2::initPost()].JML accessible clause.0 
70251      DEBUG main            d.u.i.k.p.i.IntermediateProofReplayer Proof replay took 15.47ms 
70252      DEBUG main            d.u.i.k.p.r.p.TestFile    ... success: reloaded. 
70253      INFO  main            d.u.i.k.p.r.p.TestFile    Now processing file /home/runner/work/key/key/key.core/../key.ui/examples/heap/permissions/threads/AFilter_inv_accessible1.key 
70254      INFO  main            d.u.i.k.p.i.AbstractProblemLoader Loading environment from /home/runner/work/key/key/key.core/../key.ui/examples/heap/permissions/threads/AFilter_inv_accessible1.key 
70254      DEBUG main            d.u.i.k.p.i.AbstractProblemLoader Environment load took 164.2ns 
70255      INFO  main            d.u.i.k.p.i.AbstractProblemLoader Creating init config 
75288      DEBUG main            d.u.i.k.p.i.AbstractProblemLoader Init config took 5.03s 
75396      INFO  main            d.u.i.k.p.i.AbstractProblemLoader Replaying proof AFilter[java.lang.Object::<inv>()].JML accessible clause.0 
75400      DEBUG main            d.u.i.k.p.i.IntermediateProofReplayer Proof replay took 6.9ns 
75504      INFO  main            d.u.i.k.p.r.p.TestFile    ... finished proof: closed. 
75744      INFO  main            d.u.i.k.p.i.AbstractProblemLoader Loading environment from /home/runner/work/key/key/key.core/../key.ui/examples/heap/permissions/threads/AFilter_inv_accessible1.key.proof 
75744      DEBUG main            d.u.i.k.p.i.AbstractProblemLoader Environment load took 174ns 
75745      INFO  main            d.u.i.k.p.i.AbstractProblemLoader Creating init config 
80779      DEBUG main            d.u.i.k.p.i.AbstractProblemLoader Init config took 5.03s 
80881      INFO  main            d.u.i.k.p.i.AbstractProblemLoader Replaying proof AFilter[java.lang.Object::<inv>()].JML accessible clause.0 
80886      DEBUG main            d.u.i.k.p.i.IntermediateProofReplayer Proof replay took 3.12ms 
80887      DEBUG main            d.u.i.k.p.r.p.TestFile    ... success: reloaded. 
80889      INFO  main            d.u.i.k.p.r.p.TestFile    Now processing file /home/runner/work/key/key/key.core/../key.ui/examples/heap/permissions/threads/AFilter_inv_accessible2.key 
80889      INFO  main            d.u.i.k.p.i.AbstractProblemLoader Loading environment from /home/runner/work/key/key/key.core/../key.ui/examples/heap/permissions/threads/AFilter_inv_accessible2.key 
80889      DEBUG main            d.u.i.k.p.i.AbstractProblemLoader Environment load took 200ns 
80890      INFO  main            d.u.i.k.p.i.AbstractProblemLoader Creating init config 
85979      DEBUG main            d.u.i.k.p.i.AbstractProblemLoader Init config took 5.09s 
86068      INFO  main            d.u.i.k.p.i.AbstractProblemLoader Replaying proof AFilter[java.lang.Object::<inv>()].JML accessible clause.1 
86070      DEBUG main            d.u.i.k.p.i.IntermediateProofReplayer Proof replay took 7.1ns 
86176      INFO  main            d.u.i.k.p.r.p.TestFile    ... finished proof: closed. 
86412      INFO  main            d.u.i.k.p.i.AbstractProblemLoader Loading environment from /home/runner/work/key/key/key.core/../key.ui/examples/heap/permissions/threads/AFilter_inv_accessible2.key.proof 
86413      DEBUG main            d.u.i.k.p.i.AbstractProblemLoader Environment load took 141.7ns 
86414      INFO  main            d.u.i.k.p.i.AbstractProblemLoader Creating init config 
91449      DEBUG main            d.u.i.k.p.i.AbstractProblemLoader Init config took 5.04s 
91541      INFO  main            d.u.i.k.p.i.AbstractProblemLoader Replaying proof AFilter[java.lang.Object::<inv>()].JML accessible clause.1 
91549      DEBUG main            d.u.i.k.p.i.IntermediateProofReplayer Proof replay took 3.13ms 
91551      DEBUG main            d.u.i.k.p.r.p.TestFile    ... success: reloaded. 
91553      INFO  main            d.u.i.k.p.r.p.TestFile    Now processing file /home/runner/work/key/key/key.core/../key.ui/examples/heap/permissions/threads/AFilter_joinTransfer_accessible.key 
91553      INFO  main            d.u.i.k.p.i.AbstractProblemLoader Loading environment from /home/runner/work/key/key/key.core/../key.ui/examples/heap/permissions/threads/AFilter_joinTransfer_accessible.key 
91553      DEBUG main            d.u.i.k.p.i.AbstractProblemLoader Environment load took 107.9ns 
91554      INFO  main            d.u.i.k.p.i.AbstractProblemLoader Creating init config 
96526      DEBUG main            d.u.i.k.p.i.AbstractProblemLoader Init config took 4.97s 
96638      INFO  main            d.u.i.k.p.i.AbstractProblemLoader Replaying proof AFilter[ThreadSpec2::joinTransfer()].JML accessible clause.0 
96640      DEBUG main            d.u.i.k.p.i.IntermediateProofReplayer Proof replay took 7.9ns 
97945      INFO  main            d.u.i.k.p.r.p.TestFile    ... finished proof: closed. 
98232      INFO  main            d.u.i.k.p.i.AbstractProblemLoader Loading environment from /home/runner/work/key/key/key.core/../key.ui/examples/heap/permissions/threads/AFilter_joinTransfer_accessible.key.proof 
98232      DEBUG main            d.u.i.k.p.i.AbstractProblemLoader Environment load took 176.4ns 
98233      INFO  main            d.u.i.k.p.i.AbstractProblemLoader Creating init config 
103279     DEBUG main            d.u.i.k.p.i.AbstractProblemLoader Init config took 5.05s 
103375     INFO  main            d.u.i.k.p.i.AbstractProblemLoader Replaying proof AFilter[ThreadSpec2::joinTransfer()].JML accessible clause.0 
103594     DEBUG main            d.u.i.k.p.i.IntermediateProofReplayer Proof replay took 203.6ms 
103596     DEBUG main            d.u.i.k.p.r.p.TestFile    ... success: reloaded. 
103599     INFO  main            d.u.i.k.p.r.p.TestFile    Now processing file /home/runner/work/key/key/key.core/../key.ui/examples/heap/permissions/threads/AFilter_joinTransfer_contract.key 
103599     INFO  main            d.u.i.k.p.i.AbstractProblemLoader Loading environment from /home/runner/work/key/key/key.core/../key.ui/examples/heap/permissions/threads/AFilter_joinTransfer_contract.key 
103599     DEBUG main            d.u.i.k.p.i.AbstractProblemLoader Environment load took 188.1ns 
103600     INFO  main            d.u.i.k.p.i.AbstractProblemLoader Creating init config 
108772     DEBUG main            d.u.i.k.p.i.AbstractProblemLoader Init config took 5.17s 
108889     INFO  main            d.u.i.k.p.i.AbstractProblemLoader Replaying proof AFilter[ThreadSpec2::joinTransfer()].JML model_behavior operation contract.0 
108891     DEBUG main            d.u.i.k.p.i.IntermediateProofReplayer Proof replay took 6.7ns 
108996     INFO  main            d.u.i.k.p.r.p.TestFile    ... finished proof: closed. 
109250     INFO  main            d.u.i.k.p.i.AbstractProblemLoader Loading environment from /home/runner/work/key/key/key.core/../key.ui/examples/heap/permissions/threads/AFilter_joinTransfer_contract.key.proof 
109250     DEBUG main            d.u.i.k.p.i.AbstractProblemLoader Environment load took 149.7ns 
109251     INFO  main            d.u.i.k.p.i.AbstractProblemLoader Creating init config 
114319     DEBUG main            d.u.i.k.p.i.AbstractProblemLoader Init config took 5.07s 
114421     INFO  main            d.u.i.k.p.i.AbstractProblemLoader Replaying proof AFilter[ThreadSpec2::joinTransfer()].JML model_behavior operation contract.0 
114433     DEBUG main            d.u.i.k.p.i.IntermediateProofReplayer Proof replay took 9.55ms 
114434     DEBUG main            d.u.i.k.p.r.p.TestFile    ... success: reloaded. 
114435     INFO  main            d.u.i.k.p.r.p.TestFile    Now processing file /home/runner/work/key/key/key.core/../key.ui/examples/heap/permissions/threads/AFilter_postJoin_accessible.key 
114436     INFO  main            d.u.i.k.p.i.AbstractProblemLoader Loading environment from /home/runner/work/key/key/key.core/../key.ui/examples/heap/permissions/threads/AFilter_postJoin_accessible.key 
114436     DEBUG main            d.u.i.k.p.i.AbstractProblemLoader Environment load took 113.6ns 
114437     INFO  main            d.u.i.k.p.i.AbstractProblemLoader Creating init config 
119585     DEBUG main            d.u.i.k.p.i.AbstractProblemLoader Init config took 5.15s 
119670     INFO  main            d.u.i.k.p.i.AbstractProblemLoader Replaying proof AFilter[ThreadSpec2::postJoin(java.lang.Object)].JML accessible clause.0 
119672     DEBUG main            d.u.i.k.p.i.IntermediateProofReplayer Proof replay took 7.1ns 
119776     INFO  main            d.u.i.k.p.r.p.TestFile    ... finished proof: closed. 
120118     INFO  main            d.u.i.k.p.i.AbstractProblemLoader Loading environment from /home/runner/work/key/key/key.core/../key.ui/examples/heap/permissions/threads/AFilter_postJoin_accessible.key.proof 
120118     DEBUG main            d.u.i.k.p.i.AbstractProblemLoader Environment load took 131.7ns 
120119     INFO  main            d.u.i.k.p.i.AbstractProblemLoader Creating init config 
125171     DEBUG main            d.u.i.k.p.i.AbstractProblemLoader Init config took 5.05s 
125256     INFO  main            d.u.i.k.p.i.AbstractProblemLoader Replaying proof AFilter[ThreadSpec2::postJoin(java.lang.Object)].JML accessible clause.0 
125266     DEBUG main            d.u.i.k.p.i.IntermediateProofReplayer Proof replay took 8.52ms 
125267     DEBUG main            d.u.i.k.p.r.p.TestFile    ... success: reloaded. 
125268     INFO  main            d.u.i.k.p.r.p.TestFile    Now processing file /home/runner/work/key/key/key.core/../key.ui/examples/heap/permissions/threads/AFilter_preStart_accessible.key 
125268     INFO  main            d.u.i.k.p.i.AbstractProblemLoader Loading environment from /home/runner/work/key/key/key.core/../key.ui/examples/heap/permissions/threads/AFilter_preStart_accessible.key 
125268     DEBUG main            d.u.i.k.p.i.AbstractProblemLoader Environment load took 103.5ns 
125269     INFO  main            d.u.i.k.p.i.AbstractProblemLoader Creating init config 
130395     DEBUG main            d.u.i.k.p.i.AbstractProblemLoader Init config took 5.13s 
130482     INFO  main            d.u.i.k.p.i.AbstractProblemLoader Replaying proof AFilter[ThreadSpec2::preStart(java.lang.Object)].JML accessible clause.0 
130484     DEBUG main            d.u.i.k.p.i.IntermediateProofReplayer Proof replay took 7.3ns 
130787     INFO  main            d.u.i.k.p.r.p.TestFile    ... finished proof: closed. 
131088     INFO  main            d.u.i.k.p.i.AbstractProblemLoader Loading environment from /home/runner/work/key/key/key.core/../key.ui/examples/heap/permissions/threads/AFilter_preStart_accessible.key.proof 
131088     DEBUG main            d.u.i.k.p.i.AbstractProblemLoader Environment load took 371.4ns 
131089     INFO  main            d.u.i.k.p.i.AbstractProblemLoader Creating init config 
136140     DEBUG main            d.u.i.k.p.i.AbstractProblemLoader Init config took 5.05s 
136226     INFO  main            d.u.i.k.p.i.AbstractProblemLoader Replaying proof AFilter[ThreadSpec2::preStart(java.lang.Object)].JML accessible clause.0 
136278     DEBUG main            d.u.i.k.p.i.IntermediateProofReplayer Proof replay took 48.76ms 
136280     DEBUG main            d.u.i.k.p.r.p.TestFile    ... success: reloaded. 
136282     INFO  main            d.u.i.k.p.r.p.TestFile    Now processing file /home/runner/work/key/key/key.core/../key.ui/examples/heap/permissions/threads/AFilter_startTransfer_accessible.key 
136282     INFO  main            d.u.i.k.p.i.AbstractProblemLoader Loading environment from /home/runner/work/key/key/key.core/../key.ui/examples/heap/permissions/threads/AFilter_startTransfer_accessible.key 
136282     DEBUG main            d.u.i.k.p.i.AbstractProblemLoader Environment load took 199.8ns 
136283     INFO  main            d.u.i.k.p.i.AbstractProblemLoader Creating init config 
141263     DEBUG main            d.u.i.k.p.i.AbstractProblemLoader Init config took 4.98s 
141346     INFO  main            d.u.i.k.p.i.AbstractProblemLoader Replaying proof AFilter[ThreadSpec2::startTransfer()].JML accessible clause.0 
141348     DEBUG main            d.u.i.k.p.i.IntermediateProofReplayer Proof replay took 6.2ns 
151735     INFO  main            d.u.i.k.p.r.p.TestFile    ... finished proof: closed. 
152035     INFO  main            d.u.i.k.p.i.AbstractProblemLoader Loading environment from /home/runner/work/key/key/key.core/../key.ui/examples/heap/permissions/threads/AFilter_startTransfer_accessible.key.proof 
152035     DEBUG main            d.u.i.k.p.i.AbstractProblemLoader Environment load took 396.1ns 
152036     INFO  main            d.u.i.k.p.i.AbstractProblemLoader Creating init config 
157016     DEBUG main            d.u.i.k.p.i.AbstractProblemLoader Init config took 4.98s 
157101     INFO  main            d.u.i.k.p.i.AbstractProblemLoader Replaying proof AFilter[ThreadSpec2::startTransfer()].JML accessible clause.0 
158048     DEBUG main            d.u.i.k.p.i.IntermediateProofReplayer Proof replay took 916.87ms 
158050     DEBUG main            d.u.i.k.p.r.p.TestFile    ... success: reloaded. 
158051     INFO  main            d.u.i.k.p.r.p.TestFile    Now processing file /home/runner/work/key/key/key.core/../key.ui/examples/heap/permissions/threads/AFilter_startTransfer_contract.key 
158051     INFO  main            d.u.i.k.p.i.AbstractProblemLoader Loading environment from /home/runner/work/key/key/key.core/../key.ui/examples/heap/permissions/threads/AFilter_startTransfer_contract.key 
158052     DEBUG main            d.u.i.k.p.i.AbstractProblemLoader Environment load took 190.6ns 
158053     INFO  main            d.u.i.k.p.i.AbstractProblemLoader Creating init config 
163127     DEBUG main            d.u.i.k.p.i.AbstractProblemLoader Init config took 5.07s 
163215     INFO  main            d.u.i.k.p.i.AbstractProblemLoader Replaying proof AFilter[ThreadSpec2::startTransfer()].JML model_behavior operation contract.0 
163217     DEBUG main            d.u.i.k.p.i.IntermediateProofReplayer Proof replay took 5.9ns 
163722     INFO  main            d.u.i.k.p.r.p.TestFile    ... finished proof: closed. 
164024     INFO  main            d.u.i.k.p.i.AbstractProblemLoader Loading environment from /home/runner/work/key/key/key.core/../key.ui/examples/heap/permissions/threads/AFilter_startTransfer_contract.key.proof 
164024     DEBUG main            d.u.i.k.p.i.AbstractProblemLoader Environment load took 454.9ns 
164026     INFO  main            d.u.i.k.p.i.AbstractProblemLoader Creating init config 
169030     DEBUG main            d.u.i.k.p.i.AbstractProblemLoader Init config took 5s 
169126     INFO  main            d.u.i.k.p.i.AbstractProblemLoader Replaying proof AFilter[ThreadSpec2::startTransfer()].JML model_behavior operation contract.0 
169208     DEBUG main            d.u.i.k.p.i.IntermediateProofReplayer Proof replay took 76.11ms 
169210     DEBUG main            d.u.i.k.p.r.p.TestFile    ... success: reloaded. 
169211     INFO  main            d.u.i.k.p.r.p.TestFile    Now processing file /home/runner/work/key/key/key.core/../key.ui/examples/heap/permissions/threads/AFilter_stateInv_accessible.key 
169211     INFO  main            d.u.i.k.p.i.AbstractProblemLoader Loading environment from /home/runner/work/key/key/key.core/../key.ui/examples/heap/permissions/threads/AFilter_stateInv_accessible.key 
169211     DEBUG main            d.u.i.k.p.i.AbstractProblemLoader Environment load took 200.7ns 
169212     INFO  main            d.u.i.k.p.i.AbstractProblemLoader Creating init config 
174273     DEBUG main            d.u.i.k.p.i.AbstractProblemLoader Init config took 5.06s 
174361     INFO  main            d.u.i.k.p.i.AbstractProblemLoader Replaying proof AFilter[ThreadSpec2::stateInv()].JML accessible clause.0 
174363     DEBUG main            d.u.i.k.p.i.IntermediateProofReplayer Proof replay took 6.4ns 
174765     INFO  main            d.u.i.k.p.r.p.TestFile    ... finished proof: closed. 
175089     INFO  main            d.u.i.k.p.i.AbstractProblemLoader Loading environment from /home/runner/work/key/key/key.core/../key.ui/examples/heap/permissions/threads/AFilter_stateInv_accessible.key.proof 
175089     DEBUG main            d.u.i.k.p.i.AbstractProblemLoader Environment load took 137.1ns 
175090     INFO  main            d.u.i.k.p.i.AbstractProblemLoader Creating init config 
180104     DEBUG main            d.u.i.k.p.i.AbstractProblemLoader Init config took 5.01s 
180186     INFO  main            d.u.i.k.p.i.AbstractProblemLoader Replaying proof AFilter[ThreadSpec2::stateInv()].JML accessible clause.0 
180234     DEBUG main            d.u.i.k.p.i.IntermediateProofReplayer Proof replay took 44.15ms 
180235     DEBUG main            d.u.i.k.p.r.p.TestFile    ... success: reloaded. 
180236     INFO  main            d.u.i.k.p.r.p.TestFile    Now processing file /home/runner/work/key/key/key.core/../key.ui/examples/heap/permissions/threads/AFilter_staticPermissions_accessible.key 
180237     INFO  main            d.u.i.k.p.i.AbstractProblemLoader Loading environment from /home/runner/work/key/key/key.core/../key.ui/examples/heap/permissions/threads/AFilter_staticPermissions_accessible.key 
180237     DEBUG main            d.u.i.k.p.i.AbstractProblemLoader Environment load took 184.1ns 
180238     INFO  main            d.u.i.k.p.i.AbstractProblemLoader Creating init config 
185398     DEBUG main            d.u.i.k.p.i.AbstractProblemLoader Init config took 5.16s 
185498     INFO  main            d.u.i.k.p.i.AbstractProblemLoader Replaying proof AFilter[ThreadSpec2::staticPermissions()].JML accessible clause.0 
185500     DEBUG main            d.u.i.k.p.i.IntermediateProofReplayer Proof replay took 6.8ns 
185602     INFO  main            d.u.i.k.p.r.p.TestFile    ... finished proof: closed. 
185898     INFO  main            d.u.i.k.p.i.AbstractProblemLoader Loading environment from /home/runner/work/key/key/key.core/../key.ui/examples/heap/permissions/threads/AFilter_staticPermissions_accessible.key.proof 
185898     DEBUG main            d.u.i.k.p.i.AbstractProblemLoader Environment load took 110.8ns 
185899     INFO  main            d.u.i.k.p.i.AbstractProblemLoader Creating init config 
190857     DEBUG main            d.u.i.k.p.i.AbstractProblemLoader Init config took 4.96s 
190939     INFO  main            d.u.i.k.p.i.AbstractProblemLoader Replaying proof AFilter[ThreadSpec2::staticPermissions()].JML accessible clause.0 
190952     DEBUG main            d.u.i.k.p.i.IntermediateProofReplayer Proof replay took 10.46ms 
190953     DEBUG main            d.u.i.k.p.r.p.TestFile    ... success: reloaded. 
190954     INFO  main            d.u.i.k.p.r.p.TestFile    Now processing file /home/runner/work/key/key/key.core/../key.ui/examples/heap/permissions/threads/AFilter_workingPermissions_accessible.key 
190954     INFO  main            d.u.i.k.p.i.AbstractProblemLoader Loading environment from /home/runner/work/key/key/key.core/../key.ui/examples/heap/permissions/threads/AFilter_workingPermissions_accessible.key 
190954     DEBUG main            d.u.i.k.p.i.AbstractProblemLoader Environment load took 90.7ns 
190955     INFO  main            d.u.i.k.p.i.AbstractProblemLoader Creating init config 
196006     DEBUG main            d.u.i.k.p.i.AbstractProblemLoader Init config took 5.05s 
196104     INFO  main            d.u.i.k.p.i.AbstractProblemLoader Replaying proof AFilter[ThreadSpec2::workingPermissions()].JML accessible clause.0 
196106     DEBUG main            d.u.i.k.p.i.IntermediateProofReplayer Proof replay took 6.4ns 
196207     INFO  main            d.u.i.k.p.r.p.TestFile    ... finished proof: closed. 
196538     INFO  main            d.u.i.k.p.i.AbstractProblemLoader Loading environment from /home/runner/work/key/key/key.core/../key.ui/examples/heap/permissions/threads/AFilter_workingPermissions_accessible.key.proof 
196538     DEBUG main            d.u.i.k.p.i.AbstractProblemLoader Environment load took 118.4ns 
196539     INFO  main            d.u.i.k.p.i.AbstractProblemLoader Creating init config 
201483     DEBUG main            d.u.i.k.p.i.AbstractProblemLoader Init config took 4.94s 
201577     INFO  main            d.u.i.k.p.i.AbstractProblemLoader Replaying proof AFilter[ThreadSpec2::workingPermissions()].JML accessible clause.0 
201588     DEBUG main            d.u.i.k.p.i.IntermediateProofReplayer Proof replay took 9.27ms 
201589     DEBUG main            d.u.i.k.p.r.p.TestFile    ... success: reloaded. 
201590     INFO  main            d.u.i.k.p.r.p.TestFile    Now processing file /home/runner/work/key/key/key.core/../key.ui/examples/heap/permissions/threads/BFilter_BFilter.key 
201590     INFO  main            d.u.i.k.p.i.AbstractProblemLoader Loading environment from /home/runner/work/key/key/key.core/../key.ui/examples/heap/permissions/threads/BFilter_BFilter.key 
201590     DEBUG main            d.u.i.k.p.i.AbstractProblemLoader Environment load took 107.1ns 
201591     INFO  main            d.u.i.k.p.i.AbstractProblemLoader Creating init config 
206745     DEBUG main            d.u.i.k.p.i.AbstractProblemLoader Init config took 5.15s 
206828     INFO  main            d.u.i.k.p.i.AbstractProblemLoader Replaying proof BFilter[BFilter::BFilter(Sampler,Buffer)].JML normal_behavior operation contract.0 
206830     DEBUG main            d.u.i.k.p.i.IntermediateProofReplayer Proof replay took 6.7ns 
207938     INFO  main            d.u.i.k.p.r.p.TestFile    ... finished proof: closed. 
208289     INFO  main            d.u.i.k.p.i.AbstractProblemLoader Loading environment from /home/runner/work/key/key/key.core/../key.ui/examples/heap/permissions/threads/BFilter_BFilter.key.proof 
208289     DEBUG main            d.u.i.k.p.i.AbstractProblemLoader Environment load took 350.1ns 
208290     INFO  main            d.u.i.k.p.i.AbstractProblemLoader Creating init config 
213316     DEBUG main            d.u.i.k.p.i.AbstractProblemLoader Init config took 5.03s 
213407     INFO  main            d.u.i.k.p.i.AbstractProblemLoader Replaying proof BFilter[BFilter::BFilter(Sampler,Buffer)].JML normal_behavior operation contract.0 
213620     DEBUG main            d.u.i.k.p.i.IntermediateProofReplayer Proof replay took 208.32ms 
213621     DEBUG main            d.u.i.k.p.r.p.TestFile    ... success: reloaded. 
213622     INFO  main            d.u.i.k.p.r.p.TestFile    Now processing file /home/runner/work/key/key/key.core/../key.ui/examples/heap/permissions/threads/BFilter_initPost_accessible.key 
213623     INFO  main            d.u.i.k.p.i.AbstractProblemLoader Loading environment from /home/runner/work/key/key/key.core/../key.ui/examples/heap/permissions/threads/BFilter_initPost_accessible.key 
213623     DEBUG main            d.u.i.k.p.i.AbstractProblemLoader Environment load took 186.7ns 
213624     INFO  main            d.u.i.k.p.i.AbstractProblemLoader Creating init config 
218692     DEBUG main            d.u.i.k.p.i.AbstractProblemLoader Init config took 5.07s 
218777     INFO  main            d.u.i.k.p.i.AbstractProblemLoader Replaying proof BFilter[ThreadSpec2::initPost()].JML accessible clause.0 
218779     DEBUG main            d.u.i.k.p.i.IntermediateProofReplayer Proof replay took 7.2ns 
218881     INFO  main            d.u.i.k.p.r.p.TestFile    ... finished proof: closed. 
219212     INFO  main            d.u.i.k.p.i.AbstractProblemLoader Loading environment from /home/runner/work/key/key/key.core/../key.ui/examples/heap/permissions/threads/BFilter_initPost_accessible.key.proof 
219212     DEBUG main            d.u.i.k.p.i.AbstractProblemLoader Environment load took 128.3ns 
219213     INFO  main            d.u.i.k.p.i.AbstractProblemLoader Creating init config 
224264     DEBUG main            d.u.i.k.p.i.AbstractProblemLoader Init config took 5.05s 
224350     INFO  main            d.u.i.k.p.i.AbstractProblemLoader Replaying proof BFilter[ThreadSpec2::initPost()].JML accessible clause.0 
224365     DEBUG main            d.u.i.k.p.i.IntermediateProofReplayer Proof replay took 12.32ms 
224366     DEBUG main            d.u.i.k.p.r.p.TestFile    ... success: reloaded. 
224367     INFO  main            d.u.i.k.p.r.p.TestFile    Now processing file /home/runner/work/key/key/key.core/../key.ui/examples/heap/permissions/threads/BFilter_inv_accessible1.key 
224367     INFO  main            d.u.i.k.p.i.AbstractProblemLoader Loading environment from /home/runner/work/key/key/key.core/../key.ui/examples/heap/permissions/threads/BFilter_inv_accessible1.key 
224367     DEBUG main            d.u.i.k.p.i.AbstractProblemLoader Environment load took 110.9ns 
224368     INFO  main            d.u.i.k.p.i.AbstractProblemLoader Creating init config 
229412     DEBUG main            d.u.i.k.p.i.AbstractProblemLoader Init config took 5.04s 
229498     INFO  main            d.u.i.k.p.i.AbstractProblemLoader Replaying proof BFilter[java.lang.Object::<inv>()].JML accessible clause.0 
229500     DEBUG main            d.u.i.k.p.i.IntermediateProofReplayer Proof replay took 7ns 
229602     INFO  main            d.u.i.k.p.r.p.TestFile    ... finished proof: closed. 
229931     INFO  main            d.u.i.k.p.i.AbstractProblemLoader Loading environment from /home/runner/work/key/key/key.core/../key.ui/examples/heap/permissions/threads/BFilter_inv_accessible1.key.proof 
229932     DEBUG main            d.u.i.k.p.i.AbstractProblemLoader Environment load took 124.6ns 
229933     INFO  main            d.u.i.k.p.i.AbstractProblemLoader Creating init config 
234891     DEBUG main            d.u.i.k.p.i.AbstractProblemLoader Init config took 4.96s 
234991     INFO  main            d.u.i.k.p.i.AbstractProblemLoader Replaying proof BFilter[java.lang.Object::<inv>()].JML accessible clause.0 
234995     DEBUG main            d.u.i.k.p.i.IntermediateProofReplayer Proof replay took 2.29ms 
234996     DEBUG main            d.u.i.k.p.r.p.TestFile    ... success: reloaded. 
234997     INFO  main            d.u.i.k.p.r.p.TestFile    Now processing file /home/runner/work/key/key/key.core/../key.ui/examples/heap/permissions/threads/BFilter_inv_accessible2.key 
234997     INFO  main            d.u.i.k.p.i.AbstractProblemLoader Loading environment from /home/runner/work/key/key/key.core/../key.ui/examples/heap/permissions/threads/BFilter_inv_accessible2.key 
234998     DEBUG main            d.u.i.k.p.i.AbstractProblemLoader Environment load took 96ns 
234998     INFO  main            d.u.i.k.p.i.AbstractProblemLoader Creating init config 
240066     DEBUG main            d.u.i.k.p.i.AbstractProblemLoader Init config took 5.07s 
240150     INFO  main            d.u.i.k.p.i.AbstractProblemLoader Replaying proof BFilter[java.lang.Object::<inv>()].JML accessible clause.1 
240152     DEBUG main            d.u.i.k.p.i.IntermediateProofReplayer Proof replay took 7.1ns 
240258     INFO  main            d.u.i.k.p.r.p.TestFile    ... finished proof: closed. 
240592     INFO  main            d.u.i.k.p.i.AbstractProblemLoader Loading environment from /home/runner/work/key/key/key.core/../key.ui/examples/heap/permissions/threads/BFilter_inv_accessible2.key.proof 
240592     DEBUG main            d.u.i.k.p.i.AbstractProblemLoader Environment load took 118.4ns 
240593     INFO  main            d.u.i.k.p.i.AbstractProblemLoader Creating init config 
245690     DEBUG main            d.u.i.k.p.i.AbstractProblemLoader Init config took 5.1s 
245774     INFO  main            d.u.i.k.p.i.AbstractProblemLoader Replaying proof BFilter[java.lang.Object::<inv>()].JML accessible clause.1 
245777     DEBUG main            d.u.i.k.p.i.IntermediateProofReplayer Proof replay took 1.93ms 
245778     DEBUG main            d.u.i.k.p.r.p.TestFile    ... success: reloaded. 
245779     INFO  main            d.u.i.k.p.r.p.TestFile    Now processing file /home/runner/work/key/key/key.core/../key.ui/examples/heap/permissions/threads/BFilter_joinTransfer_accessible.key 
245780     INFO  main            d.u.i.k.p.i.AbstractProblemLoader Loading environment from /home/runner/work/key/key/key.core/../key.ui/examples/heap/permissions/threads/BFilter_joinTransfer_accessible.key 
245780     DEBUG main            d.u.i.k.p.i.AbstractProblemLoader Environment load took 91.8ns 
245781     INFO  main            d.u.i.k.p.i.AbstractProblemLoader Creating init config 
250816     DEBUG main            d.u.i.k.p.i.AbstractProblemLoader Init config took 5.04s 
250897     INFO  main            d.u.i.k.p.i.AbstractProblemLoader Replaying proof BFilter[ThreadSpec2::joinTransfer()].JML accessible clause.0 
250899     DEBUG main            d.u.i.k.p.i.IntermediateProofReplayer Proof replay took 6.6ns 
252005     INFO  main            d.u.i.k.p.r.p.TestFile    ... finished proof: closed. 
252363     INFO  main            d.u.i.k.p.i.AbstractProblemLoader Loading environment from /home/runner/work/key/key/key.core/../key.ui/examples/heap/permissions/threads/BFilter_joinTransfer_accessible.key.proof 
252364     DEBUG main            d.u.i.k.p.i.AbstractProblemLoader Environment load took 404.3ns 
252366     INFO  main            d.u.i.k.p.i.AbstractProblemLoader Creating init config 
257297     DEBUG main            d.u.i.k.p.i.AbstractProblemLoader Init config took 4.93s 
257385     INFO  main            d.u.i.k.p.i.AbstractProblemLoader Replaying proof BFilter[ThreadSpec2::joinTransfer()].JML accessible clause.0 
257526     DEBUG main            d.u.i.k.p.i.IntermediateProofReplayer Proof replay took 135.01ms 
257527     DEBUG main            d.u.i.k.p.r.p.TestFile    ... success: reloaded. 
257529     INFO  main            d.u.i.k.p.r.p.TestFile    Now processing file /home/runner/work/key/key/key.core/../key.ui/examples/heap/permissions/threads/BFilter_joinTransfer_contract.key 
257529     INFO  main            d.u.i.k.p.i.AbstractProblemLoader Loading environment from /home/runner/work/key/key/key.core/../key.ui/examples/heap/permissions/threads/BFilter_joinTransfer_contract.key 
257529     DEBUG main            d.u.i.k.p.i.AbstractProblemLoader Environment load took 216ns 
257530     INFO  main            d.u.i.k.p.i.AbstractProblemLoader Creating init config 
262645     DEBUG main            d.u.i.k.p.i.AbstractProblemLoader Init config took 5.11s 
262748     INFO  main            d.u.i.k.p.i.AbstractProblemLoader Replaying proof BFilter[ThreadSpec2::joinTransfer()].JML model_behavior operation contract.0 
262750     DEBUG main            d.u.i.k.p.i.IntermediateProofReplayer Proof replay took 6.8ns 
262852     INFO  main            d.u.i.k.p.r.p.TestFile    ... finished proof: closed. 
263367     INFO  main            d.u.i.k.p.i.AbstractProblemLoader Loading environment from /home/runner/work/key/key/key.core/../key.ui/examples/heap/permissions/threads/BFilter_joinTransfer_contract.key.proof 
263367     DEBUG main            d.u.i.k.p.i.AbstractProblemLoader Environment load took 130.1ns 
263369     INFO  main            d.u.i.k.p.i.AbstractProblemLoader Creating init config 
268309     DEBUG main            d.u.i.k.p.i.AbstractProblemLoader Init config took 4.94s 
268395     INFO  main            d.u.i.k.p.i.AbstractProblemLoader Replaying proof BFilter[ThreadSpec2::joinTransfer()].JML model_behavior operation contract.0 
268406     DEBUG main            d.u.i.k.p.i.IntermediateProofReplayer Proof replay took 8.37ms 
268407     DEBUG main            d.u.i.k.p.r.p.TestFile    ... success: reloaded. 
268409     INFO  main            d.u.i.k.p.r.p.TestFile    Now processing file /home/runner/work/key/key/key.core/../key.ui/examples/heap/permissions/threads/BFilter_postJoin_accessible.key 
268409     INFO  main            d.u.i.k.p.i.AbstractProblemLoader Loading environment from /home/runner/work/key/key/key.core/../key.ui/examples/heap/permissions/threads/BFilter_postJoin_accessible.key 
268409     DEBUG main            d.u.i.k.p.i.AbstractProblemLoader Environment load took 177.8ns 
268411     INFO  main            d.u.i.k.p.i.AbstractProblemLoader Creating init config 
273479     DEBUG main            d.u.i.k.p.i.AbstractProblemLoader Init config took 5.07s 
273578     INFO  main            d.u.i.k.p.i.AbstractProblemLoader Replaying proof BFilter[ThreadSpec2::postJoin(java.lang.Object)].JML accessible clause.0 
273579     DEBUG main            d.u.i.k.p.i.IntermediateProofReplayer Proof replay took 6.9ns 
273684     INFO  main            d.u.i.k.p.r.p.TestFile    ... finished proof: closed. 
274075     INFO  main            d.u.i.k.p.i.AbstractProblemLoader Loading environment from /home/runner/work/key/key/key.core/../key.ui/examples/heap/permissions/threads/BFilter_postJoin_accessible.key.proof 
274075     DEBUG main            d.u.i.k.p.i.AbstractProblemLoader Environment load took 111.6ns 
274076     INFO  main            d.u.i.k.p.i.AbstractProblemLoader Creating init config 
278991     DEBUG main            d.u.i.k.p.i.AbstractProblemLoader Init config took 4.91s 
279075     INFO  main            d.u.i.k.p.i.AbstractProblemLoader Replaying proof BFilter[ThreadSpec2::postJoin(java.lang.Object)].JML accessible clause.0 
279085     DEBUG main            d.u.i.k.p.i.IntermediateProofReplayer Proof replay took 7.53ms 
279086     DEBUG main            d.u.i.k.p.r.p.TestFile    ... success: reloaded. 
279087     INFO  main            d.u.i.k.p.r.p.TestFile    Now processing file /home/runner/work/key/key/key.core/../key.ui/examples/heap/permissions/threads/BFilter_preStart_accessible.key 
279087     INFO  main            d.u.i.k.p.i.AbstractProblemLoader Loading environment from /home/runner/work/key/key/key.core/../key.ui/examples/heap/permissions/threads/BFilter_preStart_accessible.key 
279087     DEBUG main            d.u.i.k.p.i.AbstractProblemLoader Environment load took 95.3ns 
279088     INFO  main            d.u.i.k.p.i.AbstractProblemLoader Creating init config 
284115     DEBUG main            d.u.i.k.p.i.AbstractProblemLoader Init config took 5.03s 
284195     INFO  main            d.u.i.k.p.i.AbstractProblemLoader Replaying proof BFilter[ThreadSpec2::preStart(java.lang.Object)].JML accessible clause.0 
284197     DEBUG main            d.u.i.k.p.i.IntermediateProofReplayer Proof replay took 6.9ns 
284499     INFO  main            d.u.i.k.p.r.p.TestFile    ... finished proof: closed. 
284878     INFO  main            d.u.i.k.p.i.AbstractProblemLoader Loading environment from /home/runner/work/key/key/key.core/../key.ui/examples/heap/permissions/threads/BFilter_preStart_accessible.key.proof 
284878     DEBUG main            d.u.i.k.p.i.AbstractProblemLoader Environment load took 106.4ns 
284879     INFO  main            d.u.i.k.p.i.AbstractProblemLoader Creating init config 
289831     DEBUG main            d.u.i.k.p.i.AbstractProblemLoader Init config took 4.95s 
289926     INFO  main            d.u.i.k.p.i.AbstractProblemLoader Replaying proof BFilter[ThreadSpec2::preStart(java.lang.Object)].JML accessible clause.0 
289971     DEBUG main            d.u.i.k.p.i.IntermediateProofReplayer Proof replay took 41.15ms 
289972     DEBUG main            d.u.i.k.p.r.p.TestFile    ... success: reloaded. 
289973     INFO  main            d.u.i.k.p.r.p.TestFile    Now processing file /home/runner/work/key/key/key.core/../key.ui/examples/heap/permissions/threads/BFilter_startTransfer_accessible.key 
289973     INFO  main            d.u.i.k.p.i.AbstractProblemLoader Loading environment from /home/runner/work/key/key/key.core/../key.ui/examples/heap/permissions/threads/BFilter_startTransfer_accessible.key 
289973     DEBUG main            d.u.i.k.p.i.AbstractProblemLoader Environment load took 120.8ns 
289974     INFO  main            d.u.i.k.p.i.AbstractProblemLoader Creating init config 
294971     DEBUG main            d.u.i.k.p.i.AbstractProblemLoader Init config took 5s 
295050     INFO  main            d.u.i.k.p.i.AbstractProblemLoader Replaying proof BFilter[ThreadSpec2::startTransfer()].JML accessible clause.0 
295052     DEBUG main            d.u.i.k.p.i.IntermediateProofReplayer Proof replay took 6.6ns 
305583     INFO  main            d.u.i.k.p.r.p.TestFile    ... finished proof: closed. 
305980     INFO  main            d.u.i.k.p.i.AbstractProblemLoader Loading environment from /home/runner/work/key/key/key.core/../key.ui/examples/heap/permissions/threads/BFilter_startTransfer_accessible.key.proof 
305981     DEBUG main            d.u.i.k.p.i.AbstractProblemLoader Environment load took 370.6ns 
305982     INFO  main            d.u.i.k.p.i.AbstractProblemLoader Creating init config 
310992     DEBUG main            d.u.i.k.p.i.AbstractProblemLoader Init config took 5.01s 
311077     INFO  main            d.u.i.k.p.i.AbstractProblemLoader Replaying proof BFilter[ThreadSpec2::startTransfer()].JML accessible clause.0 
311966     DEBUG main            d.u.i.k.p.i.IntermediateProofReplayer Proof replay took 870.35ms 
311968     DEBUG main            d.u.i.k.p.r.p.TestFile    ... success: reloaded. 
311969     INFO  main            d.u.i.k.p.r.p.TestFile    Now processing file /home/runner/work/key/key/key.core/../key.ui/examples/heap/permissions/threads/BFilter_startTransfer_contract.key 
311969     INFO  main            d.u.i.k.p.i.AbstractProblemLoader Loading environment from /home/runner/work/key/key/key.core/../key.ui/examples/heap/permissions/threads/BFilter_startTransfer_contract.key 
311970     DEBUG main            d.u.i.k.p.i.AbstractProblemLoader Environment load took 133.9ns 
311971     INFO  main            d.u.i.k.p.i.AbstractProblemLoader Creating init config 
317073     DEBUG main            d.u.i.k.p.i.AbstractProblemLoader Init config took 5.1s 
317164     INFO  main            d.u.i.k.p.i.AbstractProblemLoader Replaying proof BFilter[ThreadSpec2::startTransfer()].JML model_behavior operation contract.0 
317166     DEBUG main            d.u.i.k.p.i.IntermediateProofReplayer Proof replay took 7.3ns 
318282     INFO  main            d.u.i.k.p.r.p.TestFile    ... finished proof: closed. 
318660     INFO  main            d.u.i.k.p.i.AbstractProblemLoader Loading environment from /home/runner/work/key/key/key.core/../key.ui/examples/heap/permissions/threads/BFilter_startTransfer_contract.key.proof 
318660     DEBUG main            d.u.i.k.p.i.AbstractProblemLoader Environment load took 354.8ns 
318662     INFO  main            d.u.i.k.p.i.AbstractProblemLoader Creating init config 
323591     DEBUG main            d.u.i.k.p.i.AbstractProblemLoader Init config took 4.93s 
323674     INFO  main            d.u.i.k.p.i.AbstractProblemLoader Replaying proof BFilter[ThreadSpec2::startTransfer()].JML model_behavior operation contract.0 
323808     DEBUG main            d.u.i.k.p.i.IntermediateProofReplayer Proof replay took 128.95ms 
323810     DEBUG main            d.u.i.k.p.r.p.TestFile    ... success: reloaded. 
323811     INFO  main            d.u.i.k.p.r.p.TestFile    Now processing file /home/runner/work/key/key/key.core/../key.ui/examples/heap/permissions/threads/BFilter_stateInv_accessible.key 
323811     INFO  main            d.u.i.k.p.i.AbstractProblemLoader Loading environment from /home/runner/work/key/key/key.core/../key.ui/examples/heap/permissions/threads/BFilter_stateInv_accessible.key 
323812     DEBUG main            d.u.i.k.p.i.AbstractProblemLoader Environment load took 169.2ns 
323813     INFO  main            d.u.i.k.p.i.AbstractProblemLoader Creating init config 
328842     DEBUG main            d.u.i.k.p.i.AbstractProblemLoader Init config took 5.03s 
328938     INFO  main            d.u.i.k.p.i.AbstractProblemLoader Replaying proof BFilter[ThreadSpec2::stateInv()].JML accessible clause.0 
328940     DEBUG main            d.u.i.k.p.i.IntermediateProofReplayer Proof replay took 17.6ns 
329242     INFO  main            d.u.i.k.p.r.p.TestFile    ... finished proof: closed. 
329618     INFO  main            d.u.i.k.p.i.AbstractProblemLoader Loading environment from /home/runner/work/key/key/key.core/../key.ui/examples/heap/permissions/threads/BFilter_stateInv_accessible.key.proof 
329618     DEBUG main            d.u.i.k.p.i.AbstractProblemLoader Environment load took 105.3ns 
329622     INFO  main            d.u.i.k.p.i.AbstractProblemLoader Creating init config 
334587     DEBUG main            d.u.i.k.p.i.AbstractProblemLoader Init config took 4.96s 
334687     INFO  main            d.u.i.k.p.i.AbstractProblemLoader Replaying proof BFilter[ThreadSpec2::stateInv()].JML accessible clause.0 
334733     DEBUG main            d.u.i.k.p.i.IntermediateProofReplayer Proof replay took 41.88ms 
334734     DEBUG main            d.u.i.k.p.r.p.TestFile    ... success: reloaded. 
334735     INFO  main            d.u.i.k.p.r.p.TestFile    Now processing file /home/runner/work/key/key/key.core/../key.ui/examples/heap/permissions/threads/BFilter_staticPermissions_accessible.key 
334736     INFO  main            d.u.i.k.p.i.AbstractProblemLoader Loading environment from /home/runner/work/key/key/key.core/../key.ui/examples/heap/permissions/threads/BFilter_staticPermissions_accessible.key 
334736     DEBUG main            d.u.i.k.p.i.AbstractProblemLoader Environment load took 62.8ns 
334737     INFO  main            d.u.i.k.p.i.AbstractProblemLoader Creating init config 
339786     DEBUG main            d.u.i.k.p.i.AbstractProblemLoader Init config took 5.05s 
339868     INFO  main            d.u.i.k.p.i.AbstractProblemLoader Replaying proof BFilter[ThreadSpec2::staticPermissions()].JML accessible clause.0 
339870     DEBUG main            d.u.i.k.p.i.IntermediateProofReplayer Proof replay took 6.8ns 
339971     INFO  main            d.u.i.k.p.r.p.TestFile    ... finished proof: closed. 
340372     INFO  main            d.u.i.k.p.i.AbstractProblemLoader Loading environment from /home/runner/work/key/key/key.core/../key.ui/examples/heap/permissions/threads/BFilter_staticPermissions_accessible.key.proof 
340372     DEBUG main            d.u.i.k.p.i.AbstractProblemLoader Environment load took 112ns 
340373     INFO  main            d.u.i.k.p.i.AbstractProblemLoader Creating init config 
345398     DEBUG main            d.u.i.k.p.i.AbstractProblemLoader Init config took 5.02s 
345497     INFO  main            d.u.i.k.p.i.AbstractProblemLoader Replaying proof BFilter[ThreadSpec2::staticPermissions()].JML accessible clause.0 
345510     DEBUG main            d.u.i.k.p.i.IntermediateProofReplayer Proof replay took 10.77ms 
345510     DEBUG main            d.u.i.k.p.r.p.TestFile    ... success: reloaded. 
345511     INFO  main            d.u.i.k.p.r.p.TestFile    Now processing file /home/runner/work/key/key/key.core/../key.ui/examples/heap/permissions/threads/BFilter_workingPermissions_accessible.key 
345512     INFO  main            d.u.i.k.p.i.AbstractProblemLoader Loading environment from /home/runner/work/key/key/key.core/../key.ui/examples/heap/permissions/threads/BFilter_workingPermissions_accessible.key 
345512     DEBUG main            d.u.i.k.p.i.AbstractProblemLoader Environment load took 65.9ns 
345513     INFO  main            d.u.i.k.p.i.AbstractProblemLoader Creating init config 
350588     DEBUG main            d.u.i.k.p.i.AbstractProblemLoader Init config took 5.08s 
350670     INFO  main            d.u.i.k.p.i.AbstractProblemLoader Replaying proof BFilter[ThreadSpec2::workingPermissions()].JML accessible clause.0 
350672     DEBUG main            d.u.i.k.p.i.IntermediateProofReplayer Proof replay took 6.6ns 
350773     INFO  main            d.u.i.k.p.r.p.TestFile    ... finished proof: closed. 
351187     INFO  main            d.u.i.k.p.i.AbstractProblemLoader Loading environment from /home/runner/work/key/key/key.core/../key.ui/examples/heap/permissions/threads/BFilter_workingPermissions_accessible.key.proof 
351187     DEBUG main            d.u.i.k.p.i.AbstractProblemLoader Environment load took 100.1ns 
351188     INFO  main            d.u.i.k.p.i.AbstractProblemLoader Creating init config 
356092     DEBUG main            d.u.i.k.p.i.AbstractProblemLoader Init config took 4.9s 
356175     INFO  main            d.u.i.k.p.i.AbstractProblemLoader Replaying proof BFilter[ThreadSpec2::workingPermissions()].JML accessible clause.0 
356185     DEBUG main            d.u.i.k.p.i.IntermediateProofReplayer Proof replay took 8.85ms 
356186     DEBUG main            d.u.i.k.p.r.p.TestFile    ... success: reloaded. 
356187     INFO  main            d.u.i.k.p.r.p.TestFile    Now processing file /home/runner/work/key/key/key.core/../key.ui/examples/heap/permissions/threads/Fib_Fib.key 
356187     INFO  main            d.u.i.k.p.i.AbstractProblemLoader Loading environment from /home/runner/work/key/key/key.core/../key.ui/examples/heap/permissions/threads/Fib_Fib.key 
356188     DEBUG main            d.u.i.k.p.i.AbstractProblemLoader Environment load took 107.9ns 
356188     INFO  main            d.u.i.k.p.i.AbstractProblemLoader Creating init config 
361211     DEBUG main            d.u.i.k.p.i.AbstractProblemLoader Init config took 5.02s 
361310     INFO  main            d.u.i.k.p.i.AbstractProblemLoader Replaying proof Fib[Fib::Fib(int)].JML normal_behavior operation contract.0 
361312     DEBUG main            d.u.i.k.p.i.IntermediateProofReplayer Proof replay took 7.7ns 
362021     INFO  main            d.u.i.k.p.r.p.TestFile    ... finished proof: closed. 
362464     INFO  main            d.u.i.k.p.i.AbstractProblemLoader Loading environment from /home/runner/work/key/key/key.core/../key.ui/examples/heap/permissions/threads/Fib_Fib.key.proof 
362465     DEBUG main            d.u.i.k.p.i.AbstractProblemLoader Environment load took 113.4ns 
362466     INFO  main            d.u.i.k.p.i.AbstractProblemLoader Creating init config 
367408     DEBUG main            d.u.i.k.p.i.AbstractProblemLoader Init config took 4.94s 
367487     INFO  main            d.u.i.k.p.i.AbstractProblemLoader Replaying proof Fib[Fib::Fib(int)].JML normal_behavior operation contract.0 
367603     DEBUG main            d.u.i.k.p.i.IntermediateProofReplayer Proof replay took 107.99ms 
367604     DEBUG main            d.u.i.k.p.r.p.TestFile    ... success: reloaded. 
367605     INFO  main            d.u.i.k.p.r.p.TestFile    Now processing file /home/runner/work/key/key/key.core/../key.ui/examples/heap/permissions/threads/Fib_initPost_accessible.key 
367606     INFO  main            d.u.i.k.p.i.AbstractProblemLoader Loading environment from /home/runner/work/key/key/key.core/../key.ui/examples/heap/permissions/threads/Fib_initPost_accessible.key 
367606     DEBUG main            d.u.i.k.p.i.AbstractProblemLoader Environment load took 171.7ns 
367607     INFO  main            d.u.i.k.p.i.AbstractProblemLoader Creating init config 
372613     DEBUG main            d.u.i.k.p.i.AbstractProblemLoader Init config took 5.01s 
372697     INFO  main            d.u.i.k.p.i.AbstractProblemLoader Replaying proof Fib[ThreadSpec::initPost()].JML accessible clause.0 
372699     DEBUG main            d.u.i.k.p.i.IntermediateProofReplayer Proof replay took 7.1ns 
372800     INFO  main            d.u.i.k.p.r.p.TestFile    ... finished proof: closed. 
373217     INFO  main            d.u.i.k.p.i.AbstractProblemLoader Loading environment from /home/runner/work/key/key/key.core/../key.ui/examples/heap/permissions/threads/Fib_initPost_accessible.key.proof 
373217     DEBUG main            d.u.i.k.p.i.AbstractProblemLoader Environment load took 106ns 
373218     INFO  main            d.u.i.k.p.i.AbstractProblemLoader Creating init config 
378114     DEBUG main            d.u.i.k.p.i.AbstractProblemLoader Init config took 4.9s 
378194     INFO  main            d.u.i.k.p.i.AbstractProblemLoader Replaying proof Fib[ThreadSpec::initPost()].JML accessible clause.0 
378201     DEBUG main            d.u.i.k.p.i.IntermediateProofReplayer Proof replay took 5.21ms 
378202     DEBUG main            d.u.i.k.p.r.p.TestFile    ... success: reloaded. 
378203     INFO  main            d.u.i.k.p.r.p.TestFile    Now processing file /home/runner/work/key/key/key.core/../key.ui/examples/heap/permissions/threads/Fib_inv1_accessible.key 
378203     INFO  main            d.u.i.k.p.i.AbstractProblemLoader Loading environment from /home/runner/work/key/key/key.core/../key.ui/examples/heap/permissions/threads/Fib_inv1_accessible.key 
378203     DEBUG main            d.u.i.k.p.i.AbstractProblemLoader Environment load took 148.8ns 
378204     INFO  main            d.u.i.k.p.i.AbstractProblemLoader Creating init config 
383229     DEBUG main            d.u.i.k.p.i.AbstractProblemLoader Init config took 5.03s 
383325     INFO  main            d.u.i.k.p.i.AbstractProblemLoader Replaying proof Fib[java.lang.Object::<inv>()].JML accessible clause.0 
383327     DEBUG main            d.u.i.k.p.i.IntermediateProofReplayer Proof replay took 6.5ns 
383428     INFO  main            d.u.i.k.p.r.p.TestFile    ... finished proof: closed. 
383871     INFO  main            d.u.i.k.p.i.AbstractProblemLoader Loading environment from /home/runner/work/key/key/key.core/../key.ui/examples/heap/permissions/threads/Fib_inv1_accessible.key.proof 
383871     DEBUG main            d.u.i.k.p.i.AbstractProblemLoader Environment load took 138.3ns 
383872     INFO  main            d.u.i.k.p.i.AbstractProblemLoader Creating init config 
388826     DEBUG main            d.u.i.k.p.i.AbstractProblemLoader Init config took 4.95s 
388911     INFO  main            d.u.i.k.p.i.AbstractProblemLoader Replaying proof Fib[java.lang.Object::<inv>()].JML accessible clause.0 
388915     DEBUG main            d.u.i.k.p.i.IntermediateProofReplayer Proof replay took 2.24ms 
388916     DEBUG main            d.u.i.k.p.r.p.TestFile    ... success: reloaded. 
388917     INFO  main            d.u.i.k.p.r.p.TestFile    Now processing file /home/runner/work/key/key/key.core/../key.ui/examples/heap/permissions/threads/Fib_inv2_accessible.key 
388918     INFO  main            d.u.i.k.p.i.AbstractProblemLoader Loading environment from /home/runner/work/key/key/key.core/../key.ui/examples/heap/permissions/threads/Fib_inv2_accessible.key 
388918     DEBUG main            d.u.i.k.p.i.AbstractProblemLoader Environment load took 104.9ns 
388919     INFO  main            d.u.i.k.p.i.AbstractProblemLoader Creating init config 
393934     DEBUG main            d.u.i.k.p.i.AbstractProblemLoader Init config took 5.02s 
394030     INFO  main            d.u.i.k.p.i.AbstractProblemLoader Replaying proof Fib[java.lang.Object::<inv>()].JML accessible clause.1 
394032     DEBUG main            d.u.i.k.p.i.IntermediateProofReplayer Proof replay took 6.3ns 
394136     INFO  main            d.u.i.k.p.r.p.TestFile    ... finished proof: closed. 
394582     INFO  main            d.u.i.k.p.i.AbstractProblemLoader Loading environment from /home/runner/work/key/key/key.core/../key.ui/examples/heap/permissions/threads/Fib_inv2_accessible.key.proof 
394582     DEBUG main            d.u.i.k.p.i.AbstractProblemLoader Environment load took 98.5ns 
394583     INFO  main            d.u.i.k.p.i.AbstractProblemLoader Creating init config 
399513     DEBUG main            d.u.i.k.p.i.AbstractProblemLoader Init config took 4.93s 
399594     INFO  main            d.u.i.k.p.i.AbstractProblemLoader Replaying proof Fib[java.lang.Object::<inv>()].JML accessible clause.1 
399598     DEBUG main            d.u.i.k.p.i.IntermediateProofReplayer Proof replay took 1.76ms 
399598     DEBUG main            d.u.i.k.p.r.p.TestFile    ... success: reloaded. 
399599     INFO  main            d.u.i.k.p.r.p.TestFile    Now processing file /home/runner/work/key/key/key.core/../key.ui/examples/heap/permissions/threads/Fib_joinTransfer_accessible.key 
399599     INFO  main            d.u.i.k.p.i.AbstractProblemLoader Loading environment from /home/runner/work/key/key/key.core/../key.ui/examples/heap/permissions/threads/Fib_joinTransfer_accessible.key 
399600     DEBUG main            d.u.i.k.p.i.AbstractProblemLoader Environment load took 59.2ns 
399600     INFO  main            d.u.i.k.p.i.AbstractProblemLoader Creating init config 
404588     DEBUG main            d.u.i.k.p.i.AbstractProblemLoader Init config took 4.99s 
404680     INFO  main            d.u.i.k.p.i.AbstractProblemLoader Replaying proof Fib[ThreadSpec::joinTransfer()].JML accessible clause.0 
404681     DEBUG main            d.u.i.k.p.i.IntermediateProofReplayer Proof replay took 6.7ns 
404883     INFO  main            d.u.i.k.p.r.p.TestFile    ... finished proof: closed. 
405318     INFO  main            d.u.i.k.p.i.AbstractProblemLoader Loading environment from /home/runner/work/key/key/key.core/../key.ui/examples/heap/permissions/threads/Fib_joinTransfer_accessible.key.proof 
405318     DEBUG main            d.u.i.k.p.i.AbstractProblemLoader Environment load took 93.9ns 
405319     INFO  main            d.u.i.k.p.i.AbstractProblemLoader Creating init config 
410190     DEBUG main            d.u.i.k.p.i.AbstractProblemLoader Init config took 4.87s 
410282     INFO  main            d.u.i.k.p.i.AbstractProblemLoader Replaying proof Fib[ThreadSpec::joinTransfer()].JML accessible clause.0 
410313     DEBUG main            d.u.i.k.p.i.IntermediateProofReplayer Proof replay took 28.68ms 
410314     DEBUG main            d.u.i.k.p.r.p.TestFile    ... success: reloaded. 
410315     INFO  main            d.u.i.k.p.r.p.TestFile    Now processing file /home/runner/work/key/key/key.core/../key.ui/examples/heap/permissions/threads/Fib_joinTransfer_contract.key 
410315     INFO  main            d.u.i.k.p.i.AbstractProblemLoader Loading environment from /home/runner/work/key/key/key.core/../key.ui/examples/heap/permissions/threads/Fib_joinTransfer_contract.key 
410315     DEBUG main            d.u.i.k.p.i.AbstractProblemLoader Environment load took 100.4ns 
410316     INFO  main            d.u.i.k.p.i.AbstractProblemLoader Creating init config 
415275     DEBUG main            d.u.i.k.p.i.AbstractProblemLoader Init config took 4.96s 
415355     INFO  main            d.u.i.k.p.i.AbstractProblemLoader Replaying proof Fib[ThreadSpec::joinTransfer()].JML model_behavior operation contract.0 
415357     DEBUG main            d.u.i.k.p.i.IntermediateProofReplayer Proof replay took 6.7ns 
415459     INFO  main            d.u.i.k.p.r.p.TestFile    ... finished proof: closed. 
415903     INFO  main            d.u.i.k.p.i.AbstractProblemLoader Loading environment from /home/runner/work/key/key/key.core/../key.ui/examples/heap/permissions/threads/Fib_joinTransfer_contract.key.proof 
415903     DEBUG main            d.u.i.k.p.i.AbstractProblemLoader Environment load took 121.1ns 
415904     INFO  main            d.u.i.k.p.i.AbstractProblemLoader Creating init config 
420935     DEBUG main            d.u.i.k.p.i.AbstractProblemLoader Init config took 5.03s 
421019     INFO  main            d.u.i.k.p.i.AbstractProblemLoader Replaying proof Fib[ThreadSpec::joinTransfer()].JML model_behavior operation contract.0 
421029     DEBUG main            d.u.i.k.p.i.IntermediateProofReplayer Proof replay took 8.18ms 
421030     DEBUG main            d.u.i.k.p.r.p.TestFile    ... success: reloaded. 
421031     INFO  main            d.u.i.k.p.r.p.TestFile    Now processing file /home/runner/work/key/key/key.core/../key.ui/examples/heap/permissions/threads/Fib_postJoin_accessible.key 
421031     INFO  main            d.u.i.k.p.i.AbstractProblemLoader Loading environment from /home/runner/work/key/key/key.core/../key.ui/examples/heap/permissions/threads/Fib_postJoin_accessible.key 
421032     DEBUG main            d.u.i.k.p.i.AbstractProblemLoader Environment load took 255.9ns 
421033     INFO  main            d.u.i.k.p.i.AbstractProblemLoader Creating init config 
426040     DEBUG main            d.u.i.k.p.i.AbstractProblemLoader Init config took 5.01s 
426137     INFO  main            d.u.i.k.p.i.AbstractProblemLoader Replaying proof Fib[ThreadSpec::postJoin(java.lang.Object)].JML accessible clause.0 
426139     DEBUG main            d.u.i.k.p.i.IntermediateProofReplayer Proof replay took 6.6ns 
426241     INFO  main            d.u.i.k.p.r.p.TestFile    ... finished proof: closed. 
426691     INFO  main            d.u.i.k.p.i.AbstractProblemLoader Loading environment from /home/runner/work/key/key/key.core/../key.ui/examples/heap/permissions/threads/Fib_postJoin_accessible.key.proof 
426691     DEBUG main            d.u.i.k.p.i.AbstractProblemLoader Environment load took 94.8ns 
426692     INFO  main            d.u.i.k.p.i.AbstractProblemLoader Creating init config 
431714     DEBUG main            d.u.i.k.p.i.AbstractProblemLoader Init config took 5.02s 
431798     INFO  main            d.u.i.k.p.i.AbstractProblemLoader Replaying proof Fib[ThreadSpec::postJoin(java.lang.Object)].JML accessible clause.0 
431810     DEBUG main            d.u.i.k.p.i.IntermediateProofReplayer Proof replay took 10.31ms 
431810     DEBUG main            d.u.i.k.p.r.p.TestFile    ... success: reloaded. 
431811     INFO  main            d.u.i.k.p.r.p.TestFile    Now processing file /home/runner/work/key/key/key.core/../key.ui/examples/heap/permissions/threads/Fib_preStart_accessible.key 
431812     INFO  main            d.u.i.k.p.i.AbstractProblemLoader Loading environment from /home/runner/work/key/key/key.core/../key.ui/examples/heap/permissions/threads/Fib_preStart_accessible.key 
431812     DEBUG main            d.u.i.k.p.i.AbstractProblemLoader Environment load took 108.7ns 
431812     INFO  main            d.u.i.k.p.i.AbstractProblemLoader Creating init config 
436819     DEBUG main            d.u.i.k.p.i.AbstractProblemLoader Init config took 5.01s 
436897     INFO  main            d.u.i.k.p.i.AbstractProblemLoader Replaying proof Fib[ThreadSpec::preStart(java.lang.Object)].JML accessible clause.0 
436899     DEBUG main            d.u.i.k.p.i.IntermediateProofReplayer Proof replay took 6.3ns 
437000     INFO  main            d.u.i.k.p.r.p.TestFile    ... finished proof: closed. 
437460     INFO  main            d.u.i.k.p.i.AbstractProblemLoader Loading environment from /home/runner/work/key/key/key.core/../key.ui/examples/heap/permissions/threads/Fib_preStart_accessible.key.proof 
437461     DEBUG main            d.u.i.k.p.i.AbstractProblemLoader Environment load took 118.7ns 
437461     INFO  main            d.u.i.k.p.i.AbstractProblemLoader Creating init config 
442399     DEBUG main            d.u.i.k.p.i.AbstractProblemLoader Init config took 4.94s 
442479     INFO  main            d.u.i.k.p.i.AbstractProblemLoader Replaying proof Fib[ThreadSpec::preStart(java.lang.Object)].JML accessible clause.0 
442486     DEBUG main            d.u.i.k.p.i.IntermediateProofReplayer Proof replay took 5.58ms 
442487     DEBUG main            d.u.i.k.p.r.p.TestFile    ... success: reloaded. 
442488     INFO  main            d.u.i.k.p.r.p.TestFile    Now processing file /home/runner/work/key/key/key.core/../key.ui/examples/heap/permissions/threads/Fib_startTransfer_accessible.key 
442488     INFO  main            d.u.i.k.p.i.AbstractProblemLoader Loading environment from /home/runner/work/key/key/key.core/../key.ui/examples/heap/permissions/threads/Fib_startTransfer_accessible.key 
442488     DEBUG main            d.u.i.k.p.i.AbstractProblemLoader Environment load took 91.9ns 
442489     INFO  main            d.u.i.k.p.i.AbstractProblemLoader Creating init config 
447594     DEBUG main            d.u.i.k.p.i.AbstractProblemLoader Init config took 5.11s 
447693     INFO  main            d.u.i.k.p.i.AbstractProblemLoader Replaying proof Fib[ThreadSpec::startTransfer()].JML accessible clause.0 
447695     DEBUG main            d.u.i.k.p.i.IntermediateProofReplayer Proof replay took 6.8ns 
447896     INFO  main            d.u.i.k.p.r.p.TestFile    ... finished proof: closed. 
448385     INFO  main            d.u.i.k.p.i.AbstractProblemLoader Loading environment from /home/runner/work/key/key/key.core/../key.ui/examples/heap/permissions/threads/Fib_startTransfer_accessible.key.proof 
448386     DEBUG main            d.u.i.k.p.i.AbstractProblemLoader Environment load took 88.4ns 
448386     INFO  main            d.u.i.k.p.i.AbstractProblemLoader Creating init config 
453402     DEBUG main            d.u.i.k.p.i.AbstractProblemLoader Init config took 5.02s 
453503     INFO  main            d.u.i.k.p.i.AbstractProblemLoader Replaying proof Fib[ThreadSpec::startTransfer()].JML accessible clause.0 
453551     DEBUG main            d.u.i.k.p.i.IntermediateProofReplayer Proof replay took 44.13ms 
453552     DEBUG main            d.u.i.k.p.r.p.TestFile    ... success: reloaded. 
453553     INFO  main            d.u.i.k.p.r.p.TestFile    Now processing file /home/runner/work/key/key/key.core/../key.ui/examples/heap/permissions/threads/Fib_startTransfer_contract.key 
453554     INFO  main            d.u.i.k.p.i.AbstractProblemLoader Loading environment from /home/runner/work/key/key/key.core/../key.ui/examples/heap/permissions/threads/Fib_startTransfer_contract.key 
453554     DEBUG main            d.u.i.k.p.i.AbstractProblemLoader Environment load took 93.6ns 
453555     INFO  main            d.u.i.k.p.i.AbstractProblemLoader Creating init config 
458595     DEBUG main            d.u.i.k.p.i.AbstractProblemLoader Init config took 5.04s 
458675     INFO  main            d.u.i.k.p.i.AbstractProblemLoader Replaying proof Fib[ThreadSpec::startTransfer()].JML model_behavior operation contract.0 
458676     DEBUG main            d.u.i.k.p.i.IntermediateProofReplayer Proof replay took 6.2ns 
458777     INFO  main            d.u.i.k.p.r.p.TestFile    ... finished proof: closed. 
459255     INFO  main            d.u.i.k.p.i.AbstractProblemLoader Loading environment from /home/runner/work/key/key/key.core/../key.ui/examples/heap/permissions/threads/Fib_startTransfer_contract.key.proof 
459255     DEBUG main            d.u.i.k.p.i.AbstractProblemLoader Environment load took 86.7ns 
459256     INFO  main            d.u.i.k.p.i.AbstractProblemLoader Creating init config 
464163     DEBUG main            d.u.i.k.p.i.AbstractProblemLoader Init config took 4.91s 
464260     INFO  main            d.u.i.k.p.i.AbstractProblemLoader Replaying proof Fib[ThreadSpec::startTransfer()].JML model_behavior operation contract.0 
464270     DEBUG main            d.u.i.k.p.i.IntermediateProofReplayer Proof replay took 8.42ms 
464271     DEBUG main            d.u.i.k.p.r.p.TestFile    ... success: reloaded. 
464272     INFO  main            d.u.i.k.p.r.p.TestFile    Now processing file /home/runner/work/key/key/key.core/../key.ui/examples/heap/permissions/threads/Fib_workingPermissions_accessible.key 
464272     INFO  main            d.u.i.k.p.i.AbstractProblemLoader Loading environment from /home/runner/work/key/key/key.core/../key.ui/examples/heap/permissions/threads/Fib_workingPermissions_accessible.key 
464272     DEBUG main            d.u.i.k.p.i.AbstractProblemLoader Environment load took 91ns 
464273     INFO  main            d.u.i.k.p.i.AbstractProblemLoader Creating init config 
469278     DEBUG main            d.u.i.k.p.i.AbstractProblemLoader Init config took 5s 
469357     INFO  main            d.u.i.k.p.i.AbstractProblemLoader Replaying proof Fib[ThreadSpec::workingPermissions()].JML accessible clause.0 
469359     DEBUG main            d.u.i.k.p.i.IntermediateProofReplayer Proof replay took 6.7ns 
469460     INFO  main            d.u.i.k.p.r.p.TestFile    ... finished proof: closed. 
469951     INFO  main            d.u.i.k.p.i.AbstractProblemLoader Loading environment from /home/runner/work/key/key/key.core/../key.ui/examples/heap/permissions/threads/Fib_workingPermissions_accessible.key.proof 
469952     DEBUG main            d.u.i.k.p.i.AbstractProblemLoader Environment load took 104.5ns 
469952     INFO  main            d.u.i.k.p.i.AbstractProblemLoader Creating init config 
474894     DEBUG main            d.u.i.k.p.i.AbstractProblemLoader Init config took 4.94s 
474973     INFO  main            d.u.i.k.p.i.AbstractProblemLoader Replaying proof Fib[ThreadSpec::workingPermissions()].JML accessible clause.0 
474977     DEBUG main            d.u.i.k.p.i.IntermediateProofReplayer Proof replay took 2.24ms 
474977     DEBUG main            d.u.i.k.p.r.p.TestFile    ... success: reloaded. 
474978     INFO  main            d.u.i.k.p.r.p.TestFile    Now processing file /home/runner/work/key/key/key.core/../key.ui/examples/heap/permissions/threads/Plotter_initPost_accessible.key 
474978     INFO  main            d.u.i.k.p.i.AbstractProblemLoader Loading environment from /home/runner/work/key/key/key.core/../key.ui/examples/heap/permissions/threads/Plotter_initPost_accessible.key 
474978     DEBUG main            d.u.i.k.p.i.AbstractProblemLoader Environment load took 54.1ns 
474979     INFO  main            d.u.i.k.p.i.AbstractProblemLoader Creating init config 
479995     DEBUG main            d.u.i.k.p.i.AbstractProblemLoader Init config took 5.02s 
480076     INFO  main            d.u.i.k.p.i.AbstractProblemLoader Replaying proof Plotter[ThreadSpec2::initPost()].JML accessible clause.0 
480077     DEBUG main            d.u.i.k.p.i.IntermediateProofReplayer Proof replay took 5.8ns 
480179     INFO  main            d.u.i.k.p.r.p.TestFile    ... finished proof: closed. 
480720     INFO  main            d.u.i.k.p.i.AbstractProblemLoader Loading environment from /home/runner/work/key/key/key.core/../key.ui/examples/heap/permissions/threads/Plotter_initPost_accessible.key.proof 
480720     DEBUG main            d.u.i.k.p.i.AbstractProblemLoader Environment load took 83.6ns 
480721     INFO  main            d.u.i.k.p.i.AbstractProblemLoader Creating init config 
485651     DEBUG main            d.u.i.k.p.i.AbstractProblemLoader Init config took 4.93s 
485732     INFO  main            d.u.i.k.p.i.AbstractProblemLoader Replaying proof Plotter[ThreadSpec2::initPost()].JML accessible clause.0 
485749     DEBUG main            d.u.i.k.p.i.IntermediateProofReplayer Proof replay took 14.77ms 
485749     DEBUG main            d.u.i.k.p.r.p.TestFile    ... success: reloaded. 
485750     INFO  main            d.u.i.k.p.r.p.TestFile    Now processing file /home/runner/work/key/key/key.core/../key.ui/examples/heap/permissions/threads/Plotter_inv_accessible1.key 
485750     INFO  main            d.u.i.k.p.i.AbstractProblemLoader Loading environment from /home/runner/work/key/key/key.core/../key.ui/examples/heap/permissions/threads/Plotter_inv_accessible1.key 
485751     DEBUG main            d.u.i.k.p.i.AbstractProblemLoader Environment load took 54.3ns 
485751     INFO  main            d.u.i.k.p.i.AbstractProblemLoader Creating init config 
490947     DEBUG main            d.u.i.k.p.i.AbstractProblemLoader Init config took 5.2s 
491041     INFO  main            d.u.i.k.p.i.AbstractProblemLoader Replaying proof Plotter[java.lang.Object::<inv>()].JML accessible clause.0 
491043     DEBUG main            d.u.i.k.p.i.IntermediateProofReplayer Proof replay took 6.8ns 
491144     INFO  main            d.u.i.k.p.r.p.TestFile    ... finished proof: closed. 
491621     INFO  main            d.u.i.k.p.i.AbstractProblemLoader Loading environment from /home/runner/work/key/key/key.core/../key.ui/examples/heap/permissions/threads/Plotter_inv_accessible1.key.proof 
491621     DEBUG main            d.u.i.k.p.i.AbstractProblemLoader Environment load took 78.7ns 
491622     INFO  main            d.u.i.k.p.i.AbstractProblemLoader Creating init config 
496561     DEBUG main            d.u.i.k.p.i.AbstractProblemLoader Init config took 4.94s 
496638     INFO  main            d.u.i.k.p.i.AbstractProblemLoader Replaying proof Plotter[java.lang.Object::<inv>()].JML accessible clause.0 
496641     DEBUG main            d.u.i.k.p.i.IntermediateProofReplayer Proof replay took 1.64ms 
496642     DEBUG main            d.u.i.k.p.r.p.TestFile    ... success: reloaded. 
496643     INFO  main            d.u.i.k.p.r.p.TestFile    Now processing file /home/runner/work/key/key/key.core/../key.ui/examples/heap/permissions/threads/Plotter_inv_accessible2.key 
496643     INFO  main            d.u.i.k.p.i.AbstractProblemLoader Loading environment from /home/runner/work/key/key/key.core/../key.ui/examples/heap/permissions/threads/Plotter_inv_accessible2.key 
496643     DEBUG main            d.u.i.k.p.i.AbstractProblemLoader Environment load took 82.3ns 
496644     INFO  main            d.u.i.k.p.i.AbstractProblemLoader Creating init config 
501743     DEBUG main            d.u.i.k.p.i.AbstractProblemLoader Init config took 5.1s 
501821     INFO  main            d.u.i.k.p.i.AbstractProblemLoader Replaying proof Plotter[java.lang.Object::<inv>()].JML accessible clause.1 
501823     DEBUG main            d.u.i.k.p.i.IntermediateProofReplayer Proof replay took 6.2ns 
501924     INFO  main            d.u.i.k.p.r.p.TestFile    ... finished proof: closed. 
502419     INFO  main            d.u.i.k.p.i.AbstractProblemLoader Loading environment from /home/runner/work/key/key/key.core/../key.ui/examples/heap/permissions/threads/Plotter_inv_accessible2.key.proof 
502419     DEBUG main            d.u.i.k.p.i.AbstractProblemLoader Environment load took 79.1ns 
502420     INFO  main            d.u.i.k.p.i.AbstractProblemLoader Creating init config 
507357     DEBUG main            d.u.i.k.p.i.AbstractProblemLoader Init config took 4.94s 
507434     INFO  main            d.u.i.k.p.i.AbstractProblemLoader Replaying proof Plotter[java.lang.Object::<inv>()].JML accessible clause.1 
507437     DEBUG main            d.u.i.k.p.i.IntermediateProofReplayer Proof replay took 1.71ms 
507438     DEBUG main            d.u.i.k.p.r.p.TestFile    ... success: reloaded. 
507439     INFO  main            d.u.i.k.p.r.p.TestFile    Now processing file /home/runner/work/key/key/key.core/../key.ui/examples/heap/permissions/threads/Plotter_joinTransfer_contract.key 
507439     INFO  main            d.u.i.k.p.i.AbstractProblemLoader Loading environment from /home/runner/work/key/key/key.core/../key.ui/examples/heap/permissions/threads/Plotter_joinTransfer_contract.key 
507439     DEBUG main            d.u.i.k.p.i.AbstractProblemLoader Environment load took 91ns 
507440     INFO  main            d.u.i.k.p.i.AbstractProblemLoader Creating init config 
512617     DEBUG main            d.u.i.k.p.i.AbstractProblemLoader Init config took 5.18s 
512737     INFO  main            d.u.i.k.p.i.AbstractProblemLoader Replaying proof Plotter[ThreadSpec2::joinTransfer()].JML model_behavior operation contract.0 
512741     DEBUG main            d.u.i.k.p.i.IntermediateProofReplayer Proof replay took 7ns 
512842     INFO  main            d.u.i.k.p.r.p.TestFile    ... finished proof: closed. 
513352     INFO  main            d.u.i.k.p.i.AbstractProblemLoader Loading environment from /home/runner/work/key/key/key.core/../key.ui/examples/heap/permissions/threads/Plotter_joinTransfer_contract.key.proof 
513352     DEBUG main            d.u.i.k.p.i.AbstractProblemLoader Environment load took 81.5ns 
513353     INFO  main            d.u.i.k.p.i.AbstractProblemLoader Creating init config 
518655     DEBUG main            d.u.i.k.p.i.AbstractProblemLoader Init config took 5.3s 
518735     INFO  main            d.u.i.k.p.i.AbstractProblemLoader Replaying proof Plotter[ThreadSpec2::joinTransfer()].JML model_behavior operation contract.0 
518763     DEBUG main            d.u.i.k.p.i.IntermediateProofReplayer Proof replay took 26.55ms 
518764     DEBUG main            d.u.i.k.p.r.p.TestFile    ... success: reloaded. 
518765     INFO  main            d.u.i.k.p.r.p.TestFile    Now processing file /home/runner/work/key/key/key.core/../key.ui/examples/heap/permissions/threads/Plotter_Plotter.key 
518765     INFO  main            d.u.i.k.p.i.AbstractProblemLoader Loading environment from /home/runner/work/key/key/key.core/../key.ui/examples/heap/permissions/threads/Plotter_Plotter.key 
518765     DEBUG main            d.u.i.k.p.i.AbstractProblemLoader Environment load took 165.2ns 
518766     INFO  main            d.u.i.k.p.i.AbstractProblemLoader Creating init config 
524121     DEBUG main            d.u.i.k.p.i.AbstractProblemLoader Init config took 5.35s 
524209     INFO  main            d.u.i.k.p.i.AbstractProblemLoader Replaying proof Plotter[Plotter::Plotter(AFilter,BFilter,Buffer)].JML normal_behavior operation contract.0 
524213     DEBUG main            d.u.i.k.p.i.IntermediateProofReplayer Proof replay took 6.4ns 
526343     INFO  main            d.u.i.k.p.r.p.TestFile    ... finished proof: closed. 
526855     INFO  main            d.u.i.k.p.i.AbstractProblemLoader Loading environment from /home/runner/work/key/key/key.core/../key.ui/examples/heap/permissions/threads/Plotter_Plotter.key.proof 
526855     DEBUG main            d.u.i.k.p.i.AbstractProblemLoader Environment load took 369.8ns 
526856     INFO  main            d.u.i.k.p.i.AbstractProblemLoader Creating init config 
532168     DEBUG main            d.u.i.k.p.i.AbstractProblemLoader Init config took 5.31s 
532253     INFO  main            d.u.i.k.p.i.AbstractProblemLoader Replaying proof Plotter[Plotter::Plotter(AFilter,BFilter,Buffer)].JML normal_behavior operation contract.0 
532552     DEBUG main            d.u.i.k.p.i.IntermediateProofReplayer Proof replay took 292.99ms 
532553     DEBUG main            d.u.i.k.p.r.p.TestFile    ... success: reloaded. 
532554     INFO  main            d.u.i.k.p.r.p.TestFile    Now processing file /home/runner/work/key/key/key.core/../key.ui/examples/heap/permissions/threads/Plotter_postJoin_accessible.key 
532554     INFO  main            d.u.i.k.p.i.AbstractProblemLoader Loading environment from /home/runner/work/key/key/key.core/../key.ui/examples/heap/permissions/threads/Plotter_postJoin_accessible.key 
532554     DEBUG main            d.u.i.k.p.i.AbstractProblemLoader Environment load took 54.5ns 
532555     INFO  main            d.u.i.k.p.i.AbstractProblemLoader Creating init config 
537604     DEBUG main            d.u.i.k.p.i.AbstractProblemLoader Init config took 5.05s 
537706     INFO  main            d.u.i.k.p.i.AbstractProblemLoader Replaying proof Plotter[ThreadSpec2::postJoin(java.lang.Object)].JML accessible clause.0 
537707     DEBUG main            d.u.i.k.p.i.IntermediateProofReplayer Proof replay took 6.5ns 
537809     INFO  main            d.u.i.k.p.r.p.TestFile    ... finished proof: closed. 
538344     INFO  main            d.u.i.k.p.i.AbstractProblemLoader Loading environment from /home/runner/work/key/key/key.core/../key.ui/examples/heap/permissions/threads/Plotter_postJoin_accessible.key.proof 
538344     DEBUG main            d.u.i.k.p.i.AbstractProblemLoader Environment load took 90ns 
538345     INFO  main            d.u.i.k.p.i.AbstractProblemLoader Creating init config 
543316     DEBUG main            d.u.i.k.p.i.AbstractProblemLoader Init config took 4.97s 
543397     INFO  main            d.u.i.k.p.i.AbstractProblemLoader Replaying proof Plotter[ThreadSpec2::postJoin(java.lang.Object)].JML accessible clause.0 
543413     DEBUG main            d.u.i.k.p.i.IntermediateProofReplayer Proof replay took 12.81ms 
543414     DEBUG main            d.u.i.k.p.r.p.TestFile    ... success: reloaded. 
543415     INFO  main            d.u.i.k.p.r.p.TestFile    Now processing file /home/runner/work/key/key/key.core/../key.ui/examples/heap/permissions/threads/Plotter_preStart_accessible.key 
543415     INFO  main            d.u.i.k.p.i.AbstractProblemLoader Loading environment from /home/runner/work/key/key/key.core/../key.ui/examples/heap/permissions/threads/Plotter_preStart_accessible.key 
543415     DEBUG main            d.u.i.k.p.i.AbstractProblemLoader Environment load took 162.8ns 
543416     INFO  main            d.u.i.k.p.i.AbstractProblemLoader Creating init config 
548356     DEBUG main            d.u.i.k.p.i.AbstractProblemLoader Init config took 4.94s 
548432     INFO  main            d.u.i.k.p.i.AbstractProblemLoader Replaying proof Plotter[ThreadSpec2::preStart(java.lang.Object)].JML accessible clause.0 
548434     DEBUG main            d.u.i.k.p.i.IntermediateProofReplayer Proof replay took 6.3ns 
549539     INFO  main            d.u.i.k.p.r.p.TestFile    ... finished proof: closed. 
550096     INFO  main            d.u.i.k.p.i.AbstractProblemLoader Loading environment from /home/runner/work/key/key/key.core/../key.ui/examples/heap/permissions/threads/Plotter_preStart_accessible.key.proof 
550096     DEBUG main            d.u.i.k.p.i.AbstractProblemLoader Environment load took 84.8ns 
550097     INFO  main            d.u.i.k.p.i.AbstractProblemLoader Creating init config 
555010     DEBUG main            d.u.i.k.p.i.AbstractProblemLoader Init config took 4.91s 
555086     INFO  main            d.u.i.k.p.i.AbstractProblemLoader Replaying proof Plotter[ThreadSpec2::preStart(java.lang.Object)].JML accessible clause.0 
555182     DEBUG main            d.u.i.k.p.i.IntermediateProofReplayer Proof replay took 93.23ms 
555184     DEBUG main            d.u.i.k.p.r.p.TestFile    ... success: reloaded. 
555184     INFO  main            d.u.i.k.p.r.p.TestFile    Now processing file /home/runner/work/key/key/key.core/../key.ui/examples/heap/permissions/threads/Plotter_stateInv_accessible.key 
555185     INFO  main            d.u.i.k.p.i.AbstractProblemLoader Loading environment from /home/runner/work/key/key/key.core/../key.ui/examples/heap/permissions/threads/Plotter_stateInv_accessible.key 
555185     DEBUG main            d.u.i.k.p.i.AbstractProblemLoader Environment load took 72.5ns 
555185     INFO  main            d.u.i.k.p.i.AbstractProblemLoader Creating init config 
560146     DEBUG main            d.u.i.k.p.i.AbstractProblemLoader Init config took 4.96s 
560223     INFO  main            d.u.i.k.p.i.AbstractProblemLoader Replaying proof Plotter[ThreadSpec2::stateInv()].JML accessible clause.0 
560225     DEBUG main            d.u.i.k.p.i.IntermediateProofReplayer Proof replay took 5.8ns 
568368     INFO  main            d.u.i.k.p.r.p.TestFile    ... finished proof: closed. 
568919     INFO  main            d.u.i.k.p.i.AbstractProblemLoader Loading environment from /home/runner/work/key/key/key.core/../key.ui/examples/heap/permissions/threads/Plotter_stateInv_accessible.key.proof 
568919     DEBUG main            d.u.i.k.p.i.AbstractProblemLoader Environment load took 83.7ns 
568921     INFO  main            d.u.i.k.p.i.AbstractProblemLoader Creating init config 
573804     DEBUG main            d.u.i.k.p.i.AbstractProblemLoader Init config took 4.88s 
573894     INFO  main            d.u.i.k.p.i.AbstractProblemLoader Replaying proof Plotter[ThreadSpec2::stateInv()].JML accessible clause.0 
574552     DEBUG main            d.u.i.k.p.i.IntermediateProofReplayer Proof replay took 645.85ms 
574554     DEBUG main            d.u.i.k.p.r.p.TestFile    ... success: reloaded. 
574555     INFO  main            d.u.i.k.p.r.p.TestFile    Now processing file /home/runner/work/key/key/key.core/../key.ui/examples/heap/permissions/threads/Plotter_staticPermissions_accessible.key 
574555     INFO  main            d.u.i.k.p.i.AbstractProblemLoader Loading environment from /home/runner/work/key/key/key.core/../key.ui/examples/heap/permissions/threads/Plotter_staticPermissions_accessible.key 
574555     DEBUG main            d.u.i.k.p.i.AbstractProblemLoader Environment load took 92.1ns 
574556     INFO  main            d.u.i.k.p.i.AbstractProblemLoader Creating init config 
579548     DEBUG main            d.u.i.k.p.i.AbstractProblemLoader Init config took 4.99s 
579646     INFO  main            d.u.i.k.p.i.AbstractProblemLoader Replaying proof Plotter[ThreadSpec2::staticPermissions()].JML accessible clause.0 
579647     DEBUG main            d.u.i.k.p.i.IntermediateProofReplayer Proof replay took 34ns 
580450     INFO  main            d.u.i.k.p.r.p.TestFile    ... finished proof: closed. 
581021     INFO  main            d.u.i.k.p.i.AbstractProblemLoader Loading environment from /home/runner/work/key/key/key.core/../key.ui/examples/heap/permissions/threads/Plotter_staticPermissions_accessible.key.proof 
581021     DEBUG main            d.u.i.k.p.i.AbstractProblemLoader Environment load took 76.1ns 
581022     INFO  main            d.u.i.k.p.i.AbstractProblemLoader Creating init config 
585871     DEBUG main            d.u.i.k.p.i.AbstractProblemLoader Init config took 4.85s 
585948     INFO  main            d.u.i.k.p.i.AbstractProblemLoader Replaying proof Plotter[ThreadSpec2::staticPermissions()].JML accessible clause.0 
586015     DEBUG main            d.u.i.k.p.i.IntermediateProofReplayer Proof replay took 65.05ms 
586016     DEBUG main            d.u.i.k.p.r.p.TestFile    ... success: reloaded. 
586017     INFO  main            d.u.i.k.p.r.p.TestFile    Now processing file /home/runner/work/key/key/key.core/../key.ui/examples/heap/permissions/threads/Plotter_workingPermissions_accessible.key 
586017     INFO  main            d.u.i.k.p.i.AbstractProblemLoader Loading environment from /home/runner/work/key/key/key.core/../key.ui/examples/heap/permissions/threads/Plotter_workingPermissions_accessible.key 
586017     DEBUG main            d.u.i.k.p.i.AbstractProblemLoader Environment load took 85.6ns 
586018     INFO  main            d.u.i.k.p.i.AbstractProblemLoader Creating init config 
591000     DEBUG main            d.u.i.k.p.i.AbstractProblemLoader Init config took 4.98s 
591097     INFO  main            d.u.i.k.p.i.AbstractProblemLoader Replaying proof Plotter[ThreadSpec2::workingPermissions()].JML accessible clause.0 
591099     DEBUG main            d.u.i.k.p.i.IntermediateProofReplayer Proof replay took 2.9ns 
591301     INFO  main            d.u.i.k.p.r.p.TestFile    ... finished proof: closed. 
591860     INFO  main            d.u.i.k.p.i.AbstractProblemLoader Loading environment from /home/runner/work/key/key/key.core/../key.ui/examples/heap/permissions/threads/Plotter_workingPermissions_accessible.key.proof 
591860     DEBUG main            d.u.i.k.p.i.AbstractProblemLoader Environment load took 78.7ns 
591861     INFO  main            d.u.i.k.p.i.AbstractProblemLoader Creating init config 
596695     DEBUG main            d.u.i.k.p.i.AbstractProblemLoader Init config took 4.83s 
596779     INFO  main            d.u.i.k.p.i.AbstractProblemLoader Replaying proof Plotter[ThreadSpec2::workingPermissions()].JML accessible clause.0 
596798     DEBUG main            d.u.i.k.p.i.IntermediateProofReplayer Proof replay took 17.88ms 
596799     DEBUG main            d.u.i.k.p.r.p.TestFile    ... success: reloaded. 
596800     INFO  main            d.u.i.k.p.r.p.TestFile    Now processing file /home/runner/work/key/key/key.core/../key.ui/examples/heap/permissions/threads/Sampler_initPost_accessible.key 
596800     INFO  main            d.u.i.k.p.i.AbstractProblemLoader Loading environment from /home/runner/work/key/key/key.core/../key.ui/examples/heap/permissions/threads/Sampler_initPost_accessible.key 
596800     DEBUG main            d.u.i.k.p.i.AbstractProblemLoader Environment load took 86.3ns 
596801     INFO  main            d.u.i.k.p.i.AbstractProblemLoader Creating init config 
601792     DEBUG main            d.u.i.k.p.i.AbstractProblemLoader Init config took 4.99s 
601888     INFO  main            d.u.i.k.p.i.AbstractProblemLoader Replaying proof Sampler[ThreadSpec2::initPost()].JML accessible clause.0 
601890     DEBUG main            d.u.i.k.p.i.IntermediateProofReplayer Proof replay took 2.5ns 
601991     INFO  main            d.u.i.k.p.r.p.TestFile    ... finished proof: closed. 
602537     INFO  main            d.u.i.k.p.i.AbstractProblemLoader Loading environment from /home/runner/work/key/key/key.core/../key.ui/examples/heap/permissions/threads/Sampler_initPost_accessible.key.proof 
602537     DEBUG main            d.u.i.k.p.i.AbstractProblemLoader Environment load took 76.6ns 
602538     INFO  main            d.u.i.k.p.i.AbstractProblemLoader Creating init config 
607427     DEBUG main            d.u.i.k.p.i.AbstractProblemLoader Init config took 4.89s 
607508     INFO  main            d.u.i.k.p.i.AbstractProblemLoader Replaying proof Sampler[ThreadSpec2::initPost()].JML accessible clause.0 
607515     DEBUG main            d.u.i.k.p.i.IntermediateProofReplayer Proof replay took 5.71ms 
607515     DEBUG main            d.u.i.k.p.r.p.TestFile    ... success: reloaded. 
607516     INFO  main            d.u.i.k.p.r.p.TestFile    Now processing file /home/runner/work/key/key/key.core/../key.ui/examples/heap/permissions/threads/Sampler_inv_accessible1.key 
607516     INFO  main            d.u.i.k.p.i.AbstractProblemLoader Loading environment from /home/runner/work/key/key/key.core/../key.ui/examples/heap/permissions/threads/Sampler_inv_accessible1.key 
607516     DEBUG main            d.u.i.k.p.i.AbstractProblemLoader Environment load took 48.3ns 
607517     INFO  main            d.u.i.k.p.i.AbstractProblemLoader Creating init config 
612469     DEBUG main            d.u.i.k.p.i.AbstractProblemLoader Init config took 4.95s 
612549     INFO  main            d.u.i.k.p.i.AbstractProblemLoader Replaying proof Sampler[java.lang.Object::<inv>()].JML accessible clause.0 
612550     DEBUG main            d.u.i.k.p.i.IntermediateProofReplayer Proof replay took 3.1ns 
612651     INFO  main            d.u.i.k.p.r.p.TestFile    ... finished proof: closed. 
613209     INFO  main            d.u.i.k.p.i.AbstractProblemLoader Loading environment from /home/runner/work/key/key/key.core/../key.ui/examples/heap/permissions/threads/Sampler_inv_accessible1.key.proof 
613209     DEBUG main            d.u.i.k.p.i.AbstractProblemLoader Environment load took 74.6ns 
613210     INFO  main            d.u.i.k.p.i.AbstractProblemLoader Creating init config 
618086     DEBUG main            d.u.i.k.p.i.AbstractProblemLoader Init config took 4.88s 
618178     INFO  main            d.u.i.k.p.i.AbstractProblemLoader Replaying proof Sampler[java.lang.Object::<inv>()].JML accessible clause.0 
618181     DEBUG main            d.u.i.k.p.i.IntermediateProofReplayer Proof replay took 1.65ms 
618181     DEBUG main            d.u.i.k.p.r.p.TestFile    ... success: reloaded. 
618182     INFO  main            d.u.i.k.p.r.p.TestFile    Now processing file /home/runner/work/key/key/key.core/../key.ui/examples/heap/permissions/threads/Sampler_inv_accessible2.key 
618182     INFO  main            d.u.i.k.p.i.AbstractProblemLoader Loading environment from /home/runner/work/key/key/key.core/../key.ui/examples/heap/permissions/threads/Sampler_inv_accessible2.key 
618182     DEBUG main            d.u.i.k.p.i.AbstractProblemLoader Environment load took 50.4ns 
618183     INFO  main            d.u.i.k.p.i.AbstractProblemLoader Creating init config 
623162     DEBUG main            d.u.i.k.p.i.AbstractProblemLoader Init config took 4.98s 
623243     INFO  main            d.u.i.k.p.i.AbstractProblemLoader Replaying proof Sampler[java.lang.Object::<inv>()].JML accessible clause.1 
623244     DEBUG main            d.u.i.k.p.i.IntermediateProofReplayer Proof replay took 2.9ns 
623345     INFO  main            d.u.i.k.p.r.p.TestFile    ... finished proof: closed. 
623907     INFO  main            d.u.i.k.p.i.AbstractProblemLoader Loading environment from /home/runner/work/key/key/key.core/../key.ui/examples/heap/permissions/threads/Sampler_inv_accessible2.key.proof 
623907     DEBUG main            d.u.i.k.p.i.AbstractProblemLoader Environment load took 86.2ns 
623908     INFO  main            d.u.i.k.p.i.AbstractProblemLoader Creating init config 
628852     DEBUG main            d.u.i.k.p.i.AbstractProblemLoader Init config took 4.94s 
628945     INFO  main            d.u.i.k.p.i.AbstractProblemLoader Replaying proof Sampler[java.lang.Object::<inv>()].JML accessible clause.1 
628948     DEBUG main            d.u.i.k.p.i.IntermediateProofReplayer Proof replay took 1.8ms 
628949     DEBUG main            d.u.i.k.p.r.p.TestFile    ... success: reloaded. 
628950     INFO  main            d.u.i.k.p.r.p.TestFile    Now processing file /home/runner/work/key/key/key.core/../key.ui/examples/heap/permissions/threads/Sampler_joinTransfer_accessible.key 
628950     INFO  main            d.u.i.k.p.i.AbstractProblemLoader Loading environment from /home/runner/work/key/key/key.core/../key.ui/examples/heap/permissions/threads/Sampler_joinTransfer_accessible.key 
628950     DEBUG main            d.u.i.k.p.i.AbstractProblemLoader Environment load took 70.4ns 
628951     INFO  main            d.u.i.k.p.i.AbstractProblemLoader Creating init config 
633901     DEBUG main            d.u.i.k.p.i.AbstractProblemLoader Init config took 4.95s 
633978     INFO  main            d.u.i.k.p.i.AbstractProblemLoader Replaying proof Sampler[ThreadSpec2::joinTransfer()].JML accessible clause.0 
633979     DEBUG main            d.u.i.k.p.i.IntermediateProofReplayer Proof replay took 2.8ns 
637689     INFO  main            d.u.i.k.p.r.p.TestFile    ... finished proof: closed. 
638286     INFO  main            d.u.i.k.p.i.AbstractProblemLoader Loading environment from /home/runner/work/key/key/key.core/../key.ui/examples/heap/permissions/threads/Sampler_joinTransfer_accessible.key.proof 
638287     DEBUG main            d.u.i.k.p.i.AbstractProblemLoader Environment load took 377.7ns 
638288     INFO  main            d.u.i.k.p.i.AbstractProblemLoader Creating init config 
643171     DEBUG main            d.u.i.k.p.i.AbstractProblemLoader Init config took 4.88s 
643253     INFO  main            d.u.i.k.p.i.AbstractProblemLoader Replaying proof Sampler[ThreadSpec2::joinTransfer()].JML accessible clause.0 
643906     DEBUG main            d.u.i.k.p.i.IntermediateProofReplayer Proof replay took 642.34ms 
643908     DEBUG main            d.u.i.k.p.r.p.TestFile    ... success: reloaded. 
643910     INFO  main            d.u.i.k.p.r.p.TestFile    Now processing file /home/runner/work/key/key/key.core/../key.ui/examples/heap/permissions/threads/Sampler_joinTransfer_contract.key 
643910     INFO  main            d.u.i.k.p.i.AbstractProblemLoader Loading environment from /home/runner/work/key/key/key.core/../key.ui/examples/heap/permissions/threads/Sampler_joinTransfer_contract.key 
643910     DEBUG main            d.u.i.k.p.i.AbstractProblemLoader Environment load took 160.2ns 
643911     INFO  main            d.u.i.k.p.i.AbstractProblemLoader Creating init config 
649088     DEBUG main            d.u.i.k.p.i.AbstractProblemLoader Init config took 5.18s 
649168     INFO  main            d.u.i.k.p.i.AbstractProblemLoader Replaying proof Sampler[ThreadSpec2::joinTransfer()].JML model_behavior operation contract.0 
649170     DEBUG main            d.u.i.k.p.i.IntermediateProofReplayer Proof replay took 3.3ns 
649271     INFO  main            d.u.i.k.p.r.p.TestFile    ... finished proof: closed. 
649859     INFO  main            d.u.i.k.p.i.AbstractProblemLoader Loading environment from /home/runner/work/key/key/key.core/../key.ui/examples/heap/permissions/threads/Sampler_joinTransfer_contract.key.proof 
649859     DEBUG main            d.u.i.k.p.i.AbstractProblemLoader Environment load took 71.1ns 
649860     INFO  main            d.u.i.k.p.i.AbstractProblemLoader Creating init config 
654756     DEBUG main            d.u.i.k.p.i.AbstractProblemLoader Init config took 4.9s 
654832     INFO  main            d.u.i.k.p.i.AbstractProblemLoader Replaying proof Sampler[ThreadSpec2::joinTransfer()].JML model_behavior operation contract.0 
654841     DEBUG main            d.u.i.k.p.i.IntermediateProofReplayer Proof replay took 7.26ms 
654842     DEBUG main            d.u.i.k.p.r.p.TestFile    ... success: reloaded. 
654842     INFO  main            d.u.i.k.p.r.p.TestFile    Now processing file /home/runner/work/key/key/key.core/../key.ui/examples/heap/permissions/threads/Sampler_postJoin_accessible.key 
654843     INFO  main            d.u.i.k.p.i.AbstractProblemLoader Loading environment from /home/runner/work/key/key/key.core/../key.ui/examples/heap/permissions/threads/Sampler_postJoin_accessible.key 
654843     DEBUG main            d.u.i.k.p.i.AbstractProblemLoader Environment load took 87ns 
654843     INFO  main            d.u.i.k.p.i.AbstractProblemLoader Creating init config 
659860     DEBUG main            d.u.i.k.p.i.AbstractProblemLoader Init config took 5.02s 
659953     INFO  main            d.u.i.k.p.i.AbstractProblemLoader Replaying proof Sampler[ThreadSpec2::postJoin(java.lang.Object)].JML accessible clause.0 
659954     DEBUG main            d.u.i.k.p.i.IntermediateProofReplayer Proof replay took 2.7ns 
660056     INFO  main            d.u.i.k.p.r.p.TestFile    ... finished proof: closed. 
660665     INFO  main            d.u.i.k.p.i.AbstractProblemLoader Loading environment from /home/runner/work/key/key/key.core/../key.ui/examples/heap/permissions/threads/Sampler_postJoin_accessible.key.proof 
660666     DEBUG main            d.u.i.k.p.i.AbstractProblemLoader Environment load took 76.8ns 
660666     INFO  main            d.u.i.k.p.i.AbstractProblemLoader Creating init config 
665588     DEBUG main            d.u.i.k.p.i.AbstractProblemLoader Init config took 4.92s 
665664     INFO  main            d.u.i.k.p.i.AbstractProblemLoader Replaying proof Sampler[ThreadSpec2::postJoin(java.lang.Object)].JML accessible clause.0 
665675     DEBUG main            d.u.i.k.p.i.IntermediateProofReplayer Proof replay took 9.08ms 
665675     DEBUG main            d.u.i.k.p.r.p.TestFile    ... success: reloaded. 
665676     INFO  main            d.u.i.k.p.r.p.TestFile    Now processing file /home/runner/work/key/key/key.core/../key.ui/examples/heap/permissions/threads/Sampler_preStart_accessible.key 
665676     INFO  main            d.u.i.k.p.i.AbstractProblemLoader Loading environment from /home/runner/work/key/key/key.core/../key.ui/examples/heap/permissions/threads/Sampler_preStart_accessible.key 
665677     DEBUG main            d.u.i.k.p.i.AbstractProblemLoader Environment load took 78.6ns 
665677     INFO  main            d.u.i.k.p.i.AbstractProblemLoader Creating init config 
670734     DEBUG main            d.u.i.k.p.i.AbstractProblemLoader Init config took 5.06s 
670816     INFO  main            d.u.i.k.p.i.AbstractProblemLoader Replaying proof Sampler[ThreadSpec2::preStart(java.lang.Object)].JML accessible clause.0 
670817     DEBUG main            d.u.i.k.p.i.IntermediateProofReplayer Proof replay took 3.2ns 
670919     INFO  main            d.u.i.k.p.r.p.TestFile    ... finished proof: closed. 
671543     INFO  main            d.u.i.k.p.i.AbstractProblemLoader Loading environment from /home/runner/work/key/key/key.core/../key.ui/examples/heap/permissions/threads/Sampler_preStart_accessible.key.proof 
671543     DEBUG main            d.u.i.k.p.i.AbstractProblemLoader Environment load took 78.5ns 
671544     INFO  main            d.u.i.k.p.i.AbstractProblemLoader Creating init config 
676411     DEBUG main            d.u.i.k.p.i.AbstractProblemLoader Init config took 4.87s 
676489     INFO  main            d.u.i.k.p.i.AbstractProblemLoader Replaying proof Sampler[ThreadSpec2::preStart(java.lang.Object)].JML accessible clause.0 
676500     DEBUG main            d.u.i.k.p.i.IntermediateProofReplayer Proof replay took 8.97ms 
676500     DEBUG main            d.u.i.k.p.r.p.TestFile    ... success: reloaded. 
676501     INFO  main            d.u.i.k.p.r.p.TestFile    Now processing file /home/runner/work/key/key/key.core/../key.ui/examples/heap/permissions/threads/Sampler_run.key 
676501     INFO  main            d.u.i.k.p.i.AbstractProblemLoader Loading environment from /home/runner/work/key/key/key.core/../key.ui/examples/heap/permissions/threads/Sampler_run.key 
676501     DEBUG main            d.u.i.k.p.i.AbstractProblemLoader Environment load took 54.1ns 
676502     INFO  main            d.u.i.k.p.i.AbstractProblemLoader Creating init config 
681460     DEBUG main            d.u.i.k.p.i.AbstractProblemLoader Init config took 4.96s 
681538     INFO  main            d.u.i.k.p.i.AbstractProblemLoader Replaying proof Sampler[ThreadSpec2::run()].JML normal_behavior operation contract.0 
681540     DEBUG main            d.u.i.k.p.i.IntermediateProofReplayer Proof replay took 2.8ns 
681742     INFO  main            d.u.i.k.p.r.p.TestFile    ... finished proof: closed. 
682353     INFO  main            d.u.i.k.p.i.AbstractProblemLoader Loading environment from /home/runner/work/key/key/key.core/../key.ui/examples/heap/permissions/threads/Sampler_run.key.proof 
682353     DEBUG main            d.u.i.k.p.i.AbstractProblemLoader Environment load took 72.8ns 
682354     INFO  main            d.u.i.k.p.i.AbstractProblemLoader Creating init config 
687195     DEBUG main            d.u.i.k.p.i.AbstractProblemLoader Init config took 4.84s 
687270     INFO  main            d.u.i.k.p.i.AbstractProblemLoader Replaying proof Sampler[ThreadSpec2::run()].JML normal_behavior operation contract.0 
687309     DEBUG main            d.u.i.k.p.i.IntermediateProofReplayer Proof replay took 36.92ms 
687310     DEBUG main            d.u.i.k.p.r.p.TestFile    ... success: reloaded. 
687311     INFO  main            d.u.i.k.p.r.p.TestFile    Now processing file /home/runner/work/key/key/key.core/../key.ui/examples/heap/permissions/threads/Sampler_Sampler.key 
687311     INFO  main            d.u.i.k.p.i.AbstractProblemLoader Loading environment from /home/runner/work/key/key/key.core/../key.ui/examples/heap/permissions/threads/Sampler_Sampler.key 
687311     DEBUG main            d.u.i.k.p.i.AbstractProblemLoader Environment load took 97.1ns 
687312     INFO  main            d.u.i.k.p.i.AbstractProblemLoader Creating init config 
692230     DEBUG main            d.u.i.k.p.i.AbstractProblemLoader Init config took 4.92s 
692308     INFO  main            d.u.i.k.p.i.AbstractProblemLoader Replaying proof Sampler[Sampler::Sampler(Buffer)].JML normal_behavior operation contract.0 
692309     DEBUG main            d.u.i.k.p.i.IntermediateProofReplayer Proof replay took 2.9ns 
692920     INFO  main            d.u.i.k.p.r.p.TestFile    ... finished proof: closed. 
693540     INFO  main            d.u.i.k.p.i.AbstractProblemLoader Loading environment from /home/runner/work/key/key/key.core/../key.ui/examples/heap/permissions/threads/Sampler_Sampler.key.proof 
693540     DEBUG main            d.u.i.k.p.i.AbstractProblemLoader Environment load took 72.7ns 
693541     INFO  main            d.u.i.k.p.i.AbstractProblemLoader Creating init config 
698393     DEBUG main            d.u.i.k.p.i.AbstractProblemLoader Init config took 4.85s 
698473     INFO  main            d.u.i.k.p.i.AbstractProblemLoader Replaying proof Sampler[Sampler::Sampler(Buffer)].JML normal_behavior operation contract.0 
698582     DEBUG main            d.u.i.k.p.i.IntermediateProofReplayer Proof replay took 107.34ms 
698583     DEBUG main            d.u.i.k.p.r.p.TestFile    ... success: reloaded. 
698584     INFO  main            d.u.i.k.p.r.p.TestFile    Now processing file /home/runner/work/key/key/key.core/../key.ui/examples/heap/permissions/threads/Sampler_startTransfer_accessible.key 
698584     INFO  main            d.u.i.k.p.i.AbstractProblemLoader Loading environment from /home/runner/work/key/key/key.core/../key.ui/examples/heap/permissions/threads/Sampler_startTransfer_accessible.key 
698584     DEBUG main            d.u.i.k.p.i.AbstractProblemLoader Environment load took 84ns 
698585     INFO  main            d.u.i.k.p.i.AbstractProblemLoader Creating init config 
703515     DEBUG main            d.u.i.k.p.i.AbstractProblemLoader Init config took 4.93s 
703592     INFO  main            d.u.i.k.p.i.AbstractProblemLoader Replaying proof Sampler[ThreadSpec2::startTransfer()].JML accessible clause.0 
703594     DEBUG main            d.u.i.k.p.i.IntermediateProofReplayer Proof replay took 3.6ns 
708003     INFO  main            d.u.i.k.p.r.p.TestFile    ... finished proof: closed. 
708629     INFO  main            d.u.i.k.p.i.AbstractProblemLoader Loading environment from /home/runner/work/key/key/key.core/../key.ui/examples/heap/permissions/threads/Sampler_startTransfer_accessible.key.proof 
708630     DEBUG main            d.u.i.k.p.i.AbstractProblemLoader Environment load took 97.4ns 
708631     INFO  main            d.u.i.k.p.i.AbstractProblemLoader Creating init config 
713514     DEBUG main            d.u.i.k.p.i.AbstractProblemLoader Init config took 4.88s 
713600     INFO  main            d.u.i.k.p.i.AbstractProblemLoader Replaying proof Sampler[ThreadSpec2::startTransfer()].JML accessible clause.0 
714221     DEBUG main            d.u.i.k.p.i.IntermediateProofReplayer Proof replay took 610.2ms 
714222     DEBUG main            d.u.i.k.p.r.p.TestFile    ... success: reloaded. 
714223     INFO  main            d.u.i.k.p.r.p.TestFile    Now processing file /home/runner/work/key/key/key.core/../key.ui/examples/heap/permissions/threads/Sampler_startTransfer_contract.key 
714223     INFO  main            d.u.i.k.p.i.AbstractProblemLoader Loading environment from /home/runner/work/key/key/key.core/../key.ui/examples/heap/permissions/threads/Sampler_startTransfer_contract.key 
714223     DEBUG main            d.u.i.k.p.i.AbstractProblemLoader Environment load took 79.4ns 
714224     INFO  main            d.u.i.k.p.i.AbstractProblemLoader Creating init config 
719320     DEBUG main            d.u.i.k.p.i.AbstractProblemLoader Init config took 5.1s 
719399     INFO  main            d.u.i.k.p.i.AbstractProblemLoader Replaying proof Sampler[ThreadSpec2::startTransfer()].JML model_behavior operation contract.0 
719400     DEBUG main            d.u.i.k.p.i.IntermediateProofReplayer Proof replay took 2.9ns 
719502     INFO  main            d.u.i.k.p.r.p.TestFile    ... finished proof: closed. 
720120     INFO  main            d.u.i.k.p.i.AbstractProblemLoader Loading environment from /home/runner/work/key/key/key.core/../key.ui/examples/heap/permissions/threads/Sampler_startTransfer_contract.key.proof 
720120     DEBUG main            d.u.i.k.p.i.AbstractProblemLoader Environment load took 76.6ns 
720121     INFO  main            d.u.i.k.p.i.AbstractProblemLoader Creating init config 
725069     DEBUG main            d.u.i.k.p.i.AbstractProblemLoader Init config took 4.95s 
725148     INFO  main            d.u.i.k.p.i.AbstractProblemLoader Replaying proof Sampler[ThreadSpec2::startTransfer()].JML model_behavior operation contract.0 
725157     DEBUG main            d.u.i.k.p.i.IntermediateProofReplayer Proof replay took 7.33ms 
725158     DEBUG main            d.u.i.k.p.r.p.TestFile    ... success: reloaded. 
725159     INFO  main            d.u.i.k.p.r.p.TestFile    Now processing file /home/runner/work/key/key/key.core/../key.ui/examples/heap/permissions/threads/Sampler_stateInv_accessible.key 
725159     INFO  main            d.u.i.k.p.i.AbstractProblemLoader Loading environment from /home/runner/work/key/key/key.core/../key.ui/examples/heap/permissions/threads/Sampler_stateInv_accessible.key 
725159     DEBUG main            d.u.i.k.p.i.AbstractProblemLoader Environment load took 78.9ns 
725160     INFO  main            d.u.i.k.p.i.AbstractProblemLoader Creating init config 
730118     DEBUG main            d.u.i.k.p.i.AbstractProblemLoader Init config took 4.96s 
730211     INFO  main            d.u.i.k.p.i.AbstractProblemLoader Replaying proof Sampler[ThreadSpec2::stateInv()].JML accessible clause.0 
730212     DEBUG main            d.u.i.k.p.i.IntermediateProofReplayer Proof replay took 2.8ns 
730314     INFO  main            d.u.i.k.p.r.p.TestFile    ... finished proof: closed. 
730936     INFO  main            d.u.i.k.p.i.AbstractProblemLoader Loading environment from /home/runner/work/key/key/key.core/../key.ui/examples/heap/permissions/threads/Sampler_stateInv_accessible.key.proof 
730936     DEBUG main            d.u.i.k.p.i.AbstractProblemLoader Environment load took 78.7ns 
730937     INFO  main            d.u.i.k.p.i.AbstractProblemLoader Creating init config 
735811     DEBUG main            d.u.i.k.p.i.AbstractProblemLoader Init config took 4.87s 
735900     INFO  main            d.u.i.k.p.i.AbstractProblemLoader Replaying proof Sampler[ThreadSpec2::stateInv()].JML accessible clause.0 
735908     DEBUG main            d.u.i.k.p.i.IntermediateProofReplayer Proof replay took 6.68ms 
735909     DEBUG main            d.u.i.k.p.r.p.TestFile    ... success: reloaded. 
735909     INFO  main            d.u.i.k.p.r.p.TestFile    Now processing file /home/runner/work/key/key/key.core/../key.ui/examples/heap/permissions/threads/Sampler_staticPermissions_accessible.key 
735910     INFO  main            d.u.i.k.p.i.AbstractProblemLoader Loading environment from /home/runner/work/key/key/key.core/../key.ui/examples/heap/permissions/threads/Sampler_staticPermissions_accessible.key 
735910     DEBUG main            d.u.i.k.p.i.AbstractProblemLoader Environment load took 80.3ns 
735911     INFO  main            d.u.i.k.p.i.AbstractProblemLoader Creating init config 
740991     DEBUG main            d.u.i.k.p.i.AbstractProblemLoader Init config took 5.08s 
741069     INFO  main            d.u.i.k.p.i.AbstractProblemLoader Replaying proof Sampler[ThreadSpec2::staticPermissions()].JML accessible clause.0 
741070     DEBUG main            d.u.i.k.p.i.IntermediateProofReplayer Proof replay took 2.9ns 
741174     INFO  main            d.u.i.k.p.r.p.TestFile    ... finished proof: closed. 
741835     INFO  main            d.u.i.k.p.i.AbstractProblemLoader Loading environment from /home/runner/work/key/key/key.core/../key.ui/examples/heap/permissions/threads/Sampler_staticPermissions_accessible.key.proof 
741835     DEBUG main            d.u.i.k.p.i.AbstractProblemLoader Environment load took 74.8ns 
741836     INFO  main            d.u.i.k.p.i.AbstractProblemLoader Creating init config 
746793     DEBUG main            d.u.i.k.p.i.AbstractProblemLoader Init config took 4.96s 
746895     INFO  main            d.u.i.k.p.i.AbstractProblemLoader Replaying proof Sampler[ThreadSpec2::staticPermissions()].JML accessible clause.0 
746899     DEBUG main            d.u.i.k.p.i.IntermediateProofReplayer Proof replay took 3.46ms 
746900     DEBUG main            d.u.i.k.p.r.p.TestFile    ... success: reloaded. 
746901     INFO  main            d.u.i.k.p.r.p.TestFile    Now processing file /home/runner/work/key/key/key.core/../key.ui/examples/heap/permissions/threads/Sampler_workingPermissions_accessible.key 
746901     INFO  main            d.u.i.k.p.i.AbstractProblemLoader Loading environment from /home/runner/work/key/key/key.core/../key.ui/examples/heap/permissions/threads/Sampler_workingPermissions_accessible.key 
746901     DEBUG main            d.u.i.k.p.i.AbstractProblemLoader Environment load took 119.6ns 
746902     INFO  main            d.u.i.k.p.i.AbstractProblemLoader Creating init config 
751943     DEBUG main            d.u.i.k.p.i.AbstractProblemLoader Init config took 5.04s 
752071     INFO  main            d.u.i.k.p.i.AbstractProblemLoader Replaying proof Sampler[ThreadSpec2::workingPermissions()].JML accessible clause.0 
752074     DEBUG main            d.u.i.k.p.i.IntermediateProofReplayer Proof replay took 3ns 
752175     INFO  main            d.u.i.k.p.r.p.TestFile    ... finished proof: closed. 
752803     INFO  main            d.u.i.k.p.i.AbstractProblemLoader Loading environment from /home/runner/work/key/key/key.core/../key.ui/examples/heap/permissions/threads/Sampler_workingPermissions_accessible.key.proof 
752803     DEBUG main            d.u.i.k.p.i.AbstractProblemLoader Environment load took 70.4ns 
752803     INFO  main            d.u.i.k.p.i.AbstractProblemLoader Creating init config 
757799     DEBUG main            d.u.i.k.p.i.AbstractProblemLoader Init config took 5s 
757879     INFO  main            d.u.i.k.p.i.AbstractProblemLoader Replaying proof Sampler[ThreadSpec2::workingPermissions()].JML accessible clause.0 
757886     DEBUG main            d.u.i.k.p.i.IntermediateProofReplayer Proof replay took 5.45ms 
757887     DEBUG main            d.u.i.k.p.r.p.TestFile    ... success: reloaded. 
757888     INFO  main            d.u.i.k.p.r.p.TestFile    Now processing file /home/runner/work/key/key/key.core/../key.ui/examples/heap/permissions/mulleretal/ReadWrite_doRead_contract.key 
757888     INFO  main            d.u.i.k.p.i.AbstractProblemLoader Loading environment from /home/runner/work/key/key/key.core/../key.ui/examples/heap/permissions/mulleretal/ReadWrite_doRead_contract.key 
757888     DEBUG main            d.u.i.k.p.i.AbstractProblemLoader Environment load took 53.8ns 
757889     INFO  main            d.u.i.k.p.i.AbstractProblemLoader Creating init config 
760815     DEBUG main            d.u.i.k.p.i.AbstractProblemLoader Init config took 2.93s 
760848     INFO  main            d.u.i.k.p.i.AbstractProblemLoader Replaying proof ReadWrite[ReadWrite::doRead()].JML normal_behavior operation contract.0 
760851     DEBUG main            d.u.i.k.p.i.IntermediateProofReplayer Proof replay took 3ns 
762757     INFO  main            d.u.i.k.p.r.p.TestFile    ... finished proof: closed. 
763438     INFO  main            d.u.i.k.p.i.AbstractProblemLoader Loading environment from /home/runner/work/key/key/key.core/../key.ui/examples/heap/permissions/mulleretal/ReadWrite_doRead_contract.key.proof 
763439     DEBUG main            d.u.i.k.p.i.AbstractProblemLoader Environment load took 314.4ns 
763440     INFO  main            d.u.i.k.p.i.AbstractProblemLoader Creating init config 
766348     DEBUG main            d.u.i.k.p.i.AbstractProblemLoader Init config took 2.91s 
766385     INFO  main            d.u.i.k.p.i.AbstractProblemLoader Replaying proof ReadWrite[ReadWrite::doRead()].JML normal_behavior operation contract.0 
767015     DEBUG main            d.u.i.k.p.i.IntermediateProofReplayer Proof replay took 612.3ms 
767016     DEBUG main            d.u.i.k.p.r.p.TestFile    ... success: reloaded. 
767022     INFO  main            d.u.i.k.p.r.p.TestFile    Now processing file /home/runner/work/key/key/key.core/../key.ui/examples/heap/permissions/mulleretal/ReadWrite_doWrite_contract.key 
767022     INFO  main            d.u.i.k.p.i.AbstractProblemLoader Loading environment from /home/runner/work/key/key/key.core/../key.ui/examples/heap/permissions/mulleretal/ReadWrite_doWrite_contract.key 
767022     DEBUG main            d.u.i.k.p.i.AbstractProblemLoader Environment load took 105.3ns 
767023     INFO  main            d.u.i.k.p.i.AbstractProblemLoader Creating init config 
770135     DEBUG main            d.u.i.k.p.i.AbstractProblemLoader Init config took 3.11s 
770167     INFO  main            d.u.i.k.p.i.AbstractProblemLoader Replaying proof ReadWrite[ReadWrite::doWrite()].JML normal_behavior operation contract.0 
770168     DEBUG main            d.u.i.k.p.i.IntermediateProofReplayer Proof replay took 3.3ns 
772220     INFO  main            d.u.i.k.p.r.p.TestFile    ... finished proof: closed. 
772915     INFO  main            d.u.i.k.p.i.AbstractProblemLoader Loading environment from /home/runner/work/key/key/key.core/../key.ui/examples/heap/permissions/mulleretal/ReadWrite_doWrite_contract.key.proof 
772915     DEBUG main            d.u.i.k.p.i.AbstractProblemLoader Environment load took 333.1ns 
772916     INFO  main            d.u.i.k.p.i.AbstractProblemLoader Creating init config 
775764     DEBUG main            d.u.i.k.p.i.AbstractProblemLoader Init config took 2.85s 
775802     INFO  main            d.u.i.k.p.i.AbstractProblemLoader Replaying proof ReadWrite[ReadWrite::doWrite()].JML normal_behavior operation contract.0 
776439     DEBUG main            d.u.i.k.p.i.IntermediateProofReplayer Proof replay took 630ms 
776440     DEBUG main            d.u.i.k.p.r.p.TestFile    ... success: reloaded. 
776440     INFO  main            d.u.i.k.p.r.p.TestFile    Now processing file /home/runner/work/key/key/key.core/../key.ui/examples/heap/permissions/mulleretal/ReadWrite_read_contract.key 
776440     INFO  main            d.u.i.k.p.i.AbstractProblemLoader Loading environment from /home/runner/work/key/key/key.core/../key.ui/examples/heap/permissions/mulleretal/ReadWrite_read_contract.key 
776441     DEBUG main            d.u.i.k.p.i.AbstractProblemLoader Environment load took 180ns 
776442     INFO  main            d.u.i.k.p.i.AbstractProblemLoader Creating init config 
779514     DEBUG main            d.u.i.k.p.i.AbstractProblemLoader Init config took 3.07s 
779545     INFO  main            d.u.i.k.p.i.AbstractProblemLoader Replaying proof ReadWrite[ReadWrite::read()].JML normal_behavior operation contract.0 
779546     DEBUG main            d.u.i.k.p.i.IntermediateProofReplayer Proof replay took 3.1ns 
779648     INFO  main            d.u.i.k.p.r.p.TestFile    ... finished proof: closed. 
780300     INFO  main            d.u.i.k.p.i.AbstractProblemLoader Loading environment from /home/runner/work/key/key/key.core/../key.ui/examples/heap/permissions/mulleretal/ReadWrite_read_contract.key.proof 
780300     DEBUG main            d.u.i.k.p.i.AbstractProblemLoader Environment load took 74.3ns 
780301     INFO  main            d.u.i.k.p.i.AbstractProblemLoader Creating init config 
783324     DEBUG main            d.u.i.k.p.i.AbstractProblemLoader Init config took 3.02s 
783362     INFO  main            d.u.i.k.p.i.AbstractProblemLoader Replaying proof ReadWrite[ReadWrite::read()].JML normal_behavior operation contract.0 
783373     DEBUG main            d.u.i.k.p.i.IntermediateProofReplayer Proof replay took 9.22ms 
783374     DEBUG main            d.u.i.k.p.r.p.TestFile    ... success: reloaded. 
783376     INFO  main            d.u.i.k.p.r.p.TestFile    Now processing file /home/runner/work/key/key/key.core/../key.ui/examples/heap/permissions/mulleretal/ReadWrite_write_contract.key 
783376     INFO  main            d.u.i.k.p.i.AbstractProblemLoader Loading environment from /home/runner/work/key/key/key.core/../key.ui/examples/heap/permissions/mulleretal/ReadWrite_write_contract.key 
783377     DEBUG main            d.u.i.k.p.i.AbstractProblemLoader Environment load took 251.35ns 
783378     INFO  main            d.u.i.k.p.i.AbstractProblemLoader Creating init config 
786307     DEBUG main            d.u.i.k.p.i.AbstractProblemLoader Init config took 2.93s 
786340     INFO  main            d.u.i.k.p.i.AbstractProblemLoader Replaying proof ReadWrite[ReadWrite::write()].JML normal_behavior operation contract.0 
786341     DEBUG main            d.u.i.k.p.i.IntermediateProofReplayer Proof replay took 2.8ns 
786447     INFO  main            d.u.i.k.p.r.p.TestFile    ... finished proof: closed. 
787181     INFO  main            d.u.i.k.p.i.AbstractProblemLoader Loading environment from /home/runner/work/key/key/key.core/../key.ui/examples/heap/permissions/mulleretal/ReadWrite_write_contract.key.proof 
787181     DEBUG main            d.u.i.k.p.i.AbstractProblemLoader Environment load took 83.5ns 
787182     INFO  main            d.u.i.k.p.i.AbstractProblemLoader Creating init config 
790069     DEBUG main            d.u.i.k.p.i.AbstractProblemLoader Init config took 2.89s 
790111     INFO  main            d.u.i.k.p.i.AbstractProblemLoader Replaying proof ReadWrite[ReadWrite::write()].JML normal_behavior operation contract.0 
790149     DEBUG main            d.u.i.k.p.i.IntermediateProofReplayer Proof replay took 35.37ms 
790150     DEBUG main            d.u.i.k.p.r.p.TestFile    ... success: reloaded. 
790150     INFO  main            d.u.i.k.p.r.p.TestFile    Now processing file /home/runner/work/key/key/key.core/../key.ui/examples/heap/permissions/mulleretal/ReadWrite_inv1_accessible.key 
790151     INFO  main            d.u.i.k.p.i.AbstractProblemLoader Loading environment from /home/runner/work/key/key/key.core/../key.ui/examples/heap/permissions/mulleretal/ReadWrite_inv1_accessible.key 
790151     DEBUG main            d.u.i.k.p.i.AbstractProblemLoader Environment load took 133.5ns 
790152     INFO  main            d.u.i.k.p.i.AbstractProblemLoader Creating init config 
793169     DEBUG main            d.u.i.k.p.i.AbstractProblemLoader Init config took 3.02s 
793203     INFO  main            d.u.i.k.p.i.AbstractProblemLoader Replaying proof ReadWrite[java.lang.Object::<inv>()].JML accessible clause.0 
793204     DEBUG main            d.u.i.k.p.i.IntermediateProofReplayer Proof replay took 2.5ns 
793305     INFO  main            d.u.i.k.p.r.p.TestFile    ... finished proof: closed. 
793973     INFO  main            d.u.i.k.p.i.AbstractProblemLoader Loading environment from /home/runner/work/key/key/key.core/../key.ui/examples/heap/permissions/mulleretal/ReadWrite_inv1_accessible.key.proof 
793973     DEBUG main            d.u.i.k.p.i.AbstractProblemLoader Environment load took 73.6ns 
793974     INFO  main            d.u.i.k.p.i.AbstractProblemLoader Creating init config 
796914     DEBUG main            d.u.i.k.p.i.AbstractProblemLoader Init config took 2.94s 
796952     INFO  main            d.u.i.k.p.i.AbstractProblemLoader Replaying proof ReadWrite[java.lang.Object::<inv>()].JML accessible clause.0 
796958     DEBUG main            d.u.i.k.p.i.IntermediateProofReplayer Proof replay took 4.24ms 
796959     DEBUG main            d.u.i.k.p.r.p.TestFile    ... success: reloaded. 
796960     INFO  main            d.u.i.k.p.r.p.TestFile    Now processing file /home/runner/work/key/key/key.core/../key.ui/examples/heap/permissions/mulleretal/ReadWrite_inv2_accessible.key 
796960     INFO  main            d.u.i.k.p.i.AbstractProblemLoader Loading environment from /home/runner/work/key/key/key.core/../key.ui/examples/heap/permissions/mulleretal/ReadWrite_inv2_accessible.key 
796960     DEBUG main            d.u.i.k.p.i.AbstractProblemLoader Environment load took 157.7ns 
796961     INFO  main            d.u.i.k.p.i.AbstractProblemLoader Creating init config 
799960     DEBUG main            d.u.i.k.p.i.AbstractProblemLoader Init config took 3s 
799992     INFO  main            d.u.i.k.p.i.AbstractProblemLoader Replaying proof ReadWrite[java.lang.Object::<inv>()].JML accessible clause.1 
799993     DEBUG main            d.u.i.k.p.i.IntermediateProofReplayer Proof replay took 2.7ns 
800096     INFO  main            d.u.i.k.p.r.p.TestFile    ... finished proof: closed. 
800768     INFO  main            d.u.i.k.p.i.AbstractProblemLoader Loading environment from /home/runner/work/key/key/key.core/../key.ui/examples/heap/permissions/mulleretal/ReadWrite_inv2_accessible.key.proof 
800768     DEBUG main            d.u.i.k.p.i.AbstractProblemLoader Environment load took 82.1ns 
800769     INFO  main            d.u.i.k.p.i.AbstractProblemLoader Creating init config 
803670     DEBUG main            d.u.i.k.p.i.AbstractProblemLoader Init config took 2.9s 
803708     INFO  main            d.u.i.k.p.i.AbstractProblemLoader Replaying proof ReadWrite[java.lang.Object::<inv>()].JML accessible clause.1 
803711     DEBUG main            d.u.i.k.p.i.IntermediateProofReplayer Proof replay took 2.1ms 
803712     DEBUG main            d.u.i.k.p.r.p.TestFile    ... success: reloaded. 
803713     INFO  main            d.u.i.k.p.r.p.TestFile    Now processing file /home/runner/work/key/key/key.core/../key.ui/examples/heap/permissions/lockspec/Counter_lockConsistent_contract.key 
803713     INFO  main            d.u.i.k.p.i.AbstractProblemLoader Loading environment from /home/runner/work/key/key/key.core/../key.ui/examples/heap/permissions/lockspec/Counter_lockConsistent_contract.key 
803714     DEBUG main            d.u.i.k.p.i.AbstractProblemLoader Environment load took 183.3ns 
803715     INFO  main            d.u.i.k.p.i.AbstractProblemLoader Creating init config 
807297     DEBUG main            d.u.i.k.p.i.AbstractProblemLoader Init config took 3.58s 
807364     INFO  main            d.u.i.k.p.i.AbstractProblemLoader Replaying proof Counter[LockSpec::lockConsistent()].JML model_behavior operation contract.0 
807366     DEBUG main            d.u.i.k.p.i.IntermediateProofReplayer Proof replay took 2.6ns 
808675     INFO  main            d.u.i.k.p.r.p.TestFile    ... finished proof: closed. 
809387     INFO  main            d.u.i.k.p.i.AbstractProblemLoader Loading environment from /home/runner/work/key/key/key.core/../key.ui/examples/heap/permissions/lockspec/Counter_lockConsistent_contract.key.proof 
809387     DEBUG main            d.u.i.k.p.i.AbstractProblemLoader Environment load took 79.7ns 
809388     INFO  main            d.u.i.k.p.i.AbstractProblemLoader Creating init config 
812866     DEBUG main            d.u.i.k.p.i.AbstractProblemLoader Init config took 3.48s 
812936     INFO  main            d.u.i.k.p.i.AbstractProblemLoader Replaying proof Counter[LockSpec::lockConsistent()].JML model_behavior operation contract.0 
813227     DEBUG main            d.u.i.k.p.i.IntermediateProofReplayer Proof replay took 275.3ms 
813229     DEBUG main            d.u.i.k.p.r.p.TestFile    ... success: reloaded. 
813229     INFO  main            d.u.i.k.p.r.p.TestFile    Now processing file /home/runner/work/key/key/key.core/../key.ui/examples/heap/permissions/lockspec/Counter_increase_contract.key 
813229     INFO  main            d.u.i.k.p.i.AbstractProblemLoader Loading environment from /home/runner/work/key/key/key.core/../key.ui/examples/heap/permissions/lockspec/Counter_increase_contract.key 
813230     DEBUG main            d.u.i.k.p.i.AbstractProblemLoader Environment load took 53.4ns 
813239     INFO  main            d.u.i.k.p.i.AbstractProblemLoader Creating init config 
816839     DEBUG main            d.u.i.k.p.i.AbstractProblemLoader Init config took 3.6s 
816909     INFO  main            d.u.i.k.p.i.AbstractProblemLoader Replaying proof Counter[Counter::increase()].JML normal_behavior operation contract.0 
816915     DEBUG main            d.u.i.k.p.i.IntermediateProofReplayer Proof replay took 3.3ns 
818825     INFO  main            d.u.i.k.p.r.p.TestFile    ... finished proof: closed. 
819535     INFO  main            d.u.i.k.p.i.AbstractProblemLoader Loading environment from /home/runner/work/key/key/key.core/../key.ui/examples/heap/permissions/lockspec/Counter_increase_contract.key.proof 
819536     DEBUG main            d.u.i.k.p.i.AbstractProblemLoader Environment load took 362.8ns 
819537     INFO  main            d.u.i.k.p.i.AbstractProblemLoader Creating init config 
823034     DEBUG main            d.u.i.k.p.i.AbstractProblemLoader Init config took 3.5s 
823080     INFO  main            d.u.i.k.p.i.AbstractProblemLoader Replaying proof Counter[Counter::increase()].JML normal_behavior operation contract.0 
823493     DEBUG main            d.u.i.k.p.i.IntermediateProofReplayer Proof replay took 396.15ms 
823496     DEBUG main            d.u.i.k.p.r.p.TestFile    ... success: reloaded. 
823496     INFO  main            d.u.i.k.p.r.p.TestFile    Now processing file /home/runner/work/key/key/key.core/../key.ui/examples/heap/permissions/lockspec/Counter_fp_accessible.key 
823497     INFO  main            d.u.i.k.p.i.AbstractProblemLoader Loading environment from /home/runner/work/key/key/key.core/../key.ui/examples/heap/permissions/lockspec/Counter_fp_accessible.key 
823497     DEBUG main            d.u.i.k.p.i.AbstractProblemLoader Environment load took 163.5ns 
823498     INFO  main            d.u.i.k.p.i.AbstractProblemLoader Creating init config 
826953     DEBUG main            d.u.i.k.p.i.AbstractProblemLoader Init config took 3.46s 
827005     INFO  main            d.u.i.k.p.i.AbstractProblemLoader Replaying proof Counter[LockSpec::fp()].JML accessible clause.0 
827008     DEBUG main            d.u.i.k.p.i.IntermediateProofReplayer Proof replay took 2.9ns 
827109     INFO  main            d.u.i.k.p.r.p.TestFile    ... finished proof: closed. 
827812     INFO  main            d.u.i.k.p.i.AbstractProblemLoader Loading environment from /home/runner/work/key/key/key.core/../key.ui/examples/heap/permissions/lockspec/Counter_fp_accessible.key.proof 
827812     DEBUG main            d.u.i.k.p.i.AbstractProblemLoader Environment load took 77.9ns 
827813     INFO  main            d.u.i.k.p.i.AbstractProblemLoader Creating init config 
831227     DEBUG main            d.u.i.k.p.i.AbstractProblemLoader Init config took 3.41s 
831285     INFO  main            d.u.i.k.p.i.AbstractProblemLoader Replaying proof Counter[LockSpec::fp()].JML accessible clause.0 
831297     DEBUG main            d.u.i.k.p.i.IntermediateProofReplayer Proof replay took 10.31ms 
831298     DEBUG main            d.u.i.k.p.r.p.TestFile    ... success: reloaded. 
831299     INFO  main            d.u.i.k.p.r.p.TestFile    Now processing file /home/runner/work/key/key/key.core/../key.ui/examples/heap/permissions/lockspec/Counter_fpLock_accessible.key 
831299     INFO  main            d.u.i.k.p.i.AbstractProblemLoader Loading environment from /home/runner/work/key/key/key.core/../key.ui/examples/heap/permissions/lockspec/Counter_fpLock_accessible.key 
831299     DEBUG main            d.u.i.k.p.i.AbstractProblemLoader Environment load took 159.6ns 
831300     INFO  main            d.u.i.k.p.i.AbstractProblemLoader Creating init config 
834881     DEBUG main            d.u.i.k.p.i.AbstractProblemLoader Init config took 3.58s 
834932     INFO  main            d.u.i.k.p.i.AbstractProblemLoader Replaying proof Counter[LockSpec::fpLock()].JML accessible clause.0 
834933     DEBUG main            d.u.i.k.p.i.IntermediateProofReplayer Proof replay took 3.2ns 
835034     INFO  main            d.u.i.k.p.r.p.TestFile    ... finished proof: closed. 
835738     INFO  main            d.u.i.k.p.i.AbstractProblemLoader Loading environment from /home/runner/work/key/key/key.core/../key.ui/examples/heap/permissions/lockspec/Counter_fpLock_accessible.key.proof 
835738     DEBUG main            d.u.i.k.p.i.AbstractProblemLoader Environment load took 76.1ns 
835739     INFO  main            d.u.i.k.p.i.AbstractProblemLoader Creating init config 
839215     DEBUG main            d.u.i.k.p.i.AbstractProblemLoader Init config took 3.48s 
839267     INFO  main            d.u.i.k.p.i.AbstractProblemLoader Replaying proof Counter[LockSpec::fpLock()].JML accessible clause.0 
839278     DEBUG main            d.u.i.k.p.i.IntermediateProofReplayer Proof replay took 8.6ms 
839278     DEBUG main            d.u.i.k.p.r.p.TestFile    ... success: reloaded. 
839279     INFO  main            d.u.i.k.p.r.p.TestFile    Now processing file /home/runner/work/key/key/key.core/../key.ui/examples/heap/permissions/lockspec/Counter_fpPerm_accessible.key 
839280     INFO  main            d.u.i.k.p.i.AbstractProblemLoader Loading environment from /home/runner/work/key/key/key.core/../key.ui/examples/heap/permissions/lockspec/Counter_fpPerm_accessible.key 
839280     DEBUG main            d.u.i.k.p.i.AbstractProblemLoader Environment load took 167ns 
839281     INFO  main            d.u.i.k.p.i.AbstractProblemLoader Creating init config 
842741     DEBUG main            d.u.i.k.p.i.AbstractProblemLoader Init config took 3.46s 
842810     INFO  main            d.u.i.k.p.i.AbstractProblemLoader Replaying proof Counter[LockSpec::fpPerm()].JML accessible clause.0 
842811     DEBUG main            d.u.i.k.p.i.IntermediateProofReplayer Proof replay took 3ns 
842920     INFO  main            d.u.i.k.p.r.p.TestFile    ... finished proof: closed. 
843653     INFO  main            d.u.i.k.p.i.AbstractProblemLoader Loading environment from /home/runner/work/key/key/key.core/../key.ui/examples/heap/permissions/lockspec/Counter_fpPerm_accessible.key.proof 
843653     DEBUG main            d.u.i.k.p.i.AbstractProblemLoader Environment load took 84.9ns 
843654     INFO  main            d.u.i.k.p.i.AbstractProblemLoader Creating init config 
847057     DEBUG main            d.u.i.k.p.i.AbstractProblemLoader Init config took 3.4s 
847120     INFO  main            d.u.i.k.p.i.AbstractProblemLoader Replaying proof Counter[LockSpec::fpPerm()].JML accessible clause.0 
847134     DEBUG main            d.u.i.k.p.i.IntermediateProofReplayer Proof replay took 9.85ms 
847135     DEBUG main            d.u.i.k.p.r.p.TestFile    ... success: reloaded. 
847135     INFO  main            d.u.i.k.p.r.p.TestFile    Now processing file /home/runner/work/key/key/key.core/../key.ui/examples/heap/permissions/lockspec/Counter_inv_accessible1.key 
847136     INFO  main            d.u.i.k.p.i.AbstractProblemLoader Loading environment from /home/runner/work/key/key/key.core/../key.ui/examples/heap/permissions/lockspec/Counter_inv_accessible1.key 
847136     DEBUG main            d.u.i.k.p.i.AbstractProblemLoader Environment load took 183.8ns 
847137     INFO  main            d.u.i.k.p.i.AbstractProblemLoader Creating init config 
850850     DEBUG main            d.u.i.k.p.i.AbstractProblemLoader Init config took 3.71s 
850898     INFO  main            d.u.i.k.p.i.AbstractProblemLoader Replaying proof Counter[java.lang.Object::<inv>()].JML accessible clause.0 
850900     DEBUG main            d.u.i.k.p.i.IntermediateProofReplayer Proof replay took 2.8ns 
851001     INFO  main            d.u.i.k.p.r.p.TestFile    ... finished proof: closed. 
851718     INFO  main            d.u.i.k.p.i.AbstractProblemLoader Loading environment from /home/runner/work/key/key/key.core/../key.ui/examples/heap/permissions/lockspec/Counter_inv_accessible1.key.proof 
851718     DEBUG main            d.u.i.k.p.i.AbstractProblemLoader Environment load took 77.3ns 
851719     INFO  main            d.u.i.k.p.i.AbstractProblemLoader Creating init config 
855114     DEBUG main            d.u.i.k.p.i.AbstractProblemLoader Init config took 3.4s 
855170     INFO  main            d.u.i.k.p.i.AbstractProblemLoader Replaying proof Counter[java.lang.Object::<inv>()].JML accessible clause.0 
855185     DEBUG main            d.u.i.k.p.i.IntermediateProofReplayer Proof replay took 12.74ms 
855185     DEBUG main            d.u.i.k.p.r.p.TestFile    ... success: reloaded. 
855186     INFO  main            d.u.i.k.p.r.p.TestFile    Now processing file /home/runner/work/key/key/key.core/../key.ui/examples/heap/permissions/lockspec/Counter_inv_accessible2.key 
855186     INFO  main            d.u.i.k.p.i.AbstractProblemLoader Loading environment from /home/runner/work/key/key/key.core/../key.ui/examples/heap/permissions/lockspec/Counter_inv_accessible2.key 
855186     DEBUG main            d.u.i.k.p.i.AbstractProblemLoader Environment load took 82.1ns 
855187     INFO  main            d.u.i.k.p.i.AbstractProblemLoader Creating init config 
858664     DEBUG main            d.u.i.k.p.i.AbstractProblemLoader Init config took 3.48s 
858716     INFO  main            d.u.i.k.p.i.AbstractProblemLoader Replaying proof Counter[java.lang.Object::<inv>()].JML accessible clause.1 
858718     DEBUG main            d.u.i.k.p.i.IntermediateProofReplayer Proof replay took 3.3ns 
858819     INFO  main            d.u.i.k.p.r.p.TestFile    ... finished proof: closed. 
859557     INFO  main            d.u.i.k.p.i.AbstractProblemLoader Loading environment from /home/runner/work/key/key/key.core/../key.ui/examples/heap/permissions/lockspec/Counter_inv_accessible2.key.proof 
859557     DEBUG main            d.u.i.k.p.i.AbstractProblemLoader Environment load took 88.5ns 
859558     INFO  main            d.u.i.k.p.i.AbstractProblemLoader Creating init config 
863098     DEBUG main            d.u.i.k.p.i.AbstractProblemLoader Init config took 3.54s 
863152     INFO  main            d.u.i.k.p.i.AbstractProblemLoader Replaying proof Counter[java.lang.Object::<inv>()].JML accessible clause.1 
863164     DEBUG main            d.u.i.k.p.i.IntermediateProofReplayer Proof replay took 10.64ms 
863165     DEBUG main            d.u.i.k.p.r.p.TestFile    ... success: reloaded. 
863166     INFO  main            d.u.i.k.p.r.p.TestFile    Now processing file /home/runner/work/key/key/key.core/../key.ui/examples/heap/permissions/lockspec/Counter_lockRef_accessible.key 
863166     INFO  main            d.u.i.k.p.i.AbstractProblemLoader Loading environment from /home/runner/work/key/key/key.core/../key.ui/examples/heap/permissions/lockspec/Counter_lockRef_accessible.key 
863167     DEBUG main            d.u.i.k.p.i.AbstractProblemLoader Environment load took 156.5ns 
863167     INFO  main            d.u.i.k.p.i.AbstractProblemLoader Creating init config 
866608     DEBUG main            d.u.i.k.p.i.AbstractProblemLoader Init config took 3.44s 
866672     INFO  main            d.u.i.k.p.i.AbstractProblemLoader Replaying proof Counter[LockSpec::lockRef()].JML accessible clause.0 
866674     DEBUG main            d.u.i.k.p.i.IntermediateProofReplayer Proof replay took 2.7ns 
866976     INFO  main            d.u.i.k.p.r.p.TestFile    ... finished proof: closed. 
867693     INFO  main            d.u.i.k.p.i.AbstractProblemLoader Loading environment from /home/runner/work/key/key/key.core/../key.ui/examples/heap/permissions/lockspec/Counter_lockRef_accessible.key.proof 
867693     DEBUG main            d.u.i.k.p.i.AbstractProblemLoader Environment load took 74ns 
867694     INFO  main            d.u.i.k.p.i.AbstractProblemLoader Creating init config 
871056     DEBUG main            d.u.i.k.p.i.AbstractProblemLoader Init config took 3.36s 
871127     INFO  main            d.u.i.k.p.i.AbstractProblemLoader Replaying proof Counter[LockSpec::lockRef()].JML accessible clause.0 
871197     DEBUG main            d.u.i.k.p.i.IntermediateProofReplayer Proof replay took 66.49ms 
871197     DEBUG main            d.u.i.k.p.r.p.TestFile    ... success: reloaded. 
871198     INFO  main            d.u.i.k.p.r.p.TestFile    Now processing file /home/runner/work/key/key/key.core/../key.ui/examples/heap/permissions/lockspec/Counter_lockRef_contract1.key 
871199     INFO  main            d.u.i.k.p.i.AbstractProblemLoader Loading environment from /home/runner/work/key/key/key.core/../key.ui/examples/heap/permissions/lockspec/Counter_lockRef_contract1.key 
871199     DEBUG main            d.u.i.k.p.i.AbstractProblemLoader Environment load took 96.1ns 
871200     INFO  main            d.u.i.k.p.i.AbstractProblemLoader Creating init config 
874691     DEBUG main            d.u.i.k.p.i.AbstractProblemLoader Init config took 3.49s 
874741     INFO  main            d.u.i.k.p.i.AbstractProblemLoader Replaying proof Counter[LockSpec::lockRef()].JML model_behavior operation contract.0 
874742     DEBUG main            d.u.i.k.p.i.IntermediateProofReplayer Proof replay took 2.8ns 
874844     INFO  main            d.u.i.k.p.r.p.TestFile    ... finished proof: closed. 
875577     INFO  main            d.u.i.k.p.i.AbstractProblemLoader Loading environment from /home/runner/work/key/key/key.core/../key.ui/examples/heap/permissions/lockspec/Counter_lockRef_contract1.key.proof 
875577     DEBUG main            d.u.i.k.p.i.AbstractProblemLoader Environment load took 75.6ns 
875578     INFO  main            d.u.i.k.p.i.AbstractProblemLoader Creating init config 
879010     DEBUG main            d.u.i.k.p.i.AbstractProblemLoader Init config took 3.43s 
879068     INFO  main            d.u.i.k.p.i.AbstractProblemLoader Replaying proof Counter[LockSpec::lockRef()].JML model_behavior operation contract.0 
879075     DEBUG main            d.u.i.k.p.i.IntermediateProofReplayer Proof replay took 4.96ms 
879075     DEBUG main            d.u.i.k.p.r.p.TestFile    ... success: reloaded. 
879076     INFO  main            d.u.i.k.p.r.p.TestFile    Now processing file /home/runner/work/key/key/key.core/../key.ui/examples/heap/permissions/lockspec/Counter_lockRef_contract2.key 
879077     INFO  main            d.u.i.k.p.i.AbstractProblemLoader Loading environment from /home/runner/work/key/key/key.core/../key.ui/examples/heap/permissions/lockspec/Counter_lockRef_contract2.key 
879077     DEBUG main            d.u.i.k.p.i.AbstractProblemLoader Environment load took 168.3ns 
879078     INFO  main            d.u.i.k.p.i.AbstractProblemLoader Creating init config 
882581     DEBUG main            d.u.i.k.p.i.AbstractProblemLoader Init config took 3.5s 
882637     INFO  main            d.u.i.k.p.i.AbstractProblemLoader Replaying proof Counter[Counter::lockRef()].JML model_behavior operation contract.0 
882639     DEBUG main            d.u.i.k.p.i.IntermediateProofReplayer Proof replay took 3.5ns 
882741     INFO  main            d.u.i.k.p.r.p.TestFile    ... finished proof: closed. 
883483     INFO  main            d.u.i.k.p.i.AbstractProblemLoader Loading environment from /home/runner/work/key/key/key.core/../key.ui/examples/heap/permissions/lockspec/Counter_lockRef_contract2.key.proof 
883483     DEBUG main            d.u.i.k.p.i.AbstractProblemLoader Environment load took 82.7ns 
883484     INFO  main            d.u.i.k.p.i.AbstractProblemLoader Creating init config 
886905     DEBUG main            d.u.i.k.p.i.AbstractProblemLoader Init config took 3.42s 
887033     INFO  main            d.u.i.k.p.i.AbstractProblemLoader Replaying proof Counter[Counter::lockRef()].JML model_behavior operation contract.0 
887048     DEBUG main            d.u.i.k.p.i.IntermediateProofReplayer Proof replay took 4.37ms 
887049     DEBUG main            d.u.i.k.p.r.p.TestFile    ... success: reloaded. 
887059     INFO  main            d.u.i.k.p.r.p.TestFile    Now processing file /home/runner/work/key/key/key.core/../key.ui/examples/heap/permissions/lockspec/Counter_lockState_accessible.key 
887060     INFO  main            d.u.i.k.p.i.AbstractProblemLoader Loading environment from /home/runner/work/key/key/key.core/../key.ui/examples/heap/permissions/lockspec/Counter_lockState_accessible.key 
887060     DEBUG main            d.u.i.k.p.i.AbstractProblemLoader Environment load took 162.5ns 
887061     INFO  main            d.u.i.k.p.i.AbstractProblemLoader Creating init config 
890691     DEBUG main            d.u.i.k.p.i.AbstractProblemLoader Init config took 3.63s 
890740     INFO  main            d.u.i.k.p.i.AbstractProblemLoader Replaying proof Counter[LockSpec::lockState(boolean)].JML accessible clause.0 
890741     DEBUG main            d.u.i.k.p.i.IntermediateProofReplayer Proof replay took 2.7ns 
891043     INFO  main            d.u.i.k.p.r.p.TestFile    ... finished proof: closed. 
891808     INFO  main            d.u.i.k.p.i.AbstractProblemLoader Loading environment from /home/runner/work/key/key/key.core/../key.ui/examples/heap/permissions/lockspec/Counter_lockState_accessible.key.proof 
891808     DEBUG main            d.u.i.k.p.i.AbstractProblemLoader Environment load took 73.6ns 
891809     INFO  main            d.u.i.k.p.i.AbstractProblemLoader Creating init config 
895319     DEBUG main            d.u.i.k.p.i.AbstractProblemLoader Init config took 3.51s 
895376     INFO  main            d.u.i.k.p.i.AbstractProblemLoader Replaying proof Counter[LockSpec::lockState(boolean)].JML accessible clause.0 
895482     DEBUG main            d.u.i.k.p.i.IntermediateProofReplayer Proof replay took 101.52ms 
895483     DEBUG main            d.u.i.k.p.r.p.TestFile    ... success: reloaded. 
895483     INFO  main            d.u.i.k.p.r.p.TestFile    Now processing file /home/runner/work/key/key/key.core/../key.ui/examples/heap/permissions/lockspec/Counter_lockStatus_accessible.key 
895485     INFO  main            d.u.i.k.p.i.AbstractProblemLoader Loading environment from /home/runner/work/key/key/key.core/../key.ui/examples/heap/permissions/lockspec/Counter_lockStatus_accessible.key 
895486     DEBUG main            d.u.i.k.p.i.AbstractProblemLoader Environment load took 92.4ns 
895486     INFO  main            d.u.i.k.p.i.AbstractProblemLoader Creating init config 
898959     DEBUG main            d.u.i.k.p.i.AbstractProblemLoader Init config took 3.47s 
899016     INFO  main            d.u.i.k.p.i.AbstractProblemLoader Replaying proof Counter[LockSpec::lockStatus(boolean)].JML accessible clause.0 
899017     DEBUG main            d.u.i.k.p.i.IntermediateProofReplayer Proof replay took 3.1ns 
899219     INFO  main            d.u.i.k.p.r.p.TestFile    ... finished proof: closed. 
899970     INFO  main            d.u.i.k.p.i.AbstractProblemLoader Loading environment from /home/runner/work/key/key/key.core/../key.ui/examples/heap/permissions/lockspec/Counter_lockStatus_accessible.key.proof 
899970     DEBUG main            d.u.i.k.p.i.AbstractProblemLoader Environment load took 71.4ns 
899971     INFO  main            d.u.i.k.p.i.AbstractProblemLoader Creating init config 
903377     DEBUG main            d.u.i.k.p.i.AbstractProblemLoader Init config took 3.41s 
903440     INFO  main            d.u.i.k.p.i.AbstractProblemLoader Replaying proof Counter[LockSpec::lockStatus(boolean)].JML accessible clause.0 
903466     DEBUG main            d.u.i.k.p.i.IntermediateProofReplayer Proof replay took 23.98ms 
903467     DEBUG main            d.u.i.k.p.r.p.TestFile    ... success: reloaded. 
903468     INFO  main            d.u.i.k.p.r.p.TestFile    Now processing file /home/runner/work/key/key/key.core/../key.ui/examples/heap/permissions/lockspec/Counter_lockTransfer_accessible.key 
903468     INFO  main            d.u.i.k.p.i.AbstractProblemLoader Loading environment from /home/runner/work/key/key/key.core/../key.ui/examples/heap/permissions/lockspec/Counter_lockTransfer_accessible.key 
903468     DEBUG main            d.u.i.k.p.i.AbstractProblemLoader Environment load took 191.9ns 
903469     INFO  main            d.u.i.k.p.i.AbstractProblemLoader Creating init config 
906988     DEBUG main            d.u.i.k.p.i.AbstractProblemLoader Init config took 3.52s 
907071     INFO  main            d.u.i.k.p.i.AbstractProblemLoader Replaying proof Counter[LockSpec::lockTransfer()].JML accessible clause.0 
907073     DEBUG main            d.u.i.k.p.i.IntermediateProofReplayer Proof replay took 2.9ns 
907475     INFO  main            d.u.i.k.p.r.p.TestFile    ... finished proof: closed. 
908224     INFO  main            d.u.i.k.p.i.AbstractProblemLoader Loading environment from /home/runner/work/key/key/key.core/../key.ui/examples/heap/permissions/lockspec/Counter_lockTransfer_accessible.key.proof 
908224     DEBUG main            d.u.i.k.p.i.AbstractProblemLoader Environment load took 77.4ns 
908225     INFO  main            d.u.i.k.p.i.AbstractProblemLoader Creating init config 
911612     DEBUG main            d.u.i.k.p.i.AbstractProblemLoader Init config took 3.39s 
911671     INFO  main            d.u.i.k.p.i.AbstractProblemLoader Replaying proof Counter[LockSpec::lockTransfer()].JML accessible clause.0 
911743     DEBUG main            d.u.i.k.p.i.IntermediateProofReplayer Proof replay took 68.84ms 
911744     DEBUG main            d.u.i.k.p.r.p.TestFile    ... success: reloaded. 
911745     INFO  main            d.u.i.k.p.r.p.TestFile    Now processing file /home/runner/work/key/key/key.core/../key.ui/examples/heap/permissions/lockspec/Counter_unlockTransfer_accessible.key 
911745     INFO  main            d.u.i.k.p.i.AbstractProblemLoader Loading environment from /home/runner/work/key/key/key.core/../key.ui/examples/heap/permissions/lockspec/Counter_unlockTransfer_accessible.key 
911745     DEBUG main            d.u.i.k.p.i.AbstractProblemLoader Environment load took 192.3ns 
911746     INFO  main            d.u.i.k.p.i.AbstractProblemLoader Creating init config 
915270     DEBUG main            d.u.i.k.p.i.AbstractProblemLoader Init config took 3.52s 
915327     INFO  main            d.u.i.k.p.i.AbstractProblemLoader Replaying proof Counter[LockSpec::unlockTransfer()].JML accessible clause.0 
915330     DEBUG main            d.u.i.k.p.i.IntermediateProofReplayer Proof replay took 3.1ns 
915733     INFO  main            d.u.i.k.p.r.p.TestFile    ... finished proof: closed. 
916500     INFO  main            d.u.i.k.p.i.AbstractProblemLoader Loading environment from /home/runner/work/key/key/key.core/../key.ui/examples/heap/permissions/lockspec/Counter_unlockTransfer_accessible.key.proof 
916500     DEBUG main            d.u.i.k.p.i.AbstractProblemLoader Environment load took 69.2ns 
916501     INFO  main            d.u.i.k.p.i.AbstractProblemLoader Creating init config 
919862     DEBUG main            d.u.i.k.p.i.AbstractProblemLoader Init config took 3.36s 
919921     INFO  main            d.u.i.k.p.i.AbstractProblemLoader Replaying proof Counter[LockSpec::unlockTransfer()].JML accessible clause.0 
919991     DEBUG main            d.u.i.k.p.i.IntermediateProofReplayer Proof replay took 67.08ms 
919992     DEBUG main            d.u.i.k.p.r.p.TestFile    ... success: reloaded. 
919993     INFO  main            d.u.i.k.p.r.p.TestFile    Now processing file /home/runner/work/key/key/key.core/../key.ui/examples/heap/permissions/threads/Plotter_startTransfer_contract.proof 
919993     INFO  main            d.u.i.k.p.i.AbstractProblemLoader Loading environment from /home/runner/work/key/key/key.core/../key.ui/examples/heap/permissions/threads/Plotter_startTransfer_contract.proof 
919993     DEBUG main            d.u.i.k.p.i.AbstractProblemLoader Environment load took 84.8ns 
919994     INFO  main            d.u.i.k.p.i.AbstractProblemLoader Creating init config 
925251     DEBUG main            d.u.i.k.p.i.AbstractProblemLoader Init config took 5.26s 
925329     INFO  main            d.u.i.k.p.i.AbstractProblemLoader Replaying proof Plotter[ThreadSpec2::startTransfer()].JML model_behavior operation contract.0 
925444     DEBUG main            d.u.i.k.p.i.IntermediateProofReplayer Proof replay took 108.19ms 
925445     INFO  main            d.u.i.k.p.r.p.TestFile    ... success: loaded 
925446     INFO  main            d.u.i.k.p.r.p.TestFile    Now processing file /home/runner/work/key/key/key.core/../key.ui/examples/heap/permissions/threads/Plotter_startTransfer_accessible.proof 
925446     INFO  main            d.u.i.k.p.i.AbstractProblemLoader Loading environment from /home/runner/work/key/key/key.core/../key.ui/examples/heap/permissions/threads/Plotter_startTransfer_accessible.proof 
925446     DEBUG main            d.u.i.k.p.i.AbstractProblemLoader Environment load took 84.5ns 
925447     INFO  main            d.u.i.k.p.i.AbstractProblemLoader Creating init config 
930766     DEBUG main            d.u.i.k.p.i.AbstractProblemLoader Init config took 5.32s 
930844     INFO  main            d.u.i.k.p.i.AbstractProblemLoader Replaying proof Plotter[ThreadSpec2::startTransfer()].JML accessible clause.0 
930946     DEBUG main            d.u.i.k.p.i.IntermediateProofReplayer Proof replay took 98.95ms 
930947     INFO  main            d.u.i.k.p.r.p.TestFile    ... success: loaded 
930948     INFO  main            d.u.i.k.p.r.p.TestFile    Now processing file /home/runner/work/key/key/key.core/../key.ui/examples/heap/permissions/threads/Plotter_joinTransfer_accessible.proof 
930948     INFO  main            d.u.i.k.p.i.AbstractProblemLoader Loading environment from /home/runner/work/key/key/key.core/../key.ui/examples/heap/permissions/threads/Plotter_joinTransfer_accessible.proof 
930949     DEBUG main            d.u.i.k.p.i.AbstractProblemLoader Environment load took 162.2ns 
930950     INFO  main            d.u.i.k.p.i.AbstractProblemLoader Creating init config 
936231     DEBUG main            d.u.i.k.p.i.AbstractProblemLoader Init config took 5.28s 
936321     INFO  main            d.u.i.k.p.i.AbstractProblemLoader Replaying proof Plotter[ThreadSpec2::joinTransfer()].JML accessible clause.0 
936331     WARN  main            d.u.i.k.p.i.IntermediateProofReplayer Proof contains wrong number of \assumes instatiations for Definition_axiom_for_stateInv_in_Plotter 
936334     WARN  main            d.u.i.k.p.i.IntermediateProofReplayer Proof contains wrong number of \assumes instatiations for Definition_axiom_for_stateInv_in_Plotter 
936337     WARN  main            d.u.i.k.p.i.IntermediateProofReplayer Proof contains wrong number of \assumes instatiations for Definition_axiom_for_workingPermissions_in_Plotter 
936338     WARN  main            d.u.i.k.p.i.IntermediateProofReplayer Proof contains wrong number of \assumes instatiations for Definition_axiom_for_staticPermissions_in_Plotter 
936338     WARN  main            d.u.i.k.p.i.IntermediateProofReplayer Proof contains wrong number of \assumes instatiations for Definition_axiom_for_joinTransfer_in_Plotter 
936341     WARN  main            d.u.i.k.p.i.IntermediateProofReplayer Proof contains wrong number of \assumes instatiations for Definition_axiom_for_stateInv_in_BFilter 
936347     WARN  main            d.u.i.k.p.i.IntermediateProofReplayer Proof contains wrong number of \assumes instatiations for Definition_axiom_for_stateInv_in_AFilter 
936349     WARN  main            d.u.i.k.p.i.IntermediateProofReplayer Proof contains wrong number of \assumes instatiations for Definition_axiom_for_stateInv_in_BFilter 
936352     WARN  main            d.u.i.k.p.i.IntermediateProofReplayer Proof contains wrong number of \assumes instatiations for Definition_axiom_for_stateInv_in_AFilter 
936354     WARN  main            d.u.i.k.p.i.IntermediateProofReplayer Proof contains wrong number of \assumes instatiations for Definition_axiom_for_staticPermissions_in_AFilter 
936355     WARN  main            d.u.i.k.p.i.IntermediateProofReplayer Proof contains wrong number of \assumes instatiations for Definition_axiom_for_staticPermissions_in_Plotter 
936356     WARN  main            d.u.i.k.p.i.IntermediateProofReplayer Proof contains wrong number of \assumes instatiations for Definition_axiom_for_staticPermissions_in_BFilter 
936357     WARN  main            d.u.i.k.p.i.IntermediateProofReplayer Proof contains wrong number of \assumes instatiations for Definition_axiom_for_workingPermissions_in_Plotter 
936358     WARN  main            d.u.i.k.p.i.IntermediateProofReplayer Proof contains wrong number of \assumes instatiations for Definition_axiom_for_stateInv_in_Sampler 
936359     WARN  main            d.u.i.k.p.i.IntermediateProofReplayer Proof contains wrong number of \assumes instatiations for Definition_axiom_for_stateInv_in_Sampler 
936361     WARN  main            d.u.i.k.p.i.IntermediateProofReplayer Proof contains wrong number of \assumes instatiations for Definition_axiom_for_staticPermissions_in_Sampler 
936362     WARN  main            d.u.i.k.p.i.IntermediateProofReplayer Proof contains wrong number of \assumes instatiations for Definition_axiom_for_staticPermissions_in_BFilter 
936363     WARN  main            d.u.i.k.p.i.IntermediateProofReplayer Proof contains wrong number of \assumes instatiations for Definition_axiom_for_staticPermissions_in_AFilter 
936364     WARN  main            d.u.i.k.p.i.IntermediateProofReplayer Proof contains wrong number of \assumes instatiations for Definition_axiom_for_staticPermissions_in_Sampler 
936364     WARN  main            d.u.i.k.p.i.IntermediateProofReplayer Proof contains wrong number of \assumes instatiations for Definition_axiom_for_staticPermissions_in_Sampler 
936365     WARN  main            d.u.i.k.p.i.IntermediateProofReplayer Proof contains wrong number of \assumes instatiations for Definition_axiom_for_staticPermissions_in_Sampler 
936366     WARN  main            d.u.i.k.p.i.IntermediateProofReplayer Proof contains wrong number of \assumes instatiations for Definition_axiom_for_joinTransfer_in_Plotter 
936492     DEBUG main            d.u.i.k.p.i.IntermediateProofReplayer Proof replay took 166.55ms 
936493     INFO  main            d.u.i.k.p.r.p.TestFile    ... success: loaded 
5564307    INFO  Test worker     d.u.i.k.p.r.p.StatisticsFile Returning from test permissionHeap 
5564312    INFO  Test worker     d.u.i.k.p.r.p.StatisticsFile Running test completionScopes 
440        INFO  Timeout watchdog d.u.i.k.p.r.p.ForkedTestFileRunner Timeout watcher launched (2000 secs.) 
457        WARN  main            d.u.i.k.s.ProofSettings   The settings in /home/runner/.key/proof-settings.props are *not* read. 
514        INFO  main            d.u.i.k.p.r.p.TestFile    Now processing file /home/runner/work/key/key/key.core/../key.ui/examples/completionscopes/testCcatchReturnVal.key 
657        INFO  main            d.u.i.k.p.i.AbstractProblemLoader Loading environment from /home/runner/work/key/key/key.core/../key.ui/examples/completionscopes/testCcatchReturnVal.key 
676        DEBUG main            d.u.i.k.p.i.AbstractProblemLoader Environment load took 2.3ms 
940        INFO  main            d.u.i.k.p.i.AbstractProblemLoader Creating init config 
2175       DEBUG main            d.u.i.k.j.TypeConverter   No LDT found for Meta 
2175       DEBUG main            d.u.i.k.j.TypeConverter   No LDT found for Meta 
2179       DEBUG main            d.u.i.k.j.TypeConverter   No LDT found for Meta 
2179       DEBUG main            d.u.i.k.j.TypeConverter   No LDT found for Meta 
3642       DEBUG main            d.u.i.k.j.TypeConverter   No LDT found for JavaBigintExpression 
9499       DEBUG main            d.u.i.k.p.i.AbstractProblemLoader Init config took 8.56s 
9692       INFO  main            d.u.i.k.p.i.AbstractProblemLoader Replaying proof CompletionScopes[CompletionScopes::testCcatchReturnVal()].JML normal_behavior operation contract.0 
9736       DEBUG main            d.u.i.k.p.i.IntermediateProofReplayer Proof replay took 41.6ns 
10315      INFO  main            d.u.i.k.p.r.p.TestFile    ... finished proof: closed. 
10441      INFO  main            d.u.i.k.p.i.AbstractProblemLoader Loading environment from /home/runner/work/key/key/key.core/../key.ui/examples/completionscopes/testCcatchReturnVal.key.proof 
10443      DEBUG main            d.u.i.k.p.i.AbstractProblemLoader Environment load took 2.26ms 
10446      INFO  main            d.u.i.k.p.i.AbstractProblemLoader Creating init config 
13575      DEBUG main            d.u.i.k.p.i.AbstractProblemLoader Init config took 3.13s 
13677      INFO  main            d.u.i.k.p.i.AbstractProblemLoader Replaying proof CompletionScopes[CompletionScopes::testCcatchReturnVal()].JML normal_behavior operation contract.0 
13757      DEBUG main            d.u.i.k.p.i.IntermediateProofReplayer Proof replay took 71.1ms 
13766      DEBUG main            d.u.i.k.p.r.p.TestFile    ... success: reloaded. 
13768      INFO  main            d.u.i.k.p.r.p.TestFile    Now processing file /home/runner/work/key/key/key.core/../key.ui/examples/completionscopes/testMultCcatchClauses.key 
13768      INFO  main            d.u.i.k.p.i.AbstractProblemLoader Loading environment from /home/runner/work/key/key/key.core/../key.ui/examples/completionscopes/testMultCcatchClauses.key 
13769      DEBUG main            d.u.i.k.p.i.AbstractProblemLoader Environment load took 236.1ns 
13770      INFO  main            d.u.i.k.p.i.AbstractProblemLoader Creating init config 
16731      DEBUG main            d.u.i.k.p.i.AbstractProblemLoader Init config took 2.96s 
16819      INFO  main            d.u.i.k.p.i.AbstractProblemLoader Replaying proof CompletionScopes[CompletionScopes::testMultCcatchClauses()].JML normal_behavior operation contract.0 
16823      DEBUG main            d.u.i.k.p.i.IntermediateProofReplayer Proof replay took 6.1ns 
17328      INFO  main            d.u.i.k.p.r.p.TestFile    ... finished proof: closed. 
17484      INFO  main            d.u.i.k.p.i.AbstractProblemLoader Loading environment from /home/runner/work/key/key/key.core/../key.ui/examples/completionscopes/testMultCcatchClauses.key.proof 
17485      DEBUG main            d.u.i.k.p.i.AbstractProblemLoader Environment load took 401.1ns 
17487      INFO  main            d.u.i.k.p.i.AbstractProblemLoader Creating init config 
20498      DEBUG main            d.u.i.k.p.i.AbstractProblemLoader Init config took 3.01s 
20558      INFO  main            d.u.i.k.p.i.AbstractProblemLoader Replaying proof CompletionScopes[CompletionScopes::testMultCcatchClauses()].JML normal_behavior operation contract.0 
20676      DEBUG main            d.u.i.k.p.i.IntermediateProofReplayer Proof replay took 113.82ms 
20677      DEBUG main            d.u.i.k.p.r.p.TestFile    ... success: reloaded. 
20679      INFO  main            d.u.i.k.p.r.p.TestFile    Now processing file /home/runner/work/key/key/key.core/../key.ui/examples/completionscopes/testNestedExec.key 
20679      INFO  main            d.u.i.k.p.i.AbstractProblemLoader Loading environment from /home/runner/work/key/key/key.core/../key.ui/examples/completionscopes/testNestedExec.key 
20679      DEBUG main            d.u.i.k.p.i.AbstractProblemLoader Environment load took 213.8ns 
20681      INFO  main            d.u.i.k.p.i.AbstractProblemLoader Creating init config 
23581      DEBUG main            d.u.i.k.p.i.AbstractProblemLoader Init config took 2.9s 
23660      INFO  main            d.u.i.k.p.i.AbstractProblemLoader Replaying proof CompletionScopes[CompletionScopes::testMultCcatchClauses()].JML normal_behavior operation contract.0 
23662      DEBUG main            d.u.i.k.p.i.IntermediateProofReplayer Proof replay took 6.4ns 
23965      INFO  main            d.u.i.k.p.r.p.TestFile    ... finished proof: closed. 
24144      INFO  main            d.u.i.k.p.i.AbstractProblemLoader Loading environment from /home/runner/work/key/key/key.core/../key.ui/examples/completionscopes/testNestedExec.key.proof 
24147      DEBUG main            d.u.i.k.p.i.AbstractProblemLoader Environment load took 3.16ms 
24148      INFO  main            d.u.i.k.p.i.AbstractProblemLoader Creating init config 
27020      DEBUG main            d.u.i.k.p.i.AbstractProblemLoader Init config took 2.87s 
27070      INFO  main            d.u.i.k.p.i.AbstractProblemLoader Replaying proof CompletionScopes[CompletionScopes::testMultCcatchClauses()].JML normal_behavior operation contract.0 
27156      DEBUG main            d.u.i.k.p.i.IntermediateProofReplayer Proof replay took 83.32ms 
27157      DEBUG main            d.u.i.k.p.r.p.TestFile    ... success: reloaded. 
27159      INFO  main            d.u.i.k.p.r.p.TestFile    Now processing file /home/runner/work/key/key/key.core/../key.ui/examples/completionscopes/testCcatchBreakLabel.key 
27159      INFO  main            d.u.i.k.p.i.AbstractProblemLoader Loading environment from /home/runner/work/key/key/key.core/../key.ui/examples/completionscopes/testCcatchBreakLabel.key 
27160      DEBUG main            d.u.i.k.p.i.AbstractProblemLoader Environment load took 236.8ns 
27161      INFO  main            d.u.i.k.p.i.AbstractProblemLoader Creating init config 
29972      DEBUG main            d.u.i.k.p.i.AbstractProblemLoader Init config took 2.81s 
30026      INFO  main            d.u.i.k.p.i.AbstractProblemLoader Replaying proof CompletionScopes[CompletionScopes::testBreakLabel()].JML normal_behavior operation contract.0 
30028      DEBUG main            d.u.i.k.p.i.IntermediateProofReplayer Proof replay took 6.4ns 
30057      DEBUG Thread-10       d.u.i.k.l.o.ProgramSV     Match failed: Former match of  SchemaVariable incompatible with  the current match. 
30135      INFO  main            d.u.i.k.p.r.p.TestFile    ... finished proof: closed. 
30304      INFO  main            d.u.i.k.p.i.AbstractProblemLoader Loading environment from /home/runner/work/key/key/key.core/../key.ui/examples/completionscopes/testCcatchBreakLabel.key.proof 
30304      DEBUG main            d.u.i.k.p.i.AbstractProblemLoader Environment load took 150.9ns 
30305      INFO  main            d.u.i.k.p.i.AbstractProblemLoader Creating init config 
33088      DEBUG main            d.u.i.k.p.i.AbstractProblemLoader Init config took 2.78s 
33147      INFO  main            d.u.i.k.p.i.AbstractProblemLoader Replaying proof CompletionScopes[CompletionScopes::testBreakLabel()].JML normal_behavior operation contract.0 
33160      DEBUG main            d.u.i.k.p.i.IntermediateProofReplayer Proof replay took 10.42ms 
33161      DEBUG main            d.u.i.k.p.r.p.TestFile    ... success: reloaded. 
33162      INFO  main            d.u.i.k.p.r.p.TestFile    Now processing file /home/runner/work/key/key/key.core/../key.ui/examples/completionscopes/testCcatchContinueLabel.key 
33162      INFO  main            d.u.i.k.p.i.AbstractProblemLoader Loading environment from /home/runner/work/key/key/key.core/../key.ui/examples/completionscopes/testCcatchContinueLabel.key 
33163      DEBUG main            d.u.i.k.p.i.AbstractProblemLoader Environment load took 189.2ns 
33164      INFO  main            d.u.i.k.p.i.AbstractProblemLoader Creating init config 
35980      DEBUG main            d.u.i.k.p.i.AbstractProblemLoader Init config took 2.82s 
36026      INFO  main            d.u.i.k.p.i.AbstractProblemLoader Replaying proof CompletionScopes[CompletionScopes::testContinueLabel()].JML normal_behavior operation contract.0 
36028      DEBUG main            d.u.i.k.p.i.IntermediateProofReplayer Proof replay took 5.5ns 
36046      DEBUG Thread-13       d.u.i.k.l.o.ProgramSV     Match failed: Former match of  SchemaVariable incompatible with  the current match. 
36130      INFO  main            d.u.i.k.p.r.p.TestFile    ... finished proof: closed. 
36340      INFO  main            d.u.i.k.p.i.AbstractProblemLoader Loading environment from /home/runner/work/key/key/key.core/../key.ui/examples/completionscopes/testCcatchContinueLabel.key.proof 
36341      DEBUG main            d.u.i.k.p.i.AbstractProblemLoader Environment load took 172.5ns 
36342      INFO  main            d.u.i.k.p.i.AbstractProblemLoader Creating init config 
39092      DEBUG main            d.u.i.k.p.i.AbstractProblemLoader Init config took 2.75s 
39140      INFO  main            d.u.i.k.p.i.AbstractProblemLoader Replaying proof CompletionScopes[CompletionScopes::testContinueLabel()].JML normal_behavior operation contract.0 
39155      DEBUG main            d.u.i.k.p.i.IntermediateProofReplayer Proof replay took 12.83ms 
39156      DEBUG main            d.u.i.k.p.r.p.TestFile    ... success: reloaded. 
39158      INFO  main            d.u.i.k.p.r.p.TestFile    Now processing file /home/runner/work/key/key/key.core/../key.ui/examples/completionscopes/testCcatchBreakLabelWildcard.key 
39158      INFO  main            d.u.i.k.p.i.AbstractProblemLoader Loading environment from /home/runner/work/key/key/key.core/../key.ui/examples/completionscopes/testCcatchBreakLabelWildcard.key 
39159      DEBUG main            d.u.i.k.p.i.AbstractProblemLoader Environment load took 953.5ns 
39160      INFO  main            d.u.i.k.p.i.AbstractProblemLoader Creating init config 
42004      DEBUG main            d.u.i.k.p.i.AbstractProblemLoader Init config took 2.84s 
42068      INFO  main            d.u.i.k.p.i.AbstractProblemLoader Replaying proof CompletionScopes[CompletionScopes::testBreakLabelWildcard()].JML normal_behavior operation contract.0 
42073      DEBUG main            d.u.i.k.p.i.IntermediateProofReplayer Proof replay took 6.6ns 
42102      DEBUG Thread-16       d.u.i.k.l.o.ProgramSV     Match failed: Former match of  SchemaVariable incompatible with  the current match. 
42105      DEBUG Thread-16       d.u.i.k.l.o.ProgramSV     Match failed: Former match of  SchemaVariable incompatible with  the current match. 
42183      INFO  main            d.u.i.k.p.r.p.TestFile    ... finished proof: closed. 
42437      INFO  main            d.u.i.k.p.i.AbstractProblemLoader Loading environment from /home/runner/work/key/key/key.core/../key.ui/examples/completionscopes/testCcatchBreakLabelWildcard.key.proof 
42437      DEBUG main            d.u.i.k.p.i.AbstractProblemLoader Environment load took 143.6ns 
42438      INFO  main            d.u.i.k.p.i.AbstractProblemLoader Creating init config 
45178      DEBUG main            d.u.i.k.p.i.AbstractProblemLoader Init config took 2.74s 
45223      INFO  main            d.u.i.k.p.i.AbstractProblemLoader Replaying proof CompletionScopes[CompletionScopes::testBreakLabelWildcard()].JML normal_behavior operation contract.0 
45233      DEBUG main            d.u.i.k.p.i.IntermediateProofReplayer Proof replay took 8.62ms 
45234      DEBUG main            d.u.i.k.p.r.p.TestFile    ... success: reloaded. 
45235      INFO  main            d.u.i.k.p.r.p.TestFile    Now processing file /home/runner/work/key/key/key.core/../key.ui/examples/completionscopes/testCcatchContinueLabelWildcard.key 
45236      INFO  main            d.u.i.k.p.i.AbstractProblemLoader Loading environment from /home/runner/work/key/key/key.core/../key.ui/examples/completionscopes/testCcatchContinueLabelWildcard.key 
45236      DEBUG main            d.u.i.k.p.i.AbstractProblemLoader Environment load took 122.3ns 
45237      INFO  main            d.u.i.k.p.i.AbstractProblemLoader Creating init config 
48013      DEBUG main            d.u.i.k.p.i.AbstractProblemLoader Init config took 2.78s 
48056      INFO  main            d.u.i.k.p.i.AbstractProblemLoader Replaying proof CompletionScopes[CompletionScopes::testContinueLabelWildcard()].JML normal_behavior operation contract.0 
48058      DEBUG main            d.u.i.k.p.i.IntermediateProofReplayer Proof replay took 6.2ns 
48079      DEBUG Thread-19       d.u.i.k.l.o.ProgramSV     Match failed: Former match of  SchemaVariable incompatible with  the current match. 
48080      DEBUG Thread-19       d.u.i.k.l.o.ProgramSV     Match failed: Former match of  SchemaVariable incompatible with  the current match. 
48163      INFO  main            d.u.i.k.p.r.p.TestFile    ... finished proof: closed. 
48359      INFO  main            d.u.i.k.p.i.AbstractProblemLoader Loading environment from /home/runner/work/key/key/key.core/../key.ui/examples/completionscopes/testCcatchContinueLabelWildcard.key.proof 
48360      DEBUG main            d.u.i.k.p.i.AbstractProblemLoader Environment load took 140ns 
48361      INFO  main            d.u.i.k.p.i.AbstractProblemLoader Creating init config 
50993      DEBUG main            d.u.i.k.p.i.AbstractProblemLoader Init config took 2.63s 
51056      INFO  main            d.u.i.k.p.i.AbstractProblemLoader Replaying proof CompletionScopes[CompletionScopes::testContinueLabelWildcard()].JML normal_behavior operation contract.0 
51069      DEBUG main            d.u.i.k.p.i.IntermediateProofReplayer Proof replay took 10.28ms 
51071      DEBUG main            d.u.i.k.p.r.p.TestFile    ... success: reloaded. 
51072      INFO  main            d.u.i.k.p.r.p.TestFile    Now processing file /home/runner/work/key/key/key.core/../key.ui/examples/completionscopes/testCcatchBreakLabelNonmatchingNested.key 
51072      INFO  main            d.u.i.k.p.i.AbstractProblemLoader Loading environment from /home/runner/work/key/key/key.core/../key.ui/examples/completionscopes/testCcatchBreakLabelNonmatchingNested.key 
51072      DEBUG main            d.u.i.k.p.i.AbstractProblemLoader Environment load took 206.2ns 
51074      INFO  main            d.u.i.k.p.i.AbstractProblemLoader Creating init config 
53766      DEBUG main            d.u.i.k.p.i.AbstractProblemLoader Init config took 2.69s 
53813      INFO  main            d.u.i.k.p.i.AbstractProblemLoader Replaying proof CompletionScopes[CompletionScopes::testBreakLabelNonmatchingNested()].JML normal_behavior operation contract.0 
53817      DEBUG main            d.u.i.k.p.i.IntermediateProofReplayer Proof replay took 6.5ns 
53837      DEBUG Thread-22       d.u.i.k.l.o.ProgramSV     Match failed: Former match of  SchemaVariable incompatible with  the current match. 
53838      DEBUG Thread-22       d.u.i.k.l.o.ProgramSV     Match failed: Former match of  SchemaVariable incompatible with  the current match. 
53919      INFO  main            d.u.i.k.p.r.p.TestFile    ... finished proof: closed. 
54159      INFO  main            d.u.i.k.p.i.AbstractProblemLoader Loading environment from /home/runner/work/key/key/key.core/../key.ui/examples/completionscopes/testCcatchBreakLabelNonmatchingNested.key.proof 
54159      DEBUG main            d.u.i.k.p.i.AbstractProblemLoader Environment load took 144.1ns 
54160      INFO  main            d.u.i.k.p.i.AbstractProblemLoader Creating init config 
56858      DEBUG main            d.u.i.k.p.i.AbstractProblemLoader Init config took 2.7s 
56899      INFO  main            d.u.i.k.p.i.AbstractProblemLoader Replaying proof CompletionScopes[CompletionScopes::testBreakLabelNonmatchingNested()].JML normal_behavior operation contract.0 
56911      DEBUG main            d.u.i.k.p.i.IntermediateProofReplayer Proof replay took 10.06ms 
56912      DEBUG main            d.u.i.k.p.r.p.TestFile    ... success: reloaded. 
5621422    INFO  Test worker     d.u.i.k.p.r.p.StatisticsFile Returning from test completionScopes 
5621424    INFO  Test worker     d.u.i.k.p.r.p.StatisticsFile Running test reload_examples 
393        INFO  Timeout watchdog d.u.i.k.p.r.p.ForkedTestFileRunner Timeout watcher launched (2000 secs.) 
417        WARN  main            d.u.i.k.s.ProofSettings   The settings in /home/runner/.key/proof-settings.props are *not* read. 
471        INFO  main            d.u.i.k.p.r.p.TestFile    Now processing file /home/runner/work/key/key/key.core/../key.ui/examples/firstTouch/05-ReverseArray/reverseArray.key 
617        INFO  main            d.u.i.k.p.i.AbstractProblemLoader Loading environment from /home/runner/work/key/key/key.core/../key.ui/examples/firstTouch/05-ReverseArray/reverseArray.key 
642        DEBUG main            d.u.i.k.p.i.AbstractProblemLoader Environment load took 2.1ms 
900        INFO  main            d.u.i.k.p.i.AbstractProblemLoader Creating init config 
2044       DEBUG main            d.u.i.k.j.TypeConverter   No LDT found for Meta 
2045       DEBUG main            d.u.i.k.j.TypeConverter   No LDT found for Meta 
2048       DEBUG main            d.u.i.k.j.TypeConverter   No LDT found for Meta 
2048       DEBUG main            d.u.i.k.j.TypeConverter   No LDT found for Meta 
3543       DEBUG main            d.u.i.k.j.TypeConverter   No LDT found for JavaBigintExpression 
9227       DEBUG main            d.u.i.k.p.i.AbstractProblemLoader Init config took 8.33s 
9349       INFO  main            d.u.i.k.p.i.AbstractProblemLoader Replaying proof ReverseArray[ReverseArray::reverse()].JML normal_behavior operation contract.0 
9408       DEBUG main            d.u.i.k.p.i.IntermediateProofReplayer Proof replay took 32.2ns 
20828      INFO  main            d.u.i.k.p.r.p.TestFile    ... finished proof: closed. 
21063      INFO  main            d.u.i.k.p.i.AbstractProblemLoader Loading environment from /home/runner/work/key/key/key.core/../key.ui/examples/firstTouch/05-ReverseArray/reverseArray.key.proof 
21063      DEBUG main            d.u.i.k.p.i.AbstractProblemLoader Environment load took 490.8ns 
21074      INFO  main            d.u.i.k.p.i.AbstractProblemLoader Creating init config 
24205      DEBUG main            d.u.i.k.p.i.AbstractProblemLoader Init config took 3.13s 
24291      INFO  main            d.u.i.k.p.i.AbstractProblemLoader Replaying proof ReverseArray[ReverseArray::reverse()].JML normal_behavior operation contract.0 
25895      DEBUG main            d.u.i.k.p.i.IntermediateProofReplayer Proof replay took 1.55s 
25906      DEBUG main            d.u.i.k.p.r.p.TestFile    ... success: reloaded. 
25914      INFO  main            d.u.i.k.p.r.p.TestFile    Now processing file /home/runner/work/key/key/key.core/../key.ui/examples/standard_key/arith/saveProofTest.key.proof 
25914      INFO  main            d.u.i.k.p.i.AbstractProblemLoader Loading environment from /home/runner/work/key/key/key.core/../key.ui/examples/standard_key/arith/saveProofTest.key.proof 
25914      DEBUG main            d.u.i.k.p.i.AbstractProblemLoader Environment load took 207.6ns 
25918      INFO  main            d.u.i.k.p.i.AbstractProblemLoader Creating init config 
28748      DEBUG main            d.u.i.k.p.i.AbstractProblemLoader Init config took 2.83s 
28778      INFO  main            d.u.i.k.p.i.AbstractProblemLoader Replaying proof saveProofTest.key.proof 
28787      DEBUG main            d.u.i.k.p.i.IntermediateProofReplayer Proof replay took 4.26ms 
28787      INFO  main            d.u.i.k.p.r.p.TestFile    ... success: loaded 
28789      INFO  main            d.u.i.k.p.r.p.TestFile    Now processing file /home/runner/work/key/key/key.core/../key.ui/examples/heap/permutedSum/perm.proof 
28789      INFO  main            d.u.i.k.p.i.AbstractProblemLoader Loading environment from /home/runner/work/key/key/key.core/../key.ui/examples/heap/permutedSum/perm.proof 
28790      DEBUG main            d.u.i.k.p.i.AbstractProblemLoader Environment load took 286.6ns 
28792      INFO  main            d.u.i.k.p.i.AbstractProblemLoader Creating init config 
31777      DEBUG main            d.u.i.k.p.i.AbstractProblemLoader Init config took 2.98s 
31848      INFO  main            d.u.i.k.p.i.AbstractProblemLoader Replaying proof Perm[Perm::foo()].JML normal_behavior operation contract.0 
33303      DEBUG main            d.u.i.k.p.i.IntermediateProofReplayer Proof replay took 1.41s 
33305      INFO  main            d.u.i.k.p.r.p.TestFile    ... success: loaded 
33306      INFO  main            d.u.i.k.p.r.p.TestFile    Now processing file /home/runner/work/key/key/key.core/../key.ui/examples/firstTouch/05-ReverseArray/reverseArray.proof 
33307      INFO  main            d.u.i.k.p.i.AbstractProblemLoader Loading environment from /home/runner/work/key/key/key.core/../key.ui/examples/firstTouch/05-ReverseArray/reverseArray.proof 
33307      DEBUG main            d.u.i.k.p.i.AbstractProblemLoader Environment load took 210.4ns 
33310      INFO  main            d.u.i.k.p.i.AbstractProblemLoader Creating init config 
36097      DEBUG main            d.u.i.k.p.i.AbstractProblemLoader Init config took 2.79s 
36139      INFO  main            d.u.i.k.p.i.AbstractProblemLoader Replaying proof ReverseArray[ReverseArray::reverse()].JML normal_behavior operation contract.0 
37453      DEBUG main            d.u.i.k.p.i.IntermediateProofReplayer Proof replay took 1.28s 
37457      INFO  main            d.u.i.k.p.r.p.TestFile    ... success: loaded 
37458      INFO  main            d.u.i.k.p.r.p.TestFile    Now processing file /home/runner/work/key/key/key.core/../key.ui/examples/heap/verifyThis15_1_RelaxedPrefix/relax.proof 
37458      INFO  main            d.u.i.k.p.i.AbstractProblemLoader Loading environment from /home/runner/work/key/key/key.core/../key.ui/examples/heap/verifyThis15_1_RelaxedPrefix/relax.proof 
37459      DEBUG main            d.u.i.k.p.i.AbstractProblemLoader Environment load took 204.4ns 
37461      INFO  main            d.u.i.k.p.i.AbstractProblemLoader Creating init config 
40360      DEBUG main            d.u.i.k.p.i.AbstractProblemLoader Init config took 2.9s 
40412      INFO  main            d.u.i.k.p.i.AbstractProblemLoader Replaying proof Relaxed[Relaxed::isRelaxedPrefix([I,[I)].JML operation contract.0 
41034      DEBUG main            d.u.i.k.p.i.IntermediateProofReplayer Proof replay took 604.95ms 
41036      INFO  main            d.u.i.k.p.r.p.TestFile    ... success: loaded 
41037      INFO  main            d.u.i.k.p.r.p.TestFile    Now processing file /home/runner/work/key/key/key.core/../key.ui/examples/heap/verifyThis15_3_DLL/doUndo.proof 
41038      INFO  main            d.u.i.k.p.i.AbstractProblemLoader Loading environment from /home/runner/work/key/key/key.core/../key.ui/examples/heap/verifyThis15_3_DLL/doUndo.proof 
41038      DEBUG main            d.u.i.k.p.i.AbstractProblemLoader Environment load took 192ns 
41040      INFO  main            d.u.i.k.p.i.AbstractProblemLoader Creating init config 
42107      DEBUG main            d.u.i.k.j.r.ClassPreparationMethodBuilder clPrepBuilder: Inner Class detected. Reject building class initialisation methods. 
44141      DEBUG main            d.u.i.k.p.i.AbstractProblemLoader Init config took 3.1s 
44222      INFO  main            d.u.i.k.p.i.AbstractProblemLoader Replaying proof DoubleLinkedList[DoubleLinkedList::doUndo(DoubleLinkedList.Node,int)].JML normal_behavior operation contract.0 
45155      DEBUG main            d.u.i.k.p.i.IntermediateProofReplayer Proof replay took 904.61ms 
45157      INFO  main            d.u.i.k.p.r.p.TestFile    ... success: loaded 
45159      INFO  main            d.u.i.k.p.r.p.TestFile    Now processing file /home/runner/work/key/key/key.core/../key.ui/examples/heap/verifyThis15_2_ParallelGcd/parallelGcd.proof 
45159      INFO  main            d.u.i.k.p.i.AbstractProblemLoader Loading environment from /home/runner/work/key/key/key.core/../key.ui/examples/heap/verifyThis15_2_ParallelGcd/parallelGcd.proof 
45159      DEBUG main            d.u.i.k.p.i.AbstractProblemLoader Environment load took 203.5ns 
45161      INFO  main            d.u.i.k.p.i.AbstractProblemLoader Creating init config 
48056      DEBUG main            d.u.i.k.p.i.AbstractProblemLoader Init config took 2.9s 
48110      INFO  main            d.u.i.k.p.i.AbstractProblemLoader Replaying proof ParallelGcd[ParallelGcd::parallelGcd(int,int,[Z)].JML behavior operation contract.0 
48800      DEBUG main            d.u.i.k.p.i.IntermediateProofReplayer Proof replay took 677.42ms 
48801      INFO  main            d.u.i.k.p.r.p.TestFile    ... success: loaded 
5670414    INFO  Test worker     d.u.i.k.p.r.p.StatisticsFile Returning from test reload_examples 
5670416    INFO  Test worker     d.u.i.k.p.r.p.StatisticsFile Running test proofLoadRepair 
398        INFO  Timeout watchdog d.u.i.k.p.r.p.ForkedTestFileRunner Timeout watcher launched (2000 secs.) 
423        WARN  main            d.u.i.k.s.ProofSettings   The settings in /home/runner/.key/proof-settings.props are *not* read. 
481        INFO  main            d.u.i.k.p.r.p.TestFile    Now processing file /home/runner/work/key/key/key.core/../key.ui/examples/proofLoadRepair/disjConj-manipulated.proof 
611        INFO  main            d.u.i.k.p.i.AbstractProblemLoader Loading environment from /home/runner/work/key/key/key.core/../key.ui/examples/proofLoadRepair/disjConj-manipulated.proof 
629        DEBUG main            d.u.i.k.p.i.AbstractProblemLoader Environment load took 1.81ms 
925        INFO  main            d.u.i.k.p.i.AbstractProblemLoader Creating init config 
1997       DEBUG main            d.u.i.k.j.TypeConverter   No LDT found for Meta 
1998       DEBUG main            d.u.i.k.j.TypeConverter   No LDT found for Meta 
1999       DEBUG main            d.u.i.k.j.TypeConverter   No LDT found for Meta 
1999       DEBUG main            d.u.i.k.j.TypeConverter   No LDT found for Meta 
3823       DEBUG main            d.u.i.k.j.TypeConverter   No LDT found for JavaBigintExpression 
9085       DEBUG main            d.u.i.k.p.i.AbstractProblemLoader Init config took 8.16s 
9186       INFO  main            d.u.i.k.p.i.AbstractProblemLoader Replaying proof disjConj-manipulated.proof 
9247       WARN  main            d.u.i.k.p.i.IntermediateProofReplayer Proof contains wrong number of \assumes instatiations for andLeft 
9249       WARN  main            d.u.i.k.p.i.IntermediateProofReplayer Proof contains wrong number of \assumes instatiations for replace_known_right 
9254       WARN  main            d.u.i.k.p.i.IntermediateProofReplayer Proof contains wrong number of \assumes instatiations for close 
9257       DEBUG main            d.u.i.k.p.i.IntermediateProofReplayer Proof replay took 21.59ms 
9263       INFO  main            d.u.i.k.p.r.p.TestFile    ... success: loaded 
9271       INFO  main            d.u.i.k.p.r.p.TestFile    Now processing file /home/runner/work/key/key/key.core/../key.ui/examples/proofLoadRepair/insufficient-manipulated.proof 
9272       INFO  main            d.u.i.k.p.i.AbstractProblemLoader Loading environment from /home/runner/work/key/key/key.core/../key.ui/examples/proofLoadRepair/insufficient-manipulated.proof 
9272       DEBUG main            d.u.i.k.p.i.AbstractProblemLoader Environment load took 255.4ns 
9278       INFO  main            d.u.i.k.p.i.AbstractProblemLoader Creating init config 
12330      DEBUG main            d.u.i.k.p.i.AbstractProblemLoader Init config took 3.05s 
12368      INFO  main            d.u.i.k.p.i.AbstractProblemLoader Replaying proof insufficient-manipulated.proof 
12387      WARN  main            d.u.i.k.p.i.IntermediateProofReplayer Proof contains wrong number of \assumes instatiations for applyEq 
12398      DEBUG main            d.u.i.k.p.i.IntermediateProofReplayer Proof replay took 14.51ms 
12401      INFO  main            d.u.i.k.p.r.p.TestFile    ... success: loading failed 
12402      INFO  main            d.u.i.k.p.r.p.TestFile    Now processing file /home/runner/work/key/key/key.core/../key.ui/examples/../../key.core/src/test/resources/testcase/issues/1716/incorrectPolarity.proof 
12403      INFO  main            d.u.i.k.p.i.AbstractProblemLoader Loading environment from /home/runner/work/key/key/key.core/../key.ui/examples/../../key.core/src/test/resources/testcase/issues/1716/incorrectPolarity.proof 
12403      DEBUG main            d.u.i.k.p.i.AbstractProblemLoader Environment load took 252ns 
12405      INFO  main            d.u.i.k.p.i.AbstractProblemLoader Creating init config 
15452      DEBUG main            d.u.i.k.p.i.AbstractProblemLoader Init config took 3.05s 
15482      INFO  main            d.u.i.k.p.i.AbstractProblemLoader Replaying proof incorrectPolarity.proof 
15487      DEBUG main            d.u.i.k.p.i.IntermediateProofReplayer Proof replay took 203.8ns 
15491      INFO  main            d.u.i.k.p.r.p.TestFile    ... success: loading failed 
15493      INFO  main            d.u.i.k.p.r.p.TestFile    Now processing file /home/runner/work/key/key/key.core/../key.ui/examples/../../key.core/src/test/resources/testcase/issues/1716/incorrectPolarity2.proof 
15494      INFO  main            d.u.i.k.p.i.AbstractProblemLoader Loading environment from /home/runner/work/key/key/key.core/../key.ui/examples/../../key.core/src/test/resources/testcase/issues/1716/incorrectPolarity2.proof 
15494      DEBUG main            d.u.i.k.p.i.AbstractProblemLoader Environment load took 865.2ns 
15497      INFO  main            d.u.i.k.p.i.AbstractProblemLoader Creating init config 
18296      DEBUG main            d.u.i.k.p.i.AbstractProblemLoader Init config took 2.8s 
18319      INFO  main            d.u.i.k.p.i.AbstractProblemLoader Replaying proof incorrectPolarity2.proof 
18322      DEBUG main            d.u.i.k.p.i.IntermediateProofReplayer Proof replay took 403.6ns 
18322      INFO  main            d.u.i.k.p.r.p.TestFile    ... success: loading failed 
18323      INFO  main            d.u.i.k.p.r.p.TestFile    Now processing file /home/runner/work/key/key/key.core/../key.ui/examples/../../key.core/src/test/resources/testcase/issues/1716/incorrectPolarity3.proof 
18324      INFO  main            d.u.i.k.p.i.AbstractProblemLoader Loading environment from /home/runner/work/key/key/key.core/../key.ui/examples/../../key.core/src/test/resources/testcase/issues/1716/incorrectPolarity3.proof 
18324      DEBUG main            d.u.i.k.p.i.AbstractProblemLoader Environment load took 201.3ns 
18325      INFO  main            d.u.i.k.p.i.AbstractProblemLoader Creating init config 
21113      DEBUG main            d.u.i.k.p.i.AbstractProblemLoader Init config took 2.79s 
21135      INFO  main            d.u.i.k.p.i.AbstractProblemLoader Replaying proof incorrectPolarity3.proof 
21139      DEBUG main            d.u.i.k.p.i.IntermediateProofReplayer Proof replay took 1.88ms 
21140      INFO  main            d.u.i.k.p.r.p.TestFile    ... success: loading failed 
5691782    INFO  Test worker     d.u.i.k.p.r.p.StatisticsFile Returning from test proofLoadRepair 
5691783    INFO  Test worker     d.u.i.k.p.r.p.StatisticsFile Running test switch 
403        INFO  Timeout watchdog d.u.i.k.p.r.p.ForkedTestFileRunner Timeout watcher launched (2000 secs.) 
406        WARN  main            d.u.i.k.s.ProofSettings   The settings in /home/runner/.key/proof-settings.props are *not* read. 
439        INFO  main            d.u.i.k.p.r.p.TestFile    Now processing file /home/runner/work/key/key/key.core/../key.ui/examples/standard_key/java_dl/switch/labeled_case.key 
584        INFO  main            d.u.i.k.p.i.AbstractProblemLoader Loading environment from /home/runner/work/key/key/key.core/../key.ui/examples/standard_key/java_dl/switch/labeled_case.key 
607        DEBUG main            d.u.i.k.p.i.AbstractProblemLoader Environment load took 2.24ms 
859        INFO  main            d.u.i.k.p.i.AbstractProblemLoader Creating init config 
1822       DEBUG main            d.u.i.k.j.TypeConverter   No LDT found for Meta 
1823       DEBUG main            d.u.i.k.j.TypeConverter   No LDT found for Meta 
1824       DEBUG main            d.u.i.k.j.TypeConverter   No LDT found for Meta 
1824       DEBUG main            d.u.i.k.j.TypeConverter   No LDT found for Meta 
3427       DEBUG main            d.u.i.k.j.TypeConverter   No LDT found for JavaBigintExpression 
9113       DEBUG main            d.u.i.k.p.i.AbstractProblemLoader Init config took 8.25s 
9322       INFO  main            d.u.i.k.p.i.AbstractProblemLoader Replaying proof LabeledCase[LabeledCase::m(int)].JML normal_behavior operation contract.0 
9369       DEBUG main            d.u.i.k.p.i.IntermediateProofReplayer Proof replay took 35.7ns 
10111      INFO  main            d.u.i.k.p.r.p.TestFile    ... finished proof: closed. 
10233      INFO  main            d.u.i.k.p.i.AbstractProblemLoader Loading environment from /home/runner/work/key/key/key.core/../key.ui/examples/standard_key/java_dl/switch/labeled_case.key.proof 
10234      DEBUG main            d.u.i.k.p.i.AbstractProblemLoader Environment load took 159.2ns 
10236      INFO  main            d.u.i.k.p.i.AbstractProblemLoader Creating init config 
13206      DEBUG main            d.u.i.k.p.i.AbstractProblemLoader Init config took 2.97s 
13284      INFO  main            d.u.i.k.p.i.AbstractProblemLoader Replaying proof LabeledCase[LabeledCase::m(int)].JML normal_behavior operation contract.0 
13388      DEBUG main            d.u.i.k.p.i.IntermediateProofReplayer Proof replay took 92.01ms 
13401      DEBUG main            d.u.i.k.p.r.p.TestFile    ... success: reloaded. 
13405      INFO  main            d.u.i.k.p.r.p.TestFile    Now processing file /home/runner/work/key/key/key.core/../key.ui/examples/standard_key/java_dl/switch/empty_switch.key 
13408      INFO  main            d.u.i.k.p.i.AbstractProblemLoader Loading environment from /home/runner/work/key/key/key.core/../key.ui/examples/standard_key/java_dl/switch/empty_switch.key 
13408      DEBUG main            d.u.i.k.p.i.AbstractProblemLoader Environment load took 101ns 
13410      INFO  main            d.u.i.k.p.i.AbstractProblemLoader Creating init config 
16320      DEBUG main            d.u.i.k.p.i.AbstractProblemLoader Init config took 2.91s 
16350      INFO  main            d.u.i.k.p.i.AbstractProblemLoader Replaying proof empty_switch.key 
16353      DEBUG main            d.u.i.k.p.i.IntermediateProofReplayer Proof replay took 8.4ns 
16456      INFO  main            d.u.i.k.p.r.p.TestFile    ... finished proof: closed. 
16596      INFO  main            d.u.i.k.p.i.AbstractProblemLoader Loading environment from /home/runner/work/key/key/key.core/../key.ui/examples/standard_key/java_dl/switch/empty_switch.key.proof 
16597      DEBUG main            d.u.i.k.p.i.AbstractProblemLoader Environment load took 158.1ns 
16601      INFO  main            d.u.i.k.p.i.AbstractProblemLoader Creating init config 
19310      DEBUG main            d.u.i.k.p.i.AbstractProblemLoader Init config took 2.71s 
19347      INFO  main            d.u.i.k.p.i.AbstractProblemLoader Replaying proof empty_switch.key.proof 
19359      DEBUG main            d.u.i.k.p.i.IntermediateProofReplayer Proof replay took 5.41ms 
19361      DEBUG main            d.u.i.k.p.r.p.TestFile    ... success: reloaded. 
19362      INFO  main            d.u.i.k.p.r.p.TestFile    Now processing file /home/runner/work/key/key/key.core/../key.ui/examples/standard_key/java_dl/switch/empty_switch_null.key 
19363      INFO  main            d.u.i.k.p.i.AbstractProblemLoader Loading environment from /home/runner/work/key/key/key.core/../key.ui/examples/standard_key/java_dl/switch/empty_switch_null.key 
19363      DEBUG main            d.u.i.k.p.i.AbstractProblemLoader Environment load took 196.8ns 
19365      INFO  main            d.u.i.k.p.i.AbstractProblemLoader Creating init config 
22082      DEBUG main            d.u.i.k.p.i.AbstractProblemLoader Init config took 2.72s 
22107      INFO  main            d.u.i.k.p.i.AbstractProblemLoader Replaying proof empty_switch_null.key 
22110      DEBUG main            d.u.i.k.p.i.IntermediateProofReplayer Proof replay took 7.1ns 
22313      INFO  main            d.u.i.k.p.r.p.TestFile    ... finished proof: closed. 
22464      INFO  main            d.u.i.k.p.i.AbstractProblemLoader Loading environment from /home/runner/work/key/key/key.core/../key.ui/examples/standard_key/java_dl/switch/empty_switch_null.key.proof 
22465      DEBUG main            d.u.i.k.p.i.AbstractProblemLoader Environment load took 1.08ms 
22468      INFO  main            d.u.i.k.p.i.AbstractProblemLoader Creating init config 
25147      DEBUG main            d.u.i.k.p.i.AbstractProblemLoader Init config took 2.68s 
25170      INFO  main            d.u.i.k.p.i.AbstractProblemLoader Replaying proof empty_switch_null.key.proof 
25209      DEBUG main            d.u.i.k.p.i.IntermediateProofReplayer Proof replay took 36.26ms 
25210      DEBUG main            d.u.i.k.p.r.p.TestFile    ... success: reloaded. 
25211      INFO  main            d.u.i.k.p.r.p.TestFile    Now processing file /home/runner/work/key/key/key.core/../key.ui/examples/standard_key/java_dl/switch/empty_switch_null_catch.key 
25212      INFO  main            d.u.i.k.p.i.AbstractProblemLoader Loading environment from /home/runner/work/key/key/key.core/../key.ui/examples/standard_key/java_dl/switch/empty_switch_null_catch.key 
25212      DEBUG main            d.u.i.k.p.i.AbstractProblemLoader Environment load took 204.6ns 
25213      INFO  main            d.u.i.k.p.i.AbstractProblemLoader Creating init config 
27868      DEBUG main            d.u.i.k.p.i.AbstractProblemLoader Init config took 2.65s 
27904      INFO  main            d.u.i.k.p.i.AbstractProblemLoader Replaying proof empty_switch_null_catch.key 
27907      DEBUG main            d.u.i.k.p.i.IntermediateProofReplayer Proof replay took 6.7ns 
28110      INFO  main            d.u.i.k.p.r.p.TestFile    ... finished proof: closed. 
28272      INFO  main            d.u.i.k.p.i.AbstractProblemLoader Loading environment from /home/runner/work/key/key/key.core/../key.ui/examples/standard_key/java_dl/switch/empty_switch_null_catch.key.proof 
28275      DEBUG main            d.u.i.k.p.i.AbstractProblemLoader Environment load took 2.74ms 
28277      INFO  main            d.u.i.k.p.i.AbstractProblemLoader Creating init config 
30901      DEBUG main            d.u.i.k.p.i.AbstractProblemLoader Init config took 2.62s 
30923      INFO  main            d.u.i.k.p.i.AbstractProblemLoader Replaying proof empty_switch_null_catch.key.proof 
30978      DEBUG main            d.u.i.k.p.i.IntermediateProofReplayer Proof replay took 52.64ms 
30980      DEBUG main            d.u.i.k.p.r.p.TestFile    ... success: reloaded. 
30982      INFO  main            d.u.i.k.p.r.p.TestFile    Now processing file /home/runner/work/key/key/key.core/../key.ui/examples/standard_key/java_dl/switch/empty_switch_array_out_of_bounds.key 
30982      INFO  main            d.u.i.k.p.i.AbstractProblemLoader Loading environment from /home/runner/work/key/key/key.core/../key.ui/examples/standard_key/java_dl/switch/empty_switch_array_out_of_bounds.key 
30983      DEBUG main            d.u.i.k.p.i.AbstractProblemLoader Environment load took 122.4ns 
30984      INFO  main            d.u.i.k.p.i.AbstractProblemLoader Creating init config 
33590      DEBUG main            d.u.i.k.p.i.AbstractProblemLoader Init config took 2.61s 
33618      INFO  main            d.u.i.k.p.i.AbstractProblemLoader Replaying proof empty_switch_array_out_of_bounds.key 
33623      DEBUG main            d.u.i.k.p.i.IntermediateProofReplayer Proof replay took 7.8ns 
33926      INFO  main            d.u.i.k.p.r.p.TestFile    ... finished proof: closed. 
34112      INFO  main            d.u.i.k.p.i.AbstractProblemLoader Loading environment from /home/runner/work/key/key/key.core/../key.ui/examples/standard_key/java_dl/switch/empty_switch_array_out_of_bounds.key.proof 
34113      DEBUG main            d.u.i.k.p.i.AbstractProblemLoader Environment load took 440.8ns 
34114      INFO  main            d.u.i.k.p.i.AbstractProblemLoader Creating init config 
36814      DEBUG main            d.u.i.k.p.i.AbstractProblemLoader Init config took 2.7s 
36834      INFO  main            d.u.i.k.p.i.AbstractProblemLoader Replaying proof empty_switch_array_out_of_bounds.key.proof 
36921      DEBUG main            d.u.i.k.p.i.IntermediateProofReplayer Proof replay took 83.76ms 
36923      DEBUG main            d.u.i.k.p.r.p.TestFile    ... success: reloaded. 
36924      INFO  main            d.u.i.k.p.r.p.TestFile    Now processing file /home/runner/work/key/key/key.core/../key.ui/examples/standard_key/java_dl/switch/empty_switch_array_out_of_bounds_catch.key 
36925      INFO  main            d.u.i.k.p.i.AbstractProblemLoader Loading environment from /home/runner/work/key/key/key.core/../key.ui/examples/standard_key/java_dl/switch/empty_switch_array_out_of_bounds_catch.key 
36925      DEBUG main            d.u.i.k.p.i.AbstractProblemLoader Environment load took 249.5ns 
36926      INFO  main            d.u.i.k.p.i.AbstractProblemLoader Creating init config 
39573      DEBUG main            d.u.i.k.p.i.AbstractProblemLoader Init config took 2.65s 
39594      INFO  main            d.u.i.k.p.i.AbstractProblemLoader Replaying proof empty_switch_array_out_of_bounds_catch.key 
39597      DEBUG main            d.u.i.k.p.i.IntermediateProofReplayer Proof replay took 7ns 
39801      INFO  main            d.u.i.k.p.r.p.TestFile    ... finished proof: closed. 
39980      INFO  main            d.u.i.k.p.i.AbstractProblemLoader Loading environment from /home/runner/work/key/key/key.core/../key.ui/examples/standard_key/java_dl/switch/empty_switch_array_out_of_bounds_catch.key.proof 
39981      DEBUG main            d.u.i.k.p.i.AbstractProblemLoader Environment load took 396.1ns 
39982      INFO  main            d.u.i.k.p.i.AbstractProblemLoader Creating init config 
42540      DEBUG main            d.u.i.k.p.i.AbstractProblemLoader Init config took 2.56s 
42562      INFO  main            d.u.i.k.p.i.AbstractProblemLoader Replaying proof empty_switch_array_out_of_bounds_catch.key.proof 
42609      DEBUG main            d.u.i.k.p.i.IntermediateProofReplayer Proof replay took 44.62ms 
42610      DEBUG main            d.u.i.k.p.r.p.TestFile    ... success: reloaded. 
42611      INFO  main            d.u.i.k.p.r.p.TestFile    Now processing file /home/runner/work/key/key/key.core/../key.ui/examples/standard_key/java_dl/switch/switch_in_switch.key 
42612      INFO  main            d.u.i.k.p.i.AbstractProblemLoader Loading environment from /home/runner/work/key/key/key.core/../key.ui/examples/standard_key/java_dl/switch/switch_in_switch.key 
42612      DEBUG main            d.u.i.k.p.i.AbstractProblemLoader Environment load took 192.6ns 
42613      INFO  main            d.u.i.k.p.i.AbstractProblemLoader Creating init config 
45315      DEBUG main            d.u.i.k.p.i.AbstractProblemLoader Init config took 2.7s 
45363      INFO  main            d.u.i.k.p.i.AbstractProblemLoader Replaying proof SwitchInSwitch[SwitchInSwitch::m(int)].JML normal_behavior operation contract.0 
45365      DEBUG main            d.u.i.k.p.i.IntermediateProofReplayer Proof replay took 6.4ns 
50831      INFO  main            d.u.i.k.p.r.p.TestFile    ... finished proof: closed. 
51128      INFO  main            d.u.i.k.p.i.AbstractProblemLoader Loading environment from /home/runner/work/key/key/key.core/../key.ui/examples/standard_key/java_dl/switch/switch_in_switch.key.proof 
51129      DEBUG main            d.u.i.k.p.i.AbstractProblemLoader Environment load took 689.8ns 
51133      INFO  main            d.u.i.k.p.i.AbstractProblemLoader Creating init config 
53752      DEBUG main            d.u.i.k.p.i.AbstractProblemLoader Init config took 2.62s 
53804      INFO  main            d.u.i.k.p.i.AbstractProblemLoader Replaying proof SwitchInSwitch[SwitchInSwitch::m(int)].JML normal_behavior operation contract.0 
54516      DEBUG main            d.u.i.k.p.i.IntermediateProofReplayer Proof replay took 683.04ms 
54518      DEBUG main            d.u.i.k.p.r.p.TestFile    ... success: reloaded. 
54519      INFO  main            d.u.i.k.p.r.p.TestFile    Now processing file /home/runner/work/key/key/key.core/../key.ui/examples/standard_key/java_dl/switch/while_and_switch.key 
54520      INFO  main            d.u.i.k.p.i.AbstractProblemLoader Loading environment from /home/runner/work/key/key/key.core/../key.ui/examples/standard_key/java_dl/switch/while_and_switch.key 
54520      DEBUG main            d.u.i.k.p.i.AbstractProblemLoader Environment load took 206.3ns 
54521      INFO  main            d.u.i.k.p.i.AbstractProblemLoader Creating init config 
57198      DEBUG main            d.u.i.k.p.i.AbstractProblemLoader Init config took 2.68s 
57252      INFO  main            d.u.i.k.p.i.AbstractProblemLoader Replaying proof WhileAndSwitch[WhileAndSwitch::m(int)].JML normal_behavior operation contract.0 
57254      DEBUG main            d.u.i.k.p.i.IntermediateProofReplayer Proof replay took 18.7ns 
58063      INFO  main            d.u.i.k.p.r.p.TestFile    ... finished proof: closed. 
58262      INFO  main            d.u.i.k.p.i.AbstractProblemLoader Loading environment from /home/runner/work/key/key/key.core/../key.ui/examples/standard_key/java_dl/switch/while_and_switch.key.proof 
58263      DEBUG main            d.u.i.k.p.i.AbstractProblemLoader Environment load took 667ns 
58264      INFO  main            d.u.i.k.p.i.AbstractProblemLoader Creating init config 
60908      DEBUG main            d.u.i.k.p.i.AbstractProblemLoader Init config took 2.64s 
60953      INFO  main            d.u.i.k.p.i.AbstractProblemLoader Replaying proof WhileAndSwitch[WhileAndSwitch::m(int)].JML normal_behavior operation contract.0 
61148      DEBUG main            d.u.i.k.p.i.IntermediateProofReplayer Proof replay took 189.33ms 
61150      DEBUG main            d.u.i.k.p.r.p.TestFile    ... success: reloaded. 
61152      INFO  main            d.u.i.k.p.r.p.TestFile    Now processing file /home/runner/work/key/key/key.core/../key.ui/examples/standard_key/java_dl/switch/large_switch.key 
61152      INFO  main            d.u.i.k.p.i.AbstractProblemLoader Loading environment from /home/runner/work/key/key/key.core/../key.ui/examples/standard_key/java_dl/switch/large_switch.key 
61152      DEBUG main            d.u.i.k.p.i.AbstractProblemLoader Environment load took 221.2ns 
61153      INFO  main            d.u.i.k.p.i.AbstractProblemLoader Creating init config 
63831      DEBUG main            d.u.i.k.p.i.AbstractProblemLoader Init config took 2.68s 
63875      INFO  main            d.u.i.k.p.i.AbstractProblemLoader Replaying proof LargeSwitch[LargeSwitch::m(int)].JML normal_behavior operation contract.0 
63876      DEBUG main            d.u.i.k.p.i.IntermediateProofReplayer Proof replay took 6.8ns 
65405      INFO  main            d.u.i.k.p.r.p.TestFile    ... finished proof: closed. 
65643      INFO  main            d.u.i.k.p.i.AbstractProblemLoader Loading environment from /home/runner/work/key/key/key.core/../key.ui/examples/standard_key/java_dl/switch/large_switch.key.proof 
65646      DEBUG main            d.u.i.k.p.i.AbstractProblemLoader Environment load took 2.8ms 
65648      INFO  main            d.u.i.k.p.i.AbstractProblemLoader Creating init config 
68293      DEBUG main            d.u.i.k.p.i.AbstractProblemLoader Init config took 2.65s 
68337      INFO  main            d.u.i.k.p.i.AbstractProblemLoader Replaying proof LargeSwitch[LargeSwitch::m(int)].JML normal_behavior operation contract.0 
68777      DEBUG main            d.u.i.k.p.i.IntermediateProofReplayer Proof replay took 423.79ms 
68779      DEBUG main            d.u.i.k.p.r.p.TestFile    ... success: reloaded. 
5760768    INFO  Test worker     d.u.i.k.p.r.p.StatisticsFile Returning from test switch 
5760769    INFO  Test worker     d.u.i.k.p.r.p.StatisticsFile Running test redux 
385        INFO  Timeout watchdog d.u.i.k.p.r.p.ForkedTestFileRunner Timeout watcher launched (2000 secs.) 
399        WARN  main            d.u.i.k.s.ProofSettings   The settings in /home/runner/.key/proof-settings.props are *not* read. 
429        INFO  main            d.u.i.k.p.r.p.TestFile    Now processing file /home/runner/work/key/key/key.core/../key.ui/examples/redux/arrays/Arrays.copyOf.key 
553        INFO  main            d.u.i.k.p.i.AbstractProblemLoader Loading environment from /home/runner/work/key/key/key.core/../key.ui/examples/redux/arrays/Arrays.copyOf.key 
572        DEBUG main            d.u.i.k.p.i.AbstractProblemLoader Environment load took 1.89ms 
843        INFO  main            d.u.i.k.p.i.AbstractProblemLoader Creating init config 
1843       DEBUG main            d.u.i.k.j.TypeConverter   No LDT found for Meta 
1844       DEBUG main            d.u.i.k.j.TypeConverter   No LDT found for Meta 
1846       DEBUG main            d.u.i.k.j.TypeConverter   No LDT found for Meta 
1846       DEBUG main            d.u.i.k.j.TypeConverter   No LDT found for Meta 
3659       DEBUG main            d.u.i.k.j.TypeConverter   No LDT found for JavaBigintExpression 
10193      DEBUG main            d.u.i.k.p.i.AbstractProblemLoader Init config took 9.35s 
10341      INFO  main            d.u.i.k.p.i.AbstractProblemLoader Replaying proof Arrays[Arrays::copyOf([I,int)].JML normal_behavior operation contract.0 
10422      DEBUG main            d.u.i.k.p.i.IntermediateProofReplayer Proof replay took 42.3ns 
16850      INFO  main            d.u.i.k.p.r.p.TestFile    ... finished proof: closed. 
17041      INFO  main            d.u.i.k.p.i.AbstractProblemLoader Loading environment from /home/runner/work/key/key/key.core/../key.ui/examples/redux/arrays/Arrays.copyOf.key.proof 
17046      DEBUG main            d.u.i.k.p.i.AbstractProblemLoader Environment load took 5.12ms 
17049      INFO  main            d.u.i.k.p.i.AbstractProblemLoader Creating init config 
20943      DEBUG main            d.u.i.k.p.i.AbstractProblemLoader Init config took 3.89s 
21033      INFO  main            d.u.i.k.p.i.AbstractProblemLoader Replaying proof Arrays[Arrays::copyOf([I,int)].JML normal_behavior operation contract.0 
21736      DEBUG main            d.u.i.k.p.i.IntermediateProofReplayer Proof replay took 681.31ms 
21746      DEBUG main            d.u.i.k.p.r.p.TestFile    ... success: reloaded. 
21748      INFO  main            d.u.i.k.p.r.p.TestFile    Now processing file /home/runner/work/key/key/key.core/../key.ui/examples/redux/arrays/Arrays.copyOf.float.key 
21748      INFO  main            d.u.i.k.p.i.AbstractProblemLoader Loading environment from /home/runner/work/key/key/key.core/../key.ui/examples/redux/arrays/Arrays.copyOf.float.key 
21748      DEBUG main            d.u.i.k.p.i.AbstractProblemLoader Environment load took 258ns 
21750      INFO  main            d.u.i.k.p.i.AbstractProblemLoader Creating init config 
25371      DEBUG main            d.u.i.k.p.i.AbstractProblemLoader Init config took 3.62s 
25429      INFO  main            d.u.i.k.p.i.AbstractProblemLoader Replaying proof Arrays[Arrays::copyOf([F,int)].JML normal_behavior operation contract.0 
25432      DEBUG main            d.u.i.k.p.i.IntermediateProofReplayer Proof replay took 6.3ns 
25464      DEBUG main            d.u.i.k.m.s.ProofScriptEngine 1: 'macro autopilot' 
30707      DEBUG main            d.u.i.k.m.s.ProofScriptEngine 2: 'smt solver=Z3' 
30789      INFO  main            d.u.i.k.m.s.SMTCommand    Finished run on goal 17 in 49ms, result is valid 
30789      DEBUG main            d.u.i.k.m.s.ProofScriptEngine 3: 'tryclose' 
32830      INFO  main            d.u.i.k.p.r.p.TestFile    ... finished proof: closed. 
33081      INFO  main            d.u.i.k.p.i.AbstractProblemLoader Loading environment from /home/runner/work/key/key/key.core/../key.ui/examples/redux/arrays/Arrays.copyOf.float.key.proof 
33082      DEBUG main            d.u.i.k.p.i.AbstractProblemLoader Environment load took 470.7ns 
33085      INFO  main            d.u.i.k.p.i.AbstractProblemLoader Creating init config 
36506      DEBUG main            d.u.i.k.p.i.AbstractProblemLoader Init config took 3.42s 
36579      INFO  main            d.u.i.k.p.i.AbstractProblemLoader Replaying proof Arrays[Arrays::copyOf([F,int)].JML normal_behavior operation contract.0 
36683      INFO  main            d.u.i.k.s.SMTFocusResults Analyzing unsat core: (L_6) 
37650      DEBUG main            d.u.i.k.p.i.IntermediateProofReplayer Proof replay took 1.04s 
37654      DEBUG main            d.u.i.k.p.r.p.TestFile    ... success: reloaded. 
37656      INFO  main            d.u.i.k.p.r.p.TestFile    Now processing file /home/runner/work/key/key/key.core/../key.ui/examples/redux/arrays/Arrays.copyOfRange.key 
37657      INFO  main            d.u.i.k.p.i.AbstractProblemLoader Loading environment from /home/runner/work/key/key/key.core/../key.ui/examples/redux/arrays/Arrays.copyOfRange.key 
37657      DEBUG main            d.u.i.k.p.i.AbstractProblemLoader Environment load took 219.2ns 
37660      INFO  main            d.u.i.k.p.i.AbstractProblemLoader Creating init config 
41158      DEBUG main            d.u.i.k.p.i.AbstractProblemLoader Init config took 3.5s 
41210      INFO  main            d.u.i.k.p.i.AbstractProblemLoader Replaying proof Arrays[Arrays::copyOfRange([I,int,int)].JML normal_behavior operation contract.0 
41212      DEBUG main            d.u.i.k.p.i.IntermediateProofReplayer Proof replay took 31.1ns 
46561      INFO  main            d.u.i.k.p.r.p.TestFile    ... finished proof: closed. 
46815      INFO  main            d.u.i.k.p.i.AbstractProblemLoader Loading environment from /home/runner/work/key/key/key.core/../key.ui/examples/redux/arrays/Arrays.copyOfRange.key.proof 
46815      DEBUG main            d.u.i.k.p.i.AbstractProblemLoader Environment load took 406.2ns 
46817      INFO  main            d.u.i.k.p.i.AbstractProblemLoader Creating init config 
50227      DEBUG main            d.u.i.k.p.i.AbstractProblemLoader Init config took 3.41s 
50300      INFO  main            d.u.i.k.p.i.AbstractProblemLoader Replaying proof Arrays[Arrays::copyOfRange([I,int,int)].JML normal_behavior operation contract.0 
50904      DEBUG main            d.u.i.k.p.i.IntermediateProofReplayer Proof replay took 582.34ms 
50906      DEBUG main            d.u.i.k.p.r.p.TestFile    ... success: reloaded. 
50907      INFO  main            d.u.i.k.p.r.p.TestFile    Now processing file /home/runner/work/key/key/key.core/../key.ui/examples/redux/arrays/Arrays.copyOfRange.float.key 
50907      INFO  main            d.u.i.k.p.i.AbstractProblemLoader Loading environment from /home/runner/work/key/key/key.core/../key.ui/examples/redux/arrays/Arrays.copyOfRange.float.key 
50907      DEBUG main            d.u.i.k.p.i.AbstractProblemLoader Environment load took 204.9ns 
50908      INFO  main            d.u.i.k.p.i.AbstractProblemLoader Creating init config 
54340      DEBUG main            d.u.i.k.p.i.AbstractProblemLoader Init config took 3.43s 
54386      INFO  main            d.u.i.k.p.i.AbstractProblemLoader Replaying proof Arrays[Arrays::copyOfRange([F,int,int)].JML normal_behavior operation contract.0 
54388      DEBUG main            d.u.i.k.p.i.IntermediateProofReplayer Proof replay took 5.5ns 
54388      DEBUG main            d.u.i.k.m.s.ProofScriptEngine 1: 'macro autopilot' 
61052      DEBUG main            d.u.i.k.m.s.ProofScriptEngine 2: 'smt solver=Z3' 
61097      INFO  main            d.u.i.k.m.s.SMTCommand    Finished run on goal 27 in 39ms, result is valid 
61097      DEBUG main            d.u.i.k.m.s.ProofScriptEngine 3: 'tryclose' 
65099      INFO  main            d.u.i.k.p.r.p.TestFile    ... finished proof: closed. 
65353      INFO  main            d.u.i.k.p.i.AbstractProblemLoader Loading environment from /home/runner/work/key/key/key.core/../key.ui/examples/redux/arrays/Arrays.copyOfRange.float.key.proof 
65353      DEBUG main            d.u.i.k.p.i.AbstractProblemLoader Environment load took 206.1ns 
65355      INFO  main            d.u.i.k.p.i.AbstractProblemLoader Creating init config 
68714      DEBUG main            d.u.i.k.p.i.AbstractProblemLoader Init config took 3.36s 
68777      INFO  main            d.u.i.k.p.i.AbstractProblemLoader Replaying proof Arrays[Arrays::copyOfRange([F,int,int)].JML normal_behavior operation contract.0 
68877      INFO  main            d.u.i.k.s.SMTFocusResults Analyzing unsat core: (L_8) 
69968      DEBUG main            d.u.i.k.p.i.IntermediateProofReplayer Proof replay took 1.17s 
69970      DEBUG main            d.u.i.k.p.r.p.TestFile    ... success: reloaded. 
69971      INFO  main            d.u.i.k.p.r.p.TestFile    Now processing file /home/runner/work/key/key/key.core/../key.ui/examples/redux/arrays/Arrays.equals.key 
69971      INFO  main            d.u.i.k.p.i.AbstractProblemLoader Loading environment from /home/runner/work/key/key/key.core/../key.ui/examples/redux/arrays/Arrays.equals.key 
69971      DEBUG main            d.u.i.k.p.i.AbstractProblemLoader Environment load took 109.4ns 
69972      INFO  main            d.u.i.k.p.i.AbstractProblemLoader Creating init config 
73453      DEBUG main            d.u.i.k.p.i.AbstractProblemLoader Init config took 3.48s 
73501      INFO  main            d.u.i.k.p.i.AbstractProblemLoader Replaying proof Arrays[Arrays::equals([B,[B)].JML normal_behavior operation contract.0 
73502      DEBUG main            d.u.i.k.p.i.IntermediateProofReplayer Proof replay took 7.3ns 
74107      INFO  main            d.u.i.k.p.r.p.TestFile    ... finished proof: closed. 
74370      INFO  main            d.u.i.k.p.i.AbstractProblemLoader Loading environment from /home/runner/work/key/key/key.core/../key.ui/examples/redux/arrays/Arrays.equals.key.proof 
74370      DEBUG main            d.u.i.k.p.i.AbstractProblemLoader Environment load took 414.2ns 
74372      INFO  main            d.u.i.k.p.i.AbstractProblemLoader Creating init config 
77638      DEBUG main            d.u.i.k.p.i.AbstractProblemLoader Init config took 3.27s 
77680      INFO  main            d.u.i.k.p.i.AbstractProblemLoader Replaying proof Arrays[Arrays::equals([B,[B)].JML normal_behavior operation contract.0 
77858      DEBUG main            d.u.i.k.p.i.IntermediateProofReplayer Proof replay took 174.33ms 
77860      DEBUG main            d.u.i.k.p.r.p.TestFile    ... success: reloaded. 
77861      INFO  main            d.u.i.k.p.r.p.TestFile    Now processing file /home/runner/work/key/key/key.core/../key.ui/examples/redux/arrays/Arrays.fill.key 
77862      INFO  main            d.u.i.k.p.i.AbstractProblemLoader Loading environment from /home/runner/work/key/key/key.core/../key.ui/examples/redux/arrays/Arrays.fill.key 
77862      DEBUG main            d.u.i.k.p.i.AbstractProblemLoader Environment load took 244ns 
77863      INFO  main            d.u.i.k.p.i.AbstractProblemLoader Creating init config 
81115      DEBUG main            d.u.i.k.p.i.AbstractProblemLoader Init config took 3.25s 
81156      INFO  main            d.u.i.k.p.i.AbstractProblemLoader Replaying proof Arrays[Arrays::fill([I,int)].JML normal_behavior operation contract.0 
81158      DEBUG main            d.u.i.k.p.i.IntermediateProofReplayer Proof replay took 6.7ns 
81362      INFO  main            d.u.i.k.p.r.p.TestFile    ... finished proof: closed. 
81561      INFO  main            d.u.i.k.p.i.AbstractProblemLoader Loading environment from /home/runner/work/key/key/key.core/../key.ui/examples/redux/arrays/Arrays.fill.key.proof 
81561      DEBUG main            d.u.i.k.p.i.AbstractProblemLoader Environment load took 140.8ns 
81562      INFO  main            d.u.i.k.p.i.AbstractProblemLoader Creating init config 
84899      DEBUG main            d.u.i.k.p.i.AbstractProblemLoader Init config took 3.34s 
84948      INFO  main            d.u.i.k.p.i.AbstractProblemLoader Replaying proof Arrays[Arrays::fill([I,int)].JML normal_behavior operation contract.0 
84989      DEBUG main            d.u.i.k.p.i.IntermediateProofReplayer Proof replay took 38.86ms 
84991      DEBUG main            d.u.i.k.p.r.p.TestFile    ... success: reloaded. 
84991      INFO  main            d.u.i.k.p.r.p.TestFile    Now processing file /home/runner/work/key/key/key.core/../key.ui/examples/redux/arrays/Arrays.fill.float.key 
84992      INFO  main            d.u.i.k.p.i.AbstractProblemLoader Loading environment from /home/runner/work/key/key/key.core/../key.ui/examples/redux/arrays/Arrays.fill.float.key 
84992      DEBUG main            d.u.i.k.p.i.AbstractProblemLoader Environment load took 203ns 
84993      INFO  main            d.u.i.k.p.i.AbstractProblemLoader Creating init config 
88349      DEBUG main            d.u.i.k.p.i.AbstractProblemLoader Init config took 3.36s 
88389      INFO  main            d.u.i.k.p.i.AbstractProblemLoader Replaying proof Arrays[Arrays::fill([F,float)].JML normal_behavior operation contract.0 
88393      DEBUG main            d.u.i.k.p.i.IntermediateProofReplayer Proof replay took 7.2ns 
88595      INFO  main            d.u.i.k.p.r.p.TestFile    ... finished proof: closed. 
88806      INFO  main            d.u.i.k.p.i.AbstractProblemLoader Loading environment from /home/runner/work/key/key/key.core/../key.ui/examples/redux/arrays/Arrays.fill.float.key.proof 
88806      DEBUG main            d.u.i.k.p.i.AbstractProblemLoader Environment load took 137.4ns 
88807      INFO  main            d.u.i.k.p.i.AbstractProblemLoader Creating init config 
92145      DEBUG main            d.u.i.k.p.i.AbstractProblemLoader Init config took 3.34s 
92190      INFO  main            d.u.i.k.p.i.AbstractProblemLoader Replaying proof Arrays[Arrays::fill([F,float)].JML normal_behavior operation contract.0 
92256      DEBUG main            d.u.i.k.p.i.IntermediateProofReplayer Proof replay took 63.52ms 
92259      DEBUG main            d.u.i.k.p.r.p.TestFile    ... success: reloaded. 
92260      INFO  main            d.u.i.k.p.r.p.TestFile    Now processing file /home/runner/work/key/key/key.core/../key.ui/examples/redux/arrays/Arrays.fillFromTo.key 
92260      INFO  main            d.u.i.k.p.i.AbstractProblemLoader Loading environment from /home/runner/work/key/key/key.core/../key.ui/examples/redux/arrays/Arrays.fillFromTo.key 
92261      DEBUG main            d.u.i.k.p.i.AbstractProblemLoader Environment load took 203ns 
92262      INFO  main            d.u.i.k.p.i.AbstractProblemLoader Creating init config 
95503      DEBUG main            d.u.i.k.p.i.AbstractProblemLoader Init config took 3.24s 
95576      INFO  main            d.u.i.k.p.i.AbstractProblemLoader Replaying proof Arrays[Arrays::fill([I,int,int,int)].JML normal_behavior operation contract.0 
95577      DEBUG main            d.u.i.k.p.i.IntermediateProofReplayer Proof replay took 5.6ns 
96287      INFO  main            d.u.i.k.p.r.p.TestFile    ... finished proof: closed. 
96518      INFO  main            d.u.i.k.p.i.AbstractProblemLoader Loading environment from /home/runner/work/key/key/key.core/../key.ui/examples/redux/arrays/Arrays.fillFromTo.key.proof 
96519      DEBUG main            d.u.i.k.p.i.AbstractProblemLoader Environment load took 1.12ms 
96520      INFO  main            d.u.i.k.p.i.AbstractProblemLoader Creating init config 
99847      DEBUG main            d.u.i.k.p.i.AbstractProblemLoader Init config took 3.33s 
99887      INFO  main            d.u.i.k.p.i.AbstractProblemLoader Replaying proof Arrays[Arrays::fill([I,int,int,int)].JML normal_behavior operation contract.0 
100024     DEBUG main            d.u.i.k.p.i.IntermediateProofReplayer Proof replay took 132.84ms 
100025     DEBUG main            d.u.i.k.p.r.p.TestFile    ... success: reloaded. 
100026     INFO  main            d.u.i.k.p.r.p.TestFile    Now processing file /home/runner/work/key/key/key.core/../key.ui/examples/redux/arrays/Arrays.fillFromTo.float.key 
100026     INFO  main            d.u.i.k.p.i.AbstractProblemLoader Loading environment from /home/runner/work/key/key/key.core/../key.ui/examples/redux/arrays/Arrays.fillFromTo.float.key 
100027     DEBUG main            d.u.i.k.p.i.AbstractProblemLoader Environment load took 255.3ns 
100028     INFO  main            d.u.i.k.p.i.AbstractProblemLoader Creating init config 
103308     DEBUG main            d.u.i.k.p.i.AbstractProblemLoader Init config took 3.28s 
103349     INFO  main            d.u.i.k.p.i.AbstractProblemLoader Replaying proof Arrays[Arrays::fill([F,int,int,float)].JML normal_behavior operation contract.0 
103351     DEBUG main            d.u.i.k.p.i.IntermediateProofReplayer Proof replay took 7.2ns 
104155     INFO  main            d.u.i.k.p.r.p.TestFile    ... finished proof: closed. 
104374     INFO  main            d.u.i.k.p.i.AbstractProblemLoader Loading environment from /home/runner/work/key/key/key.core/../key.ui/examples/redux/arrays/Arrays.fillFromTo.float.key.proof 
104374     DEBUG main            d.u.i.k.p.i.AbstractProblemLoader Environment load took 386.4ns 
104375     INFO  main            d.u.i.k.p.i.AbstractProblemLoader Creating init config 
107627     DEBUG main            d.u.i.k.p.i.AbstractProblemLoader Init config took 3.25s 
107665     INFO  main            d.u.i.k.p.i.AbstractProblemLoader Replaying proof Arrays[Arrays::fill([F,int,int,float)].JML normal_behavior operation contract.0 
107846     DEBUG main            d.u.i.k.p.i.IntermediateProofReplayer Proof replay took 176.93ms 
107848     DEBUG main            d.u.i.k.p.r.p.TestFile    ... success: reloaded. 
107849     INFO  main            d.u.i.k.p.r.p.TestFile    Now processing file /home/runner/work/key/key/key.core/../key.ui/examples/redux/arrays/ArrayCopy.arraycopy.normal.0.key 
107853     INFO  main            d.u.i.k.p.i.AbstractProblemLoader Loading environment from /home/runner/work/key/key/key.core/../key.ui/examples/redux/arrays/ArrayCopy.arraycopy.normal.0.key 
107853     DEBUG main            d.u.i.k.p.i.AbstractProblemLoader Environment load took 230.6ns 
107854     INFO  main            d.u.i.k.p.i.AbstractProblemLoader Creating init config 
111213     DEBUG main            d.u.i.k.p.i.AbstractProblemLoader Init config took 3.36s 
111250     INFO  main            d.u.i.k.p.i.AbstractProblemLoader Replaying proof ArrayCopy[ArrayCopy::arraycopy(java.lang.Object,int,java.lang.Object,int,int)].JML normal_behavior operation contract.0 
111251     DEBUG main            d.u.i.k.p.i.IntermediateProofReplayer Proof replay took 6.3ns 
118601     INFO  main            d.u.i.k.p.r.p.TestFile    ... finished proof: closed. 
118861     INFO  main            d.u.i.k.p.i.AbstractProblemLoader Loading environment from /home/runner/work/key/key/key.core/../key.ui/examples/redux/arrays/ArrayCopy.arraycopy.normal.0.key.proof 
118861     DEBUG main            d.u.i.k.p.i.AbstractProblemLoader Environment load took 223.7ns 
118863     INFO  main            d.u.i.k.p.i.AbstractProblemLoader Creating init config 
122124     DEBUG main            d.u.i.k.p.i.AbstractProblemLoader Init config took 3.26s 
122174     INFO  main            d.u.i.k.p.i.AbstractProblemLoader Replaying proof ArrayCopy[ArrayCopy::arraycopy(java.lang.Object,int,java.lang.Object,int,int)].JML normal_behavior operation contract.0 
123231     DEBUG main            d.u.i.k.p.i.IntermediateProofReplayer Proof replay took 1.04s 
123233     DEBUG main            d.u.i.k.p.r.p.TestFile    ... success: reloaded. 
123234     INFO  main            d.u.i.k.p.r.p.TestFile    Now processing file /home/runner/work/key/key/key.core/../key.ui/examples/redux/arrays/ArrayCopy.arraycopy.exceptional.0.key 
123234     INFO  main            d.u.i.k.p.i.AbstractProblemLoader Loading environment from /home/runner/work/key/key/key.core/../key.ui/examples/redux/arrays/ArrayCopy.arraycopy.exceptional.0.key 
123234     DEBUG main            d.u.i.k.p.i.AbstractProblemLoader Environment load took 308.3ns 
123235     INFO  main            d.u.i.k.p.i.AbstractProblemLoader Creating init config 
126565     DEBUG main            d.u.i.k.p.i.AbstractProblemLoader Init config took 3.33s 
126601     INFO  main            d.u.i.k.p.i.AbstractProblemLoader Replaying proof ArrayCopy[ArrayCopy::arraycopy(java.lang.Object,int,java.lang.Object,int,int)].JML exceptional_behavior operation contract.0 
126603     DEBUG main            d.u.i.k.p.i.IntermediateProofReplayer Proof replay took 6.5ns 
127005     INFO  main            d.u.i.k.p.r.p.TestFile    ... finished proof: closed. 
127258     INFO  main            d.u.i.k.p.i.AbstractProblemLoader Loading environment from /home/runner/work/key/key/key.core/../key.ui/examples/redux/arrays/ArrayCopy.arraycopy.exceptional.0.key.proof 
127258     DEBUG main            d.u.i.k.p.i.AbstractProblemLoader Environment load took 135.9ns 
127259     INFO  main            d.u.i.k.p.i.AbstractProblemLoader Creating init config 
130524     DEBUG main            d.u.i.k.p.i.AbstractProblemLoader Init config took 3.26s 
130560     INFO  main            d.u.i.k.p.i.AbstractProblemLoader Replaying proof ArrayCopy[ArrayCopy::arraycopy(java.lang.Object,int,java.lang.Object,int,int)].JML exceptional_behavior operation contract.0 
130691     DEBUG main            d.u.i.k.p.i.IntermediateProofReplayer Proof replay took 128.05ms 
130693     DEBUG main            d.u.i.k.p.r.p.TestFile    ... success: reloaded. 
130694     INFO  main            d.u.i.k.p.r.p.TestFile    Now processing file /home/runner/work/key/key/key.core/../key.ui/examples/redux/arrays/ArrayCopy.arraycopy.exceptional.1.key 
130694     INFO  main            d.u.i.k.p.i.AbstractProblemLoader Loading environment from /home/runner/work/key/key/key.core/../key.ui/examples/redux/arrays/ArrayCopy.arraycopy.exceptional.1.key 
130695     DEBUG main            d.u.i.k.p.i.AbstractProblemLoader Environment load took 208ns 
130696     INFO  main            d.u.i.k.p.i.AbstractProblemLoader Creating init config 
133963     DEBUG main            d.u.i.k.p.i.AbstractProblemLoader Init config took 3.27s 
134019     INFO  main            d.u.i.k.p.i.AbstractProblemLoader Replaying proof ArrayCopy[ArrayCopy::arraycopy(java.lang.Object,int,java.lang.Object,int,int)].JML exceptional_behavior operation contract.1 
134021     DEBUG main            d.u.i.k.p.i.IntermediateProofReplayer Proof replay took 6.6ns 
140947     INFO  main            d.u.i.k.p.r.p.TestFile    ... finished proof: closed. 
141223     INFO  main            d.u.i.k.p.i.AbstractProblemLoader Loading environment from /home/runner/work/key/key/key.core/../key.ui/examples/redux/arrays/ArrayCopy.arraycopy.exceptional.1.key.proof 
141223     DEBUG main            d.u.i.k.p.i.AbstractProblemLoader Environment load took 145.6ns 
141226     INFO  main            d.u.i.k.p.i.AbstractProblemLoader Creating init config 
144458     DEBUG main            d.u.i.k.p.i.AbstractProblemLoader Init config took 3.23s 
144495     INFO  main            d.u.i.k.p.i.AbstractProblemLoader Replaying proof ArrayCopy[ArrayCopy::arraycopy(java.lang.Object,int,java.lang.Object,int,int)].JML exceptional_behavior operation contract.1 
146288     DEBUG main            d.u.i.k.p.i.IntermediateProofReplayer Proof replay took 1.77s 
146291     DEBUG main            d.u.i.k.p.r.p.TestFile    ... success: reloaded. 
5907265    INFO  Test worker     d.u.i.k.p.r.p.StatisticsFile Returning from test redux 
]]></system-out>
  <system-err><![CDATA[]]></system-err>
</testsuite>
