<?xml version="1.0" encoding="UTF-8"?>
<testsuite name="de.uka.ilkd.key.rule.loop.LoopScopeInvRuleTests" tests="1" skipped="0" failures="0" errors="0" timestamp="2023-05-10T23:55:36" hostname="fv-az365-794" time="6.305">
  <properties/>
  <testcase name="testDoAutomaticProofOfBenchmarkWithLabeledBreaksAndContinues()" classname="de.uka.ilkd.key.rule.loop.LoopScopeInvRuleTests" time="6.305"/>
  <system-out><![CDATA[572502     INFO  Test worker     d.u.i.k.p.i.AbstractProblemLoader Loading environment from src\test\resources\testcase\loopScopeInvRule\Test.key 
572502     DEBUG Test worker     d.u.i.k.p.i.AbstractProblemLoader Environment load took 217.7ns 
572518     INFO  Test worker     d.u.i.k.p.i.AbstractProblemLoader Creating init config 
572752     DEBUG Test worker     d.u.i.k.j.TypeConverter   No LDT found for Meta 
572752     DEBUG Test worker     d.u.i.k.j.TypeConverter   No LDT found for Meta 
572752     DEBUG Test worker     d.u.i.k.j.TypeConverter   No LDT found for Meta 
572752     DEBUG Test worker     d.u.i.k.j.TypeConverter   No LDT found for Meta 
573753     DEBUG Test worker     d.u.i.k.j.TypeConverter   No LDT found for JavaBigintExpression 
577942     DEBUG Test worker     d.u.i.k.p.i.AbstractProblemLoader Init config took 5.44s 
578004     INFO  Test worker     d.u.i.k.p.i.AbstractProblemLoader Replaying proof Test[Test::loopScopeRuleBenchmark(int,boolean)].JML normal_behavior operation contract.0 
578004     DEBUG Test worker     d.u.i.k.p.i.IntermediateProofReplayer Proof replay took 27ns 
]]></system-out>
  <system-err><![CDATA[]]></system-err>
</testsuite>
