<?xml version="1.0" encoding="UTF-8"?>
<testsuite name="de.uka.ilkd.key.java.TestContextStatementBlock" tests="1" skipped="0" failures="0" errors="0" timestamp="2023-05-10T23:46:35" hostname="fv-az365-794" time="1.556">
  <properties/>
  <testcase name="testContextTermInstantiation()" classname="de.uka.ilkd.key.java.TestContextStatementBlock" time="1.556"/>
  <system-out><![CDATA[33053      INFO  Test worker     d.u.i.k.n.KeyIO           Parsing took 16 ms 
33053      DEBUG Test worker     d.u.i.k.n.KeyIO           Load declarations of de.uka.ilkd.key.nparser.KeyAst$File:  D:\a\key\key\key.core\src\test\resources\testcase\testrules.key:9#1 
33053      INFO  Test worker     d.u.i.k.n.KeyIO           MODE: declarations took 0 ms 
33053      DEBUG Test worker     d.u.i.k.n.KeyIO           MODE: 2nd degree decls took 0 
33193      DEBUG Test worker     d.u.i.k.n.KeyIO           MODE: taclets took 140ms 
]]></system-out>
  <system-err><![CDATA[]]></system-err>
</testsuite>
