<?xml version="1.0" encoding="UTF-8"?>
<testsuite name="de.uka.ilkd.key.parser.TestDeclParser" tests="14" skipped="2" failures="0" errors="0" timestamp="2023-05-10T23:50:33" hostname="fv-az365-794" time="13.938">
  <properties/>
  <testcase name="testGenericSortDecl1()" classname="de.uka.ilkd.key.parser.TestDeclParser" time="1.249"/>
  <testcase name="testGenericSortDecl2()" classname="de.uka.ilkd.key.parser.TestDeclParser" time="1.106"/>
  <testcase name="testGenericSortDecl3()" classname="de.uka.ilkd.key.parser.TestDeclParser" time="1.198"/>
  <testcase name="testGenericSortDecl4()" classname="de.uka.ilkd.key.parser.TestDeclParser" time="1.078"/>
  <testcase name="testGenericSortDecl5()" classname="de.uka.ilkd.key.parser.TestDeclParser" time="0.0">
    <skipped/>
  </testcase>
  <testcase name="testGenericSortDecl6()" classname="de.uka.ilkd.key.parser.TestDeclParser" time="1.194"/>
  <testcase name="testSortDecl()" classname="de.uka.ilkd.key.parser.TestDeclParser" time="1.169"/>
  <testcase name="testProxySortDecl()" classname="de.uka.ilkd.key.parser.TestDeclParser" time="1.091"/>
  <testcase name="testArrayDecl()" classname="de.uka.ilkd.key.parser.TestDeclParser" time="1.18"/>
  <testcase name="testAmbiguousDecls()" classname="de.uka.ilkd.key.parser.TestDeclParser" time="0.001">
    <skipped/>
  </testcase>
  <testcase name="testHeurDecl()" classname="de.uka.ilkd.key.parser.TestDeclParser" time="1.168"/>
  <testcase name="testFunctionDecl()" classname="de.uka.ilkd.key.parser.TestDeclParser" time="1.105"/>
  <testcase name="testPredicateDecl()" classname="de.uka.ilkd.key.parser.TestDeclParser" time="1.189"/>
  <testcase name="testSVDecl()" classname="de.uka.ilkd.key.parser.TestDeclParser" time="1.208"/>
  <system-out><![CDATA[271207     INFO  Test worker     d.u.i.k.n.KeyIO           Parsing took 0 ms 
271207     DEBUG Test worker     d.u.i.k.n.KeyIO           Load declarations of de.uka.ilkd.key.nparser.KeyAst$File:  <unknown>:1#1 
271207     INFO  Test worker     d.u.i.k.n.KeyIO           MODE: declarations took 0 ms 
271207     DEBUG Test worker     d.u.i.k.n.KeyIO           MODE: 2nd degree decls took 0 
271207     DEBUG Test worker     d.u.i.k.n.KeyIO           MODE: taclets took 0ms 
272306     INFO  Test worker     d.u.i.k.n.KeyIO           Parsing took 0 ms 
272306     DEBUG Test worker     d.u.i.k.n.KeyIO           Load declarations of de.uka.ilkd.key.nparser.KeyAst$File:  <unknown>:1#1 
272306     INFO  Test worker     d.u.i.k.n.KeyIO           MODE: declarations took 0 ms 
272306     DEBUG Test worker     d.u.i.k.n.KeyIO           MODE: 2nd degree decls took 0 
272306     DEBUG Test worker     d.u.i.k.n.KeyIO           MODE: taclets took 0ms 
273510     INFO  Test worker     d.u.i.k.n.KeyIO           Parsing took 0 ms 
273510     DEBUG Test worker     d.u.i.k.n.KeyIO           Load declarations of de.uka.ilkd.key.nparser.KeyAst$File:  <unknown>:1#1 
273510     INFO  Test worker     d.u.i.k.n.KeyIO           MODE: declarations took 0 ms 
273510     DEBUG Test worker     d.u.i.k.n.KeyIO           MODE: 2nd degree decls took 0 
273510     DEBUG Test worker     d.u.i.k.n.KeyIO           MODE: taclets took 0ms 
274590     INFO  Test worker     d.u.i.k.n.KeyIO           Parsing took 0 ms 
274590     DEBUG Test worker     d.u.i.k.n.KeyIO           Load declarations of de.uka.ilkd.key.nparser.KeyAst$File:  <unknown>:1#1 
274590     INFO  Test worker     d.u.i.k.n.KeyIO           MODE: declarations took 0 ms 
274590     DEBUG Test worker     d.u.i.k.n.KeyIO           MODE: 2nd degree decls took 0 
274590     DEBUG Test worker     d.u.i.k.n.KeyIO           MODE: taclets took 0ms 
275778     INFO  Test worker     d.u.i.k.n.KeyIO           Parsing took 0 ms 
275778     DEBUG Test worker     d.u.i.k.n.KeyIO           Load declarations of de.uka.ilkd.key.nparser.KeyAst$File:  <unknown>:1#1 
275778     INFO  Test worker     d.u.i.k.n.KeyIO           MODE: declarations took 0 ms 
275778     DEBUG Test worker     d.u.i.k.n.KeyIO           MODE: 2nd degree decls took 0 
275778     DEBUG Test worker     d.u.i.k.n.KeyIO           MODE: taclets took 0ms 
276950     INFO  Test worker     d.u.i.k.n.KeyIO           Parsing took 0 ms 
276950     DEBUG Test worker     d.u.i.k.n.KeyIO           Load declarations of de.uka.ilkd.key.nparser.KeyAst$File:  <unknown>:1#1 
276950     INFO  Test worker     d.u.i.k.n.KeyIO           MODE: declarations took 0 ms 
276950     DEBUG Test worker     d.u.i.k.n.KeyIO           MODE: 2nd degree decls took 0 
276950     DEBUG Test worker     d.u.i.k.n.KeyIO           MODE: taclets took 0ms 
278044     INFO  Test worker     d.u.i.k.n.KeyIO           Parsing took 0 ms 
278044     DEBUG Test worker     d.u.i.k.n.KeyIO           Load declarations of de.uka.ilkd.key.nparser.KeyAst$File:  <unknown>:1#1 
278044     INFO  Test worker     d.u.i.k.n.KeyIO           MODE: declarations took 0 ms 
278044     DEBUG Test worker     d.u.i.k.n.KeyIO           MODE: 2nd degree decls took 0 
278044     DEBUG Test worker     d.u.i.k.n.KeyIO           MODE: taclets took 0ms 
279217     INFO  Test worker     d.u.i.k.n.KeyIO           Parsing took 0 ms 
279217     DEBUG Test worker     d.u.i.k.n.KeyIO           Load declarations of de.uka.ilkd.key.nparser.KeyAst$File:  <unknown>:1#1 
279217     INFO  Test worker     d.u.i.k.n.KeyIO           MODE: declarations took 0 ms 
279217     DEBUG Test worker     d.u.i.k.n.KeyIO           MODE: 2nd degree decls took 0 
279217     DEBUG Test worker     d.u.i.k.n.KeyIO           MODE: taclets took 0ms 
280389     INFO  Test worker     d.u.i.k.n.KeyIO           Parsing took 0 ms 
280389     DEBUG Test worker     d.u.i.k.n.KeyIO           Load declarations of de.uka.ilkd.key.nparser.KeyAst$File:  <unknown>:1#1 
280389     INFO  Test worker     d.u.i.k.n.KeyIO           MODE: declarations took 0 ms 
280389     DEBUG Test worker     d.u.i.k.n.KeyIO           MODE: 2nd degree decls took 0 
280389     DEBUG Test worker     d.u.i.k.n.KeyIO           MODE: taclets took 0ms 
281499     INFO  Test worker     d.u.i.k.n.KeyIO           Parsing took 0 ms 
281499     DEBUG Test worker     d.u.i.k.n.KeyIO           Load declarations of de.uka.ilkd.key.nparser.KeyAst$File:  <unknown>:1#1 
281499     INFO  Test worker     d.u.i.k.n.KeyIO           MODE: declarations took 0 ms 
281499     DEBUG Test worker     d.u.i.k.n.KeyIO           MODE: 2nd degree decls took 0 
281499     DEBUG Test worker     d.u.i.k.n.KeyIO           MODE: taclets took 0ms 
282679     INFO  Test worker     d.u.i.k.n.KeyIO           Parsing took 0 ms 
282679     DEBUG Test worker     d.u.i.k.n.KeyIO           Load declarations of de.uka.ilkd.key.nparser.KeyAst$File:  <unknown>:1#1 
282679     INFO  Test worker     d.u.i.k.n.KeyIO           MODE: declarations took 0 ms 
282679     DEBUG Test worker     d.u.i.k.n.KeyIO           MODE: 2nd degree decls took 0 
282679     DEBUG Test worker     d.u.i.k.n.KeyIO           MODE: taclets took 0ms 
283884     INFO  Test worker     d.u.i.k.n.KeyIO           Parsing took 0 ms 
283884     DEBUG Test worker     d.u.i.k.n.KeyIO           Load declarations of de.uka.ilkd.key.nparser.KeyAst$File:  <unknown>:1#1 
283884     INFO  Test worker     d.u.i.k.n.KeyIO           MODE: declarations took 0 ms 
283884     DEBUG Test worker     d.u.i.k.n.KeyIO           MODE: 2nd degree decls took 0 
283884     DEBUG Test worker     d.u.i.k.n.KeyIO           MODE: taclets took 0ms 
]]></system-out>
  <system-err><![CDATA[]]></system-err>
</testsuite>
