<?xml version="1.0" encoding="UTF-8"?>
<testsuite name="de.uka.ilkd.key.parser.TestParser" tests="5" skipped="1" failures="0" errors="0" timestamp="2023-05-10T23:52:21" hostname="fv-az365-794" time="6.036">
  <properties/>
  <testcase name="testConstantEvaluationError()" classname="de.uka.ilkd.key.parser.TestParser" time="1.211"/>
  <testcase name="testGenericSort()" classname="de.uka.ilkd.key.parser.TestParser" time="0.004"/>
  <testcase name="testIssue1566()" classname="de.uka.ilkd.key.parser.TestParser" time="3.668"/>
  <testcase name="testIssue39()" classname="de.uka.ilkd.key.parser.TestParser" time="1.15"/>
  <testcase name="testRelativeInclude()" classname="de.uka.ilkd.key.parser.TestParser" time="0.002">
    <skipped/>
  </testcase>
  <system-out><![CDATA[377374     INFO  Test worker     d.u.i.k.p.i.AbstractProblemLoader Loading environment from src\test\resources\testcase\parserErrorTest\AssignToArray.java 
377389     DEBUG Test worker     d.u.i.k.p.i.AbstractProblemLoader Environment load took 182.7ns 
377389     INFO  Test worker     d.u.i.k.p.i.AbstractProblemLoader Creating init config 
378593     INFO  Test worker     d.u.i.k.n.KeyIO           Parsing took 0 ms 
378593     DEBUG Test worker     d.u.i.k.n.KeyIO           Load declarations of de.uka.ilkd.key.nparser.KeyAst$File:  <unknown>:1#1 
378593     INFO  Test worker     d.u.i.k.n.KeyIO           MODE: declarations took 0 ms 
378593     DEBUG Test worker     d.u.i.k.n.KeyIO           MODE: 2nd degree decls took 0 
378593     DEBUG Test worker     d.u.i.k.n.KeyIO           MODE: taclets took 0ms 
378593     INFO  Test worker     d.u.i.k.p.i.AbstractProblemLoader Loading environment from src\test\resources\testcase\issues\1566\a.key 
378593     DEBUG Test worker     d.u.i.k.p.i.AbstractProblemLoader Environment load took 212.6ns 
378609     INFO  Test worker     d.u.i.k.p.i.AbstractProblemLoader Creating init config 
382228     DEBUG Test worker     d.u.i.k.p.i.AbstractProblemLoader Init config took 3.63s 
382259     INFO  Test worker     d.u.i.k.p.i.AbstractProblemLoader Replaying proof a.key 
382259     DEBUG Test worker     d.u.i.k.p.i.IntermediateProofReplayer Proof replay took 9.9ns 
382259     INFO  Test worker     d.u.i.k.p.i.AbstractProblemLoader Loading environment from src\test\resources\testcase\issues\39\A.java 
382259     DEBUG Test worker     d.u.i.k.p.i.AbstractProblemLoader Environment load took 220.1ns 
382259     INFO  Test worker     d.u.i.k.p.i.AbstractProblemLoader Creating init config 
]]></system-out>
  <system-err><![CDATA[]]></system-err>
</testsuite>
