<?xml version="1.0" encoding="UTF-8"?>
<testsuite name="de.uka.ilkd.key.macros.scripts.meta.ValueInjectorTest" tests="3" skipped="0" failures="0" errors="0" timestamp="2023-05-10T23:50:16" hostname="fv-az365-794" time="0.003">
  <properties/>
  <testcase name="testRequired()" classname="de.uka.ilkd.key.macros.scripts.meta.ValueInjectorTest" time="0.002"/>
  <testcase name="testInjectionSimple()" classname="de.uka.ilkd.key.macros.scripts.meta.ValueInjectorTest" time="0.001"/>
  <testcase name="testInferScriptArguments()" classname="de.uka.ilkd.key.macros.scripts.meta.ValueInjectorTest" time="0.0"/>
  <system-out><![CDATA[]]></system-out>
  <system-err><![CDATA[]]></system-err>
</testsuite>
