<?xml version="1.0" encoding="UTF-8"?>
<testsuite name="de.uka.ilkd.key.proof.TestOneStepSimplifier" tests="1" skipped="0" failures="0" errors="0" timestamp="2023-05-10T23:55:01" hostname="fv-az365-794" time="5.137">
  <properties/>
  <testcase name="loadWithRestriction()" classname="de.uka.ilkd.key.proof.TestOneStepSimplifier" time="5.137"/>
  <system-out><![CDATA[538227     INFO  Test worker     d.u.i.k.p.i.AbstractProblemLoader Loading environment from src\test\resources\testcase\ossRestriction.proof 
538227     DEBUG Test worker     d.u.i.k.p.i.AbstractProblemLoader Environment load took 166.8ns 
538227     INFO  Test worker     d.u.i.k.p.i.AbstractProblemLoader Creating init config 
538462     DEBUG Test worker     d.u.i.k.j.TypeConverter   No LDT found for Meta 
538462     DEBUG Test worker     d.u.i.k.j.TypeConverter   No LDT found for Meta 
538462     DEBUG Test worker     d.u.i.k.j.TypeConverter   No LDT found for Meta 
538462     DEBUG Test worker     d.u.i.k.j.TypeConverter   No LDT found for Meta 
539167     DEBUG Test worker     d.u.i.k.j.TypeConverter   No LDT found for JavaBigintExpression 
543295     DEBUG Test worker     d.u.i.k.p.i.AbstractProblemLoader Init config took 5.06s 
543342     INFO  Test worker     d.u.i.k.p.i.AbstractProblemLoader Replaying proof ossRestriction.proof 
543358     DEBUG Test worker     d.u.i.k.p.i.IntermediateProofReplayer Proof replay took 1.48ms 
]]></system-out>
  <system-err><![CDATA[]]></system-err>
</testsuite>
