<?xml version="1.0" encoding="UTF-8"?>
<testsuite name="de.uka.ilkd.key.testcase.smt.testgen.TestTestgen" tests="1" skipped="0" failures="0" errors="0" timestamp="2023-05-29T21:20:35" hostname="fv-az577-225" time="4.849">
  <properties/>
  <testcase name="testMiddle()" classname="de.uka.ilkd.key.testcase.smt.testgen.TestTestgen" time="4.849"/>
  <system-out><![CDATA[16377      WARN  Test worker     d.u.i.k.t.s.t.TestTestgen Warning: Z3_CE is not installed, tests skipped. 
16378      WARN  Test worker     d.u.i.k.t.s.t.TestTestgen Maybe use JVM system property "z3SolverPath" to define the path to the Z3 command. 
16379      INFO  Test worker     d.u.i.k.p.i.AbstractProblemLoader Loading environment from src/test/resources/testcase/smt/tg/middle.key 
16379      DEBUG Test worker     d.u.i.k.p.i.AbstractProblemLoader Environment load took 173.3ns 
16381      INFO  Test worker     d.u.i.k.p.i.AbstractProblemLoader Creating init config 
20543      DEBUG Test worker     d.u.i.k.p.i.AbstractProblemLoader Init config took 4.16s 
20642      INFO  Test worker     d.u.i.k.p.i.AbstractProblemLoader Replaying proof Middle[Middle::middle(int,int,int)].JML normal_behavior operation contract.0 
20646      DEBUG Test worker     d.u.i.k.p.i.IntermediateProofReplayer Proof replay took 16.9ns 
]]></system-out>
  <system-err><![CDATA[]]></system-err>
</testsuite>
