<?xml version="1.0" encoding="UTF-8"?>
<testsuite name="de.uka.ilkd.key.testcase.smt.testgen.TestTestgen" tests="1" skipped="0" failures="0" errors="0" timestamp="2023-04-20T21:17:14" hostname="fv-az795-898" time="4.521">
  <properties/>
  <testcase name="testMiddle()" classname="de.uka.ilkd.key.testcase.smt.testgen.TestTestgen" time="4.521"/>
  <system-out><![CDATA[14261      WARN  Test worker     d.u.i.k.t.s.t.TestTestgen Warning: Z3_CE is not installed, tests skipped. 
14261      WARN  Test worker     d.u.i.k.t.s.t.TestTestgen Maybe use JVM system property "z3SolverPath" to define the path to the Z3 command. 
14263      INFO  Test worker     d.u.i.k.p.i.AbstractProblemLoader Loading environment from src/test/resources/testcase/smt/tg/middle.key 
14263      DEBUG Test worker     d.u.i.k.p.i.AbstractProblemLoader Environment load took 452.4ns 
14266      INFO  Test worker     d.u.i.k.p.i.AbstractProblemLoader Creating init config 
18130      DEBUG Test worker     d.u.i.k.p.i.AbstractProblemLoader Init config took 3.86s 
18228      INFO  Test worker     d.u.i.k.p.i.AbstractProblemLoader Replaying proof Middle[Middle::middle(int,int,int)].JML normal_behavior operation contract.0 
18232      DEBUG Test worker     d.u.i.k.p.i.IntermediateProofReplayer Proof replay took 15.3ns 
]]></system-out>
  <system-err><![CDATA[]]></system-err>
</testsuite>
