<?xml version="1.0" encoding="UTF-8"?>
<testsuite name="org.key_project.util.testcase.java.IntegerUtilTest" tests="1" skipped="0" failures="0" errors="0" timestamp="2023-04-13T17:35:40" hostname="fv-az319-764" time="0.004">
  <properties/>
  <testcase name="testFactorial()" classname="org.key_project.util.testcase.java.IntegerUtilTest" time="0.004"/>
  <system-out><![CDATA[]]></system-out>
  <system-err><![CDATA[]]></system-err>
</testsuite>
