<?xml version="1.0" encoding="UTF-8"?>
<testsuite name="de.uka.ilkd.key.proof.runallproofs.RunAllProofsFunctional" tests="34" skipped="0" failures="0" errors="0" timestamp="2023-06-08T14:39:33" hostname="fv-az560-572" time="5120.135">
  <properties/>
  <testcase name="newBook" classname="de.uka.ilkd.key.proof.runallproofs.RunAllProofsFunctional" time="60.763"/>
  <testcase name="oldBook" classname="de.uka.ilkd.key.proof.runallproofs.RunAllProofsFunctional" time="17.035"/>
  <testcase name="comprehensions" classname="de.uka.ilkd.key.proof.runallproofs.RunAllProofsFunctional" time="64.765"/>
  <testcase name="performance" classname="de.uka.ilkd.key.proof.runallproofs.RunAllProofsFunctional" time="217.749"/>
  <testcase name="performancePOConstruction" classname="de.uka.ilkd.key.proof.runallproofs.RunAllProofsFunctional" time="73.147"/>
  <testcase name="applicationRestrictions" classname="de.uka.ilkd.key.proof.runallproofs.RunAllProofsFunctional" time="52.677"/>
  <testcase name="blockContracts" classname="de.uka.ilkd.key.proof.runallproofs.RunAllProofsFunctional" time="134.096"/>
  <testcase name="jmlAsserts" classname="de.uka.ilkd.key.proof.runallproofs.RunAllProofsFunctional" time="90.219"/>
  <testcase name="javaCard" classname="de.uka.ilkd.key.proof.runallproofs.RunAllProofsFunctional" time="128.662"/>
  <testcase name="list" classname="de.uka.ilkd.key.proof.runallproofs.RunAllProofsFunctional" time="262.29"/>
  <testcase name="list_ghost" classname="de.uka.ilkd.key.proof.runallproofs.RunAllProofsFunctional" time="63.102"/>
  <testcase name="list_recursive" classname="de.uka.ilkd.key.proof.runallproofs.RunAllProofsFunctional" time="21.452"/>
  <testcase name="list_seq" classname="de.uka.ilkd.key.proof.runallproofs.RunAllProofsFunctional" time="149.148"/>
  <testcase name="observer" classname="de.uka.ilkd.key.proof.runallproofs.RunAllProofsFunctional" time="91.747"/>
  <testcase name="removeDups" classname="de.uka.ilkd.key.proof.runallproofs.RunAllProofsFunctional" time="129.705"/>
  <testcase name="quicksort" classname="de.uka.ilkd.key.proof.runallproofs.RunAllProofsFunctional" time="107.041"/>
  <testcase name="simpleTests" classname="de.uka.ilkd.key.proof.runallproofs.RunAllProofsFunctional" time="161.035"/>
  <testcase name="SmansEtAl" classname="de.uka.ilkd.key.proof.runallproofs.RunAllProofsFunctional" time="189.327"/>
  <testcase name="VACID0" classname="de.uka.ilkd.key.proof.runallproofs.RunAllProofsFunctional" time="75.656"/>
  <testcase name="VSTTE10" classname="de.uka.ilkd.key.proof.runallproofs.RunAllProofsFunctional" time="172.149"/>
  <testcase name="WeideEtAl" classname="de.uka.ilkd.key.proof.runallproofs.RunAllProofsFunctional" time="27.059"/>
  <testcase name="arithmetic" classname="de.uka.ilkd.key.proof.runallproofs.RunAllProofsFunctional" time="473.423"/>
  <testcase name="arrays" classname="de.uka.ilkd.key.proof.runallproofs.RunAllProofsFunctional" time="56.922"/>
  <testcase name="javadl" classname="de.uka.ilkd.key.proof.runallproofs.RunAllProofsFunctional" time="578.893"/>
  <testcase name="FOL" classname="de.uka.ilkd.key.proof.runallproofs.RunAllProofsFunctional" time="282.151"/>
  <testcase name="strings" classname="de.uka.ilkd.key.proof.runallproofs.RunAllProofsFunctional" time="148.016"/>
  <testcase name="simple_info_flow" classname="de.uka.ilkd.key.proof.runallproofs.RunAllProofsFunctional" time="12.858"/>
  <testcase name="modelMethods" classname="de.uka.ilkd.key.proof.runallproofs.RunAllProofsFunctional" time="171.152"/>
  <testcase name="permissionHeap" classname="de.uka.ilkd.key.proof.runallproofs.RunAllProofsFunctional" time="818.858"/>
  <testcase name="completionScopes" classname="de.uka.ilkd.key.proof.runallproofs.RunAllProofsFunctional" time="51.302"/>
  <testcase name="reload_examples" classname="de.uka.ilkd.key.proof.runallproofs.RunAllProofsFunctional" time="39.562"/>
  <testcase name="proofLoadRepair" classname="de.uka.ilkd.key.proof.runallproofs.RunAllProofsFunctional" time="17.868"/>
  <testcase name="switch" classname="de.uka.ilkd.key.proof.runallproofs.RunAllProofsFunctional" time="59.722"/>
  <testcase name="redux" classname="de.uka.ilkd.key.proof.runallproofs.RunAllProofsFunctional" time="120.575"/>
  <system-out><![CDATA[567        INFO  Test worker     d.u.i.k.p.r.RunAllProofsTestUnit Running test newBook 
347        INFO  Timeout watchdog d.u.i.k.p.r.p.ForkedTestFileRunner Timeout watcher launched (2000 secs.) 
362        WARN  main            d.u.i.k.s.ProofSettings   No proof-settings could be loaded, using defaults java.io.FileNotFoundException: /home/runner/.key/proof-settings.props (No such file or directory)
	at java.base/java.io.FileInputStream.open0(Native Method)

433        INFO  main            d.u.i.k.p.r.p.TestFile    Now processing file /home/runner/work/key/key/key.core/../key.ui/examples/newBook/09.list_modelfield/ArrayList.add.key 
623        INFO  main            d.u.i.k.p.i.AbstractProblemLoader Loading environment from /home/runner/work/key/key/key.core/../key.ui/examples/newBook/09.list_modelfield/ArrayList.add.key 
646        DEBUG main            d.u.i.k.p.i.AbstractProblemLoader Environment load took 4.85ms 
896        INFO  main            d.u.i.k.p.i.AbstractProblemLoader Creating init config 
1813       DEBUG main            d.u.i.k.j.TypeConverter   No LDT found for Meta 
1819       DEBUG main            d.u.i.k.j.TypeConverter   No LDT found for Meta 
1823       DEBUG main            d.u.i.k.j.TypeConverter   No LDT found for Meta 
1824       DEBUG main            d.u.i.k.j.TypeConverter   No LDT found for Meta 
3306       DEBUG main            d.u.i.k.j.TypeConverter   No LDT found for JavaBigintExpression 
8778       DEBUG main            d.u.i.k.p.i.AbstractProblemLoader Init config took 7.88s 
8958       INFO  main            d.u.i.k.p.i.AbstractProblemLoader Replaying proof ArrayList[List::add(int)].JML normal_behavior operation contract.0 
8991       DEBUG main            d.u.i.k.p.i.IntermediateProofReplayer Proof replay took 34.2ns 
26297      INFO  main            d.u.i.k.p.r.p.TestFile    ... finished proof: closed. 
26518      INFO  main            d.u.i.k.p.i.AbstractProblemLoader Loading environment from /home/runner/work/key/key/key.core/../key.ui/examples/newBook/09.list_modelfield/ArrayList.add.key.proof 
26519      DEBUG main            d.u.i.k.p.i.AbstractProblemLoader Environment load took 835.1ns 
26524      INFO  main            d.u.i.k.p.i.AbstractProblemLoader Creating init config 
29416      DEBUG main            d.u.i.k.p.i.AbstractProblemLoader Init config took 2.89s 
29501      INFO  main            d.u.i.k.p.i.AbstractProblemLoader Replaying proof ArrayList[List::add(int)].JML normal_behavior operation contract.0 
30462      DEBUG main            d.u.i.k.p.i.IntermediateProofReplayer Proof replay took 882.81ms 
30474      DEBUG main            d.u.i.k.p.r.p.TestFile    ... success: reloaded. 
30477      INFO  main            d.u.i.k.p.r.p.TestFile    Now processing file /home/runner/work/key/key/key.core/../key.ui/examples/newBook/09.list_modelfield/ArrayList.remFirst.key 
30478      INFO  main            d.u.i.k.p.i.AbstractProblemLoader Loading environment from /home/runner/work/key/key/key.core/../key.ui/examples/newBook/09.list_modelfield/ArrayList.remFirst.key 
30478      DEBUG main            d.u.i.k.p.i.AbstractProblemLoader Environment load took 482.2ns 
30482      INFO  main            d.u.i.k.p.i.AbstractProblemLoader Creating init config 
33338      DEBUG main            d.u.i.k.p.i.AbstractProblemLoader Init config took 2.86s 
33414      INFO  main            d.u.i.k.p.i.AbstractProblemLoader Replaying proof ArrayList[List::remFirst()].JML normal_behavior operation contract.0 
33416      DEBUG main            d.u.i.k.p.i.IntermediateProofReplayer Proof replay took 13ns 
37339      INFO  main            d.u.i.k.p.r.p.TestFile    ... finished proof: closed. 
37609      INFO  main            d.u.i.k.p.i.AbstractProblemLoader Loading environment from /home/runner/work/key/key/key.core/../key.ui/examples/newBook/09.list_modelfield/ArrayList.remFirst.key.proof 
37609      DEBUG main            d.u.i.k.p.i.AbstractProblemLoader Environment load took 137.2ns 
37614      INFO  main            d.u.i.k.p.i.AbstractProblemLoader Creating init config 
40507      DEBUG main            d.u.i.k.p.i.AbstractProblemLoader Init config took 2.89s 
40585      INFO  main            d.u.i.k.p.i.AbstractProblemLoader Replaying proof ArrayList[List::remFirst()].JML normal_behavior operation contract.0 
40999      DEBUG main            d.u.i.k.p.i.IntermediateProofReplayer Proof replay took 393.14ms 
41002      DEBUG main            d.u.i.k.p.r.p.TestFile    ... success: reloaded. 
41004      INFO  main            d.u.i.k.p.r.p.TestFile    Now processing file /home/runner/work/key/key/key.core/../key.ui/examples/newBook/09.list_modelfield/ArrayList.empty.key 
41004      INFO  main            d.u.i.k.p.i.AbstractProblemLoader Loading environment from /home/runner/work/key/key/key.core/../key.ui/examples/newBook/09.list_modelfield/ArrayList.empty.key 
41004      DEBUG main            d.u.i.k.p.i.AbstractProblemLoader Environment load took 77.7ns 
41005      INFO  main            d.u.i.k.p.i.AbstractProblemLoader Creating init config 
43678      DEBUG main            d.u.i.k.p.i.AbstractProblemLoader Init config took 2.67s 
43726      INFO  main            d.u.i.k.p.i.AbstractProblemLoader Replaying proof ArrayList[List::empty()].JML normal_behavior operation contract.0 
43728      DEBUG main            d.u.i.k.p.i.IntermediateProofReplayer Proof replay took 5.5ns 
44738      INFO  main            d.u.i.k.p.r.p.TestFile    ... finished proof: closed. 
44896      INFO  main            d.u.i.k.p.i.AbstractProblemLoader Loading environment from /home/runner/work/key/key/key.core/../key.ui/examples/newBook/09.list_modelfield/ArrayList.empty.key.proof 
44896      DEBUG main            d.u.i.k.p.i.AbstractProblemLoader Environment load took 162.3ns 
44897      INFO  main            d.u.i.k.p.i.AbstractProblemLoader Creating init config 
47596      DEBUG main            d.u.i.k.p.i.AbstractProblemLoader Init config took 2.7s 
47644      INFO  main            d.u.i.k.p.i.AbstractProblemLoader Replaying proof ArrayList[List::empty()].JML normal_behavior operation contract.0 
47720      DEBUG main            d.u.i.k.p.i.IntermediateProofReplayer Proof replay took 71.17ms 
47721      DEBUG main            d.u.i.k.p.r.p.TestFile    ... success: reloaded. 
47723      INFO  main            d.u.i.k.p.r.p.TestFile    Now processing file /home/runner/work/key/key/key.core/../key.ui/examples/newBook/09.list_modelfield/ArrayList.size.key 
47723      INFO  main            d.u.i.k.p.i.AbstractProblemLoader Loading environment from /home/runner/work/key/key/key.core/../key.ui/examples/newBook/09.list_modelfield/ArrayList.size.key 
47724      DEBUG main            d.u.i.k.p.i.AbstractProblemLoader Environment load took 665.2ns 
47725      INFO  main            d.u.i.k.p.i.AbstractProblemLoader Creating init config 
50474      DEBUG main            d.u.i.k.p.i.AbstractProblemLoader Init config took 2.75s 
50526      INFO  main            d.u.i.k.p.i.AbstractProblemLoader Replaying proof ArrayList[List::size()].JML normal_behavior operation contract.0 
50527      DEBUG main            d.u.i.k.p.i.IntermediateProofReplayer Proof replay took 5.5ns 
50930      INFO  main            d.u.i.k.p.r.p.TestFile    ... finished proof: closed. 
51094      INFO  main            d.u.i.k.p.i.AbstractProblemLoader Loading environment from /home/runner/work/key/key/key.core/../key.ui/examples/newBook/09.list_modelfield/ArrayList.size.key.proof 
51095      DEBUG main            d.u.i.k.p.i.AbstractProblemLoader Environment load took 921.9ns 
51097      INFO  main            d.u.i.k.p.i.AbstractProblemLoader Creating init config 
53789      DEBUG main            d.u.i.k.p.i.AbstractProblemLoader Init config took 2.69s 
53836      INFO  main            d.u.i.k.p.i.AbstractProblemLoader Replaying proof ArrayList[List::size()].JML normal_behavior operation contract.0 
53870      DEBUG main            d.u.i.k.p.i.IntermediateProofReplayer Proof replay took 30.49ms 
53871      DEBUG main            d.u.i.k.p.r.p.TestFile    ... success: reloaded. 
53872      INFO  main            d.u.i.k.p.r.p.TestFile    Now processing file /home/runner/work/key/key/key.core/../key.ui/examples/newBook/09.list_modelfield/ArrayList.get.key 
53872      INFO  main            d.u.i.k.p.i.AbstractProblemLoader Loading environment from /home/runner/work/key/key/key.core/../key.ui/examples/newBook/09.list_modelfield/ArrayList.get.key 
53872      DEBUG main            d.u.i.k.p.i.AbstractProblemLoader Environment load took 66.7ns 
53873      INFO  main            d.u.i.k.p.i.AbstractProblemLoader Creating init config 
56568      DEBUG main            d.u.i.k.p.i.AbstractProblemLoader Init config took 2.7s 
56627      INFO  main            d.u.i.k.p.i.AbstractProblemLoader Replaying proof ArrayList[List::get(int)].JML normal_behavior operation contract.0 
56629      DEBUG main            d.u.i.k.p.i.IntermediateProofReplayer Proof replay took 5.7ns 
57533      INFO  main            d.u.i.k.p.r.p.TestFile    ... finished proof: closed. 
57684      INFO  main            d.u.i.k.p.i.AbstractProblemLoader Loading environment from /home/runner/work/key/key/key.core/../key.ui/examples/newBook/09.list_modelfield/ArrayList.get.key.proof 
57686      DEBUG main            d.u.i.k.p.i.AbstractProblemLoader Environment load took 2.37ms 
57688      INFO  main            d.u.i.k.p.i.AbstractProblemLoader Creating init config 
60343      DEBUG main            d.u.i.k.p.i.AbstractProblemLoader Init config took 2.65s 
60389      INFO  main            d.u.i.k.p.i.AbstractProblemLoader Replaying proof ArrayList[List::get(int)].JML normal_behavior operation contract.0 
60469      DEBUG main            d.u.i.k.p.i.IntermediateProofReplayer Proof replay took 74.92ms 
60470      DEBUG main            d.u.i.k.p.r.p.TestFile    ... success: reloaded. 
61322      INFO  Test worker     d.u.i.k.p.r.RunAllProofsTestUnit Returning from test newBook 
61331      INFO  Test worker     d.u.i.k.p.r.RunAllProofsTestUnit Running test oldBook 
371        INFO  Timeout watchdog d.u.i.k.p.r.p.ForkedTestFileRunner Timeout watcher launched (2000 secs.) 
382        WARN  main            d.u.i.k.s.ProofSettings   The settings in /home/runner/.key/proof-settings.props are *not* read. 
432        INFO  main            d.u.i.k.p.r.p.TestFile    Now processing file /home/runner/work/key/key/key.core/../key.ui/examples/standard_key/BookExamples/02FirstOrderLogic/Ex2.58.key 
555        INFO  main            d.u.i.k.p.i.AbstractProblemLoader Loading environment from /home/runner/work/key/key/key.core/../key.ui/examples/standard_key/BookExamples/02FirstOrderLogic/Ex2.58.key 
577        DEBUG main            d.u.i.k.p.i.AbstractProblemLoader Environment load took 2.85ms 
953        INFO  main            d.u.i.k.p.i.AbstractProblemLoader Creating init config 
1965       DEBUG main            d.u.i.k.j.TypeConverter   No LDT found for Meta 
1966       DEBUG main            d.u.i.k.j.TypeConverter   No LDT found for Meta 
1969       DEBUG main            d.u.i.k.j.TypeConverter   No LDT found for Meta 
1969       DEBUG main            d.u.i.k.j.TypeConverter   No LDT found for Meta 
3405       DEBUG main            d.u.i.k.j.TypeConverter   No LDT found for JavaBigintExpression 
8071       DEBUG main            d.u.i.k.p.i.AbstractProblemLoader Init config took 7.12s 
8133       INFO  main            d.u.i.k.p.i.AbstractProblemLoader Replaying proof Ex2.58.key 
8164       DEBUG main            d.u.i.k.p.i.IntermediateProofReplayer Proof replay took 37.1ns 
8342       INFO  main            d.u.i.k.p.r.p.TestFile    ... finished proof: closed. 
8458       INFO  main            d.u.i.k.p.i.AbstractProblemLoader Loading environment from /home/runner/work/key/key/key.core/../key.ui/examples/standard_key/BookExamples/02FirstOrderLogic/Ex2.58.key.proof 
8458       DEBUG main            d.u.i.k.p.i.AbstractProblemLoader Environment load took 134.8ns 
8463       INFO  main            d.u.i.k.p.i.AbstractProblemLoader Creating init config 
11031      DEBUG main            d.u.i.k.p.i.AbstractProblemLoader Init config took 2.57s 
11076      INFO  main            d.u.i.k.p.i.AbstractProblemLoader Replaying proof Ex2.58.key.proof 
11093      DEBUG main            d.u.i.k.p.i.IntermediateProofReplayer Proof replay took 12.42ms 
11105      DEBUG main            d.u.i.k.p.r.p.TestFile    ... success: reloaded. 
11107      INFO  main            d.u.i.k.p.r.p.TestFile    Now processing file /home/runner/work/key/key/key.core/../key.ui/examples/standard_key/BookExamples/03DynamicLogic/Sect3.3.1.key 
11110      INFO  main            d.u.i.k.p.i.AbstractProblemLoader Loading environment from /home/runner/work/key/key/key.core/../key.ui/examples/standard_key/BookExamples/03DynamicLogic/Sect3.3.1.key 
11110      DEBUG main            d.u.i.k.p.i.AbstractProblemLoader Environment load took 546.4ns 
11112      INFO  main            d.u.i.k.p.i.AbstractProblemLoader Creating init config 
13611      DEBUG main            d.u.i.k.p.i.AbstractProblemLoader Init config took 2.5s 
13644      INFO  main            d.u.i.k.p.i.AbstractProblemLoader Replaying proof Sect3.3.1.key 
13648      DEBUG main            d.u.i.k.p.i.IntermediateProofReplayer Proof replay took 6ns 
14153      INFO  main            d.u.i.k.p.r.p.TestFile    ... finished proof: closed. 
14276      INFO  main            d.u.i.k.p.i.AbstractProblemLoader Loading environment from /home/runner/work/key/key/key.core/../key.ui/examples/standard_key/BookExamples/03DynamicLogic/Sect3.3.1.key.proof 
14277      DEBUG main            d.u.i.k.p.i.AbstractProblemLoader Environment load took 123.8ns 
14278      INFO  main            d.u.i.k.p.i.AbstractProblemLoader Creating init config 
16726      DEBUG main            d.u.i.k.p.i.AbstractProblemLoader Init config took 2.45s 
16754      INFO  main            d.u.i.k.p.i.AbstractProblemLoader Replaying proof Sect3.3.1.key.proof 
16801      DEBUG main            d.u.i.k.p.i.IntermediateProofReplayer Proof replay took 42.31ms 
16803      DEBUG main            d.u.i.k.p.r.p.TestFile    ... success: reloaded. 
78362      INFO  Test worker     d.u.i.k.p.r.RunAllProofsTestUnit Returning from test oldBook 
78365      INFO  Test worker     d.u.i.k.p.r.RunAllProofsTestUnit Running test comprehensions 
345        INFO  Timeout watchdog d.u.i.k.p.r.p.ForkedTestFileRunner Timeout watcher launched (2000 secs.) 
351        WARN  main            d.u.i.k.s.ProofSettings   The settings in /home/runner/.key/proof-settings.props are *not* read. 
378        INFO  main            d.u.i.k.p.r.p.TestFile    Now processing file /home/runner/work/key/key/key.core/../key.ui/examples/heap/comprehensions/general_sum.key 
495        INFO  main            d.u.i.k.p.i.AbstractProblemLoader Loading environment from /home/runner/work/key/key/key.core/../key.ui/examples/heap/comprehensions/general_sum.key 
512        DEBUG main            d.u.i.k.p.i.AbstractProblemLoader Environment load took 2.45ms 
737        INFO  main            d.u.i.k.p.i.AbstractProblemLoader Creating init config 
1650       DEBUG main            d.u.i.k.j.TypeConverter   No LDT found for Meta 
1650       DEBUG main            d.u.i.k.j.TypeConverter   No LDT found for Meta 
1655       DEBUG main            d.u.i.k.j.TypeConverter   No LDT found for Meta 
1656       DEBUG main            d.u.i.k.j.TypeConverter   No LDT found for Meta 
2985       DEBUG main            d.u.i.k.j.TypeConverter   No LDT found for JavaBigintExpression 
7965       DEBUG main            d.u.i.k.p.i.AbstractProblemLoader Init config took 7.23s 
8095       INFO  main            d.u.i.k.p.i.AbstractProblemLoader Replaying proof GSum[GSum::doNothing()].JML operation contract.0 
8126       DEBUG main            d.u.i.k.p.i.IntermediateProofReplayer Proof replay took 33.9ns 
8448       INFO  main            d.u.i.k.p.r.p.TestFile    ... finished proof: closed. 
8543       INFO  main            d.u.i.k.p.i.AbstractProblemLoader Loading environment from /home/runner/work/key/key/key.core/../key.ui/examples/heap/comprehensions/general_sum.key.proof 
8543       DEBUG main            d.u.i.k.p.i.AbstractProblemLoader Environment load took 132ns 
8546       INFO  main            d.u.i.k.p.i.AbstractProblemLoader Creating init config 
11378      DEBUG main            d.u.i.k.p.i.AbstractProblemLoader Init config took 2.83s 
11463      INFO  main            d.u.i.k.p.i.AbstractProblemLoader Replaying proof GSum[GSum::doNothing()].JML operation contract.0 
11496      DEBUG main            d.u.i.k.p.i.IntermediateProofReplayer Proof replay took 24.36ms 
11509      DEBUG main            d.u.i.k.p.r.p.TestFile    ... success: reloaded. 
11511      INFO  main            d.u.i.k.p.r.p.TestFile    Now processing file /home/runner/work/key/key/key.core/../key.ui/examples/heap/comprehensions/sum0.key 
11512      INFO  main            d.u.i.k.p.i.AbstractProblemLoader Loading environment from /home/runner/work/key/key/key.core/../key.ui/examples/heap/comprehensions/sum0.key 
11512      DEBUG main            d.u.i.k.p.i.AbstractProblemLoader Environment load took 376.1ns 
11514      INFO  main            d.u.i.k.p.i.AbstractProblemLoader Creating init config 
14315      DEBUG main            d.u.i.k.p.i.AbstractProblemLoader Init config took 2.8s 
14375      INFO  main            d.u.i.k.p.i.AbstractProblemLoader Replaying proof Sum[Sum::sum0([I)].JML normal_behavior operation contract.0 
14377      DEBUG main            d.u.i.k.p.i.IntermediateProofReplayer Proof replay took 7.5ns 
14476      DEBUG Thread-4        d.u.i.k.l.l.OriginTermLabel commonFileName is null! 
14477      DEBUG Thread-4        d.u.i.k.l.l.OriginTermLabel commonFileName is null! 
14638      DEBUG Thread-4        d.u.i.k.l.l.OriginTermLabel commonFileName is null! 
14639      DEBUG Thread-4        d.u.i.k.l.l.OriginTermLabel commonFileName is null! 
14804      DEBUG Thread-4        d.u.i.k.l.l.OriginTermLabel commonFileName is null! 
14984      INFO  main            d.u.i.k.p.r.p.TestFile    ... finished proof: closed. 
15129      INFO  main            d.u.i.k.p.i.AbstractProblemLoader Loading environment from /home/runner/work/key/key/key.core/../key.ui/examples/heap/comprehensions/sum0.key.proof 
15129      DEBUG main            d.u.i.k.p.i.AbstractProblemLoader Environment load took 118.7ns 
15131      INFO  main            d.u.i.k.p.i.AbstractProblemLoader Creating init config 
17807      DEBUG main            d.u.i.k.p.i.AbstractProblemLoader Init config took 2.68s 
17856      INFO  main            d.u.i.k.p.i.AbstractProblemLoader Replaying proof Sum[Sum::sum0([I)].JML normal_behavior operation contract.0 
17892      DEBUG main            d.u.i.k.l.l.OriginTermLabel commonFileName is null! 
17892      DEBUG main            d.u.i.k.l.l.OriginTermLabel commonFileName is null! 
17955      DEBUG main            d.u.i.k.l.l.OriginTermLabel commonFileName is null! 
17998      DEBUG main            d.u.i.k.l.l.OriginTermLabel commonFileName is null! 
17999      DEBUG main            d.u.i.k.l.l.OriginTermLabel commonFileName is null! 
18002      DEBUG main            d.u.i.k.p.i.IntermediateProofReplayer Proof replay took 140.26ms 
18004      DEBUG main            d.u.i.k.p.r.p.TestFile    ... success: reloaded. 
18006      INFO  main            d.u.i.k.p.r.p.TestFile    Now processing file /home/runner/work/key/key/key.core/../key.ui/examples/heap/comprehensions/sum1.key 
18006      INFO  main            d.u.i.k.p.i.AbstractProblemLoader Loading environment from /home/runner/work/key/key/key.core/../key.ui/examples/heap/comprehensions/sum1.key 
18007      DEBUG main            d.u.i.k.p.i.AbstractProblemLoader Environment load took 482.8ns 
18010      INFO  main            d.u.i.k.p.i.AbstractProblemLoader Creating init config 
20737      DEBUG main            d.u.i.k.p.i.AbstractProblemLoader Init config took 2.73s 
20784      INFO  main            d.u.i.k.p.i.AbstractProblemLoader Replaying proof Sum[Sum::sum1([I)].JML normal_behavior operation contract.0 
20786      DEBUG main            d.u.i.k.p.i.IntermediateProofReplayer Proof replay took 7.1ns 
20843      DEBUG Thread-7        d.u.i.k.l.l.OriginTermLabel commonFileName is null! 
20843      DEBUG Thread-7        d.u.i.k.l.l.OriginTermLabel commonFileName is null! 
20988      DEBUG Thread-7        d.u.i.k.l.l.OriginTermLabel commonFileName is null! 
20990      DEBUG Thread-7        d.u.i.k.l.l.OriginTermLabel commonFileName is null! 
21118      DEBUG Thread-7        d.u.i.k.l.l.OriginTermLabel commonFileName is null! 
21293      INFO  main            d.u.i.k.p.r.p.TestFile    ... finished proof: closed. 
21451      INFO  main            d.u.i.k.p.i.AbstractProblemLoader Loading environment from /home/runner/work/key/key/key.core/../key.ui/examples/heap/comprehensions/sum1.key.proof 
21452      DEBUG main            d.u.i.k.p.i.AbstractProblemLoader Environment load took 781.6ns 
21454      INFO  main            d.u.i.k.p.i.AbstractProblemLoader Creating init config 
24016      DEBUG main            d.u.i.k.p.i.AbstractProblemLoader Init config took 2.56s 
24061      INFO  main            d.u.i.k.p.i.AbstractProblemLoader Replaying proof Sum[Sum::sum1([I)].JML normal_behavior operation contract.0 
24098      DEBUG main            d.u.i.k.l.l.OriginTermLabel commonFileName is null! 
24098      DEBUG main            d.u.i.k.l.l.OriginTermLabel commonFileName is null! 
24134      DEBUG main            d.u.i.k.l.l.OriginTermLabel commonFileName is null! 
24158      DEBUG main            d.u.i.k.l.l.OriginTermLabel commonFileName is null! 
24159      DEBUG main            d.u.i.k.l.l.OriginTermLabel commonFileName is null! 
24162      DEBUG main            d.u.i.k.p.i.IntermediateProofReplayer Proof replay took 93.79ms 
24163      DEBUG main            d.u.i.k.p.r.p.TestFile    ... success: reloaded. 
24166      INFO  main            d.u.i.k.p.r.p.TestFile    Now processing file /home/runner/work/key/key/key.core/../key.ui/examples/heap/comprehensions/sum2.key 
24167      INFO  main            d.u.i.k.p.i.AbstractProblemLoader Loading environment from /home/runner/work/key/key/key.core/../key.ui/examples/heap/comprehensions/sum2.key 
24167      DEBUG main            d.u.i.k.p.i.AbstractProblemLoader Environment load took 358.1ns 
24169      INFO  main            d.u.i.k.p.i.AbstractProblemLoader Creating init config 
26773      DEBUG main            d.u.i.k.p.i.AbstractProblemLoader Init config took 2.6s 
26818      INFO  main            d.u.i.k.p.i.AbstractProblemLoader Replaying proof Sum[Sum::sum2([I)].JML normal_behavior operation contract.0 
26820      DEBUG main            d.u.i.k.p.i.IntermediateProofReplayer Proof replay took 6.6ns 
26868      DEBUG Thread-10       d.u.i.k.l.l.OriginTermLabel commonFileName is null! 
26869      DEBUG Thread-10       d.u.i.k.l.l.OriginTermLabel commonFileName is null! 
26985      DEBUG Thread-10       d.u.i.k.l.l.OriginTermLabel commonFileName is null! 
26986      DEBUG Thread-10       d.u.i.k.l.l.OriginTermLabel commonFileName is null! 
27072      DEBUG Thread-10       d.u.i.k.l.l.OriginTermLabel commonFileName is null! 
27223      INFO  main            d.u.i.k.p.r.p.TestFile    ... finished proof: closed. 
27376      INFO  main            d.u.i.k.p.i.AbstractProblemLoader Loading environment from /home/runner/work/key/key/key.core/../key.ui/examples/heap/comprehensions/sum2.key.proof 
27377      DEBUG main            d.u.i.k.p.i.AbstractProblemLoader Environment load took 1.13ms 
27378      INFO  main            d.u.i.k.p.i.AbstractProblemLoader Creating init config 
29901      DEBUG main            d.u.i.k.p.i.AbstractProblemLoader Init config took 2.52s 
29955      INFO  main            d.u.i.k.p.i.AbstractProblemLoader Replaying proof Sum[Sum::sum2([I)].JML normal_behavior operation contract.0 
29978      DEBUG main            d.u.i.k.l.l.OriginTermLabel commonFileName is null! 
29980      DEBUG main            d.u.i.k.l.l.OriginTermLabel commonFileName is null! 
30007      DEBUG main            d.u.i.k.l.l.OriginTermLabel commonFileName is null! 
30026      DEBUG main            d.u.i.k.l.l.OriginTermLabel commonFileName is null! 
30027      DEBUG main            d.u.i.k.l.l.OriginTermLabel commonFileName is null! 
30029      DEBUG main            d.u.i.k.p.i.IntermediateProofReplayer Proof replay took 70.44ms 
30031      DEBUG main            d.u.i.k.p.r.p.TestFile    ... success: reloaded. 
30032      INFO  main            d.u.i.k.p.r.p.TestFile    Now processing file /home/runner/work/key/key/key.core/../key.ui/examples/heap/comprehensions/sum3.key 
30032      INFO  main            d.u.i.k.p.i.AbstractProblemLoader Loading environment from /home/runner/work/key/key/key.core/../key.ui/examples/heap/comprehensions/sum3.key 
30033      DEBUG main            d.u.i.k.p.i.AbstractProblemLoader Environment load took 579.7ns 
30034      INFO  main            d.u.i.k.p.i.AbstractProblemLoader Creating init config 
32625      DEBUG main            d.u.i.k.p.i.AbstractProblemLoader Init config took 2.59s 
32667      INFO  main            d.u.i.k.p.i.AbstractProblemLoader Replaying proof Sum[Sum::sum3([I)].JML normal_behavior operation contract.0 
32669      DEBUG main            d.u.i.k.p.i.IntermediateProofReplayer Proof replay took 6.1ns 
32720      DEBUG Thread-13       d.u.i.k.l.l.OriginTermLabel commonFileName is null! 
32721      DEBUG Thread-13       d.u.i.k.l.l.OriginTermLabel commonFileName is null! 
32858      DEBUG Thread-13       d.u.i.k.l.l.OriginTermLabel commonFileName is null! 
32859      DEBUG Thread-13       d.u.i.k.l.l.OriginTermLabel commonFileName is null! 
32949      DEBUG Thread-13       d.u.i.k.l.l.OriginTermLabel commonFileName is null! 
33073      INFO  main            d.u.i.k.p.r.p.TestFile    ... finished proof: closed. 
33239      INFO  main            d.u.i.k.p.i.AbstractProblemLoader Loading environment from /home/runner/work/key/key/key.core/../key.ui/examples/heap/comprehensions/sum3.key.proof 
33242      DEBUG main            d.u.i.k.p.i.AbstractProblemLoader Environment load took 3.04ms 
33246      INFO  main            d.u.i.k.p.i.AbstractProblemLoader Creating init config 
35771      DEBUG main            d.u.i.k.p.i.AbstractProblemLoader Init config took 2.53s 
35813      INFO  main            d.u.i.k.p.i.AbstractProblemLoader Replaying proof Sum[Sum::sum3([I)].JML normal_behavior operation contract.0 
35837      DEBUG main            d.u.i.k.l.l.OriginTermLabel commonFileName is null! 
35838      DEBUG main            d.u.i.k.l.l.OriginTermLabel commonFileName is null! 
35863      DEBUG main            d.u.i.k.l.l.OriginTermLabel commonFileName is null! 
35880      DEBUG main            d.u.i.k.l.l.OriginTermLabel commonFileName is null! 
35880      DEBUG main            d.u.i.k.l.l.OriginTermLabel commonFileName is null! 
35882      DEBUG main            d.u.i.k.p.i.IntermediateProofReplayer Proof replay took 66ms 
35883      DEBUG main            d.u.i.k.p.r.p.TestFile    ... success: reloaded. 
35883      INFO  main            d.u.i.k.p.r.p.TestFile    Now processing file /home/runner/work/key/key/key.core/../key.ui/examples/heap/comprehensions/segsum.key 
35884      INFO  main            d.u.i.k.p.i.AbstractProblemLoader Loading environment from /home/runner/work/key/key/key.core/../key.ui/examples/heap/comprehensions/segsum.key 
35884      DEBUG main            d.u.i.k.p.i.AbstractProblemLoader Environment load took 59.7ns 
35885      INFO  main            d.u.i.k.p.i.AbstractProblemLoader Creating init config 
38455      DEBUG main            d.u.i.k.p.i.AbstractProblemLoader Init config took 2.57s 
38495      INFO  main            d.u.i.k.p.i.AbstractProblemLoader Replaying proof SegSum[SegSum::segSum([I,int,int)].JML normal_behavior operation contract.0 
38496      DEBUG main            d.u.i.k.p.i.IntermediateProofReplayer Proof replay took 5.8ns 
38899      INFO  main            d.u.i.k.p.r.p.TestFile    ... finished proof: closed. 
39057      INFO  main            d.u.i.k.p.i.AbstractProblemLoader Loading environment from /home/runner/work/key/key/key.core/../key.ui/examples/heap/comprehensions/segsum.key.proof 
39058      DEBUG main            d.u.i.k.p.i.AbstractProblemLoader Environment load took 117.6ns 
39059      INFO  main            d.u.i.k.p.i.AbstractProblemLoader Creating init config 
41542      DEBUG main            d.u.i.k.p.i.AbstractProblemLoader Init config took 2.48s 
41592      INFO  main            d.u.i.k.p.i.AbstractProblemLoader Replaying proof SegSum[SegSum::segSum([I,int,int)].JML normal_behavior operation contract.0 
41658      DEBUG main            d.u.i.k.p.i.IntermediateProofReplayer Proof replay took 58.51ms 
41660      DEBUG main            d.u.i.k.p.r.p.TestFile    ... success: reloaded. 
41662      INFO  main            d.u.i.k.p.r.p.TestFile    Now processing file /home/runner/work/key/key/key.core/../key.ui/examples/heap/comprehensions/bsum_negative.key 
41663      INFO  main            d.u.i.k.p.i.AbstractProblemLoader Loading environment from /home/runner/work/key/key/key.core/../key.ui/examples/heap/comprehensions/bsum_negative.key 
41666      DEBUG main            d.u.i.k.p.i.AbstractProblemLoader Environment load took 2.71ms 
41668      INFO  main            d.u.i.k.p.i.AbstractProblemLoader Creating init config 
44025      DEBUG main            d.u.i.k.p.i.AbstractProblemLoader Init config took 2.36s 
44044      INFO  main            d.u.i.k.p.i.AbstractProblemLoader Replaying proof bsum_negative.key 
44045      DEBUG main            d.u.i.k.p.i.IntermediateProofReplayer Proof replay took 6.1ns 
44150      INFO  main            d.u.i.k.p.r.p.TestFile    ... finished proof: closed. 
44300      INFO  main            d.u.i.k.p.i.AbstractProblemLoader Loading environment from /home/runner/work/key/key/key.core/../key.ui/examples/heap/comprehensions/bsum_negative.key.proof 
44301      DEBUG main            d.u.i.k.p.i.AbstractProblemLoader Environment load took 109.4ns 
44302      INFO  main            d.u.i.k.p.i.AbstractProblemLoader Creating init config 
46705      DEBUG main            d.u.i.k.p.i.AbstractProblemLoader Init config took 2.4s 
46726      INFO  main            d.u.i.k.p.i.AbstractProblemLoader Replaying proof bsum_negative.key.proof 
46729      DEBUG main            d.u.i.k.p.i.IntermediateProofReplayer Proof replay took 1.12ms 
46730      DEBUG main            d.u.i.k.p.r.p.TestFile    ... success: reloaded. 
46731      INFO  main            d.u.i.k.p.r.p.TestFile    Now processing file /home/runner/work/key/key/key.core/../key.ui/examples/heap/comprehensions/bsum_neg2.key 
46732      INFO  main            d.u.i.k.p.i.AbstractProblemLoader Loading environment from /home/runner/work/key/key/key.core/../key.ui/examples/heap/comprehensions/bsum_neg2.key 
46732      DEBUG main            d.u.i.k.p.i.AbstractProblemLoader Environment load took 302.3ns 
46733      INFO  main            d.u.i.k.p.i.AbstractProblemLoader Creating init config 
49134      DEBUG main            d.u.i.k.p.i.AbstractProblemLoader Init config took 2.4s 
49154      INFO  main            d.u.i.k.p.i.AbstractProblemLoader Replaying proof bsum_neg2.key 
49156      DEBUG main            d.u.i.k.p.i.IntermediateProofReplayer Proof replay took 7ns 
49258      INFO  main            d.u.i.k.p.r.p.TestFile    ... finished proof: closed. 
49412      INFO  main            d.u.i.k.p.i.AbstractProblemLoader Loading environment from /home/runner/work/key/key/key.core/../key.ui/examples/heap/comprehensions/bsum_neg2.key.proof 
49412      DEBUG main            d.u.i.k.p.i.AbstractProblemLoader Environment load took 127.9ns 
49413      INFO  main            d.u.i.k.p.i.AbstractProblemLoader Creating init config 
51739      DEBUG main            d.u.i.k.p.i.AbstractProblemLoader Init config took 2.33s 
51756      INFO  main            d.u.i.k.p.i.AbstractProblemLoader Replaying proof bsum_neg2.key.proof 
51758      DEBUG main            d.u.i.k.p.i.IntermediateProofReplayer Proof replay took 572.2ns 
51759      DEBUG main            d.u.i.k.p.r.p.TestFile    ... success: reloaded. 
51760      INFO  main            d.u.i.k.p.r.p.TestFile    Now processing file /home/runner/work/key/key/key.core/../key.ui/examples/heap/comprehensions/bsumSplit.key 
51760      INFO  main            d.u.i.k.p.i.AbstractProblemLoader Loading environment from /home/runner/work/key/key/key.core/../key.ui/examples/heap/comprehensions/bsumSplit.key 
51760      DEBUG main            d.u.i.k.p.i.AbstractProblemLoader Environment load took 107ns 
51761      INFO  main            d.u.i.k.p.i.AbstractProblemLoader Creating init config 
54133      DEBUG main            d.u.i.k.p.i.AbstractProblemLoader Init config took 2.37s 
54152      INFO  main            d.u.i.k.p.i.AbstractProblemLoader Replaying proof bsumSplit.key 
54157      DEBUG main            d.u.i.k.p.i.IntermediateProofReplayer Proof replay took 6.1ns 
54259      INFO  main            d.u.i.k.p.r.p.TestFile    ... finished proof: closed. 
54418      INFO  main            d.u.i.k.p.i.AbstractProblemLoader Loading environment from /home/runner/work/key/key/key.core/../key.ui/examples/heap/comprehensions/bsumSplit.key.proof 
54418      DEBUG main            d.u.i.k.p.i.AbstractProblemLoader Environment load took 103.6ns 
54419      INFO  main            d.u.i.k.p.i.AbstractProblemLoader Creating init config 
56758      DEBUG main            d.u.i.k.p.i.AbstractProblemLoader Init config took 2.34s 
56774      INFO  main            d.u.i.k.p.i.AbstractProblemLoader Replaying proof bsumSplit.key.proof 
56779      DEBUG main            d.u.i.k.p.i.IntermediateProofReplayer Proof replay took 3.05ms 
56780      DEBUG main            d.u.i.k.p.r.p.TestFile    ... success: reloaded. 
56781      INFO  main            d.u.i.k.p.r.p.TestFile    Now processing file /home/runner/work/key/key/key.core/../key.ui/examples/heap/comprehensions/bprodSplit.key 
56781      INFO  main            d.u.i.k.p.i.AbstractProblemLoader Loading environment from /home/runner/work/key/key/key.core/../key.ui/examples/heap/comprehensions/bprodSplit.key 
56781      DEBUG main            d.u.i.k.p.i.AbstractProblemLoader Environment load took 107.5ns 
56782      INFO  main            d.u.i.k.p.i.AbstractProblemLoader Creating init config 
59161      DEBUG main            d.u.i.k.p.i.AbstractProblemLoader Init config took 2.38s 
59177      INFO  main            d.u.i.k.p.i.AbstractProblemLoader Replaying proof bprodSplit.key 
59178      DEBUG main            d.u.i.k.p.i.IntermediateProofReplayer Proof replay took 6.8ns 
59280      INFO  main            d.u.i.k.p.r.p.TestFile    ... finished proof: closed. 
59463      INFO  main            d.u.i.k.p.i.AbstractProblemLoader Loading environment from /home/runner/work/key/key/key.core/../key.ui/examples/heap/comprehensions/bprodSplit.key.proof 
59463      DEBUG main            d.u.i.k.p.i.AbstractProblemLoader Environment load took 107.1ns 
59465      INFO  main            d.u.i.k.p.i.AbstractProblemLoader Creating init config 
61809      DEBUG main            d.u.i.k.p.i.AbstractProblemLoader Init config took 2.34s 
61826      INFO  main            d.u.i.k.p.i.AbstractProblemLoader Replaying proof bprodSplit.key.proof 
61829      DEBUG main            d.u.i.k.p.i.IntermediateProofReplayer Proof replay took 1.4ms 
61830      DEBUG main            d.u.i.k.p.r.p.TestFile    ... success: reloaded. 
61831      INFO  main            d.u.i.k.p.r.p.TestFile    Now processing file /home/runner/work/key/key/key.core/../key.ui/examples/heap/comprehensions/bsumSplitInvalid.key 
61831      INFO  main            d.u.i.k.p.i.AbstractProblemLoader Loading environment from /home/runner/work/key/key/key.core/../key.ui/examples/heap/comprehensions/bsumSplitInvalid.key 
61831      DEBUG main            d.u.i.k.p.i.AbstractProblemLoader Environment load took 108.1ns 
61832      INFO  main            d.u.i.k.p.i.AbstractProblemLoader Creating init config 
64179      DEBUG main            d.u.i.k.p.i.AbstractProblemLoader Init config took 2.35s 
64198      INFO  main            d.u.i.k.p.i.AbstractProblemLoader Replaying proof bsumSplitInvalid.key 
64200      DEBUG main            d.u.i.k.p.i.IntermediateProofReplayer Proof replay took 6.6ns 
64303      INFO  main            d.u.i.k.p.r.p.TestFile    ... finished proof: open goal(s) 
143129     INFO  Test worker     d.u.i.k.p.r.RunAllProofsTestUnit Returning from test comprehensions 
143134     INFO  Test worker     d.u.i.k.p.r.RunAllProofsTestUnit Running test performance 
344        INFO  Timeout watchdog d.u.i.k.p.r.p.ForkedTestFileRunner Timeout watcher launched (2000 secs.) 
357        WARN  main            d.u.i.k.s.ProofSettings   The settings in /home/runner/.key/proof-settings.props are *not* read. 
385        INFO  main            d.u.i.k.p.r.p.TestFile    Now processing file /home/runner/work/key/key/key.core/../key.ui/examples/performance-test/Disjoint(Disjoint__disjoint_08()).JML_operation_contract.0.key 
496        INFO  main            d.u.i.k.p.i.AbstractProblemLoader Loading environment from /home/runner/work/key/key/key.core/../key.ui/examples/performance-test/Disjoint(Disjoint__disjoint_08()).JML_operation_contract.0.key 
512        DEBUG main            d.u.i.k.p.i.AbstractProblemLoader Environment load took 1.97ms 
749        INFO  main            d.u.i.k.p.i.AbstractProblemLoader Creating init config 
1603       DEBUG main            d.u.i.k.j.TypeConverter   No LDT found for Meta 
1609       DEBUG main            d.u.i.k.j.TypeConverter   No LDT found for Meta 
1611       DEBUG main            d.u.i.k.j.TypeConverter   No LDT found for Meta 
1612       DEBUG main            d.u.i.k.j.TypeConverter   No LDT found for Meta 
2985       DEBUG main            d.u.i.k.j.TypeConverter   No LDT found for JavaBigintExpression 
8402       DEBUG main            d.u.i.k.j.r.ClassPreparationMethodBuilder clPrepBuilder: Inner Class detected. Reject building class initialisation methods. 
16431      DEBUG main            d.u.i.k.p.i.AbstractProblemLoader Init config took 15.68s 
16691      INFO  main            d.u.i.k.p.i.AbstractProblemLoader Replaying proof Disjoint[Disjoint::disjoint_8()].JML operation contract.0 
16765      DEBUG main            d.u.i.k.p.i.IntermediateProofReplayer Proof replay took 323ns 
19328      INFO  main            d.u.i.k.p.r.p.TestFile    ... finished proof: closed. 
19536      INFO  main            d.u.i.k.p.i.AbstractProblemLoader Loading environment from /home/runner/work/key/key/key.core/../key.ui/examples/performance-test/Disjoint(Disjoint__disjoint_08()).JML_operation_contract.0.key.proof 
19537      DEBUG main            d.u.i.k.p.i.AbstractProblemLoader Environment load took 875.1ns 
19540      INFO  main            d.u.i.k.p.i.AbstractProblemLoader Creating init config 
22647      DEBUG main            d.u.i.k.j.r.ClassPreparationMethodBuilder clPrepBuilder: Inner Class detected. Reject building class initialisation methods. 
30028      DEBUG main            d.u.i.k.p.i.AbstractProblemLoader Init config took 10.49s 
30131      INFO  main            d.u.i.k.p.i.AbstractProblemLoader Replaying proof Disjoint[Disjoint::disjoint_8()].JML operation contract.0 
30425      DEBUG main            d.u.i.k.p.i.IntermediateProofReplayer Proof replay took 281.11ms 
30434      DEBUG main            d.u.i.k.p.r.p.TestFile    ... success: reloaded. 
30436      INFO  main            d.u.i.k.p.r.p.TestFile    Now processing file /home/runner/work/key/key/key.core/../key.ui/examples/performance-test/Disjoint(Disjoint__disjoint2_08()).JML_operation_contract.0.key 
30437      INFO  main            d.u.i.k.p.i.AbstractProblemLoader Loading environment from /home/runner/work/key/key/key.core/../key.ui/examples/performance-test/Disjoint(Disjoint__disjoint2_08()).JML_operation_contract.0.key 
30437      DEBUG main            d.u.i.k.p.i.AbstractProblemLoader Environment load took 341.5ns 
30438      INFO  main            d.u.i.k.p.i.AbstractProblemLoader Creating init config 
33618      DEBUG main            d.u.i.k.j.r.ClassPreparationMethodBuilder clPrepBuilder: Inner Class detected. Reject building class initialisation methods. 
40841      DEBUG main            d.u.i.k.p.i.AbstractProblemLoader Init config took 10.4s 
40958      INFO  main            d.u.i.k.p.i.AbstractProblemLoader Replaying proof Disjoint[Disjoint::disjoint2_8()].JML operation contract.0 
40963      DEBUG main            d.u.i.k.p.i.IntermediateProofReplayer Proof replay took 22.3ns 
41967      INFO  main            d.u.i.k.p.r.p.TestFile    ... finished proof: closed. 
42234      INFO  main            d.u.i.k.p.i.AbstractProblemLoader Loading environment from /home/runner/work/key/key/key.core/../key.ui/examples/performance-test/Disjoint(Disjoint__disjoint2_08()).JML_operation_contract.0.key.proof 
42235      DEBUG main            d.u.i.k.p.i.AbstractProblemLoader Environment load took 603.5ns 
42239      INFO  main            d.u.i.k.p.i.AbstractProblemLoader Creating init config 
45205      DEBUG main            d.u.i.k.j.r.ClassPreparationMethodBuilder clPrepBuilder: Inner Class detected. Reject building class initialisation methods. 
52071      DEBUG main            d.u.i.k.p.i.AbstractProblemLoader Init config took 9.83s 
52169      INFO  main            d.u.i.k.p.i.AbstractProblemLoader Replaying proof Disjoint[Disjoint::disjoint2_8()].JML operation contract.0 
52241      DEBUG main            d.u.i.k.p.i.IntermediateProofReplayer Proof replay took 67.47ms 
52242      DEBUG main            d.u.i.k.p.r.p.TestFile    ... success: reloaded. 
52244      INFO  main            d.u.i.k.p.r.p.TestFile    Now processing file /home/runner/work/key/key/key.core/../key.ui/examples/performance-test/AccessChain1(AccessChain1__foo_08()).JML_operation_contract.0.key 
52244      INFO  main            d.u.i.k.p.i.AbstractProblemLoader Loading environment from /home/runner/work/key/key/key.core/../key.ui/examples/performance-test/AccessChain1(AccessChain1__foo_08()).JML_operation_contract.0.key 
52245      DEBUG main            d.u.i.k.p.i.AbstractProblemLoader Environment load took 178.5ns 
52246      INFO  main            d.u.i.k.p.i.AbstractProblemLoader Creating init config 
55254      DEBUG main            d.u.i.k.j.r.ClassPreparationMethodBuilder clPrepBuilder: Inner Class detected. Reject building class initialisation methods. 
62201      DEBUG main            d.u.i.k.p.i.AbstractProblemLoader Init config took 9.96s 
62284      INFO  main            d.u.i.k.p.i.AbstractProblemLoader Replaying proof AccessChain1[AccessChain1::foo_8()].JML operation contract.0 
62287      DEBUG main            d.u.i.k.p.i.IntermediateProofReplayer Proof replay took 10.7ns 
64844      INFO  main            d.u.i.k.p.r.p.TestFile    ... finished proof: closed. 
65155      INFO  main            d.u.i.k.p.i.AbstractProblemLoader Loading environment from /home/runner/work/key/key/key.core/../key.ui/examples/performance-test/AccessChain1(AccessChain1__foo_08()).JML_operation_contract.0.key.proof 
65155      DEBUG main            d.u.i.k.p.i.AbstractProblemLoader Environment load took 130ns 
65156      INFO  main            d.u.i.k.p.i.AbstractProblemLoader Creating init config 
68092      DEBUG main            d.u.i.k.j.r.ClassPreparationMethodBuilder clPrepBuilder: Inner Class detected. Reject building class initialisation methods. 
74905      DEBUG main            d.u.i.k.p.i.AbstractProblemLoader Init config took 9.75s 
75007      INFO  main            d.u.i.k.p.i.AbstractProblemLoader Replaying proof AccessChain1[AccessChain1::foo_8()].JML operation contract.0 
75394      DEBUG main            d.u.i.k.p.i.IntermediateProofReplayer Proof replay took 371.73ms 
75397      DEBUG main            d.u.i.k.p.r.p.TestFile    ... success: reloaded. 
75398      INFO  main            d.u.i.k.p.r.p.TestFile    Now processing file /home/runner/work/key/key/key.core/../key.ui/examples/performance-test/AccessChain4(AccessChain4__foo_08()).JML_operation_contract.0.key 
75399      INFO  main            d.u.i.k.p.i.AbstractProblemLoader Loading environment from /home/runner/work/key/key/key.core/../key.ui/examples/performance-test/AccessChain4(AccessChain4__foo_08()).JML_operation_contract.0.key 
75399      DEBUG main            d.u.i.k.p.i.AbstractProblemLoader Environment load took 286.6ns 
75400      INFO  main            d.u.i.k.p.i.AbstractProblemLoader Creating init config 
78424      DEBUG main            d.u.i.k.j.r.ClassPreparationMethodBuilder clPrepBuilder: Inner Class detected. Reject building class initialisation methods. 
85223      DEBUG main            d.u.i.k.p.i.AbstractProblemLoader Init config took 9.82s 
85332      INFO  main            d.u.i.k.p.i.AbstractProblemLoader Replaying proof AccessChain4[AccessChain4::foo_8()].JML operation contract.0 
85336      DEBUG main            d.u.i.k.p.i.IntermediateProofReplayer Proof replay took 12.1ns 
91480      INFO  main            d.u.i.k.p.r.p.TestFile    ... finished proof: closed. 
91825      INFO  main            d.u.i.k.p.i.AbstractProblemLoader Loading environment from /home/runner/work/key/key/key.core/../key.ui/examples/performance-test/AccessChain4(AccessChain4__foo_08()).JML_operation_contract.0.key.proof 
91826      DEBUG main            d.u.i.k.p.i.AbstractProblemLoader Environment load took 657.2ns 
91836      INFO  main            d.u.i.k.p.i.AbstractProblemLoader Creating init config 
94739      DEBUG main            d.u.i.k.j.r.ClassPreparationMethodBuilder clPrepBuilder: Inner Class detected. Reject building class initialisation methods. 
101546     DEBUG main            d.u.i.k.p.i.AbstractProblemLoader Init config took 9.71s 
101628     INFO  main            d.u.i.k.p.i.AbstractProblemLoader Replaying proof AccessChain4[AccessChain4::foo_8()].JML operation contract.0 
102329     DEBUG main            d.u.i.k.p.i.IntermediateProofReplayer Proof replay took 669.11ms 
102332     DEBUG main            d.u.i.k.p.r.p.TestFile    ... success: reloaded. 
102334     INFO  main            d.u.i.k.p.r.p.TestFile    Now processing file /home/runner/work/key/key/key.core/../key.ui/examples/performance-test/Disjoint(Disjoint__xZero_08()).JML_operation_contract.0.key 
102334     INFO  main            d.u.i.k.p.i.AbstractProblemLoader Loading environment from /home/runner/work/key/key/key.core/../key.ui/examples/performance-test/Disjoint(Disjoint__xZero_08()).JML_operation_contract.0.key 
102334     DEBUG main            d.u.i.k.p.i.AbstractProblemLoader Environment load took 283.9ns 
102336     INFO  main            d.u.i.k.p.i.AbstractProblemLoader Creating init config 
105364     DEBUG main            d.u.i.k.j.r.ClassPreparationMethodBuilder clPrepBuilder: Inner Class detected. Reject building class initialisation methods. 
112176     DEBUG main            d.u.i.k.p.i.AbstractProblemLoader Init config took 9.84s 
112256     INFO  main            d.u.i.k.p.i.AbstractProblemLoader Replaying proof Disjoint[Disjoint::xZero_8()].JML operation contract.0 
112258     DEBUG main            d.u.i.k.p.i.IntermediateProofReplayer Proof replay took 11.1ns 
113263     INFO  main            d.u.i.k.p.r.p.TestFile    ... finished proof: closed. 
113597     INFO  main            d.u.i.k.p.i.AbstractProblemLoader Loading environment from /home/runner/work/key/key/key.core/../key.ui/examples/performance-test/Disjoint(Disjoint__xZero_08()).JML_operation_contract.0.key.proof 
113599     DEBUG main            d.u.i.k.p.i.AbstractProblemLoader Environment load took 2.04ms 
113603     INFO  main            d.u.i.k.p.i.AbstractProblemLoader Creating init config 
116508     DEBUG main            d.u.i.k.j.r.ClassPreparationMethodBuilder clPrepBuilder: Inner Class detected. Reject building class initialisation methods. 
123306     DEBUG main            d.u.i.k.p.i.AbstractProblemLoader Init config took 9.7s 
123387     INFO  main            d.u.i.k.p.i.AbstractProblemLoader Replaying proof Disjoint[Disjoint::xZero_8()].JML operation contract.0 
123579     DEBUG main            d.u.i.k.p.i.IntermediateProofReplayer Proof replay took 184.71ms 
123580     DEBUG main            d.u.i.k.p.r.p.TestFile    ... success: reloaded. 
123582     INFO  main            d.u.i.k.p.r.p.TestFile    Now processing file /home/runner/work/key/key/key.core/../key.ui/examples/performance-test/Dynamic(Dynamic__foo_08()).JML_operation_contract.0.key 
123582     INFO  main            d.u.i.k.p.i.AbstractProblemLoader Loading environment from /home/runner/work/key/key/key.core/../key.ui/examples/performance-test/Dynamic(Dynamic__foo_08()).JML_operation_contract.0.key 
123582     DEBUG main            d.u.i.k.p.i.AbstractProblemLoader Environment load took 121ns 
123583     INFO  main            d.u.i.k.p.i.AbstractProblemLoader Creating init config 
126519     DEBUG main            d.u.i.k.j.r.ClassPreparationMethodBuilder clPrepBuilder: Inner Class detected. Reject building class initialisation methods. 
133285     DEBUG main            d.u.i.k.p.i.AbstractProblemLoader Init config took 9.7s 
133364     INFO  main            d.u.i.k.p.i.AbstractProblemLoader Replaying proof Dynamic[Dynamic::foo_8()].JML operation contract.0 
133366     DEBUG main            d.u.i.k.p.i.IntermediateProofReplayer Proof replay took 11.5ns 
138108     INFO  main            d.u.i.k.p.r.p.TestFile    ... finished proof: closed. 
138459     INFO  main            d.u.i.k.p.i.AbstractProblemLoader Loading environment from /home/runner/work/key/key/key.core/../key.ui/examples/performance-test/Dynamic(Dynamic__foo_08()).JML_operation_contract.0.key.proof 
138460     DEBUG main            d.u.i.k.p.i.AbstractProblemLoader Environment load took 200.3ns 
138461     INFO  main            d.u.i.k.p.i.AbstractProblemLoader Creating init config 
141301     DEBUG main            d.u.i.k.j.r.ClassPreparationMethodBuilder clPrepBuilder: Inner Class detected. Reject building class initialisation methods. 
148037     DEBUG main            d.u.i.k.p.i.AbstractProblemLoader Init config took 9.58s 
148114     INFO  main            d.u.i.k.p.i.AbstractProblemLoader Replaying proof Dynamic[Dynamic::foo_8()].JML operation contract.0 
148529     DEBUG main            d.u.i.k.p.i.IntermediateProofReplayer Proof replay took 390.17ms 
148531     DEBUG main            d.u.i.k.p.r.p.TestFile    ... success: reloaded. 
148532     INFO  main            d.u.i.k.p.r.p.TestFile    Now processing file /home/runner/work/key/key/key.core/../key.ui/examples/performance-test/DynamicGhost(DynamicGhost__dynamicGhost_08()).JML_normal_behavior_operation_contract.0.key 
148532     INFO  main            d.u.i.k.p.i.AbstractProblemLoader Loading environment from /home/runner/work/key/key/key.core/../key.ui/examples/performance-test/DynamicGhost(DynamicGhost__dynamicGhost_08()).JML_normal_behavior_operation_contract.0.key 
148533     DEBUG main            d.u.i.k.p.i.AbstractProblemLoader Environment load took 285.1ns 
148534     INFO  main            d.u.i.k.p.i.AbstractProblemLoader Creating init config 
151479     DEBUG main            d.u.i.k.j.r.ClassPreparationMethodBuilder clPrepBuilder: Inner Class detected. Reject building class initialisation methods. 
158243     DEBUG main            d.u.i.k.p.i.AbstractProblemLoader Init config took 9.71s 
158322     INFO  main            d.u.i.k.p.i.AbstractProblemLoader Replaying proof DynamicGhost[DynamicGhost::dynamicGhost_8()].JML normal_behavior operation contract.0 
158324     DEBUG main            d.u.i.k.p.i.IntermediateProofReplayer Proof replay took 9.8ns 
162091     INFO  main            d.u.i.k.p.r.p.TestFile    ... finished proof: closed. 
162481     INFO  main            d.u.i.k.p.i.AbstractProblemLoader Loading environment from /home/runner/work/key/key/key.core/../key.ui/examples/performance-test/DynamicGhost(DynamicGhost__dynamicGhost_08()).JML_normal_behavior_operation_contract.0.key.proof 
162481     DEBUG main            d.u.i.k.p.i.AbstractProblemLoader Environment load took 207.5ns 
162483     INFO  main            d.u.i.k.p.i.AbstractProblemLoader Creating init config 
165356     DEBUG main            d.u.i.k.j.r.ClassPreparationMethodBuilder clPrepBuilder: Inner Class detected. Reject building class initialisation methods. 
172080     DEBUG main            d.u.i.k.p.i.AbstractProblemLoader Init config took 9.6s 
172157     INFO  main            d.u.i.k.p.i.AbstractProblemLoader Replaying proof DynamicGhost[DynamicGhost::dynamicGhost_8()].JML normal_behavior operation contract.0 
172614     DEBUG main            d.u.i.k.p.i.IntermediateProofReplayer Proof replay took 436.32ms 
172616     DEBUG main            d.u.i.k.p.r.p.TestFile    ... success: reloaded. 
172618     INFO  main            d.u.i.k.p.r.p.TestFile    Now processing file /home/runner/work/key/key/key.core/../key.ui/examples/performance-test/GhostFrame(GhostFrame__foo_08()).JML_operation_contract.0.key 
172618     INFO  main            d.u.i.k.p.i.AbstractProblemLoader Loading environment from /home/runner/work/key/key/key.core/../key.ui/examples/performance-test/GhostFrame(GhostFrame__foo_08()).JML_operation_contract.0.key 
172618     DEBUG main            d.u.i.k.p.i.AbstractProblemLoader Environment load took 113.2ns 
172619     INFO  main            d.u.i.k.p.i.AbstractProblemLoader Creating init config 
175544     DEBUG main            d.u.i.k.j.r.ClassPreparationMethodBuilder clPrepBuilder: Inner Class detected. Reject building class initialisation methods. 
182448     DEBUG main            d.u.i.k.p.i.AbstractProblemLoader Init config took 9.83s 
182523     INFO  main            d.u.i.k.p.i.AbstractProblemLoader Replaying proof GhostFrame[GhostFrame::foo_8()].JML operation contract.0 
182525     DEBUG main            d.u.i.k.p.i.IntermediateProofReplayer Proof replay took 10.6ns 
184330     INFO  main            d.u.i.k.p.r.p.TestFile    ... finished proof: closed. 
184715     INFO  main            d.u.i.k.p.i.AbstractProblemLoader Loading environment from /home/runner/work/key/key/key.core/../key.ui/examples/performance-test/GhostFrame(GhostFrame__foo_08()).JML_operation_contract.0.key.proof 
184715     DEBUG main            d.u.i.k.p.i.AbstractProblemLoader Environment load took 524.2ns 
184717     INFO  main            d.u.i.k.p.i.AbstractProblemLoader Creating init config 
187553     DEBUG main            d.u.i.k.j.r.ClassPreparationMethodBuilder clPrepBuilder: Inner Class detected. Reject building class initialisation methods. 
194264     DEBUG main            d.u.i.k.p.i.AbstractProblemLoader Init config took 9.55s 
194338     INFO  main            d.u.i.k.p.i.AbstractProblemLoader Replaying proof GhostFrame[GhostFrame::foo_8()].JML operation contract.0 
194577     DEBUG main            d.u.i.k.p.i.IntermediateProofReplayer Proof replay took 230.83ms 
194578     DEBUG main            d.u.i.k.p.r.p.TestFile    ... success: reloaded. 
194579     INFO  main            d.u.i.k.p.r.p.TestFile    Now processing file /home/runner/work/key/key/key.core/../key.ui/examples/performance-test/Modelfield(Modelfield__foo_08()).JML_operation_contract.0.key 
194580     INFO  main            d.u.i.k.p.i.AbstractProblemLoader Loading environment from /home/runner/work/key/key/key.core/../key.ui/examples/performance-test/Modelfield(Modelfield__foo_08()).JML_operation_contract.0.key 
194580     DEBUG main            d.u.i.k.p.i.AbstractProblemLoader Environment load took 91.8ns 
194581     INFO  main            d.u.i.k.p.i.AbstractProblemLoader Creating init config 
197503     DEBUG main            d.u.i.k.j.r.ClassPreparationMethodBuilder clPrepBuilder: Inner Class detected. Reject building class initialisation methods. 
204276     DEBUG main            d.u.i.k.p.i.AbstractProblemLoader Init config took 9.7s 
204351     INFO  main            d.u.i.k.p.i.AbstractProblemLoader Replaying proof Modelfield[Modelfield::foo_8()].JML operation contract.0 
204353     DEBUG main            d.u.i.k.p.i.IntermediateProofReplayer Proof replay took 5.4ns 
207171     INFO  main            d.u.i.k.p.r.p.TestFile    ... finished proof: closed. 
207579     INFO  main            d.u.i.k.p.i.AbstractProblemLoader Loading environment from /home/runner/work/key/key/key.core/../key.ui/examples/performance-test/Modelfield(Modelfield__foo_08()).JML_operation_contract.0.key.proof 
207579     DEBUG main            d.u.i.k.p.i.AbstractProblemLoader Environment load took 315.9ns 
207581     INFO  main            d.u.i.k.p.i.AbstractProblemLoader Creating init config 
210429     DEBUG main            d.u.i.k.j.r.ClassPreparationMethodBuilder clPrepBuilder: Inner Class detected. Reject building class initialisation methods. 
217196     DEBUG main            d.u.i.k.p.i.AbstractProblemLoader Init config took 9.62s 
217270     INFO  main            d.u.i.k.p.i.AbstractProblemLoader Replaying proof Modelfield[Modelfield::foo_8()].JML operation contract.0 
217560     DEBUG main            d.u.i.k.p.i.IntermediateProofReplayer Proof replay took 277.17ms 
217562     DEBUG main            d.u.i.k.p.r.p.TestFile    ... success: reloaded. 
360881     INFO  Test worker     d.u.i.k.p.r.RunAllProofsTestUnit Returning from test performance 
360884     INFO  Test worker     d.u.i.k.p.r.RunAllProofsTestUnit Running test performancePOConstruction 
342        INFO  Timeout watchdog d.u.i.k.p.r.p.ForkedTestFileRunner Timeout watcher launched (2000 secs.) 
371        WARN  main            d.u.i.k.s.ProofSettings   The settings in /home/runner/.key/proof-settings.props are *not* read. 
419        INFO  main            d.u.i.k.p.r.p.TestFile    Now processing file /home/runner/work/key/key/key.core/../key.ui/examples/performance-test/Test(Test__a0(int)).JML_normal_behavior_operation_contract.0.key 
535        INFO  main            d.u.i.k.p.i.AbstractProblemLoader Loading environment from /home/runner/work/key/key/key.core/../key.ui/examples/performance-test/Test(Test__a0(int)).JML_normal_behavior_operation_contract.0.key 
557        DEBUG main            d.u.i.k.p.i.AbstractProblemLoader Environment load took 2.16ms 
764        INFO  main            d.u.i.k.p.i.AbstractProblemLoader Creating init config 
1595       DEBUG main            d.u.i.k.j.TypeConverter   No LDT found for Meta 
1601       DEBUG main            d.u.i.k.j.TypeConverter   No LDT found for Meta 
1603       DEBUG main            d.u.i.k.j.TypeConverter   No LDT found for Meta 
1605       DEBUG main            d.u.i.k.j.TypeConverter   No LDT found for Meta 
2868       DEBUG main            d.u.i.k.j.TypeConverter   No LDT found for JavaBigintExpression 
8537       DEBUG main            d.u.i.k.j.r.ClassPreparationMethodBuilder clPrepBuilder: Inner Class detected. Reject building class initialisation methods. 
16726      DEBUG main            d.u.i.k.p.i.AbstractProblemLoader Init config took 15.96s 
17574      INFO  main            d.u.i.k.p.i.AbstractProblemLoader Replaying proof Test[Test::a0(int)].JML normal_behavior operation contract.0 
17656      DEBUG main            d.u.i.k.p.i.IntermediateProofReplayer Proof replay took 34ns 
18093      INFO  main            d.u.i.k.p.r.p.TestFile    ... finished proof: closed. 
18301      INFO  main            d.u.i.k.p.i.AbstractProblemLoader Loading environment from /home/runner/work/key/key/key.core/../key.ui/examples/performance-test/Test(Test__a0(int)).JML_normal_behavior_operation_contract.0.key.proof 
18301      DEBUG main            d.u.i.k.p.i.AbstractProblemLoader Environment load took 127.9ns 
18303      INFO  main            d.u.i.k.p.i.AbstractProblemLoader Creating init config 
21423      DEBUG main            d.u.i.k.j.r.ClassPreparationMethodBuilder clPrepBuilder: Inner Class detected. Reject building class initialisation methods. 
28664      DEBUG main            d.u.i.k.p.i.AbstractProblemLoader Init config took 10.36s 
29381      INFO  main            d.u.i.k.p.i.AbstractProblemLoader Replaying proof Test[Test::a0(int)].JML normal_behavior operation contract.0 
29403      DEBUG main            d.u.i.k.p.i.IntermediateProofReplayer Proof replay took 17.95ms 
29409      DEBUG main            d.u.i.k.p.r.p.TestFile    ... success: reloaded. 
29416      INFO  main            d.u.i.k.p.r.p.TestFile    Now processing file /home/runner/work/key/key/key.core/../key.ui/examples/performance-test/Test(Test__a1(int)).JML_normal_behavior_operation_contract.0.key 
29424      INFO  main            d.u.i.k.p.i.AbstractProblemLoader Loading environment from /home/runner/work/key/key/key.core/../key.ui/examples/performance-test/Test(Test__a1(int)).JML_normal_behavior_operation_contract.0.key 
29424      DEBUG main            d.u.i.k.p.i.AbstractProblemLoader Environment load took 143.7ns 
29425      INFO  main            d.u.i.k.p.i.AbstractProblemLoader Creating init config 
32454      DEBUG main            d.u.i.k.j.r.ClassPreparationMethodBuilder clPrepBuilder: Inner Class detected. Reject building class initialisation methods. 
39461      DEBUG main            d.u.i.k.p.i.AbstractProblemLoader Init config took 10.04s 
40175      INFO  main            d.u.i.k.p.i.AbstractProblemLoader Replaying proof Test[Test::a1(int)].JML normal_behavior operation contract.0 
40178      DEBUG main            d.u.i.k.p.i.IntermediateProofReplayer Proof replay took 6ns 
40582      INFO  main            d.u.i.k.p.r.p.TestFile    ... finished proof: closed. 
40807      INFO  main            d.u.i.k.p.i.AbstractProblemLoader Loading environment from /home/runner/work/key/key/key.core/../key.ui/examples/performance-test/Test(Test__a1(int)).JML_normal_behavior_operation_contract.0.key.proof 
40811      DEBUG main            d.u.i.k.p.i.AbstractProblemLoader Environment load took 169.9ns 
40813      INFO  main            d.u.i.k.p.i.AbstractProblemLoader Creating init config 
43810      DEBUG main            d.u.i.k.j.r.ClassPreparationMethodBuilder clPrepBuilder: Inner Class detected. Reject building class initialisation methods. 
50721      DEBUG main            d.u.i.k.p.i.AbstractProblemLoader Init config took 9.91s 
51406      INFO  main            d.u.i.k.p.i.AbstractProblemLoader Replaying proof Test[Test::a1(int)].JML normal_behavior operation contract.0 
51459      DEBUG main            d.u.i.k.p.i.IntermediateProofReplayer Proof replay took 49.71ms 
51461      DEBUG main            d.u.i.k.p.r.p.TestFile    ... success: reloaded. 
51462      INFO  main            d.u.i.k.p.r.p.TestFile    Now processing file /home/runner/work/key/key/key.core/../key.ui/examples/performance-test/Test(Test__f1(int)).JML_normal_behavior_operation_contract.0.key 
51464      INFO  main            d.u.i.k.p.i.AbstractProblemLoader Loading environment from /home/runner/work/key/key/key.core/../key.ui/examples/performance-test/Test(Test__f1(int)).JML_normal_behavior_operation_contract.0.key 
51464      DEBUG main            d.u.i.k.p.i.AbstractProblemLoader Environment load took 256.2ns 
51468      INFO  main            d.u.i.k.p.i.AbstractProblemLoader Creating init config 
54450      DEBUG main            d.u.i.k.j.r.ClassPreparationMethodBuilder clPrepBuilder: Inner Class detected. Reject building class initialisation methods. 
61309      DEBUG main            d.u.i.k.p.i.AbstractProblemLoader Init config took 9.84s 
61979      INFO  main            d.u.i.k.p.i.AbstractProblemLoader Replaying proof Test[Test::f1(int)].JML normal_behavior operation contract.0 
61982      DEBUG main            d.u.i.k.p.i.IntermediateProofReplayer Proof replay took 6.2ns 
62186      INFO  main            d.u.i.k.p.r.p.TestFile    ... finished proof: closed. 
62465      INFO  main            d.u.i.k.p.i.AbstractProblemLoader Loading environment from /home/runner/work/key/key/key.core/../key.ui/examples/performance-test/Test(Test__f1(int)).JML_normal_behavior_operation_contract.0.key.proof 
62466      DEBUG main            d.u.i.k.p.i.AbstractProblemLoader Environment load took 461.6ns 
62467      INFO  main            d.u.i.k.p.i.AbstractProblemLoader Creating init config 
65383      DEBUG main            d.u.i.k.j.r.ClassPreparationMethodBuilder clPrepBuilder: Inner Class detected. Reject building class initialisation methods. 
72286      DEBUG main            d.u.i.k.p.i.AbstractProblemLoader Init config took 9.82s 
72935      INFO  main            d.u.i.k.p.i.AbstractProblemLoader Replaying proof Test[Test::f1(int)].JML normal_behavior operation contract.0 
72982      DEBUG main            d.u.i.k.p.i.IntermediateProofReplayer Proof replay took 43.95ms 
72984      DEBUG main            d.u.i.k.p.r.p.TestFile    ... success: reloaded. 
434030     INFO  Test worker     d.u.i.k.p.r.RunAllProofsTestUnit Returning from test performancePOConstruction 
434031     INFO  Test worker     d.u.i.k.p.r.RunAllProofsTestUnit Running test applicationRestrictions 
310        INFO  Timeout watchdog d.u.i.k.p.r.p.ForkedTestFileRunner Timeout watcher launched (2000 secs.) 
320        WARN  main            d.u.i.k.s.ProofSettings   The settings in /home/runner/.key/proof-settings.props are *not* read. 
347        INFO  main            d.u.i.k.p.r.p.TestFile    Now processing file /home/runner/work/key/key/key.core/../key.ui/examples/heap/polarity_tests/wellformed1.key 
454        INFO  main            d.u.i.k.p.i.AbstractProblemLoader Loading environment from /home/runner/work/key/key/key.core/../key.ui/examples/heap/polarity_tests/wellformed1.key 
477        DEBUG main            d.u.i.k.p.i.AbstractProblemLoader Environment load took 2.26ms 
713        INFO  main            d.u.i.k.p.i.AbstractProblemLoader Creating init config 
1602       DEBUG main            d.u.i.k.j.TypeConverter   No LDT found for Meta 
1602       DEBUG main            d.u.i.k.j.TypeConverter   No LDT found for Meta 
1606       DEBUG main            d.u.i.k.j.TypeConverter   No LDT found for Meta 
1606       DEBUG main            d.u.i.k.j.TypeConverter   No LDT found for Meta 
3059       DEBUG main            d.u.i.k.j.TypeConverter   No LDT found for JavaBigintExpression 
8240       DEBUG main            d.u.i.k.p.i.AbstractProblemLoader Init config took 7.53s 
8304       INFO  main            d.u.i.k.p.i.AbstractProblemLoader Replaying proof wellformed1.key 
8335       DEBUG main            d.u.i.k.p.i.IntermediateProofReplayer Proof replay took 34ns 
8493       INFO  main            d.u.i.k.p.r.p.TestFile    ... finished proof: closed. 
8584       INFO  main            d.u.i.k.p.i.AbstractProblemLoader Loading environment from /home/runner/work/key/key/key.core/../key.ui/examples/heap/polarity_tests/wellformed1.key.proof 
8584       DEBUG main            d.u.i.k.p.i.AbstractProblemLoader Environment load took 145.5ns 
8589       INFO  main            d.u.i.k.p.i.AbstractProblemLoader Creating init config 
11571      DEBUG main            d.u.i.k.p.i.AbstractProblemLoader Init config took 2.98s 
11625      INFO  main            d.u.i.k.p.i.AbstractProblemLoader Replaying proof wellformed1.key.proof 
11632      DEBUG main            d.u.i.k.p.i.IntermediateProofReplayer Proof replay took 2.28ms 
11642      DEBUG main            d.u.i.k.p.r.p.TestFile    ... success: reloaded. 
11643      INFO  main            d.u.i.k.p.r.p.TestFile    Now processing file /home/runner/work/key/key/key.core/../key.ui/examples/heap/polarity_tests/wellformed2.key 
11643      INFO  main            d.u.i.k.p.i.AbstractProblemLoader Loading environment from /home/runner/work/key/key/key.core/../key.ui/examples/heap/polarity_tests/wellformed2.key 
11644      DEBUG main            d.u.i.k.p.i.AbstractProblemLoader Environment load took 262.7ns 
11645      INFO  main            d.u.i.k.p.i.AbstractProblemLoader Creating init config 
14543      DEBUG main            d.u.i.k.p.i.AbstractProblemLoader Init config took 2.9s 
14573      INFO  main            d.u.i.k.p.i.AbstractProblemLoader Replaying proof wellformed2.key 
14575      DEBUG main            d.u.i.k.p.i.IntermediateProofReplayer Proof replay took 5.9ns 
14681      INFO  main            d.u.i.k.p.r.p.TestFile    ... finished proof: open goal(s) 
14817      INFO  main            d.u.i.k.p.r.p.TestFile    Now processing file /home/runner/work/key/key/key.core/../key.ui/examples/heap/polarity_tests/wellformed3.key 
14817      INFO  main            d.u.i.k.p.i.AbstractProblemLoader Loading environment from /home/runner/work/key/key/key.core/../key.ui/examples/heap/polarity_tests/wellformed3.key 
14818      DEBUG main            d.u.i.k.p.i.AbstractProblemLoader Environment load took 72ns 
14819      INFO  main            d.u.i.k.p.i.AbstractProblemLoader Creating init config 
17598      DEBUG main            d.u.i.k.p.i.AbstractProblemLoader Init config took 2.78s 
17622      INFO  main            d.u.i.k.p.i.AbstractProblemLoader Replaying proof wellformed3.key 
17624      DEBUG main            d.u.i.k.p.i.IntermediateProofReplayer Proof replay took 5.7ns 
17729      INFO  main            d.u.i.k.p.r.p.TestFile    ... finished proof: closed. 
17831      INFO  main            d.u.i.k.p.i.AbstractProblemLoader Loading environment from /home/runner/work/key/key/key.core/../key.ui/examples/heap/polarity_tests/wellformed3.key.proof 
17831      DEBUG main            d.u.i.k.p.i.AbstractProblemLoader Environment load took 119.6ns 
17833      INFO  main            d.u.i.k.p.i.AbstractProblemLoader Creating init config 
20577      DEBUG main            d.u.i.k.p.i.AbstractProblemLoader Init config took 2.74s 
20600      INFO  main            d.u.i.k.p.i.AbstractProblemLoader Replaying proof wellformed3.key.proof 
20604      DEBUG main            d.u.i.k.p.i.IntermediateProofReplayer Proof replay took 1.87ms 
20613      DEBUG main            d.u.i.k.p.r.p.TestFile    ... success: reloaded. 
20614      INFO  main            d.u.i.k.p.r.p.TestFile    Now processing file /home/runner/work/key/key/key.core/../key.ui/examples/heap/polarity_tests/wellformed4.key 
20614      INFO  main            d.u.i.k.p.i.AbstractProblemLoader Loading environment from /home/runner/work/key/key/key.core/../key.ui/examples/heap/polarity_tests/wellformed4.key 
20618      DEBUG main            d.u.i.k.p.i.AbstractProblemLoader Environment load took 3.51ms 
20619      INFO  main            d.u.i.k.p.i.AbstractProblemLoader Creating init config 
23357      DEBUG main            d.u.i.k.p.i.AbstractProblemLoader Init config took 2.74s 
23378      INFO  main            d.u.i.k.p.i.AbstractProblemLoader Replaying proof wellformed4.key 
23380      DEBUG main            d.u.i.k.p.i.IntermediateProofReplayer Proof replay took 6.4ns 
23483      INFO  main            d.u.i.k.p.r.p.TestFile    ... finished proof: open goal(s) 
23604      INFO  main            d.u.i.k.p.r.p.TestFile    Now processing file /home/runner/work/key/key/key.core/../key.ui/examples/heap/polarity_tests/wellformed5.key 
23605      INFO  main            d.u.i.k.p.i.AbstractProblemLoader Loading environment from /home/runner/work/key/key/key.core/../key.ui/examples/heap/polarity_tests/wellformed5.key 
23605      DEBUG main            d.u.i.k.p.i.AbstractProblemLoader Environment load took 61.2ns 
23606      INFO  main            d.u.i.k.p.i.AbstractProblemLoader Creating init config 
26336      DEBUG main            d.u.i.k.p.i.AbstractProblemLoader Init config took 2.73s 
26360      INFO  main            d.u.i.k.p.i.AbstractProblemLoader Replaying proof wellformed5.key 
26361      DEBUG main            d.u.i.k.p.i.IntermediateProofReplayer Proof replay took 6.7ns 
26464      INFO  main            d.u.i.k.p.r.p.TestFile    ... finished proof: closed. 
26578      INFO  main            d.u.i.k.p.i.AbstractProblemLoader Loading environment from /home/runner/work/key/key/key.core/../key.ui/examples/heap/polarity_tests/wellformed5.key.proof 
26578      DEBUG main            d.u.i.k.p.i.AbstractProblemLoader Environment load took 114.6ns 
26581      INFO  main            d.u.i.k.p.i.AbstractProblemLoader Creating init config 
29250      DEBUG main            d.u.i.k.p.i.AbstractProblemLoader Init config took 2.67s 
29272      INFO  main            d.u.i.k.p.i.AbstractProblemLoader Replaying proof wellformed5.key.proof 
29275      DEBUG main            d.u.i.k.p.i.IntermediateProofReplayer Proof replay took 1.01ms 
29276      DEBUG main            d.u.i.k.p.r.p.TestFile    ... success: reloaded. 
29277      INFO  main            d.u.i.k.p.r.p.TestFile    Now processing file /home/runner/work/key/key/key.core/../key.ui/examples/heap/polarity_tests/wellformed6.key 
29278      INFO  main            d.u.i.k.p.i.AbstractProblemLoader Loading environment from /home/runner/work/key/key/key.core/../key.ui/examples/heap/polarity_tests/wellformed6.key 
29278      DEBUG main            d.u.i.k.p.i.AbstractProblemLoader Environment load took 219.9ns 
29279      INFO  main            d.u.i.k.p.i.AbstractProblemLoader Creating init config 
32046      DEBUG main            d.u.i.k.p.i.AbstractProblemLoader Init config took 2.77s 
32064      INFO  main            d.u.i.k.p.i.AbstractProblemLoader Replaying proof wellformed6.key 
32066      DEBUG main            d.u.i.k.p.i.IntermediateProofReplayer Proof replay took 6.3ns 
32169      INFO  main            d.u.i.k.p.r.p.TestFile    ... finished proof: open goal(s) 
32297      INFO  main            d.u.i.k.p.r.p.TestFile    Now processing file /home/runner/work/key/key/key.core/../key.ui/examples/heap/polarity_tests/wellformed7.key 
32297      INFO  main            d.u.i.k.p.i.AbstractProblemLoader Loading environment from /home/runner/work/key/key/key.core/../key.ui/examples/heap/polarity_tests/wellformed7.key 
32297      DEBUG main            d.u.i.k.p.i.AbstractProblemLoader Environment load took 64ns 
32298      INFO  main            d.u.i.k.p.i.AbstractProblemLoader Creating init config 
34959      DEBUG main            d.u.i.k.p.i.AbstractProblemLoader Init config took 2.66s 
34977      INFO  main            d.u.i.k.p.i.AbstractProblemLoader Replaying proof wellformed7.key 
34978      DEBUG main            d.u.i.k.p.i.IntermediateProofReplayer Proof replay took 7ns 
35080      INFO  main            d.u.i.k.p.r.p.TestFile    ... finished proof: closed. 
35268      INFO  main            d.u.i.k.p.i.AbstractProblemLoader Loading environment from /home/runner/work/key/key/key.core/../key.ui/examples/heap/polarity_tests/wellformed7.key.proof 
35268      DEBUG main            d.u.i.k.p.i.AbstractProblemLoader Environment load took 145ns 
35269      INFO  main            d.u.i.k.p.i.AbstractProblemLoader Creating init config 
37948      DEBUG main            d.u.i.k.p.i.AbstractProblemLoader Init config took 2.67s 
37970      INFO  main            d.u.i.k.p.i.AbstractProblemLoader Replaying proof wellformed7.key.proof 
37977      DEBUG main            d.u.i.k.p.i.IntermediateProofReplayer Proof replay took 2.52ms 
37978      DEBUG main            d.u.i.k.p.r.p.TestFile    ... success: reloaded. 
37979      INFO  main            d.u.i.k.p.r.p.TestFile    Now processing file /home/runner/work/key/key/key.core/../key.ui/examples/heap/polarity_tests/wellformed8.key 
37979      INFO  main            d.u.i.k.p.i.AbstractProblemLoader Loading environment from /home/runner/work/key/key/key.core/../key.ui/examples/heap/polarity_tests/wellformed8.key 
37979      DEBUG main            d.u.i.k.p.i.AbstractProblemLoader Environment load took 95.2ns 
37980      INFO  main            d.u.i.k.p.i.AbstractProblemLoader Creating init config 
40721      DEBUG main            d.u.i.k.p.i.AbstractProblemLoader Init config took 2.74s 
40739      INFO  main            d.u.i.k.p.i.AbstractProblemLoader Replaying proof wellformed8.key 
40741      DEBUG main            d.u.i.k.p.i.IntermediateProofReplayer Proof replay took 6.7ns 
40859      INFO  main            d.u.i.k.p.r.p.TestFile    ... finished proof: open goal(s) 
41012      INFO  main            d.u.i.k.p.r.p.TestFile    Now processing file /home/runner/work/key/key/key.core/../key.ui/examples/heap/polarity_tests/wellformed9.key 
41013      INFO  main            d.u.i.k.p.i.AbstractProblemLoader Loading environment from /home/runner/work/key/key/key.core/../key.ui/examples/heap/polarity_tests/wellformed9.key 
41013      DEBUG main            d.u.i.k.p.i.AbstractProblemLoader Environment load took 68.2ns 
41014      INFO  main            d.u.i.k.p.i.AbstractProblemLoader Creating init config 
43708      DEBUG main            d.u.i.k.p.i.AbstractProblemLoader Init config took 2.69s 
43727      INFO  main            d.u.i.k.p.i.AbstractProblemLoader Replaying proof wellformed9.key 
43728      DEBUG main            d.u.i.k.p.i.IntermediateProofReplayer Proof replay took 7ns 
43830      INFO  main            d.u.i.k.p.r.p.TestFile    ... finished proof: closed. 
43956      INFO  main            d.u.i.k.p.i.AbstractProblemLoader Loading environment from /home/runner/work/key/key/key.core/../key.ui/examples/heap/polarity_tests/wellformed9.key.proof 
43956      DEBUG main            d.u.i.k.p.i.AbstractProblemLoader Environment load took 113.8ns 
43957      INFO  main            d.u.i.k.p.i.AbstractProblemLoader Creating init config 
46589      DEBUG main            d.u.i.k.p.i.AbstractProblemLoader Init config took 2.63s 
46605      INFO  main            d.u.i.k.p.i.AbstractProblemLoader Replaying proof wellformed9.key.proof 
46608      DEBUG main            d.u.i.k.p.i.IntermediateProofReplayer Proof replay took 1.36ms 
46609      DEBUG main            d.u.i.k.p.r.p.TestFile    ... success: reloaded. 
46610      INFO  main            d.u.i.k.p.r.p.TestFile    Now processing file /home/runner/work/key/key/key.core/../key.ui/examples/heap/polarity_tests/wellformed10.key 
46610      INFO  main            d.u.i.k.p.i.AbstractProblemLoader Loading environment from /home/runner/work/key/key/key.core/../key.ui/examples/heap/polarity_tests/wellformed10.key 
46610      DEBUG main            d.u.i.k.p.i.AbstractProblemLoader Environment load took 97.2ns 
46611      INFO  main            d.u.i.k.p.i.AbstractProblemLoader Creating init config 
49318      DEBUG main            d.u.i.k.p.i.AbstractProblemLoader Init config took 2.71s 
49334      INFO  main            d.u.i.k.p.i.AbstractProblemLoader Replaying proof wellformed10.key 
49336      DEBUG main            d.u.i.k.p.i.IntermediateProofReplayer Proof replay took 6ns 
49438      INFO  main            d.u.i.k.p.r.p.TestFile    ... finished proof: open goal(s) 
49576      INFO  main            d.u.i.k.p.r.p.TestFile    Now processing file /home/runner/work/key/key/key.core/../key.ui/examples/heap/polarity_tests/wellformed11.key 
49576      INFO  main            d.u.i.k.p.i.AbstractProblemLoader Loading environment from /home/runner/work/key/key/key.core/../key.ui/examples/heap/polarity_tests/wellformed11.key 
49576      DEBUG main            d.u.i.k.p.i.AbstractProblemLoader Environment load took 76.1ns 
49577      INFO  main            d.u.i.k.p.i.AbstractProblemLoader Creating init config 
52249      DEBUG main            d.u.i.k.p.i.AbstractProblemLoader Init config took 2.67s 
52264      INFO  main            d.u.i.k.p.i.AbstractProblemLoader Replaying proof wellformed11.key 
52265      DEBUG main            d.u.i.k.p.i.IntermediateProofReplayer Proof replay took 6.7ns 
52369      INFO  main            d.u.i.k.p.r.p.TestFile    ... finished proof: open goal(s) 
486707     INFO  Test worker     d.u.i.k.p.r.RunAllProofsTestUnit Returning from test applicationRestrictions 
486708     INFO  Test worker     d.u.i.k.p.r.RunAllProofsTestUnit Running test blockContracts 
361        INFO  Timeout watchdog d.u.i.k.p.r.p.ForkedTestFileRunner Timeout watcher launched (2000 secs.) 
376        WARN  main            d.u.i.k.s.ProofSettings   The settings in /home/runner/.key/proof-settings.props are *not* read. 
403        INFO  main            d.u.i.k.p.r.p.TestFile    Now processing file /home/runner/work/key/key/key.core/../key.ui/examples/heap/block_contracts/Simple__add.key 
512        INFO  main            d.u.i.k.p.i.AbstractProblemLoader Loading environment from /home/runner/work/key/key/key.core/../key.ui/examples/heap/block_contracts/Simple__add.key 
537        DEBUG main            d.u.i.k.p.i.AbstractProblemLoader Environment load took 2.15ms 
764        INFO  main            d.u.i.k.p.i.AbstractProblemLoader Creating init config 
1708       DEBUG main            d.u.i.k.j.TypeConverter   No LDT found for Meta 
1709       DEBUG main            d.u.i.k.j.TypeConverter   No LDT found for Meta 
1710       DEBUG main            d.u.i.k.j.TypeConverter   No LDT found for Meta 
1711       DEBUG main            d.u.i.k.j.TypeConverter   No LDT found for Meta 
3274       DEBUG main            d.u.i.k.j.TypeConverter   No LDT found for JavaBigintExpression 
8684       DEBUG main            d.u.i.k.p.i.AbstractProblemLoader Init config took 7.92s 
8846       INFO  main            d.u.i.k.p.i.AbstractProblemLoader Replaying proof Simple[Simple::add(int,int)].JML operation contract.0 
8924       DEBUG main            d.u.i.k.p.i.IntermediateProofReplayer Proof replay took 330.6ns 
9644       INFO  main            d.u.i.k.p.r.p.TestFile    ... finished proof: closed. 
9749       INFO  main            d.u.i.k.p.i.AbstractProblemLoader Loading environment from /home/runner/work/key/key/key.core/../key.ui/examples/heap/block_contracts/Simple__add.key.proof 
9749       DEBUG main            d.u.i.k.p.i.AbstractProblemLoader Environment load took 463.6ns 
9751       INFO  main            d.u.i.k.p.i.AbstractProblemLoader Creating init config 
13090      DEBUG main            d.u.i.k.p.i.AbstractProblemLoader Init config took 3.34s 
13151      INFO  main            d.u.i.k.p.i.AbstractProblemLoader Replaying proof Simple[Simple::add(int,int)].JML operation contract.0 
13215      DEBUG main            d.u.i.k.p.i.IntermediateProofReplayer Proof replay took 59.67ms 
13221      DEBUG main            d.u.i.k.p.r.p.TestFile    ... success: reloaded. 
13223      INFO  main            d.u.i.k.p.r.p.TestFile    Now processing file /home/runner/work/key/key/key.core/../key.ui/examples/heap/block_contracts/Simple__addAbsoluteValues.key 
13223      INFO  main            d.u.i.k.p.i.AbstractProblemLoader Loading environment from /home/runner/work/key/key/key.core/../key.ui/examples/heap/block_contracts/Simple__addAbsoluteValues.key 
13224      DEBUG main            d.u.i.k.p.i.AbstractProblemLoader Environment load took 244.3ns 
13225      INFO  main            d.u.i.k.p.i.AbstractProblemLoader Creating init config 
16346      DEBUG main            d.u.i.k.p.i.AbstractProblemLoader Init config took 3.12s 
16406      INFO  main            d.u.i.k.p.i.AbstractProblemLoader Replaying proof Simple[Simple::addAbsoluteValues(int,int)].JML normal_behavior operation contract.0 
16409      DEBUG main            d.u.i.k.p.i.IntermediateProofReplayer Proof replay took 14.3ns 
17421      INFO  main            d.u.i.k.p.r.p.TestFile    ... finished proof: closed. 
17600      INFO  main            d.u.i.k.p.i.AbstractProblemLoader Loading environment from /home/runner/work/key/key/key.core/../key.ui/examples/heap/block_contracts/Simple__addAbsoluteValues.key.proof 
17601      DEBUG main            d.u.i.k.p.i.AbstractProblemLoader Environment load took 1.05ms 
17603      INFO  main            d.u.i.k.p.i.AbstractProblemLoader Creating init config 
20669      DEBUG main            d.u.i.k.p.i.AbstractProblemLoader Init config took 3.07s 
20733      INFO  main            d.u.i.k.p.i.AbstractProblemLoader Replaying proof Simple[Simple::addAbsoluteValues(int,int)].JML normal_behavior operation contract.0 
20883      DEBUG main            d.u.i.k.p.i.IntermediateProofReplayer Proof replay took 142.15ms 
20885      DEBUG main            d.u.i.k.p.r.p.TestFile    ... success: reloaded. 
20886      INFO  main            d.u.i.k.p.r.p.TestFile    Now processing file /home/runner/work/key/key/key.core/../key.ui/examples/heap/block_contracts/Simple__addWithJump.key 
20887      INFO  main            d.u.i.k.p.i.AbstractProblemLoader Loading environment from /home/runner/work/key/key/key.core/../key.ui/examples/heap/block_contracts/Simple__addWithJump.key 
20887      DEBUG main            d.u.i.k.p.i.AbstractProblemLoader Environment load took 265.9ns 
20888      INFO  main            d.u.i.k.p.i.AbstractProblemLoader Creating init config 
23919      DEBUG main            d.u.i.k.p.i.AbstractProblemLoader Init config took 3.03s 
23971      INFO  main            d.u.i.k.p.i.AbstractProblemLoader Replaying proof Simple[Simple::addWithJump(int,int,int)].JML operation contract.0 
23975      DEBUG main            d.u.i.k.p.i.IntermediateProofReplayer Proof replay took 10.7ns 
24178      INFO  main            d.u.i.k.p.r.p.TestFile    ... finished proof: closed. 
24346      INFO  main            d.u.i.k.p.i.AbstractProblemLoader Loading environment from /home/runner/work/key/key/key.core/../key.ui/examples/heap/block_contracts/Simple__addWithJump.key.proof 
24346      DEBUG main            d.u.i.k.p.i.AbstractProblemLoader Environment load took 118.8ns 
24349      INFO  main            d.u.i.k.p.i.AbstractProblemLoader Creating init config 
27327      DEBUG main            d.u.i.k.p.i.AbstractProblemLoader Init config took 2.98s 
27375      INFO  main            d.u.i.k.p.i.AbstractProblemLoader Replaying proof Simple[Simple::addWithJump(int,int,int)].JML operation contract.0 
27421      DEBUG main            d.u.i.k.p.i.IntermediateProofReplayer Proof replay took 41.17ms 
27423      DEBUG main            d.u.i.k.p.r.p.TestFile    ... success: reloaded. 
27425      INFO  main            d.u.i.k.p.r.p.TestFile    Now processing file /home/runner/work/key/key/key.core/../key.ui/examples/heap/block_contracts/Simple__addWithTwoBlockContracts.key 
27425      INFO  main            d.u.i.k.p.i.AbstractProblemLoader Loading environment from /home/runner/work/key/key/key.core/../key.ui/examples/heap/block_contracts/Simple__addWithTwoBlockContracts.key 
27426      DEBUG main            d.u.i.k.p.i.AbstractProblemLoader Environment load took 226.5ns 
27429      INFO  main            d.u.i.k.p.i.AbstractProblemLoader Creating init config 
30423      DEBUG main            d.u.i.k.p.i.AbstractProblemLoader Init config took 2.99s 
30470      INFO  main            d.u.i.k.p.i.AbstractProblemLoader Replaying proof Simple[Simple::addWithTwoBlockContracts(int,int,int)].JML operation contract.0 
30472      DEBUG main            d.u.i.k.p.i.IntermediateProofReplayer Proof replay took 11.2ns 
30775      INFO  main            d.u.i.k.p.r.p.TestFile    ... finished proof: closed. 
30943      INFO  main            d.u.i.k.p.i.AbstractProblemLoader Loading environment from /home/runner/work/key/key/key.core/../key.ui/examples/heap/block_contracts/Simple__addWithTwoBlockContracts.key.proof 
30943      DEBUG main            d.u.i.k.p.i.AbstractProblemLoader Environment load took 114ns 
30944      INFO  main            d.u.i.k.p.i.AbstractProblemLoader Creating init config 
33940      DEBUG main            d.u.i.k.p.i.AbstractProblemLoader Init config took 3s 
33984      INFO  main            d.u.i.k.p.i.AbstractProblemLoader Replaying proof Simple[Simple::addWithTwoBlockContracts(int,int,int)].JML operation contract.0 
34037      DEBUG main            d.u.i.k.p.i.IntermediateProofReplayer Proof replay took 49.69ms 
34038      DEBUG main            d.u.i.k.p.r.p.TestFile    ... success: reloaded. 
34040      INFO  main            d.u.i.k.p.r.p.TestFile    Now processing file /home/runner/work/key/key/key.core/../key.ui/examples/heap/block_contracts/Simple__generateByteArray.key 
34040      INFO  main            d.u.i.k.p.i.AbstractProblemLoader Loading environment from /home/runner/work/key/key/key.core/../key.ui/examples/heap/block_contracts/Simple__generateByteArray.key 
34040      DEBUG main            d.u.i.k.p.i.AbstractProblemLoader Environment load took 220.3ns 
34041      INFO  main            d.u.i.k.p.i.AbstractProblemLoader Creating init config 
37059      DEBUG main            d.u.i.k.p.i.AbstractProblemLoader Init config took 3.02s 
37103      INFO  main            d.u.i.k.p.i.AbstractProblemLoader Replaying proof Simple[Simple::generateByteArray()].JML normal_behavior operation contract.0 
37106      DEBUG main            d.u.i.k.p.i.IntermediateProofReplayer Proof replay took 9.9ns 
38752      INFO  main            d.u.i.k.p.r.p.TestFile    ... finished proof: closed. 
38940      INFO  main            d.u.i.k.p.i.AbstractProblemLoader Loading environment from /home/runner/work/key/key/key.core/../key.ui/examples/heap/block_contracts/Simple__generateByteArray.key.proof 
38941      DEBUG main            d.u.i.k.p.i.AbstractProblemLoader Environment load took 476.8ns 
38943      INFO  main            d.u.i.k.p.i.AbstractProblemLoader Creating init config 
41898      DEBUG main            d.u.i.k.p.i.AbstractProblemLoader Init config took 2.96s 
41966      INFO  main            d.u.i.k.p.i.AbstractProblemLoader Replaying proof Simple[Simple::generateByteArray()].JML normal_behavior operation contract.0 
42216      DEBUG main            d.u.i.k.p.i.IntermediateProofReplayer Proof replay took 235.33ms 
42218      DEBUG main            d.u.i.k.p.r.p.TestFile    ... success: reloaded. 
42219      INFO  main            d.u.i.k.p.r.p.TestFile    Now processing file /home/runner/work/key/key/key.core/../key.ui/examples/heap/block_contracts/Simple__getLength.key 
42220      INFO  main            d.u.i.k.p.i.AbstractProblemLoader Loading environment from /home/runner/work/key/key/key.core/../key.ui/examples/heap/block_contracts/Simple__getLength.key 
42220      DEBUG main            d.u.i.k.p.i.AbstractProblemLoader Environment load took 225.3ns 
42221      INFO  main            d.u.i.k.p.i.AbstractProblemLoader Creating init config 
45178      DEBUG main            d.u.i.k.p.i.AbstractProblemLoader Init config took 2.96s 
45220      INFO  main            d.u.i.k.p.i.AbstractProblemLoader Replaying proof Simple[Simple::getLength()].JML normal_behavior operation contract.0 
45222      DEBUG main            d.u.i.k.p.i.IntermediateProofReplayer Proof replay took 10.7ns 
45324      INFO  main            d.u.i.k.p.r.p.TestFile    ... finished proof: closed. 
45509      INFO  main            d.u.i.k.p.i.AbstractProblemLoader Loading environment from /home/runner/work/key/key/key.core/../key.ui/examples/heap/block_contracts/Simple__getLength.key.proof 
45509      DEBUG main            d.u.i.k.p.i.AbstractProblemLoader Environment load took 117.5ns 
45510      INFO  main            d.u.i.k.p.i.AbstractProblemLoader Creating init config 
48426      DEBUG main            d.u.i.k.p.i.AbstractProblemLoader Init config took 2.92s 
48467      INFO  main            d.u.i.k.p.i.AbstractProblemLoader Replaying proof Simple[Simple::getLength()].JML normal_behavior operation contract.0 
48475      DEBUG main            d.u.i.k.p.i.IntermediateProofReplayer Proof replay took 6.02ms 
48476      DEBUG main            d.u.i.k.p.r.p.TestFile    ... success: reloaded. 
48478      INFO  main            d.u.i.k.p.r.p.TestFile    Now processing file /home/runner/work/key/key/key.core/../key.ui/examples/heap/block_contracts/Simple__square.key 
48478      INFO  main            d.u.i.k.p.i.AbstractProblemLoader Loading environment from /home/runner/work/key/key/key.core/../key.ui/examples/heap/block_contracts/Simple__square.key 
48478      DEBUG main            d.u.i.k.p.i.AbstractProblemLoader Environment load took 230.7ns 
48479      INFO  main            d.u.i.k.p.i.AbstractProblemLoader Creating init config 
51392      DEBUG main            d.u.i.k.p.i.AbstractProblemLoader Init config took 2.91s 
51435      INFO  main            d.u.i.k.p.i.AbstractProblemLoader Replaying proof Simple[Simple::square(int)].JML operation contract.0 
51437      DEBUG main            d.u.i.k.p.i.IntermediateProofReplayer Proof replay took 12.4ns 
51742      INFO  main            d.u.i.k.p.r.p.TestFile    ... finished proof: closed. 
51926      INFO  main            d.u.i.k.p.i.AbstractProblemLoader Loading environment from /home/runner/work/key/key/key.core/../key.ui/examples/heap/block_contracts/Simple__square.key.proof 
51926      DEBUG main            d.u.i.k.p.i.AbstractProblemLoader Environment load took 110ns 
51927      INFO  main            d.u.i.k.p.i.AbstractProblemLoader Creating init config 
54846      DEBUG main            d.u.i.k.p.i.AbstractProblemLoader Init config took 2.92s 
54900      INFO  main            d.u.i.k.p.i.AbstractProblemLoader Replaying proof Simple[Simple::square(int)].JML operation contract.0 
54978      DEBUG main            d.u.i.k.p.i.IntermediateProofReplayer Proof replay took 74.72ms 
54979      DEBUG main            d.u.i.k.p.r.p.TestFile    ... success: reloaded. 
54981      INFO  main            d.u.i.k.p.r.p.TestFile    Now processing file /home/runner/work/key/key/key.core/../key.ui/examples/heap/block_contracts/Simple__unnecessaryBlockContract.key 
54981      INFO  main            d.u.i.k.p.i.AbstractProblemLoader Loading environment from /home/runner/work/key/key/key.core/../key.ui/examples/heap/block_contracts/Simple__unnecessaryBlockContract.key 
54981      DEBUG main            d.u.i.k.p.i.AbstractProblemLoader Environment load took 280.4ns 
54982      INFO  main            d.u.i.k.p.i.AbstractProblemLoader Creating init config 
57909      DEBUG main            d.u.i.k.p.i.AbstractProblemLoader Init config took 2.93s 
57972      INFO  main            d.u.i.k.p.i.AbstractProblemLoader Replaying proof Simple[Simple::unnecessaryBlockContract()].JML operation contract.0 
57975      DEBUG main            d.u.i.k.p.i.IntermediateProofReplayer Proof replay took 11.5ns 
58077      INFO  main            d.u.i.k.p.r.p.TestFile    ... finished proof: closed. 
58255      INFO  main            d.u.i.k.p.i.AbstractProblemLoader Loading environment from /home/runner/work/key/key/key.core/../key.ui/examples/heap/block_contracts/Simple__unnecessaryBlockContract.key.proof 
58255      DEBUG main            d.u.i.k.p.i.AbstractProblemLoader Environment load took 121.3ns 
58256      INFO  main            d.u.i.k.p.i.AbstractProblemLoader Creating init config 
61150      DEBUG main            d.u.i.k.p.i.AbstractProblemLoader Init config took 2.89s 
61188      INFO  main            d.u.i.k.p.i.AbstractProblemLoader Replaying proof Simple[Simple::unnecessaryBlockContract()].JML operation contract.0 
61206      DEBUG main            d.u.i.k.p.i.IntermediateProofReplayer Proof replay took 16.87ms 
61207      DEBUG main            d.u.i.k.p.r.p.TestFile    ... success: reloaded. 
61208      INFO  main            d.u.i.k.p.r.p.TestFile    Now processing file /home/runner/work/key/key/key.core/../key.ui/examples/heap/block_contracts/Simple__unnecessaryLoopInvariant.key 
61209      INFO  main            d.u.i.k.p.i.AbstractProblemLoader Loading environment from /home/runner/work/key/key/key.core/../key.ui/examples/heap/block_contracts/Simple__unnecessaryLoopInvariant.key 
61209      DEBUG main            d.u.i.k.p.i.AbstractProblemLoader Environment load took 81ns 
61210      INFO  main            d.u.i.k.p.i.AbstractProblemLoader Creating init config 
64132      DEBUG main            d.u.i.k.p.i.AbstractProblemLoader Init config took 2.92s 
64170      INFO  main            d.u.i.k.p.i.AbstractProblemLoader Replaying proof Simple[Simple::unnecessaryLoopInvariant()].JML operation contract.0 
64172      DEBUG main            d.u.i.k.p.i.IntermediateProofReplayer Proof replay took 11.1ns 
64274      INFO  main            d.u.i.k.p.r.p.TestFile    ... finished proof: closed. 
64525      INFO  main            d.u.i.k.p.i.AbstractProblemLoader Loading environment from /home/runner/work/key/key/key.core/../key.ui/examples/heap/block_contracts/Simple__unnecessaryLoopInvariant.key.proof 
64525      DEBUG main            d.u.i.k.p.i.AbstractProblemLoader Environment load took 108.4ns 
64526      INFO  main            d.u.i.k.p.i.AbstractProblemLoader Creating init config 
67437      DEBUG main            d.u.i.k.p.i.AbstractProblemLoader Init config took 2.91s 
67474      INFO  main            d.u.i.k.p.i.AbstractProblemLoader Replaying proof Simple[Simple::unnecessaryLoopInvariant()].JML operation contract.0 
67484      DEBUG main            d.u.i.k.p.i.IntermediateProofReplayer Proof replay took 8.72ms 
67485      DEBUG main            d.u.i.k.p.r.p.TestFile    ... success: reloaded. 
67486      INFO  main            d.u.i.k.p.r.p.TestFile    Now processing file /home/runner/work/key/key/key.core/../key.ui/examples/standard_key/java_dl/jml-assert/assert.key 
67486      INFO  main            d.u.i.k.p.i.AbstractProblemLoader Loading environment from /home/runner/work/key/key/key.core/../key.ui/examples/standard_key/java_dl/jml-assert/assert.key 
67486      DEBUG main            d.u.i.k.p.i.AbstractProblemLoader Environment load took 88.4ns 
67487      INFO  main            d.u.i.k.p.i.AbstractProblemLoader Creating init config 
70047      DEBUG main            d.u.i.k.p.i.AbstractProblemLoader Init config took 2.56s 
70084      INFO  main            d.u.i.k.p.i.AbstractProblemLoader Replaying proof Assert[Assert::createArray(int)].JML normal_behavior operation contract.0 
70086      DEBUG main            d.u.i.k.p.i.IntermediateProofReplayer Proof replay took 6.4ns 
70288      INFO  main            d.u.i.k.p.r.p.TestFile    ... finished proof: closed. 
70481      INFO  main            d.u.i.k.p.i.AbstractProblemLoader Loading environment from /home/runner/work/key/key/key.core/../key.ui/examples/standard_key/java_dl/jml-assert/assert.key.proof 
70481      DEBUG main            d.u.i.k.p.i.AbstractProblemLoader Environment load took 115.4ns 
70482      INFO  main            d.u.i.k.p.i.AbstractProblemLoader Creating init config 
73004      DEBUG main            d.u.i.k.p.i.AbstractProblemLoader Init config took 2.52s 
73041      INFO  main            d.u.i.k.p.i.AbstractProblemLoader Replaying proof Assert[Assert::createArray(int)].JML normal_behavior operation contract.0 
73097      DEBUG main            d.u.i.k.p.i.IntermediateProofReplayer Proof replay took 53.23ms 
73098      DEBUG main            d.u.i.k.p.r.p.TestFile    ... success: reloaded. 
73099      INFO  main            d.u.i.k.p.r.p.TestFile    Now processing file /home/runner/work/key/key/key.core/../key.ui/examples/standard_key/java_dl/jml-assert/assert_assume_order.key 
73099      INFO  main            d.u.i.k.p.i.AbstractProblemLoader Loading environment from /home/runner/work/key/key/key.core/../key.ui/examples/standard_key/java_dl/jml-assert/assert_assume_order.key 
73100      DEBUG main            d.u.i.k.p.i.AbstractProblemLoader Environment load took 215ns 
73101      INFO  main            d.u.i.k.p.i.AbstractProblemLoader Creating init config 
75688      DEBUG main            d.u.i.k.p.i.AbstractProblemLoader Init config took 2.59s 
75724      INFO  main            d.u.i.k.p.i.AbstractProblemLoader Replaying proof AssertAssume[AssertAssume::singleAssumeAssert(int)].JML normal_behavior operation contract.0 
75725      DEBUG main            d.u.i.k.p.i.IntermediateProofReplayer Proof replay took 6.7ns 
75829      INFO  main            d.u.i.k.p.r.p.TestFile    ... finished proof: closed. 
76015      INFO  main            d.u.i.k.p.i.AbstractProblemLoader Loading environment from /home/runner/work/key/key/key.core/../key.ui/examples/standard_key/java_dl/jml-assert/assert_assume_order.key.proof 
76015      DEBUG main            d.u.i.k.p.i.AbstractProblemLoader Environment load took 142.1ns 
76016      INFO  main            d.u.i.k.p.i.AbstractProblemLoader Creating init config 
78505      DEBUG main            d.u.i.k.p.i.AbstractProblemLoader Init config took 2.49s 
78540      INFO  main            d.u.i.k.p.i.AbstractProblemLoader Replaying proof AssertAssume[AssertAssume::singleAssumeAssert(int)].JML normal_behavior operation contract.0 
78548      DEBUG main            d.u.i.k.p.i.IntermediateProofReplayer Proof replay took 6.57ms 
78549      DEBUG main            d.u.i.k.p.r.p.TestFile    ... success: reloaded. 
78551      INFO  main            d.u.i.k.p.r.p.TestFile    Now processing file /home/runner/work/key/key/key.core/../key.ui/examples/heap/block_loop_contracts/SimpleVariants/sum_onBlock_external.key 
78551      INFO  main            d.u.i.k.p.i.AbstractProblemLoader Loading environment from /home/runner/work/key/key/key.core/../key.ui/examples/heap/block_loop_contracts/SimpleVariants/sum_onBlock_external.key 
78552      DEBUG main            d.u.i.k.p.i.AbstractProblemLoader Environment load took 81.7ns 
78553      INFO  main            d.u.i.k.p.i.AbstractProblemLoader Creating init config 
81395      DEBUG main            d.u.i.k.p.i.AbstractProblemLoader Init config took 2.84s 
81430      INFO  main            d.u.i.k.p.i.AbstractProblemLoader Replaying proof LoopContractExamplesAll[LoopContractExamplesAll::sum_loopContract_onBlock([I)].JML normal_behavior operation contract.0 
81432      DEBUG main            d.u.i.k.p.i.IntermediateProofReplayer Proof replay took 10.4ns 
81534      INFO  main            d.u.i.k.p.r.p.TestFile    ... finished proof: closed. 
81740      INFO  main            d.u.i.k.p.i.AbstractProblemLoader Loading environment from /home/runner/work/key/key/key.core/../key.ui/examples/heap/block_loop_contracts/SimpleVariants/sum_onBlock_external.key.proof 
81741      DEBUG main            d.u.i.k.p.i.AbstractProblemLoader Environment load took 118.2ns 
81741      INFO  main            d.u.i.k.p.i.AbstractProblemLoader Creating init config 
84417      DEBUG main            d.u.i.k.p.i.AbstractProblemLoader Init config took 2.68s 
84452      INFO  main            d.u.i.k.p.i.AbstractProblemLoader Replaying proof LoopContractExamplesAll[LoopContractExamplesAll::sum_loopContract_onBlock([I)].JML normal_behavior operation contract.0 
84481      DEBUG main            d.u.i.k.p.i.IntermediateProofReplayer Proof replay took 27.18ms 
84482      DEBUG main            d.u.i.k.p.r.p.TestFile    ... success: reloaded. 
84483      INFO  main            d.u.i.k.p.r.p.TestFile    Now processing file /home/runner/work/key/key/key.core/../key.ui/examples/heap/block_loop_contracts/SimpleVariants/sum_onBlock_internal.key 
84483      INFO  main            d.u.i.k.p.i.AbstractProblemLoader Loading environment from /home/runner/work/key/key/key.core/../key.ui/examples/heap/block_loop_contracts/SimpleVariants/sum_onBlock_internal.key 
84483      DEBUG main            d.u.i.k.p.i.AbstractProblemLoader Environment load took 88.6ns 
84484      INFO  main            d.u.i.k.p.i.AbstractProblemLoader Creating init config 
87282      DEBUG main            d.u.i.k.p.i.AbstractProblemLoader Init config took 2.8s 
87330      INFO  main            d.u.i.k.p.i.AbstractProblemLoader Replaying proof LoopContractExamplesAll[LoopContractExamplesAll::sum_loopContract_onBlock([I)].JML normal_behavior operation contract.0 
87337      DEBUG main            d.u.i.k.p.i.IntermediateProofReplayer Proof replay took 11.1ns 
87943      INFO  main            d.u.i.k.p.r.p.TestFile    ... finished proof: closed. 
88180      INFO  main            d.u.i.k.p.i.AbstractProblemLoader Loading environment from /home/runner/work/key/key/key.core/../key.ui/examples/heap/block_loop_contracts/SimpleVariants/sum_onBlock_internal.key.proof 
88180      DEBUG main            d.u.i.k.p.i.AbstractProblemLoader Environment load took 106.1ns 
88181      INFO  main            d.u.i.k.p.i.AbstractProblemLoader Creating init config 
90873      DEBUG main            d.u.i.k.p.i.AbstractProblemLoader Init config took 2.69s 
90907      INFO  main            d.u.i.k.p.i.AbstractProblemLoader Replaying proof LoopContractExamplesAll[LoopContractExamplesAll::sum_loopContract_onBlock([I)].JML normal_behavior operation contract.0 
91095      DEBUG main            d.u.i.k.p.i.IntermediateProofReplayer Proof replay took 184.91ms 
91096      DEBUG main            d.u.i.k.p.r.p.TestFile    ... success: reloaded. 
91097      INFO  main            d.u.i.k.p.r.p.TestFile    Now processing file /home/runner/work/key/key/key.core/../key.ui/examples/heap/block_loop_contracts/SimpleVariants/sum_onBlock_loop.key 
91098      INFO  main            d.u.i.k.p.i.AbstractProblemLoader Loading environment from /home/runner/work/key/key/key.core/../key.ui/examples/heap/block_loop_contracts/SimpleVariants/sum_onBlock_loop.key 
91098      DEBUG main            d.u.i.k.p.i.AbstractProblemLoader Environment load took 94.7ns 
91099      INFO  main            d.u.i.k.p.i.AbstractProblemLoader Creating init config 
93832      DEBUG main            d.u.i.k.p.i.AbstractProblemLoader Init config took 2.73s 
93868      INFO  main            d.u.i.k.p.i.AbstractProblemLoader Replaying proof LoopContractExamplesAll[LoopContractExamplesAll::sum_loopContract_onBlock([I)].JML normal_behavior loop contract.0 
93870      DEBUG main            d.u.i.k.p.i.IntermediateProofReplayer Proof replay took 10.7ns 
94574      INFO  main            d.u.i.k.p.r.p.TestFile    ... finished proof: closed. 
94850      INFO  main            d.u.i.k.p.i.AbstractProblemLoader Loading environment from /home/runner/work/key/key/key.core/../key.ui/examples/heap/block_loop_contracts/SimpleVariants/sum_onBlock_loop.key.proof 
94851      DEBUG main            d.u.i.k.p.i.AbstractProblemLoader Environment load took 969.4ns 
94854      INFO  main            d.u.i.k.p.i.AbstractProblemLoader Creating init config 
97567      DEBUG main            d.u.i.k.p.i.AbstractProblemLoader Init config took 2.71s 
97601      INFO  main            d.u.i.k.p.i.AbstractProblemLoader Replaying proof LoopContractExamplesAll[LoopContractExamplesAll::sum_loopContract_onBlock([I)].JML normal_behavior loop contract.0 
97806      DEBUG main            d.u.i.k.p.i.IntermediateProofReplayer Proof replay took 200.49ms 
97807      DEBUG main            d.u.i.k.p.r.p.TestFile    ... success: reloaded. 
97808      INFO  main            d.u.i.k.p.r.p.TestFile    Now processing file /home/runner/work/key/key/key.core/../key.ui/examples/heap/block_loop_contracts/SimpleVariants/sum_onLoop_external.key 
97808      INFO  main            d.u.i.k.p.i.AbstractProblemLoader Loading environment from /home/runner/work/key/key/key.core/../key.ui/examples/heap/block_loop_contracts/SimpleVariants/sum_onLoop_external.key 
97808      DEBUG main            d.u.i.k.p.i.AbstractProblemLoader Environment load took 84.3ns 
97809      INFO  main            d.u.i.k.p.i.AbstractProblemLoader Creating init config 
100584     DEBUG main            d.u.i.k.p.i.AbstractProblemLoader Init config took 2.77s 
100617     INFO  main            d.u.i.k.p.i.AbstractProblemLoader Replaying proof LoopContractExamplesAll[LoopContractExamplesAll::sum_loopContract_onLoop([I)].JML normal_behavior operation contract.0 
100619     DEBUG main            d.u.i.k.p.i.IntermediateProofReplayer Proof replay took 26.5ns 
100721     INFO  main            d.u.i.k.p.r.p.TestFile    ... finished proof: closed. 
100968     INFO  main            d.u.i.k.p.i.AbstractProblemLoader Loading environment from /home/runner/work/key/key/key.core/../key.ui/examples/heap/block_loop_contracts/SimpleVariants/sum_onLoop_external.key.proof 
100968     DEBUG main            d.u.i.k.p.i.AbstractProblemLoader Environment load took 106.6ns 
100968     INFO  main            d.u.i.k.p.i.AbstractProblemLoader Creating init config 
103643     DEBUG main            d.u.i.k.p.i.AbstractProblemLoader Init config took 2.67s 
103685     INFO  main            d.u.i.k.p.i.AbstractProblemLoader Replaying proof LoopContractExamplesAll[LoopContractExamplesAll::sum_loopContract_onLoop([I)].JML normal_behavior operation contract.0 
103712     DEBUG main            d.u.i.k.p.i.IntermediateProofReplayer Proof replay took 24.76ms 
103713     DEBUG main            d.u.i.k.p.r.p.TestFile    ... success: reloaded. 
103714     INFO  main            d.u.i.k.p.r.p.TestFile    Now processing file /home/runner/work/key/key/key.core/../key.ui/examples/heap/block_loop_contracts/SimpleVariants/sum_onLoop_internal.key 
103715     INFO  main            d.u.i.k.p.i.AbstractProblemLoader Loading environment from /home/runner/work/key/key/key.core/../key.ui/examples/heap/block_loop_contracts/SimpleVariants/sum_onLoop_internal.key 
103715     DEBUG main            d.u.i.k.p.i.AbstractProblemLoader Environment load took 249.4ns 
103716     INFO  main            d.u.i.k.p.i.AbstractProblemLoader Creating init config 
106463     DEBUG main            d.u.i.k.p.i.AbstractProblemLoader Init config took 2.75s 
106496     INFO  main            d.u.i.k.p.i.AbstractProblemLoader Replaying proof LoopContractExamplesAll[LoopContractExamplesAll::sum_loopContract_onLoop([I)].JML normal_behavior operation contract.0 
106498     DEBUG main            d.u.i.k.p.i.IntermediateProofReplayer Proof replay took 12.8ns 
107102     INFO  main            d.u.i.k.p.r.p.TestFile    ... finished proof: closed. 
107381     INFO  main            d.u.i.k.p.i.AbstractProblemLoader Loading environment from /home/runner/work/key/key/key.core/../key.ui/examples/heap/block_loop_contracts/SimpleVariants/sum_onLoop_internal.key.proof 
107381     DEBUG main            d.u.i.k.p.i.AbstractProblemLoader Environment load took 111.5ns 
107382     INFO  main            d.u.i.k.p.i.AbstractProblemLoader Creating init config 
110082     DEBUG main            d.u.i.k.p.i.AbstractProblemLoader Init config took 2.7s 
110117     INFO  main            d.u.i.k.p.i.AbstractProblemLoader Replaying proof LoopContractExamplesAll[LoopContractExamplesAll::sum_loopContract_onLoop([I)].JML normal_behavior operation contract.0 
110283     DEBUG main            d.u.i.k.p.i.IntermediateProofReplayer Proof replay took 162.21ms 
110284     DEBUG main            d.u.i.k.p.r.p.TestFile    ... success: reloaded. 
110285     INFO  main            d.u.i.k.p.r.p.TestFile    Now processing file /home/runner/work/key/key/key.core/../key.ui/examples/heap/block_loop_contracts/SimpleVariants/sum_onLoop_loop.key 
110286     INFO  main            d.u.i.k.p.i.AbstractProblemLoader Loading environment from /home/runner/work/key/key/key.core/../key.ui/examples/heap/block_loop_contracts/SimpleVariants/sum_onLoop_loop.key 
110286     DEBUG main            d.u.i.k.p.i.AbstractProblemLoader Environment load took 212.5ns 
110287     INFO  main            d.u.i.k.p.i.AbstractProblemLoader Creating init config 
113070     DEBUG main            d.u.i.k.p.i.AbstractProblemLoader Init config took 2.78s 
113109     INFO  main            d.u.i.k.p.i.AbstractProblemLoader Replaying proof LoopContractExamplesAll[LoopContractExamplesAll::sum_loopContract_onLoop([I)].JML normal_behavior loop contract.0 
113111     DEBUG main            d.u.i.k.p.i.IntermediateProofReplayer Proof replay took 12.7ns 
113815     INFO  main            d.u.i.k.p.r.p.TestFile    ... finished proof: closed. 
114092     INFO  main            d.u.i.k.p.i.AbstractProblemLoader Loading environment from /home/runner/work/key/key/key.core/../key.ui/examples/heap/block_loop_contracts/SimpleVariants/sum_onLoop_loop.key.proof 
114092     DEBUG main            d.u.i.k.p.i.AbstractProblemLoader Environment load took 223.6ns 
114093     INFO  main            d.u.i.k.p.i.AbstractProblemLoader Creating init config 
116767     DEBUG main            d.u.i.k.p.i.AbstractProblemLoader Init config took 2.67s 
116812     INFO  main            d.u.i.k.p.i.AbstractProblemLoader Replaying proof LoopContractExamplesAll[LoopContractExamplesAll::sum_loopContract_onLoop([I)].JML normal_behavior loop contract.0 
116993     DEBUG main            d.u.i.k.p.i.IntermediateProofReplayer Proof replay took 176.64ms 
116994     DEBUG main            d.u.i.k.p.r.p.TestFile    ... success: reloaded. 
116995     INFO  main            d.u.i.k.p.r.p.TestFile    Now processing file /home/runner/work/key/key/key.core/../key.ui/examples/heap/block_loop_contracts/Free/blockContracts0.key 
116996     INFO  main            d.u.i.k.p.i.AbstractProblemLoader Loading environment from /home/runner/work/key/key/key.core/../key.ui/examples/heap/block_loop_contracts/Free/blockContracts0.key 
116996     DEBUG main            d.u.i.k.p.i.AbstractProblemLoader Environment load took 243.3ns 
116997     INFO  main            d.u.i.k.p.i.AbstractProblemLoader Creating init config 
119410     DEBUG main            d.u.i.k.p.i.AbstractProblemLoader Init config took 2.41s 
119443     INFO  main            d.u.i.k.p.i.AbstractProblemLoader Replaying proof FreeConditions[FreeConditions::blockContract0()].JML normal_behavior operation contract.0 
119444     DEBUG main            d.u.i.k.p.i.IntermediateProofReplayer Proof replay took 11.6ns 
119548     INFO  main            d.u.i.k.p.r.p.TestFile    ... finished proof: closed. 
119801     INFO  main            d.u.i.k.p.i.AbstractProblemLoader Loading environment from /home/runner/work/key/key/key.core/../key.ui/examples/heap/block_loop_contracts/Free/blockContracts0.key.proof 
119801     DEBUG main            d.u.i.k.p.i.AbstractProblemLoader Environment load took 100.9ns 
119802     INFO  main            d.u.i.k.p.i.AbstractProblemLoader Creating init config 
122143     DEBUG main            d.u.i.k.p.i.AbstractProblemLoader Init config took 2.34s 
122175     INFO  main            d.u.i.k.p.i.AbstractProblemLoader Replaying proof FreeConditions[FreeConditions::blockContract0()].JML normal_behavior operation contract.0 
122192     DEBUG main            d.u.i.k.p.i.IntermediateProofReplayer Proof replay took 15.08ms 
122193     DEBUG main            d.u.i.k.p.r.p.TestFile    ... success: reloaded. 
122193     INFO  main            d.u.i.k.p.r.p.TestFile    Now processing file /home/runner/work/key/key/key.core/../key.ui/examples/heap/block_loop_contracts/Free/blockContracts1.key 
122193     INFO  main            d.u.i.k.p.i.AbstractProblemLoader Loading environment from /home/runner/work/key/key/key.core/../key.ui/examples/heap/block_loop_contracts/Free/blockContracts1.key 
122194     DEBUG main            d.u.i.k.p.i.AbstractProblemLoader Environment load took 80.6ns 
122194     INFO  main            d.u.i.k.p.i.AbstractProblemLoader Creating init config 
124555     DEBUG main            d.u.i.k.p.i.AbstractProblemLoader Init config took 2.36s 
124602     INFO  main            d.u.i.k.p.i.AbstractProblemLoader Replaying proof FreeConditions[FreeConditions::blockContract1()].JML normal_behavior operation contract.0 
124604     DEBUG main            d.u.i.k.p.i.IntermediateProofReplayer Proof replay took 12.2ns 
124705     INFO  main            d.u.i.k.p.r.p.TestFile    ... finished proof: closed. 
124939     INFO  main            d.u.i.k.p.i.AbstractProblemLoader Loading environment from /home/runner/work/key/key/key.core/../key.ui/examples/heap/block_loop_contracts/Free/blockContracts1.key.proof 
124939     DEBUG main            d.u.i.k.p.i.AbstractProblemLoader Environment load took 94.7ns 
124940     INFO  main            d.u.i.k.p.i.AbstractProblemLoader Creating init config 
127260     DEBUG main            d.u.i.k.p.i.AbstractProblemLoader Init config took 2.32s 
127294     INFO  main            d.u.i.k.p.i.AbstractProblemLoader Replaying proof FreeConditions[FreeConditions::blockContract1()].JML normal_behavior operation contract.0 
127309     DEBUG main            d.u.i.k.p.i.IntermediateProofReplayer Proof replay took 12.91ms 
127310     DEBUG main            d.u.i.k.p.r.p.TestFile    ... success: reloaded. 
127310     INFO  main            d.u.i.k.p.r.p.TestFile    Now processing file /home/runner/work/key/key/key.core/../key.ui/examples/heap/block_loop_contracts/Finally/block_finally.key 
127311     INFO  main            d.u.i.k.p.i.AbstractProblemLoader Loading environment from /home/runner/work/key/key/key.core/../key.ui/examples/heap/block_loop_contracts/Finally/block_finally.key 
127311     DEBUG main            d.u.i.k.p.i.AbstractProblemLoader Environment load took 106.3ns 
127312     INFO  main            d.u.i.k.p.i.AbstractProblemLoader Creating init config 
129734     DEBUG main            d.u.i.k.p.i.AbstractProblemLoader Init config took 2.42s 
129767     INFO  main            d.u.i.k.p.i.AbstractProblemLoader Replaying proof AuxiliaryContractsFinally[AuxiliaryContractsFinally::breakThrowContinueBlockContract(java.lang.Exception)].JML block contract.0 
129769     DEBUG main            d.u.i.k.p.i.IntermediateProofReplayer Proof replay took 11.3ns 
130273     INFO  main            d.u.i.k.p.r.p.TestFile    ... finished proof: open goal(s) 
130539     INFO  main            d.u.i.k.p.r.p.TestFile    Now processing file /home/runner/work/key/key/key.core/../key.ui/examples/heap/block_loop_contracts/Finally/loop_finally.key 
130539     INFO  main            d.u.i.k.p.i.AbstractProblemLoader Loading environment from /home/runner/work/key/key/key.core/../key.ui/examples/heap/block_loop_contracts/Finally/loop_finally.key 
130539     DEBUG main            d.u.i.k.p.i.AbstractProblemLoader Environment load took 52ns 
130541     INFO  main            d.u.i.k.p.i.AbstractProblemLoader Creating init config 
132900     DEBUG main            d.u.i.k.p.i.AbstractProblemLoader Init config took 2.36s 
132935     INFO  main            d.u.i.k.p.i.AbstractProblemLoader Replaying proof AuxiliaryContractsFinally[AuxiliaryContractsFinally::breakThrowContinueLoopContract(java.lang.Exception)].JML normal_behavior loop contract.0 
132937     DEBUG main            d.u.i.k.p.i.IntermediateProofReplayer Proof replay took 12ns 
133648     INFO  main            d.u.i.k.p.r.p.TestFile    ... finished proof: open goal(s) 
620803     INFO  Test worker     d.u.i.k.p.r.RunAllProofsTestUnit Returning from test blockContracts 
620804     INFO  Test worker     d.u.i.k.p.r.RunAllProofsTestUnit Running test jmlAsserts 
328        INFO  Timeout watchdog d.u.i.k.p.r.p.ForkedTestFileRunner Timeout watcher launched (2000 secs.) 
335        WARN  main            d.u.i.k.s.ProofSettings   The settings in /home/runner/.key/proof-settings.props are *not* read. 
368        INFO  main            d.u.i.k.p.r.p.TestFile    Now processing file /home/runner/work/key/key/key.core/../key.ui/examples/standard_key/java_dl/jml-assert/assert.key 
498        INFO  main            d.u.i.k.p.i.AbstractProblemLoader Loading environment from /home/runner/work/key/key/key.core/../key.ui/examples/standard_key/java_dl/jml-assert/assert.key 
515        DEBUG main            d.u.i.k.p.i.AbstractProblemLoader Environment load took 2.2ms 
728        INFO  main            d.u.i.k.p.i.AbstractProblemLoader Creating init config 
1625       DEBUG main            d.u.i.k.j.TypeConverter   No LDT found for Meta 
1626       DEBUG main            d.u.i.k.j.TypeConverter   No LDT found for Meta 
1627       DEBUG main            d.u.i.k.j.TypeConverter   No LDT found for Meta 
1627       DEBUG main            d.u.i.k.j.TypeConverter   No LDT found for Meta 
2818       DEBUG main            d.u.i.k.j.TypeConverter   No LDT found for JavaBigintExpression 
7968       DEBUG main            d.u.i.k.p.i.AbstractProblemLoader Init config took 7.24s 
8112       INFO  main            d.u.i.k.p.i.AbstractProblemLoader Replaying proof Assert[Assert::createArray(int)].JML normal_behavior operation contract.0 
8145       DEBUG main            d.u.i.k.p.i.IntermediateProofReplayer Proof replay took 27.5ns 
8972       INFO  main            d.u.i.k.p.r.p.TestFile    ... finished proof: closed. 
9078       INFO  main            d.u.i.k.p.i.AbstractProblemLoader Loading environment from /home/runner/work/key/key/key.core/../key.ui/examples/standard_key/java_dl/jml-assert/assert.key.proof 
9081       DEBUG main            d.u.i.k.p.i.AbstractProblemLoader Environment load took 2.55ms 
9083       INFO  main            d.u.i.k.p.i.AbstractProblemLoader Creating init config 
12104      DEBUG main            d.u.i.k.p.i.AbstractProblemLoader Init config took 3.02s 
12192      INFO  main            d.u.i.k.p.i.AbstractProblemLoader Replaying proof Assert[Assert::createArray(int)].JML normal_behavior operation contract.0 
12328      DEBUG main            d.u.i.k.p.i.IntermediateProofReplayer Proof replay took 122.3ms 
12335      DEBUG main            d.u.i.k.p.r.p.TestFile    ... success: reloaded. 
12338      INFO  main            d.u.i.k.p.r.p.TestFile    Now processing file /home/runner/work/key/key/key.core/../key.ui/examples/heap/block_loop_contracts/Free/assertions0.key 
12338      INFO  main            d.u.i.k.p.i.AbstractProblemLoader Loading environment from /home/runner/work/key/key/key.core/../key.ui/examples/heap/block_loop_contracts/Free/assertions0.key 
12339      DEBUG main            d.u.i.k.p.i.AbstractProblemLoader Environment load took 394.7ns 
12342      INFO  main            d.u.i.k.p.i.AbstractProblemLoader Creating init config 
15017      DEBUG main            d.u.i.k.p.i.AbstractProblemLoader Init config took 2.67s 
15094      INFO  main            d.u.i.k.p.i.AbstractProblemLoader Replaying proof FreeConditions[FreeConditions::assertions0()].JML normal_behavior operation contract.0 
15098      DEBUG main            d.u.i.k.p.i.IntermediateProofReplayer Proof replay took 13.1ns 
15301      INFO  main            d.u.i.k.p.r.p.TestFile    ... finished proof: closed. 
15464      INFO  main            d.u.i.k.p.i.AbstractProblemLoader Loading environment from /home/runner/work/key/key/key.core/../key.ui/examples/heap/block_loop_contracts/Free/assertions0.key.proof 
15464      DEBUG main            d.u.i.k.p.i.AbstractProblemLoader Environment load took 116.6ns 
15470      INFO  main            d.u.i.k.p.i.AbstractProblemLoader Creating init config 
18072      DEBUG main            d.u.i.k.p.i.AbstractProblemLoader Init config took 2.6s 
18118      INFO  main            d.u.i.k.p.i.AbstractProblemLoader Replaying proof FreeConditions[FreeConditions::assertions0()].JML normal_behavior operation contract.0 
18137      DEBUG main            d.u.i.k.p.i.IntermediateProofReplayer Proof replay took 16.48ms 
18138      DEBUG main            d.u.i.k.p.r.p.TestFile    ... success: reloaded. 
18140      INFO  main            d.u.i.k.p.r.p.TestFile    Now processing file /home/runner/work/key/key/key.core/../key.ui/examples/heap/block_loop_contracts/Free/assertions1.key 
18140      INFO  main            d.u.i.k.p.i.AbstractProblemLoader Loading environment from /home/runner/work/key/key/key.core/../key.ui/examples/heap/block_loop_contracts/Free/assertions1.key 
18140      DEBUG main            d.u.i.k.p.i.AbstractProblemLoader Environment load took 238.9ns 
18142      INFO  main            d.u.i.k.p.i.AbstractProblemLoader Creating init config 
20676      DEBUG main            d.u.i.k.p.i.AbstractProblemLoader Init config took 2.53s 
20720      INFO  main            d.u.i.k.p.i.AbstractProblemLoader Replaying proof FreeConditions[FreeConditions::assertions1()].JML normal_behavior operation contract.0 
20723      DEBUG main            d.u.i.k.p.i.IntermediateProofReplayer Proof replay took 17.6ns 
20826      INFO  main            d.u.i.k.p.r.p.TestFile    ... finished proof: closed. 
21001      INFO  main            d.u.i.k.p.i.AbstractProblemLoader Loading environment from /home/runner/work/key/key/key.core/../key.ui/examples/heap/block_loop_contracts/Free/assertions1.key.proof 
21001      DEBUG main            d.u.i.k.p.i.AbstractProblemLoader Environment load took 119ns 
21002      INFO  main            d.u.i.k.p.i.AbstractProblemLoader Creating init config 
23503      DEBUG main            d.u.i.k.p.i.AbstractProblemLoader Init config took 2.5s 
23547      INFO  main            d.u.i.k.p.i.AbstractProblemLoader Replaying proof FreeConditions[FreeConditions::assertions1()].JML normal_behavior operation contract.0 
23553      DEBUG main            d.u.i.k.p.i.IntermediateProofReplayer Proof replay took 4.33ms 
23554      DEBUG main            d.u.i.k.p.r.p.TestFile    ... success: reloaded. 
23555      INFO  main            d.u.i.k.p.r.p.TestFile    Now processing file /home/runner/work/key/key/key.core/../key.ui/examples/standard_key/java_dl/jml-assert/recursion-assert.key 
23556      INFO  main            d.u.i.k.p.i.AbstractProblemLoader Loading environment from /home/runner/work/key/key/key.core/../key.ui/examples/standard_key/java_dl/jml-assert/recursion-assert.key 
23556      DEBUG main            d.u.i.k.p.i.AbstractProblemLoader Environment load took 221.6ns 
23557      INFO  main            d.u.i.k.p.i.AbstractProblemLoader Creating init config 
26214      DEBUG main            d.u.i.k.p.i.AbstractProblemLoader Init config took 2.66s 
26261      INFO  main            d.u.i.k.p.i.AbstractProblemLoader Replaying proof RecursiveMethod[RecursiveMethod::fac1(int)].JML normal_behavior operation contract.0 
26264      DEBUG main            d.u.i.k.p.i.IntermediateProofReplayer Proof replay took 5.7ns 
26466      INFO  main            d.u.i.k.p.r.p.TestFile    ... finished proof: closed. 
26623      INFO  main            d.u.i.k.p.i.AbstractProblemLoader Loading environment from /home/runner/work/key/key/key.core/../key.ui/examples/standard_key/java_dl/jml-assert/recursion-assert.key.proof 
26623      DEBUG main            d.u.i.k.p.i.AbstractProblemLoader Environment load took 111.9ns 
26624      INFO  main            d.u.i.k.p.i.AbstractProblemLoader Creating init config 
29218      DEBUG main            d.u.i.k.p.i.AbstractProblemLoader Init config took 2.59s 
29262      INFO  main            d.u.i.k.p.i.AbstractProblemLoader Replaying proof RecursiveMethod[RecursiveMethod::fac1(int)].JML normal_behavior operation contract.0 
29310      DEBUG main            d.u.i.k.p.i.IntermediateProofReplayer Proof replay took 45.09ms 
29312      DEBUG main            d.u.i.k.p.r.p.TestFile    ... success: reloaded. 
29313      INFO  main            d.u.i.k.p.r.p.TestFile    Now processing file /home/runner/work/key/key/key.core/../key.ui/examples/standard_key/java_dl/jml-assert/recursion-assume.key 
29313      INFO  main            d.u.i.k.p.i.AbstractProblemLoader Loading environment from /home/runner/work/key/key/key.core/../key.ui/examples/standard_key/java_dl/jml-assert/recursion-assume.key 
29313      DEBUG main            d.u.i.k.p.i.AbstractProblemLoader Environment load took 108.5ns 
29314      INFO  main            d.u.i.k.p.i.AbstractProblemLoader Creating init config 
31986      DEBUG main            d.u.i.k.p.i.AbstractProblemLoader Init config took 2.67s 
32029      INFO  main            d.u.i.k.p.i.AbstractProblemLoader Replaying proof RecursiveMethod[RecursiveMethod::fac2(int)].JML normal_behavior operation contract.0 
32031      DEBUG main            d.u.i.k.p.i.IntermediateProofReplayer Proof replay took 6.8ns 
32234      INFO  main            d.u.i.k.p.r.p.TestFile    ... finished proof: closed. 
32392      INFO  main            d.u.i.k.p.i.AbstractProblemLoader Loading environment from /home/runner/work/key/key/key.core/../key.ui/examples/standard_key/java_dl/jml-assert/recursion-assume.key.proof 
32392      DEBUG main            d.u.i.k.p.i.AbstractProblemLoader Environment load took 115.5ns 
32393      INFO  main            d.u.i.k.p.i.AbstractProblemLoader Creating init config 
34983      DEBUG main            d.u.i.k.p.i.AbstractProblemLoader Init config took 2.59s 
35025      INFO  main            d.u.i.k.p.i.AbstractProblemLoader Replaying proof RecursiveMethod[RecursiveMethod::fac2(int)].JML normal_behavior operation contract.0 
35056      DEBUG main            d.u.i.k.p.i.IntermediateProofReplayer Proof replay took 28.28ms 
35057      DEBUG main            d.u.i.k.p.r.p.TestFile    ... success: reloaded. 
35058      INFO  main            d.u.i.k.p.r.p.TestFile    Now processing file /home/runner/work/key/key/key.core/../key.ui/examples/standard_key/java_dl/jml-assert/quantor-assert.key 
35058      INFO  main            d.u.i.k.p.i.AbstractProblemLoader Loading environment from /home/runner/work/key/key/key.core/../key.ui/examples/standard_key/java_dl/jml-assert/quantor-assert.key 
35058      DEBUG main            d.u.i.k.p.i.AbstractProblemLoader Environment load took 88.6ns 
35059      INFO  main            d.u.i.k.p.i.AbstractProblemLoader Creating init config 
37709      DEBUG main            d.u.i.k.p.i.AbstractProblemLoader Init config took 2.65s 
37750      INFO  main            d.u.i.k.p.i.AbstractProblemLoader Replaying proof Quantor[Quantor::square1(int)].JML normal_behavior operation contract.0 
37751      DEBUG main            d.u.i.k.p.i.IntermediateProofReplayer Proof replay took 6ns 
37854      INFO  main            d.u.i.k.p.r.p.TestFile    ... finished proof: closed. 
38019      INFO  main            d.u.i.k.p.i.AbstractProblemLoader Loading environment from /home/runner/work/key/key/key.core/../key.ui/examples/standard_key/java_dl/jml-assert/quantor-assert.key.proof 
38019      DEBUG main            d.u.i.k.p.i.AbstractProblemLoader Environment load took 117.9ns 
38020      INFO  main            d.u.i.k.p.i.AbstractProblemLoader Creating init config 
40597      DEBUG main            d.u.i.k.p.i.AbstractProblemLoader Init config took 2.58s 
40639      INFO  main            d.u.i.k.p.i.AbstractProblemLoader Replaying proof Quantor[Quantor::square1(int)].JML normal_behavior operation contract.0 
40654      DEBUG main            d.u.i.k.p.i.IntermediateProofReplayer Proof replay took 12.39ms 
40655      DEBUG main            d.u.i.k.p.r.p.TestFile    ... success: reloaded. 
40656      INFO  main            d.u.i.k.p.r.p.TestFile    Now processing file /home/runner/work/key/key/key.core/../key.ui/examples/standard_key/java_dl/jml-assert/quantor-assume.key 
40657      INFO  main            d.u.i.k.p.i.AbstractProblemLoader Loading environment from /home/runner/work/key/key/key.core/../key.ui/examples/standard_key/java_dl/jml-assert/quantor-assume.key 
40657      DEBUG main            d.u.i.k.p.i.AbstractProblemLoader Environment load took 229.5ns 
40658      INFO  main            d.u.i.k.p.i.AbstractProblemLoader Creating init config 
43286      DEBUG main            d.u.i.k.p.i.AbstractProblemLoader Init config took 2.63s 
43327      INFO  main            d.u.i.k.p.i.AbstractProblemLoader Replaying proof Quantor[Quantor::square2(int)].JML normal_behavior operation contract.0 
43329      DEBUG main            d.u.i.k.p.i.IntermediateProofReplayer Proof replay took 6.4ns 
43434      INFO  main            d.u.i.k.p.r.p.TestFile    ... finished proof: closed. 
43608      INFO  main            d.u.i.k.p.i.AbstractProblemLoader Loading environment from /home/runner/work/key/key/key.core/../key.ui/examples/standard_key/java_dl/jml-assert/quantor-assume.key.proof 
43608      DEBUG main            d.u.i.k.p.i.AbstractProblemLoader Environment load took 130.2ns 
43609      INFO  main            d.u.i.k.p.i.AbstractProblemLoader Creating init config 
46185      DEBUG main            d.u.i.k.p.i.AbstractProblemLoader Init config took 2.58s 
46228      INFO  main            d.u.i.k.p.i.AbstractProblemLoader Replaying proof Quantor[Quantor::square2(int)].JML normal_behavior operation contract.0 
46245      DEBUG main            d.u.i.k.p.i.IntermediateProofReplayer Proof replay took 14.77ms 
46247      DEBUG main            d.u.i.k.p.r.p.TestFile    ... success: reloaded. 
46248      INFO  main            d.u.i.k.p.r.p.TestFile    Now processing file /home/runner/work/key/key/key.core/../key.ui/examples/standard_key/java_dl/jml-assert/model-methods-static-static.key 
46249      INFO  main            d.u.i.k.p.i.AbstractProblemLoader Loading environment from /home/runner/work/key/key/key.core/../key.ui/examples/standard_key/java_dl/jml-assert/model-methods-static-static.key 
46249      DEBUG main            d.u.i.k.p.i.AbstractProblemLoader Environment load took 100.1ns 
46250      INFO  main            d.u.i.k.p.i.AbstractProblemLoader Creating init config 
48883      DEBUG main            d.u.i.k.p.i.AbstractProblemLoader Init config took 2.63s 
48926      INFO  main            d.u.i.k.p.i.AbstractProblemLoader Replaying proof ModelMethods[ModelMethods::test1()].JML normal_behavior operation contract.0 
48927      DEBUG main            d.u.i.k.p.i.IntermediateProofReplayer Proof replay took 8.1ns 
49031      INFO  main            d.u.i.k.p.r.p.TestFile    ... finished proof: closed. 
49244      INFO  main            d.u.i.k.p.i.AbstractProblemLoader Loading environment from /home/runner/work/key/key/key.core/../key.ui/examples/standard_key/java_dl/jml-assert/model-methods-static-static.key.proof 
49244      DEBUG main            d.u.i.k.p.i.AbstractProblemLoader Environment load took 124ns 
49245      INFO  main            d.u.i.k.p.i.AbstractProblemLoader Creating init config 
51784      DEBUG main            d.u.i.k.p.i.AbstractProblemLoader Init config took 2.54s 
51822      INFO  main            d.u.i.k.p.i.AbstractProblemLoader Replaying proof ModelMethods[ModelMethods::test1()].JML normal_behavior operation contract.0 
51829      DEBUG main            d.u.i.k.p.i.IntermediateProofReplayer Proof replay took 5.32ms 
51830      DEBUG main            d.u.i.k.p.r.p.TestFile    ... success: reloaded. 
51831      INFO  main            d.u.i.k.p.r.p.TestFile    Now processing file /home/runner/work/key/key/key.core/../key.ui/examples/standard_key/java_dl/jml-assert/model-methods-instance-static.key 
51831      INFO  main            d.u.i.k.p.i.AbstractProblemLoader Loading environment from /home/runner/work/key/key/key.core/../key.ui/examples/standard_key/java_dl/jml-assert/model-methods-instance-static.key 
51831      DEBUG main            d.u.i.k.p.i.AbstractProblemLoader Environment load took 84.2ns 
51832      INFO  main            d.u.i.k.p.i.AbstractProblemLoader Creating init config 
54462      DEBUG main            d.u.i.k.p.i.AbstractProblemLoader Init config took 2.63s 
54523      INFO  main            d.u.i.k.p.i.AbstractProblemLoader Replaying proof ModelMethods[ModelMethods::test2()].JML normal_behavior operation contract.0 
54524      DEBUG main            d.u.i.k.p.i.IntermediateProofReplayer Proof replay took 6.6ns 
54627      INFO  main            d.u.i.k.p.r.p.TestFile    ... finished proof: closed. 
54810      INFO  main            d.u.i.k.p.i.AbstractProblemLoader Loading environment from /home/runner/work/key/key/key.core/../key.ui/examples/standard_key/java_dl/jml-assert/model-methods-instance-static.key.proof 
54810      DEBUG main            d.u.i.k.p.i.AbstractProblemLoader Environment load took 122.3ns 
54811      INFO  main            d.u.i.k.p.i.AbstractProblemLoader Creating init config 
57354      DEBUG main            d.u.i.k.p.i.AbstractProblemLoader Init config took 2.54s 
57404      INFO  main            d.u.i.k.p.i.AbstractProblemLoader Replaying proof ModelMethods[ModelMethods::test2()].JML normal_behavior operation contract.0 
57420      DEBUG main            d.u.i.k.p.i.IntermediateProofReplayer Proof replay took 10.69ms 
57421      DEBUG main            d.u.i.k.p.r.p.TestFile    ... success: reloaded. 
57423      INFO  main            d.u.i.k.p.r.p.TestFile    Now processing file /home/runner/work/key/key/key.core/../key.ui/examples/standard_key/java_dl/jml-assert/model-methods-instance-instance.key 
57423      INFO  main            d.u.i.k.p.i.AbstractProblemLoader Loading environment from /home/runner/work/key/key/key.core/../key.ui/examples/standard_key/java_dl/jml-assert/model-methods-instance-instance.key 
57424      DEBUG main            d.u.i.k.p.i.AbstractProblemLoader Environment load took 694.9ns 
57424      INFO  main            d.u.i.k.p.i.AbstractProblemLoader Creating init config 
60076      DEBUG main            d.u.i.k.p.i.AbstractProblemLoader Init config took 2.65s 
60114      INFO  main            d.u.i.k.p.i.AbstractProblemLoader Replaying proof ModelMethods[ModelMethods::test3()].JML normal_behavior operation contract.0 
60115      DEBUG main            d.u.i.k.p.i.IntermediateProofReplayer Proof replay took 6.8ns 
60218      INFO  main            d.u.i.k.p.r.p.TestFile    ... finished proof: closed. 
60416      INFO  main            d.u.i.k.p.i.AbstractProblemLoader Loading environment from /home/runner/work/key/key/key.core/../key.ui/examples/standard_key/java_dl/jml-assert/model-methods-instance-instance.key.proof 
60417      DEBUG main            d.u.i.k.p.i.AbstractProblemLoader Environment load took 231.9ns 
60417      INFO  main            d.u.i.k.p.i.AbstractProblemLoader Creating init config 
62945      DEBUG main            d.u.i.k.p.i.AbstractProblemLoader Init config took 2.53s 
62982      INFO  main            d.u.i.k.p.i.AbstractProblemLoader Replaying proof ModelMethods[ModelMethods::test3()].JML normal_behavior operation contract.0 
62994      DEBUG main            d.u.i.k.p.i.IntermediateProofReplayer Proof replay took 9.83ms 
62995      DEBUG main            d.u.i.k.p.r.p.TestFile    ... success: reloaded. 
62996      INFO  main            d.u.i.k.p.r.p.TestFile    Now processing file /home/runner/work/key/key/key.core/../key.ui/examples/standard_key/java_dl/jml-assert/model-methods-static-instance.key 
62996      INFO  main            d.u.i.k.p.i.AbstractProblemLoader Loading environment from /home/runner/work/key/key/key.core/../key.ui/examples/standard_key/java_dl/jml-assert/model-methods-static-instance.key 
62996      DEBUG main            d.u.i.k.p.i.AbstractProblemLoader Environment load took 97.1ns 
62997      INFO  main            d.u.i.k.p.i.AbstractProblemLoader Creating init config 
65566      DEBUG main            d.u.i.k.p.i.AbstractProblemLoader Init config took 2.57s 
65603      INFO  main            d.u.i.k.p.i.AbstractProblemLoader Replaying proof ModelMethods[ModelMethods::test4()].JML normal_behavior operation contract.0 
65605      DEBUG main            d.u.i.k.p.i.IntermediateProofReplayer Proof replay took 6.6ns 
65710      INFO  main            d.u.i.k.p.r.p.TestFile    ... finished proof: closed. 
65899      INFO  main            d.u.i.k.p.i.AbstractProblemLoader Loading environment from /home/runner/work/key/key/key.core/../key.ui/examples/standard_key/java_dl/jml-assert/model-methods-static-instance.key.proof 
65899      DEBUG main            d.u.i.k.p.i.AbstractProblemLoader Environment load took 110.5ns 
65900      INFO  main            d.u.i.k.p.i.AbstractProblemLoader Creating init config 
68425      DEBUG main            d.u.i.k.p.i.AbstractProblemLoader Init config took 2.52s 
68462      INFO  main            d.u.i.k.p.i.AbstractProblemLoader Replaying proof ModelMethods[ModelMethods::test4()].JML normal_behavior operation contract.0 
68486      DEBUG main            d.u.i.k.p.i.IntermediateProofReplayer Proof replay took 22.3ms 
68488      DEBUG main            d.u.i.k.p.r.p.TestFile    ... success: reloaded. 
68488      INFO  main            d.u.i.k.p.r.p.TestFile    Now processing file /home/runner/work/key/key/key.core/../key.ui/examples/standard_key/java_dl/jml-assert/assert-old/inc-field.key 
68489      INFO  main            d.u.i.k.p.i.AbstractProblemLoader Loading environment from /home/runner/work/key/key/key.core/../key.ui/examples/standard_key/java_dl/jml-assert/assert-old/inc-field.key 
68489      DEBUG main            d.u.i.k.p.i.AbstractProblemLoader Environment load took 141.8ns 
68490      INFO  main            d.u.i.k.p.i.AbstractProblemLoader Creating init config 
71006      DEBUG main            d.u.i.k.p.i.AbstractProblemLoader Init config took 2.52s 
71042      INFO  main            d.u.i.k.p.i.AbstractProblemLoader Replaying proof Inc[Inc::inc_field()].JML normal_behavior operation contract.0 
71044      DEBUG main            d.u.i.k.p.i.IntermediateProofReplayer Proof replay took 5.9ns 
71246      INFO  main            d.u.i.k.p.r.p.TestFile    ... finished proof: closed. 
71442      INFO  main            d.u.i.k.p.i.AbstractProblemLoader Loading environment from /home/runner/work/key/key/key.core/../key.ui/examples/standard_key/java_dl/jml-assert/assert-old/inc-field.key.proof 
71442      DEBUG main            d.u.i.k.p.i.AbstractProblemLoader Environment load took 114.4ns 
71443      INFO  main            d.u.i.k.p.i.AbstractProblemLoader Creating init config 
73926      DEBUG main            d.u.i.k.p.i.AbstractProblemLoader Init config took 2.48s 
73963      INFO  main            d.u.i.k.p.i.AbstractProblemLoader Replaying proof Inc[Inc::inc_field()].JML normal_behavior operation contract.0 
73986      DEBUG main            d.u.i.k.p.i.IntermediateProofReplayer Proof replay took 20.72ms 
73987      DEBUG main            d.u.i.k.p.r.p.TestFile    ... success: reloaded. 
73988      INFO  main            d.u.i.k.p.r.p.TestFile    Now processing file /home/runner/work/key/key/key.core/../key.ui/examples/standard_key/java_dl/jml-assert/assert-old/inc-parameter.key 
73989      INFO  main            d.u.i.k.p.i.AbstractProblemLoader Loading environment from /home/runner/work/key/key/key.core/../key.ui/examples/standard_key/java_dl/jml-assert/assert-old/inc-parameter.key 
73989      DEBUG main            d.u.i.k.p.i.AbstractProblemLoader Environment load took 211.4ns 
73990      INFO  main            d.u.i.k.p.i.AbstractProblemLoader Creating init config 
76501      DEBUG main            d.u.i.k.p.i.AbstractProblemLoader Init config took 2.51s 
76536      INFO  main            d.u.i.k.p.i.AbstractProblemLoader Replaying proof Inc[Inc::inc_parameter(int)].JML normal_behavior operation contract.0 
76538      DEBUG main            d.u.i.k.p.i.IntermediateProofReplayer Proof replay took 6.5ns 
76640      INFO  main            d.u.i.k.p.r.p.TestFile    ... finished proof: closed. 
76852      INFO  main            d.u.i.k.p.i.AbstractProblemLoader Loading environment from /home/runner/work/key/key/key.core/../key.ui/examples/standard_key/java_dl/jml-assert/assert-old/inc-parameter.key.proof 
76852      DEBUG main            d.u.i.k.p.i.AbstractProblemLoader Environment load took 102.5ns 
76854      INFO  main            d.u.i.k.p.i.AbstractProblemLoader Creating init config 
79280      DEBUG main            d.u.i.k.p.i.AbstractProblemLoader Init config took 2.43s 
79315      INFO  main            d.u.i.k.p.i.AbstractProblemLoader Replaying proof Inc[Inc::inc_parameter(int)].JML normal_behavior operation contract.0 
79328      DEBUG main            d.u.i.k.p.i.IntermediateProofReplayer Proof replay took 10.89ms 
79329      DEBUG main            d.u.i.k.p.r.p.TestFile    ... success: reloaded. 
79330      INFO  main            d.u.i.k.p.r.p.TestFile    Now processing file /home/runner/work/key/key/key.core/../key.ui/examples/standard_key/java_dl/jml-assert/assert-old/inc-parameter-field.key 
79331      INFO  main            d.u.i.k.p.i.AbstractProblemLoader Loading environment from /home/runner/work/key/key/key.core/../key.ui/examples/standard_key/java_dl/jml-assert/assert-old/inc-parameter-field.key 
79331      DEBUG main            d.u.i.k.p.i.AbstractProblemLoader Environment load took 212.2ns 
79332      INFO  main            d.u.i.k.p.i.AbstractProblemLoader Creating init config 
81840      DEBUG main            d.u.i.k.p.i.AbstractProblemLoader Init config took 2.51s 
81874      INFO  main            d.u.i.k.p.i.AbstractProblemLoader Replaying proof Inc[Inc::inc_parameter_field(Inc)].JML normal_behavior operation contract.0 
81875      DEBUG main            d.u.i.k.p.i.IntermediateProofReplayer Proof replay took 7ns 
81978      INFO  main            d.u.i.k.p.r.p.TestFile    ... finished proof: closed. 
82224      INFO  main            d.u.i.k.p.i.AbstractProblemLoader Loading environment from /home/runner/work/key/key/key.core/../key.ui/examples/standard_key/java_dl/jml-assert/assert-old/inc-parameter-field.key.proof 
82224      DEBUG main            d.u.i.k.p.i.AbstractProblemLoader Environment load took 106.5ns 
82226      INFO  main            d.u.i.k.p.i.AbstractProblemLoader Creating init config 
84648      DEBUG main            d.u.i.k.p.i.AbstractProblemLoader Init config took 2.42s 
84683      INFO  main            d.u.i.k.p.i.AbstractProblemLoader Replaying proof Inc[Inc::inc_parameter_field(Inc)].JML normal_behavior operation contract.0 
84709      DEBUG main            d.u.i.k.p.i.IntermediateProofReplayer Proof replay took 23.73ms 
84710      DEBUG main            d.u.i.k.p.r.p.TestFile    ... success: reloaded. 
84710      INFO  main            d.u.i.k.p.r.p.TestFile    Now processing file /home/runner/work/key/key/key.core/../key.ui/examples/standard_key/java_dl/jml-assert/assert-old/inc-ghost-field.key 
84711      INFO  main            d.u.i.k.p.i.AbstractProblemLoader Loading environment from /home/runner/work/key/key/key.core/../key.ui/examples/standard_key/java_dl/jml-assert/assert-old/inc-ghost-field.key 
84711      DEBUG main            d.u.i.k.p.i.AbstractProblemLoader Environment load took 80.1ns 
84711      INFO  main            d.u.i.k.p.i.AbstractProblemLoader Creating init config 
87206      DEBUG main            d.u.i.k.p.i.AbstractProblemLoader Init config took 2.49s 
87240      INFO  main            d.u.i.k.p.i.AbstractProblemLoader Replaying proof Inc[Inc::inc_ghost_field()].JML normal_behavior operation contract.0 
87241      DEBUG main            d.u.i.k.p.i.IntermediateProofReplayer Proof replay took 6.6ns 
87346      INFO  main            d.u.i.k.p.r.p.TestFile    ... finished proof: closed. 
87563      INFO  main            d.u.i.k.p.i.AbstractProblemLoader Loading environment from /home/runner/work/key/key/key.core/../key.ui/examples/standard_key/java_dl/jml-assert/assert-old/inc-ghost-field.key.proof 
87563      DEBUG main            d.u.i.k.p.i.AbstractProblemLoader Environment load took 106.7ns 
87564      INFO  main            d.u.i.k.p.i.AbstractProblemLoader Creating init config 
89983      DEBUG main            d.u.i.k.p.i.AbstractProblemLoader Init config took 2.42s 
90017      INFO  main            d.u.i.k.p.i.AbstractProblemLoader Replaying proof Inc[Inc::inc_ghost_field()].JML normal_behavior operation contract.0 
90038      DEBUG main            d.u.i.k.p.i.IntermediateProofReplayer Proof replay took 19.11ms 
90039      DEBUG main            d.u.i.k.p.r.p.TestFile    ... success: reloaded. 
711022     INFO  Test worker     d.u.i.k.p.r.RunAllProofsTestUnit Returning from test jmlAsserts 
711023     INFO  Test worker     d.u.i.k.p.r.RunAllProofsTestUnit Running test javaCard 
391        INFO  Timeout watchdog d.u.i.k.p.r.p.ForkedTestFileRunner Timeout watcher launched (2000 secs.) 
395        WARN  main            d.u.i.k.s.ProofSettings   The settings in /home/runner/.key/proof-settings.props are *not* read. 
422        INFO  main            d.u.i.k.p.r.p.TestFile    Now processing file /home/runner/work/key/key/key.core/../key.ui/examples/heap/javacard/updateBalance0.key 
542        INFO  main            d.u.i.k.p.i.AbstractProblemLoader Loading environment from /home/runner/work/key/key/key.core/../key.ui/examples/heap/javacard/updateBalance0.key 
575        DEBUG main            d.u.i.k.p.i.AbstractProblemLoader Environment load took 2ms 
833        INFO  main            d.u.i.k.p.i.AbstractProblemLoader Creating init config 
1788       DEBUG main            d.u.i.k.j.TypeConverter   No LDT found for Meta 
1788       DEBUG main            d.u.i.k.j.TypeConverter   No LDT found for Meta 
1791       DEBUG main            d.u.i.k.j.TypeConverter   No LDT found for Meta 
1791       DEBUG main            d.u.i.k.j.TypeConverter   No LDT found for Meta 
3288       DEBUG main            d.u.i.k.j.TypeConverter   No LDT found for JavaBigintExpression 
6664       DEBUG main            d.u.i.k.p.i.AbstractProblemLoader Init config took 5.83s 
6781       INFO  main            d.u.i.k.p.i.AbstractProblemLoader Replaying proof Examples[Examples::updateBalance(short)].JML normal_behavior operation contract.0 
6820       DEBUG main            d.u.i.k.p.i.IntermediateProofReplayer Proof replay took 32.9ns 
8155       INFO  main            d.u.i.k.p.r.p.TestFile    ... finished proof: closed. 
8300       INFO  main            d.u.i.k.p.i.AbstractProblemLoader Loading environment from /home/runner/work/key/key/key.core/../key.ui/examples/heap/javacard/updateBalance0.key.proof 
8306       DEBUG main            d.u.i.k.p.i.AbstractProblemLoader Environment load took 6.19ms 
8308       INFO  main            d.u.i.k.p.i.AbstractProblemLoader Creating init config 
10156      DEBUG main            d.u.i.k.p.i.AbstractProblemLoader Init config took 1.85s 
10251      INFO  main            d.u.i.k.p.i.AbstractProblemLoader Replaying proof Examples[Examples::updateBalance(short)].JML normal_behavior operation contract.0 
10477      DEBUG main            d.u.i.k.p.i.IntermediateProofReplayer Proof replay took 207.2ms 
10486      DEBUG main            d.u.i.k.p.r.p.TestFile    ... success: reloaded. 
10488      INFO  main            d.u.i.k.p.r.p.TestFile    Now processing file /home/runner/work/key/key/key.core/../key.ui/examples/heap/javacard/updateBalance1.key 
10489      INFO  main            d.u.i.k.p.i.AbstractProblemLoader Loading environment from /home/runner/work/key/key/key.core/../key.ui/examples/heap/javacard/updateBalance1.key 
10489      DEBUG main            d.u.i.k.p.i.AbstractProblemLoader Environment load took 261.4ns 
10491      INFO  main            d.u.i.k.p.i.AbstractProblemLoader Creating init config 
12163      DEBUG main            d.u.i.k.p.i.AbstractProblemLoader Init config took 1.67s 
12215      INFO  main            d.u.i.k.p.i.AbstractProblemLoader Replaying proof Examples[Examples::updateBalance(short)].JML normal_behavior operation contract.1 
12218      DEBUG main            d.u.i.k.p.i.IntermediateProofReplayer Proof replay took 6ns 
12822      INFO  main            d.u.i.k.p.r.p.TestFile    ... finished proof: closed. 
12944      INFO  main            d.u.i.k.p.i.AbstractProblemLoader Loading environment from /home/runner/work/key/key/key.core/../key.ui/examples/heap/javacard/updateBalance1.key.proof 
12945      DEBUG main            d.u.i.k.p.i.AbstractProblemLoader Environment load took 622.5ns 
12946      INFO  main            d.u.i.k.p.i.AbstractProblemLoader Creating init config 
14592      DEBUG main            d.u.i.k.p.i.AbstractProblemLoader Init config took 1.65s 
14636      INFO  main            d.u.i.k.p.i.AbstractProblemLoader Replaying proof Examples[Examples::updateBalance(short)].JML normal_behavior operation contract.1 
14729      DEBUG main            d.u.i.k.p.i.IntermediateProofReplayer Proof replay took 88.76ms 
14732      DEBUG main            d.u.i.k.p.r.p.TestFile    ... success: reloaded. 
14734      INFO  main            d.u.i.k.p.r.p.TestFile    Now processing file /home/runner/work/key/key/key.core/../key.ui/examples/heap/javacard/setArray1.key 
14735      INFO  main            d.u.i.k.p.i.AbstractProblemLoader Loading environment from /home/runner/work/key/key/key.core/../key.ui/examples/heap/javacard/setArray1.key 
14735      DEBUG main            d.u.i.k.p.i.AbstractProblemLoader Environment load took 240.8ns 
14736      INFO  main            d.u.i.k.p.i.AbstractProblemLoader Creating init config 
16352      DEBUG main            d.u.i.k.p.i.AbstractProblemLoader Init config took 1.62s 
16399      INFO  main            d.u.i.k.p.i.AbstractProblemLoader Replaying proof Examples[Examples::setArray1([B)].JML normal_behavior operation contract.0 
16402      DEBUG main            d.u.i.k.p.i.IntermediateProofReplayer Proof replay took 6.4ns 
17509      INFO  main            d.u.i.k.p.r.p.TestFile    ... finished proof: closed. 
17622      INFO  main            d.u.i.k.p.i.AbstractProblemLoader Loading environment from /home/runner/work/key/key/key.core/../key.ui/examples/heap/javacard/setArray1.key.proof 
17623      DEBUG main            d.u.i.k.p.i.AbstractProblemLoader Environment load took 125.2ns 
17624      INFO  main            d.u.i.k.p.i.AbstractProblemLoader Creating init config 
19170      DEBUG main            d.u.i.k.p.i.AbstractProblemLoader Init config took 1.55s 
19209      INFO  main            d.u.i.k.p.i.AbstractProblemLoader Replaying proof Examples[Examples::setArray1([B)].JML normal_behavior operation contract.0 
19380      DEBUG main            d.u.i.k.p.i.IntermediateProofReplayer Proof replay took 165.37ms 
19382      DEBUG main            d.u.i.k.p.r.p.TestFile    ... success: reloaded. 
19385      INFO  main            d.u.i.k.p.r.p.TestFile    Now processing file /home/runner/work/key/key/key.core/../key.ui/examples/heap/javacard/setArray2.key 
19385      INFO  main            d.u.i.k.p.i.AbstractProblemLoader Loading environment from /home/runner/work/key/key/key.core/../key.ui/examples/heap/javacard/setArray2.key 
19385      DEBUG main            d.u.i.k.p.i.AbstractProblemLoader Environment load took 226.8ns 
19387      INFO  main            d.u.i.k.p.i.AbstractProblemLoader Creating init config 
20941      DEBUG main            d.u.i.k.p.i.AbstractProblemLoader Init config took 1.55s 
20981      INFO  main            d.u.i.k.p.i.AbstractProblemLoader Replaying proof Examples[Examples::setArray2([B)].JML normal_behavior operation contract.0 
20983      DEBUG main            d.u.i.k.p.i.IntermediateProofReplayer Proof replay took 5.9ns 
22000      INFO  main            d.u.i.k.p.r.p.TestFile    ... finished proof: closed. 
22107      INFO  main            d.u.i.k.p.i.AbstractProblemLoader Loading environment from /home/runner/work/key/key/key.core/../key.ui/examples/heap/javacard/setArray2.key.proof 
22107      DEBUG main            d.u.i.k.p.i.AbstractProblemLoader Environment load took 680.7ns 
22108      INFO  main            d.u.i.k.p.i.AbstractProblemLoader Creating init config 
23675      DEBUG main            d.u.i.k.p.i.AbstractProblemLoader Init config took 1.57s 
23715      INFO  main            d.u.i.k.p.i.AbstractProblemLoader Replaying proof Examples[Examples::setArray2([B)].JML normal_behavior operation contract.0 
23894      DEBUG main            d.u.i.k.p.i.IntermediateProofReplayer Proof replay took 173.34ms 
23897      DEBUG main            d.u.i.k.p.r.p.TestFile    ... success: reloaded. 
23899      INFO  main            d.u.i.k.p.r.p.TestFile    Now processing file /home/runner/work/key/key/key.core/../key.ui/examples/heap/javacard/arrayFillNonAtomic.key 
23899      INFO  main            d.u.i.k.p.i.AbstractProblemLoader Loading environment from /home/runner/work/key/key/key.core/../key.ui/examples/heap/javacard/arrayFillNonAtomic.key 
23899      DEBUG main            d.u.i.k.p.i.AbstractProblemLoader Environment load took 253.4ns 
23900      INFO  main            d.u.i.k.p.i.AbstractProblemLoader Creating init config 
25455      DEBUG main            d.u.i.k.p.i.AbstractProblemLoader Init config took 1.55s 
25511      INFO  main            d.u.i.k.p.i.AbstractProblemLoader Replaying proof javacard.framework.Util[javacard.framework.Util::arrayFillNonAtomic([B,short,short,byte)].JML behavior operation contract.0.transaction_inactive 
25513      DEBUG main            d.u.i.k.p.i.IntermediateProofReplayer Proof replay took 5.6ns 
26287      DEBUG Thread-13       d.u.i.k.l.o.ProgramSV     Match failed: Former match of  SchemaVariable incompatible with  the current match. 
26287      DEBUG Thread-13       d.u.i.k.l.o.ProgramSV     Match failed: Former match of  SchemaVariable incompatible with  the current match. 
27485      DEBUG Thread-13       d.u.i.k.l.o.ProgramSV     Match failed: Former match of  SchemaVariable incompatible with  the current match. 
27485      DEBUG Thread-13       d.u.i.k.l.o.ProgramSV     Match failed: Former match of  SchemaVariable incompatible with  the current match. 
28967      INFO  main            d.u.i.k.p.r.p.TestFile    ... finished proof: closed. 
29112      INFO  main            d.u.i.k.p.i.AbstractProblemLoader Loading environment from /home/runner/work/key/key/key.core/../key.ui/examples/heap/javacard/arrayFillNonAtomic.key.proof 
29115      DEBUG main            d.u.i.k.p.i.AbstractProblemLoader Environment load took 2.78ms 
29119      INFO  main            d.u.i.k.p.i.AbstractProblemLoader Creating init config 
30615      DEBUG main            d.u.i.k.p.i.AbstractProblemLoader Init config took 1.5s 
30670      INFO  main            d.u.i.k.p.i.AbstractProblemLoader Replaying proof javacard.framework.Util[javacard.framework.Util::arrayFillNonAtomic([B,short,short,byte)].JML behavior operation contract.0.transaction_inactive 
31280      DEBUG main            d.u.i.k.p.i.IntermediateProofReplayer Proof replay took 581.1ms 
31281      DEBUG main            d.u.i.k.p.r.p.TestFile    ... success: reloaded. 
31282      INFO  main            d.u.i.k.p.r.p.TestFile    Now processing file /home/runner/work/key/key/key.core/../key.ui/examples/heap/coincidence_count/project.key 
31283      INFO  main            d.u.i.k.p.i.AbstractProblemLoader Loading environment from /home/runner/work/key/key/key.core/../key.ui/examples/heap/coincidence_count/project.key 
31283      DEBUG main            d.u.i.k.p.i.AbstractProblemLoader Environment load took 226.7ns 
31284      INFO  main            d.u.i.k.p.i.AbstractProblemLoader Creating init config 
34731      DEBUG main            d.u.i.k.p.i.AbstractProblemLoader Init config took 3.45s 
34779      INFO  main            d.u.i.k.p.i.AbstractProblemLoader Replaying proof CC[CC::calcCoinIndex([I,[I)].JML normal_behavior operation contract.0 
34783      DEBUG main            d.u.i.k.p.i.IntermediateProofReplayer Proof replay took 5.9ns 
51488      INFO  main            d.u.i.k.p.r.p.TestFile    ... finished proof: closed. 
51775      INFO  main            d.u.i.k.p.i.AbstractProblemLoader Loading environment from /home/runner/work/key/key/key.core/../key.ui/examples/heap/coincidence_count/project.key.proof 
51775      DEBUG main            d.u.i.k.p.i.AbstractProblemLoader Environment load took 389.2ns 
51779      INFO  main            d.u.i.k.p.i.AbstractProblemLoader Creating init config 
54375      DEBUG main            d.u.i.k.p.i.AbstractProblemLoader Init config took 2.6s 
54415      INFO  main            d.u.i.k.p.i.AbstractProblemLoader Replaying proof CC[CC::calcCoinIndex([I,[I)].JML normal_behavior operation contract.0 
55080      DEBUG main            d.u.i.k.p.i.IntermediateProofReplayer Proof replay took 590.61ms 
55083      DEBUG main            d.u.i.k.p.r.p.TestFile    ... success: reloaded. 
55084      INFO  main            d.u.i.k.p.r.p.TestFile    Now processing file /home/runner/work/key/key/key.core/../key.ui/examples/heap/verifyThis11_1_Maximum/project.key 
55085      INFO  main            d.u.i.k.p.i.AbstractProblemLoader Loading environment from /home/runner/work/key/key/key.core/../key.ui/examples/heap/verifyThis11_1_Maximum/project.key 
55085      DEBUG main            d.u.i.k.p.i.AbstractProblemLoader Environment load took 222.9ns 
55086      INFO  main            d.u.i.k.p.i.AbstractProblemLoader Creating init config 
57750      DEBUG main            d.u.i.k.p.i.AbstractProblemLoader Init config took 2.66s 
57800      INFO  main            d.u.i.k.p.i.AbstractProblemLoader Replaying proof Maximum[Maximum::maxIndex([I)].JML normal_behavior operation contract.0 
57802      DEBUG main            d.u.i.k.p.i.IntermediateProofReplayer Proof replay took 6.3ns 
58613      INFO  main            d.u.i.k.p.r.p.TestFile    ... finished proof: closed. 
58847      INFO  main            d.u.i.k.p.i.AbstractProblemLoader Loading environment from /home/runner/work/key/key/key.core/../key.ui/examples/heap/verifyThis11_1_Maximum/project.key.proof 
58847      DEBUG main            d.u.i.k.p.i.AbstractProblemLoader Environment load took 455.8ns 
58848      INFO  main            d.u.i.k.p.i.AbstractProblemLoader Creating init config 
61344      DEBUG main            d.u.i.k.p.i.AbstractProblemLoader Init config took 2.5s 
61391      INFO  main            d.u.i.k.p.i.AbstractProblemLoader Replaying proof Maximum[Maximum::maxIndex([I)].JML normal_behavior operation contract.0 
61501      DEBUG main            d.u.i.k.p.i.IntermediateProofReplayer Proof replay took 103.42ms 
61503      DEBUG main            d.u.i.k.p.r.p.TestFile    ... success: reloaded. 
61503      INFO  main            d.u.i.k.p.r.p.TestFile    Now processing file /home/runner/work/key/key/key.core/../key.ui/examples/heap/fm12_01_LRS/lcp.key 
61504      INFO  main            d.u.i.k.p.i.AbstractProblemLoader Loading environment from /home/runner/work/key/key/key.core/../key.ui/examples/heap/fm12_01_LRS/lcp.key 
61504      DEBUG main            d.u.i.k.p.i.AbstractProblemLoader Environment load took 240.5ns 
61505      INFO  main            d.u.i.k.p.i.AbstractProblemLoader Creating init config 
64668      DEBUG main            d.u.i.k.p.i.AbstractProblemLoader Init config took 3.16s 
64723      INFO  main            d.u.i.k.p.i.AbstractProblemLoader Replaying proof LCP[LCP::lcp([I,int,int)].JML normal_behavior operation contract.0 
64725      DEBUG main            d.u.i.k.p.i.IntermediateProofReplayer Proof replay took 5.3ns 
65555      INFO  main            d.u.i.k.p.r.p.TestFile    ... finished proof: closed. 
65796      INFO  main            d.u.i.k.p.i.AbstractProblemLoader Loading environment from /home/runner/work/key/key/key.core/../key.ui/examples/heap/fm12_01_LRS/lcp.key.proof 
65796      DEBUG main            d.u.i.k.p.i.AbstractProblemLoader Environment load took 443.6ns 
65797      INFO  main            d.u.i.k.p.i.AbstractProblemLoader Creating init config 
68782      DEBUG main            d.u.i.k.p.i.AbstractProblemLoader Init config took 2.99s 
68837      INFO  main            d.u.i.k.p.i.AbstractProblemLoader Replaying proof LCP[LCP::lcp([I,int,int)].JML normal_behavior operation contract.0 
68985      DEBUG main            d.u.i.k.p.i.IntermediateProofReplayer Proof replay took 141.1ms 
68986      DEBUG main            d.u.i.k.p.r.p.TestFile    ... success: reloaded. 
68987      INFO  main            d.u.i.k.p.r.p.TestFile    Now processing file /home/runner/work/key/key/key.core/../key.ui/examples/heap/SemanticSlicing/project.key 
68988      INFO  main            d.u.i.k.p.i.AbstractProblemLoader Loading environment from /home/runner/work/key/key/key.core/../key.ui/examples/heap/SemanticSlicing/project.key 
68988      DEBUG main            d.u.i.k.p.i.AbstractProblemLoader Environment load took 210.5ns 
68991      INFO  main            d.u.i.k.p.i.AbstractProblemLoader Creating init config 
71717      DEBUG main            d.u.i.k.p.i.AbstractProblemLoader Init config took 2.73s 
71770      INFO  main            d.u.i.k.p.i.AbstractProblemLoader Replaying proof unsatcore_after.competition.postcond5.scope333.LRS[unsatcore_after.competition.postcond5.scope333.LRS::doLRS()].JML operation contract.0 
71772      DEBUG main            d.u.i.k.p.i.IntermediateProofReplayer Proof replay took 6.2ns 
75392      INFO  main            d.u.i.k.p.r.p.TestFile    ... finished proof: closed. 
75651      INFO  main            d.u.i.k.p.i.AbstractProblemLoader Loading environment from /home/runner/work/key/key/key.core/../key.ui/examples/heap/SemanticSlicing/project.key.proof 
75652      DEBUG main            d.u.i.k.p.i.AbstractProblemLoader Environment load took 438.6ns 
75653      INFO  main            d.u.i.k.p.i.AbstractProblemLoader Creating init config 
78290      DEBUG main            d.u.i.k.p.i.AbstractProblemLoader Init config took 2.64s 
78342      INFO  main            d.u.i.k.p.i.AbstractProblemLoader Replaying proof unsatcore_after.competition.postcond5.scope333.LRS[unsatcore_after.competition.postcond5.scope333.LRS::doLRS()].JML operation contract.0 
78873      DEBUG main            d.u.i.k.p.i.IntermediateProofReplayer Proof replay took 517.32ms 
78875      DEBUG main            d.u.i.k.p.r.p.TestFile    ... success: reloaded. 
78876      INFO  main            d.u.i.k.p.r.p.TestFile    Now processing file /home/runner/work/key/key/key.core/../key.ui/examples/heap/information_flow/ArrayList_contains.key 
78877      INFO  main            d.u.i.k.p.i.AbstractProblemLoader Loading environment from /home/runner/work/key/key/key.core/../key.ui/examples/heap/information_flow/ArrayList_contains.key 
78877      DEBUG main            d.u.i.k.p.i.AbstractProblemLoader Environment load took 211.9ns 
78878      INFO  main            d.u.i.k.p.i.AbstractProblemLoader Creating init config 
81734      DEBUG main            d.u.i.k.p.i.AbstractProblemLoader Init config took 2.86s 
81796      INFO  main            d.u.i.k.p.i.AbstractProblemLoader Replaying proof ArrayList[ArrayList::get(int)].JML normal_behavior operation contract.0 
81798      DEBUG main            d.u.i.k.p.i.IntermediateProofReplayer Proof replay took 6.2ns 
82103      INFO  main            d.u.i.k.p.r.p.TestFile    ... finished proof: closed. 
82348      INFO  main            d.u.i.k.p.i.AbstractProblemLoader Loading environment from /home/runner/work/key/key/key.core/../key.ui/examples/heap/information_flow/ArrayList_contains.key.proof 
82348      DEBUG main            d.u.i.k.p.i.AbstractProblemLoader Environment load took 116.2ns 
82349      INFO  main            d.u.i.k.p.i.AbstractProblemLoader Creating init config 
85068      DEBUG main            d.u.i.k.p.i.AbstractProblemLoader Init config took 2.72s 
85111      INFO  main            d.u.i.k.p.i.AbstractProblemLoader Replaying proof ArrayList[ArrayList::get(int)].JML normal_behavior operation contract.0 
85150      DEBUG main            d.u.i.k.p.i.IntermediateProofReplayer Proof replay took 35.37ms 
85151      DEBUG main            d.u.i.k.p.r.p.TestFile    ... success: reloaded. 
85153      INFO  main            d.u.i.k.p.r.p.TestFile    Now processing file /home/runner/work/key/key/key.core/../key.ui/examples/heap/information_flow/ArrayList_get.key 
85153      INFO  main            d.u.i.k.p.i.AbstractProblemLoader Loading environment from /home/runner/work/key/key/key.core/../key.ui/examples/heap/information_flow/ArrayList_get.key 
85153      DEBUG main            d.u.i.k.p.i.AbstractProblemLoader Environment load took 95ns 
85154      INFO  main            d.u.i.k.p.i.AbstractProblemLoader Creating init config 
87953      DEBUG main            d.u.i.k.p.i.AbstractProblemLoader Init config took 2.8s 
87995      INFO  main            d.u.i.k.p.i.AbstractProblemLoader Replaying proof ArrayList[ArrayList::contains(java.lang.Object)].JML normal_behavior operation contract.0 
87996      DEBUG main            d.u.i.k.p.i.IntermediateProofReplayer Proof replay took 5.5ns 
88800      INFO  main            d.u.i.k.p.r.p.TestFile    ... finished proof: closed. 
89034      INFO  main            d.u.i.k.p.i.AbstractProblemLoader Loading environment from /home/runner/work/key/key/key.core/../key.ui/examples/heap/information_flow/ArrayList_get.key.proof 
89034      DEBUG main            d.u.i.k.p.i.AbstractProblemLoader Environment load took 434ns 
89035      INFO  main            d.u.i.k.p.i.AbstractProblemLoader Creating init config 
91722      DEBUG main            d.u.i.k.p.i.AbstractProblemLoader Init config took 2.69s 
91761      INFO  main            d.u.i.k.p.i.AbstractProblemLoader Replaying proof ArrayList[ArrayList::contains(java.lang.Object)].JML normal_behavior operation contract.0 
91870      DEBUG main            d.u.i.k.p.i.IntermediateProofReplayer Proof replay took 104.74ms 
91872      DEBUG main            d.u.i.k.p.r.p.TestFile    ... success: reloaded. 
91873      INFO  main            d.u.i.k.p.r.p.TestFile    Now processing file /home/runner/work/key/key/key.core/../key.ui/examples/heap/information_flow/ArrayList_size.key 
91873      INFO  main            d.u.i.k.p.i.AbstractProblemLoader Loading environment from /home/runner/work/key/key/key.core/../key.ui/examples/heap/information_flow/ArrayList_size.key 
91873      DEBUG main            d.u.i.k.p.i.AbstractProblemLoader Environment load took 224.7ns 
91874      INFO  main            d.u.i.k.p.i.AbstractProblemLoader Creating init config 
94604      DEBUG main            d.u.i.k.p.i.AbstractProblemLoader Init config took 2.73s 
94664      INFO  main            d.u.i.k.p.i.AbstractProblemLoader Replaying proof ArrayList[ArrayList::size()].JML normal_behavior operation contract.0 
94666      DEBUG main            d.u.i.k.p.i.IntermediateProofReplayer Proof replay took 5.4ns 
94770      INFO  main            d.u.i.k.p.r.p.TestFile    ... finished proof: closed. 
94999      INFO  main            d.u.i.k.p.i.AbstractProblemLoader Loading environment from /home/runner/work/key/key/key.core/../key.ui/examples/heap/information_flow/ArrayList_size.key.proof 
94999      DEBUG main            d.u.i.k.p.i.AbstractProblemLoader Environment load took 111.9ns 
95000      INFO  main            d.u.i.k.p.i.AbstractProblemLoader Creating init config 
97734      DEBUG main            d.u.i.k.p.i.AbstractProblemLoader Init config took 2.73s 
97771      INFO  main            d.u.i.k.p.i.AbstractProblemLoader Replaying proof ArrayList[ArrayList::size()].JML normal_behavior operation contract.0 
97783      DEBUG main            d.u.i.k.p.i.IntermediateProofReplayer Proof replay took 9.81ms 
97784      DEBUG main            d.u.i.k.p.r.p.TestFile    ... success: reloaded. 
97785      INFO  main            d.u.i.k.p.r.p.TestFile    Now processing file /home/runner/work/key/key/key.core/../key.ui/examples/heap/information_flow/UpdateAbstraction_ex7_3_secure.key 
97785      INFO  main            d.u.i.k.p.i.AbstractProblemLoader Loading environment from /home/runner/work/key/key/key.core/../key.ui/examples/heap/information_flow/UpdateAbstraction_ex7_3_secure.key 
97786      DEBUG main            d.u.i.k.p.i.AbstractProblemLoader Environment load took 237.3ns 
97786      INFO  main            d.u.i.k.p.i.AbstractProblemLoader Creating init config 
100580     DEBUG main            d.u.i.k.p.i.AbstractProblemLoader Init config took 2.79s 
100638     INFO  main            d.u.i.k.p.i.AbstractProblemLoader Replaying proof UpdateAbstraction[UpdateAbstraction::ex7_3_secure()].JML operation contract.0 
100639     DEBUG main            d.u.i.k.p.i.IntermediateProofReplayer Proof replay took 5.9ns 
100841     INFO  main            d.u.i.k.p.r.p.TestFile    ... finished proof: closed. 
101089     INFO  main            d.u.i.k.p.i.AbstractProblemLoader Loading environment from /home/runner/work/key/key/key.core/../key.ui/examples/heap/information_flow/UpdateAbstraction_ex7_3_secure.key.proof 
101089     DEBUG main            d.u.i.k.p.i.AbstractProblemLoader Environment load took 113.6ns 
101090     INFO  main            d.u.i.k.p.i.AbstractProblemLoader Creating init config 
103804     DEBUG main            d.u.i.k.p.i.AbstractProblemLoader Init config took 2.71s 
103838     INFO  main            d.u.i.k.p.i.AbstractProblemLoader Replaying proof UpdateAbstraction[UpdateAbstraction::ex7_3_secure()].JML operation contract.0 
103861     DEBUG main            d.u.i.k.p.i.IntermediateProofReplayer Proof replay took 20.77ms 
103862     DEBUG main            d.u.i.k.p.r.p.TestFile    ... success: reloaded. 
103862     INFO  main            d.u.i.k.p.r.p.TestFile    Now processing file /home/runner/work/key/key/key.core/../key.ui/examples/heap/information_flow/UpdateAbstraction_ex7_4_secure.key 
103862     INFO  main            d.u.i.k.p.i.AbstractProblemLoader Loading environment from /home/runner/work/key/key/key.core/../key.ui/examples/heap/information_flow/UpdateAbstraction_ex7_4_secure.key 
103863     DEBUG main            d.u.i.k.p.i.AbstractProblemLoader Environment load took 74.9ns 
103863     INFO  main            d.u.i.k.p.i.AbstractProblemLoader Creating init config 
106608     DEBUG main            d.u.i.k.p.i.AbstractProblemLoader Init config took 2.74s 
106641     INFO  main            d.u.i.k.p.i.AbstractProblemLoader Replaying proof UpdateAbstraction[UpdateAbstraction::ex7_4_secure()].JML operation contract.0 
106642     DEBUG main            d.u.i.k.p.i.IntermediateProofReplayer Proof replay took 5.4ns 
106845     INFO  main            d.u.i.k.p.r.p.TestFile    ... finished proof: closed. 
107110     INFO  main            d.u.i.k.p.i.AbstractProblemLoader Loading environment from /home/runner/work/key/key/key.core/../key.ui/examples/heap/information_flow/UpdateAbstraction_ex7_4_secure.key.proof 
107110     DEBUG main            d.u.i.k.p.i.AbstractProblemLoader Environment load took 111.5ns 
107111     INFO  main            d.u.i.k.p.i.AbstractProblemLoader Creating init config 
109791     DEBUG main            d.u.i.k.p.i.AbstractProblemLoader Init config took 2.68s 
109824     INFO  main            d.u.i.k.p.i.AbstractProblemLoader Replaying proof UpdateAbstraction[UpdateAbstraction::ex7_4_secure()].JML operation contract.0 
109856     DEBUG main            d.u.i.k.p.i.IntermediateProofReplayer Proof replay took 29.86ms 
109857     DEBUG main            d.u.i.k.p.r.p.TestFile    ... success: reloaded. 
109858     INFO  main            d.u.i.k.p.r.p.TestFile    Now processing file /home/runner/work/key/key/key.core/../key.ui/examples/heap/information_flow/UpdateAbstraction_ex7_5_secure.key 
109858     INFO  main            d.u.i.k.p.i.AbstractProblemLoader Loading environment from /home/runner/work/key/key/key.core/../key.ui/examples/heap/information_flow/UpdateAbstraction_ex7_5_secure.key 
109858     DEBUG main            d.u.i.k.p.i.AbstractProblemLoader Environment load took 85.1ns 
109859     INFO  main            d.u.i.k.p.i.AbstractProblemLoader Creating init config 
112598     DEBUG main            d.u.i.k.p.i.AbstractProblemLoader Init config took 2.74s 
112633     INFO  main            d.u.i.k.p.i.AbstractProblemLoader Replaying proof UpdateAbstraction[UpdateAbstraction::ex7_5_secure()].JML operation contract.0 
112635     DEBUG main            d.u.i.k.p.i.IntermediateProofReplayer Proof replay took 6.2ns 
112736     INFO  main            d.u.i.k.p.r.p.TestFile    ... finished proof: closed. 
112993     INFO  main            d.u.i.k.p.i.AbstractProblemLoader Loading environment from /home/runner/work/key/key/key.core/../key.ui/examples/heap/information_flow/UpdateAbstraction_ex7_5_secure.key.proof 
112993     DEBUG main            d.u.i.k.p.i.AbstractProblemLoader Environment load took 107.5ns 
112994     INFO  main            d.u.i.k.p.i.AbstractProblemLoader Creating init config 
115668     DEBUG main            d.u.i.k.p.i.AbstractProblemLoader Init config took 2.67s 
115701     INFO  main            d.u.i.k.p.i.AbstractProblemLoader Replaying proof UpdateAbstraction[UpdateAbstraction::ex7_5_secure()].JML operation contract.0 
115715     DEBUG main            d.u.i.k.p.i.IntermediateProofReplayer Proof replay took 12.27ms 
115716     DEBUG main            d.u.i.k.p.r.p.TestFile    ... success: reloaded. 
115717     INFO  main            d.u.i.k.p.r.p.TestFile    Now processing file /home/runner/work/key/key/key.core/../key.ui/examples/heap/information_flow/UpdateAbstraction_ex7_6_secure.key 
115717     INFO  main            d.u.i.k.p.i.AbstractProblemLoader Loading environment from /home/runner/work/key/key/key.core/../key.ui/examples/heap/information_flow/UpdateAbstraction_ex7_6_secure.key 
115717     DEBUG main            d.u.i.k.p.i.AbstractProblemLoader Environment load took 91.4ns 
115718     INFO  main            d.u.i.k.p.i.AbstractProblemLoader Creating init config 
118443     DEBUG main            d.u.i.k.p.i.AbstractProblemLoader Init config took 2.72s 
118476     INFO  main            d.u.i.k.p.i.AbstractProblemLoader Replaying proof UpdateAbstraction[UpdateAbstraction::ex7_6_secure()].JML operation contract.0 
118477     DEBUG main            d.u.i.k.p.i.IntermediateProofReplayer Proof replay took 6ns 
118779     INFO  main            d.u.i.k.p.r.p.TestFile    ... finished proof: closed. 
119037     INFO  main            d.u.i.k.p.i.AbstractProblemLoader Loading environment from /home/runner/work/key/key/key.core/../key.ui/examples/heap/information_flow/UpdateAbstraction_ex7_6_secure.key.proof 
119037     DEBUG main            d.u.i.k.p.i.AbstractProblemLoader Environment load took 113.5ns 
119038     INFO  main            d.u.i.k.p.i.AbstractProblemLoader Creating init config 
121701     DEBUG main            d.u.i.k.p.i.AbstractProblemLoader Init config took 2.66s 
121734     INFO  main            d.u.i.k.p.i.AbstractProblemLoader Replaying proof UpdateAbstraction[UpdateAbstraction::ex7_6_secure()].JML operation contract.0 
121777     DEBUG main            d.u.i.k.p.i.IntermediateProofReplayer Proof replay took 40.59ms 
121778     DEBUG main            d.u.i.k.p.r.p.TestFile    ... success: reloaded. 
121778     INFO  main            d.u.i.k.p.r.p.TestFile    Now processing file /home/runner/work/key/key/key.core/../key.ui/examples/heap/information_flow/UpdateAbstraction_ex9_secure.key 
121779     INFO  main            d.u.i.k.p.i.AbstractProblemLoader Loading environment from /home/runner/work/key/key/key.core/../key.ui/examples/heap/information_flow/UpdateAbstraction_ex9_secure.key 
121779     DEBUG main            d.u.i.k.p.i.AbstractProblemLoader Environment load took 57.2ns 
121779     INFO  main            d.u.i.k.p.i.AbstractProblemLoader Creating init config 
124484     DEBUG main            d.u.i.k.p.i.AbstractProblemLoader Init config took 2.71s 
124521     INFO  main            d.u.i.k.p.i.AbstractProblemLoader Replaying proof UpdateAbstraction[UpdateAbstraction::ex9_secure()].JML operation contract.0 
124523     DEBUG main            d.u.i.k.p.i.IntermediateProofReplayer Proof replay took 5.6ns 
125328     INFO  main            d.u.i.k.p.r.p.TestFile    ... finished proof: closed. 
125669     INFO  main            d.u.i.k.p.i.AbstractProblemLoader Loading environment from /home/runner/work/key/key/key.core/../key.ui/examples/heap/information_flow/UpdateAbstraction_ex9_secure.key.proof 
125669     DEBUG main            d.u.i.k.p.i.AbstractProblemLoader Environment load took 117.5ns 
125670     INFO  main            d.u.i.k.p.i.AbstractProblemLoader Creating init config 
128321     DEBUG main            d.u.i.k.p.i.AbstractProblemLoader Init config took 2.65s 
128354     INFO  main            d.u.i.k.p.i.AbstractProblemLoader Replaying proof UpdateAbstraction[UpdateAbstraction::ex9_secure()].JML operation contract.0 
128482     DEBUG main            d.u.i.k.p.i.IntermediateProofReplayer Proof replay took 124.4ms 
128483     DEBUG main            d.u.i.k.p.r.p.TestFile    ... success: reloaded. 
839683     INFO  Test worker     d.u.i.k.p.r.RunAllProofsTestUnit Returning from test javaCard 
839685     INFO  Test worker     d.u.i.k.p.r.RunAllProofsTestUnit Running test list 
357        INFO  Timeout watchdog d.u.i.k.p.r.p.ForkedTestFileRunner Timeout watcher launched (2000 secs.) 
366        WARN  main            d.u.i.k.s.ProofSettings   The settings in /home/runner/.key/proof-settings.props are *not* read. 
411        INFO  main            d.u.i.k.p.r.p.TestFile    Now processing file /home/runner/work/key/key/key.core/../key.ui/examples/heap/list/ArrayList_add.key 
532        INFO  main            d.u.i.k.p.i.AbstractProblemLoader Loading environment from /home/runner/work/key/key/key.core/../key.ui/examples/heap/list/ArrayList_add.key 
552        DEBUG main            d.u.i.k.p.i.AbstractProblemLoader Environment load took 2.07ms 
753        INFO  main            d.u.i.k.p.i.AbstractProblemLoader Creating init config 
1578       DEBUG main            d.u.i.k.j.TypeConverter   No LDT found for Meta 
1579       DEBUG main            d.u.i.k.j.TypeConverter   No LDT found for Meta 
1582       DEBUG main            d.u.i.k.j.TypeConverter   No LDT found for Meta 
1582       DEBUG main            d.u.i.k.j.TypeConverter   No LDT found for Meta 
2811       DEBUG main            d.u.i.k.j.TypeConverter   No LDT found for JavaBigintExpression 
6233       DEBUG main            d.u.i.k.j.r.ClassPreparationMethodBuilder clPrepBuilder: Inner Class detected. Reject building class initialisation methods. 
8998       DEBUG main            d.u.i.k.p.i.AbstractProblemLoader Init config took 8.25s 
9214       INFO  main            d.u.i.k.p.i.AbstractProblemLoader Replaying proof ArrayList[List::add(java.lang.Object)].JML normal_behavior operation contract.0 
9290       DEBUG main            d.u.i.k.p.i.IntermediateProofReplayer Proof replay took 35.3ns 
14606      INFO  main            d.u.i.k.p.r.p.TestFile    ... finished proof: closed. 
14767      INFO  main            d.u.i.k.p.i.AbstractProblemLoader Loading environment from /home/runner/work/key/key/key.core/../key.ui/examples/heap/list/ArrayList_add.key.proof 
14768      DEBUG main            d.u.i.k.p.i.AbstractProblemLoader Environment load took 470.1ns 
14770      INFO  main            d.u.i.k.p.i.AbstractProblemLoader Creating init config 
15941      DEBUG main            d.u.i.k.j.r.ClassPreparationMethodBuilder clPrepBuilder: Inner Class detected. Reject building class initialisation methods. 
18190      DEBUG main            d.u.i.k.p.i.AbstractProblemLoader Init config took 3.42s 
18270      INFO  main            d.u.i.k.p.i.AbstractProblemLoader Replaying proof ArrayList[List::add(java.lang.Object)].JML normal_behavior operation contract.0 
18792      DEBUG main            d.u.i.k.p.i.IntermediateProofReplayer Proof replay took 493.2ms 
18800      DEBUG main            d.u.i.k.p.r.p.TestFile    ... success: reloaded. 
18802      INFO  main            d.u.i.k.p.r.p.TestFile    Now processing file /home/runner/work/key/key/key.core/../key.ui/examples/heap/list/ArrayList_ArrayList.key 
18803      INFO  main            d.u.i.k.p.i.AbstractProblemLoader Loading environment from /home/runner/work/key/key/key.core/../key.ui/examples/heap/list/ArrayList_ArrayList.key 
18803      DEBUG main            d.u.i.k.p.i.AbstractProblemLoader Environment load took 273.3ns 
18804      INFO  main            d.u.i.k.p.i.AbstractProblemLoader Creating init config 
19896      DEBUG main            d.u.i.k.j.r.ClassPreparationMethodBuilder clPrepBuilder: Inner Class detected. Reject building class initialisation methods. 
22144      DEBUG main            d.u.i.k.p.i.AbstractProblemLoader Init config took 3.34s 
22210      INFO  main            d.u.i.k.p.i.AbstractProblemLoader Replaying proof ArrayList[ArrayList::ArrayList()].JML normal_behavior operation contract.0 
22213      DEBUG main            d.u.i.k.p.i.IntermediateProofReplayer Proof replay took 5.6ns 
23618      INFO  main            d.u.i.k.p.r.p.TestFile    ... finished proof: closed. 
23772      INFO  main            d.u.i.k.p.i.AbstractProblemLoader Loading environment from /home/runner/work/key/key/key.core/../key.ui/examples/heap/list/ArrayList_ArrayList.key.proof 
23772      DEBUG main            d.u.i.k.p.i.AbstractProblemLoader Environment load took 482.9ns 
23774      INFO  main            d.u.i.k.p.i.AbstractProblemLoader Creating init config 
24930      DEBUG main            d.u.i.k.j.r.ClassPreparationMethodBuilder clPrepBuilder: Inner Class detected. Reject building class initialisation methods. 
27167      DEBUG main            d.u.i.k.p.i.AbstractProblemLoader Init config took 3.39s 
27228      INFO  main            d.u.i.k.p.i.AbstractProblemLoader Replaying proof ArrayList[ArrayList::ArrayList()].JML normal_behavior operation contract.0 
27417      DEBUG main            d.u.i.k.p.i.IntermediateProofReplayer Proof replay took 178.52ms 
27419      DEBUG main            d.u.i.k.p.r.p.TestFile    ... success: reloaded. 
27420      INFO  main            d.u.i.k.p.r.p.TestFile    Now processing file /home/runner/work/key/key/key.core/../key.ui/examples/heap/list/ArrayList_concatenate.key 
27421      INFO  main            d.u.i.k.p.i.AbstractProblemLoader Loading environment from /home/runner/work/key/key/key.core/../key.ui/examples/heap/list/ArrayList_concatenate.key 
27421      DEBUG main            d.u.i.k.p.i.AbstractProblemLoader Environment load took 107.5ns 
27423      INFO  main            d.u.i.k.p.i.AbstractProblemLoader Creating init config 
28554      DEBUG main            d.u.i.k.j.r.ClassPreparationMethodBuilder clPrepBuilder: Inner Class detected. Reject building class initialisation methods. 
30741      DEBUG main            d.u.i.k.p.i.AbstractProblemLoader Init config took 3.32s 
30820      INFO  main            d.u.i.k.p.i.AbstractProblemLoader Replaying proof ArrayList[List::concatenate(List)].JML normal_behavior operation contract.0 
30822      DEBUG main            d.u.i.k.p.i.IntermediateProofReplayer Proof replay took 6.3ns 
53720      INFO  main            d.u.i.k.p.r.p.TestFile    ... finished proof: closed. 
54036      INFO  main            d.u.i.k.p.i.AbstractProblemLoader Loading environment from /home/runner/work/key/key/key.core/../key.ui/examples/heap/list/ArrayList_concatenate.key.proof 
54037      DEBUG main            d.u.i.k.p.i.AbstractProblemLoader Environment load took 517.3ns 
54044      INFO  main            d.u.i.k.p.i.AbstractProblemLoader Creating init config 
55077      DEBUG main            d.u.i.k.j.r.ClassPreparationMethodBuilder clPrepBuilder: Inner Class detected. Reject building class initialisation methods. 
57228      DEBUG main            d.u.i.k.p.i.AbstractProblemLoader Init config took 3.18s 
57310      INFO  main            d.u.i.k.p.i.AbstractProblemLoader Replaying proof ArrayList[List::concatenate(List)].JML normal_behavior operation contract.0 
58783      DEBUG main            d.u.i.k.p.i.IntermediateProofReplayer Proof replay took 1.39s 
58787      DEBUG main            d.u.i.k.p.r.p.TestFile    ... success: reloaded. 
58788      INFO  main            d.u.i.k.p.r.p.TestFile    Now processing file /home/runner/work/key/key/key.core/../key.ui/examples/heap/list/ArrayList_contains_dep.key 
58788      INFO  main            d.u.i.k.p.i.AbstractProblemLoader Loading environment from /home/runner/work/key/key/key.core/../key.ui/examples/heap/list/ArrayList_contains_dep.key 
58788      DEBUG main            d.u.i.k.p.i.AbstractProblemLoader Environment load took 94.5ns 
58789      INFO  main            d.u.i.k.p.i.AbstractProblemLoader Creating init config 
59863      DEBUG main            d.u.i.k.j.r.ClassPreparationMethodBuilder clPrepBuilder: Inner Class detected. Reject building class initialisation methods. 
62056      DEBUG main            d.u.i.k.p.i.AbstractProblemLoader Init config took 3.27s 
62114      INFO  main            d.u.i.k.p.i.AbstractProblemLoader Replaying proof ArrayList[List::contains(java.lang.Object)].JML accessible clause.0 
62116      DEBUG main            d.u.i.k.p.i.IntermediateProofReplayer Proof replay took 6.1ns 
64724      INFO  main            d.u.i.k.p.r.p.TestFile    ... finished proof: closed. 
65033      INFO  main            d.u.i.k.p.i.AbstractProblemLoader Loading environment from /home/runner/work/key/key/key.core/../key.ui/examples/heap/list/ArrayList_contains_dep.key.proof 
65034      DEBUG main            d.u.i.k.p.i.AbstractProblemLoader Environment load took 453.2ns 
65035      INFO  main            d.u.i.k.p.i.AbstractProblemLoader Creating init config 
66035      DEBUG main            d.u.i.k.j.r.ClassPreparationMethodBuilder clPrepBuilder: Inner Class detected. Reject building class initialisation methods. 
68224      DEBUG main            d.u.i.k.p.i.AbstractProblemLoader Init config took 3.19s 
68277      INFO  main            d.u.i.k.p.i.AbstractProblemLoader Replaying proof ArrayList[List::contains(java.lang.Object)].JML accessible clause.0 
68586      DEBUG main            d.u.i.k.p.i.IntermediateProofReplayer Proof replay took 298.16ms 
68588      DEBUG main            d.u.i.k.p.r.p.TestFile    ... success: reloaded. 
68589      INFO  main            d.u.i.k.p.r.p.TestFile    Now processing file /home/runner/work/key/key/key.core/../key.ui/examples/heap/list/ArrayList_enlarge.key 
68589      INFO  main            d.u.i.k.p.i.AbstractProblemLoader Loading environment from /home/runner/work/key/key/key.core/../key.ui/examples/heap/list/ArrayList_enlarge.key 
68589      DEBUG main            d.u.i.k.p.i.AbstractProblemLoader Environment load took 84.9ns 
68590      INFO  main            d.u.i.k.p.i.AbstractProblemLoader Creating init config 
69619      DEBUG main            d.u.i.k.j.r.ClassPreparationMethodBuilder clPrepBuilder: Inner Class detected. Reject building class initialisation methods. 
71784      DEBUG main            d.u.i.k.p.i.AbstractProblemLoader Init config took 3.19s 
71837      INFO  main            d.u.i.k.p.i.AbstractProblemLoader Replaying proof ArrayList[ArrayList::enlarge()].JML normal_behavior operation contract.0 
71839      DEBUG main            d.u.i.k.p.i.IntermediateProofReplayer Proof replay took 6.2ns 
74062      INFO  main            d.u.i.k.p.r.p.TestFile    ... finished proof: closed. 
74264      INFO  main            d.u.i.k.p.i.AbstractProblemLoader Loading environment from /home/runner/work/key/key/key.core/../key.ui/examples/heap/list/ArrayList_enlarge.key.proof 
74265      DEBUG main            d.u.i.k.p.i.AbstractProblemLoader Environment load took 726.8ns 
74266      INFO  main            d.u.i.k.p.i.AbstractProblemLoader Creating init config 
75270      DEBUG main            d.u.i.k.j.r.ClassPreparationMethodBuilder clPrepBuilder: Inner Class detected. Reject building class initialisation methods. 
77437      DEBUG main            d.u.i.k.p.i.AbstractProblemLoader Init config took 3.17s 
77488      INFO  main            d.u.i.k.p.i.AbstractProblemLoader Replaying proof ArrayList[ArrayList::enlarge()].JML normal_behavior operation contract.0 
77747      DEBUG main            d.u.i.k.p.i.IntermediateProofReplayer Proof replay took 249.88ms 
77748      DEBUG main            d.u.i.k.p.r.p.TestFile    ... success: reloaded. 
77750      INFO  main            d.u.i.k.p.r.p.TestFile    Now processing file /home/runner/work/key/key/key.core/../key.ui/examples/heap/list/ArrayList_footprint.key 
77750      INFO  main            d.u.i.k.p.i.AbstractProblemLoader Loading environment from /home/runner/work/key/key/key.core/../key.ui/examples/heap/list/ArrayList_footprint.key 
77750      DEBUG main            d.u.i.k.p.i.AbstractProblemLoader Environment load took 214.2ns 
77751      INFO  main            d.u.i.k.p.i.AbstractProblemLoader Creating init config 
78768      DEBUG main            d.u.i.k.j.r.ClassPreparationMethodBuilder clPrepBuilder: Inner Class detected. Reject building class initialisation methods. 
80933      DEBUG main            d.u.i.k.p.i.AbstractProblemLoader Init config took 3.18s 
80982      INFO  main            d.u.i.k.p.i.AbstractProblemLoader Replaying proof List[List::$footprint()].JML accessible clause.0 
80985      DEBUG main            d.u.i.k.p.i.IntermediateProofReplayer Proof replay took 6ns 
81089      INFO  main            d.u.i.k.p.r.p.TestFile    ... finished proof: closed. 
81249      INFO  main            d.u.i.k.p.i.AbstractProblemLoader Loading environment from /home/runner/work/key/key/key.core/../key.ui/examples/heap/list/ArrayList_footprint.key.proof 
81250      DEBUG main            d.u.i.k.p.i.AbstractProblemLoader Environment load took 104.3ns 
81250      INFO  main            d.u.i.k.p.i.AbstractProblemLoader Creating init config 
82239      DEBUG main            d.u.i.k.j.r.ClassPreparationMethodBuilder clPrepBuilder: Inner Class detected. Reject building class initialisation methods. 
84369      DEBUG main            d.u.i.k.p.i.AbstractProblemLoader Init config took 3.12s 
84414      INFO  main            d.u.i.k.p.i.AbstractProblemLoader Replaying proof List[List::$footprint()].JML accessible clause.0 
84416      DEBUG main            d.u.i.k.p.i.IntermediateProofReplayer Proof replay took 788.4ns 
84417      DEBUG main            d.u.i.k.p.r.p.TestFile    ... success: reloaded. 
84418      INFO  main            d.u.i.k.p.r.p.TestFile    Now processing file /home/runner/work/key/key/key.core/../key.ui/examples/heap/list/ArrayList_get_dep.key 
84419      INFO  main            d.u.i.k.p.i.AbstractProblemLoader Loading environment from /home/runner/work/key/key/key.core/../key.ui/examples/heap/list/ArrayList_get_dep.key 
84419      DEBUG main            d.u.i.k.p.i.AbstractProblemLoader Environment load took 237.4ns 
84420      INFO  main            d.u.i.k.p.i.AbstractProblemLoader Creating init config 
85423      DEBUG main            d.u.i.k.j.r.ClassPreparationMethodBuilder clPrepBuilder: Inner Class detected. Reject building class initialisation methods. 
87536      DEBUG main            d.u.i.k.p.i.AbstractProblemLoader Init config took 3.12s 
87611      INFO  main            d.u.i.k.p.i.AbstractProblemLoader Replaying proof ArrayList[List::get(int)].JML accessible clause.0 
87613      DEBUG main            d.u.i.k.p.i.IntermediateProofReplayer Proof replay took 5.8ns 
88022      INFO  main            d.u.i.k.p.r.p.TestFile    ... finished proof: closed. 
88207      INFO  main            d.u.i.k.p.i.AbstractProblemLoader Loading environment from /home/runner/work/key/key/key.core/../key.ui/examples/heap/list/ArrayList_get_dep.key.proof 
88207      DEBUG main            d.u.i.k.p.i.AbstractProblemLoader Environment load took 111.2ns 
88211      INFO  main            d.u.i.k.p.i.AbstractProblemLoader Creating init config 
89190      DEBUG main            d.u.i.k.j.r.ClassPreparationMethodBuilder clPrepBuilder: Inner Class detected. Reject building class initialisation methods. 
91298      DEBUG main            d.u.i.k.p.i.AbstractProblemLoader Init config took 3.09s 
91347      INFO  main            d.u.i.k.p.i.AbstractProblemLoader Replaying proof ArrayList[List::get(int)].JML accessible clause.0 
91402      DEBUG main            d.u.i.k.p.i.IntermediateProofReplayer Proof replay took 50.05ms 
91404      DEBUG main            d.u.i.k.p.r.p.TestFile    ... success: reloaded. 
91406      INFO  main            d.u.i.k.p.r.p.TestFile    Now processing file /home/runner/work/key/key/key.core/../key.ui/examples/heap/list/ArrayList_get_exceptional.key 
91407      INFO  main            d.u.i.k.p.i.AbstractProblemLoader Loading environment from /home/runner/work/key/key/key.core/../key.ui/examples/heap/list/ArrayList_get_exceptional.key 
91409      DEBUG main            d.u.i.k.p.i.AbstractProblemLoader Environment load took 2.02ms 
91410      INFO  main            d.u.i.k.p.i.AbstractProblemLoader Creating init config 
92449      DEBUG main            d.u.i.k.j.r.ClassPreparationMethodBuilder clPrepBuilder: Inner Class detected. Reject building class initialisation methods. 
94581      DEBUG main            d.u.i.k.p.i.AbstractProblemLoader Init config took 3.17s 
94640      INFO  main            d.u.i.k.p.i.AbstractProblemLoader Replaying proof ArrayList[List::get(int)].JML exceptional_behavior operation contract.0 
94641      DEBUG main            d.u.i.k.p.i.IntermediateProofReplayer Proof replay took 6ns 
95747      INFO  main            d.u.i.k.p.r.p.TestFile    ... finished proof: closed. 
95933      INFO  main            d.u.i.k.p.i.AbstractProblemLoader Loading environment from /home/runner/work/key/key/key.core/../key.ui/examples/heap/list/ArrayList_get_exceptional.key.proof 
95934      DEBUG main            d.u.i.k.p.i.AbstractProblemLoader Environment load took 491.7ns 
95935      INFO  main            d.u.i.k.p.i.AbstractProblemLoader Creating init config 
96916      DEBUG main            d.u.i.k.j.r.ClassPreparationMethodBuilder clPrepBuilder: Inner Class detected. Reject building class initialisation methods. 
99027      DEBUG main            d.u.i.k.p.i.AbstractProblemLoader Init config took 3.09s 
99073      INFO  main            d.u.i.k.p.i.AbstractProblemLoader Replaying proof ArrayList[List::get(int)].JML exceptional_behavior operation contract.0 
99205      DEBUG main            d.u.i.k.p.i.IntermediateProofReplayer Proof replay took 126.11ms 
99207      DEBUG main            d.u.i.k.p.r.p.TestFile    ... success: reloaded. 
99208      INFO  main            d.u.i.k.p.r.p.TestFile    Now processing file /home/runner/work/key/key/key.core/../key.ui/examples/heap/list/ArrayList_get_normal.key 
99208      INFO  main            d.u.i.k.p.i.AbstractProblemLoader Loading environment from /home/runner/work/key/key/key.core/../key.ui/examples/heap/list/ArrayList_get_normal.key 
99209      DEBUG main            d.u.i.k.p.i.AbstractProblemLoader Environment load took 213.9ns 
99210      INFO  main            d.u.i.k.p.i.AbstractProblemLoader Creating init config 
100198     DEBUG main            d.u.i.k.j.r.ClassPreparationMethodBuilder clPrepBuilder: Inner Class detected. Reject building class initialisation methods. 
102311     DEBUG main            d.u.i.k.p.i.AbstractProblemLoader Init config took 3.1s 
102356     INFO  main            d.u.i.k.p.i.AbstractProblemLoader Replaying proof ArrayList[List::get(int)].JML normal_behavior operation contract.0 
102358     DEBUG main            d.u.i.k.p.i.IntermediateProofReplayer Proof replay took 5.5ns 
102766     INFO  main            d.u.i.k.p.r.p.TestFile    ... finished proof: closed. 
102963     INFO  main            d.u.i.k.p.i.AbstractProblemLoader Loading environment from /home/runner/work/key/key/key.core/../key.ui/examples/heap/list/ArrayList_get_normal.key.proof 
102963     DEBUG main            d.u.i.k.p.i.AbstractProblemLoader Environment load took 108.9ns 
102964     INFO  main            d.u.i.k.p.i.AbstractProblemLoader Creating init config 
103946     DEBUG main            d.u.i.k.j.r.ClassPreparationMethodBuilder clPrepBuilder: Inner Class detected. Reject building class initialisation methods. 
106023     DEBUG main            d.u.i.k.p.i.AbstractProblemLoader Init config took 3.06s 
106069     INFO  main            d.u.i.k.p.i.AbstractProblemLoader Replaying proof ArrayList[List::get(int)].JML normal_behavior operation contract.0 
106119     DEBUG main            d.u.i.k.p.i.IntermediateProofReplayer Proof replay took 46.27ms 
106120     DEBUG main            d.u.i.k.p.r.p.TestFile    ... success: reloaded. 
106121     INFO  main            d.u.i.k.p.r.p.TestFile    Now processing file /home/runner/work/key/key/key.core/../key.ui/examples/heap/list/ArrayList_inv.key 
106122     INFO  main            d.u.i.k.p.i.AbstractProblemLoader Loading environment from /home/runner/work/key/key/key.core/../key.ui/examples/heap/list/ArrayList_inv.key 
106122     DEBUG main            d.u.i.k.p.i.AbstractProblemLoader Environment load took 218.6ns 
106123     INFO  main            d.u.i.k.p.i.AbstractProblemLoader Creating init config 
107152     DEBUG main            d.u.i.k.j.r.ClassPreparationMethodBuilder clPrepBuilder: Inner Class detected. Reject building class initialisation methods. 
109273     DEBUG main            d.u.i.k.p.i.AbstractProblemLoader Init config took 3.15s 
109318     INFO  main            d.u.i.k.p.i.AbstractProblemLoader Replaying proof ArrayList[java.lang.Object::<inv>()].JML accessible clause.0 
109321     DEBUG main            d.u.i.k.p.i.IntermediateProofReplayer Proof replay took 4.9ns 
109735     INFO  main            d.u.i.k.p.r.p.TestFile    ... finished proof: closed. 
109918     INFO  main            d.u.i.k.p.i.AbstractProblemLoader Loading environment from /home/runner/work/key/key/key.core/../key.ui/examples/heap/list/ArrayList_inv.key.proof 
109918     DEBUG main            d.u.i.k.p.i.AbstractProblemLoader Environment load took 110.2ns 
109919     INFO  main            d.u.i.k.p.i.AbstractProblemLoader Creating init config 
110896     DEBUG main            d.u.i.k.j.r.ClassPreparationMethodBuilder clPrepBuilder: Inner Class detected. Reject building class initialisation methods. 
112994     DEBUG main            d.u.i.k.p.i.AbstractProblemLoader Init config took 3.07s 
113038     INFO  main            d.u.i.k.p.i.AbstractProblemLoader Replaying proof ArrayList[java.lang.Object::<inv>()].JML accessible clause.0 
113069     DEBUG main            d.u.i.k.p.i.IntermediateProofReplayer Proof replay took 27.89ms 
113070     DEBUG main            d.u.i.k.p.r.p.TestFile    ... success: reloaded. 
113071     INFO  main            d.u.i.k.p.r.p.TestFile    Now processing file /home/runner/work/key/key/key.core/../key.ui/examples/heap/list/ArrayList_iterator.key 
113071     INFO  main            d.u.i.k.p.i.AbstractProblemLoader Loading environment from /home/runner/work/key/key/key.core/../key.ui/examples/heap/list/ArrayList_iterator.key 
113071     DEBUG main            d.u.i.k.p.i.AbstractProblemLoader Environment load took 85.8ns 
113072     INFO  main            d.u.i.k.p.i.AbstractProblemLoader Creating init config 
114053     DEBUG main            d.u.i.k.j.r.ClassPreparationMethodBuilder clPrepBuilder: Inner Class detected. Reject building class initialisation methods. 
116156     DEBUG main            d.u.i.k.p.i.AbstractProblemLoader Init config took 3.08s 
116200     INFO  main            d.u.i.k.p.i.AbstractProblemLoader Replaying proof ArrayList[List::iterator()].JML normal_behavior operation contract.0 
116202     DEBUG main            d.u.i.k.p.i.IntermediateProofReplayer Proof replay took 5.2ns 
116710     INFO  main            d.u.i.k.p.r.p.TestFile    ... finished proof: closed. 
116930     INFO  main            d.u.i.k.p.i.AbstractProblemLoader Loading environment from /home/runner/work/key/key/key.core/../key.ui/examples/heap/list/ArrayList_iterator.key.proof 
116930     DEBUG main            d.u.i.k.p.i.AbstractProblemLoader Environment load took 105.6ns 
116931     INFO  main            d.u.i.k.p.i.AbstractProblemLoader Creating init config 
117919     DEBUG main            d.u.i.k.j.r.ClassPreparationMethodBuilder clPrepBuilder: Inner Class detected. Reject building class initialisation methods. 
120008     DEBUG main            d.u.i.k.p.i.AbstractProblemLoader Init config took 3.08s 
120053     INFO  main            d.u.i.k.p.i.AbstractProblemLoader Replaying proof ArrayList[List::iterator()].JML normal_behavior operation contract.0 
120111     DEBUG main            d.u.i.k.p.i.IntermediateProofReplayer Proof replay took 54.39ms 
120112     DEBUG main            d.u.i.k.p.r.p.TestFile    ... success: reloaded. 
120113     INFO  main            d.u.i.k.p.r.p.TestFile    Now processing file /home/runner/work/key/key/key.core/../key.ui/examples/heap/list/ArrayList_size_dep.key 
120113     INFO  main            d.u.i.k.p.i.AbstractProblemLoader Loading environment from /home/runner/work/key/key/key.core/../key.ui/examples/heap/list/ArrayList_size_dep.key 
120113     DEBUG main            d.u.i.k.p.i.AbstractProblemLoader Environment load took 89.1ns 
120114     INFO  main            d.u.i.k.p.i.AbstractProblemLoader Creating init config 
121098     DEBUG main            d.u.i.k.j.r.ClassPreparationMethodBuilder clPrepBuilder: Inner Class detected. Reject building class initialisation methods. 
123209     DEBUG main            d.u.i.k.p.i.AbstractProblemLoader Init config took 3.09s 
123255     INFO  main            d.u.i.k.p.i.AbstractProblemLoader Replaying proof ArrayList[List::size()].JML accessible clause.0 
123256     DEBUG main            d.u.i.k.p.i.IntermediateProofReplayer Proof replay took 5.7ns 
123458     INFO  main            d.u.i.k.p.r.p.TestFile    ... finished proof: closed. 
123658     INFO  main            d.u.i.k.p.i.AbstractProblemLoader Loading environment from /home/runner/work/key/key/key.core/../key.ui/examples/heap/list/ArrayList_size_dep.key.proof 
123659     DEBUG main            d.u.i.k.p.i.AbstractProblemLoader Environment load took 145.4ns 
123659     INFO  main            d.u.i.k.p.i.AbstractProblemLoader Creating init config 
124634     DEBUG main            d.u.i.k.j.r.ClassPreparationMethodBuilder clPrepBuilder: Inner Class detected. Reject building class initialisation methods. 
126715     DEBUG main            d.u.i.k.p.i.AbstractProblemLoader Init config took 3.06s 
126762     INFO  main            d.u.i.k.p.i.AbstractProblemLoader Replaying proof ArrayList[List::size()].JML accessible clause.0 
126779     DEBUG main            d.u.i.k.p.i.IntermediateProofReplayer Proof replay took 14.89ms 
126780     DEBUG main            d.u.i.k.p.r.p.TestFile    ... success: reloaded. 
126781     INFO  main            d.u.i.k.p.r.p.TestFile    Now processing file /home/runner/work/key/key/key.core/../key.ui/examples/heap/list/ArrayList_size.key 
126781     INFO  main            d.u.i.k.p.i.AbstractProblemLoader Loading environment from /home/runner/work/key/key/key.core/../key.ui/examples/heap/list/ArrayList_size.key 
126781     DEBUG main            d.u.i.k.p.i.AbstractProblemLoader Environment load took 75.2ns 
126782     INFO  main            d.u.i.k.p.i.AbstractProblemLoader Creating init config 
127766     DEBUG main            d.u.i.k.j.r.ClassPreparationMethodBuilder clPrepBuilder: Inner Class detected. Reject building class initialisation methods. 
129867     DEBUG main            d.u.i.k.p.i.AbstractProblemLoader Init config took 3.08s 
129911     INFO  main            d.u.i.k.p.i.AbstractProblemLoader Replaying proof ArrayList[List::size()].JML normal_behavior operation contract.0 
129912     DEBUG main            d.u.i.k.p.i.IntermediateProofReplayer Proof replay took 5.8ns 
130215     INFO  main            d.u.i.k.p.r.p.TestFile    ... finished proof: closed. 
130407     INFO  main            d.u.i.k.p.i.AbstractProblemLoader Loading environment from /home/runner/work/key/key/key.core/../key.ui/examples/heap/list/ArrayList_size.key.proof 
130407     DEBUG main            d.u.i.k.p.i.AbstractProblemLoader Environment load took 105.2ns 
130408     INFO  main            d.u.i.k.p.i.AbstractProblemLoader Creating init config 
131383     DEBUG main            d.u.i.k.j.r.ClassPreparationMethodBuilder clPrepBuilder: Inner Class detected. Reject building class initialisation methods. 
133447     DEBUG main            d.u.i.k.p.i.AbstractProblemLoader Init config took 3.04s 
133495     INFO  main            d.u.i.k.p.i.AbstractProblemLoader Replaying proof ArrayList[List::size()].JML normal_behavior operation contract.0 
133519     DEBUG main            d.u.i.k.p.i.IntermediateProofReplayer Proof replay took 22.11ms 
133520     DEBUG main            d.u.i.k.p.r.p.TestFile    ... success: reloaded. 
133521     INFO  main            d.u.i.k.p.r.p.TestFile    Now processing file /home/runner/work/key/key/key.core/../key.ui/examples/heap/list/ArrayList.ArrayListIterator_ArrayListIterator.key 
133521     INFO  main            d.u.i.k.p.i.AbstractProblemLoader Loading environment from /home/runner/work/key/key/key.core/../key.ui/examples/heap/list/ArrayList.ArrayListIterator_ArrayListIterator.key 
133521     DEBUG main            d.u.i.k.p.i.AbstractProblemLoader Environment load took 87.7ns 
133522     INFO  main            d.u.i.k.p.i.AbstractProblemLoader Creating init config 
134521     DEBUG main            d.u.i.k.j.r.ClassPreparationMethodBuilder clPrepBuilder: Inner Class detected. Reject building class initialisation methods. 
136656     DEBUG main            d.u.i.k.p.i.AbstractProblemLoader Init config took 3.13s 
136724     INFO  main            d.u.i.k.p.i.AbstractProblemLoader Replaying proof ArrayList.ArrayListIterator[ArrayList.ArrayListIterator::ArrayListIterator(ArrayList)].JML normal_behavior operation contract.0 
136726     DEBUG main            d.u.i.k.p.i.IntermediateProofReplayer Proof replay took 5.3ns 
137331     INFO  main            d.u.i.k.p.r.p.TestFile    ... finished proof: closed. 
137573     INFO  main            d.u.i.k.p.i.AbstractProblemLoader Loading environment from /home/runner/work/key/key/key.core/../key.ui/examples/heap/list/ArrayList.ArrayListIterator_ArrayListIterator.key.proof 
137573     DEBUG main            d.u.i.k.p.i.AbstractProblemLoader Environment load took 180.4ns 
137574     INFO  main            d.u.i.k.p.i.AbstractProblemLoader Creating init config 
138553     DEBUG main            d.u.i.k.j.r.ClassPreparationMethodBuilder clPrepBuilder: Inner Class detected. Reject building class initialisation methods. 
140640     DEBUG main            d.u.i.k.p.i.AbstractProblemLoader Init config took 3.07s 
140692     INFO  main            d.u.i.k.p.i.AbstractProblemLoader Replaying proof ArrayList.ArrayListIterator[ArrayList.ArrayListIterator::ArrayListIterator(ArrayList)].JML normal_behavior operation contract.0 
140760     DEBUG main            d.u.i.k.p.i.IntermediateProofReplayer Proof replay took 63.34ms 
140761     DEBUG main            d.u.i.k.p.r.p.TestFile    ... success: reloaded. 
140762     INFO  main            d.u.i.k.p.r.p.TestFile    Now processing file /home/runner/work/key/key/key.core/../key.ui/examples/heap/list/ArrayList.ArrayListIterator_hasNext_dep.key 
140762     INFO  main            d.u.i.k.p.i.AbstractProblemLoader Loading environment from /home/runner/work/key/key/key.core/../key.ui/examples/heap/list/ArrayList.ArrayListIterator_hasNext_dep.key 
140762     DEBUG main            d.u.i.k.p.i.AbstractProblemLoader Environment load took 92.3ns 
140772     INFO  main            d.u.i.k.p.i.AbstractProblemLoader Creating init config 
141768     DEBUG main            d.u.i.k.j.r.ClassPreparationMethodBuilder clPrepBuilder: Inner Class detected. Reject building class initialisation methods. 
143836     DEBUG main            d.u.i.k.p.i.AbstractProblemLoader Init config took 3.06s 
143904     INFO  main            d.u.i.k.p.i.AbstractProblemLoader Replaying proof ArrayList.ArrayListIterator[ListIterator::hasNext()].JML accessible clause.0 
143906     DEBUG main            d.u.i.k.p.i.IntermediateProofReplayer Proof replay took 5.4ns 
144209     INFO  main            d.u.i.k.p.r.p.TestFile    ... finished proof: closed. 
144435     INFO  main            d.u.i.k.p.i.AbstractProblemLoader Loading environment from /home/runner/work/key/key/key.core/../key.ui/examples/heap/list/ArrayList.ArrayListIterator_hasNext_dep.key.proof 
144435     DEBUG main            d.u.i.k.p.i.AbstractProblemLoader Environment load took 114.8ns 
144436     INFO  main            d.u.i.k.p.i.AbstractProblemLoader Creating init config 
145410     DEBUG main            d.u.i.k.j.r.ClassPreparationMethodBuilder clPrepBuilder: Inner Class detected. Reject building class initialisation methods. 
147468     DEBUG main            d.u.i.k.p.i.AbstractProblemLoader Init config took 3.03s 
147519     INFO  main            d.u.i.k.p.i.AbstractProblemLoader Replaying proof ArrayList.ArrayListIterator[ListIterator::hasNext()].JML accessible clause.0 
147552     DEBUG main            d.u.i.k.p.i.IntermediateProofReplayer Proof replay took 29.95ms 
147553     DEBUG main            d.u.i.k.p.r.p.TestFile    ... success: reloaded. 
147554     INFO  main            d.u.i.k.p.r.p.TestFile    Now processing file /home/runner/work/key/key/key.core/../key.ui/examples/heap/list/ArrayList.ArrayListIterator_hasNext.key 
147554     INFO  main            d.u.i.k.p.i.AbstractProblemLoader Loading environment from /home/runner/work/key/key/key.core/../key.ui/examples/heap/list/ArrayList.ArrayListIterator_hasNext.key 
147554     DEBUG main            d.u.i.k.p.i.AbstractProblemLoader Environment load took 106.5ns 
147555     INFO  main            d.u.i.k.p.i.AbstractProblemLoader Creating init config 
148560     DEBUG main            d.u.i.k.j.r.ClassPreparationMethodBuilder clPrepBuilder: Inner Class detected. Reject building class initialisation methods. 
150666     DEBUG main            d.u.i.k.p.i.AbstractProblemLoader Init config took 3.11s 
150717     INFO  main            d.u.i.k.p.i.AbstractProblemLoader Replaying proof ArrayList.ArrayListIterator[ListIterator::hasNext()].JML normal_behavior operation contract.0 
150718     DEBUG main            d.u.i.k.p.i.IntermediateProofReplayer Proof replay took 5ns 
151120     INFO  main            d.u.i.k.p.r.p.TestFile    ... finished proof: closed. 
151337     INFO  main            d.u.i.k.p.i.AbstractProblemLoader Loading environment from /home/runner/work/key/key/key.core/../key.ui/examples/heap/list/ArrayList.ArrayListIterator_hasNext.key.proof 
151337     DEBUG main            d.u.i.k.p.i.AbstractProblemLoader Environment load took 104.6ns 
151338     INFO  main            d.u.i.k.p.i.AbstractProblemLoader Creating init config 
152306     DEBUG main            d.u.i.k.j.r.ClassPreparationMethodBuilder clPrepBuilder: Inner Class detected. Reject building class initialisation methods. 
154389     DEBUG main            d.u.i.k.p.i.AbstractProblemLoader Init config took 3.05s 
154447     INFO  main            d.u.i.k.p.i.AbstractProblemLoader Replaying proof ArrayList.ArrayListIterator[ListIterator::hasNext()].JML normal_behavior operation contract.0 
154488     DEBUG main            d.u.i.k.p.i.IntermediateProofReplayer Proof replay took 34.8ms 
154489     DEBUG main            d.u.i.k.p.r.p.TestFile    ... success: reloaded. 
154491     INFO  main            d.u.i.k.p.r.p.TestFile    Now processing file /home/runner/work/key/key/key.core/../key.ui/examples/heap/list/ArrayList.ArrayListIterator_inv.key 
154491     INFO  main            d.u.i.k.p.i.AbstractProblemLoader Loading environment from /home/runner/work/key/key/key.core/../key.ui/examples/heap/list/ArrayList.ArrayListIterator_inv.key 
154491     DEBUG main            d.u.i.k.p.i.AbstractProblemLoader Environment load took 91.8ns 
154492     INFO  main            d.u.i.k.p.i.AbstractProblemLoader Creating init config 
155476     DEBUG main            d.u.i.k.j.r.ClassPreparationMethodBuilder clPrepBuilder: Inner Class detected. Reject building class initialisation methods. 
157558     DEBUG main            d.u.i.k.p.i.AbstractProblemLoader Init config took 3.07s 
157607     INFO  main            d.u.i.k.p.i.AbstractProblemLoader Replaying proof ArrayList.ArrayListIterator[java.lang.Object::<inv>()].JML accessible clause.0 
157608     DEBUG main            d.u.i.k.p.i.IntermediateProofReplayer Proof replay took 5.9ns 
158612     INFO  main            d.u.i.k.p.r.p.TestFile    ... finished proof: closed. 
158853     INFO  main            d.u.i.k.p.i.AbstractProblemLoader Loading environment from /home/runner/work/key/key/key.core/../key.ui/examples/heap/list/ArrayList.ArrayListIterator_inv.key.proof 
158853     DEBUG main            d.u.i.k.p.i.AbstractProblemLoader Environment load took 102.5ns 
158854     INFO  main            d.u.i.k.p.i.AbstractProblemLoader Creating init config 
159825     DEBUG main            d.u.i.k.j.r.ClassPreparationMethodBuilder clPrepBuilder: Inner Class detected. Reject building class initialisation methods. 
161875     DEBUG main            d.u.i.k.p.i.AbstractProblemLoader Init config took 3.02s 
161925     INFO  main            d.u.i.k.p.i.AbstractProblemLoader Replaying proof ArrayList.ArrayListIterator[java.lang.Object::<inv>()].JML accessible clause.0 
161991     DEBUG main            d.u.i.k.p.i.IntermediateProofReplayer Proof replay took 61.27ms 
161992     DEBUG main            d.u.i.k.p.r.p.TestFile    ... success: reloaded. 
161993     INFO  main            d.u.i.k.p.r.p.TestFile    Now processing file /home/runner/work/key/key/key.core/../key.ui/examples/heap/list/ArrayList.ArrayListIterator_list.key 
161993     INFO  main            d.u.i.k.p.i.AbstractProblemLoader Loading environment from /home/runner/work/key/key/key.core/../key.ui/examples/heap/list/ArrayList.ArrayListIterator_list.key 
161993     DEBUG main            d.u.i.k.p.i.AbstractProblemLoader Environment load took 70.3ns 
161994     INFO  main            d.u.i.k.p.i.AbstractProblemLoader Creating init config 
162986     DEBUG main            d.u.i.k.j.r.ClassPreparationMethodBuilder clPrepBuilder: Inner Class detected. Reject building class initialisation methods. 
165090     DEBUG main            d.u.i.k.p.i.AbstractProblemLoader Init config took 3.1s 
165127     INFO  main            d.u.i.k.p.i.AbstractProblemLoader Replaying proof ListIterator[ListIterator::$list()].JML accessible clause.0 
165129     DEBUG main            d.u.i.k.p.i.IntermediateProofReplayer Proof replay took 5.9ns 
165230     INFO  main            d.u.i.k.p.r.p.TestFile    ... finished proof: closed. 
165466     INFO  main            d.u.i.k.p.i.AbstractProblemLoader Loading environment from /home/runner/work/key/key/key.core/../key.ui/examples/heap/list/ArrayList.ArrayListIterator_list.key.proof 
165466     DEBUG main            d.u.i.k.p.i.AbstractProblemLoader Environment load took 117.1ns 
165467     INFO  main            d.u.i.k.p.i.AbstractProblemLoader Creating init config 
166433     DEBUG main            d.u.i.k.j.r.ClassPreparationMethodBuilder clPrepBuilder: Inner Class detected. Reject building class initialisation methods. 
168491     DEBUG main            d.u.i.k.p.i.AbstractProblemLoader Init config took 3.02s 
168529     INFO  main            d.u.i.k.p.i.AbstractProblemLoader Replaying proof ListIterator[ListIterator::$list()].JML accessible clause.0 
168531     DEBUG main            d.u.i.k.p.i.IntermediateProofReplayer Proof replay took 754.4ns 
168531     DEBUG main            d.u.i.k.p.r.p.TestFile    ... success: reloaded. 
168532     INFO  main            d.u.i.k.p.r.p.TestFile    Now processing file /home/runner/work/key/key/key.core/../key.ui/examples/heap/list/ArrayList.ArrayListIterator_next_exceptional.key 
168532     INFO  main            d.u.i.k.p.i.AbstractProblemLoader Loading environment from /home/runner/work/key/key/key.core/../key.ui/examples/heap/list/ArrayList.ArrayListIterator_next_exceptional.key 
168532     DEBUG main            d.u.i.k.p.i.AbstractProblemLoader Environment load took 92.2ns 
168533     INFO  main            d.u.i.k.p.i.AbstractProblemLoader Creating init config 
169524     DEBUG main            d.u.i.k.j.r.ClassPreparationMethodBuilder clPrepBuilder: Inner Class detected. Reject building class initialisation methods. 
171612     DEBUG main            d.u.i.k.p.i.AbstractProblemLoader Init config took 3.08s 
171661     INFO  main            d.u.i.k.p.i.AbstractProblemLoader Replaying proof ArrayList.ArrayListIterator[ListIterator::next()].JML exceptional_behavior operation contract.0 
171663     DEBUG main            d.u.i.k.p.i.IntermediateProofReplayer Proof replay took 6.2ns 
172466     INFO  main            d.u.i.k.p.r.p.TestFile    ... finished proof: closed. 
172721     INFO  main            d.u.i.k.p.i.AbstractProblemLoader Loading environment from /home/runner/work/key/key/key.core/../key.ui/examples/heap/list/ArrayList.ArrayListIterator_next_exceptional.key.proof 
172721     DEBUG main            d.u.i.k.p.i.AbstractProblemLoader Environment load took 107.2ns 
172723     INFO  main            d.u.i.k.p.i.AbstractProblemLoader Creating init config 
173688     DEBUG main            d.u.i.k.j.r.ClassPreparationMethodBuilder clPrepBuilder: Inner Class detected. Reject building class initialisation methods. 
175769     DEBUG main            d.u.i.k.p.i.AbstractProblemLoader Init config took 3.05s 
175820     INFO  main            d.u.i.k.p.i.AbstractProblemLoader Replaying proof ArrayList.ArrayListIterator[ListIterator::next()].JML exceptional_behavior operation contract.0 
175907     DEBUG main            d.u.i.k.p.i.IntermediateProofReplayer Proof replay took 82.34ms 
175908     DEBUG main            d.u.i.k.p.r.p.TestFile    ... success: reloaded. 
175909     INFO  main            d.u.i.k.p.r.p.TestFile    Now processing file /home/runner/work/key/key/key.core/../key.ui/examples/heap/list/ArrayList.ArrayListIterator_next_normal.key 
175909     INFO  main            d.u.i.k.p.i.AbstractProblemLoader Loading environment from /home/runner/work/key/key/key.core/../key.ui/examples/heap/list/ArrayList.ArrayListIterator_next_normal.key 
175910     DEBUG main            d.u.i.k.p.i.AbstractProblemLoader Environment load took 229.6ns 
175911     INFO  main            d.u.i.k.p.i.AbstractProblemLoader Creating init config 
176927     DEBUG main            d.u.i.k.j.r.ClassPreparationMethodBuilder clPrepBuilder: Inner Class detected. Reject building class initialisation methods. 
178990     DEBUG main            d.u.i.k.p.i.AbstractProblemLoader Init config took 3.08s 
179057     INFO  main            d.u.i.k.p.i.AbstractProblemLoader Replaying proof ArrayList.ArrayListIterator[ListIterator::next()].JML normal_behavior operation contract.0 
179059     DEBUG main            d.u.i.k.p.i.IntermediateProofReplayer Proof replay took 5.6ns 
179862     INFO  main            d.u.i.k.p.r.p.TestFile    ... finished proof: closed. 
180143     INFO  main            d.u.i.k.p.i.AbstractProblemLoader Loading environment from /home/runner/work/key/key/key.core/../key.ui/examples/heap/list/ArrayList.ArrayListIterator_next_normal.key.proof 
180143     DEBUG main            d.u.i.k.p.i.AbstractProblemLoader Environment load took 109.7ns 
180144     INFO  main            d.u.i.k.p.i.AbstractProblemLoader Creating init config 
181129     DEBUG main            d.u.i.k.j.r.ClassPreparationMethodBuilder clPrepBuilder: Inner Class detected. Reject building class initialisation methods. 
183171     DEBUG main            d.u.i.k.p.i.AbstractProblemLoader Init config took 3.03s 
183220     INFO  main            d.u.i.k.p.i.AbstractProblemLoader Replaying proof ArrayList.ArrayListIterator[ListIterator::next()].JML normal_behavior operation contract.0 
183311     DEBUG main            d.u.i.k.p.i.IntermediateProofReplayer Proof replay took 85.94ms 
183312     DEBUG main            d.u.i.k.p.r.p.TestFile    ... success: reloaded. 
183313     INFO  main            d.u.i.k.p.r.p.TestFile    Now processing file /home/runner/work/key/key/key.core/../key.ui/examples/heap/list/ArrayList.ArrayListIterator_pos.key 
183313     INFO  main            d.u.i.k.p.i.AbstractProblemLoader Loading environment from /home/runner/work/key/key/key.core/../key.ui/examples/heap/list/ArrayList.ArrayListIterator_pos.key 
183313     DEBUG main            d.u.i.k.p.i.AbstractProblemLoader Environment load took 219.2ns 
183314     INFO  main            d.u.i.k.p.i.AbstractProblemLoader Creating init config 
184316     DEBUG main            d.u.i.k.j.r.ClassPreparationMethodBuilder clPrepBuilder: Inner Class detected. Reject building class initialisation methods. 
186400     DEBUG main            d.u.i.k.p.i.AbstractProblemLoader Init config took 3.09s 
186438     INFO  main            d.u.i.k.p.i.AbstractProblemLoader Replaying proof ListIterator[ListIterator::$pos()].JML accessible clause.0 
186439     DEBUG main            d.u.i.k.p.i.IntermediateProofReplayer Proof replay took 5.9ns 
186541     INFO  main            d.u.i.k.p.r.p.TestFile    ... finished proof: closed. 
186785     INFO  main            d.u.i.k.p.i.AbstractProblemLoader Loading environment from /home/runner/work/key/key/key.core/../key.ui/examples/heap/list/ArrayList.ArrayListIterator_pos.key.proof 
186785     DEBUG main            d.u.i.k.p.i.AbstractProblemLoader Environment load took 97.6ns 
186786     INFO  main            d.u.i.k.p.i.AbstractProblemLoader Creating init config 
187755     DEBUG main            d.u.i.k.j.r.ClassPreparationMethodBuilder clPrepBuilder: Inner Class detected. Reject building class initialisation methods. 
189823     DEBUG main            d.u.i.k.p.i.AbstractProblemLoader Init config took 3.04s 
189862     INFO  main            d.u.i.k.p.i.AbstractProblemLoader Replaying proof ListIterator[ListIterator::$pos()].JML accessible clause.0 
189864     DEBUG main            d.u.i.k.p.i.IntermediateProofReplayer Proof replay took 820ns 
189865     DEBUG main            d.u.i.k.p.r.p.TestFile    ... success: reloaded. 
189866     INFO  main            d.u.i.k.p.r.p.TestFile    Now processing file /home/runner/work/key/key/key.core/../key.ui/examples/heap/list/Client_m.key 
189866     INFO  main            d.u.i.k.p.i.AbstractProblemLoader Loading environment from /home/runner/work/key/key/key.core/../key.ui/examples/heap/list/Client_m.key 
189866     DEBUG main            d.u.i.k.p.i.AbstractProblemLoader Environment load took 81.1ns 
189867     INFO  main            d.u.i.k.p.i.AbstractProblemLoader Creating init config 
190848     DEBUG main            d.u.i.k.j.r.ClassPreparationMethodBuilder clPrepBuilder: Inner Class detected. Reject building class initialisation methods. 
192928     DEBUG main            d.u.i.k.p.i.AbstractProblemLoader Init config took 3.06s 
192987     INFO  main            d.u.i.k.p.i.AbstractProblemLoader Replaying proof Client[Client::m(List)].JML normal_behavior operation contract.0 
192994     DEBUG main            d.u.i.k.p.i.IntermediateProofReplayer Proof replay took 6.1ns 
193296     INFO  main            d.u.i.k.p.r.p.TestFile    ... finished proof: closed. 
193563     INFO  main            d.u.i.k.p.i.AbstractProblemLoader Loading environment from /home/runner/work/key/key/key.core/../key.ui/examples/heap/list/Client_m.key.proof 
193563     DEBUG main            d.u.i.k.p.i.AbstractProblemLoader Environment load took 98.7ns 
193564     INFO  main            d.u.i.k.p.i.AbstractProblemLoader Creating init config 
194534     DEBUG main            d.u.i.k.j.r.ClassPreparationMethodBuilder clPrepBuilder: Inner Class detected. Reject building class initialisation methods. 
196579     DEBUG main            d.u.i.k.p.i.AbstractProblemLoader Init config took 3.02s 
196617     INFO  main            d.u.i.k.p.i.AbstractProblemLoader Replaying proof Client[Client::m(List)].JML normal_behavior operation contract.0 
196664     DEBUG main            d.u.i.k.p.i.IntermediateProofReplayer Proof replay took 44.53ms 
196666     DEBUG main            d.u.i.k.p.r.p.TestFile    ... success: reloaded. 
196667     INFO  main            d.u.i.k.p.r.p.TestFile    Now processing file /home/runner/work/key/key/key.core/../key.ui/examples/heap/list/Client_n.key 
196667     INFO  main            d.u.i.k.p.i.AbstractProblemLoader Loading environment from /home/runner/work/key/key/key.core/../key.ui/examples/heap/list/Client_n.key 
196668     DEBUG main            d.u.i.k.p.i.AbstractProblemLoader Environment load took 450.3ns 
196668     INFO  main            d.u.i.k.p.i.AbstractProblemLoader Creating init config 
197676     DEBUG main            d.u.i.k.j.r.ClassPreparationMethodBuilder clPrepBuilder: Inner Class detected. Reject building class initialisation methods. 
199759     DEBUG main            d.u.i.k.p.i.AbstractProblemLoader Init config took 3.09s 
199798     INFO  main            d.u.i.k.p.i.AbstractProblemLoader Replaying proof Client[Client::n(List)].JML normal_behavior operation contract.0 
199799     DEBUG main            d.u.i.k.p.i.IntermediateProofReplayer Proof replay took 5.4ns 
199901     INFO  main            d.u.i.k.p.r.p.TestFile    ... finished proof: closed. 
200165     INFO  main            d.u.i.k.p.i.AbstractProblemLoader Loading environment from /home/runner/work/key/key/key.core/../key.ui/examples/heap/list/Client_n.key.proof 
200165     DEBUG main            d.u.i.k.p.i.AbstractProblemLoader Environment load took 92.4ns 
200166     INFO  main            d.u.i.k.p.i.AbstractProblemLoader Creating init config 
201141     DEBUG main            d.u.i.k.j.r.ClassPreparationMethodBuilder clPrepBuilder: Inner Class detected. Reject building class initialisation methods. 
203186     DEBUG main            d.u.i.k.p.i.AbstractProblemLoader Init config took 3.02s 
203224     INFO  main            d.u.i.k.p.i.AbstractProblemLoader Replaying proof Client[Client::n(List)].JML normal_behavior operation contract.0 
203240     DEBUG main            d.u.i.k.p.i.IntermediateProofReplayer Proof replay took 13.92ms 
203241     DEBUG main            d.u.i.k.p.r.p.TestFile    ... success: reloaded. 
203242     INFO  main            d.u.i.k.p.r.p.TestFile    Now processing file /home/runner/work/key/key/key.core/../key.ui/examples/heap/list/LinkedList_get_exceptional.key 
203242     INFO  main            d.u.i.k.p.i.AbstractProblemLoader Loading environment from /home/runner/work/key/key/key.core/../key.ui/examples/heap/list/LinkedList_get_exceptional.key 
203244     DEBUG main            d.u.i.k.p.i.AbstractProblemLoader Environment load took 2.25ms 
203245     INFO  main            d.u.i.k.p.i.AbstractProblemLoader Creating init config 
204249     DEBUG main            d.u.i.k.j.r.ClassPreparationMethodBuilder clPrepBuilder: Inner Class detected. Reject building class initialisation methods. 
206350     DEBUG main            d.u.i.k.p.i.AbstractProblemLoader Init config took 3.11s 
206412     INFO  main            d.u.i.k.p.i.AbstractProblemLoader Replaying proof LinkedList[List::get(int)].JML exceptional_behavior operation contract.0 
206413     DEBUG main            d.u.i.k.p.i.IntermediateProofReplayer Proof replay took 6.1ns 
208541     INFO  main            d.u.i.k.p.r.p.TestFile    ... finished proof: closed. 
208828     INFO  main            d.u.i.k.p.i.AbstractProblemLoader Loading environment from /home/runner/work/key/key/key.core/../key.ui/examples/heap/list/LinkedList_get_exceptional.key.proof 
208828     DEBUG main            d.u.i.k.p.i.AbstractProblemLoader Environment load took 103.1ns 
208829     INFO  main            d.u.i.k.p.i.AbstractProblemLoader Creating init config 
209829     DEBUG main            d.u.i.k.j.r.ClassPreparationMethodBuilder clPrepBuilder: Inner Class detected. Reject building class initialisation methods. 
211877     DEBUG main            d.u.i.k.p.i.AbstractProblemLoader Init config took 3.05s 
211920     INFO  main            d.u.i.k.p.i.AbstractProblemLoader Replaying proof LinkedList[List::get(int)].JML exceptional_behavior operation contract.0 
212129     DEBUG main            d.u.i.k.p.i.IntermediateProofReplayer Proof replay took 200.23ms 
212130     DEBUG main            d.u.i.k.p.r.p.TestFile    ... success: reloaded. 
212131     INFO  main            d.u.i.k.p.r.p.TestFile    Now processing file /home/runner/work/key/key/key.core/../key.ui/examples/heap/list/LinkedList_get_normal.key 
212131     INFO  main            d.u.i.k.p.i.AbstractProblemLoader Loading environment from /home/runner/work/key/key/key.core/../key.ui/examples/heap/list/LinkedList_get_normal.key 
212131     DEBUG main            d.u.i.k.p.i.AbstractProblemLoader Environment load took 78.2ns 
212132     INFO  main            d.u.i.k.p.i.AbstractProblemLoader Creating init config 
213118     DEBUG main            d.u.i.k.j.r.ClassPreparationMethodBuilder clPrepBuilder: Inner Class detected. Reject building class initialisation methods. 
215196     DEBUG main            d.u.i.k.p.i.AbstractProblemLoader Init config took 3.06s 
215242     INFO  main            d.u.i.k.p.i.AbstractProblemLoader Replaying proof LinkedList[List::get(int)].JML normal_behavior operation contract.0 
215244     DEBUG main            d.u.i.k.p.i.IntermediateProofReplayer Proof replay took 6.9ns 
221059     INFO  main            d.u.i.k.p.r.p.TestFile    ... finished proof: closed. 
221444     INFO  main            d.u.i.k.p.i.AbstractProblemLoader Loading environment from /home/runner/work/key/key/key.core/../key.ui/examples/heap/list/LinkedList_get_normal.key.proof 
221444     DEBUG main            d.u.i.k.p.i.AbstractProblemLoader Environment load took 435.8ns 
221446     INFO  main            d.u.i.k.p.i.AbstractProblemLoader Creating init config 
222421     DEBUG main            d.u.i.k.j.r.ClassPreparationMethodBuilder clPrepBuilder: Inner Class detected. Reject building class initialisation methods. 
224467     DEBUG main            d.u.i.k.p.i.AbstractProblemLoader Init config took 3.02s 
224510     INFO  main            d.u.i.k.p.i.AbstractProblemLoader Replaying proof LinkedList[List::get(int)].JML normal_behavior operation contract.0 
224885     DEBUG main            d.u.i.k.p.i.IntermediateProofReplayer Proof replay took 348.35ms 
224887     DEBUG main            d.u.i.k.p.r.p.TestFile    ... success: reloaded. 
224888     INFO  main            d.u.i.k.p.r.p.TestFile    Now processing file /home/runner/work/key/key/key.core/../key.ui/examples/heap/list/LinkedList_LinkedList.key 
224888     INFO  main            d.u.i.k.p.i.AbstractProblemLoader Loading environment from /home/runner/work/key/key/key.core/../key.ui/examples/heap/list/LinkedList_LinkedList.key 
224888     DEBUG main            d.u.i.k.p.i.AbstractProblemLoader Environment load took 106.8ns 
224889     INFO  main            d.u.i.k.p.i.AbstractProblemLoader Creating init config 
225911     DEBUG main            d.u.i.k.j.r.ClassPreparationMethodBuilder clPrepBuilder: Inner Class detected. Reject building class initialisation methods. 
228005     DEBUG main            d.u.i.k.p.i.AbstractProblemLoader Init config took 3.12s 
228048     INFO  main            d.u.i.k.p.i.AbstractProblemLoader Replaying proof LinkedList[LinkedList::LinkedList()].JML normal_behavior operation contract.0 
228049     DEBUG main            d.u.i.k.p.i.IntermediateProofReplayer Proof replay took 6.5ns 
228555     INFO  main            d.u.i.k.p.r.p.TestFile    ... finished proof: closed. 
228863     INFO  main            d.u.i.k.p.i.AbstractProblemLoader Loading environment from /home/runner/work/key/key/key.core/../key.ui/examples/heap/list/LinkedList_LinkedList.key.proof 
228864     DEBUG main            d.u.i.k.p.i.AbstractProblemLoader Environment load took 97ns 
228865     INFO  main            d.u.i.k.p.i.AbstractProblemLoader Creating init config 
229836     DEBUG main            d.u.i.k.j.r.ClassPreparationMethodBuilder clPrepBuilder: Inner Class detected. Reject building class initialisation methods. 
231906     DEBUG main            d.u.i.k.p.i.AbstractProblemLoader Init config took 3.04s 
231949     INFO  main            d.u.i.k.p.i.AbstractProblemLoader Replaying proof LinkedList[LinkedList::LinkedList()].JML normal_behavior operation contract.0 
232011     DEBUG main            d.u.i.k.p.i.IntermediateProofReplayer Proof replay took 58.22ms 
232012     DEBUG main            d.u.i.k.p.r.p.TestFile    ... success: reloaded. 
232013     INFO  main            d.u.i.k.p.r.p.TestFile    Now processing file /home/runner/work/key/key/key.core/../key.ui/examples/heap/list/LinkedList_size_dep.key 
232013     INFO  main            d.u.i.k.p.i.AbstractProblemLoader Loading environment from /home/runner/work/key/key/key.core/../key.ui/examples/heap/list/LinkedList_size_dep.key 
232013     DEBUG main            d.u.i.k.p.i.AbstractProblemLoader Environment load took 78.4ns 
232014     INFO  main            d.u.i.k.p.i.AbstractProblemLoader Creating init config 
233014     DEBUG main            d.u.i.k.j.r.ClassPreparationMethodBuilder clPrepBuilder: Inner Class detected. Reject building class initialisation methods. 
235092     DEBUG main            d.u.i.k.p.i.AbstractProblemLoader Init config took 3.08s 
235135     INFO  main            d.u.i.k.p.i.AbstractProblemLoader Replaying proof LinkedList[List::size()].JML accessible clause.0 
235136     DEBUG main            d.u.i.k.p.i.IntermediateProofReplayer Proof replay took 6.5ns 
235638     INFO  main            d.u.i.k.p.r.p.TestFile    ... finished proof: closed. 
235927     INFO  main            d.u.i.k.p.i.AbstractProblemLoader Loading environment from /home/runner/work/key/key/key.core/../key.ui/examples/heap/list/LinkedList_size_dep.key.proof 
235927     DEBUG main            d.u.i.k.p.i.AbstractProblemLoader Environment load took 97.9ns 
235928     INFO  main            d.u.i.k.p.i.AbstractProblemLoader Creating init config 
236904     DEBUG main            d.u.i.k.j.r.ClassPreparationMethodBuilder clPrepBuilder: Inner Class detected. Reject building class initialisation methods. 
238957     DEBUG main            d.u.i.k.p.i.AbstractProblemLoader Init config took 3.03s 
239001     INFO  main            d.u.i.k.p.i.AbstractProblemLoader Replaying proof LinkedList[List::size()].JML accessible clause.0 
239033     DEBUG main            d.u.i.k.p.i.IntermediateProofReplayer Proof replay took 28.98ms 
239035     DEBUG main            d.u.i.k.p.r.p.TestFile    ... success: reloaded. 
239036     INFO  main            d.u.i.k.p.r.p.TestFile    Now processing file /home/runner/work/key/key/key.core/../key.ui/examples/heap/list/LinkedList_size.key 
239036     INFO  main            d.u.i.k.p.i.AbstractProblemLoader Loading environment from /home/runner/work/key/key/key.core/../key.ui/examples/heap/list/LinkedList_size.key 
239036     DEBUG main            d.u.i.k.p.i.AbstractProblemLoader Environment load took 195.2ns 
239037     INFO  main            d.u.i.k.p.i.AbstractProblemLoader Creating init config 
240029     DEBUG main            d.u.i.k.j.r.ClassPreparationMethodBuilder clPrepBuilder: Inner Class detected. Reject building class initialisation methods. 
242125     DEBUG main            d.u.i.k.p.i.AbstractProblemLoader Init config took 3.09s 
242168     INFO  main            d.u.i.k.p.i.AbstractProblemLoader Replaying proof LinkedList[List::size()].JML normal_behavior operation contract.0 
242169     DEBUG main            d.u.i.k.p.i.IntermediateProofReplayer Proof replay took 6.3ns 
242671     INFO  main            d.u.i.k.p.r.p.TestFile    ... finished proof: closed. 
242961     INFO  main            d.u.i.k.p.i.AbstractProblemLoader Loading environment from /home/runner/work/key/key/key.core/../key.ui/examples/heap/list/LinkedList_size.key.proof 
242961     DEBUG main            d.u.i.k.p.i.AbstractProblemLoader Environment load took 130.7ns 
242963     INFO  main            d.u.i.k.p.i.AbstractProblemLoader Creating init config 
243947     DEBUG main            d.u.i.k.j.r.ClassPreparationMethodBuilder clPrepBuilder: Inner Class detected. Reject building class initialisation methods. 
245998     DEBUG main            d.u.i.k.p.i.AbstractProblemLoader Init config took 3.03s 
246041     INFO  main            d.u.i.k.p.i.AbstractProblemLoader Replaying proof LinkedList[List::size()].JML normal_behavior operation contract.0 
246069     DEBUG main            d.u.i.k.p.i.IntermediateProofReplayer Proof replay took 25.45ms 
246069     DEBUG main            d.u.i.k.p.r.p.TestFile    ... success: reloaded. 
246070     INFO  main            d.u.i.k.p.r.p.TestFile    Now processing file /home/runner/work/key/key/key.core/../key.ui/examples/heap/list/MySet_footprint.key 
246070     INFO  main            d.u.i.k.p.i.AbstractProblemLoader Loading environment from /home/runner/work/key/key/key.core/../key.ui/examples/heap/list/MySet_footprint.key 
246071     DEBUG main            d.u.i.k.p.i.AbstractProblemLoader Environment load took 91.7ns 
246071     INFO  main            d.u.i.k.p.i.AbstractProblemLoader Creating init config 
247076     DEBUG main            d.u.i.k.j.r.ClassPreparationMethodBuilder clPrepBuilder: Inner Class detected. Reject building class initialisation methods. 
249168     DEBUG main            d.u.i.k.p.i.AbstractProblemLoader Init config took 3.1s 
249213     INFO  main            d.u.i.k.p.i.AbstractProblemLoader Replaying proof MySet[MySet::$footprint()].JML accessible clause.0 
249214     DEBUG main            d.u.i.k.p.i.IntermediateProofReplayer Proof replay took 6.3ns 
249517     INFO  main            d.u.i.k.p.r.p.TestFile    ... finished proof: closed. 
249827     INFO  main            d.u.i.k.p.i.AbstractProblemLoader Loading environment from /home/runner/work/key/key/key.core/../key.ui/examples/heap/list/MySet_footprint.key.proof 
249827     DEBUG main            d.u.i.k.p.i.AbstractProblemLoader Environment load took 94.7ns 
249829     INFO  main            d.u.i.k.p.i.AbstractProblemLoader Creating init config 
250812     DEBUG main            d.u.i.k.j.r.ClassPreparationMethodBuilder clPrepBuilder: Inner Class detected. Reject building class initialisation methods. 
252892     DEBUG main            d.u.i.k.p.i.AbstractProblemLoader Init config took 3.06s 
252949     INFO  main            d.u.i.k.p.i.AbstractProblemLoader Replaying proof MySet[MySet::$footprint()].JML accessible clause.0 
252971     DEBUG main            d.u.i.k.p.i.IntermediateProofReplayer Proof replay took 18.73ms 
252972     DEBUG main            d.u.i.k.p.r.p.TestFile    ... success: reloaded. 
252972     INFO  main            d.u.i.k.p.r.p.TestFile    Now processing file /home/runner/work/key/key/key.core/../key.ui/examples/heap/list/MySet_MySet.key 
252973     INFO  main            d.u.i.k.p.i.AbstractProblemLoader Loading environment from /home/runner/work/key/key/key.core/../key.ui/examples/heap/list/MySet_MySet.key 
252973     DEBUG main            d.u.i.k.p.i.AbstractProblemLoader Environment load took 77ns 
252973     INFO  main            d.u.i.k.p.i.AbstractProblemLoader Creating init config 
253963     DEBUG main            d.u.i.k.j.r.ClassPreparationMethodBuilder clPrepBuilder: Inner Class detected. Reject building class initialisation methods. 
256057     DEBUG main            d.u.i.k.p.i.AbstractProblemLoader Init config took 3.08s 
256103     INFO  main            d.u.i.k.p.i.AbstractProblemLoader Replaying proof MySet[MySet::MySet()].JML normal_behavior operation contract.0 
256104     DEBUG main            d.u.i.k.p.i.IntermediateProofReplayer Proof replay took 6.7ns 
258437     INFO  main            d.u.i.k.p.r.p.TestFile    ... finished proof: closed. 
258761     INFO  main            d.u.i.k.p.i.AbstractProblemLoader Loading environment from /home/runner/work/key/key/key.core/../key.ui/examples/heap/list/MySet_MySet.key.proof 
258761     DEBUG main            d.u.i.k.p.i.AbstractProblemLoader Environment load took 428ns 
258763     INFO  main            d.u.i.k.p.i.AbstractProblemLoader Creating init config 
259745     DEBUG main            d.u.i.k.j.r.ClassPreparationMethodBuilder clPrepBuilder: Inner Class detected. Reject building class initialisation methods. 
261797     DEBUG main            d.u.i.k.p.i.AbstractProblemLoader Init config took 3.03s 
261845     INFO  main            d.u.i.k.p.i.AbstractProblemLoader Replaying proof MySet[MySet::MySet()].JML normal_behavior operation contract.0 
262099     DEBUG main            d.u.i.k.p.i.IntermediateProofReplayer Proof replay took 240.56ms 
262101     DEBUG main            d.u.i.k.p.r.p.TestFile    ... success: reloaded. 
1101974    INFO  Test worker     d.u.i.k.p.r.RunAllProofsTestUnit Returning from test list 
1101975    INFO  Test worker     d.u.i.k.p.r.RunAllProofsTestUnit Running test list_ghost 
315        INFO  Timeout watchdog d.u.i.k.p.r.p.ForkedTestFileRunner Timeout watcher launched (2000 secs.) 
334        WARN  main            d.u.i.k.s.ProofSettings   The settings in /home/runner/.key/proof-settings.props are *not* read. 
375        INFO  main            d.u.i.k.p.r.p.TestFile    Now processing file /home/runner/work/key/key/key.core/../key.ui/examples/heap/list_ghost/ArrayList_add.key 
480        INFO  main            d.u.i.k.p.i.AbstractProblemLoader Loading environment from /home/runner/work/key/key/key.core/../key.ui/examples/heap/list_ghost/ArrayList_add.key 
501        DEBUG main            d.u.i.k.p.i.AbstractProblemLoader Environment load took 1.9ms 
717        INFO  main            d.u.i.k.p.i.AbstractProblemLoader Creating init config 
1727       DEBUG main            d.u.i.k.j.TypeConverter   No LDT found for Meta 
1728       DEBUG main            d.u.i.k.j.TypeConverter   No LDT found for Meta 
1731       DEBUG main            d.u.i.k.j.TypeConverter   No LDT found for Meta 
1731       DEBUG main            d.u.i.k.j.TypeConverter   No LDT found for Meta 
3308       DEBUG main            d.u.i.k.j.TypeConverter   No LDT found for JavaBigintExpression 
8142       DEBUG main            d.u.i.k.p.i.AbstractProblemLoader Init config took 7.43s 
8291       INFO  main            d.u.i.k.p.i.AbstractProblemLoader Replaying proof ArrayList[List::add(java.lang.Object)].JML normal_behavior operation contract.0 
8330       DEBUG main            d.u.i.k.p.i.IntermediateProofReplayer Proof replay took 33.8ns 
12984      INFO  main            d.u.i.k.p.r.p.TestFile    ... finished proof: closed. 
13162      INFO  main            d.u.i.k.p.i.AbstractProblemLoader Loading environment from /home/runner/work/key/key/key.core/../key.ui/examples/heap/list_ghost/ArrayList_add.key.proof 
13165      DEBUG main            d.u.i.k.p.i.AbstractProblemLoader Environment load took 3.69ms 
13170      INFO  main            d.u.i.k.p.i.AbstractProblemLoader Creating init config 
15853      DEBUG main            d.u.i.k.p.i.AbstractProblemLoader Init config took 2.68s 
15931      INFO  main            d.u.i.k.p.i.AbstractProblemLoader Replaying proof ArrayList[List::add(java.lang.Object)].JML normal_behavior operation contract.0 
16400      DEBUG main            d.u.i.k.p.i.IntermediateProofReplayer Proof replay took 446.67ms 
16410      DEBUG main            d.u.i.k.p.r.p.TestFile    ... success: reloaded. 
16414      INFO  main            d.u.i.k.p.r.p.TestFile    Now processing file /home/runner/work/key/key/key.core/../key.ui/examples/heap/list_ghost/ArrayList_ArrayList.key 
16414      INFO  main            d.u.i.k.p.i.AbstractProblemLoader Loading environment from /home/runner/work/key/key/key.core/../key.ui/examples/heap/list_ghost/ArrayList_ArrayList.key 
16415      DEBUG main            d.u.i.k.p.i.AbstractProblemLoader Environment load took 293.2ns 
16419      INFO  main            d.u.i.k.p.i.AbstractProblemLoader Creating init config 
18994      DEBUG main            d.u.i.k.p.i.AbstractProblemLoader Init config took 2.58s 
19056      INFO  main            d.u.i.k.p.i.AbstractProblemLoader Replaying proof ArrayList[ArrayList::ArrayList()].JML normal_behavior operation contract.0 
19061      DEBUG main            d.u.i.k.p.i.IntermediateProofReplayer Proof replay took 5.7ns 
20266      INFO  main            d.u.i.k.p.r.p.TestFile    ... finished proof: closed. 
20395      INFO  main            d.u.i.k.p.i.AbstractProblemLoader Loading environment from /home/runner/work/key/key/key.core/../key.ui/examples/heap/list_ghost/ArrayList_ArrayList.key.proof 
20395      DEBUG main            d.u.i.k.p.i.AbstractProblemLoader Environment load took 192.7ns 
20396      INFO  main            d.u.i.k.p.i.AbstractProblemLoader Creating init config 
22880      DEBUG main            d.u.i.k.p.i.AbstractProblemLoader Init config took 2.48s 
22938      INFO  main            d.u.i.k.p.i.AbstractProblemLoader Replaying proof ArrayList[ArrayList::ArrayList()].JML normal_behavior operation contract.0 
23062      DEBUG main            d.u.i.k.p.i.IntermediateProofReplayer Proof replay took 116.62ms 
23064      DEBUG main            d.u.i.k.p.r.p.TestFile    ... success: reloaded. 
23065      INFO  main            d.u.i.k.p.r.p.TestFile    Now processing file /home/runner/work/key/key/key.core/../key.ui/examples/heap/list_ghost/ArrayList_enlarge.key 
23066      INFO  main            d.u.i.k.p.i.AbstractProblemLoader Loading environment from /home/runner/work/key/key/key.core/../key.ui/examples/heap/list_ghost/ArrayList_enlarge.key 
23066      DEBUG main            d.u.i.k.p.i.AbstractProblemLoader Environment load took 232.2ns 
23067      INFO  main            d.u.i.k.p.i.AbstractProblemLoader Creating init config 
25553      DEBUG main            d.u.i.k.p.i.AbstractProblemLoader Init config took 2.49s 
25600      INFO  main            d.u.i.k.p.i.AbstractProblemLoader Replaying proof ArrayList[ArrayList::enlarge()].JML normal_behavior operation contract.0 
25603      DEBUG main            d.u.i.k.p.i.IntermediateProofReplayer Proof replay took 5.4ns 
27609      INFO  main            d.u.i.k.p.r.p.TestFile    ... finished proof: closed. 
27776      INFO  main            d.u.i.k.p.i.AbstractProblemLoader Loading environment from /home/runner/work/key/key/key.core/../key.ui/examples/heap/list_ghost/ArrayList_enlarge.key.proof 
27778      DEBUG main            d.u.i.k.p.i.AbstractProblemLoader Environment load took 2.81ms 
27780      INFO  main            d.u.i.k.p.i.AbstractProblemLoader Creating init config 
30251      DEBUG main            d.u.i.k.p.i.AbstractProblemLoader Init config took 2.47s 
30307      INFO  main            d.u.i.k.p.i.AbstractProblemLoader Replaying proof ArrayList[ArrayList::enlarge()].JML normal_behavior operation contract.0 
30579      DEBUG main            d.u.i.k.p.i.IntermediateProofReplayer Proof replay took 260.83ms 
30580      DEBUG main            d.u.i.k.p.r.p.TestFile    ... success: reloaded. 
30582      INFO  main            d.u.i.k.p.r.p.TestFile    Now processing file /home/runner/work/key/key/key.core/../key.ui/examples/heap/list_ghost/ArrayList_get_dep.key 
30582      INFO  main            d.u.i.k.p.i.AbstractProblemLoader Loading environment from /home/runner/work/key/key/key.core/../key.ui/examples/heap/list_ghost/ArrayList_get_dep.key 
30582      DEBUG main            d.u.i.k.p.i.AbstractProblemLoader Environment load took 230.1ns 
30583      INFO  main            d.u.i.k.p.i.AbstractProblemLoader Creating init config 
33037      DEBUG main            d.u.i.k.p.i.AbstractProblemLoader Init config took 2.45s 
33082      INFO  main            d.u.i.k.p.i.AbstractProblemLoader Replaying proof ArrayList[List::get(int)].JML accessible clause.0 
33083      DEBUG main            d.u.i.k.p.i.IntermediateProofReplayer Proof replay took 5.6ns 
33386      INFO  main            d.u.i.k.p.r.p.TestFile    ... finished proof: closed. 
33539      INFO  main            d.u.i.k.p.i.AbstractProblemLoader Loading environment from /home/runner/work/key/key/key.core/../key.ui/examples/heap/list_ghost/ArrayList_get_dep.key.proof 
33539      DEBUG main            d.u.i.k.p.i.AbstractProblemLoader Environment load took 116.1ns 
33540      INFO  main            d.u.i.k.p.i.AbstractProblemLoader Creating init config 
35968      DEBUG main            d.u.i.k.p.i.AbstractProblemLoader Init config took 2.43s 
36010      INFO  main            d.u.i.k.p.i.AbstractProblemLoader Replaying proof ArrayList[List::get(int)].JML accessible clause.0 
36058      DEBUG main            d.u.i.k.p.i.IntermediateProofReplayer Proof replay took 44ms 
36059      DEBUG main            d.u.i.k.p.r.p.TestFile    ... success: reloaded. 
36060      INFO  main            d.u.i.k.p.r.p.TestFile    Now processing file /home/runner/work/key/key/key.core/../key.ui/examples/heap/list_ghost/ArrayList_get_exceptional.key 
36060      INFO  main            d.u.i.k.p.i.AbstractProblemLoader Loading environment from /home/runner/work/key/key/key.core/../key.ui/examples/heap/list_ghost/ArrayList_get_exceptional.key 
36060      DEBUG main            d.u.i.k.p.i.AbstractProblemLoader Environment load took 240.8ns 
36061      INFO  main            d.u.i.k.p.i.AbstractProblemLoader Creating init config 
38551      DEBUG main            d.u.i.k.p.i.AbstractProblemLoader Init config took 2.49s 
38601      INFO  main            d.u.i.k.p.i.AbstractProblemLoader Replaying proof ArrayList[List::get(int)].JML exceptional_behavior operation contract.0 
38602      DEBUG main            d.u.i.k.p.i.IntermediateProofReplayer Proof replay took 5.7ns 
39308      INFO  main            d.u.i.k.p.r.p.TestFile    ... finished proof: closed. 
39501      INFO  main            d.u.i.k.p.i.AbstractProblemLoader Loading environment from /home/runner/work/key/key/key.core/../key.ui/examples/heap/list_ghost/ArrayList_get_exceptional.key.proof 
39503      DEBUG main            d.u.i.k.p.i.AbstractProblemLoader Environment load took 1.6ms 
39505      INFO  main            d.u.i.k.p.i.AbstractProblemLoader Creating init config 
41908      DEBUG main            d.u.i.k.p.i.AbstractProblemLoader Init config took 2.4s 
41959      INFO  main            d.u.i.k.p.i.AbstractProblemLoader Replaying proof ArrayList[List::get(int)].JML exceptional_behavior operation contract.0 
42068      DEBUG main            d.u.i.k.p.i.IntermediateProofReplayer Proof replay took 102.23ms 
42070      DEBUG main            d.u.i.k.p.r.p.TestFile    ... success: reloaded. 
42071      INFO  main            d.u.i.k.p.r.p.TestFile    Now processing file /home/runner/work/key/key/key.core/../key.ui/examples/heap/list_ghost/ArrayList_get_normal.key 
42071      INFO  main            d.u.i.k.p.i.AbstractProblemLoader Loading environment from /home/runner/work/key/key/key.core/../key.ui/examples/heap/list_ghost/ArrayList_get_normal.key 
42072      DEBUG main            d.u.i.k.p.i.AbstractProblemLoader Environment load took 232ns 
42073      INFO  main            d.u.i.k.p.i.AbstractProblemLoader Creating init config 
44508      DEBUG main            d.u.i.k.p.i.AbstractProblemLoader Init config took 2.44s 
44552      INFO  main            d.u.i.k.p.i.AbstractProblemLoader Replaying proof ArrayList[List::get(int)].JML normal_behavior operation contract.0 
44554      DEBUG main            d.u.i.k.p.i.IntermediateProofReplayer Proof replay took 6.1ns 
44759      INFO  main            d.u.i.k.p.r.p.TestFile    ... finished proof: closed. 
44919      INFO  main            d.u.i.k.p.i.AbstractProblemLoader Loading environment from /home/runner/work/key/key/key.core/../key.ui/examples/heap/list_ghost/ArrayList_get_normal.key.proof 
44919      DEBUG main            d.u.i.k.p.i.AbstractProblemLoader Environment load took 116ns 
44920      INFO  main            d.u.i.k.p.i.AbstractProblemLoader Creating init config 
47320      DEBUG main            d.u.i.k.p.i.AbstractProblemLoader Init config took 2.4s 
47360      INFO  main            d.u.i.k.p.i.AbstractProblemLoader Replaying proof ArrayList[List::get(int)].JML normal_behavior operation contract.0 
47397      DEBUG main            d.u.i.k.p.i.IntermediateProofReplayer Proof replay took 33.94ms 
47398      DEBUG main            d.u.i.k.p.r.p.TestFile    ... success: reloaded. 
47399      INFO  main            d.u.i.k.p.r.p.TestFile    Now processing file /home/runner/work/key/key/key.core/../key.ui/examples/heap/list_ghost/ArrayList_inv.key 
47399      INFO  main            d.u.i.k.p.i.AbstractProblemLoader Loading environment from /home/runner/work/key/key/key.core/../key.ui/examples/heap/list_ghost/ArrayList_inv.key 
47400      DEBUG main            d.u.i.k.p.i.AbstractProblemLoader Environment load took 91.1ns 
47400      INFO  main            d.u.i.k.p.i.AbstractProblemLoader Creating init config 
49871      DEBUG main            d.u.i.k.p.i.AbstractProblemLoader Init config took 2.47s 
49915      INFO  main            d.u.i.k.p.i.AbstractProblemLoader Replaying proof ArrayList[java.lang.Object::<inv>()].JML accessible clause.0 
49916      DEBUG main            d.u.i.k.p.i.IntermediateProofReplayer Proof replay took 7ns 
50018      INFO  main            d.u.i.k.p.r.p.TestFile    ... finished proof: closed. 
50174      INFO  main            d.u.i.k.p.i.AbstractProblemLoader Loading environment from /home/runner/work/key/key/key.core/../key.ui/examples/heap/list_ghost/ArrayList_inv.key.proof 
50174      DEBUG main            d.u.i.k.p.i.AbstractProblemLoader Environment load took 113.6ns 
50175      INFO  main            d.u.i.k.p.i.AbstractProblemLoader Creating init config 
52546      DEBUG main            d.u.i.k.p.i.AbstractProblemLoader Init config took 2.37s 
52583      INFO  main            d.u.i.k.p.i.AbstractProblemLoader Replaying proof ArrayList[java.lang.Object::<inv>()].JML accessible clause.0 
52592      DEBUG main            d.u.i.k.p.i.IntermediateProofReplayer Proof replay took 7.31ms 
52593      DEBUG main            d.u.i.k.p.r.p.TestFile    ... success: reloaded. 
52594      INFO  main            d.u.i.k.p.r.p.TestFile    Now processing file /home/runner/work/key/key/key.core/../key.ui/examples/heap/list_ghost/ArrayList_size_dep.key 
52594      INFO  main            d.u.i.k.p.i.AbstractProblemLoader Loading environment from /home/runner/work/key/key/key.core/../key.ui/examples/heap/list_ghost/ArrayList_size_dep.key 
52595      DEBUG main            d.u.i.k.p.i.AbstractProblemLoader Environment load took 90.1ns 
52595      INFO  main            d.u.i.k.p.i.AbstractProblemLoader Creating init config 
55013      DEBUG main            d.u.i.k.p.i.AbstractProblemLoader Init config took 2.42s 
55049      INFO  main            d.u.i.k.p.i.AbstractProblemLoader Replaying proof ArrayList[List::size()].JML accessible clause.0 
55050      DEBUG main            d.u.i.k.p.i.IntermediateProofReplayer Proof replay took 6.5ns 
55153      INFO  main            d.u.i.k.p.r.p.TestFile    ... finished proof: closed. 
55329      INFO  main            d.u.i.k.p.i.AbstractProblemLoader Loading environment from /home/runner/work/key/key/key.core/../key.ui/examples/heap/list_ghost/ArrayList_size_dep.key.proof 
55329      DEBUG main            d.u.i.k.p.i.AbstractProblemLoader Environment load took 112.1ns 
55330      INFO  main            d.u.i.k.p.i.AbstractProblemLoader Creating init config 
57679      DEBUG main            d.u.i.k.p.i.AbstractProblemLoader Init config took 2.35s 
57714      INFO  main            d.u.i.k.p.i.AbstractProblemLoader Replaying proof ArrayList[List::size()].JML accessible clause.0 
57726      DEBUG main            d.u.i.k.p.i.IntermediateProofReplayer Proof replay took 9.61ms 
57727      DEBUG main            d.u.i.k.p.r.p.TestFile    ... success: reloaded. 
57728      INFO  main            d.u.i.k.p.r.p.TestFile    Now processing file /home/runner/work/key/key/key.core/../key.ui/examples/heap/list_ghost/ArrayList_size.key 
57728      INFO  main            d.u.i.k.p.i.AbstractProblemLoader Loading environment from /home/runner/work/key/key/key.core/../key.ui/examples/heap/list_ghost/ArrayList_size.key 
57729      DEBUG main            d.u.i.k.p.i.AbstractProblemLoader Environment load took 213.2ns 
57730      INFO  main            d.u.i.k.p.i.AbstractProblemLoader Creating init config 
60199      DEBUG main            d.u.i.k.p.i.AbstractProblemLoader Init config took 2.47s 
60237      INFO  main            d.u.i.k.p.i.AbstractProblemLoader Replaying proof ArrayList[List::size()].JML normal_behavior operation contract.0 
60239      DEBUG main            d.u.i.k.p.i.IntermediateProofReplayer Proof replay took 5.5ns 
60340      INFO  main            d.u.i.k.p.r.p.TestFile    ... finished proof: closed. 
60511      INFO  main            d.u.i.k.p.i.AbstractProblemLoader Loading environment from /home/runner/work/key/key/key.core/../key.ui/examples/heap/list_ghost/ArrayList_size.key.proof 
60511      DEBUG main            d.u.i.k.p.i.AbstractProblemLoader Environment load took 107ns 
60512      INFO  main            d.u.i.k.p.i.AbstractProblemLoader Creating init config 
62881      DEBUG main            d.u.i.k.p.i.AbstractProblemLoader Init config took 2.37s 
62922      INFO  main            d.u.i.k.p.i.AbstractProblemLoader Replaying proof ArrayList[List::size()].JML normal_behavior operation contract.0 
62936      DEBUG main            d.u.i.k.p.i.IntermediateProofReplayer Proof replay took 11.08ms 
62937      DEBUG main            d.u.i.k.p.r.p.TestFile    ... success: reloaded. 
1165076    INFO  Test worker     d.u.i.k.p.r.RunAllProofsTestUnit Returning from test list_ghost 
1165077    INFO  Test worker     d.u.i.k.p.r.RunAllProofsTestUnit Running test list_recursive 
321        INFO  Timeout watchdog d.u.i.k.p.r.p.ForkedTestFileRunner Timeout watcher launched (2000 secs.) 
329        WARN  main            d.u.i.k.s.ProofSettings   The settings in /home/runner/.key/proof-settings.props are *not* read. 
355        INFO  main            d.u.i.k.p.r.p.TestFile    Now processing file /home/runner/work/key/key/key.core/../key.ui/examples/heap/list_recursiveSpec/ListOperationsNonNull_getNextNN_normal_behavior.key 
459        INFO  main            d.u.i.k.p.i.AbstractProblemLoader Loading environment from /home/runner/work/key/key/key.core/../key.ui/examples/heap/list_recursiveSpec/ListOperationsNonNull_getNextNN_normal_behavior.key 
484        DEBUG main            d.u.i.k.p.i.AbstractProblemLoader Environment load took 10.1ms 
703        INFO  main            d.u.i.k.p.i.AbstractProblemLoader Creating init config 
1509       DEBUG main            d.u.i.k.j.TypeConverter   No LDT found for Meta 
1510       DEBUG main            d.u.i.k.j.TypeConverter   No LDT found for Meta 
1511       DEBUG main            d.u.i.k.j.TypeConverter   No LDT found for Meta 
1512       DEBUG main            d.u.i.k.j.TypeConverter   No LDT found for Meta 
3002       DEBUG main            d.u.i.k.j.TypeConverter   No LDT found for JavaBigintExpression 
8193       DEBUG main            d.u.i.k.p.i.AbstractProblemLoader Init config took 7.49s 
8322       INFO  main            d.u.i.k.p.i.AbstractProblemLoader Replaying proof ListOperationsNonNull[ListOperationsNonNull::getNextNN(ListNN,int)].JML normal_behavior operation contract.0 
8353       DEBUG main            d.u.i.k.p.i.IntermediateProofReplayer Proof replay took 32.3ns 
9789       INFO  main            d.u.i.k.p.r.p.TestFile    ... finished proof: closed. 
9926       INFO  main            d.u.i.k.p.i.AbstractProblemLoader Loading environment from /home/runner/work/key/key/key.core/../key.ui/examples/heap/list_recursiveSpec/ListOperationsNonNull_getNextNN_normal_behavior.key.proof 
9927       DEBUG main            d.u.i.k.p.i.AbstractProblemLoader Environment load took 494.9ns 
9929       INFO  main            d.u.i.k.p.i.AbstractProblemLoader Creating init config 
12810      DEBUG main            d.u.i.k.p.i.AbstractProblemLoader Init config took 2.88s 
12885      INFO  main            d.u.i.k.p.i.AbstractProblemLoader Replaying proof ListOperationsNonNull[ListOperationsNonNull::getNextNN(ListNN,int)].JML normal_behavior operation contract.0 
13014      DEBUG main            d.u.i.k.p.i.IntermediateProofReplayer Proof replay took 121.03ms 
13020      DEBUG main            d.u.i.k.p.r.p.TestFile    ... success: reloaded. 
13022      INFO  main            d.u.i.k.p.r.p.TestFile    Now processing file /home/runner/work/key/key/key.core/../key.ui/examples/heap/list_recursiveSpec/ListOperationsNonNull_setValueAt_normal_behavior.key 
13023      INFO  main            d.u.i.k.p.i.AbstractProblemLoader Loading environment from /home/runner/work/key/key/key.core/../key.ui/examples/heap/list_recursiveSpec/ListOperationsNonNull_setValueAt_normal_behavior.key 
13023      DEBUG main            d.u.i.k.p.i.AbstractProblemLoader Environment load took 238.1ns 
13025      INFO  main            d.u.i.k.p.i.AbstractProblemLoader Creating init config 
15850      DEBUG main            d.u.i.k.p.i.AbstractProblemLoader Init config took 2.83s 
15914      INFO  main            d.u.i.k.p.i.AbstractProblemLoader Replaying proof ListOperationsNonNull[ListOperationsNonNull::setValueAt_NN(ListNN,int,int)].JML normal_behavior operation contract.0 
15916      DEBUG main            d.u.i.k.p.i.IntermediateProofReplayer Proof replay took 6ns 
15941      DEBUG main            d.u.i.k.m.s.ProofScriptEngine 1: 'macro autopilot' 
18180      DEBUG main            d.u.i.k.m.s.ProofScriptEngine 2: 'macro simp-upd' 
18190      DEBUG main            d.u.i.k.m.s.ProofScriptEngine 3: 'rule observerDependencyEQ' 
18209      DEBUG main            d.u.i.k.m.s.ProofScriptEngine 4: 'tryclose' 
18240      INFO  main            d.u.i.k.p.r.p.TestFile    ... finished proof: closed. 
18384      INFO  main            d.u.i.k.p.i.AbstractProblemLoader Loading environment from /home/runner/work/key/key/key.core/../key.ui/examples/heap/list_recursiveSpec/ListOperationsNonNull_setValueAt_normal_behavior.key.proof 
18386      DEBUG main            d.u.i.k.p.i.AbstractProblemLoader Environment load took 2.21ms 
18388      INFO  main            d.u.i.k.p.i.AbstractProblemLoader Creating init config 
21125      DEBUG main            d.u.i.k.p.i.AbstractProblemLoader Init config took 2.74s 
21181      INFO  main            d.u.i.k.p.i.AbstractProblemLoader Replaying proof ListOperationsNonNull[ListOperationsNonNull::setValueAt_NN(ListNN,int,int)].JML normal_behavior operation contract.0 
21279      DEBUG main            d.u.i.k.p.i.IntermediateProofReplayer Proof replay took 92.61ms 
21281      DEBUG main            d.u.i.k.p.r.p.TestFile    ... success: reloaded. 
1186528    INFO  Test worker     d.u.i.k.p.r.RunAllProofsTestUnit Returning from test list_recursive 
1186529    INFO  Test worker     d.u.i.k.p.r.RunAllProofsTestUnit Running test list_seq 
346        INFO  Timeout watchdog d.u.i.k.p.r.p.ForkedTestFileRunner Timeout watcher launched (2000 secs.) 
350        WARN  main            d.u.i.k.s.ProofSettings   The settings in /home/runner/.key/proof-settings.props are *not* read. 
397        INFO  main            d.u.i.k.p.r.p.TestFile    Now processing file /home/runner/work/key/key/key.core/../key.ui/examples/heap/list_seq/SimplifiedLinkedList.remove.key 
540        INFO  main            d.u.i.k.p.i.AbstractProblemLoader Loading environment from /home/runner/work/key/key/key.core/../key.ui/examples/heap/list_seq/SimplifiedLinkedList.remove.key 
556        DEBUG main            d.u.i.k.p.i.AbstractProblemLoader Environment load took 2.25ms 
769        INFO  main            d.u.i.k.p.i.AbstractProblemLoader Creating init config 
1686       DEBUG main            d.u.i.k.j.TypeConverter   No LDT found for Meta 
1687       DEBUG main            d.u.i.k.j.TypeConverter   No LDT found for Meta 
1690       DEBUG main            d.u.i.k.j.TypeConverter   No LDT found for Meta 
1690       DEBUG main            d.u.i.k.j.TypeConverter   No LDT found for Meta 
3031       DEBUG main            d.u.i.k.j.TypeConverter   No LDT found for JavaBigintExpression 
8646       DEBUG main            d.u.i.k.p.i.AbstractProblemLoader Init config took 7.88s 
8851       INFO  main            d.u.i.k.p.i.AbstractProblemLoader Replaying proof SimplifiedLinkedList[SimplifiedLinkedList::remove(int)].JML normal_behavior operation contract.0 
8912       DEBUG main            d.u.i.k.p.i.IntermediateProofReplayer Proof replay took 37.5ns 
72605      INFO  main            d.u.i.k.p.r.p.TestFile    ... finished proof: closed. 
72998      INFO  main            d.u.i.k.p.i.AbstractProblemLoader Loading environment from /home/runner/work/key/key/key.core/../key.ui/examples/heap/list_seq/SimplifiedLinkedList.remove.key.proof 
72998      DEBUG main            d.u.i.k.p.i.AbstractProblemLoader Environment load took 822.4ns 
73016      INFO  main            d.u.i.k.p.i.AbstractProblemLoader Creating init config 
76160      DEBUG main            d.u.i.k.p.i.AbstractProblemLoader Init config took 3.14s 
76247      INFO  main            d.u.i.k.p.i.AbstractProblemLoader Replaying proof SimplifiedLinkedList[SimplifiedLinkedList::remove(int)].JML normal_behavior operation contract.0 
78719      DEBUG main            d.u.i.k.p.i.IntermediateProofReplayer Proof replay took 2.18s 
78747      DEBUG main            d.u.i.k.p.r.p.TestFile    ... success: reloaded. 
78749      INFO  main            d.u.i.k.p.r.p.TestFile    Now processing file /home/runner/work/key/key/key.core/../key.ui/examples/heap/list_seq/ArrayList.ArrayList.key 
78749      INFO  main            d.u.i.k.p.i.AbstractProblemLoader Loading environment from /home/runner/work/key/key/key.core/../key.ui/examples/heap/list_seq/ArrayList.ArrayList.key 
78749      DEBUG main            d.u.i.k.p.i.AbstractProblemLoader Environment load took 237.6ns 
78751      INFO  main            d.u.i.k.p.i.AbstractProblemLoader Creating init config 
81826      DEBUG main            d.u.i.k.p.i.AbstractProblemLoader Init config took 3.08s 
81934      INFO  main            d.u.i.k.p.i.AbstractProblemLoader Replaying proof ArrayList[ArrayList::ArrayList()].JML normal_behavior operation contract.0 
81938      DEBUG main            d.u.i.k.p.i.IntermediateProofReplayer Proof replay took 5.7ns 
82843      INFO  main            d.u.i.k.p.r.p.TestFile    ... finished proof: closed. 
82996      INFO  main            d.u.i.k.p.i.AbstractProblemLoader Loading environment from /home/runner/work/key/key/key.core/../key.ui/examples/heap/list_seq/ArrayList.ArrayList.key.proof 
82997      DEBUG main            d.u.i.k.p.i.AbstractProblemLoader Environment load took 125.3ns 
82998      INFO  main            d.u.i.k.p.i.AbstractProblemLoader Creating init config 
85877      DEBUG main            d.u.i.k.p.i.AbstractProblemLoader Init config took 2.88s 
85957      INFO  main            d.u.i.k.p.i.AbstractProblemLoader Replaying proof ArrayList[ArrayList::ArrayList()].JML normal_behavior operation contract.0 
86054      DEBUG main            d.u.i.k.p.i.IntermediateProofReplayer Proof replay took 92.76ms 
86056      DEBUG main            d.u.i.k.p.r.p.TestFile    ... success: reloaded. 
86058      INFO  main            d.u.i.k.p.r.p.TestFile    Now processing file /home/runner/work/key/key/key.core/../key.ui/examples/heap/list_seq/ArrayList.add.key 
86058      INFO  main            d.u.i.k.p.i.AbstractProblemLoader Loading environment from /home/runner/work/key/key/key.core/../key.ui/examples/heap/list_seq/ArrayList.add.key 
86059      DEBUG main            d.u.i.k.p.i.AbstractProblemLoader Environment load took 255.1ns 
86060      INFO  main            d.u.i.k.p.i.AbstractProblemLoader Creating init config 
88927      DEBUG main            d.u.i.k.p.i.AbstractProblemLoader Init config took 2.87s 
89012      INFO  main            d.u.i.k.p.i.AbstractProblemLoader Replaying proof ArrayList[List::add(java.lang.Object)].JML normal_behavior operation contract.0 
89014      DEBUG main            d.u.i.k.p.i.IntermediateProofReplayer Proof replay took 6.3ns 
92087      INFO  main            d.u.i.k.p.r.p.TestFile    ... finished proof: closed. 
92265      INFO  main            d.u.i.k.p.i.AbstractProblemLoader Loading environment from /home/runner/work/key/key/key.core/../key.ui/examples/heap/list_seq/ArrayList.add.key.proof 
92265      DEBUG main            d.u.i.k.p.i.AbstractProblemLoader Environment load took 441ns 
92267      INFO  main            d.u.i.k.p.i.AbstractProblemLoader Creating init config 
95170      DEBUG main            d.u.i.k.p.i.AbstractProblemLoader Init config took 2.9s 
95273      INFO  main            d.u.i.k.p.i.AbstractProblemLoader Replaying proof ArrayList[List::add(java.lang.Object)].JML normal_behavior operation contract.0 
95507      DEBUG main            d.u.i.k.p.i.IntermediateProofReplayer Proof replay took 220.78ms 
95509      DEBUG main            d.u.i.k.p.r.p.TestFile    ... success: reloaded. 
95510      INFO  main            d.u.i.k.p.r.p.TestFile    Now processing file /home/runner/work/key/key/key.core/../key.ui/examples/heap/list_seq/ArrayList.contains.key 
95510      INFO  main            d.u.i.k.p.i.AbstractProblemLoader Loading environment from /home/runner/work/key/key/key.core/../key.ui/examples/heap/list_seq/ArrayList.contains.key 
95511      DEBUG main            d.u.i.k.p.i.AbstractProblemLoader Environment load took 359.7ns 
95512      INFO  main            d.u.i.k.p.i.AbstractProblemLoader Creating init config 
98395      DEBUG main            d.u.i.k.p.i.AbstractProblemLoader Init config took 2.88s 
98471      INFO  main            d.u.i.k.p.i.AbstractProblemLoader Replaying proof ArrayList[List::contains(java.lang.Object)].JML normal_behavior operation contract.0 
98473      DEBUG main            d.u.i.k.p.i.IntermediateProofReplayer Proof replay took 5.1ns 
99878      INFO  main            d.u.i.k.p.r.p.TestFile    ... finished proof: closed. 
100083     INFO  main            d.u.i.k.p.i.AbstractProblemLoader Loading environment from /home/runner/work/key/key/key.core/../key.ui/examples/heap/list_seq/ArrayList.contains.key.proof 
100084     DEBUG main            d.u.i.k.p.i.AbstractProblemLoader Environment load took 471.7ns 
100085     INFO  main            d.u.i.k.p.i.AbstractProblemLoader Creating init config 
102867     DEBUG main            d.u.i.k.p.i.AbstractProblemLoader Init config took 2.78s 
102961     INFO  main            d.u.i.k.p.i.AbstractProblemLoader Replaying proof ArrayList[List::contains(java.lang.Object)].JML normal_behavior operation contract.0 
103111     DEBUG main            d.u.i.k.p.i.IntermediateProofReplayer Proof replay took 142.1ms 
103113     DEBUG main            d.u.i.k.p.r.p.TestFile    ... success: reloaded. 
103114     INFO  main            d.u.i.k.p.r.p.TestFile    Now processing file /home/runner/work/key/key/key.core/../key.ui/examples/heap/list_seq/ArrayList.enlarge.key 
103114     INFO  main            d.u.i.k.p.i.AbstractProblemLoader Loading environment from /home/runner/work/key/key/key.core/../key.ui/examples/heap/list_seq/ArrayList.enlarge.key 
103114     DEBUG main            d.u.i.k.p.i.AbstractProblemLoader Environment load took 209.6ns 
103115     INFO  main            d.u.i.k.p.i.AbstractProblemLoader Creating init config 
105980     DEBUG main            d.u.i.k.p.i.AbstractProblemLoader Init config took 2.86s 
106055     INFO  main            d.u.i.k.p.i.AbstractProblemLoader Replaying proof ArrayList[ArrayList::enlarge()].JML normal_behavior operation contract.0 
106057     DEBUG main            d.u.i.k.p.i.IntermediateProofReplayer Proof replay took 5.6ns 
107978     INFO  main            d.u.i.k.p.r.p.TestFile    ... finished proof: closed. 
108174     INFO  main            d.u.i.k.p.i.AbstractProblemLoader Loading environment from /home/runner/work/key/key/key.core/../key.ui/examples/heap/list_seq/ArrayList.enlarge.key.proof 
108174     DEBUG main            d.u.i.k.p.i.AbstractProblemLoader Environment load took 127.3ns 
108175     INFO  main            d.u.i.k.p.i.AbstractProblemLoader Creating init config 
110957     DEBUG main            d.u.i.k.p.i.AbstractProblemLoader Init config took 2.78s 
111051     INFO  main            d.u.i.k.p.i.AbstractProblemLoader Replaying proof ArrayList[ArrayList::enlarge()].JML normal_behavior operation contract.0 
111255     DEBUG main            d.u.i.k.p.i.IntermediateProofReplayer Proof replay took 195.44ms 
111256     DEBUG main            d.u.i.k.p.r.p.TestFile    ... success: reloaded. 
111257     INFO  main            d.u.i.k.p.r.p.TestFile    Now processing file /home/runner/work/key/key/key.core/../key.ui/examples/heap/list_seq/ArrayList.get.key 
111258     INFO  main            d.u.i.k.p.i.AbstractProblemLoader Loading environment from /home/runner/work/key/key/key.core/../key.ui/examples/heap/list_seq/ArrayList.get.key 
111258     DEBUG main            d.u.i.k.p.i.AbstractProblemLoader Environment load took 218.8ns 
111259     INFO  main            d.u.i.k.p.i.AbstractProblemLoader Creating init config 
114097     DEBUG main            d.u.i.k.p.i.AbstractProblemLoader Init config took 2.84s 
114171     INFO  main            d.u.i.k.p.i.AbstractProblemLoader Replaying proof ArrayList[List::get(int)].JML normal_behavior operation contract.0 
114173     DEBUG main            d.u.i.k.p.i.IntermediateProofReplayer Proof replay took 5.2ns 
114676     INFO  main            d.u.i.k.p.r.p.TestFile    ... finished proof: closed. 
114861     INFO  main            d.u.i.k.p.i.AbstractProblemLoader Loading environment from /home/runner/work/key/key/key.core/../key.ui/examples/heap/list_seq/ArrayList.get.key.proof 
114862     DEBUG main            d.u.i.k.p.i.AbstractProblemLoader Environment load took 123.5ns 
114862     INFO  main            d.u.i.k.p.i.AbstractProblemLoader Creating init config 
117672     DEBUG main            d.u.i.k.p.i.AbstractProblemLoader Init config took 2.81s 
117763     INFO  main            d.u.i.k.p.i.AbstractProblemLoader Replaying proof ArrayList[List::get(int)].JML normal_behavior operation contract.0 
117803     DEBUG main            d.u.i.k.p.i.IntermediateProofReplayer Proof replay took 36.09ms 
117804     DEBUG main            d.u.i.k.p.r.p.TestFile    ... success: reloaded. 
117805     INFO  main            d.u.i.k.p.r.p.TestFile    Now processing file /home/runner/work/key/key/key.core/../key.ui/examples/heap/list_seq/ArrayList.newArray.key 
117805     INFO  main            d.u.i.k.p.i.AbstractProblemLoader Loading environment from /home/runner/work/key/key/key.core/../key.ui/examples/heap/list_seq/ArrayList.newArray.key 
117805     DEBUG main            d.u.i.k.p.i.AbstractProblemLoader Environment load took 241ns 
117806     INFO  main            d.u.i.k.p.i.AbstractProblemLoader Creating init config 
120602     DEBUG main            d.u.i.k.p.i.AbstractProblemLoader Init config took 2.8s 
120677     INFO  main            d.u.i.k.p.i.AbstractProblemLoader Replaying proof ArrayList[ArrayList::newArray(int)].JML normal_behavior operation contract.0 
120679     DEBUG main            d.u.i.k.p.i.IntermediateProofReplayer Proof replay took 5.8ns 
120981     INFO  main            d.u.i.k.p.r.p.TestFile    ... finished proof: closed. 
121164     INFO  main            d.u.i.k.p.i.AbstractProblemLoader Loading environment from /home/runner/work/key/key/key.core/../key.ui/examples/heap/list_seq/ArrayList.newArray.key.proof 
121164     DEBUG main            d.u.i.k.p.i.AbstractProblemLoader Environment load took 118.2ns 
121165     INFO  main            d.u.i.k.p.i.AbstractProblemLoader Creating init config 
123936     DEBUG main            d.u.i.k.p.i.AbstractProblemLoader Init config took 2.77s 
124009     INFO  main            d.u.i.k.p.i.AbstractProblemLoader Replaying proof ArrayList[ArrayList::newArray(int)].JML normal_behavior operation contract.0 
124048     DEBUG main            d.u.i.k.p.i.IntermediateProofReplayer Proof replay took 36.11ms 
124049     DEBUG main            d.u.i.k.p.r.p.TestFile    ... success: reloaded. 
124050     INFO  main            d.u.i.k.p.r.p.TestFile    Now processing file /home/runner/work/key/key/key.core/../key.ui/examples/heap/list_seq/ArrayList.remove.0.key 
124050     INFO  main            d.u.i.k.p.i.AbstractProblemLoader Loading environment from /home/runner/work/key/key/key.core/../key.ui/examples/heap/list_seq/ArrayList.remove.0.key 
124050     DEBUG main            d.u.i.k.p.i.AbstractProblemLoader Environment load took 212.8ns 
124051     INFO  main            d.u.i.k.p.i.AbstractProblemLoader Creating init config 
126821     DEBUG main            d.u.i.k.p.i.AbstractProblemLoader Init config took 2.77s 
126893     INFO  main            d.u.i.k.p.i.AbstractProblemLoader Replaying proof ArrayList[List::remove(java.lang.Object)].JML normal_behavior operation contract.0 
126894     DEBUG main            d.u.i.k.p.i.IntermediateProofReplayer Proof replay took 6ns 
128699     INFO  main            d.u.i.k.p.r.p.TestFile    ... finished proof: closed. 
128906     INFO  main            d.u.i.k.p.i.AbstractProblemLoader Loading environment from /home/runner/work/key/key/key.core/../key.ui/examples/heap/list_seq/ArrayList.remove.0.key.proof 
128906     DEBUG main            d.u.i.k.p.i.AbstractProblemLoader Environment load took 247.5ns 
128908     INFO  main            d.u.i.k.p.i.AbstractProblemLoader Creating init config 
131597     DEBUG main            d.u.i.k.p.i.AbstractProblemLoader Init config took 2.69s 
131678     INFO  main            d.u.i.k.p.i.AbstractProblemLoader Replaying proof ArrayList[List::remove(java.lang.Object)].JML normal_behavior operation contract.0 
131988     DEBUG main            d.u.i.k.p.i.IntermediateProofReplayer Proof replay took 303.3ms 
131989     DEBUG main            d.u.i.k.p.r.p.TestFile    ... success: reloaded. 
131990     INFO  main            d.u.i.k.p.r.p.TestFile    Now processing file /home/runner/work/key/key/key.core/../key.ui/examples/heap/list_seq/ArrayList.remove.1.key 
131990     INFO  main            d.u.i.k.p.i.AbstractProblemLoader Loading environment from /home/runner/work/key/key/key.core/../key.ui/examples/heap/list_seq/ArrayList.remove.1.key 
131991     DEBUG main            d.u.i.k.p.i.AbstractProblemLoader Environment load took 227.3ns 
131992     INFO  main            d.u.i.k.p.i.AbstractProblemLoader Creating init config 
134778     DEBUG main            d.u.i.k.p.i.AbstractProblemLoader Init config took 2.79s 
134852     INFO  main            d.u.i.k.p.i.AbstractProblemLoader Replaying proof ArrayList[List::remove(java.lang.Object)].JML normal_behavior operation contract.1 
134855     DEBUG main            d.u.i.k.p.i.IntermediateProofReplayer Proof replay took 5.9ns 
145212     INFO  main            d.u.i.k.p.r.p.TestFile    ... finished proof: closed. 
145464     INFO  main            d.u.i.k.p.i.AbstractProblemLoader Loading environment from /home/runner/work/key/key/key.core/../key.ui/examples/heap/list_seq/ArrayList.remove.1.key.proof 
145465     DEBUG main            d.u.i.k.p.i.AbstractProblemLoader Environment load took 192.5ns 
145467     INFO  main            d.u.i.k.p.i.AbstractProblemLoader Creating init config 
148144     DEBUG main            d.u.i.k.p.i.AbstractProblemLoader Init config took 2.68s 
148214     INFO  main            d.u.i.k.p.i.AbstractProblemLoader Replaying proof ArrayList[List::remove(java.lang.Object)].JML normal_behavior operation contract.1 
148964     DEBUG main            d.u.i.k.p.i.IntermediateProofReplayer Proof replay took 720.18ms 
148967     DEBUG main            d.u.i.k.p.r.p.TestFile    ... success: reloaded. 
1335675    INFO  Test worker     d.u.i.k.p.r.RunAllProofsTestUnit Returning from test list_seq 
1335677    INFO  Test worker     d.u.i.k.p.r.RunAllProofsTestUnit Running test observer 
368        INFO  Timeout watchdog d.u.i.k.p.r.p.ForkedTestFileRunner Timeout watcher launched (2000 secs.) 
386        WARN  main            d.u.i.k.s.ProofSettings   The settings in /home/runner/.key/proof-settings.props are *not* read. 
430        INFO  main            d.u.i.k.p.r.p.TestFile    Now processing file /home/runner/work/key/key/key.core/../key.ui/examples/heap/observer/ExampleObserver_ExampleObserver.key 
548        INFO  main            d.u.i.k.p.i.AbstractProblemLoader Loading environment from /home/runner/work/key/key/key.core/../key.ui/examples/heap/observer/ExampleObserver_ExampleObserver.key 
571        DEBUG main            d.u.i.k.p.i.AbstractProblemLoader Environment load took 1.7ms 
773        INFO  main            d.u.i.k.p.i.AbstractProblemLoader Creating init config 
1738       DEBUG main            d.u.i.k.j.TypeConverter   No LDT found for Meta 
1738       DEBUG main            d.u.i.k.j.TypeConverter   No LDT found for Meta 
1741       DEBUG main            d.u.i.k.j.TypeConverter   No LDT found for Meta 
1742       DEBUG main            d.u.i.k.j.TypeConverter   No LDT found for Meta 
2942       DEBUG main            d.u.i.k.j.TypeConverter   No LDT found for JavaBigintExpression 
8002       DEBUG main            d.u.i.k.p.i.AbstractProblemLoader Init config took 7.23s 
8122       INFO  main            d.u.i.k.p.i.AbstractProblemLoader Replaying proof ExampleObserver[ExampleObserver::ExampleObserver(ExampleSubject)].JML normal_behavior operation contract.0 
8151       DEBUG main            d.u.i.k.p.i.IntermediateProofReplayer Proof replay took 27.8ns 
9219       INFO  main            d.u.i.k.p.r.p.TestFile    ... finished proof: closed. 
9329       INFO  main            d.u.i.k.p.i.AbstractProblemLoader Loading environment from /home/runner/work/key/key/key.core/../key.ui/examples/heap/observer/ExampleObserver_ExampleObserver.key.proof 
9330       DEBUG main            d.u.i.k.p.i.AbstractProblemLoader Environment load took 196.8ns 
9331       INFO  main            d.u.i.k.p.i.AbstractProblemLoader Creating init config 
12138      DEBUG main            d.u.i.k.p.i.AbstractProblemLoader Init config took 2.81s 
12209      INFO  main            d.u.i.k.p.i.AbstractProblemLoader Replaying proof ExampleObserver[ExampleObserver::ExampleObserver(ExampleSubject)].JML normal_behavior operation contract.0 
12305      DEBUG main            d.u.i.k.p.i.IntermediateProofReplayer Proof replay took 88.56ms 
12314      DEBUG main            d.u.i.k.p.r.p.TestFile    ... success: reloaded. 
12317      INFO  main            d.u.i.k.p.r.p.TestFile    Now processing file /home/runner/work/key/key/key.core/../key.ui/examples/heap/observer/ExampleObserver_inv.key 
12317      INFO  main            d.u.i.k.p.i.AbstractProblemLoader Loading environment from /home/runner/work/key/key/key.core/../key.ui/examples/heap/observer/ExampleObserver_inv.key 
12317      DEBUG main            d.u.i.k.p.i.AbstractProblemLoader Environment load took 237.9ns 
12322      INFO  main            d.u.i.k.p.i.AbstractProblemLoader Creating init config 
14989      DEBUG main            d.u.i.k.p.i.AbstractProblemLoader Init config took 2.67s 
15050      INFO  main            d.u.i.k.p.i.AbstractProblemLoader Replaying proof ExampleObserver[java.lang.Object::<inv>()].JML accessible clause.0 
15052      DEBUG main            d.u.i.k.p.i.IntermediateProofReplayer Proof replay took 5.7ns 
15155      INFO  main            d.u.i.k.p.r.p.TestFile    ... finished proof: closed. 
15281      INFO  main            d.u.i.k.p.i.AbstractProblemLoader Loading environment from /home/runner/work/key/key/key.core/../key.ui/examples/heap/observer/ExampleObserver_inv.key.proof 
15281      DEBUG main            d.u.i.k.p.i.AbstractProblemLoader Environment load took 115.2ns 
15285      INFO  main            d.u.i.k.p.i.AbstractProblemLoader Creating init config 
17860      DEBUG main            d.u.i.k.p.i.AbstractProblemLoader Init config took 2.57s 
17919      INFO  main            d.u.i.k.p.i.AbstractProblemLoader Replaying proof ExampleObserver[java.lang.Object::<inv>()].JML accessible clause.0 
17960      DEBUG main            d.u.i.k.p.i.IntermediateProofReplayer Proof replay took 32.53ms 
17962      DEBUG main            d.u.i.k.p.r.p.TestFile    ... success: reloaded. 
17963      INFO  main            d.u.i.k.p.r.p.TestFile    Now processing file /home/runner/work/key/key/key.core/../key.ui/examples/heap/observer/ExampleObserver_subject.key 
17963      INFO  main            d.u.i.k.p.i.AbstractProblemLoader Loading environment from /home/runner/work/key/key/key.core/../key.ui/examples/heap/observer/ExampleObserver_subject.key 
17964      DEBUG main            d.u.i.k.p.i.AbstractProblemLoader Environment load took 259.7ns 
17965      INFO  main            d.u.i.k.p.i.AbstractProblemLoader Creating init config 
20514      DEBUG main            d.u.i.k.p.i.AbstractProblemLoader Init config took 2.55s 
20586      INFO  main            d.u.i.k.p.i.AbstractProblemLoader Replaying proof Observer[Observer::$subject()].JML accessible clause.0 
20588      DEBUG main            d.u.i.k.p.i.IntermediateProofReplayer Proof replay took 5.5ns 
20690      INFO  main            d.u.i.k.p.r.p.TestFile    ... finished proof: closed. 
20823      INFO  main            d.u.i.k.p.i.AbstractProblemLoader Loading environment from /home/runner/work/key/key/key.core/../key.ui/examples/heap/observer/ExampleObserver_subject.key.proof 
20823      DEBUG main            d.u.i.k.p.i.AbstractProblemLoader Environment load took 115.9ns 
20824      INFO  main            d.u.i.k.p.i.AbstractProblemLoader Creating init config 
23404      DEBUG main            d.u.i.k.p.i.AbstractProblemLoader Init config took 2.58s 
23452      INFO  main            d.u.i.k.p.i.AbstractProblemLoader Replaying proof Observer[Observer::$subject()].JML accessible clause.0 
23456      DEBUG main            d.u.i.k.p.i.IntermediateProofReplayer Proof replay took 1.4ms 
23457      DEBUG main            d.u.i.k.p.r.p.TestFile    ... success: reloaded. 
23458      INFO  main            d.u.i.k.p.r.p.TestFile    Now processing file /home/runner/work/key/key/key.core/../key.ui/examples/heap/observer/ExampleObserver_update.key 
23458      INFO  main            d.u.i.k.p.i.AbstractProblemLoader Loading environment from /home/runner/work/key/key/key.core/../key.ui/examples/heap/observer/ExampleObserver_update.key 
23459      DEBUG main            d.u.i.k.p.i.AbstractProblemLoader Environment load took 212.2ns 
23460      INFO  main            d.u.i.k.p.i.AbstractProblemLoader Creating init config 
26017      DEBUG main            d.u.i.k.p.i.AbstractProblemLoader Init config took 2.56s 
26066      INFO  main            d.u.i.k.p.i.AbstractProblemLoader Replaying proof ExampleObserver[Observer::update()].JML normal_behavior operation contract.0 
26068      DEBUG main            d.u.i.k.p.i.IntermediateProofReplayer Proof replay took 5.2ns 
26372      INFO  main            d.u.i.k.p.r.p.TestFile    ... finished proof: closed. 
26517      INFO  main            d.u.i.k.p.i.AbstractProblemLoader Loading environment from /home/runner/work/key/key/key.core/../key.ui/examples/heap/observer/ExampleObserver_update.key.proof 
26517      DEBUG main            d.u.i.k.p.i.AbstractProblemLoader Environment load took 118.1ns 
26518      INFO  main            d.u.i.k.p.i.AbstractProblemLoader Creating init config 
29061      DEBUG main            d.u.i.k.p.i.AbstractProblemLoader Init config took 2.54s 
29111      INFO  main            d.u.i.k.p.i.AbstractProblemLoader Replaying proof ExampleObserver[Observer::update()].JML normal_behavior operation contract.0 
29179      DEBUG main            d.u.i.k.p.i.IntermediateProofReplayer Proof replay took 63.61ms 
29180      DEBUG main            d.u.i.k.p.r.p.TestFile    ... success: reloaded. 
29181      INFO  main            d.u.i.k.p.r.p.TestFile    Now processing file /home/runner/work/key/key/key.core/../key.ui/examples/heap/observer/ExampleObserver_upToDate.key 
29182      INFO  main            d.u.i.k.p.i.AbstractProblemLoader Loading environment from /home/runner/work/key/key/key.core/../key.ui/examples/heap/observer/ExampleObserver_upToDate.key 
29182      DEBUG main            d.u.i.k.p.i.AbstractProblemLoader Environment load took 218.4ns 
29183      INFO  main            d.u.i.k.p.i.AbstractProblemLoader Creating init config 
31769      DEBUG main            d.u.i.k.p.i.AbstractProblemLoader Init config took 2.59s 
31817      INFO  main            d.u.i.k.p.i.AbstractProblemLoader Replaying proof ExampleObserver[Observer::$upToDate()].JML accessible clause.0 
31819      DEBUG main            d.u.i.k.p.i.IntermediateProofReplayer Proof replay took 6ns 
31921      INFO  main            d.u.i.k.p.r.p.TestFile    ... finished proof: closed. 
32077      INFO  main            d.u.i.k.p.i.AbstractProblemLoader Loading environment from /home/runner/work/key/key/key.core/../key.ui/examples/heap/observer/ExampleObserver_upToDate.key.proof 
32077      DEBUG main            d.u.i.k.p.i.AbstractProblemLoader Environment load took 117.5ns 
32078      INFO  main            d.u.i.k.p.i.AbstractProblemLoader Creating init config 
34596      DEBUG main            d.u.i.k.p.i.AbstractProblemLoader Init config took 2.52s 
34652      INFO  main            d.u.i.k.p.i.AbstractProblemLoader Replaying proof ExampleObserver[Observer::$upToDate()].JML accessible clause.0 
34672      DEBUG main            d.u.i.k.p.i.IntermediateProofReplayer Proof replay took 17.1ms 
34673      DEBUG main            d.u.i.k.p.r.p.TestFile    ... success: reloaded. 
34674      INFO  main            d.u.i.k.p.r.p.TestFile    Now processing file /home/runner/work/key/key/key.core/../key.ui/examples/heap/observer/ExampleObserver_value.key 
34674      INFO  main            d.u.i.k.p.i.AbstractProblemLoader Loading environment from /home/runner/work/key/key/key.core/../key.ui/examples/heap/observer/ExampleObserver_value.key 
34675      DEBUG main            d.u.i.k.p.i.AbstractProblemLoader Environment load took 466.6ns 
34676      INFO  main            d.u.i.k.p.i.AbstractProblemLoader Creating init config 
37213      DEBUG main            d.u.i.k.p.i.AbstractProblemLoader Init config took 2.54s 
37258      INFO  main            d.u.i.k.p.i.AbstractProblemLoader Replaying proof ExampleObserver[ExampleObserver::value()].JML normal_behavior operation contract.0 
37260      DEBUG main            d.u.i.k.p.i.IntermediateProofReplayer Proof replay took 6.2ns 
37366      INFO  main            d.u.i.k.p.r.p.TestFile    ... finished proof: closed. 
37532      INFO  main            d.u.i.k.p.i.AbstractProblemLoader Loading environment from /home/runner/work/key/key/key.core/../key.ui/examples/heap/observer/ExampleObserver_value.key.proof 
37532      DEBUG main            d.u.i.k.p.i.AbstractProblemLoader Environment load took 113.6ns 
37533      INFO  main            d.u.i.k.p.i.AbstractProblemLoader Creating init config 
40014      DEBUG main            d.u.i.k.p.i.AbstractProblemLoader Init config took 2.48s 
40062      INFO  main            d.u.i.k.p.i.AbstractProblemLoader Replaying proof ExampleObserver[ExampleObserver::value()].JML normal_behavior operation contract.0 
40080      DEBUG main            d.u.i.k.p.i.IntermediateProofReplayer Proof replay took 14.47ms 
40081      DEBUG main            d.u.i.k.p.r.p.TestFile    ... success: reloaded. 
40083      INFO  main            d.u.i.k.p.r.p.TestFile    Now processing file /home/runner/work/key/key/key.core/../key.ui/examples/heap/observer/ExampleSubject_addObserver.key 
40083      INFO  main            d.u.i.k.p.i.AbstractProblemLoader Loading environment from /home/runner/work/key/key/key.core/../key.ui/examples/heap/observer/ExampleSubject_addObserver.key 
40083      DEBUG main            d.u.i.k.p.i.AbstractProblemLoader Environment load took 216.6ns 
40090      INFO  main            d.u.i.k.p.i.AbstractProblemLoader Creating init config 
42690      DEBUG main            d.u.i.k.p.i.AbstractProblemLoader Init config took 2.6s 
42739      INFO  main            d.u.i.k.p.i.AbstractProblemLoader Replaying proof ExampleSubject[Subject::addObserver(Observer)].JML normal_behavior operation contract.0 
42741      DEBUG main            d.u.i.k.p.i.IntermediateProofReplayer Proof replay took 6.1ns 
47885      INFO  main            d.u.i.k.p.r.p.TestFile    ... finished proof: closed. 
48141      INFO  main            d.u.i.k.p.i.AbstractProblemLoader Loading environment from /home/runner/work/key/key/key.core/../key.ui/examples/heap/observer/ExampleSubject_addObserver.key.proof 
48142      DEBUG main            d.u.i.k.p.i.AbstractProblemLoader Environment load took 475.6ns 
48144      INFO  main            d.u.i.k.p.i.AbstractProblemLoader Creating init config 
50648      DEBUG main            d.u.i.k.p.i.AbstractProblemLoader Init config took 2.5s 
50696      INFO  main            d.u.i.k.p.i.AbstractProblemLoader Replaying proof ExampleSubject[Subject::addObserver(Observer)].JML normal_behavior operation contract.0 
51230      DEBUG main            d.u.i.k.p.i.IntermediateProofReplayer Proof replay took 511.97ms 
51232      DEBUG main            d.u.i.k.p.r.p.TestFile    ... success: reloaded. 
51234      INFO  main            d.u.i.k.p.r.p.TestFile    Now processing file /home/runner/work/key/key/key.core/../key.ui/examples/heap/observer/ExampleSubject_change.key 
51234      INFO  main            d.u.i.k.p.i.AbstractProblemLoader Loading environment from /home/runner/work/key/key/key.core/../key.ui/examples/heap/observer/ExampleSubject_change.key 
51234      DEBUG main            d.u.i.k.p.i.AbstractProblemLoader Environment load took 260.1ns 
51235      INFO  main            d.u.i.k.p.i.AbstractProblemLoader Creating init config 
53812      DEBUG main            d.u.i.k.p.i.AbstractProblemLoader Init config took 2.58s 
53859      INFO  main            d.u.i.k.p.i.AbstractProblemLoader Replaying proof ExampleSubject[ExampleSubject::change()].JML normal_behavior operation contract.0 
53861      DEBUG main            d.u.i.k.p.i.IntermediateProofReplayer Proof replay took 6.5ns 
54367      INFO  main            d.u.i.k.p.r.p.TestFile    ... finished proof: closed. 
54575      INFO  main            d.u.i.k.p.i.AbstractProblemLoader Loading environment from /home/runner/work/key/key/key.core/../key.ui/examples/heap/observer/ExampleSubject_change.key.proof 
54576      DEBUG main            d.u.i.k.p.i.AbstractProblemLoader Environment load took 437ns 
54577      INFO  main            d.u.i.k.p.i.AbstractProblemLoader Creating init config 
57137      DEBUG main            d.u.i.k.p.i.AbstractProblemLoader Init config took 2.56s 
57182      INFO  main            d.u.i.k.p.i.AbstractProblemLoader Replaying proof ExampleSubject[ExampleSubject::change()].JML normal_behavior operation contract.0 
57235      DEBUG main            d.u.i.k.p.i.IntermediateProofReplayer Proof replay took 47.46ms 
57236      DEBUG main            d.u.i.k.p.r.p.TestFile    ... success: reloaded. 
57238      INFO  main            d.u.i.k.p.r.p.TestFile    Now processing file /home/runner/work/key/key/key.core/../key.ui/examples/heap/observer/ExampleSubject_ExampleSubject.key 
57238      INFO  main            d.u.i.k.p.i.AbstractProblemLoader Loading environment from /home/runner/work/key/key/key.core/../key.ui/examples/heap/observer/ExampleSubject_ExampleSubject.key 
57239      DEBUG main            d.u.i.k.p.i.AbstractProblemLoader Environment load took 246.7ns 
57240      INFO  main            d.u.i.k.p.i.AbstractProblemLoader Creating init config 
59843      DEBUG main            d.u.i.k.p.i.AbstractProblemLoader Init config took 2.6s 
59901      INFO  main            d.u.i.k.p.i.AbstractProblemLoader Replaying proof ExampleSubject[ExampleSubject::ExampleSubject()].JML normal_behavior operation contract.0 
59903      DEBUG main            d.u.i.k.p.i.IntermediateProofReplayer Proof replay took 5.9ns 
60907      INFO  main            d.u.i.k.p.r.p.TestFile    ... finished proof: closed. 
61093      INFO  main            d.u.i.k.p.i.AbstractProblemLoader Loading environment from /home/runner/work/key/key/key.core/../key.ui/examples/heap/observer/ExampleSubject_ExampleSubject.key.proof 
61094      DEBUG main            d.u.i.k.p.i.AbstractProblemLoader Environment load took 438.9ns 
61095      INFO  main            d.u.i.k.p.i.AbstractProblemLoader Creating init config 
63575      DEBUG main            d.u.i.k.p.i.AbstractProblemLoader Init config took 2.48s 
63618      INFO  main            d.u.i.k.p.i.AbstractProblemLoader Replaying proof ExampleSubject[ExampleSubject::ExampleSubject()].JML normal_behavior operation contract.0 
63750      DEBUG main            d.u.i.k.p.i.IntermediateProofReplayer Proof replay took 123.78ms 
63751      DEBUG main            d.u.i.k.p.r.p.TestFile    ... success: reloaded. 
63752      INFO  main            d.u.i.k.p.r.p.TestFile    Now processing file /home/runner/work/key/key/key.core/../key.ui/examples/heap/observer/ExampleSubject_footprint.key 
63753      INFO  main            d.u.i.k.p.i.AbstractProblemLoader Loading environment from /home/runner/work/key/key/key.core/../key.ui/examples/heap/observer/ExampleSubject_footprint.key 
63753      DEBUG main            d.u.i.k.p.i.AbstractProblemLoader Environment load took 273.4ns 
63754      INFO  main            d.u.i.k.p.i.AbstractProblemLoader Creating init config 
66319      DEBUG main            d.u.i.k.p.i.AbstractProblemLoader Init config took 2.56s 
66362      INFO  main            d.u.i.k.p.i.AbstractProblemLoader Replaying proof ExampleSubject[Subject::$footprint()].JML accessible clause.0 
66363      DEBUG main            d.u.i.k.p.i.IntermediateProofReplayer Proof replay took 5.6ns 
66467      INFO  main            d.u.i.k.p.r.p.TestFile    ... finished proof: closed. 
66636      INFO  main            d.u.i.k.p.i.AbstractProblemLoader Loading environment from /home/runner/work/key/key/key.core/../key.ui/examples/heap/observer/ExampleSubject_footprint.key.proof 
66637      DEBUG main            d.u.i.k.p.i.AbstractProblemLoader Environment load took 865.9ns 
66638      INFO  main            d.u.i.k.p.i.AbstractProblemLoader Creating init config 
69104      DEBUG main            d.u.i.k.p.i.AbstractProblemLoader Init config took 2.47s 
69151      INFO  main            d.u.i.k.p.i.AbstractProblemLoader Replaying proof ExampleSubject[Subject::$footprint()].JML accessible clause.0 
69165      DEBUG main            d.u.i.k.p.i.IntermediateProofReplayer Proof replay took 10.96ms 
69166      DEBUG main            d.u.i.k.p.r.p.TestFile    ... success: reloaded. 
69167      INFO  main            d.u.i.k.p.r.p.TestFile    Now processing file /home/runner/work/key/key/key.core/../key.ui/examples/heap/observer/ExampleSubject_inv.key 
69168      INFO  main            d.u.i.k.p.i.AbstractProblemLoader Loading environment from /home/runner/work/key/key/key.core/../key.ui/examples/heap/observer/ExampleSubject_inv.key 
69168      DEBUG main            d.u.i.k.p.i.AbstractProblemLoader Environment load took 219ns 
69169      INFO  main            d.u.i.k.p.i.AbstractProblemLoader Creating init config 
71691      DEBUG main            d.u.i.k.p.i.AbstractProblemLoader Init config took 2.52s 
71733      INFO  main            d.u.i.k.p.i.AbstractProblemLoader Replaying proof ExampleSubject[java.lang.Object::<inv>()].JML accessible clause.0 
71735      DEBUG main            d.u.i.k.p.i.IntermediateProofReplayer Proof replay took 6.3ns 
72840      INFO  main            d.u.i.k.p.r.p.TestFile    ... finished proof: closed. 
73038      INFO  main            d.u.i.k.p.i.AbstractProblemLoader Loading environment from /home/runner/work/key/key/key.core/../key.ui/examples/heap/observer/ExampleSubject_inv.key.proof 
73038      DEBUG main            d.u.i.k.p.i.AbstractProblemLoader Environment load took 456.2ns 
73039      INFO  main            d.u.i.k.p.i.AbstractProblemLoader Creating init config 
75477      DEBUG main            d.u.i.k.p.i.AbstractProblemLoader Init config took 2.44s 
75520      INFO  main            d.u.i.k.p.i.AbstractProblemLoader Replaying proof ExampleSubject[java.lang.Object::<inv>()].JML accessible clause.0 
75605      DEBUG main            d.u.i.k.p.i.IntermediateProofReplayer Proof replay took 79.21ms 
75608      DEBUG main            d.u.i.k.p.r.p.TestFile    ... success: reloaded. 
75610      INFO  main            d.u.i.k.p.r.p.TestFile    Now processing file /home/runner/work/key/key/key.core/../key.ui/examples/heap/observer/ExampleSubject_notifyObservers.key 
75610      INFO  main            d.u.i.k.p.i.AbstractProblemLoader Loading environment from /home/runner/work/key/key/key.core/../key.ui/examples/heap/observer/ExampleSubject_notifyObservers.key 
75610      DEBUG main            d.u.i.k.p.i.AbstractProblemLoader Environment load took 205.9ns 
75611      INFO  main            d.u.i.k.p.i.AbstractProblemLoader Creating init config 
78134      DEBUG main            d.u.i.k.p.i.AbstractProblemLoader Init config took 2.52s 
78177      INFO  main            d.u.i.k.p.i.AbstractProblemLoader Replaying proof Subject[Subject::notifyObservers()].JML normal_behavior operation contract.0 
78179      DEBUG main            d.u.i.k.p.i.IntermediateProofReplayer Proof replay took 6.4ns 
78281      INFO  main            d.u.i.k.p.r.p.TestFile    ... finished proof: closed. 
78464      INFO  main            d.u.i.k.p.i.AbstractProblemLoader Loading environment from /home/runner/work/key/key/key.core/../key.ui/examples/heap/observer/ExampleSubject_notifyObservers.key.proof 
78465      DEBUG main            d.u.i.k.p.i.AbstractProblemLoader Environment load took 114.1ns 
78465      INFO  main            d.u.i.k.p.i.AbstractProblemLoader Creating init config 
80885      DEBUG main            d.u.i.k.p.i.AbstractProblemLoader Init config took 2.42s 
80927      INFO  main            d.u.i.k.p.i.AbstractProblemLoader Replaying proof Subject[Subject::notifyObservers()].JML normal_behavior operation contract.0 
80930      DEBUG main            d.u.i.k.p.i.IntermediateProofReplayer Proof replay took 1.93ms 
80931      DEBUG main            d.u.i.k.p.r.p.TestFile    ... success: reloaded. 
80932      INFO  main            d.u.i.k.p.r.p.TestFile    Now processing file /home/runner/work/key/key/key.core/../key.ui/examples/heap/observer/ExampleSubject_value_dep.key 
80932      INFO  main            d.u.i.k.p.i.AbstractProblemLoader Loading environment from /home/runner/work/key/key/key.core/../key.ui/examples/heap/observer/ExampleSubject_value_dep.key 
80933      DEBUG main            d.u.i.k.p.i.AbstractProblemLoader Environment load took 95.2ns 
80933      INFO  main            d.u.i.k.p.i.AbstractProblemLoader Creating init config 
83445      DEBUG main            d.u.i.k.p.i.AbstractProblemLoader Init config took 2.51s 
83487      INFO  main            d.u.i.k.p.i.AbstractProblemLoader Replaying proof ExampleSubject[ExampleSubject::value()].JML accessible clause.0 
83489      DEBUG main            d.u.i.k.p.i.IntermediateProofReplayer Proof replay took 6.4ns 
83590      INFO  main            d.u.i.k.p.r.p.TestFile    ... finished proof: closed. 
83792      INFO  main            d.u.i.k.p.i.AbstractProblemLoader Loading environment from /home/runner/work/key/key/key.core/../key.ui/examples/heap/observer/ExampleSubject_value_dep.key.proof 
83792      DEBUG main            d.u.i.k.p.i.AbstractProblemLoader Environment load took 110.8ns 
83795      INFO  main            d.u.i.k.p.i.AbstractProblemLoader Creating init config 
86221      DEBUG main            d.u.i.k.p.i.AbstractProblemLoader Init config took 2.43s 
86262      INFO  main            d.u.i.k.p.i.AbstractProblemLoader Replaying proof ExampleSubject[ExampleSubject::value()].JML accessible clause.0 
86273      DEBUG main            d.u.i.k.p.i.IntermediateProofReplayer Proof replay took 9.22ms 
86273      DEBUG main            d.u.i.k.p.r.p.TestFile    ... success: reloaded. 
86274      INFO  main            d.u.i.k.p.r.p.TestFile    Now processing file /home/runner/work/key/key/key.core/../key.ui/examples/heap/observer/ExampleSubject_value.key 
86274      INFO  main            d.u.i.k.p.i.AbstractProblemLoader Loading environment from /home/runner/work/key/key/key.core/../key.ui/examples/heap/observer/ExampleSubject_value.key 
86275      DEBUG main            d.u.i.k.p.i.AbstractProblemLoader Environment load took 60.7ns 
86275      INFO  main            d.u.i.k.p.i.AbstractProblemLoader Creating init config 
88772      DEBUG main            d.u.i.k.p.i.AbstractProblemLoader Init config took 2.5s 
88813      INFO  main            d.u.i.k.p.i.AbstractProblemLoader Replaying proof ExampleSubject[ExampleSubject::value()].JML normal_behavior operation contract.0 
88815      DEBUG main            d.u.i.k.p.i.IntermediateProofReplayer Proof replay took 6.8ns 
88917      INFO  main            d.u.i.k.p.r.p.TestFile    ... finished proof: closed. 
89117      INFO  main            d.u.i.k.p.i.AbstractProblemLoader Loading environment from /home/runner/work/key/key/key.core/../key.ui/examples/heap/observer/ExampleSubject_value.key.proof 
89117      DEBUG main            d.u.i.k.p.i.AbstractProblemLoader Environment load took 126.5ns 
89118      INFO  main            d.u.i.k.p.i.AbstractProblemLoader Creating init config 
91540      DEBUG main            d.u.i.k.p.i.AbstractProblemLoader Init config took 2.42s 
91581      INFO  main            d.u.i.k.p.i.AbstractProblemLoader Replaying proof ExampleSubject[ExampleSubject::value()].JML normal_behavior operation contract.0 
91590      DEBUG main            d.u.i.k.p.i.IntermediateProofReplayer Proof replay took 7.94ms 
91591      DEBUG main            d.u.i.k.p.r.p.TestFile    ... success: reloaded. 
1427423    INFO  Test worker     d.u.i.k.p.r.RunAllProofsTestUnit Returning from test observer 
1427424    INFO  Test worker     d.u.i.k.p.r.RunAllProofsTestUnit Running test removeDups 
366        INFO  Timeout watchdog d.u.i.k.p.r.p.ForkedTestFileRunner Timeout watcher launched (2000 secs.) 
384        WARN  main            d.u.i.k.s.ProofSettings   The settings in /home/runner/.key/proof-settings.props are *not* read. 
432        INFO  main            d.u.i.k.p.r.p.TestFile    Now processing file /home/runner/work/key/key/key.core/../key.ui/examples/heap/removeDups/arrayPart.key 
571        INFO  main            d.u.i.k.p.i.AbstractProblemLoader Loading environment from /home/runner/work/key/key/key.core/../key.ui/examples/heap/removeDups/arrayPart.key 
587        DEBUG main            d.u.i.k.p.i.AbstractProblemLoader Environment load took 2.25ms 
800        INFO  main            d.u.i.k.p.i.AbstractProblemLoader Creating init config 
1732       DEBUG main            d.u.i.k.j.TypeConverter   No LDT found for Meta 
1732       DEBUG main            d.u.i.k.j.TypeConverter   No LDT found for Meta 
1733       DEBUG main            d.u.i.k.j.TypeConverter   No LDT found for Meta 
1733       DEBUG main            d.u.i.k.j.TypeConverter   No LDT found for Meta 
3173       DEBUG main            d.u.i.k.j.TypeConverter   No LDT found for JavaBigintExpression 
8200       DEBUG main            d.u.i.k.p.i.AbstractProblemLoader Init config took 7.4s 
8322       INFO  main            d.u.i.k.p.i.AbstractProblemLoader Replaying proof RemoveDup[RemoveDup::arrayPart([I,int)].JML normal_behavior operation contract.0 
8352       DEBUG main            d.u.i.k.p.i.IntermediateProofReplayer Proof replay took 34.6ns 
11067      INFO  main            d.u.i.k.p.r.p.TestFile    ... finished proof: closed. 
11200      INFO  main            d.u.i.k.p.i.AbstractProblemLoader Loading environment from /home/runner/work/key/key/key.core/../key.ui/examples/heap/removeDups/arrayPart.key.proof 
11200      DEBUG main            d.u.i.k.p.i.AbstractProblemLoader Environment load took 447.9ns 
11203      INFO  main            d.u.i.k.p.i.AbstractProblemLoader Creating init config 
13963      DEBUG main            d.u.i.k.p.i.AbstractProblemLoader Init config took 2.76s 
14044      INFO  main            d.u.i.k.p.i.AbstractProblemLoader Replaying proof RemoveDup[RemoveDup::arrayPart([I,int)].JML normal_behavior operation contract.0 
14356      DEBUG main            d.u.i.k.p.i.IntermediateProofReplayer Proof replay took 289.29ms 
14365      DEBUG main            d.u.i.k.p.r.p.TestFile    ... success: reloaded. 
14366      INFO  main            d.u.i.k.p.r.p.TestFile    Now processing file /home/runner/work/key/key/key.core/../key.ui/examples/heap/removeDups/contains.key 
14367      INFO  main            d.u.i.k.p.i.AbstractProblemLoader Loading environment from /home/runner/work/key/key/key.core/../key.ui/examples/heap/removeDups/contains.key 
14367      DEBUG main            d.u.i.k.p.i.AbstractProblemLoader Environment load took 232.7ns 
14369      INFO  main            d.u.i.k.p.i.AbstractProblemLoader Creating init config 
17060      DEBUG main            d.u.i.k.p.i.AbstractProblemLoader Init config took 2.69s 
17114      INFO  main            d.u.i.k.p.i.AbstractProblemLoader Replaying proof RemoveDup[RemoveDup::contains([I,int,int)].JML normal_behavior operation contract.0 
17116      DEBUG main            d.u.i.k.p.i.IntermediateProofReplayer Proof replay took 5.8ns 
17620      INFO  main            d.u.i.k.p.r.p.TestFile    ... finished proof: closed. 
17778      INFO  main            d.u.i.k.p.i.AbstractProblemLoader Loading environment from /home/runner/work/key/key/key.core/../key.ui/examples/heap/removeDups/contains.key.proof 
17779      DEBUG main            d.u.i.k.p.i.AbstractProblemLoader Environment load took 1.33ms 
17781      INFO  main            d.u.i.k.p.i.AbstractProblemLoader Creating init config 
20402      DEBUG main            d.u.i.k.p.i.AbstractProblemLoader Init config took 2.62s 
20475      INFO  main            d.u.i.k.p.i.AbstractProblemLoader Replaying proof RemoveDup[RemoveDup::contains([I,int,int)].JML normal_behavior operation contract.0 
20561      DEBUG main            d.u.i.k.p.i.IntermediateProofReplayer Proof replay took 79.41ms 
20562      DEBUG main            d.u.i.k.p.r.p.TestFile    ... success: reloaded. 
20566      INFO  main            d.u.i.k.p.r.p.TestFile    Now processing file /home/runner/work/key/key/key.core/../key.ui/examples/heap/removeDups/removeDup.key 
20566      INFO  main            d.u.i.k.p.i.AbstractProblemLoader Loading environment from /home/runner/work/key/key/key.core/../key.ui/examples/heap/removeDups/removeDup.key 
20567      DEBUG main            d.u.i.k.p.i.AbstractProblemLoader Environment load took 268.9ns 
20568      INFO  main            d.u.i.k.p.i.AbstractProblemLoader Creating init config 
23161      DEBUG main            d.u.i.k.p.i.AbstractProblemLoader Init config took 2.59s 
23205      INFO  main            d.u.i.k.p.i.AbstractProblemLoader Replaying proof RemoveDup[RemoveDup::removeDup([I)].JML normal_behavior operation contract.0 
23207      DEBUG main            d.u.i.k.p.i.IntermediateProofReplayer Proof replay took 6.5ns 
42654      INFO  main            d.u.i.k.p.r.p.TestFile    ... finished proof: closed. 
42896      INFO  main            d.u.i.k.p.i.AbstractProblemLoader Loading environment from /home/runner/work/key/key/key.core/../key.ui/examples/heap/removeDups/removeDup.key.proof 
42897      DEBUG main            d.u.i.k.p.i.AbstractProblemLoader Environment load took 482ns 
42904      INFO  main            d.u.i.k.p.i.AbstractProblemLoader Creating init config 
45478      DEBUG main            d.u.i.k.p.i.AbstractProblemLoader Init config took 2.57s 
45541      INFO  main            d.u.i.k.p.i.AbstractProblemLoader Replaying proof RemoveDup[RemoveDup::removeDup([I)].JML normal_behavior operation contract.0 
46751      DEBUG main            d.u.i.k.p.i.IntermediateProofReplayer Proof replay took 1.14s 
46754      DEBUG main            d.u.i.k.p.r.p.TestFile    ... success: reloaded. 
46756      INFO  main            d.u.i.k.p.r.p.TestFile    Now processing file /home/runner/work/key/key/key.core/../key.ui/examples/heap/saddleback_search/Saddleback_search.key 
46756      INFO  main            d.u.i.k.p.i.AbstractProblemLoader Loading environment from /home/runner/work/key/key/key.core/../key.ui/examples/heap/saddleback_search/Saddleback_search.key 
46756      DEBUG main            d.u.i.k.p.i.AbstractProblemLoader Environment load took 255.1ns 
46758      INFO  main            d.u.i.k.p.i.AbstractProblemLoader Creating init config 
49361      DEBUG main            d.u.i.k.p.i.AbstractProblemLoader Init config took 2.6s 
49401      INFO  main            d.u.i.k.p.i.AbstractProblemLoader Replaying proof Saddleback[Saddleback::search([[I,int)].JML normal_behavior operation contract.0 
49409      DEBUG main            d.u.i.k.p.i.IntermediateProofReplayer Proof replay took 6.8ns 
125082     INFO  main            d.u.i.k.p.r.p.TestFile    ... finished proof: closed. 
125432     INFO  main            d.u.i.k.p.i.AbstractProblemLoader Loading environment from /home/runner/work/key/key/key.core/../key.ui/examples/heap/saddleback_search/Saddleback_search.key.proof 
125432     DEBUG main            d.u.i.k.p.i.AbstractProblemLoader Environment load took 201.9ns 
125443     INFO  main            d.u.i.k.p.i.AbstractProblemLoader Creating init config 
127883     DEBUG main            d.u.i.k.p.i.AbstractProblemLoader Init config took 2.44s 
127942     INFO  main            d.u.i.k.p.i.AbstractProblemLoader Replaying proof Saddleback[Saddleback::search([[I,int)].JML normal_behavior operation contract.0 
129507     DEBUG main            d.u.i.k.p.i.IntermediateProofReplayer Proof replay took 1.41s 
129516     DEBUG main            d.u.i.k.p.r.p.TestFile    ... success: reloaded. 
1557127    INFO  Test worker     d.u.i.k.p.r.RunAllProofsTestUnit Returning from test removeDups 
1557128    INFO  Test worker     d.u.i.k.p.r.RunAllProofsTestUnit Running test quicksort 
344        INFO  Timeout watchdog d.u.i.k.p.r.p.ForkedTestFileRunner Timeout watcher launched (2000 secs.) 
358        WARN  main            d.u.i.k.s.ProofSettings   The settings in /home/runner/.key/proof-settings.props are *not* read. 
395        INFO  main            d.u.i.k.p.r.p.TestFile    Now processing file /home/runner/work/key/key/key.core/../key.ui/examples/heap/quicksort/toplevel.key 
503        INFO  main            d.u.i.k.p.i.AbstractProblemLoader Loading environment from /home/runner/work/key/key/key.core/../key.ui/examples/heap/quicksort/toplevel.key 
520        DEBUG main            d.u.i.k.p.i.AbstractProblemLoader Environment load took 2.33ms 
736        INFO  main            d.u.i.k.p.i.AbstractProblemLoader Creating init config 
1661       DEBUG main            d.u.i.k.j.TypeConverter   No LDT found for Meta 
1662       DEBUG main            d.u.i.k.j.TypeConverter   No LDT found for Meta 
1664       DEBUG main            d.u.i.k.j.TypeConverter   No LDT found for Meta 
1665       DEBUG main            d.u.i.k.j.TypeConverter   No LDT found for Meta 
2987       DEBUG main            d.u.i.k.j.TypeConverter   No LDT found for JavaBigintExpression 
8567       DEBUG main            d.u.i.k.p.i.AbstractProblemLoader Init config took 7.83s 
8693       INFO  main            d.u.i.k.p.i.AbstractProblemLoader Replaying proof Quicksort[Quicksort::sort([I)].JML normal_behavior operation contract.0 
8724       DEBUG main            d.u.i.k.p.i.IntermediateProofReplayer Proof replay took 31.6ns 
9860       INFO  main            d.u.i.k.p.r.p.TestFile    ... finished proof: closed. 
9985       INFO  main            d.u.i.k.p.i.AbstractProblemLoader Loading environment from /home/runner/work/key/key/key.core/../key.ui/examples/heap/quicksort/toplevel.key.proof 
9985       DEBUG main            d.u.i.k.p.i.AbstractProblemLoader Environment load took 552.7ns 
9987       INFO  main            d.u.i.k.p.i.AbstractProblemLoader Creating init config 
12893      DEBUG main            d.u.i.k.p.i.AbstractProblemLoader Init config took 2.91s 
12972      INFO  main            d.u.i.k.p.i.AbstractProblemLoader Replaying proof Quicksort[Quicksort::sort([I)].JML normal_behavior operation contract.0 
13140      DEBUG main            d.u.i.k.p.i.IntermediateProofReplayer Proof replay took 160.52ms 
13148      DEBUG main            d.u.i.k.p.r.p.TestFile    ... success: reloaded. 
13154      INFO  main            d.u.i.k.p.r.p.TestFile    Now processing file /home/runner/work/key/key/key.core/../key.ui/examples/heap/quicksort/sort.key 
13155      INFO  main            d.u.i.k.p.i.AbstractProblemLoader Loading environment from /home/runner/work/key/key/key.core/../key.ui/examples/heap/quicksort/sort.key 
13155      DEBUG main            d.u.i.k.p.i.AbstractProblemLoader Environment load took 278.7ns 
13158      INFO  main            d.u.i.k.p.i.AbstractProblemLoader Creating init config 
16174      DEBUG main            d.u.i.k.p.i.AbstractProblemLoader Init config took 3.02s 
16249      INFO  main            d.u.i.k.p.i.AbstractProblemLoader Replaying proof Quicksort[Quicksort::sort([I,int,int)].JML normal_behavior operation contract.0 
16256      DEBUG main            d.u.i.k.p.i.IntermediateProofReplayer Proof replay took 7.5ns 
16286      DEBUG main            d.u.i.k.m.s.ProofScriptEngine 1: 'script 'sort.script'' 
16294      INFO  main            d.u.i.k.m.s.ProofScriptCommand Included script /home/runner/work/key/key/key.core/../key.ui/examples/heap/quicksort/sort.script 
16294      DEBUG main            d.u.i.k.m.s.ProofScriptEngine 1: 'macro autopilot-prep' 
17453      DEBUG main            d.u.i.k.m.s.ProofScriptEngine 2: 'select formula="{heapAtPre:=heap || exc:=null || heap:=heapAfter_sort_0}
   seq ...' 
17457      DEBUG main            d.u.i.k.m.s.ProofScriptEngine 3: 'macro simp-upd' 
17466      DEBUG main            d.u.i.k.m.s.ProofScriptEngine 4: 'let   @seqPre="seqDef{int u;}(0, array.length, array[u])"
    @seqSplit="seqDef ...' 
17468      DEBUG main            d.u.i.k.m.s.ProofScriptEngine 5: 'rule seqPermSym 
  formula="seqPerm(@seqSplit, @seqPre)"' 
17482      DEBUG main            d.u.i.k.m.s.ProofScriptEngine 6: 'rule seqPermSym
  formula="seqPerm(@seqSort, @seqSplit)"' 
17484      DEBUG main            d.u.i.k.m.s.ProofScriptEngine 7: 'rule seqPermSym
  formula="seqPerm(@seqSort0, @seqSort)"' 
17485      DEBUG main            d.u.i.k.m.s.ProofScriptEngine 8: 'rule seqPermTrans
  formula="seqPerm(@seqPre, @seqSplit)"' 
17487      DEBUG main            d.u.i.k.m.s.ProofScriptEngine 9: 'rule seqPermTrans
  formula="seqPerm(@seqPre, @seqSort)"' 
17488      DEBUG main            d.u.i.k.m.s.ProofScriptEngine 10: 'rule seqPermSym
  formula="seqPerm(@seqPre, @seqSort0)"' 
17488      DEBUG main            d.u.i.k.m.s.ProofScriptEngine 11: 'tryclose' 
42555      INFO  main            d.u.i.k.p.r.p.TestFile    ... finished proof: closed. 
42862      INFO  main            d.u.i.k.p.i.AbstractProblemLoader Loading environment from /home/runner/work/key/key/key.core/../key.ui/examples/heap/quicksort/sort.key.proof 
42863      DEBUG main            d.u.i.k.p.i.AbstractProblemLoader Environment load took 481.4ns 
42870      INFO  main            d.u.i.k.p.i.AbstractProblemLoader Creating init config 
45576      DEBUG main            d.u.i.k.p.i.AbstractProblemLoader Init config took 2.71s 
45625      INFO  main            d.u.i.k.p.i.AbstractProblemLoader Replaying proof Quicksort[Quicksort::sort([I,int,int)].JML normal_behavior operation contract.0 
47225      DEBUG main            d.u.i.k.p.i.IntermediateProofReplayer Proof replay took 1.48s 
47230      DEBUG main            d.u.i.k.p.r.p.TestFile    ... success: reloaded. 
47235      INFO  main            d.u.i.k.p.r.p.TestFile    Now processing file /home/runner/work/key/key/key.core/../key.ui/examples/heap/quicksort/split.key 
47235      INFO  main            d.u.i.k.p.i.AbstractProblemLoader Loading environment from /home/runner/work/key/key/key.core/../key.ui/examples/heap/quicksort/split.key 
47235      DEBUG main            d.u.i.k.p.i.AbstractProblemLoader Environment load took 254.8ns 
47236      INFO  main            d.u.i.k.p.i.AbstractProblemLoader Creating init config 
50143      DEBUG main            d.u.i.k.p.i.AbstractProblemLoader Init config took 2.91s 
50188      INFO  main            d.u.i.k.p.i.AbstractProblemLoader Replaying proof Quicksort[Quicksort::split([I,int,int)].JML normal_behavior operation contract.0 
50202      DEBUG main            d.u.i.k.p.i.IntermediateProofReplayer Proof replay took 5.4ns 
50203      DEBUG main            d.u.i.k.m.s.ProofScriptEngine 1: 'macro autopilot-prep' 
51428      DEBUG main            d.u.i.k.m.s.ProofScriptEngine 2: 'tryclose' 
88918      DEBUG main            d.u.i.k.m.s.ProofScriptEngine 3: 'macro simp-upd' 
89051      DEBUG main            d.u.i.k.m.s.ProofScriptEngine 4: 'rule seqPermFromSwap' 
89064      DEBUG main            d.u.i.k.m.s.ProofScriptEngine 5: 'rule andRight' 
89070      DEBUG main            d.u.i.k.m.s.ProofScriptEngine 6: 'auto' 
89095      DEBUG main            d.u.i.k.m.s.ProofScriptEngine 7: 'instantiate hide var=iv with=i_0' 
89098      DEBUG main            d.u.i.k.m.s.ProofScriptEngine 8: 'instantiate hide var=jv with=j_0' 
89101      DEBUG main            d.u.i.k.m.s.ProofScriptEngine 9: 'auto' 
95492      DEBUG main            d.u.i.k.m.s.ProofScriptEngine 10: 'macro simp-upd' 
95576      DEBUG main            d.u.i.k.m.s.ProofScriptEngine 11: 'rule seqPermFromSwap' 
95578      DEBUG main            d.u.i.k.m.s.ProofScriptEngine 12: 'rule andRight' 
95581      DEBUG main            d.u.i.k.m.s.ProofScriptEngine 13: 'auto' 
95601      DEBUG main            d.u.i.k.m.s.ProofScriptEngine 14: 'instantiate hide var=iv with=i_0' 
95603      DEBUG main            d.u.i.k.m.s.ProofScriptEngine 15: 'instantiate hide var=jv with=to' 
95606      DEBUG main            d.u.i.k.m.s.ProofScriptEngine 16: 'auto' 
100948     INFO  main            d.u.i.k.p.r.p.TestFile    ... finished proof: closed. 
101436     INFO  main            d.u.i.k.p.i.AbstractProblemLoader Loading environment from /home/runner/work/key/key/key.core/../key.ui/examples/heap/quicksort/split.key.proof 
101436     DEBUG main            d.u.i.k.p.i.AbstractProblemLoader Environment load took 423.7ns 
101446     INFO  main            d.u.i.k.p.i.AbstractProblemLoader Creating init config 
104129     DEBUG main            d.u.i.k.p.i.AbstractProblemLoader Init config took 2.68s 
104179     INFO  main            d.u.i.k.p.i.AbstractProblemLoader Replaying proof Quicksort[Quicksort::split([I,int,int)].JML normal_behavior operation contract.0 
106860     DEBUG main            d.u.i.k.p.i.IntermediateProofReplayer Proof replay took 2.49s 
106870     DEBUG main            d.u.i.k.p.r.p.TestFile    ... success: reloaded. 
1664168    INFO  Test worker     d.u.i.k.p.r.RunAllProofsTestUnit Returning from test quicksort 
1664170    INFO  Test worker     d.u.i.k.p.r.RunAllProofsTestUnit Running test simpleTests 
433        INFO  Timeout watchdog d.u.i.k.p.r.p.ForkedTestFileRunner Timeout watcher launched (2000 secs.) 
449        WARN  main            d.u.i.k.s.ProofSettings   The settings in /home/runner/.key/proof-settings.props are *not* read. 
483        INFO  main            d.u.i.k.p.r.p.TestFile    Now processing file /home/runner/work/key/key/key.core/../key.ui/examples/heap/simple/anonymise_datagroup.key 
595        INFO  main            d.u.i.k.p.i.AbstractProblemLoader Loading environment from /home/runner/work/key/key/key.core/../key.ui/examples/heap/simple/anonymise_datagroup.key 
612        DEBUG main            d.u.i.k.p.i.AbstractProblemLoader Environment load took 2.02ms 
872        INFO  main            d.u.i.k.p.i.AbstractProblemLoader Creating init config 
1740       DEBUG main            d.u.i.k.j.TypeConverter   No LDT found for Meta 
1740       DEBUG main            d.u.i.k.j.TypeConverter   No LDT found for Meta 
1744       DEBUG main            d.u.i.k.j.TypeConverter   No LDT found for Meta 
1744       DEBUG main            d.u.i.k.j.TypeConverter   No LDT found for Meta 
3176       DEBUG main            d.u.i.k.j.TypeConverter   No LDT found for JavaBigintExpression 
8313       DEBUG main            d.u.i.k.p.i.AbstractProblemLoader Init config took 7.44s 
8443       INFO  main            d.u.i.k.p.i.AbstractProblemLoader Replaying proof anonymise_datagroup.key 
8481       DEBUG main            d.u.i.k.p.i.IntermediateProofReplayer Proof replay took 36.9ns 
8742       INFO  main            d.u.i.k.p.r.p.TestFile    ... finished proof: closed. 
8847       INFO  main            d.u.i.k.p.i.AbstractProblemLoader Loading environment from /home/runner/work/key/key/key.core/../key.ui/examples/heap/simple/anonymise_datagroup.key.proof 
8848       DEBUG main            d.u.i.k.p.i.AbstractProblemLoader Environment load took 703.4ns 
8854       INFO  main            d.u.i.k.p.i.AbstractProblemLoader Creating init config 
11702      DEBUG main            d.u.i.k.p.i.AbstractProblemLoader Init config took 2.85s 
11743      INFO  main            d.u.i.k.p.i.AbstractProblemLoader Replaying proof anonymise_datagroup.key.proof 
11768      DEBUG main            d.u.i.k.p.i.IntermediateProofReplayer Proof replay took 17.46ms 
11782      DEBUG main            d.u.i.k.p.r.p.TestFile    ... success: reloaded. 
11786      INFO  main            d.u.i.k.p.r.p.TestFile    Now processing file /home/runner/work/key/key/key.core/../key.ui/examples/heap/simple/array_creation.key 
11787      INFO  main            d.u.i.k.p.i.AbstractProblemLoader Loading environment from /home/runner/work/key/key/key.core/../key.ui/examples/heap/simple/array_creation.key 
11787      DEBUG main            d.u.i.k.p.i.AbstractProblemLoader Environment load took 129.2ns 
11791      INFO  main            d.u.i.k.p.i.AbstractProblemLoader Creating init config 
14537      DEBUG main            d.u.i.k.p.i.AbstractProblemLoader Init config took 2.75s 
14570      INFO  main            d.u.i.k.p.i.AbstractProblemLoader Replaying proof array_creation.key 
14573      DEBUG main            d.u.i.k.p.i.IntermediateProofReplayer Proof replay took 7.3ns 
15190      INFO  main            d.u.i.k.p.r.p.TestFile    ... finished proof: closed. 
15332      INFO  main            d.u.i.k.p.i.AbstractProblemLoader Loading environment from /home/runner/work/key/key/key.core/../key.ui/examples/heap/simple/array_creation.key.proof 
15334      DEBUG main            d.u.i.k.p.i.AbstractProblemLoader Environment load took 1.77ms 
15338      INFO  main            d.u.i.k.p.i.AbstractProblemLoader Creating init config 
18038      DEBUG main            d.u.i.k.p.i.AbstractProblemLoader Init config took 2.7s 
18067      INFO  main            d.u.i.k.p.i.AbstractProblemLoader Replaying proof array_creation.key.proof 
18168      DEBUG main            d.u.i.k.p.i.IntermediateProofReplayer Proof replay took 96.06ms 
18170      DEBUG main            d.u.i.k.p.r.p.TestFile    ... success: reloaded. 
18171      INFO  main            d.u.i.k.p.r.p.TestFile    Now processing file /home/runner/work/key/key/key.core/../key.ui/examples/heap/simple/arrays_with_disjoint_sorts.key 
18171      INFO  main            d.u.i.k.p.i.AbstractProblemLoader Loading environment from /home/runner/work/key/key/key.core/../key.ui/examples/heap/simple/arrays_with_disjoint_sorts.key 
18172      DEBUG main            d.u.i.k.p.i.AbstractProblemLoader Environment load took 238.2ns 
18173      INFO  main            d.u.i.k.p.i.AbstractProblemLoader Creating init config 
20840      DEBUG main            d.u.i.k.p.i.AbstractProblemLoader Init config took 2.67s 
20864      INFO  main            d.u.i.k.p.i.AbstractProblemLoader Replaying proof arrays_with_disjoint_sorts.key 
20867      DEBUG main            d.u.i.k.p.i.IntermediateProofReplayer Proof replay took 6.9ns 
21071      INFO  main            d.u.i.k.p.r.p.TestFile    ... finished proof: closed. 
21212      INFO  main            d.u.i.k.p.i.AbstractProblemLoader Loading environment from /home/runner/work/key/key/key.core/../key.ui/examples/heap/simple/arrays_with_disjoint_sorts.key.proof 
21213      DEBUG main            d.u.i.k.p.i.AbstractProblemLoader Environment load took 560.7ns 
21215      INFO  main            d.u.i.k.p.i.AbstractProblemLoader Creating init config 
23856      DEBUG main            d.u.i.k.p.i.AbstractProblemLoader Init config took 2.64s 
23878      INFO  main            d.u.i.k.p.i.AbstractProblemLoader Replaying proof arrays_with_disjoint_sorts.key.proof 
23899      DEBUG main            d.u.i.k.p.i.IntermediateProofReplayer Proof replay took 17.48ms 
23901      DEBUG main            d.u.i.k.p.r.p.TestFile    ... success: reloaded. 
23902      INFO  main            d.u.i.k.p.r.p.TestFile    Now processing file /home/runner/work/key/key/key.core/../key.ui/examples/heap/simple/arrays.key 
23903      INFO  main            d.u.i.k.p.i.AbstractProblemLoader Loading environment from /home/runner/work/key/key/key.core/../key.ui/examples/heap/simple/arrays.key 
23903      DEBUG main            d.u.i.k.p.i.AbstractProblemLoader Environment load took 271ns 
23905      INFO  main            d.u.i.k.p.i.AbstractProblemLoader Creating init config 
26504      DEBUG main            d.u.i.k.p.i.AbstractProblemLoader Init config took 2.6s 
26526      INFO  main            d.u.i.k.p.i.AbstractProblemLoader Replaying proof arrays.key 
26529      DEBUG main            d.u.i.k.p.i.IntermediateProofReplayer Proof replay took 9.5ns 
26633      INFO  main            d.u.i.k.p.r.p.TestFile    ... finished proof: closed. 
26778      INFO  main            d.u.i.k.p.i.AbstractProblemLoader Loading environment from /home/runner/work/key/key/key.core/../key.ui/examples/heap/simple/arrays.key.proof 
26778      DEBUG main            d.u.i.k.p.i.AbstractProblemLoader Environment load took 471ns 
26780      INFO  main            d.u.i.k.p.i.AbstractProblemLoader Creating init config 
29397      DEBUG main            d.u.i.k.p.i.AbstractProblemLoader Init config took 2.62s 
29430      INFO  main            d.u.i.k.p.i.AbstractProblemLoader Replaying proof arrays.key.proof 
29468      DEBUG main            d.u.i.k.p.i.IntermediateProofReplayer Proof replay took 29.73ms 
29469      DEBUG main            d.u.i.k.p.r.p.TestFile    ... success: reloaded. 
29471      INFO  main            d.u.i.k.p.r.p.TestFile    Now processing file /home/runner/work/key/key/key.core/../key.ui/examples/heap/simple/attributes.key 
29471      INFO  main            d.u.i.k.p.i.AbstractProblemLoader Loading environment from /home/runner/work/key/key/key.core/../key.ui/examples/heap/simple/attributes.key 
29471      DEBUG main            d.u.i.k.p.i.AbstractProblemLoader Environment load took 99.9ns 
29472      INFO  main            d.u.i.k.p.i.AbstractProblemLoader Creating init config 
32060      DEBUG main            d.u.i.k.p.i.AbstractProblemLoader Init config took 2.59s 
32082      INFO  main            d.u.i.k.p.i.AbstractProblemLoader Replaying proof attributes.key 
32084      DEBUG main            d.u.i.k.p.i.IntermediateProofReplayer Proof replay took 6.5ns 
32186      INFO  main            d.u.i.k.p.r.p.TestFile    ... finished proof: closed. 
32334      INFO  main            d.u.i.k.p.i.AbstractProblemLoader Loading environment from /home/runner/work/key/key/key.core/../key.ui/examples/heap/simple/attributes.key.proof 
32334      DEBUG main            d.u.i.k.p.i.AbstractProblemLoader Environment load took 119ns 
32335      INFO  main            d.u.i.k.p.i.AbstractProblemLoader Creating init config 
34899      DEBUG main            d.u.i.k.p.i.AbstractProblemLoader Init config took 2.56s 
34929      INFO  main            d.u.i.k.p.i.AbstractProblemLoader Replaying proof attributes.key.proof 
34933      DEBUG main            d.u.i.k.p.i.IntermediateProofReplayer Proof replay took 1.3ms 
34934      DEBUG main            d.u.i.k.p.r.p.TestFile    ... success: reloaded. 
34935      INFO  main            d.u.i.k.p.r.p.TestFile    Now processing file /home/runner/work/key/key/key.core/../key.ui/examples/heap/simple/constructor_contracts.key 
34935      INFO  main            d.u.i.k.p.i.AbstractProblemLoader Loading environment from /home/runner/work/key/key/key.core/../key.ui/examples/heap/simple/constructor_contracts.key 
34935      DEBUG main            d.u.i.k.p.i.AbstractProblemLoader Environment load took 254.9ns 
34938      INFO  main            d.u.i.k.p.i.AbstractProblemLoader Creating init config 
37878      DEBUG main            d.u.i.k.p.i.AbstractProblemLoader Init config took 2.94s 
37899      INFO  main            d.u.i.k.p.i.AbstractProblemLoader Replaying proof constructor_contracts.key 
37901      DEBUG main            d.u.i.k.p.i.IntermediateProofReplayer Proof replay took 5.7ns 
38512      INFO  main            d.u.i.k.p.r.p.TestFile    ... finished proof: closed. 
38675      INFO  main            d.u.i.k.p.i.AbstractProblemLoader Loading environment from /home/runner/work/key/key/key.core/../key.ui/examples/heap/simple/constructor_contracts.key.proof 
38676      DEBUG main            d.u.i.k.p.i.AbstractProblemLoader Environment load took 122.5ns 
38677      INFO  main            d.u.i.k.p.i.AbstractProblemLoader Creating init config 
41500      DEBUG main            d.u.i.k.p.i.AbstractProblemLoader Init config took 2.82s 
41521      INFO  main            d.u.i.k.p.i.AbstractProblemLoader Replaying proof constructor_contracts.key.proof 
41640      DEBUG main            d.u.i.k.p.i.IntermediateProofReplayer Proof replay took 110.23ms 
41644      DEBUG main            d.u.i.k.p.r.p.TestFile    ... success: reloaded. 
41646      INFO  main            d.u.i.k.p.r.p.TestFile    Now processing file /home/runner/work/key/key/key.core/../key.ui/examples/heap/simple/dependencies.key 
41646      INFO  main            d.u.i.k.p.i.AbstractProblemLoader Loading environment from /home/runner/work/key/key/key.core/../key.ui/examples/heap/simple/dependencies.key 
41646      DEBUG main            d.u.i.k.p.i.AbstractProblemLoader Environment load took 106.3ns 
41648      INFO  main            d.u.i.k.p.i.AbstractProblemLoader Creating init config 
44264      DEBUG main            d.u.i.k.p.i.AbstractProblemLoader Init config took 2.62s 
44283      INFO  main            d.u.i.k.p.i.AbstractProblemLoader Replaying proof dependencies.key 
44285      DEBUG main            d.u.i.k.p.i.IntermediateProofReplayer Proof replay took 6.7ns 
44387      INFO  main            d.u.i.k.p.r.p.TestFile    ... finished proof: closed. 
44608      INFO  main            d.u.i.k.p.i.AbstractProblemLoader Loading environment from /home/runner/work/key/key/key.core/../key.ui/examples/heap/simple/dependencies.key.proof 
44608      DEBUG main            d.u.i.k.p.i.AbstractProblemLoader Environment load took 132.2ns 
44610      INFO  main            d.u.i.k.p.i.AbstractProblemLoader Creating init config 
47094      DEBUG main            d.u.i.k.p.i.AbstractProblemLoader Init config took 2.48s 
47116      INFO  main            d.u.i.k.p.i.AbstractProblemLoader Replaying proof dependencies.key.proof 
47125      DEBUG main            d.u.i.k.p.i.IntermediateProofReplayer Proof replay took 6.27ms 
47126      DEBUG main            d.u.i.k.p.r.p.TestFile    ... success: reloaded. 
47126      INFO  main            d.u.i.k.p.r.p.TestFile    Now processing file /home/runner/work/key/key/key.core/../key.ui/examples/heap/simple/dependency_contracts.key 
47127      INFO  main            d.u.i.k.p.i.AbstractProblemLoader Loading environment from /home/runner/work/key/key/key.core/../key.ui/examples/heap/simple/dependency_contracts.key 
47127      DEBUG main            d.u.i.k.p.i.AbstractProblemLoader Environment load took 91.6ns 
47128      INFO  main            d.u.i.k.p.i.AbstractProblemLoader Creating init config 
49892      DEBUG main            d.u.i.k.p.i.AbstractProblemLoader Init config took 2.76s 
49912      INFO  main            d.u.i.k.p.i.AbstractProblemLoader Replaying proof dependency_contracts.key 
49914      DEBUG main            d.u.i.k.p.i.IntermediateProofReplayer Proof replay took 6.7ns 
51139      INFO  main            d.u.i.k.p.r.p.TestFile    ... finished proof: closed. 
51323      INFO  main            d.u.i.k.p.i.AbstractProblemLoader Loading environment from /home/runner/work/key/key/key.core/../key.ui/examples/heap/simple/dependency_contracts.key.proof 
51324      DEBUG main            d.u.i.k.p.i.AbstractProblemLoader Environment load took 408.5ns 
51327      INFO  main            d.u.i.k.p.i.AbstractProblemLoader Creating init config 
54077      DEBUG main            d.u.i.k.p.i.AbstractProblemLoader Init config took 2.75s 
54097      INFO  main            d.u.i.k.p.i.AbstractProblemLoader Replaying proof dependency_contracts.key.proof 
54253      DEBUG main            d.u.i.k.p.i.IntermediateProofReplayer Proof replay took 145.91ms 
54255      DEBUG main            d.u.i.k.p.r.p.TestFile    ... success: reloaded. 
54256      INFO  main            d.u.i.k.p.r.p.TestFile    Now processing file /home/runner/work/key/key/key.core/../key.ui/examples/heap/simple/invariant_preservation.key 
54257      INFO  main            d.u.i.k.p.i.AbstractProblemLoader Loading environment from /home/runner/work/key/key/key.core/../key.ui/examples/heap/simple/invariant_preservation.key 
54257      DEBUG main            d.u.i.k.p.i.AbstractProblemLoader Environment load took 203.5ns 
54261      INFO  main            d.u.i.k.p.i.AbstractProblemLoader Creating init config 
57003      DEBUG main            d.u.i.k.p.i.AbstractProblemLoader Init config took 2.74s 
57021      INFO  main            d.u.i.k.p.i.AbstractProblemLoader Replaying proof invariant_preservation.key 
57023      DEBUG main            d.u.i.k.p.i.IntermediateProofReplayer Proof replay took 6.3ns 
57227      INFO  main            d.u.i.k.p.r.p.TestFile    ... finished proof: closed. 
57423      INFO  main            d.u.i.k.p.i.AbstractProblemLoader Loading environment from /home/runner/work/key/key/key.core/../key.ui/examples/heap/simple/invariant_preservation.key.proof 
57423      DEBUG main            d.u.i.k.p.i.AbstractProblemLoader Environment load took 112.4ns 
57425      INFO  main            d.u.i.k.p.i.AbstractProblemLoader Creating init config 
60080      DEBUG main            d.u.i.k.p.i.AbstractProblemLoader Init config took 2.65s 
60098      INFO  main            d.u.i.k.p.i.AbstractProblemLoader Replaying proof invariant_preservation.key.proof 
60122      DEBUG main            d.u.i.k.p.i.IntermediateProofReplayer Proof replay took 20.95ms 
60124      DEBUG main            d.u.i.k.p.r.p.TestFile    ... success: reloaded. 
60125      INFO  main            d.u.i.k.p.r.p.TestFile    Now processing file /home/runner/work/key/key/key.core/../key.ui/examples/heap/simple/locsets.key 
60125      INFO  main            d.u.i.k.p.i.AbstractProblemLoader Loading environment from /home/runner/work/key/key/key.core/../key.ui/examples/heap/simple/locsets.key 
60125      DEBUG main            d.u.i.k.p.i.AbstractProblemLoader Environment load took 208.6ns 
60126      INFO  main            d.u.i.k.p.i.AbstractProblemLoader Creating init config 
62575      DEBUG main            d.u.i.k.p.i.AbstractProblemLoader Init config took 2.45s 
62591      INFO  main            d.u.i.k.p.i.AbstractProblemLoader Replaying proof locsets.key 
62592      DEBUG main            d.u.i.k.p.i.IntermediateProofReplayer Proof replay took 6ns 
62693      INFO  main            d.u.i.k.p.r.p.TestFile    ... finished proof: closed. 
62877      INFO  main            d.u.i.k.p.i.AbstractProblemLoader Loading environment from /home/runner/work/key/key/key.core/../key.ui/examples/heap/simple/locsets.key.proof 
62877      DEBUG main            d.u.i.k.p.i.AbstractProblemLoader Environment load took 107.8ns 
62878      INFO  main            d.u.i.k.p.i.AbstractProblemLoader Creating init config 
65295      DEBUG main            d.u.i.k.p.i.AbstractProblemLoader Init config took 2.42s 
65311      INFO  main            d.u.i.k.p.i.AbstractProblemLoader Replaying proof locsets.key.proof 
65313      DEBUG main            d.u.i.k.p.i.IntermediateProofReplayer Proof replay took 1.1ms 
65314      DEBUG main            d.u.i.k.p.r.p.TestFile    ... success: reloaded. 
65315      INFO  main            d.u.i.k.p.r.p.TestFile    Now processing file /home/runner/work/key/key/key.core/../key.ui/examples/heap/simple/loop1.key 
65315      INFO  main            d.u.i.k.p.i.AbstractProblemLoader Loading environment from /home/runner/work/key/key/key.core/../key.ui/examples/heap/simple/loop1.key 
65315      DEBUG main            d.u.i.k.p.i.AbstractProblemLoader Environment load took 87.9ns 
65316      INFO  main            d.u.i.k.p.i.AbstractProblemLoader Creating init config 
68046      DEBUG main            d.u.i.k.p.i.AbstractProblemLoader Init config took 2.73s 
68063      INFO  main            d.u.i.k.p.i.AbstractProblemLoader Replaying proof loop1.key 
68064      DEBUG main            d.u.i.k.p.i.IntermediateProofReplayer Proof replay took 6.5ns 
68267      INFO  main            d.u.i.k.p.r.p.TestFile    ... finished proof: closed. 
68444      INFO  main            d.u.i.k.p.i.AbstractProblemLoader Loading environment from /home/runner/work/key/key/key.core/../key.ui/examples/heap/simple/loop1.key.proof 
68444      DEBUG main            d.u.i.k.p.i.AbstractProblemLoader Environment load took 112.1ns 
68446      INFO  main            d.u.i.k.p.i.AbstractProblemLoader Creating init config 
71121      DEBUG main            d.u.i.k.p.i.AbstractProblemLoader Init config took 2.67s 
71137      INFO  main            d.u.i.k.p.i.AbstractProblemLoader Replaying proof loop1.key.proof 
71187      DEBUG main            d.u.i.k.p.i.IntermediateProofReplayer Proof replay took 47.98ms 
71188      DEBUG main            d.u.i.k.p.r.p.TestFile    ... success: reloaded. 
71189      INFO  main            d.u.i.k.p.r.p.TestFile    Now processing file /home/runner/work/key/key/key.core/../key.ui/examples/heap/simple/loop2.key 
71189      INFO  main            d.u.i.k.p.i.AbstractProblemLoader Loading environment from /home/runner/work/key/key/key.core/../key.ui/examples/heap/simple/loop2.key 
71190      DEBUG main            d.u.i.k.p.i.AbstractProblemLoader Environment load took 91.5ns 
71191      INFO  main            d.u.i.k.p.i.AbstractProblemLoader Creating init config 
73956      DEBUG main            d.u.i.k.p.i.AbstractProblemLoader Init config took 2.77s 
73973      INFO  main            d.u.i.k.p.i.AbstractProblemLoader Replaying proof loop2.key 
73975      DEBUG main            d.u.i.k.p.i.IntermediateProofReplayer Proof replay took 6ns 
74578      INFO  main            d.u.i.k.p.r.p.TestFile    ... finished proof: closed. 
74784      INFO  main            d.u.i.k.p.i.AbstractProblemLoader Loading environment from /home/runner/work/key/key/key.core/../key.ui/examples/heap/simple/loop2.key.proof 
74784      DEBUG main            d.u.i.k.p.i.AbstractProblemLoader Environment load took 104.5ns 
74785      INFO  main            d.u.i.k.p.i.AbstractProblemLoader Creating init config 
77400      DEBUG main            d.u.i.k.p.i.AbstractProblemLoader Init config took 2.61s 
77419      INFO  main            d.u.i.k.p.i.AbstractProblemLoader Replaying proof loop2.key.proof 
77498      DEBUG main            d.u.i.k.p.i.IntermediateProofReplayer Proof replay took 74.19ms 
77499      DEBUG main            d.u.i.k.p.r.p.TestFile    ... success: reloaded. 
77500      INFO  main            d.u.i.k.p.r.p.TestFile    Now processing file /home/runner/work/key/key/key.core/../key.ui/examples/heap/simple/modifies_datagroup.key 
77500      INFO  main            d.u.i.k.p.i.AbstractProblemLoader Loading environment from /home/runner/work/key/key/key.core/../key.ui/examples/heap/simple/modifies_datagroup.key 
77500      DEBUG main            d.u.i.k.p.i.AbstractProblemLoader Environment load took 81.5ns 
77501      INFO  main            d.u.i.k.p.i.AbstractProblemLoader Creating init config 
79952      DEBUG main            d.u.i.k.p.i.AbstractProblemLoader Init config took 2.45s 
79970      INFO  main            d.u.i.k.p.i.AbstractProblemLoader Replaying proof modifies_datagroup.key 
79971      DEBUG main            d.u.i.k.p.i.IntermediateProofReplayer Proof replay took 5.7ns 
80073      INFO  main            d.u.i.k.p.r.p.TestFile    ... finished proof: closed. 
80288      INFO  main            d.u.i.k.p.i.AbstractProblemLoader Loading environment from /home/runner/work/key/key/key.core/../key.ui/examples/heap/simple/modifies_datagroup.key.proof 
80288      DEBUG main            d.u.i.k.p.i.AbstractProblemLoader Environment load took 101.7ns 
80289      INFO  main            d.u.i.k.p.i.AbstractProblemLoader Creating init config 
82672      DEBUG main            d.u.i.k.p.i.AbstractProblemLoader Init config took 2.38s 
82687      INFO  main            d.u.i.k.p.i.AbstractProblemLoader Replaying proof modifies_datagroup.key.proof 
82690      DEBUG main            d.u.i.k.p.i.IntermediateProofReplayer Proof replay took 2.27ms 
82691      DEBUG main            d.u.i.k.p.r.p.TestFile    ... success: reloaded. 
82692      INFO  main            d.u.i.k.p.r.p.TestFile    Now processing file /home/runner/work/key/key/key.core/../key.ui/examples/heap/simple/modifies.key 
82692      INFO  main            d.u.i.k.p.i.AbstractProblemLoader Loading environment from /home/runner/work/key/key/key.core/../key.ui/examples/heap/simple/modifies.key 
82692      DEBUG main            d.u.i.k.p.i.AbstractProblemLoader Environment load took 87.2ns 
82694      INFO  main            d.u.i.k.p.i.AbstractProblemLoader Creating init config 
85138      DEBUG main            d.u.i.k.p.i.AbstractProblemLoader Init config took 2.44s 
85153      INFO  main            d.u.i.k.p.i.AbstractProblemLoader Replaying proof modifies.key 
85154      DEBUG main            d.u.i.k.p.i.IntermediateProofReplayer Proof replay took 5.3ns 
85258      INFO  main            d.u.i.k.p.r.p.TestFile    ... finished proof: closed. 
85462      INFO  main            d.u.i.k.p.i.AbstractProblemLoader Loading environment from /home/runner/work/key/key/key.core/../key.ui/examples/heap/simple/modifies.key.proof 
85463      DEBUG main            d.u.i.k.p.i.AbstractProblemLoader Environment load took 105.6ns 
85464      INFO  main            d.u.i.k.p.i.AbstractProblemLoader Creating init config 
87848      DEBUG main            d.u.i.k.p.i.AbstractProblemLoader Init config took 2.38s 
87862      INFO  main            d.u.i.k.p.i.AbstractProblemLoader Replaying proof modifies.key.proof 
87873      DEBUG main            d.u.i.k.p.i.IntermediateProofReplayer Proof replay took 8.68ms 
87874      DEBUG main            d.u.i.k.p.r.p.TestFile    ... success: reloaded. 
87874      INFO  main            d.u.i.k.p.r.p.TestFile    Now processing file /home/runner/work/key/key/key.core/../key.ui/examples/heap/simple/object_creation.key 
87874      INFO  main            d.u.i.k.p.i.AbstractProblemLoader Loading environment from /home/runner/work/key/key/key.core/../key.ui/examples/heap/simple/object_creation.key 
87874      DEBUG main            d.u.i.k.p.i.AbstractProblemLoader Environment load took 83.5ns 
87875      INFO  main            d.u.i.k.p.i.AbstractProblemLoader Creating init config 
90310      DEBUG main            d.u.i.k.p.i.AbstractProblemLoader Init config took 2.43s 
90325      INFO  main            d.u.i.k.p.i.AbstractProblemLoader Replaying proof object_creation.key 
90326      DEBUG main            d.u.i.k.p.i.IntermediateProofReplayer Proof replay took 6.5ns 
90530      INFO  main            d.u.i.k.p.r.p.TestFile    ... finished proof: closed. 
90732      INFO  main            d.u.i.k.p.i.AbstractProblemLoader Loading environment from /home/runner/work/key/key/key.core/../key.ui/examples/heap/simple/object_creation.key.proof 
90733      DEBUG main            d.u.i.k.p.i.AbstractProblemLoader Environment load took 113.9ns 
90737      INFO  main            d.u.i.k.p.i.AbstractProblemLoader Creating init config 
93108      DEBUG main            d.u.i.k.p.i.AbstractProblemLoader Init config took 2.37s 
93123      INFO  main            d.u.i.k.p.i.AbstractProblemLoader Replaying proof object_creation.key.proof 
93160      DEBUG main            d.u.i.k.p.i.IntermediateProofReplayer Proof replay took 34.58ms 
93161      DEBUG main            d.u.i.k.p.r.p.TestFile    ... success: reloaded. 
93162      INFO  main            d.u.i.k.p.r.p.TestFile    Now processing file /home/runner/work/key/key/key.core/../key.ui/examples/heap/simple/operation_contracts.key 
93162      INFO  main            d.u.i.k.p.i.AbstractProblemLoader Loading environment from /home/runner/work/key/key/key.core/../key.ui/examples/heap/simple/operation_contracts.key 
93162      DEBUG main            d.u.i.k.p.i.AbstractProblemLoader Environment load took 93.6ns 
93164      INFO  main            d.u.i.k.p.i.AbstractProblemLoader Creating init config 
95841      DEBUG main            d.u.i.k.p.i.AbstractProblemLoader Init config took 2.68s 
95856      INFO  main            d.u.i.k.p.i.AbstractProblemLoader Replaying proof operation_contracts.key 
95858      DEBUG main            d.u.i.k.p.i.IntermediateProofReplayer Proof replay took 5.4ns 
96569      INFO  main            d.u.i.k.p.r.p.TestFile    ... finished proof: closed. 
96802      INFO  main            d.u.i.k.p.i.AbstractProblemLoader Loading environment from /home/runner/work/key/key/key.core/../key.ui/examples/heap/simple/operation_contracts.key.proof 
96802      DEBUG main            d.u.i.k.p.i.AbstractProblemLoader Environment load took 112.2ns 
96805      INFO  main            d.u.i.k.p.i.AbstractProblemLoader Creating init config 
99395      DEBUG main            d.u.i.k.p.i.AbstractProblemLoader Init config took 2.59s 
99410      INFO  main            d.u.i.k.p.i.AbstractProblemLoader Replaying proof operation_contracts.key.proof 
99503      DEBUG main            d.u.i.k.p.i.IntermediateProofReplayer Proof replay took 85.51ms 
99505      DEBUG main            d.u.i.k.p.r.p.TestFile    ... success: reloaded. 
99506      INFO  main            d.u.i.k.p.r.p.TestFile    Now processing file /home/runner/work/key/key/key.core/../key.ui/examples/heap/simple/select_store.key 
99506      INFO  main            d.u.i.k.p.i.AbstractProblemLoader Loading environment from /home/runner/work/key/key/key.core/../key.ui/examples/heap/simple/select_store.key 
99506      DEBUG main            d.u.i.k.p.i.AbstractProblemLoader Environment load took 192.3ns 
99507      INFO  main            d.u.i.k.p.i.AbstractProblemLoader Creating init config 
101921     DEBUG main            d.u.i.k.p.i.AbstractProblemLoader Init config took 2.41s 
101934     INFO  main            d.u.i.k.p.i.AbstractProblemLoader Replaying proof select_store.key 
101935     DEBUG main            d.u.i.k.p.i.IntermediateProofReplayer Proof replay took 5.4ns 
102037     INFO  main            d.u.i.k.p.r.p.TestFile    ... finished proof: closed. 
102265     INFO  main            d.u.i.k.p.i.AbstractProblemLoader Loading environment from /home/runner/work/key/key/key.core/../key.ui/examples/heap/simple/select_store.key.proof 
102265     DEBUG main            d.u.i.k.p.i.AbstractProblemLoader Environment load took 129.4ns 
102266     INFO  main            d.u.i.k.p.i.AbstractProblemLoader Creating init config 
104614     DEBUG main            d.u.i.k.p.i.AbstractProblemLoader Init config took 2.35s 
104629     INFO  main            d.u.i.k.p.i.AbstractProblemLoader Replaying proof select_store.key.proof 
104632     DEBUG main            d.u.i.k.p.i.IntermediateProofReplayer Proof replay took 1.85ms 
104633     DEBUG main            d.u.i.k.p.r.p.TestFile    ... success: reloaded. 
104633     INFO  main            d.u.i.k.p.r.p.TestFile    Now processing file /home/runner/work/key/key/key.core/../key.ui/examples/heap/simple/selection_sort.key 
104634     INFO  main            d.u.i.k.p.i.AbstractProblemLoader Loading environment from /home/runner/work/key/key/key.core/../key.ui/examples/heap/simple/selection_sort.key 
104634     DEBUG main            d.u.i.k.p.i.AbstractProblemLoader Environment load took 67.1ns 
104635     INFO  main            d.u.i.k.p.i.AbstractProblemLoader Creating init config 
107284     DEBUG main            d.u.i.k.p.i.AbstractProblemLoader Init config took 2.65s 
107298     INFO  main            d.u.i.k.p.i.AbstractProblemLoader Replaying proof selection_sort.key 
107300     DEBUG main            d.u.i.k.p.i.IntermediateProofReplayer Proof replay took 5.8ns 
110679     INFO  main            d.u.i.k.p.r.p.TestFile    ... finished proof: closed. 
110937     INFO  main            d.u.i.k.p.i.AbstractProblemLoader Loading environment from /home/runner/work/key/key/key.core/../key.ui/examples/heap/simple/selection_sort.key.proof 
110937     DEBUG main            d.u.i.k.p.i.AbstractProblemLoader Environment load took 391.9ns 
110939     INFO  main            d.u.i.k.p.i.AbstractProblemLoader Creating init config 
113554     DEBUG main            d.u.i.k.p.i.AbstractProblemLoader Init config took 2.62s 
113568     INFO  main            d.u.i.k.p.i.AbstractProblemLoader Replaying proof selection_sort.key.proof 
113957     DEBUG main            d.u.i.k.p.i.IntermediateProofReplayer Proof replay took 359.7ms 
113958     DEBUG main            d.u.i.k.p.r.p.TestFile    ... success: reloaded. 
113959     INFO  main            d.u.i.k.p.r.p.TestFile    Now processing file /home/runner/work/key/key/key.core/../key.ui/examples/heap/simple/seq.key 
113960     INFO  main            d.u.i.k.p.i.AbstractProblemLoader Loading environment from /home/runner/work/key/key/key.core/../key.ui/examples/heap/simple/seq.key 
113960     DEBUG main            d.u.i.k.p.i.AbstractProblemLoader Environment load took 200.3ns 
113961     INFO  main            d.u.i.k.p.i.AbstractProblemLoader Creating init config 
116345     DEBUG main            d.u.i.k.p.i.AbstractProblemLoader Init config took 2.38s 
116359     INFO  main            d.u.i.k.p.i.AbstractProblemLoader Replaying proof seq.key 
116360     DEBUG main            d.u.i.k.p.i.IntermediateProofReplayer Proof replay took 6ns 
116768     INFO  main            d.u.i.k.p.r.p.TestFile    ... finished proof: closed. 
117035     INFO  main            d.u.i.k.p.i.AbstractProblemLoader Loading environment from /home/runner/work/key/key/key.core/../key.ui/examples/heap/simple/seq.key.proof 
117035     DEBUG main            d.u.i.k.p.i.AbstractProblemLoader Environment load took 96.3ns 
117036     INFO  main            d.u.i.k.p.i.AbstractProblemLoader Creating init config 
119370     DEBUG main            d.u.i.k.p.i.AbstractProblemLoader Init config took 2.33s 
119384     INFO  main            d.u.i.k.p.i.AbstractProblemLoader Replaying proof seq.key.proof 
119411     DEBUG main            d.u.i.k.p.i.IntermediateProofReplayer Proof replay took 22.67ms 
119412     DEBUG main            d.u.i.k.p.r.p.TestFile    ... success: reloaded. 
119412     INFO  main            d.u.i.k.p.r.p.TestFile    Now processing file /home/runner/work/key/key/key.core/../key.ui/examples/heap/simple/oldForParams.key 
119413     INFO  main            d.u.i.k.p.i.AbstractProblemLoader Loading environment from /home/runner/work/key/key/key.core/../key.ui/examples/heap/simple/oldForParams.key 
119413     DEBUG main            d.u.i.k.p.i.AbstractProblemLoader Environment load took 80.6ns 
119414     INFO  main            d.u.i.k.p.i.AbstractProblemLoader Creating init config 
122030     DEBUG main            d.u.i.k.p.i.AbstractProblemLoader Init config took 2.62s 
122086     INFO  main            d.u.i.k.p.i.AbstractProblemLoader Replaying proof OldForParameters[OldForParameters::method(int)].JML operation contract.0 
122088     DEBUG main            d.u.i.k.p.i.IntermediateProofReplayer Proof replay took 5.4ns 
122291     INFO  main            d.u.i.k.p.r.p.TestFile    ... finished proof: closed. 
122539     INFO  main            d.u.i.k.p.i.AbstractProblemLoader Loading environment from /home/runner/work/key/key/key.core/../key.ui/examples/heap/simple/oldForParams.key.proof 
122539     DEBUG main            d.u.i.k.p.i.AbstractProblemLoader Environment load took 95.3ns 
122540     INFO  main            d.u.i.k.p.i.AbstractProblemLoader Creating init config 
125112     DEBUG main            d.u.i.k.p.i.AbstractProblemLoader Init config took 2.57s 
125150     INFO  main            d.u.i.k.p.i.AbstractProblemLoader Replaying proof OldForParameters[OldForParameters::method(int)].JML operation contract.0 
125184     DEBUG main            d.u.i.k.p.i.IntermediateProofReplayer Proof replay took 30.88ms 
125185     DEBUG main            d.u.i.k.p.r.p.TestFile    ... success: reloaded. 
125185     INFO  main            d.u.i.k.p.r.p.TestFile    Now processing file /home/runner/work/key/key/key.core/../key.ui/examples/heap/simple/parse_lmtd.key 
125186     INFO  main            d.u.i.k.p.i.AbstractProblemLoader Loading environment from /home/runner/work/key/key/key.core/../key.ui/examples/heap/simple/parse_lmtd.key 
125186     DEBUG main            d.u.i.k.p.i.AbstractProblemLoader Environment load took 83.2ns 
125187     INFO  main            d.u.i.k.p.i.AbstractProblemLoader Creating init config 
127825     DEBUG main            d.u.i.k.p.i.AbstractProblemLoader Init config took 2.64s 
127864     INFO  main            d.u.i.k.p.i.AbstractProblemLoader Replaying proof ParseLmtd[ParseLmtd::simple(int)].JML normal_behavior operation contract.0 
127865     DEBUG main            d.u.i.k.p.i.IntermediateProofReplayer Proof replay took 4.4ns 
127966     INFO  main            d.u.i.k.p.r.p.TestFile    ... finished proof: closed. 
128204     INFO  main            d.u.i.k.p.i.AbstractProblemLoader Loading environment from /home/runner/work/key/key/key.core/../key.ui/examples/heap/simple/parse_lmtd.key.proof 
128205     DEBUG main            d.u.i.k.p.i.AbstractProblemLoader Environment load took 99.1ns 
128205     INFO  main            d.u.i.k.p.i.AbstractProblemLoader Creating init config 
130776     DEBUG main            d.u.i.k.p.i.AbstractProblemLoader Init config took 2.57s 
130813     INFO  main            d.u.i.k.p.i.AbstractProblemLoader Replaying proof ParseLmtd[ParseLmtd::simple(int)].JML normal_behavior operation contract.0 
130831     DEBUG main            d.u.i.k.p.i.IntermediateProofReplayer Proof replay took 15.17ms 
130832     DEBUG main            d.u.i.k.p.r.p.TestFile    ... success: reloaded. 
130835     INFO  main            d.u.i.k.p.r.p.TestFile    Now processing file /home/runner/work/key/key/key.core/../key.ui/examples/heap/strictly_pure/strictlyPureMethod.key 
130835     INFO  main            d.u.i.k.p.i.AbstractProblemLoader Loading environment from /home/runner/work/key/key/key.core/../key.ui/examples/heap/strictly_pure/strictlyPureMethod.key 
130835     DEBUG main            d.u.i.k.p.i.AbstractProblemLoader Environment load took 194.4ns 
130836     INFO  main            d.u.i.k.p.i.AbstractProblemLoader Creating init config 
133338     DEBUG main            d.u.i.k.p.i.AbstractProblemLoader Init config took 2.5s 
133374     INFO  main            d.u.i.k.p.i.AbstractProblemLoader Replaying proof StrictlyPure[StrictlyPure::strictlyPureMethod()].JML operation contract.0 
133375     DEBUG main            d.u.i.k.p.i.IntermediateProofReplayer Proof replay took 5.9ns 
133581     INFO  main            d.u.i.k.p.r.p.TestFile    ... finished proof: closed. 
133816     INFO  main            d.u.i.k.p.i.AbstractProblemLoader Loading environment from /home/runner/work/key/key/key.core/../key.ui/examples/heap/strictly_pure/strictlyPureMethod.key.proof 
133816     DEBUG main            d.u.i.k.p.i.AbstractProblemLoader Environment load took 98.1ns 
133817     INFO  main            d.u.i.k.p.i.AbstractProblemLoader Creating init config 
136251     DEBUG main            d.u.i.k.p.i.AbstractProblemLoader Init config took 2.43s 
136293     INFO  main            d.u.i.k.p.i.AbstractProblemLoader Replaying proof StrictlyPure[StrictlyPure::strictlyPureMethod()].JML operation contract.0 
136333     DEBUG main            d.u.i.k.p.i.IntermediateProofReplayer Proof replay took 37.87ms 
136334     DEBUG main            d.u.i.k.p.r.p.TestFile    ... success: reloaded. 
136335     INFO  main            d.u.i.k.p.r.p.TestFile    Now processing file /home/runner/work/key/key/key.core/../key.ui/examples/heap/strictly_pure/useStrictlyPureMethod.key 
136336     INFO  main            d.u.i.k.p.i.AbstractProblemLoader Loading environment from /home/runner/work/key/key/key.core/../key.ui/examples/heap/strictly_pure/useStrictlyPureMethod.key 
136336     DEBUG main            d.u.i.k.p.i.AbstractProblemLoader Environment load took 202.1ns 
136337     INFO  main            d.u.i.k.p.i.AbstractProblemLoader Creating init config 
138836     DEBUG main            d.u.i.k.p.i.AbstractProblemLoader Init config took 2.5s 
138870     INFO  main            d.u.i.k.p.i.AbstractProblemLoader Replaying proof StrictlyPure[StrictlyPure::useStrictlyPureMethod(StrictlyPureClass)].JML operation contract.0 
138871     DEBUG main            d.u.i.k.p.i.IntermediateProofReplayer Proof replay took 4.9ns 
139075     INFO  main            d.u.i.k.p.r.p.TestFile    ... finished proof: closed. 
139324     INFO  main            d.u.i.k.p.i.AbstractProblemLoader Loading environment from /home/runner/work/key/key/key.core/../key.ui/examples/heap/strictly_pure/useStrictlyPureMethod.key.proof 
139324     DEBUG main            d.u.i.k.p.i.AbstractProblemLoader Environment load took 95.9ns 
139325     INFO  main            d.u.i.k.p.i.AbstractProblemLoader Creating init config 
141767     DEBUG main            d.u.i.k.p.i.AbstractProblemLoader Init config took 2.44s 
141801     INFO  main            d.u.i.k.p.i.AbstractProblemLoader Replaying proof StrictlyPure[StrictlyPure::useStrictlyPureMethod(StrictlyPureClass)].JML operation contract.0 
141841     DEBUG main            d.u.i.k.p.i.IntermediateProofReplayer Proof replay took 37.14ms 
141842     DEBUG main            d.u.i.k.p.r.p.TestFile    ... success: reloaded. 
141842     INFO  main            d.u.i.k.p.r.p.TestFile    Now processing file /home/runner/work/key/key/key.core/../key.ui/examples/heap/Wellfounded/ackermann.key 
141843     INFO  main            d.u.i.k.p.i.AbstractProblemLoader Loading environment from /home/runner/work/key/key/key.core/../key.ui/examples/heap/Wellfounded/ackermann.key 
141843     DEBUG main            d.u.i.k.p.i.AbstractProblemLoader Environment load took 83.4ns 
141844     INFO  main            d.u.i.k.p.i.AbstractProblemLoader Creating init config 
144338     DEBUG main            d.u.i.k.p.i.AbstractProblemLoader Init config took 2.49s 
144389     INFO  main            d.u.i.k.p.i.AbstractProblemLoader Replaying proof Ackermann[Ackermann::a(int,int)].JML normal_behavior operation contract.0 
144391     DEBUG main            d.u.i.k.p.i.IntermediateProofReplayer Proof replay took 5.5ns 
144693     INFO  main            d.u.i.k.p.r.p.TestFile    ... finished proof: closed. 
145014     INFO  main            d.u.i.k.p.i.AbstractProblemLoader Loading environment from /home/runner/work/key/key/key.core/../key.ui/examples/heap/Wellfounded/ackermann.key.proof 
145014     DEBUG main            d.u.i.k.p.i.AbstractProblemLoader Environment load took 93ns 
145015     INFO  main            d.u.i.k.p.i.AbstractProblemLoader Creating init config 
147460     DEBUG main            d.u.i.k.p.i.AbstractProblemLoader Init config took 2.44s 
147493     INFO  main            d.u.i.k.p.i.AbstractProblemLoader Replaying proof Ackermann[Ackermann::a(int,int)].JML normal_behavior operation contract.0 
147539     DEBUG main            d.u.i.k.p.i.IntermediateProofReplayer Proof replay took 41.92ms 
147540     DEBUG main            d.u.i.k.p.r.p.TestFile    ... success: reloaded. 
147541     INFO  main            d.u.i.k.p.r.p.TestFile    Now processing file /home/runner/work/key/key/key.core/../key.ui/examples/standard_key/unicode_test.key 
147541     INFO  main            d.u.i.k.p.i.AbstractProblemLoader Loading environment from /home/runner/work/key/key/key.core/../key.ui/examples/standard_key/unicode_test.key 
147541     DEBUG main            d.u.i.k.p.i.AbstractProblemLoader Environment load took 205.5ns 
147543     INFO  main            d.u.i.k.p.i.AbstractProblemLoader Creating init config 
149939     DEBUG main            d.u.i.k.p.i.AbstractProblemLoader Init config took 2.4s 
149953     INFO  main            d.u.i.k.p.i.AbstractProblemLoader Replaying proof unicode_test.key 
149955     DEBUG main            d.u.i.k.p.i.IntermediateProofReplayer Proof replay took 5.7ns 
150057     INFO  main            d.u.i.k.p.r.p.TestFile    ... finished proof: closed. 
150308     INFO  main            d.u.i.k.p.i.AbstractProblemLoader Loading environment from /home/runner/work/key/key/key.core/../key.ui/examples/standard_key/unicode_test.key.proof 
150308     DEBUG main            d.u.i.k.p.i.AbstractProblemLoader Environment load took 91.6ns 
150308     INFO  main            d.u.i.k.p.i.AbstractProblemLoader Creating init config 
152659     DEBUG main            d.u.i.k.p.i.AbstractProblemLoader Init config took 2.35s 
152671     INFO  main            d.u.i.k.p.i.AbstractProblemLoader Replaying proof unicode_test.key.proof 
152674     DEBUG main            d.u.i.k.p.i.IntermediateProofReplayer Proof replay took 319.8ns 
152676     DEBUG main            d.u.i.k.p.r.p.TestFile    ... success: reloaded. 
152677     INFO  main            d.u.i.k.p.r.p.TestFile    Now processing file /home/runner/work/key/key/key.core/../key.ui/examples/heap/strictlyModular/mayExpand.key 
152678     INFO  main            d.u.i.k.p.i.AbstractProblemLoader Loading environment from /home/runner/work/key/key/key.core/../key.ui/examples/heap/strictlyModular/mayExpand.key 
152683     DEBUG main            d.u.i.k.p.i.AbstractProblemLoader Environment load took 5.29ms 
152685     INFO  main            d.u.i.k.p.i.AbstractProblemLoader Creating init config 
155156     DEBUG main            d.u.i.k.p.i.AbstractProblemLoader Init config took 2.47s 
155190     INFO  main            d.u.i.k.p.i.AbstractProblemLoader Replaying proof Modular[Modular::m()].JML operation contract.0 
155191     DEBUG main            d.u.i.k.p.i.IntermediateProofReplayer Proof replay took 5.1ns 
155294     INFO  main            d.u.i.k.p.r.p.TestFile    ... finished proof: closed. 
155554     INFO  main            d.u.i.k.p.i.AbstractProblemLoader Loading environment from /home/runner/work/key/key/key.core/../key.ui/examples/heap/strictlyModular/mayExpand.key.proof 
155554     DEBUG main            d.u.i.k.p.i.AbstractProblemLoader Environment load took 81.3ns 
155556     INFO  main            d.u.i.k.p.i.AbstractProblemLoader Creating init config 
157949     DEBUG main            d.u.i.k.p.i.AbstractProblemLoader Init config took 2.39s 
157983     INFO  main            d.u.i.k.p.i.AbstractProblemLoader Replaying proof Modular[Modular::m()].JML operation contract.0 
157995     DEBUG main            d.u.i.k.p.i.IntermediateProofReplayer Proof replay took 10.46ms 
157996     DEBUG main            d.u.i.k.p.r.p.TestFile    ... success: reloaded. 
157997     INFO  main            d.u.i.k.p.r.p.TestFile    Now processing file /home/runner/work/key/key/key.core/../key.ui/examples/heap/strictlyModular/modularOnly.key 
157997     INFO  main            d.u.i.k.p.i.AbstractProblemLoader Loading environment from /home/runner/work/key/key/key.core/../key.ui/examples/heap/strictlyModular/modularOnly.key 
157998     DEBUG main            d.u.i.k.p.i.AbstractProblemLoader Environment load took 179.3ns 
157999     INFO  main            d.u.i.k.p.i.AbstractProblemLoader Creating init config 
160456     DEBUG main            d.u.i.k.p.i.AbstractProblemLoader Init config took 2.46s 
160489     INFO  main            d.u.i.k.p.i.AbstractProblemLoader Replaying proof Modular[Modular::m()].JML operation contract.0 
160490     DEBUG main            d.u.i.k.p.i.IntermediateProofReplayer Proof replay took 5ns 
160592     INFO  main            d.u.i.k.p.r.p.TestFile    ... finished proof: open goal(s) 
1825204    INFO  Test worker     d.u.i.k.p.r.RunAllProofsTestUnit Returning from test simpleTests 
1825205    INFO  Test worker     d.u.i.k.p.r.RunAllProofsTestUnit Running test SmansEtAl 
334        INFO  Timeout watchdog d.u.i.k.p.r.p.ForkedTestFileRunner Timeout watcher launched (2000 secs.) 
337        WARN  main            d.u.i.k.s.ProofSettings   The settings in /home/runner/.key/proof-settings.props are *not* read. 
374        INFO  main            d.u.i.k.p.r.p.TestFile    Now processing file /home/runner/work/key/key/key.core/../key.ui/examples/heap/SmansEtAl/ArrayList_add.key 
482        INFO  main            d.u.i.k.p.i.AbstractProblemLoader Loading environment from /home/runner/work/key/key/key.core/../key.ui/examples/heap/SmansEtAl/ArrayList_add.key 
498        DEBUG main            d.u.i.k.p.i.AbstractProblemLoader Environment load took 2.08ms 
709        INFO  main            d.u.i.k.p.i.AbstractProblemLoader Creating init config 
1529       DEBUG main            d.u.i.k.j.TypeConverter   No LDT found for Meta 
1531       DEBUG main            d.u.i.k.j.TypeConverter   No LDT found for Meta 
1533       DEBUG main            d.u.i.k.j.TypeConverter   No LDT found for Meta 
1536       DEBUG main            d.u.i.k.j.TypeConverter   No LDT found for Meta 
2949       DEBUG main            d.u.i.k.j.TypeConverter   No LDT found for JavaBigintExpression 
7837       DEBUG main            d.u.i.k.p.i.AbstractProblemLoader Init config took 7.13s 
7963       INFO  main            d.u.i.k.p.i.AbstractProblemLoader Replaying proof ArrayList[ArrayList::add(java.lang.Object)].JML normal_behavior operation contract.0 
7992       DEBUG main            d.u.i.k.p.i.IntermediateProofReplayer Proof replay took 32.4ns 
15076      INFO  main            d.u.i.k.p.r.p.TestFile    ... finished proof: closed. 
15282      INFO  main            d.u.i.k.p.i.AbstractProblemLoader Loading environment from /home/runner/work/key/key/key.core/../key.ui/examples/heap/SmansEtAl/ArrayList_add.key.proof 
15282      DEBUG main            d.u.i.k.p.i.AbstractProblemLoader Environment load took 146.8ns 
15285      INFO  main            d.u.i.k.p.i.AbstractProblemLoader Creating init config 
18196      DEBUG main            d.u.i.k.p.i.AbstractProblemLoader Init config took 2.91s 
18262      INFO  main            d.u.i.k.p.i.AbstractProblemLoader Replaying proof ArrayList[ArrayList::add(java.lang.Object)].JML normal_behavior operation contract.0 
18996      DEBUG main            d.u.i.k.p.i.IntermediateProofReplayer Proof replay took 703.56ms 
19004      DEBUG main            d.u.i.k.p.r.p.TestFile    ... success: reloaded. 
19006      INFO  main            d.u.i.k.p.r.p.TestFile    Now processing file /home/runner/work/key/key/key.core/../key.ui/examples/heap/SmansEtAl/ArrayList_ArrayList.key 
19007      INFO  main            d.u.i.k.p.i.AbstractProblemLoader Loading environment from /home/runner/work/key/key/key.core/../key.ui/examples/heap/SmansEtAl/ArrayList_ArrayList.key 
19007      DEBUG main            d.u.i.k.p.i.AbstractProblemLoader Environment load took 268.2ns 
19008      INFO  main            d.u.i.k.p.i.AbstractProblemLoader Creating init config 
21766      DEBUG main            d.u.i.k.p.i.AbstractProblemLoader Init config took 2.76s 
21824      INFO  main            d.u.i.k.p.i.AbstractProblemLoader Replaying proof ArrayList[ArrayList::ArrayList()].JML normal_behavior operation contract.0 
21827      DEBUG main            d.u.i.k.p.i.IntermediateProofReplayer Proof replay took 5.8ns 
22731      INFO  main            d.u.i.k.p.r.p.TestFile    ... finished proof: closed. 
22885      INFO  main            d.u.i.k.p.i.AbstractProblemLoader Loading environment from /home/runner/work/key/key/key.core/../key.ui/examples/heap/SmansEtAl/ArrayList_ArrayList.key.proof 
22886      DEBUG main            d.u.i.k.p.i.AbstractProblemLoader Environment load took 384.7ns 
22887      INFO  main            d.u.i.k.p.i.AbstractProblemLoader Creating init config 
25688      DEBUG main            d.u.i.k.p.i.AbstractProblemLoader Init config took 2.8s 
25739      INFO  main            d.u.i.k.p.i.AbstractProblemLoader Replaying proof ArrayList[ArrayList::ArrayList()].JML normal_behavior operation contract.0 
25860      DEBUG main            d.u.i.k.p.i.IntermediateProofReplayer Proof replay took 112.98ms 
25861      DEBUG main            d.u.i.k.p.r.p.TestFile    ... success: reloaded. 
25863      INFO  main            d.u.i.k.p.r.p.TestFile    Now processing file /home/runner/work/key/key/key.core/../key.ui/examples/heap/SmansEtAl/ArrayList_footprint.key 
25863      INFO  main            d.u.i.k.p.i.AbstractProblemLoader Loading environment from /home/runner/work/key/key/key.core/../key.ui/examples/heap/SmansEtAl/ArrayList_footprint.key 
25863      DEBUG main            d.u.i.k.p.i.AbstractProblemLoader Environment load took 205.4ns 
25864      INFO  main            d.u.i.k.p.i.AbstractProblemLoader Creating init config 
28582      DEBUG main            d.u.i.k.p.i.AbstractProblemLoader Init config took 2.72s 
28631      INFO  main            d.u.i.k.p.i.AbstractProblemLoader Replaying proof ArrayList[ArrayList::$footprint()].JML accessible clause.0 
28633      DEBUG main            d.u.i.k.p.i.IntermediateProofReplayer Proof replay took 5.2ns 
28735      INFO  main            d.u.i.k.p.r.p.TestFile    ... finished proof: closed. 
28852      INFO  main            d.u.i.k.p.i.AbstractProblemLoader Loading environment from /home/runner/work/key/key/key.core/../key.ui/examples/heap/SmansEtAl/ArrayList_footprint.key.proof 
28853      DEBUG main            d.u.i.k.p.i.AbstractProblemLoader Environment load took 112.2ns 
28854      INFO  main            d.u.i.k.p.i.AbstractProblemLoader Creating init config 
31536      DEBUG main            d.u.i.k.p.i.AbstractProblemLoader Init config took 2.68s 
31598      INFO  main            d.u.i.k.p.i.AbstractProblemLoader Replaying proof ArrayList[ArrayList::$footprint()].JML accessible clause.0 
31614      DEBUG main            d.u.i.k.p.i.IntermediateProofReplayer Proof replay took 10.7ms 
31615      DEBUG main            d.u.i.k.p.r.p.TestFile    ... success: reloaded. 
31621      INFO  main            d.u.i.k.p.r.p.TestFile    Now processing file /home/runner/work/key/key/key.core/../key.ui/examples/heap/SmansEtAl/ArrayList_get_dep.key 
31621      INFO  main            d.u.i.k.p.i.AbstractProblemLoader Loading environment from /home/runner/work/key/key/key.core/../key.ui/examples/heap/SmansEtAl/ArrayList_get_dep.key 
31622      DEBUG main            d.u.i.k.p.i.AbstractProblemLoader Environment load took 369.6ns 
31623      INFO  main            d.u.i.k.p.i.AbstractProblemLoader Creating init config 
34323      DEBUG main            d.u.i.k.p.i.AbstractProblemLoader Init config took 2.7s 
34369      INFO  main            d.u.i.k.p.i.AbstractProblemLoader Replaying proof ArrayList[ArrayList::get(int)].JML accessible clause.0 
34372      DEBUG main            d.u.i.k.p.i.IntermediateProofReplayer Proof replay took 5.3ns 
34674      INFO  main            d.u.i.k.p.r.p.TestFile    ... finished proof: closed. 
34827      INFO  main            d.u.i.k.p.i.AbstractProblemLoader Loading environment from /home/runner/work/key/key/key.core/../key.ui/examples/heap/SmansEtAl/ArrayList_get_dep.key.proof 
34827      DEBUG main            d.u.i.k.p.i.AbstractProblemLoader Environment load took 119.9ns 
34828      INFO  main            d.u.i.k.p.i.AbstractProblemLoader Creating init config 
37463      DEBUG main            d.u.i.k.p.i.AbstractProblemLoader Init config took 2.63s 
37505      INFO  main            d.u.i.k.p.i.AbstractProblemLoader Replaying proof ArrayList[ArrayList::get(int)].JML accessible clause.0 
37549      DEBUG main            d.u.i.k.p.i.IntermediateProofReplayer Proof replay took 39.72ms 
37550      DEBUG main            d.u.i.k.p.r.p.TestFile    ... success: reloaded. 
37551      INFO  main            d.u.i.k.p.r.p.TestFile    Now processing file /home/runner/work/key/key/key.core/../key.ui/examples/heap/SmansEtAl/ArrayList_get.key 
37551      INFO  main            d.u.i.k.p.i.AbstractProblemLoader Loading environment from /home/runner/work/key/key/key.core/../key.ui/examples/heap/SmansEtAl/ArrayList_get.key 
37552      DEBUG main            d.u.i.k.p.i.AbstractProblemLoader Environment load took 199ns 
37553      INFO  main            d.u.i.k.p.i.AbstractProblemLoader Creating init config 
40211      DEBUG main            d.u.i.k.p.i.AbstractProblemLoader Init config took 2.66s 
40254      INFO  main            d.u.i.k.p.i.AbstractProblemLoader Replaying proof ArrayList[ArrayList::get(int)].JML normal_behavior operation contract.0 
40256      DEBUG main            d.u.i.k.p.i.IntermediateProofReplayer Proof replay took 4.6ns 
40459      INFO  main            d.u.i.k.p.r.p.TestFile    ... finished proof: closed. 
40612      INFO  main            d.u.i.k.p.i.AbstractProblemLoader Loading environment from /home/runner/work/key/key/key.core/../key.ui/examples/heap/SmansEtAl/ArrayList_get.key.proof 
40612      DEBUG main            d.u.i.k.p.i.AbstractProblemLoader Environment load took 111.4ns 
40613      INFO  main            d.u.i.k.p.i.AbstractProblemLoader Creating init config 
43239      DEBUG main            d.u.i.k.p.i.AbstractProblemLoader Init config took 2.63s 
43294      INFO  main            d.u.i.k.p.i.AbstractProblemLoader Replaying proof ArrayList[ArrayList::get(int)].JML normal_behavior operation contract.0 
43319      DEBUG main            d.u.i.k.p.i.IntermediateProofReplayer Proof replay took 23.25ms 
43320      DEBUG main            d.u.i.k.p.r.p.TestFile    ... success: reloaded. 
43321      INFO  main            d.u.i.k.p.r.p.TestFile    Now processing file /home/runner/work/key/key/key.core/../key.ui/examples/heap/SmansEtAl/ArrayList_inv.key 
43322      INFO  main            d.u.i.k.p.i.AbstractProblemLoader Loading environment from /home/runner/work/key/key/key.core/../key.ui/examples/heap/SmansEtAl/ArrayList_inv.key 
43322      DEBUG main            d.u.i.k.p.i.AbstractProblemLoader Environment load took 289.9ns 
43323      INFO  main            d.u.i.k.p.i.AbstractProblemLoader Creating init config 
46042      DEBUG main            d.u.i.k.p.i.AbstractProblemLoader Init config took 2.72s 
46083      INFO  main            d.u.i.k.p.i.AbstractProblemLoader Replaying proof ArrayList[java.lang.Object::<inv>()].JML accessible clause.0 
46085      DEBUG main            d.u.i.k.p.i.IntermediateProofReplayer Proof replay took 5.6ns 
46187      INFO  main            d.u.i.k.p.r.p.TestFile    ... finished proof: closed. 
46339      INFO  main            d.u.i.k.p.i.AbstractProblemLoader Loading environment from /home/runner/work/key/key/key.core/../key.ui/examples/heap/SmansEtAl/ArrayList_inv.key.proof 
46339      DEBUG main            d.u.i.k.p.i.AbstractProblemLoader Environment load took 119.7ns 
46340      INFO  main            d.u.i.k.p.i.AbstractProblemLoader Creating init config 
48951      DEBUG main            d.u.i.k.p.i.AbstractProblemLoader Init config took 2.61s 
48990      INFO  main            d.u.i.k.p.i.AbstractProblemLoader Replaying proof ArrayList[java.lang.Object::<inv>()].JML accessible clause.0 
49000      DEBUG main            d.u.i.k.p.i.IntermediateProofReplayer Proof replay took 7.84ms 
49001      DEBUG main            d.u.i.k.p.r.p.TestFile    ... success: reloaded. 
49002      INFO  main            d.u.i.k.p.r.p.TestFile    Now processing file /home/runner/work/key/key/key.core/../key.ui/examples/heap/SmansEtAl/ArrayList_size_dep.key 
49002      INFO  main            d.u.i.k.p.i.AbstractProblemLoader Loading environment from /home/runner/work/key/key/key.core/../key.ui/examples/heap/SmansEtAl/ArrayList_size_dep.key 
49002      DEBUG main            d.u.i.k.p.i.AbstractProblemLoader Environment load took 84.3ns 
49003      INFO  main            d.u.i.k.p.i.AbstractProblemLoader Creating init config 
51607      DEBUG main            d.u.i.k.p.i.AbstractProblemLoader Init config took 2.6s 
51647      INFO  main            d.u.i.k.p.i.AbstractProblemLoader Replaying proof ArrayList[ArrayList::size()].JML accessible clause.0 
51648      DEBUG main            d.u.i.k.p.i.IntermediateProofReplayer Proof replay took 6.2ns 
51750      INFO  main            d.u.i.k.p.r.p.TestFile    ... finished proof: closed. 
51910      INFO  main            d.u.i.k.p.i.AbstractProblemLoader Loading environment from /home/runner/work/key/key/key.core/../key.ui/examples/heap/SmansEtAl/ArrayList_size_dep.key.proof 
51910      DEBUG main            d.u.i.k.p.i.AbstractProblemLoader Environment load took 107.2ns 
51911      INFO  main            d.u.i.k.p.i.AbstractProblemLoader Creating init config 
54505      DEBUG main            d.u.i.k.p.i.AbstractProblemLoader Init config took 2.59s 
54543      INFO  main            d.u.i.k.p.i.AbstractProblemLoader Replaying proof ArrayList[ArrayList::size()].JML accessible clause.0 
54556      DEBUG main            d.u.i.k.p.i.IntermediateProofReplayer Proof replay took 11.45ms 
54557      DEBUG main            d.u.i.k.p.r.p.TestFile    ... success: reloaded. 
54558      INFO  main            d.u.i.k.p.r.p.TestFile    Now processing file /home/runner/work/key/key/key.core/../key.ui/examples/heap/SmansEtAl/ArrayList_size.key 
54558      INFO  main            d.u.i.k.p.i.AbstractProblemLoader Loading environment from /home/runner/work/key/key/key.core/../key.ui/examples/heap/SmansEtAl/ArrayList_size.key 
54559      DEBUG main            d.u.i.k.p.i.AbstractProblemLoader Environment load took 93.2ns 
54559      INFO  main            d.u.i.k.p.i.AbstractProblemLoader Creating init config 
57201      DEBUG main            d.u.i.k.p.i.AbstractProblemLoader Init config took 2.64s 
57253      INFO  main            d.u.i.k.p.i.AbstractProblemLoader Replaying proof ArrayList[ArrayList::size()].JML normal_behavior operation contract.0 
57258      DEBUG main            d.u.i.k.p.i.IntermediateProofReplayer Proof replay took 5ns 
57360      INFO  main            d.u.i.k.p.r.p.TestFile    ... finished proof: closed. 
57537      INFO  main            d.u.i.k.p.i.AbstractProblemLoader Loading environment from /home/runner/work/key/key/key.core/../key.ui/examples/heap/SmansEtAl/ArrayList_size.key.proof 
57538      DEBUG main            d.u.i.k.p.i.AbstractProblemLoader Environment load took 106.9ns 
57539      INFO  main            d.u.i.k.p.i.AbstractProblemLoader Creating init config 
60187      DEBUG main            d.u.i.k.p.i.AbstractProblemLoader Init config took 2.65s 
60226      INFO  main            d.u.i.k.p.i.AbstractProblemLoader Replaying proof ArrayList[ArrayList::size()].JML normal_behavior operation contract.0 
60239      DEBUG main            d.u.i.k.p.i.IntermediateProofReplayer Proof replay took 10.7ms 
60239      DEBUG main            d.u.i.k.p.r.p.TestFile    ... success: reloaded. 
60241      INFO  main            d.u.i.k.p.r.p.TestFile    Now processing file /home/runner/work/key/key/key.core/../key.ui/examples/heap/SmansEtAl/Cell_Cell.key 
60241      INFO  main            d.u.i.k.p.i.AbstractProblemLoader Loading environment from /home/runner/work/key/key/key.core/../key.ui/examples/heap/SmansEtAl/Cell_Cell.key 
60241      DEBUG main            d.u.i.k.p.i.AbstractProblemLoader Environment load took 81ns 
60242      INFO  main            d.u.i.k.p.i.AbstractProblemLoader Creating init config 
62884      DEBUG main            d.u.i.k.p.i.AbstractProblemLoader Init config took 2.64s 
62921      INFO  main            d.u.i.k.p.i.AbstractProblemLoader Replaying proof Cell[Cell::Cell()].JML normal_behavior operation contract.0 
62923      DEBUG main            d.u.i.k.p.i.IntermediateProofReplayer Proof replay took 6.1ns 
63127      INFO  main            d.u.i.k.p.r.p.TestFile    ... finished proof: closed. 
63307      INFO  main            d.u.i.k.p.i.AbstractProblemLoader Loading environment from /home/runner/work/key/key/key.core/../key.ui/examples/heap/SmansEtAl/Cell_Cell.key.proof 
63307      DEBUG main            d.u.i.k.p.i.AbstractProblemLoader Environment load took 104.5ns 
63308      INFO  main            d.u.i.k.p.i.AbstractProblemLoader Creating init config 
65871      DEBUG main            d.u.i.k.p.i.AbstractProblemLoader Init config took 2.56s 
65926      INFO  main            d.u.i.k.p.i.AbstractProblemLoader Replaying proof Cell[Cell::Cell()].JML normal_behavior operation contract.0 
65969      DEBUG main            d.u.i.k.p.i.IntermediateProofReplayer Proof replay took 40.1ms 
65972      DEBUG main            d.u.i.k.p.r.p.TestFile    ... success: reloaded. 
65974      INFO  main            d.u.i.k.p.r.p.TestFile    Now processing file /home/runner/work/key/key/key.core/../key.ui/examples/heap/SmansEtAl/Cell_footprint.key 
65974      INFO  main            d.u.i.k.p.i.AbstractProblemLoader Loading environment from /home/runner/work/key/key/key.core/../key.ui/examples/heap/SmansEtAl/Cell_footprint.key 
65975      DEBUG main            d.u.i.k.p.i.AbstractProblemLoader Environment load took 662.8ns 
65976      INFO  main            d.u.i.k.p.i.AbstractProblemLoader Creating init config 
68609      DEBUG main            d.u.i.k.p.i.AbstractProblemLoader Init config took 2.63s 
68644      INFO  main            d.u.i.k.p.i.AbstractProblemLoader Replaying proof Cell[Cell::$footprint()].JML accessible clause.0 
68645      DEBUG main            d.u.i.k.p.i.IntermediateProofReplayer Proof replay took 6ns 
68747      INFO  main            d.u.i.k.p.r.p.TestFile    ... finished proof: closed. 
68920      INFO  main            d.u.i.k.p.i.AbstractProblemLoader Loading environment from /home/runner/work/key/key/key.core/../key.ui/examples/heap/SmansEtAl/Cell_footprint.key.proof 
68920      DEBUG main            d.u.i.k.p.i.AbstractProblemLoader Environment load took 104.9ns 
68921      INFO  main            d.u.i.k.p.i.AbstractProblemLoader Creating init config 
71486      DEBUG main            d.u.i.k.p.i.AbstractProblemLoader Init config took 2.57s 
71522      INFO  main            d.u.i.k.p.i.AbstractProblemLoader Replaying proof Cell[Cell::$footprint()].JML accessible clause.0 
71527      DEBUG main            d.u.i.k.p.i.IntermediateProofReplayer Proof replay took 2.94ms 
71527      DEBUG main            d.u.i.k.p.r.p.TestFile    ... success: reloaded. 
71528      INFO  main            d.u.i.k.p.r.p.TestFile    Now processing file /home/runner/work/key/key/key.core/../key.ui/examples/heap/SmansEtAl/Cell_getX_dep.key 
71529      INFO  main            d.u.i.k.p.i.AbstractProblemLoader Loading environment from /home/runner/work/key/key/key.core/../key.ui/examples/heap/SmansEtAl/Cell_getX_dep.key 
71529      DEBUG main            d.u.i.k.p.i.AbstractProblemLoader Environment load took 89ns 
71530      INFO  main            d.u.i.k.p.i.AbstractProblemLoader Creating init config 
74176      DEBUG main            d.u.i.k.p.i.AbstractProblemLoader Init config took 2.65s 
74214      INFO  main            d.u.i.k.p.i.AbstractProblemLoader Replaying proof Cell[Cell::getX()].JML accessible clause.0 
74215      DEBUG main            d.u.i.k.p.i.IntermediateProofReplayer Proof replay took 5.5ns 
74317      INFO  main            d.u.i.k.p.r.p.TestFile    ... finished proof: closed. 
74509      INFO  main            d.u.i.k.p.i.AbstractProblemLoader Loading environment from /home/runner/work/key/key/key.core/../key.ui/examples/heap/SmansEtAl/Cell_getX_dep.key.proof 
74509      DEBUG main            d.u.i.k.p.i.AbstractProblemLoader Environment load took 107.5ns 
74511      INFO  main            d.u.i.k.p.i.AbstractProblemLoader Creating init config 
77091      DEBUG main            d.u.i.k.p.i.AbstractProblemLoader Init config took 2.58s 
77130      INFO  main            d.u.i.k.p.i.AbstractProblemLoader Replaying proof Cell[Cell::getX()].JML accessible clause.0 
77143      DEBUG main            d.u.i.k.p.i.IntermediateProofReplayer Proof replay took 10.71ms 
77144      DEBUG main            d.u.i.k.p.r.p.TestFile    ... success: reloaded. 
77145      INFO  main            d.u.i.k.p.r.p.TestFile    Now processing file /home/runner/work/key/key/key.core/../key.ui/examples/heap/SmansEtAl/Cell_getX.key 
77145      INFO  main            d.u.i.k.p.i.AbstractProblemLoader Loading environment from /home/runner/work/key/key/key.core/../key.ui/examples/heap/SmansEtAl/Cell_getX.key 
77145      DEBUG main            d.u.i.k.p.i.AbstractProblemLoader Environment load took 90.5ns 
77146      INFO  main            d.u.i.k.p.i.AbstractProblemLoader Creating init config 
79743      DEBUG main            d.u.i.k.p.i.AbstractProblemLoader Init config took 2.6s 
79779      INFO  main            d.u.i.k.p.i.AbstractProblemLoader Replaying proof Cell[Cell::getX()].JML normal_behavior operation contract.0 
79781      DEBUG main            d.u.i.k.p.i.IntermediateProofReplayer Proof replay took 5.9ns 
79882      INFO  main            d.u.i.k.p.r.p.TestFile    ... finished proof: closed. 
80127      INFO  main            d.u.i.k.p.i.AbstractProblemLoader Loading environment from /home/runner/work/key/key/key.core/../key.ui/examples/heap/SmansEtAl/Cell_getX.key.proof 
80127      DEBUG main            d.u.i.k.p.i.AbstractProblemLoader Environment load took 121.8ns 
80128      INFO  main            d.u.i.k.p.i.AbstractProblemLoader Creating init config 
82717      DEBUG main            d.u.i.k.p.i.AbstractProblemLoader Init config took 2.59s 
82751      INFO  main            d.u.i.k.p.i.AbstractProblemLoader Replaying proof Cell[Cell::getX()].JML normal_behavior operation contract.0 
82763      DEBUG main            d.u.i.k.p.i.IntermediateProofReplayer Proof replay took 9.82ms 
82764      DEBUG main            d.u.i.k.p.r.p.TestFile    ... success: reloaded. 
82765      INFO  main            d.u.i.k.p.r.p.TestFile    Now processing file /home/runner/work/key/key/key.core/../key.ui/examples/heap/SmansEtAl/Cell_inv.key 
82765      INFO  main            d.u.i.k.p.i.AbstractProblemLoader Loading environment from /home/runner/work/key/key/key.core/../key.ui/examples/heap/SmansEtAl/Cell_inv.key 
82765      DEBUG main            d.u.i.k.p.i.AbstractProblemLoader Environment load took 83.3ns 
82766      INFO  main            d.u.i.k.p.i.AbstractProblemLoader Creating init config 
85348      DEBUG main            d.u.i.k.p.i.AbstractProblemLoader Init config took 2.58s 
85381      INFO  main            d.u.i.k.p.i.AbstractProblemLoader Replaying proof Cell[java.lang.Object::<inv>()].JML accessible clause.0 
85383      DEBUG main            d.u.i.k.p.i.IntermediateProofReplayer Proof replay took 14.2ns 
85484      INFO  main            d.u.i.k.p.r.p.TestFile    ... finished proof: closed. 
85678      INFO  main            d.u.i.k.p.i.AbstractProblemLoader Loading environment from /home/runner/work/key/key/key.core/../key.ui/examples/heap/SmansEtAl/Cell_inv.key.proof 
85678      DEBUG main            d.u.i.k.p.i.AbstractProblemLoader Environment load took 99.2ns 
85679      INFO  main            d.u.i.k.p.i.AbstractProblemLoader Creating init config 
88251      DEBUG main            d.u.i.k.p.i.AbstractProblemLoader Init config took 2.57s 
88285      INFO  main            d.u.i.k.p.i.AbstractProblemLoader Replaying proof Cell[java.lang.Object::<inv>()].JML accessible clause.0 
88287      DEBUG main            d.u.i.k.p.i.IntermediateProofReplayer Proof replay took 1.29ms 
88288      DEBUG main            d.u.i.k.p.r.p.TestFile    ... success: reloaded. 
88289      INFO  main            d.u.i.k.p.r.p.TestFile    Now processing file /home/runner/work/key/key/key.core/../key.ui/examples/heap/SmansEtAl/Cell_setX.key 
88289      INFO  main            d.u.i.k.p.i.AbstractProblemLoader Loading environment from /home/runner/work/key/key/key.core/../key.ui/examples/heap/SmansEtAl/Cell_setX.key 
88289      DEBUG main            d.u.i.k.p.i.AbstractProblemLoader Environment load took 85.1ns 
88290      INFO  main            d.u.i.k.p.i.AbstractProblemLoader Creating init config 
90867      DEBUG main            d.u.i.k.p.i.AbstractProblemLoader Init config took 2.58s 
90901      INFO  main            d.u.i.k.p.i.AbstractProblemLoader Replaying proof Cell[Cell::setX(int)].JML normal_behavior operation contract.0 
90902      DEBUG main            d.u.i.k.p.i.IntermediateProofReplayer Proof replay took 5.7ns 
91010      INFO  main            d.u.i.k.p.r.p.TestFile    ... finished proof: closed. 
91218      INFO  main            d.u.i.k.p.i.AbstractProblemLoader Loading environment from /home/runner/work/key/key/key.core/../key.ui/examples/heap/SmansEtAl/Cell_setX.key.proof 
91218      DEBUG main            d.u.i.k.p.i.AbstractProblemLoader Environment load took 103.6ns 
91219      INFO  main            d.u.i.k.p.i.AbstractProblemLoader Creating init config 
93769      DEBUG main            d.u.i.k.p.i.AbstractProblemLoader Init config took 2.55s 
93812      INFO  main            d.u.i.k.p.i.AbstractProblemLoader Replaying proof Cell[Cell::setX(int)].JML normal_behavior operation contract.0 
93830      DEBUG main            d.u.i.k.p.i.IntermediateProofReplayer Proof replay took 16.63ms 
93831      DEBUG main            d.u.i.k.p.r.p.TestFile    ... success: reloaded. 
93832      INFO  main            d.u.i.k.p.r.p.TestFile    Now processing file /home/runner/work/key/key/key.core/../key.ui/examples/heap/SmansEtAl/CellClient_m.key 
93832      INFO  main            d.u.i.k.p.i.AbstractProblemLoader Loading environment from /home/runner/work/key/key/key.core/../key.ui/examples/heap/SmansEtAl/CellClient_m.key 
93832      DEBUG main            d.u.i.k.p.i.AbstractProblemLoader Environment load took 78.3ns 
93833      INFO  main            d.u.i.k.p.i.AbstractProblemLoader Creating init config 
96456      DEBUG main            d.u.i.k.p.i.AbstractProblemLoader Init config took 2.62s 
96489      INFO  main            d.u.i.k.p.i.AbstractProblemLoader Replaying proof CellClient[CellClient::m()].JML operation contract.0 
96491      DEBUG main            d.u.i.k.p.i.IntermediateProofReplayer Proof replay took 5.5ns 
96996      INFO  main            d.u.i.k.p.r.p.TestFile    ... finished proof: closed. 
97264      INFO  main            d.u.i.k.p.i.AbstractProblemLoader Loading environment from /home/runner/work/key/key/key.core/../key.ui/examples/heap/SmansEtAl/CellClient_m.key.proof 
97264      DEBUG main            d.u.i.k.p.i.AbstractProblemLoader Environment load took 114.4ns 
97266      INFO  main            d.u.i.k.p.i.AbstractProblemLoader Creating init config 
99805      DEBUG main            d.u.i.k.p.i.AbstractProblemLoader Init config took 2.54s 
99838      INFO  main            d.u.i.k.p.i.AbstractProblemLoader Replaying proof CellClient[CellClient::m()].JML operation contract.0 
99921      DEBUG main            d.u.i.k.p.i.IntermediateProofReplayer Proof replay took 78.47ms 
99922      DEBUG main            d.u.i.k.p.r.p.TestFile    ... success: reloaded. 
99923      INFO  main            d.u.i.k.p.r.p.TestFile    Now processing file /home/runner/work/key/key/key.core/../key.ui/examples/heap/SmansEtAl/Iterator_footprint.key 
99923      INFO  main            d.u.i.k.p.i.AbstractProblemLoader Loading environment from /home/runner/work/key/key/key.core/../key.ui/examples/heap/SmansEtAl/Iterator_footprint.key 
99923      DEBUG main            d.u.i.k.p.i.AbstractProblemLoader Environment load took 90.5ns 
99924      INFO  main            d.u.i.k.p.i.AbstractProblemLoader Creating init config 
102532     DEBUG main            d.u.i.k.p.i.AbstractProblemLoader Init config took 2.61s 
102571     INFO  main            d.u.i.k.p.i.AbstractProblemLoader Replaying proof Iterator[Iterator::$footprint()].JML accessible clause.0 
102572     DEBUG main            d.u.i.k.p.i.IntermediateProofReplayer Proof replay took 6.1ns 
102674     INFO  main            d.u.i.k.p.r.p.TestFile    ... finished proof: closed. 
102886     INFO  main            d.u.i.k.p.i.AbstractProblemLoader Loading environment from /home/runner/work/key/key/key.core/../key.ui/examples/heap/SmansEtAl/Iterator_footprint.key.proof 
102886     DEBUG main            d.u.i.k.p.i.AbstractProblemLoader Environment load took 102.7ns 
102887     INFO  main            d.u.i.k.p.i.AbstractProblemLoader Creating init config 
105425     DEBUG main            d.u.i.k.p.i.AbstractProblemLoader Init config took 2.54s 
105461     INFO  main            d.u.i.k.p.i.AbstractProblemLoader Replaying proof Iterator[Iterator::$footprint()].JML accessible clause.0 
105468     DEBUG main            d.u.i.k.p.i.IntermediateProofReplayer Proof replay took 4.77ms 
105469     DEBUG main            d.u.i.k.p.r.p.TestFile    ... success: reloaded. 
105470     INFO  main            d.u.i.k.p.r.p.TestFile    Now processing file /home/runner/work/key/key/key.core/../key.ui/examples/heap/SmansEtAl/Iterator_hasNext_dep.key 
105470     INFO  main            d.u.i.k.p.i.AbstractProblemLoader Loading environment from /home/runner/work/key/key/key.core/../key.ui/examples/heap/SmansEtAl/Iterator_hasNext_dep.key 
105470     DEBUG main            d.u.i.k.p.i.AbstractProblemLoader Environment load took 196.3ns 
105471     INFO  main            d.u.i.k.p.i.AbstractProblemLoader Creating init config 
108085     DEBUG main            d.u.i.k.p.i.AbstractProblemLoader Init config took 2.61s 
108139     INFO  main            d.u.i.k.p.i.AbstractProblemLoader Replaying proof Iterator[Iterator::hasNext()].JML accessible clause.0 
108140     DEBUG main            d.u.i.k.p.i.IntermediateProofReplayer Proof replay took 6ns 
108744     INFO  main            d.u.i.k.p.r.p.TestFile    ... finished proof: closed. 
108976     INFO  main            d.u.i.k.p.i.AbstractProblemLoader Loading environment from /home/runner/work/key/key/key.core/../key.ui/examples/heap/SmansEtAl/Iterator_hasNext_dep.key.proof 
108976     DEBUG main            d.u.i.k.p.i.AbstractProblemLoader Environment load took 148.2ns 
108977     INFO  main            d.u.i.k.p.i.AbstractProblemLoader Creating init config 
111515     DEBUG main            d.u.i.k.p.i.AbstractProblemLoader Init config took 2.54s 
111567     INFO  main            d.u.i.k.p.i.AbstractProblemLoader Replaying proof Iterator[Iterator::hasNext()].JML accessible clause.0 
111652     DEBUG main            d.u.i.k.p.i.IntermediateProofReplayer Proof replay took 79.19ms 
111654     DEBUG main            d.u.i.k.p.r.p.TestFile    ... success: reloaded. 
111656     INFO  main            d.u.i.k.p.r.p.TestFile    Now processing file /home/runner/work/key/key/key.core/../key.ui/examples/heap/SmansEtAl/Iterator_hasNext.key 
111656     INFO  main            d.u.i.k.p.i.AbstractProblemLoader Loading environment from /home/runner/work/key/key/key.core/../key.ui/examples/heap/SmansEtAl/Iterator_hasNext.key 
111656     DEBUG main            d.u.i.k.p.i.AbstractProblemLoader Environment load took 84.2ns 
111658     INFO  main            d.u.i.k.p.i.AbstractProblemLoader Creating init config 
114308     DEBUG main            d.u.i.k.p.i.AbstractProblemLoader Init config took 2.65s 
114347     INFO  main            d.u.i.k.p.i.AbstractProblemLoader Replaying proof Iterator[Iterator::hasNext()].JML normal_behavior operation contract.0 
114349     DEBUG main            d.u.i.k.p.i.IntermediateProofReplayer Proof replay took 12.5ns 
114852     INFO  main            d.u.i.k.p.r.p.TestFile    ... finished proof: closed. 
115093     INFO  main            d.u.i.k.p.i.AbstractProblemLoader Loading environment from /home/runner/work/key/key/key.core/../key.ui/examples/heap/SmansEtAl/Iterator_hasNext.key.proof 
115093     DEBUG main            d.u.i.k.p.i.AbstractProblemLoader Environment load took 374ns 
115094     INFO  main            d.u.i.k.p.i.AbstractProblemLoader Creating init config 
117620     DEBUG main            d.u.i.k.p.i.AbstractProblemLoader Init config took 2.53s 
117656     INFO  main            d.u.i.k.p.i.AbstractProblemLoader Replaying proof Iterator[Iterator::hasNext()].JML normal_behavior operation contract.0 
117727     DEBUG main            d.u.i.k.p.i.IntermediateProofReplayer Proof replay took 65.25ms 
117729     DEBUG main            d.u.i.k.p.r.p.TestFile    ... success: reloaded. 
117730     INFO  main            d.u.i.k.p.r.p.TestFile    Now processing file /home/runner/work/key/key/key.core/../key.ui/examples/heap/SmansEtAl/Iterator_inv.key 
117730     INFO  main            d.u.i.k.p.i.AbstractProblemLoader Loading environment from /home/runner/work/key/key/key.core/../key.ui/examples/heap/SmansEtAl/Iterator_inv.key 
117730     DEBUG main            d.u.i.k.p.i.AbstractProblemLoader Environment load took 190.3ns 
117731     INFO  main            d.u.i.k.p.i.AbstractProblemLoader Creating init config 
120324     DEBUG main            d.u.i.k.p.i.AbstractProblemLoader Init config took 2.59s 
120361     INFO  main            d.u.i.k.p.i.AbstractProblemLoader Replaying proof Iterator[java.lang.Object::<inv>()].JML accessible clause.0 
120363     DEBUG main            d.u.i.k.p.i.IntermediateProofReplayer Proof replay took 5.6ns 
120567     INFO  main            d.u.i.k.p.r.p.TestFile    ... finished proof: closed. 
120797     INFO  main            d.u.i.k.p.i.AbstractProblemLoader Loading environment from /home/runner/work/key/key/key.core/../key.ui/examples/heap/SmansEtAl/Iterator_inv.key.proof 
120797     DEBUG main            d.u.i.k.p.i.AbstractProblemLoader Environment load took 113.7ns 
120798     INFO  main            d.u.i.k.p.i.AbstractProblemLoader Creating init config 
123329     DEBUG main            d.u.i.k.p.i.AbstractProblemLoader Init config took 2.53s 
123366     INFO  main            d.u.i.k.p.i.AbstractProblemLoader Replaying proof Iterator[java.lang.Object::<inv>()].JML accessible clause.0 
123384     DEBUG main            d.u.i.k.p.i.IntermediateProofReplayer Proof replay took 14.81ms 
123384     DEBUG main            d.u.i.k.p.r.p.TestFile    ... success: reloaded. 
123385     INFO  main            d.u.i.k.p.r.p.TestFile    Now processing file /home/runner/work/key/key/key.core/../key.ui/examples/heap/SmansEtAl/Iterator_Iterator.key 
123385     INFO  main            d.u.i.k.p.i.AbstractProblemLoader Loading environment from /home/runner/work/key/key/key.core/../key.ui/examples/heap/SmansEtAl/Iterator_Iterator.key 
123386     DEBUG main            d.u.i.k.p.i.AbstractProblemLoader Environment load took 83.4ns 
123386     INFO  main            d.u.i.k.p.i.AbstractProblemLoader Creating init config 
125948     DEBUG main            d.u.i.k.p.i.AbstractProblemLoader Init config took 2.56s 
125984     INFO  main            d.u.i.k.p.i.AbstractProblemLoader Replaying proof Iterator[Iterator::Iterator(ArrayList)].JML normal_behavior operation contract.0 
125985     DEBUG main            d.u.i.k.p.i.IntermediateProofReplayer Proof replay took 5.7ns 
127198     INFO  main            d.u.i.k.p.r.p.TestFile    ... finished proof: closed. 
127463     INFO  main            d.u.i.k.p.i.AbstractProblemLoader Loading environment from /home/runner/work/key/key/key.core/../key.ui/examples/heap/SmansEtAl/Iterator_Iterator.key.proof 
127464     DEBUG main            d.u.i.k.p.i.AbstractProblemLoader Environment load took 369.3ns 
127466     INFO  main            d.u.i.k.p.i.AbstractProblemLoader Creating init config 
130016     DEBUG main            d.u.i.k.p.i.AbstractProblemLoader Init config took 2.55s 
130051     INFO  main            d.u.i.k.p.i.AbstractProblemLoader Replaying proof Iterator[Iterator::Iterator(ArrayList)].JML normal_behavior operation contract.0 
130187     DEBUG main            d.u.i.k.p.i.IntermediateProofReplayer Proof replay took 122.37ms 
130188     DEBUG main            d.u.i.k.p.r.p.TestFile    ... success: reloaded. 
130189     INFO  main            d.u.i.k.p.r.p.TestFile    Now processing file /home/runner/work/key/key/key.core/../key.ui/examples/heap/SmansEtAl/Iterator_list_dep.key 
130190     INFO  main            d.u.i.k.p.i.AbstractProblemLoader Loading environment from /home/runner/work/key/key/key.core/../key.ui/examples/heap/SmansEtAl/Iterator_list_dep.key 
130190     DEBUG main            d.u.i.k.p.i.AbstractProblemLoader Environment load took 187.3ns 
130191     INFO  main            d.u.i.k.p.i.AbstractProblemLoader Creating init config 
132761     DEBUG main            d.u.i.k.p.i.AbstractProblemLoader Init config took 2.57s 
132796     INFO  main            d.u.i.k.p.i.AbstractProblemLoader Replaying proof Iterator[Iterator::list()].JML accessible clause.0 
132797     DEBUG main            d.u.i.k.p.i.IntermediateProofReplayer Proof replay took 5.6ns 
132899     INFO  main            d.u.i.k.p.r.p.TestFile    ... finished proof: closed. 
133168     INFO  main            d.u.i.k.p.i.AbstractProblemLoader Loading environment from /home/runner/work/key/key/key.core/../key.ui/examples/heap/SmansEtAl/Iterator_list_dep.key.proof 
133168     DEBUG main            d.u.i.k.p.i.AbstractProblemLoader Environment load took 96.5ns 
133170     INFO  main            d.u.i.k.p.i.AbstractProblemLoader Creating init config 
135690     DEBUG main            d.u.i.k.p.i.AbstractProblemLoader Init config took 2.52s 
135725     INFO  main            d.u.i.k.p.i.AbstractProblemLoader Replaying proof Iterator[Iterator::list()].JML accessible clause.0 
135740     DEBUG main            d.u.i.k.p.i.IntermediateProofReplayer Proof replay took 13.02ms 
135741     DEBUG main            d.u.i.k.p.r.p.TestFile    ... success: reloaded. 
135742     INFO  main            d.u.i.k.p.r.p.TestFile    Now processing file /home/runner/work/key/key/key.core/../key.ui/examples/heap/SmansEtAl/Iterator_list.key 
135742     INFO  main            d.u.i.k.p.i.AbstractProblemLoader Loading environment from /home/runner/work/key/key/key.core/../key.ui/examples/heap/SmansEtAl/Iterator_list.key 
135742     DEBUG main            d.u.i.k.p.i.AbstractProblemLoader Environment load took 95.4ns 
135743     INFO  main            d.u.i.k.p.i.AbstractProblemLoader Creating init config 
138309     DEBUG main            d.u.i.k.p.i.AbstractProblemLoader Init config took 2.57s 
138344     INFO  main            d.u.i.k.p.i.AbstractProblemLoader Replaying proof Iterator[Iterator::list()].JML normal_behavior operation contract.0 
138345     DEBUG main            d.u.i.k.p.i.IntermediateProofReplayer Proof replay took 5.8ns 
138448     INFO  main            d.u.i.k.p.r.p.TestFile    ... finished proof: closed. 
138686     INFO  main            d.u.i.k.p.i.AbstractProblemLoader Loading environment from /home/runner/work/key/key/key.core/../key.ui/examples/heap/SmansEtAl/Iterator_list.key.proof 
138687     DEBUG main            d.u.i.k.p.i.AbstractProblemLoader Environment load took 96.2ns 
138687     INFO  main            d.u.i.k.p.i.AbstractProblemLoader Creating init config 
141217     DEBUG main            d.u.i.k.p.i.AbstractProblemLoader Init config took 2.53s 
141254     INFO  main            d.u.i.k.p.i.AbstractProblemLoader Replaying proof Iterator[Iterator::list()].JML normal_behavior operation contract.0 
141270     DEBUG main            d.u.i.k.p.i.IntermediateProofReplayer Proof replay took 14.62ms 
141272     DEBUG main            d.u.i.k.p.r.p.TestFile    ... success: reloaded. 
141273     INFO  main            d.u.i.k.p.r.p.TestFile    Now processing file /home/runner/work/key/key/key.core/../key.ui/examples/heap/SmansEtAl/Iterator_next.key 
141273     INFO  main            d.u.i.k.p.i.AbstractProblemLoader Loading environment from /home/runner/work/key/key/key.core/../key.ui/examples/heap/SmansEtAl/Iterator_next.key 
141273     DEBUG main            d.u.i.k.p.i.AbstractProblemLoader Environment load took 186.5ns 
141274     INFO  main            d.u.i.k.p.i.AbstractProblemLoader Creating init config 
143846     DEBUG main            d.u.i.k.p.i.AbstractProblemLoader Init config took 2.57s 
143897     INFO  main            d.u.i.k.p.i.AbstractProblemLoader Replaying proof Iterator[Iterator::next()].JML normal_behavior operation contract.0 
143901     DEBUG main            d.u.i.k.p.i.IntermediateProofReplayer Proof replay took 6ns 
146409     INFO  main            d.u.i.k.p.r.p.TestFile    ... finished proof: closed. 
146691     INFO  main            d.u.i.k.p.i.AbstractProblemLoader Loading environment from /home/runner/work/key/key/key.core/../key.ui/examples/heap/SmansEtAl/Iterator_next.key.proof 
146692     DEBUG main            d.u.i.k.p.i.AbstractProblemLoader Environment load took 489.5ns 
146693     INFO  main            d.u.i.k.p.i.AbstractProblemLoader Creating init config 
149220     DEBUG main            d.u.i.k.p.i.AbstractProblemLoader Init config took 2.53s 
149265     INFO  main            d.u.i.k.p.i.AbstractProblemLoader Replaying proof Iterator[Iterator::next()].JML normal_behavior operation contract.0 
149478     DEBUG main            d.u.i.k.p.i.IntermediateProofReplayer Proof replay took 198.11ms 
149480     DEBUG main            d.u.i.k.p.r.p.TestFile    ... success: reloaded. 
149481     INFO  main            d.u.i.k.p.r.p.TestFile    Now processing file /home/runner/work/key/key/key.core/../key.ui/examples/heap/SmansEtAl/Stack_footprint.key 
149482     INFO  main            d.u.i.k.p.i.AbstractProblemLoader Loading environment from /home/runner/work/key/key/key.core/../key.ui/examples/heap/SmansEtAl/Stack_footprint.key 
149482     DEBUG main            d.u.i.k.p.i.AbstractProblemLoader Environment load took 186.7ns 
149483     INFO  main            d.u.i.k.p.i.AbstractProblemLoader Creating init config 
152051     DEBUG main            d.u.i.k.p.i.AbstractProblemLoader Init config took 2.57s 
152085     INFO  main            d.u.i.k.p.i.AbstractProblemLoader Replaying proof Stack[Stack::$footprint()].JML accessible clause.0 
152086     DEBUG main            d.u.i.k.p.i.IntermediateProofReplayer Proof replay took 6.6ns 
152288     INFO  main            d.u.i.k.p.r.p.TestFile    ... finished proof: closed. 
152547     INFO  main            d.u.i.k.p.i.AbstractProblemLoader Loading environment from /home/runner/work/key/key/key.core/../key.ui/examples/heap/SmansEtAl/Stack_footprint.key.proof 
152547     DEBUG main            d.u.i.k.p.i.AbstractProblemLoader Environment load took 99ns 
152548     INFO  main            d.u.i.k.p.i.AbstractProblemLoader Creating init config 
155066     DEBUG main            d.u.i.k.p.i.AbstractProblemLoader Init config took 2.52s 
155101     INFO  main            d.u.i.k.p.i.AbstractProblemLoader Replaying proof Stack[Stack::$footprint()].JML accessible clause.0 
155124     DEBUG main            d.u.i.k.p.i.IntermediateProofReplayer Proof replay took 19.55ms 
155125     DEBUG main            d.u.i.k.p.r.p.TestFile    ... success: reloaded. 
155127     INFO  main            d.u.i.k.p.r.p.TestFile    Now processing file /home/runner/work/key/key/key.core/../key.ui/examples/heap/SmansEtAl/Stack_inv.key 
155127     INFO  main            d.u.i.k.p.i.AbstractProblemLoader Loading environment from /home/runner/work/key/key/key.core/../key.ui/examples/heap/SmansEtAl/Stack_inv.key 
155128     DEBUG main            d.u.i.k.p.i.AbstractProblemLoader Environment load took 129.2ns 
155129     INFO  main            d.u.i.k.p.i.AbstractProblemLoader Creating init config 
157691     DEBUG main            d.u.i.k.p.i.AbstractProblemLoader Init config took 2.56s 
157724     INFO  main            d.u.i.k.p.i.AbstractProblemLoader Replaying proof Stack[java.lang.Object::<inv>()].JML accessible clause.0 
157726     DEBUG main            d.u.i.k.p.i.IntermediateProofReplayer Proof replay took 5.7ns 
157827     INFO  main            d.u.i.k.p.r.p.TestFile    ... finished proof: closed. 
158082     INFO  main            d.u.i.k.p.i.AbstractProblemLoader Loading environment from /home/runner/work/key/key/key.core/../key.ui/examples/heap/SmansEtAl/Stack_inv.key.proof 
158082     DEBUG main            d.u.i.k.p.i.AbstractProblemLoader Environment load took 94.8ns 
158082     INFO  main            d.u.i.k.p.i.AbstractProblemLoader Creating init config 
160592     DEBUG main            d.u.i.k.p.i.AbstractProblemLoader Init config took 2.51s 
160625     INFO  main            d.u.i.k.p.i.AbstractProblemLoader Replaying proof Stack[java.lang.Object::<inv>()].JML accessible clause.0 
160639     DEBUG main            d.u.i.k.p.i.IntermediateProofReplayer Proof replay took 7.61ms 
160643     DEBUG main            d.u.i.k.p.r.p.TestFile    ... success: reloaded. 
160644     INFO  main            d.u.i.k.p.r.p.TestFile    Now processing file /home/runner/work/key/key/key.core/../key.ui/examples/heap/SmansEtAl/Stack_push.key 
160646     INFO  main            d.u.i.k.p.i.AbstractProblemLoader Loading environment from /home/runner/work/key/key/key.core/../key.ui/examples/heap/SmansEtAl/Stack_push.key 
160649     DEBUG main            d.u.i.k.p.i.AbstractProblemLoader Environment load took 3.34ms 
160651     INFO  main            d.u.i.k.p.i.AbstractProblemLoader Creating init config 
163220     DEBUG main            d.u.i.k.p.i.AbstractProblemLoader Init config took 2.57s 
163255     INFO  main            d.u.i.k.p.i.AbstractProblemLoader Replaying proof Stack[Stack::push(java.lang.Object)].JML normal_behavior operation contract.0 
163257     DEBUG main            d.u.i.k.p.i.IntermediateProofReplayer Proof replay took 5.3ns 
163963     INFO  main            d.u.i.k.p.r.p.TestFile    ... finished proof: closed. 
164224     INFO  main            d.u.i.k.p.i.AbstractProblemLoader Loading environment from /home/runner/work/key/key/key.core/../key.ui/examples/heap/SmansEtAl/Stack_push.key.proof 
164224     DEBUG main            d.u.i.k.p.i.AbstractProblemLoader Environment load took 87.4ns 
164225     INFO  main            d.u.i.k.p.i.AbstractProblemLoader Creating init config 
166728     DEBUG main            d.u.i.k.p.i.AbstractProblemLoader Init config took 2.5s 
166763     INFO  main            d.u.i.k.p.i.AbstractProblemLoader Replaying proof Stack[Stack::push(java.lang.Object)].JML normal_behavior operation contract.0 
166847     DEBUG main            d.u.i.k.p.i.IntermediateProofReplayer Proof replay took 80.18ms 
166848     DEBUG main            d.u.i.k.p.r.p.TestFile    ... success: reloaded. 
166849     INFO  main            d.u.i.k.p.r.p.TestFile    Now processing file /home/runner/work/key/key/key.core/../key.ui/examples/heap/SmansEtAl/Stack_size.key 
166849     INFO  main            d.u.i.k.p.i.AbstractProblemLoader Loading environment from /home/runner/work/key/key/key.core/../key.ui/examples/heap/SmansEtAl/Stack_size.key 
166849     DEBUG main            d.u.i.k.p.i.AbstractProblemLoader Environment load took 114.6ns 
166850     INFO  main            d.u.i.k.p.i.AbstractProblemLoader Creating init config 
169440     DEBUG main            d.u.i.k.p.i.AbstractProblemLoader Init config took 2.59s 
169474     INFO  main            d.u.i.k.p.i.AbstractProblemLoader Replaying proof Stack[Stack::size()].JML accessible clause.0 
169475     DEBUG main            d.u.i.k.p.i.IntermediateProofReplayer Proof replay took 5.4ns 
169677     INFO  main            d.u.i.k.p.r.p.TestFile    ... finished proof: closed. 
169955     INFO  main            d.u.i.k.p.i.AbstractProblemLoader Loading environment from /home/runner/work/key/key/key.core/../key.ui/examples/heap/SmansEtAl/Stack_size.key.proof 
169955     DEBUG main            d.u.i.k.p.i.AbstractProblemLoader Environment load took 82.5ns 
169956     INFO  main            d.u.i.k.p.i.AbstractProblemLoader Creating init config 
172462     DEBUG main            d.u.i.k.p.i.AbstractProblemLoader Init config took 2.51s 
172496     INFO  main            d.u.i.k.p.i.AbstractProblemLoader Replaying proof Stack[Stack::size()].JML accessible clause.0 
172528     DEBUG main            d.u.i.k.p.i.IntermediateProofReplayer Proof replay took 30ms 
172529     DEBUG main            d.u.i.k.p.r.p.TestFile    ... success: reloaded. 
172529     INFO  main            d.u.i.k.p.r.p.TestFile    Now processing file /home/runner/work/key/key/key.core/../key.ui/examples/heap/SmansEtAl/Stack_Stack.key 
172530     INFO  main            d.u.i.k.p.i.AbstractProblemLoader Loading environment from /home/runner/work/key/key/key.core/../key.ui/examples/heap/SmansEtAl/Stack_Stack.key 
172530     DEBUG main            d.u.i.k.p.i.AbstractProblemLoader Environment load took 71.4ns 
172530     INFO  main            d.u.i.k.p.i.AbstractProblemLoader Creating init config 
175114     DEBUG main            d.u.i.k.p.i.AbstractProblemLoader Init config took 2.58s 
175148     INFO  main            d.u.i.k.p.i.AbstractProblemLoader Replaying proof Stack[Stack::Stack()].JML normal_behavior operation contract.0 
175149     DEBUG main            d.u.i.k.p.i.IntermediateProofReplayer Proof replay took 6.1ns 
176154     INFO  main            d.u.i.k.p.r.p.TestFile    ... finished proof: closed. 
176453     INFO  main            d.u.i.k.p.i.AbstractProblemLoader Loading environment from /home/runner/work/key/key/key.core/../key.ui/examples/heap/SmansEtAl/Stack_Stack.key.proof 
176453     DEBUG main            d.u.i.k.p.i.AbstractProblemLoader Environment load took 152.6ns 
176454     INFO  main            d.u.i.k.p.i.AbstractProblemLoader Creating init config 
178950     DEBUG main            d.u.i.k.p.i.AbstractProblemLoader Init config took 2.5s 
178994     INFO  main            d.u.i.k.p.i.AbstractProblemLoader Replaying proof Stack[Stack::Stack()].JML normal_behavior operation contract.0 
179129     DEBUG main            d.u.i.k.p.i.IntermediateProofReplayer Proof replay took 129.18ms 
179130     DEBUG main            d.u.i.k.p.r.p.TestFile    ... success: reloaded. 
179131     INFO  main            d.u.i.k.p.r.p.TestFile    Now processing file /home/runner/work/key/key/key.core/../key.ui/examples/heap/SmansEtAl/Stack_switchContents.key 
179131     INFO  main            d.u.i.k.p.i.AbstractProblemLoader Loading environment from /home/runner/work/key/key/key.core/../key.ui/examples/heap/SmansEtAl/Stack_switchContents.key 
179131     DEBUG main            d.u.i.k.p.i.AbstractProblemLoader Environment load took 64.3ns 
179132     INFO  main            d.u.i.k.p.i.AbstractProblemLoader Creating init config 
181688     DEBUG main            d.u.i.k.p.i.AbstractProblemLoader Init config took 2.56s 
181722     INFO  main            d.u.i.k.p.i.AbstractProblemLoader Replaying proof Stack[Stack::switchContents(Stack)].JML normal_behavior operation contract.0 
181724     DEBUG main            d.u.i.k.p.i.IntermediateProofReplayer Proof replay took 5.9ns 
186036     INFO  main            d.u.i.k.p.r.p.TestFile    ... finished proof: closed. 
186340     INFO  main            d.u.i.k.p.i.AbstractProblemLoader Loading environment from /home/runner/work/key/key/key.core/../key.ui/examples/heap/SmansEtAl/Stack_switchContents.key.proof 
186340     DEBUG main            d.u.i.k.p.i.AbstractProblemLoader Environment load took 159.6ns 
186342     INFO  main            d.u.i.k.p.i.AbstractProblemLoader Creating init config 
188863     DEBUG main            d.u.i.k.p.i.AbstractProblemLoader Init config took 2.52s 
188898     INFO  main            d.u.i.k.p.i.AbstractProblemLoader Replaying proof Stack[Stack::switchContents(Stack)].JML normal_behavior operation contract.0 
189146     DEBUG main            d.u.i.k.p.i.IntermediateProofReplayer Proof replay took 233.06ms 
189148     DEBUG main            d.u.i.k.p.r.p.TestFile    ... success: reloaded. 
2014531    INFO  Test worker     d.u.i.k.p.r.RunAllProofsTestUnit Returning from test SmansEtAl 
2014532    INFO  Test worker     d.u.i.k.p.r.RunAllProofsTestUnit Running test VACID0 
353        INFO  Timeout watchdog d.u.i.k.p.r.p.ForkedTestFileRunner Timeout watcher launched (2000 secs.) 
363        WARN  main            d.u.i.k.s.ProofSettings   The settings in /home/runner/.key/proof-settings.props are *not* read. 
389        INFO  main            d.u.i.k.p.r.p.TestFile    Now processing file /home/runner/work/key/key/key.core/../key.ui/examples/heap/vacid0_01_SparseArray/Harness_sparseArrayTestHarness1.key 
493        INFO  main            d.u.i.k.p.i.AbstractProblemLoader Loading environment from /home/runner/work/key/key/key.core/../key.ui/examples/heap/vacid0_01_SparseArray/Harness_sparseArrayTestHarness1.key 
509        DEBUG main            d.u.i.k.p.i.AbstractProblemLoader Environment load took 2.04ms 
718        INFO  main            d.u.i.k.p.i.AbstractProblemLoader Creating init config 
1684       DEBUG main            d.u.i.k.j.TypeConverter   No LDT found for Meta 
1685       DEBUG main            d.u.i.k.j.TypeConverter   No LDT found for Meta 
1688       DEBUG main            d.u.i.k.j.TypeConverter   No LDT found for Meta 
1688       DEBUG main            d.u.i.k.j.TypeConverter   No LDT found for Meta 
3115       DEBUG main            d.u.i.k.j.TypeConverter   No LDT found for JavaBigintExpression 
8405       DEBUG main            d.u.i.k.p.i.AbstractProblemLoader Init config took 7.69s 
8542       INFO  main            d.u.i.k.p.i.AbstractProblemLoader Replaying proof Harness[Harness::sparseArrayTestHarness1()].JML normal_behavior operation contract.0 
8598       DEBUG main            d.u.i.k.p.i.IntermediateProofReplayer Proof replay took 31.8ns 
10234      INFO  main            d.u.i.k.p.r.p.TestFile    ... finished proof: closed. 
10370      INFO  main            d.u.i.k.p.i.AbstractProblemLoader Loading environment from /home/runner/work/key/key/key.core/../key.ui/examples/heap/vacid0_01_SparseArray/Harness_sparseArrayTestHarness1.key.proof 
10371      DEBUG main            d.u.i.k.p.i.AbstractProblemLoader Environment load took 146.7ns 
10375      INFO  main            d.u.i.k.p.i.AbstractProblemLoader Creating init config 
13335      DEBUG main            d.u.i.k.p.i.AbstractProblemLoader Init config took 2.96s 
13397      INFO  main            d.u.i.k.p.i.AbstractProblemLoader Replaying proof Harness[Harness::sparseArrayTestHarness1()].JML normal_behavior operation contract.0 
13610      DEBUG main            d.u.i.k.p.i.IntermediateProofReplayer Proof replay took 195.36ms 
13617      DEBUG main            d.u.i.k.p.r.p.TestFile    ... success: reloaded. 
13619      INFO  main            d.u.i.k.p.r.p.TestFile    Now processing file /home/runner/work/key/key/key.core/../key.ui/examples/heap/vacid0_01_SparseArray/Harness_sparseArrayTestHarness2.key 
13619      INFO  main            d.u.i.k.p.i.AbstractProblemLoader Loading environment from /home/runner/work/key/key/key.core/../key.ui/examples/heap/vacid0_01_SparseArray/Harness_sparseArrayTestHarness2.key 
13622      DEBUG main            d.u.i.k.p.i.AbstractProblemLoader Environment load took 2.24ms 
13625      INFO  main            d.u.i.k.p.i.AbstractProblemLoader Creating init config 
16429      DEBUG main            d.u.i.k.p.i.AbstractProblemLoader Init config took 2.8s 
16483      INFO  main            d.u.i.k.p.i.AbstractProblemLoader Replaying proof Harness[Harness::sparseArrayTestHarness2()].JML normal_behavior operation contract.0 
16485      DEBUG main            d.u.i.k.p.i.IntermediateProofReplayer Proof replay took 5.4ns 
27160      INFO  main            d.u.i.k.p.r.p.TestFile    ... finished proof: closed. 
27356      INFO  main            d.u.i.k.p.i.AbstractProblemLoader Loading environment from /home/runner/work/key/key/key.core/../key.ui/examples/heap/vacid0_01_SparseArray/Harness_sparseArrayTestHarness2.key.proof 
27356      DEBUG main            d.u.i.k.p.i.AbstractProblemLoader Environment load took 530.9ns 
27360      INFO  main            d.u.i.k.p.i.AbstractProblemLoader Creating init config 
30001      DEBUG main            d.u.i.k.p.i.AbstractProblemLoader Init config took 2.64s 
30047      INFO  main            d.u.i.k.p.i.AbstractProblemLoader Replaying proof Harness[Harness::sparseArrayTestHarness2()].JML normal_behavior operation contract.0 
30964      DEBUG main            d.u.i.k.p.i.IntermediateProofReplayer Proof replay took 855.3ms 
30967      DEBUG main            d.u.i.k.p.r.p.TestFile    ... success: reloaded. 
30968      INFO  main            d.u.i.k.p.r.p.TestFile    Now processing file /home/runner/work/key/key/key.core/../key.ui/examples/heap/vacid0_01_SparseArray/MemoryAllocator_alloc_unsigned.key 
30969      INFO  main            d.u.i.k.p.i.AbstractProblemLoader Loading environment from /home/runner/work/key/key/key.core/../key.ui/examples/heap/vacid0_01_SparseArray/MemoryAllocator_alloc_unsigned.key 
30969      DEBUG main            d.u.i.k.p.i.AbstractProblemLoader Environment load took 217.2ns 
30970      INFO  main            d.u.i.k.p.i.AbstractProblemLoader Creating init config 
33729      DEBUG main            d.u.i.k.p.i.AbstractProblemLoader Init config took 2.76s 
33794      INFO  main            d.u.i.k.p.i.AbstractProblemLoader Replaying proof MemoryAllocator[MemoryAllocator::alloc_unsigned(int)].JML normal_behavior operation contract.0 
33796      DEBUG main            d.u.i.k.p.i.IntermediateProofReplayer Proof replay took 4.4ns 
34600      INFO  main            d.u.i.k.p.r.p.TestFile    ... finished proof: closed. 
34767      INFO  main            d.u.i.k.p.i.AbstractProblemLoader Loading environment from /home/runner/work/key/key/key.core/../key.ui/examples/heap/vacid0_01_SparseArray/MemoryAllocator_alloc_unsigned.key.proof 
34767      DEBUG main            d.u.i.k.p.i.AbstractProblemLoader Environment load took 126.4ns 
34768      INFO  main            d.u.i.k.p.i.AbstractProblemLoader Creating init config 
37401      DEBUG main            d.u.i.k.p.i.AbstractProblemLoader Init config took 2.63s 
37443      INFO  main            d.u.i.k.p.i.AbstractProblemLoader Replaying proof MemoryAllocator[MemoryAllocator::alloc_unsigned(int)].JML normal_behavior operation contract.0 
37585      DEBUG main            d.u.i.k.p.i.IntermediateProofReplayer Proof replay took 137.08ms 
37586      DEBUG main            d.u.i.k.p.r.p.TestFile    ... success: reloaded. 
37587      INFO  main            d.u.i.k.p.r.p.TestFile    Now processing file /home/runner/work/key/key/key.core/../key.ui/examples/heap/vacid0_01_SparseArray/MemoryAllocator_alloc.key 
37588      INFO  main            d.u.i.k.p.i.AbstractProblemLoader Loading environment from /home/runner/work/key/key/key.core/../key.ui/examples/heap/vacid0_01_SparseArray/MemoryAllocator_alloc.key 
37588      DEBUG main            d.u.i.k.p.i.AbstractProblemLoader Environment load took 197.2ns 
37589      INFO  main            d.u.i.k.p.i.AbstractProblemLoader Creating init config 
40250      DEBUG main            d.u.i.k.p.i.AbstractProblemLoader Init config took 2.66s 
40290      INFO  main            d.u.i.k.p.i.AbstractProblemLoader Replaying proof MemoryAllocator[MemoryAllocator::alloc(int)].JML normal_behavior operation contract.0 
40292      DEBUG main            d.u.i.k.p.i.IntermediateProofReplayer Proof replay took 5.7ns 
40795      INFO  main            d.u.i.k.p.r.p.TestFile    ... finished proof: closed. 
41017      INFO  main            d.u.i.k.p.i.AbstractProblemLoader Loading environment from /home/runner/work/key/key/key.core/../key.ui/examples/heap/vacid0_01_SparseArray/MemoryAllocator_alloc.key.proof 
41018      DEBUG main            d.u.i.k.p.i.AbstractProblemLoader Environment load took 396.3ns 
41019      INFO  main            d.u.i.k.p.i.AbstractProblemLoader Creating init config 
43794      DEBUG main            d.u.i.k.p.i.AbstractProblemLoader Init config took 2.77s 
43835      INFO  main            d.u.i.k.p.i.AbstractProblemLoader Replaying proof MemoryAllocator[MemoryAllocator::alloc(int)].JML normal_behavior operation contract.0 
43925      DEBUG main            d.u.i.k.p.i.IntermediateProofReplayer Proof replay took 85.57ms 
43926      DEBUG main            d.u.i.k.p.r.p.TestFile    ... success: reloaded. 
43927      INFO  main            d.u.i.k.p.r.p.TestFile    Now processing file /home/runner/work/key/key/key.core/../key.ui/examples/heap/vacid0_01_SparseArray/SparseArray_get_dep.key 
43928      INFO  main            d.u.i.k.p.i.AbstractProblemLoader Loading environment from /home/runner/work/key/key/key.core/../key.ui/examples/heap/vacid0_01_SparseArray/SparseArray_get_dep.key 
43928      DEBUG main            d.u.i.k.p.i.AbstractProblemLoader Environment load took 197.6ns 
43929      INFO  main            d.u.i.k.p.i.AbstractProblemLoader Creating init config 
46562      DEBUG main            d.u.i.k.p.i.AbstractProblemLoader Init config took 2.63s 
46621      INFO  main            d.u.i.k.p.i.AbstractProblemLoader Replaying proof SparseArray[SparseArray::get(int)].JML accessible clause.0 
46623      DEBUG main            d.u.i.k.p.i.IntermediateProofReplayer Proof replay took 4.7ns 
48878      INFO  main            d.u.i.k.p.r.p.TestFile    ... finished proof: closed. 
49045      INFO  main            d.u.i.k.p.i.AbstractProblemLoader Loading environment from /home/runner/work/key/key/key.core/../key.ui/examples/heap/vacid0_01_SparseArray/SparseArray_get_dep.key.proof 
49045      DEBUG main            d.u.i.k.p.i.AbstractProblemLoader Environment load took 406.6ns 
49047      INFO  main            d.u.i.k.p.i.AbstractProblemLoader Creating init config 
51690      DEBUG main            d.u.i.k.p.i.AbstractProblemLoader Init config took 2.64s 
51744      INFO  main            d.u.i.k.p.i.AbstractProblemLoader Replaying proof SparseArray[SparseArray::get(int)].JML accessible clause.0 
51900      DEBUG main            d.u.i.k.p.i.IntermediateProofReplayer Proof replay took 145.61ms 
51901      DEBUG main            d.u.i.k.p.r.p.TestFile    ... success: reloaded. 
51902      INFO  main            d.u.i.k.p.r.p.TestFile    Now processing file /home/runner/work/key/key/key.core/../key.ui/examples/heap/vacid0_01_SparseArray/SparseArray_get.key 
51903      INFO  main            d.u.i.k.p.i.AbstractProblemLoader Loading environment from /home/runner/work/key/key/key.core/../key.ui/examples/heap/vacid0_01_SparseArray/SparseArray_get.key 
51903      DEBUG main            d.u.i.k.p.i.AbstractProblemLoader Environment load took 215.9ns 
51904      INFO  main            d.u.i.k.p.i.AbstractProblemLoader Creating init config 
54574      DEBUG main            d.u.i.k.p.i.AbstractProblemLoader Init config took 2.67s 
54627      INFO  main            d.u.i.k.p.i.AbstractProblemLoader Replaying proof SparseArray[SparseArray::get(int)].JML normal_behavior operation contract.0 
54629      DEBUG main            d.u.i.k.p.i.IntermediateProofReplayer Proof replay took 5.3ns 
56545      INFO  main            d.u.i.k.p.r.p.TestFile    ... finished proof: closed. 
56719      INFO  main            d.u.i.k.p.i.AbstractProblemLoader Loading environment from /home/runner/work/key/key/key.core/../key.ui/examples/heap/vacid0_01_SparseArray/SparseArray_get.key.proof 
56719      DEBUG main            d.u.i.k.p.i.AbstractProblemLoader Environment load took 389.1ns 
56721      INFO  main            d.u.i.k.p.i.AbstractProblemLoader Creating init config 
59305      DEBUG main            d.u.i.k.p.i.AbstractProblemLoader Init config took 2.58s 
59375      INFO  main            d.u.i.k.p.i.AbstractProblemLoader Replaying proof SparseArray[SparseArray::get(int)].JML normal_behavior operation contract.0 
59560      DEBUG main            d.u.i.k.p.i.IntermediateProofReplayer Proof replay took 151.04ms 
59562      DEBUG main            d.u.i.k.p.r.p.TestFile    ... success: reloaded. 
59563      INFO  main            d.u.i.k.p.r.p.TestFile    Now processing file /home/runner/work/key/key/key.core/../key.ui/examples/heap/vacid0_01_SparseArray/SparseArray_inv.key 
59563      INFO  main            d.u.i.k.p.i.AbstractProblemLoader Loading environment from /home/runner/work/key/key/key.core/../key.ui/examples/heap/vacid0_01_SparseArray/SparseArray_inv.key 
59564      DEBUG main            d.u.i.k.p.i.AbstractProblemLoader Environment load took 214.1ns 
59565      INFO  main            d.u.i.k.p.i.AbstractProblemLoader Creating init config 
62163      DEBUG main            d.u.i.k.p.i.AbstractProblemLoader Init config took 2.6s 
62234      INFO  main            d.u.i.k.p.i.AbstractProblemLoader Replaying proof SparseArray[java.lang.Object::<inv>()].JML accessible clause.0 
62236      DEBUG main            d.u.i.k.p.i.IntermediateProofReplayer Proof replay took 5.3ns 
63840      INFO  main            d.u.i.k.p.r.p.TestFile    ... finished proof: closed. 
64011      INFO  main            d.u.i.k.p.i.AbstractProblemLoader Loading environment from /home/runner/work/key/key/key.core/../key.ui/examples/heap/vacid0_01_SparseArray/SparseArray_inv.key.proof 
64011      DEBUG main            d.u.i.k.p.i.AbstractProblemLoader Environment load took 112.3ns 
64012      INFO  main            d.u.i.k.p.i.AbstractProblemLoader Creating init config 
66616      DEBUG main            d.u.i.k.p.i.AbstractProblemLoader Init config took 2.6s 
66667      INFO  main            d.u.i.k.p.i.AbstractProblemLoader Replaying proof SparseArray[java.lang.Object::<inv>()].JML accessible clause.0 
66725      DEBUG main            d.u.i.k.p.i.IntermediateProofReplayer Proof replay took 53.49ms 
66726      DEBUG main            d.u.i.k.p.r.p.TestFile    ... success: reloaded. 
66727      INFO  main            d.u.i.k.p.r.p.TestFile    Now processing file /home/runner/work/key/key/key.core/../key.ui/examples/heap/vacid0_01_SparseArray/SparseArray_SparseArray.key 
66728      INFO  main            d.u.i.k.p.i.AbstractProblemLoader Loading environment from /home/runner/work/key/key/key.core/../key.ui/examples/heap/vacid0_01_SparseArray/SparseArray_SparseArray.key 
66728      DEBUG main            d.u.i.k.p.i.AbstractProblemLoader Environment load took 93ns 
66728      INFO  main            d.u.i.k.p.i.AbstractProblemLoader Creating init config 
69300      DEBUG main            d.u.i.k.p.i.AbstractProblemLoader Init config took 2.57s 
69355      INFO  main            d.u.i.k.p.i.AbstractProblemLoader Replaying proof SparseArray[SparseArray::SparseArray(int)].JML normal_behavior operation contract.0 
69360      DEBUG main            d.u.i.k.p.i.IntermediateProofReplayer Proof replay took 5.6ns 
72381      INFO  main            d.u.i.k.p.r.p.TestFile    ... finished proof: closed. 
72579      INFO  main            d.u.i.k.p.i.AbstractProblemLoader Loading environment from /home/runner/work/key/key/key.core/../key.ui/examples/heap/vacid0_01_SparseArray/SparseArray_SparseArray.key.proof 
72580      DEBUG main            d.u.i.k.p.i.AbstractProblemLoader Environment load took 380.9ns 
72581      INFO  main            d.u.i.k.p.i.AbstractProblemLoader Creating init config 
75132      DEBUG main            d.u.i.k.p.i.AbstractProblemLoader Init config took 2.55s 
75197      INFO  main            d.u.i.k.p.i.AbstractProblemLoader Replaying proof SparseArray[SparseArray::SparseArray(int)].JML normal_behavior operation contract.0 
75476      DEBUG main            d.u.i.k.p.i.IntermediateProofReplayer Proof replay took 267.68ms 
75478      DEBUG main            d.u.i.k.p.r.p.TestFile    ... success: reloaded. 
2090186    INFO  Test worker     d.u.i.k.p.r.RunAllProofsTestUnit Returning from test VACID0 
2090188    INFO  Test worker     d.u.i.k.p.r.RunAllProofsTestUnit Running test VSTTE10 
354        INFO  Timeout watchdog d.u.i.k.p.r.p.ForkedTestFileRunner Timeout watcher launched (2000 secs.) 
360        WARN  main            d.u.i.k.s.ProofSettings   The settings in /home/runner/.key/proof-settings.props are *not* read. 
407        INFO  main            d.u.i.k.p.r.p.TestFile    Now processing file /home/runner/work/key/key/key.core/../key.ui/examples/heap/vstte10_01_SumAndMax/SumAndMax_sumAndMax.key 
532        INFO  main            d.u.i.k.p.i.AbstractProblemLoader Loading environment from /home/runner/work/key/key/key.core/../key.ui/examples/heap/vstte10_01_SumAndMax/SumAndMax_sumAndMax.key 
551        DEBUG main            d.u.i.k.p.i.AbstractProblemLoader Environment load took 2.03ms 
775        INFO  main            d.u.i.k.p.i.AbstractProblemLoader Creating init config 
1674       DEBUG main            d.u.i.k.j.TypeConverter   No LDT found for Meta 
1675       DEBUG main            d.u.i.k.j.TypeConverter   No LDT found for Meta 
1676       DEBUG main            d.u.i.k.j.TypeConverter   No LDT found for Meta 
1677       DEBUG main            d.u.i.k.j.TypeConverter   No LDT found for Meta 
3305       DEBUG main            d.u.i.k.j.TypeConverter   No LDT found for JavaBigintExpression 
8297       DEBUG main            d.u.i.k.p.i.AbstractProblemLoader Init config took 7.52s 
8473       INFO  main            d.u.i.k.p.i.AbstractProblemLoader Replaying proof SumAndMax[SumAndMax::sumAndMax([I)].JML normal_behavior operation contract.0 
8508       DEBUG main            d.u.i.k.p.i.IntermediateProofReplayer Proof replay took 28.3ns 
13604      INFO  main            d.u.i.k.p.r.p.TestFile    ... finished proof: closed. 
13797      INFO  main            d.u.i.k.p.i.AbstractProblemLoader Loading environment from /home/runner/work/key/key/key.core/../key.ui/examples/heap/vstte10_01_SumAndMax/SumAndMax_sumAndMax.key.proof 
13799      DEBUG main            d.u.i.k.p.i.AbstractProblemLoader Environment load took 2.26ms 
13802      INFO  main            d.u.i.k.p.i.AbstractProblemLoader Creating init config 
16642      DEBUG main            d.u.i.k.p.i.AbstractProblemLoader Init config took 2.84s 
16702      INFO  main            d.u.i.k.p.i.AbstractProblemLoader Replaying proof SumAndMax[SumAndMax::sumAndMax([I)].JML normal_behavior operation contract.0 
17158      DEBUG main            d.u.i.k.p.i.IntermediateProofReplayer Proof replay took 435.55ms 
17166      DEBUG main            d.u.i.k.p.r.p.TestFile    ... success: reloaded. 
17167      INFO  main            d.u.i.k.p.r.p.TestFile    Now processing file /home/runner/work/key/key/key.core/../key.ui/examples/heap/vstte10_03_LinkedList/Node_cons.key 
17168      INFO  main            d.u.i.k.p.i.AbstractProblemLoader Loading environment from /home/runner/work/key/key/key.core/../key.ui/examples/heap/vstte10_03_LinkedList/Node_cons.key 
17168      DEBUG main            d.u.i.k.p.i.AbstractProblemLoader Environment load took 210.1ns 
17169      INFO  main            d.u.i.k.p.i.AbstractProblemLoader Creating init config 
19904      DEBUG main            d.u.i.k.p.i.AbstractProblemLoader Init config took 2.73s 
19977      INFO  main            d.u.i.k.p.i.AbstractProblemLoader Replaying proof Node[Node::cons(int,Node)].JML normal_behavior operation contract.0 
19980      DEBUG main            d.u.i.k.p.i.IntermediateProofReplayer Proof replay took 4.7ns 
21388      INFO  main            d.u.i.k.p.r.p.TestFile    ... finished proof: closed. 
21541      INFO  main            d.u.i.k.p.i.AbstractProblemLoader Loading environment from /home/runner/work/key/key/key.core/../key.ui/examples/heap/vstte10_03_LinkedList/Node_cons.key.proof 
21544      DEBUG main            d.u.i.k.p.i.AbstractProblemLoader Environment load took 2.81ms 
21546      INFO  main            d.u.i.k.p.i.AbstractProblemLoader Creating init config 
24178      DEBUG main            d.u.i.k.p.i.AbstractProblemLoader Init config took 2.63s 
24233      INFO  main            d.u.i.k.p.i.AbstractProblemLoader Replaying proof Node[Node::cons(int,Node)].JML normal_behavior operation contract.0 
24419      DEBUG main            d.u.i.k.p.i.IntermediateProofReplayer Proof replay took 174.67ms 
24420      DEBUG main            d.u.i.k.p.r.p.TestFile    ... success: reloaded. 
24421      INFO  main            d.u.i.k.p.r.p.TestFile    Now processing file /home/runner/work/key/key/key.core/../key.ui/examples/heap/vstte10_03_LinkedList/Node_inv.key 
24422      INFO  main            d.u.i.k.p.i.AbstractProblemLoader Loading environment from /home/runner/work/key/key/key.core/../key.ui/examples/heap/vstte10_03_LinkedList/Node_inv.key 
24422      DEBUG main            d.u.i.k.p.i.AbstractProblemLoader Environment load took 205.6ns 
24423      INFO  main            d.u.i.k.p.i.AbstractProblemLoader Creating init config 
27035      DEBUG main            d.u.i.k.p.i.AbstractProblemLoader Init config took 2.61s 
27092      INFO  main            d.u.i.k.p.i.AbstractProblemLoader Replaying proof Node[java.lang.Object::<inv>()].JML accessible clause.0 
27094      DEBUG main            d.u.i.k.p.i.IntermediateProofReplayer Proof replay took 5.8ns 
27396      INFO  main            d.u.i.k.p.r.p.TestFile    ... finished proof: closed. 
27553      INFO  main            d.u.i.k.p.i.AbstractProblemLoader Loading environment from /home/runner/work/key/key/key.core/../key.ui/examples/heap/vstte10_03_LinkedList/Node_inv.key.proof 
27553      DEBUG main            d.u.i.k.p.i.AbstractProblemLoader Environment load took 111.9ns 
27554      INFO  main            d.u.i.k.p.i.AbstractProblemLoader Creating init config 
30117      DEBUG main            d.u.i.k.p.i.AbstractProblemLoader Init config took 2.56s 
30167      INFO  main            d.u.i.k.p.i.AbstractProblemLoader Replaying proof Node[java.lang.Object::<inv>()].JML accessible clause.0 
30192      DEBUG main            d.u.i.k.p.i.IntermediateProofReplayer Proof replay took 21.73ms 
30193      DEBUG main            d.u.i.k.p.r.p.TestFile    ... success: reloaded. 
30194      INFO  main            d.u.i.k.p.r.p.TestFile    Now processing file /home/runner/work/key/key/key.core/../key.ui/examples/heap/vstte10_03_LinkedList/Node_search.key 
30194      INFO  main            d.u.i.k.p.i.AbstractProblemLoader Loading environment from /home/runner/work/key/key/key.core/../key.ui/examples/heap/vstte10_03_LinkedList/Node_search.key 
30195      DEBUG main            d.u.i.k.p.i.AbstractProblemLoader Environment load took 227.4ns 
30196      INFO  main            d.u.i.k.p.i.AbstractProblemLoader Creating init config 
32760      DEBUG main            d.u.i.k.p.i.AbstractProblemLoader Init config took 2.56s 
32833      INFO  main            d.u.i.k.p.i.AbstractProblemLoader Replaying proof Node[Node::search()].JML normal_behavior operation contract.0 
32835      DEBUG main            d.u.i.k.p.i.IntermediateProofReplayer Proof replay took 5.4ns 
38880      INFO  main            d.u.i.k.p.r.p.TestFile    ... finished proof: closed. 
39069      INFO  main            d.u.i.k.p.i.AbstractProblemLoader Loading environment from /home/runner/work/key/key/key.core/../key.ui/examples/heap/vstte10_03_LinkedList/Node_search.key.proof 
39069      DEBUG main            d.u.i.k.p.i.AbstractProblemLoader Environment load took 420.6ns 
39071      INFO  main            d.u.i.k.p.i.AbstractProblemLoader Creating init config 
41631      DEBUG main            d.u.i.k.p.i.AbstractProblemLoader Init config took 2.56s 
41691      INFO  main            d.u.i.k.p.i.AbstractProblemLoader Replaying proof Node[Node::search()].JML normal_behavior operation contract.0 
42138      DEBUG main            d.u.i.k.p.i.IntermediateProofReplayer Proof replay took 403.32ms 
42140      DEBUG main            d.u.i.k.p.r.p.TestFile    ... success: reloaded. 
42142      INFO  main            d.u.i.k.p.r.p.TestFile    Now processing file /home/runner/work/key/key/key.core/../key.ui/examples/heap/vstte10_04_Queens/Queens_isConsistent.key 
42142      INFO  main            d.u.i.k.p.i.AbstractProblemLoader Loading environment from /home/runner/work/key/key/key.core/../key.ui/examples/heap/vstte10_04_Queens/Queens_isConsistent.key 
42142      DEBUG main            d.u.i.k.p.i.AbstractProblemLoader Environment load took 200ns 
42143      INFO  main            d.u.i.k.p.i.AbstractProblemLoader Creating init config 
44978      DEBUG main            d.u.i.k.p.i.AbstractProblemLoader Init config took 2.83s 
45020      INFO  main            d.u.i.k.p.i.AbstractProblemLoader Replaying proof Queens[Queens::isConsistent([I,int)].JML normal_behavior operation contract.0 
45021      DEBUG main            d.u.i.k.p.i.IntermediateProofReplayer Proof replay took 5.1ns 
46637      INFO  main            d.u.i.k.p.r.p.TestFile    ... finished proof: closed. 
46928      INFO  main            d.u.i.k.p.i.AbstractProblemLoader Loading environment from /home/runner/work/key/key/key.core/../key.ui/examples/heap/vstte10_04_Queens/Queens_isConsistent.key.proof 
46929      DEBUG main            d.u.i.k.p.i.AbstractProblemLoader Environment load took 393.8ns 
46930      INFO  main            d.u.i.k.p.i.AbstractProblemLoader Creating init config 
49571      DEBUG main            d.u.i.k.p.i.AbstractProblemLoader Init config took 2.64s 
49611      INFO  main            d.u.i.k.p.i.AbstractProblemLoader Replaying proof Queens[Queens::isConsistent([I,int)].JML normal_behavior operation contract.0 
49855      DEBUG main            d.u.i.k.p.i.IntermediateProofReplayer Proof replay took 234.9ms 
49856      DEBUG main            d.u.i.k.p.r.p.TestFile    ... success: reloaded. 
49857      INFO  main            d.u.i.k.p.r.p.TestFile    Now processing file /home/runner/work/key/key/key.core/../key.ui/examples/heap/vstte10_04_Queens/Queens_nQueens.key 
49857      INFO  main            d.u.i.k.p.i.AbstractProblemLoader Loading environment from /home/runner/work/key/key/key.core/../key.ui/examples/heap/vstte10_04_Queens/Queens_nQueens.key 
49858      DEBUG main            d.u.i.k.p.i.AbstractProblemLoader Environment load took 255.5ns 
49859      INFO  main            d.u.i.k.p.i.AbstractProblemLoader Creating init config 
52476      DEBUG main            d.u.i.k.p.i.AbstractProblemLoader Init config took 2.62s 
52517      INFO  main            d.u.i.k.p.i.AbstractProblemLoader Replaying proof Queens[Queens::nQueens(int)].JML normal_behavior operation contract.0 
52518      DEBUG main            d.u.i.k.p.i.IntermediateProofReplayer Proof replay took 4.9ns 
64122      INFO  main            d.u.i.k.p.r.p.TestFile    ... finished proof: closed. 
64367      INFO  main            d.u.i.k.p.i.AbstractProblemLoader Loading environment from /home/runner/work/key/key/key.core/../key.ui/examples/heap/vstte10_04_Queens/Queens_nQueens.key.proof 
64367      DEBUG main            d.u.i.k.p.i.AbstractProblemLoader Environment load took 392.6ns 
64369      INFO  main            d.u.i.k.p.i.AbstractProblemLoader Creating init config 
66929      DEBUG main            d.u.i.k.p.i.AbstractProblemLoader Init config took 2.56s 
66979      INFO  main            d.u.i.k.p.i.AbstractProblemLoader Replaying proof Queens[Queens::nQueens(int)].JML normal_behavior operation contract.0 
67340      DEBUG main            d.u.i.k.p.i.IntermediateProofReplayer Proof replay took 344.22ms 
67342      DEBUG main            d.u.i.k.p.r.p.TestFile    ... success: reloaded. 
67343      INFO  main            d.u.i.k.p.r.p.TestFile    Now processing file /home/runner/work/key/key/key.core/../key.ui/examples/heap/vstte10_05_Queue/AmortizedQueue_AmortizedQueue.key 
67343      INFO  main            d.u.i.k.p.i.AbstractProblemLoader Loading environment from /home/runner/work/key/key/key.core/../key.ui/examples/heap/vstte10_05_Queue/AmortizedQueue_AmortizedQueue.key 
67344      DEBUG main            d.u.i.k.p.i.AbstractProblemLoader Environment load took 194.2ns 
67344      INFO  main            d.u.i.k.p.i.AbstractProblemLoader Creating init config 
70067      DEBUG main            d.u.i.k.p.i.AbstractProblemLoader Init config took 2.72s 
70112      INFO  main            d.u.i.k.p.i.AbstractProblemLoader Replaying proof AmortizedQueue[AmortizedQueue::AmortizedQueue()].JML normal_behavior operation contract.0 
70114      DEBUG main            d.u.i.k.p.i.IntermediateProofReplayer Proof replay took 4.8ns 
71420      INFO  main            d.u.i.k.p.r.p.TestFile    ... finished proof: closed. 
71604      INFO  main            d.u.i.k.p.i.AbstractProblemLoader Loading environment from /home/runner/work/key/key/key.core/../key.ui/examples/heap/vstte10_05_Queue/AmortizedQueue_AmortizedQueue.key.proof 
71605      DEBUG main            d.u.i.k.p.i.AbstractProblemLoader Environment load took 408.1ns 
71606      INFO  main            d.u.i.k.p.i.AbstractProblemLoader Creating init config 
74234      DEBUG main            d.u.i.k.p.i.AbstractProblemLoader Init config took 2.63s 
74277      INFO  main            d.u.i.k.p.i.AbstractProblemLoader Replaying proof AmortizedQueue[AmortizedQueue::AmortizedQueue()].JML normal_behavior operation contract.0 
74426      DEBUG main            d.u.i.k.p.i.IntermediateProofReplayer Proof replay took 142.18ms 
74427      DEBUG main            d.u.i.k.p.r.p.TestFile    ... success: reloaded. 
74428      INFO  main            d.u.i.k.p.r.p.TestFile    Now processing file /home/runner/work/key/key/key.core/../key.ui/examples/heap/vstte10_05_Queue/AmortizedQueue_front.key 
74428      INFO  main            d.u.i.k.p.i.AbstractProblemLoader Loading environment from /home/runner/work/key/key/key.core/../key.ui/examples/heap/vstte10_05_Queue/AmortizedQueue_front.key 
74428      DEBUG main            d.u.i.k.p.i.AbstractProblemLoader Environment load took 120.1ns 
74429      INFO  main            d.u.i.k.p.i.AbstractProblemLoader Creating init config 
77044      DEBUG main            d.u.i.k.p.i.AbstractProblemLoader Init config took 2.62s 
77086      INFO  main            d.u.i.k.p.i.AbstractProblemLoader Replaying proof AmortizedQueue[AmortizedQueue::front()].JML normal_behavior operation contract.0 
77087      DEBUG main            d.u.i.k.p.i.IntermediateProofReplayer Proof replay took 6.3ns 
77491      INFO  main            d.u.i.k.p.r.p.TestFile    ... finished proof: closed. 
77679      INFO  main            d.u.i.k.p.i.AbstractProblemLoader Loading environment from /home/runner/work/key/key/key.core/../key.ui/examples/heap/vstte10_05_Queue/AmortizedQueue_front.key.proof 
77679      DEBUG main            d.u.i.k.p.i.AbstractProblemLoader Environment load took 109.7ns 
77680      INFO  main            d.u.i.k.p.i.AbstractProblemLoader Creating init config 
80254      DEBUG main            d.u.i.k.p.i.AbstractProblemLoader Init config took 2.57s 
80306      INFO  main            d.u.i.k.p.i.AbstractProblemLoader Replaying proof AmortizedQueue[AmortizedQueue::front()].JML normal_behavior operation contract.0 
80340      DEBUG main            d.u.i.k.p.i.IntermediateProofReplayer Proof replay took 31.31ms 
80341      DEBUG main            d.u.i.k.p.r.p.TestFile    ... success: reloaded. 
80342      INFO  main            d.u.i.k.p.r.p.TestFile    Now processing file /home/runner/work/key/key/key.core/../key.ui/examples/heap/vstte10_05_Queue/LinkedList_concat.key 
80342      INFO  main            d.u.i.k.p.i.AbstractProblemLoader Loading environment from /home/runner/work/key/key/key.core/../key.ui/examples/heap/vstte10_05_Queue/LinkedList_concat.key 
80342      DEBUG main            d.u.i.k.p.i.AbstractProblemLoader Environment load took 84.5ns 
80343      INFO  main            d.u.i.k.p.i.AbstractProblemLoader Creating init config 
82950      DEBUG main            d.u.i.k.p.i.AbstractProblemLoader Init config took 2.61s 
83010      INFO  main            d.u.i.k.p.i.AbstractProblemLoader Replaying proof LinkedList[LinkedList::concat(LinkedList)].JML normal_behavior operation contract.0 
83011      DEBUG main            d.u.i.k.p.i.IntermediateProofReplayer Proof replay took 5.5ns 
90330      INFO  main            d.u.i.k.p.r.p.TestFile    ... finished proof: closed. 
90586      INFO  main            d.u.i.k.p.i.AbstractProblemLoader Loading environment from /home/runner/work/key/key/key.core/../key.ui/examples/heap/vstte10_05_Queue/LinkedList_concat.key.proof 
90586      DEBUG main            d.u.i.k.p.i.AbstractProblemLoader Environment load took 388.3ns 
90588      INFO  main            d.u.i.k.p.i.AbstractProblemLoader Creating init config 
93204      DEBUG main            d.u.i.k.p.i.AbstractProblemLoader Init config took 2.62s 
93250      INFO  main            d.u.i.k.p.i.AbstractProblemLoader Replaying proof LinkedList[LinkedList::concat(LinkedList)].JML normal_behavior operation contract.0 
93674      DEBUG main            d.u.i.k.p.i.IntermediateProofReplayer Proof replay took 394.04ms 
93676      DEBUG main            d.u.i.k.p.r.p.TestFile    ... success: reloaded. 
93677      INFO  main            d.u.i.k.p.r.p.TestFile    Now processing file /home/runner/work/key/key/key.core/../key.ui/examples/heap/vstte10_05_Queue/LinkedList_cons.key 
93677      INFO  main            d.u.i.k.p.i.AbstractProblemLoader Loading environment from /home/runner/work/key/key/key.core/../key.ui/examples/heap/vstte10_05_Queue/LinkedList_cons.key 
93682      DEBUG main            d.u.i.k.p.i.AbstractProblemLoader Environment load took 4.77ms 
93683      INFO  main            d.u.i.k.p.i.AbstractProblemLoader Creating init config 
96300      DEBUG main            d.u.i.k.p.i.AbstractProblemLoader Init config took 2.62s 
96344      INFO  main            d.u.i.k.p.i.AbstractProblemLoader Replaying proof LinkedList[LinkedList::cons(int)].JML normal_behavior operation contract.0 
96345      DEBUG main            d.u.i.k.p.i.IntermediateProofReplayer Proof replay took 5.8ns 
98452      INFO  main            d.u.i.k.p.r.p.TestFile    ... finished proof: closed. 
98673      INFO  main            d.u.i.k.p.i.AbstractProblemLoader Loading environment from /home/runner/work/key/key/key.core/../key.ui/examples/heap/vstte10_05_Queue/LinkedList_cons.key.proof 
98673      DEBUG main            d.u.i.k.p.i.AbstractProblemLoader Environment load took 398ns 
98675      INFO  main            d.u.i.k.p.i.AbstractProblemLoader Creating init config 
101246     DEBUG main            d.u.i.k.p.i.AbstractProblemLoader Init config took 2.57s 
101291     INFO  main            d.u.i.k.p.i.AbstractProblemLoader Replaying proof LinkedList[LinkedList::cons(int)].JML normal_behavior operation contract.0 
101467     DEBUG main            d.u.i.k.p.i.IntermediateProofReplayer Proof replay took 165.72ms 
101469     DEBUG main            d.u.i.k.p.r.p.TestFile    ... success: reloaded. 
101470     INFO  main            d.u.i.k.p.r.p.TestFile    Now processing file /home/runner/work/key/key/key.core/../key.ui/examples/heap/vstte10_05_Queue/LinkedList_head.key 
101470     INFO  main            d.u.i.k.p.i.AbstractProblemLoader Loading environment from /home/runner/work/key/key/key.core/../key.ui/examples/heap/vstte10_05_Queue/LinkedList_head.key 
101470     DEBUG main            d.u.i.k.p.i.AbstractProblemLoader Environment load took 195.9ns 
101471     INFO  main            d.u.i.k.p.i.AbstractProblemLoader Creating init config 
104090     DEBUG main            d.u.i.k.p.i.AbstractProblemLoader Init config took 2.62s 
104145     INFO  main            d.u.i.k.p.i.AbstractProblemLoader Replaying proof LinkedList[LinkedList::head()].JML normal_behavior operation contract.0 
104147     DEBUG main            d.u.i.k.p.i.IntermediateProofReplayer Proof replay took 6.6ns 
104253     INFO  main            d.u.i.k.p.r.p.TestFile    ... finished proof: closed. 
104512     INFO  main            d.u.i.k.p.i.AbstractProblemLoader Loading environment from /home/runner/work/key/key/key.core/../key.ui/examples/heap/vstte10_05_Queue/LinkedList_head.key.proof 
104512     DEBUG main            d.u.i.k.p.i.AbstractProblemLoader Environment load took 108.3ns 
104513     INFO  main            d.u.i.k.p.i.AbstractProblemLoader Creating init config 
107087     DEBUG main            d.u.i.k.p.i.AbstractProblemLoader Init config took 2.57s 
107136     INFO  main            d.u.i.k.p.i.AbstractProblemLoader Replaying proof LinkedList[LinkedList::head()].JML normal_behavior operation contract.0 
107149     DEBUG main            d.u.i.k.p.i.IntermediateProofReplayer Proof replay took 10.07ms 
107150     DEBUG main            d.u.i.k.p.r.p.TestFile    ... success: reloaded. 
107151     INFO  main            d.u.i.k.p.r.p.TestFile    Now processing file /home/runner/work/key/key/key.core/../key.ui/examples/heap/vstte10_05_Queue/LinkedList_inv.key 
107151     INFO  main            d.u.i.k.p.i.AbstractProblemLoader Loading environment from /home/runner/work/key/key/key.core/../key.ui/examples/heap/vstte10_05_Queue/LinkedList_inv.key 
107151     DEBUG main            d.u.i.k.p.i.AbstractProblemLoader Environment load took 187.2ns 
107152     INFO  main            d.u.i.k.p.i.AbstractProblemLoader Creating init config 
109742     DEBUG main            d.u.i.k.p.i.AbstractProblemLoader Init config took 2.59s 
109800     INFO  main            d.u.i.k.p.i.AbstractProblemLoader Replaying proof LinkedList[java.lang.Object::<inv>()].JML accessible clause.0 
109801     DEBUG main            d.u.i.k.p.i.IntermediateProofReplayer Proof replay took 6.3ns 
110107     INFO  main            d.u.i.k.p.r.p.TestFile    ... finished proof: closed. 
110315     INFO  main            d.u.i.k.p.i.AbstractProblemLoader Loading environment from /home/runner/work/key/key/key.core/../key.ui/examples/heap/vstte10_05_Queue/LinkedList_inv.key.proof 
110315     DEBUG main            d.u.i.k.p.i.AbstractProblemLoader Environment load took 109.3ns 
110316     INFO  main            d.u.i.k.p.i.AbstractProblemLoader Creating init config 
112871     DEBUG main            d.u.i.k.p.i.AbstractProblemLoader Init config took 2.56s 
112923     INFO  main            d.u.i.k.p.i.AbstractProblemLoader Replaying proof LinkedList[java.lang.Object::<inv>()].JML accessible clause.0 
112940     DEBUG main            d.u.i.k.p.i.IntermediateProofReplayer Proof replay took 15.1ms 
112941     DEBUG main            d.u.i.k.p.r.p.TestFile    ... success: reloaded. 
112942     INFO  main            d.u.i.k.p.r.p.TestFile    Now processing file /home/runner/work/key/key/key.core/../key.ui/examples/heap/vstte10_05_Queue/LinkedList_length.key 
112942     INFO  main            d.u.i.k.p.i.AbstractProblemLoader Loading environment from /home/runner/work/key/key/key.core/../key.ui/examples/heap/vstte10_05_Queue/LinkedList_length.key 
112942     DEBUG main            d.u.i.k.p.i.AbstractProblemLoader Environment load took 80.9ns 
112943     INFO  main            d.u.i.k.p.i.AbstractProblemLoader Creating init config 
115552     DEBUG main            d.u.i.k.p.i.AbstractProblemLoader Init config took 2.61s 
115594     INFO  main            d.u.i.k.p.i.AbstractProblemLoader Replaying proof LinkedList[LinkedList::length()].JML normal_behavior operation contract.0 
115595     DEBUG main            d.u.i.k.p.i.IntermediateProofReplayer Proof replay took 6ns 
115697     INFO  main            d.u.i.k.p.r.p.TestFile    ... finished proof: closed. 
115914     INFO  main            d.u.i.k.p.i.AbstractProblemLoader Loading environment from /home/runner/work/key/key/key.core/../key.ui/examples/heap/vstte10_05_Queue/LinkedList_length.key.proof 
115914     DEBUG main            d.u.i.k.p.i.AbstractProblemLoader Environment load took 102ns 
115915     INFO  main            d.u.i.k.p.i.AbstractProblemLoader Creating init config 
118472     DEBUG main            d.u.i.k.p.i.AbstractProblemLoader Init config took 2.56s 
118514     INFO  main            d.u.i.k.p.i.AbstractProblemLoader Replaying proof LinkedList[LinkedList::length()].JML normal_behavior operation contract.0 
118524     DEBUG main            d.u.i.k.p.i.IntermediateProofReplayer Proof replay took 9.11ms 
118525     DEBUG main            d.u.i.k.p.r.p.TestFile    ... success: reloaded. 
118526     INFO  main            d.u.i.k.p.r.p.TestFile    Now processing file /home/runner/work/key/key/key.core/../key.ui/examples/heap/vstte10_05_Queue/LinkedList_LinkedList1.key 
118526     INFO  main            d.u.i.k.p.i.AbstractProblemLoader Loading environment from /home/runner/work/key/key/key.core/../key.ui/examples/heap/vstte10_05_Queue/LinkedList_LinkedList1.key 
118526     DEBUG main            d.u.i.k.p.i.AbstractProblemLoader Environment load took 83.8ns 
118527     INFO  main            d.u.i.k.p.i.AbstractProblemLoader Creating init config 
121126     DEBUG main            d.u.i.k.p.i.AbstractProblemLoader Init config took 2.6s 
121168     INFO  main            d.u.i.k.p.i.AbstractProblemLoader Replaying proof LinkedList[LinkedList::LinkedList(int,LinkedList)].JML normal_behavior operation contract.0 
121169     DEBUG main            d.u.i.k.p.i.IntermediateProofReplayer Proof replay took 5.2ns 
122874     INFO  main            d.u.i.k.p.r.p.TestFile    ... finished proof: closed. 
123098     INFO  main            d.u.i.k.p.i.AbstractProblemLoader Loading environment from /home/runner/work/key/key/key.core/../key.ui/examples/heap/vstte10_05_Queue/LinkedList_LinkedList1.key.proof 
123098     DEBUG main            d.u.i.k.p.i.AbstractProblemLoader Environment load took 114.4ns 
123099     INFO  main            d.u.i.k.p.i.AbstractProblemLoader Creating init config 
125633     DEBUG main            d.u.i.k.p.i.AbstractProblemLoader Init config took 2.53s 
125675     INFO  main            d.u.i.k.p.i.AbstractProblemLoader Replaying proof LinkedList[LinkedList::LinkedList(int,LinkedList)].JML normal_behavior operation contract.0 
125822     DEBUG main            d.u.i.k.p.i.IntermediateProofReplayer Proof replay took 139.59ms 
125823     DEBUG main            d.u.i.k.p.r.p.TestFile    ... success: reloaded. 
125824     INFO  main            d.u.i.k.p.r.p.TestFile    Now processing file /home/runner/work/key/key/key.core/../key.ui/examples/heap/vstte10_05_Queue/LinkedList_LinkedList2.key 
125825     INFO  main            d.u.i.k.p.i.AbstractProblemLoader Loading environment from /home/runner/work/key/key/key.core/../key.ui/examples/heap/vstte10_05_Queue/LinkedList_LinkedList2.key 
125825     DEBUG main            d.u.i.k.p.i.AbstractProblemLoader Environment load took 202.1ns 
125826     INFO  main            d.u.i.k.p.i.AbstractProblemLoader Creating init config 
128446     DEBUG main            d.u.i.k.p.i.AbstractProblemLoader Init config took 2.62s 
128492     INFO  main            d.u.i.k.p.i.AbstractProblemLoader Replaying proof LinkedList[LinkedList::LinkedList(int,LinkedList)].JML normal_behavior operation contract.0 
128494     DEBUG main            d.u.i.k.p.i.IntermediateProofReplayer Proof replay took 5.4ns 
130099     INFO  main            d.u.i.k.p.r.p.TestFile    ... finished proof: closed. 
130344     INFO  main            d.u.i.k.p.i.AbstractProblemLoader Loading environment from /home/runner/work/key/key/key.core/../key.ui/examples/heap/vstte10_05_Queue/LinkedList_LinkedList2.key.proof 
130344     DEBUG main            d.u.i.k.p.i.AbstractProblemLoader Environment load took 110.6ns 
130346     INFO  main            d.u.i.k.p.i.AbstractProblemLoader Creating init config 
132895     DEBUG main            d.u.i.k.p.i.AbstractProblemLoader Init config took 2.55s 
132936     INFO  main            d.u.i.k.p.i.AbstractProblemLoader Replaying proof LinkedList[LinkedList::LinkedList(int,LinkedList)].JML normal_behavior operation contract.0 
133081     DEBUG main            d.u.i.k.p.i.IntermediateProofReplayer Proof replay took 138.22ms 
133082     DEBUG main            d.u.i.k.p.r.p.TestFile    ... success: reloaded. 
133083     INFO  main            d.u.i.k.p.r.p.TestFile    Now processing file /home/runner/work/key/key/key.core/../key.ui/examples/heap/vstte10_05_Queue/LinkedList_LinkedList3.key 
133083     INFO  main            d.u.i.k.p.i.AbstractProblemLoader Loading environment from /home/runner/work/key/key/key.core/../key.ui/examples/heap/vstte10_05_Queue/LinkedList_LinkedList3.key 
133083     DEBUG main            d.u.i.k.p.i.AbstractProblemLoader Environment load took 53.7ns 
133084     INFO  main            d.u.i.k.p.i.AbstractProblemLoader Creating init config 
135658     DEBUG main            d.u.i.k.p.i.AbstractProblemLoader Init config took 2.57s 
135721     INFO  main            d.u.i.k.p.i.AbstractProblemLoader Replaying proof LinkedList[LinkedList::LinkedList(int,LinkedList)].JML normal_behavior operation contract.0 
135724     DEBUG main            d.u.i.k.p.i.IntermediateProofReplayer Proof replay took 5.2ns 
147903     INFO  main            d.u.i.k.p.r.p.TestFile    ... finished proof: closed. 
148209     INFO  main            d.u.i.k.p.i.AbstractProblemLoader Loading environment from /home/runner/work/key/key/key.core/../key.ui/examples/heap/vstte10_05_Queue/LinkedList_LinkedList3.key.proof 
148209     DEBUG main            d.u.i.k.p.i.AbstractProblemLoader Environment load took 404.1ns 
148214     INFO  main            d.u.i.k.p.i.AbstractProblemLoader Creating init config 
150771     DEBUG main            d.u.i.k.p.i.AbstractProblemLoader Init config took 2.56s 
150815     INFO  main            d.u.i.k.p.i.AbstractProblemLoader Replaying proof LinkedList[LinkedList::LinkedList(int,LinkedList)].JML normal_behavior operation contract.0 
151843     DEBUG main            d.u.i.k.p.i.IntermediateProofReplayer Proof replay took 944.39ms 
151848     DEBUG main            d.u.i.k.p.r.p.TestFile    ... success: reloaded. 
151849     INFO  main            d.u.i.k.p.r.p.TestFile    Now processing file /home/runner/work/key/key/key.core/../key.ui/examples/heap/vstte10_05_Queue/LinkedList_reverse.key 
151849     INFO  main            d.u.i.k.p.i.AbstractProblemLoader Loading environment from /home/runner/work/key/key/key.core/../key.ui/examples/heap/vstte10_05_Queue/LinkedList_reverse.key 
151850     DEBUG main            d.u.i.k.p.i.AbstractProblemLoader Environment load took 85ns 
151850     INFO  main            d.u.i.k.p.i.AbstractProblemLoader Creating init config 
154437     DEBUG main            d.u.i.k.p.i.AbstractProblemLoader Init config took 2.59s 
154491     INFO  main            d.u.i.k.p.i.AbstractProblemLoader Replaying proof LinkedList[LinkedList::reverse()].JML normal_behavior operation contract.0 
154493     DEBUG main            d.u.i.k.p.i.IntermediateProofReplayer Proof replay took 5ns 
162647     INFO  main            d.u.i.k.p.r.p.TestFile    ... finished proof: closed. 
162924     INFO  main            d.u.i.k.p.i.AbstractProblemLoader Loading environment from /home/runner/work/key/key/key.core/../key.ui/examples/heap/vstte10_05_Queue/LinkedList_reverse.key.proof 
162924     DEBUG main            d.u.i.k.p.i.AbstractProblemLoader Environment load took 486.7ns 
162927     INFO  main            d.u.i.k.p.i.AbstractProblemLoader Creating init config 
165470     DEBUG main            d.u.i.k.p.i.AbstractProblemLoader Init config took 2.54s 
165515     INFO  main            d.u.i.k.p.i.AbstractProblemLoader Replaying proof LinkedList[LinkedList::reverse()].JML normal_behavior operation contract.0 
165979     DEBUG main            d.u.i.k.p.i.IntermediateProofReplayer Proof replay took 436.56ms 
165981     DEBUG main            d.u.i.k.p.r.p.TestFile    ... success: reloaded. 
165983     INFO  main            d.u.i.k.p.r.p.TestFile    Now processing file /home/runner/work/key/key/key.core/../key.ui/examples/heap/vstte10_05_Queue/LinkedList_tail.key 
165983     INFO  main            d.u.i.k.p.i.AbstractProblemLoader Loading environment from /home/runner/work/key/key/key.core/../key.ui/examples/heap/vstte10_05_Queue/LinkedList_tail.key 
165983     DEBUG main            d.u.i.k.p.i.AbstractProblemLoader Environment load took 76.2ns 
165984     INFO  main            d.u.i.k.p.i.AbstractProblemLoader Creating init config 
168546     DEBUG main            d.u.i.k.p.i.AbstractProblemLoader Init config took 2.56s 
168587     INFO  main            d.u.i.k.p.i.AbstractProblemLoader Replaying proof LinkedList[LinkedList::tail()].JML normal_behavior operation contract.0 
168589     DEBUG main            d.u.i.k.p.i.IntermediateProofReplayer Proof replay took 38.6ns 
169091     INFO  main            d.u.i.k.p.r.p.TestFile    ... finished proof: closed. 
169344     INFO  main            d.u.i.k.p.i.AbstractProblemLoader Loading environment from /home/runner/work/key/key/key.core/../key.ui/examples/heap/vstte10_05_Queue/LinkedList_tail.key.proof 
169344     DEBUG main            d.u.i.k.p.i.AbstractProblemLoader Environment load took 96.2ns 
169345     INFO  main            d.u.i.k.p.i.AbstractProblemLoader Creating init config 
171882     DEBUG main            d.u.i.k.p.i.AbstractProblemLoader Init config took 2.54s 
171924     INFO  main            d.u.i.k.p.i.AbstractProblemLoader Replaying proof LinkedList[LinkedList::tail()].JML normal_behavior operation contract.0 
171987     DEBUG main            d.u.i.k.p.i.IntermediateProofReplayer Proof replay took 60.42ms 
171988     DEBUG main            d.u.i.k.p.r.p.TestFile    ... success: reloaded. 
2262337    INFO  Test worker     d.u.i.k.p.r.RunAllProofsTestUnit Returning from test VSTTE10 
2262337    INFO  Test worker     d.u.i.k.p.r.RunAllProofsTestUnit Running test WeideEtAl 
356        INFO  Timeout watchdog d.u.i.k.p.r.p.ForkedTestFileRunner Timeout watcher launched (2000 secs.) 
366        WARN  main            d.u.i.k.s.ProofSettings   The settings in /home/runner/.key/proof-settings.props are *not* read. 
393        INFO  main            d.u.i.k.p.r.p.TestFile    Now processing file /home/runner/work/key/key/key.core/../key.ui/examples/heap/WeideEtAl_01_AddAndMultiply/AddAndMultiply_add.key 
505        INFO  main            d.u.i.k.p.i.AbstractProblemLoader Loading environment from /home/runner/work/key/key/key.core/../key.ui/examples/heap/WeideEtAl_01_AddAndMultiply/AddAndMultiply_add.key 
520        DEBUG main            d.u.i.k.p.i.AbstractProblemLoader Environment load took 1.85ms 
723        INFO  main            d.u.i.k.p.i.AbstractProblemLoader Creating init config 
1765       DEBUG main            d.u.i.k.j.TypeConverter   No LDT found for Meta 
1765       DEBUG main            d.u.i.k.j.TypeConverter   No LDT found for Meta 
1768       DEBUG main            d.u.i.k.j.TypeConverter   No LDT found for Meta 
1768       DEBUG main            d.u.i.k.j.TypeConverter   No LDT found for Meta 
3118       DEBUG main            d.u.i.k.j.TypeConverter   No LDT found for JavaBigintExpression 
7909       DEBUG main            d.u.i.k.p.i.AbstractProblemLoader Init config took 7.19s 
8038       INFO  main            d.u.i.k.p.i.AbstractProblemLoader Replaying proof AddAndMultiply[AddAndMultiply::add(int,int)].JML normal_behavior operation contract.0 
8067       DEBUG main            d.u.i.k.p.i.IntermediateProofReplayer Proof replay took 30.4ns 
9404       INFO  main            d.u.i.k.p.r.p.TestFile    ... finished proof: closed. 
9528       INFO  main            d.u.i.k.p.i.AbstractProblemLoader Loading environment from /home/runner/work/key/key/key.core/../key.ui/examples/heap/WeideEtAl_01_AddAndMultiply/AddAndMultiply_add.key.proof 
9528       DEBUG main            d.u.i.k.p.i.AbstractProblemLoader Environment load took 409.6ns 
9530       INFO  main            d.u.i.k.p.i.AbstractProblemLoader Creating init config 
12224      DEBUG main            d.u.i.k.p.i.AbstractProblemLoader Init config took 2.69s 
12294      INFO  main            d.u.i.k.p.i.AbstractProblemLoader Replaying proof AddAndMultiply[AddAndMultiply::add(int,int)].JML normal_behavior operation contract.0 
12515      DEBUG main            d.u.i.k.p.i.IntermediateProofReplayer Proof replay took 210.86ms 
12522      DEBUG main            d.u.i.k.p.r.p.TestFile    ... success: reloaded. 
12525      INFO  main            d.u.i.k.p.r.p.TestFile    Now processing file /home/runner/work/key/key/key.core/../key.ui/examples/heap/WeideEtAl_01_AddAndMultiply/AddAndMultiply_mul.key 
12525      INFO  main            d.u.i.k.p.i.AbstractProblemLoader Loading environment from /home/runner/work/key/key/key.core/../key.ui/examples/heap/WeideEtAl_01_AddAndMultiply/AddAndMultiply_mul.key 
12525      DEBUG main            d.u.i.k.p.i.AbstractProblemLoader Environment load took 111ns 
12528      INFO  main            d.u.i.k.p.i.AbstractProblemLoader Creating init config 
15074      DEBUG main            d.u.i.k.p.i.AbstractProblemLoader Init config took 2.55s 
15128      INFO  main            d.u.i.k.p.i.AbstractProblemLoader Replaying proof AddAndMultiply[AddAndMultiply::mul(int,int)].JML normal_behavior operation contract.0 
15131      DEBUG main            d.u.i.k.p.i.IntermediateProofReplayer Proof replay took 5ns 
15535      INFO  main            d.u.i.k.p.r.p.TestFile    ... finished proof: closed. 
15675      INFO  main            d.u.i.k.p.i.AbstractProblemLoader Loading environment from /home/runner/work/key/key/key.core/../key.ui/examples/heap/WeideEtAl_01_AddAndMultiply/AddAndMultiply_mul.key.proof 
15680      DEBUG main            d.u.i.k.p.i.AbstractProblemLoader Environment load took 4.24ms 
15681      INFO  main            d.u.i.k.p.i.AbstractProblemLoader Creating init config 
18218      DEBUG main            d.u.i.k.p.i.AbstractProblemLoader Init config took 2.54s 
18264      INFO  main            d.u.i.k.p.i.AbstractProblemLoader Replaying proof AddAndMultiply[AddAndMultiply::mul(int,int)].JML normal_behavior operation contract.0 
18350      DEBUG main            d.u.i.k.p.i.IntermediateProofReplayer Proof replay took 81.17ms 
18352      DEBUG main            d.u.i.k.p.r.p.TestFile    ... success: reloaded. 
18353      INFO  main            d.u.i.k.p.r.p.TestFile    Now processing file /home/runner/work/key/key/key.core/../key.ui/examples/heap/WeideEtAl_02_BinarySearch/BinarySearch_search.key 
18353      INFO  main            d.u.i.k.p.i.AbstractProblemLoader Loading environment from /home/runner/work/key/key/key.core/../key.ui/examples/heap/WeideEtAl_02_BinarySearch/BinarySearch_search.key 
18353      DEBUG main            d.u.i.k.p.i.AbstractProblemLoader Environment load took 200.1ns 
18355      INFO  main            d.u.i.k.p.i.AbstractProblemLoader Creating init config 
20893      DEBUG main            d.u.i.k.p.i.AbstractProblemLoader Init config took 2.54s 
20937      INFO  main            d.u.i.k.p.i.AbstractProblemLoader Replaying proof BinarySearch[BinarySearch::search([I,int)].JML normal_behavior operation contract.0 
20940      DEBUG main            d.u.i.k.p.i.IntermediateProofReplayer Proof replay took 5.4ns 
23867      INFO  main            d.u.i.k.p.r.p.TestFile    ... finished proof: closed. 
24034      INFO  main            d.u.i.k.p.i.AbstractProblemLoader Loading environment from /home/runner/work/key/key/key.core/../key.ui/examples/heap/WeideEtAl_02_BinarySearch/BinarySearch_search.key.proof 
24040      DEBUG main            d.u.i.k.p.i.AbstractProblemLoader Environment load took 753.6ns 
24041      INFO  main            d.u.i.k.p.i.AbstractProblemLoader Creating init config 
26457      DEBUG main            d.u.i.k.p.i.AbstractProblemLoader Init config took 2.42s 
26501      INFO  main            d.u.i.k.p.i.AbstractProblemLoader Replaying proof BinarySearch[BinarySearch::search([I,int)].JML normal_behavior operation contract.0 
26861      DEBUG main            d.u.i.k.p.i.IntermediateProofReplayer Proof replay took 340.26ms 
26862      DEBUG main            d.u.i.k.p.r.p.TestFile    ... success: reloaded. 
2289395    INFO  Test worker     d.u.i.k.p.r.RunAllProofsTestUnit Returning from test WeideEtAl 
2289397    INFO  Test worker     d.u.i.k.p.r.RunAllProofsTestUnit Running test arithmetic 
365        INFO  Timeout watchdog d.u.i.k.p.r.p.ForkedTestFileRunner Timeout watcher launched (2000 secs.) 
367        WARN  main            d.u.i.k.s.ProofSettings   The settings in /home/runner/.key/proof-settings.props are *not* read. 
393        INFO  main            d.u.i.k.p.r.p.TestFile    Now processing file /home/runner/work/key/key/key.core/../key.ui/examples/standard_key/arith/binomial1.key 
516        INFO  main            d.u.i.k.p.i.AbstractProblemLoader Loading environment from /home/runner/work/key/key/key.core/../key.ui/examples/standard_key/arith/binomial1.key 
532        DEBUG main            d.u.i.k.p.i.AbstractProblemLoader Environment load took 2.03ms 
787        INFO  main            d.u.i.k.p.i.AbstractProblemLoader Creating init config 
1624       DEBUG main            d.u.i.k.j.TypeConverter   No LDT found for Meta 
1624       DEBUG main            d.u.i.k.j.TypeConverter   No LDT found for Meta 
1626       DEBUG main            d.u.i.k.j.TypeConverter   No LDT found for Meta 
1626       DEBUG main            d.u.i.k.j.TypeConverter   No LDT found for Meta 
3163       DEBUG main            d.u.i.k.j.TypeConverter   No LDT found for JavaBigintExpression 
7713       DEBUG main            d.u.i.k.p.i.AbstractProblemLoader Init config took 6.93s 
7770       INFO  main            d.u.i.k.p.i.AbstractProblemLoader Replaying proof binomial1.key 
7799       DEBUG main            d.u.i.k.p.i.IntermediateProofReplayer Proof replay took 32.6ns 
8062       INFO  main            d.u.i.k.p.r.p.TestFile    ... finished proof: closed. 
8177       INFO  main            d.u.i.k.p.i.AbstractProblemLoader Loading environment from /home/runner/work/key/key/key.core/../key.ui/examples/standard_key/arith/binomial1.key.proof 
8178       DEBUG main            d.u.i.k.p.i.AbstractProblemLoader Environment load took 1.73ms 
8183       INFO  main            d.u.i.k.p.i.AbstractProblemLoader Creating init config 
10914      DEBUG main            d.u.i.k.p.i.AbstractProblemLoader Init config took 2.73s 
10944      INFO  main            d.u.i.k.p.i.AbstractProblemLoader Replaying proof binomial1.key.proof 
10957      DEBUG main            d.u.i.k.p.i.IntermediateProofReplayer Proof replay took 8.34ms 
10974      DEBUG main            d.u.i.k.p.r.p.TestFile    ... success: reloaded. 
10975      INFO  main            d.u.i.k.p.r.p.TestFile    Now processing file /home/runner/work/key/key/key.core/../key.ui/examples/standard_key/arith/binomial2.key 
10975      INFO  main            d.u.i.k.p.i.AbstractProblemLoader Loading environment from /home/runner/work/key/key/key.core/../key.ui/examples/standard_key/arith/binomial2.key 
10975      DEBUG main            d.u.i.k.p.i.AbstractProblemLoader Environment load took 119ns 
10978      INFO  main            d.u.i.k.p.i.AbstractProblemLoader Creating init config 
13573      DEBUG main            d.u.i.k.p.i.AbstractProblemLoader Init config took 2.59s 
13606      INFO  main            d.u.i.k.p.i.AbstractProblemLoader Replaying proof binomial2.key 
13611      DEBUG main            d.u.i.k.p.i.IntermediateProofReplayer Proof replay took 5.9ns 
13717      INFO  main            d.u.i.k.p.r.p.TestFile    ... finished proof: closed. 
13837      INFO  main            d.u.i.k.p.i.AbstractProblemLoader Loading environment from /home/runner/work/key/key/key.core/../key.ui/examples/standard_key/arith/binomial2.key.proof 
13837      DEBUG main            d.u.i.k.p.i.AbstractProblemLoader Environment load took 122.4ns 
13839      INFO  main            d.u.i.k.p.i.AbstractProblemLoader Creating init config 
16449      DEBUG main            d.u.i.k.p.i.AbstractProblemLoader Init config took 2.61s 
16470      INFO  main            d.u.i.k.p.i.AbstractProblemLoader Replaying proof binomial2.key.proof 
16482      DEBUG main            d.u.i.k.p.i.IntermediateProofReplayer Proof replay took 10.02ms 
16486      DEBUG main            d.u.i.k.p.r.p.TestFile    ... success: reloaded. 
16488      INFO  main            d.u.i.k.p.r.p.TestFile    Now processing file /home/runner/work/key/key/key.core/../key.ui/examples/standard_key/arith/check_jdiv.key 
16489      INFO  main            d.u.i.k.p.i.AbstractProblemLoader Loading environment from /home/runner/work/key/key/key.core/../key.ui/examples/standard_key/arith/check_jdiv.key 
16489      DEBUG main            d.u.i.k.p.i.AbstractProblemLoader Environment load took 209.9ns 
16492      INFO  main            d.u.i.k.p.i.AbstractProblemLoader Creating init config 
19016      DEBUG main            d.u.i.k.p.i.AbstractProblemLoader Init config took 2.52s 
19037      INFO  main            d.u.i.k.p.i.AbstractProblemLoader Replaying proof check_jdiv.key 
19040      DEBUG main            d.u.i.k.p.i.IntermediateProofReplayer Proof replay took 5.7ns 
24529      INFO  main            d.u.i.k.p.r.p.TestFile    ... finished proof: closed. 
24813      INFO  main            d.u.i.k.p.i.AbstractProblemLoader Loading environment from /home/runner/work/key/key/key.core/../key.ui/examples/standard_key/arith/check_jdiv.key.proof 
24813      DEBUG main            d.u.i.k.p.i.AbstractProblemLoader Environment load took 188.1ns 
24817      INFO  main            d.u.i.k.p.i.AbstractProblemLoader Creating init config 
27281      DEBUG main            d.u.i.k.p.i.AbstractProblemLoader Init config took 2.46s 
27310      INFO  main            d.u.i.k.p.i.AbstractProblemLoader Replaying proof check_jdiv.key.proof 
27614      DEBUG main            d.u.i.k.p.i.IntermediateProofReplayer Proof replay took 258.38ms 
27616      DEBUG main            d.u.i.k.p.r.p.TestFile    ... success: reloaded. 
27618      INFO  main            d.u.i.k.p.r.p.TestFile    Now processing file /home/runner/work/key/key/key.core/../key.ui/examples/standard_key/arith/check_jdiv_concrete.key 
27618      INFO  main            d.u.i.k.p.i.AbstractProblemLoader Loading environment from /home/runner/work/key/key/key.core/../key.ui/examples/standard_key/arith/check_jdiv_concrete.key 
27618      DEBUG main            d.u.i.k.p.i.AbstractProblemLoader Environment load took 193.6ns 
27620      INFO  main            d.u.i.k.p.i.AbstractProblemLoader Creating init config 
30108      DEBUG main            d.u.i.k.p.i.AbstractProblemLoader Init config took 2.49s 
30128      INFO  main            d.u.i.k.p.i.AbstractProblemLoader Replaying proof check_jdiv_concrete.key 
30131      DEBUG main            d.u.i.k.p.i.IntermediateProofReplayer Proof replay took 13.4ns 
30233      INFO  main            d.u.i.k.p.r.p.TestFile    ... finished proof: closed. 
30408      INFO  main            d.u.i.k.p.i.AbstractProblemLoader Loading environment from /home/runner/work/key/key/key.core/../key.ui/examples/standard_key/arith/check_jdiv_concrete.key.proof 
30409      DEBUG main            d.u.i.k.p.i.AbstractProblemLoader Environment load took 121.1ns 
30410      INFO  main            d.u.i.k.p.i.AbstractProblemLoader Creating init config 
32813      DEBUG main            d.u.i.k.p.i.AbstractProblemLoader Init config took 2.4s 
32832      INFO  main            d.u.i.k.p.i.AbstractProblemLoader Replaying proof check_jdiv_concrete.key.proof 
32837      DEBUG main            d.u.i.k.p.i.IntermediateProofReplayer Proof replay took 2.36ms 
32837      DEBUG main            d.u.i.k.p.r.p.TestFile    ... success: reloaded. 
32838      INFO  main            d.u.i.k.p.r.p.TestFile    Now processing file /home/runner/work/key/key/key.core/../key.ui/examples/standard_key/arith/check_jdiv_instantiated.key 
32839      INFO  main            d.u.i.k.p.i.AbstractProblemLoader Loading environment from /home/runner/work/key/key/key.core/../key.ui/examples/standard_key/arith/check_jdiv_instantiated.key 
32839      DEBUG main            d.u.i.k.p.i.AbstractProblemLoader Environment load took 135.7ns 
32840      INFO  main            d.u.i.k.p.i.AbstractProblemLoader Creating init config 
35291      DEBUG main            d.u.i.k.p.i.AbstractProblemLoader Init config took 2.45s 
35310      INFO  main            d.u.i.k.p.i.AbstractProblemLoader Replaying proof check_jdiv_instantiated.key 
35313      DEBUG main            d.u.i.k.p.i.IntermediateProofReplayer Proof replay took 5.3ns 
38333      INFO  main            d.u.i.k.p.r.p.TestFile    ... finished proof: closed. 
38538      INFO  main            d.u.i.k.p.i.AbstractProblemLoader Loading environment from /home/runner/work/key/key/key.core/../key.ui/examples/standard_key/arith/check_jdiv_instantiated.key.proof 
38539      DEBUG main            d.u.i.k.p.i.AbstractProblemLoader Environment load took 400.1ns 
38541      INFO  main            d.u.i.k.p.i.AbstractProblemLoader Creating init config 
40927      DEBUG main            d.u.i.k.p.i.AbstractProblemLoader Init config took 2.39s 
40948      INFO  main            d.u.i.k.p.i.AbstractProblemLoader Replaying proof check_jdiv_instantiated.key.proof 
41087      DEBUG main            d.u.i.k.p.i.IntermediateProofReplayer Proof replay took 100.66ms 
41090      DEBUG main            d.u.i.k.p.r.p.TestFile    ... success: reloaded. 
41091      INFO  main            d.u.i.k.p.r.p.TestFile    Now processing file /home/runner/work/key/key/key.core/../key.ui/examples/standard_key/arith/check_jmod.key 
41092      INFO  main            d.u.i.k.p.i.AbstractProblemLoader Loading environment from /home/runner/work/key/key/key.core/../key.ui/examples/standard_key/arith/check_jmod.key 
41092      DEBUG main            d.u.i.k.p.i.AbstractProblemLoader Environment load took 261.7ns 
41093      INFO  main            d.u.i.k.p.i.AbstractProblemLoader Creating init config 
43492      DEBUG main            d.u.i.k.p.i.AbstractProblemLoader Init config took 2.4s 
43511      INFO  main            d.u.i.k.p.i.AbstractProblemLoader Replaying proof check_jmod.key 
43513      DEBUG main            d.u.i.k.p.i.IntermediateProofReplayer Proof replay took 5.3ns 
44016      INFO  main            d.u.i.k.p.r.p.TestFile    ... finished proof: closed. 
44210      INFO  main            d.u.i.k.p.i.AbstractProblemLoader Loading environment from /home/runner/work/key/key/key.core/../key.ui/examples/standard_key/arith/check_jmod.key.proof 
44210      DEBUG main            d.u.i.k.p.i.AbstractProblemLoader Environment load took 396.2ns 
44211      INFO  main            d.u.i.k.p.i.AbstractProblemLoader Creating init config 
46594      DEBUG main            d.u.i.k.p.i.AbstractProblemLoader Init config took 2.38s 
46613      INFO  main            d.u.i.k.p.i.AbstractProblemLoader Replaying proof check_jmod.key.proof 
46641      DEBUG main            d.u.i.k.p.i.IntermediateProofReplayer Proof replay took 22.88ms 
46642      DEBUG main            d.u.i.k.p.r.p.TestFile    ... success: reloaded. 
46643      INFO  main            d.u.i.k.p.r.p.TestFile    Now processing file /home/runner/work/key/key/key.core/../key.ui/examples/standard_key/arith/complexExpressions.key 
46644      INFO  main            d.u.i.k.p.i.AbstractProblemLoader Loading environment from /home/runner/work/key/key/key.core/../key.ui/examples/standard_key/arith/complexExpressions.key 
46644      DEBUG main            d.u.i.k.p.i.AbstractProblemLoader Environment load took 196.6ns 
46645      INFO  main            d.u.i.k.p.i.AbstractProblemLoader Creating init config 
49084      DEBUG main            d.u.i.k.p.i.AbstractProblemLoader Init config took 2.44s 
49107      INFO  main            d.u.i.k.p.i.AbstractProblemLoader Replaying proof complexExpressions.key 
49111      DEBUG main            d.u.i.k.p.i.IntermediateProofReplayer Proof replay took 5.3ns 
49322      INFO  main            d.u.i.k.p.r.p.TestFile    ... finished proof: closed. 
49482      INFO  main            d.u.i.k.p.i.AbstractProblemLoader Loading environment from /home/runner/work/key/key/key.core/../key.ui/examples/standard_key/arith/complexExpressions.key.proof 
49482      DEBUG main            d.u.i.k.p.i.AbstractProblemLoader Environment load took 110ns 
49484      INFO  main            d.u.i.k.p.i.AbstractProblemLoader Creating init config 
51889      DEBUG main            d.u.i.k.p.i.AbstractProblemLoader Init config took 2.41s 
51909      INFO  main            d.u.i.k.p.i.AbstractProblemLoader Replaying proof complexExpressions.key.proof 
51917      DEBUG main            d.u.i.k.p.i.IntermediateProofReplayer Proof replay took 6.34ms 
51918      DEBUG main            d.u.i.k.p.r.p.TestFile    ... success: reloaded. 
51918      INFO  main            d.u.i.k.p.r.p.TestFile    Now processing file /home/runner/work/key/key/key.core/../key.ui/examples/standard_key/arith/compound_unaryMinus.key 
51918      INFO  main            d.u.i.k.p.i.AbstractProblemLoader Loading environment from /home/runner/work/key/key/key.core/../key.ui/examples/standard_key/arith/compound_unaryMinus.key 
51919      DEBUG main            d.u.i.k.p.i.AbstractProblemLoader Environment load took 85.5ns 
51919      INFO  main            d.u.i.k.p.i.AbstractProblemLoader Creating init config 
54356      DEBUG main            d.u.i.k.p.i.AbstractProblemLoader Init config took 2.44s 
54378      INFO  main            d.u.i.k.p.i.AbstractProblemLoader Replaying proof compound_unaryMinus.key 
54381      DEBUG main            d.u.i.k.p.i.IntermediateProofReplayer Proof replay took 5.6ns 
54482      INFO  main            d.u.i.k.p.r.p.TestFile    ... finished proof: closed. 
54624      INFO  main            d.u.i.k.p.i.AbstractProblemLoader Loading environment from /home/runner/work/key/key/key.core/../key.ui/examples/standard_key/arith/compound_unaryMinus.key.proof 
54624      DEBUG main            d.u.i.k.p.i.AbstractProblemLoader Environment load took 107.8ns 
54625      INFO  main            d.u.i.k.p.i.AbstractProblemLoader Creating init config 
57025      DEBUG main            d.u.i.k.p.i.AbstractProblemLoader Init config took 2.4s 
57044      INFO  main            d.u.i.k.p.i.AbstractProblemLoader Replaying proof compound_unaryMinus.key.proof 
57049      DEBUG main            d.u.i.k.p.i.IntermediateProofReplayer Proof replay took 3.13ms 
57050      DEBUG main            d.u.i.k.p.r.p.TestFile    ... success: reloaded. 
57050      INFO  main            d.u.i.k.p.r.p.TestFile    Now processing file /home/runner/work/key/key/key.core/../key.ui/examples/standard_key/arith/computation.key 
57052      INFO  main            d.u.i.k.p.i.AbstractProblemLoader Loading environment from /home/runner/work/key/key/key.core/../key.ui/examples/standard_key/arith/computation.key 
57053      DEBUG main            d.u.i.k.p.i.AbstractProblemLoader Environment load took 461.6ns 
57054      INFO  main            d.u.i.k.p.i.AbstractProblemLoader Creating init config 
59474      DEBUG main            d.u.i.k.p.i.AbstractProblemLoader Init config took 2.42s 
59495      INFO  main            d.u.i.k.p.i.AbstractProblemLoader Replaying proof computation.key 
59497      DEBUG main            d.u.i.k.p.i.IntermediateProofReplayer Proof replay took 5.3ns 
60901      INFO  main            d.u.i.k.p.r.p.TestFile    ... finished proof: closed. 
61116      INFO  main            d.u.i.k.p.i.AbstractProblemLoader Loading environment from /home/runner/work/key/key/key.core/../key.ui/examples/standard_key/arith/computation.key.proof 
61116      DEBUG main            d.u.i.k.p.i.AbstractProblemLoader Environment load took 390.6ns 
61118      INFO  main            d.u.i.k.p.i.AbstractProblemLoader Creating init config 
63517      DEBUG main            d.u.i.k.p.i.AbstractProblemLoader Init config took 2.4s 
63534      INFO  main            d.u.i.k.p.i.AbstractProblemLoader Replaying proof computation.key.proof 
63595      DEBUG main            d.u.i.k.p.i.IntermediateProofReplayer Proof replay took 56.15ms 
63596      DEBUG main            d.u.i.k.p.r.p.TestFile    ... success: reloaded. 
63597      INFO  main            d.u.i.k.p.r.p.TestFile    Now processing file /home/runner/work/key/key/key.core/../key.ui/examples/standard_key/arith/cubicSum.key 
63597      INFO  main            d.u.i.k.p.i.AbstractProblemLoader Loading environment from /home/runner/work/key/key/key.core/../key.ui/examples/standard_key/arith/cubicSum.key 
63597      DEBUG main            d.u.i.k.p.i.AbstractProblemLoader Environment load took 202.2ns 
63599      INFO  main            d.u.i.k.p.i.AbstractProblemLoader Creating init config 
66021      DEBUG main            d.u.i.k.p.i.AbstractProblemLoader Init config took 2.42s 
66038      INFO  main            d.u.i.k.p.i.AbstractProblemLoader Replaying proof cubicSum.key 
66039      DEBUG main            d.u.i.k.p.i.IntermediateProofReplayer Proof replay took 5.4ns 
66950      INFO  main            d.u.i.k.p.r.p.TestFile    ... finished proof: closed. 
67189      INFO  main            d.u.i.k.p.i.AbstractProblemLoader Loading environment from /home/runner/work/key/key/key.core/../key.ui/examples/standard_key/arith/cubicSum.key.proof 
67189      DEBUG main            d.u.i.k.p.i.AbstractProblemLoader Environment load took 112.7ns 
67192      INFO  main            d.u.i.k.p.i.AbstractProblemLoader Creating init config 
69556      DEBUG main            d.u.i.k.p.i.AbstractProblemLoader Init config took 2.36s 
69573      INFO  main            d.u.i.k.p.i.AbstractProblemLoader Replaying proof cubicSum.key.proof 
69680      DEBUG main            d.u.i.k.p.i.IntermediateProofReplayer Proof replay took 103.7ms 
69681      DEBUG main            d.u.i.k.p.r.p.TestFile    ... success: reloaded. 
69683      INFO  main            d.u.i.k.p.r.p.TestFile    Now processing file /home/runner/work/key/key/key.core/../key.ui/examples/standard_key/arith/divByZero.key 
69683      INFO  main            d.u.i.k.p.i.AbstractProblemLoader Loading environment from /home/runner/work/key/key/key.core/../key.ui/examples/standard_key/arith/divByZero.key 
69683      DEBUG main            d.u.i.k.p.i.AbstractProblemLoader Environment load took 193.7ns 
69684      INFO  main            d.u.i.k.p.i.AbstractProblemLoader Creating init config 
71991      DEBUG main            d.u.i.k.p.i.AbstractProblemLoader Init config took 2.31s 
72007      INFO  main            d.u.i.k.p.i.AbstractProblemLoader Replaying proof divByZero.key 
72008      DEBUG main            d.u.i.k.p.i.IntermediateProofReplayer Proof replay took 5.4ns 
72210      INFO  main            d.u.i.k.p.r.p.TestFile    ... finished proof: closed. 
72461      INFO  main            d.u.i.k.p.i.AbstractProblemLoader Loading environment from /home/runner/work/key/key/key.core/../key.ui/examples/standard_key/arith/divByZero.key.proof 
72461      DEBUG main            d.u.i.k.p.i.AbstractProblemLoader Environment load took 106.9ns 
72462      INFO  main            d.u.i.k.p.i.AbstractProblemLoader Creating init config 
74716      DEBUG main            d.u.i.k.p.i.AbstractProblemLoader Init config took 2.25s 
74732      INFO  main            d.u.i.k.p.i.AbstractProblemLoader Replaying proof divByZero.key.proof 
74757      DEBUG main            d.u.i.k.p.i.IntermediateProofReplayer Proof replay took 23.25ms 
74758      DEBUG main            d.u.i.k.p.r.p.TestFile    ... success: reloaded. 
74762      INFO  main            d.u.i.k.p.r.p.TestFile    Now processing file /home/runner/work/key/key/key.core/../key.ui/examples/standard_key/arith/divisionAssoc.key 
74763      INFO  main            d.u.i.k.p.i.AbstractProblemLoader Loading environment from /home/runner/work/key/key/key.core/../key.ui/examples/standard_key/arith/divisionAssoc.key 
74763      DEBUG main            d.u.i.k.p.i.AbstractProblemLoader Environment load took 243.5ns 
74764      INFO  main            d.u.i.k.p.i.AbstractProblemLoader Creating init config 
77066      DEBUG main            d.u.i.k.p.i.AbstractProblemLoader Init config took 2.3s 
77083      INFO  main            d.u.i.k.p.i.AbstractProblemLoader Replaying proof divisionAssoc.key 
77084      DEBUG main            d.u.i.k.p.i.IntermediateProofReplayer Proof replay took 5.2ns 
77787      INFO  main            d.u.i.k.p.r.p.TestFile    ... finished proof: closed. 
78052      INFO  main            d.u.i.k.p.i.AbstractProblemLoader Loading environment from /home/runner/work/key/key/key.core/../key.ui/examples/standard_key/arith/divisionAssoc.key.proof 
78052      DEBUG main            d.u.i.k.p.i.AbstractProblemLoader Environment load took 589.3ns 
78054      INFO  main            d.u.i.k.p.i.AbstractProblemLoader Creating init config 
80276      DEBUG main            d.u.i.k.p.i.AbstractProblemLoader Init config took 2.22s 
80304      INFO  main            d.u.i.k.p.i.AbstractProblemLoader Replaying proof divisionAssoc.key.proof 
80338      DEBUG main            d.u.i.k.p.i.IntermediateProofReplayer Proof replay took 27.95ms 
80339      DEBUG main            d.u.i.k.p.r.p.TestFile    ... success: reloaded. 
80340      INFO  main            d.u.i.k.p.r.p.TestFile    Now processing file /home/runner/work/key/key/key.core/../key.ui/examples/standard_key/arith/divisionBy2.key 
80340      INFO  main            d.u.i.k.p.i.AbstractProblemLoader Loading environment from /home/runner/work/key/key/key.core/../key.ui/examples/standard_key/arith/divisionBy2.key 
80340      DEBUG main            d.u.i.k.p.i.AbstractProblemLoader Environment load took 85.3ns 
80341      INFO  main            d.u.i.k.p.i.AbstractProblemLoader Creating init config 
82612      DEBUG main            d.u.i.k.p.i.AbstractProblemLoader Init config took 2.27s 
82641      INFO  main            d.u.i.k.p.i.AbstractProblemLoader Replaying proof divisionBy2.key 
82642      DEBUG main            d.u.i.k.p.i.IntermediateProofReplayer Proof replay took 6.2ns 
82744      INFO  main            d.u.i.k.p.r.p.TestFile    ... finished proof: closed. 
82936      INFO  main            d.u.i.k.p.i.AbstractProblemLoader Loading environment from /home/runner/work/key/key/key.core/../key.ui/examples/standard_key/arith/divisionBy2.key.proof 
82936      DEBUG main            d.u.i.k.p.i.AbstractProblemLoader Environment load took 112.3ns 
82937      INFO  main            d.u.i.k.p.i.AbstractProblemLoader Creating init config 
85187      DEBUG main            d.u.i.k.p.i.AbstractProblemLoader Init config took 2.25s 
85202      INFO  main            d.u.i.k.p.i.AbstractProblemLoader Replaying proof divisionBy2.key.proof 
85213      DEBUG main            d.u.i.k.p.i.IntermediateProofReplayer Proof replay took 6.38ms 
85214      DEBUG main            d.u.i.k.p.r.p.TestFile    ... success: reloaded. 
85214      INFO  main            d.u.i.k.p.r.p.TestFile    Now processing file /home/runner/work/key/key/key.core/../key.ui/examples/standard_key/arith/euclidean/gcdHelp-post.key 
85215      INFO  main            d.u.i.k.p.i.AbstractProblemLoader Loading environment from /home/runner/work/key/key/key.core/../key.ui/examples/standard_key/arith/euclidean/gcdHelp-post.key 
85215      DEBUG main            d.u.i.k.p.i.AbstractProblemLoader Environment load took 190.7ns 
85216      INFO  main            d.u.i.k.p.i.AbstractProblemLoader Creating init config 
87727      DEBUG main            d.u.i.k.p.i.AbstractProblemLoader Init config took 2.51s 
87743      INFO  main            d.u.i.k.p.i.AbstractProblemLoader Replaying proof gcdHelp-post.key 
87744      DEBUG main            d.u.i.k.p.i.IntermediateProofReplayer Proof replay took 5.8ns 
90851      INFO  main            d.u.i.k.p.r.p.TestFile    ... finished proof: closed. 
91077      INFO  main            d.u.i.k.p.i.AbstractProblemLoader Loading environment from /home/runner/work/key/key/key.core/../key.ui/examples/standard_key/arith/euclidean/gcdHelp-post.key.proof 
91078      DEBUG main            d.u.i.k.p.i.AbstractProblemLoader Environment load took 111.9ns 
91079      INFO  main            d.u.i.k.p.i.AbstractProblemLoader Creating init config 
93420      DEBUG main            d.u.i.k.p.i.AbstractProblemLoader Init config took 2.34s 
93435      INFO  main            d.u.i.k.p.i.AbstractProblemLoader Replaying proof gcdHelp-post.key.proof 
93570      DEBUG main            d.u.i.k.p.i.IntermediateProofReplayer Proof replay took 125.2ms 
93571      DEBUG main            d.u.i.k.p.r.p.TestFile    ... success: reloaded. 
93572      INFO  main            d.u.i.k.p.r.p.TestFile    Now processing file /home/runner/work/key/key/key.core/../key.ui/examples/standard_key/arith/gemplusDecimal/add.key 
93573      INFO  main            d.u.i.k.p.i.AbstractProblemLoader Loading environment from /home/runner/work/key/key/key.core/../key.ui/examples/standard_key/arith/gemplusDecimal/add.key 
93573      DEBUG main            d.u.i.k.p.i.AbstractProblemLoader Environment load took 188.2ns 
93575      INFO  main            d.u.i.k.p.i.AbstractProblemLoader Creating init config 
95934      DEBUG main            d.u.i.k.p.i.AbstractProblemLoader Init config took 2.36s 
95950      INFO  main            d.u.i.k.p.i.AbstractProblemLoader Replaying proof add.key 
95951      DEBUG main            d.u.i.k.p.i.IntermediateProofReplayer Proof replay took 5.7ns 
136103     INFO  main            d.u.i.k.p.r.p.TestFile    ... finished proof: closed. 
136475     INFO  main            d.u.i.k.p.i.AbstractProblemLoader Loading environment from /home/runner/work/key/key/key.core/../key.ui/examples/standard_key/arith/gemplusDecimal/add.key.proof 
136475     DEBUG main            d.u.i.k.p.i.AbstractProblemLoader Environment load took 384.1ns 
136483     INFO  main            d.u.i.k.p.i.AbstractProblemLoader Creating init config 
138793     DEBUG main            d.u.i.k.p.i.AbstractProblemLoader Init config took 2.31s 
138812     INFO  main            d.u.i.k.p.i.AbstractProblemLoader Replaying proof add.key.proof 
140778     DEBUG main            d.u.i.k.p.i.IntermediateProofReplayer Proof replay took 1.84s 
140785     DEBUG main            d.u.i.k.p.r.p.TestFile    ... success: reloaded. 
140786     INFO  main            d.u.i.k.p.r.p.TestFile    Now processing file /home/runner/work/key/key/key.core/../key.ui/examples/standard_key/arith/jdivevenodd.key 
140786     INFO  main            d.u.i.k.p.i.AbstractProblemLoader Loading environment from /home/runner/work/key/key/key.core/../key.ui/examples/standard_key/arith/jdivevenodd.key 
140786     DEBUG main            d.u.i.k.p.i.AbstractProblemLoader Environment load took 210.7ns 
140787     INFO  main            d.u.i.k.p.i.AbstractProblemLoader Creating init config 
143125     DEBUG main            d.u.i.k.p.i.AbstractProblemLoader Init config took 2.34s 
143138     INFO  main            d.u.i.k.p.i.AbstractProblemLoader Replaying proof jdivevenodd.key 
143139     DEBUG main            d.u.i.k.p.i.IntermediateProofReplayer Proof replay took 5.2ns 
143345     INFO  main            d.u.i.k.p.r.p.TestFile    ... finished proof: closed. 
143667     INFO  main            d.u.i.k.p.i.AbstractProblemLoader Loading environment from /home/runner/work/key/key/key.core/../key.ui/examples/standard_key/arith/jdivevenodd.key.proof 
143667     DEBUG main            d.u.i.k.p.i.AbstractProblemLoader Environment load took 116.8ns 
143669     INFO  main            d.u.i.k.p.i.AbstractProblemLoader Creating init config 
145888     DEBUG main            d.u.i.k.p.i.AbstractProblemLoader Init config took 2.22s 
145902     INFO  main            d.u.i.k.p.i.AbstractProblemLoader Replaying proof jdivevenodd.key.proof 
145911     DEBUG main            d.u.i.k.p.i.IntermediateProofReplayer Proof replay took 6.64ms 
145912     DEBUG main            d.u.i.k.p.r.p.TestFile    ... success: reloaded. 
145913     INFO  main            d.u.i.k.p.r.p.TestFile    Now processing file /home/runner/work/key/key/key.core/../key.ui/examples/standard_key/arith/median.key 
145913     INFO  main            d.u.i.k.p.i.AbstractProblemLoader Loading environment from /home/runner/work/key/key/key.core/../key.ui/examples/standard_key/arith/median.key 
145914     DEBUG main            d.u.i.k.p.i.AbstractProblemLoader Environment load took 189.3ns 
145915     INFO  main            d.u.i.k.p.i.AbstractProblemLoader Creating init config 
148156     DEBUG main            d.u.i.k.p.i.AbstractProblemLoader Init config took 2.24s 
148171     INFO  main            d.u.i.k.p.i.AbstractProblemLoader Replaying proof median.key 
148172     DEBUG main            d.u.i.k.p.i.IntermediateProofReplayer Proof replay took 5.2ns 
161891     INFO  main            d.u.i.k.p.r.p.TestFile    ... finished proof: closed. 
162189     INFO  main            d.u.i.k.p.i.AbstractProblemLoader Loading environment from /home/runner/work/key/key/key.core/../key.ui/examples/standard_key/arith/median.key.proof 
162193     DEBUG main            d.u.i.k.p.i.AbstractProblemLoader Environment load took 5.24ms 
162197     INFO  main            d.u.i.k.p.i.AbstractProblemLoader Creating init config 
164408     DEBUG main            d.u.i.k.p.i.AbstractProblemLoader Init config took 2.21s 
164423     INFO  main            d.u.i.k.p.i.AbstractProblemLoader Replaying proof median.key.proof 
164971     DEBUG main            d.u.i.k.p.i.IntermediateProofReplayer Proof replay took 499.39ms 
164974     DEBUG main            d.u.i.k.p.r.p.TestFile    ... success: reloaded. 
164975     INFO  main            d.u.i.k.p.r.p.TestFile    Now processing file /home/runner/work/key/key/key.core/../key.ui/examples/standard_key/arith/mod1.key 
164976     INFO  main            d.u.i.k.p.i.AbstractProblemLoader Loading environment from /home/runner/work/key/key/key.core/../key.ui/examples/standard_key/arith/mod1.key 
164976     DEBUG main            d.u.i.k.p.i.AbstractProblemLoader Environment load took 177.3ns 
164977     INFO  main            d.u.i.k.p.i.AbstractProblemLoader Creating init config 
167227     DEBUG main            d.u.i.k.p.i.AbstractProblemLoader Init config took 2.25s 
167239     INFO  main            d.u.i.k.p.i.AbstractProblemLoader Replaying proof mod1.key 
167241     DEBUG main            d.u.i.k.p.i.IntermediateProofReplayer Proof replay took 5.6ns 
167344     INFO  main            d.u.i.k.p.r.p.TestFile    ... finished proof: closed. 
167624     INFO  main            d.u.i.k.p.i.AbstractProblemLoader Loading environment from /home/runner/work/key/key/key.core/../key.ui/examples/standard_key/arith/mod1.key.proof 
167624     DEBUG main            d.u.i.k.p.i.AbstractProblemLoader Environment load took 85.8ns 
167625     INFO  main            d.u.i.k.p.i.AbstractProblemLoader Creating init config 
169838     DEBUG main            d.u.i.k.p.i.AbstractProblemLoader Init config took 2.21s 
169851     INFO  main            d.u.i.k.p.i.AbstractProblemLoader Replaying proof mod1.key.proof 
169854     DEBUG main            d.u.i.k.p.i.IntermediateProofReplayer Proof replay took 1.42ms 
169855     DEBUG main            d.u.i.k.p.r.p.TestFile    ... success: reloaded. 
169856     INFO  main            d.u.i.k.p.r.p.TestFile    Now processing file /home/runner/work/key/key/key.core/../key.ui/examples/standard_key/arith/mod2.key 
169856     INFO  main            d.u.i.k.p.i.AbstractProblemLoader Loading environment from /home/runner/work/key/key/key.core/../key.ui/examples/standard_key/arith/mod2.key 
169856     DEBUG main            d.u.i.k.p.i.AbstractProblemLoader Environment load took 89ns 
169857     INFO  main            d.u.i.k.p.i.AbstractProblemLoader Creating init config 
172102     DEBUG main            d.u.i.k.p.i.AbstractProblemLoader Init config took 2.24s 
172115     INFO  main            d.u.i.k.p.i.AbstractProblemLoader Replaying proof mod2.key 
172116     DEBUG main            d.u.i.k.p.i.IntermediateProofReplayer Proof replay took 6.1ns 
172219     INFO  main            d.u.i.k.p.r.p.TestFile    ... finished proof: closed. 
172425     INFO  main            d.u.i.k.p.i.AbstractProblemLoader Loading environment from /home/runner/work/key/key/key.core/../key.ui/examples/standard_key/arith/mod2.key.proof 
172425     DEBUG main            d.u.i.k.p.i.AbstractProblemLoader Environment load took 85.2ns 
172426     INFO  main            d.u.i.k.p.i.AbstractProblemLoader Creating init config 
174621     DEBUG main            d.u.i.k.p.i.AbstractProblemLoader Init config took 2.2s 
174633     INFO  main            d.u.i.k.p.i.AbstractProblemLoader Replaying proof mod2.key.proof 
174636     DEBUG main            d.u.i.k.p.i.IntermediateProofReplayer Proof replay took 1.01ms 
174636     DEBUG main            d.u.i.k.p.r.p.TestFile    ... success: reloaded. 
174637     INFO  main            d.u.i.k.p.r.p.TestFile    Now processing file /home/runner/work/key/key/key.core/../key.ui/examples/standard_key/arith/mod7.key 
174637     INFO  main            d.u.i.k.p.i.AbstractProblemLoader Loading environment from /home/runner/work/key/key/key.core/../key.ui/examples/standard_key/arith/mod7.key 
174637     DEBUG main            d.u.i.k.p.i.AbstractProblemLoader Environment load took 62ns 
174638     INFO  main            d.u.i.k.p.i.AbstractProblemLoader Creating init config 
176899     DEBUG main            d.u.i.k.p.i.AbstractProblemLoader Init config took 2.26s 
176912     INFO  main            d.u.i.k.p.i.AbstractProblemLoader Replaying proof mod7.key 
176913     DEBUG main            d.u.i.k.p.i.IntermediateProofReplayer Proof replay took 5.5ns 
177017     INFO  main            d.u.i.k.p.r.p.TestFile    ... finished proof: closed. 
177229     INFO  main            d.u.i.k.p.i.AbstractProblemLoader Loading environment from /home/runner/work/key/key/key.core/../key.ui/examples/standard_key/arith/mod7.key.proof 
177229     DEBUG main            d.u.i.k.p.i.AbstractProblemLoader Environment load took 86.7ns 
177230     INFO  main            d.u.i.k.p.i.AbstractProblemLoader Creating init config 
179444     DEBUG main            d.u.i.k.p.i.AbstractProblemLoader Init config took 2.21s 
179456     INFO  main            d.u.i.k.p.i.AbstractProblemLoader Replaying proof mod7.key.proof 
179460     DEBUG main            d.u.i.k.p.i.IntermediateProofReplayer Proof replay took 2.83ms 
179461     DEBUG main            d.u.i.k.p.r.p.TestFile    ... success: reloaded. 
179461     INFO  main            d.u.i.k.p.r.p.TestFile    Now processing file /home/runner/work/key/key/key.core/../key.ui/examples/standard_key/arith/overflow_hija.key 
179461     INFO  main            d.u.i.k.p.i.AbstractProblemLoader Loading environment from /home/runner/work/key/key/key.core/../key.ui/examples/standard_key/arith/overflow_hija.key 
179461     DEBUG main            d.u.i.k.p.i.AbstractProblemLoader Environment load took 62.3ns 
179463     INFO  main            d.u.i.k.p.i.AbstractProblemLoader Creating init config 
181737     DEBUG main            d.u.i.k.p.i.AbstractProblemLoader Init config took 2.27s 
181752     INFO  main            d.u.i.k.p.i.AbstractProblemLoader Replaying proof overflow_hija.key 
181754     DEBUG main            d.u.i.k.p.i.IntermediateProofReplayer Proof replay took 5.8ns 
186086     INFO  main            d.u.i.k.p.r.p.TestFile    ... finished proof: closed. 
186355     INFO  main            d.u.i.k.p.i.AbstractProblemLoader Loading environment from /home/runner/work/key/key/key.core/../key.ui/examples/standard_key/arith/overflow_hija.key.proof 
186356     DEBUG main            d.u.i.k.p.i.AbstractProblemLoader Environment load took 380.9ns 
186358     INFO  main            d.u.i.k.p.i.AbstractProblemLoader Creating init config 
188560     DEBUG main            d.u.i.k.p.i.AbstractProblemLoader Init config took 2.2s 
188577     INFO  main            d.u.i.k.p.i.AbstractProblemLoader Replaying proof overflow_hija.key.proof 
188720     DEBUG main            d.u.i.k.p.i.IntermediateProofReplayer Proof replay took 134.12ms 
188721     DEBUG main            d.u.i.k.p.r.p.TestFile    ... success: reloaded. 
188722     INFO  main            d.u.i.k.p.r.p.TestFile    Now processing file /home/runner/work/key/key/key.core/../key.ui/examples/standard_key/arith/poly_division0.key 
188723     INFO  main            d.u.i.k.p.i.AbstractProblemLoader Loading environment from /home/runner/work/key/key/key.core/../key.ui/examples/standard_key/arith/poly_division0.key 
188723     DEBUG main            d.u.i.k.p.i.AbstractProblemLoader Environment load took 191.8ns 
188724     INFO  main            d.u.i.k.p.i.AbstractProblemLoader Creating init config 
190965     DEBUG main            d.u.i.k.p.i.AbstractProblemLoader Init config took 2.24s 
190978     INFO  main            d.u.i.k.p.i.AbstractProblemLoader Replaying proof poly_division0.key 
190979     DEBUG main            d.u.i.k.p.i.IntermediateProofReplayer Proof replay took 5.5ns 
191081     INFO  main            d.u.i.k.p.r.p.TestFile    ... finished proof: closed. 
191346     INFO  main            d.u.i.k.p.i.AbstractProblemLoader Loading environment from /home/runner/work/key/key/key.core/../key.ui/examples/standard_key/arith/poly_division0.key.proof 
191346     DEBUG main            d.u.i.k.p.i.AbstractProblemLoader Environment load took 80.6ns 
191347     INFO  main            d.u.i.k.p.i.AbstractProblemLoader Creating init config 
193529     DEBUG main            d.u.i.k.p.i.AbstractProblemLoader Init config took 2.18s 
193543     INFO  main            d.u.i.k.p.i.AbstractProblemLoader Replaying proof poly_division0.key.proof 
193549     DEBUG main            d.u.i.k.p.i.IntermediateProofReplayer Proof replay took 3.29ms 
193550     DEBUG main            d.u.i.k.p.r.p.TestFile    ... success: reloaded. 
193551     INFO  main            d.u.i.k.p.r.p.TestFile    Now processing file /home/runner/work/key/key/key.core/../key.ui/examples/standard_key/arith/poly_division1.key 
193551     INFO  main            d.u.i.k.p.i.AbstractProblemLoader Loading environment from /home/runner/work/key/key/key.core/../key.ui/examples/standard_key/arith/poly_division1.key 
193551     DEBUG main            d.u.i.k.p.i.AbstractProblemLoader Environment load took 41.7ns 
193552     INFO  main            d.u.i.k.p.i.AbstractProblemLoader Creating init config 
195785     DEBUG main            d.u.i.k.p.i.AbstractProblemLoader Init config took 2.23s 
195797     INFO  main            d.u.i.k.p.i.AbstractProblemLoader Replaying proof poly_division1.key 
195798     DEBUG main            d.u.i.k.p.i.IntermediateProofReplayer Proof replay took 5.4ns 
195900     INFO  main            d.u.i.k.p.r.p.TestFile    ... finished proof: closed. 
196156     INFO  main            d.u.i.k.p.i.AbstractProblemLoader Loading environment from /home/runner/work/key/key/key.core/../key.ui/examples/standard_key/arith/poly_division1.key.proof 
196156     DEBUG main            d.u.i.k.p.i.AbstractProblemLoader Environment load took 91.4ns 
196157     INFO  main            d.u.i.k.p.i.AbstractProblemLoader Creating init config 
198417     DEBUG main            d.u.i.k.p.i.AbstractProblemLoader Init config took 2.26s 
198429     INFO  main            d.u.i.k.p.i.AbstractProblemLoader Replaying proof poly_division1.key.proof 
198434     DEBUG main            d.u.i.k.p.i.IntermediateProofReplayer Proof replay took 2.82ms 
198434     DEBUG main            d.u.i.k.p.r.p.TestFile    ... success: reloaded. 
198435     INFO  main            d.u.i.k.p.r.p.TestFile    Now processing file /home/runner/work/key/key/key.core/../key.ui/examples/standard_key/inEqSimp/division.key 
198435     INFO  main            d.u.i.k.p.i.AbstractProblemLoader Loading environment from /home/runner/work/key/key/key.core/../key.ui/examples/standard_key/inEqSimp/division.key 
198435     DEBUG main            d.u.i.k.p.i.AbstractProblemLoader Environment load took 66.1ns 
198436     INFO  main            d.u.i.k.p.i.AbstractProblemLoader Creating init config 
200688     DEBUG main            d.u.i.k.p.i.AbstractProblemLoader Init config took 2.25s 
200701     INFO  main            d.u.i.k.p.i.AbstractProblemLoader Replaying proof division.key 
200702     DEBUG main            d.u.i.k.p.i.IntermediateProofReplayer Proof replay took 5.9ns 
202607     INFO  main            d.u.i.k.p.r.p.TestFile    ... finished proof: closed. 
202862     INFO  main            d.u.i.k.p.i.AbstractProblemLoader Loading environment from /home/runner/work/key/key/key.core/../key.ui/examples/standard_key/inEqSimp/division.key.proof 
202863     DEBUG main            d.u.i.k.p.i.AbstractProblemLoader Environment load took 368.2ns 
202864     INFO  main            d.u.i.k.p.i.AbstractProblemLoader Creating init config 
205083     DEBUG main            d.u.i.k.p.i.AbstractProblemLoader Init config took 2.22s 
205097     INFO  main            d.u.i.k.p.i.AbstractProblemLoader Replaying proof division.key.proof 
205179     DEBUG main            d.u.i.k.p.i.IntermediateProofReplayer Proof replay took 70.62ms 
205180     DEBUG main            d.u.i.k.p.r.p.TestFile    ... success: reloaded. 
205181     INFO  main            d.u.i.k.p.r.p.TestFile    Now processing file /home/runner/work/key/key/key.core/../key.ui/examples/standard_key/inEqSimp/inequations0.key 
205182     INFO  main            d.u.i.k.p.i.AbstractProblemLoader Loading environment from /home/runner/work/key/key/key.core/../key.ui/examples/standard_key/inEqSimp/inequations0.key 
205182     DEBUG main            d.u.i.k.p.i.AbstractProblemLoader Environment load took 185.7ns 
205183     INFO  main            d.u.i.k.p.i.AbstractProblemLoader Creating init config 
207493     DEBUG main            d.u.i.k.p.i.AbstractProblemLoader Init config took 2.31s 
207506     INFO  main            d.u.i.k.p.i.AbstractProblemLoader Replaying proof inequations0.key 
207507     DEBUG main            d.u.i.k.p.i.IntermediateProofReplayer Proof replay took 42ns 
207612     INFO  main            d.u.i.k.p.r.p.TestFile    ... finished proof: closed. 
207876     INFO  main            d.u.i.k.p.i.AbstractProblemLoader Loading environment from /home/runner/work/key/key/key.core/../key.ui/examples/standard_key/inEqSimp/inequations0.key.proof 
207876     DEBUG main            d.u.i.k.p.i.AbstractProblemLoader Environment load took 81.9ns 
207877     INFO  main            d.u.i.k.p.i.AbstractProblemLoader Creating init config 
210060     DEBUG main            d.u.i.k.p.i.AbstractProblemLoader Init config took 2.18s 
210076     INFO  main            d.u.i.k.p.i.AbstractProblemLoader Replaying proof inequations0.key.proof 
210079     DEBUG main            d.u.i.k.p.i.IntermediateProofReplayer Proof replay took 1.54ms 
210080     DEBUG main            d.u.i.k.p.r.p.TestFile    ... success: reloaded. 
210081     INFO  main            d.u.i.k.p.r.p.TestFile    Now processing file /home/runner/work/key/key/key.core/../key.ui/examples/standard_key/inEqSimp/inequations1.key 
210081     INFO  main            d.u.i.k.p.i.AbstractProblemLoader Loading environment from /home/runner/work/key/key/key.core/../key.ui/examples/standard_key/inEqSimp/inequations1.key 
210081     DEBUG main            d.u.i.k.p.i.AbstractProblemLoader Environment load took 61.2ns 
210084     INFO  main            d.u.i.k.p.i.AbstractProblemLoader Creating init config 
212309     DEBUG main            d.u.i.k.p.i.AbstractProblemLoader Init config took 2.23s 
212321     INFO  main            d.u.i.k.p.i.AbstractProblemLoader Replaying proof inequations1.key 
212322     DEBUG main            d.u.i.k.p.i.IntermediateProofReplayer Proof replay took 2.5ns 
212424     INFO  main            d.u.i.k.p.r.p.TestFile    ... finished proof: closed. 
212670     INFO  main            d.u.i.k.p.i.AbstractProblemLoader Loading environment from /home/runner/work/key/key/key.core/../key.ui/examples/standard_key/inEqSimp/inequations1.key.proof 
212671     DEBUG main            d.u.i.k.p.i.AbstractProblemLoader Environment load took 83.5ns 
212672     INFO  main            d.u.i.k.p.i.AbstractProblemLoader Creating init config 
214854     DEBUG main            d.u.i.k.p.i.AbstractProblemLoader Init config took 2.18s 
214867     INFO  main            d.u.i.k.p.i.AbstractProblemLoader Replaying proof inequations1.key.proof 
214869     DEBUG main            d.u.i.k.p.i.IntermediateProofReplayer Proof replay took 781.6ns 
214869     DEBUG main            d.u.i.k.p.r.p.TestFile    ... success: reloaded. 
214870     INFO  main            d.u.i.k.p.r.p.TestFile    Now processing file /home/runner/work/key/key/key.core/../key.ui/examples/standard_key/inEqSimp/inequations2.key 
214870     INFO  main            d.u.i.k.p.i.AbstractProblemLoader Loading environment from /home/runner/work/key/key/key.core/../key.ui/examples/standard_key/inEqSimp/inequations2.key 
214870     DEBUG main            d.u.i.k.p.i.AbstractProblemLoader Environment load took 112.3ns 
214871     INFO  main            d.u.i.k.p.i.AbstractProblemLoader Creating init config 
217102     DEBUG main            d.u.i.k.p.i.AbstractProblemLoader Init config took 2.23s 
217115     INFO  main            d.u.i.k.p.i.AbstractProblemLoader Replaying proof inequations2.key 
217116     DEBUG main            d.u.i.k.p.i.IntermediateProofReplayer Proof replay took 2.2ns 
217217     INFO  main            d.u.i.k.p.r.p.TestFile    ... finished proof: closed. 
217469     INFO  main            d.u.i.k.p.i.AbstractProblemLoader Loading environment from /home/runner/work/key/key/key.core/../key.ui/examples/standard_key/inEqSimp/inequations2.key.proof 
217469     DEBUG main            d.u.i.k.p.i.AbstractProblemLoader Environment load took 76.1ns 
217470     INFO  main            d.u.i.k.p.i.AbstractProblemLoader Creating init config 
219653     DEBUG main            d.u.i.k.p.i.AbstractProblemLoader Init config took 2.18s 
219665     INFO  main            d.u.i.k.p.i.AbstractProblemLoader Replaying proof inequations2.key.proof 
219668     DEBUG main            d.u.i.k.p.i.IntermediateProofReplayer Proof replay took 1.05ms 
219668     DEBUG main            d.u.i.k.p.r.p.TestFile    ... success: reloaded. 
219669     INFO  main            d.u.i.k.p.r.p.TestFile    Now processing file /home/runner/work/key/key/key.core/../key.ui/examples/standard_key/inEqSimp/linApprox.key 
219669     INFO  main            d.u.i.k.p.i.AbstractProblemLoader Loading environment from /home/runner/work/key/key/key.core/../key.ui/examples/standard_key/inEqSimp/linApprox.key 
219669     DEBUG main            d.u.i.k.p.i.AbstractProblemLoader Environment load took 71.2ns 
219670     INFO  main            d.u.i.k.p.i.AbstractProblemLoader Creating init config 
221893     DEBUG main            d.u.i.k.p.i.AbstractProblemLoader Init config took 2.22s 
221906     INFO  main            d.u.i.k.p.i.AbstractProblemLoader Replaying proof linApprox.key 
221907     DEBUG main            d.u.i.k.p.i.IntermediateProofReplayer Proof replay took 2.4ns 
222008     INFO  main            d.u.i.k.p.r.p.TestFile    ... finished proof: closed. 
222260     INFO  main            d.u.i.k.p.i.AbstractProblemLoader Loading environment from /home/runner/work/key/key/key.core/../key.ui/examples/standard_key/inEqSimp/linApprox.key.proof 
222260     DEBUG main            d.u.i.k.p.i.AbstractProblemLoader Environment load took 72.5ns 
222261     INFO  main            d.u.i.k.p.i.AbstractProblemLoader Creating init config 
224445     DEBUG main            d.u.i.k.p.i.AbstractProblemLoader Init config took 2.18s 
224457     INFO  main            d.u.i.k.p.i.AbstractProblemLoader Replaying proof linApprox.key.proof 
224461     DEBUG main            d.u.i.k.p.i.IntermediateProofReplayer Proof replay took 1.32ms 
224463     DEBUG main            d.u.i.k.p.r.p.TestFile    ... success: reloaded. 
224464     INFO  main            d.u.i.k.p.r.p.TestFile    Now processing file /home/runner/work/key/key/key.core/../key.ui/examples/standard_key/inEqSimp/nonLinInEqExample0.key 
224464     INFO  main            d.u.i.k.p.i.AbstractProblemLoader Loading environment from /home/runner/work/key/key/key.core/../key.ui/examples/standard_key/inEqSimp/nonLinInEqExample0.key 
224464     DEBUG main            d.u.i.k.p.i.AbstractProblemLoader Environment load took 171.7ns 
224465     INFO  main            d.u.i.k.p.i.AbstractProblemLoader Creating init config 
226684     DEBUG main            d.u.i.k.p.i.AbstractProblemLoader Init config took 2.22s 
226696     INFO  main            d.u.i.k.p.i.AbstractProblemLoader Replaying proof nonLinInEqExample0.key 
226697     DEBUG main            d.u.i.k.p.i.IntermediateProofReplayer Proof replay took 2.6ns 
226798     INFO  main            d.u.i.k.p.r.p.TestFile    ... finished proof: closed. 
227055     INFO  main            d.u.i.k.p.i.AbstractProblemLoader Loading environment from /home/runner/work/key/key/key.core/../key.ui/examples/standard_key/inEqSimp/nonLinInEqExample0.key.proof 
227055     DEBUG main            d.u.i.k.p.i.AbstractProblemLoader Environment load took 135.3ns 
227056     INFO  main            d.u.i.k.p.i.AbstractProblemLoader Creating init config 
229238     DEBUG main            d.u.i.k.p.i.AbstractProblemLoader Init config took 2.18s 
229250     INFO  main            d.u.i.k.p.i.AbstractProblemLoader Replaying proof nonLinInEqExample0.key.proof 
229252     DEBUG main            d.u.i.k.p.i.IntermediateProofReplayer Proof replay took 505.7ns 
229253     DEBUG main            d.u.i.k.p.r.p.TestFile    ... success: reloaded. 
229253     INFO  main            d.u.i.k.p.r.p.TestFile    Now processing file /home/runner/work/key/key/key.core/../key.ui/examples/standard_key/inEqSimp/nonLinInEqExample2.key 
229253     INFO  main            d.u.i.k.p.i.AbstractProblemLoader Loading environment from /home/runner/work/key/key/key.core/../key.ui/examples/standard_key/inEqSimp/nonLinInEqExample2.key 
229253     DEBUG main            d.u.i.k.p.i.AbstractProblemLoader Environment load took 40.6ns 
229255     INFO  main            d.u.i.k.p.i.AbstractProblemLoader Creating init config 
231486     DEBUG main            d.u.i.k.p.i.AbstractProblemLoader Init config took 2.23s 
231499     INFO  main            d.u.i.k.p.i.AbstractProblemLoader Replaying proof nonLinInEqExample2.key 
231512     DEBUG main            d.u.i.k.p.i.IntermediateProofReplayer Proof replay took 2ns 
231817     INFO  main            d.u.i.k.p.r.p.TestFile    ... finished proof: closed. 
232080     INFO  main            d.u.i.k.p.i.AbstractProblemLoader Loading environment from /home/runner/work/key/key/key.core/../key.ui/examples/standard_key/inEqSimp/nonLinInEqExample2.key.proof 
232080     DEBUG main            d.u.i.k.p.i.AbstractProblemLoader Environment load took 76.7ns 
232081     INFO  main            d.u.i.k.p.i.AbstractProblemLoader Creating init config 
234268     DEBUG main            d.u.i.k.p.i.AbstractProblemLoader Init config took 2.19s 
234280     INFO  main            d.u.i.k.p.i.AbstractProblemLoader Replaying proof nonLinInEqExample2.key.proof 
234301     DEBUG main            d.u.i.k.p.i.IntermediateProofReplayer Proof replay took 18.06ms 
234302     DEBUG main            d.u.i.k.p.r.p.TestFile    ... success: reloaded. 
234303     INFO  main            d.u.i.k.p.r.p.TestFile    Now processing file /home/runner/work/key/key/key.core/../key.ui/examples/standard_key/inEqSimp/nonLinInEqExample3.key 
234303     INFO  main            d.u.i.k.p.i.AbstractProblemLoader Loading environment from /home/runner/work/key/key/key.core/../key.ui/examples/standard_key/inEqSimp/nonLinInEqExample3.key 
234303     DEBUG main            d.u.i.k.p.i.AbstractProblemLoader Environment load took 105.7ns 
234304     INFO  main            d.u.i.k.p.i.AbstractProblemLoader Creating init config 
236533     DEBUG main            d.u.i.k.p.i.AbstractProblemLoader Init config took 2.23s 
236545     INFO  main            d.u.i.k.p.i.AbstractProblemLoader Replaying proof nonLinInEqExample3.key 
236548     DEBUG main            d.u.i.k.p.i.IntermediateProofReplayer Proof replay took 2.3ns 
236750     INFO  main            d.u.i.k.p.r.p.TestFile    ... finished proof: closed. 
237028     INFO  main            d.u.i.k.p.i.AbstractProblemLoader Loading environment from /home/runner/work/key/key/key.core/../key.ui/examples/standard_key/inEqSimp/nonLinInEqExample3.key.proof 
237028     DEBUG main            d.u.i.k.p.i.AbstractProblemLoader Environment load took 75.4ns 
237029     INFO  main            d.u.i.k.p.i.AbstractProblemLoader Creating init config 
239220     DEBUG main            d.u.i.k.p.i.AbstractProblemLoader Init config took 2.19s 
239232     INFO  main            d.u.i.k.p.i.AbstractProblemLoader Replaying proof nonLinInEqExample3.key.proof 
239244     DEBUG main            d.u.i.k.p.i.IntermediateProofReplayer Proof replay took 10.08ms 
239245     DEBUG main            d.u.i.k.p.r.p.TestFile    ... success: reloaded. 
239246     INFO  main            d.u.i.k.p.r.p.TestFile    Now processing file /home/runner/work/key/key/key.core/../key.ui/examples/standard_key/inEqSimp/nonLinInEqExample4.key 
239246     INFO  main            d.u.i.k.p.i.AbstractProblemLoader Loading environment from /home/runner/work/key/key/key.core/../key.ui/examples/standard_key/inEqSimp/nonLinInEqExample4.key 
239246     DEBUG main            d.u.i.k.p.i.AbstractProblemLoader Environment load took 67.9ns 
239247     INFO  main            d.u.i.k.p.i.AbstractProblemLoader Creating init config 
241476     DEBUG main            d.u.i.k.p.i.AbstractProblemLoader Init config took 2.23s 
241488     INFO  main            d.u.i.k.p.i.AbstractProblemLoader Replaying proof nonLinInEqExample4.key 
241489     DEBUG main            d.u.i.k.p.i.IntermediateProofReplayer Proof replay took 2.6ns 
241591     INFO  main            d.u.i.k.p.r.p.TestFile    ... finished proof: closed. 
241872     INFO  main            d.u.i.k.p.i.AbstractProblemLoader Loading environment from /home/runner/work/key/key/key.core/../key.ui/examples/standard_key/inEqSimp/nonLinInEqExample4.key.proof 
241872     DEBUG main            d.u.i.k.p.i.AbstractProblemLoader Environment load took 75ns 
241873     INFO  main            d.u.i.k.p.i.AbstractProblemLoader Creating init config 
244052     DEBUG main            d.u.i.k.p.i.AbstractProblemLoader Init config took 2.18s 
244065     INFO  main            d.u.i.k.p.i.AbstractProblemLoader Replaying proof nonLinInEqExample4.key.proof 
244068     DEBUG main            d.u.i.k.p.i.IntermediateProofReplayer Proof replay took 2.45ms 
244069     DEBUG main            d.u.i.k.p.r.p.TestFile    ... success: reloaded. 
244070     INFO  main            d.u.i.k.p.r.p.TestFile    Now processing file /home/runner/work/key/key/key.core/../key.ui/examples/standard_key/inEqSimp/quadraticInEq.key 
244070     INFO  main            d.u.i.k.p.i.AbstractProblemLoader Loading environment from /home/runner/work/key/key/key.core/../key.ui/examples/standard_key/inEqSimp/quadraticInEq.key 
244070     DEBUG main            d.u.i.k.p.i.AbstractProblemLoader Environment load took 86.2ns 
244072     INFO  main            d.u.i.k.p.i.AbstractProblemLoader Creating init config 
246306     DEBUG main            d.u.i.k.p.i.AbstractProblemLoader Init config took 2.23s 
246318     INFO  main            d.u.i.k.p.i.AbstractProblemLoader Replaying proof quadraticInEq.key 
246320     DEBUG main            d.u.i.k.p.i.IntermediateProofReplayer Proof replay took 2.3ns 
246623     INFO  main            d.u.i.k.p.r.p.TestFile    ... finished proof: closed. 
246917     INFO  main            d.u.i.k.p.i.AbstractProblemLoader Loading environment from /home/runner/work/key/key/key.core/../key.ui/examples/standard_key/inEqSimp/quadraticInEq.key.proof 
246918     DEBUG main            d.u.i.k.p.i.AbstractProblemLoader Environment load took 349.5ns 
246919     INFO  main            d.u.i.k.p.i.AbstractProblemLoader Creating init config 
249143     DEBUG main            d.u.i.k.p.i.AbstractProblemLoader Init config took 2.22s 
249157     INFO  main            d.u.i.k.p.i.AbstractProblemLoader Replaying proof quadraticInEq.key.proof 
249185     DEBUG main            d.u.i.k.p.i.IntermediateProofReplayer Proof replay took 24.26ms 
249186     DEBUG main            d.u.i.k.p.r.p.TestFile    ... success: reloaded. 
249187     INFO  main            d.u.i.k.p.r.p.TestFile    Now processing file /home/runner/work/key/key/key.core/../key.ui/examples/standard_key/inEqSimp/quadraticInEq10.key 
249187     INFO  main            d.u.i.k.p.i.AbstractProblemLoader Loading environment from /home/runner/work/key/key/key.core/../key.ui/examples/standard_key/inEqSimp/quadraticInEq10.key 
249187     DEBUG main            d.u.i.k.p.i.AbstractProblemLoader Environment load took 73.9ns 
249188     INFO  main            d.u.i.k.p.i.AbstractProblemLoader Creating init config 
251475     DEBUG main            d.u.i.k.p.i.AbstractProblemLoader Init config took 2.29s 
251487     INFO  main            d.u.i.k.p.i.AbstractProblemLoader Replaying proof quadraticInEq10.key 
251488     DEBUG main            d.u.i.k.p.i.IntermediateProofReplayer Proof replay took 3ns 
251690     INFO  main            d.u.i.k.p.r.p.TestFile    ... finished proof: closed. 
251989     INFO  main            d.u.i.k.p.i.AbstractProblemLoader Loading environment from /home/runner/work/key/key/key.core/../key.ui/examples/standard_key/inEqSimp/quadraticInEq10.key.proof 
251989     DEBUG main            d.u.i.k.p.i.AbstractProblemLoader Environment load took 85.7ns 
251990     INFO  main            d.u.i.k.p.i.AbstractProblemLoader Creating init config 
254166     DEBUG main            d.u.i.k.p.i.AbstractProblemLoader Init config took 2.18s 
254179     INFO  main            d.u.i.k.p.i.AbstractProblemLoader Replaying proof quadraticInEq10.key.proof 
254190     DEBUG main            d.u.i.k.p.i.IntermediateProofReplayer Proof replay took 9.04ms 
254191     DEBUG main            d.u.i.k.p.r.p.TestFile    ... success: reloaded. 
254192     INFO  main            d.u.i.k.p.r.p.TestFile    Now processing file /home/runner/work/key/key/key.core/../key.ui/examples/standard_key/inEqSimp/quadraticInEq13.key 
254192     INFO  main            d.u.i.k.p.i.AbstractProblemLoader Loading environment from /home/runner/work/key/key/key.core/../key.ui/examples/standard_key/inEqSimp/quadraticInEq13.key 
254192     DEBUG main            d.u.i.k.p.i.AbstractProblemLoader Environment load took 198ns 
254193     INFO  main            d.u.i.k.p.i.AbstractProblemLoader Creating init config 
256439     DEBUG main            d.u.i.k.p.i.AbstractProblemLoader Init config took 2.25s 
256451     INFO  main            d.u.i.k.p.i.AbstractProblemLoader Replaying proof quadraticInEq13.key 
256452     DEBUG main            d.u.i.k.p.i.IntermediateProofReplayer Proof replay took 2.8ns 
256656     INFO  main            d.u.i.k.p.r.p.TestFile    ... finished proof: closed. 
256953     INFO  main            d.u.i.k.p.i.AbstractProblemLoader Loading environment from /home/runner/work/key/key/key.core/../key.ui/examples/standard_key/inEqSimp/quadraticInEq13.key.proof 
256953     DEBUG main            d.u.i.k.p.i.AbstractProblemLoader Environment load took 72.9ns 
256954     INFO  main            d.u.i.k.p.i.AbstractProblemLoader Creating init config 
259138     DEBUG main            d.u.i.k.p.i.AbstractProblemLoader Init config took 2.18s 
259150     INFO  main            d.u.i.k.p.i.AbstractProblemLoader Replaying proof quadraticInEq13.key.proof 
259161     DEBUG main            d.u.i.k.p.i.IntermediateProofReplayer Proof replay took 8.31ms 
259161     DEBUG main            d.u.i.k.p.r.p.TestFile    ... success: reloaded. 
259162     INFO  main            d.u.i.k.p.r.p.TestFile    Now processing file /home/runner/work/key/key/key.core/../key.ui/examples/standard_key/inEqSimp/quadraticInEq14.key 
259162     INFO  main            d.u.i.k.p.i.AbstractProblemLoader Loading environment from /home/runner/work/key/key/key.core/../key.ui/examples/standard_key/inEqSimp/quadraticInEq14.key 
259162     DEBUG main            d.u.i.k.p.i.AbstractProblemLoader Environment load took 39.7ns 
259163     INFO  main            d.u.i.k.p.i.AbstractProblemLoader Creating init config 
261368     DEBUG main            d.u.i.k.p.i.AbstractProblemLoader Init config took 2.2s 
261380     INFO  main            d.u.i.k.p.i.AbstractProblemLoader Replaying proof quadraticInEq14.key 
261381     DEBUG main            d.u.i.k.p.i.IntermediateProofReplayer Proof replay took 2.7ns 
261584     INFO  main            d.u.i.k.p.r.p.TestFile    ... finished proof: closed. 
261900     INFO  main            d.u.i.k.p.i.AbstractProblemLoader Loading environment from /home/runner/work/key/key/key.core/../key.ui/examples/standard_key/inEqSimp/quadraticInEq14.key.proof 
261900     DEBUG main            d.u.i.k.p.i.AbstractProblemLoader Environment load took 74ns 
261901     INFO  main            d.u.i.k.p.i.AbstractProblemLoader Creating init config 
264079     DEBUG main            d.u.i.k.p.i.AbstractProblemLoader Init config took 2.18s 
264091     INFO  main            d.u.i.k.p.i.AbstractProblemLoader Replaying proof quadraticInEq14.key.proof 
264104     DEBUG main            d.u.i.k.p.i.IntermediateProofReplayer Proof replay took 10.54ms 
264105     DEBUG main            d.u.i.k.p.r.p.TestFile    ... success: reloaded. 
264105     INFO  main            d.u.i.k.p.r.p.TestFile    Now processing file /home/runner/work/key/key/key.core/../key.ui/examples/standard_key/inEqSimp/quadraticInEq2.key 
264105     INFO  main            d.u.i.k.p.i.AbstractProblemLoader Loading environment from /home/runner/work/key/key/key.core/../key.ui/examples/standard_key/inEqSimp/quadraticInEq2.key 
264106     DEBUG main            d.u.i.k.p.i.AbstractProblemLoader Environment load took 60.5ns 
264106     INFO  main            d.u.i.k.p.i.AbstractProblemLoader Creating init config 
266310     DEBUG main            d.u.i.k.p.i.AbstractProblemLoader Init config took 2.2s 
266322     INFO  main            d.u.i.k.p.i.AbstractProblemLoader Replaying proof quadraticInEq2.key 
266323     DEBUG main            d.u.i.k.p.i.IntermediateProofReplayer Proof replay took 2.5ns 
266426     INFO  main            d.u.i.k.p.r.p.TestFile    ... finished proof: closed. 
266735     INFO  main            d.u.i.k.p.i.AbstractProblemLoader Loading environment from /home/runner/work/key/key/key.core/../key.ui/examples/standard_key/inEqSimp/quadraticInEq2.key.proof 
266735     DEBUG main            d.u.i.k.p.i.AbstractProblemLoader Environment load took 71.1ns 
266738     INFO  main            d.u.i.k.p.i.AbstractProblemLoader Creating init config 
268915     DEBUG main            d.u.i.k.p.i.AbstractProblemLoader Init config took 2.18s 
268927     INFO  main            d.u.i.k.p.i.AbstractProblemLoader Replaying proof quadraticInEq2.key.proof 
268929     DEBUG main            d.u.i.k.p.i.IntermediateProofReplayer Proof replay took 1.53ms 
268930     DEBUG main            d.u.i.k.p.r.p.TestFile    ... success: reloaded. 
268931     INFO  main            d.u.i.k.p.r.p.TestFile    Now processing file /home/runner/work/key/key/key.core/../key.ui/examples/standard_key/inEqSimp/quadraticInEq3.key 
268931     INFO  main            d.u.i.k.p.i.AbstractProblemLoader Loading environment from /home/runner/work/key/key/key.core/../key.ui/examples/standard_key/inEqSimp/quadraticInEq3.key 
268931     DEBUG main            d.u.i.k.p.i.AbstractProblemLoader Environment load took 38.7ns 
268931     INFO  main            d.u.i.k.p.i.AbstractProblemLoader Creating init config 
271178     DEBUG main            d.u.i.k.p.i.AbstractProblemLoader Init config took 2.25s 
271190     INFO  main            d.u.i.k.p.i.AbstractProblemLoader Replaying proof quadraticInEq3.key 
271192     DEBUG main            d.u.i.k.p.i.IntermediateProofReplayer Proof replay took 3.2ns 
271293     INFO  main            d.u.i.k.p.r.p.TestFile    ... finished proof: closed. 
271619     INFO  main            d.u.i.k.p.i.AbstractProblemLoader Loading environment from /home/runner/work/key/key/key.core/../key.ui/examples/standard_key/inEqSimp/quadraticInEq3.key.proof 
271619     DEBUG main            d.u.i.k.p.i.AbstractProblemLoader Environment load took 77ns 
271620     INFO  main            d.u.i.k.p.i.AbstractProblemLoader Creating init config 
273811     DEBUG main            d.u.i.k.p.i.AbstractProblemLoader Init config took 2.19s 
273835     INFO  main            d.u.i.k.p.i.AbstractProblemLoader Replaying proof quadraticInEq3.key.proof 
273841     DEBUG main            d.u.i.k.p.i.IntermediateProofReplayer Proof replay took 4.14ms 
273842     DEBUG main            d.u.i.k.p.r.p.TestFile    ... success: reloaded. 
273843     INFO  main            d.u.i.k.p.r.p.TestFile    Now processing file /home/runner/work/key/key/key.core/../key.ui/examples/standard_key/inEqSimp/quadraticInEq4.key 
273843     INFO  main            d.u.i.k.p.i.AbstractProblemLoader Loading environment from /home/runner/work/key/key/key.core/../key.ui/examples/standard_key/inEqSimp/quadraticInEq4.key 
273843     DEBUG main            d.u.i.k.p.i.AbstractProblemLoader Environment load took 192.8ns 
273845     INFO  main            d.u.i.k.p.i.AbstractProblemLoader Creating init config 
276053     DEBUG main            d.u.i.k.p.i.AbstractProblemLoader Init config took 2.21s 
276065     INFO  main            d.u.i.k.p.i.AbstractProblemLoader Replaying proof quadraticInEq4.key 
276068     DEBUG main            d.u.i.k.p.i.IntermediateProofReplayer Proof replay took 2.8ns 
276169     INFO  main            d.u.i.k.p.r.p.TestFile    ... finished proof: closed. 
276476     INFO  main            d.u.i.k.p.i.AbstractProblemLoader Loading environment from /home/runner/work/key/key/key.core/../key.ui/examples/standard_key/inEqSimp/quadraticInEq4.key.proof 
276476     DEBUG main            d.u.i.k.p.i.AbstractProblemLoader Environment load took 67ns 
276477     INFO  main            d.u.i.k.p.i.AbstractProblemLoader Creating init config 
278650     DEBUG main            d.u.i.k.p.i.AbstractProblemLoader Init config took 2.17s 
278662     INFO  main            d.u.i.k.p.i.AbstractProblemLoader Replaying proof quadraticInEq4.key.proof 
278666     DEBUG main            d.u.i.k.p.i.IntermediateProofReplayer Proof replay took 2.37ms 
278667     DEBUG main            d.u.i.k.p.r.p.TestFile    ... success: reloaded. 
278667     INFO  main            d.u.i.k.p.r.p.TestFile    Now processing file /home/runner/work/key/key/key.core/../key.ui/examples/standard_key/inEqSimp/quadraticInEq5.key 
278667     INFO  main            d.u.i.k.p.i.AbstractProblemLoader Loading environment from /home/runner/work/key/key/key.core/../key.ui/examples/standard_key/inEqSimp/quadraticInEq5.key 
278667     DEBUG main            d.u.i.k.p.i.AbstractProblemLoader Environment load took 110.6ns 
278668     INFO  main            d.u.i.k.p.i.AbstractProblemLoader Creating init config 
280874     DEBUG main            d.u.i.k.p.i.AbstractProblemLoader Init config took 2.21s 
280886     INFO  main            d.u.i.k.p.i.AbstractProblemLoader Replaying proof quadraticInEq5.key 
280887     DEBUG main            d.u.i.k.p.i.IntermediateProofReplayer Proof replay took 2.1ns 
280988     INFO  main            d.u.i.k.p.r.p.TestFile    ... finished proof: closed. 
281311     INFO  main            d.u.i.k.p.i.AbstractProblemLoader Loading environment from /home/runner/work/key/key/key.core/../key.ui/examples/standard_key/inEqSimp/quadraticInEq5.key.proof 
281311     DEBUG main            d.u.i.k.p.i.AbstractProblemLoader Environment load took 65.8ns 
281312     INFO  main            d.u.i.k.p.i.AbstractProblemLoader Creating init config 
283481     DEBUG main            d.u.i.k.p.i.AbstractProblemLoader Init config took 2.17s 
283494     INFO  main            d.u.i.k.p.i.AbstractProblemLoader Replaying proof quadraticInEq5.key.proof 
283497     DEBUG main            d.u.i.k.p.i.IntermediateProofReplayer Proof replay took 2.54ms 
283498     DEBUG main            d.u.i.k.p.r.p.TestFile    ... success: reloaded. 
283499     INFO  main            d.u.i.k.p.r.p.TestFile    Now processing file /home/runner/work/key/key/key.core/../key.ui/examples/standard_key/inEqSimp/quadraticInEq6.key 
283499     INFO  main            d.u.i.k.p.i.AbstractProblemLoader Loading environment from /home/runner/work/key/key/key.core/../key.ui/examples/standard_key/inEqSimp/quadraticInEq6.key 
283499     DEBUG main            d.u.i.k.p.i.AbstractProblemLoader Environment load took 81.5ns 
283500     INFO  main            d.u.i.k.p.i.AbstractProblemLoader Creating init config 
285705     DEBUG main            d.u.i.k.p.i.AbstractProblemLoader Init config took 2.21s 
285717     INFO  main            d.u.i.k.p.i.AbstractProblemLoader Replaying proof quadraticInEq6.key 
285718     DEBUG main            d.u.i.k.p.i.IntermediateProofReplayer Proof replay took 3ns 
285820     INFO  main            d.u.i.k.p.r.p.TestFile    ... finished proof: closed. 
286131     INFO  main            d.u.i.k.p.i.AbstractProblemLoader Loading environment from /home/runner/work/key/key/key.core/../key.ui/examples/standard_key/inEqSimp/quadraticInEq6.key.proof 
286131     DEBUG main            d.u.i.k.p.i.AbstractProblemLoader Environment load took 70.5ns 
286132     INFO  main            d.u.i.k.p.i.AbstractProblemLoader Creating init config 
288305     DEBUG main            d.u.i.k.p.i.AbstractProblemLoader Init config took 2.17s 
288317     INFO  main            d.u.i.k.p.i.AbstractProblemLoader Replaying proof quadraticInEq6.key.proof 
288321     DEBUG main            d.u.i.k.p.i.IntermediateProofReplayer Proof replay took 2.87ms 
288321     DEBUG main            d.u.i.k.p.r.p.TestFile    ... success: reloaded. 
288322     INFO  main            d.u.i.k.p.r.p.TestFile    Now processing file /home/runner/work/key/key/key.core/../key.ui/examples/standard_key/inEqSimp/quadraticInEq7.key 
288322     INFO  main            d.u.i.k.p.i.AbstractProblemLoader Loading environment from /home/runner/work/key/key/key.core/../key.ui/examples/standard_key/inEqSimp/quadraticInEq7.key 
288322     DEBUG main            d.u.i.k.p.i.AbstractProblemLoader Environment load took 40ns 
288323     INFO  main            d.u.i.k.p.i.AbstractProblemLoader Creating init config 
290525     DEBUG main            d.u.i.k.p.i.AbstractProblemLoader Init config took 2.2s 
290537     INFO  main            d.u.i.k.p.i.AbstractProblemLoader Replaying proof quadraticInEq7.key 
290538     DEBUG main            d.u.i.k.p.i.IntermediateProofReplayer Proof replay took 2.4ns 
290640     INFO  main            d.u.i.k.p.r.p.TestFile    ... finished proof: closed. 
290960     INFO  main            d.u.i.k.p.i.AbstractProblemLoader Loading environment from /home/runner/work/key/key/key.core/../key.ui/examples/standard_key/inEqSimp/quadraticInEq7.key.proof 
290960     DEBUG main            d.u.i.k.p.i.AbstractProblemLoader Environment load took 68.9ns 
290961     INFO  main            d.u.i.k.p.i.AbstractProblemLoader Creating init config 
293142     DEBUG main            d.u.i.k.p.i.AbstractProblemLoader Init config took 2.18s 
293154     INFO  main            d.u.i.k.p.i.AbstractProblemLoader Replaying proof quadraticInEq7.key.proof 
293157     DEBUG main            d.u.i.k.p.i.IntermediateProofReplayer Proof replay took 1.28ms 
293158     DEBUG main            d.u.i.k.p.r.p.TestFile    ... success: reloaded. 
293158     INFO  main            d.u.i.k.p.r.p.TestFile    Now processing file /home/runner/work/key/key/key.core/../key.ui/examples/standard_key/inEqSimp/quadraticInEq8.key 
293159     INFO  main            d.u.i.k.p.i.AbstractProblemLoader Loading environment from /home/runner/work/key/key/key.core/../key.ui/examples/standard_key/inEqSimp/quadraticInEq8.key 
293159     DEBUG main            d.u.i.k.p.i.AbstractProblemLoader Environment load took 93.7ns 
293160     INFO  main            d.u.i.k.p.i.AbstractProblemLoader Creating init config 
295361     DEBUG main            d.u.i.k.p.i.AbstractProblemLoader Init config took 2.2s 
295373     INFO  main            d.u.i.k.p.i.AbstractProblemLoader Replaying proof quadraticInEq8.key 
295374     DEBUG main            d.u.i.k.p.i.IntermediateProofReplayer Proof replay took 2.5ns 
295477     INFO  main            d.u.i.k.p.r.p.TestFile    ... finished proof: closed. 
295806     INFO  main            d.u.i.k.p.i.AbstractProblemLoader Loading environment from /home/runner/work/key/key/key.core/../key.ui/examples/standard_key/inEqSimp/quadraticInEq8.key.proof 
295806     DEBUG main            d.u.i.k.p.i.AbstractProblemLoader Environment load took 69.5ns 
295807     INFO  main            d.u.i.k.p.i.AbstractProblemLoader Creating init config 
297985     DEBUG main            d.u.i.k.p.i.AbstractProblemLoader Init config took 2.18s 
297997     INFO  main            d.u.i.k.p.i.AbstractProblemLoader Replaying proof quadraticInEq8.key.proof 
298003     DEBUG main            d.u.i.k.p.i.IntermediateProofReplayer Proof replay took 3.77ms 
298003     DEBUG main            d.u.i.k.p.r.p.TestFile    ... success: reloaded. 
298004     INFO  main            d.u.i.k.p.r.p.TestFile    Now processing file /home/runner/work/key/key/key.core/../key.ui/examples/standard_key/inEqSimp/simplify0.key 
298004     INFO  main            d.u.i.k.p.i.AbstractProblemLoader Loading environment from /home/runner/work/key/key/key.core/../key.ui/examples/standard_key/inEqSimp/simplify0.key 
298004     DEBUG main            d.u.i.k.p.i.AbstractProblemLoader Environment load took 39.5ns 
298005     INFO  main            d.u.i.k.p.i.AbstractProblemLoader Creating init config 
300204     DEBUG main            d.u.i.k.p.i.AbstractProblemLoader Init config took 2.2s 
300217     INFO  main            d.u.i.k.p.i.AbstractProblemLoader Replaying proof simplify0.key 
300218     DEBUG main            d.u.i.k.p.i.IntermediateProofReplayer Proof replay took 2.6ns 
300319     INFO  main            d.u.i.k.p.r.p.TestFile    ... finished proof: closed. 
300657     INFO  main            d.u.i.k.p.i.AbstractProblemLoader Loading environment from /home/runner/work/key/key/key.core/../key.ui/examples/standard_key/inEqSimp/simplify0.key.proof 
300657     DEBUG main            d.u.i.k.p.i.AbstractProblemLoader Environment load took 75.6ns 
300658     INFO  main            d.u.i.k.p.i.AbstractProblemLoader Creating init config 
302831     DEBUG main            d.u.i.k.p.i.AbstractProblemLoader Init config took 2.17s 
302844     INFO  main            d.u.i.k.p.i.AbstractProblemLoader Replaying proof simplify0.key.proof 
302846     DEBUG main            d.u.i.k.p.i.IntermediateProofReplayer Proof replay took 715.6ns 
302847     DEBUG main            d.u.i.k.p.r.p.TestFile    ... success: reloaded. 
302848     INFO  main            d.u.i.k.p.r.p.TestFile    Now processing file /home/runner/work/key/key/key.core/../key.ui/examples/standard_key/inEqSimp/simplify1.key 
302848     INFO  main            d.u.i.k.p.i.AbstractProblemLoader Loading environment from /home/runner/work/key/key/key.core/../key.ui/examples/standard_key/inEqSimp/simplify1.key 
302848     DEBUG main            d.u.i.k.p.i.AbstractProblemLoader Environment load took 162.6ns 
302849     INFO  main            d.u.i.k.p.i.AbstractProblemLoader Creating init config 
305048     DEBUG main            d.u.i.k.p.i.AbstractProblemLoader Init config took 2.2s 
305060     INFO  main            d.u.i.k.p.i.AbstractProblemLoader Replaying proof simplify1.key 
305061     DEBUG main            d.u.i.k.p.i.IntermediateProofReplayer Proof replay took 2.2ns 
305162     INFO  main            d.u.i.k.p.r.p.TestFile    ... finished proof: closed. 
305500     INFO  main            d.u.i.k.p.i.AbstractProblemLoader Loading environment from /home/runner/work/key/key/key.core/../key.ui/examples/standard_key/inEqSimp/simplify1.key.proof 
305500     DEBUG main            d.u.i.k.p.i.AbstractProblemLoader Environment load took 63.6ns 
305501     INFO  main            d.u.i.k.p.i.AbstractProblemLoader Creating init config 
307677     DEBUG main            d.u.i.k.p.i.AbstractProblemLoader Init config took 2.18s 
307689     INFO  main            d.u.i.k.p.i.AbstractProblemLoader Replaying proof simplify1.key.proof 
307691     DEBUG main            d.u.i.k.p.i.IntermediateProofReplayer Proof replay took 750.7ns 
307691     DEBUG main            d.u.i.k.p.r.p.TestFile    ... success: reloaded. 
307692     INFO  main            d.u.i.k.p.r.p.TestFile    Now processing file /home/runner/work/key/key/key.core/../key.ui/examples/standard_key/inEqSimp/simplify2.key 
307692     INFO  main            d.u.i.k.p.i.AbstractProblemLoader Loading environment from /home/runner/work/key/key/key.core/../key.ui/examples/standard_key/inEqSimp/simplify2.key 
307692     DEBUG main            d.u.i.k.p.i.AbstractProblemLoader Environment load took 39.3ns 
307693     INFO  main            d.u.i.k.p.i.AbstractProblemLoader Creating init config 
309906     DEBUG main            d.u.i.k.p.i.AbstractProblemLoader Init config took 2.21s 
309918     INFO  main            d.u.i.k.p.i.AbstractProblemLoader Replaying proof simplify2.key 
309919     DEBUG main            d.u.i.k.p.i.IntermediateProofReplayer Proof replay took 2.3ns 
310020     INFO  main            d.u.i.k.p.r.p.TestFile    ... finished proof: closed. 
310360     INFO  main            d.u.i.k.p.i.AbstractProblemLoader Loading environment from /home/runner/work/key/key/key.core/../key.ui/examples/standard_key/inEqSimp/simplify2.key.proof 
310361     DEBUG main            d.u.i.k.p.i.AbstractProblemLoader Environment load took 71.9ns 
310362     INFO  main            d.u.i.k.p.i.AbstractProblemLoader Creating init config 
312539     DEBUG main            d.u.i.k.p.i.AbstractProblemLoader Init config took 2.18s 
312551     INFO  main            d.u.i.k.p.i.AbstractProblemLoader Replaying proof simplify2.key.proof 
312559     DEBUG main            d.u.i.k.p.i.IntermediateProofReplayer Proof replay took 5.8ms 
312560     DEBUG main            d.u.i.k.p.r.p.TestFile    ... success: reloaded. 
312560     INFO  main            d.u.i.k.p.r.p.TestFile    Now processing file /home/runner/work/key/key/key.core/../key.ui/examples/standard_key/inEqSimp/simplify3.key 
312560     INFO  main            d.u.i.k.p.i.AbstractProblemLoader Loading environment from /home/runner/work/key/key/key.core/../key.ui/examples/standard_key/inEqSimp/simplify3.key 
312560     DEBUG main            d.u.i.k.p.i.AbstractProblemLoader Environment load took 39.8ns 
312561     INFO  main            d.u.i.k.p.i.AbstractProblemLoader Creating init config 
314778     DEBUG main            d.u.i.k.p.i.AbstractProblemLoader Init config took 2.22s 
314790     INFO  main            d.u.i.k.p.i.AbstractProblemLoader Replaying proof simplify3.key 
314791     DEBUG main            d.u.i.k.p.i.IntermediateProofReplayer Proof replay took 2.6ns 
314896     INFO  main            d.u.i.k.p.r.p.TestFile    ... finished proof: closed. 
315246     INFO  main            d.u.i.k.p.i.AbstractProblemLoader Loading environment from /home/runner/work/key/key/key.core/../key.ui/examples/standard_key/inEqSimp/simplify3.key.proof 
315246     DEBUG main            d.u.i.k.p.i.AbstractProblemLoader Environment load took 64.3ns 
315247     INFO  main            d.u.i.k.p.i.AbstractProblemLoader Creating init config 
317421     DEBUG main            d.u.i.k.p.i.AbstractProblemLoader Init config took 2.17s 
317433     INFO  main            d.u.i.k.p.i.AbstractProblemLoader Replaying proof simplify3.key.proof 
317436     DEBUG main            d.u.i.k.p.i.IntermediateProofReplayer Proof replay took 1.28ms 
317436     DEBUG main            d.u.i.k.p.r.p.TestFile    ... success: reloaded. 
317437     INFO  main            d.u.i.k.p.r.p.TestFile    Now processing file /home/runner/work/key/key/key.core/../key.ui/examples/standard_key/inEqSimp/simplify4.key 
317437     INFO  main            d.u.i.k.p.i.AbstractProblemLoader Loading environment from /home/runner/work/key/key/key.core/../key.ui/examples/standard_key/inEqSimp/simplify4.key 
317437     DEBUG main            d.u.i.k.p.i.AbstractProblemLoader Environment load took 37.5ns 
317438     INFO  main            d.u.i.k.p.i.AbstractProblemLoader Creating init config 
319658     DEBUG main            d.u.i.k.p.i.AbstractProblemLoader Init config took 2.22s 
319670     INFO  main            d.u.i.k.p.i.AbstractProblemLoader Replaying proof simplify4.key 
319671     DEBUG main            d.u.i.k.p.i.IntermediateProofReplayer Proof replay took 2.5ns 
319773     INFO  main            d.u.i.k.p.r.p.TestFile    ... finished proof: closed. 
320126     INFO  main            d.u.i.k.p.i.AbstractProblemLoader Loading environment from /home/runner/work/key/key/key.core/../key.ui/examples/standard_key/inEqSimp/simplify4.key.proof 
320126     DEBUG main            d.u.i.k.p.i.AbstractProblemLoader Environment load took 68.9ns 
320127     INFO  main            d.u.i.k.p.i.AbstractProblemLoader Creating init config 
322304     DEBUG main            d.u.i.k.p.i.AbstractProblemLoader Init config took 2.18s 
322317     INFO  main            d.u.i.k.p.i.AbstractProblemLoader Replaying proof simplify4.key.proof 
322323     DEBUG main            d.u.i.k.p.i.IntermediateProofReplayer Proof replay took 4.57ms 
322324     DEBUG main            d.u.i.k.p.r.p.TestFile    ... success: reloaded. 
322324     INFO  main            d.u.i.k.p.r.p.TestFile    Now processing file /home/runner/work/key/key/key.core/../key.ui/examples/standard_key/inEqSimp/simplify5.key 
322325     INFO  main            d.u.i.k.p.i.AbstractProblemLoader Loading environment from /home/runner/work/key/key/key.core/../key.ui/examples/standard_key/inEqSimp/simplify5.key 
322325     DEBUG main            d.u.i.k.p.i.AbstractProblemLoader Environment load took 65.5ns 
322326     INFO  main            d.u.i.k.p.i.AbstractProblemLoader Creating init config 
324540     DEBUG main            d.u.i.k.p.i.AbstractProblemLoader Init config took 2.21s 
324552     INFO  main            d.u.i.k.p.i.AbstractProblemLoader Replaying proof simplify5.key 
324553     DEBUG main            d.u.i.k.p.i.IntermediateProofReplayer Proof replay took 2.2ns 
325057     INFO  main            d.u.i.k.p.r.p.TestFile    ... finished proof: closed. 
325442     INFO  main            d.u.i.k.p.i.AbstractProblemLoader Loading environment from /home/runner/work/key/key/key.core/../key.ui/examples/standard_key/inEqSimp/simplify5.key.proof 
325442     DEBUG main            d.u.i.k.p.i.AbstractProblemLoader Environment load took 379.6ns 
325445     INFO  main            d.u.i.k.p.i.AbstractProblemLoader Creating init config 
327616     DEBUG main            d.u.i.k.p.i.AbstractProblemLoader Init config took 2.17s 
327629     INFO  main            d.u.i.k.p.i.AbstractProblemLoader Replaying proof simplify5.key.proof 
327665     DEBUG main            d.u.i.k.p.i.IntermediateProofReplayer Proof replay took 31.6ms 
327666     DEBUG main            d.u.i.k.p.r.p.TestFile    ... success: reloaded. 
327671     INFO  main            d.u.i.k.p.r.p.TestFile    Now processing file /home/runner/work/key/key/key.core/../key.ui/examples/standard_key/inEqSimp/subsumptionExample.key 
327672     INFO  main            d.u.i.k.p.i.AbstractProblemLoader Loading environment from /home/runner/work/key/key/key.core/../key.ui/examples/standard_key/inEqSimp/subsumptionExample.key 
327672     DEBUG main            d.u.i.k.p.i.AbstractProblemLoader Environment load took 88.9ns 
327673     INFO  main            d.u.i.k.p.i.AbstractProblemLoader Creating init config 
329888     DEBUG main            d.u.i.k.p.i.AbstractProblemLoader Init config took 2.22s 
329900     INFO  main            d.u.i.k.p.i.AbstractProblemLoader Replaying proof subsumptionExample.key 
329904     DEBUG main            d.u.i.k.p.i.IntermediateProofReplayer Proof replay took 2.6ns 
330006     INFO  main            d.u.i.k.p.r.p.TestFile    ... finished proof: closed. 
330381     INFO  main            d.u.i.k.p.i.AbstractProblemLoader Loading environment from /home/runner/work/key/key/key.core/../key.ui/examples/standard_key/inEqSimp/subsumptionExample.key.proof 
330381     DEBUG main            d.u.i.k.p.i.AbstractProblemLoader Environment load took 65.6ns 
330382     INFO  main            d.u.i.k.p.i.AbstractProblemLoader Creating init config 
332554     DEBUG main            d.u.i.k.p.i.AbstractProblemLoader Init config took 2.17s 
332566     INFO  main            d.u.i.k.p.i.AbstractProblemLoader Replaying proof subsumptionExample.key.proof 
332568     DEBUG main            d.u.i.k.p.i.IntermediateProofReplayer Proof replay took 522.1ns 
332569     DEBUG main            d.u.i.k.p.r.p.TestFile    ... success: reloaded. 
332569     INFO  main            d.u.i.k.p.r.p.TestFile    Now processing file /home/runner/work/key/key/key.core/../key.ui/examples/standard_key/polySimp/simplify0.key 
332569     INFO  main            d.u.i.k.p.i.AbstractProblemLoader Loading environment from /home/runner/work/key/key/key.core/../key.ui/examples/standard_key/polySimp/simplify0.key 
332569     DEBUG main            d.u.i.k.p.i.AbstractProblemLoader Environment load took 38.8ns 
332570     INFO  main            d.u.i.k.p.i.AbstractProblemLoader Creating init config 
334777     DEBUG main            d.u.i.k.p.i.AbstractProblemLoader Init config took 2.21s 
334789     INFO  main            d.u.i.k.p.i.AbstractProblemLoader Replaying proof simplify0.key 
334790     DEBUG main            d.u.i.k.p.i.IntermediateProofReplayer Proof replay took 2.3ns 
335008     INFO  main            d.u.i.k.p.r.p.TestFile    ... finished proof: closed. 
335377     INFO  main            d.u.i.k.p.i.AbstractProblemLoader Loading environment from /home/runner/work/key/key/key.core/../key.ui/examples/standard_key/polySimp/simplify0.key.proof 
335377     DEBUG main            d.u.i.k.p.i.AbstractProblemLoader Environment load took 69.6ns 
335378     INFO  main            d.u.i.k.p.i.AbstractProblemLoader Creating init config 
337546     DEBUG main            d.u.i.k.p.i.AbstractProblemLoader Init config took 2.17s 
337559     INFO  main            d.u.i.k.p.i.AbstractProblemLoader Replaying proof simplify0.key.proof 
337568     DEBUG main            d.u.i.k.p.i.IntermediateProofReplayer Proof replay took 4.55ms 
337569     DEBUG main            d.u.i.k.p.r.p.TestFile    ... success: reloaded. 
337570     INFO  main            d.u.i.k.p.r.p.TestFile    Now processing file /home/runner/work/key/key/key.core/../key.ui/examples/standard_key/polySimp/simplify1.key 
337571     INFO  main            d.u.i.k.p.i.AbstractProblemLoader Loading environment from /home/runner/work/key/key/key.core/../key.ui/examples/standard_key/polySimp/simplify1.key 
337571     DEBUG main            d.u.i.k.p.i.AbstractProblemLoader Environment load took 55.7ns 
337575     INFO  main            d.u.i.k.p.i.AbstractProblemLoader Creating init config 
339800     DEBUG main            d.u.i.k.p.i.AbstractProblemLoader Init config took 2.22s 
339814     INFO  main            d.u.i.k.p.i.AbstractProblemLoader Replaying proof simplify1.key 
339816     DEBUG main            d.u.i.k.p.i.IntermediateProofReplayer Proof replay took 2.4ns 
340119     INFO  main            d.u.i.k.p.r.p.TestFile    ... finished proof: closed. 
340498     INFO  main            d.u.i.k.p.i.AbstractProblemLoader Loading environment from /home/runner/work/key/key/key.core/../key.ui/examples/standard_key/polySimp/simplify1.key.proof 
340498     DEBUG main            d.u.i.k.p.i.AbstractProblemLoader Environment load took 67.9ns 
340499     INFO  main            d.u.i.k.p.i.AbstractProblemLoader Creating init config 
342688     DEBUG main            d.u.i.k.p.i.AbstractProblemLoader Init config took 2.19s 
342709     INFO  main            d.u.i.k.p.i.AbstractProblemLoader Replaying proof simplify1.key.proof 
342717     DEBUG main            d.u.i.k.p.i.IntermediateProofReplayer Proof replay took 6.25ms 
342718     DEBUG main            d.u.i.k.p.r.p.TestFile    ... success: reloaded. 
342719     INFO  main            d.u.i.k.p.r.p.TestFile    Now processing file /home/runner/work/key/key/key.core/../key.ui/examples/standard_key/polySimp/simplify10.key 
342719     INFO  main            d.u.i.k.p.i.AbstractProblemLoader Loading environment from /home/runner/work/key/key/key.core/../key.ui/examples/standard_key/polySimp/simplify10.key 
342719     DEBUG main            d.u.i.k.p.i.AbstractProblemLoader Environment load took 38.9ns 
342720     INFO  main            d.u.i.k.p.i.AbstractProblemLoader Creating init config 
344947     DEBUG main            d.u.i.k.p.i.AbstractProblemLoader Init config took 2.23s 
344961     INFO  main            d.u.i.k.p.i.AbstractProblemLoader Replaying proof simplify10.key 
344962     DEBUG main            d.u.i.k.p.i.IntermediateProofReplayer Proof replay took 2.3ns 
345164     INFO  main            d.u.i.k.p.r.p.TestFile    ... finished proof: closed. 
345574     INFO  main            d.u.i.k.p.i.AbstractProblemLoader Loading environment from /home/runner/work/key/key/key.core/../key.ui/examples/standard_key/polySimp/simplify10.key.proof 
345574     DEBUG main            d.u.i.k.p.i.AbstractProblemLoader Environment load took 80.8ns 
345576     INFO  main            d.u.i.k.p.i.AbstractProblemLoader Creating init config 
347761     DEBUG main            d.u.i.k.p.i.AbstractProblemLoader Init config took 2.18s 
347775     INFO  main            d.u.i.k.p.i.AbstractProblemLoader Replaying proof simplify10.key.proof 
347785     DEBUG main            d.u.i.k.p.i.IntermediateProofReplayer Proof replay took 8.01ms 
347786     DEBUG main            d.u.i.k.p.r.p.TestFile    ... success: reloaded. 
347786     INFO  main            d.u.i.k.p.r.p.TestFile    Now processing file /home/runner/work/key/key/key.core/../key.ui/examples/standard_key/polySimp/simplify11.key 
347786     INFO  main            d.u.i.k.p.i.AbstractProblemLoader Loading environment from /home/runner/work/key/key/key.core/../key.ui/examples/standard_key/polySimp/simplify11.key 
347786     DEBUG main            d.u.i.k.p.i.AbstractProblemLoader Environment load took 38.6ns 
347787     INFO  main            d.u.i.k.p.i.AbstractProblemLoader Creating init config 
350004     DEBUG main            d.u.i.k.p.i.AbstractProblemLoader Init config took 2.22s 
350016     INFO  main            d.u.i.k.p.i.AbstractProblemLoader Replaying proof simplify11.key 
350017     DEBUG main            d.u.i.k.p.i.IntermediateProofReplayer Proof replay took 2.5ns 
350219     INFO  main            d.u.i.k.p.r.p.TestFile    ... finished proof: closed. 
350627     INFO  main            d.u.i.k.p.i.AbstractProblemLoader Loading environment from /home/runner/work/key/key/key.core/../key.ui/examples/standard_key/polySimp/simplify11.key.proof 
350628     DEBUG main            d.u.i.k.p.i.AbstractProblemLoader Environment load took 75.2ns 
350629     INFO  main            d.u.i.k.p.i.AbstractProblemLoader Creating init config 
352809     DEBUG main            d.u.i.k.p.i.AbstractProblemLoader Init config took 2.18s 
352822     INFO  main            d.u.i.k.p.i.AbstractProblemLoader Replaying proof simplify11.key.proof 
352831     DEBUG main            d.u.i.k.p.i.IntermediateProofReplayer Proof replay took 6.8ms 
352831     DEBUG main            d.u.i.k.p.r.p.TestFile    ... success: reloaded. 
352832     INFO  main            d.u.i.k.p.r.p.TestFile    Now processing file /home/runner/work/key/key/key.core/../key.ui/examples/standard_key/polySimp/simplify12.key 
352832     INFO  main            d.u.i.k.p.i.AbstractProblemLoader Loading environment from /home/runner/work/key/key/key.core/../key.ui/examples/standard_key/polySimp/simplify12.key 
352832     DEBUG main            d.u.i.k.p.i.AbstractProblemLoader Environment load took 37.3ns 
352833     INFO  main            d.u.i.k.p.i.AbstractProblemLoader Creating init config 
355058     DEBUG main            d.u.i.k.p.i.AbstractProblemLoader Init config took 2.22s 
355069     INFO  main            d.u.i.k.p.i.AbstractProblemLoader Replaying proof simplify12.key 
355070     DEBUG main            d.u.i.k.p.i.IntermediateProofReplayer Proof replay took 2.3ns 
355172     INFO  main            d.u.i.k.p.r.p.TestFile    ... finished proof: closed. 
355573     INFO  main            d.u.i.k.p.i.AbstractProblemLoader Loading environment from /home/runner/work/key/key/key.core/../key.ui/examples/standard_key/polySimp/simplify12.key.proof 
355573     DEBUG main            d.u.i.k.p.i.AbstractProblemLoader Environment load took 67ns 
355574     INFO  main            d.u.i.k.p.i.AbstractProblemLoader Creating init config 
357757     DEBUG main            d.u.i.k.p.i.AbstractProblemLoader Init config took 2.18s 
357769     INFO  main            d.u.i.k.p.i.AbstractProblemLoader Replaying proof simplify12.key.proof 
357774     DEBUG main            d.u.i.k.p.i.IntermediateProofReplayer Proof replay took 3.32ms 
357774     DEBUG main            d.u.i.k.p.r.p.TestFile    ... success: reloaded. 
357775     INFO  main            d.u.i.k.p.r.p.TestFile    Now processing file /home/runner/work/key/key/key.core/../key.ui/examples/standard_key/polySimp/simplify13.key 
357775     INFO  main            d.u.i.k.p.i.AbstractProblemLoader Loading environment from /home/runner/work/key/key/key.core/../key.ui/examples/standard_key/polySimp/simplify13.key 
357775     DEBUG main            d.u.i.k.p.i.AbstractProblemLoader Environment load took 44.6ns 
357776     INFO  main            d.u.i.k.p.i.AbstractProblemLoader Creating init config 
359997     DEBUG main            d.u.i.k.p.i.AbstractProblemLoader Init config took 2.22s 
360009     INFO  main            d.u.i.k.p.i.AbstractProblemLoader Replaying proof simplify13.key 
360009     DEBUG main            d.u.i.k.p.i.IntermediateProofReplayer Proof replay took 2.3ns 
360111     INFO  main            d.u.i.k.p.r.p.TestFile    ... finished proof: closed. 
360505     INFO  main            d.u.i.k.p.i.AbstractProblemLoader Loading environment from /home/runner/work/key/key/key.core/../key.ui/examples/standard_key/polySimp/simplify13.key.proof 
360505     DEBUG main            d.u.i.k.p.i.AbstractProblemLoader Environment load took 70.2ns 
360506     INFO  main            d.u.i.k.p.i.AbstractProblemLoader Creating init config 
362690     DEBUG main            d.u.i.k.p.i.AbstractProblemLoader Init config took 2.18s 
362703     INFO  main            d.u.i.k.p.i.AbstractProblemLoader Replaying proof simplify13.key.proof 
362706     DEBUG main            d.u.i.k.p.i.IntermediateProofReplayer Proof replay took 1.95ms 
362707     DEBUG main            d.u.i.k.p.r.p.TestFile    ... success: reloaded. 
362707     INFO  main            d.u.i.k.p.r.p.TestFile    Now processing file /home/runner/work/key/key/key.core/../key.ui/examples/standard_key/polySimp/simplify14.key 
362707     INFO  main            d.u.i.k.p.i.AbstractProblemLoader Loading environment from /home/runner/work/key/key/key.core/../key.ui/examples/standard_key/polySimp/simplify14.key 
362707     DEBUG main            d.u.i.k.p.i.AbstractProblemLoader Environment load took 39.2ns 
362708     INFO  main            d.u.i.k.p.i.AbstractProblemLoader Creating init config 
364909     DEBUG main            d.u.i.k.p.i.AbstractProblemLoader Init config took 2.2s 
364922     INFO  main            d.u.i.k.p.i.AbstractProblemLoader Replaying proof simplify14.key 
364923     DEBUG main            d.u.i.k.p.i.IntermediateProofReplayer Proof replay took 2.8ns 
365024     INFO  main            d.u.i.k.p.r.p.TestFile    ... finished proof: closed. 
365423     INFO  main            d.u.i.k.p.i.AbstractProblemLoader Loading environment from /home/runner/work/key/key/key.core/../key.ui/examples/standard_key/polySimp/simplify14.key.proof 
365423     DEBUG main            d.u.i.k.p.i.AbstractProblemLoader Environment load took 66.2ns 
365424     INFO  main            d.u.i.k.p.i.AbstractProblemLoader Creating init config 
367601     DEBUG main            d.u.i.k.p.i.AbstractProblemLoader Init config took 2.18s 
367613     INFO  main            d.u.i.k.p.i.AbstractProblemLoader Replaying proof simplify14.key.proof 
367615     DEBUG main            d.u.i.k.p.i.IntermediateProofReplayer Proof replay took 425.3ns 
367616     DEBUG main            d.u.i.k.p.r.p.TestFile    ... success: reloaded. 
367616     INFO  main            d.u.i.k.p.r.p.TestFile    Now processing file /home/runner/work/key/key/key.core/../key.ui/examples/standard_key/polySimp/simplify15.key 
367616     INFO  main            d.u.i.k.p.i.AbstractProblemLoader Loading environment from /home/runner/work/key/key/key.core/../key.ui/examples/standard_key/polySimp/simplify15.key 
367616     DEBUG main            d.u.i.k.p.i.AbstractProblemLoader Environment load took 37.9ns 
367617     INFO  main            d.u.i.k.p.i.AbstractProblemLoader Creating init config 
369828     DEBUG main            d.u.i.k.p.i.AbstractProblemLoader Init config took 2.21s 
369840     INFO  main            d.u.i.k.p.i.AbstractProblemLoader Replaying proof simplify15.key 
369841     DEBUG main            d.u.i.k.p.i.IntermediateProofReplayer Proof replay took 2.1ns 
369942     INFO  main            d.u.i.k.p.r.p.TestFile    ... finished proof: closed. 
370345     INFO  main            d.u.i.k.p.i.AbstractProblemLoader Loading environment from /home/runner/work/key/key/key.core/../key.ui/examples/standard_key/polySimp/simplify15.key.proof 
370345     DEBUG main            d.u.i.k.p.i.AbstractProblemLoader Environment load took 65.9ns 
370346     INFO  main            d.u.i.k.p.i.AbstractProblemLoader Creating init config 
372526     DEBUG main            d.u.i.k.p.i.AbstractProblemLoader Init config took 2.18s 
372538     INFO  main            d.u.i.k.p.i.AbstractProblemLoader Replaying proof simplify15.key.proof 
372539     DEBUG main            d.u.i.k.p.i.IntermediateProofReplayer Proof replay took 276.2ns 
372540     DEBUG main            d.u.i.k.p.r.p.TestFile    ... success: reloaded. 
372540     INFO  main            d.u.i.k.p.r.p.TestFile    Now processing file /home/runner/work/key/key/key.core/../key.ui/examples/standard_key/polySimp/simplify16.key 
372540     INFO  main            d.u.i.k.p.i.AbstractProblemLoader Loading environment from /home/runner/work/key/key/key.core/../key.ui/examples/standard_key/polySimp/simplify16.key 
372540     DEBUG main            d.u.i.k.p.i.AbstractProblemLoader Environment load took 52ns 
372541     INFO  main            d.u.i.k.p.i.AbstractProblemLoader Creating init config 
374756     DEBUG main            d.u.i.k.p.i.AbstractProblemLoader Init config took 2.22s 
374768     INFO  main            d.u.i.k.p.i.AbstractProblemLoader Replaying proof simplify16.key 
374769     DEBUG main            d.u.i.k.p.i.IntermediateProofReplayer Proof replay took 2.2ns 
374870     INFO  main            d.u.i.k.p.r.p.TestFile    ... finished proof: closed. 
375290     INFO  main            d.u.i.k.p.i.AbstractProblemLoader Loading environment from /home/runner/work/key/key/key.core/../key.ui/examples/standard_key/polySimp/simplify16.key.proof 
375290     DEBUG main            d.u.i.k.p.i.AbstractProblemLoader Environment load took 68ns 
375291     INFO  main            d.u.i.k.p.i.AbstractProblemLoader Creating init config 
377470     DEBUG main            d.u.i.k.p.i.AbstractProblemLoader Init config took 2.18s 
377482     INFO  main            d.u.i.k.p.i.AbstractProblemLoader Replaying proof simplify16.key.proof 
377484     DEBUG main            d.u.i.k.p.i.IntermediateProofReplayer Proof replay took 198.1ns 
377484     DEBUG main            d.u.i.k.p.r.p.TestFile    ... success: reloaded. 
377484     INFO  main            d.u.i.k.p.r.p.TestFile    Now processing file /home/runner/work/key/key/key.core/../key.ui/examples/standard_key/polySimp/simplify17.key 
377485     INFO  main            d.u.i.k.p.i.AbstractProblemLoader Loading environment from /home/runner/work/key/key/key.core/../key.ui/examples/standard_key/polySimp/simplify17.key 
377485     DEBUG main            d.u.i.k.p.i.AbstractProblemLoader Environment load took 79.6ns 
377485     INFO  main            d.u.i.k.p.i.AbstractProblemLoader Creating init config 
379696     DEBUG main            d.u.i.k.p.i.AbstractProblemLoader Init config took 2.21s 
379708     INFO  main            d.u.i.k.p.i.AbstractProblemLoader Replaying proof simplify17.key 
379709     DEBUG main            d.u.i.k.p.i.IntermediateProofReplayer Proof replay took 3ns 
379810     INFO  main            d.u.i.k.p.r.p.TestFile    ... finished proof: closed. 
380226     INFO  main            d.u.i.k.p.i.AbstractProblemLoader Loading environment from /home/runner/work/key/key/key.core/../key.ui/examples/standard_key/polySimp/simplify17.key.proof 
380226     DEBUG main            d.u.i.k.p.i.AbstractProblemLoader Environment load took 68.1ns 
380227     INFO  main            d.u.i.k.p.i.AbstractProblemLoader Creating init config 
382412     DEBUG main            d.u.i.k.p.i.AbstractProblemLoader Init config took 2.18s 
382424     INFO  main            d.u.i.k.p.i.AbstractProblemLoader Replaying proof simplify17.key.proof 
382428     DEBUG main            d.u.i.k.p.i.IntermediateProofReplayer Proof replay took 2.59ms 
382428     DEBUG main            d.u.i.k.p.r.p.TestFile    ... success: reloaded. 
382429     INFO  main            d.u.i.k.p.r.p.TestFile    Now processing file /home/runner/work/key/key/key.core/../key.ui/examples/standard_key/polySimp/simplify18.key 
382429     INFO  main            d.u.i.k.p.i.AbstractProblemLoader Loading environment from /home/runner/work/key/key/key.core/../key.ui/examples/standard_key/polySimp/simplify18.key 
382429     DEBUG main            d.u.i.k.p.i.AbstractProblemLoader Environment load took 40.2ns 
382430     INFO  main            d.u.i.k.p.i.AbstractProblemLoader Creating init config 
384670     DEBUG main            d.u.i.k.p.i.AbstractProblemLoader Init config took 2.24s 
384682     INFO  main            d.u.i.k.p.i.AbstractProblemLoader Replaying proof simplify18.key 
384683     DEBUG main            d.u.i.k.p.i.IntermediateProofReplayer Proof replay took 2.5ns 
384888     INFO  main            d.u.i.k.p.r.p.TestFile    ... finished proof: closed. 
385318     INFO  main            d.u.i.k.p.i.AbstractProblemLoader Loading environment from /home/runner/work/key/key/key.core/../key.ui/examples/standard_key/polySimp/simplify18.key.proof 
385318     DEBUG main            d.u.i.k.p.i.AbstractProblemLoader Environment load took 74.8ns 
385319     INFO  main            d.u.i.k.p.i.AbstractProblemLoader Creating init config 
387659     DEBUG main            d.u.i.k.p.i.AbstractProblemLoader Init config took 2.34s 
387673     INFO  main            d.u.i.k.p.i.AbstractProblemLoader Replaying proof simplify18.key.proof 
387682     DEBUG main            d.u.i.k.p.i.IntermediateProofReplayer Proof replay took 6.19ms 
387682     DEBUG main            d.u.i.k.p.r.p.TestFile    ... success: reloaded. 
387684     INFO  main            d.u.i.k.p.r.p.TestFile    Now processing file /home/runner/work/key/key/key.core/../key.ui/examples/standard_key/polySimp/simplify19.key 
387684     INFO  main            d.u.i.k.p.i.AbstractProblemLoader Loading environment from /home/runner/work/key/key/key.core/../key.ui/examples/standard_key/polySimp/simplify19.key 
387684     DEBUG main            d.u.i.k.p.i.AbstractProblemLoader Environment load took 170.4ns 
387685     INFO  main            d.u.i.k.p.i.AbstractProblemLoader Creating init config 
390000     DEBUG main            d.u.i.k.p.i.AbstractProblemLoader Init config took 2.31s 
390014     INFO  main            d.u.i.k.p.i.AbstractProblemLoader Replaying proof simplify19.key 
390018     DEBUG main            d.u.i.k.p.i.IntermediateProofReplayer Proof replay took 2.8ns 
393065     INFO  main            d.u.i.k.p.r.p.TestFile    ... finished proof: closed. 
393509     INFO  main            d.u.i.k.p.i.AbstractProblemLoader Loading environment from /home/runner/work/key/key/key.core/../key.ui/examples/standard_key/polySimp/simplify19.key.proof 
393509     DEBUG main            d.u.i.k.p.i.AbstractProblemLoader Environment load took 72.9ns 
393510     INFO  main            d.u.i.k.p.i.AbstractProblemLoader Creating init config 
395714     DEBUG main            d.u.i.k.p.i.AbstractProblemLoader Init config took 2.2s 
395727     INFO  main            d.u.i.k.p.i.AbstractProblemLoader Replaying proof simplify19.key.proof 
395822     DEBUG main            d.u.i.k.p.i.IntermediateProofReplayer Proof replay took 84.36ms 
395823     DEBUG main            d.u.i.k.p.r.p.TestFile    ... success: reloaded. 
395824     INFO  main            d.u.i.k.p.r.p.TestFile    Now processing file /home/runner/work/key/key/key.core/../key.ui/examples/standard_key/polySimp/simplify2.key 
395824     INFO  main            d.u.i.k.p.i.AbstractProblemLoader Loading environment from /home/runner/work/key/key/key.core/../key.ui/examples/standard_key/polySimp/simplify2.key 
395824     DEBUG main            d.u.i.k.p.i.AbstractProblemLoader Environment load took 326.1ns 
395825     INFO  main            d.u.i.k.p.i.AbstractProblemLoader Creating init config 
398045     DEBUG main            d.u.i.k.p.i.AbstractProblemLoader Init config took 2.22s 
398057     INFO  main            d.u.i.k.p.i.AbstractProblemLoader Replaying proof simplify2.key 
398060     DEBUG main            d.u.i.k.p.i.IntermediateProofReplayer Proof replay took 2.8ns 
398161     INFO  main            d.u.i.k.p.r.p.TestFile    ... finished proof: closed. 
398621     INFO  main            d.u.i.k.p.i.AbstractProblemLoader Loading environment from /home/runner/work/key/key/key.core/../key.ui/examples/standard_key/polySimp/simplify2.key.proof 
398621     DEBUG main            d.u.i.k.p.i.AbstractProblemLoader Environment load took 68.7ns 
398622     INFO  main            d.u.i.k.p.i.AbstractProblemLoader Creating init config 
400944     DEBUG main            d.u.i.k.p.i.AbstractProblemLoader Init config took 2.32s 
400956     INFO  main            d.u.i.k.p.i.AbstractProblemLoader Replaying proof simplify2.key.proof 
400957     DEBUG main            d.u.i.k.p.i.IntermediateProofReplayer Proof replay took 440.8ns 
400958     DEBUG main            d.u.i.k.p.r.p.TestFile    ... success: reloaded. 
400958     INFO  main            d.u.i.k.p.r.p.TestFile    Now processing file /home/runner/work/key/key/key.core/../key.ui/examples/standard_key/polySimp/simplify20.key 
400958     INFO  main            d.u.i.k.p.i.AbstractProblemLoader Loading environment from /home/runner/work/key/key/key.core/../key.ui/examples/standard_key/polySimp/simplify20.key 
400959     DEBUG main            d.u.i.k.p.i.AbstractProblemLoader Environment load took 40.4ns 
400959     INFO  main            d.u.i.k.p.i.AbstractProblemLoader Creating init config 
403208     DEBUG main            d.u.i.k.p.i.AbstractProblemLoader Init config took 2.25s 
403225     INFO  main            d.u.i.k.p.i.AbstractProblemLoader Replaying proof simplify20.key 
403227     DEBUG main            d.u.i.k.p.i.IntermediateProofReplayer Proof replay took 4.4ns 
403953     INFO  main            d.u.i.k.p.r.p.TestFile    ... finished proof: closed. 
404403     INFO  main            d.u.i.k.p.i.AbstractProblemLoader Loading environment from /home/runner/work/key/key/key.core/../key.ui/examples/standard_key/polySimp/simplify20.key.proof 
404403     DEBUG main            d.u.i.k.p.i.AbstractProblemLoader Environment load took 75.4ns 
404404     INFO  main            d.u.i.k.p.i.AbstractProblemLoader Creating init config 
406628     DEBUG main            d.u.i.k.p.i.AbstractProblemLoader Init config took 2.22s 
406641     INFO  main            d.u.i.k.p.i.AbstractProblemLoader Replaying proof simplify20.key.proof 
406670     DEBUG main            d.u.i.k.p.i.IntermediateProofReplayer Proof replay took 24.45ms 
406671     DEBUG main            d.u.i.k.p.r.p.TestFile    ... success: reloaded. 
406671     INFO  main            d.u.i.k.p.r.p.TestFile    Now processing file /home/runner/work/key/key/key.core/../key.ui/examples/standard_key/polySimp/simplify21.key 
406672     INFO  main            d.u.i.k.p.i.AbstractProblemLoader Loading environment from /home/runner/work/key/key/key.core/../key.ui/examples/standard_key/polySimp/simplify21.key 
406672     DEBUG main            d.u.i.k.p.i.AbstractProblemLoader Environment load took 70ns 
406674     INFO  main            d.u.i.k.p.i.AbstractProblemLoader Creating init config 
408903     DEBUG main            d.u.i.k.p.i.AbstractProblemLoader Init config took 2.23s 
408916     INFO  main            d.u.i.k.p.i.AbstractProblemLoader Replaying proof simplify21.key 
408917     DEBUG main            d.u.i.k.p.i.IntermediateProofReplayer Proof replay took 2.5ns 
409443     INFO  main            d.u.i.k.p.r.p.TestFile    ... finished proof: closed. 
409920     INFO  main            d.u.i.k.p.i.AbstractProblemLoader Loading environment from /home/runner/work/key/key/key.core/../key.ui/examples/standard_key/polySimp/simplify21.key.proof 
409920     DEBUG main            d.u.i.k.p.i.AbstractProblemLoader Environment load took 82.2ns 
409922     INFO  main            d.u.i.k.p.i.AbstractProblemLoader Creating init config 
412222     DEBUG main            d.u.i.k.p.i.AbstractProblemLoader Init config took 2.3s 
412239     INFO  main            d.u.i.k.p.i.AbstractProblemLoader Replaying proof simplify21.key.proof 
412292     DEBUG main            d.u.i.k.p.i.IntermediateProofReplayer Proof replay took 48.64ms 
412299     DEBUG main            d.u.i.k.p.r.p.TestFile    ... success: reloaded. 
412299     INFO  main            d.u.i.k.p.r.p.TestFile    Now processing file /home/runner/work/key/key/key.core/../key.ui/examples/standard_key/polySimp/simplify22.key 
412300     INFO  main            d.u.i.k.p.i.AbstractProblemLoader Loading environment from /home/runner/work/key/key/key.core/../key.ui/examples/standard_key/polySimp/simplify22.key 
412300     DEBUG main            d.u.i.k.p.i.AbstractProblemLoader Environment load took 71ns 
412300     INFO  main            d.u.i.k.p.i.AbstractProblemLoader Creating init config 
414609     DEBUG main            d.u.i.k.p.i.AbstractProblemLoader Init config took 2.31s 
414621     INFO  main            d.u.i.k.p.i.AbstractProblemLoader Replaying proof simplify22.key 
414622     DEBUG main            d.u.i.k.p.i.IntermediateProofReplayer Proof replay took 3.1ns 
414724     INFO  main            d.u.i.k.p.r.p.TestFile    ... finished proof: closed. 
415169     INFO  main            d.u.i.k.p.i.AbstractProblemLoader Loading environment from /home/runner/work/key/key/key.core/../key.ui/examples/standard_key/polySimp/simplify22.key.proof 
415169     DEBUG main            d.u.i.k.p.i.AbstractProblemLoader Environment load took 71.1ns 
415169     INFO  main            d.u.i.k.p.i.AbstractProblemLoader Creating init config 
417375     DEBUG main            d.u.i.k.p.i.AbstractProblemLoader Init config took 2.21s 
417387     INFO  main            d.u.i.k.p.i.AbstractProblemLoader Replaying proof simplify22.key.proof 
417400     DEBUG main            d.u.i.k.p.i.IntermediateProofReplayer Proof replay took 12.5ms 
417401     DEBUG main            d.u.i.k.p.r.p.TestFile    ... success: reloaded. 
417401     INFO  main            d.u.i.k.p.r.p.TestFile    Now processing file /home/runner/work/key/key/key.core/../key.ui/examples/standard_key/polySimp/simplify23.key 
417401     INFO  main            d.u.i.k.p.i.AbstractProblemLoader Loading environment from /home/runner/work/key/key/key.core/../key.ui/examples/standard_key/polySimp/simplify23.key 
417401     DEBUG main            d.u.i.k.p.i.AbstractProblemLoader Environment load took 39.7ns 
417402     INFO  main            d.u.i.k.p.i.AbstractProblemLoader Creating init config 
419613     DEBUG main            d.u.i.k.p.i.AbstractProblemLoader Init config took 2.21s 
419625     INFO  main            d.u.i.k.p.i.AbstractProblemLoader Replaying proof simplify23.key 
419627     DEBUG main            d.u.i.k.p.i.IntermediateProofReplayer Proof replay took 2.9ns 
419728     INFO  main            d.u.i.k.p.r.p.TestFile    ... finished proof: closed. 
420172     INFO  main            d.u.i.k.p.i.AbstractProblemLoader Loading environment from /home/runner/work/key/key/key.core/../key.ui/examples/standard_key/polySimp/simplify23.key.proof 
420172     DEBUG main            d.u.i.k.p.i.AbstractProblemLoader Environment load took 72.4ns 
420173     INFO  main            d.u.i.k.p.i.AbstractProblemLoader Creating init config 
422559     DEBUG main            d.u.i.k.p.i.AbstractProblemLoader Init config took 2.39s 
422573     INFO  main            d.u.i.k.p.i.AbstractProblemLoader Replaying proof simplify23.key.proof 
422582     DEBUG main            d.u.i.k.p.i.IntermediateProofReplayer Proof replay took 6.3ms 
422582     DEBUG main            d.u.i.k.p.r.p.TestFile    ... success: reloaded. 
422583     INFO  main            d.u.i.k.p.r.p.TestFile    Now processing file /home/runner/work/key/key/key.core/../key.ui/examples/standard_key/polySimp/simplify24.key 
422583     INFO  main            d.u.i.k.p.i.AbstractProblemLoader Loading environment from /home/runner/work/key/key/key.core/../key.ui/examples/standard_key/polySimp/simplify24.key 
422583     DEBUG main            d.u.i.k.p.i.AbstractProblemLoader Environment load took 180.6ns 
422584     INFO  main            d.u.i.k.p.i.AbstractProblemLoader Creating init config 
424999     DEBUG main            d.u.i.k.p.i.AbstractProblemLoader Init config took 2.42s 
425011     INFO  main            d.u.i.k.p.i.AbstractProblemLoader Replaying proof simplify24.key 
425012     DEBUG main            d.u.i.k.p.i.IntermediateProofReplayer Proof replay took 2.3ns 
425113     INFO  main            d.u.i.k.p.r.p.TestFile    ... finished proof: closed. 
425554     INFO  main            d.u.i.k.p.i.AbstractProblemLoader Loading environment from /home/runner/work/key/key/key.core/../key.ui/examples/standard_key/polySimp/simplify24.key.proof 
425554     DEBUG main            d.u.i.k.p.i.AbstractProblemLoader Environment load took 67.3ns 
425554     INFO  main            d.u.i.k.p.i.AbstractProblemLoader Creating init config 
427827     DEBUG main            d.u.i.k.p.i.AbstractProblemLoader Init config took 2.27s 
427844     INFO  main            d.u.i.k.p.i.AbstractProblemLoader Replaying proof simplify24.key.proof 
427846     DEBUG main            d.u.i.k.p.i.IntermediateProofReplayer Proof replay took 1.3ms 
427847     DEBUG main            d.u.i.k.p.r.p.TestFile    ... success: reloaded. 
427851     INFO  main            d.u.i.k.p.r.p.TestFile    Now processing file /home/runner/work/key/key/key.core/../key.ui/examples/standard_key/polySimp/simplify25.key 
427856     INFO  main            d.u.i.k.p.i.AbstractProblemLoader Loading environment from /home/runner/work/key/key/key.core/../key.ui/examples/standard_key/polySimp/simplify25.key 
427856     DEBUG main            d.u.i.k.p.i.AbstractProblemLoader Environment load took 167.8ns 
427857     INFO  main            d.u.i.k.p.i.AbstractProblemLoader Creating init config 
430185     DEBUG main            d.u.i.k.p.i.AbstractProblemLoader Init config took 2.33s 
430197     INFO  main            d.u.i.k.p.i.AbstractProblemLoader Replaying proof simplify25.key 
430198     DEBUG main            d.u.i.k.p.i.IntermediateProofReplayer Proof replay took 2.8ns 
430300     INFO  main            d.u.i.k.p.r.p.TestFile    ... finished proof: closed. 
430745     INFO  main            d.u.i.k.p.i.AbstractProblemLoader Loading environment from /home/runner/work/key/key/key.core/../key.ui/examples/standard_key/polySimp/simplify25.key.proof 
430745     DEBUG main            d.u.i.k.p.i.AbstractProblemLoader Environment load took 67.2ns 
430746     INFO  main            d.u.i.k.p.i.AbstractProblemLoader Creating init config 
433016     DEBUG main            d.u.i.k.p.i.AbstractProblemLoader Init config took 2.27s 
433030     INFO  main            d.u.i.k.p.i.AbstractProblemLoader Replaying proof simplify25.key.proof 
433033     DEBUG main            d.u.i.k.p.i.IntermediateProofReplayer Proof replay took 1.52ms 
433034     DEBUG main            d.u.i.k.p.r.p.TestFile    ... success: reloaded. 
433035     INFO  main            d.u.i.k.p.r.p.TestFile    Now processing file /home/runner/work/key/key/key.core/../key.ui/examples/standard_key/polySimp/simplify3.key 
433035     INFO  main            d.u.i.k.p.i.AbstractProblemLoader Loading environment from /home/runner/work/key/key/key.core/../key.ui/examples/standard_key/polySimp/simplify3.key 
433035     DEBUG main            d.u.i.k.p.i.AbstractProblemLoader Environment load took 152.4ns 
433036     INFO  main            d.u.i.k.p.i.AbstractProblemLoader Creating init config 
435333     DEBUG main            d.u.i.k.p.i.AbstractProblemLoader Init config took 2.3s 
435344     INFO  main            d.u.i.k.p.i.AbstractProblemLoader Replaying proof simplify3.key 
435345     DEBUG main            d.u.i.k.p.i.IntermediateProofReplayer Proof replay took 2.4ns 
435447     INFO  main            d.u.i.k.p.r.p.TestFile    ... finished proof: closed. 
435901     INFO  main            d.u.i.k.p.i.AbstractProblemLoader Loading environment from /home/runner/work/key/key/key.core/../key.ui/examples/standard_key/polySimp/simplify3.key.proof 
435901     DEBUG main            d.u.i.k.p.i.AbstractProblemLoader Environment load took 65.6ns 
435902     INFO  main            d.u.i.k.p.i.AbstractProblemLoader Creating init config 
438192     DEBUG main            d.u.i.k.p.i.AbstractProblemLoader Init config took 2.29s 
438207     INFO  main            d.u.i.k.p.i.AbstractProblemLoader Replaying proof simplify3.key.proof 
438209     DEBUG main            d.u.i.k.p.i.IntermediateProofReplayer Proof replay took 563.5ns 
438210     DEBUG main            d.u.i.k.p.r.p.TestFile    ... success: reloaded. 
438210     INFO  main            d.u.i.k.p.r.p.TestFile    Now processing file /home/runner/work/key/key/key.core/../key.ui/examples/standard_key/polySimp/simplify4.key 
438210     INFO  main            d.u.i.k.p.i.AbstractProblemLoader Loading environment from /home/runner/work/key/key/key.core/../key.ui/examples/standard_key/polySimp/simplify4.key 
438210     DEBUG main            d.u.i.k.p.i.AbstractProblemLoader Environment load took 109.8ns 
438211     INFO  main            d.u.i.k.p.i.AbstractProblemLoader Creating init config 
440502     DEBUG main            d.u.i.k.p.i.AbstractProblemLoader Init config took 2.29s 
440514     INFO  main            d.u.i.k.p.i.AbstractProblemLoader Replaying proof simplify4.key 
440515     DEBUG main            d.u.i.k.p.i.IntermediateProofReplayer Proof replay took 2.6ns 
440616     INFO  main            d.u.i.k.p.r.p.TestFile    ... finished proof: closed. 
441072     INFO  main            d.u.i.k.p.i.AbstractProblemLoader Loading environment from /home/runner/work/key/key/key.core/../key.ui/examples/standard_key/polySimp/simplify4.key.proof 
441072     DEBUG main            d.u.i.k.p.i.AbstractProblemLoader Environment load took 68.3ns 
441073     INFO  main            d.u.i.k.p.i.AbstractProblemLoader Creating init config 
443349     DEBUG main            d.u.i.k.p.i.AbstractProblemLoader Init config took 2.28s 
443363     INFO  main            d.u.i.k.p.i.AbstractProblemLoader Replaying proof simplify4.key.proof 
443365     DEBUG main            d.u.i.k.p.i.IntermediateProofReplayer Proof replay took 651.2ns 
443366     DEBUG main            d.u.i.k.p.r.p.TestFile    ... success: reloaded. 
443367     INFO  main            d.u.i.k.p.r.p.TestFile    Now processing file /home/runner/work/key/key/key.core/../key.ui/examples/standard_key/polySimp/simplify5.key 
443368     INFO  main            d.u.i.k.p.i.AbstractProblemLoader Loading environment from /home/runner/work/key/key/key.core/../key.ui/examples/standard_key/polySimp/simplify5.key 
443368     DEBUG main            d.u.i.k.p.i.AbstractProblemLoader Environment load took 68.8ns 
443368     INFO  main            d.u.i.k.p.i.AbstractProblemLoader Creating init config 
445686     DEBUG main            d.u.i.k.p.i.AbstractProblemLoader Init config took 2.32s 
445698     INFO  main            d.u.i.k.p.i.AbstractProblemLoader Replaying proof simplify5.key 
445699     DEBUG main            d.u.i.k.p.i.IntermediateProofReplayer Proof replay took 2.4ns 
445800     INFO  main            d.u.i.k.p.r.p.TestFile    ... finished proof: closed. 
446271     INFO  main            d.u.i.k.p.i.AbstractProblemLoader Loading environment from /home/runner/work/key/key/key.core/../key.ui/examples/standard_key/polySimp/simplify5.key.proof 
446271     DEBUG main            d.u.i.k.p.i.AbstractProblemLoader Environment load took 64.8ns 
446272     INFO  main            d.u.i.k.p.i.AbstractProblemLoader Creating init config 
448543     DEBUG main            d.u.i.k.p.i.AbstractProblemLoader Init config took 2.27s 
448556     INFO  main            d.u.i.k.p.i.AbstractProblemLoader Replaying proof simplify5.key.proof 
448561     DEBUG main            d.u.i.k.p.i.IntermediateProofReplayer Proof replay took 2.59ms 
448561     DEBUG main            d.u.i.k.p.r.p.TestFile    ... success: reloaded. 
448562     INFO  main            d.u.i.k.p.r.p.TestFile    Now processing file /home/runner/work/key/key/key.core/../key.ui/examples/standard_key/polySimp/simplify6.key 
448562     INFO  main            d.u.i.k.p.i.AbstractProblemLoader Loading environment from /home/runner/work/key/key/key.core/../key.ui/examples/standard_key/polySimp/simplify6.key 
448562     DEBUG main            d.u.i.k.p.i.AbstractProblemLoader Environment load took 43ns 
448562     INFO  main            d.u.i.k.p.i.AbstractProblemLoader Creating init config 
450912     DEBUG main            d.u.i.k.p.i.AbstractProblemLoader Init config took 2.35s 
450942     INFO  main            d.u.i.k.p.i.AbstractProblemLoader Replaying proof simplify6.key 
450943     DEBUG main            d.u.i.k.p.i.IntermediateProofReplayer Proof replay took 2.7ns 
451044     INFO  main            d.u.i.k.p.r.p.TestFile    ... finished proof: closed. 
451518     INFO  main            d.u.i.k.p.i.AbstractProblemLoader Loading environment from /home/runner/work/key/key/key.core/../key.ui/examples/standard_key/polySimp/simplify6.key.proof 
451518     DEBUG main            d.u.i.k.p.i.AbstractProblemLoader Environment load took 63.5ns 
451519     INFO  main            d.u.i.k.p.i.AbstractProblemLoader Creating init config 
453771     DEBUG main            d.u.i.k.p.i.AbstractProblemLoader Init config took 2.25s 
453785     INFO  main            d.u.i.k.p.i.AbstractProblemLoader Replaying proof simplify6.key.proof 
453787     DEBUG main            d.u.i.k.p.i.IntermediateProofReplayer Proof replay took 185.3ns 
453788     DEBUG main            d.u.i.k.p.r.p.TestFile    ... success: reloaded. 
453788     INFO  main            d.u.i.k.p.r.p.TestFile    Now processing file /home/runner/work/key/key/key.core/../key.ui/examples/standard_key/polySimp/simplify7.key 
453789     INFO  main            d.u.i.k.p.i.AbstractProblemLoader Loading environment from /home/runner/work/key/key/key.core/../key.ui/examples/standard_key/polySimp/simplify7.key 
453789     DEBUG main            d.u.i.k.p.i.AbstractProblemLoader Environment load took 159.9ns 
453790     INFO  main            d.u.i.k.p.i.AbstractProblemLoader Creating init config 
456218     DEBUG main            d.u.i.k.p.i.AbstractProblemLoader Init config took 2.43s 
456230     INFO  main            d.u.i.k.p.i.AbstractProblemLoader Replaying proof simplify7.key 
456231     DEBUG main            d.u.i.k.p.i.IntermediateProofReplayer Proof replay took 2.3ns 
456332     INFO  main            d.u.i.k.p.r.p.TestFile    ... finished proof: closed. 
456798     INFO  main            d.u.i.k.p.i.AbstractProblemLoader Loading environment from /home/runner/work/key/key/key.core/../key.ui/examples/standard_key/polySimp/simplify7.key.proof 
456798     DEBUG main            d.u.i.k.p.i.AbstractProblemLoader Environment load took 67.4ns 
456799     INFO  main            d.u.i.k.p.i.AbstractProblemLoader Creating init config 
459137     DEBUG main            d.u.i.k.p.i.AbstractProblemLoader Init config took 2.34s 
459165     INFO  main            d.u.i.k.p.i.AbstractProblemLoader Replaying proof simplify7.key.proof 
459167     DEBUG main            d.u.i.k.p.i.IntermediateProofReplayer Proof replay took 238.2ns 
459168     DEBUG main            d.u.i.k.p.r.p.TestFile    ... success: reloaded. 
459169     INFO  main            d.u.i.k.p.r.p.TestFile    Now processing file /home/runner/work/key/key/key.core/../key.ui/examples/standard_key/polySimp/simplify8.key 
459169     INFO  main            d.u.i.k.p.i.AbstractProblemLoader Loading environment from /home/runner/work/key/key/key.core/../key.ui/examples/standard_key/polySimp/simplify8.key 
459169     DEBUG main            d.u.i.k.p.i.AbstractProblemLoader Environment load took 162.2ns 
459172     INFO  main            d.u.i.k.p.i.AbstractProblemLoader Creating init config 
461469     DEBUG main            d.u.i.k.p.i.AbstractProblemLoader Init config took 2.3s 
461484     INFO  main            d.u.i.k.p.i.AbstractProblemLoader Replaying proof simplify8.key 
461490     DEBUG main            d.u.i.k.p.i.IntermediateProofReplayer Proof replay took 2.8ns 
465161     INFO  main            d.u.i.k.p.r.p.TestFile    ... finished proof: closed. 
465656     INFO  main            d.u.i.k.p.i.AbstractProblemLoader Loading environment from /home/runner/work/key/key/key.core/../key.ui/examples/standard_key/polySimp/simplify8.key.proof 
465656     DEBUG main            d.u.i.k.p.i.AbstractProblemLoader Environment load took 72.3ns 
465658     INFO  main            d.u.i.k.p.i.AbstractProblemLoader Creating init config 
468015     DEBUG main            d.u.i.k.p.i.AbstractProblemLoader Init config took 2.36s 
468032     INFO  main            d.u.i.k.p.i.AbstractProblemLoader Replaying proof simplify8.key.proof 
468081     DEBUG main            d.u.i.k.p.i.IntermediateProofReplayer Proof replay took 43.48ms 
468096     DEBUG main            d.u.i.k.p.r.p.TestFile    ... success: reloaded. 
468097     INFO  main            d.u.i.k.p.r.p.TestFile    Now processing file /home/runner/work/key/key/key.core/../key.ui/examples/standard_key/polySimp/simplify9.key 
468097     INFO  main            d.u.i.k.p.i.AbstractProblemLoader Loading environment from /home/runner/work/key/key/key.core/../key.ui/examples/standard_key/polySimp/simplify9.key 
468097     DEBUG main            d.u.i.k.p.i.AbstractProblemLoader Environment load took 36.8ns 
468098     INFO  main            d.u.i.k.p.i.AbstractProblemLoader Creating init config 
470331     DEBUG main            d.u.i.k.p.i.AbstractProblemLoader Init config took 2.23s 
470343     INFO  main            d.u.i.k.p.i.AbstractProblemLoader Replaying proof simplify9.key 
470344     DEBUG main            d.u.i.k.p.i.IntermediateProofReplayer Proof replay took 2.4ns 
470546     INFO  main            d.u.i.k.p.r.p.TestFile    ... finished proof: closed. 
471055     INFO  main            d.u.i.k.p.i.AbstractProblemLoader Loading environment from /home/runner/work/key/key/key.core/../key.ui/examples/standard_key/polySimp/simplify9.key.proof 
471055     DEBUG main            d.u.i.k.p.i.AbstractProblemLoader Environment load took 85.7ns 
471056     INFO  main            d.u.i.k.p.i.AbstractProblemLoader Creating init config 
473223     DEBUG main            d.u.i.k.p.i.AbstractProblemLoader Init config took 2.17s 
473236     INFO  main            d.u.i.k.p.i.AbstractProblemLoader Replaying proof simplify9.key.proof 
473240     DEBUG main            d.u.i.k.p.i.IntermediateProofReplayer Proof replay took 3.09ms 
473241     DEBUG main            d.u.i.k.p.r.p.TestFile    ... success: reloaded. 
2762819    INFO  Test worker     d.u.i.k.p.r.RunAllProofsTestUnit Returning from test arithmetic 
2762820    INFO  Test worker     d.u.i.k.p.r.RunAllProofsTestUnit Running test arrays 
398        INFO  Timeout watchdog d.u.i.k.p.r.p.ForkedTestFileRunner Timeout watcher launched (2000 secs.) 
411        WARN  main            d.u.i.k.s.ProofSettings   The settings in /home/runner/.key/proof-settings.props are *not* read. 
439        INFO  main            d.u.i.k.p.r.p.TestFile    Now processing file /home/runner/work/key/key/key.core/../key.ui/examples/standard_key/arrays/arrayStoreException/array2DimPrim.key 
539        INFO  main            d.u.i.k.p.i.AbstractProblemLoader Loading environment from /home/runner/work/key/key/key.core/../key.ui/examples/standard_key/arrays/arrayStoreException/array2DimPrim.key 
561        DEBUG main            d.u.i.k.p.i.AbstractProblemLoader Environment load took 2.03ms 
798        INFO  main            d.u.i.k.p.i.AbstractProblemLoader Creating init config 
1711       DEBUG main            d.u.i.k.j.TypeConverter   No LDT found for Meta 
1711       DEBUG main            d.u.i.k.j.TypeConverter   No LDT found for Meta 
1714       DEBUG main            d.u.i.k.j.TypeConverter   No LDT found for Meta 
1714       DEBUG main            d.u.i.k.j.TypeConverter   No LDT found for Meta 
2964       DEBUG main            d.u.i.k.j.TypeConverter   No LDT found for JavaBigintExpression 
8160       DEBUG main            d.u.i.k.p.i.AbstractProblemLoader Init config took 7.36s 
8235       INFO  main            d.u.i.k.p.i.AbstractProblemLoader Replaying proof array2DimPrim.key 
8272       DEBUG main            d.u.i.k.p.i.IntermediateProofReplayer Proof replay took 34.4ns 
11947      INFO  main            d.u.i.k.p.r.p.TestFile    ... finished proof: closed. 
12128      INFO  main            d.u.i.k.p.i.AbstractProblemLoader Loading environment from /home/runner/work/key/key/key.core/../key.ui/examples/standard_key/arrays/arrayStoreException/array2DimPrim.key.proof 
12128      DEBUG main            d.u.i.k.p.i.AbstractProblemLoader Environment load took 141.7ns 
12136      INFO  main            d.u.i.k.p.i.AbstractProblemLoader Creating init config 
14990      DEBUG main            d.u.i.k.p.i.AbstractProblemLoader Init config took 2.85s 
15039      INFO  main            d.u.i.k.p.i.AbstractProblemLoader Replaying proof array2DimPrim.key.proof 
15356      DEBUG main            d.u.i.k.p.i.IntermediateProofReplayer Proof replay took 297.58ms 
15369      DEBUG main            d.u.i.k.p.r.p.TestFile    ... success: reloaded. 
15370      INFO  main            d.u.i.k.p.r.p.TestFile    Now processing file /home/runner/work/key/key/key.core/../key.ui/examples/standard_key/arrays/arrayStoreException/arrayStoreKnownDynType.key 
15371      INFO  main            d.u.i.k.p.i.AbstractProblemLoader Loading environment from /home/runner/work/key/key/key.core/../key.ui/examples/standard_key/arrays/arrayStoreException/arrayStoreKnownDynType.key 
15371      DEBUG main            d.u.i.k.p.i.AbstractProblemLoader Environment load took 201.9ns 
15372      INFO  main            d.u.i.k.p.i.AbstractProblemLoader Creating init config 
18126      DEBUG main            d.u.i.k.p.i.AbstractProblemLoader Init config took 2.75s 
18156      INFO  main            d.u.i.k.p.i.AbstractProblemLoader Replaying proof arrayStoreKnownDynType.key 
18158      DEBUG main            d.u.i.k.p.i.IntermediateProofReplayer Proof replay took 5.5ns 
18461      INFO  main            d.u.i.k.p.r.p.TestFile    ... finished proof: closed. 
18694      INFO  main            d.u.i.k.p.i.AbstractProblemLoader Loading environment from /home/runner/work/key/key/key.core/../key.ui/examples/standard_key/arrays/arrayStoreException/arrayStoreKnownDynType.key.proof 
18695      DEBUG main            d.u.i.k.p.i.AbstractProblemLoader Environment load took 118.9ns 
18696      INFO  main            d.u.i.k.p.i.AbstractProblemLoader Creating init config 
21314      DEBUG main            d.u.i.k.p.i.AbstractProblemLoader Init config took 2.62s 
21340      INFO  main            d.u.i.k.p.i.AbstractProblemLoader Replaying proof arrayStoreKnownDynType.key.proof 
21372      DEBUG main            d.u.i.k.p.i.IntermediateProofReplayer Proof replay took 28.19ms 
21373      DEBUG main            d.u.i.k.p.r.p.TestFile    ... success: reloaded. 
21374      INFO  main            d.u.i.k.p.r.p.TestFile    Now processing file /home/runner/work/key/key/key.core/../key.ui/examples/standard_key/arrays/arrayStoreException/reverseArray.key 
21375      INFO  main            d.u.i.k.p.i.AbstractProblemLoader Loading environment from /home/runner/work/key/key/key.core/../key.ui/examples/standard_key/arrays/arrayStoreException/reverseArray.key 
21375      DEBUG main            d.u.i.k.p.i.AbstractProblemLoader Environment load took 199.6ns 
21376      INFO  main            d.u.i.k.p.i.AbstractProblemLoader Creating init config 
24116      DEBUG main            d.u.i.k.p.i.AbstractProblemLoader Init config took 2.74s 
24143      INFO  main            d.u.i.k.p.i.AbstractProblemLoader Replaying proof reverseArray.key 
24147      DEBUG main            d.u.i.k.p.i.IntermediateProofReplayer Proof replay took 5.4ns 
24752      INFO  main            d.u.i.k.p.r.p.TestFile    ... finished proof: closed. 
24924      INFO  main            d.u.i.k.p.i.AbstractProblemLoader Loading environment from /home/runner/work/key/key/key.core/../key.ui/examples/standard_key/arrays/arrayStoreException/reverseArray.key.proof 
24924      DEBUG main            d.u.i.k.p.i.AbstractProblemLoader Environment load took 434.6ns 
24927      INFO  main            d.u.i.k.p.i.AbstractProblemLoader Creating init config 
27543      DEBUG main            d.u.i.k.p.i.AbstractProblemLoader Init config took 2.62s 
27565      INFO  main            d.u.i.k.p.i.AbstractProblemLoader Replaying proof reverseArray.key.proof 
27657      DEBUG main            d.u.i.k.p.i.IntermediateProofReplayer Proof replay took 85.05ms 
27659      DEBUG main            d.u.i.k.p.r.p.TestFile    ... success: reloaded. 
27660      INFO  main            d.u.i.k.p.r.p.TestFile    Now processing file /home/runner/work/key/key/key.core/../key.ui/examples/standard_key/arrays/arrayStoreException/throwArrayStoreException.key 
27661      INFO  main            d.u.i.k.p.i.AbstractProblemLoader Loading environment from /home/runner/work/key/key/key.core/../key.ui/examples/standard_key/arrays/arrayStoreException/throwArrayStoreException.key 
27661      DEBUG main            d.u.i.k.p.i.AbstractProblemLoader Environment load took 191.6ns 
27662      INFO  main            d.u.i.k.p.i.AbstractProblemLoader Creating init config 
30305      DEBUG main            d.u.i.k.p.i.AbstractProblemLoader Init config took 2.64s 
30332      INFO  main            d.u.i.k.p.i.AbstractProblemLoader Replaying proof throwArrayStoreException.key 
30335      DEBUG main            d.u.i.k.p.i.IntermediateProofReplayer Proof replay took 5.6ns 
30738      INFO  main            d.u.i.k.p.r.p.TestFile    ... finished proof: closed. 
30908      INFO  main            d.u.i.k.p.i.AbstractProblemLoader Loading environment from /home/runner/work/key/key/key.core/../key.ui/examples/standard_key/arrays/arrayStoreException/throwArrayStoreException.key.proof 
30908      DEBUG main            d.u.i.k.p.i.AbstractProblemLoader Environment load took 888.8ns 
30910      INFO  main            d.u.i.k.p.i.AbstractProblemLoader Creating init config 
33486      DEBUG main            d.u.i.k.p.i.AbstractProblemLoader Init config took 2.58s 
33507      INFO  main            d.u.i.k.p.i.AbstractProblemLoader Replaying proof throwArrayStoreException.key.proof 
33568      DEBUG main            d.u.i.k.p.i.IntermediateProofReplayer Proof replay took 57.18ms 
33570      DEBUG main            d.u.i.k.p.r.p.TestFile    ... success: reloaded. 
33571      INFO  main            d.u.i.k.p.r.p.TestFile    Now processing file /home/runner/work/key/key/key.core/../key.ui/examples/standard_key/arrays/creation/arrayCreation1.key 
33571      INFO  main            d.u.i.k.p.i.AbstractProblemLoader Loading environment from /home/runner/work/key/key/key.core/../key.ui/examples/standard_key/arrays/creation/arrayCreation1.key 
33571      DEBUG main            d.u.i.k.p.i.AbstractProblemLoader Environment load took 184.4ns 
33572      INFO  main            d.u.i.k.p.i.AbstractProblemLoader Creating init config 
36189      DEBUG main            d.u.i.k.p.i.AbstractProblemLoader Init config took 2.62s 
36209      INFO  main            d.u.i.k.p.i.AbstractProblemLoader Replaying proof arrayCreation1.key 
36211      DEBUG main            d.u.i.k.p.i.IntermediateProofReplayer Proof replay took 5.4ns 
36314      INFO  main            d.u.i.k.p.r.p.TestFile    ... finished proof: closed. 
36468      INFO  main            d.u.i.k.p.i.AbstractProblemLoader Loading environment from /home/runner/work/key/key/key.core/../key.ui/examples/standard_key/arrays/creation/arrayCreation1.key.proof 
36468      DEBUG main            d.u.i.k.p.i.AbstractProblemLoader Environment load took 110.6ns 
36470      INFO  main            d.u.i.k.p.i.AbstractProblemLoader Creating init config 
39004      DEBUG main            d.u.i.k.p.i.AbstractProblemLoader Init config took 2.53s 
39024      INFO  main            d.u.i.k.p.i.AbstractProblemLoader Replaying proof arrayCreation1.key.proof 
39043      DEBUG main            d.u.i.k.p.i.IntermediateProofReplayer Proof replay took 17.37ms 
39044      DEBUG main            d.u.i.k.p.r.p.TestFile    ... success: reloaded. 
39045      INFO  main            d.u.i.k.p.r.p.TestFile    Now processing file /home/runner/work/key/key/key.core/../key.ui/examples/standard_key/arrays/arrayStoreException/array2Dim.key 
39045      INFO  main            d.u.i.k.p.i.AbstractProblemLoader Loading environment from /home/runner/work/key/key/key.core/../key.ui/examples/standard_key/arrays/arrayStoreException/array2Dim.key 
39045      DEBUG main            d.u.i.k.p.i.AbstractProblemLoader Environment load took 90.8ns 
39047      INFO  main            d.u.i.k.p.i.AbstractProblemLoader Creating init config 
41639      DEBUG main            d.u.i.k.p.i.AbstractProblemLoader Init config took 2.59s 
41659      INFO  main            d.u.i.k.p.i.AbstractProblemLoader Replaying proof array2Dim.key 
41674      DEBUG main            d.u.i.k.p.i.IntermediateProofReplayer Proof replay took 6.3ns 
44820      INFO  main            d.u.i.k.p.r.p.TestFile    ... finished proof: open goal(s) 
45054      INFO  main            d.u.i.k.p.r.p.TestFile    Now processing file /home/runner/work/key/key/key.core/../key.ui/examples/standard_key/arrays/arrayStoreException/array2DimClose.key 
45054      INFO  main            d.u.i.k.p.i.AbstractProblemLoader Loading environment from /home/runner/work/key/key/key.core/../key.ui/examples/standard_key/arrays/arrayStoreException/array2DimClose.key 
45056      DEBUG main            d.u.i.k.p.i.AbstractProblemLoader Environment load took 61.7ns 
45057      INFO  main            d.u.i.k.p.i.AbstractProblemLoader Creating init config 
47592      DEBUG main            d.u.i.k.p.i.AbstractProblemLoader Init config took 2.54s 
47612      INFO  main            d.u.i.k.p.i.AbstractProblemLoader Replaying proof array2DimClose.key 
47614      DEBUG main            d.u.i.k.p.i.IntermediateProofReplayer Proof replay took 11.9ns 
49728      INFO  main            d.u.i.k.p.r.p.TestFile    ... finished proof: open goal(s) 
50056      INFO  main            d.u.i.k.p.r.p.TestFile    Now processing file /home/runner/work/key/key/key.core/../key.ui/examples/standard_key/arrays/arrayStoreException/throwASEForPrim.key 
50057      INFO  main            d.u.i.k.p.i.AbstractProblemLoader Loading environment from /home/runner/work/key/key/key.core/../key.ui/examples/standard_key/arrays/arrayStoreException/throwASEForPrim.key 
50057      DEBUG main            d.u.i.k.p.i.AbstractProblemLoader Environment load took 63.2ns 
50058      INFO  main            d.u.i.k.p.i.AbstractProblemLoader Creating init config 
52546      DEBUG main            d.u.i.k.p.i.AbstractProblemLoader Init config took 2.49s 
52564      INFO  main            d.u.i.k.p.i.AbstractProblemLoader Replaying proof throwASEForPrim.key 
52565      DEBUG main            d.u.i.k.p.i.IntermediateProofReplayer Proof replay took 4.9ns 
56475      INFO  main            d.u.i.k.p.r.p.TestFile    ... finished proof: open goal(s) 
2819740    INFO  Test worker     d.u.i.k.p.r.RunAllProofsTestUnit Returning from test arrays 
2819741    INFO  Test worker     d.u.i.k.p.r.RunAllProofsTestUnit Running test javadl 
375        INFO  Timeout watchdog d.u.i.k.p.r.p.ForkedTestFileRunner Timeout watcher launched (2000 secs.) 
413        WARN  main            d.u.i.k.s.ProofSettings   The settings in /home/runner/.key/proof-settings.props are *not* read. 
448        INFO  main            d.u.i.k.p.r.p.TestFile    Now processing file /home/runner/work/key/key/key.core/../key.ui/examples/standard_key/instanceCreation/instanceCreation1.key 
568        INFO  main            d.u.i.k.p.i.AbstractProblemLoader Loading environment from /home/runner/work/key/key/key.core/../key.ui/examples/standard_key/instanceCreation/instanceCreation1.key 
584        DEBUG main            d.u.i.k.p.i.AbstractProblemLoader Environment load took 2.01ms 
813        INFO  main            d.u.i.k.p.i.AbstractProblemLoader Creating init config 
1674       DEBUG main            d.u.i.k.j.TypeConverter   No LDT found for Meta 
1676       DEBUG main            d.u.i.k.j.TypeConverter   No LDT found for Meta 
1677       DEBUG main            d.u.i.k.j.TypeConverter   No LDT found for Meta 
1678       DEBUG main            d.u.i.k.j.TypeConverter   No LDT found for Meta 
3077       DEBUG main            d.u.i.k.j.TypeConverter   No LDT found for JavaBigintExpression 
7739       DEBUG main            d.u.i.k.p.i.AbstractProblemLoader Init config took 6.93s 
7797       INFO  main            d.u.i.k.p.i.AbstractProblemLoader Replaying proof instanceCreation1.key 
7862       DEBUG main            d.u.i.k.p.i.IntermediateProofReplayer Proof replay took 31.6ns 
8900       INFO  main            d.u.i.k.p.r.p.TestFile    ... finished proof: closed. 
9005       INFO  main            d.u.i.k.p.i.AbstractProblemLoader Loading environment from /home/runner/work/key/key/key.core/../key.ui/examples/standard_key/instanceCreation/instanceCreation1.key.proof 
9010       DEBUG main            d.u.i.k.p.i.AbstractProblemLoader Environment load took 4.27ms 
9014       INFO  main            d.u.i.k.p.i.AbstractProblemLoader Creating init config 
11597      DEBUG main            d.u.i.k.p.i.AbstractProblemLoader Init config took 2.58s 
11643      INFO  main            d.u.i.k.p.i.AbstractProblemLoader Replaying proof instanceCreation1.key.proof 
11723      DEBUG main            d.u.i.k.p.i.IntermediateProofReplayer Proof replay took 67.97ms 
11734      DEBUG main            d.u.i.k.p.r.p.TestFile    ... success: reloaded. 
11735      INFO  main            d.u.i.k.p.r.p.TestFile    Now processing file /home/runner/work/key/key/key.core/../key.ui/examples/standard_key/instanceCreation/instanceCreation2.key 
11739      INFO  main            d.u.i.k.p.i.AbstractProblemLoader Loading environment from /home/runner/work/key/key/key.core/../key.ui/examples/standard_key/instanceCreation/instanceCreation2.key 
11747      DEBUG main            d.u.i.k.p.i.AbstractProblemLoader Environment load took 8.73ms 
11749      INFO  main            d.u.i.k.p.i.AbstractProblemLoader Creating init config 
14287      DEBUG main            d.u.i.k.p.i.AbstractProblemLoader Init config took 2.54s 
14317      INFO  main            d.u.i.k.p.i.AbstractProblemLoader Replaying proof instanceCreation2.key 
14321      DEBUG main            d.u.i.k.p.i.IntermediateProofReplayer Proof replay took 5.4ns 
14927      INFO  main            d.u.i.k.p.r.p.TestFile    ... finished proof: closed. 
15062      INFO  main            d.u.i.k.p.i.AbstractProblemLoader Loading environment from /home/runner/work/key/key/key.core/../key.ui/examples/standard_key/instanceCreation/instanceCreation2.key.proof 
15067      DEBUG main            d.u.i.k.p.i.AbstractProblemLoader Environment load took 5.31ms 
15069      INFO  main            d.u.i.k.p.i.AbstractProblemLoader Creating init config 
17487      DEBUG main            d.u.i.k.p.i.AbstractProblemLoader Init config took 2.42s 
17511      INFO  main            d.u.i.k.p.i.AbstractProblemLoader Replaying proof instanceCreation2.key.proof 
17599      DEBUG main            d.u.i.k.p.i.IntermediateProofReplayer Proof replay took 79.89ms 
17600      DEBUG main            d.u.i.k.p.r.p.TestFile    ... success: reloaded. 
17601      INFO  main            d.u.i.k.p.r.p.TestFile    Now processing file /home/runner/work/key/key/key.core/../key.ui/examples/standard_key/instanceCreation/interfacesAndAbstractClassesHaveNoInstances.key 
17602      INFO  main            d.u.i.k.p.i.AbstractProblemLoader Loading environment from /home/runner/work/key/key/key.core/../key.ui/examples/standard_key/instanceCreation/interfacesAndAbstractClassesHaveNoInstances.key 
17602      DEBUG main            d.u.i.k.p.i.AbstractProblemLoader Environment load took 199ns 
17603      INFO  main            d.u.i.k.p.i.AbstractProblemLoader Creating init config 
20031      DEBUG main            d.u.i.k.p.i.AbstractProblemLoader Init config took 2.43s 
20051      INFO  main            d.u.i.k.p.i.AbstractProblemLoader Replaying proof interfacesAndAbstractClassesHaveNoInstances.key 
20052      DEBUG main            d.u.i.k.p.i.IntermediateProofReplayer Proof replay took 5.5ns 
20157      INFO  main            d.u.i.k.p.r.p.TestFile    ... finished proof: closed. 
20294      INFO  main            d.u.i.k.p.i.AbstractProblemLoader Loading environment from /home/runner/work/key/key/key.core/../key.ui/examples/standard_key/instanceCreation/interfacesAndAbstractClassesHaveNoInstances.key.proof 
20294      DEBUG main            d.u.i.k.p.i.AbstractProblemLoader Environment load took 114.8ns 
20296      INFO  main            d.u.i.k.p.i.AbstractProblemLoader Creating init config 
22663      DEBUG main            d.u.i.k.p.i.AbstractProblemLoader Init config took 2.37s 
22683      INFO  main            d.u.i.k.p.i.AbstractProblemLoader Replaying proof interfacesAndAbstractClassesHaveNoInstances.key.proof 
22686      DEBUG main            d.u.i.k.p.i.IntermediateProofReplayer Proof replay took 1.18ms 
22687      DEBUG main            d.u.i.k.p.r.p.TestFile    ... success: reloaded. 
22688      INFO  main            d.u.i.k.p.r.p.TestFile    Now processing file /home/runner/work/key/key/key.core/../key.ui/examples/standard_key/instanceCreation/successiveCreatedObjectsAreDistinct.key 
22688      INFO  main            d.u.i.k.p.i.AbstractProblemLoader Loading environment from /home/runner/work/key/key/key.core/../key.ui/examples/standard_key/instanceCreation/successiveCreatedObjectsAreDistinct.key 
22688      DEBUG main            d.u.i.k.p.i.AbstractProblemLoader Environment load took 76.5ns 
22689      INFO  main            d.u.i.k.p.i.AbstractProblemLoader Creating init config 
25087      DEBUG main            d.u.i.k.p.i.AbstractProblemLoader Init config took 2.4s 
25108      INFO  main            d.u.i.k.p.i.AbstractProblemLoader Replaying proof successiveCreatedObjectsAreDistinct.key 
25109      DEBUG main            d.u.i.k.p.i.IntermediateProofReplayer Proof replay took 5.2ns 
25414      INFO  main            d.u.i.k.p.r.p.TestFile    ... finished proof: closed. 
25554      INFO  main            d.u.i.k.p.i.AbstractProblemLoader Loading environment from /home/runner/work/key/key/key.core/../key.ui/examples/standard_key/instanceCreation/successiveCreatedObjectsAreDistinct.key.proof 
25554      DEBUG main            d.u.i.k.p.i.AbstractProblemLoader Environment load took 112.7ns 
25556      INFO  main            d.u.i.k.p.i.AbstractProblemLoader Creating init config 
27905      DEBUG main            d.u.i.k.p.i.AbstractProblemLoader Init config took 2.35s 
27925      INFO  main            d.u.i.k.p.i.AbstractProblemLoader Replaying proof successiveCreatedObjectsAreDistinct.key.proof 
27972      DEBUG main            d.u.i.k.p.i.IntermediateProofReplayer Proof replay took 43.53ms 
27973      DEBUG main            d.u.i.k.p.r.p.TestFile    ... success: reloaded. 
27974      INFO  main            d.u.i.k.p.r.p.TestFile    Now processing file /home/runner/work/key/key/key.core/../key.ui/examples/standard_key/instanceCreation/testOverloadingConstructors.key 
27974      INFO  main            d.u.i.k.p.i.AbstractProblemLoader Loading environment from /home/runner/work/key/key/key.core/../key.ui/examples/standard_key/instanceCreation/testOverloadingConstructors.key 
27974      DEBUG main            d.u.i.k.p.i.AbstractProblemLoader Environment load took 186.4ns 
27976      INFO  main            d.u.i.k.p.i.AbstractProblemLoader Creating init config 
30333      DEBUG main            d.u.i.k.p.i.AbstractProblemLoader Init config took 2.36s 
30354      INFO  main            d.u.i.k.p.i.AbstractProblemLoader Replaying proof testOverloadingConstructors.key 
30355      DEBUG main            d.u.i.k.p.i.IntermediateProofReplayer Proof replay took 5ns 
30558      INFO  main            d.u.i.k.p.r.p.TestFile    ... finished proof: closed. 
30723      INFO  main            d.u.i.k.p.i.AbstractProblemLoader Loading environment from /home/runner/work/key/key/key.core/../key.ui/examples/standard_key/instanceCreation/testOverloadingConstructors.key.proof 
30723      DEBUG main            d.u.i.k.p.i.AbstractProblemLoader Environment load took 113.9ns 
30724      INFO  main            d.u.i.k.p.i.AbstractProblemLoader Creating init config 
33049      DEBUG main            d.u.i.k.p.i.AbstractProblemLoader Init config took 2.33s 
33070      INFO  main            d.u.i.k.p.i.AbstractProblemLoader Replaying proof testOverloadingConstructors.key.proof 
33107      DEBUG main            d.u.i.k.p.i.IntermediateProofReplayer Proof replay took 34ms 
33108      DEBUG main            d.u.i.k.p.r.p.TestFile    ... success: reloaded. 
33109      INFO  main            d.u.i.k.p.r.p.TestFile    Now processing file /home/runner/work/key/key/key.core/../key.ui/examples/standard_key/java_dl/SimpleAttributes.key 
33109      INFO  main            d.u.i.k.p.i.AbstractProblemLoader Loading environment from /home/runner/work/key/key/key.core/../key.ui/examples/standard_key/java_dl/SimpleAttributes.key 
33109      DEBUG main            d.u.i.k.p.i.AbstractProblemLoader Environment load took 199.2ns 
33111      INFO  main            d.u.i.k.p.i.AbstractProblemLoader Creating init config 
35481      DEBUG main            d.u.i.k.p.i.AbstractProblemLoader Init config took 2.37s 
35502      INFO  main            d.u.i.k.p.i.AbstractProblemLoader Replaying proof SimpleAttributes.key 
35503      DEBUG main            d.u.i.k.p.i.IntermediateProofReplayer Proof replay took 5.9ns 
35606      INFO  main            d.u.i.k.p.r.p.TestFile    ... finished proof: closed. 
35756      INFO  main            d.u.i.k.p.i.AbstractProblemLoader Loading environment from /home/runner/work/key/key/key.core/../key.ui/examples/standard_key/java_dl/SimpleAttributes.key.proof 
35756      DEBUG main            d.u.i.k.p.i.AbstractProblemLoader Environment load took 109.5ns 
35757      INFO  main            d.u.i.k.p.i.AbstractProblemLoader Creating init config 
38059      DEBUG main            d.u.i.k.p.i.AbstractProblemLoader Init config took 2.3s 
38079      INFO  main            d.u.i.k.p.i.AbstractProblemLoader Replaying proof SimpleAttributes.key.proof 
38097      DEBUG main            d.u.i.k.p.i.IntermediateProofReplayer Proof replay took 16.49ms 
38098      DEBUG main            d.u.i.k.p.r.p.TestFile    ... success: reloaded. 
38099      INFO  main            d.u.i.k.p.r.p.TestFile    Now processing file /home/runner/work/key/key/key.core/../key.ui/examples/standard_key/java_dl/arrayMax.key 
38100      INFO  main            d.u.i.k.p.i.AbstractProblemLoader Loading environment from /home/runner/work/key/key/key.core/../key.ui/examples/standard_key/java_dl/arrayMax.key 
38100      DEBUG main            d.u.i.k.p.i.AbstractProblemLoader Environment load took 186ns 
38102      INFO  main            d.u.i.k.p.i.AbstractProblemLoader Creating init config 
40460      DEBUG main            d.u.i.k.p.i.AbstractProblemLoader Init config took 2.36s 
40481      INFO  main            d.u.i.k.p.i.AbstractProblemLoader Replaying proof arrayMax.key 
40483      DEBUG main            d.u.i.k.p.i.IntermediateProofReplayer Proof replay took 4.7ns 
41593      INFO  main            d.u.i.k.p.r.p.TestFile    ... finished proof: closed. 
41857      INFO  main            d.u.i.k.p.i.AbstractProblemLoader Loading environment from /home/runner/work/key/key/key.core/../key.ui/examples/standard_key/java_dl/arrayMax.key.proof 
41859      DEBUG main            d.u.i.k.p.i.AbstractProblemLoader Environment load took 1.79ms 
41861      INFO  main            d.u.i.k.p.i.AbstractProblemLoader Creating init config 
44209      DEBUG main            d.u.i.k.p.i.AbstractProblemLoader Init config took 2.35s 
44229      INFO  main            d.u.i.k.p.i.AbstractProblemLoader Replaying proof arrayMax.key.proof 
44382      DEBUG main            d.u.i.k.p.i.IntermediateProofReplayer Proof replay took 145.36ms 
44383      DEBUG main            d.u.i.k.p.r.p.TestFile    ... success: reloaded. 
44385      INFO  main            d.u.i.k.p.r.p.TestFile    Now processing file /home/runner/work/key/key/key.core/../key.ui/examples/standard_key/java_dl/arrayUpdateSimp.key 
44386      INFO  main            d.u.i.k.p.i.AbstractProblemLoader Loading environment from /home/runner/work/key/key/key.core/../key.ui/examples/standard_key/java_dl/arrayUpdateSimp.key 
44386      DEBUG main            d.u.i.k.p.i.AbstractProblemLoader Environment load took 213.5ns 
44388      INFO  main            d.u.i.k.p.i.AbstractProblemLoader Creating init config 
44410      WARN  main            d.u.i.k.j.r.KeYCrossReferenceNameInfo Datatype java.lang.System declared twice: Once in FILE:/home/runner/work/key/key/key.core/../key.ui/examples/standard_key/java_dl/./classpath/System.java and once in URL:file:/home/runner/work/key/key/key.core/build/resources/main/de/uka/ilkd/key/java/JavaRedux/java/lang/System.java, Keeping one from URL:file:/home/runner/work/key/key/key.core/build/resources/main/de/uka/ilkd/key/java/JavaRedux/java/lang/System.java 
44414      WARN  main            d.u.i.k.j.r.KeYCrossReferenceNameInfo Datatype java.io.PrintStream declared twice: Once in FILE:/home/runner/work/key/key/key.core/../key.ui/examples/standard_key/java_dl/./classpath/PrintStream.java and once in URL:file:/home/runner/work/key/key/key.core/build/resources/main/de/uka/ilkd/key/java/JavaRedux/java/io/PrintStream.java, Keeping one from URL:file:/home/runner/work/key/key/key.core/build/resources/main/de/uka/ilkd/key/java/JavaRedux/java/io/PrintStream.java 
44414      WARN  main            d.u.i.k.j.r.KeYCrossReferenceNameInfo Datatype java.io.InputStream declared twice: Once in FILE:/home/runner/work/key/key/key.core/../key.ui/examples/standard_key/java_dl/./classpath/InputStream.java and once in URL:file:/home/runner/work/key/key/key.core/build/resources/main/de/uka/ilkd/key/java/JavaRedux/java/io/InputStream.java, Keeping one from URL:file:/home/runner/work/key/key/key.core/build/resources/main/de/uka/ilkd/key/java/JavaRedux/java/io/InputStream.java 
44420      DEBUG main            d.u.i.k.j.r.ClassFileDeclarationBuilder Parsing: package java.io; public class Closeable { } 
44420      DEBUG main            r.s.KeYCrossReferenceSourceInfo Dynamically created class: java.io.Closeable 
46935      DEBUG main            d.u.i.k.p.i.AbstractProblemLoader Init config took 2.55s 
46955      INFO  main            d.u.i.k.p.i.AbstractProblemLoader Replaying proof arrayUpdateSimp.key 
46957      DEBUG main            d.u.i.k.p.i.IntermediateProofReplayer Proof replay took 6ns 
47059      INFO  main            d.u.i.k.p.r.p.TestFile    ... finished proof: closed. 
47253      INFO  main            d.u.i.k.p.i.AbstractProblemLoader Loading environment from /home/runner/work/key/key/key.core/../key.ui/examples/standard_key/java_dl/arrayUpdateSimp.key.proof 
47254      DEBUG main            d.u.i.k.p.i.AbstractProblemLoader Environment load took 111.9ns 
47259      INFO  main            d.u.i.k.p.i.AbstractProblemLoader Creating init config 
47283      WARN  main            d.u.i.k.j.r.KeYCrossReferenceNameInfo Datatype java.lang.System declared twice: Once in FILE:/home/runner/work/key/key/key.core/../key.ui/examples/standard_key/java_dl/classpath/System.java and once in URL:file:/home/runner/work/key/key/key.core/build/resources/main/de/uka/ilkd/key/java/JavaRedux/java/lang/System.java, Keeping one from URL:file:/home/runner/work/key/key/key.core/build/resources/main/de/uka/ilkd/key/java/JavaRedux/java/lang/System.java 
47283      WARN  main            d.u.i.k.j.r.KeYCrossReferenceNameInfo Datatype java.io.PrintStream declared twice: Once in FILE:/home/runner/work/key/key/key.core/../key.ui/examples/standard_key/java_dl/classpath/PrintStream.java and once in URL:file:/home/runner/work/key/key/key.core/build/resources/main/de/uka/ilkd/key/java/JavaRedux/java/io/PrintStream.java, Keeping one from URL:file:/home/runner/work/key/key/key.core/build/resources/main/de/uka/ilkd/key/java/JavaRedux/java/io/PrintStream.java 
47284      WARN  main            d.u.i.k.j.r.KeYCrossReferenceNameInfo Datatype java.io.InputStream declared twice: Once in FILE:/home/runner/work/key/key/key.core/../key.ui/examples/standard_key/java_dl/classpath/InputStream.java and once in URL:file:/home/runner/work/key/key/key.core/build/resources/main/de/uka/ilkd/key/java/JavaRedux/java/io/InputStream.java, Keeping one from URL:file:/home/runner/work/key/key/key.core/build/resources/main/de/uka/ilkd/key/java/JavaRedux/java/io/InputStream.java 
47287      DEBUG main            d.u.i.k.j.r.ClassFileDeclarationBuilder Parsing: package java.io; public class Closeable { } 
47288      DEBUG main            r.s.KeYCrossReferenceSourceInfo Dynamically created class: java.io.Closeable 
49609      DEBUG main            d.u.i.k.p.i.AbstractProblemLoader Init config took 2.35s 
49630      INFO  main            d.u.i.k.p.i.AbstractProblemLoader Replaying proof arrayUpdateSimp.key.proof 
49632      DEBUG main            d.u.i.k.p.i.IntermediateProofReplayer Proof replay took 450.8ns 
49634      DEBUG main            d.u.i.k.p.r.p.TestFile    ... success: reloaded. 
49635      INFO  main            d.u.i.k.p.r.p.TestFile    Now processing file /home/runner/work/key/key/key.core/../key.ui/examples/standard_key/java_dl/attributes.key 
49635      INFO  main            d.u.i.k.p.i.AbstractProblemLoader Loading environment from /home/runner/work/key/key/key.core/../key.ui/examples/standard_key/java_dl/attributes.key 
49635      DEBUG main            d.u.i.k.p.i.AbstractProblemLoader Environment load took 176.3ns 
49636      INFO  main            d.u.i.k.p.i.AbstractProblemLoader Creating init config 
52044      DEBUG main            d.u.i.k.p.i.AbstractProblemLoader Init config took 2.41s 
52061      INFO  main            d.u.i.k.p.i.AbstractProblemLoader Replaying proof attributes.key 
52062      DEBUG main            d.u.i.k.p.i.IntermediateProofReplayer Proof replay took 5.5ns 
52264      INFO  main            d.u.i.k.p.r.p.TestFile    ... finished proof: closed. 
52445      INFO  main            d.u.i.k.p.i.AbstractProblemLoader Loading environment from /home/runner/work/key/key/key.core/../key.ui/examples/standard_key/java_dl/attributes.key.proof 
52445      DEBUG main            d.u.i.k.p.i.AbstractProblemLoader Environment load took 110.4ns 
52446      INFO  main            d.u.i.k.p.i.AbstractProblemLoader Creating init config 
54796      DEBUG main            d.u.i.k.p.i.AbstractProblemLoader Init config took 2.35s 
54812      INFO  main            d.u.i.k.p.i.AbstractProblemLoader Replaying proof attributes.key.proof 
54841      DEBUG main            d.u.i.k.p.i.IntermediateProofReplayer Proof replay took 26.63ms 
54842      DEBUG main            d.u.i.k.p.r.p.TestFile    ... success: reloaded. 
54843      INFO  main            d.u.i.k.p.r.p.TestFile    Now processing file /home/runner/work/key/key/key.core/../key.ui/examples/standard_key/java_dl/break.key 
54843      INFO  main            d.u.i.k.p.i.AbstractProblemLoader Loading environment from /home/runner/work/key/key/key.core/../key.ui/examples/standard_key/java_dl/break.key 
54843      DEBUG main            d.u.i.k.p.i.AbstractProblemLoader Environment load took 125.6ns 
54844      INFO  main            d.u.i.k.p.i.AbstractProblemLoader Creating init config 
54864      WARN  main            d.u.i.k.j.r.KeYCrossReferenceNameInfo Datatype java.lang.System declared twice: Once in FILE:/home/runner/work/key/key/key.core/../key.ui/examples/standard_key/java_dl/classpath/System.java and once in URL:file:/home/runner/work/key/key/key.core/build/resources/main/de/uka/ilkd/key/java/JavaRedux/java/lang/System.java, Keeping one from URL:file:/home/runner/work/key/key/key.core/build/resources/main/de/uka/ilkd/key/java/JavaRedux/java/lang/System.java 
54865      WARN  main            d.u.i.k.j.r.KeYCrossReferenceNameInfo Datatype java.io.PrintStream declared twice: Once in FILE:/home/runner/work/key/key/key.core/../key.ui/examples/standard_key/java_dl/classpath/PrintStream.java and once in URL:file:/home/runner/work/key/key/key.core/build/resources/main/de/uka/ilkd/key/java/JavaRedux/java/io/PrintStream.java, Keeping one from URL:file:/home/runner/work/key/key/key.core/build/resources/main/de/uka/ilkd/key/java/JavaRedux/java/io/PrintStream.java 
54865      WARN  main            d.u.i.k.j.r.KeYCrossReferenceNameInfo Datatype java.io.InputStream declared twice: Once in FILE:/home/runner/work/key/key/key.core/../key.ui/examples/standard_key/java_dl/classpath/InputStream.java and once in URL:file:/home/runner/work/key/key/key.core/build/resources/main/de/uka/ilkd/key/java/JavaRedux/java/io/InputStream.java, Keeping one from URL:file:/home/runner/work/key/key/key.core/build/resources/main/de/uka/ilkd/key/java/JavaRedux/java/io/InputStream.java 
54868      DEBUG main            d.u.i.k.j.r.ClassFileDeclarationBuilder Parsing: package java.io; public class Closeable { } 
54868      DEBUG main            r.s.KeYCrossReferenceSourceInfo Dynamically created class: java.io.Closeable 
57242      DEBUG main            d.u.i.k.p.i.AbstractProblemLoader Init config took 2.4s 
57259      INFO  main            d.u.i.k.p.i.AbstractProblemLoader Replaying proof break.key 
57260      DEBUG main            d.u.i.k.p.i.IntermediateProofReplayer Proof replay took 6.2ns 
57365      INFO  main            d.u.i.k.p.r.p.TestFile    ... finished proof: closed. 
57535      INFO  main            d.u.i.k.p.i.AbstractProblemLoader Loading environment from /home/runner/work/key/key/key.core/../key.ui/examples/standard_key/java_dl/break.key.proof 
57535      DEBUG main            d.u.i.k.p.i.AbstractProblemLoader Environment load took 99.3ns 
57536      INFO  main            d.u.i.k.p.i.AbstractProblemLoader Creating init config 
57557      WARN  main            d.u.i.k.j.r.KeYCrossReferenceNameInfo Datatype java.lang.System declared twice: Once in FILE:/home/runner/work/key/key/key.core/../key.ui/examples/standard_key/java_dl/classpath/System.java and once in URL:file:/home/runner/work/key/key/key.core/build/resources/main/de/uka/ilkd/key/java/JavaRedux/java/lang/System.java, Keeping one from URL:file:/home/runner/work/key/key/key.core/build/resources/main/de/uka/ilkd/key/java/JavaRedux/java/lang/System.java 
57557      WARN  main            d.u.i.k.j.r.KeYCrossReferenceNameInfo Datatype java.io.PrintStream declared twice: Once in FILE:/home/runner/work/key/key/key.core/../key.ui/examples/standard_key/java_dl/classpath/PrintStream.java and once in URL:file:/home/runner/work/key/key/key.core/build/resources/main/de/uka/ilkd/key/java/JavaRedux/java/io/PrintStream.java, Keeping one from URL:file:/home/runner/work/key/key/key.core/build/resources/main/de/uka/ilkd/key/java/JavaRedux/java/io/PrintStream.java 
57558      WARN  main            d.u.i.k.j.r.KeYCrossReferenceNameInfo Datatype java.io.InputStream declared twice: Once in FILE:/home/runner/work/key/key/key.core/../key.ui/examples/standard_key/java_dl/classpath/InputStream.java and once in URL:file:/home/runner/work/key/key/key.core/build/resources/main/de/uka/ilkd/key/java/JavaRedux/java/io/InputStream.java, Keeping one from URL:file:/home/runner/work/key/key/key.core/build/resources/main/de/uka/ilkd/key/java/JavaRedux/java/io/InputStream.java 
57561      DEBUG main            d.u.i.k.j.r.ClassFileDeclarationBuilder Parsing: package java.io; public class Closeable { } 
57561      DEBUG main            r.s.KeYCrossReferenceSourceInfo Dynamically created class: java.io.Closeable 
59853      DEBUG main            d.u.i.k.p.i.AbstractProblemLoader Init config took 2.32s 
59869      INFO  main            d.u.i.k.p.i.AbstractProblemLoader Replaying proof break.key.proof 
59881      DEBUG main            d.u.i.k.p.i.IntermediateProofReplayer Proof replay took 9.92ms 
59882      DEBUG main            d.u.i.k.p.r.p.TestFile    ... success: reloaded. 
59883      INFO  main            d.u.i.k.p.r.p.TestFile    Now processing file /home/runner/work/key/key/key.core/../key.ui/examples/standard_key/java_dl/char.key 
59884      INFO  main            d.u.i.k.p.i.AbstractProblemLoader Loading environment from /home/runner/work/key/key/key.core/../key.ui/examples/standard_key/java_dl/char.key 
59884      DEBUG main            d.u.i.k.p.i.AbstractProblemLoader Environment load took 88.1ns 
59885      INFO  main            d.u.i.k.p.i.AbstractProblemLoader Creating init config 
62226      DEBUG main            d.u.i.k.p.i.AbstractProblemLoader Init config took 2.34s 
62241      INFO  main            d.u.i.k.p.i.AbstractProblemLoader Replaying proof char.key 
62242      DEBUG main            d.u.i.k.p.i.IntermediateProofReplayer Proof replay took 5.9ns 
62353      INFO  main            d.u.i.k.p.r.p.TestFile    ... finished proof: closed. 
62558      INFO  main            d.u.i.k.p.i.AbstractProblemLoader Loading environment from /home/runner/work/key/key/key.core/../key.ui/examples/standard_key/java_dl/char.key.proof 
62558      DEBUG main            d.u.i.k.p.i.AbstractProblemLoader Environment load took 103.9ns 
62560      INFO  main            d.u.i.k.p.i.AbstractProblemLoader Creating init config 
64881      DEBUG main            d.u.i.k.p.i.AbstractProblemLoader Init config took 2.32s 
64896      INFO  main            d.u.i.k.p.i.AbstractProblemLoader Replaying proof char.key.proof 
64900      DEBUG main            d.u.i.k.p.i.IntermediateProofReplayer Proof replay took 1.87ms 
64901      DEBUG main            d.u.i.k.p.r.p.TestFile    ... success: reloaded. 
64902      INFO  main            d.u.i.k.p.r.p.TestFile    Now processing file /home/runner/work/key/key/key.core/../key.ui/examples/standard_key/java_dl/compileTimeConstants.key 
64902      INFO  main            d.u.i.k.p.i.AbstractProblemLoader Loading environment from /home/runner/work/key/key/key.core/../key.ui/examples/standard_key/java_dl/compileTimeConstants.key 
64902      DEBUG main            d.u.i.k.p.i.AbstractProblemLoader Environment load took 208.1ns 
64903      INFO  main            d.u.i.k.p.i.AbstractProblemLoader Creating init config 
67276      DEBUG main            d.u.i.k.p.i.AbstractProblemLoader Init config took 2.37s 
67293      INFO  main            d.u.i.k.p.i.AbstractProblemLoader Replaying proof compileTimeConstants.key 
67294      DEBUG main            d.u.i.k.p.i.IntermediateProofReplayer Proof replay took 5.3ns 
67396      INFO  main            d.u.i.k.p.r.p.TestFile    ... finished proof: closed. 
67578      INFO  main            d.u.i.k.p.i.AbstractProblemLoader Loading environment from /home/runner/work/key/key/key.core/../key.ui/examples/standard_key/java_dl/compileTimeConstants.key.proof 
67578      DEBUG main            d.u.i.k.p.i.AbstractProblemLoader Environment load took 108.1ns 
67580      INFO  main            d.u.i.k.p.i.AbstractProblemLoader Creating init config 
69909      DEBUG main            d.u.i.k.p.i.AbstractProblemLoader Init config took 2.33s 
69924      INFO  main            d.u.i.k.p.i.AbstractProblemLoader Replaying proof compileTimeConstants.key.proof 
69934      DEBUG main            d.u.i.k.p.i.IntermediateProofReplayer Proof replay took 7.75ms 
69935      DEBUG main            d.u.i.k.p.r.p.TestFile    ... success: reloaded. 
69935      INFO  main            d.u.i.k.p.r.p.TestFile    Now processing file /home/runner/work/key/key/key.core/../key.ui/examples/standard_key/java_dl/constructorException/test.key 
69935      INFO  main            d.u.i.k.p.i.AbstractProblemLoader Loading environment from /home/runner/work/key/key/key.core/../key.ui/examples/standard_key/java_dl/constructorException/test.key 
69936      DEBUG main            d.u.i.k.p.i.AbstractProblemLoader Environment load took 144.9ns 
69936      INFO  main            d.u.i.k.p.i.AbstractProblemLoader Creating init config 
72376      DEBUG main            d.u.i.k.p.i.AbstractProblemLoader Init config took 2.44s 
72432      INFO  main            d.u.i.k.p.i.AbstractProblemLoader Replaying proof Test[Test::Test(int)].JML operation contract.0 
72433      DEBUG main            d.u.i.k.p.i.IntermediateProofReplayer Proof replay took 5.3ns 
72637      INFO  main            d.u.i.k.p.r.p.TestFile    ... finished proof: closed. 
72830      INFO  main            d.u.i.k.p.i.AbstractProblemLoader Loading environment from /home/runner/work/key/key/key.core/../key.ui/examples/standard_key/java_dl/constructorException/test.key.proof 
72830      DEBUG main            d.u.i.k.p.i.AbstractProblemLoader Environment load took 109.7ns 
72831      INFO  main            d.u.i.k.p.i.AbstractProblemLoader Creating init config 
75175      DEBUG main            d.u.i.k.p.i.AbstractProblemLoader Init config took 2.34s 
75216      INFO  main            d.u.i.k.p.i.AbstractProblemLoader Replaying proof Test[Test::Test(int)].JML operation contract.0 
75256      DEBUG main            d.u.i.k.p.i.IntermediateProofReplayer Proof replay took 37.38ms 
75257      DEBUG main            d.u.i.k.p.r.p.TestFile    ... success: reloaded. 
75258      INFO  main            d.u.i.k.p.r.p.TestFile    Now processing file /home/runner/work/key/key/key.core/../key.ui/examples/standard_key/java_dl/constructorException/regressionTestBug1333.key 
75258      INFO  main            d.u.i.k.p.i.AbstractProblemLoader Loading environment from /home/runner/work/key/key/key.core/../key.ui/examples/standard_key/java_dl/constructorException/regressionTestBug1333.key 
75258      DEBUG main            d.u.i.k.p.i.AbstractProblemLoader Environment load took 167.8ns 
75259      INFO  main            d.u.i.k.p.i.AbstractProblemLoader Creating init config 
77707      DEBUG main            d.u.i.k.p.i.AbstractProblemLoader Init config took 2.45s 
77744      INFO  main            d.u.i.k.p.i.AbstractProblemLoader Replaying proof False[False::False()].JML normal_behavior operation contract.0 
77746      DEBUG main            d.u.i.k.p.i.IntermediateProofReplayer Proof replay took 5.3ns 
77849      INFO  main            d.u.i.k.p.r.p.TestFile    ... finished proof: open goal(s) 
78047      INFO  main            d.u.i.k.p.r.p.TestFile    Now processing file /home/runner/work/key/key/key.core/../key.ui/examples/standard_key/java_dl/continue1.key 
78048      INFO  main            d.u.i.k.p.i.AbstractProblemLoader Loading environment from /home/runner/work/key/key/key.core/../key.ui/examples/standard_key/java_dl/continue1.key 
78048      DEBUG main            d.u.i.k.p.i.AbstractProblemLoader Environment load took 94ns 
78049      INFO  main            d.u.i.k.p.i.AbstractProblemLoader Creating init config 
78068      WARN  main            d.u.i.k.j.r.KeYCrossReferenceNameInfo Datatype java.lang.System declared twice: Once in FILE:/home/runner/work/key/key/key.core/../key.ui/examples/standard_key/java_dl/classpath/System.java and once in URL:file:/home/runner/work/key/key/key.core/build/resources/main/de/uka/ilkd/key/java/JavaRedux/java/lang/System.java, Keeping one from URL:file:/home/runner/work/key/key/key.core/build/resources/main/de/uka/ilkd/key/java/JavaRedux/java/lang/System.java 
78068      WARN  main            d.u.i.k.j.r.KeYCrossReferenceNameInfo Datatype java.io.PrintStream declared twice: Once in FILE:/home/runner/work/key/key/key.core/../key.ui/examples/standard_key/java_dl/classpath/PrintStream.java and once in URL:file:/home/runner/work/key/key/key.core/build/resources/main/de/uka/ilkd/key/java/JavaRedux/java/io/PrintStream.java, Keeping one from URL:file:/home/runner/work/key/key/key.core/build/resources/main/de/uka/ilkd/key/java/JavaRedux/java/io/PrintStream.java 
78068      WARN  main            d.u.i.k.j.r.KeYCrossReferenceNameInfo Datatype java.io.InputStream declared twice: Once in FILE:/home/runner/work/key/key/key.core/../key.ui/examples/standard_key/java_dl/classpath/InputStream.java and once in URL:file:/home/runner/work/key/key/key.core/build/resources/main/de/uka/ilkd/key/java/JavaRedux/java/io/InputStream.java, Keeping one from URL:file:/home/runner/work/key/key/key.core/build/resources/main/de/uka/ilkd/key/java/JavaRedux/java/io/InputStream.java 
78071      DEBUG main            d.u.i.k.j.r.ClassFileDeclarationBuilder Parsing: package java.io; public class Closeable { } 
78071      DEBUG main            r.s.KeYCrossReferenceSourceInfo Dynamically created class: java.io.Closeable 
80359      DEBUG main            d.u.i.k.p.i.AbstractProblemLoader Init config took 2.31s 
80373      INFO  main            d.u.i.k.p.i.AbstractProblemLoader Replaying proof continue1.key 
80375      DEBUG main            d.u.i.k.p.i.IntermediateProofReplayer Proof replay took 5.6ns 
80477      INFO  main            d.u.i.k.p.r.p.TestFile    ... finished proof: closed. 
80673      INFO  main            d.u.i.k.p.i.AbstractProblemLoader Loading environment from /home/runner/work/key/key/key.core/../key.ui/examples/standard_key/java_dl/continue1.key.proof 
80673      DEBUG main            d.u.i.k.p.i.AbstractProblemLoader Environment load took 115.8ns 
80674      INFO  main            d.u.i.k.p.i.AbstractProblemLoader Creating init config 
80697      WARN  main            d.u.i.k.j.r.KeYCrossReferenceNameInfo Datatype java.lang.System declared twice: Once in FILE:/home/runner/work/key/key/key.core/../key.ui/examples/standard_key/java_dl/classpath/System.java and once in URL:file:/home/runner/work/key/key/key.core/build/resources/main/de/uka/ilkd/key/java/JavaRedux/java/lang/System.java, Keeping one from URL:file:/home/runner/work/key/key/key.core/build/resources/main/de/uka/ilkd/key/java/JavaRedux/java/lang/System.java 
80697      WARN  main            d.u.i.k.j.r.KeYCrossReferenceNameInfo Datatype java.io.PrintStream declared twice: Once in FILE:/home/runner/work/key/key/key.core/../key.ui/examples/standard_key/java_dl/classpath/PrintStream.java and once in URL:file:/home/runner/work/key/key/key.core/build/resources/main/de/uka/ilkd/key/java/JavaRedux/java/io/PrintStream.java, Keeping one from URL:file:/home/runner/work/key/key/key.core/build/resources/main/de/uka/ilkd/key/java/JavaRedux/java/io/PrintStream.java 
80697      WARN  main            d.u.i.k.j.r.KeYCrossReferenceNameInfo Datatype java.io.InputStream declared twice: Once in FILE:/home/runner/work/key/key/key.core/../key.ui/examples/standard_key/java_dl/classpath/InputStream.java and once in URL:file:/home/runner/work/key/key/key.core/build/resources/main/de/uka/ilkd/key/java/JavaRedux/java/io/InputStream.java, Keeping one from URL:file:/home/runner/work/key/key/key.core/build/resources/main/de/uka/ilkd/key/java/JavaRedux/java/io/InputStream.java 
80700      DEBUG main            d.u.i.k.j.r.ClassFileDeclarationBuilder Parsing: package java.io; public class Closeable { } 
80701      DEBUG main            r.s.KeYCrossReferenceSourceInfo Dynamically created class: java.io.Closeable 
83002      DEBUG main            d.u.i.k.p.i.AbstractProblemLoader Init config took 2.33s 
83020      INFO  main            d.u.i.k.p.i.AbstractProblemLoader Replaying proof continue1.key.proof 
83040      DEBUG main            d.u.i.k.p.i.IntermediateProofReplayer Proof replay took 16.36ms 
83042      DEBUG main            d.u.i.k.p.r.p.TestFile    ... success: reloaded. 
83046      INFO  main            d.u.i.k.p.r.p.TestFile    Now processing file /home/runner/work/key/key/key.core/../key.ui/examples/standard_key/java_dl/continue2.key 
83050      INFO  main            d.u.i.k.p.i.AbstractProblemLoader Loading environment from /home/runner/work/key/key/key.core/../key.ui/examples/standard_key/java_dl/continue2.key 
83051      DEBUG main            d.u.i.k.p.i.AbstractProblemLoader Environment load took 825ns 
83052      INFO  main            d.u.i.k.p.i.AbstractProblemLoader Creating init config 
83072      WARN  main            d.u.i.k.j.r.KeYCrossReferenceNameInfo Datatype java.lang.System declared twice: Once in FILE:/home/runner/work/key/key/key.core/../key.ui/examples/standard_key/java_dl/classpath/System.java and once in URL:file:/home/runner/work/key/key/key.core/build/resources/main/de/uka/ilkd/key/java/JavaRedux/java/lang/System.java, Keeping one from URL:file:/home/runner/work/key/key/key.core/build/resources/main/de/uka/ilkd/key/java/JavaRedux/java/lang/System.java 
83073      WARN  main            d.u.i.k.j.r.KeYCrossReferenceNameInfo Datatype java.io.PrintStream declared twice: Once in FILE:/home/runner/work/key/key/key.core/../key.ui/examples/standard_key/java_dl/classpath/PrintStream.java and once in URL:file:/home/runner/work/key/key/key.core/build/resources/main/de/uka/ilkd/key/java/JavaRedux/java/io/PrintStream.java, Keeping one from URL:file:/home/runner/work/key/key/key.core/build/resources/main/de/uka/ilkd/key/java/JavaRedux/java/io/PrintStream.java 
83074      WARN  main            d.u.i.k.j.r.KeYCrossReferenceNameInfo Datatype java.io.InputStream declared twice: Once in FILE:/home/runner/work/key/key/key.core/../key.ui/examples/standard_key/java_dl/classpath/InputStream.java and once in URL:file:/home/runner/work/key/key/key.core/build/resources/main/de/uka/ilkd/key/java/JavaRedux/java/io/InputStream.java, Keeping one from URL:file:/home/runner/work/key/key/key.core/build/resources/main/de/uka/ilkd/key/java/JavaRedux/java/io/InputStream.java 
83078      DEBUG main            d.u.i.k.j.r.ClassFileDeclarationBuilder Parsing: package java.io; public class Closeable { } 
83078      DEBUG main            r.s.KeYCrossReferenceSourceInfo Dynamically created class: java.io.Closeable 
85397      DEBUG main            d.u.i.k.p.i.AbstractProblemLoader Init config took 2.34s 
85410      INFO  main            d.u.i.k.p.i.AbstractProblemLoader Replaying proof continue2.key 
85411      DEBUG main            d.u.i.k.p.i.IntermediateProofReplayer Proof replay took 5.8ns 
85617      INFO  main            d.u.i.k.p.r.p.TestFile    ... finished proof: closed. 
85833      INFO  main            d.u.i.k.p.i.AbstractProblemLoader Loading environment from /home/runner/work/key/key/key.core/../key.ui/examples/standard_key/java_dl/continue2.key.proof 
85833      DEBUG main            d.u.i.k.p.i.AbstractProblemLoader Environment load took 86.7ns 
85834      INFO  main            d.u.i.k.p.i.AbstractProblemLoader Creating init config 
85854      WARN  main            d.u.i.k.j.r.KeYCrossReferenceNameInfo Datatype java.lang.System declared twice: Once in FILE:/home/runner/work/key/key/key.core/../key.ui/examples/standard_key/java_dl/classpath/System.java and once in URL:file:/home/runner/work/key/key/key.core/build/resources/main/de/uka/ilkd/key/java/JavaRedux/java/lang/System.java, Keeping one from URL:file:/home/runner/work/key/key/key.core/build/resources/main/de/uka/ilkd/key/java/JavaRedux/java/lang/System.java 
85854      WARN  main            d.u.i.k.j.r.KeYCrossReferenceNameInfo Datatype java.io.PrintStream declared twice: Once in FILE:/home/runner/work/key/key/key.core/../key.ui/examples/standard_key/java_dl/classpath/PrintStream.java and once in URL:file:/home/runner/work/key/key/key.core/build/resources/main/de/uka/ilkd/key/java/JavaRedux/java/io/PrintStream.java, Keeping one from URL:file:/home/runner/work/key/key/key.core/build/resources/main/de/uka/ilkd/key/java/JavaRedux/java/io/PrintStream.java 
85854      WARN  main            d.u.i.k.j.r.KeYCrossReferenceNameInfo Datatype java.io.InputStream declared twice: Once in FILE:/home/runner/work/key/key/key.core/../key.ui/examples/standard_key/java_dl/classpath/InputStream.java and once in URL:file:/home/runner/work/key/key/key.core/build/resources/main/de/uka/ilkd/key/java/JavaRedux/java/io/InputStream.java, Keeping one from URL:file:/home/runner/work/key/key/key.core/build/resources/main/de/uka/ilkd/key/java/JavaRedux/java/io/InputStream.java 
85857      DEBUG main            d.u.i.k.j.r.ClassFileDeclarationBuilder Parsing: package java.io; public class Closeable { } 
85857      DEBUG main            r.s.KeYCrossReferenceSourceInfo Dynamically created class: java.io.Closeable 
88132      DEBUG main            d.u.i.k.p.i.AbstractProblemLoader Init config took 2.3s 
88146      INFO  main            d.u.i.k.p.i.AbstractProblemLoader Replaying proof continue2.key.proof 
88197      DEBUG main            d.u.i.k.p.i.IntermediateProofReplayer Proof replay took 47.94ms 
88198      DEBUG main            d.u.i.k.p.r.p.TestFile    ... success: reloaded. 
88199      INFO  main            d.u.i.k.p.r.p.TestFile    Now processing file /home/runner/work/key/key/key.core/../key.ui/examples/standard_key/java_dl/complexAssignment.key 
88200      INFO  main            d.u.i.k.p.i.AbstractProblemLoader Loading environment from /home/runner/work/key/key/key.core/../key.ui/examples/standard_key/java_dl/complexAssignment.key 
88200      DEBUG main            d.u.i.k.p.i.AbstractProblemLoader Environment load took 168.7ns 
88201      INFO  main            d.u.i.k.p.i.AbstractProblemLoader Creating init config 
90528      DEBUG main            d.u.i.k.p.i.AbstractProblemLoader Init config took 2.33s 
90541      INFO  main            d.u.i.k.p.i.AbstractProblemLoader Replaying proof complexAssignment.key 
90542      DEBUG main            d.u.i.k.p.i.IntermediateProofReplayer Proof replay took 6.6ns 
90644      INFO  main            d.u.i.k.p.r.p.TestFile    ... finished proof: closed. 
90851      INFO  main            d.u.i.k.p.i.AbstractProblemLoader Loading environment from /home/runner/work/key/key/key.core/../key.ui/examples/standard_key/java_dl/complexAssignment.key.proof 
90851      DEBUG main            d.u.i.k.p.i.AbstractProblemLoader Environment load took 86.2ns 
90852      INFO  main            d.u.i.k.p.i.AbstractProblemLoader Creating init config 
93100      DEBUG main            d.u.i.k.p.i.AbstractProblemLoader Init config took 2.25s 
93113      INFO  main            d.u.i.k.p.i.AbstractProblemLoader Replaying proof complexAssignment.key.proof 
93121      DEBUG main            d.u.i.k.p.i.IntermediateProofReplayer Proof replay took 6.46ms 
93122      DEBUG main            d.u.i.k.p.r.p.TestFile    ... success: reloaded. 
93125      INFO  main            d.u.i.k.p.r.p.TestFile    Now processing file /home/runner/work/key/key/key.core/../key.ui/examples/standard_key/java_dl/danglingElseSolution1.key 
93126      INFO  main            d.u.i.k.p.i.AbstractProblemLoader Loading environment from /home/runner/work/key/key/key.core/../key.ui/examples/standard_key/java_dl/danglingElseSolution1.key 
93126      DEBUG main            d.u.i.k.p.i.AbstractProblemLoader Environment load took 169.2ns 
93127      INFO  main            d.u.i.k.p.i.AbstractProblemLoader Creating init config 
95452      DEBUG main            d.u.i.k.p.i.AbstractProblemLoader Init config took 2.33s 
95466      INFO  main            d.u.i.k.p.i.AbstractProblemLoader Replaying proof danglingElseSolution1.key 
95467      DEBUG main            d.u.i.k.p.i.IntermediateProofReplayer Proof replay took 6.5ns 
95569      INFO  main            d.u.i.k.p.r.p.TestFile    ... finished proof: closed. 
95798      INFO  main            d.u.i.k.p.i.AbstractProblemLoader Loading environment from /home/runner/work/key/key/key.core/../key.ui/examples/standard_key/java_dl/danglingElseSolution1.key.proof 
95798      DEBUG main            d.u.i.k.p.i.AbstractProblemLoader Environment load took 91.7ns 
95799      INFO  main            d.u.i.k.p.i.AbstractProblemLoader Creating init config 
98061      DEBUG main            d.u.i.k.p.i.AbstractProblemLoader Init config took 2.26s 
98074      INFO  main            d.u.i.k.p.i.AbstractProblemLoader Replaying proof danglingElseSolution1.key.proof 
98082      DEBUG main            d.u.i.k.p.i.IntermediateProofReplayer Proof replay took 5.83ms 
98083      DEBUG main            d.u.i.k.p.r.p.TestFile    ... success: reloaded. 
98084      INFO  main            d.u.i.k.p.r.p.TestFile    Now processing file /home/runner/work/key/key/key.core/../key.ui/examples/standard_key/java_dl/danglingElseSolution2.key 
98084      INFO  main            d.u.i.k.p.i.AbstractProblemLoader Loading environment from /home/runner/work/key/key/key.core/../key.ui/examples/standard_key/java_dl/danglingElseSolution2.key 
98084      DEBUG main            d.u.i.k.p.i.AbstractProblemLoader Environment load took 159.2ns 
98085      INFO  main            d.u.i.k.p.i.AbstractProblemLoader Creating init config 
100388     DEBUG main            d.u.i.k.p.i.AbstractProblemLoader Init config took 2.3s 
100406     INFO  main            d.u.i.k.p.i.AbstractProblemLoader Replaying proof danglingElseSolution2.key 
100410     DEBUG main            d.u.i.k.p.i.IntermediateProofReplayer Proof replay took 6.4ns 
100512     INFO  main            d.u.i.k.p.r.p.TestFile    ... finished proof: closed. 
100728     INFO  main            d.u.i.k.p.i.AbstractProblemLoader Loading environment from /home/runner/work/key/key/key.core/../key.ui/examples/standard_key/java_dl/danglingElseSolution2.key.proof 
100728     DEBUG main            d.u.i.k.p.i.AbstractProblemLoader Environment load took 87ns 
100729     INFO  main            d.u.i.k.p.i.AbstractProblemLoader Creating init config 
102981     DEBUG main            d.u.i.k.p.i.AbstractProblemLoader Init config took 2.25s 
102995     INFO  main            d.u.i.k.p.i.AbstractProblemLoader Replaying proof danglingElseSolution2.key.proof 
103003     DEBUG main            d.u.i.k.p.i.IntermediateProofReplayer Proof replay took 6.26ms 
103004     DEBUG main            d.u.i.k.p.r.p.TestFile    ... success: reloaded. 
103005     INFO  main            d.u.i.k.p.r.p.TestFile    Now processing file /home/runner/work/key/key/key.core/../key.ui/examples/standard_key/java_dl/deepNonNull/deepNonNull0.key 
103005     INFO  main            d.u.i.k.p.i.AbstractProblemLoader Loading environment from /home/runner/work/key/key/key.core/../key.ui/examples/standard_key/java_dl/deepNonNull/deepNonNull0.key 
103005     DEBUG main            d.u.i.k.p.i.AbstractProblemLoader Environment load took 72.5ns 
103006     INFO  main            d.u.i.k.p.i.AbstractProblemLoader Creating init config 
105366     DEBUG main            d.u.i.k.p.i.AbstractProblemLoader Init config took 2.36s 
105402     INFO  main            d.u.i.k.p.i.AbstractProblemLoader Replaying proof Arrays[Arrays::get()].JML operation contract.0 
105403     DEBUG main            d.u.i.k.p.i.IntermediateProofReplayer Proof replay took 5.5ns 
105609     INFO  main            d.u.i.k.p.r.p.TestFile    ... finished proof: closed. 
105825     INFO  main            d.u.i.k.p.i.AbstractProblemLoader Loading environment from /home/runner/work/key/key/key.core/../key.ui/examples/standard_key/java_dl/deepNonNull/deepNonNull0.key.proof 
105825     DEBUG main            d.u.i.k.p.i.AbstractProblemLoader Environment load took 92.6ns 
105826     INFO  main            d.u.i.k.p.i.AbstractProblemLoader Creating init config 
108151     DEBUG main            d.u.i.k.p.i.AbstractProblemLoader Init config took 2.32s 
108186     INFO  main            d.u.i.k.p.i.AbstractProblemLoader Replaying proof Arrays[Arrays::get()].JML operation contract.0 
108203     DEBUG main            d.u.i.k.p.i.IntermediateProofReplayer Proof replay took 14.28ms 
108204     DEBUG main            d.u.i.k.p.r.p.TestFile    ... success: reloaded. 
108204     INFO  main            d.u.i.k.p.r.p.TestFile    Now processing file /home/runner/work/key/key/key.core/../key.ui/examples/standard_key/java_dl/deepNonNull/deepNonNull1.key 
108204     INFO  main            d.u.i.k.p.i.AbstractProblemLoader Loading environment from /home/runner/work/key/key/key.core/../key.ui/examples/standard_key/java_dl/deepNonNull/deepNonNull1.key 
108204     DEBUG main            d.u.i.k.p.i.AbstractProblemLoader Environment load took 69.6ns 
108205     INFO  main            d.u.i.k.p.i.AbstractProblemLoader Creating init config 
110576     DEBUG main            d.u.i.k.p.i.AbstractProblemLoader Init config took 2.37s 
110618     INFO  main            d.u.i.k.p.i.AbstractProblemLoader Replaying proof Arrays[Arrays::head()].JML operation contract.0 
110619     DEBUG main            d.u.i.k.p.i.IntermediateProofReplayer Proof replay took 6ns 
110833     INFO  main            d.u.i.k.p.r.p.TestFile    ... finished proof: closed. 
111064     INFO  main            d.u.i.k.p.i.AbstractProblemLoader Loading environment from /home/runner/work/key/key/key.core/../key.ui/examples/standard_key/java_dl/deepNonNull/deepNonNull1.key.proof 
111064     DEBUG main            d.u.i.k.p.i.AbstractProblemLoader Environment load took 87.4ns 
111065     INFO  main            d.u.i.k.p.i.AbstractProblemLoader Creating init config 
113372     DEBUG main            d.u.i.k.p.i.AbstractProblemLoader Init config took 2.31s 
113406     INFO  main            d.u.i.k.p.i.AbstractProblemLoader Replaying proof Arrays[Arrays::head()].JML operation contract.0 
113422     DEBUG main            d.u.i.k.p.i.IntermediateProofReplayer Proof replay took 14.43ms 
113423     DEBUG main            d.u.i.k.p.r.p.TestFile    ... success: reloaded. 
113423     INFO  main            d.u.i.k.p.r.p.TestFile    Now processing file /home/runner/work/key/key/key.core/../key.ui/examples/standard_key/java_dl/deepNonNull/deepNonNull2.key 
113424     INFO  main            d.u.i.k.p.i.AbstractProblemLoader Loading environment from /home/runner/work/key/key/key.core/../key.ui/examples/standard_key/java_dl/deepNonNull/deepNonNull2.key 
113424     DEBUG main            d.u.i.k.p.i.AbstractProblemLoader Environment load took 75ns 
113424     INFO  main            d.u.i.k.p.i.AbstractProblemLoader Creating init config 
115796     DEBUG main            d.u.i.k.p.i.AbstractProblemLoader Init config took 2.37s 
115829     INFO  main            d.u.i.k.p.i.AbstractProblemLoader Replaying proof Arrays[Arrays::unprovable(java.lang.Object)].JML operation contract.0 
115830     DEBUG main            d.u.i.k.p.i.IntermediateProofReplayer Proof replay took 5.4ns 
115936     INFO  main            d.u.i.k.p.r.p.TestFile    ... finished proof: open goal(s) 
116161     INFO  main            d.u.i.k.p.r.p.TestFile    Now processing file /home/runner/work/key/key/key.core/../key.ui/examples/standard_key/java_dl/deepNonNull/deepNonNull3.key 
116162     INFO  main            d.u.i.k.p.i.AbstractProblemLoader Loading environment from /home/runner/work/key/key/key.core/../key.ui/examples/standard_key/java_dl/deepNonNull/deepNonNull3.key 
116162     DEBUG main            d.u.i.k.p.i.AbstractProblemLoader Environment load took 50.6ns 
116163     INFO  main            d.u.i.k.p.i.AbstractProblemLoader Creating init config 
118492     DEBUG main            d.u.i.k.p.i.AbstractProblemLoader Init config took 2.33s 
118525     INFO  main            d.u.i.k.p.i.AbstractProblemLoader Replaying proof Arrays[Arrays::head([[[[Ljava.lang.Object)].JML operation contract.0 
118526     DEBUG main            d.u.i.k.p.i.IntermediateProofReplayer Proof replay took 5.3ns 
119331     INFO  main            d.u.i.k.p.r.p.TestFile    ... finished proof: closed. 
119577     INFO  main            d.u.i.k.p.i.AbstractProblemLoader Loading environment from /home/runner/work/key/key/key.core/../key.ui/examples/standard_key/java_dl/deepNonNull/deepNonNull3.key.proof 
119577     DEBUG main            d.u.i.k.p.i.AbstractProblemLoader Environment load took 96.7ns 
119578     INFO  main            d.u.i.k.p.i.AbstractProblemLoader Creating init config 
121891     DEBUG main            d.u.i.k.p.i.AbstractProblemLoader Init config took 2.31s 
121924     INFO  main            d.u.i.k.p.i.AbstractProblemLoader Replaying proof Arrays[Arrays::head([[[[Ljava.lang.Object)].JML operation contract.0 
121982     DEBUG main            d.u.i.k.p.i.IntermediateProofReplayer Proof replay took 53.06ms 
121983     DEBUG main            d.u.i.k.p.r.p.TestFile    ... success: reloaded. 
121984     INFO  main            d.u.i.k.p.r.p.TestFile    Now processing file /home/runner/work/key/key/key.core/../key.ui/examples/standard_key/java_dl/exceptions.key 
121984     INFO  main            d.u.i.k.p.i.AbstractProblemLoader Loading environment from /home/runner/work/key/key/key.core/../key.ui/examples/standard_key/java_dl/exceptions.key 
121985     DEBUG main            d.u.i.k.p.i.AbstractProblemLoader Environment load took 160ns 
121985     INFO  main            d.u.i.k.p.i.AbstractProblemLoader Creating init config 
122004     WARN  main            d.u.i.k.j.r.KeYCrossReferenceNameInfo Datatype java.lang.System declared twice: Once in FILE:/home/runner/work/key/key/key.core/../key.ui/examples/standard_key/java_dl/classpath/System.java and once in URL:file:/home/runner/work/key/key/key.core/build/resources/main/de/uka/ilkd/key/java/JavaRedux/java/lang/System.java, Keeping one from URL:file:/home/runner/work/key/key/key.core/build/resources/main/de/uka/ilkd/key/java/JavaRedux/java/lang/System.java 
122005     WARN  main            d.u.i.k.j.r.KeYCrossReferenceNameInfo Datatype java.io.PrintStream declared twice: Once in FILE:/home/runner/work/key/key/key.core/../key.ui/examples/standard_key/java_dl/classpath/PrintStream.java and once in URL:file:/home/runner/work/key/key/key.core/build/resources/main/de/uka/ilkd/key/java/JavaRedux/java/io/PrintStream.java, Keeping one from URL:file:/home/runner/work/key/key/key.core/build/resources/main/de/uka/ilkd/key/java/JavaRedux/java/io/PrintStream.java 
122005     WARN  main            d.u.i.k.j.r.KeYCrossReferenceNameInfo Datatype java.io.InputStream declared twice: Once in FILE:/home/runner/work/key/key/key.core/../key.ui/examples/standard_key/java_dl/classpath/InputStream.java and once in URL:file:/home/runner/work/key/key/key.core/build/resources/main/de/uka/ilkd/key/java/JavaRedux/java/io/InputStream.java, Keeping one from URL:file:/home/runner/work/key/key/key.core/build/resources/main/de/uka/ilkd/key/java/JavaRedux/java/io/InputStream.java 
122008     DEBUG main            d.u.i.k.j.r.ClassFileDeclarationBuilder Parsing: package java.io; public class Closeable { } 
122008     DEBUG main            r.s.KeYCrossReferenceSourceInfo Dynamically created class: java.io.Closeable 
124314     DEBUG main            d.u.i.k.p.i.AbstractProblemLoader Init config took 2.33s 
124327     INFO  main            d.u.i.k.p.i.AbstractProblemLoader Replaying proof exceptions.key 
124329     DEBUG main            d.u.i.k.p.i.IntermediateProofReplayer Proof replay took 6.1ns 
124531     INFO  main            d.u.i.k.p.r.p.TestFile    ... finished proof: closed. 
124772     INFO  main            d.u.i.k.p.i.AbstractProblemLoader Loading environment from /home/runner/work/key/key/key.core/../key.ui/examples/standard_key/java_dl/exceptions.key.proof 
124772     DEBUG main            d.u.i.k.p.i.AbstractProblemLoader Environment load took 70.3ns 
124773     INFO  main            d.u.i.k.p.i.AbstractProblemLoader Creating init config 
124798     WARN  main            d.u.i.k.j.r.KeYCrossReferenceNameInfo Datatype java.lang.System declared twice: Once in FILE:/home/runner/work/key/key/key.core/../key.ui/examples/standard_key/java_dl/classpath/System.java and once in URL:file:/home/runner/work/key/key/key.core/build/resources/main/de/uka/ilkd/key/java/JavaRedux/java/lang/System.java, Keeping one from URL:file:/home/runner/work/key/key/key.core/build/resources/main/de/uka/ilkd/key/java/JavaRedux/java/lang/System.java 
124798     WARN  main            d.u.i.k.j.r.KeYCrossReferenceNameInfo Datatype java.io.PrintStream declared twice: Once in FILE:/home/runner/work/key/key/key.core/../key.ui/examples/standard_key/java_dl/classpath/PrintStream.java and once in URL:file:/home/runner/work/key/key/key.core/build/resources/main/de/uka/ilkd/key/java/JavaRedux/java/io/PrintStream.java, Keeping one from URL:file:/home/runner/work/key/key/key.core/build/resources/main/de/uka/ilkd/key/java/JavaRedux/java/io/PrintStream.java 
124798     WARN  main            d.u.i.k.j.r.KeYCrossReferenceNameInfo Datatype java.io.InputStream declared twice: Once in FILE:/home/runner/work/key/key/key.core/../key.ui/examples/standard_key/java_dl/classpath/InputStream.java and once in URL:file:/home/runner/work/key/key/key.core/build/resources/main/de/uka/ilkd/key/java/JavaRedux/java/io/InputStream.java, Keeping one from URL:file:/home/runner/work/key/key/key.core/build/resources/main/de/uka/ilkd/key/java/JavaRedux/java/io/InputStream.java 
124802     DEBUG main            d.u.i.k.j.r.ClassFileDeclarationBuilder Parsing: package java.io; public class Closeable { } 
124802     DEBUG main            r.s.KeYCrossReferenceSourceInfo Dynamically created class: java.io.Closeable 
127070     DEBUG main            d.u.i.k.p.i.AbstractProblemLoader Init config took 2.3s 
127083     INFO  main            d.u.i.k.p.i.AbstractProblemLoader Replaying proof exceptions.key.proof 
127116     DEBUG main            d.u.i.k.p.i.IntermediateProofReplayer Proof replay took 30.46ms 
127116     DEBUG main            d.u.i.k.p.r.p.TestFile    ... success: reloaded. 
127117     INFO  main            d.u.i.k.p.r.p.TestFile    Now processing file /home/runner/work/key/key/key.core/../key.ui/examples/standard_key/java_dl/exceptions1.key 
127117     INFO  main            d.u.i.k.p.i.AbstractProblemLoader Loading environment from /home/runner/work/key/key/key.core/../key.ui/examples/standard_key/java_dl/exceptions1.key 
127117     DEBUG main            d.u.i.k.p.i.AbstractProblemLoader Environment load took 60.9ns 
127118     INFO  main            d.u.i.k.p.i.AbstractProblemLoader Creating init config 
129386     DEBUG main            d.u.i.k.p.i.AbstractProblemLoader Init config took 2.27s 
129400     INFO  main            d.u.i.k.p.i.AbstractProblemLoader Replaying proof exceptions1.key 
129402     DEBUG main            d.u.i.k.p.i.IntermediateProofReplayer Proof replay took 6.6ns 
129621     INFO  main            d.u.i.k.p.r.p.TestFile    ... finished proof: closed. 
129856     INFO  main            d.u.i.k.p.i.AbstractProblemLoader Loading environment from /home/runner/work/key/key/key.core/../key.ui/examples/standard_key/java_dl/exceptions1.key.proof 
129856     DEBUG main            d.u.i.k.p.i.AbstractProblemLoader Environment load took 68.9ns 
129857     INFO  main            d.u.i.k.p.i.AbstractProblemLoader Creating init config 
132089     DEBUG main            d.u.i.k.p.i.AbstractProblemLoader Init config took 2.23s 
132104     INFO  main            d.u.i.k.p.i.AbstractProblemLoader Replaying proof exceptions1.key.proof 
132129     DEBUG main            d.u.i.k.p.i.IntermediateProofReplayer Proof replay took 21.38ms 
132129     DEBUG main            d.u.i.k.p.r.p.TestFile    ... success: reloaded. 
132131     INFO  main            d.u.i.k.p.r.p.TestFile    Now processing file /home/runner/work/key/key/key.core/../key.ui/examples/standard_key/java_dl/exceptions2.key 
132131     INFO  main            d.u.i.k.p.i.AbstractProblemLoader Loading environment from /home/runner/work/key/key/key.core/../key.ui/examples/standard_key/java_dl/exceptions2.key 
132131     DEBUG main            d.u.i.k.p.i.AbstractProblemLoader Environment load took 154.3ns 
132132     INFO  main            d.u.i.k.p.i.AbstractProblemLoader Creating init config 
134441     DEBUG main            d.u.i.k.p.i.AbstractProblemLoader Init config took 2.31s 
134458     INFO  main            d.u.i.k.p.i.AbstractProblemLoader Replaying proof exceptions2.key 
134460     DEBUG main            d.u.i.k.p.i.IntermediateProofReplayer Proof replay took 6ns 
134562     INFO  main            d.u.i.k.p.r.p.TestFile    ... finished proof: closed. 
134815     INFO  main            d.u.i.k.p.i.AbstractProblemLoader Loading environment from /home/runner/work/key/key/key.core/../key.ui/examples/standard_key/java_dl/exceptions2.key.proof 
134815     DEBUG main            d.u.i.k.p.i.AbstractProblemLoader Environment load took 78ns 
134816     INFO  main            d.u.i.k.p.i.AbstractProblemLoader Creating init config 
137049     DEBUG main            d.u.i.k.p.i.AbstractProblemLoader Init config took 2.23s 
137063     INFO  main            d.u.i.k.p.i.AbstractProblemLoader Replaying proof exceptions2.key.proof 
137091     DEBUG main            d.u.i.k.p.i.IntermediateProofReplayer Proof replay took 25.63ms 
137092     DEBUG main            d.u.i.k.p.r.p.TestFile    ... success: reloaded. 
137093     INFO  main            d.u.i.k.p.r.p.TestFile    Now processing file /home/runner/work/key/key/key.core/../key.ui/examples/standard_key/java_dl/exceptions3.key 
137093     INFO  main            d.u.i.k.p.i.AbstractProblemLoader Loading environment from /home/runner/work/key/key/key.core/../key.ui/examples/standard_key/java_dl/exceptions3.key 
137093     DEBUG main            d.u.i.k.p.i.AbstractProblemLoader Environment load took 50.7ns 
137094     INFO  main            d.u.i.k.p.i.AbstractProblemLoader Creating init config 
137119     WARN  main            d.u.i.k.j.r.KeYCrossReferenceNameInfo Datatype java.lang.System declared twice: Once in FILE:/home/runner/work/key/key/key.core/../key.ui/examples/standard_key/java_dl/classpath/System.java and once in URL:file:/home/runner/work/key/key/key.core/build/resources/main/de/uka/ilkd/key/java/JavaRedux/java/lang/System.java, Keeping one from URL:file:/home/runner/work/key/key/key.core/build/resources/main/de/uka/ilkd/key/java/JavaRedux/java/lang/System.java 
137119     WARN  main            d.u.i.k.j.r.KeYCrossReferenceNameInfo Datatype java.io.PrintStream declared twice: Once in FILE:/home/runner/work/key/key/key.core/../key.ui/examples/standard_key/java_dl/classpath/PrintStream.java and once in URL:file:/home/runner/work/key/key/key.core/build/resources/main/de/uka/ilkd/key/java/JavaRedux/java/io/PrintStream.java, Keeping one from URL:file:/home/runner/work/key/key/key.core/build/resources/main/de/uka/ilkd/key/java/JavaRedux/java/io/PrintStream.java 
137119     WARN  main            d.u.i.k.j.r.KeYCrossReferenceNameInfo Datatype java.io.InputStream declared twice: Once in FILE:/home/runner/work/key/key/key.core/../key.ui/examples/standard_key/java_dl/classpath/InputStream.java and once in URL:file:/home/runner/work/key/key/key.core/build/resources/main/de/uka/ilkd/key/java/JavaRedux/java/io/InputStream.java, Keeping one from URL:file:/home/runner/work/key/key/key.core/build/resources/main/de/uka/ilkd/key/java/JavaRedux/java/io/InputStream.java 
137122     DEBUG main            d.u.i.k.j.r.ClassFileDeclarationBuilder Parsing: package java.io; public class Closeable { } 
137122     DEBUG main            r.s.KeYCrossReferenceSourceInfo Dynamically created class: java.io.Closeable 
139536     DEBUG main            d.u.i.k.p.i.AbstractProblemLoader Init config took 2.44s 
139549     INFO  main            d.u.i.k.p.i.AbstractProblemLoader Replaying proof exceptions3.key 
139552     DEBUG main            d.u.i.k.p.i.IntermediateProofReplayer Proof replay took 6.4ns 
139654     INFO  main            d.u.i.k.p.r.p.TestFile    ... finished proof: closed. 
139906     INFO  main            d.u.i.k.p.i.AbstractProblemLoader Loading environment from /home/runner/work/key/key/key.core/../key.ui/examples/standard_key/java_dl/exceptions3.key.proof 
139906     DEBUG main            d.u.i.k.p.i.AbstractProblemLoader Environment load took 73.7ns 
139909     INFO  main            d.u.i.k.p.i.AbstractProblemLoader Creating init config 
139933     WARN  main            d.u.i.k.j.r.KeYCrossReferenceNameInfo Datatype java.lang.System declared twice: Once in FILE:/home/runner/work/key/key/key.core/../key.ui/examples/standard_key/java_dl/classpath/System.java and once in URL:file:/home/runner/work/key/key/key.core/build/resources/main/de/uka/ilkd/key/java/JavaRedux/java/lang/System.java, Keeping one from URL:file:/home/runner/work/key/key/key.core/build/resources/main/de/uka/ilkd/key/java/JavaRedux/java/lang/System.java 
139934     WARN  main            d.u.i.k.j.r.KeYCrossReferenceNameInfo Datatype java.io.PrintStream declared twice: Once in FILE:/home/runner/work/key/key/key.core/../key.ui/examples/standard_key/java_dl/classpath/PrintStream.java and once in URL:file:/home/runner/work/key/key/key.core/build/resources/main/de/uka/ilkd/key/java/JavaRedux/java/io/PrintStream.java, Keeping one from URL:file:/home/runner/work/key/key/key.core/build/resources/main/de/uka/ilkd/key/java/JavaRedux/java/io/PrintStream.java 
139934     WARN  main            d.u.i.k.j.r.KeYCrossReferenceNameInfo Datatype java.io.InputStream declared twice: Once in FILE:/home/runner/work/key/key/key.core/../key.ui/examples/standard_key/java_dl/classpath/InputStream.java and once in URL:file:/home/runner/work/key/key/key.core/build/resources/main/de/uka/ilkd/key/java/JavaRedux/java/io/InputStream.java, Keeping one from URL:file:/home/runner/work/key/key/key.core/build/resources/main/de/uka/ilkd/key/java/JavaRedux/java/io/InputStream.java 
139937     DEBUG main            d.u.i.k.j.r.ClassFileDeclarationBuilder Parsing: package java.io; public class Closeable { } 
139937     DEBUG main            r.s.KeYCrossReferenceSourceInfo Dynamically created class: java.io.Closeable 
142179     DEBUG main            d.u.i.k.p.i.AbstractProblemLoader Init config took 2.27s 
142192     INFO  main            d.u.i.k.p.i.AbstractProblemLoader Replaying proof exceptions3.key.proof 
142196     DEBUG main            d.u.i.k.p.i.IntermediateProofReplayer Proof replay took 2.62ms 
142197     DEBUG main            d.u.i.k.p.r.p.TestFile    ... success: reloaded. 
142200     INFO  main            d.u.i.k.p.r.p.TestFile    Now processing file /home/runner/work/key/key/key.core/../key.ui/examples/standard_key/java_dl/exchange.key 
142201     INFO  main            d.u.i.k.p.i.AbstractProblemLoader Loading environment from /home/runner/work/key/key/key.core/../key.ui/examples/standard_key/java_dl/exchange.key 
142201     DEBUG main            d.u.i.k.p.i.AbstractProblemLoader Environment load took 53.5ns 
142201     INFO  main            d.u.i.k.p.i.AbstractProblemLoader Creating init config 
144465     DEBUG main            d.u.i.k.p.i.AbstractProblemLoader Init config took 2.26s 
144496     INFO  main            d.u.i.k.p.i.AbstractProblemLoader Replaying proof exchange.key 
144497     DEBUG main            d.u.i.k.p.i.IntermediateProofReplayer Proof replay took 7.2ns 
144599     INFO  main            d.u.i.k.p.r.p.TestFile    ... finished proof: closed. 
144846     INFO  main            d.u.i.k.p.i.AbstractProblemLoader Loading environment from /home/runner/work/key/key/key.core/../key.ui/examples/standard_key/java_dl/exchange.key.proof 
144846     DEBUG main            d.u.i.k.p.i.AbstractProblemLoader Environment load took 66.8ns 
144847     INFO  main            d.u.i.k.p.i.AbstractProblemLoader Creating init config 
147068     DEBUG main            d.u.i.k.p.i.AbstractProblemLoader Init config took 2.22s 
147081     INFO  main            d.u.i.k.p.i.AbstractProblemLoader Replaying proof exchange.key.proof 
147085     DEBUG main            d.u.i.k.p.i.IntermediateProofReplayer Proof replay took 2.14ms 
147086     DEBUG main            d.u.i.k.p.r.p.TestFile    ... success: reloaded. 
147086     INFO  main            d.u.i.k.p.r.p.TestFile    Now processing file /home/runner/work/key/key/key.core/../key.ui/examples/standard_key/java_dl/if.key 
147086     INFO  main            d.u.i.k.p.i.AbstractProblemLoader Loading environment from /home/runner/work/key/key/key.core/../key.ui/examples/standard_key/java_dl/if.key 
147086     DEBUG main            d.u.i.k.p.i.AbstractProblemLoader Environment load took 137.9ns 
147087     INFO  main            d.u.i.k.p.i.AbstractProblemLoader Creating init config 
149366     DEBUG main            d.u.i.k.p.i.AbstractProblemLoader Init config took 2.28s 
149392     INFO  main            d.u.i.k.p.i.AbstractProblemLoader Replaying proof if.key 
149393     DEBUG main            d.u.i.k.p.i.IntermediateProofReplayer Proof replay took 6.5ns 
149500     INFO  main            d.u.i.k.p.r.p.TestFile    ... finished proof: closed. 
149760     INFO  main            d.u.i.k.p.i.AbstractProblemLoader Loading environment from /home/runner/work/key/key/key.core/../key.ui/examples/standard_key/java_dl/if.key.proof 
149760     DEBUG main            d.u.i.k.p.i.AbstractProblemLoader Environment load took 70.2ns 
149761     INFO  main            d.u.i.k.p.i.AbstractProblemLoader Creating init config 
151998     DEBUG main            d.u.i.k.p.i.AbstractProblemLoader Init config took 2.24s 
152011     INFO  main            d.u.i.k.p.i.AbstractProblemLoader Replaying proof if.key.proof 
152015     DEBUG main            d.u.i.k.p.i.IntermediateProofReplayer Proof replay took 2.19ms 
152016     DEBUG main            d.u.i.k.p.r.p.TestFile    ... success: reloaded. 
152016     INFO  main            d.u.i.k.p.r.p.TestFile    Now processing file /home/runner/work/key/key/key.core/../key.ui/examples/standard_key/java_dl/incrementcounter.key 
152016     INFO  main            d.u.i.k.p.i.AbstractProblemLoader Loading environment from /home/runner/work/key/key/key.core/../key.ui/examples/standard_key/java_dl/incrementcounter.key 
152016     DEBUG main            d.u.i.k.p.i.AbstractProblemLoader Environment load took 61.6ns 
152017     INFO  main            d.u.i.k.p.i.AbstractProblemLoader Creating init config 
154290     DEBUG main            d.u.i.k.p.i.AbstractProblemLoader Init config took 2.27s 
154303     INFO  main            d.u.i.k.p.i.AbstractProblemLoader Replaying proof incrementcounter.key 
154304     DEBUG main            d.u.i.k.p.i.IntermediateProofReplayer Proof replay took 6.2ns 
154405     INFO  main            d.u.i.k.p.r.p.TestFile    ... finished proof: closed. 
154668     INFO  main            d.u.i.k.p.i.AbstractProblemLoader Loading environment from /home/runner/work/key/key/key.core/../key.ui/examples/standard_key/java_dl/incrementcounter.key.proof 
154668     DEBUG main            d.u.i.k.p.i.AbstractProblemLoader Environment load took 64.8ns 
154669     INFO  main            d.u.i.k.p.i.AbstractProblemLoader Creating init config 
156905     DEBUG main            d.u.i.k.p.i.AbstractProblemLoader Init config took 2.24s 
156917     INFO  main            d.u.i.k.p.i.AbstractProblemLoader Replaying proof incrementcounter.key.proof 
156920     DEBUG main            d.u.i.k.p.i.IntermediateProofReplayer Proof replay took 1.24ms 
156921     DEBUG main            d.u.i.k.p.r.p.TestFile    ... success: reloaded. 
156921     INFO  main            d.u.i.k.p.r.p.TestFile    Now processing file /home/runner/work/key/key/key.core/../key.ui/examples/standard_key/java_dl/danglingElse.key 
156921     INFO  main            d.u.i.k.p.i.AbstractProblemLoader Loading environment from /home/runner/work/key/key/key.core/../key.ui/examples/standard_key/java_dl/danglingElse.key 
156921     DEBUG main            d.u.i.k.p.i.AbstractProblemLoader Environment load took 39.5ns 
156922     INFO  main            d.u.i.k.p.i.AbstractProblemLoader Creating init config 
159203     DEBUG main            d.u.i.k.p.i.AbstractProblemLoader Init config took 2.28s 
159216     INFO  main            d.u.i.k.p.i.AbstractProblemLoader Replaying proof danglingElse.key 
159218     DEBUG main            d.u.i.k.p.i.IntermediateProofReplayer Proof replay took 6.5ns 
159319     INFO  main            d.u.i.k.p.r.p.TestFile    ... finished proof: open goal(s) 
159593     INFO  main            d.u.i.k.p.r.p.TestFile    Now processing file /home/runner/work/key/key/key.core/../key.ui/examples/standard_key/java_dl/iteratedAssignment.key 
159593     INFO  main            d.u.i.k.p.i.AbstractProblemLoader Loading environment from /home/runner/work/key/key/key.core/../key.ui/examples/standard_key/java_dl/iteratedAssignment.key 
159593     DEBUG main            d.u.i.k.p.i.AbstractProblemLoader Environment load took 39.9ns 
159594     INFO  main            d.u.i.k.p.i.AbstractProblemLoader Creating init config 
161818     DEBUG main            d.u.i.k.p.i.AbstractProblemLoader Init config took 2.22s 
161843     INFO  main            d.u.i.k.p.i.AbstractProblemLoader Replaying proof iteratedAssignment.key 
161846     DEBUG main            d.u.i.k.p.i.IntermediateProofReplayer Proof replay took 6.6ns 
162148     INFO  main            d.u.i.k.p.r.p.TestFile    ... finished proof: closed. 
162463     INFO  main            d.u.i.k.p.i.AbstractProblemLoader Loading environment from /home/runner/work/key/key/key.core/../key.ui/examples/standard_key/java_dl/iteratedAssignment.key.proof 
162463     DEBUG main            d.u.i.k.p.i.AbstractProblemLoader Environment load took 85ns 
162464     INFO  main            d.u.i.k.p.i.AbstractProblemLoader Creating init config 
164702     DEBUG main            d.u.i.k.p.i.AbstractProblemLoader Init config took 2.24s 
164716     INFO  main            d.u.i.k.p.i.AbstractProblemLoader Replaying proof iteratedAssignment.key.proof 
164761     DEBUG main            d.u.i.k.p.i.IntermediateProofReplayer Proof replay took 41.94ms 
164762     DEBUG main            d.u.i.k.p.r.p.TestFile    ... success: reloaded. 
164762     INFO  main            d.u.i.k.p.r.p.TestFile    Now processing file /home/runner/work/key/key/key.core/../key.ui/examples/standard_key/java_dl/assert/assert1.key 
164763     INFO  main            d.u.i.k.p.i.AbstractProblemLoader Loading environment from /home/runner/work/key/key/key.core/../key.ui/examples/standard_key/java_dl/assert/assert1.key 
164763     DEBUG main            d.u.i.k.p.i.AbstractProblemLoader Environment load took 64.2ns 
164763     INFO  main            d.u.i.k.p.i.AbstractProblemLoader Creating init config 
167070     DEBUG main            d.u.i.k.p.i.AbstractProblemLoader Init config took 2.31s 
167102     INFO  main            d.u.i.k.p.i.AbstractProblemLoader Replaying proof C[C::foo()].JML normal_behavior operation contract.0 
167103     DEBUG main            d.u.i.k.p.i.IntermediateProofReplayer Proof replay took 5.8ns 
167305     INFO  main            d.u.i.k.p.r.p.TestFile    ... finished proof: open goal(s) 
167589     INFO  main            d.u.i.k.p.r.p.TestFile    Now processing file /home/runner/work/key/key/key.core/../key.ui/examples/standard_key/java_dl/assert/assert2.key 
167589     INFO  main            d.u.i.k.p.i.AbstractProblemLoader Loading environment from /home/runner/work/key/key/key.core/../key.ui/examples/standard_key/java_dl/assert/assert2.key 
167589     DEBUG main            d.u.i.k.p.i.AbstractProblemLoader Environment load took 39.5ns 
167590     INFO  main            d.u.i.k.p.i.AbstractProblemLoader Creating init config 
169857     DEBUG main            d.u.i.k.p.i.AbstractProblemLoader Init config took 2.27s 
169894     INFO  main            d.u.i.k.p.i.AbstractProblemLoader Replaying proof C[C::bar()].JML exceptional_behavior operation contract.0 
169896     DEBUG main            d.u.i.k.p.i.IntermediateProofReplayer Proof replay took 6.1ns 
170098     INFO  main            d.u.i.k.p.r.p.TestFile    ... finished proof: closed. 
170377     INFO  main            d.u.i.k.p.i.AbstractProblemLoader Loading environment from /home/runner/work/key/key/key.core/../key.ui/examples/standard_key/java_dl/assert/assert2.key.proof 
170377     DEBUG main            d.u.i.k.p.i.AbstractProblemLoader Environment load took 63.7ns 
170378     INFO  main            d.u.i.k.p.i.AbstractProblemLoader Creating init config 
172635     DEBUG main            d.u.i.k.p.i.AbstractProblemLoader Init config took 2.26s 
172668     INFO  main            d.u.i.k.p.i.AbstractProblemLoader Replaying proof C[C::bar()].JML exceptional_behavior operation contract.0 
172696     DEBUG main            d.u.i.k.p.i.IntermediateProofReplayer Proof replay took 26.31ms 
172697     DEBUG main            d.u.i.k.p.r.p.TestFile    ... success: reloaded. 
172697     INFO  main            d.u.i.k.p.r.p.TestFile    Now processing file /home/runner/work/key/key/key.core/../key.ui/examples/standard_key/java_dl/assert/assert3.key 
172697     INFO  main            d.u.i.k.p.i.AbstractProblemLoader Loading environment from /home/runner/work/key/key/key.core/../key.ui/examples/standard_key/java_dl/assert/assert3.key 
172697     DEBUG main            d.u.i.k.p.i.AbstractProblemLoader Environment load took 37.9ns 
172698     INFO  main            d.u.i.k.p.i.AbstractProblemLoader Creating init config 
175002     DEBUG main            d.u.i.k.p.i.AbstractProblemLoader Init config took 2.3s 
175032     INFO  main            d.u.i.k.p.i.AbstractProblemLoader Replaying proof C[C::foo()].JML normal_behavior operation contract.0 
175034     DEBUG main            d.u.i.k.p.i.IntermediateProofReplayer Proof replay took 6.4ns 
175140     INFO  main            d.u.i.k.p.r.p.TestFile    ... finished proof: open goal(s) 
175437     INFO  main            d.u.i.k.p.r.p.TestFile    Now processing file /home/runner/work/key/key/key.core/../key.ui/examples/standard_key/java_dl/java5/vararg.key 
175437     INFO  main            d.u.i.k.p.i.AbstractProblemLoader Loading environment from /home/runner/work/key/key/key.core/../key.ui/examples/standard_key/java_dl/java5/vararg.key 
175437     DEBUG main            d.u.i.k.p.i.AbstractProblemLoader Environment load took 40.2ns 
175438     INFO  main            d.u.i.k.p.i.AbstractProblemLoader Creating init config 
176279     DEBUG main            d.u.i.k.j.r.ClassPreparationMethodBuilder clPrepBuilder: Inner Class detected. Reject building class initialisation methods. 
178075     DEBUG main            d.u.i.k.p.i.AbstractProblemLoader Init config took 2.64s 
178099     INFO  main            d.u.i.k.p.i.AbstractProblemLoader Replaying proof vararg.key 
178101     DEBUG main            d.u.i.k.p.i.IntermediateProofReplayer Proof replay took 6.2ns 
179306     INFO  main            d.u.i.k.p.r.p.TestFile    ... finished proof: closed. 
179640     INFO  main            d.u.i.k.p.i.AbstractProblemLoader Loading environment from /home/runner/work/key/key/key.core/../key.ui/examples/standard_key/java_dl/java5/vararg.key.proof 
179640     DEBUG main            d.u.i.k.p.i.AbstractProblemLoader Environment load took 297.1ns 
179641     INFO  main            d.u.i.k.p.i.AbstractProblemLoader Creating init config 
180453     DEBUG main            d.u.i.k.j.r.ClassPreparationMethodBuilder clPrepBuilder: Inner Class detected. Reject building class initialisation methods. 
182204     DEBUG main            d.u.i.k.p.i.AbstractProblemLoader Init config took 2.56s 
182235     INFO  main            d.u.i.k.p.i.AbstractProblemLoader Replaying proof vararg.key.proof 
182478     DEBUG main            d.u.i.k.p.i.IntermediateProofReplayer Proof replay took 231.47ms 
182480     DEBUG main            d.u.i.k.p.r.p.TestFile    ... success: reloaded. 
182480     INFO  main            d.u.i.k.p.r.p.TestFile    Now processing file /home/runner/work/key/key/key.core/../key.ui/examples/standard_key/java_dl/java5/for_Array.key 
182481     INFO  main            d.u.i.k.p.i.AbstractProblemLoader Loading environment from /home/runner/work/key/key/key.core/../key.ui/examples/standard_key/java_dl/java5/for_Array.key 
182481     DEBUG main            d.u.i.k.p.i.AbstractProblemLoader Environment load took 142.5ns 
182481     INFO  main            d.u.i.k.p.i.AbstractProblemLoader Creating init config 
183291     DEBUG main            d.u.i.k.j.r.ClassPreparationMethodBuilder clPrepBuilder: Inner Class detected. Reject building class initialisation methods. 
185027     DEBUG main            d.u.i.k.p.i.AbstractProblemLoader Init config took 2.55s 
185074     INFO  main            d.u.i.k.p.i.AbstractProblemLoader Replaying proof For[For::sum([I)].JML operation contract.0 
185076     DEBUG main            d.u.i.k.p.i.IntermediateProofReplayer Proof replay took 5.7ns 
185379     INFO  main            d.u.i.k.p.r.p.TestFile    ... finished proof: closed. 
185723     INFO  main            d.u.i.k.p.i.AbstractProblemLoader Loading environment from /home/runner/work/key/key/key.core/../key.ui/examples/standard_key/java_dl/java5/for_Array.key.proof 
185723     DEBUG main            d.u.i.k.p.i.AbstractProblemLoader Environment load took 70.8ns 
185724     INFO  main            d.u.i.k.p.i.AbstractProblemLoader Creating init config 
186494     DEBUG main            d.u.i.k.j.r.ClassPreparationMethodBuilder clPrepBuilder: Inner Class detected. Reject building class initialisation methods. 
188153     DEBUG main            d.u.i.k.p.i.AbstractProblemLoader Init config took 2.43s 
188201     INFO  main            d.u.i.k.p.i.AbstractProblemLoader Replaying proof For[For::sum([I)].JML operation contract.0 
188264     DEBUG main            d.u.i.k.p.i.IntermediateProofReplayer Proof replay took 59.3ms 
188265     DEBUG main            d.u.i.k.p.r.p.TestFile    ... success: reloaded. 
188267     INFO  main            d.u.i.k.p.r.p.TestFile    Now processing file /home/runner/work/key/key/key.core/../key.ui/examples/standard_key/java_dl/java5/for_Iterable.key 
188267     INFO  main            d.u.i.k.p.i.AbstractProblemLoader Loading environment from /home/runner/work/key/key/key.core/../key.ui/examples/standard_key/java_dl/java5/for_Iterable.key 
188267     DEBUG main            d.u.i.k.p.i.AbstractProblemLoader Environment load took 145.1ns 
188268     INFO  main            d.u.i.k.p.i.AbstractProblemLoader Creating init config 
189063     DEBUG main            d.u.i.k.j.r.ClassPreparationMethodBuilder clPrepBuilder: Inner Class detected. Reject building class initialisation methods. 
190776     DEBUG main            d.u.i.k.p.i.AbstractProblemLoader Init config took 2.51s 
190823     INFO  main            d.u.i.k.p.i.AbstractProblemLoader Replaying proof For[For::infiniteLoop(For)].JML operation contract.0 
190824     DEBUG main            d.u.i.k.p.i.IntermediateProofReplayer Proof replay took 6.7ns 
191036     INFO  main            d.u.i.k.p.r.p.TestFile    ... finished proof: closed. 
191348     INFO  main            d.u.i.k.p.i.AbstractProblemLoader Loading environment from /home/runner/work/key/key/key.core/../key.ui/examples/standard_key/java_dl/java5/for_Iterable.key.proof 
191348     DEBUG main            d.u.i.k.p.i.AbstractProblemLoader Environment load took 66.2ns 
191349     INFO  main            d.u.i.k.p.i.AbstractProblemLoader Creating init config 
192134     DEBUG main            d.u.i.k.j.r.ClassPreparationMethodBuilder clPrepBuilder: Inner Class detected. Reject building class initialisation methods. 
193791     DEBUG main            d.u.i.k.p.i.AbstractProblemLoader Init config took 2.44s 
193839     INFO  main            d.u.i.k.p.i.AbstractProblemLoader Replaying proof For[For::infiniteLoop(For)].JML operation contract.0 
193878     DEBUG main            d.u.i.k.p.i.IntermediateProofReplayer Proof replay took 35.19ms 
193879     DEBUG main            d.u.i.k.p.r.p.TestFile    ... success: reloaded. 
193879     INFO  main            d.u.i.k.p.r.p.TestFile    Now processing file /home/runner/work/key/key/key.core/../key.ui/examples/standard_key/java_dl/java5/for_ReferenceArray.key 
193880     INFO  main            d.u.i.k.p.i.AbstractProblemLoader Loading environment from /home/runner/work/key/key/key.core/../key.ui/examples/standard_key/java_dl/java5/for_ReferenceArray.key 
193880     DEBUG main            d.u.i.k.p.i.AbstractProblemLoader Environment load took 63.9ns 
193880     INFO  main            d.u.i.k.p.i.AbstractProblemLoader Creating init config 
194663     DEBUG main            d.u.i.k.j.r.ClassPreparationMethodBuilder clPrepBuilder: Inner Class detected. Reject building class initialisation methods. 
196347     DEBUG main            d.u.i.k.p.i.AbstractProblemLoader Init config took 2.47s 
196394     INFO  main            d.u.i.k.p.i.AbstractProblemLoader Replaying proof ForReferenceArray[ForReferenceArray::foo([Ljava.lang.Object)].JML operation contract.0 
196396     DEBUG main            d.u.i.k.p.i.IntermediateProofReplayer Proof replay took 6.2ns 
196598     INFO  main            d.u.i.k.p.r.p.TestFile    ... finished proof: closed. 
196924     INFO  main            d.u.i.k.p.i.AbstractProblemLoader Loading environment from /home/runner/work/key/key/key.core/../key.ui/examples/standard_key/java_dl/java5/for_ReferenceArray.key.proof 
196924     DEBUG main            d.u.i.k.p.i.AbstractProblemLoader Environment load took 70.4ns 
196925     INFO  main            d.u.i.k.p.i.AbstractProblemLoader Creating init config 
197691     DEBUG main            d.u.i.k.j.r.ClassPreparationMethodBuilder clPrepBuilder: Inner Class detected. Reject building class initialisation methods. 
199339     DEBUG main            d.u.i.k.p.i.AbstractProblemLoader Init config took 2.41s 
199385     INFO  main            d.u.i.k.p.i.AbstractProblemLoader Replaying proof ForReferenceArray[ForReferenceArray::foo([Ljava.lang.Object)].JML operation contract.0 
199425     DEBUG main            d.u.i.k.p.i.IntermediateProofReplayer Proof replay took 36.89ms 
199425     DEBUG main            d.u.i.k.p.r.p.TestFile    ... success: reloaded. 
199426     INFO  main            d.u.i.k.p.r.p.TestFile    Now processing file /home/runner/work/key/key/key.core/../key.ui/examples/standard_key/java_dl/jml-bigint/cast.key 
199426     INFO  main            d.u.i.k.p.i.AbstractProblemLoader Loading environment from /home/runner/work/key/key/key.core/../key.ui/examples/standard_key/java_dl/jml-bigint/cast.key 
199426     DEBUG main            d.u.i.k.p.i.AbstractProblemLoader Environment load took 55ns 
199427     INFO  main            d.u.i.k.p.i.AbstractProblemLoader Creating init config 
201809     DEBUG main            d.u.i.k.p.i.AbstractProblemLoader Init config took 2.38s 
201840     INFO  main            d.u.i.k.p.i.AbstractProblemLoader Replaying proof Mult[Mult::cast()].JML operation contract.0 
201842     DEBUG main            d.u.i.k.p.i.IntermediateProofReplayer Proof replay took 6.2ns 
201944     INFO  main            d.u.i.k.p.r.p.TestFile    ... finished proof: closed. 
202314     INFO  main            d.u.i.k.p.i.AbstractProblemLoader Loading environment from /home/runner/work/key/key/key.core/../key.ui/examples/standard_key/java_dl/jml-bigint/cast.key.proof 
202314     DEBUG main            d.u.i.k.p.i.AbstractProblemLoader Environment load took 68.6ns 
202315     INFO  main            d.u.i.k.p.i.AbstractProblemLoader Creating init config 
204636     DEBUG main            d.u.i.k.p.i.AbstractProblemLoader Init config took 2.32s 
204668     INFO  main            d.u.i.k.p.i.AbstractProblemLoader Replaying proof Mult[Mult::cast()].JML operation contract.0 
204677     DEBUG main            d.u.i.k.p.i.IntermediateProofReplayer Proof replay took 8.21ms 
204678     DEBUG main            d.u.i.k.p.r.p.TestFile    ... success: reloaded. 
204679     INFO  main            d.u.i.k.p.r.p.TestFile    Now processing file /home/runner/work/key/key/key.core/../key.ui/examples/standard_key/java_dl/jml-free/loopInvFree.key 
204679     INFO  main            d.u.i.k.p.i.AbstractProblemLoader Loading environment from /home/runner/work/key/key/key.core/../key.ui/examples/standard_key/java_dl/jml-free/loopInvFree.key 
204679     DEBUG main            d.u.i.k.p.i.AbstractProblemLoader Environment load took 62.8ns 
204680     INFO  main            d.u.i.k.p.i.AbstractProblemLoader Creating init config 
206978     DEBUG main            d.u.i.k.p.i.AbstractProblemLoader Init config took 2.3s 
207024     INFO  main            d.u.i.k.p.i.AbstractProblemLoader Replaying proof LoopInvFree[LoopInvFree::test()].JML operation contract.0 
207026     DEBUG main            d.u.i.k.p.i.IntermediateProofReplayer Proof replay took 6.5ns 
207229     INFO  main            d.u.i.k.p.r.p.TestFile    ... finished proof: closed. 
207551     INFO  main            d.u.i.k.p.i.AbstractProblemLoader Loading environment from /home/runner/work/key/key/key.core/../key.ui/examples/standard_key/java_dl/jml-free/loopInvFree.key.proof 
207551     DEBUG main            d.u.i.k.p.i.AbstractProblemLoader Environment load took 65.8ns 
207552     INFO  main            d.u.i.k.p.i.AbstractProblemLoader Creating init config 
209835     DEBUG main            d.u.i.k.p.i.AbstractProblemLoader Init config took 2.28s 
209866     INFO  main            d.u.i.k.p.i.AbstractProblemLoader Replaying proof LoopInvFree[LoopInvFree::test()].JML operation contract.0 
209895     DEBUG main            d.u.i.k.p.i.IntermediateProofReplayer Proof replay took 27.42ms 
209896     DEBUG main            d.u.i.k.p.r.p.TestFile    ... success: reloaded. 
209897     INFO  main            d.u.i.k.p.r.p.TestFile    Now processing file /home/runner/work/key/key/key.core/../key.ui/examples/standard_key/java_dl/jml-free/ensuresFree.key 
209897     INFO  main            d.u.i.k.p.i.AbstractProblemLoader Loading environment from /home/runner/work/key/key/key.core/../key.ui/examples/standard_key/java_dl/jml-free/ensuresFree.key 
209897     DEBUG main            d.u.i.k.p.i.AbstractProblemLoader Environment load took 64.2ns 
209898     INFO  main            d.u.i.k.p.i.AbstractProblemLoader Creating init config 
212195     DEBUG main            d.u.i.k.p.i.AbstractProblemLoader Init config took 2.3s 
212243     INFO  main            d.u.i.k.p.i.AbstractProblemLoader Replaying proof EnsuresFree[EnsuresFree::test()].JML operation contract.0 
212244     DEBUG main            d.u.i.k.p.i.IntermediateProofReplayer Proof replay took 7.3ns 
212346     INFO  main            d.u.i.k.p.r.p.TestFile    ... finished proof: closed. 
212681     INFO  main            d.u.i.k.p.i.AbstractProblemLoader Loading environment from /home/runner/work/key/key/key.core/../key.ui/examples/standard_key/java_dl/jml-free/ensuresFree.key.proof 
212681     DEBUG main            d.u.i.k.p.i.AbstractProblemLoader Environment load took 69.6ns 
212682     INFO  main            d.u.i.k.p.i.AbstractProblemLoader Creating init config 
214989     DEBUG main            d.u.i.k.p.i.AbstractProblemLoader Init config took 2.31s 
215019     INFO  main            d.u.i.k.p.i.AbstractProblemLoader Replaying proof EnsuresFree[EnsuresFree::test()].JML operation contract.0 
215033     DEBUG main            d.u.i.k.p.i.IntermediateProofReplayer Proof replay took 12.24ms 
215034     DEBUG main            d.u.i.k.p.r.p.TestFile    ... success: reloaded. 
215034     INFO  main            d.u.i.k.p.r.p.TestFile    Now processing file /home/runner/work/key/key/key.core/../key.ui/examples/standard_key/java_dl/jml-information-flow.key 
215035     INFO  main            d.u.i.k.p.i.AbstractProblemLoader Loading environment from /home/runner/work/key/key/key.core/../key.ui/examples/standard_key/java_dl/jml-information-flow.key 
215035     DEBUG main            d.u.i.k.p.i.AbstractProblemLoader Environment load took 49ns 
215039     INFO  main            d.u.i.k.p.i.AbstractProblemLoader Creating init config 
217510     DEBUG main            d.u.i.k.p.i.AbstractProblemLoader Init config took 2.47s 
217526     INFO  main            d.u.i.k.p.i.AbstractProblemLoader Replaying proof jml-information-flow.key 
217527     DEBUG main            d.u.i.k.p.i.IntermediateProofReplayer Proof replay took 6.9ns 
324573     INFO  main            d.u.i.k.p.r.p.TestFile    ... finished proof: closed. 
325103     INFO  main            d.u.i.k.p.i.AbstractProblemLoader Loading environment from /home/runner/work/key/key/key.core/../key.ui/examples/standard_key/java_dl/jml-information-flow.key.proof 
325103     DEBUG main            d.u.i.k.p.i.AbstractProblemLoader Environment load took 296.6ns 
325110     INFO  main            d.u.i.k.p.i.AbstractProblemLoader Creating init config 
327519     DEBUG main            d.u.i.k.p.i.AbstractProblemLoader Init config took 2.41s 
327537     INFO  main            d.u.i.k.p.i.AbstractProblemLoader Replaying proof jml-information-flow.key.proof 
330038     DEBUG main            d.u.i.k.p.i.IntermediateProofReplayer Proof replay took 2.39s 
330046     DEBUG main            d.u.i.k.p.r.p.TestFile    ... success: reloaded. 
330046     INFO  main            d.u.i.k.p.r.p.TestFile    Now processing file /home/runner/work/key/key/key.core/../key.ui/examples/standard_key/java_dl/jml-min/min-unprovable1.key 
330047     INFO  main            d.u.i.k.p.i.AbstractProblemLoader Loading environment from /home/runner/work/key/key/key.core/../key.ui/examples/standard_key/java_dl/jml-min/min-unprovable1.key 
330047     DEBUG main            d.u.i.k.p.i.AbstractProblemLoader Environment load took 67ns 
330047     INFO  main            d.u.i.k.p.i.AbstractProblemLoader Creating init config 
332407     DEBUG main            d.u.i.k.p.i.AbstractProblemLoader Init config took 2.36s 
332451     INFO  main            d.u.i.k.p.i.AbstractProblemLoader Replaying proof Min[Min::foo()].JML operation contract.0 
332452     DEBUG main            d.u.i.k.p.i.IntermediateProofReplayer Proof replay took 6.9ns 
332556     INFO  main            d.u.i.k.p.r.p.TestFile    ... finished proof: open goal(s) 
333050     INFO  main            d.u.i.k.p.r.p.TestFile    Now processing file /home/runner/work/key/key/key.core/../key.ui/examples/standard_key/java_dl/jml-min/min-unprovable2.key 
333051     INFO  main            d.u.i.k.p.i.AbstractProblemLoader Loading environment from /home/runner/work/key/key/key.core/../key.ui/examples/standard_key/java_dl/jml-min/min-unprovable2.key 
333051     DEBUG main            d.u.i.k.p.i.AbstractProblemLoader Environment load took 39.4ns 
333052     INFO  main            d.u.i.k.p.i.AbstractProblemLoader Creating init config 
335328     DEBUG main            d.u.i.k.p.i.AbstractProblemLoader Init config took 2.28s 
335359     INFO  main            d.u.i.k.p.i.AbstractProblemLoader Replaying proof Min[Min::foo2()].JML operation contract.0 
335359     DEBUG main            d.u.i.k.p.i.IntermediateProofReplayer Proof replay took 6.4ns 
335461     INFO  main            d.u.i.k.p.r.p.TestFile    ... finished proof: open goal(s) 
335812     INFO  main            d.u.i.k.p.r.p.TestFile    Now processing file /home/runner/work/key/key/key.core/../key.ui/examples/standard_key/java_dl/methodCall.key 
335812     INFO  main            d.u.i.k.p.i.AbstractProblemLoader Loading environment from /home/runner/work/key/key/key.core/../key.ui/examples/standard_key/java_dl/methodCall.key 
335812     DEBUG main            d.u.i.k.p.i.AbstractProblemLoader Environment load took 38.7ns 
335813     INFO  main            d.u.i.k.p.i.AbstractProblemLoader Creating init config 
338188     DEBUG main            d.u.i.k.p.i.AbstractProblemLoader Init config took 2.38s 
338201     INFO  main            d.u.i.k.p.i.AbstractProblemLoader Replaying proof methodCall.key 
338203     DEBUG main            d.u.i.k.p.i.IntermediateProofReplayer Proof replay took 6.8ns 
338304     INFO  main            d.u.i.k.p.r.p.TestFile    ... finished proof: closed. 
338645     INFO  main            d.u.i.k.p.i.AbstractProblemLoader Loading environment from /home/runner/work/key/key/key.core/../key.ui/examples/standard_key/java_dl/methodCall.key.proof 
338645     DEBUG main            d.u.i.k.p.i.AbstractProblemLoader Environment load took 65ns 
338646     INFO  main            d.u.i.k.p.i.AbstractProblemLoader Creating init config 
340916     DEBUG main            d.u.i.k.p.i.AbstractProblemLoader Init config took 2.27s 
340929     INFO  main            d.u.i.k.p.i.AbstractProblemLoader Replaying proof methodCall.key.proof 
340932     DEBUG main            d.u.i.k.p.i.IntermediateProofReplayer Proof replay took 1.57ms 
340933     DEBUG main            d.u.i.k.p.r.p.TestFile    ... success: reloaded. 
340933     INFO  main            d.u.i.k.p.r.p.TestFile    Now processing file /home/runner/work/key/key/key.core/../key.ui/examples/standard_key/java_dl/methodCall1.key 
340934     INFO  main            d.u.i.k.p.i.AbstractProblemLoader Loading environment from /home/runner/work/key/key/key.core/../key.ui/examples/standard_key/java_dl/methodCall1.key 
340934     DEBUG main            d.u.i.k.p.i.AbstractProblemLoader Environment load took 40.2ns 
340935     INFO  main            d.u.i.k.p.i.AbstractProblemLoader Creating init config 
343222     DEBUG main            d.u.i.k.p.i.AbstractProblemLoader Init config took 2.29s 
343235     INFO  main            d.u.i.k.p.i.AbstractProblemLoader Replaying proof methodCall1.key 
343236     DEBUG main            d.u.i.k.p.i.IntermediateProofReplayer Proof replay took 7.9ns 
343338     INFO  main            d.u.i.k.p.r.p.TestFile    ... finished proof: closed. 
343694     INFO  main            d.u.i.k.p.i.AbstractProblemLoader Loading environment from /home/runner/work/key/key/key.core/../key.ui/examples/standard_key/java_dl/methodCall1.key.proof 
343694     DEBUG main            d.u.i.k.p.i.AbstractProblemLoader Environment load took 65.7ns 
343695     INFO  main            d.u.i.k.p.i.AbstractProblemLoader Creating init config 
345969     DEBUG main            d.u.i.k.p.i.AbstractProblemLoader Init config took 2.27s 
345982     INFO  main            d.u.i.k.p.i.AbstractProblemLoader Replaying proof methodCall1.key.proof 
345993     DEBUG main            d.u.i.k.p.i.IntermediateProofReplayer Proof replay took 9.28ms 
345994     DEBUG main            d.u.i.k.p.r.p.TestFile    ... success: reloaded. 
345995     INFO  main            d.u.i.k.p.r.p.TestFile    Now processing file /home/runner/work/key/key/key.core/../key.ui/examples/standard_key/java_dl/methodCall1box.key 
345995     INFO  main            d.u.i.k.p.i.AbstractProblemLoader Loading environment from /home/runner/work/key/key/key.core/../key.ui/examples/standard_key/java_dl/methodCall1box.key 
345995     DEBUG main            d.u.i.k.p.i.AbstractProblemLoader Environment load took 79.5ns 
345996     INFO  main            d.u.i.k.p.i.AbstractProblemLoader Creating init config 
348292     DEBUG main            d.u.i.k.p.i.AbstractProblemLoader Init config took 2.3s 
348305     INFO  main            d.u.i.k.p.i.AbstractProblemLoader Replaying proof methodCall1box.key 
348306     DEBUG main            d.u.i.k.p.i.IntermediateProofReplayer Proof replay took 7.8ns 
348408     INFO  main            d.u.i.k.p.r.p.TestFile    ... finished proof: closed. 
348775     INFO  main            d.u.i.k.p.i.AbstractProblemLoader Loading environment from /home/runner/work/key/key/key.core/../key.ui/examples/standard_key/java_dl/methodCall1box.key.proof 
348775     DEBUG main            d.u.i.k.p.i.AbstractProblemLoader Environment load took 67.3ns 
348776     INFO  main            d.u.i.k.p.i.AbstractProblemLoader Creating init config 
351044     DEBUG main            d.u.i.k.p.i.AbstractProblemLoader Init config took 2.27s 
351057     INFO  main            d.u.i.k.p.i.AbstractProblemLoader Replaying proof methodCall1box.key.proof 
351074     DEBUG main            d.u.i.k.p.i.IntermediateProofReplayer Proof replay took 14.11ms 
351075     DEBUG main            d.u.i.k.p.r.p.TestFile    ... success: reloaded. 
351076     INFO  main            d.u.i.k.p.r.p.TestFile    Now processing file /home/runner/work/key/key/key.core/../key.ui/examples/standard_key/java_dl/methodCall3.key 
351076     INFO  main            d.u.i.k.p.i.AbstractProblemLoader Loading environment from /home/runner/work/key/key/key.core/../key.ui/examples/standard_key/java_dl/methodCall3.key 
351076     DEBUG main            d.u.i.k.p.i.AbstractProblemLoader Environment load took 131ns 
351077     INFO  main            d.u.i.k.p.i.AbstractProblemLoader Creating init config 
353380     DEBUG main            d.u.i.k.p.i.AbstractProblemLoader Init config took 2.3s 
353393     INFO  main            d.u.i.k.p.i.AbstractProblemLoader Replaying proof methodCall3.key 
353394     DEBUG main            d.u.i.k.p.i.IntermediateProofReplayer Proof replay took 6.8ns 
353496     INFO  main            d.u.i.k.p.r.p.TestFile    ... finished proof: closed. 
353857     INFO  main            d.u.i.k.p.i.AbstractProblemLoader Loading environment from /home/runner/work/key/key/key.core/../key.ui/examples/standard_key/java_dl/methodCall3.key.proof 
353857     DEBUG main            d.u.i.k.p.i.AbstractProblemLoader Environment load took 66.4ns 
353858     INFO  main            d.u.i.k.p.i.AbstractProblemLoader Creating init config 
356130     DEBUG main            d.u.i.k.p.i.AbstractProblemLoader Init config took 2.27s 
356143     INFO  main            d.u.i.k.p.i.AbstractProblemLoader Replaying proof methodCall3.key.proof 
356150     DEBUG main            d.u.i.k.p.i.IntermediateProofReplayer Proof replay took 5.87ms 
356151     DEBUG main            d.u.i.k.p.r.p.TestFile    ... success: reloaded. 
356151     INFO  main            d.u.i.k.p.r.p.TestFile    Now processing file /home/runner/work/key/key/key.core/../key.ui/examples/standard_key/java_dl/polishFlagSort.key 
356152     INFO  main            d.u.i.k.p.i.AbstractProblemLoader Loading environment from /home/runner/work/key/key/key.core/../key.ui/examples/standard_key/java_dl/polishFlagSort.key 
356152     DEBUG main            d.u.i.k.p.i.AbstractProblemLoader Environment load took 40.1ns 
356153     INFO  main            d.u.i.k.p.i.AbstractProblemLoader Creating init config 
358506     DEBUG main            d.u.i.k.p.i.AbstractProblemLoader Init config took 2.35s 
358520     INFO  main            d.u.i.k.p.i.AbstractProblemLoader Replaying proof polishFlagSort.key 
358521     DEBUG main            d.u.i.k.p.i.IntermediateProofReplayer Proof replay took 6.3ns 
360533     INFO  main            d.u.i.k.p.r.p.TestFile    ... finished proof: closed. 
360956     INFO  main            d.u.i.k.p.i.AbstractProblemLoader Loading environment from /home/runner/work/key/key/key.core/../key.ui/examples/standard_key/java_dl/polishFlagSort.key.proof 
360956     DEBUG main            d.u.i.k.p.i.AbstractProblemLoader Environment load took 281.9ns 
360958     INFO  main            d.u.i.k.p.i.AbstractProblemLoader Creating init config 
363249     DEBUG main            d.u.i.k.p.i.AbstractProblemLoader Init config took 2.29s 
363263     INFO  main            d.u.i.k.p.i.AbstractProblemLoader Replaying proof polishFlagSort.key.proof 
363508     DEBUG main            d.u.i.k.p.i.IntermediateProofReplayer Proof replay took 235.66ms 
363511     DEBUG main            d.u.i.k.p.r.p.TestFile    ... success: reloaded. 
363512     INFO  main            d.u.i.k.p.r.p.TestFile    Now processing file /home/runner/work/key/key/key.core/../key.ui/examples/standard_key/java_dl/postConditionTaclets1.key 
363512     INFO  main            d.u.i.k.p.i.AbstractProblemLoader Loading environment from /home/runner/work/key/key/key.core/../key.ui/examples/standard_key/java_dl/postConditionTaclets1.key 
363512     DEBUG main            d.u.i.k.p.i.AbstractProblemLoader Environment load took 141.9ns 
363513     INFO  main            d.u.i.k.p.i.AbstractProblemLoader Creating init config 
365754     DEBUG main            d.u.i.k.p.i.AbstractProblemLoader Init config took 2.24s 
365767     INFO  main            d.u.i.k.p.i.AbstractProblemLoader Replaying proof postConditionTaclets1.key 
365768     DEBUG main            d.u.i.k.p.i.IntermediateProofReplayer Proof replay took 6.1ns 
365872     INFO  main            d.u.i.k.p.r.p.TestFile    ... finished proof: closed. 
366308     INFO  main            d.u.i.k.p.i.AbstractProblemLoader Loading environment from /home/runner/work/key/key/key.core/../key.ui/examples/standard_key/java_dl/postConditionTaclets1.key.proof 
366308     DEBUG main            d.u.i.k.p.i.AbstractProblemLoader Environment load took 65.6ns 
366308     INFO  main            d.u.i.k.p.i.AbstractProblemLoader Creating init config 
368542     DEBUG main            d.u.i.k.p.i.AbstractProblemLoader Init config took 2.23s 
368555     INFO  main            d.u.i.k.p.i.AbstractProblemLoader Replaying proof postConditionTaclets1.key.proof 
368556     DEBUG main            d.u.i.k.p.i.IntermediateProofReplayer Proof replay took 250.9ns 
368557     DEBUG main            d.u.i.k.p.r.p.TestFile    ... success: reloaded. 
368557     INFO  main            d.u.i.k.p.r.p.TestFile    Now processing file /home/runner/work/key/key/key.core/../key.ui/examples/standard_key/java_dl/postConditionTaclets2.key 
368558     INFO  main            d.u.i.k.p.i.AbstractProblemLoader Loading environment from /home/runner/work/key/key/key.core/../key.ui/examples/standard_key/java_dl/postConditionTaclets2.key 
368558     DEBUG main            d.u.i.k.p.i.AbstractProblemLoader Environment load took 60ns 
368558     INFO  main            d.u.i.k.p.i.AbstractProblemLoader Creating init config 
370808     DEBUG main            d.u.i.k.p.i.AbstractProblemLoader Init config took 2.25s 
370820     INFO  main            d.u.i.k.p.i.AbstractProblemLoader Replaying proof postConditionTaclets2.key 
370822     DEBUG main            d.u.i.k.p.i.IntermediateProofReplayer Proof replay took 6.7ns 
370928     INFO  main            d.u.i.k.p.r.p.TestFile    ... finished proof: closed. 
371309     INFO  main            d.u.i.k.p.i.AbstractProblemLoader Loading environment from /home/runner/work/key/key/key.core/../key.ui/examples/standard_key/java_dl/postConditionTaclets2.key.proof 
371309     DEBUG main            d.u.i.k.p.i.AbstractProblemLoader Environment load took 89.1ns 
371310     INFO  main            d.u.i.k.p.i.AbstractProblemLoader Creating init config 
373517     DEBUG main            d.u.i.k.p.i.AbstractProblemLoader Init config took 2.21s 
373530     INFO  main            d.u.i.k.p.i.AbstractProblemLoader Replaying proof postConditionTaclets2.key.proof 
373531     DEBUG main            d.u.i.k.p.i.IntermediateProofReplayer Proof replay took 421.9ns 
373532     DEBUG main            d.u.i.k.p.r.p.TestFile    ... success: reloaded. 
373532     INFO  main            d.u.i.k.p.r.p.TestFile    Now processing file /home/runner/work/key/key/key.core/../key.ui/examples/standard_key/java_dl/quantifiedQuery.key 
373533     INFO  main            d.u.i.k.p.i.AbstractProblemLoader Loading environment from /home/runner/work/key/key/key.core/../key.ui/examples/standard_key/java_dl/quantifiedQuery.key 
373533     DEBUG main            d.u.i.k.p.i.AbstractProblemLoader Environment load took 71.8ns 
373534     INFO  main            d.u.i.k.p.i.AbstractProblemLoader Creating init config 
375822     DEBUG main            d.u.i.k.p.i.AbstractProblemLoader Init config took 2.29s 
375835     INFO  main            d.u.i.k.p.i.AbstractProblemLoader Replaying proof quantifiedQuery.key 
375836     DEBUG main            d.u.i.k.p.i.IntermediateProofReplayer Proof replay took 6.1ns 
375938     INFO  main            d.u.i.k.p.r.p.TestFile    ... finished proof: closed. 
376332     INFO  main            d.u.i.k.p.i.AbstractProblemLoader Loading environment from /home/runner/work/key/key/key.core/../key.ui/examples/standard_key/java_dl/quantifiedQuery.key.proof 
376332     DEBUG main            d.u.i.k.p.i.AbstractProblemLoader Environment load took 68.4ns 
376333     INFO  main            d.u.i.k.p.i.AbstractProblemLoader Creating init config 
378609     DEBUG main            d.u.i.k.p.i.AbstractProblemLoader Init config took 2.28s 
378622     INFO  main            d.u.i.k.p.i.AbstractProblemLoader Replaying proof quantifiedQuery.key.proof 
378630     DEBUG main            d.u.i.k.p.i.IntermediateProofReplayer Proof replay took 6.4ms 
378631     DEBUG main            d.u.i.k.p.r.p.TestFile    ... success: reloaded. 
378631     INFO  main            d.u.i.k.p.r.p.TestFile    Now processing file /home/runner/work/key/key/key.core/../key.ui/examples/standard_key/java_dl/recursion/triangular.key 
378631     INFO  main            d.u.i.k.p.i.AbstractProblemLoader Loading environment from /home/runner/work/key/key/key.core/../key.ui/examples/standard_key/java_dl/recursion/triangular.key 
378632     DEBUG main            d.u.i.k.p.i.AbstractProblemLoader Environment load took 55.2ns 
378632     INFO  main            d.u.i.k.p.i.AbstractProblemLoader Creating init config 
380915     DEBUG main            d.u.i.k.p.i.AbstractProblemLoader Init config took 2.28s 
380962     INFO  main            d.u.i.k.p.i.AbstractProblemLoader Replaying proof Triangular[Triangular::tria(int)].JML normal_behavior operation contract.0 
380963     DEBUG main            d.u.i.k.p.i.IntermediateProofReplayer Proof replay took 6ns 
381165     INFO  main            d.u.i.k.p.r.p.TestFile    ... finished proof: closed. 
381569     INFO  main            d.u.i.k.p.i.AbstractProblemLoader Loading environment from /home/runner/work/key/key/key.core/../key.ui/examples/standard_key/java_dl/recursion/triangular.key.proof 
381569     DEBUG main            d.u.i.k.p.i.AbstractProblemLoader Environment load took 87.8ns 
381569     INFO  main            d.u.i.k.p.i.AbstractProblemLoader Creating init config 
383824     DEBUG main            d.u.i.k.p.i.AbstractProblemLoader Init config took 2.25s 
383854     INFO  main            d.u.i.k.p.i.AbstractProblemLoader Replaying proof Triangular[Triangular::tria(int)].JML normal_behavior operation contract.0 
383877     DEBUG main            d.u.i.k.p.i.IntermediateProofReplayer Proof replay took 20.66ms 
383877     DEBUG main            d.u.i.k.p.r.p.TestFile    ... success: reloaded. 
383878     INFO  main            d.u.i.k.p.r.p.TestFile    Now processing file /home/runner/work/key/key/key.core/../key.ui/examples/standard_key/java_dl/reverseArray.key 
383878     INFO  main            d.u.i.k.p.i.AbstractProblemLoader Loading environment from /home/runner/work/key/key/key.core/../key.ui/examples/standard_key/java_dl/reverseArray.key 
383878     DEBUG main            d.u.i.k.p.i.AbstractProblemLoader Environment load took 59.4ns 
383880     INFO  main            d.u.i.k.p.i.AbstractProblemLoader Creating init config 
383897     WARN  main            d.u.i.k.j.r.KeYCrossReferenceNameInfo Datatype java.lang.System declared twice: Once in FILE:/home/runner/work/key/key/key.core/../key.ui/examples/standard_key/java_dl/./classpath/System.java and once in URL:file:/home/runner/work/key/key/key.core/build/resources/main/de/uka/ilkd/key/java/JavaRedux/java/lang/System.java, Keeping one from URL:file:/home/runner/work/key/key/key.core/build/resources/main/de/uka/ilkd/key/java/JavaRedux/java/lang/System.java 
383898     WARN  main            d.u.i.k.j.r.KeYCrossReferenceNameInfo Datatype java.io.PrintStream declared twice: Once in FILE:/home/runner/work/key/key/key.core/../key.ui/examples/standard_key/java_dl/./classpath/PrintStream.java and once in URL:file:/home/runner/work/key/key/key.core/build/resources/main/de/uka/ilkd/key/java/JavaRedux/java/io/PrintStream.java, Keeping one from URL:file:/home/runner/work/key/key/key.core/build/resources/main/de/uka/ilkd/key/java/JavaRedux/java/io/PrintStream.java 
383898     WARN  main            d.u.i.k.j.r.KeYCrossReferenceNameInfo Datatype java.io.InputStream declared twice: Once in FILE:/home/runner/work/key/key/key.core/../key.ui/examples/standard_key/java_dl/./classpath/InputStream.java and once in URL:file:/home/runner/work/key/key/key.core/build/resources/main/de/uka/ilkd/key/java/JavaRedux/java/io/InputStream.java, Keeping one from URL:file:/home/runner/work/key/key/key.core/build/resources/main/de/uka/ilkd/key/java/JavaRedux/java/io/InputStream.java 
383900     DEBUG main            d.u.i.k.j.r.ClassFileDeclarationBuilder Parsing: package java.io; public class Closeable { } 
383900     DEBUG main            r.s.KeYCrossReferenceSourceInfo Dynamically created class: java.io.Closeable 
386265     DEBUG main            d.u.i.k.p.i.AbstractProblemLoader Init config took 2.39s 
386285     INFO  main            d.u.i.k.p.i.AbstractProblemLoader Replaying proof reverseArray.key 
386286     DEBUG main            d.u.i.k.p.i.IntermediateProofReplayer Proof replay took 6.2ns 
390313     INFO  main            d.u.i.k.p.r.p.TestFile    ... finished proof: closed. 
390758     INFO  main            d.u.i.k.p.i.AbstractProblemLoader Loading environment from /home/runner/work/key/key/key.core/../key.ui/examples/standard_key/java_dl/reverseArray.key.proof 
390758     DEBUG main            d.u.i.k.p.i.AbstractProblemLoader Environment load took 278.7ns 
390760     INFO  main            d.u.i.k.p.i.AbstractProblemLoader Creating init config 
390778     WARN  main            d.u.i.k.j.r.KeYCrossReferenceNameInfo Datatype java.lang.System declared twice: Once in FILE:/home/runner/work/key/key/key.core/../key.ui/examples/standard_key/java_dl/classpath/System.java and once in URL:file:/home/runner/work/key/key/key.core/build/resources/main/de/uka/ilkd/key/java/JavaRedux/java/lang/System.java, Keeping one from URL:file:/home/runner/work/key/key/key.core/build/resources/main/de/uka/ilkd/key/java/JavaRedux/java/lang/System.java 
390779     WARN  main            d.u.i.k.j.r.KeYCrossReferenceNameInfo Datatype java.io.PrintStream declared twice: Once in FILE:/home/runner/work/key/key/key.core/../key.ui/examples/standard_key/java_dl/classpath/PrintStream.java and once in URL:file:/home/runner/work/key/key/key.core/build/resources/main/de/uka/ilkd/key/java/JavaRedux/java/io/PrintStream.java, Keeping one from URL:file:/home/runner/work/key/key/key.core/build/resources/main/de/uka/ilkd/key/java/JavaRedux/java/io/PrintStream.java 
390779     WARN  main            d.u.i.k.j.r.KeYCrossReferenceNameInfo Datatype java.io.InputStream declared twice: Once in FILE:/home/runner/work/key/key/key.core/../key.ui/examples/standard_key/java_dl/classpath/InputStream.java and once in URL:file:/home/runner/work/key/key/key.core/build/resources/main/de/uka/ilkd/key/java/JavaRedux/java/io/InputStream.java, Keeping one from URL:file:/home/runner/work/key/key/key.core/build/resources/main/de/uka/ilkd/key/java/JavaRedux/java/io/InputStream.java 
390782     DEBUG main            d.u.i.k.j.r.ClassFileDeclarationBuilder Parsing: package java.io; public class Closeable { } 
390782     DEBUG main            r.s.KeYCrossReferenceSourceInfo Dynamically created class: java.io.Closeable 
393088     DEBUG main            d.u.i.k.p.i.AbstractProblemLoader Init config took 2.33s 
393102     INFO  main            d.u.i.k.p.i.AbstractProblemLoader Replaying proof reverseArray.key.proof 
393533     DEBUG main            d.u.i.k.p.i.IntermediateProofReplayer Proof replay took 420.14ms 
393535     DEBUG main            d.u.i.k.p.r.p.TestFile    ... success: reloaded. 
393536     INFO  main            d.u.i.k.p.r.p.TestFile    Now processing file /home/runner/work/key/key/key.core/../key.ui/examples/standard_key/java_dl/reverseArray2.key 
393536     INFO  main            d.u.i.k.p.i.AbstractProblemLoader Loading environment from /home/runner/work/key/key/key.core/../key.ui/examples/standard_key/java_dl/reverseArray2.key 
393536     DEBUG main            d.u.i.k.p.i.AbstractProblemLoader Environment load took 64ns 
393538     INFO  main            d.u.i.k.p.i.AbstractProblemLoader Creating init config 
393555     WARN  main            d.u.i.k.j.r.KeYCrossReferenceNameInfo Datatype java.lang.System declared twice: Once in FILE:/home/runner/work/key/key/key.core/../key.ui/examples/standard_key/java_dl/classpath/System.java and once in URL:file:/home/runner/work/key/key/key.core/build/resources/main/de/uka/ilkd/key/java/JavaRedux/java/lang/System.java, Keeping one from URL:file:/home/runner/work/key/key/key.core/build/resources/main/de/uka/ilkd/key/java/JavaRedux/java/lang/System.java 
393555     WARN  main            d.u.i.k.j.r.KeYCrossReferenceNameInfo Datatype java.io.PrintStream declared twice: Once in FILE:/home/runner/work/key/key/key.core/../key.ui/examples/standard_key/java_dl/classpath/PrintStream.java and once in URL:file:/home/runner/work/key/key/key.core/build/resources/main/de/uka/ilkd/key/java/JavaRedux/java/io/PrintStream.java, Keeping one from URL:file:/home/runner/work/key/key/key.core/build/resources/main/de/uka/ilkd/key/java/JavaRedux/java/io/PrintStream.java 
393555     WARN  main            d.u.i.k.j.r.KeYCrossReferenceNameInfo Datatype java.io.InputStream declared twice: Once in FILE:/home/runner/work/key/key/key.core/../key.ui/examples/standard_key/java_dl/classpath/InputStream.java and once in URL:file:/home/runner/work/key/key/key.core/build/resources/main/de/uka/ilkd/key/java/JavaRedux/java/io/InputStream.java, Keeping one from URL:file:/home/runner/work/key/key/key.core/build/resources/main/de/uka/ilkd/key/java/JavaRedux/java/io/InputStream.java 
393558     DEBUG main            d.u.i.k.j.r.ClassFileDeclarationBuilder Parsing: package java.io; public class Closeable { } 
393558     DEBUG main            r.s.KeYCrossReferenceSourceInfo Dynamically created class: java.io.Closeable 
396007     DEBUG main            d.u.i.k.p.i.AbstractProblemLoader Init config took 2.47s 
396021     INFO  main            d.u.i.k.p.i.AbstractProblemLoader Replaying proof reverseArray2.key 
396023     DEBUG main            d.u.i.k.p.i.IntermediateProofReplayer Proof replay took 37.9ns 
397359     INFO  main            d.u.i.k.p.r.p.TestFile    ... finished proof: closed. 
397844     INFO  main            d.u.i.k.p.i.AbstractProblemLoader Loading environment from /home/runner/work/key/key/key.core/../key.ui/examples/standard_key/java_dl/reverseArray2.key.proof 
397844     DEBUG main            d.u.i.k.p.i.AbstractProblemLoader Environment load took 72ns 
397845     INFO  main            d.u.i.k.p.i.AbstractProblemLoader Creating init config 
397863     WARN  main            d.u.i.k.j.r.KeYCrossReferenceNameInfo Datatype java.lang.System declared twice: Once in FILE:/home/runner/work/key/key/key.core/../key.ui/examples/standard_key/java_dl/classpath/System.java and once in URL:file:/home/runner/work/key/key/key.core/build/resources/main/de/uka/ilkd/key/java/JavaRedux/java/lang/System.java, Keeping one from URL:file:/home/runner/work/key/key/key.core/build/resources/main/de/uka/ilkd/key/java/JavaRedux/java/lang/System.java 
397863     WARN  main            d.u.i.k.j.r.KeYCrossReferenceNameInfo Datatype java.io.PrintStream declared twice: Once in FILE:/home/runner/work/key/key/key.core/../key.ui/examples/standard_key/java_dl/classpath/PrintStream.java and once in URL:file:/home/runner/work/key/key/key.core/build/resources/main/de/uka/ilkd/key/java/JavaRedux/java/io/PrintStream.java, Keeping one from URL:file:/home/runner/work/key/key/key.core/build/resources/main/de/uka/ilkd/key/java/JavaRedux/java/io/PrintStream.java 
397863     WARN  main            d.u.i.k.j.r.KeYCrossReferenceNameInfo Datatype java.io.InputStream declared twice: Once in FILE:/home/runner/work/key/key/key.core/../key.ui/examples/standard_key/java_dl/classpath/InputStream.java and once in URL:file:/home/runner/work/key/key/key.core/build/resources/main/de/uka/ilkd/key/java/JavaRedux/java/io/InputStream.java, Keeping one from URL:file:/home/runner/work/key/key/key.core/build/resources/main/de/uka/ilkd/key/java/JavaRedux/java/io/InputStream.java 
397866     DEBUG main            d.u.i.k.j.r.ClassFileDeclarationBuilder Parsing: package java.io; public class Closeable { } 
397866     DEBUG main            r.s.KeYCrossReferenceSourceInfo Dynamically created class: java.io.Closeable 
400166     DEBUG main            d.u.i.k.p.i.AbstractProblemLoader Init config took 2.32s 
400180     INFO  main            d.u.i.k.p.i.AbstractProblemLoader Replaying proof reverseArray2.key.proof 
400326     DEBUG main            d.u.i.k.p.i.IntermediateProofReplayer Proof replay took 141.89ms 
400328     DEBUG main            d.u.i.k.p.r.p.TestFile    ... success: reloaded. 
400328     INFO  main            d.u.i.k.p.r.p.TestFile    Now processing file /home/runner/work/key/key/key.core/../key.ui/examples/standard_key/java_dl/simpleAssignment.key 
400329     INFO  main            d.u.i.k.p.i.AbstractProblemLoader Loading environment from /home/runner/work/key/key/key.core/../key.ui/examples/standard_key/java_dl/simpleAssignment.key 
400329     DEBUG main            d.u.i.k.p.i.AbstractProblemLoader Environment load took 43ns 
400329     INFO  main            d.u.i.k.p.i.AbstractProblemLoader Creating init config 
402567     DEBUG main            d.u.i.k.p.i.AbstractProblemLoader Init config took 2.24s 
402579     INFO  main            d.u.i.k.p.i.AbstractProblemLoader Replaying proof simpleAssignment.key 
402580     DEBUG main            d.u.i.k.p.i.IntermediateProofReplayer Proof replay took 2.6ns 
402681     INFO  main            d.u.i.k.p.r.p.TestFile    ... finished proof: closed. 
403132     INFO  main            d.u.i.k.p.i.AbstractProblemLoader Loading environment from /home/runner/work/key/key/key.core/../key.ui/examples/standard_key/java_dl/simpleAssignment.key.proof 
403132     DEBUG main            d.u.i.k.p.i.AbstractProblemLoader Environment load took 68.7ns 
403132     INFO  main            d.u.i.k.p.i.AbstractProblemLoader Creating init config 
405342     DEBUG main            d.u.i.k.p.i.AbstractProblemLoader Init config took 2.21s 
405365     INFO  main            d.u.i.k.p.i.AbstractProblemLoader Replaying proof simpleAssignment.key.proof 
405367     DEBUG main            d.u.i.k.p.i.IntermediateProofReplayer Proof replay took 526.1ns 
405368     DEBUG main            d.u.i.k.p.r.p.TestFile    ... success: reloaded. 
405368     INFO  main            d.u.i.k.p.r.p.TestFile    Now processing file /home/runner/work/key/key/key.core/../key.ui/examples/standard_key/java_dl/simpleAssignment2.key 
405369     INFO  main            d.u.i.k.p.i.AbstractProblemLoader Loading environment from /home/runner/work/key/key/key.core/../key.ui/examples/standard_key/java_dl/simpleAssignment2.key 
405369     DEBUG main            d.u.i.k.p.i.AbstractProblemLoader Environment load took 135.4ns 
405370     INFO  main            d.u.i.k.p.i.AbstractProblemLoader Creating init config 
407608     DEBUG main            d.u.i.k.p.i.AbstractProblemLoader Init config took 2.24s 
407621     INFO  main            d.u.i.k.p.i.AbstractProblemLoader Replaying proof simpleAssignment2.key 
407622     DEBUG main            d.u.i.k.p.i.IntermediateProofReplayer Proof replay took 2.3ns 
407724     INFO  main            d.u.i.k.p.r.p.TestFile    ... finished proof: closed. 
408142     INFO  main            d.u.i.k.p.i.AbstractProblemLoader Loading environment from /home/runner/work/key/key/key.core/../key.ui/examples/standard_key/java_dl/simpleAssignment2.key.proof 
408142     DEBUG main            d.u.i.k.p.i.AbstractProblemLoader Environment load took 74.2ns 
408143     INFO  main            d.u.i.k.p.i.AbstractProblemLoader Creating init config 
410343     DEBUG main            d.u.i.k.p.i.AbstractProblemLoader Init config took 2.2s 
410355     INFO  main            d.u.i.k.p.i.AbstractProblemLoader Replaying proof simpleAssignment2.key.proof 
410356     DEBUG main            d.u.i.k.p.i.IntermediateProofReplayer Proof replay took 326.6ns 
410357     DEBUG main            d.u.i.k.p.r.p.TestFile    ... success: reloaded. 
410357     INFO  main            d.u.i.k.p.r.p.TestFile    Now processing file /home/runner/work/key/key/key.core/../key.ui/examples/standard_key/java_dl/splittingWithQueries.key 
410357     INFO  main            d.u.i.k.p.i.AbstractProblemLoader Loading environment from /home/runner/work/key/key/key.core/../key.ui/examples/standard_key/java_dl/splittingWithQueries.key 
410357     DEBUG main            d.u.i.k.p.i.AbstractProblemLoader Environment load took 46.5ns 
410358     INFO  main            d.u.i.k.p.i.AbstractProblemLoader Creating init config 
412637     DEBUG main            d.u.i.k.p.i.AbstractProblemLoader Init config took 2.28s 
412649     INFO  main            d.u.i.k.p.i.AbstractProblemLoader Replaying proof splittingWithQueries.key 
412650     DEBUG main            d.u.i.k.p.i.IntermediateProofReplayer Proof replay took 2.4ns 
412752     INFO  main            d.u.i.k.p.r.p.TestFile    ... finished proof: closed. 
413183     INFO  main            d.u.i.k.p.i.AbstractProblemLoader Loading environment from /home/runner/work/key/key/key.core/../key.ui/examples/standard_key/java_dl/splittingWithQueries.key.proof 
413183     DEBUG main            d.u.i.k.p.i.AbstractProblemLoader Environment load took 63.5ns 
413184     INFO  main            d.u.i.k.p.i.AbstractProblemLoader Creating init config 
415451     DEBUG main            d.u.i.k.p.i.AbstractProblemLoader Init config took 2.27s 
415463     INFO  main            d.u.i.k.p.i.AbstractProblemLoader Replaying proof splittingWithQueries.key.proof 
415466     DEBUG main            d.u.i.k.p.i.IntermediateProofReplayer Proof replay took 1.13ms 
415467     DEBUG main            d.u.i.k.p.r.p.TestFile    ... success: reloaded. 
415467     INFO  main            d.u.i.k.p.r.p.TestFile    Now processing file /home/runner/work/key/key/key.core/../key.ui/examples/standard_key/java_dl/strassen/strassen.key 
415468     INFO  main            d.u.i.k.p.i.AbstractProblemLoader Loading environment from /home/runner/work/key/key/key.core/../key.ui/examples/standard_key/java_dl/strassen/strassen.key 
415468     DEBUG main            d.u.i.k.p.i.AbstractProblemLoader Environment load took 53.3ns 
415468     INFO  main            d.u.i.k.p.i.AbstractProblemLoader Creating init config 
417836     DEBUG main            d.u.i.k.p.i.AbstractProblemLoader Init config took 2.37s 
417868     INFO  main            d.u.i.k.p.i.AbstractProblemLoader Replaying proof Matrix22[Matrix22::strassen(Matrix22,Matrix22)].JML normal_behavior operation contract.0 
417869     DEBUG main            d.u.i.k.p.i.IntermediateProofReplayer Proof replay took 2.4ns 
422316     INFO  main            d.u.i.k.p.r.p.TestFile    ... finished proof: closed. 
422870     INFO  main            d.u.i.k.p.i.AbstractProblemLoader Loading environment from /home/runner/work/key/key/key.core/../key.ui/examples/standard_key/java_dl/strassen/strassen.key.proof 
422870     DEBUG main            d.u.i.k.p.i.AbstractProblemLoader Environment load took 73.8ns 
422871     INFO  main            d.u.i.k.p.i.AbstractProblemLoader Creating init config 
425215     DEBUG main            d.u.i.k.p.i.AbstractProblemLoader Init config took 2.34s 
425247     INFO  main            d.u.i.k.p.i.AbstractProblemLoader Replaying proof Matrix22[Matrix22::strassen(Matrix22,Matrix22)].JML normal_behavior operation contract.0 
425608     DEBUG main            d.u.i.k.p.i.IntermediateProofReplayer Proof replay took 352.13ms 
425609     DEBUG main            d.u.i.k.p.r.p.TestFile    ... success: reloaded. 
425610     INFO  main            d.u.i.k.p.r.p.TestFile    Now processing file /home/runner/work/key/key/key.core/../key.ui/examples/standard_key/java_dl/symmArray.key 
425610     INFO  main            d.u.i.k.p.i.AbstractProblemLoader Loading environment from /home/runner/work/key/key/key.core/../key.ui/examples/standard_key/java_dl/symmArray.key 
425610     DEBUG main            d.u.i.k.p.i.AbstractProblemLoader Environment load took 63.4ns 
425613     INFO  main            d.u.i.k.p.i.AbstractProblemLoader Creating init config 
428014     DEBUG main            d.u.i.k.p.i.AbstractProblemLoader Init config took 2.4s 
428028     INFO  main            d.u.i.k.p.i.AbstractProblemLoader Replaying proof symmArray.key 
428029     DEBUG main            d.u.i.k.p.i.IntermediateProofReplayer Proof replay took 2.4ns 
502374     INFO  main            d.u.i.k.p.r.p.TestFile    ... finished proof: closed. 
502926     INFO  main            d.u.i.k.p.i.AbstractProblemLoader Loading environment from /home/runner/work/key/key/key.core/../key.ui/examples/standard_key/java_dl/symmArray.key.proof 
502926     DEBUG main            d.u.i.k.p.i.AbstractProblemLoader Environment load took 125.4ns 
502930     INFO  main            d.u.i.k.p.i.AbstractProblemLoader Creating init config 
505253     DEBUG main            d.u.i.k.p.i.AbstractProblemLoader Init config took 2.32s 
505268     INFO  main            d.u.i.k.p.i.AbstractProblemLoader Replaying proof symmArray.key.proof 
506036     DEBUG main            d.u.i.k.p.i.IntermediateProofReplayer Proof replay took 719.17ms 
506041     DEBUG main            d.u.i.k.p.r.p.TestFile    ... success: reloaded. 
506041     INFO  main            d.u.i.k.p.r.p.TestFile    Now processing file /home/runner/work/key/key/key.core/../key.ui/examples/standard_key/java_dl/testcontext.key 
506042     INFO  main            d.u.i.k.p.i.AbstractProblemLoader Loading environment from /home/runner/work/key/key/key.core/../key.ui/examples/standard_key/java_dl/testcontext.key 
506042     DEBUG main            d.u.i.k.p.i.AbstractProblemLoader Environment load took 63.8ns 
506042     INFO  main            d.u.i.k.p.i.AbstractProblemLoader Creating init config 
506060     WARN  main            d.u.i.k.j.r.KeYCrossReferenceNameInfo Datatype java.lang.System declared twice: Once in FILE:/home/runner/work/key/key/key.core/../key.ui/examples/standard_key/java_dl/classpath/System.java and once in URL:file:/home/runner/work/key/key/key.core/build/resources/main/de/uka/ilkd/key/java/JavaRedux/java/lang/System.java, Keeping one from URL:file:/home/runner/work/key/key/key.core/build/resources/main/de/uka/ilkd/key/java/JavaRedux/java/lang/System.java 
506060     WARN  main            d.u.i.k.j.r.KeYCrossReferenceNameInfo Datatype java.io.PrintStream declared twice: Once in FILE:/home/runner/work/key/key/key.core/../key.ui/examples/standard_key/java_dl/classpath/PrintStream.java and once in URL:file:/home/runner/work/key/key/key.core/build/resources/main/de/uka/ilkd/key/java/JavaRedux/java/io/PrintStream.java, Keeping one from URL:file:/home/runner/work/key/key/key.core/build/resources/main/de/uka/ilkd/key/java/JavaRedux/java/io/PrintStream.java 
506060     WARN  main            d.u.i.k.j.r.KeYCrossReferenceNameInfo Datatype java.io.InputStream declared twice: Once in FILE:/home/runner/work/key/key/key.core/../key.ui/examples/standard_key/java_dl/classpath/InputStream.java and once in URL:file:/home/runner/work/key/key/key.core/build/resources/main/de/uka/ilkd/key/java/JavaRedux/java/io/InputStream.java, Keeping one from URL:file:/home/runner/work/key/key/key.core/build/resources/main/de/uka/ilkd/key/java/JavaRedux/java/io/InputStream.java 
506063     DEBUG main            d.u.i.k.j.r.ClassFileDeclarationBuilder Parsing: package java.io; public class Closeable { } 
506063     DEBUG main            r.s.KeYCrossReferenceSourceInfo Dynamically created class: java.io.Closeable 
508483     DEBUG main            d.u.i.k.p.i.AbstractProblemLoader Init config took 2.44s 
508496     INFO  main            d.u.i.k.p.i.AbstractProblemLoader Replaying proof testcontext.key 
508497     DEBUG main            d.u.i.k.p.i.IntermediateProofReplayer Proof replay took 2.6ns 
508799     INFO  main            d.u.i.k.p.r.p.TestFile    ... finished proof: closed. 
509359     INFO  main            d.u.i.k.p.i.AbstractProblemLoader Loading environment from /home/runner/work/key/key/key.core/../key.ui/examples/standard_key/java_dl/testcontext.key.proof 
509359     DEBUG main            d.u.i.k.p.i.AbstractProblemLoader Environment load took 85ns 
509360     INFO  main            d.u.i.k.p.i.AbstractProblemLoader Creating init config 
509378     WARN  main            d.u.i.k.j.r.KeYCrossReferenceNameInfo Datatype java.lang.System declared twice: Once in FILE:/home/runner/work/key/key/key.core/../key.ui/examples/standard_key/java_dl/classpath/System.java and once in URL:file:/home/runner/work/key/key/key.core/build/resources/main/de/uka/ilkd/key/java/JavaRedux/java/lang/System.java, Keeping one from URL:file:/home/runner/work/key/key/key.core/build/resources/main/de/uka/ilkd/key/java/JavaRedux/java/lang/System.java 
509378     WARN  main            d.u.i.k.j.r.KeYCrossReferenceNameInfo Datatype java.io.PrintStream declared twice: Once in FILE:/home/runner/work/key/key/key.core/../key.ui/examples/standard_key/java_dl/classpath/PrintStream.java and once in URL:file:/home/runner/work/key/key/key.core/build/resources/main/de/uka/ilkd/key/java/JavaRedux/java/io/PrintStream.java, Keeping one from URL:file:/home/runner/work/key/key/key.core/build/resources/main/de/uka/ilkd/key/java/JavaRedux/java/io/PrintStream.java 
509378     WARN  main            d.u.i.k.j.r.KeYCrossReferenceNameInfo Datatype java.io.InputStream declared twice: Once in FILE:/home/runner/work/key/key/key.core/../key.ui/examples/standard_key/java_dl/classpath/InputStream.java and once in URL:file:/home/runner/work/key/key/key.core/build/resources/main/de/uka/ilkd/key/java/JavaRedux/java/io/InputStream.java, Keeping one from URL:file:/home/runner/work/key/key/key.core/build/resources/main/de/uka/ilkd/key/java/JavaRedux/java/io/InputStream.java 
509381     DEBUG main            d.u.i.k.j.r.ClassFileDeclarationBuilder Parsing: package java.io; public class Closeable { } 
509381     DEBUG main            r.s.KeYCrossReferenceSourceInfo Dynamically created class: java.io.Closeable 
511604     DEBUG main            d.u.i.k.p.i.AbstractProblemLoader Init config took 2.24s 
511617     INFO  main            d.u.i.k.p.i.AbstractProblemLoader Replaying proof testcontext.key.proof 
511654     DEBUG main            d.u.i.k.p.i.IntermediateProofReplayer Proof replay took 35.4ms 
511655     DEBUG main            d.u.i.k.p.r.p.TestFile    ... success: reloaded. 
511656     INFO  main            d.u.i.k.p.r.p.TestFile    Now processing file /home/runner/work/key/key/key.core/../key.ui/examples/standard_key/staticInitialisation/cascadeStaticInitialisation.key 
511656     INFO  main            d.u.i.k.p.i.AbstractProblemLoader Loading environment from /home/runner/work/key/key/key.core/../key.ui/examples/standard_key/staticInitialisation/cascadeStaticInitialisation.key 
511656     DEBUG main            d.u.i.k.p.i.AbstractProblemLoader Environment load took 38.8ns 
511658     INFO  main            d.u.i.k.p.i.AbstractProblemLoader Creating init config 
511675     WARN  main            d.u.i.k.j.r.KeYCrossReferenceNameInfo Datatype java.lang.System declared twice: Once in FILE:/home/runner/work/key/key/key.core/../key.ui/examples/standard_key/staticInitialisation/classpath/System.java and once in URL:file:/home/runner/work/key/key/key.core/build/resources/main/de/uka/ilkd/key/java/JavaRedux/java/lang/System.java, Keeping one from URL:file:/home/runner/work/key/key/key.core/build/resources/main/de/uka/ilkd/key/java/JavaRedux/java/lang/System.java 
511675     WARN  main            d.u.i.k.j.r.KeYCrossReferenceNameInfo Datatype java.io.PrintStream declared twice: Once in FILE:/home/runner/work/key/key/key.core/../key.ui/examples/standard_key/staticInitialisation/classpath/PrintStream.java and once in URL:file:/home/runner/work/key/key/key.core/build/resources/main/de/uka/ilkd/key/java/JavaRedux/java/io/PrintStream.java, Keeping one from URL:file:/home/runner/work/key/key/key.core/build/resources/main/de/uka/ilkd/key/java/JavaRedux/java/io/PrintStream.java 
514042     DEBUG main            d.u.i.k.p.i.AbstractProblemLoader Init config took 2.38s 
514055     INFO  main            d.u.i.k.p.i.AbstractProblemLoader Replaying proof cascadeStaticInitialisation.key 
514056     DEBUG main            d.u.i.k.p.i.IntermediateProofReplayer Proof replay took 2.3ns 
514661     INFO  main            d.u.i.k.p.r.p.TestFile    ... finished proof: closed. 
515142     INFO  main            d.u.i.k.p.i.AbstractProblemLoader Loading environment from /home/runner/work/key/key/key.core/../key.ui/examples/standard_key/staticInitialisation/cascadeStaticInitialisation.key.proof 
515143     DEBUG main            d.u.i.k.p.i.AbstractProblemLoader Environment load took 71.8ns 
515144     INFO  main            d.u.i.k.p.i.AbstractProblemLoader Creating init config 
515166     WARN  main            d.u.i.k.j.r.KeYCrossReferenceNameInfo Datatype java.lang.System declared twice: Once in FILE:/home/runner/work/key/key/key.core/../key.ui/examples/standard_key/staticInitialisation/classpath/System.java and once in URL:file:/home/runner/work/key/key/key.core/build/resources/main/de/uka/ilkd/key/java/JavaRedux/java/lang/System.java, Keeping one from URL:file:/home/runner/work/key/key/key.core/build/resources/main/de/uka/ilkd/key/java/JavaRedux/java/lang/System.java 
515166     WARN  main            d.u.i.k.j.r.KeYCrossReferenceNameInfo Datatype java.io.PrintStream declared twice: Once in FILE:/home/runner/work/key/key/key.core/../key.ui/examples/standard_key/staticInitialisation/classpath/PrintStream.java and once in URL:file:/home/runner/work/key/key/key.core/build/resources/main/de/uka/ilkd/key/java/JavaRedux/java/io/PrintStream.java, Keeping one from URL:file:/home/runner/work/key/key/key.core/build/resources/main/de/uka/ilkd/key/java/JavaRedux/java/io/PrintStream.java 
517398     DEBUG main            d.u.i.k.p.i.AbstractProblemLoader Init config took 2.25s 
517412     INFO  main            d.u.i.k.p.i.AbstractProblemLoader Replaying proof cascadeStaticInitialisation.key.proof 
517513     DEBUG main            d.u.i.k.p.i.IntermediateProofReplayer Proof replay took 99.16ms 
517515     DEBUG main            d.u.i.k.p.r.p.TestFile    ... success: reloaded. 
517516     INFO  main            d.u.i.k.p.r.p.TestFile    Now processing file /home/runner/work/key/key/key.core/../key.ui/examples/standard_key/staticInitialisation/erroneousClassImpliesErroneousSubclass.key 
517516     INFO  main            d.u.i.k.p.i.AbstractProblemLoader Loading environment from /home/runner/work/key/key/key.core/../key.ui/examples/standard_key/staticInitialisation/erroneousClassImpliesErroneousSubclass.key 
517516     DEBUG main            d.u.i.k.p.i.AbstractProblemLoader Environment load took 142.4ns 
517517     INFO  main            d.u.i.k.p.i.AbstractProblemLoader Creating init config 
517534     WARN  main            d.u.i.k.j.r.KeYCrossReferenceNameInfo Datatype java.lang.System declared twice: Once in FILE:/home/runner/work/key/key/key.core/../key.ui/examples/standard_key/staticInitialisation/classpath/System.java and once in URL:file:/home/runner/work/key/key/key.core/build/resources/main/de/uka/ilkd/key/java/JavaRedux/java/lang/System.java, Keeping one from URL:file:/home/runner/work/key/key/key.core/build/resources/main/de/uka/ilkd/key/java/JavaRedux/java/lang/System.java 
517534     WARN  main            d.u.i.k.j.r.KeYCrossReferenceNameInfo Datatype java.io.PrintStream declared twice: Once in FILE:/home/runner/work/key/key/key.core/../key.ui/examples/standard_key/staticInitialisation/classpath/PrintStream.java and once in URL:file:/home/runner/work/key/key/key.core/build/resources/main/de/uka/ilkd/key/java/JavaRedux/java/io/PrintStream.java, Keeping one from URL:file:/home/runner/work/key/key/key.core/build/resources/main/de/uka/ilkd/key/java/JavaRedux/java/io/PrintStream.java 
519806     DEBUG main            d.u.i.k.p.i.AbstractProblemLoader Init config took 2.29s 
519818     INFO  main            d.u.i.k.p.i.AbstractProblemLoader Replaying proof erroneousClassImpliesErroneousSubclass.key 
519819     DEBUG main            d.u.i.k.p.i.IntermediateProofReplayer Proof replay took 2.5ns 
519920     INFO  main            d.u.i.k.p.r.p.TestFile    ... finished proof: closed. 
520402     INFO  main            d.u.i.k.p.i.AbstractProblemLoader Loading environment from /home/runner/work/key/key/key.core/../key.ui/examples/standard_key/staticInitialisation/erroneousClassImpliesErroneousSubclass.key.proof 
520402     DEBUG main            d.u.i.k.p.i.AbstractProblemLoader Environment load took 64.6ns 
520403     INFO  main            d.u.i.k.p.i.AbstractProblemLoader Creating init config 
520423     WARN  main            d.u.i.k.j.r.KeYCrossReferenceNameInfo Datatype java.lang.System declared twice: Once in FILE:/home/runner/work/key/key/key.core/../key.ui/examples/standard_key/staticInitialisation/classpath/System.java and once in URL:file:/home/runner/work/key/key/key.core/build/resources/main/de/uka/ilkd/key/java/JavaRedux/java/lang/System.java, Keeping one from URL:file:/home/runner/work/key/key/key.core/build/resources/main/de/uka/ilkd/key/java/JavaRedux/java/lang/System.java 
520423     WARN  main            d.u.i.k.j.r.KeYCrossReferenceNameInfo Datatype java.io.PrintStream declared twice: Once in FILE:/home/runner/work/key/key/key.core/../key.ui/examples/standard_key/staticInitialisation/classpath/PrintStream.java and once in URL:file:/home/runner/work/key/key/key.core/build/resources/main/de/uka/ilkd/key/java/JavaRedux/java/io/PrintStream.java, Keeping one from URL:file:/home/runner/work/key/key/key.core/build/resources/main/de/uka/ilkd/key/java/JavaRedux/java/io/PrintStream.java 
522729     DEBUG main            d.u.i.k.p.i.AbstractProblemLoader Init config took 2.33s 
522741     INFO  main            d.u.i.k.p.i.AbstractProblemLoader Replaying proof erroneousClassImpliesErroneousSubclass.key.proof 
522743     DEBUG main            d.u.i.k.p.i.IntermediateProofReplayer Proof replay took 398.3ns 
522743     DEBUG main            d.u.i.k.p.r.p.TestFile    ... success: reloaded. 
522744     INFO  main            d.u.i.k.p.r.p.TestFile    Now processing file /home/runner/work/key/key/key.core/../key.ui/examples/standard_key/staticInitialisation/initializedSubclassImpliesInitializedSuperclass.key 
522746     INFO  main            d.u.i.k.p.i.AbstractProblemLoader Loading environment from /home/runner/work/key/key/key.core/../key.ui/examples/standard_key/staticInitialisation/initializedSubclassImpliesInitializedSuperclass.key 
522747     DEBUG main            d.u.i.k.p.i.AbstractProblemLoader Environment load took 1.2ms 
522749     INFO  main            d.u.i.k.p.i.AbstractProblemLoader Creating init config 
522766     WARN  main            d.u.i.k.j.r.KeYCrossReferenceNameInfo Datatype java.lang.System declared twice: Once in FILE:/home/runner/work/key/key/key.core/../key.ui/examples/standard_key/staticInitialisation/classpath/System.java and once in URL:file:/home/runner/work/key/key/key.core/build/resources/main/de/uka/ilkd/key/java/JavaRedux/java/lang/System.java, Keeping one from URL:file:/home/runner/work/key/key/key.core/build/resources/main/de/uka/ilkd/key/java/JavaRedux/java/lang/System.java 
522766     WARN  main            d.u.i.k.j.r.KeYCrossReferenceNameInfo Datatype java.io.PrintStream declared twice: Once in FILE:/home/runner/work/key/key/key.core/../key.ui/examples/standard_key/staticInitialisation/classpath/PrintStream.java and once in URL:file:/home/runner/work/key/key/key.core/build/resources/main/de/uka/ilkd/key/java/JavaRedux/java/io/PrintStream.java, Keeping one from URL:file:/home/runner/work/key/key/key.core/build/resources/main/de/uka/ilkd/key/java/JavaRedux/java/io/PrintStream.java 
525103     DEBUG main            d.u.i.k.p.i.AbstractProblemLoader Init config took 2.35s 
525115     INFO  main            d.u.i.k.p.i.AbstractProblemLoader Replaying proof initializedSubclassImpliesInitializedSuperclass.key 
525116     DEBUG main            d.u.i.k.p.i.IntermediateProofReplayer Proof replay took 2.6ns 
525217     INFO  main            d.u.i.k.p.r.p.TestFile    ... finished proof: closed. 
525672     INFO  main            d.u.i.k.p.i.AbstractProblemLoader Loading environment from /home/runner/work/key/key/key.core/../key.ui/examples/standard_key/staticInitialisation/initializedSubclassImpliesInitializedSuperclass.key.proof 
525672     DEBUG main            d.u.i.k.p.i.AbstractProblemLoader Environment load took 61.8ns 
525673     INFO  main            d.u.i.k.p.i.AbstractProblemLoader Creating init config 
525690     WARN  main            d.u.i.k.j.r.KeYCrossReferenceNameInfo Datatype java.lang.System declared twice: Once in FILE:/home/runner/work/key/key/key.core/../key.ui/examples/standard_key/staticInitialisation/classpath/System.java and once in URL:file:/home/runner/work/key/key/key.core/build/resources/main/de/uka/ilkd/key/java/JavaRedux/java/lang/System.java, Keeping one from URL:file:/home/runner/work/key/key/key.core/build/resources/main/de/uka/ilkd/key/java/JavaRedux/java/lang/System.java 
525690     WARN  main            d.u.i.k.j.r.KeYCrossReferenceNameInfo Datatype java.io.PrintStream declared twice: Once in FILE:/home/runner/work/key/key/key.core/../key.ui/examples/standard_key/staticInitialisation/classpath/PrintStream.java and once in URL:file:/home/runner/work/key/key/key.core/build/resources/main/de/uka/ilkd/key/java/JavaRedux/java/io/PrintStream.java, Keeping one from URL:file:/home/runner/work/key/key/key.core/build/resources/main/de/uka/ilkd/key/java/JavaRedux/java/io/PrintStream.java 
527922     DEBUG main            d.u.i.k.p.i.AbstractProblemLoader Init config took 2.25s 
527934     INFO  main            d.u.i.k.p.i.AbstractProblemLoader Replaying proof initializedSubclassImpliesInitializedSuperclass.key.proof 
527935     DEBUG main            d.u.i.k.p.i.IntermediateProofReplayer Proof replay took 287.3ns 
527936     DEBUG main            d.u.i.k.p.r.p.TestFile    ... success: reloaded. 
527936     INFO  main            d.u.i.k.p.r.p.TestFile    Now processing file /home/runner/work/key/key/key.core/../key.ui/examples/standard_key/staticInitialisation/localDeclared.key 
527936     INFO  main            d.u.i.k.p.i.AbstractProblemLoader Loading environment from /home/runner/work/key/key/key.core/../key.ui/examples/standard_key/staticInitialisation/localDeclared.key 
527937     DEBUG main            d.u.i.k.p.i.AbstractProblemLoader Environment load took 59ns 
527938     INFO  main            d.u.i.k.p.i.AbstractProblemLoader Creating init config 
527954     WARN  main            d.u.i.k.j.r.KeYCrossReferenceNameInfo Datatype java.lang.System declared twice: Once in FILE:/home/runner/work/key/key/key.core/../key.ui/examples/standard_key/staticInitialisation/classpath/System.java and once in URL:file:/home/runner/work/key/key/key.core/build/resources/main/de/uka/ilkd/key/java/JavaRedux/java/lang/System.java, Keeping one from URL:file:/home/runner/work/key/key/key.core/build/resources/main/de/uka/ilkd/key/java/JavaRedux/java/lang/System.java 
527954     WARN  main            d.u.i.k.j.r.KeYCrossReferenceNameInfo Datatype java.io.PrintStream declared twice: Once in FILE:/home/runner/work/key/key/key.core/../key.ui/examples/standard_key/staticInitialisation/classpath/PrintStream.java and once in URL:file:/home/runner/work/key/key/key.core/build/resources/main/de/uka/ilkd/key/java/JavaRedux/java/io/PrintStream.java, Keeping one from URL:file:/home/runner/work/key/key/key.core/build/resources/main/de/uka/ilkd/key/java/JavaRedux/java/io/PrintStream.java 
530219     DEBUG main            d.u.i.k.p.i.AbstractProblemLoader Init config took 2.28s 
530232     INFO  main            d.u.i.k.p.i.AbstractProblemLoader Replaying proof localDeclared.key 
530232     DEBUG main            d.u.i.k.p.i.IntermediateProofReplayer Proof replay took 2.7ns 
530535     INFO  main            d.u.i.k.p.r.p.TestFile    ... finished proof: closed. 
531016     INFO  main            d.u.i.k.p.i.AbstractProblemLoader Loading environment from /home/runner/work/key/key/key.core/../key.ui/examples/standard_key/staticInitialisation/localDeclared.key.proof 
531016     DEBUG main            d.u.i.k.p.i.AbstractProblemLoader Environment load took 69.3ns 
531017     INFO  main            d.u.i.k.p.i.AbstractProblemLoader Creating init config 
531036     WARN  main            d.u.i.k.j.r.KeYCrossReferenceNameInfo Datatype java.lang.System declared twice: Once in FILE:/home/runner/work/key/key/key.core/../key.ui/examples/standard_key/staticInitialisation/classpath/System.java and once in URL:file:/home/runner/work/key/key/key.core/build/resources/main/de/uka/ilkd/key/java/JavaRedux/java/lang/System.java, Keeping one from URL:file:/home/runner/work/key/key/key.core/build/resources/main/de/uka/ilkd/key/java/JavaRedux/java/lang/System.java 
531037     WARN  main            d.u.i.k.j.r.KeYCrossReferenceNameInfo Datatype java.io.PrintStream declared twice: Once in FILE:/home/runner/work/key/key/key.core/../key.ui/examples/standard_key/staticInitialisation/classpath/PrintStream.java and once in URL:file:/home/runner/work/key/key/key.core/build/resources/main/de/uka/ilkd/key/java/JavaRedux/java/io/PrintStream.java, Keeping one from URL:file:/home/runner/work/key/key/key.core/build/resources/main/de/uka/ilkd/key/java/JavaRedux/java/io/PrintStream.java 
533272     DEBUG main            d.u.i.k.p.i.AbstractProblemLoader Init config took 2.25s 
533284     INFO  main            d.u.i.k.p.i.AbstractProblemLoader Replaying proof localDeclared.key.proof 
533324     DEBUG main            d.u.i.k.p.i.IntermediateProofReplayer Proof replay took 38.41ms 
533325     DEBUG main            d.u.i.k.p.r.p.TestFile    ... success: reloaded. 
533326     INFO  main            d.u.i.k.p.r.p.TestFile    Now processing file /home/runner/work/key/key/key.core/../key.ui/examples/standard_key/staticInitialisation/localDeclaredMethod.key 
533326     INFO  main            d.u.i.k.p.i.AbstractProblemLoader Loading environment from /home/runner/work/key/key/key.core/../key.ui/examples/standard_key/staticInitialisation/localDeclaredMethod.key 
533326     DEBUG main            d.u.i.k.p.i.AbstractProblemLoader Environment load took 73.9ns 
533328     INFO  main            d.u.i.k.p.i.AbstractProblemLoader Creating init config 
533344     WARN  main            d.u.i.k.j.r.KeYCrossReferenceNameInfo Datatype java.lang.System declared twice: Once in FILE:/home/runner/work/key/key/key.core/../key.ui/examples/standard_key/staticInitialisation/classpath/System.java and once in URL:file:/home/runner/work/key/key/key.core/build/resources/main/de/uka/ilkd/key/java/JavaRedux/java/lang/System.java, Keeping one from URL:file:/home/runner/work/key/key/key.core/build/resources/main/de/uka/ilkd/key/java/JavaRedux/java/lang/System.java 
533345     WARN  main            d.u.i.k.j.r.KeYCrossReferenceNameInfo Datatype java.io.PrintStream declared twice: Once in FILE:/home/runner/work/key/key/key.core/../key.ui/examples/standard_key/staticInitialisation/classpath/PrintStream.java and once in URL:file:/home/runner/work/key/key/key.core/build/resources/main/de/uka/ilkd/key/java/JavaRedux/java/io/PrintStream.java, Keeping one from URL:file:/home/runner/work/key/key/key.core/build/resources/main/de/uka/ilkd/key/java/JavaRedux/java/io/PrintStream.java 
535686     DEBUG main            d.u.i.k.p.i.AbstractProblemLoader Init config took 2.36s 
535699     INFO  main            d.u.i.k.p.i.AbstractProblemLoader Replaying proof localDeclaredMethod.key 
535700     DEBUG main            d.u.i.k.p.i.IntermediateProofReplayer Proof replay took 2.2ns 
535902     INFO  main            d.u.i.k.p.r.p.TestFile    ... finished proof: closed. 
536400     INFO  main            d.u.i.k.p.i.AbstractProblemLoader Loading environment from /home/runner/work/key/key/key.core/../key.ui/examples/standard_key/staticInitialisation/localDeclaredMethod.key.proof 
536400     DEBUG main            d.u.i.k.p.i.AbstractProblemLoader Environment load took 80.5ns 
536401     INFO  main            d.u.i.k.p.i.AbstractProblemLoader Creating init config 
536418     WARN  main            d.u.i.k.j.r.KeYCrossReferenceNameInfo Datatype java.lang.System declared twice: Once in FILE:/home/runner/work/key/key/key.core/../key.ui/examples/standard_key/staticInitialisation/classpath/System.java and once in URL:file:/home/runner/work/key/key/key.core/build/resources/main/de/uka/ilkd/key/java/JavaRedux/java/lang/System.java, Keeping one from URL:file:/home/runner/work/key/key/key.core/build/resources/main/de/uka/ilkd/key/java/JavaRedux/java/lang/System.java 
536418     WARN  main            d.u.i.k.j.r.KeYCrossReferenceNameInfo Datatype java.io.PrintStream declared twice: Once in FILE:/home/runner/work/key/key/key.core/../key.ui/examples/standard_key/staticInitialisation/classpath/PrintStream.java and once in URL:file:/home/runner/work/key/key/key.core/build/resources/main/de/uka/ilkd/key/java/JavaRedux/java/io/PrintStream.java, Keeping one from URL:file:/home/runner/work/key/key/key.core/build/resources/main/de/uka/ilkd/key/java/JavaRedux/java/io/PrintStream.java 
538654     DEBUG main            d.u.i.k.p.i.AbstractProblemLoader Init config took 2.25s 
538666     INFO  main            d.u.i.k.p.i.AbstractProblemLoader Replaying proof localDeclaredMethod.key.proof 
538703     DEBUG main            d.u.i.k.p.i.IntermediateProofReplayer Proof replay took 35.54ms 
538704     DEBUG main            d.u.i.k.p.r.p.TestFile    ... success: reloaded. 
538705     INFO  main            d.u.i.k.p.r.p.TestFile    Now processing file /home/runner/work/key/key/key.core/../key.ui/examples/standard_key/staticInitialisation/objectOfErroneousClass.key 
538705     INFO  main            d.u.i.k.p.i.AbstractProblemLoader Loading environment from /home/runner/work/key/key/key.core/../key.ui/examples/standard_key/staticInitialisation/objectOfErroneousClass.key 
538705     DEBUG main            d.u.i.k.p.i.AbstractProblemLoader Environment load took 81.5ns 
538706     INFO  main            d.u.i.k.p.i.AbstractProblemLoader Creating init config 
538723     WARN  main            d.u.i.k.j.r.KeYCrossReferenceNameInfo Datatype java.lang.System declared twice: Once in FILE:/home/runner/work/key/key/key.core/../key.ui/examples/standard_key/staticInitialisation/classpath/System.java and once in URL:file:/home/runner/work/key/key/key.core/build/resources/main/de/uka/ilkd/key/java/JavaRedux/java/lang/System.java, Keeping one from URL:file:/home/runner/work/key/key/key.core/build/resources/main/de/uka/ilkd/key/java/JavaRedux/java/lang/System.java 
538723     WARN  main            d.u.i.k.j.r.KeYCrossReferenceNameInfo Datatype java.io.PrintStream declared twice: Once in FILE:/home/runner/work/key/key/key.core/../key.ui/examples/standard_key/staticInitialisation/classpath/PrintStream.java and once in URL:file:/home/runner/work/key/key/key.core/build/resources/main/de/uka/ilkd/key/java/JavaRedux/java/io/PrintStream.java, Keeping one from URL:file:/home/runner/work/key/key/key.core/build/resources/main/de/uka/ilkd/key/java/JavaRedux/java/io/PrintStream.java 
541003     DEBUG main            d.u.i.k.p.i.AbstractProblemLoader Init config took 2.3s 
541017     INFO  main            d.u.i.k.p.i.AbstractProblemLoader Replaying proof objectOfErroneousClass.key 
541019     DEBUG main            d.u.i.k.p.i.IntermediateProofReplayer Proof replay took 2.2ns 
552610     INFO  main            d.u.i.k.p.r.p.TestFile    ... finished proof: closed. 
553149     INFO  main            d.u.i.k.p.i.AbstractProblemLoader Loading environment from /home/runner/work/key/key/key.core/../key.ui/examples/standard_key/staticInitialisation/objectOfErroneousClass.key.proof 
553149     DEBUG main            d.u.i.k.p.i.AbstractProblemLoader Environment load took 284.8ns 
553155     INFO  main            d.u.i.k.p.i.AbstractProblemLoader Creating init config 
553172     WARN  main            d.u.i.k.j.r.KeYCrossReferenceNameInfo Datatype java.lang.System declared twice: Once in FILE:/home/runner/work/key/key/key.core/../key.ui/examples/standard_key/staticInitialisation/classpath/System.java and once in URL:file:/home/runner/work/key/key/key.core/build/resources/main/de/uka/ilkd/key/java/JavaRedux/java/lang/System.java, Keeping one from URL:file:/home/runner/work/key/key/key.core/build/resources/main/de/uka/ilkd/key/java/JavaRedux/java/lang/System.java 
553172     WARN  main            d.u.i.k.j.r.KeYCrossReferenceNameInfo Datatype java.io.PrintStream declared twice: Once in FILE:/home/runner/work/key/key/key.core/../key.ui/examples/standard_key/staticInitialisation/classpath/PrintStream.java and once in URL:file:/home/runner/work/key/key/key.core/build/resources/main/de/uka/ilkd/key/java/JavaRedux/java/io/PrintStream.java, Keeping one from URL:file:/home/runner/work/key/key/key.core/build/resources/main/de/uka/ilkd/key/java/JavaRedux/java/io/PrintStream.java 
555494     DEBUG main            d.u.i.k.p.i.AbstractProblemLoader Init config took 2.34s 
555507     INFO  main            d.u.i.k.p.i.AbstractProblemLoader Replaying proof objectOfErroneousClass.key.proof 
556836     DEBUG main            d.u.i.k.p.i.IntermediateProofReplayer Proof replay took 1.3s 
556839     DEBUG main            d.u.i.k.p.r.p.TestFile    ... success: reloaded. 
556840     INFO  main            d.u.i.k.p.r.p.TestFile    Now processing file /home/runner/work/key/key/key.core/../key.ui/examples/standard_key/staticInitialisation/staticInitialisersAreNonSimple.key 
556840     INFO  main            d.u.i.k.p.i.AbstractProblemLoader Loading environment from /home/runner/work/key/key/key.core/../key.ui/examples/standard_key/staticInitialisation/staticInitialisersAreNonSimple.key 
556840     DEBUG main            d.u.i.k.p.i.AbstractProblemLoader Environment load took 48.7ns 
556842     INFO  main            d.u.i.k.p.i.AbstractProblemLoader Creating init config 
556858     WARN  main            d.u.i.k.j.r.KeYCrossReferenceNameInfo Datatype java.lang.System declared twice: Once in FILE:/home/runner/work/key/key/key.core/../key.ui/examples/standard_key/staticInitialisation/classpath/System.java and once in URL:file:/home/runner/work/key/key/key.core/build/resources/main/de/uka/ilkd/key/java/JavaRedux/java/lang/System.java, Keeping one from URL:file:/home/runner/work/key/key/key.core/build/resources/main/de/uka/ilkd/key/java/JavaRedux/java/lang/System.java 
556859     WARN  main            d.u.i.k.j.r.KeYCrossReferenceNameInfo Datatype java.io.PrintStream declared twice: Once in FILE:/home/runner/work/key/key/key.core/../key.ui/examples/standard_key/staticInitialisation/classpath/PrintStream.java and once in URL:file:/home/runner/work/key/key/key.core/build/resources/main/de/uka/ilkd/key/java/JavaRedux/java/io/PrintStream.java, Keeping one from URL:file:/home/runner/work/key/key/key.core/build/resources/main/de/uka/ilkd/key/java/JavaRedux/java/io/PrintStream.java 
559176     DEBUG main            d.u.i.k.p.i.AbstractProblemLoader Init config took 2.33s 
559189     INFO  main            d.u.i.k.p.i.AbstractProblemLoader Replaying proof staticInitialisersAreNonSimple.key 
559190     DEBUG main            d.u.i.k.p.i.IntermediateProofReplayer Proof replay took 2.6ns 
559497     INFO  main            d.u.i.k.p.r.p.TestFile    ... finished proof: closed. 
560065     INFO  main            d.u.i.k.p.i.AbstractProblemLoader Loading environment from /home/runner/work/key/key/key.core/../key.ui/examples/standard_key/staticInitialisation/staticInitialisersAreNonSimple.key.proof 
560065     DEBUG main            d.u.i.k.p.i.AbstractProblemLoader Environment load took 66.1ns 
560067     INFO  main            d.u.i.k.p.i.AbstractProblemLoader Creating init config 
560084     WARN  main            d.u.i.k.j.r.KeYCrossReferenceNameInfo Datatype java.lang.System declared twice: Once in FILE:/home/runner/work/key/key/key.core/../key.ui/examples/standard_key/staticInitialisation/classpath/System.java and once in URL:file:/home/runner/work/key/key/key.core/build/resources/main/de/uka/ilkd/key/java/JavaRedux/java/lang/System.java, Keeping one from URL:file:/home/runner/work/key/key/key.core/build/resources/main/de/uka/ilkd/key/java/JavaRedux/java/lang/System.java 
560085     WARN  main            d.u.i.k.j.r.KeYCrossReferenceNameInfo Datatype java.io.PrintStream declared twice: Once in FILE:/home/runner/work/key/key/key.core/../key.ui/examples/standard_key/staticInitialisation/classpath/PrintStream.java and once in URL:file:/home/runner/work/key/key/key.core/build/resources/main/de/uka/ilkd/key/java/JavaRedux/java/io/PrintStream.java, Keeping one from URL:file:/home/runner/work/key/key/key.core/build/resources/main/de/uka/ilkd/key/java/JavaRedux/java/io/PrintStream.java 
562330     DEBUG main            d.u.i.k.p.i.AbstractProblemLoader Init config took 2.26s 
562343     INFO  main            d.u.i.k.p.i.AbstractProblemLoader Replaying proof staticInitialisersAreNonSimple.key.proof 
562409     DEBUG main            d.u.i.k.p.i.IntermediateProofReplayer Proof replay took 64.01ms 
562410     DEBUG main            d.u.i.k.p.r.p.TestFile    ... success: reloaded. 
562411     INFO  main            d.u.i.k.p.r.p.TestFile    Now processing file /home/runner/work/key/key/key.core/../key.ui/examples/standard_key/types/disjoint.key 
562411     INFO  main            d.u.i.k.p.i.AbstractProblemLoader Loading environment from /home/runner/work/key/key/key.core/../key.ui/examples/standard_key/types/disjoint.key 
562411     DEBUG main            d.u.i.k.p.i.AbstractProblemLoader Environment load took 74.6ns 
562412     INFO  main            d.u.i.k.p.i.AbstractProblemLoader Creating init config 
564660     DEBUG main            d.u.i.k.p.i.AbstractProblemLoader Init config took 2.25s 
564671     INFO  main            d.u.i.k.p.i.AbstractProblemLoader Replaying proof disjoint.key 
564672     DEBUG main            d.u.i.k.p.i.IntermediateProofReplayer Proof replay took 2.1ns 
564775     INFO  main            d.u.i.k.p.r.p.TestFile    ... finished proof: closed. 
565268     INFO  main            d.u.i.k.p.i.AbstractProblemLoader Loading environment from /home/runner/work/key/key/key.core/../key.ui/examples/standard_key/types/disjoint.key.proof 
565268     DEBUG main            d.u.i.k.p.i.AbstractProblemLoader Environment load took 92.3ns 
565269     INFO  main            d.u.i.k.p.i.AbstractProblemLoader Creating init config 
567462     DEBUG main            d.u.i.k.p.i.AbstractProblemLoader Init config took 2.19s 
567473     INFO  main            d.u.i.k.p.i.AbstractProblemLoader Replaying proof disjoint.key.proof 
567475     DEBUG main            d.u.i.k.p.i.IntermediateProofReplayer Proof replay took 258.4ns 
567475     DEBUG main            d.u.i.k.p.r.p.TestFile    ... success: reloaded. 
567476     INFO  main            d.u.i.k.p.r.p.TestFile    Now processing file /home/runner/work/key/key/key.core/../key.ui/examples/../../key.core/src/test/resources/testcase/classpath/classpath.key 
567476     INFO  main            d.u.i.k.p.i.AbstractProblemLoader Loading environment from /home/runner/work/key/key/key.core/../key.ui/examples/../../key.core/src/test/resources/testcase/classpath/classpath.key 
567476     DEBUG main            d.u.i.k.p.i.AbstractProblemLoader Environment load took 82.8ns 
567476     INFO  main            d.u.i.k.p.i.AbstractProblemLoader Creating init config 
567496     WARN  main            d.u.i.k.j.r.KeYCrossReferenceNameInfo Datatype cp.C declared twice: Once in FILE:/home/runner/work/key/key/key.core/../key.ui/examples/../../key.core/src/test/resources/testcase/classpath/classpath/C.class and once in FILE:/home/runner/work/key/key/key.core/../key.ui/examples/../../key.core/src/test/resources/testcase/classpath/classpath/C.jml, Keeping one from FILE:/home/runner/work/key/key/key.core/../key.ui/examples/../../key.core/src/test/resources/testcase/classpath/classpath/C.jml 
567499     DEBUG main            d.u.i.k.j.r.ClassFileDeclarationBuilder Parsing: package cp; public class Unresolved1 { } 
567499     DEBUG main            r.s.KeYCrossReferenceSourceInfo Dynamically created class: cp.Unresolved1 
567499     DEBUG main            d.u.i.k.j.r.ClassFileDeclarationBuilder Parsing: package cp; public class Unresolved2 { } 
567499     DEBUG main            r.s.KeYCrossReferenceSourceInfo Dynamically created class: cp.Unresolved2 
569852     DEBUG main            d.u.i.k.p.i.AbstractProblemLoader Init config took 2.38s 
569866     INFO  main            d.u.i.k.p.i.AbstractProblemLoader Replaying proof classpath.key 
569868     DEBUG main            d.u.i.k.p.i.IntermediateProofReplayer Proof replay took 2.4ns 
569972     INFO  main            d.u.i.k.p.r.p.TestFile    ... finished proof: closed. 
570469     INFO  main            d.u.i.k.p.i.AbstractProblemLoader Loading environment from /home/runner/work/key/key/key.core/../key.ui/examples/../../key.core/src/test/resources/testcase/classpath/classpath.key.proof 
570469     DEBUG main            d.u.i.k.p.i.AbstractProblemLoader Environment load took 66.2ns 
570470     INFO  main            d.u.i.k.p.i.AbstractProblemLoader Creating init config 
570492     WARN  main            d.u.i.k.j.r.KeYCrossReferenceNameInfo Datatype cp.C declared twice: Once in FILE:/home/runner/work/key/key/key.core/../key.ui/examples/../../key.core/src/test/resources/testcase/classpath/classpath/C.class and once in FILE:/home/runner/work/key/key/key.core/../key.ui/examples/../../key.core/src/test/resources/testcase/classpath/classpath/C.jml, Keeping one from FILE:/home/runner/work/key/key/key.core/../key.ui/examples/../../key.core/src/test/resources/testcase/classpath/classpath/C.jml 
570495     DEBUG main            d.u.i.k.j.r.ClassFileDeclarationBuilder Parsing: package cp; public class Unresolved1 { } 
570495     DEBUG main            r.s.KeYCrossReferenceSourceInfo Dynamically created class: cp.Unresolved1 
570495     DEBUG main            d.u.i.k.j.r.ClassFileDeclarationBuilder Parsing: package cp; public class Unresolved2 { } 
570495     DEBUG main            r.s.KeYCrossReferenceSourceInfo Dynamically created class: cp.Unresolved2 
572804     DEBUG main            d.u.i.k.p.i.AbstractProblemLoader Init config took 2.33s 
572817     INFO  main            d.u.i.k.p.i.AbstractProblemLoader Replaying proof classpath.key.proof 
572818     DEBUG main            d.u.i.k.p.i.IntermediateProofReplayer Proof replay took 400.9ns 
572819     DEBUG main            d.u.i.k.p.r.p.TestFile    ... success: reloaded. 
572820     INFO  main            d.u.i.k.p.r.p.TestFile    Now processing file /home/runner/work/key/key/key.core/../key.ui/examples/heap/inconsistent_represents/MyClass_m.key 
572820     INFO  main            d.u.i.k.p.i.AbstractProblemLoader Loading environment from /home/runner/work/key/key/key.core/../key.ui/examples/heap/inconsistent_represents/MyClass_m.key 
572820     DEBUG main            d.u.i.k.p.i.AbstractProblemLoader Environment load took 49.1ns 
572820     INFO  main            d.u.i.k.p.i.AbstractProblemLoader Creating init config 
575150     DEBUG main            d.u.i.k.p.i.AbstractProblemLoader Init config took 2.33s 
575183     INFO  main            d.u.i.k.p.i.AbstractProblemLoader Replaying proof MyClass[MyClass::m()].JML operation contract.0 
575184     DEBUG main            d.u.i.k.p.i.IntermediateProofReplayer Proof replay took 2.4ns 
575285     INFO  main            d.u.i.k.p.r.p.TestFile    ... finished proof: open goal(s) 
575786     INFO  main            d.u.i.k.p.r.p.TestFile    Now processing file /home/runner/work/key/key/key.core/../key.ui/examples/heap/inconsistent_represents/MyClass_n.key 
575787     INFO  main            d.u.i.k.p.i.AbstractProblemLoader Loading environment from /home/runner/work/key/key/key.core/../key.ui/examples/heap/inconsistent_represents/MyClass_n.key 
575787     DEBUG main            d.u.i.k.p.i.AbstractProblemLoader Environment load took 41.5ns 
575787     INFO  main            d.u.i.k.p.i.AbstractProblemLoader Creating init config 
578063     DEBUG main            d.u.i.k.p.i.AbstractProblemLoader Init config took 2.28s 
578094     INFO  main            d.u.i.k.p.i.AbstractProblemLoader Replaying proof MyClass[MyClass::n()].JML operation contract.0 
578095     DEBUG main            d.u.i.k.p.i.IntermediateProofReplayer Proof replay took 2.4ns 
578197     INFO  main            d.u.i.k.p.r.p.TestFile    ... finished proof: open goal(s) 
3398634    INFO  Test worker     d.u.i.k.p.r.RunAllProofsTestUnit Returning from test javadl 
3398635    INFO  Test worker     d.u.i.k.p.r.RunAllProofsTestUnit Running test FOL 
328        INFO  Timeout watchdog d.u.i.k.p.r.p.ForkedTestFileRunner Timeout watcher launched (2000 secs.) 
331        WARN  main            d.u.i.k.s.ProofSettings   The settings in /home/runner/.key/proof-settings.props are *not* read. 
356        INFO  main            d.u.i.k.p.r.p.TestFile    Now processing file /home/runner/work/key/key/key.core/../key.ui/examples/standard_key/pred_log/count.key 
455        INFO  main            d.u.i.k.p.i.AbstractProblemLoader Loading environment from /home/runner/work/key/key/key.core/../key.ui/examples/standard_key/pred_log/count.key 
480        DEBUG main            d.u.i.k.p.i.AbstractProblemLoader Environment load took 10.5ms 
704        INFO  main            d.u.i.k.p.i.AbstractProblemLoader Creating init config 
1659       DEBUG main            d.u.i.k.j.TypeConverter   No LDT found for Meta 
1659       DEBUG main            d.u.i.k.j.TypeConverter   No LDT found for Meta 
1663       DEBUG main            d.u.i.k.j.TypeConverter   No LDT found for Meta 
1663       DEBUG main            d.u.i.k.j.TypeConverter   No LDT found for Meta 
2900       DEBUG main            d.u.i.k.j.TypeConverter   No LDT found for JavaBigintExpression 
7668       DEBUG main            d.u.i.k.p.i.AbstractProblemLoader Init config took 6.96s 
7735       INFO  main            d.u.i.k.p.i.AbstractProblemLoader Replaying proof count.key 
7769       DEBUG main            d.u.i.k.p.i.IntermediateProofReplayer Proof replay took 32.6ns 
7949       INFO  main            d.u.i.k.p.r.p.TestFile    ... finished proof: closed. 
8049       INFO  main            d.u.i.k.p.i.AbstractProblemLoader Loading environment from /home/runner/work/key/key/key.core/../key.ui/examples/standard_key/pred_log/count.key.proof 
8049       DEBUG main            d.u.i.k.p.i.AbstractProblemLoader Environment load took 126.5ns 
8055       INFO  main            d.u.i.k.p.i.AbstractProblemLoader Creating init config 
10680      DEBUG main            d.u.i.k.p.i.AbstractProblemLoader Init config took 2.62s 
10723      INFO  main            d.u.i.k.p.i.AbstractProblemLoader Replaying proof count.key.proof 
10732      DEBUG main            d.u.i.k.p.i.IntermediateProofReplayer Proof replay took 5.22ms 
10741      DEBUG main            d.u.i.k.p.r.p.TestFile    ... success: reloaded. 
10742      INFO  main            d.u.i.k.p.r.p.TestFile    Now processing file /home/runner/work/key/key/key.core/../key.ui/examples/standard_key/pred_log/count2.key 
10743      INFO  main            d.u.i.k.p.i.AbstractProblemLoader Loading environment from /home/runner/work/key/key/key.core/../key.ui/examples/standard_key/pred_log/count2.key 
10743      DEBUG main            d.u.i.k.p.i.AbstractProblemLoader Environment load took 178.2ns 
10744      INFO  main            d.u.i.k.p.i.AbstractProblemLoader Creating init config 
13382      DEBUG main            d.u.i.k.p.i.AbstractProblemLoader Init config took 2.64s 
13411      INFO  main            d.u.i.k.p.i.AbstractProblemLoader Replaying proof count2.key 
13413      DEBUG main            d.u.i.k.p.i.IntermediateProofReplayer Proof replay took 5.7ns 
13515      INFO  main            d.u.i.k.p.r.p.TestFile    ... finished proof: closed. 
13626      INFO  main            d.u.i.k.p.i.AbstractProblemLoader Loading environment from /home/runner/work/key/key/key.core/../key.ui/examples/standard_key/pred_log/count2.key.proof 
13626      DEBUG main            d.u.i.k.p.i.AbstractProblemLoader Environment load took 115.4ns 
13628      INFO  main            d.u.i.k.p.i.AbstractProblemLoader Creating init config 
16120      DEBUG main            d.u.i.k.p.i.AbstractProblemLoader Init config took 2.49s 
16143      INFO  main            d.u.i.k.p.i.AbstractProblemLoader Replaying proof count2.key.proof 
16147      DEBUG main            d.u.i.k.p.i.IntermediateProofReplayer Proof replay took 2.2ms 
16148      DEBUG main            d.u.i.k.p.r.p.TestFile    ... success: reloaded. 
16149      INFO  main            d.u.i.k.p.r.p.TestFile    Now processing file /home/runner/work/key/key/key.core/../key.ui/examples/standard_key/pred_log/count3.key 
16149      INFO  main            d.u.i.k.p.i.AbstractProblemLoader Loading environment from /home/runner/work/key/key/key.core/../key.ui/examples/standard_key/pred_log/count3.key 
16149      DEBUG main            d.u.i.k.p.i.AbstractProblemLoader Environment load took 172.1ns 
16151      INFO  main            d.u.i.k.p.i.AbstractProblemLoader Creating init config 
18662      DEBUG main            d.u.i.k.p.i.AbstractProblemLoader Init config took 2.51s 
18682      INFO  main            d.u.i.k.p.i.AbstractProblemLoader Replaying proof count3.key 
18684      DEBUG main            d.u.i.k.p.i.IntermediateProofReplayer Proof replay took 5.8ns 
18786      INFO  main            d.u.i.k.p.r.p.TestFile    ... finished proof: closed. 
18911      INFO  main            d.u.i.k.p.i.AbstractProblemLoader Loading environment from /home/runner/work/key/key/key.core/../key.ui/examples/standard_key/pred_log/count3.key.proof 
18911      DEBUG main            d.u.i.k.p.i.AbstractProblemLoader Environment load took 108.7ns 
18913      INFO  main            d.u.i.k.p.i.AbstractProblemLoader Creating init config 
21432      DEBUG main            d.u.i.k.p.i.AbstractProblemLoader Init config took 2.52s 
21452      INFO  main            d.u.i.k.p.i.AbstractProblemLoader Replaying proof count3.key.proof 
21455      DEBUG main            d.u.i.k.p.i.IntermediateProofReplayer Proof replay took 1.96ms 
21456      DEBUG main            d.u.i.k.p.r.p.TestFile    ... success: reloaded. 
21457      INFO  main            d.u.i.k.p.r.p.TestFile    Now processing file /home/runner/work/key/key/key.core/../key.ui/examples/standard_key/pred_log/equalities.key 
21457      INFO  main            d.u.i.k.p.i.AbstractProblemLoader Loading environment from /home/runner/work/key/key/key.core/../key.ui/examples/standard_key/pred_log/equalities.key 
21457      DEBUG main            d.u.i.k.p.i.AbstractProblemLoader Environment load took 85.2ns 
21458      INFO  main            d.u.i.k.p.i.AbstractProblemLoader Creating init config 
23935      DEBUG main            d.u.i.k.p.i.AbstractProblemLoader Init config took 2.48s 
23955      INFO  main            d.u.i.k.p.i.AbstractProblemLoader Replaying proof equalities.key 
23956      DEBUG main            d.u.i.k.p.i.IntermediateProofReplayer Proof replay took 6.9ns 
24059      INFO  main            d.u.i.k.p.r.p.TestFile    ... finished proof: closed. 
24181      INFO  main            d.u.i.k.p.i.AbstractProblemLoader Loading environment from /home/runner/work/key/key/key.core/../key.ui/examples/standard_key/pred_log/equalities.key.proof 
24181      DEBUG main            d.u.i.k.p.i.AbstractProblemLoader Environment load took 108.4ns 
24182      INFO  main            d.u.i.k.p.i.AbstractProblemLoader Creating init config 
26652      DEBUG main            d.u.i.k.p.i.AbstractProblemLoader Init config took 2.47s 
26671      INFO  main            d.u.i.k.p.i.AbstractProblemLoader Replaying proof equalities.key.proof 
26674      DEBUG main            d.u.i.k.p.i.IntermediateProofReplayer Proof replay took 1.12ms 
26675      DEBUG main            d.u.i.k.p.r.p.TestFile    ... success: reloaded. 
26675      INFO  main            d.u.i.k.p.r.p.TestFile    Now processing file /home/runner/work/key/key/key.core/../key.ui/examples/standard_key/pred_log/equalities2.key 
26675      INFO  main            d.u.i.k.p.i.AbstractProblemLoader Loading environment from /home/runner/work/key/key/key.core/../key.ui/examples/standard_key/pred_log/equalities2.key 
26676      DEBUG main            d.u.i.k.p.i.AbstractProblemLoader Environment load took 76.2ns 
26677      INFO  main            d.u.i.k.p.i.AbstractProblemLoader Creating init config 
29164      DEBUG main            d.u.i.k.p.i.AbstractProblemLoader Init config took 2.49s 
29182      INFO  main            d.u.i.k.p.i.AbstractProblemLoader Replaying proof equalities2.key 
29183      DEBUG main            d.u.i.k.p.i.IntermediateProofReplayer Proof replay took 6.3ns 
29287      INFO  main            d.u.i.k.p.r.p.TestFile    ... finished proof: closed. 
29423      INFO  main            d.u.i.k.p.i.AbstractProblemLoader Loading environment from /home/runner/work/key/key/key.core/../key.ui/examples/standard_key/pred_log/equalities2.key.proof 
29423      DEBUG main            d.u.i.k.p.i.AbstractProblemLoader Environment load took 111.9ns 
29424      INFO  main            d.u.i.k.p.i.AbstractProblemLoader Creating init config 
31872      DEBUG main            d.u.i.k.p.i.AbstractProblemLoader Init config took 2.45s 
31890      INFO  main            d.u.i.k.p.i.AbstractProblemLoader Replaying proof equalities2.key.proof 
31894      DEBUG main            d.u.i.k.p.i.IntermediateProofReplayer Proof replay took 2.9ms 
31895      DEBUG main            d.u.i.k.p.r.p.TestFile    ... success: reloaded. 
31896      INFO  main            d.u.i.k.p.r.p.TestFile    Now processing file /home/runner/work/key/key/key.core/../key.ui/examples/standard_key/pred_log/equalities3.key 
31896      INFO  main            d.u.i.k.p.i.AbstractProblemLoader Loading environment from /home/runner/work/key/key/key.core/../key.ui/examples/standard_key/pred_log/equalities3.key 
31897      DEBUG main            d.u.i.k.p.i.AbstractProblemLoader Environment load took 201.4ns 
31902      INFO  main            d.u.i.k.p.i.AbstractProblemLoader Creating init config 
34366      DEBUG main            d.u.i.k.p.i.AbstractProblemLoader Init config took 2.46s 
34384      INFO  main            d.u.i.k.p.i.AbstractProblemLoader Replaying proof equalities3.key 
34386      DEBUG main            d.u.i.k.p.i.IntermediateProofReplayer Proof replay took 6.4ns 
34495      INFO  main            d.u.i.k.p.r.p.TestFile    ... finished proof: closed. 
34630      INFO  main            d.u.i.k.p.i.AbstractProblemLoader Loading environment from /home/runner/work/key/key/key.core/../key.ui/examples/standard_key/pred_log/equalities3.key.proof 
34630      DEBUG main            d.u.i.k.p.i.AbstractProblemLoader Environment load took 113.1ns 
34631      INFO  main            d.u.i.k.p.i.AbstractProblemLoader Creating init config 
37059      DEBUG main            d.u.i.k.p.i.AbstractProblemLoader Init config took 2.43s 
37077      INFO  main            d.u.i.k.p.i.AbstractProblemLoader Replaying proof equalities3.key.proof 
37083      DEBUG main            d.u.i.k.p.i.IntermediateProofReplayer Proof replay took 4.12ms 
37085      DEBUG main            d.u.i.k.p.r.p.TestFile    ... success: reloaded. 
37086      INFO  main            d.u.i.k.p.r.p.TestFile    Now processing file /home/runner/work/key/key/key.core/../key.ui/examples/standard_key/pred_log/functions.key 
37086      INFO  main            d.u.i.k.p.i.AbstractProblemLoader Loading environment from /home/runner/work/key/key/key.core/../key.ui/examples/standard_key/pred_log/functions.key 
37086      DEBUG main            d.u.i.k.p.i.AbstractProblemLoader Environment load took 161.3ns 
37087      INFO  main            d.u.i.k.p.i.AbstractProblemLoader Creating init config 
39511      DEBUG main            d.u.i.k.p.i.AbstractProblemLoader Init config took 2.42s 
39528      INFO  main            d.u.i.k.p.i.AbstractProblemLoader Replaying proof functions.key 
39530      DEBUG main            d.u.i.k.p.i.IntermediateProofReplayer Proof replay took 6.5ns 
39632      INFO  main            d.u.i.k.p.r.p.TestFile    ... finished proof: closed. 
39776      INFO  main            d.u.i.k.p.i.AbstractProblemLoader Loading environment from /home/runner/work/key/key/key.core/../key.ui/examples/standard_key/pred_log/functions.key.proof 
39776      DEBUG main            d.u.i.k.p.i.AbstractProblemLoader Environment load took 109.8ns 
39777      INFO  main            d.u.i.k.p.i.AbstractProblemLoader Creating init config 
42183      DEBUG main            d.u.i.k.p.i.AbstractProblemLoader Init config took 2.41s 
42198      INFO  main            d.u.i.k.p.i.AbstractProblemLoader Replaying proof functions.key.proof 
42201      DEBUG main            d.u.i.k.p.i.IntermediateProofReplayer Proof replay took 1.72ms 
42202      DEBUG main            d.u.i.k.p.r.p.TestFile    ... success: reloaded. 
42203      INFO  main            d.u.i.k.p.r.p.TestFile    Now processing file /home/runner/work/key/key/key.core/../key.ui/examples/standard_key/pred_log/mv1.key 
42203      INFO  main            d.u.i.k.p.i.AbstractProblemLoader Loading environment from /home/runner/work/key/key/key.core/../key.ui/examples/standard_key/pred_log/mv1.key 
42203      DEBUG main            d.u.i.k.p.i.AbstractProblemLoader Environment load took 91.2ns 
42204      INFO  main            d.u.i.k.p.i.AbstractProblemLoader Creating init config 
44632      DEBUG main            d.u.i.k.p.i.AbstractProblemLoader Init config took 2.43s 
44653      INFO  main            d.u.i.k.p.i.AbstractProblemLoader Replaying proof mv1.key 
44654      DEBUG main            d.u.i.k.p.i.IntermediateProofReplayer Proof replay took 21.5ns 
44756      INFO  main            d.u.i.k.p.r.p.TestFile    ... finished proof: closed. 
44895      INFO  main            d.u.i.k.p.i.AbstractProblemLoader Loading environment from /home/runner/work/key/key/key.core/../key.ui/examples/standard_key/pred_log/mv1.key.proof 
44895      DEBUG main            d.u.i.k.p.i.AbstractProblemLoader Environment load took 106.1ns 
44896      INFO  main            d.u.i.k.p.i.AbstractProblemLoader Creating init config 
47277      DEBUG main            d.u.i.k.p.i.AbstractProblemLoader Init config took 2.38s 
47292      INFO  main            d.u.i.k.p.i.AbstractProblemLoader Replaying proof mv1.key.proof 
47294      DEBUG main            d.u.i.k.p.i.IntermediateProofReplayer Proof replay took 645ns 
47295      DEBUG main            d.u.i.k.p.r.p.TestFile    ... success: reloaded. 
47295      INFO  main            d.u.i.k.p.r.p.TestFile    Now processing file /home/runner/work/key/key/key.core/../key.ui/examples/standard_key/pred_log/mv2.key 
47296      INFO  main            d.u.i.k.p.i.AbstractProblemLoader Loading environment from /home/runner/work/key/key/key.core/../key.ui/examples/standard_key/pred_log/mv2.key 
47296      DEBUG main            d.u.i.k.p.i.AbstractProblemLoader Environment load took 80.9ns 
47296      INFO  main            d.u.i.k.p.i.AbstractProblemLoader Creating init config 
49719      DEBUG main            d.u.i.k.p.i.AbstractProblemLoader Init config took 2.42s 
49735      INFO  main            d.u.i.k.p.i.AbstractProblemLoader Replaying proof mv2.key 
49737      DEBUG main            d.u.i.k.p.i.IntermediateProofReplayer Proof replay took 5.7ns 
49841      INFO  main            d.u.i.k.p.r.p.TestFile    ... finished proof: closed. 
49986      INFO  main            d.u.i.k.p.i.AbstractProblemLoader Loading environment from /home/runner/work/key/key/key.core/../key.ui/examples/standard_key/pred_log/mv2.key.proof 
49986      DEBUG main            d.u.i.k.p.i.AbstractProblemLoader Environment load took 112.1ns 
49987      INFO  main            d.u.i.k.p.i.AbstractProblemLoader Creating init config 
52385      DEBUG main            d.u.i.k.p.i.AbstractProblemLoader Init config took 2.4s 
52398      INFO  main            d.u.i.k.p.i.AbstractProblemLoader Replaying proof mv2.key.proof 
52401      DEBUG main            d.u.i.k.p.i.IntermediateProofReplayer Proof replay took 1.28ms 
52403      DEBUG main            d.u.i.k.p.r.p.TestFile    ... success: reloaded. 
52404      INFO  main            d.u.i.k.p.r.p.TestFile    Now processing file /home/runner/work/key/key/key.core/../key.ui/examples/standard_key/pred_log/quantifiers.key 
52404      INFO  main            d.u.i.k.p.i.AbstractProblemLoader Loading environment from /home/runner/work/key/key/key.core/../key.ui/examples/standard_key/pred_log/quantifiers.key 
52404      DEBUG main            d.u.i.k.p.i.AbstractProblemLoader Environment load took 91.9ns 
52405      INFO  main            d.u.i.k.p.i.AbstractProblemLoader Creating init config 
54838      DEBUG main            d.u.i.k.p.i.AbstractProblemLoader Init config took 2.43s 
54852      INFO  main            d.u.i.k.p.i.AbstractProblemLoader Replaying proof quantifiers.key 
54853      DEBUG main            d.u.i.k.p.i.IntermediateProofReplayer Proof replay took 7ns 
54959      INFO  main            d.u.i.k.p.r.p.TestFile    ... finished proof: closed. 
55167      INFO  main            d.u.i.k.p.i.AbstractProblemLoader Loading environment from /home/runner/work/key/key/key.core/../key.ui/examples/standard_key/pred_log/quantifiers.key.proof 
55167      DEBUG main            d.u.i.k.p.i.AbstractProblemLoader Environment load took 106.8ns 
55168      INFO  main            d.u.i.k.p.i.AbstractProblemLoader Creating init config 
57535      DEBUG main            d.u.i.k.p.i.AbstractProblemLoader Init config took 2.37s 
57548      INFO  main            d.u.i.k.p.i.AbstractProblemLoader Replaying proof quantifiers.key.proof 
57552      DEBUG main            d.u.i.k.p.i.IntermediateProofReplayer Proof replay took 1.46ms 
57552      DEBUG main            d.u.i.k.p.r.p.TestFile    ... success: reloaded. 
57553      INFO  main            d.u.i.k.p.r.p.TestFile    Now processing file /home/runner/work/key/key/key.core/../key.ui/examples/standard_key/pred_log/simpleEps.key 
57553      INFO  main            d.u.i.k.p.i.AbstractProblemLoader Loading environment from /home/runner/work/key/key/key.core/../key.ui/examples/standard_key/pred_log/simpleEps.key 
57553      DEBUG main            d.u.i.k.p.i.AbstractProblemLoader Environment load took 79.8ns 
57554      INFO  main            d.u.i.k.p.i.AbstractProblemLoader Creating init config 
60025      DEBUG main            d.u.i.k.p.i.AbstractProblemLoader Init config took 2.47s 
60039      INFO  main            d.u.i.k.p.i.AbstractProblemLoader Replaying proof simpleEps.key 
60040      DEBUG main            d.u.i.k.p.i.IntermediateProofReplayer Proof replay took 5.5ns 
60149      INFO  main            d.u.i.k.p.r.p.TestFile    ... finished proof: closed. 
60312      INFO  main            d.u.i.k.p.i.AbstractProblemLoader Loading environment from /home/runner/work/key/key/key.core/../key.ui/examples/standard_key/pred_log/simpleEps.key.proof 
60312      DEBUG main            d.u.i.k.p.i.AbstractProblemLoader Environment load took 105.1ns 
60313      INFO  main            d.u.i.k.p.i.AbstractProblemLoader Creating init config 
62720      DEBUG main            d.u.i.k.p.i.AbstractProblemLoader Init config took 2.41s 
62733      INFO  main            d.u.i.k.p.i.AbstractProblemLoader Replaying proof simpleEps.key.proof 
62736      DEBUG main            d.u.i.k.p.i.IntermediateProofReplayer Proof replay took 906.5ns 
62736      DEBUG main            d.u.i.k.p.r.p.TestFile    ... success: reloaded. 
62737      INFO  main            d.u.i.k.p.r.p.TestFile    Now processing file /home/runner/work/key/key/key.core/../key.ui/examples/standard_key/pred_log/steam1.key 
62737      INFO  main            d.u.i.k.p.i.AbstractProblemLoader Loading environment from /home/runner/work/key/key/key.core/../key.ui/examples/standard_key/pred_log/steam1.key 
62737      DEBUG main            d.u.i.k.p.i.AbstractProblemLoader Environment load took 89.6ns 
62739      INFO  main            d.u.i.k.p.i.AbstractProblemLoader Creating init config 
65184      DEBUG main            d.u.i.k.p.i.AbstractProblemLoader Init config took 2.44s 
65202      INFO  main            d.u.i.k.p.i.AbstractProblemLoader Replaying proof steam1.key 
65203      DEBUG main            d.u.i.k.p.i.IntermediateProofReplayer Proof replay took 6.4ns 
65514      INFO  main            d.u.i.k.p.r.p.TestFile    ... finished proof: closed. 
65708      INFO  main            d.u.i.k.p.i.AbstractProblemLoader Loading environment from /home/runner/work/key/key/key.core/../key.ui/examples/standard_key/pred_log/steam1.key.proof 
65708      DEBUG main            d.u.i.k.p.i.AbstractProblemLoader Environment load took 333.6ns 
65711      INFO  main            d.u.i.k.p.i.AbstractProblemLoader Creating init config 
68110      DEBUG main            d.u.i.k.p.i.AbstractProblemLoader Init config took 2.4s 
68130      INFO  main            d.u.i.k.p.i.AbstractProblemLoader Replaying proof steam1.key.proof 
68167      DEBUG main            d.u.i.k.p.i.IntermediateProofReplayer Proof replay took 33.84ms 
68170      DEBUG main            d.u.i.k.p.r.p.TestFile    ... success: reloaded. 
68170      INFO  main            d.u.i.k.p.r.p.TestFile    Now processing file /home/runner/work/key/key/key.core/../key.ui/examples/standard_key/pred_log/tptp/PUZ/PUZ001p1.key 
68171      INFO  main            d.u.i.k.p.i.AbstractProblemLoader Loading environment from /home/runner/work/key/key/key.core/../key.ui/examples/standard_key/pred_log/tptp/PUZ/PUZ001p1.key 
68171      DEBUG main            d.u.i.k.p.i.AbstractProblemLoader Environment load took 164.1ns 
68172      INFO  main            d.u.i.k.p.i.AbstractProblemLoader Creating init config 
70607      DEBUG main            d.u.i.k.p.i.AbstractProblemLoader Init config took 2.43s 
70623      INFO  main            d.u.i.k.p.i.AbstractProblemLoader Replaying proof PUZ001p1.key 
70625      DEBUG main            d.u.i.k.p.i.IntermediateProofReplayer Proof replay took 5.7ns 
73456      INFO  main            d.u.i.k.p.r.p.TestFile    ... finished proof: closed. 
73681      INFO  main            d.u.i.k.p.i.AbstractProblemLoader Loading environment from /home/runner/work/key/key/key.core/../key.ui/examples/standard_key/pred_log/tptp/PUZ/PUZ001p1.key.proof 
73681      DEBUG main            d.u.i.k.p.i.AbstractProblemLoader Environment load took 114.4ns 
73683      INFO  main            d.u.i.k.p.i.AbstractProblemLoader Creating init config 
76045      DEBUG main            d.u.i.k.p.i.AbstractProblemLoader Init config took 2.36s 
76062      INFO  main            d.u.i.k.p.i.AbstractProblemLoader Replaying proof PUZ001p1.key.proof 
76161      DEBUG main            d.u.i.k.p.i.IntermediateProofReplayer Proof replay took 90.05ms 
76163      DEBUG main            d.u.i.k.p.r.p.TestFile    ... success: reloaded. 
76164      INFO  main            d.u.i.k.p.r.p.TestFile    Now processing file /home/runner/work/key/key/key.core/../key.ui/examples/standard_key/pred_log/tptp/PUZ/PUZ001p1-eq.key 
76164      INFO  main            d.u.i.k.p.i.AbstractProblemLoader Loading environment from /home/runner/work/key/key/key.core/../key.ui/examples/standard_key/pred_log/tptp/PUZ/PUZ001p1-eq.key 
76164      DEBUG main            d.u.i.k.p.i.AbstractProblemLoader Environment load took 158.5ns 
76165      INFO  main            d.u.i.k.p.i.AbstractProblemLoader Creating init config 
78563      DEBUG main            d.u.i.k.p.i.AbstractProblemLoader Init config took 2.4s 
78577      INFO  main            d.u.i.k.p.i.AbstractProblemLoader Replaying proof PUZ001p1-eq.key 
78578      DEBUG main            d.u.i.k.p.i.IntermediateProofReplayer Proof replay took 5.3ns 
78682      INFO  main            d.u.i.k.p.r.p.TestFile    ... finished proof: closed. 
78889      INFO  main            d.u.i.k.p.i.AbstractProblemLoader Loading environment from /home/runner/work/key/key/key.core/../key.ui/examples/standard_key/pred_log/tptp/PUZ/PUZ001p1-eq.key.proof 
78889      DEBUG main            d.u.i.k.p.i.AbstractProblemLoader Environment load took 104.5ns 
78890      INFO  main            d.u.i.k.p.i.AbstractProblemLoader Creating init config 
81246      DEBUG main            d.u.i.k.p.i.AbstractProblemLoader Init config took 2.36s 
81260      INFO  main            d.u.i.k.p.i.AbstractProblemLoader Replaying proof PUZ001p1-eq.key.proof 
81270      DEBUG main            d.u.i.k.p.i.IntermediateProofReplayer Proof replay took 7.71ms 
81271      DEBUG main            d.u.i.k.p.r.p.TestFile    ... success: reloaded. 
81272      INFO  main            d.u.i.k.p.r.p.TestFile    Now processing file /home/runner/work/key/key/key.core/../key.ui/examples/standard_key/pred_log/tptp/PUZ/PUZ031p1.key 
81272      INFO  main            d.u.i.k.p.i.AbstractProblemLoader Loading environment from /home/runner/work/key/key/key.core/../key.ui/examples/standard_key/pred_log/tptp/PUZ/PUZ031p1.key 
81272      DEBUG main            d.u.i.k.p.i.AbstractProblemLoader Environment load took 78.5ns 
81273      INFO  main            d.u.i.k.p.i.AbstractProblemLoader Creating init config 
83690      DEBUG main            d.u.i.k.p.i.AbstractProblemLoader Init config took 2.42s 
83705      INFO  main            d.u.i.k.p.i.AbstractProblemLoader Replaying proof PUZ031p1.key 
83706      DEBUG main            d.u.i.k.p.i.IntermediateProofReplayer Proof replay took 5.9ns 
91653      INFO  main            d.u.i.k.p.r.p.TestFile    ... finished proof: closed. 
91843      INFO  main            d.u.i.k.p.i.AbstractProblemLoader Loading environment from /home/runner/work/key/key/key.core/../key.ui/examples/standard_key/pred_log/tptp/PUZ/PUZ031p1.key.proof 
91846      DEBUG main            d.u.i.k.p.i.AbstractProblemLoader Environment load took 2.4ms 
91848      INFO  main            d.u.i.k.p.i.AbstractProblemLoader Creating init config 
94199      DEBUG main            d.u.i.k.p.i.AbstractProblemLoader Init config took 2.35s 
94213      INFO  main            d.u.i.k.p.i.AbstractProblemLoader Replaying proof PUZ031p1.key.proof 
94264      DEBUG main            d.u.i.k.p.i.IntermediateProofReplayer Proof replay took 46.04ms 
94266      DEBUG main            d.u.i.k.p.r.p.TestFile    ... success: reloaded. 
94267      INFO  main            d.u.i.k.p.r.p.TestFile    Now processing file /home/runner/work/key/key/key.core/../key.ui/examples/standard_key/pred_log/tptp/SET/SET027p3.key 
94267      INFO  main            d.u.i.k.p.i.AbstractProblemLoader Loading environment from /home/runner/work/key/key/key.core/../key.ui/examples/standard_key/pred_log/tptp/SET/SET027p3.key 
94267      DEBUG main            d.u.i.k.p.i.AbstractProblemLoader Environment load took 165.7ns 
94268      INFO  main            d.u.i.k.p.i.AbstractProblemLoader Creating init config 
96704      DEBUG main            d.u.i.k.p.i.AbstractProblemLoader Init config took 2.44s 
96717      INFO  main            d.u.i.k.p.i.AbstractProblemLoader Replaying proof SET027p3.key 
96718      DEBUG main            d.u.i.k.p.i.IntermediateProofReplayer Proof replay took 7.1ns 
96823      INFO  main            d.u.i.k.p.r.p.TestFile    ... finished proof: closed. 
97027      INFO  main            d.u.i.k.p.i.AbstractProblemLoader Loading environment from /home/runner/work/key/key/key.core/../key.ui/examples/standard_key/pred_log/tptp/SET/SET027p3.key.proof 
97027      DEBUG main            d.u.i.k.p.i.AbstractProblemLoader Environment load took 112ns 
97028      INFO  main            d.u.i.k.p.i.AbstractProblemLoader Creating init config 
99380      DEBUG main            d.u.i.k.p.i.AbstractProblemLoader Init config took 2.35s 
99394      INFO  main            d.u.i.k.p.i.AbstractProblemLoader Replaying proof SET027p3.key.proof 
99398      DEBUG main            d.u.i.k.p.i.IntermediateProofReplayer Proof replay took 3ms 
99399      DEBUG main            d.u.i.k.p.r.p.TestFile    ... success: reloaded. 
99399      INFO  main            d.u.i.k.p.r.p.TestFile    Now processing file /home/runner/work/key/key/key.core/../key.ui/examples/standard_key/pred_log/tptp/SET/SET043p1.key 
99400      INFO  main            d.u.i.k.p.i.AbstractProblemLoader Loading environment from /home/runner/work/key/key/key.core/../key.ui/examples/standard_key/pred_log/tptp/SET/SET043p1.key 
99400      DEBUG main            d.u.i.k.p.i.AbstractProblemLoader Environment load took 81.9ns 
99401      INFO  main            d.u.i.k.p.i.AbstractProblemLoader Creating init config 
101795     DEBUG main            d.u.i.k.p.i.AbstractProblemLoader Init config took 2.39s 
101808     INFO  main            d.u.i.k.p.i.AbstractProblemLoader Replaying proof SET043p1.key 
101809     DEBUG main            d.u.i.k.p.i.IntermediateProofReplayer Proof replay took 6.1ns 
101912     INFO  main            d.u.i.k.p.r.p.TestFile    ... finished proof: closed. 
102107     INFO  main            d.u.i.k.p.i.AbstractProblemLoader Loading environment from /home/runner/work/key/key/key.core/../key.ui/examples/standard_key/pred_log/tptp/SET/SET043p1.key.proof 
102107     DEBUG main            d.u.i.k.p.i.AbstractProblemLoader Environment load took 144.4ns 
102108     INFO  main            d.u.i.k.p.i.AbstractProblemLoader Creating init config 
104461     DEBUG main            d.u.i.k.p.i.AbstractProblemLoader Init config took 2.35s 
104474     INFO  main            d.u.i.k.p.i.AbstractProblemLoader Replaying proof SET043p1.key.proof 
104479     DEBUG main            d.u.i.k.p.i.IntermediateProofReplayer Proof replay took 1.13ms 
104481     DEBUG main            d.u.i.k.p.r.p.TestFile    ... success: reloaded. 
104482     INFO  main            d.u.i.k.p.r.p.TestFile    Now processing file /home/runner/work/key/key/key.core/../key.ui/examples/standard_key/pred_log/tptp/SET/SET045p1.key 
104482     INFO  main            d.u.i.k.p.i.AbstractProblemLoader Loading environment from /home/runner/work/key/key/key.core/../key.ui/examples/standard_key/pred_log/tptp/SET/SET045p1.key 
104482     DEBUG main            d.u.i.k.p.i.AbstractProblemLoader Environment load took 96.9ns 
104483     INFO  main            d.u.i.k.p.i.AbstractProblemLoader Creating init config 
106897     DEBUG main            d.u.i.k.p.i.AbstractProblemLoader Init config took 2.41s 
106910     INFO  main            d.u.i.k.p.i.AbstractProblemLoader Replaying proof SET045p1.key 
106911     DEBUG main            d.u.i.k.p.i.IntermediateProofReplayer Proof replay took 6ns 
107013     INFO  main            d.u.i.k.p.r.p.TestFile    ... finished proof: closed. 
107213     INFO  main            d.u.i.k.p.i.AbstractProblemLoader Loading environment from /home/runner/work/key/key/key.core/../key.ui/examples/standard_key/pred_log/tptp/SET/SET045p1.key.proof 
107213     DEBUG main            d.u.i.k.p.i.AbstractProblemLoader Environment load took 97.3ns 
107216     INFO  main            d.u.i.k.p.i.AbstractProblemLoader Creating init config 
109566     DEBUG main            d.u.i.k.p.i.AbstractProblemLoader Init config took 2.35s 
109579     INFO  main            d.u.i.k.p.i.AbstractProblemLoader Replaying proof SET045p1.key.proof 
109583     DEBUG main            d.u.i.k.p.i.IntermediateProofReplayer Proof replay took 2.43ms 
109584     DEBUG main            d.u.i.k.p.r.p.TestFile    ... success: reloaded. 
109585     INFO  main            d.u.i.k.p.r.p.TestFile    Now processing file /home/runner/work/key/key/key.core/../key.ui/examples/standard_key/pred_log/tptp/SET/SET062p3.key 
109585     INFO  main            d.u.i.k.p.i.AbstractProblemLoader Loading environment from /home/runner/work/key/key/key.core/../key.ui/examples/standard_key/pred_log/tptp/SET/SET062p3.key 
109585     DEBUG main            d.u.i.k.p.i.AbstractProblemLoader Environment load took 156.2ns 
109586     INFO  main            d.u.i.k.p.i.AbstractProblemLoader Creating init config 
112007     DEBUG main            d.u.i.k.p.i.AbstractProblemLoader Init config took 2.42s 
112020     INFO  main            d.u.i.k.p.i.AbstractProblemLoader Replaying proof SET062p3.key 
112021     DEBUG main            d.u.i.k.p.i.IntermediateProofReplayer Proof replay took 6.3ns 
112124     INFO  main            d.u.i.k.p.r.p.TestFile    ... finished proof: closed. 
112330     INFO  main            d.u.i.k.p.i.AbstractProblemLoader Loading environment from /home/runner/work/key/key/key.core/../key.ui/examples/standard_key/pred_log/tptp/SET/SET062p3.key.proof 
112330     DEBUG main            d.u.i.k.p.i.AbstractProblemLoader Environment load took 95.1ns 
112331     INFO  main            d.u.i.k.p.i.AbstractProblemLoader Creating init config 
114663     DEBUG main            d.u.i.k.p.i.AbstractProblemLoader Init config took 2.33s 
114676     INFO  main            d.u.i.k.p.i.AbstractProblemLoader Replaying proof SET062p3.key.proof 
114679     DEBUG main            d.u.i.k.p.i.IntermediateProofReplayer Proof replay took 2.13ms 
114680     DEBUG main            d.u.i.k.p.r.p.TestFile    ... success: reloaded. 
114680     INFO  main            d.u.i.k.p.r.p.TestFile    Now processing file /home/runner/work/key/key/key.core/../key.ui/examples/standard_key/pred_log/tptp/SET/SET063p3.key 
114681     INFO  main            d.u.i.k.p.i.AbstractProblemLoader Loading environment from /home/runner/work/key/key/key.core/../key.ui/examples/standard_key/pred_log/tptp/SET/SET063p3.key 
114681     DEBUG main            d.u.i.k.p.i.AbstractProblemLoader Environment load took 75.4ns 
114682     INFO  main            d.u.i.k.p.i.AbstractProblemLoader Creating init config 
117101     DEBUG main            d.u.i.k.p.i.AbstractProblemLoader Init config took 2.42s 
117115     INFO  main            d.u.i.k.p.i.AbstractProblemLoader Replaying proof SET063p3.key 
117117     DEBUG main            d.u.i.k.p.i.IntermediateProofReplayer Proof replay took 7ns 
117221     INFO  main            d.u.i.k.p.r.p.TestFile    ... finished proof: closed. 
117476     INFO  main            d.u.i.k.p.i.AbstractProblemLoader Loading environment from /home/runner/work/key/key/key.core/../key.ui/examples/standard_key/pred_log/tptp/SET/SET063p3.key.proof 
117476     DEBUG main            d.u.i.k.p.i.AbstractProblemLoader Environment load took 99.1ns 
117477     INFO  main            d.u.i.k.p.i.AbstractProblemLoader Creating init config 
119802     DEBUG main            d.u.i.k.p.i.AbstractProblemLoader Init config took 2.33s 
119815     INFO  main            d.u.i.k.p.i.AbstractProblemLoader Replaying proof SET063p3.key.proof 
119819     DEBUG main            d.u.i.k.p.i.IntermediateProofReplayer Proof replay took 2.39ms 
119820     DEBUG main            d.u.i.k.p.r.p.TestFile    ... success: reloaded. 
119821     INFO  main            d.u.i.k.p.r.p.TestFile    Now processing file /home/runner/work/key/key/key.core/../key.ui/examples/standard_key/pred_log/tptp/SYN/SYN036p2.key 
119821     INFO  main            d.u.i.k.p.i.AbstractProblemLoader Loading environment from /home/runner/work/key/key/key.core/../key.ui/examples/standard_key/pred_log/tptp/SYN/SYN036p2.key 
119821     DEBUG main            d.u.i.k.p.i.AbstractProblemLoader Environment load took 76.4ns 
119822     INFO  main            d.u.i.k.p.i.AbstractProblemLoader Creating init config 
122201     DEBUG main            d.u.i.k.p.i.AbstractProblemLoader Init config took 2.38s 
122214     INFO  main            d.u.i.k.p.i.AbstractProblemLoader Replaying proof SYN036p2.key 
122215     DEBUG main            d.u.i.k.p.i.IntermediateProofReplayer Proof replay took 6.8ns 
122422     INFO  main            d.u.i.k.p.r.p.TestFile    ... finished proof: closed. 
122681     INFO  main            d.u.i.k.p.i.AbstractProblemLoader Loading environment from /home/runner/work/key/key/key.core/../key.ui/examples/standard_key/pred_log/tptp/SYN/SYN036p2.key.proof 
122681     DEBUG main            d.u.i.k.p.i.AbstractProblemLoader Environment load took 395.6ns 
122682     INFO  main            d.u.i.k.p.i.AbstractProblemLoader Creating init config 
125042     DEBUG main            d.u.i.k.p.i.AbstractProblemLoader Init config took 2.36s 
125055     INFO  main            d.u.i.k.p.i.AbstractProblemLoader Replaying proof SYN036p2.key.proof 
125109     DEBUG main            d.u.i.k.p.i.IntermediateProofReplayer Proof replay took 46.44ms 
125110     DEBUG main            d.u.i.k.p.r.p.TestFile    ... success: reloaded. 
125111     INFO  main            d.u.i.k.p.r.p.TestFile    Now processing file /home/runner/work/key/key/key.core/../key.ui/examples/standard_key/pred_log/tptp/SYN/SYN550p1.key 
125111     INFO  main            d.u.i.k.p.i.AbstractProblemLoader Loading environment from /home/runner/work/key/key/key.core/../key.ui/examples/standard_key/pred_log/tptp/SYN/SYN550p1.key 
125111     DEBUG main            d.u.i.k.p.i.AbstractProblemLoader Environment load took 66.2ns 
125112     INFO  main            d.u.i.k.p.i.AbstractProblemLoader Creating init config 
127481     DEBUG main            d.u.i.k.p.i.AbstractProblemLoader Init config took 2.37s 
127494     INFO  main            d.u.i.k.p.i.AbstractProblemLoader Replaying proof SYN550p1.key 
127496     DEBUG main            d.u.i.k.p.i.IntermediateProofReplayer Proof replay took 5.9ns 
130205     INFO  main            d.u.i.k.p.r.p.TestFile    ... finished proof: closed. 
130440     INFO  main            d.u.i.k.p.i.AbstractProblemLoader Loading environment from /home/runner/work/key/key/key.core/../key.ui/examples/standard_key/pred_log/tptp/SYN/SYN550p1.key.proof 
130441     DEBUG main            d.u.i.k.p.i.AbstractProblemLoader Environment load took 322ns 
130442     INFO  main            d.u.i.k.p.i.AbstractProblemLoader Creating init config 
132756     DEBUG main            d.u.i.k.p.i.AbstractProblemLoader Init config took 2.31s 
132769     INFO  main            d.u.i.k.p.i.AbstractProblemLoader Replaying proof SYN550p1.key.proof 
132816     DEBUG main            d.u.i.k.p.i.IntermediateProofReplayer Proof replay took 40.04ms 
132817     DEBUG main            d.u.i.k.p.r.p.TestFile    ... success: reloaded. 
132817     INFO  main            d.u.i.k.p.r.p.TestFile    Now processing file /home/runner/work/key/key/key.core/../key.ui/examples/standard_key/prop_log/reallySimple.key 
132818     INFO  main            d.u.i.k.p.i.AbstractProblemLoader Loading environment from /home/runner/work/key/key/key.core/../key.ui/examples/standard_key/prop_log/reallySimple.key 
132818     DEBUG main            d.u.i.k.p.i.AbstractProblemLoader Environment load took 64ns 
132818     INFO  main            d.u.i.k.p.i.AbstractProblemLoader Creating init config 
135218     DEBUG main            d.u.i.k.p.i.AbstractProblemLoader Init config took 2.4s 
135230     INFO  main            d.u.i.k.p.i.AbstractProblemLoader Replaying proof reallySimple.key 
135231     DEBUG main            d.u.i.k.p.i.IntermediateProofReplayer Proof replay took 6.3ns 
135334     INFO  main            d.u.i.k.p.r.p.TestFile    ... finished proof: open goal(s) 
135565     INFO  main            d.u.i.k.p.r.p.TestFile    Now processing file /home/runner/work/key/key/key.core/../key.ui/examples/standard_key/pred_log/sameName1.key 
135565     INFO  main            d.u.i.k.p.i.AbstractProblemLoader Loading environment from /home/runner/work/key/key/key.core/../key.ui/examples/standard_key/pred_log/sameName1.key 
135565     DEBUG main            d.u.i.k.p.i.AbstractProblemLoader Environment load took 49.2ns 
135566     INFO  main            d.u.i.k.p.i.AbstractProblemLoader Creating init config 
137883     DEBUG main            d.u.i.k.p.i.AbstractProblemLoader Init config took 2.32s 
137895     INFO  main            d.u.i.k.p.i.AbstractProblemLoader Replaying proof sameName1.key 
137896     DEBUG main            d.u.i.k.p.i.IntermediateProofReplayer Proof replay took 6.3ns 
137998     INFO  main            d.u.i.k.p.r.p.TestFile    ... finished proof: open goal(s) 
138218     INFO  main            d.u.i.k.p.r.p.TestFile    Now processing file /home/runner/work/key/key/key.core/../key.ui/examples/standard_key/pred_log/jbyteIfEx.key 
138218     INFO  main            d.u.i.k.p.i.AbstractProblemLoader Loading environment from /home/runner/work/key/key/key.core/../key.ui/examples/standard_key/pred_log/jbyteIfEx.key 
138218     DEBUG main            d.u.i.k.p.i.AbstractProblemLoader Environment load took 50.7ns 
138219     INFO  main            d.u.i.k.p.i.AbstractProblemLoader Creating init config 
140536     DEBUG main            d.u.i.k.p.i.AbstractProblemLoader Init config took 2.32s 
140548     INFO  main            d.u.i.k.p.i.AbstractProblemLoader Replaying proof jbyteIfEx.key 
140550     DEBUG main            d.u.i.k.p.i.IntermediateProofReplayer Proof replay took 6.4ns 
140651     INFO  main            d.u.i.k.p.r.p.TestFile    ... finished proof: closed. 
140872     INFO  main            d.u.i.k.p.i.AbstractProblemLoader Loading environment from /home/runner/work/key/key/key.core/../key.ui/examples/standard_key/pred_log/jbyteIfEx.key.proof 
140872     DEBUG main            d.u.i.k.p.i.AbstractProblemLoader Environment load took 97.2ns 
140873     INFO  main            d.u.i.k.p.i.AbstractProblemLoader Creating init config 
143208     DEBUG main            d.u.i.k.p.i.AbstractProblemLoader Init config took 2.33s 
143221     INFO  main            d.u.i.k.p.i.AbstractProblemLoader Replaying proof jbyteIfEx.key.proof 
143227     DEBUG main            d.u.i.k.p.i.IntermediateProofReplayer Proof replay took 4.19ms 
143228     DEBUG main            d.u.i.k.p.r.p.TestFile    ... success: reloaded. 
143228     INFO  main            d.u.i.k.p.r.p.TestFile    Now processing file /home/runner/work/key/key/key.core/../key.ui/examples/standard_key/prop_log/allClausesLength4.key 
143228     INFO  main            d.u.i.k.p.i.AbstractProblemLoader Loading environment from /home/runner/work/key/key/key.core/../key.ui/examples/standard_key/prop_log/allClausesLength4.key 
143228     DEBUG main            d.u.i.k.p.i.AbstractProblemLoader Environment load took 74.6ns 
143229     INFO  main            d.u.i.k.p.i.AbstractProblemLoader Creating init config 
145620     DEBUG main            d.u.i.k.p.i.AbstractProblemLoader Init config took 2.39s 
145633     INFO  main            d.u.i.k.p.i.AbstractProblemLoader Replaying proof allClausesLength4.key 
145634     DEBUG main            d.u.i.k.p.i.IntermediateProofReplayer Proof replay took 6.4ns 
145736     INFO  main            d.u.i.k.p.r.p.TestFile    ... finished proof: closed. 
145968     INFO  main            d.u.i.k.p.i.AbstractProblemLoader Loading environment from /home/runner/work/key/key/key.core/../key.ui/examples/standard_key/prop_log/allClausesLength4.key.proof 
145968     DEBUG main            d.u.i.k.p.i.AbstractProblemLoader Environment load took 95.3ns 
145969     INFO  main            d.u.i.k.p.i.AbstractProblemLoader Creating init config 
148291     DEBUG main            d.u.i.k.p.i.AbstractProblemLoader Init config took 2.32s 
148305     INFO  main            d.u.i.k.p.i.AbstractProblemLoader Replaying proof allClausesLength4.key.proof 
148316     DEBUG main            d.u.i.k.p.i.IntermediateProofReplayer Proof replay took 8.28ms 
148317     DEBUG main            d.u.i.k.p.r.p.TestFile    ... success: reloaded. 
148318     INFO  main            d.u.i.k.p.r.p.TestFile    Now processing file /home/runner/work/key/key/key.core/../key.ui/examples/standard_key/prop_log/allClausesLength5.key 
148318     INFO  main            d.u.i.k.p.i.AbstractProblemLoader Loading environment from /home/runner/work/key/key/key.core/../key.ui/examples/standard_key/prop_log/allClausesLength5.key 
148318     DEBUG main            d.u.i.k.p.i.AbstractProblemLoader Environment load took 193.2ns 
148319     INFO  main            d.u.i.k.p.i.AbstractProblemLoader Creating init config 
150693     DEBUG main            d.u.i.k.p.i.AbstractProblemLoader Init config took 2.37s 
150707     INFO  main            d.u.i.k.p.i.AbstractProblemLoader Replaying proof allClausesLength5.key 
150708     DEBUG main            d.u.i.k.p.i.IntermediateProofReplayer Proof replay took 6.1ns 
150911     INFO  main            d.u.i.k.p.r.p.TestFile    ... finished proof: closed. 
151157     INFO  main            d.u.i.k.p.i.AbstractProblemLoader Loading environment from /home/runner/work/key/key/key.core/../key.ui/examples/standard_key/prop_log/allClausesLength5.key.proof 
151160     DEBUG main            d.u.i.k.p.i.AbstractProblemLoader Environment load took 2.93ms 
151161     INFO  main            d.u.i.k.p.i.AbstractProblemLoader Creating init config 
153501     DEBUG main            d.u.i.k.p.i.AbstractProblemLoader Init config took 2.34s 
153515     INFO  main            d.u.i.k.p.i.AbstractProblemLoader Replaying proof allClausesLength5.key.proof 
153549     DEBUG main            d.u.i.k.p.i.IntermediateProofReplayer Proof replay took 29.25ms 
153551     DEBUG main            d.u.i.k.p.r.p.TestFile    ... success: reloaded. 
153551     INFO  main            d.u.i.k.p.r.p.TestFile    Now processing file /home/runner/work/key/key/key.core/../key.ui/examples/standard_key/prop_log/doubleNeg.key 
153552     INFO  main            d.u.i.k.p.i.AbstractProblemLoader Loading environment from /home/runner/work/key/key/key.core/../key.ui/examples/standard_key/prop_log/doubleNeg.key 
153552     DEBUG main            d.u.i.k.p.i.AbstractProblemLoader Environment load took 147.7ns 
153553     INFO  main            d.u.i.k.p.i.AbstractProblemLoader Creating init config 
155933     DEBUG main            d.u.i.k.p.i.AbstractProblemLoader Init config took 2.38s 
155947     INFO  main            d.u.i.k.p.i.AbstractProblemLoader Replaying proof doubleNeg.key 
155948     DEBUG main            d.u.i.k.p.i.IntermediateProofReplayer Proof replay took 5.7ns 
156049     INFO  main            d.u.i.k.p.r.p.TestFile    ... finished proof: closed. 
156300     INFO  main            d.u.i.k.p.i.AbstractProblemLoader Loading environment from /home/runner/work/key/key/key.core/../key.ui/examples/standard_key/prop_log/doubleNeg.key.proof 
156300     DEBUG main            d.u.i.k.p.i.AbstractProblemLoader Environment load took 88.4ns 
156301     INFO  main            d.u.i.k.p.i.AbstractProblemLoader Creating init config 
158627     DEBUG main            d.u.i.k.p.i.AbstractProblemLoader Init config took 2.33s 
158640     INFO  main            d.u.i.k.p.i.AbstractProblemLoader Replaying proof doubleNeg.key.proof 
158642     DEBUG main            d.u.i.k.p.i.IntermediateProofReplayer Proof replay took 340.8ns 
158642     DEBUG main            d.u.i.k.p.r.p.TestFile    ... success: reloaded. 
158643     INFO  main            d.u.i.k.p.r.p.TestFile    Now processing file /home/runner/work/key/key/key.core/../key.ui/examples/standard_key/prop_log/liarsville.key 
158643     INFO  main            d.u.i.k.p.i.AbstractProblemLoader Loading environment from /home/runner/work/key/key/key.core/../key.ui/examples/standard_key/prop_log/liarsville.key 
158643     DEBUG main            d.u.i.k.p.i.AbstractProblemLoader Environment load took 144.8ns 
158644     INFO  main            d.u.i.k.p.i.AbstractProblemLoader Creating init config 
161017     DEBUG main            d.u.i.k.p.i.AbstractProblemLoader Init config took 2.37s 
161029     INFO  main            d.u.i.k.p.i.AbstractProblemLoader Replaying proof liarsville.key 
161030     DEBUG main            d.u.i.k.p.i.IntermediateProofReplayer Proof replay took 5.7ns 
161132     INFO  main            d.u.i.k.p.r.p.TestFile    ... finished proof: closed. 
161388     INFO  main            d.u.i.k.p.i.AbstractProblemLoader Loading environment from /home/runner/work/key/key/key.core/../key.ui/examples/standard_key/prop_log/liarsville.key.proof 
161388     DEBUG main            d.u.i.k.p.i.AbstractProblemLoader Environment load took 87.1ns 
161389     INFO  main            d.u.i.k.p.i.AbstractProblemLoader Creating init config 
163704     DEBUG main            d.u.i.k.p.i.AbstractProblemLoader Init config took 2.32s 
163717     INFO  main            d.u.i.k.p.i.AbstractProblemLoader Replaying proof liarsville.key.proof 
163719     DEBUG main            d.u.i.k.p.i.IntermediateProofReplayer Proof replay took 830.2ns 
163720     DEBUG main            d.u.i.k.p.r.p.TestFile    ... success: reloaded. 
163720     INFO  main            d.u.i.k.p.r.p.TestFile    Now processing file /home/runner/work/key/key/key.core/../key.ui/examples/standard_key/prop_log/simplest.key 
163720     INFO  main            d.u.i.k.p.i.AbstractProblemLoader Loading environment from /home/runner/work/key/key/key.core/../key.ui/examples/standard_key/prop_log/simplest.key 
163720     DEBUG main            d.u.i.k.p.i.AbstractProblemLoader Environment load took 57.8ns 
163721     INFO  main            d.u.i.k.p.i.AbstractProblemLoader Creating init config 
166095     DEBUG main            d.u.i.k.p.i.AbstractProblemLoader Init config took 2.37s 
166107     INFO  main            d.u.i.k.p.i.AbstractProblemLoader Replaying proof simplest.key 
166108     DEBUG main            d.u.i.k.p.i.IntermediateProofReplayer Proof replay took 6.6ns 
166210     INFO  main            d.u.i.k.p.r.p.TestFile    ... finished proof: closed. 
166457     INFO  main            d.u.i.k.p.i.AbstractProblemLoader Loading environment from /home/runner/work/key/key/key.core/../key.ui/examples/standard_key/prop_log/simplest.key.proof 
166457     DEBUG main            d.u.i.k.p.i.AbstractProblemLoader Environment load took 85.6ns 
166457     INFO  main            d.u.i.k.p.i.AbstractProblemLoader Creating init config 
168779     DEBUG main            d.u.i.k.p.i.AbstractProblemLoader Init config took 2.32s 
168791     INFO  main            d.u.i.k.p.i.AbstractProblemLoader Replaying proof simplest.key.proof 
168793     DEBUG main            d.u.i.k.p.i.IntermediateProofReplayer Proof replay took 95.7ns 
168794     DEBUG main            d.u.i.k.p.r.p.TestFile    ... success: reloaded. 
168794     INFO  main            d.u.i.k.p.r.p.TestFile    Now processing file /home/runner/work/key/key/key.core/../key.ui/examples/standard_key/prop_log/contraposition.key 
168794     INFO  main            d.u.i.k.p.i.AbstractProblemLoader Loading environment from /home/runner/work/key/key/key.core/../key.ui/examples/standard_key/prop_log/contraposition.key 
168794     DEBUG main            d.u.i.k.p.i.AbstractProblemLoader Environment load took 158.4ns 
168797     INFO  main            d.u.i.k.p.i.AbstractProblemLoader Creating init config 
171165     DEBUG main            d.u.i.k.p.i.AbstractProblemLoader Init config took 2.37s 
171177     INFO  main            d.u.i.k.p.i.AbstractProblemLoader Replaying proof contraposition.key 
171178     DEBUG main            d.u.i.k.p.i.IntermediateProofReplayer Proof replay took 6.8ns 
171280     INFO  main            d.u.i.k.p.r.p.TestFile    ... finished proof: closed. 
171531     INFO  main            d.u.i.k.p.i.AbstractProblemLoader Loading environment from /home/runner/work/key/key/key.core/../key.ui/examples/standard_key/prop_log/contraposition.key.proof 
171531     DEBUG main            d.u.i.k.p.i.AbstractProblemLoader Environment load took 84.4ns 
171532     INFO  main            d.u.i.k.p.i.AbstractProblemLoader Creating init config 
173838     DEBUG main            d.u.i.k.p.i.AbstractProblemLoader Init config took 2.31s 
173850     INFO  main            d.u.i.k.p.i.AbstractProblemLoader Replaying proof contraposition.key.proof 
173851     DEBUG main            d.u.i.k.p.i.IntermediateProofReplayer Proof replay took 322.7ns 
173852     DEBUG main            d.u.i.k.p.r.p.TestFile    ... success: reloaded. 
173852     INFO  main            d.u.i.k.p.r.p.TestFile    Now processing file /home/runner/work/key/key/key.core/../key.ui/examples/standard_key/quantifiers/elimination0.key 
173852     INFO  main            d.u.i.k.p.i.AbstractProblemLoader Loading environment from /home/runner/work/key/key/key.core/../key.ui/examples/standard_key/quantifiers/elimination0.key 
173852     DEBUG main            d.u.i.k.p.i.AbstractProblemLoader Environment load took 58.6ns 
173853     INFO  main            d.u.i.k.p.i.AbstractProblemLoader Creating init config 
176212     DEBUG main            d.u.i.k.p.i.AbstractProblemLoader Init config took 2.36s 
176224     INFO  main            d.u.i.k.p.i.AbstractProblemLoader Replaying proof elimination0.key 
176225     DEBUG main            d.u.i.k.p.i.IntermediateProofReplayer Proof replay took 6.9ns 
176327     INFO  main            d.u.i.k.p.r.p.TestFile    ... finished proof: closed. 
176581     INFO  main            d.u.i.k.p.i.AbstractProblemLoader Loading environment from /home/runner/work/key/key/key.core/../key.ui/examples/standard_key/quantifiers/elimination0.key.proof 
176581     DEBUG main            d.u.i.k.p.i.AbstractProblemLoader Environment load took 88.2ns 
176582     INFO  main            d.u.i.k.p.i.AbstractProblemLoader Creating init config 
178900     DEBUG main            d.u.i.k.p.i.AbstractProblemLoader Init config took 2.32s 
178912     INFO  main            d.u.i.k.p.i.AbstractProblemLoader Replaying proof elimination0.key.proof 
178914     DEBUG main            d.u.i.k.p.i.IntermediateProofReplayer Proof replay took 828.4ns 
178915     DEBUG main            d.u.i.k.p.r.p.TestFile    ... success: reloaded. 
178915     INFO  main            d.u.i.k.p.r.p.TestFile    Now processing file /home/runner/work/key/key/key.core/../key.ui/examples/standard_key/quantifiers/heuristic_PUZ001p1-eq.key 
178916     INFO  main            d.u.i.k.p.i.AbstractProblemLoader Loading environment from /home/runner/work/key/key/key.core/../key.ui/examples/standard_key/quantifiers/heuristic_PUZ001p1-eq.key 
178916     DEBUG main            d.u.i.k.p.i.AbstractProblemLoader Environment load took 72.6ns 
178917     INFO  main            d.u.i.k.p.i.AbstractProblemLoader Creating init config 
181262     DEBUG main            d.u.i.k.p.i.AbstractProblemLoader Init config took 2.35s 
181275     INFO  main            d.u.i.k.p.i.AbstractProblemLoader Replaying proof heuristic_PUZ001p1-eq.key 
181277     DEBUG main            d.u.i.k.p.i.IntermediateProofReplayer Proof replay took 6.6ns 
181379     INFO  main            d.u.i.k.p.r.p.TestFile    ... finished proof: closed. 
181656     INFO  main            d.u.i.k.p.i.AbstractProblemLoader Loading environment from /home/runner/work/key/key/key.core/../key.ui/examples/standard_key/quantifiers/heuristic_PUZ001p1-eq.key.proof 
181657     DEBUG main            d.u.i.k.p.i.AbstractProblemLoader Environment load took 94.5ns 
181658     INFO  main            d.u.i.k.p.i.AbstractProblemLoader Creating init config 
183971     DEBUG main            d.u.i.k.p.i.AbstractProblemLoader Init config took 2.31s 
183984     INFO  main            d.u.i.k.p.i.AbstractProblemLoader Replaying proof heuristic_PUZ001p1-eq.key.proof 
183992     DEBUG main            d.u.i.k.p.i.IntermediateProofReplayer Proof replay took 5.62ms 
183993     DEBUG main            d.u.i.k.p.r.p.TestFile    ... success: reloaded. 
183993     INFO  main            d.u.i.k.p.r.p.TestFile    Now processing file /home/runner/work/key/key/key.core/../key.ui/examples/standard_key/quantifiers/heuristic_PUZ001p1.key 
183993     INFO  main            d.u.i.k.p.i.AbstractProblemLoader Loading environment from /home/runner/work/key/key/key.core/../key.ui/examples/standard_key/quantifiers/heuristic_PUZ001p1.key 
183994     DEBUG main            d.u.i.k.p.i.AbstractProblemLoader Environment load took 76ns 
183995     INFO  main            d.u.i.k.p.i.AbstractProblemLoader Creating init config 
186375     DEBUG main            d.u.i.k.p.i.AbstractProblemLoader Init config took 2.38s 
186389     INFO  main            d.u.i.k.p.i.AbstractProblemLoader Replaying proof heuristic_PUZ001p1.key 
186390     DEBUG main            d.u.i.k.p.i.IntermediateProofReplayer Proof replay took 6.6ns 
187603     INFO  main            d.u.i.k.p.r.p.TestFile    ... finished proof: closed. 
187885     INFO  main            d.u.i.k.p.i.AbstractProblemLoader Loading environment from /home/runner/work/key/key/key.core/../key.ui/examples/standard_key/quantifiers/heuristic_PUZ001p1.key.proof 
187886     DEBUG main            d.u.i.k.p.i.AbstractProblemLoader Environment load took 380.9ns 
187887     INFO  main            d.u.i.k.p.i.AbstractProblemLoader Creating init config 
190223     DEBUG main            d.u.i.k.p.i.AbstractProblemLoader Init config took 2.34s 
190237     INFO  main            d.u.i.k.p.i.AbstractProblemLoader Replaying proof heuristic_PUZ001p1.key.proof 
190264     DEBUG main            d.u.i.k.p.i.IntermediateProofReplayer Proof replay took 23.76ms 
190266     DEBUG main            d.u.i.k.p.r.p.TestFile    ... success: reloaded. 
190267     INFO  main            d.u.i.k.p.r.p.TestFile    Now processing file /home/runner/work/key/key/key.core/../key.ui/examples/standard_key/quantifiers/heuristic_PUZ031p1.key 
190267     INFO  main            d.u.i.k.p.i.AbstractProblemLoader Loading environment from /home/runner/work/key/key/key.core/../key.ui/examples/standard_key/quantifiers/heuristic_PUZ031p1.key 
190267     DEBUG main            d.u.i.k.p.i.AbstractProblemLoader Environment load took 74.3ns 
190268     INFO  main            d.u.i.k.p.i.AbstractProblemLoader Creating init config 
192651     DEBUG main            d.u.i.k.p.i.AbstractProblemLoader Init config took 2.38s 
192665     INFO  main            d.u.i.k.p.i.AbstractProblemLoader Replaying proof heuristic_PUZ031p1.key 
192666     DEBUG main            d.u.i.k.p.i.IntermediateProofReplayer Proof replay took 6.5ns 
197173     INFO  main            d.u.i.k.p.r.p.TestFile    ... finished proof: closed. 
197474     INFO  main            d.u.i.k.p.i.AbstractProblemLoader Loading environment from /home/runner/work/key/key/key.core/../key.ui/examples/standard_key/quantifiers/heuristic_PUZ031p1.key.proof 
197476     DEBUG main            d.u.i.k.p.i.AbstractProblemLoader Environment load took 2.24ms 
197478     INFO  main            d.u.i.k.p.i.AbstractProblemLoader Creating init config 
199822     DEBUG main            d.u.i.k.p.i.AbstractProblemLoader Init config took 2.34s 
199836     INFO  main            d.u.i.k.p.i.AbstractProblemLoader Replaying proof heuristic_PUZ031p1.key.proof 
199866     DEBUG main            d.u.i.k.p.i.IntermediateProofReplayer Proof replay took 26.09ms 
199867     DEBUG main            d.u.i.k.p.r.p.TestFile    ... success: reloaded. 
199868     INFO  main            d.u.i.k.p.r.p.TestFile    Now processing file /home/runner/work/key/key/key.core/../key.ui/examples/standard_key/quantifiers/heuristic_SYN036p2.key 
199868     INFO  main            d.u.i.k.p.i.AbstractProblemLoader Loading environment from /home/runner/work/key/key/key.core/../key.ui/examples/standard_key/quantifiers/heuristic_SYN036p2.key 
199869     DEBUG main            d.u.i.k.p.i.AbstractProblemLoader Environment load took 156ns 
199870     INFO  main            d.u.i.k.p.i.AbstractProblemLoader Creating init config 
202225     DEBUG main            d.u.i.k.p.i.AbstractProblemLoader Init config took 2.36s 
202238     INFO  main            d.u.i.k.p.i.AbstractProblemLoader Replaying proof heuristic_SYN036p2.key 
202239     DEBUG main            d.u.i.k.p.i.IntermediateProofReplayer Proof replay took 6.1ns 
202443     INFO  main            d.u.i.k.p.r.p.TestFile    ... finished proof: closed. 
202751     INFO  main            d.u.i.k.p.i.AbstractProblemLoader Loading environment from /home/runner/work/key/key/key.core/../key.ui/examples/standard_key/quantifiers/heuristic_SYN036p2.key.proof 
202751     DEBUG main            d.u.i.k.p.i.AbstractProblemLoader Environment load took 307.9ns 
202752     INFO  main            d.u.i.k.p.i.AbstractProblemLoader Creating init config 
205064     DEBUG main            d.u.i.k.p.i.AbstractProblemLoader Init config took 2.31s 
205076     INFO  main            d.u.i.k.p.i.AbstractProblemLoader Replaying proof heuristic_SYN036p2.key.proof 
205116     DEBUG main            d.u.i.k.p.i.IntermediateProofReplayer Proof replay took 32.92ms 
205117     DEBUG main            d.u.i.k.p.r.p.TestFile    ... success: reloaded. 
205118     INFO  main            d.u.i.k.p.r.p.TestFile    Now processing file /home/runner/work/key/key/key.core/../key.ui/examples/standard_key/quantifiers/injectivity.key 
205118     INFO  main            d.u.i.k.p.i.AbstractProblemLoader Loading environment from /home/runner/work/key/key/key.core/../key.ui/examples/standard_key/quantifiers/injectivity.key 
205118     DEBUG main            d.u.i.k.p.i.AbstractProblemLoader Environment load took 70.5ns 
205119     INFO  main            d.u.i.k.p.i.AbstractProblemLoader Creating init config 
207460     DEBUG main            d.u.i.k.p.i.AbstractProblemLoader Init config took 2.34s 
207472     INFO  main            d.u.i.k.p.i.AbstractProblemLoader Replaying proof injectivity.key 
207474     DEBUG main            d.u.i.k.p.i.IntermediateProofReplayer Proof replay took 7ns 
207575     INFO  main            d.u.i.k.p.r.p.TestFile    ... finished proof: closed. 
207859     INFO  main            d.u.i.k.p.i.AbstractProblemLoader Loading environment from /home/runner/work/key/key/key.core/../key.ui/examples/standard_key/quantifiers/injectivity.key.proof 
207859     DEBUG main            d.u.i.k.p.i.AbstractProblemLoader Environment load took 96.5ns 
207860     INFO  main            d.u.i.k.p.i.AbstractProblemLoader Creating init config 
210167     DEBUG main            d.u.i.k.p.i.AbstractProblemLoader Init config took 2.31s 
210179     INFO  main            d.u.i.k.p.i.AbstractProblemLoader Replaying proof injectivity.key.proof 
210181     DEBUG main            d.u.i.k.p.i.IntermediateProofReplayer Proof replay took 1.09ms 
210182     DEBUG main            d.u.i.k.p.r.p.TestFile    ... success: reloaded. 
210182     INFO  main            d.u.i.k.p.r.p.TestFile    Now processing file /home/runner/work/key/key/key.core/../key.ui/examples/standard_key/quantifiers/normalisation0.key 
210183     INFO  main            d.u.i.k.p.i.AbstractProblemLoader Loading environment from /home/runner/work/key/key/key.core/../key.ui/examples/standard_key/quantifiers/normalisation0.key 
210183     DEBUG main            d.u.i.k.p.i.AbstractProblemLoader Environment load took 59.8ns 
210184     INFO  main            d.u.i.k.p.i.AbstractProblemLoader Creating init config 
212522     DEBUG main            d.u.i.k.p.i.AbstractProblemLoader Init config took 2.34s 
212534     INFO  main            d.u.i.k.p.i.AbstractProblemLoader Replaying proof normalisation0.key 
212535     DEBUG main            d.u.i.k.p.i.IntermediateProofReplayer Proof replay took 6.6ns 
212637     INFO  main            d.u.i.k.p.r.p.TestFile    ... finished proof: closed. 
212929     INFO  main            d.u.i.k.p.i.AbstractProblemLoader Loading environment from /home/runner/work/key/key/key.core/../key.ui/examples/standard_key/quantifiers/normalisation0.key.proof 
212929     DEBUG main            d.u.i.k.p.i.AbstractProblemLoader Environment load took 82.3ns 
212931     INFO  main            d.u.i.k.p.i.AbstractProblemLoader Creating init config 
215242     DEBUG main            d.u.i.k.p.i.AbstractProblemLoader Init config took 2.31s 
215257     INFO  main            d.u.i.k.p.i.AbstractProblemLoader Replaying proof normalisation0.key.proof 
215260     DEBUG main            d.u.i.k.p.i.IntermediateProofReplayer Proof replay took 1.31ms 
215262     DEBUG main            d.u.i.k.p.r.p.TestFile    ... success: reloaded. 
215263     INFO  main            d.u.i.k.p.r.p.TestFile    Now processing file /home/runner/work/key/key/key.core/../key.ui/examples/standard_key/quantifiers/normalisation1.key 
215263     INFO  main            d.u.i.k.p.i.AbstractProblemLoader Loading environment from /home/runner/work/key/key/key.core/../key.ui/examples/standard_key/quantifiers/normalisation1.key 
215263     DEBUG main            d.u.i.k.p.i.AbstractProblemLoader Environment load took 145.3ns 
215264     INFO  main            d.u.i.k.p.i.AbstractProblemLoader Creating init config 
217615     DEBUG main            d.u.i.k.p.i.AbstractProblemLoader Init config took 2.35s 
217632     INFO  main            d.u.i.k.p.i.AbstractProblemLoader Replaying proof normalisation1.key 
217634     DEBUG main            d.u.i.k.p.i.IntermediateProofReplayer Proof replay took 6.7ns 
217739     INFO  main            d.u.i.k.p.r.p.TestFile    ... finished proof: closed. 
218050     INFO  main            d.u.i.k.p.i.AbstractProblemLoader Loading environment from /home/runner/work/key/key/key.core/../key.ui/examples/standard_key/quantifiers/normalisation1.key.proof 
218050     DEBUG main            d.u.i.k.p.i.AbstractProblemLoader Environment load took 83.3ns 
218051     INFO  main            d.u.i.k.p.i.AbstractProblemLoader Creating init config 
220368     DEBUG main            d.u.i.k.p.i.AbstractProblemLoader Init config took 2.32s 
220381     INFO  main            d.u.i.k.p.i.AbstractProblemLoader Replaying proof normalisation1.key.proof 
220383     DEBUG main            d.u.i.k.p.i.IntermediateProofReplayer Proof replay took 734.1ns 
220383     DEBUG main            d.u.i.k.p.r.p.TestFile    ... success: reloaded. 
220384     INFO  main            d.u.i.k.p.r.p.TestFile    Now processing file /home/runner/work/key/key/key.core/../key.ui/examples/standard_key/quantifiers/normalisation2.key 
220384     INFO  main            d.u.i.k.p.i.AbstractProblemLoader Loading environment from /home/runner/work/key/key/key.core/../key.ui/examples/standard_key/quantifiers/normalisation2.key 
220384     DEBUG main            d.u.i.k.p.i.AbstractProblemLoader Environment load took 58.7ns 
220385     INFO  main            d.u.i.k.p.i.AbstractProblemLoader Creating init config 
222728     DEBUG main            d.u.i.k.p.i.AbstractProblemLoader Init config took 2.34s 
222741     INFO  main            d.u.i.k.p.i.AbstractProblemLoader Replaying proof normalisation2.key 
222742     DEBUG main            d.u.i.k.p.i.IntermediateProofReplayer Proof replay took 6.2ns 
222843     INFO  main            d.u.i.k.p.r.p.TestFile    ... finished proof: closed. 
223242     INFO  main            d.u.i.k.p.i.AbstractProblemLoader Loading environment from /home/runner/work/key/key/key.core/../key.ui/examples/standard_key/quantifiers/normalisation2.key.proof 
223242     DEBUG main            d.u.i.k.p.i.AbstractProblemLoader Environment load took 84.6ns 
223243     INFO  main            d.u.i.k.p.i.AbstractProblemLoader Creating init config 
225550     DEBUG main            d.u.i.k.p.i.AbstractProblemLoader Init config took 2.31s 
225562     INFO  main            d.u.i.k.p.i.AbstractProblemLoader Replaying proof normalisation2.key.proof 
225564     DEBUG main            d.u.i.k.p.i.IntermediateProofReplayer Proof replay took 837ns 
225565     DEBUG main            d.u.i.k.p.r.p.TestFile    ... success: reloaded. 
225565     INFO  main            d.u.i.k.p.r.p.TestFile    Now processing file /home/runner/work/key/key/key.core/../key.ui/examples/standard_key/quantifiers/normalisation3.key 
225566     INFO  main            d.u.i.k.p.i.AbstractProblemLoader Loading environment from /home/runner/work/key/key/key.core/../key.ui/examples/standard_key/quantifiers/normalisation3.key 
225566     DEBUG main            d.u.i.k.p.i.AbstractProblemLoader Environment load took 44.6ns 
225567     INFO  main            d.u.i.k.p.i.AbstractProblemLoader Creating init config 
227900     DEBUG main            d.u.i.k.p.i.AbstractProblemLoader Init config took 2.33s 
227912     INFO  main            d.u.i.k.p.i.AbstractProblemLoader Replaying proof normalisation3.key 
227914     DEBUG main            d.u.i.k.p.i.IntermediateProofReplayer Proof replay took 6.9ns 
228015     INFO  main            d.u.i.k.p.r.p.TestFile    ... finished proof: closed. 
228319     INFO  main            d.u.i.k.p.i.AbstractProblemLoader Loading environment from /home/runner/work/key/key/key.core/../key.ui/examples/standard_key/quantifiers/normalisation3.key.proof 
228319     DEBUG main            d.u.i.k.p.i.AbstractProblemLoader Environment load took 75.6ns 
228320     INFO  main            d.u.i.k.p.i.AbstractProblemLoader Creating init config 
230626     DEBUG main            d.u.i.k.p.i.AbstractProblemLoader Init config took 2.31s 
230638     INFO  main            d.u.i.k.p.i.AbstractProblemLoader Replaying proof normalisation3.key.proof 
230640     DEBUG main            d.u.i.k.p.i.IntermediateProofReplayer Proof replay took 1.06ms 
230641     DEBUG main            d.u.i.k.p.r.p.TestFile    ... success: reloaded. 
230642     INFO  main            d.u.i.k.p.r.p.TestFile    Now processing file /home/runner/work/key/key/key.core/../key.ui/examples/standard_key/quantifiers/normalisation4.key 
230642     INFO  main            d.u.i.k.p.i.AbstractProblemLoader Loading environment from /home/runner/work/key/key/key.core/../key.ui/examples/standard_key/quantifiers/normalisation4.key 
230642     DEBUG main            d.u.i.k.p.i.AbstractProblemLoader Environment load took 60.7ns 
230643     INFO  main            d.u.i.k.p.i.AbstractProblemLoader Creating init config 
232980     DEBUG main            d.u.i.k.p.i.AbstractProblemLoader Init config took 2.34s 
232992     INFO  main            d.u.i.k.p.i.AbstractProblemLoader Replaying proof normalisation4.key 
232993     DEBUG main            d.u.i.k.p.i.IntermediateProofReplayer Proof replay took 6.6ns 
233095     INFO  main            d.u.i.k.p.r.p.TestFile    ... finished proof: closed. 
233486     INFO  main            d.u.i.k.p.i.AbstractProblemLoader Loading environment from /home/runner/work/key/key/key.core/../key.ui/examples/standard_key/quantifiers/normalisation4.key.proof 
233486     DEBUG main            d.u.i.k.p.i.AbstractProblemLoader Environment load took 80.9ns 
233487     INFO  main            d.u.i.k.p.i.AbstractProblemLoader Creating init config 
235956     DEBUG main            d.u.i.k.p.i.AbstractProblemLoader Init config took 2.47s 
235968     INFO  main            d.u.i.k.p.i.AbstractProblemLoader Replaying proof normalisation4.key.proof 
235971     DEBUG main            d.u.i.k.p.i.IntermediateProofReplayer Proof replay took 1.99ms 
235972     DEBUG main            d.u.i.k.p.r.p.TestFile    ... success: reloaded. 
235972     INFO  main            d.u.i.k.p.r.p.TestFile    Now processing file /home/runner/work/key/key/key.core/../key.ui/examples/standard_key/quantifiers/normalisation5.key 
235973     INFO  main            d.u.i.k.p.i.AbstractProblemLoader Loading environment from /home/runner/work/key/key/key.core/../key.ui/examples/standard_key/quantifiers/normalisation5.key 
235973     DEBUG main            d.u.i.k.p.i.AbstractProblemLoader Environment load took 46.5ns 
235974     INFO  main            d.u.i.k.p.i.AbstractProblemLoader Creating init config 
238306     DEBUG main            d.u.i.k.p.i.AbstractProblemLoader Init config took 2.33s 
238318     INFO  main            d.u.i.k.p.i.AbstractProblemLoader Replaying proof normalisation5.key 
238319     DEBUG main            d.u.i.k.p.i.IntermediateProofReplayer Proof replay took 7.6ns 
238420     INFO  main            d.u.i.k.p.r.p.TestFile    ... finished proof: closed. 
238741     INFO  main            d.u.i.k.p.i.AbstractProblemLoader Loading environment from /home/runner/work/key/key/key.core/../key.ui/examples/standard_key/quantifiers/normalisation5.key.proof 
238741     DEBUG main            d.u.i.k.p.i.AbstractProblemLoader Environment load took 79.1ns 
238742     INFO  main            d.u.i.k.p.i.AbstractProblemLoader Creating init config 
241048     DEBUG main            d.u.i.k.p.i.AbstractProblemLoader Init config took 2.31s 
241060     INFO  main            d.u.i.k.p.i.AbstractProblemLoader Replaying proof normalisation5.key.proof 
241062     DEBUG main            d.u.i.k.p.i.IntermediateProofReplayer Proof replay took 1.25ms 
241063     DEBUG main            d.u.i.k.p.r.p.TestFile    ... success: reloaded. 
241064     INFO  main            d.u.i.k.p.r.p.TestFile    Now processing file /home/runner/work/key/key/key.core/../key.ui/examples/standard_key/quantifiers/normalisation6.key 
241064     INFO  main            d.u.i.k.p.i.AbstractProblemLoader Loading environment from /home/runner/work/key/key/key.core/../key.ui/examples/standard_key/quantifiers/normalisation6.key 
241064     DEBUG main            d.u.i.k.p.i.AbstractProblemLoader Environment load took 114.8ns 
241065     INFO  main            d.u.i.k.p.i.AbstractProblemLoader Creating init config 
243402     DEBUG main            d.u.i.k.p.i.AbstractProblemLoader Init config took 2.34s 
243414     INFO  main            d.u.i.k.p.i.AbstractProblemLoader Replaying proof normalisation6.key 
243415     DEBUG main            d.u.i.k.p.i.IntermediateProofReplayer Proof replay took 7.2ns 
243516     INFO  main            d.u.i.k.p.r.p.TestFile    ... finished proof: closed. 
243834     INFO  main            d.u.i.k.p.i.AbstractProblemLoader Loading environment from /home/runner/work/key/key/key.core/../key.ui/examples/standard_key/quantifiers/normalisation6.key.proof 
243834     DEBUG main            d.u.i.k.p.i.AbstractProblemLoader Environment load took 89.2ns 
243835     INFO  main            d.u.i.k.p.i.AbstractProblemLoader Creating init config 
246145     DEBUG main            d.u.i.k.p.i.AbstractProblemLoader Init config took 2.31s 
246157     INFO  main            d.u.i.k.p.i.AbstractProblemLoader Replaying proof normalisation6.key.proof 
246160     DEBUG main            d.u.i.k.p.i.IntermediateProofReplayer Proof replay took 1.05ms 
246160     DEBUG main            d.u.i.k.p.r.p.TestFile    ... success: reloaded. 
246161     INFO  main            d.u.i.k.p.r.p.TestFile    Now processing file /home/runner/work/key/key/key.core/../key.ui/examples/standard_key/quantifiers/normalisation7.key 
246161     INFO  main            d.u.i.k.p.i.AbstractProblemLoader Loading environment from /home/runner/work/key/key/key.core/../key.ui/examples/standard_key/quantifiers/normalisation7.key 
246161     DEBUG main            d.u.i.k.p.i.AbstractProblemLoader Environment load took 50.9ns 
246162     INFO  main            d.u.i.k.p.i.AbstractProblemLoader Creating init config 
248491     DEBUG main            d.u.i.k.p.i.AbstractProblemLoader Init config took 2.33s 
248504     INFO  main            d.u.i.k.p.i.AbstractProblemLoader Replaying proof normalisation7.key 
248505     DEBUG main            d.u.i.k.p.i.IntermediateProofReplayer Proof replay took 6.4ns 
248606     INFO  main            d.u.i.k.p.r.p.TestFile    ... finished proof: closed. 
248931     INFO  main            d.u.i.k.p.i.AbstractProblemLoader Loading environment from /home/runner/work/key/key/key.core/../key.ui/examples/standard_key/quantifiers/normalisation7.key.proof 
248931     DEBUG main            d.u.i.k.p.i.AbstractProblemLoader Environment load took 79ns 
248932     INFO  main            d.u.i.k.p.i.AbstractProblemLoader Creating init config 
251233     DEBUG main            d.u.i.k.p.i.AbstractProblemLoader Init config took 2.3s 
251246     INFO  main            d.u.i.k.p.i.AbstractProblemLoader Replaying proof normalisation7.key.proof 
251248     DEBUG main            d.u.i.k.p.i.IntermediateProofReplayer Proof replay took 895.5ns 
251249     DEBUG main            d.u.i.k.p.r.p.TestFile    ... success: reloaded. 
251250     INFO  main            d.u.i.k.p.r.p.TestFile    Now processing file /home/runner/work/key/key/key.core/../key.ui/examples/standard_key/quantifiers/normalisation8.key 
251250     INFO  main            d.u.i.k.p.i.AbstractProblemLoader Loading environment from /home/runner/work/key/key/key.core/../key.ui/examples/standard_key/quantifiers/normalisation8.key 
251250     DEBUG main            d.u.i.k.p.i.AbstractProblemLoader Environment load took 64.8ns 
251251     INFO  main            d.u.i.k.p.i.AbstractProblemLoader Creating init config 
253583     DEBUG main            d.u.i.k.p.i.AbstractProblemLoader Init config took 2.33s 
253596     INFO  main            d.u.i.k.p.i.AbstractProblemLoader Replaying proof normalisation8.key 
253597     DEBUG main            d.u.i.k.p.i.IntermediateProofReplayer Proof replay took 7.5ns 
253699     INFO  main            d.u.i.k.p.r.p.TestFile    ... finished proof: closed. 
254015     INFO  main            d.u.i.k.p.i.AbstractProblemLoader Loading environment from /home/runner/work/key/key/key.core/../key.ui/examples/standard_key/quantifiers/normalisation8.key.proof 
254015     DEBUG main            d.u.i.k.p.i.AbstractProblemLoader Environment load took 80.4ns 
254016     INFO  main            d.u.i.k.p.i.AbstractProblemLoader Creating init config 
256318     DEBUG main            d.u.i.k.p.i.AbstractProblemLoader Init config took 2.3s 
256331     INFO  main            d.u.i.k.p.i.AbstractProblemLoader Replaying proof normalisation8.key.proof 
256336     DEBUG main            d.u.i.k.p.i.IntermediateProofReplayer Proof replay took 2.16ms 
256337     DEBUG main            d.u.i.k.p.r.p.TestFile    ... success: reloaded. 
256337     INFO  main            d.u.i.k.p.r.p.TestFile    Now processing file /home/runner/work/key/key/key.core/../key.ui/examples/standard_key/quantifiers/normalisation9.key 
256338     INFO  main            d.u.i.k.p.i.AbstractProblemLoader Loading environment from /home/runner/work/key/key/key.core/../key.ui/examples/standard_key/quantifiers/normalisation9.key 
256338     DEBUG main            d.u.i.k.p.i.AbstractProblemLoader Environment load took 45.7ns 
256338     INFO  main            d.u.i.k.p.i.AbstractProblemLoader Creating init config 
258680     DEBUG main            d.u.i.k.p.i.AbstractProblemLoader Init config took 2.34s 
258693     INFO  main            d.u.i.k.p.i.AbstractProblemLoader Replaying proof normalisation9.key 
258694     DEBUG main            d.u.i.k.p.i.IntermediateProofReplayer Proof replay took 23ns 
258795     INFO  main            d.u.i.k.p.r.p.TestFile    ... finished proof: closed. 
259128     INFO  main            d.u.i.k.p.i.AbstractProblemLoader Loading environment from /home/runner/work/key/key/key.core/../key.ui/examples/standard_key/quantifiers/normalisation9.key.proof 
259128     DEBUG main            d.u.i.k.p.i.AbstractProblemLoader Environment load took 72.1ns 
259129     INFO  main            d.u.i.k.p.i.AbstractProblemLoader Creating init config 
261434     DEBUG main            d.u.i.k.p.i.AbstractProblemLoader Init config took 2.3s 
261446     INFO  main            d.u.i.k.p.i.AbstractProblemLoader Replaying proof normalisation9.key.proof 
261450     DEBUG main            d.u.i.k.p.i.IntermediateProofReplayer Proof replay took 2.15ms 
261450     DEBUG main            d.u.i.k.p.r.p.TestFile    ... success: reloaded. 
261451     INFO  main            d.u.i.k.p.r.p.TestFile    Now processing file /home/runner/work/key/key/key.core/../key.ui/examples/standard_key/quantifiers/normalisation10.key 
261451     INFO  main            d.u.i.k.p.i.AbstractProblemLoader Loading environment from /home/runner/work/key/key/key.core/../key.ui/examples/standard_key/quantifiers/normalisation10.key 
261451     DEBUG main            d.u.i.k.p.i.AbstractProblemLoader Environment load took 52.6ns 
261452     INFO  main            d.u.i.k.p.i.AbstractProblemLoader Creating init config 
263795     DEBUG main            d.u.i.k.p.i.AbstractProblemLoader Init config took 2.34s 
263807     INFO  main            d.u.i.k.p.i.AbstractProblemLoader Replaying proof normalisation10.key 
263809     DEBUG main            d.u.i.k.p.i.IntermediateProofReplayer Proof replay took 7ns 
263910     INFO  main            d.u.i.k.p.r.p.TestFile    ... finished proof: closed. 
264249     INFO  main            d.u.i.k.p.i.AbstractProblemLoader Loading environment from /home/runner/work/key/key/key.core/../key.ui/examples/standard_key/quantifiers/normalisation10.key.proof 
264249     DEBUG main            d.u.i.k.p.i.AbstractProblemLoader Environment load took 80ns 
264250     INFO  main            d.u.i.k.p.i.AbstractProblemLoader Creating init config 
266552     DEBUG main            d.u.i.k.p.i.AbstractProblemLoader Init config took 2.3s 
266565     INFO  main            d.u.i.k.p.i.AbstractProblemLoader Replaying proof normalisation10.key.proof 
266569     DEBUG main            d.u.i.k.p.i.IntermediateProofReplayer Proof replay took 2.49ms 
266570     DEBUG main            d.u.i.k.p.r.p.TestFile    ... success: reloaded. 
266570     INFO  main            d.u.i.k.p.r.p.TestFile    Now processing file /home/runner/work/key/key/key.core/../key.ui/examples/standard_key/quantifiers/normalisation12.key 
266571     INFO  main            d.u.i.k.p.i.AbstractProblemLoader Loading environment from /home/runner/work/key/key/key.core/../key.ui/examples/standard_key/quantifiers/normalisation12.key 
266571     DEBUG main            d.u.i.k.p.i.AbstractProblemLoader Environment load took 65.2ns 
266571     INFO  main            d.u.i.k.p.i.AbstractProblemLoader Creating init config 
268914     DEBUG main            d.u.i.k.p.i.AbstractProblemLoader Init config took 2.34s 
268926     INFO  main            d.u.i.k.p.i.AbstractProblemLoader Replaying proof normalisation12.key 
268927     DEBUG main            d.u.i.k.p.i.IntermediateProofReplayer Proof replay took 6.3ns 
269029     INFO  main            d.u.i.k.p.r.p.TestFile    ... finished proof: closed. 
269369     INFO  main            d.u.i.k.p.i.AbstractProblemLoader Loading environment from /home/runner/work/key/key/key.core/../key.ui/examples/standard_key/quantifiers/normalisation12.key.proof 
269369     DEBUG main            d.u.i.k.p.i.AbstractProblemLoader Environment load took 82ns 
269370     INFO  main            d.u.i.k.p.i.AbstractProblemLoader Creating init config 
271672     DEBUG main            d.u.i.k.p.i.AbstractProblemLoader Init config took 2.3s 
271684     INFO  main            d.u.i.k.p.i.AbstractProblemLoader Replaying proof normalisation12.key.proof 
271686     DEBUG main            d.u.i.k.p.i.IntermediateProofReplayer Proof replay took 703.8ns 
271687     DEBUG main            d.u.i.k.p.r.p.TestFile    ... success: reloaded. 
271687     INFO  main            d.u.i.k.p.r.p.TestFile    Now processing file /home/runner/work/key/key/key.core/../key.ui/examples/standard_key/quantifiers/normalisation13.key 
271688     INFO  main            d.u.i.k.p.i.AbstractProblemLoader Loading environment from /home/runner/work/key/key/key.core/../key.ui/examples/standard_key/quantifiers/normalisation13.key 
271688     DEBUG main            d.u.i.k.p.i.AbstractProblemLoader Environment load took 50.3ns 
271688     INFO  main            d.u.i.k.p.i.AbstractProblemLoader Creating init config 
274057     DEBUG main            d.u.i.k.p.i.AbstractProblemLoader Init config took 2.37s 
274069     INFO  main            d.u.i.k.p.i.AbstractProblemLoader Replaying proof normalisation13.key 
274070     DEBUG main            d.u.i.k.p.i.IntermediateProofReplayer Proof replay took 5.9ns 
274174     INFO  main            d.u.i.k.p.r.p.TestFile    ... finished proof: closed. 
274524     INFO  main            d.u.i.k.p.i.AbstractProblemLoader Loading environment from /home/runner/work/key/key/key.core/../key.ui/examples/standard_key/quantifiers/normalisation13.key.proof 
274524     DEBUG main            d.u.i.k.p.i.AbstractProblemLoader Environment load took 75ns 
274525     INFO  main            d.u.i.k.p.i.AbstractProblemLoader Creating init config 
276831     DEBUG main            d.u.i.k.p.i.AbstractProblemLoader Init config took 2.31s 
276843     INFO  main            d.u.i.k.p.i.AbstractProblemLoader Replaying proof normalisation13.key.proof 
276845     DEBUG main            d.u.i.k.p.i.IntermediateProofReplayer Proof replay took 442.1ns 
276845     DEBUG main            d.u.i.k.p.r.p.TestFile    ... success: reloaded. 
276846     INFO  main            d.u.i.k.p.r.p.TestFile    Now processing file /home/runner/work/key/key/key.core/../key.ui/examples/standard_key/quantifiers/triggers0.key 
276846     INFO  main            d.u.i.k.p.i.AbstractProblemLoader Loading environment from /home/runner/work/key/key/key.core/../key.ui/examples/standard_key/quantifiers/triggers0.key 
276846     DEBUG main            d.u.i.k.p.i.AbstractProblemLoader Environment load took 41ns 
276847     INFO  main            d.u.i.k.p.i.AbstractProblemLoader Creating init config 
279186     DEBUG main            d.u.i.k.p.i.AbstractProblemLoader Init config took 2.34s 
279198     INFO  main            d.u.i.k.p.i.AbstractProblemLoader Replaying proof triggers0.key 
279199     DEBUG main            d.u.i.k.p.i.IntermediateProofReplayer Proof replay took 7.2ns 
279302     INFO  main            d.u.i.k.p.r.p.TestFile    ... finished proof: closed. 
279653     INFO  main            d.u.i.k.p.i.AbstractProblemLoader Loading environment from /home/runner/work/key/key/key.core/../key.ui/examples/standard_key/quantifiers/triggers0.key.proof 
279653     DEBUG main            d.u.i.k.p.i.AbstractProblemLoader Environment load took 78.4ns 
279654     INFO  main            d.u.i.k.p.i.AbstractProblemLoader Creating init config 
281953     DEBUG main            d.u.i.k.p.i.AbstractProblemLoader Init config took 2.3s 
281965     INFO  main            d.u.i.k.p.i.AbstractProblemLoader Replaying proof triggers0.key.proof 
281967     DEBUG main            d.u.i.k.p.i.IntermediateProofReplayer Proof replay took 792.3ns 
281968     DEBUG main            d.u.i.k.p.r.p.TestFile    ... success: reloaded. 
3680785    INFO  Test worker     d.u.i.k.p.r.RunAllProofsTestUnit Returning from test FOL 
3680786    INFO  Test worker     d.u.i.k.p.r.RunAllProofsTestUnit Running test strings 
371        INFO  Timeout watchdog d.u.i.k.p.r.p.ForkedTestFileRunner Timeout watcher launched (2000 secs.) 
399        WARN  main            d.u.i.k.s.ProofSettings   The settings in /home/runner/.key/proof-settings.props are *not* read. 
425        INFO  main            d.u.i.k.p.r.p.TestFile    Now processing file /home/runner/work/key/key/key.core/../key.ui/examples/standard_key/strings/charAt0.key 
529        INFO  main            d.u.i.k.p.i.AbstractProblemLoader Loading environment from /home/runner/work/key/key/key.core/../key.ui/examples/standard_key/strings/charAt0.key 
551        DEBUG main            d.u.i.k.p.i.AbstractProblemLoader Environment load took 1.82ms 
798        INFO  main            d.u.i.k.p.i.AbstractProblemLoader Creating init config 
1776       DEBUG main            d.u.i.k.j.TypeConverter   No LDT found for Meta 
1779       DEBUG main            d.u.i.k.j.TypeConverter   No LDT found for Meta 
1783       DEBUG main            d.u.i.k.j.TypeConverter   No LDT found for Meta 
1783       DEBUG main            d.u.i.k.j.TypeConverter   No LDT found for Meta 
3069       DEBUG main            d.u.i.k.j.TypeConverter   No LDT found for JavaBigintExpression 
7649       DEBUG main            d.u.i.k.p.i.AbstractProblemLoader Init config took 6.85s 
7706       INFO  main            d.u.i.k.p.i.AbstractProblemLoader Replaying proof charAt0.key 
7736       DEBUG main            d.u.i.k.p.i.IntermediateProofReplayer Proof replay took 31.2ns 
8167       INFO  main            d.u.i.k.p.r.p.TestFile    ... finished proof: closed. 
8271       INFO  main            d.u.i.k.p.i.AbstractProblemLoader Loading environment from /home/runner/work/key/key/key.core/../key.ui/examples/standard_key/strings/charAt0.key.proof 
8272       DEBUG main            d.u.i.k.p.i.AbstractProblemLoader Environment load took 1.11ms 
8276       INFO  main            d.u.i.k.p.i.AbstractProblemLoader Creating init config 
10896      DEBUG main            d.u.i.k.p.i.AbstractProblemLoader Init config took 2.62s 
10952      INFO  main            d.u.i.k.p.i.AbstractProblemLoader Replaying proof charAt0.key.proof 
10970      DEBUG main            d.u.i.k.p.i.IntermediateProofReplayer Proof replay took 12.11ms 
10983      DEBUG main            d.u.i.k.p.r.p.TestFile    ... success: reloaded. 
10984      INFO  main            d.u.i.k.p.r.p.TestFile    Now processing file /home/runner/work/key/key/key.core/../key.ui/examples/standard_key/strings/charAt1.key 
10985      INFO  main            d.u.i.k.p.i.AbstractProblemLoader Loading environment from /home/runner/work/key/key/key.core/../key.ui/examples/standard_key/strings/charAt1.key 
10985      DEBUG main            d.u.i.k.p.i.AbstractProblemLoader Environment load took 193.3ns 
10988      INFO  main            d.u.i.k.p.i.AbstractProblemLoader Creating init config 
13547      DEBUG main            d.u.i.k.p.i.AbstractProblemLoader Init config took 2.56s 
13577      INFO  main            d.u.i.k.p.i.AbstractProblemLoader Replaying proof charAt1.key 
13579      DEBUG main            d.u.i.k.p.i.IntermediateProofReplayer Proof replay took 5.7ns 
13782      INFO  main            d.u.i.k.p.r.p.TestFile    ... finished proof: closed. 
13927      INFO  main            d.u.i.k.p.i.AbstractProblemLoader Loading environment from /home/runner/work/key/key/key.core/../key.ui/examples/standard_key/strings/charAt1.key.proof 
13927      DEBUG main            d.u.i.k.p.i.AbstractProblemLoader Environment load took 468.8ns 
13928      INFO  main            d.u.i.k.p.i.AbstractProblemLoader Creating init config 
16367      DEBUG main            d.u.i.k.p.i.AbstractProblemLoader Init config took 2.44s 
16396      INFO  main            d.u.i.k.p.i.AbstractProblemLoader Replaying proof charAt1.key.proof 
16410      DEBUG main            d.u.i.k.p.i.IntermediateProofReplayer Proof replay took 10.42ms 
16411      DEBUG main            d.u.i.k.p.r.p.TestFile    ... success: reloaded. 
16412      INFO  main            d.u.i.k.p.r.p.TestFile    Now processing file /home/runner/work/key/key/key.core/../key.ui/examples/standard_key/strings/concat1.key 
16412      INFO  main            d.u.i.k.p.i.AbstractProblemLoader Loading environment from /home/runner/work/key/key/key.core/../key.ui/examples/standard_key/strings/concat1.key 
16413      DEBUG main            d.u.i.k.p.i.AbstractProblemLoader Environment load took 181.2ns 
16414      INFO  main            d.u.i.k.p.i.AbstractProblemLoader Creating init config 
18922      DEBUG main            d.u.i.k.p.i.AbstractProblemLoader Init config took 2.51s 
18941      INFO  main            d.u.i.k.p.i.AbstractProblemLoader Replaying proof concat1.key 
18943      DEBUG main            d.u.i.k.p.i.IntermediateProofReplayer Proof replay took 6.3ns 
19045      INFO  main            d.u.i.k.p.r.p.TestFile    ... finished proof: closed. 
19165      INFO  main            d.u.i.k.p.i.AbstractProblemLoader Loading environment from /home/runner/work/key/key/key.core/../key.ui/examples/standard_key/strings/concat1.key.proof 
19165      DEBUG main            d.u.i.k.p.i.AbstractProblemLoader Environment load took 114.4ns 
19166      INFO  main            d.u.i.k.p.i.AbstractProblemLoader Creating init config 
21570      DEBUG main            d.u.i.k.p.i.AbstractProblemLoader Init config took 2.4s 
21590      INFO  main            d.u.i.k.p.i.AbstractProblemLoader Replaying proof concat1.key.proof 
21598      DEBUG main            d.u.i.k.p.i.IntermediateProofReplayer Proof replay took 1.21ms 
21599      DEBUG main            d.u.i.k.p.r.p.TestFile    ... success: reloaded. 
21602      INFO  main            d.u.i.k.p.r.p.TestFile    Now processing file /home/runner/work/key/key/key.core/../key.ui/examples/standard_key/strings/concat2.key 
21602      INFO  main            d.u.i.k.p.i.AbstractProblemLoader Loading environment from /home/runner/work/key/key/key.core/../key.ui/examples/standard_key/strings/concat2.key 
21602      DEBUG main            d.u.i.k.p.i.AbstractProblemLoader Environment load took 170.2ns 
21604      INFO  main            d.u.i.k.p.i.AbstractProblemLoader Creating init config 
24069      DEBUG main            d.u.i.k.p.i.AbstractProblemLoader Init config took 2.46s 
24087      INFO  main            d.u.i.k.p.i.AbstractProblemLoader Replaying proof concat2.key 
24089      DEBUG main            d.u.i.k.p.i.IntermediateProofReplayer Proof replay took 5.2ns 
24193      INFO  main            d.u.i.k.p.r.p.TestFile    ... finished proof: closed. 
24314      INFO  main            d.u.i.k.p.i.AbstractProblemLoader Loading environment from /home/runner/work/key/key/key.core/../key.ui/examples/standard_key/strings/concat2.key.proof 
24315      DEBUG main            d.u.i.k.p.i.AbstractProblemLoader Environment load took 111.2ns 
24319      INFO  main            d.u.i.k.p.i.AbstractProblemLoader Creating init config 
26745      DEBUG main            d.u.i.k.p.i.AbstractProblemLoader Init config took 2.43s 
26763      INFO  main            d.u.i.k.p.i.AbstractProblemLoader Replaying proof concat2.key.proof 
26772      DEBUG main            d.u.i.k.p.i.IntermediateProofReplayer Proof replay took 6.47ms 
26773      DEBUG main            d.u.i.k.p.r.p.TestFile    ... success: reloaded. 
26773      INFO  main            d.u.i.k.p.r.p.TestFile    Now processing file /home/runner/work/key/key/key.core/../key.ui/examples/standard_key/strings/deriveLength1.key 
26774      INFO  main            d.u.i.k.p.i.AbstractProblemLoader Loading environment from /home/runner/work/key/key/key.core/../key.ui/examples/standard_key/strings/deriveLength1.key 
26774      DEBUG main            d.u.i.k.p.i.AbstractProblemLoader Environment load took 164ns 
26775      INFO  main            d.u.i.k.p.i.AbstractProblemLoader Creating init config 
29185      DEBUG main            d.u.i.k.p.i.AbstractProblemLoader Init config took 2.41s 
29203      INFO  main            d.u.i.k.p.i.AbstractProblemLoader Replaying proof deriveLength1.key 
29204      DEBUG main            d.u.i.k.p.i.IntermediateProofReplayer Proof replay took 5.7ns 
29313      INFO  main            d.u.i.k.p.r.p.TestFile    ... finished proof: closed. 
29448      INFO  main            d.u.i.k.p.i.AbstractProblemLoader Loading environment from /home/runner/work/key/key/key.core/../key.ui/examples/standard_key/strings/deriveLength1.key.proof 
29448      DEBUG main            d.u.i.k.p.i.AbstractProblemLoader Environment load took 112.8ns 
29449      INFO  main            d.u.i.k.p.i.AbstractProblemLoader Creating init config 
31838      DEBUG main            d.u.i.k.p.i.AbstractProblemLoader Init config took 2.39s 
31858      INFO  main            d.u.i.k.p.i.AbstractProblemLoader Replaying proof deriveLength1.key.proof 
31866      DEBUG main            d.u.i.k.p.i.IntermediateProofReplayer Proof replay took 6.23ms 
31867      DEBUG main            d.u.i.k.p.r.p.TestFile    ... success: reloaded. 
31868      INFO  main            d.u.i.k.p.r.p.TestFile    Now processing file /home/runner/work/key/key/key.core/../key.ui/examples/standard_key/strings/emptyStringLengthZero.key 
31868      INFO  main            d.u.i.k.p.i.AbstractProblemLoader Loading environment from /home/runner/work/key/key/key.core/../key.ui/examples/standard_key/strings/emptyStringLengthZero.key 
31869      DEBUG main            d.u.i.k.p.i.AbstractProblemLoader Environment load took 176.6ns 
31869      INFO  main            d.u.i.k.p.i.AbstractProblemLoader Creating init config 
34269      DEBUG main            d.u.i.k.p.i.AbstractProblemLoader Init config took 2.4s 
34288      INFO  main            d.u.i.k.p.i.AbstractProblemLoader Replaying proof emptyStringLengthZero.key 
34289      DEBUG main            d.u.i.k.p.i.IntermediateProofReplayer Proof replay took 7ns 
34393      INFO  main            d.u.i.k.p.r.p.TestFile    ... finished proof: closed. 
34539      INFO  main            d.u.i.k.p.i.AbstractProblemLoader Loading environment from /home/runner/work/key/key/key.core/../key.ui/examples/standard_key/strings/emptyStringLengthZero.key.proof 
34539      DEBUG main            d.u.i.k.p.i.AbstractProblemLoader Environment load took 109.2ns 
34540      INFO  main            d.u.i.k.p.i.AbstractProblemLoader Creating init config 
36977      DEBUG main            d.u.i.k.p.i.AbstractProblemLoader Init config took 2.44s 
36996      INFO  main            d.u.i.k.p.i.AbstractProblemLoader Replaying proof emptyStringLengthZero.key.proof 
37009      DEBUG main            d.u.i.k.p.i.IntermediateProofReplayer Proof replay took 10.24ms 
37010      DEBUG main            d.u.i.k.p.r.p.TestFile    ... success: reloaded. 
37011      INFO  main            d.u.i.k.p.r.p.TestFile    Now processing file /home/runner/work/key/key/key.core/../key.ui/examples/standard_key/strings/implicitBooleanStringConversion.key 
37012      INFO  main            d.u.i.k.p.i.AbstractProblemLoader Loading environment from /home/runner/work/key/key/key.core/../key.ui/examples/standard_key/strings/implicitBooleanStringConversion.key 
37012      DEBUG main            d.u.i.k.p.i.AbstractProblemLoader Environment load took 86ns 
37013      INFO  main            d.u.i.k.p.i.AbstractProblemLoader Creating init config 
39405      DEBUG main            d.u.i.k.p.i.AbstractProblemLoader Init config took 2.39s 
39425      INFO  main            d.u.i.k.p.i.AbstractProblemLoader Replaying proof implicitBooleanStringConversion.key 
39426      DEBUG main            d.u.i.k.p.i.IntermediateProofReplayer Proof replay took 5.7ns 
40335      INFO  main            d.u.i.k.p.r.p.TestFile    ... finished proof: closed. 
40516      INFO  main            d.u.i.k.p.i.AbstractProblemLoader Loading environment from /home/runner/work/key/key/key.core/../key.ui/examples/standard_key/strings/implicitBooleanStringConversion.key.proof 
40516      DEBUG main            d.u.i.k.p.i.AbstractProblemLoader Environment load took 131.1ns 
40517      INFO  main            d.u.i.k.p.i.AbstractProblemLoader Creating init config 
42900      DEBUG main            d.u.i.k.p.i.AbstractProblemLoader Init config took 2.38s 
42920      INFO  main            d.u.i.k.p.i.AbstractProblemLoader Replaying proof implicitBooleanStringConversion.key.proof 
42971      DEBUG main            d.u.i.k.p.i.IntermediateProofReplayer Proof replay took 45ms 
42972      DEBUG main            d.u.i.k.p.r.p.TestFile    ... success: reloaded. 
42973      INFO  main            d.u.i.k.p.r.p.TestFile    Now processing file /home/runner/work/key/key/key.core/../key.ui/examples/standard_key/strings/implicitBooleanStringConversion2.key 
42973      INFO  main            d.u.i.k.p.i.AbstractProblemLoader Loading environment from /home/runner/work/key/key/key.core/../key.ui/examples/standard_key/strings/implicitBooleanStringConversion2.key 
42973      DEBUG main            d.u.i.k.p.i.AbstractProblemLoader Environment load took 163.4ns 
42974      INFO  main            d.u.i.k.p.i.AbstractProblemLoader Creating init config 
45388      DEBUG main            d.u.i.k.p.i.AbstractProblemLoader Init config took 2.41s 
45406      INFO  main            d.u.i.k.p.i.AbstractProblemLoader Replaying proof implicitBooleanStringConversion2.key 
45409      DEBUG main            d.u.i.k.p.i.IntermediateProofReplayer Proof replay took 6.7ns 
45712      INFO  main            d.u.i.k.p.r.p.TestFile    ... finished proof: closed. 
45882      INFO  main            d.u.i.k.p.i.AbstractProblemLoader Loading environment from /home/runner/work/key/key/key.core/../key.ui/examples/standard_key/strings/implicitBooleanStringConversion2.key.proof 
45882      DEBUG main            d.u.i.k.p.i.AbstractProblemLoader Environment load took 330.2ns 
45883      INFO  main            d.u.i.k.p.i.AbstractProblemLoader Creating init config 
48235      DEBUG main            d.u.i.k.p.i.AbstractProblemLoader Init config took 2.35s 
48257      INFO  main            d.u.i.k.p.i.AbstractProblemLoader Replaying proof implicitBooleanStringConversion2.key.proof 
48278      DEBUG main            d.u.i.k.p.i.IntermediateProofReplayer Proof replay took 17.78ms 
48279      DEBUG main            d.u.i.k.p.r.p.TestFile    ... success: reloaded. 
48280      INFO  main            d.u.i.k.p.r.p.TestFile    Now processing file /home/runner/work/key/key/key.core/../key.ui/examples/standard_key/strings/implicitIntStringConversion.key 
48280      INFO  main            d.u.i.k.p.i.AbstractProblemLoader Loading environment from /home/runner/work/key/key/key.core/../key.ui/examples/standard_key/strings/implicitIntStringConversion.key 
48281      DEBUG main            d.u.i.k.p.i.AbstractProblemLoader Environment load took 166.7ns 
48282      INFO  main            d.u.i.k.p.i.AbstractProblemLoader Creating init config 
50630      DEBUG main            d.u.i.k.p.i.AbstractProblemLoader Init config took 2.35s 
50648      INFO  main            d.u.i.k.p.i.AbstractProblemLoader Replaying proof implicitIntStringConversion.key 
50649      DEBUG main            d.u.i.k.p.i.IntermediateProofReplayer Proof replay took 5.2ns 
51153      INFO  main            d.u.i.k.p.r.p.TestFile    ... finished proof: closed. 
51326      INFO  main            d.u.i.k.p.i.AbstractProblemLoader Loading environment from /home/runner/work/key/key/key.core/../key.ui/examples/standard_key/strings/implicitIntStringConversion.key.proof 
51329      DEBUG main            d.u.i.k.p.i.AbstractProblemLoader Environment load took 3.43ms 
51331      INFO  main            d.u.i.k.p.i.AbstractProblemLoader Creating init config 
53647      DEBUG main            d.u.i.k.p.i.AbstractProblemLoader Init config took 2.32s 
53667      INFO  main            d.u.i.k.p.i.AbstractProblemLoader Replaying proof implicitIntStringConversion.key.proof 
53721      DEBUG main            d.u.i.k.p.i.IntermediateProofReplayer Proof replay took 47.09ms 
53722      DEBUG main            d.u.i.k.p.r.p.TestFile    ... success: reloaded. 
53723      INFO  main            d.u.i.k.p.r.p.TestFile    Now processing file /home/runner/work/key/key/key.core/../key.ui/examples/standard_key/strings/implicitNullStringConversion.key 
53723      INFO  main            d.u.i.k.p.i.AbstractProblemLoader Loading environment from /home/runner/work/key/key/key.core/../key.ui/examples/standard_key/strings/implicitNullStringConversion.key 
53724      DEBUG main            d.u.i.k.p.i.AbstractProblemLoader Environment load took 677.9ns 
53725      INFO  main            d.u.i.k.p.i.AbstractProblemLoader Creating init config 
56107      DEBUG main            d.u.i.k.p.i.AbstractProblemLoader Init config took 2.38s 
56123      INFO  main            d.u.i.k.p.i.AbstractProblemLoader Replaying proof implicitNullStringConversion.key 
56125      DEBUG main            d.u.i.k.p.i.IntermediateProofReplayer Proof replay took 5.1ns 
56329      INFO  main            d.u.i.k.p.r.p.TestFile    ... finished proof: closed. 
56509      INFO  main            d.u.i.k.p.i.AbstractProblemLoader Loading environment from /home/runner/work/key/key/key.core/../key.ui/examples/standard_key/strings/implicitNullStringConversion.key.proof 
56510      DEBUG main            d.u.i.k.p.i.AbstractProblemLoader Environment load took 108.8ns 
56511      INFO  main            d.u.i.k.p.i.AbstractProblemLoader Creating init config 
58824      DEBUG main            d.u.i.k.p.i.AbstractProblemLoader Init config took 2.31s 
58840      INFO  main            d.u.i.k.p.i.AbstractProblemLoader Replaying proof implicitNullStringConversion.key.proof 
58858      DEBUG main            d.u.i.k.p.i.IntermediateProofReplayer Proof replay took 15.15ms 
58859      DEBUG main            d.u.i.k.p.r.p.TestFile    ... success: reloaded. 
58859      INFO  main            d.u.i.k.p.r.p.TestFile    Now processing file /home/runner/work/key/key/key.core/../key.ui/examples/standard_key/strings/implicitNullStringConversion2.key 
58860      INFO  main            d.u.i.k.p.i.AbstractProblemLoader Loading environment from /home/runner/work/key/key/key.core/../key.ui/examples/standard_key/strings/implicitNullStringConversion2.key 
58860      DEBUG main            d.u.i.k.p.i.AbstractProblemLoader Environment load took 84.2ns 
58861      INFO  main            d.u.i.k.p.i.AbstractProblemLoader Creating init config 
61231      DEBUG main            d.u.i.k.p.i.AbstractProblemLoader Init config took 2.37s 
61246      INFO  main            d.u.i.k.p.i.AbstractProblemLoader Replaying proof implicitNullStringConversion2.key 
61248      DEBUG main            d.u.i.k.p.i.IntermediateProofReplayer Proof replay took 6ns 
61452      INFO  main            d.u.i.k.p.r.p.TestFile    ... finished proof: closed. 
61633      INFO  main            d.u.i.k.p.i.AbstractProblemLoader Loading environment from /home/runner/work/key/key/key.core/../key.ui/examples/standard_key/strings/implicitNullStringConversion2.key.proof 
61633      DEBUG main            d.u.i.k.p.i.AbstractProblemLoader Environment load took 106.1ns 
61634      INFO  main            d.u.i.k.p.i.AbstractProblemLoader Creating init config 
63980      DEBUG main            d.u.i.k.p.i.AbstractProblemLoader Init config took 2.35s 
63997      INFO  main            d.u.i.k.p.i.AbstractProblemLoader Replaying proof implicitNullStringConversion2.key.proof 
64011      DEBUG main            d.u.i.k.p.i.IntermediateProofReplayer Proof replay took 11.51ms 
64012      DEBUG main            d.u.i.k.p.r.p.TestFile    ... success: reloaded. 
64013      INFO  main            d.u.i.k.p.r.p.TestFile    Now processing file /home/runner/work/key/key/key.core/../key.ui/examples/standard_key/strings/implicitObjectStringConversion.key 
64013      INFO  main            d.u.i.k.p.i.AbstractProblemLoader Loading environment from /home/runner/work/key/key/key.core/../key.ui/examples/standard_key/strings/implicitObjectStringConversion.key 
64013      DEBUG main            d.u.i.k.p.i.AbstractProblemLoader Environment load took 156.2ns 
64014      INFO  main            d.u.i.k.p.i.AbstractProblemLoader Creating init config 
66544      DEBUG main            d.u.i.k.p.i.AbstractProblemLoader Init config took 2.53s 
66559      INFO  main            d.u.i.k.p.i.AbstractProblemLoader Replaying proof implicitObjectStringConversion.key 
66560      DEBUG main            d.u.i.k.p.i.IntermediateProofReplayer Proof replay took 5.8ns 
67166      INFO  main            d.u.i.k.p.r.p.TestFile    ... finished proof: closed. 
67354      INFO  main            d.u.i.k.p.i.AbstractProblemLoader Loading environment from /home/runner/work/key/key/key.core/../key.ui/examples/standard_key/strings/implicitObjectStringConversion.key.proof 
67355      DEBUG main            d.u.i.k.p.i.AbstractProblemLoader Environment load took 481.2ns 
67356      INFO  main            d.u.i.k.p.i.AbstractProblemLoader Creating init config 
69856      DEBUG main            d.u.i.k.p.i.AbstractProblemLoader Init config took 2.5s 
69875      INFO  main            d.u.i.k.p.i.AbstractProblemLoader Replaying proof implicitObjectStringConversion.key.proof 
69916      DEBUG main            d.u.i.k.p.i.IntermediateProofReplayer Proof replay took 36.15ms 
69917      DEBUG main            d.u.i.k.p.r.p.TestFile    ... success: reloaded. 
69917      INFO  main            d.u.i.k.p.r.p.TestFile    Now processing file /home/runner/work/key/key/key.core/../key.ui/examples/standard_key/strings/literalEquality.key 
69918      INFO  main            d.u.i.k.p.i.AbstractProblemLoader Loading environment from /home/runner/work/key/key/key.core/../key.ui/examples/standard_key/strings/literalEquality.key 
69918      DEBUG main            d.u.i.k.p.i.AbstractProblemLoader Environment load took 80ns 
69919      INFO  main            d.u.i.k.p.i.AbstractProblemLoader Creating init config 
72246      DEBUG main            d.u.i.k.p.i.AbstractProblemLoader Init config took 2.33s 
72264      INFO  main            d.u.i.k.p.i.AbstractProblemLoader Replaying proof literalEquality.key 
72265      DEBUG main            d.u.i.k.p.i.IntermediateProofReplayer Proof replay took 6.8ns 
72367      INFO  main            d.u.i.k.p.r.p.TestFile    ... finished proof: closed. 
72562      INFO  main            d.u.i.k.p.i.AbstractProblemLoader Loading environment from /home/runner/work/key/key/key.core/../key.ui/examples/standard_key/strings/literalEquality.key.proof 
72562      DEBUG main            d.u.i.k.p.i.AbstractProblemLoader Environment load took 105.4ns 
72563      INFO  main            d.u.i.k.p.i.AbstractProblemLoader Creating init config 
74871      DEBUG main            d.u.i.k.p.i.AbstractProblemLoader Init config took 2.31s 
74885      INFO  main            d.u.i.k.p.i.AbstractProblemLoader Replaying proof literalEquality.key.proof 
74889      DEBUG main            d.u.i.k.p.i.IntermediateProofReplayer Proof replay took 1.97ms 
74890      DEBUG main            d.u.i.k.p.r.p.TestFile    ... success: reloaded. 
74890      INFO  main            d.u.i.k.p.r.p.TestFile    Now processing file /home/runner/work/key/key/key.core/../key.ui/examples/standard_key/strings/replace0.key 
74891      INFO  main            d.u.i.k.p.i.AbstractProblemLoader Loading environment from /home/runner/work/key/key/key.core/../key.ui/examples/standard_key/strings/replace0.key 
74891      DEBUG main            d.u.i.k.p.i.AbstractProblemLoader Environment load took 78.3ns 
74891      INFO  main            d.u.i.k.p.i.AbstractProblemLoader Creating init config 
77272      DEBUG main            d.u.i.k.p.i.AbstractProblemLoader Init config took 2.38s 
77285      INFO  main            d.u.i.k.p.i.AbstractProblemLoader Replaying proof replace0.key 
77287      DEBUG main            d.u.i.k.p.i.IntermediateProofReplayer Proof replay took 5.3ns 
77388      INFO  main            d.u.i.k.p.r.p.TestFile    ... finished proof: closed. 
77566      INFO  main            d.u.i.k.p.i.AbstractProblemLoader Loading environment from /home/runner/work/key/key/key.core/../key.ui/examples/standard_key/strings/replace0.key.proof 
77566      DEBUG main            d.u.i.k.p.i.AbstractProblemLoader Environment load took 109.7ns 
77568      INFO  main            d.u.i.k.p.i.AbstractProblemLoader Creating init config 
79864      DEBUG main            d.u.i.k.p.i.AbstractProblemLoader Init config took 2.3s 
79881      INFO  main            d.u.i.k.p.i.AbstractProblemLoader Replaying proof replace0.key.proof 
79885      DEBUG main            d.u.i.k.p.i.IntermediateProofReplayer Proof replay took 2.9ms 
79886      DEBUG main            d.u.i.k.p.r.p.TestFile    ... success: reloaded. 
79887      INFO  main            d.u.i.k.p.r.p.TestFile    Now processing file /home/runner/work/key/key/key.core/../key.ui/examples/standard_key/strings/replace1.key 
79887      INFO  main            d.u.i.k.p.i.AbstractProblemLoader Loading environment from /home/runner/work/key/key/key.core/../key.ui/examples/standard_key/strings/replace1.key 
79887      DEBUG main            d.u.i.k.p.i.AbstractProblemLoader Environment load took 159.4ns 
79888      INFO  main            d.u.i.k.p.i.AbstractProblemLoader Creating init config 
82211      DEBUG main            d.u.i.k.p.i.AbstractProblemLoader Init config took 2.32s 
82225      INFO  main            d.u.i.k.p.i.AbstractProblemLoader Replaying proof replace1.key 
82226      DEBUG main            d.u.i.k.p.i.IntermediateProofReplayer Proof replay took 5.7ns 
82329      INFO  main            d.u.i.k.p.r.p.TestFile    ... finished proof: closed. 
82513      INFO  main            d.u.i.k.p.i.AbstractProblemLoader Loading environment from /home/runner/work/key/key/key.core/../key.ui/examples/standard_key/strings/replace1.key.proof 
82513      DEBUG main            d.u.i.k.p.i.AbstractProblemLoader Environment load took 105ns 
82514      INFO  main            d.u.i.k.p.i.AbstractProblemLoader Creating init config 
84824      DEBUG main            d.u.i.k.p.i.AbstractProblemLoader Init config took 2.31s 
84842      INFO  main            d.u.i.k.p.i.AbstractProblemLoader Replaying proof replace1.key.proof 
84847      DEBUG main            d.u.i.k.p.i.IntermediateProofReplayer Proof replay took 3.11ms 
84848      DEBUG main            d.u.i.k.p.r.p.TestFile    ... success: reloaded. 
84849      INFO  main            d.u.i.k.p.r.p.TestFile    Now processing file /home/runner/work/key/key/key.core/../key.ui/examples/standard_key/strings/simpleAssignment.key 
84849      INFO  main            d.u.i.k.p.i.AbstractProblemLoader Loading environment from /home/runner/work/key/key/key.core/../key.ui/examples/standard_key/strings/simpleAssignment.key 
84849      DEBUG main            d.u.i.k.p.i.AbstractProblemLoader Environment load took 160.1ns 
84850      INFO  main            d.u.i.k.p.i.AbstractProblemLoader Creating init config 
87179      DEBUG main            d.u.i.k.p.i.AbstractProblemLoader Init config took 2.33s 
87192      INFO  main            d.u.i.k.p.i.AbstractProblemLoader Replaying proof simpleAssignment.key 
87194      DEBUG main            d.u.i.k.p.i.IntermediateProofReplayer Proof replay took 5.9ns 
87295      INFO  main            d.u.i.k.p.r.p.TestFile    ... finished proof: closed. 
87484      INFO  main            d.u.i.k.p.i.AbstractProblemLoader Loading environment from /home/runner/work/key/key/key.core/../key.ui/examples/standard_key/strings/simpleAssignment.key.proof 
87484      DEBUG main            d.u.i.k.p.i.AbstractProblemLoader Environment load took 103.8ns 
87485      INFO  main            d.u.i.k.p.i.AbstractProblemLoader Creating init config 
89795      DEBUG main            d.u.i.k.p.i.AbstractProblemLoader Init config took 2.31s 
89810      INFO  main            d.u.i.k.p.i.AbstractProblemLoader Replaying proof simpleAssignment.key.proof 
89813      DEBUG main            d.u.i.k.p.i.IntermediateProofReplayer Proof replay took 1.03ms 
89813      DEBUG main            d.u.i.k.p.r.p.TestFile    ... success: reloaded. 
89814      INFO  main            d.u.i.k.p.r.p.TestFile    Now processing file /home/runner/work/key/key/key.core/../key.ui/examples/standard_key/strings/simpleLengthComp.key 
89814      INFO  main            d.u.i.k.p.i.AbstractProblemLoader Loading environment from /home/runner/work/key/key/key.core/../key.ui/examples/standard_key/strings/simpleLengthComp.key 
89815      DEBUG main            d.u.i.k.p.i.AbstractProblemLoader Environment load took 169.2ns 
89816      INFO  main            d.u.i.k.p.i.AbstractProblemLoader Creating init config 
92144      DEBUG main            d.u.i.k.p.i.AbstractProblemLoader Init config took 2.33s 
92158      INFO  main            d.u.i.k.p.i.AbstractProblemLoader Replaying proof simpleLengthComp.key 
92160      DEBUG main            d.u.i.k.p.i.IntermediateProofReplayer Proof replay took 5.3ns 
92362      INFO  main            d.u.i.k.p.r.p.TestFile    ... finished proof: closed. 
92566      INFO  main            d.u.i.k.p.i.AbstractProblemLoader Loading environment from /home/runner/work/key/key/key.core/../key.ui/examples/standard_key/strings/simpleLengthComp.key.proof 
92566      DEBUG main            d.u.i.k.p.i.AbstractProblemLoader Environment load took 123.9ns 
92567      INFO  main            d.u.i.k.p.i.AbstractProblemLoader Creating init config 
94897      DEBUG main            d.u.i.k.p.i.AbstractProblemLoader Init config took 2.33s 
94913      INFO  main            d.u.i.k.p.i.AbstractProblemLoader Replaying proof simpleLengthComp.key.proof 
94936      DEBUG main            d.u.i.k.p.i.IntermediateProofReplayer Proof replay took 20.45ms 
94936      DEBUG main            d.u.i.k.p.r.p.TestFile    ... success: reloaded. 
94937      INFO  main            d.u.i.k.p.r.p.TestFile    Now processing file /home/runner/work/key/key/key.core/../key.ui/examples/standard_key/strings/stringCompileTimeConstant1.key 
94938      INFO  main            d.u.i.k.p.i.AbstractProblemLoader Loading environment from /home/runner/work/key/key/key.core/../key.ui/examples/standard_key/strings/stringCompileTimeConstant1.key 
94938      DEBUG main            d.u.i.k.p.i.AbstractProblemLoader Environment load took 70.4ns 
94938      INFO  main            d.u.i.k.p.i.AbstractProblemLoader Creating init config 
97262      DEBUG main            d.u.i.k.p.i.AbstractProblemLoader Init config took 2.32s 
97277      INFO  main            d.u.i.k.p.i.AbstractProblemLoader Replaying proof stringCompileTimeConstant1.key 
97279      DEBUG main            d.u.i.k.p.i.IntermediateProofReplayer Proof replay took 6.6ns 
97380      INFO  main            d.u.i.k.p.r.p.TestFile    ... finished proof: closed. 
97585      INFO  main            d.u.i.k.p.i.AbstractProblemLoader Loading environment from /home/runner/work/key/key/key.core/../key.ui/examples/standard_key/strings/stringCompileTimeConstant1.key.proof 
97585      DEBUG main            d.u.i.k.p.i.AbstractProblemLoader Environment load took 93.1ns 
97586      INFO  main            d.u.i.k.p.i.AbstractProblemLoader Creating init config 
99870      DEBUG main            d.u.i.k.p.i.AbstractProblemLoader Init config took 2.28s 
99885      INFO  main            d.u.i.k.p.i.AbstractProblemLoader Replaying proof stringCompileTimeConstant1.key.proof 
99889      DEBUG main            d.u.i.k.p.i.IntermediateProofReplayer Proof replay took 2.39ms 
99889      DEBUG main            d.u.i.k.p.r.p.TestFile    ... success: reloaded. 
99890      INFO  main            d.u.i.k.p.r.p.TestFile    Now processing file /home/runner/work/key/key/key.core/../key.ui/examples/standard_key/strings/stringCompileTimeConstant2.key 
99890      INFO  main            d.u.i.k.p.i.AbstractProblemLoader Loading environment from /home/runner/work/key/key/key.core/../key.ui/examples/standard_key/strings/stringCompileTimeConstant2.key 
99890      DEBUG main            d.u.i.k.p.i.AbstractProblemLoader Environment load took 76.4ns 
99891      INFO  main            d.u.i.k.p.i.AbstractProblemLoader Creating init config 
102380     DEBUG main            d.u.i.k.p.i.AbstractProblemLoader Init config took 2.49s 
102396     INFO  main            d.u.i.k.p.i.AbstractProblemLoader Replaying proof stringCompileTimeConstant2.key 
102399     DEBUG main            d.u.i.k.p.i.IntermediateProofReplayer Proof replay took 7.6ns 
104939     INFO  main            d.u.i.k.p.r.p.TestFile    ... finished proof: closed. 
105212     INFO  main            d.u.i.k.p.i.AbstractProblemLoader Loading environment from /home/runner/work/key/key/key.core/../key.ui/examples/standard_key/strings/stringCompileTimeConstant2.key.proof 
105216     DEBUG main            d.u.i.k.p.i.AbstractProblemLoader Environment load took 3.04ms 
105217     INFO  main            d.u.i.k.p.i.AbstractProblemLoader Creating init config 
107646     DEBUG main            d.u.i.k.p.i.AbstractProblemLoader Init config took 2.43s 
107661     INFO  main            d.u.i.k.p.i.AbstractProblemLoader Replaying proof stringCompileTimeConstant2.key.proof 
107891     DEBUG main            d.u.i.k.p.i.IntermediateProofReplayer Proof replay took 217.84ms 
107892     DEBUG main            d.u.i.k.p.r.p.TestFile    ... success: reloaded. 
107893     INFO  main            d.u.i.k.p.r.p.TestFile    Now processing file /home/runner/work/key/key/key.core/../key.ui/examples/standard_key/strings/stringEquality1.key 
107893     INFO  main            d.u.i.k.p.i.AbstractProblemLoader Loading environment from /home/runner/work/key/key/key.core/../key.ui/examples/standard_key/strings/stringEquality1.key 
107893     DEBUG main            d.u.i.k.p.i.AbstractProblemLoader Environment load took 82.7ns 
107894     INFO  main            d.u.i.k.p.i.AbstractProblemLoader Creating init config 
110211     DEBUG main            d.u.i.k.p.i.AbstractProblemLoader Init config took 2.32s 
110224     INFO  main            d.u.i.k.p.i.AbstractProblemLoader Replaying proof stringEquality1.key 
110225     DEBUG main            d.u.i.k.p.i.IntermediateProofReplayer Proof replay took 6.1ns 
110327     INFO  main            d.u.i.k.p.r.p.TestFile    ... finished proof: closed. 
110577     INFO  main            d.u.i.k.p.i.AbstractProblemLoader Loading environment from /home/runner/work/key/key/key.core/../key.ui/examples/standard_key/strings/stringEquality1.key.proof 
110577     DEBUG main            d.u.i.k.p.i.AbstractProblemLoader Environment load took 97.8ns 
110578     INFO  main            d.u.i.k.p.i.AbstractProblemLoader Creating init config 
112856     DEBUG main            d.u.i.k.p.i.AbstractProblemLoader Init config took 2.28s 
112869     INFO  main            d.u.i.k.p.i.AbstractProblemLoader Replaying proof stringEquality1.key.proof 
112874     DEBUG main            d.u.i.k.p.i.IntermediateProofReplayer Proof replay took 3.33ms 
112875     DEBUG main            d.u.i.k.p.r.p.TestFile    ... success: reloaded. 
112876     INFO  main            d.u.i.k.p.r.p.TestFile    Now processing file /home/runner/work/key/key/key.core/../key.ui/examples/standard_key/strings/stringEquality2.key 
112876     INFO  main            d.u.i.k.p.i.AbstractProblemLoader Loading environment from /home/runner/work/key/key/key.core/../key.ui/examples/standard_key/strings/stringEquality2.key 
112876     DEBUG main            d.u.i.k.p.i.AbstractProblemLoader Environment load took 149.5ns 
112877     INFO  main            d.u.i.k.p.i.AbstractProblemLoader Creating init config 
115195     DEBUG main            d.u.i.k.p.i.AbstractProblemLoader Init config took 2.32s 
115208     INFO  main            d.u.i.k.p.i.AbstractProblemLoader Replaying proof stringEquality2.key 
115209     DEBUG main            d.u.i.k.p.i.IntermediateProofReplayer Proof replay took 6.6ns 
115512     INFO  main            d.u.i.k.p.r.p.TestFile    ... finished proof: closed. 
115766     INFO  main            d.u.i.k.p.i.AbstractProblemLoader Loading environment from /home/runner/work/key/key/key.core/../key.ui/examples/standard_key/strings/stringEquality2.key.proof 
115766     DEBUG main            d.u.i.k.p.i.AbstractProblemLoader Environment load took 326.4ns 
115768     INFO  main            d.u.i.k.p.i.AbstractProblemLoader Creating init config 
118044     DEBUG main            d.u.i.k.p.i.AbstractProblemLoader Init config took 2.28s 
118058     INFO  main            d.u.i.k.p.i.AbstractProblemLoader Replaying proof stringEquality2.key.proof 
118093     DEBUG main            d.u.i.k.p.i.IntermediateProofReplayer Proof replay took 30.39ms 
118095     DEBUG main            d.u.i.k.p.r.p.TestFile    ... success: reloaded. 
118095     INFO  main            d.u.i.k.p.r.p.TestFile    Now processing file /home/runner/work/key/key/key.core/../key.ui/examples/standard_key/strings/substring0.key 
118096     INFO  main            d.u.i.k.p.i.AbstractProblemLoader Loading environment from /home/runner/work/key/key/key.core/../key.ui/examples/standard_key/strings/substring0.key 
118096     DEBUG main            d.u.i.k.p.i.AbstractProblemLoader Environment load took 156.4ns 
118097     INFO  main            d.u.i.k.p.i.AbstractProblemLoader Creating init config 
120412     DEBUG main            d.u.i.k.p.i.AbstractProblemLoader Init config took 2.32s 
120425     INFO  main            d.u.i.k.p.i.AbstractProblemLoader Replaying proof substring0.key 
120426     DEBUG main            d.u.i.k.p.i.IntermediateProofReplayer Proof replay took 6.5ns 
120531     INFO  main            d.u.i.k.p.r.p.TestFile    ... finished proof: closed. 
120761     INFO  main            d.u.i.k.p.i.AbstractProblemLoader Loading environment from /home/runner/work/key/key/key.core/../key.ui/examples/standard_key/strings/substring0.key.proof 
120761     DEBUG main            d.u.i.k.p.i.AbstractProblemLoader Environment load took 95.2ns 
120763     INFO  main            d.u.i.k.p.i.AbstractProblemLoader Creating init config 
123015     DEBUG main            d.u.i.k.p.i.AbstractProblemLoader Init config took 2.25s 
123029     INFO  main            d.u.i.k.p.i.AbstractProblemLoader Replaying proof substring0.key.proof 
123031     DEBUG main            d.u.i.k.p.i.IntermediateProofReplayer Proof replay took 384.8ns 
123032     DEBUG main            d.u.i.k.p.r.p.TestFile    ... success: reloaded. 
123033     INFO  main            d.u.i.k.p.r.p.TestFile    Now processing file /home/runner/work/key/key/key.core/../key.ui/examples/standard_key/strings/substring1.key 
123033     INFO  main            d.u.i.k.p.i.AbstractProblemLoader Loading environment from /home/runner/work/key/key/key.core/../key.ui/examples/standard_key/strings/substring1.key 
123033     DEBUG main            d.u.i.k.p.i.AbstractProblemLoader Environment load took 145.6ns 
123034     INFO  main            d.u.i.k.p.i.AbstractProblemLoader Creating init config 
125346     DEBUG main            d.u.i.k.p.i.AbstractProblemLoader Init config took 2.31s 
125358     INFO  main            d.u.i.k.p.i.AbstractProblemLoader Replaying proof substring1.key 
125359     DEBUG main            d.u.i.k.p.i.IntermediateProofReplayer Proof replay took 7.1ns 
125461     INFO  main            d.u.i.k.p.r.p.TestFile    ... finished proof: closed. 
125682     INFO  main            d.u.i.k.p.i.AbstractProblemLoader Loading environment from /home/runner/work/key/key/key.core/../key.ui/examples/standard_key/strings/substring1.key.proof 
125682     DEBUG main            d.u.i.k.p.i.AbstractProblemLoader Environment load took 112.2ns 
125683     INFO  main            d.u.i.k.p.i.AbstractProblemLoader Creating init config 
127948     DEBUG main            d.u.i.k.p.i.AbstractProblemLoader Init config took 2.26s 
127960     INFO  main            d.u.i.k.p.i.AbstractProblemLoader Replaying proof substring1.key.proof 
127962     DEBUG main            d.u.i.k.p.i.IntermediateProofReplayer Proof replay took 346.9ns 
127962     DEBUG main            d.u.i.k.p.r.p.TestFile    ... success: reloaded. 
127963     INFO  main            d.u.i.k.p.r.p.TestFile    Now processing file /home/runner/work/key/key/key.core/../key.ui/examples/standard_key/strings/substring2.key 
127963     INFO  main            d.u.i.k.p.i.AbstractProblemLoader Loading environment from /home/runner/work/key/key/key.core/../key.ui/examples/standard_key/strings/substring2.key 
127963     DEBUG main            d.u.i.k.p.i.AbstractProblemLoader Environment load took 80.4ns 
127964     INFO  main            d.u.i.k.p.i.AbstractProblemLoader Creating init config 
130260     DEBUG main            d.u.i.k.p.i.AbstractProblemLoader Init config took 2.3s 
130273     INFO  main            d.u.i.k.p.i.AbstractProblemLoader Replaying proof substring2.key 
130274     DEBUG main            d.u.i.k.p.i.IntermediateProofReplayer Proof replay took 6.3ns 
130376     INFO  main            d.u.i.k.p.r.p.TestFile    ... finished proof: closed. 
130599     INFO  main            d.u.i.k.p.i.AbstractProblemLoader Loading environment from /home/runner/work/key/key/key.core/../key.ui/examples/standard_key/strings/substring2.key.proof 
130599     DEBUG main            d.u.i.k.p.i.AbstractProblemLoader Environment load took 93.2ns 
130600     INFO  main            d.u.i.k.p.i.AbstractProblemLoader Creating init config 
132857     DEBUG main            d.u.i.k.p.i.AbstractProblemLoader Init config took 2.26s 
132870     INFO  main            d.u.i.k.p.i.AbstractProblemLoader Replaying proof substring2.key.proof 
132872     DEBUG main            d.u.i.k.p.i.IntermediateProofReplayer Proof replay took 702.3ns 
132873     DEBUG main            d.u.i.k.p.r.p.TestFile    ... success: reloaded. 
132876     INFO  main            d.u.i.k.p.r.p.TestFile    Now processing file /home/runner/work/key/key/key.core/../key.ui/examples/standard_key/strings/substring3.key 
132877     INFO  main            d.u.i.k.p.i.AbstractProblemLoader Loading environment from /home/runner/work/key/key/key.core/../key.ui/examples/standard_key/strings/substring3.key 
132877     DEBUG main            d.u.i.k.p.i.AbstractProblemLoader Environment load took 153.5ns 
132878     INFO  main            d.u.i.k.p.i.AbstractProblemLoader Creating init config 
135199     DEBUG main            d.u.i.k.p.i.AbstractProblemLoader Init config took 2.32s 
135212     INFO  main            d.u.i.k.p.i.AbstractProblemLoader Replaying proof substring3.key 
135213     DEBUG main            d.u.i.k.p.i.IntermediateProofReplayer Proof replay took 6.4ns 
135315     INFO  main            d.u.i.k.p.r.p.TestFile    ... finished proof: closed. 
135561     INFO  main            d.u.i.k.p.i.AbstractProblemLoader Loading environment from /home/runner/work/key/key/key.core/../key.ui/examples/standard_key/strings/substring3.key.proof 
135561     DEBUG main            d.u.i.k.p.i.AbstractProblemLoader Environment load took 94.1ns 
135562     INFO  main            d.u.i.k.p.i.AbstractProblemLoader Creating init config 
137830     DEBUG main            d.u.i.k.p.i.AbstractProblemLoader Init config took 2.27s 
137843     INFO  main            d.u.i.k.p.i.AbstractProblemLoader Replaying proof substring3.key.proof 
137846     DEBUG main            d.u.i.k.p.i.IntermediateProofReplayer Proof replay took 1.46ms 
137847     DEBUG main            d.u.i.k.p.r.p.TestFile    ... success: reloaded. 
137847     INFO  main            d.u.i.k.p.r.p.TestFile    Now processing file /home/runner/work/key/key/key.core/../key.ui/examples/standard_key/strings/substring4.key 
137848     INFO  main            d.u.i.k.p.i.AbstractProblemLoader Loading environment from /home/runner/work/key/key/key.core/../key.ui/examples/standard_key/strings/substring4.key 
137848     DEBUG main            d.u.i.k.p.i.AbstractProblemLoader Environment load took 74.6ns 
137848     INFO  main            d.u.i.k.p.i.AbstractProblemLoader Creating init config 
140130     DEBUG main            d.u.i.k.p.i.AbstractProblemLoader Init config took 2.28s 
140142     INFO  main            d.u.i.k.p.i.AbstractProblemLoader Replaying proof substring4.key 
140143     DEBUG main            d.u.i.k.p.i.IntermediateProofReplayer Proof replay took 6.5ns 
140244     INFO  main            d.u.i.k.p.r.p.TestFile    ... finished proof: closed. 
140481     INFO  main            d.u.i.k.p.i.AbstractProblemLoader Loading environment from /home/runner/work/key/key/key.core/../key.ui/examples/standard_key/strings/substring4.key.proof 
140481     DEBUG main            d.u.i.k.p.i.AbstractProblemLoader Environment load took 93.8ns 
140482     INFO  main            d.u.i.k.p.i.AbstractProblemLoader Creating init config 
142736     DEBUG main            d.u.i.k.p.i.AbstractProblemLoader Init config took 2.25s 
142748     INFO  main            d.u.i.k.p.i.AbstractProblemLoader Replaying proof substring4.key.proof 
142752     DEBUG main            d.u.i.k.p.i.IntermediateProofReplayer Proof replay took 1.92ms 
142752     DEBUG main            d.u.i.k.p.r.p.TestFile    ... success: reloaded. 
142753     INFO  main            d.u.i.k.p.r.p.TestFile    Now processing file /home/runner/work/key/key/key.core/../key.ui/examples/standard_key/strings/substring5.key 
142753     INFO  main            d.u.i.k.p.i.AbstractProblemLoader Loading environment from /home/runner/work/key/key/key.core/../key.ui/examples/standard_key/strings/substring5.key 
142753     DEBUG main            d.u.i.k.p.i.AbstractProblemLoader Environment load took 60.7ns 
142754     INFO  main            d.u.i.k.p.i.AbstractProblemLoader Creating init config 
145055     DEBUG main            d.u.i.k.p.i.AbstractProblemLoader Init config took 2.3s 
145067     INFO  main            d.u.i.k.p.i.AbstractProblemLoader Replaying proof substring5.key 
145068     DEBUG main            d.u.i.k.p.i.IntermediateProofReplayer Proof replay took 6.4ns 
145271     INFO  main            d.u.i.k.p.r.p.TestFile    ... finished proof: closed. 
145535     INFO  main            d.u.i.k.p.i.AbstractProblemLoader Loading environment from /home/runner/work/key/key/key.core/../key.ui/examples/standard_key/strings/substring5.key.proof 
145535     DEBUG main            d.u.i.k.p.i.AbstractProblemLoader Environment load took 93.9ns 
145536     INFO  main            d.u.i.k.p.i.AbstractProblemLoader Creating init config 
147799     DEBUG main            d.u.i.k.p.i.AbstractProblemLoader Init config took 2.26s 
147812     INFO  main            d.u.i.k.p.i.AbstractProblemLoader Replaying proof substring5.key.proof 
147828     DEBUG main            d.u.i.k.p.i.IntermediateProofReplayer Proof replay took 12.08ms 
147829     DEBUG main            d.u.i.k.p.r.p.TestFile    ... success: reloaded. 
3828800    INFO  Test worker     d.u.i.k.p.r.RunAllProofsTestUnit Returning from test strings 
3828801    INFO  Test worker     d.u.i.k.p.r.RunAllProofsTestUnit Running test simple_info_flow 
355        INFO  Timeout watchdog d.u.i.k.p.r.p.ForkedTestFileRunner Timeout watcher launched (2000 secs.) 
355        WARN  main            d.u.i.k.s.ProofSettings   The settings in /home/runner/.key/proof-settings.props are *not* read. 
403        INFO  main            d.u.i.k.p.r.p.TestFile    Now processing file /home/runner/work/key/key/key.core/../key.ui/examples/heap/information_flow/UpdateAbstraction_ex7_1_insecure.key 
539        INFO  main            d.u.i.k.p.i.AbstractProblemLoader Loading environment from /home/runner/work/key/key/key.core/../key.ui/examples/heap/information_flow/UpdateAbstraction_ex7_1_insecure.key 
555        DEBUG main            d.u.i.k.p.i.AbstractProblemLoader Environment load took 1.9ms 
790        INFO  main            d.u.i.k.p.i.AbstractProblemLoader Creating init config 
1645       DEBUG main            d.u.i.k.j.TypeConverter   No LDT found for Meta 
1646       DEBUG main            d.u.i.k.j.TypeConverter   No LDT found for Meta 
1649       DEBUG main            d.u.i.k.j.TypeConverter   No LDT found for Meta 
1650       DEBUG main            d.u.i.k.j.TypeConverter   No LDT found for Meta 
3044       DEBUG main            d.u.i.k.j.TypeConverter   No LDT found for JavaBigintExpression 
8272       DEBUG main            d.u.i.k.p.i.AbstractProblemLoader Init config took 7.48s 
8393       INFO  main            d.u.i.k.p.i.AbstractProblemLoader Replaying proof UpdateAbstraction[UpdateAbstraction::ex7_1_insecure()].JML operation contract.0 
8423       DEBUG main            d.u.i.k.p.i.IntermediateProofReplayer Proof replay took 31.9ns 
9001       INFO  main            d.u.i.k.p.r.p.TestFile    ... finished proof: open goal(s) 
9108       INFO  main            d.u.i.k.p.r.p.TestFile    Now processing file /home/runner/work/key/key/key.core/../key.ui/examples/heap/information_flow/UpdateAbstraction_ex7_2_insecure.key 
9112       INFO  main            d.u.i.k.p.i.AbstractProblemLoader Loading environment from /home/runner/work/key/key/key.core/../key.ui/examples/heap/information_flow/UpdateAbstraction_ex7_2_insecure.key 
9112       DEBUG main            d.u.i.k.p.i.AbstractProblemLoader Environment load took 266.8ns 
9115       INFO  main            d.u.i.k.p.i.AbstractProblemLoader Creating init config 
12203      DEBUG main            d.u.i.k.p.i.AbstractProblemLoader Init config took 3.09s 
12267      INFO  main            d.u.i.k.p.i.AbstractProblemLoader Replaying proof UpdateAbstraction[UpdateAbstraction::ex7_2_insecure()].JML operation contract.0 
12269      DEBUG main            d.u.i.k.p.i.IntermediateProofReplayer Proof replay took 5.4ns 
12574      INFO  main            d.u.i.k.p.r.p.TestFile    ... finished proof: open goal(s) 
3841659    INFO  Test worker     d.u.i.k.p.r.RunAllProofsTestUnit Returning from test simple_info_flow 
3841660    INFO  Test worker     d.u.i.k.p.r.RunAllProofsTestUnit Running test modelMethods 
355        INFO  Timeout watchdog d.u.i.k.p.r.p.ForkedTestFileRunner Timeout watcher launched (2000 secs.) 
357        WARN  main            d.u.i.k.s.ProofSettings   The settings in /home/runner/.key/proof-settings.props are *not* read. 
383        INFO  main            d.u.i.k.p.r.p.TestFile    Now processing file /home/runner/work/key/key/key.core/../key.ui/examples/heap/model_methods/Cell_footprint_acc.key 
534        INFO  main            d.u.i.k.p.i.AbstractProblemLoader Loading environment from /home/runner/work/key/key/key.core/../key.ui/examples/heap/model_methods/Cell_footprint_acc.key 
550        DEBUG main            d.u.i.k.p.i.AbstractProblemLoader Environment load took 2.1ms 
809        INFO  main            d.u.i.k.p.i.AbstractProblemLoader Creating init config 
1904       DEBUG main            d.u.i.k.j.TypeConverter   No LDT found for Meta 
1904       DEBUG main            d.u.i.k.j.TypeConverter   No LDT found for Meta 
1907       DEBUG main            d.u.i.k.j.TypeConverter   No LDT found for Meta 
1908       DEBUG main            d.u.i.k.j.TypeConverter   No LDT found for Meta 
3132       DEBUG main            d.u.i.k.j.TypeConverter   No LDT found for JavaBigintExpression 
8216       DEBUG main            d.u.i.k.p.i.AbstractProblemLoader Init config took 7.41s 
8341       INFO  main            d.u.i.k.p.i.AbstractProblemLoader Replaying proof Cell[Cell::footprint()].JML accessible clause.0 
8371       DEBUG main            d.u.i.k.p.i.IntermediateProofReplayer Proof replay took 31.5ns 
8818       INFO  main            d.u.i.k.p.r.p.TestFile    ... finished proof: closed. 
8913       INFO  main            d.u.i.k.p.i.AbstractProblemLoader Loading environment from /home/runner/work/key/key/key.core/../key.ui/examples/heap/model_methods/Cell_footprint_acc.key.proof 
8913       DEBUG main            d.u.i.k.p.i.AbstractProblemLoader Environment load took 130.6ns 
8915       INFO  main            d.u.i.k.p.i.AbstractProblemLoader Creating init config 
11731      DEBUG main            d.u.i.k.p.i.AbstractProblemLoader Init config took 2.82s 
11803      INFO  main            d.u.i.k.p.i.AbstractProblemLoader Replaying proof Cell[Cell::footprint()].JML accessible clause.0 
11823      DEBUG main            d.u.i.k.p.i.IntermediateProofReplayer Proof replay took 16.16ms 
11829      DEBUG main            d.u.i.k.p.r.p.TestFile    ... success: reloaded. 
11831      INFO  main            d.u.i.k.p.r.p.TestFile    Now processing file /home/runner/work/key/key/key.core/../key.ui/examples/heap/model_methods/Cell_footprint.key 
11831      INFO  main            d.u.i.k.p.i.AbstractProblemLoader Loading environment from /home/runner/work/key/key/key.core/../key.ui/examples/heap/model_methods/Cell_footprint.key 
11831      DEBUG main            d.u.i.k.p.i.AbstractProblemLoader Environment load took 169.2ns 
11833      INFO  main            d.u.i.k.p.i.AbstractProblemLoader Creating init config 
14594      DEBUG main            d.u.i.k.p.i.AbstractProblemLoader Init config took 2.76s 
14690      INFO  main            d.u.i.k.p.i.AbstractProblemLoader Replaying proof Cell[Cell::footprint()].JML model_behavior operation contract.0 
14697      DEBUG main            d.u.i.k.p.i.IntermediateProofReplayer Proof replay took 6.1ns 
14799      INFO  main            d.u.i.k.p.r.p.TestFile    ... finished proof: closed. 
14918      INFO  main            d.u.i.k.p.i.AbstractProblemLoader Loading environment from /home/runner/work/key/key/key.core/../key.ui/examples/heap/model_methods/Cell_footprint.key.proof 
14918      DEBUG main            d.u.i.k.p.i.AbstractProblemLoader Environment load took 115.1ns 
14919      INFO  main            d.u.i.k.p.i.AbstractProblemLoader Creating init config 
17523      DEBUG main            d.u.i.k.p.i.AbstractProblemLoader Init config took 2.6s 
17586      INFO  main            d.u.i.k.p.i.AbstractProblemLoader Replaying proof Cell[Cell::footprint()].JML model_behavior operation contract.0 
17610      DEBUG main            d.u.i.k.p.i.IntermediateProofReplayer Proof replay took 19.92ms 
17612      DEBUG main            d.u.i.k.p.r.p.TestFile    ... success: reloaded. 
17614      INFO  main            d.u.i.k.p.r.p.TestFile    Now processing file /home/runner/work/key/key/key.core/../key.ui/examples/heap/model_methods/Cell_get_acc.key 
17614      INFO  main            d.u.i.k.p.i.AbstractProblemLoader Loading environment from /home/runner/work/key/key/key.core/../key.ui/examples/heap/model_methods/Cell_get_acc.key 
17614      DEBUG main            d.u.i.k.p.i.AbstractProblemLoader Environment load took 97.9ns 
17616      INFO  main            d.u.i.k.p.i.AbstractProblemLoader Creating init config 
20193      DEBUG main            d.u.i.k.p.i.AbstractProblemLoader Init config took 2.58s 
20242      INFO  main            d.u.i.k.p.i.AbstractProblemLoader Replaying proof Cell[Cell::get()].JML accessible clause.0 
20244      DEBUG main            d.u.i.k.p.i.IntermediateProofReplayer Proof replay took 6.2ns 
20453      INFO  main            d.u.i.k.p.r.p.TestFile    ... finished proof: closed. 
20584      INFO  main            d.u.i.k.p.i.AbstractProblemLoader Loading environment from /home/runner/work/key/key/key.core/../key.ui/examples/heap/model_methods/Cell_get_acc.key.proof 
20585      DEBUG main            d.u.i.k.p.i.AbstractProblemLoader Environment load took 338.2ns 
20586      INFO  main            d.u.i.k.p.i.AbstractProblemLoader Creating init config 
23101      DEBUG main            d.u.i.k.p.i.AbstractProblemLoader Init config took 2.52s 
23155      INFO  main            d.u.i.k.p.i.AbstractProblemLoader Replaying proof Cell[Cell::get()].JML accessible clause.0 
23186      DEBUG main            d.u.i.k.p.i.IntermediateProofReplayer Proof replay took 28.33ms 
23187      DEBUG main            d.u.i.k.p.r.p.TestFile    ... success: reloaded. 
23188      INFO  main            d.u.i.k.p.r.p.TestFile    Now processing file /home/runner/work/key/key/key.core/../key.ui/examples/heap/model_methods/Cell_get.key 
23189      INFO  main            d.u.i.k.p.i.AbstractProblemLoader Loading environment from /home/runner/work/key/key/key.core/../key.ui/examples/heap/model_methods/Cell_get.key 
23189      DEBUG main            d.u.i.k.p.i.AbstractProblemLoader Environment load took 167.6ns 
23190      INFO  main            d.u.i.k.p.i.AbstractProblemLoader Creating init config 
25713      DEBUG main            d.u.i.k.p.i.AbstractProblemLoader Init config took 2.52s 
25762      INFO  main            d.u.i.k.p.i.AbstractProblemLoader Replaying proof Cell[Cell::get()].JML operation contract.0 
25764      DEBUG main            d.u.i.k.p.i.IntermediateProofReplayer Proof replay took 6.2ns 
25865      INFO  main            d.u.i.k.p.r.p.TestFile    ... finished proof: closed. 
25999      INFO  main            d.u.i.k.p.i.AbstractProblemLoader Loading environment from /home/runner/work/key/key/key.core/../key.ui/examples/heap/model_methods/Cell_get.key.proof 
26000      DEBUG main            d.u.i.k.p.i.AbstractProblemLoader Environment load took 298.6ns 
26001      INFO  main            d.u.i.k.p.i.AbstractProblemLoader Creating init config 
28489      DEBUG main            d.u.i.k.p.i.AbstractProblemLoader Init config took 2.49s 
28536      INFO  main            d.u.i.k.p.i.AbstractProblemLoader Replaying proof Cell[Cell::get()].JML operation contract.0 
28551      DEBUG main            d.u.i.k.p.i.IntermediateProofReplayer Proof replay took 13.09ms 
28552      DEBUG main            d.u.i.k.p.r.p.TestFile    ... success: reloaded. 
28553      INFO  main            d.u.i.k.p.r.p.TestFile    Now processing file /home/runner/work/key/key/key.core/../key.ui/examples/heap/model_methods/Cell_post_set.key 
28554      INFO  main            d.u.i.k.p.i.AbstractProblemLoader Loading environment from /home/runner/work/key/key/key.core/../key.ui/examples/heap/model_methods/Cell_post_set.key 
28554      DEBUG main            d.u.i.k.p.i.AbstractProblemLoader Environment load took 116.1ns 
28557      INFO  main            d.u.i.k.p.i.AbstractProblemLoader Creating init config 
31059      DEBUG main            d.u.i.k.p.i.AbstractProblemLoader Init config took 2.5s 
31120      INFO  main            d.u.i.k.p.i.AbstractProblemLoader Replaying proof Cell[Cell::post_set(int)].JML model_behavior operation contract.0 
31122      DEBUG main            d.u.i.k.p.i.IntermediateProofReplayer Proof replay took 5.2ns 
31224      INFO  main            d.u.i.k.p.r.p.TestFile    ... finished proof: closed. 
31359      INFO  main            d.u.i.k.p.i.AbstractProblemLoader Loading environment from /home/runner/work/key/key/key.core/../key.ui/examples/heap/model_methods/Cell_post_set.key.proof 
31359      DEBUG main            d.u.i.k.p.i.AbstractProblemLoader Environment load took 120.9ns 
31360      INFO  main            d.u.i.k.p.i.AbstractProblemLoader Creating init config 
33852      DEBUG main            d.u.i.k.p.i.AbstractProblemLoader Init config took 2.49s 
33896      INFO  main            d.u.i.k.p.i.AbstractProblemLoader Replaying proof Cell[Cell::post_set(int)].JML model_behavior operation contract.0 
33903      DEBUG main            d.u.i.k.p.i.IntermediateProofReplayer Proof replay took 4.74ms 
33903      DEBUG main            d.u.i.k.p.r.p.TestFile    ... success: reloaded. 
33904      INFO  main            d.u.i.k.p.r.p.TestFile    Now processing file /home/runner/work/key/key/key.core/../key.ui/examples/heap/model_methods/Cell_set.key 
33905      INFO  main            d.u.i.k.p.i.AbstractProblemLoader Loading environment from /home/runner/work/key/key/key.core/../key.ui/examples/heap/model_methods/Cell_set.key 
33905      DEBUG main            d.u.i.k.p.i.AbstractProblemLoader Environment load took 90.4ns 
33905      INFO  main            d.u.i.k.p.i.AbstractProblemLoader Creating init config 
36412      DEBUG main            d.u.i.k.p.i.AbstractProblemLoader Init config took 2.51s 
36455      INFO  main            d.u.i.k.p.i.AbstractProblemLoader Replaying proof Cell[Cell::set(int)].JML operation contract.0 
36457      DEBUG main            d.u.i.k.p.i.IntermediateProofReplayer Proof replay took 6.1ns 
42925      INFO  main            d.u.i.k.p.r.p.TestFile    ... finished proof: closed. 
43111      INFO  main            d.u.i.k.p.i.AbstractProblemLoader Loading environment from /home/runner/work/key/key/key.core/../key.ui/examples/heap/model_methods/Cell_set.key.proof 
43114      DEBUG main            d.u.i.k.p.i.AbstractProblemLoader Environment load took 3.14ms 
43120      INFO  main            d.u.i.k.p.i.AbstractProblemLoader Creating init config 
45605      DEBUG main            d.u.i.k.p.i.AbstractProblemLoader Init config took 2.48s 
45663      INFO  main            d.u.i.k.p.i.AbstractProblemLoader Replaying proof Cell[Cell::set(int)].JML operation contract.0 
46108      DEBUG main            d.u.i.k.p.i.IntermediateProofReplayer Proof replay took 426.78ms 
46109      DEBUG main            d.u.i.k.p.r.p.TestFile    ... success: reloaded. 
46110      INFO  main            d.u.i.k.p.r.p.TestFile    Now processing file /home/runner/work/key/key/key.core/../key.ui/examples/heap/model_methods/CellTest_callSet.key 
46111      INFO  main            d.u.i.k.p.i.AbstractProblemLoader Loading environment from /home/runner/work/key/key/key.core/../key.ui/examples/heap/model_methods/CellTest_callSet.key 
46111      DEBUG main            d.u.i.k.p.i.AbstractProblemLoader Environment load took 165.6ns 
46112      INFO  main            d.u.i.k.p.i.AbstractProblemLoader Creating init config 
48654      DEBUG main            d.u.i.k.p.i.AbstractProblemLoader Init config took 2.54s 
48698      INFO  main            d.u.i.k.p.i.AbstractProblemLoader Replaying proof CellTest[CellTest::callSet(Cell,int)].JML operation contract.0 
48700      DEBUG main            d.u.i.k.p.i.IntermediateProofReplayer Proof replay took 6.4ns 
48903      INFO  main            d.u.i.k.p.r.p.TestFile    ... finished proof: closed. 
49060      INFO  main            d.u.i.k.p.i.AbstractProblemLoader Loading environment from /home/runner/work/key/key/key.core/../key.ui/examples/heap/model_methods/CellTest_callSet.key.proof 
49061      DEBUG main            d.u.i.k.p.i.AbstractProblemLoader Environment load took 114.7ns 
49062      INFO  main            d.u.i.k.p.i.AbstractProblemLoader Creating init config 
51531      DEBUG main            d.u.i.k.p.i.AbstractProblemLoader Init config took 2.47s 
51578      INFO  main            d.u.i.k.p.i.AbstractProblemLoader Replaying proof CellTest[CellTest::callSet(Cell,int)].JML operation contract.0 
51618      DEBUG main            d.u.i.k.p.i.IntermediateProofReplayer Proof replay took 36.78ms 
51619      DEBUG main            d.u.i.k.p.r.p.TestFile    ... success: reloaded. 
51621      INFO  main            d.u.i.k.p.r.p.TestFile    Now processing file /home/runner/work/key/key/key.core/../key.ui/examples/heap/model_methods/CellTest_test2.key 
51621      INFO  main            d.u.i.k.p.i.AbstractProblemLoader Loading environment from /home/runner/work/key/key/key.core/../key.ui/examples/heap/model_methods/CellTest_test2.key 
51621      DEBUG main            d.u.i.k.p.i.AbstractProblemLoader Environment load took 164.3ns 
51622      INFO  main            d.u.i.k.p.i.AbstractProblemLoader Creating init config 
54100      DEBUG main            d.u.i.k.p.i.AbstractProblemLoader Init config took 2.48s 
54144      INFO  main            d.u.i.k.p.i.AbstractProblemLoader Replaying proof CellTest[CellTest::test2(Cell)].JML operation contract.0 
54146      DEBUG main            d.u.i.k.p.i.IntermediateProofReplayer Proof replay took 7.6ns 
54449      INFO  main            d.u.i.k.p.r.p.TestFile    ... finished proof: closed. 
54623      INFO  main            d.u.i.k.p.i.AbstractProblemLoader Loading environment from /home/runner/work/key/key/key.core/../key.ui/examples/heap/model_methods/CellTest_test2.key.proof 
54623      DEBUG main            d.u.i.k.p.i.AbstractProblemLoader Environment load took 108.6ns 
54627      INFO  main            d.u.i.k.p.i.AbstractProblemLoader Creating init config 
57074      DEBUG main            d.u.i.k.p.i.AbstractProblemLoader Init config took 2.45s 
57117      INFO  main            d.u.i.k.p.i.AbstractProblemLoader Replaying proof CellTest[CellTest::test2(Cell)].JML operation contract.0 
57183      DEBUG main            d.u.i.k.p.i.IntermediateProofReplayer Proof replay took 64.02ms 
57184      DEBUG main            d.u.i.k.p.r.p.TestFile    ... success: reloaded. 
57186      INFO  main            d.u.i.k.p.r.p.TestFile    Now processing file /home/runner/work/key/key/key.core/../key.ui/examples/heap/model_methods/CellTest_test.key 
57186      INFO  main            d.u.i.k.p.i.AbstractProblemLoader Loading environment from /home/runner/work/key/key/key.core/../key.ui/examples/heap/model_methods/CellTest_test.key 
57186      DEBUG main            d.u.i.k.p.i.AbstractProblemLoader Environment load took 136.4ns 
57189      INFO  main            d.u.i.k.p.i.AbstractProblemLoader Creating init config 
59749      DEBUG main            d.u.i.k.p.i.AbstractProblemLoader Init config took 2.56s 
59794      INFO  main            d.u.i.k.p.i.AbstractProblemLoader Replaying proof CellTest[CellTest::test(Recell)].JML operation contract.0 
59796      DEBUG main            d.u.i.k.p.i.IntermediateProofReplayer Proof replay took 6.7ns 
61604      INFO  main            d.u.i.k.p.r.p.TestFile    ... finished proof: closed. 
61810      INFO  main            d.u.i.k.p.i.AbstractProblemLoader Loading environment from /home/runner/work/key/key/key.core/../key.ui/examples/heap/model_methods/CellTest_test.key.proof 
61810      DEBUG main            d.u.i.k.p.i.AbstractProblemLoader Environment load took 113.3ns 
61811      INFO  main            d.u.i.k.p.i.AbstractProblemLoader Creating init config 
64235      DEBUG main            d.u.i.k.p.i.AbstractProblemLoader Init config took 2.42s 
64274      INFO  main            d.u.i.k.p.i.AbstractProblemLoader Replaying proof CellTest[CellTest::test(Recell)].JML operation contract.0 
64625      DEBUG main            d.u.i.k.p.i.IntermediateProofReplayer Proof replay took 324.64ms 
64626      DEBUG main            d.u.i.k.p.r.p.TestFile    ... success: reloaded. 
64627      INFO  main            d.u.i.k.p.r.p.TestFile    Now processing file /home/runner/work/key/key/key.core/../key.ui/examples/heap/model_methods/Coll1_add.key 
64628      INFO  main            d.u.i.k.p.i.AbstractProblemLoader Loading environment from /home/runner/work/key/key/key.core/../key.ui/examples/heap/model_methods/Coll1_add.key 
64628      DEBUG main            d.u.i.k.p.i.AbstractProblemLoader Environment load took 179.7ns 
64629      INFO  main            d.u.i.k.p.i.AbstractProblemLoader Creating init config 
67090      DEBUG main            d.u.i.k.p.i.AbstractProblemLoader Init config took 2.46s 
67129      INFO  main            d.u.i.k.p.i.AbstractProblemLoader Replaying proof Coll1[Coll::add(int)].JML operation contract.0 
67130      DEBUG main            d.u.i.k.p.i.IntermediateProofReplayer Proof replay took 6ns 
67232      INFO  main            d.u.i.k.p.r.p.TestFile    ... finished proof: closed. 
67406      INFO  main            d.u.i.k.p.i.AbstractProblemLoader Loading environment from /home/runner/work/key/key/key.core/../key.ui/examples/heap/model_methods/Coll1_add.key.proof 
67406      DEBUG main            d.u.i.k.p.i.AbstractProblemLoader Environment load took 101.6ns 
67407      INFO  main            d.u.i.k.p.i.AbstractProblemLoader Creating init config 
69846      DEBUG main            d.u.i.k.p.i.AbstractProblemLoader Init config took 2.44s 
69898      INFO  main            d.u.i.k.p.i.AbstractProblemLoader Replaying proof Coll1[Coll::add(int)].JML operation contract.0 
69905      DEBUG main            d.u.i.k.p.i.IntermediateProofReplayer Proof replay took 6.19ms 
69906      DEBUG main            d.u.i.k.p.r.p.TestFile    ... success: reloaded. 
69907      INFO  main            d.u.i.k.p.r.p.TestFile    Now processing file /home/runner/work/key/key/key.core/../key.ui/examples/heap/model_methods/Coll1_Coll1_add_pre.key 
69907      INFO  main            d.u.i.k.p.i.AbstractProblemLoader Loading environment from /home/runner/work/key/key/key.core/../key.ui/examples/heap/model_methods/Coll1_Coll1_add_pre.key 
69908      DEBUG main            d.u.i.k.p.i.AbstractProblemLoader Environment load took 117ns 
69908      INFO  main            d.u.i.k.p.i.AbstractProblemLoader Creating init config 
72383      DEBUG main            d.u.i.k.p.i.AbstractProblemLoader Init config took 2.47s 
72442      INFO  main            d.u.i.k.p.i.AbstractProblemLoader Replaying proof Coll1[Coll1::add_pre(int)].JML model_behavior operation contract.0 
72444      DEBUG main            d.u.i.k.p.i.IntermediateProofReplayer Proof replay took 6ns 
72548      INFO  main            d.u.i.k.p.r.p.TestFile    ... finished proof: closed. 
72717      INFO  main            d.u.i.k.p.i.AbstractProblemLoader Loading environment from /home/runner/work/key/key/key.core/../key.ui/examples/heap/model_methods/Coll1_Coll1_add_pre.key.proof 
72717      DEBUG main            d.u.i.k.p.i.AbstractProblemLoader Environment load took 108.7ns 
72718      INFO  main            d.u.i.k.p.i.AbstractProblemLoader Creating init config 
75137      DEBUG main            d.u.i.k.p.i.AbstractProblemLoader Init config took 2.42s 
75186      INFO  main            d.u.i.k.p.i.AbstractProblemLoader Replaying proof Coll1[Coll1::add_pre(int)].JML model_behavior operation contract.0 
75189      DEBUG main            d.u.i.k.p.i.IntermediateProofReplayer Proof replay took 1.35ms 
75190      DEBUG main            d.u.i.k.p.r.p.TestFile    ... success: reloaded. 
75191      INFO  main            d.u.i.k.p.r.p.TestFile    Now processing file /home/runner/work/key/key/key.core/../key.ui/examples/heap/model_methods/Coll1_Coll_add_pre.key 
75192      INFO  main            d.u.i.k.p.i.AbstractProblemLoader Loading environment from /home/runner/work/key/key/key.core/../key.ui/examples/heap/model_methods/Coll1_Coll_add_pre.key 
75192      DEBUG main            d.u.i.k.p.i.AbstractProblemLoader Environment load took 156.6ns 
75193      INFO  main            d.u.i.k.p.i.AbstractProblemLoader Creating init config 
77636      DEBUG main            d.u.i.k.p.i.AbstractProblemLoader Init config took 2.44s 
77674      INFO  main            d.u.i.k.p.i.AbstractProblemLoader Replaying proof Coll1[Coll::add_pre(int)].JML model_behavior operation contract.0 
77676      DEBUG main            d.u.i.k.p.i.IntermediateProofReplayer Proof replay took 6ns 
77780      INFO  main            d.u.i.k.p.r.p.TestFile    ... finished proof: closed. 
77968      INFO  main            d.u.i.k.p.i.AbstractProblemLoader Loading environment from /home/runner/work/key/key/key.core/../key.ui/examples/heap/model_methods/Coll1_Coll_add_pre.key.proof 
77968      DEBUG main            d.u.i.k.p.i.AbstractProblemLoader Environment load took 111ns 
77969      INFO  main            d.u.i.k.p.i.AbstractProblemLoader Creating init config 
80414      DEBUG main            d.u.i.k.p.i.AbstractProblemLoader Init config took 2.45s 
80453      INFO  main            d.u.i.k.p.i.AbstractProblemLoader Replaying proof Coll1[Coll::add_pre(int)].JML model_behavior operation contract.0 
80456      DEBUG main            d.u.i.k.p.i.IntermediateProofReplayer Proof replay took 2.11ms 
80457      DEBUG main            d.u.i.k.p.r.p.TestFile    ... success: reloaded. 
80458      INFO  main            d.u.i.k.p.r.p.TestFile    Now processing file /home/runner/work/key/key/key.core/../key.ui/examples/heap/model_methods/Coll2_add.key 
80458      INFO  main            d.u.i.k.p.i.AbstractProblemLoader Loading environment from /home/runner/work/key/key/key.core/../key.ui/examples/heap/model_methods/Coll2_add.key 
80458      DEBUG main            d.u.i.k.p.i.AbstractProblemLoader Environment load took 81.8ns 
80459      INFO  main            d.u.i.k.p.i.AbstractProblemLoader Creating init config 
82873      DEBUG main            d.u.i.k.p.i.AbstractProblemLoader Init config took 2.41s 
82929      INFO  main            d.u.i.k.p.i.AbstractProblemLoader Replaying proof Coll2[Coll::add(int)].JML operation contract.0 
82930      DEBUG main            d.u.i.k.p.i.IntermediateProofReplayer Proof replay took 5.8ns 
83031      INFO  main            d.u.i.k.p.r.p.TestFile    ... finished proof: closed. 
83230      INFO  main            d.u.i.k.p.i.AbstractProblemLoader Loading environment from /home/runner/work/key/key/key.core/../key.ui/examples/heap/model_methods/Coll2_add.key.proof 
83230      DEBUG main            d.u.i.k.p.i.AbstractProblemLoader Environment load took 100.9ns 
83231      INFO  main            d.u.i.k.p.i.AbstractProblemLoader Creating init config 
85644      DEBUG main            d.u.i.k.p.i.AbstractProblemLoader Init config took 2.41s 
85682      INFO  main            d.u.i.k.p.i.AbstractProblemLoader Replaying proof Coll2[Coll::add(int)].JML operation contract.0 
85690      DEBUG main            d.u.i.k.p.i.IntermediateProofReplayer Proof replay took 5.71ms 
85691      DEBUG main            d.u.i.k.p.r.p.TestFile    ... success: reloaded. 
85692      INFO  main            d.u.i.k.p.r.p.TestFile    Now processing file /home/runner/work/key/key/key.core/../key.ui/examples/heap/model_methods/Coll2_Coll2_add_pre.key 
85692      INFO  main            d.u.i.k.p.i.AbstractProblemLoader Loading environment from /home/runner/work/key/key/key.core/../key.ui/examples/heap/model_methods/Coll2_Coll2_add_pre.key 
85692      DEBUG main            d.u.i.k.p.i.AbstractProblemLoader Environment load took 158.9ns 
85693      INFO  main            d.u.i.k.p.i.AbstractProblemLoader Creating init config 
88156      DEBUG main            d.u.i.k.p.i.AbstractProblemLoader Init config took 2.46s 
88208      INFO  main            d.u.i.k.p.i.AbstractProblemLoader Replaying proof Coll2[Coll2::add_pre(int)].JML model_behavior operation contract.0 
88209      DEBUG main            d.u.i.k.p.i.IntermediateProofReplayer Proof replay took 6.3ns 
88312      INFO  main            d.u.i.k.p.r.p.TestFile    ... finished proof: closed. 
88531      INFO  main            d.u.i.k.p.i.AbstractProblemLoader Loading environment from /home/runner/work/key/key/key.core/../key.ui/examples/heap/model_methods/Coll2_Coll2_add_pre.key.proof 
88532      DEBUG main            d.u.i.k.p.i.AbstractProblemLoader Environment load took 102.2ns 
88532      INFO  main            d.u.i.k.p.i.AbstractProblemLoader Creating init config 
90921      DEBUG main            d.u.i.k.p.i.AbstractProblemLoader Init config took 2.39s 
90957      INFO  main            d.u.i.k.p.i.AbstractProblemLoader Replaying proof Coll2[Coll2::add_pre(int)].JML model_behavior operation contract.0 
90960      DEBUG main            d.u.i.k.p.i.IntermediateProofReplayer Proof replay took 1.35ms 
90960      DEBUG main            d.u.i.k.p.r.p.TestFile    ... success: reloaded. 
90961      INFO  main            d.u.i.k.p.r.p.TestFile    Now processing file /home/runner/work/key/key/key.core/../key.ui/examples/heap/model_methods/Coll2_Coll_add_pre.key 
90961      INFO  main            d.u.i.k.p.i.AbstractProblemLoader Loading environment from /home/runner/work/key/key/key.core/../key.ui/examples/heap/model_methods/Coll2_Coll_add_pre.key 
90962      DEBUG main            d.u.i.k.p.i.AbstractProblemLoader Environment load took 81.5ns 
90962      INFO  main            d.u.i.k.p.i.AbstractProblemLoader Creating init config 
93420      DEBUG main            d.u.i.k.p.i.AbstractProblemLoader Init config took 2.46s 
93456      INFO  main            d.u.i.k.p.i.AbstractProblemLoader Replaying proof Coll2[Coll::add_pre(int)].JML model_behavior operation contract.0 
93458      DEBUG main            d.u.i.k.p.i.IntermediateProofReplayer Proof replay took 6.7ns 
93560      INFO  main            d.u.i.k.p.r.p.TestFile    ... finished proof: closed. 
93757      INFO  main            d.u.i.k.p.i.AbstractProblemLoader Loading environment from /home/runner/work/key/key/key.core/../key.ui/examples/heap/model_methods/Coll2_Coll_add_pre.key.proof 
93757      DEBUG main            d.u.i.k.p.i.AbstractProblemLoader Environment load took 97.9ns 
93758      INFO  main            d.u.i.k.p.i.AbstractProblemLoader Creating init config 
96139      DEBUG main            d.u.i.k.p.i.AbstractProblemLoader Init config took 2.38s 
96190      INFO  main            d.u.i.k.p.i.AbstractProblemLoader Replaying proof Coll2[Coll::add_pre(int)].JML model_behavior operation contract.0 
96194      DEBUG main            d.u.i.k.p.i.IntermediateProofReplayer Proof replay took 2.27ms 
96195      DEBUG main            d.u.i.k.p.r.p.TestFile    ... success: reloaded. 
96196      INFO  main            d.u.i.k.p.r.p.TestFile    Now processing file /home/runner/work/key/key/key.core/../key.ui/examples/heap/model_methods/Coll_add.key 
96196      INFO  main            d.u.i.k.p.i.AbstractProblemLoader Loading environment from /home/runner/work/key/key/key.core/../key.ui/examples/heap/model_methods/Coll_add.key 
96196      DEBUG main            d.u.i.k.p.i.AbstractProblemLoader Environment load took 163.4ns 
96197      INFO  main            d.u.i.k.p.i.AbstractProblemLoader Creating init config 
98625      DEBUG main            d.u.i.k.p.i.AbstractProblemLoader Init config took 2.43s 
98682      INFO  main            d.u.i.k.p.i.AbstractProblemLoader Replaying proof Coll[Coll::add(int)].JML operation contract.0 
98683      DEBUG main            d.u.i.k.p.i.IntermediateProofReplayer Proof replay took 6.2ns 
98785      INFO  main            d.u.i.k.p.r.p.TestFile    ... finished proof: closed. 
98978      INFO  main            d.u.i.k.p.i.AbstractProblemLoader Loading environment from /home/runner/work/key/key/key.core/../key.ui/examples/heap/model_methods/Coll_add.key.proof 
98979      DEBUG main            d.u.i.k.p.i.AbstractProblemLoader Environment load took 105.2ns 
98979      INFO  main            d.u.i.k.p.i.AbstractProblemLoader Creating init config 
101366     DEBUG main            d.u.i.k.p.i.AbstractProblemLoader Init config took 2.39s 
101403     INFO  main            d.u.i.k.p.i.AbstractProblemLoader Replaying proof Coll[Coll::add(int)].JML operation contract.0 
101406     DEBUG main            d.u.i.k.p.i.IntermediateProofReplayer Proof replay took 1.82ms 
101407     DEBUG main            d.u.i.k.p.r.p.TestFile    ... success: reloaded. 
101408     INFO  main            d.u.i.k.p.r.p.TestFile    Now processing file /home/runner/work/key/key/key.core/../key.ui/examples/heap/model_methods/Coll_add_pre.key 
101408     INFO  main            d.u.i.k.p.i.AbstractProblemLoader Loading environment from /home/runner/work/key/key/key.core/../key.ui/examples/heap/model_methods/Coll_add_pre.key 
101408     DEBUG main            d.u.i.k.p.i.AbstractProblemLoader Environment load took 79.9ns 
101409     INFO  main            d.u.i.k.p.i.AbstractProblemLoader Creating init config 
103876     DEBUG main            d.u.i.k.p.i.AbstractProblemLoader Init config took 2.47s 
103912     INFO  main            d.u.i.k.p.i.AbstractProblemLoader Replaying proof Coll[Coll::add_pre(int)].JML model_behavior operation contract.0 
103913     DEBUG main            d.u.i.k.p.i.IntermediateProofReplayer Proof replay took 6.6ns 
104014     INFO  main            d.u.i.k.p.r.p.TestFile    ... finished proof: closed. 
104218     INFO  main            d.u.i.k.p.i.AbstractProblemLoader Loading environment from /home/runner/work/key/key/key.core/../key.ui/examples/heap/model_methods/Coll_add_pre.key.proof 
104218     DEBUG main            d.u.i.k.p.i.AbstractProblemLoader Environment load took 479.2ns 
104219     INFO  main            d.u.i.k.p.i.AbstractProblemLoader Creating init config 
106595     DEBUG main            d.u.i.k.p.i.AbstractProblemLoader Init config took 2.38s 
106635     INFO  main            d.u.i.k.p.i.AbstractProblemLoader Replaying proof Coll[Coll::add_pre(int)].JML model_behavior operation contract.0 
106638     DEBUG main            d.u.i.k.p.i.IntermediateProofReplayer Proof replay took 2.29ms 
106639     DEBUG main            d.u.i.k.p.r.p.TestFile    ... success: reloaded. 
106640     INFO  main            d.u.i.k.p.r.p.TestFile    Now processing file /home/runner/work/key/key/key.core/../key.ui/examples/heap/model_methods/Indirect_callAdd.key 
106641     INFO  main            d.u.i.k.p.i.AbstractProblemLoader Loading environment from /home/runner/work/key/key/key.core/../key.ui/examples/heap/model_methods/Indirect_callAdd.key 
106641     DEBUG main            d.u.i.k.p.i.AbstractProblemLoader Environment load took 156ns 
106642     INFO  main            d.u.i.k.p.i.AbstractProblemLoader Creating init config 
109110     DEBUG main            d.u.i.k.p.i.AbstractProblemLoader Init config took 2.47s 
109146     INFO  main            d.u.i.k.p.i.AbstractProblemLoader Replaying proof Indirect[Indirect::callAdd(Coll,int)].JML operation contract.0 
109148     DEBUG main            d.u.i.k.p.i.IntermediateProofReplayer Proof replay took 6.5ns 
109249     INFO  main            d.u.i.k.p.r.p.TestFile    ... finished proof: closed. 
109465     INFO  main            d.u.i.k.p.i.AbstractProblemLoader Loading environment from /home/runner/work/key/key/key.core/../key.ui/examples/heap/model_methods/Indirect_callAdd.key.proof 
109466     DEBUG main            d.u.i.k.p.i.AbstractProblemLoader Environment load took 107.5ns 
109466     INFO  main            d.u.i.k.p.i.AbstractProblemLoader Creating init config 
111873     DEBUG main            d.u.i.k.p.i.AbstractProblemLoader Init config took 2.41s 
111909     INFO  main            d.u.i.k.p.i.AbstractProblemLoader Replaying proof Indirect[Indirect::callAdd(Coll,int)].JML operation contract.0 
111931     DEBUG main            d.u.i.k.p.i.IntermediateProofReplayer Proof replay took 19.54ms 
111931     DEBUG main            d.u.i.k.p.r.p.TestFile    ... success: reloaded. 
111932     INFO  main            d.u.i.k.p.r.p.TestFile    Now processing file /home/runner/work/key/key/key.core/../key.ui/examples/heap/model_methods/Indirect_test.key 
111933     INFO  main            d.u.i.k.p.i.AbstractProblemLoader Loading environment from /home/runner/work/key/key/key.core/../key.ui/examples/heap/model_methods/Indirect_test.key 
111933     DEBUG main            d.u.i.k.p.i.AbstractProblemLoader Environment load took 97.1ns 
111933     INFO  main            d.u.i.k.p.i.AbstractProblemLoader Creating init config 
114364     DEBUG main            d.u.i.k.p.i.AbstractProblemLoader Init config took 2.43s 
114400     INFO  main            d.u.i.k.p.i.AbstractProblemLoader Replaying proof Indirect[Indirect::test(Coll1,Coll2)].JML operation contract.0 
114402     DEBUG main            d.u.i.k.p.i.IntermediateProofReplayer Proof replay took 5.7ns 
114604     INFO  main            d.u.i.k.p.r.p.TestFile    ... finished proof: closed. 
114847     INFO  main            d.u.i.k.p.i.AbstractProblemLoader Loading environment from /home/runner/work/key/key/key.core/../key.ui/examples/heap/model_methods/Indirect_test.key.proof 
114847     DEBUG main            d.u.i.k.p.i.AbstractProblemLoader Environment load took 98.3ns 
114849     INFO  main            d.u.i.k.p.i.AbstractProblemLoader Creating init config 
117228     DEBUG main            d.u.i.k.p.i.AbstractProblemLoader Init config took 2.38s 
117266     INFO  main            d.u.i.k.p.i.AbstractProblemLoader Replaying proof Indirect[Indirect::test(Coll1,Coll2)].JML operation contract.0 
117314     DEBUG main            d.u.i.k.p.i.IntermediateProofReplayer Proof replay took 44.89ms 
117315     DEBUG main            d.u.i.k.p.r.p.TestFile    ... success: reloaded. 
117316     INFO  main            d.u.i.k.p.r.p.TestFile    Now processing file /home/runner/work/key/key/key.core/../key.ui/examples/heap/model_methods/Recell_Cell_footprint.key 
117316     INFO  main            d.u.i.k.p.i.AbstractProblemLoader Loading environment from /home/runner/work/key/key/key.core/../key.ui/examples/heap/model_methods/Recell_Cell_footprint.key 
117316     DEBUG main            d.u.i.k.p.i.AbstractProblemLoader Environment load took 74.8ns 
117317     INFO  main            d.u.i.k.p.i.AbstractProblemLoader Creating init config 
119773     DEBUG main            d.u.i.k.p.i.AbstractProblemLoader Init config took 2.46s 
119809     INFO  main            d.u.i.k.p.i.AbstractProblemLoader Replaying proof Recell[Cell::footprint()].JML model_behavior operation contract.0 
119811     DEBUG main            d.u.i.k.p.i.IntermediateProofReplayer Proof replay took 6.8ns 
119916     INFO  main            d.u.i.k.p.r.p.TestFile    ... finished proof: closed. 
120140     INFO  main            d.u.i.k.p.i.AbstractProblemLoader Loading environment from /home/runner/work/key/key/key.core/../key.ui/examples/heap/model_methods/Recell_Cell_footprint.key.proof 
120140     DEBUG main            d.u.i.k.p.i.AbstractProblemLoader Environment load took 90.1ns 
120141     INFO  main            d.u.i.k.p.i.AbstractProblemLoader Creating init config 
122518     DEBUG main            d.u.i.k.p.i.AbstractProblemLoader Init config took 2.38s 
122553     INFO  main            d.u.i.k.p.i.AbstractProblemLoader Replaying proof Recell[Cell::footprint()].JML model_behavior operation contract.0 
122557     DEBUG main            d.u.i.k.p.i.IntermediateProofReplayer Proof replay took 2.53ms 
122558     DEBUG main            d.u.i.k.p.r.p.TestFile    ... success: reloaded. 
122558     INFO  main            d.u.i.k.p.r.p.TestFile    Now processing file /home/runner/work/key/key/key.core/../key.ui/examples/heap/model_methods/Recell_Cell_post_set.key 
122559     INFO  main            d.u.i.k.p.i.AbstractProblemLoader Loading environment from /home/runner/work/key/key/key.core/../key.ui/examples/heap/model_methods/Recell_Cell_post_set.key 
122559     DEBUG main            d.u.i.k.p.i.AbstractProblemLoader Environment load took 78ns 
122560     INFO  main            d.u.i.k.p.i.AbstractProblemLoader Creating init config 
125007     DEBUG main            d.u.i.k.p.i.AbstractProblemLoader Init config took 2.45s 
125042     INFO  main            d.u.i.k.p.i.AbstractProblemLoader Replaying proof Recell[Cell::post_set(int)].JML model_behavior operation contract.0 
125043     DEBUG main            d.u.i.k.p.i.IntermediateProofReplayer Proof replay took 5.8ns 
125145     INFO  main            d.u.i.k.p.r.p.TestFile    ... finished proof: closed. 
125372     INFO  main            d.u.i.k.p.i.AbstractProblemLoader Loading environment from /home/runner/work/key/key/key.core/../key.ui/examples/heap/model_methods/Recell_Cell_post_set.key.proof 
125373     DEBUG main            d.u.i.k.p.i.AbstractProblemLoader Environment load took 95.2ns 
125373     INFO  main            d.u.i.k.p.i.AbstractProblemLoader Creating init config 
127754     DEBUG main            d.u.i.k.p.i.AbstractProblemLoader Init config took 2.38s 
127789     INFO  main            d.u.i.k.p.i.AbstractProblemLoader Replaying proof Recell[Cell::post_set(int)].JML model_behavior operation contract.0 
127794     DEBUG main            d.u.i.k.p.i.IntermediateProofReplayer Proof replay took 3.59ms 
127795     DEBUG main            d.u.i.k.p.r.p.TestFile    ... success: reloaded. 
127796     INFO  main            d.u.i.k.p.r.p.TestFile    Now processing file /home/runner/work/key/key/key.core/../key.ui/examples/heap/model_methods/Recell_footprint_acc.key 
127796     INFO  main            d.u.i.k.p.i.AbstractProblemLoader Loading environment from /home/runner/work/key/key/key.core/../key.ui/examples/heap/model_methods/Recell_footprint_acc.key 
127796     DEBUG main            d.u.i.k.p.i.AbstractProblemLoader Environment load took 75.6ns 
127797     INFO  main            d.u.i.k.p.i.AbstractProblemLoader Creating init config 
130246     DEBUG main            d.u.i.k.p.i.AbstractProblemLoader Init config took 2.45s 
130297     INFO  main            d.u.i.k.p.i.AbstractProblemLoader Replaying proof Recell[Cell::footprint()].JML accessible clause.0 
130298     DEBUG main            d.u.i.k.p.i.IntermediateProofReplayer Proof replay took 5.7ns 
130404     INFO  main            d.u.i.k.p.r.p.TestFile    ... finished proof: closed. 
130637     INFO  main            d.u.i.k.p.i.AbstractProblemLoader Loading environment from /home/runner/work/key/key/key.core/../key.ui/examples/heap/model_methods/Recell_footprint_acc.key.proof 
130637     DEBUG main            d.u.i.k.p.i.AbstractProblemLoader Environment load took 101.1ns 
130638     INFO  main            d.u.i.k.p.i.AbstractProblemLoader Creating init config 
133006     DEBUG main            d.u.i.k.p.i.AbstractProblemLoader Init config took 2.37s 
133040     INFO  main            d.u.i.k.p.i.AbstractProblemLoader Replaying proof Recell[Cell::footprint()].JML accessible clause.0 
133069     DEBUG main            d.u.i.k.p.i.IntermediateProofReplayer Proof replay took 25.98ms 
133069     DEBUG main            d.u.i.k.p.r.p.TestFile    ... success: reloaded. 
133070     INFO  main            d.u.i.k.p.r.p.TestFile    Now processing file /home/runner/work/key/key/key.core/../key.ui/examples/heap/model_methods/Recell_get_acc.key 
133070     INFO  main            d.u.i.k.p.i.AbstractProblemLoader Loading environment from /home/runner/work/key/key/key.core/../key.ui/examples/heap/model_methods/Recell_get_acc.key 
133071     DEBUG main            d.u.i.k.p.i.AbstractProblemLoader Environment load took 215.6ns 
133072     INFO  main            d.u.i.k.p.i.AbstractProblemLoader Creating init config 
135499     DEBUG main            d.u.i.k.p.i.AbstractProblemLoader Init config took 2.43s 
135534     INFO  main            d.u.i.k.p.i.AbstractProblemLoader Replaying proof Recell[Cell::get()].JML accessible clause.0 
135536     DEBUG main            d.u.i.k.p.i.IntermediateProofReplayer Proof replay took 6.2ns 
135640     INFO  main            d.u.i.k.p.r.p.TestFile    ... finished proof: closed. 
135887     INFO  main            d.u.i.k.p.i.AbstractProblemLoader Loading environment from /home/runner/work/key/key/key.core/../key.ui/examples/heap/model_methods/Recell_get_acc.key.proof 
135887     DEBUG main            d.u.i.k.p.i.AbstractProblemLoader Environment load took 106.5ns 
135888     INFO  main            d.u.i.k.p.i.AbstractProblemLoader Creating init config 
138252     DEBUG main            d.u.i.k.p.i.AbstractProblemLoader Init config took 2.36s 
138287     INFO  main            d.u.i.k.p.i.AbstractProblemLoader Replaying proof Recell[Cell::get()].JML accessible clause.0 
138303     DEBUG main            d.u.i.k.p.i.IntermediateProofReplayer Proof replay took 13.57ms 
138303     DEBUG main            d.u.i.k.p.r.p.TestFile    ... success: reloaded. 
138304     INFO  main            d.u.i.k.p.r.p.TestFile    Now processing file /home/runner/work/key/key/key.core/../key.ui/examples/heap/model_methods/Recell_get.key 
138304     INFO  main            d.u.i.k.p.i.AbstractProblemLoader Loading environment from /home/runner/work/key/key/key.core/../key.ui/examples/heap/model_methods/Recell_get.key 
138304     DEBUG main            d.u.i.k.p.i.AbstractProblemLoader Environment load took 67.9ns 
138305     INFO  main            d.u.i.k.p.i.AbstractProblemLoader Creating init config 
140725     DEBUG main            d.u.i.k.p.i.AbstractProblemLoader Init config took 2.42s 
140761     INFO  main            d.u.i.k.p.i.AbstractProblemLoader Replaying proof Recell[Cell::get()].JML operation contract.0 
140762     DEBUG main            d.u.i.k.p.i.IntermediateProofReplayer Proof replay took 6.3ns 
140864     INFO  main            d.u.i.k.p.r.p.TestFile    ... finished proof: closed. 
141096     INFO  main            d.u.i.k.p.i.AbstractProblemLoader Loading environment from /home/runner/work/key/key/key.core/../key.ui/examples/heap/model_methods/Recell_get.key.proof 
141096     DEBUG main            d.u.i.k.p.i.AbstractProblemLoader Environment load took 90.2ns 
141097     INFO  main            d.u.i.k.p.i.AbstractProblemLoader Creating init config 
143489     DEBUG main            d.u.i.k.p.i.AbstractProblemLoader Init config took 2.39s 
143525     INFO  main            d.u.i.k.p.i.AbstractProblemLoader Replaying proof Recell[Cell::get()].JML operation contract.0 
143533     DEBUG main            d.u.i.k.p.i.IntermediateProofReplayer Proof replay took 7.02ms 
143534     DEBUG main            d.u.i.k.p.r.p.TestFile    ... success: reloaded. 
143535     INFO  main            d.u.i.k.p.r.p.TestFile    Now processing file /home/runner/work/key/key/key.core/../key.ui/examples/heap/model_methods/Recell_Recell_footprint.key 
143535     INFO  main            d.u.i.k.p.i.AbstractProblemLoader Loading environment from /home/runner/work/key/key/key.core/../key.ui/examples/heap/model_methods/Recell_Recell_footprint.key 
143535     DEBUG main            d.u.i.k.p.i.AbstractProblemLoader Environment load took 104ns 
143536     INFO  main            d.u.i.k.p.i.AbstractProblemLoader Creating init config 
145949     DEBUG main            d.u.i.k.p.i.AbstractProblemLoader Init config took 2.41s 
145984     INFO  main            d.u.i.k.p.i.AbstractProblemLoader Replaying proof Recell[Recell::footprint()].JML model_behavior operation contract.0 
145985     DEBUG main            d.u.i.k.p.i.IntermediateProofReplayer Proof replay took 6.3ns 
146087     INFO  main            d.u.i.k.p.r.p.TestFile    ... finished proof: closed. 
146339     INFO  main            d.u.i.k.p.i.AbstractProblemLoader Loading environment from /home/runner/work/key/key/key.core/../key.ui/examples/heap/model_methods/Recell_Recell_footprint.key.proof 
146339     DEBUG main            d.u.i.k.p.i.AbstractProblemLoader Environment load took 96.1ns 
146340     INFO  main            d.u.i.k.p.i.AbstractProblemLoader Creating init config 
148704     DEBUG main            d.u.i.k.p.i.AbstractProblemLoader Init config took 2.36s 
148739     INFO  main            d.u.i.k.p.i.AbstractProblemLoader Replaying proof Recell[Recell::footprint()].JML model_behavior operation contract.0 
148742     DEBUG main            d.u.i.k.p.i.IntermediateProofReplayer Proof replay took 1.27ms 
148743     DEBUG main            d.u.i.k.p.r.p.TestFile    ... success: reloaded. 
148743     INFO  main            d.u.i.k.p.r.p.TestFile    Now processing file /home/runner/work/key/key/key.core/../key.ui/examples/heap/model_methods/Recell_Recell_post_set.key 
148744     INFO  main            d.u.i.k.p.i.AbstractProblemLoader Loading environment from /home/runner/work/key/key/key.core/../key.ui/examples/heap/model_methods/Recell_Recell_post_set.key 
148744     DEBUG main            d.u.i.k.p.i.AbstractProblemLoader Environment load took 180.6ns 
148745     INFO  main            d.u.i.k.p.i.AbstractProblemLoader Creating init config 
151175     DEBUG main            d.u.i.k.p.i.AbstractProblemLoader Init config took 2.43s 
151210     INFO  main            d.u.i.k.p.i.AbstractProblemLoader Replaying proof Recell[Recell::post_set(int)].JML model_behavior operation contract.0 
151211     DEBUG main            d.u.i.k.p.i.IntermediateProofReplayer Proof replay took 6.4ns 
151312     INFO  main            d.u.i.k.p.r.p.TestFile    ... finished proof: closed. 
151566     INFO  main            d.u.i.k.p.i.AbstractProblemLoader Loading environment from /home/runner/work/key/key/key.core/../key.ui/examples/heap/model_methods/Recell_Recell_post_set.key.proof 
151567     DEBUG main            d.u.i.k.p.i.AbstractProblemLoader Environment load took 88ns 
151568     INFO  main            d.u.i.k.p.i.AbstractProblemLoader Creating init config 
153928     DEBUG main            d.u.i.k.p.i.AbstractProblemLoader Init config took 2.36s 
153963     INFO  main            d.u.i.k.p.i.AbstractProblemLoader Replaying proof Recell[Recell::post_set(int)].JML model_behavior operation contract.0 
153966     DEBUG main            d.u.i.k.p.i.IntermediateProofReplayer Proof replay took 2.11ms 
153967     DEBUG main            d.u.i.k.p.r.p.TestFile    ... success: reloaded. 
153968     INFO  main            d.u.i.k.p.r.p.TestFile    Now processing file /home/runner/work/key/key/key.core/../key.ui/examples/heap/model_methods/Recell_set.key 
153968     INFO  main            d.u.i.k.p.i.AbstractProblemLoader Loading environment from /home/runner/work/key/key/key.core/../key.ui/examples/heap/model_methods/Recell_set.key 
153968     DEBUG main            d.u.i.k.p.i.AbstractProblemLoader Environment load took 75.8ns 
153969     INFO  main            d.u.i.k.p.i.AbstractProblemLoader Creating init config 
156377     DEBUG main            d.u.i.k.p.i.AbstractProblemLoader Init config took 2.41s 
156412     INFO  main            d.u.i.k.p.i.AbstractProblemLoader Replaying proof Recell[Cell::set(int)].JML operation contract.0 
156414     DEBUG main            d.u.i.k.p.i.IntermediateProofReplayer Proof replay took 7.2ns 
162655     INFO  main            d.u.i.k.p.r.p.TestFile    ... finished proof: closed. 
162941     INFO  main            d.u.i.k.p.i.AbstractProblemLoader Loading environment from /home/runner/work/key/key/key.core/../key.ui/examples/heap/model_methods/Recell_set.key.proof 
162941     DEBUG main            d.u.i.k.p.i.AbstractProblemLoader Environment load took 107.5ns 
162942     INFO  main            d.u.i.k.p.i.AbstractProblemLoader Creating init config 
165317     DEBUG main            d.u.i.k.p.i.AbstractProblemLoader Init config took 2.38s 
165352     INFO  main            d.u.i.k.p.i.AbstractProblemLoader Replaying proof Recell[Cell::set(int)].JML operation contract.0 
165717     DEBUG main            d.u.i.k.p.i.IntermediateProofReplayer Proof replay took 346.77ms 
165718     DEBUG main            d.u.i.k.p.r.p.TestFile    ... success: reloaded. 
165719     INFO  main            d.u.i.k.p.r.p.TestFile    Now processing file /home/runner/work/key/key/key.core/../key.ui/examples/heap/model_methods/Recell_undo.key 
165719     INFO  main            d.u.i.k.p.i.AbstractProblemLoader Loading environment from /home/runner/work/key/key/key.core/../key.ui/examples/heap/model_methods/Recell_undo.key 
165720     DEBUG main            d.u.i.k.p.i.AbstractProblemLoader Environment load took 175ns 
165720     INFO  main            d.u.i.k.p.i.AbstractProblemLoader Creating init config 
168133     DEBUG main            d.u.i.k.p.i.AbstractProblemLoader Init config took 2.41s 
168169     INFO  main            d.u.i.k.p.i.AbstractProblemLoader Replaying proof Recell[Recell::undo()].JML operation contract.0 
168170     DEBUG main            d.u.i.k.p.i.IntermediateProofReplayer Proof replay took 7ns 
168273     INFO  main            d.u.i.k.p.r.p.TestFile    ... finished proof: closed. 
168542     INFO  main            d.u.i.k.p.i.AbstractProblemLoader Loading environment from /home/runner/work/key/key/key.core/../key.ui/examples/heap/model_methods/Recell_undo.key.proof 
168542     DEBUG main            d.u.i.k.p.i.AbstractProblemLoader Environment load took 88.4ns 
168543     INFO  main            d.u.i.k.p.i.AbstractProblemLoader Creating init config 
170901     DEBUG main            d.u.i.k.p.i.AbstractProblemLoader Init config took 2.36s 
170945     INFO  main            d.u.i.k.p.i.AbstractProblemLoader Replaying proof Recell[Recell::undo()].JML operation contract.0 
170971     DEBUG main            d.u.i.k.p.i.IntermediateProofReplayer Proof replay took 23.37ms 
170971     DEBUG main            d.u.i.k.p.r.p.TestFile    ... success: reloaded. 
4012810    INFO  Test worker     d.u.i.k.p.r.RunAllProofsTestUnit Returning from test modelMethods 
4012811    INFO  Test worker     d.u.i.k.p.r.RunAllProofsTestUnit Running test permissionHeap 
372        INFO  Timeout watchdog d.u.i.k.p.r.p.ForkedTestFileRunner Timeout watcher launched (2000 secs.) 
389        WARN  main            d.u.i.k.s.ProofSettings   The settings in /home/runner/.key/proof-settings.props are *not* read. 
434        INFO  main            d.u.i.k.p.r.p.TestFile    Now processing file /home/runner/work/key/key/key.core/../key.ui/examples/heap/permissions/permissions_method0.key 
548        INFO  main            d.u.i.k.p.i.AbstractProblemLoader Loading environment from /home/runner/work/key/key/key.core/../key.ui/examples/heap/permissions/permissions_method0.key 
568        DEBUG main            d.u.i.k.p.i.AbstractProblemLoader Environment load took 1.98ms 
792        INFO  main            d.u.i.k.p.i.AbstractProblemLoader Creating init config 
1655       DEBUG main            d.u.i.k.j.TypeConverter   No LDT found for Meta 
1656       DEBUG main            d.u.i.k.j.TypeConverter   No LDT found for Meta 
1657       DEBUG main            d.u.i.k.j.TypeConverter   No LDT found for Meta 
1657       DEBUG main            d.u.i.k.j.TypeConverter   No LDT found for Meta 
2991       DEBUG main            d.u.i.k.j.TypeConverter   No LDT found for JavaBigintExpression 
7990       DEBUG main            d.u.i.k.p.i.AbstractProblemLoader Init config took 7.2s 
8149       INFO  main            d.u.i.k.p.i.AbstractProblemLoader Replaying proof MyClass[MyClass::method0()].JML normal_behavior operation contract.0 
8182       DEBUG main            d.u.i.k.p.i.IntermediateProofReplayer Proof replay took 31.5ns 
9003       INFO  main            d.u.i.k.p.r.p.TestFile    ... finished proof: closed. 
9107       INFO  main            d.u.i.k.p.i.AbstractProblemLoader Loading environment from /home/runner/work/key/key/key.core/../key.ui/examples/heap/permissions/permissions_method0.key.proof 
9109       DEBUG main            d.u.i.k.p.i.AbstractProblemLoader Environment load took 1.93ms 
9112       INFO  main            d.u.i.k.p.i.AbstractProblemLoader Creating init config 
11868      DEBUG main            d.u.i.k.p.i.AbstractProblemLoader Init config took 2.76s 
11929      INFO  main            d.u.i.k.p.i.AbstractProblemLoader Replaying proof MyClass[MyClass::method0()].JML normal_behavior operation contract.0 
12015      DEBUG main            d.u.i.k.p.i.IntermediateProofReplayer Proof replay took 80.69ms 
12022      DEBUG main            d.u.i.k.p.r.p.TestFile    ... success: reloaded. 
12023      INFO  main            d.u.i.k.p.r.p.TestFile    Now processing file /home/runner/work/key/key/key.core/../key.ui/examples/heap/permissions/permissions_method1.key 
12024      INFO  main            d.u.i.k.p.i.AbstractProblemLoader Loading environment from /home/runner/work/key/key/key.core/../key.ui/examples/heap/permissions/permissions_method1.key 
12024      DEBUG main            d.u.i.k.p.i.AbstractProblemLoader Environment load took 185.7ns 
12025      INFO  main            d.u.i.k.p.i.AbstractProblemLoader Creating init config 
14728      DEBUG main            d.u.i.k.p.i.AbstractProblemLoader Init config took 2.7s 
14787      INFO  main            d.u.i.k.p.i.AbstractProblemLoader Replaying proof MyClass[MyClass::method1()].JML normal_behavior operation contract.0 
14790      DEBUG main            d.u.i.k.p.i.IntermediateProofReplayer Proof replay took 6.3ns 
15093      INFO  main            d.u.i.k.p.r.p.TestFile    ... finished proof: closed. 
15277      INFO  main            d.u.i.k.p.i.AbstractProblemLoader Loading environment from /home/runner/work/key/key/key.core/../key.ui/examples/heap/permissions/permissions_method1.key.proof 
15277      DEBUG main            d.u.i.k.p.i.AbstractProblemLoader Environment load took 352.2ns 
15280      INFO  main            d.u.i.k.p.i.AbstractProblemLoader Creating init config 
17833      DEBUG main            d.u.i.k.p.i.AbstractProblemLoader Init config took 2.55s 
17885      INFO  main            d.u.i.k.p.i.AbstractProblemLoader Replaying proof MyClass[MyClass::method1()].JML normal_behavior operation contract.0 
17953      DEBUG main            d.u.i.k.p.i.IntermediateProofReplayer Proof replay took 64.88ms 
17954      DEBUG main            d.u.i.k.p.r.p.TestFile    ... success: reloaded. 
17956      INFO  main            d.u.i.k.p.r.p.TestFile    Now processing file /home/runner/work/key/key/key.core/../key.ui/examples/heap/permissions/permissions_method3.key 
17956      INFO  main            d.u.i.k.p.i.AbstractProblemLoader Loading environment from /home/runner/work/key/key/key.core/../key.ui/examples/heap/permissions/permissions_method3.key 
17956      DEBUG main            d.u.i.k.p.i.AbstractProblemLoader Environment load took 185.7ns 
17958      INFO  main            d.u.i.k.p.i.AbstractProblemLoader Creating init config 
20570      DEBUG main            d.u.i.k.p.i.AbstractProblemLoader Init config took 2.61s 
20619      INFO  main            d.u.i.k.p.i.AbstractProblemLoader Replaying proof MyClass[MyClass::method3()].JML normal_behavior operation contract.0 
20621      DEBUG main            d.u.i.k.p.i.IntermediateProofReplayer Proof replay took 5.4ns 
22030      INFO  main            d.u.i.k.p.r.p.TestFile    ... finished proof: closed. 
22184      INFO  main            d.u.i.k.p.i.AbstractProblemLoader Loading environment from /home/runner/work/key/key/key.core/../key.ui/examples/heap/permissions/permissions_method3.key.proof 
22184      DEBUG main            d.u.i.k.p.i.AbstractProblemLoader Environment load took 331.7ns 
22187      INFO  main            d.u.i.k.p.i.AbstractProblemLoader Creating init config 
24765      DEBUG main            d.u.i.k.p.i.AbstractProblemLoader Init config took 2.58s 
24820      INFO  main            d.u.i.k.p.i.AbstractProblemLoader Replaying proof MyClass[MyClass::method3()].JML normal_behavior operation contract.0 
25067      DEBUG main            d.u.i.k.p.i.IntermediateProofReplayer Proof replay took 233.74ms 
25069      DEBUG main            d.u.i.k.p.r.p.TestFile    ... success: reloaded. 
25070      INFO  main            d.u.i.k.p.r.p.TestFile    Now processing file /home/runner/work/key/key/key.core/../key.ui/examples/heap/permissions/permissions_setAB.key 
25071      INFO  main            d.u.i.k.p.i.AbstractProblemLoader Loading environment from /home/runner/work/key/key/key.core/../key.ui/examples/heap/permissions/permissions_setAB.key 
25071      DEBUG main            d.u.i.k.p.i.AbstractProblemLoader Environment load took 185.9ns 
25072      INFO  main            d.u.i.k.p.i.AbstractProblemLoader Creating init config 
27660      DEBUG main            d.u.i.k.p.i.AbstractProblemLoader Init config took 2.59s 
27704      INFO  main            d.u.i.k.p.i.AbstractProblemLoader Replaying proof MyClass[MyClass::setAB()].JML normal_behavior operation contract.0 
27706      DEBUG main            d.u.i.k.p.i.IntermediateProofReplayer Proof replay took 5.3ns 
29311      INFO  main            d.u.i.k.p.r.p.TestFile    ... finished proof: closed. 
29499      INFO  main            d.u.i.k.p.i.AbstractProblemLoader Loading environment from /home/runner/work/key/key/key.core/../key.ui/examples/heap/permissions/permissions_setAB.key.proof 
29503      DEBUG main            d.u.i.k.p.i.AbstractProblemLoader Environment load took 4.04ms 
29504      INFO  main            d.u.i.k.p.i.AbstractProblemLoader Creating init config 
32059      DEBUG main            d.u.i.k.p.i.AbstractProblemLoader Init config took 2.55s 
32103      INFO  main            d.u.i.k.p.i.AbstractProblemLoader Replaying proof MyClass[MyClass::setAB()].JML normal_behavior operation contract.0 
32246      DEBUG main            d.u.i.k.p.i.IntermediateProofReplayer Proof replay took 137.46ms 
32248      DEBUG main            d.u.i.k.p.r.p.TestFile    ... success: reloaded. 
32249      INFO  main            d.u.i.k.p.r.p.TestFile    Now processing file /home/runner/work/key/key/key.core/../key.ui/examples/heap/permissions/permissionProperties.key 
32249      INFO  main            d.u.i.k.p.i.AbstractProblemLoader Loading environment from /home/runner/work/key/key/key.core/../key.ui/examples/heap/permissions/permissionProperties.key 
32249      DEBUG main            d.u.i.k.p.i.AbstractProblemLoader Environment load took 163.3ns 
32251      INFO  main            d.u.i.k.p.i.AbstractProblemLoader Creating init config 
32368      DEBUG main            d.u.i.k.j.TypeConverter   No LDT found for Meta 
32369      DEBUG main            d.u.i.k.j.TypeConverter   No LDT found for Meta 
32369      DEBUG main            d.u.i.k.j.TypeConverter   No LDT found for Meta 
32369      DEBUG main            d.u.i.k.j.TypeConverter   No LDT found for Meta 
32917      DEBUG main            d.u.i.k.j.TypeConverter   No LDT found for JavaBigintExpression 
35493      DEBUG main            d.u.i.k.p.i.AbstractProblemLoader Init config took 3.24s 
35512      INFO  main            d.u.i.k.p.i.AbstractProblemLoader Replaying proof permissionProperties.key 
35514      DEBUG main            d.u.i.k.p.i.IntermediateProofReplayer Proof replay took 5.5ns 
35617      INFO  main            d.u.i.k.p.r.p.TestFile    ... finished proof: closed. 
35769      INFO  main            d.u.i.k.p.i.AbstractProblemLoader Loading environment from /home/runner/work/key/key/key.core/../key.ui/examples/heap/permissions/permissionProperties.key.proof 
35769      DEBUG main            d.u.i.k.p.i.AbstractProblemLoader Environment load took 113.6ns 
35770      INFO  main            d.u.i.k.p.i.AbstractProblemLoader Creating init config 
38116      DEBUG main            d.u.i.k.p.i.AbstractProblemLoader Init config took 2.35s 
38134      INFO  main            d.u.i.k.p.i.AbstractProblemLoader Replaying proof permissionProperties.key.proof 
38149      DEBUG main            d.u.i.k.p.i.IntermediateProofReplayer Proof replay took 13.11ms 
38150      DEBUG main            d.u.i.k.p.r.p.TestFile    ... success: reloaded. 
38151      INFO  main            d.u.i.k.p.r.p.TestFile    Now processing file /home/runner/work/key/key/key.core/../key.ui/examples/heap/permissions/threads/AFilter_AFilter.key 
38152      INFO  main            d.u.i.k.p.i.AbstractProblemLoader Loading environment from /home/runner/work/key/key/key.core/../key.ui/examples/heap/permissions/threads/AFilter_AFilter.key 
38152      DEBUG main            d.u.i.k.p.i.AbstractProblemLoader Environment load took 248.3ns 
38153      INFO  main            d.u.i.k.p.i.AbstractProblemLoader Creating init config 
38264      DEBUG main            d.u.i.k.j.TypeConverter   No LDT found for Meta 
38264      DEBUG main            d.u.i.k.j.TypeConverter   No LDT found for Meta 
38265      DEBUG main            d.u.i.k.j.TypeConverter   No LDT found for Meta 
38265      DEBUG main            d.u.i.k.j.TypeConverter   No LDT found for Meta 
38785      DEBUG main            d.u.i.k.j.TypeConverter   No LDT found for JavaBigintExpression 
43838      DEBUG main            d.u.i.k.p.i.AbstractProblemLoader Init config took 5.69s 
43940      INFO  main            d.u.i.k.p.i.AbstractProblemLoader Replaying proof AFilter[AFilter::AFilter(Sampler,Buffer)].JML normal_behavior operation contract.0 
43942      DEBUG main            d.u.i.k.p.i.IntermediateProofReplayer Proof replay took 5.7ns 
44956      INFO  main            d.u.i.k.p.r.p.TestFile    ... finished proof: closed. 
45184      INFO  main            d.u.i.k.p.i.AbstractProblemLoader Loading environment from /home/runner/work/key/key/key.core/../key.ui/examples/heap/permissions/threads/AFilter_AFilter.key.proof 
45186      DEBUG main            d.u.i.k.p.i.AbstractProblemLoader Environment load took 1.25ms 
45187      INFO  main            d.u.i.k.p.i.AbstractProblemLoader Creating init config 
49747      DEBUG main            d.u.i.k.p.i.AbstractProblemLoader Init config took 4.56s 
49844      INFO  main            d.u.i.k.p.i.AbstractProblemLoader Replaying proof AFilter[AFilter::AFilter(Sampler,Buffer)].JML normal_behavior operation contract.0 
49960      DEBUG main            d.u.i.k.p.i.IntermediateProofReplayer Proof replay took 111.38ms 
49961      DEBUG main            d.u.i.k.p.r.p.TestFile    ... success: reloaded. 
49962      INFO  main            d.u.i.k.p.r.p.TestFile    Now processing file /home/runner/work/key/key/key.core/../key.ui/examples/heap/permissions/threads/AFilter_initPost_accessible.key 
49963      INFO  main            d.u.i.k.p.i.AbstractProblemLoader Loading environment from /home/runner/work/key/key/key.core/../key.ui/examples/heap/permissions/threads/AFilter_initPost_accessible.key 
49963      DEBUG main            d.u.i.k.p.i.AbstractProblemLoader Environment load took 87ns 
49964      INFO  main            d.u.i.k.p.i.AbstractProblemLoader Creating init config 
54491      DEBUG main            d.u.i.k.p.i.AbstractProblemLoader Init config took 4.53s 
54586      INFO  main            d.u.i.k.p.i.AbstractProblemLoader Replaying proof AFilter[ThreadSpec2::initPost()].JML accessible clause.0 
54587      DEBUG main            d.u.i.k.p.i.IntermediateProofReplayer Proof replay took 6.3ns 
54689      INFO  main            d.u.i.k.p.r.p.TestFile    ... finished proof: closed. 
54934      INFO  main            d.u.i.k.p.i.AbstractProblemLoader Loading environment from /home/runner/work/key/key/key.core/../key.ui/examples/heap/permissions/threads/AFilter_initPost_accessible.key.proof 
54934      DEBUG main            d.u.i.k.p.i.AbstractProblemLoader Environment load took 105.9ns 
54935      INFO  main            d.u.i.k.p.i.AbstractProblemLoader Creating init config 
59413      DEBUG main            d.u.i.k.p.i.AbstractProblemLoader Init config took 4.48s 
59519      INFO  main            d.u.i.k.p.i.AbstractProblemLoader Replaying proof AFilter[ThreadSpec2::initPost()].JML accessible clause.0 
59531      DEBUG main            d.u.i.k.p.i.IntermediateProofReplayer Proof replay took 9.7ms 
59531      DEBUG main            d.u.i.k.p.r.p.TestFile    ... success: reloaded. 
59533      INFO  main            d.u.i.k.p.r.p.TestFile    Now processing file /home/runner/work/key/key/key.core/../key.ui/examples/heap/permissions/threads/AFilter_inv_accessible1.key 
59533      INFO  main            d.u.i.k.p.i.AbstractProblemLoader Loading environment from /home/runner/work/key/key/key.core/../key.ui/examples/heap/permissions/threads/AFilter_inv_accessible1.key 
59533      DEBUG main            d.u.i.k.p.i.AbstractProblemLoader Environment load took 117.7ns 
59534      INFO  main            d.u.i.k.p.i.AbstractProblemLoader Creating init config 
64048      DEBUG main            d.u.i.k.p.i.AbstractProblemLoader Init config took 4.51s 
64140      INFO  main            d.u.i.k.p.i.AbstractProblemLoader Replaying proof AFilter[java.lang.Object::<inv>()].JML accessible clause.0 
64141      DEBUG main            d.u.i.k.p.i.IntermediateProofReplayer Proof replay took 6.1ns 
64243      INFO  main            d.u.i.k.p.r.p.TestFile    ... finished proof: closed. 
64435      INFO  main            d.u.i.k.p.i.AbstractProblemLoader Loading environment from /home/runner/work/key/key/key.core/../key.ui/examples/heap/permissions/threads/AFilter_inv_accessible1.key.proof 
64435      DEBUG main            d.u.i.k.p.i.AbstractProblemLoader Environment load took 111.3ns 
64436      INFO  main            d.u.i.k.p.i.AbstractProblemLoader Creating init config 
68920      DEBUG main            d.u.i.k.p.i.AbstractProblemLoader Init config took 4.48s 
69017      INFO  main            d.u.i.k.p.i.AbstractProblemLoader Replaying proof AFilter[java.lang.Object::<inv>()].JML accessible clause.0 
69020      DEBUG main            d.u.i.k.p.i.IntermediateProofReplayer Proof replay took 1.94ms 
69021      DEBUG main            d.u.i.k.p.r.p.TestFile    ... success: reloaded. 
69022      INFO  main            d.u.i.k.p.r.p.TestFile    Now processing file /home/runner/work/key/key/key.core/../key.ui/examples/heap/permissions/threads/AFilter_inv_accessible2.key 
69022      INFO  main            d.u.i.k.p.i.AbstractProblemLoader Loading environment from /home/runner/work/key/key/key.core/../key.ui/examples/heap/permissions/threads/AFilter_inv_accessible2.key 
69022      DEBUG main            d.u.i.k.p.i.AbstractProblemLoader Environment load took 82.6ns 
69023      INFO  main            d.u.i.k.p.i.AbstractProblemLoader Creating init config 
73504      DEBUG main            d.u.i.k.p.i.AbstractProblemLoader Init config took 4.48s 
73594      INFO  main            d.u.i.k.p.i.AbstractProblemLoader Replaying proof AFilter[java.lang.Object::<inv>()].JML accessible clause.1 
73596      DEBUG main            d.u.i.k.p.i.IntermediateProofReplayer Proof replay took 6ns 
73700      INFO  main            d.u.i.k.p.r.p.TestFile    ... finished proof: closed. 
73900      INFO  main            d.u.i.k.p.i.AbstractProblemLoader Loading environment from /home/runner/work/key/key/key.core/../key.ui/examples/heap/permissions/threads/AFilter_inv_accessible2.key.proof 
73900      DEBUG main            d.u.i.k.p.i.AbstractProblemLoader Environment load took 105.8ns 
73901      INFO  main            d.u.i.k.p.i.AbstractProblemLoader Creating init config 
78373      DEBUG main            d.u.i.k.p.i.AbstractProblemLoader Init config took 4.47s 
78473      INFO  main            d.u.i.k.p.i.AbstractProblemLoader Replaying proof AFilter[java.lang.Object::<inv>()].JML accessible clause.1 
78476      DEBUG main            d.u.i.k.p.i.IntermediateProofReplayer Proof replay took 1.78ms 
78477      DEBUG main            d.u.i.k.p.r.p.TestFile    ... success: reloaded. 
78478      INFO  main            d.u.i.k.p.r.p.TestFile    Now processing file /home/runner/work/key/key/key.core/../key.ui/examples/heap/permissions/threads/AFilter_joinTransfer_accessible.key 
78479      INFO  main            d.u.i.k.p.i.AbstractProblemLoader Loading environment from /home/runner/work/key/key/key.core/../key.ui/examples/heap/permissions/threads/AFilter_joinTransfer_accessible.key 
78479      DEBUG main            d.u.i.k.p.i.AbstractProblemLoader Environment load took 168.9ns 
78480      INFO  main            d.u.i.k.p.i.AbstractProblemLoader Creating init config 
82964      DEBUG main            d.u.i.k.p.i.AbstractProblemLoader Init config took 4.48s 
83052      INFO  main            d.u.i.k.p.i.AbstractProblemLoader Replaying proof AFilter[ThreadSpec2::joinTransfer()].JML accessible clause.0 
83053      DEBUG main            d.u.i.k.p.i.IntermediateProofReplayer Proof replay took 5.9ns 
86178      INFO  main            d.u.i.k.p.r.p.TestFile    ... finished proof: closed. 
86407      INFO  main            d.u.i.k.p.i.AbstractProblemLoader Loading environment from /home/runner/work/key/key/key.core/../key.ui/examples/heap/permissions/threads/AFilter_joinTransfer_accessible.key.proof 
86407      DEBUG main            d.u.i.k.p.i.AbstractProblemLoader Environment load took 334.4ns 
86408      INFO  main            d.u.i.k.p.i.AbstractProblemLoader Creating init config 
90842      DEBUG main            d.u.i.k.p.i.AbstractProblemLoader Init config took 4.43s 
90942      INFO  main            d.u.i.k.p.i.AbstractProblemLoader Replaying proof AFilter[ThreadSpec2::joinTransfer()].JML accessible clause.0 
91198      DEBUG main            d.u.i.k.p.i.IntermediateProofReplayer Proof replay took 245.61ms 
91200      DEBUG main            d.u.i.k.p.r.p.TestFile    ... success: reloaded. 
91201      INFO  main            d.u.i.k.p.r.p.TestFile    Now processing file /home/runner/work/key/key/key.core/../key.ui/examples/heap/permissions/threads/AFilter_joinTransfer_contract.key 
91201      INFO  main            d.u.i.k.p.i.AbstractProblemLoader Loading environment from /home/runner/work/key/key/key.core/../key.ui/examples/heap/permissions/threads/AFilter_joinTransfer_contract.key 
91202      DEBUG main            d.u.i.k.p.i.AbstractProblemLoader Environment load took 191.4ns 
91202      INFO  main            d.u.i.k.p.i.AbstractProblemLoader Creating init config 
95685      DEBUG main            d.u.i.k.p.i.AbstractProblemLoader Init config took 4.48s 
95786      INFO  main            d.u.i.k.p.i.AbstractProblemLoader Replaying proof AFilter[ThreadSpec2::joinTransfer()].JML model_behavior operation contract.0 
95788      DEBUG main            d.u.i.k.p.i.IntermediateProofReplayer Proof replay took 5.9ns 
95890      INFO  main            d.u.i.k.p.r.p.TestFile    ... finished proof: closed. 
96098      INFO  main            d.u.i.k.p.i.AbstractProblemLoader Loading environment from /home/runner/work/key/key/key.core/../key.ui/examples/heap/permissions/threads/AFilter_joinTransfer_contract.key.proof 
96099      DEBUG main            d.u.i.k.p.i.AbstractProblemLoader Environment load took 783.3ns 
96102      INFO  main            d.u.i.k.p.i.AbstractProblemLoader Creating init config 
100545     DEBUG main            d.u.i.k.p.i.AbstractProblemLoader Init config took 4.44s 
100633     INFO  main            d.u.i.k.p.i.AbstractProblemLoader Replaying proof AFilter[ThreadSpec2::joinTransfer()].JML model_behavior operation contract.0 
100645     DEBUG main            d.u.i.k.p.i.IntermediateProofReplayer Proof replay took 9.12ms 
100647     DEBUG main            d.u.i.k.p.r.p.TestFile    ... success: reloaded. 
100649     INFO  main            d.u.i.k.p.r.p.TestFile    Now processing file /home/runner/work/key/key/key.core/../key.ui/examples/heap/permissions/threads/AFilter_postJoin_accessible.key 
100649     INFO  main            d.u.i.k.p.i.AbstractProblemLoader Loading environment from /home/runner/work/key/key/key.core/../key.ui/examples/heap/permissions/threads/AFilter_postJoin_accessible.key 
100649     DEBUG main            d.u.i.k.p.i.AbstractProblemLoader Environment load took 166.7ns 
100650     INFO  main            d.u.i.k.p.i.AbstractProblemLoader Creating init config 
105140     DEBUG main            d.u.i.k.p.i.AbstractProblemLoader Init config took 4.49s 
105227     INFO  main            d.u.i.k.p.i.AbstractProblemLoader Replaying proof AFilter[ThreadSpec2::postJoin(java.lang.Object)].JML accessible clause.0 
105229     DEBUG main            d.u.i.k.p.i.IntermediateProofReplayer Proof replay took 6.3ns 
105330     INFO  main            d.u.i.k.p.r.p.TestFile    ... finished proof: closed. 
105549     INFO  main            d.u.i.k.p.i.AbstractProblemLoader Loading environment from /home/runner/work/key/key/key.core/../key.ui/examples/heap/permissions/threads/AFilter_postJoin_accessible.key.proof 
105549     DEBUG main            d.u.i.k.p.i.AbstractProblemLoader Environment load took 109.4ns 
105550     INFO  main            d.u.i.k.p.i.AbstractProblemLoader Creating init config 
109953     DEBUG main            d.u.i.k.p.i.AbstractProblemLoader Init config took 4.4s 
110039     INFO  main            d.u.i.k.p.i.AbstractProblemLoader Replaying proof AFilter[ThreadSpec2::postJoin(java.lang.Object)].JML accessible clause.0 
110046     DEBUG main            d.u.i.k.p.i.IntermediateProofReplayer Proof replay took 5.13ms 
110047     DEBUG main            d.u.i.k.p.r.p.TestFile    ... success: reloaded. 
110048     INFO  main            d.u.i.k.p.r.p.TestFile    Now processing file /home/runner/work/key/key/key.core/../key.ui/examples/heap/permissions/threads/AFilter_preStart_accessible.key 
110048     INFO  main            d.u.i.k.p.i.AbstractProblemLoader Loading environment from /home/runner/work/key/key/key.core/../key.ui/examples/heap/permissions/threads/AFilter_preStart_accessible.key 
110048     DEBUG main            d.u.i.k.p.i.AbstractProblemLoader Environment load took 80.5ns 
110049     INFO  main            d.u.i.k.p.i.AbstractProblemLoader Creating init config 
114534     DEBUG main            d.u.i.k.p.i.AbstractProblemLoader Init config took 4.49s 
114620     INFO  main            d.u.i.k.p.i.AbstractProblemLoader Replaying proof AFilter[ThreadSpec2::preStart(java.lang.Object)].JML accessible clause.0 
114621     DEBUG main            d.u.i.k.p.i.IntermediateProofReplayer Proof replay took 7.1ns 
114924     INFO  main            d.u.i.k.p.r.p.TestFile    ... finished proof: closed. 
115172     INFO  main            d.u.i.k.p.i.AbstractProblemLoader Loading environment from /home/runner/work/key/key/key.core/../key.ui/examples/heap/permissions/threads/AFilter_preStart_accessible.key.proof 
115172     DEBUG main            d.u.i.k.p.i.AbstractProblemLoader Environment load took 108.6ns 
115173     INFO  main            d.u.i.k.p.i.AbstractProblemLoader Creating init config 
119603     DEBUG main            d.u.i.k.p.i.AbstractProblemLoader Init config took 4.43s 
119689     INFO  main            d.u.i.k.p.i.AbstractProblemLoader Replaying proof AFilter[ThreadSpec2::preStart(java.lang.Object)].JML accessible clause.0 
119715     DEBUG main            d.u.i.k.p.i.IntermediateProofReplayer Proof replay took 22.26ms 
119716     DEBUG main            d.u.i.k.p.r.p.TestFile    ... success: reloaded. 
119717     INFO  main            d.u.i.k.p.r.p.TestFile    Now processing file /home/runner/work/key/key/key.core/../key.ui/examples/heap/permissions/threads/AFilter_startTransfer_accessible.key 
119717     INFO  main            d.u.i.k.p.i.AbstractProblemLoader Loading environment from /home/runner/work/key/key/key.core/../key.ui/examples/heap/permissions/threads/AFilter_startTransfer_accessible.key 
119717     DEBUG main            d.u.i.k.p.i.AbstractProblemLoader Environment load took 80.5ns 
119718     INFO  main            d.u.i.k.p.i.AbstractProblemLoader Creating init config 
124143     DEBUG main            d.u.i.k.p.i.AbstractProblemLoader Init config took 4.43s 
124246     INFO  main            d.u.i.k.p.i.AbstractProblemLoader Replaying proof AFilter[ThreadSpec2::startTransfer()].JML accessible clause.0 
124248     DEBUG main            d.u.i.k.p.i.IntermediateProofReplayer Proof replay took 5.5ns 
130172     INFO  main            d.u.i.k.p.r.p.TestFile    ... finished proof: closed. 
130424     INFO  main            d.u.i.k.p.i.AbstractProblemLoader Loading environment from /home/runner/work/key/key/key.core/../key.ui/examples/heap/permissions/threads/AFilter_startTransfer_accessible.key.proof 
130425     DEBUG main            d.u.i.k.p.i.AbstractProblemLoader Environment load took 360.2ns 
130426     INFO  main            d.u.i.k.p.i.AbstractProblemLoader Creating init config 
134821     DEBUG main            d.u.i.k.p.i.AbstractProblemLoader Init config took 4.4s 
134906     INFO  main            d.u.i.k.p.i.AbstractProblemLoader Replaying proof AFilter[ThreadSpec2::startTransfer()].JML accessible clause.0 
135209     DEBUG main            d.u.i.k.p.i.IntermediateProofReplayer Proof replay took 286.72ms 
135210     DEBUG main            d.u.i.k.p.r.p.TestFile    ... success: reloaded. 
135211     INFO  main            d.u.i.k.p.r.p.TestFile    Now processing file /home/runner/work/key/key/key.core/../key.ui/examples/heap/permissions/threads/AFilter_startTransfer_contract.key 
135211     INFO  main            d.u.i.k.p.i.AbstractProblemLoader Loading environment from /home/runner/work/key/key/key.core/../key.ui/examples/heap/permissions/threads/AFilter_startTransfer_contract.key 
135211     DEBUG main            d.u.i.k.p.i.AbstractProblemLoader Environment load took 85ns 
135212     INFO  main            d.u.i.k.p.i.AbstractProblemLoader Creating init config 
139683     DEBUG main            d.u.i.k.p.i.AbstractProblemLoader Init config took 4.47s 
139769     INFO  main            d.u.i.k.p.i.AbstractProblemLoader Replaying proof AFilter[ThreadSpec2::startTransfer()].JML model_behavior operation contract.0 
139770     DEBUG main            d.u.i.k.p.i.IntermediateProofReplayer Proof replay took 5.9ns 
140174     INFO  main            d.u.i.k.p.r.p.TestFile    ... finished proof: closed. 
140424     INFO  main            d.u.i.k.p.i.AbstractProblemLoader Loading environment from /home/runner/work/key/key/key.core/../key.ui/examples/heap/permissions/threads/AFilter_startTransfer_contract.key.proof 
140424     DEBUG main            d.u.i.k.p.i.AbstractProblemLoader Environment load took 112.4ns 
140425     INFO  main            d.u.i.k.p.i.AbstractProblemLoader Creating init config 
144817     DEBUG main            d.u.i.k.p.i.AbstractProblemLoader Init config took 4.39s 
144914     INFO  main            d.u.i.k.p.i.AbstractProblemLoader Replaying proof AFilter[ThreadSpec2::startTransfer()].JML model_behavior operation contract.0 
144963     DEBUG main            d.u.i.k.p.i.IntermediateProofReplayer Proof replay took 44.41ms 
144965     DEBUG main            d.u.i.k.p.r.p.TestFile    ... success: reloaded. 
144966     INFO  main            d.u.i.k.p.r.p.TestFile    Now processing file /home/runner/work/key/key/key.core/../key.ui/examples/heap/permissions/threads/AFilter_stateInv_accessible.key 
144967     INFO  main            d.u.i.k.p.i.AbstractProblemLoader Loading environment from /home/runner/work/key/key/key.core/../key.ui/examples/heap/permissions/threads/AFilter_stateInv_accessible.key 
144967     DEBUG main            d.u.i.k.p.i.AbstractProblemLoader Environment load took 97.6ns 
144968     INFO  main            d.u.i.k.p.i.AbstractProblemLoader Creating init config 
149432     DEBUG main            d.u.i.k.p.i.AbstractProblemLoader Init config took 4.46s 
149531     INFO  main            d.u.i.k.p.i.AbstractProblemLoader Replaying proof AFilter[ThreadSpec2::stateInv()].JML accessible clause.0 
149532     DEBUG main            d.u.i.k.p.i.IntermediateProofReplayer Proof replay took 6.4ns 
149835     INFO  main            d.u.i.k.p.r.p.TestFile    ... finished proof: closed. 
150080     INFO  main            d.u.i.k.p.i.AbstractProblemLoader Loading environment from /home/runner/work/key/key/key.core/../key.ui/examples/heap/permissions/threads/AFilter_stateInv_accessible.key.proof 
150080     DEBUG main            d.u.i.k.p.i.AbstractProblemLoader Environment load took 111.6ns 
150081     INFO  main            d.u.i.k.p.i.AbstractProblemLoader Creating init config 
154461     DEBUG main            d.u.i.k.p.i.AbstractProblemLoader Init config took 4.38s 
154546     INFO  main            d.u.i.k.p.i.AbstractProblemLoader Replaying proof AFilter[ThreadSpec2::stateInv()].JML accessible clause.0 
154575     DEBUG main            d.u.i.k.p.i.IntermediateProofReplayer Proof replay took 24.9ms 
154576     DEBUG main            d.u.i.k.p.r.p.TestFile    ... success: reloaded. 
154577     INFO  main            d.u.i.k.p.r.p.TestFile    Now processing file /home/runner/work/key/key/key.core/../key.ui/examples/heap/permissions/threads/AFilter_staticPermissions_accessible.key 
154577     INFO  main            d.u.i.k.p.i.AbstractProblemLoader Loading environment from /home/runner/work/key/key/key.core/../key.ui/examples/heap/permissions/threads/AFilter_staticPermissions_accessible.key 
154577     DEBUG main            d.u.i.k.p.i.AbstractProblemLoader Environment load took 156.7ns 
154578     INFO  main            d.u.i.k.p.i.AbstractProblemLoader Creating init config 
159028     DEBUG main            d.u.i.k.p.i.AbstractProblemLoader Init config took 4.45s 
159113     INFO  main            d.u.i.k.p.i.AbstractProblemLoader Replaying proof AFilter[ThreadSpec2::staticPermissions()].JML accessible clause.0 
159115     DEBUG main            d.u.i.k.p.i.IntermediateProofReplayer Proof replay took 6ns 
159216     INFO  main            d.u.i.k.p.r.p.TestFile    ... finished proof: closed. 
159463     INFO  main            d.u.i.k.p.i.AbstractProblemLoader Loading environment from /home/runner/work/key/key/key.core/../key.ui/examples/heap/permissions/threads/AFilter_staticPermissions_accessible.key.proof 
159463     DEBUG main            d.u.i.k.p.i.AbstractProblemLoader Environment load took 101.9ns 
159464     INFO  main            d.u.i.k.p.i.AbstractProblemLoader Creating init config 
163857     DEBUG main            d.u.i.k.p.i.AbstractProblemLoader Init config took 4.39s 
163941     INFO  main            d.u.i.k.p.i.AbstractProblemLoader Replaying proof AFilter[ThreadSpec2::staticPermissions()].JML accessible clause.0 
163950     DEBUG main            d.u.i.k.p.i.IntermediateProofReplayer Proof replay took 7.11ms 
163951     DEBUG main            d.u.i.k.p.r.p.TestFile    ... success: reloaded. 
163952     INFO  main            d.u.i.k.p.r.p.TestFile    Now processing file /home/runner/work/key/key/key.core/../key.ui/examples/heap/permissions/threads/AFilter_workingPermissions_accessible.key 
163952     INFO  main            d.u.i.k.p.i.AbstractProblemLoader Loading environment from /home/runner/work/key/key/key.core/../key.ui/examples/heap/permissions/threads/AFilter_workingPermissions_accessible.key 
163952     DEBUG main            d.u.i.k.p.i.AbstractProblemLoader Environment load took 74.9ns 
163953     INFO  main            d.u.i.k.p.i.AbstractProblemLoader Creating init config 
168409     DEBUG main            d.u.i.k.p.i.AbstractProblemLoader Init config took 4.46s 
168507     INFO  main            d.u.i.k.p.i.AbstractProblemLoader Replaying proof AFilter[ThreadSpec2::workingPermissions()].JML accessible clause.0 
168508     DEBUG main            d.u.i.k.p.i.IntermediateProofReplayer Proof replay took 5.6ns 
168610     INFO  main            d.u.i.k.p.r.p.TestFile    ... finished proof: closed. 
168858     INFO  main            d.u.i.k.p.i.AbstractProblemLoader Loading environment from /home/runner/work/key/key/key.core/../key.ui/examples/heap/permissions/threads/AFilter_workingPermissions_accessible.key.proof 
168858     DEBUG main            d.u.i.k.p.i.AbstractProblemLoader Environment load took 104.5ns 
168859     INFO  main            d.u.i.k.p.i.AbstractProblemLoader Creating init config 
173301     DEBUG main            d.u.i.k.p.i.AbstractProblemLoader Init config took 4.44s 
173385     INFO  main            d.u.i.k.p.i.AbstractProblemLoader Replaying proof AFilter[ThreadSpec2::workingPermissions()].JML accessible clause.0 
173393     DEBUG main            d.u.i.k.p.i.IntermediateProofReplayer Proof replay took 6.05ms 
173393     DEBUG main            d.u.i.k.p.r.p.TestFile    ... success: reloaded. 
173394     INFO  main            d.u.i.k.p.r.p.TestFile    Now processing file /home/runner/work/key/key/key.core/../key.ui/examples/heap/permissions/threads/BFilter_BFilter.key 
173394     INFO  main            d.u.i.k.p.i.AbstractProblemLoader Loading environment from /home/runner/work/key/key/key.core/../key.ui/examples/heap/permissions/threads/BFilter_BFilter.key 
173395     DEBUG main            d.u.i.k.p.i.AbstractProblemLoader Environment load took 54.5ns 
173395     INFO  main            d.u.i.k.p.i.AbstractProblemLoader Creating init config 
177870     DEBUG main            d.u.i.k.p.i.AbstractProblemLoader Init config took 4.47s 
177963     INFO  main            d.u.i.k.p.i.AbstractProblemLoader Replaying proof BFilter[BFilter::BFilter(Sampler,Buffer)].JML normal_behavior operation contract.0 
177966     DEBUG main            d.u.i.k.p.i.IntermediateProofReplayer Proof replay took 7.1ns 
178870     INFO  main            d.u.i.k.p.r.p.TestFile    ... finished proof: closed. 
179162     INFO  main            d.u.i.k.p.i.AbstractProblemLoader Loading environment from /home/runner/work/key/key/key.core/../key.ui/examples/heap/permissions/threads/BFilter_BFilter.key.proof 
179162     DEBUG main            d.u.i.k.p.i.AbstractProblemLoader Environment load took 426.3ns 
179163     INFO  main            d.u.i.k.p.i.AbstractProblemLoader Creating init config 
183548     DEBUG main            d.u.i.k.p.i.AbstractProblemLoader Init config took 4.38s 
183646     INFO  main            d.u.i.k.p.i.AbstractProblemLoader Replaying proof BFilter[BFilter::BFilter(Sampler,Buffer)].JML normal_behavior operation contract.0 
183752     DEBUG main            d.u.i.k.p.i.IntermediateProofReplayer Proof replay took 101.64ms 
183753     DEBUG main            d.u.i.k.p.r.p.TestFile    ... success: reloaded. 
183754     INFO  main            d.u.i.k.p.r.p.TestFile    Now processing file /home/runner/work/key/key/key.core/../key.ui/examples/heap/permissions/threads/BFilter_initPost_accessible.key 
183754     INFO  main            d.u.i.k.p.i.AbstractProblemLoader Loading environment from /home/runner/work/key/key/key.core/../key.ui/examples/heap/permissions/threads/BFilter_initPost_accessible.key 
183754     DEBUG main            d.u.i.k.p.i.AbstractProblemLoader Environment load took 175.8ns 
183755     INFO  main            d.u.i.k.p.i.AbstractProblemLoader Creating init config 
188215     DEBUG main            d.u.i.k.p.i.AbstractProblemLoader Init config took 4.46s 
188312     INFO  main            d.u.i.k.p.i.AbstractProblemLoader Replaying proof BFilter[ThreadSpec2::initPost()].JML accessible clause.0 
188313     DEBUG main            d.u.i.k.p.i.IntermediateProofReplayer Proof replay took 5.5ns 
188415     INFO  main            d.u.i.k.p.r.p.TestFile    ... finished proof: closed. 
188709     INFO  main            d.u.i.k.p.i.AbstractProblemLoader Loading environment from /home/runner/work/key/key/key.core/../key.ui/examples/heap/permissions/threads/BFilter_initPost_accessible.key.proof 
188709     DEBUG main            d.u.i.k.p.i.AbstractProblemLoader Environment load took 110.5ns 
188710     INFO  main            d.u.i.k.p.i.AbstractProblemLoader Creating init config 
193094     DEBUG main            d.u.i.k.p.i.AbstractProblemLoader Init config took 4.38s 
193179     INFO  main            d.u.i.k.p.i.AbstractProblemLoader Replaying proof BFilter[ThreadSpec2::initPost()].JML accessible clause.0 
193188     DEBUG main            d.u.i.k.p.i.IntermediateProofReplayer Proof replay took 7.52ms 
193189     DEBUG main            d.u.i.k.p.r.p.TestFile    ... success: reloaded. 
193190     INFO  main            d.u.i.k.p.r.p.TestFile    Now processing file /home/runner/work/key/key/key.core/../key.ui/examples/heap/permissions/threads/BFilter_inv_accessible1.key 
193190     INFO  main            d.u.i.k.p.i.AbstractProblemLoader Loading environment from /home/runner/work/key/key/key.core/../key.ui/examples/heap/permissions/threads/BFilter_inv_accessible1.key 
193190     DEBUG main            d.u.i.k.p.i.AbstractProblemLoader Environment load took 65ns 
193191     INFO  main            d.u.i.k.p.i.AbstractProblemLoader Creating init config 
197655     DEBUG main            d.u.i.k.p.i.AbstractProblemLoader Init config took 4.46s 
197739     INFO  main            d.u.i.k.p.i.AbstractProblemLoader Replaying proof BFilter[java.lang.Object::<inv>()].JML accessible clause.0 
197741     DEBUG main            d.u.i.k.p.i.IntermediateProofReplayer Proof replay took 6ns 
197842     INFO  main            d.u.i.k.p.r.p.TestFile    ... finished proof: closed. 
198107     INFO  main            d.u.i.k.p.i.AbstractProblemLoader Loading environment from /home/runner/work/key/key/key.core/../key.ui/examples/heap/permissions/threads/BFilter_inv_accessible1.key.proof 
198107     DEBUG main            d.u.i.k.p.i.AbstractProblemLoader Environment load took 97.3ns 
198108     INFO  main            d.u.i.k.p.i.AbstractProblemLoader Creating init config 
202508     DEBUG main            d.u.i.k.p.i.AbstractProblemLoader Init config took 4.4s 
202593     INFO  main            d.u.i.k.p.i.AbstractProblemLoader Replaying proof BFilter[java.lang.Object::<inv>()].JML accessible clause.0 
202595     DEBUG main            d.u.i.k.p.i.IntermediateProofReplayer Proof replay took 1.39ms 
202596     DEBUG main            d.u.i.k.p.r.p.TestFile    ... success: reloaded. 
202597     INFO  main            d.u.i.k.p.r.p.TestFile    Now processing file /home/runner/work/key/key/key.core/../key.ui/examples/heap/permissions/threads/BFilter_inv_accessible2.key 
202597     INFO  main            d.u.i.k.p.i.AbstractProblemLoader Loading environment from /home/runner/work/key/key/key.core/../key.ui/examples/heap/permissions/threads/BFilter_inv_accessible2.key 
202597     DEBUG main            d.u.i.k.p.i.AbstractProblemLoader Environment load took 73.2ns 
202598     INFO  main            d.u.i.k.p.i.AbstractProblemLoader Creating init config 
207098     DEBUG main            d.u.i.k.p.i.AbstractProblemLoader Init config took 4.5s 
207198     INFO  main            d.u.i.k.p.i.AbstractProblemLoader Replaying proof BFilter[java.lang.Object::<inv>()].JML accessible clause.1 
207200     DEBUG main            d.u.i.k.p.i.IntermediateProofReplayer Proof replay took 5.7ns 
207304     INFO  main            d.u.i.k.p.r.p.TestFile    ... finished proof: closed. 
207573     INFO  main            d.u.i.k.p.i.AbstractProblemLoader Loading environment from /home/runner/work/key/key/key.core/../key.ui/examples/heap/permissions/threads/BFilter_inv_accessible2.key.proof 
207573     DEBUG main            d.u.i.k.p.i.AbstractProblemLoader Environment load took 101.1ns 
207574     INFO  main            d.u.i.k.p.i.AbstractProblemLoader Creating init config 
211981     DEBUG main            d.u.i.k.p.i.AbstractProblemLoader Init config took 4.41s 
212079     INFO  main            d.u.i.k.p.i.AbstractProblemLoader Replaying proof BFilter[java.lang.Object::<inv>()].JML accessible clause.1 
212082     DEBUG main            d.u.i.k.p.i.IntermediateProofReplayer Proof replay took 1.36ms 
212086     DEBUG main            d.u.i.k.p.r.p.TestFile    ... success: reloaded. 
212087     INFO  main            d.u.i.k.p.r.p.TestFile    Now processing file /home/runner/work/key/key/key.core/../key.ui/examples/heap/permissions/threads/BFilter_joinTransfer_accessible.key 
212088     INFO  main            d.u.i.k.p.i.AbstractProblemLoader Loading environment from /home/runner/work/key/key/key.core/../key.ui/examples/heap/permissions/threads/BFilter_joinTransfer_accessible.key 
212088     DEBUG main            d.u.i.k.p.i.AbstractProblemLoader Environment load took 74ns 
212088     INFO  main            d.u.i.k.p.i.AbstractProblemLoader Creating init config 
216552     DEBUG main            d.u.i.k.p.i.AbstractProblemLoader Init config took 4.46s 
216636     INFO  main            d.u.i.k.p.i.AbstractProblemLoader Replaying proof BFilter[ThreadSpec2::joinTransfer()].JML accessible clause.0 
216638     DEBUG main            d.u.i.k.p.i.IntermediateProofReplayer Proof replay took 6.8ns 
219754     INFO  main            d.u.i.k.p.r.p.TestFile    ... finished proof: closed. 
220060     INFO  main            d.u.i.k.p.i.AbstractProblemLoader Loading environment from /home/runner/work/key/key/key.core/../key.ui/examples/heap/permissions/threads/BFilter_joinTransfer_accessible.key.proof 
220060     DEBUG main            d.u.i.k.p.i.AbstractProblemLoader Environment load took 311.2ns 
220061     INFO  main            d.u.i.k.p.i.AbstractProblemLoader Creating init config 
224505     DEBUG main            d.u.i.k.p.i.AbstractProblemLoader Init config took 4.44s 
224589     INFO  main            d.u.i.k.p.i.AbstractProblemLoader Replaying proof BFilter[ThreadSpec2::joinTransfer()].JML accessible clause.0 
224813     DEBUG main            d.u.i.k.p.i.IntermediateProofReplayer Proof replay took 214.48ms 
224814     DEBUG main            d.u.i.k.p.r.p.TestFile    ... success: reloaded. 
224815     INFO  main            d.u.i.k.p.r.p.TestFile    Now processing file /home/runner/work/key/key/key.core/../key.ui/examples/heap/permissions/threads/BFilter_joinTransfer_contract.key 
224815     INFO  main            d.u.i.k.p.i.AbstractProblemLoader Loading environment from /home/runner/work/key/key/key.core/../key.ui/examples/heap/permissions/threads/BFilter_joinTransfer_contract.key 
224816     DEBUG main            d.u.i.k.p.i.AbstractProblemLoader Environment load took 99.7ns 
224816     INFO  main            d.u.i.k.p.i.AbstractProblemLoader Creating init config 
229354     DEBUG main            d.u.i.k.p.i.AbstractProblemLoader Init config took 4.54s 
229441     INFO  main            d.u.i.k.p.i.AbstractProblemLoader Replaying proof BFilter[ThreadSpec2::joinTransfer()].JML model_behavior operation contract.0 
229442     DEBUG main            d.u.i.k.p.i.IntermediateProofReplayer Proof replay took 6.3ns 
229544     INFO  main            d.u.i.k.p.r.p.TestFile    ... finished proof: closed. 
229936     INFO  main            d.u.i.k.p.i.AbstractProblemLoader Loading environment from /home/runner/work/key/key/key.core/../key.ui/examples/heap/permissions/threads/BFilter_joinTransfer_contract.key.proof 
229936     DEBUG main            d.u.i.k.p.i.AbstractProblemLoader Environment load took 103.6ns 
229937     INFO  main            d.u.i.k.p.i.AbstractProblemLoader Creating init config 
234323     DEBUG main            d.u.i.k.p.i.AbstractProblemLoader Init config took 4.39s 
234406     INFO  main            d.u.i.k.p.i.AbstractProblemLoader Replaying proof BFilter[ThreadSpec2::joinTransfer()].JML model_behavior operation contract.0 
234414     DEBUG main            d.u.i.k.p.i.IntermediateProofReplayer Proof replay took 6.36ms 
234415     DEBUG main            d.u.i.k.p.r.p.TestFile    ... success: reloaded. 
234416     INFO  main            d.u.i.k.p.r.p.TestFile    Now processing file /home/runner/work/key/key/key.core/../key.ui/examples/heap/permissions/threads/BFilter_postJoin_accessible.key 
234416     INFO  main            d.u.i.k.p.i.AbstractProblemLoader Loading environment from /home/runner/work/key/key/key.core/../key.ui/examples/heap/permissions/threads/BFilter_postJoin_accessible.key 
234416     DEBUG main            d.u.i.k.p.i.AbstractProblemLoader Environment load took 59.6ns 
234417     INFO  main            d.u.i.k.p.i.AbstractProblemLoader Creating init config 
238883     DEBUG main            d.u.i.k.p.i.AbstractProblemLoader Init config took 4.47s 
238966     INFO  main            d.u.i.k.p.i.AbstractProblemLoader Replaying proof BFilter[ThreadSpec2::postJoin(java.lang.Object)].JML accessible clause.0 
238968     DEBUG main            d.u.i.k.p.i.IntermediateProofReplayer Proof replay took 5.5ns 
239069     INFO  main            d.u.i.k.p.r.p.TestFile    ... finished proof: closed. 
239358     INFO  main            d.u.i.k.p.i.AbstractProblemLoader Loading environment from /home/runner/work/key/key/key.core/../key.ui/examples/heap/permissions/threads/BFilter_postJoin_accessible.key.proof 
239358     DEBUG main            d.u.i.k.p.i.AbstractProblemLoader Environment load took 107ns 
239359     INFO  main            d.u.i.k.p.i.AbstractProblemLoader Creating init config 
243792     DEBUG main            d.u.i.k.p.i.AbstractProblemLoader Init config took 4.43s 
243875     INFO  main            d.u.i.k.p.i.AbstractProblemLoader Replaying proof BFilter[ThreadSpec2::postJoin(java.lang.Object)].JML accessible clause.0 
243882     DEBUG main            d.u.i.k.p.i.IntermediateProofReplayer Proof replay took 4.64ms 
243882     DEBUG main            d.u.i.k.p.r.p.TestFile    ... success: reloaded. 
243883     INFO  main            d.u.i.k.p.r.p.TestFile    Now processing file /home/runner/work/key/key/key.core/../key.ui/examples/heap/permissions/threads/BFilter_preStart_accessible.key 
243883     INFO  main            d.u.i.k.p.i.AbstractProblemLoader Loading environment from /home/runner/work/key/key/key.core/../key.ui/examples/heap/permissions/threads/BFilter_preStart_accessible.key 
243883     DEBUG main            d.u.i.k.p.i.AbstractProblemLoader Environment load took 110.2ns 
243884     INFO  main            d.u.i.k.p.i.AbstractProblemLoader Creating init config 
248334     DEBUG main            d.u.i.k.p.i.AbstractProblemLoader Init config took 4.45s 
248432     INFO  main            d.u.i.k.p.i.AbstractProblemLoader Replaying proof BFilter[ThreadSpec2::preStart(java.lang.Object)].JML accessible clause.0 
248434     DEBUG main            d.u.i.k.p.i.IntermediateProofReplayer Proof replay took 5.5ns 
248736     INFO  main            d.u.i.k.p.r.p.TestFile    ... finished proof: closed. 
249045     INFO  main            d.u.i.k.p.i.AbstractProblemLoader Loading environment from /home/runner/work/key/key/key.core/../key.ui/examples/heap/permissions/threads/BFilter_preStart_accessible.key.proof 
249045     DEBUG main            d.u.i.k.p.i.AbstractProblemLoader Environment load took 87.1ns 
249046     INFO  main            d.u.i.k.p.i.AbstractProblemLoader Creating init config 
253424     DEBUG main            d.u.i.k.p.i.AbstractProblemLoader Init config took 4.38s 
253519     INFO  main            d.u.i.k.p.i.AbstractProblemLoader Replaying proof BFilter[ThreadSpec2::preStart(java.lang.Object)].JML accessible clause.0 
253540     DEBUG main            d.u.i.k.p.i.IntermediateProofReplayer Proof replay took 17.96ms 
253541     DEBUG main            d.u.i.k.p.r.p.TestFile    ... success: reloaded. 
253542     INFO  main            d.u.i.k.p.r.p.TestFile    Now processing file /home/runner/work/key/key/key.core/../key.ui/examples/heap/permissions/threads/BFilter_startTransfer_accessible.key 
253542     INFO  main            d.u.i.k.p.i.AbstractProblemLoader Loading environment from /home/runner/work/key/key/key.core/../key.ui/examples/heap/permissions/threads/BFilter_startTransfer_accessible.key 
253542     DEBUG main            d.u.i.k.p.i.AbstractProblemLoader Environment load took 47.8ns 
253543     INFO  main            d.u.i.k.p.i.AbstractProblemLoader Creating init config 
257996     DEBUG main            d.u.i.k.p.i.AbstractProblemLoader Init config took 4.45s 
258079     INFO  main            d.u.i.k.p.i.AbstractProblemLoader Replaying proof BFilter[ThreadSpec2::startTransfer()].JML accessible clause.0 
258080     DEBUG main            d.u.i.k.p.i.IntermediateProofReplayer Proof replay took 5.6ns 
263594     INFO  main            d.u.i.k.p.r.p.TestFile    ... finished proof: closed. 
263919     INFO  main            d.u.i.k.p.i.AbstractProblemLoader Loading environment from /home/runner/work/key/key/key.core/../key.ui/examples/heap/permissions/threads/BFilter_startTransfer_accessible.key.proof 
263919     DEBUG main            d.u.i.k.p.i.AbstractProblemLoader Environment load took 95.3ns 
263920     INFO  main            d.u.i.k.p.i.AbstractProblemLoader Creating init config 
268385     DEBUG main            d.u.i.k.p.i.AbstractProblemLoader Init config took 4.47s 
268495     INFO  main            d.u.i.k.p.i.AbstractProblemLoader Replaying proof BFilter[ThreadSpec2::startTransfer()].JML accessible clause.0 
268792     DEBUG main            d.u.i.k.p.i.IntermediateProofReplayer Proof replay took 282.06ms 
268795     DEBUG main            d.u.i.k.p.r.p.TestFile    ... success: reloaded. 
268796     INFO  main            d.u.i.k.p.r.p.TestFile    Now processing file /home/runner/work/key/key/key.core/../key.ui/examples/heap/permissions/threads/BFilter_startTransfer_contract.key 
268796     INFO  main            d.u.i.k.p.i.AbstractProblemLoader Loading environment from /home/runner/work/key/key/key.core/../key.ui/examples/heap/permissions/threads/BFilter_startTransfer_contract.key 
268796     DEBUG main            d.u.i.k.p.i.AbstractProblemLoader Environment load took 142.9ns 
268797     INFO  main            d.u.i.k.p.i.AbstractProblemLoader Creating init config 
273262     DEBUG main            d.u.i.k.p.i.AbstractProblemLoader Init config took 4.47s 
273348     INFO  main            d.u.i.k.p.i.AbstractProblemLoader Replaying proof BFilter[ThreadSpec2::startTransfer()].JML model_behavior operation contract.0 
273350     DEBUG main            d.u.i.k.p.i.IntermediateProofReplayer Proof replay took 6ns 
274454     INFO  main            d.u.i.k.p.r.p.TestFile    ... finished proof: closed. 
274766     INFO  main            d.u.i.k.p.i.AbstractProblemLoader Loading environment from /home/runner/work/key/key/key.core/../key.ui/examples/heap/permissions/threads/BFilter_startTransfer_contract.key.proof 
274766     DEBUG main            d.u.i.k.p.i.AbstractProblemLoader Environment load took 302.6ns 
274767     INFO  main            d.u.i.k.p.i.AbstractProblemLoader Creating init config 
279145     DEBUG main            d.u.i.k.p.i.AbstractProblemLoader Init config took 4.38s 
279230     INFO  main            d.u.i.k.p.i.AbstractProblemLoader Replaying proof BFilter[ThreadSpec2::startTransfer()].JML model_behavior operation contract.0 
279324     DEBUG main            d.u.i.k.p.i.IntermediateProofReplayer Proof replay took 87.46ms 
279326     DEBUG main            d.u.i.k.p.r.p.TestFile    ... success: reloaded. 
279326     INFO  main            d.u.i.k.p.r.p.TestFile    Now processing file /home/runner/work/key/key/key.core/../key.ui/examples/heap/permissions/threads/BFilter_stateInv_accessible.key 
279327     INFO  main            d.u.i.k.p.i.AbstractProblemLoader Loading environment from /home/runner/work/key/key/key.core/../key.ui/examples/heap/permissions/threads/BFilter_stateInv_accessible.key 
279327     DEBUG main            d.u.i.k.p.i.AbstractProblemLoader Environment load took 66.5ns 
279328     INFO  main            d.u.i.k.p.i.AbstractProblemLoader Creating init config 
283789     DEBUG main            d.u.i.k.p.i.AbstractProblemLoader Init config took 4.46s 
283872     INFO  main            d.u.i.k.p.i.AbstractProblemLoader Replaying proof BFilter[ThreadSpec2::stateInv()].JML accessible clause.0 
283873     DEBUG main            d.u.i.k.p.i.IntermediateProofReplayer Proof replay took 5.7ns 
284175     INFO  main            d.u.i.k.p.r.p.TestFile    ... finished proof: closed. 
284503     INFO  main            d.u.i.k.p.i.AbstractProblemLoader Loading environment from /home/runner/work/key/key/key.core/../key.ui/examples/heap/permissions/threads/BFilter_stateInv_accessible.key.proof 
284503     DEBUG main            d.u.i.k.p.i.AbstractProblemLoader Environment load took 88ns 
284503     INFO  main            d.u.i.k.p.i.AbstractProblemLoader Creating init config 
288894     DEBUG main            d.u.i.k.p.i.AbstractProblemLoader Init config took 4.39s 
288984     INFO  main            d.u.i.k.p.i.AbstractProblemLoader Replaying proof BFilter[ThreadSpec2::stateInv()].JML accessible clause.0 
289013     DEBUG main            d.u.i.k.p.i.IntermediateProofReplayer Proof replay took 24.58ms 
289014     DEBUG main            d.u.i.k.p.r.p.TestFile    ... success: reloaded. 
289015     INFO  main            d.u.i.k.p.r.p.TestFile    Now processing file /home/runner/work/key/key/key.core/../key.ui/examples/heap/permissions/threads/BFilter_staticPermissions_accessible.key 
289015     INFO  main            d.u.i.k.p.i.AbstractProblemLoader Loading environment from /home/runner/work/key/key/key.core/../key.ui/examples/heap/permissions/threads/BFilter_staticPermissions_accessible.key 
289015     DEBUG main            d.u.i.k.p.i.AbstractProblemLoader Environment load took 146ns 
289016     INFO  main            d.u.i.k.p.i.AbstractProblemLoader Creating init config 
293468     DEBUG main            d.u.i.k.p.i.AbstractProblemLoader Init config took 4.45s 
293568     INFO  main            d.u.i.k.p.i.AbstractProblemLoader Replaying proof BFilter[ThreadSpec2::staticPermissions()].JML accessible clause.0 
293570     DEBUG main            d.u.i.k.p.i.IntermediateProofReplayer Proof replay took 5.3ns 
293671     INFO  main            d.u.i.k.p.r.p.TestFile    ... finished proof: closed. 
294000     INFO  main            d.u.i.k.p.i.AbstractProblemLoader Loading environment from /home/runner/work/key/key/key.core/../key.ui/examples/heap/permissions/threads/BFilter_staticPermissions_accessible.key.proof 
294000     DEBUG main            d.u.i.k.p.i.AbstractProblemLoader Environment load took 90.5ns 
294001     INFO  main            d.u.i.k.p.i.AbstractProblemLoader Creating init config 
298401     DEBUG main            d.u.i.k.p.i.AbstractProblemLoader Init config took 4.4s 
298484     INFO  main            d.u.i.k.p.i.AbstractProblemLoader Replaying proof BFilter[ThreadSpec2::staticPermissions()].JML accessible clause.0 
298492     DEBUG main            d.u.i.k.p.i.IntermediateProofReplayer Proof replay took 6.64ms 
298493     DEBUG main            d.u.i.k.p.r.p.TestFile    ... success: reloaded. 
298494     INFO  main            d.u.i.k.p.r.p.TestFile    Now processing file /home/runner/work/key/key/key.core/../key.ui/examples/heap/permissions/threads/BFilter_workingPermissions_accessible.key 
298494     INFO  main            d.u.i.k.p.i.AbstractProblemLoader Loading environment from /home/runner/work/key/key/key.core/../key.ui/examples/heap/permissions/threads/BFilter_workingPermissions_accessible.key 
298494     DEBUG main            d.u.i.k.p.i.AbstractProblemLoader Environment load took 69.9ns 
298495     INFO  main            d.u.i.k.p.i.AbstractProblemLoader Creating init config 
302959     DEBUG main            d.u.i.k.p.i.AbstractProblemLoader Init config took 4.46s 
303042     INFO  main            d.u.i.k.p.i.AbstractProblemLoader Replaying proof BFilter[ThreadSpec2::workingPermissions()].JML accessible clause.0 
303044     DEBUG main            d.u.i.k.p.i.IntermediateProofReplayer Proof replay took 5.9ns 
303145     INFO  main            d.u.i.k.p.r.p.TestFile    ... finished proof: closed. 
303468     INFO  main            d.u.i.k.p.i.AbstractProblemLoader Loading environment from /home/runner/work/key/key/key.core/../key.ui/examples/heap/permissions/threads/BFilter_workingPermissions_accessible.key.proof 
303468     DEBUG main            d.u.i.k.p.i.AbstractProblemLoader Environment load took 84.4ns 
303469     INFO  main            d.u.i.k.p.i.AbstractProblemLoader Creating init config 
307848     DEBUG main            d.u.i.k.p.i.AbstractProblemLoader Init config took 4.38s 
307942     INFO  main            d.u.i.k.p.i.AbstractProblemLoader Replaying proof BFilter[ThreadSpec2::workingPermissions()].JML accessible clause.0 
307950     DEBUG main            d.u.i.k.p.i.IntermediateProofReplayer Proof replay took 6.02ms 
307950     DEBUG main            d.u.i.k.p.r.p.TestFile    ... success: reloaded. 
307951     INFO  main            d.u.i.k.p.r.p.TestFile    Now processing file /home/runner/work/key/key/key.core/../key.ui/examples/heap/permissions/threads/Fib_Fib.key 
307951     INFO  main            d.u.i.k.p.i.AbstractProblemLoader Loading environment from /home/runner/work/key/key/key.core/../key.ui/examples/heap/permissions/threads/Fib_Fib.key 
307951     DEBUG main            d.u.i.k.p.i.AbstractProblemLoader Environment load took 47ns 
307952     INFO  main            d.u.i.k.p.i.AbstractProblemLoader Creating init config 
312400     DEBUG main            d.u.i.k.p.i.AbstractProblemLoader Init config took 4.45s 
312483     INFO  main            d.u.i.k.p.i.AbstractProblemLoader Replaying proof Fib[Fib::Fib(int)].JML normal_behavior operation contract.0 
312484     DEBUG main            d.u.i.k.p.i.IntermediateProofReplayer Proof replay took 6.3ns 
313090     INFO  main            d.u.i.k.p.r.p.TestFile    ... finished proof: closed. 
313442     INFO  main            d.u.i.k.p.i.AbstractProblemLoader Loading environment from /home/runner/work/key/key/key.core/../key.ui/examples/heap/permissions/threads/Fib_Fib.key.proof 
313442     DEBUG main            d.u.i.k.p.i.AbstractProblemLoader Environment load took 92.2ns 
313442     INFO  main            d.u.i.k.p.i.AbstractProblemLoader Creating init config 
317831     DEBUG main            d.u.i.k.p.i.AbstractProblemLoader Init config took 4.39s 
317915     INFO  main            d.u.i.k.p.i.AbstractProblemLoader Replaying proof Fib[Fib::Fib(int)].JML normal_behavior operation contract.0 
317984     DEBUG main            d.u.i.k.p.i.IntermediateProofReplayer Proof replay took 66.19ms 
317985     DEBUG main            d.u.i.k.p.r.p.TestFile    ... success: reloaded. 
317986     INFO  main            d.u.i.k.p.r.p.TestFile    Now processing file /home/runner/work/key/key/key.core/../key.ui/examples/heap/permissions/threads/Fib_initPost_accessible.key 
317986     INFO  main            d.u.i.k.p.i.AbstractProblemLoader Loading environment from /home/runner/work/key/key/key.core/../key.ui/examples/heap/permissions/threads/Fib_initPost_accessible.key 
317986     DEBUG main            d.u.i.k.p.i.AbstractProblemLoader Environment load took 73.7ns 
317987     INFO  main            d.u.i.k.p.i.AbstractProblemLoader Creating init config 
322452     DEBUG main            d.u.i.k.p.i.AbstractProblemLoader Init config took 4.47s 
322536     INFO  main            d.u.i.k.p.i.AbstractProblemLoader Replaying proof Fib[ThreadSpec::initPost()].JML accessible clause.0 
322540     DEBUG main            d.u.i.k.p.i.IntermediateProofReplayer Proof replay took 6.5ns 
322641     INFO  main            d.u.i.k.p.r.p.TestFile    ... finished proof: closed. 
322980     INFO  main            d.u.i.k.p.i.AbstractProblemLoader Loading environment from /home/runner/work/key/key/key.core/../key.ui/examples/heap/permissions/threads/Fib_initPost_accessible.key.proof 
322980     DEBUG main            d.u.i.k.p.i.AbstractProblemLoader Environment load took 89.4ns 
322981     INFO  main            d.u.i.k.p.i.AbstractProblemLoader Creating init config 
327368     DEBUG main            d.u.i.k.p.i.AbstractProblemLoader Init config took 4.39s 
327452     INFO  main            d.u.i.k.p.i.AbstractProblemLoader Replaying proof Fib[ThreadSpec::initPost()].JML accessible clause.0 
327458     DEBUG main            d.u.i.k.p.i.IntermediateProofReplayer Proof replay took 3.94ms 
327458     DEBUG main            d.u.i.k.p.r.p.TestFile    ... success: reloaded. 
327459     INFO  main            d.u.i.k.p.r.p.TestFile    Now processing file /home/runner/work/key/key/key.core/../key.ui/examples/heap/permissions/threads/Fib_inv1_accessible.key 
327459     INFO  main            d.u.i.k.p.i.AbstractProblemLoader Loading environment from /home/runner/work/key/key/key.core/../key.ui/examples/heap/permissions/threads/Fib_inv1_accessible.key 
327459     DEBUG main            d.u.i.k.p.i.AbstractProblemLoader Environment load took 88.9ns 
327460     INFO  main            d.u.i.k.p.i.AbstractProblemLoader Creating init config 
331913     DEBUG main            d.u.i.k.p.i.AbstractProblemLoader Init config took 4.45s 
331996     INFO  main            d.u.i.k.p.i.AbstractProblemLoader Replaying proof Fib[java.lang.Object::<inv>()].JML accessible clause.0 
331997     DEBUG main            d.u.i.k.p.i.IntermediateProofReplayer Proof replay took 5.9ns 
332098     INFO  main            d.u.i.k.p.r.p.TestFile    ... finished proof: closed. 
332438     INFO  main            d.u.i.k.p.i.AbstractProblemLoader Loading environment from /home/runner/work/key/key/key.core/../key.ui/examples/heap/permissions/threads/Fib_inv1_accessible.key.proof 
332438     DEBUG main            d.u.i.k.p.i.AbstractProblemLoader Environment load took 80.9ns 
332439     INFO  main            d.u.i.k.p.i.AbstractProblemLoader Creating init config 
336843     DEBUG main            d.u.i.k.p.i.AbstractProblemLoader Init config took 4.4s 
336928     INFO  main            d.u.i.k.p.i.AbstractProblemLoader Replaying proof Fib[java.lang.Object::<inv>()].JML accessible clause.0 
336931     DEBUG main            d.u.i.k.p.i.IntermediateProofReplayer Proof replay took 1.34ms 
336932     DEBUG main            d.u.i.k.p.r.p.TestFile    ... success: reloaded. 
336932     INFO  main            d.u.i.k.p.r.p.TestFile    Now processing file /home/runner/work/key/key/key.core/../key.ui/examples/heap/permissions/threads/Fib_inv2_accessible.key 
336933     INFO  main            d.u.i.k.p.i.AbstractProblemLoader Loading environment from /home/runner/work/key/key/key.core/../key.ui/examples/heap/permissions/threads/Fib_inv2_accessible.key 
336933     DEBUG main            d.u.i.k.p.i.AbstractProblemLoader Environment load took 67.9ns 
336933     INFO  main            d.u.i.k.p.i.AbstractProblemLoader Creating init config 
341422     DEBUG main            d.u.i.k.p.i.AbstractProblemLoader Init config took 4.49s 
341506     INFO  main            d.u.i.k.p.i.AbstractProblemLoader Replaying proof Fib[java.lang.Object::<inv>()].JML accessible clause.1 
341507     DEBUG main            d.u.i.k.p.i.IntermediateProofReplayer Proof replay took 6.9ns 
341609     INFO  main            d.u.i.k.p.r.p.TestFile    ... finished proof: closed. 
341960     INFO  main            d.u.i.k.p.i.AbstractProblemLoader Loading environment from /home/runner/work/key/key/key.core/../key.ui/examples/heap/permissions/threads/Fib_inv2_accessible.key.proof 
341960     DEBUG main            d.u.i.k.p.i.AbstractProblemLoader Environment load took 82.9ns 
341961     INFO  main            d.u.i.k.p.i.AbstractProblemLoader Creating init config 
346345     DEBUG main            d.u.i.k.p.i.AbstractProblemLoader Init config took 4.38s 
346428     INFO  main            d.u.i.k.p.i.AbstractProblemLoader Replaying proof Fib[java.lang.Object::<inv>()].JML accessible clause.1 
346431     DEBUG main            d.u.i.k.p.i.IntermediateProofReplayer Proof replay took 1.3ms 
346431     DEBUG main            d.u.i.k.p.r.p.TestFile    ... success: reloaded. 
346432     INFO  main            d.u.i.k.p.r.p.TestFile    Now processing file /home/runner/work/key/key/key.core/../key.ui/examples/heap/permissions/threads/Fib_joinTransfer_accessible.key 
346432     INFO  main            d.u.i.k.p.i.AbstractProblemLoader Loading environment from /home/runner/work/key/key/key.core/../key.ui/examples/heap/permissions/threads/Fib_joinTransfer_accessible.key 
346432     DEBUG main            d.u.i.k.p.i.AbstractProblemLoader Environment load took 45.7ns 
346433     INFO  main            d.u.i.k.p.i.AbstractProblemLoader Creating init config 
350893     DEBUG main            d.u.i.k.p.i.AbstractProblemLoader Init config took 4.46s 
350977     INFO  main            d.u.i.k.p.i.AbstractProblemLoader Replaying proof Fib[ThreadSpec::joinTransfer()].JML accessible clause.0 
350978     DEBUG main            d.u.i.k.p.i.IntermediateProofReplayer Proof replay took 6.5ns 
351180     INFO  main            d.u.i.k.p.r.p.TestFile    ... finished proof: closed. 
351536     INFO  main            d.u.i.k.p.i.AbstractProblemLoader Loading environment from /home/runner/work/key/key/key.core/../key.ui/examples/heap/permissions/threads/Fib_joinTransfer_accessible.key.proof 
351536     DEBUG main            d.u.i.k.p.i.AbstractProblemLoader Environment load took 84.1ns 
351537     INFO  main            d.u.i.k.p.i.AbstractProblemLoader Creating init config 
355911     DEBUG main            d.u.i.k.p.i.AbstractProblemLoader Init config took 4.37s 
356012     INFO  main            d.u.i.k.p.i.AbstractProblemLoader Replaying proof Fib[ThreadSpec::joinTransfer()].JML accessible clause.0 
356031     DEBUG main            d.u.i.k.p.i.IntermediateProofReplayer Proof replay took 16.51ms 
356031     DEBUG main            d.u.i.k.p.r.p.TestFile    ... success: reloaded. 
356032     INFO  main            d.u.i.k.p.r.p.TestFile    Now processing file /home/runner/work/key/key/key.core/../key.ui/examples/heap/permissions/threads/Fib_joinTransfer_contract.key 
356032     INFO  main            d.u.i.k.p.i.AbstractProblemLoader Loading environment from /home/runner/work/key/key/key.core/../key.ui/examples/heap/permissions/threads/Fib_joinTransfer_contract.key 
356033     DEBUG main            d.u.i.k.p.i.AbstractProblemLoader Environment load took 68.8ns 
356033     INFO  main            d.u.i.k.p.i.AbstractProblemLoader Creating init config 
360474     DEBUG main            d.u.i.k.p.i.AbstractProblemLoader Init config took 4.44s 
360558     INFO  main            d.u.i.k.p.i.AbstractProblemLoader Replaying proof Fib[ThreadSpec::joinTransfer()].JML model_behavior operation contract.0 
360559     DEBUG main            d.u.i.k.p.i.IntermediateProofReplayer Proof replay took 6.1ns 
360660     INFO  main            d.u.i.k.p.r.p.TestFile    ... finished proof: closed. 
361023     INFO  main            d.u.i.k.p.i.AbstractProblemLoader Loading environment from /home/runner/work/key/key/key.core/../key.ui/examples/heap/permissions/threads/Fib_joinTransfer_contract.key.proof 
361023     DEBUG main            d.u.i.k.p.i.AbstractProblemLoader Environment load took 85.6ns 
361024     INFO  main            d.u.i.k.p.i.AbstractProblemLoader Creating init config 
365401     DEBUG main            d.u.i.k.p.i.AbstractProblemLoader Init config took 4.38s 
365497     INFO  main            d.u.i.k.p.i.AbstractProblemLoader Replaying proof Fib[ThreadSpec::joinTransfer()].JML model_behavior operation contract.0 
365505     DEBUG main            d.u.i.k.p.i.IntermediateProofReplayer Proof replay took 6.17ms 
365506     DEBUG main            d.u.i.k.p.r.p.TestFile    ... success: reloaded. 
365507     INFO  main            d.u.i.k.p.r.p.TestFile    Now processing file /home/runner/work/key/key/key.core/../key.ui/examples/heap/permissions/threads/Fib_postJoin_accessible.key 
365507     INFO  main            d.u.i.k.p.i.AbstractProblemLoader Loading environment from /home/runner/work/key/key/key.core/../key.ui/examples/heap/permissions/threads/Fib_postJoin_accessible.key 
365507     DEBUG main            d.u.i.k.p.i.AbstractProblemLoader Environment load took 140.7ns 
365508     INFO  main            d.u.i.k.p.i.AbstractProblemLoader Creating init config 
369987     DEBUG main            d.u.i.k.p.i.AbstractProblemLoader Init config took 4.48s 
370082     INFO  main            d.u.i.k.p.i.AbstractProblemLoader Replaying proof Fib[ThreadSpec::postJoin(java.lang.Object)].JML accessible clause.0 
370083     DEBUG main            d.u.i.k.p.i.IntermediateProofReplayer Proof replay took 6.3ns 
370184     INFO  main            d.u.i.k.p.r.p.TestFile    ... finished proof: closed. 
370549     INFO  main            d.u.i.k.p.i.AbstractProblemLoader Loading environment from /home/runner/work/key/key/key.core/../key.ui/examples/heap/permissions/threads/Fib_postJoin_accessible.key.proof 
370549     DEBUG main            d.u.i.k.p.i.AbstractProblemLoader Environment load took 82.2ns 
370550     INFO  main            d.u.i.k.p.i.AbstractProblemLoader Creating init config 
374944     DEBUG main            d.u.i.k.p.i.AbstractProblemLoader Init config took 4.39s 
375027     INFO  main            d.u.i.k.p.i.AbstractProblemLoader Replaying proof Fib[ThreadSpec::postJoin(java.lang.Object)].JML accessible clause.0 
375033     DEBUG main            d.u.i.k.p.i.IntermediateProofReplayer Proof replay took 4.11ms 
375033     DEBUG main            d.u.i.k.p.r.p.TestFile    ... success: reloaded. 
375034     INFO  main            d.u.i.k.p.r.p.TestFile    Now processing file /home/runner/work/key/key/key.core/../key.ui/examples/heap/permissions/threads/Fib_preStart_accessible.key 
375034     INFO  main            d.u.i.k.p.i.AbstractProblemLoader Loading environment from /home/runner/work/key/key/key.core/../key.ui/examples/heap/permissions/threads/Fib_preStart_accessible.key 
375034     DEBUG main            d.u.i.k.p.i.AbstractProblemLoader Environment load took 99.2ns 
375035     INFO  main            d.u.i.k.p.i.AbstractProblemLoader Creating init config 
379480     DEBUG main            d.u.i.k.p.i.AbstractProblemLoader Init config took 4.44s 
379562     INFO  main            d.u.i.k.p.i.AbstractProblemLoader Replaying proof Fib[ThreadSpec::preStart(java.lang.Object)].JML accessible clause.0 
379564     DEBUG main            d.u.i.k.p.i.IntermediateProofReplayer Proof replay took 6.1ns 
379666     INFO  main            d.u.i.k.p.r.p.TestFile    ... finished proof: closed. 
380036     INFO  main            d.u.i.k.p.i.AbstractProblemLoader Loading environment from /home/runner/work/key/key/key.core/../key.ui/examples/heap/permissions/threads/Fib_preStart_accessible.key.proof 
380036     DEBUG main            d.u.i.k.p.i.AbstractProblemLoader Environment load took 82.4ns 
380037     INFO  main            d.u.i.k.p.i.AbstractProblemLoader Creating init config 
384424     DEBUG main            d.u.i.k.p.i.AbstractProblemLoader Init config took 4.39s 
384506     INFO  main            d.u.i.k.p.i.AbstractProblemLoader Replaying proof Fib[ThreadSpec::preStart(java.lang.Object)].JML accessible clause.0 
384511     DEBUG main            d.u.i.k.p.i.IntermediateProofReplayer Proof replay took 4.09ms 
384512     DEBUG main            d.u.i.k.p.r.p.TestFile    ... success: reloaded. 
384513     INFO  main            d.u.i.k.p.r.p.TestFile    Now processing file /home/runner/work/key/key/key.core/../key.ui/examples/heap/permissions/threads/Fib_startTransfer_accessible.key 
384513     INFO  main            d.u.i.k.p.i.AbstractProblemLoader Loading environment from /home/runner/work/key/key/key.core/../key.ui/examples/heap/permissions/threads/Fib_startTransfer_accessible.key 
384513     DEBUG main            d.u.i.k.p.i.AbstractProblemLoader Environment load took 82.7ns 
384514     INFO  main            d.u.i.k.p.i.AbstractProblemLoader Creating init config 
388961     DEBUG main            d.u.i.k.p.i.AbstractProblemLoader Init config took 4.45s 
389056     INFO  main            d.u.i.k.p.i.AbstractProblemLoader Replaying proof Fib[ThreadSpec::startTransfer()].JML accessible clause.0 
389057     DEBUG main            d.u.i.k.p.i.IntermediateProofReplayer Proof replay took 6.7ns 
389258     INFO  main            d.u.i.k.p.r.p.TestFile    ... finished proof: closed. 
389648     INFO  main            d.u.i.k.p.i.AbstractProblemLoader Loading environment from /home/runner/work/key/key/key.core/../key.ui/examples/heap/permissions/threads/Fib_startTransfer_accessible.key.proof 
389648     DEBUG main            d.u.i.k.p.i.AbstractProblemLoader Environment load took 83.3ns 
389648     INFO  main            d.u.i.k.p.i.AbstractProblemLoader Creating init config 
394035     DEBUG main            d.u.i.k.p.i.AbstractProblemLoader Init config took 4.39s 
394128     INFO  main            d.u.i.k.p.i.AbstractProblemLoader Replaying proof Fib[ThreadSpec::startTransfer()].JML accessible clause.0 
394147     DEBUG main            d.u.i.k.p.i.IntermediateProofReplayer Proof replay took 16.82ms 
394147     DEBUG main            d.u.i.k.p.r.p.TestFile    ... success: reloaded. 
394148     INFO  main            d.u.i.k.p.r.p.TestFile    Now processing file /home/runner/work/key/key/key.core/../key.ui/examples/heap/permissions/threads/Fib_startTransfer_contract.key 
394148     INFO  main            d.u.i.k.p.i.AbstractProblemLoader Loading environment from /home/runner/work/key/key/key.core/../key.ui/examples/heap/permissions/threads/Fib_startTransfer_contract.key 
394149     DEBUG main            d.u.i.k.p.i.AbstractProblemLoader Environment load took 73ns 
394149     INFO  main            d.u.i.k.p.i.AbstractProblemLoader Creating init config 
398693     DEBUG main            d.u.i.k.p.i.AbstractProblemLoader Init config took 4.54s 
398777     INFO  main            d.u.i.k.p.i.AbstractProblemLoader Replaying proof Fib[ThreadSpec::startTransfer()].JML model_behavior operation contract.0 
398778     DEBUG main            d.u.i.k.p.i.IntermediateProofReplayer Proof replay took 6.1ns 
398880     INFO  main            d.u.i.k.p.r.p.TestFile    ... finished proof: closed. 
399259     INFO  main            d.u.i.k.p.i.AbstractProblemLoader Loading environment from /home/runner/work/key/key/key.core/../key.ui/examples/heap/permissions/threads/Fib_startTransfer_contract.key.proof 
399259     DEBUG main            d.u.i.k.p.i.AbstractProblemLoader Environment load took 79.2ns 
399260     INFO  main            d.u.i.k.p.i.AbstractProblemLoader Creating init config 
403673     DEBUG main            d.u.i.k.p.i.AbstractProblemLoader Init config took 4.41s 
403756     INFO  main            d.u.i.k.p.i.AbstractProblemLoader Replaying proof Fib[ThreadSpec::startTransfer()].JML model_behavior operation contract.0 
403763     DEBUG main            d.u.i.k.p.i.IntermediateProofReplayer Proof replay took 5.97ms 
403764     DEBUG main            d.u.i.k.p.r.p.TestFile    ... success: reloaded. 
403765     INFO  main            d.u.i.k.p.r.p.TestFile    Now processing file /home/runner/work/key/key/key.core/../key.ui/examples/heap/permissions/threads/Fib_workingPermissions_accessible.key 
403765     INFO  main            d.u.i.k.p.i.AbstractProblemLoader Loading environment from /home/runner/work/key/key/key.core/../key.ui/examples/heap/permissions/threads/Fib_workingPermissions_accessible.key 
403765     DEBUG main            d.u.i.k.p.i.AbstractProblemLoader Environment load took 45ns 
403766     INFO  main            d.u.i.k.p.i.AbstractProblemLoader Creating init config 
408170     DEBUG main            d.u.i.k.p.i.AbstractProblemLoader Init config took 4.4s 
408267     INFO  main            d.u.i.k.p.i.AbstractProblemLoader Replaying proof Fib[ThreadSpec::workingPermissions()].JML accessible clause.0 
408269     DEBUG main            d.u.i.k.p.i.IntermediateProofReplayer Proof replay took 6ns 
408371     INFO  main            d.u.i.k.p.r.p.TestFile    ... finished proof: closed. 
408756     INFO  main            d.u.i.k.p.i.AbstractProblemLoader Loading environment from /home/runner/work/key/key/key.core/../key.ui/examples/heap/permissions/threads/Fib_workingPermissions_accessible.key.proof 
408756     DEBUG main            d.u.i.k.p.i.AbstractProblemLoader Environment load took 122.5ns 
408757     INFO  main            d.u.i.k.p.i.AbstractProblemLoader Creating init config 
413107     DEBUG main            d.u.i.k.p.i.AbstractProblemLoader Init config took 4.35s 
413189     INFO  main            d.u.i.k.p.i.AbstractProblemLoader Replaying proof Fib[ThreadSpec::workingPermissions()].JML accessible clause.0 
413192     DEBUG main            d.u.i.k.p.i.IntermediateProofReplayer Proof replay took 1.64ms 
413192     DEBUG main            d.u.i.k.p.r.p.TestFile    ... success: reloaded. 
413193     INFO  main            d.u.i.k.p.r.p.TestFile    Now processing file /home/runner/work/key/key/key.core/../key.ui/examples/heap/permissions/threads/Plotter_initPost_accessible.key 
413193     INFO  main            d.u.i.k.p.i.AbstractProblemLoader Loading environment from /home/runner/work/key/key/key.core/../key.ui/examples/heap/permissions/threads/Plotter_initPost_accessible.key 
413193     DEBUG main            d.u.i.k.p.i.AbstractProblemLoader Environment load took 44.2ns 
413194     INFO  main            d.u.i.k.p.i.AbstractProblemLoader Creating init config 
417620     DEBUG main            d.u.i.k.p.i.AbstractProblemLoader Init config took 4.43s 
417701     INFO  main            d.u.i.k.p.i.AbstractProblemLoader Replaying proof Plotter[ThreadSpec2::initPost()].JML accessible clause.0 
417703     DEBUG main            d.u.i.k.p.i.IntermediateProofReplayer Proof replay took 6.8ns 
417804     INFO  main            d.u.i.k.p.r.p.TestFile    ... finished proof: closed. 
418202     INFO  main            d.u.i.k.p.i.AbstractProblemLoader Loading environment from /home/runner/work/key/key/key.core/../key.ui/examples/heap/permissions/threads/Plotter_initPost_accessible.key.proof 
418202     DEBUG main            d.u.i.k.p.i.AbstractProblemLoader Environment load took 79.7ns 
418203     INFO  main            d.u.i.k.p.i.AbstractProblemLoader Creating init config 
422555     DEBUG main            d.u.i.k.p.i.AbstractProblemLoader Init config took 4.35s 
422637     INFO  main            d.u.i.k.p.i.AbstractProblemLoader Replaying proof Plotter[ThreadSpec2::initPost()].JML accessible clause.0 
422648     DEBUG main            d.u.i.k.p.i.IntermediateProofReplayer Proof replay took 8.6ms 
422648     DEBUG main            d.u.i.k.p.r.p.TestFile    ... success: reloaded. 
422649     INFO  main            d.u.i.k.p.r.p.TestFile    Now processing file /home/runner/work/key/key/key.core/../key.ui/examples/heap/permissions/threads/Plotter_inv_accessible1.key 
422649     INFO  main            d.u.i.k.p.i.AbstractProblemLoader Loading environment from /home/runner/work/key/key/key.core/../key.ui/examples/heap/permissions/threads/Plotter_inv_accessible1.key 
422649     DEBUG main            d.u.i.k.p.i.AbstractProblemLoader Environment load took 62.1ns 
422650     INFO  main            d.u.i.k.p.i.AbstractProblemLoader Creating init config 
427067     DEBUG main            d.u.i.k.p.i.AbstractProblemLoader Init config took 4.42s 
427149     INFO  main            d.u.i.k.p.i.AbstractProblemLoader Replaying proof Plotter[java.lang.Object::<inv>()].JML accessible clause.0 
427150     DEBUG main            d.u.i.k.p.i.IntermediateProofReplayer Proof replay took 7.1ns 
427252     INFO  main            d.u.i.k.p.r.p.TestFile    ... finished proof: closed. 
427660     INFO  main            d.u.i.k.p.i.AbstractProblemLoader Loading environment from /home/runner/work/key/key/key.core/../key.ui/examples/heap/permissions/threads/Plotter_inv_accessible1.key.proof 
427660     DEBUG main            d.u.i.k.p.i.AbstractProblemLoader Environment load took 80.8ns 
427661     INFO  main            d.u.i.k.p.i.AbstractProblemLoader Creating init config 
432014     DEBUG main            d.u.i.k.p.i.AbstractProblemLoader Init config took 4.35s 
432097     INFO  main            d.u.i.k.p.i.AbstractProblemLoader Replaying proof Plotter[java.lang.Object::<inv>()].JML accessible clause.0 
432101     DEBUG main            d.u.i.k.p.i.IntermediateProofReplayer Proof replay took 1.32ms 
432101     DEBUG main            d.u.i.k.p.r.p.TestFile    ... success: reloaded. 
432102     INFO  main            d.u.i.k.p.r.p.TestFile    Now processing file /home/runner/work/key/key/key.core/../key.ui/examples/heap/permissions/threads/Plotter_inv_accessible2.key 
432102     INFO  main            d.u.i.k.p.i.AbstractProblemLoader Loading environment from /home/runner/work/key/key/key.core/../key.ui/examples/heap/permissions/threads/Plotter_inv_accessible2.key 
432102     DEBUG main            d.u.i.k.p.i.AbstractProblemLoader Environment load took 43.6ns 
432103     INFO  main            d.u.i.k.p.i.AbstractProblemLoader Creating init config 
436529     DEBUG main            d.u.i.k.p.i.AbstractProblemLoader Init config took 4.43s 
436611     INFO  main            d.u.i.k.p.i.AbstractProblemLoader Replaying proof Plotter[java.lang.Object::<inv>()].JML accessible clause.1 
436613     DEBUG main            d.u.i.k.p.i.IntermediateProofReplayer Proof replay took 6.5ns 
436714     INFO  main            d.u.i.k.p.r.p.TestFile    ... finished proof: closed. 
437126     INFO  main            d.u.i.k.p.i.AbstractProblemLoader Loading environment from /home/runner/work/key/key/key.core/../key.ui/examples/heap/permissions/threads/Plotter_inv_accessible2.key.proof 
437126     DEBUG main            d.u.i.k.p.i.AbstractProblemLoader Environment load took 74.2ns 
437126     INFO  main            d.u.i.k.p.i.AbstractProblemLoader Creating init config 
441469     DEBUG main            d.u.i.k.p.i.AbstractProblemLoader Init config took 4.34s 
441551     INFO  main            d.u.i.k.p.i.AbstractProblemLoader Replaying proof Plotter[java.lang.Object::<inv>()].JML accessible clause.1 
441553     DEBUG main            d.u.i.k.p.i.IntermediateProofReplayer Proof replay took 1.29ms 
441554     DEBUG main            d.u.i.k.p.r.p.TestFile    ... success: reloaded. 
441554     INFO  main            d.u.i.k.p.r.p.TestFile    Now processing file /home/runner/work/key/key/key.core/../key.ui/examples/heap/permissions/threads/Plotter_joinTransfer_contract.key 
441555     INFO  main            d.u.i.k.p.i.AbstractProblemLoader Loading environment from /home/runner/work/key/key/key.core/../key.ui/examples/heap/permissions/threads/Plotter_joinTransfer_contract.key 
441555     DEBUG main            d.u.i.k.p.i.AbstractProblemLoader Environment load took 76.5ns 
441555     INFO  main            d.u.i.k.p.i.AbstractProblemLoader Creating init config 
445961     DEBUG main            d.u.i.k.p.i.AbstractProblemLoader Init config took 4.41s 
446059     INFO  main            d.u.i.k.p.i.AbstractProblemLoader Replaying proof Plotter[ThreadSpec2::joinTransfer()].JML model_behavior operation contract.0 
446060     DEBUG main            d.u.i.k.p.i.IntermediateProofReplayer Proof replay took 7ns 
446161     INFO  main            d.u.i.k.p.r.p.TestFile    ... finished proof: closed. 
446575     INFO  main            d.u.i.k.p.i.AbstractProblemLoader Loading environment from /home/runner/work/key/key/key.core/../key.ui/examples/heap/permissions/threads/Plotter_joinTransfer_contract.key.proof 
446575     DEBUG main            d.u.i.k.p.i.AbstractProblemLoader Environment load took 71ns 
446576     INFO  main            d.u.i.k.p.i.AbstractProblemLoader Creating init config 
450923     DEBUG main            d.u.i.k.p.i.AbstractProblemLoader Init config took 4.35s 
451017     INFO  main            d.u.i.k.p.i.AbstractProblemLoader Replaying proof Plotter[ThreadSpec2::joinTransfer()].JML model_behavior operation contract.0 
451025     DEBUG main            d.u.i.k.p.i.IntermediateProofReplayer Proof replay took 6.49ms 
451026     DEBUG main            d.u.i.k.p.r.p.TestFile    ... success: reloaded. 
451026     INFO  main            d.u.i.k.p.r.p.TestFile    Now processing file /home/runner/work/key/key/key.core/../key.ui/examples/heap/permissions/threads/Plotter_Plotter.key 
451027     INFO  main            d.u.i.k.p.i.AbstractProblemLoader Loading environment from /home/runner/work/key/key/key.core/../key.ui/examples/heap/permissions/threads/Plotter_Plotter.key 
451027     DEBUG main            d.u.i.k.p.i.AbstractProblemLoader Environment load took 40.4ns 
451027     INFO  main            d.u.i.k.p.i.AbstractProblemLoader Creating init config 
455445     DEBUG main            d.u.i.k.p.i.AbstractProblemLoader Init config took 4.42s 
455528     INFO  main            d.u.i.k.p.i.AbstractProblemLoader Replaying proof Plotter[Plotter::Plotter(AFilter,BFilter,Buffer)].JML normal_behavior operation contract.0 
455529     DEBUG main            d.u.i.k.p.i.IntermediateProofReplayer Proof replay took 7.3ns 
457233     INFO  main            d.u.i.k.p.r.p.TestFile    ... finished proof: closed. 
457674     INFO  main            d.u.i.k.p.i.AbstractProblemLoader Loading environment from /home/runner/work/key/key/key.core/../key.ui/examples/heap/permissions/threads/Plotter_Plotter.key.proof 
457674     DEBUG main            d.u.i.k.p.i.AbstractProblemLoader Environment load took 274.2ns 
457675     INFO  main            d.u.i.k.p.i.AbstractProblemLoader Creating init config 
462031     DEBUG main            d.u.i.k.p.i.AbstractProblemLoader Init config took 4.36s 
462113     INFO  main            d.u.i.k.p.i.AbstractProblemLoader Replaying proof Plotter[Plotter::Plotter(AFilter,BFilter,Buffer)].JML normal_behavior operation contract.0 
462258     DEBUG main            d.u.i.k.p.i.IntermediateProofReplayer Proof replay took 139.23ms 
462258     DEBUG main            d.u.i.k.p.r.p.TestFile    ... success: reloaded. 
462259     INFO  main            d.u.i.k.p.r.p.TestFile    Now processing file /home/runner/work/key/key/key.core/../key.ui/examples/heap/permissions/threads/Plotter_postJoin_accessible.key 
462259     INFO  main            d.u.i.k.p.i.AbstractProblemLoader Loading environment from /home/runner/work/key/key/key.core/../key.ui/examples/heap/permissions/threads/Plotter_postJoin_accessible.key 
462259     DEBUG main            d.u.i.k.p.i.AbstractProblemLoader Environment load took 61.3ns 
462260     INFO  main            d.u.i.k.p.i.AbstractProblemLoader Creating init config 
466679     DEBUG main            d.u.i.k.p.i.AbstractProblemLoader Init config took 4.42s 
466777     INFO  main            d.u.i.k.p.i.AbstractProblemLoader Replaying proof Plotter[ThreadSpec2::postJoin(java.lang.Object)].JML accessible clause.0 
466778     DEBUG main            d.u.i.k.p.i.IntermediateProofReplayer Proof replay took 6.2ns 
466879     INFO  main            d.u.i.k.p.r.p.TestFile    ... finished proof: closed. 
467317     INFO  main            d.u.i.k.p.i.AbstractProblemLoader Loading environment from /home/runner/work/key/key/key.core/../key.ui/examples/heap/permissions/threads/Plotter_postJoin_accessible.key.proof 
467317     DEBUG main            d.u.i.k.p.i.AbstractProblemLoader Environment load took 78.9ns 
467318     INFO  main            d.u.i.k.p.i.AbstractProblemLoader Creating init config 
471650     DEBUG main            d.u.i.k.p.i.AbstractProblemLoader Init config took 4.33s 
471742     INFO  main            d.u.i.k.p.i.AbstractProblemLoader Replaying proof Plotter[ThreadSpec2::postJoin(java.lang.Object)].JML accessible clause.0 
471755     DEBUG main            d.u.i.k.p.i.IntermediateProofReplayer Proof replay took 7.91ms 
471756     DEBUG main            d.u.i.k.p.r.p.TestFile    ... success: reloaded. 
471757     INFO  main            d.u.i.k.p.r.p.TestFile    Now processing file /home/runner/work/key/key/key.core/../key.ui/examples/heap/permissions/threads/Plotter_preStart_accessible.key 
471757     INFO  main            d.u.i.k.p.i.AbstractProblemLoader Loading environment from /home/runner/work/key/key/key.core/../key.ui/examples/heap/permissions/threads/Plotter_preStart_accessible.key 
471757     DEBUG main            d.u.i.k.p.i.AbstractProblemLoader Environment load took 80.2ns 
471758     INFO  main            d.u.i.k.p.i.AbstractProblemLoader Creating init config 
476171     DEBUG main            d.u.i.k.p.i.AbstractProblemLoader Init config took 4.41s 
476253     INFO  main            d.u.i.k.p.i.AbstractProblemLoader Replaying proof Plotter[ThreadSpec2::preStart(java.lang.Object)].JML accessible clause.0 
476255     DEBUG main            d.u.i.k.p.i.IntermediateProofReplayer Proof replay took 6.8ns 
477257     INFO  main            d.u.i.k.p.r.p.TestFile    ... finished proof: closed. 
477696     INFO  main            d.u.i.k.p.i.AbstractProblemLoader Loading environment from /home/runner/work/key/key/key.core/../key.ui/examples/heap/permissions/threads/Plotter_preStart_accessible.key.proof 
477697     DEBUG main            d.u.i.k.p.i.AbstractProblemLoader Environment load took 76.5ns 
477697     INFO  main            d.u.i.k.p.i.AbstractProblemLoader Creating init config 
482042     DEBUG main            d.u.i.k.p.i.AbstractProblemLoader Init config took 4.34s 
482124     INFO  main            d.u.i.k.p.i.AbstractProblemLoader Replaying proof Plotter[ThreadSpec2::preStart(java.lang.Object)].JML accessible clause.0 
482171     DEBUG main            d.u.i.k.p.i.IntermediateProofReplayer Proof replay took 43.89ms 
482172     DEBUG main            d.u.i.k.p.r.p.TestFile    ... success: reloaded. 
482172     INFO  main            d.u.i.k.p.r.p.TestFile    Now processing file /home/runner/work/key/key/key.core/../key.ui/examples/heap/permissions/threads/Plotter_stateInv_accessible.key 
482172     INFO  main            d.u.i.k.p.i.AbstractProblemLoader Loading environment from /home/runner/work/key/key/key.core/../key.ui/examples/heap/permissions/threads/Plotter_stateInv_accessible.key 
482173     DEBUG main            d.u.i.k.p.i.AbstractProblemLoader Environment load took 113.6ns 
482173     INFO  main            d.u.i.k.p.i.AbstractProblemLoader Creating init config 
486581     DEBUG main            d.u.i.k.p.i.AbstractProblemLoader Init config took 4.41s 
486677     INFO  main            d.u.i.k.p.i.AbstractProblemLoader Replaying proof Plotter[ThreadSpec2::stateInv()].JML accessible clause.0 
486678     DEBUG main            d.u.i.k.p.i.IntermediateProofReplayer Proof replay took 6.5ns 
494256     INFO  main            d.u.i.k.p.r.p.TestFile    ... finished proof: closed. 
494726     INFO  main            d.u.i.k.p.i.AbstractProblemLoader Loading environment from /home/runner/work/key/key/key.core/../key.ui/examples/heap/permissions/threads/Plotter_stateInv_accessible.key.proof 
494727     DEBUG main            d.u.i.k.p.i.AbstractProblemLoader Environment load took 79.7ns 
494728     INFO  main            d.u.i.k.p.i.AbstractProblemLoader Creating init config 
499082     DEBUG main            d.u.i.k.p.i.AbstractProblemLoader Init config took 4.35s 
499175     INFO  main            d.u.i.k.p.i.AbstractProblemLoader Replaying proof Plotter[ThreadSpec2::stateInv()].JML accessible clause.0 
499550     DEBUG main            d.u.i.k.p.i.IntermediateProofReplayer Proof replay took 360.02ms 
499551     DEBUG main            d.u.i.k.p.r.p.TestFile    ... success: reloaded. 
499552     INFO  main            d.u.i.k.p.r.p.TestFile    Now processing file /home/runner/work/key/key/key.core/../key.ui/examples/heap/permissions/threads/Plotter_staticPermissions_accessible.key 
499552     INFO  main            d.u.i.k.p.i.AbstractProblemLoader Loading environment from /home/runner/work/key/key/key.core/../key.ui/examples/heap/permissions/threads/Plotter_staticPermissions_accessible.key 
499553     DEBUG main            d.u.i.k.p.i.AbstractProblemLoader Environment load took 58.9ns 
499553     INFO  main            d.u.i.k.p.i.AbstractProblemLoader Creating init config 
503980     DEBUG main            d.u.i.k.p.i.AbstractProblemLoader Init config took 4.43s 
504061     INFO  main            d.u.i.k.p.i.AbstractProblemLoader Replaying proof Plotter[ThreadSpec2::staticPermissions()].JML accessible clause.0 
504063     DEBUG main            d.u.i.k.p.i.IntermediateProofReplayer Proof replay took 32.7ns 
504965     INFO  main            d.u.i.k.p.r.p.TestFile    ... finished proof: closed. 
505408     INFO  main            d.u.i.k.p.i.AbstractProblemLoader Loading environment from /home/runner/work/key/key/key.core/../key.ui/examples/heap/permissions/threads/Plotter_staticPermissions_accessible.key.proof 
505408     DEBUG main            d.u.i.k.p.i.AbstractProblemLoader Environment load took 65.9ns 
505409     INFO  main            d.u.i.k.p.i.AbstractProblemLoader Creating init config 
509754     DEBUG main            d.u.i.k.p.i.AbstractProblemLoader Init config took 4.35s 
509836     INFO  main            d.u.i.k.p.i.AbstractProblemLoader Replaying proof Plotter[ThreadSpec2::staticPermissions()].JML accessible clause.0 
509879     DEBUG main            d.u.i.k.p.i.IntermediateProofReplayer Proof replay took 40.33ms 
509880     DEBUG main            d.u.i.k.p.r.p.TestFile    ... success: reloaded. 
509880     INFO  main            d.u.i.k.p.r.p.TestFile    Now processing file /home/runner/work/key/key/key.core/../key.ui/examples/heap/permissions/threads/Plotter_workingPermissions_accessible.key 
509880     INFO  main            d.u.i.k.p.i.AbstractProblemLoader Loading environment from /home/runner/work/key/key/key.core/../key.ui/examples/heap/permissions/threads/Plotter_workingPermissions_accessible.key 
509881     DEBUG main            d.u.i.k.p.i.AbstractProblemLoader Environment load took 81.6ns 
509881     INFO  main            d.u.i.k.p.i.AbstractProblemLoader Creating init config 
514287     DEBUG main            d.u.i.k.p.i.AbstractProblemLoader Init config took 4.41s 
514380     INFO  main            d.u.i.k.p.i.AbstractProblemLoader Replaying proof Plotter[ThreadSpec2::workingPermissions()].JML accessible clause.0 
514381     DEBUG main            d.u.i.k.p.i.IntermediateProofReplayer Proof replay took 2.8ns 
514582     INFO  main            d.u.i.k.p.r.p.TestFile    ... finished proof: closed. 
515044     INFO  main            d.u.i.k.p.i.AbstractProblemLoader Loading environment from /home/runner/work/key/key/key.core/../key.ui/examples/heap/permissions/threads/Plotter_workingPermissions_accessible.key.proof 
515044     DEBUG main            d.u.i.k.p.i.AbstractProblemLoader Environment load took 68.3ns 
515045     INFO  main            d.u.i.k.p.i.AbstractProblemLoader Creating init config 
519390     DEBUG main            d.u.i.k.p.i.AbstractProblemLoader Init config took 4.35s 
519472     INFO  main            d.u.i.k.p.i.AbstractProblemLoader Replaying proof Plotter[ThreadSpec2::workingPermissions()].JML accessible clause.0 
519484     DEBUG main            d.u.i.k.p.i.IntermediateProofReplayer Proof replay took 10.29ms 
519484     DEBUG main            d.u.i.k.p.r.p.TestFile    ... success: reloaded. 
519485     INFO  main            d.u.i.k.p.r.p.TestFile    Now processing file /home/runner/work/key/key/key.core/../key.ui/examples/heap/permissions/threads/Sampler_initPost_accessible.key 
519485     INFO  main            d.u.i.k.p.i.AbstractProblemLoader Loading environment from /home/runner/work/key/key/key.core/../key.ui/examples/heap/permissions/threads/Sampler_initPost_accessible.key 
519485     DEBUG main            d.u.i.k.p.i.AbstractProblemLoader Environment load took 39.3ns 
519486     INFO  main            d.u.i.k.p.i.AbstractProblemLoader Creating init config 
523921     DEBUG main            d.u.i.k.p.i.AbstractProblemLoader Init config took 4.43s 
524001     INFO  main            d.u.i.k.p.i.AbstractProblemLoader Replaying proof Sampler[ThreadSpec2::initPost()].JML accessible clause.0 
524003     DEBUG main            d.u.i.k.p.i.IntermediateProofReplayer Proof replay took 2.6ns 
524104     INFO  main            d.u.i.k.p.r.p.TestFile    ... finished proof: closed. 
524572     INFO  main            d.u.i.k.p.i.AbstractProblemLoader Loading environment from /home/runner/work/key/key/key.core/../key.ui/examples/heap/permissions/threads/Sampler_initPost_accessible.key.proof 
524572     DEBUG main            d.u.i.k.p.i.AbstractProblemLoader Environment load took 66ns 
524573     INFO  main            d.u.i.k.p.i.AbstractProblemLoader Creating init config 
528900     DEBUG main            d.u.i.k.p.i.AbstractProblemLoader Init config took 4.33s 
528984     INFO  main            d.u.i.k.p.i.AbstractProblemLoader Replaying proof Sampler[ThreadSpec2::initPost()].JML accessible clause.0 
528989     DEBUG main            d.u.i.k.p.i.IntermediateProofReplayer Proof replay took 3.92ms 
528989     DEBUG main            d.u.i.k.p.r.p.TestFile    ... success: reloaded. 
528990     INFO  main            d.u.i.k.p.r.p.TestFile    Now processing file /home/runner/work/key/key/key.core/../key.ui/examples/heap/permissions/threads/Sampler_inv_accessible1.key 
528990     INFO  main            d.u.i.k.p.i.AbstractProblemLoader Loading environment from /home/runner/work/key/key/key.core/../key.ui/examples/heap/permissions/threads/Sampler_inv_accessible1.key 
528990     DEBUG main            d.u.i.k.p.i.AbstractProblemLoader Environment load took 37.8ns 
528991     INFO  main            d.u.i.k.p.i.AbstractProblemLoader Creating init config 
533398     DEBUG main            d.u.i.k.p.i.AbstractProblemLoader Init config took 4.41s 
533478     INFO  main            d.u.i.k.p.i.AbstractProblemLoader Replaying proof Sampler[java.lang.Object::<inv>()].JML accessible clause.0 
533479     DEBUG main            d.u.i.k.p.i.IntermediateProofReplayer Proof replay took 3ns 
533580     INFO  main            d.u.i.k.p.r.p.TestFile    ... finished proof: closed. 
534050     INFO  main            d.u.i.k.p.i.AbstractProblemLoader Loading environment from /home/runner/work/key/key/key.core/../key.ui/examples/heap/permissions/threads/Sampler_inv_accessible1.key.proof 
534050     DEBUG main            d.u.i.k.p.i.AbstractProblemLoader Environment load took 62.2ns 
534051     INFO  main            d.u.i.k.p.i.AbstractProblemLoader Creating init config 
538383     DEBUG main            d.u.i.k.p.i.AbstractProblemLoader Init config took 4.33s 
538463     INFO  main            d.u.i.k.p.i.AbstractProblemLoader Replaying proof Sampler[java.lang.Object::<inv>()].JML accessible clause.0 
538465     DEBUG main            d.u.i.k.p.i.IntermediateProofReplayer Proof replay took 1.19ms 
538466     DEBUG main            d.u.i.k.p.r.p.TestFile    ... success: reloaded. 
538467     INFO  main            d.u.i.k.p.r.p.TestFile    Now processing file /home/runner/work/key/key/key.core/../key.ui/examples/heap/permissions/threads/Sampler_inv_accessible2.key 
538467     INFO  main            d.u.i.k.p.i.AbstractProblemLoader Loading environment from /home/runner/work/key/key/key.core/../key.ui/examples/heap/permissions/threads/Sampler_inv_accessible2.key 
538467     DEBUG main            d.u.i.k.p.i.AbstractProblemLoader Environment load took 39.5ns 
538467     INFO  main            d.u.i.k.p.i.AbstractProblemLoader Creating init config 
542875     DEBUG main            d.u.i.k.p.i.AbstractProblemLoader Init config took 4.41s 
542970     INFO  main            d.u.i.k.p.i.AbstractProblemLoader Replaying proof Sampler[java.lang.Object::<inv>()].JML accessible clause.1 
542971     DEBUG main            d.u.i.k.p.i.IntermediateProofReplayer Proof replay took 2.2ns 
543072     INFO  main            d.u.i.k.p.r.p.TestFile    ... finished proof: closed. 
543540     INFO  main            d.u.i.k.p.i.AbstractProblemLoader Loading environment from /home/runner/work/key/key/key.core/../key.ui/examples/heap/permissions/threads/Sampler_inv_accessible2.key.proof 
543540     DEBUG main            d.u.i.k.p.i.AbstractProblemLoader Environment load took 63.9ns 
543541     INFO  main            d.u.i.k.p.i.AbstractProblemLoader Creating init config 
547870     DEBUG main            d.u.i.k.p.i.AbstractProblemLoader Init config took 4.33s 
547951     INFO  main            d.u.i.k.p.i.AbstractProblemLoader Replaying proof Sampler[java.lang.Object::<inv>()].JML accessible clause.1 
547953     DEBUG main            d.u.i.k.p.i.IntermediateProofReplayer Proof replay took 1.19ms 
547954     DEBUG main            d.u.i.k.p.r.p.TestFile    ... success: reloaded. 
547954     INFO  main            d.u.i.k.p.r.p.TestFile    Now processing file /home/runner/work/key/key/key.core/../key.ui/examples/heap/permissions/threads/Sampler_joinTransfer_accessible.key 
547955     INFO  main            d.u.i.k.p.i.AbstractProblemLoader Loading environment from /home/runner/work/key/key/key.core/../key.ui/examples/heap/permissions/threads/Sampler_joinTransfer_accessible.key 
547955     DEBUG main            d.u.i.k.p.i.AbstractProblemLoader Environment load took 56.3ns 
547955     INFO  main            d.u.i.k.p.i.AbstractProblemLoader Creating init config 
552373     DEBUG main            d.u.i.k.p.i.AbstractProblemLoader Init config took 4.42s 
552454     INFO  main            d.u.i.k.p.i.AbstractProblemLoader Replaying proof Sampler[ThreadSpec2::joinTransfer()].JML accessible clause.0 
552455     DEBUG main            d.u.i.k.p.i.IntermediateProofReplayer Proof replay took 2.3ns 
555462     INFO  main            d.u.i.k.p.r.p.TestFile    ... finished proof: closed. 
555955     INFO  main            d.u.i.k.p.i.AbstractProblemLoader Loading environment from /home/runner/work/key/key/key.core/../key.ui/examples/heap/permissions/threads/Sampler_joinTransfer_accessible.key.proof 
555955     DEBUG main            d.u.i.k.p.i.AbstractProblemLoader Environment load took 137.8ns 
555957     INFO  main            d.u.i.k.p.i.AbstractProblemLoader Creating init config 
560293     DEBUG main            d.u.i.k.p.i.AbstractProblemLoader Init config took 4.34s 
560376     INFO  main            d.u.i.k.p.i.AbstractProblemLoader Replaying proof Sampler[ThreadSpec2::joinTransfer()].JML accessible clause.0 
560740     DEBUG main            d.u.i.k.p.i.IntermediateProofReplayer Proof replay took 353.83ms 
560742     DEBUG main            d.u.i.k.p.r.p.TestFile    ... success: reloaded. 
560742     INFO  main            d.u.i.k.p.r.p.TestFile    Now processing file /home/runner/work/key/key/key.core/../key.ui/examples/heap/permissions/threads/Sampler_joinTransfer_contract.key 
560742     INFO  main            d.u.i.k.p.i.AbstractProblemLoader Loading environment from /home/runner/work/key/key/key.core/../key.ui/examples/heap/permissions/threads/Sampler_joinTransfer_contract.key 
560742     DEBUG main            d.u.i.k.p.i.AbstractProblemLoader Environment load took 39.6ns 
560743     INFO  main            d.u.i.k.p.i.AbstractProblemLoader Creating init config 
565161     DEBUG main            d.u.i.k.p.i.AbstractProblemLoader Init config took 4.42s 
565242     INFO  main            d.u.i.k.p.i.AbstractProblemLoader Replaying proof Sampler[ThreadSpec2::joinTransfer()].JML model_behavior operation contract.0 
565243     DEBUG main            d.u.i.k.p.i.IntermediateProofReplayer Proof replay took 2.8ns 
565345     INFO  main            d.u.i.k.p.r.p.TestFile    ... finished proof: closed. 
565824     INFO  main            d.u.i.k.p.i.AbstractProblemLoader Loading environment from /home/runner/work/key/key/key.core/../key.ui/examples/heap/permissions/threads/Sampler_joinTransfer_contract.key.proof 
565824     DEBUG main            d.u.i.k.p.i.AbstractProblemLoader Environment load took 64.3ns 
565825     INFO  main            d.u.i.k.p.i.AbstractProblemLoader Creating init config 
570165     DEBUG main            d.u.i.k.p.i.AbstractProblemLoader Init config took 4.34s 
570246     INFO  main            d.u.i.k.p.i.AbstractProblemLoader Replaying proof Sampler[ThreadSpec2::joinTransfer()].JML model_behavior operation contract.0 
570253     DEBUG main            d.u.i.k.p.i.IntermediateProofReplayer Proof replay took 5.73ms 
570254     DEBUG main            d.u.i.k.p.r.p.TestFile    ... success: reloaded. 
570254     INFO  main            d.u.i.k.p.r.p.TestFile    Now processing file /home/runner/work/key/key/key.core/../key.ui/examples/heap/permissions/threads/Sampler_postJoin_accessible.key 
570255     INFO  main            d.u.i.k.p.i.AbstractProblemLoader Loading environment from /home/runner/work/key/key/key.core/../key.ui/examples/heap/permissions/threads/Sampler_postJoin_accessible.key 
570255     DEBUG main            d.u.i.k.p.i.AbstractProblemLoader Environment load took 49.8ns 
570255     INFO  main            d.u.i.k.p.i.AbstractProblemLoader Creating init config 
574662     DEBUG main            d.u.i.k.p.i.AbstractProblemLoader Init config took 4.41s 
574743     INFO  main            d.u.i.k.p.i.AbstractProblemLoader Replaying proof Sampler[ThreadSpec2::postJoin(java.lang.Object)].JML accessible clause.0 
574744     DEBUG main            d.u.i.k.p.i.IntermediateProofReplayer Proof replay took 2.7ns 
574845     INFO  main            d.u.i.k.p.r.p.TestFile    ... finished proof: closed. 
575309     INFO  main            d.u.i.k.p.i.AbstractProblemLoader Loading environment from /home/runner/work/key/key/key.core/../key.ui/examples/heap/permissions/threads/Sampler_postJoin_accessible.key.proof 
575309     DEBUG main            d.u.i.k.p.i.AbstractProblemLoader Environment load took 64.2ns 
575310     INFO  main            d.u.i.k.p.i.AbstractProblemLoader Creating init config 
579647     DEBUG main            d.u.i.k.p.i.AbstractProblemLoader Init config took 4.34s 
579728     INFO  main            d.u.i.k.p.i.AbstractProblemLoader Replaying proof Sampler[ThreadSpec2::postJoin(java.lang.Object)].JML accessible clause.0 
579735     DEBUG main            d.u.i.k.p.i.IntermediateProofReplayer Proof replay took 6.44ms 
579736     DEBUG main            d.u.i.k.p.r.p.TestFile    ... success: reloaded. 
579737     INFO  main            d.u.i.k.p.r.p.TestFile    Now processing file /home/runner/work/key/key/key.core/../key.ui/examples/heap/permissions/threads/Sampler_preStart_accessible.key 
579737     INFO  main            d.u.i.k.p.i.AbstractProblemLoader Loading environment from /home/runner/work/key/key/key.core/../key.ui/examples/heap/permissions/threads/Sampler_preStart_accessible.key 
579737     DEBUG main            d.u.i.k.p.i.AbstractProblemLoader Environment load took 58.1ns 
579738     INFO  main            d.u.i.k.p.i.AbstractProblemLoader Creating init config 
584137     DEBUG main            d.u.i.k.p.i.AbstractProblemLoader Init config took 4.4s 
584218     INFO  main            d.u.i.k.p.i.AbstractProblemLoader Replaying proof Sampler[ThreadSpec2::preStart(java.lang.Object)].JML accessible clause.0 
584220     DEBUG main            d.u.i.k.p.i.IntermediateProofReplayer Proof replay took 2.5ns 
584321     INFO  main            d.u.i.k.p.r.p.TestFile    ... finished proof: closed. 
584812     INFO  main            d.u.i.k.p.i.AbstractProblemLoader Loading environment from /home/runner/work/key/key/key.core/../key.ui/examples/heap/permissions/threads/Sampler_preStart_accessible.key.proof 
584812     DEBUG main            d.u.i.k.p.i.AbstractProblemLoader Environment load took 63.9ns 
584813     INFO  main            d.u.i.k.p.i.AbstractProblemLoader Creating init config 
589151     DEBUG main            d.u.i.k.p.i.AbstractProblemLoader Init config took 4.34s 
589231     INFO  main            d.u.i.k.p.i.AbstractProblemLoader Replaying proof Sampler[ThreadSpec2::preStart(java.lang.Object)].JML accessible clause.0 
589239     DEBUG main            d.u.i.k.p.i.IntermediateProofReplayer Proof replay took 6.46ms 
589240     DEBUG main            d.u.i.k.p.r.p.TestFile    ... success: reloaded. 
589241     INFO  main            d.u.i.k.p.r.p.TestFile    Now processing file /home/runner/work/key/key/key.core/../key.ui/examples/heap/permissions/threads/Sampler_run.key 
589241     INFO  main            d.u.i.k.p.i.AbstractProblemLoader Loading environment from /home/runner/work/key/key/key.core/../key.ui/examples/heap/permissions/threads/Sampler_run.key 
589241     DEBUG main            d.u.i.k.p.i.AbstractProblemLoader Environment load took 59.6ns 
589241     INFO  main            d.u.i.k.p.i.AbstractProblemLoader Creating init config 
593654     DEBUG main            d.u.i.k.p.i.AbstractProblemLoader Init config took 4.41s 
593739     INFO  main            d.u.i.k.p.i.AbstractProblemLoader Replaying proof Sampler[ThreadSpec2::run()].JML normal_behavior operation contract.0 
593740     DEBUG main            d.u.i.k.p.i.IntermediateProofReplayer Proof replay took 2.6ns 
593841     INFO  main            d.u.i.k.p.r.p.TestFile    ... finished proof: closed. 
594336     INFO  main            d.u.i.k.p.i.AbstractProblemLoader Loading environment from /home/runner/work/key/key/key.core/../key.ui/examples/heap/permissions/threads/Sampler_run.key.proof 
594336     DEBUG main            d.u.i.k.p.i.AbstractProblemLoader Environment load took 64.2ns 
594337     INFO  main            d.u.i.k.p.i.AbstractProblemLoader Creating init config 
598666     DEBUG main            d.u.i.k.p.i.AbstractProblemLoader Init config took 4.33s 
598748     INFO  main            d.u.i.k.p.i.AbstractProblemLoader Replaying proof Sampler[ThreadSpec2::run()].JML normal_behavior operation contract.0 
598772     DEBUG main            d.u.i.k.p.i.IntermediateProofReplayer Proof replay took 22.3ms 
598772     DEBUG main            d.u.i.k.p.r.p.TestFile    ... success: reloaded. 
598773     INFO  main            d.u.i.k.p.r.p.TestFile    Now processing file /home/runner/work/key/key/key.core/../key.ui/examples/heap/permissions/threads/Sampler_Sampler.key 
598773     INFO  main            d.u.i.k.p.i.AbstractProblemLoader Loading environment from /home/runner/work/key/key/key.core/../key.ui/examples/heap/permissions/threads/Sampler_Sampler.key 
598773     DEBUG main            d.u.i.k.p.i.AbstractProblemLoader Environment load took 86.2ns 
598774     INFO  main            d.u.i.k.p.i.AbstractProblemLoader Creating init config 
603238     DEBUG main            d.u.i.k.p.i.AbstractProblemLoader Init config took 4.46s 
603319     INFO  main            d.u.i.k.p.i.AbstractProblemLoader Replaying proof Sampler[Sampler::Sampler(Buffer)].JML normal_behavior operation contract.0 
603320     DEBUG main            d.u.i.k.p.i.IntermediateProofReplayer Proof replay took 2.1ns 
603922     INFO  main            d.u.i.k.p.r.p.TestFile    ... finished proof: closed. 
604425     INFO  main            d.u.i.k.p.i.AbstractProblemLoader Loading environment from /home/runner/work/key/key/key.core/../key.ui/examples/heap/permissions/threads/Sampler_Sampler.key.proof 
604425     DEBUG main            d.u.i.k.p.i.AbstractProblemLoader Environment load took 67.2ns 
604425     INFO  main            d.u.i.k.p.i.AbstractProblemLoader Creating init config 
608774     DEBUG main            d.u.i.k.p.i.AbstractProblemLoader Init config took 4.35s 
608857     INFO  main            d.u.i.k.p.i.AbstractProblemLoader Replaying proof Sampler[Sampler::Sampler(Buffer)].JML normal_behavior operation contract.0 
608917     DEBUG main            d.u.i.k.p.i.IntermediateProofReplayer Proof replay took 57.94ms 
608918     DEBUG main            d.u.i.k.p.r.p.TestFile    ... success: reloaded. 
608918     INFO  main            d.u.i.k.p.r.p.TestFile    Now processing file /home/runner/work/key/key/key.core/../key.ui/examples/heap/permissions/threads/Sampler_startTransfer_accessible.key 
608919     INFO  main            d.u.i.k.p.i.AbstractProblemLoader Loading environment from /home/runner/work/key/key/key.core/../key.ui/examples/heap/permissions/threads/Sampler_startTransfer_accessible.key 
608919     DEBUG main            d.u.i.k.p.i.AbstractProblemLoader Environment load took 40.3ns 
608919     INFO  main            d.u.i.k.p.i.AbstractProblemLoader Creating init config 
613419     DEBUG main            d.u.i.k.p.i.AbstractProblemLoader Init config took 4.5s 
613525     INFO  main            d.u.i.k.p.i.AbstractProblemLoader Replaying proof Sampler[ThreadSpec2::startTransfer()].JML accessible clause.0 
613527     DEBUG main            d.u.i.k.p.i.IntermediateProofReplayer Proof replay took 2.6ns 
617033     INFO  main            d.u.i.k.p.r.p.TestFile    ... finished proof: closed. 
617545     INFO  main            d.u.i.k.p.i.AbstractProblemLoader Loading environment from /home/runner/work/key/key/key.core/../key.ui/examples/heap/permissions/threads/Sampler_startTransfer_accessible.key.proof 
617545     DEBUG main            d.u.i.k.p.i.AbstractProblemLoader Environment load took 260.5ns 
617546     INFO  main            d.u.i.k.p.i.AbstractProblemLoader Creating init config 
622045     DEBUG main            d.u.i.k.p.i.AbstractProblemLoader Init config took 4.5s 
622137     INFO  main            d.u.i.k.p.i.AbstractProblemLoader Replaying proof Sampler[ThreadSpec2::startTransfer()].JML accessible clause.0 
622450     DEBUG main            d.u.i.k.p.i.IntermediateProofReplayer Proof replay took 303.72ms 
622451     DEBUG main            d.u.i.k.p.r.p.TestFile    ... success: reloaded. 
622452     INFO  main            d.u.i.k.p.r.p.TestFile    Now processing file /home/runner/work/key/key/key.core/../key.ui/examples/heap/permissions/threads/Sampler_startTransfer_contract.key 
622452     INFO  main            d.u.i.k.p.i.AbstractProblemLoader Loading environment from /home/runner/work/key/key/key.core/../key.ui/examples/heap/permissions/threads/Sampler_startTransfer_contract.key 
622452     DEBUG main            d.u.i.k.p.i.AbstractProblemLoader Environment load took 42.3ns 
622453     INFO  main            d.u.i.k.p.i.AbstractProblemLoader Creating init config 
627051     DEBUG main            d.u.i.k.p.i.AbstractProblemLoader Init config took 4.6s 
627132     INFO  main            d.u.i.k.p.i.AbstractProblemLoader Replaying proof Sampler[ThreadSpec2::startTransfer()].JML model_behavior operation contract.0 
627133     DEBUG main            d.u.i.k.p.i.IntermediateProofReplayer Proof replay took 2.3ns 
627236     INFO  main            d.u.i.k.p.r.p.TestFile    ... finished proof: closed. 
627736     INFO  main            d.u.i.k.p.i.AbstractProblemLoader Loading environment from /home/runner/work/key/key/key.core/../key.ui/examples/heap/permissions/threads/Sampler_startTransfer_contract.key.proof 
627736     DEBUG main            d.u.i.k.p.i.AbstractProblemLoader Environment load took 65.1ns 
627736     INFO  main            d.u.i.k.p.i.AbstractProblemLoader Creating init config 
632219     DEBUG main            d.u.i.k.p.i.AbstractProblemLoader Init config took 4.48s 
632312     INFO  main            d.u.i.k.p.i.AbstractProblemLoader Replaying proof Sampler[ThreadSpec2::startTransfer()].JML model_behavior operation contract.0 
632329     DEBUG main            d.u.i.k.p.i.IntermediateProofReplayer Proof replay took 15.57ms 
632335     DEBUG main            d.u.i.k.p.r.p.TestFile    ... success: reloaded. 
632336     INFO  main            d.u.i.k.p.r.p.TestFile    Now processing file /home/runner/work/key/key/key.core/../key.ui/examples/heap/permissions/threads/Sampler_stateInv_accessible.key 
632336     INFO  main            d.u.i.k.p.i.AbstractProblemLoader Loading environment from /home/runner/work/key/key/key.core/../key.ui/examples/heap/permissions/threads/Sampler_stateInv_accessible.key 
632336     DEBUG main            d.u.i.k.p.i.AbstractProblemLoader Environment load took 129.9ns 
632337     INFO  main            d.u.i.k.p.i.AbstractProblemLoader Creating init config 
636947     DEBUG main            d.u.i.k.p.i.AbstractProblemLoader Init config took 4.61s 
637036     INFO  main            d.u.i.k.p.i.AbstractProblemLoader Replaying proof Sampler[ThreadSpec2::stateInv()].JML accessible clause.0 
637038     DEBUG main            d.u.i.k.p.i.IntermediateProofReplayer Proof replay took 2.8ns 
637139     INFO  main            d.u.i.k.p.r.p.TestFile    ... finished proof: closed. 
637646     INFO  main            d.u.i.k.p.i.AbstractProblemLoader Loading environment from /home/runner/work/key/key/key.core/../key.ui/examples/heap/permissions/threads/Sampler_stateInv_accessible.key.proof 
637646     DEBUG main            d.u.i.k.p.i.AbstractProblemLoader Environment load took 63.3ns 
637646     INFO  main            d.u.i.k.p.i.AbstractProblemLoader Creating init config 
642161     DEBUG main            d.u.i.k.p.i.AbstractProblemLoader Init config took 4.51s 
642269     INFO  main            d.u.i.k.p.i.AbstractProblemLoader Replaying proof Sampler[ThreadSpec2::stateInv()].JML accessible clause.0 
642276     DEBUG main            d.u.i.k.p.i.IntermediateProofReplayer Proof replay took 5.7ms 
642277     DEBUG main            d.u.i.k.p.r.p.TestFile    ... success: reloaded. 
642278     INFO  main            d.u.i.k.p.r.p.TestFile    Now processing file /home/runner/work/key/key/key.core/../key.ui/examples/heap/permissions/threads/Sampler_staticPermissions_accessible.key 
642278     INFO  main            d.u.i.k.p.i.AbstractProblemLoader Loading environment from /home/runner/work/key/key/key.core/../key.ui/examples/heap/permissions/threads/Sampler_staticPermissions_accessible.key 
642278     DEBUG main            d.u.i.k.p.i.AbstractProblemLoader Environment load took 112.1ns 
642279     INFO  main            d.u.i.k.p.i.AbstractProblemLoader Creating init config 
646950     DEBUG main            d.u.i.k.p.i.AbstractProblemLoader Init config took 4.67s 
647031     INFO  main            d.u.i.k.p.i.AbstractProblemLoader Replaying proof Sampler[ThreadSpec2::staticPermissions()].JML accessible clause.0 
647033     DEBUG main            d.u.i.k.p.i.IntermediateProofReplayer Proof replay took 2.3ns 
647134     INFO  main            d.u.i.k.p.r.p.TestFile    ... finished proof: closed. 
647650     INFO  main            d.u.i.k.p.i.AbstractProblemLoader Loading environment from /home/runner/work/key/key/key.core/../key.ui/examples/heap/permissions/threads/Sampler_staticPermissions_accessible.key.proof 
647650     DEBUG main            d.u.i.k.p.i.AbstractProblemLoader Environment load took 61.1ns 
647651     INFO  main            d.u.i.k.p.i.AbstractProblemLoader Creating init config 
652186     DEBUG main            d.u.i.k.p.i.AbstractProblemLoader Init config took 4.53s 
652277     INFO  main            d.u.i.k.p.i.AbstractProblemLoader Replaying proof Sampler[ThreadSpec2::staticPermissions()].JML accessible clause.0 
652281     DEBUG main            d.u.i.k.p.i.IntermediateProofReplayer Proof replay took 2.57ms 
652281     DEBUG main            d.u.i.k.p.r.p.TestFile    ... success: reloaded. 
652282     INFO  main            d.u.i.k.p.r.p.TestFile    Now processing file /home/runner/work/key/key/key.core/../key.ui/examples/heap/permissions/threads/Sampler_workingPermissions_accessible.key 
652283     INFO  main            d.u.i.k.p.i.AbstractProblemLoader Loading environment from /home/runner/work/key/key/key.core/../key.ui/examples/heap/permissions/threads/Sampler_workingPermissions_accessible.key 
652283     DEBUG main            d.u.i.k.p.i.AbstractProblemLoader Environment load took 135.2ns 
652284     INFO  main            d.u.i.k.p.i.AbstractProblemLoader Creating init config 
656908     DEBUG main            d.u.i.k.p.i.AbstractProblemLoader Init config took 4.62s 
656989     INFO  main            d.u.i.k.p.i.AbstractProblemLoader Replaying proof Sampler[ThreadSpec2::workingPermissions()].JML accessible clause.0 
656990     DEBUG main            d.u.i.k.p.i.IntermediateProofReplayer Proof replay took 2.4ns 
657091     INFO  main            d.u.i.k.p.r.p.TestFile    ... finished proof: closed. 
657606     INFO  main            d.u.i.k.p.i.AbstractProblemLoader Loading environment from /home/runner/work/key/key/key.core/../key.ui/examples/heap/permissions/threads/Sampler_workingPermissions_accessible.key.proof 
657606     DEBUG main            d.u.i.k.p.i.AbstractProblemLoader Environment load took 59.6ns 
657606     INFO  main            d.u.i.k.p.i.AbstractProblemLoader Creating init config 
662539     DEBUG main            d.u.i.k.p.i.AbstractProblemLoader Init config took 4.93s 
662632     INFO  main            d.u.i.k.p.i.AbstractProblemLoader Replaying proof Sampler[ThreadSpec2::workingPermissions()].JML accessible clause.0 
662638     DEBUG main            d.u.i.k.p.i.IntermediateProofReplayer Proof replay took 4.42ms 
662639     DEBUG main            d.u.i.k.p.r.p.TestFile    ... success: reloaded. 
662639     INFO  main            d.u.i.k.p.r.p.TestFile    Now processing file /home/runner/work/key/key/key.core/../key.ui/examples/heap/permissions/mulleretal/ReadWrite_doRead_contract.key 
662640     INFO  main            d.u.i.k.p.i.AbstractProblemLoader Loading environment from /home/runner/work/key/key/key.core/../key.ui/examples/heap/permissions/mulleretal/ReadWrite_doRead_contract.key 
662640     DEBUG main            d.u.i.k.p.i.AbstractProblemLoader Environment load took 130.7ns 
662641     INFO  main            d.u.i.k.p.i.AbstractProblemLoader Creating init config 
665398     DEBUG main            d.u.i.k.p.i.AbstractProblemLoader Init config took 2.76s 
665435     INFO  main            d.u.i.k.p.i.AbstractProblemLoader Replaying proof ReadWrite[ReadWrite::doRead()].JML normal_behavior operation contract.0 
665437     DEBUG main            d.u.i.k.p.i.IntermediateProofReplayer Proof replay took 3.1ns 
666941     INFO  main            d.u.i.k.p.r.p.TestFile    ... finished proof: closed. 
667500     INFO  main            d.u.i.k.p.i.AbstractProblemLoader Loading environment from /home/runner/work/key/key/key.core/../key.ui/examples/heap/permissions/mulleretal/ReadWrite_doRead_contract.key.proof 
667500     DEBUG main            d.u.i.k.p.i.AbstractProblemLoader Environment load took 285.4ns 
667501     INFO  main            d.u.i.k.p.i.AbstractProblemLoader Creating init config 
670052     DEBUG main            d.u.i.k.p.i.AbstractProblemLoader Init config took 2.55s 
670087     INFO  main            d.u.i.k.p.i.AbstractProblemLoader Replaying proof ReadWrite[ReadWrite::doRead()].JML normal_behavior operation contract.0 
670428     DEBUG main            d.u.i.k.p.i.IntermediateProofReplayer Proof replay took 335.28ms 
670429     DEBUG main            d.u.i.k.p.r.p.TestFile    ... success: reloaded. 
670430     INFO  main            d.u.i.k.p.r.p.TestFile    Now processing file /home/runner/work/key/key/key.core/../key.ui/examples/heap/permissions/mulleretal/ReadWrite_doWrite_contract.key 
670431     INFO  main            d.u.i.k.p.i.AbstractProblemLoader Loading environment from /home/runner/work/key/key/key.core/../key.ui/examples/heap/permissions/mulleretal/ReadWrite_doWrite_contract.key 
670431     DEBUG main            d.u.i.k.p.i.AbstractProblemLoader Environment load took 166ns 
670431     INFO  main            d.u.i.k.p.i.AbstractProblemLoader Creating init config 
673363     DEBUG main            d.u.i.k.p.i.AbstractProblemLoader Init config took 2.93s 
673394     INFO  main            d.u.i.k.p.i.AbstractProblemLoader Replaying proof ReadWrite[ReadWrite::doWrite()].JML normal_behavior operation contract.0 
673395     DEBUG main            d.u.i.k.p.i.IntermediateProofReplayer Proof replay took 2.2ns 
675118     INFO  main            d.u.i.k.p.r.p.TestFile    ... finished proof: closed. 
675661     INFO  main            d.u.i.k.p.i.AbstractProblemLoader Loading environment from /home/runner/work/key/key/key.core/../key.ui/examples/heap/permissions/mulleretal/ReadWrite_doWrite_contract.key.proof 
675661     DEBUG main            d.u.i.k.p.i.AbstractProblemLoader Environment load took 74.9ns 
675662     INFO  main            d.u.i.k.p.i.AbstractProblemLoader Creating init config 
678257     DEBUG main            d.u.i.k.p.i.AbstractProblemLoader Init config took 2.6s 
678292     INFO  main            d.u.i.k.p.i.AbstractProblemLoader Replaying proof ReadWrite[ReadWrite::doWrite()].JML normal_behavior operation contract.0 
678770     DEBUG main            d.u.i.k.p.i.IntermediateProofReplayer Proof replay took 470.99ms 
678771     DEBUG main            d.u.i.k.p.r.p.TestFile    ... success: reloaded. 
678771     INFO  main            d.u.i.k.p.r.p.TestFile    Now processing file /home/runner/work/key/key/key.core/../key.ui/examples/heap/permissions/mulleretal/ReadWrite_read_contract.key 
678772     INFO  main            d.u.i.k.p.i.AbstractProblemLoader Loading environment from /home/runner/work/key/key/key.core/../key.ui/examples/heap/permissions/mulleretal/ReadWrite_read_contract.key 
678772     DEBUG main            d.u.i.k.p.i.AbstractProblemLoader Environment load took 136.3ns 
678773     INFO  main            d.u.i.k.p.i.AbstractProblemLoader Creating init config 
681444     DEBUG main            d.u.i.k.p.i.AbstractProblemLoader Init config took 2.67s 
681501     INFO  main            d.u.i.k.p.i.AbstractProblemLoader Replaying proof ReadWrite[ReadWrite::read()].JML normal_behavior operation contract.0 
681502     DEBUG main            d.u.i.k.p.i.IntermediateProofReplayer Proof replay took 2.7ns 
681604     INFO  main            d.u.i.k.p.r.p.TestFile    ... finished proof: closed. 
682160     INFO  main            d.u.i.k.p.i.AbstractProblemLoader Loading environment from /home/runner/work/key/key/key.core/../key.ui/examples/heap/permissions/mulleretal/ReadWrite_read_contract.key.proof 
682160     DEBUG main            d.u.i.k.p.i.AbstractProblemLoader Environment load took 65ns 
682161     INFO  main            d.u.i.k.p.i.AbstractProblemLoader Creating init config 
684690     DEBUG main            d.u.i.k.p.i.AbstractProblemLoader Init config took 2.53s 
684725     INFO  main            d.u.i.k.p.i.AbstractProblemLoader Replaying proof ReadWrite[ReadWrite::read()].JML normal_behavior operation contract.0 
684732     DEBUG main            d.u.i.k.p.i.IntermediateProofReplayer Proof replay took 5.37ms 
684732     DEBUG main            d.u.i.k.p.r.p.TestFile    ... success: reloaded. 
684733     INFO  main            d.u.i.k.p.r.p.TestFile    Now processing file /home/runner/work/key/key/key.core/../key.ui/examples/heap/permissions/mulleretal/ReadWrite_write_contract.key 
684733     INFO  main            d.u.i.k.p.i.AbstractProblemLoader Loading environment from /home/runner/work/key/key/key.core/../key.ui/examples/heap/permissions/mulleretal/ReadWrite_write_contract.key 
684733     DEBUG main            d.u.i.k.p.i.AbstractProblemLoader Environment load took 143.7ns 
684734     INFO  main            d.u.i.k.p.i.AbstractProblemLoader Creating init config 
687383     DEBUG main            d.u.i.k.p.i.AbstractProblemLoader Init config took 2.65s 
687415     INFO  main            d.u.i.k.p.i.AbstractProblemLoader Replaying proof ReadWrite[ReadWrite::write()].JML normal_behavior operation contract.0 
687416     DEBUG main            d.u.i.k.p.i.IntermediateProofReplayer Proof replay took 2.6ns 
687518     INFO  main            d.u.i.k.p.r.p.TestFile    ... finished proof: closed. 
688052     INFO  main            d.u.i.k.p.i.AbstractProblemLoader Loading environment from /home/runner/work/key/key/key.core/../key.ui/examples/heap/permissions/mulleretal/ReadWrite_write_contract.key.proof 
688052     DEBUG main            d.u.i.k.p.i.AbstractProblemLoader Environment load took 69.1ns 
688052     INFO  main            d.u.i.k.p.i.AbstractProblemLoader Creating init config 
690620     DEBUG main            d.u.i.k.p.i.AbstractProblemLoader Init config took 2.57s 
690655     INFO  main            d.u.i.k.p.i.AbstractProblemLoader Replaying proof ReadWrite[ReadWrite::write()].JML normal_behavior operation contract.0 
690677     DEBUG main            d.u.i.k.p.i.IntermediateProofReplayer Proof replay took 19.68ms 
690677     DEBUG main            d.u.i.k.p.r.p.TestFile    ... success: reloaded. 
690678     INFO  main            d.u.i.k.p.r.p.TestFile    Now processing file /home/runner/work/key/key/key.core/../key.ui/examples/heap/permissions/mulleretal/ReadWrite_inv1_accessible.key 
690678     INFO  main            d.u.i.k.p.i.AbstractProblemLoader Loading environment from /home/runner/work/key/key/key.core/../key.ui/examples/heap/permissions/mulleretal/ReadWrite_inv1_accessible.key 
690679     DEBUG main            d.u.i.k.p.i.AbstractProblemLoader Environment load took 137.9ns 
690679     INFO  main            d.u.i.k.p.i.AbstractProblemLoader Creating init config 
693327     DEBUG main            d.u.i.k.p.i.AbstractProblemLoader Init config took 2.65s 
693359     INFO  main            d.u.i.k.p.i.AbstractProblemLoader Replaying proof ReadWrite[java.lang.Object::<inv>()].JML accessible clause.0 
693360     DEBUG main            d.u.i.k.p.i.IntermediateProofReplayer Proof replay took 2.3ns 
693461     INFO  main            d.u.i.k.p.r.p.TestFile    ... finished proof: closed. 
694004     INFO  main            d.u.i.k.p.i.AbstractProblemLoader Loading environment from /home/runner/work/key/key/key.core/../key.ui/examples/heap/permissions/mulleretal/ReadWrite_inv1_accessible.key.proof 
694004     DEBUG main            d.u.i.k.p.i.AbstractProblemLoader Environment load took 63.4ns 
694005     INFO  main            d.u.i.k.p.i.AbstractProblemLoader Creating init config 
696556     DEBUG main            d.u.i.k.p.i.AbstractProblemLoader Init config took 2.55s 
696591     INFO  main            d.u.i.k.p.i.AbstractProblemLoader Replaying proof ReadWrite[java.lang.Object::<inv>()].JML accessible clause.0 
696593     DEBUG main            d.u.i.k.p.i.IntermediateProofReplayer Proof replay took 1.34ms 
696594     DEBUG main            d.u.i.k.p.r.p.TestFile    ... success: reloaded. 
696595     INFO  main            d.u.i.k.p.r.p.TestFile    Now processing file /home/runner/work/key/key/key.core/../key.ui/examples/heap/permissions/mulleretal/ReadWrite_inv2_accessible.key 
696595     INFO  main            d.u.i.k.p.i.AbstractProblemLoader Loading environment from /home/runner/work/key/key/key.core/../key.ui/examples/heap/permissions/mulleretal/ReadWrite_inv2_accessible.key 
696595     DEBUG main            d.u.i.k.p.i.AbstractProblemLoader Environment load took 135.7ns 
696596     INFO  main            d.u.i.k.p.i.AbstractProblemLoader Creating init config 
699185     DEBUG main            d.u.i.k.p.i.AbstractProblemLoader Init config took 2.59s 
699216     INFO  main            d.u.i.k.p.i.AbstractProblemLoader Replaying proof ReadWrite[java.lang.Object::<inv>()].JML accessible clause.1 
699217     DEBUG main            d.u.i.k.p.i.IntermediateProofReplayer Proof replay took 2.3ns 
699318     INFO  main            d.u.i.k.p.r.p.TestFile    ... finished proof: closed. 
699857     INFO  main            d.u.i.k.p.i.AbstractProblemLoader Loading environment from /home/runner/work/key/key/key.core/../key.ui/examples/heap/permissions/mulleretal/ReadWrite_inv2_accessible.key.proof 
699857     DEBUG main            d.u.i.k.p.i.AbstractProblemLoader Environment load took 64.2ns 
699858     INFO  main            d.u.i.k.p.i.AbstractProblemLoader Creating init config 
702439     DEBUG main            d.u.i.k.p.i.AbstractProblemLoader Init config took 2.58s 
702474     INFO  main            d.u.i.k.p.i.AbstractProblemLoader Replaying proof ReadWrite[java.lang.Object::<inv>()].JML accessible clause.1 
702477     DEBUG main            d.u.i.k.p.i.IntermediateProofReplayer Proof replay took 1.42ms 
702478     DEBUG main            d.u.i.k.p.r.p.TestFile    ... success: reloaded. 
702479     INFO  main            d.u.i.k.p.r.p.TestFile    Now processing file /home/runner/work/key/key/key.core/../key.ui/examples/heap/permissions/lockspec/Counter_lockConsistent_contract.key 
702479     INFO  main            d.u.i.k.p.i.AbstractProblemLoader Loading environment from /home/runner/work/key/key/key.core/../key.ui/examples/heap/permissions/lockspec/Counter_lockConsistent_contract.key 
702479     DEBUG main            d.u.i.k.p.i.AbstractProblemLoader Environment load took 151.1ns 
702480     INFO  main            d.u.i.k.p.i.AbstractProblemLoader Creating init config 
705637     DEBUG main            d.u.i.k.p.i.AbstractProblemLoader Init config took 3.16s 
705735     INFO  main            d.u.i.k.p.i.AbstractProblemLoader Replaying proof Counter[LockSpec::lockConsistent()].JML model_behavior operation contract.0 
705736     DEBUG main            d.u.i.k.p.i.IntermediateProofReplayer Proof replay took 2.6ns 
706846     INFO  main            d.u.i.k.p.r.p.TestFile    ... finished proof: closed. 
707433     INFO  main            d.u.i.k.p.i.AbstractProblemLoader Loading environment from /home/runner/work/key/key/key.core/../key.ui/examples/heap/permissions/lockspec/Counter_lockConsistent_contract.key.proof 
707433     DEBUG main            d.u.i.k.p.i.AbstractProblemLoader Environment load took 94.6ns 
707435     INFO  main            d.u.i.k.p.i.AbstractProblemLoader Creating init config 
710455     DEBUG main            d.u.i.k.p.i.AbstractProblemLoader Init config took 3.02s 
710515     INFO  main            d.u.i.k.p.i.AbstractProblemLoader Replaying proof Counter[LockSpec::lockConsistent()].JML model_behavior operation contract.0 
710647     DEBUG main            d.u.i.k.p.i.IntermediateProofReplayer Proof replay took 123.98ms 
710648     DEBUG main            d.u.i.k.p.r.p.TestFile    ... success: reloaded. 
710649     INFO  main            d.u.i.k.p.r.p.TestFile    Now processing file /home/runner/work/key/key/key.core/../key.ui/examples/heap/permissions/lockspec/Counter_increase_contract.key 
710649     INFO  main            d.u.i.k.p.i.AbstractProblemLoader Loading environment from /home/runner/work/key/key/key.core/../key.ui/examples/heap/permissions/lockspec/Counter_increase_contract.key 
710649     DEBUG main            d.u.i.k.p.i.AbstractProblemLoader Environment load took 59.3ns 
710649     INFO  main            d.u.i.k.p.i.AbstractProblemLoader Creating init config 
713772     DEBUG main            d.u.i.k.p.i.AbstractProblemLoader Init config took 3.12s 
713859     INFO  main            d.u.i.k.p.i.AbstractProblemLoader Replaying proof Counter[Counter::increase()].JML normal_behavior operation contract.0 
713872     DEBUG main            d.u.i.k.p.i.IntermediateProofReplayer Proof replay took 2.7ns 
715581     INFO  main            d.u.i.k.p.r.p.TestFile    ... finished proof: closed. 
716163     INFO  main            d.u.i.k.p.i.AbstractProblemLoader Loading environment from /home/runner/work/key/key/key.core/../key.ui/examples/heap/permissions/lockspec/Counter_increase_contract.key.proof 
716163     DEBUG main            d.u.i.k.p.i.AbstractProblemLoader Environment load took 73.8ns 
716164     INFO  main            d.u.i.k.p.i.AbstractProblemLoader Creating init config 
719227     DEBUG main            d.u.i.k.p.i.AbstractProblemLoader Init config took 3.06s 
719281     INFO  main            d.u.i.k.p.i.AbstractProblemLoader Replaying proof Counter[Counter::increase()].JML normal_behavior operation contract.0 
719468     DEBUG main            d.u.i.k.p.i.IntermediateProofReplayer Proof replay took 170.26ms 
719470     DEBUG main            d.u.i.k.p.r.p.TestFile    ... success: reloaded. 
719471     INFO  main            d.u.i.k.p.r.p.TestFile    Now processing file /home/runner/work/key/key/key.core/../key.ui/examples/heap/permissions/lockspec/Counter_fp_accessible.key 
719471     INFO  main            d.u.i.k.p.i.AbstractProblemLoader Loading environment from /home/runner/work/key/key/key.core/../key.ui/examples/heap/permissions/lockspec/Counter_fp_accessible.key 
719471     DEBUG main            d.u.i.k.p.i.AbstractProblemLoader Environment load took 135.7ns 
719472     INFO  main            d.u.i.k.p.i.AbstractProblemLoader Creating init config 
722553     DEBUG main            d.u.i.k.p.i.AbstractProblemLoader Init config took 3.08s 
722609     INFO  main            d.u.i.k.p.i.AbstractProblemLoader Replaying proof Counter[LockSpec::fp()].JML accessible clause.0 
722611     DEBUG main            d.u.i.k.p.i.IntermediateProofReplayer Proof replay took 2.8ns 
722712     INFO  main            d.u.i.k.p.r.p.TestFile    ... finished proof: closed. 
723269     INFO  main            d.u.i.k.p.i.AbstractProblemLoader Loading environment from /home/runner/work/key/key/key.core/../key.ui/examples/heap/permissions/lockspec/Counter_fp_accessible.key.proof 
723270     DEBUG main            d.u.i.k.p.i.AbstractProblemLoader Environment load took 59.2ns 
723270     INFO  main            d.u.i.k.p.i.AbstractProblemLoader Creating init config 
726256     DEBUG main            d.u.i.k.p.i.AbstractProblemLoader Init config took 2.99s 
726313     INFO  main            d.u.i.k.p.i.AbstractProblemLoader Replaying proof Counter[LockSpec::fp()].JML accessible clause.0 
726321     DEBUG main            d.u.i.k.p.i.IntermediateProofReplayer Proof replay took 6.55ms 
726321     DEBUG main            d.u.i.k.p.r.p.TestFile    ... success: reloaded. 
726322     INFO  main            d.u.i.k.p.r.p.TestFile    Now processing file /home/runner/work/key/key/key.core/../key.ui/examples/heap/permissions/lockspec/Counter_fpLock_accessible.key 
726322     INFO  main            d.u.i.k.p.i.AbstractProblemLoader Loading environment from /home/runner/work/key/key/key.core/../key.ui/examples/heap/permissions/lockspec/Counter_fpLock_accessible.key 
726322     DEBUG main            d.u.i.k.p.i.AbstractProblemLoader Environment load took 164.8ns 
726323     INFO  main            d.u.i.k.p.i.AbstractProblemLoader Creating init config 
729360     DEBUG main            d.u.i.k.p.i.AbstractProblemLoader Init config took 3.04s 
729411     INFO  main            d.u.i.k.p.i.AbstractProblemLoader Replaying proof Counter[LockSpec::fpLock()].JML accessible clause.0 
729412     DEBUG main            d.u.i.k.p.i.IntermediateProofReplayer Proof replay took 2.9ns 
729516     INFO  main            d.u.i.k.p.r.p.TestFile    ... finished proof: closed. 
730092     INFO  main            d.u.i.k.p.i.AbstractProblemLoader Loading environment from /home/runner/work/key/key/key.core/../key.ui/examples/heap/permissions/lockspec/Counter_fpLock_accessible.key.proof 
730092     DEBUG main            d.u.i.k.p.i.AbstractProblemLoader Environment load took 58.6ns 
730093     INFO  main            d.u.i.k.p.i.AbstractProblemLoader Creating init config 
733168     DEBUG main            d.u.i.k.p.i.AbstractProblemLoader Init config took 3.07s 
733219     INFO  main            d.u.i.k.p.i.AbstractProblemLoader Replaying proof Counter[LockSpec::fpLock()].JML accessible clause.0 
733226     DEBUG main            d.u.i.k.p.i.IntermediateProofReplayer Proof replay took 5.72ms 
733227     DEBUG main            d.u.i.k.p.r.p.TestFile    ... success: reloaded. 
733228     INFO  main            d.u.i.k.p.r.p.TestFile    Now processing file /home/runner/work/key/key/key.core/../key.ui/examples/heap/permissions/lockspec/Counter_fpPerm_accessible.key 
733228     INFO  main            d.u.i.k.p.i.AbstractProblemLoader Loading environment from /home/runner/work/key/key/key.core/../key.ui/examples/heap/permissions/lockspec/Counter_fpPerm_accessible.key 
733228     DEBUG main            d.u.i.k.p.i.AbstractProblemLoader Environment load took 65.1ns 
733229     INFO  main            d.u.i.k.p.i.AbstractProblemLoader Creating init config 
736283     DEBUG main            d.u.i.k.p.i.AbstractProblemLoader Init config took 3.05s 
736340     INFO  main            d.u.i.k.p.i.AbstractProblemLoader Replaying proof Counter[LockSpec::fpPerm()].JML accessible clause.0 
736356     DEBUG main            d.u.i.k.p.i.IntermediateProofReplayer Proof replay took 3.2ns 
736465     INFO  main            d.u.i.k.p.r.p.TestFile    ... finished proof: closed. 
737040     INFO  main            d.u.i.k.p.i.AbstractProblemLoader Loading environment from /home/runner/work/key/key/key.core/../key.ui/examples/heap/permissions/lockspec/Counter_fpPerm_accessible.key.proof 
737040     DEBUG main            d.u.i.k.p.i.AbstractProblemLoader Environment load took 59ns 
737041     INFO  main            d.u.i.k.p.i.AbstractProblemLoader Creating init config 
740049     DEBUG main            d.u.i.k.p.i.AbstractProblemLoader Init config took 3.01s 
740109     INFO  main            d.u.i.k.p.i.AbstractProblemLoader Replaying proof Counter[LockSpec::fpPerm()].JML accessible clause.0 
740118     DEBUG main            d.u.i.k.p.i.IntermediateProofReplayer Proof replay took 6.04ms 
740118     DEBUG main            d.u.i.k.p.r.p.TestFile    ... success: reloaded. 
740119     INFO  main            d.u.i.k.p.r.p.TestFile    Now processing file /home/runner/work/key/key/key.core/../key.ui/examples/heap/permissions/lockspec/Counter_inv_accessible1.key 
740119     INFO  main            d.u.i.k.p.i.AbstractProblemLoader Loading environment from /home/runner/work/key/key/key.core/../key.ui/examples/heap/permissions/lockspec/Counter_inv_accessible1.key 
740119     DEBUG main            d.u.i.k.p.i.AbstractProblemLoader Environment load took 133.7ns 
740120     INFO  main            d.u.i.k.p.i.AbstractProblemLoader Creating init config 
743407     DEBUG main            d.u.i.k.p.i.AbstractProblemLoader Init config took 3.29s 
743464     INFO  main            d.u.i.k.p.i.AbstractProblemLoader Replaying proof Counter[java.lang.Object::<inv>()].JML accessible clause.0 
743465     DEBUG main            d.u.i.k.p.i.IntermediateProofReplayer Proof replay took 2.8ns 
743567     INFO  main            d.u.i.k.p.r.p.TestFile    ... finished proof: closed. 
744149     INFO  main            d.u.i.k.p.i.AbstractProblemLoader Loading environment from /home/runner/work/key/key/key.core/../key.ui/examples/heap/permissions/lockspec/Counter_inv_accessible1.key.proof 
744149     DEBUG main            d.u.i.k.p.i.AbstractProblemLoader Environment load took 60ns 
744150     INFO  main            d.u.i.k.p.i.AbstractProblemLoader Creating init config 
747178     DEBUG main            d.u.i.k.p.i.AbstractProblemLoader Init config took 3.03s 
747235     INFO  main            d.u.i.k.p.i.AbstractProblemLoader Replaying proof Counter[java.lang.Object::<inv>()].JML accessible clause.0 
747254     DEBUG main            d.u.i.k.p.i.IntermediateProofReplayer Proof replay took 17.02ms 
747255     DEBUG main            d.u.i.k.p.r.p.TestFile    ... success: reloaded. 
747256     INFO  main            d.u.i.k.p.r.p.TestFile    Now processing file /home/runner/work/key/key/key.core/../key.ui/examples/heap/permissions/lockspec/Counter_inv_accessible2.key 
747256     INFO  main            d.u.i.k.p.i.AbstractProblemLoader Loading environment from /home/runner/work/key/key/key.core/../key.ui/examples/heap/permissions/lockspec/Counter_inv_accessible2.key 
747256     DEBUG main            d.u.i.k.p.i.AbstractProblemLoader Environment load took 89.5ns 
747257     INFO  main            d.u.i.k.p.i.AbstractProblemLoader Creating init config 
750314     DEBUG main            d.u.i.k.p.i.AbstractProblemLoader Init config took 3.06s 
750371     INFO  main            d.u.i.k.p.i.AbstractProblemLoader Replaying proof Counter[java.lang.Object::<inv>()].JML accessible clause.1 
750372     DEBUG main            d.u.i.k.p.i.IntermediateProofReplayer Proof replay took 2.7ns 
750474     INFO  main            d.u.i.k.p.r.p.TestFile    ... finished proof: closed. 
751061     INFO  main            d.u.i.k.p.i.AbstractProblemLoader Loading environment from /home/runner/work/key/key/key.core/../key.ui/examples/heap/permissions/lockspec/Counter_inv_accessible2.key.proof 
751061     DEBUG main            d.u.i.k.p.i.AbstractProblemLoader Environment load took 62.1ns 
751062     INFO  main            d.u.i.k.p.i.AbstractProblemLoader Creating init config 
754056     DEBUG main            d.u.i.k.p.i.AbstractProblemLoader Init config took 2.99s 
754113     INFO  main            d.u.i.k.p.i.AbstractProblemLoader Replaying proof Counter[java.lang.Object::<inv>()].JML accessible clause.1 
754123     DEBUG main            d.u.i.k.p.i.IntermediateProofReplayer Proof replay took 8.13ms 
754124     DEBUG main            d.u.i.k.p.r.p.TestFile    ... success: reloaded. 
754125     INFO  main            d.u.i.k.p.r.p.TestFile    Now processing file /home/runner/work/key/key/key.core/../key.ui/examples/heap/permissions/lockspec/Counter_lockRef_accessible.key 
754125     INFO  main            d.u.i.k.p.i.AbstractProblemLoader Loading environment from /home/runner/work/key/key/key.core/../key.ui/examples/heap/permissions/lockspec/Counter_lockRef_accessible.key 
754125     DEBUG main            d.u.i.k.p.i.AbstractProblemLoader Environment load took 135.1ns 
754126     INFO  main            d.u.i.k.p.i.AbstractProblemLoader Creating init config 
757273     DEBUG main            d.u.i.k.p.i.AbstractProblemLoader Init config took 3.15s 
757345     INFO  main            d.u.i.k.p.i.AbstractProblemLoader Replaying proof Counter[LockSpec::lockRef()].JML accessible clause.0 
757346     DEBUG main            d.u.i.k.p.i.IntermediateProofReplayer Proof replay took 3ns 
757548     INFO  main            d.u.i.k.p.r.p.TestFile    ... finished proof: closed. 
758139     INFO  main            d.u.i.k.p.i.AbstractProblemLoader Loading environment from /home/runner/work/key/key/key.core/../key.ui/examples/heap/permissions/lockspec/Counter_lockRef_accessible.key.proof 
758139     DEBUG main            d.u.i.k.p.i.AbstractProblemLoader Environment load took 66ns 
758140     INFO  main            d.u.i.k.p.i.AbstractProblemLoader Creating init config 
761141     DEBUG main            d.u.i.k.p.i.AbstractProblemLoader Init config took 3s 
761197     INFO  main            d.u.i.k.p.i.AbstractProblemLoader Replaying proof Counter[LockSpec::lockRef()].JML accessible clause.0 
761249     DEBUG main            d.u.i.k.p.i.IntermediateProofReplayer Proof replay took 49.74ms 
761249     DEBUG main            d.u.i.k.p.r.p.TestFile    ... success: reloaded. 
761250     INFO  main            d.u.i.k.p.r.p.TestFile    Now processing file /home/runner/work/key/key/key.core/../key.ui/examples/heap/permissions/lockspec/Counter_lockRef_contract1.key 
761251     INFO  main            d.u.i.k.p.i.AbstractProblemLoader Loading environment from /home/runner/work/key/key/key.core/../key.ui/examples/heap/permissions/lockspec/Counter_lockRef_contract1.key 
761251     DEBUG main            d.u.i.k.p.i.AbstractProblemLoader Environment load took 164.9ns 
761252     INFO  main            d.u.i.k.p.i.AbstractProblemLoader Creating init config 
764358     DEBUG main            d.u.i.k.p.i.AbstractProblemLoader Init config took 3.11s 
764415     INFO  main            d.u.i.k.p.i.AbstractProblemLoader Replaying proof Counter[LockSpec::lockRef()].JML model_behavior operation contract.0 
764417     DEBUG main            d.u.i.k.p.i.IntermediateProofReplayer Proof replay took 3.2ns 
764518     INFO  main            d.u.i.k.p.r.p.TestFile    ... finished proof: closed. 
765109     INFO  main            d.u.i.k.p.i.AbstractProblemLoader Loading environment from /home/runner/work/key/key/key.core/../key.ui/examples/heap/permissions/lockspec/Counter_lockRef_contract1.key.proof 
765109     DEBUG main            d.u.i.k.p.i.AbstractProblemLoader Environment load took 58.2ns 
765110     INFO  main            d.u.i.k.p.i.AbstractProblemLoader Creating init config 
768093     DEBUG main            d.u.i.k.p.i.AbstractProblemLoader Init config took 2.98s 
768161     INFO  main            d.u.i.k.p.i.AbstractProblemLoader Replaying proof Counter[LockSpec::lockRef()].JML model_behavior operation contract.0 
768165     DEBUG main            d.u.i.k.p.i.IntermediateProofReplayer Proof replay took 3.4ms 
768166     DEBUG main            d.u.i.k.p.r.p.TestFile    ... success: reloaded. 
768167     INFO  main            d.u.i.k.p.r.p.TestFile    Now processing file /home/runner/work/key/key/key.core/../key.ui/examples/heap/permissions/lockspec/Counter_lockRef_contract2.key 
768167     INFO  main            d.u.i.k.p.i.AbstractProblemLoader Loading environment from /home/runner/work/key/key/key.core/../key.ui/examples/heap/permissions/lockspec/Counter_lockRef_contract2.key 
768167     DEBUG main            d.u.i.k.p.i.AbstractProblemLoader Environment load took 62.1ns 
768168     INFO  main            d.u.i.k.p.i.AbstractProblemLoader Creating init config 
771277     DEBUG main            d.u.i.k.p.i.AbstractProblemLoader Init config took 3.11s 
771334     INFO  main            d.u.i.k.p.i.AbstractProblemLoader Replaying proof Counter[Counter::lockRef()].JML model_behavior operation contract.0 
771335     DEBUG main            d.u.i.k.p.i.IntermediateProofReplayer Proof replay took 2.7ns 
771436     INFO  main            d.u.i.k.p.r.p.TestFile    ... finished proof: closed. 
772067     INFO  main            d.u.i.k.p.i.AbstractProblemLoader Loading environment from /home/runner/work/key/key/key.core/../key.ui/examples/heap/permissions/lockspec/Counter_lockRef_contract2.key.proof 
772067     DEBUG main            d.u.i.k.p.i.AbstractProblemLoader Environment load took 85ns 
772068     INFO  main            d.u.i.k.p.i.AbstractProblemLoader Creating init config 
775150     DEBUG main            d.u.i.k.p.i.AbstractProblemLoader Init config took 3.08s 
775207     INFO  main            d.u.i.k.p.i.AbstractProblemLoader Replaying proof Counter[Counter::lockRef()].JML model_behavior operation contract.0 
775212     DEBUG main            d.u.i.k.p.i.IntermediateProofReplayer Proof replay took 3.47ms 
775212     DEBUG main            d.u.i.k.p.r.p.TestFile    ... success: reloaded. 
775213     INFO  main            d.u.i.k.p.r.p.TestFile    Now processing file /home/runner/work/key/key/key.core/../key.ui/examples/heap/permissions/lockspec/Counter_lockState_accessible.key 
775214     INFO  main            d.u.i.k.p.i.AbstractProblemLoader Loading environment from /home/runner/work/key/key/key.core/../key.ui/examples/heap/permissions/lockspec/Counter_lockState_accessible.key 
775214     DEBUG main            d.u.i.k.p.i.AbstractProblemLoader Environment load took 142.1ns 
775214     INFO  main            d.u.i.k.p.i.AbstractProblemLoader Creating init config 
778325     DEBUG main            d.u.i.k.p.i.AbstractProblemLoader Init config took 3.11s 
778381     INFO  main            d.u.i.k.p.i.AbstractProblemLoader Replaying proof Counter[LockSpec::lockState(boolean)].JML accessible clause.0 
778383     DEBUG main            d.u.i.k.p.i.IntermediateProofReplayer Proof replay took 2.9ns 
778584     INFO  main            d.u.i.k.p.r.p.TestFile    ... finished proof: closed. 
779176     INFO  main            d.u.i.k.p.i.AbstractProblemLoader Loading environment from /home/runner/work/key/key/key.core/../key.ui/examples/heap/permissions/lockspec/Counter_lockState_accessible.key.proof 
779177     DEBUG main            d.u.i.k.p.i.AbstractProblemLoader Environment load took 63.3ns 
779177     INFO  main            d.u.i.k.p.i.AbstractProblemLoader Creating init config 
782270     DEBUG main            d.u.i.k.p.i.AbstractProblemLoader Init config took 3.09s 
782329     INFO  main            d.u.i.k.p.i.AbstractProblemLoader Replaying proof Counter[LockSpec::lockState(boolean)].JML accessible clause.0 
782370     DEBUG main            d.u.i.k.p.i.IntermediateProofReplayer Proof replay took 37.95ms 
782370     DEBUG main            d.u.i.k.p.r.p.TestFile    ... success: reloaded. 
782371     INFO  main            d.u.i.k.p.r.p.TestFile    Now processing file /home/runner/work/key/key/key.core/../key.ui/examples/heap/permissions/lockspec/Counter_lockStatus_accessible.key 
782373     INFO  main            d.u.i.k.p.i.AbstractProblemLoader Loading environment from /home/runner/work/key/key/key.core/../key.ui/examples/heap/permissions/lockspec/Counter_lockStatus_accessible.key 
782373     DEBUG main            d.u.i.k.p.i.AbstractProblemLoader Environment load took 191.8ns 
782374     INFO  main            d.u.i.k.p.i.AbstractProblemLoader Creating init config 
785492     DEBUG main            d.u.i.k.p.i.AbstractProblemLoader Init config took 3.12s 
785556     INFO  main            d.u.i.k.p.i.AbstractProblemLoader Replaying proof Counter[LockSpec::lockStatus(boolean)].JML accessible clause.0 
785559     DEBUG main            d.u.i.k.p.i.IntermediateProofReplayer Proof replay took 3.4ns 
785660     INFO  main            d.u.i.k.p.r.p.TestFile    ... finished proof: closed. 
786276     INFO  main            d.u.i.k.p.i.AbstractProblemLoader Loading environment from /home/runner/work/key/key/key.core/../key.ui/examples/heap/permissions/lockspec/Counter_lockStatus_accessible.key.proof 
786276     DEBUG main            d.u.i.k.p.i.AbstractProblemLoader Environment load took 67.7ns 
786277     INFO  main            d.u.i.k.p.i.AbstractProblemLoader Creating init config 
789296     DEBUG main            d.u.i.k.p.i.AbstractProblemLoader Init config took 3.02s 
789365     INFO  main            d.u.i.k.p.i.AbstractProblemLoader Replaying proof Counter[LockSpec::lockStatus(boolean)].JML accessible clause.0 
789380     DEBUG main            d.u.i.k.p.i.IntermediateProofReplayer Proof replay took 13.46ms 
789380     DEBUG main            d.u.i.k.p.r.p.TestFile    ... success: reloaded. 
789381     INFO  main            d.u.i.k.p.r.p.TestFile    Now processing file /home/runner/work/key/key/key.core/../key.ui/examples/heap/permissions/lockspec/Counter_lockTransfer_accessible.key 
789381     INFO  main            d.u.i.k.p.i.AbstractProblemLoader Loading environment from /home/runner/work/key/key/key.core/../key.ui/examples/heap/permissions/lockspec/Counter_lockTransfer_accessible.key 
789381     DEBUG main            d.u.i.k.p.i.AbstractProblemLoader Environment load took 65.8ns 
789382     INFO  main            d.u.i.k.p.i.AbstractProblemLoader Creating init config 
792422     DEBUG main            d.u.i.k.p.i.AbstractProblemLoader Init config took 3.04s 
792479     INFO  main            d.u.i.k.p.i.AbstractProblemLoader Replaying proof Counter[LockSpec::lockTransfer()].JML accessible clause.0 
792480     DEBUG main            d.u.i.k.p.i.IntermediateProofReplayer Proof replay took 2.9ns 
792882     INFO  main            d.u.i.k.p.r.p.TestFile    ... finished proof: closed. 
793512     INFO  main            d.u.i.k.p.i.AbstractProblemLoader Loading environment from /home/runner/work/key/key/key.core/../key.ui/examples/heap/permissions/lockspec/Counter_lockTransfer_accessible.key.proof 
793512     DEBUG main            d.u.i.k.p.i.AbstractProblemLoader Environment load took 65.7ns 
793512     INFO  main            d.u.i.k.p.i.AbstractProblemLoader Creating init config 
796532     DEBUG main            d.u.i.k.p.i.AbstractProblemLoader Init config took 3.02s 
796596     INFO  main            d.u.i.k.p.i.AbstractProblemLoader Replaying proof Counter[LockSpec::lockTransfer()].JML accessible clause.0 
796639     DEBUG main            d.u.i.k.p.i.IntermediateProofReplayer Proof replay took 40.94ms 
796640     DEBUG main            d.u.i.k.p.r.p.TestFile    ... success: reloaded. 
796641     INFO  main            d.u.i.k.p.r.p.TestFile    Now processing file /home/runner/work/key/key/key.core/../key.ui/examples/heap/permissions/lockspec/Counter_unlockTransfer_accessible.key 
796641     INFO  main            d.u.i.k.p.i.AbstractProblemLoader Loading environment from /home/runner/work/key/key/key.core/../key.ui/examples/heap/permissions/lockspec/Counter_unlockTransfer_accessible.key 
796641     DEBUG main            d.u.i.k.p.i.AbstractProblemLoader Environment load took 113.9ns 
796642     INFO  main            d.u.i.k.p.i.AbstractProblemLoader Creating init config 
799785     DEBUG main            d.u.i.k.p.i.AbstractProblemLoader Init config took 3.14s 
799855     INFO  main            d.u.i.k.p.i.AbstractProblemLoader Replaying proof Counter[LockSpec::unlockTransfer()].JML accessible clause.0 
799856     DEBUG main            d.u.i.k.p.i.IntermediateProofReplayer Proof replay took 3.2ns 
800158     INFO  main            d.u.i.k.p.r.p.TestFile    ... finished proof: closed. 
800798     INFO  main            d.u.i.k.p.i.AbstractProblemLoader Loading environment from /home/runner/work/key/key/key.core/../key.ui/examples/heap/permissions/lockspec/Counter_unlockTransfer_accessible.key.proof 
800798     DEBUG main            d.u.i.k.p.i.AbstractProblemLoader Environment load took 66.8ns 
800799     INFO  main            d.u.i.k.p.i.AbstractProblemLoader Creating init config 
803807     DEBUG main            d.u.i.k.p.i.AbstractProblemLoader Init config took 3.01s 
803857     INFO  main            d.u.i.k.p.i.AbstractProblemLoader Replaying proof Counter[LockSpec::unlockTransfer()].JML accessible clause.0 
803917     DEBUG main            d.u.i.k.p.i.IntermediateProofReplayer Proof replay took 54.24ms 
803918     DEBUG main            d.u.i.k.p.r.p.TestFile    ... success: reloaded. 
803918     INFO  main            d.u.i.k.p.r.p.TestFile    Now processing file /home/runner/work/key/key/key.core/../key.ui/examples/heap/permissions/threads/Plotter_startTransfer_contract.proof 
803918     INFO  main            d.u.i.k.p.i.AbstractProblemLoader Loading environment from /home/runner/work/key/key/key.core/../key.ui/examples/heap/permissions/threads/Plotter_startTransfer_contract.proof 
803918     DEBUG main            d.u.i.k.p.i.AbstractProblemLoader Environment load took 34.3ns 
803919     INFO  main            d.u.i.k.p.i.AbstractProblemLoader Creating init config 
808525     DEBUG main            d.u.i.k.p.i.AbstractProblemLoader Init config took 4.61s 
808710     INFO  main            d.u.i.k.p.i.AbstractProblemLoader Replaying proof Plotter[ThreadSpec2::startTransfer()].JML model_behavior operation contract.0 
808832     DEBUG main            d.u.i.k.p.i.IntermediateProofReplayer Proof replay took 114.64ms 
808833     INFO  main            d.u.i.k.p.r.p.TestFile    ... success: loaded 
808834     INFO  main            d.u.i.k.p.r.p.TestFile    Now processing file /home/runner/work/key/key/key.core/../key.ui/examples/heap/permissions/threads/Plotter_startTransfer_accessible.proof 
808834     INFO  main            d.u.i.k.p.i.AbstractProblemLoader Loading environment from /home/runner/work/key/key/key.core/../key.ui/examples/heap/permissions/threads/Plotter_startTransfer_accessible.proof 
808834     DEBUG main            d.u.i.k.p.i.AbstractProblemLoader Environment load took 141.6ns 
808835     INFO  main            d.u.i.k.p.i.AbstractProblemLoader Creating init config 
813688     DEBUG main            d.u.i.k.p.i.AbstractProblemLoader Init config took 4.85s 
813770     INFO  main            d.u.i.k.p.i.AbstractProblemLoader Replaying proof Plotter[ThreadSpec2::startTransfer()].JML accessible clause.0 
813851     DEBUG main            d.u.i.k.p.i.IntermediateProofReplayer Proof replay took 77.76ms 
813852     INFO  main            d.u.i.k.p.r.p.TestFile    ... success: loaded 
813852     INFO  main            d.u.i.k.p.r.p.TestFile    Now processing file /home/runner/work/key/key/key.core/../key.ui/examples/heap/permissions/threads/Plotter_joinTransfer_accessible.proof 
813853     INFO  main            d.u.i.k.p.i.AbstractProblemLoader Loading environment from /home/runner/work/key/key/key.core/../key.ui/examples/heap/permissions/threads/Plotter_joinTransfer_accessible.proof 
813853     DEBUG main            d.u.i.k.p.i.AbstractProblemLoader Environment load took 63.1ns 
813853     INFO  main            d.u.i.k.p.i.AbstractProblemLoader Creating init config 
818532     DEBUG main            d.u.i.k.p.i.AbstractProblemLoader Init config took 4.68s 
818615     INFO  main            d.u.i.k.p.i.AbstractProblemLoader Replaying proof Plotter[ThreadSpec2::joinTransfer()].JML accessible clause.0 
818621     WARN  main            d.u.i.k.p.i.IntermediateProofReplayer Proof contains wrong number of \assumes instatiations for Definition_axiom_for_stateInv_in_Plotter 
818623     WARN  main            d.u.i.k.p.i.IntermediateProofReplayer Proof contains wrong number of \assumes instatiations for Definition_axiom_for_stateInv_in_Plotter 
818624     WARN  main            d.u.i.k.p.i.IntermediateProofReplayer Proof contains wrong number of \assumes instatiations for Definition_axiom_for_workingPermissions_in_Plotter 
818625     WARN  main            d.u.i.k.p.i.IntermediateProofReplayer Proof contains wrong number of \assumes instatiations for Definition_axiom_for_staticPermissions_in_Plotter 
818625     WARN  main            d.u.i.k.p.i.IntermediateProofReplayer Proof contains wrong number of \assumes instatiations for Definition_axiom_for_joinTransfer_in_Plotter 
818626     WARN  main            d.u.i.k.p.i.IntermediateProofReplayer Proof contains wrong number of \assumes instatiations for Definition_axiom_for_stateInv_in_BFilter 
818627     WARN  main            d.u.i.k.p.i.IntermediateProofReplayer Proof contains wrong number of \assumes instatiations for Definition_axiom_for_stateInv_in_AFilter 
818628     WARN  main            d.u.i.k.p.i.IntermediateProofReplayer Proof contains wrong number of \assumes instatiations for Definition_axiom_for_stateInv_in_BFilter 
818629     WARN  main            d.u.i.k.p.i.IntermediateProofReplayer Proof contains wrong number of \assumes instatiations for Definition_axiom_for_stateInv_in_AFilter 
818630     WARN  main            d.u.i.k.p.i.IntermediateProofReplayer Proof contains wrong number of \assumes instatiations for Definition_axiom_for_staticPermissions_in_AFilter 
818631     WARN  main            d.u.i.k.p.i.IntermediateProofReplayer Proof contains wrong number of \assumes instatiations for Definition_axiom_for_staticPermissions_in_Plotter 
818631     WARN  main            d.u.i.k.p.i.IntermediateProofReplayer Proof contains wrong number of \assumes instatiations for Definition_axiom_for_staticPermissions_in_BFilter 
818632     WARN  main            d.u.i.k.p.i.IntermediateProofReplayer Proof contains wrong number of \assumes instatiations for Definition_axiom_for_workingPermissions_in_Plotter 
818632     WARN  main            d.u.i.k.p.i.IntermediateProofReplayer Proof contains wrong number of \assumes instatiations for Definition_axiom_for_stateInv_in_Sampler 
818633     WARN  main            d.u.i.k.p.i.IntermediateProofReplayer Proof contains wrong number of \assumes instatiations for Definition_axiom_for_stateInv_in_Sampler 
818633     WARN  main            d.u.i.k.p.i.IntermediateProofReplayer Proof contains wrong number of \assumes instatiations for Definition_axiom_for_staticPermissions_in_Sampler 
818634     WARN  main            d.u.i.k.p.i.IntermediateProofReplayer Proof contains wrong number of \assumes instatiations for Definition_axiom_for_staticPermissions_in_BFilter 
818634     WARN  main            d.u.i.k.p.i.IntermediateProofReplayer Proof contains wrong number of \assumes instatiations for Definition_axiom_for_staticPermissions_in_AFilter 
818634     WARN  main            d.u.i.k.p.i.IntermediateProofReplayer Proof contains wrong number of \assumes instatiations for Definition_axiom_for_staticPermissions_in_Sampler 
818635     WARN  main            d.u.i.k.p.i.IntermediateProofReplayer Proof contains wrong number of \assumes instatiations for Definition_axiom_for_staticPermissions_in_Sampler 
818635     WARN  main            d.u.i.k.p.i.IntermediateProofReplayer Proof contains wrong number of \assumes instatiations for Definition_axiom_for_staticPermissions_in_Sampler 
818635     WARN  main            d.u.i.k.p.i.IntermediateProofReplayer Proof contains wrong number of \assumes instatiations for Definition_axiom_for_joinTransfer_in_Plotter 
818681     DEBUG main            d.u.i.k.p.i.IntermediateProofReplayer Proof replay took 62.4ms 
818681     INFO  main            d.u.i.k.p.r.p.TestFile    ... success: loaded 
4831669    INFO  Test worker     d.u.i.k.p.r.RunAllProofsTestUnit Returning from test permissionHeap 
4831670    INFO  Test worker     d.u.i.k.p.r.RunAllProofsTestUnit Running test completionScopes 
308        INFO  Timeout watchdog d.u.i.k.p.r.p.ForkedTestFileRunner Timeout watcher launched (2000 secs.) 
312        WARN  main            d.u.i.k.s.ProofSettings   The settings in /home/runner/.key/proof-settings.props are *not* read. 
338        INFO  main            d.u.i.k.p.r.p.TestFile    Now processing file /home/runner/work/key/key/key.core/../key.ui/examples/completionscopes/testCcatchReturnVal.key 
444        INFO  main            d.u.i.k.p.i.AbstractProblemLoader Loading environment from /home/runner/work/key/key/key.core/../key.ui/examples/completionscopes/testCcatchReturnVal.key 
472        DEBUG main            d.u.i.k.p.i.AbstractProblemLoader Environment load took 1.91ms 
715        INFO  main            d.u.i.k.p.i.AbstractProblemLoader Creating init config 
1762       DEBUG main            d.u.i.k.j.TypeConverter   No LDT found for Meta 
1762       DEBUG main            d.u.i.k.j.TypeConverter   No LDT found for Meta 
1765       DEBUG main            d.u.i.k.j.TypeConverter   No LDT found for Meta 
1765       DEBUG main            d.u.i.k.j.TypeConverter   No LDT found for Meta 
3161       DEBUG main            d.u.i.k.j.TypeConverter   No LDT found for JavaBigintExpression 
7968       DEBUG main            d.u.i.k.p.i.AbstractProblemLoader Init config took 7.25s 
8088       INFO  main            d.u.i.k.p.i.AbstractProblemLoader Replaying proof CompletionScopes[CompletionScopes::testCcatchReturnVal()].JML normal_behavior operation contract.0 
8118       DEBUG main            d.u.i.k.p.i.IntermediateProofReplayer Proof replay took 31.6ns 
8655       INFO  main            d.u.i.k.p.r.p.TestFile    ... finished proof: closed. 
8755       INFO  main            d.u.i.k.p.i.AbstractProblemLoader Loading environment from /home/runner/work/key/key/key.core/../key.ui/examples/completionscopes/testCcatchReturnVal.key.proof 
8756       DEBUG main            d.u.i.k.p.i.AbstractProblemLoader Environment load took 542.7ns 
8757       INFO  main            d.u.i.k.p.i.AbstractProblemLoader Creating init config 
11590      DEBUG main            d.u.i.k.p.i.AbstractProblemLoader Init config took 2.83s 
11659      INFO  main            d.u.i.k.p.i.AbstractProblemLoader Replaying proof CompletionScopes[CompletionScopes::testCcatchReturnVal()].JML normal_behavior operation contract.0 
11690      DEBUG main            d.u.i.k.p.i.IntermediateProofReplayer Proof replay took 25.79ms 
11696      DEBUG main            d.u.i.k.p.r.p.TestFile    ... success: reloaded. 
11697      INFO  main            d.u.i.k.p.r.p.TestFile    Now processing file /home/runner/work/key/key/key.core/../key.ui/examples/completionscopes/testMultCcatchClauses.key 
11698      INFO  main            d.u.i.k.p.i.AbstractProblemLoader Loading environment from /home/runner/work/key/key/key.core/../key.ui/examples/completionscopes/testMultCcatchClauses.key 
11698      DEBUG main            d.u.i.k.p.i.AbstractProblemLoader Environment load took 186.4ns 
11699      INFO  main            d.u.i.k.p.i.AbstractProblemLoader Creating init config 
14513      DEBUG main            d.u.i.k.p.i.AbstractProblemLoader Init config took 2.81s 
14575      INFO  main            d.u.i.k.p.i.AbstractProblemLoader Replaying proof CompletionScopes[CompletionScopes::testMultCcatchClauses()].JML normal_behavior operation contract.0 
14583      DEBUG main            d.u.i.k.p.i.IntermediateProofReplayer Proof replay took 6.7ns 
14990      INFO  main            d.u.i.k.p.r.p.TestFile    ... finished proof: closed. 
15121      INFO  main            d.u.i.k.p.i.AbstractProblemLoader Loading environment from /home/runner/work/key/key/key.core/../key.ui/examples/completionscopes/testMultCcatchClauses.key.proof 
15123      DEBUG main            d.u.i.k.p.i.AbstractProblemLoader Environment load took 1.38ms 
15125      INFO  main            d.u.i.k.p.i.AbstractProblemLoader Creating init config 
17821      DEBUG main            d.u.i.k.p.i.AbstractProblemLoader Init config took 2.7s 
17873      INFO  main            d.u.i.k.p.i.AbstractProblemLoader Replaying proof CompletionScopes[CompletionScopes::testMultCcatchClauses()].JML normal_behavior operation contract.0 
17942      DEBUG main            d.u.i.k.p.i.IntermediateProofReplayer Proof replay took 65.41ms 
17943      DEBUG main            d.u.i.k.p.r.p.TestFile    ... success: reloaded. 
17944      INFO  main            d.u.i.k.p.r.p.TestFile    Now processing file /home/runner/work/key/key/key.core/../key.ui/examples/completionscopes/testNestedExec.key 
17945      INFO  main            d.u.i.k.p.i.AbstractProblemLoader Loading environment from /home/runner/work/key/key/key.core/../key.ui/examples/completionscopes/testNestedExec.key 
17945      DEBUG main            d.u.i.k.p.i.AbstractProblemLoader Environment load took 166ns 
17946      INFO  main            d.u.i.k.p.i.AbstractProblemLoader Creating init config 
20554      DEBUG main            d.u.i.k.p.i.AbstractProblemLoader Init config took 2.61s 
20599      INFO  main            d.u.i.k.p.i.AbstractProblemLoader Replaying proof CompletionScopes[CompletionScopes::testMultCcatchClauses()].JML normal_behavior operation contract.0 
20601      DEBUG main            d.u.i.k.p.i.IntermediateProofReplayer Proof replay took 5.6ns 
20905      INFO  main            d.u.i.k.p.r.p.TestFile    ... finished proof: closed. 
21038      INFO  main            d.u.i.k.p.i.AbstractProblemLoader Loading environment from /home/runner/work/key/key/key.core/../key.ui/examples/completionscopes/testNestedExec.key.proof 
21038      DEBUG main            d.u.i.k.p.i.AbstractProblemLoader Environment load took 468.5ns 
21039      INFO  main            d.u.i.k.p.i.AbstractProblemLoader Creating init config 
23624      DEBUG main            d.u.i.k.p.i.AbstractProblemLoader Init config took 2.58s 
23668      INFO  main            d.u.i.k.p.i.AbstractProblemLoader Replaying proof CompletionScopes[CompletionScopes::testMultCcatchClauses()].JML normal_behavior operation contract.0 
23721      DEBUG main            d.u.i.k.p.i.IntermediateProofReplayer Proof replay took 49.77ms 
23722      DEBUG main            d.u.i.k.p.r.p.TestFile    ... success: reloaded. 
23724      INFO  main            d.u.i.k.p.r.p.TestFile    Now processing file /home/runner/work/key/key/key.core/../key.ui/examples/completionscopes/testCcatchBreakLabel.key 
23724      INFO  main            d.u.i.k.p.i.AbstractProblemLoader Loading environment from /home/runner/work/key/key/key.core/../key.ui/examples/completionscopes/testCcatchBreakLabel.key 
23724      DEBUG main            d.u.i.k.p.i.AbstractProblemLoader Environment load took 168.7ns 
23726      INFO  main            d.u.i.k.p.i.AbstractProblemLoader Creating init config 
26351      DEBUG main            d.u.i.k.p.i.AbstractProblemLoader Init config took 2.63s 
26394      INFO  main            d.u.i.k.p.i.AbstractProblemLoader Replaying proof CompletionScopes[CompletionScopes::testBreakLabel()].JML normal_behavior operation contract.0 
26396      DEBUG main            d.u.i.k.p.i.IntermediateProofReplayer Proof replay took 6.1ns 
26413      DEBUG Thread-10       d.u.i.k.l.o.ProgramSV     Match failed: Former match of  SchemaVariable incompatible with  the current match. 
26501      INFO  main            d.u.i.k.p.r.p.TestFile    ... finished proof: closed. 
26648      INFO  main            d.u.i.k.p.i.AbstractProblemLoader Loading environment from /home/runner/work/key/key/key.core/../key.ui/examples/completionscopes/testCcatchBreakLabel.key.proof 
26649      DEBUG main            d.u.i.k.p.i.AbstractProblemLoader Environment load took 115.4ns 
26650      INFO  main            d.u.i.k.p.i.AbstractProblemLoader Creating init config 
29231      DEBUG main            d.u.i.k.p.i.AbstractProblemLoader Init config took 2.58s 
29289      INFO  main            d.u.i.k.p.i.AbstractProblemLoader Replaying proof CompletionScopes[CompletionScopes::testBreakLabel()].JML normal_behavior operation contract.0 
29300      DEBUG main            d.u.i.k.p.i.IntermediateProofReplayer Proof replay took 6.87ms 
29301      DEBUG main            d.u.i.k.p.r.p.TestFile    ... success: reloaded. 
29302      INFO  main            d.u.i.k.p.r.p.TestFile    Now processing file /home/runner/work/key/key/key.core/../key.ui/examples/completionscopes/testCcatchContinueLabel.key 
29302      INFO  main            d.u.i.k.p.i.AbstractProblemLoader Loading environment from /home/runner/work/key/key/key.core/../key.ui/examples/completionscopes/testCcatchContinueLabel.key 
29302      DEBUG main            d.u.i.k.p.i.AbstractProblemLoader Environment load took 88.5ns 
29303      INFO  main            d.u.i.k.p.i.AbstractProblemLoader Creating init config 
31885      DEBUG main            d.u.i.k.p.i.AbstractProblemLoader Init config took 2.58s 
31927      INFO  main            d.u.i.k.p.i.AbstractProblemLoader Replaying proof CompletionScopes[CompletionScopes::testContinueLabel()].JML normal_behavior operation contract.0 
31928      DEBUG main            d.u.i.k.p.i.IntermediateProofReplayer Proof replay took 5.7ns 
31947      DEBUG Thread-13       d.u.i.k.l.o.ProgramSV     Match failed: Former match of  SchemaVariable incompatible with  the current match. 
32032      INFO  main            d.u.i.k.p.r.p.TestFile    ... finished proof: closed. 
32176      INFO  main            d.u.i.k.p.i.AbstractProblemLoader Loading environment from /home/runner/work/key/key/key.core/../key.ui/examples/completionscopes/testCcatchContinueLabel.key.proof 
32176      DEBUG main            d.u.i.k.p.i.AbstractProblemLoader Environment load took 132.8ns 
32177      INFO  main            d.u.i.k.p.i.AbstractProblemLoader Creating init config 
34683      DEBUG main            d.u.i.k.p.i.AbstractProblemLoader Init config took 2.51s 
34728      INFO  main            d.u.i.k.p.i.AbstractProblemLoader Replaying proof CompletionScopes[CompletionScopes::testContinueLabel()].JML normal_behavior operation contract.0 
34736      DEBUG main            d.u.i.k.p.i.IntermediateProofReplayer Proof replay took 5.89ms 
34737      DEBUG main            d.u.i.k.p.r.p.TestFile    ... success: reloaded. 
34738      INFO  main            d.u.i.k.p.r.p.TestFile    Now processing file /home/runner/work/key/key/key.core/../key.ui/examples/completionscopes/testCcatchBreakLabelWildcard.key 
34738      INFO  main            d.u.i.k.p.i.AbstractProblemLoader Loading environment from /home/runner/work/key/key/key.core/../key.ui/examples/completionscopes/testCcatchBreakLabelWildcard.key 
34738      DEBUG main            d.u.i.k.p.i.AbstractProblemLoader Environment load took 161.6ns 
34739      INFO  main            d.u.i.k.p.i.AbstractProblemLoader Creating init config 
37368      DEBUG main            d.u.i.k.p.i.AbstractProblemLoader Init config took 2.63s 
37410      INFO  main            d.u.i.k.p.i.AbstractProblemLoader Replaying proof CompletionScopes[CompletionScopes::testBreakLabelWildcard()].JML normal_behavior operation contract.0 
37412      DEBUG main            d.u.i.k.p.i.IntermediateProofReplayer Proof replay took 6.2ns 
37425      DEBUG Thread-16       d.u.i.k.l.o.ProgramSV     Match failed: Former match of  SchemaVariable incompatible with  the current match. 
37426      DEBUG Thread-16       d.u.i.k.l.o.ProgramSV     Match failed: Former match of  SchemaVariable incompatible with  the current match. 
37514      INFO  main            d.u.i.k.p.r.p.TestFile    ... finished proof: closed. 
37740      INFO  main            d.u.i.k.p.i.AbstractProblemLoader Loading environment from /home/runner/work/key/key/key.core/../key.ui/examples/completionscopes/testCcatchBreakLabelWildcard.key.proof 
37740      DEBUG main            d.u.i.k.p.i.AbstractProblemLoader Environment load took 106.3ns 
37741      INFO  main            d.u.i.k.p.i.AbstractProblemLoader Creating init config 
40276      DEBUG main            d.u.i.k.p.i.AbstractProblemLoader Init config took 2.54s 
40334      INFO  main            d.u.i.k.p.i.AbstractProblemLoader Replaying proof CompletionScopes[CompletionScopes::testBreakLabelWildcard()].JML normal_behavior operation contract.0 
40342      DEBUG main            d.u.i.k.p.i.IntermediateProofReplayer Proof replay took 5.83ms 
40343      DEBUG main            d.u.i.k.p.r.p.TestFile    ... success: reloaded. 
40344      INFO  main            d.u.i.k.p.r.p.TestFile    Now processing file /home/runner/work/key/key/key.core/../key.ui/examples/completionscopes/testCcatchContinueLabelWildcard.key 
40344      INFO  main            d.u.i.k.p.i.AbstractProblemLoader Loading environment from /home/runner/work/key/key/key.core/../key.ui/examples/completionscopes/testCcatchContinueLabelWildcard.key 
40344      DEBUG main            d.u.i.k.p.i.AbstractProblemLoader Environment load took 105.9ns 
40345      INFO  main            d.u.i.k.p.i.AbstractProblemLoader Creating init config 
42889      DEBUG main            d.u.i.k.p.i.AbstractProblemLoader Init config took 2.54s 
42953      INFO  main            d.u.i.k.p.i.AbstractProblemLoader Replaying proof CompletionScopes[CompletionScopes::testContinueLabelWildcard()].JML normal_behavior operation contract.0 
42956      DEBUG main            d.u.i.k.p.i.IntermediateProofReplayer Proof replay took 7ns 
42974      DEBUG Thread-19       d.u.i.k.l.o.ProgramSV     Match failed: Former match of  SchemaVariable incompatible with  the current match. 
42975      DEBUG Thread-19       d.u.i.k.l.o.ProgramSV     Match failed: Former match of  SchemaVariable incompatible with  the current match. 
43058      INFO  main            d.u.i.k.p.r.p.TestFile    ... finished proof: closed. 
43211      INFO  main            d.u.i.k.p.i.AbstractProblemLoader Loading environment from /home/runner/work/key/key/key.core/../key.ui/examples/completionscopes/testCcatchContinueLabelWildcard.key.proof 
43211      DEBUG main            d.u.i.k.p.i.AbstractProblemLoader Environment load took 110.7ns 
43213      INFO  main            d.u.i.k.p.i.AbstractProblemLoader Creating init config 
45726      DEBUG main            d.u.i.k.p.i.AbstractProblemLoader Init config took 2.51s 
45764      INFO  main            d.u.i.k.p.i.AbstractProblemLoader Replaying proof CompletionScopes[CompletionScopes::testContinueLabelWildcard()].JML normal_behavior operation contract.0 
45772      DEBUG main            d.u.i.k.p.i.IntermediateProofReplayer Proof replay took 6.07ms 
45773      DEBUG main            d.u.i.k.p.r.p.TestFile    ... success: reloaded. 
45774      INFO  main            d.u.i.k.p.r.p.TestFile    Now processing file /home/runner/work/key/key/key.core/../key.ui/examples/completionscopes/testCcatchBreakLabelNonmatchingNested.key 
45774      INFO  main            d.u.i.k.p.i.AbstractProblemLoader Loading environment from /home/runner/work/key/key/key.core/../key.ui/examples/completionscopes/testCcatchBreakLabelNonmatchingNested.key 
45774      DEBUG main            d.u.i.k.p.i.AbstractProblemLoader Environment load took 157.6ns 
45775      INFO  main            d.u.i.k.p.i.AbstractProblemLoader Creating init config 
48287      DEBUG main            d.u.i.k.p.i.AbstractProblemLoader Init config took 2.51s 
48325      INFO  main            d.u.i.k.p.i.AbstractProblemLoader Replaying proof CompletionScopes[CompletionScopes::testBreakLabelNonmatchingNested()].JML normal_behavior operation contract.0 
48326      DEBUG main            d.u.i.k.p.i.IntermediateProofReplayer Proof replay took 6.5ns 
48340      DEBUG Thread-22       d.u.i.k.l.o.ProgramSV     Match failed: Former match of  SchemaVariable incompatible with  the current match. 
48341      DEBUG Thread-22       d.u.i.k.l.o.ProgramSV     Match failed: Former match of  SchemaVariable incompatible with  the current match. 
48428      INFO  main            d.u.i.k.p.r.p.TestFile    ... finished proof: closed. 
48579      INFO  main            d.u.i.k.p.i.AbstractProblemLoader Loading environment from /home/runner/work/key/key/key.core/../key.ui/examples/completionscopes/testCcatchBreakLabelNonmatchingNested.key.proof 
48579      DEBUG main            d.u.i.k.p.i.AbstractProblemLoader Environment load took 114.3ns 
48581      INFO  main            d.u.i.k.p.i.AbstractProblemLoader Creating init config 
51064      DEBUG main            d.u.i.k.p.i.AbstractProblemLoader Init config took 2.48s 
51102      INFO  main            d.u.i.k.p.i.AbstractProblemLoader Replaying proof CompletionScopes[CompletionScopes::testBreakLabelNonmatchingNested()].JML normal_behavior operation contract.0 
51110      DEBUG main            d.u.i.k.p.i.IntermediateProofReplayer Proof replay took 6ms 
51111      DEBUG main            d.u.i.k.p.r.p.TestFile    ... success: reloaded. 
4882971    INFO  Test worker     d.u.i.k.p.r.RunAllProofsTestUnit Returning from test completionScopes 
4882979    INFO  Test worker     d.u.i.k.p.r.RunAllProofsTestUnit Running test reload_examples 
341        INFO  Timeout watchdog d.u.i.k.p.r.p.ForkedTestFileRunner Timeout watcher launched (2000 secs.) 
357        WARN  main            d.u.i.k.s.ProofSettings   The settings in /home/runner/.key/proof-settings.props are *not* read. 
387        INFO  main            d.u.i.k.p.r.p.TestFile    Now processing file /home/runner/work/key/key/key.core/../key.ui/examples/firstTouch/05-ReverseArray/reverseArray.key 
495        INFO  main            d.u.i.k.p.i.AbstractProblemLoader Loading environment from /home/runner/work/key/key/key.core/../key.ui/examples/firstTouch/05-ReverseArray/reverseArray.key 
516        DEBUG main            d.u.i.k.p.i.AbstractProblemLoader Environment load took 1.85ms 
732        INFO  main            d.u.i.k.p.i.AbstractProblemLoader Creating init config 
1685       DEBUG main            d.u.i.k.j.TypeConverter   No LDT found for Meta 
1686       DEBUG main            d.u.i.k.j.TypeConverter   No LDT found for Meta 
1689       DEBUG main            d.u.i.k.j.TypeConverter   No LDT found for Meta 
1690       DEBUG main            d.u.i.k.j.TypeConverter   No LDT found for Meta 
3252       DEBUG main            d.u.i.k.j.TypeConverter   No LDT found for JavaBigintExpression 
8015       DEBUG main            d.u.i.k.p.i.AbstractProblemLoader Init config took 7.28s 
8119       INFO  main            d.u.i.k.p.i.AbstractProblemLoader Replaying proof ReverseArray[ReverseArray::reverse()].JML normal_behavior operation contract.0 
8168       DEBUG main            d.u.i.k.p.i.IntermediateProofReplayer Proof replay took 29.8ns 
17528      INFO  main            d.u.i.k.p.r.p.TestFile    ... finished proof: closed. 
17725      INFO  main            d.u.i.k.p.i.AbstractProblemLoader Loading environment from /home/runner/work/key/key/key.core/../key.ui/examples/firstTouch/05-ReverseArray/reverseArray.key.proof 
17726      DEBUG main            d.u.i.k.p.i.AbstractProblemLoader Environment load took 749.3ns 
17731      INFO  main            d.u.i.k.p.i.AbstractProblemLoader Creating init config 
20481      DEBUG main            d.u.i.k.p.i.AbstractProblemLoader Init config took 2.75s 
20538      INFO  main            d.u.i.k.p.i.AbstractProblemLoader Replaying proof ReverseArray[ReverseArray::reverse()].JML normal_behavior operation contract.0 
21057      DEBUG main            d.u.i.k.p.i.IntermediateProofReplayer Proof replay took 458.79ms 
21069      DEBUG main            d.u.i.k.p.r.p.TestFile    ... success: reloaded. 
21072      INFO  main            d.u.i.k.p.r.p.TestFile    Now processing file /home/runner/work/key/key/key.core/../key.ui/examples/standard_key/arith/saveProofTest.key.proof 
21073      INFO  main            d.u.i.k.p.i.AbstractProblemLoader Loading environment from /home/runner/work/key/key/key.core/../key.ui/examples/standard_key/arith/saveProofTest.key.proof 
21073      DEBUG main            d.u.i.k.p.i.AbstractProblemLoader Environment load took 101.2ns 
21076      INFO  main            d.u.i.k.p.i.AbstractProblemLoader Creating init config 
23499      DEBUG main            d.u.i.k.p.i.AbstractProblemLoader Init config took 2.42s 
23526      INFO  main            d.u.i.k.p.i.AbstractProblemLoader Replaying proof saveProofTest.key.proof 
23532      DEBUG main            d.u.i.k.p.i.IntermediateProofReplayer Proof replay took 2.13ms 
23533      INFO  main            d.u.i.k.p.r.p.TestFile    ... success: loaded 
23534      INFO  main            d.u.i.k.p.r.p.TestFile    Now processing file /home/runner/work/key/key/key.core/../key.ui/examples/heap/permutedSum/perm.proof 
23534      INFO  main            d.u.i.k.p.i.AbstractProblemLoader Loading environment from /home/runner/work/key/key/key.core/../key.ui/examples/heap/permutedSum/perm.proof 
23535      DEBUG main            d.u.i.k.p.i.AbstractProblemLoader Environment load took 185.5ns 
23537      INFO  main            d.u.i.k.p.i.AbstractProblemLoader Creating init config 
26154      DEBUG main            d.u.i.k.p.i.AbstractProblemLoader Init config took 2.62s 
26219      INFO  main            d.u.i.k.p.i.AbstractProblemLoader Replaying proof Perm[Perm::foo()].JML normal_behavior operation contract.0 
26933      DEBUG main            d.u.i.k.p.i.IntermediateProofReplayer Proof replay took 662.21ms 
26936      INFO  main            d.u.i.k.p.r.p.TestFile    ... success: loaded 
26937      INFO  main            d.u.i.k.p.r.p.TestFile    Now processing file /home/runner/work/key/key/key.core/../key.ui/examples/firstTouch/05-ReverseArray/reverseArray.proof 
26938      INFO  main            d.u.i.k.p.i.AbstractProblemLoader Loading environment from /home/runner/work/key/key/key.core/../key.ui/examples/firstTouch/05-ReverseArray/reverseArray.proof 
26938      DEBUG main            d.u.i.k.p.i.AbstractProblemLoader Environment load took 182.7ns 
26941      INFO  main            d.u.i.k.p.i.AbstractProblemLoader Creating init config 
29537      DEBUG main            d.u.i.k.p.i.AbstractProblemLoader Init config took 2.6s 
29574      INFO  main            d.u.i.k.p.i.AbstractProblemLoader Replaying proof ReverseArray[ReverseArray::reverse()].JML normal_behavior operation contract.0 
29993      DEBUG main            d.u.i.k.p.i.IntermediateProofReplayer Proof replay took 381.6ms 
29995      INFO  main            d.u.i.k.p.r.p.TestFile    ... success: loaded 
29996      INFO  main            d.u.i.k.p.r.p.TestFile    Now processing file /home/runner/work/key/key/key.core/../key.ui/examples/heap/verifyThis15_1_RelaxedPrefix/relax.proof 
29997      INFO  main            d.u.i.k.p.i.AbstractProblemLoader Loading environment from /home/runner/work/key/key/key.core/../key.ui/examples/heap/verifyThis15_1_RelaxedPrefix/relax.proof 
29997      DEBUG main            d.u.i.k.p.i.AbstractProblemLoader Environment load took 92.4ns 
29998      INFO  main            d.u.i.k.p.i.AbstractProblemLoader Creating init config 
32567      DEBUG main            d.u.i.k.p.i.AbstractProblemLoader Init config took 2.57s 
32619      INFO  main            d.u.i.k.p.i.AbstractProblemLoader Replaying proof Relaxed[Relaxed::isRelaxedPrefix([I,[I)].JML operation contract.0 
32967      DEBUG main            d.u.i.k.p.i.IntermediateProofReplayer Proof replay took 327.3ms 
32969      INFO  main            d.u.i.k.p.r.p.TestFile    ... success: loaded 
32972      INFO  main            d.u.i.k.p.r.p.TestFile    Now processing file /home/runner/work/key/key/key.core/../key.ui/examples/heap/verifyThis15_3_DLL/doUndo.proof 
32972      INFO  main            d.u.i.k.p.i.AbstractProblemLoader Loading environment from /home/runner/work/key/key/key.core/../key.ui/examples/heap/verifyThis15_3_DLL/doUndo.proof 
32972      DEBUG main            d.u.i.k.p.i.AbstractProblemLoader Environment load took 177.5ns 
32976      INFO  main            d.u.i.k.p.i.AbstractProblemLoader Creating init config 
33912      DEBUG main            d.u.i.k.j.r.ClassPreparationMethodBuilder clPrepBuilder: Inner Class detected. Reject building class initialisation methods. 
35743      DEBUG main            d.u.i.k.p.i.AbstractProblemLoader Init config took 2.77s 
35817      INFO  main            d.u.i.k.p.i.AbstractProblemLoader Replaying proof DoubleLinkedList[DoubleLinkedList::doUndo(DoubleLinkedList.Node,int)].JML normal_behavior operation contract.0 
36277      DEBUG main            d.u.i.k.p.i.IntermediateProofReplayer Proof replay took 389.78ms 
36278      INFO  main            d.u.i.k.p.r.p.TestFile    ... success: loaded 
36279      INFO  main            d.u.i.k.p.r.p.TestFile    Now processing file /home/runner/work/key/key/key.core/../key.ui/examples/heap/verifyThis15_2_ParallelGcd/parallelGcd.proof 
36279      INFO  main            d.u.i.k.p.i.AbstractProblemLoader Loading environment from /home/runner/work/key/key/key.core/../key.ui/examples/heap/verifyThis15_2_ParallelGcd/parallelGcd.proof 
36280      DEBUG main            d.u.i.k.p.i.AbstractProblemLoader Environment load took 88ns 
36281      INFO  main            d.u.i.k.p.i.AbstractProblemLoader Creating init config 
38905      DEBUG main            d.u.i.k.p.i.AbstractProblemLoader Init config took 2.62s 
38954      INFO  main            d.u.i.k.p.i.AbstractProblemLoader Replaying proof ParallelGcd[ParallelGcd::parallelGcd(int,int,[Z)].JML behavior operation contract.0 
39378      DEBUG main            d.u.i.k.p.i.IntermediateProofReplayer Proof replay took 408.97ms 
39379      INFO  main            d.u.i.k.p.r.p.TestFile    ... success: loaded 
4922532    INFO  Test worker     d.u.i.k.p.r.RunAllProofsTestUnit Returning from test reload_examples 
4922534    INFO  Test worker     d.u.i.k.p.r.RunAllProofsTestUnit Running test proofLoadRepair 
346        INFO  Timeout watchdog d.u.i.k.p.r.p.ForkedTestFileRunner Timeout watcher launched (2000 secs.) 
346        WARN  main            d.u.i.k.s.ProofSettings   The settings in /home/runner/.key/proof-settings.props are *not* read. 
390        INFO  main            d.u.i.k.p.r.p.TestFile    Now processing file /home/runner/work/key/key/key.core/../key.ui/examples/proofLoadRepair/disjConj-manipulated.proof 
515        INFO  main            d.u.i.k.p.i.AbstractProblemLoader Loading environment from /home/runner/work/key/key/key.core/../key.ui/examples/proofLoadRepair/disjConj-manipulated.proof 
542        DEBUG main            d.u.i.k.p.i.AbstractProblemLoader Environment load took 1.84ms 
767        INFO  main            d.u.i.k.p.i.AbstractProblemLoader Creating init config 
1814       DEBUG main            d.u.i.k.j.TypeConverter   No LDT found for Meta 
1815       DEBUG main            d.u.i.k.j.TypeConverter   No LDT found for Meta 
1818       DEBUG main            d.u.i.k.j.TypeConverter   No LDT found for Meta 
1818       DEBUG main            d.u.i.k.j.TypeConverter   No LDT found for Meta 
3412       DEBUG main            d.u.i.k.j.TypeConverter   No LDT found for JavaBigintExpression 
7765       DEBUG main            d.u.i.k.p.i.AbstractProblemLoader Init config took 7s 
7844       INFO  main            d.u.i.k.p.i.AbstractProblemLoader Replaying proof disjConj-manipulated.proof 
7890       WARN  main            d.u.i.k.p.i.IntermediateProofReplayer Proof contains wrong number of \assumes instatiations for andLeft 
7891       WARN  main            d.u.i.k.p.i.IntermediateProofReplayer Proof contains wrong number of \assumes instatiations for replace_known_right 
7895       WARN  main            d.u.i.k.p.i.IntermediateProofReplayer Proof contains wrong number of \assumes instatiations for close 
7897       DEBUG main            d.u.i.k.p.i.IntermediateProofReplayer Proof replay took 14.18ms 
7903       INFO  main            d.u.i.k.p.r.p.TestFile    ... success: loaded 
7911       INFO  main            d.u.i.k.p.r.p.TestFile    Now processing file /home/runner/work/key/key/key.core/../key.ui/examples/proofLoadRepair/insufficient-manipulated.proof 
7911       INFO  main            d.u.i.k.p.i.AbstractProblemLoader Loading environment from /home/runner/work/key/key/key.core/../key.ui/examples/proofLoadRepair/insufficient-manipulated.proof 
7912       DEBUG main            d.u.i.k.p.i.AbstractProblemLoader Environment load took 257.2ns 
7915       INFO  main            d.u.i.k.p.i.AbstractProblemLoader Creating init config 
10434      DEBUG main            d.u.i.k.p.i.AbstractProblemLoader Init config took 2.52s 
10463      INFO  main            d.u.i.k.p.i.AbstractProblemLoader Replaying proof insufficient-manipulated.proof 
10480      WARN  main            d.u.i.k.p.i.IntermediateProofReplayer Proof contains wrong number of \assumes instatiations for applyEq 
10488      DEBUG main            d.u.i.k.p.i.IntermediateProofReplayer Proof replay took 9.08ms 
10491      INFO  main            d.u.i.k.p.r.p.TestFile    ... success: loading failed 
10492      INFO  main            d.u.i.k.p.r.p.TestFile    Now processing file /home/runner/work/key/key/key.core/../key.ui/examples/../../key.core/src/test/resources/testcase/issues/1716/incorrectPolarity.proof 
10492      INFO  main            d.u.i.k.p.i.AbstractProblemLoader Loading environment from /home/runner/work/key/key/key.core/../key.ui/examples/../../key.core/src/test/resources/testcase/issues/1716/incorrectPolarity.proof 
10493      DEBUG main            d.u.i.k.p.i.AbstractProblemLoader Environment load took 183.3ns 
10494      INFO  main            d.u.i.k.p.i.AbstractProblemLoader Creating init config 
13016      DEBUG main            d.u.i.k.p.i.AbstractProblemLoader Init config took 2.52s 
13045      INFO  main            d.u.i.k.p.i.AbstractProblemLoader Replaying proof incorrectPolarity.proof 
13047      DEBUG main            d.u.i.k.p.i.IntermediateProofReplayer Proof replay took 187.6ns 
13048      INFO  main            d.u.i.k.p.r.p.TestFile    ... success: loading failed 
13049      INFO  main            d.u.i.k.p.r.p.TestFile    Now processing file /home/runner/work/key/key/key.core/../key.ui/examples/../../key.core/src/test/resources/testcase/issues/1716/incorrectPolarity2.proof 
13050      INFO  main            d.u.i.k.p.i.AbstractProblemLoader Loading environment from /home/runner/work/key/key/key.core/../key.ui/examples/../../key.core/src/test/resources/testcase/issues/1716/incorrectPolarity2.proof 
13050      DEBUG main            d.u.i.k.p.i.AbstractProblemLoader Environment load took 171.8ns 
13051      INFO  main            d.u.i.k.p.i.AbstractProblemLoader Creating init config 
15363      DEBUG main            d.u.i.k.p.i.AbstractProblemLoader Init config took 2.31s 
15402      INFO  main            d.u.i.k.p.i.AbstractProblemLoader Replaying proof incorrectPolarity2.proof 
15405      DEBUG main            d.u.i.k.p.i.IntermediateProofReplayer Proof replay took 326.1ns 
15405      INFO  main            d.u.i.k.p.r.p.TestFile    ... success: loading failed 
15406      INFO  main            d.u.i.k.p.r.p.TestFile    Now processing file /home/runner/work/key/key/key.core/../key.ui/examples/../../key.core/src/test/resources/testcase/issues/1716/incorrectPolarity3.proof 
15407      INFO  main            d.u.i.k.p.i.AbstractProblemLoader Loading environment from /home/runner/work/key/key/key.core/../key.ui/examples/../../key.core/src/test/resources/testcase/issues/1716/incorrectPolarity3.proof 
15407      DEBUG main            d.u.i.k.p.i.AbstractProblemLoader Environment load took 204.1ns 
15408      INFO  main            d.u.i.k.p.i.AbstractProblemLoader Creating init config 
17678      DEBUG main            d.u.i.k.p.i.AbstractProblemLoader Init config took 2.27s 
17703      INFO  main            d.u.i.k.p.i.AbstractProblemLoader Replaying proof incorrectPolarity3.proof 
17705      DEBUG main            d.u.i.k.p.i.IntermediateProofReplayer Proof replay took 960.4ns 
17706      INFO  main            d.u.i.k.p.r.p.TestFile    ... success: loading failed 
4940400    INFO  Test worker     d.u.i.k.p.r.RunAllProofsTestUnit Returning from test proofLoadRepair 
4940401    INFO  Test worker     d.u.i.k.p.r.RunAllProofsTestUnit Running test switch 
340        INFO  Timeout watchdog d.u.i.k.p.r.p.ForkedTestFileRunner Timeout watcher launched (2000 secs.) 
341        WARN  main            d.u.i.k.s.ProofSettings   The settings in /home/runner/.key/proof-settings.props are *not* read. 
374        INFO  main            d.u.i.k.p.r.p.TestFile    Now processing file /home/runner/work/key/key/key.core/../key.ui/examples/standard_key/java_dl/switch/labeled_case.key 
481        INFO  main            d.u.i.k.p.i.AbstractProblemLoader Loading environment from /home/runner/work/key/key/key.core/../key.ui/examples/standard_key/java_dl/switch/labeled_case.key 
497        DEBUG main            d.u.i.k.p.i.AbstractProblemLoader Environment load took 1.94ms 
706        INFO  main            d.u.i.k.p.i.AbstractProblemLoader Creating init config 
1616       DEBUG main            d.u.i.k.j.TypeConverter   No LDT found for Meta 
1621       DEBUG main            d.u.i.k.j.TypeConverter   No LDT found for Meta 
1624       DEBUG main            d.u.i.k.j.TypeConverter   No LDT found for Meta 
1624       DEBUG main            d.u.i.k.j.TypeConverter   No LDT found for Meta 
3205       DEBUG main            d.u.i.k.j.TypeConverter   No LDT found for JavaBigintExpression 
8130       DEBUG main            d.u.i.k.p.i.AbstractProblemLoader Init config took 7.42s 
8280       INFO  main            d.u.i.k.p.i.AbstractProblemLoader Replaying proof LabeledCase[LabeledCase::m(int)].JML normal_behavior operation contract.0 
8310       DEBUG main            d.u.i.k.p.i.IntermediateProofReplayer Proof replay took 32.7ns 
8972       INFO  main            d.u.i.k.p.r.p.TestFile    ... finished proof: closed. 
9070       INFO  main            d.u.i.k.p.i.AbstractProblemLoader Loading environment from /home/runner/work/key/key/key.core/../key.ui/examples/standard_key/java_dl/switch/labeled_case.key.proof 
9070       DEBUG main            d.u.i.k.p.i.AbstractProblemLoader Environment load took 141.8ns 
9072       INFO  main            d.u.i.k.p.i.AbstractProblemLoader Creating init config 
11734      DEBUG main            d.u.i.k.p.i.AbstractProblemLoader Init config took 2.66s 
11804      INFO  main            d.u.i.k.p.i.AbstractProblemLoader Replaying proof LabeledCase[LabeledCase::m(int)].JML normal_behavior operation contract.0 
11888      DEBUG main            d.u.i.k.p.i.IntermediateProofReplayer Proof replay took 78.61ms 
11904      DEBUG main            d.u.i.k.p.r.p.TestFile    ... success: reloaded. 
11905      INFO  main            d.u.i.k.p.r.p.TestFile    Now processing file /home/runner/work/key/key/key.core/../key.ui/examples/standard_key/java_dl/switch/empty_switch.key 
11905      INFO  main            d.u.i.k.p.i.AbstractProblemLoader Loading environment from /home/runner/work/key/key/key.core/../key.ui/examples/standard_key/java_dl/switch/empty_switch.key 
11905      DEBUG main            d.u.i.k.p.i.AbstractProblemLoader Environment load took 79.5ns 
11906      INFO  main            d.u.i.k.p.i.AbstractProblemLoader Creating init config 
14372      DEBUG main            d.u.i.k.p.i.AbstractProblemLoader Init config took 2.47s 
14401      INFO  main            d.u.i.k.p.i.AbstractProblemLoader Replaying proof empty_switch.key 
14404      DEBUG main            d.u.i.k.p.i.IntermediateProofReplayer Proof replay took 6.8ns 
14507      INFO  main            d.u.i.k.p.r.p.TestFile    ... finished proof: closed. 
14623      INFO  main            d.u.i.k.p.i.AbstractProblemLoader Loading environment from /home/runner/work/key/key/key.core/../key.ui/examples/standard_key/java_dl/switch/empty_switch.key.proof 
14623      DEBUG main            d.u.i.k.p.i.AbstractProblemLoader Environment load took 122.8ns 
14625      INFO  main            d.u.i.k.p.i.AbstractProblemLoader Creating init config 
17072      DEBUG main            d.u.i.k.p.i.AbstractProblemLoader Init config took 2.45s 
17110      INFO  main            d.u.i.k.p.i.AbstractProblemLoader Replaying proof empty_switch.key.proof 
17119      DEBUG main            d.u.i.k.p.i.IntermediateProofReplayer Proof replay took 4.12ms 
17120      DEBUG main            d.u.i.k.p.r.p.TestFile    ... success: reloaded. 
17121      INFO  main            d.u.i.k.p.r.p.TestFile    Now processing file /home/runner/work/key/key/key.core/../key.ui/examples/standard_key/java_dl/switch/empty_switch_null.key 
17122      INFO  main            d.u.i.k.p.i.AbstractProblemLoader Loading environment from /home/runner/work/key/key/key.core/../key.ui/examples/standard_key/java_dl/switch/empty_switch_null.key 
17122      DEBUG main            d.u.i.k.p.i.AbstractProblemLoader Environment load took 100.3ns 
17123      INFO  main            d.u.i.k.p.i.AbstractProblemLoader Creating init config 
19520      DEBUG main            d.u.i.k.p.i.AbstractProblemLoader Init config took 2.4s 
19542      INFO  main            d.u.i.k.p.i.AbstractProblemLoader Replaying proof empty_switch_null.key 
19544      DEBUG main            d.u.i.k.p.i.IntermediateProofReplayer Proof replay took 5.9ns 
19747      INFO  main            d.u.i.k.p.r.p.TestFile    ... finished proof: closed. 
19877      INFO  main            d.u.i.k.p.i.AbstractProblemLoader Loading environment from /home/runner/work/key/key/key.core/../key.ui/examples/standard_key/java_dl/switch/empty_switch_null.key.proof 
19877      DEBUG main            d.u.i.k.p.i.AbstractProblemLoader Environment load took 109.4ns 
19878      INFO  main            d.u.i.k.p.i.AbstractProblemLoader Creating init config 
22269      DEBUG main            d.u.i.k.p.i.AbstractProblemLoader Init config took 2.39s 
22297      INFO  main            d.u.i.k.p.i.AbstractProblemLoader Replaying proof empty_switch_null.key.proof 
22324      DEBUG main            d.u.i.k.p.i.IntermediateProofReplayer Proof replay took 24.35ms 
22325      DEBUG main            d.u.i.k.p.r.p.TestFile    ... success: reloaded. 
22325      INFO  main            d.u.i.k.p.r.p.TestFile    Now processing file /home/runner/work/key/key/key.core/../key.ui/examples/standard_key/java_dl/switch/empty_switch_null_catch.key 
22326      INFO  main            d.u.i.k.p.i.AbstractProblemLoader Loading environment from /home/runner/work/key/key/key.core/../key.ui/examples/standard_key/java_dl/switch/empty_switch_null_catch.key 
22326      DEBUG main            d.u.i.k.p.i.AbstractProblemLoader Environment load took 100.3ns 
22327      INFO  main            d.u.i.k.p.i.AbstractProblemLoader Creating init config 
24670      DEBUG main            d.u.i.k.p.i.AbstractProblemLoader Init config took 2.34s 
24692      INFO  main            d.u.i.k.p.i.AbstractProblemLoader Replaying proof empty_switch_null_catch.key 
24693      DEBUG main            d.u.i.k.p.i.IntermediateProofReplayer Proof replay took 5.3ns 
24898      INFO  main            d.u.i.k.p.r.p.TestFile    ... finished proof: closed. 
25040      INFO  main            d.u.i.k.p.i.AbstractProblemLoader Loading environment from /home/runner/work/key/key/key.core/../key.ui/examples/standard_key/java_dl/switch/empty_switch_null_catch.key.proof 
25040      DEBUG main            d.u.i.k.p.i.AbstractProblemLoader Environment load took 115.9ns 
25041      INFO  main            d.u.i.k.p.i.AbstractProblemLoader Creating init config 
27373      DEBUG main            d.u.i.k.p.i.AbstractProblemLoader Init config took 2.33s 
27396      INFO  main            d.u.i.k.p.i.AbstractProblemLoader Replaying proof empty_switch_null_catch.key.proof 
27437      DEBUG main            d.u.i.k.p.i.IntermediateProofReplayer Proof replay took 36.44ms 
27438      DEBUG main            d.u.i.k.p.r.p.TestFile    ... success: reloaded. 
27439      INFO  main            d.u.i.k.p.r.p.TestFile    Now processing file /home/runner/work/key/key/key.core/../key.ui/examples/standard_key/java_dl/switch/empty_switch_array_out_of_bounds.key 
27439      INFO  main            d.u.i.k.p.i.AbstractProblemLoader Loading environment from /home/runner/work/key/key/key.core/../key.ui/examples/standard_key/java_dl/switch/empty_switch_array_out_of_bounds.key 
27439      DEBUG main            d.u.i.k.p.i.AbstractProblemLoader Environment load took 163.5ns 
27440      INFO  main            d.u.i.k.p.i.AbstractProblemLoader Creating init config 
29774      DEBUG main            d.u.i.k.p.i.AbstractProblemLoader Init config took 2.33s 
29793      INFO  main            d.u.i.k.p.i.AbstractProblemLoader Replaying proof empty_switch_array_out_of_bounds.key 
29796      DEBUG main            d.u.i.k.p.i.IntermediateProofReplayer Proof replay took 5.2ns 
30106      INFO  main            d.u.i.k.p.r.p.TestFile    ... finished proof: closed. 
30266      INFO  main            d.u.i.k.p.i.AbstractProblemLoader Loading environment from /home/runner/work/key/key/key.core/../key.ui/examples/standard_key/java_dl/switch/empty_switch_array_out_of_bounds.key.proof 
30266      DEBUG main            d.u.i.k.p.i.AbstractProblemLoader Environment load took 449.7ns 
30267      INFO  main            d.u.i.k.p.i.AbstractProblemLoader Creating init config 
32593      DEBUG main            d.u.i.k.p.i.AbstractProblemLoader Init config took 2.33s 
32612      INFO  main            d.u.i.k.p.i.AbstractProblemLoader Replaying proof empty_switch_array_out_of_bounds.key.proof 
32655      DEBUG main            d.u.i.k.p.i.IntermediateProofReplayer Proof replay took 40.05ms 
32656      DEBUG main            d.u.i.k.p.r.p.TestFile    ... success: reloaded. 
32657      INFO  main            d.u.i.k.p.r.p.TestFile    Now processing file /home/runner/work/key/key/key.core/../key.ui/examples/standard_key/java_dl/switch/empty_switch_array_out_of_bounds_catch.key 
32657      INFO  main            d.u.i.k.p.i.AbstractProblemLoader Loading environment from /home/runner/work/key/key/key.core/../key.ui/examples/standard_key/java_dl/switch/empty_switch_array_out_of_bounds_catch.key 
32658      DEBUG main            d.u.i.k.p.i.AbstractProblemLoader Environment load took 174.6ns 
32659      INFO  main            d.u.i.k.p.i.AbstractProblemLoader Creating init config 
35012      DEBUG main            d.u.i.k.p.i.AbstractProblemLoader Init config took 2.35s 
35037      INFO  main            d.u.i.k.p.i.AbstractProblemLoader Replaying proof empty_switch_array_out_of_bounds_catch.key 
35042      DEBUG main            d.u.i.k.p.i.IntermediateProofReplayer Proof replay took 5.4ns 
35245      INFO  main            d.u.i.k.p.r.p.TestFile    ... finished proof: closed. 
35405      INFO  main            d.u.i.k.p.i.AbstractProblemLoader Loading environment from /home/runner/work/key/key/key.core/../key.ui/examples/standard_key/java_dl/switch/empty_switch_array_out_of_bounds_catch.key.proof 
35405      DEBUG main            d.u.i.k.p.i.AbstractProblemLoader Environment load took 112.5ns 
35406      INFO  main            d.u.i.k.p.i.AbstractProblemLoader Creating init config 
37715      DEBUG main            d.u.i.k.p.i.AbstractProblemLoader Init config took 2.31s 
37737      INFO  main            d.u.i.k.p.i.AbstractProblemLoader Replaying proof empty_switch_array_out_of_bounds_catch.key.proof 
37777      DEBUG main            d.u.i.k.p.i.IntermediateProofReplayer Proof replay took 37.66ms 
37781      DEBUG main            d.u.i.k.p.r.p.TestFile    ... success: reloaded. 
37782      INFO  main            d.u.i.k.p.r.p.TestFile    Now processing file /home/runner/work/key/key/key.core/../key.ui/examples/standard_key/java_dl/switch/switch_in_switch.key 
37783      INFO  main            d.u.i.k.p.i.AbstractProblemLoader Loading environment from /home/runner/work/key/key/key.core/../key.ui/examples/standard_key/java_dl/switch/switch_in_switch.key 
37783      DEBUG main            d.u.i.k.p.i.AbstractProblemLoader Environment load took 168.8ns 
37786      INFO  main            d.u.i.k.p.i.AbstractProblemLoader Creating init config 
40186      DEBUG main            d.u.i.k.p.i.AbstractProblemLoader Init config took 2.4s 
40236      INFO  main            d.u.i.k.p.i.AbstractProblemLoader Replaying proof SwitchInSwitch[SwitchInSwitch::m(int)].JML normal_behavior operation contract.0 
40238      DEBUG main            d.u.i.k.p.i.IntermediateProofReplayer Proof replay took 6.4ns 
44284      INFO  main            d.u.i.k.p.r.p.TestFile    ... finished proof: closed. 
44511      INFO  main            d.u.i.k.p.i.AbstractProblemLoader Loading environment from /home/runner/work/key/key/key.core/../key.ui/examples/standard_key/java_dl/switch/switch_in_switch.key.proof 
44511      DEBUG main            d.u.i.k.p.i.AbstractProblemLoader Environment load took 173.1ns 
44513      INFO  main            d.u.i.k.p.i.AbstractProblemLoader Creating init config 
46839      DEBUG main            d.u.i.k.p.i.AbstractProblemLoader Init config took 2.33s 
46879      INFO  main            d.u.i.k.p.i.AbstractProblemLoader Replaying proof SwitchInSwitch[SwitchInSwitch::m(int)].JML normal_behavior operation contract.0 
47220      DEBUG main            d.u.i.k.p.i.IntermediateProofReplayer Proof replay took 312.7ms 
47222      DEBUG main            d.u.i.k.p.r.p.TestFile    ... success: reloaded. 
47223      INFO  main            d.u.i.k.p.r.p.TestFile    Now processing file /home/runner/work/key/key/key.core/../key.ui/examples/standard_key/java_dl/switch/while_and_switch.key 
47224      INFO  main            d.u.i.k.p.i.AbstractProblemLoader Loading environment from /home/runner/work/key/key/key.core/../key.ui/examples/standard_key/java_dl/switch/while_and_switch.key 
47224      DEBUG main            d.u.i.k.p.i.AbstractProblemLoader Environment load took 176.2ns 
47225      INFO  main            d.u.i.k.p.i.AbstractProblemLoader Creating init config 
49586      DEBUG main            d.u.i.k.p.i.AbstractProblemLoader Init config took 2.36s 
49627      INFO  main            d.u.i.k.p.i.AbstractProblemLoader Replaying proof WhileAndSwitch[WhileAndSwitch::m(int)].JML normal_behavior operation contract.0 
49629      DEBUG main            d.u.i.k.p.i.IntermediateProofReplayer Proof replay took 5.8ns 
50360      INFO  main            d.u.i.k.p.r.p.TestFile    ... finished proof: closed. 
50522      INFO  main            d.u.i.k.p.i.AbstractProblemLoader Loading environment from /home/runner/work/key/key/key.core/../key.ui/examples/standard_key/java_dl/switch/while_and_switch.key.proof 
50523      DEBUG main            d.u.i.k.p.i.AbstractProblemLoader Environment load took 547.7ns 
50524      INFO  main            d.u.i.k.p.i.AbstractProblemLoader Creating init config 
52864      DEBUG main            d.u.i.k.p.i.AbstractProblemLoader Init config took 2.34s 
52903      INFO  main            d.u.i.k.p.i.AbstractProblemLoader Replaying proof WhileAndSwitch[WhileAndSwitch::m(int)].JML normal_behavior operation contract.0 
52995      DEBUG main            d.u.i.k.p.i.IntermediateProofReplayer Proof replay took 84.83ms 
52996      DEBUG main            d.u.i.k.p.r.p.TestFile    ... success: reloaded. 
52997      INFO  main            d.u.i.k.p.r.p.TestFile    Now processing file /home/runner/work/key/key/key.core/../key.ui/examples/standard_key/java_dl/switch/large_switch.key 
52997      INFO  main            d.u.i.k.p.i.AbstractProblemLoader Loading environment from /home/runner/work/key/key/key.core/../key.ui/examples/standard_key/java_dl/switch/large_switch.key 
52997      DEBUG main            d.u.i.k.p.i.AbstractProblemLoader Environment load took 161.7ns 
52998      INFO  main            d.u.i.k.p.i.AbstractProblemLoader Creating init config 
55363      DEBUG main            d.u.i.k.p.i.AbstractProblemLoader Init config took 2.36s 
55433      INFO  main            d.u.i.k.p.i.AbstractProblemLoader Replaying proof LargeSwitch[LargeSwitch::m(int)].JML normal_behavior operation contract.0 
55434      DEBUG main            d.u.i.k.p.i.IntermediateProofReplayer Proof replay took 6.3ns 
56642      INFO  main            d.u.i.k.p.r.p.TestFile    ... finished proof: closed. 
56828      INFO  main            d.u.i.k.p.i.AbstractProblemLoader Loading environment from /home/runner/work/key/key/key.core/../key.ui/examples/standard_key/java_dl/switch/large_switch.key.proof 
56828      DEBUG main            d.u.i.k.p.i.AbstractProblemLoader Environment load took 122.3ns 
56829      INFO  main            d.u.i.k.p.i.AbstractProblemLoader Creating init config 
59181      DEBUG main            d.u.i.k.p.i.AbstractProblemLoader Init config took 2.35s 
59232      INFO  main            d.u.i.k.p.i.AbstractProblemLoader Replaying proof LargeSwitch[LargeSwitch::m(int)].JML normal_behavior operation contract.0 
59560      DEBUG main            d.u.i.k.p.i.IntermediateProofReplayer Proof replay took 307.7ms 
59561      DEBUG main            d.u.i.k.p.r.p.TestFile    ... success: reloaded. 
5000123    INFO  Test worker     d.u.i.k.p.r.RunAllProofsTestUnit Returning from test switch 
5000124    INFO  Test worker     d.u.i.k.p.r.RunAllProofsTestUnit Running test redux 
417        INFO  Timeout watchdog d.u.i.k.p.r.p.ForkedTestFileRunner Timeout watcher launched (2000 secs.) 
427        WARN  main            d.u.i.k.s.ProofSettings   The settings in /home/runner/.key/proof-settings.props are *not* read. 
475        INFO  main            d.u.i.k.p.r.p.TestFile    Now processing file /home/runner/work/key/key/key.core/../key.ui/examples/redux/arrays/Arrays.copyOf.key 
608        INFO  main            d.u.i.k.p.i.AbstractProblemLoader Loading environment from /home/runner/work/key/key/key.core/../key.ui/examples/redux/arrays/Arrays.copyOf.key 
631        DEBUG main            d.u.i.k.p.i.AbstractProblemLoader Environment load took 2.05ms 
843        INFO  main            d.u.i.k.p.i.AbstractProblemLoader Creating init config 
1842       DEBUG main            d.u.i.k.j.TypeConverter   No LDT found for Meta 
1842       DEBUG main            d.u.i.k.j.TypeConverter   No LDT found for Meta 
1845       DEBUG main            d.u.i.k.j.TypeConverter   No LDT found for Meta 
1845       DEBUG main            d.u.i.k.j.TypeConverter   No LDT found for Meta 
3011       DEBUG main            d.u.i.k.j.TypeConverter   No LDT found for JavaBigintExpression 
8435       DEBUG main            d.u.i.k.p.i.AbstractProblemLoader Init config took 7.59s 
8577       INFO  main            d.u.i.k.p.i.AbstractProblemLoader Replaying proof Arrays[Arrays::copyOf([I,int)].JML normal_behavior operation contract.0 
8610       DEBUG main            d.u.i.k.p.i.IntermediateProofReplayer Proof replay took 32.9ns 
13429      INFO  main            d.u.i.k.p.r.p.TestFile    ... finished proof: closed. 
13643      INFO  main            d.u.i.k.p.i.AbstractProblemLoader Loading environment from /home/runner/work/key/key/key.core/../key.ui/examples/redux/arrays/Arrays.copyOf.key.proof 
13645      DEBUG main            d.u.i.k.p.i.AbstractProblemLoader Environment load took 1.52ms 
13647      INFO  main            d.u.i.k.p.i.AbstractProblemLoader Creating init config 
16832      DEBUG main            d.u.i.k.p.i.AbstractProblemLoader Init config took 3.19s 
16923      INFO  main            d.u.i.k.p.i.AbstractProblemLoader Replaying proof Arrays[Arrays::copyOf([I,int)].JML normal_behavior operation contract.0 
17391      DEBUG main            d.u.i.k.p.i.IntermediateProofReplayer Proof replay took 434.76ms 
17399      DEBUG main            d.u.i.k.p.r.p.TestFile    ... success: reloaded. 
17400      INFO  main            d.u.i.k.p.r.p.TestFile    Now processing file /home/runner/work/key/key/key.core/../key.ui/examples/redux/arrays/Arrays.copyOf.float.key 
17400      INFO  main            d.u.i.k.p.i.AbstractProblemLoader Loading environment from /home/runner/work/key/key/key.core/../key.ui/examples/redux/arrays/Arrays.copyOf.float.key 
17401      DEBUG main            d.u.i.k.p.i.AbstractProblemLoader Environment load took 174.6ns 
17402      INFO  main            d.u.i.k.p.i.AbstractProblemLoader Creating init config 
20488      DEBUG main            d.u.i.k.p.i.AbstractProblemLoader Init config took 3.09s 
20545      INFO  main            d.u.i.k.p.i.AbstractProblemLoader Replaying proof Arrays[Arrays::copyOf([F,int)].JML normal_behavior operation contract.0 
20547      DEBUG main            d.u.i.k.p.i.IntermediateProofReplayer Proof replay took 4.9ns 
20571      DEBUG main            d.u.i.k.m.s.ProofScriptEngine 1: 'macro autopilot' 
24755      DEBUG main            d.u.i.k.m.s.ProofScriptEngine 2: 'smt solver=Z3' 
24845      INFO  main            d.u.i.k.m.s.SMTCommand    Finished run on goal 17 in 67ms, result is valid 
24845      DEBUG main            d.u.i.k.m.s.ProofScriptEngine 3: 'tryclose' 
26463      INFO  main            d.u.i.k.p.r.p.TestFile    ... finished proof: closed. 
26623      INFO  main            d.u.i.k.p.i.AbstractProblemLoader Loading environment from /home/runner/work/key/key/key.core/../key.ui/examples/redux/arrays/Arrays.copyOf.float.key.proof 
26625      DEBUG main            d.u.i.k.p.i.AbstractProblemLoader Environment load took 1.62ms 
26630      INFO  main            d.u.i.k.p.i.AbstractProblemLoader Creating init config 
29669      DEBUG main            d.u.i.k.p.i.AbstractProblemLoader Init config took 3.04s 
29738      INFO  main            d.u.i.k.p.i.AbstractProblemLoader Replaying proof Arrays[Arrays::copyOf([F,int)].JML normal_behavior operation contract.0 
29804      INFO  main            d.u.i.k.s.SMTFocusResults Analyzing unsat core: (L_6) 
30246      DEBUG main            d.u.i.k.p.i.IntermediateProofReplayer Proof replay took 489.04ms 
30248      DEBUG main            d.u.i.k.p.r.p.TestFile    ... success: reloaded. 
30249      INFO  main            d.u.i.k.p.r.p.TestFile    Now processing file /home/runner/work/key/key/key.core/../key.ui/examples/redux/arrays/Arrays.copyOfRange.key 
30249      INFO  main            d.u.i.k.p.i.AbstractProblemLoader Loading environment from /home/runner/work/key/key/key.core/../key.ui/examples/redux/arrays/Arrays.copyOfRange.key 
30249      DEBUG main            d.u.i.k.p.i.AbstractProblemLoader Environment load took 184.3ns 
30250      INFO  main            d.u.i.k.p.i.AbstractProblemLoader Creating init config 
33240      DEBUG main            d.u.i.k.p.i.AbstractProblemLoader Init config took 2.99s 
33284      INFO  main            d.u.i.k.p.i.AbstractProblemLoader Replaying proof Arrays[Arrays::copyOfRange([I,int,int)].JML normal_behavior operation contract.0 
33286      DEBUG main            d.u.i.k.p.i.IntermediateProofReplayer Proof replay took 4.4ns 
37548      INFO  main            d.u.i.k.p.r.p.TestFile    ... finished proof: closed. 
37777      INFO  main            d.u.i.k.p.i.AbstractProblemLoader Loading environment from /home/runner/work/key/key/key.core/../key.ui/examples/redux/arrays/Arrays.copyOfRange.key.proof 
37778      DEBUG main            d.u.i.k.p.i.AbstractProblemLoader Environment load took 304.6ns 
37779      INFO  main            d.u.i.k.p.i.AbstractProblemLoader Creating init config 
40659      DEBUG main            d.u.i.k.p.i.AbstractProblemLoader Init config took 2.88s 
40702      INFO  main            d.u.i.k.p.i.AbstractProblemLoader Replaying proof Arrays[Arrays::copyOfRange([I,int,int)].JML normal_behavior operation contract.0 
41053      DEBUG main            d.u.i.k.p.i.IntermediateProofReplayer Proof replay took 331.55ms 
41054      DEBUG main            d.u.i.k.p.r.p.TestFile    ... success: reloaded. 
41055      INFO  main            d.u.i.k.p.r.p.TestFile    Now processing file /home/runner/work/key/key/key.core/../key.ui/examples/redux/arrays/Arrays.copyOfRange.float.key 
41055      INFO  main            d.u.i.k.p.i.AbstractProblemLoader Loading environment from /home/runner/work/key/key/key.core/../key.ui/examples/redux/arrays/Arrays.copyOfRange.float.key 
41056      DEBUG main            d.u.i.k.p.i.AbstractProblemLoader Environment load took 164.4ns 
41056      INFO  main            d.u.i.k.p.i.AbstractProblemLoader Creating init config 
44011      DEBUG main            d.u.i.k.p.i.AbstractProblemLoader Init config took 2.95s 
44053      INFO  main            d.u.i.k.p.i.AbstractProblemLoader Replaying proof Arrays[Arrays::copyOfRange([F,int,int)].JML normal_behavior operation contract.0 
44054      DEBUG main            d.u.i.k.p.i.IntermediateProofReplayer Proof replay took 4.7ns 
44055      DEBUG main            d.u.i.k.m.s.ProofScriptEngine 1: 'macro autopilot' 
49622      DEBUG main            d.u.i.k.m.s.ProofScriptEngine 2: 'smt solver=Z3' 
49660      INFO  main            d.u.i.k.m.s.SMTCommand    Finished run on goal 27 in 35ms, result is valid 
49660      DEBUG main            d.u.i.k.m.s.ProofScriptEngine 3: 'tryclose' 
52740      INFO  main            d.u.i.k.p.r.p.TestFile    ... finished proof: closed. 
52947      INFO  main            d.u.i.k.p.i.AbstractProblemLoader Loading environment from /home/runner/work/key/key/key.core/../key.ui/examples/redux/arrays/Arrays.copyOfRange.float.key.proof 
52947      DEBUG main            d.u.i.k.p.i.AbstractProblemLoader Environment load took 318.7ns 
52949      INFO  main            d.u.i.k.p.i.AbstractProblemLoader Creating init config 
55816      DEBUG main            d.u.i.k.p.i.AbstractProblemLoader Init config took 2.87s 
55868      INFO  main            d.u.i.k.p.i.AbstractProblemLoader Replaying proof Arrays[Arrays::copyOfRange([F,int,int)].JML normal_behavior operation contract.0 
55937      INFO  main            d.u.i.k.s.SMTFocusResults Analyzing unsat core: (L_8) 
56525      DEBUG main            d.u.i.k.p.i.IntermediateProofReplayer Proof replay took 635.37ms 
56527      DEBUG main            d.u.i.k.p.r.p.TestFile    ... success: reloaded. 
56528      INFO  main            d.u.i.k.p.r.p.TestFile    Now processing file /home/runner/work/key/key/key.core/../key.ui/examples/redux/arrays/Arrays.equals.key 
56529      INFO  main            d.u.i.k.p.i.AbstractProblemLoader Loading environment from /home/runner/work/key/key/key.core/../key.ui/examples/redux/arrays/Arrays.equals.key 
56529      DEBUG main            d.u.i.k.p.i.AbstractProblemLoader Environment load took 160.2ns 
56530      INFO  main            d.u.i.k.p.i.AbstractProblemLoader Creating init config 
59551      DEBUG main            d.u.i.k.p.i.AbstractProblemLoader Init config took 3.02s 
59598      INFO  main            d.u.i.k.p.i.AbstractProblemLoader Replaying proof Arrays[Arrays::equals([B,[B)].JML normal_behavior operation contract.0 
59599      DEBUG main            d.u.i.k.p.i.IntermediateProofReplayer Proof replay took 5.6ns 
60126      INFO  main            d.u.i.k.p.r.p.TestFile    ... finished proof: closed. 
60341      INFO  main            d.u.i.k.p.i.AbstractProblemLoader Loading environment from /home/runner/work/key/key/key.core/../key.ui/examples/redux/arrays/Arrays.equals.key.proof 
60342      DEBUG main            d.u.i.k.p.i.AbstractProblemLoader Environment load took 232.9ns 
60342      INFO  main            d.u.i.k.p.i.AbstractProblemLoader Creating init config 
63163      DEBUG main            d.u.i.k.p.i.AbstractProblemLoader Init config took 2.82s 
63203      INFO  main            d.u.i.k.p.i.AbstractProblemLoader Replaying proof Arrays[Arrays::equals([B,[B)].JML normal_behavior operation contract.0 
63318      DEBUG main            d.u.i.k.p.i.IntermediateProofReplayer Proof replay took 111.42ms 
63319      DEBUG main            d.u.i.k.p.r.p.TestFile    ... success: reloaded. 
63320      INFO  main            d.u.i.k.p.r.p.TestFile    Now processing file /home/runner/work/key/key/key.core/../key.ui/examples/redux/arrays/Arrays.fill.key 
63320      INFO  main            d.u.i.k.p.i.AbstractProblemLoader Loading environment from /home/runner/work/key/key/key.core/../key.ui/examples/redux/arrays/Arrays.fill.key 
63320      DEBUG main            d.u.i.k.p.i.AbstractProblemLoader Environment load took 86.8ns 
63321      INFO  main            d.u.i.k.p.i.AbstractProblemLoader Creating init config 
66226      DEBUG main            d.u.i.k.p.i.AbstractProblemLoader Init config took 2.9s 
66265      INFO  main            d.u.i.k.p.i.AbstractProblemLoader Replaying proof Arrays[Arrays::fill([I,int)].JML normal_behavior operation contract.0 
66266      DEBUG main            d.u.i.k.p.i.IntermediateProofReplayer Proof replay took 5ns 
66468      INFO  main            d.u.i.k.p.r.p.TestFile    ... finished proof: closed. 
66631      INFO  main            d.u.i.k.p.i.AbstractProblemLoader Loading environment from /home/runner/work/key/key/key.core/../key.ui/examples/redux/arrays/Arrays.fill.key.proof 
66631      DEBUG main            d.u.i.k.p.i.AbstractProblemLoader Environment load took 111.2ns 
66632      INFO  main            d.u.i.k.p.i.AbstractProblemLoader Creating init config 
69456      DEBUG main            d.u.i.k.p.i.AbstractProblemLoader Init config took 2.82s 
69494      INFO  main            d.u.i.k.p.i.AbstractProblemLoader Replaying proof Arrays[Arrays::fill([I,int)].JML normal_behavior operation contract.0 
69517      DEBUG main            d.u.i.k.p.i.IntermediateProofReplayer Proof replay took 21.02ms 
69517      DEBUG main            d.u.i.k.p.r.p.TestFile    ... success: reloaded. 
69518      INFO  main            d.u.i.k.p.r.p.TestFile    Now processing file /home/runner/work/key/key/key.core/../key.ui/examples/redux/arrays/Arrays.fill.float.key 
69518      INFO  main            d.u.i.k.p.i.AbstractProblemLoader Loading environment from /home/runner/work/key/key/key.core/../key.ui/examples/redux/arrays/Arrays.fill.float.key 
69518      DEBUG main            d.u.i.k.p.i.AbstractProblemLoader Environment load took 83.6ns 
69519      INFO  main            d.u.i.k.p.i.AbstractProblemLoader Creating init config 
72390      DEBUG main            d.u.i.k.p.i.AbstractProblemLoader Init config took 2.87s 
72428      INFO  main            d.u.i.k.p.i.AbstractProblemLoader Replaying proof Arrays[Arrays::fill([F,float)].JML normal_behavior operation contract.0 
72430      DEBUG main            d.u.i.k.p.i.IntermediateProofReplayer Proof replay took 5.2ns 
72632      INFO  main            d.u.i.k.p.r.p.TestFile    ... finished proof: closed. 
72811      INFO  main            d.u.i.k.p.i.AbstractProblemLoader Loading environment from /home/runner/work/key/key/key.core/../key.ui/examples/redux/arrays/Arrays.fill.float.key.proof 
72811      DEBUG main            d.u.i.k.p.i.AbstractProblemLoader Environment load took 114.6ns 
72812      INFO  main            d.u.i.k.p.i.AbstractProblemLoader Creating init config 
75670      DEBUG main            d.u.i.k.p.i.AbstractProblemLoader Init config took 2.86s 
75707      INFO  main            d.u.i.k.p.i.AbstractProblemLoader Replaying proof Arrays[Arrays::fill([F,float)].JML normal_behavior operation contract.0 
75738      DEBUG main            d.u.i.k.p.i.IntermediateProofReplayer Proof replay took 28.79ms 
75738      DEBUG main            d.u.i.k.p.r.p.TestFile    ... success: reloaded. 
75739      INFO  main            d.u.i.k.p.r.p.TestFile    Now processing file /home/runner/work/key/key/key.core/../key.ui/examples/redux/arrays/Arrays.fillFromTo.key 
75739      INFO  main            d.u.i.k.p.i.AbstractProblemLoader Loading environment from /home/runner/work/key/key/key.core/../key.ui/examples/redux/arrays/Arrays.fillFromTo.key 
75740      DEBUG main            d.u.i.k.p.i.AbstractProblemLoader Environment load took 70.5ns 
75740      INFO  main            d.u.i.k.p.i.AbstractProblemLoader Creating init config 
78584      DEBUG main            d.u.i.k.p.i.AbstractProblemLoader Init config took 2.84s 
78621      INFO  main            d.u.i.k.p.i.AbstractProblemLoader Replaying proof Arrays[Arrays::fill([I,int,int,int)].JML normal_behavior operation contract.0 
78623      DEBUG main            d.u.i.k.p.i.IntermediateProofReplayer Proof replay took 6ns 
79127      INFO  main            d.u.i.k.p.r.p.TestFile    ... finished proof: closed. 
79297      INFO  main            d.u.i.k.p.i.AbstractProblemLoader Loading environment from /home/runner/work/key/key/key.core/../key.ui/examples/redux/arrays/Arrays.fillFromTo.key.proof 
79297      DEBUG main            d.u.i.k.p.i.AbstractProblemLoader Environment load took 126.2ns 
79298      INFO  main            d.u.i.k.p.i.AbstractProblemLoader Creating init config 
82113      DEBUG main            d.u.i.k.p.i.AbstractProblemLoader Init config took 2.82s 
82157      INFO  main            d.u.i.k.p.i.AbstractProblemLoader Replaying proof Arrays[Arrays::fill([I,int,int,int)].JML normal_behavior operation contract.0 
82235      DEBUG main            d.u.i.k.p.i.IntermediateProofReplayer Proof replay took 70.55ms 
82236      DEBUG main            d.u.i.k.p.r.p.TestFile    ... success: reloaded. 
82237      INFO  main            d.u.i.k.p.r.p.TestFile    Now processing file /home/runner/work/key/key/key.core/../key.ui/examples/redux/arrays/Arrays.fillFromTo.float.key 
82238      INFO  main            d.u.i.k.p.i.AbstractProblemLoader Loading environment from /home/runner/work/key/key/key.core/../key.ui/examples/redux/arrays/Arrays.fillFromTo.float.key 
82238      DEBUG main            d.u.i.k.p.i.AbstractProblemLoader Environment load took 152.2ns 
82239      INFO  main            d.u.i.k.p.i.AbstractProblemLoader Creating init config 
85051      DEBUG main            d.u.i.k.p.i.AbstractProblemLoader Init config took 2.81s 
85086      INFO  main            d.u.i.k.p.i.AbstractProblemLoader Replaying proof Arrays[Arrays::fill([F,int,int,float)].JML normal_behavior operation contract.0 
85088      DEBUG main            d.u.i.k.p.i.IntermediateProofReplayer Proof replay took 5.5ns 
85691      INFO  main            d.u.i.k.p.r.p.TestFile    ... finished proof: closed. 
85884      INFO  main            d.u.i.k.p.i.AbstractProblemLoader Loading environment from /home/runner/work/key/key/key.core/../key.ui/examples/redux/arrays/Arrays.fillFromTo.float.key.proof 
85884      DEBUG main            d.u.i.k.p.i.AbstractProblemLoader Environment load took 343ns 
85885      INFO  main            d.u.i.k.p.i.AbstractProblemLoader Creating init config 
88699      DEBUG main            d.u.i.k.p.i.AbstractProblemLoader Init config took 2.81s 
88753      INFO  main            d.u.i.k.p.i.AbstractProblemLoader Replaying proof Arrays[Arrays::fill([F,int,int,float)].JML normal_behavior operation contract.0 
88846      DEBUG main            d.u.i.k.p.i.IntermediateProofReplayer Proof replay took 88.31ms 
88847      DEBUG main            d.u.i.k.p.r.p.TestFile    ... success: reloaded. 
88847      INFO  main            d.u.i.k.p.r.p.TestFile    Now processing file /home/runner/work/key/key/key.core/../key.ui/examples/redux/arrays/ArrayCopy.arraycopy.normal.0.key 
88848      INFO  main            d.u.i.k.p.i.AbstractProblemLoader Loading environment from /home/runner/work/key/key/key.core/../key.ui/examples/redux/arrays/ArrayCopy.arraycopy.normal.0.key 
88848      DEBUG main            d.u.i.k.p.i.AbstractProblemLoader Environment load took 199.9ns 
88849      INFO  main            d.u.i.k.p.i.AbstractProblemLoader Creating init config 
91751      DEBUG main            d.u.i.k.p.i.AbstractProblemLoader Init config took 2.9s 
91785      INFO  main            d.u.i.k.p.i.AbstractProblemLoader Replaying proof ArrayCopy[ArrayCopy::arraycopy(java.lang.Object,int,java.lang.Object,int,int)].JML normal_behavior operation contract.0 
91791      DEBUG main            d.u.i.k.p.i.IntermediateProofReplayer Proof replay took 6.2ns 
97442      INFO  main            d.u.i.k.p.r.p.TestFile    ... finished proof: closed. 
97650      INFO  main            d.u.i.k.p.i.AbstractProblemLoader Loading environment from /home/runner/work/key/key/key.core/../key.ui/examples/redux/arrays/ArrayCopy.arraycopy.normal.0.key.proof 
97650      DEBUG main            d.u.i.k.p.i.AbstractProblemLoader Environment load took 318.2ns 
97651      INFO  main            d.u.i.k.p.i.AbstractProblemLoader Creating init config 
100422     DEBUG main            d.u.i.k.p.i.AbstractProblemLoader Init config took 2.77s 
100456     INFO  main            d.u.i.k.p.i.AbstractProblemLoader Replaying proof ArrayCopy[ArrayCopy::arraycopy(java.lang.Object,int,java.lang.Object,int,int)].JML normal_behavior operation contract.0 
101065     DEBUG main            d.u.i.k.p.i.IntermediateProofReplayer Proof replay took 594.55ms 
101066     DEBUG main            d.u.i.k.p.r.p.TestFile    ... success: reloaded. 
101067     INFO  main            d.u.i.k.p.r.p.TestFile    Now processing file /home/runner/work/key/key/key.core/../key.ui/examples/redux/arrays/ArrayCopy.arraycopy.exceptional.0.key 
101067     INFO  main            d.u.i.k.p.i.AbstractProblemLoader Loading environment from /home/runner/work/key/key/key.core/../key.ui/examples/redux/arrays/ArrayCopy.arraycopy.exceptional.0.key 
101067     DEBUG main            d.u.i.k.p.i.AbstractProblemLoader Environment load took 85.3ns 
101069     INFO  main            d.u.i.k.p.i.AbstractProblemLoader Creating init config 
103948     DEBUG main            d.u.i.k.p.i.AbstractProblemLoader Init config took 2.88s 
103981     INFO  main            d.u.i.k.p.i.AbstractProblemLoader Replaying proof ArrayCopy[ArrayCopy::arraycopy(java.lang.Object,int,java.lang.Object,int,int)].JML exceptional_behavior operation contract.0 
103982     DEBUG main            d.u.i.k.p.i.IntermediateProofReplayer Proof replay took 5.2ns 
104385     INFO  main            d.u.i.k.p.r.p.TestFile    ... finished proof: closed. 
104593     INFO  main            d.u.i.k.p.i.AbstractProblemLoader Loading environment from /home/runner/work/key/key/key.core/../key.ui/examples/redux/arrays/ArrayCopy.arraycopy.exceptional.0.key.proof 
104593     DEBUG main            d.u.i.k.p.i.AbstractProblemLoader Environment load took 112.8ns 
104594     INFO  main            d.u.i.k.p.i.AbstractProblemLoader Creating init config 
107394     DEBUG main            d.u.i.k.p.i.AbstractProblemLoader Init config took 2.8s 
107427     INFO  main            d.u.i.k.p.i.AbstractProblemLoader Replaying proof ArrayCopy[ArrayCopy::arraycopy(java.lang.Object,int,java.lang.Object,int,int)].JML exceptional_behavior operation contract.0 
107531     DEBUG main            d.u.i.k.p.i.IntermediateProofReplayer Proof replay took 101.24ms 
107532     DEBUG main            d.u.i.k.p.r.p.TestFile    ... success: reloaded. 
107533     INFO  main            d.u.i.k.p.r.p.TestFile    Now processing file /home/runner/work/key/key/key.core/../key.ui/examples/redux/arrays/ArrayCopy.arraycopy.exceptional.1.key 
107533     INFO  main            d.u.i.k.p.i.AbstractProblemLoader Loading environment from /home/runner/work/key/key/key.core/../key.ui/examples/redux/arrays/ArrayCopy.arraycopy.exceptional.1.key 
107533     DEBUG main            d.u.i.k.p.i.AbstractProblemLoader Environment load took 92.4ns 
107534     INFO  main            d.u.i.k.p.i.AbstractProblemLoader Creating init config 
110376     DEBUG main            d.u.i.k.p.i.AbstractProblemLoader Init config took 2.84s 
110409     INFO  main            d.u.i.k.p.i.AbstractProblemLoader Replaying proof ArrayCopy[ArrayCopy::arraycopy(java.lang.Object,int,java.lang.Object,int,int)].JML exceptional_behavior operation contract.1 
110410     DEBUG main            d.u.i.k.p.i.IntermediateProofReplayer Proof replay took 5.5ns 
116185     INFO  main            d.u.i.k.p.r.p.TestFile    ... finished proof: closed. 
116407     INFO  main            d.u.i.k.p.i.AbstractProblemLoader Loading environment from /home/runner/work/key/key/key.core/../key.ui/examples/redux/arrays/ArrayCopy.arraycopy.exceptional.1.key.proof 
116407     DEBUG main            d.u.i.k.p.i.AbstractProblemLoader Environment load took 121.3ns 
116409     INFO  main            d.u.i.k.p.i.AbstractProblemLoader Creating init config 
119179     DEBUG main            d.u.i.k.p.i.AbstractProblemLoader Init config took 2.77s 
119221     INFO  main            d.u.i.k.p.i.AbstractProblemLoader Replaying proof ArrayCopy[ArrayCopy::arraycopy(java.lang.Object,int,java.lang.Object,int,int)].JML exceptional_behavior operation contract.1 
120386     DEBUG main            d.u.i.k.p.i.IntermediateProofReplayer Proof replay took 1.15s 
120387     DEBUG main            d.u.i.k.p.r.p.TestFile    ... success: reloaded. 
5120697    INFO  Test worker     d.u.i.k.p.r.RunAllProofsTestUnit Returning from test redux 
]]></system-out>
  <system-err><![CDATA[]]></system-err>
</testsuite>
