<?xml version="1.0" encoding="UTF-8"?>
<testsuite name="de.uka.ilkd.key.parser.TestTermParserHeap" tests="39" skipped="0" failures="0" errors="0" timestamp="2023-04-06T23:06:28" hostname="fv-az193-875" time="124.767">
  <properties/>
  <testcase name="testBracketHeapUpdate()" classname="de.uka.ilkd.key.parser.TestTermParserHeap" time="0.026"/>
  <testcase name="testStore()" classname="de.uka.ilkd.key.parser.TestTermParserHeap" time="0.007"/>
  <testcase name="testUnknownConstant()" classname="de.uka.ilkd.key.parser.TestTermParserHeap" time="0.005"/>
  <testcase name="testAllFieldsSelector()" classname="de.uka.ilkd.key.parser.TestTermParserHeap" time="0.001"/>
  <testcase name="testParsePrettyPrintedSelect()" classname="de.uka.ilkd.key.parser.TestTermParserHeap" time="0.003"/>
  <testcase name="testAccessStaticMembers()" classname="de.uka.ilkd.key.parser.TestTermParserHeap" time="0.004"/>
  <testcase name="testAtOperator_1()" classname="de.uka.ilkd.key.parser.TestTermParserHeap" time="0.001"/>
  <testcase name="testAtOperator_2()" classname="de.uka.ilkd.key.parser.TestTermParserHeap" time="0.001"/>
  <testcase name="testAtOperator_3()" classname="de.uka.ilkd.key.parser.TestTermParserHeap" time="0.001"/>
  <testcase name="testAtOperator_4()" classname="de.uka.ilkd.key.parser.TestTermParserHeap" time="0.003"/>
  <testcase name="testAtOperator_5()" classname="de.uka.ilkd.key.parser.TestTermParserHeap" time="0.001"/>
  <testcase name="testAtOperator_6()" classname="de.uka.ilkd.key.parser.TestTermParserHeap" time="0.001"/>
  <testcase name="testAtOperator_7()" classname="de.uka.ilkd.key.parser.TestTermParserHeap" time="0.002"/>
  <testcase name="testAtOperator_8()" classname="de.uka.ilkd.key.parser.TestTermParserHeap" time="0.002"/>
  <testcase name="testVerifyExceptionIfAtOperatorNotPreceededBySelectTerm()" classname="de.uka.ilkd.key.parser.TestTermParserHeap" time="0.003"/>
  <testcase name="testBugResettingCounter()" classname="de.uka.ilkd.key.parser.TestTermParserHeap" time="0.002"/>
  <testcase name="testLocationSets()" classname="de.uka.ilkd.key.parser.TestTermParserHeap" time="0.004"/>
  <testcase name="testQuantifiedSelect()" classname="de.uka.ilkd.key.parser.TestTermParserHeap" time="0.002"/>
  <testcase name="testGenericObjectProperties()" classname="de.uka.ilkd.key.parser.TestTermParserHeap" time="0.002"/>
  <testcase name="testQueryInheritance_1()" classname="de.uka.ilkd.key.parser.TestTermParserHeap" time="0.002"/>
  <testcase name="testQueryInheritance_2()" classname="de.uka.ilkd.key.parser.TestTermParserHeap" time="0.004"/>
  <testcase name="testQueryInheritance_3()" classname="de.uka.ilkd.key.parser.TestTermParserHeap" time="0.002"/>
  <testcase name="testQueryInheritance_4()" classname="de.uka.ilkd.key.parser.TestTermParserHeap" time="0.001"/>
  <testcase name="testQueryInheritance_5()" classname="de.uka.ilkd.key.parser.TestTermParserHeap" time="0.001"/>
  <testcase name="testQueryInheritance_6()" classname="de.uka.ilkd.key.parser.TestTermParserHeap" time="0.002"/>
  <testcase name="testQueryInheritance_7()" classname="de.uka.ilkd.key.parser.TestTermParserHeap" time="0.001"/>
  <testcase name="testQueryInheritance_8()" classname="de.uka.ilkd.key.parser.TestTermParserHeap" time="0.001"/>
  <testcase name="testQueryInheritance_9()" classname="de.uka.ilkd.key.parser.TestTermParserHeap" time="0.001"/>
  <testcase name="testQueryBasic_10()" classname="de.uka.ilkd.key.parser.TestTermParserHeap" time="0.001"/>
  <testcase name="testQueryBasic_11()" classname="de.uka.ilkd.key.parser.TestTermParserHeap" time="0.001"/>
  <testcase name="testQueryBasic_1()" classname="de.uka.ilkd.key.parser.TestTermParserHeap" time="0.001"/>
  <testcase name="testQueryBasic_2()" classname="de.uka.ilkd.key.parser.TestTermParserHeap" time="0.003"/>
  <testcase name="testQueryBasic_3()" classname="de.uka.ilkd.key.parser.TestTermParserHeap" time="0.003"/>
  <testcase name="testQueryBasic_4()" classname="de.uka.ilkd.key.parser.TestTermParserHeap" time="0.002"/>
  <testcase name="testQueryBasic_5()" classname="de.uka.ilkd.key.parser.TestTermParserHeap" time="0.001"/>
  <testcase name="testQueryBasic_6()" classname="de.uka.ilkd.key.parser.TestTermParserHeap" time="0.001"/>
  <testcase name="testQueryBasic_7()" classname="de.uka.ilkd.key.parser.TestTermParserHeap" time="0.004"/>
  <testcase name="testQueryBasic_8()" classname="de.uka.ilkd.key.parser.TestTermParserHeap" time="0.001"/>
  <testcase name="testQueryBasic_9()" classname="de.uka.ilkd.key.parser.TestTermParserHeap" time="0.001"/>
  <system-out><![CDATA[341857     INFO  Test worker     d.u.i.k.n.KeyIO           Parsing took 0 ms 
341857     INFO  Test worker     d.u.i.k.n.KeyIO           MODE: declarations took 0 ms 
341857     INFO  Test worker     d.u.i.k.n.KeyIO           Parsing took 0 ms 
341857     INFO  Test worker     d.u.i.k.n.KeyIO           MODE: declarations took 0 ms 
341857     INFO  Test worker     d.u.i.k.n.KeyIO           Parsing took 0 ms 
341857     INFO  Test worker     d.u.i.k.n.KeyIO           MODE: declarations took 0 ms 
341858     INFO  Test worker     d.u.i.k.n.KeyIO           Parsing took 1 ms 
341858     INFO  Test worker     d.u.i.k.n.KeyIO           MODE: declarations took 0 ms 
341858     INFO  Test worker     d.u.i.k.n.KeyIO           Parsing took 0 ms 
341858     INFO  Test worker     d.u.i.k.n.KeyIO           MODE: declarations took 0 ms 
345186     INFO  Test worker     d.u.i.k.n.KeyIO           Parsing took 0 ms 
345186     INFO  Test worker     d.u.i.k.n.KeyIO           MODE: declarations took 0 ms 
345186     INFO  Test worker     d.u.i.k.n.KeyIO           Parsing took 0 ms 
345186     INFO  Test worker     d.u.i.k.n.KeyIO           MODE: declarations took 0 ms 
345186     INFO  Test worker     d.u.i.k.n.KeyIO           Parsing took 0 ms 
345186     INFO  Test worker     d.u.i.k.n.KeyIO           MODE: declarations took 0 ms 
345186     INFO  Test worker     d.u.i.k.n.KeyIO           Parsing took 0 ms 
345186     INFO  Test worker     d.u.i.k.n.KeyIO           MODE: declarations took 0 ms 
345187     INFO  Test worker     d.u.i.k.n.KeyIO           Parsing took 0 ms 
345187     INFO  Test worker     d.u.i.k.n.KeyIO           MODE: declarations took 0 ms 
348369     INFO  Test worker     d.u.i.k.n.KeyIO           Parsing took 0 ms 
348370     INFO  Test worker     d.u.i.k.n.KeyIO           MODE: declarations took 0 ms 
348370     INFO  Test worker     d.u.i.k.n.KeyIO           Parsing took 0 ms 
348370     INFO  Test worker     d.u.i.k.n.KeyIO           MODE: declarations took 0 ms 
348371     INFO  Test worker     d.u.i.k.n.KeyIO           Parsing took 0 ms 
348371     INFO  Test worker     d.u.i.k.n.KeyIO           MODE: declarations took 0 ms 
348371     INFO  Test worker     d.u.i.k.n.KeyIO           Parsing took 0 ms 
348372     INFO  Test worker     d.u.i.k.n.KeyIO           MODE: declarations took 0 ms 
348372     INFO  Test worker     d.u.i.k.n.KeyIO           Parsing took 0 ms 
348372     INFO  Test worker     d.u.i.k.n.KeyIO           MODE: declarations took 0 ms 
348372     INFO  Test worker     d.u.i.k.n.KeyIO           Parsing took 0 ms 
348373     INFO  Test worker     d.u.i.k.n.KeyIO           MODE: declarations took 0 ms 
351630     INFO  Test worker     d.u.i.k.n.KeyIO           Parsing took 0 ms 
351631     INFO  Test worker     d.u.i.k.n.KeyIO           MODE: declarations took 1 ms 
351631     INFO  Test worker     d.u.i.k.n.KeyIO           Parsing took 0 ms 
351631     INFO  Test worker     d.u.i.k.n.KeyIO           MODE: declarations took 0 ms 
351631     INFO  Test worker     d.u.i.k.n.KeyIO           Parsing took 0 ms 
351631     INFO  Test worker     d.u.i.k.n.KeyIO           MODE: declarations took 0 ms 
351631     INFO  Test worker     d.u.i.k.n.KeyIO           Parsing took 0 ms 
351631     INFO  Test worker     d.u.i.k.n.KeyIO           MODE: declarations took 0 ms 
351631     INFO  Test worker     d.u.i.k.n.KeyIO           Parsing took 0 ms 
351631     INFO  Test worker     d.u.i.k.n.KeyIO           MODE: declarations took 0 ms 
354942     INFO  Test worker     d.u.i.k.n.KeyIO           Parsing took 0 ms 
354942     INFO  Test worker     d.u.i.k.n.KeyIO           MODE: declarations took 0 ms 
354942     INFO  Test worker     d.u.i.k.n.KeyIO           Parsing took 0 ms 
354942     INFO  Test worker     d.u.i.k.n.KeyIO           MODE: declarations took 0 ms 
354942     INFO  Test worker     d.u.i.k.n.KeyIO           Parsing took 0 ms 
354942     INFO  Test worker     d.u.i.k.n.KeyIO           MODE: declarations took 0 ms 
354942     INFO  Test worker     d.u.i.k.n.KeyIO           Parsing took 0 ms 
354942     INFO  Test worker     d.u.i.k.n.KeyIO           MODE: declarations took 0 ms 
354942     INFO  Test worker     d.u.i.k.n.KeyIO           Parsing took 0 ms 
354942     INFO  Test worker     d.u.i.k.n.KeyIO           MODE: declarations took 0 ms 
358135     INFO  Test worker     d.u.i.k.n.KeyIO           Parsing took 0 ms 
358135     INFO  Test worker     d.u.i.k.n.KeyIO           MODE: declarations took 0 ms 
358135     INFO  Test worker     d.u.i.k.n.KeyIO           Parsing took 0 ms 
358136     INFO  Test worker     d.u.i.k.n.KeyIO           MODE: declarations took 1 ms 
358136     INFO  Test worker     d.u.i.k.n.KeyIO           Parsing took 0 ms 
358136     INFO  Test worker     d.u.i.k.n.KeyIO           MODE: declarations took 0 ms 
358136     INFO  Test worker     d.u.i.k.n.KeyIO           Parsing took 0 ms 
358136     INFO  Test worker     d.u.i.k.n.KeyIO           MODE: declarations took 0 ms 
358136     INFO  Test worker     d.u.i.k.n.KeyIO           Parsing took 0 ms 
358136     INFO  Test worker     d.u.i.k.n.KeyIO           MODE: declarations took 0 ms 
361303     INFO  Test worker     d.u.i.k.n.KeyIO           Parsing took 0 ms 
361303     INFO  Test worker     d.u.i.k.n.KeyIO           MODE: declarations took 0 ms 
361303     INFO  Test worker     d.u.i.k.n.KeyIO           Parsing took 0 ms 
361303     INFO  Test worker     d.u.i.k.n.KeyIO           MODE: declarations took 0 ms 
361303     INFO  Test worker     d.u.i.k.n.KeyIO           Parsing took 0 ms 
361303     INFO  Test worker     d.u.i.k.n.KeyIO           MODE: declarations took 0 ms 
361303     INFO  Test worker     d.u.i.k.n.KeyIO           Parsing took 0 ms 
361303     INFO  Test worker     d.u.i.k.n.KeyIO           MODE: declarations took 0 ms 
361303     INFO  Test worker     d.u.i.k.n.KeyIO           Parsing took 0 ms 
361303     INFO  Test worker     d.u.i.k.n.KeyIO           MODE: declarations took 0 ms 
364512     INFO  Test worker     d.u.i.k.n.KeyIO           Parsing took 0 ms 
364512     INFO  Test worker     d.u.i.k.n.KeyIO           MODE: declarations took 0 ms 
364512     INFO  Test worker     d.u.i.k.n.KeyIO           Parsing took 0 ms 
364512     INFO  Test worker     d.u.i.k.n.KeyIO           MODE: declarations took 0 ms 
364512     INFO  Test worker     d.u.i.k.n.KeyIO           Parsing took 0 ms 
364512     INFO  Test worker     d.u.i.k.n.KeyIO           MODE: declarations took 0 ms 
364512     INFO  Test worker     d.u.i.k.n.KeyIO           Parsing took 0 ms 
364512     INFO  Test worker     d.u.i.k.n.KeyIO           MODE: declarations took 0 ms 
364512     INFO  Test worker     d.u.i.k.n.KeyIO           Parsing took 0 ms 
364512     INFO  Test worker     d.u.i.k.n.KeyIO           MODE: declarations took 0 ms 
367675     INFO  Test worker     d.u.i.k.n.KeyIO           Parsing took 0 ms 
367676     INFO  Test worker     d.u.i.k.n.KeyIO           MODE: declarations took 1 ms 
367676     INFO  Test worker     d.u.i.k.n.KeyIO           Parsing took 0 ms 
367676     INFO  Test worker     d.u.i.k.n.KeyIO           MODE: declarations took 0 ms 
367676     INFO  Test worker     d.u.i.k.n.KeyIO           Parsing took 0 ms 
367676     INFO  Test worker     d.u.i.k.n.KeyIO           MODE: declarations took 0 ms 
367676     INFO  Test worker     d.u.i.k.n.KeyIO           Parsing took 0 ms 
367676     INFO  Test worker     d.u.i.k.n.KeyIO           MODE: declarations took 0 ms 
367676     INFO  Test worker     d.u.i.k.n.KeyIO           Parsing took 0 ms 
367676     INFO  Test worker     d.u.i.k.n.KeyIO           MODE: declarations took 0 ms 
370802     INFO  Test worker     d.u.i.k.n.KeyIO           Parsing took 0 ms 
370802     INFO  Test worker     d.u.i.k.n.KeyIO           MODE: declarations took 0 ms 
370802     INFO  Test worker     d.u.i.k.n.KeyIO           Parsing took 0 ms 
370802     INFO  Test worker     d.u.i.k.n.KeyIO           MODE: declarations took 0 ms 
370802     INFO  Test worker     d.u.i.k.n.KeyIO           Parsing took 0 ms 
370802     INFO  Test worker     d.u.i.k.n.KeyIO           MODE: declarations took 0 ms 
370802     INFO  Test worker     d.u.i.k.n.KeyIO           Parsing took 0 ms 
370802     INFO  Test worker     d.u.i.k.n.KeyIO           MODE: declarations took 0 ms 
370802     INFO  Test worker     d.u.i.k.n.KeyIO           Parsing took 0 ms 
370802     INFO  Test worker     d.u.i.k.n.KeyIO           MODE: declarations took 0 ms 
373903     INFO  Test worker     d.u.i.k.n.KeyIO           Parsing took 0 ms 
373903     INFO  Test worker     d.u.i.k.n.KeyIO           MODE: declarations took 0 ms 
373903     INFO  Test worker     d.u.i.k.n.KeyIO           Parsing took 0 ms 
373903     INFO  Test worker     d.u.i.k.n.KeyIO           MODE: declarations took 0 ms 
373903     INFO  Test worker     d.u.i.k.n.KeyIO           Parsing took 0 ms 
373903     INFO  Test worker     d.u.i.k.n.KeyIO           MODE: declarations took 0 ms 
373904     INFO  Test worker     d.u.i.k.n.KeyIO           Parsing took 1 ms 
373904     INFO  Test worker     d.u.i.k.n.KeyIO           MODE: declarations took 0 ms 
373904     INFO  Test worker     d.u.i.k.n.KeyIO           Parsing took 0 ms 
373904     INFO  Test worker     d.u.i.k.n.KeyIO           MODE: declarations took 0 ms 
377017     INFO  Test worker     d.u.i.k.n.KeyIO           Parsing took 0 ms 
377017     INFO  Test worker     d.u.i.k.n.KeyIO           MODE: declarations took 0 ms 
377017     INFO  Test worker     d.u.i.k.n.KeyIO           Parsing took 0 ms 
377017     INFO  Test worker     d.u.i.k.n.KeyIO           MODE: declarations took 0 ms 
377017     INFO  Test worker     d.u.i.k.n.KeyIO           Parsing took 0 ms 
377017     INFO  Test worker     d.u.i.k.n.KeyIO           MODE: declarations took 0 ms 
377017     INFO  Test worker     d.u.i.k.n.KeyIO           Parsing took 0 ms 
377017     INFO  Test worker     d.u.i.k.n.KeyIO           MODE: declarations took 0 ms 
377017     INFO  Test worker     d.u.i.k.n.KeyIO           Parsing took 0 ms 
377017     INFO  Test worker     d.u.i.k.n.KeyIO           MODE: declarations took 0 ms 
380255     INFO  Test worker     d.u.i.k.n.KeyIO           Parsing took 0 ms 
380255     INFO  Test worker     d.u.i.k.n.KeyIO           MODE: declarations took 0 ms 
380255     INFO  Test worker     d.u.i.k.n.KeyIO           Parsing took 0 ms 
380255     INFO  Test worker     d.u.i.k.n.KeyIO           MODE: declarations took 0 ms 
380255     INFO  Test worker     d.u.i.k.n.KeyIO           Parsing took 0 ms 
380255     INFO  Test worker     d.u.i.k.n.KeyIO           MODE: declarations took 0 ms 
380255     INFO  Test worker     d.u.i.k.n.KeyIO           Parsing took 0 ms 
380256     INFO  Test worker     d.u.i.k.n.KeyIO           MODE: declarations took 1 ms 
380256     INFO  Test worker     d.u.i.k.n.KeyIO           Parsing took 0 ms 
380256     INFO  Test worker     d.u.i.k.n.KeyIO           MODE: declarations took 0 ms 
383375     INFO  Test worker     d.u.i.k.n.KeyIO           Parsing took 0 ms 
383375     INFO  Test worker     d.u.i.k.n.KeyIO           MODE: declarations took 0 ms 
383375     INFO  Test worker     d.u.i.k.n.KeyIO           Parsing took 0 ms 
383375     INFO  Test worker     d.u.i.k.n.KeyIO           MODE: declarations took 0 ms 
383375     INFO  Test worker     d.u.i.k.n.KeyIO           Parsing took 0 ms 
383375     INFO  Test worker     d.u.i.k.n.KeyIO           MODE: declarations took 0 ms 
383375     INFO  Test worker     d.u.i.k.n.KeyIO           Parsing took 0 ms 
383375     INFO  Test worker     d.u.i.k.n.KeyIO           MODE: declarations took 0 ms 
383375     INFO  Test worker     d.u.i.k.n.KeyIO           Parsing took 0 ms 
383375     INFO  Test worker     d.u.i.k.n.KeyIO           MODE: declarations took 0 ms 
386620     INFO  Test worker     d.u.i.k.n.KeyIO           Parsing took 0 ms 
386620     INFO  Test worker     d.u.i.k.n.KeyIO           MODE: declarations took 0 ms 
386620     INFO  Test worker     d.u.i.k.n.KeyIO           Parsing took 0 ms 
386620     INFO  Test worker     d.u.i.k.n.KeyIO           MODE: declarations took 0 ms 
386620     INFO  Test worker     d.u.i.k.n.KeyIO           Parsing took 0 ms 
386620     INFO  Test worker     d.u.i.k.n.KeyIO           MODE: declarations took 0 ms 
386620     INFO  Test worker     d.u.i.k.n.KeyIO           Parsing took 0 ms 
386620     INFO  Test worker     d.u.i.k.n.KeyIO           MODE: declarations took 0 ms 
386620     INFO  Test worker     d.u.i.k.n.KeyIO           Parsing took 0 ms 
386620     INFO  Test worker     d.u.i.k.n.KeyIO           MODE: declarations took 0 ms 
386623     WARN  Test worker     d.u.i.k.n.KeYParser       [syntax-error] <unknown>:1:11: mismatched input '@' expecting {'/', ':=', '.', '(', ')', '{', '[', '@', PARALLEL, OR, AND, IMP, '=', NOT_EQUALS, '%', '*', '-', '+', '>', GREATEREQUAL, '<', LESSEQUAL, LGUILLEMETS, EQV} [@11,11:11='@',<153>,1:11] (termEOF) 
389925     INFO  Test worker     d.u.i.k.n.KeyIO           Parsing took 0 ms 
389925     INFO  Test worker     d.u.i.k.n.KeyIO           MODE: declarations took 0 ms 
389925     INFO  Test worker     d.u.i.k.n.KeyIO           Parsing took 0 ms 
389925     INFO  Test worker     d.u.i.k.n.KeyIO           MODE: declarations took 0 ms 
389925     INFO  Test worker     d.u.i.k.n.KeyIO           Parsing took 0 ms 
389925     INFO  Test worker     d.u.i.k.n.KeyIO           MODE: declarations took 0 ms 
389925     INFO  Test worker     d.u.i.k.n.KeyIO           Parsing took 0 ms 
389925     INFO  Test worker     d.u.i.k.n.KeyIO           MODE: declarations took 0 ms 
389925     INFO  Test worker     d.u.i.k.n.KeyIO           Parsing took 0 ms 
389925     INFO  Test worker     d.u.i.k.n.KeyIO           MODE: declarations took 0 ms 
393095     INFO  Test worker     d.u.i.k.n.KeyIO           Parsing took 0 ms 
393095     INFO  Test worker     d.u.i.k.n.KeyIO           MODE: declarations took 0 ms 
393095     INFO  Test worker     d.u.i.k.n.KeyIO           Parsing took 0 ms 
393095     INFO  Test worker     d.u.i.k.n.KeyIO           MODE: declarations took 0 ms 
393095     INFO  Test worker     d.u.i.k.n.KeyIO           Parsing took 0 ms 
393095     INFO  Test worker     d.u.i.k.n.KeyIO           MODE: declarations took 0 ms 
393095     INFO  Test worker     d.u.i.k.n.KeyIO           Parsing took 0 ms 
393096     INFO  Test worker     d.u.i.k.n.KeyIO           MODE: declarations took 0 ms 
393096     INFO  Test worker     d.u.i.k.n.KeyIO           Parsing took 0 ms 
393096     INFO  Test worker     d.u.i.k.n.KeyIO           MODE: declarations took 0 ms 
396225     INFO  Test worker     d.u.i.k.n.KeyIO           Parsing took 0 ms 
396225     INFO  Test worker     d.u.i.k.n.KeyIO           MODE: declarations took 0 ms 
396225     INFO  Test worker     d.u.i.k.n.KeyIO           Parsing took 0 ms 
396225     INFO  Test worker     d.u.i.k.n.KeyIO           MODE: declarations took 0 ms 
396225     INFO  Test worker     d.u.i.k.n.KeyIO           Parsing took 0 ms 
396225     INFO  Test worker     d.u.i.k.n.KeyIO           MODE: declarations took 0 ms 
396225     INFO  Test worker     d.u.i.k.n.KeyIO           Parsing took 0 ms 
396225     INFO  Test worker     d.u.i.k.n.KeyIO           MODE: declarations took 0 ms 
396225     INFO  Test worker     d.u.i.k.n.KeyIO           Parsing took 0 ms 
396225     INFO  Test worker     d.u.i.k.n.KeyIO           MODE: declarations took 0 ms 
399483     INFO  Test worker     d.u.i.k.n.KeyIO           Parsing took 1 ms 
399483     INFO  Test worker     d.u.i.k.n.KeyIO           MODE: declarations took 0 ms 
399483     INFO  Test worker     d.u.i.k.n.KeyIO           Parsing took 0 ms 
399483     INFO  Test worker     d.u.i.k.n.KeyIO           MODE: declarations took 0 ms 
399483     INFO  Test worker     d.u.i.k.n.KeyIO           Parsing took 0 ms 
399483     INFO  Test worker     d.u.i.k.n.KeyIO           MODE: declarations took 0 ms 
399483     INFO  Test worker     d.u.i.k.n.KeyIO           Parsing took 0 ms 
399483     INFO  Test worker     d.u.i.k.n.KeyIO           MODE: declarations took 0 ms 
399483     INFO  Test worker     d.u.i.k.n.KeyIO           Parsing took 0 ms 
399483     INFO  Test worker     d.u.i.k.n.KeyIO           MODE: declarations took 0 ms 
402756     INFO  Test worker     d.u.i.k.n.KeyIO           Parsing took 0 ms 
402756     INFO  Test worker     d.u.i.k.n.KeyIO           MODE: declarations took 0 ms 
402756     INFO  Test worker     d.u.i.k.n.KeyIO           Parsing took 0 ms 
402756     INFO  Test worker     d.u.i.k.n.KeyIO           MODE: declarations took 0 ms 
402756     INFO  Test worker     d.u.i.k.n.KeyIO           Parsing took 0 ms 
402756     INFO  Test worker     d.u.i.k.n.KeyIO           MODE: declarations took 0 ms 
402756     INFO  Test worker     d.u.i.k.n.KeyIO           Parsing took 0 ms 
402756     INFO  Test worker     d.u.i.k.n.KeyIO           MODE: declarations took 0 ms 
402756     INFO  Test worker     d.u.i.k.n.KeyIO           Parsing took 0 ms 
402756     INFO  Test worker     d.u.i.k.n.KeyIO           MODE: declarations took 0 ms 
406082     INFO  Test worker     d.u.i.k.n.KeyIO           Parsing took 0 ms 
406082     INFO  Test worker     d.u.i.k.n.KeyIO           MODE: declarations took 0 ms 
406083     INFO  Test worker     d.u.i.k.n.KeyIO           Parsing took 0 ms 
406083     INFO  Test worker     d.u.i.k.n.KeyIO           MODE: declarations took 0 ms 
406083     INFO  Test worker     d.u.i.k.n.KeyIO           Parsing took 0 ms 
406083     INFO  Test worker     d.u.i.k.n.KeyIO           MODE: declarations took 0 ms 
406084     INFO  Test worker     d.u.i.k.n.KeyIO           Parsing took 1 ms 
406084     INFO  Test worker     d.u.i.k.n.KeyIO           MODE: declarations took 0 ms 
406084     INFO  Test worker     d.u.i.k.n.KeyIO           Parsing took 0 ms 
406084     INFO  Test worker     d.u.i.k.n.KeyIO           MODE: declarations took 0 ms 
409296     INFO  Test worker     d.u.i.k.n.KeyIO           Parsing took 1 ms 
409296     INFO  Test worker     d.u.i.k.n.KeyIO           MODE: declarations took 0 ms 
409296     INFO  Test worker     d.u.i.k.n.KeyIO           Parsing took 0 ms 
409296     INFO  Test worker     d.u.i.k.n.KeyIO           MODE: declarations took 0 ms 
409296     INFO  Test worker     d.u.i.k.n.KeyIO           Parsing took 0 ms 
409296     INFO  Test worker     d.u.i.k.n.KeyIO           MODE: declarations took 0 ms 
409296     INFO  Test worker     d.u.i.k.n.KeyIO           Parsing took 0 ms 
409296     INFO  Test worker     d.u.i.k.n.KeyIO           MODE: declarations took 0 ms 
409297     INFO  Test worker     d.u.i.k.n.KeyIO           Parsing took 0 ms 
409297     INFO  Test worker     d.u.i.k.n.KeyIO           MODE: declarations took 0 ms 
412484     INFO  Test worker     d.u.i.k.n.KeyIO           Parsing took 1 ms 
412484     INFO  Test worker     d.u.i.k.n.KeyIO           MODE: declarations took 0 ms 
412484     INFO  Test worker     d.u.i.k.n.KeyIO           Parsing took 0 ms 
412484     INFO  Test worker     d.u.i.k.n.KeyIO           MODE: declarations took 0 ms 
412484     INFO  Test worker     d.u.i.k.n.KeyIO           Parsing took 0 ms 
412484     INFO  Test worker     d.u.i.k.n.KeyIO           MODE: declarations took 0 ms 
412484     INFO  Test worker     d.u.i.k.n.KeyIO           Parsing took 0 ms 
412484     INFO  Test worker     d.u.i.k.n.KeyIO           MODE: declarations took 0 ms 
412484     INFO  Test worker     d.u.i.k.n.KeyIO           Parsing took 0 ms 
412484     INFO  Test worker     d.u.i.k.n.KeyIO           MODE: declarations took 0 ms 
415729     INFO  Test worker     d.u.i.k.n.KeyIO           Parsing took 0 ms 
415729     INFO  Test worker     d.u.i.k.n.KeyIO           MODE: declarations took 0 ms 
415729     INFO  Test worker     d.u.i.k.n.KeyIO           Parsing took 0 ms 
415729     INFO  Test worker     d.u.i.k.n.KeyIO           MODE: declarations took 0 ms 
415729     INFO  Test worker     d.u.i.k.n.KeyIO           Parsing took 0 ms 
415729     INFO  Test worker     d.u.i.k.n.KeyIO           MODE: declarations took 0 ms 
415729     INFO  Test worker     d.u.i.k.n.KeyIO           Parsing took 0 ms 
415729     INFO  Test worker     d.u.i.k.n.KeyIO           MODE: declarations took 0 ms 
415729     INFO  Test worker     d.u.i.k.n.KeyIO           Parsing took 0 ms 
415729     INFO  Test worker     d.u.i.k.n.KeyIO           MODE: declarations took 0 ms 
418997     INFO  Test worker     d.u.i.k.n.KeyIO           Parsing took 0 ms 
418997     INFO  Test worker     d.u.i.k.n.KeyIO           MODE: declarations took 0 ms 
418998     INFO  Test worker     d.u.i.k.n.KeyIO           Parsing took 0 ms 
418998     INFO  Test worker     d.u.i.k.n.KeyIO           MODE: declarations took 0 ms 
418998     INFO  Test worker     d.u.i.k.n.KeyIO           Parsing took 0 ms 
418998     INFO  Test worker     d.u.i.k.n.KeyIO           MODE: declarations took 0 ms 
418998     INFO  Test worker     d.u.i.k.n.KeyIO           Parsing took 0 ms 
418998     INFO  Test worker     d.u.i.k.n.KeyIO           MODE: declarations took 0 ms 
418998     INFO  Test worker     d.u.i.k.n.KeyIO           Parsing took 0 ms 
418998     INFO  Test worker     d.u.i.k.n.KeyIO           MODE: declarations took 0 ms 
422302     INFO  Test worker     d.u.i.k.n.KeyIO           Parsing took 0 ms 
422302     INFO  Test worker     d.u.i.k.n.KeyIO           MODE: declarations took 0 ms 
422302     INFO  Test worker     d.u.i.k.n.KeyIO           Parsing took 0 ms 
422302     INFO  Test worker     d.u.i.k.n.KeyIO           MODE: declarations took 0 ms 
422303     INFO  Test worker     d.u.i.k.n.KeyIO           Parsing took 0 ms 
422303     INFO  Test worker     d.u.i.k.n.KeyIO           MODE: declarations took 0 ms 
422303     INFO  Test worker     d.u.i.k.n.KeyIO           Parsing took 0 ms 
422303     INFO  Test worker     d.u.i.k.n.KeyIO           MODE: declarations took 0 ms 
422303     INFO  Test worker     d.u.i.k.n.KeyIO           Parsing took 0 ms 
422303     INFO  Test worker     d.u.i.k.n.KeyIO           MODE: declarations took 0 ms 
425752     INFO  Test worker     d.u.i.k.n.KeyIO           Parsing took 0 ms 
425753     INFO  Test worker     d.u.i.k.n.KeyIO           MODE: declarations took 0 ms 
425753     INFO  Test worker     d.u.i.k.n.KeyIO           Parsing took 0 ms 
425753     INFO  Test worker     d.u.i.k.n.KeyIO           MODE: declarations took 0 ms 
425753     INFO  Test worker     d.u.i.k.n.KeyIO           Parsing took 0 ms 
425753     INFO  Test worker     d.u.i.k.n.KeyIO           MODE: declarations took 0 ms 
425753     INFO  Test worker     d.u.i.k.n.KeyIO           Parsing took 0 ms 
425753     INFO  Test worker     d.u.i.k.n.KeyIO           MODE: declarations took 0 ms 
425753     INFO  Test worker     d.u.i.k.n.KeyIO           Parsing took 0 ms 
425753     INFO  Test worker     d.u.i.k.n.KeyIO           MODE: declarations took 0 ms 
429128     INFO  Test worker     d.u.i.k.n.KeyIO           Parsing took 0 ms 
429128     INFO  Test worker     d.u.i.k.n.KeyIO           MODE: declarations took 0 ms 
429129     INFO  Test worker     d.u.i.k.n.KeyIO           Parsing took 0 ms 
429129     INFO  Test worker     d.u.i.k.n.KeyIO           MODE: declarations took 0 ms 
429129     INFO  Test worker     d.u.i.k.n.KeyIO           Parsing took 0 ms 
429129     INFO  Test worker     d.u.i.k.n.KeyIO           MODE: declarations took 0 ms 
429129     INFO  Test worker     d.u.i.k.n.KeyIO           Parsing took 0 ms 
429129     INFO  Test worker     d.u.i.k.n.KeyIO           MODE: declarations took 0 ms 
429129     INFO  Test worker     d.u.i.k.n.KeyIO           Parsing took 0 ms 
429129     INFO  Test worker     d.u.i.k.n.KeyIO           MODE: declarations took 0 ms 
432520     INFO  Test worker     d.u.i.k.n.KeyIO           Parsing took 0 ms 
432520     INFO  Test worker     d.u.i.k.n.KeyIO           MODE: declarations took 0 ms 
432520     INFO  Test worker     d.u.i.k.n.KeyIO           Parsing took 0 ms 
432520     INFO  Test worker     d.u.i.k.n.KeyIO           MODE: declarations took 0 ms 
432520     INFO  Test worker     d.u.i.k.n.KeyIO           Parsing took 0 ms 
432521     INFO  Test worker     d.u.i.k.n.KeyIO           MODE: declarations took 0 ms 
432521     INFO  Test worker     d.u.i.k.n.KeyIO           Parsing took 0 ms 
432521     INFO  Test worker     d.u.i.k.n.KeyIO           MODE: declarations took 0 ms 
432521     INFO  Test worker     d.u.i.k.n.KeyIO           Parsing took 0 ms 
432521     INFO  Test worker     d.u.i.k.n.KeyIO           MODE: declarations took 0 ms 
435957     INFO  Test worker     d.u.i.k.n.KeyIO           Parsing took 0 ms 
435957     INFO  Test worker     d.u.i.k.n.KeyIO           MODE: declarations took 0 ms 
435957     INFO  Test worker     d.u.i.k.n.KeyIO           Parsing took 0 ms 
435957     INFO  Test worker     d.u.i.k.n.KeyIO           MODE: declarations took 0 ms 
435957     INFO  Test worker     d.u.i.k.n.KeyIO           Parsing took 0 ms 
435957     INFO  Test worker     d.u.i.k.n.KeyIO           MODE: declarations took 0 ms 
435957     INFO  Test worker     d.u.i.k.n.KeyIO           Parsing took 0 ms 
435957     INFO  Test worker     d.u.i.k.n.KeyIO           MODE: declarations took 0 ms 
435957     INFO  Test worker     d.u.i.k.n.KeyIO           Parsing took 0 ms 
435957     INFO  Test worker     d.u.i.k.n.KeyIO           MODE: declarations took 0 ms 
439359     INFO  Test worker     d.u.i.k.n.KeyIO           Parsing took 0 ms 
439359     INFO  Test worker     d.u.i.k.n.KeyIO           MODE: declarations took 0 ms 
439359     INFO  Test worker     d.u.i.k.n.KeyIO           Parsing took 0 ms 
439359     INFO  Test worker     d.u.i.k.n.KeyIO           MODE: declarations took 0 ms 
439359     INFO  Test worker     d.u.i.k.n.KeyIO           Parsing took 0 ms 
439359     INFO  Test worker     d.u.i.k.n.KeyIO           MODE: declarations took 0 ms 
439359     INFO  Test worker     d.u.i.k.n.KeyIO           Parsing took 0 ms 
439359     INFO  Test worker     d.u.i.k.n.KeyIO           MODE: declarations took 0 ms 
439359     INFO  Test worker     d.u.i.k.n.KeyIO           Parsing took 0 ms 
439359     INFO  Test worker     d.u.i.k.n.KeyIO           MODE: declarations took 0 ms 
442770     INFO  Test worker     d.u.i.k.n.KeyIO           Parsing took 0 ms 
442770     INFO  Test worker     d.u.i.k.n.KeyIO           MODE: declarations took 0 ms 
442770     INFO  Test worker     d.u.i.k.n.KeyIO           Parsing took 0 ms 
442770     INFO  Test worker     d.u.i.k.n.KeyIO           MODE: declarations took 0 ms 
442770     INFO  Test worker     d.u.i.k.n.KeyIO           Parsing took 0 ms 
442770     INFO  Test worker     d.u.i.k.n.KeyIO           MODE: declarations took 0 ms 
442770     INFO  Test worker     d.u.i.k.n.KeyIO           Parsing took 0 ms 
442770     INFO  Test worker     d.u.i.k.n.KeyIO           MODE: declarations took 0 ms 
442772     INFO  Test worker     d.u.i.k.n.KeyIO           Parsing took 0 ms 
442772     INFO  Test worker     d.u.i.k.n.KeyIO           MODE: declarations took 0 ms 
446184     INFO  Test worker     d.u.i.k.n.KeyIO           Parsing took 0 ms 
446185     INFO  Test worker     d.u.i.k.n.KeyIO           MODE: declarations took 0 ms 
446185     INFO  Test worker     d.u.i.k.n.KeyIO           Parsing took 0 ms 
446185     INFO  Test worker     d.u.i.k.n.KeyIO           MODE: declarations took 0 ms 
446185     INFO  Test worker     d.u.i.k.n.KeyIO           Parsing took 0 ms 
446185     INFO  Test worker     d.u.i.k.n.KeyIO           MODE: declarations took 0 ms 
446185     INFO  Test worker     d.u.i.k.n.KeyIO           Parsing took 0 ms 
446186     INFO  Test worker     d.u.i.k.n.KeyIO           MODE: declarations took 0 ms 
446186     INFO  Test worker     d.u.i.k.n.KeyIO           Parsing took 0 ms 
446186     INFO  Test worker     d.u.i.k.n.KeyIO           MODE: declarations took 0 ms 
449560     INFO  Test worker     d.u.i.k.n.KeyIO           Parsing took 0 ms 
449560     INFO  Test worker     d.u.i.k.n.KeyIO           MODE: declarations took 0 ms 
449561     INFO  Test worker     d.u.i.k.n.KeyIO           Parsing took 0 ms 
449561     INFO  Test worker     d.u.i.k.n.KeyIO           MODE: declarations took 0 ms 
449561     INFO  Test worker     d.u.i.k.n.KeyIO           Parsing took 0 ms 
449561     INFO  Test worker     d.u.i.k.n.KeyIO           MODE: declarations took 0 ms 
449561     INFO  Test worker     d.u.i.k.n.KeyIO           Parsing took 0 ms 
449561     INFO  Test worker     d.u.i.k.n.KeyIO           MODE: declarations took 0 ms 
449561     INFO  Test worker     d.u.i.k.n.KeyIO           Parsing took 0 ms 
449561     INFO  Test worker     d.u.i.k.n.KeyIO           MODE: declarations took 0 ms 
452965     INFO  Test worker     d.u.i.k.n.KeyIO           Parsing took 0 ms 
452965     INFO  Test worker     d.u.i.k.n.KeyIO           MODE: declarations took 0 ms 
452965     INFO  Test worker     d.u.i.k.n.KeyIO           Parsing took 0 ms 
452965     INFO  Test worker     d.u.i.k.n.KeyIO           MODE: declarations took 0 ms 
452965     INFO  Test worker     d.u.i.k.n.KeyIO           Parsing took 0 ms 
452965     INFO  Test worker     d.u.i.k.n.KeyIO           MODE: declarations took 0 ms 
452966     INFO  Test worker     d.u.i.k.n.KeyIO           Parsing took 1 ms 
452966     INFO  Test worker     d.u.i.k.n.KeyIO           MODE: declarations took 0 ms 
452966     INFO  Test worker     d.u.i.k.n.KeyIO           Parsing took 0 ms 
452966     INFO  Test worker     d.u.i.k.n.KeyIO           MODE: declarations took 0 ms 
456338     INFO  Test worker     d.u.i.k.n.KeyIO           Parsing took 0 ms 
456338     INFO  Test worker     d.u.i.k.n.KeyIO           MODE: declarations took 0 ms 
456338     INFO  Test worker     d.u.i.k.n.KeyIO           Parsing took 0 ms 
456338     INFO  Test worker     d.u.i.k.n.KeyIO           MODE: declarations took 0 ms 
456338     INFO  Test worker     d.u.i.k.n.KeyIO           Parsing took 0 ms 
456338     INFO  Test worker     d.u.i.k.n.KeyIO           MODE: declarations took 0 ms 
456338     INFO  Test worker     d.u.i.k.n.KeyIO           Parsing took 0 ms 
456338     INFO  Test worker     d.u.i.k.n.KeyIO           MODE: declarations took 0 ms 
456338     INFO  Test worker     d.u.i.k.n.KeyIO           Parsing took 0 ms 
456338     INFO  Test worker     d.u.i.k.n.KeyIO           MODE: declarations took 0 ms 
459769     INFO  Test worker     d.u.i.k.n.KeyIO           Parsing took 0 ms 
459770     INFO  Test worker     d.u.i.k.n.KeyIO           MODE: declarations took 0 ms 
459770     INFO  Test worker     d.u.i.k.n.KeyIO           Parsing took 0 ms 
459770     INFO  Test worker     d.u.i.k.n.KeyIO           MODE: declarations took 0 ms 
459770     INFO  Test worker     d.u.i.k.n.KeyIO           Parsing took 0 ms 
459771     INFO  Test worker     d.u.i.k.n.KeyIO           MODE: declarations took 0 ms 
459771     INFO  Test worker     d.u.i.k.n.KeyIO           Parsing took 0 ms 
459771     INFO  Test worker     d.u.i.k.n.KeyIO           MODE: declarations took 0 ms 
459771     INFO  Test worker     d.u.i.k.n.KeyIO           Parsing took 0 ms 
459772     INFO  Test worker     d.u.i.k.n.KeyIO           MODE: declarations took 0 ms 
463192     INFO  Test worker     d.u.i.k.n.KeyIO           Parsing took 0 ms 
463192     INFO  Test worker     d.u.i.k.n.KeyIO           MODE: declarations took 0 ms 
463192     INFO  Test worker     d.u.i.k.n.KeyIO           Parsing took 0 ms 
463192     INFO  Test worker     d.u.i.k.n.KeyIO           MODE: declarations took 0 ms 
463192     INFO  Test worker     d.u.i.k.n.KeyIO           Parsing took 0 ms 
463192     INFO  Test worker     d.u.i.k.n.KeyIO           MODE: declarations took 0 ms 
463192     INFO  Test worker     d.u.i.k.n.KeyIO           Parsing took 0 ms 
463192     INFO  Test worker     d.u.i.k.n.KeyIO           MODE: declarations took 0 ms 
463192     INFO  Test worker     d.u.i.k.n.KeyIO           Parsing took 0 ms 
463192     INFO  Test worker     d.u.i.k.n.KeyIO           MODE: declarations took 0 ms 
466622     INFO  Test worker     d.u.i.k.n.KeyIO           Parsing took 0 ms 
466622     INFO  Test worker     d.u.i.k.n.KeyIO           MODE: declarations took 0 ms 
466623     INFO  Test worker     d.u.i.k.n.KeyIO           Parsing took 0 ms 
466623     INFO  Test worker     d.u.i.k.n.KeyIO           MODE: declarations took 0 ms 
466623     INFO  Test worker     d.u.i.k.n.KeyIO           Parsing took 0 ms 
466623     INFO  Test worker     d.u.i.k.n.KeyIO           MODE: declarations took 0 ms 
466623     INFO  Test worker     d.u.i.k.n.KeyIO           Parsing took 0 ms 
466623     INFO  Test worker     d.u.i.k.n.KeyIO           MODE: declarations took 0 ms 
466623     INFO  Test worker     d.u.i.k.n.KeyIO           Parsing took 0 ms 
466623     INFO  Test worker     d.u.i.k.n.KeyIO           MODE: declarations took 0 ms 
]]></system-out>
  <system-err><![CDATA[]]></system-err>
</testsuite>
