<?xml version="1.0" encoding="UTF-8"?>
<testsuite name="de.uka.ilkd.key.logic.TestClashFreeSubst" tests="14" skipped="2" failures="0" errors="0" timestamp="2023-04-06T23:01:26" hostname="fv-az193-875" time="53.548">
  <properties/>
  <testcase name="testMultiShareBound()" classname="de.uka.ilkd.key.logic.TestClashFreeSubst" time="0.985"/>
  <testcase name="testClash()" classname="de.uka.ilkd.key.logic.TestClashFreeSubst" time="0.972"/>
  <testcase name="testShare()" classname="de.uka.ilkd.key.logic.TestClashFreeSubst" time="1.029"/>
  <testcase name="testSubst()" classname="de.uka.ilkd.key.logic.TestClashFreeSubst" time="1.028"/>
  <testcase name="testWary0()" classname="de.uka.ilkd.key.logic.TestClashFreeSubst" time="0.939"/>
  <testcase name="testWary1()" classname="de.uka.ilkd.key.logic.TestClashFreeSubst" time="0.999"/>
  <testcase name="testWary2()" classname="de.uka.ilkd.key.logic.TestClashFreeSubst" time="1.053"/>
  <testcase name="testClashInSubstTerm()" classname="de.uka.ilkd.key.logic.TestClashFreeSubst" time="0.966"/>
  <testcase name="testShareWary()" classname="de.uka.ilkd.key.logic.TestClashFreeSubst" time="0.91"/>
  <testcase name="testMultiSubst()" classname="de.uka.ilkd.key.logic.TestClashFreeSubst" time="0.92"/>
  <testcase name="xtestMultiClash()" classname="de.uka.ilkd.key.logic.TestClashFreeSubst" time="0.0">
    <skipped/>
  </testcase>
  <testcase name="testSubstInSubstTerm()" classname="de.uka.ilkd.key.logic.TestClashFreeSubst" time="0.917"/>
  <testcase name="testSubstWary()" classname="de.uka.ilkd.key.logic.TestClashFreeSubst" time="0.959"/>
  <testcase name="xtestMultiClash1()" classname="de.uka.ilkd.key.logic.TestClashFreeSubst" time="0.0">
    <skipped/>
  </testcase>
  <system-out><![CDATA[40135      INFO  Test worker     d.u.i.k.n.KeyIO           Parsing took 0 ms 
40136      INFO  Test worker     d.u.i.k.n.KeyIO           MODE: declarations took 0 ms 
41115      INFO  Test worker     d.u.i.k.n.KeyIO           Parsing took 0 ms 
41115      INFO  Test worker     d.u.i.k.n.KeyIO           MODE: declarations took 0 ms 
44524      INFO  Test worker     d.u.i.k.n.KeyIO           Parsing took 0 ms 
44525      INFO  Test worker     d.u.i.k.n.KeyIO           MODE: declarations took 0 ms 
45488      INFO  Test worker     d.u.i.k.n.KeyIO           Parsing took 0 ms 
45489      INFO  Test worker     d.u.i.k.n.KeyIO           MODE: declarations took 0 ms 
48717      INFO  Test worker     d.u.i.k.n.KeyIO           Parsing took 0 ms 
48718      INFO  Test worker     d.u.i.k.n.KeyIO           MODE: declarations took 0 ms 
49743      INFO  Test worker     d.u.i.k.n.KeyIO           Parsing took 0 ms 
49743      INFO  Test worker     d.u.i.k.n.KeyIO           MODE: declarations took 0 ms 
53064      INFO  Test worker     d.u.i.k.n.KeyIO           Parsing took 0 ms 
53065      INFO  Test worker     d.u.i.k.n.KeyIO           MODE: declarations took 0 ms 
54089      INFO  Test worker     d.u.i.k.n.KeyIO           Parsing took 0 ms 
54090      INFO  Test worker     d.u.i.k.n.KeyIO           MODE: declarations took 0 ms 
57271      INFO  Test worker     d.u.i.k.n.KeyIO           Parsing took 0 ms 
57271      INFO  Test worker     d.u.i.k.n.KeyIO           MODE: declarations took 0 ms 
58207      INFO  Test worker     d.u.i.k.n.KeyIO           Parsing took 0 ms 
58207      INFO  Test worker     d.u.i.k.n.KeyIO           MODE: declarations took 0 ms 
61352      INFO  Test worker     d.u.i.k.n.KeyIO           Parsing took 1 ms 
61352      INFO  Test worker     d.u.i.k.n.KeyIO           MODE: declarations took 0 ms 
62348      INFO  Test worker     d.u.i.k.n.KeyIO           Parsing took 0 ms 
62348      INFO  Test worker     d.u.i.k.n.KeyIO           MODE: declarations took 0 ms 
65631      INFO  Test worker     d.u.i.k.n.KeyIO           Parsing took 0 ms 
65632      INFO  Test worker     d.u.i.k.n.KeyIO           MODE: declarations took 0 ms 
66680      INFO  Test worker     d.u.i.k.n.KeyIO           Parsing took 0 ms 
66680      INFO  Test worker     d.u.i.k.n.KeyIO           MODE: declarations took 0 ms 
69903      INFO  Test worker     d.u.i.k.n.KeyIO           Parsing took 0 ms 
69904      INFO  Test worker     d.u.i.k.n.KeyIO           MODE: declarations took 0 ms 
70865      INFO  Test worker     d.u.i.k.n.KeyIO           Parsing took 1 ms 
70866      INFO  Test worker     d.u.i.k.n.KeyIO           MODE: declarations took 0 ms 
74049      INFO  Test worker     d.u.i.k.n.KeyIO           Parsing took 0 ms 
74050      INFO  Test worker     d.u.i.k.n.KeyIO           MODE: declarations took 0 ms 
74952      INFO  Test worker     d.u.i.k.n.KeyIO           Parsing took 0 ms 
74953      INFO  Test worker     d.u.i.k.n.KeyIO           MODE: declarations took 1 ms 
78210      INFO  Test worker     d.u.i.k.n.KeyIO           Parsing took 0 ms 
78210      INFO  Test worker     d.u.i.k.n.KeyIO           MODE: declarations took 0 ms 
79127      INFO  Test worker     d.u.i.k.n.KeyIO           Parsing took 0 ms 
79128      INFO  Test worker     d.u.i.k.n.KeyIO           MODE: declarations took 0 ms 
85482      INFO  Test worker     d.u.i.k.n.KeyIO           Parsing took 0 ms 
85482      INFO  Test worker     d.u.i.k.n.KeyIO           MODE: declarations took 0 ms 
86395      INFO  Test worker     d.u.i.k.n.KeyIO           Parsing took 0 ms 
86396      INFO  Test worker     d.u.i.k.n.KeyIO           MODE: declarations took 0 ms 
89628      INFO  Test worker     d.u.i.k.n.KeyIO           Parsing took 0 ms 
89629      INFO  Test worker     d.u.i.k.n.KeyIO           MODE: declarations took 1 ms 
90582      INFO  Test worker     d.u.i.k.n.KeyIO           Parsing took 0 ms 
90583      INFO  Test worker     d.u.i.k.n.KeyIO           MODE: declarations took 0 ms 
]]></system-out>
  <system-err><![CDATA[]]></system-err>
</testsuite>
