<?xml version="1.0" encoding="UTF-8"?>
<testsuite name="de.uka.ilkd.key.parser.TestDeclParser" tests="14" skipped="2" failures="0" errors="0" timestamp="2023-04-06T23:04:38" hostname="fv-az193-875" time="12.227">
  <properties/>
  <testcase name="testGenericSortDecl1()" classname="de.uka.ilkd.key.parser.TestDeclParser" time="1.094"/>
  <testcase name="testGenericSortDecl2()" classname="de.uka.ilkd.key.parser.TestDeclParser" time="0.927"/>
  <testcase name="testGenericSortDecl3()" classname="de.uka.ilkd.key.parser.TestDeclParser" time="0.991"/>
  <testcase name="testGenericSortDecl4()" classname="de.uka.ilkd.key.parser.TestDeclParser" time="1.018"/>
  <testcase name="testGenericSortDecl5()" classname="de.uka.ilkd.key.parser.TestDeclParser" time="0.0">
    <skipped/>
  </testcase>
  <testcase name="testGenericSortDecl6()" classname="de.uka.ilkd.key.parser.TestDeclParser" time="1.029"/>
  <testcase name="testSortDecl()" classname="de.uka.ilkd.key.parser.TestDeclParser" time="0.961"/>
  <testcase name="testProxySortDecl()" classname="de.uka.ilkd.key.parser.TestDeclParser" time="0.971"/>
  <testcase name="testArrayDecl()" classname="de.uka.ilkd.key.parser.TestDeclParser" time="1.052"/>
  <testcase name="testAmbiguousDecls()" classname="de.uka.ilkd.key.parser.TestDeclParser" time="0.0">
    <skipped/>
  </testcase>
  <testcase name="testHeurDecl()" classname="de.uka.ilkd.key.parser.TestDeclParser" time="1.049"/>
  <testcase name="testFunctionDecl()" classname="de.uka.ilkd.key.parser.TestDeclParser" time="0.975"/>
  <testcase name="testPredicateDecl()" classname="de.uka.ilkd.key.parser.TestDeclParser" time="1.077"/>
  <testcase name="testSVDecl()" classname="de.uka.ilkd.key.parser.TestDeclParser" time="1.076"/>
  <system-out><![CDATA[233474     INFO  Test worker     d.u.i.k.n.KeyIO           Parsing took 0 ms 
233476     INFO  Test worker     d.u.i.k.n.KeyIO           MODE: declarations took 0 ms 
234403     INFO  Test worker     d.u.i.k.n.KeyIO           Parsing took 0 ms 
234404     INFO  Test worker     d.u.i.k.n.KeyIO           MODE: declarations took 0 ms 
235395     INFO  Test worker     d.u.i.k.n.KeyIO           Parsing took 0 ms 
235395     INFO  Test worker     d.u.i.k.n.KeyIO           MODE: declarations took 0 ms 
236414     INFO  Test worker     d.u.i.k.n.KeyIO           Parsing took 0 ms 
236414     INFO  Test worker     d.u.i.k.n.KeyIO           MODE: declarations took 0 ms 
237444     INFO  Test worker     d.u.i.k.n.KeyIO           Parsing took 0 ms 
237444     INFO  Test worker     d.u.i.k.n.KeyIO           MODE: declarations took 0 ms 
238405     INFO  Test worker     d.u.i.k.n.KeyIO           Parsing took 0 ms 
238406     INFO  Test worker     d.u.i.k.n.KeyIO           MODE: declarations took 0 ms 
239376     INFO  Test worker     d.u.i.k.n.KeyIO           Parsing took 0 ms 
239377     INFO  Test worker     d.u.i.k.n.KeyIO           MODE: declarations took 0 ms 
240429     INFO  Test worker     d.u.i.k.n.KeyIO           Parsing took 0 ms 
240429     INFO  Test worker     d.u.i.k.n.KeyIO           MODE: declarations took 0 ms 
241479     INFO  Test worker     d.u.i.k.n.KeyIO           Parsing took 0 ms 
241479     INFO  Test worker     d.u.i.k.n.KeyIO           MODE: declarations took 0 ms 
242456     INFO  Test worker     d.u.i.k.n.KeyIO           Parsing took 1 ms 
242456     INFO  Test worker     d.u.i.k.n.KeyIO           MODE: declarations took 0 ms 
243533     INFO  Test worker     d.u.i.k.n.KeyIO           Parsing took 0 ms 
243533     INFO  Test worker     d.u.i.k.n.KeyIO           MODE: declarations took 0 ms 
244608     INFO  Test worker     d.u.i.k.n.KeyIO           Parsing took 0 ms 
244608     INFO  Test worker     d.u.i.k.n.KeyIO           MODE: declarations took 0 ms 
]]></system-out>
  <system-err><![CDATA[]]></system-err>
</testsuite>
