<?xml version="1.0" encoding="UTF-8"?>
<testsuite name="de.uka.ilkd.key.nparser.ExprTest" tests="23" skipped="0" failures="0" errors="0" timestamp="2023-04-06T23:04:25" hostname="fv-az193-875" time="2.495">
  <properties/>
  <testcase name="[1] (bprod{int y;}(1, 2, y) = 0)" classname="de.uka.ilkd.key.nparser.ExprTest" time="0.023"/>
  <testcase name="[2] 1 = 1 -&gt; 2 = 2" classname="de.uka.ilkd.key.nparser.ExprTest" time="0.014"/>
  <testcase name="[3] \&lt; { int x = 1; } \&gt; x=1" classname="de.uka.ilkd.key.nparser.ExprTest" time="1.054"/>
  <testcase name="[4] \&lt;{ int x = 1; {int s = 2;} }\&gt; x=x" classname="de.uka.ilkd.key.nparser.ExprTest" time="1.064"/>
  <testcase name="[5] true" classname="de.uka.ilkd.key.nparser.ExprTest" time="0.02"/>
  <testcase name="[6] true &amp; false" classname="de.uka.ilkd.key.nparser.ExprTest" time="0.02"/>
  <testcase name="[7] 0" classname="de.uka.ilkd.key.nparser.ExprTest" time="0.032"/>
  <testcase name="[8] 1" classname="de.uka.ilkd.key.nparser.ExprTest" time="0.019"/>
  <testcase name="[9] 42" classname="de.uka.ilkd.key.nparser.ExprTest" time="0.015"/>
  <testcase name="[10] -5" classname="de.uka.ilkd.key.nparser.ExprTest" time="0.014"/>
  <testcase name="[11] 1 + 1 = 2" classname="de.uka.ilkd.key.nparser.ExprTest" time="0.013"/>
  <testcase name="[12] \if (3=4) \then (1) \else (2)" classname="de.uka.ilkd.key.nparser.ExprTest" time="0.015"/>
  <testcase name="[13] \if (3=4 &amp; 1=1) \then (\if (3=4) \then (1) \else (2)) \else (2)" classname="de.uka.ilkd.key.nparser.ExprTest" time="0.022"/>
  <testcase name="[14] aa + bb*cc" classname="de.uka.ilkd.key.nparser.ExprTest" time="0.014"/>
  <testcase name="[15] aa%bb*cc &lt; -123" classname="de.uka.ilkd.key.nparser.ExprTest" time="0.012"/>
  <testcase name="[16] \forall int x; true" classname="de.uka.ilkd.key.nparser.ExprTest" time="0.024"/>
  <testcase name="[17] \forall numbers x; x = x" classname="de.uka.ilkd.key.nparser.ExprTest" time="0.012"/>
  <testcase name="[18] (int)3+2" classname="de.uka.ilkd.key.nparser.ExprTest" time="0.012"/>
  <testcase name="[19] 1.f + 1f = 20e-1f * (2f-1f)" classname="de.uka.ilkd.key.nparser.ExprTest" time="0.013"/>
  <testcase name="[20] 1.d + 1d &lt;= 20e+1d * .01d" classname="de.uka.ilkd.key.nparser.ExprTest" time="0.012"/>
  <testcase name="[21] 1f &lt;= 2f" classname="de.uka.ilkd.key.nparser.ExprTest" time="0.019"/>
  <testcase name="[22] 2d &gt; 1d" classname="de.uka.ilkd.key.nparser.ExprTest" time="0.014"/>
  <testcase name="[23] seqEmpty + seqEmpty" classname="de.uka.ilkd.key.nparser.ExprTest" time="0.016"/>
  <system-out><![CDATA[219481     INFO  Test worker     d.u.i.k.n.KeyIO           Parsing took 13 ms 
219485     INFO  Test worker     d.u.i.k.n.KeyIO           MODE: declarations took 1 ms 
219489     INFO  Test worker     d.u.i.k.n.ExprTest        Term: equals(bprod{y:int}(Z(1(#)),Z(2(#)),y),Z(0(#))) 
219501     INFO  Test worker     d.u.i.k.n.KeyIO           Parsing took 9 ms 
219502     INFO  Test worker     d.u.i.k.n.KeyIO           MODE: declarations took 1 ms 
219504     INFO  Test worker     d.u.i.k.n.ExprTest        Term: imp(equals(Z(1(#)),Z(1(#))),equals(Z(2(#)),Z(2(#)))) 
219515     INFO  Test worker     d.u.i.k.n.KeyIO           Parsing took 8 ms 
219516     INFO  Test worker     d.u.i.k.n.KeyIO           MODE: declarations took 0 ms 
220556     INFO  Test worker     d.u.i.k.n.ExprTest        Term: \<{
  int x = 1;
}\> (equals(x,Z(1(#)))) 
220569     INFO  Test worker     d.u.i.k.n.KeyIO           Parsing took 7 ms 
220571     INFO  Test worker     d.u.i.k.n.KeyIO           MODE: declarations took 1 ms 
221621     INFO  Test worker     d.u.i.k.n.ExprTest        Term: \<{
  int x = 1;
  {
    int s = 2;
  }
}\> (equals(x,x)) 
221633     INFO  Test worker     d.u.i.k.n.KeyIO           Parsing took 7 ms 
221642     INFO  Test worker     d.u.i.k.n.KeyIO           MODE: declarations took 9 ms 
221644     INFO  Test worker     d.u.i.k.n.ExprTest        Term: true 
221653     INFO  Test worker     d.u.i.k.n.KeyIO           Parsing took 7 ms 
221662     INFO  Test worker     d.u.i.k.n.KeyIO           MODE: declarations took 0 ms 
221665     INFO  Test worker     d.u.i.k.n.ExprTest        Term: and(true,false) 
221686     INFO  Test worker     d.u.i.k.n.KeyIO           Parsing took 19 ms 
221693     INFO  Test worker     d.u.i.k.n.KeyIO           MODE: declarations took 1 ms 
221697     INFO  Test worker     d.u.i.k.n.ExprTest        Term: Z(0(#)) 
221713     INFO  Test worker     d.u.i.k.n.KeyIO           Parsing took 13 ms 
221714     INFO  Test worker     d.u.i.k.n.KeyIO           MODE: declarations took 1 ms 
221717     INFO  Test worker     d.u.i.k.n.ExprTest        Term: Z(1(#)) 
221728     INFO  Test worker     d.u.i.k.n.KeyIO           Parsing took 8 ms 
221729     INFO  Test worker     d.u.i.k.n.KeyIO           MODE: declarations took 1 ms 
221733     INFO  Test worker     d.u.i.k.n.ExprTest        Term: Z(2(4(#))) 
221744     INFO  Test worker     d.u.i.k.n.KeyIO           Parsing took 8 ms 
221745     INFO  Test worker     d.u.i.k.n.KeyIO           MODE: declarations took 0 ms 
221748     INFO  Test worker     d.u.i.k.n.ExprTest        Term: Z(neglit(5(#))) 
221758     INFO  Test worker     d.u.i.k.n.KeyIO           Parsing took 8 ms 
221759     INFO  Test worker     d.u.i.k.n.KeyIO           MODE: declarations took 0 ms 
221762     INFO  Test worker     d.u.i.k.n.ExprTest        Term: equals(add(Z(1(#)),Z(1(#))),Z(2(#))) 
221774     INFO  Test worker     d.u.i.k.n.KeyIO           Parsing took 10 ms 
221775     INFO  Test worker     d.u.i.k.n.KeyIO           MODE: declarations took 1 ms 
221777     INFO  Test worker     d.u.i.k.n.ExprTest        Term: if-then-else(equals(Z(3(#)),Z(4(#))),Z(1(#)),Z(2(#))) 
221796     INFO  Test worker     d.u.i.k.n.KeyIO           Parsing took 16 ms 
221798     INFO  Test worker     d.u.i.k.n.KeyIO           MODE: declarations took 1 ms 
221800     INFO  Test worker     d.u.i.k.n.ExprTest        Term: if-then-else(and(equals(Z(3(#)),Z(4(#))),equals(Z(1(#)),Z(1(#)))),if-then-else(equals(Z(3(#)),Z(4(#))),Z(1(#)),Z(2(#))),Z(2(#))) 
221812     INFO  Test worker     d.u.i.k.n.KeyIO           Parsing took 9 ms 
221813     INFO  Test worker     d.u.i.k.n.KeyIO           MODE: declarations took 1 ms 
221815     INFO  Test worker     d.u.i.k.n.ExprTest        Term: add(aa,mul(bb,cc)) 
221825     INFO  Test worker     d.u.i.k.n.KeyIO           Parsing took 7 ms 
221826     INFO  Test worker     d.u.i.k.n.KeyIO           MODE: declarations took 1 ms 
221828     INFO  Test worker     d.u.i.k.n.ExprTest        Term: lt(mul(mod(aa,bb),cc),Z(neglit(3(2(1(#)))))) 
221849     INFO  Test worker     d.u.i.k.n.KeyIO           Parsing took 17 ms 
221851     INFO  Test worker     d.u.i.k.n.KeyIO           MODE: declarations took 1 ms 
221854     INFO  Test worker     d.u.i.k.n.ExprTest        Term: all{x:int}(true) 
221864     INFO  Test worker     d.u.i.k.n.KeyIO           Parsing took 7 ms 
221865     INFO  Test worker     d.u.i.k.n.KeyIO           MODE: declarations took 1 ms 
221867     INFO  Test worker     d.u.i.k.n.ExprTest        Term: all{x:numbers}(equals(x,x)) 
221879     INFO  Test worker     d.u.i.k.n.KeyIO           Parsing took 7 ms 
221880     INFO  Test worker     d.u.i.k.n.KeyIO           MODE: declarations took 0 ms 
221883     INFO  Test worker     d.u.i.k.n.ExprTest        Term: add(int::cast(Z(3(#))),Z(2(#))) 
221892     INFO  Test worker     d.u.i.k.n.KeyIO           Parsing took 7 ms 
221894     INFO  Test worker     d.u.i.k.n.KeyIO           MODE: declarations took 1 ms 
221896     INFO  Test worker     d.u.i.k.n.ExprTest        Term: equals(addFloat(FP(6(1(2(3(5(3(5(6(0(1(#))))))))))),FP(6(1(2(3(5(3(5(6(0(1(#)))))))))))),mulFloat(FP(4(2(8(1(4(7(3(7(0(1(#))))))))))),subFloat(FP(4(2(8(1(4(7(3(7(0(1(#))))))))))),FP(6(1(2(3(5(3(5(6(0(1(#)))))))))))))) 
221905     INFO  Test worker     d.u.i.k.n.KeyIO           Parsing took 6 ms 
221907     INFO  Test worker     d.u.i.k.n.KeyIO           MODE: declarations took 1 ms 
221909     INFO  Test worker     d.u.i.k.n.ExprTest        Term: leqDouble(addDouble(DFP(8(0(4(7(1(0(0(0(8(8(1(4(2(8(1(7(0(6(4(#)))))))))))))))))))),DFP(8(0(4(7(1(0(0(0(8(8(1(4(2(8(1(7(0(6(4(#))))))))))))))))))))),mulDouble(DFP(4(8(7(6(0(0(2(8(9(0(9(8(0(4(2(1(4(6(4(#)))))))))))))))))))),DFP(5(7(6(7(8(0(4(0(3(9(2(2(8(1(9(6(7(5(4(#)))))))))))))))))))))) 
221924     INFO  Test worker     d.u.i.k.n.KeyIO           Parsing took 12 ms 
221926     INFO  Test worker     d.u.i.k.n.KeyIO           MODE: declarations took 1 ms 
221929     INFO  Test worker     d.u.i.k.n.ExprTest        Term: leqFloat(FP(6(1(2(3(5(3(5(6(0(1(#))))))))))),FP(4(2(8(1(4(7(3(7(0(1(#)))))))))))) 
221939     INFO  Test worker     d.u.i.k.n.KeyIO           Parsing took 8 ms 
221941     INFO  Test worker     d.u.i.k.n.KeyIO           MODE: declarations took 1 ms 
221944     INFO  Test worker     d.u.i.k.n.ExprTest        Term: gtDouble(DFP(4(0(9(7(8(3(7(2(4(8(1(0(6(8(6(1(1(6(4(#)))))))))))))))))))),DFP(8(0(4(7(1(0(0(0(8(8(1(4(2(8(1(7(0(6(4(#))))))))))))))))))))) 
221954     INFO  Test worker     d.u.i.k.n.KeyIO           Parsing took 8 ms 
221956     INFO  Test worker     d.u.i.k.n.KeyIO           MODE: declarations took 1 ms 
221960     INFO  Test worker     d.u.i.k.n.ExprTest        Term: seqConcat(seqEmpty,seqEmpty) 
]]></system-out>
  <system-err><![CDATA[]]></system-err>
</testsuite>
