<?xml version="1.0" encoding="UTF-8"?>
<testsuite name="de.uka.ilkd.key.proof.runallproofs.RunAllProofsFunctional" tests="34" skipped="0" failures="0" errors="0" timestamp="2023-04-15T11:01:20" hostname="fv-az612-494" time="5048.053">
  <properties/>
  <testcase name="newBook" classname="de.uka.ilkd.key.proof.runallproofs.RunAllProofsFunctional" time="59.748"/>
  <testcase name="oldBook" classname="de.uka.ilkd.key.proof.runallproofs.RunAllProofsFunctional" time="15.987"/>
  <testcase name="comprehensions" classname="de.uka.ilkd.key.proof.runallproofs.RunAllProofsFunctional" time="62.617"/>
  <testcase name="performance" classname="de.uka.ilkd.key.proof.runallproofs.RunAllProofsFunctional" time="217.327"/>
  <testcase name="performancePOConstruction" classname="de.uka.ilkd.key.proof.runallproofs.RunAllProofsFunctional" time="73.343"/>
  <testcase name="applicationRestrictions" classname="de.uka.ilkd.key.proof.runallproofs.RunAllProofsFunctional" time="45.924"/>
  <testcase name="blockContracts" classname="de.uka.ilkd.key.proof.runallproofs.RunAllProofsFunctional" time="127.279"/>
  <testcase name="jmlAsserts" classname="de.uka.ilkd.key.proof.runallproofs.RunAllProofsFunctional" time="89.428"/>
  <testcase name="javaCard" classname="de.uka.ilkd.key.proof.runallproofs.RunAllProofsFunctional" time="131.572"/>
  <testcase name="list" classname="de.uka.ilkd.key.proof.runallproofs.RunAllProofsFunctional" time="260.822"/>
  <testcase name="list_ghost" classname="de.uka.ilkd.key.proof.runallproofs.RunAllProofsFunctional" time="65.064"/>
  <testcase name="list_recursive" classname="de.uka.ilkd.key.proof.runallproofs.RunAllProofsFunctional" time="21.375"/>
  <testcase name="list_seq" classname="de.uka.ilkd.key.proof.runallproofs.RunAllProofsFunctional" time="146.909"/>
  <testcase name="observer" classname="de.uka.ilkd.key.proof.runallproofs.RunAllProofsFunctional" time="97.676"/>
  <testcase name="removeDups" classname="de.uka.ilkd.key.proof.runallproofs.RunAllProofsFunctional" time="127.476"/>
  <testcase name="quicksort" classname="de.uka.ilkd.key.proof.runallproofs.RunAllProofsFunctional" time="101.049"/>
  <testcase name="simpleTests" classname="de.uka.ilkd.key.proof.runallproofs.RunAllProofsFunctional" time="145.01"/>
  <testcase name="SmansEtAl" classname="de.uka.ilkd.key.proof.runallproofs.RunAllProofsFunctional" time="186.879"/>
  <testcase name="VACID0" classname="de.uka.ilkd.key.proof.runallproofs.RunAllProofsFunctional" time="73.41"/>
  <testcase name="VSTTE10" classname="de.uka.ilkd.key.proof.runallproofs.RunAllProofsFunctional" time="166.866"/>
  <testcase name="WeideEtAl" classname="de.uka.ilkd.key.proof.runallproofs.RunAllProofsFunctional" time="28.077"/>
  <testcase name="arithmetic" classname="de.uka.ilkd.key.proof.runallproofs.RunAllProofsFunctional" time="481.081"/>
  <testcase name="arrays" classname="de.uka.ilkd.key.proof.runallproofs.RunAllProofsFunctional" time="56.26"/>
  <testcase name="javadl" classname="de.uka.ilkd.key.proof.runallproofs.RunAllProofsFunctional" time="610.603"/>
  <testcase name="FOL" classname="de.uka.ilkd.key.proof.runallproofs.RunAllProofsFunctional" time="262.064"/>
  <testcase name="strings" classname="de.uka.ilkd.key.proof.runallproofs.RunAllProofsFunctional" time="140.093"/>
  <testcase name="simple_info_flow" classname="de.uka.ilkd.key.proof.runallproofs.RunAllProofsFunctional" time="12.883"/>
  <testcase name="modelMethods" classname="de.uka.ilkd.key.proof.runallproofs.RunAllProofsFunctional" time="172.442"/>
  <testcase name="permissionHeap" classname="de.uka.ilkd.key.proof.runallproofs.RunAllProofsFunctional" time="775.878"/>
  <testcase name="completionScopes" classname="de.uka.ilkd.key.proof.runallproofs.RunAllProofsFunctional" time="47.464"/>
  <testcase name="reload_examples" classname="de.uka.ilkd.key.proof.runallproofs.RunAllProofsFunctional" time="40.828"/>
  <testcase name="proofLoadRepair" classname="de.uka.ilkd.key.proof.runallproofs.RunAllProofsFunctional" time="17.512"/>
  <testcase name="switch" classname="de.uka.ilkd.key.proof.runallproofs.RunAllProofsFunctional" time="60.55"/>
  <testcase name="redux" classname="de.uka.ilkd.key.proof.runallproofs.RunAllProofsFunctional" time="126.544"/>
  <system-out><![CDATA[390        WARN  main            d.u.i.k.s.ProofSettings   No proof-settings could be loaded, using defaults java.io.FileNotFoundException: /home/runner/.key/proof-settings.props (No such file or directory)
	at java.base/java.io.FileInputStream.open0(Native Method)

336        WARN  main            d.u.i.k.s.ProofSettings   The settings in /home/runner/.key/proof-settings.props are *not* read. 
414        WARN  main            d.u.i.k.s.ProofSettings   The settings in /home/runner/.key/proof-settings.props are *not* read. 
325        WARN  main            d.u.i.k.s.ProofSettings   The settings in /home/runner/.key/proof-settings.props are *not* read. 
318        WARN  main            d.u.i.k.s.ProofSettings   The settings in /home/runner/.key/proof-settings.props are *not* read. 
327        WARN  main            d.u.i.k.s.ProofSettings   The settings in /home/runner/.key/proof-settings.props are *not* read. 
370        WARN  main            d.u.i.k.s.ProofSettings   The settings in /home/runner/.key/proof-settings.props are *not* read. 
360        WARN  main            d.u.i.k.s.ProofSettings   The settings in /home/runner/.key/proof-settings.props are *not* read. 
364        WARN  main            d.u.i.k.s.ProofSettings   The settings in /home/runner/.key/proof-settings.props are *not* read. 
339        WARN  main            d.u.i.k.s.ProofSettings   The settings in /home/runner/.key/proof-settings.props are *not* read. 
354        WARN  main            d.u.i.k.s.ProofSettings   The settings in /home/runner/.key/proof-settings.props are *not* read. 
369        WARN  main            d.u.i.k.s.ProofSettings   The settings in /home/runner/.key/proof-settings.props are *not* read. 
359        WARN  main            d.u.i.k.s.ProofSettings   The settings in /home/runner/.key/proof-settings.props are *not* read. 
395        WARN  main            d.u.i.k.s.ProofSettings   The settings in /home/runner/.key/proof-settings.props are *not* read. 
340        WARN  main            d.u.i.k.s.ProofSettings   The settings in /home/runner/.key/proof-settings.props are *not* read. 
353        WARN  main            d.u.i.k.s.ProofSettings   The settings in /home/runner/.key/proof-settings.props are *not* read. 
15055      INFO  main            d.u.i.k.m.s.ProofScriptCommand Included script /home/runner/work/key/key/key.core/../key.ui/examples/heap/quicksort/sort.script 
361        WARN  main            d.u.i.k.s.ProofSettings   The settings in /home/runner/.key/proof-settings.props are *not* read. 
337        WARN  main            d.u.i.k.s.ProofSettings   The settings in /home/runner/.key/proof-settings.props are *not* read. 
367        WARN  main            d.u.i.k.s.ProofSettings   The settings in /home/runner/.key/proof-settings.props are *not* read. 
327        WARN  main            d.u.i.k.s.ProofSettings   The settings in /home/runner/.key/proof-settings.props are *not* read. 
321        WARN  main            d.u.i.k.s.ProofSettings   The settings in /home/runner/.key/proof-settings.props are *not* read. 
334        WARN  main            d.u.i.k.s.ProofSettings   The settings in /home/runner/.key/proof-settings.props are *not* read. 
334        WARN  main            d.u.i.k.s.ProofSettings   The settings in /home/runner/.key/proof-settings.props are *not* read. 
374        WARN  main            d.u.i.k.s.ProofSettings   The settings in /home/runner/.key/proof-settings.props are *not* read. 
46698      WARN  main            d.u.i.k.j.r.KeYCrossReferenceNameInfo Datatype java.io.PrintStream declared twice: Once in FILE:/home/runner/work/key/key/key.core/../key.ui/examples/standard_key/java_dl/./classpath/PrintStream.java and once in URL:file:/home/runner/work/key/key/key.core/build/resources/main/de/uka/ilkd/key/java/JavaRedux/java/io/PrintStream.java, Keeping one from URL:file:/home/runner/work/key/key/key.core/build/resources/main/de/uka/ilkd/key/java/JavaRedux/java/io/PrintStream.java 
46698      WARN  main            d.u.i.k.j.r.KeYCrossReferenceNameInfo Datatype java.io.InputStream declared twice: Once in FILE:/home/runner/work/key/key/key.core/../key.ui/examples/standard_key/java_dl/./classpath/InputStream.java and once in URL:file:/home/runner/work/key/key/key.core/build/resources/main/de/uka/ilkd/key/java/JavaRedux/java/io/InputStream.java, Keeping one from URL:file:/home/runner/work/key/key/key.core/build/resources/main/de/uka/ilkd/key/java/JavaRedux/java/io/InputStream.java 
46699      WARN  main            d.u.i.k.j.r.KeYCrossReferenceNameInfo Datatype java.lang.System declared twice: Once in FILE:/home/runner/work/key/key/key.core/../key.ui/examples/standard_key/java_dl/./classpath/System.java and once in URL:file:/home/runner/work/key/key/key.core/build/resources/main/de/uka/ilkd/key/java/JavaRedux/java/lang/System.java, Keeping one from URL:file:/home/runner/work/key/key/key.core/build/resources/main/de/uka/ilkd/key/java/JavaRedux/java/lang/System.java 
49541      WARN  main            d.u.i.k.j.r.KeYCrossReferenceNameInfo Datatype java.io.PrintStream declared twice: Once in FILE:/home/runner/work/key/key/key.core/../key.ui/examples/standard_key/java_dl/classpath/PrintStream.java and once in URL:file:/home/runner/work/key/key/key.core/build/resources/main/de/uka/ilkd/key/java/JavaRedux/java/io/PrintStream.java, Keeping one from URL:file:/home/runner/work/key/key/key.core/build/resources/main/de/uka/ilkd/key/java/JavaRedux/java/io/PrintStream.java 
49541      WARN  main            d.u.i.k.j.r.KeYCrossReferenceNameInfo Datatype java.io.InputStream declared twice: Once in FILE:/home/runner/work/key/key/key.core/../key.ui/examples/standard_key/java_dl/classpath/InputStream.java and once in URL:file:/home/runner/work/key/key/key.core/build/resources/main/de/uka/ilkd/key/java/JavaRedux/java/io/InputStream.java, Keeping one from URL:file:/home/runner/work/key/key/key.core/build/resources/main/de/uka/ilkd/key/java/JavaRedux/java/io/InputStream.java 
49541      WARN  main            d.u.i.k.j.r.KeYCrossReferenceNameInfo Datatype java.lang.System declared twice: Once in FILE:/home/runner/work/key/key/key.core/../key.ui/examples/standard_key/java_dl/classpath/System.java and once in URL:file:/home/runner/work/key/key/key.core/build/resources/main/de/uka/ilkd/key/java/JavaRedux/java/lang/System.java, Keeping one from URL:file:/home/runner/work/key/key/key.core/build/resources/main/de/uka/ilkd/key/java/JavaRedux/java/lang/System.java 
57287      WARN  main            d.u.i.k.j.r.KeYCrossReferenceNameInfo Datatype java.io.PrintStream declared twice: Once in FILE:/home/runner/work/key/key/key.core/../key.ui/examples/standard_key/java_dl/classpath/PrintStream.java and once in URL:file:/home/runner/work/key/key/key.core/build/resources/main/de/uka/ilkd/key/java/JavaRedux/java/io/PrintStream.java, Keeping one from URL:file:/home/runner/work/key/key/key.core/build/resources/main/de/uka/ilkd/key/java/JavaRedux/java/io/PrintStream.java 
57288      WARN  main            d.u.i.k.j.r.KeYCrossReferenceNameInfo Datatype java.io.InputStream declared twice: Once in FILE:/home/runner/work/key/key/key.core/../key.ui/examples/standard_key/java_dl/classpath/InputStream.java and once in URL:file:/home/runner/work/key/key/key.core/build/resources/main/de/uka/ilkd/key/java/JavaRedux/java/io/InputStream.java, Keeping one from URL:file:/home/runner/work/key/key/key.core/build/resources/main/de/uka/ilkd/key/java/JavaRedux/java/io/InputStream.java 
57288      WARN  main            d.u.i.k.j.r.KeYCrossReferenceNameInfo Datatype java.lang.System declared twice: Once in FILE:/home/runner/work/key/key/key.core/../key.ui/examples/standard_key/java_dl/classpath/System.java and once in URL:file:/home/runner/work/key/key/key.core/build/resources/main/de/uka/ilkd/key/java/JavaRedux/java/lang/System.java, Keeping one from URL:file:/home/runner/work/key/key/key.core/build/resources/main/de/uka/ilkd/key/java/JavaRedux/java/lang/System.java 
59987      WARN  main            d.u.i.k.j.r.KeYCrossReferenceNameInfo Datatype java.io.PrintStream declared twice: Once in FILE:/home/runner/work/key/key/key.core/../key.ui/examples/standard_key/java_dl/classpath/PrintStream.java and once in URL:file:/home/runner/work/key/key/key.core/build/resources/main/de/uka/ilkd/key/java/JavaRedux/java/io/PrintStream.java, Keeping one from URL:file:/home/runner/work/key/key/key.core/build/resources/main/de/uka/ilkd/key/java/JavaRedux/java/io/PrintStream.java 
59989      WARN  main            d.u.i.k.j.r.KeYCrossReferenceNameInfo Datatype java.io.InputStream declared twice: Once in FILE:/home/runner/work/key/key/key.core/../key.ui/examples/standard_key/java_dl/classpath/InputStream.java and once in URL:file:/home/runner/work/key/key/key.core/build/resources/main/de/uka/ilkd/key/java/JavaRedux/java/io/InputStream.java, Keeping one from URL:file:/home/runner/work/key/key/key.core/build/resources/main/de/uka/ilkd/key/java/JavaRedux/java/io/InputStream.java 
59989      WARN  main            d.u.i.k.j.r.KeYCrossReferenceNameInfo Datatype java.lang.System declared twice: Once in FILE:/home/runner/work/key/key/key.core/../key.ui/examples/standard_key/java_dl/classpath/System.java and once in URL:file:/home/runner/work/key/key/key.core/build/resources/main/de/uka/ilkd/key/java/JavaRedux/java/lang/System.java, Keeping one from URL:file:/home/runner/work/key/key/key.core/build/resources/main/de/uka/ilkd/key/java/JavaRedux/java/lang/System.java 
80787      WARN  main            d.u.i.k.j.r.KeYCrossReferenceNameInfo Datatype java.io.PrintStream declared twice: Once in FILE:/home/runner/work/key/key/key.core/../key.ui/examples/standard_key/java_dl/classpath/PrintStream.java and once in URL:file:/home/runner/work/key/key/key.core/build/resources/main/de/uka/ilkd/key/java/JavaRedux/java/io/PrintStream.java, Keeping one from URL:file:/home/runner/work/key/key/key.core/build/resources/main/de/uka/ilkd/key/java/JavaRedux/java/io/PrintStream.java 
80787      WARN  main            d.u.i.k.j.r.KeYCrossReferenceNameInfo Datatype java.io.InputStream declared twice: Once in FILE:/home/runner/work/key/key/key.core/../key.ui/examples/standard_key/java_dl/classpath/InputStream.java and once in URL:file:/home/runner/work/key/key/key.core/build/resources/main/de/uka/ilkd/key/java/JavaRedux/java/io/InputStream.java, Keeping one from URL:file:/home/runner/work/key/key/key.core/build/resources/main/de/uka/ilkd/key/java/JavaRedux/java/io/InputStream.java 
80788      WARN  main            d.u.i.k.j.r.KeYCrossReferenceNameInfo Datatype java.lang.System declared twice: Once in FILE:/home/runner/work/key/key/key.core/../key.ui/examples/standard_key/java_dl/classpath/System.java and once in URL:file:/home/runner/work/key/key/key.core/build/resources/main/de/uka/ilkd/key/java/JavaRedux/java/lang/System.java, Keeping one from URL:file:/home/runner/work/key/key/key.core/build/resources/main/de/uka/ilkd/key/java/JavaRedux/java/lang/System.java 
83512      WARN  main            d.u.i.k.j.r.KeYCrossReferenceNameInfo Datatype java.io.PrintStream declared twice: Once in FILE:/home/runner/work/key/key/key.core/../key.ui/examples/standard_key/java_dl/classpath/PrintStream.java and once in URL:file:/home/runner/work/key/key/key.core/build/resources/main/de/uka/ilkd/key/java/JavaRedux/java/io/PrintStream.java, Keeping one from URL:file:/home/runner/work/key/key/key.core/build/resources/main/de/uka/ilkd/key/java/JavaRedux/java/io/PrintStream.java 
83513      WARN  main            d.u.i.k.j.r.KeYCrossReferenceNameInfo Datatype java.io.InputStream declared twice: Once in FILE:/home/runner/work/key/key/key.core/../key.ui/examples/standard_key/java_dl/classpath/InputStream.java and once in URL:file:/home/runner/work/key/key/key.core/build/resources/main/de/uka/ilkd/key/java/JavaRedux/java/io/InputStream.java, Keeping one from URL:file:/home/runner/work/key/key/key.core/build/resources/main/de/uka/ilkd/key/java/JavaRedux/java/io/InputStream.java 
83513      WARN  main            d.u.i.k.j.r.KeYCrossReferenceNameInfo Datatype java.lang.System declared twice: Once in FILE:/home/runner/work/key/key/key.core/../key.ui/examples/standard_key/java_dl/classpath/System.java and once in URL:file:/home/runner/work/key/key/key.core/build/resources/main/de/uka/ilkd/key/java/JavaRedux/java/lang/System.java, Keeping one from URL:file:/home/runner/work/key/key/key.core/build/resources/main/de/uka/ilkd/key/java/JavaRedux/java/lang/System.java 
85905      WARN  main            d.u.i.k.j.r.KeYCrossReferenceNameInfo Datatype java.io.PrintStream declared twice: Once in FILE:/home/runner/work/key/key/key.core/../key.ui/examples/standard_key/java_dl/classpath/PrintStream.java and once in URL:file:/home/runner/work/key/key/key.core/build/resources/main/de/uka/ilkd/key/java/JavaRedux/java/io/PrintStream.java, Keeping one from URL:file:/home/runner/work/key/key/key.core/build/resources/main/de/uka/ilkd/key/java/JavaRedux/java/io/PrintStream.java 
85906      WARN  main            d.u.i.k.j.r.KeYCrossReferenceNameInfo Datatype java.io.InputStream declared twice: Once in FILE:/home/runner/work/key/key/key.core/../key.ui/examples/standard_key/java_dl/classpath/InputStream.java and once in URL:file:/home/runner/work/key/key/key.core/build/resources/main/de/uka/ilkd/key/java/JavaRedux/java/io/InputStream.java, Keeping one from URL:file:/home/runner/work/key/key/key.core/build/resources/main/de/uka/ilkd/key/java/JavaRedux/java/io/InputStream.java 
85906      WARN  main            d.u.i.k.j.r.KeYCrossReferenceNameInfo Datatype java.lang.System declared twice: Once in FILE:/home/runner/work/key/key/key.core/../key.ui/examples/standard_key/java_dl/classpath/System.java and once in URL:file:/home/runner/work/key/key/key.core/build/resources/main/de/uka/ilkd/key/java/JavaRedux/java/lang/System.java, Keeping one from URL:file:/home/runner/work/key/key/key.core/build/resources/main/de/uka/ilkd/key/java/JavaRedux/java/lang/System.java 
88726      WARN  main            d.u.i.k.j.r.KeYCrossReferenceNameInfo Datatype java.io.PrintStream declared twice: Once in FILE:/home/runner/work/key/key/key.core/../key.ui/examples/standard_key/java_dl/classpath/PrintStream.java and once in URL:file:/home/runner/work/key/key/key.core/build/resources/main/de/uka/ilkd/key/java/JavaRedux/java/io/PrintStream.java, Keeping one from URL:file:/home/runner/work/key/key/key.core/build/resources/main/de/uka/ilkd/key/java/JavaRedux/java/io/PrintStream.java 
88727      WARN  main            d.u.i.k.j.r.KeYCrossReferenceNameInfo Datatype java.io.InputStream declared twice: Once in FILE:/home/runner/work/key/key/key.core/../key.ui/examples/standard_key/java_dl/classpath/InputStream.java and once in URL:file:/home/runner/work/key/key/key.core/build/resources/main/de/uka/ilkd/key/java/JavaRedux/java/io/InputStream.java, Keeping one from URL:file:/home/runner/work/key/key/key.core/build/resources/main/de/uka/ilkd/key/java/JavaRedux/java/io/InputStream.java 
88727      WARN  main            d.u.i.k.j.r.KeYCrossReferenceNameInfo Datatype java.lang.System declared twice: Once in FILE:/home/runner/work/key/key/key.core/../key.ui/examples/standard_key/java_dl/classpath/System.java and once in URL:file:/home/runner/work/key/key/key.core/build/resources/main/de/uka/ilkd/key/java/JavaRedux/java/lang/System.java, Keeping one from URL:file:/home/runner/work/key/key/key.core/build/resources/main/de/uka/ilkd/key/java/JavaRedux/java/lang/System.java 
125350     WARN  main            d.u.i.k.j.r.KeYCrossReferenceNameInfo Datatype java.io.PrintStream declared twice: Once in FILE:/home/runner/work/key/key/key.core/../key.ui/examples/standard_key/java_dl/classpath/PrintStream.java and once in URL:file:/home/runner/work/key/key/key.core/build/resources/main/de/uka/ilkd/key/java/JavaRedux/java/io/PrintStream.java, Keeping one from URL:file:/home/runner/work/key/key/key.core/build/resources/main/de/uka/ilkd/key/java/JavaRedux/java/io/PrintStream.java 
125350     WARN  main            d.u.i.k.j.r.KeYCrossReferenceNameInfo Datatype java.io.InputStream declared twice: Once in FILE:/home/runner/work/key/key/key.core/../key.ui/examples/standard_key/java_dl/classpath/InputStream.java and once in URL:file:/home/runner/work/key/key/key.core/build/resources/main/de/uka/ilkd/key/java/JavaRedux/java/io/InputStream.java, Keeping one from URL:file:/home/runner/work/key/key/key.core/build/resources/main/de/uka/ilkd/key/java/JavaRedux/java/io/InputStream.java 
125351     WARN  main            d.u.i.k.j.r.KeYCrossReferenceNameInfo Datatype java.lang.System declared twice: Once in FILE:/home/runner/work/key/key/key.core/../key.ui/examples/standard_key/java_dl/classpath/System.java and once in URL:file:/home/runner/work/key/key/key.core/build/resources/main/de/uka/ilkd/key/java/JavaRedux/java/lang/System.java, Keeping one from URL:file:/home/runner/work/key/key/key.core/build/resources/main/de/uka/ilkd/key/java/JavaRedux/java/lang/System.java 
128310     WARN  main            d.u.i.k.j.r.KeYCrossReferenceNameInfo Datatype java.io.PrintStream declared twice: Once in FILE:/home/runner/work/key/key/key.core/../key.ui/examples/standard_key/java_dl/classpath/PrintStream.java and once in URL:file:/home/runner/work/key/key/key.core/build/resources/main/de/uka/ilkd/key/java/JavaRedux/java/io/PrintStream.java, Keeping one from URL:file:/home/runner/work/key/key/key.core/build/resources/main/de/uka/ilkd/key/java/JavaRedux/java/io/PrintStream.java 
128311     WARN  main            d.u.i.k.j.r.KeYCrossReferenceNameInfo Datatype java.io.InputStream declared twice: Once in FILE:/home/runner/work/key/key/key.core/../key.ui/examples/standard_key/java_dl/classpath/InputStream.java and once in URL:file:/home/runner/work/key/key/key.core/build/resources/main/de/uka/ilkd/key/java/JavaRedux/java/io/InputStream.java, Keeping one from URL:file:/home/runner/work/key/key/key.core/build/resources/main/de/uka/ilkd/key/java/JavaRedux/java/io/InputStream.java 
128311     WARN  main            d.u.i.k.j.r.KeYCrossReferenceNameInfo Datatype java.lang.System declared twice: Once in FILE:/home/runner/work/key/key/key.core/../key.ui/examples/standard_key/java_dl/classpath/System.java and once in URL:file:/home/runner/work/key/key/key.core/build/resources/main/de/uka/ilkd/key/java/JavaRedux/java/lang/System.java, Keeping one from URL:file:/home/runner/work/key/key/key.core/build/resources/main/de/uka/ilkd/key/java/JavaRedux/java/lang/System.java 
140822     WARN  main            d.u.i.k.j.r.KeYCrossReferenceNameInfo Datatype java.io.PrintStream declared twice: Once in FILE:/home/runner/work/key/key/key.core/../key.ui/examples/standard_key/java_dl/classpath/PrintStream.java and once in URL:file:/home/runner/work/key/key/key.core/build/resources/main/de/uka/ilkd/key/java/JavaRedux/java/io/PrintStream.java, Keeping one from URL:file:/home/runner/work/key/key/key.core/build/resources/main/de/uka/ilkd/key/java/JavaRedux/java/io/PrintStream.java 
140824     WARN  main            d.u.i.k.j.r.KeYCrossReferenceNameInfo Datatype java.io.InputStream declared twice: Once in FILE:/home/runner/work/key/key/key.core/../key.ui/examples/standard_key/java_dl/classpath/InputStream.java and once in URL:file:/home/runner/work/key/key/key.core/build/resources/main/de/uka/ilkd/key/java/JavaRedux/java/io/InputStream.java, Keeping one from URL:file:/home/runner/work/key/key/key.core/build/resources/main/de/uka/ilkd/key/java/JavaRedux/java/io/InputStream.java 
140824     WARN  main            d.u.i.k.j.r.KeYCrossReferenceNameInfo Datatype java.lang.System declared twice: Once in FILE:/home/runner/work/key/key/key.core/../key.ui/examples/standard_key/java_dl/classpath/System.java and once in URL:file:/home/runner/work/key/key/key.core/build/resources/main/de/uka/ilkd/key/java/JavaRedux/java/lang/System.java, Keeping one from URL:file:/home/runner/work/key/key/key.core/build/resources/main/de/uka/ilkd/key/java/JavaRedux/java/lang/System.java 
143577     WARN  main            d.u.i.k.j.r.KeYCrossReferenceNameInfo Datatype java.io.PrintStream declared twice: Once in FILE:/home/runner/work/key/key/key.core/../key.ui/examples/standard_key/java_dl/classpath/PrintStream.java and once in URL:file:/home/runner/work/key/key/key.core/build/resources/main/de/uka/ilkd/key/java/JavaRedux/java/io/PrintStream.java, Keeping one from URL:file:/home/runner/work/key/key/key.core/build/resources/main/de/uka/ilkd/key/java/JavaRedux/java/io/PrintStream.java 
143578     WARN  main            d.u.i.k.j.r.KeYCrossReferenceNameInfo Datatype java.io.InputStream declared twice: Once in FILE:/home/runner/work/key/key/key.core/../key.ui/examples/standard_key/java_dl/classpath/InputStream.java and once in URL:file:/home/runner/work/key/key/key.core/build/resources/main/de/uka/ilkd/key/java/JavaRedux/java/io/InputStream.java, Keeping one from URL:file:/home/runner/work/key/key/key.core/build/resources/main/de/uka/ilkd/key/java/JavaRedux/java/io/InputStream.java 
143578     WARN  main            d.u.i.k.j.r.KeYCrossReferenceNameInfo Datatype java.lang.System declared twice: Once in FILE:/home/runner/work/key/key/key.core/../key.ui/examples/standard_key/java_dl/classpath/System.java and once in URL:file:/home/runner/work/key/key/key.core/build/resources/main/de/uka/ilkd/key/java/JavaRedux/java/lang/System.java, Keeping one from URL:file:/home/runner/work/key/key/key.core/build/resources/main/de/uka/ilkd/key/java/JavaRedux/java/lang/System.java 
398137     WARN  main            d.u.i.k.j.r.KeYCrossReferenceNameInfo Datatype java.io.PrintStream declared twice: Once in FILE:/home/runner/work/key/key/key.core/../key.ui/examples/standard_key/java_dl/./classpath/PrintStream.java and once in URL:file:/home/runner/work/key/key/key.core/build/resources/main/de/uka/ilkd/key/java/JavaRedux/java/io/PrintStream.java, Keeping one from URL:file:/home/runner/work/key/key/key.core/build/resources/main/de/uka/ilkd/key/java/JavaRedux/java/io/PrintStream.java 
398138     WARN  main            d.u.i.k.j.r.KeYCrossReferenceNameInfo Datatype java.io.InputStream declared twice: Once in FILE:/home/runner/work/key/key/key.core/../key.ui/examples/standard_key/java_dl/./classpath/InputStream.java and once in URL:file:/home/runner/work/key/key/key.core/build/resources/main/de/uka/ilkd/key/java/JavaRedux/java/io/InputStream.java, Keeping one from URL:file:/home/runner/work/key/key/key.core/build/resources/main/de/uka/ilkd/key/java/JavaRedux/java/io/InputStream.java 
398138     WARN  main            d.u.i.k.j.r.KeYCrossReferenceNameInfo Datatype java.lang.System declared twice: Once in FILE:/home/runner/work/key/key/key.core/../key.ui/examples/standard_key/java_dl/./classpath/System.java and once in URL:file:/home/runner/work/key/key/key.core/build/resources/main/de/uka/ilkd/key/java/JavaRedux/java/lang/System.java, Keeping one from URL:file:/home/runner/work/key/key/key.core/build/resources/main/de/uka/ilkd/key/java/JavaRedux/java/lang/System.java 
404950     WARN  main            d.u.i.k.j.r.KeYCrossReferenceNameInfo Datatype java.io.PrintStream declared twice: Once in FILE:/home/runner/work/key/key/key.core/../key.ui/examples/standard_key/java_dl/classpath/PrintStream.java and once in URL:file:/home/runner/work/key/key/key.core/build/resources/main/de/uka/ilkd/key/java/JavaRedux/java/io/PrintStream.java, Keeping one from URL:file:/home/runner/work/key/key/key.core/build/resources/main/de/uka/ilkd/key/java/JavaRedux/java/io/PrintStream.java 
404950     WARN  main            d.u.i.k.j.r.KeYCrossReferenceNameInfo Datatype java.io.InputStream declared twice: Once in FILE:/home/runner/work/key/key/key.core/../key.ui/examples/standard_key/java_dl/classpath/InputStream.java and once in URL:file:/home/runner/work/key/key/key.core/build/resources/main/de/uka/ilkd/key/java/JavaRedux/java/io/InputStream.java, Keeping one from URL:file:/home/runner/work/key/key/key.core/build/resources/main/de/uka/ilkd/key/java/JavaRedux/java/io/InputStream.java 
404951     WARN  main            d.u.i.k.j.r.KeYCrossReferenceNameInfo Datatype java.lang.System declared twice: Once in FILE:/home/runner/work/key/key/key.core/../key.ui/examples/standard_key/java_dl/classpath/System.java and once in URL:file:/home/runner/work/key/key/key.core/build/resources/main/de/uka/ilkd/key/java/JavaRedux/java/lang/System.java, Keeping one from URL:file:/home/runner/work/key/key/key.core/build/resources/main/de/uka/ilkd/key/java/JavaRedux/java/lang/System.java 
407928     WARN  main            d.u.i.k.j.r.KeYCrossReferenceNameInfo Datatype java.io.PrintStream declared twice: Once in FILE:/home/runner/work/key/key/key.core/../key.ui/examples/standard_key/java_dl/classpath/PrintStream.java and once in URL:file:/home/runner/work/key/key/key.core/build/resources/main/de/uka/ilkd/key/java/JavaRedux/java/io/PrintStream.java, Keeping one from URL:file:/home/runner/work/key/key/key.core/build/resources/main/de/uka/ilkd/key/java/JavaRedux/java/io/PrintStream.java 
407928     WARN  main            d.u.i.k.j.r.KeYCrossReferenceNameInfo Datatype java.io.InputStream declared twice: Once in FILE:/home/runner/work/key/key/key.core/../key.ui/examples/standard_key/java_dl/classpath/InputStream.java and once in URL:file:/home/runner/work/key/key/key.core/build/resources/main/de/uka/ilkd/key/java/JavaRedux/java/io/InputStream.java, Keeping one from URL:file:/home/runner/work/key/key/key.core/build/resources/main/de/uka/ilkd/key/java/JavaRedux/java/io/InputStream.java 
407928     WARN  main            d.u.i.k.j.r.KeYCrossReferenceNameInfo Datatype java.lang.System declared twice: Once in FILE:/home/runner/work/key/key/key.core/../key.ui/examples/standard_key/java_dl/classpath/System.java and once in URL:file:/home/runner/work/key/key/key.core/build/resources/main/de/uka/ilkd/key/java/JavaRedux/java/lang/System.java, Keeping one from URL:file:/home/runner/work/key/key/key.core/build/resources/main/de/uka/ilkd/key/java/JavaRedux/java/lang/System.java 
412173     WARN  main            d.u.i.k.j.r.KeYCrossReferenceNameInfo Datatype java.io.PrintStream declared twice: Once in FILE:/home/runner/work/key/key/key.core/../key.ui/examples/standard_key/java_dl/classpath/PrintStream.java and once in URL:file:/home/runner/work/key/key/key.core/build/resources/main/de/uka/ilkd/key/java/JavaRedux/java/io/PrintStream.java, Keeping one from URL:file:/home/runner/work/key/key/key.core/build/resources/main/de/uka/ilkd/key/java/JavaRedux/java/io/PrintStream.java 
412174     WARN  main            d.u.i.k.j.r.KeYCrossReferenceNameInfo Datatype java.io.InputStream declared twice: Once in FILE:/home/runner/work/key/key/key.core/../key.ui/examples/standard_key/java_dl/classpath/InputStream.java and once in URL:file:/home/runner/work/key/key/key.core/build/resources/main/de/uka/ilkd/key/java/JavaRedux/java/io/InputStream.java, Keeping one from URL:file:/home/runner/work/key/key/key.core/build/resources/main/de/uka/ilkd/key/java/JavaRedux/java/io/InputStream.java 
412174     WARN  main            d.u.i.k.j.r.KeYCrossReferenceNameInfo Datatype java.lang.System declared twice: Once in FILE:/home/runner/work/key/key/key.core/../key.ui/examples/standard_key/java_dl/classpath/System.java and once in URL:file:/home/runner/work/key/key/key.core/build/resources/main/de/uka/ilkd/key/java/JavaRedux/java/lang/System.java, Keeping one from URL:file:/home/runner/work/key/key/key.core/build/resources/main/de/uka/ilkd/key/java/JavaRedux/java/lang/System.java 
536452     WARN  main            d.u.i.k.j.r.KeYCrossReferenceNameInfo Datatype java.io.PrintStream declared twice: Once in FILE:/home/runner/work/key/key/key.core/../key.ui/examples/standard_key/java_dl/classpath/PrintStream.java and once in URL:file:/home/runner/work/key/key/key.core/build/resources/main/de/uka/ilkd/key/java/JavaRedux/java/io/PrintStream.java, Keeping one from URL:file:/home/runner/work/key/key/key.core/build/resources/main/de/uka/ilkd/key/java/JavaRedux/java/io/PrintStream.java 
536454     WARN  main            d.u.i.k.j.r.KeYCrossReferenceNameInfo Datatype java.io.InputStream declared twice: Once in FILE:/home/runner/work/key/key/key.core/../key.ui/examples/standard_key/java_dl/classpath/InputStream.java and once in URL:file:/home/runner/work/key/key/key.core/build/resources/main/de/uka/ilkd/key/java/JavaRedux/java/io/InputStream.java, Keeping one from URL:file:/home/runner/work/key/key/key.core/build/resources/main/de/uka/ilkd/key/java/JavaRedux/java/io/InputStream.java 
536455     WARN  main            d.u.i.k.j.r.KeYCrossReferenceNameInfo Datatype java.lang.System declared twice: Once in FILE:/home/runner/work/key/key/key.core/../key.ui/examples/standard_key/java_dl/classpath/System.java and once in URL:file:/home/runner/work/key/key/key.core/build/resources/main/de/uka/ilkd/key/java/JavaRedux/java/lang/System.java, Keeping one from URL:file:/home/runner/work/key/key/key.core/build/resources/main/de/uka/ilkd/key/java/JavaRedux/java/lang/System.java 
539628     WARN  main            d.u.i.k.j.r.KeYCrossReferenceNameInfo Datatype java.io.PrintStream declared twice: Once in FILE:/home/runner/work/key/key/key.core/../key.ui/examples/standard_key/java_dl/classpath/PrintStream.java and once in URL:file:/home/runner/work/key/key/key.core/build/resources/main/de/uka/ilkd/key/java/JavaRedux/java/io/PrintStream.java, Keeping one from URL:file:/home/runner/work/key/key/key.core/build/resources/main/de/uka/ilkd/key/java/JavaRedux/java/io/PrintStream.java 
539631     WARN  main            d.u.i.k.j.r.KeYCrossReferenceNameInfo Datatype java.io.InputStream declared twice: Once in FILE:/home/runner/work/key/key/key.core/../key.ui/examples/standard_key/java_dl/classpath/InputStream.java and once in URL:file:/home/runner/work/key/key/key.core/build/resources/main/de/uka/ilkd/key/java/JavaRedux/java/io/InputStream.java, Keeping one from URL:file:/home/runner/work/key/key/key.core/build/resources/main/de/uka/ilkd/key/java/JavaRedux/java/io/InputStream.java 
539632     WARN  main            d.u.i.k.j.r.KeYCrossReferenceNameInfo Datatype java.lang.System declared twice: Once in FILE:/home/runner/work/key/key/key.core/../key.ui/examples/standard_key/java_dl/classpath/System.java and once in URL:file:/home/runner/work/key/key/key.core/build/resources/main/de/uka/ilkd/key/java/JavaRedux/java/lang/System.java, Keeping one from URL:file:/home/runner/work/key/key/key.core/build/resources/main/de/uka/ilkd/key/java/JavaRedux/java/lang/System.java 
542018     WARN  main            d.u.i.k.j.r.KeYCrossReferenceNameInfo Datatype java.io.PrintStream declared twice: Once in FILE:/home/runner/work/key/key/key.core/../key.ui/examples/standard_key/staticInitialisation/classpath/PrintStream.java and once in URL:file:/home/runner/work/key/key/key.core/build/resources/main/de/uka/ilkd/key/java/JavaRedux/java/io/PrintStream.java, Keeping one from URL:file:/home/runner/work/key/key/key.core/build/resources/main/de/uka/ilkd/key/java/JavaRedux/java/io/PrintStream.java 
542018     WARN  main            d.u.i.k.j.r.KeYCrossReferenceNameInfo Datatype java.lang.System declared twice: Once in FILE:/home/runner/work/key/key/key.core/../key.ui/examples/standard_key/staticInitialisation/classpath/System.java and once in URL:file:/home/runner/work/key/key/key.core/build/resources/main/de/uka/ilkd/key/java/JavaRedux/java/lang/System.java, Keeping one from URL:file:/home/runner/work/key/key/key.core/build/resources/main/de/uka/ilkd/key/java/JavaRedux/java/lang/System.java 
545521     WARN  main            d.u.i.k.j.r.KeYCrossReferenceNameInfo Datatype java.io.PrintStream declared twice: Once in FILE:/home/runner/work/key/key/key.core/../key.ui/examples/standard_key/staticInitialisation/classpath/PrintStream.java and once in URL:file:/home/runner/work/key/key/key.core/build/resources/main/de/uka/ilkd/key/java/JavaRedux/java/io/PrintStream.java, Keeping one from URL:file:/home/runner/work/key/key/key.core/build/resources/main/de/uka/ilkd/key/java/JavaRedux/java/io/PrintStream.java 
545522     WARN  main            d.u.i.k.j.r.KeYCrossReferenceNameInfo Datatype java.lang.System declared twice: Once in FILE:/home/runner/work/key/key/key.core/../key.ui/examples/standard_key/staticInitialisation/classpath/System.java and once in URL:file:/home/runner/work/key/key/key.core/build/resources/main/de/uka/ilkd/key/java/JavaRedux/java/lang/System.java, Keeping one from URL:file:/home/runner/work/key/key/key.core/build/resources/main/de/uka/ilkd/key/java/JavaRedux/java/lang/System.java 
547975     WARN  main            d.u.i.k.j.r.KeYCrossReferenceNameInfo Datatype java.io.PrintStream declared twice: Once in FILE:/home/runner/work/key/key/key.core/../key.ui/examples/standard_key/staticInitialisation/classpath/PrintStream.java and once in URL:file:/home/runner/work/key/key/key.core/build/resources/main/de/uka/ilkd/key/java/JavaRedux/java/io/PrintStream.java, Keeping one from URL:file:/home/runner/work/key/key/key.core/build/resources/main/de/uka/ilkd/key/java/JavaRedux/java/io/PrintStream.java 
547975     WARN  main            d.u.i.k.j.r.KeYCrossReferenceNameInfo Datatype java.lang.System declared twice: Once in FILE:/home/runner/work/key/key/key.core/../key.ui/examples/standard_key/staticInitialisation/classpath/System.java and once in URL:file:/home/runner/work/key/key/key.core/build/resources/main/de/uka/ilkd/key/java/JavaRedux/java/lang/System.java, Keeping one from URL:file:/home/runner/work/key/key/key.core/build/resources/main/de/uka/ilkd/key/java/JavaRedux/java/lang/System.java 
550901     WARN  main            d.u.i.k.j.r.KeYCrossReferenceNameInfo Datatype java.io.PrintStream declared twice: Once in FILE:/home/runner/work/key/key/key.core/../key.ui/examples/standard_key/staticInitialisation/classpath/PrintStream.java and once in URL:file:/home/runner/work/key/key/key.core/build/resources/main/de/uka/ilkd/key/java/JavaRedux/java/io/PrintStream.java, Keeping one from URL:file:/home/runner/work/key/key/key.core/build/resources/main/de/uka/ilkd/key/java/JavaRedux/java/io/PrintStream.java 
550902     WARN  main            d.u.i.k.j.r.KeYCrossReferenceNameInfo Datatype java.lang.System declared twice: Once in FILE:/home/runner/work/key/key/key.core/../key.ui/examples/standard_key/staticInitialisation/classpath/System.java and once in URL:file:/home/runner/work/key/key/key.core/build/resources/main/de/uka/ilkd/key/java/JavaRedux/java/lang/System.java, Keeping one from URL:file:/home/runner/work/key/key/key.core/build/resources/main/de/uka/ilkd/key/java/JavaRedux/java/lang/System.java 
553207     WARN  main            d.u.i.k.j.r.KeYCrossReferenceNameInfo Datatype java.io.PrintStream declared twice: Once in FILE:/home/runner/work/key/key/key.core/../key.ui/examples/standard_key/staticInitialisation/classpath/PrintStream.java and once in URL:file:/home/runner/work/key/key/key.core/build/resources/main/de/uka/ilkd/key/java/JavaRedux/java/io/PrintStream.java, Keeping one from URL:file:/home/runner/work/key/key/key.core/build/resources/main/de/uka/ilkd/key/java/JavaRedux/java/io/PrintStream.java 
553209     WARN  main            d.u.i.k.j.r.KeYCrossReferenceNameInfo Datatype java.lang.System declared twice: Once in FILE:/home/runner/work/key/key/key.core/../key.ui/examples/standard_key/staticInitialisation/classpath/System.java and once in URL:file:/home/runner/work/key/key/key.core/build/resources/main/de/uka/ilkd/key/java/JavaRedux/java/lang/System.java, Keeping one from URL:file:/home/runner/work/key/key/key.core/build/resources/main/de/uka/ilkd/key/java/JavaRedux/java/lang/System.java 
556105     WARN  main            d.u.i.k.j.r.KeYCrossReferenceNameInfo Datatype java.io.PrintStream declared twice: Once in FILE:/home/runner/work/key/key/key.core/../key.ui/examples/standard_key/staticInitialisation/classpath/PrintStream.java and once in URL:file:/home/runner/work/key/key/key.core/build/resources/main/de/uka/ilkd/key/java/JavaRedux/java/io/PrintStream.java, Keeping one from URL:file:/home/runner/work/key/key/key.core/build/resources/main/de/uka/ilkd/key/java/JavaRedux/java/io/PrintStream.java 
556105     WARN  main            d.u.i.k.j.r.KeYCrossReferenceNameInfo Datatype java.lang.System declared twice: Once in FILE:/home/runner/work/key/key/key.core/../key.ui/examples/standard_key/staticInitialisation/classpath/System.java and once in URL:file:/home/runner/work/key/key/key.core/build/resources/main/de/uka/ilkd/key/java/JavaRedux/java/lang/System.java, Keeping one from URL:file:/home/runner/work/key/key/key.core/build/resources/main/de/uka/ilkd/key/java/JavaRedux/java/lang/System.java 
558400     WARN  main            d.u.i.k.j.r.KeYCrossReferenceNameInfo Datatype java.io.PrintStream declared twice: Once in FILE:/home/runner/work/key/key/key.core/../key.ui/examples/standard_key/staticInitialisation/classpath/PrintStream.java and once in URL:file:/home/runner/work/key/key/key.core/build/resources/main/de/uka/ilkd/key/java/JavaRedux/java/io/PrintStream.java, Keeping one from URL:file:/home/runner/work/key/key/key.core/build/resources/main/de/uka/ilkd/key/java/JavaRedux/java/io/PrintStream.java 
558400     WARN  main            d.u.i.k.j.r.KeYCrossReferenceNameInfo Datatype java.lang.System declared twice: Once in FILE:/home/runner/work/key/key/key.core/../key.ui/examples/standard_key/staticInitialisation/classpath/System.java and once in URL:file:/home/runner/work/key/key/key.core/build/resources/main/de/uka/ilkd/key/java/JavaRedux/java/lang/System.java, Keeping one from URL:file:/home/runner/work/key/key/key.core/build/resources/main/de/uka/ilkd/key/java/JavaRedux/java/lang/System.java 
561408     WARN  main            d.u.i.k.j.r.KeYCrossReferenceNameInfo Datatype java.io.PrintStream declared twice: Once in FILE:/home/runner/work/key/key/key.core/../key.ui/examples/standard_key/staticInitialisation/classpath/PrintStream.java and once in URL:file:/home/runner/work/key/key/key.core/build/resources/main/de/uka/ilkd/key/java/JavaRedux/java/io/PrintStream.java, Keeping one from URL:file:/home/runner/work/key/key/key.core/build/resources/main/de/uka/ilkd/key/java/JavaRedux/java/io/PrintStream.java 
561409     WARN  main            d.u.i.k.j.r.KeYCrossReferenceNameInfo Datatype java.lang.System declared twice: Once in FILE:/home/runner/work/key/key/key.core/../key.ui/examples/standard_key/staticInitialisation/classpath/System.java and once in URL:file:/home/runner/work/key/key/key.core/build/resources/main/de/uka/ilkd/key/java/JavaRedux/java/lang/System.java, Keeping one from URL:file:/home/runner/work/key/key/key.core/build/resources/main/de/uka/ilkd/key/java/JavaRedux/java/lang/System.java 
563767     WARN  main            d.u.i.k.j.r.KeYCrossReferenceNameInfo Datatype java.io.PrintStream declared twice: Once in FILE:/home/runner/work/key/key/key.core/../key.ui/examples/standard_key/staticInitialisation/classpath/PrintStream.java and once in URL:file:/home/runner/work/key/key/key.core/build/resources/main/de/uka/ilkd/key/java/JavaRedux/java/io/PrintStream.java, Keeping one from URL:file:/home/runner/work/key/key/key.core/build/resources/main/de/uka/ilkd/key/java/JavaRedux/java/io/PrintStream.java 
563767     WARN  main            d.u.i.k.j.r.KeYCrossReferenceNameInfo Datatype java.lang.System declared twice: Once in FILE:/home/runner/work/key/key/key.core/../key.ui/examples/standard_key/staticInitialisation/classpath/System.java and once in URL:file:/home/runner/work/key/key/key.core/build/resources/main/de/uka/ilkd/key/java/JavaRedux/java/lang/System.java, Keeping one from URL:file:/home/runner/work/key/key/key.core/build/resources/main/de/uka/ilkd/key/java/JavaRedux/java/lang/System.java 
566784     WARN  main            d.u.i.k.j.r.KeYCrossReferenceNameInfo Datatype java.io.PrintStream declared twice: Once in FILE:/home/runner/work/key/key/key.core/../key.ui/examples/standard_key/staticInitialisation/classpath/PrintStream.java and once in URL:file:/home/runner/work/key/key/key.core/build/resources/main/de/uka/ilkd/key/java/JavaRedux/java/io/PrintStream.java, Keeping one from URL:file:/home/runner/work/key/key/key.core/build/resources/main/de/uka/ilkd/key/java/JavaRedux/java/io/PrintStream.java 
566785     WARN  main            d.u.i.k.j.r.KeYCrossReferenceNameInfo Datatype java.lang.System declared twice: Once in FILE:/home/runner/work/key/key/key.core/../key.ui/examples/standard_key/staticInitialisation/classpath/System.java and once in URL:file:/home/runner/work/key/key/key.core/build/resources/main/de/uka/ilkd/key/java/JavaRedux/java/lang/System.java, Keeping one from URL:file:/home/runner/work/key/key/key.core/build/resources/main/de/uka/ilkd/key/java/JavaRedux/java/lang/System.java 
569134     WARN  main            d.u.i.k.j.r.KeYCrossReferenceNameInfo Datatype java.io.PrintStream declared twice: Once in FILE:/home/runner/work/key/key/key.core/../key.ui/examples/standard_key/staticInitialisation/classpath/PrintStream.java and once in URL:file:/home/runner/work/key/key/key.core/build/resources/main/de/uka/ilkd/key/java/JavaRedux/java/io/PrintStream.java, Keeping one from URL:file:/home/runner/work/key/key/key.core/build/resources/main/de/uka/ilkd/key/java/JavaRedux/java/io/PrintStream.java 
569135     WARN  main            d.u.i.k.j.r.KeYCrossReferenceNameInfo Datatype java.lang.System declared twice: Once in FILE:/home/runner/work/key/key/key.core/../key.ui/examples/standard_key/staticInitialisation/classpath/System.java and once in URL:file:/home/runner/work/key/key/key.core/build/resources/main/de/uka/ilkd/key/java/JavaRedux/java/lang/System.java, Keeping one from URL:file:/home/runner/work/key/key/key.core/build/resources/main/de/uka/ilkd/key/java/JavaRedux/java/lang/System.java 
583908     WARN  main            d.u.i.k.j.r.KeYCrossReferenceNameInfo Datatype java.io.PrintStream declared twice: Once in FILE:/home/runner/work/key/key/key.core/../key.ui/examples/standard_key/staticInitialisation/classpath/PrintStream.java and once in URL:file:/home/runner/work/key/key/key.core/build/resources/main/de/uka/ilkd/key/java/JavaRedux/java/io/PrintStream.java, Keeping one from URL:file:/home/runner/work/key/key/key.core/build/resources/main/de/uka/ilkd/key/java/JavaRedux/java/io/PrintStream.java 
583909     WARN  main            d.u.i.k.j.r.KeYCrossReferenceNameInfo Datatype java.lang.System declared twice: Once in FILE:/home/runner/work/key/key/key.core/../key.ui/examples/standard_key/staticInitialisation/classpath/System.java and once in URL:file:/home/runner/work/key/key/key.core/build/resources/main/de/uka/ilkd/key/java/JavaRedux/java/lang/System.java, Keeping one from URL:file:/home/runner/work/key/key/key.core/build/resources/main/de/uka/ilkd/key/java/JavaRedux/java/lang/System.java 
588235     WARN  main            d.u.i.k.j.r.KeYCrossReferenceNameInfo Datatype java.io.PrintStream declared twice: Once in FILE:/home/runner/work/key/key/key.core/../key.ui/examples/standard_key/staticInitialisation/classpath/PrintStream.java and once in URL:file:/home/runner/work/key/key/key.core/build/resources/main/de/uka/ilkd/key/java/JavaRedux/java/io/PrintStream.java, Keeping one from URL:file:/home/runner/work/key/key/key.core/build/resources/main/de/uka/ilkd/key/java/JavaRedux/java/io/PrintStream.java 
588239     WARN  main            d.u.i.k.j.r.KeYCrossReferenceNameInfo Datatype java.lang.System declared twice: Once in FILE:/home/runner/work/key/key/key.core/../key.ui/examples/standard_key/staticInitialisation/classpath/System.java and once in URL:file:/home/runner/work/key/key/key.core/build/resources/main/de/uka/ilkd/key/java/JavaRedux/java/lang/System.java, Keeping one from URL:file:/home/runner/work/key/key/key.core/build/resources/main/de/uka/ilkd/key/java/JavaRedux/java/lang/System.java 
591448     WARN  main            d.u.i.k.j.r.KeYCrossReferenceNameInfo Datatype java.io.PrintStream declared twice: Once in FILE:/home/runner/work/key/key/key.core/../key.ui/examples/standard_key/staticInitialisation/classpath/PrintStream.java and once in URL:file:/home/runner/work/key/key/key.core/build/resources/main/de/uka/ilkd/key/java/JavaRedux/java/io/PrintStream.java, Keeping one from URL:file:/home/runner/work/key/key/key.core/build/resources/main/de/uka/ilkd/key/java/JavaRedux/java/io/PrintStream.java 
591449     WARN  main            d.u.i.k.j.r.KeYCrossReferenceNameInfo Datatype java.lang.System declared twice: Once in FILE:/home/runner/work/key/key/key.core/../key.ui/examples/standard_key/staticInitialisation/classpath/System.java and once in URL:file:/home/runner/work/key/key/key.core/build/resources/main/de/uka/ilkd/key/java/JavaRedux/java/lang/System.java, Keeping one from URL:file:/home/runner/work/key/key/key.core/build/resources/main/de/uka/ilkd/key/java/JavaRedux/java/lang/System.java 
599022     WARN  main            d.u.i.k.j.r.KeYCrossReferenceNameInfo Datatype cp.C declared twice: Once in FILE:/home/runner/work/key/key/key.core/../key.ui/examples/../../key.core/src/test/resources/testcase/classpath/classpath/C.class and once in FILE:/home/runner/work/key/key/key.core/../key.ui/examples/../../key.core/src/test/resources/testcase/classpath/classpath/C.jml, Keeping one from FILE:/home/runner/work/key/key/key.core/../key.ui/examples/../../key.core/src/test/resources/testcase/classpath/classpath/C.jml 
602065     WARN  main            d.u.i.k.j.r.KeYCrossReferenceNameInfo Datatype cp.C declared twice: Once in FILE:/home/runner/work/key/key/key.core/../key.ui/examples/../../key.core/src/test/resources/testcase/classpath/classpath/C.class and once in FILE:/home/runner/work/key/key/key.core/../key.ui/examples/../../key.core/src/test/resources/testcase/classpath/classpath/C.jml, Keeping one from FILE:/home/runner/work/key/key/key.core/../key.ui/examples/../../key.core/src/test/resources/testcase/classpath/classpath/C.jml 
365        WARN  main            d.u.i.k.s.ProofSettings   The settings in /home/runner/.key/proof-settings.props are *not* read. 
375        WARN  main            d.u.i.k.s.ProofSettings   The settings in /home/runner/.key/proof-settings.props are *not* read. 
329        WARN  main            d.u.i.k.s.ProofSettings   The settings in /home/runner/.key/proof-settings.props are *not* read. 
391        WARN  main            d.u.i.k.s.ProofSettings   The settings in /home/runner/.key/proof-settings.props are *not* read. 
336        WARN  main            d.u.i.k.s.ProofSettings   The settings in /home/runner/.key/proof-settings.props are *not* read. 
775582     WARN  main            d.u.i.k.p.i.IntermediateProofReplayer Proof contains wrong number of \assumes instatiations for Definition_axiom_for_stateInv_in_Plotter 
775584     WARN  main            d.u.i.k.p.i.IntermediateProofReplayer Proof contains wrong number of \assumes instatiations for Definition_axiom_for_stateInv_in_Plotter 
775585     WARN  main            d.u.i.k.p.i.IntermediateProofReplayer Proof contains wrong number of \assumes instatiations for Definition_axiom_for_workingPermissions_in_Plotter 
775586     WARN  main            d.u.i.k.p.i.IntermediateProofReplayer Proof contains wrong number of \assumes instatiations for Definition_axiom_for_staticPermissions_in_Plotter 
775588     WARN  main            d.u.i.k.p.i.IntermediateProofReplayer Proof contains wrong number of \assumes instatiations for Definition_axiom_for_joinTransfer_in_Plotter 
775590     WARN  main            d.u.i.k.p.i.IntermediateProofReplayer Proof contains wrong number of \assumes instatiations for Definition_axiom_for_stateInv_in_BFilter 
775599     WARN  main            d.u.i.k.p.i.IntermediateProofReplayer Proof contains wrong number of \assumes instatiations for Definition_axiom_for_stateInv_in_AFilter 
775601     WARN  main            d.u.i.k.p.i.IntermediateProofReplayer Proof contains wrong number of \assumes instatiations for Definition_axiom_for_stateInv_in_BFilter 
775603     WARN  main            d.u.i.k.p.i.IntermediateProofReplayer Proof contains wrong number of \assumes instatiations for Definition_axiom_for_stateInv_in_AFilter 
775605     WARN  main            d.u.i.k.p.i.IntermediateProofReplayer Proof contains wrong number of \assumes instatiations for Definition_axiom_for_staticPermissions_in_AFilter 
775606     WARN  main            d.u.i.k.p.i.IntermediateProofReplayer Proof contains wrong number of \assumes instatiations for Definition_axiom_for_staticPermissions_in_Plotter 
775607     WARN  main            d.u.i.k.p.i.IntermediateProofReplayer Proof contains wrong number of \assumes instatiations for Definition_axiom_for_staticPermissions_in_BFilter 
775609     WARN  main            d.u.i.k.p.i.IntermediateProofReplayer Proof contains wrong number of \assumes instatiations for Definition_axiom_for_workingPermissions_in_Plotter 
775609     WARN  main            d.u.i.k.p.i.IntermediateProofReplayer Proof contains wrong number of \assumes instatiations for Definition_axiom_for_stateInv_in_Sampler 
775610     WARN  main            d.u.i.k.p.i.IntermediateProofReplayer Proof contains wrong number of \assumes instatiations for Definition_axiom_for_stateInv_in_Sampler 
775612     WARN  main            d.u.i.k.p.i.IntermediateProofReplayer Proof contains wrong number of \assumes instatiations for Definition_axiom_for_staticPermissions_in_Sampler 
775613     WARN  main            d.u.i.k.p.i.IntermediateProofReplayer Proof contains wrong number of \assumes instatiations for Definition_axiom_for_staticPermissions_in_BFilter 
775614     WARN  main            d.u.i.k.p.i.IntermediateProofReplayer Proof contains wrong number of \assumes instatiations for Definition_axiom_for_staticPermissions_in_AFilter 
775617     WARN  main            d.u.i.k.p.i.IntermediateProofReplayer Proof contains wrong number of \assumes instatiations for Definition_axiom_for_staticPermissions_in_Sampler 
775618     WARN  main            d.u.i.k.p.i.IntermediateProofReplayer Proof contains wrong number of \assumes instatiations for Definition_axiom_for_staticPermissions_in_Sampler 
775619     WARN  main            d.u.i.k.p.i.IntermediateProofReplayer Proof contains wrong number of \assumes instatiations for Definition_axiom_for_staticPermissions_in_Sampler 
775620     WARN  main            d.u.i.k.p.i.IntermediateProofReplayer Proof contains wrong number of \assumes instatiations for Definition_axiom_for_joinTransfer_in_Plotter 
369        WARN  main            d.u.i.k.s.ProofSettings   The settings in /home/runner/.key/proof-settings.props are *not* read. 
324        WARN  main            d.u.i.k.s.ProofSettings   The settings in /home/runner/.key/proof-settings.props are *not* read. 
314        WARN  main            d.u.i.k.s.ProofSettings   The settings in /home/runner/.key/proof-settings.props are *not* read. 
7573       WARN  main            d.u.i.k.p.i.IntermediateProofReplayer Proof contains wrong number of \assumes instatiations for andLeft 
7579       WARN  main            d.u.i.k.p.i.IntermediateProofReplayer Proof contains wrong number of \assumes instatiations for replace_known_right 
7585       WARN  main            d.u.i.k.p.i.IntermediateProofReplayer Proof contains wrong number of \assumes instatiations for close 
10309      WARN  main            d.u.i.k.p.i.IntermediateProofReplayer Proof contains wrong number of \assumes instatiations for applyEq 
10319      INFO  main            d.u.i.k.p.r.p.TestFile    ... success: loading failed 
12689      INFO  main            d.u.i.k.p.r.p.TestFile    ... success: loading failed 
15055      INFO  main            d.u.i.k.p.r.p.TestFile    ... success: loading failed 
17338      INFO  main            d.u.i.k.p.r.p.TestFile    ... success: loading failed 
388        WARN  main            d.u.i.k.s.ProofSettings   The settings in /home/runner/.key/proof-settings.props are *not* read. 
349        WARN  main            d.u.i.k.s.ProofSettings   The settings in /home/runner/.key/proof-settings.props are *not* read. 
25382      INFO  main            d.u.i.k.m.s.SMTCommand    Finished run on goal 17 in 43ms, result is valid 
51026      INFO  main            d.u.i.k.m.s.SMTCommand    Finished run on goal 27 in 29ms, result is valid 
]]></system-out>
  <system-err><![CDATA[]]></system-err>
</testsuite>
