<?xml version="1.0" encoding="UTF-8"?>
<testsuite name="de.uka.ilkd.key.proof_references.testcase.TestProofReferenceUtil" tests="5" skipped="0" failures="0" errors="0" timestamp="2023-01-31T14:53:37" hostname="fv-az576-473" time="21.445">
  <properties/>
  <testcase name="testReferenceComputation_ContractOnly()" classname="de.uka.ilkd.key.proof_references.testcase.TestProofReferenceUtil" time="7.335"/>
  <testcase name="testReferenceComputation_ExpandAndContract()" classname="de.uka.ilkd.key.proof_references.testcase.TestProofReferenceUtil" time="3.583"/>
  <testcase name="testReferenceComputation_NoAnalysts()" classname="de.uka.ilkd.key.proof_references.testcase.TestProofReferenceUtil" time="3.525"/>
  <testcase name="testReferenceComputation_ExpandOnly()" classname="de.uka.ilkd.key.proof_references.testcase.TestProofReferenceUtil" time="3.376"/>
  <testcase name="testReferenceComputation_DefaultAnalysts()" classname="de.uka.ilkd.key.proof_references.testcase.TestProofReferenceUtil" time="3.62"/>
  <system-out><![CDATA[]]></system-out>
  <system-err><![CDATA[]]></system-err>
</testsuite>
