<?xml version="1.0" encoding="UTF-8"?>
<testsuite name="recoder.testsuite.transformation.TransformationTests" tests="3" skipped="3" failures="0" errors="0" timestamp="2023-03-08T10:37:35" hostname="fv-az361-123" time="0.005">
  <properties/>
  <testcase name="testReadOnly()" classname="recoder.testsuite.transformation.TransformationTests" time="0.001">
    <skipped/>
  </testcase>
  <testcase name="testDefaultConstructorReferences1()" classname="recoder.testsuite.transformation.TransformationTests" time="0.0">
    <skipped/>
  </testcase>
  <testcase name="testDefaultConstructorReferences2()" classname="recoder.testsuite.transformation.TransformationTests" time="0.0">
    <skipped/>
  </testcase>
  <system-out><![CDATA[]]></system-out>
  <system-err><![CDATA[]]></system-err>
</testsuite>
